<?xml version="1.0" encoding="UTF-8" ?>
<testsuite errors="0" failures="0" hostname="travis-job-7053d4b9-daea-4b23-be7a-798762ff9c53" name="ptolemy.domains.continuous.test.junit.JUnitTclTest" skipped="0" tests="156" time="78.098" timestamp="2019-11-09T06:13:53">
  <properties>
[...]
</properties>
  <testcase classname="ptolemy.util.test.junit.TclTests" name="[0] ThereAreNoTclTests (RunTclFile)" time="0.009" />
  <testcase classname="ptolemy.util.test.junit.AutoKnownFailedTests" name="[0] ThereAreNoKnowFailedTests (RunModel)" time="0.002" />
  <testcase classname="ptolemy.util.test.junit.AutoNameArchTests" name="[0] ThereAreNoAutoArchTests (RunModel)" time="0.026" />
  <testcase classname="ptolemy.util.test.junit.AutoTests" name="[0] /home/travis/build/icyphy/ptII/ptolemy/domains/continuous/test/auto/BouncingBall.xml (RunModel)" time="3.325" />
  <testcase classname="ptolemy.util.test.junit.AutoTests" name="[1] /home/travis/build/icyphy/ptII/ptolemy/domains/continuous/test/auto/BouncingBallWithoutGR.xml (RunModel)" time="1.022" />
  <testcase classname="ptolemy.util.test.junit.AutoTests" name="[2] /home/travis/build/icyphy/ptII/ptolemy/domains/continuous/test/auto/Brownian.xml (RunModel)" time="0.093" />
  <testcase classname="ptolemy.util.test.junit.AutoTests" name="[3] /home/travis/build/icyphy/ptII/ptolemy/domains/continuous/test/auto/CarTracking.xml (RunModel)" time="4.323" />
  <testcase classname="ptolemy.util.test.junit.AutoTests" name="[4] /home/travis/build/icyphy/ptII/ptolemy/domains/continuous/test/auto/CartPendulum.xml (RunModel)" time="0.533" />
  <testcase classname="ptolemy.util.test.junit.AutoTests" name="[5] /home/travis/build/icyphy/ptII/ptolemy/domains/continuous/test/auto/CausalityInterface10.xml (RunModel)" time="0.066" />
  <testcase classname="ptolemy.util.test.junit.AutoTests" name="[6] /home/travis/build/icyphy/ptII/ptolemy/domains/continuous/test/auto/CausalityInterface11.xml (RunModel)" time="0.036" />
  <testcase classname="ptolemy.util.test.junit.AutoTests" name="[7] /home/travis/build/icyphy/ptII/ptolemy/domains/continuous/test/auto/CausalityInterface12.xml (RunModel)" time="0.038" />
  <testcase classname="ptolemy.util.test.junit.AutoTests" name="[8] /home/travis/build/icyphy/ptII/ptolemy/domains/continuous/test/auto/CausalityInterface13.xml (RunModel)" time="0.034" />
  <testcase classname="ptolemy.util.test.junit.AutoTests" name="[9] /home/travis/build/icyphy/ptII/ptolemy/domains/continuous/test/auto/CausalityInterface14.xml (RunModel)" time="0.029" />
  <testcase classname="ptolemy.util.test.junit.AutoTests" name="[10] /home/travis/build/icyphy/ptII/ptolemy/domains/continuous/test/auto/CausalityInterface4.xml (RunModel)" time="0.035" />
  <testcase classname="ptolemy.util.test.junit.AutoTests" name="[11] /home/travis/build/icyphy/ptII/ptolemy/domains/continuous/test/auto/CausalityInterface5.xml (RunModel)" time="0.037" />
  <testcase classname="ptolemy.util.test.junit.AutoTests" name="[12] /home/travis/build/icyphy/ptII/ptolemy/domains/continuous/test/auto/CausalityInterface6.xml (RunModel)" time="0.026" />
  <testcase classname="ptolemy.util.test.junit.AutoTests" name="[13] /home/travis/build/icyphy/ptII/ptolemy/domains/continuous/test/auto/CausalityInterface7.xml (RunModel)" time="0.039" />
  <testcase classname="ptolemy.util.test.junit.AutoTests" name="[14] /home/travis/build/icyphy/ptII/ptolemy/domains/continuous/test/auto/CausalityInterface8.xml (RunModel)" time="0.045" />
  <testcase classname="ptolemy.util.test.junit.AutoTests" name="[15] /home/travis/build/icyphy/ptII/ptolemy/domains/continuous/test/auto/CausalityInterface9.xml (RunModel)" time="0.055" />
  <testcase classname="ptolemy.util.test.junit.AutoTests" name="[16] /home/travis/build/icyphy/ptII/ptolemy/domains/continuous/test/auto/CausalityInterfaceFeedback1.xml (RunModel)" time="0.03" />
  <testcase classname="ptolemy.util.test.junit.AutoTests" name="[17] /home/travis/build/icyphy/ptII/ptolemy/domains/continuous/test/auto/CausalityInterfaceFeedback2.xml (RunModel)" time="0.036" />
  <testcase classname="ptolemy.util.test.junit.AutoTests" name="[18] /home/travis/build/icyphy/ptII/ptolemy/domains/continuous/test/auto/CompareWithCurrentTime.xml (RunModel)" time="0.024" />
  <testcase classname="ptolemy.util.test.junit.AutoTests" name="[19] /home/travis/build/icyphy/ptII/ptolemy/domains/continuous/test/auto/ComparedClocks.xml (RunModel)" time="0.077" />
  <testcase classname="ptolemy.util.test.junit.AutoTests" name="[20] /home/travis/build/icyphy/ptII/ptolemy/domains/continuous/test/auto/ContinuousAOCClone.xml (RunModel)" time="2.855" />
  <testcase classname="ptolemy.util.test.junit.AutoTests" name="[21] /home/travis/build/icyphy/ptII/ptolemy/domains/continuous/test/auto/ContinuousClock.xml (RunModel)" time="0.096" />
  <testcase classname="ptolemy.util.test.junit.AutoTests" name="[22] /home/travis/build/icyphy/ptII/ptolemy/domains/continuous/test/auto/ContinuousInContinuous.xml (RunModel)" time="0.101" />
  <testcase classname="ptolemy.util.test.junit.AutoTests" name="[23] /home/travis/build/icyphy/ptII/ptolemy/domains/continuous/test/auto/ContinuousInContinuousInContinuous.xml (RunModel)" time="0.026" />
  <testcase classname="ptolemy.util.test.junit.AutoTests" name="[24] /home/travis/build/icyphy/ptII/ptolemy/domains/continuous/test/auto/ContinuousInDE.xml (RunModel)" time="0.107" />
  <testcase classname="ptolemy.util.test.junit.AutoTests" name="[25] /home/travis/build/icyphy/ptII/ptolemy/domains/continuous/test/auto/ContinuousInDE2.xml (RunModel)" time="0.063" />
  <testcase classname="ptolemy.util.test.junit.AutoTests" name="[26] /home/travis/build/icyphy/ptII/ptolemy/domains/continuous/test/auto/ContinuousInDE3.xml (RunModel)" time="0.051" />
  <testcase classname="ptolemy.util.test.junit.AutoTests" name="[27] /home/travis/build/icyphy/ptII/ptolemy/domains/continuous/test/auto/ContinuousInDE4.xml (RunModel)" time="0.042" />
  <testcase classname="ptolemy.util.test.junit.AutoTests" name="[28] /home/travis/build/icyphy/ptII/ptolemy/domains/continuous/test/auto/ContinuousInDEDifferentRefinements.xml (RunModel)" time="0.1" />
  <testcase classname="ptolemy.util.test.junit.AutoTests" name="[29] /home/travis/build/icyphy/ptII/ptolemy/domains/continuous/test/auto/ContinuousInDEDifferentRefinementsPreemptive.xml (RunModel)" time="0.087" />
  <testcase classname="ptolemy.util.test.junit.AutoTests" name="[30] /home/travis/build/icyphy/ptII/ptolemy/domains/continuous/test/auto/ContinuousInDEInContinuous2.xml (RunModel)" time="0.064" />
  <testcase classname="ptolemy.util.test.junit.AutoTests" name="[31] /home/travis/build/icyphy/ptII/ptolemy/domains/continuous/test/auto/ContinuousInDEInContinuous3.xml (RunModel)" time="0.063" />
  <testcase classname="ptolemy.util.test.junit.AutoTests" name="[32] /home/travis/build/icyphy/ptII/ptolemy/domains/continuous/test/auto/ContinuousInDEInput.xml (RunModel)" time="0.036" />
  <testcase classname="ptolemy.util.test.junit.AutoTests" name="[33] /home/travis/build/icyphy/ptII/ptolemy/domains/continuous/test/auto/ContinuousInDEInput2.xml (RunModel)" time="0.037" />
  <testcase classname="ptolemy.util.test.junit.AutoTests" name="[34] /home/travis/build/icyphy/ptII/ptolemy/domains/continuous/test/auto/ContinuousInDEInput3.xml (RunModel)" time="0.031" />
  <testcase classname="ptolemy.util.test.junit.AutoTests" name="[35] /home/travis/build/icyphy/ptII/ptolemy/domains/continuous/test/auto/ContinuousInDESharingRefinement.xml (RunModel)" time="0.188" />
  <testcase classname="ptolemy.util.test.junit.AutoTests" name="[36] /home/travis/build/icyphy/ptII/ptolemy/domains/continuous/test/auto/ContinuousInDEwithNoPorts.xml (RunModel)" time="0.02" />
  <testcase classname="ptolemy.util.test.junit.AutoTests" name="[37] /home/travis/build/icyphy/ptII/ptolemy/domains/continuous/test/auto/ContinuousInsideDE.xml (RunModel)" time="0.09" />
  <testcase classname="ptolemy.util.test.junit.AutoTests" name="[38] /home/travis/build/icyphy/ptII/ptolemy/domains/continuous/test/auto/ContinuousMerge1.xml (RunModel)" time="0.017" />
  <testcase classname="ptolemy.util.test.junit.AutoTests" name="[39] /home/travis/build/icyphy/ptII/ptolemy/domains/continuous/test/auto/ContinuousMerge2.xml (RunModel)" time="0.051" />
  <testcase classname="ptolemy.util.test.junit.AutoTests" name="[40] /home/travis/build/icyphy/ptII/ptolemy/domains/continuous/test/auto/ContinuousMerge3.xml (RunModel)" time="0.079" />
  <testcase classname="ptolemy.util.test.junit.AutoTests" name="[41] /home/travis/build/icyphy/ptII/ptolemy/domains/continuous/test/auto/ContinuousWithinContinuous.xml (RunModel)" time="0.057" />
  <testcase classname="ptolemy.util.test.junit.AutoTests" name="[42] /home/travis/build/icyphy/ptII/ptolemy/domains/continuous/test/auto/ContinuousWithinContinuous2.xml (RunModel)" time="0.089" />
  <testcase classname="ptolemy.util.test.junit.AutoTests" name="[43] /home/travis/build/icyphy/ptII/ptolemy/domains/continuous/test/auto/ContinuousWithinContinuous3.xml (RunModel)" time="0.032" />
  <testcase classname="ptolemy.util.test.junit.AutoTests" name="[44] /home/travis/build/icyphy/ptII/ptolemy/domains/continuous/test/auto/ContinuousWithinContinuous4.xml (RunModel)" time="0.096" />
  <testcase classname="ptolemy.util.test.junit.AutoTests" name="[45] /home/travis/build/icyphy/ptII/ptolemy/domains/continuous/test/auto/ContinuousWithinContinuous5.xml (RunModel)" time="0.035" />
  <testcase classname="ptolemy.util.test.junit.AutoTests" name="[46] /home/travis/build/icyphy/ptII/ptolemy/domains/continuous/test/auto/ContinuousWithinContinuous6.xml (RunModel)" time="0.027" />
  <testcase classname="ptolemy.util.test.junit.AutoTests" name="[47] /home/travis/build/icyphy/ptII/ptolemy/domains/continuous/test/auto/ContinuousWithinContinuous7.xml (RunModel)" time="0.071" />
  <testcase classname="ptolemy.util.test.junit.AutoTests" name="[48] /home/travis/build/icyphy/ptII/ptolemy/domains/continuous/test/auto/DCMotor.xml (RunModel)" time="13.983" />
  <testcase classname="ptolemy.util.test.junit.AutoTests" name="[49] /home/travis/build/icyphy/ptII/ptolemy/domains/continuous/test/auto/DEInContinuous.xml (RunModel)" time="0.035" />
  <testcase classname="ptolemy.util.test.junit.AutoTests" name="[50] /home/travis/build/icyphy/ptII/ptolemy/domains/continuous/test/auto/DEinContinuous2.xml (RunModel)" time="0.038" />
  <testcase classname="ptolemy.util.test.junit.AutoTests" name="[51] /home/travis/build/icyphy/ptII/ptolemy/domains/continuous/test/auto/Derivative.xml (RunModel)" time="0.235" />
  <testcase classname="ptolemy.util.test.junit.AutoTests" name="[52] /home/travis/build/icyphy/ptII/ptolemy/domains/continuous/test/auto/Derivative1.xml (RunModel)" time="0.049" />
  <testcase classname="ptolemy.util.test.junit.AutoTests" name="[53] /home/travis/build/icyphy/ptII/ptolemy/domains/continuous/test/auto/DiscreteClock.xml (RunModel)" time="0.013" />
  <testcase classname="ptolemy.util.test.junit.AutoTests" name="[54] /home/travis/build/icyphy/ptII/ptolemy/domains/continuous/test/auto/EfficiencyCurve.xml (RunModel)" time="0.077" />
  <testcase classname="ptolemy.util.test.junit.AutoTests" name="[55] /home/travis/build/icyphy/ptII/ptolemy/domains/continuous/test/auto/ExponentialResponse.xml (RunModel)" time="0.138" />
  <testcase classname="ptolemy.util.test.junit.AutoTests" name="[56] /home/travis/build/icyphy/ptII/ptolemy/domains/continuous/test/auto/ExponentialResponseRK45.xml (RunModel)" time="0.038" />
  <testcase classname="ptolemy.util.test.junit.AutoTests" name="[57] /home/travis/build/icyphy/ptII/ptolemy/domains/continuous/test/auto/Friction.xml (RunModel)" time="1.577" />
  <testcase classname="ptolemy.util.test.junit.AutoTests" name="[58] /home/travis/build/icyphy/ptII/ptolemy/domains/continuous/test/auto/FurutaPendulum.xml (RunModel)" time="3.711" />
  <testcase classname="ptolemy.util.test.junit.AutoTests" name="[59] /home/travis/build/icyphy/ptII/ptolemy/domains/continuous/test/auto/HierarchicalExecution.xml (RunModel)" time="2.177" />
  <testcase classname="ptolemy.util.test.junit.AutoTests" name="[60] /home/travis/build/icyphy/ptII/ptolemy/domains/continuous/test/auto/HybridPlant.xml (RunModel)" time="0.594" />
  <testcase classname="ptolemy.util.test.junit.AutoTests" name="[61] /home/travis/build/icyphy/ptII/ptolemy/domains/continuous/test/auto/Hysteresis.xml (RunModel)" time="0.219" />
  <testcase classname="ptolemy.util.test.junit.AutoTests" name="[62] /home/travis/build/icyphy/ptII/ptolemy/domains/continuous/test/auto/HysteresisWithRandomDelay.xml (RunModel)" time="0.224" />
  <testcase classname="ptolemy.util.test.junit.AutoTests" name="[63] /home/travis/build/icyphy/ptII/ptolemy/domains/continuous/test/auto/HysteresisWithRandomLosses.xml (RunModel)" time="2.467" />
  <testcase classname="ptolemy.util.test.junit.AutoTests" name="[64] /home/travis/build/icyphy/ptII/ptolemy/domains/continuous/test/auto/ImmediateTransitions.xml (RunModel)" time="0.038" />
  <testcase classname="ptolemy.util.test.junit.AutoTests" name="[65] /home/travis/build/icyphy/ptII/ptolemy/domains/continuous/test/auto/ImpulseFeedback.xml (RunModel)" time="0.021" />
  <testcase classname="ptolemy.util.test.junit.AutoTests" name="[66] /home/travis/build/icyphy/ptII/ptolemy/domains/continuous/test/auto/ImpulseFeedback2.xml (RunModel)" time="0.017" />
  <testcase classname="ptolemy.util.test.junit.AutoTests" name="[67] /home/travis/build/icyphy/ptII/ptolemy/domains/continuous/test/auto/IncreasingRatePoisson.xml (RunModel)" time="0.698" />
  <testcase classname="ptolemy.util.test.junit.AutoTests" name="[68] /home/travis/build/icyphy/ptII/ptolemy/domains/continuous/test/auto/InitialStateFeedback.xml (RunModel)" time="0.022" />
  <testcase classname="ptolemy.util.test.junit.AutoTests" name="[69] /home/travis/build/icyphy/ptII/ptolemy/domains/continuous/test/auto/Integration.xml (RunModel)" time="0.013" />
  <testcase classname="ptolemy.util.test.junit.AutoTests" name="[70] /home/travis/build/icyphy/ptII/ptolemy/domains/continuous/test/auto/Integration2.xml (RunModel)" time="0.1" />
  <testcase classname="ptolemy.util.test.junit.AutoTests" name="[71] /home/travis/build/icyphy/ptII/ptolemy/domains/continuous/test/auto/Integration3.xml (RunModel)" time="0.014" />
  <testcase classname="ptolemy.util.test.junit.AutoTests" name="[72] /home/travis/build/icyphy/ptII/ptolemy/domains/continuous/test/auto/Integration5.xml (RunModel)" time="0.009" />
  <testcase classname="ptolemy.util.test.junit.AutoTests" name="[73] /home/travis/build/icyphy/ptII/ptolemy/domains/continuous/test/auto/IntegratorImpulse.xml (RunModel)" time="0.01" />
  <testcase classname="ptolemy.util.test.junit.AutoTests" name="[74] /home/travis/build/icyphy/ptII/ptolemy/domains/continuous/test/auto/IntegratorImpulse2.xml (RunModel)" time="0.018" />
  <testcase classname="ptolemy.util.test.junit.AutoTests" name="[75] /home/travis/build/icyphy/ptII/ptolemy/domains/continuous/test/auto/LevelCrossing1.xml (RunModel)" time="0.012" />
  <testcase classname="ptolemy.util.test.junit.AutoTests" name="[76] /home/travis/build/icyphy/ptII/ptolemy/domains/continuous/test/auto/LevelCrossing2.xml (RunModel)" time="0.012" />
  <testcase classname="ptolemy.util.test.junit.AutoTests" name="[77] /home/travis/build/icyphy/ptII/ptolemy/domains/continuous/test/auto/LevelCrossing3.xml (RunModel)" time="0.01" />
  <testcase classname="ptolemy.util.test.junit.AutoTests" name="[78] /home/travis/build/icyphy/ptII/ptolemy/domains/continuous/test/auto/LevelCrossing4.xml (RunModel)" time="0.016" />
  <testcase classname="ptolemy.util.test.junit.AutoTests" name="[79] /home/travis/build/icyphy/ptII/ptolemy/domains/continuous/test/auto/LevelCrossing5.xml (RunModel)" time="0.015" />
  <testcase classname="ptolemy.util.test.junit.AutoTests" name="[80] /home/travis/build/icyphy/ptII/ptolemy/domains/continuous/test/auto/LevelCrossing6.xml (RunModel)" time="0.013" />
  <testcase classname="ptolemy.util.test.junit.AutoTests" name="[81] /home/travis/build/icyphy/ptII/ptolemy/domains/continuous/test/auto/LevelCrossingDetector.xml (RunModel)" time="0.04" />
  <testcase classname="ptolemy.util.test.junit.AutoTests" name="[82] /home/travis/build/icyphy/ptII/ptolemy/domains/continuous/test/auto/LevelCrossingDetectorDetectingDirections.xml (RunModel)" time="0.083" />
  <testcase classname="ptolemy.util.test.junit.AutoTests" name="[83] /home/travis/build/icyphy/ptII/ptolemy/domains/continuous/test/auto/LevelCrossingDetectorDetectsGlitches.xml (RunModel)" time="0.058" />
  <testcase classname="ptolemy.util.test.junit.AutoTests" name="[84] /home/travis/build/icyphy/ptII/ptolemy/domains/continuous/test/auto/LevelCrossingNoInitialOuput.xml (RunModel)" time="0.014" />
  <testcase classname="ptolemy.util.test.junit.AutoTests" name="[85] /home/travis/build/icyphy/ptII/ptolemy/domains/continuous/test/auto/LinearStateSpaceExample.xml (RunModel)" time="0.068" />
  <testcase classname="ptolemy.util.test.junit.AutoTests" name="[86] /home/travis/build/icyphy/ptII/ptolemy/domains/continuous/test/auto/Lorenz.xml (RunModel)" time="4.371" />
  <testcase classname="ptolemy.util.test.junit.AutoTests" name="[87] /home/travis/build/icyphy/ptII/ptolemy/domains/continuous/test/auto/LorenzDifferentialSystem.xml (RunModel)" time="1.0" />
  <testcase classname="ptolemy.util.test.junit.AutoTests" name="[88] /home/travis/build/icyphy/ptII/ptolemy/domains/continuous/test/auto/LorenzDifferentialSystemWithInput.xml (RunModel)" time="1.398" />
  <testcase classname="ptolemy.util.test.junit.AutoTests" name="[89] /home/travis/build/icyphy/ptII/ptolemy/domains/continuous/test/auto/LorenzDifferentialSystemWithTime.xml (RunModel)" time="0.847" />
  <testcase classname="ptolemy.util.test.junit.AutoTests" name="[90] /home/travis/build/icyphy/ptII/ptolemy/domains/continuous/test/auto/Microsteps.xml (RunModel)" time="0.039" />
  <testcase classname="ptolemy.util.test.junit.AutoTests" name="[91] /home/travis/build/icyphy/ptII/ptolemy/domains/continuous/test/auto/Modal1.xml (RunModel)" time="0.042" />
  <testcase classname="ptolemy.util.test.junit.AutoTests" name="[92] /home/travis/build/icyphy/ptII/ptolemy/domains/continuous/test/auto/Modal2.xml (RunModel)" time="0.056" />
  <testcase classname="ptolemy.util.test.junit.AutoTests" name="[93] /home/travis/build/icyphy/ptII/ptolemy/domains/continuous/test/auto/ModalTransitionGuardWithReset.xml (RunModel)" time="0.026" />
  <testcase classname="ptolemy.util.test.junit.AutoTests" name="[94] /home/travis/build/icyphy/ptII/ptolemy/domains/continuous/test/auto/ModalTransitionGuardWithResetUsingPreemptiveTransition.xml (RunModel)" time="0.036" />
  <testcase classname="ptolemy.util.test.junit.AutoTests" name="[95] /home/travis/build/icyphy/ptII/ptolemy/domains/continuous/test/auto/ModalTransitionGuardWithResetUsingPreemptiveTransition2.xml (RunModel)" time="0.031" />
  <testcase classname="ptolemy.util.test.junit.AutoTests" name="[96] /home/travis/build/icyphy/ptII/ptolemy/domains/continuous/test/auto/ModalTransitionGuardWithResetUsingPreemptiveTransition3.xml (RunModel)" time="0.025" />
  <testcase classname="ptolemy.util.test.junit.AutoTests" name="[97] /home/travis/build/icyphy/ptII/ptolemy/domains/continuous/test/auto/NewtonsCradle.xml (RunModel)" time="0.85" />
  <testcase classname="ptolemy.util.test.junit.AutoTests" name="[98] /home/travis/build/icyphy/ptII/ptolemy/domains/continuous/test/auto/NewtonsCradleAnimated.xml (RunModel)" time="1.392" />
  <testcase classname="ptolemy.util.test.junit.AutoTests" name="[99] /home/travis/build/icyphy/ptII/ptolemy/domains/continuous/test/auto/NewtonsCradleComplicated.xml (RunModel)" time="0.963" />
  <testcase classname="ptolemy.util.test.junit.AutoTests" name="[100] /home/travis/build/icyphy/ptII/ptolemy/domains/continuous/test/auto/NewtonsCradleNondeterministic.xml (RunModel)" time="0.656" />
  <testcase classname="ptolemy.util.test.junit.AutoTests" name="[101] /home/travis/build/icyphy/ptII/ptolemy/domains/continuous/test/auto/NewtonsCradlePerfectlyInelastic1.xml (RunModel)" time="1.317" />
  <testcase classname="ptolemy.util.test.junit.AutoTests" name="[102] /home/travis/build/icyphy/ptII/ptolemy/domains/continuous/test/auto/Noise.xml (RunModel)" time="0.196" />
  <testcase classname="ptolemy.util.test.junit.AutoTests" name="[103] /home/travis/build/icyphy/ptII/ptolemy/domains/continuous/test/auto/NoiseSpectrum.xml (RunModel)" time="0.859" />
  <testcase classname="ptolemy.util.test.junit.AutoTests" name="[104] /home/travis/build/icyphy/ptII/ptolemy/domains/continuous/test/auto/ParameterizedNewtonsCradleAnimated.xml (RunModel)" time="0.399" />
  <testcase classname="ptolemy.util.test.junit.AutoTests" name="[105] /home/travis/build/icyphy/ptII/ptolemy/domains/continuous/test/auto/ParameterizedNewtonsCradleAnimatedNondeterministic.xml (RunModel)" time="1.22" />
  <testcase classname="ptolemy.util.test.junit.AutoTests" name="[106] /home/travis/build/icyphy/ptII/ptolemy/domains/continuous/test/auto/Pendulum3D.xml (RunModel)" time="0.218" />
  <testcase classname="ptolemy.util.test.junit.AutoTests" name="[107] /home/travis/build/icyphy/ptII/ptolemy/domains/continuous/test/auto/PeriodicSampler.xml (RunModel)" time="0.012" />
  <testcase classname="ptolemy.util.test.junit.AutoTests" name="[108] /home/travis/build/icyphy/ptII/ptolemy/domains/continuous/test/auto/PeriodicSampler1.xml (RunModel)" time="0.051" />
  <testcase classname="ptolemy.util.test.junit.AutoTests" name="[109] /home/travis/build/icyphy/ptII/ptolemy/domains/continuous/test/auto/PeriodicSampler2.xml (RunModel)" time="0.101" />
  <testcase classname="ptolemy.util.test.junit.AutoTests" name="[110] /home/travis/build/icyphy/ptII/ptolemy/domains/continuous/test/auto/Poisson.xml (RunModel)" time="0.543" />
  <testcase classname="ptolemy.util.test.junit.AutoTests" name="[111] /home/travis/build/icyphy/ptII/ptolemy/domains/continuous/test/auto/PoissonClock.xml (RunModel)" time="0.016" />
  <testcase classname="ptolemy.util.test.junit.AutoTests" name="[112] /home/travis/build/icyphy/ptII/ptolemy/domains/continuous/test/auto/PoissonClock2.xml (RunModel)" time="0.012" />
  <testcase classname="ptolemy.util.test.junit.AutoTests" name="[113] /home/travis/build/icyphy/ptII/ptolemy/domains/continuous/test/auto/PortParameterHierarchy.xml (RunModel)" time="0.027" />
  <testcase classname="ptolemy.util.test.junit.AutoTests" name="[114] /home/travis/build/icyphy/ptII/ptolemy/domains/continuous/test/auto/RandomHybridPlant.xml (RunModel)" time="0.57" />
  <testcase classname="ptolemy.util.test.junit.AutoTests" name="[115] /home/travis/build/icyphy/ptII/ptolemy/domains/continuous/test/auto/ResetTransitionWithStartTime1.xml (RunModel)" time="0.031" />
  <testcase classname="ptolemy.util.test.junit.AutoTests" name="[116] /home/travis/build/icyphy/ptII/ptolemy/domains/continuous/test/auto/ResetTransitionWithStartTime2.xml (RunModel)" time="0.037" />
  <testcase classname="ptolemy.util.test.junit.AutoTests" name="[117] /home/travis/build/icyphy/ptII/ptolemy/domains/continuous/test/auto/ResetTransitionWithStartTime3.xml (RunModel)" time="0.038" />
  <testcase classname="ptolemy.util.test.junit.AutoTests" name="[118] /home/travis/build/icyphy/ptII/ptolemy/domains/continuous/test/auto/ResetTransitionWithStartTime4.xml (RunModel)" time="0.032" />
  <testcase classname="ptolemy.util.test.junit.AutoTests" name="[119] /home/travis/build/icyphy/ptII/ptolemy/domains/continuous/test/auto/ResetTransitionWithStartTime5.xml (RunModel)" time="0.035" />
  <testcase classname="ptolemy.util.test.junit.AutoTests" name="[120] /home/travis/build/icyphy/ptII/ptolemy/domains/continuous/test/auto/ResetTransitionWithStartTime6.xml (RunModel)" time="0.026" />
  <testcase classname="ptolemy.util.test.junit.AutoTests" name="[121] /home/travis/build/icyphy/ptII/ptolemy/domains/continuous/test/auto/SRinContinuous.xml (RunModel)" time="0.026" />
  <testcase classname="ptolemy.util.test.junit.AutoTests" name="[122] /home/travis/build/icyphy/ptII/ptolemy/domains/continuous/test/auto/SampledClocks.xml (RunModel)" time="0.032" />
  <testcase classname="ptolemy.util.test.junit.AutoTests" name="[123] /home/travis/build/icyphy/ptII/ptolemy/domains/continuous/test/auto/Satellite.xml (RunModel)" time="0.915" />
  <testcase classname="ptolemy.util.test.junit.AutoTests" name="[124] /home/travis/build/icyphy/ptII/ptolemy/domains/continuous/test/auto/SigmaDelta.xml (RunModel)" time="2.367" />
  <testcase classname="ptolemy.util.test.junit.AutoTests" name="[125] /home/travis/build/icyphy/ptII/ptolemy/domains/continuous/test/auto/SingleRefinement.xml (RunModel)" time="0.415" />
  <testcase classname="ptolemy.util.test.junit.AutoTests" name="[126] /home/travis/build/icyphy/ptII/ptolemy/domains/continuous/test/auto/SinuBouncingBall.xml (RunModel)" time="0.92" />
  <testcase classname="ptolemy.util.test.junit.AutoTests" name="[127] /home/travis/build/icyphy/ptII/ptolemy/domains/continuous/test/auto/Sinusoid.xml (RunModel)" time="0.017" />
  <testcase classname="ptolemy.util.test.junit.AutoTests" name="[128] /home/travis/build/icyphy/ptII/ptolemy/domains/continuous/test/auto/SinusoidInNoise.xml (RunModel)" time="1.014" />
  <testcase classname="ptolemy.util.test.junit.AutoTests" name="[129] /home/travis/build/icyphy/ptII/ptolemy/domains/continuous/test/auto/SinusoidRK45.xml (RunModel)" time="0.012" />
  <testcase classname="ptolemy.util.test.junit.AutoTests" name="[130] /home/travis/build/icyphy/ptII/ptolemy/domains/continuous/test/auto/SinusoidWithMultipleImpulses.xml (RunModel)" time="0.015" />
  <testcase classname="ptolemy.util.test.junit.AutoTests" name="[131] /home/travis/build/icyphy/ptII/ptolemy/domains/continuous/test/auto/SquareWave.xml (RunModel)" time="0.204" />
  <testcase classname="ptolemy.util.test.junit.AutoTests" name="[132] /home/travis/build/icyphy/ptII/ptolemy/domains/continuous/test/auto/Starmac.xml (RunModel)" time="3.377" />
  <testcase classname="ptolemy.util.test.junit.AutoTests" name="[133] /home/travis/build/icyphy/ptII/ptolemy/domains/continuous/test/auto/StaticUnits.xml (RunModel)" time="2.916" />
  <testcase classname="ptolemy.util.test.junit.AutoTests" name="[134] /home/travis/build/icyphy/ptII/ptolemy/domains/continuous/test/auto/StickyMasses.xml (RunModel)" time="0.199" />
  <testcase classname="ptolemy.util.test.junit.AutoTests" name="[135] /home/travis/build/icyphy/ptII/ptolemy/domains/continuous/test/auto/StopTime.xml (RunModel)" time="0.065" />
  <testcase classname="ptolemy.util.test.junit.AutoTests" name="[136] /home/travis/build/icyphy/ptII/ptolemy/domains/continuous/test/auto/StopTime2.xml (RunModel)" time="0.058" />
  <testcase classname="ptolemy.util.test.junit.AutoTests" name="[137] /home/travis/build/icyphy/ptII/ptolemy/domains/continuous/test/auto/Switch.xml (RunModel)" time="0.066" />
  <testcase classname="ptolemy.util.test.junit.AutoTests" name="[138] /home/travis/build/icyphy/ptII/ptolemy/domains/continuous/test/auto/Thermostat.xml (RunModel)" time="0.243" />
  <testcase classname="ptolemy.util.test.junit.AutoTests" name="[139] /home/travis/build/icyphy/ptII/ptolemy/domains/continuous/test/auto/TimeDelay.xml (RunModel)" time="0.014" />
  <testcase classname="ptolemy.util.test.junit.AutoTests" name="[140] /home/travis/build/icyphy/ptII/ptolemy/domains/continuous/test/auto/TimeDelay2.xml (RunModel)" time="0.028" />
  <testcase classname="ptolemy.util.test.junit.AutoTests" name="[141] /home/travis/build/icyphy/ptII/ptolemy/domains/continuous/test/auto/TimeDelay3.xml (RunModel)" time="0.011" />
  <testcase classname="ptolemy.util.test.junit.AutoTests" name="[142] /home/travis/build/icyphy/ptII/ptolemy/domains/continuous/test/auto/TransferAbsentToInside.xml (RunModel)" time="0.104" />
  <testcase classname="ptolemy.util.test.junit.AutoTests" name="[143] /home/travis/build/icyphy/ptII/ptolemy/domains/continuous/test/auto/Transmission.xml (RunModel)" time="0.827" />
  <testcase classname="ptolemy.util.test.junit.AutoTests" name="[144] /home/travis/build/icyphy/ptII/ptolemy/domains/continuous/test/auto/TriggeredContinuousClock.xml (RunModel)" time="0.065" />
  <testcase classname="ptolemy.util.test.junit.AutoTests" name="[145] /home/travis/build/icyphy/ptII/ptolemy/domains/continuous/test/auto/TwoMachineInfiniteBusControl.xml (RunModel)" time="3.035" />
  <testcase classname="ptolemy.util.test.junit.AutoTests" name="[146] /home/travis/build/icyphy/ptII/ptolemy/domains/continuous/test/auto/V2V.xml (RunModel)" time="0.898" />
  <testcase classname="ptolemy.util.test.junit.AutoTests" name="[147] /home/travis/build/icyphy/ptII/ptolemy/domains/continuous/test/auto/hierarchicalModalModel.xml (RunModel)" time="0.039" />
  <testcase classname="ptolemy.util.test.junit.AutoTests" name="[148] /home/travis/build/icyphy/ptII/ptolemy/domains/continuous/test/auto/hierarchicalModalModel1.xml (RunModel)" time="0.028" />
  <testcase classname="ptolemy.util.test.junit.AutoTests" name="[149] /home/travis/build/icyphy/ptII/ptolemy/domains/continuous/test/auto/hierarchicalModalModel2.xml (RunModel)" time="0.025" />
  <testcase classname="ptolemy.util.test.junit.AutoTests" name="[150] /home/travis/build/icyphy/ptII/ptolemy/domains/continuous/test/auto/hierarchicalModalModel3.xml (RunModel)" time="0.03" />
  <testcase classname="ptolemy.util.test.junit.AutoTests" name="[151] /home/travis/build/icyphy/ptII/ptolemy/domains/continuous/test/auto/hierarchicalModalModel4.xml (RunModel)" time="0.026" />
  <testcase classname="ptolemy.util.test.junit.AutoTests" name="[152] /home/travis/build/icyphy/ptII/ptolemy/domains/continuous/test/auto/junk.xml (RunModel)" time="0.158" />
  <system-out><![CDATA[No tcl tests in /home/travis/build/icyphy/ptII/ptolemy/domains/continuous/test
No auto/knownFailedTests/*.xml tests in /home/travis/build/icyphy/ptII/ptolemy/domains/continuous/test
No auto/linux-amd64/*.xml tests in /home/travis/build/icyphy/ptII/ptolemy/domains/continuous/test
AutoTests.java: About to close Vertx.
AutoTests.java: Vertx closed.

===========================================================================================
----------------- testing Sat Nov 09 06:13:54 UTC 2019 /home/travis/build/icyphy/ptII/ptolemy/domains/continuous/test/auto/BouncingBall.xml
----------------- Instantiating /home/travis/build/icyphy/ptII/ptolemy/domains/continuous/test/auto/BouncingBall.xml
2606 ms. Memory: 145408K Free: 130902K (90%)
----------------- Invoking toplevel() on ptolemy.moml.MoMLSimpleApplication@624221d1
----------------- Done invoking toplevel() on ptolemy.moml.MoMLSimpleApplication@624221d1
reloadAllAccessors: .BouncingBall

===========================================================================================
----------------- testing Sat Nov 09 06:13:57 UTC 2019 /home/travis/build/icyphy/ptII/ptolemy/domains/continuous/test/auto/BouncingBallWithoutGR.xml
----------------- Instantiating /home/travis/build/icyphy/ptII/ptolemy/domains/continuous/test/auto/BouncingBallWithoutGR.xml
864 ms. Memory: 175104K Free: 65715K (38%)
----------------- Invoking toplevel() on ptolemy.moml.MoMLSimpleApplication@45219584
----------------- Done invoking toplevel() on ptolemy.moml.MoMLSimpleApplication@45219584
reloadAllAccessors: .BouncingBallWithoutGR

===========================================================================================
----------------- testing Sat Nov 09 06:13:58 UTC 2019 /home/travis/build/icyphy/ptII/ptolemy/domains/continuous/test/auto/Brownian.xml
----------------- Instantiating /home/travis/build/icyphy/ptII/ptolemy/domains/continuous/test/auto/Brownian.xml
44 ms. Memory: 175104K Free: 158793K (91%)
----------------- Invoking toplevel() on ptolemy.moml.MoMLSimpleApplication@608c9621
----------------- Done invoking toplevel() on ptolemy.moml.MoMLSimpleApplication@608c9621
reloadAllAccessors: .Brownian

===========================================================================================
----------------- testing Sat Nov 09 06:13:58 UTC 2019 /home/travis/build/icyphy/ptII/ptolemy/domains/continuous/test/auto/CarTracking.xml
----------------- Instantiating /home/travis/build/icyphy/ptII/ptolemy/domains/continuous/test/auto/CarTracking.xml
3901 ms. Memory: 210944K Free: 142209K (67%)
----------------- Invoking toplevel() on ptolemy.moml.MoMLSimpleApplication@3a0b54fc
----------------- Done invoking toplevel() on ptolemy.moml.MoMLSimpleApplication@3a0b54fc
reloadAllAccessors: .CarTracking

===========================================================================================
----------------- testing Sat Nov 09 06:14:03 UTC 2019 /home/travis/build/icyphy/ptII/ptolemy/domains/continuous/test/auto/CartPendulum.xml
----------------- Instantiating /home/travis/build/icyphy/ptII/ptolemy/domains/continuous/test/auto/CartPendulum.xml
434 ms. Memory: 253952K Free: 217176K (86%)
----------------- Invoking toplevel() on ptolemy.moml.MoMLSimpleApplication@7bbcaa12
----------------- Done invoking toplevel() on ptolemy.moml.MoMLSimpleApplication@7bbcaa12
reloadAllAccessors: .CartPendulum

===========================================================================================
----------------- testing Sat Nov 09 06:14:03 UTC 2019 /home/travis/build/icyphy/ptII/ptolemy/domains/continuous/test/auto/CausalityInterface10.xml
----------------- Instantiating /home/travis/build/icyphy/ptII/ptolemy/domains/continuous/test/auto/CausalityInterface10.xml
14 ms. Memory: 253952K Free: 206417K (81%)
----------------- Invoking toplevel() on ptolemy.moml.MoMLSimpleApplication@68ae0d5d
----------------- Done invoking toplevel() on ptolemy.moml.MoMLSimpleApplication@68ae0d5d
reloadAllAccessors: .CausalityInterface10

===========================================================================================
----------------- testing Sat Nov 09 06:14:03 UTC 2019 /home/travis/build/icyphy/ptII/ptolemy/domains/continuous/test/auto/CausalityInterface11.xml
----------------- Instantiating /home/travis/build/icyphy/ptII/ptolemy/domains/continuous/test/auto/CausalityInterface11.xml
11 ms. Memory: 253952K Free: 200264K (79%)
----------------- Invoking toplevel() on ptolemy.moml.MoMLSimpleApplication@6ca63f2b
----------------- Done invoking toplevel() on ptolemy.moml.MoMLSimpleApplication@6ca63f2b
reloadAllAccessors: .CausalityInterface11

===========================================================================================
----------------- testing Sat Nov 09 06:14:03 UTC 2019 /home/travis/build/icyphy/ptII/ptolemy/domains/continuous/test/auto/CausalityInterface12.xml
----------------- Instantiating /home/travis/build/icyphy/ptII/ptolemy/domains/continuous/test/auto/CausalityInterface12.xml
10 ms. Memory: 253952K Free: 194104K (76%)
----------------- Invoking toplevel() on ptolemy.moml.MoMLSimpleApplication@313bcb2c
----------------- Done invoking toplevel() on ptolemy.moml.MoMLSimpleApplication@313bcb2c
reloadAllAccessors: .CausalityInterface12

===========================================================================================
----------------- testing Sat Nov 09 06:14:03 UTC 2019 /home/travis/build/icyphy/ptII/ptolemy/domains/continuous/test/auto/CausalityInterface13.xml
----------------- Instantiating /home/travis/build/icyphy/ptII/ptolemy/domains/continuous/test/auto/CausalityInterface13.xml
7 ms. Memory: 253952K Free: 187960K (74%)
----------------- Invoking toplevel() on ptolemy.moml.MoMLSimpleApplication@7c4a6dd4
----------------- Done invoking toplevel() on ptolemy.moml.MoMLSimpleApplication@7c4a6dd4
reloadAllAccessors: .CausalityInterface13

===========================================================================================
----------------- testing Sat Nov 09 06:14:03 UTC 2019 /home/travis/build/icyphy/ptII/ptolemy/domains/continuous/test/auto/CausalityInterface14.xml
----------------- Instantiating /home/travis/build/icyphy/ptII/ptolemy/domains/continuous/test/auto/CausalityInterface14.xml
5 ms. Memory: 253952K Free: 182360K (72%)
----------------- Invoking toplevel() on ptolemy.moml.MoMLSimpleApplication@5ebd6ce
----------------- Done invoking toplevel() on ptolemy.moml.MoMLSimpleApplication@5ebd6ce
reloadAllAccessors: .CausalityInterface14

===========================================================================================
----------------- testing Sat Nov 09 06:14:03 UTC 2019 /home/travis/build/icyphy/ptII/ptolemy/domains/continuous/test/auto/CausalityInterface4.xml
----------------- Instantiating /home/travis/build/icyphy/ptII/ptolemy/domains/continuous/test/auto/CausalityInterface4.xml
9 ms. Memory: 253952K Free: 175688K (69%)
----------------- Invoking toplevel() on ptolemy.moml.MoMLSimpleApplication@2c6a2b8
----------------- Done invoking toplevel() on ptolemy.moml.MoMLSimpleApplication@2c6a2b8
reloadAllAccessors: .CausalityInterface4

===========================================================================================
----------------- testing Sat Nov 09 06:14:03 UTC 2019 /home/travis/build/icyphy/ptII/ptolemy/domains/continuous/test/auto/CausalityInterface5.xml
----------------- Instantiating /home/travis/build/icyphy/ptII/ptolemy/domains/continuous/test/auto/CausalityInterface5.xml
5 ms. Memory: 253952K Free: 167510K (66%)
----------------- Invoking toplevel() on ptolemy.moml.MoMLSimpleApplication@9d5235e
----------------- Done invoking toplevel() on ptolemy.moml.MoMLSimpleApplication@9d5235e
reloadAllAccessors: .CausalityInterface5

===========================================================================================
----------------- testing Sat Nov 09 06:14:03 UTC 2019 /home/travis/build/icyphy/ptII/ptolemy/domains/continuous/test/auto/CausalityInterface6.xml
----------------- Instantiating /home/travis/build/icyphy/ptII/ptolemy/domains/continuous/test/auto/CausalityInterface6.xml
6 ms. Memory: 253952K Free: 161880K (64%)
----------------- Invoking toplevel() on ptolemy.moml.MoMLSimpleApplication@20cde36a
----------------- Done invoking toplevel() on ptolemy.moml.MoMLSimpleApplication@20cde36a
reloadAllAccessors: .CausalityInterface6

===========================================================================================
----------------- testing Sat Nov 09 06:14:03 UTC 2019 /home/travis/build/icyphy/ptII/ptolemy/domains/continuous/test/auto/CausalityInterface7.xml
----------------- Instantiating /home/travis/build/icyphy/ptII/ptolemy/domains/continuous/test/auto/CausalityInterface7.xml
9 ms. Memory: 253952K Free: 153174K (60%)
----------------- Invoking toplevel() on ptolemy.moml.MoMLSimpleApplication@170f7c7b
----------------- Done invoking toplevel() on ptolemy.moml.MoMLSimpleApplication@170f7c7b
reloadAllAccessors: .CausalityInterface7

===========================================================================================
----------------- testing Sat Nov 09 06:14:03 UTC 2019 /home/travis/build/icyphy/ptII/ptolemy/domains/continuous/test/auto/CausalityInterface8.xml
----------------- Instantiating /home/travis/build/icyphy/ptII/ptolemy/domains/continuous/test/auto/CausalityInterface8.xml
7 ms. Memory: 253952K Free: 143958K (57%)
----------------- Invoking toplevel() on ptolemy.moml.MoMLSimpleApplication@35caf9dd
----------------- Done invoking toplevel() on ptolemy.moml.MoMLSimpleApplication@35caf9dd
reloadAllAccessors: .CausalityInterface8

===========================================================================================
----------------- testing Sat Nov 09 06:14:04 UTC 2019 /home/travis/build/icyphy/ptII/ptolemy/domains/continuous/test/auto/CausalityInterface9.xml
----------------- Instantiating /home/travis/build/icyphy/ptII/ptolemy/domains/continuous/test/auto/CausalityInterface9.xml
11 ms. Memory: 253952K Free: 133208K (52%)
----------------- Invoking toplevel() on ptolemy.moml.MoMLSimpleApplication@14524d71
----------------- Done invoking toplevel() on ptolemy.moml.MoMLSimpleApplication@14524d71
reloadAllAccessors: .CausalityInterface9

===========================================================================================
----------------- testing Sat Nov 09 06:14:04 UTC 2019 /home/travis/build/icyphy/ptII/ptolemy/domains/continuous/test/auto/CausalityInterfaceFeedback1.xml
----------------- Instantiating /home/travis/build/icyphy/ptII/ptolemy/domains/continuous/test/auto/CausalityInterfaceFeedback1.xml
6 ms. Memory: 253952K Free: 127064K (50%)
----------------- Invoking toplevel() on ptolemy.moml.MoMLSimpleApplication@639868cc
----------------- Done invoking toplevel() on ptolemy.moml.MoMLSimpleApplication@639868cc
reloadAllAccessors: .CausalityInterfaceFeedback1

===========================================================================================
----------------- testing Sat Nov 09 06:14:04 UTC 2019 /home/travis/build/icyphy/ptII/ptolemy/domains/continuous/test/auto/CausalityInterfaceFeedback2.xml
----------------- Instantiating /home/travis/build/icyphy/ptII/ptolemy/domains/continuous/test/auto/CausalityInterfaceFeedback2.xml
5 ms. Memory: 253952K Free: 120376K (47%)
----------------- Invoking toplevel() on ptolemy.moml.MoMLSimpleApplication@a061961
----------------- Done invoking toplevel() on ptolemy.moml.MoMLSimpleApplication@a061961
reloadAllAccessors: .CausalityInterfaceFeedback2

===========================================================================================
----------------- testing Sat Nov 09 06:14:04 UTC 2019 /home/travis/build/icyphy/ptII/ptolemy/domains/continuous/test/auto/CompareWithCurrentTime.xml
----------------- Instantiating /home/travis/build/icyphy/ptII/ptolemy/domains/continuous/test/auto/CompareWithCurrentTime.xml
3 ms. Memory: 253952K Free: 116310K (46%)
----------------- Invoking toplevel() on ptolemy.moml.MoMLSimpleApplication@56c9e25c
----------------- Done invoking toplevel() on ptolemy.moml.MoMLSimpleApplication@56c9e25c
reloadAllAccessors: .CompareWithCurrentTime

===========================================================================================
----------------- testing Sat Nov 09 06:14:04 UTC 2019 /home/travis/build/icyphy/ptII/ptolemy/domains/continuous/test/auto/ComparedClocks.xml
----------------- Instantiating /home/travis/build/icyphy/ptII/ptolemy/domains/continuous/test/auto/ComparedClocks.xml
9 ms. Memory: 253952K Free: 101464K (40%)
----------------- Invoking toplevel() on ptolemy.moml.MoMLSimpleApplication@5346dcd8
----------------- Done invoking toplevel() on ptolemy.moml.MoMLSimpleApplication@5346dcd8
reloadAllAccessors: .ComparedClocks

===========================================================================================
----------------- testing Sat Nov 09 06:14:04 UTC 2019 /home/travis/build/icyphy/ptII/ptolemy/domains/continuous/test/auto/ContinuousAOCClone.xml
----------------- Instantiating /home/travis/build/icyphy/ptII/ptolemy/domains/continuous/test/auto/ContinuousAOCClone.xml
2584 ms. Memory: 253952K Free: 164591K (65%)
----------------- Invoking toplevel() on ptolemy.moml.MoMLSimpleApplication@271284f2
----------------- Done invoking toplevel() on ptolemy.moml.MoMLSimpleApplication@271284f2
reloadAllAccessors: .ContinuousAOCClone

===========================================================================================
----------------- testing Sat Nov 09 06:14:07 UTC 2019 /home/travis/build/icyphy/ptII/ptolemy/domains/continuous/test/auto/ContinuousClock.xml
----------------- Instantiating /home/travis/build/icyphy/ptII/ptolemy/domains/continuous/test/auto/ContinuousClock.xml
33 ms. Memory: 253952K Free: 143087K (56%)
----------------- Invoking toplevel() on ptolemy.moml.MoMLSimpleApplication@7ad48e19
----------------- Done invoking toplevel() on ptolemy.moml.MoMLSimpleApplication@7ad48e19
reloadAllAccessors: .ContinuousClock

===========================================================================================
----------------- testing Sat Nov 09 06:14:07 UTC 2019 /home/travis/build/icyphy/ptII/ptolemy/domains/continuous/test/auto/ContinuousInContinuous.xml
----------------- Instantiating /home/travis/build/icyphy/ptII/ptolemy/domains/continuous/test/auto/ContinuousInContinuous.xml
48 ms. Memory: 253952K Free: 119535K (47%)
----------------- Invoking toplevel() on ptolemy.moml.MoMLSimpleApplication@1701a4eb
----------------- Done invoking toplevel() on ptolemy.moml.MoMLSimpleApplication@1701a4eb
reloadAllAccessors: .ContinuousInContinuous

===========================================================================================
----------------- testing Sat Nov 09 06:14:07 UTC 2019 /home/travis/build/icyphy/ptII/ptolemy/domains/continuous/test/auto/ContinuousInContinuousInContinuous.xml
----------------- Instantiating /home/travis/build/icyphy/ptII/ptolemy/domains/continuous/test/auto/ContinuousInContinuousInContinuous.xml
7 ms. Memory: 253952K Free: 111853K (44%)
----------------- Invoking toplevel() on ptolemy.moml.MoMLSimpleApplication@42804eda
----------------- Done invoking toplevel() on ptolemy.moml.MoMLSimpleApplication@42804eda
reloadAllAccessors: .ContinuousInContinuousInContinuous

===========================================================================================
----------------- testing Sat Nov 09 06:14:07 UTC 2019 /home/travis/build/icyphy/ptII/ptolemy/domains/continuous/test/auto/ContinuousInDE.xml
----------------- Instantiating /home/travis/build/icyphy/ptII/ptolemy/domains/continuous/test/auto/ContinuousInDE.xml
77 ms. Memory: 253952K Free: 101613K (40%)
----------------- Invoking toplevel() on ptolemy.moml.MoMLSimpleApplication@ae7e5fa
----------------- Done invoking toplevel() on ptolemy.moml.MoMLSimpleApplication@ae7e5fa
reloadAllAccessors: .ContinuousInDE

===========================================================================================
----------------- testing Sat Nov 09 06:14:07 UTC 2019 /home/travis/build/icyphy/ptII/ptolemy/domains/continuous/test/auto/ContinuousInDE2.xml
----------------- Instantiating /home/travis/build/icyphy/ptII/ptolemy/domains/continuous/test/auto/ContinuousInDE2.xml
47 ms. Memory: 253952K Free: 91887K (36%)
----------------- Invoking toplevel() on ptolemy.moml.MoMLSimpleApplication@5cbef2cd
----------------- Done invoking toplevel() on ptolemy.moml.MoMLSimpleApplication@5cbef2cd
reloadAllAccessors: .ContinuousInDE2

===========================================================================================
----------------- testing Sat Nov 09 06:14:07 UTC 2019 /home/travis/build/icyphy/ptII/ptolemy/domains/continuous/test/auto/ContinuousInDE3.xml
----------------- Instantiating /home/travis/build/icyphy/ptII/ptolemy/domains/continuous/test/auto/ContinuousInDE3.xml
35 ms. Memory: 253952K Free: 232169K (91%)
----------------- Invoking toplevel() on ptolemy.moml.MoMLSimpleApplication@b335bad
----------------- Done invoking toplevel() on ptolemy.moml.MoMLSimpleApplication@b335bad
reloadAllAccessors: .ContinuousInDE3

===========================================================================================
----------------- testing Sat Nov 09 06:14:07 UTC 2019 /home/travis/build/icyphy/ptII/ptolemy/domains/continuous/test/auto/ContinuousInDE4.xml
----------------- Instantiating /home/travis/build/icyphy/ptII/ptolemy/domains/continuous/test/auto/ContinuousInDE4.xml
21 ms. Memory: 253952K Free: 226025K (89%)
----------------- Invoking toplevel() on ptolemy.moml.MoMLSimpleApplication@292e6788
----------------- Done invoking toplevel() on ptolemy.moml.MoMLSimpleApplication@292e6788
reloadAllAccessors: .ContinuousInDE4

===========================================================================================
----------------- testing Sat Nov 09 06:14:07 UTC 2019 /home/travis/build/icyphy/ptII/ptolemy/domains/continuous/test/auto/ContinuousInDEDifferentRefinements.xml
----------------- Instantiating /home/travis/build/icyphy/ptII/ptolemy/domains/continuous/test/auto/ContinuousInDEDifferentRefinements.xml
56 ms. Memory: 253952K Free: 194760K (77%)
----------------- Invoking toplevel() on ptolemy.moml.MoMLSimpleApplication@45609d86
----------------- Done invoking toplevel() on ptolemy.moml.MoMLSimpleApplication@45609d86
reloadAllAccessors: .ContinuousInDEDifferentRefinements

===========================================================================================
----------------- testing Sat Nov 09 06:14:07 UTC 2019 /home/travis/build/icyphy/ptII/ptolemy/domains/continuous/test/auto/ContinuousInDEDifferentRefinementsPreemptive.xml
----------------- Instantiating /home/travis/build/icyphy/ptII/ptolemy/domains/continuous/test/auto/ContinuousInDEDifferentRefinementsPreemptive.xml
48 ms. Memory: 253952K Free: 164040K (65%)
----------------- Invoking toplevel() on ptolemy.moml.MoMLSimpleApplication@1e04d96a
----------------- Done invoking toplevel() on ptolemy.moml.MoMLSimpleApplication@1e04d96a
reloadAllAccessors: .ContinuousInDEDifferentRefinementsPreemptive

===========================================================================================
----------------- testing Sat Nov 09 06:14:07 UTC 2019 /home/travis/build/icyphy/ptII/ptolemy/domains/continuous/test/auto/ContinuousInDEInContinuous2.xml
----------------- Instantiating /home/travis/build/icyphy/ptII/ptolemy/domains/continuous/test/auto/ContinuousInDEInContinuous2.xml
34 ms. Memory: 253952K Free: 152807K (60%)
----------------- Invoking toplevel() on ptolemy.moml.MoMLSimpleApplication@44bd9524
----------------- Done invoking toplevel() on ptolemy.moml.MoMLSimpleApplication@44bd9524
reloadAllAccessors: .ContinuousInDEInContinuous2

===========================================================================================
----------------- testing Sat Nov 09 06:14:07 UTC 2019 /home/travis/build/icyphy/ptII/ptolemy/domains/continuous/test/auto/ContinuousInDEInContinuous3.xml
----------------- Instantiating /home/travis/build/icyphy/ptII/ptolemy/domains/continuous/test/auto/ContinuousInDEInContinuous3.xml
33 ms. Memory: 253952K Free: 140519K (55%)
----------------- Invoking toplevel() on ptolemy.moml.MoMLSimpleApplication@33aae9c7
----------------- Done invoking toplevel() on ptolemy.moml.MoMLSimpleApplication@33aae9c7
reloadAllAccessors: .ContinuousInDEInContinuous3

===========================================================================================
----------------- testing Sat Nov 09 06:14:07 UTC 2019 /home/travis/build/icyphy/ptII/ptolemy/domains/continuous/test/auto/ContinuousInDEInput.xml
----------------- Instantiating /home/travis/build/icyphy/ptII/ptolemy/domains/continuous/test/auto/ContinuousInDEInput.xml
18 ms. Memory: 253952K Free: 133351K (53%)
----------------- Invoking toplevel() on ptolemy.moml.MoMLSimpleApplication@5944b51
----------------- Done invoking toplevel() on ptolemy.moml.MoMLSimpleApplication@5944b51
reloadAllAccessors: .ContinuousInDEInput

===========================================================================================
----------------- testing Sat Nov 09 06:14:07 UTC 2019 /home/travis/build/icyphy/ptII/ptolemy/domains/continuous/test/auto/ContinuousInDEInput2.xml
----------------- Instantiating /home/travis/build/icyphy/ptII/ptolemy/domains/continuous/test/auto/ContinuousInDEInput2.xml
16 ms. Memory: 253952K Free: 126183K (50%)
----------------- Invoking toplevel() on ptolemy.moml.MoMLSimpleApplication@25789ff4
----------------- Done invoking toplevel() on ptolemy.moml.MoMLSimpleApplication@25789ff4
reloadAllAccessors: .ContinuousInDEInput2

===========================================================================================
----------------- testing Sat Nov 09 06:14:07 UTC 2019 /home/travis/build/icyphy/ptII/ptolemy/domains/continuous/test/auto/ContinuousInDEInput3.xml
----------------- Instantiating /home/travis/build/icyphy/ptII/ptolemy/domains/continuous/test/auto/ContinuousInDEInput3.xml
13 ms. Memory: 253952K Free: 119015K (47%)
----------------- Invoking toplevel() on ptolemy.moml.MoMLSimpleApplication@4bf470e6
----------------- Done invoking toplevel() on ptolemy.moml.MoMLSimpleApplication@4bf470e6
reloadAllAccessors: .ContinuousInDEInput3

===========================================================================================
----------------- testing Sat Nov 09 06:14:08 UTC 2019 /home/travis/build/icyphy/ptII/ptolemy/domains/continuous/test/auto/ContinuousInDESharingRefinement.xml
----------------- Instantiating /home/travis/build/icyphy/ptII/ptolemy/domains/continuous/test/auto/ContinuousInDESharingRefinement.xml
160 ms. Memory: 253952K Free: 175442K (69%)
----------------- Invoking toplevel() on ptolemy.moml.MoMLSimpleApplication@5564de88
----------------- Done invoking toplevel() on ptolemy.moml.MoMLSimpleApplication@5564de88
reloadAllAccessors: .ContinuousInDESharingRefinement

===========================================================================================
----------------- testing Sat Nov 09 06:14:08 UTC 2019 /home/travis/build/icyphy/ptII/ptolemy/domains/continuous/test/auto/ContinuousInDEwithNoPorts.xml
----------------- Instantiating /home/travis/build/icyphy/ptII/ptolemy/domains/continuous/test/auto/ContinuousInDEwithNoPorts.xml
5 ms. Memory: 253952K Free: 170818K (67%)
----------------- Invoking toplevel() on ptolemy.moml.MoMLSimpleApplication@7b9854cc
----------------- Done invoking toplevel() on ptolemy.moml.MoMLSimpleApplication@7b9854cc
reloadAllAccessors: .ContinuousInDEwithNoPorts

===========================================================================================
----------------- testing Sat Nov 09 06:14:08 UTC 2019 /home/travis/build/icyphy/ptII/ptolemy/domains/continuous/test/auto/ContinuousInsideDE.xml
----------------- Instantiating /home/travis/build/icyphy/ptII/ptolemy/domains/continuous/test/auto/ContinuousInsideDE.xml
39 ms. Memory: 253952K Free: 159568K (63%)
----------------- Invoking toplevel() on ptolemy.moml.MoMLSimpleApplication@27c2b3d2
----------------- Done invoking toplevel() on ptolemy.moml.MoMLSimpleApplication@27c2b3d2
reloadAllAccessors: .ContinuousInsideDE

===========================================================================================
----------------- testing Sat Nov 09 06:14:08 UTC 2019 /home/travis/build/icyphy/ptII/ptolemy/domains/continuous/test/auto/ContinuousMerge1.xml
----------------- Instantiating /home/travis/build/icyphy/ptII/ptolemy/domains/continuous/test/auto/ContinuousMerge1.xml
3 ms. Memory: 253952K Free: 154962K (61%)
----------------- Invoking toplevel() on ptolemy.moml.MoMLSimpleApplication@162ead04
----------------- Done invoking toplevel() on ptolemy.moml.MoMLSimpleApplication@162ead04
reloadAllAccessors: .ContinuousMerge1

===========================================================================================
----------------- testing Sat Nov 09 06:14:08 UTC 2019 /home/travis/build/icyphy/ptII/ptolemy/domains/continuous/test/auto/ContinuousMerge2.xml
----------------- Instantiating /home/travis/build/icyphy/ptII/ptolemy/domains/continuous/test/auto/ContinuousMerge2.xml
20 ms. Memory: 253952K Free: 144722K (57%)
----------------- Invoking toplevel() on ptolemy.moml.MoMLSimpleApplication@7cf0482b
----------------- Done invoking toplevel() on ptolemy.moml.MoMLSimpleApplication@7cf0482b
reloadAllAccessors: .ContinuousMerge2

===========================================================================================
----------------- testing Sat Nov 09 06:14:08 UTC 2019 /home/travis/build/icyphy/ptII/ptolemy/domains/continuous/test/auto/ContinuousMerge3.xml
----------------- Instantiating /home/travis/build/icyphy/ptII/ptolemy/domains/continuous/test/auto/ContinuousMerge3.xml
49 ms. Memory: 253952K Free: 133968K (53%)
----------------- Invoking toplevel() on ptolemy.moml.MoMLSimpleApplication@558c3c38
----------------- Done invoking toplevel() on ptolemy.moml.MoMLSimpleApplication@558c3c38
reloadAllAccessors: .ContinuousMerge3

===========================================================================================
----------------- testing Sat Nov 09 06:14:08 UTC 2019 /home/travis/build/icyphy/ptII/ptolemy/domains/continuous/test/auto/ContinuousWithinContinuous.xml
----------------- Instantiating /home/travis/build/icyphy/ptII/ptolemy/domains/continuous/test/auto/ContinuousWithinContinuous.xml
42 ms. Memory: 253952K Free: 124752K (49%)
----------------- Invoking toplevel() on ptolemy.moml.MoMLSimpleApplication@322ffd36
----------------- Done invoking toplevel() on ptolemy.moml.MoMLSimpleApplication@322ffd36
reloadAllAccessors: .ContinuousWithinContinuous

===========================================================================================
----------------- testing Sat Nov 09 06:14:08 UTC 2019 /home/travis/build/icyphy/ptII/ptolemy/domains/continuous/test/auto/ContinuousWithinContinuous2.xml
----------------- Instantiating /home/travis/build/icyphy/ptII/ptolemy/domains/continuous/test/auto/ContinuousWithinContinuous2.xml
76 ms. Memory: 253952K Free: 113488K (45%)
----------------- Invoking toplevel() on ptolemy.moml.MoMLSimpleApplication@35733ed
----------------- Done invoking toplevel() on ptolemy.moml.MoMLSimpleApplication@35733ed
reloadAllAccessors: .ContinuousWithinContinuous2

===========================================================================================
----------------- testing Sat Nov 09 06:14:08 UTC 2019 /home/travis/build/icyphy/ptII/ptolemy/domains/continuous/test/auto/ContinuousWithinContinuous3.xml
----------------- Instantiating /home/travis/build/icyphy/ptII/ptolemy/domains/continuous/test/auto/ContinuousWithinContinuous3.xml
14 ms. Memory: 253952K Free: 106834K (42%)
----------------- Invoking toplevel() on ptolemy.moml.MoMLSimpleApplication@6767db07
----------------- Done invoking toplevel() on ptolemy.moml.MoMLSimpleApplication@6767db07
reloadAllAccessors: .ContinuousWithinContinuous3

===========================================================================================
----------------- testing Sat Nov 09 06:14:08 UTC 2019 /home/travis/build/icyphy/ptII/ptolemy/domains/continuous/test/auto/ContinuousWithinContinuous4.xml
----------------- Instantiating /home/travis/build/icyphy/ptII/ptolemy/domains/continuous/test/auto/ContinuousWithinContinuous4.xml
81 ms. Memory: 253952K Free: 94546K (37%)
----------------- Invoking toplevel() on ptolemy.moml.MoMLSimpleApplication@1f58019d
----------------- Done invoking toplevel() on ptolemy.moml.MoMLSimpleApplication@1f58019d
reloadAllAccessors: .ContinuousWithinContinuous4

===========================================================================================
----------------- testing Sat Nov 09 06:14:08 UTC 2019 /home/travis/build/icyphy/ptII/ptolemy/domains/continuous/test/auto/ContinuousWithinContinuous5.xml
----------------- Instantiating /home/travis/build/icyphy/ptII/ptolemy/domains/continuous/test/auto/ContinuousWithinContinuous5.xml
16 ms. Memory: 253952K Free: 238031K (94%)
----------------- Invoking toplevel() on ptolemy.moml.MoMLSimpleApplication@70c4666e
----------------- Done invoking toplevel() on ptolemy.moml.MoMLSimpleApplication@70c4666e
reloadAllAccessors: .ContinuousWithinContinuous5

===========================================================================================
----------------- testing Sat Nov 09 06:14:08 UTC 2019 /home/travis/build/icyphy/ptII/ptolemy/domains/continuous/test/auto/ContinuousWithinContinuous6.xml
----------------- Instantiating /home/travis/build/icyphy/ptII/ptolemy/domains/continuous/test/auto/ContinuousWithinContinuous6.xml
11 ms. Memory: 253952K Free: 230863K (91%)
----------------- Invoking toplevel() on ptolemy.moml.MoMLSimpleApplication@548ee877
----------------- Done invoking toplevel() on ptolemy.moml.MoMLSimpleApplication@548ee877
reloadAllAccessors: .ContinuousWithinContinuous6

===========================================================================================
----------------- testing Sat Nov 09 06:14:08 UTC 2019 /home/travis/build/icyphy/ptII/ptolemy/domains/continuous/test/auto/ContinuousWithinContinuous7.xml
----------------- Instantiating /home/travis/build/icyphy/ptII/ptolemy/domains/continuous/test/auto/ContinuousWithinContinuous7.xml
59 ms. Memory: 253952K Free: 219599K (86%)
----------------- Invoking toplevel() on ptolemy.moml.MoMLSimpleApplication@4a92b773
----------------- Done invoking toplevel() on ptolemy.moml.MoMLSimpleApplication@4a92b773
reloadAllAccessors: .ContinuousWithinContinuous7

===========================================================================================
----------------- testing Sat Nov 09 06:14:08 UTC 2019 /home/travis/build/icyphy/ptII/ptolemy/domains/continuous/test/auto/DCMotor.xml
----------------- Instantiating /home/travis/build/icyphy/ptII/ptolemy/domains/continuous/test/auto/DCMotor.xml
13886 ms. Memory: 253952K Free: 91976K (36%)
----------------- Invoking toplevel() on ptolemy.moml.MoMLSimpleApplication@44e112e5
----------------- Done invoking toplevel() on ptolemy.moml.MoMLSimpleApplication@44e112e5
reloadAllAccessors: .DCMotor

===========================================================================================
----------------- testing Sat Nov 09 06:14:22 UTC 2019 /home/travis/build/icyphy/ptII/ptolemy/domains/continuous/test/auto/DEInContinuous.xml
----------------- Instantiating /home/travis/build/icyphy/ptII/ptolemy/domains/continuous/test/auto/DEInContinuous.xml
15 ms. Memory: 253952K Free: 236102K (93%)
----------------- Invoking toplevel() on ptolemy.moml.MoMLSimpleApplication@6543ce6f
----------------- Done invoking toplevel() on ptolemy.moml.MoMLSimpleApplication@6543ce6f
reloadAllAccessors: .DEInContinuous

===========================================================================================
----------------- testing Sat Nov 09 06:14:22 UTC 2019 /home/travis/build/icyphy/ptII/ptolemy/domains/continuous/test/auto/DEinContinuous2.xml
----------------- Instantiating /home/travis/build/icyphy/ptII/ptolemy/domains/continuous/test/auto/DEinContinuous2.xml
8 ms. Memory: 253952K Free: 227910K (90%)
----------------- Invoking toplevel() on ptolemy.moml.MoMLSimpleApplication@332d03c4
----------------- Done invoking toplevel() on ptolemy.moml.MoMLSimpleApplication@332d03c4
reloadAllAccessors: .DEinContinuous2

===========================================================================================
----------------- testing Sat Nov 09 06:14:22 UTC 2019 /home/travis/build/icyphy/ptII/ptolemy/domains/continuous/test/auto/Derivative.xml
----------------- Instantiating /home/travis/build/icyphy/ptII/ptolemy/domains/continuous/test/auto/Derivative.xml
192 ms. Memory: 253952K Free: 198724K (78%)
----------------- Invoking toplevel() on ptolemy.moml.MoMLSimpleApplication@3d906138
----------------- Done invoking toplevel() on ptolemy.moml.MoMLSimpleApplication@3d906138
reloadAllAccessors: .Derivative2

===========================================================================================
----------------- testing Sat Nov 09 06:14:23 UTC 2019 /home/travis/build/icyphy/ptII/ptolemy/domains/continuous/test/auto/Derivative1.xml
----------------- Instantiating /home/travis/build/icyphy/ptII/ptolemy/domains/continuous/test/auto/Derivative1.xml
20 ms. Memory: 253952K Free: 184388K (73%)
----------------- Invoking toplevel() on ptolemy.moml.MoMLSimpleApplication@35e25553
----------------- Done invoking toplevel() on ptolemy.moml.MoMLSimpleApplication@35e25553
reloadAllAccessors: .Derivative1

===========================================================================================
----------------- testing Sat Nov 09 06:14:23 UTC 2019 /home/travis/build/icyphy/ptII/ptolemy/domains/continuous/test/auto/DiscreteClock.xml
----------------- Instantiating /home/travis/build/icyphy/ptII/ptolemy/domains/continuous/test/auto/DiscreteClock.xml
3 ms. Memory: 253952K Free: 179268K (71%)
----------------- Invoking toplevel() on ptolemy.moml.MoMLSimpleApplication@5e512442
----------------- Done invoking toplevel() on ptolemy.moml.MoMLSimpleApplication@5e512442
reloadAllAccessors: .DiscreteClock

===========================================================================================
----------------- testing Sat Nov 09 06:14:23 UTC 2019 /home/travis/build/icyphy/ptII/ptolemy/domains/continuous/test/auto/EfficiencyCurve.xml
----------------- Instantiating /home/travis/build/icyphy/ptII/ptolemy/domains/continuous/test/auto/EfficiencyCurve.xml
50 ms. Memory: 253952K Free: 170052K (67%)
----------------- Invoking toplevel() on ptolemy.moml.MoMLSimpleApplication@2e8be119
----------------- Done invoking toplevel() on ptolemy.moml.MoMLSimpleApplication@2e8be119
reloadAllAccessors: .EfficiencyCurve

===========================================================================================
----------------- testing Sat Nov 09 06:14:23 UTC 2019 /home/travis/build/icyphy/ptII/ptolemy/domains/continuous/test/auto/ExponentialResponse.xml
----------------- Instantiating /home/travis/build/icyphy/ptII/ptolemy/domains/continuous/test/auto/ExponentialResponse.xml
118 ms. Memory: 253952K Free: 154182K (61%)
----------------- Invoking toplevel() on ptolemy.moml.MoMLSimpleApplication@63df841c
----------------- Done invoking toplevel() on ptolemy.moml.MoMLSimpleApplication@63df841c
reloadAllAccessors: .ExponentialResponse

===========================================================================================
----------------- testing Sat Nov 09 06:14:23 UTC 2019 /home/travis/build/icyphy/ptII/ptolemy/domains/continuous/test/auto/ExponentialResponseRK45.xml
----------------- Instantiating /home/travis/build/icyphy/ptII/ptolemy/domains/continuous/test/auto/ExponentialResponseRK45.xml
27 ms. Memory: 253952K Free: 147524K (58%)
----------------- Invoking toplevel() on ptolemy.moml.MoMLSimpleApplication@68052328
----------------- Done invoking toplevel() on ptolemy.moml.MoMLSimpleApplication@68052328
reloadAllAccessors: .ExponentialResponseRK45

===========================================================================================
----------------- testing Sat Nov 09 06:14:23 UTC 2019 /home/travis/build/icyphy/ptII/ptolemy/domains/continuous/test/auto/Friction.xml
----------------- Instantiating /home/travis/build/icyphy/ptII/ptolemy/domains/continuous/test/auto/Friction.xml
1445 ms. Memory: 253952K Free: 167565K (66%)
----------------- Invoking toplevel() on ptolemy.moml.MoMLSimpleApplication@500ae6a0
----------------- Done invoking toplevel() on ptolemy.moml.MoMLSimpleApplication@500ae6a0
reloadAllAccessors: .Friction

===========================================================================================
----------------- testing Sat Nov 09 06:14:25 UTC 2019 /home/travis/build/icyphy/ptII/ptolemy/domains/continuous/test/auto/FurutaPendulum.xml
----------------- Instantiating /home/travis/build/icyphy/ptII/ptolemy/domains/continuous/test/auto/FurutaPendulum.xml
3546 ms. Memory: 305152K Free: 147679K (48%)
----------------- Invoking toplevel() on ptolemy.moml.MoMLSimpleApplication@5ed057fe
----------------- Done invoking toplevel() on ptolemy.moml.MoMLSimpleApplication@5ed057fe
reloadAllAccessors: .FurutaPendulum

===========================================================================================
----------------- testing Sat Nov 09 06:14:28 UTC 2019 /home/travis/build/icyphy/ptII/ptolemy/domains/continuous/test/auto/HierarchicalExecution.xml
----------------- Instantiating /home/travis/build/icyphy/ptII/ptolemy/domains/continuous/test/auto/HierarchicalExecution.xml
1886 ms. Memory: 305152K Free: 213918K (70%)
----------------- Invoking toplevel() on ptolemy.moml.MoMLSimpleApplication@9973f5a
----------------- Done invoking toplevel() on ptolemy.moml.MoMLSimpleApplication@9973f5a
reloadAllAccessors: .HierarchicalExecution

===========================================================================================
----------------- testing Sat Nov 09 06:14:31 UTC 2019 /home/travis/build/icyphy/ptII/ptolemy/domains/continuous/test/auto/HybridPlant.xml
----------------- Instantiating /home/travis/build/icyphy/ptII/ptolemy/domains/continuous/test/auto/HybridPlant.xml
520 ms. Memory: 305152K Free: 129430K (42%)
----------------- Invoking toplevel() on ptolemy.moml.MoMLSimpleApplication@1c0e53d
----------------- Done invoking toplevel() on ptolemy.moml.MoMLSimpleApplication@1c0e53d
reloadAllAccessors: .HybridPlant

===========================================================================================
----------------- testing Sat Nov 09 06:14:31 UTC 2019 /home/travis/build/icyphy/ptII/ptolemy/domains/continuous/test/auto/Hysteresis.xml
----------------- Instantiating /home/travis/build/icyphy/ptII/ptolemy/domains/continuous/test/auto/Hysteresis.xml
164 ms. Memory: 305152K Free: 246819K (81%)
----------------- Invoking toplevel() on ptolemy.moml.MoMLSimpleApplication@65b06a00
----------------- Done invoking toplevel() on ptolemy.moml.MoMLSimpleApplication@65b06a00
reloadAllAccessors: .Hysteresis

===========================================================================================
----------------- testing Sat Nov 09 06:14:31 UTC 2019 /home/travis/build/icyphy/ptII/ptolemy/domains/continuous/test/auto/HysteresisWithRandomDelay.xml
----------------- Instantiating /home/travis/build/icyphy/ptII/ptolemy/domains/continuous/test/auto/HysteresisWithRandomDelay.xml
172 ms. Memory: 305152K Free: 175045K (57%)
----------------- Invoking toplevel() on ptolemy.moml.MoMLSimpleApplication@3c8e71c8
----------------- Done invoking toplevel() on ptolemy.moml.MoMLSimpleApplication@3c8e71c8
reloadAllAccessors: .HysteresisWithRandomDelay

===========================================================================================
----------------- testing Sat Nov 09 06:14:32 UTC 2019 /home/travis/build/icyphy/ptII/ptolemy/domains/continuous/test/auto/HysteresisWithRandomLosses.xml
----------------- Instantiating /home/travis/build/icyphy/ptII/ptolemy/domains/continuous/test/auto/HysteresisWithRandomLosses.xml
2394 ms. Memory: 305152K Free: 138464K (45%)
----------------- Invoking toplevel() on ptolemy.moml.MoMLSimpleApplication@2c19947d
----------------- Done invoking toplevel() on ptolemy.moml.MoMLSimpleApplication@2c19947d
reloadAllAccessors: .HysteresisWithRandomLosses

===========================================================================================
----------------- testing Sat Nov 09 06:14:34 UTC 2019 /home/travis/build/icyphy/ptII/ptolemy/domains/continuous/test/auto/ImmediateTransitions.xml
----------------- Instantiating /home/travis/build/icyphy/ptII/ptolemy/domains/continuous/test/auto/ImmediateTransitions.xml
9 ms. Memory: 305152K Free: 127200K (42%)
----------------- Invoking toplevel() on ptolemy.moml.MoMLSimpleApplication@5622b0d4
----------------- Done invoking toplevel() on ptolemy.moml.MoMLSimpleApplication@5622b0d4
reloadAllAccessors: .ImmediateTransitions

===========================================================================================
----------------- testing Sat Nov 09 06:14:34 UTC 2019 /home/travis/build/icyphy/ptII/ptolemy/domains/continuous/test/auto/ImpulseFeedback.xml
----------------- Instantiating /home/travis/build/icyphy/ptII/ptolemy/domains/continuous/test/auto/ImpulseFeedback.xml
8 ms. Memory: 305152K Free: 121566K (40%)
----------------- Invoking toplevel() on ptolemy.moml.MoMLSimpleApplication@73f4609d
----------------- Done invoking toplevel() on ptolemy.moml.MoMLSimpleApplication@73f4609d
reloadAllAccessors: .ImpulseFeedback

===========================================================================================
----------------- testing Sat Nov 09 06:14:34 UTC 2019 /home/travis/build/icyphy/ptII/ptolemy/domains/continuous/test/auto/ImpulseFeedback2.xml
----------------- Instantiating /home/travis/build/icyphy/ptII/ptolemy/domains/continuous/test/auto/ImpulseFeedback2.xml
5 ms. Memory: 305152K Free: 115936K (38%)
----------------- Invoking toplevel() on ptolemy.moml.MoMLSimpleApplication@6f4837d3
----------------- Done invoking toplevel() on ptolemy.moml.MoMLSimpleApplication@6f4837d3
reloadAllAccessors: .ImpulseFeedback2

===========================================================================================
----------------- testing Sat Nov 09 06:14:34 UTC 2019 /home/travis/build/icyphy/ptII/ptolemy/domains/continuous/test/auto/IncreasingRatePoisson.xml
----------------- Instantiating /home/travis/build/icyphy/ptII/ptolemy/domains/continuous/test/auto/IncreasingRatePoisson.xml
673 ms. Memory: 305152K Free: 181246K (59%)
----------------- Invoking toplevel() on ptolemy.moml.MoMLSimpleApplication@508f49c0
----------------- Done invoking toplevel() on ptolemy.moml.MoMLSimpleApplication@508f49c0
reloadAllAccessors: .IncreasingRatePoisson

===========================================================================================
----------------- testing Sat Nov 09 06:14:35 UTC 2019 /home/travis/build/icyphy/ptII/ptolemy/domains/continuous/test/auto/InitialStateFeedback.xml
----------------- Instantiating /home/travis/build/icyphy/ptII/ptolemy/domains/continuous/test/auto/InitialStateFeedback.xml
4 ms. Memory: 305152K Free: 176636K (58%)
----------------- Invoking toplevel() on ptolemy.moml.MoMLSimpleApplication@76cba0d3
----------------- Done invoking toplevel() on ptolemy.moml.MoMLSimpleApplication@76cba0d3
reloadAllAccessors: .InitialStateFeedback

===========================================================================================
----------------- testing Sat Nov 09 06:14:35 UTC 2019 /home/travis/build/icyphy/ptII/ptolemy/domains/continuous/test/auto/Integration.xml
----------------- Instantiating /home/travis/build/icyphy/ptII/ptolemy/domains/continuous/test/auto/Integration.xml
5 ms. Memory: 305152K Free: 172540K (57%)
----------------- Invoking toplevel() on ptolemy.moml.MoMLSimpleApplication@5ddf50f4
----------------- Done invoking toplevel() on ptolemy.moml.MoMLSimpleApplication@5ddf50f4
reloadAllAccessors: .Integration

===========================================================================================
----------------- testing Sat Nov 09 06:14:35 UTC 2019 /home/travis/build/icyphy/ptII/ptolemy/domains/continuous/test/auto/Integration2.xml
----------------- Instantiating /home/travis/build/icyphy/ptII/ptolemy/domains/continuous/test/auto/Integration2.xml
89 ms. Memory: 305152K Free: 157694K (52%)
----------------- Invoking toplevel() on ptolemy.moml.MoMLSimpleApplication@bc7b13e
----------------- Done invoking toplevel() on ptolemy.moml.MoMLSimpleApplication@bc7b13e
reloadAllAccessors: .Integration2

===========================================================================================
----------------- testing Sat Nov 09 06:14:35 UTC 2019 /home/travis/build/icyphy/ptII/ptolemy/domains/continuous/test/auto/Integration3.xml
----------------- Instantiating /home/travis/build/icyphy/ptII/ptolemy/domains/continuous/test/auto/Integration3.xml
2 ms. Memory: 305152K Free: 153084K (50%)
----------------- Invoking toplevel() on ptolemy.moml.MoMLSimpleApplication@3aa5783d
----------------- Done invoking toplevel() on ptolemy.moml.MoMLSimpleApplication@3aa5783d
reloadAllAccessors: .Integration3

===========================================================================================
----------------- testing Sat Nov 09 06:14:35 UTC 2019 /home/travis/build/icyphy/ptII/ptolemy/domains/continuous/test/auto/Integration5.xml
----------------- Instantiating /home/travis/build/icyphy/ptII/ptolemy/domains/continuous/test/auto/Integration5.xml
2 ms. Memory: 305152K Free: 148988K (49%)
----------------- Invoking toplevel() on ptolemy.moml.MoMLSimpleApplication@664488b2
----------------- Done invoking toplevel() on ptolemy.moml.MoMLSimpleApplication@664488b2
reloadAllAccessors: .Integration5

===========================================================================================
----------------- testing Sat Nov 09 06:14:35 UTC 2019 /home/travis/build/icyphy/ptII/ptolemy/domains/continuous/test/auto/IntegratorImpulse.xml
----------------- Instantiating /home/travis/build/icyphy/ptII/ptolemy/domains/continuous/test/auto/IntegratorImpulse.xml
2 ms. Memory: 305152K Free: 144878K (47%)
----------------- Invoking toplevel() on ptolemy.moml.MoMLSimpleApplication@2d3f6e0b
----------------- Done invoking toplevel() on ptolemy.moml.MoMLSimpleApplication@2d3f6e0b
reloadAllAccessors: .IntegratorImpulse

===========================================================================================
----------------- testing Sat Nov 09 06:14:35 UTC 2019 /home/travis/build/icyphy/ptII/ptolemy/domains/continuous/test/auto/IntegratorImpulse2.xml
----------------- Instantiating /home/travis/build/icyphy/ptII/ptolemy/domains/continuous/test/auto/IntegratorImpulse2.xml
3 ms. Memory: 305152K Free: 140286K (46%)
----------------- Invoking toplevel() on ptolemy.moml.MoMLSimpleApplication@4d14cda6
----------------- Done invoking toplevel() on ptolemy.moml.MoMLSimpleApplication@4d14cda6
reloadAllAccessors: .IntegratorImpulse2

===========================================================================================
----------------- testing Sat Nov 09 06:14:35 UTC 2019 /home/travis/build/icyphy/ptII/ptolemy/domains/continuous/test/auto/LevelCrossing1.xml
----------------- Instantiating /home/travis/build/icyphy/ptII/ptolemy/domains/continuous/test/auto/LevelCrossing1.xml
2 ms. Memory: 305152K Free: 135166K (44%)
----------------- Invoking toplevel() on ptolemy.moml.MoMLSimpleApplication@5c786404
----------------- Done invoking toplevel() on ptolemy.moml.MoMLSimpleApplication@5c786404
reloadAllAccessors: .LevelCrossing1

===========================================================================================
----------------- testing Sat Nov 09 06:14:35 UTC 2019 /home/travis/build/icyphy/ptII/ptolemy/domains/continuous/test/auto/LevelCrossing2.xml
----------------- Instantiating /home/travis/build/icyphy/ptII/ptolemy/domains/continuous/test/auto/LevelCrossing2.xml
3 ms. Memory: 305152K Free: 130046K (43%)
----------------- Invoking toplevel() on ptolemy.moml.MoMLSimpleApplication@413f2064
----------------- Done invoking toplevel() on ptolemy.moml.MoMLSimpleApplication@413f2064
reloadAllAccessors: .LevelCrossing2

===========================================================================================
----------------- testing Sat Nov 09 06:14:35 UTC 2019 /home/travis/build/icyphy/ptII/ptolemy/domains/continuous/test/auto/LevelCrossing3.xml
----------------- Instantiating /home/travis/build/icyphy/ptII/ptolemy/domains/continuous/test/auto/LevelCrossing3.xml
2 ms. Memory: 305152K Free: 124926K (41%)
----------------- Invoking toplevel() on ptolemy.moml.MoMLSimpleApplication@29d679be
----------------- Done invoking toplevel() on ptolemy.moml.MoMLSimpleApplication@29d679be
reloadAllAccessors: .LevelCrossing3

===========================================================================================
----------------- testing Sat Nov 09 06:14:35 UTC 2019 /home/travis/build/icyphy/ptII/ptolemy/domains/continuous/test/auto/LevelCrossing4.xml
----------------- Instantiating /home/travis/build/icyphy/ptII/ptolemy/domains/continuous/test/auto/LevelCrossing4.xml
3 ms. Memory: 305152K Free: 119806K (39%)
----------------- Invoking toplevel() on ptolemy.moml.MoMLSimpleApplication@388cf21b
----------------- Done invoking toplevel() on ptolemy.moml.MoMLSimpleApplication@388cf21b
reloadAllAccessors: .LevelCrossing4

===========================================================================================
----------------- testing Sat Nov 09 06:14:35 UTC 2019 /home/travis/build/icyphy/ptII/ptolemy/domains/continuous/test/auto/LevelCrossing5.xml
----------------- Instantiating /home/travis/build/icyphy/ptII/ptolemy/domains/continuous/test/auto/LevelCrossing5.xml
3 ms. Memory: 305152K Free: 114686K (38%)
----------------- Invoking toplevel() on ptolemy.moml.MoMLSimpleApplication@5eefd5d0
----------------- Done invoking toplevel() on ptolemy.moml.MoMLSimpleApplication@5eefd5d0
reloadAllAccessors: .LevelCrossing5

===========================================================================================
[...]
----------------- testing Sat Nov 09 06:14:53 UTC 2019 /home/travis/build/icyphy/ptII/ptolemy/domains/continuous/test/auto/SRinContinuous.xml
----------------- Instantiating /home/travis/build/icyphy/ptII/ptolemy/domains/continuous/test/auto/SRinContinuous.xml
4 ms. Memory: 305152K Free: 127361K (42%)
----------------- Invoking toplevel() on ptolemy.moml.MoMLSimpleApplication@69f84c97
----------------- Done invoking toplevel() on ptolemy.moml.MoMLSimpleApplication@69f84c97
reloadAllAccessors: .SRinContinuous

===========================================================================================
----------------- testing Sat Nov 09 06:14:53 UTC 2019 /home/travis/build/icyphy/ptII/ptolemy/domains/continuous/test/auto/SampledClocks.xml
----------------- Instantiating /home/travis/build/icyphy/ptII/ptolemy/domains/continuous/test/auto/SampledClocks.xml
7 ms. Memory: 305152K Free: 114559K (38%)
----------------- Invoking toplevel() on ptolemy.moml.MoMLSimpleApplication@4353d266
----------------- Done invoking toplevel() on ptolemy.moml.MoMLSimpleApplication@4353d266
reloadAllAccessors: .SampledClocks

===========================================================================================
----------------- testing Sat Nov 09 06:14:53 UTC 2019 /home/travis/build/icyphy/ptII/ptolemy/domains/continuous/test/auto/Satellite.xml
----------------- Instantiating /home/travis/build/icyphy/ptII/ptolemy/domains/continuous/test/auto/Satellite.xml
892 ms. Memory: 305152K Free: 275464K (90%)
----------------- Invoking toplevel() on ptolemy.moml.MoMLSimpleApplication@2233f60b
----------------- Done invoking toplevel() on ptolemy.moml.MoMLSimpleApplication@2233f60b
reloadAllAccessors: .Satellite

===========================================================================================
----------------- testing Sat Nov 09 06:14:54 UTC 2019 /home/travis/build/icyphy/ptII/ptolemy/domains/continuous/test/auto/SigmaDelta.xml
----------------- Instantiating /home/travis/build/icyphy/ptII/ptolemy/domains/continuous/test/auto/SigmaDelta.xml
2233 ms. Memory: 305152K Free: 191102K (63%)
----------------- Invoking toplevel() on ptolemy.moml.MoMLSimpleApplication@392276c9
----------------- Done invoking toplevel() on ptolemy.moml.MoMLSimpleApplication@392276c9
reloadAllAccessors: .SigmaDelta

===========================================================================================
----------------- testing Sat Nov 09 06:14:56 UTC 2019 /home/travis/build/icyphy/ptII/ptolemy/domains/continuous/test/auto/SingleRefinement.xml
----------------- Instantiating /home/travis/build/icyphy/ptII/ptolemy/domains/continuous/test/auto/SingleRefinement.xml
310 ms. Memory: 305152K Free: 186567K (61%)
----------------- Invoking toplevel() on ptolemy.moml.MoMLSimpleApplication@55b7022e
----------------- Done invoking toplevel() on ptolemy.moml.MoMLSimpleApplication@55b7022e
reloadAllAccessors: .SingleRefinement

===========================================================================================
----------------- testing Sat Nov 09 06:14:57 UTC 2019 /home/travis/build/icyphy/ptII/ptolemy/domains/continuous/test/auto/SinuBouncingBall.xml
----------------- Instantiating /home/travis/build/icyphy/ptII/ptolemy/domains/continuous/test/auto/SinuBouncingBall.xml
843 ms. Memory: 305152K Free: 148240K (49%)
----------------- Invoking toplevel() on ptolemy.moml.MoMLSimpleApplication@da18ed0
----------------- Done invoking toplevel() on ptolemy.moml.MoMLSimpleApplication@da18ed0
reloadAllAccessors: .SinuBouncingBall

===========================================================================================
----------------- testing Sat Nov 09 06:14:58 UTC 2019 /home/travis/build/icyphy/ptII/ptolemy/domains/continuous/test/auto/Sinusoid.xml
----------------- Instantiating /home/travis/build/icyphy/ptII/ptolemy/domains/continuous/test/auto/Sinusoid.xml
5 ms. Memory: 305152K Free: 143664K (47%)
----------------- Invoking toplevel() on ptolemy.moml.MoMLSimpleApplication@1dab8e4
----------------- Done invoking toplevel() on ptolemy.moml.MoMLSimpleApplication@1dab8e4
reloadAllAccessors: .Sinusoid

===========================================================================================
----------------- testing Sat Nov 09 06:14:58 UTC 2019 /home/travis/build/icyphy/ptII/ptolemy/domains/continuous/test/auto/SinusoidInNoise.xml
----------------- Instantiating /home/travis/build/icyphy/ptII/ptolemy/domains/continuous/test/auto/SinusoidInNoise.xml
974 ms. Memory: 305152K Free: 185622K (61%)
----------------- Invoking toplevel() on ptolemy.moml.MoMLSimpleApplication@4c8f087d
----------------- Done invoking toplevel() on ptolemy.moml.MoMLSimpleApplication@4c8f087d
reloadAllAccessors: .SinusoidInNoise

===========================================================================================
----------------- testing Sat Nov 09 06:14:59 UTC 2019 /home/travis/build/icyphy/ptII/ptolemy/domains/continuous/test/auto/SinusoidRK45.xml
----------------- Instantiating /home/travis/build/icyphy/ptII/ptolemy/domains/continuous/test/auto/SinusoidRK45.xml
2 ms. Memory: 305152K Free: 181425K (59%)
----------------- Invoking toplevel() on ptolemy.moml.MoMLSimpleApplication@5f96c20a
----------------- Done invoking toplevel() on ptolemy.moml.MoMLSimpleApplication@5f96c20a
reloadAllAccessors: .SinusoidRK45

===========================================================================================
----------------- testing Sat Nov 09 06:14:59 UTC 2019 /home/travis/build/icyphy/ptII/ptolemy/domains/continuous/test/auto/SinusoidWithMultipleImpulses.xml
----------------- Instantiating /home/travis/build/icyphy/ptII/ptolemy/domains/continuous/test/auto/SinusoidWithMultipleImpulses.xml
3 ms. Memory: 305152K Free: 176815K (58%)
----------------- Invoking toplevel() on ptolemy.moml.MoMLSimpleApplication@542e895b
----------------- Done invoking toplevel() on ptolemy.moml.MoMLSimpleApplication@542e895b
reloadAllAccessors: .SinusoidWithMultipleImpulses

===========================================================================================
----------------- testing Sat Nov 09 06:14:59 UTC 2019 /home/travis/build/icyphy/ptII/ptolemy/domains/continuous/test/auto/SquareWave.xml
----------------- Instantiating /home/travis/build/icyphy/ptII/ptolemy/domains/continuous/test/auto/SquareWave.xml
170 ms. Memory: 305152K Free: 149681K (49%)
----------------- Invoking toplevel() on ptolemy.moml.MoMLSimpleApplication@7b3e6bb4
----------------- Done invoking toplevel() on ptolemy.moml.MoMLSimpleApplication@7b3e6bb4
reloadAllAccessors: .SquareWave

===========================================================================================
----------------- testing Sat Nov 09 06:14:59 UTC 2019 /home/travis/build/icyphy/ptII/ptolemy/domains/continuous/test/auto/Starmac.xml
----------------- Instantiating /home/travis/build/icyphy/ptII/ptolemy/domains/continuous/test/auto/Starmac.xml
3077 ms. Memory: 305152K Free: 190634K (62%)
----------------- Invoking toplevel() on ptolemy.moml.MoMLSimpleApplication@4d09c585
----------------- Done invoking toplevel() on ptolemy.moml.MoMLSimpleApplication@4d09c585
reloadAllAccessors: .Starmac

===========================================================================================
----------------- testing Sat Nov 09 06:15:02 UTC 2019 /home/travis/build/icyphy/ptII/ptolemy/domains/continuous/test/auto/StaticUnits.xml
----------------- Instantiating /home/travis/build/icyphy/ptII/ptolemy/domains/continuous/test/auto/StaticUnits.xml
2142 ms. Memory: 305152K Free: 255571K (84%)
----------------- Invoking toplevel() on ptolemy.moml.MoMLSimpleApplication@5ac82801
----------------- Done invoking toplevel() on ptolemy.moml.MoMLSimpleApplication@5ac82801
reloadAllAccessors: .StaticUnits

===========================================================================================
----------------- testing Sat Nov 09 06:15:05 UTC 2019 /home/travis/build/icyphy/ptII/ptolemy/domains/continuous/test/auto/StickyMasses.xml
----------------- Instantiating /home/travis/build/icyphy/ptII/ptolemy/domains/continuous/test/auto/StickyMasses.xml
143 ms. Memory: 305152K Free: 205905K (67%)
----------------- Invoking toplevel() on ptolemy.moml.MoMLSimpleApplication@65668362
----------------- Done invoking toplevel() on ptolemy.moml.MoMLSimpleApplication@65668362
reloadAllAccessors: .StickyMasses

===========================================================================================
----------------- testing Sat Nov 09 06:15:05 UTC 2019 /home/travis/build/icyphy/ptII/ptolemy/domains/continuous/test/auto/StopTime.xml
----------------- Instantiating /home/travis/build/icyphy/ptII/ptolemy/domains/continuous/test/auto/StopTime.xml
43 ms. Memory: 305152K Free: 180819K (59%)
----------------- Invoking toplevel() on ptolemy.moml.MoMLSimpleApplication@2bdebb7b
----------------- Done invoking toplevel() on ptolemy.moml.MoMLSimpleApplication@2bdebb7b
reloadAllAccessors: .StopTime

===========================================================================================
----------------- testing Sat Nov 09 06:15:05 UTC 2019 /home/travis/build/icyphy/ptII/ptolemy/domains/continuous/test/auto/StopTime2.xml
----------------- Instantiating /home/travis/build/icyphy/ptII/ptolemy/domains/continuous/test/auto/StopTime2.xml
37 ms. Memory: 305152K Free: 158786K (52%)
----------------- Invoking toplevel() on ptolemy.moml.MoMLSimpleApplication@325d1936
----------------- Done invoking toplevel() on ptolemy.moml.MoMLSimpleApplication@325d1936
reloadAllAccessors: .StopTime2

===========================================================================================
----------------- testing Sat Nov 09 06:15:05 UTC 2019 /home/travis/build/icyphy/ptII/ptolemy/domains/continuous/test/auto/Switch.xml
----------------- Instantiating /home/travis/build/icyphy/ptII/ptolemy/domains/continuous/test/auto/Switch.xml
44 ms. Memory: 305152K Free: 133715K (44%)
----------------- Invoking toplevel() on ptolemy.moml.MoMLSimpleApplication@7fd0e17b
----------------- Done invoking toplevel() on ptolemy.moml.MoMLSimpleApplication@7fd0e17b
reloadAllAccessors: .Switch

===========================================================================================
----------------- testing Sat Nov 09 06:15:06 UTC 2019 /home/travis/build/icyphy/ptII/ptolemy/domains/continuous/test/auto/Thermostat.xml
----------------- Instantiating /home/travis/build/icyphy/ptII/ptolemy/domains/continuous/test/auto/Thermostat.xml
214 ms. Memory: 305152K Free: 236779K (78%)
----------------- Invoking toplevel() on ptolemy.moml.MoMLSimpleApplication@2772d13b
----------------- Done invoking toplevel() on ptolemy.moml.MoMLSimpleApplication@2772d13b
reloadAllAccessors: .Thermostat

===========================================================================================
----------------- testing Sat Nov 09 06:15:06 UTC 2019 /home/travis/build/icyphy/ptII/ptolemy/domains/continuous/test/auto/TimeDelay.xml
----------------- Instantiating /home/travis/build/icyphy/ptII/ptolemy/domains/continuous/test/auto/TimeDelay.xml
5 ms. Memory: 305152K Free: 231980K (76%)
----------------- Invoking toplevel() on ptolemy.moml.MoMLSimpleApplication@44eb8359
----------------- Done invoking toplevel() on ptolemy.moml.MoMLSimpleApplication@44eb8359
reloadAllAccessors: .TimeDelay

===========================================================================================
----------------- testing Sat Nov 09 06:15:06 UTC 2019 /home/travis/build/icyphy/ptII/ptolemy/domains/continuous/test/auto/TimeDelay2.xml
----------------- Instantiating /home/travis/build/icyphy/ptII/ptolemy/domains/continuous/test/auto/TimeDelay2.xml
10 ms. Memory: 305152K Free: 222284K (73%)
----------------- Invoking toplevel() on ptolemy.moml.MoMLSimpleApplication@4f32a9cd
----------------- Done invoking toplevel() on ptolemy.moml.MoMLSimpleApplication@4f32a9cd
reloadAllAccessors: .TimeDelay2

===========================================================================================
----------------- testing Sat Nov 09 06:15:06 UTC 2019 /home/travis/build/icyphy/ptII/ptolemy/domains/continuous/test/auto/TimeDelay3.xml
----------------- Instantiating /home/travis/build/icyphy/ptII/ptolemy/domains/continuous/test/auto/TimeDelay3.xml
5 ms. Memory: 305152K Free: 217657K (71%)
----------------- Invoking toplevel() on ptolemy.moml.MoMLSimpleApplication@593a7560
----------------- Done invoking toplevel() on ptolemy.moml.MoMLSimpleApplication@593a7560
reloadAllAccessors: .TimeDelay3

===========================================================================================
----------------- testing Sat Nov 09 06:15:06 UTC 2019 /home/travis/build/icyphy/ptII/ptolemy/domains/continuous/test/auto/TransferAbsentToInside.xml
----------------- Instantiating /home/travis/build/icyphy/ptII/ptolemy/domains/continuous/test/auto/TransferAbsentToInside.xml
31 ms. Memory: 305152K Free: 164396K (54%)
----------------- Invoking toplevel() on ptolemy.moml.MoMLSimpleApplication@4dd4eccf
----------------- Done invoking toplevel() on ptolemy.moml.MoMLSimpleApplication@4dd4eccf
reloadAllAccessors: .TransferAbsentToInside

===========================================================================================
----------------- testing Sat Nov 09 06:15:06 UTC 2019 /home/travis/build/icyphy/ptII/ptolemy/domains/continuous/test/auto/Transmission.xml
----------------- Instantiating /home/travis/build/icyphy/ptII/ptolemy/domains/continuous/test/auto/Transmission.xml
782 ms. Memory: 305152K Free: 281647K (92%)
----------------- Invoking toplevel() on ptolemy.moml.MoMLSimpleApplication@74f42ef4
----------------- Done invoking toplevel() on ptolemy.moml.MoMLSimpleApplication@74f42ef4
reloadAllAccessors: .Transmission

===========================================================================================
----------------- testing Sat Nov 09 06:15:07 UTC 2019 /home/travis/build/icyphy/ptII/ptolemy/domains/continuous/test/auto/TriggeredContinuousClock.xml
----------------- Instantiating /home/travis/build/icyphy/ptII/ptolemy/domains/continuous/test/auto/TriggeredContinuousClock.xml
36 ms. Memory: 305152K Free: 252461K (83%)
----------------- Invoking toplevel() on ptolemy.moml.MoMLSimpleApplication@4298bec1
----------------- Done invoking toplevel() on ptolemy.moml.MoMLSimpleApplication@4298bec1
reloadAllAccessors: .TriggeredContinuousClock

===========================================================================================
----------------- testing Sat Nov 09 06:15:07 UTC 2019 /home/travis/build/icyphy/ptII/ptolemy/domains/continuous/test/auto/TwoMachineInfiniteBusControl.xml
----------------- Instantiating /home/travis/build/icyphy/ptII/ptolemy/domains/continuous/test/auto/TwoMachineInfiniteBusControl.xml
2901 ms. Memory: 366592K Free: 269324K (73%)
----------------- Invoking toplevel() on ptolemy.moml.MoMLSimpleApplication@3c852c94
----------------- Done invoking toplevel() on ptolemy.moml.MoMLSimpleApplication@3c852c94
reloadAllAccessors: .TwoMachineInfiniteBusControl

===========================================================================================
----------------- testing Sat Nov 09 06:15:10 UTC 2019 /home/travis/build/icyphy/ptII/ptolemy/domains/continuous/test/auto/V2V.xml
----------------- Instantiating /home/travis/build/icyphy/ptII/ptolemy/domains/continuous/test/auto/V2V.xml
824 ms. Memory: 366592K Free: 291840K (80%)
----------------- Invoking toplevel() on ptolemy.moml.MoMLSimpleApplication@133eae4
----------------- Done invoking toplevel() on ptolemy.moml.MoMLSimpleApplication@133eae4
reloadAllAccessors: .V2V

===========================================================================================
----------------- testing Sat Nov 09 06:15:11 UTC 2019 /home/travis/build/icyphy/ptII/ptolemy/domains/continuous/test/auto/hierarchicalModalModel.xml
----------------- Instantiating /home/travis/build/icyphy/ptII/ptolemy/domains/continuous/test/auto/hierarchicalModalModel.xml
7 ms. Memory: 366592K Free: 277504K (76%)
----------------- Invoking toplevel() on ptolemy.moml.MoMLSimpleApplication@427fc731
----------------- Done invoking toplevel() on ptolemy.moml.MoMLSimpleApplication@427fc731
reloadAllAccessors: .hierarchicalModalModel

===========================================================================================
----------------- testing Sat Nov 09 06:15:11 UTC 2019 /home/travis/build/icyphy/ptII/ptolemy/domains/continuous/test/auto/hierarchicalModalModel1.xml
----------------- Instantiating /home/travis/build/icyphy/ptII/ptolemy/domains/continuous/test/auto/hierarchicalModalModel1.xml
8 ms. Memory: 366592K Free: 263168K (72%)
----------------- Invoking toplevel() on ptolemy.moml.MoMLSimpleApplication@2c6b3bd3
----------------- Done invoking toplevel() on ptolemy.moml.MoMLSimpleApplication@2c6b3bd3
reloadAllAccessors: .hierarchicalModalModel1

===========================================================================================
----------------- testing Sat Nov 09 06:15:11 UTC 2019 /home/travis/build/icyphy/ptII/ptolemy/domains/continuous/test/auto/hierarchicalModalModel2.xml
----------------- Instantiating /home/travis/build/icyphy/ptII/ptolemy/domains/continuous/test/auto/hierarchicalModalModel2.xml
6 ms. Memory: 366592K Free: 250880K (68%)
----------------- Invoking toplevel() on ptolemy.moml.MoMLSimpleApplication@24d63e4a
----------------- Done invoking toplevel() on ptolemy.moml.MoMLSimpleApplication@24d63e4a
reloadAllAccessors: .hierarchicalModalModel2

===========================================================================================
----------------- testing Sat Nov 09 06:15:11 UTC 2019 /home/travis/build/icyphy/ptII/ptolemy/domains/continuous/test/auto/hierarchicalModalModel3.xml
----------------- Instantiating /home/travis/build/icyphy/ptII/ptolemy/domains/continuous/test/auto/hierarchicalModalModel3.xml
6 ms. Memory: 366592K Free: 240126K (66%)
----------------- Invoking toplevel() on ptolemy.moml.MoMLSimpleApplication@53c0b9d6
----------------- Done invoking toplevel() on ptolemy.moml.MoMLSimpleApplication@53c0b9d6
reloadAllAccessors: .hierarchicalModalModel3

===========================================================================================
----------------- testing Sat Nov 09 06:15:11 UTC 2019 /home/travis/build/icyphy/ptII/ptolemy/domains/continuous/test/auto/hierarchicalModalModel4.xml
----------------- Instantiating /home/travis/build/icyphy/ptII/ptolemy/domains/continuous/test/auto/hierarchicalModalModel4.xml
5 ms. Memory: 366592K Free: 228352K (62%)
----------------- Invoking toplevel() on ptolemy.moml.MoMLSimpleApplication@305a6f3d
----------------- Done invoking toplevel() on ptolemy.moml.MoMLSimpleApplication@305a6f3d
reloadAllAccessors: .hierarchicalModalModel4

===========================================================================================
----------------- testing Sat Nov 09 06:15:11 UTC 2019 /home/travis/build/icyphy/ptII/ptolemy/domains/continuous/test/auto/junk.xml
----------------- Instantiating /home/travis/build/icyphy/ptII/ptolemy/domains/continuous/test/auto/junk.xml
143 ms. Memory: 366592K Free: 202752K (55%)
----------------- Invoking toplevel() on ptolemy.moml.MoMLSimpleApplication@6c73442a
----------------- Done invoking toplevel() on ptolemy.moml.MoMLSimpleApplication@6c73442a
reloadAllAccessors: .junk
AutoTests.java: About to close Vertx.
AutoTests.java: Vertx closed.
]]></system-out>
  <system-err><![CDATA[Warning: '.HysteresisWithRandomDelay.NonStrictTest3' The test produced only 20 tokens, yet the correctValues parameter was expecting 30 tokens.
Warning: '.IncreasingRatePoisson.NonStrictTest' The test produced only 374 tokens, yet the correctValues parameter was expecting 402 tokens.
Warning: '.Poisson.NonStrictTest' The test produced only 393 tokens, yet the correctValues parameter was expecting 430 tokens.
]]></system-err>
</testsuite>
