<?xml version="1.0" encoding="UTF-8" ?>
<testsuite errors="0" failures="0" hostname="travis-job-6ea53b4c-b33f-4291-965c-f65f330cdaf6" name="ptolemy.domains.de.test.junit.JUnitTclTest" skipped="0" tests="101" time="124.608" timestamp="2018-06-20T16:36:14">
  <properties>
[...]
</properties>
  <testcase classname="ptolemy.util.test.junit.TclTests" name="[0] /home/travis/build/icyphy/ptII/ptolemy/domains/de/test/DependencyLoop.tcl (RunTclFile)" time="0.741" />
  <testcase classname="ptolemy.util.test.junit.TclTests" name="[1] /home/travis/build/icyphy/ptII/ptolemy/domains/de/test/RunDETestsAsQSS.tcl (RunTclFile)" time="85.857" />
  <testcase classname="ptolemy.util.test.junit.AutoKnownFailedTests" name="[0] /home/travis/build/icyphy/ptII/ptolemy/domains/de/test/auto/knownFailedTests/DESDFClockTest.xml (RunModel)" time="2.022" />
  <testcase classname="ptolemy.util.test.junit.AutoKnownFailedTests" name="[1] /home/travis/build/icyphy/ptII/ptolemy/domains/de/test/auto/knownFailedTests/DirectFeedback.xml (RunModel)" time="0.006" />
  <testcase classname="ptolemy.util.test.junit.AutoKnownFailedTests" name="[2] /home/travis/build/icyphy/ptII/ptolemy/domains/de/test/auto/knownFailedTests/FSMSource.xml (RunModel)" time="0.016" />
  <testcase classname="ptolemy.util.test.junit.AutoKnownFailedTests" name="[3] /home/travis/build/icyphy/ptII/ptolemy/domains/de/test/auto/knownFailedTests/HierarchicalModel.xml (RunModel)" time="0.025" />
  <testcase classname="ptolemy.util.test.junit.AutoKnownFailedTests" name="[4] /home/travis/build/icyphy/ptII/ptolemy/domains/de/test/auto/knownFailedTests/dependencyLoop.xml (RunModel)" time="0.026" />
  <testcase classname="ptolemy.util.test.junit.AutoKnownFailedTests" name="[5] /home/travis/build/icyphy/ptII/ptolemy/domains/de/test/auto/knownFailedTests/dependencyLoop2.xml (RunModel)" time="0.028" />
  <testcase classname="ptolemy.util.test.junit.AutoNameArchTests" name="[0] ThereAreNoAutoArchTests (RunModel)" time="0.004" />
  <testcase classname="ptolemy.util.test.junit.AutoTests" name="[0] /home/travis/build/icyphy/ptII/ptolemy/domains/de/test/auto/ActorDepthCalculation_actorWithoutPorts.xml (RunModel)" time="0.012" />
  <testcase classname="ptolemy.util.test.junit.AutoTests" name="[1] /home/travis/build/icyphy/ptII/ptolemy/domains/de/test/auto/AssemblyLine.xml (RunModel)" time="0.013" />
  <testcase classname="ptolemy.util.test.junit.AutoTests" name="[2] /home/travis/build/icyphy/ptII/ptolemy/domains/de/test/auto/CQBug1.xml (RunModel)" time="0.006" />
  <testcase classname="ptolemy.util.test.junit.AutoTests" name="[3] /home/travis/build/icyphy/ptII/ptolemy/domains/de/test/auto/CancelFireAt.xml (RunModel)" time="0.004" />
  <testcase classname="ptolemy.util.test.junit.AutoTests" name="[4] /home/travis/build/icyphy/ptII/ptolemy/domains/de/test/auto/CausalityAndComposabilityAnalysis.xml (RunModel)" time="0.01" />
  <testcase classname="ptolemy.util.test.junit.AutoTests" name="[5] /home/travis/build/icyphy/ptII/ptolemy/domains/de/test/auto/CausalityInterface1.xml (RunModel)" time="0.009" />
  <testcase classname="ptolemy.util.test.junit.AutoTests" name="[6] /home/travis/build/icyphy/ptII/ptolemy/domains/de/test/auto/CausalityInterface15.xml (RunModel)" time="0.01" />
  <testcase classname="ptolemy.util.test.junit.AutoTests" name="[7] /home/travis/build/icyphy/ptII/ptolemy/domains/de/test/auto/CausalityInterface2.xml (RunModel)" time="0.01" />
  <testcase classname="ptolemy.util.test.junit.AutoTests" name="[8] /home/travis/build/icyphy/ptII/ptolemy/domains/de/test/auto/CausalityInterface3.xml (RunModel)" time="0.009" />
  <testcase classname="ptolemy.util.test.junit.AutoTests" name="[9] /home/travis/build/icyphy/ptII/ptolemy/domains/de/test/auto/ClockDrift.xml (RunModel)" time="0.027" />
  <testcase classname="ptolemy.util.test.junit.AutoTests" name="[10] /home/travis/build/icyphy/ptII/ptolemy/domains/de/test/auto/ClockDriftAndValueChange.xml (RunModel)" time="0.022" />
  <testcase classname="ptolemy.util.test.junit.AutoTests" name="[11] /home/travis/build/icyphy/ptII/ptolemy/domains/de/test/auto/ClockDriftChange.xml (RunModel)" time="0.019" />
  <testcase classname="ptolemy.util.test.junit.AutoTests" name="[12] /home/travis/build/icyphy/ptII/ptolemy/domains/de/test/auto/ComposableCausalityAnalysis.xml (RunModel)" time="0.013" />
  <testcase classname="ptolemy.util.test.junit.AutoTests" name="[13] /home/travis/build/icyphy/ptII/ptolemy/domains/de/test/auto/DEFixedPointLimitation.xml (RunModel)" time="0.006" />
  <testcase classname="ptolemy.util.test.junit.AutoTests" name="[14] /home/travis/build/icyphy/ptII/ptolemy/domains/de/test/auto/DEScheduleTest.xml (RunModel)" time="0.008" />
  <testcase classname="ptolemy.util.test.junit.AutoTests" name="[15] /home/travis/build/icyphy/ptII/ptolemy/domains/de/test/auto/DEinDEwithStartTimes.xml (RunModel)" time="0.01" />
  <testcase classname="ptolemy.util.test.junit.AutoTests" name="[16] /home/travis/build/icyphy/ptII/ptolemy/domains/de/test/auto/DEinDEwithStartTimes2.xml (RunModel)" time="0.009" />
  <testcase classname="ptolemy.util.test.junit.AutoTests" name="[17] /home/travis/build/icyphy/ptII/ptolemy/domains/de/test/auto/DateDemo.xml (RunModel)" time="0.029" />
  <testcase classname="ptolemy.util.test.junit.AutoTests" name="[18] /home/travis/build/icyphy/ptII/ptolemy/domains/de/test/auto/DateToEvent.xml (RunModel)" time="2.031" />
  <testcase classname="ptolemy.util.test.junit.AutoTests" name="[19] /home/travis/build/icyphy/ptII/ptolemy/domains/de/test/auto/DepthTest1.xml (RunModel)" time="0.008" />
  <testcase classname="ptolemy.util.test.junit.AutoTests" name="[20] /home/travis/build/icyphy/ptII/ptolemy/domains/de/test/auto/DepthTest2.xml (RunModel)" time="0.012" />
  <testcase classname="ptolemy.util.test.junit.AutoTests" name="[21] /home/travis/build/icyphy/ptII/ptolemy/domains/de/test/auto/DepthTest3.xml (RunModel)" time="0.006" />
  <testcase classname="ptolemy.util.test.junit.AutoTests" name="[22] /home/travis/build/icyphy/ptII/ptolemy/domains/de/test/auto/DepthTest4.xml (RunModel)" time="0.011" />
  <testcase classname="ptolemy.util.test.junit.AutoTests" name="[23] /home/travis/build/icyphy/ptII/ptolemy/domains/de/test/auto/DepthTest5.xml (RunModel)" time="0.016" />
  <testcase classname="ptolemy.util.test.junit.AutoTests" name="[24] /home/travis/build/icyphy/ptII/ptolemy/domains/de/test/auto/DepthTest6.xml (RunModel)" time="0.012" />
  <testcase classname="ptolemy.util.test.junit.AutoTests" name="[25] /home/travis/build/icyphy/ptII/ptolemy/domains/de/test/auto/DepthTest7.xml (RunModel)" time="0.009" />
  <testcase classname="ptolemy.util.test.junit.AutoTests" name="[26] /home/travis/build/icyphy/ptII/ptolemy/domains/de/test/auto/EventToDate.xml (RunModel)" time="3.026" />
  <testcase classname="ptolemy.util.test.junit.AutoTests" name="[27] /home/travis/build/icyphy/ptII/ptolemy/domains/de/test/auto/FSM1.xml (RunModel)" time="0.021" />
  <testcase classname="ptolemy.util.test.junit.AutoTests" name="[28] /home/travis/build/icyphy/ptII/ptolemy/domains/de/test/auto/FSM7.xml (RunModel)" time="0.024" />
  <testcase classname="ptolemy.util.test.junit.AutoTests" name="[29] /home/travis/build/icyphy/ptII/ptolemy/domains/de/test/auto/Inspection.xml (RunModel)" time="0.024" />
  <testcase classname="ptolemy.util.test.junit.AutoTests" name="[30] /home/travis/build/icyphy/ptII/ptolemy/domains/de/test/auto/Iteration.xml (RunModel)" time="0.012" />
  <testcase classname="ptolemy.util.test.junit.AutoTests" name="[31] /home/travis/build/icyphy/ptII/ptolemy/domains/de/test/auto/LineFault.xml (RunModel)" time="0.37" />
  <testcase classname="ptolemy.util.test.junit.AutoTests" name="[32] /home/travis/build/icyphy/ptII/ptolemy/domains/de/test/auto/MergeModel1Add.xml (RunModel)" time="0.037" />
  <testcase classname="ptolemy.util.test.junit.AutoTests" name="[33] /home/travis/build/icyphy/ptII/ptolemy/domains/de/test/auto/MergeModel2Add.xml (RunModel)" time="0.026" />
  <testcase classname="ptolemy.util.test.junit.AutoTests" name="[34] /home/travis/build/icyphy/ptII/ptolemy/domains/de/test/auto/MergeModel3Add.xml (RunModel)" time="0.034" />
  <testcase classname="ptolemy.util.test.junit.AutoTests" name="[35] /home/travis/build/icyphy/ptII/ptolemy/domains/de/test/auto/MergeWithoutDiscard.xml (RunModel)" time="0.007" />
  <testcase classname="ptolemy.util.test.junit.AutoTests" name="[36] /home/travis/build/icyphy/ptII/ptolemy/domains/de/test/auto/Modal1.xml (RunModel)" time="0.019" />
  <testcase classname="ptolemy.util.test.junit.AutoTests" name="[37] /home/travis/build/icyphy/ptII/ptolemy/domains/de/test/auto/Modal2.xml (RunModel)" time="0.023" />
  <testcase classname="ptolemy.util.test.junit.AutoTests" name="[38] /home/travis/build/icyphy/ptII/ptolemy/domains/de/test/auto/Modal3.xml (RunModel)" time="0.021" />
  <testcase classname="ptolemy.util.test.junit.AutoTests" name="[39] /home/travis/build/icyphy/ptII/ptolemy/domains/de/test/auto/Modal4.xml (RunModel)" time="0.021" />
  <testcase classname="ptolemy.util.test.junit.AutoTests" name="[40] /home/travis/build/icyphy/ptII/ptolemy/domains/de/test/auto/Modal5.xml (RunModel)" time="0.019" />
  <testcase classname="ptolemy.util.test.junit.AutoTests" name="[41] /home/travis/build/icyphy/ptII/ptolemy/domains/de/test/auto/Modal6.xml (RunModel)" time="0.018" />
  <testcase classname="ptolemy.util.test.junit.AutoTests" name="[42] /home/travis/build/icyphy/ptII/ptolemy/domains/de/test/auto/Modal7.xml (RunModel)" time="0.023" />
  <testcase classname="ptolemy.util.test.junit.AutoTests" name="[43] /home/travis/build/icyphy/ptII/ptolemy/domains/de/test/auto/ModalModel.xml (RunModel)" time="0.115" />
  <testcase classname="ptolemy.util.test.junit.AutoTests" name="[44] /home/travis/build/icyphy/ptII/ptolemy/domains/de/test/auto/ModalSource.xml (RunModel)" time="0.014" />
  <testcase classname="ptolemy.util.test.junit.AutoTests" name="[45] /home/travis/build/icyphy/ptII/ptolemy/domains/de/test/auto/NonInterruptibleTimerZeroDelay.xml (RunModel)" time="0.015" />
  <testcase classname="ptolemy.util.test.junit.AutoTests" name="[46] /home/travis/build/icyphy/ptII/ptolemy/domains/de/test/auto/OpenQueueingNetwork.xml (RunModel)" time="1.594" />
  <testcase classname="ptolemy.util.test.junit.AutoTests" name="[47] /home/travis/build/icyphy/ptII/ptolemy/domains/de/test/auto/OpenQueuingNetwork.xml (RunModel)" time="0.216" />
  <testcase classname="ptolemy.util.test.junit.AutoTests" name="[48] /home/travis/build/icyphy/ptII/ptolemy/domains/de/test/auto/PeriodicSampler.xml (RunModel)" time="0.007" />
  <testcase classname="ptolemy.util.test.junit.AutoTests" name="[49] /home/travis/build/icyphy/ptII/ptolemy/domains/de/test/auto/PersistentIO.xml (RunModel)" time="0.018" />
  <testcase classname="ptolemy.util.test.junit.AutoTests" name="[50] /home/travis/build/icyphy/ptII/ptolemy/domains/de/test/auto/PortParameterResetOnInitialize.xml (RunModel)" time="0.009" />
  <testcase classname="ptolemy.util.test.junit.AutoTests" name="[51] /home/travis/build/icyphy/ptII/ptolemy/domains/de/test/auto/PortParameterUpdates.xml (RunModel)" time="0.013" />
  <testcase classname="ptolemy.util.test.junit.AutoTests" name="[52] /home/travis/build/icyphy/ptII/ptolemy/domains/de/test/auto/QueueAndServer.xml (RunModel)" time="0.018" />
  <testcase classname="ptolemy.util.test.junit.AutoTests" name="[53] /home/travis/build/icyphy/ptII/ptolemy/domains/de/test/auto/Records.xml (RunModel)" time="0.013" />
  <testcase classname="ptolemy.util.test.junit.AutoTests" name="[54] /home/travis/build/icyphy/ptII/ptolemy/domains/de/test/auto/ResetTransitionWithStartTime1.xml (RunModel)" time="0.024" />
  <testcase classname="ptolemy.util.test.junit.AutoTests" name="[55] /home/travis/build/icyphy/ptII/ptolemy/domains/de/test/auto/ResetTransitionWithStartTime2.xml (RunModel)" time="0.017" />
  <testcase classname="ptolemy.util.test.junit.AutoTests" name="[56] /home/travis/build/icyphy/ptII/ptolemy/domains/de/test/auto/ResetTransitionWithStartTime3.xml (RunModel)" time="0.019" />
  <testcase classname="ptolemy.util.test.junit.AutoTests" name="[57] /home/travis/build/icyphy/ptII/ptolemy/domains/de/test/auto/ResetTransitionWithStartTime4.xml (RunModel)" time="0.017" />
  <testcase classname="ptolemy.util.test.junit.AutoTests" name="[58] /home/travis/build/icyphy/ptII/ptolemy/domains/de/test/auto/ResettableTimer1.xml (RunModel)" time="0.012" />
  <testcase classname="ptolemy.util.test.junit.AutoTests" name="[59] /home/travis/build/icyphy/ptII/ptolemy/domains/de/test/auto/ResettableTimer2.xml (RunModel)" time="0.009" />
  <testcase classname="ptolemy.util.test.junit.AutoTests" name="[60] /home/travis/build/icyphy/ptII/ptolemy/domains/de/test/auto/ResettableTimer3.xml (RunModel)" time="0.011" />
  <testcase classname="ptolemy.util.test.junit.AutoTests" name="[61] /home/travis/build/icyphy/ptII/ptolemy/domains/de/test/auto/ResettableTimer4.xml (RunModel)" time="0.01" />
  <testcase classname="ptolemy.util.test.junit.AutoTests" name="[62] /home/travis/build/icyphy/ptII/ptolemy/domains/de/test/auto/ResettableTimer5.xml (RunModel)" time="0.009" />
  <testcase classname="ptolemy.util.test.junit.AutoTests" name="[63] /home/travis/build/icyphy/ptII/ptolemy/domains/de/test/auto/ResettableTimer6.xml (RunModel)" time="0.02" />
  <testcase classname="ptolemy.util.test.junit.AutoTests" name="[64] /home/travis/build/icyphy/ptII/ptolemy/domains/de/test/auto/ServerZeroDelay.xml (RunModel)" time="0.012" />
  <testcase classname="ptolemy.util.test.junit.AutoTests" name="[65] /home/travis/build/icyphy/ptII/ptolemy/domains/de/test/auto/SmartSender.xml (RunModel)" time="3.008" />
  <testcase classname="ptolemy.util.test.junit.AutoTests" name="[66] /home/travis/build/icyphy/ptII/ptolemy/domains/de/test/auto/ThreadedComposite.xml (RunModel)" time="0.12" />
  <testcase classname="ptolemy.util.test.junit.AutoTests" name="[67] /home/travis/build/icyphy/ptII/ptolemy/domains/de/test/auto/Time.xml (RunModel)" time="0.417" />
  <testcase classname="ptolemy.util.test.junit.AutoTests" name="[68] /home/travis/build/icyphy/ptII/ptolemy/domains/de/test/auto/TimeDelayZeroDelay.xml (RunModel)" time="0.014" />
  <testcase classname="ptolemy.util.test.junit.AutoTests" name="[69] /home/travis/build/icyphy/ptII/ptolemy/domains/de/test/auto/TimerZeroDelay.xml (RunModel)" time="0.008" />
  <testcase classname="ptolemy.util.test.junit.AutoTests" name="[70] /home/travis/build/icyphy/ptII/ptolemy/domains/de/test/auto/TimingParadox.xml (RunModel)" time="0.328" />
  <testcase classname="ptolemy.util.test.junit.AutoTests" name="[71] /home/travis/build/icyphy/ptII/ptolemy/domains/de/test/auto/TransferInputs.xml (RunModel)" time="0.009" />
  <testcase classname="ptolemy.util.test.junit.AutoTests" name="[72] /home/travis/build/icyphy/ptII/ptolemy/domains/de/test/auto/TransferOutputs2.xml (RunModel)" time="0.014" />
  <testcase classname="ptolemy.util.test.junit.AutoTests" name="[73] /home/travis/build/icyphy/ptII/ptolemy/domains/de/test/auto/Trilateration.xml (RunModel)" time="11.323" />
  <testcase classname="ptolemy.util.test.junit.AutoTests" name="[74] /home/travis/build/icyphy/ptII/ptolemy/domains/de/test/auto/TwoSigmaDelta.xml (RunModel)" time="1.916" />
  <testcase classname="ptolemy.util.test.junit.AutoTests" name="[75] /home/travis/build/icyphy/ptII/ptolemy/domains/de/test/auto/VariableDelay.xml (RunModel)" time="0.008" />
  <testcase classname="ptolemy.util.test.junit.AutoTests" name="[76] /home/travis/build/icyphy/ptII/ptolemy/domains/de/test/auto/VariableDelay2.xml (RunModel)" time="0.008" />
  <testcase classname="ptolemy.util.test.junit.AutoTests" name="[77] /home/travis/build/icyphy/ptII/ptolemy/domains/de/test/auto/VariableDelayZeroDelay.xml (RunModel)" time="0.01" />
  <testcase classname="ptolemy.util.test.junit.AutoTests" name="[78] /home/travis/build/icyphy/ptII/ptolemy/domains/de/test/auto/VariableDelayZeroDelay2.xml (RunModel)" time="0.009" />
  <testcase classname="ptolemy.util.test.junit.AutoTests" name="[79] /home/travis/build/icyphy/ptII/ptolemy/domains/de/test/auto/deInCt.xml (RunModel)" time="0.016" />
  <testcase classname="ptolemy.util.test.junit.AutoTests" name="[80] /home/travis/build/icyphy/ptII/ptolemy/domains/de/test/auto/deInCt2.xml (RunModel)" time="0.017" />
  <testcase classname="ptolemy.util.test.junit.AutoTests" name="[81] /home/travis/build/icyphy/ptII/ptolemy/domains/de/test/auto/dynamicCausalityInterface1.xml (RunModel)" time="0.017" />
  <testcase classname="ptolemy.util.test.junit.AutoTests" name="[82] /home/travis/build/icyphy/ptII/ptolemy/domains/de/test/auto/fsm_de_test.xml (RunModel)" time="0.02" />
  <testcase classname="ptolemy.util.test.junit.AutoTests" name="[83] /home/travis/build/icyphy/ptII/ptolemy/domains/de/test/auto/functionDependencyReconstruction.xml (RunModel)" time="0.035" />
  <testcase classname="ptolemy.util.test.junit.AutoTests" name="[84] /home/travis/build/icyphy/ptII/ptolemy/domains/de/test/auto/multirate.xml (RunModel)" time="0.015" />
  <testcase classname="ptolemy.util.test.junit.AutoTests" name="[85] /home/travis/build/icyphy/ptII/ptolemy/domains/de/test/auto/multirate2.xml (RunModel)" time="0.014" />
  <testcase classname="ptolemy.util.test.junit.AutoTests" name="[86] /home/travis/build/icyphy/ptII/ptolemy/domains/de/test/auto/realtime.xml (RunModel)" time="10.01" />
  <testcase classname="ptolemy.util.test.junit.AutoTests" name="[87] /home/travis/build/icyphy/ptII/ptolemy/domains/de/test/auto/relationGroup.xml (RunModel)" time="0.008" />
  <testcase classname="ptolemy.util.test.junit.AutoTests" name="[88] /home/travis/build/icyphy/ptII/ptolemy/domains/de/test/auto/relationGroup2.xml (RunModel)" time="0.005" />
  <testcase classname="ptolemy.util.test.junit.AutoTests" name="[89] /home/travis/build/icyphy/ptII/ptolemy/domains/de/test/auto/sortWithOpaquePorts.xml (RunModel)" time="0.008" />
  <testcase classname="ptolemy.util.test.junit.AutoTests" name="[90] /home/travis/build/icyphy/ptII/ptolemy/domains/de/test/auto/transferInputsandOutputs.xml (RunModel)" time="0.011" />
  <testcase classname="ptolemy.util.test.junit.AutoTests" name="[91] /home/travis/build/icyphy/ptII/ptolemy/domains/de/test/auto/triggerType.xml (RunModel)" time="0.009" />
  <system-out><![CDATA[/home/travis/build/icyphy/ptII/ptolemy/domains/de/test/DependencyLoop.tcl
testDefs.tcl: setting time out to 9000 seconds at Wed Jun 20 16:36:14 UTC 2018
14 ms. Memory: 116224K Free: 93809K (81%)
6 ms. Memory: 146944K Free: 135498K (92%)
/home/travis/build/icyphy/ptII/ptolemy/domains/de/test/RunDETestsAsQSS.tcl
Run the DE tests using ptolemy.domains.qss.test.QSSDirectorTest, which extends QSSDirector and prints a message in the constructors.
------------------ testing $PTII/ptolemy/domains/de/test/auto/knownFailedTests/dependencyLoop.xml (Known Failure) 
11 ms. Memory: 146944K Free: 132386K (90%)


==== $PTIIhome/travis/build/icyphy/ptII/ptolemy/domains/de/test/../../../../: Auto Automatic test in file $PTII/ptolemy/domains/de/test/auto/knownFailedTests/dependencyLoop.xml
==== Contents of test case:

	    # FIXME: we should use $relativeFilename here, but it
	    # might have backslashes under Windows, which causes no end
	    # of trouble.
	    createAndExecute $file
	    list {}
	
.... Test generated KNOWN error:
    while executing
ptolemy.kernel.util.IllegalActionException: Found a zero delay loop containing .dependencyLoop.original
  in .dependencyLoop and .dependencyLoop.original
	at ptolemy.actor.util.CausalityInterfaceForComposites._computeOutputPortDepth(CausalityInterfaceForComposites.java:759)
	at ptolemy.actor.util.CausalityInterfaceForComposites._computeInputDepth(CausalityInterfaceForComposites.java:696)
	at ptolemy.actor.util.CausalityInterfaceForComposites._computeOutputPortDepth(CausalityInterfaceForComposites.java:765)
	at ptolemy.actor.util.CausalityInterfaceForComposites._computeInputDepth(CausalityInterfaceForComposites.java:696)
	at ptolemy.actor.util.CausalityInterfaceForComposites._computeOutputPortDepth(CausalityInterfaceForComposites.java:765)
	at ptolemy.actor.util.CausalityInterfaceForComposites._computeInputDepth(CausalityInterfaceForComposites.java:696)
	at ptolemy.actor.util.CausalityInterfaceForComposites._computeActorDepth(CausalityInterfaceForComposites.java:532)
	at ptolemy.actor.util.CausalityInterfaceForComposites.checkForCycles(CausalityInterfaceForComposites.java:96)
	at ptolemy.domains.de.kernel.DEDirector.preinitialize(DEDirector.java:1338)
	at ptolemy.actor.CompositeActor.preinitialize(CompositeActor.java:1828)
	at ptolemy.actor.Manager.preinitializeAndResolveTypes(Manager.java:1040)
	at ptolemy.actor.Manager.initialize(Manager.java:710)
	at ptolemy.actor.Manager.execute(Manager.java:356)
	at ptolemy.actor.Manager.run(Manager.java:1263)
	at ptolemy.actor.Manager$PtolemyRunThread.run(Manager.java:1915)

    while executing
ptolemy.kernel.util.IllegalActionException: Found a zero delay loop containing .dependencyLoop.original
  in .dependencyLoop and .dependencyLoop.original
    while executing
"java::new ptolemy.moml.MoMLSimpleApplication $file
"
    (procedure "createAndExecute" line 2)
    invoked from within
"createAndExecute $file"
    ("uplevel" body line 5)
    invoked from within
"uplevel $contents_of_test"
------------------ testing $PTII/ptolemy/domains/de/test/auto/knownFailedTests/DESDFClockTest.xml (Known Failure) 
2059 ms. Memory: 146944K Free: 116546K (79%)


==== $PTIIhome/travis/build/icyphy/ptII/ptolemy/domains/de/test/../../../../: Auto Automatic test in file $PTII/ptolemy/domains/de/test/auto/knownFailedTests/DESDFClockTest.xml
==== Contents of test case:

	    # FIXME: we should use $relativeFilename here, but it
	    # might have backslashes under Windows, which causes no end
	    # of trouble.
	    createAndExecute $file
	    list {}
	
.... Test generated KNOWN error:
    while executing
ptolemy.kernel.util.IllegalActionException: Actor is not ready to fire.  Perhaps UpSample.prefire() returned false? Try debugging the actor by selecting "Listen to Actor".  Also, for SDF check moml for tokenConsumptionRate on input.
  in .DESDFClockTest.Play Bell.Copy1:SDF Director and .DESDFClockTest.Play Bell.UpSample
	at ptolemy.actor.sched.StaticSchedulingDirector.fire(StaticSchedulingDirector.java:227)
	at ptolemy.domains.sdf.kernel.SDFDirector.fire(SDFDirector.java:500)
	at ptolemy.actor.CompositeActor.fire(CompositeActor.java:455)
	at ptolemy.domains.de.kernel.DEDirector._fire(DEDirector.java:1949)
	at ptolemy.domains.de.kernel.DEDirector.fire(DEDirector.java:502)
	at ptolemy.actor.CompositeActor.fire(CompositeActor.java:455)
	at ptolemy.actor.Manager.iterate(Manager.java:851)
	at ptolemy.actor.Manager.execute(Manager.java:369)
	at ptolemy.actor.Manager.run(Manager.java:1263)
	at ptolemy.actor.Manager$PtolemyRunThread.run(Manager.java:1915)

    while executing
ptolemy.kernel.util.IllegalActionException: Actor is not ready to fire.  Perhaps UpSample.prefire() returned false? Try debugging the actor by selecting "Listen to Actor".  Also, for SDF check moml for tokenConsumptionRate on input.
  in .DESDFClockTest.Play Bell.Copy1:SDF Director and .DESDFClockTest.Play Bell.UpSample
    while executing
"java::new ptolemy.moml.MoMLSimpleApplication $file
"
    (procedure "createAndExecute" line 2)
    invoked from within
"createAndExecute $file"
    ("uplevel" body line 5)
    invoked from within
"uplevel $contents_of_test"
------------------ testing $PTII/ptolemy/domains/de/test/auto/knownFailedTests/FSMSource.xml (Known Failure) 
39 ms. Memory: 146944K Free: 107012K (73%)
!!!! Auto was marked as failing, but now passes
------------------ testing $PTII/ptolemy/domains/de/test/auto/knownFailedTests/dependencyLoop2.xml (Known Failure) 
12 ms. Memory: 146944K Free: 105153K (72%)


==== $PTIIhome/travis/build/icyphy/ptII/ptolemy/domains/de/test/../../../../: Auto Automatic test in file $PTII/ptolemy/domains/de/test/auto/knownFailedTests/dependencyLoop2.xml
==== Contents of test case:

	    # FIXME: we should use $relativeFilename here, but it
	    # might have backslashes under Windows, which causes no end
	    # of trouble.
	    createAndExecute $file
	    list {}
	
.... Test generated KNOWN error:
    while executing
ptolemy.kernel.util.IllegalActionException: Found a zero delay loop containing .dependencyLoop2.original
  in .dependencyLoop2 and .dependencyLoop2.original
	at ptolemy.actor.util.CausalityInterfaceForComposites._computeOutputPortDepth(CausalityInterfaceForComposites.java:759)
	at ptolemy.actor.util.CausalityInterfaceForComposites._computeInputDepth(CausalityInterfaceForComposites.java:696)
	at ptolemy.actor.util.CausalityInterfaceForComposites._computeOutputPortDepth(CausalityInterfaceForComposites.java:765)
	at ptolemy.actor.util.CausalityInterfaceForComposites._computeInputDepth(CausalityInterfaceForComposites.java:696)
	at ptolemy.actor.util.CausalityInterfaceForComposites._computeOutputPortDepth(CausalityInterfaceForComposites.java:765)
	at ptolemy.actor.util.CausalityInterfaceForComposites._computeInputDepth(CausalityInterfaceForComposites.java:696)
	at ptolemy.actor.util.CausalityInterfaceForComposites._computeActorDepth(CausalityInterfaceForComposites.java:532)
	at ptolemy.actor.util.CausalityInterfaceForComposites.checkForCycles(CausalityInterfaceForComposites.java:96)
	at ptolemy.domains.de.kernel.DEDirector.preinitialize(DEDirector.java:1338)
	at ptolemy.actor.CompositeActor.preinitialize(CompositeActor.java:1828)
	at ptolemy.actor.Manager.preinitializeAndResolveTypes(Manager.java:1040)
	at ptolemy.actor.Manager.initialize(Manager.java:710)
	at ptolemy.actor.Manager.execute(Manager.java:356)
	at ptolemy.actor.Manager.run(Manager.java:1263)
	at ptolemy.actor.Manager$PtolemyRunThread.run(Manager.java:1915)

    while executing
ptolemy.kernel.util.IllegalActionException: Found a zero delay loop containing .dependencyLoop2.original
  in .dependencyLoop2 and .dependencyLoop2.original
    while executing
"java::new ptolemy.moml.MoMLSimpleApplication $file
"
    (procedure "createAndExecute" line 2)
    invoked from within
"createAndExecute $file"
    ("uplevel" body line 5)
    invoked from within
"uplevel $contents_of_test"
------------------ testing $PTII/ptolemy/domains/de/test/auto/knownFailedTests/HierarchicalModel.xml (Known Failure) 
5 ms. Memory: 146944K Free: 84628K (58%)


==== $PTIIhome/travis/build/icyphy/ptII/ptolemy/domains/de/test/../../../../: Auto Automatic test in file $PTII/ptolemy/domains/de/test/auto/knownFailedTests/HierarchicalModel.xml
==== Contents of test case:

	    # FIXME: we should use $relativeFilename here, but it
	    # might have backslashes under Windows, which causes no end
	    # of trouble.
	    createAndExecute $file
	    list {}
	
.... Test generated KNOWN error:
    while executing
ptolemy.kernel.util.IllegalActionException: Found a zero delay loop containing .HierarchicalModel.A
  in .HierarchicalModel and .HierarchicalModel.A
	at ptolemy.actor.util.CausalityInterfaceForComposites._computeOutputPortDepth(CausalityInterfaceForComposites.java:759)
	at ptolemy.actor.util.CausalityInterfaceForComposites._computeInputDepth(CausalityInterfaceForComposites.java:696)
	at ptolemy.actor.util.CausalityInterfaceForComposites._computeOutputPortDepth(CausalityInterfaceForComposites.java:765)
	at ptolemy.actor.util.CausalityInterfaceForComposites._computeInputDepth(CausalityInterfaceForComposites.java:696)
	at ptolemy.actor.util.CausalityInterfaceForComposites._computeOutputPortDepth(CausalityInterfaceForComposites.java:765)
	at ptolemy.actor.util.CausalityInterfaceForComposites._computeInputDepth(CausalityInterfaceForComposites.java:696)
	at ptolemy.actor.util.CausalityInterfaceForComposites._computeActorDepth(CausalityInterfaceForComposites.java:532)
	at ptolemy.actor.util.CausalityInterfaceForComposites.checkForCycles(CausalityInterfaceForComposites.java:96)
	at ptolemy.domains.de.kernel.DEDirector.preinitialize(DEDirector.java:1338)
	at ptolemy.actor.CompositeActor.preinitialize(CompositeActor.java:1828)
	at ptolemy.actor.Manager.preinitializeAndResolveTypes(Manager.java:1040)
	at ptolemy.actor.Manager.initialize(Manager.java:710)
	at ptolemy.actor.Manager.execute(Manager.java:356)
	at ptolemy.actor.Manager.run(Manager.java:1263)
	at ptolemy.actor.Manager$PtolemyRunThread.run(Manager.java:1915)

    while executing
ptolemy.kernel.util.IllegalActionException: Found a zero delay loop containing .HierarchicalModel.A
  in .HierarchicalModel and .HierarchicalModel.A
    while executing
"java::new ptolemy.moml.MoMLSimpleApplication $file
"
    (procedure "createAndExecute" line 2)
    invoked from within
"createAndExecute $file"
    ("uplevel" body line 5)
    invoked from within
"uplevel $contents_of_test"
------------------ testing $PTII/ptolemy/domains/de/test/auto/knownFailedTests/DirectFeedback.xml (Known Failure) 
8 ms. Memory: 146944K Free: 140100K (95%)


==== $PTIIhome/travis/build/icyphy/ptII/ptolemy/domains/de/test/../../../../: Auto Automatic test in file $PTII/ptolemy/domains/de/test/auto/knownFailedTests/DirectFeedback.xml
==== Contents of test case:

	    # FIXME: we should use $relativeFilename here, but it
	    # might have backslashes under Windows, which causes no end
	    # of trouble.
	    createAndExecute $file
	    list {}
	
.... Test generated KNOWN error:
    while executing
ptolemy.kernel.util.IllegalActionException: Test fails in iteration 1.
Value was: 1.0. Should have been: 2.0
  in .DirectFeedback.Test
	at ptolemy.actor.lib.Test.fire(Test.java:268)
	at ptolemy.domains.de.kernel.DEDirector._fire(DEDirector.java:1949)
	at ptolemy.domains.de.kernel.DEDirector.fire(DEDirector.java:502)
	at ptolemy.actor.CompositeActor.fire(CompositeActor.java:455)
	at ptolemy.actor.Manager.iterate(Manager.java:851)
	at ptolemy.actor.Manager.execute(Manager.java:369)
	at ptolemy.actor.Manager.run(Manager.java:1263)
	at ptolemy.actor.Manager$PtolemyRunThread.run(Manager.java:1915)

    while executing
ptolemy.kernel.util.IllegalActionException: Test fails in iteration 1.
Value was: 1.0. Should have been: 2.0
  in .DirectFeedback.Test
    while executing
"java::new ptolemy.moml.MoMLSimpleApplication $file
"
    (procedure "createAndExecute" line 2)
    invoked from within
"createAndExecute $file"
    ("uplevel" body line 5)
    invoked from within
"uplevel $contents_of_test"
------------------ testing $PTII/ptolemy/domains/de/test/auto/ActorDepthCalculation_actorWithoutPorts.xml
auto.tcl: Setting watchdog for 200 seconds at Wed Jun 20 16:36:18 UTC 2018
5 ms. Memory: 146944K Free: 132430K (90%)
ptolemy.util.test.WatchDog.cancel(): canceling Wed Jun 20 16:36:18 UTC 2018
auto.tcl: Setting watchdog for 200 seconds at Wed Jun 20 16:36:18 UTC 2018
4 ms. Memory: 146944K Free: 131388K (89%)
ptolemy.util.test.WatchDog.cancel(): canceling Wed Jun 20 16:36:18 UTC 2018
------------------ testing $PTII/ptolemy/domains/de/test/auto/AssemblyLine.xml
auto.tcl: Setting watchdog for 200 seconds at Wed Jun 20 16:36:18 UTC 2018
42 ms. Memory: 208384K Free: 186510K (90%)
ptolemy.util.test.WatchDog.cancel(): canceling Wed Jun 20 16:36:18 UTC 2018
auto.tcl: Setting watchdog for 200 seconds at Wed Jun 20 16:36:18 UTC 2018
18 ms. Memory: 208384K Free: 182824K (88%)
ptolemy.util.test.WatchDog.cancel(): canceling Wed Jun 20 16:36:18 UTC 2018
------------------ testing $PTII/ptolemy/domains/de/test/auto/CQBug1.xml
auto.tcl: Setting watchdog for 200 seconds at Wed Jun 20 16:36:18 UTC 2018
3 ms. Memory: 208384K Free: 197710K (95%)
ptolemy.util.test.WatchDog.cancel(): canceling Wed Jun 20 16:36:18 UTC 2018
auto.tcl: Setting watchdog for 200 seconds at Wed Jun 20 16:36:18 UTC 2018
2 ms. Memory: 208384K Free: 197710K (95%)
ptolemy.util.test.WatchDog.cancel(): canceling Wed Jun 20 16:36:19 UTC 2018
------------------ testing $PTII/ptolemy/domains/de/test/auto/CancelFireAt.xml
auto.tcl: Setting watchdog for 200 seconds at Wed Jun 20 16:36:19 UTC 2018
3 ms. Memory: 208384K Free: 201436K (97%)
ptolemy.util.test.WatchDog.cancel(): canceling Wed Jun 20 16:36:19 UTC 2018
auto.tcl: Setting watchdog for 200 seconds at Wed Jun 20 16:36:19 UTC 2018
8 ms. Memory: 208384K Free: 199330K (96%)
ptolemy.util.test.WatchDog.cancel(): canceling Wed Jun 20 16:36:19 UTC 2018
------------------ testing $PTII/ptolemy/domains/de/test/auto/CausalityAndComposabilityAnalysis.xml
auto.tcl: Setting watchdog for 200 seconds at Wed Jun 20 16:36:19 UTC 2018
11 ms. Memory: 208384K Free: 196485K (94%)
ptolemy.util.test.WatchDog.cancel(): canceling Wed Jun 20 16:36:19 UTC 2018
auto.tcl: Setting watchdog for 200 seconds at Wed Jun 20 16:36:19 UTC 2018
5 ms. Memory: 208384K Free: 196485K (94%)
ptolemy.util.test.WatchDog.cancel(): canceling Wed Jun 20 16:36:19 UTC 2018
------------------ testing $PTII/ptolemy/domains/de/test/auto/CausalityInterface1.xml
auto.tcl: Setting watchdog for 200 seconds at Wed Jun 20 16:36:19 UTC 2018
14 ms. Memory: 208384K Free: 196422K (94%)
ptolemy.util.test.WatchDog.cancel(): canceling Wed Jun 20 16:36:19 UTC 2018
auto.tcl: Setting watchdog for 200 seconds at Wed Jun 20 16:36:19 UTC 2018
3 ms. Memory: 208384K Free: 196422K (94%)
ptolemy.util.test.WatchDog.cancel(): canceling Wed Jun 20 16:36:19 UTC 2018
------------------ testing $PTII/ptolemy/domains/de/test/auto/CausalityInterface15.xml
auto.tcl: Setting watchdog for 200 seconds at Wed Jun 20 16:36:19 UTC 2018
7 ms. Memory: 208384K Free: 196412K (94%)
ptolemy.util.test.WatchDog.cancel(): canceling Wed Jun 20 16:36:19 UTC 2018
auto.tcl: Setting watchdog for 200 seconds at Wed Jun 20 16:36:19 UTC 2018
3 ms. Memory: 208384K Free: 196412K (94%)
ptolemy.util.test.WatchDog.cancel(): canceling Wed Jun 20 16:36:19 UTC 2018
------------------ testing $PTII/ptolemy/domains/de/test/auto/CausalityInterface2.xml
auto.tcl: Setting watchdog for 200 seconds at Wed Jun 20 16:36:19 UTC 2018
3 ms. Memory: 208384K Free: 196733K (94%)
ptolemy.util.test.WatchDog.cancel(): canceling Wed Jun 20 16:36:19 UTC 2018
auto.tcl: Setting watchdog for 200 seconds at Wed Jun 20 16:36:19 UTC 2018
2 ms. Memory: 208384K Free: 196733K (94%)
ptolemy.util.test.WatchDog.cancel(): canceling Wed Jun 20 16:36:19 UTC 2018
------------------ testing $PTII/ptolemy/domains/de/test/auto/CausalityInterface3.xml
auto.tcl: Setting watchdog for 200 seconds at Wed Jun 20 16:36:19 UTC 2018
17 ms. Memory: 208384K Free: 196408K (94%)
ptolemy.util.test.WatchDog.cancel(): canceling Wed Jun 20 16:36:19 UTC 2018
auto.tcl: Setting watchdog for 200 seconds at Wed Jun 20 16:36:19 UTC 2018
8 ms. Memory: 208384K Free: 196408K (94%)
ptolemy.util.test.WatchDog.cancel(): canceling Wed Jun 20 16:36:19 UTC 2018
------------------ testing $PTII/ptolemy/domains/de/test/auto/ClockDrift.xml
auto.tcl: Setting watchdog for 200 seconds at Wed Jun 20 16:36:19 UTC 2018
105 ms. Memory: 208384K Free: 187614K (90%)
ptolemy.util.test.WatchDog.cancel(): canceling Wed Jun 20 16:36:19 UTC 2018
auto.tcl: Setting watchdog for 200 seconds at Wed Jun 20 16:36:19 UTC 2018
38 ms. Memory: 208384K Free: 185508K (89%)
ptolemy.util.test.WatchDog.cancel(): canceling Wed Jun 20 16:36:19 UTC 2018
------------------ testing $PTII/ptolemy/domains/de/test/auto/ClockDriftAndValueChange.xml
auto.tcl: Setting watchdog for 200 seconds at Wed Jun 20 16:36:19 UTC 2018
52 ms. Memory: 208384K Free: 187451K (90%)
ptolemy.util.test.WatchDog.cancel(): canceling Wed Jun 20 16:36:20 UTC 2018
auto.tcl: Setting watchdog for 200 seconds at Wed Jun 20 16:36:20 UTC 2018
34 ms. Memory: 208384K Free: 185345K (89%)
ptolemy.util.test.WatchDog.cancel(): canceling Wed Jun 20 16:36:20 UTC 2018
------------------ testing $PTII/ptolemy/domains/de/test/auto/ClockDriftChange.xml
auto.tcl: Setting watchdog for 200 seconds at Wed Jun 20 16:36:20 UTC 2018
30 ms. Memory: 208384K Free: 190784K (92%)
ptolemy.util.test.WatchDog.cancel(): canceling Wed Jun 20 16:36:20 UTC 2018
auto.tcl: Setting watchdog for 200 seconds at Wed Jun 20 16:36:20 UTC 2018
27 ms. Memory: 208384K Free: 188679K (91%)
ptolemy.util.test.WatchDog.cancel(): canceling Wed Jun 20 16:36:20 UTC 2018
------------------ testing $PTII/ptolemy/domains/de/test/auto/ComposableCausalityAnalysis.xml
auto.tcl: Setting watchdog for 200 seconds at Wed Jun 20 16:36:20 UTC 2018
3 ms. Memory: 208384K Free: 196600K (94%)
ptolemy.util.test.WatchDog.cancel(): canceling Wed Jun 20 16:36:20 UTC 2018
auto.tcl: Setting watchdog for 200 seconds at Wed Jun 20 16:36:20 UTC 2018
3 ms. Memory: 208384K Free: 194156K (93%)
ptolemy.util.test.WatchDog.cancel(): canceling Wed Jun 20 16:36:20 UTC 2018
------------------ testing $PTII/ptolemy/domains/de/test/auto/DEFixedPointLimitation.xml
auto.tcl: Setting watchdog for 200 seconds at Wed Jun 20 16:36:20 UTC 2018
1 ms. Memory: 208384K Free: 196343K (94%)
ptolemy.util.test.WatchDog.cancel(): canceling Wed Jun 20 16:36:20 UTC 2018
auto.tcl: Setting watchdog for 200 seconds at Wed Jun 20 16:36:20 UTC 2018
2 ms. Memory: 208384K Free: 196343K (94%)
ptolemy.util.test.WatchDog.cancel(): canceling Wed Jun 20 16:36:20 UTC 2018
------------------ testing $PTII/ptolemy/domains/de/test/auto/DEScheduleTest.xml
auto.tcl: Setting watchdog for 200 seconds at Wed Jun 20 16:36:20 UTC 2018
3 ms. Memory: 208384K Free: 198484K (95%)
ptolemy.util.test.WatchDog.cancel(): canceling Wed Jun 20 16:36:20 UTC 2018
auto.tcl: Setting watchdog for 200 seconds at Wed Jun 20 16:36:20 UTC 2018
8 ms. Memory: 208384K Free: 196378K (94%)
ptolemy.util.test.WatchDog.cancel(): canceling Wed Jun 20 16:36:20 UTC 2018
------------------ testing $PTII/ptolemy/domains/de/test/auto/DEinDEwithStartTimes.xml
auto.tcl: Setting watchdog for 200 seconds at Wed Jun 20 16:36:20 UTC 2018
3 ms. Memory: 208384K Free: 196348K (94%)
ptolemy.util.test.WatchDog.cancel(): canceling Wed Jun 20 16:36:20 UTC 2018
auto.tcl: Setting watchdog for 200 seconds at Wed Jun 20 16:36:20 UTC 2018
4 ms. Memory: 208384K Free: 194242K (93%)
ptolemy.util.test.WatchDog.cancel(): canceling Wed Jun 20 16:36:20 UTC 2018
------------------ testing $PTII/ptolemy/domains/de/test/auto/DEinDEwithStartTimes2.xml
auto.tcl: Setting watchdog for 200 seconds at Wed Jun 20 16:36:20 UTC 2018
6 ms. Memory: 208384K Free: 196327K (94%)
ptolemy.util.test.WatchDog.cancel(): canceling Wed Jun 20 16:36:20 UTC 2018
auto.tcl: Setting watchdog for 200 seconds at Wed Jun 20 16:36:20 UTC 2018
7 ms. Memory: 208384K Free: 194221K (93%)
ptolemy.util.test.WatchDog.cancel(): canceling Wed Jun 20 16:36:20 UTC 2018
------------------ testing $PTII/ptolemy/domains/de/test/auto/DateDemo.xml
auto.tcl: Setting watchdog for 200 seconds at Wed Jun 20 16:36:20 UTC 2018
14 ms. Memory: 208384K Free: 188738K (91%)
ptolemy.util.test.WatchDog.cancel(): canceling Wed Jun 20 16:36:20 UTC 2018
auto.tcl: Setting watchdog for 200 seconds at Wed Jun 20 16:36:20 UTC 2018
5 ms. Memory: 208384K Free: 186632K (90%)
ptolemy.util.test.WatchDog.cancel(): canceling Wed Jun 20 16:36:20 UTC 2018
------------------ testing $PTII/ptolemy/domains/de/test/auto/DateToEvent.xml
auto.tcl: Setting watchdog for 200 seconds at Wed Jun 20 16:36:20 UTC 2018
2020 ms. Memory: 208384K Free: 183442K (88%)
ptolemy.util.test.WatchDog.cancel(): canceling Wed Jun 20 16:36:22 UTC 2018
auto.tcl: Setting watchdog for 200 seconds at Wed Jun 20 16:36:22 UTC 2018
2005 ms. Memory: 208384K Free: 180985K (87%)
ptolemy.util.test.WatchDog.cancel(): canceling Wed Jun 20 16:36:24 UTC 2018
------------------ testing $PTII/ptolemy/domains/de/test/auto/DepthTest1.xml
auto.tcl: Setting watchdog for 200 seconds at Wed Jun 20 16:36:24 UTC 2018
9 ms. Memory: 208384K Free: 198010K (95%)
ptolemy.util.test.WatchDog.cancel(): canceling Wed Jun 20 16:36:25 UTC 2018
auto.tcl: Setting watchdog for 200 seconds at Wed Jun 20 16:36:25 UTC 2018
6 ms. Memory: 208384K Free: 198010K (95%)
ptolemy.util.test.WatchDog.cancel(): canceling Wed Jun 20 16:36:25 UTC 2018
------------------ testing $PTII/ptolemy/domains/de/test/auto/DepthTest2.xml
auto.tcl: Setting watchdog for 200 seconds at Wed Jun 20 16:36:25 UTC 2018
7 ms. Memory: 208384K Free: 194200K (93%)
ptolemy.util.test.WatchDog.cancel(): canceling Wed Jun 20 16:36:25 UTC 2018
auto.tcl: Setting watchdog for 200 seconds at Wed Jun 20 16:36:25 UTC 2018
2 ms. Memory: 208384K Free: 194200K (93%)
ptolemy.util.test.WatchDog.cancel(): canceling Wed Jun 20 16:36:25 UTC 2018
------------------ testing $PTII/ptolemy/domains/de/test/auto/DepthTest3.xml
auto.tcl: Setting watchdog for 200 seconds at Wed Jun 20 16:36:25 UTC 2018
2 ms. Memory: 208384K Free: 198344K (95%)
ptolemy.util.test.WatchDog.cancel(): canceling Wed Jun 20 16:36:25 UTC 2018
auto.tcl: Setting watchdog for 200 seconds at Wed Jun 20 16:36:25 UTC 2018
1 ms. Memory: 208384K Free: 198344K (95%)
ptolemy.util.test.WatchDog.cancel(): canceling Wed Jun 20 16:36:25 UTC 2018
------------------ testing $PTII/ptolemy/domains/de/test/auto/DepthTest4.xml
auto.tcl: Setting watchdog for 200 seconds at Wed Jun 20 16:36:25 UTC 2018
8 ms. Memory: 208384K Free: 196662K (94%)
ptolemy.util.test.WatchDog.cancel(): canceling Wed Jun 20 16:36:25 UTC 2018
auto.tcl: Setting watchdog for 200 seconds at Wed Jun 20 16:36:25 UTC 2018
2 ms. Memory: 208384K Free: 196324K (94%)
ptolemy.util.test.WatchDog.cancel(): canceling Wed Jun 20 16:36:25 UTC 2018
------------------ testing $PTII/ptolemy/domains/de/test/auto/DepthTest5.xml
auto.tcl: Setting watchdog for 200 seconds at Wed Jun 20 16:36:25 UTC 2018
5 ms. Memory: 208384K Free: 196610K (94%)
ptolemy.util.test.WatchDog.cancel(): canceling Wed Jun 20 16:36:25 UTC 2018
auto.tcl: Setting watchdog for 200 seconds at Wed Jun 20 16:36:25 UTC 2018
2 ms. Memory: 208384K Free: 196610K (94%)
ptolemy.util.test.WatchDog.cancel(): canceling Wed Jun 20 16:36:25 UTC 2018
------------------ testing $PTII/ptolemy/domains/de/test/auto/DepthTest6.xml
auto.tcl: Setting watchdog for 200 seconds at Wed Jun 20 16:36:25 UTC 2018
7 ms. Memory: 208384K Free: 196578K (94%)
ptolemy.util.test.WatchDog.cancel(): canceling Wed Jun 20 16:36:25 UTC 2018
auto.tcl: Setting watchdog for 200 seconds at Wed Jun 20 16:36:25 UTC 2018
2 ms. Memory: 208384K Free: 196578K (94%)
ptolemy.util.test.WatchDog.cancel(): canceling Wed Jun 20 16:36:25 UTC 2018
------------------ testing $PTII/ptolemy/domains/de/test/auto/DepthTest7.xml
auto.tcl: Setting watchdog for 200 seconds at Wed Jun 20 16:36:25 UTC 2018
3 ms. Memory: 208384K Free: 196230K (94%)
ptolemy.util.test.WatchDog.cancel(): canceling Wed Jun 20 16:36:25 UTC 2018
auto.tcl: Setting watchdog for 200 seconds at Wed Jun 20 16:36:25 UTC 2018
2 ms. Memory: 208384K Free: 196230K (94%)
ptolemy.util.test.WatchDog.cancel(): canceling Wed Jun 20 16:36:25 UTC 2018
------------------ testing $PTII/ptolemy/domains/de/test/auto/EventToDate.xml
auto.tcl: Setting watchdog for 200 seconds at Wed Jun 20 16:36:25 UTC 2018
3005 ms. Memory: 208384K Free: 185722K (89%)
ptolemy.util.test.WatchDog.cancel(): canceling Wed Jun 20 16:36:28 UTC 2018
auto.tcl: Setting watchdog for 200 seconds at Wed Jun 20 16:36:28 UTC 2018
3005 ms. Memory: 208384K Free: 185722K (89%)
ptolemy.util.test.WatchDog.cancel(): canceling Wed Jun 20 16:36:31 UTC 2018
------------------ testing $PTII/ptolemy/domains/de/test/auto/FSM1.xml
auto.tcl: Setting watchdog for 200 seconds at Wed Jun 20 16:36:31 UTC 2018
18 ms. Memory: 208384K Free: 189271K (91%)
ptolemy.util.test.WatchDog.cancel(): canceling Wed Jun 20 16:36:31 UTC 2018
auto.tcl: Setting watchdog for 200 seconds at Wed Jun 20 16:36:31 UTC 2018
14 ms. Memory: 208384K Free: 185059K (89%)
ptolemy.util.test.WatchDog.cancel(): canceling Wed Jun 20 16:36:31 UTC 2018
------------------ testing $PTII/ptolemy/domains/de/test/auto/FSM7.xml
auto.tcl: Setting watchdog for 200 seconds at Wed Jun 20 16:36:31 UTC 2018
24 ms. Memory: 208384K Free: 187370K (90%)
ptolemy.util.test.WatchDog.cancel(): canceling Wed Jun 20 16:36:31 UTC 2018
auto.tcl: Setting watchdog for 200 seconds at Wed Jun 20 16:36:31 UTC 2018
22 ms. Memory: 208384K Free: 185264K (89%)
ptolemy.util.test.WatchDog.cancel(): canceling Wed Jun 20 16:36:31 UTC 2018
------------------ testing $PTII/ptolemy/domains/de/test/auto/Inspection.xml
auto.tcl: Setting watchdog for 200 seconds at Wed Jun 20 16:36:31 UTC 2018
40 ms. Memory: 208384K Free: 188920K (91%)
ptolemy.util.test.WatchDog.cancel(): canceling Wed Jun 20 16:36:31 UTC 2018
auto.tcl: Setting watchdog for 200 seconds at Wed Jun 20 16:36:31 UTC 2018
25 ms. Memory: 208384K Free: 186476K (89%)
ptolemy.util.test.WatchDog.cancel(): canceling Wed Jun 20 16:36:31 UTC 2018
------------------ testing $PTII/ptolemy/domains/de/test/auto/Iteration.xml
auto.tcl: Setting watchdog for 200 seconds at Wed Jun 20 16:36:32 UTC 2018
8 ms. Memory: 208384K Free: 196375K (94%)
ptolemy.util.test.WatchDog.cancel(): canceling Wed Jun 20 16:36:32 UTC 2018
auto.tcl: Setting watchdog for 200 seconds at Wed Jun 20 16:36:32 UTC 2018
8 ms. Memory: 208384K Free: 194269K (93%)
ptolemy.util.test.WatchDog.cancel(): canceling Wed Jun 20 16:36:32 UTC 2018
------------------ testing $PTII/ptolemy/domains/de/test/auto/LineFault.xml
auto.tcl: Setting watchdog for 200 seconds at Wed Jun 20 16:36:32 UTC 2018
691 ms. Memory: 208384K Free: 196247K (94%)
ptolemy.util.test.WatchDog.cancel(): canceling Wed Jun 20 16:36:33 UTC 2018
auto.tcl: Setting watchdog for 200 seconds at Wed Jun 20 16:36:33 UTC 2018
568 ms. Memory: 208384K Free: 138757K (67%)
ptolemy.util.test.WatchDog.cancel(): canceling Wed Jun 20 16:36:33 UTC 2018
------------------ testing $PTII/ptolemy/domains/de/test/auto/MergeModel1Add.xml
auto.tcl: Setting watchdog for 200 seconds at Wed Jun 20 16:36:33 UTC 2018
27 ms. Memory: 331264K Free: 298860K (90%)
ptolemy.util.test.WatchDog.cancel(): canceling Wed Jun 20 16:36:33 UTC 2018
auto.tcl: Setting watchdog for 200 seconds at Wed Jun 20 16:36:33 UTC 2018
8 ms. Memory: 331264K Free: 298860K (90%)
ptolemy.util.test.WatchDog.cancel(): canceling Wed Jun 20 16:36:33 UTC 2018
------------------ testing $PTII/ptolemy/domains/de/test/auto/MergeModel2Add.xml
auto.tcl: Setting watchdog for 200 seconds at Wed Jun 20 16:36:33 UTC 2018
8 ms. Memory: 331264K Free: 304147K (92%)
ptolemy.util.test.WatchDog.cancel(): canceling Wed Jun 20 16:36:33 UTC 2018
auto.tcl: Setting watchdog for 200 seconds at Wed Jun 20 16:36:33 UTC 2018
13 ms. Memory: 331264K Free: 300198K (91%)
ptolemy.util.test.WatchDog.cancel(): canceling Wed Jun 20 16:36:33 UTC 2018
------------------ testing $PTII/ptolemy/domains/de/test/auto/MergeModel3Add.xml
auto.tcl: Setting watchdog for 200 seconds at Wed Jun 20 16:36:33 UTC 2018
10 ms. Memory: 331264K Free: 304157K (92%)
ptolemy.util.test.WatchDog.cancel(): canceling Wed Jun 20 16:36:34 UTC 2018
auto.tcl: Setting watchdog for 200 seconds at Wed Jun 20 16:36:34 UTC 2018
7 ms. Memory: 331264K Free: 300208K (91%)
ptolemy.util.test.WatchDog.cancel(): canceling Wed Jun 20 16:36:34 UTC 2018
------------------ testing $PTII/ptolemy/domains/de/test/auto/MergeWithoutDiscard.xml
auto.tcl: Setting watchdog for 200 seconds at Wed Jun 20 16:36:34 UTC 2018
2 ms. Memory: 331264K Free: 320236K (97%)
ptolemy.util.test.WatchDog.cancel(): canceling Wed Jun 20 16:36:34 UTC 2018
auto.tcl: Setting watchdog for 200 seconds at Wed Jun 20 16:36:34 UTC 2018
2 ms. Memory: 331264K Free: 316287K (95%)
ptolemy.util.test.WatchDog.cancel(): canceling Wed Jun 20 16:36:34 UTC 2018
------------------ testing $PTII/ptolemy/domains/de/test/auto/Modal1.xml
auto.tcl: Setting watchdog for 200 seconds at Wed Jun 20 16:36:34 UTC 2018
18 ms. Memory: 331264K Free: 309900K (94%)
ptolemy.util.test.WatchDog.cancel(): canceling Wed Jun 20 16:36:34 UTC 2018
auto.tcl: Setting watchdog for 200 seconds at Wed Jun 20 16:36:34 UTC 2018
17 ms. Memory: 331264K Free: 305951K (92%)
ptolemy.util.test.WatchDog.cancel(): canceling Wed Jun 20 16:36:34 UTC 2018
------------------ testing $PTII/ptolemy/domains/de/test/auto/Modal2.xml
auto.tcl: Setting watchdog for 200 seconds at Wed Jun 20 16:36:34 UTC 2018
14 ms. Memory: 331264K Free: 309766K (94%)
ptolemy.util.test.WatchDog.cancel(): canceling Wed Jun 20 16:36:34 UTC 2018
auto.tcl: Setting watchdog for 200 seconds at Wed Jun 20 16:36:34 UTC 2018
17 ms. Memory: 331264K Free: 305817K (92%)
ptolemy.util.test.WatchDog.cancel(): canceling Wed Jun 20 16:36:34 UTC 2018
------------------ testing $PTII/ptolemy/domains/de/test/auto/Modal3.xml
auto.tcl: Setting watchdog for 200 seconds at Wed Jun 20 16:36:34 UTC 2018
15 ms. Memory: 331264K Free: 309849K (94%)
ptolemy.util.test.WatchDog.cancel(): canceling Wed Jun 20 16:36:34 UTC 2018
auto.tcl: Setting watchdog for 200 seconds at Wed Jun 20 16:36:34 UTC 2018
11 ms. Memory: 331264K Free: 305614K (92%)
ptolemy.util.test.WatchDog.cancel(): canceling Wed Jun 20 16:36:34 UTC 2018
------------------ testing $PTII/ptolemy/domains/de/test/auto/Modal4.xml
auto.tcl: Setting watchdog for 200 seconds at Wed Jun 20 16:36:34 UTC 2018
30 ms. Memory: 331264K Free: 309568K (93%)
ptolemy.util.test.WatchDog.cancel(): canceling Wed Jun 20 16:36:34 UTC 2018
auto.tcl: Setting watchdog for 200 seconds at Wed Jun 20 16:36:34 UTC 2018
22 ms. Memory: 331264K Free: 305619K (92%)
ptolemy.util.test.WatchDog.cancel(): canceling Wed Jun 20 16:36:34 UTC 2018
------------------ testing $PTII/ptolemy/domains/de/test/auto/Modal5.xml
auto.tcl: Setting watchdog for 200 seconds at Wed Jun 20 16:36:34 UTC 2018
14 ms. Memory: 331264K Free: 309555K (93%)
ptolemy.util.test.WatchDog.cancel(): canceling Wed Jun 20 16:36:34 UTC 2018
auto.tcl: Setting watchdog for 200 seconds at Wed Jun 20 16:36:34 UTC 2018
13 ms. Memory: 331264K Free: 305606K (92%)
ptolemy.util.test.WatchDog.cancel(): canceling Wed Jun 20 16:36:34 UTC 2018
------------------ testing $PTII/ptolemy/domains/de/test/auto/Modal6.xml
auto.tcl: Setting watchdog for 200 seconds at Wed Jun 20 16:36:34 UTC 2018
12 ms. Memory: 331264K Free: 309553K (93%)
ptolemy.util.test.WatchDog.cancel(): canceling Wed Jun 20 16:36:34 UTC 2018
auto.tcl: Setting watchdog for 200 seconds at Wed Jun 20 16:36:34 UTC 2018
13 ms. Memory: 331264K Free: 305603K (92%)
ptolemy.util.test.WatchDog.cancel(): canceling Wed Jun 20 16:36:34 UTC 2018
------------------ testing $PTII/ptolemy/domains/de/test/auto/Modal7.xml
auto.tcl: Setting watchdog for 200 seconds at Wed Jun 20 16:36:34 UTC 2018
16 ms. Memory: 331264K Free: 309553K (93%)
ptolemy.util.test.WatchDog.cancel(): canceling Wed Jun 20 16:36:34 UTC 2018
auto.tcl: Setting watchdog for 200 seconds at Wed Jun 20 16:36:34 UTC 2018
10 ms. Memory: 331264K Free: 305603K (92%)
ptolemy.util.test.WatchDog.cancel(): canceling Wed Jun 20 16:36:34 UTC 2018
------------------ testing $PTII/ptolemy/domains/de/test/auto/ModalModel.xml
auto.tcl: Setting watchdog for 200 seconds at Wed Jun 20 16:36:34 UTC 2018
204 ms. Memory: 331264K Free: 246062K (74%)
ptolemy.util.test.WatchDog.cancel(): canceling Wed Jun 20 16:36:35 UTC 2018
auto.tcl: Setting watchdog for 200 seconds at Wed Jun 20 16:36:35 UTC 2018
193 ms. Memory: 331264K Free: 190773K (58%)
ptolemy.util.test.WatchDog.cancel(): canceling Wed Jun 20 16:36:35 UTC 2018
------------------ testing $PTII/ptolemy/domains/de/test/auto/ModalSource.xml
auto.tcl: Setting watchdog for 200 seconds at Wed Jun 20 16:36:35 UTC 2018
10 ms. Memory: 331264K Free: 316342K (95%)
ptolemy.util.test.WatchDog.cancel(): canceling Wed Jun 20 16:36:35 UTC 2018
auto.tcl: Setting watchdog for 200 seconds at Wed Jun 20 16:36:35 UTC 2018
5 ms. Memory: 331264K Free: 312826K (94%)
ptolemy.util.test.WatchDog.cancel(): canceling Wed Jun 20 16:36:35 UTC 2018
------------------ testing $PTII/ptolemy/domains/de/test/auto/NonInterruptibleTimerZeroDelay.xml
auto.tcl: Setting watchdog for 200 seconds at Wed Jun 20 16:36:35 UTC 2018
4 ms. Memory: 331264K Free: 320697K (97%)
ptolemy.util.test.WatchDog.cancel(): canceling Wed Jun 20 16:36:35 UTC 2018
auto.tcl: Setting watchdog for 200 seconds at Wed Jun 20 16:36:35 UTC 2018
2 ms. Memory: 331264K Free: 317181K (96%)
ptolemy.util.test.WatchDog.cancel(): canceling Wed Jun 20 16:36:35 UTC 2018
------------------ testing $PTII/ptolemy/domains/de/test/auto/OpenQueueingNetwork.xml
auto.tcl: Setting watchdog for 200 seconds at Wed Jun 20 16:36:35 UTC 2018
2824 ms. Memory: 317952K Free: 164601K (52%)
ptolemy.util.test.WatchDog.cancel(): canceling Wed Jun 20 16:36:38 UTC 2018
auto.tcl: Setting watchdog for 200 seconds at Wed Jun 20 16:36:38 UTC 2018
2250 ms. Memory: 287232K Free: 255238K (89%)
ptolemy.util.test.WatchDog.cancel(): canceling Wed Jun 20 16:36:40 UTC 2018
------------------ testing $PTII/ptolemy/domains/de/test/auto/OpenQueuingNetwork.xml
auto.tcl: Setting watchdog for 200 seconds at Wed Jun 20 16:36:40 UTC 2018
230 ms. Memory: 287232K Free: 190390K (66%)
ptolemy.util.test.WatchDog.cancel(): canceling Wed Jun 20 16:36:41 UTC 2018
auto.tcl: Setting watchdog for 200 seconds at Wed Jun 20 16:36:41 UTC 2018
212 ms. Memory: 287232K Free: 129695K (45%)
ptolemy.util.test.WatchDog.cancel(): canceling Wed Jun 20 16:36:41 UTC 2018
------------------ testing $PTII/ptolemy/domains/de/test/auto/PeriodicSampler.xml
auto.tcl: Setting watchdog for 200 seconds at Wed Jun 20 16:36:41 UTC 2018
3 ms. Memory: 289792K Free: 274667K (95%)
ptolemy.util.test.WatchDog.cancel(): canceling Wed Jun 20 16:36:41 UTC 2018
auto.tcl: Setting watchdog for 200 seconds at Wed Jun 20 16:36:41 UTC 2018
2 ms. Memory: 289792K Free: 274667K (95%)
ptolemy.util.test.WatchDog.cancel(): canceling Wed Jun 20 16:36:41 UTC 2018
------------------ testing $PTII/ptolemy/domains/de/test/auto/PersistentIO.xml
auto.tcl: Setting watchdog for 200 seconds at Wed Jun 20 16:36:41 UTC 2018
14 ms. Memory: 287232K Free: 266903K (93%)
ptolemy.util.test.WatchDog.cancel(): canceling Wed Jun 20 16:36:41 UTC 2018
auto.tcl: Setting watchdog for 200 seconds at Wed Jun 20 16:36:41 UTC 2018
4 ms. Memory: 287232K Free: 266903K (93%)
ptolemy.util.test.WatchDog.cancel(): canceling Wed Jun 20 16:36:41 UTC 2018
------------------ testing $PTII/ptolemy/domains/de/test/auto/PortParameterResetOnInitialize.xml
auto.tcl: Setting watchdog for 200 seconds at Wed Jun 20 16:36:41 UTC 2018
3 ms. Memory: 289280K Free: 274499K (95%)
ptolemy.util.test.WatchDog.cancel(): canceling Wed Jun 20 16:36:41 UTC 2018
auto.tcl: Setting watchdog for 200 seconds at Wed Jun 20 16:36:41 UTC 2018
1 ms. Memory: 289280K Free: 274499K (95%)
ptolemy.util.test.WatchDog.cancel(): canceling Wed Jun 20 16:36:41 UTC 2018
------------------ testing $PTII/ptolemy/domains/de/test/auto/PortParameterUpdates.xml
auto.tcl: Setting watchdog for 200 seconds at Wed Jun 20 16:36:41 UTC 2018
7 ms. Memory: 287232K Free: 272701K (95%)
ptolemy.util.test.WatchDog.cancel(): canceling Wed Jun 20 16:36:41 UTC 2018
auto.tcl: Setting watchdog for 200 seconds at Wed Jun 20 16:36:41 UTC 2018
3 ms. Memory: 287232K Free: 269788K (94%)
ptolemy.util.test.WatchDog.cancel(): canceling Wed Jun 20 16:36:41 UTC 2018
------------------ testing $PTII/ptolemy/domains/de/test/auto/QueueAndServer.xml
auto.tcl: Setting watchdog for 200 seconds at Wed Jun 20 16:36:41 UTC 2018
7 ms. Memory: 289280K Free: 273755K (95%)
ptolemy.util.test.WatchDog.cancel(): canceling Wed Jun 20 16:36:41 UTC 2018
auto.tcl: Setting watchdog for 200 seconds at Wed Jun 20 16:36:41 UTC 2018
11 ms. Memory: 289280K Free: 273755K (95%)
ptolemy.util.test.WatchDog.cancel(): canceling Wed Jun 20 16:36:41 UTC 2018
------------------ testing $PTII/ptolemy/domains/de/test/auto/Records.xml
auto.tcl: Setting watchdog for 200 seconds at Wed Jun 20 16:36:41 UTC 2018
3 ms. Memory: 287232K Free: 274548K (96%)
ptolemy.util.test.WatchDog.cancel(): canceling Wed Jun 20 16:36:41 UTC 2018
auto.tcl: Setting watchdog for 200 seconds at Wed Jun 20 16:36:41 UTC 2018
2 ms. Memory: 287232K Free: 274548K (96%)
ptolemy.util.test.WatchDog.cancel(): canceling Wed Jun 20 16:36:41 UTC 2018
------------------ testing $PTII/ptolemy/domains/de/test/auto/ResetTransitionWithStartTime1.xml
auto.tcl: Setting watchdog for 200 seconds at Wed Jun 20 16:36:41 UTC 2018
12 ms. Memory: 288768K Free: 273192K (95%)
ptolemy.util.test.WatchDog.cancel(): canceling Wed Jun 20 16:36:41 UTC 2018
auto.tcl: Setting watchdog for 200 seconds at Wed Jun 20 16:36:41 UTC 2018
9 ms. Memory: 288768K Free: 270278K (94%)
ptolemy.util.test.WatchDog.cancel(): canceling Wed Jun 20 16:36:41 UTC 2018
------------------ testing $PTII/ptolemy/domains/de/test/auto/ResetTransitionWithStartTime2.xml
auto.tcl: Setting watchdog for 200 seconds at Wed Jun 20 16:36:41 UTC 2018
5 ms. Memory: 287232K Free: 271747K (95%)
ptolemy.util.test.WatchDog.cancel(): canceling Wed Jun 20 16:36:41 UTC 2018
auto.tcl: Setting watchdog for 200 seconds at Wed Jun 20 16:36:41 UTC 2018
5 ms. Memory: 287232K Free: 268834K (94%)
ptolemy.util.test.WatchDog.cancel(): canceling Wed Jun 20 16:36:41 UTC 2018
------------------ testing $PTII/ptolemy/domains/de/test/auto/ResetTransitionWithStartTime3.xml
auto.tcl: Setting watchdog for 200 seconds at Wed Jun 20 16:36:42 UTC 2018
7 ms. Memory: 288768K Free: 273181K (95%)
ptolemy.util.test.WatchDog.cancel(): canceling Wed Jun 20 16:36:42 UTC 2018
auto.tcl: Setting watchdog for 200 seconds at Wed Jun 20 16:36:42 UTC 2018
5 ms. Memory: 288768K Free: 270267K (94%)
ptolemy.util.test.WatchDog.cancel(): canceling Wed Jun 20 16:36:42 UTC 2018
------------------ testing $PTII/ptolemy/domains/de/test/auto/ResetTransitionWithStartTime4.xml
auto.tcl: Setting watchdog for 200 seconds at Wed Jun 20 16:36:42 UTC 2018
3 ms. Memory: 287232K Free: 271659K (95%)
ptolemy.util.test.WatchDog.cancel(): canceling Wed Jun 20 16:36:42 UTC 2018
auto.tcl: Setting watchdog for 200 seconds at Wed Jun 20 16:36:42 UTC 2018
3 ms. Memory: 287232K Free: 271659K (95%)
ptolemy.util.test.WatchDog.cancel(): canceling Wed Jun 20 16:36:42 UTC 2018
------------------ testing $PTII/ptolemy/domains/de/test/auto/ResettableTimer1.xml
auto.tcl: Setting watchdog for 200 seconds at Wed Jun 20 16:36:42 UTC 2018
3 ms. Memory: 288768K Free: 276096K (96%)
ptolemy.util.test.WatchDog.cancel(): canceling Wed Jun 20 16:36:42 UTC 2018
auto.tcl: Setting watchdog for 200 seconds at Wed Jun 20 16:36:42 UTC 2018
1 ms. Memory: 288768K Free: 276096K (96%)
ptolemy.util.test.WatchDog.cancel(): canceling Wed Jun 20 16:36:42 UTC 2018
------------------ testing $PTII/ptolemy/domains/de/test/auto/ResettableTimer2.xml
auto.tcl: Setting watchdog for 200 seconds at Wed Jun 20 16:36:42 UTC 2018
3 ms. Memory: 287232K Free: 274727K (96%)
ptolemy.util.test.WatchDog.cancel(): canceling Wed Jun 20 16:36:42 UTC 2018
auto.tcl: Setting watchdog for 200 seconds at Wed Jun 20 16:36:42 UTC 2018
2 ms. Memory: 287232K Free: 274727K (96%)
ptolemy.util.test.WatchDog.cancel(): canceling Wed Jun 20 16:36:42 UTC 2018
------------------ testing $PTII/ptolemy/domains/de/test/auto/ResettableTimer3.xml
auto.tcl: Setting watchdog for 200 seconds at Wed Jun 20 16:36:42 UTC 2018
3 ms. Memory: 288256K Free: 275634K (96%)
ptolemy.util.test.WatchDog.cancel(): canceling Wed Jun 20 16:36:42 UTC 2018
auto.tcl: Setting watchdog for 200 seconds at Wed Jun 20 16:36:42 UTC 2018
1 ms. Memory: 288256K Free: 275634K (96%)
ptolemy.util.test.WatchDog.cancel(): canceling Wed Jun 20 16:36:42 UTC 2018
------------------ testing $PTII/ptolemy/domains/de/test/auto/ResettableTimer4.xml
auto.tcl: Setting watchdog for 200 seconds at Wed Jun 20 16:36:42 UTC 2018
1 ms. Memory: 287232K Free: 274724K (96%)
ptolemy.util.test.WatchDog.cancel(): canceling Wed Jun 20 16:36:42 UTC 2018
auto.tcl: Setting watchdog for 200 seconds at Wed Jun 20 16:36:42 UTC 2018
2 ms. Memory: 287232K Free: 274724K (96%)
ptolemy.util.test.WatchDog.cancel(): canceling Wed Jun 20 16:36:42 UTC 2018
------------------ testing $PTII/ptolemy/domains/de/test/auto/ResettableTimer5.xml
auto.tcl: Setting watchdog for 200 seconds at Wed Jun 20 16:36:42 UTC 2018
1 ms. Memory: 288256K Free: 273688K (95%)
ptolemy.util.test.WatchDog.cancel(): canceling Wed Jun 20 16:36:42 UTC 2018
auto.tcl: Setting watchdog for 200 seconds at Wed Jun 20 16:36:42 UTC 2018
1 ms. Memory: 288256K Free: 273688K (95%)
ptolemy.util.test.WatchDog.cancel(): canceling Wed Jun 20 16:36:42 UTC 2018
------------------ testing $PTII/ptolemy/domains/de/test/auto/ResettableTimer6.xml
auto.tcl: Setting watchdog for 200 seconds at Wed Jun 20 16:36:42 UTC 2018
2 ms. Memory: 287232K Free: 272512K (95%)
ptolemy.util.test.WatchDog.cancel(): canceling Wed Jun 20 16:36:42 UTC 2018
auto.tcl: Setting watchdog for 200 seconds at Wed Jun 20 16:36:42 UTC 2018
1 ms. Memory: 287232K Free: 272512K (95%)
ptolemy.util.test.WatchDog.cancel(): canceling Wed Jun 20 16:36:42 UTC 2018
------------------ testing $PTII/ptolemy/domains/de/test/auto/ServerZeroDelay.xml
auto.tcl: Setting watchdog for 200 seconds at Wed Jun 20 16:36:42 UTC 2018
4 ms. Memory: 288256K Free: 275702K (96%)
ptolemy.util.test.WatchDog.cancel(): canceling Wed Jun 20 16:36:42 UTC 2018
auto.tcl: Setting watchdog for 200 seconds at Wed Jun 20 16:36:42 UTC 2018
2 ms. Memory: 288256K Free: 275702K (96%)
ptolemy.util.test.WatchDog.cancel(): canceling Wed Jun 20 16:36:42 UTC 2018
------------------ testing $PTII/ptolemy/domains/de/test/auto/SmartSender.xml
auto.tcl: Setting watchdog for 200 seconds at Wed Jun 20 16:36:42 UTC 2018
3002 ms. Memory: 287232K Free: 272599K (95%)
ptolemy.util.test.WatchDog.cancel(): canceling Wed Jun 20 16:36:45 UTC 2018
auto.tcl: Setting watchdog for 200 seconds at Wed Jun 20 16:36:45 UTC 2018
3002 ms. Memory: 287232K Free: 272599K (95%)
ptolemy.util.test.WatchDog.cancel(): canceling Wed Jun 20 16:36:48 UTC 2018
------------------ testing $PTII/ptolemy/domains/de/test/auto/ThreadedComposite.xml
auto.tcl: Setting watchdog for 200 seconds at Wed Jun 20 16:36:48 UTC 2018
262 ms. Memory: 288256K Free: 248343K (86%)
ptolemy.util.test.WatchDog.cancel(): canceling Wed Jun 20 16:36:48 UTC 2018
auto.tcl: Setting watchdog for 200 seconds at Wed Jun 20 16:36:48 UTC 2018
137 ms. Memory: 288256K Free: 230198K (80%)
ptolemy.util.test.WatchDog.cancel(): canceling Wed Jun 20 16:36:49 UTC 2018
------------------ testing $PTII/ptolemy/domains/de/test/auto/Time.xml
auto.tcl: Setting watchdog for 200 seconds at Wed Jun 20 16:36:49 UTC 2018
460 ms. Memory: 287232K Free: 220782K (77%)
ptolemy.util.test.WatchDog.cancel(): canceling Wed Jun 20 16:36:49 UTC 2018
auto.tcl: Setting watchdog for 200 seconds at Wed Jun 20 16:36:49 UTC 2018
429 ms. Memory: 287232K Free: 171521K (60%)
ptolemy.util.test.WatchDog.cancel(): canceling Wed Jun 20 16:36:50 UTC 2018
------------------ testing $PTII/ptolemy/domains/de/test/auto/TimeDelayZeroDelay.xml
auto.tcl: Setting watchdog for 200 seconds at Wed Jun 20 16:36:50 UTC 2018
2 ms. Memory: 287744K Free: 275658K (96%)
ptolemy.util.test.WatchDog.cancel(): canceling Wed Jun 20 16:36:50 UTC 2018
auto.tcl: Setting watchdog for 200 seconds at Wed Jun 20 16:36:50 UTC 2018
1 ms. Memory: 287744K Free: 275658K (96%)
ptolemy.util.test.WatchDog.cancel(): canceling Wed Jun 20 16:36:50 UTC 2018
------------------ testing $PTII/ptolemy/domains/de/test/auto/TimerZeroDelay.xml
auto.tcl: Setting watchdog for 200 seconds at Wed Jun 20 16:36:50 UTC 2018
2 ms. Memory: 287232K Free: 275255K (96%)
ptolemy.util.test.WatchDog.cancel(): canceling Wed Jun 20 16:36:50 UTC 2018
auto.tcl: Setting watchdog for 200 seconds at Wed Jun 20 16:36:50 UTC 2018
2 ms. Memory: 287232K Free: 275255K (96%)
ptolemy.util.test.WatchDog.cancel(): canceling Wed Jun 20 16:36:50 UTC 2018
------------------ testing $PTII/ptolemy/domains/de/test/auto/TimingParadox.xml
auto.tcl: Setting watchdog for 200 seconds at Wed Jun 20 16:36:50 UTC 2018
319 ms. Memory: 287744K Free: 211675K (74%)
ptolemy.util.test.WatchDog.cancel(): canceling Wed Jun 20 16:36:50 UTC 2018
auto.tcl: Setting watchdog for 200 seconds at Wed Jun 20 16:36:50 UTC 2018
311 ms. Memory: 287744K Free: 175533K (61%)
ptolemy.util.test.WatchDog.cancel(): canceling Wed Jun 20 16:36:50 UTC 2018
------------------ testing $PTII/ptolemy/domains/de/test/auto/TransferInputs.xml
auto.tcl: Setting watchdog for 200 seconds at Wed Jun 20 16:36:51 UTC 2018
2 ms. Memory: 287744K Free: 274608K (95%)
ptolemy.util.test.WatchDog.cancel(): canceling Wed Jun 20 16:36:51 UTC 2018
auto.tcl: Setting watchdog for 200 seconds at Wed Jun 20 16:36:51 UTC 2018
1 ms. Memory: 287744K Free: 274608K (95%)
ptolemy.util.test.WatchDog.cancel(): canceling Wed Jun 20 16:36:51 UTC 2018
------------------ testing $PTII/ptolemy/domains/de/test/auto/TransferOutputs2.xml
auto.tcl: Setting watchdog for 200 seconds at Wed Jun 20 16:36:51 UTC 2018
3 ms. Memory: 287232K Free: 272584K (95%)
ptolemy.util.test.WatchDog.cancel(): canceling Wed Jun 20 16:36:51 UTC 2018
auto.tcl: Setting watchdog for 200 seconds at Wed Jun 20 16:36:51 UTC 2018
3 ms. Memory: 287232K Free: 269971K (94%)
ptolemy.util.test.WatchDog.cancel(): canceling Wed Jun 20 16:36:51 UTC 2018
------------------ testing $PTII/ptolemy/domains/de/test/auto/Trilateration.xml
auto.tcl: Setting watchdog for 200 seconds at Wed Jun 20 16:36:51 UTC 2018
12584 ms. Memory: 473088K Free: 288390K (61%)
ptolemy.util.test.WatchDog.cancel(): canceling Wed Jun 20 16:37:04 UTC 2018
auto.tcl: Setting watchdog for 200 seconds at Wed Jun 20 16:37:04 UTC 2018
10680 ms. Memory: 352256K Free: 239615K (68%)
ptolemy.util.test.WatchDog.cancel(): canceling Wed Jun 20 16:37:15 UTC 2018
------------------ testing $PTII/ptolemy/domains/de/test/auto/TwoSigmaDelta.xml
auto.tcl: Setting watchdog for 200 seconds at Wed Jun 20 16:37:15 UTC 2018
2628 ms. Memory: 339968K Free: 293398K (86%)
ptolemy.util.test.WatchDog.cancel(): canceling Wed Jun 20 16:37:18 UTC 2018
auto.tcl: Setting watchdog for 200 seconds at Wed Jun 20 16:37:18 UTC 2018
2042 ms. Memory: 326144K Free: 297876K (91%)
ptolemy.util.test.WatchDog.cancel(): canceling Wed Jun 20 16:37:20 UTC 2018
------------------ testing $PTII/ptolemy/domains/de/test/auto/VariableDelay.xml
auto.tcl: Setting watchdog for 200 seconds at Wed Jun 20 16:37:20 UTC 2018
2 ms. Memory: 328192K Free: 314387K (96%)
ptolemy.util.test.WatchDog.cancel(): canceling Wed Jun 20 16:37:20 UTC 2018
auto.tcl: Setting watchdog for 200 seconds at Wed Jun 20 16:37:20 UTC 2018
2 ms. Memory: 328192K Free: 310733K (95%)
ptolemy.util.test.WatchDog.cancel(): canceling Wed Jun 20 16:37:20 UTC 2018
------------------ testing $PTII/ptolemy/domains/de/test/auto/VariableDelay2.xml
auto.tcl: Setting watchdog for 200 seconds at Wed Jun 20 16:37:20 UTC 2018
2 ms. Memory: 326144K Free: 315196K (97%)
ptolemy.util.test.WatchDog.cancel(): canceling Wed Jun 20 16:37:20 UTC 2018
auto.tcl: Setting watchdog for 200 seconds at Wed Jun 20 16:37:20 UTC 2018
1 ms. Memory: 326144K Free: 311542K (96%)
ptolemy.util.test.WatchDog.cancel(): canceling Wed Jun 20 16:37:20 UTC 2018
------------------ testing $PTII/ptolemy/domains/de/test/auto/VariableDelayZeroDelay.xml
auto.tcl: Setting watchdog for 200 seconds at Wed Jun 20 16:37:20 UTC 2018
2 ms. Memory: 328192K Free: 314795K (96%)
ptolemy.util.test.WatchDog.cancel(): canceling Wed Jun 20 16:37:20 UTC 2018
auto.tcl: Setting watchdog for 200 seconds at Wed Jun 20 16:37:20 UTC 2018
1 ms. Memory: 328192K Free: 311142K (95%)
ptolemy.util.test.WatchDog.cancel(): canceling Wed Jun 20 16:37:20 UTC 2018
------------------ testing $PTII/ptolemy/domains/de/test/auto/VariableDelayZeroDelay2.xml
auto.tcl: Setting watchdog for 200 seconds at Wed Jun 20 16:37:20 UTC 2018
2 ms. Memory: 326144K Free: 312746K (96%)
ptolemy.util.test.WatchDog.cancel(): canceling Wed Jun 20 16:37:20 UTC 2018
auto.tcl: Setting watchdog for 200 seconds at Wed Jun 20 16:37:20 UTC 2018
2 ms. Memory: 326144K Free: 309108K (95%)
ptolemy.util.test.WatchDog.cancel(): canceling Wed Jun 20 16:37:20 UTC 2018
------------------ testing $PTII/ptolemy/domains/de/test/auto/deInCt.xml
auto.tcl: Setting watchdog for 200 seconds at Wed Jun 20 16:37:20 UTC 2018
0
1
1
0
0
0
1
1
1
0
0
0
0
1
1
1
0
0
0
0
0
1
1
1
0
0
0
1
1
1
1
0
0
0
1
1
1
1
6 ms. Memory: 327680K Free: 310621K (95%)
ptolemy.util.test.WatchDog.cancel(): canceling Wed Jun 20 16:37:20 UTC 2018
auto.tcl: Setting watchdog for 200 seconds at Wed Jun 20 16:37:20 UTC 2018
0
1
1
1
0
0
0
1
1
0
0
0
0
1
1
1
1
1
1
0
0
0
1
1
1
1
1
0
0
0
0
0
5 ms. Memory: 327680K Free: 310621K (95%)
ptolemy.util.test.WatchDog.cancel(): canceling Wed Jun 20 16:37:20 UTC 2018
------------------ testing $PTII/ptolemy/domains/de/test/auto/deInCt2.xml
auto.tcl: Setting watchdog for 200 seconds at Wed Jun 20 16:37:20 UTC 2018
0
1
1
1
0
0
1
1
1
0
0
1
1
1
0
0
1
1
1
0
0
1
1
1
0
0
1
1
1
0
0
1
1
1
0
0
1
1
1
0
0
0
7 ms. Memory: 326144K Free: 309089K (95%)
ptolemy.util.test.WatchDog.cancel(): canceling Wed Jun 20 16:37:20 UTC 2018
auto.tcl: Setting watchdog for 200 seconds at Wed Jun 20 16:37:20 UTC 2018
0
1
1
1
0
0
1
1
1
0
0
1
1
1
0
0
1
1
1
0
0
1
1
1
0
0
1
1
1
0
0
1
1
1
0
0
1
1
1
0
0
0
9 ms. Memory: 326144K Free: 309089K (95%)
ptolemy.util.test.WatchDog.cancel(): canceling Wed Jun 20 16:37:20 UTC 2018
------------------ testing $PTII/ptolemy/domains/de/test/auto/dynamicCausalityInterface1.xml
auto.tcl: Setting watchdog for 200 seconds at Wed Jun 20 16:37:20 UTC 2018
2 ms. Memory: 327680K Free: 306983K (94%)
ptolemy.util.test.WatchDog.cancel(): canceling Wed Jun 20 16:37:20 UTC 2018
auto.tcl: Setting watchdog for 200 seconds at Wed Jun 20 16:37:20 UTC 2018
1 ms. Memory: 327680K Free: 306983K (94%)
ptolemy.util.test.WatchDog.cancel(): canceling Wed Jun 20 16:37:20 UTC 2018
------------------ testing $PTII/ptolemy/domains/de/test/auto/fsm_de_test.xml
auto.tcl: Setting watchdog for 200 seconds at Wed Jun 20 16:37:20 UTC 2018
5 ms. Memory: 326144K Free: 305326K (94%)
ptolemy.util.test.WatchDog.cancel(): canceling Wed Jun 20 16:37:20 UTC 2018
auto.tcl: Setting watchdog for 200 seconds at Wed Jun 20 16:37:20 UTC 2018
5 ms. Memory: 326144K Free: 305326K (94%)
ptolemy.util.test.WatchDog.cancel(): canceling Wed Jun 20 16:37:20 UTC 2018
------------------ testing $PTII/ptolemy/domains/de/test/auto/functionDependencyReconstruction.xml
auto.tcl: Setting watchdog for 200 seconds at Wed Jun 20 16:37:20 UTC 2018
2 ms. Memory: 327168K Free: 299089K (91%)
ptolemy.util.test.WatchDog.cancel(): canceling Wed Jun 20 16:37:20 UTC 2018
auto.tcl: Setting watchdog for 200 seconds at Wed Jun 20 16:37:20 UTC 2018
2 ms. Memory: 327168K Free: 299089K (91%)
ptolemy.util.test.WatchDog.cancel(): canceling Wed Jun 20 16:37:20 UTC 2018
------------------ testing $PTII/ptolemy/domains/de/test/auto/multirate.xml
auto.tcl: Setting watchdog for 200 seconds at Wed Jun 20 16:37:21 UTC 2018
6 ms. Memory: 326144K Free: 308847K (95%)
ptolemy.util.test.WatchDog.cancel(): canceling Wed Jun 20 16:37:21 UTC 2018
auto.tcl: Setting watchdog for 200 seconds at Wed Jun 20 16:37:21 UTC 2018
3 ms. Memory: 326144K Free: 308847K (95%)
ptolemy.util.test.WatchDog.cancel(): canceling Wed Jun 20 16:37:21 UTC 2018
------------------ testing $PTII/ptolemy/domains/de/test/auto/multirate2.xml
auto.tcl: Setting watchdog for 200 seconds at Wed Jun 20 16:37:21 UTC 2018
2 ms. Memory: 327168K Free: 310065K (95%)
ptolemy.util.test.WatchDog.cancel(): canceling Wed Jun 20 16:37:21 UTC 2018
auto.tcl: Setting watchdog for 200 seconds at Wed Jun 20 16:37:21 UTC 2018
3 ms. Memory: 327168K Free: 310065K (95%)
ptolemy.util.test.WatchDog.cancel(): canceling Wed Jun 20 16:37:21 UTC 2018
------------------ testing $PTII/ptolemy/domains/de/test/auto/realtime.xml
auto.tcl: Setting watchdog for 200 seconds at Wed Jun 20 16:37:21 UTC 2018
10001 ms. Memory: 326144K Free: 309036K (95%)
ptolemy.util.test.WatchDog.cancel(): canceling Wed Jun 20 16:37:31 UTC 2018
auto.tcl: Setting watchdog for 200 seconds at Wed Jun 20 16:37:31 UTC 2018
10002 ms. Memory: 326144K Free: 309036K (95%)
ptolemy.util.test.WatchDog.cancel(): canceling Wed Jun 20 16:37:41 UTC 2018
------------------ testing $PTII/ptolemy/domains/de/test/auto/relationGroup.xml
auto.tcl: Setting watchdog for 200 seconds at Wed Jun 20 16:37:41 UTC 2018
1 ms. Memory: 327168K Free: 313736K (96%)
ptolemy.util.test.WatchDog.cancel(): canceling Wed Jun 20 16:37:41 UTC 2018
auto.tcl: Setting watchdog for 200 seconds at Wed Jun 20 16:37:41 UTC 2018
1 ms. Memory: 327168K Free: 313736K (96%)
ptolemy.util.test.WatchDog.cancel(): canceling Wed Jun 20 16:37:41 UTC 2018
------------------ testing $PTII/ptolemy/domains/de/test/auto/relationGroup2.xml
auto.tcl: Setting watchdog for 200 seconds at Wed Jun 20 16:37:41 UTC 2018
2 ms. Memory: 326144K Free: 312738K (96%)
ptolemy.util.test.WatchDog.cancel(): canceling Wed Jun 20 16:37:41 UTC 2018
auto.tcl: Setting watchdog for 200 seconds at Wed Jun 20 16:37:41 UTC 2018
1 ms. Memory: 326144K Free: 312738K (96%)
ptolemy.util.test.WatchDog.cancel(): canceling Wed Jun 20 16:37:41 UTC 2018
------------------ testing $PTII/ptolemy/domains/de/test/auto/sortWithOpaquePorts.xml
auto.tcl: Setting watchdog for 200 seconds at Wed Jun 20 16:37:41 UTC 2018
1 ms. Memory: 326656K Free: 313250K (96%)
ptolemy.util.test.WatchDog.cancel(): canceling Wed Jun 20 16:37:41 UTC 2018
auto.tcl: Setting watchdog for 200 seconds at Wed Jun 20 16:37:41 UTC 2018
2 ms. Memory: 326656K Free: 309612K (95%)
ptolemy.util.test.WatchDog.cancel(): canceling Wed Jun 20 16:37:41 UTC 2018
------------------ testing $PTII/ptolemy/domains/de/test/auto/transferInputsandOutputs.xml
auto.tcl: Setting watchdog for 200 seconds at Wed Jun 20 16:37:41 UTC 2018
2 ms. Memory: 326144K Free: 309071K (95%)
ptolemy.util.test.WatchDog.cancel(): canceling Wed Jun 20 16:37:41 UTC 2018
auto.tcl: Setting watchdog for 200 seconds at Wed Jun 20 16:37:41 UTC 2018
2 ms. Memory: 326144K Free: 309071K (95%)
ptolemy.util.test.WatchDog.cancel(): canceling Wed Jun 20 16:37:41 UTC 2018
------------------ testing $PTII/ptolemy/domains/de/test/auto/triggerType.xml
auto.tcl: Setting watchdog for 200 seconds at Wed Jun 20 16:37:41 UTC 2018
1 ms. Memory: 326656K Free: 313187K (96%)
ptolemy.util.test.WatchDog.cancel(): canceling Wed Jun 20 16:37:41 UTC 2018
auto.tcl: Setting watchdog for 200 seconds at Wed Jun 20 16:37:41 UTC 2018
1 ms. Memory: 326656K Free: 309533K (95%)
ptolemy.util.test.WatchDog.cancel(): canceling Wed Jun 20 16:37:41 UTC 2018
06/20/18 04:37:41
Failed: 0  Total Tests: 192  ((Passed: 187, Newly Passed: 1)  Known Failed: 5) /home/travis/build/icyphy/ptII/ptolemy/domains/de/test
06/20/18 04:37:41
Failed: 0  Total Tests: 192  ((Passed: 187, Newly Passed: 1)  Known Failed: 5) /home/travis/build/icyphy/ptII/ptolemy/domains/de/test
----------------- testing (KnownFailure) /home/travis/build/icyphy/ptII/ptolemy/domains/de/test/auto/knownFailedTests/DESDFClockTest.xml
2007 ms. Memory: 326144K Free: 302923K (93%)
Known Failure: java.lang.reflect.InvocationTargetException
----------------- testing (KnownFailure) /home/travis/build/icyphy/ptII/ptolemy/domains/de/test/auto/knownFailedTests/DirectFeedback.xml
1 ms. Memory: 326144K Free: 283344K (87%)
Known Failure: java.lang.reflect.InvocationTargetException
----------------- testing (KnownFailure) /home/travis/build/icyphy/ptII/ptolemy/domains/de/test/auto/knownFailedTests/FSMSource.xml
5 ms. Memory: 326144K Free: 258862K (79%)
----------------- testing (KnownFailure) /home/travis/build/icyphy/ptII/ptolemy/domains/de/test/auto/knownFailedTests/HierarchicalModel.xml
1 ms. Memory: 326144K Free: 234361K (72%)
Known Failure: java.lang.reflect.InvocationTargetException
----------------- testing (KnownFailure) /home/travis/build/icyphy/ptII/ptolemy/domains/de/test/auto/knownFailedTests/dependencyLoop.xml
1 ms. Memory: 326144K Free: 204984K (63%)
Known Failure: java.lang.reflect.InvocationTargetException
----------------- testing (KnownFailure) /home/travis/build/icyphy/ptII/ptolemy/domains/de/test/auto/knownFailedTests/dependencyLoop2.xml
2 ms. Memory: 326144K Free: 170704K (52%)
Known Failure: java.lang.reflect.InvocationTargetException
No auto/linux-amd64/*.xml tests in /home/travis/build/icyphy/ptII/ptolemy/domains/de/test
AutoTests.java: About to close Vertx.
AutoTests.java: Vertx closed.

===========================================================================================
----------------- testing Wed Jun 20 16:37:43 UTC 2018 /home/travis/build/icyphy/ptII/ptolemy/domains/de/test/auto/ActorDepthCalculation_actorWithoutPorts.xml
----------------- Instantiating /home/travis/build/icyphy/ptII/ptolemy/domains/de/test/auto/ActorDepthCalculation_actorWithoutPorts.xml
1 ms. Memory: 326144K Free: 146230K (45%)
----------------- Invoking toplevel() on ptolemy.moml.MoMLSimpleApplication@75df6147
----------------- Done invoking toplevel() on ptolemy.moml.MoMLSimpleApplication@75df6147
reloadAllAccessors: .ActorDepthCalculation_actorWithoutPorts

===========================================================================================
----------------- testing Wed Jun 20 16:37:43 UTC 2018 /home/travis/build/icyphy/ptII/ptolemy/domains/de/test/auto/AssemblyLine.xml
----------------- Instantiating /home/travis/build/icyphy/ptII/ptolemy/domains/de/test/auto/AssemblyLine.xml
2 ms. Memory: 326144K Free: 131530K (40%)
----------------- Invoking toplevel() on ptolemy.moml.MoMLSimpleApplication@2542ed42
----------------- Done invoking toplevel() on ptolemy.moml.MoMLSimpleApplication@2542ed42
reloadAllAccessors: .AssemblyLine

===========================================================================================
----------------- testing Wed Jun 20 16:37:43 UTC 2018 /home/travis/build/icyphy/ptII/ptolemy/domains/de/test/auto/CQBug1.xml
----------------- Instantiating /home/travis/build/icyphy/ptII/ptolemy/domains/de/test/auto/CQBug1.xml
1 ms. Memory: 326144K Free: 121741K (37%)
----------------- Invoking toplevel() on ptolemy.moml.MoMLSimpleApplication@779cb1a3
----------------- Done invoking toplevel() on ptolemy.moml.MoMLSimpleApplication@779cb1a3
reloadAllAccessors: .CQBug1

===========================================================================================
----------------- testing Wed Jun 20 16:37:43 UTC 2018 /home/travis/build/icyphy/ptII/ptolemy/domains/de/test/auto/CancelFireAt.xml
----------------- Instantiating /home/travis/build/icyphy/ptII/ptolemy/domains/de/test/auto/CancelFireAt.xml
1 ms. Memory: 326144K Free: 111951K (34%)
----------------- Invoking toplevel() on ptolemy.moml.MoMLSimpleApplication@45f57a23
----------------- Done invoking toplevel() on ptolemy.moml.MoMLSimpleApplication@45f57a23
reloadAllAccessors: .CancelFireAt

===========================================================================================
----------------- testing Wed Jun 20 16:37:43 UTC 2018 /home/travis/build/icyphy/ptII/ptolemy/domains/de/test/auto/CausalityAndComposabilityAnalysis.xml
----------------- Instantiating /home/travis/build/icyphy/ptII/ptolemy/domains/de/test/auto/CausalityAndComposabilityAnalysis.xml
1 ms. Memory: 326144K Free: 102162K (31%)
----------------- Invoking toplevel() on ptolemy.moml.MoMLSimpleApplication@1d50a89a
----------------- Done invoking toplevel() on ptolemy.moml.MoMLSimpleApplication@1d50a89a
reloadAllAccessors: .CausalityAndComposabilityAnalysis

===========================================================================================
----------------- testing Wed Jun 20 16:37:43 UTC 2018 /home/travis/build/icyphy/ptII/ptolemy/domains/de/test/auto/CausalityInterface1.xml
----------------- Instantiating /home/travis/build/icyphy/ptII/ptolemy/domains/de/test/auto/CausalityInterface1.xml
2 ms. Memory: 326144K Free: 88734K (27%)
----------------- Invoking toplevel() on ptolemy.moml.MoMLSimpleApplication@795bd408
----------------- Done invoking toplevel() on ptolemy.moml.MoMLSimpleApplication@795bd408
reloadAllAccessors: .CausalityInterface1

===========================================================================================
----------------- testing Wed Jun 20 16:37:43 UTC 2018 /home/travis/build/icyphy/ptII/ptolemy/domains/de/test/auto/CausalityInterface15.xml
----------------- Instantiating /home/travis/build/icyphy/ptII/ptolemy/domains/de/test/auto/CausalityInterface15.xml
1 ms. Memory: 326144K Free: 76525K (23%)
----------------- Invoking toplevel() on ptolemy.moml.MoMLSimpleApplication@4572d429
----------------- Done invoking toplevel() on ptolemy.moml.MoMLSimpleApplication@4572d429
reloadAllAccessors: .CausalityInterface15

[...]
java.lang.RuntimeException: Execution failed
	at ptolemy.moml.MoMLSimpleApplication$UnloadThread.run(MoMLSimpleApplication.java:402)
Caused by: ptolemy.kernel.util.IllegalActionException: Test fails in iteration 1.
Value was: 1.0. Should have been: 2.0
  in .DirectFeedback.Test
	at ptolemy.actor.lib.Test.fire(Test.java:268)
	at ptolemy.domains.de.kernel.DEDirector._fire(DEDirector.java:1949)
	at ptolemy.domains.de.kernel.DEDirector.fire(DEDirector.java:502)
	at ptolemy.actor.CompositeActor.fire(CompositeActor.java:455)
	at ptolemy.actor.Manager.iterate(Manager.java:851)
	at ptolemy.actor.Manager.execute(Manager.java:369)
	at ptolemy.actor.Manager.run(Manager.java:1263)
	at ptolemy.actor.Manager$PtolemyRunThread.run(Manager.java:1915)
java.lang.RuntimeException: Execution failed
	at ptolemy.moml.MoMLSimpleApplication$UnloadThread.run(MoMLSimpleApplication.java:402)
Caused by: ptolemy.kernel.util.IllegalActionException: Actor is not ready to fire.  Perhaps UpSample.prefire() returned false? Try debugging the actor by selecting "Listen to Actor".  Also, for SDF check moml for tokenConsumptionRate on input.
  in .DESDFClockTest.Play Bell.Copy1:SDF Director and .DESDFClockTest.Play Bell.UpSample
	at ptolemy.actor.sched.StaticSchedulingDirector.fire(StaticSchedulingDirector.java:227)
	at ptolemy.domains.sdf.kernel.SDFDirector.fire(SDFDirector.java:500)
	at ptolemy.actor.CompositeActor.fire(CompositeActor.java:455)
	at ptolemy.domains.de.kernel.DEDirector._fire(DEDirector.java:1949)
	at ptolemy.domains.de.kernel.DEDirector.fire(DEDirector.java:502)
	at ptolemy.actor.CompositeActor.fire(CompositeActor.java:455)
	at ptolemy.actor.Manager.iterate(Manager.java:851)
	at ptolemy.actor.Manager.execute(Manager.java:369)
	at ptolemy.actor.Manager.run(Manager.java:1263)
	at ptolemy.actor.Manager$PtolemyRunThread.run(Manager.java:1915)
java.lang.reflect.InvocationTargetException
	at sun.reflect.NativeConstructorAccessorImpl.newInstance0(Native Method)
	at sun.reflect.NativeConstructorAccessorImpl.newInstance(NativeConstructorAccessorImpl.java:62)
	at sun.reflect.DelegatingConstructorAccessorImpl.newInstance(DelegatingConstructorAccessorImpl.java:45)
	at java.lang.reflect.Constructor.newInstance(Constructor.java:423)
	at ptolemy.util.test.junit.AutoKnownFailedTests.RunModel(AutoKnownFailedTests.java:107)
	at sun.reflect.NativeMethodAccessorImpl.invoke0(Native Method)
	at sun.reflect.NativeMethodAccessorImpl.invoke(NativeMethodAccessorImpl.java:62)
	at sun.reflect.DelegatingMethodAccessorImpl.invoke(DelegatingMethodAccessorImpl.java:43)
	at java.lang.reflect.Method.invoke(Method.java:498)
	at org.junit.runners.model.FrameworkMethod$1.runReflectiveCall(FrameworkMethod.java:44)
	at org.junit.internal.runners.model.ReflectiveCallable.run(ReflectiveCallable.java:15)
	at org.junit.runners.model.FrameworkMethod.invokeExplosively(FrameworkMethod.java:41)
	at junitparams.internal.InvokeParameterisedMethod.evaluate(InvokeParameterisedMethod.java:102)
	at org.junit.internal.runners.statements.FailOnTimeout$1.run(FailOnTimeout.java:28)
Caused by: ptolemy.kernel.util.IllegalActionException: Actor is not ready to fire.  Perhaps UpSample.prefire() returned false? Try debugging the actor by selecting "Listen to Actor".  Also, for SDF check moml for tokenConsumptionRate on input.
  in .DESDFClockTest.Play Bell.Copy1:SDF Director and .DESDFClockTest.Play Bell.UpSample
	at ptolemy.actor.sched.StaticSchedulingDirector.fire(StaticSchedulingDirector.java:227)
	at ptolemy.domains.sdf.kernel.SDFDirector.fire(SDFDirector.java:500)
	at ptolemy.actor.CompositeActor.fire(CompositeActor.java:455)
	at ptolemy.domains.de.kernel.DEDirector._fire(DEDirector.java:1949)
	at ptolemy.domains.de.kernel.DEDirector.fire(DEDirector.java:502)
	at ptolemy.actor.CompositeActor.fire(CompositeActor.java:455)
	at ptolemy.actor.Manager.iterate(Manager.java:851)
	at ptolemy.actor.Manager.execute(Manager.java:369)
	at ptolemy.actor.Manager.run(Manager.java:1263)
	at ptolemy.actor.Manager$PtolemyRunThread.run(Manager.java:1915)
java.lang.RuntimeException: Execution failed
	at ptolemy.moml.MoMLSimpleApplication$UnloadThread.run(MoMLSimpleApplication.java:402)
Caused by: ptolemy.kernel.util.IllegalActionException: Test fails in iteration 1.
Value was: 1.0. Should have been: 2.0
  in .DirectFeedback.Test
	at ptolemy.actor.lib.Test.fire(Test.java:268)
	at ptolemy.domains.de.kernel.DEDirector._fire(DEDirector.java:1949)
	at ptolemy.domains.de.kernel.DEDirector.fire(DEDirector.java:502)
	at ptolemy.actor.CompositeActor.fire(CompositeActor.java:455)
	at ptolemy.actor.Manager.iterate(Manager.java:851)
	at ptolemy.actor.Manager.execute(Manager.java:369)
	at ptolemy.actor.Manager.run(Manager.java:1263)
	at ptolemy.actor.Manager$PtolemyRunThread.run(Manager.java:1915)
java.lang.reflect.InvocationTargetException
	at sun.reflect.NativeConstructorAccessorImpl.newInstance0(Native Method)
	at sun.reflect.NativeConstructorAccessorImpl.newInstance(NativeConstructorAccessorImpl.java:62)
	at sun.reflect.DelegatingConstructorAccessorImpl.newInstance(DelegatingConstructorAccessorImpl.java:45)
	at java.lang.reflect.Constructor.newInstance(Constructor.java:423)
	at ptolemy.util.test.junit.AutoKnownFailedTests.RunModel(AutoKnownFailedTests.java:107)
	at sun.reflect.NativeMethodAccessorImpl.invoke0(Native Method)
	at sun.reflect.NativeMethodAccessorImpl.invoke(NativeMethodAccessorImpl.java:62)
	at sun.reflect.DelegatingMethodAccessorImpl.invoke(DelegatingMethodAccessorImpl.java:43)
	at java.lang.reflect.Method.invoke(Method.java:498)
	at org.junit.runners.model.FrameworkMethod$1.runReflectiveCall(FrameworkMethod.java:44)
	at org.junit.internal.runners.model.ReflectiveCallable.run(ReflectiveCallable.java:15)
	at org.junit.runners.model.FrameworkMethod.invokeExplosively(FrameworkMethod.java:41)
	at junitparams.internal.InvokeParameterisedMethod.evaluate(InvokeParameterisedMethod.java:102)
	at org.junit.internal.runners.statements.FailOnTimeout$1.run(FailOnTimeout.java:28)
Caused by: ptolemy.kernel.util.IllegalActionException: Test fails in iteration 1.
Value was: 1.0. Should have been: 2.0
  in .DirectFeedback.Test
	at ptolemy.actor.lib.Test.fire(Test.java:268)
	at ptolemy.domains.de.kernel.DEDirector._fire(DEDirector.java:1949)
	at ptolemy.domains.de.kernel.DEDirector.fire(DEDirector.java:502)
	at ptolemy.actor.CompositeActor.fire(CompositeActor.java:455)
	at ptolemy.actor.Manager.iterate(Manager.java:851)
	at ptolemy.actor.Manager.execute(Manager.java:369)
	at ptolemy.actor.Manager.run(Manager.java:1263)
	at ptolemy.actor.Manager$PtolemyRunThread.run(Manager.java:1915)
java.lang.RuntimeException: Execution failed
	at ptolemy.moml.MoMLSimpleApplication$UnloadThread.run(MoMLSimpleApplication.java:402)
Caused by: ptolemy.kernel.util.IllegalActionException: Found a zero delay loop containing .HierarchicalModel.A
  in .HierarchicalModel and .HierarchicalModel.A
	at ptolemy.actor.util.CausalityInterfaceForComposites._computeOutputPortDepth(CausalityInterfaceForComposites.java:759)
	at ptolemy.actor.util.CausalityInterfaceForComposites._computeInputDepth(CausalityInterfaceForComposites.java:696)
	at ptolemy.actor.util.CausalityInterfaceForComposites._computeOutputPortDepth(CausalityInterfaceForComposites.java:765)
	at ptolemy.actor.util.CausalityInterfaceForComposites._computeInputDepth(CausalityInterfaceForComposites.java:696)
	at ptolemy.actor.util.CausalityInterfaceForComposites._computeOutputPortDepth(CausalityInterfaceForComposites.java:765)
	at ptolemy.actor.util.CausalityInterfaceForComposites._computeInputDepth(CausalityInterfaceForComposites.java:696)
	at ptolemy.actor.util.CausalityInterfaceForComposites._computeActorDepth(CausalityInterfaceForComposites.java:532)
	at ptolemy.actor.util.CausalityInterfaceForComposites.checkForCycles(CausalityInterfaceForComposites.java:96)
	at ptolemy.domains.de.kernel.DEDirector.preinitialize(DEDirector.java:1338)
	at ptolemy.actor.CompositeActor.preinitialize(CompositeActor.java:1828)
	at ptolemy.actor.Manager.preinitializeAndResolveTypes(Manager.java:1040)
	at ptolemy.actor.Manager.initialize(Manager.java:710)
	at ptolemy.actor.Manager.execute(Manager.java:356)
	at ptolemy.actor.Manager.run(Manager.java:1263)
	at ptolemy.actor.Manager$PtolemyRunThread.run(Manager.java:1915)
java.lang.reflect.InvocationTargetException
	at sun.reflect.NativeConstructorAccessorImpl.newInstance0(Native Method)
	at sun.reflect.NativeConstructorAccessorImpl.newInstance(NativeConstructorAccessorImpl.java:62)
	at sun.reflect.DelegatingConstructorAccessorImpl.newInstance(DelegatingConstructorAccessorImpl.java:45)
	at java.lang.reflect.Constructor.newInstance(Constructor.java:423)
	at ptolemy.util.test.junit.AutoKnownFailedTests.RunModel(AutoKnownFailedTests.java:107)
	at sun.reflect.NativeMethodAccessorImpl.invoke0(Native Method)
	at sun.reflect.NativeMethodAccessorImpl.invoke(NativeMethodAccessorImpl.java:62)
	at sun.reflect.DelegatingMethodAccessorImpl.invoke(DelegatingMethodAccessorImpl.java:43)
	at java.lang.reflect.Method.invoke(Method.java:498)
	at org.junit.runners.model.FrameworkMethod$1.runReflectiveCall(FrameworkMethod.java:44)
	at org.junit.internal.runners.model.ReflectiveCallable.run(ReflectiveCallable.java:15)
	at org.junit.runners.model.FrameworkMethod.invokeExplosively(FrameworkMethod.java:41)
	at junitparams.internal.InvokeParameterisedMethod.evaluate(InvokeParameterisedMethod.java:102)
	at org.junit.internal.runners.statements.FailOnTimeout$1.run(FailOnTimeout.java:28)
Caused by: ptolemy.kernel.util.IllegalActionException: Found a zero delay loop containing .HierarchicalModel.A
  in .HierarchicalModel and .HierarchicalModel.A
	at ptolemy.actor.util.CausalityInterfaceForComposites._computeOutputPortDepth(CausalityInterfaceForComposites.java:759)
	at ptolemy.actor.util.CausalityInterfaceForComposites._computeInputDepth(CausalityInterfaceForComposites.java:696)
	at ptolemy.actor.util.CausalityInterfaceForComposites._computeOutputPortDepth(CausalityInterfaceForComposites.java:765)
	at ptolemy.actor.util.CausalityInterfaceForComposites._computeInputDepth(CausalityInterfaceForComposites.java:696)
	at ptolemy.actor.util.CausalityInterfaceForComposites._computeOutputPortDepth(CausalityInterfaceForComposites.java:765)
	at ptolemy.actor.util.CausalityInterfaceForComposites._computeInputDepth(CausalityInterfaceForComposites.java:696)
	at ptolemy.actor.util.CausalityInterfaceForComposites._computeActorDepth(CausalityInterfaceForComposites.java:532)
	at ptolemy.actor.util.CausalityInterfaceForComposites.checkForCycles(CausalityInterfaceForComposites.java:96)
	at ptolemy.domains.de.kernel.DEDirector.preinitialize(DEDirector.java:1338)
	at ptolemy.actor.CompositeActor.preinitialize(CompositeActor.java:1828)
	at ptolemy.actor.Manager.preinitializeAndResolveTypes(Manager.java:1040)
	at ptolemy.actor.Manager.initialize(Manager.java:710)
	at ptolemy.actor.Manager.execute(Manager.java:356)
	at ptolemy.actor.Manager.run(Manager.java:1263)
	at ptolemy.actor.Manager$PtolemyRunThread.run(Manager.java:1915)
java.lang.RuntimeException: Execution failed
	at ptolemy.moml.MoMLSimpleApplication$UnloadThread.run(MoMLSimpleApplication.java:402)
Caused by: ptolemy.kernel.util.IllegalActionException: Found a zero delay loop containing .dependencyLoop.original
  in .dependencyLoop and .dependencyLoop.original
	at ptolemy.actor.util.CausalityInterfaceForComposites._computeOutputPortDepth(CausalityInterfaceForComposites.java:759)
	at ptolemy.actor.util.CausalityInterfaceForComposites._computeInputDepth(CausalityInterfaceForComposites.java:696)
	at ptolemy.actor.util.CausalityInterfaceForComposites._computeOutputPortDepth(CausalityInterfaceForComposites.java:765)
	at ptolemy.actor.util.CausalityInterfaceForComposites._computeInputDepth(CausalityInterfaceForComposites.java:696)
	at ptolemy.actor.util.CausalityInterfaceForComposites._computeOutputPortDepth(CausalityInterfaceForComposites.java:765)
	at ptolemy.actor.util.CausalityInterfaceForComposites._computeInputDepth(CausalityInterfaceForComposites.java:696)
	at ptolemy.actor.util.CausalityInterfaceForComposites._computeActorDepth(CausalityInterfaceForComposites.java:532)
	at ptolemy.actor.util.CausalityInterfaceForComposites.checkForCycles(CausalityInterfaceForComposites.java:96)
	at ptolemy.domains.de.kernel.DEDirector.preinitialize(DEDirector.java:1338)
	at ptolemy.actor.CompositeActor.preinitialize(CompositeActor.java:1828)
	at ptolemy.actor.Manager.preinitializeAndResolveTypes(Manager.java:1040)
	at ptolemy.actor.Manager.initialize(Manager.java:710)
	at ptolemy.actor.Manager.execute(Manager.java:356)
	at ptolemy.actor.Manager.run(Manager.java:1263)
	at ptolemy.actor.Manager$PtolemyRunThread.run(Manager.java:1915)
java.lang.reflect.InvocationTargetException
	at sun.reflect.NativeConstructorAccessorImpl.newInstance0(Native Method)
	at sun.reflect.NativeConstructorAccessorImpl.newInstance(NativeConstructorAccessorImpl.java:62)
	at sun.reflect.DelegatingConstructorAccessorImpl.newInstance(DelegatingConstructorAccessorImpl.java:45)
	at java.lang.reflect.Constructor.newInstance(Constructor.java:423)
	at ptolemy.util.test.junit.AutoKnownFailedTests.RunModel(AutoKnownFailedTests.java:107)
	at sun.reflect.NativeMethodAccessorImpl.invoke0(Native Method)
	at sun.reflect.NativeMethodAccessorImpl.invoke(NativeMethodAccessorImpl.java:62)
	at sun.reflect.DelegatingMethodAccessorImpl.invoke(DelegatingMethodAccessorImpl.java:43)
	at java.lang.reflect.Method.invoke(Method.java:498)
	at org.junit.runners.model.FrameworkMethod$1.runReflectiveCall(FrameworkMethod.java:44)
	at org.junit.internal.runners.model.ReflectiveCallable.run(ReflectiveCallable.java:15)
	at org.junit.runners.model.FrameworkMethod.invokeExplosively(FrameworkMethod.java:41)
	at junitparams.internal.InvokeParameterisedMethod.evaluate(InvokeParameterisedMethod.java:102)
	at org.junit.internal.runners.statements.FailOnTimeout$1.run(FailOnTimeout.java:28)
Caused by: ptolemy.kernel.util.IllegalActionException: Found a zero delay loop containing .dependencyLoop.original
  in .dependencyLoop and .dependencyLoop.original
	at ptolemy.actor.util.CausalityInterfaceForComposites._computeOutputPortDepth(CausalityInterfaceForComposites.java:759)
	at ptolemy.actor.util.CausalityInterfaceForComposites._computeInputDepth(CausalityInterfaceForComposites.java:696)
	at ptolemy.actor.util.CausalityInterfaceForComposites._computeOutputPortDepth(CausalityInterfaceForComposites.java:765)
	at ptolemy.actor.util.CausalityInterfaceForComposites._computeInputDepth(CausalityInterfaceForComposites.java:696)
	at ptolemy.actor.util.CausalityInterfaceForComposites._computeOutputPortDepth(CausalityInterfaceForComposites.java:765)
	at ptolemy.actor.util.CausalityInterfaceForComposites._computeInputDepth(CausalityInterfaceForComposites.java:696)
	at ptolemy.actor.util.CausalityInterfaceForComposites._computeActorDepth(CausalityInterfaceForComposites.java:532)
	at ptolemy.actor.util.CausalityInterfaceForComposites.checkForCycles(CausalityInterfaceForComposites.java:96)
	at ptolemy.domains.de.kernel.DEDirector.preinitialize(DEDirector.java:1338)
	at ptolemy.actor.CompositeActor.preinitialize(CompositeActor.java:1828)
	at ptolemy.actor.Manager.preinitializeAndResolveTypes(Manager.java:1040)
	at ptolemy.actor.Manager.initialize(Manager.java:710)
	at ptolemy.actor.Manager.execute(Manager.java:356)
	at ptolemy.actor.Manager.run(Manager.java:1263)
	at ptolemy.actor.Manager$PtolemyRunThread.run(Manager.java:1915)
java.lang.RuntimeException: Execution failed
	at ptolemy.moml.MoMLSimpleApplication$UnloadThread.run(MoMLSimpleApplication.java:402)
Caused by: ptolemy.kernel.util.IllegalActionException: Found a zero delay loop containing .dependencyLoop2.original
  in .dependencyLoop2 and .dependencyLoop2.original
	at ptolemy.actor.util.CausalityInterfaceForComposites._computeOutputPortDepth(CausalityInterfaceForComposites.java:759)
	at ptolemy.actor.util.CausalityInterfaceForComposites._computeInputDepth(CausalityInterfaceForComposites.java:696)
	at ptolemy.actor.util.CausalityInterfaceForComposites._computeOutputPortDepth(CausalityInterfaceForComposites.java:765)
	at ptolemy.actor.util.CausalityInterfaceForComposites._computeInputDepth(CausalityInterfaceForComposites.java:696)
	at ptolemy.actor.util.CausalityInterfaceForComposites._computeOutputPortDepth(CausalityInterfaceForComposites.java:765)
	at ptolemy.actor.util.CausalityInterfaceForComposites._computeInputDepth(CausalityInterfaceForComposites.java:696)
	at ptolemy.actor.util.CausalityInterfaceForComposites._computeActorDepth(CausalityInterfaceForComposites.java:532)
	at ptolemy.actor.util.CausalityInterfaceForComposites.checkForCycles(CausalityInterfaceForComposites.java:96)
	at ptolemy.domains.de.kernel.DEDirector.preinitialize(DEDirector.java:1338)
	at ptolemy.actor.CompositeActor.preinitialize(CompositeActor.java:1828)
	at ptolemy.actor.Manager.preinitializeAndResolveTypes(Manager.java:1040)
	at ptolemy.actor.Manager.initialize(Manager.java:710)
	at ptolemy.actor.Manager.execute(Manager.java:356)
	at ptolemy.actor.Manager.run(Manager.java:1263)
	at ptolemy.actor.Manager$PtolemyRunThread.run(Manager.java:1915)
java.lang.reflect.InvocationTargetException
	at sun.reflect.NativeConstructorAccessorImpl.newInstance0(Native Method)
	at sun.reflect.NativeConstructorAccessorImpl.newInstance(NativeConstructorAccessorImpl.java:62)
	at sun.reflect.DelegatingConstructorAccessorImpl.newInstance(DelegatingConstructorAccessorImpl.java:45)
	at java.lang.reflect.Constructor.newInstance(Constructor.java:423)
	at ptolemy.util.test.junit.AutoKnownFailedTests.RunModel(AutoKnownFailedTests.java:107)
	at sun.reflect.NativeMethodAccessorImpl.invoke0(Native Method)
	at sun.reflect.NativeMethodAccessorImpl.invoke(NativeMethodAccessorImpl.java:62)
	at sun.reflect.DelegatingMethodAccessorImpl.invoke(DelegatingMethodAccessorImpl.java:43)
	at java.lang.reflect.Method.invoke(Method.java:498)
	at org.junit.runners.model.FrameworkMethod$1.runReflectiveCall(FrameworkMethod.java:44)
	at org.junit.internal.runners.model.ReflectiveCallable.run(ReflectiveCallable.java:15)
	at org.junit.runners.model.FrameworkMethod.invokeExplosively(FrameworkMethod.java:41)
	at junitparams.internal.InvokeParameterisedMethod.evaluate(InvokeParameterisedMethod.java:102)
	at org.junit.internal.runners.statements.FailOnTimeout$1.run(FailOnTimeout.java:28)
Caused by: ptolemy.kernel.util.IllegalActionException: Found a zero delay loop containing .dependencyLoop2.original
  in .dependencyLoop2 and .dependencyLoop2.original
	at ptolemy.actor.util.CausalityInterfaceForComposites._computeOutputPortDepth(CausalityInterfaceForComposites.java:759)
	at ptolemy.actor.util.CausalityInterfaceForComposites._computeInputDepth(CausalityInterfaceForComposites.java:696)
	at ptolemy.actor.util.CausalityInterfaceForComposites._computeOutputPortDepth(CausalityInterfaceForComposites.java:765)
	at ptolemy.actor.util.CausalityInterfaceForComposites._computeInputDepth(CausalityInterfaceForComposites.java:696)
	at ptolemy.actor.util.CausalityInterfaceForComposites._computeOutputPortDepth(CausalityInterfaceForComposites.java:765)
	at ptolemy.actor.util.CausalityInterfaceForComposites._computeInputDepth(CausalityInterfaceForComposites.java:696)
	at ptolemy.actor.util.CausalityInterfaceForComposites._computeActorDepth(CausalityInterfaceForComposites.java:532)
	at ptolemy.actor.util.CausalityInterfaceForComposites.checkForCycles(CausalityInterfaceForComposites.java:96)
	at ptolemy.domains.de.kernel.DEDirector.preinitialize(DEDirector.java:1338)
	at ptolemy.actor.CompositeActor.preinitialize(CompositeActor.java:1828)
	at ptolemy.actor.Manager.preinitializeAndResolveTypes(Manager.java:1040)
	at ptolemy.actor.Manager.initialize(Manager.java:710)
	at ptolemy.actor.Manager.execute(Manager.java:356)
	at ptolemy.actor.Manager.run(Manager.java:1263)
	at ptolemy.actor.Manager$PtolemyRunThread.run(Manager.java:1915)
]]></system-err>
</testsuite>
