<?xml version="1.0" encoding="UTF-8" ?>
<testsuite errors="0" failures="0" hostname="travis-job-f4f91f14-f160-4692-95cd-7f35cff4b2da" name="ptolemy.actor.lib.hoc.test.junit.JUnitTclTest" skipped="0" tests="58" time="31.508" timestamp="2020-10-17T15:47:37">
  <properties>
[...]
</properties>
  <testcase classname="ptolemy.util.test.junit.TclTests" name="[0] /home/travis/build/icyphy/ptII/ptolemy/actor/lib/hoc/test/IterateOverArray.tcl (RunTclFile)" time="0.3" />
  <testcase classname="ptolemy.util.test.junit.AutoKnownFailedTests" name="[0] /home/travis/build/icyphy/ptII/ptolemy/actor/lib/hoc/test/auto/knownFailedTests/PreinitializeMustBeInvokedRunComposite.xml (RunModel)" time="0.317" />
  <testcase classname="ptolemy.util.test.junit.AutoNameArchTests" name="[0] ThereAreNoAutoArchTests (RunModel)" time="0.001" />
  <testcase classname="ptolemy.util.test.junit.AutoTests" name="[0] /home/travis/build/icyphy/ptII/ptolemy/actor/lib/hoc/test/auto/AllToAllMultiInstanceComposite.xml (RunModel)" time="0.358" />
  <testcase classname="ptolemy.util.test.junit.AutoTests" name="[1] /home/travis/build/icyphy/ptII/ptolemy/actor/lib/hoc/test/auto/ApplyFFTTest.xml (RunModel)" time="0.364" />
  <testcase classname="ptolemy.util.test.junit.AutoTests" name="[2] /home/travis/build/icyphy/ptII/ptolemy/actor/lib/hoc/test/auto/ApplyFunction.xml (RunModel)" time="0.038" />
  <testcase classname="ptolemy.util.test.junit.AutoTests" name="[3] /home/travis/build/icyphy/ptII/ptolemy/actor/lib/hoc/test/auto/BackgroundExecution.xml (RunModel)" time="0.772" />
  <testcase classname="ptolemy.util.test.junit.AutoTests" name="[4] /home/travis/build/icyphy/ptII/ptolemy/actor/lib/hoc/test/auto/Case.xml (RunModel)" time="0.099" />
  <testcase classname="ptolemy.util.test.junit.AutoTests" name="[5] /home/travis/build/icyphy/ptII/ptolemy/actor/lib/hoc/test/auto/Case1.xml (RunModel)" time="0.077" />
  <testcase classname="ptolemy.util.test.junit.AutoTests" name="[6] /home/travis/build/icyphy/ptII/ptolemy/actor/lib/hoc/test/auto/Case2.xml (RunModel)" time="0.096" />
  <testcase classname="ptolemy.util.test.junit.AutoTests" name="[7] /home/travis/build/icyphy/ptII/ptolemy/actor/lib/hoc/test/auto/Case3.xml (RunModel)" time="0.054" />
  <testcase classname="ptolemy.util.test.junit.AutoTests" name="[8] /home/travis/build/icyphy/ptII/ptolemy/actor/lib/hoc/test/auto/Case4.xml (RunModel)" time="0.061" />
  <testcase classname="ptolemy.util.test.junit.AutoTests" name="[9] /home/travis/build/icyphy/ptII/ptolemy/actor/lib/hoc/test/auto/Case5.xml (RunModel)" time="0.09" />
  <testcase classname="ptolemy.util.test.junit.AutoTests" name="[10] /home/travis/build/icyphy/ptII/ptolemy/actor/lib/hoc/test/auto/Case6.xml (RunModel)" time="0.109" />
  <testcase classname="ptolemy.util.test.junit.AutoTests" name="[11] /home/travis/build/icyphy/ptII/ptolemy/actor/lib/hoc/test/auto/CaseString2.xml (RunModel)" time="0.036" />
  <testcase classname="ptolemy.util.test.junit.AutoTests" name="[12] /home/travis/build/icyphy/ptII/ptolemy/actor/lib/hoc/test/auto/CatchUpComposite1.xml (RunModel)" time="0.076" />
  <testcase classname="ptolemy.util.test.junit.AutoTests" name="[13] /home/travis/build/icyphy/ptII/ptolemy/actor/lib/hoc/test/auto/CatchUpComposite2.xml (RunModel)" time="0.068" />
  <testcase classname="ptolemy.util.test.junit.AutoTests" name="[14] /home/travis/build/icyphy/ptII/ptolemy/actor/lib/hoc/test/auto/CatchUpComposite3.xml (RunModel)" time="0.057" />
  <testcase classname="ptolemy.util.test.junit.AutoTests" name="[15] /home/travis/build/icyphy/ptII/ptolemy/actor/lib/hoc/test/auto/CatchUpComposite4.xml (RunModel)" time="0.054" />
  <testcase classname="ptolemy.util.test.junit.AutoTests" name="[16] /home/travis/build/icyphy/ptII/ptolemy/actor/lib/hoc/test/auto/CatchUpComposite5.xml (RunModel)" time="0.052" />
  <testcase classname="ptolemy.util.test.junit.AutoTests" name="[17] /home/travis/build/icyphy/ptII/ptolemy/actor/lib/hoc/test/auto/CatchUpComposite6.xml (RunModel)" time="0.183" />
  <testcase classname="ptolemy.util.test.junit.AutoTests" name="[18] /home/travis/build/icyphy/ptII/ptolemy/actor/lib/hoc/test/auto/CatchUpComposite7.xml (RunModel)" time="0.094" />
  <testcase classname="ptolemy.util.test.junit.AutoTests" name="[19] /home/travis/build/icyphy/ptII/ptolemy/actor/lib/hoc/test/auto/ConcurrentExecutionTimeSDF.xml (RunModel)" time="0.872" />
  <testcase classname="ptolemy.util.test.junit.AutoTests" name="[20] /home/travis/build/icyphy/ptII/ptolemy/actor/lib/hoc/test/auto/ConcurrentSleep.xml (RunModel)" time="0.765" />
  <testcase classname="ptolemy.util.test.junit.AutoTests" name="[21] /home/travis/build/icyphy/ptII/ptolemy/actor/lib/hoc/test/auto/DEInPNInRunCompositeActor.xml (RunModel)" time="0.03" />
  <testcase classname="ptolemy.util.test.junit.AutoTests" name="[22] /home/travis/build/icyphy/ptII/ptolemy/actor/lib/hoc/test/auto/DFTSubSetTest.xml (RunModel)" time="0.33" />
  <testcase classname="ptolemy.util.test.junit.AutoTests" name="[23] /home/travis/build/icyphy/ptII/ptolemy/actor/lib/hoc/test/auto/HocDE.xml (RunModel)" time="0.172" />
  <testcase classname="ptolemy.util.test.junit.AutoTests" name="[24] /home/travis/build/icyphy/ptII/ptolemy/actor/lib/hoc/test/auto/IterateOverArray.xml (RunModel)" time="0.025" />
  <testcase classname="ptolemy.util.test.junit.AutoTests" name="[25] /home/travis/build/icyphy/ptII/ptolemy/actor/lib/hoc/test/auto/IterateOverArray10.xml (RunModel)" time="0.03" />
  <testcase classname="ptolemy.util.test.junit.AutoTests" name="[26] /home/travis/build/icyphy/ptII/ptolemy/actor/lib/hoc/test/auto/IterateOverArray11.xml (RunModel)" time="0.022" />
  <testcase classname="ptolemy.util.test.junit.AutoTests" name="[27] /home/travis/build/icyphy/ptII/ptolemy/actor/lib/hoc/test/auto/IterateOverArray12.xml (RunModel)" time="0.04" />
  <testcase classname="ptolemy.util.test.junit.AutoTests" name="[28] /home/travis/build/icyphy/ptII/ptolemy/actor/lib/hoc/test/auto/IterateOverArray13.xml (RunModel)" time="0.149" />
  <testcase classname="ptolemy.util.test.junit.AutoTests" name="[29] /home/travis/build/icyphy/ptII/ptolemy/actor/lib/hoc/test/auto/IterateOverArray14.xml (RunModel)" time="0.134" />
  <testcase classname="ptolemy.util.test.junit.AutoTests" name="[30] /home/travis/build/icyphy/ptII/ptolemy/actor/lib/hoc/test/auto/IterateOverArray2.xml (RunModel)" time="0.027" />
  <testcase classname="ptolemy.util.test.junit.AutoTests" name="[31] /home/travis/build/icyphy/ptII/ptolemy/actor/lib/hoc/test/auto/IterateOverArray3.xml (RunModel)" time="0.039" />
  <testcase classname="ptolemy.util.test.junit.AutoTests" name="[32] /home/travis/build/icyphy/ptII/ptolemy/actor/lib/hoc/test/auto/IterateOverArray4.xml (RunModel)" time="0.025" />
  <testcase classname="ptolemy.util.test.junit.AutoTests" name="[33] /home/travis/build/icyphy/ptII/ptolemy/actor/lib/hoc/test/auto/IterateOverArray5.xml (RunModel)" time="0.018" />
  <testcase classname="ptolemy.util.test.junit.AutoTests" name="[34] /home/travis/build/icyphy/ptII/ptolemy/actor/lib/hoc/test/auto/IterateOverArray6.xml (RunModel)" time="0.018" />
  <testcase classname="ptolemy.util.test.junit.AutoTests" name="[35] /home/travis/build/icyphy/ptII/ptolemy/actor/lib/hoc/test/auto/IterateOverArray7.xml (RunModel)" time="0.022" />
  <testcase classname="ptolemy.util.test.junit.AutoTests" name="[36] /home/travis/build/icyphy/ptII/ptolemy/actor/lib/hoc/test/auto/IterateOverArray8.xml (RunModel)" time="0.018" />
  <testcase classname="ptolemy.util.test.junit.AutoTests" name="[37] /home/travis/build/icyphy/ptII/ptolemy/actor/lib/hoc/test/auto/IterateOverArray9.xml (RunModel)" time="0.027" />
  <testcase classname="ptolemy.util.test.junit.AutoTests" name="[38] /home/travis/build/icyphy/ptII/ptolemy/actor/lib/hoc/test/auto/IterateOverArrayCoercedOutputType.xml (RunModel)" time="0.032" />
  <testcase classname="ptolemy.util.test.junit.AutoTests" name="[39] /home/travis/build/icyphy/ptII/ptolemy/actor/lib/hoc/test/auto/IterateOverArrayInferredOutputType.xml (RunModel)" time="0.034" />
  <testcase classname="ptolemy.util.test.junit.AutoTests" name="[40] /home/travis/build/icyphy/ptII/ptolemy/actor/lib/hoc/test/auto/MobileFunctionTest.xml (RunModel)" time="0.026" />
  <testcase classname="ptolemy.util.test.junit.AutoTests" name="[41] /home/travis/build/icyphy/ptII/ptolemy/actor/lib/hoc/test/auto/MobileModelTest.xml (RunModel)" time="0.172" />
  <testcase classname="ptolemy.util.test.junit.AutoTests" name="[42] /home/travis/build/icyphy/ptII/ptolemy/actor/lib/hoc/test/auto/ModelReference.xml (RunModel)" time="0.056" />
  <testcase classname="ptolemy.util.test.junit.AutoTests" name="[43] /home/travis/build/icyphy/ptII/ptolemy/actor/lib/hoc/test/auto/ModelReference3.xml (RunModel)" time="0.042" />
  <testcase classname="ptolemy.util.test.junit.AutoTests" name="[44] /home/travis/build/icyphy/ptII/ptolemy/actor/lib/hoc/test/auto/ModelReference4.xml (RunModel)" time="10.035" />
  <testcase classname="ptolemy.util.test.junit.AutoTests" name="[45] /home/travis/build/icyphy/ptII/ptolemy/actor/lib/hoc/test/auto/MultiInstanceComposite.xml (RunModel)" time="0.051" />
  <testcase classname="ptolemy.util.test.junit.AutoTests" name="[46] /home/travis/build/icyphy/ptII/ptolemy/actor/lib/hoc/test/auto/MultiInstanceComposite2.xml (RunModel)" time="0.062" />
  <testcase classname="ptolemy.util.test.junit.AutoTests" name="[47] /home/travis/build/icyphy/ptII/ptolemy/actor/lib/hoc/test/auto/MulticoreExecution.xml (RunModel)" time="1.078" />
  <testcase classname="ptolemy.util.test.junit.AutoTests" name="[48] /home/travis/build/icyphy/ptII/ptolemy/actor/lib/hoc/test/auto/ParallelExecution.xml (RunModel)" time="0.953" />
  <testcase classname="ptolemy.util.test.junit.AutoTests" name="[49] /home/travis/build/icyphy/ptII/ptolemy/actor/lib/hoc/test/auto/RunCompositeActor.xml (RunModel)" time="0.019" />
  <testcase classname="ptolemy.util.test.junit.AutoTests" name="[50] /home/travis/build/icyphy/ptII/ptolemy/actor/lib/hoc/test/auto/RunCompositeActor2.xml (RunModel)" time="0.019" />
  <testcase classname="ptolemy.util.test.junit.AutoTests" name="[51] /home/travis/build/icyphy/ptII/ptolemy/actor/lib/hoc/test/auto/RunCompositeActor3.xml (RunModel)" time="0.016" />
  <testcase classname="ptolemy.util.test.junit.AutoTests" name="[52] /home/travis/build/icyphy/ptII/ptolemy/actor/lib/hoc/test/auto/RunCompositeActor4.xml (RunModel)" time="0.025" />
  <testcase classname="ptolemy.util.test.junit.AutoTests" name="[53] /home/travis/build/icyphy/ptII/ptolemy/actor/lib/hoc/test/auto/RunCompositeIterateOverArray.xml (RunModel)" time="0.041" />
  <testcase classname="ptolemy.util.test.junit.AutoTests" name="[54] /home/travis/build/icyphy/ptII/ptolemy/actor/lib/hoc/test/auto/ThreadedJS.xml (RunModel)" time="12.044" />
  <system-out><![CDATA[/home/travis/build/icyphy/ptII/ptolemy/actor/lib/hoc/test/IterateOverArray.tcl
testDefs.tcl: setting time out to 9000 seconds at Sat Oct 17 15:47:37 UTC 2020
10/17/20 03:47:37
Failed: 0  Total Tests: 2  ((Passed: 2, Newly Passed: 0)  Known Failed: 0) /home/travis/build/icyphy/ptII/ptolemy/actor/lib/hoc/test
----------------- testing (KnownFailure) /home/travis/build/icyphy/ptII/ptolemy/actor/lib/hoc/test/auto/knownFailedTests/PreinitializeMustBeInvokedRunComposite.xml
78 ms. Memory: 129024K Free: 86984K (67%)
Known Failure: java.lang.reflect.InvocationTargetException
No auto/linux-amd64/*.xml tests in /home/travis/build/icyphy/ptII/ptolemy/actor/lib/hoc/test
AutoTests.java: About to close Vertx.
AutoTests.java: Vertx closed.

===========================================================================================
----------------- testing Sat Oct 17 15:47:38 UTC 2020 /home/travis/build/icyphy/ptII/ptolemy/actor/lib/hoc/test/auto/AllToAllMultiInstanceComposite.xml
----------------- Instantiating /home/travis/build/icyphy/ptII/ptolemy/actor/lib/hoc/test/auto/AllToAllMultiInstanceComposite.xml
184 ms. Memory: 129024K Free: 100745K (78%)
----------------- Invoking toplevel() on ptolemy.moml.MoMLSimpleApplication@10db3e0f
----------------- Done invoking toplevel() on ptolemy.moml.MoMLSimpleApplication@10db3e0f
reloadAllAccessors: .AllToAllMultiInstanceComposite

===========================================================================================
----------------- testing Sat Oct 17 15:47:38 UTC 2020 /home/travis/build/icyphy/ptII/ptolemy/actor/lib/hoc/test/auto/ApplyFFTTest.xml
----------------- Instantiating /home/travis/build/icyphy/ptII/ptolemy/actor/lib/hoc/test/auto/ApplyFFTTest.xml
139 ms. Memory: 129024K Free: 82620K (64%)
----------------- Invoking toplevel() on ptolemy.moml.MoMLSimpleApplication@46f631c8
----------------- Done invoking toplevel() on ptolemy.moml.MoMLSimpleApplication@46f631c8
reloadAllAccessors: .ApplyFFTTest

===========================================================================================
----------------- testing Sat Oct 17 15:47:38 UTC 2020 /home/travis/build/icyphy/ptII/ptolemy/actor/lib/hoc/test/auto/ApplyFunction.xml
----------------- Instantiating /home/travis/build/icyphy/ptII/ptolemy/actor/lib/hoc/test/auto/ApplyFunction.xml
13 ms. Memory: 129024K Free: 79196K (61%)
----------------- Invoking toplevel() on ptolemy.moml.MoMLSimpleApplication@578ebe53
----------------- Done invoking toplevel() on ptolemy.moml.MoMLSimpleApplication@578ebe53
reloadAllAccessors: .ApplyFunction

===========================================================================================
----------------- testing Sat Oct 17 15:47:39 UTC 2020 /home/travis/build/icyphy/ptII/ptolemy/actor/lib/hoc/test/auto/BackgroundExecution.xml
----------------- Instantiating /home/travis/build/icyphy/ptII/ptolemy/actor/lib/hoc/test/auto/BackgroundExecution.xml
635 ms. Memory: 129024K Free: 110182K (85%)
----------------- Invoking toplevel() on ptolemy.moml.MoMLSimpleApplication@4fba0939
----------------- Done invoking toplevel() on ptolemy.moml.MoMLSimpleApplication@4fba0939
reloadAllAccessors: .BackgroundExecution

===========================================================================================
----------------- testing Sat Oct 17 15:47:39 UTC 2020 /home/travis/build/icyphy/ptII/ptolemy/actor/lib/hoc/test/auto/Case.xml
----------------- Instantiating /home/travis/build/icyphy/ptII/ptolemy/actor/lib/hoc/test/auto/Case.xml
36 ms. Memory: 129024K Free: 102691K (80%)
----------------- Invoking toplevel() on ptolemy.moml.MoMLSimpleApplication@43067707
----------------- Done invoking toplevel() on ptolemy.moml.MoMLSimpleApplication@43067707
reloadAllAccessors: .Case

===========================================================================================
----------------- testing Sat Oct 17 15:47:39 UTC 2020 /home/travis/build/icyphy/ptII/ptolemy/actor/lib/hoc/test/auto/Case1.xml
----------------- Instantiating /home/travis/build/icyphy/ptII/ptolemy/actor/lib/hoc/test/auto/Case1.xml
26 ms. Memory: 129024K Free: 96164K (75%)
----------------- Invoking toplevel() on ptolemy.moml.MoMLSimpleApplication@3a780f96
----------------- Done invoking toplevel() on ptolemy.moml.MoMLSimpleApplication@3a780f96
reloadAllAccessors: .Case1

===========================================================================================
----------------- testing Sat Oct 17 15:47:39 UTC 2020 /home/travis/build/icyphy/ptII/ptolemy/actor/lib/hoc/test/auto/Case2.xml
----------------- Instantiating /home/travis/build/icyphy/ptII/ptolemy/actor/lib/hoc/test/auto/Case2.xml
45 ms. Memory: 129024K Free: 85665K (66%)
----------------- Invoking toplevel() on ptolemy.moml.MoMLSimpleApplication@624c6973
----------------- Done invoking toplevel() on ptolemy.moml.MoMLSimpleApplication@624c6973
reloadAllAccessors: .Case2

===========================================================================================
----------------- testing Sat Oct 17 15:47:40 UTC 2020 /home/travis/build/icyphy/ptII/ptolemy/actor/lib/hoc/test/auto/Case3.xml
----------------- Instantiating /home/travis/build/icyphy/ptII/ptolemy/actor/lib/hoc/test/auto/Case3.xml
14 ms. Memory: 129024K Free: 79802K (62%)
----------------- Invoking toplevel() on ptolemy.moml.MoMLSimpleApplication@69a3217
----------------- Done invoking toplevel() on ptolemy.moml.MoMLSimpleApplication@69a3217
reloadAllAccessors: .Case3

===========================================================================================
----------------- testing Sat Oct 17 15:47:40 UTC 2020 /home/travis/build/icyphy/ptII/ptolemy/actor/lib/hoc/test/auto/Case4.xml
----------------- Instantiating /home/travis/build/icyphy/ptII/ptolemy/actor/lib/hoc/test/auto/Case4.xml
15 ms. Memory: 129024K Free: 71941K (56%)
----------------- Invoking toplevel() on ptolemy.moml.MoMLSimpleApplication@70496ceb
----------------- Done invoking toplevel() on ptolemy.moml.MoMLSimpleApplication@70496ceb
reloadAllAccessors: .Case4

===========================================================================================
----------------- testing Sat Oct 17 15:47:40 UTC 2020 /home/travis/build/icyphy/ptII/ptolemy/actor/lib/hoc/test/auto/Case5.xml
----------------- Instantiating /home/travis/build/icyphy/ptII/ptolemy/actor/lib/hoc/test/auto/Case5.xml
55 ms. Memory: 129024K Free: 113945K (88%)
----------------- Invoking toplevel() on ptolemy.moml.MoMLSimpleApplication@54ac0910
----------------- Done invoking toplevel() on ptolemy.moml.MoMLSimpleApplication@54ac0910
reloadAllAccessors: .junk

===========================================================================================
----------------- testing Sat Oct 17 15:47:40 UTC 2020 /home/travis/build/icyphy/ptII/ptolemy/actor/lib/hoc/test/auto/Case6.xml
----------------- Instantiating /home/travis/build/icyphy/ptII/ptolemy/actor/lib/hoc/test/auto/Case6.xml
40 ms. Memory: 129024K Free: 102007K (79%)
----------------- Invoking toplevel() on ptolemy.moml.MoMLSimpleApplication@2163b259
----------------- Done invoking toplevel() on ptolemy.moml.MoMLSimpleApplication@2163b259
reloadAllAccessors: .Case6

===========================================================================================
----------------- testing Sat Oct 17 15:47:40 UTC 2020 /home/travis/build/icyphy/ptII/ptolemy/actor/lib/hoc/test/auto/CaseString2.xml
----------------- Instantiating /home/travis/build/icyphy/ptII/ptolemy/actor/lib/hoc/test/auto/CaseString2.xml
9 ms. Memory: 129024K Free: 94822K (73%)
----------------- Invoking toplevel() on ptolemy.moml.MoMLSimpleApplication@486b6350
----------------- Done invoking toplevel() on ptolemy.moml.MoMLSimpleApplication@486b6350
reloadAllAccessors: .CaseString2

===========================================================================================
----------------- testing Sat Oct 17 15:47:40 UTC 2020 /home/travis/build/icyphy/ptII/ptolemy/actor/lib/hoc/test/auto/CatchUpComposite1.xml
----------------- Instantiating /home/travis/build/icyphy/ptII/ptolemy/actor/lib/hoc/test/auto/CatchUpComposite1.xml
34 ms. Memory: 129024K Free: 85596K (66%)
----------------- Invoking toplevel() on ptolemy.moml.MoMLSimpleApplication@2efbe65b
----------------- Done invoking toplevel() on ptolemy.moml.MoMLSimpleApplication@2efbe65b
reloadAllAccessors: .CatchUpComposite1

===========================================================================================
----------------- testing Sat Oct 17 15:47:40 UTC 2020 /home/travis/build/icyphy/ptII/ptolemy/actor/lib/hoc/test/auto/CatchUpComposite2.xml
----------------- Instantiating /home/travis/build/icyphy/ptII/ptolemy/actor/lib/hoc/test/auto/CatchUpComposite2.xml
9 ms. Memory: 129024K Free: 77391K (60%)
----------------- Invoking toplevel() on ptolemy.moml.MoMLSimpleApplication@3251ee77
----------------- Done invoking toplevel() on ptolemy.moml.MoMLSimpleApplication@3251ee77
reloadAllAccessors: .CatchUpComposite2

===========================================================================================
----------------- testing Sat Oct 17 15:47:40 UTC 2020 /home/travis/build/icyphy/ptII/ptolemy/actor/lib/hoc/test/auto/CatchUpComposite3.xml
----------------- Instantiating /home/travis/build/icyphy/ptII/ptolemy/actor/lib/hoc/test/auto/CatchUpComposite3.xml
23 ms. Memory: 129024K Free: 68812K (53%)
----------------- Invoking toplevel() on ptolemy.moml.MoMLSimpleApplication@6574489a
----------------- Done invoking toplevel() on ptolemy.moml.MoMLSimpleApplication@6574489a
reloadAllAccessors: .CatchUpComposite3

===========================================================================================
----------------- testing Sat Oct 17 15:47:40 UTC 2020 /home/travis/build/icyphy/ptII/ptolemy/actor/lib/hoc/test/auto/CatchUpComposite4.xml
----------------- Instantiating /home/travis/build/icyphy/ptII/ptolemy/actor/lib/hoc/test/auto/CatchUpComposite4.xml
16 ms. Memory: 129024K Free: 61031K (47%)
----------------- Invoking toplevel() on ptolemy.moml.MoMLSimpleApplication@230e4acf
----------------- Done invoking toplevel() on ptolemy.moml.MoMLSimpleApplication@230e4acf
reloadAllAccessors: .CatchUpComposite4

===========================================================================================
----------------- testing Sat Oct 17 15:47:40 UTC 2020 /home/travis/build/icyphy/ptII/ptolemy/actor/lib/hoc/test/auto/CatchUpComposite5.xml
----------------- Instantiating /home/travis/build/icyphy/ptII/ptolemy/actor/lib/hoc/test/auto/CatchUpComposite5.xml
11 ms. Memory: 129024K Free: 111861K (87%)
----------------- Invoking toplevel() on ptolemy.moml.MoMLSimpleApplication@5dc7fe3e
----------------- Done invoking toplevel() on ptolemy.moml.MoMLSimpleApplication@5dc7fe3e
reloadAllAccessors: .CatchUpComposite5

===========================================================================================
----------------- testing Sat Oct 17 15:47:40 UTC 2020 /home/travis/build/icyphy/ptII/ptolemy/actor/lib/hoc/test/auto/CatchUpComposite6.xml
----------------- Instantiating /home/travis/build/icyphy/ptII/ptolemy/actor/lib/hoc/test/auto/CatchUpComposite6.xml
WARNING: The execution aspects in this model can influence the timing of actors by delaying the 
execution, potentially changing the behavior. There is no guarantee that actors fire at the 
time they request to be fired. 
Use Ptides for deterministic DE behavior that is not influenced by execution aspects. 

91 ms. Memory: 129024K Free: 97072K (75%)
----------------- Invoking toplevel() on ptolemy.moml.MoMLSimpleApplication@3b16946
----------------- Done invoking toplevel() on ptolemy.moml.MoMLSimpleApplication@3b16946
reloadAllAccessors: .CatchUpComposite6

===========================================================================================
----------------- testing Sat Oct 17 15:47:40 UTC 2020 /home/travis/build/icyphy/ptII/ptolemy/actor/lib/hoc/test/auto/CatchUpComposite7.xml
----------------- Instantiating /home/travis/build/icyphy/ptII/ptolemy/actor/lib/hoc/test/auto/CatchUpComposite7.xml
WARNING: The execution aspects in this model can influence the timing of actors by delaying the 
execution, potentially changing the behavior. There is no guarantee that actors fire at the 
time they request to be fired. 
Use Ptides for deterministic DE behavior that is not influenced by execution aspects. 

45 ms. Memory: 129024K Free: 83309K (65%)
----------------- Invoking toplevel() on ptolemy.moml.MoMLSimpleApplication@6d165a5a
----------------- Done invoking toplevel() on ptolemy.moml.MoMLSimpleApplication@6d165a5a
reloadAllAccessors: .CatchUpComposite7

===========================================================================================
----------------- testing Sat Oct 17 15:47:41 UTC 2020 /home/travis/build/icyphy/ptII/ptolemy/actor/lib/hoc/test/auto/ConcurrentExecutionTimeSDF.xml
----------------- Instantiating /home/travis/build/icyphy/ptII/ptolemy/actor/lib/hoc/test/auto/ConcurrentExecutionTimeSDF.xml
Fired ExecutionTime: 40400000
Fired ExecutionTime: 40400000
Fired ExecutionTime: 40400000
Fired ExecutionTime: 40400000
Fired ExecutionTime: 40400000
Fired ExecutionTime: 40400000
Fired ExecutionTime: 40400000
Fired ExecutionTime: 40400000
Fired ExecutionTime: 40400000
Fired ExecutionTime: 40400000
Fired ExecutionTime: 40400000
Fired ExecutionTime: 40400000
Fired ExecutionTime: 40400000
Fired ExecutionTime: 40400000
Fired ExecutionTime: 40400000
Fired ExecutionTime: 40400000
Fired ExecutionTime: 40400000
Fired ExecutionTime: 40400000
Fired ExecutionTime: 40400000
Fired ExecutionTime: 40400000
845 ms. Memory: 129024K Free: 76592K (59%)
----------------- Invoking toplevel() on ptolemy.moml.MoMLSimpleApplication@70e2bea4
----------------- Done invoking toplevel() on ptolemy.moml.MoMLSimpleApplication@70e2bea4
reloadAllAccessors: .ConcurrentExecutionTimeSDF

===========================================================================================
----------------- testing Sat Oct 17 15:47:41 UTC 2020 /home/travis/build/icyphy/ptII/ptolemy/actor/lib/hoc/test/auto/ConcurrentSleep.xml
----------------- Instantiating /home/travis/build/icyphy/ptII/ptolemy/actor/lib/hoc/test/auto/ConcurrentSleep.xml
729 ms. Memory: 129024K Free: 65901K (51%)
----------------- Invoking toplevel() on ptolemy.moml.MoMLSimpleApplication@3bfc2a7b
----------------- Done invoking toplevel() on ptolemy.moml.MoMLSimpleApplication@3bfc2a7b
reloadAllAccessors: .ConcurrentSleep

===========================================================================================
----------------- testing Sat Oct 17 15:47:42 UTC 2020 /home/travis/build/icyphy/ptII/ptolemy/actor/lib/hoc/test/auto/DEInPNInRunCompositeActor.xml
----------------- Instantiating /home/travis/build/icyphy/ptII/ptolemy/actor/lib/hoc/test/auto/DEInPNInRunCompositeActor.xml
12 ms. Memory: 129024K Free: 60661K (47%)
----------------- Invoking toplevel() on ptolemy.moml.MoMLSimpleApplication@7d42ca3c
----------------- Done invoking toplevel() on ptolemy.moml.MoMLSimpleApplication@7d42ca3c
reloadAllAccessors: .DEInPNInRunCompositeActor

===========================================================================================
----------------- testing Sat Oct 17 15:47:42 UTC 2020 /home/travis/build/icyphy/ptII/ptolemy/actor/lib/hoc/test/auto/DFTSubSetTest.xml
----------------- Instantiating /home/travis/build/icyphy/ptII/ptolemy/actor/lib/hoc/test/auto/DFTSubSetTest.xml
204 ms. Memory: 157696K Free: 114055K (72%)
----------------- Invoking toplevel() on ptolemy.moml.MoMLSimpleApplication@3805801e
----------------- Done invoking toplevel() on ptolemy.moml.MoMLSimpleApplication@3805801e
reloadAllAccessors: .DFTSubSetTest

===========================================================================================
----------------- testing Sat Oct 17 15:47:43 UTC 2020 /home/travis/build/icyphy/ptII/ptolemy/actor/lib/hoc/test/auto/HocDE.xml
----------------- Instantiating /home/travis/build/icyphy/ptII/ptolemy/actor/lib/hoc/test/auto/HocDE.xml
132 ms. Memory: 157696K Free: 88601K (56%)
----------------- Invoking toplevel() on ptolemy.moml.MoMLSimpleApplication@7867f119
----------------- Done invoking toplevel() on ptolemy.moml.MoMLSimpleApplication@7867f119
reloadAllAccessors: .HocDE

===========================================================================================
----------------- testing Sat Oct 17 15:47:43 UTC 2020 /home/travis/build/icyphy/ptII/ptolemy/actor/lib/hoc/test/auto/IterateOverArray.xml
----------------- Instantiating /home/travis/build/icyphy/ptII/ptolemy/actor/lib/hoc/test/auto/IterateOverArray.xml
5 ms. Memory: 157696K Free: 84505K (54%)
----------------- Invoking toplevel() on ptolemy.moml.MoMLSimpleApplication@324307d3
----------------- Done invoking toplevel() on ptolemy.moml.MoMLSimpleApplication@324307d3
reloadAllAccessors: .IterateOverArray

===========================================================================================
----------------- testing Sat Oct 17 15:47:43 UTC 2020 /home/travis/build/icyphy/ptII/ptolemy/actor/lib/hoc/test/auto/IterateOverArray10.xml
----------------- Instantiating /home/travis/build/icyphy/ptII/ptolemy/actor/lib/hoc/test/auto/IterateOverArray10.xml
4 ms. Memory: 157696K Free: 80810K (51%)
----------------- Invoking toplevel() on ptolemy.moml.MoMLSimpleApplication@583bf21
----------------- Done invoking toplevel() on ptolemy.moml.MoMLSimpleApplication@583bf21
reloadAllAccessors: .IterateOverArray10

===========================================================================================
----------------- testing Sat Oct 17 15:47:43 UTC 2020 /home/travis/build/icyphy/ptII/ptolemy/actor/lib/hoc/test/auto/IterateOverArray11.xml
----------------- Instantiating /home/travis/build/icyphy/ptII/ptolemy/actor/lib/hoc/test/auto/IterateOverArray11.xml
5 ms. Memory: 157696K Free: 76714K (49%)
----------------- Invoking toplevel() on ptolemy.moml.MoMLSimpleApplication@539032df
----------------- Done invoking toplevel() on ptolemy.moml.MoMLSimpleApplication@539032df
reloadAllAccessors: .IterateOverArray11

===========================================================================================
----------------- testing Sat Oct 17 15:47:43 UTC 2020 /home/travis/build/icyphy/ptII/ptolemy/actor/lib/hoc/test/auto/IterateOverArray12.xml
----------------- Instantiating /home/travis/build/icyphy/ptII/ptolemy/actor/lib/hoc/test/auto/IterateOverArray12.xml
18 ms. Memory: 157696K Free: 70779K (45%)
----------------- Invoking toplevel() on ptolemy.moml.MoMLSimpleApplication@71e66a4a
----------------- Done invoking toplevel() on ptolemy.moml.MoMLSimpleApplication@71e66a4a
reloadAllAccessors: .IterateOverArray12

===========================================================================================
----------------- testing Sat Oct 17 15:47:43 UTC 2020 /home/travis/build/icyphy/ptII/ptolemy/actor/lib/hoc/test/auto/IterateOverArray13.xml
----------------- Instantiating /home/travis/build/icyphy/ptII/ptolemy/actor/lib/hoc/test/auto/IterateOverArray13.xml
66 ms. Memory: 157696K Free: 123239K (78%)
----------------- Invoking toplevel() on ptolemy.moml.MoMLSimpleApplication@329f9481
----------------- Done invoking toplevel() on ptolemy.moml.MoMLSimpleApplication@329f9481
reloadAllAccessors: .IterateOverArray13

===========================================================================================
----------------- testing Sat Oct 17 15:47:43 UTC 2020 /home/travis/build/icyphy/ptII/ptolemy/actor/lib/hoc/test/auto/IterateOverArray14.xml
----------------- Instantiating /home/travis/build/icyphy/ptII/ptolemy/actor/lib/hoc/test/auto/IterateOverArray14.xml
65 ms. Memory: 157696K Free: 91495K (58%)
----------------- Invoking toplevel() on ptolemy.moml.MoMLSimpleApplication@56e96b69
----------------- Done invoking toplevel() on ptolemy.moml.MoMLSimpleApplication@56e96b69
reloadAllAccessors: .IterateOverArray14

===========================================================================================
----------------- testing Sat Oct 17 15:47:43 UTC 2020 /home/travis/build/icyphy/ptII/ptolemy/actor/lib/hoc/test/auto/IterateOverArray2.xml
----------------- Instantiating /home/travis/build/icyphy/ptII/ptolemy/actor/lib/hoc/test/auto/IterateOverArray2.xml
8 ms. Memory: 157696K Free: 86885K (55%)
----------------- Invoking toplevel() on ptolemy.moml.MoMLSimpleApplication@13edef9f
----------------- Done invoking toplevel() on ptolemy.moml.MoMLSimpleApplication@13edef9f
reloadAllAccessors: .IterateOverArray2

===========================================================================================
----------------- testing Sat Oct 17 15:47:43 UTC 2020 /home/travis/build/icyphy/ptII/ptolemy/actor/lib/hoc/test/auto/IterateOverArray3.xml
----------------- Instantiating /home/travis/build/icyphy/ptII/ptolemy/actor/lib/hoc/test/auto/IterateOverArray3.xml
18 ms. Memory: 157696K Free: 80741K (51%)
----------------- Invoking toplevel() on ptolemy.moml.MoMLSimpleApplication@236a0007
----------------- Done invoking toplevel() on ptolemy.moml.MoMLSimpleApplication@236a0007
reloadAllAccessors: .IterateOverArray3

===========================================================================================
----------------- testing Sat Oct 17 15:47:43 UTC 2020 /home/travis/build/icyphy/ptII/ptolemy/actor/lib/hoc/test/auto/IterateOverArray4.xml
----------------- Instantiating /home/travis/build/icyphy/ptII/ptolemy/actor/lib/hoc/test/auto/IterateOverArray4.xml
10 ms. Memory: 157696K Free: 76645K (49%)
----------------- Invoking toplevel() on ptolemy.moml.MoMLSimpleApplication@3a5b52b3
----------------- Done invoking toplevel() on ptolemy.moml.MoMLSimpleApplication@3a5b52b3
reloadAllAccessors: .IterateOverArray4

===========================================================================================
----------------- testing Sat Oct 17 15:47:43 UTC 2020 /home/travis/build/icyphy/ptII/ptolemy/actor/lib/hoc/test/auto/IterateOverArray5.xml
----------------- Instantiating /home/travis/build/icyphy/ptII/ptolemy/actor/lib/hoc/test/auto/IterateOverArray5.xml
4 ms. Memory: 157696K Free: 72549K (46%)
----------------- Invoking toplevel() on ptolemy.moml.MoMLSimpleApplication@5082b91c
----------------- Done invoking toplevel() on ptolemy.moml.MoMLSimpleApplication@5082b91c
reloadAllAccessors: .IterateOverArray5

===========================================================================================
----------------- testing Sat Oct 17 15:47:43 UTC 2020 /home/travis/build/icyphy/ptII/ptolemy/actor/lib/hoc/test/auto/IterateOverArray6.xml
----------------- Instantiating /home/travis/build/icyphy/ptII/ptolemy/actor/lib/hoc/test/auto/IterateOverArray6.xml
3 ms. Memory: 157696K Free: 68967K (44%)
----------------- Invoking toplevel() on ptolemy.moml.MoMLSimpleApplication@158ee523
----------------- Done invoking toplevel() on ptolemy.moml.MoMLSimpleApplication@158ee523
reloadAllAccessors: .IterateOverArray6

===========================================================================================
----------------- testing Sat Oct 17 15:47:43 UTC 2020 /home/travis/build/icyphy/ptII/ptolemy/actor/lib/hoc/test/auto/IterateOverArray7.xml
----------------- Instantiating /home/travis/build/icyphy/ptII/ptolemy/actor/lib/hoc/test/auto/IterateOverArray7.xml
4 ms. Memory: 157696K Free: 64357K (41%)
----------------- Invoking toplevel() on ptolemy.moml.MoMLSimpleApplication@36e8ae09
----------------- Done invoking toplevel() on ptolemy.moml.MoMLSimpleApplication@36e8ae09
reloadAllAccessors: .IterateOverArray7

===========================================================================================
----------------- testing Sat Oct 17 15:47:43 UTC 2020 /home/travis/build/icyphy/ptII/ptolemy/actor/lib/hoc/test/auto/IterateOverArray8.xml
----------------- Instantiating /home/travis/build/icyphy/ptII/ptolemy/actor/lib/hoc/test/auto/IterateOverArray8.xml
4 ms. Memory: 157696K Free: 60261K (38%)
----------------- Invoking toplevel() on ptolemy.moml.MoMLSimpleApplication@57fb7571
----------------- Done invoking toplevel() on ptolemy.moml.MoMLSimpleApplication@57fb7571
reloadAllAccessors: .IterateOverArray8

===========================================================================================
----------------- testing Sat Oct 17 15:47:43 UTC 2020 /home/travis/build/icyphy/ptII/ptolemy/actor/lib/hoc/test/auto/IterateOverArray9.xml
----------------- Instantiating /home/travis/build/icyphy/ptII/ptolemy/actor/lib/hoc/test/auto/IterateOverArray9.xml
6 ms. Memory: 157696K Free: 56165K (36%)
----------------- Invoking toplevel() on ptolemy.moml.MoMLSimpleApplication@53109c2d
----------------- Done invoking toplevel() on ptolemy.moml.MoMLSimpleApplication@53109c2d
reloadAllAccessors: .IterateOverArray9

===========================================================================================
----------------- testing Sat Oct 17 15:47:43 UTC 2020 /home/travis/build/icyphy/ptII/ptolemy/actor/lib/hoc/test/auto/IterateOverArrayCoercedOutputType.xml
----------------- Instantiating /home/travis/build/icyphy/ptII/ptolemy/actor/lib/hoc/test/auto/IterateOverArrayCoercedOutputType.xml
6 ms. Memory: 157696K Free: 51045K (32%)
----------------- Invoking toplevel() on ptolemy.moml.MoMLSimpleApplication@785def27
----------------- Done invoking toplevel() on ptolemy.moml.MoMLSimpleApplication@785def27
reloadAllAccessors: .IterateOverArrayCoercedOutputType

===========================================================================================
----------------- testing Sat Oct 17 15:47:43 UTC 2020 /home/travis/build/icyphy/ptII/ptolemy/actor/lib/hoc/test/auto/IterateOverArrayInferredOutputType.xml
----------------- Instantiating /home/travis/build/icyphy/ptII/ptolemy/actor/lib/hoc/test/auto/IterateOverArrayInferredOutputType.xml
6 ms. Memory: 157696K Free: 138384K (88%)
----------------- Invoking toplevel() on ptolemy.moml.MoMLSimpleApplication@61e71c85
----------------- Done invoking toplevel() on ptolemy.moml.MoMLSimpleApplication@61e71c85
reloadAllAccessors: .IterateOverArrayInferredOutputType

===========================================================================================
----------------- testing Sat Oct 17 15:47:43 UTC 2020 /home/travis/build/icyphy/ptII/ptolemy/actor/lib/hoc/test/auto/MobileFunctionTest.xml
----------------- Instantiating /home/travis/build/icyphy/ptII/ptolemy/actor/lib/hoc/test/auto/MobileFunctionTest.xml
3 ms. Memory: 157696K Free: 133744K (85%)
----------------- Invoking toplevel() on ptolemy.moml.MoMLSimpleApplication@591155c4
----------------- Done invoking toplevel() on ptolemy.moml.MoMLSimpleApplication@591155c4
reloadAllAccessors: .MobileFunctionTest

===========================================================================================
----------------- testing Sat Oct 17 15:47:43 UTC 2020 /home/travis/build/icyphy/ptII/ptolemy/actor/lib/hoc/test/auto/MobileModelTest.xml
----------------- Instantiating /home/travis/build/icyphy/ptII/ptolemy/actor/lib/hoc/test/auto/MobileModelTest.xml
139 ms. Memory: 157696K Free: 112784K (72%)
----------------- Invoking toplevel() on ptolemy.moml.MoMLSimpleApplication@687c1bfd
----------------- Done invoking toplevel() on ptolemy.moml.MoMLSimpleApplication@687c1bfd
reloadAllAccessors: .MobileModelTest

===========================================================================================
----------------- testing Sat Oct 17 15:47:44 UTC 2020 /home/travis/build/icyphy/ptII/ptolemy/actor/lib/hoc/test/auto/ModelReference.xml
----------------- Instantiating /home/travis/build/icyphy/ptII/ptolemy/actor/lib/hoc/test/auto/ModelReference.xml
3 ms. Memory: 157696K Free: 106126K (67%)
2 ms. Memory: 157696K Free: 105616K (67%)
2 ms. Memory: 157696K Free: 104592K (66%)
3 ms. Memory: 157696K Free: 103568K (66%)
2 ms. Memory: 157696K Free: 103040K (65%)
1 ms. Memory: 157696K Free: 102030K (65%)
1 ms. Memory: 157696K Free: 101520K (64%)
2 ms. Memory: 157696K Free: 100496K (64%)
1 ms. Memory: 157696K Free: 99472K (63%)
2 ms. Memory: 157696K Free: 98944K (63%)
28 ms. Memory: 157696K Free: 98944K (63%)
----------------- Invoking toplevel() on ptolemy.moml.MoMLSimpleApplication@5884eb78
----------------- Done invoking toplevel() on ptolemy.moml.MoMLSimpleApplication@5884eb78
reloadAllAccessors: .ModelReference

===========================================================================================
----------------- testing Sat Oct 17 15:47:44 UTC 2020 /home/travis/build/icyphy/ptII/ptolemy/actor/lib/hoc/test/auto/ModelReference3.xml
----------------- Instantiating /home/travis/build/icyphy/ptII/ptolemy/actor/lib/hoc/test/auto/ModelReference3.xml
2 ms. Memory: 157696K Free: 93838K (60%)
5 ms. Memory: 157696K Free: 93328K (59%)
2 ms. Memory: 157696K Free: 92304K (59%)
3 ms. Memory: 157696K Free: 91790K (58%)
1 ms. Memory: 157696K Free: 90752K (58%)
1 ms. Memory: 157696K Free: 89728K (57%)
3 ms. Memory: 157696K Free: 89232K (57%)
3 ms. Memory: 157696K Free: 88208K (56%)
2 ms. Memory: 157696K Free: 87688K (56%)
2 ms. Memory: 157696K Free: 86640K (55%)
32 ms. Memory: 157696K Free: 86640K (55%)
----------------- Invoking toplevel() on ptolemy.moml.MoMLSimpleApplication@2cac0372
----------------- Done invoking toplevel() on ptolemy.moml.MoMLSimpleApplication@2cac0372
reloadAllAccessors: .ModelReference3

===========================================================================================
----------------- testing Sat Oct 17 15:47:44 UTC 2020 /home/travis/build/icyphy/ptII/ptolemy/actor/lib/hoc/test/auto/ModelReference4.xml
----------------- Instantiating /home/travis/build/icyphy/ptII/ptolemy/actor/lib/hoc/test/auto/ModelReference4.xml
2 ms. Memory: 157696K Free: 82064K (52%)
2 ms. Memory: 157696K Free: 80520K (51%)
2 ms. Memory: 157696K Free: 79488K (50%)
4 ms. Memory: 157696K Free: 78478K (50%)
2 ms. Memory: 157696K Free: 76944K (49%)
2 ms. Memory: 157696K Free: 75920K (48%)
2 ms. Memory: 157696K Free: 74376K (47%)
3 ms. Memory: 157696K Free: 73344K (47%)
2 ms. Memory: 157696K Free: 71824K (46%)
4 ms. Memory: 157696K Free: 70800K (45%)
10016 ms. Memory: 157696K Free: 70800K (45%)
----------------- Invoking toplevel() on ptolemy.moml.MoMLSimpleApplication@21d9363f
----------------- Done invoking toplevel() on ptolemy.moml.MoMLSimpleApplication@21d9363f
reloadAllAccessors: .ModelReference4

===========================================================================================
----------------- testing Sat Oct 17 15:47:54 UTC 2020 /home/travis/build/icyphy/ptII/ptolemy/actor/lib/hoc/test/auto/MultiInstanceComposite.xml
----------------- Instantiating /home/travis/build/icyphy/ptII/ptolemy/actor/lib/hoc/test/auto/MultiInstanceComposite.xml
25 ms. Memory: 157696K Free: 51854K (33%)
----------------- Invoking toplevel() on ptolemy.moml.MoMLSimpleApplication@3323a146
----------------- Done invoking toplevel() on ptolemy.moml.MoMLSimpleApplication@3323a146
reloadAllAccessors: .MultiInstanceComposite

===========================================================================================
----------------- testing Sat Oct 17 15:47:54 UTC 2020 /home/travis/build/icyphy/ptII/ptolemy/actor/lib/hoc/test/auto/MultiInstanceComposite2.xml
----------------- Instantiating /home/travis/build/icyphy/ptII/ptolemy/actor/lib/hoc/test/auto/MultiInstanceComposite2.xml
23 ms. Memory: 157696K Free: 132249K (84%)
----------------- Invoking toplevel() on ptolemy.moml.MoMLSimpleApplication@47fc19f6
----------------- Done invoking toplevel() on ptolemy.moml.MoMLSimpleApplication@47fc19f6
reloadAllAccessors: .MultiInstanceComposite2

===========================================================================================
----------------- testing Sat Oct 17 15:47:54 UTC 2020 /home/travis/build/icyphy/ptII/ptolemy/actor/lib/hoc/test/auto/MulticoreExecution.xml
----------------- Instantiating /home/travis/build/icyphy/ptII/ptolemy/actor/lib/hoc/test/auto/MulticoreExecution.xml
Fired ExecutionTime: 14800000
Fired ExecutionTime: 8800000
Fired ExecutionTime: 42000000
Fired ExecutionTime: 46000000
Fired ExecutionTime: 107600000
Fired ExecutionTime: 108400000
Fired ExecutionTime: 110800000
Fired ExecutionTime: 110800000
Fired ExecutionTime: 108000000
Fired ExecutionTime: 108400000
Fired ExecutionTime: 109200000
Fired ExecutionTime: 112800000
Fired ExecutionTime: 110400000
Fired ExecutionTime: 108400000
Fired ExecutionTime: 108800000
Fired ExecutionTime: 110000000
Fired ExecutionTime: 107600000
Fired ExecutionTime: 111200000
Fired ExecutionTime: 99600000
Fired ExecutionTime: 106800000
1059 ms. Memory: 157696K Free: 123033K (78%)
----------------- Invoking toplevel() on ptolemy.moml.MoMLSimpleApplication@332de2ef
----------------- Done invoking toplevel() on ptolemy.moml.MoMLSimpleApplication@332de2ef
reloadAllAccessors: .MulticoreExecution

===========================================================================================
----------------- testing Sat Oct 17 15:47:55 UTC 2020 /home/travis/build/icyphy/ptII/ptolemy/actor/lib/hoc/test/auto/ParallelExecution.xml
----------------- Instantiating /home/travis/build/icyphy/ptII/ptolemy/actor/lib/hoc/test/auto/ParallelExecution.xml
915 ms. Memory: 157696K Free: 115355K (73%)
----------------- Invoking toplevel() on ptolemy.moml.MoMLSimpleApplication@db5dc7b
----------------- Done invoking toplevel() on ptolemy.moml.MoMLSimpleApplication@db5dc7b
reloadAllAccessors: .ParallelExecution

===========================================================================================
----------------- testing Sat Oct 17 15:47:56 UTC 2020 /home/travis/build/icyphy/ptII/ptolemy/actor/lib/hoc/test/auto/RunCompositeActor.xml
----------------- Instantiating /home/travis/build/icyphy/ptII/ptolemy/actor/lib/hoc/test/auto/RunCompositeActor.xml
7 ms. Memory: 157696K Free: 108187K (69%)
----------------- Invoking toplevel() on ptolemy.moml.MoMLSimpleApplication@ca48fa2
----------------- Done invoking toplevel() on ptolemy.moml.MoMLSimpleApplication@ca48fa2
reloadAllAccessors: .RunCompositeActor

===========================================================================================
----------------- testing Sat Oct 17 15:47:56 UTC 2020 /home/travis/build/icyphy/ptII/ptolemy/actor/lib/hoc/test/auto/RunCompositeActor2.xml
----------------- Instantiating /home/travis/build/icyphy/ptII/ptolemy/actor/lib/hoc/test/auto/RunCompositeActor2.xml
7 ms. Memory: 157696K Free: 102043K (65%)
----------------- Invoking toplevel() on ptolemy.moml.MoMLSimpleApplication@207b9f0d
----------------- Done invoking toplevel() on ptolemy.moml.MoMLSimpleApplication@207b9f0d
reloadAllAccessors: .RunCompositeActor2

===========================================================================================
----------------- testing Sat Oct 17 15:47:56 UTC 2020 /home/travis/build/icyphy/ptII/ptolemy/actor/lib/hoc/test/auto/RunCompositeActor3.xml
----------------- Instantiating /home/travis/build/icyphy/ptII/ptolemy/actor/lib/hoc/test/auto/RunCompositeActor3.xml
3 ms. Memory: 157696K Free: 96379K (61%)
----------------- Invoking toplevel() on ptolemy.moml.MoMLSimpleApplication@74a2b117
----------------- Done invoking toplevel() on ptolemy.moml.MoMLSimpleApplication@74a2b117
reloadAllAccessors: .RunCompositeActor3

===========================================================================================
----------------- testing Sat Oct 17 15:47:56 UTC 2020 /home/travis/build/icyphy/ptII/ptolemy/actor/lib/hoc/test/auto/RunCompositeActor4.xml
----------------- Instantiating /home/travis/build/icyphy/ptII/ptolemy/actor/lib/hoc/test/auto/RunCompositeActor4.xml
13 ms. Memory: 157696K Free: 88203K (56%)
----------------- Invoking toplevel() on ptolemy.moml.MoMLSimpleApplication@7df67edb
----------------- Done invoking toplevel() on ptolemy.moml.MoMLSimpleApplication@7df67edb
reloadAllAccessors: .RunCompositeActor4

===========================================================================================
----------------- testing Sat Oct 17 15:47:56 UTC 2020 /home/travis/build/icyphy/ptII/ptolemy/actor/lib/hoc/test/auto/RunCompositeIterateOverArray.xml
----------------- Instantiating /home/travis/build/icyphy/ptII/ptolemy/actor/lib/hoc/test/auto/RunCompositeIterateOverArray.xml
8 ms. Memory: 157696K Free: 82073K (52%)
----------------- Invoking toplevel() on ptolemy.moml.MoMLSimpleApplication@461eb5de
----------------- Done invoking toplevel() on ptolemy.moml.MoMLSimpleApplication@461eb5de
reloadAllAccessors: .RunCompositeIterateOverArray

===========================================================================================
----------------- testing Sat Oct 17 15:47:56 UTC 2020 /home/travis/build/icyphy/ptII/ptolemy/actor/lib/hoc/test/auto/ThreadedJS.xml
----------------- Instantiating /home/travis/build/icyphy/ptII/ptolemy/actor/lib/hoc/test/auto/ThreadedJS.xml
5524 ms. Memory: 227328K Free: 143787K (63%)
----------------- Invoking toplevel() on ptolemy.moml.MoMLSimpleApplication@1df0b070
----------------- Done invoking toplevel() on ptolemy.moml.MoMLSimpleApplication@1df0b070
reloadAllAccessors: .ThreadedJS
AutoTests.java: About to close Vertx.
AutoTests.java: Vertx closed.
]]></system-out>
  <system-err><![CDATA[java.lang.RuntimeException: Execution failed
	at ptolemy.moml.MoMLSimpleApplication$UnloadThread.run(MoMLSimpleApplication.java:402)
Caused by: ptolemy.kernel.util.IllegalActionException: initialize() was called after wrapup() was called but preinitialize() was not called after wrapup().
	at ptolemy.actor.lib.hoc.test.PreinitializeMustBeInvoked.initialize(PreinitializeMustBeInvoked.java:78)
	at ptolemy.actor.Director.initialize(Director.java:938)
	at ptolemy.actor.Director.initialize(Director.java:907)
	at ptolemy.actor.sched.StaticSchedulingDirector.initialize(StaticSchedulingDirector.java:159)
	at ptolemy.domains.sdf.kernel.SDFDirector.initialize(SDFDirector.java:544)
	at ptolemy.actor.CompositeActor.initialize(CompositeActor.java:935)
	at ptolemy.actor.lib.hoc.LifeCycleManager._executeInsideModel(LifeCycleManager.java:339)
	at ptolemy.actor.lib.hoc.RunCompositeActor.fire(RunCompositeActor.java:205)
	at ptolemy.actor.CompositeActor.iterate(CompositeActor.java:1146)
	at ptolemy.actor.sched.StaticSchedulingDirector.fire(StaticSchedulingDirector.java:216)
	at ptolemy.domains.sdf.kernel.SDFDirector.fire(SDFDirector.java:500)
	at ptolemy.actor.CompositeActor.fire(CompositeActor.java:455)
	at ptolemy.actor.Manager.iterate(Manager.java:851)
	at ptolemy.actor.Manager.execute(Manager.java:369)
	at ptolemy.actor.Manager.run(Manager.java:1263)
	at ptolemy.actor.Manager$PtolemyRunThread.run(Manager.java:1933)
java.lang.reflect.InvocationTargetException
	at java.base/jdk.internal.reflect.NativeConstructorAccessorImpl.newInstance0(Native Method)
	at java.base/jdk.internal.reflect.NativeConstructorAccessorImpl.newInstance(NativeConstructorAccessorImpl.java:62)
	at java.base/jdk.internal.reflect.DelegatingConstructorAccessorImpl.newInstance(DelegatingConstructorAccessorImpl.java:45)
	at java.base/java.lang.reflect.Constructor.newInstance(Constructor.java:490)
	at ptolemy.util.test.junit.AutoKnownFailedTests.RunModel(AutoKnownFailedTests.java:105)
	at java.base/jdk.internal.reflect.NativeMethodAccessorImpl.invoke0(Native Method)
	at java.base/jdk.internal.reflect.NativeMethodAccessorImpl.invoke(NativeMethodAccessorImpl.java:62)
	at java.base/jdk.internal.reflect.DelegatingMethodAccessorImpl.invoke(DelegatingMethodAccessorImpl.java:43)
	at java.base/java.lang.reflect.Method.invoke(Method.java:566)
	at org.junit.runners.model.FrameworkMethod$1.runReflectiveCall(FrameworkMethod.java:44)
	at org.junit.internal.runners.model.ReflectiveCallable.run(ReflectiveCallable.java:15)
	at org.junit.runners.model.FrameworkMethod.invokeExplosively(FrameworkMethod.java:41)
	at junitparams.internal.InvokeParameterisedMethod.evaluate(InvokeParameterisedMethod.java:102)
	at org.junit.internal.runners.statements.FailOnTimeout$1.run(FailOnTimeout.java:28)
Caused by: ptolemy.kernel.util.IllegalActionException: initialize() was called after wrapup() was called but preinitialize() was not called after wrapup().
	at ptolemy.actor.lib.hoc.test.PreinitializeMustBeInvoked.initialize(PreinitializeMustBeInvoked.java:78)
	at ptolemy.actor.Director.initialize(Director.java:938)
	at ptolemy.actor.Director.initialize(Director.java:907)
	at ptolemy.actor.sched.StaticSchedulingDirector.initialize(StaticSchedulingDirector.java:159)
	at ptolemy.domains.sdf.kernel.SDFDirector.initialize(SDFDirector.java:544)
	at ptolemy.actor.CompositeActor.initialize(CompositeActor.java:935)
	at ptolemy.actor.lib.hoc.LifeCycleManager._executeInsideModel(LifeCycleManager.java:339)
	at ptolemy.actor.lib.hoc.RunCompositeActor.fire(RunCompositeActor.java:205)
	at ptolemy.actor.CompositeActor.iterate(CompositeActor.java:1146)
	at ptolemy.actor.sched.StaticSchedulingDirector.fire(StaticSchedulingDirector.java:216)
	at ptolemy.domains.sdf.kernel.SDFDirector.fire(SDFDirector.java:500)
	at ptolemy.actor.CompositeActor.fire(CompositeActor.java:455)
	at ptolemy.actor.Manager.iterate(Manager.java:851)
	at ptolemy.actor.Manager.execute(Manager.java:369)
	at ptolemy.actor.Manager.run(Manager.java:1263)
	at ptolemy.actor.Manager$PtolemyRunThread.run(Manager.java:1933)
Warning: Nashorn engine is planned to be removed from a future JDK release
Warning: Nashorn engine is planned to be removed from a future JDK release
Warning: Nashorn engine is planned to be removed from a future JDK release
Warning: Nashorn engine is planned to be removed from a future JDK release
Warning: Nashorn engine is planned to be removed from a future JDK release
Warning: Nashorn engine is planned to be removed from a future JDK release
Warning: Nashorn engine is planned to be removed from a future JDK release
Warning: Nashorn engine is planned to be removed from a future JDK release
]]></system-err>
</testsuite>
