<?xml version="1.0" encoding="UTF-8" ?>
<testsuite errors="0" failures="0" hostname="travis-job-36d3d138-f4a2-4251-ae4d-bfe85d013f34" name="ptolemy.actor.lib.hoc.test.junit.JUnitTclTest" skipped="0" tests="58" time="34.119" timestamp="2019-09-30T05:50:08">
  <properties>
[...]
</properties>
  <testcase classname="ptolemy.util.test.junit.TclTests" name="[0] /home/travis/build/icyphy/ptII/ptolemy/actor/lib/hoc/test/IterateOverArray.tcl (RunTclFile)" time="0.29" />
  <testcase classname="ptolemy.util.test.junit.AutoKnownFailedTests" name="[0] /home/travis/build/icyphy/ptII/ptolemy/actor/lib/hoc/test/auto/knownFailedTests/PreinitializeMustBeInvokedRunComposite.xml (RunModel)" time="0.425" />
  <testcase classname="ptolemy.util.test.junit.AutoNameArchTests" name="[0] ThereAreNoAutoArchTests (RunModel)" time="0.001" />
  <testcase classname="ptolemy.util.test.junit.AutoTests" name="[0] /home/travis/build/icyphy/ptII/ptolemy/actor/lib/hoc/test/auto/AllToAllMultiInstanceComposite.xml (RunModel)" time="0.573" />
  <testcase classname="ptolemy.util.test.junit.AutoTests" name="[1] /home/travis/build/icyphy/ptII/ptolemy/actor/lib/hoc/test/auto/ApplyFFTTest.xml (RunModel)" time="0.406" />
  <testcase classname="ptolemy.util.test.junit.AutoTests" name="[2] /home/travis/build/icyphy/ptII/ptolemy/actor/lib/hoc/test/auto/ApplyFunction.xml (RunModel)" time="0.044" />
  <testcase classname="ptolemy.util.test.junit.AutoTests" name="[3] /home/travis/build/icyphy/ptII/ptolemy/actor/lib/hoc/test/auto/BackgroundExecution.xml (RunModel)" time="0.685" />
  <testcase classname="ptolemy.util.test.junit.AutoTests" name="[4] /home/travis/build/icyphy/ptII/ptolemy/actor/lib/hoc/test/auto/Case.xml (RunModel)" time="0.088" />
  <testcase classname="ptolemy.util.test.junit.AutoTests" name="[5] /home/travis/build/icyphy/ptII/ptolemy/actor/lib/hoc/test/auto/Case1.xml (RunModel)" time="0.05" />
  <testcase classname="ptolemy.util.test.junit.AutoTests" name="[6] /home/travis/build/icyphy/ptII/ptolemy/actor/lib/hoc/test/auto/Case2.xml (RunModel)" time="0.105" />
  <testcase classname="ptolemy.util.test.junit.AutoTests" name="[7] /home/travis/build/icyphy/ptII/ptolemy/actor/lib/hoc/test/auto/Case3.xml (RunModel)" time="0.047" />
  <testcase classname="ptolemy.util.test.junit.AutoTests" name="[8] /home/travis/build/icyphy/ptII/ptolemy/actor/lib/hoc/test/auto/Case4.xml (RunModel)" time="0.08" />
  <testcase classname="ptolemy.util.test.junit.AutoTests" name="[9] /home/travis/build/icyphy/ptII/ptolemy/actor/lib/hoc/test/auto/Case5.xml (RunModel)" time="0.057" />
  <testcase classname="ptolemy.util.test.junit.AutoTests" name="[10] /home/travis/build/icyphy/ptII/ptolemy/actor/lib/hoc/test/auto/Case6.xml (RunModel)" time="0.118" />
  <testcase classname="ptolemy.util.test.junit.AutoTests" name="[11] /home/travis/build/icyphy/ptII/ptolemy/actor/lib/hoc/test/auto/CaseString2.xml (RunModel)" time="0.063" />
  <testcase classname="ptolemy.util.test.junit.AutoTests" name="[12] /home/travis/build/icyphy/ptII/ptolemy/actor/lib/hoc/test/auto/CatchUpComposite1.xml (RunModel)" time="0.087" />
  <testcase classname="ptolemy.util.test.junit.AutoTests" name="[13] /home/travis/build/icyphy/ptII/ptolemy/actor/lib/hoc/test/auto/CatchUpComposite2.xml (RunModel)" time="0.062" />
  <testcase classname="ptolemy.util.test.junit.AutoTests" name="[14] /home/travis/build/icyphy/ptII/ptolemy/actor/lib/hoc/test/auto/CatchUpComposite3.xml (RunModel)" time="0.051" />
  <testcase classname="ptolemy.util.test.junit.AutoTests" name="[15] /home/travis/build/icyphy/ptII/ptolemy/actor/lib/hoc/test/auto/CatchUpComposite4.xml (RunModel)" time="0.057" />
  <testcase classname="ptolemy.util.test.junit.AutoTests" name="[16] /home/travis/build/icyphy/ptII/ptolemy/actor/lib/hoc/test/auto/CatchUpComposite5.xml (RunModel)" time="0.061" />
  <testcase classname="ptolemy.util.test.junit.AutoTests" name="[17] /home/travis/build/icyphy/ptII/ptolemy/actor/lib/hoc/test/auto/CatchUpComposite6.xml (RunModel)" time="0.212" />
  <testcase classname="ptolemy.util.test.junit.AutoTests" name="[18] /home/travis/build/icyphy/ptII/ptolemy/actor/lib/hoc/test/auto/CatchUpComposite7.xml (RunModel)" time="0.104" />
  <testcase classname="ptolemy.util.test.junit.AutoTests" name="[19] /home/travis/build/icyphy/ptII/ptolemy/actor/lib/hoc/test/auto/ConcurrentExecutionTimeSDF.xml (RunModel)" time="1.856" />
  <testcase classname="ptolemy.util.test.junit.AutoTests" name="[20] /home/travis/build/icyphy/ptII/ptolemy/actor/lib/hoc/test/auto/ConcurrentSleep.xml (RunModel)" time="0.757" />
  <testcase classname="ptolemy.util.test.junit.AutoTests" name="[21] /home/travis/build/icyphy/ptII/ptolemy/actor/lib/hoc/test/auto/DEInPNInRunCompositeActor.xml (RunModel)" time="0.045" />
  <testcase classname="ptolemy.util.test.junit.AutoTests" name="[22] /home/travis/build/icyphy/ptII/ptolemy/actor/lib/hoc/test/auto/DFTSubSetTest.xml (RunModel)" time="0.297" />
  <testcase classname="ptolemy.util.test.junit.AutoTests" name="[23] /home/travis/build/icyphy/ptII/ptolemy/actor/lib/hoc/test/auto/HocDE.xml (RunModel)" time="0.182" />
  <testcase classname="ptolemy.util.test.junit.AutoTests" name="[24] /home/travis/build/icyphy/ptII/ptolemy/actor/lib/hoc/test/auto/IterateOverArray.xml (RunModel)" time="0.041" />
  <testcase classname="ptolemy.util.test.junit.AutoTests" name="[25] /home/travis/build/icyphy/ptII/ptolemy/actor/lib/hoc/test/auto/IterateOverArray10.xml (RunModel)" time="0.031" />
  <testcase classname="ptolemy.util.test.junit.AutoTests" name="[26] /home/travis/build/icyphy/ptII/ptolemy/actor/lib/hoc/test/auto/IterateOverArray11.xml (RunModel)" time="0.024" />
  <testcase classname="ptolemy.util.test.junit.AutoTests" name="[27] /home/travis/build/icyphy/ptII/ptolemy/actor/lib/hoc/test/auto/IterateOverArray12.xml (RunModel)" time="0.062" />
  <testcase classname="ptolemy.util.test.junit.AutoTests" name="[28] /home/travis/build/icyphy/ptII/ptolemy/actor/lib/hoc/test/auto/IterateOverArray13.xml (RunModel)" time="0.172" />
  <testcase classname="ptolemy.util.test.junit.AutoTests" name="[29] /home/travis/build/icyphy/ptII/ptolemy/actor/lib/hoc/test/auto/IterateOverArray14.xml (RunModel)" time="0.164" />
  <testcase classname="ptolemy.util.test.junit.AutoTests" name="[30] /home/travis/build/icyphy/ptII/ptolemy/actor/lib/hoc/test/auto/IterateOverArray2.xml (RunModel)" time="0.029" />
  <testcase classname="ptolemy.util.test.junit.AutoTests" name="[31] /home/travis/build/icyphy/ptII/ptolemy/actor/lib/hoc/test/auto/IterateOverArray3.xml (RunModel)" time="0.044" />
  <testcase classname="ptolemy.util.test.junit.AutoTests" name="[32] /home/travis/build/icyphy/ptII/ptolemy/actor/lib/hoc/test/auto/IterateOverArray4.xml (RunModel)" time="0.033" />
  <testcase classname="ptolemy.util.test.junit.AutoTests" name="[33] /home/travis/build/icyphy/ptII/ptolemy/actor/lib/hoc/test/auto/IterateOverArray5.xml (RunModel)" time="0.023" />
  <testcase classname="ptolemy.util.test.junit.AutoTests" name="[34] /home/travis/build/icyphy/ptII/ptolemy/actor/lib/hoc/test/auto/IterateOverArray6.xml (RunModel)" time="0.018" />
  <testcase classname="ptolemy.util.test.junit.AutoTests" name="[35] /home/travis/build/icyphy/ptII/ptolemy/actor/lib/hoc/test/auto/IterateOverArray7.xml (RunModel)" time="0.022" />
  <testcase classname="ptolemy.util.test.junit.AutoTests" name="[36] /home/travis/build/icyphy/ptII/ptolemy/actor/lib/hoc/test/auto/IterateOverArray8.xml (RunModel)" time="0.022" />
  <testcase classname="ptolemy.util.test.junit.AutoTests" name="[37] /home/travis/build/icyphy/ptII/ptolemy/actor/lib/hoc/test/auto/IterateOverArray9.xml (RunModel)" time="0.028" />
  <testcase classname="ptolemy.util.test.junit.AutoTests" name="[38] /home/travis/build/icyphy/ptII/ptolemy/actor/lib/hoc/test/auto/IterateOverArrayCoercedOutputType.xml (RunModel)" time="0.039" />
  <testcase classname="ptolemy.util.test.junit.AutoTests" name="[39] /home/travis/build/icyphy/ptII/ptolemy/actor/lib/hoc/test/auto/IterateOverArrayInferredOutputType.xml (RunModel)" time="0.025" />
  <testcase classname="ptolemy.util.test.junit.AutoTests" name="[40] /home/travis/build/icyphy/ptII/ptolemy/actor/lib/hoc/test/auto/MobileFunctionTest.xml (RunModel)" time="0.028" />
  <testcase classname="ptolemy.util.test.junit.AutoTests" name="[41] /home/travis/build/icyphy/ptII/ptolemy/actor/lib/hoc/test/auto/MobileModelTest.xml (RunModel)" time="0.186" />
  <testcase classname="ptolemy.util.test.junit.AutoTests" name="[42] /home/travis/build/icyphy/ptII/ptolemy/actor/lib/hoc/test/auto/ModelReference.xml (RunModel)" time="0.097" />
  <testcase classname="ptolemy.util.test.junit.AutoTests" name="[43] /home/travis/build/icyphy/ptII/ptolemy/actor/lib/hoc/test/auto/ModelReference3.xml (RunModel)" time="0.053" />
  <testcase classname="ptolemy.util.test.junit.AutoTests" name="[44] /home/travis/build/icyphy/ptII/ptolemy/actor/lib/hoc/test/auto/ModelReference4.xml (RunModel)" time="10.033" />
  <testcase classname="ptolemy.util.test.junit.AutoTests" name="[45] /home/travis/build/icyphy/ptII/ptolemy/actor/lib/hoc/test/auto/MultiInstanceComposite.xml (RunModel)" time="0.063" />
  <testcase classname="ptolemy.util.test.junit.AutoTests" name="[46] /home/travis/build/icyphy/ptII/ptolemy/actor/lib/hoc/test/auto/MultiInstanceComposite2.xml (RunModel)" time="0.04" />
  <testcase classname="ptolemy.util.test.junit.AutoTests" name="[47] /home/travis/build/icyphy/ptII/ptolemy/actor/lib/hoc/test/auto/MulticoreExecution.xml (RunModel)" time="1.091" />
  <testcase classname="ptolemy.util.test.junit.AutoTests" name="[48] /home/travis/build/icyphy/ptII/ptolemy/actor/lib/hoc/test/auto/ParallelExecution.xml (RunModel)" time="0.935" />
  <testcase classname="ptolemy.util.test.junit.AutoTests" name="[49] /home/travis/build/icyphy/ptII/ptolemy/actor/lib/hoc/test/auto/RunCompositeActor.xml (RunModel)" time="0.022" />
  <testcase classname="ptolemy.util.test.junit.AutoTests" name="[50] /home/travis/build/icyphy/ptII/ptolemy/actor/lib/hoc/test/auto/RunCompositeActor2.xml (RunModel)" time="0.025" />
  <testcase classname="ptolemy.util.test.junit.AutoTests" name="[51] /home/travis/build/icyphy/ptII/ptolemy/actor/lib/hoc/test/auto/RunCompositeActor3.xml (RunModel)" time="0.018" />
  <testcase classname="ptolemy.util.test.junit.AutoTests" name="[52] /home/travis/build/icyphy/ptII/ptolemy/actor/lib/hoc/test/auto/RunCompositeActor4.xml (RunModel)" time="0.036" />
  <testcase classname="ptolemy.util.test.junit.AutoTests" name="[53] /home/travis/build/icyphy/ptII/ptolemy/actor/lib/hoc/test/auto/RunCompositeIterateOverArray.xml (RunModel)" time="0.025" />
  <testcase classname="ptolemy.util.test.junit.AutoTests" name="[54] /home/travis/build/icyphy/ptII/ptolemy/actor/lib/hoc/test/auto/ThreadedJS.xml (RunModel)" time="13.157" />
  <system-out><![CDATA[/home/travis/build/icyphy/ptII/ptolemy/actor/lib/hoc/test/IterateOverArray.tcl
testDefs.tcl: setting time out to 9000 seconds at Mon Sep 30 05:50:08 UTC 2019
09/30/19 05:50:08
Failed: 0  Total Tests: 2  ((Passed: 2, Newly Passed: 0)  Known Failed: 0) /home/travis/build/icyphy/ptII/ptolemy/actor/lib/hoc/test
----------------- testing (KnownFailure) /home/travis/build/icyphy/ptII/ptolemy/actor/lib/hoc/test/auto/knownFailedTests/PreinitializeMustBeInvokedRunComposite.xml
84 ms. Memory: 120832K Free: 79298K (66%)
Known Failure: java.lang.reflect.InvocationTargetException
No auto/linux-amd64/*.xml tests in /home/travis/build/icyphy/ptII/ptolemy/actor/lib/hoc/test
AutoTests.java: About to close Vertx.
AutoTests.java: Vertx closed.

===========================================================================================
----------------- testing Mon Sep 30 05:50:09 UTC 2019 /home/travis/build/icyphy/ptII/ptolemy/actor/lib/hoc/test/auto/AllToAllMultiInstanceComposite.xml
----------------- Instantiating /home/travis/build/icyphy/ptII/ptolemy/actor/lib/hoc/test/auto/AllToAllMultiInstanceComposite.xml
275 ms. Memory: 120832K Free: 88557K (73%)
----------------- Invoking toplevel() on ptolemy.moml.MoMLSimpleApplication@31fce330
----------------- Done invoking toplevel() on ptolemy.moml.MoMLSimpleApplication@31fce330
reloadAllAccessors: .AllToAllMultiInstanceComposite

===========================================================================================
----------------- testing Mon Sep 30 05:50:09 UTC 2019 /home/travis/build/icyphy/ptII/ptolemy/actor/lib/hoc/test/auto/ApplyFFTTest.xml
----------------- Instantiating /home/travis/build/icyphy/ptII/ptolemy/actor/lib/hoc/test/auto/ApplyFFTTest.xml
144 ms. Memory: 120832K Free: 90187K (75%)
----------------- Invoking toplevel() on ptolemy.moml.MoMLSimpleApplication@2f5f3795
----------------- Done invoking toplevel() on ptolemy.moml.MoMLSimpleApplication@2f5f3795
reloadAllAccessors: .ApplyFFTTest

===========================================================================================
----------------- testing Mon Sep 30 05:50:10 UTC 2019 /home/travis/build/icyphy/ptII/ptolemy/actor/lib/hoc/test/auto/ApplyFunction.xml
----------------- Instantiating /home/travis/build/icyphy/ptII/ptolemy/actor/lib/hoc/test/auto/ApplyFunction.xml
8 ms. Memory: 120832K Free: 86679K (72%)
----------------- Invoking toplevel() on ptolemy.moml.MoMLSimpleApplication@7a9723af
----------------- Done invoking toplevel() on ptolemy.moml.MoMLSimpleApplication@7a9723af
reloadAllAccessors: .ApplyFunction

===========================================================================================
----------------- testing Mon Sep 30 05:50:10 UTC 2019 /home/travis/build/icyphy/ptII/ptolemy/actor/lib/hoc/test/auto/BackgroundExecution.xml
----------------- Instantiating /home/travis/build/icyphy/ptII/ptolemy/actor/lib/hoc/test/auto/BackgroundExecution.xml
622 ms. Memory: 120832K Free: 79756K (66%)
----------------- Invoking toplevel() on ptolemy.moml.MoMLSimpleApplication@106a5b64
----------------- Done invoking toplevel() on ptolemy.moml.MoMLSimpleApplication@106a5b64
reloadAllAccessors: .BackgroundExecution

===========================================================================================
----------------- testing Mon Sep 30 05:50:11 UTC 2019 /home/travis/build/icyphy/ptII/ptolemy/actor/lib/hoc/test/auto/Case.xml
----------------- Instantiating /home/travis/build/icyphy/ptII/ptolemy/actor/lib/hoc/test/auto/Case.xml
30 ms. Memory: 120832K Free: 103923K (86%)
----------------- Invoking toplevel() on ptolemy.moml.MoMLSimpleApplication@57c51fcb
----------------- Done invoking toplevel() on ptolemy.moml.MoMLSimpleApplication@57c51fcb
reloadAllAccessors: .Case

===========================================================================================
----------------- testing Mon Sep 30 05:50:11 UTC 2019 /home/travis/build/icyphy/ptII/ptolemy/actor/lib/hoc/test/auto/Case1.xml
----------------- Instantiating /home/travis/build/icyphy/ptII/ptolemy/actor/lib/hoc/test/auto/Case1.xml
14 ms. Memory: 120832K Free: 97079K (80%)
----------------- Invoking toplevel() on ptolemy.moml.MoMLSimpleApplication@75bc5800
----------------- Done invoking toplevel() on ptolemy.moml.MoMLSimpleApplication@75bc5800
reloadAllAccessors: .Case1

===========================================================================================
----------------- testing Mon Sep 30 05:50:11 UTC 2019 /home/travis/build/icyphy/ptII/ptolemy/actor/lib/hoc/test/auto/Case2.xml
----------------- Instantiating /home/travis/build/icyphy/ptII/ptolemy/actor/lib/hoc/test/auto/Case2.xml
25 ms. Memory: 120832K Free: 86885K (72%)
----------------- Invoking toplevel() on ptolemy.moml.MoMLSimpleApplication@397b1450
----------------- Done invoking toplevel() on ptolemy.moml.MoMLSimpleApplication@397b1450
reloadAllAccessors: .Case2

===========================================================================================
----------------- testing Mon Sep 30 05:50:11 UTC 2019 /home/travis/build/icyphy/ptII/ptolemy/actor/lib/hoc/test/auto/Case3.xml
----------------- Instantiating /home/travis/build/icyphy/ptII/ptolemy/actor/lib/hoc/test/auto/Case3.xml
18 ms. Memory: 120832K Free: 80709K (67%)
----------------- Invoking toplevel() on ptolemy.moml.MoMLSimpleApplication@195e58cc
----------------- Done invoking toplevel() on ptolemy.moml.MoMLSimpleApplication@195e58cc
reloadAllAccessors: .Case3

===========================================================================================
----------------- testing Mon Sep 30 05:50:11 UTC 2019 /home/travis/build/icyphy/ptII/ptolemy/actor/lib/hoc/test/auto/Case4.xml
----------------- Instantiating /home/travis/build/icyphy/ptII/ptolemy/actor/lib/hoc/test/auto/Case4.xml
24 ms. Memory: 120832K Free: 73195K (61%)
----------------- Invoking toplevel() on ptolemy.moml.MoMLSimpleApplication@3edef926
----------------- Done invoking toplevel() on ptolemy.moml.MoMLSimpleApplication@3edef926
reloadAllAccessors: .Case4

===========================================================================================
----------------- testing Mon Sep 30 05:50:11 UTC 2019 /home/travis/build/icyphy/ptII/ptolemy/actor/lib/hoc/test/auto/Case5.xml
----------------- Instantiating /home/travis/build/icyphy/ptII/ptolemy/actor/lib/hoc/test/auto/Case5.xml
25 ms. Memory: 120832K Free: 66712K (55%)
----------------- Invoking toplevel() on ptolemy.moml.MoMLSimpleApplication@1b1d7ab3
----------------- Done invoking toplevel() on ptolemy.moml.MoMLSimpleApplication@1b1d7ab3
reloadAllAccessors: .junk

===========================================================================================
----------------- testing Mon Sep 30 05:50:11 UTC 2019 /home/travis/build/icyphy/ptII/ptolemy/actor/lib/hoc/test/auto/Case6.xml
----------------- Instantiating /home/travis/build/icyphy/ptII/ptolemy/actor/lib/hoc/test/auto/Case6.xml
58 ms. Memory: 120832K Free: 100910K (84%)
----------------- Invoking toplevel() on ptolemy.moml.MoMLSimpleApplication@a9c95fb
----------------- Done invoking toplevel() on ptolemy.moml.MoMLSimpleApplication@a9c95fb
reloadAllAccessors: .Case6

===========================================================================================
----------------- testing Mon Sep 30 05:50:11 UTC 2019 /home/travis/build/icyphy/ptII/ptolemy/actor/lib/hoc/test/auto/CaseString2.xml
----------------- Instantiating /home/travis/build/icyphy/ptII/ptolemy/actor/lib/hoc/test/auto/CaseString2.xml
20 ms. Memory: 120832K Free: 93066K (77%)
----------------- Invoking toplevel() on ptolemy.moml.MoMLSimpleApplication@6f5ea478
----------------- Done invoking toplevel() on ptolemy.moml.MoMLSimpleApplication@6f5ea478
reloadAllAccessors: .CaseString2

===========================================================================================
----------------- testing Mon Sep 30 05:50:11 UTC 2019 /home/travis/build/icyphy/ptII/ptolemy/actor/lib/hoc/test/auto/CatchUpComposite1.xml
----------------- Instantiating /home/travis/build/icyphy/ptII/ptolemy/actor/lib/hoc/test/auto/CatchUpComposite1.xml
34 ms. Memory: 120832K Free: 83864K (69%)
----------------- Invoking toplevel() on ptolemy.moml.MoMLSimpleApplication@644cc244
----------------- Done invoking toplevel() on ptolemy.moml.MoMLSimpleApplication@644cc244
reloadAllAccessors: .CatchUpComposite1

===========================================================================================
----------------- testing Mon Sep 30 05:50:11 UTC 2019 /home/travis/build/icyphy/ptII/ptolemy/actor/lib/hoc/test/auto/CatchUpComposite2.xml
----------------- Instantiating /home/travis/build/icyphy/ptII/ptolemy/actor/lib/hoc/test/auto/CatchUpComposite2.xml
9 ms. Memory: 120832K Free: 76036K (63%)
----------------- Invoking toplevel() on ptolemy.moml.MoMLSimpleApplication@23917189
----------------- Done invoking toplevel() on ptolemy.moml.MoMLSimpleApplication@23917189
reloadAllAccessors: .CatchUpComposite2

===========================================================================================
----------------- testing Mon Sep 30 05:50:11 UTC 2019 /home/travis/build/icyphy/ptII/ptolemy/actor/lib/hoc/test/auto/CatchUpComposite3.xml
----------------- Instantiating /home/travis/build/icyphy/ptII/ptolemy/actor/lib/hoc/test/auto/CatchUpComposite3.xml
15 ms. Memory: 120832K Free: 67480K (56%)
----------------- Invoking toplevel() on ptolemy.moml.MoMLSimpleApplication@20366570
----------------- Done invoking toplevel() on ptolemy.moml.MoMLSimpleApplication@20366570
reloadAllAccessors: .CatchUpComposite3

===========================================================================================
----------------- testing Mon Sep 30 05:50:11 UTC 2019 /home/travis/build/icyphy/ptII/ptolemy/actor/lib/hoc/test/auto/CatchUpComposite4.xml
----------------- Instantiating /home/travis/build/icyphy/ptII/ptolemy/actor/lib/hoc/test/auto/CatchUpComposite4.xml
18 ms. Memory: 120832K Free: 59652K (49%)
----------------- Invoking toplevel() on ptolemy.moml.MoMLSimpleApplication@105caec4
----------------- Done invoking toplevel() on ptolemy.moml.MoMLSimpleApplication@105caec4
reloadAllAccessors: .CatchUpComposite4

===========================================================================================
----------------- testing Mon Sep 30 05:50:11 UTC 2019 /home/travis/build/icyphy/ptII/ptolemy/actor/lib/hoc/test/auto/CatchUpComposite5.xml
----------------- Instantiating /home/travis/build/icyphy/ptII/ptolemy/actor/lib/hoc/test/auto/CatchUpComposite5.xml
24 ms. Memory: 120832K Free: 106557K (88%)
----------------- Invoking toplevel() on ptolemy.moml.MoMLSimpleApplication@29c0c74d
----------------- Done invoking toplevel() on ptolemy.moml.MoMLSimpleApplication@29c0c74d
reloadAllAccessors: .CatchUpComposite5

===========================================================================================
----------------- testing Mon Sep 30 05:50:12 UTC 2019 /home/travis/build/icyphy/ptII/ptolemy/actor/lib/hoc/test/auto/CatchUpComposite6.xml
----------------- Instantiating /home/travis/build/icyphy/ptII/ptolemy/actor/lib/hoc/test/auto/CatchUpComposite6.xml
WARNING: The execution aspects in this model can influence the timing of actors by delaying the 
execution, potentially changing the behavior. There is no guarantee that actors fire at the 
time they request to be fired. 
Use Ptides for deterministic DE behavior that is not influenced by execution aspects. 

111 ms. Memory: 120832K Free: 91904K (76%)
----------------- Invoking toplevel() on ptolemy.moml.MoMLSimpleApplication@61c930c3
----------------- Done invoking toplevel() on ptolemy.moml.MoMLSimpleApplication@61c930c3
reloadAllAccessors: .CatchUpComposite6

===========================================================================================
----------------- testing Mon Sep 30 05:50:12 UTC 2019 /home/travis/build/icyphy/ptII/ptolemy/actor/lib/hoc/test/auto/CatchUpComposite7.xml
----------------- Instantiating /home/travis/build/icyphy/ptII/ptolemy/actor/lib/hoc/test/auto/CatchUpComposite7.xml
WARNING: The execution aspects in this model can influence the timing of actors by delaying the 
execution, potentially changing the behavior. There is no guarantee that actors fire at the 
time they request to be fired. 
Use Ptides for deterministic DE behavior that is not influenced by execution aspects. 

44 ms. Memory: 120832K Free: 78295K (65%)
----------------- Invoking toplevel() on ptolemy.moml.MoMLSimpleApplication@35f9283b
----------------- Done invoking toplevel() on ptolemy.moml.MoMLSimpleApplication@35f9283b
reloadAllAccessors: .CatchUpComposite7

===========================================================================================
----------------- testing Mon Sep 30 05:50:12 UTC 2019 /home/travis/build/icyphy/ptII/ptolemy/actor/lib/hoc/test/auto/ConcurrentExecutionTimeSDF.xml
----------------- Instantiating /home/travis/build/icyphy/ptII/ptolemy/actor/lib/hoc/test/auto/ConcurrentExecutionTimeSDF.xml
Fired ExecutionTime: 40400000
Fired ExecutionTime: 40400000
Fired ExecutionTime: 40400000
Fired ExecutionTime: 40400000
Fired ExecutionTime: 40400000
Fired ExecutionTime: 40400000
Fired ExecutionTime: 40400000
Fired ExecutionTime: 40400000
Fired ExecutionTime: 40400000
Fired ExecutionTime: 40400000
Fired ExecutionTime: 40400000
Fired ExecutionTime: 40400000
Fired ExecutionTime: 40400000
Fired ExecutionTime: 40400000
Fired ExecutionTime: 40400000
Fired ExecutionTime: 40400000
Fired ExecutionTime: 40400000
Fired ExecutionTime: 40400000
Fired ExecutionTime: 40400000
Fired ExecutionTime: 40400000
1833 ms. Memory: 120832K Free: 71424K (59%)
----------------- Invoking toplevel() on ptolemy.moml.MoMLSimpleApplication@480e22f6
----------------- Done invoking toplevel() on ptolemy.moml.MoMLSimpleApplication@480e22f6
reloadAllAccessors: .ConcurrentExecutionTimeSDF

===========================================================================================
----------------- testing Mon Sep 30 05:50:14 UTC 2019 /home/travis/build/icyphy/ptII/ptolemy/actor/lib/hoc/test/auto/ConcurrentSleep.xml
----------------- Instantiating /home/travis/build/icyphy/ptII/ptolemy/actor/lib/hoc/test/auto/ConcurrentSleep.xml
726 ms. Memory: 120832K Free: 61184K (51%)
----------------- Invoking toplevel() on ptolemy.moml.MoMLSimpleApplication@5c6b2b26
----------------- Done invoking toplevel() on ptolemy.moml.MoMLSimpleApplication@5c6b2b26
reloadAllAccessors: .ConcurrentSleep

===========================================================================================
----------------- testing Mon Sep 30 05:50:15 UTC 2019 /home/travis/build/icyphy/ptII/ptolemy/actor/lib/hoc/test/auto/DEInPNInRunCompositeActor.xml
----------------- Instantiating /home/travis/build/icyphy/ptII/ptolemy/actor/lib/hoc/test/auto/DEInPNInRunCompositeActor.xml
18 ms. Memory: 120832K Free: 56063K (46%)
----------------- Invoking toplevel() on ptolemy.moml.MoMLSimpleApplication@60f59331
----------------- Done invoking toplevel() on ptolemy.moml.MoMLSimpleApplication@60f59331
reloadAllAccessors: .DEInPNInRunCompositeActor

===========================================================================================
----------------- testing Mon Sep 30 05:50:15 UTC 2019 /home/travis/build/icyphy/ptII/ptolemy/actor/lib/hoc/test/auto/DFTSubSetTest.xml
----------------- Instantiating /home/travis/build/icyphy/ptII/ptolemy/actor/lib/hoc/test/auto/DFTSubSetTest.xml
177 ms. Memory: 152576K Free: 103879K (68%)
----------------- Invoking toplevel() on ptolemy.moml.MoMLSimpleApplication@4f16c434
----------------- Done invoking toplevel() on ptolemy.moml.MoMLSimpleApplication@4f16c434
reloadAllAccessors: .DFTSubSetTest

===========================================================================================
----------------- testing Mon Sep 30 05:50:15 UTC 2019 /home/travis/build/icyphy/ptII/ptolemy/actor/lib/hoc/test/auto/HocDE.xml
----------------- Instantiating /home/travis/build/icyphy/ptII/ptolemy/actor/lib/hoc/test/auto/HocDE.xml
137 ms. Memory: 152576K Free: 78279K (51%)
----------------- Invoking toplevel() on ptolemy.moml.MoMLSimpleApplication@3998add8
----------------- Done invoking toplevel() on ptolemy.moml.MoMLSimpleApplication@3998add8
reloadAllAccessors: .HocDE

===========================================================================================
----------------- testing Mon Sep 30 05:50:15 UTC 2019 /home/travis/build/icyphy/ptII/ptolemy/actor/lib/hoc/test/auto/IterateOverArray.xml
----------------- Instantiating /home/travis/build/icyphy/ptII/ptolemy/actor/lib/hoc/test/auto/IterateOverArray.xml
5 ms. Memory: 152576K Free: 74183K (49%)
----------------- Invoking toplevel() on ptolemy.moml.MoMLSimpleApplication@4c7daacd
----------------- Done invoking toplevel() on ptolemy.moml.MoMLSimpleApplication@4c7daacd
reloadAllAccessors: .IterateOverArray

===========================================================================================
----------------- testing Mon Sep 30 05:50:15 UTC 2019 /home/travis/build/icyphy/ptII/ptolemy/actor/lib/hoc/test/auto/IterateOverArray10.xml
----------------- Instantiating /home/travis/build/icyphy/ptII/ptolemy/actor/lib/hoc/test/auto/IterateOverArray10.xml
8 ms. Memory: 152576K Free: 71081K (47%)
----------------- Invoking toplevel() on ptolemy.moml.MoMLSimpleApplication@1abab573
----------------- Done invoking toplevel() on ptolemy.moml.MoMLSimpleApplication@1abab573
reloadAllAccessors: .IterateOverArray10

===========================================================================================
----------------- testing Mon Sep 30 05:50:15 UTC 2019 /home/travis/build/icyphy/ptII/ptolemy/actor/lib/hoc/test/auto/IterateOverArray11.xml
----------------- Instantiating /home/travis/build/icyphy/ptII/ptolemy/actor/lib/hoc/test/auto/IterateOverArray11.xml
5 ms. Memory: 152576K Free: 67015K (44%)
----------------- Invoking toplevel() on ptolemy.moml.MoMLSimpleApplication@7eccbd9
----------------- Done invoking toplevel() on ptolemy.moml.MoMLSimpleApplication@7eccbd9
reloadAllAccessors: .IterateOverArray11

===========================================================================================
----------------- testing Mon Sep 30 05:50:15 UTC 2019 /home/travis/build/icyphy/ptII/ptolemy/actor/lib/hoc/test/auto/IterateOverArray12.xml
----------------- Instantiating /home/travis/build/icyphy/ptII/ptolemy/actor/lib/hoc/test/auto/IterateOverArray12.xml
19 ms. Memory: 152576K Free: 133119K (87%)
----------------- Invoking toplevel() on ptolemy.moml.MoMLSimpleApplication@1beb83e6
----------------- Done invoking toplevel() on ptolemy.moml.MoMLSimpleApplication@1beb83e6
reloadAllAccessors: .IterateOverArray12

===========================================================================================
----------------- testing Mon Sep 30 05:50:15 UTC 2019 /home/travis/build/icyphy/ptII/ptolemy/actor/lib/hoc/test/auto/IterateOverArray13.xml
----------------- Instantiating /home/travis/build/icyphy/ptII/ptolemy/actor/lib/hoc/test/auto/IterateOverArray13.xml
85 ms. Memory: 152576K Free: 103933K (68%)
----------------- Invoking toplevel() on ptolemy.moml.MoMLSimpleApplication@326c57b9
----------------- Done invoking toplevel() on ptolemy.moml.MoMLSimpleApplication@326c57b9
reloadAllAccessors: .IterateOverArray13

===========================================================================================
----------------- testing Mon Sep 30 05:50:15 UTC 2019 /home/travis/build/icyphy/ptII/ptolemy/actor/lib/hoc/test/auto/IterateOverArray14.xml
----------------- Instantiating /home/travis/build/icyphy/ptII/ptolemy/actor/lib/hoc/test/auto/IterateOverArray14.xml
76 ms. Memory: 152576K Free: 71679K (47%)
----------------- Invoking toplevel() on ptolemy.moml.MoMLSimpleApplication@52ab0f8d
----------------- Done invoking toplevel() on ptolemy.moml.MoMLSimpleApplication@52ab0f8d
reloadAllAccessors: .IterateOverArray14

===========================================================================================
----------------- testing Mon Sep 30 05:50:16 UTC 2019 /home/travis/build/icyphy/ptII/ptolemy/actor/lib/hoc/test/auto/IterateOverArray2.xml
----------------- Instantiating /home/travis/build/icyphy/ptII/ptolemy/actor/lib/hoc/test/auto/IterateOverArray2.xml
10 ms. Memory: 152576K Free: 67069K (44%)
----------------- Invoking toplevel() on ptolemy.moml.MoMLSimpleApplication@731dd154
----------------- Done invoking toplevel() on ptolemy.moml.MoMLSimpleApplication@731dd154
reloadAllAccessors: .IterateOverArray2

===========================================================================================
----------------- testing Mon Sep 30 05:50:16 UTC 2019 /home/travis/build/icyphy/ptII/ptolemy/actor/lib/hoc/test/auto/IterateOverArray3.xml
----------------- Instantiating /home/travis/build/icyphy/ptII/ptolemy/actor/lib/hoc/test/auto/IterateOverArray3.xml
7 ms. Memory: 152576K Free: 60925K (40%)
----------------- Invoking toplevel() on ptolemy.moml.MoMLSimpleApplication@2e68d2a3
----------------- Done invoking toplevel() on ptolemy.moml.MoMLSimpleApplication@2e68d2a3
reloadAllAccessors: .IterateOverArray3

===========================================================================================
----------------- testing Mon Sep 30 05:50:16 UTC 2019 /home/travis/build/icyphy/ptII/ptolemy/actor/lib/hoc/test/auto/IterateOverArray4.xml
----------------- Instantiating /home/travis/build/icyphy/ptII/ptolemy/actor/lib/hoc/test/auto/IterateOverArray4.xml
10 ms. Memory: 152576K Free: 137908K (90%)
----------------- Invoking toplevel() on ptolemy.moml.MoMLSimpleApplication@46121d64
----------------- Done invoking toplevel() on ptolemy.moml.MoMLSimpleApplication@46121d64
reloadAllAccessors: .IterateOverArray4

===========================================================================================
----------------- testing Mon Sep 30 05:50:16 UTC 2019 /home/travis/build/icyphy/ptII/ptolemy/actor/lib/hoc/test/auto/IterateOverArray5.xml
----------------- Instantiating /home/travis/build/icyphy/ptII/ptolemy/actor/lib/hoc/test/auto/IterateOverArray5.xml
4 ms. Memory: 152576K Free: 133359K (87%)
----------------- Invoking toplevel() on ptolemy.moml.MoMLSimpleApplication@6d82ece5
----------------- Done invoking toplevel() on ptolemy.moml.MoMLSimpleApplication@6d82ece5
reloadAllAccessors: .IterateOverArray5

===========================================================================================
----------------- testing Mon Sep 30 05:50:16 UTC 2019 /home/travis/build/icyphy/ptII/ptolemy/actor/lib/hoc/test/auto/IterateOverArray6.xml
----------------- Instantiating /home/travis/build/icyphy/ptII/ptolemy/actor/lib/hoc/test/auto/IterateOverArray6.xml
4 ms. Memory: 152576K Free: 129773K (85%)
----------------- Invoking toplevel() on ptolemy.moml.MoMLSimpleApplication@d567633
----------------- Done invoking toplevel() on ptolemy.moml.MoMLSimpleApplication@d567633
reloadAllAccessors: .IterateOverArray6

===========================================================================================
----------------- testing Mon Sep 30 05:50:16 UTC 2019 /home/travis/build/icyphy/ptII/ptolemy/actor/lib/hoc/test/auto/IterateOverArray7.xml
----------------- Instantiating /home/travis/build/icyphy/ptII/ptolemy/actor/lib/hoc/test/auto/IterateOverArray7.xml
4 ms. Memory: 152576K Free: 125167K (82%)
----------------- Invoking toplevel() on ptolemy.moml.MoMLSimpleApplication@5bb8052a
----------------- Done invoking toplevel() on ptolemy.moml.MoMLSimpleApplication@5bb8052a
reloadAllAccessors: .IterateOverArray7

===========================================================================================
----------------- testing Mon Sep 30 05:50:16 UTC 2019 /home/travis/build/icyphy/ptII/ptolemy/actor/lib/hoc/test/auto/IterateOverArray8.xml
----------------- Instantiating /home/travis/build/icyphy/ptII/ptolemy/actor/lib/hoc/test/auto/IterateOverArray8.xml
3 ms. Memory: 152576K Free: 121071K (79%)
----------------- Invoking toplevel() on ptolemy.moml.MoMLSimpleApplication@5b1ebb6d
----------------- Done invoking toplevel() on ptolemy.moml.MoMLSimpleApplication@5b1ebb6d
reloadAllAccessors: .IterateOverArray8

===========================================================================================
----------------- testing Mon Sep 30 05:50:16 UTC 2019 /home/travis/build/icyphy/ptII/ptolemy/actor/lib/hoc/test/auto/IterateOverArray9.xml
----------------- Instantiating /home/travis/build/icyphy/ptII/ptolemy/actor/lib/hoc/test/auto/IterateOverArray9.xml
7 ms. Memory: 152576K Free: 116975K (77%)
----------------- Invoking toplevel() on ptolemy.moml.MoMLSimpleApplication@77c13417
----------------- Done invoking toplevel() on ptolemy.moml.MoMLSimpleApplication@77c13417
reloadAllAccessors: .IterateOverArray9

===========================================================================================
----------------- testing Mon Sep 30 05:50:16 UTC 2019 /home/travis/build/icyphy/ptII/ptolemy/actor/lib/hoc/test/auto/IterateOverArrayCoercedOutputType.xml
----------------- Instantiating /home/travis/build/icyphy/ptII/ptolemy/actor/lib/hoc/test/auto/IterateOverArrayCoercedOutputType.xml
7 ms. Memory: 152576K Free: 111855K (73%)
----------------- Invoking toplevel() on ptolemy.moml.MoMLSimpleApplication@57047285
----------------- Done invoking toplevel() on ptolemy.moml.MoMLSimpleApplication@57047285
reloadAllAccessors: .IterateOverArrayCoercedOutputType

===========================================================================================
----------------- testing Mon Sep 30 05:50:16 UTC 2019 /home/travis/build/icyphy/ptII/ptolemy/actor/lib/hoc/test/auto/IterateOverArrayInferredOutputType.xml
----------------- Instantiating /home/travis/build/icyphy/ptII/ptolemy/actor/lib/hoc/test/auto/IterateOverArrayInferredOutputType.xml
8 ms. Memory: 152576K Free: 107245K (70%)
----------------- Invoking toplevel() on ptolemy.moml.MoMLSimpleApplication@34f304ca
----------------- Done invoking toplevel() on ptolemy.moml.MoMLSimpleApplication@34f304ca
reloadAllAccessors: .IterateOverArrayInferredOutputType

===========================================================================================
----------------- testing Mon Sep 30 05:50:16 UTC 2019 /home/travis/build/icyphy/ptII/ptolemy/actor/lib/hoc/test/auto/MobileFunctionTest.xml
----------------- Instantiating /home/travis/build/icyphy/ptII/ptolemy/actor/lib/hoc/test/auto/MobileFunctionTest.xml
4 ms. Memory: 152576K Free: 103135K (68%)
----------------- Invoking toplevel() on ptolemy.moml.MoMLSimpleApplication@799dfe55
----------------- Done invoking toplevel() on ptolemy.moml.MoMLSimpleApplication@799dfe55
reloadAllAccessors: .MobileFunctionTest

===========================================================================================
----------------- testing Mon Sep 30 05:50:16 UTC 2019 /home/travis/build/icyphy/ptII/ptolemy/actor/lib/hoc/test/auto/MobileModelTest.xml
----------------- Instantiating /home/travis/build/icyphy/ptII/ptolemy/actor/lib/hoc/test/auto/MobileModelTest.xml
157 ms. Memory: 152576K Free: 82159K (54%)
----------------- Invoking toplevel() on ptolemy.moml.MoMLSimpleApplication@1713c4d1
----------------- Done invoking toplevel() on ptolemy.moml.MoMLSimpleApplication@1713c4d1
reloadAllAccessors: .MobileModelTest

===========================================================================================
----------------- testing Mon Sep 30 05:50:16 UTC 2019 /home/travis/build/icyphy/ptII/ptolemy/actor/lib/hoc/test/auto/ModelReference.xml
----------------- Instantiating /home/travis/build/icyphy/ptII/ptolemy/actor/lib/hoc/test/auto/ModelReference.xml
12 ms. Memory: 152576K Free: 75501K (49%)
3 ms. Memory: 152576K Free: 74991K (49%)
2 ms. Memory: 152576K Free: 73967K (48%)
4 ms. Memory: 152576K Free: 72943K (48%)
3 ms. Memory: 152576K Free: 72415K (47%)
1 ms. Memory: 152576K Free: 71405K (47%)
1 ms. Memory: 152576K Free: 70895K (46%)
1 ms. Memory: 152576K Free: 69871K (46%)
2 ms. Memory: 152576K Free: 68847K (45%)
2 ms. Memory: 152576K Free: 68319K (45%)
40 ms. Memory: 152576K Free: 68319K (45%)
----------------- Invoking toplevel() on ptolemy.moml.MoMLSimpleApplication@79cfd669
----------------- Done invoking toplevel() on ptolemy.moml.MoMLSimpleApplication@79cfd669
reloadAllAccessors: .ModelReference

===========================================================================================
----------------- testing Mon Sep 30 05:50:16 UTC 2019 /home/travis/build/icyphy/ptII/ptolemy/actor/lib/hoc/test/auto/ModelReference3.xml
----------------- Instantiating /home/travis/build/icyphy/ptII/ptolemy/actor/lib/hoc/test/auto/ModelReference3.xml
1 ms. Memory: 152576K Free: 63199K (41%)
4 ms. Memory: 152576K Free: 62703K (41%)
2 ms. Memory: 152576K Free: 61679K (40%)
4 ms. Memory: 152576K Free: 61159K (40%)
3 ms. Memory: 152576K Free: 60111K (39%)
2 ms. Memory: 152576K Free: 59087K (39%)
4 ms. Memory: 152576K Free: 58607K (38%)
4 ms. Memory: 152576K Free: 57583K (38%)
3 ms. Memory: 152576K Free: 57039K (37%)
1 ms. Memory: 152576K Free: 56031K (37%)
35 ms. Memory: 152576K Free: 56031K (37%)
----------------- Invoking toplevel() on ptolemy.moml.MoMLSimpleApplication@5ccb4cda
----------------- Done invoking toplevel() on ptolemy.moml.MoMLSimpleApplication@5ccb4cda
reloadAllAccessors: .ModelReference3

===========================================================================================
----------------- testing Mon Sep 30 05:50:16 UTC 2019 /home/travis/build/icyphy/ptII/ptolemy/actor/lib/hoc/test/auto/ModelReference4.xml
----------------- Instantiating /home/travis/build/icyphy/ptII/ptolemy/actor/lib/hoc/test/auto/ModelReference4.xml
1 ms. Memory: 152576K Free: 51439K (34%)
11 ms. Memory: 152576K Free: 137875K (90%)
2 ms. Memory: 152576K Free: 136691K (90%)
2 ms. Memory: 152576K Free: 135637K (89%)
2 ms. Memory: 152576K Free: 134621K (88%)
5 ms. Memory: 152576K Free: 133589K (88%)
2 ms. Memory: 152576K Free: 132573K (87%)
5 ms. Memory: 152576K Free: 130995K (86%)
2 ms. Memory: 152576K Free: 129971K (85%)
2 ms. Memory: 152576K Free: 129078K (85%)
10016 ms. Memory: 152576K Free: 129078K (85%)
----------------- Invoking toplevel() on ptolemy.moml.MoMLSimpleApplication@342e4cf2
----------------- Done invoking toplevel() on ptolemy.moml.MoMLSimpleApplication@342e4cf2
reloadAllAccessors: .ModelReference4

===========================================================================================
----------------- testing Mon Sep 30 05:50:26 UTC 2019 /home/travis/build/icyphy/ptII/ptolemy/actor/lib/hoc/test/auto/MultiInstanceComposite.xml
----------------- Instantiating /home/travis/build/icyphy/ptII/ptolemy/actor/lib/hoc/test/auto/MultiInstanceComposite.xml
34 ms. Memory: 152576K Free: 110067K (72%)
----------------- Invoking toplevel() on ptolemy.moml.MoMLSimpleApplication@6a06b57e
----------------- Done invoking toplevel() on ptolemy.moml.MoMLSimpleApplication@6a06b57e
reloadAllAccessors: .MultiInstanceComposite

===========================================================================================
----------------- testing Mon Sep 30 05:50:26 UTC 2019 /home/travis/build/icyphy/ptII/ptolemy/actor/lib/hoc/test/auto/MultiInstanceComposite2.xml
----------------- Instantiating /home/travis/build/icyphy/ptII/ptolemy/actor/lib/hoc/test/auto/MultiInstanceComposite2.xml
17 ms. Memory: 152576K Free: 98765K (65%)
----------------- Invoking toplevel() on ptolemy.moml.MoMLSimpleApplication@2aec191c
----------------- Done invoking toplevel() on ptolemy.moml.MoMLSimpleApplication@2aec191c
reloadAllAccessors: .MultiInstanceComposite2

===========================================================================================
----------------- testing Mon Sep 30 05:50:26 UTC 2019 /home/travis/build/icyphy/ptII/ptolemy/actor/lib/hoc/test/auto/MulticoreExecution.xml
----------------- Instantiating /home/travis/build/icyphy/ptII/ptolemy/actor/lib/hoc/test/auto/MulticoreExecution.xml
Fired ExecutionTime: 3200000
Fired ExecutionTime: 3200000
Fired ExecutionTime: 23600000
Fired ExecutionTime: 26000000
Fired ExecutionTime: 78400000
Fired ExecutionTime: 92800000
Fired ExecutionTime: 88800000
Fired ExecutionTime: 87600000
Fired ExecutionTime: 89600000
Fired ExecutionTime: 87600000
Fired ExecutionTime: 90000000
Fired ExecutionTime: 90800000
Fired ExecutionTime: 90800000
Fired ExecutionTime: 90400000
Fired ExecutionTime: 89200000
Fired ExecutionTime: 88000000
Fired ExecutionTime: 86000000
Fired ExecutionTime: 89600000
Fired ExecutionTime: 86800000
Fired ExecutionTime: 90800000
1072 ms. Memory: 152576K Free: 90035K (59%)
----------------- Invoking toplevel() on ptolemy.moml.MoMLSimpleApplication@1dbab9b3
----------------- Done invoking toplevel() on ptolemy.moml.MoMLSimpleApplication@1dbab9b3
reloadAllAccessors: .MulticoreExecution

===========================================================================================
----------------- testing Mon Sep 30 05:50:27 UTC 2019 /home/travis/build/icyphy/ptII/ptolemy/actor/lib/hoc/test/auto/ParallelExecution.xml
----------------- Instantiating /home/travis/build/icyphy/ptII/ptolemy/actor/lib/hoc/test/auto/ParallelExecution.xml
915 ms. Memory: 152576K Free: 82867K (54%)
----------------- Invoking toplevel() on ptolemy.moml.MoMLSimpleApplication@34739475
----------------- Done invoking toplevel() on ptolemy.moml.MoMLSimpleApplication@34739475
reloadAllAccessors: .ParallelExecution

===========================================================================================
----------------- testing Mon Sep 30 05:50:28 UTC 2019 /home/travis/build/icyphy/ptII/ptolemy/actor/lib/hoc/test/auto/RunCompositeActor.xml
----------------- Instantiating /home/travis/build/icyphy/ptII/ptolemy/actor/lib/hoc/test/auto/RunCompositeActor.xml
7 ms. Memory: 152576K Free: 75808K (50%)
----------------- Invoking toplevel() on ptolemy.moml.MoMLSimpleApplication@720f22bd
----------------- Done invoking toplevel() on ptolemy.moml.MoMLSimpleApplication@720f22bd
reloadAllAccessors: .RunCompositeActor

===========================================================================================
----------------- testing Mon Sep 30 05:50:28 UTC 2019 /home/travis/build/icyphy/ptII/ptolemy/actor/lib/hoc/test/auto/RunCompositeActor2.xml
----------------- Instantiating /home/travis/build/icyphy/ptII/ptolemy/actor/lib/hoc/test/auto/RunCompositeActor2.xml
7 ms. Memory: 152576K Free: 69592K (46%)
----------------- Invoking toplevel() on ptolemy.moml.MoMLSimpleApplication@344eaf6b
----------------- Done invoking toplevel() on ptolemy.moml.MoMLSimpleApplication@344eaf6b
reloadAllAccessors: .RunCompositeActor2

===========================================================================================
----------------- testing Mon Sep 30 05:50:28 UTC 2019 /home/travis/build/icyphy/ptII/ptolemy/actor/lib/hoc/test/auto/RunCompositeActor3.xml
----------------- Instantiating /home/travis/build/icyphy/ptII/ptolemy/actor/lib/hoc/test/auto/RunCompositeActor3.xml
3 ms. Memory: 152576K Free: 63987K (42%)
----------------- Invoking toplevel() on ptolemy.moml.MoMLSimpleApplication@4544cfa4
----------------- Done invoking toplevel() on ptolemy.moml.MoMLSimpleApplication@4544cfa4
reloadAllAccessors: .RunCompositeActor3

===========================================================================================
----------------- testing Mon Sep 30 05:50:28 UTC 2019 /home/travis/build/icyphy/ptII/ptolemy/actor/lib/hoc/test/auto/RunCompositeActor4.xml
----------------- Instantiating /home/travis/build/icyphy/ptII/ptolemy/actor/lib/hoc/test/auto/RunCompositeActor4.xml
20 ms. Memory: 152576K Free: 56243K (37%)
----------------- Invoking toplevel() on ptolemy.moml.MoMLSimpleApplication@5e1f7a03
----------------- Done invoking toplevel() on ptolemy.moml.MoMLSimpleApplication@5e1f7a03
reloadAllAccessors: .RunCompositeActor4

===========================================================================================
----------------- testing Mon Sep 30 05:50:28 UTC 2019 /home/travis/build/icyphy/ptII/ptolemy/actor/lib/hoc/test/auto/RunCompositeIterateOverArray.xml
----------------- Instantiating /home/travis/build/icyphy/ptII/ptolemy/actor/lib/hoc/test/auto/RunCompositeIterateOverArray.xml
5 ms. Memory: 152576K Free: 50208K (33%)
----------------- Invoking toplevel() on ptolemy.moml.MoMLSimpleApplication@745be34e
----------------- Done invoking toplevel() on ptolemy.moml.MoMLSimpleApplication@745be34e
reloadAllAccessors: .RunCompositeIterateOverArray

===========================================================================================
----------------- testing Mon Sep 30 05:50:29 UTC 2019 /home/travis/build/icyphy/ptII/ptolemy/actor/lib/hoc/test/auto/ThreadedJS.xml
----------------- Instantiating /home/travis/build/icyphy/ptII/ptolemy/actor/lib/hoc/test/auto/ThreadedJS.xml
6165 ms. Memory: 220160K Free: 94720K (43%)
----------------- Invoking toplevel() on ptolemy.moml.MoMLSimpleApplication@462a8ea3
----------------- Done invoking toplevel() on ptolemy.moml.MoMLSimpleApplication@462a8ea3
reloadAllAccessors: .ThreadedJS
AutoTests.java: About to close Vertx.
AutoTests.java: Vertx closed.
]]></system-out>
  <system-err><![CDATA[java.lang.RuntimeException: Execution failed
	at ptolemy.moml.MoMLSimpleApplication$UnloadThread.run(MoMLSimpleApplication.java:402)
Caused by: ptolemy.kernel.util.IllegalActionException: initialize() was called after wrapup() was called but preinitialize() was not called after wrapup().
	at ptolemy.actor.lib.hoc.test.PreinitializeMustBeInvoked.initialize(PreinitializeMustBeInvoked.java:78)
	at ptolemy.actor.Director.initialize(Director.java:938)
	at ptolemy.actor.Director.initialize(Director.java:907)
	at ptolemy.actor.sched.StaticSchedulingDirector.initialize(StaticSchedulingDirector.java:159)
	at ptolemy.domains.sdf.kernel.SDFDirector.initialize(SDFDirector.java:544)
	at ptolemy.actor.CompositeActor.initialize(CompositeActor.java:935)
	at ptolemy.actor.lib.hoc.LifeCycleManager._executeInsideModel(LifeCycleManager.java:339)
	at ptolemy.actor.lib.hoc.RunCompositeActor.fire(RunCompositeActor.java:205)
	at ptolemy.actor.CompositeActor.iterate(CompositeActor.java:1146)
	at ptolemy.actor.sched.StaticSchedulingDirector.fire(StaticSchedulingDirector.java:216)
	at ptolemy.domains.sdf.kernel.SDFDirector.fire(SDFDirector.java:500)
	at ptolemy.actor.CompositeActor.fire(CompositeActor.java:455)
	at ptolemy.actor.Manager.iterate(Manager.java:851)
	at ptolemy.actor.Manager.execute(Manager.java:369)
	at ptolemy.actor.Manager.run(Manager.java:1263)
	at ptolemy.actor.Manager$PtolemyRunThread.run(Manager.java:1933)
java.lang.reflect.InvocationTargetException
	at java.base/jdk.internal.reflect.NativeConstructorAccessorImpl.newInstance0(Native Method)
	at java.base/jdk.internal.reflect.NativeConstructorAccessorImpl.newInstance(NativeConstructorAccessorImpl.java:62)
	at java.base/jdk.internal.reflect.DelegatingConstructorAccessorImpl.newInstance(DelegatingConstructorAccessorImpl.java:45)
	at java.base/java.lang.reflect.Constructor.newInstance(Constructor.java:490)
	at ptolemy.util.test.junit.AutoKnownFailedTests.RunModel(AutoKnownFailedTests.java:105)
	at java.base/jdk.internal.reflect.NativeMethodAccessorImpl.invoke0(Native Method)
	at java.base/jdk.internal.reflect.NativeMethodAccessorImpl.invoke(NativeMethodAccessorImpl.java:62)
	at java.base/jdk.internal.reflect.DelegatingMethodAccessorImpl.invoke(DelegatingMethodAccessorImpl.java:43)
	at java.base/java.lang.reflect.Method.invoke(Method.java:566)
	at org.junit.runners.model.FrameworkMethod$1.runReflectiveCall(FrameworkMethod.java:44)
	at org.junit.internal.runners.model.ReflectiveCallable.run(ReflectiveCallable.java:15)
	at org.junit.runners.model.FrameworkMethod.invokeExplosively(FrameworkMethod.java:41)
	at junitparams.internal.InvokeParameterisedMethod.evaluate(InvokeParameterisedMethod.java:102)
	at org.junit.internal.runners.statements.FailOnTimeout$1.run(FailOnTimeout.java:28)
Caused by: ptolemy.kernel.util.IllegalActionException: initialize() was called after wrapup() was called but preinitialize() was not called after wrapup().
	at ptolemy.actor.lib.hoc.test.PreinitializeMustBeInvoked.initialize(PreinitializeMustBeInvoked.java:78)
	at ptolemy.actor.Director.initialize(Director.java:938)
	at ptolemy.actor.Director.initialize(Director.java:907)
	at ptolemy.actor.sched.StaticSchedulingDirector.initialize(StaticSchedulingDirector.java:159)
	at ptolemy.domains.sdf.kernel.SDFDirector.initialize(SDFDirector.java:544)
	at ptolemy.actor.CompositeActor.initialize(CompositeActor.java:935)
	at ptolemy.actor.lib.hoc.LifeCycleManager._executeInsideModel(LifeCycleManager.java:339)
	at ptolemy.actor.lib.hoc.RunCompositeActor.fire(RunCompositeActor.java:205)
	at ptolemy.actor.CompositeActor.iterate(CompositeActor.java:1146)
	at ptolemy.actor.sched.StaticSchedulingDirector.fire(StaticSchedulingDirector.java:216)
	at ptolemy.domains.sdf.kernel.SDFDirector.fire(SDFDirector.java:500)
	at ptolemy.actor.CompositeActor.fire(CompositeActor.java:455)
	at ptolemy.actor.Manager.iterate(Manager.java:851)
	at ptolemy.actor.Manager.execute(Manager.java:369)
	at ptolemy.actor.Manager.run(Manager.java:1263)
	at ptolemy.actor.Manager$PtolemyRunThread.run(Manager.java:1933)
Warning: Nashorn engine is planned to be removed from a future JDK release
Warning: Nashorn engine is planned to be removed from a future JDK release
Warning: Nashorn engine is planned to be removed from a future JDK release
Warning: Nashorn engine is planned to be removed from a future JDK release
Warning: Nashorn engine is planned to be removed from a future JDK release
Warning: Nashorn engine is planned to be removed from a future JDK release
Warning: Nashorn engine is planned to be removed from a future JDK release
Warning: Nashorn engine is planned to be removed from a future JDK release
]]></system-err>
</testsuite>
