<?xml version="1.0" encoding="UTF-8" ?>
<testsuite errors="0" failures="0" hostname="travis-job-56dca8fc-7f74-4ca1-b8a3-c7ab18df033e" name="ptolemy.domains.de.test.junit.JUnitTclTest" skipped="0" tests="101" time="132.314" timestamp="2020-08-04T15:18:29">
  <properties>
[...]
</properties>
  <testcase classname="ptolemy.util.test.junit.TclTests" name="[0] /home/travis/build/icyphy/ptII/ptolemy/domains/de/test/DependencyLoop.tcl (RunTclFile)" time="1.047" />
  <testcase classname="ptolemy.util.test.junit.TclTests" name="[1] /home/travis/build/icyphy/ptII/ptolemy/domains/de/test/RunDETestsAsQSS.tcl (RunTclFile)" time="89.377" />
  <testcase classname="ptolemy.util.test.junit.AutoKnownFailedTests" name="[0] /home/travis/build/icyphy/ptII/ptolemy/domains/de/test/auto/knownFailedTests/DESDFClockTest.xml (RunModel)" time="2.036" />
  <testcase classname="ptolemy.util.test.junit.AutoKnownFailedTests" name="[1] /home/travis/build/icyphy/ptII/ptolemy/domains/de/test/auto/knownFailedTests/DirectFeedback.xml (RunModel)" time="0.015" />
  <testcase classname="ptolemy.util.test.junit.AutoKnownFailedTests" name="[2] /home/travis/build/icyphy/ptII/ptolemy/domains/de/test/auto/knownFailedTests/FSMSource.xml (RunModel)" time="0.047" />
  <testcase classname="ptolemy.util.test.junit.AutoKnownFailedTests" name="[3] /home/travis/build/icyphy/ptII/ptolemy/domains/de/test/auto/knownFailedTests/HierarchicalModel.xml (RunModel)" time="0.044" />
  <testcase classname="ptolemy.util.test.junit.AutoKnownFailedTests" name="[4] /home/travis/build/icyphy/ptII/ptolemy/domains/de/test/auto/knownFailedTests/dependencyLoop.xml (RunModel)" time="0.038" />
  <testcase classname="ptolemy.util.test.junit.AutoKnownFailedTests" name="[5] /home/travis/build/icyphy/ptII/ptolemy/domains/de/test/auto/knownFailedTests/dependencyLoop2.xml (RunModel)" time="0.047" />
  <testcase classname="ptolemy.util.test.junit.AutoNameArchTests" name="[0] ThereAreNoAutoArchTests (RunModel)" time="0.002" />
  <testcase classname="ptolemy.util.test.junit.AutoTests" name="[0] /home/travis/build/icyphy/ptII/ptolemy/domains/de/test/auto/ActorDepthCalculation_actorWithoutPorts.xml (RunModel)" time="0.022" />
  <testcase classname="ptolemy.util.test.junit.AutoTests" name="[1] /home/travis/build/icyphy/ptII/ptolemy/domains/de/test/auto/AssemblyLine.xml (RunModel)" time="0.022" />
  <testcase classname="ptolemy.util.test.junit.AutoTests" name="[2] /home/travis/build/icyphy/ptII/ptolemy/domains/de/test/auto/CQBug1.xml (RunModel)" time="0.013" />
  <testcase classname="ptolemy.util.test.junit.AutoTests" name="[3] /home/travis/build/icyphy/ptII/ptolemy/domains/de/test/auto/CancelFireAt.xml (RunModel)" time="0.014" />
  <testcase classname="ptolemy.util.test.junit.AutoTests" name="[4] /home/travis/build/icyphy/ptII/ptolemy/domains/de/test/auto/CausalityAndComposabilityAnalysis.xml (RunModel)" time="0.013" />
  <testcase classname="ptolemy.util.test.junit.AutoTests" name="[5] /home/travis/build/icyphy/ptII/ptolemy/domains/de/test/auto/CausalityInterface1.xml (RunModel)" time="0.014" />
  <testcase classname="ptolemy.util.test.junit.AutoTests" name="[6] /home/travis/build/icyphy/ptII/ptolemy/domains/de/test/auto/CausalityInterface15.xml (RunModel)" time="0.018" />
  <testcase classname="ptolemy.util.test.junit.AutoTests" name="[7] /home/travis/build/icyphy/ptII/ptolemy/domains/de/test/auto/CausalityInterface2.xml (RunModel)" time="0.012" />
  <testcase classname="ptolemy.util.test.junit.AutoTests" name="[8] /home/travis/build/icyphy/ptII/ptolemy/domains/de/test/auto/CausalityInterface3.xml (RunModel)" time="0.015" />
  <testcase classname="ptolemy.util.test.junit.AutoTests" name="[9] /home/travis/build/icyphy/ptII/ptolemy/domains/de/test/auto/ClockDrift.xml (RunModel)" time="0.046" />
  <testcase classname="ptolemy.util.test.junit.AutoTests" name="[10] /home/travis/build/icyphy/ptII/ptolemy/domains/de/test/auto/ClockDriftAndValueChange.xml (RunModel)" time="0.036" />
  <testcase classname="ptolemy.util.test.junit.AutoTests" name="[11] /home/travis/build/icyphy/ptII/ptolemy/domains/de/test/auto/ClockDriftChange.xml (RunModel)" time="0.036" />
  <testcase classname="ptolemy.util.test.junit.AutoTests" name="[12] /home/travis/build/icyphy/ptII/ptolemy/domains/de/test/auto/ComposableCausalityAnalysis.xml (RunModel)" time="0.018" />
  <testcase classname="ptolemy.util.test.junit.AutoTests" name="[13] /home/travis/build/icyphy/ptII/ptolemy/domains/de/test/auto/DEFixedPointLimitation.xml (RunModel)" time="0.018" />
  <testcase classname="ptolemy.util.test.junit.AutoTests" name="[14] /home/travis/build/icyphy/ptII/ptolemy/domains/de/test/auto/DEScheduleTest.xml (RunModel)" time="0.014" />
  <testcase classname="ptolemy.util.test.junit.AutoTests" name="[15] /home/travis/build/icyphy/ptII/ptolemy/domains/de/test/auto/DEinDEwithStartTimes.xml (RunModel)" time="0.016" />
  <testcase classname="ptolemy.util.test.junit.AutoTests" name="[16] /home/travis/build/icyphy/ptII/ptolemy/domains/de/test/auto/DEinDEwithStartTimes2.xml (RunModel)" time="0.017" />
  <testcase classname="ptolemy.util.test.junit.AutoTests" name="[17] /home/travis/build/icyphy/ptII/ptolemy/domains/de/test/auto/DateDemo.xml (RunModel)" time="0.041" />
  <testcase classname="ptolemy.util.test.junit.AutoTests" name="[18] /home/travis/build/icyphy/ptII/ptolemy/domains/de/test/auto/DateToEvent.xml (RunModel)" time="2.047" />
  <testcase classname="ptolemy.util.test.junit.AutoTests" name="[19] /home/travis/build/icyphy/ptII/ptolemy/domains/de/test/auto/DepthTest1.xml (RunModel)" time="0.013" />
  <testcase classname="ptolemy.util.test.junit.AutoTests" name="[20] /home/travis/build/icyphy/ptII/ptolemy/domains/de/test/auto/DepthTest2.xml (RunModel)" time="0.022" />
  <testcase classname="ptolemy.util.test.junit.AutoTests" name="[21] /home/travis/build/icyphy/ptII/ptolemy/domains/de/test/auto/DepthTest3.xml (RunModel)" time="0.01" />
  <testcase classname="ptolemy.util.test.junit.AutoTests" name="[22] /home/travis/build/icyphy/ptII/ptolemy/domains/de/test/auto/DepthTest4.xml (RunModel)" time="0.023" />
  <testcase classname="ptolemy.util.test.junit.AutoTests" name="[23] /home/travis/build/icyphy/ptII/ptolemy/domains/de/test/auto/DepthTest5.xml (RunModel)" time="0.029" />
  <testcase classname="ptolemy.util.test.junit.AutoTests" name="[24] /home/travis/build/icyphy/ptII/ptolemy/domains/de/test/auto/DepthTest6.xml (RunModel)" time="0.018" />
  <testcase classname="ptolemy.util.test.junit.AutoTests" name="[25] /home/travis/build/icyphy/ptII/ptolemy/domains/de/test/auto/DepthTest7.xml (RunModel)" time="0.018" />
  <testcase classname="ptolemy.util.test.junit.AutoTests" name="[26] /home/travis/build/icyphy/ptII/ptolemy/domains/de/test/auto/EventToDate.xml (RunModel)" time="3.046" />
  <testcase classname="ptolemy.util.test.junit.AutoTests" name="[27] /home/travis/build/icyphy/ptII/ptolemy/domains/de/test/auto/FSM1.xml (RunModel)" time="0.052" />
  <testcase classname="ptolemy.util.test.junit.AutoTests" name="[28] /home/travis/build/icyphy/ptII/ptolemy/domains/de/test/auto/FSM7.xml (RunModel)" time="0.032" />
  <testcase classname="ptolemy.util.test.junit.AutoTests" name="[29] /home/travis/build/icyphy/ptII/ptolemy/domains/de/test/auto/Inspection.xml (RunModel)" time="0.043" />
  <testcase classname="ptolemy.util.test.junit.AutoTests" name="[30] /home/travis/build/icyphy/ptII/ptolemy/domains/de/test/auto/Iteration.xml (RunModel)" time="0.028" />
  <testcase classname="ptolemy.util.test.junit.AutoTests" name="[31] /home/travis/build/icyphy/ptII/ptolemy/domains/de/test/auto/LineFault.xml (RunModel)" time="0.571" />
  <testcase classname="ptolemy.util.test.junit.AutoTests" name="[32] /home/travis/build/icyphy/ptII/ptolemy/domains/de/test/auto/MergeModel1Add.xml (RunModel)" time="0.056" />
  <testcase classname="ptolemy.util.test.junit.AutoTests" name="[33] /home/travis/build/icyphy/ptII/ptolemy/domains/de/test/auto/MergeModel2Add.xml (RunModel)" time="0.038" />
  <testcase classname="ptolemy.util.test.junit.AutoTests" name="[34] /home/travis/build/icyphy/ptII/ptolemy/domains/de/test/auto/MergeModel3Add.xml (RunModel)" time="0.044" />
  <testcase classname="ptolemy.util.test.junit.AutoTests" name="[35] /home/travis/build/icyphy/ptII/ptolemy/domains/de/test/auto/MergeWithoutDiscard.xml (RunModel)" time="0.014" />
  <testcase classname="ptolemy.util.test.junit.AutoTests" name="[36] /home/travis/build/icyphy/ptII/ptolemy/domains/de/test/auto/Modal1.xml (RunModel)" time="0.036" />
  <testcase classname="ptolemy.util.test.junit.AutoTests" name="[37] /home/travis/build/icyphy/ptII/ptolemy/domains/de/test/auto/Modal2.xml (RunModel)" time="0.033" />
  <testcase classname="ptolemy.util.test.junit.AutoTests" name="[38] /home/travis/build/icyphy/ptII/ptolemy/domains/de/test/auto/Modal3.xml (RunModel)" time="0.037" />
  <testcase classname="ptolemy.util.test.junit.AutoTests" name="[39] /home/travis/build/icyphy/ptII/ptolemy/domains/de/test/auto/Modal4.xml (RunModel)" time="0.032" />
  <testcase classname="ptolemy.util.test.junit.AutoTests" name="[40] /home/travis/build/icyphy/ptII/ptolemy/domains/de/test/auto/Modal5.xml (RunModel)" time="0.038" />
  <testcase classname="ptolemy.util.test.junit.AutoTests" name="[41] /home/travis/build/icyphy/ptII/ptolemy/domains/de/test/auto/Modal6.xml (RunModel)" time="0.028" />
  <testcase classname="ptolemy.util.test.junit.AutoTests" name="[42] /home/travis/build/icyphy/ptII/ptolemy/domains/de/test/auto/Modal7.xml (RunModel)" time="0.033" />
  <testcase classname="ptolemy.util.test.junit.AutoTests" name="[43] /home/travis/build/icyphy/ptII/ptolemy/domains/de/test/auto/ModalModel.xml (RunModel)" time="0.158" />
  <testcase classname="ptolemy.util.test.junit.AutoTests" name="[44] /home/travis/build/icyphy/ptII/ptolemy/domains/de/test/auto/ModalSource.xml (RunModel)" time="0.024" />
  <testcase classname="ptolemy.util.test.junit.AutoTests" name="[45] /home/travis/build/icyphy/ptII/ptolemy/domains/de/test/auto/NonInterruptibleTimerZeroDelay.xml (RunModel)" time="0.013" />
  <testcase classname="ptolemy.util.test.junit.AutoTests" name="[46] /home/travis/build/icyphy/ptII/ptolemy/domains/de/test/auto/OpenQueueingNetwork.xml (RunModel)" time="2.689" />
  <testcase classname="ptolemy.util.test.junit.AutoTests" name="[47] /home/travis/build/icyphy/ptII/ptolemy/domains/de/test/auto/OpenQueuingNetwork.xml (RunModel)" time="0.278" />
  <testcase classname="ptolemy.util.test.junit.AutoTests" name="[48] /home/travis/build/icyphy/ptII/ptolemy/domains/de/test/auto/PeriodicSampler.xml (RunModel)" time="0.008" />
  <testcase classname="ptolemy.util.test.junit.AutoTests" name="[49] /home/travis/build/icyphy/ptII/ptolemy/domains/de/test/auto/PersistentIO.xml (RunModel)" time="0.023" />
  <testcase classname="ptolemy.util.test.junit.AutoTests" name="[50] /home/travis/build/icyphy/ptII/ptolemy/domains/de/test/auto/PortParameterResetOnInitialize.xml (RunModel)" time="0.014" />
  <testcase classname="ptolemy.util.test.junit.AutoTests" name="[51] /home/travis/build/icyphy/ptII/ptolemy/domains/de/test/auto/PortParameterUpdates.xml (RunModel)" time="0.013" />
  <testcase classname="ptolemy.util.test.junit.AutoTests" name="[52] /home/travis/build/icyphy/ptII/ptolemy/domains/de/test/auto/QueueAndServer.xml (RunModel)" time="0.028" />
  <testcase classname="ptolemy.util.test.junit.AutoTests" name="[53] /home/travis/build/icyphy/ptII/ptolemy/domains/de/test/auto/Records.xml (RunModel)" time="0.016" />
  <testcase classname="ptolemy.util.test.junit.AutoTests" name="[54] /home/travis/build/icyphy/ptII/ptolemy/domains/de/test/auto/ResetTransitionWithStartTime1.xml (RunModel)" time="0.023" />
  <testcase classname="ptolemy.util.test.junit.AutoTests" name="[55] /home/travis/build/icyphy/ptII/ptolemy/domains/de/test/auto/ResetTransitionWithStartTime2.xml (RunModel)" time="0.023" />
  <testcase classname="ptolemy.util.test.junit.AutoTests" name="[56] /home/travis/build/icyphy/ptII/ptolemy/domains/de/test/auto/ResetTransitionWithStartTime3.xml (RunModel)" time="0.026" />
  <testcase classname="ptolemy.util.test.junit.AutoTests" name="[57] /home/travis/build/icyphy/ptII/ptolemy/domains/de/test/auto/ResetTransitionWithStartTime4.xml (RunModel)" time="0.021" />
  <testcase classname="ptolemy.util.test.junit.AutoTests" name="[58] /home/travis/build/icyphy/ptII/ptolemy/domains/de/test/auto/ResettableTimer1.xml (RunModel)" time="0.011" />
  <testcase classname="ptolemy.util.test.junit.AutoTests" name="[59] /home/travis/build/icyphy/ptII/ptolemy/domains/de/test/auto/ResettableTimer2.xml (RunModel)" time="0.01" />
  <testcase classname="ptolemy.util.test.junit.AutoTests" name="[60] /home/travis/build/icyphy/ptII/ptolemy/domains/de/test/auto/ResettableTimer3.xml (RunModel)" time="0.011" />
  <testcase classname="ptolemy.util.test.junit.AutoTests" name="[61] /home/travis/build/icyphy/ptII/ptolemy/domains/de/test/auto/ResettableTimer4.xml (RunModel)" time="0.01" />
  <testcase classname="ptolemy.util.test.junit.AutoTests" name="[62] /home/travis/build/icyphy/ptII/ptolemy/domains/de/test/auto/ResettableTimer5.xml (RunModel)" time="0.012" />
  <testcase classname="ptolemy.util.test.junit.AutoTests" name="[63] /home/travis/build/icyphy/ptII/ptolemy/domains/de/test/auto/ResettableTimer6.xml (RunModel)" time="0.018" />
  <testcase classname="ptolemy.util.test.junit.AutoTests" name="[64] /home/travis/build/icyphy/ptII/ptolemy/domains/de/test/auto/ServerZeroDelay.xml (RunModel)" time="0.017" />
  <testcase classname="ptolemy.util.test.junit.AutoTests" name="[65] /home/travis/build/icyphy/ptII/ptolemy/domains/de/test/auto/SmartSender.xml (RunModel)" time="3.01" />
  <testcase classname="ptolemy.util.test.junit.AutoTests" name="[66] /home/travis/build/icyphy/ptII/ptolemy/domains/de/test/auto/ThreadedComposite.xml (RunModel)" time="0.115" />
  <testcase classname="ptolemy.util.test.junit.AutoTests" name="[67] /home/travis/build/icyphy/ptII/ptolemy/domains/de/test/auto/Time.xml (RunModel)" time="0.392" />
  <testcase classname="ptolemy.util.test.junit.AutoTests" name="[68] /home/travis/build/icyphy/ptII/ptolemy/domains/de/test/auto/TimeDelayZeroDelay.xml (RunModel)" time="0.012" />
  <testcase classname="ptolemy.util.test.junit.AutoTests" name="[69] /home/travis/build/icyphy/ptII/ptolemy/domains/de/test/auto/TimerZeroDelay.xml (RunModel)" time="0.011" />
  <testcase classname="ptolemy.util.test.junit.AutoTests" name="[70] /home/travis/build/icyphy/ptII/ptolemy/domains/de/test/auto/TimingParadox.xml (RunModel)" time="0.336" />
  <testcase classname="ptolemy.util.test.junit.AutoTests" name="[71] /home/travis/build/icyphy/ptII/ptolemy/domains/de/test/auto/TransferInputs.xml (RunModel)" time="0.011" />
  <testcase classname="ptolemy.util.test.junit.AutoTests" name="[72] /home/travis/build/icyphy/ptII/ptolemy/domains/de/test/auto/TransferOutputs2.xml (RunModel)" time="0.043" />
  <testcase classname="ptolemy.util.test.junit.AutoTests" name="[73] /home/travis/build/icyphy/ptII/ptolemy/domains/de/test/auto/Trilateration.xml (RunModel)" time="13.072" />
  <testcase classname="ptolemy.util.test.junit.AutoTests" name="[74] /home/travis/build/icyphy/ptII/ptolemy/domains/de/test/auto/TwoSigmaDelta.xml (RunModel)" time="1.817" />
  <testcase classname="ptolemy.util.test.junit.AutoTests" name="[75] /home/travis/build/icyphy/ptII/ptolemy/domains/de/test/auto/VariableDelay.xml (RunModel)" time="0.013" />
  <testcase classname="ptolemy.util.test.junit.AutoTests" name="[76] /home/travis/build/icyphy/ptII/ptolemy/domains/de/test/auto/VariableDelay2.xml (RunModel)" time="0.014" />
  <testcase classname="ptolemy.util.test.junit.AutoTests" name="[77] /home/travis/build/icyphy/ptII/ptolemy/domains/de/test/auto/VariableDelayZeroDelay.xml (RunModel)" time="0.016" />
  <testcase classname="ptolemy.util.test.junit.AutoTests" name="[78] /home/travis/build/icyphy/ptII/ptolemy/domains/de/test/auto/VariableDelayZeroDelay2.xml (RunModel)" time="0.011" />
  <testcase classname="ptolemy.util.test.junit.AutoTests" name="[79] /home/travis/build/icyphy/ptII/ptolemy/domains/de/test/auto/deInCt.xml (RunModel)" time="0.014" />
  <testcase classname="ptolemy.util.test.junit.AutoTests" name="[80] /home/travis/build/icyphy/ptII/ptolemy/domains/de/test/auto/deInCt2.xml (RunModel)" time="0.023" />
  <testcase classname="ptolemy.util.test.junit.AutoTests" name="[81] /home/travis/build/icyphy/ptII/ptolemy/domains/de/test/auto/dynamicCausalityInterface1.xml (RunModel)" time="0.036" />
  <testcase classname="ptolemy.util.test.junit.AutoTests" name="[82] /home/travis/build/icyphy/ptII/ptolemy/domains/de/test/auto/fsm_de_test.xml (RunModel)" time="0.035" />
  <testcase classname="ptolemy.util.test.junit.AutoTests" name="[83] /home/travis/build/icyphy/ptII/ptolemy/domains/de/test/auto/functionDependencyReconstruction.xml (RunModel)" time="0.049" />
  <testcase classname="ptolemy.util.test.junit.AutoTests" name="[84] /home/travis/build/icyphy/ptII/ptolemy/domains/de/test/auto/multirate.xml (RunModel)" time="0.03" />
  <testcase classname="ptolemy.util.test.junit.AutoTests" name="[85] /home/travis/build/icyphy/ptII/ptolemy/domains/de/test/auto/multirate2.xml (RunModel)" time="0.016" />
  <testcase classname="ptolemy.util.test.junit.AutoTests" name="[86] /home/travis/build/icyphy/ptII/ptolemy/domains/de/test/auto/realtime.xml (RunModel)" time="10.011" />
  <testcase classname="ptolemy.util.test.junit.AutoTests" name="[87] /home/travis/build/icyphy/ptII/ptolemy/domains/de/test/auto/relationGroup.xml (RunModel)" time="0.01" />
  <testcase classname="ptolemy.util.test.junit.AutoTests" name="[88] /home/travis/build/icyphy/ptII/ptolemy/domains/de/test/auto/relationGroup2.xml (RunModel)" time="0.007" />
  <testcase classname="ptolemy.util.test.junit.AutoTests" name="[89] /home/travis/build/icyphy/ptII/ptolemy/domains/de/test/auto/sortWithOpaquePorts.xml (RunModel)" time="0.007" />
  <testcase classname="ptolemy.util.test.junit.AutoTests" name="[90] /home/travis/build/icyphy/ptII/ptolemy/domains/de/test/auto/transferInputsandOutputs.xml (RunModel)" time="0.013" />
  <testcase classname="ptolemy.util.test.junit.AutoTests" name="[91] /home/travis/build/icyphy/ptII/ptolemy/domains/de/test/auto/triggerType.xml (RunModel)" time="0.007" />
  <system-out><![CDATA[/home/travis/build/icyphy/ptII/ptolemy/domains/de/test/DependencyLoop.tcl
testDefs.tcl: setting time out to 9000 seconds at Tue Aug 04 15:18:30 UTC 2020
74 ms. Memory: 129024K Free: 78791K (61%)
12 ms. Memory: 129024K Free: 61383K (48%)
/home/travis/build/icyphy/ptII/ptolemy/domains/de/test/RunDETestsAsQSS.tcl
Run the DE tests using ptolemy.domains.qss.test.QSSDirectorTest, which extends QSSDirector and prints a message in the constructors.
------------------ testing $PTII/ptolemy/domains/de/test/auto/knownFailedTests/DirectFeedback.xml (Known Failure) 
76 ms. Memory: 129024K Free: 56263K (44%)


==== $PTIIhome/travis/build/icyphy/ptII/ptolemy/domains/de/test/../../../../: Auto Automatic test in file $PTII/ptolemy/domains/de/test/auto/knownFailedTests/DirectFeedback.xml
==== Contents of test case:

	    # FIXME: we should use $relativeFilename here, but it
	    # might have backslashes under Windows, which causes no end
	    # of trouble.
	    createAndExecute $file
	    list {}
	
.... Test generated KNOWN error:
    while executing
ptolemy.kernel.util.IllegalActionException: Test fails in iteration 1.
Value was: 1.0. Should have been: 2.0
  in .DirectFeedback.Test
	at ptolemy.actor.lib.Test.fire(Test.java:268)
	at ptolemy.domains.de.kernel.DEDirector._fire(DEDirector.java:1949)
	at ptolemy.domains.de.kernel.DEDirector.fire(DEDirector.java:502)
	at ptolemy.actor.CompositeActor.fire(CompositeActor.java:455)
	at ptolemy.actor.Manager.iterate(Manager.java:851)
	at ptolemy.actor.Manager.execute(Manager.java:369)
	at ptolemy.actor.Manager.run(Manager.java:1263)
	at ptolemy.actor.Manager$PtolemyRunThread.run(Manager.java:1933)

    while executing
ptolemy.kernel.util.IllegalActionException: Test fails in iteration 1.
Value was: 1.0. Should have been: 2.0
  in .DirectFeedback.Test
    while executing
"java::new ptolemy.moml.MoMLSimpleApplication $file
"
    (procedure "createAndExecute" line 2)
    invoked from within
"createAndExecute $file"
    ("uplevel" body line 5)
    invoked from within
"uplevel $contents_of_test"
------------------ testing $PTII/ptolemy/domains/de/test/auto/knownFailedTests/dependencyLoop.xml (Known Failure) 
16 ms. Memory: 129024K Free: 53191K (41%)


==== $PTIIhome/travis/build/icyphy/ptII/ptolemy/domains/de/test/../../../../: Auto Automatic test in file $PTII/ptolemy/domains/de/test/auto/knownFailedTests/dependencyLoop.xml
==== Contents of test case:

	    # FIXME: we should use $relativeFilename here, but it
	    # might have backslashes under Windows, which causes no end
	    # of trouble.
	    createAndExecute $file
	    list {}
	
.... Test generated KNOWN error:
    while executing
ptolemy.kernel.util.IllegalActionException: Found a zero delay loop containing .dependencyLoop.original
  in .dependencyLoop and .dependencyLoop.original
	at ptolemy.actor.util.CausalityInterfaceForComposites._computeOutputPortDepth(CausalityInterfaceForComposites.java:759)
	at ptolemy.actor.util.CausalityInterfaceForComposites._computeInputDepth(CausalityInterfaceForComposites.java:696)
	at ptolemy.actor.util.CausalityInterfaceForComposites._computeOutputPortDepth(CausalityInterfaceForComposites.java:765)
	at ptolemy.actor.util.CausalityInterfaceForComposites._computeInputDepth(CausalityInterfaceForComposites.java:696)
	at ptolemy.actor.util.CausalityInterfaceForComposites._computeOutputPortDepth(CausalityInterfaceForComposites.java:765)
	at ptolemy.actor.util.CausalityInterfaceForComposites._computeInputDepth(CausalityInterfaceForComposites.java:696)
	at ptolemy.actor.util.CausalityInterfaceForComposites._computeActorDepth(CausalityInterfaceForComposites.java:532)
	at ptolemy.actor.util.CausalityInterfaceForComposites.checkForCycles(CausalityInterfaceForComposites.java:96)
	at ptolemy.domains.de.kernel.DEDirector.preinitialize(DEDirector.java:1338)
	at ptolemy.actor.CompositeActor.preinitialize(CompositeActor.java:1828)
	at ptolemy.actor.Manager.preinitializeAndResolveTypes(Manager.java:1040)
	at ptolemy.actor.Manager.initialize(Manager.java:710)
	at ptolemy.actor.Manager.execute(Manager.java:356)
	at ptolemy.actor.Manager.run(Manager.java:1263)
	at ptolemy.actor.Manager$PtolemyRunThread.run(Manager.java:1933)

    while executing
ptolemy.kernel.util.IllegalActionException: Found a zero delay loop containing .dependencyLoop.original
  in .dependencyLoop and .dependencyLoop.original
    while executing
"java::new ptolemy.moml.MoMLSimpleApplication $file
"
    (procedure "createAndExecute" line 2)
    invoked from within
"createAndExecute $file"
    ("uplevel" body line 5)
    invoked from within
"uplevel $contents_of_test"
------------------ testing $PTII/ptolemy/domains/de/test/auto/knownFailedTests/FSMSource.xml (Known Failure) 
77 ms. Memory: 129024K Free: 111835K (87%)
!!!! Auto was marked as failing, but now passes
------------------ testing $PTII/ptolemy/domains/de/test/auto/knownFailedTests/HierarchicalModel.xml (Known Failure) 
7 ms. Memory: 129024K Free: 94464K (73%)


==== $PTIIhome/travis/build/icyphy/ptII/ptolemy/domains/de/test/../../../../: Auto Automatic test in file $PTII/ptolemy/domains/de/test/auto/knownFailedTests/HierarchicalModel.xml
==== Contents of test case:

	    # FIXME: we should use $relativeFilename here, but it
	    # might have backslashes under Windows, which causes no end
	    # of trouble.
	    createAndExecute $file
	    list {}
	
.... Test generated KNOWN error:
    while executing
ptolemy.kernel.util.IllegalActionException: Found a zero delay loop containing .HierarchicalModel.A
  in .HierarchicalModel and .HierarchicalModel.A
	at ptolemy.actor.util.CausalityInterfaceForComposites._computeOutputPortDepth(CausalityInterfaceForComposites.java:759)
	at ptolemy.actor.util.CausalityInterfaceForComposites._computeInputDepth(CausalityInterfaceForComposites.java:696)
	at ptolemy.actor.util.CausalityInterfaceForComposites._computeOutputPortDepth(CausalityInterfaceForComposites.java:765)
	at ptolemy.actor.util.CausalityInterfaceForComposites._computeInputDepth(CausalityInterfaceForComposites.java:696)
	at ptolemy.actor.util.CausalityInterfaceForComposites._computeOutputPortDepth(CausalityInterfaceForComposites.java:765)
	at ptolemy.actor.util.CausalityInterfaceForComposites._computeInputDepth(CausalityInterfaceForComposites.java:696)
	at ptolemy.actor.util.CausalityInterfaceForComposites._computeActorDepth(CausalityInterfaceForComposites.java:532)
	at ptolemy.actor.util.CausalityInterfaceForComposites.checkForCycles(CausalityInterfaceForComposites.java:96)
	at ptolemy.domains.de.kernel.DEDirector.preinitialize(DEDirector.java:1338)
	at ptolemy.actor.CompositeActor.preinitialize(CompositeActor.java:1828)
	at ptolemy.actor.Manager.preinitializeAndResolveTypes(Manager.java:1040)
	at ptolemy.actor.Manager.initialize(Manager.java:710)
	at ptolemy.actor.Manager.execute(Manager.java:356)
	at ptolemy.actor.Manager.run(Manager.java:1263)
	at ptolemy.actor.Manager$PtolemyRunThread.run(Manager.java:1933)

    while executing
ptolemy.kernel.util.IllegalActionException: Found a zero delay loop containing .HierarchicalModel.A
  in .HierarchicalModel and .HierarchicalModel.A
    while executing
"java::new ptolemy.moml.MoMLSimpleApplication $file
"
    (procedure "createAndExecute" line 2)
    invoked from within
"createAndExecute $file"
    ("uplevel" body line 5)
    invoked from within
"uplevel $contents_of_test"
------------------ testing $PTII/ptolemy/domains/de/test/auto/knownFailedTests/dependencyLoop2.xml (Known Failure) 
7 ms. Memory: 129024K Free: 78358K (61%)


==== $PTIIhome/travis/build/icyphy/ptII/ptolemy/domains/de/test/../../../../: Auto Automatic test in file $PTII/ptolemy/domains/de/test/auto/knownFailedTests/dependencyLoop2.xml
==== Contents of test case:

	    # FIXME: we should use $relativeFilename here, but it
	    # might have backslashes under Windows, which causes no end
	    # of trouble.
	    createAndExecute $file
	    list {}
	
.... Test generated KNOWN error:
    while executing
ptolemy.kernel.util.IllegalActionException: Found a zero delay loop containing .dependencyLoop2.original
  in .dependencyLoop2 and .dependencyLoop2.original
	at ptolemy.actor.util.CausalityInterfaceForComposites._computeOutputPortDepth(CausalityInterfaceForComposites.java:759)
	at ptolemy.actor.util.CausalityInterfaceForComposites._computeInputDepth(CausalityInterfaceForComposites.java:696)
	at ptolemy.actor.util.CausalityInterfaceForComposites._computeOutputPortDepth(CausalityInterfaceForComposites.java:765)
	at ptolemy.actor.util.CausalityInterfaceForComposites._computeInputDepth(CausalityInterfaceForComposites.java:696)
	at ptolemy.actor.util.CausalityInterfaceForComposites._computeOutputPortDepth(CausalityInterfaceForComposites.java:765)
	at ptolemy.actor.util.CausalityInterfaceForComposites._computeInputDepth(CausalityInterfaceForComposites.java:696)
	at ptolemy.actor.util.CausalityInterfaceForComposites._computeActorDepth(CausalityInterfaceForComposites.java:532)
	at ptolemy.actor.util.CausalityInterfaceForComposites.checkForCycles(CausalityInterfaceForComposites.java:96)
	at ptolemy.domains.de.kernel.DEDirector.preinitialize(DEDirector.java:1338)
	at ptolemy.actor.CompositeActor.preinitialize(CompositeActor.java:1828)
	at ptolemy.actor.Manager.preinitializeAndResolveTypes(Manager.java:1040)
	at ptolemy.actor.Manager.initialize(Manager.java:710)
	at ptolemy.actor.Manager.execute(Manager.java:356)
	at ptolemy.actor.Manager.run(Manager.java:1263)
	at ptolemy.actor.Manager$PtolemyRunThread.run(Manager.java:1933)

    while executing
ptolemy.kernel.util.IllegalActionException: Found a zero delay loop containing .dependencyLoop2.original
  in .dependencyLoop2 and .dependencyLoop2.original
    while executing
"java::new ptolemy.moml.MoMLSimpleApplication $file
"
    (procedure "createAndExecute" line 2)
    invoked from within
"createAndExecute $file"
    ("uplevel" body line 5)
    invoked from within
"uplevel $contents_of_test"
------------------ testing $PTII/ptolemy/domains/de/test/auto/knownFailedTests/DESDFClockTest.xml (Known Failure) 
2059 ms. Memory: 129024K Free: 107534K (83%)


==== $PTIIhome/travis/build/icyphy/ptII/ptolemy/domains/de/test/../../../../: Auto Automatic test in file $PTII/ptolemy/domains/de/test/auto/knownFailedTests/DESDFClockTest.xml
==== Contents of test case:

	    # FIXME: we should use $relativeFilename here, but it
	    # might have backslashes under Windows, which causes no end
	    # of trouble.
	    createAndExecute $file
	    list {}
	
.... Test generated KNOWN error:
    while executing
ptolemy.kernel.util.IllegalActionException: Actor is not ready to fire.  Perhaps UpSample.prefire() returned false? Try debugging the actor by selecting "Listen to Actor".  Also, for SDF check moml for tokenConsumptionRate on input.
  in .DESDFClockTest.Play Bell.Copy1:SDF Director and .DESDFClockTest.Play Bell.UpSample
	at ptolemy.actor.sched.StaticSchedulingDirector.fire(StaticSchedulingDirector.java:227)
	at ptolemy.domains.sdf.kernel.SDFDirector.fire(SDFDirector.java:500)
	at ptolemy.actor.CompositeActor.fire(CompositeActor.java:455)
	at ptolemy.domains.de.kernel.DEDirector._fire(DEDirector.java:1949)
	at ptolemy.domains.de.kernel.DEDirector.fire(DEDirector.java:502)
	at ptolemy.actor.CompositeActor.fire(CompositeActor.java:455)
	at ptolemy.actor.Manager.iterate(Manager.java:851)
	at ptolemy.actor.Manager.execute(Manager.java:369)
	at ptolemy.actor.Manager.run(Manager.java:1263)
	at ptolemy.actor.Manager$PtolemyRunThread.run(Manager.java:1933)

    while executing
ptolemy.kernel.util.IllegalActionException: Actor is not ready to fire.  Perhaps UpSample.prefire() returned false? Try debugging the actor by selecting "Listen to Actor".  Also, for SDF check moml for tokenConsumptionRate on input.
  in .DESDFClockTest.Play Bell.Copy1:SDF Director and .DESDFClockTest.Play Bell.UpSample
    while executing
"java::new ptolemy.moml.MoMLSimpleApplication $file
"
    (procedure "createAndExecute" line 2)
    invoked from within
"createAndExecute $file"
    ("uplevel" body line 5)
    invoked from within
"uplevel $contents_of_test"
------------------ testing $PTII/ptolemy/domains/de/test/auto/ActorDepthCalculation_actorWithoutPorts.xml
auto.tcl: Setting watchdog for 200 seconds at Tue Aug 04 15:18:34 UTC 2020
5 ms. Memory: 129024K Free: 99856K (77%)
ptolemy.util.test.WatchDog.cancel(): canceling Tue Aug 04 15:18:34 UTC 2020
auto.tcl: Setting watchdog for 200 seconds at Tue Aug 04 15:18:34 UTC 2020
7 ms. Memory: 129024K Free: 98832K (77%)
ptolemy.util.test.WatchDog.cancel(): canceling Tue Aug 04 15:18:34 UTC 2020
------------------ testing $PTII/ptolemy/domains/de/test/auto/AssemblyLine.xml
auto.tcl: Setting watchdog for 200 seconds at Tue Aug 04 15:18:34 UTC 2020
9 ms. Memory: 51200K Free: 27750K (54%)
ptolemy.util.test.WatchDog.cancel(): canceling Tue Aug 04 15:18:34 UTC 2020
auto.tcl: Setting watchdog for 200 seconds at Tue Aug 04 15:18:34 UTC 2020
16 ms. Memory: 51200K Free: 27255K (53%)
ptolemy.util.test.WatchDog.cancel(): canceling Tue Aug 04 15:18:34 UTC 2020
------------------ testing $PTII/ptolemy/domains/de/test/auto/CQBug1.xml
auto.tcl: Setting watchdog for 200 seconds at Tue Aug 04 15:18:34 UTC 2020
6 ms. Memory: 51200K Free: 33270K (65%)
ptolemy.util.test.WatchDog.cancel(): canceling Tue Aug 04 15:18:34 UTC 2020
auto.tcl: Setting watchdog for 200 seconds at Tue Aug 04 15:18:34 UTC 2020
2 ms. Memory: 51200K Free: 32800K (64%)
ptolemy.util.test.WatchDog.cancel(): canceling Tue Aug 04 15:18:34 UTC 2020
------------------ testing $PTII/ptolemy/domains/de/test/auto/CancelFireAt.xml
auto.tcl: Setting watchdog for 200 seconds at Tue Aug 04 15:18:34 UTC 2020
3 ms. Memory: 48128K Free: 31597K (66%)
ptolemy.util.test.WatchDog.cancel(): canceling Tue Aug 04 15:18:34 UTC 2020
auto.tcl: Setting watchdog for 200 seconds at Tue Aug 04 15:18:34 UTC 2020
1 ms. Memory: 48128K Free: 31130K (65%)
ptolemy.util.test.WatchDog.cancel(): canceling Tue Aug 04 15:18:34 UTC 2020
------------------ testing $PTII/ptolemy/domains/de/test/auto/CausalityAndComposabilityAnalysis.xml
auto.tcl: Setting watchdog for 200 seconds at Tue Aug 04 15:18:34 UTC 2020
8 ms. Memory: 48128K Free: 29397K (61%)
ptolemy.util.test.WatchDog.cancel(): canceling Tue Aug 04 15:18:34 UTC 2020
auto.tcl: Setting watchdog for 200 seconds at Tue Aug 04 15:18:34 UTC 2020
5 ms. Memory: 48128K Free: 28964K (60%)
ptolemy.util.test.WatchDog.cancel(): canceling Tue Aug 04 15:18:34 UTC 2020
------------------ testing $PTII/ptolemy/domains/de/test/auto/CausalityInterface1.xml
auto.tcl: Setting watchdog for 200 seconds at Tue Aug 04 15:18:34 UTC 2020
36 ms. Memory: 48128K Free: 28349K (59%)
ptolemy.util.test.WatchDog.cancel(): canceling Tue Aug 04 15:18:34 UTC 2020
auto.tcl: Setting watchdog for 200 seconds at Tue Aug 04 15:18:34 UTC 2020
4 ms. Memory: 48128K Free: 27367K (57%)
ptolemy.util.test.WatchDog.cancel(): canceling Tue Aug 04 15:18:34 UTC 2020
------------------ testing $PTII/ptolemy/domains/de/test/auto/CausalityInterface15.xml
auto.tcl: Setting watchdog for 200 seconds at Tue Aug 04 15:18:35 UTC 2020
7 ms. Memory: 48128K Free: 27899K (58%)
ptolemy.util.test.WatchDog.cancel(): canceling Tue Aug 04 15:18:35 UTC 2020
auto.tcl: Setting watchdog for 200 seconds at Tue Aug 04 15:18:35 UTC 2020
4 ms. Memory: 48128K Free: 27298K (57%)
ptolemy.util.test.WatchDog.cancel(): canceling Tue Aug 04 15:18:35 UTC 2020
------------------ testing $PTII/ptolemy/domains/de/test/auto/CausalityInterface2.xml
auto.tcl: Setting watchdog for 200 seconds at Tue Aug 04 15:18:35 UTC 2020
4 ms. Memory: 48128K Free: 29215K (61%)
ptolemy.util.test.WatchDog.cancel(): canceling Tue Aug 04 15:18:35 UTC 2020
auto.tcl: Setting watchdog for 200 seconds at Tue Aug 04 15:18:35 UTC 2020
11 ms. Memory: 48128K Free: 28302K (59%)
ptolemy.util.test.WatchDog.cancel(): canceling Tue Aug 04 15:18:35 UTC 2020
------------------ testing $PTII/ptolemy/domains/de/test/auto/CausalityInterface3.xml
auto.tcl: Setting watchdog for 200 seconds at Tue Aug 04 15:18:35 UTC 2020
5 ms. Memory: 48128K Free: 28507K (59%)
ptolemy.util.test.WatchDog.cancel(): canceling Tue Aug 04 15:18:35 UTC 2020
auto.tcl: Setting watchdog for 200 seconds at Tue Aug 04 15:18:35 UTC 2020
2 ms. Memory: 48128K Free: 27745K (58%)
ptolemy.util.test.WatchDog.cancel(): canceling Tue Aug 04 15:18:35 UTC 2020
------------------ testing $PTII/ptolemy/domains/de/test/auto/ClockDrift.xml
auto.tcl: Setting watchdog for 200 seconds at Tue Aug 04 15:18:35 UTC 2020
58 ms. Memory: 48128K Free: 20640K (43%)
ptolemy.util.test.WatchDog.cancel(): canceling Tue Aug 04 15:18:35 UTC 2020
auto.tcl: Setting watchdog for 200 seconds at Tue Aug 04 15:18:35 UTC 2020
46 ms. Memory: 48128K Free: 17678K (37%)
ptolemy.util.test.WatchDog.cancel(): canceling Tue Aug 04 15:18:35 UTC 2020
------------------ testing $PTII/ptolemy/domains/de/test/auto/ClockDriftAndValueChange.xml
auto.tcl: Setting watchdog for 200 seconds at Tue Aug 04 15:18:35 UTC 2020
46 ms. Memory: 48128K Free: 20957K (44%)
ptolemy.util.test.WatchDog.cancel(): canceling Tue Aug 04 15:18:35 UTC 2020
auto.tcl: Setting watchdog for 200 seconds at Tue Aug 04 15:18:35 UTC 2020
17 ms. Memory: 48128K Free: 17961K (37%)
ptolemy.util.test.WatchDog.cancel(): canceling Tue Aug 04 15:18:35 UTC 2020
------------------ testing $PTII/ptolemy/domains/de/test/auto/ClockDriftChange.xml
auto.tcl: Setting watchdog for 200 seconds at Tue Aug 04 15:18:35 UTC 2020
23 ms. Memory: 48128K Free: 23242K (48%)
ptolemy.util.test.WatchDog.cancel(): canceling Tue Aug 04 15:18:35 UTC 2020
auto.tcl: Setting watchdog for 200 seconds at Tue Aug 04 15:18:35 UTC 2020
27 ms. Memory: 48128K Free: 20664K (43%)
ptolemy.util.test.WatchDog.cancel(): canceling Tue Aug 04 15:18:35 UTC 2020
------------------ testing $PTII/ptolemy/domains/de/test/auto/ComposableCausalityAnalysis.xml
auto.tcl: Setting watchdog for 200 seconds at Tue Aug 04 15:18:35 UTC 2020
1 ms. Memory: 48128K Free: 27914K (58%)
ptolemy.util.test.WatchDog.cancel(): canceling Tue Aug 04 15:18:35 UTC 2020
auto.tcl: Setting watchdog for 200 seconds at Tue Aug 04 15:18:35 UTC 2020
4 ms. Memory: 48128K Free: 26835K (56%)
ptolemy.util.test.WatchDog.cancel(): canceling Tue Aug 04 15:18:35 UTC 2020
------------------ testing $PTII/ptolemy/domains/de/test/auto/DEFixedPointLimitation.xml
auto.tcl: Setting watchdog for 200 seconds at Tue Aug 04 15:18:35 UTC 2020
5 ms. Memory: 48128K Free: 29246K (61%)
ptolemy.util.test.WatchDog.cancel(): canceling Tue Aug 04 15:18:35 UTC 2020
auto.tcl: Setting watchdog for 200 seconds at Tue Aug 04 15:18:35 UTC 2020
2 ms. Memory: 48128K Free: 28319K (59%)
ptolemy.util.test.WatchDog.cancel(): canceling Tue Aug 04 15:18:35 UTC 2020
------------------ testing $PTII/ptolemy/domains/de/test/auto/DEScheduleTest.xml
auto.tcl: Setting watchdog for 200 seconds at Tue Aug 04 15:18:35 UTC 2020
8 ms. Memory: 48128K Free: 29528K (61%)
ptolemy.util.test.WatchDog.cancel(): canceling Tue Aug 04 15:18:35 UTC 2020
auto.tcl: Setting watchdog for 200 seconds at Tue Aug 04 15:18:35 UTC 2020
2 ms. Memory: 48128K Free: 28752K (60%)
ptolemy.util.test.WatchDog.cancel(): canceling Tue Aug 04 15:18:35 UTC 2020
------------------ testing $PTII/ptolemy/domains/de/test/auto/DEinDEwithStartTimes.xml
auto.tcl: Setting watchdog for 200 seconds at Tue Aug 04 15:18:36 UTC 2020
4 ms. Memory: 48128K Free: 27736K (58%)
ptolemy.util.test.WatchDog.cancel(): canceling Tue Aug 04 15:18:36 UTC 2020
auto.tcl: Setting watchdog for 200 seconds at Tue Aug 04 15:18:36 UTC 2020
4 ms. Memory: 48128K Free: 26655K (55%)
ptolemy.util.test.WatchDog.cancel(): canceling Tue Aug 04 15:18:36 UTC 2020
------------------ testing $PTII/ptolemy/domains/de/test/auto/DEinDEwithStartTimes2.xml
auto.tcl: Setting watchdog for 200 seconds at Tue Aug 04 15:18:36 UTC 2020
5 ms. Memory: 48128K Free: 26862K (56%)
ptolemy.util.test.WatchDog.cancel(): canceling Tue Aug 04 15:18:36 UTC 2020
auto.tcl: Setting watchdog for 200 seconds at Tue Aug 04 15:18:36 UTC 2020
4 ms. Memory: 48128K Free: 25609K (53%)
ptolemy.util.test.WatchDog.cancel(): canceling Tue Aug 04 15:18:36 UTC 2020
------------------ testing $PTII/ptolemy/domains/de/test/auto/DateDemo.xml
auto.tcl: Setting watchdog for 200 seconds at Tue Aug 04 15:18:36 UTC 2020
19 ms. Memory: 48128K Free: 21262K (44%)
ptolemy.util.test.WatchDog.cancel(): canceling Tue Aug 04 15:18:36 UTC 2020
auto.tcl: Setting watchdog for 200 seconds at Tue Aug 04 15:18:36 UTC 2020
10 ms. Memory: 48128K Free: 19670K (41%)
ptolemy.util.test.WatchDog.cancel(): canceling Tue Aug 04 15:18:36 UTC 2020
------------------ testing $PTII/ptolemy/domains/de/test/auto/DateToEvent.xml
auto.tcl: Setting watchdog for 200 seconds at Tue Aug 04 15:18:36 UTC 2020
2011 ms. Memory: 48128K Free: 16944K (35%)
ptolemy.util.test.WatchDog.cancel(): canceling Tue Aug 04 15:18:38 UTC 2020
auto.tcl: Setting watchdog for 200 seconds at Tue Aug 04 15:18:38 UTC 2020
2006 ms. Memory: 48128K Free: 16198K (34%)
ptolemy.util.test.WatchDog.cancel(): canceling Tue Aug 04 15:18:40 UTC 2020
------------------ testing $PTII/ptolemy/domains/de/test/auto/DepthTest1.xml
auto.tcl: Setting watchdog for 200 seconds at Tue Aug 04 15:18:40 UTC 2020
3 ms. Memory: 48128K Free: 29997K (62%)
ptolemy.util.test.WatchDog.cancel(): canceling Tue Aug 04 15:18:40 UTC 2020
auto.tcl: Setting watchdog for 200 seconds at Tue Aug 04 15:18:40 UTC 2020
2 ms. Memory: 48128K Free: 29614K (62%)
ptolemy.util.test.WatchDog.cancel(): canceling Tue Aug 04 15:18:40 UTC 2020
------------------ testing $PTII/ptolemy/domains/de/test/auto/DepthTest2.xml
auto.tcl: Setting watchdog for 200 seconds at Tue Aug 04 15:18:40 UTC 2020
5 ms. Memory: 48128K Free: 26844K (56%)
ptolemy.util.test.WatchDog.cancel(): canceling Tue Aug 04 15:18:40 UTC 2020
auto.tcl: Setting watchdog for 200 seconds at Tue Aug 04 15:18:40 UTC 2020
6 ms. Memory: 48128K Free: 26431K (55%)
ptolemy.util.test.WatchDog.cancel(): canceling Tue Aug 04 15:18:40 UTC 2020
------------------ testing $PTII/ptolemy/domains/de/test/auto/DepthTest3.xml
auto.tcl: Setting watchdog for 200 seconds at Tue Aug 04 15:18:40 UTC 2020
9 ms. Memory: 48128K Free: 30324K (63%)
ptolemy.util.test.WatchDog.cancel(): canceling Tue Aug 04 15:18:40 UTC 2020
auto.tcl: Setting watchdog for 200 seconds at Tue Aug 04 15:18:40 UTC 2020
2 ms. Memory: 48128K Free: 29894K (62%)
ptolemy.util.test.WatchDog.cancel(): canceling Tue Aug 04 15:18:40 UTC 2020
------------------ testing $PTII/ptolemy/domains/de/test/auto/DepthTest4.xml
auto.tcl: Setting watchdog for 200 seconds at Tue Aug 04 15:18:40 UTC 2020
6 ms. Memory: 48128K Free: 28675K (60%)
ptolemy.util.test.WatchDog.cancel(): canceling Tue Aug 04 15:18:40 UTC 2020
auto.tcl: Setting watchdog for 200 seconds at Tue Aug 04 15:18:40 UTC 2020
2 ms. Memory: 48128K Free: 27938K (58%)
ptolemy.util.test.WatchDog.cancel(): canceling Tue Aug 04 15:18:40 UTC 2020
------------------ testing $PTII/ptolemy/domains/de/test/auto/DepthTest5.xml
auto.tcl: Setting watchdog for 200 seconds at Tue Aug 04 15:18:40 UTC 2020
13 ms. Memory: 48128K Free: 27835K (58%)
ptolemy.util.test.WatchDog.cancel(): canceling Tue Aug 04 15:18:40 UTC 2020
auto.tcl: Setting watchdog for 200 seconds at Tue Aug 04 15:18:40 UTC 2020
2 ms. Memory: 48128K Free: 27455K (57%)
ptolemy.util.test.WatchDog.cancel(): canceling Tue Aug 04 15:18:40 UTC 2020
------------------ testing $PTII/ptolemy/domains/de/test/auto/DepthTest6.xml
auto.tcl: Setting watchdog for 200 seconds at Tue Aug 04 15:18:40 UTC 2020
4 ms. Memory: 48128K Free: 27785K (58%)
ptolemy.util.test.WatchDog.cancel(): canceling Tue Aug 04 15:18:40 UTC 2020
auto.tcl: Setting watchdog for 200 seconds at Tue Aug 04 15:18:40 UTC 2020
3 ms. Memory: 48128K Free: 27363K (57%)
ptolemy.util.test.WatchDog.cancel(): canceling Tue Aug 04 15:18:40 UTC 2020
------------------ testing $PTII/ptolemy/domains/de/test/auto/DepthTest7.xml
auto.tcl: Setting watchdog for 200 seconds at Tue Aug 04 15:18:40 UTC 2020
2 ms. Memory: 48128K Free: 28365K (59%)
ptolemy.util.test.WatchDog.cancel(): canceling Tue Aug 04 15:18:40 UTC 2020
auto.tcl: Setting watchdog for 200 seconds at Tue Aug 04 15:18:40 UTC 2020
2 ms. Memory: 48128K Free: 27442K (57%)
ptolemy.util.test.WatchDog.cancel(): canceling Tue Aug 04 15:18:40 UTC 2020
------------------ testing $PTII/ptolemy/domains/de/test/auto/EventToDate.xml
auto.tcl: Setting watchdog for 200 seconds at Tue Aug 04 15:18:40 UTC 2020
3009 ms. Memory: 48128K Free: 19405K (40%)
ptolemy.util.test.WatchDog.cancel(): canceling Tue Aug 04 15:18:44 UTC 2020
auto.tcl: Setting watchdog for 200 seconds at Tue Aug 04 15:18:44 UTC 2020
3005 ms. Memory: 48128K Free: 18690K (39%)
ptolemy.util.test.WatchDog.cancel(): canceling Tue Aug 04 15:18:47 UTC 2020
------------------ testing $PTII/ptolemy/domains/de/test/auto/FSM1.xml
auto.tcl: Setting watchdog for 200 seconds at Tue Aug 04 15:18:47 UTC 2020
28 ms. Memory: 48128K Free: 20603K (43%)
ptolemy.util.test.WatchDog.cancel(): canceling Tue Aug 04 15:18:47 UTC 2020
auto.tcl: Setting watchdog for 200 seconds at Tue Aug 04 15:18:47 UTC 2020
21 ms. Memory: 48128K Free: 17365K (36%)
ptolemy.util.test.WatchDog.cancel(): canceling Tue Aug 04 15:18:47 UTC 2020
------------------ testing $PTII/ptolemy/domains/de/test/auto/FSM7.xml
auto.tcl: Setting watchdog for 200 seconds at Tue Aug 04 15:18:47 UTC 2020
24 ms. Memory: 48128K Free: 20306K (42%)
ptolemy.util.test.WatchDog.cancel(): canceling Tue Aug 04 15:18:47 UTC 2020
auto.tcl: Setting watchdog for 200 seconds at Tue Aug 04 15:18:47 UTC 2020
27 ms. Memory: 48128K Free: 17193K (36%)
ptolemy.util.test.WatchDog.cancel(): canceling Tue Aug 04 15:18:47 UTC 2020
------------------ testing $PTII/ptolemy/domains/de/test/auto/Inspection.xml
auto.tcl: Setting watchdog for 200 seconds at Tue Aug 04 15:18:47 UTC 2020
37 ms. Memory: 48128K Free: 20341K (42%)
ptolemy.util.test.WatchDog.cancel(): canceling Tue Aug 04 15:18:47 UTC 2020
auto.tcl: Setting watchdog for 200 seconds at Tue Aug 04 15:18:47 UTC 2020
35 ms. Memory: 48128K Free: 18603K (39%)
ptolemy.util.test.WatchDog.cancel(): canceling Tue Aug 04 15:18:47 UTC 2020
------------------ testing $PTII/ptolemy/domains/de/test/auto/Iteration.xml
auto.tcl: Setting watchdog for 200 seconds at Tue Aug 04 15:18:47 UTC 2020
8 ms. Memory: 48128K Free: 26053K (54%)
ptolemy.util.test.WatchDog.cancel(): canceling Tue Aug 04 15:18:47 UTC 2020
auto.tcl: Setting watchdog for 200 seconds at Tue Aug 04 15:18:47 UTC 2020
9 ms. Memory: 48128K Free: 24642K (51%)
ptolemy.util.test.WatchDog.cancel(): canceling Tue Aug 04 15:18:47 UTC 2020
------------------ testing $PTII/ptolemy/domains/de/test/auto/LineFault.xml
auto.tcl: Setting watchdog for 200 seconds at Tue Aug 04 15:18:47 UTC 2020
711 ms. Memory: 48128K Free: 23023K (48%)
ptolemy.util.test.WatchDog.cancel(): canceling Tue Aug 04 15:18:48 UTC 2020
auto.tcl: Setting watchdog for 200 seconds at Tue Aug 04 15:18:48 UTC 2020
521 ms. Memory: 58368K Free: 19159K (33%)
ptolemy.util.test.WatchDog.cancel(): canceling Tue Aug 04 15:18:49 UTC 2020
------------------ testing $PTII/ptolemy/domains/de/test/auto/MergeModel1Add.xml
auto.tcl: Setting watchdog for 200 seconds at Tue Aug 04 15:18:49 UTC 2020
27 ms. Memory: 58368K Free: 22278K (38%)
ptolemy.util.test.WatchDog.cancel(): canceling Tue Aug 04 15:18:49 UTC 2020
auto.tcl: Setting watchdog for 200 seconds at Tue Aug 04 15:18:49 UTC 2020
11 ms. Memory: 58368K Free: 20600K (35%)
ptolemy.util.test.WatchDog.cancel(): canceling Tue Aug 04 15:18:49 UTC 2020
------------------ testing $PTII/ptolemy/domains/de/test/auto/MergeModel2Add.xml
auto.tcl: Setting watchdog for 200 seconds at Tue Aug 04 15:18:49 UTC 2020
12 ms. Memory: 51200K Free: 16946K (33%)
ptolemy.util.test.WatchDog.cancel(): canceling Tue Aug 04 15:18:49 UTC 2020
auto.tcl: Setting watchdog for 200 seconds at Tue Aug 04 15:18:49 UTC 2020
10 ms. Memory: 51200K Free: 15214K (30%)
ptolemy.util.test.WatchDog.cancel(): canceling Tue Aug 04 15:18:49 UTC 2020
------------------ testing $PTII/ptolemy/domains/de/test/auto/MergeModel3Add.xml
auto.tcl: Setting watchdog for 200 seconds at Tue Aug 04 15:18:49 UTC 2020
8 ms. Memory: 51200K Free: 17185K (34%)
ptolemy.util.test.WatchDog.cancel(): canceling Tue Aug 04 15:18:49 UTC 2020
auto.tcl: Setting watchdog for 200 seconds at Tue Aug 04 15:18:49 UTC 2020
9 ms. Memory: 51200K Free: 15648K (31%)
ptolemy.util.test.WatchDog.cancel(): canceling Tue Aug 04 15:18:49 UTC 2020
------------------ testing $PTII/ptolemy/domains/de/test/auto/MergeWithoutDiscard.xml
auto.tcl: Setting watchdog for 200 seconds at Tue Aug 04 15:18:49 UTC 2020
2 ms. Memory: 51200K Free: 31557K (62%)
ptolemy.util.test.WatchDog.cancel(): canceling Tue Aug 04 15:18:49 UTC 2020
auto.tcl: Setting watchdog for 200 seconds at Tue Aug 04 15:18:49 UTC 2020
2 ms. Memory: 51200K Free: 31124K (61%)
ptolemy.util.test.WatchDog.cancel(): canceling Tue Aug 04 15:18:49 UTC 2020
------------------ testing $PTII/ptolemy/domains/de/test/auto/Modal1.xml
auto.tcl: Setting watchdog for 200 seconds at Tue Aug 04 15:18:49 UTC 2020
16 ms. Memory: 51200K Free: 23675K (46%)
ptolemy.util.test.WatchDog.cancel(): canceling Tue Aug 04 15:18:49 UTC 2020
auto.tcl: Setting watchdog for 200 seconds at Tue Aug 04 15:18:49 UTC 2020
23 ms. Memory: 51200K Free: 20209K (39%)
ptolemy.util.test.WatchDog.cancel(): canceling Tue Aug 04 15:18:49 UTC 2020
------------------ testing $PTII/ptolemy/domains/de/test/auto/Modal2.xml
auto.tcl: Setting watchdog for 200 seconds at Tue Aug 04 15:18:49 UTC 2020
16 ms. Memory: 51200K Free: 23787K (46%)
ptolemy.util.test.WatchDog.cancel(): canceling Tue Aug 04 15:18:49 UTC 2020
auto.tcl: Setting watchdog for 200 seconds at Tue Aug 04 15:18:49 UTC 2020
13 ms. Memory: 51200K Free: 20555K (40%)
ptolemy.util.test.WatchDog.cancel(): canceling Tue Aug 04 15:18:49 UTC 2020
------------------ testing $PTII/ptolemy/domains/de/test/auto/Modal3.xml
auto.tcl: Setting watchdog for 200 seconds at Tue Aug 04 15:18:49 UTC 2020
10 ms. Memory: 51200K Free: 23315K (46%)
ptolemy.util.test.WatchDog.cancel(): canceling Tue Aug 04 15:18:49 UTC 2020
auto.tcl: Setting watchdog for 200 seconds at Tue Aug 04 15:18:49 UTC 2020
11 ms. Memory: 51200K Free: 20178K (39%)
ptolemy.util.test.WatchDog.cancel(): canceling Tue Aug 04 15:18:49 UTC 2020
------------------ testing $PTII/ptolemy/domains/de/test/auto/Modal4.xml
auto.tcl: Setting watchdog for 200 seconds at Tue Aug 04 15:18:50 UTC 2020
13 ms. Memory: 51200K Free: 22759K (44%)
ptolemy.util.test.WatchDog.cancel(): canceling Tue Aug 04 15:18:50 UTC 2020
auto.tcl: Setting watchdog for 200 seconds at Tue Aug 04 15:18:50 UTC 2020
13 ms. Memory: 51200K Free: 18900K (37%)
ptolemy.util.test.WatchDog.cancel(): canceling Tue Aug 04 15:18:50 UTC 2020
------------------ testing $PTII/ptolemy/domains/de/test/auto/Modal5.xml
auto.tcl: Setting watchdog for 200 seconds at Tue Aug 04 15:18:50 UTC 2020
13 ms. Memory: 51200K Free: 22723K (44%)
ptolemy.util.test.WatchDog.cancel(): canceling Tue Aug 04 15:18:50 UTC 2020
auto.tcl: Setting watchdog for 200 seconds at Tue Aug 04 15:18:50 UTC 2020
13 ms. Memory: 51200K Free: 18887K (37%)
ptolemy.util.test.WatchDog.cancel(): canceling Tue Aug 04 15:18:50 UTC 2020
------------------ testing $PTII/ptolemy/domains/de/test/auto/Modal6.xml
auto.tcl: Setting watchdog for 200 seconds at Tue Aug 04 15:18:50 UTC 2020
13 ms. Memory: 51200K Free: 23532K (46%)
ptolemy.util.test.WatchDog.cancel(): canceling Tue Aug 04 15:18:50 UTC 2020
auto.tcl: Setting watchdog for 200 seconds at Tue Aug 04 15:18:50 UTC 2020
15 ms. Memory: 51200K Free: 19531K (38%)
ptolemy.util.test.WatchDog.cancel(): canceling Tue Aug 04 15:18:50 UTC 2020
------------------ testing $PTII/ptolemy/domains/de/test/auto/Modal7.xml
auto.tcl: Setting watchdog for 200 seconds at Tue Aug 04 15:18:50 UTC 2020
18 ms. Memory: 51200K Free: 22479K (44%)
ptolemy.util.test.WatchDog.cancel(): canceling Tue Aug 04 15:18:50 UTC 2020
auto.tcl: Setting watchdog for 200 seconds at Tue Aug 04 15:18:50 UTC 2020
12 ms. Memory: 51200K Free: 18886K (37%)
ptolemy.util.test.WatchDog.cancel(): canceling Tue Aug 04 15:18:50 UTC 2020
------------------ testing $PTII/ptolemy/domains/de/test/auto/ModalModel.xml
auto.tcl: Setting watchdog for 200 seconds at Tue Aug 04 15:18:50 UTC 2020
206 ms. Memory: 51200K Free: 12974K (25%)
ptolemy.util.test.WatchDog.cancel(): canceling Tue Aug 04 15:18:50 UTC 2020
auto.tcl: Setting watchdog for 200 seconds at Tue Aug 04 15:18:50 UTC 2020
229 ms. Memory: 61440K Free: 40551K (66%)
ptolemy.util.test.WatchDog.cancel(): canceling Tue Aug 04 15:18:50 UTC 2020
------------------ testing $PTII/ptolemy/domains/de/test/auto/ModalSource.xml
auto.tcl: Setting watchdog for 200 seconds at Tue Aug 04 15:18:50 UTC 2020
10 ms. Memory: 55296K Free: 31656K (57%)
ptolemy.util.test.WatchDog.cancel(): canceling Tue Aug 04 15:18:51 UTC 2020
auto.tcl: Setting watchdog for 200 seconds at Tue Aug 04 15:18:51 UTC 2020
8 ms. Memory: 55296K Free: 29608K (54%)
ptolemy.util.test.WatchDog.cancel(): canceling Tue Aug 04 15:18:51 UTC 2020
------------------ testing $PTII/ptolemy/domains/de/test/auto/NonInterruptibleTimerZeroDelay.xml
auto.tcl: Setting watchdog for 200 seconds at Tue Aug 04 15:18:51 UTC 2020
4 ms. Memory: 55296K Free: 36553K (66%)
ptolemy.util.test.WatchDog.cancel(): canceling Tue Aug 04 15:18:51 UTC 2020
auto.tcl: Setting watchdog for 200 seconds at Tue Aug 04 15:18:51 UTC 2020
3 ms. Memory: 55296K Free: 35926K (65%)
ptolemy.util.test.WatchDog.cancel(): canceling Tue Aug 04 15:18:51 UTC 2020
------------------ testing $PTII/ptolemy/domains/de/test/auto/OpenQueueingNetwork.xml
auto.tcl: Setting watchdog for 200 seconds at Tue Aug 04 15:18:51 UTC 2020
3079 ms. Memory: 96256K Free: 69538K (72%)
ptolemy.util.test.WatchDog.cancel(): canceling Tue Aug 04 15:18:54 UTC 2020
auto.tcl: Setting watchdog for 200 seconds at Tue Aug 04 15:18:54 UTC 2020
2685 ms. Memory: 115712K Free: 59755K (52%)
ptolemy.util.test.WatchDog.cancel(): canceling Tue Aug 04 15:18:57 UTC 2020
------------------ testing $PTII/ptolemy/domains/de/test/auto/OpenQueuingNetwork.xml
auto.tcl: Setting watchdog for 200 seconds at Tue Aug 04 15:18:57 UTC 2020
263 ms. Memory: 58368K Free: 31704K (54%)
ptolemy.util.test.WatchDog.cancel(): canceling Tue Aug 04 15:18:57 UTC 2020
auto.tcl: Setting watchdog for 200 seconds at Tue Aug 04 15:18:57 UTC 2020
249 ms. Memory: 58368K Free: 12644K (22%)
ptolemy.util.test.WatchDog.cancel(): canceling Tue Aug 04 15:18:57 UTC 2020
------------------ testing $PTII/ptolemy/domains/de/test/auto/PeriodicSampler.xml
auto.tcl: Setting watchdog for 200 seconds at Tue Aug 04 15:18:57 UTC 2020
2 ms. Memory: 55296K Free: 35789K (65%)
ptolemy.util.test.WatchDog.cancel(): canceling Tue Aug 04 15:18:57 UTC 2020
auto.tcl: Setting watchdog for 200 seconds at Tue Aug 04 15:18:57 UTC 2020
2 ms. Memory: 55296K Free: 35269K (64%)
ptolemy.util.test.WatchDog.cancel(): canceling Tue Aug 04 15:18:57 UTC 2020
------------------ testing $PTII/ptolemy/domains/de/test/auto/PersistentIO.xml
auto.tcl: Setting watchdog for 200 seconds at Tue Aug 04 15:18:57 UTC 2020
14 ms. Memory: 55296K Free: 30714K (56%)
ptolemy.util.test.WatchDog.cancel(): canceling Tue Aug 04 15:18:57 UTC 2020
auto.tcl: Setting watchdog for 200 seconds at Tue Aug 04 15:18:57 UTC 2020
5 ms. Memory: 55296K Free: 29194K (53%)
ptolemy.util.test.WatchDog.cancel(): canceling Tue Aug 04 15:18:57 UTC 2020
------------------ testing $PTII/ptolemy/domains/de/test/auto/PortParameterResetOnInitialize.xml
auto.tcl: Setting watchdog for 200 seconds at Tue Aug 04 15:18:57 UTC 2020
2 ms. Memory: 55296K Free: 35916K (65%)
ptolemy.util.test.WatchDog.cancel(): canceling Tue Aug 04 15:18:57 UTC 2020
auto.tcl: Setting watchdog for 200 seconds at Tue Aug 04 15:18:57 UTC 2020
2 ms. Memory: 55296K Free: 35404K (64%)
ptolemy.util.test.WatchDog.cancel(): canceling Tue Aug 04 15:18:57 UTC 2020
------------------ testing $PTII/ptolemy/domains/de/test/auto/PortParameterUpdates.xml
auto.tcl: Setting watchdog for 200 seconds at Tue Aug 04 15:18:57 UTC 2020
3 ms. Memory: 55296K Free: 33782K (61%)
ptolemy.util.test.WatchDog.cancel(): canceling Tue Aug 04 15:18:58 UTC 2020
auto.tcl: Setting watchdog for 200 seconds at Tue Aug 04 15:18:58 UTC 2020
3 ms. Memory: 55296K Free: 32755K (59%)
ptolemy.util.test.WatchDog.cancel(): canceling Tue Aug 04 15:18:58 UTC 2020
------------------ testing $PTII/ptolemy/domains/de/test/auto/QueueAndServer.xml
auto.tcl: Setting watchdog for 200 seconds at Tue Aug 04 15:18:58 UTC 2020
13 ms. Memory: 55296K Free: 32941K (60%)
ptolemy.util.test.WatchDog.cancel(): canceling Tue Aug 04 15:18:58 UTC 2020
auto.tcl: Setting watchdog for 200 seconds at Tue Aug 04 15:18:58 UTC 2020
6 ms. Memory: 55296K Free: 31202K (56%)
ptolemy.util.test.WatchDog.cancel(): canceling Tue Aug 04 15:18:58 UTC 2020
------------------ testing $PTII/ptolemy/domains/de/test/auto/Records.xml
auto.tcl: Setting watchdog for 200 seconds at Tue Aug 04 15:18:58 UTC 2020
5 ms. Memory: 55296K Free: 34933K (63%)
ptolemy.util.test.WatchDog.cancel(): canceling Tue Aug 04 15:18:58 UTC 2020
auto.tcl: Setting watchdog for 200 seconds at Tue Aug 04 15:18:58 UTC 2020
2 ms. Memory: 55296K Free: 34419K (62%)
ptolemy.util.test.WatchDog.cancel(): canceling Tue Aug 04 15:18:58 UTC 2020
------------------ testing $PTII/ptolemy/domains/de/test/auto/ResetTransitionWithStartTime1.xml
auto.tcl: Setting watchdog for 200 seconds at Tue Aug 04 15:18:58 UTC 2020
8 ms. Memory: 51200K Free: 28102K (55%)
ptolemy.util.test.WatchDog.cancel(): canceling Tue Aug 04 15:18:58 UTC 2020
auto.tcl: Setting watchdog for 200 seconds at Tue Aug 04 15:18:58 UTC 2020
7 ms. Memory: 51200K Free: 26054K (51%)
ptolemy.util.test.WatchDog.cancel(): canceling Tue Aug 04 15:18:58 UTC 2020
------------------ testing $PTII/ptolemy/domains/de/test/auto/ResetTransitionWithStartTime2.xml
auto.tcl: Setting watchdog for 200 seconds at Tue Aug 04 15:18:58 UTC 2020
6 ms. Memory: 51200K Free: 28057K (55%)
ptolemy.util.test.WatchDog.cancel(): canceling Tue Aug 04 15:18:58 UTC 2020
auto.tcl: Setting watchdog for 200 seconds at Tue Aug 04 15:18:58 UTC 2020
6 ms. Memory: 51200K Free: 26009K (51%)
ptolemy.util.test.WatchDog.cancel(): canceling Tue Aug 04 15:18:58 UTC 2020
------------------ testing $PTII/ptolemy/domains/de/test/auto/ResetTransitionWithStartTime3.xml
auto.tcl: Setting watchdog for 200 seconds at Tue Aug 04 15:18:58 UTC 2020
12 ms. Memory: 51200K Free: 28056K (55%)
ptolemy.util.test.WatchDog.cancel(): canceling Tue Aug 04 15:18:58 UTC 2020
auto.tcl: Setting watchdog for 200 seconds at Tue Aug 04 15:18:58 UTC 2020
9 ms. Memory: 51200K Free: 26008K (51%)
ptolemy.util.test.WatchDog.cancel(): canceling Tue Aug 04 15:18:58 UTC 2020
------------------ testing $PTII/ptolemy/domains/de/test/auto/ResetTransitionWithStartTime4.xml
auto.tcl: Setting watchdog for 200 seconds at Tue Aug 04 15:18:58 UTC 2020
10 ms. Memory: 51200K Free: 28483K (56%)
ptolemy.util.test.WatchDog.cancel(): canceling Tue Aug 04 15:18:58 UTC 2020
auto.tcl: Setting watchdog for 200 seconds at Tue Aug 04 15:18:58 UTC 2020
4 ms. Memory: 51200K Free: 27031K (53%)
ptolemy.util.test.WatchDog.cancel(): canceling Tue Aug 04 15:18:58 UTC 2020
------------------ testing $PTII/ptolemy/domains/de/test/auto/ResettableTimer1.xml
auto.tcl: Setting watchdog for 200 seconds at Tue Aug 04 15:18:58 UTC 2020
5 ms. Memory: 51200K Free: 32229K (63%)
ptolemy.util.test.WatchDog.cancel(): canceling Tue Aug 04 15:18:58 UTC 2020
auto.tcl: Setting watchdog for 200 seconds at Tue Aug 04 15:18:58 UTC 2020
2 ms. Memory: 51200K Free: 31602K (62%)
ptolemy.util.test.WatchDog.cancel(): canceling Tue Aug 04 15:18:58 UTC 2020
------------------ testing $PTII/ptolemy/domains/de/test/auto/ResettableTimer2.xml
auto.tcl: Setting watchdog for 200 seconds at Tue Aug 04 15:18:58 UTC 2020
2 ms. Memory: 51200K Free: 32327K (63%)
ptolemy.util.test.WatchDog.cancel(): canceling Tue Aug 04 15:18:58 UTC 2020
auto.tcl: Setting watchdog for 200 seconds at Tue Aug 04 15:18:58 UTC 2020
2 ms. Memory: 51200K Free: 31668K (62%)
ptolemy.util.test.WatchDog.cancel(): canceling Tue Aug 04 15:18:58 UTC 2020
------------------ testing $PTII/ptolemy/domains/de/test/auto/ResettableTimer3.xml
auto.tcl: Setting watchdog for 200 seconds at Tue Aug 04 15:18:58 UTC 2020
1 ms. Memory: 51200K Free: 32668K (64%)
ptolemy.util.test.WatchDog.cancel(): canceling Tue Aug 04 15:18:58 UTC 2020
auto.tcl: Setting watchdog for 200 seconds at Tue Aug 04 15:18:58 UTC 2020
2 ms. Memory: 51200K Free: 32188K (63%)
ptolemy.util.test.WatchDog.cancel(): canceling Tue Aug 04 15:18:58 UTC 2020
------------------ testing $PTII/ptolemy/domains/de/test/auto/ResettableTimer4.xml
auto.tcl: Setting watchdog for 200 seconds at Tue Aug 04 15:18:58 UTC 2020
1 ms. Memory: 51200K Free: 32202K (63%)
ptolemy.util.test.WatchDog.cancel(): canceling Tue Aug 04 15:18:58 UTC 2020
auto.tcl: Setting watchdog for 200 seconds at Tue Aug 04 15:18:58 UTC 2020
2 ms. Memory: 51200K Free: 31695K (62%)
ptolemy.util.test.WatchDog.cancel(): canceling Tue Aug 04 15:18:58 UTC 2020
------------------ testing $PTII/ptolemy/domains/de/test/auto/ResettableTimer5.xml
auto.tcl: Setting watchdog for 200 seconds at Tue Aug 04 15:18:58 UTC 2020
1 ms. Memory: 51200K Free: 31686K (62%)
ptolemy.util.test.WatchDog.cancel(): canceling Tue Aug 04 15:18:58 UTC 2020
auto.tcl: Setting watchdog for 200 seconds at Tue Aug 04 15:18:58 UTC 2020
2 ms. Memory: 51200K Free: 31181K (61%)
ptolemy.util.test.WatchDog.cancel(): canceling Tue Aug 04 15:18:58 UTC 2020
------------------ testing $PTII/ptolemy/domains/de/test/auto/ResettableTimer6.xml
auto.tcl: Setting watchdog for 200 seconds at Tue Aug 04 15:18:58 UTC 2020
2 ms. Memory: 51200K Free: 31677K (62%)
ptolemy.util.test.WatchDog.cancel(): canceling Tue Aug 04 15:18:58 UTC 2020
auto.tcl: Setting watchdog for 200 seconds at Tue Aug 04 15:18:58 UTC 2020
2 ms. Memory: 51200K Free: 31167K (61%)
ptolemy.util.test.WatchDog.cancel(): canceling Tue Aug 04 15:18:58 UTC 2020
------------------ testing $PTII/ptolemy/domains/de/test/auto/ServerZeroDelay.xml
auto.tcl: Setting watchdog for 200 seconds at Tue Aug 04 15:18:58 UTC 2020
4 ms. Memory: 51200K Free: 32182K (63%)
ptolemy.util.test.WatchDog.cancel(): canceling Tue Aug 04 15:18:58 UTC 2020
auto.tcl: Setting watchdog for 200 seconds at Tue Aug 04 15:18:58 UTC 2020
4 ms. Memory: 51200K Free: 31158K (61%)
ptolemy.util.test.WatchDog.cancel(): canceling Tue Aug 04 15:18:58 UTC 2020
------------------ testing $PTII/ptolemy/domains/de/test/auto/SmartSender.xml
auto.tcl: Setting watchdog for 200 seconds at Tue Aug 04 15:18:59 UTC 2020
3001 ms. Memory: 51200K Free: 32176K (63%)
ptolemy.util.test.WatchDog.cancel(): canceling Tue Aug 04 15:19:02 UTC 2020
auto.tcl: Setting watchdog for 200 seconds at Tue Aug 04 15:19:02 UTC 2020
3002 ms. Memory: 51200K Free: 31669K (62%)
ptolemy.util.test.WatchDog.cancel(): canceling Tue Aug 04 15:19:05 UTC 2020
------------------ testing $PTII/ptolemy/domains/de/test/auto/ThreadedComposite.xml
auto.tcl: Setting watchdog for 200 seconds at Tue Aug 04 15:19:05 UTC 2020
177 ms. Memory: 51200K Free: 13759K (27%)
ptolemy.util.test.WatchDog.cancel(): canceling Tue Aug 04 15:19:05 UTC 2020
auto.tcl: Setting watchdog for 200 seconds at Tue Aug 04 15:19:05 UTC 2020
159 ms. Memory: 51200K Free: 28722K (56%)
ptolemy.util.test.WatchDog.cancel(): canceling Tue Aug 04 15:19:05 UTC 2020
------------------ testing $PTII/ptolemy/domains/de/test/auto/Time.xml
auto.tcl: Setting watchdog for 200 seconds at Tue Aug 04 15:19:05 UTC 2020
565 ms. Memory: 77824K Free: 34819K (45%)
ptolemy.util.test.WatchDog.cancel(): canceling Tue Aug 04 15:19:06 UTC 2020
auto.tcl: Setting watchdog for 200 seconds at Tue Aug 04 15:19:06 UTC 2020
535 ms. Memory: 77824K Free: 25598K (33%)
ptolemy.util.test.WatchDog.cancel(): canceling Tue Aug 04 15:19:06 UTC 2020
------------------ testing $PTII/ptolemy/domains/de/test/auto/TimeDelayZeroDelay.xml
auto.tcl: Setting watchdog for 200 seconds at Tue Aug 04 15:19:06 UTC 2020
3 ms. Memory: 51200K Free: 32486K (63%)
ptolemy.util.test.WatchDog.cancel(): canceling Tue Aug 04 15:19:06 UTC 2020
auto.tcl: Setting watchdog for 200 seconds at Tue Aug 04 15:19:06 UTC 2020
2 ms. Memory: 51200K Free: 31717K (62%)
ptolemy.util.test.WatchDog.cancel(): canceling Tue Aug 04 15:19:06 UTC 2020
------------------ testing $PTII/ptolemy/domains/de/test/auto/TimerZeroDelay.xml
auto.tcl: Setting watchdog for 200 seconds at Tue Aug 04 15:19:06 UTC 2020
3 ms. Memory: 51200K Free: 32525K (64%)
ptolemy.util.test.WatchDog.cancel(): canceling Tue Aug 04 15:19:06 UTC 2020
auto.tcl: Setting watchdog for 200 seconds at Tue Aug 04 15:19:06 UTC 2020
2 ms. Memory: 51200K Free: 31751K (62%)
ptolemy.util.test.WatchDog.cancel(): canceling Tue Aug 04 15:19:06 UTC 2020
------------------ testing $PTII/ptolemy/domains/de/test/auto/TimingParadox.xml
auto.tcl: Setting watchdog for 200 seconds at Tue Aug 04 15:19:06 UTC 2020
368 ms. Memory: 51200K Free: 18708K (37%)
ptolemy.util.test.WatchDog.cancel(): canceling Tue Aug 04 15:19:07 UTC 2020
auto.tcl: Setting watchdog for 200 seconds at Tue Aug 04 15:19:07 UTC 2020
331 ms. Memory: 51200K Free: 33629K (66%)
ptolemy.util.test.WatchDog.cancel(): canceling Tue Aug 04 15:19:07 UTC 2020
------------------ testing $PTII/ptolemy/domains/de/test/auto/TransferInputs.xml
auto.tcl: Setting watchdog for 200 seconds at Tue Aug 04 15:19:07 UTC 2020
2 ms. Memory: 51200K Free: 30615K (60%)
ptolemy.util.test.WatchDog.cancel(): canceling Tue Aug 04 15:19:07 UTC 2020
auto.tcl: Setting watchdog for 200 seconds at Tue Aug 04 15:19:07 UTC 2020
1 ms. Memory: 51200K Free: 29736K (58%)
ptolemy.util.test.WatchDog.cancel(): canceling Tue Aug 04 15:19:07 UTC 2020
------------------ testing $PTII/ptolemy/domains/de/test/auto/TransferOutputs2.xml
auto.tcl: Setting watchdog for 200 seconds at Tue Aug 04 15:19:07 UTC 2020
3 ms. Memory: 51200K Free: 28057K (55%)
ptolemy.util.test.WatchDog.cancel(): canceling Tue Aug 04 15:19:07 UTC 2020
auto.tcl: Setting watchdog for 200 seconds at Tue Aug 04 15:19:07 UTC 2020
3 ms. Memory: 51200K Free: 26644K (52%)
ptolemy.util.test.WatchDog.cancel(): canceling Tue Aug 04 15:19:07 UTC 2020
------------------ testing $PTII/ptolemy/domains/de/test/auto/Trilateration.xml
auto.tcl: Setting watchdog for 200 seconds at Tue Aug 04 15:19:07 UTC 2020
15153 ms. Memory: 466944K Free: 286144K (61%)
ptolemy.util.test.WatchDog.cancel(): canceling Tue Aug 04 15:19:24 UTC 2020
auto.tcl: Setting watchdog for 200 seconds at Tue Aug 04 15:19:24 UTC 2020
10318 ms. Memory: 466944K Free: 418691K (90%)
ptolemy.util.test.WatchDog.cancel(): canceling Tue Aug 04 15:19:34 UTC 2020
------------------ testing $PTII/ptolemy/domains/de/test/auto/TwoSigmaDelta.xml
auto.tcl: Setting watchdog for 200 seconds at Tue Aug 04 15:19:34 UTC 2020
2537 ms. Memory: 92160K Free: 25716K (28%)
ptolemy.util.test.WatchDog.cancel(): canceling Tue Aug 04 15:19:37 UTC 2020
auto.tcl: Setting watchdog for 200 seconds at Tue Aug 04 15:19:37 UTC 2020
1983 ms. Memory: 92160K Free: 26717K (29%)
ptolemy.util.test.WatchDog.cancel(): canceling Tue Aug 04 15:19:39 UTC 2020
------------------ testing $PTII/ptolemy/domains/de/test/auto/VariableDelay.xml
auto.tcl: Setting watchdog for 200 seconds at Tue Aug 04 15:19:39 UTC 2020
2 ms. Memory: 58368K Free: 38262K (66%)
ptolemy.util.test.WatchDog.cancel(): canceling Tue Aug 04 15:19:39 UTC 2020
auto.tcl: Setting watchdog for 200 seconds at Tue Aug 04 15:19:39 UTC 2020
2 ms. Memory: 58368K Free: 37268K (64%)
ptolemy.util.test.WatchDog.cancel(): canceling Tue Aug 04 15:19:39 UTC 2020
------------------ testing $PTII/ptolemy/domains/de/test/auto/VariableDelay2.xml
auto.tcl: Setting watchdog for 200 seconds at Tue Aug 04 15:19:39 UTC 2020
9 ms. Memory: 55296K Free: 35783K (65%)
ptolemy.util.test.WatchDog.cancel(): canceling Tue Aug 04 15:19:39 UTC 2020
auto.tcl: Setting watchdog for 200 seconds at Tue Aug 04 15:19:39 UTC 2020
2 ms. Memory: 55296K Free: 35271K (64%)
ptolemy.util.test.WatchDog.cancel(): canceling Tue Aug 04 15:19:39 UTC 2020
------------------ testing $PTII/ptolemy/domains/de/test/auto/VariableDelayZeroDelay.xml
auto.tcl: Setting watchdog for 200 seconds at Tue Aug 04 15:19:39 UTC 2020
2 ms. Memory: 51200K Free: 32036K (63%)
ptolemy.util.test.WatchDog.cancel(): canceling Tue Aug 04 15:19:39 UTC 2020
auto.tcl: Setting watchdog for 200 seconds at Tue Aug 04 15:19:39 UTC 2020
2 ms. Memory: 51200K Free: 31492K (62%)
ptolemy.util.test.WatchDog.cancel(): canceling Tue Aug 04 15:19:39 UTC 2020
------------------ testing $PTII/ptolemy/domains/de/test/auto/VariableDelayZeroDelay2.xml
auto.tcl: Setting watchdog for 200 seconds at Tue Aug 04 15:19:39 UTC 2020
2 ms. Memory: 51200K Free: 32035K (63%)
ptolemy.util.test.WatchDog.cancel(): canceling Tue Aug 04 15:19:39 UTC 2020
auto.tcl: Setting watchdog for 200 seconds at Tue Aug 04 15:19:39 UTC 2020
2 ms. Memory: 51200K Free: 31013K (61%)
ptolemy.util.test.WatchDog.cancel(): canceling Tue Aug 04 15:19:39 UTC 2020
------------------ testing $PTII/ptolemy/domains/de/test/auto/deInCt.xml
auto.tcl: Setting watchdog for 200 seconds at Tue Aug 04 15:19:39 UTC 2020
0
1
1
1
0
0
0
1
1
0
0
0
1
1
1
0
0
0
0
1
1
1
1
0
0
1
1
1
0
0
0
1
1
1
0
0
0
1
1
1
1
1
1
1
14 ms. Memory: 51200K Free: 31008K (61%)
ptolemy.util.test.WatchDog.cancel(): canceling Tue Aug 04 15:19:39 UTC 2020
auto.tcl: Setting watchdog for 200 seconds at Tue Aug 04 15:19:39 UTC 2020
0
1
1
1
0
0
0
1
1
1
0
0
0
1
1
1
1
1
1
1
0
0
1
1
1
0
0
0
1
1
1
1
0
0
0
1
1
1
1
5 ms. Memory: 51200K Free: 29466K (58%)
ptolemy.util.test.WatchDog.cancel(): canceling Tue Aug 04 15:19:39 UTC 2020
------------------ testing $PTII/ptolemy/domains/de/test/auto/deInCt2.xml
auto.tcl: Setting watchdog for 200 seconds at Tue Aug 04 15:19:39 UTC 2020
0
1
1
1
0
0
1
1
1
0
0
1
1
1
0
0
1
1
1
0
0
1
1
1
0
0
1
1
1
0
0
1
1
1
0
0
1
1
1
0
0
0
20 ms. Memory: 51200K Free: 31010K (61%)
ptolemy.util.test.WatchDog.cancel(): canceling Tue Aug 04 15:19:39 UTC 2020
auto.tcl: Setting watchdog for 200 seconds at Tue Aug 04 15:19:39 UTC 2020
0
1
1
1
0
0
1
1
1
0
0
1
1
1
0
0
1
1
1
0
0
1
1
1
0
0
1
1
1
0
0
1
1
1
0
0
1
1
1
0
0
0
9 ms. Memory: 51200K Free: 29466K (58%)
ptolemy.util.test.WatchDog.cancel(): canceling Tue Aug 04 15:19:39 UTC 2020
------------------ testing $PTII/ptolemy/domains/de/test/auto/dynamicCausalityInterface1.xml
auto.tcl: Setting watchdog for 200 seconds at Tue Aug 04 15:19:39 UTC 2020
2 ms. Memory: 51200K Free: 26908K (53%)
ptolemy.util.test.WatchDog.cancel(): canceling Tue Aug 04 15:19:39 UTC 2020
auto.tcl: Setting watchdog for 200 seconds at Tue Aug 04 15:19:39 UTC 2020
1 ms. Memory: 51200K Free: 26394K (52%)
ptolemy.util.test.WatchDog.cancel(): canceling Tue Aug 04 15:19:39 UTC 2020
------------------ testing $PTII/ptolemy/domains/de/test/auto/fsm_de_test.xml
auto.tcl: Setting watchdog for 200 seconds at Tue Aug 04 15:19:39 UTC 2020
11 ms. Memory: 51200K Free: 26807K (52%)
ptolemy.util.test.WatchDog.cancel(): canceling Tue Aug 04 15:19:39 UTC 2020
auto.tcl: Setting watchdog for 200 seconds at Tue Aug 04 15:19:39 UTC 2020
7 ms. Memory: 51200K Free: 24759K (48%)
ptolemy.util.test.WatchDog.cancel(): canceling Tue Aug 04 15:19:39 UTC 2020
------------------ testing $PTII/ptolemy/domains/de/test/auto/functionDependencyReconstruction.xml
auto.tcl: Setting watchdog for 200 seconds at Tue Aug 04 15:19:39 UTC 2020
3 ms. Memory: 51200K Free: 20653K (40%)
ptolemy.util.test.WatchDog.cancel(): canceling Tue Aug 04 15:19:39 UTC 2020
auto.tcl: Setting watchdog for 200 seconds at Tue Aug 04 15:19:39 UTC 2020
3 ms. Memory: 51200K Free: 18605K (36%)
ptolemy.util.test.WatchDog.cancel(): canceling Tue Aug 04 15:19:39 UTC 2020
------------------ testing $PTII/ptolemy/domains/de/test/auto/multirate.xml
auto.tcl: Setting watchdog for 200 seconds at Tue Aug 04 15:19:39 UTC 2020
3 ms. Memory: 51200K Free: 29433K (57%)
ptolemy.util.test.WatchDog.cancel(): canceling Tue Aug 04 15:19:39 UTC 2020
auto.tcl: Setting watchdog for 200 seconds at Tue Aug 04 15:19:39 UTC 2020
3 ms. Memory: 51200K Free: 27703K (54%)
ptolemy.util.test.WatchDog.cancel(): canceling Tue Aug 04 15:19:39 UTC 2020
------------------ testing $PTII/ptolemy/domains/de/test/auto/multirate2.xml
auto.tcl: Setting watchdog for 200 seconds at Tue Aug 04 15:19:40 UTC 2020
3 ms. Memory: 51200K Free: 29404K (57%)
ptolemy.util.test.WatchDog.cancel(): canceling Tue Aug 04 15:19:40 UTC 2020
auto.tcl: Setting watchdog for 200 seconds at Tue Aug 04 15:19:40 UTC 2020
3 ms. Memory: 51200K Free: 27884K (54%)
ptolemy.util.test.WatchDog.cancel(): canceling Tue Aug 04 15:19:40 UTC 2020
------------------ testing $PTII/ptolemy/domains/de/test/auto/realtime.xml
auto.tcl: Setting watchdog for 200 seconds at Tue Aug 04 15:19:40 UTC 2020
10002 ms. Memory: 51200K Free: 31689K (62%)
ptolemy.util.test.WatchDog.cancel(): canceling Tue Aug 04 15:19:50 UTC 2020
auto.tcl: Setting watchdog for 200 seconds at Tue Aug 04 15:19:50 UTC 2020
10001 ms. Memory: 51200K Free: 30954K (60%)
ptolemy.util.test.WatchDog.cancel(): canceling Tue Aug 04 15:20:00 UTC 2020
------------------ testing $PTII/ptolemy/domains/de/test/auto/relationGroup.xml
auto.tcl: Setting watchdog for 200 seconds at Tue Aug 04 15:20:00 UTC 2020
2 ms. Memory: 51200K Free: 32771K (64%)
ptolemy.util.test.WatchDog.cancel(): canceling Tue Aug 04 15:20:00 UTC 2020
auto.tcl: Setting watchdog for 200 seconds at Tue Aug 04 15:20:00 UTC 2020
2 ms. Memory: 51200K Free: 32035K (63%)
ptolemy.util.test.WatchDog.cancel(): canceling Tue Aug 04 15:20:00 UTC 2020
------------------ testing $PTII/ptolemy/domains/de/test/auto/relationGroup2.xml
auto.tcl: Setting watchdog for 200 seconds at Tue Aug 04 15:20:00 UTC 2020
1 ms. Memory: 51200K Free: 32571K (64%)
ptolemy.util.test.WatchDog.cancel(): canceling Tue Aug 04 15:20:00 UTC 2020
auto.tcl: Setting watchdog for 200 seconds at Tue Aug 04 15:20:00 UTC 2020
2 ms. Memory: 51200K Free: 32074K (63%)
ptolemy.util.test.WatchDog.cancel(): canceling Tue Aug 04 15:20:00 UTC 2020
------------------ testing $PTII/ptolemy/domains/de/test/auto/sortWithOpaquePorts.xml
auto.tcl: Setting watchdog for 200 seconds at Tue Aug 04 15:20:00 UTC 2020
3 ms. Memory: 51200K Free: 31533K (62%)
ptolemy.util.test.WatchDog.cancel(): canceling Tue Aug 04 15:20:00 UTC 2020
auto.tcl: Setting watchdog for 200 seconds at Tue Aug 04 15:20:00 UTC 2020
2 ms. Memory: 51200K Free: 30508K (60%)
ptolemy.util.test.WatchDog.cancel(): canceling Tue Aug 04 15:20:00 UTC 2020
------------------ testing $PTII/ptolemy/domains/de/test/auto/transferInputsandOutputs.xml
auto.tcl: Setting watchdog for 200 seconds at Tue Aug 04 15:20:00 UTC 2020
3 ms. Memory: 51200K Free: 28976K (57%)
ptolemy.util.test.WatchDog.cancel(): canceling Tue Aug 04 15:20:00 UTC 2020
auto.tcl: Setting watchdog for 200 seconds at Tue Aug 04 15:20:00 UTC 2020
3 ms. Memory: 51200K Free: 27952K (55%)
ptolemy.util.test.WatchDog.cancel(): canceling Tue Aug 04 15:20:00 UTC 2020
------------------ testing $PTII/ptolemy/domains/de/test/auto/triggerType.xml
auto.tcl: Setting watchdog for 200 seconds at Tue Aug 04 15:20:00 UTC 2020
2 ms. Memory: 51200K Free: 32001K (63%)
ptolemy.util.test.WatchDog.cancel(): canceling Tue Aug 04 15:20:00 UTC 2020
auto.tcl: Setting watchdog for 200 seconds at Tue Aug 04 15:20:00 UTC 2020
2 ms. Memory: 51200K Free: 30977K (61%)
ptolemy.util.test.WatchDog.cancel(): canceling Tue Aug 04 15:20:00 UTC 2020
08/04/20 03:20:00
Failed: 0  Total Tests: 192  ((Passed: 187, Newly Passed: 1)  Known Failed: 5) /home/travis/build/icyphy/ptII/ptolemy/domains/de/test
08/04/20 03:20:00
Failed: 0  Total Tests: 192  ((Passed: 187, Newly Passed: 1)  Known Failed: 5) /home/travis/build/icyphy/ptII/ptolemy/domains/de/test
----------------- testing (KnownFailure) /home/travis/build/icyphy/ptII/ptolemy/domains/de/test/auto/knownFailedTests/DESDFClockTest.xml
2011 ms. Memory: 51200K Free: 25396K (50%)
Known Failure: java.lang.reflect.InvocationTargetException
----------------- testing (KnownFailure) /home/travis/build/icyphy/ptII/ptolemy/domains/de/test/auto/knownFailedTests/DirectFeedback.xml
1 ms. Memory: 51200K Free: 21814K (43%)
Known Failure: java.lang.reflect.InvocationTargetException
----------------- testing (KnownFailure) /home/travis/build/icyphy/ptII/ptolemy/domains/de/test/auto/knownFailedTests/FSMSource.xml
8 ms. Memory: 51200K Free: 14646K (29%)
----------------- testing (KnownFailure) /home/travis/build/icyphy/ptII/ptolemy/domains/de/test/auto/knownFailedTests/HierarchicalModel.xml
2 ms. Memory: 51200K Free: 27857K (54%)
Known Failure: java.lang.reflect.InvocationTargetException
----------------- testing (KnownFailure) /home/travis/build/icyphy/ptII/ptolemy/domains/de/test/auto/knownFailedTests/dependencyLoop.xml
2 ms. Memory: 51200K Free: 12513K (24%)
Known Failure: java.lang.reflect.InvocationTargetException
----------------- testing (KnownFailure) /home/travis/build/icyphy/ptII/ptolemy/domains/de/test/auto/knownFailedTests/dependencyLoop2.xml
9 ms. Memory: 51200K Free: 26433K (52%)
Known Failure: java.lang.reflect.InvocationTargetException
No auto/linux-amd64/*.xml tests in /home/travis/build/icyphy/ptII/ptolemy/domains/de/test
AutoTests.java: About to close Vertx.
AutoTests.java: Vertx closed.

===========================================================================================
----------------- testing Tue Aug 04 15:20:02 UTC 2020 /home/travis/build/icyphy/ptII/ptolemy/domains/de/test/auto/ActorDepthCalculation_actorWithoutPorts.xml
----------------- Instantiating /home/travis/build/icyphy/ptII/ptolemy/domains/de/test/auto/ActorDepthCalculation_actorWithoutPorts.xml
3 ms. Memory: 51200K Free: 19644K (38%)
----------------- Invoking toplevel() on ptolemy.moml.MoMLSimpleApplication@2d66b587
----------------- Done invoking toplevel() on ptolemy.moml.MoMLSimpleApplication@2d66b587
reloadAllAccessors: .ActorDepthCalculation_actorWithoutPorts

===========================================================================================
----------------- testing Tue Aug 04 15:20:02 UTC 2020 /home/travis/build/icyphy/ptII/ptolemy/domains/de/test/auto/AssemblyLine.xml
----------------- Instantiating /home/travis/build/icyphy/ptII/ptolemy/domains/de/test/auto/AssemblyLine.xml
4 ms. Memory: 51200K Free: 12468K (24%)
----------------- Invoking toplevel() on ptolemy.moml.MoMLSimpleApplication@2ac44f7f
----------------- Done invoking toplevel() on ptolemy.moml.MoMLSimpleApplication@2ac44f7f
reloadAllAccessors: .AssemblyLine

===========================================================================================
----------------- testing Tue Aug 04 15:20:02 UTC 2020 /home/travis/build/icyphy/ptII/ptolemy/domains/de/test/auto/CQBug1.xml
----------------- Instantiating /home/travis/build/icyphy/ptII/ptolemy/domains/de/test/auto/CQBug1.xml
2 ms. Memory: 51200K Free: 9723K (19%)
----------------- Invoking toplevel() on ptolemy.moml.MoMLSimpleApplication@129e28c6
----------------- Done invoking toplevel() on ptolemy.moml.MoMLSimpleApplication@129e28c6
reloadAllAccessors: .CQBug1

===========================================================================================
----------------- testing Tue Aug 04 15:20:02 UTC 2020 /home/travis/build/icyphy/ptII/ptolemy/domains/de/test/auto/CancelFireAt.xml
----------------- Instantiating /home/travis/build/icyphy/ptII/ptolemy/domains/de/test/auto/CancelFireAt.xml
1 ms. Memory: 51200K Free: 6977K (14%)
----------------- Invoking toplevel() on ptolemy.moml.MoMLSimpleApplication@66b15d0f
----------------- Done invoking toplevel() on ptolemy.moml.MoMLSimpleApplication@66b15d0f
reloadAllAccessors: .CancelFireAt

===========================================================================================
----------------- testing Tue Aug 04 15:20:02 UTC 2020 /home/travis/build/icyphy/ptII/ptolemy/domains/de/test/auto/CausalityAndComposabilityAnalysis.xml
----------------- Instantiating /home/travis/build/icyphy/ptII/ptolemy/domains/de/test/auto/CausalityAndComposabilityAnalysis.xml
2 ms. Memory: 51200K Free: 31616K (62%)
----------------- Invoking toplevel() on ptolemy.moml.MoMLSimpleApplication@4e140676
----------------- Done invoking toplevel() on ptolemy.moml.MoMLSimpleApplication@4e140676
reloadAllAccessors: .CausalityAndComposabilityAnalysis

===========================================================================================
----------------- testing Tue Aug 04 15:20:02 UTC 2020 /home/travis/build/icyphy/ptII/ptolemy/domains/de/test/auto/CausalityInterface1.xml
----------------- Instantiating /home/travis/build/icyphy/ptII/ptolemy/domains/de/test/auto/CausalityInterface1.xml
4 ms. Memory: 51200K Free: 26784K (52%)
----------------- Invoking toplevel() on ptolemy.moml.MoMLSimpleApplication@20041969
----------------- Done invoking toplevel() on ptolemy.moml.MoMLSimpleApplication@20041969
reloadAllAccessors: .CausalityInterface1

===========================================================================================
----------------- testing Tue Aug 04 15:20:02 UTC 2020 /home/travis/build/icyphy/ptII/ptolemy/domains/de/test/auto/CausalityInterface15.xml
----------------- Instantiating /home/travis/build/icyphy/ptII/ptolemy/domains/de/test/auto/CausalityInterface15.xml
2 ms. Memory: 51200K Free: 21338K (42%)
----------------- Invoking toplevel() on ptolemy.moml.MoMLSimpleApplication@71874c52
----------------- Done invoking toplevel() on ptolemy.moml.MoMLSimpleApplication@71874c52
reloadAllAccessors: .CausalityInterface15

===========================================================================================
----------------- testing Tue Aug 04 15:20:02 UTC 2020 /home/travis/build/icyphy/ptII/ptolemy/domains/de/test/auto/CausalityInterface2.xml
----------------- Instantiating /home/travis/build/icyphy/ptII/ptolemy/domains/de/test/auto/CausalityInterface2.xml
2 ms. Memory: 51200K Free: 16706K (33%)
[...]
	at ptolemy.actor.Manager.run(Manager.java:1263)
	at ptolemy.actor.Manager$PtolemyRunThread.run(Manager.java:1933)
java.lang.RuntimeException: Execution failed
	at ptolemy.moml.MoMLSimpleApplication$UnloadThread.run(MoMLSimpleApplication.java:402)
Caused by: ptolemy.kernel.util.IllegalActionException: Actor is not ready to fire.  Perhaps UpSample.prefire() returned false? Try debugging the actor by selecting "Listen to Actor".  Also, for SDF check moml for tokenConsumptionRate on input.
  in .DESDFClockTest.Play Bell.Copy1:SDF Director and .DESDFClockTest.Play Bell.UpSample
	at ptolemy.actor.sched.StaticSchedulingDirector.fire(StaticSchedulingDirector.java:227)
	at ptolemy.domains.sdf.kernel.SDFDirector.fire(SDFDirector.java:500)
	at ptolemy.actor.CompositeActor.fire(CompositeActor.java:455)
	at ptolemy.domains.de.kernel.DEDirector._fire(DEDirector.java:1949)
	at ptolemy.domains.de.kernel.DEDirector.fire(DEDirector.java:502)
	at ptolemy.actor.CompositeActor.fire(CompositeActor.java:455)
	at ptolemy.actor.Manager.iterate(Manager.java:851)
	at ptolemy.actor.Manager.execute(Manager.java:369)
	at ptolemy.actor.Manager.run(Manager.java:1263)
	at ptolemy.actor.Manager$PtolemyRunThread.run(Manager.java:1933)
java.lang.reflect.InvocationTargetException
	at java.base/jdk.internal.reflect.NativeConstructorAccessorImpl.newInstance0(Native Method)
	at java.base/jdk.internal.reflect.NativeConstructorAccessorImpl.newInstance(NativeConstructorAccessorImpl.java:62)
	at java.base/jdk.internal.reflect.DelegatingConstructorAccessorImpl.newInstance(DelegatingConstructorAccessorImpl.java:45)
	at java.base/java.lang.reflect.Constructor.newInstance(Constructor.java:490)
	at ptolemy.util.test.junit.AutoKnownFailedTests.RunModel(AutoKnownFailedTests.java:105)
	at java.base/jdk.internal.reflect.NativeMethodAccessorImpl.invoke0(Native Method)
	at java.base/jdk.internal.reflect.NativeMethodAccessorImpl.invoke(NativeMethodAccessorImpl.java:62)
	at java.base/jdk.internal.reflect.DelegatingMethodAccessorImpl.invoke(DelegatingMethodAccessorImpl.java:43)
	at java.base/java.lang.reflect.Method.invoke(Method.java:566)
	at org.junit.runners.model.FrameworkMethod$1.runReflectiveCall(FrameworkMethod.java:44)
	at org.junit.internal.runners.model.ReflectiveCallable.run(ReflectiveCallable.java:15)
	at org.junit.runners.model.FrameworkMethod.invokeExplosively(FrameworkMethod.java:41)
	at junitparams.internal.InvokeParameterisedMethod.evaluate(InvokeParameterisedMethod.java:102)
	at org.junit.internal.runners.statements.FailOnTimeout$1.run(FailOnTimeout.java:28)
Caused by: ptolemy.kernel.util.IllegalActionException: Actor is not ready to fire.  Perhaps UpSample.prefire() returned false? Try debugging the actor by selecting "Listen to Actor".  Also, for SDF check moml for tokenConsumptionRate on input.
  in .DESDFClockTest.Play Bell.Copy1:SDF Director and .DESDFClockTest.Play Bell.UpSample
	at ptolemy.actor.sched.StaticSchedulingDirector.fire(StaticSchedulingDirector.java:227)
	at ptolemy.domains.sdf.kernel.SDFDirector.fire(SDFDirector.java:500)
	at ptolemy.actor.CompositeActor.fire(CompositeActor.java:455)
	at ptolemy.domains.de.kernel.DEDirector._fire(DEDirector.java:1949)
	at ptolemy.domains.de.kernel.DEDirector.fire(DEDirector.java:502)
	at ptolemy.actor.CompositeActor.fire(CompositeActor.java:455)
	at ptolemy.actor.Manager.iterate(Manager.java:851)
	at ptolemy.actor.Manager.execute(Manager.java:369)
	at ptolemy.actor.Manager.run(Manager.java:1263)
	at ptolemy.actor.Manager$PtolemyRunThread.run(Manager.java:1933)
java.lang.RuntimeException: Execution failed
	at ptolemy.moml.MoMLSimpleApplication$UnloadThread.run(MoMLSimpleApplication.java:402)
Caused by: ptolemy.kernel.util.IllegalActionException: Test fails in iteration 1.
Value was: 1.0. Should have been: 2.0
  in .DirectFeedback.Test
	at ptolemy.actor.lib.Test.fire(Test.java:268)
	at ptolemy.domains.de.kernel.DEDirector._fire(DEDirector.java:1949)
	at ptolemy.domains.de.kernel.DEDirector.fire(DEDirector.java:502)
	at ptolemy.actor.CompositeActor.fire(CompositeActor.java:455)
	at ptolemy.actor.Manager.iterate(Manager.java:851)
	at ptolemy.actor.Manager.execute(Manager.java:369)
	at ptolemy.actor.Manager.run(Manager.java:1263)
	at ptolemy.actor.Manager$PtolemyRunThread.run(Manager.java:1933)
java.lang.reflect.InvocationTargetException
	at java.base/jdk.internal.reflect.NativeConstructorAccessorImpl.newInstance0(Native Method)
	at java.base/jdk.internal.reflect.NativeConstructorAccessorImpl.newInstance(NativeConstructorAccessorImpl.java:62)
	at java.base/jdk.internal.reflect.DelegatingConstructorAccessorImpl.newInstance(DelegatingConstructorAccessorImpl.java:45)
	at java.base/java.lang.reflect.Constructor.newInstance(Constructor.java:490)
	at ptolemy.util.test.junit.AutoKnownFailedTests.RunModel(AutoKnownFailedTests.java:105)
	at java.base/jdk.internal.reflect.NativeMethodAccessorImpl.invoke0(Native Method)
	at java.base/jdk.internal.reflect.NativeMethodAccessorImpl.invoke(NativeMethodAccessorImpl.java:62)
	at java.base/jdk.internal.reflect.DelegatingMethodAccessorImpl.invoke(DelegatingMethodAccessorImpl.java:43)
	at java.base/java.lang.reflect.Method.invoke(Method.java:566)
	at org.junit.runners.model.FrameworkMethod$1.runReflectiveCall(FrameworkMethod.java:44)
	at org.junit.internal.runners.model.ReflectiveCallable.run(ReflectiveCallable.java:15)
	at org.junit.runners.model.FrameworkMethod.invokeExplosively(FrameworkMethod.java:41)
	at junitparams.internal.InvokeParameterisedMethod.evaluate(InvokeParameterisedMethod.java:102)
	at org.junit.internal.runners.statements.FailOnTimeout$1.run(FailOnTimeout.java:28)
Caused by: ptolemy.kernel.util.IllegalActionException: Test fails in iteration 1.
Value was: 1.0. Should have been: 2.0
  in .DirectFeedback.Test
	at ptolemy.actor.lib.Test.fire(Test.java:268)
	at ptolemy.domains.de.kernel.DEDirector._fire(DEDirector.java:1949)
	at ptolemy.domains.de.kernel.DEDirector.fire(DEDirector.java:502)
	at ptolemy.actor.CompositeActor.fire(CompositeActor.java:455)
	at ptolemy.actor.Manager.iterate(Manager.java:851)
	at ptolemy.actor.Manager.execute(Manager.java:369)
	at ptolemy.actor.Manager.run(Manager.java:1263)
	at ptolemy.actor.Manager$PtolemyRunThread.run(Manager.java:1933)
java.lang.RuntimeException: Execution failed
	at ptolemy.moml.MoMLSimpleApplication$UnloadThread.run(MoMLSimpleApplication.java:402)
Caused by: ptolemy.kernel.util.IllegalActionException: Found a zero delay loop containing .HierarchicalModel.A
  in .HierarchicalModel and .HierarchicalModel.A
	at ptolemy.actor.util.CausalityInterfaceForComposites._computeOutputPortDepth(CausalityInterfaceForComposites.java:759)
	at ptolemy.actor.util.CausalityInterfaceForComposites._computeInputDepth(CausalityInterfaceForComposites.java:696)
	at ptolemy.actor.util.CausalityInterfaceForComposites._computeOutputPortDepth(CausalityInterfaceForComposites.java:765)
	at ptolemy.actor.util.CausalityInterfaceForComposites._computeInputDepth(CausalityInterfaceForComposites.java:696)
	at ptolemy.actor.util.CausalityInterfaceForComposites._computeOutputPortDepth(CausalityInterfaceForComposites.java:765)
	at ptolemy.actor.util.CausalityInterfaceForComposites._computeInputDepth(CausalityInterfaceForComposites.java:696)
	at ptolemy.actor.util.CausalityInterfaceForComposites._computeActorDepth(CausalityInterfaceForComposites.java:532)
	at ptolemy.actor.util.CausalityInterfaceForComposites.checkForCycles(CausalityInterfaceForComposites.java:96)
	at ptolemy.domains.de.kernel.DEDirector.preinitialize(DEDirector.java:1338)
	at ptolemy.actor.CompositeActor.preinitialize(CompositeActor.java:1828)
	at ptolemy.actor.Manager.preinitializeAndResolveTypes(Manager.java:1040)
	at ptolemy.actor.Manager.initialize(Manager.java:710)
	at ptolemy.actor.Manager.execute(Manager.java:356)
	at ptolemy.actor.Manager.run(Manager.java:1263)
	at ptolemy.actor.Manager$PtolemyRunThread.run(Manager.java:1933)
java.lang.reflect.InvocationTargetException
	at java.base/jdk.internal.reflect.NativeConstructorAccessorImpl.newInstance0(Native Method)
	at java.base/jdk.internal.reflect.NativeConstructorAccessorImpl.newInstance(NativeConstructorAccessorImpl.java:62)
	at java.base/jdk.internal.reflect.DelegatingConstructorAccessorImpl.newInstance(DelegatingConstructorAccessorImpl.java:45)
	at java.base/java.lang.reflect.Constructor.newInstance(Constructor.java:490)
	at ptolemy.util.test.junit.AutoKnownFailedTests.RunModel(AutoKnownFailedTests.java:105)
	at java.base/jdk.internal.reflect.NativeMethodAccessorImpl.invoke0(Native Method)
	at java.base/jdk.internal.reflect.NativeMethodAccessorImpl.invoke(NativeMethodAccessorImpl.java:62)
	at java.base/jdk.internal.reflect.DelegatingMethodAccessorImpl.invoke(DelegatingMethodAccessorImpl.java:43)
	at java.base/java.lang.reflect.Method.invoke(Method.java:566)
	at org.junit.runners.model.FrameworkMethod$1.runReflectiveCall(FrameworkMethod.java:44)
	at org.junit.internal.runners.model.ReflectiveCallable.run(ReflectiveCallable.java:15)
	at org.junit.runners.model.FrameworkMethod.invokeExplosively(FrameworkMethod.java:41)
	at junitparams.internal.InvokeParameterisedMethod.evaluate(InvokeParameterisedMethod.java:102)
	at org.junit.internal.runners.statements.FailOnTimeout$1.run(FailOnTimeout.java:28)
Caused by: ptolemy.kernel.util.IllegalActionException: Found a zero delay loop containing .HierarchicalModel.A
  in .HierarchicalModel and .HierarchicalModel.A
	at ptolemy.actor.util.CausalityInterfaceForComposites._computeOutputPortDepth(CausalityInterfaceForComposites.java:759)
	at ptolemy.actor.util.CausalityInterfaceForComposites._computeInputDepth(CausalityInterfaceForComposites.java:696)
	at ptolemy.actor.util.CausalityInterfaceForComposites._computeOutputPortDepth(CausalityInterfaceForComposites.java:765)
	at ptolemy.actor.util.CausalityInterfaceForComposites._computeInputDepth(CausalityInterfaceForComposites.java:696)
	at ptolemy.actor.util.CausalityInterfaceForComposites._computeOutputPortDepth(CausalityInterfaceForComposites.java:765)
	at ptolemy.actor.util.CausalityInterfaceForComposites._computeInputDepth(CausalityInterfaceForComposites.java:696)
	at ptolemy.actor.util.CausalityInterfaceForComposites._computeActorDepth(CausalityInterfaceForComposites.java:532)
	at ptolemy.actor.util.CausalityInterfaceForComposites.checkForCycles(CausalityInterfaceForComposites.java:96)
	at ptolemy.domains.de.kernel.DEDirector.preinitialize(DEDirector.java:1338)
	at ptolemy.actor.CompositeActor.preinitialize(CompositeActor.java:1828)
	at ptolemy.actor.Manager.preinitializeAndResolveTypes(Manager.java:1040)
	at ptolemy.actor.Manager.initialize(Manager.java:710)
	at ptolemy.actor.Manager.execute(Manager.java:356)
	at ptolemy.actor.Manager.run(Manager.java:1263)
	at ptolemy.actor.Manager$PtolemyRunThread.run(Manager.java:1933)
java.lang.RuntimeException: Execution failed
	at ptolemy.moml.MoMLSimpleApplication$UnloadThread.run(MoMLSimpleApplication.java:402)
Caused by: ptolemy.kernel.util.IllegalActionException: Found a zero delay loop containing .dependencyLoop.original
  in .dependencyLoop and .dependencyLoop.original
	at ptolemy.actor.util.CausalityInterfaceForComposites._computeOutputPortDepth(CausalityInterfaceForComposites.java:759)
	at ptolemy.actor.util.CausalityInterfaceForComposites._computeInputDepth(CausalityInterfaceForComposites.java:696)
	at ptolemy.actor.util.CausalityInterfaceForComposites._computeOutputPortDepth(CausalityInterfaceForComposites.java:765)
	at ptolemy.actor.util.CausalityInterfaceForComposites._computeInputDepth(CausalityInterfaceForComposites.java:696)
	at ptolemy.actor.util.CausalityInterfaceForComposites._computeOutputPortDepth(CausalityInterfaceForComposites.java:765)
	at ptolemy.actor.util.CausalityInterfaceForComposites._computeInputDepth(CausalityInterfaceForComposites.java:696)
	at ptolemy.actor.util.CausalityInterfaceForComposites._computeActorDepth(CausalityInterfaceForComposites.java:532)
	at ptolemy.actor.util.CausalityInterfaceForComposites.checkForCycles(CausalityInterfaceForComposites.java:96)
	at ptolemy.domains.de.kernel.DEDirector.preinitialize(DEDirector.java:1338)
	at ptolemy.actor.CompositeActor.preinitialize(CompositeActor.java:1828)
	at ptolemy.actor.Manager.preinitializeAndResolveTypes(Manager.java:1040)
	at ptolemy.actor.Manager.initialize(Manager.java:710)
	at ptolemy.actor.Manager.execute(Manager.java:356)
	at ptolemy.actor.Manager.run(Manager.java:1263)
	at ptolemy.actor.Manager$PtolemyRunThread.run(Manager.java:1933)
java.lang.reflect.InvocationTargetException
	at java.base/jdk.internal.reflect.NativeConstructorAccessorImpl.newInstance0(Native Method)
	at java.base/jdk.internal.reflect.NativeConstructorAccessorImpl.newInstance(NativeConstructorAccessorImpl.java:62)
	at java.base/jdk.internal.reflect.DelegatingConstructorAccessorImpl.newInstance(DelegatingConstructorAccessorImpl.java:45)
	at java.base/java.lang.reflect.Constructor.newInstance(Constructor.java:490)
	at ptolemy.util.test.junit.AutoKnownFailedTests.RunModel(AutoKnownFailedTests.java:105)
	at java.base/jdk.internal.reflect.NativeMethodAccessorImpl.invoke0(Native Method)
	at java.base/jdk.internal.reflect.NativeMethodAccessorImpl.invoke(NativeMethodAccessorImpl.java:62)
	at java.base/jdk.internal.reflect.DelegatingMethodAccessorImpl.invoke(DelegatingMethodAccessorImpl.java:43)
	at java.base/java.lang.reflect.Method.invoke(Method.java:566)
	at org.junit.runners.model.FrameworkMethod$1.runReflectiveCall(FrameworkMethod.java:44)
	at org.junit.internal.runners.model.ReflectiveCallable.run(ReflectiveCallable.java:15)
	at org.junit.runners.model.FrameworkMethod.invokeExplosively(FrameworkMethod.java:41)
	at junitparams.internal.InvokeParameterisedMethod.evaluate(InvokeParameterisedMethod.java:102)
	at org.junit.internal.runners.statements.FailOnTimeout$1.run(FailOnTimeout.java:28)
Caused by: ptolemy.kernel.util.IllegalActionException: Found a zero delay loop containing .dependencyLoop.original
  in .dependencyLoop and .dependencyLoop.original
	at ptolemy.actor.util.CausalityInterfaceForComposites._computeOutputPortDepth(CausalityInterfaceForComposites.java:759)
	at ptolemy.actor.util.CausalityInterfaceForComposites._computeInputDepth(CausalityInterfaceForComposites.java:696)
	at ptolemy.actor.util.CausalityInterfaceForComposites._computeOutputPortDepth(CausalityInterfaceForComposites.java:765)
	at ptolemy.actor.util.CausalityInterfaceForComposites._computeInputDepth(CausalityInterfaceForComposites.java:696)
	at ptolemy.actor.util.CausalityInterfaceForComposites._computeOutputPortDepth(CausalityInterfaceForComposites.java:765)
	at ptolemy.actor.util.CausalityInterfaceForComposites._computeInputDepth(CausalityInterfaceForComposites.java:696)
	at ptolemy.actor.util.CausalityInterfaceForComposites._computeActorDepth(CausalityInterfaceForComposites.java:532)
	at ptolemy.actor.util.CausalityInterfaceForComposites.checkForCycles(CausalityInterfaceForComposites.java:96)
	at ptolemy.domains.de.kernel.DEDirector.preinitialize(DEDirector.java:1338)
	at ptolemy.actor.CompositeActor.preinitialize(CompositeActor.java:1828)
	at ptolemy.actor.Manager.preinitializeAndResolveTypes(Manager.java:1040)
	at ptolemy.actor.Manager.initialize(Manager.java:710)
	at ptolemy.actor.Manager.execute(Manager.java:356)
	at ptolemy.actor.Manager.run(Manager.java:1263)
	at ptolemy.actor.Manager$PtolemyRunThread.run(Manager.java:1933)
java.lang.RuntimeException: Execution failed
	at ptolemy.moml.MoMLSimpleApplication$UnloadThread.run(MoMLSimpleApplication.java:402)
Caused by: ptolemy.kernel.util.IllegalActionException: Found a zero delay loop containing .dependencyLoop2.original
  in .dependencyLoop2 and .dependencyLoop2.original
	at ptolemy.actor.util.CausalityInterfaceForComposites._computeOutputPortDepth(CausalityInterfaceForComposites.java:759)
	at ptolemy.actor.util.CausalityInterfaceForComposites._computeInputDepth(CausalityInterfaceForComposites.java:696)
	at ptolemy.actor.util.CausalityInterfaceForComposites._computeOutputPortDepth(CausalityInterfaceForComposites.java:765)
	at ptolemy.actor.util.CausalityInterfaceForComposites._computeInputDepth(CausalityInterfaceForComposites.java:696)
	at ptolemy.actor.util.CausalityInterfaceForComposites._computeOutputPortDepth(CausalityInterfaceForComposites.java:765)
	at ptolemy.actor.util.CausalityInterfaceForComposites._computeInputDepth(CausalityInterfaceForComposites.java:696)
	at ptolemy.actor.util.CausalityInterfaceForComposites._computeActorDepth(CausalityInterfaceForComposites.java:532)
	at ptolemy.actor.util.CausalityInterfaceForComposites.checkForCycles(CausalityInterfaceForComposites.java:96)
	at ptolemy.domains.de.kernel.DEDirector.preinitialize(DEDirector.java:1338)
	at ptolemy.actor.CompositeActor.preinitialize(CompositeActor.java:1828)
	at ptolemy.actor.Manager.preinitializeAndResolveTypes(Manager.java:1040)
	at ptolemy.actor.Manager.initialize(Manager.java:710)
	at ptolemy.actor.Manager.execute(Manager.java:356)
	at ptolemy.actor.Manager.run(Manager.java:1263)
	at ptolemy.actor.Manager$PtolemyRunThread.run(Manager.java:1933)
java.lang.reflect.InvocationTargetException
	at java.base/jdk.internal.reflect.NativeConstructorAccessorImpl.newInstance0(Native Method)
	at java.base/jdk.internal.reflect.NativeConstructorAccessorImpl.newInstance(NativeConstructorAccessorImpl.java:62)
	at java.base/jdk.internal.reflect.DelegatingConstructorAccessorImpl.newInstance(DelegatingConstructorAccessorImpl.java:45)
	at java.base/java.lang.reflect.Constructor.newInstance(Constructor.java:490)
	at ptolemy.util.test.junit.AutoKnownFailedTests.RunModel(AutoKnownFailedTests.java:105)
	at java.base/jdk.internal.reflect.NativeMethodAccessorImpl.invoke0(Native Method)
	at java.base/jdk.internal.reflect.NativeMethodAccessorImpl.invoke(NativeMethodAccessorImpl.java:62)
	at java.base/jdk.internal.reflect.DelegatingMethodAccessorImpl.invoke(DelegatingMethodAccessorImpl.java:43)
	at java.base/java.lang.reflect.Method.invoke(Method.java:566)
	at org.junit.runners.model.FrameworkMethod$1.runReflectiveCall(FrameworkMethod.java:44)
	at org.junit.internal.runners.model.ReflectiveCallable.run(ReflectiveCallable.java:15)
	at org.junit.runners.model.FrameworkMethod.invokeExplosively(FrameworkMethod.java:41)
	at junitparams.internal.InvokeParameterisedMethod.evaluate(InvokeParameterisedMethod.java:102)
	at org.junit.internal.runners.statements.FailOnTimeout$1.run(FailOnTimeout.java:28)
Caused by: ptolemy.kernel.util.IllegalActionException: Found a zero delay loop containing .dependencyLoop2.original
  in .dependencyLoop2 and .dependencyLoop2.original
	at ptolemy.actor.util.CausalityInterfaceForComposites._computeOutputPortDepth(CausalityInterfaceForComposites.java:759)
	at ptolemy.actor.util.CausalityInterfaceForComposites._computeInputDepth(CausalityInterfaceForComposites.java:696)
	at ptolemy.actor.util.CausalityInterfaceForComposites._computeOutputPortDepth(CausalityInterfaceForComposites.java:765)
	at ptolemy.actor.util.CausalityInterfaceForComposites._computeInputDepth(CausalityInterfaceForComposites.java:696)
	at ptolemy.actor.util.CausalityInterfaceForComposites._computeOutputPortDepth(CausalityInterfaceForComposites.java:765)
	at ptolemy.actor.util.CausalityInterfaceForComposites._computeInputDepth(CausalityInterfaceForComposites.java:696)
	at ptolemy.actor.util.CausalityInterfaceForComposites._computeActorDepth(CausalityInterfaceForComposites.java:532)
	at ptolemy.actor.util.CausalityInterfaceForComposites.checkForCycles(CausalityInterfaceForComposites.java:96)
	at ptolemy.domains.de.kernel.DEDirector.preinitialize(DEDirector.java:1338)
	at ptolemy.actor.CompositeActor.preinitialize(CompositeActor.java:1828)
	at ptolemy.actor.Manager.preinitializeAndResolveTypes(Manager.java:1040)
	at ptolemy.actor.Manager.initialize(Manager.java:710)
	at ptolemy.actor.Manager.execute(Manager.java:356)
	at ptolemy.actor.Manager.run(Manager.java:1263)
	at ptolemy.actor.Manager$PtolemyRunThread.run(Manager.java:1933)
]]></system-err>
</testsuite>
