<?xml version="1.0" encoding="UTF-8" ?>
<testsuite errors="0" failures="0" hostname="travis-job-425cd71e-6211-47ad-89cd-11c5446568da" name="ptolemy.domains.sdf.test.junit.JUnitTclTest" skipped="0" tests="66" time="19.421" timestamp="2018-09-11T02:13:39">
  <properties>
[...]
</properties>
  <testcase classname="ptolemy.util.test.junit.TclTests" name="[0] /home/travis/build/icyphy/ptII/ptolemy/domains/sdf/test/SDFSchedulerErrors.tcl (RunTclFile)" time="0.626" />
  <testcase classname="ptolemy.util.test.junit.TclTests" name="[1] /home/travis/build/icyphy/ptII/ptolemy/domains/sdf/test/composition.tcl (RunTclFile)" time="0.142" />
  <testcase classname="ptolemy.util.test.junit.TclTests" name="[2] /home/travis/build/icyphy/ptII/ptolemy/domains/sdf/test/cycle.tcl (RunTclFile)" time="0.055" />
  <testcase classname="ptolemy.util.test.junit.AutoKnownFailedTests" name="[0] ThereAreNoKnowFailedTests (RunModel)" time="0.001" />
  <testcase classname="ptolemy.util.test.junit.AutoNameArchTests" name="[0] ThereAreNoAutoArchTests (RunModel)" time="0.0" />
  <testcase classname="ptolemy.util.test.junit.AutoTests" name="[0] /home/travis/build/icyphy/ptII/ptolemy/domains/sdf/test/auto/Array.xml (RunModel)" time="0.179" />
  <testcase classname="ptolemy.util.test.junit.AutoTests" name="[1] /home/travis/build/icyphy/ptII/ptolemy/domains/sdf/test/auto/Butterfly.xml (RunModel)" time="0.166" />
  <testcase classname="ptolemy.util.test.junit.AutoTests" name="[2] /home/travis/build/icyphy/ptII/ptolemy/domains/sdf/test/auto/Expression.xml (RunModel)" time="0.14" />
  <testcase classname="ptolemy.util.test.junit.AutoTests" name="[3] /home/travis/build/icyphy/ptII/ptolemy/domains/sdf/test/auto/Eye.xml (RunModel)" time="0.272" />
  <testcase classname="ptolemy.util.test.junit.AutoTests" name="[4] /home/travis/build/icyphy/ptII/ptolemy/domains/sdf/test/auto/FixFIR.xml (RunModel)" time="0.279" />
  <testcase classname="ptolemy.util.test.junit.AutoTests" name="[5] /home/travis/build/icyphy/ptII/ptolemy/domains/sdf/test/auto/FixPoint.xml (RunModel)" time="0.036" />
  <testcase classname="ptolemy.util.test.junit.AutoTests" name="[6] /home/travis/build/icyphy/ptII/ptolemy/domains/sdf/test/auto/Gravitation.xml (RunModel)" time="3.192" />
  <testcase classname="ptolemy.util.test.junit.AutoTests" name="[7] /home/travis/build/icyphy/ptII/ptolemy/domains/sdf/test/auto/GravitationWithCollisionDetection.xml (RunModel)" time="6.173" />
  <testcase classname="ptolemy.util.test.junit.AutoTests" name="[8] /home/travis/build/icyphy/ptII/ptolemy/domains/sdf/test/auto/HDF.xml (RunModel)" time="0.096" />
  <testcase classname="ptolemy.util.test.junit.AutoTests" name="[9] /home/travis/build/icyphy/ptII/ptolemy/domains/sdf/test/auto/HDFwithTransientStates.xml (RunModel)" time="0.077" />
  <testcase classname="ptolemy.util.test.junit.AutoTests" name="[10] /home/travis/build/icyphy/ptII/ptolemy/domains/sdf/test/auto/HTVQ.xml (RunModel)" time="0.902" />
  <testcase classname="ptolemy.util.test.junit.AutoTests" name="[11] /home/travis/build/icyphy/ptII/ptolemy/domains/sdf/test/auto/InferInitProduction.xml (RunModel)" time="0.028" />
  <testcase classname="ptolemy.util.test.junit.AutoTests" name="[12] /home/travis/build/icyphy/ptII/ptolemy/domains/sdf/test/auto/InferInitProductionDeeper.xml (RunModel)" time="0.032" />
  <testcase classname="ptolemy.util.test.junit.AutoTests" name="[13] /home/travis/build/icyphy/ptII/ptolemy/domains/sdf/test/auto/LMSAdaptive.xml (RunModel)" time="0.077" />
  <testcase classname="ptolemy.util.test.junit.AutoTests" name="[14] /home/travis/build/icyphy/ptII/ptolemy/domains/sdf/test/auto/LogisticMap.xml (RunModel)" time="0.467" />
  <testcase classname="ptolemy.util.test.junit.AutoTests" name="[15] /home/travis/build/icyphy/ptII/ptolemy/domains/sdf/test/auto/MaximumEntropySpectrum.xml (RunModel)" time="0.254" />
  <testcase classname="ptolemy.util.test.junit.AutoTests" name="[16] /home/travis/build/icyphy/ptII/ptolemy/domains/sdf/test/auto/MultirateSDF.xml (RunModel)" time="0.068" />
  <testcase classname="ptolemy.util.test.junit.AutoTests" name="[17] /home/travis/build/icyphy/ptII/ptolemy/domains/sdf/test/auto/MultirateSDFwithTransientStates.xml (RunModel)" time="0.081" />
  <testcase classname="ptolemy.util.test.junit.AutoTests" name="[18] /home/travis/build/icyphy/ptII/ptolemy/domains/sdf/test/auto/NoisySinewave.xml (RunModel)" time="0.062" />
  <testcase classname="ptolemy.util.test.junit.AutoTests" name="[19] /home/travis/build/icyphy/ptII/ptolemy/domains/sdf/test/auto/Objects.xml (RunModel)" time="0.047" />
  <testcase classname="ptolemy.util.test.junit.AutoTests" name="[20] /home/travis/build/icyphy/ptII/ptolemy/domains/sdf/test/auto/OrthogonalCom.xml (RunModel)" time="0.045" />
  <testcase classname="ptolemy.util.test.junit.AutoTests" name="[21] /home/travis/build/icyphy/ptII/ptolemy/domains/sdf/test/auto/RijndaelEncryption.xml (RunModel)" time="0.492" />
  <testcase classname="ptolemy.util.test.junit.AutoTests" name="[22] /home/travis/build/icyphy/ptII/ptolemy/domains/sdf/test/auto/SDFEmptyIterations.xml (RunModel)" time="0.038" />
  <testcase classname="ptolemy.util.test.junit.AutoTests" name="[23] /home/travis/build/icyphy/ptII/ptolemy/domains/sdf/test/auto/Spectrum.xml (RunModel)" time="0.068" />
  <testcase classname="ptolemy.util.test.junit.AutoTests" name="[24] /home/travis/build/icyphy/ptII/ptolemy/domains/sdf/test/auto/de_inside_sdf.xml (RunModel)" time="0.024" />
  <testcase classname="ptolemy.util.test.junit.AutoTests" name="[25] /home/travis/build/icyphy/ptII/ptolemy/domains/sdf/test/auto/disconnectedHierarchicalSDF.xml (RunModel)" time="0.022" />
  <testcase classname="ptolemy.util.test.junit.AutoTests" name="[26] /home/travis/build/icyphy/ptII/ptolemy/domains/sdf/test/auto/disconnectedSDF.xml (RunModel)" time="0.018" />
  <testcase classname="ptolemy.util.test.junit.AutoTests" name="[27] /home/travis/build/icyphy/ptII/ptolemy/domains/sdf/test/auto/emptyRefinement.xml (RunModel)" time="0.02" />
  <testcase classname="ptolemy.util.test.junit.AutoTests" name="[28] /home/travis/build/icyphy/ptII/ptolemy/domains/sdf/test/auto/filePortParameter.xml (RunModel)" time="0.038" />
  <testcase classname="ptolemy.util.test.junit.AutoTests" name="[29] /home/travis/build/icyphy/ptII/ptolemy/domains/sdf/test/auto/inferRelationWidth1.xml (RunModel)" time="0.014" />
  <testcase classname="ptolemy.util.test.junit.AutoTests" name="[30] /home/travis/build/icyphy/ptII/ptolemy/domains/sdf/test/auto/initProductionInference.xml (RunModel)" time="0.018" />
  <testcase classname="ptolemy.util.test.junit.AutoTests" name="[31] /home/travis/build/icyphy/ptII/ptolemy/domains/sdf/test/auto/relationGroup.xml (RunModel)" time="0.019" />
  <testcase classname="ptolemy.util.test.junit.AutoTests" name="[32] /home/travis/build/icyphy/ptII/ptolemy/domains/sdf/test/auto/relationGroup10.xml (RunModel)" time="0.015" />
  <testcase classname="ptolemy.util.test.junit.AutoTests" name="[33] /home/travis/build/icyphy/ptII/ptolemy/domains/sdf/test/auto/relationGroup11.xml (RunModel)" time="0.015" />
  <testcase classname="ptolemy.util.test.junit.AutoTests" name="[34] /home/travis/build/icyphy/ptII/ptolemy/domains/sdf/test/auto/relationGroup12.xml (RunModel)" time="0.024" />
  <testcase classname="ptolemy.util.test.junit.AutoTests" name="[35] /home/travis/build/icyphy/ptII/ptolemy/domains/sdf/test/auto/relationGroup13.xml (RunModel)" time="0.016" />
  <testcase classname="ptolemy.util.test.junit.AutoTests" name="[36] /home/travis/build/icyphy/ptII/ptolemy/domains/sdf/test/auto/relationGroup14.xml (RunModel)" time="0.016" />
  <testcase classname="ptolemy.util.test.junit.AutoTests" name="[37] /home/travis/build/icyphy/ptII/ptolemy/domains/sdf/test/auto/relationGroup15.xml (RunModel)" time="0.011" />
  <testcase classname="ptolemy.util.test.junit.AutoTests" name="[38] /home/travis/build/icyphy/ptII/ptolemy/domains/sdf/test/auto/relationGroup2.xml (RunModel)" time="0.012" />
  <testcase classname="ptolemy.util.test.junit.AutoTests" name="[39] /home/travis/build/icyphy/ptII/ptolemy/domains/sdf/test/auto/relationGroup3.xml (RunModel)" time="0.008" />
  <testcase classname="ptolemy.util.test.junit.AutoTests" name="[40] /home/travis/build/icyphy/ptII/ptolemy/domains/sdf/test/auto/relationGroup4.xml (RunModel)" time="0.015" />
  <testcase classname="ptolemy.util.test.junit.AutoTests" name="[41] /home/travis/build/icyphy/ptII/ptolemy/domains/sdf/test/auto/relationGroup5.xml (RunModel)" time="0.013" />
  <testcase classname="ptolemy.util.test.junit.AutoTests" name="[42] /home/travis/build/icyphy/ptII/ptolemy/domains/sdf/test/auto/relationGroup6.xml (RunModel)" time="0.021" />
  <testcase classname="ptolemy.util.test.junit.AutoTests" name="[43] /home/travis/build/icyphy/ptII/ptolemy/domains/sdf/test/auto/relationGroup7.xml (RunModel)" time="0.008" />
  <testcase classname="ptolemy.util.test.junit.AutoTests" name="[44] /home/travis/build/icyphy/ptII/ptolemy/domains/sdf/test/auto/relationGroup8.xml (RunModel)" time="0.014" />
  <testcase classname="ptolemy.util.test.junit.AutoTests" name="[45] /home/travis/build/icyphy/ptII/ptolemy/domains/sdf/test/auto/relationGroup9.xml (RunModel)" time="0.015" />
  <testcase classname="ptolemy.util.test.junit.AutoTests" name="[46] /home/travis/build/icyphy/ptII/ptolemy/domains/sdf/test/auto/sdf_inside_de.xml (RunModel)" time="0.056" />
  <testcase classname="ptolemy.util.test.junit.AutoTests" name="[47] /home/travis/build/icyphy/ptII/ptolemy/domains/sdf/test/auto/sdf_inside_pn.xml (RunModel)" time="0.066" />
  <testcase classname="ptolemy.util.test.junit.AutoTests" name="[48] /home/travis/build/icyphy/ptII/ptolemy/domains/sdf/test/auto/sdf_sdf1.xml (RunModel)" time="0.021" />
  <testcase classname="ptolemy.util.test.junit.AutoTests" name="[49] /home/travis/build/icyphy/ptII/ptolemy/domains/sdf/test/auto/test1.xml (RunModel)" time="0.016" />
  <testcase classname="ptolemy.util.test.junit.AutoTests" name="[50] /home/travis/build/icyphy/ptII/ptolemy/domains/sdf/test/auto/time1.xml (RunModel)" time="0.01" />
  <testcase classname="ptolemy.util.test.junit.AutoTests" name="[51] /home/travis/build/icyphy/ptII/ptolemy/domains/sdf/test/auto/time2.xml (RunModel)" time="0.01" />
  <testcase classname="ptolemy.util.test.junit.AutoTests" name="[52] /home/travis/build/icyphy/ptII/ptolemy/domains/sdf/test/auto/time3.xml (RunModel)" time="0.022" />
  <testcase classname="ptolemy.util.test.junit.AutoTests" name="[53] /home/travis/build/icyphy/ptII/ptolemy/domains/sdf/test/auto/time4.xml (RunModel)" time="0.018" />
  <testcase classname="ptolemy.util.test.junit.AutoTests" name="[54] /home/travis/build/icyphy/ptII/ptolemy/domains/sdf/test/auto/time5.xml (RunModel)" time="4.01" />
  <testcase classname="ptolemy.util.test.junit.AutoTests" name="[55] /home/travis/build/icyphy/ptII/ptolemy/domains/sdf/test/auto/typeSystem_Const_Integer_smallest_Type.xml (RunModel)" time="0.026" />
  <testcase classname="ptolemy.util.test.junit.AutoTests" name="[56] /home/travis/build/icyphy/ptII/ptolemy/domains/sdf/test/auto/typeSystem_declared_Inports_OutportTypeException.xml (RunModel)" time="0.035" />
  <testcase classname="ptolemy.util.test.junit.AutoTests" name="[57] /home/travis/build/icyphy/ptII/ptolemy/domains/sdf/test/auto/typeSystem_oneDeclaredInportType_wrongTypeOutport.xml (RunModel)" time="0.02" />
  <testcase classname="ptolemy.util.test.junit.AutoTests" name="[58] /home/travis/build/icyphy/ptII/ptolemy/domains/sdf/test/auto/width.xml (RunModel)" time="0.013" />
  <testcase classname="ptolemy.util.test.junit.AutoTests" name="[59] /home/travis/build/icyphy/ptII/ptolemy/domains/sdf/test/auto/width2.xml (RunModel)" time="0.049" />
  <testcase classname="ptolemy.util.test.junit.AutoTests" name="[60] /home/travis/build/icyphy/ptII/ptolemy/domains/sdf/test/auto/width3.xml (RunModel)" time="0.041" />
  <system-out><![CDATA[/home/travis/build/icyphy/ptII/ptolemy/domains/sdf/test/SDFSchedulerErrors.tcl
testDefs.tcl: setting time out to 9000 seconds at Tue Sep 11 02:13:40 UTC 2018
18 ms. Memory: 116224K Free: 105550K (91%)
5 ms. Memory: 116224K Free: 98523K (85%)
4 ms. Memory: 116224K Free: 91528K (79%)
3 ms. Memory: 116224K Free: 88448K (76%)
/home/travis/build/icyphy/ptII/ptolemy/domains/sdf/test/composition.tcl
38 ms. Memory: 116224K Free: 84836K (73%)
6 ms. Memory: 116224K Free: 83032K (71%)
/home/travis/build/icyphy/ptII/ptolemy/domains/sdf/test/cycle.tcl
.Toplevel.Director Preinitializing ...
Invoking preinitialize():  .Toplevel.Actor1
Invoking preinitialize():  .Toplevel.Actor2
Invoking preinitialize():  .Toplevel.Delay
.Toplevel.Director Finished preinitialize().
### Schedule:
Execute Schedule{
Fire Actor ptolemy.domains.sdf.kernel.test.SDFTestDelay {.Toplevel.Actor1}
Fire Actor ptolemy.domains.sdf.kernel.test.SDFTestDelay {.Toplevel.Actor2}
Fire Actor ptolemy.domains.sdf.lib.SampleDelay {.Toplevel.Delay}
}
### End schedule
Called initialize().
Invoking initialize():  .Toplevel.Actor1
Initializing actor: .Toplevel.Actor1.
Invoking initialize():  .Toplevel.Actor2
Initializing actor: .Toplevel.Actor2.
Invoking initialize():  .Toplevel.Delay
Initializing actor: .Toplevel.Delay.
Director: Called prefire().
-- Setting current time to 0.0
Director prefire returns true.
The actor .Toplevel.Actor1 will be iterated.
The actor .Toplevel.Actor1 was iterated.
The actor .Toplevel.Actor2 will be iterated.
The actor .Toplevel.Actor2 was iterated.
The actor .Toplevel.Delay will be iterated.
The actor .Toplevel.Delay was iterated.
Director: Called postfire().
Postfire returns: true
Director: Called prefire().
-- Setting current time to 0.0
Director prefire returns true.
The actor .Toplevel.Actor1 will be iterated.
The actor .Toplevel.Actor1 was iterated.
The actor .Toplevel.Actor2 will be iterated.
The actor .Toplevel.Actor2 was iterated.
The actor .Toplevel.Delay will be iterated.
The actor .Toplevel.Delay was iterated.
Director: Called postfire().
Postfire returns: true
Director: Called prefire().
-- Setting current time to 0.0
Director prefire returns true.
The actor .Toplevel.Actor1 will be iterated.
The actor .Toplevel.Actor1 was iterated.
The actor .Toplevel.Actor2 will be iterated.
The actor .Toplevel.Actor2 was iterated.
The actor .Toplevel.Delay will be iterated.
The actor .Toplevel.Delay was iterated.
Director: Called postfire().
Postfire returns: true
Director: Called prefire().
-- Setting current time to 0.0
Director prefire returns true.
The actor .Toplevel.Actor1 will be iterated.
The actor .Toplevel.Actor1 was iterated.
The actor .Toplevel.Actor2 will be iterated.
The actor .Toplevel.Actor2 was iterated.
The actor .Toplevel.Delay will be iterated.
The actor .Toplevel.Delay was iterated.
Director: Called postfire().
Postfire returns: true
Director: Called prefire().
-- Setting current time to 0.0
Director prefire returns true.
The actor .Toplevel.Actor1 will be iterated.
The actor .Toplevel.Actor1 was iterated.
The actor .Toplevel.Actor2 will be iterated.
The actor .Toplevel.Actor2 was iterated.
The actor .Toplevel.Delay will be iterated.
The actor .Toplevel.Delay was iterated.
Director: Called postfire().
Postfire returns: true
Director: Called prefire().
-- Setting current time to 0.0
Director prefire returns true.
The actor .Toplevel.Actor1 will be iterated.
The actor .Toplevel.Actor1 was iterated.
The actor .Toplevel.Actor2 will be iterated.
The actor .Toplevel.Actor2 was iterated.
The actor .Toplevel.Delay will be iterated.
The actor .Toplevel.Delay was iterated.
Reached specified number of iterations: 6
Director: Called wrapup().
27 ms. Memory: 146944K Free: 140727K (96%)
09/11/18 02:13:40
Failed: 0  Total Tests: 8  ((Passed: 8, Newly Passed: 0)  Known Failed: 0) /home/travis/build/icyphy/ptII/ptolemy/domains/sdf/test
No auto/knownFailedTests/*.xml tests in /home/travis/build/icyphy/ptII/ptolemy/domains/sdf/test
No auto/linux-amd64/*.xml tests in /home/travis/build/icyphy/ptII/ptolemy/domains/sdf/test
AutoTests.java: About to close Vertx.
AutoTests.java: Vertx closed.

===========================================================================================
----------------- testing Tue Sep 11 02:13:41 UTC 2018 /home/travis/build/icyphy/ptII/ptolemy/domains/sdf/test/auto/Array.xml
----------------- Instantiating /home/travis/build/icyphy/ptII/ptolemy/domains/sdf/test/auto/Array.xml
51 ms. Memory: 146944K Free: 101315K (69%)
----------------- Invoking toplevel() on ptolemy.moml.MoMLSimpleApplication@3a5b17ea
----------------- Done invoking toplevel() on ptolemy.moml.MoMLSimpleApplication@3a5b17ea
reloadAllAccessors: .Array

===========================================================================================
----------------- testing Tue Sep 11 02:13:41 UTC 2018 /home/travis/build/icyphy/ptII/ptolemy/domains/sdf/test/auto/Butterfly.xml
----------------- Instantiating /home/travis/build/icyphy/ptII/ptolemy/domains/sdf/test/auto/Butterfly.xml
104 ms. Memory: 146944K Free: 94523K (64%)
----------------- Invoking toplevel() on ptolemy.moml.MoMLSimpleApplication@77d76eac
----------------- Done invoking toplevel() on ptolemy.moml.MoMLSimpleApplication@77d76eac
reloadAllAccessors: .Butterfly

===========================================================================================
----------------- testing Tue Sep 11 02:13:41 UTC 2018 /home/travis/build/icyphy/ptII/ptolemy/domains/sdf/test/auto/Expression.xml
----------------- Instantiating /home/travis/build/icyphy/ptII/ptolemy/domains/sdf/test/auto/Expression.xml
76 ms. Memory: 146944K Free: 88491K (60%)
----------------- Invoking toplevel() on ptolemy.moml.MoMLSimpleApplication@2be3f58b
----------------- Done invoking toplevel() on ptolemy.moml.MoMLSimpleApplication@2be3f58b
reloadAllAccessors: .Expression

===========================================================================================
----------------- testing Tue Sep 11 02:13:41 UTC 2018 /home/travis/build/icyphy/ptII/ptolemy/domains/sdf/test/auto/Eye.xml
----------------- Instantiating /home/travis/build/icyphy/ptII/ptolemy/domains/sdf/test/auto/Eye.xml
136 ms. Memory: 146944K Free: 120023K (82%)
----------------- Invoking toplevel() on ptolemy.moml.MoMLSimpleApplication@1824bf57
----------------- Done invoking toplevel() on ptolemy.moml.MoMLSimpleApplication@1824bf57
reloadAllAccessors: .Eye

===========================================================================================
----------------- testing Tue Sep 11 02:13:41 UTC 2018 /home/travis/build/icyphy/ptII/ptolemy/domains/sdf/test/auto/FixFIR.xml
----------------- Instantiating /home/travis/build/icyphy/ptII/ptolemy/domains/sdf/test/auto/FixFIR.xml
124 ms. Memory: 146944K Free: 83669K (57%)
----------------- Invoking toplevel() on ptolemy.moml.MoMLSimpleApplication@33c8326e
----------------- Done invoking toplevel() on ptolemy.moml.MoMLSimpleApplication@33c8326e
reloadAllAccessors: .FixFIR

===========================================================================================
----------------- testing Tue Sep 11 02:13:42 UTC 2018 /home/travis/build/icyphy/ptII/ptolemy/domains/sdf/test/auto/FixPoint.xml
----------------- Instantiating /home/travis/build/icyphy/ptII/ptolemy/domains/sdf/test/auto/FixPoint.xml
15 ms. Memory: 146944K Free: 79099K (54%)
----------------- Invoking toplevel() on ptolemy.moml.MoMLSimpleApplication@720fe8a
----------------- Done invoking toplevel() on ptolemy.moml.MoMLSimpleApplication@720fe8a
reloadAllAccessors: .FixPoint

===========================================================================================
----------------- testing Tue Sep 11 02:13:42 UTC 2018 /home/travis/build/icyphy/ptII/ptolemy/domains/sdf/test/auto/Gravitation.xml
----------------- Instantiating /home/travis/build/icyphy/ptII/ptolemy/domains/sdf/test/auto/Gravitation.xml
3107 ms. Memory: 208384K Free: 108477K (52%)
----------------- Invoking toplevel() on ptolemy.moml.MoMLSimpleApplication@193eddc3
----------------- Done invoking toplevel() on ptolemy.moml.MoMLSimpleApplication@193eddc3
reloadAllAccessors: .Gravitation

===========================================================================================
----------------- testing Tue Sep 11 02:13:45 UTC 2018 /home/travis/build/icyphy/ptII/ptolemy/domains/sdf/test/auto/GravitationWithCollisionDetection.xml
----------------- Instantiating /home/travis/build/icyphy/ptII/ptolemy/domains/sdf/test/auto/GravitationWithCollisionDetection.xml
5960 ms. Memory: 873984K Free: 340267K (39%)
----------------- Invoking toplevel() on ptolemy.moml.MoMLSimpleApplication@651420b1
----------------- Done invoking toplevel() on ptolemy.moml.MoMLSimpleApplication@651420b1
reloadAllAccessors: .GravitationWithCollisionDetection

===========================================================================================
----------------- testing Tue Sep 11 02:13:51 UTC 2018 /home/travis/build/icyphy/ptII/ptolemy/domains/sdf/test/auto/HDF.xml
----------------- Instantiating /home/travis/build/icyphy/ptII/ptolemy/domains/sdf/test/auto/HDF.xml
33 ms. Memory: 873984K Free: 307595K (35%)
----------------- Invoking toplevel() on ptolemy.moml.MoMLSimpleApplication@62fc7898
----------------- Done invoking toplevel() on ptolemy.moml.MoMLSimpleApplication@62fc7898
reloadAllAccessors: .HDF

===========================================================================================
----------------- testing Tue Sep 11 02:13:51 UTC 2018 /home/travis/build/icyphy/ptII/ptolemy/domains/sdf/test/auto/HDFwithTransientStates.xml
----------------- Instantiating /home/travis/build/icyphy/ptII/ptolemy/domains/sdf/test/auto/HDFwithTransientStates.xml
26 ms. Memory: 873984K Free: 283616K (32%)
----------------- Invoking toplevel() on ptolemy.moml.MoMLSimpleApplication@6228ed39
----------------- Done invoking toplevel() on ptolemy.moml.MoMLSimpleApplication@6228ed39
reloadAllAccessors: .HDFwithTransientStates

===========================================================================================
----------------- testing Tue Sep 11 02:13:51 UTC 2018 /home/travis/build/icyphy/ptII/ptolemy/domains/sdf/test/auto/HTVQ.xml
----------------- Instantiating /home/travis/build/icyphy/ptII/ptolemy/domains/sdf/test/auto/HTVQ.xml
856 ms. Memory: 873984K Free: 110704K (13%)
----------------- Invoking toplevel() on ptolemy.moml.MoMLSimpleApplication@65d775c2
----------------- Done invoking toplevel() on ptolemy.moml.MoMLSimpleApplication@65d775c2
reloadAllAccessors: .HTVQ

===========================================================================================
----------------- testing Tue Sep 11 02:13:52 UTC 2018 /home/travis/build/icyphy/ptII/ptolemy/domains/sdf/test/auto/InferInitProduction.xml
----------------- Instantiating /home/travis/build/icyphy/ptII/ptolemy/domains/sdf/test/auto/InferInitProduction.xml
4 ms. Memory: 873984K Free: 94985K (11%)
----------------- Invoking toplevel() on ptolemy.moml.MoMLSimpleApplication@5f5b6c11
----------------- Done invoking toplevel() on ptolemy.moml.MoMLSimpleApplication@5f5b6c11
reloadAllAccessors: .InferInitProduction

===========================================================================================
----------------- testing Tue Sep 11 02:13:52 UTC 2018 /home/travis/build/icyphy/ptII/ptolemy/domains/sdf/test/auto/InferInitProductionDeeper.xml
----------------- Instantiating /home/travis/build/icyphy/ptII/ptolemy/domains/sdf/test/auto/InferInitProductionDeeper.xml
5 ms. Memory: 873984K Free: 79267K (9%)
----------------- Invoking toplevel() on ptolemy.moml.MoMLSimpleApplication@1bc38429
----------------- Done invoking toplevel() on ptolemy.moml.MoMLSimpleApplication@1bc38429
reloadAllAccessors: .InferInitProductionDeeper

===========================================================================================
----------------- testing Tue Sep 11 02:13:52 UTC 2018 /home/travis/build/icyphy/ptII/ptolemy/domains/sdf/test/auto/LMSAdaptive.xml
----------------- Instantiating /home/travis/build/icyphy/ptII/ptolemy/domains/sdf/test/auto/LMSAdaptive.xml
20 ms. Memory: 830464K Free: 803894K (97%)
----------------- Invoking toplevel() on ptolemy.moml.MoMLSimpleApplication@6f436403
----------------- Done invoking toplevel() on ptolemy.moml.MoMLSimpleApplication@6f436403
reloadAllAccessors: .LMSAdaptive

===========================================================================================
----------------- testing Tue Sep 11 02:13:52 UTC 2018 /home/travis/build/icyphy/ptII/ptolemy/domains/sdf/test/auto/LogisticMap.xml
----------------- Instantiating /home/travis/build/icyphy/ptII/ptolemy/domains/sdf/test/auto/LogisticMap.xml
439 ms. Memory: 830464K Free: 785694K (95%)
----------------- Invoking toplevel() on ptolemy.moml.MoMLSimpleApplication@3884b27f
----------------- Done invoking toplevel() on ptolemy.moml.MoMLSimpleApplication@3884b27f
reloadAllAccessors: .LogisticMap

===========================================================================================
----------------- testing Tue Sep 11 02:13:53 UTC 2018 /home/travis/build/icyphy/ptII/ptolemy/domains/sdf/test/auto/MaximumEntropySpectrum.xml
----------------- Instantiating /home/travis/build/icyphy/ptII/ptolemy/domains/sdf/test/auto/MaximumEntropySpectrum.xml
76 ms. Memory: 830464K Free: 710822K (86%)
----------------- Invoking toplevel() on ptolemy.moml.MoMLSimpleApplication@39b4d75a
----------------- Done invoking toplevel() on ptolemy.moml.MoMLSimpleApplication@39b4d75a
reloadAllAccessors: .MaximumEntropySpectrum

===========================================================================================
----------------- testing Tue Sep 11 02:13:53 UTC 2018 /home/travis/build/icyphy/ptII/ptolemy/domains/sdf/test/auto/MultirateSDF.xml
----------------- Instantiating /home/travis/build/icyphy/ptII/ptolemy/domains/sdf/test/auto/MultirateSDF.xml
17 ms. Memory: 830464K Free: 688366K (83%)
----------------- Invoking toplevel() on ptolemy.moml.MoMLSimpleApplication@5e13bf2d
----------------- Done invoking toplevel() on ptolemy.moml.MoMLSimpleApplication@5e13bf2d
reloadAllAccessors: .MultirateSDF

===========================================================================================
----------------- testing Tue Sep 11 02:13:53 UTC 2018 /home/travis/build/icyphy/ptII/ptolemy/domains/sdf/test/auto/MultirateSDFwithTransientStates.xml
----------------- Instantiating /home/travis/build/icyphy/ptII/ptolemy/domains/sdf/test/auto/MultirateSDFwithTransientStates.xml
18 ms. Memory: 830464K Free: 658416K (79%)
----------------- Invoking toplevel() on ptolemy.moml.MoMLSimpleApplication@431af75a
----------------- Done invoking toplevel() on ptolemy.moml.MoMLSimpleApplication@431af75a
reloadAllAccessors: .MultirateSDFwithTransientStates

===========================================================================================
----------------- testing Tue Sep 11 02:13:53 UTC 2018 /home/travis/build/icyphy/ptII/ptolemy/domains/sdf/test/auto/NoisySinewave.xml
----------------- Instantiating /home/travis/build/icyphy/ptII/ptolemy/domains/sdf/test/auto/NoisySinewave.xml
16 ms. Memory: 830464K Free: 635960K (77%)
----------------- Invoking toplevel() on ptolemy.moml.MoMLSimpleApplication@30b14ec6
----------------- Done invoking toplevel() on ptolemy.moml.MoMLSimpleApplication@30b14ec6
reloadAllAccessors: .NoisySinewave

===========================================================================================
----------------- testing Tue Sep 11 02:13:53 UTC 2018 /home/travis/build/icyphy/ptII/ptolemy/domains/sdf/test/auto/Objects.xml
----------------- Instantiating /home/travis/build/icyphy/ptII/ptolemy/domains/sdf/test/auto/Objects.xml
3 ms. Memory: 830464K Free: 613503K (74%)
----------------- Invoking toplevel() on ptolemy.moml.MoMLSimpleApplication@427e45a
----------------- Done invoking toplevel() on ptolemy.moml.MoMLSimpleApplication@427e45a
reloadAllAccessors: .Objects

===========================================================================================
----------------- testing Tue Sep 11 02:13:53 UTC 2018 /home/travis/build/icyphy/ptII/ptolemy/domains/sdf/test/auto/OrthogonalCom.xml
----------------- Instantiating /home/travis/build/icyphy/ptII/ptolemy/domains/sdf/test/auto/OrthogonalCom.xml
9 ms. Memory: 830464K Free: 598533K (72%)
----------------- Invoking toplevel() on ptolemy.moml.MoMLSimpleApplication@2874cecc
----------------- Done invoking toplevel() on ptolemy.moml.MoMLSimpleApplication@2874cecc
reloadAllAccessors: .OrthogonalCom

===========================================================================================
----------------- testing Tue Sep 11 02:13:53 UTC 2018 /home/travis/build/icyphy/ptII/ptolemy/domains/sdf/test/auto/RijndaelEncryption.xml
----------------- Instantiating /home/travis/build/icyphy/ptII/ptolemy/domains/sdf/test/auto/RijndaelEncryption.xml
256 ms. Memory: 830464K Free: 441170K (53%)
----------------- Invoking toplevel() on ptolemy.moml.MoMLSimpleApplication@2ea60f7e
----------------- Done invoking toplevel() on ptolemy.moml.MoMLSimpleApplication@2ea60f7e
reloadAllAccessors: .RijndaelEncryption

===========================================================================================
----------------- testing Tue Sep 11 02:13:54 UTC 2018 /home/travis/build/icyphy/ptII/ptolemy/domains/sdf/test/auto/SDFEmptyIterations.xml
----------------- Instantiating /home/travis/build/icyphy/ptII/ptolemy/domains/sdf/test/auto/SDFEmptyIterations.xml
5 ms. Memory: 830464K Free: 426199K (51%)
----------------- Invoking toplevel() on ptolemy.moml.MoMLSimpleApplication@d594e87
----------------- Done invoking toplevel() on ptolemy.moml.MoMLSimpleApplication@d594e87
reloadAllAccessors: .SDFEmptyIterations

===========================================================================================
----------------- testing Tue Sep 11 02:13:54 UTC 2018 /home/travis/build/icyphy/ptII/ptolemy/domains/sdf/test/auto/Spectrum.xml
----------------- Instantiating /home/travis/build/icyphy/ptII/ptolemy/domains/sdf/test/auto/Spectrum.xml
27 ms. Memory: 830464K Free: 400744K (48%)
----------------- Invoking toplevel() on ptolemy.moml.MoMLSimpleApplication@b8c8de5
----------------- Done invoking toplevel() on ptolemy.moml.MoMLSimpleApplication@b8c8de5
reloadAllAccessors: .Spectrum

===========================================================================================
----------------- testing Tue Sep 11 02:13:54 UTC 2018 /home/travis/build/icyphy/ptII/ptolemy/domains/sdf/test/auto/de_inside_sdf.xml
----------------- Instantiating /home/travis/build/icyphy/ptII/ptolemy/domains/sdf/test/auto/de_inside_sdf.xml
7 ms. Memory: 830464K Free: 385773K (46%)
----------------- Invoking toplevel() on ptolemy.moml.MoMLSimpleApplication@1e6c4f5
----------------- Done invoking toplevel() on ptolemy.moml.MoMLSimpleApplication@1e6c4f5
reloadAllAccessors: .de_inside_sdf

===========================================================================================
----------------- testing Tue Sep 11 02:13:54 UTC 2018 /home/travis/build/icyphy/ptII/ptolemy/domains/sdf/test/auto/disconnectedHierarchicalSDF.xml
----------------- Instantiating /home/travis/build/icyphy/ptII/ptolemy/domains/sdf/test/auto/disconnectedHierarchicalSDF.xml
4 ms. Memory: 830464K Free: 370802K (45%)
----------------- Invoking toplevel() on ptolemy.moml.MoMLSimpleApplication@65a205f8
----------------- Done invoking toplevel() on ptolemy.moml.MoMLSimpleApplication@65a205f8
reloadAllAccessors: .disconnectedHierarchicalSDF

===========================================================================================
----------------- testing Tue Sep 11 02:13:54 UTC 2018 /home/travis/build/icyphy/ptII/ptolemy/domains/sdf/test/auto/disconnectedSDF.xml
----------------- Instantiating /home/travis/build/icyphy/ptII/ptolemy/domains/sdf/test/auto/disconnectedSDF.xml
3 ms. Memory: 830464K Free: 355831K (43%)
----------------- Invoking toplevel() on ptolemy.moml.MoMLSimpleApplication@41467b9
----------------- Done invoking toplevel() on ptolemy.moml.MoMLSimpleApplication@41467b9
reloadAllAccessors: .disconnectedSDF

===========================================================================================
----------------- testing Tue Sep 11 02:13:54 UTC 2018 /home/travis/build/icyphy/ptII/ptolemy/domains/sdf/test/auto/emptyRefinement.xml
----------------- Instantiating /home/travis/build/icyphy/ptII/ptolemy/domains/sdf/test/auto/emptyRefinement.xml
3 ms. Memory: 830464K Free: 340860K (41%)
----------------- Invoking toplevel() on ptolemy.moml.MoMLSimpleApplication@23d4021f
----------------- Done invoking toplevel() on ptolemy.moml.MoMLSimpleApplication@23d4021f
reloadAllAccessors: .emptyRefinement

===========================================================================================
----------------- testing Tue Sep 11 02:13:54 UTC 2018 /home/travis/build/icyphy/ptII/ptolemy/domains/sdf/test/auto/filePortParameter.xml
----------------- Instantiating /home/travis/build/icyphy/ptII/ptolemy/domains/sdf/test/auto/filePortParameter.xml
12 ms. Memory: 830464K Free: 325889K (39%)
----------------- Invoking toplevel() on ptolemy.moml.MoMLSimpleApplication@597cc5fb
----------------- Done invoking toplevel() on ptolemy.moml.MoMLSimpleApplication@597cc5fb
reloadAllAccessors: .filePortParameter

===========================================================================================
----------------- testing Tue Sep 11 02:13:54 UTC 2018 /home/travis/build/icyphy/ptII/ptolemy/domains/sdf/test/auto/inferRelationWidth1.xml
----------------- Instantiating /home/travis/build/icyphy/ptII/ptolemy/domains/sdf/test/auto/inferRelationWidth1.xml
3 ms. Memory: 830464K Free: 310918K (37%)
----------------- Invoking toplevel() on ptolemy.moml.MoMLSimpleApplication@291cc96e
----------------- Done invoking toplevel() on ptolemy.moml.MoMLSimpleApplication@291cc96e
reloadAllAccessors: .inferRelationWidth1

===========================================================================================
----------------- testing Tue Sep 11 02:13:54 UTC 2018 /home/travis/build/icyphy/ptII/ptolemy/domains/sdf/test/auto/initProductionInference.xml
----------------- Instantiating /home/travis/build/icyphy/ptII/ptolemy/domains/sdf/test/auto/initProductionInference.xml
7 ms. Memory: 830464K Free: 295947K (36%)
----------------- Invoking toplevel() on ptolemy.moml.MoMLSimpleApplication@52c20c7e
----------------- Done invoking toplevel() on ptolemy.moml.MoMLSimpleApplication@52c20c7e
reloadAllAccessors: .initProductionInference

===========================================================================================
----------------- testing Tue Sep 11 02:13:54 UTC 2018 /home/travis/build/icyphy/ptII/ptolemy/domains/sdf/test/auto/relationGroup.xml
----------------- Instantiating /home/travis/build/icyphy/ptII/ptolemy/domains/sdf/test/auto/relationGroup.xml
2 ms. Memory: 830464K Free: 280976K (34%)
----------------- Invoking toplevel() on ptolemy.moml.MoMLSimpleApplication@4d863212
----------------- Done invoking toplevel() on ptolemy.moml.MoMLSimpleApplication@4d863212
reloadAllAccessors: .relationGroup

===========================================================================================
----------------- testing Tue Sep 11 02:13:54 UTC 2018 /home/travis/build/icyphy/ptII/ptolemy/domains/sdf/test/auto/relationGroup10.xml
----------------- Instantiating /home/travis/build/icyphy/ptII/ptolemy/domains/sdf/test/auto/relationGroup10.xml
4 ms. Memory: 830464K Free: 263015K (32%)
----------------- Invoking toplevel() on ptolemy.moml.MoMLSimpleApplication@e932d34
----------------- Done invoking toplevel() on ptolemy.moml.MoMLSimpleApplication@e932d34
reloadAllAccessors: .relationGroup10

===========================================================================================
----------------- testing Tue Sep 11 02:13:54 UTC 2018 /home/travis/build/icyphy/ptII/ptolemy/domains/sdf/test/auto/relationGroup11.xml
----------------- Instantiating /home/travis/build/icyphy/ptII/ptolemy/domains/sdf/test/auto/relationGroup11.xml
3 ms. Memory: 830464K Free: 248044K (30%)
----------------- Invoking toplevel() on ptolemy.moml.MoMLSimpleApplication@87120c1
----------------- Done invoking toplevel() on ptolemy.moml.MoMLSimpleApplication@87120c1
reloadAllAccessors: .relationGroup11

===========================================================================================
----------------- testing Tue Sep 11 02:13:54 UTC 2018 /home/travis/build/icyphy/ptII/ptolemy/domains/sdf/test/auto/relationGroup12.xml
----------------- Instantiating /home/travis/build/icyphy/ptII/ptolemy/domains/sdf/test/auto/relationGroup12.xml
1 ms. Memory: 830464K Free: 233073K (28%)
----------------- Invoking toplevel() on ptolemy.moml.MoMLSimpleApplication@6c6ea4f3
----------------- Done invoking toplevel() on ptolemy.moml.MoMLSimpleApplication@6c6ea4f3
reloadAllAccessors: .relationGroup12

===========================================================================================
----------------- testing Tue Sep 11 02:13:54 UTC 2018 /home/travis/build/icyphy/ptII/ptolemy/domains/sdf/test/auto/relationGroup13.xml
----------------- Instantiating /home/travis/build/icyphy/ptII/ptolemy/domains/sdf/test/auto/relationGroup13.xml
3 ms. Memory: 830464K Free: 218102K (26%)
----------------- Invoking toplevel() on ptolemy.moml.MoMLSimpleApplication@1f41bfe6
----------------- Done invoking toplevel() on ptolemy.moml.MoMLSimpleApplication@1f41bfe6
reloadAllAccessors: .relationGroup13

===========================================================================================
----------------- testing Tue Sep 11 02:13:54 UTC 2018 /home/travis/build/icyphy/ptII/ptolemy/domains/sdf/test/auto/relationGroup14.xml
----------------- Instantiating /home/travis/build/icyphy/ptII/ptolemy/domains/sdf/test/auto/relationGroup14.xml
3 ms. Memory: 830464K Free: 203131K (24%)
----------------- Invoking toplevel() on ptolemy.moml.MoMLSimpleApplication@98cdb48
----------------- Done invoking toplevel() on ptolemy.moml.MoMLSimpleApplication@98cdb48
reloadAllAccessors: .relationGroup14

===========================================================================================
----------------- testing Tue Sep 11 02:13:54 UTC 2018 /home/travis/build/icyphy/ptII/ptolemy/domains/sdf/test/auto/relationGroup15.xml
----------------- Instantiating /home/travis/build/icyphy/ptII/ptolemy/domains/sdf/test/auto/relationGroup15.xml
2 ms. Memory: 830464K Free: 188160K (23%)
----------------- Invoking toplevel() on ptolemy.moml.MoMLSimpleApplication@4760a5cf
----------------- Done invoking toplevel() on ptolemy.moml.MoMLSimpleApplication@4760a5cf
reloadAllAccessors: .relationGroup15

===========================================================================================
----------------- testing Tue Sep 11 02:13:54 UTC 2018 /home/travis/build/icyphy/ptII/ptolemy/domains/sdf/test/auto/relationGroup2.xml
----------------- Instantiating /home/travis/build/icyphy/ptII/ptolemy/domains/sdf/test/auto/relationGroup2.xml
2 ms. Memory: 830464K Free: 173189K (21%)
----------------- Invoking toplevel() on ptolemy.moml.MoMLSimpleApplication@a176aa5
----------------- Done invoking toplevel() on ptolemy.moml.MoMLSimpleApplication@a176aa5
reloadAllAccessors: .relationGroup2

===========================================================================================
----------------- testing Tue Sep 11 02:13:54 UTC 2018 /home/travis/build/icyphy/ptII/ptolemy/domains/sdf/test/auto/relationGroup3.xml
----------------- Instantiating /home/travis/build/icyphy/ptII/ptolemy/domains/sdf/test/auto/relationGroup3.xml
2 ms. Memory: 830464K Free: 158218K (19%)
----------------- Invoking toplevel() on ptolemy.moml.MoMLSimpleApplication@4480b1e3
----------------- Done invoking toplevel() on ptolemy.moml.MoMLSimpleApplication@4480b1e3
reloadAllAccessors: .relationGroup3

===========================================================================================
----------------- testing Tue Sep 11 02:13:54 UTC 2018 /home/travis/build/icyphy/ptII/ptolemy/domains/sdf/test/auto/relationGroup4.xml
----------------- Instantiating /home/travis/build/icyphy/ptII/ptolemy/domains/sdf/test/auto/relationGroup4.xml
4 ms. Memory: 830464K Free: 140257K (17%)
----------------- Invoking toplevel() on ptolemy.moml.MoMLSimpleApplication@78e89ace
----------------- Done invoking toplevel() on ptolemy.moml.MoMLSimpleApplication@78e89ace
reloadAllAccessors: .relationGroup4

===========================================================================================
----------------- testing Tue Sep 11 02:13:54 UTC 2018 /home/travis/build/icyphy/ptII/ptolemy/domains/sdf/test/auto/relationGroup5.xml
----------------- Instantiating /home/travis/build/icyphy/ptII/ptolemy/domains/sdf/test/auto/relationGroup5.xml
3 ms. Memory: 830464K Free: 125286K (15%)
----------------- Invoking toplevel() on ptolemy.moml.MoMLSimpleApplication@6cc2be4a
----------------- Done invoking toplevel() on ptolemy.moml.MoMLSimpleApplication@6cc2be4a
reloadAllAccessors: .relationGroup5

===========================================================================================
----------------- testing Tue Sep 11 02:13:54 UTC 2018 /home/travis/build/icyphy/ptII/ptolemy/domains/sdf/test/auto/relationGroup6.xml
----------------- Instantiating /home/travis/build/icyphy/ptII/ptolemy/domains/sdf/test/auto/relationGroup6.xml
3 ms. Memory: 830464K Free: 110315K (13%)
----------------- Invoking toplevel() on ptolemy.moml.MoMLSimpleApplication@5afb9c90
----------------- Done invoking toplevel() on ptolemy.moml.MoMLSimpleApplication@5afb9c90
reloadAllAccessors: .relationGroup6

===========================================================================================
----------------- testing Tue Sep 11 02:13:54 UTC 2018 /home/travis/build/icyphy/ptII/ptolemy/domains/sdf/test/auto/relationGroup7.xml
----------------- Instantiating /home/travis/build/icyphy/ptII/ptolemy/domains/sdf/test/auto/relationGroup7.xml
1 ms. Memory: 830464K Free: 95344K (11%)
----------------- Invoking toplevel() on ptolemy.moml.MoMLSimpleApplication@7221c5a4
----------------- Done invoking toplevel() on ptolemy.moml.MoMLSimpleApplication@7221c5a4
reloadAllAccessors: .relationGroup7

===========================================================================================
----------------- testing Tue Sep 11 02:13:54 UTC 2018 /home/travis/build/icyphy/ptII/ptolemy/domains/sdf/test/auto/relationGroup8.xml
----------------- Instantiating /home/travis/build/icyphy/ptII/ptolemy/domains/sdf/test/auto/relationGroup8.xml
2 ms. Memory: 830464K Free: 80373K (10%)
----------------- Invoking toplevel() on ptolemy.moml.MoMLSimpleApplication@695e7e72
----------------- Done invoking toplevel() on ptolemy.moml.MoMLSimpleApplication@695e7e72
reloadAllAccessors: .relationGroup8

===========================================================================================
----------------- testing Tue Sep 11 02:13:54 UTC 2018 /home/travis/build/icyphy/ptII/ptolemy/domains/sdf/test/auto/relationGroup9.xml
----------------- Instantiating /home/travis/build/icyphy/ptII/ptolemy/domains/sdf/test/auto/relationGroup9.xml
5 ms. Memory: 830464K Free: 70364K (8%)
----------------- Invoking toplevel() on ptolemy.moml.MoMLSimpleApplication@53eafe3d
----------------- Done invoking toplevel() on ptolemy.moml.MoMLSimpleApplication@53eafe3d
reloadAllAccessors: .relationGroup9

===========================================================================================
----------------- testing Tue Sep 11 02:13:54 UTC 2018 /home/travis/build/icyphy/ptII/ptolemy/domains/sdf/test/auto/sdf_inside_de.xml
----------------- Instantiating /home/travis/build/icyphy/ptII/ptolemy/domains/sdf/test/auto/sdf_inside_de.xml
18 ms. Memory: 795136K Free: 761112K (96%)
----------------- Invoking toplevel() on ptolemy.moml.MoMLSimpleApplication@19097168
----------------- Done invoking toplevel() on ptolemy.moml.MoMLSimpleApplication@19097168
reloadAllAccessors: .sdf_inside_de

===========================================================================================
----------------- testing Tue Sep 11 02:13:54 UTC 2018 /home/travis/build/icyphy/ptII/ptolemy/domains/sdf/test/auto/sdf_inside_pn.xml
----------------- Instantiating /home/travis/build/icyphy/ptII/ptolemy/domains/sdf/test/auto/sdf_inside_pn.xml
41 ms. Memory: 795136K Free: 709299K (89%)
----------------- Invoking toplevel() on ptolemy.moml.MoMLSimpleApplication@37ba00e3
----------------- Done invoking toplevel() on ptolemy.moml.MoMLSimpleApplication@37ba00e3
reloadAllAccessors: .sdf_inside_pn

===========================================================================================
----------------- testing Tue Sep 11 02:13:55 UTC 2018 /home/travis/build/icyphy/ptII/ptolemy/domains/sdf/test/auto/sdf_sdf1.xml
----------------- Instantiating /home/travis/build/icyphy/ptII/ptolemy/domains/sdf/test/auto/sdf_sdf1.xml
3 ms. Memory: 795136K Free: 695045K (87%)
----------------- Invoking toplevel() on ptolemy.moml.MoMLSimpleApplication@66e2ba19
----------------- Done invoking toplevel() on ptolemy.moml.MoMLSimpleApplication@66e2ba19
reloadAllAccessors: .sdf_sdf1

===========================================================================================
----------------- testing Tue Sep 11 02:13:55 UTC 2018 /home/travis/build/icyphy/ptII/ptolemy/domains/sdf/test/auto/test1.xml
----------------- Instantiating /home/travis/build/icyphy/ptII/ptolemy/domains/sdf/test/auto/test1.xml
2 ms. Memory: 795136K Free: 680791K (86%)
----------------- Invoking toplevel() on ptolemy.moml.MoMLSimpleApplication@72ed3a3b
----------------- Done invoking toplevel() on ptolemy.moml.MoMLSimpleApplication@72ed3a3b
reloadAllAccessors: .test1

===========================================================================================
----------------- testing Tue Sep 11 02:13:55 UTC 2018 /home/travis/build/icyphy/ptII/ptolemy/domains/sdf/test/auto/time1.xml
----------------- Instantiating /home/travis/build/icyphy/ptII/ptolemy/domains/sdf/test/auto/time1.xml
1 ms. Memory: 795136K Free: 666537K (84%)
----------------- Invoking toplevel() on ptolemy.moml.MoMLSimpleApplication@558d0d34
----------------- Done invoking toplevel() on ptolemy.moml.MoMLSimpleApplication@558d0d34
reloadAllAccessors: .time1

===========================================================================================
----------------- testing Tue Sep 11 02:13:55 UTC 2018 /home/travis/build/icyphy/ptII/ptolemy/domains/sdf/test/auto/time2.xml
----------------- Instantiating /home/travis/build/icyphy/ptII/ptolemy/domains/sdf/test/auto/time2.xml
2 ms. Memory: 795136K Free: 652283K (82%)
----------------- Invoking toplevel() on ptolemy.moml.MoMLSimpleApplication@5d961ffd
----------------- Done invoking toplevel() on ptolemy.moml.MoMLSimpleApplication@5d961ffd
reloadAllAccessors: .time2

===========================================================================================
----------------- testing Tue Sep 11 02:13:55 UTC 2018 /home/travis/build/icyphy/ptII/ptolemy/domains/sdf/test/auto/time3.xml
----------------- Instantiating /home/travis/build/icyphy/ptII/ptolemy/domains/sdf/test/auto/time3.xml
7 ms. Memory: 795136K Free: 636105K (80%)
----------------- Invoking toplevel() on ptolemy.moml.MoMLSimpleApplication@5380246f
----------------- Done invoking toplevel() on ptolemy.moml.MoMLSimpleApplication@5380246f
reloadAllAccessors: .time3

===========================================================================================
----------------- testing Tue Sep 11 02:13:55 UTC 2018 /home/travis/build/icyphy/ptII/ptolemy/domains/sdf/test/auto/time4.xml
----------------- Instantiating /home/travis/build/icyphy/ptII/ptolemy/domains/sdf/test/auto/time4.xml
5 ms. Memory: 795136K Free: 621851K (78%)
----------------- Invoking toplevel() on ptolemy.moml.MoMLSimpleApplication@5ec8ca4f
----------------- Done invoking toplevel() on ptolemy.moml.MoMLSimpleApplication@5ec8ca4f
reloadAllAccessors: .time4

===========================================================================================
----------------- testing Tue Sep 11 02:13:55 UTC 2018 /home/travis/build/icyphy/ptII/ptolemy/domains/sdf/test/auto/time5.xml
----------------- Instantiating /home/travis/build/icyphy/ptII/ptolemy/domains/sdf/test/auto/time5.xml
4002 ms. Memory: 795136K Free: 607597K (76%)
----------------- Invoking toplevel() on ptolemy.moml.MoMLSimpleApplication@439789c8
----------------- Done invoking toplevel() on ptolemy.moml.MoMLSimpleApplication@439789c8
reloadAllAccessors: .time5

===========================================================================================
----------------- testing Tue Sep 11 02:13:59 UTC 2018 /home/travis/build/icyphy/ptII/ptolemy/domains/sdf/test/auto/typeSystem_Const_Integer_smallest_Type.xml
----------------- Instantiating /home/travis/build/icyphy/ptII/ptolemy/domains/sdf/test/auto/typeSystem_Const_Integer_smallest_Type.xml
6 ms. Memory: 795136K Free: 593343K (75%)
----------------- Invoking toplevel() on ptolemy.moml.MoMLSimpleApplication@375d09d1
----------------- Done invoking toplevel() on ptolemy.moml.MoMLSimpleApplication@375d09d1
reloadAllAccessors: .typeSystem_Const_Integer_smallest_Type

===========================================================================================
----------------- testing Tue Sep 11 02:13:59 UTC 2018 /home/travis/build/icyphy/ptII/ptolemy/domains/sdf/test/auto/typeSystem_declared_Inports_OutportTypeException.xml
----------------- Instantiating /home/travis/build/icyphy/ptII/ptolemy/domains/sdf/test/auto/typeSystem_declared_Inports_OutportTypeException.xml
.typeSystem_declared_Inports_OutportTypeException.TestExceptionAttribute: initialize() was not invoked, but wrapup() was.  This is unusual, but not always a problem.  For example, exporting JNLP will do this.
3 ms. Memory: 795136K Free: 579089K (73%)
----------------- Invoking toplevel() on ptolemy.moml.MoMLSimpleApplication@395447c8
----------------- Done invoking toplevel() on ptolemy.moml.MoMLSimpleApplication@395447c8
reloadAllAccessors: .typeSystem_declared_Inports_OutportTypeException

===========================================================================================
----------------- testing Tue Sep 11 02:13:59 UTC 2018 /home/travis/build/icyphy/ptII/ptolemy/domains/sdf/test/auto/typeSystem_oneDeclaredInportType_wrongTypeOutport.xml
----------------- Instantiating /home/travis/build/icyphy/ptII/ptolemy/domains/sdf/test/auto/typeSystem_oneDeclaredInportType_wrongTypeOutport.xml
8 ms. Memory: 795136K Free: 562911K (71%)
----------------- Invoking toplevel() on ptolemy.moml.MoMLSimpleApplication@540b8512
----------------- Done invoking toplevel() on ptolemy.moml.MoMLSimpleApplication@540b8512
reloadAllAccessors: .typeSystem_oneDeclaredInportType_wrongTypeOutport

===========================================================================================
----------------- testing Tue Sep 11 02:13:59 UTC 2018 /home/travis/build/icyphy/ptII/ptolemy/domains/sdf/test/auto/width.xml
----------------- Instantiating /home/travis/build/icyphy/ptII/ptolemy/domains/sdf/test/auto/width.xml
6 ms. Memory: 795136K Free: 548657K (69%)
----------------- Invoking toplevel() on ptolemy.moml.MoMLSimpleApplication@6dfaff2b
----------------- Done invoking toplevel() on ptolemy.moml.MoMLSimpleApplication@6dfaff2b
reloadAllAccessors: .width

===========================================================================================
----------------- testing Tue Sep 11 02:13:59 UTC 2018 /home/travis/build/icyphy/ptII/ptolemy/domains/sdf/test/auto/width2.xml
----------------- Instantiating /home/travis/build/icyphy/ptII/ptolemy/domains/sdf/test/auto/width2.xml
36 ms. Memory: 795136K Free: 534403K (67%)
----------------- Invoking toplevel() on ptolemy.moml.MoMLSimpleApplication@683d1339
----------------- Done invoking toplevel() on ptolemy.moml.MoMLSimpleApplication@683d1339
reloadAllAccessors: .width2

===========================================================================================
----------------- testing Tue Sep 11 02:13:59 UTC 2018 /home/travis/build/icyphy/ptII/ptolemy/domains/sdf/test/auto/width3.xml
----------------- Instantiating /home/travis/build/icyphy/ptII/ptolemy/domains/sdf/test/auto/width3.xml
28 ms. Memory: 795136K Free: 520149K (65%)
----------------- Invoking toplevel() on ptolemy.moml.MoMLSimpleApplication@28374dd8
----------------- Done invoking toplevel() on ptolemy.moml.MoMLSimpleApplication@28374dd8
reloadAllAccessors: .width3
AutoTests.java: About to close Vertx.
AutoTests.java: Vertx closed.
]]></system-out>
  <system-err><![CDATA[java.lang.RuntimeException: Execution failed
	at ptolemy.moml.MoMLSimpleApplication$UnloadThread.run(MoMLSimpleApplication.java:402)
Caused by: ptolemy.actor.sched.NotSchedulableException: No solution exists for the balance equations.
Graph is not consistent under the SDF domain detected on external port .rateConsistency.actor.port2
  in .rateConsistency.SDF Director.Scheduler
	at ptolemy.domains.sdf.kernel.SDFScheduler._propagatePort(SDFScheduler.java:1425)
	at ptolemy.domains.sdf.kernel.SDFScheduler._solveBalanceEquations(SDFScheduler.java:710)
	at ptolemy.domains.sdf.kernel.SDFScheduler._getSchedule(SDFScheduler.java:566)
	at ptolemy.actor.sched.Scheduler.getSchedule(Scheduler.java:189)
	at ptolemy.domains.sdf.kernel.SDFDirector.createSchedule(SDFDirector.java:408)
	at ptolemy.domains.sdf.kernel.SDFDirector.preinitialize(SDFDirector.java:764)
	at ptolemy.actor.CompositeActor.preinitialize(CompositeActor.java:1828)
	at ptolemy.actor.Manager.preinitializeAndResolveTypes(Manager.java:1040)
	at ptolemy.actor.Manager.initialize(Manager.java:710)
	at ptolemy.actor.Manager.execute(Manager.java:356)
	at ptolemy.actor.Manager.run(Manager.java:1263)
	at ptolemy.actor.Manager$PtolemyRunThread.run(Manager.java:1915)
java.lang.RuntimeException: Execution failed
	at ptolemy.moml.MoMLSimpleApplication$UnloadThread.run(MoMLSimpleApplication.java:402)
Caused by: ptolemy.kernel.util.IllegalActionException: Failed to compute schedule:
  in .badRateChanges.typed composite actor.SDF Director
Because:
The SDF rate parameter may change. This is not allowed in SDF models that will be run through the code generator.  If you don't care about code generation, then you might consider setting the allowRateChanges parameter of the SDF director to false.
  in .badRateChanges.typed composite actor.Repeat.output.tokenProductionRate
	at ptolemy.domains.sdf.kernel.SDFDirector.createSchedule(SDFDirector.java:418)
	at ptolemy.domains.sdf.kernel.SDFDirector.preinitialize(SDFDirector.java:764)
	at ptolemy.actor.CompositeActor.preinitialize(CompositeActor.java:1828)
	at ptolemy.actor.Director.preinitialize(Director.java:1302)
	at ptolemy.actor.Director.preinitialize(Director.java:1257)
	at ptolemy.domains.sdf.kernel.SDFDirector.preinitialize(SDFDirector.java:763)
	at ptolemy.actor.CompositeActor.preinitialize(CompositeActor.java:1828)
	at ptolemy.actor.Manager.preinitializeAndResolveTypes(Manager.java:1040)
	at ptolemy.actor.Manager.initialize(Manager.java:710)
	at ptolemy.actor.Manager.execute(Manager.java:356)
	at ptolemy.actor.Manager.run(Manager.java:1263)
	at ptolemy.actor.Manager$PtolemyRunThread.run(Manager.java:1915)
Caused by: ptolemy.kernel.util.IllegalActionException: The SDF rate parameter may change. This is not allowed in SDF models that will be run through the code generator.  If you don't care about code generation, then you might consider setting the allowRateChanges parameter of the SDF director to false.
  in .badRateChanges.typed composite actor.Repeat.output.tokenProductionRate
	at ptolemy.domains.sdf.kernel.SDFScheduler._assertDynamicRateVariable(SDFScheduler.java:931)
	at ptolemy.domains.sdf.kernel.SDFScheduler._checkDynamicRateVariables(SDFScheduler.java:339)
	at ptolemy.domains.sdf.kernel.SDFScheduler._getSchedule(SDFScheduler.java:527)
	at ptolemy.actor.sched.Scheduler.getSchedule(Scheduler.java:189)
	at ptolemy.domains.sdf.kernel.SDFDirector.createSchedule(SDFDirector.java:408)
	... 11 more
java.lang.RuntimeException: Execution failed
	at ptolemy.moml.MoMLSimpleApplication$UnloadThread.run(MoMLSimpleApplication.java:402)
Caused by: ptolemy.kernel.util.IllegalActionException: Failed to compute schedule:
  in .badRateChanges2.typed composite actor.SDF Director
Because:
The SDF rate parameter may change. This is not allowed in SDF models that will be run through the code generator.  If you don't care about code generation, then you might consider setting the allowRateChanges parameter of the SDF director to false.
  in .badRateChanges2.typed composite actor.Repeat.output.tokenProductionRate
	at ptolemy.domains.sdf.kernel.SDFDirector.createSchedule(SDFDirector.java:418)
	at ptolemy.domains.sdf.kernel.SDFDirector.preinitialize(SDFDirector.java:764)
	at ptolemy.actor.CompositeActor.preinitialize(CompositeActor.java:1828)
	at ptolemy.actor.Director.preinitialize(Director.java:1302)
	at ptolemy.actor.Director.preinitialize(Director.java:1257)
	at ptolemy.domains.sdf.kernel.SDFDirector.preinitialize(SDFDirector.java:763)
	at ptolemy.actor.CompositeActor.preinitialize(CompositeActor.java:1828)
	at ptolemy.actor.Manager.preinitializeAndResolveTypes(Manager.java:1040)
	at ptolemy.actor.Manager.initialize(Manager.java:710)
	at ptolemy.actor.Manager.execute(Manager.java:356)
	at ptolemy.actor.Manager.run(Manager.java:1263)
	at ptolemy.actor.Manager$PtolemyRunThread.run(Manager.java:1915)
Caused by: ptolemy.kernel.util.IllegalActionException: The SDF rate parameter may change. This is not allowed in SDF models that will be run through the code generator.  If you don't care about code generation, then you might consider setting the allowRateChanges parameter of the SDF director to false.
  in .badRateChanges2.typed composite actor.Repeat.output.tokenProductionRate
	at ptolemy.domains.sdf.kernel.SDFScheduler._assertDynamicRateVariable(SDFScheduler.java:931)
	at ptolemy.domains.sdf.kernel.SDFScheduler._checkDynamicRateVariables(SDFScheduler.java:339)
	at ptolemy.domains.sdf.kernel.SDFScheduler._getSchedule(SDFScheduler.java:527)
	at ptolemy.actor.sched.Scheduler.getSchedule(Scheduler.java:189)
	at ptolemy.domains.sdf.kernel.SDFDirector.createSchedule(SDFDirector.java:408)
	... 11 more
java.lang.RuntimeException: Execution failed
	at ptolemy.moml.MoMLSimpleApplication$UnloadThread.run(MoMLSimpleApplication.java:402)
Caused by: ptolemy.actor.sched.NotSchedulableException: Actors remain that cannot be scheduled!

There are several possible reasons:
* SDF Graphs with feedback loops should have an actor with a delay in the loop, such as a SampleDelay.
* The SDF director has an "allowDisconnectedGraphs"parameter, which, when true, permits disconnected SDF graphs.
* The token consumption rate and production rates might be mismatched.
Usually, actors produce one token or consume one token on a port.  To produce or consume multiple tokens per firing, add a "tokenConsumptionRate" or "tokenProductionRate" parameter to the appropriate port.
Unscheduled actors:
.partiallyConnected.Const2 
Scheduled actors:
.partiallyConnected.Const 
  in .partiallyConnected.SDF Director.Scheduler
	at ptolemy.domains.sdf.kernel.SDFScheduler._scheduleConnectedActors(SDFScheduler.java:1828)
	at ptolemy.domains.sdf.kernel.SDFScheduler._getSchedule(SDFScheduler.java:587)
	at ptolemy.actor.sched.Scheduler.getSchedule(Scheduler.java:189)
	at ptolemy.domains.sdf.kernel.SDFDirector.createSchedule(SDFDirector.java:408)
	at ptolemy.domains.sdf.kernel.SDFDirector.preinitialize(SDFDirector.java:764)
	at ptolemy.actor.CompositeActor.preinitialize(CompositeActor.java:1828)
	at ptolemy.actor.Manager.preinitializeAndResolveTypes(Manager.java:1040)
	at ptolemy.actor.Manager.initialize(Manager.java:710)
	at ptolemy.actor.Manager.execute(Manager.java:356)
	at ptolemy.actor.Manager.run(Manager.java:1263)
	at ptolemy.actor.Manager$PtolemyRunThread.run(Manager.java:1915)
]]></system-err>
</testsuite>
