<?xml version="1.0" encoding="UTF-8" ?>
<testsuite errors="0" failures="0" hostname="travis-job-9a56d8ed-c94b-43ef-bbbd-d9443ed42c6c" name="ptolemy.domains.de.test.junit.JUnitTclTest" skipped="0" tests="101" time="133.049" timestamp="2019-10-26T06:06:31">
  <properties>
[...]
</properties>
  <testcase classname="ptolemy.util.test.junit.TclTests" name="[0] /home/travis/build/icyphy/ptII/ptolemy/domains/de/test/DependencyLoop.tcl (RunTclFile)" time="0.958" />
  <testcase classname="ptolemy.util.test.junit.TclTests" name="[1] /home/travis/build/icyphy/ptII/ptolemy/domains/de/test/RunDETestsAsQSS.tcl (RunTclFile)" time="90.026" />
  <testcase classname="ptolemy.util.test.junit.AutoKnownFailedTests" name="[0] /home/travis/build/icyphy/ptII/ptolemy/domains/de/test/auto/knownFailedTests/DESDFClockTest.xml (RunModel)" time="2.041" />
  <testcase classname="ptolemy.util.test.junit.AutoKnownFailedTests" name="[1] /home/travis/build/icyphy/ptII/ptolemy/domains/de/test/auto/knownFailedTests/DirectFeedback.xml (RunModel)" time="0.039" />
  <testcase classname="ptolemy.util.test.junit.AutoKnownFailedTests" name="[2] /home/travis/build/icyphy/ptII/ptolemy/domains/de/test/auto/knownFailedTests/FSMSource.xml (RunModel)" time="0.033" />
  <testcase classname="ptolemy.util.test.junit.AutoKnownFailedTests" name="[3] /home/travis/build/icyphy/ptII/ptolemy/domains/de/test/auto/knownFailedTests/HierarchicalModel.xml (RunModel)" time="0.063" />
  <testcase classname="ptolemy.util.test.junit.AutoKnownFailedTests" name="[4] /home/travis/build/icyphy/ptII/ptolemy/domains/de/test/auto/knownFailedTests/dependencyLoop.xml (RunModel)" time="0.045" />
  <testcase classname="ptolemy.util.test.junit.AutoKnownFailedTests" name="[5] /home/travis/build/icyphy/ptII/ptolemy/domains/de/test/auto/knownFailedTests/dependencyLoop2.xml (RunModel)" time="0.047" />
  <testcase classname="ptolemy.util.test.junit.AutoNameArchTests" name="[0] ThereAreNoAutoArchTests (RunModel)" time="0.001" />
  <testcase classname="ptolemy.util.test.junit.AutoTests" name="[0] /home/travis/build/icyphy/ptII/ptolemy/domains/de/test/auto/ActorDepthCalculation_actorWithoutPorts.xml (RunModel)" time="0.025" />
  <testcase classname="ptolemy.util.test.junit.AutoTests" name="[1] /home/travis/build/icyphy/ptII/ptolemy/domains/de/test/auto/AssemblyLine.xml (RunModel)" time="0.025" />
  <testcase classname="ptolemy.util.test.junit.AutoTests" name="[2] /home/travis/build/icyphy/ptII/ptolemy/domains/de/test/auto/CQBug1.xml (RunModel)" time="0.012" />
  <testcase classname="ptolemy.util.test.junit.AutoTests" name="[3] /home/travis/build/icyphy/ptII/ptolemy/domains/de/test/auto/CancelFireAt.xml (RunModel)" time="0.024" />
  <testcase classname="ptolemy.util.test.junit.AutoTests" name="[4] /home/travis/build/icyphy/ptII/ptolemy/domains/de/test/auto/CausalityAndComposabilityAnalysis.xml (RunModel)" time="0.019" />
  <testcase classname="ptolemy.util.test.junit.AutoTests" name="[5] /home/travis/build/icyphy/ptII/ptolemy/domains/de/test/auto/CausalityInterface1.xml (RunModel)" time="0.018" />
  <testcase classname="ptolemy.util.test.junit.AutoTests" name="[6] /home/travis/build/icyphy/ptII/ptolemy/domains/de/test/auto/CausalityInterface15.xml (RunModel)" time="0.02" />
  <testcase classname="ptolemy.util.test.junit.AutoTests" name="[7] /home/travis/build/icyphy/ptII/ptolemy/domains/de/test/auto/CausalityInterface2.xml (RunModel)" time="0.019" />
  <testcase classname="ptolemy.util.test.junit.AutoTests" name="[8] /home/travis/build/icyphy/ptII/ptolemy/domains/de/test/auto/CausalityInterface3.xml (RunModel)" time="0.016" />
  <testcase classname="ptolemy.util.test.junit.AutoTests" name="[9] /home/travis/build/icyphy/ptII/ptolemy/domains/de/test/auto/ClockDrift.xml (RunModel)" time="0.037" />
  <testcase classname="ptolemy.util.test.junit.AutoTests" name="[10] /home/travis/build/icyphy/ptII/ptolemy/domains/de/test/auto/ClockDriftAndValueChange.xml (RunModel)" time="0.038" />
  <testcase classname="ptolemy.util.test.junit.AutoTests" name="[11] /home/travis/build/icyphy/ptII/ptolemy/domains/de/test/auto/ClockDriftChange.xml (RunModel)" time="0.037" />
  <testcase classname="ptolemy.util.test.junit.AutoTests" name="[12] /home/travis/build/icyphy/ptII/ptolemy/domains/de/test/auto/ComposableCausalityAnalysis.xml (RunModel)" time="0.016" />
  <testcase classname="ptolemy.util.test.junit.AutoTests" name="[13] /home/travis/build/icyphy/ptII/ptolemy/domains/de/test/auto/DEFixedPointLimitation.xml (RunModel)" time="0.009" />
  <testcase classname="ptolemy.util.test.junit.AutoTests" name="[14] /home/travis/build/icyphy/ptII/ptolemy/domains/de/test/auto/DEScheduleTest.xml (RunModel)" time="0.014" />
  <testcase classname="ptolemy.util.test.junit.AutoTests" name="[15] /home/travis/build/icyphy/ptII/ptolemy/domains/de/test/auto/DEinDEwithStartTimes.xml (RunModel)" time="0.013" />
  <testcase classname="ptolemy.util.test.junit.AutoTests" name="[16] /home/travis/build/icyphy/ptII/ptolemy/domains/de/test/auto/DEinDEwithStartTimes2.xml (RunModel)" time="0.022" />
  <testcase classname="ptolemy.util.test.junit.AutoTests" name="[17] /home/travis/build/icyphy/ptII/ptolemy/domains/de/test/auto/DateDemo.xml (RunModel)" time="0.041" />
  <testcase classname="ptolemy.util.test.junit.AutoTests" name="[18] /home/travis/build/icyphy/ptII/ptolemy/domains/de/test/auto/DateToEvent.xml (RunModel)" time="2.048" />
  <testcase classname="ptolemy.util.test.junit.AutoTests" name="[19] /home/travis/build/icyphy/ptII/ptolemy/domains/de/test/auto/DepthTest1.xml (RunModel)" time="0.009" />
  <testcase classname="ptolemy.util.test.junit.AutoTests" name="[20] /home/travis/build/icyphy/ptII/ptolemy/domains/de/test/auto/DepthTest2.xml (RunModel)" time="0.021" />
  <testcase classname="ptolemy.util.test.junit.AutoTests" name="[21] /home/travis/build/icyphy/ptII/ptolemy/domains/de/test/auto/DepthTest3.xml (RunModel)" time="0.014" />
  <testcase classname="ptolemy.util.test.junit.AutoTests" name="[22] /home/travis/build/icyphy/ptII/ptolemy/domains/de/test/auto/DepthTest4.xml (RunModel)" time="0.022" />
  <testcase classname="ptolemy.util.test.junit.AutoTests" name="[23] /home/travis/build/icyphy/ptII/ptolemy/domains/de/test/auto/DepthTest5.xml (RunModel)" time="0.013" />
  <testcase classname="ptolemy.util.test.junit.AutoTests" name="[24] /home/travis/build/icyphy/ptII/ptolemy/domains/de/test/auto/DepthTest6.xml (RunModel)" time="0.013" />
  <testcase classname="ptolemy.util.test.junit.AutoTests" name="[25] /home/travis/build/icyphy/ptII/ptolemy/domains/de/test/auto/DepthTest7.xml (RunModel)" time="0.012" />
  <testcase classname="ptolemy.util.test.junit.AutoTests" name="[26] /home/travis/build/icyphy/ptII/ptolemy/domains/de/test/auto/EventToDate.xml (RunModel)" time="3.041" />
  <testcase classname="ptolemy.util.test.junit.AutoTests" name="[27] /home/travis/build/icyphy/ptII/ptolemy/domains/de/test/auto/FSM1.xml (RunModel)" time="0.037" />
  <testcase classname="ptolemy.util.test.junit.AutoTests" name="[28] /home/travis/build/icyphy/ptII/ptolemy/domains/de/test/auto/FSM7.xml (RunModel)" time="0.035" />
  <testcase classname="ptolemy.util.test.junit.AutoTests" name="[29] /home/travis/build/icyphy/ptII/ptolemy/domains/de/test/auto/Inspection.xml (RunModel)" time="0.052" />
  <testcase classname="ptolemy.util.test.junit.AutoTests" name="[30] /home/travis/build/icyphy/ptII/ptolemy/domains/de/test/auto/Iteration.xml (RunModel)" time="0.022" />
  <testcase classname="ptolemy.util.test.junit.AutoTests" name="[31] /home/travis/build/icyphy/ptII/ptolemy/domains/de/test/auto/LineFault.xml (RunModel)" time="0.645" />
  <testcase classname="ptolemy.util.test.junit.AutoTests" name="[32] /home/travis/build/icyphy/ptII/ptolemy/domains/de/test/auto/MergeModel1Add.xml (RunModel)" time="0.05" />
  <testcase classname="ptolemy.util.test.junit.AutoTests" name="[33] /home/travis/build/icyphy/ptII/ptolemy/domains/de/test/auto/MergeModel2Add.xml (RunModel)" time="0.045" />
  <testcase classname="ptolemy.util.test.junit.AutoTests" name="[34] /home/travis/build/icyphy/ptII/ptolemy/domains/de/test/auto/MergeModel3Add.xml (RunModel)" time="0.051" />
  <testcase classname="ptolemy.util.test.junit.AutoTests" name="[35] /home/travis/build/icyphy/ptII/ptolemy/domains/de/test/auto/MergeWithoutDiscard.xml (RunModel)" time="0.02" />
  <testcase classname="ptolemy.util.test.junit.AutoTests" name="[36] /home/travis/build/icyphy/ptII/ptolemy/domains/de/test/auto/Modal1.xml (RunModel)" time="0.034" />
  <testcase classname="ptolemy.util.test.junit.AutoTests" name="[37] /home/travis/build/icyphy/ptII/ptolemy/domains/de/test/auto/Modal2.xml (RunModel)" time="0.037" />
  <testcase classname="ptolemy.util.test.junit.AutoTests" name="[38] /home/travis/build/icyphy/ptII/ptolemy/domains/de/test/auto/Modal3.xml (RunModel)" time="0.03" />
  <testcase classname="ptolemy.util.test.junit.AutoTests" name="[39] /home/travis/build/icyphy/ptII/ptolemy/domains/de/test/auto/Modal4.xml (RunModel)" time="0.032" />
  <testcase classname="ptolemy.util.test.junit.AutoTests" name="[40] /home/travis/build/icyphy/ptII/ptolemy/domains/de/test/auto/Modal5.xml (RunModel)" time="0.032" />
  <testcase classname="ptolemy.util.test.junit.AutoTests" name="[41] /home/travis/build/icyphy/ptII/ptolemy/domains/de/test/auto/Modal6.xml (RunModel)" time="0.032" />
  <testcase classname="ptolemy.util.test.junit.AutoTests" name="[42] /home/travis/build/icyphy/ptII/ptolemy/domains/de/test/auto/Modal7.xml (RunModel)" time="0.031" />
  <testcase classname="ptolemy.util.test.junit.AutoTests" name="[43] /home/travis/build/icyphy/ptII/ptolemy/domains/de/test/auto/ModalModel.xml (RunModel)" time="0.162" />
  <testcase classname="ptolemy.util.test.junit.AutoTests" name="[44] /home/travis/build/icyphy/ptII/ptolemy/domains/de/test/auto/ModalSource.xml (RunModel)" time="0.026" />
  <testcase classname="ptolemy.util.test.junit.AutoTests" name="[45] /home/travis/build/icyphy/ptII/ptolemy/domains/de/test/auto/NonInterruptibleTimerZeroDelay.xml (RunModel)" time="0.011" />
  <testcase classname="ptolemy.util.test.junit.AutoTests" name="[46] /home/travis/build/icyphy/ptII/ptolemy/domains/de/test/auto/OpenQueueingNetwork.xml (RunModel)" time="2.484" />
  <testcase classname="ptolemy.util.test.junit.AutoTests" name="[47] /home/travis/build/icyphy/ptII/ptolemy/domains/de/test/auto/OpenQueuingNetwork.xml (RunModel)" time="0.31" />
  <testcase classname="ptolemy.util.test.junit.AutoTests" name="[48] /home/travis/build/icyphy/ptII/ptolemy/domains/de/test/auto/PeriodicSampler.xml (RunModel)" time="0.011" />
  <testcase classname="ptolemy.util.test.junit.AutoTests" name="[49] /home/travis/build/icyphy/ptII/ptolemy/domains/de/test/auto/PersistentIO.xml (RunModel)" time="0.021" />
  <testcase classname="ptolemy.util.test.junit.AutoTests" name="[50] /home/travis/build/icyphy/ptII/ptolemy/domains/de/test/auto/PortParameterResetOnInitialize.xml (RunModel)" time="0.011" />
  <testcase classname="ptolemy.util.test.junit.AutoTests" name="[51] /home/travis/build/icyphy/ptII/ptolemy/domains/de/test/auto/PortParameterUpdates.xml (RunModel)" time="0.013" />
  <testcase classname="ptolemy.util.test.junit.AutoTests" name="[52] /home/travis/build/icyphy/ptII/ptolemy/domains/de/test/auto/QueueAndServer.xml (RunModel)" time="0.02" />
  <testcase classname="ptolemy.util.test.junit.AutoTests" name="[53] /home/travis/build/icyphy/ptII/ptolemy/domains/de/test/auto/Records.xml (RunModel)" time="0.014" />
  <testcase classname="ptolemy.util.test.junit.AutoTests" name="[54] /home/travis/build/icyphy/ptII/ptolemy/domains/de/test/auto/ResetTransitionWithStartTime1.xml (RunModel)" time="0.018" />
  <testcase classname="ptolemy.util.test.junit.AutoTests" name="[55] /home/travis/build/icyphy/ptII/ptolemy/domains/de/test/auto/ResetTransitionWithStartTime2.xml (RunModel)" time="0.022" />
  <testcase classname="ptolemy.util.test.junit.AutoTests" name="[56] /home/travis/build/icyphy/ptII/ptolemy/domains/de/test/auto/ResetTransitionWithStartTime3.xml (RunModel)" time="0.023" />
  <testcase classname="ptolemy.util.test.junit.AutoTests" name="[57] /home/travis/build/icyphy/ptII/ptolemy/domains/de/test/auto/ResetTransitionWithStartTime4.xml (RunModel)" time="0.026" />
  <testcase classname="ptolemy.util.test.junit.AutoTests" name="[58] /home/travis/build/icyphy/ptII/ptolemy/domains/de/test/auto/ResettableTimer1.xml (RunModel)" time="0.011" />
  <testcase classname="ptolemy.util.test.junit.AutoTests" name="[59] /home/travis/build/icyphy/ptII/ptolemy/domains/de/test/auto/ResettableTimer2.xml (RunModel)" time="0.009" />
  <testcase classname="ptolemy.util.test.junit.AutoTests" name="[60] /home/travis/build/icyphy/ptII/ptolemy/domains/de/test/auto/ResettableTimer3.xml (RunModel)" time="0.009" />
  <testcase classname="ptolemy.util.test.junit.AutoTests" name="[61] /home/travis/build/icyphy/ptII/ptolemy/domains/de/test/auto/ResettableTimer4.xml (RunModel)" time="0.011" />
  <testcase classname="ptolemy.util.test.junit.AutoTests" name="[62] /home/travis/build/icyphy/ptII/ptolemy/domains/de/test/auto/ResettableTimer5.xml (RunModel)" time="0.01" />
  <testcase classname="ptolemy.util.test.junit.AutoTests" name="[63] /home/travis/build/icyphy/ptII/ptolemy/domains/de/test/auto/ResettableTimer6.xml (RunModel)" time="0.019" />
  <testcase classname="ptolemy.util.test.junit.AutoTests" name="[64] /home/travis/build/icyphy/ptII/ptolemy/domains/de/test/auto/ServerZeroDelay.xml (RunModel)" time="0.011" />
  <testcase classname="ptolemy.util.test.junit.AutoTests" name="[65] /home/travis/build/icyphy/ptII/ptolemy/domains/de/test/auto/SmartSender.xml (RunModel)" time="3.008" />
  <testcase classname="ptolemy.util.test.junit.AutoTests" name="[66] /home/travis/build/icyphy/ptII/ptolemy/domains/de/test/auto/ThreadedComposite.xml (RunModel)" time="0.29" />
  <testcase classname="ptolemy.util.test.junit.AutoTests" name="[67] /home/travis/build/icyphy/ptII/ptolemy/domains/de/test/auto/Time.xml (RunModel)" time="0.464" />
  <testcase classname="ptolemy.util.test.junit.AutoTests" name="[68] /home/travis/build/icyphy/ptII/ptolemy/domains/de/test/auto/TimeDelayZeroDelay.xml (RunModel)" time="0.01" />
  <testcase classname="ptolemy.util.test.junit.AutoTests" name="[69] /home/travis/build/icyphy/ptII/ptolemy/domains/de/test/auto/TimerZeroDelay.xml (RunModel)" time="0.013" />
  <testcase classname="ptolemy.util.test.junit.AutoTests" name="[70] /home/travis/build/icyphy/ptII/ptolemy/domains/de/test/auto/TimingParadox.xml (RunModel)" time="0.37" />
  <testcase classname="ptolemy.util.test.junit.AutoTests" name="[71] /home/travis/build/icyphy/ptII/ptolemy/domains/de/test/auto/TransferInputs.xml (RunModel)" time="0.031" />
  <testcase classname="ptolemy.util.test.junit.AutoTests" name="[72] /home/travis/build/icyphy/ptII/ptolemy/domains/de/test/auto/TransferOutputs2.xml (RunModel)" time="0.025" />
  <testcase classname="ptolemy.util.test.junit.AutoTests" name="[73] /home/travis/build/icyphy/ptII/ptolemy/domains/de/test/auto/Trilateration.xml (RunModel)" time="12.932" />
  <testcase classname="ptolemy.util.test.junit.AutoTests" name="[74] /home/travis/build/icyphy/ptII/ptolemy/domains/de/test/auto/TwoSigmaDelta.xml (RunModel)" time="2.005" />
  <testcase classname="ptolemy.util.test.junit.AutoTests" name="[75] /home/travis/build/icyphy/ptII/ptolemy/domains/de/test/auto/VariableDelay.xml (RunModel)" time="0.014" />
  <testcase classname="ptolemy.util.test.junit.AutoTests" name="[76] /home/travis/build/icyphy/ptII/ptolemy/domains/de/test/auto/VariableDelay2.xml (RunModel)" time="0.015" />
  <testcase classname="ptolemy.util.test.junit.AutoTests" name="[77] /home/travis/build/icyphy/ptII/ptolemy/domains/de/test/auto/VariableDelayZeroDelay.xml (RunModel)" time="0.015" />
  <testcase classname="ptolemy.util.test.junit.AutoTests" name="[78] /home/travis/build/icyphy/ptII/ptolemy/domains/de/test/auto/VariableDelayZeroDelay2.xml (RunModel)" time="0.01" />
  <testcase classname="ptolemy.util.test.junit.AutoTests" name="[79] /home/travis/build/icyphy/ptII/ptolemy/domains/de/test/auto/deInCt.xml (RunModel)" time="0.015" />
  <testcase classname="ptolemy.util.test.junit.AutoTests" name="[80] /home/travis/build/icyphy/ptII/ptolemy/domains/de/test/auto/deInCt2.xml (RunModel)" time="0.016" />
  <testcase classname="ptolemy.util.test.junit.AutoTests" name="[81] /home/travis/build/icyphy/ptII/ptolemy/domains/de/test/auto/dynamicCausalityInterface1.xml (RunModel)" time="0.019" />
  <testcase classname="ptolemy.util.test.junit.AutoTests" name="[82] /home/travis/build/icyphy/ptII/ptolemy/domains/de/test/auto/fsm_de_test.xml (RunModel)" time="0.038" />
  <testcase classname="ptolemy.util.test.junit.AutoTests" name="[83] /home/travis/build/icyphy/ptII/ptolemy/domains/de/test/auto/functionDependencyReconstruction.xml (RunModel)" time="0.033" />
  <testcase classname="ptolemy.util.test.junit.AutoTests" name="[84] /home/travis/build/icyphy/ptII/ptolemy/domains/de/test/auto/multirate.xml (RunModel)" time="0.015" />
  <testcase classname="ptolemy.util.test.junit.AutoTests" name="[85] /home/travis/build/icyphy/ptII/ptolemy/domains/de/test/auto/multirate2.xml (RunModel)" time="0.018" />
  <testcase classname="ptolemy.util.test.junit.AutoTests" name="[86] /home/travis/build/icyphy/ptII/ptolemy/domains/de/test/auto/realtime.xml (RunModel)" time="10.01" />
  <testcase classname="ptolemy.util.test.junit.AutoTests" name="[87] /home/travis/build/icyphy/ptII/ptolemy/domains/de/test/auto/relationGroup.xml (RunModel)" time="0.01" />
  <testcase classname="ptolemy.util.test.junit.AutoTests" name="[88] /home/travis/build/icyphy/ptII/ptolemy/domains/de/test/auto/relationGroup2.xml (RunModel)" time="0.007" />
  <testcase classname="ptolemy.util.test.junit.AutoTests" name="[89] /home/travis/build/icyphy/ptII/ptolemy/domains/de/test/auto/sortWithOpaquePorts.xml (RunModel)" time="0.012" />
  <testcase classname="ptolemy.util.test.junit.AutoTests" name="[90] /home/travis/build/icyphy/ptII/ptolemy/domains/de/test/auto/transferInputsandOutputs.xml (RunModel)" time="0.019" />
  <testcase classname="ptolemy.util.test.junit.AutoTests" name="[91] /home/travis/build/icyphy/ptII/ptolemy/domains/de/test/auto/triggerType.xml (RunModel)" time="0.008" />
  <system-out><![CDATA[/home/travis/build/icyphy/ptII/ptolemy/domains/de/test/DependencyLoop.tcl
testDefs.tcl: setting time out to 9000 seconds at Sat Oct 26 06:06:31 UTC 2019
86 ms. Memory: 120832K Free: 72129K (60%)
12 ms. Memory: 120832K Free: 54715K (45%)
/home/travis/build/icyphy/ptII/ptolemy/domains/de/test/RunDETestsAsQSS.tcl
Run the DE tests using ptolemy.domains.qss.test.QSSDirectorTest, which extends QSSDirector and prints a message in the constructors.
------------------ testing $PTII/ptolemy/domains/de/test/auto/knownFailedTests/DirectFeedback.xml (Known Failure) 
44 ms. Memory: 120832K Free: 49091K (41%)


==== $PTIIhome/travis/build/icyphy/ptII/ptolemy/domains/de/test/../../../../: Auto Automatic test in file $PTII/ptolemy/domains/de/test/auto/knownFailedTests/DirectFeedback.xml
==== Contents of test case:

	    # FIXME: we should use $relativeFilename here, but it
	    # might have backslashes under Windows, which causes no end
	    # of trouble.
	    createAndExecute $file
	    list {}
	
.... Test generated KNOWN error:
    while executing
ptolemy.kernel.util.IllegalActionException: Test fails in iteration 1.
Value was: 1.0. Should have been: 2.0
  in .DirectFeedback.Test
	at ptolemy.actor.lib.Test.fire(Test.java:268)
	at ptolemy.domains.de.kernel.DEDirector._fire(DEDirector.java:1949)
	at ptolemy.domains.de.kernel.DEDirector.fire(DEDirector.java:502)
	at ptolemy.actor.CompositeActor.fire(CompositeActor.java:455)
	at ptolemy.actor.Manager.iterate(Manager.java:851)
	at ptolemy.actor.Manager.execute(Manager.java:369)
	at ptolemy.actor.Manager.run(Manager.java:1263)
	at ptolemy.actor.Manager$PtolemyRunThread.run(Manager.java:1933)

    while executing
ptolemy.kernel.util.IllegalActionException: Test fails in iteration 1.
Value was: 1.0. Should have been: 2.0
  in .DirectFeedback.Test
    while executing
"java::new ptolemy.moml.MoMLSimpleApplication $file
"
    (procedure "createAndExecute" line 2)
    invoked from within
"createAndExecute $file"
    ("uplevel" body line 5)
    invoked from within
"uplevel $contents_of_test"
------------------ testing $PTII/ptolemy/domains/de/test/auto/knownFailedTests/dependencyLoop.xml (Known Failure) 
22 ms. Memory: 120832K Free: 46019K (38%)


==== $PTIIhome/travis/build/icyphy/ptII/ptolemy/domains/de/test/../../../../: Auto Automatic test in file $PTII/ptolemy/domains/de/test/auto/knownFailedTests/dependencyLoop.xml
==== Contents of test case:

	    # FIXME: we should use $relativeFilename here, but it
	    # might have backslashes under Windows, which causes no end
	    # of trouble.
	    createAndExecute $file
	    list {}
	
.... Test generated KNOWN error:
    while executing
ptolemy.kernel.util.IllegalActionException: Found a zero delay loop containing .dependencyLoop.original
  in .dependencyLoop and .dependencyLoop.original
	at ptolemy.actor.util.CausalityInterfaceForComposites._computeOutputPortDepth(CausalityInterfaceForComposites.java:759)
	at ptolemy.actor.util.CausalityInterfaceForComposites._computeInputDepth(CausalityInterfaceForComposites.java:696)
	at ptolemy.actor.util.CausalityInterfaceForComposites._computeOutputPortDepth(CausalityInterfaceForComposites.java:765)
	at ptolemy.actor.util.CausalityInterfaceForComposites._computeInputDepth(CausalityInterfaceForComposites.java:696)
	at ptolemy.actor.util.CausalityInterfaceForComposites._computeOutputPortDepth(CausalityInterfaceForComposites.java:765)
	at ptolemy.actor.util.CausalityInterfaceForComposites._computeInputDepth(CausalityInterfaceForComposites.java:696)
	at ptolemy.actor.util.CausalityInterfaceForComposites._computeActorDepth(CausalityInterfaceForComposites.java:532)
	at ptolemy.actor.util.CausalityInterfaceForComposites.checkForCycles(CausalityInterfaceForComposites.java:96)
	at ptolemy.domains.de.kernel.DEDirector.preinitialize(DEDirector.java:1338)
	at ptolemy.actor.CompositeActor.preinitialize(CompositeActor.java:1828)
	at ptolemy.actor.Manager.preinitializeAndResolveTypes(Manager.java:1040)
	at ptolemy.actor.Manager.initialize(Manager.java:710)
	at ptolemy.actor.Manager.execute(Manager.java:356)
	at ptolemy.actor.Manager.run(Manager.java:1263)
	at ptolemy.actor.Manager$PtolemyRunThread.run(Manager.java:1933)

    while executing
ptolemy.kernel.util.IllegalActionException: Found a zero delay loop containing .dependencyLoop.original
  in .dependencyLoop and .dependencyLoop.original
    while executing
"java::new ptolemy.moml.MoMLSimpleApplication $file
"
    (procedure "createAndExecute" line 2)
    invoked from within
"createAndExecute $file"
    ("uplevel" body line 5)
    invoked from within
"uplevel $contents_of_test"
------------------ testing $PTII/ptolemy/domains/de/test/auto/knownFailedTests/FSMSource.xml (Known Failure) 
68 ms. Memory: 120832K Free: 99504K (82%)
!!!! Auto was marked as failing, but now passes
------------------ testing $PTII/ptolemy/domains/de/test/auto/knownFailedTests/HierarchicalModel.xml (Known Failure) 
9 ms. Memory: 120832K Free: 82437K (68%)


==== $PTIIhome/travis/build/icyphy/ptII/ptolemy/domains/de/test/../../../../: Auto Automatic test in file $PTII/ptolemy/domains/de/test/auto/knownFailedTests/HierarchicalModel.xml
==== Contents of test case:

	    # FIXME: we should use $relativeFilename here, but it
	    # might have backslashes under Windows, which causes no end
	    # of trouble.
	    createAndExecute $file
	    list {}
	
.... Test generated KNOWN error:
    while executing
ptolemy.kernel.util.IllegalActionException: Found a zero delay loop containing .HierarchicalModel.A
  in .HierarchicalModel and .HierarchicalModel.A
	at ptolemy.actor.util.CausalityInterfaceForComposites._computeOutputPortDepth(CausalityInterfaceForComposites.java:759)
	at ptolemy.actor.util.CausalityInterfaceForComposites._computeInputDepth(CausalityInterfaceForComposites.java:696)
	at ptolemy.actor.util.CausalityInterfaceForComposites._computeOutputPortDepth(CausalityInterfaceForComposites.java:765)
	at ptolemy.actor.util.CausalityInterfaceForComposites._computeInputDepth(CausalityInterfaceForComposites.java:696)
	at ptolemy.actor.util.CausalityInterfaceForComposites._computeOutputPortDepth(CausalityInterfaceForComposites.java:765)
	at ptolemy.actor.util.CausalityInterfaceForComposites._computeInputDepth(CausalityInterfaceForComposites.java:696)
	at ptolemy.actor.util.CausalityInterfaceForComposites._computeActorDepth(CausalityInterfaceForComposites.java:532)
	at ptolemy.actor.util.CausalityInterfaceForComposites.checkForCycles(CausalityInterfaceForComposites.java:96)
	at ptolemy.domains.de.kernel.DEDirector.preinitialize(DEDirector.java:1338)
	at ptolemy.actor.CompositeActor.preinitialize(CompositeActor.java:1828)
	at ptolemy.actor.Manager.preinitializeAndResolveTypes(Manager.java:1040)
	at ptolemy.actor.Manager.initialize(Manager.java:710)
	at ptolemy.actor.Manager.execute(Manager.java:356)
	at ptolemy.actor.Manager.run(Manager.java:1263)
	at ptolemy.actor.Manager$PtolemyRunThread.run(Manager.java:1933)

    while executing
ptolemy.kernel.util.IllegalActionException: Found a zero delay loop containing .HierarchicalModel.A
  in .HierarchicalModel and .HierarchicalModel.A
    while executing
"java::new ptolemy.moml.MoMLSimpleApplication $file
"
    (procedure "createAndExecute" line 2)
    invoked from within
"createAndExecute $file"
    ("uplevel" body line 5)
    invoked from within
"uplevel $contents_of_test"
------------------ testing $PTII/ptolemy/domains/de/test/auto/knownFailedTests/dependencyLoop2.xml (Known Failure) 
6 ms. Memory: 120832K Free: 66822K (55%)


==== $PTIIhome/travis/build/icyphy/ptII/ptolemy/domains/de/test/../../../../: Auto Automatic test in file $PTII/ptolemy/domains/de/test/auto/knownFailedTests/dependencyLoop2.xml
==== Contents of test case:

	    # FIXME: we should use $relativeFilename here, but it
	    # might have backslashes under Windows, which causes no end
	    # of trouble.
	    createAndExecute $file
	    list {}
	
.... Test generated KNOWN error:
    while executing
ptolemy.kernel.util.IllegalActionException: Found a zero delay loop containing .dependencyLoop2.original
  in .dependencyLoop2 and .dependencyLoop2.original
	at ptolemy.actor.util.CausalityInterfaceForComposites._computeOutputPortDepth(CausalityInterfaceForComposites.java:759)
	at ptolemy.actor.util.CausalityInterfaceForComposites._computeInputDepth(CausalityInterfaceForComposites.java:696)
	at ptolemy.actor.util.CausalityInterfaceForComposites._computeOutputPortDepth(CausalityInterfaceForComposites.java:765)
	at ptolemy.actor.util.CausalityInterfaceForComposites._computeInputDepth(CausalityInterfaceForComposites.java:696)
	at ptolemy.actor.util.CausalityInterfaceForComposites._computeOutputPortDepth(CausalityInterfaceForComposites.java:765)
	at ptolemy.actor.util.CausalityInterfaceForComposites._computeInputDepth(CausalityInterfaceForComposites.java:696)
	at ptolemy.actor.util.CausalityInterfaceForComposites._computeActorDepth(CausalityInterfaceForComposites.java:532)
	at ptolemy.actor.util.CausalityInterfaceForComposites.checkForCycles(CausalityInterfaceForComposites.java:96)
	at ptolemy.domains.de.kernel.DEDirector.preinitialize(DEDirector.java:1338)
	at ptolemy.actor.CompositeActor.preinitialize(CompositeActor.java:1828)
	at ptolemy.actor.Manager.preinitializeAndResolveTypes(Manager.java:1040)
	at ptolemy.actor.Manager.initialize(Manager.java:710)
	at ptolemy.actor.Manager.execute(Manager.java:356)
	at ptolemy.actor.Manager.run(Manager.java:1263)
	at ptolemy.actor.Manager$PtolemyRunThread.run(Manager.java:1933)

    while executing
ptolemy.kernel.util.IllegalActionException: Found a zero delay loop containing .dependencyLoop2.original
  in .dependencyLoop2 and .dependencyLoop2.original
    while executing
"java::new ptolemy.moml.MoMLSimpleApplication $file
"
    (procedure "createAndExecute" line 2)
    invoked from within
"createAndExecute $file"
    ("uplevel" body line 5)
    invoked from within
"uplevel $contents_of_test"
------------------ testing $PTII/ptolemy/domains/de/test/auto/knownFailedTests/DESDFClockTest.xml (Known Failure) 
2067 ms. Memory: 120832K Free: 96722K (80%)


==== $PTIIhome/travis/build/icyphy/ptII/ptolemy/domains/de/test/../../../../: Auto Automatic test in file $PTII/ptolemy/domains/de/test/auto/knownFailedTests/DESDFClockTest.xml
==== Contents of test case:

	    # FIXME: we should use $relativeFilename here, but it
	    # might have backslashes under Windows, which causes no end
	    # of trouble.
	    createAndExecute $file
	    list {}
	
.... Test generated KNOWN error:
    while executing
ptolemy.kernel.util.IllegalActionException: Actor is not ready to fire.  Perhaps UpSample.prefire() returned false? Try debugging the actor by selecting "Listen to Actor".  Also, for SDF check moml for tokenConsumptionRate on input.
  in .DESDFClockTest.Play Bell.Copy1:SDF Director and .DESDFClockTest.Play Bell.UpSample
	at ptolemy.actor.sched.StaticSchedulingDirector.fire(StaticSchedulingDirector.java:227)
	at ptolemy.domains.sdf.kernel.SDFDirector.fire(SDFDirector.java:500)
	at ptolemy.actor.CompositeActor.fire(CompositeActor.java:455)
	at ptolemy.domains.de.kernel.DEDirector._fire(DEDirector.java:1949)
	at ptolemy.domains.de.kernel.DEDirector.fire(DEDirector.java:502)
	at ptolemy.actor.CompositeActor.fire(CompositeActor.java:455)
	at ptolemy.actor.Manager.iterate(Manager.java:851)
	at ptolemy.actor.Manager.execute(Manager.java:369)
	at ptolemy.actor.Manager.run(Manager.java:1263)
	at ptolemy.actor.Manager$PtolemyRunThread.run(Manager.java:1933)

    while executing
ptolemy.kernel.util.IllegalActionException: Actor is not ready to fire.  Perhaps UpSample.prefire() returned false? Try debugging the actor by selecting "Listen to Actor".  Also, for SDF check moml for tokenConsumptionRate on input.
  in .DESDFClockTest.Play Bell.Copy1:SDF Director and .DESDFClockTest.Play Bell.UpSample
    while executing
"java::new ptolemy.moml.MoMLSimpleApplication $file
"
    (procedure "createAndExecute" line 2)
    invoked from within
"createAndExecute $file"
    ("uplevel" body line 5)
    invoked from within
"uplevel $contents_of_test"
------------------ testing $PTII/ptolemy/domains/de/test/auto/ActorDepthCalculation_actorWithoutPorts.xml
auto.tcl: Setting watchdog for 200 seconds at Sat Oct 26 06:06:35 UTC 2019
8 ms. Memory: 120832K Free: 89540K (74%)
ptolemy.util.test.WatchDog.cancel(): canceling Sat Oct 26 06:06:35 UTC 2019
auto.tcl: Setting watchdog for 200 seconds at Sat Oct 26 06:06:35 UTC 2019
4 ms. Memory: 120832K Free: 88020K (73%)
ptolemy.util.test.WatchDog.cancel(): canceling Sat Oct 26 06:06:35 UTC 2019
------------------ testing $PTII/ptolemy/domains/de/test/auto/AssemblyLine.xml
auto.tcl: Setting watchdog for 200 seconds at Sat Oct 26 06:06:35 UTC 2019
11 ms. Memory: 48128K Free: 26045K (54%)
ptolemy.util.test.WatchDog.cancel(): canceling Sat Oct 26 06:06:36 UTC 2019
auto.tcl: Setting watchdog for 200 seconds at Sat Oct 26 06:06:36 UTC 2019
15 ms. Memory: 48128K Free: 25339K (53%)
ptolemy.util.test.WatchDog.cancel(): canceling Sat Oct 26 06:06:36 UTC 2019
------------------ testing $PTII/ptolemy/domains/de/test/auto/CQBug1.xml
auto.tcl: Setting watchdog for 200 seconds at Sat Oct 26 06:06:36 UTC 2019
3 ms. Memory: 45056K Free: 28498K (63%)
ptolemy.util.test.WatchDog.cancel(): canceling Sat Oct 26 06:06:36 UTC 2019
auto.tcl: Setting watchdog for 200 seconds at Sat Oct 26 06:06:36 UTC 2019
3 ms. Memory: 45056K Free: 28082K (62%)
ptolemy.util.test.WatchDog.cancel(): canceling Sat Oct 26 06:06:36 UTC 2019
------------------ testing $PTII/ptolemy/domains/de/test/auto/CancelFireAt.xml
auto.tcl: Setting watchdog for 200 seconds at Sat Oct 26 06:06:36 UTC 2019
9 ms. Memory: 45056K Free: 29692K (66%)
ptolemy.util.test.WatchDog.cancel(): canceling Sat Oct 26 06:06:36 UTC 2019
auto.tcl: Setting watchdog for 200 seconds at Sat Oct 26 06:06:36 UTC 2019
2 ms. Memory: 45056K Free: 29278K (65%)
ptolemy.util.test.WatchDog.cancel(): canceling Sat Oct 26 06:06:36 UTC 2019
------------------ testing $PTII/ptolemy/domains/de/test/auto/CausalityAndComposabilityAnalysis.xml
auto.tcl: Setting watchdog for 200 seconds at Sat Oct 26 06:06:36 UTC 2019
14 ms. Memory: 45056K Free: 27664K (61%)
ptolemy.util.test.WatchDog.cancel(): canceling Sat Oct 26 06:06:36 UTC 2019
auto.tcl: Setting watchdog for 200 seconds at Sat Oct 26 06:06:36 UTC 2019
10 ms. Memory: 45056K Free: 26907K (60%)
ptolemy.util.test.WatchDog.cancel(): canceling Sat Oct 26 06:06:36 UTC 2019
------------------ testing $PTII/ptolemy/domains/de/test/auto/CausalityInterface1.xml
auto.tcl: Setting watchdog for 200 seconds at Sat Oct 26 06:06:36 UTC 2019
25 ms. Memory: 45056K Free: 26386K (59%)
ptolemy.util.test.WatchDog.cancel(): canceling Sat Oct 26 06:06:36 UTC 2019
auto.tcl: Setting watchdog for 200 seconds at Sat Oct 26 06:06:36 UTC 2019
4 ms. Memory: 45056K Free: 25423K (56%)
ptolemy.util.test.WatchDog.cancel(): canceling Sat Oct 26 06:06:36 UTC 2019
------------------ testing $PTII/ptolemy/domains/de/test/auto/CausalityInterface15.xml
auto.tcl: Setting watchdog for 200 seconds at Sat Oct 26 06:06:36 UTC 2019
11 ms. Memory: 45056K Free: 26301K (58%)
ptolemy.util.test.WatchDog.cancel(): canceling Sat Oct 26 06:06:36 UTC 2019
auto.tcl: Setting watchdog for 200 seconds at Sat Oct 26 06:06:36 UTC 2019
5 ms. Memory: 45056K Free: 25354K (56%)
ptolemy.util.test.WatchDog.cancel(): canceling Sat Oct 26 06:06:36 UTC 2019
------------------ testing $PTII/ptolemy/domains/de/test/auto/CausalityInterface2.xml
auto.tcl: Setting watchdog for 200 seconds at Sat Oct 26 06:06:36 UTC 2019
7 ms. Memory: 45056K Free: 27066K (60%)
ptolemy.util.test.WatchDog.cancel(): canceling Sat Oct 26 06:06:36 UTC 2019
auto.tcl: Setting watchdog for 200 seconds at Sat Oct 26 06:06:36 UTC 2019
3 ms. Memory: 45056K Free: 25933K (58%)
ptolemy.util.test.WatchDog.cancel(): canceling Sat Oct 26 06:06:36 UTC 2019
------------------ testing $PTII/ptolemy/domains/de/test/auto/CausalityInterface3.xml
auto.tcl: Setting watchdog for 200 seconds at Sat Oct 26 06:06:36 UTC 2019
3 ms. Memory: 45056K Free: 26555K (59%)
ptolemy.util.test.WatchDog.cancel(): canceling Sat Oct 26 06:06:36 UTC 2019
auto.tcl: Setting watchdog for 200 seconds at Sat Oct 26 06:06:36 UTC 2019
3 ms. Memory: 45056K Free: 25768K (57%)
ptolemy.util.test.WatchDog.cancel(): canceling Sat Oct 26 06:06:36 UTC 2019
------------------ testing $PTII/ptolemy/domains/de/test/auto/ClockDrift.xml
auto.tcl: Setting watchdog for 200 seconds at Sat Oct 26 06:06:36 UTC 2019
84 ms. Memory: 45056K Free: 19161K (43%)
ptolemy.util.test.WatchDog.cancel(): canceling Sat Oct 26 06:06:37 UTC 2019
auto.tcl: Setting watchdog for 200 seconds at Sat Oct 26 06:06:37 UTC 2019
51 ms. Memory: 45056K Free: 16142K (36%)
ptolemy.util.test.WatchDog.cancel(): canceling Sat Oct 26 06:06:37 UTC 2019
------------------ testing $PTII/ptolemy/domains/de/test/auto/ClockDriftAndValueChange.xml
auto.tcl: Setting watchdog for 200 seconds at Sat Oct 26 06:06:37 UTC 2019
48 ms. Memory: 45056K Free: 19165K (43%)
ptolemy.util.test.WatchDog.cancel(): canceling Sat Oct 26 06:06:37 UTC 2019
auto.tcl: Setting watchdog for 200 seconds at Sat Oct 26 06:06:37 UTC 2019
21 ms. Memory: 45056K Free: 16382K (36%)
ptolemy.util.test.WatchDog.cancel(): canceling Sat Oct 26 06:06:37 UTC 2019
------------------ testing $PTII/ptolemy/domains/de/test/auto/ClockDriftChange.xml
auto.tcl: Setting watchdog for 200 seconds at Sat Oct 26 06:06:37 UTC 2019
22 ms. Memory: 45056K Free: 21277K (47%)
ptolemy.util.test.WatchDog.cancel(): canceling Sat Oct 26 06:06:37 UTC 2019
auto.tcl: Setting watchdog for 200 seconds at Sat Oct 26 06:06:37 UTC 2019
30 ms. Memory: 45056K Free: 18721K (42%)
ptolemy.util.test.WatchDog.cancel(): canceling Sat Oct 26 06:06:37 UTC 2019
------------------ testing $PTII/ptolemy/domains/de/test/auto/ComposableCausalityAnalysis.xml
auto.tcl: Setting watchdog for 200 seconds at Sat Oct 26 06:06:37 UTC 2019
2 ms. Memory: 45056K Free: 25862K (57%)
ptolemy.util.test.WatchDog.cancel(): canceling Sat Oct 26 06:06:37 UTC 2019
auto.tcl: Setting watchdog for 200 seconds at Sat Oct 26 06:06:37 UTC 2019
5 ms. Memory: 45056K Free: 24833K (55%)
ptolemy.util.test.WatchDog.cancel(): canceling Sat Oct 26 06:06:37 UTC 2019
------------------ testing $PTII/ptolemy/domains/de/test/auto/DEFixedPointLimitation.xml
auto.tcl: Setting watchdog for 200 seconds at Sat Oct 26 06:06:37 UTC 2019
3 ms. Memory: 45056K Free: 27246K (60%)
ptolemy.util.test.WatchDog.cancel(): canceling Sat Oct 26 06:06:37 UTC 2019
auto.tcl: Setting watchdog for 200 seconds at Sat Oct 26 06:06:37 UTC 2019
2 ms. Memory: 45056K Free: 26350K (58%)
ptolemy.util.test.WatchDog.cancel(): canceling Sat Oct 26 06:06:37 UTC 2019
------------------ testing $PTII/ptolemy/domains/de/test/auto/DEScheduleTest.xml
auto.tcl: Setting watchdog for 200 seconds at Sat Oct 26 06:06:37 UTC 2019
3 ms. Memory: 45056K Free: 27530K (61%)
ptolemy.util.test.WatchDog.cancel(): canceling Sat Oct 26 06:06:37 UTC 2019
auto.tcl: Setting watchdog for 200 seconds at Sat Oct 26 06:06:37 UTC 2019
2 ms. Memory: 45056K Free: 26773K (59%)
ptolemy.util.test.WatchDog.cancel(): canceling Sat Oct 26 06:06:37 UTC 2019
------------------ testing $PTII/ptolemy/domains/de/test/auto/DEinDEwithStartTimes.xml
auto.tcl: Setting watchdog for 200 seconds at Sat Oct 26 06:06:37 UTC 2019
6 ms. Memory: 45056K Free: 25717K (57%)
ptolemy.util.test.WatchDog.cancel(): canceling Sat Oct 26 06:06:37 UTC 2019
auto.tcl: Setting watchdog for 200 seconds at Sat Oct 26 06:06:37 UTC 2019
5 ms. Memory: 45056K Free: 24310K (54%)
ptolemy.util.test.WatchDog.cancel(): canceling Sat Oct 26 06:06:37 UTC 2019
------------------ testing $PTII/ptolemy/domains/de/test/auto/DEinDEwithStartTimes2.xml
auto.tcl: Setting watchdog for 200 seconds at Sat Oct 26 06:06:37 UTC 2019
4 ms. Memory: 45056K Free: 24906K (55%)
ptolemy.util.test.WatchDog.cancel(): canceling Sat Oct 26 06:06:37 UTC 2019
auto.tcl: Setting watchdog for 200 seconds at Sat Oct 26 06:06:37 UTC 2019
4 ms. Memory: 45056K Free: 23629K (52%)
ptolemy.util.test.WatchDog.cancel(): canceling Sat Oct 26 06:06:37 UTC 2019
------------------ testing $PTII/ptolemy/domains/de/test/auto/DateDemo.xml
auto.tcl: Setting watchdog for 200 seconds at Sat Oct 26 06:06:37 UTC 2019
28 ms. Memory: 45056K Free: 19272K (43%)
ptolemy.util.test.WatchDog.cancel(): canceling Sat Oct 26 06:06:37 UTC 2019
auto.tcl: Setting watchdog for 200 seconds at Sat Oct 26 06:06:37 UTC 2019
6 ms. Memory: 45056K Free: 17679K (39%)
ptolemy.util.test.WatchDog.cancel(): canceling Sat Oct 26 06:06:37 UTC 2019
------------------ testing $PTII/ptolemy/domains/de/test/auto/DateToEvent.xml
auto.tcl: Setting watchdog for 200 seconds at Sat Oct 26 06:06:38 UTC 2019
2009 ms. Memory: 45056K Free: 15190K (34%)
ptolemy.util.test.WatchDog.cancel(): canceling Sat Oct 26 06:06:40 UTC 2019
auto.tcl: Setting watchdog for 200 seconds at Sat Oct 26 06:06:40 UTC 2019
2007 ms. Memory: 45056K Free: 14444K (32%)
ptolemy.util.test.WatchDog.cancel(): canceling Sat Oct 26 06:06:42 UTC 2019
------------------ testing $PTII/ptolemy/domains/de/test/auto/DepthTest1.xml
auto.tcl: Setting watchdog for 200 seconds at Sat Oct 26 06:06:42 UTC 2019
3 ms. Memory: 45056K Free: 28843K (64%)
ptolemy.util.test.WatchDog.cancel(): canceling Sat Oct 26 06:06:42 UTC 2019
auto.tcl: Setting watchdog for 200 seconds at Sat Oct 26 06:06:42 UTC 2019
2 ms. Memory: 45056K Free: 27943K (62%)
ptolemy.util.test.WatchDog.cancel(): canceling Sat Oct 26 06:06:42 UTC 2019
------------------ testing $PTII/ptolemy/domains/de/test/auto/DepthTest2.xml
auto.tcl: Setting watchdog for 200 seconds at Sat Oct 26 06:06:42 UTC 2019
3 ms. Memory: 45056K Free: 25199K (56%)
ptolemy.util.test.WatchDog.cancel(): canceling Sat Oct 26 06:06:42 UTC 2019
auto.tcl: Setting watchdog for 200 seconds at Sat Oct 26 06:06:42 UTC 2019
2 ms. Memory: 45056K Free: 24804K (55%)
ptolemy.util.test.WatchDog.cancel(): canceling Sat Oct 26 06:06:42 UTC 2019
------------------ testing $PTII/ptolemy/domains/de/test/auto/DepthTest3.xml
auto.tcl: Setting watchdog for 200 seconds at Sat Oct 26 06:06:42 UTC 2019
13 ms. Memory: 45056K Free: 28439K (63%)
ptolemy.util.test.WatchDog.cancel(): canceling Sat Oct 26 06:06:42 UTC 2019
auto.tcl: Setting watchdog for 200 seconds at Sat Oct 26 06:06:42 UTC 2019
2 ms. Memory: 45056K Free: 28044K (62%)
ptolemy.util.test.WatchDog.cancel(): canceling Sat Oct 26 06:06:42 UTC 2019
------------------ testing $PTII/ptolemy/domains/de/test/auto/DepthTest4.xml
auto.tcl: Setting watchdog for 200 seconds at Sat Oct 26 06:06:42 UTC 2019
6 ms. Memory: 45056K Free: 27024K (60%)
ptolemy.util.test.WatchDog.cancel(): canceling Sat Oct 26 06:06:42 UTC 2019
auto.tcl: Setting watchdog for 200 seconds at Sat Oct 26 06:06:42 UTC 2019
2 ms. Memory: 45056K Free: 26283K (58%)
ptolemy.util.test.WatchDog.cancel(): canceling Sat Oct 26 06:06:42 UTC 2019
------------------ testing $PTII/ptolemy/domains/de/test/auto/DepthTest5.xml
auto.tcl: Setting watchdog for 200 seconds at Sat Oct 26 06:06:42 UTC 2019
2 ms. Memory: 45056K Free: 26400K (59%)
ptolemy.util.test.WatchDog.cancel(): canceling Sat Oct 26 06:06:42 UTC 2019
auto.tcl: Setting watchdog for 200 seconds at Sat Oct 26 06:06:42 UTC 2019
3 ms. Memory: 45056K Free: 25627K (57%)
ptolemy.util.test.WatchDog.cancel(): canceling Sat Oct 26 06:06:42 UTC 2019
------------------ testing $PTII/ptolemy/domains/de/test/auto/DepthTest6.xml
auto.tcl: Setting watchdog for 200 seconds at Sat Oct 26 06:06:42 UTC 2019
4 ms. Memory: 45056K Free: 26155K (58%)
ptolemy.util.test.WatchDog.cancel(): canceling Sat Oct 26 06:06:42 UTC 2019
auto.tcl: Setting watchdog for 200 seconds at Sat Oct 26 06:06:42 UTC 2019
3 ms. Memory: 45056K Free: 25605K (57%)
ptolemy.util.test.WatchDog.cancel(): canceling Sat Oct 26 06:06:42 UTC 2019
------------------ testing $PTII/ptolemy/domains/de/test/auto/DepthTest7.xml
auto.tcl: Setting watchdog for 200 seconds at Sat Oct 26 06:06:42 UTC 2019
3 ms. Memory: 45056K Free: 26948K (60%)
ptolemy.util.test.WatchDog.cancel(): canceling Sat Oct 26 06:06:42 UTC 2019
auto.tcl: Setting watchdog for 200 seconds at Sat Oct 26 06:06:42 UTC 2019
2 ms. Memory: 45056K Free: 26215K (58%)
ptolemy.util.test.WatchDog.cancel(): canceling Sat Oct 26 06:06:42 UTC 2019
------------------ testing $PTII/ptolemy/domains/de/test/auto/EventToDate.xml
auto.tcl: Setting watchdog for 200 seconds at Sat Oct 26 06:06:42 UTC 2019
3007 ms. Memory: 45056K Free: 17755K (39%)
ptolemy.util.test.WatchDog.cancel(): canceling Sat Oct 26 06:06:45 UTC 2019
auto.tcl: Setting watchdog for 200 seconds at Sat Oct 26 06:06:45 UTC 2019
3005 ms. Memory: 45056K Free: 17042K (38%)
ptolemy.util.test.WatchDog.cancel(): canceling Sat Oct 26 06:06:48 UTC 2019
------------------ testing $PTII/ptolemy/domains/de/test/auto/FSM1.xml
auto.tcl: Setting watchdog for 200 seconds at Sat Oct 26 06:06:48 UTC 2019
26 ms. Memory: 45056K Free: 18952K (42%)
ptolemy.util.test.WatchDog.cancel(): canceling Sat Oct 26 06:06:48 UTC 2019
auto.tcl: Setting watchdog for 200 seconds at Sat Oct 26 06:06:48 UTC 2019
16 ms. Memory: 45056K Free: 15720K (35%)
ptolemy.util.test.WatchDog.cancel(): canceling Sat Oct 26 06:06:48 UTC 2019
------------------ testing $PTII/ptolemy/domains/de/test/auto/FSM7.xml
auto.tcl: Setting watchdog for 200 seconds at Sat Oct 26 06:06:48 UTC 2019
16 ms. Memory: 45056K Free: 18632K (41%)
ptolemy.util.test.WatchDog.cancel(): canceling Sat Oct 26 06:06:48 UTC 2019
auto.tcl: Setting watchdog for 200 seconds at Sat Oct 26 06:06:48 UTC 2019
23 ms. Memory: 45056K Free: 15530K (34%)
ptolemy.util.test.WatchDog.cancel(): canceling Sat Oct 26 06:06:48 UTC 2019
------------------ testing $PTII/ptolemy/domains/de/test/auto/Inspection.xml
auto.tcl: Setting watchdog for 200 seconds at Sat Oct 26 06:06:49 UTC 2019
28 ms. Memory: 45056K Free: 18680K (41%)
ptolemy.util.test.WatchDog.cancel(): canceling Sat Oct 26 06:06:49 UTC 2019
auto.tcl: Setting watchdog for 200 seconds at Sat Oct 26 06:06:49 UTC 2019
29 ms. Memory: 45056K Free: 16942K (38%)
ptolemy.util.test.WatchDog.cancel(): canceling Sat Oct 26 06:06:49 UTC 2019
------------------ testing $PTII/ptolemy/domains/de/test/auto/Iteration.xml
auto.tcl: Setting watchdog for 200 seconds at Sat Oct 26 06:06:49 UTC 2019
8 ms. Memory: 45056K Free: 24443K (54%)
ptolemy.util.test.WatchDog.cancel(): canceling Sat Oct 26 06:06:49 UTC 2019
auto.tcl: Setting watchdog for 200 seconds at Sat Oct 26 06:06:49 UTC 2019
7 ms. Memory: 45056K Free: 22997K (51%)
ptolemy.util.test.WatchDog.cancel(): canceling Sat Oct 26 06:06:49 UTC 2019
------------------ testing $PTII/ptolemy/domains/de/test/auto/LineFault.xml
auto.tcl: Setting watchdog for 200 seconds at Sat Oct 26 06:06:49 UTC 2019
714 ms. Memory: 54272K Free: 14555K (27%)
ptolemy.util.test.WatchDog.cancel(): canceling Sat Oct 26 06:06:50 UTC 2019
auto.tcl: Setting watchdog for 200 seconds at Sat Oct 26 06:06:50 UTC 2019
625 ms. Memory: 54272K Free: 35363K (65%)
ptolemy.util.test.WatchDog.cancel(): canceling Sat Oct 26 06:06:50 UTC 2019
------------------ testing $PTII/ptolemy/domains/de/test/auto/MergeModel1Add.xml
auto.tcl: Setting watchdog for 200 seconds at Sat Oct 26 06:06:50 UTC 2019
18 ms. Memory: 51200K Free: 16523K (32%)
ptolemy.util.test.WatchDog.cancel(): canceling Sat Oct 26 06:06:51 UTC 2019
auto.tcl: Setting watchdog for 200 seconds at Sat Oct 26 06:06:51 UTC 2019
17 ms. Memory: 51200K Free: 14925K (29%)
ptolemy.util.test.WatchDog.cancel(): canceling Sat Oct 26 06:06:51 UTC 2019
------------------ testing $PTII/ptolemy/domains/de/test/auto/MergeModel2Add.xml
auto.tcl: Setting watchdog for 200 seconds at Sat Oct 26 06:06:51 UTC 2019
8 ms. Memory: 51200K Free: 18329K (36%)
ptolemy.util.test.WatchDog.cancel(): canceling Sat Oct 26 06:06:51 UTC 2019
auto.tcl: Setting watchdog for 200 seconds at Sat Oct 26 06:06:51 UTC 2019
8 ms. Memory: 51200K Free: 16617K (32%)
ptolemy.util.test.WatchDog.cancel(): canceling Sat Oct 26 06:06:51 UTC 2019
------------------ testing $PTII/ptolemy/domains/de/test/auto/MergeModel3Add.xml
auto.tcl: Setting watchdog for 200 seconds at Sat Oct 26 06:06:51 UTC 2019
8 ms. Memory: 51200K Free: 18556K (36%)
ptolemy.util.test.WatchDog.cancel(): canceling Sat Oct 26 06:06:51 UTC 2019
auto.tcl: Setting watchdog for 200 seconds at Sat Oct 26 06:06:51 UTC 2019
9 ms. Memory: 51200K Free: 17060K (33%)
ptolemy.util.test.WatchDog.cancel(): canceling Sat Oct 26 06:06:51 UTC 2019
------------------ testing $PTII/ptolemy/domains/de/test/auto/MergeWithoutDiscard.xml
auto.tcl: Setting watchdog for 200 seconds at Sat Oct 26 06:06:51 UTC 2019
1 ms. Memory: 51200K Free: 33442K (65%)
ptolemy.util.test.WatchDog.cancel(): canceling Sat Oct 26 06:06:51 UTC 2019
auto.tcl: Setting watchdog for 200 seconds at Sat Oct 26 06:06:51 UTC 2019
1 ms. Memory: 51200K Free: 32556K (64%)
ptolemy.util.test.WatchDog.cancel(): canceling Sat Oct 26 06:06:51 UTC 2019
------------------ testing $PTII/ptolemy/domains/de/test/auto/Modal1.xml
auto.tcl: Setting watchdog for 200 seconds at Sat Oct 26 06:06:51 UTC 2019
13 ms. Memory: 48128K Free: 22230K (46%)
ptolemy.util.test.WatchDog.cancel(): canceling Sat Oct 26 06:06:51 UTC 2019
auto.tcl: Setting watchdog for 200 seconds at Sat Oct 26 06:06:51 UTC 2019
15 ms. Memory: 48128K Free: 18971K (39%)
ptolemy.util.test.WatchDog.cancel(): canceling Sat Oct 26 06:06:51 UTC 2019
------------------ testing $PTII/ptolemy/domains/de/test/auto/Modal2.xml
auto.tcl: Setting watchdog for 200 seconds at Sat Oct 26 06:06:51 UTC 2019
17 ms. Memory: 48128K Free: 21849K (45%)
ptolemy.util.test.WatchDog.cancel(): canceling Sat Oct 26 06:06:51 UTC 2019
auto.tcl: Setting watchdog for 200 seconds at Sat Oct 26 06:06:51 UTC 2019
21 ms. Memory: 48128K Free: 18849K (39%)
ptolemy.util.test.WatchDog.cancel(): canceling Sat Oct 26 06:06:51 UTC 2019
------------------ testing $PTII/ptolemy/domains/de/test/auto/Modal3.xml
auto.tcl: Setting watchdog for 200 seconds at Sat Oct 26 06:06:51 UTC 2019
16 ms. Memory: 48128K Free: 22073K (46%)
ptolemy.util.test.WatchDog.cancel(): canceling Sat Oct 26 06:06:51 UTC 2019
auto.tcl: Setting watchdog for 200 seconds at Sat Oct 26 06:06:51 UTC 2019
15 ms. Memory: 48128K Free: 18846K (39%)
ptolemy.util.test.WatchDog.cancel(): canceling Sat Oct 26 06:06:51 UTC 2019
------------------ testing $PTII/ptolemy/domains/de/test/auto/Modal4.xml
auto.tcl: Setting watchdog for 200 seconds at Sat Oct 26 06:06:51 UTC 2019
13 ms. Memory: 48128K Free: 21046K (44%)
ptolemy.util.test.WatchDog.cancel(): canceling Sat Oct 26 06:06:51 UTC 2019
auto.tcl: Setting watchdog for 200 seconds at Sat Oct 26 06:06:51 UTC 2019
15 ms. Memory: 48128K Free: 17238K (36%)
ptolemy.util.test.WatchDog.cancel(): canceling Sat Oct 26 06:06:51 UTC 2019
------------------ testing $PTII/ptolemy/domains/de/test/auto/Modal5.xml
auto.tcl: Setting watchdog for 200 seconds at Sat Oct 26 06:06:51 UTC 2019
14 ms. Memory: 48128K Free: 21050K (44%)
ptolemy.util.test.WatchDog.cancel(): canceling Sat Oct 26 06:06:51 UTC 2019
auto.tcl: Setting watchdog for 200 seconds at Sat Oct 26 06:06:51 UTC 2019
16 ms. Memory: 48128K Free: 17226K (36%)
ptolemy.util.test.WatchDog.cancel(): canceling Sat Oct 26 06:06:51 UTC 2019
------------------ testing $PTII/ptolemy/domains/de/test/auto/Modal6.xml
auto.tcl: Setting watchdog for 200 seconds at Sat Oct 26 06:06:51 UTC 2019
12 ms. Memory: 48128K Free: 21759K (45%)
ptolemy.util.test.WatchDog.cancel(): canceling Sat Oct 26 06:06:51 UTC 2019
auto.tcl: Setting watchdog for 200 seconds at Sat Oct 26 06:06:51 UTC 2019
14 ms. Memory: 48128K Free: 17822K (37%)
ptolemy.util.test.WatchDog.cancel(): canceling Sat Oct 26 06:06:51 UTC 2019
------------------ testing $PTII/ptolemy/domains/de/test/auto/Modal7.xml
auto.tcl: Setting watchdog for 200 seconds at Sat Oct 26 06:06:52 UTC 2019
15 ms. Memory: 48128K Free: 21034K (44%)
ptolemy.util.test.WatchDog.cancel(): canceling Sat Oct 26 06:06:52 UTC 2019
auto.tcl: Setting watchdog for 200 seconds at Sat Oct 26 06:06:52 UTC 2019
13 ms. Memory: 48128K Free: 17473K (36%)
ptolemy.util.test.WatchDog.cancel(): canceling Sat Oct 26 06:06:52 UTC 2019
------------------ testing $PTII/ptolemy/domains/de/test/auto/ModalModel.xml
auto.tcl: Setting watchdog for 200 seconds at Sat Oct 26 06:06:52 UTC 2019
162 ms. Memory: 48128K Free: 14190K (29%)
ptolemy.util.test.WatchDog.cancel(): canceling Sat Oct 26 06:06:52 UTC 2019
auto.tcl: Setting watchdog for 200 seconds at Sat Oct 26 06:06:52 UTC 2019
193 ms. Memory: 58368K Free: 19002K (33%)
ptolemy.util.test.WatchDog.cancel(): canceling Sat Oct 26 06:06:52 UTC 2019
------------------ testing $PTII/ptolemy/domains/de/test/auto/ModalSource.xml
auto.tcl: Setting watchdog for 200 seconds at Sat Oct 26 06:06:52 UTC 2019
12 ms. Memory: 48128K Free: 25899K (54%)
ptolemy.util.test.WatchDog.cancel(): canceling Sat Oct 26 06:06:52 UTC 2019
auto.tcl: Setting watchdog for 200 seconds at Sat Oct 26 06:06:52 UTC 2019
7 ms. Memory: 48128K Free: 23851K (50%)
ptolemy.util.test.WatchDog.cancel(): canceling Sat Oct 26 06:06:52 UTC 2019
------------------ testing $PTII/ptolemy/domains/de/test/auto/NonInterruptibleTimerZeroDelay.xml
auto.tcl: Setting watchdog for 200 seconds at Sat Oct 26 06:06:52 UTC 2019
4 ms. Memory: 48128K Free: 30864K (64%)
ptolemy.util.test.WatchDog.cancel(): canceling Sat Oct 26 06:06:52 UTC 2019
auto.tcl: Setting watchdog for 200 seconds at Sat Oct 26 06:06:52 UTC 2019
2 ms. Memory: 48128K Free: 30165K (63%)
ptolemy.util.test.WatchDog.cancel(): canceling Sat Oct 26 06:06:52 UTC 2019
------------------ testing $PTII/ptolemy/domains/de/test/auto/OpenQueueingNetwork.xml
auto.tcl: Setting watchdog for 200 seconds at Sat Oct 26 06:06:52 UTC 2019
3040 ms. Memory: 139264K Free: 57045K (41%)
ptolemy.util.test.WatchDog.cancel(): canceling Sat Oct 26 06:06:55 UTC 2019
auto.tcl: Setting watchdog for 200 seconds at Sat Oct 26 06:06:55 UTC 2019
2596 ms. Memory: 139264K Free: 63185K (45%)
ptolemy.util.test.WatchDog.cancel(): canceling Sat Oct 26 06:06:58 UTC 2019
------------------ testing $PTII/ptolemy/domains/de/test/auto/OpenQueuingNetwork.xml
auto.tcl: Setting watchdog for 200 seconds at Sat Oct 26 06:06:58 UTC 2019
240 ms. Memory: 66560K Free: 38143K (57%)
ptolemy.util.test.WatchDog.cancel(): canceling Sat Oct 26 06:06:58 UTC 2019
auto.tcl: Setting watchdog for 200 seconds at Sat Oct 26 06:06:58 UTC 2019
227 ms. Memory: 66560K Free: 24304K (37%)
ptolemy.util.test.WatchDog.cancel(): canceling Sat Oct 26 06:06:59 UTC 2019
------------------ testing $PTII/ptolemy/domains/de/test/auto/PeriodicSampler.xml
auto.tcl: Setting watchdog for 200 seconds at Sat Oct 26 06:06:59 UTC 2019
3 ms. Memory: 48128K Free: 30034K (62%)
ptolemy.util.test.WatchDog.cancel(): canceling Sat Oct 26 06:06:59 UTC 2019
auto.tcl: Setting watchdog for 200 seconds at Sat Oct 26 06:06:59 UTC 2019
1 ms. Memory: 48128K Free: 29529K (61%)
ptolemy.util.test.WatchDog.cancel(): canceling Sat Oct 26 06:06:59 UTC 2019
------------------ testing $PTII/ptolemy/domains/de/test/auto/PersistentIO.xml
auto.tcl: Setting watchdog for 200 seconds at Sat Oct 26 06:06:59 UTC 2019
6 ms. Memory: 48128K Free: 24973K (52%)
ptolemy.util.test.WatchDog.cancel(): canceling Sat Oct 26 06:06:59 UTC 2019
auto.tcl: Setting watchdog for 200 seconds at Sat Oct 26 06:06:59 UTC 2019
4 ms. Memory: 48128K Free: 23476K (49%)
ptolemy.util.test.WatchDog.cancel(): canceling Sat Oct 26 06:06:59 UTC 2019
------------------ testing $PTII/ptolemy/domains/de/test/auto/PortParameterResetOnInitialize.xml
auto.tcl: Setting watchdog for 200 seconds at Sat Oct 26 06:06:59 UTC 2019
2 ms. Memory: 48128K Free: 29926K (62%)
ptolemy.util.test.WatchDog.cancel(): canceling Sat Oct 26 06:06:59 UTC 2019
auto.tcl: Setting watchdog for 200 seconds at Sat Oct 26 06:06:59 UTC 2019
2 ms. Memory: 48128K Free: 29446K (61%)
ptolemy.util.test.WatchDog.cancel(): canceling Sat Oct 26 06:06:59 UTC 2019
------------------ testing $PTII/ptolemy/domains/de/test/auto/PortParameterUpdates.xml
auto.tcl: Setting watchdog for 200 seconds at Sat Oct 26 06:06:59 UTC 2019
3 ms. Memory: 48128K Free: 28254K (59%)
ptolemy.util.test.WatchDog.cancel(): canceling Sat Oct 26 06:06:59 UTC 2019
auto.tcl: Setting watchdog for 200 seconds at Sat Oct 26 06:06:59 UTC 2019
3 ms. Memory: 48128K Free: 27015K (56%)
ptolemy.util.test.WatchDog.cancel(): canceling Sat Oct 26 06:06:59 UTC 2019
------------------ testing $PTII/ptolemy/domains/de/test/auto/QueueAndServer.xml
auto.tcl: Setting watchdog for 200 seconds at Sat Oct 26 06:06:59 UTC 2019
6 ms. Memory: 48128K Free: 27216K (57%)
ptolemy.util.test.WatchDog.cancel(): canceling Sat Oct 26 06:06:59 UTC 2019
auto.tcl: Setting watchdog for 200 seconds at Sat Oct 26 06:06:59 UTC 2019
6 ms. Memory: 48128K Free: 25507K (53%)
ptolemy.util.test.WatchDog.cancel(): canceling Sat Oct 26 06:06:59 UTC 2019
------------------ testing $PTII/ptolemy/domains/de/test/auto/Records.xml
auto.tcl: Setting watchdog for 200 seconds at Sat Oct 26 06:06:59 UTC 2019
3 ms. Memory: 48128K Free: 29486K (61%)
ptolemy.util.test.WatchDog.cancel(): canceling Sat Oct 26 06:06:59 UTC 2019
auto.tcl: Setting watchdog for 200 seconds at Sat Oct 26 06:06:59 UTC 2019
3 ms. Memory: 48128K Free: 28979K (60%)
ptolemy.util.test.WatchDog.cancel(): canceling Sat Oct 26 06:06:59 UTC 2019
------------------ testing $PTII/ptolemy/domains/de/test/auto/ResetTransitionWithStartTime1.xml
auto.tcl: Setting watchdog for 200 seconds at Sat Oct 26 06:06:59 UTC 2019
14 ms. Memory: 48128K Free: 26442K (55%)
ptolemy.util.test.WatchDog.cancel(): canceling Sat Oct 26 06:06:59 UTC 2019
auto.tcl: Setting watchdog for 200 seconds at Sat Oct 26 06:06:59 UTC 2019
10 ms. Memory: 48128K Free: 24394K (51%)
ptolemy.util.test.WatchDog.cancel(): canceling Sat Oct 26 06:06:59 UTC 2019
------------------ testing $PTII/ptolemy/domains/de/test/auto/ResetTransitionWithStartTime2.xml
auto.tcl: Setting watchdog for 200 seconds at Sat Oct 26 06:06:59 UTC 2019
12 ms. Memory: 48128K Free: 26398K (55%)
ptolemy.util.test.WatchDog.cancel(): canceling Sat Oct 26 06:06:59 UTC 2019
auto.tcl: Setting watchdog for 200 seconds at Sat Oct 26 06:06:59 UTC 2019
7 ms. Memory: 48128K Free: 24350K (51%)
ptolemy.util.test.WatchDog.cancel(): canceling Sat Oct 26 06:06:59 UTC 2019
------------------ testing $PTII/ptolemy/domains/de/test/auto/ResetTransitionWithStartTime3.xml
auto.tcl: Setting watchdog for 200 seconds at Sat Oct 26 06:06:59 UTC 2019
11 ms. Memory: 48128K Free: 26397K (55%)
ptolemy.util.test.WatchDog.cancel(): canceling Sat Oct 26 06:06:59 UTC 2019
auto.tcl: Setting watchdog for 200 seconds at Sat Oct 26 06:06:59 UTC 2019
9 ms. Memory: 48128K Free: 24393K (51%)
ptolemy.util.test.WatchDog.cancel(): canceling Sat Oct 26 06:06:59 UTC 2019
------------------ testing $PTII/ptolemy/domains/de/test/auto/ResetTransitionWithStartTime4.xml
auto.tcl: Setting watchdog for 200 seconds at Sat Oct 26 06:06:59 UTC 2019
9 ms. Memory: 48128K Free: 26864K (56%)
ptolemy.util.test.WatchDog.cancel(): canceling Sat Oct 26 06:06:59 UTC 2019
auto.tcl: Setting watchdog for 200 seconds at Sat Oct 26 06:06:59 UTC 2019
6 ms. Memory: 48128K Free: 25401K (53%)
ptolemy.util.test.WatchDog.cancel(): canceling Sat Oct 26 06:06:59 UTC 2019
------------------ testing $PTII/ptolemy/domains/de/test/auto/ResettableTimer1.xml
auto.tcl: Setting watchdog for 200 seconds at Sat Oct 26 06:06:59 UTC 2019
5 ms. Memory: 48128K Free: 30594K (64%)
ptolemy.util.test.WatchDog.cancel(): canceling Sat Oct 26 06:06:59 UTC 2019
auto.tcl: Setting watchdog for 200 seconds at Sat Oct 26 06:06:59 UTC 2019
1 ms. Memory: 48128K Free: 29977K (62%)
ptolemy.util.test.WatchDog.cancel(): canceling Sat Oct 26 06:06:59 UTC 2019
------------------ testing $PTII/ptolemy/domains/de/test/auto/ResettableTimer2.xml
auto.tcl: Setting watchdog for 200 seconds at Sat Oct 26 06:07:00 UTC 2019
4 ms. Memory: 48128K Free: 30530K (63%)
ptolemy.util.test.WatchDog.cancel(): canceling Sat Oct 26 06:07:00 UTC 2019
auto.tcl: Setting watchdog for 200 seconds at Sat Oct 26 06:07:00 UTC 2019
3 ms. Memory: 48128K Free: 29520K (61%)
ptolemy.util.test.WatchDog.cancel(): canceling Sat Oct 26 06:07:00 UTC 2019
------------------ testing $PTII/ptolemy/domains/de/test/auto/ResettableTimer3.xml
auto.tcl: Setting watchdog for 200 seconds at Sat Oct 26 06:07:00 UTC 2019
1 ms. Memory: 48128K Free: 31026K (64%)
ptolemy.util.test.WatchDog.cancel(): canceling Sat Oct 26 06:07:00 UTC 2019
auto.tcl: Setting watchdog for 200 seconds at Sat Oct 26 06:07:00 UTC 2019
1 ms. Memory: 48128K Free: 30544K (63%)
ptolemy.util.test.WatchDog.cancel(): canceling Sat Oct 26 06:07:00 UTC 2019
------------------ testing $PTII/ptolemy/domains/de/test/auto/ResettableTimer4.xml
auto.tcl: Setting watchdog for 200 seconds at Sat Oct 26 06:07:00 UTC 2019
1 ms. Memory: 48128K Free: 30557K (63%)
ptolemy.util.test.WatchDog.cancel(): canceling Sat Oct 26 06:07:00 UTC 2019
auto.tcl: Setting watchdog for 200 seconds at Sat Oct 26 06:07:00 UTC 2019
1 ms. Memory: 48128K Free: 30059K (62%)
ptolemy.util.test.WatchDog.cancel(): canceling Sat Oct 26 06:07:00 UTC 2019
------------------ testing $PTII/ptolemy/domains/de/test/auto/ResettableTimer5.xml
auto.tcl: Setting watchdog for 200 seconds at Sat Oct 26 06:07:00 UTC 2019
2 ms. Memory: 48128K Free: 30013K (62%)
ptolemy.util.test.WatchDog.cancel(): canceling Sat Oct 26 06:07:00 UTC 2019
auto.tcl: Setting watchdog for 200 seconds at Sat Oct 26 06:07:00 UTC 2019
2 ms. Memory: 48128K Free: 29532K (61%)
ptolemy.util.test.WatchDog.cancel(): canceling Sat Oct 26 06:07:00 UTC 2019
------------------ testing $PTII/ptolemy/domains/de/test/auto/ResettableTimer6.xml
auto.tcl: Setting watchdog for 200 seconds at Sat Oct 26 06:07:00 UTC 2019
2 ms. Memory: 48128K Free: 30003K (62%)
ptolemy.util.test.WatchDog.cancel(): canceling Sat Oct 26 06:07:00 UTC 2019
auto.tcl: Setting watchdog for 200 seconds at Sat Oct 26 06:07:00 UTC 2019
2 ms. Memory: 48128K Free: 29507K (61%)
ptolemy.util.test.WatchDog.cancel(): canceling Sat Oct 26 06:07:00 UTC 2019
------------------ testing $PTII/ptolemy/domains/de/test/auto/ServerZeroDelay.xml
auto.tcl: Setting watchdog for 200 seconds at Sat Oct 26 06:07:00 UTC 2019
6 ms. Memory: 48128K Free: 30523K (63%)
ptolemy.util.test.WatchDog.cancel(): canceling Sat Oct 26 06:07:00 UTC 2019
auto.tcl: Setting watchdog for 200 seconds at Sat Oct 26 06:07:00 UTC 2019
5 ms. Memory: 48128K Free: 29512K (61%)
ptolemy.util.test.WatchDog.cancel(): canceling Sat Oct 26 06:07:00 UTC 2019
------------------ testing $PTII/ptolemy/domains/de/test/auto/SmartSender.xml
auto.tcl: Setting watchdog for 200 seconds at Sat Oct 26 06:07:00 UTC 2019
3001 ms. Memory: 48128K Free: 30517K (63%)
ptolemy.util.test.WatchDog.cancel(): canceling Sat Oct 26 06:07:03 UTC 2019
auto.tcl: Setting watchdog for 200 seconds at Sat Oct 26 06:07:03 UTC 2019
3002 ms. Memory: 48128K Free: 30020K (62%)
ptolemy.util.test.WatchDog.cancel(): canceling Sat Oct 26 06:07:06 UTC 2019
------------------ testing $PTII/ptolemy/domains/de/test/auto/ThreadedComposite.xml
auto.tcl: Setting watchdog for 200 seconds at Sat Oct 26 06:07:06 UTC 2019
163 ms. Memory: 48128K Free: 11585K (24%)
ptolemy.util.test.WatchDog.cancel(): canceling Sat Oct 26 06:07:06 UTC 2019
auto.tcl: Setting watchdog for 200 seconds at Sat Oct 26 06:07:06 UTC 2019
155 ms. Memory: 48128K Free: 25052K (52%)
ptolemy.util.test.WatchDog.cancel(): canceling Sat Oct 26 06:07:06 UTC 2019
------------------ testing $PTII/ptolemy/domains/de/test/auto/Time.xml
auto.tcl: Setting watchdog for 200 seconds at Sat Oct 26 06:07:06 UTC 2019
701 ms. Memory: 48128K Free: 30686K (64%)
ptolemy.util.test.WatchDog.cancel(): canceling Sat Oct 26 06:07:07 UTC 2019
auto.tcl: Setting watchdog for 200 seconds at Sat Oct 26 06:07:07 UTC 2019
652 ms. Memory: 48128K Free: 30106K (63%)
ptolemy.util.test.WatchDog.cancel(): canceling Sat Oct 26 06:07:08 UTC 2019
------------------ testing $PTII/ptolemy/domains/de/test/auto/TimeDelayZeroDelay.xml
auto.tcl: Setting watchdog for 200 seconds at Sat Oct 26 06:07:08 UTC 2019
3 ms. Memory: 48128K Free: 30448K (63%)
ptolemy.util.test.WatchDog.cancel(): canceling Sat Oct 26 06:07:08 UTC 2019
auto.tcl: Setting watchdog for 200 seconds at Sat Oct 26 06:07:08 UTC 2019
2 ms. Memory: 48128K Free: 29579K (61%)
ptolemy.util.test.WatchDog.cancel(): canceling Sat Oct 26 06:07:08 UTC 2019
------------------ testing $PTII/ptolemy/domains/de/test/auto/TimerZeroDelay.xml
auto.tcl: Setting watchdog for 200 seconds at Sat Oct 26 06:07:08 UTC 2019
2 ms. Memory: 48128K Free: 30491K (63%)
ptolemy.util.test.WatchDog.cancel(): canceling Sat Oct 26 06:07:08 UTC 2019
auto.tcl: Setting watchdog for 200 seconds at Sat Oct 26 06:07:08 UTC 2019
2 ms. Memory: 48128K Free: 30063K (62%)
ptolemy.util.test.WatchDog.cancel(): canceling Sat Oct 26 06:07:08 UTC 2019
------------------ testing $PTII/ptolemy/domains/de/test/auto/TimingParadox.xml
auto.tcl: Setting watchdog for 200 seconds at Sat Oct 26 06:07:08 UTC 2019
359 ms. Memory: 48128K Free: 14130K (29%)
ptolemy.util.test.WatchDog.cancel(): canceling Sat Oct 26 06:07:08 UTC 2019
auto.tcl: Setting watchdog for 200 seconds at Sat Oct 26 06:07:08 UTC 2019
323 ms. Memory: 58368K Free: 36420K (62%)
ptolemy.util.test.WatchDog.cancel(): canceling Sat Oct 26 06:07:09 UTC 2019
------------------ testing $PTII/ptolemy/domains/de/test/auto/TransferInputs.xml
auto.tcl: Setting watchdog for 200 seconds at Sat Oct 26 06:07:09 UTC 2019
2 ms. Memory: 51200K Free: 32043K (63%)
ptolemy.util.test.WatchDog.cancel(): canceling Sat Oct 26 06:07:09 UTC 2019
auto.tcl: Setting watchdog for 200 seconds at Sat Oct 26 06:07:09 UTC 2019
2 ms. Memory: 51200K Free: 31133K (61%)
ptolemy.util.test.WatchDog.cancel(): canceling Sat Oct 26 06:07:09 UTC 2019
------------------ testing $PTII/ptolemy/domains/de/test/auto/TransferOutputs2.xml
auto.tcl: Setting watchdog for 200 seconds at Sat Oct 26 06:07:09 UTC 2019
3 ms. Memory: 48128K Free: 26399K (55%)
ptolemy.util.test.WatchDog.cancel(): canceling Sat Oct 26 06:07:09 UTC 2019
auto.tcl: Setting watchdog for 200 seconds at Sat Oct 26 06:07:09 UTC 2019
3 ms. Memory: 48128K Free: 25016K (52%)
ptolemy.util.test.WatchDog.cancel(): canceling Sat Oct 26 06:07:09 UTC 2019
------------------ testing $PTII/ptolemy/domains/de/test/auto/Trilateration.xml
auto.tcl: Setting watchdog for 200 seconds at Sat Oct 26 06:07:09 UTC 2019
14741 ms. Memory: 470016K Free: 347402K (74%)
ptolemy.util.test.WatchDog.cancel(): canceling Sat Oct 26 06:07:25 UTC 2019
auto.tcl: Setting watchdog for 200 seconds at Sat Oct 26 06:07:25 UTC 2019
11115 ms. Memory: 470016K Free: 210922K (45%)
ptolemy.util.test.WatchDog.cancel(): canceling Sat Oct 26 06:07:36 UTC 2019
------------------ testing $PTII/ptolemy/domains/de/test/auto/TwoSigmaDelta.xml
auto.tcl: Setting watchdog for 200 seconds at Sat Oct 26 06:07:36 UTC 2019
2691 ms. Memory: 86016K Free: 59829K (70%)
ptolemy.util.test.WatchDog.cancel(): canceling Sat Oct 26 06:07:39 UTC 2019
auto.tcl: Setting watchdog for 200 seconds at Sat Oct 26 06:07:39 UTC 2019
2113 ms. Memory: 86016K Free: 51679K (60%)
ptolemy.util.test.WatchDog.cancel(): canceling Sat Oct 26 06:07:41 UTC 2019
------------------ testing $PTII/ptolemy/domains/de/test/auto/VariableDelay.xml
auto.tcl: Setting watchdog for 200 seconds at Sat Oct 26 06:07:41 UTC 2019
2 ms. Memory: 48128K Free: 29435K (61%)
ptolemy.util.test.WatchDog.cancel(): canceling Sat Oct 26 06:07:41 UTC 2019
auto.tcl: Setting watchdog for 200 seconds at Sat Oct 26 06:07:41 UTC 2019
2 ms. Memory: 48128K Free: 28441K (59%)
ptolemy.util.test.WatchDog.cancel(): canceling Sat Oct 26 06:07:41 UTC 2019
------------------ testing $PTII/ptolemy/domains/de/test/auto/VariableDelay2.xml
auto.tcl: Setting watchdog for 200 seconds at Sat Oct 26 06:07:41 UTC 2019
2 ms. Memory: 48128K Free: 29850K (62%)
ptolemy.util.test.WatchDog.cancel(): canceling Sat Oct 26 06:07:41 UTC 2019
auto.tcl: Setting watchdog for 200 seconds at Sat Oct 26 06:07:41 UTC 2019
2 ms. Memory: 48128K Free: 29354K (61%)
ptolemy.util.test.WatchDog.cancel(): canceling Sat Oct 26 06:07:41 UTC 2019
------------------ testing $PTII/ptolemy/domains/de/test/auto/VariableDelayZeroDelay.xml
auto.tcl: Setting watchdog for 200 seconds at Sat Oct 26 06:07:41 UTC 2019
2 ms. Memory: 48128K Free: 30377K (63%)
ptolemy.util.test.WatchDog.cancel(): canceling Sat Oct 26 06:07:41 UTC 2019
auto.tcl: Setting watchdog for 200 seconds at Sat Oct 26 06:07:41 UTC 2019
2 ms. Memory: 48128K Free: 29833K (62%)
ptolemy.util.test.WatchDog.cancel(): canceling Sat Oct 26 06:07:41 UTC 2019
------------------ testing $PTII/ptolemy/domains/de/test/auto/VariableDelayZeroDelay2.xml
auto.tcl: Setting watchdog for 200 seconds at Sat Oct 26 06:07:41 UTC 2019
2 ms. Memory: 48128K Free: 30376K (63%)
ptolemy.util.test.WatchDog.cancel(): canceling Sat Oct 26 06:07:41 UTC 2019
auto.tcl: Setting watchdog for 200 seconds at Sat Oct 26 06:07:41 UTC 2019
2 ms. Memory: 48128K Free: 29352K (61%)
ptolemy.util.test.WatchDog.cancel(): canceling Sat Oct 26 06:07:41 UTC 2019
------------------ testing $PTII/ptolemy/domains/de/test/auto/deInCt.xml
auto.tcl: Setting watchdog for 200 seconds at Sat Oct 26 06:07:41 UTC 2019
0
1
1
0
0
0
1
1
1
0
0
0
1
1
1
0
0
0
1
1
1
0
0
0
1
1
1
1
1
0
0
0
1
1
1
1
0
0
1
1
1
0
0
0
1
1
1
0
0
0
1
1
1
1
16 ms. Memory: 48128K Free: 29349K (61%)
ptolemy.util.test.WatchDog.cancel(): canceling Sat Oct 26 06:07:41 UTC 2019
auto.tcl: Setting watchdog for 200 seconds at Sat Oct 26 06:07:41 UTC 2019
0
1
1
1
0
0
0
0
0
1
1
0
0
0
0
0
1
1
1
0
0
0
0
0
1
1
1
1
0
0
0
0
9 ms. Memory: 48128K Free: 27811K (58%)
ptolemy.util.test.WatchDog.cancel(): canceling Sat Oct 26 06:07:41 UTC 2019
------------------ testing $PTII/ptolemy/domains/de/test/auto/deInCt2.xml
auto.tcl: Setting watchdog for 200 seconds at Sat Oct 26 06:07:41 UTC 2019
0
1
1
1
0
0
1
1
1
0
0
1
1
1
0
0
1
1
1
0
0
1
1
1
0
0
1
1
1
0
0
1
1
1
0
0
1
1
1
0
0
0
10 ms. Memory: 48128K Free: 29352K (61%)
ptolemy.util.test.WatchDog.cancel(): canceling Sat Oct 26 06:07:41 UTC 2019
auto.tcl: Setting watchdog for 200 seconds at Sat Oct 26 06:07:41 UTC 2019
0
1
1
1
0
0
1
1
1
0
0
1
1
1
0
0
1
1
1
0
0
1
1
1
0
0
1
1
1
0
0
1
1
1
0
0
1
1
1
0
0
0
6 ms. Memory: 48128K Free: 27800K (58%)
ptolemy.util.test.WatchDog.cancel(): canceling Sat Oct 26 06:07:41 UTC 2019
------------------ testing $PTII/ptolemy/domains/de/test/auto/dynamicCausalityInterface1.xml
auto.tcl: Setting watchdog for 200 seconds at Sat Oct 26 06:07:41 UTC 2019
5 ms. Memory: 48128K Free: 25250K (52%)
ptolemy.util.test.WatchDog.cancel(): canceling Sat Oct 26 06:07:41 UTC 2019
auto.tcl: Setting watchdog for 200 seconds at Sat Oct 26 06:07:41 UTC 2019
1 ms. Memory: 48128K Free: 24736K (51%)
ptolemy.util.test.WatchDog.cancel(): canceling Sat Oct 26 06:07:41 UTC 2019
------------------ testing $PTII/ptolemy/domains/de/test/auto/fsm_de_test.xml
auto.tcl: Setting watchdog for 200 seconds at Sat Oct 26 06:07:41 UTC 2019
6 ms. Memory: 48128K Free: 25148K (52%)
ptolemy.util.test.WatchDog.cancel(): canceling Sat Oct 26 06:07:42 UTC 2019
auto.tcl: Setting watchdog for 200 seconds at Sat Oct 26 06:07:42 UTC 2019
5 ms. Memory: 48128K Free: 23100K (48%)
ptolemy.util.test.WatchDog.cancel(): canceling Sat Oct 26 06:07:42 UTC 2019
------------------ testing $PTII/ptolemy/domains/de/test/auto/functionDependencyReconstruction.xml
auto.tcl: Setting watchdog for 200 seconds at Sat Oct 26 06:07:42 UTC 2019
3 ms. Memory: 48128K Free: 19123K (40%)
ptolemy.util.test.WatchDog.cancel(): canceling Sat Oct 26 06:07:42 UTC 2019
auto.tcl: Setting watchdog for 200 seconds at Sat Oct 26 06:07:42 UTC 2019
3 ms. Memory: 48128K Free: 16946K (35%)
ptolemy.util.test.WatchDog.cancel(): canceling Sat Oct 26 06:07:42 UTC 2019
------------------ testing $PTII/ptolemy/domains/de/test/auto/multirate.xml
auto.tcl: Setting watchdog for 200 seconds at Sat Oct 26 06:07:42 UTC 2019
3 ms. Memory: 48128K Free: 27754K (58%)
ptolemy.util.test.WatchDog.cancel(): canceling Sat Oct 26 06:07:42 UTC 2019
auto.tcl: Setting watchdog for 200 seconds at Sat Oct 26 06:07:42 UTC 2019
2 ms. Memory: 48128K Free: 26044K (54%)
ptolemy.util.test.WatchDog.cancel(): canceling Sat Oct 26 06:07:42 UTC 2019
------------------ testing $PTII/ptolemy/domains/de/test/auto/multirate2.xml
auto.tcl: Setting watchdog for 200 seconds at Sat Oct 26 06:07:42 UTC 2019
6 ms. Memory: 48128K Free: 27965K (58%)
ptolemy.util.test.WatchDog.cancel(): canceling Sat Oct 26 06:07:42 UTC 2019
auto.tcl: Setting watchdog for 200 seconds at Sat Oct 26 06:07:42 UTC 2019
2 ms. Memory: 48128K Free: 26228K (54%)
ptolemy.util.test.WatchDog.cancel(): canceling Sat Oct 26 06:07:42 UTC 2019
------------------ testing $PTII/ptolemy/domains/de/test/auto/realtime.xml
auto.tcl: Setting watchdog for 200 seconds at Sat Oct 26 06:07:42 UTC 2019
10001 ms. Memory: 48128K Free: 30041K (62%)
ptolemy.util.test.WatchDog.cancel(): canceling Sat Oct 26 06:07:52 UTC 2019
auto.tcl: Setting watchdog for 200 seconds at Sat Oct 26 06:07:52 UTC 2019
10002 ms. Memory: 48128K Free: 29296K (61%)
ptolemy.util.test.WatchDog.cancel(): canceling Sat Oct 26 06:08:02 UTC 2019
------------------ testing $PTII/ptolemy/domains/de/test/auto/relationGroup.xml
auto.tcl: Setting watchdog for 200 seconds at Sat Oct 26 06:08:02 UTC 2019
2 ms. Memory: 48128K Free: 31122K (65%)
ptolemy.util.test.WatchDog.cancel(): canceling Sat Oct 26 06:08:02 UTC 2019
auto.tcl: Setting watchdog for 200 seconds at Sat Oct 26 06:08:02 UTC 2019
2 ms. Memory: 48128K Free: 30587K (64%)
ptolemy.util.test.WatchDog.cancel(): canceling Sat Oct 26 06:08:02 UTC 2019
------------------ testing $PTII/ptolemy/domains/de/test/auto/relationGroup2.xml
auto.tcl: Setting watchdog for 200 seconds at Sat Oct 26 06:08:02 UTC 2019
1 ms. Memory: 48128K Free: 31148K (65%)
ptolemy.util.test.WatchDog.cancel(): canceling Sat Oct 26 06:08:02 UTC 2019
auto.tcl: Setting watchdog for 200 seconds at Sat Oct 26 06:08:02 UTC 2019
2 ms. Memory: 48128K Free: 30636K (64%)
ptolemy.util.test.WatchDog.cancel(): canceling Sat Oct 26 06:08:02 UTC 2019
------------------ testing $PTII/ptolemy/domains/de/test/auto/sortWithOpaquePorts.xml
auto.tcl: Setting watchdog for 200 seconds at Sat Oct 26 06:08:02 UTC 2019
1 ms. Memory: 48128K Free: 29890K (62%)
ptolemy.util.test.WatchDog.cancel(): canceling Sat Oct 26 06:08:02 UTC 2019
auto.tcl: Setting watchdog for 200 seconds at Sat Oct 26 06:08:02 UTC 2019
2 ms. Memory: 48128K Free: 28363K (59%)
ptolemy.util.test.WatchDog.cancel(): canceling Sat Oct 26 06:08:02 UTC 2019
------------------ testing $PTII/ptolemy/domains/de/test/auto/transferInputsandOutputs.xml
auto.tcl: Setting watchdog for 200 seconds at Sat Oct 26 06:08:02 UTC 2019
2 ms. Memory: 48128K Free: 27319K (57%)
ptolemy.util.test.WatchDog.cancel(): canceling Sat Oct 26 06:08:02 UTC 2019
auto.tcl: Setting watchdog for 200 seconds at Sat Oct 26 06:08:02 UTC 2019
3 ms. Memory: 48128K Free: 26295K (55%)
ptolemy.util.test.WatchDog.cancel(): canceling Sat Oct 26 06:08:02 UTC 2019
------------------ testing $PTII/ptolemy/domains/de/test/auto/triggerType.xml
auto.tcl: Setting watchdog for 200 seconds at Sat Oct 26 06:08:02 UTC 2019
1 ms. Memory: 48128K Free: 30344K (63%)
ptolemy.util.test.WatchDog.cancel(): canceling Sat Oct 26 06:08:02 UTC 2019
auto.tcl: Setting watchdog for 200 seconds at Sat Oct 26 06:08:02 UTC 2019
2 ms. Memory: 48128K Free: 29321K (61%)
ptolemy.util.test.WatchDog.cancel(): canceling Sat Oct 26 06:08:02 UTC 2019
10/26/19 06:08:02
Failed: 0  Total Tests: 192  ((Passed: 187, Newly Passed: 1)  Known Failed: 5) /home/travis/build/icyphy/ptII/ptolemy/domains/de/test
10/26/19 06:08:02
Failed: 0  Total Tests: 192  ((Passed: 187, Newly Passed: 1)  Known Failed: 5) /home/travis/build/icyphy/ptII/ptolemy/domains/de/test
----------------- testing (KnownFailure) /home/travis/build/icyphy/ptII/ptolemy/domains/de/test/auto/knownFailedTests/DESDFClockTest.xml
2012 ms. Memory: 48128K Free: 23229K (48%)
Known Failure: java.lang.reflect.InvocationTargetException
----------------- testing (KnownFailure) /home/travis/build/icyphy/ptII/ptolemy/domains/de/test/auto/knownFailedTests/DirectFeedback.xml
2 ms. Memory: 48128K Free: 19133K (40%)
Known Failure: java.lang.reflect.InvocationTargetException
----------------- testing (KnownFailure) /home/travis/build/icyphy/ptII/ptolemy/domains/de/test/auto/knownFailedTests/FSMSource.xml
15 ms. Memory: 48128K Free: 11965K (25%)
----------------- testing (KnownFailure) /home/travis/build/icyphy/ptII/ptolemy/domains/de/test/auto/knownFailedTests/HierarchicalModel.xml
3 ms. Memory: 48128K Free: 22757K (47%)
Known Failure: java.lang.reflect.InvocationTargetException
----------------- testing (KnownFailure) /home/travis/build/icyphy/ptII/ptolemy/domains/de/test/auto/knownFailedTests/dependencyLoop.xml
2 ms. Memory: 48128K Free: 7397K (15%)
Known Failure: java.lang.reflect.InvocationTargetException
----------------- testing (KnownFailure) /home/travis/build/icyphy/ptII/ptolemy/domains/de/test/auto/knownFailedTests/dependencyLoop2.xml
4 ms. Memory: 48128K Free: 18462K (38%)
Known Failure: java.lang.reflect.InvocationTargetException
No auto/linux-amd64/*.xml tests in /home/travis/build/icyphy/ptII/ptolemy/domains/de/test
AutoTests.java: About to close Vertx.
AutoTests.java: Vertx closed.

===========================================================================================
----------------- testing Sat Oct 26 06:08:05 UTC 2019 /home/travis/build/icyphy/ptII/ptolemy/domains/de/test/auto/ActorDepthCalculation_actorWithoutPorts.xml
----------------- Instantiating /home/travis/build/icyphy/ptII/ptolemy/domains/de/test/auto/ActorDepthCalculation_actorWithoutPorts.xml
4 ms. Memory: 48128K Free: 11980K (25%)
----------------- Invoking toplevel() on ptolemy.moml.MoMLSimpleApplication@9d7414
----------------- Done invoking toplevel() on ptolemy.moml.MoMLSimpleApplication@9d7414
reloadAllAccessors: .ActorDepthCalculation_actorWithoutPorts

===========================================================================================
----------------- testing Sat Oct 26 06:08:05 UTC 2019 /home/travis/build/icyphy/ptII/ptolemy/domains/de/test/auto/AssemblyLine.xml
----------------- Instantiating /home/travis/build/icyphy/ptII/ptolemy/domains/de/test/auto/AssemblyLine.xml
3 ms. Memory: 48128K Free: 31210K (65%)
----------------- Invoking toplevel() on ptolemy.moml.MoMLSimpleApplication@16e1ca0e
----------------- Done invoking toplevel() on ptolemy.moml.MoMLSimpleApplication@16e1ca0e
reloadAllAccessors: .AssemblyLine

===========================================================================================
----------------- testing Sat Oct 26 06:08:05 UTC 2019 /home/travis/build/icyphy/ptII/ptolemy/domains/de/test/auto/CQBug1.xml
----------------- Instantiating /home/travis/build/icyphy/ptII/ptolemy/domains/de/test/auto/CQBug1.xml
1 ms. Memory: 48128K Free: 28140K (58%)
----------------- Invoking toplevel() on ptolemy.moml.MoMLSimpleApplication@342b1045
----------------- Done invoking toplevel() on ptolemy.moml.MoMLSimpleApplication@342b1045
reloadAllAccessors: .CQBug1

===========================================================================================
----------------- testing Sat Oct 26 06:08:05 UTC 2019 /home/travis/build/icyphy/ptII/ptolemy/domains/de/test/auto/CancelFireAt.xml
----------------- Instantiating /home/travis/build/icyphy/ptII/ptolemy/domains/de/test/auto/CancelFireAt.xml
9 ms. Memory: 48128K Free: 25629K (53%)
----------------- Invoking toplevel() on ptolemy.moml.MoMLSimpleApplication@ea5d12d
----------------- Done invoking toplevel() on ptolemy.moml.MoMLSimpleApplication@ea5d12d
reloadAllAccessors: .CancelFireAt

===========================================================================================
----------------- testing Sat Oct 26 06:08:05 UTC 2019 /home/travis/build/icyphy/ptII/ptolemy/domains/de/test/auto/CausalityAndComposabilityAnalysis.xml
----------------- Instantiating /home/travis/build/icyphy/ptII/ptolemy/domains/de/test/auto/CausalityAndComposabilityAnalysis.xml
2 ms. Memory: 48128K Free: 21550K (45%)
----------------- Invoking toplevel() on ptolemy.moml.MoMLSimpleApplication@1d6fc420
----------------- Done invoking toplevel() on ptolemy.moml.MoMLSimpleApplication@1d6fc420
reloadAllAccessors: .CausalityAndComposabilityAnalysis

===========================================================================================
----------------- testing Sat Oct 26 06:08:05 UTC 2019 /home/travis/build/icyphy/ptII/ptolemy/domains/de/test/auto/CausalityInterface1.xml
----------------- Instantiating /home/travis/build/icyphy/ptII/ptolemy/domains/de/test/auto/CausalityInterface1.xml
6 ms. Memory: 48128K Free: 16698K (35%)
----------------- Invoking toplevel() on ptolemy.moml.MoMLSimpleApplication@4ae996c1
----------------- Done invoking toplevel() on ptolemy.moml.MoMLSimpleApplication@4ae996c1
reloadAllAccessors: .CausalityInterface1

===========================================================================================
----------------- testing Sat Oct 26 06:08:05 UTC 2019 /home/travis/build/icyphy/ptII/ptolemy/domains/de/test/auto/CausalityInterface15.xml
----------------- Instantiating /home/travis/build/icyphy/ptII/ptolemy/domains/de/test/auto/CausalityInterface15.xml
2 ms. Memory: 48128K Free: 11310K (23%)
----------------- Invoking toplevel() on ptolemy.moml.MoMLSimpleApplication@6be97db
----------------- Done invoking toplevel() on ptolemy.moml.MoMLSimpleApplication@6be97db
reloadAllAccessors: .CausalityInterface15

===========================================================================================
----------------- testing Sat Oct 26 06:08:05 UTC 2019 /home/travis/build/icyphy/ptII/ptolemy/domains/de/test/auto/CausalityInterface2.xml
----------------- Instantiating /home/travis/build/icyphy/ptII/ptolemy/domains/de/test/auto/CausalityInterface2.xml
6 ms. Memory: 48128K Free: 33602K (70%)
[...]
	at ptolemy.actor.Manager.run(Manager.java:1263)
	at ptolemy.actor.Manager$PtolemyRunThread.run(Manager.java:1933)
java.lang.RuntimeException: Execution failed
	at ptolemy.moml.MoMLSimpleApplication$UnloadThread.run(MoMLSimpleApplication.java:402)
Caused by: ptolemy.kernel.util.IllegalActionException: Actor is not ready to fire.  Perhaps UpSample.prefire() returned false? Try debugging the actor by selecting "Listen to Actor".  Also, for SDF check moml for tokenConsumptionRate on input.
  in .DESDFClockTest.Play Bell.Copy1:SDF Director and .DESDFClockTest.Play Bell.UpSample
	at ptolemy.actor.sched.StaticSchedulingDirector.fire(StaticSchedulingDirector.java:227)
	at ptolemy.domains.sdf.kernel.SDFDirector.fire(SDFDirector.java:500)
	at ptolemy.actor.CompositeActor.fire(CompositeActor.java:455)
	at ptolemy.domains.de.kernel.DEDirector._fire(DEDirector.java:1949)
	at ptolemy.domains.de.kernel.DEDirector.fire(DEDirector.java:502)
	at ptolemy.actor.CompositeActor.fire(CompositeActor.java:455)
	at ptolemy.actor.Manager.iterate(Manager.java:851)
	at ptolemy.actor.Manager.execute(Manager.java:369)
	at ptolemy.actor.Manager.run(Manager.java:1263)
	at ptolemy.actor.Manager$PtolemyRunThread.run(Manager.java:1933)
java.lang.reflect.InvocationTargetException
	at java.base/jdk.internal.reflect.NativeConstructorAccessorImpl.newInstance0(Native Method)
	at java.base/jdk.internal.reflect.NativeConstructorAccessorImpl.newInstance(NativeConstructorAccessorImpl.java:62)
	at java.base/jdk.internal.reflect.DelegatingConstructorAccessorImpl.newInstance(DelegatingConstructorAccessorImpl.java:45)
	at java.base/java.lang.reflect.Constructor.newInstance(Constructor.java:490)
	at ptolemy.util.test.junit.AutoKnownFailedTests.RunModel(AutoKnownFailedTests.java:105)
	at java.base/jdk.internal.reflect.NativeMethodAccessorImpl.invoke0(Native Method)
	at java.base/jdk.internal.reflect.NativeMethodAccessorImpl.invoke(NativeMethodAccessorImpl.java:62)
	at java.base/jdk.internal.reflect.DelegatingMethodAccessorImpl.invoke(DelegatingMethodAccessorImpl.java:43)
	at java.base/java.lang.reflect.Method.invoke(Method.java:566)
	at org.junit.runners.model.FrameworkMethod$1.runReflectiveCall(FrameworkMethod.java:44)
	at org.junit.internal.runners.model.ReflectiveCallable.run(ReflectiveCallable.java:15)
	at org.junit.runners.model.FrameworkMethod.invokeExplosively(FrameworkMethod.java:41)
	at junitparams.internal.InvokeParameterisedMethod.evaluate(InvokeParameterisedMethod.java:102)
	at org.junit.internal.runners.statements.FailOnTimeout$1.run(FailOnTimeout.java:28)
Caused by: ptolemy.kernel.util.IllegalActionException: Actor is not ready to fire.  Perhaps UpSample.prefire() returned false? Try debugging the actor by selecting "Listen to Actor".  Also, for SDF check moml for tokenConsumptionRate on input.
  in .DESDFClockTest.Play Bell.Copy1:SDF Director and .DESDFClockTest.Play Bell.UpSample
	at ptolemy.actor.sched.StaticSchedulingDirector.fire(StaticSchedulingDirector.java:227)
	at ptolemy.domains.sdf.kernel.SDFDirector.fire(SDFDirector.java:500)
	at ptolemy.actor.CompositeActor.fire(CompositeActor.java:455)
	at ptolemy.domains.de.kernel.DEDirector._fire(DEDirector.java:1949)
	at ptolemy.domains.de.kernel.DEDirector.fire(DEDirector.java:502)
	at ptolemy.actor.CompositeActor.fire(CompositeActor.java:455)
	at ptolemy.actor.Manager.iterate(Manager.java:851)
	at ptolemy.actor.Manager.execute(Manager.java:369)
	at ptolemy.actor.Manager.run(Manager.java:1263)
	at ptolemy.actor.Manager$PtolemyRunThread.run(Manager.java:1933)
java.lang.RuntimeException: Execution failed
	at ptolemy.moml.MoMLSimpleApplication$UnloadThread.run(MoMLSimpleApplication.java:402)
Caused by: ptolemy.kernel.util.IllegalActionException: Test fails in iteration 1.
Value was: 1.0. Should have been: 2.0
  in .DirectFeedback.Test
	at ptolemy.actor.lib.Test.fire(Test.java:268)
	at ptolemy.domains.de.kernel.DEDirector._fire(DEDirector.java:1949)
	at ptolemy.domains.de.kernel.DEDirector.fire(DEDirector.java:502)
	at ptolemy.actor.CompositeActor.fire(CompositeActor.java:455)
	at ptolemy.actor.Manager.iterate(Manager.java:851)
	at ptolemy.actor.Manager.execute(Manager.java:369)
	at ptolemy.actor.Manager.run(Manager.java:1263)
	at ptolemy.actor.Manager$PtolemyRunThread.run(Manager.java:1933)
java.lang.reflect.InvocationTargetException
	at java.base/jdk.internal.reflect.NativeConstructorAccessorImpl.newInstance0(Native Method)
	at java.base/jdk.internal.reflect.NativeConstructorAccessorImpl.newInstance(NativeConstructorAccessorImpl.java:62)
	at java.base/jdk.internal.reflect.DelegatingConstructorAccessorImpl.newInstance(DelegatingConstructorAccessorImpl.java:45)
	at java.base/java.lang.reflect.Constructor.newInstance(Constructor.java:490)
	at ptolemy.util.test.junit.AutoKnownFailedTests.RunModel(AutoKnownFailedTests.java:105)
	at java.base/jdk.internal.reflect.NativeMethodAccessorImpl.invoke0(Native Method)
	at java.base/jdk.internal.reflect.NativeMethodAccessorImpl.invoke(NativeMethodAccessorImpl.java:62)
	at java.base/jdk.internal.reflect.DelegatingMethodAccessorImpl.invoke(DelegatingMethodAccessorImpl.java:43)
	at java.base/java.lang.reflect.Method.invoke(Method.java:566)
	at org.junit.runners.model.FrameworkMethod$1.runReflectiveCall(FrameworkMethod.java:44)
	at org.junit.internal.runners.model.ReflectiveCallable.run(ReflectiveCallable.java:15)
	at org.junit.runners.model.FrameworkMethod.invokeExplosively(FrameworkMethod.java:41)
	at junitparams.internal.InvokeParameterisedMethod.evaluate(InvokeParameterisedMethod.java:102)
	at org.junit.internal.runners.statements.FailOnTimeout$1.run(FailOnTimeout.java:28)
Caused by: ptolemy.kernel.util.IllegalActionException: Test fails in iteration 1.
Value was: 1.0. Should have been: 2.0
  in .DirectFeedback.Test
	at ptolemy.actor.lib.Test.fire(Test.java:268)
	at ptolemy.domains.de.kernel.DEDirector._fire(DEDirector.java:1949)
	at ptolemy.domains.de.kernel.DEDirector.fire(DEDirector.java:502)
	at ptolemy.actor.CompositeActor.fire(CompositeActor.java:455)
	at ptolemy.actor.Manager.iterate(Manager.java:851)
	at ptolemy.actor.Manager.execute(Manager.java:369)
	at ptolemy.actor.Manager.run(Manager.java:1263)
	at ptolemy.actor.Manager$PtolemyRunThread.run(Manager.java:1933)
java.lang.RuntimeException: Execution failed
	at ptolemy.moml.MoMLSimpleApplication$UnloadThread.run(MoMLSimpleApplication.java:402)
Caused by: ptolemy.kernel.util.IllegalActionException: Found a zero delay loop containing .HierarchicalModel.A
  in .HierarchicalModel and .HierarchicalModel.A
	at ptolemy.actor.util.CausalityInterfaceForComposites._computeOutputPortDepth(CausalityInterfaceForComposites.java:759)
	at ptolemy.actor.util.CausalityInterfaceForComposites._computeInputDepth(CausalityInterfaceForComposites.java:696)
	at ptolemy.actor.util.CausalityInterfaceForComposites._computeOutputPortDepth(CausalityInterfaceForComposites.java:765)
	at ptolemy.actor.util.CausalityInterfaceForComposites._computeInputDepth(CausalityInterfaceForComposites.java:696)
	at ptolemy.actor.util.CausalityInterfaceForComposites._computeOutputPortDepth(CausalityInterfaceForComposites.java:765)
	at ptolemy.actor.util.CausalityInterfaceForComposites._computeInputDepth(CausalityInterfaceForComposites.java:696)
	at ptolemy.actor.util.CausalityInterfaceForComposites._computeActorDepth(CausalityInterfaceForComposites.java:532)
	at ptolemy.actor.util.CausalityInterfaceForComposites.checkForCycles(CausalityInterfaceForComposites.java:96)
	at ptolemy.domains.de.kernel.DEDirector.preinitialize(DEDirector.java:1338)
	at ptolemy.actor.CompositeActor.preinitialize(CompositeActor.java:1828)
	at ptolemy.actor.Manager.preinitializeAndResolveTypes(Manager.java:1040)
	at ptolemy.actor.Manager.initialize(Manager.java:710)
	at ptolemy.actor.Manager.execute(Manager.java:356)
	at ptolemy.actor.Manager.run(Manager.java:1263)
	at ptolemy.actor.Manager$PtolemyRunThread.run(Manager.java:1933)
java.lang.reflect.InvocationTargetException
	at java.base/jdk.internal.reflect.NativeConstructorAccessorImpl.newInstance0(Native Method)
	at java.base/jdk.internal.reflect.NativeConstructorAccessorImpl.newInstance(NativeConstructorAccessorImpl.java:62)
	at java.base/jdk.internal.reflect.DelegatingConstructorAccessorImpl.newInstance(DelegatingConstructorAccessorImpl.java:45)
	at java.base/java.lang.reflect.Constructor.newInstance(Constructor.java:490)
	at ptolemy.util.test.junit.AutoKnownFailedTests.RunModel(AutoKnownFailedTests.java:105)
	at java.base/jdk.internal.reflect.NativeMethodAccessorImpl.invoke0(Native Method)
	at java.base/jdk.internal.reflect.NativeMethodAccessorImpl.invoke(NativeMethodAccessorImpl.java:62)
	at java.base/jdk.internal.reflect.DelegatingMethodAccessorImpl.invoke(DelegatingMethodAccessorImpl.java:43)
	at java.base/java.lang.reflect.Method.invoke(Method.java:566)
	at org.junit.runners.model.FrameworkMethod$1.runReflectiveCall(FrameworkMethod.java:44)
	at org.junit.internal.runners.model.ReflectiveCallable.run(ReflectiveCallable.java:15)
	at org.junit.runners.model.FrameworkMethod.invokeExplosively(FrameworkMethod.java:41)
	at junitparams.internal.InvokeParameterisedMethod.evaluate(InvokeParameterisedMethod.java:102)
	at org.junit.internal.runners.statements.FailOnTimeout$1.run(FailOnTimeout.java:28)
Caused by: ptolemy.kernel.util.IllegalActionException: Found a zero delay loop containing .HierarchicalModel.A
  in .HierarchicalModel and .HierarchicalModel.A
	at ptolemy.actor.util.CausalityInterfaceForComposites._computeOutputPortDepth(CausalityInterfaceForComposites.java:759)
	at ptolemy.actor.util.CausalityInterfaceForComposites._computeInputDepth(CausalityInterfaceForComposites.java:696)
	at ptolemy.actor.util.CausalityInterfaceForComposites._computeOutputPortDepth(CausalityInterfaceForComposites.java:765)
	at ptolemy.actor.util.CausalityInterfaceForComposites._computeInputDepth(CausalityInterfaceForComposites.java:696)
	at ptolemy.actor.util.CausalityInterfaceForComposites._computeOutputPortDepth(CausalityInterfaceForComposites.java:765)
	at ptolemy.actor.util.CausalityInterfaceForComposites._computeInputDepth(CausalityInterfaceForComposites.java:696)
	at ptolemy.actor.util.CausalityInterfaceForComposites._computeActorDepth(CausalityInterfaceForComposites.java:532)
	at ptolemy.actor.util.CausalityInterfaceForComposites.checkForCycles(CausalityInterfaceForComposites.java:96)
	at ptolemy.domains.de.kernel.DEDirector.preinitialize(DEDirector.java:1338)
	at ptolemy.actor.CompositeActor.preinitialize(CompositeActor.java:1828)
	at ptolemy.actor.Manager.preinitializeAndResolveTypes(Manager.java:1040)
	at ptolemy.actor.Manager.initialize(Manager.java:710)
	at ptolemy.actor.Manager.execute(Manager.java:356)
	at ptolemy.actor.Manager.run(Manager.java:1263)
	at ptolemy.actor.Manager$PtolemyRunThread.run(Manager.java:1933)
java.lang.RuntimeException: Execution failed
	at ptolemy.moml.MoMLSimpleApplication$UnloadThread.run(MoMLSimpleApplication.java:402)
Caused by: ptolemy.kernel.util.IllegalActionException: Found a zero delay loop containing .dependencyLoop.original
  in .dependencyLoop and .dependencyLoop.original
	at ptolemy.actor.util.CausalityInterfaceForComposites._computeOutputPortDepth(CausalityInterfaceForComposites.java:759)
	at ptolemy.actor.util.CausalityInterfaceForComposites._computeInputDepth(CausalityInterfaceForComposites.java:696)
	at ptolemy.actor.util.CausalityInterfaceForComposites._computeOutputPortDepth(CausalityInterfaceForComposites.java:765)
	at ptolemy.actor.util.CausalityInterfaceForComposites._computeInputDepth(CausalityInterfaceForComposites.java:696)
	at ptolemy.actor.util.CausalityInterfaceForComposites._computeOutputPortDepth(CausalityInterfaceForComposites.java:765)
	at ptolemy.actor.util.CausalityInterfaceForComposites._computeInputDepth(CausalityInterfaceForComposites.java:696)
	at ptolemy.actor.util.CausalityInterfaceForComposites._computeActorDepth(CausalityInterfaceForComposites.java:532)
	at ptolemy.actor.util.CausalityInterfaceForComposites.checkForCycles(CausalityInterfaceForComposites.java:96)
	at ptolemy.domains.de.kernel.DEDirector.preinitialize(DEDirector.java:1338)
	at ptolemy.actor.CompositeActor.preinitialize(CompositeActor.java:1828)
	at ptolemy.actor.Manager.preinitializeAndResolveTypes(Manager.java:1040)
	at ptolemy.actor.Manager.initialize(Manager.java:710)
	at ptolemy.actor.Manager.execute(Manager.java:356)
	at ptolemy.actor.Manager.run(Manager.java:1263)
	at ptolemy.actor.Manager$PtolemyRunThread.run(Manager.java:1933)
java.lang.reflect.InvocationTargetException
	at java.base/jdk.internal.reflect.NativeConstructorAccessorImpl.newInstance0(Native Method)
	at java.base/jdk.internal.reflect.NativeConstructorAccessorImpl.newInstance(NativeConstructorAccessorImpl.java:62)
	at java.base/jdk.internal.reflect.DelegatingConstructorAccessorImpl.newInstance(DelegatingConstructorAccessorImpl.java:45)
	at java.base/java.lang.reflect.Constructor.newInstance(Constructor.java:490)
	at ptolemy.util.test.junit.AutoKnownFailedTests.RunModel(AutoKnownFailedTests.java:105)
	at java.base/jdk.internal.reflect.NativeMethodAccessorImpl.invoke0(Native Method)
	at java.base/jdk.internal.reflect.NativeMethodAccessorImpl.invoke(NativeMethodAccessorImpl.java:62)
	at java.base/jdk.internal.reflect.DelegatingMethodAccessorImpl.invoke(DelegatingMethodAccessorImpl.java:43)
	at java.base/java.lang.reflect.Method.invoke(Method.java:566)
	at org.junit.runners.model.FrameworkMethod$1.runReflectiveCall(FrameworkMethod.java:44)
	at org.junit.internal.runners.model.ReflectiveCallable.run(ReflectiveCallable.java:15)
	at org.junit.runners.model.FrameworkMethod.invokeExplosively(FrameworkMethod.java:41)
	at junitparams.internal.InvokeParameterisedMethod.evaluate(InvokeParameterisedMethod.java:102)
	at org.junit.internal.runners.statements.FailOnTimeout$1.run(FailOnTimeout.java:28)
Caused by: ptolemy.kernel.util.IllegalActionException: Found a zero delay loop containing .dependencyLoop.original
  in .dependencyLoop and .dependencyLoop.original
	at ptolemy.actor.util.CausalityInterfaceForComposites._computeOutputPortDepth(CausalityInterfaceForComposites.java:759)
	at ptolemy.actor.util.CausalityInterfaceForComposites._computeInputDepth(CausalityInterfaceForComposites.java:696)
	at ptolemy.actor.util.CausalityInterfaceForComposites._computeOutputPortDepth(CausalityInterfaceForComposites.java:765)
	at ptolemy.actor.util.CausalityInterfaceForComposites._computeInputDepth(CausalityInterfaceForComposites.java:696)
	at ptolemy.actor.util.CausalityInterfaceForComposites._computeOutputPortDepth(CausalityInterfaceForComposites.java:765)
	at ptolemy.actor.util.CausalityInterfaceForComposites._computeInputDepth(CausalityInterfaceForComposites.java:696)
	at ptolemy.actor.util.CausalityInterfaceForComposites._computeActorDepth(CausalityInterfaceForComposites.java:532)
	at ptolemy.actor.util.CausalityInterfaceForComposites.checkForCycles(CausalityInterfaceForComposites.java:96)
	at ptolemy.domains.de.kernel.DEDirector.preinitialize(DEDirector.java:1338)
	at ptolemy.actor.CompositeActor.preinitialize(CompositeActor.java:1828)
	at ptolemy.actor.Manager.preinitializeAndResolveTypes(Manager.java:1040)
	at ptolemy.actor.Manager.initialize(Manager.java:710)
	at ptolemy.actor.Manager.execute(Manager.java:356)
	at ptolemy.actor.Manager.run(Manager.java:1263)
	at ptolemy.actor.Manager$PtolemyRunThread.run(Manager.java:1933)
java.lang.RuntimeException: Execution failed
	at ptolemy.moml.MoMLSimpleApplication$UnloadThread.run(MoMLSimpleApplication.java:402)
Caused by: ptolemy.kernel.util.IllegalActionException: Found a zero delay loop containing .dependencyLoop2.original
  in .dependencyLoop2 and .dependencyLoop2.original
	at ptolemy.actor.util.CausalityInterfaceForComposites._computeOutputPortDepth(CausalityInterfaceForComposites.java:759)
	at ptolemy.actor.util.CausalityInterfaceForComposites._computeInputDepth(CausalityInterfaceForComposites.java:696)
	at ptolemy.actor.util.CausalityInterfaceForComposites._computeOutputPortDepth(CausalityInterfaceForComposites.java:765)
	at ptolemy.actor.util.CausalityInterfaceForComposites._computeInputDepth(CausalityInterfaceForComposites.java:696)
	at ptolemy.actor.util.CausalityInterfaceForComposites._computeOutputPortDepth(CausalityInterfaceForComposites.java:765)
	at ptolemy.actor.util.CausalityInterfaceForComposites._computeInputDepth(CausalityInterfaceForComposites.java:696)
	at ptolemy.actor.util.CausalityInterfaceForComposites._computeActorDepth(CausalityInterfaceForComposites.java:532)
	at ptolemy.actor.util.CausalityInterfaceForComposites.checkForCycles(CausalityInterfaceForComposites.java:96)
	at ptolemy.domains.de.kernel.DEDirector.preinitialize(DEDirector.java:1338)
	at ptolemy.actor.CompositeActor.preinitialize(CompositeActor.java:1828)
	at ptolemy.actor.Manager.preinitializeAndResolveTypes(Manager.java:1040)
	at ptolemy.actor.Manager.initialize(Manager.java:710)
	at ptolemy.actor.Manager.execute(Manager.java:356)
	at ptolemy.actor.Manager.run(Manager.java:1263)
	at ptolemy.actor.Manager$PtolemyRunThread.run(Manager.java:1933)
java.lang.reflect.InvocationTargetException
	at java.base/jdk.internal.reflect.NativeConstructorAccessorImpl.newInstance0(Native Method)
	at java.base/jdk.internal.reflect.NativeConstructorAccessorImpl.newInstance(NativeConstructorAccessorImpl.java:62)
	at java.base/jdk.internal.reflect.DelegatingConstructorAccessorImpl.newInstance(DelegatingConstructorAccessorImpl.java:45)
	at java.base/java.lang.reflect.Constructor.newInstance(Constructor.java:490)
	at ptolemy.util.test.junit.AutoKnownFailedTests.RunModel(AutoKnownFailedTests.java:105)
	at java.base/jdk.internal.reflect.NativeMethodAccessorImpl.invoke0(Native Method)
	at java.base/jdk.internal.reflect.NativeMethodAccessorImpl.invoke(NativeMethodAccessorImpl.java:62)
	at java.base/jdk.internal.reflect.DelegatingMethodAccessorImpl.invoke(DelegatingMethodAccessorImpl.java:43)
	at java.base/java.lang.reflect.Method.invoke(Method.java:566)
	at org.junit.runners.model.FrameworkMethod$1.runReflectiveCall(FrameworkMethod.java:44)
	at org.junit.internal.runners.model.ReflectiveCallable.run(ReflectiveCallable.java:15)
	at org.junit.runners.model.FrameworkMethod.invokeExplosively(FrameworkMethod.java:41)
	at junitparams.internal.InvokeParameterisedMethod.evaluate(InvokeParameterisedMethod.java:102)
	at org.junit.internal.runners.statements.FailOnTimeout$1.run(FailOnTimeout.java:28)
Caused by: ptolemy.kernel.util.IllegalActionException: Found a zero delay loop containing .dependencyLoop2.original
  in .dependencyLoop2 and .dependencyLoop2.original
	at ptolemy.actor.util.CausalityInterfaceForComposites._computeOutputPortDepth(CausalityInterfaceForComposites.java:759)
	at ptolemy.actor.util.CausalityInterfaceForComposites._computeInputDepth(CausalityInterfaceForComposites.java:696)
	at ptolemy.actor.util.CausalityInterfaceForComposites._computeOutputPortDepth(CausalityInterfaceForComposites.java:765)
	at ptolemy.actor.util.CausalityInterfaceForComposites._computeInputDepth(CausalityInterfaceForComposites.java:696)
	at ptolemy.actor.util.CausalityInterfaceForComposites._computeOutputPortDepth(CausalityInterfaceForComposites.java:765)
	at ptolemy.actor.util.CausalityInterfaceForComposites._computeInputDepth(CausalityInterfaceForComposites.java:696)
	at ptolemy.actor.util.CausalityInterfaceForComposites._computeActorDepth(CausalityInterfaceForComposites.java:532)
	at ptolemy.actor.util.CausalityInterfaceForComposites.checkForCycles(CausalityInterfaceForComposites.java:96)
	at ptolemy.domains.de.kernel.DEDirector.preinitialize(DEDirector.java:1338)
	at ptolemy.actor.CompositeActor.preinitialize(CompositeActor.java:1828)
	at ptolemy.actor.Manager.preinitializeAndResolveTypes(Manager.java:1040)
	at ptolemy.actor.Manager.initialize(Manager.java:710)
	at ptolemy.actor.Manager.execute(Manager.java:356)
	at ptolemy.actor.Manager.run(Manager.java:1263)
	at ptolemy.actor.Manager$PtolemyRunThread.run(Manager.java:1933)
]]></system-err>
</testsuite>
