<?xml version="1.0" encoding="UTF-8" ?>
<testsuite errors="0" failures="0" hostname="travis-job-3fba63f0-e05b-4cdb-9d0e-e890fa54984f" name="ptolemy.domains.de.test.junit.JUnitTclTest" skipped="0" tests="101" time="128.882" timestamp="2019-04-30T23:55:52">
  <properties>
[...]
</properties>
  <testcase classname="ptolemy.util.test.junit.TclTests" name="[0] /home/travis/build/icyphy/ptII/ptolemy/domains/de/test/DependencyLoop.tcl (RunTclFile)" time="0.758" />
  <testcase classname="ptolemy.util.test.junit.TclTests" name="[1] /home/travis/build/icyphy/ptII/ptolemy/domains/de/test/RunDETestsAsQSS.tcl (RunTclFile)" time="88.519" />
  <testcase classname="ptolemy.util.test.junit.AutoKnownFailedTests" name="[0] /home/travis/build/icyphy/ptII/ptolemy/domains/de/test/auto/knownFailedTests/DESDFClockTest.xml (RunModel)" time="2.04" />
  <testcase classname="ptolemy.util.test.junit.AutoKnownFailedTests" name="[1] /home/travis/build/icyphy/ptII/ptolemy/domains/de/test/auto/knownFailedTests/DirectFeedback.xml (RunModel)" time="0.011" />
  <testcase classname="ptolemy.util.test.junit.AutoKnownFailedTests" name="[2] /home/travis/build/icyphy/ptII/ptolemy/domains/de/test/auto/knownFailedTests/FSMSource.xml (RunModel)" time="0.016" />
  <testcase classname="ptolemy.util.test.junit.AutoKnownFailedTests" name="[3] /home/travis/build/icyphy/ptII/ptolemy/domains/de/test/auto/knownFailedTests/HierarchicalModel.xml (RunModel)" time="0.03" />
  <testcase classname="ptolemy.util.test.junit.AutoKnownFailedTests" name="[4] /home/travis/build/icyphy/ptII/ptolemy/domains/de/test/auto/knownFailedTests/dependencyLoop.xml (RunModel)" time="0.029" />
  <testcase classname="ptolemy.util.test.junit.AutoKnownFailedTests" name="[5] /home/travis/build/icyphy/ptII/ptolemy/domains/de/test/auto/knownFailedTests/dependencyLoop2.xml (RunModel)" time="0.028" />
  <testcase classname="ptolemy.util.test.junit.AutoNameArchTests" name="[0] ThereAreNoAutoArchTests (RunModel)" time="0.001" />
  <testcase classname="ptolemy.util.test.junit.AutoTests" name="[0] /home/travis/build/icyphy/ptII/ptolemy/domains/de/test/auto/ActorDepthCalculation_actorWithoutPorts.xml (RunModel)" time="0.026" />
  <testcase classname="ptolemy.util.test.junit.AutoTests" name="[1] /home/travis/build/icyphy/ptII/ptolemy/domains/de/test/auto/AssemblyLine.xml (RunModel)" time="0.013" />
  <testcase classname="ptolemy.util.test.junit.AutoTests" name="[2] /home/travis/build/icyphy/ptII/ptolemy/domains/de/test/auto/CQBug1.xml (RunModel)" time="0.017" />
  <testcase classname="ptolemy.util.test.junit.AutoTests" name="[3] /home/travis/build/icyphy/ptII/ptolemy/domains/de/test/auto/CancelFireAt.xml (RunModel)" time="0.013" />
  <testcase classname="ptolemy.util.test.junit.AutoTests" name="[4] /home/travis/build/icyphy/ptII/ptolemy/domains/de/test/auto/CausalityAndComposabilityAnalysis.xml (RunModel)" time="0.01" />
  <testcase classname="ptolemy.util.test.junit.AutoTests" name="[5] /home/travis/build/icyphy/ptII/ptolemy/domains/de/test/auto/CausalityInterface1.xml (RunModel)" time="0.013" />
  <testcase classname="ptolemy.util.test.junit.AutoTests" name="[6] /home/travis/build/icyphy/ptII/ptolemy/domains/de/test/auto/CausalityInterface15.xml (RunModel)" time="0.009" />
  <testcase classname="ptolemy.util.test.junit.AutoTests" name="[7] /home/travis/build/icyphy/ptII/ptolemy/domains/de/test/auto/CausalityInterface2.xml (RunModel)" time="0.007" />
  <testcase classname="ptolemy.util.test.junit.AutoTests" name="[8] /home/travis/build/icyphy/ptII/ptolemy/domains/de/test/auto/CausalityInterface3.xml (RunModel)" time="0.008" />
  <testcase classname="ptolemy.util.test.junit.AutoTests" name="[9] /home/travis/build/icyphy/ptII/ptolemy/domains/de/test/auto/ClockDrift.xml (RunModel)" time="0.025" />
  <testcase classname="ptolemy.util.test.junit.AutoTests" name="[10] /home/travis/build/icyphy/ptII/ptolemy/domains/de/test/auto/ClockDriftAndValueChange.xml (RunModel)" time="0.023" />
  <testcase classname="ptolemy.util.test.junit.AutoTests" name="[11] /home/travis/build/icyphy/ptII/ptolemy/domains/de/test/auto/ClockDriftChange.xml (RunModel)" time="0.017" />
  <testcase classname="ptolemy.util.test.junit.AutoTests" name="[12] /home/travis/build/icyphy/ptII/ptolemy/domains/de/test/auto/ComposableCausalityAnalysis.xml (RunModel)" time="0.018" />
  <testcase classname="ptolemy.util.test.junit.AutoTests" name="[13] /home/travis/build/icyphy/ptII/ptolemy/domains/de/test/auto/DEFixedPointLimitation.xml (RunModel)" time="0.006" />
  <testcase classname="ptolemy.util.test.junit.AutoTests" name="[14] /home/travis/build/icyphy/ptII/ptolemy/domains/de/test/auto/DEScheduleTest.xml (RunModel)" time="0.008" />
  <testcase classname="ptolemy.util.test.junit.AutoTests" name="[15] /home/travis/build/icyphy/ptII/ptolemy/domains/de/test/auto/DEinDEwithStartTimes.xml (RunModel)" time="0.009" />
  <testcase classname="ptolemy.util.test.junit.AutoTests" name="[16] /home/travis/build/icyphy/ptII/ptolemy/domains/de/test/auto/DEinDEwithStartTimes2.xml (RunModel)" time="0.009" />
  <testcase classname="ptolemy.util.test.junit.AutoTests" name="[17] /home/travis/build/icyphy/ptII/ptolemy/domains/de/test/auto/DateDemo.xml (RunModel)" time="0.02" />
  <testcase classname="ptolemy.util.test.junit.AutoTests" name="[18] /home/travis/build/icyphy/ptII/ptolemy/domains/de/test/auto/DateToEvent.xml (RunModel)" time="2.03" />
  <testcase classname="ptolemy.util.test.junit.AutoTests" name="[19] /home/travis/build/icyphy/ptII/ptolemy/domains/de/test/auto/DepthTest1.xml (RunModel)" time="0.008" />
  <testcase classname="ptolemy.util.test.junit.AutoTests" name="[20] /home/travis/build/icyphy/ptII/ptolemy/domains/de/test/auto/DepthTest2.xml (RunModel)" time="0.032" />
  <testcase classname="ptolemy.util.test.junit.AutoTests" name="[21] /home/travis/build/icyphy/ptII/ptolemy/domains/de/test/auto/DepthTest3.xml (RunModel)" time="0.008" />
  <testcase classname="ptolemy.util.test.junit.AutoTests" name="[22] /home/travis/build/icyphy/ptII/ptolemy/domains/de/test/auto/DepthTest4.xml (RunModel)" time="0.012" />
  <testcase classname="ptolemy.util.test.junit.AutoTests" name="[23] /home/travis/build/icyphy/ptII/ptolemy/domains/de/test/auto/DepthTest5.xml (RunModel)" time="0.013" />
  <testcase classname="ptolemy.util.test.junit.AutoTests" name="[24] /home/travis/build/icyphy/ptII/ptolemy/domains/de/test/auto/DepthTest6.xml (RunModel)" time="0.013" />
  <testcase classname="ptolemy.util.test.junit.AutoTests" name="[25] /home/travis/build/icyphy/ptII/ptolemy/domains/de/test/auto/DepthTest7.xml (RunModel)" time="0.012" />
  <testcase classname="ptolemy.util.test.junit.AutoTests" name="[26] /home/travis/build/icyphy/ptII/ptolemy/domains/de/test/auto/EventToDate.xml (RunModel)" time="3.032" />
  <testcase classname="ptolemy.util.test.junit.AutoTests" name="[27] /home/travis/build/icyphy/ptII/ptolemy/domains/de/test/auto/FSM1.xml (RunModel)" time="0.032" />
  <testcase classname="ptolemy.util.test.junit.AutoTests" name="[28] /home/travis/build/icyphy/ptII/ptolemy/domains/de/test/auto/FSM7.xml (RunModel)" time="0.028" />
  <testcase classname="ptolemy.util.test.junit.AutoTests" name="[29] /home/travis/build/icyphy/ptII/ptolemy/domains/de/test/auto/Inspection.xml (RunModel)" time="0.036" />
  <testcase classname="ptolemy.util.test.junit.AutoTests" name="[30] /home/travis/build/icyphy/ptII/ptolemy/domains/de/test/auto/Iteration.xml (RunModel)" time="0.018" />
  <testcase classname="ptolemy.util.test.junit.AutoTests" name="[31] /home/travis/build/icyphy/ptII/ptolemy/domains/de/test/auto/LineFault.xml (RunModel)" time="0.592" />
  <testcase classname="ptolemy.util.test.junit.AutoTests" name="[32] /home/travis/build/icyphy/ptII/ptolemy/domains/de/test/auto/MergeModel1Add.xml (RunModel)" time="0.054" />
  <testcase classname="ptolemy.util.test.junit.AutoTests" name="[33] /home/travis/build/icyphy/ptII/ptolemy/domains/de/test/auto/MergeModel2Add.xml (RunModel)" time="0.038" />
  <testcase classname="ptolemy.util.test.junit.AutoTests" name="[34] /home/travis/build/icyphy/ptII/ptolemy/domains/de/test/auto/MergeModel3Add.xml (RunModel)" time="0.044" />
  <testcase classname="ptolemy.util.test.junit.AutoTests" name="[35] /home/travis/build/icyphy/ptII/ptolemy/domains/de/test/auto/MergeWithoutDiscard.xml (RunModel)" time="0.011" />
  <testcase classname="ptolemy.util.test.junit.AutoTests" name="[36] /home/travis/build/icyphy/ptII/ptolemy/domains/de/test/auto/Modal1.xml (RunModel)" time="0.031" />
  <testcase classname="ptolemy.util.test.junit.AutoTests" name="[37] /home/travis/build/icyphy/ptII/ptolemy/domains/de/test/auto/Modal2.xml (RunModel)" time="0.027" />
  <testcase classname="ptolemy.util.test.junit.AutoTests" name="[38] /home/travis/build/icyphy/ptII/ptolemy/domains/de/test/auto/Modal3.xml (RunModel)" time="0.033" />
  <testcase classname="ptolemy.util.test.junit.AutoTests" name="[39] /home/travis/build/icyphy/ptII/ptolemy/domains/de/test/auto/Modal4.xml (RunModel)" time="0.029" />
  <testcase classname="ptolemy.util.test.junit.AutoTests" name="[40] /home/travis/build/icyphy/ptII/ptolemy/domains/de/test/auto/Modal5.xml (RunModel)" time="0.027" />
  <testcase classname="ptolemy.util.test.junit.AutoTests" name="[41] /home/travis/build/icyphy/ptII/ptolemy/domains/de/test/auto/Modal6.xml (RunModel)" time="0.027" />
  <testcase classname="ptolemy.util.test.junit.AutoTests" name="[42] /home/travis/build/icyphy/ptII/ptolemy/domains/de/test/auto/Modal7.xml (RunModel)" time="0.027" />
  <testcase classname="ptolemy.util.test.junit.AutoTests" name="[43] /home/travis/build/icyphy/ptII/ptolemy/domains/de/test/auto/ModalModel.xml (RunModel)" time="0.162" />
  <testcase classname="ptolemy.util.test.junit.AutoTests" name="[44] /home/travis/build/icyphy/ptII/ptolemy/domains/de/test/auto/ModalSource.xml (RunModel)" time="0.022" />
  <testcase classname="ptolemy.util.test.junit.AutoTests" name="[45] /home/travis/build/icyphy/ptII/ptolemy/domains/de/test/auto/NonInterruptibleTimerZeroDelay.xml (RunModel)" time="0.009" />
  <testcase classname="ptolemy.util.test.junit.AutoTests" name="[46] /home/travis/build/icyphy/ptII/ptolemy/domains/de/test/auto/OpenQueueingNetwork.xml (RunModel)" time="2.345" />
  <testcase classname="ptolemy.util.test.junit.AutoTests" name="[47] /home/travis/build/icyphy/ptII/ptolemy/domains/de/test/auto/OpenQueuingNetwork.xml (RunModel)" time="0.248" />
  <testcase classname="ptolemy.util.test.junit.AutoTests" name="[48] /home/travis/build/icyphy/ptII/ptolemy/domains/de/test/auto/PeriodicSampler.xml (RunModel)" time="0.007" />
  <testcase classname="ptolemy.util.test.junit.AutoTests" name="[49] /home/travis/build/icyphy/ptII/ptolemy/domains/de/test/auto/PersistentIO.xml (RunModel)" time="0.016" />
  <testcase classname="ptolemy.util.test.junit.AutoTests" name="[50] /home/travis/build/icyphy/ptII/ptolemy/domains/de/test/auto/PortParameterResetOnInitialize.xml (RunModel)" time="0.008" />
  <testcase classname="ptolemy.util.test.junit.AutoTests" name="[51] /home/travis/build/icyphy/ptII/ptolemy/domains/de/test/auto/PortParameterUpdates.xml (RunModel)" time="0.012" />
  <testcase classname="ptolemy.util.test.junit.AutoTests" name="[52] /home/travis/build/icyphy/ptII/ptolemy/domains/de/test/auto/QueueAndServer.xml (RunModel)" time="0.017" />
  <testcase classname="ptolemy.util.test.junit.AutoTests" name="[53] /home/travis/build/icyphy/ptII/ptolemy/domains/de/test/auto/Records.xml (RunModel)" time="0.012" />
  <testcase classname="ptolemy.util.test.junit.AutoTests" name="[54] /home/travis/build/icyphy/ptII/ptolemy/domains/de/test/auto/ResetTransitionWithStartTime1.xml (RunModel)" time="0.018" />
  <testcase classname="ptolemy.util.test.junit.AutoTests" name="[55] /home/travis/build/icyphy/ptII/ptolemy/domains/de/test/auto/ResetTransitionWithStartTime2.xml (RunModel)" time="0.017" />
  <testcase classname="ptolemy.util.test.junit.AutoTests" name="[56] /home/travis/build/icyphy/ptII/ptolemy/domains/de/test/auto/ResetTransitionWithStartTime3.xml (RunModel)" time="0.017" />
  <testcase classname="ptolemy.util.test.junit.AutoTests" name="[57] /home/travis/build/icyphy/ptII/ptolemy/domains/de/test/auto/ResetTransitionWithStartTime4.xml (RunModel)" time="0.026" />
  <testcase classname="ptolemy.util.test.junit.AutoTests" name="[58] /home/travis/build/icyphy/ptII/ptolemy/domains/de/test/auto/ResettableTimer1.xml (RunModel)" time="0.012" />
  <testcase classname="ptolemy.util.test.junit.AutoTests" name="[59] /home/travis/build/icyphy/ptII/ptolemy/domains/de/test/auto/ResettableTimer2.xml (RunModel)" time="0.009" />
  <testcase classname="ptolemy.util.test.junit.AutoTests" name="[60] /home/travis/build/icyphy/ptII/ptolemy/domains/de/test/auto/ResettableTimer3.xml (RunModel)" time="0.01" />
  <testcase classname="ptolemy.util.test.junit.AutoTests" name="[61] /home/travis/build/icyphy/ptII/ptolemy/domains/de/test/auto/ResettableTimer4.xml (RunModel)" time="0.012" />
  <testcase classname="ptolemy.util.test.junit.AutoTests" name="[62] /home/travis/build/icyphy/ptII/ptolemy/domains/de/test/auto/ResettableTimer5.xml (RunModel)" time="0.01" />
  <testcase classname="ptolemy.util.test.junit.AutoTests" name="[63] /home/travis/build/icyphy/ptII/ptolemy/domains/de/test/auto/ResettableTimer6.xml (RunModel)" time="0.019" />
  <testcase classname="ptolemy.util.test.junit.AutoTests" name="[64] /home/travis/build/icyphy/ptII/ptolemy/domains/de/test/auto/ServerZeroDelay.xml (RunModel)" time="0.013" />
  <testcase classname="ptolemy.util.test.junit.AutoTests" name="[65] /home/travis/build/icyphy/ptII/ptolemy/domains/de/test/auto/SmartSender.xml (RunModel)" time="3.008" />
  <testcase classname="ptolemy.util.test.junit.AutoTests" name="[66] /home/travis/build/icyphy/ptII/ptolemy/domains/de/test/auto/ThreadedComposite.xml (RunModel)" time="0.114" />
  <testcase classname="ptolemy.util.test.junit.AutoTests" name="[67] /home/travis/build/icyphy/ptII/ptolemy/domains/de/test/auto/Time.xml (RunModel)" time="0.432" />
  <testcase classname="ptolemy.util.test.junit.AutoTests" name="[68] /home/travis/build/icyphy/ptII/ptolemy/domains/de/test/auto/TimeDelayZeroDelay.xml (RunModel)" time="0.01" />
  <testcase classname="ptolemy.util.test.junit.AutoTests" name="[69] /home/travis/build/icyphy/ptII/ptolemy/domains/de/test/auto/TimerZeroDelay.xml (RunModel)" time="0.009" />
  <testcase classname="ptolemy.util.test.junit.AutoTests" name="[70] /home/travis/build/icyphy/ptII/ptolemy/domains/de/test/auto/TimingParadox.xml (RunModel)" time="0.345" />
  <testcase classname="ptolemy.util.test.junit.AutoTests" name="[71] /home/travis/build/icyphy/ptII/ptolemy/domains/de/test/auto/TransferInputs.xml (RunModel)" time="0.008" />
  <testcase classname="ptolemy.util.test.junit.AutoTests" name="[72] /home/travis/build/icyphy/ptII/ptolemy/domains/de/test/auto/TransferOutputs2.xml (RunModel)" time="0.014" />
  <testcase classname="ptolemy.util.test.junit.AutoTests" name="[73] /home/travis/build/icyphy/ptII/ptolemy/domains/de/test/auto/Trilateration.xml (RunModel)" time="11.535" />
  <testcase classname="ptolemy.util.test.junit.AutoTests" name="[74] /home/travis/build/icyphy/ptII/ptolemy/domains/de/test/auto/TwoSigmaDelta.xml (RunModel)" time="1.971" />
  <testcase classname="ptolemy.util.test.junit.AutoTests" name="[75] /home/travis/build/icyphy/ptII/ptolemy/domains/de/test/auto/VariableDelay.xml (RunModel)" time="0.011" />
  <testcase classname="ptolemy.util.test.junit.AutoTests" name="[76] /home/travis/build/icyphy/ptII/ptolemy/domains/de/test/auto/VariableDelay2.xml (RunModel)" time="0.011" />
  <testcase classname="ptolemy.util.test.junit.AutoTests" name="[77] /home/travis/build/icyphy/ptII/ptolemy/domains/de/test/auto/VariableDelayZeroDelay.xml (RunModel)" time="0.013" />
  <testcase classname="ptolemy.util.test.junit.AutoTests" name="[78] /home/travis/build/icyphy/ptII/ptolemy/domains/de/test/auto/VariableDelayZeroDelay2.xml (RunModel)" time="0.009" />
  <testcase classname="ptolemy.util.test.junit.AutoTests" name="[79] /home/travis/build/icyphy/ptII/ptolemy/domains/de/test/auto/deInCt.xml (RunModel)" time="0.012" />
  <testcase classname="ptolemy.util.test.junit.AutoTests" name="[80] /home/travis/build/icyphy/ptII/ptolemy/domains/de/test/auto/deInCt2.xml (RunModel)" time="0.018" />
  <testcase classname="ptolemy.util.test.junit.AutoTests" name="[81] /home/travis/build/icyphy/ptII/ptolemy/domains/de/test/auto/dynamicCausalityInterface1.xml (RunModel)" time="0.022" />
  <testcase classname="ptolemy.util.test.junit.AutoTests" name="[82] /home/travis/build/icyphy/ptII/ptolemy/domains/de/test/auto/fsm_de_test.xml (RunModel)" time="0.025" />
  <testcase classname="ptolemy.util.test.junit.AutoTests" name="[83] /home/travis/build/icyphy/ptII/ptolemy/domains/de/test/auto/functionDependencyReconstruction.xml (RunModel)" time="0.03" />
  <testcase classname="ptolemy.util.test.junit.AutoTests" name="[84] /home/travis/build/icyphy/ptII/ptolemy/domains/de/test/auto/multirate.xml (RunModel)" time="0.015" />
  <testcase classname="ptolemy.util.test.junit.AutoTests" name="[85] /home/travis/build/icyphy/ptII/ptolemy/domains/de/test/auto/multirate2.xml (RunModel)" time="0.018" />
  <testcase classname="ptolemy.util.test.junit.AutoTests" name="[86] /home/travis/build/icyphy/ptII/ptolemy/domains/de/test/auto/realtime.xml (RunModel)" time="10.011" />
  <testcase classname="ptolemy.util.test.junit.AutoTests" name="[87] /home/travis/build/icyphy/ptII/ptolemy/domains/de/test/auto/relationGroup.xml (RunModel)" time="0.011" />
  <testcase classname="ptolemy.util.test.junit.AutoTests" name="[88] /home/travis/build/icyphy/ptII/ptolemy/domains/de/test/auto/relationGroup2.xml (RunModel)" time="0.008" />
  <testcase classname="ptolemy.util.test.junit.AutoTests" name="[89] /home/travis/build/icyphy/ptII/ptolemy/domains/de/test/auto/sortWithOpaquePorts.xml (RunModel)" time="0.009" />
  <testcase classname="ptolemy.util.test.junit.AutoTests" name="[90] /home/travis/build/icyphy/ptII/ptolemy/domains/de/test/auto/transferInputsandOutputs.xml (RunModel)" time="0.015" />
  <testcase classname="ptolemy.util.test.junit.AutoTests" name="[91] /home/travis/build/icyphy/ptII/ptolemy/domains/de/test/auto/triggerType.xml (RunModel)" time="0.008" />
  <system-out><![CDATA[/home/travis/build/icyphy/ptII/ptolemy/domains/de/test/DependencyLoop.tcl
testDefs.tcl: setting time out to 9000 seconds at Tue Apr 30 23:55:52 UTC 2019
17 ms. Memory: 116224K Free: 97629K (84%)
19 ms. Memory: 146944K Free: 141189K (96%)
/home/travis/build/icyphy/ptII/ptolemy/domains/de/test/RunDETestsAsQSS.tcl
Run the DE tests using ptolemy.domains.qss.test.QSSDirectorTest, which extends QSSDirector and prints a message in the constructors.
------------------ testing $PTII/ptolemy/domains/de/test/auto/knownFailedTests/dependencyLoop.xml (Known Failure) 
7 ms. Memory: 146944K Free: 136943K (93%)


==== $PTIIhome/travis/build/icyphy/ptII/ptolemy/domains/de/test/../../../../: Auto Automatic test in file $PTII/ptolemy/domains/de/test/auto/knownFailedTests/dependencyLoop.xml
==== Contents of test case:

	    # FIXME: we should use $relativeFilename here, but it
	    # might have backslashes under Windows, which causes no end
	    # of trouble.
	    createAndExecute $file
	    list {}
	
.... Test generated KNOWN error:
    while executing
ptolemy.kernel.util.IllegalActionException: Found a zero delay loop containing .dependencyLoop.original
  in .dependencyLoop and .dependencyLoop.original
	at ptolemy.actor.util.CausalityInterfaceForComposites._computeOutputPortDepth(CausalityInterfaceForComposites.java:759)
	at ptolemy.actor.util.CausalityInterfaceForComposites._computeInputDepth(CausalityInterfaceForComposites.java:696)
	at ptolemy.actor.util.CausalityInterfaceForComposites._computeOutputPortDepth(CausalityInterfaceForComposites.java:765)
	at ptolemy.actor.util.CausalityInterfaceForComposites._computeInputDepth(CausalityInterfaceForComposites.java:696)
	at ptolemy.actor.util.CausalityInterfaceForComposites._computeOutputPortDepth(CausalityInterfaceForComposites.java:765)
	at ptolemy.actor.util.CausalityInterfaceForComposites._computeInputDepth(CausalityInterfaceForComposites.java:696)
	at ptolemy.actor.util.CausalityInterfaceForComposites._computeActorDepth(CausalityInterfaceForComposites.java:532)
	at ptolemy.actor.util.CausalityInterfaceForComposites.checkForCycles(CausalityInterfaceForComposites.java:96)
	at ptolemy.domains.de.kernel.DEDirector.preinitialize(DEDirector.java:1338)
	at ptolemy.actor.CompositeActor.preinitialize(CompositeActor.java:1828)
	at ptolemy.actor.Manager.preinitializeAndResolveTypes(Manager.java:1040)
	at ptolemy.actor.Manager.initialize(Manager.java:710)
	at ptolemy.actor.Manager.execute(Manager.java:356)
	at ptolemy.actor.Manager.run(Manager.java:1263)
	at ptolemy.actor.Manager$PtolemyRunThread.run(Manager.java:1915)

    while executing
ptolemy.kernel.util.IllegalActionException: Found a zero delay loop containing .dependencyLoop.original
  in .dependencyLoop and .dependencyLoop.original
    while executing
"java::new ptolemy.moml.MoMLSimpleApplication $file
"
    (procedure "createAndExecute" line 2)
    invoked from within
"createAndExecute $file"
    ("uplevel" body line 5)
    invoked from within
"uplevel $contents_of_test"
------------------ testing $PTII/ptolemy/domains/de/test/auto/knownFailedTests/DESDFClockTest.xml (Known Failure) 
2104 ms. Memory: 146944K Free: 121364K (83%)


==== $PTIIhome/travis/build/icyphy/ptII/ptolemy/domains/de/test/../../../../: Auto Automatic test in file $PTII/ptolemy/domains/de/test/auto/knownFailedTests/DESDFClockTest.xml
==== Contents of test case:

	    # FIXME: we should use $relativeFilename here, but it
	    # might have backslashes under Windows, which causes no end
	    # of trouble.
	    createAndExecute $file
	    list {}
	
.... Test generated KNOWN error:
    while executing
ptolemy.kernel.util.IllegalActionException: Actor is not ready to fire.  Perhaps UpSample.prefire() returned false? Try debugging the actor by selecting "Listen to Actor".  Also, for SDF check moml for tokenConsumptionRate on input.
  in .DESDFClockTest.Play Bell.Copy1:SDF Director and .DESDFClockTest.Play Bell.UpSample
	at ptolemy.actor.sched.StaticSchedulingDirector.fire(StaticSchedulingDirector.java:227)
	at ptolemy.domains.sdf.kernel.SDFDirector.fire(SDFDirector.java:500)
	at ptolemy.actor.CompositeActor.fire(CompositeActor.java:455)
	at ptolemy.domains.de.kernel.DEDirector._fire(DEDirector.java:1949)
	at ptolemy.domains.de.kernel.DEDirector.fire(DEDirector.java:502)
	at ptolemy.actor.CompositeActor.fire(CompositeActor.java:455)
	at ptolemy.actor.Manager.iterate(Manager.java:851)
	at ptolemy.actor.Manager.execute(Manager.java:369)
	at ptolemy.actor.Manager.run(Manager.java:1263)
	at ptolemy.actor.Manager$PtolemyRunThread.run(Manager.java:1915)

    while executing
ptolemy.kernel.util.IllegalActionException: Actor is not ready to fire.  Perhaps UpSample.prefire() returned false? Try debugging the actor by selecting "Listen to Actor".  Also, for SDF check moml for tokenConsumptionRate on input.
  in .DESDFClockTest.Play Bell.Copy1:SDF Director and .DESDFClockTest.Play Bell.UpSample
    while executing
"java::new ptolemy.moml.MoMLSimpleApplication $file
"
    (procedure "createAndExecute" line 2)
    invoked from within
"createAndExecute $file"
    ("uplevel" body line 5)
    invoked from within
"uplevel $contents_of_test"
------------------ testing $PTII/ptolemy/domains/de/test/auto/knownFailedTests/FSMSource.xml (Known Failure) 
46 ms. Memory: 146944K Free: 112497K (77%)
!!!! Auto was marked as failing, but now passes
------------------ testing $PTII/ptolemy/domains/de/test/auto/knownFailedTests/dependencyLoop2.xml (Known Failure) 
6 ms. Memory: 146944K Free: 110613K (75%)


==== $PTIIhome/travis/build/icyphy/ptII/ptolemy/domains/de/test/../../../../: Auto Automatic test in file $PTII/ptolemy/domains/de/test/auto/knownFailedTests/dependencyLoop2.xml
==== Contents of test case:

	    # FIXME: we should use $relativeFilename here, but it
	    # might have backslashes under Windows, which causes no end
	    # of trouble.
	    createAndExecute $file
	    list {}
	
.... Test generated KNOWN error:
    while executing
ptolemy.kernel.util.IllegalActionException: Found a zero delay loop containing .dependencyLoop2.original
  in .dependencyLoop2 and .dependencyLoop2.original
	at ptolemy.actor.util.CausalityInterfaceForComposites._computeOutputPortDepth(CausalityInterfaceForComposites.java:759)
	at ptolemy.actor.util.CausalityInterfaceForComposites._computeInputDepth(CausalityInterfaceForComposites.java:696)
	at ptolemy.actor.util.CausalityInterfaceForComposites._computeOutputPortDepth(CausalityInterfaceForComposites.java:765)
	at ptolemy.actor.util.CausalityInterfaceForComposites._computeInputDepth(CausalityInterfaceForComposites.java:696)
	at ptolemy.actor.util.CausalityInterfaceForComposites._computeOutputPortDepth(CausalityInterfaceForComposites.java:765)
	at ptolemy.actor.util.CausalityInterfaceForComposites._computeInputDepth(CausalityInterfaceForComposites.java:696)
	at ptolemy.actor.util.CausalityInterfaceForComposites._computeActorDepth(CausalityInterfaceForComposites.java:532)
	at ptolemy.actor.util.CausalityInterfaceForComposites.checkForCycles(CausalityInterfaceForComposites.java:96)
	at ptolemy.domains.de.kernel.DEDirector.preinitialize(DEDirector.java:1338)
	at ptolemy.actor.CompositeActor.preinitialize(CompositeActor.java:1828)
	at ptolemy.actor.Manager.preinitializeAndResolveTypes(Manager.java:1040)
	at ptolemy.actor.Manager.initialize(Manager.java:710)
	at ptolemy.actor.Manager.execute(Manager.java:356)
	at ptolemy.actor.Manager.run(Manager.java:1263)
	at ptolemy.actor.Manager$PtolemyRunThread.run(Manager.java:1915)

    while executing
ptolemy.kernel.util.IllegalActionException: Found a zero delay loop containing .dependencyLoop2.original
  in .dependencyLoop2 and .dependencyLoop2.original
    while executing
"java::new ptolemy.moml.MoMLSimpleApplication $file
"
    (procedure "createAndExecute" line 2)
    invoked from within
"createAndExecute $file"
    ("uplevel" body line 5)
    invoked from within
"uplevel $contents_of_test"
------------------ testing $PTII/ptolemy/domains/de/test/auto/knownFailedTests/HierarchicalModel.xml (Known Failure) 
15 ms. Memory: 146944K Free: 90428K (62%)


==== $PTIIhome/travis/build/icyphy/ptII/ptolemy/domains/de/test/../../../../: Auto Automatic test in file $PTII/ptolemy/domains/de/test/auto/knownFailedTests/HierarchicalModel.xml
==== Contents of test case:

	    # FIXME: we should use $relativeFilename here, but it
	    # might have backslashes under Windows, which causes no end
	    # of trouble.
	    createAndExecute $file
	    list {}
	
.... Test generated KNOWN error:
    while executing
ptolemy.kernel.util.IllegalActionException: Found a zero delay loop containing .HierarchicalModel.A
  in .HierarchicalModel and .HierarchicalModel.A
	at ptolemy.actor.util.CausalityInterfaceForComposites._computeOutputPortDepth(CausalityInterfaceForComposites.java:759)
	at ptolemy.actor.util.CausalityInterfaceForComposites._computeInputDepth(CausalityInterfaceForComposites.java:696)
	at ptolemy.actor.util.CausalityInterfaceForComposites._computeOutputPortDepth(CausalityInterfaceForComposites.java:765)
	at ptolemy.actor.util.CausalityInterfaceForComposites._computeInputDepth(CausalityInterfaceForComposites.java:696)
	at ptolemy.actor.util.CausalityInterfaceForComposites._computeOutputPortDepth(CausalityInterfaceForComposites.java:765)
	at ptolemy.actor.util.CausalityInterfaceForComposites._computeInputDepth(CausalityInterfaceForComposites.java:696)
	at ptolemy.actor.util.CausalityInterfaceForComposites._computeActorDepth(CausalityInterfaceForComposites.java:532)
	at ptolemy.actor.util.CausalityInterfaceForComposites.checkForCycles(CausalityInterfaceForComposites.java:96)
	at ptolemy.domains.de.kernel.DEDirector.preinitialize(DEDirector.java:1338)
	at ptolemy.actor.CompositeActor.preinitialize(CompositeActor.java:1828)
	at ptolemy.actor.Manager.preinitializeAndResolveTypes(Manager.java:1040)
	at ptolemy.actor.Manager.initialize(Manager.java:710)
	at ptolemy.actor.Manager.execute(Manager.java:356)
	at ptolemy.actor.Manager.run(Manager.java:1263)
	at ptolemy.actor.Manager$PtolemyRunThread.run(Manager.java:1915)

    while executing
ptolemy.kernel.util.IllegalActionException: Found a zero delay loop containing .HierarchicalModel.A
  in .HierarchicalModel and .HierarchicalModel.A
    while executing
"java::new ptolemy.moml.MoMLSimpleApplication $file
"
    (procedure "createAndExecute" line 2)
    invoked from within
"createAndExecute $file"
    ("uplevel" body line 5)
    invoked from within
"uplevel $contents_of_test"
------------------ testing $PTII/ptolemy/domains/de/test/auto/knownFailedTests/DirectFeedback.xml (Known Failure) 
8 ms. Memory: 146944K Free: 86318K (59%)


==== $PTIIhome/travis/build/icyphy/ptII/ptolemy/domains/de/test/../../../../: Auto Automatic test in file $PTII/ptolemy/domains/de/test/auto/knownFailedTests/DirectFeedback.xml
==== Contents of test case:

	    # FIXME: we should use $relativeFilename here, but it
	    # might have backslashes under Windows, which causes no end
	    # of trouble.
	    createAndExecute $file
	    list {}
	
.... Test generated KNOWN error:
    while executing
ptolemy.kernel.util.IllegalActionException: Test fails in iteration 1.
Value was: 1.0. Should have been: 2.0
  in .DirectFeedback.Test
	at ptolemy.actor.lib.Test.fire(Test.java:268)
	at ptolemy.domains.de.kernel.DEDirector._fire(DEDirector.java:1949)
	at ptolemy.domains.de.kernel.DEDirector.fire(DEDirector.java:502)
	at ptolemy.actor.CompositeActor.fire(CompositeActor.java:455)
	at ptolemy.actor.Manager.iterate(Manager.java:851)
	at ptolemy.actor.Manager.execute(Manager.java:369)
	at ptolemy.actor.Manager.run(Manager.java:1263)
	at ptolemy.actor.Manager$PtolemyRunThread.run(Manager.java:1915)

    while executing
ptolemy.kernel.util.IllegalActionException: Test fails in iteration 1.
Value was: 1.0. Should have been: 2.0
  in .DirectFeedback.Test
    while executing
"java::new ptolemy.moml.MoMLSimpleApplication $file
"
    (procedure "createAndExecute" line 2)
    invoked from within
"createAndExecute $file"
    ("uplevel" body line 5)
    invoked from within
"uplevel $contents_of_test"
------------------ testing $PTII/ptolemy/domains/de/test/auto/ActorDepthCalculation_actorWithoutPorts.xml
auto.tcl: Setting watchdog for 200 seconds at Tue Apr 30 23:55:55 UTC 2019
8 ms. Memory: 146944K Free: 138654K (94%)
ptolemy.util.test.WatchDog.cancel(): canceling Tue Apr 30 23:55:55 UTC 2019
auto.tcl: Setting watchdog for 200 seconds at Tue Apr 30 23:55:55 UTC 2019
4 ms. Memory: 146944K Free: 137631K (94%)
ptolemy.util.test.WatchDog.cancel(): canceling Tue Apr 30 23:55:55 UTC 2019
------------------ testing $PTII/ptolemy/domains/de/test/auto/AssemblyLine.xml
auto.tcl: Setting watchdog for 200 seconds at Tue Apr 30 23:55:56 UTC 2019
25 ms. Memory: 208384K Free: 183380K (88%)
ptolemy.util.test.WatchDog.cancel(): canceling Tue Apr 30 23:55:56 UTC 2019
auto.tcl: Setting watchdog for 200 seconds at Tue Apr 30 23:55:56 UTC 2019
8 ms. Memory: 208384K Free: 183380K (88%)
ptolemy.util.test.WatchDog.cancel(): canceling Tue Apr 30 23:55:56 UTC 2019
------------------ testing $PTII/ptolemy/domains/de/test/auto/CQBug1.xml
auto.tcl: Setting watchdog for 200 seconds at Tue Apr 30 23:55:56 UTC 2019
11 ms. Memory: 208384K Free: 197895K (95%)
ptolemy.util.test.WatchDog.cancel(): canceling Tue Apr 30 23:55:56 UTC 2019
auto.tcl: Setting watchdog for 200 seconds at Tue Apr 30 23:55:56 UTC 2019
3 ms. Memory: 208384K Free: 197895K (95%)
ptolemy.util.test.WatchDog.cancel(): canceling Tue Apr 30 23:55:56 UTC 2019
------------------ testing $PTII/ptolemy/domains/de/test/auto/CancelFireAt.xml
auto.tcl: Setting watchdog for 200 seconds at Tue Apr 30 23:55:56 UTC 2019
7 ms. Memory: 208384K Free: 201556K (97%)
ptolemy.util.test.WatchDog.cancel(): canceling Tue Apr 30 23:55:56 UTC 2019
auto.tcl: Setting watchdog for 200 seconds at Tue Apr 30 23:55:56 UTC 2019
3 ms. Memory: 208384K Free: 199509K (96%)
ptolemy.util.test.WatchDog.cancel(): canceling Tue Apr 30 23:55:56 UTC 2019
------------------ testing $PTII/ptolemy/domains/de/test/auto/CausalityAndComposabilityAnalysis.xml
auto.tcl: Setting watchdog for 200 seconds at Tue Apr 30 23:55:56 UTC 2019
12 ms. Memory: 208384K Free: 198588K (95%)
ptolemy.util.test.WatchDog.cancel(): canceling Tue Apr 30 23:55:56 UTC 2019
auto.tcl: Setting watchdog for 200 seconds at Tue Apr 30 23:55:56 UTC 2019
6 ms. Memory: 208384K Free: 196542K (94%)
ptolemy.util.test.WatchDog.cancel(): canceling Tue Apr 30 23:55:56 UTC 2019
------------------ testing $PTII/ptolemy/domains/de/test/auto/CausalityInterface1.xml
auto.tcl: Setting watchdog for 200 seconds at Tue Apr 30 23:55:56 UTC 2019
9 ms. Memory: 208384K Free: 196480K (94%)
ptolemy.util.test.WatchDog.cancel(): canceling Tue Apr 30 23:55:56 UTC 2019
auto.tcl: Setting watchdog for 200 seconds at Tue Apr 30 23:55:56 UTC 2019
4 ms. Memory: 208384K Free: 196480K (94%)
ptolemy.util.test.WatchDog.cancel(): canceling Tue Apr 30 23:55:56 UTC 2019
------------------ testing $PTII/ptolemy/domains/de/test/auto/CausalityInterface15.xml
auto.tcl: Setting watchdog for 200 seconds at Tue Apr 30 23:55:56 UTC 2019
12 ms. Memory: 208384K Free: 196438K (94%)
ptolemy.util.test.WatchDog.cancel(): canceling Tue Apr 30 23:55:56 UTC 2019
auto.tcl: Setting watchdog for 200 seconds at Tue Apr 30 23:55:56 UTC 2019
4 ms. Memory: 208384K Free: 196438K (94%)
ptolemy.util.test.WatchDog.cancel(): canceling Tue Apr 30 23:55:56 UTC 2019
------------------ testing $PTII/ptolemy/domains/de/test/auto/CausalityInterface2.xml
auto.tcl: Setting watchdog for 200 seconds at Tue Apr 30 23:55:56 UTC 2019
9 ms. Memory: 208384K Free: 196454K (94%)
ptolemy.util.test.WatchDog.cancel(): canceling Tue Apr 30 23:55:56 UTC 2019
auto.tcl: Setting watchdog for 200 seconds at Tue Apr 30 23:55:56 UTC 2019
3 ms. Memory: 208384K Free: 196454K (94%)
ptolemy.util.test.WatchDog.cancel(): canceling Tue Apr 30 23:55:56 UTC 2019
------------------ testing $PTII/ptolemy/domains/de/test/auto/CausalityInterface3.xml
auto.tcl: Setting watchdog for 200 seconds at Tue Apr 30 23:55:56 UTC 2019
7 ms. Memory: 208384K Free: 196467K (94%)
ptolemy.util.test.WatchDog.cancel(): canceling Tue Apr 30 23:55:57 UTC 2019
auto.tcl: Setting watchdog for 200 seconds at Tue Apr 30 23:55:57 UTC 2019
4 ms. Memory: 208384K Free: 196467K (94%)
ptolemy.util.test.WatchDog.cancel(): canceling Tue Apr 30 23:55:57 UTC 2019
------------------ testing $PTII/ptolemy/domains/de/test/auto/ClockDrift.xml
auto.tcl: Setting watchdog for 200 seconds at Tue Apr 30 23:55:57 UTC 2019
61 ms. Memory: 208384K Free: 187861K (90%)
ptolemy.util.test.WatchDog.cancel(): canceling Tue Apr 30 23:55:57 UTC 2019
auto.tcl: Setting watchdog for 200 seconds at Tue Apr 30 23:55:57 UTC 2019
75 ms. Memory: 208384K Free: 185815K (89%)
ptolemy.util.test.WatchDog.cancel(): canceling Tue Apr 30 23:55:57 UTC 2019
------------------ testing $PTII/ptolemy/domains/de/test/auto/ClockDriftAndValueChange.xml
auto.tcl: Setting watchdog for 200 seconds at Tue Apr 30 23:55:57 UTC 2019
33 ms. Memory: 208384K Free: 189743K (91%)
ptolemy.util.test.WatchDog.cancel(): canceling Tue Apr 30 23:55:57 UTC 2019
auto.tcl: Setting watchdog for 200 seconds at Tue Apr 30 23:55:57 UTC 2019
32 ms. Memory: 208384K Free: 185648K (89%)
ptolemy.util.test.WatchDog.cancel(): canceling Tue Apr 30 23:55:57 UTC 2019
------------------ testing $PTII/ptolemy/domains/de/test/auto/ClockDriftChange.xml
auto.tcl: Setting watchdog for 200 seconds at Tue Apr 30 23:55:57 UTC 2019
41 ms. Memory: 208384K Free: 190972K (92%)
ptolemy.util.test.WatchDog.cancel(): canceling Tue Apr 30 23:55:57 UTC 2019
auto.tcl: Setting watchdog for 200 seconds at Tue Apr 30 23:55:57 UTC 2019
30 ms. Memory: 208384K Free: 188926K (91%)
ptolemy.util.test.WatchDog.cancel(): canceling Tue Apr 30 23:55:57 UTC 2019
------------------ testing $PTII/ptolemy/domains/de/test/auto/ComposableCausalityAnalysis.xml
auto.tcl: Setting watchdog for 200 seconds at Tue Apr 30 23:55:57 UTC 2019
2 ms. Memory: 208384K Free: 196328K (94%)
ptolemy.util.test.WatchDog.cancel(): canceling Tue Apr 30 23:55:57 UTC 2019
auto.tcl: Setting watchdog for 200 seconds at Tue Apr 30 23:55:57 UTC 2019
2 ms. Memory: 208384K Free: 194282K (93%)
ptolemy.util.test.WatchDog.cancel(): canceling Tue Apr 30 23:55:57 UTC 2019
------------------ testing $PTII/ptolemy/domains/de/test/auto/DEFixedPointLimitation.xml
auto.tcl: Setting watchdog for 200 seconds at Tue Apr 30 23:55:57 UTC 2019
3 ms. Memory: 208384K Free: 198455K (95%)
ptolemy.util.test.WatchDog.cancel(): canceling Tue Apr 30 23:55:57 UTC 2019
auto.tcl: Setting watchdog for 200 seconds at Tue Apr 30 23:55:57 UTC 2019
2 ms. Memory: 208384K Free: 196409K (94%)
ptolemy.util.test.WatchDog.cancel(): canceling Tue Apr 30 23:55:57 UTC 2019
------------------ testing $PTII/ptolemy/domains/de/test/auto/DEScheduleTest.xml
auto.tcl: Setting watchdog for 200 seconds at Tue Apr 30 23:55:57 UTC 2019
9 ms. Memory: 208384K Free: 198490K (95%)
ptolemy.util.test.WatchDog.cancel(): canceling Tue Apr 30 23:55:57 UTC 2019
auto.tcl: Setting watchdog for 200 seconds at Tue Apr 30 23:55:57 UTC 2019
5 ms. Memory: 208384K Free: 196444K (94%)
ptolemy.util.test.WatchDog.cancel(): canceling Tue Apr 30 23:55:57 UTC 2019
------------------ testing $PTII/ptolemy/domains/de/test/auto/DEinDEwithStartTimes.xml
auto.tcl: Setting watchdog for 200 seconds at Tue Apr 30 23:55:57 UTC 2019
4 ms. Memory: 208384K Free: 196414K (94%)
ptolemy.util.test.WatchDog.cancel(): canceling Tue Apr 30 23:55:57 UTC 2019
auto.tcl: Setting watchdog for 200 seconds at Tue Apr 30 23:55:57 UTC 2019
7 ms. Memory: 208384K Free: 196414K (94%)
ptolemy.util.test.WatchDog.cancel(): canceling Tue Apr 30 23:55:57 UTC 2019
------------------ testing $PTII/ptolemy/domains/de/test/auto/DEinDEwithStartTimes2.xml
auto.tcl: Setting watchdog for 200 seconds at Tue Apr 30 23:55:57 UTC 2019
8 ms. Memory: 208384K Free: 196393K (94%)
ptolemy.util.test.WatchDog.cancel(): canceling Tue Apr 30 23:55:58 UTC 2019
auto.tcl: Setting watchdog for 200 seconds at Tue Apr 30 23:55:58 UTC 2019
9 ms. Memory: 208384K Free: 194347K (93%)
ptolemy.util.test.WatchDog.cancel(): canceling Tue Apr 30 23:55:58 UTC 2019
------------------ testing $PTII/ptolemy/domains/de/test/auto/DateDemo.xml
auto.tcl: Setting watchdog for 200 seconds at Tue Apr 30 23:55:58 UTC 2019
15 ms. Memory: 208384K Free: 188993K (91%)
ptolemy.util.test.WatchDog.cancel(): canceling Tue Apr 30 23:55:58 UTC 2019
auto.tcl: Setting watchdog for 200 seconds at Tue Apr 30 23:55:58 UTC 2019
7 ms. Memory: 208384K Free: 186947K (90%)
ptolemy.util.test.WatchDog.cancel(): canceling Tue Apr 30 23:55:58 UTC 2019
------------------ testing $PTII/ptolemy/domains/de/test/auto/DateToEvent.xml
auto.tcl: Setting watchdog for 200 seconds at Tue Apr 30 23:55:58 UTC 2019
2014 ms. Memory: 208384K Free: 183854K (88%)
ptolemy.util.test.WatchDog.cancel(): canceling Tue Apr 30 23:56:00 UTC 2019
auto.tcl: Setting watchdog for 200 seconds at Tue Apr 30 23:56:00 UTC 2019
2004 ms. Memory: 208384K Free: 183854K (88%)
ptolemy.util.test.WatchDog.cancel(): canceling Tue Apr 30 23:56:02 UTC 2019
------------------ testing $PTII/ptolemy/domains/de/test/auto/DepthTest1.xml
auto.tcl: Setting watchdog for 200 seconds at Tue Apr 30 23:56:02 UTC 2019
3 ms. Memory: 208384K Free: 198019K (95%)
ptolemy.util.test.WatchDog.cancel(): canceling Tue Apr 30 23:56:02 UTC 2019
auto.tcl: Setting watchdog for 200 seconds at Tue Apr 30 23:56:02 UTC 2019
3 ms. Memory: 208384K Free: 198019K (95%)
ptolemy.util.test.WatchDog.cancel(): canceling Tue Apr 30 23:56:02 UTC 2019
------------------ testing $PTII/ptolemy/domains/de/test/auto/DepthTest2.xml
auto.tcl: Setting watchdog for 200 seconds at Tue Apr 30 23:56:02 UTC 2019
7 ms. Memory: 208384K Free: 194360K (93%)
ptolemy.util.test.WatchDog.cancel(): canceling Tue Apr 30 23:56:02 UTC 2019
auto.tcl: Setting watchdog for 200 seconds at Tue Apr 30 23:56:02 UTC 2019
3 ms. Memory: 208384K Free: 194360K (93%)
ptolemy.util.test.WatchDog.cancel(): canceling Tue Apr 30 23:56:02 UTC 2019
------------------ testing $PTII/ptolemy/domains/de/test/auto/DepthTest3.xml
auto.tcl: Setting watchdog for 200 seconds at Tue Apr 30 23:56:02 UTC 2019
7 ms. Memory: 208384K Free: 198353K (95%)
ptolemy.util.test.WatchDog.cancel(): canceling Tue Apr 30 23:56:02 UTC 2019
auto.tcl: Setting watchdog for 200 seconds at Tue Apr 30 23:56:02 UTC 2019
1 ms. Memory: 208384K Free: 198353K (95%)
ptolemy.util.test.WatchDog.cancel(): canceling Tue Apr 30 23:56:02 UTC 2019
------------------ testing $PTII/ptolemy/domains/de/test/auto/DepthTest4.xml
auto.tcl: Setting watchdog for 200 seconds at Tue Apr 30 23:56:02 UTC 2019
4 ms. Memory: 208384K Free: 196393K (94%)
ptolemy.util.test.WatchDog.cancel(): canceling Tue Apr 30 23:56:02 UTC 2019
auto.tcl: Setting watchdog for 200 seconds at Tue Apr 30 23:56:02 UTC 2019
2 ms. Memory: 208384K Free: 196393K (94%)
ptolemy.util.test.WatchDog.cancel(): canceling Tue Apr 30 23:56:02 UTC 2019
------------------ testing $PTII/ptolemy/domains/de/test/auto/DepthTest5.xml
auto.tcl: Setting watchdog for 200 seconds at Tue Apr 30 23:56:02 UTC 2019
4 ms. Memory: 208384K Free: 196341K (94%)
ptolemy.util.test.WatchDog.cancel(): canceling Tue Apr 30 23:56:02 UTC 2019
auto.tcl: Setting watchdog for 200 seconds at Tue Apr 30 23:56:02 UTC 2019
3 ms. Memory: 208384K Free: 196341K (94%)
ptolemy.util.test.WatchDog.cancel(): canceling Tue Apr 30 23:56:02 UTC 2019
------------------ testing $PTII/ptolemy/domains/de/test/auto/DepthTest6.xml
auto.tcl: Setting watchdog for 200 seconds at Tue Apr 30 23:56:02 UTC 2019
12 ms. Memory: 208384K Free: 196317K (94%)
ptolemy.util.test.WatchDog.cancel(): canceling Tue Apr 30 23:56:02 UTC 2019
auto.tcl: Setting watchdog for 200 seconds at Tue Apr 30 23:56:02 UTC 2019
2 ms. Memory: 208384K Free: 196317K (94%)
ptolemy.util.test.WatchDog.cancel(): canceling Tue Apr 30 23:56:02 UTC 2019
------------------ testing $PTII/ptolemy/domains/de/test/auto/DepthTest7.xml
auto.tcl: Setting watchdog for 200 seconds at Tue Apr 30 23:56:02 UTC 2019
3 ms. Memory: 208384K Free: 196298K (94%)
ptolemy.util.test.WatchDog.cancel(): canceling Tue Apr 30 23:56:02 UTC 2019
auto.tcl: Setting watchdog for 200 seconds at Tue Apr 30 23:56:02 UTC 2019
2 ms. Memory: 208384K Free: 196298K (94%)
ptolemy.util.test.WatchDog.cancel(): canceling Tue Apr 30 23:56:02 UTC 2019
------------------ testing $PTII/ptolemy/domains/de/test/auto/EventToDate.xml
auto.tcl: Setting watchdog for 200 seconds at Tue Apr 30 23:56:02 UTC 2019
3006 ms. Memory: 208384K Free: 188119K (90%)
ptolemy.util.test.WatchDog.cancel(): canceling Tue Apr 30 23:56:05 UTC 2019
auto.tcl: Setting watchdog for 200 seconds at Tue Apr 30 23:56:05 UTC 2019
3008 ms. Memory: 208384K Free: 186073K (89%)
ptolemy.util.test.WatchDog.cancel(): canceling Tue Apr 30 23:56:09 UTC 2019
------------------ testing $PTII/ptolemy/domains/de/test/auto/FSM1.xml
auto.tcl: Setting watchdog for 200 seconds at Tue Apr 30 23:56:09 UTC 2019
33 ms. Memory: 208384K Free: 189456K (91%)
ptolemy.util.test.WatchDog.cancel(): canceling Tue Apr 30 23:56:09 UTC 2019
auto.tcl: Setting watchdog for 200 seconds at Tue Apr 30 23:56:09 UTC 2019
24 ms. Memory: 208384K Free: 185364K (89%)
ptolemy.util.test.WatchDog.cancel(): canceling Tue Apr 30 23:56:09 UTC 2019
------------------ testing $PTII/ptolemy/domains/de/test/auto/FSM7.xml
auto.tcl: Setting watchdog for 200 seconds at Tue Apr 30 23:56:09 UTC 2019
16 ms. Memory: 208384K Free: 189658K (91%)
ptolemy.util.test.WatchDog.cancel(): canceling Tue Apr 30 23:56:09 UTC 2019
auto.tcl: Setting watchdog for 200 seconds at Tue Apr 30 23:56:09 UTC 2019
24 ms. Memory: 208384K Free: 185566K (89%)
ptolemy.util.test.WatchDog.cancel(): canceling Tue Apr 30 23:56:09 UTC 2019
------------------ testing $PTII/ptolemy/domains/de/test/auto/Inspection.xml
auto.tcl: Setting watchdog for 200 seconds at Tue Apr 30 23:56:09 UTC 2019
29 ms. Memory: 208384K Free: 189329K (91%)
ptolemy.util.test.WatchDog.cancel(): canceling Tue Apr 30 23:56:09 UTC 2019
auto.tcl: Setting watchdog for 200 seconds at Tue Apr 30 23:56:09 UTC 2019
22 ms. Memory: 208384K Free: 187283K (90%)
ptolemy.util.test.WatchDog.cancel(): canceling Tue Apr 30 23:56:09 UTC 2019
------------------ testing $PTII/ptolemy/domains/de/test/auto/Iteration.xml
auto.tcl: Setting watchdog for 200 seconds at Tue Apr 30 23:56:09 UTC 2019
8 ms. Memory: 208384K Free: 196102K (94%)
ptolemy.util.test.WatchDog.cancel(): canceling Tue Apr 30 23:56:09 UTC 2019
auto.tcl: Setting watchdog for 200 seconds at Tue Apr 30 23:56:09 UTC 2019
7 ms. Memory: 208384K Free: 194056K (93%)
ptolemy.util.test.WatchDog.cancel(): canceling Tue Apr 30 23:56:09 UTC 2019
------------------ testing $PTII/ptolemy/domains/de/test/auto/LineFault.xml
auto.tcl: Setting watchdog for 200 seconds at Tue Apr 30 23:56:09 UTC 2019
776 ms. Memory: 208384K Free: 199813K (96%)
ptolemy.util.test.WatchDog.cancel(): canceling Tue Apr 30 23:56:10 UTC 2019
auto.tcl: Setting watchdog for 200 seconds at Tue Apr 30 23:56:10 UTC 2019
559 ms. Memory: 208384K Free: 142266K (68%)
ptolemy.util.test.WatchDog.cancel(): canceling Tue Apr 30 23:56:11 UTC 2019
------------------ testing $PTII/ptolemy/domains/de/test/auto/MergeModel1Add.xml
auto.tcl: Setting watchdog for 200 seconds at Tue Apr 30 23:56:11 UTC 2019
30 ms. Memory: 331264K Free: 300746K (91%)
ptolemy.util.test.WatchDog.cancel(): canceling Tue Apr 30 23:56:11 UTC 2019
auto.tcl: Setting watchdog for 200 seconds at Tue Apr 30 23:56:11 UTC 2019
16 ms. Memory: 331264K Free: 300746K (91%)
ptolemy.util.test.WatchDog.cancel(): canceling Tue Apr 30 23:56:11 UTC 2019
------------------ testing $PTII/ptolemy/domains/de/test/auto/MergeModel2Add.xml
auto.tcl: Setting watchdog for 200 seconds at Tue Apr 30 23:56:11 UTC 2019
11 ms. Memory: 331264K Free: 305692K (92%)
ptolemy.util.test.WatchDog.cancel(): canceling Tue Apr 30 23:56:11 UTC 2019
auto.tcl: Setting watchdog for 200 seconds at Tue Apr 30 23:56:11 UTC 2019
10 ms. Memory: 331264K Free: 302117K (91%)
ptolemy.util.test.WatchDog.cancel(): canceling Tue Apr 30 23:56:11 UTC 2019
------------------ testing $PTII/ptolemy/domains/de/test/auto/MergeModel3Add.xml
auto.tcl: Setting watchdog for 200 seconds at Tue Apr 30 23:56:11 UTC 2019
10 ms. Memory: 331264K Free: 305702K (92%)
ptolemy.util.test.WatchDog.cancel(): canceling Tue Apr 30 23:56:11 UTC 2019
auto.tcl: Setting watchdog for 200 seconds at Tue Apr 30 23:56:11 UTC 2019
10 ms. Memory: 331264K Free: 302126K (91%)
ptolemy.util.test.WatchDog.cancel(): canceling Tue Apr 30 23:56:11 UTC 2019
------------------ testing $PTII/ptolemy/domains/de/test/auto/MergeWithoutDiscard.xml
auto.tcl: Setting watchdog for 200 seconds at Tue Apr 30 23:56:11 UTC 2019
2 ms. Memory: 331264K Free: 316025K (95%)
ptolemy.util.test.WatchDog.cancel(): canceling Tue Apr 30 23:56:11 UTC 2019
auto.tcl: Setting watchdog for 200 seconds at Tue Apr 30 23:56:11 UTC 2019
1 ms. Memory: 331264K Free: 316025K (95%)
ptolemy.util.test.WatchDog.cancel(): canceling Tue Apr 30 23:56:11 UTC 2019
------------------ testing $PTII/ptolemy/domains/de/test/auto/Modal1.xml
auto.tcl: Setting watchdog for 200 seconds at Tue Apr 30 23:56:11 UTC 2019
13 ms. Memory: 331264K Free: 310272K (94%)
ptolemy.util.test.WatchDog.cancel(): canceling Tue Apr 30 23:56:11 UTC 2019
auto.tcl: Setting watchdog for 200 seconds at Tue Apr 30 23:56:11 UTC 2019
14 ms. Memory: 331264K Free: 306697K (93%)
ptolemy.util.test.WatchDog.cancel(): canceling Tue Apr 30 23:56:11 UTC 2019
------------------ testing $PTII/ptolemy/domains/de/test/auto/Modal2.xml
auto.tcl: Setting watchdog for 200 seconds at Tue Apr 30 23:56:11 UTC 2019
16 ms. Memory: 331264K Free: 310147K (94%)
ptolemy.util.test.WatchDog.cancel(): canceling Tue Apr 30 23:56:12 UTC 2019
auto.tcl: Setting watchdog for 200 seconds at Tue Apr 30 23:56:12 UTC 2019
19 ms. Memory: 331264K Free: 306572K (93%)
ptolemy.util.test.WatchDog.cancel(): canceling Tue Apr 30 23:56:12 UTC 2019
------------------ testing $PTII/ptolemy/domains/de/test/auto/Modal3.xml
auto.tcl: Setting watchdog for 200 seconds at Tue Apr 30 23:56:12 UTC 2019
16 ms. Memory: 331264K Free: 310146K (94%)
ptolemy.util.test.WatchDog.cancel(): canceling Tue Apr 30 23:56:12 UTC 2019
auto.tcl: Setting watchdog for 200 seconds at Tue Apr 30 23:56:12 UTC 2019
14 ms. Memory: 331264K Free: 306570K (93%)
ptolemy.util.test.WatchDog.cancel(): canceling Tue Apr 30 23:56:12 UTC 2019
------------------ testing $PTII/ptolemy/domains/de/test/auto/Modal4.xml
auto.tcl: Setting watchdog for 200 seconds at Tue Apr 30 23:56:12 UTC 2019
23 ms. Memory: 331264K Free: 310159K (94%)
ptolemy.util.test.WatchDog.cancel(): canceling Tue Apr 30 23:56:12 UTC 2019
auto.tcl: Setting watchdog for 200 seconds at Tue Apr 30 23:56:12 UTC 2019
20 ms. Memory: 331264K Free: 306584K (93%)
ptolemy.util.test.WatchDog.cancel(): canceling Tue Apr 30 23:56:12 UTC 2019
------------------ testing $PTII/ptolemy/domains/de/test/auto/Modal5.xml
auto.tcl: Setting watchdog for 200 seconds at Tue Apr 30 23:56:12 UTC 2019
23 ms. Memory: 331264K Free: 310161K (94%)
ptolemy.util.test.WatchDog.cancel(): canceling Tue Apr 30 23:56:12 UTC 2019
auto.tcl: Setting watchdog for 200 seconds at Tue Apr 30 23:56:12 UTC 2019
15 ms. Memory: 331264K Free: 306585K (93%)
ptolemy.util.test.WatchDog.cancel(): canceling Tue Apr 30 23:56:12 UTC 2019
------------------ testing $PTII/ptolemy/domains/de/test/auto/Modal6.xml
auto.tcl: Setting watchdog for 200 seconds at Tue Apr 30 23:56:12 UTC 2019
15 ms. Memory: 331264K Free: 309937K (94%)
ptolemy.util.test.WatchDog.cancel(): canceling Tue Apr 30 23:56:12 UTC 2019
auto.tcl: Setting watchdog for 200 seconds at Tue Apr 30 23:56:12 UTC 2019
19 ms. Memory: 331264K Free: 306362K (92%)
ptolemy.util.test.WatchDog.cancel(): canceling Tue Apr 30 23:56:12 UTC 2019
------------------ testing $PTII/ptolemy/domains/de/test/auto/Modal7.xml
auto.tcl: Setting watchdog for 200 seconds at Tue Apr 30 23:56:12 UTC 2019
17 ms. Memory: 331264K Free: 306361K (92%)
ptolemy.util.test.WatchDog.cancel(): canceling Tue Apr 30 23:56:12 UTC 2019
auto.tcl: Setting watchdog for 200 seconds at Tue Apr 30 23:56:12 UTC 2019
11 ms. Memory: 331264K Free: 302786K (91%)
ptolemy.util.test.WatchDog.cancel(): canceling Tue Apr 30 23:56:12 UTC 2019
------------------ testing $PTII/ptolemy/domains/de/test/auto/ModalModel.xml
auto.tcl: Setting watchdog for 200 seconds at Tue Apr 30 23:56:12 UTC 2019
215 ms. Memory: 331264K Free: 247568K (75%)
ptolemy.util.test.WatchDog.cancel(): canceling Tue Apr 30 23:56:13 UTC 2019
auto.tcl: Setting watchdog for 200 seconds at Tue Apr 30 23:56:13 UTC 2019
187 ms. Memory: 331264K Free: 190216K (57%)
ptolemy.util.test.WatchDog.cancel(): canceling Tue Apr 30 23:56:13 UTC 2019
------------------ testing $PTII/ptolemy/domains/de/test/auto/ModalSource.xml
auto.tcl: Setting watchdog for 200 seconds at Tue Apr 30 23:56:13 UTC 2019
7 ms. Memory: 331264K Free: 316649K (96%)
ptolemy.util.test.WatchDog.cancel(): canceling Tue Apr 30 23:56:13 UTC 2019
auto.tcl: Setting watchdog for 200 seconds at Tue Apr 30 23:56:13 UTC 2019
7 ms. Memory: 331264K Free: 313359K (95%)
ptolemy.util.test.WatchDog.cancel(): canceling Tue Apr 30 23:56:13 UTC 2019
------------------ testing $PTII/ptolemy/domains/de/test/auto/NonInterruptibleTimerZeroDelay.xml
auto.tcl: Setting watchdog for 200 seconds at Tue Apr 30 23:56:13 UTC 2019
3 ms. Memory: 331264K Free: 320591K (97%)
ptolemy.util.test.WatchDog.cancel(): canceling Tue Apr 30 23:56:13 UTC 2019
auto.tcl: Setting watchdog for 200 seconds at Tue Apr 30 23:56:13 UTC 2019
2 ms. Memory: 331264K Free: 317301K (96%)
ptolemy.util.test.WatchDog.cancel(): canceling Tue Apr 30 23:56:13 UTC 2019
------------------ testing $PTII/ptolemy/domains/de/test/auto/OpenQueueingNetwork.xml
auto.tcl: Setting watchdog for 200 seconds at Tue Apr 30 23:56:13 UTC 2019
2747 ms. Memory: 573952K Free: 390552K (68%)
ptolemy.util.test.WatchDog.cancel(): canceling Tue Apr 30 23:56:16 UTC 2019
auto.tcl: Setting watchdog for 200 seconds at Tue Apr 30 23:56:16 UTC 2019
2530 ms. Memory: 550912K Free: 269727K (49%)
ptolemy.util.test.WatchDog.cancel(): canceling Tue Apr 30 23:56:18 UTC 2019
------------------ testing $PTII/ptolemy/domains/de/test/auto/OpenQueuingNetwork.xml
auto.tcl: Setting watchdog for 200 seconds at Tue Apr 30 23:56:18 UTC 2019
245 ms. Memory: 549888K Free: 444587K (81%)
ptolemy.util.test.WatchDog.cancel(): canceling Tue Apr 30 23:56:19 UTC 2019
auto.tcl: Setting watchdog for 200 seconds at Tue Apr 30 23:56:19 UTC 2019
239 ms. Memory: 549888K Free: 385930K (70%)
ptolemy.util.test.WatchDog.cancel(): canceling Tue Apr 30 23:56:19 UTC 2019
------------------ testing $PTII/ptolemy/domains/de/test/auto/PeriodicSampler.xml
auto.tcl: Setting watchdog for 200 seconds at Tue Apr 30 23:56:19 UTC 2019
4 ms. Memory: 551936K Free: 525826K (95%)
ptolemy.util.test.WatchDog.cancel(): canceling Tue Apr 30 23:56:19 UTC 2019
auto.tcl: Setting watchdog for 200 seconds at Tue Apr 30 23:56:19 UTC 2019
2 ms. Memory: 551936K Free: 525826K (95%)
ptolemy.util.test.WatchDog.cancel(): canceling Tue Apr 30 23:56:19 UTC 2019
------------------ testing $PTII/ptolemy/domains/de/test/auto/PersistentIO.xml
auto.tcl: Setting watchdog for 200 seconds at Tue Apr 30 23:56:19 UTC 2019
5 ms. Memory: 549376K Free: 526700K (96%)
ptolemy.util.test.WatchDog.cancel(): canceling Tue Apr 30 23:56:19 UTC 2019
auto.tcl: Setting watchdog for 200 seconds at Tue Apr 30 23:56:19 UTC 2019
4 ms. Memory: 549376K Free: 526700K (96%)
ptolemy.util.test.WatchDog.cancel(): canceling Tue Apr 30 23:56:19 UTC 2019
------------------ testing $PTII/ptolemy/domains/de/test/auto/PortParameterResetOnInitialize.xml
auto.tcl: Setting watchdog for 200 seconds at Tue Apr 30 23:56:19 UTC 2019
7 ms. Memory: 551424K Free: 530455K (96%)
ptolemy.util.test.WatchDog.cancel(): canceling Tue Apr 30 23:56:19 UTC 2019
auto.tcl: Setting watchdog for 200 seconds at Tue Apr 30 23:56:19 UTC 2019
1 ms. Memory: 551424K Free: 530455K (96%)
ptolemy.util.test.WatchDog.cancel(): canceling Tue Apr 30 23:56:19 UTC 2019
------------------ testing $PTII/ptolemy/domains/de/test/auto/PortParameterUpdates.xml
auto.tcl: Setting watchdog for 200 seconds at Tue Apr 30 23:56:19 UTC 2019
3 ms. Memory: 549376K Free: 532677K (97%)
ptolemy.util.test.WatchDog.cancel(): canceling Tue Apr 30 23:56:19 UTC 2019
auto.tcl: Setting watchdog for 200 seconds at Tue Apr 30 23:56:19 UTC 2019
4 ms. Memory: 549376K Free: 532677K (97%)
ptolemy.util.test.WatchDog.cancel(): canceling Tue Apr 30 23:56:19 UTC 2019
------------------ testing $PTII/ptolemy/domains/de/test/auto/QueueAndServer.xml
auto.tcl: Setting watchdog for 200 seconds at Tue Apr 30 23:56:19 UTC 2019
14 ms. Memory: 551424K Free: 534688K (97%)
ptolemy.util.test.WatchDog.cancel(): canceling Tue Apr 30 23:56:19 UTC 2019
auto.tcl: Setting watchdog for 200 seconds at Tue Apr 30 23:56:19 UTC 2019
6 ms. Memory: 551424K Free: 528163K (96%)
ptolemy.util.test.WatchDog.cancel(): canceling Tue Apr 30 23:56:19 UTC 2019
------------------ testing $PTII/ptolemy/domains/de/test/auto/Records.xml
auto.tcl: Setting watchdog for 200 seconds at Tue Apr 30 23:56:19 UTC 2019
5 ms. Memory: 549376K Free: 532583K (97%)
ptolemy.util.test.WatchDog.cancel(): canceling Tue Apr 30 23:56:19 UTC 2019
auto.tcl: Setting watchdog for 200 seconds at Tue Apr 30 23:56:19 UTC 2019
2 ms. Memory: 549376K Free: 532583K (97%)
ptolemy.util.test.WatchDog.cancel(): canceling Tue Apr 30 23:56:19 UTC 2019
------------------ testing $PTII/ptolemy/domains/de/test/auto/ResetTransitionWithStartTime1.xml
auto.tcl: Setting watchdog for 200 seconds at Tue Apr 30 23:56:20 UTC 2019
12 ms. Memory: 551424K Free: 528138K (96%)
ptolemy.util.test.WatchDog.cancel(): canceling Tue Apr 30 23:56:20 UTC 2019
auto.tcl: Setting watchdog for 200 seconds at Tue Apr 30 23:56:20 UTC 2019
7 ms. Memory: 551424K Free: 528138K (96%)
ptolemy.util.test.WatchDog.cancel(): canceling Tue Apr 30 23:56:20 UTC 2019
------------------ testing $PTII/ptolemy/domains/de/test/auto/ResetTransitionWithStartTime2.xml
auto.tcl: Setting watchdog for 200 seconds at Tue Apr 30 23:56:20 UTC 2019
7 ms. Memory: 549376K Free: 533142K (97%)
ptolemy.util.test.WatchDog.cancel(): canceling Tue Apr 30 23:56:20 UTC 2019
auto.tcl: Setting watchdog for 200 seconds at Tue Apr 30 23:56:20 UTC 2019
9 ms. Memory: 549376K Free: 517265K (94%)
ptolemy.util.test.WatchDog.cancel(): canceling Tue Apr 30 23:56:20 UTC 2019
------------------ testing $PTII/ptolemy/domains/de/test/auto/ResetTransitionWithStartTime3.xml
auto.tcl: Setting watchdog for 200 seconds at Tue Apr 30 23:56:20 UTC 2019
7 ms. Memory: 550912K Free: 534676K (97%)
ptolemy.util.test.WatchDog.cancel(): canceling Tue Apr 30 23:56:20 UTC 2019
auto.tcl: Setting watchdog for 200 seconds at Tue Apr 30 23:56:20 UTC 2019
7 ms. Memory: 550912K Free: 528159K (96%)
ptolemy.util.test.WatchDog.cancel(): canceling Tue Apr 30 23:56:20 UTC 2019
------------------ testing $PTII/ptolemy/domains/de/test/auto/ResetTransitionWithStartTime4.xml
auto.tcl: Setting watchdog for 200 seconds at Tue Apr 30 23:56:20 UTC 2019
5 ms. Memory: 549376K Free: 526062K (96%)
ptolemy.util.test.WatchDog.cancel(): canceling Tue Apr 30 23:56:20 UTC 2019
auto.tcl: Setting watchdog for 200 seconds at Tue Apr 30 23:56:20 UTC 2019
4 ms. Memory: 549376K Free: 526062K (96%)
ptolemy.util.test.WatchDog.cancel(): canceling Tue Apr 30 23:56:20 UTC 2019
------------------ testing $PTII/ptolemy/domains/de/test/auto/ResettableTimer1.xml
auto.tcl: Setting watchdog for 200 seconds at Tue Apr 30 23:56:20 UTC 2019
3 ms. Memory: 550912K Free: 534127K (97%)
ptolemy.util.test.WatchDog.cancel(): canceling Tue Apr 30 23:56:20 UTC 2019
auto.tcl: Setting watchdog for 200 seconds at Tue Apr 30 23:56:20 UTC 2019
2 ms. Memory: 550912K Free: 534127K (97%)
ptolemy.util.test.WatchDog.cancel(): canceling Tue Apr 30 23:56:20 UTC 2019
------------------ testing $PTII/ptolemy/domains/de/test/auto/ResettableTimer2.xml
auto.tcl: Setting watchdog for 200 seconds at Tue Apr 30 23:56:20 UTC 2019
3 ms. Memory: 549376K Free: 533193K (97%)
ptolemy.util.test.WatchDog.cancel(): canceling Tue Apr 30 23:56:20 UTC 2019
auto.tcl: Setting watchdog for 200 seconds at Tue Apr 30 23:56:20 UTC 2019
2 ms. Memory: 549376K Free: 533193K (97%)
ptolemy.util.test.WatchDog.cancel(): canceling Tue Apr 30 23:56:20 UTC 2019
------------------ testing $PTII/ptolemy/domains/de/test/auto/ResettableTimer3.xml
auto.tcl: Setting watchdog for 200 seconds at Tue Apr 30 23:56:20 UTC 2019
1 ms. Memory: 550912K Free: 534185K (97%)
ptolemy.util.test.WatchDog.cancel(): canceling Tue Apr 30 23:56:20 UTC 2019
auto.tcl: Setting watchdog for 200 seconds at Tue Apr 30 23:56:20 UTC 2019
2 ms. Memory: 550912K Free: 534185K (97%)
ptolemy.util.test.WatchDog.cancel(): canceling Tue Apr 30 23:56:20 UTC 2019
------------------ testing $PTII/ptolemy/domains/de/test/auto/ResettableTimer4.xml
auto.tcl: Setting watchdog for 200 seconds at Tue Apr 30 23:56:20 UTC 2019
6 ms. Memory: 549376K Free: 533205K (97%)
ptolemy.util.test.WatchDog.cancel(): canceling Tue Apr 30 23:56:20 UTC 2019
auto.tcl: Setting watchdog for 200 seconds at Tue Apr 30 23:56:20 UTC 2019
1 ms. Memory: 549376K Free: 533205K (97%)
ptolemy.util.test.WatchDog.cancel(): canceling Tue Apr 30 23:56:20 UTC 2019
------------------ testing $PTII/ptolemy/domains/de/test/auto/ResettableTimer5.xml
auto.tcl: Setting watchdog for 200 seconds at Tue Apr 30 23:56:20 UTC 2019
1 ms. Memory: 550400K Free: 529004K (96%)
ptolemy.util.test.WatchDog.cancel(): canceling Tue Apr 30 23:56:20 UTC 2019
auto.tcl: Setting watchdog for 200 seconds at Tue Apr 30 23:56:20 UTC 2019
1 ms. Memory: 550400K Free: 529004K (96%)
ptolemy.util.test.WatchDog.cancel(): canceling Tue Apr 30 23:56:20 UTC 2019
------------------ testing $PTII/ptolemy/domains/de/test/auto/ResettableTimer6.xml
auto.tcl: Setting watchdog for 200 seconds at Tue Apr 30 23:56:20 UTC 2019
1 ms. Memory: 549376K Free: 532609K (97%)
ptolemy.util.test.WatchDog.cancel(): canceling Tue Apr 30 23:56:20 UTC 2019
auto.tcl: Setting watchdog for 200 seconds at Tue Apr 30 23:56:20 UTC 2019
2 ms. Memory: 549376K Free: 532609K (97%)
ptolemy.util.test.WatchDog.cancel(): canceling Tue Apr 30 23:56:20 UTC 2019
------------------ testing $PTII/ptolemy/domains/de/test/auto/ServerZeroDelay.xml
auto.tcl: Setting watchdog for 200 seconds at Tue Apr 30 23:56:20 UTC 2019
4 ms. Memory: 550400K Free: 534167K (97%)
ptolemy.util.test.WatchDog.cancel(): canceling Tue Apr 30 23:56:20 UTC 2019
auto.tcl: Setting watchdog for 200 seconds at Tue Apr 30 23:56:20 UTC 2019
2 ms. Memory: 550400K Free: 534167K (97%)
ptolemy.util.test.WatchDog.cancel(): canceling Tue Apr 30 23:56:20 UTC 2019
------------------ testing $PTII/ptolemy/domains/de/test/auto/SmartSender.xml
auto.tcl: Setting watchdog for 200 seconds at Tue Apr 30 23:56:20 UTC 2019
3001 ms. Memory: 549376K Free: 533138K (97%)
ptolemy.util.test.WatchDog.cancel(): canceling Tue Apr 30 23:56:23 UTC 2019
auto.tcl: Setting watchdog for 200 seconds at Tue Apr 30 23:56:23 UTC 2019
3001 ms. Memory: 549376K Free: 533138K (97%)
ptolemy.util.test.WatchDog.cancel(): canceling Tue Apr 30 23:56:26 UTC 2019
------------------ testing $PTII/ptolemy/domains/de/test/auto/ThreadedComposite.xml
auto.tcl: Setting watchdog for 200 seconds at Tue Apr 30 23:56:26 UTC 2019
235 ms. Memory: 550400K Free: 513076K (93%)
ptolemy.util.test.WatchDog.cancel(): canceling Tue Apr 30 23:56:27 UTC 2019
auto.tcl: Setting watchdog for 200 seconds at Tue Apr 30 23:56:27 UTC 2019
109 ms. Memory: 550400K Free: 497198K (90%)
ptolemy.util.test.WatchDog.cancel(): canceling Tue Apr 30 23:56:27 UTC 2019
------------------ testing $PTII/ptolemy/domains/de/test/auto/Time.xml
auto.tcl: Setting watchdog for 200 seconds at Tue Apr 30 23:56:27 UTC 2019
464 ms. Memory: 549376K Free: 476163K (87%)
ptolemy.util.test.WatchDog.cancel(): canceling Tue Apr 30 23:56:27 UTC 2019
auto.tcl: Setting watchdog for 200 seconds at Tue Apr 30 23:56:27 UTC 2019
415 ms. Memory: 549376K Free: 417507K (76%)
ptolemy.util.test.WatchDog.cancel(): canceling Tue Apr 30 23:56:28 UTC 2019
------------------ testing $PTII/ptolemy/domains/de/test/auto/TimeDelayZeroDelay.xml
auto.tcl: Setting watchdog for 200 seconds at Tue Apr 30 23:56:28 UTC 2019
2 ms. Memory: 550400K Free: 533541K (97%)
ptolemy.util.test.WatchDog.cancel(): canceling Tue Apr 30 23:56:28 UTC 2019
auto.tcl: Setting watchdog for 200 seconds at Tue Apr 30 23:56:28 UTC 2019
2 ms. Memory: 550400K Free: 533541K (97%)
ptolemy.util.test.WatchDog.cancel(): canceling Tue Apr 30 23:56:28 UTC 2019
------------------ testing $PTII/ptolemy/domains/de/test/auto/TimerZeroDelay.xml
auto.tcl: Setting watchdog for 200 seconds at Tue Apr 30 23:56:28 UTC 2019
2 ms. Memory: 549376K Free: 533104K (97%)
ptolemy.util.test.WatchDog.cancel(): canceling Tue Apr 30 23:56:28 UTC 2019
auto.tcl: Setting watchdog for 200 seconds at Tue Apr 30 23:56:28 UTC 2019
2 ms. Memory: 549376K Free: 533104K (97%)
ptolemy.util.test.WatchDog.cancel(): canceling Tue Apr 30 23:56:28 UTC 2019
------------------ testing $PTII/ptolemy/domains/de/test/auto/TimingParadox.xml
auto.tcl: Setting watchdog for 200 seconds at Tue Apr 30 23:56:28 UTC 2019
329 ms. Memory: 549888K Free: 462992K (84%)
ptolemy.util.test.WatchDog.cancel(): canceling Tue Apr 30 23:56:28 UTC 2019
auto.tcl: Setting watchdog for 200 seconds at Tue Apr 30 23:56:28 UTC 2019
338 ms. Memory: 549888K Free: 423888K (77%)
ptolemy.util.test.WatchDog.cancel(): canceling Tue Apr 30 23:56:29 UTC 2019
------------------ testing $PTII/ptolemy/domains/de/test/auto/TransferInputs.xml
auto.tcl: Setting watchdog for 200 seconds at Tue Apr 30 23:56:29 UTC 2019
1 ms. Memory: 549888K Free: 532578K (97%)
ptolemy.util.test.WatchDog.cancel(): canceling Tue Apr 30 23:56:29 UTC 2019
auto.tcl: Setting watchdog for 200 seconds at Tue Apr 30 23:56:29 UTC 2019
1 ms. Memory: 549888K Free: 532578K (97%)
ptolemy.util.test.WatchDog.cancel(): canceling Tue Apr 30 23:56:29 UTC 2019
------------------ testing $PTII/ptolemy/domains/de/test/auto/TransferOutputs2.xml
auto.tcl: Setting watchdog for 200 seconds at Tue Apr 30 23:56:29 UTC 2019
3 ms. Memory: 549376K Free: 521970K (95%)
ptolemy.util.test.WatchDog.cancel(): canceling Tue Apr 30 23:56:29 UTC 2019
auto.tcl: Setting watchdog for 200 seconds at Tue Apr 30 23:56:29 UTC 2019
3 ms. Memory: 549376K Free: 521970K (95%)
ptolemy.util.test.WatchDog.cancel(): canceling Tue Apr 30 23:56:29 UTC 2019
------------------ testing $PTII/ptolemy/domains/de/test/auto/Trilateration.xml
auto.tcl: Setting watchdog for 200 seconds at Tue Apr 30 23:56:29 UTC 2019
13621 ms. Memory: 766976K Free: 162134K (21%)
ptolemy.util.test.WatchDog.cancel(): canceling Tue Apr 30 23:56:43 UTC 2019
auto.tcl: Setting watchdog for 200 seconds at Tue Apr 30 23:56:43 UTC 2019
11018 ms. Memory: 623104K Free: 556109K (89%)
ptolemy.util.test.WatchDog.cancel(): canceling Tue Apr 30 23:56:54 UTC 2019
------------------ testing $PTII/ptolemy/domains/de/test/auto/TwoSigmaDelta.xml
auto.tcl: Setting watchdog for 200 seconds at Tue Apr 30 23:56:55 UTC 2019
2967 ms. Memory: 619520K Free: 303681K (49%)
ptolemy.util.test.WatchDog.cancel(): canceling Tue Apr 30 23:56:58 UTC 2019
auto.tcl: Setting watchdog for 200 seconds at Tue Apr 30 23:56:58 UTC 2019
2179 ms. Memory: 619520K Free: 77067K (12%)
ptolemy.util.test.WatchDog.cancel(): canceling Tue Apr 30 23:57:00 UTC 2019
------------------ testing $PTII/ptolemy/domains/de/test/auto/VariableDelay.xml
auto.tcl: Setting watchdog for 200 seconds at Tue Apr 30 23:57:00 UTC 2019
3 ms. Memory: 623104K Free: 598544K (96%)
ptolemy.util.test.WatchDog.cancel(): canceling Tue Apr 30 23:57:00 UTC 2019
auto.tcl: Setting watchdog for 200 seconds at Tue Apr 30 23:57:00 UTC 2019
2 ms. Memory: 623104K Free: 598544K (96%)
ptolemy.util.test.WatchDog.cancel(): canceling Tue Apr 30 23:57:00 UTC 2019
------------------ testing $PTII/ptolemy/domains/de/test/auto/VariableDelay2.xml
auto.tcl: Setting watchdog for 200 seconds at Tue Apr 30 23:57:00 UTC 2019
8 ms. Memory: 619520K Free: 600826K (97%)
ptolemy.util.test.WatchDog.cancel(): canceling Tue Apr 30 23:57:00 UTC 2019
auto.tcl: Setting watchdog for 200 seconds at Tue Apr 30 23:57:00 UTC 2019
2 ms. Memory: 619520K Free: 600826K (97%)
ptolemy.util.test.WatchDog.cancel(): canceling Tue Apr 30 23:57:00 UTC 2019
------------------ testing $PTII/ptolemy/domains/de/test/auto/VariableDelayZeroDelay.xml
auto.tcl: Setting watchdog for 200 seconds at Tue Apr 30 23:57:00 UTC 2019
2 ms. Memory: 622592K Free: 598516K (96%)
ptolemy.util.test.WatchDog.cancel(): canceling Tue Apr 30 23:57:00 UTC 2019
auto.tcl: Setting watchdog for 200 seconds at Tue Apr 30 23:57:00 UTC 2019
2 ms. Memory: 622592K Free: 598443K (96%)
ptolemy.util.test.WatchDog.cancel(): canceling Tue Apr 30 23:57:00 UTC 2019
------------------ testing $PTII/ptolemy/domains/de/test/auto/VariableDelayZeroDelay2.xml
auto.tcl: Setting watchdog for 200 seconds at Tue Apr 30 23:57:00 UTC 2019
2 ms. Memory: 619520K Free: 600823K (97%)
ptolemy.util.test.WatchDog.cancel(): canceling Tue Apr 30 23:57:00 UTC 2019
auto.tcl: Setting watchdog for 200 seconds at Tue Apr 30 23:57:00 UTC 2019
2 ms. Memory: 619520K Free: 600823K (97%)
ptolemy.util.test.WatchDog.cancel(): canceling Tue Apr 30 23:57:00 UTC 2019
------------------ testing $PTII/ptolemy/domains/de/test/auto/deInCt.xml
auto.tcl: Setting watchdog for 200 seconds at Tue Apr 30 23:57:00 UTC 2019
0
1
1
1
0
0
0
0
1
1
1
0
0
0
0
0
0
1
1
1
0
0
0
1
1
1
0
0
0
0
1
1
0
0
0
0
1
1
1
0
0
0
0
19 ms. Memory: 622080K Free: 597927K (96%)
ptolemy.util.test.WatchDog.cancel(): canceling Tue Apr 30 23:57:00 UTC 2019
auto.tcl: Setting watchdog for 200 seconds at Tue Apr 30 23:57:00 UTC 2019
0
1
1
1
0
0
1
1
0
0
0
1
1
0
0
1
1
1
0
0
0
1
1
1
0
0
0
1
1
1
0
0
0
1
1
1
0
0
0
0
1
1
1
1
1
1
0
0
0
0
10 ms. Memory: 622080K Free: 597927K (96%)
ptolemy.util.test.WatchDog.cancel(): canceling Tue Apr 30 23:57:00 UTC 2019
------------------ testing $PTII/ptolemy/domains/de/test/auto/deInCt2.xml
auto.tcl: Setting watchdog for 200 seconds at Tue Apr 30 23:57:00 UTC 2019
0
1
1
1
0
0
1
1
1
0
0
1
1
1
0
0
1
1
1
0
0
1
1
1
0
0
1
1
1
0
0
1
1
1
0
0
1
1
1
0
0
0
9 ms. Memory: 619520K Free: 600747K (97%)
ptolemy.util.test.WatchDog.cancel(): canceling Tue Apr 30 23:57:00 UTC 2019
auto.tcl: Setting watchdog for 200 seconds at Tue Apr 30 23:57:00 UTC 2019
0
1
1
1
0
0
1
1
1
0
0
1
1
1
0
0
1
1
1
0
0
1
1
1
0
0
1
1
1
0
0
1
1
1
0
0
1
1
1
0
0
0
7 ms. Memory: 619520K Free: 600747K (97%)
ptolemy.util.test.WatchDog.cancel(): canceling Tue Apr 30 23:57:00 UTC 2019
------------------ testing $PTII/ptolemy/domains/de/test/auto/dynamicCausalityInterface1.xml
auto.tcl: Setting watchdog for 200 seconds at Tue Apr 30 23:57:00 UTC 2019
1 ms. Memory: 621568K Free: 594677K (96%)
ptolemy.util.test.WatchDog.cancel(): canceling Tue Apr 30 23:57:00 UTC 2019
auto.tcl: Setting watchdog for 200 seconds at Tue Apr 30 23:57:00 UTC 2019
1 ms. Memory: 621568K Free: 594677K (96%)
ptolemy.util.test.WatchDog.cancel(): canceling Tue Apr 30 23:57:00 UTC 2019
------------------ testing $PTII/ptolemy/domains/de/test/auto/fsm_de_test.xml
auto.tcl: Setting watchdog for 200 seconds at Tue Apr 30 23:57:00 UTC 2019
16 ms. Memory: 619520K Free: 595328K (96%)
ptolemy.util.test.WatchDog.cancel(): canceling Tue Apr 30 23:57:00 UTC 2019
auto.tcl: Setting watchdog for 200 seconds at Tue Apr 30 23:57:00 UTC 2019
5 ms. Memory: 619520K Free: 587150K (95%)
ptolemy.util.test.WatchDog.cancel(): canceling Tue Apr 30 23:57:00 UTC 2019
------------------ testing $PTII/ptolemy/domains/de/test/auto/functionDependencyReconstruction.xml
auto.tcl: Setting watchdog for 200 seconds at Tue Apr 30 23:57:00 UTC 2019
2 ms. Memory: 621568K Free: 589181K (95%)
ptolemy.util.test.WatchDog.cancel(): canceling Tue Apr 30 23:57:00 UTC 2019
auto.tcl: Setting watchdog for 200 seconds at Tue Apr 30 23:57:00 UTC 2019
3 ms. Memory: 621568K Free: 580994K (93%)
ptolemy.util.test.WatchDog.cancel(): canceling Tue Apr 30 23:57:00 UTC 2019
------------------ testing $PTII/ptolemy/domains/de/test/auto/multirate.xml
auto.tcl: Setting watchdog for 200 seconds at Tue Apr 30 23:57:01 UTC 2019
3 ms. Memory: 619520K Free: 600575K (97%)
ptolemy.util.test.WatchDog.cancel(): canceling Tue Apr 30 23:57:01 UTC 2019
auto.tcl: Setting watchdog for 200 seconds at Tue Apr 30 23:57:01 UTC 2019
3 ms. Memory: 619520K Free: 600575K (97%)
ptolemy.util.test.WatchDog.cancel(): canceling Tue Apr 30 23:57:01 UTC 2019
------------------ testing $PTII/ptolemy/domains/de/test/auto/multirate2.xml
auto.tcl: Setting watchdog for 200 seconds at Tue Apr 30 23:57:01 UTC 2019
7 ms. Memory: 621056K Free: 596918K (96%)
ptolemy.util.test.WatchDog.cancel(): canceling Tue Apr 30 23:57:01 UTC 2019
auto.tcl: Setting watchdog for 200 seconds at Tue Apr 30 23:57:01 UTC 2019
3 ms. Memory: 621056K Free: 596918K (96%)
ptolemy.util.test.WatchDog.cancel(): canceling Tue Apr 30 23:57:01 UTC 2019
------------------ testing $PTII/ptolemy/domains/de/test/auto/realtime.xml
auto.tcl: Setting watchdog for 200 seconds at Tue Apr 30 23:57:01 UTC 2019
10002 ms. Memory: 619520K Free: 595308K (96%)
ptolemy.util.test.WatchDog.cancel(): canceling Tue Apr 30 23:57:11 UTC 2019
auto.tcl: Setting watchdog for 200 seconds at Tue Apr 30 23:57:11 UTC 2019
10001 ms. Memory: 619520K Free: 595308K (96%)
ptolemy.util.test.WatchDog.cancel(): canceling Tue Apr 30 23:57:21 UTC 2019
------------------ testing $PTII/ptolemy/domains/de/test/auto/relationGroup.xml
auto.tcl: Setting watchdog for 200 seconds at Tue Apr 30 23:57:21 UTC 2019
1 ms. Memory: 621056K Free: 602323K (97%)
ptolemy.util.test.WatchDog.cancel(): canceling Tue Apr 30 23:57:21 UTC 2019
auto.tcl: Setting watchdog for 200 seconds at Tue Apr 30 23:57:21 UTC 2019
2 ms. Memory: 621056K Free: 602323K (97%)
ptolemy.util.test.WatchDog.cancel(): canceling Tue Apr 30 23:57:21 UTC 2019
------------------ testing $PTII/ptolemy/domains/de/test/auto/relationGroup2.xml
auto.tcl: Setting watchdog for 200 seconds at Tue Apr 30 23:57:21 UTC 2019
1 ms. Memory: 619520K Free: 595432K (96%)
ptolemy.util.test.WatchDog.cancel(): canceling Tue Apr 30 23:57:21 UTC 2019
auto.tcl: Setting watchdog for 200 seconds at Tue Apr 30 23:57:21 UTC 2019
2 ms. Memory: 619520K Free: 595432K (96%)
ptolemy.util.test.WatchDog.cancel(): canceling Tue Apr 30 23:57:21 UTC 2019
------------------ testing $PTII/ptolemy/domains/de/test/auto/sortWithOpaquePorts.xml
auto.tcl: Setting watchdog for 200 seconds at Tue Apr 30 23:57:21 UTC 2019
1 ms. Memory: 620544K Free: 596458K (96%)
ptolemy.util.test.WatchDog.cancel(): canceling Tue Apr 30 23:57:21 UTC 2019
auto.tcl: Setting watchdog for 200 seconds at Tue Apr 30 23:57:21 UTC 2019
2 ms. Memory: 620544K Free: 596458K (96%)
ptolemy.util.test.WatchDog.cancel(): canceling Tue Apr 30 23:57:21 UTC 2019
------------------ testing $PTII/ptolemy/domains/de/test/auto/transferInputsandOutputs.xml
auto.tcl: Setting watchdog for 200 seconds at Tue Apr 30 23:57:21 UTC 2019
2 ms. Memory: 619520K Free: 595420K (96%)
ptolemy.util.test.WatchDog.cancel(): canceling Tue Apr 30 23:57:21 UTC 2019
auto.tcl: Setting watchdog for 200 seconds at Tue Apr 30 23:57:21 UTC 2019
2 ms. Memory: 619520K Free: 595420K (96%)
ptolemy.util.test.WatchDog.cancel(): canceling Tue Apr 30 23:57:21 UTC 2019
------------------ testing $PTII/ptolemy/domains/de/test/auto/triggerType.xml
auto.tcl: Setting watchdog for 200 seconds at Tue Apr 30 23:57:21 UTC 2019
2 ms. Memory: 620544K Free: 596394K (96%)
ptolemy.util.test.WatchDog.cancel(): canceling Tue Apr 30 23:57:21 UTC 2019
auto.tcl: Setting watchdog for 200 seconds at Tue Apr 30 23:57:21 UTC 2019
2 ms. Memory: 620544K Free: 596394K (96%)
ptolemy.util.test.WatchDog.cancel(): canceling Tue Apr 30 23:57:21 UTC 2019
04/30/19 11:57:21
Failed: 0  Total Tests: 192  ((Passed: 187, Newly Passed: 1)  Known Failed: 5) /home/travis/build/icyphy/ptII/ptolemy/domains/de/test
04/30/19 11:57:21
Failed: 0  Total Tests: 192  ((Passed: 187, Newly Passed: 1)  Known Failed: 5) /home/travis/build/icyphy/ptII/ptolemy/domains/de/test
----------------- testing (KnownFailure) /home/travis/build/icyphy/ptII/ptolemy/domains/de/test/auto/knownFailedTests/DESDFClockTest.xml
2011 ms. Memory: 619520K Free: 584589K (94%)
Known Failure: java.lang.reflect.InvocationTargetException
----------------- testing (KnownFailure) /home/travis/build/icyphy/ptII/ptolemy/domains/de/test/auto/knownFailedTests/DirectFeedback.xml
2 ms. Memory: 619520K Free: 541540K (87%)
Known Failure: java.lang.reflect.InvocationTargetException
----------------- testing (KnownFailure) /home/travis/build/icyphy/ptII/ptolemy/domains/de/test/auto/knownFailedTests/FSMSource.xml
5 ms. Memory: 619520K Free: 498491K (80%)
----------------- testing (KnownFailure) /home/travis/build/icyphy/ptII/ptolemy/domains/de/test/auto/knownFailedTests/HierarchicalModel.xml
2 ms. Memory: 619520K Free: 466188K (75%)
Known Failure: java.lang.reflect.InvocationTargetException
----------------- testing (KnownFailure) /home/travis/build/icyphy/ptII/ptolemy/domains/de/test/auto/knownFailedTests/dependencyLoop.xml
2 ms. Memory: 619520K Free: 412369K (67%)
Known Failure: java.lang.reflect.InvocationTargetException
----------------- testing (KnownFailure) /home/travis/build/icyphy/ptII/ptolemy/domains/de/test/auto/knownFailedTests/dependencyLoop2.xml
2 ms. Memory: 619520K Free: 358541K (58%)
Known Failure: java.lang.reflect.InvocationTargetException
No auto/linux-amd64/*.xml tests in /home/travis/build/icyphy/ptII/ptolemy/domains/de/test
AutoTests.java: About to close Vertx.
AutoTests.java: Vertx closed.

===========================================================================================
----------------- testing Tue Apr 30 23:57:23 UTC 2019 /home/travis/build/icyphy/ptII/ptolemy/domains/de/test/auto/ActorDepthCalculation_actorWithoutPorts.xml
----------------- Instantiating /home/travis/build/icyphy/ptII/ptolemy/domains/de/test/auto/ActorDepthCalculation_actorWithoutPorts.xml
7 ms. Memory: 619520K Free: 304730K (49%)
----------------- Invoking toplevel() on ptolemy.moml.MoMLSimpleApplication@4053ceae
----------------- Done invoking toplevel() on ptolemy.moml.MoMLSimpleApplication@4053ceae
reloadAllAccessors: .ActorDepthCalculation_actorWithoutPorts

===========================================================================================
----------------- testing Tue Apr 30 23:57:23 UTC 2019 /home/travis/build/icyphy/ptII/ptolemy/domains/de/test/auto/AssemblyLine.xml
----------------- Instantiating /home/travis/build/icyphy/ptII/ptolemy/domains/de/test/auto/AssemblyLine.xml
2 ms. Memory: 619520K Free: 283205K (46%)
----------------- Invoking toplevel() on ptolemy.moml.MoMLSimpleApplication@74881388
----------------- Done invoking toplevel() on ptolemy.moml.MoMLSimpleApplication@74881388
reloadAllAccessors: .AssemblyLine

===========================================================================================
----------------- testing Tue Apr 30 23:57:23 UTC 2019 /home/travis/build/icyphy/ptII/ptolemy/domains/de/test/auto/CQBug1.xml
----------------- Instantiating /home/travis/build/icyphy/ptII/ptolemy/domains/de/test/auto/CQBug1.xml
3 ms. Memory: 619520K Free: 261681K (42%)
----------------- Invoking toplevel() on ptolemy.moml.MoMLSimpleApplication@35738a2b
----------------- Done invoking toplevel() on ptolemy.moml.MoMLSimpleApplication@35738a2b
reloadAllAccessors: .CQBug1

===========================================================================================
----------------- testing Tue Apr 30 23:57:23 UTC 2019 /home/travis/build/icyphy/ptII/ptolemy/domains/de/test/auto/CancelFireAt.xml
----------------- Instantiating /home/travis/build/icyphy/ptII/ptolemy/domains/de/test/auto/CancelFireAt.xml
2 ms. Memory: 619520K Free: 240156K (39%)
----------------- Invoking toplevel() on ptolemy.moml.MoMLSimpleApplication@10fada34
----------------- Done invoking toplevel() on ptolemy.moml.MoMLSimpleApplication@10fada34
reloadAllAccessors: .CancelFireAt

===========================================================================================
----------------- testing Tue Apr 30 23:57:23 UTC 2019 /home/travis/build/icyphy/ptII/ptolemy/domains/de/test/auto/CausalityAndComposabilityAnalysis.xml
----------------- Instantiating /home/travis/build/icyphy/ptII/ptolemy/domains/de/test/auto/CausalityAndComposabilityAnalysis.xml
1 ms. Memory: 619520K Free: 218632K (35%)
----------------- Invoking toplevel() on ptolemy.moml.MoMLSimpleApplication@10c62289
----------------- Done invoking toplevel() on ptolemy.moml.MoMLSimpleApplication@10c62289
reloadAllAccessors: .CausalityAndComposabilityAnalysis

===========================================================================================
----------------- testing Tue Apr 30 23:57:23 UTC 2019 /home/travis/build/icyphy/ptII/ptolemy/domains/de/test/auto/CausalityInterface1.xml
----------------- Instantiating /home/travis/build/icyphy/ptII/ptolemy/domains/de/test/auto/CausalityInterface1.xml
5 ms. Memory: 619520K Free: 197107K (32%)
----------------- Invoking toplevel() on ptolemy.moml.MoMLSimpleApplication@2ac18957
----------------- Done invoking toplevel() on ptolemy.moml.MoMLSimpleApplication@2ac18957
reloadAllAccessors: .CausalityInterface1

===========================================================================================
----------------- testing Tue Apr 30 23:57:23 UTC 2019 /home/travis/build/icyphy/ptII/ptolemy/domains/de/test/auto/CausalityInterface15.xml
----------------- Instantiating /home/travis/build/icyphy/ptII/ptolemy/domains/de/test/auto/CausalityInterface15.xml
1 ms. Memory: 619520K Free: 175582K (28%)
----------------- Invoking toplevel() on ptolemy.moml.MoMLSimpleApplication@5a7d08b5
----------------- Done invoking toplevel() on ptolemy.moml.MoMLSimpleApplication@5a7d08b5
reloadAllAccessors: .CausalityInterface15

[...]
java.lang.RuntimeException: Execution failed
	at ptolemy.moml.MoMLSimpleApplication$UnloadThread.run(MoMLSimpleApplication.java:402)
Caused by: ptolemy.kernel.util.IllegalActionException: Test fails in iteration 1.
Value was: 1.0. Should have been: 2.0
  in .DirectFeedback.Test
	at ptolemy.actor.lib.Test.fire(Test.java:268)
	at ptolemy.domains.de.kernel.DEDirector._fire(DEDirector.java:1949)
	at ptolemy.domains.de.kernel.DEDirector.fire(DEDirector.java:502)
	at ptolemy.actor.CompositeActor.fire(CompositeActor.java:455)
	at ptolemy.actor.Manager.iterate(Manager.java:851)
	at ptolemy.actor.Manager.execute(Manager.java:369)
	at ptolemy.actor.Manager.run(Manager.java:1263)
	at ptolemy.actor.Manager$PtolemyRunThread.run(Manager.java:1915)
java.lang.RuntimeException: Execution failed
	at ptolemy.moml.MoMLSimpleApplication$UnloadThread.run(MoMLSimpleApplication.java:402)
Caused by: ptolemy.kernel.util.IllegalActionException: Actor is not ready to fire.  Perhaps UpSample.prefire() returned false? Try debugging the actor by selecting "Listen to Actor".  Also, for SDF check moml for tokenConsumptionRate on input.
  in .DESDFClockTest.Play Bell.Copy1:SDF Director and .DESDFClockTest.Play Bell.UpSample
	at ptolemy.actor.sched.StaticSchedulingDirector.fire(StaticSchedulingDirector.java:227)
	at ptolemy.domains.sdf.kernel.SDFDirector.fire(SDFDirector.java:500)
	at ptolemy.actor.CompositeActor.fire(CompositeActor.java:455)
	at ptolemy.domains.de.kernel.DEDirector._fire(DEDirector.java:1949)
	at ptolemy.domains.de.kernel.DEDirector.fire(DEDirector.java:502)
	at ptolemy.actor.CompositeActor.fire(CompositeActor.java:455)
	at ptolemy.actor.Manager.iterate(Manager.java:851)
	at ptolemy.actor.Manager.execute(Manager.java:369)
	at ptolemy.actor.Manager.run(Manager.java:1263)
	at ptolemy.actor.Manager$PtolemyRunThread.run(Manager.java:1915)
java.lang.reflect.InvocationTargetException
	at sun.reflect.NativeConstructorAccessorImpl.newInstance0(Native Method)
	at sun.reflect.NativeConstructorAccessorImpl.newInstance(NativeConstructorAccessorImpl.java:62)
	at sun.reflect.DelegatingConstructorAccessorImpl.newInstance(DelegatingConstructorAccessorImpl.java:45)
	at java.lang.reflect.Constructor.newInstance(Constructor.java:423)
	at ptolemy.util.test.junit.AutoKnownFailedTests.RunModel(AutoKnownFailedTests.java:105)
	at sun.reflect.NativeMethodAccessorImpl.invoke0(Native Method)
	at sun.reflect.NativeMethodAccessorImpl.invoke(NativeMethodAccessorImpl.java:62)
	at sun.reflect.DelegatingMethodAccessorImpl.invoke(DelegatingMethodAccessorImpl.java:43)
	at java.lang.reflect.Method.invoke(Method.java:498)
	at org.junit.runners.model.FrameworkMethod$1.runReflectiveCall(FrameworkMethod.java:44)
	at org.junit.internal.runners.model.ReflectiveCallable.run(ReflectiveCallable.java:15)
	at org.junit.runners.model.FrameworkMethod.invokeExplosively(FrameworkMethod.java:41)
	at junitparams.internal.InvokeParameterisedMethod.evaluate(InvokeParameterisedMethod.java:102)
	at org.junit.internal.runners.statements.FailOnTimeout$1.run(FailOnTimeout.java:28)
Caused by: ptolemy.kernel.util.IllegalActionException: Actor is not ready to fire.  Perhaps UpSample.prefire() returned false? Try debugging the actor by selecting "Listen to Actor".  Also, for SDF check moml for tokenConsumptionRate on input.
  in .DESDFClockTest.Play Bell.Copy1:SDF Director and .DESDFClockTest.Play Bell.UpSample
	at ptolemy.actor.sched.StaticSchedulingDirector.fire(StaticSchedulingDirector.java:227)
	at ptolemy.domains.sdf.kernel.SDFDirector.fire(SDFDirector.java:500)
	at ptolemy.actor.CompositeActor.fire(CompositeActor.java:455)
	at ptolemy.domains.de.kernel.DEDirector._fire(DEDirector.java:1949)
	at ptolemy.domains.de.kernel.DEDirector.fire(DEDirector.java:502)
	at ptolemy.actor.CompositeActor.fire(CompositeActor.java:455)
	at ptolemy.actor.Manager.iterate(Manager.java:851)
	at ptolemy.actor.Manager.execute(Manager.java:369)
	at ptolemy.actor.Manager.run(Manager.java:1263)
	at ptolemy.actor.Manager$PtolemyRunThread.run(Manager.java:1915)
java.lang.RuntimeException: Execution failed
	at ptolemy.moml.MoMLSimpleApplication$UnloadThread.run(MoMLSimpleApplication.java:402)
Caused by: ptolemy.kernel.util.IllegalActionException: Test fails in iteration 1.
Value was: 1.0. Should have been: 2.0
  in .DirectFeedback.Test
	at ptolemy.actor.lib.Test.fire(Test.java:268)
	at ptolemy.domains.de.kernel.DEDirector._fire(DEDirector.java:1949)
	at ptolemy.domains.de.kernel.DEDirector.fire(DEDirector.java:502)
	at ptolemy.actor.CompositeActor.fire(CompositeActor.java:455)
	at ptolemy.actor.Manager.iterate(Manager.java:851)
	at ptolemy.actor.Manager.execute(Manager.java:369)
	at ptolemy.actor.Manager.run(Manager.java:1263)
	at ptolemy.actor.Manager$PtolemyRunThread.run(Manager.java:1915)
java.lang.reflect.InvocationTargetException
	at sun.reflect.NativeConstructorAccessorImpl.newInstance0(Native Method)
	at sun.reflect.NativeConstructorAccessorImpl.newInstance(NativeConstructorAccessorImpl.java:62)
	at sun.reflect.DelegatingConstructorAccessorImpl.newInstance(DelegatingConstructorAccessorImpl.java:45)
	at java.lang.reflect.Constructor.newInstance(Constructor.java:423)
	at ptolemy.util.test.junit.AutoKnownFailedTests.RunModel(AutoKnownFailedTests.java:105)
	at sun.reflect.NativeMethodAccessorImpl.invoke0(Native Method)
	at sun.reflect.NativeMethodAccessorImpl.invoke(NativeMethodAccessorImpl.java:62)
	at sun.reflect.DelegatingMethodAccessorImpl.invoke(DelegatingMethodAccessorImpl.java:43)
	at java.lang.reflect.Method.invoke(Method.java:498)
	at org.junit.runners.model.FrameworkMethod$1.runReflectiveCall(FrameworkMethod.java:44)
	at org.junit.internal.runners.model.ReflectiveCallable.run(ReflectiveCallable.java:15)
	at org.junit.runners.model.FrameworkMethod.invokeExplosively(FrameworkMethod.java:41)
	at junitparams.internal.InvokeParameterisedMethod.evaluate(InvokeParameterisedMethod.java:102)
	at org.junit.internal.runners.statements.FailOnTimeout$1.run(FailOnTimeout.java:28)
Caused by: ptolemy.kernel.util.IllegalActionException: Test fails in iteration 1.
Value was: 1.0. Should have been: 2.0
  in .DirectFeedback.Test
	at ptolemy.actor.lib.Test.fire(Test.java:268)
	at ptolemy.domains.de.kernel.DEDirector._fire(DEDirector.java:1949)
	at ptolemy.domains.de.kernel.DEDirector.fire(DEDirector.java:502)
	at ptolemy.actor.CompositeActor.fire(CompositeActor.java:455)
	at ptolemy.actor.Manager.iterate(Manager.java:851)
	at ptolemy.actor.Manager.execute(Manager.java:369)
	at ptolemy.actor.Manager.run(Manager.java:1263)
	at ptolemy.actor.Manager$PtolemyRunThread.run(Manager.java:1915)
java.lang.RuntimeException: Execution failed
	at ptolemy.moml.MoMLSimpleApplication$UnloadThread.run(MoMLSimpleApplication.java:402)
Caused by: ptolemy.kernel.util.IllegalActionException: Found a zero delay loop containing .HierarchicalModel.A
  in .HierarchicalModel and .HierarchicalModel.A
	at ptolemy.actor.util.CausalityInterfaceForComposites._computeOutputPortDepth(CausalityInterfaceForComposites.java:759)
	at ptolemy.actor.util.CausalityInterfaceForComposites._computeInputDepth(CausalityInterfaceForComposites.java:696)
	at ptolemy.actor.util.CausalityInterfaceForComposites._computeOutputPortDepth(CausalityInterfaceForComposites.java:765)
	at ptolemy.actor.util.CausalityInterfaceForComposites._computeInputDepth(CausalityInterfaceForComposites.java:696)
	at ptolemy.actor.util.CausalityInterfaceForComposites._computeOutputPortDepth(CausalityInterfaceForComposites.java:765)
	at ptolemy.actor.util.CausalityInterfaceForComposites._computeInputDepth(CausalityInterfaceForComposites.java:696)
	at ptolemy.actor.util.CausalityInterfaceForComposites._computeActorDepth(CausalityInterfaceForComposites.java:532)
	at ptolemy.actor.util.CausalityInterfaceForComposites.checkForCycles(CausalityInterfaceForComposites.java:96)
	at ptolemy.domains.de.kernel.DEDirector.preinitialize(DEDirector.java:1338)
	at ptolemy.actor.CompositeActor.preinitialize(CompositeActor.java:1828)
	at ptolemy.actor.Manager.preinitializeAndResolveTypes(Manager.java:1040)
	at ptolemy.actor.Manager.initialize(Manager.java:710)
	at ptolemy.actor.Manager.execute(Manager.java:356)
	at ptolemy.actor.Manager.run(Manager.java:1263)
	at ptolemy.actor.Manager$PtolemyRunThread.run(Manager.java:1915)
java.lang.reflect.InvocationTargetException
	at sun.reflect.NativeConstructorAccessorImpl.newInstance0(Native Method)
	at sun.reflect.NativeConstructorAccessorImpl.newInstance(NativeConstructorAccessorImpl.java:62)
	at sun.reflect.DelegatingConstructorAccessorImpl.newInstance(DelegatingConstructorAccessorImpl.java:45)
	at java.lang.reflect.Constructor.newInstance(Constructor.java:423)
	at ptolemy.util.test.junit.AutoKnownFailedTests.RunModel(AutoKnownFailedTests.java:105)
	at sun.reflect.NativeMethodAccessorImpl.invoke0(Native Method)
	at sun.reflect.NativeMethodAccessorImpl.invoke(NativeMethodAccessorImpl.java:62)
	at sun.reflect.DelegatingMethodAccessorImpl.invoke(DelegatingMethodAccessorImpl.java:43)
	at java.lang.reflect.Method.invoke(Method.java:498)
	at org.junit.runners.model.FrameworkMethod$1.runReflectiveCall(FrameworkMethod.java:44)
	at org.junit.internal.runners.model.ReflectiveCallable.run(ReflectiveCallable.java:15)
	at org.junit.runners.model.FrameworkMethod.invokeExplosively(FrameworkMethod.java:41)
	at junitparams.internal.InvokeParameterisedMethod.evaluate(InvokeParameterisedMethod.java:102)
	at org.junit.internal.runners.statements.FailOnTimeout$1.run(FailOnTimeout.java:28)
Caused by: ptolemy.kernel.util.IllegalActionException: Found a zero delay loop containing .HierarchicalModel.A
  in .HierarchicalModel and .HierarchicalModel.A
	at ptolemy.actor.util.CausalityInterfaceForComposites._computeOutputPortDepth(CausalityInterfaceForComposites.java:759)
	at ptolemy.actor.util.CausalityInterfaceForComposites._computeInputDepth(CausalityInterfaceForComposites.java:696)
	at ptolemy.actor.util.CausalityInterfaceForComposites._computeOutputPortDepth(CausalityInterfaceForComposites.java:765)
	at ptolemy.actor.util.CausalityInterfaceForComposites._computeInputDepth(CausalityInterfaceForComposites.java:696)
	at ptolemy.actor.util.CausalityInterfaceForComposites._computeOutputPortDepth(CausalityInterfaceForComposites.java:765)
	at ptolemy.actor.util.CausalityInterfaceForComposites._computeInputDepth(CausalityInterfaceForComposites.java:696)
	at ptolemy.actor.util.CausalityInterfaceForComposites._computeActorDepth(CausalityInterfaceForComposites.java:532)
	at ptolemy.actor.util.CausalityInterfaceForComposites.checkForCycles(CausalityInterfaceForComposites.java:96)
	at ptolemy.domains.de.kernel.DEDirector.preinitialize(DEDirector.java:1338)
	at ptolemy.actor.CompositeActor.preinitialize(CompositeActor.java:1828)
	at ptolemy.actor.Manager.preinitializeAndResolveTypes(Manager.java:1040)
	at ptolemy.actor.Manager.initialize(Manager.java:710)
	at ptolemy.actor.Manager.execute(Manager.java:356)
	at ptolemy.actor.Manager.run(Manager.java:1263)
	at ptolemy.actor.Manager$PtolemyRunThread.run(Manager.java:1915)
java.lang.RuntimeException: Execution failed
	at ptolemy.moml.MoMLSimpleApplication$UnloadThread.run(MoMLSimpleApplication.java:402)
Caused by: ptolemy.kernel.util.IllegalActionException: Found a zero delay loop containing .dependencyLoop.original
  in .dependencyLoop and .dependencyLoop.original
	at ptolemy.actor.util.CausalityInterfaceForComposites._computeOutputPortDepth(CausalityInterfaceForComposites.java:759)
	at ptolemy.actor.util.CausalityInterfaceForComposites._computeInputDepth(CausalityInterfaceForComposites.java:696)
	at ptolemy.actor.util.CausalityInterfaceForComposites._computeOutputPortDepth(CausalityInterfaceForComposites.java:765)
	at ptolemy.actor.util.CausalityInterfaceForComposites._computeInputDepth(CausalityInterfaceForComposites.java:696)
	at ptolemy.actor.util.CausalityInterfaceForComposites._computeOutputPortDepth(CausalityInterfaceForComposites.java:765)
	at ptolemy.actor.util.CausalityInterfaceForComposites._computeInputDepth(CausalityInterfaceForComposites.java:696)
	at ptolemy.actor.util.CausalityInterfaceForComposites._computeActorDepth(CausalityInterfaceForComposites.java:532)
	at ptolemy.actor.util.CausalityInterfaceForComposites.checkForCycles(CausalityInterfaceForComposites.java:96)
	at ptolemy.domains.de.kernel.DEDirector.preinitialize(DEDirector.java:1338)
	at ptolemy.actor.CompositeActor.preinitialize(CompositeActor.java:1828)
	at ptolemy.actor.Manager.preinitializeAndResolveTypes(Manager.java:1040)
	at ptolemy.actor.Manager.initialize(Manager.java:710)
	at ptolemy.actor.Manager.execute(Manager.java:356)
	at ptolemy.actor.Manager.run(Manager.java:1263)
	at ptolemy.actor.Manager$PtolemyRunThread.run(Manager.java:1915)
java.lang.reflect.InvocationTargetException
	at sun.reflect.NativeConstructorAccessorImpl.newInstance0(Native Method)
	at sun.reflect.NativeConstructorAccessorImpl.newInstance(NativeConstructorAccessorImpl.java:62)
	at sun.reflect.DelegatingConstructorAccessorImpl.newInstance(DelegatingConstructorAccessorImpl.java:45)
	at java.lang.reflect.Constructor.newInstance(Constructor.java:423)
	at ptolemy.util.test.junit.AutoKnownFailedTests.RunModel(AutoKnownFailedTests.java:105)
	at sun.reflect.NativeMethodAccessorImpl.invoke0(Native Method)
	at sun.reflect.NativeMethodAccessorImpl.invoke(NativeMethodAccessorImpl.java:62)
	at sun.reflect.DelegatingMethodAccessorImpl.invoke(DelegatingMethodAccessorImpl.java:43)
	at java.lang.reflect.Method.invoke(Method.java:498)
	at org.junit.runners.model.FrameworkMethod$1.runReflectiveCall(FrameworkMethod.java:44)
	at org.junit.internal.runners.model.ReflectiveCallable.run(ReflectiveCallable.java:15)
	at org.junit.runners.model.FrameworkMethod.invokeExplosively(FrameworkMethod.java:41)
	at junitparams.internal.InvokeParameterisedMethod.evaluate(InvokeParameterisedMethod.java:102)
	at org.junit.internal.runners.statements.FailOnTimeout$1.run(FailOnTimeout.java:28)
Caused by: ptolemy.kernel.util.IllegalActionException: Found a zero delay loop containing .dependencyLoop.original
  in .dependencyLoop and .dependencyLoop.original
	at ptolemy.actor.util.CausalityInterfaceForComposites._computeOutputPortDepth(CausalityInterfaceForComposites.java:759)
	at ptolemy.actor.util.CausalityInterfaceForComposites._computeInputDepth(CausalityInterfaceForComposites.java:696)
	at ptolemy.actor.util.CausalityInterfaceForComposites._computeOutputPortDepth(CausalityInterfaceForComposites.java:765)
	at ptolemy.actor.util.CausalityInterfaceForComposites._computeInputDepth(CausalityInterfaceForComposites.java:696)
	at ptolemy.actor.util.CausalityInterfaceForComposites._computeOutputPortDepth(CausalityInterfaceForComposites.java:765)
	at ptolemy.actor.util.CausalityInterfaceForComposites._computeInputDepth(CausalityInterfaceForComposites.java:696)
	at ptolemy.actor.util.CausalityInterfaceForComposites._computeActorDepth(CausalityInterfaceForComposites.java:532)
	at ptolemy.actor.util.CausalityInterfaceForComposites.checkForCycles(CausalityInterfaceForComposites.java:96)
	at ptolemy.domains.de.kernel.DEDirector.preinitialize(DEDirector.java:1338)
	at ptolemy.actor.CompositeActor.preinitialize(CompositeActor.java:1828)
	at ptolemy.actor.Manager.preinitializeAndResolveTypes(Manager.java:1040)
	at ptolemy.actor.Manager.initialize(Manager.java:710)
	at ptolemy.actor.Manager.execute(Manager.java:356)
	at ptolemy.actor.Manager.run(Manager.java:1263)
	at ptolemy.actor.Manager$PtolemyRunThread.run(Manager.java:1915)
java.lang.RuntimeException: Execution failed
	at ptolemy.moml.MoMLSimpleApplication$UnloadThread.run(MoMLSimpleApplication.java:402)
Caused by: ptolemy.kernel.util.IllegalActionException: Found a zero delay loop containing .dependencyLoop2.original
  in .dependencyLoop2 and .dependencyLoop2.original
	at ptolemy.actor.util.CausalityInterfaceForComposites._computeOutputPortDepth(CausalityInterfaceForComposites.java:759)
	at ptolemy.actor.util.CausalityInterfaceForComposites._computeInputDepth(CausalityInterfaceForComposites.java:696)
	at ptolemy.actor.util.CausalityInterfaceForComposites._computeOutputPortDepth(CausalityInterfaceForComposites.java:765)
	at ptolemy.actor.util.CausalityInterfaceForComposites._computeInputDepth(CausalityInterfaceForComposites.java:696)
	at ptolemy.actor.util.CausalityInterfaceForComposites._computeOutputPortDepth(CausalityInterfaceForComposites.java:765)
	at ptolemy.actor.util.CausalityInterfaceForComposites._computeInputDepth(CausalityInterfaceForComposites.java:696)
	at ptolemy.actor.util.CausalityInterfaceForComposites._computeActorDepth(CausalityInterfaceForComposites.java:532)
	at ptolemy.actor.util.CausalityInterfaceForComposites.checkForCycles(CausalityInterfaceForComposites.java:96)
	at ptolemy.domains.de.kernel.DEDirector.preinitialize(DEDirector.java:1338)
	at ptolemy.actor.CompositeActor.preinitialize(CompositeActor.java:1828)
	at ptolemy.actor.Manager.preinitializeAndResolveTypes(Manager.java:1040)
	at ptolemy.actor.Manager.initialize(Manager.java:710)
	at ptolemy.actor.Manager.execute(Manager.java:356)
	at ptolemy.actor.Manager.run(Manager.java:1263)
	at ptolemy.actor.Manager$PtolemyRunThread.run(Manager.java:1915)
java.lang.reflect.InvocationTargetException
	at sun.reflect.NativeConstructorAccessorImpl.newInstance0(Native Method)
	at sun.reflect.NativeConstructorAccessorImpl.newInstance(NativeConstructorAccessorImpl.java:62)
	at sun.reflect.DelegatingConstructorAccessorImpl.newInstance(DelegatingConstructorAccessorImpl.java:45)
	at java.lang.reflect.Constructor.newInstance(Constructor.java:423)
	at ptolemy.util.test.junit.AutoKnownFailedTests.RunModel(AutoKnownFailedTests.java:105)
	at sun.reflect.NativeMethodAccessorImpl.invoke0(Native Method)
	at sun.reflect.NativeMethodAccessorImpl.invoke(NativeMethodAccessorImpl.java:62)
	at sun.reflect.DelegatingMethodAccessorImpl.invoke(DelegatingMethodAccessorImpl.java:43)
	at java.lang.reflect.Method.invoke(Method.java:498)
	at org.junit.runners.model.FrameworkMethod$1.runReflectiveCall(FrameworkMethod.java:44)
	at org.junit.internal.runners.model.ReflectiveCallable.run(ReflectiveCallable.java:15)
	at org.junit.runners.model.FrameworkMethod.invokeExplosively(FrameworkMethod.java:41)
	at junitparams.internal.InvokeParameterisedMethod.evaluate(InvokeParameterisedMethod.java:102)
	at org.junit.internal.runners.statements.FailOnTimeout$1.run(FailOnTimeout.java:28)
Caused by: ptolemy.kernel.util.IllegalActionException: Found a zero delay loop containing .dependencyLoop2.original
  in .dependencyLoop2 and .dependencyLoop2.original
	at ptolemy.actor.util.CausalityInterfaceForComposites._computeOutputPortDepth(CausalityInterfaceForComposites.java:759)
	at ptolemy.actor.util.CausalityInterfaceForComposites._computeInputDepth(CausalityInterfaceForComposites.java:696)
	at ptolemy.actor.util.CausalityInterfaceForComposites._computeOutputPortDepth(CausalityInterfaceForComposites.java:765)
	at ptolemy.actor.util.CausalityInterfaceForComposites._computeInputDepth(CausalityInterfaceForComposites.java:696)
	at ptolemy.actor.util.CausalityInterfaceForComposites._computeOutputPortDepth(CausalityInterfaceForComposites.java:765)
	at ptolemy.actor.util.CausalityInterfaceForComposites._computeInputDepth(CausalityInterfaceForComposites.java:696)
	at ptolemy.actor.util.CausalityInterfaceForComposites._computeActorDepth(CausalityInterfaceForComposites.java:532)
	at ptolemy.actor.util.CausalityInterfaceForComposites.checkForCycles(CausalityInterfaceForComposites.java:96)
	at ptolemy.domains.de.kernel.DEDirector.preinitialize(DEDirector.java:1338)
	at ptolemy.actor.CompositeActor.preinitialize(CompositeActor.java:1828)
	at ptolemy.actor.Manager.preinitializeAndResolveTypes(Manager.java:1040)
	at ptolemy.actor.Manager.initialize(Manager.java:710)
	at ptolemy.actor.Manager.execute(Manager.java:356)
	at ptolemy.actor.Manager.run(Manager.java:1263)
	at ptolemy.actor.Manager$PtolemyRunThread.run(Manager.java:1915)
]]></system-err>
</testsuite>
