<?xml version="1.0" encoding="UTF-8" ?>
<testsuite errors="0" failures="0" hostname="travis-job-9b6a1059-6f0c-4e5e-824c-67abc7a35f8d" name="ptolemy.domains.de.test.junit.JUnitTclTest" skipped="0" tests="101" time="128.099" timestamp="2018-10-20T02:35:00">
  <properties>
[...]
</properties>
  <testcase classname="ptolemy.util.test.junit.TclTests" name="[0] /home/travis/build/icyphy/ptII/ptolemy/domains/de/test/DependencyLoop.tcl (RunTclFile)" time="0.717" />
  <testcase classname="ptolemy.util.test.junit.TclTests" name="[1] /home/travis/build/icyphy/ptII/ptolemy/domains/de/test/RunDETestsAsQSS.tcl (RunTclFile)" time="88.564" />
  <testcase classname="ptolemy.util.test.junit.AutoKnownFailedTests" name="[0] /home/travis/build/icyphy/ptII/ptolemy/domains/de/test/auto/knownFailedTests/DESDFClockTest.xml (RunModel)" time="2.022" />
  <testcase classname="ptolemy.util.test.junit.AutoKnownFailedTests" name="[1] /home/travis/build/icyphy/ptII/ptolemy/domains/de/test/auto/knownFailedTests/DirectFeedback.xml (RunModel)" time="0.01" />
  <testcase classname="ptolemy.util.test.junit.AutoKnownFailedTests" name="[2] /home/travis/build/icyphy/ptII/ptolemy/domains/de/test/auto/knownFailedTests/FSMSource.xml (RunModel)" time="0.013" />
  <testcase classname="ptolemy.util.test.junit.AutoKnownFailedTests" name="[3] /home/travis/build/icyphy/ptII/ptolemy/domains/de/test/auto/knownFailedTests/HierarchicalModel.xml (RunModel)" time="0.028" />
  <testcase classname="ptolemy.util.test.junit.AutoKnownFailedTests" name="[4] /home/travis/build/icyphy/ptII/ptolemy/domains/de/test/auto/knownFailedTests/dependencyLoop.xml (RunModel)" time="0.031" />
  <testcase classname="ptolemy.util.test.junit.AutoKnownFailedTests" name="[5] /home/travis/build/icyphy/ptII/ptolemy/domains/de/test/auto/knownFailedTests/dependencyLoop2.xml (RunModel)" time="0.028" />
  <testcase classname="ptolemy.util.test.junit.AutoNameArchTests" name="[0] ThereAreNoAutoArchTests (RunModel)" time="0.0" />
  <testcase classname="ptolemy.util.test.junit.AutoTests" name="[0] /home/travis/build/icyphy/ptII/ptolemy/domains/de/test/auto/ActorDepthCalculation_actorWithoutPorts.xml (RunModel)" time="0.012" />
  <testcase classname="ptolemy.util.test.junit.AutoTests" name="[1] /home/travis/build/icyphy/ptII/ptolemy/domains/de/test/auto/AssemblyLine.xml (RunModel)" time="0.013" />
  <testcase classname="ptolemy.util.test.junit.AutoTests" name="[2] /home/travis/build/icyphy/ptII/ptolemy/domains/de/test/auto/CQBug1.xml (RunModel)" time="0.006" />
  <testcase classname="ptolemy.util.test.junit.AutoTests" name="[3] /home/travis/build/icyphy/ptII/ptolemy/domains/de/test/auto/CancelFireAt.xml (RunModel)" time="0.004" />
  <testcase classname="ptolemy.util.test.junit.AutoTests" name="[4] /home/travis/build/icyphy/ptII/ptolemy/domains/de/test/auto/CausalityAndComposabilityAnalysis.xml (RunModel)" time="0.009" />
  <testcase classname="ptolemy.util.test.junit.AutoTests" name="[5] /home/travis/build/icyphy/ptII/ptolemy/domains/de/test/auto/CausalityInterface1.xml (RunModel)" time="0.013" />
  <testcase classname="ptolemy.util.test.junit.AutoTests" name="[6] /home/travis/build/icyphy/ptII/ptolemy/domains/de/test/auto/CausalityInterface15.xml (RunModel)" time="0.016" />
  <testcase classname="ptolemy.util.test.junit.AutoTests" name="[7] /home/travis/build/icyphy/ptII/ptolemy/domains/de/test/auto/CausalityInterface2.xml (RunModel)" time="0.011" />
  <testcase classname="ptolemy.util.test.junit.AutoTests" name="[8] /home/travis/build/icyphy/ptII/ptolemy/domains/de/test/auto/CausalityInterface3.xml (RunModel)" time="0.009" />
  <testcase classname="ptolemy.util.test.junit.AutoTests" name="[9] /home/travis/build/icyphy/ptII/ptolemy/domains/de/test/auto/ClockDrift.xml (RunModel)" time="0.027" />
  <testcase classname="ptolemy.util.test.junit.AutoTests" name="[10] /home/travis/build/icyphy/ptII/ptolemy/domains/de/test/auto/ClockDriftAndValueChange.xml (RunModel)" time="0.026" />
  <testcase classname="ptolemy.util.test.junit.AutoTests" name="[11] /home/travis/build/icyphy/ptII/ptolemy/domains/de/test/auto/ClockDriftChange.xml (RunModel)" time="0.021" />
  <testcase classname="ptolemy.util.test.junit.AutoTests" name="[12] /home/travis/build/icyphy/ptII/ptolemy/domains/de/test/auto/ComposableCausalityAnalysis.xml (RunModel)" time="0.014" />
  <testcase classname="ptolemy.util.test.junit.AutoTests" name="[13] /home/travis/build/icyphy/ptII/ptolemy/domains/de/test/auto/DEFixedPointLimitation.xml (RunModel)" time="0.008" />
  <testcase classname="ptolemy.util.test.junit.AutoTests" name="[14] /home/travis/build/icyphy/ptII/ptolemy/domains/de/test/auto/DEScheduleTest.xml (RunModel)" time="0.009" />
  <testcase classname="ptolemy.util.test.junit.AutoTests" name="[15] /home/travis/build/icyphy/ptII/ptolemy/domains/de/test/auto/DEinDEwithStartTimes.xml (RunModel)" time="0.011" />
  <testcase classname="ptolemy.util.test.junit.AutoTests" name="[16] /home/travis/build/icyphy/ptII/ptolemy/domains/de/test/auto/DEinDEwithStartTimes2.xml (RunModel)" time="0.011" />
  <testcase classname="ptolemy.util.test.junit.AutoTests" name="[17] /home/travis/build/icyphy/ptII/ptolemy/domains/de/test/auto/DateDemo.xml (RunModel)" time="0.024" />
  <testcase classname="ptolemy.util.test.junit.AutoTests" name="[18] /home/travis/build/icyphy/ptII/ptolemy/domains/de/test/auto/DateToEvent.xml (RunModel)" time="2.031" />
  <testcase classname="ptolemy.util.test.junit.AutoTests" name="[19] /home/travis/build/icyphy/ptII/ptolemy/domains/de/test/auto/DepthTest1.xml (RunModel)" time="0.006" />
  <testcase classname="ptolemy.util.test.junit.AutoTests" name="[20] /home/travis/build/icyphy/ptII/ptolemy/domains/de/test/auto/DepthTest2.xml (RunModel)" time="0.013" />
  <testcase classname="ptolemy.util.test.junit.AutoTests" name="[21] /home/travis/build/icyphy/ptII/ptolemy/domains/de/test/auto/DepthTest3.xml (RunModel)" time="0.006" />
  <testcase classname="ptolemy.util.test.junit.AutoTests" name="[22] /home/travis/build/icyphy/ptII/ptolemy/domains/de/test/auto/DepthTest4.xml (RunModel)" time="0.009" />
  <testcase classname="ptolemy.util.test.junit.AutoTests" name="[23] /home/travis/build/icyphy/ptII/ptolemy/domains/de/test/auto/DepthTest5.xml (RunModel)" time="0.019" />
  <testcase classname="ptolemy.util.test.junit.AutoTests" name="[24] /home/travis/build/icyphy/ptII/ptolemy/domains/de/test/auto/DepthTest6.xml (RunModel)" time="0.012" />
  <testcase classname="ptolemy.util.test.junit.AutoTests" name="[25] /home/travis/build/icyphy/ptII/ptolemy/domains/de/test/auto/DepthTest7.xml (RunModel)" time="0.009" />
  <testcase classname="ptolemy.util.test.junit.AutoTests" name="[26] /home/travis/build/icyphy/ptII/ptolemy/domains/de/test/auto/EventToDate.xml (RunModel)" time="3.029" />
  <testcase classname="ptolemy.util.test.junit.AutoTests" name="[27] /home/travis/build/icyphy/ptII/ptolemy/domains/de/test/auto/FSM1.xml (RunModel)" time="0.042" />
  <testcase classname="ptolemy.util.test.junit.AutoTests" name="[28] /home/travis/build/icyphy/ptII/ptolemy/domains/de/test/auto/FSM7.xml (RunModel)" time="0.041" />
  <testcase classname="ptolemy.util.test.junit.AutoTests" name="[29] /home/travis/build/icyphy/ptII/ptolemy/domains/de/test/auto/Inspection.xml (RunModel)" time="0.039" />
  <testcase classname="ptolemy.util.test.junit.AutoTests" name="[30] /home/travis/build/icyphy/ptII/ptolemy/domains/de/test/auto/Iteration.xml (RunModel)" time="0.019" />
  <testcase classname="ptolemy.util.test.junit.AutoTests" name="[31] /home/travis/build/icyphy/ptII/ptolemy/domains/de/test/auto/LineFault.xml (RunModel)" time="0.489" />
  <testcase classname="ptolemy.util.test.junit.AutoTests" name="[32] /home/travis/build/icyphy/ptII/ptolemy/domains/de/test/auto/MergeModel1Add.xml (RunModel)" time="0.046" />
  <testcase classname="ptolemy.util.test.junit.AutoTests" name="[33] /home/travis/build/icyphy/ptII/ptolemy/domains/de/test/auto/MergeModel2Add.xml (RunModel)" time="0.04" />
  <testcase classname="ptolemy.util.test.junit.AutoTests" name="[34] /home/travis/build/icyphy/ptII/ptolemy/domains/de/test/auto/MergeModel3Add.xml (RunModel)" time="0.049" />
  <testcase classname="ptolemy.util.test.junit.AutoTests" name="[35] /home/travis/build/icyphy/ptII/ptolemy/domains/de/test/auto/MergeWithoutDiscard.xml (RunModel)" time="0.016" />
  <testcase classname="ptolemy.util.test.junit.AutoTests" name="[36] /home/travis/build/icyphy/ptII/ptolemy/domains/de/test/auto/Modal1.xml (RunModel)" time="0.028" />
  <testcase classname="ptolemy.util.test.junit.AutoTests" name="[37] /home/travis/build/icyphy/ptII/ptolemy/domains/de/test/auto/Modal2.xml (RunModel)" time="0.032" />
  <testcase classname="ptolemy.util.test.junit.AutoTests" name="[38] /home/travis/build/icyphy/ptII/ptolemy/domains/de/test/auto/Modal3.xml (RunModel)" time="0.029" />
  <testcase classname="ptolemy.util.test.junit.AutoTests" name="[39] /home/travis/build/icyphy/ptII/ptolemy/domains/de/test/auto/Modal4.xml (RunModel)" time="0.029" />
  <testcase classname="ptolemy.util.test.junit.AutoTests" name="[40] /home/travis/build/icyphy/ptII/ptolemy/domains/de/test/auto/Modal5.xml (RunModel)" time="0.023" />
  <testcase classname="ptolemy.util.test.junit.AutoTests" name="[41] /home/travis/build/icyphy/ptII/ptolemy/domains/de/test/auto/Modal6.xml (RunModel)" time="0.023" />
  <testcase classname="ptolemy.util.test.junit.AutoTests" name="[42] /home/travis/build/icyphy/ptII/ptolemy/domains/de/test/auto/Modal7.xml (RunModel)" time="0.03" />
  <testcase classname="ptolemy.util.test.junit.AutoTests" name="[43] /home/travis/build/icyphy/ptII/ptolemy/domains/de/test/auto/ModalModel.xml (RunModel)" time="0.152" />
  <testcase classname="ptolemy.util.test.junit.AutoTests" name="[44] /home/travis/build/icyphy/ptII/ptolemy/domains/de/test/auto/ModalSource.xml (RunModel)" time="0.021" />
  <testcase classname="ptolemy.util.test.junit.AutoTests" name="[45] /home/travis/build/icyphy/ptII/ptolemy/domains/de/test/auto/NonInterruptibleTimerZeroDelay.xml (RunModel)" time="0.013" />
  <testcase classname="ptolemy.util.test.junit.AutoTests" name="[46] /home/travis/build/icyphy/ptII/ptolemy/domains/de/test/auto/OpenQueueingNetwork.xml (RunModel)" time="2.041" />
  <testcase classname="ptolemy.util.test.junit.AutoTests" name="[47] /home/travis/build/icyphy/ptII/ptolemy/domains/de/test/auto/OpenQueuingNetwork.xml (RunModel)" time="0.253" />
  <testcase classname="ptolemy.util.test.junit.AutoTests" name="[48] /home/travis/build/icyphy/ptII/ptolemy/domains/de/test/auto/PeriodicSampler.xml (RunModel)" time="0.007" />
  <testcase classname="ptolemy.util.test.junit.AutoTests" name="[49] /home/travis/build/icyphy/ptII/ptolemy/domains/de/test/auto/PersistentIO.xml (RunModel)" time="0.017" />
  <testcase classname="ptolemy.util.test.junit.AutoTests" name="[50] /home/travis/build/icyphy/ptII/ptolemy/domains/de/test/auto/PortParameterResetOnInitialize.xml (RunModel)" time="0.007" />
  <testcase classname="ptolemy.util.test.junit.AutoTests" name="[51] /home/travis/build/icyphy/ptII/ptolemy/domains/de/test/auto/PortParameterUpdates.xml (RunModel)" time="0.014" />
  <testcase classname="ptolemy.util.test.junit.AutoTests" name="[52] /home/travis/build/icyphy/ptII/ptolemy/domains/de/test/auto/QueueAndServer.xml (RunModel)" time="0.026" />
  <testcase classname="ptolemy.util.test.junit.AutoTests" name="[53] /home/travis/build/icyphy/ptII/ptolemy/domains/de/test/auto/Records.xml (RunModel)" time="0.021" />
  <testcase classname="ptolemy.util.test.junit.AutoTests" name="[54] /home/travis/build/icyphy/ptII/ptolemy/domains/de/test/auto/ResetTransitionWithStartTime1.xml (RunModel)" time="0.018" />
  <testcase classname="ptolemy.util.test.junit.AutoTests" name="[55] /home/travis/build/icyphy/ptII/ptolemy/domains/de/test/auto/ResetTransitionWithStartTime2.xml (RunModel)" time="0.016" />
  <testcase classname="ptolemy.util.test.junit.AutoTests" name="[56] /home/travis/build/icyphy/ptII/ptolemy/domains/de/test/auto/ResetTransitionWithStartTime3.xml (RunModel)" time="0.02" />
  <testcase classname="ptolemy.util.test.junit.AutoTests" name="[57] /home/travis/build/icyphy/ptII/ptolemy/domains/de/test/auto/ResetTransitionWithStartTime4.xml (RunModel)" time="0.017" />
  <testcase classname="ptolemy.util.test.junit.AutoTests" name="[58] /home/travis/build/icyphy/ptII/ptolemy/domains/de/test/auto/ResettableTimer1.xml (RunModel)" time="0.009" />
  <testcase classname="ptolemy.util.test.junit.AutoTests" name="[59] /home/travis/build/icyphy/ptII/ptolemy/domains/de/test/auto/ResettableTimer2.xml (RunModel)" time="0.01" />
  <testcase classname="ptolemy.util.test.junit.AutoTests" name="[60] /home/travis/build/icyphy/ptII/ptolemy/domains/de/test/auto/ResettableTimer3.xml (RunModel)" time="0.01" />
  <testcase classname="ptolemy.util.test.junit.AutoTests" name="[61] /home/travis/build/icyphy/ptII/ptolemy/domains/de/test/auto/ResettableTimer4.xml (RunModel)" time="0.009" />
  <testcase classname="ptolemy.util.test.junit.AutoTests" name="[62] /home/travis/build/icyphy/ptII/ptolemy/domains/de/test/auto/ResettableTimer5.xml (RunModel)" time="0.009" />
  <testcase classname="ptolemy.util.test.junit.AutoTests" name="[63] /home/travis/build/icyphy/ptII/ptolemy/domains/de/test/auto/ResettableTimer6.xml (RunModel)" time="0.018" />
  <testcase classname="ptolemy.util.test.junit.AutoTests" name="[64] /home/travis/build/icyphy/ptII/ptolemy/domains/de/test/auto/ServerZeroDelay.xml (RunModel)" time="0.011" />
  <testcase classname="ptolemy.util.test.junit.AutoTests" name="[65] /home/travis/build/icyphy/ptII/ptolemy/domains/de/test/auto/SmartSender.xml (RunModel)" time="3.011" />
  <testcase classname="ptolemy.util.test.junit.AutoTests" name="[66] /home/travis/build/icyphy/ptII/ptolemy/domains/de/test/auto/ThreadedComposite.xml (RunModel)" time="0.104" />
  <testcase classname="ptolemy.util.test.junit.AutoTests" name="[67] /home/travis/build/icyphy/ptII/ptolemy/domains/de/test/auto/Time.xml (RunModel)" time="0.426" />
  <testcase classname="ptolemy.util.test.junit.AutoTests" name="[68] /home/travis/build/icyphy/ptII/ptolemy/domains/de/test/auto/TimeDelayZeroDelay.xml (RunModel)" time="0.01" />
  <testcase classname="ptolemy.util.test.junit.AutoTests" name="[69] /home/travis/build/icyphy/ptII/ptolemy/domains/de/test/auto/TimerZeroDelay.xml (RunModel)" time="0.009" />
  <testcase classname="ptolemy.util.test.junit.AutoTests" name="[70] /home/travis/build/icyphy/ptII/ptolemy/domains/de/test/auto/TimingParadox.xml (RunModel)" time="0.341" />
  <testcase classname="ptolemy.util.test.junit.AutoTests" name="[71] /home/travis/build/icyphy/ptII/ptolemy/domains/de/test/auto/TransferInputs.xml (RunModel)" time="0.008" />
  <testcase classname="ptolemy.util.test.junit.AutoTests" name="[72] /home/travis/build/icyphy/ptII/ptolemy/domains/de/test/auto/TransferOutputs2.xml (RunModel)" time="0.014" />
  <testcase classname="ptolemy.util.test.junit.AutoTests" name="[73] /home/travis/build/icyphy/ptII/ptolemy/domains/de/test/auto/Trilateration.xml (RunModel)" time="11.129" />
  <testcase classname="ptolemy.util.test.junit.AutoTests" name="[74] /home/travis/build/icyphy/ptII/ptolemy/domains/de/test/auto/TwoSigmaDelta.xml (RunModel)" time="2.099" />
  <testcase classname="ptolemy.util.test.junit.AutoTests" name="[75] /home/travis/build/icyphy/ptII/ptolemy/domains/de/test/auto/VariableDelay.xml (RunModel)" time="0.013" />
  <testcase classname="ptolemy.util.test.junit.AutoTests" name="[76] /home/travis/build/icyphy/ptII/ptolemy/domains/de/test/auto/VariableDelay2.xml (RunModel)" time="0.009" />
  <testcase classname="ptolemy.util.test.junit.AutoTests" name="[77] /home/travis/build/icyphy/ptII/ptolemy/domains/de/test/auto/VariableDelayZeroDelay.xml (RunModel)" time="0.01" />
  <testcase classname="ptolemy.util.test.junit.AutoTests" name="[78] /home/travis/build/icyphy/ptII/ptolemy/domains/de/test/auto/VariableDelayZeroDelay2.xml (RunModel)" time="0.009" />
  <testcase classname="ptolemy.util.test.junit.AutoTests" name="[79] /home/travis/build/icyphy/ptII/ptolemy/domains/de/test/auto/deInCt.xml (RunModel)" time="0.013" />
  <testcase classname="ptolemy.util.test.junit.AutoTests" name="[80] /home/travis/build/icyphy/ptII/ptolemy/domains/de/test/auto/deInCt2.xml (RunModel)" time="0.014" />
  <testcase classname="ptolemy.util.test.junit.AutoTests" name="[81] /home/travis/build/icyphy/ptII/ptolemy/domains/de/test/auto/dynamicCausalityInterface1.xml (RunModel)" time="0.02" />
  <testcase classname="ptolemy.util.test.junit.AutoTests" name="[82] /home/travis/build/icyphy/ptII/ptolemy/domains/de/test/auto/fsm_de_test.xml (RunModel)" time="0.021" />
  <testcase classname="ptolemy.util.test.junit.AutoTests" name="[83] /home/travis/build/icyphy/ptII/ptolemy/domains/de/test/auto/functionDependencyReconstruction.xml (RunModel)" time="0.031" />
  <testcase classname="ptolemy.util.test.junit.AutoTests" name="[84] /home/travis/build/icyphy/ptII/ptolemy/domains/de/test/auto/multirate.xml (RunModel)" time="0.016" />
  <testcase classname="ptolemy.util.test.junit.AutoTests" name="[85] /home/travis/build/icyphy/ptII/ptolemy/domains/de/test/auto/multirate2.xml (RunModel)" time="0.014" />
  <testcase classname="ptolemy.util.test.junit.AutoTests" name="[86] /home/travis/build/icyphy/ptII/ptolemy/domains/de/test/auto/realtime.xml (RunModel)" time="10.01" />
  <testcase classname="ptolemy.util.test.junit.AutoTests" name="[87] /home/travis/build/icyphy/ptII/ptolemy/domains/de/test/auto/relationGroup.xml (RunModel)" time="0.011" />
  <testcase classname="ptolemy.util.test.junit.AutoTests" name="[88] /home/travis/build/icyphy/ptII/ptolemy/domains/de/test/auto/relationGroup2.xml (RunModel)" time="0.007" />
  <testcase classname="ptolemy.util.test.junit.AutoTests" name="[89] /home/travis/build/icyphy/ptII/ptolemy/domains/de/test/auto/sortWithOpaquePorts.xml (RunModel)" time="0.01" />
  <testcase classname="ptolemy.util.test.junit.AutoTests" name="[90] /home/travis/build/icyphy/ptII/ptolemy/domains/de/test/auto/transferInputsandOutputs.xml (RunModel)" time="0.012" />
  <testcase classname="ptolemy.util.test.junit.AutoTests" name="[91] /home/travis/build/icyphy/ptII/ptolemy/domains/de/test/auto/triggerType.xml (RunModel)" time="0.007" />
  <system-out><![CDATA[/home/travis/build/icyphy/ptII/ptolemy/domains/de/test/DependencyLoop.tcl
testDefs.tcl: setting time out to 9000 seconds at Sat Oct 20 02:35:00 UTC 2018
28 ms. Memory: 116224K Free: 93474K (80%)
15 ms. Memory: 146944K Free: 135467K (92%)
/home/travis/build/icyphy/ptII/ptolemy/domains/de/test/RunDETestsAsQSS.tcl
Run the DE tests using ptolemy.domains.qss.test.QSSDirectorTest, which extends QSSDirector and prints a message in the constructors.
------------------ testing $PTII/ptolemy/domains/de/test/auto/knownFailedTests/dependencyLoop.xml (Known Failure) 
8 ms. Memory: 146944K Free: 132355K (90%)


==== $PTIIhome/travis/build/icyphy/ptII/ptolemy/domains/de/test/../../../../: Auto Automatic test in file $PTII/ptolemy/domains/de/test/auto/knownFailedTests/dependencyLoop.xml
==== Contents of test case:

	    # FIXME: we should use $relativeFilename here, but it
	    # might have backslashes under Windows, which causes no end
	    # of trouble.
	    createAndExecute $file
	    list {}
	
.... Test generated KNOWN error:
    while executing
ptolemy.kernel.util.IllegalActionException: Found a zero delay loop containing .dependencyLoop.original
  in .dependencyLoop and .dependencyLoop.original
	at ptolemy.actor.util.CausalityInterfaceForComposites._computeOutputPortDepth(CausalityInterfaceForComposites.java:759)
	at ptolemy.actor.util.CausalityInterfaceForComposites._computeInputDepth(CausalityInterfaceForComposites.java:696)
	at ptolemy.actor.util.CausalityInterfaceForComposites._computeOutputPortDepth(CausalityInterfaceForComposites.java:765)
	at ptolemy.actor.util.CausalityInterfaceForComposites._computeInputDepth(CausalityInterfaceForComposites.java:696)
	at ptolemy.actor.util.CausalityInterfaceForComposites._computeOutputPortDepth(CausalityInterfaceForComposites.java:765)
	at ptolemy.actor.util.CausalityInterfaceForComposites._computeInputDepth(CausalityInterfaceForComposites.java:696)
	at ptolemy.actor.util.CausalityInterfaceForComposites._computeActorDepth(CausalityInterfaceForComposites.java:532)
	at ptolemy.actor.util.CausalityInterfaceForComposites.checkForCycles(CausalityInterfaceForComposites.java:96)
	at ptolemy.domains.de.kernel.DEDirector.preinitialize(DEDirector.java:1338)
	at ptolemy.actor.CompositeActor.preinitialize(CompositeActor.java:1828)
	at ptolemy.actor.Manager.preinitializeAndResolveTypes(Manager.java:1040)
	at ptolemy.actor.Manager.initialize(Manager.java:710)
	at ptolemy.actor.Manager.execute(Manager.java:356)
	at ptolemy.actor.Manager.run(Manager.java:1263)
	at ptolemy.actor.Manager$PtolemyRunThread.run(Manager.java:1915)

    while executing
ptolemy.kernel.util.IllegalActionException: Found a zero delay loop containing .dependencyLoop.original
  in .dependencyLoop and .dependencyLoop.original
    while executing
"java::new ptolemy.moml.MoMLSimpleApplication $file
"
    (procedure "createAndExecute" line 2)
    invoked from within
"createAndExecute $file"
    ("uplevel" body line 5)
    invoked from within
"uplevel $contents_of_test"
------------------ testing $PTII/ptolemy/domains/de/test/auto/knownFailedTests/DESDFClockTest.xml (Known Failure) 
2063 ms. Memory: 146944K Free: 116562K (79%)


==== $PTIIhome/travis/build/icyphy/ptII/ptolemy/domains/de/test/../../../../: Auto Automatic test in file $PTII/ptolemy/domains/de/test/auto/knownFailedTests/DESDFClockTest.xml
==== Contents of test case:

	    # FIXME: we should use $relativeFilename here, but it
	    # might have backslashes under Windows, which causes no end
	    # of trouble.
	    createAndExecute $file
	    list {}
	
.... Test generated KNOWN error:
    while executing
ptolemy.kernel.util.IllegalActionException: Actor is not ready to fire.  Perhaps UpSample.prefire() returned false? Try debugging the actor by selecting "Listen to Actor".  Also, for SDF check moml for tokenConsumptionRate on input.
  in .DESDFClockTest.Play Bell.Copy1:SDF Director and .DESDFClockTest.Play Bell.UpSample
	at ptolemy.actor.sched.StaticSchedulingDirector.fire(StaticSchedulingDirector.java:227)
	at ptolemy.domains.sdf.kernel.SDFDirector.fire(SDFDirector.java:500)
	at ptolemy.actor.CompositeActor.fire(CompositeActor.java:455)
	at ptolemy.domains.de.kernel.DEDirector._fire(DEDirector.java:1949)
	at ptolemy.domains.de.kernel.DEDirector.fire(DEDirector.java:502)
	at ptolemy.actor.CompositeActor.fire(CompositeActor.java:455)
	at ptolemy.actor.Manager.iterate(Manager.java:851)
	at ptolemy.actor.Manager.execute(Manager.java:369)
	at ptolemy.actor.Manager.run(Manager.java:1263)
	at ptolemy.actor.Manager$PtolemyRunThread.run(Manager.java:1915)

    while executing
ptolemy.kernel.util.IllegalActionException: Actor is not ready to fire.  Perhaps UpSample.prefire() returned false? Try debugging the actor by selecting "Listen to Actor".  Also, for SDF check moml for tokenConsumptionRate on input.
  in .DESDFClockTest.Play Bell.Copy1:SDF Director and .DESDFClockTest.Play Bell.UpSample
    while executing
"java::new ptolemy.moml.MoMLSimpleApplication $file
"
    (procedure "createAndExecute" line 2)
    invoked from within
"createAndExecute $file"
    ("uplevel" body line 5)
    invoked from within
"uplevel $contents_of_test"
------------------ testing $PTII/ptolemy/domains/de/test/auto/knownFailedTests/FSMSource.xml (Known Failure) 
22 ms. Memory: 146944K Free: 107626K (73%)
!!!! Auto was marked as failing, but now passes
------------------ testing $PTII/ptolemy/domains/de/test/auto/knownFailedTests/dependencyLoop2.xml (Known Failure) 
5 ms. Memory: 146944K Free: 105743K (72%)


==== $PTIIhome/travis/build/icyphy/ptII/ptolemy/domains/de/test/../../../../: Auto Automatic test in file $PTII/ptolemy/domains/de/test/auto/knownFailedTests/dependencyLoop2.xml
==== Contents of test case:

	    # FIXME: we should use $relativeFilename here, but it
	    # might have backslashes under Windows, which causes no end
	    # of trouble.
	    createAndExecute $file
	    list {}
	
.... Test generated KNOWN error:
    while executing
ptolemy.kernel.util.IllegalActionException: Found a zero delay loop containing .dependencyLoop2.original
  in .dependencyLoop2 and .dependencyLoop2.original
	at ptolemy.actor.util.CausalityInterfaceForComposites._computeOutputPortDepth(CausalityInterfaceForComposites.java:759)
	at ptolemy.actor.util.CausalityInterfaceForComposites._computeInputDepth(CausalityInterfaceForComposites.java:696)
	at ptolemy.actor.util.CausalityInterfaceForComposites._computeOutputPortDepth(CausalityInterfaceForComposites.java:765)
	at ptolemy.actor.util.CausalityInterfaceForComposites._computeInputDepth(CausalityInterfaceForComposites.java:696)
	at ptolemy.actor.util.CausalityInterfaceForComposites._computeOutputPortDepth(CausalityInterfaceForComposites.java:765)
	at ptolemy.actor.util.CausalityInterfaceForComposites._computeInputDepth(CausalityInterfaceForComposites.java:696)
	at ptolemy.actor.util.CausalityInterfaceForComposites._computeActorDepth(CausalityInterfaceForComposites.java:532)
	at ptolemy.actor.util.CausalityInterfaceForComposites.checkForCycles(CausalityInterfaceForComposites.java:96)
	at ptolemy.domains.de.kernel.DEDirector.preinitialize(DEDirector.java:1338)
	at ptolemy.actor.CompositeActor.preinitialize(CompositeActor.java:1828)
	at ptolemy.actor.Manager.preinitializeAndResolveTypes(Manager.java:1040)
	at ptolemy.actor.Manager.initialize(Manager.java:710)
	at ptolemy.actor.Manager.execute(Manager.java:356)
	at ptolemy.actor.Manager.run(Manager.java:1263)
	at ptolemy.actor.Manager$PtolemyRunThread.run(Manager.java:1915)

    while executing
ptolemy.kernel.util.IllegalActionException: Found a zero delay loop containing .dependencyLoop2.original
  in .dependencyLoop2 and .dependencyLoop2.original
    while executing
"java::new ptolemy.moml.MoMLSimpleApplication $file
"
    (procedure "createAndExecute" line 2)
    invoked from within
"createAndExecute $file"
    ("uplevel" body line 5)
    invoked from within
"uplevel $contents_of_test"
------------------ testing $PTII/ptolemy/domains/de/test/auto/knownFailedTests/HierarchicalModel.xml (Known Failure) 
7 ms. Memory: 146944K Free: 85210K (58%)


==== $PTIIhome/travis/build/icyphy/ptII/ptolemy/domains/de/test/../../../../: Auto Automatic test in file $PTII/ptolemy/domains/de/test/auto/knownFailedTests/HierarchicalModel.xml
==== Contents of test case:

	    # FIXME: we should use $relativeFilename here, but it
	    # might have backslashes under Windows, which causes no end
	    # of trouble.
	    createAndExecute $file
	    list {}
	
.... Test generated KNOWN error:
    while executing
ptolemy.kernel.util.IllegalActionException: Found a zero delay loop containing .HierarchicalModel.A
  in .HierarchicalModel and .HierarchicalModel.A
	at ptolemy.actor.util.CausalityInterfaceForComposites._computeOutputPortDepth(CausalityInterfaceForComposites.java:759)
	at ptolemy.actor.util.CausalityInterfaceForComposites._computeInputDepth(CausalityInterfaceForComposites.java:696)
	at ptolemy.actor.util.CausalityInterfaceForComposites._computeOutputPortDepth(CausalityInterfaceForComposites.java:765)
	at ptolemy.actor.util.CausalityInterfaceForComposites._computeInputDepth(CausalityInterfaceForComposites.java:696)
	at ptolemy.actor.util.CausalityInterfaceForComposites._computeOutputPortDepth(CausalityInterfaceForComposites.java:765)
	at ptolemy.actor.util.CausalityInterfaceForComposites._computeInputDepth(CausalityInterfaceForComposites.java:696)
	at ptolemy.actor.util.CausalityInterfaceForComposites._computeActorDepth(CausalityInterfaceForComposites.java:532)
	at ptolemy.actor.util.CausalityInterfaceForComposites.checkForCycles(CausalityInterfaceForComposites.java:96)
	at ptolemy.domains.de.kernel.DEDirector.preinitialize(DEDirector.java:1338)
	at ptolemy.actor.CompositeActor.preinitialize(CompositeActor.java:1828)
	at ptolemy.actor.Manager.preinitializeAndResolveTypes(Manager.java:1040)
	at ptolemy.actor.Manager.initialize(Manager.java:710)
	at ptolemy.actor.Manager.execute(Manager.java:356)
	at ptolemy.actor.Manager.run(Manager.java:1263)
	at ptolemy.actor.Manager$PtolemyRunThread.run(Manager.java:1915)

    while executing
ptolemy.kernel.util.IllegalActionException: Found a zero delay loop containing .HierarchicalModel.A
  in .HierarchicalModel and .HierarchicalModel.A
    while executing
"java::new ptolemy.moml.MoMLSimpleApplication $file
"
    (procedure "createAndExecute" line 2)
    invoked from within
"createAndExecute $file"
    ("uplevel" body line 5)
    invoked from within
"uplevel $contents_of_test"
------------------ testing $PTII/ptolemy/domains/de/test/auto/knownFailedTests/DirectFeedback.xml (Known Failure) 
15 ms. Memory: 146944K Free: 141125K (96%)


==== $PTIIhome/travis/build/icyphy/ptII/ptolemy/domains/de/test/../../../../: Auto Automatic test in file $PTII/ptolemy/domains/de/test/auto/knownFailedTests/DirectFeedback.xml
==== Contents of test case:

	    # FIXME: we should use $relativeFilename here, but it
	    # might have backslashes under Windows, which causes no end
	    # of trouble.
	    createAndExecute $file
	    list {}
	
.... Test generated KNOWN error:
    while executing
ptolemy.kernel.util.IllegalActionException: Test fails in iteration 1.
Value was: 1.0. Should have been: 2.0
  in .DirectFeedback.Test
	at ptolemy.actor.lib.Test.fire(Test.java:268)
	at ptolemy.domains.de.kernel.DEDirector._fire(DEDirector.java:1949)
	at ptolemy.domains.de.kernel.DEDirector.fire(DEDirector.java:502)
	at ptolemy.actor.CompositeActor.fire(CompositeActor.java:455)
	at ptolemy.actor.Manager.iterate(Manager.java:851)
	at ptolemy.actor.Manager.execute(Manager.java:369)
	at ptolemy.actor.Manager.run(Manager.java:1263)
	at ptolemy.actor.Manager$PtolemyRunThread.run(Manager.java:1915)

    while executing
ptolemy.kernel.util.IllegalActionException: Test fails in iteration 1.
Value was: 1.0. Should have been: 2.0
  in .DirectFeedback.Test
    while executing
"java::new ptolemy.moml.MoMLSimpleApplication $file
"
    (procedure "createAndExecute" line 2)
    invoked from within
"createAndExecute $file"
    ("uplevel" body line 5)
    invoked from within
"uplevel $contents_of_test"
------------------ testing $PTII/ptolemy/domains/de/test/auto/ActorDepthCalculation_actorWithoutPorts.xml
auto.tcl: Setting watchdog for 200 seconds at Sat Oct 20 02:35:03 UTC 2018
4 ms. Memory: 146944K Free: 132474K (90%)
ptolemy.util.test.WatchDog.cancel(): canceling Sat Oct 20 02:35:03 UTC 2018
auto.tcl: Setting watchdog for 200 seconds at Sat Oct 20 02:35:03 UTC 2018
4 ms. Memory: 146944K Free: 131442K (89%)
ptolemy.util.test.WatchDog.cancel(): canceling Sat Oct 20 02:35:03 UTC 2018
------------------ testing $PTII/ptolemy/domains/de/test/auto/AssemblyLine.xml
auto.tcl: Setting watchdog for 200 seconds at Sat Oct 20 02:35:03 UTC 2018
27 ms. Memory: 208384K Free: 182862K (88%)
ptolemy.util.test.WatchDog.cancel(): canceling Sat Oct 20 02:35:04 UTC 2018
auto.tcl: Setting watchdog for 200 seconds at Sat Oct 20 02:35:04 UTC 2018
10 ms. Memory: 208384K Free: 182862K (88%)
ptolemy.util.test.WatchDog.cancel(): canceling Sat Oct 20 02:35:04 UTC 2018
------------------ testing $PTII/ptolemy/domains/de/test/auto/CQBug1.xml
auto.tcl: Setting watchdog for 200 seconds at Sat Oct 20 02:35:04 UTC 2018
8 ms. Memory: 208384K Free: 197720K (95%)
ptolemy.util.test.WatchDog.cancel(): canceling Sat Oct 20 02:35:04 UTC 2018
auto.tcl: Setting watchdog for 200 seconds at Sat Oct 20 02:35:04 UTC 2018
2 ms. Memory: 208384K Free: 197720K (95%)
ptolemy.util.test.WatchDog.cancel(): canceling Sat Oct 20 02:35:04 UTC 2018
------------------ testing $PTII/ptolemy/domains/de/test/auto/CancelFireAt.xml
auto.tcl: Setting watchdog for 200 seconds at Sat Oct 20 02:35:04 UTC 2018
7 ms. Memory: 208384K Free: 201090K (96%)
ptolemy.util.test.WatchDog.cancel(): canceling Sat Oct 20 02:35:04 UTC 2018
auto.tcl: Setting watchdog for 200 seconds at Sat Oct 20 02:35:04 UTC 2018
10 ms. Memory: 208384K Free: 198998K (95%)
ptolemy.util.test.WatchDog.cancel(): canceling Sat Oct 20 02:35:04 UTC 2018
------------------ testing $PTII/ptolemy/domains/de/test/auto/CausalityAndComposabilityAnalysis.xml
auto.tcl: Setting watchdog for 200 seconds at Sat Oct 20 02:35:04 UTC 2018
19 ms. Memory: 208384K Free: 196833K (94%)
ptolemy.util.test.WatchDog.cancel(): canceling Sat Oct 20 02:35:04 UTC 2018
auto.tcl: Setting watchdog for 200 seconds at Sat Oct 20 02:35:04 UTC 2018
7 ms. Memory: 208384K Free: 196496K (94%)
ptolemy.util.test.WatchDog.cancel(): canceling Sat Oct 20 02:35:04 UTC 2018
------------------ testing $PTII/ptolemy/domains/de/test/auto/CausalityInterface1.xml
auto.tcl: Setting watchdog for 200 seconds at Sat Oct 20 02:35:04 UTC 2018
8 ms. Memory: 208384K Free: 196409K (94%)
ptolemy.util.test.WatchDog.cancel(): canceling Sat Oct 20 02:35:04 UTC 2018
auto.tcl: Setting watchdog for 200 seconds at Sat Oct 20 02:35:04 UTC 2018
4 ms. Memory: 208384K Free: 196409K (94%)
ptolemy.util.test.WatchDog.cancel(): canceling Sat Oct 20 02:35:04 UTC 2018
------------------ testing $PTII/ptolemy/domains/de/test/auto/CausalityInterface15.xml
auto.tcl: Setting watchdog for 200 seconds at Sat Oct 20 02:35:04 UTC 2018
4 ms. Memory: 208384K Free: 196417K (94%)
ptolemy.util.test.WatchDog.cancel(): canceling Sat Oct 20 02:35:04 UTC 2018
auto.tcl: Setting watchdog for 200 seconds at Sat Oct 20 02:35:04 UTC 2018
4 ms. Memory: 208384K Free: 196417K (94%)
ptolemy.util.test.WatchDog.cancel(): canceling Sat Oct 20 02:35:04 UTC 2018
------------------ testing $PTII/ptolemy/domains/de/test/auto/CausalityInterface2.xml
auto.tcl: Setting watchdog for 200 seconds at Sat Oct 20 02:35:04 UTC 2018
8 ms. Memory: 208384K Free: 196385K (94%)
ptolemy.util.test.WatchDog.cancel(): canceling Sat Oct 20 02:35:04 UTC 2018
auto.tcl: Setting watchdog for 200 seconds at Sat Oct 20 02:35:04 UTC 2018
2 ms. Memory: 208384K Free: 196385K (94%)
ptolemy.util.test.WatchDog.cancel(): canceling Sat Oct 20 02:35:04 UTC 2018
------------------ testing $PTII/ptolemy/domains/de/test/auto/CausalityInterface3.xml
auto.tcl: Setting watchdog for 200 seconds at Sat Oct 20 02:35:04 UTC 2018
6 ms. Memory: 208384K Free: 196751K (94%)
ptolemy.util.test.WatchDog.cancel(): canceling Sat Oct 20 02:35:04 UTC 2018
auto.tcl: Setting watchdog for 200 seconds at Sat Oct 20 02:35:04 UTC 2018
3 ms. Memory: 208384K Free: 196414K (94%)
ptolemy.util.test.WatchDog.cancel(): canceling Sat Oct 20 02:35:04 UTC 2018
------------------ testing $PTII/ptolemy/domains/de/test/auto/ClockDrift.xml
auto.tcl: Setting watchdog for 200 seconds at Sat Oct 20 02:35:04 UTC 2018
89 ms. Memory: 208384K Free: 187637K (90%)
ptolemy.util.test.WatchDog.cancel(): canceling Sat Oct 20 02:35:04 UTC 2018
auto.tcl: Setting watchdog for 200 seconds at Sat Oct 20 02:35:04 UTC 2018
34 ms. Memory: 208384K Free: 185529K (89%)
ptolemy.util.test.WatchDog.cancel(): canceling Sat Oct 20 02:35:04 UTC 2018
------------------ testing $PTII/ptolemy/domains/de/test/auto/ClockDriftAndValueChange.xml
auto.tcl: Setting watchdog for 200 seconds at Sat Oct 20 02:35:05 UTC 2018
25 ms. Memory: 208384K Free: 187471K (90%)
ptolemy.util.test.WatchDog.cancel(): canceling Sat Oct 20 02:35:05 UTC 2018
auto.tcl: Setting watchdog for 200 seconds at Sat Oct 20 02:35:05 UTC 2018
27 ms. Memory: 208384K Free: 185363K (89%)
ptolemy.util.test.WatchDog.cancel(): canceling Sat Oct 20 02:35:05 UTC 2018
------------------ testing $PTII/ptolemy/domains/de/test/auto/ClockDriftChange.xml
auto.tcl: Setting watchdog for 200 seconds at Sat Oct 20 02:35:05 UTC 2018
43 ms. Memory: 208384K Free: 190825K (92%)
ptolemy.util.test.WatchDog.cancel(): canceling Sat Oct 20 02:35:05 UTC 2018
auto.tcl: Setting watchdog for 200 seconds at Sat Oct 20 02:35:05 UTC 2018
27 ms. Memory: 208384K Free: 188717K (91%)
ptolemy.util.test.WatchDog.cancel(): canceling Sat Oct 20 02:35:05 UTC 2018
------------------ testing $PTII/ptolemy/domains/de/test/auto/ComposableCausalityAnalysis.xml
auto.tcl: Setting watchdog for 200 seconds at Sat Oct 20 02:35:05 UTC 2018
1 ms. Memory: 208384K Free: 196272K (94%)
ptolemy.util.test.WatchDog.cancel(): canceling Sat Oct 20 02:35:05 UTC 2018
auto.tcl: Setting watchdog for 200 seconds at Sat Oct 20 02:35:05 UTC 2018
2 ms. Memory: 208384K Free: 194172K (93%)
ptolemy.util.test.WatchDog.cancel(): canceling Sat Oct 20 02:35:05 UTC 2018
------------------ testing $PTII/ptolemy/domains/de/test/auto/DEFixedPointLimitation.xml
auto.tcl: Setting watchdog for 200 seconds at Sat Oct 20 02:35:05 UTC 2018
2 ms. Memory: 208384K Free: 196471K (94%)
ptolemy.util.test.WatchDog.cancel(): canceling Sat Oct 20 02:35:05 UTC 2018
auto.tcl: Setting watchdog for 200 seconds at Sat Oct 20 02:35:05 UTC 2018
1 ms. Memory: 208384K Free: 196471K (94%)
ptolemy.util.test.WatchDog.cancel(): canceling Sat Oct 20 02:35:05 UTC 2018
------------------ testing $PTII/ptolemy/domains/de/test/auto/DEScheduleTest.xml
auto.tcl: Setting watchdog for 200 seconds at Sat Oct 20 02:35:05 UTC 2018
5 ms. Memory: 208384K Free: 198277K (95%)
ptolemy.util.test.WatchDog.cancel(): canceling Sat Oct 20 02:35:05 UTC 2018
auto.tcl: Setting watchdog for 200 seconds at Sat Oct 20 02:35:05 UTC 2018
2 ms. Memory: 208384K Free: 196169K (94%)
ptolemy.util.test.WatchDog.cancel(): canceling Sat Oct 20 02:35:05 UTC 2018
------------------ testing $PTII/ptolemy/domains/de/test/auto/DEinDEwithStartTimes.xml
auto.tcl: Setting watchdog for 200 seconds at Sat Oct 20 02:35:05 UTC 2018
3 ms. Memory: 208384K Free: 196146K (94%)
ptolemy.util.test.WatchDog.cancel(): canceling Sat Oct 20 02:35:05 UTC 2018
auto.tcl: Setting watchdog for 200 seconds at Sat Oct 20 02:35:05 UTC 2018
3 ms. Memory: 208384K Free: 194038K (93%)
ptolemy.util.test.WatchDog.cancel(): canceling Sat Oct 20 02:35:05 UTC 2018
------------------ testing $PTII/ptolemy/domains/de/test/auto/DEinDEwithStartTimes2.xml
auto.tcl: Setting watchdog for 200 seconds at Sat Oct 20 02:35:05 UTC 2018
8 ms. Memory: 208384K Free: 196487K (94%)
ptolemy.util.test.WatchDog.cancel(): canceling Sat Oct 20 02:35:05 UTC 2018
auto.tcl: Setting watchdog for 200 seconds at Sat Oct 20 02:35:05 UTC 2018
4 ms. Memory: 208384K Free: 194041K (93%)
ptolemy.util.test.WatchDog.cancel(): canceling Sat Oct 20 02:35:05 UTC 2018
------------------ testing $PTII/ptolemy/domains/de/test/auto/DateDemo.xml
auto.tcl: Setting watchdog for 200 seconds at Sat Oct 20 02:35:05 UTC 2018
14 ms. Memory: 208384K Free: 188595K (91%)
ptolemy.util.test.WatchDog.cancel(): canceling Sat Oct 20 02:35:05 UTC 2018
auto.tcl: Setting watchdog for 200 seconds at Sat Oct 20 02:35:05 UTC 2018
8 ms. Memory: 208384K Free: 186486K (89%)
ptolemy.util.test.WatchDog.cancel(): canceling Sat Oct 20 02:35:05 UTC 2018
------------------ testing $PTII/ptolemy/domains/de/test/auto/DateToEvent.xml
auto.tcl: Setting watchdog for 200 seconds at Sat Oct 20 02:35:05 UTC 2018
2019 ms. Memory: 208384K Free: 183276K (88%)
ptolemy.util.test.WatchDog.cancel(): canceling Sat Oct 20 02:35:08 UTC 2018
auto.tcl: Setting watchdog for 200 seconds at Sat Oct 20 02:35:08 UTC 2018
2007 ms. Memory: 208384K Free: 180819K (87%)
ptolemy.util.test.WatchDog.cancel(): canceling Sat Oct 20 02:35:10 UTC 2018
------------------ testing $PTII/ptolemy/domains/de/test/auto/DepthTest1.xml
auto.tcl: Setting watchdog for 200 seconds at Sat Oct 20 02:35:10 UTC 2018
4 ms. Memory: 208384K Free: 197480K (95%)
ptolemy.util.test.WatchDog.cancel(): canceling Sat Oct 20 02:35:10 UTC 2018
auto.tcl: Setting watchdog for 200 seconds at Sat Oct 20 02:35:10 UTC 2018
4 ms. Memory: 208384K Free: 197480K (95%)
ptolemy.util.test.WatchDog.cancel(): canceling Sat Oct 20 02:35:10 UTC 2018
------------------ testing $PTII/ptolemy/domains/de/test/auto/DepthTest2.xml
auto.tcl: Setting watchdog for 200 seconds at Sat Oct 20 02:35:10 UTC 2018
6 ms. Memory: 208384K Free: 193695K (93%)
ptolemy.util.test.WatchDog.cancel(): canceling Sat Oct 20 02:35:10 UTC 2018
auto.tcl: Setting watchdog for 200 seconds at Sat Oct 20 02:35:10 UTC 2018
3 ms. Memory: 208384K Free: 193695K (93%)
ptolemy.util.test.WatchDog.cancel(): canceling Sat Oct 20 02:35:10 UTC 2018
------------------ testing $PTII/ptolemy/domains/de/test/auto/DepthTest3.xml
auto.tcl: Setting watchdog for 200 seconds at Sat Oct 20 02:35:10 UTC 2018
2 ms. Memory: 208384K Free: 198151K (95%)
ptolemy.util.test.WatchDog.cancel(): canceling Sat Oct 20 02:35:10 UTC 2018
auto.tcl: Setting watchdog for 200 seconds at Sat Oct 20 02:35:10 UTC 2018
2 ms. Memory: 208384K Free: 198151K (95%)
ptolemy.util.test.WatchDog.cancel(): canceling Sat Oct 20 02:35:10 UTC 2018
------------------ testing $PTII/ptolemy/domains/de/test/auto/DepthTest4.xml
auto.tcl: Setting watchdog for 200 seconds at Sat Oct 20 02:35:10 UTC 2018
7 ms. Memory: 208384K Free: 195809K (94%)
ptolemy.util.test.WatchDog.cancel(): canceling Sat Oct 20 02:35:10 UTC 2018
auto.tcl: Setting watchdog for 200 seconds at Sat Oct 20 02:35:10 UTC 2018
3 ms. Memory: 208384K Free: 195809K (94%)
ptolemy.util.test.WatchDog.cancel(): canceling Sat Oct 20 02:35:10 UTC 2018
------------------ testing $PTII/ptolemy/domains/de/test/auto/DepthTest5.xml
auto.tcl: Setting watchdog for 200 seconds at Sat Oct 20 02:35:10 UTC 2018
3 ms. Memory: 208384K Free: 195772K (94%)
ptolemy.util.test.WatchDog.cancel(): canceling Sat Oct 20 02:35:10 UTC 2018
auto.tcl: Setting watchdog for 200 seconds at Sat Oct 20 02:35:10 UTC 2018
3 ms. Memory: 208384K Free: 195772K (94%)
ptolemy.util.test.WatchDog.cancel(): canceling Sat Oct 20 02:35:10 UTC 2018
------------------ testing $PTII/ptolemy/domains/de/test/auto/DepthTest6.xml
auto.tcl: Setting watchdog for 200 seconds at Sat Oct 20 02:35:10 UTC 2018
6 ms. Memory: 208384K Free: 196086K (94%)
ptolemy.util.test.WatchDog.cancel(): canceling Sat Oct 20 02:35:10 UTC 2018
auto.tcl: Setting watchdog for 200 seconds at Sat Oct 20 02:35:10 UTC 2018
3 ms. Memory: 208384K Free: 196086K (94%)
ptolemy.util.test.WatchDog.cancel(): canceling Sat Oct 20 02:35:10 UTC 2018
------------------ testing $PTII/ptolemy/domains/de/test/auto/DepthTest7.xml
auto.tcl: Setting watchdog for 200 seconds at Sat Oct 20 02:35:10 UTC 2018
2 ms. Memory: 208384K Free: 195697K (94%)
ptolemy.util.test.WatchDog.cancel(): canceling Sat Oct 20 02:35:10 UTC 2018
auto.tcl: Setting watchdog for 200 seconds at Sat Oct 20 02:35:10 UTC 2018
2 ms. Memory: 208384K Free: 195697K (94%)
ptolemy.util.test.WatchDog.cancel(): canceling Sat Oct 20 02:35:10 UTC 2018
------------------ testing $PTII/ptolemy/domains/de/test/auto/EventToDate.xml
auto.tcl: Setting watchdog for 200 seconds at Sat Oct 20 02:35:10 UTC 2018
3009 ms. Memory: 208384K Free: 185249K (89%)
ptolemy.util.test.WatchDog.cancel(): canceling Sat Oct 20 02:35:13 UTC 2018
auto.tcl: Setting watchdog for 200 seconds at Sat Oct 20 02:35:13 UTC 2018
3003 ms. Memory: 208384K Free: 185249K (89%)
ptolemy.util.test.WatchDog.cancel(): canceling Sat Oct 20 02:35:16 UTC 2018
------------------ testing $PTII/ptolemy/domains/de/test/auto/FSM1.xml
auto.tcl: Setting watchdog for 200 seconds at Sat Oct 20 02:35:16 UTC 2018
40 ms. Memory: 208384K Free: 188740K (91%)
ptolemy.util.test.WatchDog.cancel(): canceling Sat Oct 20 02:35:16 UTC 2018
auto.tcl: Setting watchdog for 200 seconds at Sat Oct 20 02:35:16 UTC 2018
23 ms. Memory: 208384K Free: 184548K (89%)
ptolemy.util.test.WatchDog.cancel(): canceling Sat Oct 20 02:35:16 UTC 2018
------------------ testing $PTII/ptolemy/domains/de/test/auto/FSM7.xml
auto.tcl: Setting watchdog for 200 seconds at Sat Oct 20 02:35:16 UTC 2018
27 ms. Memory: 208384K Free: 186859K (90%)
ptolemy.util.test.WatchDog.cancel(): canceling Sat Oct 20 02:35:16 UTC 2018
auto.tcl: Setting watchdog for 200 seconds at Sat Oct 20 02:35:16 UTC 2018
15 ms. Memory: 208384K Free: 184750K (89%)
ptolemy.util.test.WatchDog.cancel(): canceling Sat Oct 20 02:35:16 UTC 2018
------------------ testing $PTII/ptolemy/domains/de/test/auto/Inspection.xml
auto.tcl: Setting watchdog for 200 seconds at Sat Oct 20 02:35:17 UTC 2018
18 ms. Memory: 208384K Free: 188402K (90%)
ptolemy.util.test.WatchDog.cancel(): canceling Sat Oct 20 02:35:17 UTC 2018
auto.tcl: Setting watchdog for 200 seconds at Sat Oct 20 02:35:17 UTC 2018
27 ms. Memory: 208384K Free: 186294K (89%)
ptolemy.util.test.WatchDog.cancel(): canceling Sat Oct 20 02:35:17 UTC 2018
------------------ testing $PTII/ptolemy/domains/de/test/auto/Iteration.xml
auto.tcl: Setting watchdog for 200 seconds at Sat Oct 20 02:35:17 UTC 2018
7 ms. Memory: 208384K Free: 195856K (94%)
ptolemy.util.test.WatchDog.cancel(): canceling Sat Oct 20 02:35:17 UTC 2018
auto.tcl: Setting watchdog for 200 seconds at Sat Oct 20 02:35:17 UTC 2018
7 ms. Memory: 208384K Free: 193748K (93%)
ptolemy.util.test.WatchDog.cancel(): canceling Sat Oct 20 02:35:17 UTC 2018
------------------ testing $PTII/ptolemy/domains/de/test/auto/LineFault.xml
auto.tcl: Setting watchdog for 200 seconds at Sat Oct 20 02:35:17 UTC 2018
712 ms. Memory: 208384K Free: 195978K (94%)
ptolemy.util.test.WatchDog.cancel(): canceling Sat Oct 20 02:35:18 UTC 2018
auto.tcl: Setting watchdog for 200 seconds at Sat Oct 20 02:35:18 UTC 2018
606 ms. Memory: 208384K Free: 138764K (67%)
ptolemy.util.test.WatchDog.cancel(): canceling Sat Oct 20 02:35:18 UTC 2018
------------------ testing $PTII/ptolemy/domains/de/test/auto/MergeModel1Add.xml
auto.tcl: Setting watchdog for 200 seconds at Sat Oct 20 02:35:18 UTC 2018
26 ms. Memory: 331264K Free: 298283K (90%)
ptolemy.util.test.WatchDog.cancel(): canceling Sat Oct 20 02:35:19 UTC 2018
auto.tcl: Setting watchdog for 200 seconds at Sat Oct 20 02:35:19 UTC 2018
10 ms. Memory: 331264K Free: 298283K (90%)
ptolemy.util.test.WatchDog.cancel(): canceling Sat Oct 20 02:35:19 UTC 2018
------------------ testing $PTII/ptolemy/domains/de/test/auto/MergeModel2Add.xml
auto.tcl: Setting watchdog for 200 seconds at Sat Oct 20 02:35:19 UTC 2018
9 ms. Memory: 331264K Free: 303570K (92%)
ptolemy.util.test.WatchDog.cancel(): canceling Sat Oct 20 02:35:19 UTC 2018
auto.tcl: Setting watchdog for 200 seconds at Sat Oct 20 02:35:19 UTC 2018
12 ms. Memory: 331264K Free: 299613K (90%)
ptolemy.util.test.WatchDog.cancel(): canceling Sat Oct 20 02:35:19 UTC 2018
------------------ testing $PTII/ptolemy/domains/de/test/auto/MergeModel3Add.xml
auto.tcl: Setting watchdog for 200 seconds at Sat Oct 20 02:35:19 UTC 2018
10 ms. Memory: 331264K Free: 303580K (92%)
ptolemy.util.test.WatchDog.cancel(): canceling Sat Oct 20 02:35:19 UTC 2018
auto.tcl: Setting watchdog for 200 seconds at Sat Oct 20 02:35:19 UTC 2018
7 ms. Memory: 331264K Free: 299631K (90%)
ptolemy.util.test.WatchDog.cancel(): canceling Sat Oct 20 02:35:19 UTC 2018
------------------ testing $PTII/ptolemy/domains/de/test/auto/MergeWithoutDiscard.xml
auto.tcl: Setting watchdog for 200 seconds at Sat Oct 20 02:35:19 UTC 2018
4 ms. Memory: 331264K Free: 319691K (97%)
ptolemy.util.test.WatchDog.cancel(): canceling Sat Oct 20 02:35:19 UTC 2018
auto.tcl: Setting watchdog for 200 seconds at Sat Oct 20 02:35:19 UTC 2018
1 ms. Memory: 331264K Free: 315742K (95%)
ptolemy.util.test.WatchDog.cancel(): canceling Sat Oct 20 02:35:19 UTC 2018
------------------ testing $PTII/ptolemy/domains/de/test/auto/Modal1.xml
auto.tcl: Setting watchdog for 200 seconds at Sat Oct 20 02:35:19 UTC 2018
20 ms. Memory: 331264K Free: 309341K (93%)
ptolemy.util.test.WatchDog.cancel(): canceling Sat Oct 20 02:35:19 UTC 2018
auto.tcl: Setting watchdog for 200 seconds at Sat Oct 20 02:35:19 UTC 2018
17 ms. Memory: 331264K Free: 305391K (92%)
ptolemy.util.test.WatchDog.cancel(): canceling Sat Oct 20 02:35:19 UTC 2018
------------------ testing $PTII/ptolemy/domains/de/test/auto/Modal2.xml
auto.tcl: Setting watchdog for 200 seconds at Sat Oct 20 02:35:19 UTC 2018
10 ms. Memory: 331264K Free: 309204K (93%)
ptolemy.util.test.WatchDog.cancel(): canceling Sat Oct 20 02:35:19 UTC 2018
auto.tcl: Setting watchdog for 200 seconds at Sat Oct 20 02:35:19 UTC 2018
11 ms. Memory: 331264K Free: 305255K (92%)
ptolemy.util.test.WatchDog.cancel(): canceling Sat Oct 20 02:35:19 UTC 2018
------------------ testing $PTII/ptolemy/domains/de/test/auto/Modal3.xml
auto.tcl: Setting watchdog for 200 seconds at Sat Oct 20 02:35:19 UTC 2018
17 ms. Memory: 331264K Free: 309287K (93%)
ptolemy.util.test.WatchDog.cancel(): canceling Sat Oct 20 02:35:19 UTC 2018
auto.tcl: Setting watchdog for 200 seconds at Sat Oct 20 02:35:19 UTC 2018
13 ms. Memory: 331264K Free: 305036K (92%)
ptolemy.util.test.WatchDog.cancel(): canceling Sat Oct 20 02:35:19 UTC 2018
------------------ testing $PTII/ptolemy/domains/de/test/auto/Modal4.xml
auto.tcl: Setting watchdog for 200 seconds at Sat Oct 20 02:35:19 UTC 2018
15 ms. Memory: 331264K Free: 309006K (93%)
ptolemy.util.test.WatchDog.cancel(): canceling Sat Oct 20 02:35:19 UTC 2018
auto.tcl: Setting watchdog for 200 seconds at Sat Oct 20 02:35:19 UTC 2018
23 ms. Memory: 331264K Free: 305041K (92%)
ptolemy.util.test.WatchDog.cancel(): canceling Sat Oct 20 02:35:19 UTC 2018
------------------ testing $PTII/ptolemy/domains/de/test/auto/Modal5.xml
auto.tcl: Setting watchdog for 200 seconds at Sat Oct 20 02:35:19 UTC 2018
10 ms. Memory: 331264K Free: 308994K (93%)
ptolemy.util.test.WatchDog.cancel(): canceling Sat Oct 20 02:35:19 UTC 2018
auto.tcl: Setting watchdog for 200 seconds at Sat Oct 20 02:35:19 UTC 2018
11 ms. Memory: 331264K Free: 305029K (92%)
ptolemy.util.test.WatchDog.cancel(): canceling Sat Oct 20 02:35:19 UTC 2018
------------------ testing $PTII/ptolemy/domains/de/test/auto/Modal6.xml
auto.tcl: Setting watchdog for 200 seconds at Sat Oct 20 02:35:19 UTC 2018
15 ms. Memory: 331264K Free: 308984K (93%)
ptolemy.util.test.WatchDog.cancel(): canceling Sat Oct 20 02:35:20 UTC 2018
auto.tcl: Setting watchdog for 200 seconds at Sat Oct 20 02:35:20 UTC 2018
16 ms. Memory: 331264K Free: 305019K (92%)
ptolemy.util.test.WatchDog.cancel(): canceling Sat Oct 20 02:35:20 UTC 2018
------------------ testing $PTII/ptolemy/domains/de/test/auto/Modal7.xml
auto.tcl: Setting watchdog for 200 seconds at Sat Oct 20 02:35:20 UTC 2018
16 ms. Memory: 331264K Free: 308992K (93%)
ptolemy.util.test.WatchDog.cancel(): canceling Sat Oct 20 02:35:20 UTC 2018
auto.tcl: Setting watchdog for 200 seconds at Sat Oct 20 02:35:20 UTC 2018
10 ms. Memory: 331264K Free: 305027K (92%)
ptolemy.util.test.WatchDog.cancel(): canceling Sat Oct 20 02:35:20 UTC 2018
------------------ testing $PTII/ptolemy/domains/de/test/auto/ModalModel.xml
auto.tcl: Setting watchdog for 200 seconds at Sat Oct 20 02:35:20 UTC 2018
205 ms. Memory: 331264K Free: 245206K (74%)
ptolemy.util.test.WatchDog.cancel(): canceling Sat Oct 20 02:35:20 UTC 2018
auto.tcl: Setting watchdog for 200 seconds at Sat Oct 20 02:35:20 UTC 2018
172 ms. Memory: 331264K Free: 189757K (57%)
ptolemy.util.test.WatchDog.cancel(): canceling Sat Oct 20 02:35:20 UTC 2018
------------------ testing $PTII/ptolemy/domains/de/test/auto/ModalSource.xml
auto.tcl: Setting watchdog for 200 seconds at Sat Oct 20 02:35:20 UTC 2018
9 ms. Memory: 331264K Free: 315783K (95%)
ptolemy.util.test.WatchDog.cancel(): canceling Sat Oct 20 02:35:20 UTC 2018
auto.tcl: Setting watchdog for 200 seconds at Sat Oct 20 02:35:20 UTC 2018
6 ms. Memory: 331264K Free: 312252K (94%)
ptolemy.util.test.WatchDog.cancel(): canceling Sat Oct 20 02:35:20 UTC 2018
------------------ testing $PTII/ptolemy/domains/de/test/auto/NonInterruptibleTimerZeroDelay.xml
auto.tcl: Setting watchdog for 200 seconds at Sat Oct 20 02:35:20 UTC 2018
4 ms. Memory: 331264K Free: 320153K (97%)
ptolemy.util.test.WatchDog.cancel(): canceling Sat Oct 20 02:35:20 UTC 2018
auto.tcl: Setting watchdog for 200 seconds at Sat Oct 20 02:35:20 UTC 2018
2 ms. Memory: 331264K Free: 316621K (96%)
ptolemy.util.test.WatchDog.cancel(): canceling Sat Oct 20 02:35:20 UTC 2018
------------------ testing $PTII/ptolemy/domains/de/test/auto/OpenQueueingNetwork.xml
auto.tcl: Setting watchdog for 200 seconds at Sat Oct 20 02:35:20 UTC 2018
2521 ms. Memory: 317952K Free: 164105K (52%)
ptolemy.util.test.WatchDog.cancel(): canceling Sat Oct 20 02:35:23 UTC 2018
auto.tcl: Setting watchdog for 200 seconds at Sat Oct 20 02:35:23 UTC 2018
2242 ms. Memory: 287232K Free: 235545K (82%)
ptolemy.util.test.WatchDog.cancel(): canceling Sat Oct 20 02:35:25 UTC 2018
------------------ testing $PTII/ptolemy/domains/de/test/auto/OpenQueuingNetwork.xml
auto.tcl: Setting watchdog for 200 seconds at Sat Oct 20 02:35:25 UTC 2018
229 ms. Memory: 287232K Free: 189853K (66%)
ptolemy.util.test.WatchDog.cancel(): canceling Sat Oct 20 02:35:26 UTC 2018
auto.tcl: Setting watchdog for 200 seconds at Sat Oct 20 02:35:26 UTC 2018
224 ms. Memory: 287232K Free: 129156K (45%)
ptolemy.util.test.WatchDog.cancel(): canceling Sat Oct 20 02:35:26 UTC 2018
------------------ testing $PTII/ptolemy/domains/de/test/auto/PeriodicSampler.xml
auto.tcl: Setting watchdog for 200 seconds at Sat Oct 20 02:35:26 UTC 2018
2 ms. Memory: 289792K Free: 274114K (95%)
ptolemy.util.test.WatchDog.cancel(): canceling Sat Oct 20 02:35:26 UTC 2018
auto.tcl: Setting watchdog for 200 seconds at Sat Oct 20 02:35:26 UTC 2018
2 ms. Memory: 289792K Free: 274114K (95%)
ptolemy.util.test.WatchDog.cancel(): canceling Sat Oct 20 02:35:26 UTC 2018
------------------ testing $PTII/ptolemy/domains/de/test/auto/PersistentIO.xml
auto.tcl: Setting watchdog for 200 seconds at Sat Oct 20 02:35:26 UTC 2018
4 ms. Memory: 287232K Free: 266357K (93%)
ptolemy.util.test.WatchDog.cancel(): canceling Sat Oct 20 02:35:26 UTC 2018
auto.tcl: Setting watchdog for 200 seconds at Sat Oct 20 02:35:26 UTC 2018
4 ms. Memory: 287232K Free: 266357K (93%)
ptolemy.util.test.WatchDog.cancel(): canceling Sat Oct 20 02:35:26 UTC 2018
------------------ testing $PTII/ptolemy/domains/de/test/auto/PortParameterResetOnInitialize.xml
auto.tcl: Setting watchdog for 200 seconds at Sat Oct 20 02:35:26 UTC 2018
5 ms. Memory: 289280K Free: 273961K (95%)
ptolemy.util.test.WatchDog.cancel(): canceling Sat Oct 20 02:35:26 UTC 2018
auto.tcl: Setting watchdog for 200 seconds at Sat Oct 20 02:35:26 UTC 2018
2 ms. Memory: 289280K Free: 273961K (95%)
ptolemy.util.test.WatchDog.cancel(): canceling Sat Oct 20 02:35:26 UTC 2018
------------------ testing $PTII/ptolemy/domains/de/test/auto/PortParameterUpdates.xml
auto.tcl: Setting watchdog for 200 seconds at Sat Oct 20 02:35:26 UTC 2018
3 ms. Memory: 287232K Free: 272147K (95%)
ptolemy.util.test.WatchDog.cancel(): canceling Sat Oct 20 02:35:26 UTC 2018
auto.tcl: Setting watchdog for 200 seconds at Sat Oct 20 02:35:26 UTC 2018
4 ms. Memory: 287232K Free: 269241K (94%)
ptolemy.util.test.WatchDog.cancel(): canceling Sat Oct 20 02:35:26 UTC 2018
------------------ testing $PTII/ptolemy/domains/de/test/auto/QueueAndServer.xml
auto.tcl: Setting watchdog for 200 seconds at Sat Oct 20 02:35:26 UTC 2018
23 ms. Memory: 289280K Free: 273219K (94%)
ptolemy.util.test.WatchDog.cancel(): canceling Sat Oct 20 02:35:26 UTC 2018
auto.tcl: Setting watchdog for 200 seconds at Sat Oct 20 02:35:26 UTC 2018
7 ms. Memory: 289280K Free: 273219K (94%)
ptolemy.util.test.WatchDog.cancel(): canceling Sat Oct 20 02:35:26 UTC 2018
------------------ testing $PTII/ptolemy/domains/de/test/auto/Records.xml
auto.tcl: Setting watchdog for 200 seconds at Sat Oct 20 02:35:26 UTC 2018
4 ms. Memory: 287232K Free: 274009K (95%)
ptolemy.util.test.WatchDog.cancel(): canceling Sat Oct 20 02:35:26 UTC 2018
auto.tcl: Setting watchdog for 200 seconds at Sat Oct 20 02:35:26 UTC 2018
1 ms. Memory: 287232K Free: 274009K (95%)
ptolemy.util.test.WatchDog.cancel(): canceling Sat Oct 20 02:35:26 UTC 2018
------------------ testing $PTII/ptolemy/domains/de/test/auto/ResetTransitionWithStartTime1.xml
auto.tcl: Setting watchdog for 200 seconds at Sat Oct 20 02:35:26 UTC 2018
15 ms. Memory: 288768K Free: 272674K (94%)
ptolemy.util.test.WatchDog.cancel(): canceling Sat Oct 20 02:35:26 UTC 2018
auto.tcl: Setting watchdog for 200 seconds at Sat Oct 20 02:35:26 UTC 2018
5 ms. Memory: 288768K Free: 269768K (93%)
ptolemy.util.test.WatchDog.cancel(): canceling Sat Oct 20 02:35:27 UTC 2018
------------------ testing $PTII/ptolemy/domains/de/test/auto/ResetTransitionWithStartTime2.xml
auto.tcl: Setting watchdog for 200 seconds at Sat Oct 20 02:35:27 UTC 2018
4 ms. Memory: 287232K Free: 271221K (94%)
ptolemy.util.test.WatchDog.cancel(): canceling Sat Oct 20 02:35:27 UTC 2018
auto.tcl: Setting watchdog for 200 seconds at Sat Oct 20 02:35:27 UTC 2018
7 ms. Memory: 287232K Free: 268315K (93%)
ptolemy.util.test.WatchDog.cancel(): canceling Sat Oct 20 02:35:27 UTC 2018
------------------ testing $PTII/ptolemy/domains/de/test/auto/ResetTransitionWithStartTime3.xml
auto.tcl: Setting watchdog for 200 seconds at Sat Oct 20 02:35:27 UTC 2018
7 ms. Memory: 288768K Free: 272663K (94%)
ptolemy.util.test.WatchDog.cancel(): canceling Sat Oct 20 02:35:27 UTC 2018
auto.tcl: Setting watchdog for 200 seconds at Sat Oct 20 02:35:27 UTC 2018
5 ms. Memory: 288768K Free: 269765K (93%)
ptolemy.util.test.WatchDog.cancel(): canceling Sat Oct 20 02:35:27 UTC 2018
------------------ testing $PTII/ptolemy/domains/de/test/auto/ResetTransitionWithStartTime4.xml
auto.tcl: Setting watchdog for 200 seconds at Sat Oct 20 02:35:27 UTC 2018
4 ms. Memory: 287232K Free: 271142K (94%)
ptolemy.util.test.WatchDog.cancel(): canceling Sat Oct 20 02:35:27 UTC 2018
auto.tcl: Setting watchdog for 200 seconds at Sat Oct 20 02:35:27 UTC 2018
3 ms. Memory: 287232K Free: 271142K (94%)
ptolemy.util.test.WatchDog.cancel(): canceling Sat Oct 20 02:35:27 UTC 2018
------------------ testing $PTII/ptolemy/domains/de/test/auto/ResettableTimer1.xml
auto.tcl: Setting watchdog for 200 seconds at Sat Oct 20 02:35:27 UTC 2018
3 ms. Memory: 288768K Free: 275570K (95%)
ptolemy.util.test.WatchDog.cancel(): canceling Sat Oct 20 02:35:27 UTC 2018
auto.tcl: Setting watchdog for 200 seconds at Sat Oct 20 02:35:27 UTC 2018
1 ms. Memory: 288768K Free: 275570K (95%)
ptolemy.util.test.WatchDog.cancel(): canceling Sat Oct 20 02:35:27 UTC 2018
------------------ testing $PTII/ptolemy/domains/de/test/auto/ResettableTimer2.xml
auto.tcl: Setting watchdog for 200 seconds at Sat Oct 20 02:35:27 UTC 2018
2 ms. Memory: 287232K Free: 274178K (95%)
ptolemy.util.test.WatchDog.cancel(): canceling Sat Oct 20 02:35:27 UTC 2018
auto.tcl: Setting watchdog for 200 seconds at Sat Oct 20 02:35:27 UTC 2018
2 ms. Memory: 287232K Free: 274178K (95%)
ptolemy.util.test.WatchDog.cancel(): canceling Sat Oct 20 02:35:27 UTC 2018
------------------ testing $PTII/ptolemy/domains/de/test/auto/ResettableTimer3.xml
auto.tcl: Setting watchdog for 200 seconds at Sat Oct 20 02:35:27 UTC 2018
1 ms. Memory: 288256K Free: 275101K (95%)
ptolemy.util.test.WatchDog.cancel(): canceling Sat Oct 20 02:35:27 UTC 2018
auto.tcl: Setting watchdog for 200 seconds at Sat Oct 20 02:35:27 UTC 2018
1 ms. Memory: 288256K Free: 275101K (95%)
ptolemy.util.test.WatchDog.cancel(): canceling Sat Oct 20 02:35:27 UTC 2018
------------------ testing $PTII/ptolemy/domains/de/test/auto/ResettableTimer4.xml
auto.tcl: Setting watchdog for 200 seconds at Sat Oct 20 02:35:27 UTC 2018
1 ms. Memory: 287232K Free: 274190K (95%)
ptolemy.util.test.WatchDog.cancel(): canceling Sat Oct 20 02:35:27 UTC 2018
auto.tcl: Setting watchdog for 200 seconds at Sat Oct 20 02:35:27 UTC 2018
1 ms. Memory: 287232K Free: 274190K (95%)
ptolemy.util.test.WatchDog.cancel(): canceling Sat Oct 20 02:35:27 UTC 2018
------------------ testing $PTII/ptolemy/domains/de/test/auto/ResettableTimer5.xml
auto.tcl: Setting watchdog for 200 seconds at Sat Oct 20 02:35:27 UTC 2018
2 ms. Memory: 288256K Free: 273154K (95%)
ptolemy.util.test.WatchDog.cancel(): canceling Sat Oct 20 02:35:27 UTC 2018
auto.tcl: Setting watchdog for 200 seconds at Sat Oct 20 02:35:27 UTC 2018
1 ms. Memory: 288256K Free: 273154K (95%)
ptolemy.util.test.WatchDog.cancel(): canceling Sat Oct 20 02:35:27 UTC 2018
------------------ testing $PTII/ptolemy/domains/de/test/auto/ResettableTimer6.xml
auto.tcl: Setting watchdog for 200 seconds at Sat Oct 20 02:35:27 UTC 2018
2 ms. Memory: 287232K Free: 271979K (95%)
ptolemy.util.test.WatchDog.cancel(): canceling Sat Oct 20 02:35:27 UTC 2018
auto.tcl: Setting watchdog for 200 seconds at Sat Oct 20 02:35:27 UTC 2018
1 ms. Memory: 287232K Free: 271979K (95%)
ptolemy.util.test.WatchDog.cancel(): canceling Sat Oct 20 02:35:27 UTC 2018
------------------ testing $PTII/ptolemy/domains/de/test/auto/ServerZeroDelay.xml
auto.tcl: Setting watchdog for 200 seconds at Sat Oct 20 02:35:27 UTC 2018
4 ms. Memory: 288256K Free: 275153K (95%)
ptolemy.util.test.WatchDog.cancel(): canceling Sat Oct 20 02:35:27 UTC 2018
auto.tcl: Setting watchdog for 200 seconds at Sat Oct 20 02:35:27 UTC 2018
2 ms. Memory: 288256K Free: 275153K (95%)
ptolemy.util.test.WatchDog.cancel(): canceling Sat Oct 20 02:35:27 UTC 2018
------------------ testing $PTII/ptolemy/domains/de/test/auto/SmartSender.xml
auto.tcl: Setting watchdog for 200 seconds at Sat Oct 20 02:35:27 UTC 2018
3001 ms. Memory: 287232K Free: 267949K (93%)
ptolemy.util.test.WatchDog.cancel(): canceling Sat Oct 20 02:35:30 UTC 2018
auto.tcl: Setting watchdog for 200 seconds at Sat Oct 20 02:35:30 UTC 2018
3001 ms. Memory: 287232K Free: 267949K (93%)
ptolemy.util.test.WatchDog.cancel(): canceling Sat Oct 20 02:35:33 UTC 2018
------------------ testing $PTII/ptolemy/domains/de/test/auto/ThreadedComposite.xml
auto.tcl: Setting watchdog for 200 seconds at Sat Oct 20 02:35:33 UTC 2018
231 ms. Memory: 288256K Free: 254001K (88%)
ptolemy.util.test.WatchDog.cancel(): canceling Sat Oct 20 02:35:34 UTC 2018
auto.tcl: Setting watchdog for 200 seconds at Sat Oct 20 02:35:34 UTC 2018
129 ms. Memory: 288256K Free: 237914K (83%)
ptolemy.util.test.WatchDog.cancel(): canceling Sat Oct 20 02:35:34 UTC 2018
------------------ testing $PTII/ptolemy/domains/de/test/auto/Time.xml
auto.tcl: Setting watchdog for 200 seconds at Sat Oct 20 02:35:34 UTC 2018
504 ms. Memory: 287232K Free: 218175K (76%)
ptolemy.util.test.WatchDog.cancel(): canceling Sat Oct 20 02:35:34 UTC 2018
auto.tcl: Setting watchdog for 200 seconds at Sat Oct 20 02:35:34 UTC 2018
492 ms. Memory: 287232K Free: 163118K (57%)
ptolemy.util.test.WatchDog.cancel(): canceling Sat Oct 20 02:35:35 UTC 2018
------------------ testing $PTII/ptolemy/domains/de/test/auto/TimeDelayZeroDelay.xml
auto.tcl: Setting watchdog for 200 seconds at Sat Oct 20 02:35:35 UTC 2018
2 ms. Memory: 287744K Free: 275113K (96%)
ptolemy.util.test.WatchDog.cancel(): canceling Sat Oct 20 02:35:35 UTC 2018
auto.tcl: Setting watchdog for 200 seconds at Sat Oct 20 02:35:35 UTC 2018
2 ms. Memory: 287744K Free: 275113K (96%)
ptolemy.util.test.WatchDog.cancel(): canceling Sat Oct 20 02:35:35 UTC 2018
------------------ testing $PTII/ptolemy/domains/de/test/auto/TimerZeroDelay.xml
auto.tcl: Setting watchdog for 200 seconds at Sat Oct 20 02:35:35 UTC 2018
4 ms. Memory: 287232K Free: 274710K (96%)
ptolemy.util.test.WatchDog.cancel(): canceling Sat Oct 20 02:35:35 UTC 2018
auto.tcl: Setting watchdog for 200 seconds at Sat Oct 20 02:35:35 UTC 2018
2 ms. Memory: 287232K Free: 274710K (96%)
ptolemy.util.test.WatchDog.cancel(): canceling Sat Oct 20 02:35:35 UTC 2018
------------------ testing $PTII/ptolemy/domains/de/test/auto/TimingParadox.xml
auto.tcl: Setting watchdog for 200 seconds at Sat Oct 20 02:35:35 UTC 2018
350 ms. Memory: 287744K Free: 209041K (73%)
ptolemy.util.test.WatchDog.cancel(): canceling Sat Oct 20 02:35:35 UTC 2018
auto.tcl: Setting watchdog for 200 seconds at Sat Oct 20 02:35:35 UTC 2018
326 ms. Memory: 287744K Free: 172799K (60%)
ptolemy.util.test.WatchDog.cancel(): canceling Sat Oct 20 02:35:36 UTC 2018
------------------ testing $PTII/ptolemy/domains/de/test/auto/TransferInputs.xml
auto.tcl: Setting watchdog for 200 seconds at Sat Oct 20 02:35:36 UTC 2018
2 ms. Memory: 287744K Free: 274077K (95%)
ptolemy.util.test.WatchDog.cancel(): canceling Sat Oct 20 02:35:36 UTC 2018
auto.tcl: Setting watchdog for 200 seconds at Sat Oct 20 02:35:36 UTC 2018
3 ms. Memory: 287744K Free: 274077K (95%)
ptolemy.util.test.WatchDog.cancel(): canceling Sat Oct 20 02:35:36 UTC 2018
------------------ testing $PTII/ptolemy/domains/de/test/auto/TransferOutputs2.xml
auto.tcl: Setting watchdog for 200 seconds at Sat Oct 20 02:35:36 UTC 2018
3 ms. Memory: 287232K Free: 272054K (95%)
ptolemy.util.test.WatchDog.cancel(): canceling Sat Oct 20 02:35:36 UTC 2018
auto.tcl: Setting watchdog for 200 seconds at Sat Oct 20 02:35:36 UTC 2018
2 ms. Memory: 287232K Free: 269425K (94%)
ptolemy.util.test.WatchDog.cancel(): canceling Sat Oct 20 02:35:36 UTC 2018
------------------ testing $PTII/ptolemy/domains/de/test/auto/Trilateration.xml
auto.tcl: Setting watchdog for 200 seconds at Sat Oct 20 02:35:36 UTC 2018
14584 ms. Memory: 473088K Free: 244513K (52%)
ptolemy.util.test.WatchDog.cancel(): canceling Sat Oct 20 02:35:51 UTC 2018
auto.tcl: Setting watchdog for 200 seconds at Sat Oct 20 02:35:51 UTC 2018
11277 ms. Memory: 352256K Free: 176293K (50%)
ptolemy.util.test.WatchDog.cancel(): canceling Sat Oct 20 02:36:03 UTC 2018
------------------ testing $PTII/ptolemy/domains/de/test/auto/TwoSigmaDelta.xml
auto.tcl: Setting watchdog for 200 seconds at Sat Oct 20 02:36:03 UTC 2018
2672 ms. Memory: 339968K Free: 297678K (88%)
ptolemy.util.test.WatchDog.cancel(): canceling Sat Oct 20 02:36:06 UTC 2018
auto.tcl: Setting watchdog for 200 seconds at Sat Oct 20 02:36:06 UTC 2018
2061 ms. Memory: 326144K Free: 304577K (93%)
ptolemy.util.test.WatchDog.cancel(): canceling Sat Oct 20 02:36:08 UTC 2018
------------------ testing $PTII/ptolemy/domains/de/test/auto/VariableDelay.xml
auto.tcl: Setting watchdog for 200 seconds at Sat Oct 20 02:36:08 UTC 2018
4 ms. Memory: 328192K Free: 313826K (96%)
ptolemy.util.test.WatchDog.cancel(): canceling Sat Oct 20 02:36:08 UTC 2018
auto.tcl: Setting watchdog for 200 seconds at Sat Oct 20 02:36:08 UTC 2018
2 ms. Memory: 328192K Free: 310153K (95%)
ptolemy.util.test.WatchDog.cancel(): canceling Sat Oct 20 02:36:08 UTC 2018
------------------ testing $PTII/ptolemy/domains/de/test/auto/VariableDelay2.xml
auto.tcl: Setting watchdog for 200 seconds at Sat Oct 20 02:36:08 UTC 2018
4 ms. Memory: 326144K Free: 314635K (96%)
ptolemy.util.test.WatchDog.cancel(): canceling Sat Oct 20 02:36:08 UTC 2018
auto.tcl: Setting watchdog for 200 seconds at Sat Oct 20 02:36:08 UTC 2018
2 ms. Memory: 326144K Free: 310978K (95%)
ptolemy.util.test.WatchDog.cancel(): canceling Sat Oct 20 02:36:08 UTC 2018
------------------ testing $PTII/ptolemy/domains/de/test/auto/VariableDelayZeroDelay.xml
auto.tcl: Setting watchdog for 200 seconds at Sat Oct 20 02:36:08 UTC 2018
2 ms. Memory: 328192K Free: 314235K (96%)
ptolemy.util.test.WatchDog.cancel(): canceling Sat Oct 20 02:36:08 UTC 2018
auto.tcl: Setting watchdog for 200 seconds at Sat Oct 20 02:36:08 UTC 2018
2 ms. Memory: 328192K Free: 310577K (95%)
ptolemy.util.test.WatchDog.cancel(): canceling Sat Oct 20 02:36:08 UTC 2018
------------------ testing $PTII/ptolemy/domains/de/test/auto/VariableDelayZeroDelay2.xml
auto.tcl: Setting watchdog for 200 seconds at Sat Oct 20 02:36:08 UTC 2018
2 ms. Memory: 326144K Free: 312186K (96%)
ptolemy.util.test.WatchDog.cancel(): canceling Sat Oct 20 02:36:08 UTC 2018
auto.tcl: Setting watchdog for 200 seconds at Sat Oct 20 02:36:08 UTC 2018
2 ms. Memory: 326144K Free: 308512K (95%)
ptolemy.util.test.WatchDog.cancel(): canceling Sat Oct 20 02:36:08 UTC 2018
------------------ testing $PTII/ptolemy/domains/de/test/auto/deInCt.xml
auto.tcl: Setting watchdog for 200 seconds at Sat Oct 20 02:36:08 UTC 2018
0
1
1
1
0
0
0
1
1
1
0
0
0
0
0
1
1
1
0
0
0
0
0
0
1
1
1
0
0
1
1
1
1
10 ms. Memory: 327680K Free: 310056K (95%)
ptolemy.util.test.WatchDog.cancel(): canceling Sat Oct 20 02:36:08 UTC 2018
auto.tcl: Setting watchdog for 200 seconds at Sat Oct 20 02:36:08 UTC 2018
0
1
1
1
0
0
1
1
1
1
0
0
0
1
1
1
0
0
0
1
1
1
1
0
0
1
1
1
0
0
0
1
1
1
0
0
0
1
1
1
0
0
0
1
1
1
1
0
0
0
10 ms. Memory: 327680K Free: 310056K (95%)
ptolemy.util.test.WatchDog.cancel(): canceling Sat Oct 20 02:36:08 UTC 2018
------------------ testing $PTII/ptolemy/domains/de/test/auto/deInCt2.xml
auto.tcl: Setting watchdog for 200 seconds at Sat Oct 20 02:36:08 UTC 2018
0
1
1
1
0
0
1
1
1
0
0
1
1
1
0
0
1
1
1
0
0
1
1
1
0
0
1
1
1
0
0
1
1
1
0
0
1
1
1
0
0
0
10 ms. Memory: 326144K Free: 308521K (95%)
ptolemy.util.test.WatchDog.cancel(): canceling Sat Oct 20 02:36:08 UTC 2018
auto.tcl: Setting watchdog for 200 seconds at Sat Oct 20 02:36:08 UTC 2018
0
1
1
1
0
0
1
1
1
0
0
1
1
1
0
0
1
1
1
0
0
1
1
1
0
0
1
1
1
0
0
1
1
1
0
0
1
1
1
0
0
0
4 ms. Memory: 326144K Free: 308521K (95%)
ptolemy.util.test.WatchDog.cancel(): canceling Sat Oct 20 02:36:08 UTC 2018
------------------ testing $PTII/ptolemy/domains/de/test/auto/dynamicCausalityInterface1.xml
auto.tcl: Setting watchdog for 200 seconds at Sat Oct 20 02:36:08 UTC 2018
1 ms. Memory: 327680K Free: 308838K (94%)
ptolemy.util.test.WatchDog.cancel(): canceling Sat Oct 20 02:36:08 UTC 2018
auto.tcl: Setting watchdog for 200 seconds at Sat Oct 20 02:36:08 UTC 2018
1 ms. Memory: 327680K Free: 308838K (94%)
ptolemy.util.test.WatchDog.cancel(): canceling Sat Oct 20 02:36:08 UTC 2018
------------------ testing $PTII/ptolemy/domains/de/test/auto/fsm_de_test.xml
auto.tcl: Setting watchdog for 200 seconds at Sat Oct 20 02:36:08 UTC 2018
7 ms. Memory: 326144K Free: 304750K (93%)
ptolemy.util.test.WatchDog.cancel(): canceling Sat Oct 20 02:36:08 UTC 2018
auto.tcl: Setting watchdog for 200 seconds at Sat Oct 20 02:36:08 UTC 2018
4 ms. Memory: 326144K Free: 304750K (93%)
ptolemy.util.test.WatchDog.cancel(): canceling Sat Oct 20 02:36:08 UTC 2018
------------------ testing $PTII/ptolemy/domains/de/test/auto/functionDependencyReconstruction.xml
auto.tcl: Setting watchdog for 200 seconds at Sat Oct 20 02:36:08 UTC 2018
2 ms. Memory: 327168K Free: 298434K (91%)
ptolemy.util.test.WatchDog.cancel(): canceling Sat Oct 20 02:36:08 UTC 2018
auto.tcl: Setting watchdog for 200 seconds at Sat Oct 20 02:36:08 UTC 2018
2 ms. Memory: 327168K Free: 298434K (91%)
ptolemy.util.test.WatchDog.cancel(): canceling Sat Oct 20 02:36:08 UTC 2018
------------------ testing $PTII/ptolemy/domains/de/test/auto/multirate.xml
auto.tcl: Setting watchdog for 200 seconds at Sat Oct 20 02:36:08 UTC 2018
6 ms. Memory: 326144K Free: 308274K (95%)
ptolemy.util.test.WatchDog.cancel(): canceling Sat Oct 20 02:36:09 UTC 2018
auto.tcl: Setting watchdog for 200 seconds at Sat Oct 20 02:36:09 UTC 2018
3 ms. Memory: 326144K Free: 308274K (95%)
ptolemy.util.test.WatchDog.cancel(): canceling Sat Oct 20 02:36:09 UTC 2018
------------------ testing $PTII/ptolemy/domains/de/test/auto/multirate2.xml
auto.tcl: Setting watchdog for 200 seconds at Sat Oct 20 02:36:09 UTC 2018
2 ms. Memory: 327168K Free: 309479K (95%)
ptolemy.util.test.WatchDog.cancel(): canceling Sat Oct 20 02:36:09 UTC 2018
auto.tcl: Setting watchdog for 200 seconds at Sat Oct 20 02:36:09 UTC 2018
3 ms. Memory: 327168K Free: 309479K (95%)
ptolemy.util.test.WatchDog.cancel(): canceling Sat Oct 20 02:36:09 UTC 2018
------------------ testing $PTII/ptolemy/domains/de/test/auto/realtime.xml
auto.tcl: Setting watchdog for 200 seconds at Sat Oct 20 02:36:09 UTC 2018
10001 ms. Memory: 326144K Free: 308450K (95%)
ptolemy.util.test.WatchDog.cancel(): canceling Sat Oct 20 02:36:19 UTC 2018
auto.tcl: Setting watchdog for 200 seconds at Sat Oct 20 02:36:19 UTC 2018
10002 ms. Memory: 326144K Free: 308450K (95%)
ptolemy.util.test.WatchDog.cancel(): canceling Sat Oct 20 02:36:29 UTC 2018
------------------ testing $PTII/ptolemy/domains/de/test/auto/relationGroup.xml
auto.tcl: Setting watchdog for 200 seconds at Sat Oct 20 02:36:29 UTC 2018
2 ms. Memory: 327168K Free: 313177K (96%)
ptolemy.util.test.WatchDog.cancel(): canceling Sat Oct 20 02:36:29 UTC 2018
auto.tcl: Setting watchdog for 200 seconds at Sat Oct 20 02:36:29 UTC 2018
1 ms. Memory: 327168K Free: 313177K (96%)
ptolemy.util.test.WatchDog.cancel(): canceling Sat Oct 20 02:36:29 UTC 2018
------------------ testing $PTII/ptolemy/domains/de/test/auto/relationGroup2.xml
auto.tcl: Setting watchdog for 200 seconds at Sat Oct 20 02:36:29 UTC 2018
3 ms. Memory: 326144K Free: 312179K (96%)
ptolemy.util.test.WatchDog.cancel(): canceling Sat Oct 20 02:36:29 UTC 2018
auto.tcl: Setting watchdog for 200 seconds at Sat Oct 20 02:36:29 UTC 2018
2 ms. Memory: 326144K Free: 312179K (96%)
ptolemy.util.test.WatchDog.cancel(): canceling Sat Oct 20 02:36:29 UTC 2018
------------------ testing $PTII/ptolemy/domains/de/test/auto/sortWithOpaquePorts.xml
auto.tcl: Setting watchdog for 200 seconds at Sat Oct 20 02:36:29 UTC 2018
1 ms. Memory: 326656K Free: 312693K (96%)
ptolemy.util.test.WatchDog.cancel(): canceling Sat Oct 20 02:36:29 UTC 2018
auto.tcl: Setting watchdog for 200 seconds at Sat Oct 20 02:36:29 UTC 2018
1 ms. Memory: 326656K Free: 309019K (95%)
ptolemy.util.test.WatchDog.cancel(): canceling Sat Oct 20 02:36:29 UTC 2018
------------------ testing $PTII/ptolemy/domains/de/test/auto/transferInputsandOutputs.xml
auto.tcl: Setting watchdog for 200 seconds at Sat Oct 20 02:36:29 UTC 2018
1 ms. Memory: 326144K Free: 308510K (95%)
ptolemy.util.test.WatchDog.cancel(): canceling Sat Oct 20 02:36:29 UTC 2018
auto.tcl: Setting watchdog for 200 seconds at Sat Oct 20 02:36:29 UTC 2018
1 ms. Memory: 326144K Free: 308510K (95%)
ptolemy.util.test.WatchDog.cancel(): canceling Sat Oct 20 02:36:29 UTC 2018
------------------ testing $PTII/ptolemy/domains/de/test/auto/triggerType.xml
auto.tcl: Setting watchdog for 200 seconds at Sat Oct 20 02:36:29 UTC 2018
1 ms. Memory: 326656K Free: 312631K (96%)
ptolemy.util.test.WatchDog.cancel(): canceling Sat Oct 20 02:36:29 UTC 2018
auto.tcl: Setting watchdog for 200 seconds at Sat Oct 20 02:36:29 UTC 2018
2 ms. Memory: 326656K Free: 308958K (95%)
ptolemy.util.test.WatchDog.cancel(): canceling Sat Oct 20 02:36:29 UTC 2018
10/20/18 02:36:29
Failed: 0  Total Tests: 192  ((Passed: 187, Newly Passed: 1)  Known Failed: 5) /home/travis/build/icyphy/ptII/ptolemy/domains/de/test
10/20/18 02:36:29
Failed: 0  Total Tests: 192  ((Passed: 187, Newly Passed: 1)  Known Failed: 5) /home/travis/build/icyphy/ptII/ptolemy/domains/de/test
----------------- testing (KnownFailure) /home/travis/build/icyphy/ptII/ptolemy/domains/de/test/auto/knownFailedTests/DESDFClockTest.xml
2007 ms. Memory: 326144K Free: 302371K (93%)
Known Failure: java.lang.reflect.InvocationTargetException
----------------- testing (KnownFailure) /home/travis/build/icyphy/ptII/ptolemy/domains/de/test/auto/knownFailedTests/DirectFeedback.xml
1 ms. Memory: 326144K Free: 282792K (87%)
Known Failure: java.lang.reflect.InvocationTargetException
----------------- testing (KnownFailure) /home/travis/build/icyphy/ptII/ptolemy/domains/de/test/auto/knownFailedTests/FSMSource.xml
4 ms. Memory: 326144K Free: 258310K (79%)
----------------- testing (KnownFailure) /home/travis/build/icyphy/ptII/ptolemy/domains/de/test/auto/knownFailedTests/HierarchicalModel.xml
2 ms. Memory: 326144K Free: 233820K (72%)
Known Failure: java.lang.reflect.InvocationTargetException
----------------- testing (KnownFailure) /home/travis/build/icyphy/ptII/ptolemy/domains/de/test/auto/knownFailedTests/dependencyLoop.xml
1 ms. Memory: 326144K Free: 204436K (63%)
Known Failure: java.lang.reflect.InvocationTargetException
----------------- testing (KnownFailure) /home/travis/build/icyphy/ptII/ptolemy/domains/de/test/auto/knownFailedTests/dependencyLoop2.xml
2 ms. Memory: 326144K Free: 170140K (52%)
Known Failure: java.lang.reflect.InvocationTargetException
No auto/linux-amd64/*.xml tests in /home/travis/build/icyphy/ptII/ptolemy/domains/de/test
AutoTests.java: About to close Vertx.
AutoTests.java: Vertx closed.

===========================================================================================
----------------- testing Sat Oct 20 02:36:31 UTC 2018 /home/travis/build/icyphy/ptII/ptolemy/domains/de/test/auto/ActorDepthCalculation_actorWithoutPorts.xml
----------------- Instantiating /home/travis/build/icyphy/ptII/ptolemy/domains/de/test/auto/ActorDepthCalculation_actorWithoutPorts.xml
2 ms. Memory: 326144K Free: 145666K (45%)
----------------- Invoking toplevel() on ptolemy.moml.MoMLSimpleApplication@7d41a8ec
----------------- Done invoking toplevel() on ptolemy.moml.MoMLSimpleApplication@7d41a8ec
reloadAllAccessors: .ActorDepthCalculation_actorWithoutPorts

===========================================================================================
----------------- testing Sat Oct 20 02:36:31 UTC 2018 /home/travis/build/icyphy/ptII/ptolemy/domains/de/test/auto/AssemblyLine.xml
----------------- Instantiating /home/travis/build/icyphy/ptII/ptolemy/domains/de/test/auto/AssemblyLine.xml
1 ms. Memory: 326144K Free: 130966K (40%)
----------------- Invoking toplevel() on ptolemy.moml.MoMLSimpleApplication@6ad557fc
----------------- Done invoking toplevel() on ptolemy.moml.MoMLSimpleApplication@6ad557fc
reloadAllAccessors: .AssemblyLine

===========================================================================================
----------------- testing Sat Oct 20 02:36:31 UTC 2018 /home/travis/build/icyphy/ptII/ptolemy/domains/de/test/auto/CQBug1.xml
----------------- Instantiating /home/travis/build/icyphy/ptII/ptolemy/domains/de/test/auto/CQBug1.xml
1 ms. Memory: 326144K Free: 121177K (37%)
----------------- Invoking toplevel() on ptolemy.moml.MoMLSimpleApplication@5cca4c0c
----------------- Done invoking toplevel() on ptolemy.moml.MoMLSimpleApplication@5cca4c0c
reloadAllAccessors: .CQBug1

===========================================================================================
----------------- testing Sat Oct 20 02:36:31 UTC 2018 /home/travis/build/icyphy/ptII/ptolemy/domains/de/test/auto/CancelFireAt.xml
----------------- Instantiating /home/travis/build/icyphy/ptII/ptolemy/domains/de/test/auto/CancelFireAt.xml
1 ms. Memory: 326144K Free: 111387K (34%)
----------------- Invoking toplevel() on ptolemy.moml.MoMLSimpleApplication@686b21e7
----------------- Done invoking toplevel() on ptolemy.moml.MoMLSimpleApplication@686b21e7
reloadAllAccessors: .CancelFireAt

===========================================================================================
----------------- testing Sat Oct 20 02:36:31 UTC 2018 /home/travis/build/icyphy/ptII/ptolemy/domains/de/test/auto/CausalityAndComposabilityAnalysis.xml
----------------- Instantiating /home/travis/build/icyphy/ptII/ptolemy/domains/de/test/auto/CausalityAndComposabilityAnalysis.xml
1 ms. Memory: 326144K Free: 101598K (31%)
----------------- Invoking toplevel() on ptolemy.moml.MoMLSimpleApplication@15cda1a7
----------------- Done invoking toplevel() on ptolemy.moml.MoMLSimpleApplication@15cda1a7
reloadAllAccessors: .CausalityAndComposabilityAnalysis

===========================================================================================
----------------- testing Sat Oct 20 02:36:31 UTC 2018 /home/travis/build/icyphy/ptII/ptolemy/domains/de/test/auto/CausalityInterface1.xml
----------------- Instantiating /home/travis/build/icyphy/ptII/ptolemy/domains/de/test/auto/CausalityInterface1.xml
3 ms. Memory: 326144K Free: 91808K (28%)
----------------- Invoking toplevel() on ptolemy.moml.MoMLSimpleApplication@1e36ca7f
----------------- Done invoking toplevel() on ptolemy.moml.MoMLSimpleApplication@1e36ca7f
reloadAllAccessors: .CausalityInterface1

===========================================================================================
----------------- testing Sat Oct 20 02:36:31 UTC 2018 /home/travis/build/icyphy/ptII/ptolemy/domains/de/test/auto/CausalityInterface15.xml
----------------- Instantiating /home/travis/build/icyphy/ptII/ptolemy/domains/de/test/auto/CausalityInterface15.xml
1 ms. Memory: 326144K Free: 75989K (23%)
----------------- Invoking toplevel() on ptolemy.moml.MoMLSimpleApplication@4e7cce6
----------------- Done invoking toplevel() on ptolemy.moml.MoMLSimpleApplication@4e7cce6
reloadAllAccessors: .CausalityInterface15

[...]
java.lang.RuntimeException: Execution failed
	at ptolemy.moml.MoMLSimpleApplication$UnloadThread.run(MoMLSimpleApplication.java:402)
Caused by: ptolemy.kernel.util.IllegalActionException: Test fails in iteration 1.
Value was: 1.0. Should have been: 2.0
  in .DirectFeedback.Test
	at ptolemy.actor.lib.Test.fire(Test.java:268)
	at ptolemy.domains.de.kernel.DEDirector._fire(DEDirector.java:1949)
	at ptolemy.domains.de.kernel.DEDirector.fire(DEDirector.java:502)
	at ptolemy.actor.CompositeActor.fire(CompositeActor.java:455)
	at ptolemy.actor.Manager.iterate(Manager.java:851)
	at ptolemy.actor.Manager.execute(Manager.java:369)
	at ptolemy.actor.Manager.run(Manager.java:1263)
	at ptolemy.actor.Manager$PtolemyRunThread.run(Manager.java:1915)
java.lang.RuntimeException: Execution failed
	at ptolemy.moml.MoMLSimpleApplication$UnloadThread.run(MoMLSimpleApplication.java:402)
Caused by: ptolemy.kernel.util.IllegalActionException: Actor is not ready to fire.  Perhaps UpSample.prefire() returned false? Try debugging the actor by selecting "Listen to Actor".  Also, for SDF check moml for tokenConsumptionRate on input.
  in .DESDFClockTest.Play Bell.Copy1:SDF Director and .DESDFClockTest.Play Bell.UpSample
	at ptolemy.actor.sched.StaticSchedulingDirector.fire(StaticSchedulingDirector.java:227)
	at ptolemy.domains.sdf.kernel.SDFDirector.fire(SDFDirector.java:500)
	at ptolemy.actor.CompositeActor.fire(CompositeActor.java:455)
	at ptolemy.domains.de.kernel.DEDirector._fire(DEDirector.java:1949)
	at ptolemy.domains.de.kernel.DEDirector.fire(DEDirector.java:502)
	at ptolemy.actor.CompositeActor.fire(CompositeActor.java:455)
	at ptolemy.actor.Manager.iterate(Manager.java:851)
	at ptolemy.actor.Manager.execute(Manager.java:369)
	at ptolemy.actor.Manager.run(Manager.java:1263)
	at ptolemy.actor.Manager$PtolemyRunThread.run(Manager.java:1915)
java.lang.reflect.InvocationTargetException
	at sun.reflect.NativeConstructorAccessorImpl.newInstance0(Native Method)
	at sun.reflect.NativeConstructorAccessorImpl.newInstance(NativeConstructorAccessorImpl.java:62)
	at sun.reflect.DelegatingConstructorAccessorImpl.newInstance(DelegatingConstructorAccessorImpl.java:45)
	at java.lang.reflect.Constructor.newInstance(Constructor.java:423)
	at ptolemy.util.test.junit.AutoKnownFailedTests.RunModel(AutoKnownFailedTests.java:105)
	at sun.reflect.NativeMethodAccessorImpl.invoke0(Native Method)
	at sun.reflect.NativeMethodAccessorImpl.invoke(NativeMethodAccessorImpl.java:62)
	at sun.reflect.DelegatingMethodAccessorImpl.invoke(DelegatingMethodAccessorImpl.java:43)
	at java.lang.reflect.Method.invoke(Method.java:498)
	at org.junit.runners.model.FrameworkMethod$1.runReflectiveCall(FrameworkMethod.java:44)
	at org.junit.internal.runners.model.ReflectiveCallable.run(ReflectiveCallable.java:15)
	at org.junit.runners.model.FrameworkMethod.invokeExplosively(FrameworkMethod.java:41)
	at junitparams.internal.InvokeParameterisedMethod.evaluate(InvokeParameterisedMethod.java:102)
	at org.junit.internal.runners.statements.FailOnTimeout$1.run(FailOnTimeout.java:28)
Caused by: ptolemy.kernel.util.IllegalActionException: Actor is not ready to fire.  Perhaps UpSample.prefire() returned false? Try debugging the actor by selecting "Listen to Actor".  Also, for SDF check moml for tokenConsumptionRate on input.
  in .DESDFClockTest.Play Bell.Copy1:SDF Director and .DESDFClockTest.Play Bell.UpSample
	at ptolemy.actor.sched.StaticSchedulingDirector.fire(StaticSchedulingDirector.java:227)
	at ptolemy.domains.sdf.kernel.SDFDirector.fire(SDFDirector.java:500)
	at ptolemy.actor.CompositeActor.fire(CompositeActor.java:455)
	at ptolemy.domains.de.kernel.DEDirector._fire(DEDirector.java:1949)
	at ptolemy.domains.de.kernel.DEDirector.fire(DEDirector.java:502)
	at ptolemy.actor.CompositeActor.fire(CompositeActor.java:455)
	at ptolemy.actor.Manager.iterate(Manager.java:851)
	at ptolemy.actor.Manager.execute(Manager.java:369)
	at ptolemy.actor.Manager.run(Manager.java:1263)
	at ptolemy.actor.Manager$PtolemyRunThread.run(Manager.java:1915)
java.lang.RuntimeException: Execution failed
	at ptolemy.moml.MoMLSimpleApplication$UnloadThread.run(MoMLSimpleApplication.java:402)
Caused by: ptolemy.kernel.util.IllegalActionException: Test fails in iteration 1.
Value was: 1.0. Should have been: 2.0
  in .DirectFeedback.Test
	at ptolemy.actor.lib.Test.fire(Test.java:268)
	at ptolemy.domains.de.kernel.DEDirector._fire(DEDirector.java:1949)
	at ptolemy.domains.de.kernel.DEDirector.fire(DEDirector.java:502)
	at ptolemy.actor.CompositeActor.fire(CompositeActor.java:455)
	at ptolemy.actor.Manager.iterate(Manager.java:851)
	at ptolemy.actor.Manager.execute(Manager.java:369)
	at ptolemy.actor.Manager.run(Manager.java:1263)
	at ptolemy.actor.Manager$PtolemyRunThread.run(Manager.java:1915)
java.lang.reflect.InvocationTargetException
	at sun.reflect.NativeConstructorAccessorImpl.newInstance0(Native Method)
	at sun.reflect.NativeConstructorAccessorImpl.newInstance(NativeConstructorAccessorImpl.java:62)
	at sun.reflect.DelegatingConstructorAccessorImpl.newInstance(DelegatingConstructorAccessorImpl.java:45)
	at java.lang.reflect.Constructor.newInstance(Constructor.java:423)
	at ptolemy.util.test.junit.AutoKnownFailedTests.RunModel(AutoKnownFailedTests.java:105)
	at sun.reflect.NativeMethodAccessorImpl.invoke0(Native Method)
	at sun.reflect.NativeMethodAccessorImpl.invoke(NativeMethodAccessorImpl.java:62)
	at sun.reflect.DelegatingMethodAccessorImpl.invoke(DelegatingMethodAccessorImpl.java:43)
	at java.lang.reflect.Method.invoke(Method.java:498)
	at org.junit.runners.model.FrameworkMethod$1.runReflectiveCall(FrameworkMethod.java:44)
	at org.junit.internal.runners.model.ReflectiveCallable.run(ReflectiveCallable.java:15)
	at org.junit.runners.model.FrameworkMethod.invokeExplosively(FrameworkMethod.java:41)
	at junitparams.internal.InvokeParameterisedMethod.evaluate(InvokeParameterisedMethod.java:102)
	at org.junit.internal.runners.statements.FailOnTimeout$1.run(FailOnTimeout.java:28)
Caused by: ptolemy.kernel.util.IllegalActionException: Test fails in iteration 1.
Value was: 1.0. Should have been: 2.0
  in .DirectFeedback.Test
	at ptolemy.actor.lib.Test.fire(Test.java:268)
	at ptolemy.domains.de.kernel.DEDirector._fire(DEDirector.java:1949)
	at ptolemy.domains.de.kernel.DEDirector.fire(DEDirector.java:502)
	at ptolemy.actor.CompositeActor.fire(CompositeActor.java:455)
	at ptolemy.actor.Manager.iterate(Manager.java:851)
	at ptolemy.actor.Manager.execute(Manager.java:369)
	at ptolemy.actor.Manager.run(Manager.java:1263)
	at ptolemy.actor.Manager$PtolemyRunThread.run(Manager.java:1915)
java.lang.RuntimeException: Execution failed
	at ptolemy.moml.MoMLSimpleApplication$UnloadThread.run(MoMLSimpleApplication.java:402)
Caused by: ptolemy.kernel.util.IllegalActionException: Found a zero delay loop containing .HierarchicalModel.A
  in .HierarchicalModel and .HierarchicalModel.A
	at ptolemy.actor.util.CausalityInterfaceForComposites._computeOutputPortDepth(CausalityInterfaceForComposites.java:759)
	at ptolemy.actor.util.CausalityInterfaceForComposites._computeInputDepth(CausalityInterfaceForComposites.java:696)
	at ptolemy.actor.util.CausalityInterfaceForComposites._computeOutputPortDepth(CausalityInterfaceForComposites.java:765)
	at ptolemy.actor.util.CausalityInterfaceForComposites._computeInputDepth(CausalityInterfaceForComposites.java:696)
	at ptolemy.actor.util.CausalityInterfaceForComposites._computeOutputPortDepth(CausalityInterfaceForComposites.java:765)
	at ptolemy.actor.util.CausalityInterfaceForComposites._computeInputDepth(CausalityInterfaceForComposites.java:696)
	at ptolemy.actor.util.CausalityInterfaceForComposites._computeActorDepth(CausalityInterfaceForComposites.java:532)
	at ptolemy.actor.util.CausalityInterfaceForComposites.checkForCycles(CausalityInterfaceForComposites.java:96)
	at ptolemy.domains.de.kernel.DEDirector.preinitialize(DEDirector.java:1338)
	at ptolemy.actor.CompositeActor.preinitialize(CompositeActor.java:1828)
	at ptolemy.actor.Manager.preinitializeAndResolveTypes(Manager.java:1040)
	at ptolemy.actor.Manager.initialize(Manager.java:710)
	at ptolemy.actor.Manager.execute(Manager.java:356)
	at ptolemy.actor.Manager.run(Manager.java:1263)
	at ptolemy.actor.Manager$PtolemyRunThread.run(Manager.java:1915)
java.lang.reflect.InvocationTargetException
	at sun.reflect.NativeConstructorAccessorImpl.newInstance0(Native Method)
	at sun.reflect.NativeConstructorAccessorImpl.newInstance(NativeConstructorAccessorImpl.java:62)
	at sun.reflect.DelegatingConstructorAccessorImpl.newInstance(DelegatingConstructorAccessorImpl.java:45)
	at java.lang.reflect.Constructor.newInstance(Constructor.java:423)
	at ptolemy.util.test.junit.AutoKnownFailedTests.RunModel(AutoKnownFailedTests.java:105)
	at sun.reflect.NativeMethodAccessorImpl.invoke0(Native Method)
	at sun.reflect.NativeMethodAccessorImpl.invoke(NativeMethodAccessorImpl.java:62)
	at sun.reflect.DelegatingMethodAccessorImpl.invoke(DelegatingMethodAccessorImpl.java:43)
	at java.lang.reflect.Method.invoke(Method.java:498)
	at org.junit.runners.model.FrameworkMethod$1.runReflectiveCall(FrameworkMethod.java:44)
	at org.junit.internal.runners.model.ReflectiveCallable.run(ReflectiveCallable.java:15)
	at org.junit.runners.model.FrameworkMethod.invokeExplosively(FrameworkMethod.java:41)
	at junitparams.internal.InvokeParameterisedMethod.evaluate(InvokeParameterisedMethod.java:102)
	at org.junit.internal.runners.statements.FailOnTimeout$1.run(FailOnTimeout.java:28)
Caused by: ptolemy.kernel.util.IllegalActionException: Found a zero delay loop containing .HierarchicalModel.A
  in .HierarchicalModel and .HierarchicalModel.A
	at ptolemy.actor.util.CausalityInterfaceForComposites._computeOutputPortDepth(CausalityInterfaceForComposites.java:759)
	at ptolemy.actor.util.CausalityInterfaceForComposites._computeInputDepth(CausalityInterfaceForComposites.java:696)
	at ptolemy.actor.util.CausalityInterfaceForComposites._computeOutputPortDepth(CausalityInterfaceForComposites.java:765)
	at ptolemy.actor.util.CausalityInterfaceForComposites._computeInputDepth(CausalityInterfaceForComposites.java:696)
	at ptolemy.actor.util.CausalityInterfaceForComposites._computeOutputPortDepth(CausalityInterfaceForComposites.java:765)
	at ptolemy.actor.util.CausalityInterfaceForComposites._computeInputDepth(CausalityInterfaceForComposites.java:696)
	at ptolemy.actor.util.CausalityInterfaceForComposites._computeActorDepth(CausalityInterfaceForComposites.java:532)
	at ptolemy.actor.util.CausalityInterfaceForComposites.checkForCycles(CausalityInterfaceForComposites.java:96)
	at ptolemy.domains.de.kernel.DEDirector.preinitialize(DEDirector.java:1338)
	at ptolemy.actor.CompositeActor.preinitialize(CompositeActor.java:1828)
	at ptolemy.actor.Manager.preinitializeAndResolveTypes(Manager.java:1040)
	at ptolemy.actor.Manager.initialize(Manager.java:710)
	at ptolemy.actor.Manager.execute(Manager.java:356)
	at ptolemy.actor.Manager.run(Manager.java:1263)
	at ptolemy.actor.Manager$PtolemyRunThread.run(Manager.java:1915)
java.lang.RuntimeException: Execution failed
	at ptolemy.moml.MoMLSimpleApplication$UnloadThread.run(MoMLSimpleApplication.java:402)
Caused by: ptolemy.kernel.util.IllegalActionException: Found a zero delay loop containing .dependencyLoop.original
  in .dependencyLoop and .dependencyLoop.original
	at ptolemy.actor.util.CausalityInterfaceForComposites._computeOutputPortDepth(CausalityInterfaceForComposites.java:759)
	at ptolemy.actor.util.CausalityInterfaceForComposites._computeInputDepth(CausalityInterfaceForComposites.java:696)
	at ptolemy.actor.util.CausalityInterfaceForComposites._computeOutputPortDepth(CausalityInterfaceForComposites.java:765)
	at ptolemy.actor.util.CausalityInterfaceForComposites._computeInputDepth(CausalityInterfaceForComposites.java:696)
	at ptolemy.actor.util.CausalityInterfaceForComposites._computeOutputPortDepth(CausalityInterfaceForComposites.java:765)
	at ptolemy.actor.util.CausalityInterfaceForComposites._computeInputDepth(CausalityInterfaceForComposites.java:696)
	at ptolemy.actor.util.CausalityInterfaceForComposites._computeActorDepth(CausalityInterfaceForComposites.java:532)
	at ptolemy.actor.util.CausalityInterfaceForComposites.checkForCycles(CausalityInterfaceForComposites.java:96)
	at ptolemy.domains.de.kernel.DEDirector.preinitialize(DEDirector.java:1338)
	at ptolemy.actor.CompositeActor.preinitialize(CompositeActor.java:1828)
	at ptolemy.actor.Manager.preinitializeAndResolveTypes(Manager.java:1040)
	at ptolemy.actor.Manager.initialize(Manager.java:710)
	at ptolemy.actor.Manager.execute(Manager.java:356)
	at ptolemy.actor.Manager.run(Manager.java:1263)
	at ptolemy.actor.Manager$PtolemyRunThread.run(Manager.java:1915)
java.lang.reflect.InvocationTargetException
	at sun.reflect.NativeConstructorAccessorImpl.newInstance0(Native Method)
	at sun.reflect.NativeConstructorAccessorImpl.newInstance(NativeConstructorAccessorImpl.java:62)
	at sun.reflect.DelegatingConstructorAccessorImpl.newInstance(DelegatingConstructorAccessorImpl.java:45)
	at java.lang.reflect.Constructor.newInstance(Constructor.java:423)
	at ptolemy.util.test.junit.AutoKnownFailedTests.RunModel(AutoKnownFailedTests.java:105)
	at sun.reflect.NativeMethodAccessorImpl.invoke0(Native Method)
	at sun.reflect.NativeMethodAccessorImpl.invoke(NativeMethodAccessorImpl.java:62)
	at sun.reflect.DelegatingMethodAccessorImpl.invoke(DelegatingMethodAccessorImpl.java:43)
	at java.lang.reflect.Method.invoke(Method.java:498)
	at org.junit.runners.model.FrameworkMethod$1.runReflectiveCall(FrameworkMethod.java:44)
	at org.junit.internal.runners.model.ReflectiveCallable.run(ReflectiveCallable.java:15)
	at org.junit.runners.model.FrameworkMethod.invokeExplosively(FrameworkMethod.java:41)
	at junitparams.internal.InvokeParameterisedMethod.evaluate(InvokeParameterisedMethod.java:102)
	at org.junit.internal.runners.statements.FailOnTimeout$1.run(FailOnTimeout.java:28)
Caused by: ptolemy.kernel.util.IllegalActionException: Found a zero delay loop containing .dependencyLoop.original
  in .dependencyLoop and .dependencyLoop.original
	at ptolemy.actor.util.CausalityInterfaceForComposites._computeOutputPortDepth(CausalityInterfaceForComposites.java:759)
	at ptolemy.actor.util.CausalityInterfaceForComposites._computeInputDepth(CausalityInterfaceForComposites.java:696)
	at ptolemy.actor.util.CausalityInterfaceForComposites._computeOutputPortDepth(CausalityInterfaceForComposites.java:765)
	at ptolemy.actor.util.CausalityInterfaceForComposites._computeInputDepth(CausalityInterfaceForComposites.java:696)
	at ptolemy.actor.util.CausalityInterfaceForComposites._computeOutputPortDepth(CausalityInterfaceForComposites.java:765)
	at ptolemy.actor.util.CausalityInterfaceForComposites._computeInputDepth(CausalityInterfaceForComposites.java:696)
	at ptolemy.actor.util.CausalityInterfaceForComposites._computeActorDepth(CausalityInterfaceForComposites.java:532)
	at ptolemy.actor.util.CausalityInterfaceForComposites.checkForCycles(CausalityInterfaceForComposites.java:96)
	at ptolemy.domains.de.kernel.DEDirector.preinitialize(DEDirector.java:1338)
	at ptolemy.actor.CompositeActor.preinitialize(CompositeActor.java:1828)
	at ptolemy.actor.Manager.preinitializeAndResolveTypes(Manager.java:1040)
	at ptolemy.actor.Manager.initialize(Manager.java:710)
	at ptolemy.actor.Manager.execute(Manager.java:356)
	at ptolemy.actor.Manager.run(Manager.java:1263)
	at ptolemy.actor.Manager$PtolemyRunThread.run(Manager.java:1915)
java.lang.RuntimeException: Execution failed
	at ptolemy.moml.MoMLSimpleApplication$UnloadThread.run(MoMLSimpleApplication.java:402)
Caused by: ptolemy.kernel.util.IllegalActionException: Found a zero delay loop containing .dependencyLoop2.original
  in .dependencyLoop2 and .dependencyLoop2.original
	at ptolemy.actor.util.CausalityInterfaceForComposites._computeOutputPortDepth(CausalityInterfaceForComposites.java:759)
	at ptolemy.actor.util.CausalityInterfaceForComposites._computeInputDepth(CausalityInterfaceForComposites.java:696)
	at ptolemy.actor.util.CausalityInterfaceForComposites._computeOutputPortDepth(CausalityInterfaceForComposites.java:765)
	at ptolemy.actor.util.CausalityInterfaceForComposites._computeInputDepth(CausalityInterfaceForComposites.java:696)
	at ptolemy.actor.util.CausalityInterfaceForComposites._computeOutputPortDepth(CausalityInterfaceForComposites.java:765)
	at ptolemy.actor.util.CausalityInterfaceForComposites._computeInputDepth(CausalityInterfaceForComposites.java:696)
	at ptolemy.actor.util.CausalityInterfaceForComposites._computeActorDepth(CausalityInterfaceForComposites.java:532)
	at ptolemy.actor.util.CausalityInterfaceForComposites.checkForCycles(CausalityInterfaceForComposites.java:96)
	at ptolemy.domains.de.kernel.DEDirector.preinitialize(DEDirector.java:1338)
	at ptolemy.actor.CompositeActor.preinitialize(CompositeActor.java:1828)
	at ptolemy.actor.Manager.preinitializeAndResolveTypes(Manager.java:1040)
	at ptolemy.actor.Manager.initialize(Manager.java:710)
	at ptolemy.actor.Manager.execute(Manager.java:356)
	at ptolemy.actor.Manager.run(Manager.java:1263)
	at ptolemy.actor.Manager$PtolemyRunThread.run(Manager.java:1915)
java.lang.reflect.InvocationTargetException
	at sun.reflect.NativeConstructorAccessorImpl.newInstance0(Native Method)
	at sun.reflect.NativeConstructorAccessorImpl.newInstance(NativeConstructorAccessorImpl.java:62)
	at sun.reflect.DelegatingConstructorAccessorImpl.newInstance(DelegatingConstructorAccessorImpl.java:45)
	at java.lang.reflect.Constructor.newInstance(Constructor.java:423)
	at ptolemy.util.test.junit.AutoKnownFailedTests.RunModel(AutoKnownFailedTests.java:105)
	at sun.reflect.NativeMethodAccessorImpl.invoke0(Native Method)
	at sun.reflect.NativeMethodAccessorImpl.invoke(NativeMethodAccessorImpl.java:62)
	at sun.reflect.DelegatingMethodAccessorImpl.invoke(DelegatingMethodAccessorImpl.java:43)
	at java.lang.reflect.Method.invoke(Method.java:498)
	at org.junit.runners.model.FrameworkMethod$1.runReflectiveCall(FrameworkMethod.java:44)
	at org.junit.internal.runners.model.ReflectiveCallable.run(ReflectiveCallable.java:15)
	at org.junit.runners.model.FrameworkMethod.invokeExplosively(FrameworkMethod.java:41)
	at junitparams.internal.InvokeParameterisedMethod.evaluate(InvokeParameterisedMethod.java:102)
	at org.junit.internal.runners.statements.FailOnTimeout$1.run(FailOnTimeout.java:28)
Caused by: ptolemy.kernel.util.IllegalActionException: Found a zero delay loop containing .dependencyLoop2.original
  in .dependencyLoop2 and .dependencyLoop2.original
	at ptolemy.actor.util.CausalityInterfaceForComposites._computeOutputPortDepth(CausalityInterfaceForComposites.java:759)
	at ptolemy.actor.util.CausalityInterfaceForComposites._computeInputDepth(CausalityInterfaceForComposites.java:696)
	at ptolemy.actor.util.CausalityInterfaceForComposites._computeOutputPortDepth(CausalityInterfaceForComposites.java:765)
	at ptolemy.actor.util.CausalityInterfaceForComposites._computeInputDepth(CausalityInterfaceForComposites.java:696)
	at ptolemy.actor.util.CausalityInterfaceForComposites._computeOutputPortDepth(CausalityInterfaceForComposites.java:765)
	at ptolemy.actor.util.CausalityInterfaceForComposites._computeInputDepth(CausalityInterfaceForComposites.java:696)
	at ptolemy.actor.util.CausalityInterfaceForComposites._computeActorDepth(CausalityInterfaceForComposites.java:532)
	at ptolemy.actor.util.CausalityInterfaceForComposites.checkForCycles(CausalityInterfaceForComposites.java:96)
	at ptolemy.domains.de.kernel.DEDirector.preinitialize(DEDirector.java:1338)
	at ptolemy.actor.CompositeActor.preinitialize(CompositeActor.java:1828)
	at ptolemy.actor.Manager.preinitializeAndResolveTypes(Manager.java:1040)
	at ptolemy.actor.Manager.initialize(Manager.java:710)
	at ptolemy.actor.Manager.execute(Manager.java:356)
	at ptolemy.actor.Manager.run(Manager.java:1263)
	at ptolemy.actor.Manager$PtolemyRunThread.run(Manager.java:1915)
]]></system-err>
</testsuite>
