<?xml version="1.0" encoding="UTF-8" ?>
<testsuite errors="0" failures="0" hostname="travis-job-525bc40c-f6f0-4dbc-b6c0-89bf65fb4f52" name="ptolemy.domains.continuous.test.junit.JUnitTclTest" skipped="0" tests="156" time="74.936" timestamp="2019-03-10T03:42:34">
  <properties>
[...]
</properties>
  <testcase classname="ptolemy.util.test.junit.TclTests" name="[0] ThereAreNoTclTests (RunTclFile)" time="0.001" />
  <testcase classname="ptolemy.util.test.junit.AutoKnownFailedTests" name="[0] ThereAreNoKnowFailedTests (RunModel)" time="0.0" />
  <testcase classname="ptolemy.util.test.junit.AutoNameArchTests" name="[0] ThereAreNoAutoArchTests (RunModel)" time="0.001" />
  <testcase classname="ptolemy.util.test.junit.AutoTests" name="[0] /home/travis/build/icyphy/ptII/ptolemy/domains/continuous/test/auto/BouncingBall.xml (RunModel)" time="2.837" />
  <testcase classname="ptolemy.util.test.junit.AutoTests" name="[1] /home/travis/build/icyphy/ptII/ptolemy/domains/continuous/test/auto/BouncingBallWithoutGR.xml (RunModel)" time="0.949" />
  <testcase classname="ptolemy.util.test.junit.AutoTests" name="[2] /home/travis/build/icyphy/ptII/ptolemy/domains/continuous/test/auto/Brownian.xml (RunModel)" time="0.119" />
  <testcase classname="ptolemy.util.test.junit.AutoTests" name="[3] /home/travis/build/icyphy/ptII/ptolemy/domains/continuous/test/auto/CarTracking.xml (RunModel)" time="3.672" />
  <testcase classname="ptolemy.util.test.junit.AutoTests" name="[4] /home/travis/build/icyphy/ptII/ptolemy/domains/continuous/test/auto/CartPendulum.xml (RunModel)" time="0.539" />
  <testcase classname="ptolemy.util.test.junit.AutoTests" name="[5] /home/travis/build/icyphy/ptII/ptolemy/domains/continuous/test/auto/CausalityInterface10.xml (RunModel)" time="0.055" />
  <testcase classname="ptolemy.util.test.junit.AutoTests" name="[6] /home/travis/build/icyphy/ptII/ptolemy/domains/continuous/test/auto/CausalityInterface11.xml (RunModel)" time="0.042" />
  <testcase classname="ptolemy.util.test.junit.AutoTests" name="[7] /home/travis/build/icyphy/ptII/ptolemy/domains/continuous/test/auto/CausalityInterface12.xml (RunModel)" time="0.038" />
  <testcase classname="ptolemy.util.test.junit.AutoTests" name="[8] /home/travis/build/icyphy/ptII/ptolemy/domains/continuous/test/auto/CausalityInterface13.xml (RunModel)" time="0.033" />
  <testcase classname="ptolemy.util.test.junit.AutoTests" name="[9] /home/travis/build/icyphy/ptII/ptolemy/domains/continuous/test/auto/CausalityInterface14.xml (RunModel)" time="0.03" />
  <testcase classname="ptolemy.util.test.junit.AutoTests" name="[10] /home/travis/build/icyphy/ptII/ptolemy/domains/continuous/test/auto/CausalityInterface4.xml (RunModel)" time="0.034" />
  <testcase classname="ptolemy.util.test.junit.AutoTests" name="[11] /home/travis/build/icyphy/ptII/ptolemy/domains/continuous/test/auto/CausalityInterface5.xml (RunModel)" time="0.046" />
  <testcase classname="ptolemy.util.test.junit.AutoTests" name="[12] /home/travis/build/icyphy/ptII/ptolemy/domains/continuous/test/auto/CausalityInterface6.xml (RunModel)" time="0.026" />
  <testcase classname="ptolemy.util.test.junit.AutoTests" name="[13] /home/travis/build/icyphy/ptII/ptolemy/domains/continuous/test/auto/CausalityInterface7.xml (RunModel)" time="0.059" />
  <testcase classname="ptolemy.util.test.junit.AutoTests" name="[14] /home/travis/build/icyphy/ptII/ptolemy/domains/continuous/test/auto/CausalityInterface8.xml (RunModel)" time="0.04" />
  <testcase classname="ptolemy.util.test.junit.AutoTests" name="[15] /home/travis/build/icyphy/ptII/ptolemy/domains/continuous/test/auto/CausalityInterface9.xml (RunModel)" time="0.046" />
  <testcase classname="ptolemy.util.test.junit.AutoTests" name="[16] /home/travis/build/icyphy/ptII/ptolemy/domains/continuous/test/auto/CausalityInterfaceFeedback1.xml (RunModel)" time="0.036" />
  <testcase classname="ptolemy.util.test.junit.AutoTests" name="[17] /home/travis/build/icyphy/ptII/ptolemy/domains/continuous/test/auto/CausalityInterfaceFeedback2.xml (RunModel)" time="0.038" />
  <testcase classname="ptolemy.util.test.junit.AutoTests" name="[18] /home/travis/build/icyphy/ptII/ptolemy/domains/continuous/test/auto/CompareWithCurrentTime.xml (RunModel)" time="0.029" />
  <testcase classname="ptolemy.util.test.junit.AutoTests" name="[19] /home/travis/build/icyphy/ptII/ptolemy/domains/continuous/test/auto/ComparedClocks.xml (RunModel)" time="0.077" />
  <testcase classname="ptolemy.util.test.junit.AutoTests" name="[20] /home/travis/build/icyphy/ptII/ptolemy/domains/continuous/test/auto/ContinuousAOCClone.xml (RunModel)" time="2.45" />
  <testcase classname="ptolemy.util.test.junit.AutoTests" name="[21] /home/travis/build/icyphy/ptII/ptolemy/domains/continuous/test/auto/ContinuousClock.xml (RunModel)" time="0.071" />
  <testcase classname="ptolemy.util.test.junit.AutoTests" name="[22] /home/travis/build/icyphy/ptII/ptolemy/domains/continuous/test/auto/ContinuousInContinuous.xml (RunModel)" time="0.073" />
  <testcase classname="ptolemy.util.test.junit.AutoTests" name="[23] /home/travis/build/icyphy/ptII/ptolemy/domains/continuous/test/auto/ContinuousInContinuousInContinuous.xml (RunModel)" time="0.032" />
  <testcase classname="ptolemy.util.test.junit.AutoTests" name="[24] /home/travis/build/icyphy/ptII/ptolemy/domains/continuous/test/auto/ContinuousInDE.xml (RunModel)" time="0.141" />
  <testcase classname="ptolemy.util.test.junit.AutoTests" name="[25] /home/travis/build/icyphy/ptII/ptolemy/domains/continuous/test/auto/ContinuousInDE2.xml (RunModel)" time="0.058" />
  <testcase classname="ptolemy.util.test.junit.AutoTests" name="[26] /home/travis/build/icyphy/ptII/ptolemy/domains/continuous/test/auto/ContinuousInDE3.xml (RunModel)" time="0.06" />
  <testcase classname="ptolemy.util.test.junit.AutoTests" name="[27] /home/travis/build/icyphy/ptII/ptolemy/domains/continuous/test/auto/ContinuousInDE4.xml (RunModel)" time="0.04" />
  <testcase classname="ptolemy.util.test.junit.AutoTests" name="[28] /home/travis/build/icyphy/ptII/ptolemy/domains/continuous/test/auto/ContinuousInDEDifferentRefinements.xml (RunModel)" time="0.095" />
  <testcase classname="ptolemy.util.test.junit.AutoTests" name="[29] /home/travis/build/icyphy/ptII/ptolemy/domains/continuous/test/auto/ContinuousInDEDifferentRefinementsPreemptive.xml (RunModel)" time="0.093" />
  <testcase classname="ptolemy.util.test.junit.AutoTests" name="[30] /home/travis/build/icyphy/ptII/ptolemy/domains/continuous/test/auto/ContinuousInDEInContinuous2.xml (RunModel)" time="0.064" />
  <testcase classname="ptolemy.util.test.junit.AutoTests" name="[31] /home/travis/build/icyphy/ptII/ptolemy/domains/continuous/test/auto/ContinuousInDEInContinuous3.xml (RunModel)" time="0.078" />
  <testcase classname="ptolemy.util.test.junit.AutoTests" name="[32] /home/travis/build/icyphy/ptII/ptolemy/domains/continuous/test/auto/ContinuousInDEInput.xml (RunModel)" time="0.046" />
  <testcase classname="ptolemy.util.test.junit.AutoTests" name="[33] /home/travis/build/icyphy/ptII/ptolemy/domains/continuous/test/auto/ContinuousInDEInput2.xml (RunModel)" time="0.06" />
  <testcase classname="ptolemy.util.test.junit.AutoTests" name="[34] /home/travis/build/icyphy/ptII/ptolemy/domains/continuous/test/auto/ContinuousInDEInput3.xml (RunModel)" time="0.025" />
  <testcase classname="ptolemy.util.test.junit.AutoTests" name="[35] /home/travis/build/icyphy/ptII/ptolemy/domains/continuous/test/auto/ContinuousInDESharingRefinement.xml (RunModel)" time="0.178" />
  <testcase classname="ptolemy.util.test.junit.AutoTests" name="[36] /home/travis/build/icyphy/ptII/ptolemy/domains/continuous/test/auto/ContinuousInDEwithNoPorts.xml (RunModel)" time="0.015" />
  <testcase classname="ptolemy.util.test.junit.AutoTests" name="[37] /home/travis/build/icyphy/ptII/ptolemy/domains/continuous/test/auto/ContinuousInsideDE.xml (RunModel)" time="0.09" />
  <testcase classname="ptolemy.util.test.junit.AutoTests" name="[38] /home/travis/build/icyphy/ptII/ptolemy/domains/continuous/test/auto/ContinuousMerge1.xml (RunModel)" time="0.015" />
  <testcase classname="ptolemy.util.test.junit.AutoTests" name="[39] /home/travis/build/icyphy/ptII/ptolemy/domains/continuous/test/auto/ContinuousMerge2.xml (RunModel)" time="0.048" />
  <testcase classname="ptolemy.util.test.junit.AutoTests" name="[40] /home/travis/build/icyphy/ptII/ptolemy/domains/continuous/test/auto/ContinuousMerge3.xml (RunModel)" time="0.065" />
  <testcase classname="ptolemy.util.test.junit.AutoTests" name="[41] /home/travis/build/icyphy/ptII/ptolemy/domains/continuous/test/auto/ContinuousWithinContinuous.xml (RunModel)" time="0.059" />
  <testcase classname="ptolemy.util.test.junit.AutoTests" name="[42] /home/travis/build/icyphy/ptII/ptolemy/domains/continuous/test/auto/ContinuousWithinContinuous2.xml (RunModel)" time="0.08" />
  <testcase classname="ptolemy.util.test.junit.AutoTests" name="[43] /home/travis/build/icyphy/ptII/ptolemy/domains/continuous/test/auto/ContinuousWithinContinuous3.xml (RunModel)" time="0.029" />
  <testcase classname="ptolemy.util.test.junit.AutoTests" name="[44] /home/travis/build/icyphy/ptII/ptolemy/domains/continuous/test/auto/ContinuousWithinContinuous4.xml (RunModel)" time="0.079" />
  <testcase classname="ptolemy.util.test.junit.AutoTests" name="[45] /home/travis/build/icyphy/ptII/ptolemy/domains/continuous/test/auto/ContinuousWithinContinuous5.xml (RunModel)" time="0.032" />
  <testcase classname="ptolemy.util.test.junit.AutoTests" name="[46] /home/travis/build/icyphy/ptII/ptolemy/domains/continuous/test/auto/ContinuousWithinContinuous6.xml (RunModel)" time="0.029" />
  <testcase classname="ptolemy.util.test.junit.AutoTests" name="[47] /home/travis/build/icyphy/ptII/ptolemy/domains/continuous/test/auto/ContinuousWithinContinuous7.xml (RunModel)" time="0.067" />
  <testcase classname="ptolemy.util.test.junit.AutoTests" name="[48] /home/travis/build/icyphy/ptII/ptolemy/domains/continuous/test/auto/DCMotor.xml (RunModel)" time="14.22" />
  <testcase classname="ptolemy.util.test.junit.AutoTests" name="[49] /home/travis/build/icyphy/ptII/ptolemy/domains/continuous/test/auto/DEInContinuous.xml (RunModel)" time="0.027" />
  <testcase classname="ptolemy.util.test.junit.AutoTests" name="[50] /home/travis/build/icyphy/ptII/ptolemy/domains/continuous/test/auto/DEinContinuous2.xml (RunModel)" time="0.046" />
  <testcase classname="ptolemy.util.test.junit.AutoTests" name="[51] /home/travis/build/icyphy/ptII/ptolemy/domains/continuous/test/auto/Derivative.xml (RunModel)" time="0.196" />
  <testcase classname="ptolemy.util.test.junit.AutoTests" name="[52] /home/travis/build/icyphy/ptII/ptolemy/domains/continuous/test/auto/Derivative1.xml (RunModel)" time="0.065" />
  <testcase classname="ptolemy.util.test.junit.AutoTests" name="[53] /home/travis/build/icyphy/ptII/ptolemy/domains/continuous/test/auto/DiscreteClock.xml (RunModel)" time="0.018" />
  <testcase classname="ptolemy.util.test.junit.AutoTests" name="[54] /home/travis/build/icyphy/ptII/ptolemy/domains/continuous/test/auto/EfficiencyCurve.xml (RunModel)" time="0.109" />
  <testcase classname="ptolemy.util.test.junit.AutoTests" name="[55] /home/travis/build/icyphy/ptII/ptolemy/domains/continuous/test/auto/ExponentialResponse.xml (RunModel)" time="0.114" />
  <testcase classname="ptolemy.util.test.junit.AutoTests" name="[56] /home/travis/build/icyphy/ptII/ptolemy/domains/continuous/test/auto/ExponentialResponseRK45.xml (RunModel)" time="0.037" />
  <testcase classname="ptolemy.util.test.junit.AutoTests" name="[57] /home/travis/build/icyphy/ptII/ptolemy/domains/continuous/test/auto/Friction.xml (RunModel)" time="1.45" />
  <testcase classname="ptolemy.util.test.junit.AutoTests" name="[58] /home/travis/build/icyphy/ptII/ptolemy/domains/continuous/test/auto/FurutaPendulum.xml (RunModel)" time="3.655" />
  <testcase classname="ptolemy.util.test.junit.AutoTests" name="[59] /home/travis/build/icyphy/ptII/ptolemy/domains/continuous/test/auto/HierarchicalExecution.xml (RunModel)" time="2.014" />
  <testcase classname="ptolemy.util.test.junit.AutoTests" name="[60] /home/travis/build/icyphy/ptII/ptolemy/domains/continuous/test/auto/HybridPlant.xml (RunModel)" time="0.557" />
  <testcase classname="ptolemy.util.test.junit.AutoTests" name="[61] /home/travis/build/icyphy/ptII/ptolemy/domains/continuous/test/auto/Hysteresis.xml (RunModel)" time="0.178" />
  <testcase classname="ptolemy.util.test.junit.AutoTests" name="[62] /home/travis/build/icyphy/ptII/ptolemy/domains/continuous/test/auto/HysteresisWithRandomDelay.xml (RunModel)" time="0.21" />
  <testcase classname="ptolemy.util.test.junit.AutoTests" name="[63] /home/travis/build/icyphy/ptII/ptolemy/domains/continuous/test/auto/HysteresisWithRandomLosses.xml (RunModel)" time="2.311" />
  <testcase classname="ptolemy.util.test.junit.AutoTests" name="[64] /home/travis/build/icyphy/ptII/ptolemy/domains/continuous/test/auto/ImmediateTransitions.xml (RunModel)" time="0.028" />
  <testcase classname="ptolemy.util.test.junit.AutoTests" name="[65] /home/travis/build/icyphy/ptII/ptolemy/domains/continuous/test/auto/ImpulseFeedback.xml (RunModel)" time="0.03" />
  <testcase classname="ptolemy.util.test.junit.AutoTests" name="[66] /home/travis/build/icyphy/ptII/ptolemy/domains/continuous/test/auto/ImpulseFeedback2.xml (RunModel)" time="0.022" />
  <testcase classname="ptolemy.util.test.junit.AutoTests" name="[67] /home/travis/build/icyphy/ptII/ptolemy/domains/continuous/test/auto/IncreasingRatePoisson.xml (RunModel)" time="0.722" />
  <testcase classname="ptolemy.util.test.junit.AutoTests" name="[68] /home/travis/build/icyphy/ptII/ptolemy/domains/continuous/test/auto/InitialStateFeedback.xml (RunModel)" time="0.015" />
  <testcase classname="ptolemy.util.test.junit.AutoTests" name="[69] /home/travis/build/icyphy/ptII/ptolemy/domains/continuous/test/auto/Integration.xml (RunModel)" time="0.014" />
  <testcase classname="ptolemy.util.test.junit.AutoTests" name="[70] /home/travis/build/icyphy/ptII/ptolemy/domains/continuous/test/auto/Integration2.xml (RunModel)" time="0.092" />
  <testcase classname="ptolemy.util.test.junit.AutoTests" name="[71] /home/travis/build/icyphy/ptII/ptolemy/domains/continuous/test/auto/Integration3.xml (RunModel)" time="0.013" />
  <testcase classname="ptolemy.util.test.junit.AutoTests" name="[72] /home/travis/build/icyphy/ptII/ptolemy/domains/continuous/test/auto/Integration5.xml (RunModel)" time="0.019" />
  <testcase classname="ptolemy.util.test.junit.AutoTests" name="[73] /home/travis/build/icyphy/ptII/ptolemy/domains/continuous/test/auto/IntegratorImpulse.xml (RunModel)" time="0.012" />
  <testcase classname="ptolemy.util.test.junit.AutoTests" name="[74] /home/travis/build/icyphy/ptII/ptolemy/domains/continuous/test/auto/IntegratorImpulse2.xml (RunModel)" time="0.014" />
  <testcase classname="ptolemy.util.test.junit.AutoTests" name="[75] /home/travis/build/icyphy/ptII/ptolemy/domains/continuous/test/auto/LevelCrossing1.xml (RunModel)" time="0.011" />
  <testcase classname="ptolemy.util.test.junit.AutoTests" name="[76] /home/travis/build/icyphy/ptII/ptolemy/domains/continuous/test/auto/LevelCrossing2.xml (RunModel)" time="0.013" />
  <testcase classname="ptolemy.util.test.junit.AutoTests" name="[77] /home/travis/build/icyphy/ptII/ptolemy/domains/continuous/test/auto/LevelCrossing3.xml (RunModel)" time="0.012" />
  <testcase classname="ptolemy.util.test.junit.AutoTests" name="[78] /home/travis/build/icyphy/ptII/ptolemy/domains/continuous/test/auto/LevelCrossing4.xml (RunModel)" time="0.014" />
  <testcase classname="ptolemy.util.test.junit.AutoTests" name="[79] /home/travis/build/icyphy/ptII/ptolemy/domains/continuous/test/auto/LevelCrossing5.xml (RunModel)" time="0.015" />
  <testcase classname="ptolemy.util.test.junit.AutoTests" name="[80] /home/travis/build/icyphy/ptII/ptolemy/domains/continuous/test/auto/LevelCrossing6.xml (RunModel)" time="0.013" />
  <testcase classname="ptolemy.util.test.junit.AutoTests" name="[81] /home/travis/build/icyphy/ptII/ptolemy/domains/continuous/test/auto/LevelCrossingDetector.xml (RunModel)" time="0.047" />
  <testcase classname="ptolemy.util.test.junit.AutoTests" name="[82] /home/travis/build/icyphy/ptII/ptolemy/domains/continuous/test/auto/LevelCrossingDetectorDetectingDirections.xml (RunModel)" time="0.079" />
  <testcase classname="ptolemy.util.test.junit.AutoTests" name="[83] /home/travis/build/icyphy/ptII/ptolemy/domains/continuous/test/auto/LevelCrossingDetectorDetectsGlitches.xml (RunModel)" time="0.062" />
  <testcase classname="ptolemy.util.test.junit.AutoTests" name="[84] /home/travis/build/icyphy/ptII/ptolemy/domains/continuous/test/auto/LevelCrossingNoInitialOuput.xml (RunModel)" time="0.025" />
  <testcase classname="ptolemy.util.test.junit.AutoTests" name="[85] /home/travis/build/icyphy/ptII/ptolemy/domains/continuous/test/auto/LinearStateSpaceExample.xml (RunModel)" time="0.049" />
  <testcase classname="ptolemy.util.test.junit.AutoTests" name="[86] /home/travis/build/icyphy/ptII/ptolemy/domains/continuous/test/auto/Lorenz.xml (RunModel)" time="4.606" />
  <testcase classname="ptolemy.util.test.junit.AutoTests" name="[87] /home/travis/build/icyphy/ptII/ptolemy/domains/continuous/test/auto/LorenzDifferentialSystem.xml (RunModel)" time="1.189" />
  <testcase classname="ptolemy.util.test.junit.AutoTests" name="[88] /home/travis/build/icyphy/ptII/ptolemy/domains/continuous/test/auto/LorenzDifferentialSystemWithInput.xml (RunModel)" time="1.428" />
  <testcase classname="ptolemy.util.test.junit.AutoTests" name="[89] /home/travis/build/icyphy/ptII/ptolemy/domains/continuous/test/auto/LorenzDifferentialSystemWithTime.xml (RunModel)" time="0.722" />
  <testcase classname="ptolemy.util.test.junit.AutoTests" name="[90] /home/travis/build/icyphy/ptII/ptolemy/domains/continuous/test/auto/Microsteps.xml (RunModel)" time="0.02" />
  <testcase classname="ptolemy.util.test.junit.AutoTests" name="[91] /home/travis/build/icyphy/ptII/ptolemy/domains/continuous/test/auto/Modal1.xml (RunModel)" time="0.039" />
  <testcase classname="ptolemy.util.test.junit.AutoTests" name="[92] /home/travis/build/icyphy/ptII/ptolemy/domains/continuous/test/auto/Modal2.xml (RunModel)" time="0.088" />
  <testcase classname="ptolemy.util.test.junit.AutoTests" name="[93] /home/travis/build/icyphy/ptII/ptolemy/domains/continuous/test/auto/ModalTransitionGuardWithReset.xml (RunModel)" time="0.056" />
  <testcase classname="ptolemy.util.test.junit.AutoTests" name="[94] /home/travis/build/icyphy/ptII/ptolemy/domains/continuous/test/auto/ModalTransitionGuardWithResetUsingPreemptiveTransition.xml (RunModel)" time="0.07" />
  <testcase classname="ptolemy.util.test.junit.AutoTests" name="[95] /home/travis/build/icyphy/ptII/ptolemy/domains/continuous/test/auto/ModalTransitionGuardWithResetUsingPreemptiveTransition2.xml (RunModel)" time="0.045" />
  <testcase classname="ptolemy.util.test.junit.AutoTests" name="[96] /home/travis/build/icyphy/ptII/ptolemy/domains/continuous/test/auto/ModalTransitionGuardWithResetUsingPreemptiveTransition3.xml (RunModel)" time="0.025" />
  <testcase classname="ptolemy.util.test.junit.AutoTests" name="[97] /home/travis/build/icyphy/ptII/ptolemy/domains/continuous/test/auto/NewtonsCradle.xml (RunModel)" time="0.829" />
  <testcase classname="ptolemy.util.test.junit.AutoTests" name="[98] /home/travis/build/icyphy/ptII/ptolemy/domains/continuous/test/auto/NewtonsCradleAnimated.xml (RunModel)" time="1.298" />
  <testcase classname="ptolemy.util.test.junit.AutoTests" name="[99] /home/travis/build/icyphy/ptII/ptolemy/domains/continuous/test/auto/NewtonsCradleComplicated.xml (RunModel)" time="0.99" />
  <testcase classname="ptolemy.util.test.junit.AutoTests" name="[100] /home/travis/build/icyphy/ptII/ptolemy/domains/continuous/test/auto/NewtonsCradleNondeterministic.xml (RunModel)" time="0.71" />
  <testcase classname="ptolemy.util.test.junit.AutoTests" name="[101] /home/travis/build/icyphy/ptII/ptolemy/domains/continuous/test/auto/NewtonsCradlePerfectlyInelastic1.xml (RunModel)" time="1.243" />
  <testcase classname="ptolemy.util.test.junit.AutoTests" name="[102] /home/travis/build/icyphy/ptII/ptolemy/domains/continuous/test/auto/Noise.xml (RunModel)" time="0.177" />
  <testcase classname="ptolemy.util.test.junit.AutoTests" name="[103] /home/travis/build/icyphy/ptII/ptolemy/domains/continuous/test/auto/NoiseSpectrum.xml (RunModel)" time="0.761" />
  <testcase classname="ptolemy.util.test.junit.AutoTests" name="[104] /home/travis/build/icyphy/ptII/ptolemy/domains/continuous/test/auto/ParameterizedNewtonsCradleAnimated.xml (RunModel)" time="0.372" />
  <testcase classname="ptolemy.util.test.junit.AutoTests" name="[105] /home/travis/build/icyphy/ptII/ptolemy/domains/continuous/test/auto/ParameterizedNewtonsCradleAnimatedNondeterministic.xml (RunModel)" time="1.144" />
  <testcase classname="ptolemy.util.test.junit.AutoTests" name="[106] /home/travis/build/icyphy/ptII/ptolemy/domains/continuous/test/auto/Pendulum3D.xml (RunModel)" time="0.181" />
  <testcase classname="ptolemy.util.test.junit.AutoTests" name="[107] /home/travis/build/icyphy/ptII/ptolemy/domains/continuous/test/auto/PeriodicSampler.xml (RunModel)" time="0.01" />
  <testcase classname="ptolemy.util.test.junit.AutoTests" name="[108] /home/travis/build/icyphy/ptII/ptolemy/domains/continuous/test/auto/PeriodicSampler1.xml (RunModel)" time="0.043" />
  <testcase classname="ptolemy.util.test.junit.AutoTests" name="[109] /home/travis/build/icyphy/ptII/ptolemy/domains/continuous/test/auto/PeriodicSampler2.xml (RunModel)" time="0.075" />
  <testcase classname="ptolemy.util.test.junit.AutoTests" name="[110] /home/travis/build/icyphy/ptII/ptolemy/domains/continuous/test/auto/Poisson.xml (RunModel)" time="0.454" />
  <testcase classname="ptolemy.util.test.junit.AutoTests" name="[111] /home/travis/build/icyphy/ptII/ptolemy/domains/continuous/test/auto/PoissonClock.xml (RunModel)" time="0.011" />
  <testcase classname="ptolemy.util.test.junit.AutoTests" name="[112] /home/travis/build/icyphy/ptII/ptolemy/domains/continuous/test/auto/PoissonClock2.xml (RunModel)" time="0.014" />
  <testcase classname="ptolemy.util.test.junit.AutoTests" name="[113] /home/travis/build/icyphy/ptII/ptolemy/domains/continuous/test/auto/PortParameterHierarchy.xml (RunModel)" time="0.018" />
  <testcase classname="ptolemy.util.test.junit.AutoTests" name="[114] /home/travis/build/icyphy/ptII/ptolemy/domains/continuous/test/auto/RandomHybridPlant.xml (RunModel)" time="0.565" />
  <testcase classname="ptolemy.util.test.junit.AutoTests" name="[115] /home/travis/build/icyphy/ptII/ptolemy/domains/continuous/test/auto/ResetTransitionWithStartTime1.xml (RunModel)" time="0.033" />
  <testcase classname="ptolemy.util.test.junit.AutoTests" name="[116] /home/travis/build/icyphy/ptII/ptolemy/domains/continuous/test/auto/ResetTransitionWithStartTime2.xml (RunModel)" time="0.037" />
  <testcase classname="ptolemy.util.test.junit.AutoTests" name="[117] /home/travis/build/icyphy/ptII/ptolemy/domains/continuous/test/auto/ResetTransitionWithStartTime3.xml (RunModel)" time="0.036" />
  <testcase classname="ptolemy.util.test.junit.AutoTests" name="[118] /home/travis/build/icyphy/ptII/ptolemy/domains/continuous/test/auto/ResetTransitionWithStartTime4.xml (RunModel)" time="0.028" />
  <testcase classname="ptolemy.util.test.junit.AutoTests" name="[119] /home/travis/build/icyphy/ptII/ptolemy/domains/continuous/test/auto/ResetTransitionWithStartTime5.xml (RunModel)" time="0.036" />
  <testcase classname="ptolemy.util.test.junit.AutoTests" name="[120] /home/travis/build/icyphy/ptII/ptolemy/domains/continuous/test/auto/ResetTransitionWithStartTime6.xml (RunModel)" time="0.028" />
  <testcase classname="ptolemy.util.test.junit.AutoTests" name="[121] /home/travis/build/icyphy/ptII/ptolemy/domains/continuous/test/auto/SRinContinuous.xml (RunModel)" time="0.025" />
  <testcase classname="ptolemy.util.test.junit.AutoTests" name="[122] /home/travis/build/icyphy/ptII/ptolemy/domains/continuous/test/auto/SampledClocks.xml (RunModel)" time="0.036" />
  <testcase classname="ptolemy.util.test.junit.AutoTests" name="[123] /home/travis/build/icyphy/ptII/ptolemy/domains/continuous/test/auto/Satellite.xml (RunModel)" time="0.839" />
  <testcase classname="ptolemy.util.test.junit.AutoTests" name="[124] /home/travis/build/icyphy/ptII/ptolemy/domains/continuous/test/auto/SigmaDelta.xml (RunModel)" time="2.466" />
  <testcase classname="ptolemy.util.test.junit.AutoTests" name="[125] /home/travis/build/icyphy/ptII/ptolemy/domains/continuous/test/auto/SingleRefinement.xml (RunModel)" time="0.459" />
  <testcase classname="ptolemy.util.test.junit.AutoTests" name="[126] /home/travis/build/icyphy/ptII/ptolemy/domains/continuous/test/auto/SinuBouncingBall.xml (RunModel)" time="0.84" />
  <testcase classname="ptolemy.util.test.junit.AutoTests" name="[127] /home/travis/build/icyphy/ptII/ptolemy/domains/continuous/test/auto/Sinusoid.xml (RunModel)" time="0.027" />
  <testcase classname="ptolemy.util.test.junit.AutoTests" name="[128] /home/travis/build/icyphy/ptII/ptolemy/domains/continuous/test/auto/SinusoidInNoise.xml (RunModel)" time="1.045" />
  <testcase classname="ptolemy.util.test.junit.AutoTests" name="[129] /home/travis/build/icyphy/ptII/ptolemy/domains/continuous/test/auto/SinusoidRK45.xml (RunModel)" time="0.011" />
  <testcase classname="ptolemy.util.test.junit.AutoTests" name="[130] /home/travis/build/icyphy/ptII/ptolemy/domains/continuous/test/auto/SinusoidWithMultipleImpulses.xml (RunModel)" time="0.01" />
  <testcase classname="ptolemy.util.test.junit.AutoTests" name="[131] /home/travis/build/icyphy/ptII/ptolemy/domains/continuous/test/auto/SquareWave.xml (RunModel)" time="0.179" />
  <testcase classname="ptolemy.util.test.junit.AutoTests" name="[132] /home/travis/build/icyphy/ptII/ptolemy/domains/continuous/test/auto/Starmac.xml (RunModel)" time="3.364" />
  <testcase classname="ptolemy.util.test.junit.AutoTests" name="[133] /home/travis/build/icyphy/ptII/ptolemy/domains/continuous/test/auto/StaticUnits.xml (RunModel)" time="2.456" />
  <testcase classname="ptolemy.util.test.junit.AutoTests" name="[134] /home/travis/build/icyphy/ptII/ptolemy/domains/continuous/test/auto/StickyMasses.xml (RunModel)" time="0.198" />
  <testcase classname="ptolemy.util.test.junit.AutoTests" name="[135] /home/travis/build/icyphy/ptII/ptolemy/domains/continuous/test/auto/StopTime.xml (RunModel)" time="0.07" />
  <testcase classname="ptolemy.util.test.junit.AutoTests" name="[136] /home/travis/build/icyphy/ptII/ptolemy/domains/continuous/test/auto/StopTime2.xml (RunModel)" time="0.055" />
  <testcase classname="ptolemy.util.test.junit.AutoTests" name="[137] /home/travis/build/icyphy/ptII/ptolemy/domains/continuous/test/auto/Switch.xml (RunModel)" time="0.06" />
  <testcase classname="ptolemy.util.test.junit.AutoTests" name="[138] /home/travis/build/icyphy/ptII/ptolemy/domains/continuous/test/auto/Thermostat.xml (RunModel)" time="0.192" />
  <testcase classname="ptolemy.util.test.junit.AutoTests" name="[139] /home/travis/build/icyphy/ptII/ptolemy/domains/continuous/test/auto/TimeDelay.xml (RunModel)" time="0.017" />
  <testcase classname="ptolemy.util.test.junit.AutoTests" name="[140] /home/travis/build/icyphy/ptII/ptolemy/domains/continuous/test/auto/TimeDelay2.xml (RunModel)" time="0.017" />
  <testcase classname="ptolemy.util.test.junit.AutoTests" name="[141] /home/travis/build/icyphy/ptII/ptolemy/domains/continuous/test/auto/TimeDelay3.xml (RunModel)" time="0.013" />
  <testcase classname="ptolemy.util.test.junit.AutoTests" name="[142] /home/travis/build/icyphy/ptII/ptolemy/domains/continuous/test/auto/TransferAbsentToInside.xml (RunModel)" time="0.121" />
  <testcase classname="ptolemy.util.test.junit.AutoTests" name="[143] /home/travis/build/icyphy/ptII/ptolemy/domains/continuous/test/auto/Transmission.xml (RunModel)" time="0.725" />
  <testcase classname="ptolemy.util.test.junit.AutoTests" name="[144] /home/travis/build/icyphy/ptII/ptolemy/domains/continuous/test/auto/TriggeredContinuousClock.xml (RunModel)" time="0.071" />
  <testcase classname="ptolemy.util.test.junit.AutoTests" name="[145] /home/travis/build/icyphy/ptII/ptolemy/domains/continuous/test/auto/TwoMachineInfiniteBusControl.xml (RunModel)" time="2.935" />
  <testcase classname="ptolemy.util.test.junit.AutoTests" name="[146] /home/travis/build/icyphy/ptII/ptolemy/domains/continuous/test/auto/V2V.xml (RunModel)" time="0.735" />
  <testcase classname="ptolemy.util.test.junit.AutoTests" name="[147] /home/travis/build/icyphy/ptII/ptolemy/domains/continuous/test/auto/hierarchicalModalModel.xml (RunModel)" time="0.034" />
  <testcase classname="ptolemy.util.test.junit.AutoTests" name="[148] /home/travis/build/icyphy/ptII/ptolemy/domains/continuous/test/auto/hierarchicalModalModel1.xml (RunModel)" time="0.031" />
  <testcase classname="ptolemy.util.test.junit.AutoTests" name="[149] /home/travis/build/icyphy/ptII/ptolemy/domains/continuous/test/auto/hierarchicalModalModel2.xml (RunModel)" time="0.033" />
  <testcase classname="ptolemy.util.test.junit.AutoTests" name="[150] /home/travis/build/icyphy/ptII/ptolemy/domains/continuous/test/auto/hierarchicalModalModel3.xml (RunModel)" time="0.026" />
  <testcase classname="ptolemy.util.test.junit.AutoTests" name="[151] /home/travis/build/icyphy/ptII/ptolemy/domains/continuous/test/auto/hierarchicalModalModel4.xml (RunModel)" time="0.026" />
  <testcase classname="ptolemy.util.test.junit.AutoTests" name="[152] /home/travis/build/icyphy/ptII/ptolemy/domains/continuous/test/auto/junk.xml (RunModel)" time="0.133" />
  <system-out><![CDATA[No tcl tests in /home/travis/build/icyphy/ptII/ptolemy/domains/continuous/test
No auto/knownFailedTests/*.xml tests in /home/travis/build/icyphy/ptII/ptolemy/domains/continuous/test
No auto/linux-amd64/*.xml tests in /home/travis/build/icyphy/ptII/ptolemy/domains/continuous/test
AutoTests.java: About to close Vertx.
AutoTests.java: Vertx closed.

===========================================================================================
----------------- testing Sun Mar 10 03:42:34 UTC 2019 /home/travis/build/icyphy/ptII/ptolemy/domains/continuous/test/auto/BouncingBall.xml
----------------- Instantiating /home/travis/build/icyphy/ptII/ptolemy/domains/continuous/test/auto/BouncingBall.xml
2355 ms. Memory: 332288K Free: 258462K (78%)
----------------- Invoking toplevel() on ptolemy.moml.MoMLSimpleApplication@3f4688bf
----------------- Done invoking toplevel() on ptolemy.moml.MoMLSimpleApplication@3f4688bf
reloadAllAccessors: .BouncingBall

===========================================================================================
----------------- testing Sun Mar 10 03:42:37 UTC 2019 /home/travis/build/icyphy/ptII/ptolemy/domains/continuous/test/auto/BouncingBallWithoutGR.xml
----------------- Instantiating /home/travis/build/icyphy/ptII/ptolemy/domains/continuous/test/auto/BouncingBallWithoutGR.xml
829 ms. Memory: 332288K Free: 315733K (95%)
----------------- Invoking toplevel() on ptolemy.moml.MoMLSimpleApplication@1b0cea00
----------------- Done invoking toplevel() on ptolemy.moml.MoMLSimpleApplication@1b0cea00
reloadAllAccessors: .BouncingBallWithoutGR

===========================================================================================
----------------- testing Sun Mar 10 03:42:38 UTC 2019 /home/travis/build/icyphy/ptII/ptolemy/domains/continuous/test/auto/Brownian.xml
----------------- Instantiating /home/travis/build/icyphy/ptII/ptolemy/domains/continuous/test/auto/Brownian.xml
41 ms. Memory: 332288K Free: 302040K (91%)
----------------- Invoking toplevel() on ptolemy.moml.MoMLSimpleApplication@160d8a8e
----------------- Done invoking toplevel() on ptolemy.moml.MoMLSimpleApplication@160d8a8e
reloadAllAccessors: .Brownian

===========================================================================================
----------------- testing Sun Mar 10 03:42:38 UTC 2019 /home/travis/build/icyphy/ptII/ptolemy/domains/continuous/test/auto/CarTracking.xml
----------------- Instantiating /home/travis/build/icyphy/ptII/ptolemy/domains/continuous/test/auto/CarTracking.xml
3280 ms. Memory: 578560K Free: 458732K (79%)
----------------- Invoking toplevel() on ptolemy.moml.MoMLSimpleApplication@46562107
----------------- Done invoking toplevel() on ptolemy.moml.MoMLSimpleApplication@46562107
reloadAllAccessors: .CarTracking

===========================================================================================
----------------- testing Sun Mar 10 03:42:42 UTC 2019 /home/travis/build/icyphy/ptII/ptolemy/domains/continuous/test/auto/CartPendulum.xml
----------------- Instantiating /home/travis/build/icyphy/ptII/ptolemy/domains/continuous/test/auto/CartPendulum.xml
434 ms. Memory: 578560K Free: 354447K (61%)
----------------- Invoking toplevel() on ptolemy.moml.MoMLSimpleApplication@2b7869ef
----------------- Done invoking toplevel() on ptolemy.moml.MoMLSimpleApplication@2b7869ef
reloadAllAccessors: .CartPendulum

===========================================================================================
----------------- testing Sun Mar 10 03:42:42 UTC 2019 /home/travis/build/icyphy/ptII/ptolemy/domains/continuous/test/auto/CausalityInterface10.xml
----------------- Instantiating /home/travis/build/icyphy/ptII/ptolemy/domains/continuous/test/auto/CausalityInterface10.xml
14 ms. Memory: 578560K Free: 341323K (59%)
----------------- Invoking toplevel() on ptolemy.moml.MoMLSimpleApplication@364c7252
----------------- Done invoking toplevel() on ptolemy.moml.MoMLSimpleApplication@364c7252
reloadAllAccessors: .CausalityInterface10

===========================================================================================
----------------- testing Sun Mar 10 03:42:42 UTC 2019 /home/travis/build/icyphy/ptII/ptolemy/domains/continuous/test/auto/CausalityInterface11.xml
----------------- Instantiating /home/travis/build/icyphy/ptII/ptolemy/domains/continuous/test/auto/CausalityInterface11.xml
11 ms. Memory: 578560K Free: 331477K (57%)
----------------- Invoking toplevel() on ptolemy.moml.MoMLSimpleApplication@5a5b6e78
----------------- Done invoking toplevel() on ptolemy.moml.MoMLSimpleApplication@5a5b6e78
reloadAllAccessors: .CausalityInterface11

===========================================================================================
----------------- testing Sun Mar 10 03:42:42 UTC 2019 /home/travis/build/icyphy/ptII/ptolemy/domains/continuous/test/auto/CausalityInterface12.xml
----------------- Instantiating /home/travis/build/icyphy/ptII/ptolemy/domains/continuous/test/auto/CausalityInterface12.xml
7 ms. Memory: 578560K Free: 318748K (55%)
----------------- Invoking toplevel() on ptolemy.moml.MoMLSimpleApplication@41a867a7
----------------- Done invoking toplevel() on ptolemy.moml.MoMLSimpleApplication@41a867a7
reloadAllAccessors: .CausalityInterface12

===========================================================================================
----------------- testing Sun Mar 10 03:42:42 UTC 2019 /home/travis/build/icyphy/ptII/ptolemy/domains/continuous/test/auto/CausalityInterface13.xml
----------------- Instantiating /home/travis/build/icyphy/ptII/ptolemy/domains/continuous/test/auto/CausalityInterface13.xml
3 ms. Memory: 578560K Free: 308917K (53%)
----------------- Invoking toplevel() on ptolemy.moml.MoMLSimpleApplication@6c7a847e
----------------- Done invoking toplevel() on ptolemy.moml.MoMLSimpleApplication@6c7a847e
reloadAllAccessors: .CausalityInterface13

===========================================================================================
----------------- testing Sun Mar 10 03:42:42 UTC 2019 /home/travis/build/icyphy/ptII/ptolemy/domains/continuous/test/auto/CausalityInterface14.xml
----------------- Instantiating /home/travis/build/icyphy/ptII/ptolemy/domains/continuous/test/auto/CausalityInterface14.xml
2 ms. Memory: 578560K Free: 299071K (52%)
----------------- Invoking toplevel() on ptolemy.moml.MoMLSimpleApplication@4e113d7e
----------------- Done invoking toplevel() on ptolemy.moml.MoMLSimpleApplication@4e113d7e
reloadAllAccessors: .CausalityInterface14

===========================================================================================
----------------- testing Sun Mar 10 03:42:42 UTC 2019 /home/travis/build/icyphy/ptII/ptolemy/domains/continuous/test/auto/CausalityInterface4.xml
----------------- Instantiating /home/travis/build/icyphy/ptII/ptolemy/domains/continuous/test/auto/CausalityInterface4.xml
9 ms. Memory: 578560K Free: 289240K (50%)
----------------- Invoking toplevel() on ptolemy.moml.MoMLSimpleApplication@46b7a586
----------------- Done invoking toplevel() on ptolemy.moml.MoMLSimpleApplication@46b7a586
reloadAllAccessors: .CausalityInterface4

===========================================================================================
----------------- testing Sun Mar 10 03:42:42 UTC 2019 /home/travis/build/icyphy/ptII/ptolemy/domains/continuous/test/auto/CausalityInterface5.xml
----------------- Instantiating /home/travis/build/icyphy/ptII/ptolemy/domains/continuous/test/auto/CausalityInterface5.xml
11 ms. Memory: 578560K Free: 273234K (47%)
----------------- Invoking toplevel() on ptolemy.moml.MoMLSimpleApplication@4898b6b3
----------------- Done invoking toplevel() on ptolemy.moml.MoMLSimpleApplication@4898b6b3
reloadAllAccessors: .CausalityInterface5

===========================================================================================
----------------- testing Sun Mar 10 03:42:43 UTC 2019 /home/travis/build/icyphy/ptII/ptolemy/domains/continuous/test/auto/CausalityInterface6.xml
----------------- Instantiating /home/travis/build/icyphy/ptII/ptolemy/domains/continuous/test/auto/CausalityInterface6.xml
6 ms. Memory: 578560K Free: 263396K (46%)
----------------- Invoking toplevel() on ptolemy.moml.MoMLSimpleApplication@23122a5
----------------- Done invoking toplevel() on ptolemy.moml.MoMLSimpleApplication@23122a5
reloadAllAccessors: .CausalityInterface6

===========================================================================================
----------------- testing Sun Mar 10 03:42:43 UTC 2019 /home/travis/build/icyphy/ptII/ptolemy/domains/continuous/test/auto/CausalityInterface7.xml
----------------- Instantiating /home/travis/build/icyphy/ptII/ptolemy/domains/continuous/test/auto/CausalityInterface7.xml
14 ms. Memory: 578560K Free: 250272K (43%)
----------------- Invoking toplevel() on ptolemy.moml.MoMLSimpleApplication@6a31cd79
----------------- Done invoking toplevel() on ptolemy.moml.MoMLSimpleApplication@6a31cd79
reloadAllAccessors: .CausalityInterface7

===========================================================================================
----------------- testing Sun Mar 10 03:42:43 UTC 2019 /home/travis/build/icyphy/ptII/ptolemy/domains/continuous/test/auto/CausalityInterface8.xml
----------------- Instantiating /home/travis/build/icyphy/ptII/ptolemy/domains/continuous/test/auto/CausalityInterface8.xml
6 ms. Memory: 578560K Free: 237117K (41%)
----------------- Invoking toplevel() on ptolemy.moml.MoMLSimpleApplication@6da9f144
----------------- Done invoking toplevel() on ptolemy.moml.MoMLSimpleApplication@6da9f144
reloadAllAccessors: .CausalityInterface8

===========================================================================================
----------------- testing Sun Mar 10 03:42:43 UTC 2019 /home/travis/build/icyphy/ptII/ptolemy/domains/continuous/test/auto/CausalityInterface9.xml
----------------- Instantiating /home/travis/build/icyphy/ptII/ptolemy/domains/continuous/test/auto/CausalityInterface9.xml
8 ms. Memory: 578560K Free: 221127K (38%)
----------------- Invoking toplevel() on ptolemy.moml.MoMLSimpleApplication@2258820d
----------------- Done invoking toplevel() on ptolemy.moml.MoMLSimpleApplication@2258820d
reloadAllAccessors: .CausalityInterface9

===========================================================================================
----------------- testing Sun Mar 10 03:42:43 UTC 2019 /home/travis/build/icyphy/ptII/ptolemy/domains/continuous/test/auto/CausalityInterfaceFeedback1.xml
----------------- Instantiating /home/travis/build/icyphy/ptII/ptolemy/domains/continuous/test/auto/CausalityInterfaceFeedback1.xml
6 ms. Memory: 578560K Free: 208002K (36%)
----------------- Invoking toplevel() on ptolemy.moml.MoMLSimpleApplication@5925cd4
----------------- Done invoking toplevel() on ptolemy.moml.MoMLSimpleApplication@5925cd4
reloadAllAccessors: .CausalityInterfaceFeedback1

===========================================================================================
----------------- testing Sun Mar 10 03:42:43 UTC 2019 /home/travis/build/icyphy/ptII/ptolemy/domains/continuous/test/auto/CausalityInterfaceFeedback2.xml
----------------- Instantiating /home/travis/build/icyphy/ptII/ptolemy/domains/continuous/test/auto/CausalityInterfaceFeedback2.xml
5 ms. Memory: 578560K Free: 198156K (34%)
----------------- Invoking toplevel() on ptolemy.moml.MoMLSimpleApplication@7f64361b
----------------- Done invoking toplevel() on ptolemy.moml.MoMLSimpleApplication@7f64361b
reloadAllAccessors: .CausalityInterfaceFeedback2

===========================================================================================
----------------- testing Sun Mar 10 03:42:43 UTC 2019 /home/travis/build/icyphy/ptII/ptolemy/domains/continuous/test/auto/CompareWithCurrentTime.xml
----------------- Instantiating /home/travis/build/icyphy/ptII/ptolemy/domains/continuous/test/auto/CompareWithCurrentTime.xml
3 ms. Memory: 578560K Free: 188719K (33%)
----------------- Invoking toplevel() on ptolemy.moml.MoMLSimpleApplication@7c8209d3
----------------- Done invoking toplevel() on ptolemy.moml.MoMLSimpleApplication@7c8209d3
reloadAllAccessors: .CompareWithCurrentTime

===========================================================================================
----------------- testing Sun Mar 10 03:42:43 UTC 2019 /home/travis/build/icyphy/ptII/ptolemy/domains/continuous/test/auto/ComparedClocks.xml
----------------- Instantiating /home/travis/build/icyphy/ptII/ptolemy/domains/continuous/test/auto/ComparedClocks.xml
9 ms. Memory: 578560K Free: 159196K (28%)
----------------- Invoking toplevel() on ptolemy.moml.MoMLSimpleApplication@68167d48
----------------- Done invoking toplevel() on ptolemy.moml.MoMLSimpleApplication@68167d48
reloadAllAccessors: .ComparedClocks

===========================================================================================
----------------- testing Sun Mar 10 03:42:43 UTC 2019 /home/travis/build/icyphy/ptII/ptolemy/domains/continuous/test/auto/ContinuousAOCClone.xml
----------------- Instantiating /home/travis/build/icyphy/ptII/ptolemy/domains/continuous/test/auto/ContinuousAOCClone.xml
2225 ms. Memory: 872960K Free: 423081K (48%)
----------------- Invoking toplevel() on ptolemy.moml.MoMLSimpleApplication@2c17e46b
----------------- Done invoking toplevel() on ptolemy.moml.MoMLSimpleApplication@2c17e46b
reloadAllAccessors: .ContinuousAOCClone

===========================================================================================
----------------- testing Sun Mar 10 03:42:45 UTC 2019 /home/travis/build/icyphy/ptII/ptolemy/domains/continuous/test/auto/ContinuousClock.xml
----------------- Instantiating /home/travis/build/icyphy/ptII/ptolemy/domains/continuous/test/auto/ContinuousClock.xml
28 ms. Memory: 872960K Free: 388836K (45%)
----------------- Invoking toplevel() on ptolemy.moml.MoMLSimpleApplication@2e695513
----------------- Done invoking toplevel() on ptolemy.moml.MoMLSimpleApplication@2e695513
reloadAllAccessors: .ContinuousClock

===========================================================================================
----------------- testing Sun Mar 10 03:42:45 UTC 2019 /home/travis/build/icyphy/ptII/ptolemy/domains/continuous/test/auto/ContinuousInContinuous.xml
----------------- Instantiating /home/travis/build/icyphy/ptII/ptolemy/domains/continuous/test/auto/ContinuousInContinuous.xml
35 ms. Memory: 872960K Free: 361265K (41%)
----------------- Invoking toplevel() on ptolemy.moml.MoMLSimpleApplication@1796ae0a
----------------- Done invoking toplevel() on ptolemy.moml.MoMLSimpleApplication@1796ae0a
reloadAllAccessors: .ContinuousInContinuous

===========================================================================================
----------------- testing Sun Mar 10 03:42:46 UTC 2019 /home/travis/build/icyphy/ptII/ptolemy/domains/continuous/test/auto/ContinuousInContinuousInContinuous.xml
----------------- Instantiating /home/travis/build/icyphy/ptII/ptolemy/domains/continuous/test/auto/ContinuousInContinuousInContinuous.xml
10 ms. Memory: 872960K Free: 349460K (40%)
----------------- Invoking toplevel() on ptolemy.moml.MoMLSimpleApplication@1194d96f
----------------- Done invoking toplevel() on ptolemy.moml.MoMLSimpleApplication@1194d96f
reloadAllAccessors: .ContinuousInContinuousInContinuous

===========================================================================================
----------------- testing Sun Mar 10 03:42:46 UTC 2019 /home/travis/build/icyphy/ptII/ptolemy/domains/continuous/test/auto/ContinuousInDE.xml
----------------- Instantiating /home/travis/build/icyphy/ptII/ptolemy/domains/continuous/test/auto/ContinuousInDE.xml
113 ms. Memory: 872960K Free: 330601K (38%)
----------------- Invoking toplevel() on ptolemy.moml.MoMLSimpleApplication@2bac504e
----------------- Done invoking toplevel() on ptolemy.moml.MoMLSimpleApplication@2bac504e
reloadAllAccessors: .ContinuousInDE

===========================================================================================
----------------- testing Sun Mar 10 03:42:46 UTC 2019 /home/travis/build/icyphy/ptII/ptolemy/domains/continuous/test/auto/ContinuousInDE2.xml
----------------- Instantiating /home/travis/build/icyphy/ptII/ptolemy/domains/continuous/test/auto/ContinuousInDE2.xml
37 ms. Memory: 872960K Free: 318812K (37%)
----------------- Invoking toplevel() on ptolemy.moml.MoMLSimpleApplication@4b717f5f
----------------- Done invoking toplevel() on ptolemy.moml.MoMLSimpleApplication@4b717f5f
reloadAllAccessors: .ContinuousInDE2

===========================================================================================
----------------- testing Sun Mar 10 03:42:46 UTC 2019 /home/travis/build/icyphy/ptII/ptolemy/domains/continuous/test/auto/ContinuousInDE3.xml
----------------- Instantiating /home/travis/build/icyphy/ptII/ptolemy/domains/continuous/test/auto/ContinuousInDE3.xml
39 ms. Memory: 872960K Free: 307023K (35%)
----------------- Invoking toplevel() on ptolemy.moml.MoMLSimpleApplication@6977b021
----------------- Done invoking toplevel() on ptolemy.moml.MoMLSimpleApplication@6977b021
reloadAllAccessors: .ContinuousInDE3

===========================================================================================
----------------- testing Sun Mar 10 03:42:46 UTC 2019 /home/travis/build/icyphy/ptII/ptolemy/domains/continuous/test/auto/ContinuousInDE4.xml
----------------- Instantiating /home/travis/build/icyphy/ptII/ptolemy/domains/continuous/test/auto/ContinuousInDE4.xml
16 ms. Memory: 872960K Free: 299164K (34%)
----------------- Invoking toplevel() on ptolemy.moml.MoMLSimpleApplication@1685475c
----------------- Done invoking toplevel() on ptolemy.moml.MoMLSimpleApplication@1685475c
reloadAllAccessors: .ContinuousInDE4

===========================================================================================
----------------- testing Sun Mar 10 03:42:46 UTC 2019 /home/travis/build/icyphy/ptII/ptolemy/domains/continuous/test/auto/ContinuousInDEDifferentRefinements.xml
----------------- Instantiating /home/travis/build/icyphy/ptII/ptolemy/domains/continuous/test/auto/ContinuousInDEDifferentRefinements.xml
39 ms. Memory: 872960K Free: 260584K (30%)
----------------- Invoking toplevel() on ptolemy.moml.MoMLSimpleApplication@2f2b571
----------------- Done invoking toplevel() on ptolemy.moml.MoMLSimpleApplication@2f2b571
reloadAllAccessors: .ContinuousInDEDifferentRefinements

===========================================================================================
----------------- testing Sun Mar 10 03:42:46 UTC 2019 /home/travis/build/icyphy/ptII/ptolemy/domains/continuous/test/auto/ContinuousInDEDifferentRefinementsPreemptive.xml
----------------- Instantiating /home/travis/build/icyphy/ptII/ptolemy/domains/continuous/test/auto/ContinuousInDEDifferentRefinementsPreemptive.xml
58 ms. Memory: 872960K Free: 225193K (26%)
----------------- Invoking toplevel() on ptolemy.moml.MoMLSimpleApplication@2702d454
----------------- Done invoking toplevel() on ptolemy.moml.MoMLSimpleApplication@2702d454
reloadAllAccessors: .ContinuousInDEDifferentRefinementsPreemptive

===========================================================================================
----------------- testing Sun Mar 10 03:42:46 UTC 2019 /home/travis/build/icyphy/ptII/ptolemy/domains/continuous/test/auto/ContinuousInDEInContinuous2.xml
----------------- Instantiating /home/travis/build/icyphy/ptII/ptolemy/domains/continuous/test/auto/ContinuousInDEInContinuous2.xml
40 ms. Memory: 872960K Free: 209459K (24%)
----------------- Invoking toplevel() on ptolemy.moml.MoMLSimpleApplication@221965f9
----------------- Done invoking toplevel() on ptolemy.moml.MoMLSimpleApplication@221965f9
reloadAllAccessors: .ContinuousInDEInContinuous2

===========================================================================================
----------------- testing Sun Mar 10 03:42:46 UTC 2019 /home/travis/build/icyphy/ptII/ptolemy/domains/continuous/test/auto/ContinuousInDEInContinuous3.xml
----------------- Instantiating /home/travis/build/icyphy/ptII/ptolemy/domains/continuous/test/auto/ContinuousInDEInContinuous3.xml
37 ms. Memory: 872960K Free: 193740K (22%)
----------------- Invoking toplevel() on ptolemy.moml.MoMLSimpleApplication@d0e1087
----------------- Done invoking toplevel() on ptolemy.moml.MoMLSimpleApplication@d0e1087
reloadAllAccessors: .ContinuousInDEInContinuous3

===========================================================================================
----------------- testing Sun Mar 10 03:42:46 UTC 2019 /home/travis/build/icyphy/ptII/ptolemy/domains/continuous/test/auto/ContinuousInDEInput.xml
----------------- Instantiating /home/travis/build/icyphy/ptII/ptolemy/domains/continuous/test/auto/ContinuousInDEInput.xml
19 ms. Memory: 872960K Free: 178810K (20%)
----------------- Invoking toplevel() on ptolemy.moml.MoMLSimpleApplication@20c88df5
----------------- Done invoking toplevel() on ptolemy.moml.MoMLSimpleApplication@20c88df5
reloadAllAccessors: .ContinuousInDEInput

===========================================================================================
----------------- testing Sun Mar 10 03:42:46 UTC 2019 /home/travis/build/icyphy/ptII/ptolemy/domains/continuous/test/auto/ContinuousInDEInput2.xml
----------------- Instantiating /home/travis/build/icyphy/ptII/ptolemy/domains/continuous/test/auto/ContinuousInDEInput2.xml
13 ms. Memory: 872960K Free: 167005K (19%)
----------------- Invoking toplevel() on ptolemy.moml.MoMLSimpleApplication@51b1d1b7
----------------- Done invoking toplevel() on ptolemy.moml.MoMLSimpleApplication@51b1d1b7
reloadAllAccessors: .ContinuousInDEInput2

===========================================================================================
----------------- testing Sun Mar 10 03:42:46 UTC 2019 /home/travis/build/icyphy/ptII/ptolemy/domains/continuous/test/auto/ContinuousInDEInput3.xml
----------------- Instantiating /home/travis/build/icyphy/ptII/ptolemy/domains/continuous/test/auto/ContinuousInDEInput3.xml
11 ms. Memory: 872960K Free: 155208K (18%)
----------------- Invoking toplevel() on ptolemy.moml.MoMLSimpleApplication@45347ae5
----------------- Done invoking toplevel() on ptolemy.moml.MoMLSimpleApplication@45347ae5
reloadAllAccessors: .ContinuousInDEInput3

===========================================================================================
----------------- testing Sun Mar 10 03:42:46 UTC 2019 /home/travis/build/icyphy/ptII/ptolemy/domains/continuous/test/auto/ContinuousInDESharingRefinement.xml
----------------- Instantiating /home/travis/build/icyphy/ptII/ptolemy/domains/continuous/test/auto/ContinuousInDESharingRefinement.xml
153 ms. Memory: 829952K Free: 799244K (96%)
----------------- Invoking toplevel() on ptolemy.moml.MoMLSimpleApplication@1b021518
----------------- Done invoking toplevel() on ptolemy.moml.MoMLSimpleApplication@1b021518
reloadAllAccessors: .ContinuousInDESharingRefinement

===========================================================================================
----------------- testing Sun Mar 10 03:42:47 UTC 2019 /home/travis/build/icyphy/ptII/ptolemy/domains/continuous/test/auto/ContinuousInDEwithNoPorts.xml
----------------- Instantiating /home/travis/build/icyphy/ptII/ptolemy/domains/continuous/test/auto/ContinuousInDEwithNoPorts.xml
6 ms. Memory: 829952K Free: 787803K (95%)
----------------- Invoking toplevel() on ptolemy.moml.MoMLSimpleApplication@1ff4ad76
----------------- Done invoking toplevel() on ptolemy.moml.MoMLSimpleApplication@1ff4ad76
reloadAllAccessors: .ContinuousInDEwithNoPorts

===========================================================================================
----------------- testing Sun Mar 10 03:42:47 UTC 2019 /home/travis/build/icyphy/ptII/ptolemy/domains/continuous/test/auto/ContinuousInsideDE.xml
----------------- Instantiating /home/travis/build/icyphy/ptII/ptolemy/domains/continuous/test/auto/ContinuousInsideDE.xml
45 ms. Memory: 829952K Free: 769073K (93%)
----------------- Invoking toplevel() on ptolemy.moml.MoMLSimpleApplication@61c94f6e
----------------- Done invoking toplevel() on ptolemy.moml.MoMLSimpleApplication@61c94f6e
reloadAllAccessors: .ContinuousInsideDE

===========================================================================================
----------------- testing Sun Mar 10 03:42:47 UTC 2019 /home/travis/build/icyphy/ptII/ptolemy/domains/continuous/test/auto/ContinuousMerge1.xml
----------------- Instantiating /home/travis/build/icyphy/ptII/ptolemy/domains/continuous/test/auto/ContinuousMerge1.xml
3 ms. Memory: 829952K Free: 759579K (92%)
----------------- Invoking toplevel() on ptolemy.moml.MoMLSimpleApplication@be493bc
----------------- Done invoking toplevel() on ptolemy.moml.MoMLSimpleApplication@be493bc
reloadAllAccessors: .ContinuousMerge1

===========================================================================================
----------------- testing Sun Mar 10 03:42:47 UTC 2019 /home/travis/build/icyphy/ptII/ptolemy/domains/continuous/test/auto/ContinuousMerge2.xml
----------------- Instantiating /home/travis/build/icyphy/ptII/ptolemy/domains/continuous/test/auto/ContinuousMerge2.xml
14 ms. Memory: 829952K Free: 744429K (90%)
----------------- Invoking toplevel() on ptolemy.moml.MoMLSimpleApplication@a3f9d74
----------------- Done invoking toplevel() on ptolemy.moml.MoMLSimpleApplication@a3f9d74
reloadAllAccessors: .ContinuousMerge2

===========================================================================================
----------------- testing Sun Mar 10 03:42:47 UTC 2019 /home/travis/build/icyphy/ptII/ptolemy/domains/continuous/test/auto/ContinuousMerge3.xml
----------------- Instantiating /home/travis/build/icyphy/ptII/ptolemy/domains/continuous/test/auto/ContinuousMerge3.xml
41 ms. Memory: 829952K Free: 727434K (88%)
----------------- Invoking toplevel() on ptolemy.moml.MoMLSimpleApplication@5c41d105
----------------- Done invoking toplevel() on ptolemy.moml.MoMLSimpleApplication@5c41d105
reloadAllAccessors: .ContinuousMerge3

===========================================================================================
----------------- testing Sun Mar 10 03:42:47 UTC 2019 /home/travis/build/icyphy/ptII/ptolemy/domains/continuous/test/auto/ContinuousWithinContinuous.xml
----------------- Instantiating /home/travis/build/icyphy/ptII/ptolemy/domains/continuous/test/auto/ContinuousWithinContinuous.xml
38 ms. Memory: 829952K Free: 712447K (86%)
----------------- Invoking toplevel() on ptolemy.moml.MoMLSimpleApplication@2db306a2
----------------- Done invoking toplevel() on ptolemy.moml.MoMLSimpleApplication@2db306a2
reloadAllAccessors: .ContinuousWithinContinuous

===========================================================================================
----------------- testing Sun Mar 10 03:42:47 UTC 2019 /home/travis/build/icyphy/ptII/ptolemy/domains/continuous/test/auto/ContinuousWithinContinuous2.xml
----------------- Instantiating /home/travis/build/icyphy/ptII/ptolemy/domains/continuous/test/auto/ContinuousWithinContinuous2.xml
61 ms. Memory: 829952K Free: 701219K (84%)
----------------- Invoking toplevel() on ptolemy.moml.MoMLSimpleApplication@700aa6ac
----------------- Done invoking toplevel() on ptolemy.moml.MoMLSimpleApplication@700aa6ac
reloadAllAccessors: .ContinuousWithinContinuous2

===========================================================================================
----------------- testing Sun Mar 10 03:42:47 UTC 2019 /home/travis/build/icyphy/ptII/ptolemy/domains/continuous/test/auto/ContinuousWithinContinuous3.xml
----------------- Instantiating /home/travis/build/icyphy/ptII/ptolemy/domains/continuous/test/auto/ContinuousWithinContinuous3.xml
12 ms. Memory: 829952K Free: 687966K (83%)
----------------- Invoking toplevel() on ptolemy.moml.MoMLSimpleApplication@2d796e99
----------------- Done invoking toplevel() on ptolemy.moml.MoMLSimpleApplication@2d796e99
reloadAllAccessors: .ContinuousWithinContinuous3

===========================================================================================
----------------- testing Sun Mar 10 03:42:47 UTC 2019 /home/travis/build/icyphy/ptII/ptolemy/domains/continuous/test/auto/ContinuousWithinContinuous4.xml
----------------- Instantiating /home/travis/build/icyphy/ptII/ptolemy/domains/continuous/test/auto/ContinuousWithinContinuous4.xml
64 ms. Memory: 829952K Free: 669236K (81%)
----------------- Invoking toplevel() on ptolemy.moml.MoMLSimpleApplication@498cac2
----------------- Done invoking toplevel() on ptolemy.moml.MoMLSimpleApplication@498cac2
reloadAllAccessors: .ContinuousWithinContinuous4

===========================================================================================
----------------- testing Sun Mar 10 03:42:47 UTC 2019 /home/travis/build/icyphy/ptII/ptolemy/domains/continuous/test/auto/ContinuousWithinContinuous5.xml
----------------- Instantiating /home/travis/build/icyphy/ptII/ptolemy/domains/continuous/test/auto/ContinuousWithinContinuous5.xml
16 ms. Memory: 829952K Free: 655999K (79%)
----------------- Invoking toplevel() on ptolemy.moml.MoMLSimpleApplication@aa45ac3
----------------- Done invoking toplevel() on ptolemy.moml.MoMLSimpleApplication@aa45ac3
reloadAllAccessors: .ContinuousWithinContinuous5

===========================================================================================
----------------- testing Sun Mar 10 03:42:47 UTC 2019 /home/travis/build/icyphy/ptII/ptolemy/domains/continuous/test/auto/ContinuousWithinContinuous6.xml
----------------- Instantiating /home/travis/build/icyphy/ptII/ptolemy/domains/continuous/test/auto/ContinuousWithinContinuous6.xml
13 ms. Memory: 829952K Free: 644755K (78%)
----------------- Invoking toplevel() on ptolemy.moml.MoMLSimpleApplication@6a0ca38c
----------------- Done invoking toplevel() on ptolemy.moml.MoMLSimpleApplication@6a0ca38c
reloadAllAccessors: .ContinuousWithinContinuous6

===========================================================================================
----------------- testing Sun Mar 10 03:42:47 UTC 2019 /home/travis/build/icyphy/ptII/ptolemy/domains/continuous/test/auto/ContinuousWithinContinuous7.xml
----------------- Instantiating /home/travis/build/icyphy/ptII/ptolemy/domains/continuous/test/auto/ContinuousWithinContinuous7.xml
54 ms. Memory: 829952K Free: 633527K (76%)
----------------- Invoking toplevel() on ptolemy.moml.MoMLSimpleApplication@6ef1c48f
----------------- Done invoking toplevel() on ptolemy.moml.MoMLSimpleApplication@6ef1c48f
reloadAllAccessors: .ContinuousWithinContinuous7

===========================================================================================
----------------- testing Sun Mar 10 03:42:47 UTC 2019 /home/travis/build/icyphy/ptII/ptolemy/domains/continuous/test/auto/DCMotor.xml
----------------- Instantiating /home/travis/build/icyphy/ptII/ptolemy/domains/continuous/test/auto/DCMotor.xml
14136 ms. Memory: 668160K Free: 537287K (80%)
----------------- Invoking toplevel() on ptolemy.moml.MoMLSimpleApplication@935cf3e
----------------- Done invoking toplevel() on ptolemy.moml.MoMLSimpleApplication@935cf3e
reloadAllAccessors: .DCMotor

===========================================================================================
----------------- testing Sun Mar 10 03:43:01 UTC 2019 /home/travis/build/icyphy/ptII/ptolemy/domains/continuous/test/auto/DEInContinuous.xml
----------------- Instantiating /home/travis/build/icyphy/ptII/ptolemy/domains/continuous/test/auto/DEInContinuous.xml
13 ms. Memory: 668160K Free: 522786K (78%)
----------------- Invoking toplevel() on ptolemy.moml.MoMLSimpleApplication@5ed5fdd1
----------------- Done invoking toplevel() on ptolemy.moml.MoMLSimpleApplication@5ed5fdd1
reloadAllAccessors: .DEInContinuous

===========================================================================================
----------------- testing Sun Mar 10 03:43:01 UTC 2019 /home/travis/build/icyphy/ptII/ptolemy/domains/continuous/test/auto/DEinContinuous2.xml
----------------- Instantiating /home/travis/build/icyphy/ptII/ptolemy/domains/continuous/test/auto/DEinContinuous2.xml
7 ms. Memory: 668160K Free: 504075K (75%)
----------------- Invoking toplevel() on ptolemy.moml.MoMLSimpleApplication@3d6d60a3
----------------- Done invoking toplevel() on ptolemy.moml.MoMLSimpleApplication@3d6d60a3
reloadAllAccessors: .DEinContinuous2

===========================================================================================
----------------- testing Sun Mar 10 03:43:01 UTC 2019 /home/travis/build/icyphy/ptII/ptolemy/domains/continuous/test/auto/Derivative.xml
----------------- Instantiating /home/travis/build/icyphy/ptII/ptolemy/domains/continuous/test/auto/Derivative.xml
148 ms. Memory: 668160K Free: 467709K (70%)
----------------- Invoking toplevel() on ptolemy.moml.MoMLSimpleApplication@585f554a
----------------- Done invoking toplevel() on ptolemy.moml.MoMLSimpleApplication@585f554a
reloadAllAccessors: .Derivative2

===========================================================================================
----------------- testing Sun Mar 10 03:43:02 UTC 2019 /home/travis/build/icyphy/ptII/ptolemy/domains/continuous/test/auto/Derivative1.xml
----------------- Instantiating /home/travis/build/icyphy/ptII/ptolemy/domains/continuous/test/auto/Derivative1.xml
33 ms. Memory: 668160K Free: 449006K (67%)
----------------- Invoking toplevel() on ptolemy.moml.MoMLSimpleApplication@366c1286
----------------- Done invoking toplevel() on ptolemy.moml.MoMLSimpleApplication@366c1286
reloadAllAccessors: .Derivative1

===========================================================================================
----------------- testing Sun Mar 10 03:43:02 UTC 2019 /home/travis/build/icyphy/ptII/ptolemy/domains/continuous/test/auto/DiscreteClock.xml
----------------- Instantiating /home/travis/build/icyphy/ptII/ptolemy/domains/continuous/test/auto/DiscreteClock.xml
4 ms. Memory: 668160K Free: 437271K (65%)
----------------- Invoking toplevel() on ptolemy.moml.MoMLSimpleApplication@3f0a35dd
----------------- Done invoking toplevel() on ptolemy.moml.MoMLSimpleApplication@3f0a35dd
reloadAllAccessors: .DiscreteClock

===========================================================================================
----------------- testing Sun Mar 10 03:43:02 UTC 2019 /home/travis/build/icyphy/ptII/ptolemy/domains/continuous/test/auto/EfficiencyCurve.xml
----------------- Instantiating /home/travis/build/icyphy/ptII/ptolemy/domains/continuous/test/auto/EfficiencyCurve.xml
81 ms. Memory: 668160K Free: 424443K (64%)
----------------- Invoking toplevel() on ptolemy.moml.MoMLSimpleApplication@37502d03
----------------- Done invoking toplevel() on ptolemy.moml.MoMLSimpleApplication@37502d03
reloadAllAccessors: .EfficiencyCurve

===========================================================================================
----------------- testing Sun Mar 10 03:43:02 UTC 2019 /home/travis/build/icyphy/ptII/ptolemy/domains/continuous/test/auto/ExponentialResponse.xml
----------------- Instantiating /home/travis/build/icyphy/ptII/ptolemy/domains/continuous/test/auto/ExponentialResponse.xml
104 ms. Memory: 668160K Free: 399880K (60%)
----------------- Invoking toplevel() on ptolemy.moml.MoMLSimpleApplication@2a51a13a
----------------- Done invoking toplevel() on ptolemy.moml.MoMLSimpleApplication@2a51a13a
reloadAllAccessors: .ExponentialResponse

===========================================================================================
----------------- testing Sun Mar 10 03:43:02 UTC 2019 /home/travis/build/icyphy/ptII/ptolemy/domains/continuous/test/auto/ExponentialResponseRK45.xml
----------------- Instantiating /home/travis/build/icyphy/ptII/ptolemy/domains/continuous/test/auto/ExponentialResponseRK45.xml
27 ms. Memory: 668160K Free: 387052K (58%)
----------------- Invoking toplevel() on ptolemy.moml.MoMLSimpleApplication@e8ca176
----------------- Done invoking toplevel() on ptolemy.moml.MoMLSimpleApplication@e8ca176
reloadAllAccessors: .ExponentialResponseRK45

===========================================================================================
----------------- testing Sun Mar 10 03:43:02 UTC 2019 /home/travis/build/icyphy/ptII/ptolemy/domains/continuous/test/auto/Friction.xml
----------------- Instantiating /home/travis/build/icyphy/ptII/ptolemy/domains/continuous/test/auto/Friction.xml
1353 ms. Memory: 647168K Free: 510533K (79%)
----------------- Invoking toplevel() on ptolemy.moml.MoMLSimpleApplication@5c60a26f
----------------- Done invoking toplevel() on ptolemy.moml.MoMLSimpleApplication@5c60a26f
reloadAllAccessors: .Friction

===========================================================================================
----------------- testing Sun Mar 10 03:43:03 UTC 2019 /home/travis/build/icyphy/ptII/ptolemy/domains/continuous/test/auto/FurutaPendulum.xml
----------------- Instantiating /home/travis/build/icyphy/ptII/ptolemy/domains/continuous/test/auto/FurutaPendulum.xml
3517 ms. Memory: 617472K Free: 524104K (85%)
----------------- Invoking toplevel() on ptolemy.moml.MoMLSimpleApplication@131c94ce
----------------- Done invoking toplevel() on ptolemy.moml.MoMLSimpleApplication@131c94ce
reloadAllAccessors: .FurutaPendulum

===========================================================================================
----------------- testing Sun Mar 10 03:43:07 UTC 2019 /home/travis/build/icyphy/ptII/ptolemy/domains/continuous/test/auto/HierarchicalExecution.xml
----------------- Instantiating /home/travis/build/icyphy/ptII/ptolemy/domains/continuous/test/auto/HierarchicalExecution.xml
1714 ms. Memory: 617472K Free: 223988K (36%)
----------------- Invoking toplevel() on ptolemy.moml.MoMLSimpleApplication@5092c340
----------------- Done invoking toplevel() on ptolemy.moml.MoMLSimpleApplication@5092c340
reloadAllAccessors: .HierarchicalExecution

===========================================================================================
----------------- testing Sun Mar 10 03:43:09 UTC 2019 /home/travis/build/icyphy/ptII/ptolemy/domains/continuous/test/auto/HybridPlant.xml
----------------- Instantiating /home/travis/build/icyphy/ptII/ptolemy/domains/continuous/test/auto/HybridPlant.xml
495 ms. Memory: 589824K Free: 454457K (77%)
----------------- Invoking toplevel() on ptolemy.moml.MoMLSimpleApplication@851eb96
----------------- Done invoking toplevel() on ptolemy.moml.MoMLSimpleApplication@851eb96
reloadAllAccessors: .HybridPlant

===========================================================================================
----------------- testing Sun Mar 10 03:43:10 UTC 2019 /home/travis/build/icyphy/ptII/ptolemy/domains/continuous/test/auto/Hysteresis.xml
----------------- Instantiating /home/travis/build/icyphy/ptII/ptolemy/domains/continuous/test/auto/Hysteresis.xml
147 ms. Memory: 589824K Free: 390937K (66%)
----------------- Invoking toplevel() on ptolemy.moml.MoMLSimpleApplication@4139055e
----------------- Done invoking toplevel() on ptolemy.moml.MoMLSimpleApplication@4139055e
reloadAllAccessors: .Hysteresis

===========================================================================================
----------------- testing Sun Mar 10 03:43:10 UTC 2019 /home/travis/build/icyphy/ptII/ptolemy/domains/continuous/test/auto/HysteresisWithRandomDelay.xml
----------------- Instantiating /home/travis/build/icyphy/ptII/ptolemy/domains/continuous/test/auto/HysteresisWithRandomDelay.xml
161 ms. Memory: 589824K Free: 316198K (54%)
----------------- Invoking toplevel() on ptolemy.moml.MoMLSimpleApplication@59bcb54f
----------------- Done invoking toplevel() on ptolemy.moml.MoMLSimpleApplication@59bcb54f
reloadAllAccessors: .HysteresisWithRandomDelay

===========================================================================================
----------------- testing Sun Mar 10 03:43:10 UTC 2019 /home/travis/build/icyphy/ptII/ptolemy/domains/continuous/test/auto/HysteresisWithRandomLosses.xml
----------------- Instantiating /home/travis/build/icyphy/ptII/ptolemy/domains/continuous/test/auto/HysteresisWithRandomLosses.xml
2233 ms. Memory: 543232K Free: 510634K (94%)
----------------- Invoking toplevel() on ptolemy.moml.MoMLSimpleApplication@61ee75fb
----------------- Done invoking toplevel() on ptolemy.moml.MoMLSimpleApplication@61ee75fb
reloadAllAccessors: .HysteresisWithRandomLosses

===========================================================================================
----------------- testing Sun Mar 10 03:43:12 UTC 2019 /home/travis/build/icyphy/ptII/ptolemy/domains/continuous/test/auto/ImmediateTransitions.xml
----------------- Instantiating /home/travis/build/icyphy/ptII/ptolemy/domains/continuous/test/auto/ImmediateTransitions.xml
10 ms. Memory: 543232K Free: 492893K (91%)
----------------- Invoking toplevel() on ptolemy.moml.MoMLSimpleApplication@2756189c
----------------- Done invoking toplevel() on ptolemy.moml.MoMLSimpleApplication@2756189c
reloadAllAccessors: .ImmediateTransitions

===========================================================================================
----------------- testing Sun Mar 10 03:43:12 UTC 2019 /home/travis/build/icyphy/ptII/ptolemy/domains/continuous/test/auto/ImpulseFeedback.xml
----------------- Instantiating /home/travis/build/icyphy/ptII/ptolemy/domains/continuous/test/auto/ImpulseFeedback.xml
8 ms. Memory: 543232K Free: 482871K (89%)
----------------- Invoking toplevel() on ptolemy.moml.MoMLSimpleApplication@4f71bdc
----------------- Done invoking toplevel() on ptolemy.moml.MoMLSimpleApplication@4f71bdc
reloadAllAccessors: .ImpulseFeedback

===========================================================================================
----------------- testing Sun Mar 10 03:43:12 UTC 2019 /home/travis/build/icyphy/ptII/ptolemy/domains/continuous/test/auto/ImpulseFeedback2.xml
----------------- Instantiating /home/travis/build/icyphy/ptII/ptolemy/domains/continuous/test/auto/ImpulseFeedback2.xml
6 ms. Memory: 543232K Free: 472682K (87%)
----------------- Invoking toplevel() on ptolemy.moml.MoMLSimpleApplication@18fc380d
----------------- Done invoking toplevel() on ptolemy.moml.MoMLSimpleApplication@18fc380d
reloadAllAccessors: .ImpulseFeedback2

===========================================================================================
----------------- testing Sun Mar 10 03:43:12 UTC 2019 /home/travis/build/icyphy/ptII/ptolemy/domains/continuous/test/auto/IncreasingRatePoisson.xml
----------------- Instantiating /home/travis/build/icyphy/ptII/ptolemy/domains/continuous/test/auto/IncreasingRatePoisson.xml
690 ms. Memory: 543232K Free: 163138K (30%)
----------------- Invoking toplevel() on ptolemy.moml.MoMLSimpleApplication@72be8ea0
----------------- Done invoking toplevel() on ptolemy.moml.MoMLSimpleApplication@72be8ea0
reloadAllAccessors: .IncreasingRatePoisson

===========================================================================================
----------------- testing Sun Mar 10 03:43:13 UTC 2019 /home/travis/build/icyphy/ptII/ptolemy/domains/continuous/test/auto/InitialStateFeedback.xml
----------------- Instantiating /home/travis/build/icyphy/ptII/ptolemy/domains/continuous/test/auto/InitialStateFeedback.xml
4 ms. Memory: 543232K Free: 156029K (29%)
----------------- Invoking toplevel() on ptolemy.moml.MoMLSimpleApplication@1f7bda84
----------------- Done invoking toplevel() on ptolemy.moml.MoMLSimpleApplication@1f7bda84
reloadAllAccessors: .InitialStateFeedback

===========================================================================================
----------------- testing Sun Mar 10 03:43:13 UTC 2019 /home/travis/build/icyphy/ptII/ptolemy/domains/continuous/test/auto/Integration.xml
----------------- Instantiating /home/travis/build/icyphy/ptII/ptolemy/domains/continuous/test/auto/Integration.xml
5 ms. Memory: 543232K Free: 149109K (27%)
----------------- Invoking toplevel() on ptolemy.moml.MoMLSimpleApplication@7fa3f11a
----------------- Done invoking toplevel() on ptolemy.moml.MoMLSimpleApplication@7fa3f11a
reloadAllAccessors: .Integration

===========================================================================================
----------------- testing Sun Mar 10 03:43:13 UTC 2019 /home/travis/build/icyphy/ptII/ptolemy/domains/continuous/test/auto/Integration2.xml
----------------- Instantiating /home/travis/build/icyphy/ptII/ptolemy/domains/continuous/test/auto/Integration2.xml
78 ms. Memory: 543232K Free: 129668K (24%)
----------------- Invoking toplevel() on ptolemy.moml.MoMLSimpleApplication@292808b9
----------------- Done invoking toplevel() on ptolemy.moml.MoMLSimpleApplication@292808b9
reloadAllAccessors: .Integration2

===========================================================================================
----------------- testing Sun Mar 10 03:43:13 UTC 2019 /home/travis/build/icyphy/ptII/ptolemy/domains/continuous/test/auto/Integration3.xml
----------------- Instantiating /home/travis/build/icyphy/ptII/ptolemy/domains/continuous/test/auto/Integration3.xml
2 ms. Memory: 543232K Free: 122748K (23%)
----------------- Invoking toplevel() on ptolemy.moml.MoMLSimpleApplication@5a592860
----------------- Done invoking toplevel() on ptolemy.moml.MoMLSimpleApplication@5a592860
reloadAllAccessors: .Integration3

===========================================================================================
----------------- testing Sun Mar 10 03:43:13 UTC 2019 /home/travis/build/icyphy/ptII/ptolemy/domains/continuous/test/auto/Integration5.xml
----------------- Instantiating /home/travis/build/icyphy/ptII/ptolemy/domains/continuous/test/auto/Integration5.xml
3 ms. Memory: 543232K Free: 115638K (21%)
----------------- Invoking toplevel() on ptolemy.moml.MoMLSimpleApplication@9a4698
----------------- Done invoking toplevel() on ptolemy.moml.MoMLSimpleApplication@9a4698
reloadAllAccessors: .Integration5

===========================================================================================
----------------- testing Sun Mar 10 03:43:13 UTC 2019 /home/travis/build/icyphy/ptII/ptolemy/domains/continuous/test/auto/IntegratorImpulse.xml
----------------- Instantiating /home/travis/build/icyphy/ptII/ptolemy/domains/continuous/test/auto/IntegratorImpulse.xml
2 ms. Memory: 543232K Free: 108718K (20%)
----------------- Invoking toplevel() on ptolemy.moml.MoMLSimpleApplication@116f3930
----------------- Done invoking toplevel() on ptolemy.moml.MoMLSimpleApplication@116f3930
reloadAllAccessors: .IntegratorImpulse

===========================================================================================
----------------- testing Sun Mar 10 03:43:13 UTC 2019 /home/travis/build/icyphy/ptII/ptolemy/domains/continuous/test/auto/IntegratorImpulse2.xml
----------------- Instantiating /home/travis/build/icyphy/ptII/ptolemy/domains/continuous/test/auto/IntegratorImpulse2.xml
3 ms. Memory: 543232K Free: 101609K (19%)
----------------- Invoking toplevel() on ptolemy.moml.MoMLSimpleApplication@2169cbc9
----------------- Done invoking toplevel() on ptolemy.moml.MoMLSimpleApplication@2169cbc9
reloadAllAccessors: .IntegratorImpulse2

===========================================================================================
----------------- testing Sun Mar 10 03:43:13 UTC 2019 /home/travis/build/icyphy/ptII/ptolemy/domains/continuous/test/auto/LevelCrossing1.xml
----------------- Instantiating /home/travis/build/icyphy/ptII/ptolemy/domains/continuous/test/auto/LevelCrossing1.xml
2 ms. Memory: 543232K Free: 91611K (17%)
----------------- Invoking toplevel() on ptolemy.moml.MoMLSimpleApplication@c987a84
----------------- Done invoking toplevel() on ptolemy.moml.MoMLSimpleApplication@c987a84
reloadAllAccessors: .LevelCrossing1

===========================================================================================
----------------- testing Sun Mar 10 03:43:13 UTC 2019 /home/travis/build/icyphy/ptII/ptolemy/domains/continuous/test/auto/LevelCrossing2.xml
----------------- Instantiating /home/travis/build/icyphy/ptII/ptolemy/domains/continuous/test/auto/LevelCrossing2.xml
3 ms. Memory: 543232K Free: 81406K (15%)
----------------- Invoking toplevel() on ptolemy.moml.MoMLSimpleApplication@6b07c732
----------------- Done invoking toplevel() on ptolemy.moml.MoMLSimpleApplication@6b07c732
reloadAllAccessors: .LevelCrossing2

===========================================================================================
----------------- testing Sun Mar 10 03:43:13 UTC 2019 /home/travis/build/icyphy/ptII/ptolemy/domains/continuous/test/auto/LevelCrossing3.xml
----------------- Instantiating /home/travis/build/icyphy/ptII/ptolemy/domains/continuous/test/auto/LevelCrossing3.xml
3 ms. Memory: 543232K Free: 71407K (13%)
----------------- Invoking toplevel() on ptolemy.moml.MoMLSimpleApplication@2a377775
----------------- Done invoking toplevel() on ptolemy.moml.MoMLSimpleApplication@2a377775
reloadAllAccessors: .LevelCrossing3

===========================================================================================
----------------- testing Sun Mar 10 03:43:13 UTC 2019 /home/travis/build/icyphy/ptII/ptolemy/domains/continuous/test/auto/LevelCrossing4.xml
----------------- Instantiating /home/travis/build/icyphy/ptII/ptolemy/domains/continuous/test/auto/LevelCrossing4.xml
3 ms. Memory: 543232K Free: 61202K (11%)
----------------- Invoking toplevel() on ptolemy.moml.MoMLSimpleApplication@5144bb31
----------------- Done invoking toplevel() on ptolemy.moml.MoMLSimpleApplication@5144bb31
reloadAllAccessors: .LevelCrossing4

===========================================================================================
----------------- testing Sun Mar 10 03:43:13 UTC 2019 /home/travis/build/icyphy/ptII/ptolemy/domains/continuous/test/auto/LevelCrossing5.xml
----------------- Instantiating /home/travis/build/icyphy/ptII/ptolemy/domains/continuous/test/auto/LevelCrossing5.xml
3 ms. Memory: 521728K Free: 493460K (95%)
----------------- Invoking toplevel() on ptolemy.moml.MoMLSimpleApplication@3da93031
----------------- Done invoking toplevel() on ptolemy.moml.MoMLSimpleApplication@3da93031
reloadAllAccessors: .LevelCrossing5

===========================================================================================
[...]
5 ms. Memory: 351232K Free: 50901K (14%)
----------------- Invoking toplevel() on ptolemy.moml.MoMLSimpleApplication@2fed3f27
----------------- Done invoking toplevel() on ptolemy.moml.MoMLSimpleApplication@2fed3f27
reloadAllAccessors: .SRinContinuous

===========================================================================================
----------------- testing Sun Mar 10 03:43:31 UTC 2019 /home/travis/build/icyphy/ptII/ptolemy/domains/continuous/test/auto/SampledClocks.xml
----------------- Instantiating /home/travis/build/icyphy/ptII/ptolemy/domains/continuous/test/auto/SampledClocks.xml
13 ms. Memory: 334336K Free: 287945K (86%)
----------------- Invoking toplevel() on ptolemy.moml.MoMLSimpleApplication@5ce7f201
----------------- Done invoking toplevel() on ptolemy.moml.MoMLSimpleApplication@5ce7f201
reloadAllAccessors: .SampledClocks

===========================================================================================
----------------- testing Sun Mar 10 03:43:31 UTC 2019 /home/travis/build/icyphy/ptII/ptolemy/domains/continuous/test/auto/Satellite.xml
----------------- Instantiating /home/travis/build/icyphy/ptII/ptolemy/domains/continuous/test/auto/Satellite.xml
813 ms. Memory: 334336K Free: 104173K (31%)
----------------- Invoking toplevel() on ptolemy.moml.MoMLSimpleApplication@2d8a36e4
----------------- Done invoking toplevel() on ptolemy.moml.MoMLSimpleApplication@2d8a36e4
reloadAllAccessors: .Satellite

===========================================================================================
----------------- testing Sun Mar 10 03:43:32 UTC 2019 /home/travis/build/icyphy/ptII/ptolemy/domains/continuous/test/auto/SigmaDelta.xml
----------------- Instantiating /home/travis/build/icyphy/ptII/ptolemy/domains/continuous/test/auto/SigmaDelta.xml
2336 ms. Memory: 402944K Free: 45873K (11%)
----------------- Invoking toplevel() on ptolemy.moml.MoMLSimpleApplication@7b131b91
----------------- Done invoking toplevel() on ptolemy.moml.MoMLSimpleApplication@7b131b91
reloadAllAccessors: .SigmaDelta

===========================================================================================
----------------- testing Sun Mar 10 03:43:35 UTC 2019 /home/travis/build/icyphy/ptII/ptolemy/domains/continuous/test/auto/SingleRefinement.xml
----------------- Instantiating /home/travis/build/icyphy/ptII/ptolemy/domains/continuous/test/auto/SingleRefinement.xml
315 ms. Memory: 384000K Free: 155008K (40%)
----------------- Invoking toplevel() on ptolemy.moml.MoMLSimpleApplication@445e4df3
----------------- Done invoking toplevel() on ptolemy.moml.MoMLSimpleApplication@445e4df3
reloadAllAccessors: .SingleRefinement

===========================================================================================
----------------- testing Sun Mar 10 03:43:35 UTC 2019 /home/travis/build/icyphy/ptII/ptolemy/domains/continuous/test/auto/SinuBouncingBall.xml
----------------- Instantiating /home/travis/build/icyphy/ptII/ptolemy/domains/continuous/test/auto/SinuBouncingBall.xml
762 ms. Memory: 376832K Free: 226028K (60%)
----------------- Invoking toplevel() on ptolemy.moml.MoMLSimpleApplication@12960bed
----------------- Done invoking toplevel() on ptolemy.moml.MoMLSimpleApplication@12960bed
reloadAllAccessors: .SinuBouncingBall

===========================================================================================
----------------- testing Sun Mar 10 03:43:36 UTC 2019 /home/travis/build/icyphy/ptII/ptolemy/domains/continuous/test/auto/Sinusoid.xml
----------------- Instantiating /home/travis/build/icyphy/ptII/ptolemy/domains/continuous/test/auto/Sinusoid.xml
5 ms. Memory: 376832K Free: 218013K (58%)
----------------- Invoking toplevel() on ptolemy.moml.MoMLSimpleApplication@300ae11
----------------- Done invoking toplevel() on ptolemy.moml.MoMLSimpleApplication@300ae11
reloadAllAccessors: .Sinusoid

===========================================================================================
----------------- testing Sun Mar 10 03:43:36 UTC 2019 /home/travis/build/icyphy/ptII/ptolemy/domains/continuous/test/auto/SinusoidInNoise.xml
----------------- Instantiating /home/travis/build/icyphy/ptII/ptolemy/domains/continuous/test/auto/SinusoidInNoise.xml
1010 ms. Memory: 358912K Free: 285975K (80%)
----------------- Invoking toplevel() on ptolemy.moml.MoMLSimpleApplication@2ec639a5
----------------- Done invoking toplevel() on ptolemy.moml.MoMLSimpleApplication@2ec639a5
reloadAllAccessors: .SinusoidInNoise

===========================================================================================
----------------- testing Sun Mar 10 03:43:37 UTC 2019 /home/travis/build/icyphy/ptII/ptolemy/domains/continuous/test/auto/SinusoidRK45.xml
----------------- Instantiating /home/travis/build/icyphy/ptII/ptolemy/domains/continuous/test/auto/SinusoidRK45.xml
2 ms. Memory: 358912K Free: 278477K (78%)
----------------- Invoking toplevel() on ptolemy.moml.MoMLSimpleApplication@583125a5
----------------- Done invoking toplevel() on ptolemy.moml.MoMLSimpleApplication@583125a5
reloadAllAccessors: .SinusoidRK45

===========================================================================================
----------------- testing Sun Mar 10 03:43:37 UTC 2019 /home/travis/build/icyphy/ptII/ptolemy/domains/continuous/test/auto/SinusoidWithMultipleImpulses.xml
----------------- Instantiating /home/travis/build/icyphy/ptII/ptolemy/domains/continuous/test/auto/SinusoidWithMultipleImpulses.xml
3 ms. Memory: 358912K Free: 272023K (76%)
----------------- Invoking toplevel() on ptolemy.moml.MoMLSimpleApplication@42d17fe6
----------------- Done invoking toplevel() on ptolemy.moml.MoMLSimpleApplication@42d17fe6
reloadAllAccessors: .SinusoidWithMultipleImpulses

===========================================================================================
----------------- testing Sun Mar 10 03:43:37 UTC 2019 /home/travis/build/icyphy/ptII/ptolemy/domains/continuous/test/auto/SquareWave.xml
----------------- Instantiating /home/travis/build/icyphy/ptII/ptolemy/domains/continuous/test/auto/SquareWave.xml
159 ms. Memory: 358912K Free: 243402K (68%)
----------------- Invoking toplevel() on ptolemy.moml.MoMLSimpleApplication@115e0e56
----------------- Done invoking toplevel() on ptolemy.moml.MoMLSimpleApplication@115e0e56
reloadAllAccessors: .SquareWave

===========================================================================================
----------------- testing Sun Mar 10 03:43:37 UTC 2019 /home/travis/build/icyphy/ptII/ptolemy/domains/continuous/test/auto/Starmac.xml
----------------- Instantiating /home/travis/build/icyphy/ptII/ptolemy/domains/continuous/test/auto/Starmac.xml
3069 ms. Memory: 349696K Free: 144371K (41%)
----------------- Invoking toplevel() on ptolemy.moml.MoMLSimpleApplication@7c6a1ac9
----------------- Done invoking toplevel() on ptolemy.moml.MoMLSimpleApplication@7c6a1ac9
reloadAllAccessors: .Starmac

===========================================================================================
----------------- testing Sun Mar 10 03:43:41 UTC 2019 /home/travis/build/icyphy/ptII/ptolemy/domains/continuous/test/auto/StaticUnits.xml
----------------- Instantiating /home/travis/build/icyphy/ptII/ptolemy/domains/continuous/test/auto/StaticUnits.xml
2070 ms. Memory: 322560K Free: 170583K (53%)
----------------- Invoking toplevel() on ptolemy.moml.MoMLSimpleApplication@5f73971e
----------------- Done invoking toplevel() on ptolemy.moml.MoMLSimpleApplication@5f73971e
reloadAllAccessors: .StaticUnits

===========================================================================================
----------------- testing Sun Mar 10 03:43:43 UTC 2019 /home/travis/build/icyphy/ptII/ptolemy/domains/continuous/test/auto/StickyMasses.xml
----------------- Instantiating /home/travis/build/icyphy/ptII/ptolemy/domains/continuous/test/auto/StickyMasses.xml
142 ms. Memory: 322560K Free: 115010K (36%)
----------------- Invoking toplevel() on ptolemy.moml.MoMLSimpleApplication@5b7aa9fd
----------------- Done invoking toplevel() on ptolemy.moml.MoMLSimpleApplication@5b7aa9fd
reloadAllAccessors: .StickyMasses

===========================================================================================
----------------- testing Sun Mar 10 03:43:43 UTC 2019 /home/travis/build/icyphy/ptII/ptolemy/domains/continuous/test/auto/StopTime.xml
----------------- Instantiating /home/travis/build/icyphy/ptII/ptolemy/domains/continuous/test/auto/StopTime.xml
45 ms. Memory: 322560K Free: 86631K (27%)
----------------- Invoking toplevel() on ptolemy.moml.MoMLSimpleApplication@2c8d3a4b
----------------- Done invoking toplevel() on ptolemy.moml.MoMLSimpleApplication@2c8d3a4b
reloadAllAccessors: .StopTime

===========================================================================================
----------------- testing Sun Mar 10 03:43:43 UTC 2019 /home/travis/build/icyphy/ptII/ptolemy/domains/continuous/test/auto/StopTime2.xml
----------------- Instantiating /home/travis/build/icyphy/ptII/ptolemy/domains/continuous/test/auto/StopTime2.xml
34 ms. Memory: 322560K Free: 61455K (19%)
----------------- Invoking toplevel() on ptolemy.moml.MoMLSimpleApplication@50f156c6
----------------- Done invoking toplevel() on ptolemy.moml.MoMLSimpleApplication@50f156c6
reloadAllAccessors: .StopTime2

===========================================================================================
----------------- testing Sun Mar 10 03:43:43 UTC 2019 /home/travis/build/icyphy/ptII/ptolemy/domains/continuous/test/auto/Switch.xml
----------------- Instantiating /home/travis/build/icyphy/ptII/ptolemy/domains/continuous/test/auto/Switch.xml
41 ms. Memory: 322560K Free: 33036K (10%)
----------------- Invoking toplevel() on ptolemy.moml.MoMLSimpleApplication@6af3f2bc
----------------- Done invoking toplevel() on ptolemy.moml.MoMLSimpleApplication@6af3f2bc
reloadAllAccessors: .Switch

===========================================================================================
----------------- testing Sun Mar 10 03:43:43 UTC 2019 /home/travis/build/icyphy/ptII/ptolemy/domains/continuous/test/auto/Thermostat.xml
----------------- Instantiating /home/travis/build/icyphy/ptII/ptolemy/domains/continuous/test/auto/Thermostat.xml
168 ms. Memory: 312320K Free: 188576K (60%)
----------------- Invoking toplevel() on ptolemy.moml.MoMLSimpleApplication@3fe167d2
----------------- Done invoking toplevel() on ptolemy.moml.MoMLSimpleApplication@3fe167d2
reloadAllAccessors: .Thermostat

===========================================================================================
----------------- testing Sun Mar 10 03:43:44 UTC 2019 /home/travis/build/icyphy/ptII/ptolemy/domains/continuous/test/auto/TimeDelay.xml
----------------- Instantiating /home/travis/build/icyphy/ptII/ptolemy/domains/continuous/test/auto/TimeDelay.xml
6 ms. Memory: 312320K Free: 180565K (58%)
----------------- Invoking toplevel() on ptolemy.moml.MoMLSimpleApplication@32ffafa
----------------- Done invoking toplevel() on ptolemy.moml.MoMLSimpleApplication@32ffafa
reloadAllAccessors: .TimeDelay

===========================================================================================
----------------- testing Sun Mar 10 03:43:44 UTC 2019 /home/travis/build/icyphy/ptII/ptolemy/domains/continuous/test/auto/TimeDelay2.xml
----------------- Instantiating /home/travis/build/icyphy/ptII/ptolemy/domains/continuous/test/auto/TimeDelay2.xml
7 ms. Memory: 312320K Free: 171874K (55%)
----------------- Invoking toplevel() on ptolemy.moml.MoMLSimpleApplication@388a1c15
----------------- Done invoking toplevel() on ptolemy.moml.MoMLSimpleApplication@388a1c15
reloadAllAccessors: .TimeDelay2

===========================================================================================
----------------- testing Sun Mar 10 03:43:44 UTC 2019 /home/travis/build/icyphy/ptII/ptolemy/domains/continuous/test/auto/TimeDelay3.xml
----------------- Instantiating /home/travis/build/icyphy/ptII/ptolemy/domains/continuous/test/auto/TimeDelay3.xml
6 ms. Memory: 312320K Free: 166292K (53%)
----------------- Invoking toplevel() on ptolemy.moml.MoMLSimpleApplication@6e11ffa2
----------------- Done invoking toplevel() on ptolemy.moml.MoMLSimpleApplication@6e11ffa2
reloadAllAccessors: .TimeDelay3

===========================================================================================
----------------- testing Sun Mar 10 03:43:44 UTC 2019 /home/travis/build/icyphy/ptII/ptolemy/domains/continuous/test/auto/TransferAbsentToInside.xml
----------------- Instantiating /home/travis/build/icyphy/ptII/ptolemy/domains/continuous/test/auto/TransferAbsentToInside.xml
29 ms. Memory: 312320K Free: 108076K (35%)
----------------- Invoking toplevel() on ptolemy.moml.MoMLSimpleApplication@7a4d5feb
----------------- Done invoking toplevel() on ptolemy.moml.MoMLSimpleApplication@7a4d5feb
reloadAllAccessors: .TransferAbsentToInside

===========================================================================================
----------------- testing Sun Mar 10 03:43:44 UTC 2019 /home/travis/build/icyphy/ptII/ptolemy/domains/continuous/test/auto/Transmission.xml
----------------- Instantiating /home/travis/build/icyphy/ptII/ptolemy/domains/continuous/test/auto/Transmission.xml
697 ms. Memory: 309248K Free: 101855K (33%)
----------------- Invoking toplevel() on ptolemy.moml.MoMLSimpleApplication@65ea0bd0
----------------- Done invoking toplevel() on ptolemy.moml.MoMLSimpleApplication@65ea0bd0
reloadAllAccessors: .Transmission

===========================================================================================
----------------- testing Sun Mar 10 03:43:45 UTC 2019 /home/travis/build/icyphy/ptII/ptolemy/domains/continuous/test/auto/TriggeredContinuousClock.xml
----------------- Instantiating /home/travis/build/icyphy/ptII/ptolemy/domains/continuous/test/auto/TriggeredContinuousClock.xml
41 ms. Memory: 309248K Free: 68885K (22%)
----------------- Invoking toplevel() on ptolemy.moml.MoMLSimpleApplication@35911dd5
----------------- Done invoking toplevel() on ptolemy.moml.MoMLSimpleApplication@35911dd5
reloadAllAccessors: .TriggeredContinuousClock

===========================================================================================
----------------- testing Sun Mar 10 03:43:45 UTC 2019 /home/travis/build/icyphy/ptII/ptolemy/domains/continuous/test/auto/TwoMachineInfiniteBusControl.xml
----------------- Instantiating /home/travis/build/icyphy/ptII/ptolemy/domains/continuous/test/auto/TwoMachineInfiniteBusControl.xml
2793 ms. Memory: 275456K Free: 105869K (38%)
----------------- Invoking toplevel() on ptolemy.moml.MoMLSimpleApplication@530f2442
----------------- Done invoking toplevel() on ptolemy.moml.MoMLSimpleApplication@530f2442
reloadAllAccessors: .TwoMachineInfiniteBusControl

===========================================================================================
----------------- testing Sun Mar 10 03:43:48 UTC 2019 /home/travis/build/icyphy/ptII/ptolemy/domains/continuous/test/auto/V2V.xml
----------------- Instantiating /home/travis/build/icyphy/ptII/ptolemy/domains/continuous/test/auto/V2V.xml
665 ms. Memory: 273408K Free: 106911K (39%)
----------------- Invoking toplevel() on ptolemy.moml.MoMLSimpleApplication@280a5e10
----------------- Done invoking toplevel() on ptolemy.moml.MoMLSimpleApplication@280a5e10
reloadAllAccessors: .V2V

===========================================================================================
----------------- testing Sun Mar 10 03:43:48 UTC 2019 /home/travis/build/icyphy/ptII/ptolemy/domains/continuous/test/auto/hierarchicalModalModel.xml
----------------- Instantiating /home/travis/build/icyphy/ptII/ptolemy/domains/continuous/test/auto/hierarchicalModalModel.xml
8 ms. Memory: 273408K Free: 88814K (32%)
----------------- Invoking toplevel() on ptolemy.moml.MoMLSimpleApplication@3a44e11
----------------- Done invoking toplevel() on ptolemy.moml.MoMLSimpleApplication@3a44e11
reloadAllAccessors: .hierarchicalModalModel

===========================================================================================
----------------- testing Sun Mar 10 03:43:48 UTC 2019 /home/travis/build/icyphy/ptII/ptolemy/domains/continuous/test/auto/hierarchicalModalModel1.xml
----------------- Instantiating /home/travis/build/icyphy/ptII/ptolemy/domains/continuous/test/auto/hierarchicalModalModel1.xml
7 ms. Memory: 273408K Free: 72897K (27%)
----------------- Invoking toplevel() on ptolemy.moml.MoMLSimpleApplication@746094ed
----------------- Done invoking toplevel() on ptolemy.moml.MoMLSimpleApplication@746094ed
reloadAllAccessors: .hierarchicalModalModel1

===========================================================================================
----------------- testing Sun Mar 10 03:43:48 UTC 2019 /home/travis/build/icyphy/ptII/ptolemy/domains/continuous/test/auto/hierarchicalModalModel2.xml
----------------- Instantiating /home/travis/build/icyphy/ptII/ptolemy/domains/continuous/test/auto/hierarchicalModalModel2.xml
6 ms. Memory: 273408K Free: 58242K (21%)
----------------- Invoking toplevel() on ptolemy.moml.MoMLSimpleApplication@1c672e74
----------------- Done invoking toplevel() on ptolemy.moml.MoMLSimpleApplication@1c672e74
reloadAllAccessors: .hierarchicalModalModel2

===========================================================================================
----------------- testing Sun Mar 10 03:43:48 UTC 2019 /home/travis/build/icyphy/ptII/ptolemy/domains/continuous/test/auto/hierarchicalModalModel3.xml
----------------- Instantiating /home/travis/build/icyphy/ptII/ptolemy/domains/continuous/test/auto/hierarchicalModalModel3.xml
6 ms. Memory: 273408K Free: 46080K (17%)
----------------- Invoking toplevel() on ptolemy.moml.MoMLSimpleApplication@5345cedd
----------------- Done invoking toplevel() on ptolemy.moml.MoMLSimpleApplication@5345cedd
reloadAllAccessors: .hierarchicalModalModel3

===========================================================================================
----------------- testing Sun Mar 10 03:43:48 UTC 2019 /home/travis/build/icyphy/ptII/ptolemy/domains/continuous/test/auto/hierarchicalModalModel4.xml
----------------- Instantiating /home/travis/build/icyphy/ptII/ptolemy/domains/continuous/test/auto/hierarchicalModalModel4.xml
5 ms. Memory: 273408K Free: 32663K (12%)
----------------- Invoking toplevel() on ptolemy.moml.MoMLSimpleApplication@79713e7d
----------------- Done invoking toplevel() on ptolemy.moml.MoMLSimpleApplication@79713e7d
reloadAllAccessors: .hierarchicalModalModel4

===========================================================================================
----------------- testing Sun Mar 10 03:43:48 UTC 2019 /home/travis/build/icyphy/ptII/ptolemy/domains/continuous/test/auto/junk.xml
----------------- Instantiating /home/travis/build/icyphy/ptII/ptolemy/domains/continuous/test/auto/junk.xml
119 ms. Memory: 260096K Free: 171828K (66%)
----------------- Invoking toplevel() on ptolemy.moml.MoMLSimpleApplication@e6d628a
----------------- Done invoking toplevel() on ptolemy.moml.MoMLSimpleApplication@e6d628a
reloadAllAccessors: .junk
AutoTests.java: About to close Vertx.
AutoTests.java: Vertx closed.
]]></system-out>
  <system-err><![CDATA[Warning: '.HysteresisWithRandomDelay.NonStrictTest' The test produced only 221 tokens, yet the correctValues parameter was expecting 222 tokens.
Warning: '.HysteresisWithRandomDelay.NonStrictTest2' The test produced only 220 tokens, yet the correctValues parameter was expecting 221 tokens.
Warning: '.HysteresisWithRandomDelay.NonStrictTest3' The test produced only 27 tokens, yet the correctValues parameter was expecting 30 tokens.
Warning: '.IncreasingRatePoisson.NonStrictTest' The test produced only 388 tokens, yet the correctValues parameter was expecting 402 tokens.
Warning: '.Poisson.NonStrictTest' The test produced only 413 tokens, yet the correctValues parameter was expecting 430 tokens.
]]></system-err>
</testsuite>
