<?xml version="1.0" encoding="UTF-8" ?>
<testsuite errors="0" failures="0" hostname="travis-job-c36e8a02-76a0-4e01-99d1-4f65214f13a0" name="ptolemy.domains.sdf.lib.test.junit.JUnitTclTest" skipped="0" tests="82" time="8.942" timestamp="2020-10-15T16:23:23">
  <properties>
[...]
</properties>
  <testcase classname="ptolemy.util.test.junit.TclTests" name="[0] /home/travis/build/icyphy/ptII/ptolemy/domains/sdf/lib/test/ArrayToSequence.tcl (RunTclFile)" time="0.581" />
  <testcase classname="ptolemy.util.test.junit.TclTests" name="[1] /home/travis/build/icyphy/ptII/ptolemy/domains/sdf/lib/test/BitsToInt.tcl (RunTclFile)" time="0.071" />
  <testcase classname="ptolemy.util.test.junit.TclTests" name="[2] /home/travis/build/icyphy/ptII/ptolemy/domains/sdf/lib/test/DelayLine.tcl (RunTclFile)" time="0.038" />
  <testcase classname="ptolemy.util.test.junit.TclTests" name="[3] /home/travis/build/icyphy/ptII/ptolemy/domains/sdf/lib/test/FFT.tcl (RunTclFile)" time="0.038" />
  <testcase classname="ptolemy.util.test.junit.TclTests" name="[4] /home/travis/build/icyphy/ptII/ptolemy/domains/sdf/lib/test/FIR.tcl (RunTclFile)" time="0.2" />
  <testcase classname="ptolemy.util.test.junit.TclTests" name="[5] /home/travis/build/icyphy/ptII/ptolemy/domains/sdf/lib/test/IntToBits.tcl (RunTclFile)" time="0.059" />
  <testcase classname="ptolemy.util.test.junit.TclTests" name="[6] /home/travis/build/icyphy/ptII/ptolemy/domains/sdf/lib/test/MaximumEntropySpectrum.tcl (RunTclFile)" time="0.358" />
  <testcase classname="ptolemy.util.test.junit.TclTests" name="[7] /home/travis/build/icyphy/ptII/ptolemy/domains/sdf/lib/test/Repeat.tcl (RunTclFile)" time="0.056" />
  <testcase classname="ptolemy.util.test.junit.TclTests" name="[8] /home/travis/build/icyphy/ptII/ptolemy/domains/sdf/lib/test/SampleDelay.tcl (RunTclFile)" time="0.099" />
  <testcase classname="ptolemy.util.test.junit.TclTests" name="[9] /home/travis/build/icyphy/ptII/ptolemy/domains/sdf/lib/test/SequenceToArray.tcl (RunTclFile)" time="0.071" />
  <testcase classname="ptolemy.util.test.junit.AutoKnownFailedTests" name="[0] ThereAreNoKnowFailedTests (RunModel)" time="0.007" />
  <testcase classname="ptolemy.util.test.junit.AutoNameArchTests" name="[0] ThereAreNoAutoArchTests (RunModel)" time="0.005" />
  <testcase classname="ptolemy.util.test.junit.AutoTests" name="[0] /home/travis/build/icyphy/ptII/ptolemy/domains/sdf/lib/test/auto/ArrayToSequence.xml (RunModel)" time="0.22" />
  <testcase classname="ptolemy.util.test.junit.AutoTests" name="[1] /home/travis/build/icyphy/ptII/ptolemy/domains/sdf/lib/test/auto/ArrayToSequenceTest.xml (RunModel)" time="0.1" />
  <testcase classname="ptolemy.util.test.junit.AutoTests" name="[2] /home/travis/build/icyphy/ptII/ptolemy/domains/sdf/lib/test/auto/Autocorrelation.xml (RunModel)" time="0.058" />
  <testcase classname="ptolemy.util.test.junit.AutoTests" name="[3] /home/travis/build/icyphy/ptII/ptolemy/domains/sdf/lib/test/auto/Autocorrelation2.xml (RunModel)" time="0.029" />
  <testcase classname="ptolemy.util.test.junit.AutoTests" name="[4] /home/travis/build/icyphy/ptII/ptolemy/domains/sdf/lib/test/auto/Autocorrelation3.xml (RunModel)" time="0.028" />
  <testcase classname="ptolemy.util.test.junit.AutoTests" name="[5] /home/travis/build/icyphy/ptII/ptolemy/domains/sdf/lib/test/auto/Autocorrelation4.xml (RunModel)" time="0.028" />
  <testcase classname="ptolemy.util.test.junit.AutoTests" name="[6] /home/travis/build/icyphy/ptII/ptolemy/domains/sdf/lib/test/auto/Autocorrelation5.xml (RunModel)" time="0.1" />
  <testcase classname="ptolemy.util.test.junit.AutoTests" name="[7] /home/travis/build/icyphy/ptII/ptolemy/domains/sdf/lib/test/auto/BitsToInt.xml (RunModel)" time="0.041" />
  <testcase classname="ptolemy.util.test.junit.AutoTests" name="[8] /home/travis/build/icyphy/ptII/ptolemy/domains/sdf/lib/test/auto/BooleanJoin.xml (RunModel)" time="0.051" />
  <testcase classname="ptolemy.util.test.junit.AutoTests" name="[9] /home/travis/build/icyphy/ptII/ptolemy/domains/sdf/lib/test/auto/BootstrapSampleDelay.xml (RunModel)" time="0.062" />
  <testcase classname="ptolemy.util.test.junit.AutoTests" name="[10] /home/travis/build/icyphy/ptII/ptolemy/domains/sdf/lib/test/auto/Chop.xml (RunModel)" time="0.073" />
  <testcase classname="ptolemy.util.test.junit.AutoTests" name="[11] /home/travis/build/icyphy/ptII/ptolemy/domains/sdf/lib/test/auto/Chop2.xml (RunModel)" time="0.055" />
  <testcase classname="ptolemy.util.test.junit.AutoTests" name="[12] /home/travis/build/icyphy/ptII/ptolemy/domains/sdf/lib/test/auto/ComplexJoin.xml (RunModel)" time="0.041" />
  <testcase classname="ptolemy.util.test.junit.AutoTests" name="[13] /home/travis/build/icyphy/ptII/ptolemy/domains/sdf/lib/test/auto/CountTrues.xml (RunModel)" time="0.032" />
  <testcase classname="ptolemy.util.test.junit.AutoTests" name="[14] /home/travis/build/icyphy/ptII/ptolemy/domains/sdf/lib/test/auto/DelayLine.xml (RunModel)" time="0.048" />
  <testcase classname="ptolemy.util.test.junit.AutoTests" name="[15] /home/travis/build/icyphy/ptII/ptolemy/domains/sdf/lib/test/auto/DotProduct.xml (RunModel)" time="0.033" />
  <testcase classname="ptolemy.util.test.junit.AutoTests" name="[16] /home/travis/build/icyphy/ptII/ptolemy/domains/sdf/lib/test/auto/DotProductMatrix.xml (RunModel)" time="0.023" />
  <testcase classname="ptolemy.util.test.junit.AutoTests" name="[17] /home/travis/build/icyphy/ptII/ptolemy/domains/sdf/lib/test/auto/DownSample1.xml (RunModel)" time="0.031" />
  <testcase classname="ptolemy.util.test.junit.AutoTests" name="[18] /home/travis/build/icyphy/ptII/ptolemy/domains/sdf/lib/test/auto/DynamicRateChange.xml (RunModel)" time="0.041" />
  <testcase classname="ptolemy.util.test.junit.AutoTests" name="[19] /home/travis/build/icyphy/ptII/ptolemy/domains/sdf/lib/test/auto/DynamicRates.xml (RunModel)" time="0.043" />
  <testcase classname="ptolemy.util.test.junit.AutoTests" name="[20] /home/travis/build/icyphy/ptII/ptolemy/domains/sdf/lib/test/auto/FFT1.xml (RunModel)" time="0.041" />
  <testcase classname="ptolemy.util.test.junit.AutoTests" name="[21] /home/travis/build/icyphy/ptII/ptolemy/domains/sdf/lib/test/auto/FIR1.xml (RunModel)" time="0.053" />
  <testcase classname="ptolemy.util.test.junit.AutoTests" name="[22] /home/travis/build/icyphy/ptII/ptolemy/domains/sdf/lib/test/auto/FIR2.xml (RunModel)" time="0.022" />
  <testcase classname="ptolemy.util.test.junit.AutoTests" name="[23] /home/travis/build/icyphy/ptII/ptolemy/domains/sdf/lib/test/auto/FIR4.xml (RunModel)" time="0.05" />
  <testcase classname="ptolemy.util.test.junit.AutoTests" name="[24] /home/travis/build/icyphy/ptII/ptolemy/domains/sdf/lib/test/auto/FixJoin.xml (RunModel)" time="0.056" />
  <testcase classname="ptolemy.util.test.junit.AutoTests" name="[25] /home/travis/build/icyphy/ptII/ptolemy/domains/sdf/lib/test/auto/IntJoin1.xml (RunModel)" time="0.041" />
  <testcase classname="ptolemy.util.test.junit.AutoTests" name="[26] /home/travis/build/icyphy/ptII/ptolemy/domains/sdf/lib/test/auto/IntJoin2.xml (RunModel)" time="0.027" />
  <testcase classname="ptolemy.util.test.junit.AutoTests" name="[27] /home/travis/build/icyphy/ptII/ptolemy/domains/sdf/lib/test/auto/IntJoin3.xml (RunModel)" time="0.031" />
  <testcase classname="ptolemy.util.test.junit.AutoTests" name="[28] /home/travis/build/icyphy/ptII/ptolemy/domains/sdf/lib/test/auto/IntJoin4.xml (RunModel)" time="0.028" />
  <testcase classname="ptolemy.util.test.junit.AutoTests" name="[29] /home/travis/build/icyphy/ptII/ptolemy/domains/sdf/lib/test/auto/IntJoin5.xml (RunModel)" time="0.027" />
  <testcase classname="ptolemy.util.test.junit.AutoTests" name="[30] /home/travis/build/icyphy/ptII/ptolemy/domains/sdf/lib/test/auto/IntToBits.xml (RunModel)" time="0.027" />
  <testcase classname="ptolemy.util.test.junit.AutoTests" name="[31] /home/travis/build/icyphy/ptII/ptolemy/domains/sdf/lib/test/auto/LMSAdaptive.xml (RunModel)" time="0.058" />
  <testcase classname="ptolemy.util.test.junit.AutoTests" name="[32] /home/travis/build/icyphy/ptII/ptolemy/domains/sdf/lib/test/auto/LMSAdaptiveFIR.xml (RunModel)" time="0.342" />
  <testcase classname="ptolemy.util.test.junit.AutoTests" name="[33] /home/travis/build/icyphy/ptII/ptolemy/domains/sdf/lib/test/auto/LMSAdaptiveFIR2.xml (RunModel)" time="0.482" />
  <testcase classname="ptolemy.util.test.junit.AutoTests" name="[34] /home/travis/build/icyphy/ptII/ptolemy/domains/sdf/lib/test/auto/LongJoin.xml (RunModel)" time="0.029" />
  <testcase classname="ptolemy.util.test.junit.AutoTests" name="[35] /home/travis/build/icyphy/ptII/ptolemy/domains/sdf/lib/test/auto/Matrix1.xml (RunModel)" time="0.02" />
  <testcase classname="ptolemy.util.test.junit.AutoTests" name="[36] /home/travis/build/icyphy/ptII/ptolemy/domains/sdf/lib/test/auto/Matrix2.xml (RunModel)" time="0.036" />
  <testcase classname="ptolemy.util.test.junit.AutoTests" name="[37] /home/travis/build/icyphy/ptII/ptolemy/domains/sdf/lib/test/auto/MatrixJoin1.xml (RunModel)" time="0.031" />
  <testcase classname="ptolemy.util.test.junit.AutoTests" name="[38] /home/travis/build/icyphy/ptII/ptolemy/domains/sdf/lib/test/auto/MatrixJoin2.xml (RunModel)" time="0.022" />
  <testcase classname="ptolemy.util.test.junit.AutoTests" name="[39] /home/travis/build/icyphy/ptII/ptolemy/domains/sdf/lib/test/auto/MatrixJoin3.xml (RunModel)" time="0.018" />
  <testcase classname="ptolemy.util.test.junit.AutoTests" name="[40] /home/travis/build/icyphy/ptII/ptolemy/domains/sdf/lib/test/auto/MatrixJoin4.xml (RunModel)" time="0.016" />
  <testcase classname="ptolemy.util.test.junit.AutoTests" name="[41] /home/travis/build/icyphy/ptII/ptolemy/domains/sdf/lib/test/auto/MatrixJoin5.xml (RunModel)" time="0.019" />
  <testcase classname="ptolemy.util.test.junit.AutoTests" name="[42] /home/travis/build/icyphy/ptII/ptolemy/domains/sdf/lib/test/auto/MatrixSplit1.xml (RunModel)" time="0.027" />
  <testcase classname="ptolemy.util.test.junit.AutoTests" name="[43] /home/travis/build/icyphy/ptII/ptolemy/domains/sdf/lib/test/auto/MatrixSplit10.xml (RunModel)" time="0.015" />
  <testcase classname="ptolemy.util.test.junit.AutoTests" name="[44] /home/travis/build/icyphy/ptII/ptolemy/domains/sdf/lib/test/auto/MatrixSplit11.xml (RunModel)" time="0.013" />
  <testcase classname="ptolemy.util.test.junit.AutoTests" name="[45] /home/travis/build/icyphy/ptII/ptolemy/domains/sdf/lib/test/auto/MatrixSplit12.xml (RunModel)" time="0.019" />
  <testcase classname="ptolemy.util.test.junit.AutoTests" name="[46] /home/travis/build/icyphy/ptII/ptolemy/domains/sdf/lib/test/auto/MatrixSplit13.xml (RunModel)" time="0.026" />
  <testcase classname="ptolemy.util.test.junit.AutoTests" name="[47] /home/travis/build/icyphy/ptII/ptolemy/domains/sdf/lib/test/auto/MatrixSplit14.xml (RunModel)" time="0.016" />
  <testcase classname="ptolemy.util.test.junit.AutoTests" name="[48] /home/travis/build/icyphy/ptII/ptolemy/domains/sdf/lib/test/auto/MatrixSplit2.xml (RunModel)" time="0.014" />
  <testcase classname="ptolemy.util.test.junit.AutoTests" name="[49] /home/travis/build/icyphy/ptII/ptolemy/domains/sdf/lib/test/auto/MatrixSplit3.xml (RunModel)" time="0.014" />
  <testcase classname="ptolemy.util.test.junit.AutoTests" name="[50] /home/travis/build/icyphy/ptII/ptolemy/domains/sdf/lib/test/auto/MatrixSplit4.xml (RunModel)" time="0.014" />
  <testcase classname="ptolemy.util.test.junit.AutoTests" name="[51] /home/travis/build/icyphy/ptII/ptolemy/domains/sdf/lib/test/auto/MatrixSplit5.xml (RunModel)" time="0.022" />
  <testcase classname="ptolemy.util.test.junit.AutoTests" name="[52] /home/travis/build/icyphy/ptII/ptolemy/domains/sdf/lib/test/auto/MatrixSplit6.xml (RunModel)" time="0.015" />
  <testcase classname="ptolemy.util.test.junit.AutoTests" name="[53] /home/travis/build/icyphy/ptII/ptolemy/domains/sdf/lib/test/auto/MatrixSplit7.xml (RunModel)" time="0.014" />
  <testcase classname="ptolemy.util.test.junit.AutoTests" name="[54] /home/travis/build/icyphy/ptII/ptolemy/domains/sdf/lib/test/auto/MatrixSplit8.xml (RunModel)" time="0.017" />
  <testcase classname="ptolemy.util.test.junit.AutoTests" name="[55] /home/travis/build/icyphy/ptII/ptolemy/domains/sdf/lib/test/auto/MatrixSplit9.xml (RunModel)" time="0.027" />
  <testcase classname="ptolemy.util.test.junit.AutoTests" name="[56] /home/travis/build/icyphy/ptII/ptolemy/domains/sdf/lib/test/auto/MatrixToSequence.xml (RunModel)" time="0.072" />
  <testcase classname="ptolemy.util.test.junit.AutoTests" name="[57] /home/travis/build/icyphy/ptII/ptolemy/domains/sdf/lib/test/auto/MaximumEntropySpectrum.xml (RunModel)" time="0.08" />
  <testcase classname="ptolemy.util.test.junit.AutoTests" name="[58] /home/travis/build/icyphy/ptII/ptolemy/domains/sdf/lib/test/auto/SampleDelayConversion.xml (RunModel)" time="0.018" />
  <testcase classname="ptolemy.util.test.junit.AutoTests" name="[59] /home/travis/build/icyphy/ptII/ptolemy/domains/sdf/lib/test/auto/SequenceToArray.xml (RunModel)" time="0.044" />
  <testcase classname="ptolemy.util.test.junit.AutoTests" name="[60] /home/travis/build/icyphy/ptII/ptolemy/domains/sdf/lib/test/auto/SequenceToMatrix.xml (RunModel)" time="3.341" />
  <testcase classname="ptolemy.util.test.junit.AutoTests" name="[61] /home/travis/build/icyphy/ptII/ptolemy/domains/sdf/lib/test/auto/SmoothedPeriodogram.xml (RunModel)" time="0.064" />
  <testcase classname="ptolemy.util.test.junit.AutoTests" name="[62] /home/travis/build/icyphy/ptII/ptolemy/domains/sdf/lib/test/auto/UpDownSample1.xml (RunModel)" time="0.015" />
  <testcase classname="ptolemy.util.test.junit.AutoTests" name="[63] /home/travis/build/icyphy/ptII/ptolemy/domains/sdf/lib/test/auto/UpSample1.xml (RunModel)" time="0.016" />
  <testcase classname="ptolemy.util.test.junit.AutoTests" name="[64] /home/travis/build/icyphy/ptII/ptolemy/domains/sdf/lib/test/auto/VariableFIR.xml (RunModel)" time="0.02" />
  <testcase classname="ptolemy.util.test.junit.AutoTests" name="[65] /home/travis/build/icyphy/ptII/ptolemy/domains/sdf/lib/test/auto/VariableFIR2.xml (RunModel)" time="0.022" />
  <testcase classname="ptolemy.util.test.junit.AutoTests" name="[66] /home/travis/build/icyphy/ptII/ptolemy/domains/sdf/lib/test/auto/VariableLattice.xml (RunModel)" time="0.021" />
  <testcase classname="ptolemy.util.test.junit.AutoTests" name="[67] /home/travis/build/icyphy/ptII/ptolemy/domains/sdf/lib/test/auto/VariableLattice2.xml (RunModel)" time="0.019" />
  <testcase classname="ptolemy.util.test.junit.AutoTests" name="[68] /home/travis/build/icyphy/ptII/ptolemy/domains/sdf/lib/test/auto/VariableRecursiveLattice.xml (RunModel)" time="0.018" />
  <testcase classname="ptolemy.util.test.junit.AutoTests" name="[69] /home/travis/build/icyphy/ptII/ptolemy/domains/sdf/lib/test/auto/VariableRecursiveLattice2.xml (RunModel)" time="0.015" />
  <system-out><![CDATA[/home/travis/build/icyphy/ptII/ptolemy/domains/sdf/lib/test/ArrayToSequence.tcl
testDefs.tcl: setting time out to 9000 seconds at Thu Oct 15 16:23:23 UTC 2020
85 ms. Memory: 129024K Free: 94152K (73%)
11 ms. Memory: 129024K Free: 92104K (71%)
29 ms. Memory: 129024K Free: 90056K (70%)
22 ms. Memory: 129024K Free: 89032K (69%)
/home/travis/build/icyphy/ptII/ptolemy/domains/sdf/lib/test/BitsToInt.tcl
16 ms. Memory: 129024K Free: 86984K (67%)
17 ms. Memory: 129024K Free: 85446K (66%)
/home/travis/build/icyphy/ptII/ptolemy/domains/sdf/lib/test/DelayLine.tcl
11 ms. Memory: 129024K Free: 83383K (65%)
/home/travis/build/icyphy/ptII/ptolemy/domains/sdf/lib/test/FFT.tcl
15 ms. Memory: 129024K Free: 81864K (63%)
/home/travis/build/icyphy/ptII/ptolemy/domains/sdf/lib/test/FIR.tcl
19 ms. Memory: 129024K Free: 79816K (62%)
85 ms. Memory: 129024K Free: 75720K (59%)
ptolemy.kernel.util.IllegalActionException: multiplyReverse method not supported between ptolemy.data.FixToken 'fix(-0.0625,6,2)' and ptolemy.data.IntToken '1' because the types are incomparable.
  in .top.FIRclone
Because:
multiplyReverse method not supported between ptolemy.data.FixToken 'fix(-0.0625,6,2)' and ptolemy.data.IntToken '1' because the types are incomparable.
31 ms. Memory: 129024K Free: 73158K (57%)
/home/travis/build/icyphy/ptII/ptolemy/domains/sdf/lib/test/IntToBits.tcl
8 ms. Memory: 129024K Free: 71624K (56%)
9 ms. Memory: 129024K Free: 70071K (54%)
/home/travis/build/icyphy/ptII/ptolemy/domains/sdf/lib/test/MaximumEntropySpectrum.tcl
/home/travis/build/icyphy/ptII/ptolemy/domains/sdf/lib/test/Repeat.tcl
13 ms. Memory: 129024K Free: 48575K (38%)
/home/travis/build/icyphy/ptII/ptolemy/domains/sdf/lib/test/SampleDelay.tcl
15 ms. Memory: 129024K Free: 112899K (88%)
9 ms. Memory: 129024K Free: 111850K (87%)
10 ms. Memory: 129024K Free: 111355K (86%)
3 ms. Memory: 129024K Free: 110333K (86%)
2 ms. Memory: 129024K Free: 109797K (85%)
2 ms. Memory: 129024K Free: 109307K (85%)
/home/travis/build/icyphy/ptII/ptolemy/domains/sdf/lib/test/SequenceToArray.tcl
16 ms. Memory: 129024K Free: 107267K (83%)
4 ms. Memory: 129024K Free: 106235K (82%)
14 ms. Memory: 129024K Free: 104707K (81%)
5 ms. Memory: 129024K Free: 103669K (80%)
10/15/20 04:23:25
Failed: 0  Total Tests: 41  ((Passed: 41, Newly Passed: 0)  Known Failed: 0) /home/travis/build/icyphy/ptII/ptolemy/domains/sdf/lib/test
No auto/knownFailedTests/*.xml tests in /home/travis/build/icyphy/ptII/ptolemy/domains/sdf/lib/test
No auto/linux-amd64/*.xml tests in /home/travis/build/icyphy/ptII/ptolemy/domains/sdf/lib/test
AutoTests.java: About to close Vertx.
AutoTests.java: Vertx closed.

===========================================================================================
----------------- testing Thu Oct 15 16:23:25 UTC 2020 /home/travis/build/icyphy/ptII/ptolemy/domains/sdf/lib/test/auto/ArrayToSequence.xml
----------------- Instantiating /home/travis/build/icyphy/ptII/ptolemy/domains/sdf/lib/test/auto/ArrayToSequence.xml
42 ms. Memory: 129024K Free: 93426K (72%)
----------------- Invoking toplevel() on ptolemy.moml.MoMLSimpleApplication@37a6604f
----------------- Done invoking toplevel() on ptolemy.moml.MoMLSimpleApplication@37a6604f
reloadAllAccessors: .ArrayToSequence

===========================================================================================
----------------- testing Thu Oct 15 16:23:25 UTC 2020 /home/travis/build/icyphy/ptII/ptolemy/domains/sdf/lib/test/auto/ArrayToSequenceTest.xml
----------------- Instantiating /home/travis/build/icyphy/ptII/ptolemy/domains/sdf/lib/test/auto/ArrayToSequenceTest.xml
20 ms. Memory: 129024K Free: 87451K (68%)
----------------- Invoking toplevel() on ptolemy.moml.MoMLSimpleApplication@3e0513c9
----------------- Done invoking toplevel() on ptolemy.moml.MoMLSimpleApplication@3e0513c9
reloadAllAccessors: .ArrayToSequenceTest

===========================================================================================
----------------- testing Thu Oct 15 16:23:25 UTC 2020 /home/travis/build/icyphy/ptII/ptolemy/domains/sdf/lib/test/auto/Autocorrelation.xml
----------------- Instantiating /home/travis/build/icyphy/ptII/ptolemy/domains/sdf/lib/test/auto/Autocorrelation.xml
8 ms. Memory: 129024K Free: 111242K (86%)
----------------- Invoking toplevel() on ptolemy.moml.MoMLSimpleApplication@38efe9a5
----------------- Done invoking toplevel() on ptolemy.moml.MoMLSimpleApplication@38efe9a5
reloadAllAccessors: .Autocorrelation

===========================================================================================
----------------- testing Thu Oct 15 16:23:25 UTC 2020 /home/travis/build/icyphy/ptII/ptolemy/domains/sdf/lib/test/auto/Autocorrelation2.xml
----------------- Instantiating /home/travis/build/icyphy/ptII/ptolemy/domains/sdf/lib/test/auto/Autocorrelation2.xml
4 ms. Memory: 129024K Free: 106469K (83%)
----------------- Invoking toplevel() on ptolemy.moml.MoMLSimpleApplication@d391b8
----------------- Done invoking toplevel() on ptolemy.moml.MoMLSimpleApplication@d391b8
reloadAllAccessors: .Autocorrelation2

===========================================================================================
----------------- testing Thu Oct 15 16:23:25 UTC 2020 /home/travis/build/icyphy/ptII/ptolemy/domains/sdf/lib/test/auto/Autocorrelation3.xml
----------------- Instantiating /home/travis/build/icyphy/ptII/ptolemy/domains/sdf/lib/test/auto/Autocorrelation3.xml
8 ms. Memory: 129024K Free: 102958K (80%)
----------------- Invoking toplevel() on ptolemy.moml.MoMLSimpleApplication@31628ff7
----------------- Done invoking toplevel() on ptolemy.moml.MoMLSimpleApplication@31628ff7
reloadAllAccessors: .Autocorrelation3

===========================================================================================
----------------- testing Thu Oct 15 16:23:25 UTC 2020 /home/travis/build/icyphy/ptII/ptolemy/domains/sdf/lib/test/auto/Autocorrelation4.xml
----------------- Instantiating /home/travis/build/icyphy/ptII/ptolemy/domains/sdf/lib/test/auto/Autocorrelation4.xml
10 ms. Memory: 129024K Free: 98313K (76%)
----------------- Invoking toplevel() on ptolemy.moml.MoMLSimpleApplication@2a7032ec
----------------- Done invoking toplevel() on ptolemy.moml.MoMLSimpleApplication@2a7032ec
reloadAllAccessors: .Autocorrelation4

===========================================================================================
----------------- testing Thu Oct 15 16:23:25 UTC 2020 /home/travis/build/icyphy/ptII/ptolemy/domains/sdf/lib/test/auto/Autocorrelation5.xml
----------------- Instantiating /home/travis/build/icyphy/ptII/ptolemy/domains/sdf/lib/test/auto/Autocorrelation5.xml
63 ms. Memory: 129024K Free: 91696K (71%)
----------------- Invoking toplevel() on ptolemy.moml.MoMLSimpleApplication@3d005b95
----------------- Done invoking toplevel() on ptolemy.moml.MoMLSimpleApplication@3d005b95
reloadAllAccessors: .Autocorrelation5

===========================================================================================
----------------- testing Thu Oct 15 16:23:26 UTC 2020 /home/travis/build/icyphy/ptII/ptolemy/domains/sdf/lib/test/auto/BitsToInt.xml
----------------- Instantiating /home/travis/build/icyphy/ptII/ptolemy/domains/sdf/lib/test/auto/BitsToInt.xml
4 ms. Memory: 129024K Free: 88830K (69%)
----------------- Invoking toplevel() on ptolemy.moml.MoMLSimpleApplication@2ad3761c
----------------- Done invoking toplevel() on ptolemy.moml.MoMLSimpleApplication@2ad3761c
reloadAllAccessors: .BitsToInt

===========================================================================================
----------------- testing Thu Oct 15 16:23:26 UTC 2020 /home/travis/build/icyphy/ptII/ptolemy/domains/sdf/lib/test/auto/BooleanJoin.xml
----------------- Instantiating /home/travis/build/icyphy/ptII/ptolemy/domains/sdf/lib/test/auto/BooleanJoin.xml
7 ms. Memory: 129024K Free: 84681K (66%)
----------------- Invoking toplevel() on ptolemy.moml.MoMLSimpleApplication@10c90bc0
----------------- Done invoking toplevel() on ptolemy.moml.MoMLSimpleApplication@10c90bc0
reloadAllAccessors: .BooleanJoin

===========================================================================================
----------------- testing Thu Oct 15 16:23:26 UTC 2020 /home/travis/build/icyphy/ptII/ptolemy/domains/sdf/lib/test/auto/BootstrapSampleDelay.xml
----------------- Instantiating /home/travis/build/icyphy/ptII/ptolemy/domains/sdf/lib/test/auto/BootstrapSampleDelay.xml
21 ms. Memory: 129024K Free: 80921K (63%)
----------------- Invoking toplevel() on ptolemy.moml.MoMLSimpleApplication@2567af0
----------------- Done invoking toplevel() on ptolemy.moml.MoMLSimpleApplication@2567af0
reloadAllAccessors: .BootstrapSampleDelay

===========================================================================================
----------------- testing Thu Oct 15 16:23:26 UTC 2020 /home/travis/build/icyphy/ptII/ptolemy/domains/sdf/lib/test/auto/Chop.xml
----------------- Instantiating /home/travis/build/icyphy/ptII/ptolemy/domains/sdf/lib/test/auto/Chop.xml
19 ms. Memory: 129024K Free: 112152K (87%)
----------------- Invoking toplevel() on ptolemy.moml.MoMLSimpleApplication@2a322bb0
----------------- Done invoking toplevel() on ptolemy.moml.MoMLSimpleApplication@2a322bb0
reloadAllAccessors: .Chop

===========================================================================================
----------------- testing Thu Oct 15 16:23:26 UTC 2020 /home/travis/build/icyphy/ptII/ptolemy/domains/sdf/lib/test/auto/Chop2.xml
----------------- Instantiating /home/travis/build/icyphy/ptII/ptolemy/domains/sdf/lib/test/auto/Chop2.xml
8 ms. Memory: 129024K Free: 104852K (81%)
----------------- Invoking toplevel() on ptolemy.moml.MoMLSimpleApplication@311738aa
----------------- Done invoking toplevel() on ptolemy.moml.MoMLSimpleApplication@311738aa
reloadAllAccessors: .Chop2

===========================================================================================
----------------- testing Thu Oct 15 16:23:26 UTC 2020 /home/travis/build/icyphy/ptII/ptolemy/domains/sdf/lib/test/auto/ComplexJoin.xml
----------------- Instantiating /home/travis/build/icyphy/ptII/ptolemy/domains/sdf/lib/test/auto/ComplexJoin.xml
7 ms. Memory: 129024K Free: 100704K (78%)
----------------- Invoking toplevel() on ptolemy.moml.MoMLSimpleApplication@7e2d633b
----------------- Done invoking toplevel() on ptolemy.moml.MoMLSimpleApplication@7e2d633b
reloadAllAccessors: .ComplexJoin

===========================================================================================
----------------- testing Thu Oct 15 16:23:26 UTC 2020 /home/travis/build/icyphy/ptII/ptolemy/domains/sdf/lib/test/auto/CountTrues.xml
----------------- Instantiating /home/travis/build/icyphy/ptII/ptolemy/domains/sdf/lib/test/auto/CountTrues.xml
4 ms. Memory: 129024K Free: 97246K (75%)
----------------- Invoking toplevel() on ptolemy.moml.MoMLSimpleApplication@2a987e79
----------------- Done invoking toplevel() on ptolemy.moml.MoMLSimpleApplication@2a987e79
reloadAllAccessors: .CountTrues

===========================================================================================
----------------- testing Thu Oct 15 16:23:26 UTC 2020 /home/travis/build/icyphy/ptII/ptolemy/domains/sdf/lib/test/auto/DelayLine.xml
----------------- Instantiating /home/travis/build/icyphy/ptII/ptolemy/domains/sdf/lib/test/auto/DelayLine.xml
9 ms. Memory: 129024K Free: 92512K (72%)
----------------- Invoking toplevel() on ptolemy.moml.MoMLSimpleApplication@747c9a49
----------------- Done invoking toplevel() on ptolemy.moml.MoMLSimpleApplication@747c9a49
reloadAllAccessors: .DelayLine

===========================================================================================
----------------- testing Thu Oct 15 16:23:26 UTC 2020 /home/travis/build/icyphy/ptII/ptolemy/domains/sdf/lib/test/auto/DotProduct.xml
----------------- Instantiating /home/travis/build/icyphy/ptII/ptolemy/domains/sdf/lib/test/auto/DotProduct.xml
5 ms. Memory: 129024K Free: 89048K (69%)
----------------- Invoking toplevel() on ptolemy.moml.MoMLSimpleApplication@54cf01dd
----------------- Done invoking toplevel() on ptolemy.moml.MoMLSimpleApplication@54cf01dd
reloadAllAccessors: .DotProduct

===========================================================================================
----------------- testing Thu Oct 15 16:23:26 UTC 2020 /home/travis/build/icyphy/ptII/ptolemy/domains/sdf/lib/test/auto/DotProductMatrix.xml
----------------- Instantiating /home/travis/build/icyphy/ptII/ptolemy/domains/sdf/lib/test/auto/DotProductMatrix.xml
6 ms. Memory: 129024K Free: 86368K (67%)
----------------- Invoking toplevel() on ptolemy.moml.MoMLSimpleApplication@2ddc090b
----------------- Done invoking toplevel() on ptolemy.moml.MoMLSimpleApplication@2ddc090b
reloadAllAccessors: .DotProductMatrix

===========================================================================================
----------------- testing Thu Oct 15 16:23:26 UTC 2020 /home/travis/build/icyphy/ptII/ptolemy/domains/sdf/lib/test/auto/DownSample1.xml
----------------- Instantiating /home/travis/build/icyphy/ptII/ptolemy/domains/sdf/lib/test/auto/DownSample1.xml
6 ms. Memory: 129024K Free: 83556K (65%)
----------------- Invoking toplevel() on ptolemy.moml.MoMLSimpleApplication@1fb129d4
----------------- Done invoking toplevel() on ptolemy.moml.MoMLSimpleApplication@1fb129d4
reloadAllAccessors: .DownSample1

===========================================================================================
----------------- testing Thu Oct 15 16:23:26 UTC 2020 /home/travis/build/icyphy/ptII/ptolemy/domains/sdf/lib/test/auto/DynamicRateChange.xml
----------------- Instantiating /home/travis/build/icyphy/ptII/ptolemy/domains/sdf/lib/test/auto/DynamicRateChange.xml
17 ms. Memory: 129024K Free: 77805K (60%)
----------------- Invoking toplevel() on ptolemy.moml.MoMLSimpleApplication@757db2ab
----------------- Done invoking toplevel() on ptolemy.moml.MoMLSimpleApplication@757db2ab
reloadAllAccessors: .DynamicRateChange

===========================================================================================
----------------- testing Thu Oct 15 16:23:26 UTC 2020 /home/travis/build/icyphy/ptII/ptolemy/domains/sdf/lib/test/auto/DynamicRates.xml
----------------- Instantiating /home/travis/build/icyphy/ptII/ptolemy/domains/sdf/lib/test/auto/DynamicRates.xml
14 ms. Memory: 129024K Free: 72685K (56%)
----------------- Invoking toplevel() on ptolemy.moml.MoMLSimpleApplication@6b427f11
----------------- Done invoking toplevel() on ptolemy.moml.MoMLSimpleApplication@6b427f11
reloadAllAccessors: .DynamicRates

===========================================================================================
----------------- testing Thu Oct 15 16:23:26 UTC 2020 /home/travis/build/icyphy/ptII/ptolemy/domains/sdf/lib/test/auto/FFT1.xml
----------------- Instantiating /home/travis/build/icyphy/ptII/ptolemy/domains/sdf/lib/test/auto/FFT1.xml
13 ms. Memory: 129024K Free: 68212K (53%)
----------------- Invoking toplevel() on ptolemy.moml.MoMLSimpleApplication@7d5b65cc
----------------- Done invoking toplevel() on ptolemy.moml.MoMLSimpleApplication@7d5b65cc
reloadAllAccessors: .FFT1

===========================================================================================
----------------- testing Thu Oct 15 16:23:26 UTC 2020 /home/travis/build/icyphy/ptII/ptolemy/domains/sdf/lib/test/auto/FIR1.xml
----------------- Instantiating /home/travis/build/icyphy/ptII/ptolemy/domains/sdf/lib/test/auto/FIR1.xml
22 ms. Memory: 129024K Free: 61052K (47%)
----------------- Invoking toplevel() on ptolemy.moml.MoMLSimpleApplication@cca27a9
----------------- Done invoking toplevel() on ptolemy.moml.MoMLSimpleApplication@cca27a9
reloadAllAccessors: .FIR1

===========================================================================================
----------------- testing Thu Oct 15 16:23:26 UTC 2020 /home/travis/build/icyphy/ptII/ptolemy/domains/sdf/lib/test/auto/FIR2.xml
----------------- Instantiating /home/travis/build/icyphy/ptII/ptolemy/domains/sdf/lib/test/auto/FIR2.xml
3 ms. Memory: 129024K Free: 57696K (45%)
----------------- Invoking toplevel() on ptolemy.moml.MoMLSimpleApplication@7a267637
----------------- Done invoking toplevel() on ptolemy.moml.MoMLSimpleApplication@7a267637
reloadAllAccessors: .FIR2

===========================================================================================
----------------- testing Thu Oct 15 16:23:26 UTC 2020 /home/travis/build/icyphy/ptII/ptolemy/domains/sdf/lib/test/auto/FIR4.xml
----------------- Instantiating /home/travis/build/icyphy/ptII/ptolemy/domains/sdf/lib/test/auto/FIR4.xml
7 ms. Memory: 155648K Free: 132174K (85%)
----------------- Invoking toplevel() on ptolemy.moml.MoMLSimpleApplication@182b3b5e
----------------- Done invoking toplevel() on ptolemy.moml.MoMLSimpleApplication@182b3b5e
reloadAllAccessors: .FIR4

===========================================================================================
----------------- testing Thu Oct 15 16:23:26 UTC 2020 /home/travis/build/icyphy/ptII/ptolemy/domains/sdf/lib/test/auto/FixJoin.xml
----------------- Instantiating /home/travis/build/icyphy/ptII/ptolemy/domains/sdf/lib/test/auto/FixJoin.xml
5 ms. Memory: 155648K Free: 128048K (82%)
----------------- Invoking toplevel() on ptolemy.moml.MoMLSimpleApplication@537ef56e
----------------- Done invoking toplevel() on ptolemy.moml.MoMLSimpleApplication@537ef56e
reloadAllAccessors: .FixJoin

===========================================================================================
----------------- testing Thu Oct 15 16:23:26 UTC 2020 /home/travis/build/icyphy/ptII/ptolemy/domains/sdf/lib/test/auto/IntJoin1.xml
----------------- Instantiating /home/travis/build/icyphy/ptII/ptolemy/domains/sdf/lib/test/auto/IntJoin1.xml
10 ms. Memory: 155648K Free: 123483K (79%)
----------------- Invoking toplevel() on ptolemy.moml.MoMLSimpleApplication@633ddf35
----------------- Done invoking toplevel() on ptolemy.moml.MoMLSimpleApplication@633ddf35
reloadAllAccessors: .IntJoin1

===========================================================================================
----------------- testing Thu Oct 15 16:23:26 UTC 2020 /home/travis/build/icyphy/ptII/ptolemy/domains/sdf/lib/test/auto/IntJoin2.xml
----------------- Instantiating /home/travis/build/icyphy/ptII/ptolemy/domains/sdf/lib/test/auto/IntJoin2.xml
3 ms. Memory: 155648K Free: 119371K (77%)
----------------- Invoking toplevel() on ptolemy.moml.MoMLSimpleApplication@461b95f2
----------------- Done invoking toplevel() on ptolemy.moml.MoMLSimpleApplication@461b95f2
reloadAllAccessors: .IntJoin2

===========================================================================================
----------------- testing Thu Oct 15 16:23:26 UTC 2020 /home/travis/build/icyphy/ptII/ptolemy/domains/sdf/lib/test/auto/IntJoin3.xml
----------------- Instantiating /home/travis/build/icyphy/ptII/ptolemy/domains/sdf/lib/test/auto/IntJoin3.xml
6 ms. Memory: 155648K Free: 115291K (74%)
----------------- Invoking toplevel() on ptolemy.moml.MoMLSimpleApplication@7b4417ff
----------------- Done invoking toplevel() on ptolemy.moml.MoMLSimpleApplication@7b4417ff
reloadAllAccessors: .IntJoin3

===========================================================================================
----------------- testing Thu Oct 15 16:23:27 UTC 2020 /home/travis/build/icyphy/ptII/ptolemy/domains/sdf/lib/test/auto/IntJoin4.xml
----------------- Instantiating /home/travis/build/icyphy/ptII/ptolemy/domains/sdf/lib/test/auto/IntJoin4.xml
4 ms. Memory: 155648K Free: 110640K (71%)
----------------- Invoking toplevel() on ptolemy.moml.MoMLSimpleApplication@7ee887b6
----------------- Done invoking toplevel() on ptolemy.moml.MoMLSimpleApplication@7ee887b6
reloadAllAccessors: .IntJoin4

===========================================================================================
----------------- testing Thu Oct 15 16:23:27 UTC 2020 /home/travis/build/icyphy/ptII/ptolemy/domains/sdf/lib/test/auto/IntJoin5.xml
----------------- Instantiating /home/travis/build/icyphy/ptII/ptolemy/domains/sdf/lib/test/auto/IntJoin5.xml
3 ms. Memory: 155648K Free: 106559K (68%)
----------------- Invoking toplevel() on ptolemy.moml.MoMLSimpleApplication@62f6494a
----------------- Done invoking toplevel() on ptolemy.moml.MoMLSimpleApplication@62f6494a
reloadAllAccessors: .IntJoin5

===========================================================================================
----------------- testing Thu Oct 15 16:23:27 UTC 2020 /home/travis/build/icyphy/ptII/ptolemy/domains/sdf/lib/test/auto/IntToBits.xml
----------------- Instantiating /home/travis/build/icyphy/ptII/ptolemy/domains/sdf/lib/test/auto/IntToBits.xml
9 ms. Memory: 155648K Free: 103472K (66%)
----------------- Invoking toplevel() on ptolemy.moml.MoMLSimpleApplication@6674b199
----------------- Done invoking toplevel() on ptolemy.moml.MoMLSimpleApplication@6674b199
reloadAllAccessors: .IntToBits

===========================================================================================
----------------- testing Thu Oct 15 16:23:27 UTC 2020 /home/travis/build/icyphy/ptII/ptolemy/domains/sdf/lib/test/auto/LMSAdaptive.xml
----------------- Instantiating /home/travis/build/icyphy/ptII/ptolemy/domains/sdf/lib/test/auto/LMSAdaptive.xml
9 ms. Memory: 155648K Free: 95295K (61%)
----------------- Invoking toplevel() on ptolemy.moml.MoMLSimpleApplication@4f3ac5d2
----------------- Done invoking toplevel() on ptolemy.moml.MoMLSimpleApplication@4f3ac5d2
reloadAllAccessors: .LMSAdaptive

===========================================================================================
----------------- testing Thu Oct 15 16:23:27 UTC 2020 /home/travis/build/icyphy/ptII/ptolemy/domains/sdf/lib/test/auto/LMSAdaptiveFIR.xml
----------------- Instantiating /home/travis/build/icyphy/ptII/ptolemy/domains/sdf/lib/test/auto/LMSAdaptiveFIR.xml
266 ms. Memory: 155648K Free: 131095K (84%)
----------------- Invoking toplevel() on ptolemy.moml.MoMLSimpleApplication@1460876f
----------------- Done invoking toplevel() on ptolemy.moml.MoMLSimpleApplication@1460876f
reloadAllAccessors: .LMSAdaptiveFIR

===========================================================================================
----------------- testing Thu Oct 15 16:23:27 UTC 2020 /home/travis/build/icyphy/ptII/ptolemy/domains/sdf/lib/test/auto/LMSAdaptiveFIR2.xml
----------------- Instantiating /home/travis/build/icyphy/ptII/ptolemy/domains/sdf/lib/test/auto/LMSAdaptiveFIR2.xml
373 ms. Memory: 155648K Free: 72125K (46%)
----------------- Invoking toplevel() on ptolemy.moml.MoMLSimpleApplication@565b0eae
----------------- Done invoking toplevel() on ptolemy.moml.MoMLSimpleApplication@565b0eae
reloadAllAccessors: .LMSAdaptiveFIR2

===========================================================================================
----------------- testing Thu Oct 15 16:23:27 UTC 2020 /home/travis/build/icyphy/ptII/ptolemy/domains/sdf/lib/test/auto/LongJoin.xml
----------------- Instantiating /home/travis/build/icyphy/ptII/ptolemy/domains/sdf/lib/test/auto/LongJoin.xml
4 ms. Memory: 155648K Free: 68029K (44%)
----------------- Invoking toplevel() on ptolemy.moml.MoMLSimpleApplication@7260a471
----------------- Done invoking toplevel() on ptolemy.moml.MoMLSimpleApplication@7260a471
reloadAllAccessors: .LongJoin

===========================================================================================
----------------- testing Thu Oct 15 16:23:28 UTC 2020 /home/travis/build/icyphy/ptII/ptolemy/domains/sdf/lib/test/auto/Matrix1.xml
----------------- Instantiating /home/travis/build/icyphy/ptII/ptolemy/domains/sdf/lib/test/auto/Matrix1.xml
3 ms. Memory: 155648K Free: 63933K (41%)
----------------- Invoking toplevel() on ptolemy.moml.MoMLSimpleApplication@16468154
----------------- Done invoking toplevel() on ptolemy.moml.MoMLSimpleApplication@16468154
reloadAllAccessors: .Matrix1

===========================================================================================
----------------- testing Thu Oct 15 16:23:28 UTC 2020 /home/travis/build/icyphy/ptII/ptolemy/domains/sdf/lib/test/auto/Matrix2.xml
----------------- Instantiating /home/travis/build/icyphy/ptII/ptolemy/domains/sdf/lib/test/auto/Matrix2.xml
12 ms. Memory: 155648K Free: 138596K (89%)
----------------- Invoking toplevel() on ptolemy.moml.MoMLSimpleApplication@48311b2a
----------------- Done invoking toplevel() on ptolemy.moml.MoMLSimpleApplication@48311b2a
reloadAllAccessors: .Matrix2

===========================================================================================
----------------- testing Thu Oct 15 16:23:28 UTC 2020 /home/travis/build/icyphy/ptII/ptolemy/domains/sdf/lib/test/auto/MatrixJoin1.xml
----------------- Instantiating /home/travis/build/icyphy/ptII/ptolemy/domains/sdf/lib/test/auto/MatrixJoin1.xml
3 ms. Memory: 155648K Free: 133476K (86%)
----------------- Invoking toplevel() on ptolemy.moml.MoMLSimpleApplication@3a0cf688
----------------- Done invoking toplevel() on ptolemy.moml.MoMLSimpleApplication@3a0cf688
reloadAllAccessors: .MatrixJoin1

===========================================================================================
----------------- testing Thu Oct 15 16:23:28 UTC 2020 /home/travis/build/icyphy/ptII/ptolemy/domains/sdf/lib/test/auto/MatrixJoin2.xml
----------------- Instantiating /home/travis/build/icyphy/ptII/ptolemy/domains/sdf/lib/test/auto/MatrixJoin2.xml
5 ms. Memory: 155648K Free: 128866K (83%)
----------------- Invoking toplevel() on ptolemy.moml.MoMLSimpleApplication@77742c9d
----------------- Done invoking toplevel() on ptolemy.moml.MoMLSimpleApplication@77742c9d
reloadAllAccessors: .MatrixJoin2

===========================================================================================
----------------- testing Thu Oct 15 16:23:28 UTC 2020 /home/travis/build/icyphy/ptII/ptolemy/domains/sdf/lib/test/auto/MatrixJoin3.xml
----------------- Instantiating /home/travis/build/icyphy/ptII/ptolemy/domains/sdf/lib/test/auto/MatrixJoin3.xml
5 ms. Memory: 155648K Free: 124770K (80%)
----------------- Invoking toplevel() on ptolemy.moml.MoMLSimpleApplication@53160d1c
----------------- Done invoking toplevel() on ptolemy.moml.MoMLSimpleApplication@53160d1c
reloadAllAccessors: .MatrixJoin3

===========================================================================================
----------------- testing Thu Oct 15 16:23:28 UTC 2020 /home/travis/build/icyphy/ptII/ptolemy/domains/sdf/lib/test/auto/MatrixJoin4.xml
----------------- Instantiating /home/travis/build/icyphy/ptII/ptolemy/domains/sdf/lib/test/auto/MatrixJoin4.xml
2 ms. Memory: 155648K Free: 120164K (77%)
----------------- Invoking toplevel() on ptolemy.moml.MoMLSimpleApplication@7455c9b8
----------------- Done invoking toplevel() on ptolemy.moml.MoMLSimpleApplication@7455c9b8
reloadAllAccessors: .MatrixJoin4

===========================================================================================
----------------- testing Thu Oct 15 16:23:28 UTC 2020 /home/travis/build/icyphy/ptII/ptolemy/domains/sdf/lib/test/auto/MatrixJoin5.xml
----------------- Instantiating /home/travis/build/icyphy/ptII/ptolemy/domains/sdf/lib/test/auto/MatrixJoin5.xml
1 ms. Memory: 155648K Free: 116068K (75%)
----------------- Invoking toplevel() on ptolemy.moml.MoMLSimpleApplication@70e13fa3
----------------- Done invoking toplevel() on ptolemy.moml.MoMLSimpleApplication@70e13fa3
reloadAllAccessors: .MatrixJoin5

===========================================================================================
----------------- testing Thu Oct 15 16:23:28 UTC 2020 /home/travis/build/icyphy/ptII/ptolemy/domains/sdf/lib/test/auto/MatrixSplit1.xml
----------------- Instantiating /home/travis/build/icyphy/ptII/ptolemy/domains/sdf/lib/test/auto/MatrixSplit1.xml
2 ms. Memory: 155648K Free: 110434K (71%)
----------------- Invoking toplevel() on ptolemy.moml.MoMLSimpleApplication@2f7de6a9
----------------- Done invoking toplevel() on ptolemy.moml.MoMLSimpleApplication@2f7de6a9
reloadAllAccessors: .MatrixSplit1

===========================================================================================
----------------- testing Thu Oct 15 16:23:28 UTC 2020 /home/travis/build/icyphy/ptII/ptolemy/domains/sdf/lib/test/auto/MatrixSplit10.xml
----------------- Instantiating /home/travis/build/icyphy/ptII/ptolemy/domains/sdf/lib/test/auto/MatrixSplit10.xml
3 ms. Memory: 155648K Free: 106852K (69%)
----------------- Invoking toplevel() on ptolemy.moml.MoMLSimpleApplication@37f1d6cf
----------------- Done invoking toplevel() on ptolemy.moml.MoMLSimpleApplication@37f1d6cf
reloadAllAccessors: .MatrixSplit10

===========================================================================================
----------------- testing Thu Oct 15 16:23:28 UTC 2020 /home/travis/build/icyphy/ptII/ptolemy/domains/sdf/lib/test/auto/MatrixSplit11.xml
----------------- Instantiating /home/travis/build/icyphy/ptII/ptolemy/domains/sdf/lib/test/auto/MatrixSplit11.xml
2 ms. Memory: 155648K Free: 103266K (66%)
----------------- Invoking toplevel() on ptolemy.moml.MoMLSimpleApplication@5c881c1a
----------------- Done invoking toplevel() on ptolemy.moml.MoMLSimpleApplication@5c881c1a
reloadAllAccessors: .MatrixSplit11

===========================================================================================
----------------- testing Thu Oct 15 16:23:28 UTC 2020 /home/travis/build/icyphy/ptII/ptolemy/domains/sdf/lib/test/auto/MatrixSplit12.xml
----------------- Instantiating /home/travis/build/icyphy/ptII/ptolemy/domains/sdf/lib/test/auto/MatrixSplit12.xml
3 ms. Memory: 155648K Free: 99684K (64%)
----------------- Invoking toplevel() on ptolemy.moml.MoMLSimpleApplication@1bcfbc96
----------------- Done invoking toplevel() on ptolemy.moml.MoMLSimpleApplication@1bcfbc96
reloadAllAccessors: .MatrixSplit12

===========================================================================================
----------------- testing Thu Oct 15 16:23:28 UTC 2020 /home/travis/build/icyphy/ptII/ptolemy/domains/sdf/lib/test/auto/MatrixSplit13.xml
----------------- Instantiating /home/travis/build/icyphy/ptII/ptolemy/domains/sdf/lib/test/auto/MatrixSplit13.xml
6 ms. Memory: 155648K Free: 96098K (62%)
----------------- Invoking toplevel() on ptolemy.moml.MoMLSimpleApplication@64790980
----------------- Done invoking toplevel() on ptolemy.moml.MoMLSimpleApplication@64790980
reloadAllAccessors: .MatrixSplit13

===========================================================================================
----------------- testing Thu Oct 15 16:23:28 UTC 2020 /home/travis/build/icyphy/ptII/ptolemy/domains/sdf/lib/test/auto/MatrixSplit14.xml
----------------- Instantiating /home/travis/build/icyphy/ptII/ptolemy/domains/sdf/lib/test/auto/MatrixSplit14.xml
2 ms. Memory: 155648K Free: 92516K (59%)
----------------- Invoking toplevel() on ptolemy.moml.MoMLSimpleApplication@502ef045
----------------- Done invoking toplevel() on ptolemy.moml.MoMLSimpleApplication@502ef045
reloadAllAccessors: .MatrixSplit14

===========================================================================================
----------------- testing Thu Oct 15 16:23:28 UTC 2020 /home/travis/build/icyphy/ptII/ptolemy/domains/sdf/lib/test/auto/MatrixSplit2.xml
----------------- Instantiating /home/travis/build/icyphy/ptII/ptolemy/domains/sdf/lib/test/auto/MatrixSplit2.xml
2 ms. Memory: 155648K Free: 88930K (57%)
----------------- Invoking toplevel() on ptolemy.moml.MoMLSimpleApplication@63ee01f6
----------------- Done invoking toplevel() on ptolemy.moml.MoMLSimpleApplication@63ee01f6
reloadAllAccessors: .MatrixSplit2

===========================================================================================
----------------- testing Thu Oct 15 16:23:28 UTC 2020 /home/travis/build/icyphy/ptII/ptolemy/domains/sdf/lib/test/auto/MatrixSplit3.xml
----------------- Instantiating /home/travis/build/icyphy/ptII/ptolemy/domains/sdf/lib/test/auto/MatrixSplit3.xml
1 ms. Memory: 155648K Free: 85348K (55%)
----------------- Invoking toplevel() on ptolemy.moml.MoMLSimpleApplication@5f320082
----------------- Done invoking toplevel() on ptolemy.moml.MoMLSimpleApplication@5f320082
reloadAllAccessors: .MatrixSplit3

===========================================================================================
----------------- testing Thu Oct 15 16:23:28 UTC 2020 /home/travis/build/icyphy/ptII/ptolemy/domains/sdf/lib/test/auto/MatrixSplit4.xml
----------------- Instantiating /home/travis/build/icyphy/ptII/ptolemy/domains/sdf/lib/test/auto/MatrixSplit4.xml
2 ms. Memory: 155648K Free: 81762K (53%)
----------------- Invoking toplevel() on ptolemy.moml.MoMLSimpleApplication@45b0d43a
----------------- Done invoking toplevel() on ptolemy.moml.MoMLSimpleApplication@45b0d43a
reloadAllAccessors: .MatrixSplit4

===========================================================================================
----------------- testing Thu Oct 15 16:23:28 UTC 2020 /home/travis/build/icyphy/ptII/ptolemy/domains/sdf/lib/test/auto/MatrixSplit5.xml
----------------- Instantiating /home/travis/build/icyphy/ptII/ptolemy/domains/sdf/lib/test/auto/MatrixSplit5.xml
10 ms. Memory: 155648K Free: 78180K (50%)
----------------- Invoking toplevel() on ptolemy.moml.MoMLSimpleApplication@5e694fc5
----------------- Done invoking toplevel() on ptolemy.moml.MoMLSimpleApplication@5e694fc5
reloadAllAccessors: .MatrixSplit5

===========================================================================================
----------------- testing Thu Oct 15 16:23:28 UTC 2020 /home/travis/build/icyphy/ptII/ptolemy/domains/sdf/lib/test/auto/MatrixSplit6.xml
----------------- Instantiating /home/travis/build/icyphy/ptII/ptolemy/domains/sdf/lib/test/auto/MatrixSplit6.xml
2 ms. Memory: 155648K Free: 74594K (48%)
----------------- Invoking toplevel() on ptolemy.moml.MoMLSimpleApplication@3c2b55f
----------------- Done invoking toplevel() on ptolemy.moml.MoMLSimpleApplication@3c2b55f
reloadAllAccessors: .MatrixSplit6

===========================================================================================
----------------- testing Thu Oct 15 16:23:28 UTC 2020 /home/travis/build/icyphy/ptII/ptolemy/domains/sdf/lib/test/auto/MatrixSplit7.xml
----------------- Instantiating /home/travis/build/icyphy/ptII/ptolemy/domains/sdf/lib/test/auto/MatrixSplit7.xml
1 ms. Memory: 155648K Free: 71012K (46%)
----------------- Invoking toplevel() on ptolemy.moml.MoMLSimpleApplication@2cf98444
----------------- Done invoking toplevel() on ptolemy.moml.MoMLSimpleApplication@2cf98444
reloadAllAccessors: .MatrixSplit7

===========================================================================================
----------------- testing Thu Oct 15 16:23:28 UTC 2020 /home/travis/build/icyphy/ptII/ptolemy/domains/sdf/lib/test/auto/MatrixSplit8.xml
----------------- Instantiating /home/travis/build/icyphy/ptII/ptolemy/domains/sdf/lib/test/auto/MatrixSplit8.xml
2 ms. Memory: 155648K Free: 67426K (43%)
----------------- Invoking toplevel() on ptolemy.moml.MoMLSimpleApplication@4f7b18b2
----------------- Done invoking toplevel() on ptolemy.moml.MoMLSimpleApplication@4f7b18b2
reloadAllAccessors: .MatrixSplit8

===========================================================================================
----------------- testing Thu Oct 15 16:23:28 UTC 2020 /home/travis/build/icyphy/ptII/ptolemy/domains/sdf/lib/test/auto/MatrixSplit9.xml
----------------- Instantiating /home/travis/build/icyphy/ptII/ptolemy/domains/sdf/lib/test/auto/MatrixSplit9.xml
4 ms. Memory: 155648K Free: 63844K (41%)
----------------- Invoking toplevel() on ptolemy.moml.MoMLSimpleApplication@5f8fd097
----------------- Done invoking toplevel() on ptolemy.moml.MoMLSimpleApplication@5f8fd097
reloadAllAccessors: .MatrixSplit9

===========================================================================================
----------------- testing Thu Oct 15 16:23:28 UTC 2020 /home/travis/build/icyphy/ptII/ptolemy/domains/sdf/lib/test/auto/MatrixToSequence.xml
----------------- Instantiating /home/travis/build/icyphy/ptII/ptolemy/domains/sdf/lib/test/auto/MatrixToSequence.xml
13 ms. Memory: 155648K Free: 136179K (87%)
----------------- Invoking toplevel() on ptolemy.moml.MoMLSimpleApplication@6f8b1356
----------------- Done invoking toplevel() on ptolemy.moml.MoMLSimpleApplication@6f8b1356
reloadAllAccessors: .MatrixToSequence

===========================================================================================
----------------- testing Thu Oct 15 16:23:28 UTC 2020 /home/travis/build/icyphy/ptII/ptolemy/domains/sdf/lib/test/auto/MaximumEntropySpectrum.xml
----------------- Instantiating /home/travis/build/icyphy/ptII/ptolemy/domains/sdf/lib/test/auto/MaximumEntropySpectrum.xml
15 ms. Memory: 155648K Free: 115187K (74%)
----------------- Invoking toplevel() on ptolemy.moml.MoMLSimpleApplication@4b9b3364
----------------- Done invoking toplevel() on ptolemy.moml.MoMLSimpleApplication@4b9b3364
reloadAllAccessors: .MaximumEntropySpectrum

===========================================================================================
----------------- testing Thu Oct 15 16:23:28 UTC 2020 /home/travis/build/icyphy/ptII/ptolemy/domains/sdf/lib/test/auto/SampleDelayConversion.xml
----------------- Instantiating /home/travis/build/icyphy/ptII/ptolemy/domains/sdf/lib/test/auto/SampleDelayConversion.xml
1 ms. Memory: 155648K Free: 111605K (72%)
----------------- Invoking toplevel() on ptolemy.moml.MoMLSimpleApplication@4333f8db
----------------- Done invoking toplevel() on ptolemy.moml.MoMLSimpleApplication@4333f8db
reloadAllAccessors: .SampleDelayConversion

===========================================================================================
----------------- testing Thu Oct 15 16:23:28 UTC 2020 /home/travis/build/icyphy/ptII/ptolemy/domains/sdf/lib/test/auto/SequenceToArray.xml
----------------- Instantiating /home/travis/build/icyphy/ptII/ptolemy/domains/sdf/lib/test/auto/SequenceToArray.xml
10 ms. Memory: 155648K Free: 100820K (65%)
----------------- Invoking toplevel() on ptolemy.moml.MoMLSimpleApplication@63170bed
----------------- Done invoking toplevel() on ptolemy.moml.MoMLSimpleApplication@63170bed
reloadAllAccessors: .SequenceToArray

===========================================================================================
----------------- testing Thu Oct 15 16:23:28 UTC 2020 /home/travis/build/icyphy/ptII/ptolemy/domains/sdf/lib/test/auto/SequenceToMatrix.xml
----------------- Instantiating /home/travis/build/icyphy/ptII/ptolemy/domains/sdf/lib/test/auto/SequenceToMatrix.xml
3319 ms. Memory: 187392K Free: 70774K (38%)
----------------- Invoking toplevel() on ptolemy.moml.MoMLSimpleApplication@522fc34d
----------------- Done invoking toplevel() on ptolemy.moml.MoMLSimpleApplication@522fc34d
reloadAllAccessors: .SequenceToMatrix

===========================================================================================
----------------- testing Thu Oct 15 16:23:32 UTC 2020 /home/travis/build/icyphy/ptII/ptolemy/domains/sdf/lib/test/auto/SmoothedPeriodogram.xml
----------------- Instantiating /home/travis/build/icyphy/ptII/ptolemy/domains/sdf/lib/test/auto/SmoothedPeriodogram.xml
13 ms. Memory: 187392K Free: 162931K (87%)
----------------- Invoking toplevel() on ptolemy.moml.MoMLSimpleApplication@535f7d79
----------------- Done invoking toplevel() on ptolemy.moml.MoMLSimpleApplication@535f7d79
reloadAllAccessors: .SmoothedPeriodogram

===========================================================================================
----------------- testing Thu Oct 15 16:23:32 UTC 2020 /home/travis/build/icyphy/ptII/ptolemy/domains/sdf/lib/test/auto/UpDownSample1.xml
----------------- Instantiating /home/travis/build/icyphy/ptII/ptolemy/domains/sdf/lib/test/auto/UpDownSample1.xml
2 ms. Memory: 187392K Free: 158835K (85%)
----------------- Invoking toplevel() on ptolemy.moml.MoMLSimpleApplication@15619c22
----------------- Done invoking toplevel() on ptolemy.moml.MoMLSimpleApplication@15619c22
reloadAllAccessors: .UpDownSample1

===========================================================================================
----------------- testing Thu Oct 15 16:23:32 UTC 2020 /home/travis/build/icyphy/ptII/ptolemy/domains/sdf/lib/test/auto/UpSample1.xml
----------------- Instantiating /home/travis/build/icyphy/ptII/ptolemy/domains/sdf/lib/test/auto/UpSample1.xml
2 ms. Memory: 187392K Free: 155249K (83%)
----------------- Invoking toplevel() on ptolemy.moml.MoMLSimpleApplication@310b72c5
----------------- Done invoking toplevel() on ptolemy.moml.MoMLSimpleApplication@310b72c5
reloadAllAccessors: .UpSample1

===========================================================================================
----------------- testing Thu Oct 15 16:23:32 UTC 2020 /home/travis/build/icyphy/ptII/ptolemy/domains/sdf/lib/test/auto/VariableFIR.xml
----------------- Instantiating /home/travis/build/icyphy/ptII/ptolemy/domains/sdf/lib/test/auto/VariableFIR.xml
3 ms. Memory: 187392K Free: 149619K (80%)
----------------- Invoking toplevel() on ptolemy.moml.MoMLSimpleApplication@3e4098a
----------------- Done invoking toplevel() on ptolemy.moml.MoMLSimpleApplication@3e4098a
reloadAllAccessors: .VariableFIR

===========================================================================================
----------------- testing Thu Oct 15 16:23:32 UTC 2020 /home/travis/build/icyphy/ptII/ptolemy/domains/sdf/lib/test/auto/VariableFIR2.xml
----------------- Instantiating /home/travis/build/icyphy/ptII/ptolemy/domains/sdf/lib/test/auto/VariableFIR2.xml
8 ms. Memory: 187392K Free: 144499K (77%)
----------------- Invoking toplevel() on ptolemy.moml.MoMLSimpleApplication@2f2f6011
----------------- Done invoking toplevel() on ptolemy.moml.MoMLSimpleApplication@2f2f6011
reloadAllAccessors: .VariableFIR2

===========================================================================================
----------------- testing Thu Oct 15 16:23:32 UTC 2020 /home/travis/build/icyphy/ptII/ptolemy/domains/sdf/lib/test/auto/VariableLattice.xml
----------------- Instantiating /home/travis/build/icyphy/ptII/ptolemy/domains/sdf/lib/test/auto/VariableLattice.xml
4 ms. Memory: 187392K Free: 137841K (74%)
----------------- Invoking toplevel() on ptolemy.moml.MoMLSimpleApplication@72d27c12
----------------- Done invoking toplevel() on ptolemy.moml.MoMLSimpleApplication@72d27c12
reloadAllAccessors: .VariableLattice

===========================================================================================
----------------- testing Thu Oct 15 16:23:32 UTC 2020 /home/travis/build/icyphy/ptII/ptolemy/domains/sdf/lib/test/auto/VariableLattice2.xml
----------------- Instantiating /home/travis/build/icyphy/ptII/ptolemy/domains/sdf/lib/test/auto/VariableLattice2.xml
1.0
-1.999999602036
1.9099998677481
-0.9099996420674
0.205
0.0
0.0
1.0
-0.25
-0.5
0.0
0.0
0.0
0.0
6 ms. Memory: 187392K Free: 133235K (71%)
----------------- Invoking toplevel() on ptolemy.moml.MoMLSimpleApplication@38346ce9
----------------- Done invoking toplevel() on ptolemy.moml.MoMLSimpleApplication@38346ce9
reloadAllAccessors: .VariableLattice2

===========================================================================================
----------------- testing Thu Oct 15 16:23:32 UTC 2020 /home/travis/build/icyphy/ptII/ptolemy/domains/sdf/lib/test/auto/VariableRecursiveLattice.xml
----------------- Instantiating /home/travis/build/icyphy/ptII/ptolemy/domains/sdf/lib/test/auto/VariableRecursiveLattice.xml
4 ms. Memory: 187392K Free: 128625K (69%)
----------------- Invoking toplevel() on ptolemy.moml.MoMLSimpleApplication@2eab2f13
----------------- Done invoking toplevel() on ptolemy.moml.MoMLSimpleApplication@2eab2f13
reloadAllAccessors: .VariableRecursiveLattice

===========================================================================================
----------------- testing Thu Oct 15 16:23:32 UTC 2020 /home/travis/build/icyphy/ptII/ptolemy/domains/sdf/lib/test/auto/VariableRecursiveLattice2.xml
----------------- Instantiating /home/travis/build/icyphy/ptII/ptolemy/domains/sdf/lib/test/auto/VariableRecursiveLattice2.xml
2 ms. Memory: 187392K Free: 124529K (66%)
----------------- Invoking toplevel() on ptolemy.moml.MoMLSimpleApplication@5607cdeb
----------------- Done invoking toplevel() on ptolemy.moml.MoMLSimpleApplication@5607cdeb
reloadAllAccessors: .VariableRecursiveLattice2
AutoTests.java: About to close Vertx.
AutoTests.java: Vertx closed.
]]></system-out>
  <system-err><![CDATA[]]></system-err>
</testsuite>
