<?xml version="1.0" encoding="UTF-8" ?>
<testsuite errors="0" failures="0" hostname="travis-job-8dce3c99-8fa5-4334-b007-8fc0f2891a79" name="ptolemy.domains.sdf.test.junit.JUnitTclTest" skipped="0" tests="66" time="19.274" timestamp="2018-09-13T02:13:13">
  <properties>
[...]
</properties>
  <testcase classname="ptolemy.util.test.junit.TclTests" name="[0] /home/travis/build/icyphy/ptII/ptolemy/domains/sdf/test/SDFSchedulerErrors.tcl (RunTclFile)" time="0.706" />
  <testcase classname="ptolemy.util.test.junit.TclTests" name="[1] /home/travis/build/icyphy/ptII/ptolemy/domains/sdf/test/composition.tcl (RunTclFile)" time="0.176" />
  <testcase classname="ptolemy.util.test.junit.TclTests" name="[2] /home/travis/build/icyphy/ptII/ptolemy/domains/sdf/test/cycle.tcl (RunTclFile)" time="0.045" />
  <testcase classname="ptolemy.util.test.junit.AutoKnownFailedTests" name="[0] ThereAreNoKnowFailedTests (RunModel)" time="0.0" />
  <testcase classname="ptolemy.util.test.junit.AutoNameArchTests" name="[0] ThereAreNoAutoArchTests (RunModel)" time="0.0" />
  <testcase classname="ptolemy.util.test.junit.AutoTests" name="[0] /home/travis/build/icyphy/ptII/ptolemy/domains/sdf/test/auto/Array.xml (RunModel)" time="0.149" />
  <testcase classname="ptolemy.util.test.junit.AutoTests" name="[1] /home/travis/build/icyphy/ptII/ptolemy/domains/sdf/test/auto/Butterfly.xml (RunModel)" time="0.164" />
  <testcase classname="ptolemy.util.test.junit.AutoTests" name="[2] /home/travis/build/icyphy/ptII/ptolemy/domains/sdf/test/auto/Expression.xml (RunModel)" time="0.116" />
  <testcase classname="ptolemy.util.test.junit.AutoTests" name="[3] /home/travis/build/icyphy/ptII/ptolemy/domains/sdf/test/auto/Eye.xml (RunModel)" time="0.314" />
  <testcase classname="ptolemy.util.test.junit.AutoTests" name="[4] /home/travis/build/icyphy/ptII/ptolemy/domains/sdf/test/auto/FixFIR.xml (RunModel)" time="0.359" />
  <testcase classname="ptolemy.util.test.junit.AutoTests" name="[5] /home/travis/build/icyphy/ptII/ptolemy/domains/sdf/test/auto/FixPoint.xml (RunModel)" time="0.048" />
  <testcase classname="ptolemy.util.test.junit.AutoTests" name="[6] /home/travis/build/icyphy/ptII/ptolemy/domains/sdf/test/auto/Gravitation.xml (RunModel)" time="3.287" />
  <testcase classname="ptolemy.util.test.junit.AutoTests" name="[7] /home/travis/build/icyphy/ptII/ptolemy/domains/sdf/test/auto/GravitationWithCollisionDetection.xml (RunModel)" time="5.789" />
  <testcase classname="ptolemy.util.test.junit.AutoTests" name="[8] /home/travis/build/icyphy/ptII/ptolemy/domains/sdf/test/auto/HDF.xml (RunModel)" time="0.104" />
  <testcase classname="ptolemy.util.test.junit.AutoTests" name="[9] /home/travis/build/icyphy/ptII/ptolemy/domains/sdf/test/auto/HDFwithTransientStates.xml (RunModel)" time="0.101" />
  <testcase classname="ptolemy.util.test.junit.AutoTests" name="[10] /home/travis/build/icyphy/ptII/ptolemy/domains/sdf/test/auto/HTVQ.xml (RunModel)" time="0.821" />
  <testcase classname="ptolemy.util.test.junit.AutoTests" name="[11] /home/travis/build/icyphy/ptII/ptolemy/domains/sdf/test/auto/InferInitProduction.xml (RunModel)" time="0.024" />
  <testcase classname="ptolemy.util.test.junit.AutoTests" name="[12] /home/travis/build/icyphy/ptII/ptolemy/domains/sdf/test/auto/InferInitProductionDeeper.xml (RunModel)" time="0.03" />
  <testcase classname="ptolemy.util.test.junit.AutoTests" name="[13] /home/travis/build/icyphy/ptII/ptolemy/domains/sdf/test/auto/LMSAdaptive.xml (RunModel)" time="0.086" />
  <testcase classname="ptolemy.util.test.junit.AutoTests" name="[14] /home/travis/build/icyphy/ptII/ptolemy/domains/sdf/test/auto/LogisticMap.xml (RunModel)" time="0.474" />
  <testcase classname="ptolemy.util.test.junit.AutoTests" name="[15] /home/travis/build/icyphy/ptII/ptolemy/domains/sdf/test/auto/MaximumEntropySpectrum.xml (RunModel)" time="0.227" />
  <testcase classname="ptolemy.util.test.junit.AutoTests" name="[16] /home/travis/build/icyphy/ptII/ptolemy/domains/sdf/test/auto/MultirateSDF.xml (RunModel)" time="0.055" />
  <testcase classname="ptolemy.util.test.junit.AutoTests" name="[17] /home/travis/build/icyphy/ptII/ptolemy/domains/sdf/test/auto/MultirateSDFwithTransientStates.xml (RunModel)" time="0.079" />
  <testcase classname="ptolemy.util.test.junit.AutoTests" name="[18] /home/travis/build/icyphy/ptII/ptolemy/domains/sdf/test/auto/NoisySinewave.xml (RunModel)" time="0.058" />
  <testcase classname="ptolemy.util.test.junit.AutoTests" name="[19] /home/travis/build/icyphy/ptII/ptolemy/domains/sdf/test/auto/Objects.xml (RunModel)" time="0.052" />
  <testcase classname="ptolemy.util.test.junit.AutoTests" name="[20] /home/travis/build/icyphy/ptII/ptolemy/domains/sdf/test/auto/OrthogonalCom.xml (RunModel)" time="0.04" />
  <testcase classname="ptolemy.util.test.junit.AutoTests" name="[21] /home/travis/build/icyphy/ptII/ptolemy/domains/sdf/test/auto/RijndaelEncryption.xml (RunModel)" time="0.516" />
  <testcase classname="ptolemy.util.test.junit.AutoTests" name="[22] /home/travis/build/icyphy/ptII/ptolemy/domains/sdf/test/auto/SDFEmptyIterations.xml (RunModel)" time="0.014" />
  <testcase classname="ptolemy.util.test.junit.AutoTests" name="[23] /home/travis/build/icyphy/ptII/ptolemy/domains/sdf/test/auto/Spectrum.xml (RunModel)" time="0.07" />
  <testcase classname="ptolemy.util.test.junit.AutoTests" name="[24] /home/travis/build/icyphy/ptII/ptolemy/domains/sdf/test/auto/de_inside_sdf.xml (RunModel)" time="0.025" />
  <testcase classname="ptolemy.util.test.junit.AutoTests" name="[25] /home/travis/build/icyphy/ptII/ptolemy/domains/sdf/test/auto/disconnectedHierarchicalSDF.xml (RunModel)" time="0.024" />
  <testcase classname="ptolemy.util.test.junit.AutoTests" name="[26] /home/travis/build/icyphy/ptII/ptolemy/domains/sdf/test/auto/disconnectedSDF.xml (RunModel)" time="0.024" />
  <testcase classname="ptolemy.util.test.junit.AutoTests" name="[27] /home/travis/build/icyphy/ptII/ptolemy/domains/sdf/test/auto/emptyRefinement.xml (RunModel)" time="0.019" />
  <testcase classname="ptolemy.util.test.junit.AutoTests" name="[28] /home/travis/build/icyphy/ptII/ptolemy/domains/sdf/test/auto/filePortParameter.xml (RunModel)" time="0.041" />
  <testcase classname="ptolemy.util.test.junit.AutoTests" name="[29] /home/travis/build/icyphy/ptII/ptolemy/domains/sdf/test/auto/inferRelationWidth1.xml (RunModel)" time="0.018" />
  <testcase classname="ptolemy.util.test.junit.AutoTests" name="[30] /home/travis/build/icyphy/ptII/ptolemy/domains/sdf/test/auto/initProductionInference.xml (RunModel)" time="0.022" />
  <testcase classname="ptolemy.util.test.junit.AutoTests" name="[31] /home/travis/build/icyphy/ptII/ptolemy/domains/sdf/test/auto/relationGroup.xml (RunModel)" time="0.017" />
  <testcase classname="ptolemy.util.test.junit.AutoTests" name="[32] /home/travis/build/icyphy/ptII/ptolemy/domains/sdf/test/auto/relationGroup10.xml (RunModel)" time="0.021" />
  <testcase classname="ptolemy.util.test.junit.AutoTests" name="[33] /home/travis/build/icyphy/ptII/ptolemy/domains/sdf/test/auto/relationGroup11.xml (RunModel)" time="0.014" />
  <testcase classname="ptolemy.util.test.junit.AutoTests" name="[34] /home/travis/build/icyphy/ptII/ptolemy/domains/sdf/test/auto/relationGroup12.xml (RunModel)" time="0.014" />
  <testcase classname="ptolemy.util.test.junit.AutoTests" name="[35] /home/travis/build/icyphy/ptII/ptolemy/domains/sdf/test/auto/relationGroup13.xml (RunModel)" time="0.026" />
  <testcase classname="ptolemy.util.test.junit.AutoTests" name="[36] /home/travis/build/icyphy/ptII/ptolemy/domains/sdf/test/auto/relationGroup14.xml (RunModel)" time="0.02" />
  <testcase classname="ptolemy.util.test.junit.AutoTests" name="[37] /home/travis/build/icyphy/ptII/ptolemy/domains/sdf/test/auto/relationGroup15.xml (RunModel)" time="0.011" />
  <testcase classname="ptolemy.util.test.junit.AutoTests" name="[38] /home/travis/build/icyphy/ptII/ptolemy/domains/sdf/test/auto/relationGroup2.xml (RunModel)" time="0.023" />
  <testcase classname="ptolemy.util.test.junit.AutoTests" name="[39] /home/travis/build/icyphy/ptII/ptolemy/domains/sdf/test/auto/relationGroup3.xml (RunModel)" time="0.018" />
  <testcase classname="ptolemy.util.test.junit.AutoTests" name="[40] /home/travis/build/icyphy/ptII/ptolemy/domains/sdf/test/auto/relationGroup4.xml (RunModel)" time="0.021" />
  <testcase classname="ptolemy.util.test.junit.AutoTests" name="[41] /home/travis/build/icyphy/ptII/ptolemy/domains/sdf/test/auto/relationGroup5.xml (RunModel)" time="0.024" />
  <testcase classname="ptolemy.util.test.junit.AutoTests" name="[42] /home/travis/build/icyphy/ptII/ptolemy/domains/sdf/test/auto/relationGroup6.xml (RunModel)" time="0.024" />
  <testcase classname="ptolemy.util.test.junit.AutoTests" name="[43] /home/travis/build/icyphy/ptII/ptolemy/domains/sdf/test/auto/relationGroup7.xml (RunModel)" time="0.014" />
  <testcase classname="ptolemy.util.test.junit.AutoTests" name="[44] /home/travis/build/icyphy/ptII/ptolemy/domains/sdf/test/auto/relationGroup8.xml (RunModel)" time="0.02" />
  <testcase classname="ptolemy.util.test.junit.AutoTests" name="[45] /home/travis/build/icyphy/ptII/ptolemy/domains/sdf/test/auto/relationGroup9.xml (RunModel)" time="0.024" />
  <testcase classname="ptolemy.util.test.junit.AutoTests" name="[46] /home/travis/build/icyphy/ptII/ptolemy/domains/sdf/test/auto/sdf_inside_de.xml (RunModel)" time="0.035" />
  <testcase classname="ptolemy.util.test.junit.AutoTests" name="[47] /home/travis/build/icyphy/ptII/ptolemy/domains/sdf/test/auto/sdf_inside_pn.xml (RunModel)" time="0.064" />
  <testcase classname="ptolemy.util.test.junit.AutoTests" name="[48] /home/travis/build/icyphy/ptII/ptolemy/domains/sdf/test/auto/sdf_sdf1.xml (RunModel)" time="0.023" />
  <testcase classname="ptolemy.util.test.junit.AutoTests" name="[49] /home/travis/build/icyphy/ptII/ptolemy/domains/sdf/test/auto/test1.xml (RunModel)" time="0.014" />
  <testcase classname="ptolemy.util.test.junit.AutoTests" name="[50] /home/travis/build/icyphy/ptII/ptolemy/domains/sdf/test/auto/time1.xml (RunModel)" time="0.008" />
  <testcase classname="ptolemy.util.test.junit.AutoTests" name="[51] /home/travis/build/icyphy/ptII/ptolemy/domains/sdf/test/auto/time2.xml (RunModel)" time="0.01" />
  <testcase classname="ptolemy.util.test.junit.AutoTests" name="[52] /home/travis/build/icyphy/ptII/ptolemy/domains/sdf/test/auto/time3.xml (RunModel)" time="0.033" />
  <testcase classname="ptolemy.util.test.junit.AutoTests" name="[53] /home/travis/build/icyphy/ptII/ptolemy/domains/sdf/test/auto/time4.xml (RunModel)" time="0.019" />
  <testcase classname="ptolemy.util.test.junit.AutoTests" name="[54] /home/travis/build/icyphy/ptII/ptolemy/domains/sdf/test/auto/time5.xml (RunModel)" time="4.009" />
  <testcase classname="ptolemy.util.test.junit.AutoTests" name="[55] /home/travis/build/icyphy/ptII/ptolemy/domains/sdf/test/auto/typeSystem_Const_Integer_smallest_Type.xml (RunModel)" time="0.034" />
  <testcase classname="ptolemy.util.test.junit.AutoTests" name="[56] /home/travis/build/icyphy/ptII/ptolemy/domains/sdf/test/auto/typeSystem_declared_Inports_OutportTypeException.xml (RunModel)" time="0.035" />
  <testcase classname="ptolemy.util.test.junit.AutoTests" name="[57] /home/travis/build/icyphy/ptII/ptolemy/domains/sdf/test/auto/typeSystem_oneDeclaredInportType_wrongTypeOutport.xml (RunModel)" time="0.017" />
  <testcase classname="ptolemy.util.test.junit.AutoTests" name="[58] /home/travis/build/icyphy/ptII/ptolemy/domains/sdf/test/auto/width.xml (RunModel)" time="0.011" />
  <testcase classname="ptolemy.util.test.junit.AutoTests" name="[59] /home/travis/build/icyphy/ptII/ptolemy/domains/sdf/test/auto/width2.xml (RunModel)" time="0.038" />
  <testcase classname="ptolemy.util.test.junit.AutoTests" name="[60] /home/travis/build/icyphy/ptII/ptolemy/domains/sdf/test/auto/width3.xml (RunModel)" time="0.04" />
  <system-out><![CDATA[/home/travis/build/icyphy/ptII/ptolemy/domains/sdf/test/SDFSchedulerErrors.tcl
testDefs.tcl: setting time out to 9000 seconds at Thu Sep 13 02:13:13 UTC 2018
24 ms. Memory: 116224K Free: 105555K (91%)
10 ms. Memory: 116224K Free: 98452K (85%)
5 ms. Memory: 116224K Free: 91454K (79%)
7 ms. Memory: 116224K Free: 88390K (76%)
/home/travis/build/icyphy/ptII/ptolemy/domains/sdf/test/composition.tcl
49 ms. Memory: 116224K Free: 84736K (73%)
7 ms. Memory: 116224K Free: 82950K (71%)
/home/travis/build/icyphy/ptII/ptolemy/domains/sdf/test/cycle.tcl
.Toplevel.Director Preinitializing ...
Invoking preinitialize():  .Toplevel.Actor1
Invoking preinitialize():  .Toplevel.Actor2
Invoking preinitialize():  .Toplevel.Delay
.Toplevel.Director Finished preinitialize().
### Schedule:
Execute Schedule{
Fire Actor ptolemy.domains.sdf.kernel.test.SDFTestDelay {.Toplevel.Actor1}
Fire Actor ptolemy.domains.sdf.kernel.test.SDFTestDelay {.Toplevel.Actor2}
Fire Actor ptolemy.domains.sdf.lib.SampleDelay {.Toplevel.Delay}
}
### End schedule
Called initialize().
Invoking initialize():  .Toplevel.Actor1
Initializing actor: .Toplevel.Actor1.
Invoking initialize():  .Toplevel.Actor2
Initializing actor: .Toplevel.Actor2.
Invoking initialize():  .Toplevel.Delay
Initializing actor: .Toplevel.Delay.
Director: Called prefire().
-- Setting current time to 0.0
Director prefire returns true.
The actor .Toplevel.Actor1 will be iterated.
The actor .Toplevel.Actor1 was iterated.
The actor .Toplevel.Actor2 will be iterated.
The actor .Toplevel.Actor2 was iterated.
The actor .Toplevel.Delay will be iterated.
The actor .Toplevel.Delay was iterated.
Director: Called postfire().
Postfire returns: true
Director: Called prefire().
-- Setting current time to 0.0
Director prefire returns true.
The actor .Toplevel.Actor1 will be iterated.
The actor .Toplevel.Actor1 was iterated.
The actor .Toplevel.Actor2 will be iterated.
The actor .Toplevel.Actor2 was iterated.
The actor .Toplevel.Delay will be iterated.
The actor .Toplevel.Delay was iterated.
Director: Called postfire().
Postfire returns: true
Director: Called prefire().
-- Setting current time to 0.0
Director prefire returns true.
The actor .Toplevel.Actor1 will be iterated.
The actor .Toplevel.Actor1 was iterated.
The actor .Toplevel.Actor2 will be iterated.
The actor .Toplevel.Actor2 was iterated.
The actor .Toplevel.Delay will be iterated.
The actor .Toplevel.Delay was iterated.
Director: Called postfire().
Postfire returns: true
Director: Called prefire().
-- Setting current time to 0.0
Director prefire returns true.
The actor .Toplevel.Actor1 will be iterated.
The actor .Toplevel.Actor1 was iterated.
The actor .Toplevel.Actor2 will be iterated.
The actor .Toplevel.Actor2 was iterated.
The actor .Toplevel.Delay will be iterated.
The actor .Toplevel.Delay was iterated.
Director: Called postfire().
Postfire returns: true
Director: Called prefire().
-- Setting current time to 0.0
Director prefire returns true.
The actor .Toplevel.Actor1 will be iterated.
The actor .Toplevel.Actor1 was iterated.
The actor .Toplevel.Actor2 will be iterated.
The actor .Toplevel.Actor2 was iterated.
The actor .Toplevel.Delay will be iterated.
The actor .Toplevel.Delay was iterated.
Director: Called postfire().
Postfire returns: true
Director: Called prefire().
-- Setting current time to 0.0
Director prefire returns true.
The actor .Toplevel.Actor1 will be iterated.
The actor .Toplevel.Actor1 was iterated.
The actor .Toplevel.Actor2 will be iterated.
The actor .Toplevel.Actor2 was iterated.
The actor .Toplevel.Delay will be iterated.
The actor .Toplevel.Delay was iterated.
Reached specified number of iterations: 6
Director: Called wrapup().
15 ms. Memory: 146944K Free: 141105K (96%)
09/13/18 02:13:14
Failed: 0  Total Tests: 8  ((Passed: 8, Newly Passed: 0)  Known Failed: 0) /home/travis/build/icyphy/ptII/ptolemy/domains/sdf/test
No auto/knownFailedTests/*.xml tests in /home/travis/build/icyphy/ptII/ptolemy/domains/sdf/test
No auto/linux-amd64/*.xml tests in /home/travis/build/icyphy/ptII/ptolemy/domains/sdf/test
AutoTests.java: About to close Vertx.
AutoTests.java: Vertx closed.

===========================================================================================
----------------- testing Thu Sep 13 02:13:15 UTC 2018 /home/travis/build/icyphy/ptII/ptolemy/domains/sdf/test/auto/Array.xml
----------------- Instantiating /home/travis/build/icyphy/ptII/ptolemy/domains/sdf/test/auto/Array.xml
27 ms. Memory: 146944K Free: 101015K (69%)
----------------- Invoking toplevel() on ptolemy.moml.MoMLSimpleApplication@62c897d
----------------- Done invoking toplevel() on ptolemy.moml.MoMLSimpleApplication@62c897d
reloadAllAccessors: .Array

===========================================================================================
----------------- testing Thu Sep 13 02:13:15 UTC 2018 /home/travis/build/icyphy/ptII/ptolemy/domains/sdf/test/auto/Butterfly.xml
----------------- Instantiating /home/travis/build/icyphy/ptII/ptolemy/domains/sdf/test/auto/Butterfly.xml
108 ms. Memory: 146944K Free: 95428K (65%)
----------------- Invoking toplevel() on ptolemy.moml.MoMLSimpleApplication@8ba4600
----------------- Done invoking toplevel() on ptolemy.moml.MoMLSimpleApplication@8ba4600
reloadAllAccessors: .Butterfly

===========================================================================================
----------------- testing Thu Sep 13 02:13:15 UTC 2018 /home/travis/build/icyphy/ptII/ptolemy/domains/sdf/test/auto/Expression.xml
----------------- Instantiating /home/travis/build/icyphy/ptII/ptolemy/domains/sdf/test/auto/Expression.xml
52 ms. Memory: 146944K Free: 89366K (61%)
----------------- Invoking toplevel() on ptolemy.moml.MoMLSimpleApplication@6dbb82ee
----------------- Done invoking toplevel() on ptolemy.moml.MoMLSimpleApplication@6dbb82ee
reloadAllAccessors: .Expression

===========================================================================================
----------------- testing Thu Sep 13 02:13:15 UTC 2018 /home/travis/build/icyphy/ptII/ptolemy/domains/sdf/test/auto/Eye.xml
----------------- Instantiating /home/travis/build/icyphy/ptII/ptolemy/domains/sdf/test/auto/Eye.xml
210 ms. Memory: 146944K Free: 120153K (82%)
----------------- Invoking toplevel() on ptolemy.moml.MoMLSimpleApplication@33a5a0de
----------------- Done invoking toplevel() on ptolemy.moml.MoMLSimpleApplication@33a5a0de
reloadAllAccessors: .Eye

===========================================================================================
----------------- testing Thu Sep 13 02:13:15 UTC 2018 /home/travis/build/icyphy/ptII/ptolemy/domains/sdf/test/auto/FixFIR.xml
----------------- Instantiating /home/travis/build/icyphy/ptII/ptolemy/domains/sdf/test/auto/FixFIR.xml
167 ms. Memory: 146944K Free: 83887K (57%)
----------------- Invoking toplevel() on ptolemy.moml.MoMLSimpleApplication@37787d41
----------------- Done invoking toplevel() on ptolemy.moml.MoMLSimpleApplication@37787d41
reloadAllAccessors: .FixFIR

===========================================================================================
----------------- testing Thu Sep 13 02:13:16 UTC 2018 /home/travis/build/icyphy/ptII/ptolemy/domains/sdf/test/auto/FixPoint.xml
----------------- Instantiating /home/travis/build/icyphy/ptII/ptolemy/domains/sdf/test/auto/FixPoint.xml
14 ms. Memory: 146944K Free: 79261K (54%)
----------------- Invoking toplevel() on ptolemy.moml.MoMLSimpleApplication@47b9ae7d
----------------- Done invoking toplevel() on ptolemy.moml.MoMLSimpleApplication@47b9ae7d
reloadAllAccessors: .FixPoint

===========================================================================================
----------------- testing Thu Sep 13 02:13:16 UTC 2018 /home/travis/build/icyphy/ptII/ptolemy/domains/sdf/test/auto/Gravitation.xml
----------------- Instantiating /home/travis/build/icyphy/ptII/ptolemy/domains/sdf/test/auto/Gravitation.xml
3160 ms. Memory: 208384K Free: 104951K (50%)
----------------- Invoking toplevel() on ptolemy.moml.MoMLSimpleApplication@7c1a322a
----------------- Done invoking toplevel() on ptolemy.moml.MoMLSimpleApplication@7c1a322a
reloadAllAccessors: .Gravitation

===========================================================================================
----------------- testing Thu Sep 13 02:13:19 UTC 2018 /home/travis/build/icyphy/ptII/ptolemy/domains/sdf/test/auto/GravitationWithCollisionDetection.xml
----------------- Instantiating /home/travis/build/icyphy/ptII/ptolemy/domains/sdf/test/auto/GravitationWithCollisionDetection.xml
5578 ms. Memory: 873984K Free: 329652K (38%)
----------------- Invoking toplevel() on ptolemy.moml.MoMLSimpleApplication@1f314f13
----------------- Done invoking toplevel() on ptolemy.moml.MoMLSimpleApplication@1f314f13
reloadAllAccessors: .GravitationWithCollisionDetection

===========================================================================================
----------------- testing Thu Sep 13 02:13:25 UTC 2018 /home/travis/build/icyphy/ptII/ptolemy/domains/sdf/test/auto/HDF.xml
----------------- Instantiating /home/travis/build/icyphy/ptII/ptolemy/domains/sdf/test/auto/HDF.xml
29 ms. Memory: 873984K Free: 296507K (34%)
----------------- Invoking toplevel() on ptolemy.moml.MoMLSimpleApplication@170d15cd
----------------- Done invoking toplevel() on ptolemy.moml.MoMLSimpleApplication@170d15cd
reloadAllAccessors: .HDF

===========================================================================================
----------------- testing Thu Sep 13 02:13:25 UTC 2018 /home/travis/build/icyphy/ptII/ptolemy/domains/sdf/test/auto/HDFwithTransientStates.xml
----------------- Instantiating /home/travis/build/icyphy/ptII/ptolemy/domains/sdf/test/auto/HDFwithTransientStates.xml
31 ms. Memory: 873984K Free: 272913K (31%)
----------------- Invoking toplevel() on ptolemy.moml.MoMLSimpleApplication@4eab130d
----------------- Done invoking toplevel() on ptolemy.moml.MoMLSimpleApplication@4eab130d
reloadAllAccessors: .HDFwithTransientStates

===========================================================================================
----------------- testing Thu Sep 13 02:13:25 UTC 2018 /home/travis/build/icyphy/ptII/ptolemy/domains/sdf/test/auto/HTVQ.xml
----------------- Instantiating /home/travis/build/icyphy/ptII/ptolemy/domains/sdf/test/auto/HTVQ.xml
782 ms. Memory: 873984K Free: 99895K (11%)
----------------- Invoking toplevel() on ptolemy.moml.MoMLSimpleApplication@46ab6693
----------------- Done invoking toplevel() on ptolemy.moml.MoMLSimpleApplication@46ab6693
reloadAllAccessors: .HTVQ

===========================================================================================
----------------- testing Thu Sep 13 02:13:26 UTC 2018 /home/travis/build/icyphy/ptII/ptolemy/domains/sdf/test/auto/InferInitProduction.xml
----------------- Instantiating /home/travis/build/icyphy/ptII/ptolemy/domains/sdf/test/auto/InferInitProduction.xml
4 ms. Memory: 873984K Free: 84176K (10%)
----------------- Invoking toplevel() on ptolemy.moml.MoMLSimpleApplication@798acbc0
----------------- Done invoking toplevel() on ptolemy.moml.MoMLSimpleApplication@798acbc0
reloadAllAccessors: .InferInitProduction

===========================================================================================
----------------- testing Thu Sep 13 02:13:26 UTC 2018 /home/travis/build/icyphy/ptII/ptolemy/domains/sdf/test/auto/InferInitProductionDeeper.xml
----------------- Instantiating /home/travis/build/icyphy/ptII/ptolemy/domains/sdf/test/auto/InferInitProductionDeeper.xml
11 ms. Memory: 874496K Free: 858727K (98%)
----------------- Invoking toplevel() on ptolemy.moml.MoMLSimpleApplication@6f4fae51
----------------- Done invoking toplevel() on ptolemy.moml.MoMLSimpleApplication@6f4fae51
reloadAllAccessors: .InferInitProductionDeeper

===========================================================================================
----------------- testing Thu Sep 13 02:13:26 UTC 2018 /home/travis/build/icyphy/ptII/ptolemy/domains/sdf/test/auto/LMSAdaptive.xml
----------------- Instantiating /home/travis/build/icyphy/ptII/ptolemy/domains/sdf/test/auto/LMSAdaptive.xml
8 ms. Memory: 874496K Free: 835664K (96%)
----------------- Invoking toplevel() on ptolemy.moml.MoMLSimpleApplication@47aa2d7
----------------- Done invoking toplevel() on ptolemy.moml.MoMLSimpleApplication@47aa2d7
reloadAllAccessors: .LMSAdaptive

===========================================================================================
----------------- testing Thu Sep 13 02:13:26 UTC 2018 /home/travis/build/icyphy/ptII/ptolemy/domains/sdf/test/auto/LogisticMap.xml
----------------- Instantiating /home/travis/build/icyphy/ptII/ptolemy/domains/sdf/test/auto/LogisticMap.xml
446 ms. Memory: 874496K Free: 825185K (94%)
----------------- Invoking toplevel() on ptolemy.moml.MoMLSimpleApplication@7b0effad
----------------- Done invoking toplevel() on ptolemy.moml.MoMLSimpleApplication@7b0effad
reloadAllAccessors: .LogisticMap

===========================================================================================
----------------- testing Thu Sep 13 02:13:26 UTC 2018 /home/travis/build/icyphy/ptII/ptolemy/domains/sdf/test/auto/MaximumEntropySpectrum.xml
----------------- Instantiating /home/travis/build/icyphy/ptII/ptolemy/domains/sdf/test/auto/MaximumEntropySpectrum.xml
53 ms. Memory: 874496K Free: 757000K (87%)
----------------- Invoking toplevel() on ptolemy.moml.MoMLSimpleApplication@7005ed9e
----------------- Done invoking toplevel() on ptolemy.moml.MoMLSimpleApplication@7005ed9e
reloadAllAccessors: .MaximumEntropySpectrum

===========================================================================================
----------------- testing Thu Sep 13 02:13:27 UTC 2018 /home/travis/build/icyphy/ptII/ptolemy/domains/sdf/test/auto/MultirateSDF.xml
----------------- Instantiating /home/travis/build/icyphy/ptII/ptolemy/domains/sdf/test/auto/MultirateSDF.xml
16 ms. Memory: 874496K Free: 736025K (84%)
----------------- Invoking toplevel() on ptolemy.moml.MoMLSimpleApplication@4ea69bf6
----------------- Done invoking toplevel() on ptolemy.moml.MoMLSimpleApplication@4ea69bf6
reloadAllAccessors: .MultirateSDF

===========================================================================================
----------------- testing Thu Sep 13 02:13:27 UTC 2018 /home/travis/build/icyphy/ptII/ptolemy/domains/sdf/test/auto/MultirateSDFwithTransientStates.xml
----------------- Instantiating /home/travis/build/icyphy/ptII/ptolemy/domains/sdf/test/auto/MultirateSDFwithTransientStates.xml
17 ms. Memory: 874496K Free: 715059K (82%)
----------------- Invoking toplevel() on ptolemy.moml.MoMLSimpleApplication@2ed14efe
----------------- Done invoking toplevel() on ptolemy.moml.MoMLSimpleApplication@2ed14efe
reloadAllAccessors: .MultirateSDFwithTransientStates

===========================================================================================
----------------- testing Thu Sep 13 02:13:27 UTC 2018 /home/travis/build/icyphy/ptII/ptolemy/domains/sdf/test/auto/NoisySinewave.xml
----------------- Instantiating /home/travis/build/icyphy/ptII/ptolemy/domains/sdf/test/auto/NoisySinewave.xml
11 ms. Memory: 874496K Free: 694093K (79%)
----------------- Invoking toplevel() on ptolemy.moml.MoMLSimpleApplication@673c5f2c
----------------- Done invoking toplevel() on ptolemy.moml.MoMLSimpleApplication@673c5f2c
reloadAllAccessors: .NoisySinewave

===========================================================================================
----------------- testing Thu Sep 13 02:13:27 UTC 2018 /home/travis/build/icyphy/ptII/ptolemy/domains/sdf/test/auto/Objects.xml
----------------- Instantiating /home/travis/build/icyphy/ptII/ptolemy/domains/sdf/test/auto/Objects.xml
3 ms. Memory: 874496K Free: 678374K (78%)
----------------- Invoking toplevel() on ptolemy.moml.MoMLSimpleApplication@5c4ef3ca
----------------- Done invoking toplevel() on ptolemy.moml.MoMLSimpleApplication@5c4ef3ca
reloadAllAccessors: .Objects

===========================================================================================
----------------- testing Thu Sep 13 02:13:27 UTC 2018 /home/travis/build/icyphy/ptII/ptolemy/domains/sdf/test/auto/OrthogonalCom.xml
----------------- Instantiating /home/travis/build/icyphy/ptII/ptolemy/domains/sdf/test/auto/OrthogonalCom.xml
5 ms. Memory: 874496K Free: 662640K (76%)
----------------- Invoking toplevel() on ptolemy.moml.MoMLSimpleApplication@38d0dd41
----------------- Done invoking toplevel() on ptolemy.moml.MoMLSimpleApplication@38d0dd41
reloadAllAccessors: .OrthogonalCom

===========================================================================================
----------------- testing Thu Sep 13 02:13:27 UTC 2018 /home/travis/build/icyphy/ptII/ptolemy/domains/sdf/test/auto/RijndaelEncryption.xml
----------------- Instantiating /home/travis/build/icyphy/ptII/ptolemy/domains/sdf/test/auto/RijndaelEncryption.xml
279 ms. Memory: 874496K Free: 500031K (57%)
----------------- Invoking toplevel() on ptolemy.moml.MoMLSimpleApplication@113a6d2
----------------- Done invoking toplevel() on ptolemy.moml.MoMLSimpleApplication@113a6d2
reloadAllAccessors: .RijndaelEncryption

===========================================================================================
----------------- testing Thu Sep 13 02:13:28 UTC 2018 /home/travis/build/icyphy/ptII/ptolemy/domains/sdf/test/auto/SDFEmptyIterations.xml
----------------- Instantiating /home/travis/build/icyphy/ptII/ptolemy/domains/sdf/test/auto/SDFEmptyIterations.xml
4 ms. Memory: 874496K Free: 486388K (56%)
----------------- Invoking toplevel() on ptolemy.moml.MoMLSimpleApplication@6b50bf47
----------------- Done invoking toplevel() on ptolemy.moml.MoMLSimpleApplication@6b50bf47
reloadAllAccessors: .SDFEmptyIterations

===========================================================================================
----------------- testing Thu Sep 13 02:13:28 UTC 2018 /home/travis/build/icyphy/ptII/ptolemy/domains/sdf/test/auto/Spectrum.xml
----------------- Instantiating /home/travis/build/icyphy/ptII/ptolemy/domains/sdf/test/auto/Spectrum.xml
33 ms. Memory: 874496K Free: 465430K (53%)
----------------- Invoking toplevel() on ptolemy.moml.MoMLSimpleApplication@3a831e89
----------------- Done invoking toplevel() on ptolemy.moml.MoMLSimpleApplication@3a831e89
reloadAllAccessors: .Spectrum

===========================================================================================
----------------- testing Thu Sep 13 02:13:28 UTC 2018 /home/travis/build/icyphy/ptII/ptolemy/domains/sdf/test/auto/de_inside_sdf.xml
----------------- Instantiating /home/travis/build/icyphy/ptII/ptolemy/domains/sdf/test/auto/de_inside_sdf.xml
7 ms. Memory: 874496K Free: 454951K (52%)
----------------- Invoking toplevel() on ptolemy.moml.MoMLSimpleApplication@4096a1c5
----------------- Done invoking toplevel() on ptolemy.moml.MoMLSimpleApplication@4096a1c5
reloadAllAccessors: .de_inside_sdf

===========================================================================================
----------------- testing Thu Sep 13 02:13:28 UTC 2018 /home/travis/build/icyphy/ptII/ptolemy/domains/sdf/test/auto/disconnectedHierarchicalSDF.xml
----------------- Instantiating /home/travis/build/icyphy/ptII/ptolemy/domains/sdf/test/auto/disconnectedHierarchicalSDF.xml
5 ms. Memory: 874496K Free: 444472K (51%)
----------------- Invoking toplevel() on ptolemy.moml.MoMLSimpleApplication@78965245
----------------- Done invoking toplevel() on ptolemy.moml.MoMLSimpleApplication@78965245
reloadAllAccessors: .disconnectedHierarchicalSDF

===========================================================================================
----------------- testing Thu Sep 13 02:13:28 UTC 2018 /home/travis/build/icyphy/ptII/ptolemy/domains/sdf/test/auto/disconnectedSDF.xml
----------------- Instantiating /home/travis/build/icyphy/ptII/ptolemy/domains/sdf/test/auto/disconnectedSDF.xml
2 ms. Memory: 874496K Free: 433993K (50%)
----------------- Invoking toplevel() on ptolemy.moml.MoMLSimpleApplication@7eb6e335
----------------- Done invoking toplevel() on ptolemy.moml.MoMLSimpleApplication@7eb6e335
reloadAllAccessors: .disconnectedSDF

===========================================================================================
----------------- testing Thu Sep 13 02:13:28 UTC 2018 /home/travis/build/icyphy/ptII/ptolemy/domains/sdf/test/auto/emptyRefinement.xml
----------------- Instantiating /home/travis/build/icyphy/ptII/ptolemy/domains/sdf/test/auto/emptyRefinement.xml
3 ms. Memory: 874496K Free: 423514K (48%)
----------------- Invoking toplevel() on ptolemy.moml.MoMLSimpleApplication@386b3c94
----------------- Done invoking toplevel() on ptolemy.moml.MoMLSimpleApplication@386b3c94
reloadAllAccessors: .emptyRefinement

===========================================================================================
----------------- testing Thu Sep 13 02:13:28 UTC 2018 /home/travis/build/icyphy/ptII/ptolemy/domains/sdf/test/auto/filePortParameter.xml
----------------- Instantiating /home/travis/build/icyphy/ptII/ptolemy/domains/sdf/test/auto/filePortParameter.xml
13 ms. Memory: 874496K Free: 407780K (47%)
----------------- Invoking toplevel() on ptolemy.moml.MoMLSimpleApplication@962c70
----------------- Done invoking toplevel() on ptolemy.moml.MoMLSimpleApplication@962c70
reloadAllAccessors: .filePortParameter

===========================================================================================
----------------- testing Thu Sep 13 02:13:28 UTC 2018 /home/travis/build/icyphy/ptII/ptolemy/domains/sdf/test/auto/inferRelationWidth1.xml
----------------- Instantiating /home/travis/build/icyphy/ptII/ptolemy/domains/sdf/test/auto/inferRelationWidth1.xml
3 ms. Memory: 874496K Free: 397301K (45%)
----------------- Invoking toplevel() on ptolemy.moml.MoMLSimpleApplication@570cf04f
----------------- Done invoking toplevel() on ptolemy.moml.MoMLSimpleApplication@570cf04f
reloadAllAccessors: .inferRelationWidth1

===========================================================================================
----------------- testing Thu Sep 13 02:13:28 UTC 2018 /home/travis/build/icyphy/ptII/ptolemy/domains/sdf/test/auto/initProductionInference.xml
----------------- Instantiating /home/travis/build/icyphy/ptII/ptolemy/domains/sdf/test/auto/initProductionInference.xml
8 ms. Memory: 874496K Free: 386822K (44%)
----------------- Invoking toplevel() on ptolemy.moml.MoMLSimpleApplication@4f2cc7a4
----------------- Done invoking toplevel() on ptolemy.moml.MoMLSimpleApplication@4f2cc7a4
reloadAllAccessors: .initProductionInference

===========================================================================================
----------------- testing Thu Sep 13 02:13:28 UTC 2018 /home/travis/build/icyphy/ptII/ptolemy/domains/sdf/test/auto/relationGroup.xml
----------------- Instantiating /home/travis/build/icyphy/ptII/ptolemy/domains/sdf/test/auto/relationGroup.xml
2 ms. Memory: 874496K Free: 376343K (43%)
----------------- Invoking toplevel() on ptolemy.moml.MoMLSimpleApplication@3814021f
----------------- Done invoking toplevel() on ptolemy.moml.MoMLSimpleApplication@3814021f
reloadAllAccessors: .relationGroup

===========================================================================================
----------------- testing Thu Sep 13 02:13:28 UTC 2018 /home/travis/build/icyphy/ptII/ptolemy/domains/sdf/test/auto/relationGroup10.xml
----------------- Instantiating /home/travis/build/icyphy/ptII/ptolemy/domains/sdf/test/auto/relationGroup10.xml
2 ms. Memory: 874496K Free: 362700K (41%)
----------------- Invoking toplevel() on ptolemy.moml.MoMLSimpleApplication@11be1a41
----------------- Done invoking toplevel() on ptolemy.moml.MoMLSimpleApplication@11be1a41
reloadAllAccessors: .relationGroup10

===========================================================================================
----------------- testing Thu Sep 13 02:13:28 UTC 2018 /home/travis/build/icyphy/ptII/ptolemy/domains/sdf/test/auto/relationGroup11.xml
----------------- Instantiating /home/travis/build/icyphy/ptII/ptolemy/domains/sdf/test/auto/relationGroup11.xml
3 ms. Memory: 874496K Free: 352221K (40%)
----------------- Invoking toplevel() on ptolemy.moml.MoMLSimpleApplication@3d0daf20
----------------- Done invoking toplevel() on ptolemy.moml.MoMLSimpleApplication@3d0daf20
reloadAllAccessors: .relationGroup11

===========================================================================================
----------------- testing Thu Sep 13 02:13:28 UTC 2018 /home/travis/build/icyphy/ptII/ptolemy/domains/sdf/test/auto/relationGroup12.xml
----------------- Instantiating /home/travis/build/icyphy/ptII/ptolemy/domains/sdf/test/auto/relationGroup12.xml
4 ms. Memory: 874496K Free: 341742K (39%)
----------------- Invoking toplevel() on ptolemy.moml.MoMLSimpleApplication@312036f6
----------------- Done invoking toplevel() on ptolemy.moml.MoMLSimpleApplication@312036f6
reloadAllAccessors: .relationGroup12

===========================================================================================
----------------- testing Thu Sep 13 02:13:28 UTC 2018 /home/travis/build/icyphy/ptII/ptolemy/domains/sdf/test/auto/relationGroup13.xml
----------------- Instantiating /home/travis/build/icyphy/ptII/ptolemy/domains/sdf/test/auto/relationGroup13.xml
5 ms. Memory: 874496K Free: 331263K (38%)
----------------- Invoking toplevel() on ptolemy.moml.MoMLSimpleApplication@5daf01a1
----------------- Done invoking toplevel() on ptolemy.moml.MoMLSimpleApplication@5daf01a1
reloadAllAccessors: .relationGroup13

===========================================================================================
----------------- testing Thu Sep 13 02:13:28 UTC 2018 /home/travis/build/icyphy/ptII/ptolemy/domains/sdf/test/auto/relationGroup14.xml
----------------- Instantiating /home/travis/build/icyphy/ptII/ptolemy/domains/sdf/test/auto/relationGroup14.xml
3 ms. Memory: 874496K Free: 320784K (37%)
----------------- Invoking toplevel() on ptolemy.moml.MoMLSimpleApplication@6af89d4e
----------------- Done invoking toplevel() on ptolemy.moml.MoMLSimpleApplication@6af89d4e
reloadAllAccessors: .relationGroup14

===========================================================================================
----------------- testing Thu Sep 13 02:13:28 UTC 2018 /home/travis/build/icyphy/ptII/ptolemy/domains/sdf/test/auto/relationGroup15.xml
----------------- Instantiating /home/travis/build/icyphy/ptII/ptolemy/domains/sdf/test/auto/relationGroup15.xml
2 ms. Memory: 874496K Free: 310305K (35%)
----------------- Invoking toplevel() on ptolemy.moml.MoMLSimpleApplication@51f00a06
----------------- Done invoking toplevel() on ptolemy.moml.MoMLSimpleApplication@51f00a06
reloadAllAccessors: .relationGroup15

===========================================================================================
----------------- testing Thu Sep 13 02:13:28 UTC 2018 /home/travis/build/icyphy/ptII/ptolemy/domains/sdf/test/auto/relationGroup2.xml
----------------- Instantiating /home/travis/build/icyphy/ptII/ptolemy/domains/sdf/test/auto/relationGroup2.xml
2 ms. Memory: 874496K Free: 299826K (34%)
----------------- Invoking toplevel() on ptolemy.moml.MoMLSimpleApplication@587c7f3
----------------- Done invoking toplevel() on ptolemy.moml.MoMLSimpleApplication@587c7f3
reloadAllAccessors: .relationGroup2

===========================================================================================
----------------- testing Thu Sep 13 02:13:28 UTC 2018 /home/travis/build/icyphy/ptII/ptolemy/domains/sdf/test/auto/relationGroup3.xml
----------------- Instantiating /home/travis/build/icyphy/ptII/ptolemy/domains/sdf/test/auto/relationGroup3.xml
5 ms. Memory: 874496K Free: 289347K (33%)
----------------- Invoking toplevel() on ptolemy.moml.MoMLSimpleApplication@1c0d4b3c
----------------- Done invoking toplevel() on ptolemy.moml.MoMLSimpleApplication@1c0d4b3c
reloadAllAccessors: .relationGroup3

===========================================================================================
----------------- testing Thu Sep 13 02:13:28 UTC 2018 /home/travis/build/icyphy/ptII/ptolemy/domains/sdf/test/auto/relationGroup4.xml
----------------- Instantiating /home/travis/build/icyphy/ptII/ptolemy/domains/sdf/test/auto/relationGroup4.xml
5 ms. Memory: 874496K Free: 278868K (32%)
----------------- Invoking toplevel() on ptolemy.moml.MoMLSimpleApplication@1f893d26
----------------- Done invoking toplevel() on ptolemy.moml.MoMLSimpleApplication@1f893d26
reloadAllAccessors: .relationGroup4

===========================================================================================
----------------- testing Thu Sep 13 02:13:28 UTC 2018 /home/travis/build/icyphy/ptII/ptolemy/domains/sdf/test/auto/relationGroup5.xml
----------------- Instantiating /home/travis/build/icyphy/ptII/ptolemy/domains/sdf/test/auto/relationGroup5.xml
3 ms. Memory: 874496K Free: 265225K (30%)
----------------- Invoking toplevel() on ptolemy.moml.MoMLSimpleApplication@1e50abf9
----------------- Done invoking toplevel() on ptolemy.moml.MoMLSimpleApplication@1e50abf9
reloadAllAccessors: .relationGroup5

===========================================================================================
----------------- testing Thu Sep 13 02:13:28 UTC 2018 /home/travis/build/icyphy/ptII/ptolemy/domains/sdf/test/auto/relationGroup6.xml
----------------- Instantiating /home/travis/build/icyphy/ptII/ptolemy/domains/sdf/test/auto/relationGroup6.xml
10 ms. Memory: 874496K Free: 254746K (29%)
----------------- Invoking toplevel() on ptolemy.moml.MoMLSimpleApplication@53265cb8
----------------- Done invoking toplevel() on ptolemy.moml.MoMLSimpleApplication@53265cb8
reloadAllAccessors: .relationGroup6

===========================================================================================
----------------- testing Thu Sep 13 02:13:28 UTC 2018 /home/travis/build/icyphy/ptII/ptolemy/domains/sdf/test/auto/relationGroup7.xml
----------------- Instantiating /home/travis/build/icyphy/ptII/ptolemy/domains/sdf/test/auto/relationGroup7.xml
2 ms. Memory: 874496K Free: 244267K (28%)
----------------- Invoking toplevel() on ptolemy.moml.MoMLSimpleApplication@5d095fa3
----------------- Done invoking toplevel() on ptolemy.moml.MoMLSimpleApplication@5d095fa3
reloadAllAccessors: .relationGroup7

===========================================================================================
----------------- testing Thu Sep 13 02:13:28 UTC 2018 /home/travis/build/icyphy/ptII/ptolemy/domains/sdf/test/auto/relationGroup8.xml
----------------- Instantiating /home/travis/build/icyphy/ptII/ptolemy/domains/sdf/test/auto/relationGroup8.xml
5 ms. Memory: 874496K Free: 233788K (27%)
----------------- Invoking toplevel() on ptolemy.moml.MoMLSimpleApplication@1e3b385
----------------- Done invoking toplevel() on ptolemy.moml.MoMLSimpleApplication@1e3b385
reloadAllAccessors: .relationGroup8

===========================================================================================
----------------- testing Thu Sep 13 02:13:28 UTC 2018 /home/travis/build/icyphy/ptII/ptolemy/domains/sdf/test/auto/relationGroup9.xml
----------------- Instantiating /home/travis/build/icyphy/ptII/ptolemy/domains/sdf/test/auto/relationGroup9.xml
5 ms. Memory: 874496K Free: 223309K (26%)
----------------- Invoking toplevel() on ptolemy.moml.MoMLSimpleApplication@4dc82763
----------------- Done invoking toplevel() on ptolemy.moml.MoMLSimpleApplication@4dc82763
reloadAllAccessors: .relationGroup9

===========================================================================================
----------------- testing Thu Sep 13 02:13:28 UTC 2018 /home/travis/build/icyphy/ptII/ptolemy/domains/sdf/test/auto/sdf_inside_de.xml
----------------- Instantiating /home/travis/build/icyphy/ptII/ptolemy/domains/sdf/test/auto/sdf_inside_de.xml
10 ms. Memory: 874496K Free: 207575K (24%)
----------------- Invoking toplevel() on ptolemy.moml.MoMLSimpleApplication@2ed94d4d
----------------- Done invoking toplevel() on ptolemy.moml.MoMLSimpleApplication@2ed94d4d
reloadAllAccessors: .sdf_inside_de

===========================================================================================
----------------- testing Thu Sep 13 02:13:28 UTC 2018 /home/travis/build/icyphy/ptII/ptolemy/domains/sdf/test/auto/sdf_inside_pn.xml
----------------- Instantiating /home/travis/build/icyphy/ptII/ptolemy/domains/sdf/test/auto/sdf_inside_pn.xml
42 ms. Memory: 874496K Free: 165643K (19%)
----------------- Invoking toplevel() on ptolemy.moml.MoMLSimpleApplication@3849d8c9
----------------- Done invoking toplevel() on ptolemy.moml.MoMLSimpleApplication@3849d8c9
reloadAllAccessors: .sdf_inside_pn

===========================================================================================
----------------- testing Thu Sep 13 02:13:28 UTC 2018 /home/travis/build/icyphy/ptII/ptolemy/domains/sdf/test/auto/sdf_sdf1.xml
----------------- Instantiating /home/travis/build/icyphy/ptII/ptolemy/domains/sdf/test/auto/sdf_sdf1.xml
3 ms. Memory: 874496K Free: 155164K (18%)
----------------- Invoking toplevel() on ptolemy.moml.MoMLSimpleApplication@283bc2f
----------------- Done invoking toplevel() on ptolemy.moml.MoMLSimpleApplication@283bc2f
reloadAllAccessors: .sdf_sdf1

===========================================================================================
----------------- testing Thu Sep 13 02:13:28 UTC 2018 /home/travis/build/icyphy/ptII/ptolemy/domains/sdf/test/auto/test1.xml
----------------- Instantiating /home/travis/build/icyphy/ptII/ptolemy/domains/sdf/test/auto/test1.xml
2 ms. Memory: 874496K Free: 144685K (17%)
----------------- Invoking toplevel() on ptolemy.moml.MoMLSimpleApplication@708339bd
----------------- Done invoking toplevel() on ptolemy.moml.MoMLSimpleApplication@708339bd
reloadAllAccessors: .test1

===========================================================================================
----------------- testing Thu Sep 13 02:13:28 UTC 2018 /home/travis/build/icyphy/ptII/ptolemy/domains/sdf/test/auto/time1.xml
----------------- Instantiating /home/travis/build/icyphy/ptII/ptolemy/domains/sdf/test/auto/time1.xml
1 ms. Memory: 874496K Free: 131042K (15%)
----------------- Invoking toplevel() on ptolemy.moml.MoMLSimpleApplication@30a31bb3
----------------- Done invoking toplevel() on ptolemy.moml.MoMLSimpleApplication@30a31bb3
reloadAllAccessors: .time1

===========================================================================================
----------------- testing Thu Sep 13 02:13:28 UTC 2018 /home/travis/build/icyphy/ptII/ptolemy/domains/sdf/test/auto/time2.xml
----------------- Instantiating /home/travis/build/icyphy/ptII/ptolemy/domains/sdf/test/auto/time2.xml
2 ms. Memory: 874496K Free: 120563K (14%)
----------------- Invoking toplevel() on ptolemy.moml.MoMLSimpleApplication@39f66d77
----------------- Done invoking toplevel() on ptolemy.moml.MoMLSimpleApplication@39f66d77
reloadAllAccessors: .time2

===========================================================================================
----------------- testing Thu Sep 13 02:13:28 UTC 2018 /home/travis/build/icyphy/ptII/ptolemy/domains/sdf/test/auto/time3.xml
----------------- Instantiating /home/travis/build/icyphy/ptII/ptolemy/domains/sdf/test/auto/time3.xml
8 ms. Memory: 874496K Free: 110084K (13%)
----------------- Invoking toplevel() on ptolemy.moml.MoMLSimpleApplication@49d8fe4b
----------------- Done invoking toplevel() on ptolemy.moml.MoMLSimpleApplication@49d8fe4b
reloadAllAccessors: .time3

===========================================================================================
----------------- testing Thu Sep 13 02:13:28 UTC 2018 /home/travis/build/icyphy/ptII/ptolemy/domains/sdf/test/auto/time4.xml
----------------- Instantiating /home/travis/build/icyphy/ptII/ptolemy/domains/sdf/test/auto/time4.xml
5 ms. Memory: 874496K Free: 99605K (11%)
----------------- Invoking toplevel() on ptolemy.moml.MoMLSimpleApplication@7698eaa8
----------------- Done invoking toplevel() on ptolemy.moml.MoMLSimpleApplication@7698eaa8
reloadAllAccessors: .time4

===========================================================================================
----------------- testing Thu Sep 13 02:13:28 UTC 2018 /home/travis/build/icyphy/ptII/ptolemy/domains/sdf/test/auto/time5.xml
----------------- Instantiating /home/travis/build/icyphy/ptII/ptolemy/domains/sdf/test/auto/time5.xml
4002 ms. Memory: 874496K Free: 89126K (10%)
----------------- Invoking toplevel() on ptolemy.moml.MoMLSimpleApplication@72e95870
----------------- Done invoking toplevel() on ptolemy.moml.MoMLSimpleApplication@72e95870
reloadAllAccessors: .time5

===========================================================================================
----------------- testing Thu Sep 13 02:13:32 UTC 2018 /home/travis/build/icyphy/ptII/ptolemy/domains/sdf/test/auto/typeSystem_Const_Integer_smallest_Type.xml
----------------- Instantiating /home/travis/build/icyphy/ptII/ptolemy/domains/sdf/test/auto/typeSystem_Const_Integer_smallest_Type.xml
11 ms. Memory: 874496K Free: 78647K (9%)
----------------- Invoking toplevel() on ptolemy.moml.MoMLSimpleApplication@2017959a
----------------- Done invoking toplevel() on ptolemy.moml.MoMLSimpleApplication@2017959a
reloadAllAccessors: .typeSystem_Const_Integer_smallest_Type

===========================================================================================
----------------- testing Thu Sep 13 02:13:32 UTC 2018 /home/travis/build/icyphy/ptII/ptolemy/domains/sdf/test/auto/typeSystem_declared_Inports_OutportTypeException.xml
----------------- Instantiating /home/travis/build/icyphy/ptII/ptolemy/domains/sdf/test/auto/typeSystem_declared_Inports_OutportTypeException.xml
.typeSystem_declared_Inports_OutportTypeException.TestExceptionAttribute: initialize() was not invoked, but wrapup() was.  This is unusual, but not always a problem.  For example, exporting JNLP will do this.
2 ms. Memory: 830976K Free: 810550K (98%)
----------------- Invoking toplevel() on ptolemy.moml.MoMLSimpleApplication@2465740e
----------------- Done invoking toplevel() on ptolemy.moml.MoMLSimpleApplication@2465740e
reloadAllAccessors: .typeSystem_declared_Inports_OutportTypeException

===========================================================================================
----------------- testing Thu Sep 13 02:13:32 UTC 2018 /home/travis/build/icyphy/ptII/ptolemy/domains/sdf/test/auto/typeSystem_oneDeclaredInportType_wrongTypeOutport.xml
----------------- Instantiating /home/travis/build/icyphy/ptII/ptolemy/domains/sdf/test/auto/typeSystem_oneDeclaredInportType_wrongTypeOutport.xml
3 ms. Memory: 830976K Free: 798515K (96%)
----------------- Invoking toplevel() on ptolemy.moml.MoMLSimpleApplication@4435543d
----------------- Done invoking toplevel() on ptolemy.moml.MoMLSimpleApplication@4435543d
reloadAllAccessors: .typeSystem_oneDeclaredInportType_wrongTypeOutport

===========================================================================================
----------------- testing Thu Sep 13 02:13:32 UTC 2018 /home/travis/build/icyphy/ptII/ptolemy/domains/sdf/test/auto/width.xml
----------------- Instantiating /home/travis/build/icyphy/ptII/ptolemy/domains/sdf/test/auto/width.xml
1 ms. Memory: 830976K Free: 788535K (95%)
----------------- Invoking toplevel() on ptolemy.moml.MoMLSimpleApplication@43537e9f
----------------- Done invoking toplevel() on ptolemy.moml.MoMLSimpleApplication@43537e9f
reloadAllAccessors: .width

===========================================================================================
----------------- testing Thu Sep 13 02:13:32 UTC 2018 /home/travis/build/icyphy/ptII/ptolemy/domains/sdf/test/auto/width2.xml
----------------- Instantiating /home/travis/build/icyphy/ptII/ptolemy/domains/sdf/test/auto/width2.xml
28 ms. Memory: 830976K Free: 778554K (94%)
----------------- Invoking toplevel() on ptolemy.moml.MoMLSimpleApplication@59c23f23
----------------- Done invoking toplevel() on ptolemy.moml.MoMLSimpleApplication@59c23f23
reloadAllAccessors: .width2

===========================================================================================
----------------- testing Thu Sep 13 02:13:32 UTC 2018 /home/travis/build/icyphy/ptII/ptolemy/domains/sdf/test/auto/width3.xml
----------------- Instantiating /home/travis/build/icyphy/ptII/ptolemy/domains/sdf/test/auto/width3.xml
29 ms. Memory: 830976K Free: 768418K (92%)
----------------- Invoking toplevel() on ptolemy.moml.MoMLSimpleApplication@73e7eecf
----------------- Done invoking toplevel() on ptolemy.moml.MoMLSimpleApplication@73e7eecf
reloadAllAccessors: .width3
AutoTests.java: About to close Vertx.
AutoTests.java: Vertx closed.
]]></system-out>
  <system-err><![CDATA[java.lang.RuntimeException: Execution failed
	at ptolemy.moml.MoMLSimpleApplication$UnloadThread.run(MoMLSimpleApplication.java:402)
Caused by: ptolemy.actor.sched.NotSchedulableException: No solution exists for the balance equations.
Graph is not consistent under the SDF domain detected on external port .rateConsistency.actor.port2
  in .rateConsistency.SDF Director.Scheduler
	at ptolemy.domains.sdf.kernel.SDFScheduler._propagatePort(SDFScheduler.java:1425)
	at ptolemy.domains.sdf.kernel.SDFScheduler._solveBalanceEquations(SDFScheduler.java:710)
	at ptolemy.domains.sdf.kernel.SDFScheduler._getSchedule(SDFScheduler.java:566)
	at ptolemy.actor.sched.Scheduler.getSchedule(Scheduler.java:189)
	at ptolemy.domains.sdf.kernel.SDFDirector.createSchedule(SDFDirector.java:408)
	at ptolemy.domains.sdf.kernel.SDFDirector.preinitialize(SDFDirector.java:764)
	at ptolemy.actor.CompositeActor.preinitialize(CompositeActor.java:1828)
	at ptolemy.actor.Manager.preinitializeAndResolveTypes(Manager.java:1040)
	at ptolemy.actor.Manager.initialize(Manager.java:710)
	at ptolemy.actor.Manager.execute(Manager.java:356)
	at ptolemy.actor.Manager.run(Manager.java:1263)
	at ptolemy.actor.Manager$PtolemyRunThread.run(Manager.java:1915)
java.lang.RuntimeException: Execution failed
	at ptolemy.moml.MoMLSimpleApplication$UnloadThread.run(MoMLSimpleApplication.java:402)
Caused by: ptolemy.kernel.util.IllegalActionException: Failed to compute schedule:
  in .badRateChanges.typed composite actor.SDF Director
Because:
The SDF rate parameter may change. This is not allowed in SDF models that will be run through the code generator.  If you don't care about code generation, then you might consider setting the allowRateChanges parameter of the SDF director to false.
  in .badRateChanges.typed composite actor.Repeat.output.tokenProductionRate
	at ptolemy.domains.sdf.kernel.SDFDirector.createSchedule(SDFDirector.java:418)
	at ptolemy.domains.sdf.kernel.SDFDirector.preinitialize(SDFDirector.java:764)
	at ptolemy.actor.CompositeActor.preinitialize(CompositeActor.java:1828)
	at ptolemy.actor.Director.preinitialize(Director.java:1302)
	at ptolemy.actor.Director.preinitialize(Director.java:1257)
	at ptolemy.domains.sdf.kernel.SDFDirector.preinitialize(SDFDirector.java:763)
	at ptolemy.actor.CompositeActor.preinitialize(CompositeActor.java:1828)
	at ptolemy.actor.Manager.preinitializeAndResolveTypes(Manager.java:1040)
	at ptolemy.actor.Manager.initialize(Manager.java:710)
	at ptolemy.actor.Manager.execute(Manager.java:356)
	at ptolemy.actor.Manager.run(Manager.java:1263)
	at ptolemy.actor.Manager$PtolemyRunThread.run(Manager.java:1915)
Caused by: ptolemy.kernel.util.IllegalActionException: The SDF rate parameter may change. This is not allowed in SDF models that will be run through the code generator.  If you don't care about code generation, then you might consider setting the allowRateChanges parameter of the SDF director to false.
  in .badRateChanges.typed composite actor.Repeat.output.tokenProductionRate
	at ptolemy.domains.sdf.kernel.SDFScheduler._assertDynamicRateVariable(SDFScheduler.java:931)
	at ptolemy.domains.sdf.kernel.SDFScheduler._checkDynamicRateVariables(SDFScheduler.java:339)
	at ptolemy.domains.sdf.kernel.SDFScheduler._getSchedule(SDFScheduler.java:527)
	at ptolemy.actor.sched.Scheduler.getSchedule(Scheduler.java:189)
	at ptolemy.domains.sdf.kernel.SDFDirector.createSchedule(SDFDirector.java:408)
	... 11 more
java.lang.RuntimeException: Execution failed
	at ptolemy.moml.MoMLSimpleApplication$UnloadThread.run(MoMLSimpleApplication.java:402)
Caused by: ptolemy.kernel.util.IllegalActionException: Failed to compute schedule:
  in .badRateChanges2.typed composite actor.SDF Director
Because:
The SDF rate parameter may change. This is not allowed in SDF models that will be run through the code generator.  If you don't care about code generation, then you might consider setting the allowRateChanges parameter of the SDF director to false.
  in .badRateChanges2.typed composite actor.Repeat.output.tokenProductionRate
	at ptolemy.domains.sdf.kernel.SDFDirector.createSchedule(SDFDirector.java:418)
	at ptolemy.domains.sdf.kernel.SDFDirector.preinitialize(SDFDirector.java:764)
	at ptolemy.actor.CompositeActor.preinitialize(CompositeActor.java:1828)
	at ptolemy.actor.Director.preinitialize(Director.java:1302)
	at ptolemy.actor.Director.preinitialize(Director.java:1257)
	at ptolemy.domains.sdf.kernel.SDFDirector.preinitialize(SDFDirector.java:763)
	at ptolemy.actor.CompositeActor.preinitialize(CompositeActor.java:1828)
	at ptolemy.actor.Manager.preinitializeAndResolveTypes(Manager.java:1040)
	at ptolemy.actor.Manager.initialize(Manager.java:710)
	at ptolemy.actor.Manager.execute(Manager.java:356)
	at ptolemy.actor.Manager.run(Manager.java:1263)
	at ptolemy.actor.Manager$PtolemyRunThread.run(Manager.java:1915)
Caused by: ptolemy.kernel.util.IllegalActionException: The SDF rate parameter may change. This is not allowed in SDF models that will be run through the code generator.  If you don't care about code generation, then you might consider setting the allowRateChanges parameter of the SDF director to false.
  in .badRateChanges2.typed composite actor.Repeat.output.tokenProductionRate
	at ptolemy.domains.sdf.kernel.SDFScheduler._assertDynamicRateVariable(SDFScheduler.java:931)
	at ptolemy.domains.sdf.kernel.SDFScheduler._checkDynamicRateVariables(SDFScheduler.java:339)
	at ptolemy.domains.sdf.kernel.SDFScheduler._getSchedule(SDFScheduler.java:527)
	at ptolemy.actor.sched.Scheduler.getSchedule(Scheduler.java:189)
	at ptolemy.domains.sdf.kernel.SDFDirector.createSchedule(SDFDirector.java:408)
	... 11 more
java.lang.RuntimeException: Execution failed
	at ptolemy.moml.MoMLSimpleApplication$UnloadThread.run(MoMLSimpleApplication.java:402)
Caused by: ptolemy.actor.sched.NotSchedulableException: Actors remain that cannot be scheduled!

There are several possible reasons:
* SDF Graphs with feedback loops should have an actor with a delay in the loop, such as a SampleDelay.
* The SDF director has an "allowDisconnectedGraphs"parameter, which, when true, permits disconnected SDF graphs.
* The token consumption rate and production rates might be mismatched.
Usually, actors produce one token or consume one token on a port.  To produce or consume multiple tokens per firing, add a "tokenConsumptionRate" or "tokenProductionRate" parameter to the appropriate port.
Unscheduled actors:
.partiallyConnected.Const2 
Scheduled actors:
.partiallyConnected.Const 
  in .partiallyConnected.SDF Director.Scheduler
	at ptolemy.domains.sdf.kernel.SDFScheduler._scheduleConnectedActors(SDFScheduler.java:1828)
	at ptolemy.domains.sdf.kernel.SDFScheduler._getSchedule(SDFScheduler.java:587)
	at ptolemy.actor.sched.Scheduler.getSchedule(Scheduler.java:189)
	at ptolemy.domains.sdf.kernel.SDFDirector.createSchedule(SDFDirector.java:408)
	at ptolemy.domains.sdf.kernel.SDFDirector.preinitialize(SDFDirector.java:764)
	at ptolemy.actor.CompositeActor.preinitialize(CompositeActor.java:1828)
	at ptolemy.actor.Manager.preinitializeAndResolveTypes(Manager.java:1040)
	at ptolemy.actor.Manager.initialize(Manager.java:710)
	at ptolemy.actor.Manager.execute(Manager.java:356)
	at ptolemy.actor.Manager.run(Manager.java:1263)
	at ptolemy.actor.Manager$PtolemyRunThread.run(Manager.java:1915)
]]></system-err>
</testsuite>
