<?xml version="1.0" encoding="UTF-8" ?>
<testsuite errors="0" failures="0" hostname="travis-job-523bc7f8-2f8d-40bc-a5fd-45075b33b3bd" name="ptolemy.domains.modal.test.junit.JUnitTclTest" skipped="0" tests="148" time="11.374" timestamp="2020-07-27T15:15:02">
  <properties>
[...]
</properties>
  <testcase classname="ptolemy.util.test.junit.TclTests" name="[0] /home/travis/build/icyphy/ptII/ptolemy/domains/modal/test/SystemLevelType.tcl (RunTclFile)" time="2.151" />
  <testcase classname="ptolemy.util.test.junit.AutoKnownFailedTests" name="[0] /home/travis/build/icyphy/ptII/ptolemy/domains/modal/test/auto/knownFailedTests/CannotAnalysisWithPreemption.xml (RunModel)" time="0.284" />
  <testcase classname="ptolemy.util.test.junit.AutoNameArchTests" name="[0] ThereAreNoAutoArchTests (RunModel)" time="0.008" />
  <testcase classname="ptolemy.util.test.junit.AutoTests" name="[0] /home/travis/build/icyphy/ptII/ptolemy/domains/modal/test/auto/ABPTest.xml (RunModel)" time="0.856" />
  <testcase classname="ptolemy.util.test.junit.AutoTests" name="[1] /home/travis/build/icyphy/ptII/ptolemy/domains/modal/test/auto/ABROFlat.xml (RunModel)" time="0.081" />
  <testcase classname="ptolemy.util.test.junit.AutoTests" name="[2] /home/travis/build/icyphy/ptII/ptolemy/domains/modal/test/auto/ABROFlat2.xml (RunModel)" time="0.068" />
  <testcase classname="ptolemy.util.test.junit.AutoTests" name="[3] /home/travis/build/icyphy/ptII/ptolemy/domains/modal/test/auto/ABRO_present_hmm.xml (RunModel)" time="0.162" />
  <testcase classname="ptolemy.util.test.junit.AutoTests" name="[4] /home/travis/build/icyphy/ptII/ptolemy/domains/modal/test/auto/AMICoderExample.xml (RunModel)" time="0.117" />
  <testcase classname="ptolemy.util.test.junit.AutoTests" name="[5] /home/travis/build/icyphy/ptII/ptolemy/domains/modal/test/auto/AbsentToPresent.xml (RunModel)" time="0.031" />
  <testcase classname="ptolemy.util.test.junit.AutoTests" name="[6] /home/travis/build/icyphy/ptII/ptolemy/domains/modal/test/auto/Blending.xml (RunModel)" time="0.312" />
  <testcase classname="ptolemy.util.test.junit.AutoTests" name="[7] /home/travis/build/icyphy/ptII/ptolemy/domains/modal/test/auto/Broadcast.xml (RunModel)" time="0.051" />
  <testcase classname="ptolemy.util.test.junit.AutoTests" name="[8] /home/travis/build/icyphy/ptII/ptolemy/domains/modal/test/auto/BroadcastHierarchy.xml (RunModel)" time="0.092" />
  <testcase classname="ptolemy.util.test.junit.AutoTests" name="[9] /home/travis/build/icyphy/ptII/ptolemy/domains/modal/test/auto/BroadcastHierarchy2.xml (RunModel)" time="0.128" />
  <testcase classname="ptolemy.util.test.junit.AutoTests" name="[10] /home/travis/build/icyphy/ptII/ptolemy/domains/modal/test/auto/BroadcastHierarchy3.xml (RunModel)" time="0.103" />
  <testcase classname="ptolemy.util.test.junit.AutoTests" name="[11] /home/travis/build/icyphy/ptII/ptolemy/domains/modal/test/auto/BroadcastHierarchy4.xml (RunModel)" time="0.084" />
  <testcase classname="ptolemy.util.test.junit.AutoTests" name="[12] /home/travis/build/icyphy/ptII/ptolemy/domains/modal/test/auto/CannotAnalysisWithPreemption2.xml (RunModel)" time="0.037" />
  <testcase classname="ptolemy.util.test.junit.AutoTests" name="[13] /home/travis/build/icyphy/ptII/ptolemy/domains/modal/test/auto/CannotAnalysisWithPreemption3.xml (RunModel)" time="0.047" />
  <testcase classname="ptolemy.util.test.junit.AutoTests" name="[14] /home/travis/build/icyphy/ptII/ptolemy/domains/modal/test/auto/CannotProduce.xml (RunModel)" time="0.042" />
  <testcase classname="ptolemy.util.test.junit.AutoTests" name="[15] /home/travis/build/icyphy/ptII/ptolemy/domains/modal/test/auto/CannotProduceModal.xml (RunModel)" time="0.051" />
  <testcase classname="ptolemy.util.test.junit.AutoTests" name="[16] /home/travis/build/icyphy/ptII/ptolemy/domains/modal/test/auto/Case.xml (RunModel)" time="0.067" />
  <testcase classname="ptolemy.util.test.junit.AutoTests" name="[17] /home/travis/build/icyphy/ptII/ptolemy/domains/modal/test/auto/Case1.xml (RunModel)" time="0.04" />
  <testcase classname="ptolemy.util.test.junit.AutoTests" name="[18] /home/travis/build/icyphy/ptII/ptolemy/domains/modal/test/auto/Case2.xml (RunModel)" time="0.05" />
  <testcase classname="ptolemy.util.test.junit.AutoTests" name="[19] /home/travis/build/icyphy/ptII/ptolemy/domains/modal/test/auto/CausalityInterface1.xml (RunModel)" time="0.035" />
  <testcase classname="ptolemy.util.test.junit.AutoTests" name="[20] /home/travis/build/icyphy/ptII/ptolemy/domains/modal/test/auto/CausalityInterface10.xml (RunModel)" time="0.064" />
  <testcase classname="ptolemy.util.test.junit.AutoTests" name="[21] /home/travis/build/icyphy/ptII/ptolemy/domains/modal/test/auto/CausalityInterface11.xml (RunModel)" time="0.059" />
  <testcase classname="ptolemy.util.test.junit.AutoTests" name="[22] /home/travis/build/icyphy/ptII/ptolemy/domains/modal/test/auto/CausalityInterface12.xml (RunModel)" time="0.053" />
  <testcase classname="ptolemy.util.test.junit.AutoTests" name="[23] /home/travis/build/icyphy/ptII/ptolemy/domains/modal/test/auto/CausalityInterface13.xml (RunModel)" time="0.062" />
  <testcase classname="ptolemy.util.test.junit.AutoTests" name="[24] /home/travis/build/icyphy/ptII/ptolemy/domains/modal/test/auto/CausalityInterface14.xml (RunModel)" time="0.052" />
  <testcase classname="ptolemy.util.test.junit.AutoTests" name="[25] /home/travis/build/icyphy/ptII/ptolemy/domains/modal/test/auto/CausalityInterface2.xml (RunModel)" time="0.045" />
  <testcase classname="ptolemy.util.test.junit.AutoTests" name="[26] /home/travis/build/icyphy/ptII/ptolemy/domains/modal/test/auto/CausalityInterface3.xml (RunModel)" time="0.029" />
  <testcase classname="ptolemy.util.test.junit.AutoTests" name="[27] /home/travis/build/icyphy/ptII/ptolemy/domains/modal/test/auto/CausalityInterface4.xml (RunModel)" time="0.027" />
  <testcase classname="ptolemy.util.test.junit.AutoTests" name="[28] /home/travis/build/icyphy/ptII/ptolemy/domains/modal/test/auto/CausalityInterface5.xml (RunModel)" time="0.038" />
  <testcase classname="ptolemy.util.test.junit.AutoTests" name="[29] /home/travis/build/icyphy/ptII/ptolemy/domains/modal/test/auto/CausalityInterface6.xml (RunModel)" time="0.034" />
  <testcase classname="ptolemy.util.test.junit.AutoTests" name="[30] /home/travis/build/icyphy/ptII/ptolemy/domains/modal/test/auto/CausalityInterface7.xml (RunModel)" time="0.043" />
  <testcase classname="ptolemy.util.test.junit.AutoTests" name="[31] /home/travis/build/icyphy/ptII/ptolemy/domains/modal/test/auto/CausalityInterface8.xml (RunModel)" time="0.037" />
  <testcase classname="ptolemy.util.test.junit.AutoTests" name="[32] /home/travis/build/icyphy/ptII/ptolemy/domains/modal/test/auto/CausalityInterface9.xml (RunModel)" time="0.039" />
  <testcase classname="ptolemy.util.test.junit.AutoTests" name="[33] /home/travis/build/icyphy/ptII/ptolemy/domains/modal/test/auto/ChainedTransitions.xml (RunModel)" time="0.14" />
  <testcase classname="ptolemy.util.test.junit.AutoTests" name="[34] /home/travis/build/icyphy/ptII/ptolemy/domains/modal/test/auto/CycleOfImmediateTransitionsFSM.xml (RunModel)" time="0.023" />
  <testcase classname="ptolemy.util.test.junit.AutoTests" name="[35] /home/travis/build/icyphy/ptII/ptolemy/domains/modal/test/auto/CycleOfImmediateTransitionsModal.xml (RunModel)" time="0.023" />
  <testcase classname="ptolemy.util.test.junit.AutoTests" name="[36] /home/travis/build/icyphy/ptII/ptolemy/domains/modal/test/auto/CycleOfImmediateTransitionsModal2.xml (RunModel)" time="0.027" />
  <testcase classname="ptolemy.util.test.junit.AutoTests" name="[37] /home/travis/build/icyphy/ptII/ptolemy/domains/modal/test/auto/CycleOfImmediateTransitionsModal3.xml (RunModel)" time="0.113" />
  <testcase classname="ptolemy.util.test.junit.AutoTests" name="[38] /home/travis/build/icyphy/ptII/ptolemy/domains/modal/test/auto/DeepModal1.xml (RunModel)" time="0.047" />
  <testcase classname="ptolemy.util.test.junit.AutoTests" name="[39] /home/travis/build/icyphy/ptII/ptolemy/domains/modal/test/auto/DeepModal2.xml (RunModel)" time="0.067" />
  <testcase classname="ptolemy.util.test.junit.AutoTests" name="[40] /home/travis/build/icyphy/ptII/ptolemy/domains/modal/test/auto/DeepModal3.xml (RunModel)" time="0.09" />
  <testcase classname="ptolemy.util.test.junit.AutoTests" name="[41] /home/travis/build/icyphy/ptII/ptolemy/domains/modal/test/auto/DeepModal4.xml (RunModel)" time="0.079" />
  <testcase classname="ptolemy.util.test.junit.AutoTests" name="[42] /home/travis/build/icyphy/ptII/ptolemy/domains/modal/test/auto/Default1.xml (RunModel)" time="0.028" />
  <testcase classname="ptolemy.util.test.junit.AutoTests" name="[43] /home/travis/build/icyphy/ptII/ptolemy/domains/modal/test/auto/Default2.xml (RunModel)" time="0.026" />
  <testcase classname="ptolemy.util.test.junit.AutoTests" name="[44] /home/travis/build/icyphy/ptII/ptolemy/domains/modal/test/auto/Default3.xml (RunModel)" time="0.021" />
  <testcase classname="ptolemy.util.test.junit.AutoTests" name="[45] /home/travis/build/icyphy/ptII/ptolemy/domains/modal/test/auto/Default4.xml (RunModel)" time="0.031" />
  <testcase classname="ptolemy.util.test.junit.AutoTests" name="[46] /home/travis/build/icyphy/ptII/ptolemy/domains/modal/test/auto/Default5.xml (RunModel)" time="0.021" />
  <testcase classname="ptolemy.util.test.junit.AutoTests" name="[47] /home/travis/build/icyphy/ptII/ptolemy/domains/modal/test/auto/EmptyGuard.xml (RunModel)" time="0.033" />
  <testcase classname="ptolemy.util.test.junit.AutoTests" name="[48] /home/travis/build/icyphy/ptII/ptolemy/domains/modal/test/auto/ErrorTransition1.xml (RunModel)" time="0.033" />
  <testcase classname="ptolemy.util.test.junit.AutoTests" name="[49] /home/travis/build/icyphy/ptII/ptolemy/domains/modal/test/auto/ErrorTransition10.xml (RunModel)" time="0.041" />
  <testcase classname="ptolemy.util.test.junit.AutoTests" name="[50] /home/travis/build/icyphy/ptII/ptolemy/domains/modal/test/auto/ErrorTransition11.xml (RunModel)" time="0.04" />
  <testcase classname="ptolemy.util.test.junit.AutoTests" name="[51] /home/travis/build/icyphy/ptII/ptolemy/domains/modal/test/auto/ErrorTransition2.xml (RunModel)" time="0.03" />
  <testcase classname="ptolemy.util.test.junit.AutoTests" name="[52] /home/travis/build/icyphy/ptII/ptolemy/domains/modal/test/auto/ErrorTransition3.xml (RunModel)" time="0.05" />
  <testcase classname="ptolemy.util.test.junit.AutoTests" name="[53] /home/travis/build/icyphy/ptII/ptolemy/domains/modal/test/auto/ErrorTransition4.xml (RunModel)" time="0.042" />
  <testcase classname="ptolemy.util.test.junit.AutoTests" name="[54] /home/travis/build/icyphy/ptII/ptolemy/domains/modal/test/auto/ErrorTransition5.xml (RunModel)" time="0.035" />
  <testcase classname="ptolemy.util.test.junit.AutoTests" name="[55] /home/travis/build/icyphy/ptII/ptolemy/domains/modal/test/auto/ErrorTransition6.xml (RunModel)" time="0.038" />
  <testcase classname="ptolemy.util.test.junit.AutoTests" name="[56] /home/travis/build/icyphy/ptII/ptolemy/domains/modal/test/auto/ErrorTransition7.xml (RunModel)" time="0.095" />
  <testcase classname="ptolemy.util.test.junit.AutoTests" name="[57] /home/travis/build/icyphy/ptII/ptolemy/domains/modal/test/auto/ErrorTransition8.xml (RunModel)" time="0.081" />
  <testcase classname="ptolemy.util.test.junit.AutoTests" name="[58] /home/travis/build/icyphy/ptII/ptolemy/domains/modal/test/auto/ErrorTransition9.xml (RunModel)" time="0.048" />
  <testcase classname="ptolemy.util.test.junit.AutoTests" name="[59] /home/travis/build/icyphy/ptII/ptolemy/domains/modal/test/auto/ExtendedFSM.xml (RunModel)" time="0.024" />
  <testcase classname="ptolemy.util.test.junit.AutoTests" name="[60] /home/travis/build/icyphy/ptII/ptolemy/domains/modal/test/auto/FinalStates.xml (RunModel)" time="0.025" />
  <testcase classname="ptolemy.util.test.junit.AutoTests" name="[61] /home/travis/build/icyphy/ptII/ptolemy/domains/modal/test/auto/FixedPointFSM.xml (RunModel)" time="0.051" />
  <testcase classname="ptolemy.util.test.junit.AutoTests" name="[62] /home/travis/build/icyphy/ptII/ptolemy/domains/modal/test/auto/FixedPointIterationFSMActor.xml (RunModel)" time="0.032" />
  <testcase classname="ptolemy.util.test.junit.AutoTests" name="[63] /home/travis/build/icyphy/ptII/ptolemy/domains/modal/test/auto/FixedPointIterationFSMActor2.xml (RunModel)" time="0.045" />
  <testcase classname="ptolemy.util.test.junit.AutoTests" name="[64] /home/travis/build/icyphy/ptII/ptolemy/domains/modal/test/auto/ForbiddenInstantanousLoop.xml (RunModel)" time="0.037" />
  <testcase classname="ptolemy.util.test.junit.AutoTests" name="[65] /home/travis/build/icyphy/ptII/ptolemy/domains/modal/test/auto/FunctionDependencyOfFSMActorTest.xml (RunModel)" time="0.033" />
  <testcase classname="ptolemy.util.test.junit.AutoTests" name="[66] /home/travis/build/icyphy/ptII/ptolemy/domains/modal/test/auto/GuardExpression.xml (RunModel)" time="0.02" />
  <testcase classname="ptolemy.util.test.junit.AutoTests" name="[67] /home/travis/build/icyphy/ptII/ptolemy/domains/modal/test/auto/GuardNotEvaluated.xml (RunModel)" time="0.034" />
  <testcase classname="ptolemy.util.test.junit.AutoTests" name="[68] /home/travis/build/icyphy/ptII/ptolemy/domains/modal/test/auto/GuardNotEvaluated2.xml (RunModel)" time="0.036" />
  <testcase classname="ptolemy.util.test.junit.AutoTests" name="[69] /home/travis/build/icyphy/ptII/ptolemy/domains/modal/test/auto/GuardOnAbsent.xml (RunModel)" time="0.023" />
  <testcase classname="ptolemy.util.test.junit.AutoTests" name="[70] /home/travis/build/icyphy/ptII/ptolemy/domains/modal/test/auto/HierarchicalFSMTypeInference.xml (RunModel)" time="0.031" />
  <testcase classname="ptolemy.util.test.junit.AutoTests" name="[71] /home/travis/build/icyphy/ptII/ptolemy/domains/modal/test/auto/Hysteresis.xml (RunModel)" time="0.044" />
  <testcase classname="ptolemy.util.test.junit.AutoTests" name="[72] /home/travis/build/icyphy/ptII/ptolemy/domains/modal/test/auto/HysteresisWithDefault.xml (RunModel)" time="0.071" />
  <testcase classname="ptolemy.util.test.junit.AutoTests" name="[73] /home/travis/build/icyphy/ptII/ptolemy/domains/modal/test/auto/HysteresisWithDefault2.xml (RunModel)" time="0.076" />
  <testcase classname="ptolemy.util.test.junit.AutoTests" name="[74] /home/travis/build/icyphy/ptII/ptolemy/domains/modal/test/auto/ImmediateNonConstructiveness.xml (RunModel)" time="0.019" />
  <testcase classname="ptolemy.util.test.junit.AutoTests" name="[75] /home/travis/build/icyphy/ptII/ptolemy/domains/modal/test/auto/ImmediateNonConstructiveness2.xml (RunModel)" time="0.018" />
  <testcase classname="ptolemy.util.test.junit.AutoTests" name="[76] /home/travis/build/icyphy/ptII/ptolemy/domains/modal/test/auto/ImmediateTransitionReset.xml (RunModel)" time="0.036" />
  <testcase classname="ptolemy.util.test.junit.AutoTests" name="[77] /home/travis/build/icyphy/ptII/ptolemy/domains/modal/test/auto/ImmediateTransitions1.xml (RunModel)" time="0.013" />
  <testcase classname="ptolemy.util.test.junit.AutoTests" name="[78] /home/travis/build/icyphy/ptII/ptolemy/domains/modal/test/auto/ImmediateTransitionsInstantaneousCommunication.xml (RunModel)" time="0.051" />
  <testcase classname="ptolemy.util.test.junit.AutoTests" name="[79] /home/travis/build/icyphy/ptII/ptolemy/domains/modal/test/auto/InitialImmediateTransition.xml (RunModel)" time="0.026" />
  <testcase classname="ptolemy.util.test.junit.AutoTests" name="[80] /home/travis/build/icyphy/ptII/ptolemy/domains/modal/test/auto/InitialOutputs.xml (RunModel)" time="0.018" />
  <testcase classname="ptolemy.util.test.junit.AutoTests" name="[81] /home/travis/build/icyphy/ptII/ptolemy/domains/modal/test/auto/InitialStateTransition1.xml (RunModel)" time="0.02" />
  <testcase classname="ptolemy.util.test.junit.AutoTests" name="[82] /home/travis/build/icyphy/ptII/ptolemy/domains/modal/test/auto/InitialStateTransition2.xml (RunModel)" time="0.025" />
  <testcase classname="ptolemy.util.test.junit.AutoTests" name="[83] /home/travis/build/icyphy/ptII/ptolemy/domains/modal/test/auto/InitialStateTransition3.xml (RunModel)" time="0.023" />
  <testcase classname="ptolemy.util.test.junit.AutoTests" name="[84] /home/travis/build/icyphy/ptII/ptolemy/domains/modal/test/auto/InitialStateTransition4.xml (RunModel)" time="0.024" />
  <testcase classname="ptolemy.util.test.junit.AutoTests" name="[85] /home/travis/build/icyphy/ptII/ptolemy/domains/modal/test/auto/MalformedGuardExpressionNotCaught.xml (RunModel)" time="0.017" />
  <testcase classname="ptolemy.util.test.junit.AutoTests" name="[86] /home/travis/build/icyphy/ptII/ptolemy/domains/modal/test/auto/ModalBSC.xml (RunModel)" time="0.073" />
  <testcase classname="ptolemy.util.test.junit.AutoTests" name="[87] /home/travis/build/icyphy/ptII/ptolemy/domains/modal/test/auto/ModalClocks.xml (RunModel)" time="0.089" />
  <testcase classname="ptolemy.util.test.junit.AutoTests" name="[88] /home/travis/build/icyphy/ptII/ptolemy/domains/modal/test/auto/ModalDelay.xml (RunModel)" time="0.039" />
  <testcase classname="ptolemy.util.test.junit.AutoTests" name="[89] /home/travis/build/icyphy/ptII/ptolemy/domains/modal/test/auto/ModalDelay2.xml (RunModel)" time="0.061" />
  <testcase classname="ptolemy.util.test.junit.AutoTests" name="[90] /home/travis/build/icyphy/ptII/ptolemy/domains/modal/test/auto/ModalModelFromMemo.xml (RunModel)" time="0.054" />
  <testcase classname="ptolemy.util.test.junit.AutoTests" name="[91] /home/travis/build/icyphy/ptII/ptolemy/domains/modal/test/auto/ModalModelWithMultirateTransient.xml (RunModel)" time="0.049" />
  <testcase classname="ptolemy.util.test.junit.AutoTests" name="[92] /home/travis/build/icyphy/ptII/ptolemy/domains/modal/test/auto/ModalModelWithReset.xml (RunModel)" time="0.053" />
  <testcase classname="ptolemy.util.test.junit.AutoTests" name="[93] /home/travis/build/icyphy/ptII/ptolemy/domains/modal/test/auto/MouseClickFSM.xml (RunModel)" time="0.046" />
  <testcase classname="ptolemy.util.test.junit.AutoTests" name="[94] /home/travis/build/icyphy/ptII/ptolemy/domains/modal/test/auto/MouseClickFSMModal.xml (RunModel)" time="0.037" />
  <testcase classname="ptolemy.util.test.junit.AutoTests" name="[95] /home/travis/build/icyphy/ptII/ptolemy/domains/modal/test/auto/NonStrictFSM_FeedbackLoop.xml (RunModel)" time="0.045" />
  <testcase classname="ptolemy.util.test.junit.AutoTests" name="[96] /home/travis/build/icyphy/ptII/ptolemy/domains/modal/test/auto/NonStrictFSM_FeedbackLoop_Refinement.xml (RunModel)" time="0.082" />
  <testcase classname="ptolemy.util.test.junit.AutoTests" name="[97] /home/travis/build/icyphy/ptII/ptolemy/domains/modal/test/auto/NonStrictFSM_FeedbackLoop_preemptive.xml (RunModel)" time="0.055" />
  <testcase classname="ptolemy.util.test.junit.AutoTests" name="[98] /home/travis/build/icyphy/ptII/ptolemy/domains/modal/test/auto/NormalTermination.xml (RunModel)" time="0.055" />
  <testcase classname="ptolemy.util.test.junit.AutoTests" name="[99] /home/travis/build/icyphy/ptII/ptolemy/domains/modal/test/auto/Pong.xml (RunModel)" time="0.094" />
  <testcase classname="ptolemy.util.test.junit.AutoTests" name="[100] /home/travis/build/icyphy/ptII/ptolemy/domains/modal/test/auto/Pong_test.xml (RunModel)" time="0.104" />
  <testcase classname="ptolemy.util.test.junit.AutoTests" name="[101] /home/travis/build/icyphy/ptII/ptolemy/domains/modal/test/auto/PreemptionHierarchy.xml (RunModel)" time="0.022" />
  <testcase classname="ptolemy.util.test.junit.AutoTests" name="[102] /home/travis/build/icyphy/ptII/ptolemy/domains/modal/test/auto/PreemptionHierarchy2.xml (RunModel)" time="0.027" />
  <testcase classname="ptolemy.util.test.junit.AutoTests" name="[103] /home/travis/build/icyphy/ptII/ptolemy/domains/modal/test/auto/PreemptiveTransition.xml (RunModel)" time="0.024" />
  <testcase classname="ptolemy.util.test.junit.AutoTests" name="[104] /home/travis/build/icyphy/ptII/ptolemy/domains/modal/test/auto/Priorities.xml (RunModel)" time="0.071" />
  <testcase classname="ptolemy.util.test.junit.AutoTests" name="[105] /home/travis/build/icyphy/ptII/ptolemy/domains/modal/test/auto/ResetFinal.xml (RunModel)" time="0.038" />
  <testcase classname="ptolemy.util.test.junit.AutoTests" name="[106] /home/travis/build/icyphy/ptII/ptolemy/domains/modal/test/auto/ResetFinal2.xml (RunModel)" time="0.037" />
  <testcase classname="ptolemy.util.test.junit.AutoTests" name="[107] /home/travis/build/icyphy/ptII/ptolemy/domains/modal/test/auto/ResetTransitionWithStartTime.xml (RunModel)" time="0.049" />
  <testcase classname="ptolemy.util.test.junit.AutoTests" name="[108] /home/travis/build/icyphy/ptII/ptolemy/domains/modal/test/auto/SDF-FSMComposite.xml (RunModel)" time="0.027" />
  <testcase classname="ptolemy.util.test.junit.AutoTests" name="[109] /home/travis/build/icyphy/ptII/ptolemy/domains/modal/test/auto/SeeminglyNondeterminate.xml (RunModel)" time="0.073" />
  <testcase classname="ptolemy.util.test.junit.AutoTests" name="[110] /home/travis/build/icyphy/ptII/ptolemy/domains/modal/test/auto/SeeminglyNondeterminate2.xml (RunModel)" time="0.068" />
  <testcase classname="ptolemy.util.test.junit.AutoTests" name="[111] /home/travis/build/icyphy/ptII/ptolemy/domains/modal/test/auto/SpontaneousFSM.xml (RunModel)" time="0.044" />
  <testcase classname="ptolemy.util.test.junit.AutoTests" name="[112] /home/travis/build/icyphy/ptII/ptolemy/domains/modal/test/auto/SpontaneousFSM2.xml (RunModel)" time="0.029" />
  <testcase classname="ptolemy.util.test.junit.AutoTests" name="[113] /home/travis/build/icyphy/ptII/ptolemy/domains/modal/test/auto/SpontaneousFSM3.xml (RunModel)" time="0.039" />
  <testcase classname="ptolemy.util.test.junit.AutoTests" name="[114] /home/travis/build/icyphy/ptII/ptolemy/domains/modal/test/auto/SpontaneousFSM4.xml (RunModel)" time="0.045" />
  <testcase classname="ptolemy.util.test.junit.AutoTests" name="[115] /home/travis/build/icyphy/ptII/ptolemy/domains/modal/test/auto/StateTrackerTest.xml (RunModel)" time="0.06" />
  <testcase classname="ptolemy.util.test.junit.AutoTests" name="[116] /home/travis/build/icyphy/ptII/ptolemy/domains/modal/test/auto/StrongImmediateTransition.xml (RunModel)" time="0.044" />
  <testcase classname="ptolemy.util.test.junit.AutoTests" name="[117] /home/travis/build/icyphy/ptII/ptolemy/domains/modal/test/auto/SustainHierarchy.xml (RunModel)" time="0.03" />
  <testcase classname="ptolemy.util.test.junit.AutoTests" name="[118] /home/travis/build/icyphy/ptII/ptolemy/domains/modal/test/auto/TerminationTransition1.xml (RunModel)" time="0.019" />
  <testcase classname="ptolemy.util.test.junit.AutoTests" name="[119] /home/travis/build/icyphy/ptII/ptolemy/domains/modal/test/auto/TerminationTransition2.xml (RunModel)" time="0.027" />
  <testcase classname="ptolemy.util.test.junit.AutoTests" name="[120] /home/travis/build/icyphy/ptII/ptolemy/domains/modal/test/auto/TerminationTransition3.xml (RunModel)" time="0.022" />
  <testcase classname="ptolemy.util.test.junit.AutoTests" name="[121] /home/travis/build/icyphy/ptII/ptolemy/domains/modal/test/auto/TerminationTransition4.xml (RunModel)" time="0.035" />
  <testcase classname="ptolemy.util.test.junit.AutoTests" name="[122] /home/travis/build/icyphy/ptII/ptolemy/domains/modal/test/auto/TerminationTransition5.xml (RunModel)" time="0.031" />
  <testcase classname="ptolemy.util.test.junit.AutoTests" name="[123] /home/travis/build/icyphy/ptII/ptolemy/domains/modal/test/auto/TerminationTransition6.xml (RunModel)" time="0.022" />
  <testcase classname="ptolemy.util.test.junit.AutoTests" name="[124] /home/travis/build/icyphy/ptII/ptolemy/domains/modal/test/auto/TerminationTransition7.xml (RunModel)" time="0.023" />
  <testcase classname="ptolemy.util.test.junit.AutoTests" name="[125] /home/travis/build/icyphy/ptII/ptolemy/domains/modal/test/auto/TerminationTransition8.xml (RunModel)" time="0.024" />
  <testcase classname="ptolemy.util.test.junit.AutoTests" name="[126] /home/travis/build/icyphy/ptII/ptolemy/domains/modal/test/auto/Thermostat_NoHysteresis.xml (RunModel)" time="0.075" />
  <testcase classname="ptolemy.util.test.junit.AutoTests" name="[127] /home/travis/build/icyphy/ptII/ptolemy/domains/modal/test/auto/TimedFSM.xml (RunModel)" time="0.032" />
  <testcase classname="ptolemy.util.test.junit.AutoTests" name="[128] /home/travis/build/icyphy/ptII/ptolemy/domains/modal/test/auto/Timeout1.xml (RunModel)" time="0.023" />
  <testcase classname="ptolemy.util.test.junit.AutoTests" name="[129] /home/travis/build/icyphy/ptII/ptolemy/domains/modal/test/auto/Timeout2.xml (RunModel)" time="0.024" />
  <testcase classname="ptolemy.util.test.junit.AutoTests" name="[130] /home/travis/build/icyphy/ptII/ptolemy/domains/modal/test/auto/Timeout3.xml (RunModel)" time="0.011" />
  <testcase classname="ptolemy.util.test.junit.AutoTests" name="[131] /home/travis/build/icyphy/ptII/ptolemy/domains/modal/test/auto/Timeout4.xml (RunModel)" time="0.013" />
  <testcase classname="ptolemy.util.test.junit.AutoTests" name="[132] /home/travis/build/icyphy/ptII/ptolemy/domains/modal/test/auto/TransientstateModelAdvanced.xml (RunModel)" time="0.04" />
  <testcase classname="ptolemy.util.test.junit.AutoTests" name="[133] /home/travis/build/icyphy/ptII/ptolemy/domains/modal/test/auto/TransientstateModelAdvanced2.xml (RunModel)" time="0.028" />
  <testcase classname="ptolemy.util.test.junit.AutoTests" name="[134] /home/travis/build/icyphy/ptII/ptolemy/domains/modal/test/auto/TransitionRefinements.xml (RunModel)" time="0.023" />
  <testcase classname="ptolemy.util.test.junit.AutoTests" name="[135] /home/travis/build/icyphy/ptII/ptolemy/domains/modal/test/auto/TwoRefinements1.xml (RunModel)" time="0.023" />
  <testcase classname="ptolemy.util.test.junit.AutoTests" name="[136] /home/travis/build/icyphy/ptII/ptolemy/domains/modal/test/auto/TwoRefinements2.xml (RunModel)" time="0.022" />
  <testcase classname="ptolemy.util.test.junit.AutoTests" name="[137] /home/travis/build/icyphy/ptII/ptolemy/domains/modal/test/auto/WeakImmediateTransition.xml (RunModel)" time="0.024" />
  <testcase classname="ptolemy.util.test.junit.AutoTests" name="[138] /home/travis/build/icyphy/ptII/ptolemy/domains/modal/test/auto/booleanSelect.xml (RunModel)" time="0.082" />
  <testcase classname="ptolemy.util.test.junit.AutoTests" name="[139] /home/travis/build/icyphy/ptII/ptolemy/domains/modal/test/auto/modalChangingParams.xml (RunModel)" time="0.301" />
  <testcase classname="ptolemy.util.test.junit.AutoTests" name="[140] /home/travis/build/icyphy/ptII/ptolemy/domains/modal/test/auto/modalModel.xml (RunModel)" time="0.04" />
  <testcase classname="ptolemy.util.test.junit.AutoTests" name="[141] /home/travis/build/icyphy/ptII/ptolemy/domains/modal/test/auto/modalModel2.xml (RunModel)" time="0.031" />
  <testcase classname="ptolemy.util.test.junit.AutoTests" name="[142] /home/travis/build/icyphy/ptII/ptolemy/domains/modal/test/auto/modalModel3.xml (RunModel)" time="0.041" />
  <testcase classname="ptolemy.util.test.junit.AutoTests" name="[143] /home/travis/build/icyphy/ptII/ptolemy/domains/modal/test/auto/model1.xml (RunModel)" time="0.021" />
  <testcase classname="ptolemy.util.test.junit.AutoTests" name="[144] /home/travis/build/icyphy/ptII/ptolemy/domains/modal/test/auto/test-direct-in-out.xml (RunModel)" time="0.023" />
  <system-out><![CDATA[/home/travis/build/icyphy/ptII/ptolemy/domains/modal/test/SystemLevelType.tcl
testDefs.tcl: setting time out to 9000 seconds at Mon Jul 27 15:15:02 UTC 2020
07/27/20 03:15:04
Failed: 0  Total Tests: 1  ((Passed: 1, Newly Passed: 0)  Known Failed: 0) /home/travis/build/icyphy/ptII/ptolemy/domains/modal/test
----------------- testing (KnownFailure) /home/travis/build/icyphy/ptII/ptolemy/domains/modal/test/auto/knownFailedTests/CannotAnalysisWithPreemption.xml
103 ms. Memory: 129024K Free: 64836K (50%)
Known Failure: java.lang.reflect.InvocationTargetException
No auto/linux-amd64/*.xml tests in /home/travis/build/icyphy/ptII/ptolemy/domains/modal/test
AutoTests.java: About to close Vertx.
AutoTests.java: Vertx closed.

===========================================================================================
----------------- testing Mon Jul 27 15:15:05 UTC 2020 /home/travis/build/icyphy/ptII/ptolemy/domains/modal/test/auto/ABPTest.xml
----------------- Instantiating /home/travis/build/icyphy/ptII/ptolemy/domains/modal/test/auto/ABPTest.xml
345 ms. Memory: 155648K Free: 116535K (75%)
----------------- Invoking toplevel() on ptolemy.moml.MoMLSimpleApplication@677e3284
----------------- Done invoking toplevel() on ptolemy.moml.MoMLSimpleApplication@677e3284
reloadAllAccessors: .ABPTest

===========================================================================================
----------------- testing Mon Jul 27 15:15:06 UTC 2020 /home/travis/build/icyphy/ptII/ptolemy/domains/modal/test/auto/ABROFlat.xml
----------------- Instantiating /home/travis/build/icyphy/ptII/ptolemy/domains/modal/test/auto/ABROFlat.xml
25 ms. Memory: 155648K Free: 100639K (65%)
----------------- Invoking toplevel() on ptolemy.moml.MoMLSimpleApplication@6f1e0da8
----------------- Done invoking toplevel() on ptolemy.moml.MoMLSimpleApplication@6f1e0da8
reloadAllAccessors: .ABROFlat

===========================================================================================
----------------- testing Mon Jul 27 15:15:06 UTC 2020 /home/travis/build/icyphy/ptII/ptolemy/domains/modal/test/auto/ABROFlat2.xml
----------------- Instantiating /home/travis/build/icyphy/ptII/ptolemy/domains/modal/test/auto/ABROFlat2.xml
19 ms. Memory: 155648K Free: 83767K (54%)
----------------- Invoking toplevel() on ptolemy.moml.MoMLSimpleApplication@6665bc8e
----------------- Done invoking toplevel() on ptolemy.moml.MoMLSimpleApplication@6665bc8e
reloadAllAccessors: .ABROFlat2

===========================================================================================
----------------- testing Mon Jul 27 15:15:06 UTC 2020 /home/travis/build/icyphy/ptII/ptolemy/domains/modal/test/auto/ABRO_present_hmm.xml
----------------- Instantiating /home/travis/build/icyphy/ptII/ptolemy/domains/modal/test/auto/ABRO_present_hmm.xml
42 ms. Memory: 155648K Free: 57143K (37%)
----------------- Invoking toplevel() on ptolemy.moml.MoMLSimpleApplication@16329e3b
----------------- Done invoking toplevel() on ptolemy.moml.MoMLSimpleApplication@16329e3b
reloadAllAccessors: .ABRO_present_hmm

===========================================================================================
----------------- testing Mon Jul 27 15:15:06 UTC 2020 /home/travis/build/icyphy/ptII/ptolemy/domains/modal/test/auto/AMICoderExample.xml
----------------- Instantiating /home/travis/build/icyphy/ptII/ptolemy/domains/modal/test/auto/AMICoderExample.xml
74 ms. Memory: 155648K Free: 133519K (86%)
----------------- Invoking toplevel() on ptolemy.moml.MoMLSimpleApplication@20f19112
----------------- Done invoking toplevel() on ptolemy.moml.MoMLSimpleApplication@20f19112
reloadAllAccessors: .AMICoderExample

===========================================================================================
----------------- testing Mon Jul 27 15:15:06 UTC 2020 /home/travis/build/icyphy/ptII/ptolemy/domains/modal/test/auto/AbsentToPresent.xml
----------------- Instantiating /home/travis/build/icyphy/ptII/ptolemy/domains/modal/test/auto/AbsentToPresent.xml
8 ms. Memory: 155648K Free: 128524K (83%)
----------------- Invoking toplevel() on ptolemy.moml.MoMLSimpleApplication@1537f06e
----------------- Done invoking toplevel() on ptolemy.moml.MoMLSimpleApplication@1537f06e
reloadAllAccessors: .AbsentToPresent

===========================================================================================
----------------- testing Mon Jul 27 15:15:06 UTC 2020 /home/travis/build/icyphy/ptII/ptolemy/domains/modal/test/auto/Blending.xml
----------------- Instantiating /home/travis/build/icyphy/ptII/ptolemy/domains/modal/test/auto/Blending.xml
191 ms. Memory: 155648K Free: 83454K (54%)
----------------- Invoking toplevel() on ptolemy.moml.MoMLSimpleApplication@61d0a80a
----------------- Done invoking toplevel() on ptolemy.moml.MoMLSimpleApplication@61d0a80a
reloadAllAccessors: .Blending

===========================================================================================
----------------- testing Mon Jul 27 15:15:06 UTC 2020 /home/travis/build/icyphy/ptII/ptolemy/domains/modal/test/auto/Broadcast.xml
----------------- Instantiating /home/travis/build/icyphy/ptII/ptolemy/domains/modal/test/auto/Broadcast.xml
14 ms. Memory: 155648K Free: 73685K (47%)
----------------- Invoking toplevel() on ptolemy.moml.MoMLSimpleApplication@7e9e0ef3
----------------- Done invoking toplevel() on ptolemy.moml.MoMLSimpleApplication@7e9e0ef3
reloadAllAccessors: .Broadcast

===========================================================================================
----------------- testing Mon Jul 27 15:15:07 UTC 2020 /home/travis/build/icyphy/ptII/ptolemy/domains/modal/test/auto/BroadcastHierarchy.xml
----------------- Instantiating /home/travis/build/icyphy/ptII/ptolemy/domains/modal/test/auto/BroadcastHierarchy.xml
22 ms. Memory: 155648K Free: 59902K (38%)
----------------- Invoking toplevel() on ptolemy.moml.MoMLSimpleApplication@5fc1e3a4
----------------- Done invoking toplevel() on ptolemy.moml.MoMLSimpleApplication@5fc1e3a4
reloadAllAccessors: .BroadcastHierarchy

===========================================================================================
----------------- testing Mon Jul 27 15:15:07 UTC 2020 /home/travis/build/icyphy/ptII/ptolemy/domains/modal/test/auto/BroadcastHierarchy2.xml
----------------- Instantiating /home/travis/build/icyphy/ptII/ptolemy/domains/modal/test/auto/BroadcastHierarchy2.xml
20 ms. Memory: 155648K Free: 120783K (78%)
----------------- Invoking toplevel() on ptolemy.moml.MoMLSimpleApplication@7d2a9eb2
----------------- Done invoking toplevel() on ptolemy.moml.MoMLSimpleApplication@7d2a9eb2
reloadAllAccessors: .BroadcastHierarchy2

===========================================================================================
----------------- testing Mon Jul 27 15:15:07 UTC 2020 /home/travis/build/icyphy/ptII/ptolemy/domains/modal/test/auto/BroadcastHierarchy3.xml
----------------- Instantiating /home/travis/build/icyphy/ptII/ptolemy/domains/modal/test/auto/BroadcastHierarchy3.xml
26 ms. Memory: 155648K Free: 100333K (64%)
----------------- Invoking toplevel() on ptolemy.moml.MoMLSimpleApplication@47e92b90
----------------- Done invoking toplevel() on ptolemy.moml.MoMLSimpleApplication@47e92b90
reloadAllAccessors: .BroadcastHierarchy3

===========================================================================================
----------------- testing Mon Jul 27 15:15:07 UTC 2020 /home/travis/build/icyphy/ptII/ptolemy/domains/modal/test/auto/BroadcastHierarchy4.xml
----------------- Instantiating /home/travis/build/icyphy/ptII/ptolemy/domains/modal/test/auto/BroadcastHierarchy4.xml
14 ms. Memory: 155648K Free: 75757K (49%)
----------------- Invoking toplevel() on ptolemy.moml.MoMLSimpleApplication@18f63a31
----------------- Done invoking toplevel() on ptolemy.moml.MoMLSimpleApplication@18f63a31
reloadAllAccessors: .BroadcastHierarchy4

===========================================================================================
----------------- testing Mon Jul 27 15:15:07 UTC 2020 /home/travis/build/icyphy/ptII/ptolemy/domains/modal/test/auto/CannotAnalysisWithPreemption2.xml
----------------- Instantiating /home/travis/build/icyphy/ptII/ptolemy/domains/modal/test/auto/CannotAnalysisWithPreemption2.xml
5 ms. Memory: 155648K Free: 68575K (44%)
----------------- Invoking toplevel() on ptolemy.moml.MoMLSimpleApplication@51dd6aa4
----------------- Done invoking toplevel() on ptolemy.moml.MoMLSimpleApplication@51dd6aa4
reloadAllAccessors: .CannotAnalysisWithPreemption2

===========================================================================================
----------------- testing Mon Jul 27 15:15:07 UTC 2020 /home/travis/build/icyphy/ptII/ptolemy/domains/modal/test/auto/CannotAnalysisWithPreemption3.xml
----------------- Instantiating /home/travis/build/icyphy/ptII/ptolemy/domains/modal/test/auto/CannotAnalysisWithPreemption3.xml
6 ms. Memory: 155648K Free: 58335K (37%)
----------------- Invoking toplevel() on ptolemy.moml.MoMLSimpleApplication@36554ebf
----------------- Done invoking toplevel() on ptolemy.moml.MoMLSimpleApplication@36554ebf
reloadAllAccessors: .CannotAnalysisWithPreemption3

===========================================================================================
----------------- testing Mon Jul 27 15:15:07 UTC 2020 /home/travis/build/icyphy/ptII/ptolemy/domains/modal/test/auto/CannotProduce.xml
----------------- Instantiating /home/travis/build/icyphy/ptII/ptolemy/domains/modal/test/auto/CannotProduce.xml
18 ms. Memory: 155648K Free: 51695K (33%)
----------------- Invoking toplevel() on ptolemy.moml.MoMLSimpleApplication@46d5f64a
----------------- Done invoking toplevel() on ptolemy.moml.MoMLSimpleApplication@46d5f64a
reloadAllAccessors: .CannotProduce

===========================================================================================
----------------- testing Mon Jul 27 15:15:07 UTC 2020 /home/travis/build/icyphy/ptII/ptolemy/domains/modal/test/auto/CannotProduceModal.xml
----------------- Instantiating /home/travis/build/icyphy/ptII/ptolemy/domains/modal/test/auto/CannotProduceModal.xml
11 ms. Memory: 189440K Free: 166355K (88%)
----------------- Invoking toplevel() on ptolemy.moml.MoMLSimpleApplication@512e2564
----------------- Done invoking toplevel() on ptolemy.moml.MoMLSimpleApplication@512e2564
reloadAllAccessors: .CannotProduceModal

===========================================================================================
----------------- testing Mon Jul 27 15:15:07 UTC 2020 /home/travis/build/icyphy/ptII/ptolemy/domains/modal/test/auto/Case.xml
----------------- Instantiating /home/travis/build/icyphy/ptII/ptolemy/domains/modal/test/auto/Case.xml
23 ms. Memory: 189440K Free: 154577K (82%)
----------------- Invoking toplevel() on ptolemy.moml.MoMLSimpleApplication@6f30e83
----------------- Done invoking toplevel() on ptolemy.moml.MoMLSimpleApplication@6f30e83
reloadAllAccessors: .Case

===========================================================================================
----------------- testing Mon Jul 27 15:15:07 UTC 2020 /home/travis/build/icyphy/ptII/ptolemy/domains/modal/test/auto/Case1.xml
----------------- Instantiating /home/travis/build/icyphy/ptII/ptolemy/domains/modal/test/auto/Case1.xml
11 ms. Memory: 189440K Free: 147409K (78%)
----------------- Invoking toplevel() on ptolemy.moml.MoMLSimpleApplication@10c5b04b
----------------- Done invoking toplevel() on ptolemy.moml.MoMLSimpleApplication@10c5b04b
reloadAllAccessors: .Case1

===========================================================================================
----------------- testing Mon Jul 27 15:15:07 UTC 2020 /home/travis/build/icyphy/ptII/ptolemy/domains/modal/test/auto/Case2.xml
----------------- Instantiating /home/travis/build/icyphy/ptII/ptolemy/domains/modal/test/auto/Case2.xml
18 ms. Memory: 189440K Free: 136659K (72%)
----------------- Invoking toplevel() on ptolemy.moml.MoMLSimpleApplication@6b47c335
----------------- Done invoking toplevel() on ptolemy.moml.MoMLSimpleApplication@6b47c335
reloadAllAccessors: .Case2

===========================================================================================
----------------- testing Mon Jul 27 15:15:07 UTC 2020 /home/travis/build/icyphy/ptII/ptolemy/domains/modal/test/auto/CausalityInterface1.xml
----------------- Instantiating /home/travis/build/icyphy/ptII/ptolemy/domains/modal/test/auto/CausalityInterface1.xml
5 ms. Memory: 189440K Free: 131539K (69%)
----------------- Invoking toplevel() on ptolemy.moml.MoMLSimpleApplication@664af536
----------------- Done invoking toplevel() on ptolemy.moml.MoMLSimpleApplication@664af536
reloadAllAccessors: .CausalityInterface1

===========================================================================================
----------------- testing Mon Jul 27 15:15:07 UTC 2020 /home/travis/build/icyphy/ptII/ptolemy/domains/modal/test/auto/CausalityInterface10.xml
----------------- Instantiating /home/travis/build/icyphy/ptII/ptolemy/domains/modal/test/auto/CausalityInterface10.xml
11 ms. Memory: 189440K Free: 118227K (62%)
----------------- Invoking toplevel() on ptolemy.moml.MoMLSimpleApplication@26649b5b
----------------- Done invoking toplevel() on ptolemy.moml.MoMLSimpleApplication@26649b5b
reloadAllAccessors: .CausalityInterface10

===========================================================================================
----------------- testing Mon Jul 27 15:15:07 UTC 2020 /home/travis/build/icyphy/ptII/ptolemy/domains/modal/test/auto/CausalityInterface11.xml
----------------- Instantiating /home/travis/build/icyphy/ptII/ptolemy/domains/modal/test/auto/CausalityInterface11.xml
8 ms. Memory: 189440K Free: 104915K (55%)
----------------- Invoking toplevel() on ptolemy.moml.MoMLSimpleApplication@1b7dd5
----------------- Done invoking toplevel() on ptolemy.moml.MoMLSimpleApplication@1b7dd5
reloadAllAccessors: .CausalityInterface11

===========================================================================================
----------------- testing Mon Jul 27 15:15:07 UTC 2020 /home/travis/build/icyphy/ptII/ptolemy/domains/modal/test/auto/CausalityInterface12.xml
----------------- Instantiating /home/travis/build/icyphy/ptII/ptolemy/domains/modal/test/auto/CausalityInterface12.xml
10 ms. Memory: 189440K Free: 91603K (48%)
----------------- Invoking toplevel() on ptolemy.moml.MoMLSimpleApplication@688fbc09
----------------- Done invoking toplevel() on ptolemy.moml.MoMLSimpleApplication@688fbc09
reloadAllAccessors: .CausalityInterface12

===========================================================================================
----------------- testing Mon Jul 27 15:15:07 UTC 2020 /home/travis/build/icyphy/ptII/ptolemy/domains/modal/test/auto/CausalityInterface13.xml
----------------- Instantiating /home/travis/build/icyphy/ptII/ptolemy/domains/modal/test/auto/CausalityInterface13.xml
7 ms. Memory: 189440K Free: 77763K (41%)
----------------- Invoking toplevel() on ptolemy.moml.MoMLSimpleApplication@43fe6f57
----------------- Done invoking toplevel() on ptolemy.moml.MoMLSimpleApplication@43fe6f57
reloadAllAccessors: .CausalityInterface13

===========================================================================================
----------------- testing Mon Jul 27 15:15:08 UTC 2020 /home/travis/build/icyphy/ptII/ptolemy/domains/modal/test/auto/CausalityInterface14.xml
----------------- Instantiating /home/travis/build/icyphy/ptII/ptolemy/domains/modal/test/auto/CausalityInterface14.xml
13 ms. Memory: 189440K Free: 63955K (34%)
----------------- Invoking toplevel() on ptolemy.moml.MoMLSimpleApplication@22f341b8
----------------- Done invoking toplevel() on ptolemy.moml.MoMLSimpleApplication@22f341b8
reloadAllAccessors: .CausalityInterface14

===========================================================================================
----------------- testing Mon Jul 27 15:15:08 UTC 2020 /home/travis/build/icyphy/ptII/ptolemy/domains/modal/test/auto/CausalityInterface2.xml
----------------- Instantiating /home/travis/build/icyphy/ptII/ptolemy/domains/modal/test/auto/CausalityInterface2.xml
4 ms. Memory: 189440K Free: 166391K (88%)
----------------- Invoking toplevel() on ptolemy.moml.MoMLSimpleApplication@7db9681b
----------------- Done invoking toplevel() on ptolemy.moml.MoMLSimpleApplication@7db9681b
reloadAllAccessors: .CausalityInterface2

===========================================================================================
----------------- testing Mon Jul 27 15:15:08 UTC 2020 /home/travis/build/icyphy/ptII/ptolemy/domains/modal/test/auto/CausalityInterface3.xml
----------------- Instantiating /home/travis/build/icyphy/ptII/ptolemy/domains/modal/test/auto/CausalityInterface3.xml
4 ms. Memory: 189440K Free: 159729K (84%)
----------------- Invoking toplevel() on ptolemy.moml.MoMLSimpleApplication@6e852cf7
----------------- Done invoking toplevel() on ptolemy.moml.MoMLSimpleApplication@6e852cf7
reloadAllAccessors: .CausalityInterface3

===========================================================================================
----------------- testing Mon Jul 27 15:15:08 UTC 2020 /home/travis/build/icyphy/ptII/ptolemy/domains/modal/test/auto/CausalityInterface4.xml
----------------- Instantiating /home/travis/build/icyphy/ptII/ptolemy/domains/modal/test/auto/CausalityInterface4.xml
4 ms. Memory: 189440K Free: 153585K (81%)
----------------- Invoking toplevel() on ptolemy.moml.MoMLSimpleApplication@3d17e1e4
----------------- Done invoking toplevel() on ptolemy.moml.MoMLSimpleApplication@3d17e1e4
reloadAllAccessors: .CausalityInterface4

===========================================================================================
----------------- testing Mon Jul 27 15:15:08 UTC 2020 /home/travis/build/icyphy/ptII/ptolemy/domains/modal/test/auto/CausalityInterface5.xml
----------------- Instantiating /home/travis/build/icyphy/ptII/ptolemy/domains/modal/test/auto/CausalityInterface5.xml
5 ms. Memory: 189440K Free: 145385K (77%)
----------------- Invoking toplevel() on ptolemy.moml.MoMLSimpleApplication@394ed6c3
----------------- Done invoking toplevel() on ptolemy.moml.MoMLSimpleApplication@394ed6c3
reloadAllAccessors: .CausalityInterface5

===========================================================================================
----------------- testing Mon Jul 27 15:15:08 UTC 2020 /home/travis/build/icyphy/ptII/ptolemy/domains/modal/test/auto/CausalityInterface6.xml
----------------- Instantiating /home/travis/build/icyphy/ptII/ptolemy/domains/modal/test/auto/CausalityInterface6.xml
5 ms. Memory: 189440K Free: 137177K (72%)
----------------- Invoking toplevel() on ptolemy.moml.MoMLSimpleApplication@7d72f82c
----------------- Done invoking toplevel() on ptolemy.moml.MoMLSimpleApplication@7d72f82c
reloadAllAccessors: .CausalityInterface6

===========================================================================================
----------------- testing Mon Jul 27 15:15:08 UTC 2020 /home/travis/build/icyphy/ptII/ptolemy/domains/modal/test/auto/CausalityInterface7.xml
----------------- Instantiating /home/travis/build/icyphy/ptII/ptolemy/domains/modal/test/auto/CausalityInterface7.xml
10 ms. Memory: 189440K Free: 129015K (68%)
----------------- Invoking toplevel() on ptolemy.moml.MoMLSimpleApplication@6c6118d0
----------------- Done invoking toplevel() on ptolemy.moml.MoMLSimpleApplication@6c6118d0
reloadAllAccessors: .CausalityInterface7

===========================================================================================
----------------- testing Mon Jul 27 15:15:08 UTC 2020 /home/travis/build/icyphy/ptII/ptolemy/domains/modal/test/auto/CausalityInterface8.xml
----------------- Instantiating /home/travis/build/icyphy/ptII/ptolemy/domains/modal/test/auto/CausalityInterface8.xml
7 ms. Memory: 189440K Free: 120793K (64%)
----------------- Invoking toplevel() on ptolemy.moml.MoMLSimpleApplication@2ae85db7
----------------- Done invoking toplevel() on ptolemy.moml.MoMLSimpleApplication@2ae85db7
reloadAllAccessors: .CausalityInterface8

===========================================================================================
----------------- testing Mon Jul 27 15:15:08 UTC 2020 /home/travis/build/icyphy/ptII/ptolemy/domains/modal/test/auto/CausalityInterface9.xml
----------------- Instantiating /home/travis/build/icyphy/ptII/ptolemy/domains/modal/test/auto/CausalityInterface9.xml
10 ms. Memory: 189440K Free: 111097K (59%)
----------------- Invoking toplevel() on ptolemy.moml.MoMLSimpleApplication@760e5672
----------------- Done invoking toplevel() on ptolemy.moml.MoMLSimpleApplication@760e5672
reloadAllAccessors: .CausalityInterface9

===========================================================================================
----------------- testing Mon Jul 27 15:15:08 UTC 2020 /home/travis/build/icyphy/ptII/ptolemy/domains/modal/test/auto/ChainedTransitions.xml
----------------- Instantiating /home/travis/build/icyphy/ptII/ptolemy/domains/modal/test/auto/ChainedTransitions.xml
75 ms. Memory: 189440K Free: 86521K (46%)
----------------- Invoking toplevel() on ptolemy.moml.MoMLSimpleApplication@2d760198
----------------- Done invoking toplevel() on ptolemy.moml.MoMLSimpleApplication@2d760198
reloadAllAccessors: .ChainedTransitions

===========================================================================================
----------------- testing Mon Jul 27 15:15:08 UTC 2020 /home/travis/build/icyphy/ptII/ptolemy/domains/modal/test/auto/CycleOfImmediateTransitionsFSM.xml
----------------- Instantiating /home/travis/build/icyphy/ptII/ptolemy/domains/modal/test/auto/CycleOfImmediateTransitionsFSM.xml
3 ms. Memory: 189440K Free: 80377K (42%)
----------------- Invoking toplevel() on ptolemy.moml.MoMLSimpleApplication@7dc6e02
----------------- Done invoking toplevel() on ptolemy.moml.MoMLSimpleApplication@7dc6e02
reloadAllAccessors: .CycleOfImmediateTransitionsFSM

===========================================================================================
----------------- testing Mon Jul 27 15:15:08 UTC 2020 /home/travis/build/icyphy/ptII/ptolemy/domains/modal/test/auto/CycleOfImmediateTransitionsModal.xml
----------------- Instantiating /home/travis/build/icyphy/ptII/ptolemy/domains/modal/test/auto/CycleOfImmediateTransitionsModal.xml
3 ms. Memory: 189440K Free: 74233K (39%)
----------------- Invoking toplevel() on ptolemy.moml.MoMLSimpleApplication@6d74b0c8
----------------- Done invoking toplevel() on ptolemy.moml.MoMLSimpleApplication@6d74b0c8
reloadAllAccessors: .CycleOfImmediateTransitionsModal

===========================================================================================
----------------- testing Mon Jul 27 15:15:08 UTC 2020 /home/travis/build/icyphy/ptII/ptolemy/domains/modal/test/auto/CycleOfImmediateTransitionsModal2.xml
----------------- Instantiating /home/travis/build/icyphy/ptII/ptolemy/domains/modal/test/auto/CycleOfImmediateTransitionsModal2.xml
3 ms. Memory: 189440K Free: 68089K (36%)
----------------- Invoking toplevel() on ptolemy.moml.MoMLSimpleApplication@62b549c8
----------------- Done invoking toplevel() on ptolemy.moml.MoMLSimpleApplication@62b549c8
reloadAllAccessors: .CycleOfImmediateTransitionsModal2

===========================================================================================
----------------- testing Mon Jul 27 15:15:08 UTC 2020 /home/travis/build/icyphy/ptII/ptolemy/domains/modal/test/auto/CycleOfImmediateTransitionsModal3.xml
----------------- Instantiating /home/travis/build/icyphy/ptII/ptolemy/domains/modal/test/auto/CycleOfImmediateTransitionsModal3.xml
13 ms. Memory: 189440K Free: 153999K (81%)
----------------- Invoking toplevel() on ptolemy.moml.MoMLSimpleApplication@3feb8009
----------------- Done invoking toplevel() on ptolemy.moml.MoMLSimpleApplication@3feb8009
reloadAllAccessors: .CycleOfImmediateTransitionsModal3

===========================================================================================
----------------- testing Mon Jul 27 15:15:08 UTC 2020 /home/travis/build/icyphy/ptII/ptolemy/domains/modal/test/auto/DeepModal1.xml
----------------- Instantiating /home/travis/build/icyphy/ptII/ptolemy/domains/modal/test/auto/DeepModal1.xml
19 ms. Memory: 189440K Free: 140143K (74%)
----------------- Invoking toplevel() on ptolemy.moml.MoMLSimpleApplication@372afbca
----------------- Done invoking toplevel() on ptolemy.moml.MoMLSimpleApplication@372afbca
reloadAllAccessors: .DeepModal1

===========================================================================================
----------------- testing Mon Jul 27 15:15:08 UTC 2020 /home/travis/build/icyphy/ptII/ptolemy/domains/modal/test/auto/DeepModal2.xml
----------------- Instantiating /home/travis/build/icyphy/ptII/ptolemy/domains/modal/test/auto/DeepModal2.xml
31 ms. Memory: 189440K Free: 121231K (64%)
----------------- Invoking toplevel() on ptolemy.moml.MoMLSimpleApplication@160a7ba6
----------------- Done invoking toplevel() on ptolemy.moml.MoMLSimpleApplication@160a7ba6
reloadAllAccessors: .DeepModal2

===========================================================================================
----------------- testing Mon Jul 27 15:15:08 UTC 2020 /home/travis/build/icyphy/ptII/ptolemy/domains/modal/test/auto/DeepModal3.xml
----------------- Instantiating /home/travis/build/icyphy/ptII/ptolemy/domains/modal/test/auto/DeepModal3.xml
39 ms. Memory: 189440K Free: 101775K (54%)
----------------- Invoking toplevel() on ptolemy.moml.MoMLSimpleApplication@270ae392
----------------- Done invoking toplevel() on ptolemy.moml.MoMLSimpleApplication@270ae392
reloadAllAccessors: .DeepModal3

===========================================================================================
----------------- testing Mon Jul 27 15:15:08 UTC 2020 /home/travis/build/icyphy/ptII/ptolemy/domains/modal/test/auto/DeepModal4.xml
----------------- Instantiating /home/travis/build/icyphy/ptII/ptolemy/domains/modal/test/auto/DeepModal4.xml
34 ms. Memory: 189440K Free: 82319K (43%)
----------------- Invoking toplevel() on ptolemy.moml.MoMLSimpleApplication@722b0dfa
----------------- Done invoking toplevel() on ptolemy.moml.MoMLSimpleApplication@722b0dfa
reloadAllAccessors: .DeepModal4

===========================================================================================
----------------- testing Mon Jul 27 15:15:09 UTC 2020 /home/travis/build/icyphy/ptII/ptolemy/domains/modal/test/auto/Default1.xml
----------------- Instantiating /home/travis/build/icyphy/ptII/ptolemy/domains/modal/test/auto/Default1.xml
3 ms. Memory: 189440K Free: 76175K (40%)
----------------- Invoking toplevel() on ptolemy.moml.MoMLSimpleApplication@1a1ad244
----------------- Done invoking toplevel() on ptolemy.moml.MoMLSimpleApplication@1a1ad244
reloadAllAccessors: .Default1

===========================================================================================
----------------- testing Mon Jul 27 15:15:09 UTC 2020 /home/travis/build/icyphy/ptII/ptolemy/domains/modal/test/auto/Default2.xml
----------------- Instantiating /home/travis/build/icyphy/ptII/ptolemy/domains/modal/test/auto/Default2.xml
13 ms. Memory: 189440K Free: 70541K (37%)
----------------- Invoking toplevel() on ptolemy.moml.MoMLSimpleApplication@19ab9409
----------------- Done invoking toplevel() on ptolemy.moml.MoMLSimpleApplication@19ab9409
reloadAllAccessors: .Default2

===========================================================================================
----------------- testing Mon Jul 27 15:15:09 UTC 2020 /home/travis/build/icyphy/ptII/ptolemy/domains/modal/test/auto/Default3.xml
----------------- Instantiating /home/travis/build/icyphy/ptII/ptolemy/domains/modal/test/auto/Default3.xml
6 ms. Memory: 189440K Free: 64397K (34%)
----------------- Invoking toplevel() on ptolemy.moml.MoMLSimpleApplication@20fca7c5
----------------- Done invoking toplevel() on ptolemy.moml.MoMLSimpleApplication@20fca7c5
reloadAllAccessors: .Default3

===========================================================================================
----------------- testing Mon Jul 27 15:15:09 UTC 2020 /home/travis/build/icyphy/ptII/ptolemy/domains/modal/test/auto/Default4.xml
----------------- Instantiating /home/travis/build/icyphy/ptII/ptolemy/domains/modal/test/auto/Default4.xml
3 ms. Memory: 189440K Free: 166783K (88%)
----------------- Invoking toplevel() on ptolemy.moml.MoMLSimpleApplication@237232f8
----------------- Done invoking toplevel() on ptolemy.moml.MoMLSimpleApplication@237232f8
reloadAllAccessors: .Default4

===========================================================================================
----------------- testing Mon Jul 27 15:15:09 UTC 2020 /home/travis/build/icyphy/ptII/ptolemy/domains/modal/test/auto/Default5.xml
----------------- Instantiating /home/travis/build/icyphy/ptII/ptolemy/domains/modal/test/auto/Default5.xml
4 ms. Memory: 189440K Free: 158095K (83%)
----------------- Invoking toplevel() on ptolemy.moml.MoMLSimpleApplication@4b8c55ce
----------------- Done invoking toplevel() on ptolemy.moml.MoMLSimpleApplication@4b8c55ce
reloadAllAccessors: .Default5

===========================================================================================
----------------- testing Mon Jul 27 15:15:09 UTC 2020 /home/travis/build/icyphy/ptII/ptolemy/domains/modal/test/auto/EmptyGuard.xml
----------------- Instantiating /home/travis/build/icyphy/ptII/ptolemy/domains/modal/test/auto/EmptyGuard.xml
15 ms. Memory: 189440K Free: 149903K (79%)
----------------- Invoking toplevel() on ptolemy.moml.MoMLSimpleApplication@362b3c98
----------------- Done invoking toplevel() on ptolemy.moml.MoMLSimpleApplication@362b3c98
reloadAllAccessors: .EmptyGuard

===========================================================================================
----------------- testing Mon Jul 27 15:15:09 UTC 2020 /home/travis/build/icyphy/ptII/ptolemy/domains/modal/test/auto/ErrorTransition1.xml
----------------- Instantiating /home/travis/build/icyphy/ptII/ptolemy/domains/modal/test/auto/ErrorTransition1.xml
7 ms. Memory: 189440K Free: 141197K (75%)
----------------- Invoking toplevel() on ptolemy.moml.MoMLSimpleApplication@2a87c271
----------------- Done invoking toplevel() on ptolemy.moml.MoMLSimpleApplication@2a87c271
reloadAllAccessors: .ErrorTransition1

===========================================================================================
----------------- testing Mon Jul 27 15:15:09 UTC 2020 /home/travis/build/icyphy/ptII/ptolemy/domains/modal/test/auto/ErrorTransition10.xml
----------------- Instantiating /home/travis/build/icyphy/ptII/ptolemy/domains/modal/test/auto/ErrorTransition10.xml
10 ms. Memory: 189440K Free: 127375K (67%)
----------------- Invoking toplevel() on ptolemy.moml.MoMLSimpleApplication@52c9fcbc
----------------- Done invoking toplevel() on ptolemy.moml.MoMLSimpleApplication@52c9fcbc
reloadAllAccessors: .ErrorTransition10

===========================================================================================
----------------- testing Mon Jul 27 15:15:09 UTC 2020 /home/travis/build/icyphy/ptII/ptolemy/domains/modal/test/auto/ErrorTransition11.xml
----------------- Instantiating /home/travis/build/icyphy/ptII/ptolemy/domains/modal/test/auto/ErrorTransition11.xml
5 ms. Memory: 189440K Free: 116111K (61%)
----------------- Invoking toplevel() on ptolemy.moml.MoMLSimpleApplication@15616df3
----------------- Done invoking toplevel() on ptolemy.moml.MoMLSimpleApplication@15616df3
reloadAllAccessors: .ErrorTransition11

===========================================================================================
----------------- testing Mon Jul 27 15:15:09 UTC 2020 /home/travis/build/icyphy/ptII/ptolemy/domains/modal/test/auto/ErrorTransition2.xml
----------------- Instantiating /home/travis/build/icyphy/ptII/ptolemy/domains/modal/test/auto/ErrorTransition2.xml
8 ms. Memory: 189440K Free: 107405K (57%)
----------------- Invoking toplevel() on ptolemy.moml.MoMLSimpleApplication@1891c2fb
----------------- Done invoking toplevel() on ptolemy.moml.MoMLSimpleApplication@1891c2fb
reloadAllAccessors: .ErrorTransition2

===========================================================================================
----------------- testing Mon Jul 27 15:15:09 UTC 2020 /home/travis/build/icyphy/ptII/ptolemy/domains/modal/test/auto/ErrorTransition3.xml
----------------- Instantiating /home/travis/build/icyphy/ptII/ptolemy/domains/modal/test/auto/ErrorTransition3.xml
22 ms. Memory: 189440K Free: 97679K (52%)
----------------- Invoking toplevel() on ptolemy.moml.MoMLSimpleApplication@41bafa96
----------------- Done invoking toplevel() on ptolemy.moml.MoMLSimpleApplication@41bafa96
reloadAllAccessors: .ErrorTransition3

===========================================================================================
----------------- testing Mon Jul 27 15:15:09 UTC 2020 /home/travis/build/icyphy/ptII/ptolemy/domains/modal/test/auto/ErrorTransition4.xml
----------------- Instantiating /home/travis/build/icyphy/ptII/ptolemy/domains/modal/test/auto/ErrorTransition4.xml
14 ms. Memory: 189440K Free: 86415K (46%)
----------------- Invoking toplevel() on ptolemy.moml.MoMLSimpleApplication@132e8f33
----------------- Done invoking toplevel() on ptolemy.moml.MoMLSimpleApplication@132e8f33
reloadAllAccessors: .ErrorTransition4

===========================================================================================
----------------- testing Mon Jul 27 15:15:09 UTC 2020 /home/travis/build/icyphy/ptII/ptolemy/domains/modal/test/auto/ErrorTransition5.xml
----------------- Instantiating /home/travis/build/icyphy/ptII/ptolemy/domains/modal/test/auto/ErrorTransition5.xml
6 ms. Memory: 189440K Free: 76175K (40%)
----------------- Invoking toplevel() on ptolemy.moml.MoMLSimpleApplication@2ee00f16
----------------- Done invoking toplevel() on ptolemy.moml.MoMLSimpleApplication@2ee00f16
reloadAllAccessors: .ErrorTransition5

===========================================================================================
----------------- testing Mon Jul 27 15:15:09 UTC 2020 /home/travis/build/icyphy/ptII/ptolemy/domains/modal/test/auto/ErrorTransition6.xml
----------------- Instantiating /home/travis/build/icyphy/ptII/ptolemy/domains/modal/test/auto/ErrorTransition6.xml
11 ms. Memory: 189440K Free: 65421K (35%)
----------------- Invoking toplevel() on ptolemy.moml.MoMLSimpleApplication@4424564c
----------------- Done invoking toplevel() on ptolemy.moml.MoMLSimpleApplication@4424564c
reloadAllAccessors: .ErrorTransition6

===========================================================================================
----------------- testing Mon Jul 27 15:15:09 UTC 2020 /home/travis/build/icyphy/ptII/ptolemy/domains/modal/test/auto/ErrorTransition7.xml
----------------- Instantiating /home/travis/build/icyphy/ptII/ptolemy/domains/modal/test/auto/ErrorTransition7.xml
34 ms. Memory: 227328K Free: 198578K (87%)
----------------- Invoking toplevel() on ptolemy.moml.MoMLSimpleApplication@6cd7457b
----------------- Done invoking toplevel() on ptolemy.moml.MoMLSimpleApplication@6cd7457b
reloadAllAccessors: .ErrorTransition7

===========================================================================================
----------------- testing Mon Jul 27 15:15:09 UTC 2020 /home/travis/build/icyphy/ptII/ptolemy/domains/modal/test/auto/ErrorTransition8.xml
----------------- Instantiating /home/travis/build/icyphy/ptII/ptolemy/domains/modal/test/auto/ErrorTransition8.xml
39 ms. Memory: 227328K Free: 185266K (81%)
----------------- Invoking toplevel() on ptolemy.moml.MoMLSimpleApplication@2c4f7271
----------------- Done invoking toplevel() on ptolemy.moml.MoMLSimpleApplication@2c4f7271
reloadAllAccessors: .ErrorTransition8

===========================================================================================
----------------- testing Mon Jul 27 15:15:09 UTC 2020 /home/travis/build/icyphy/ptII/ptolemy/domains/modal/test/auto/ErrorTransition9.xml
----------------- Instantiating /home/travis/build/icyphy/ptII/ptolemy/domains/modal/test/auto/ErrorTransition9.xml
15 ms. Memory: 227328K Free: 171426K (75%)
----------------- Invoking toplevel() on ptolemy.moml.MoMLSimpleApplication@4de2dd45
----------------- Done invoking toplevel() on ptolemy.moml.MoMLSimpleApplication@4de2dd45
reloadAllAccessors: .ErrorTransition9

===========================================================================================
----------------- testing Mon Jul 27 15:15:09 UTC 2020 /home/travis/build/icyphy/ptII/ptolemy/domains/modal/test/auto/ExtendedFSM.xml
----------------- Instantiating /home/travis/build/icyphy/ptII/ptolemy/domains/modal/test/auto/ExtendedFSM.xml
7 ms. Memory: 227328K Free: 162738K (72%)
----------------- Invoking toplevel() on ptolemy.moml.MoMLSimpleApplication@49985975
----------------- Done invoking toplevel() on ptolemy.moml.MoMLSimpleApplication@49985975
reloadAllAccessors: .ExtendedFSM

===========================================================================================
----------------- testing Mon Jul 27 15:15:09 UTC 2020 /home/travis/build/icyphy/ptII/ptolemy/domains/modal/test/auto/FinalStates.xml
----------------- Instantiating /home/travis/build/icyphy/ptII/ptolemy/domains/modal/test/auto/FinalStates.xml
8 ms. Memory: 227328K Free: 154546K (68%)
----------------- Invoking toplevel() on ptolemy.moml.MoMLSimpleApplication@4ce25863
----------------- Done invoking toplevel() on ptolemy.moml.MoMLSimpleApplication@4ce25863
reloadAllAccessors: .FinalStates

===========================================================================================
----------------- testing Mon Jul 27 15:15:09 UTC 2020 /home/travis/build/icyphy/ptII/ptolemy/domains/modal/test/auto/FixedPointFSM.xml
----------------- Instantiating /home/travis/build/icyphy/ptII/ptolemy/domains/modal/test/auto/FixedPointFSM.xml
24 ms. Memory: 227328K Free: 139690K (61%)
----------------- Invoking toplevel() on ptolemy.moml.MoMLSimpleApplication@37bd0966
----------------- Done invoking toplevel() on ptolemy.moml.MoMLSimpleApplication@37bd0966
reloadAllAccessors: .FixedPointFSM

===========================================================================================
----------------- testing Mon Jul 27 15:15:09 UTC 2020 /home/travis/build/icyphy/ptII/ptolemy/domains/modal/test/auto/FixedPointIterationFSMActor.xml
----------------- Instantiating /home/travis/build/icyphy/ptII/ptolemy/domains/modal/test/auto/FixedPointIterationFSMActor.xml
8 ms. Memory: 227328K Free: 128946K (57%)
----------------- Invoking toplevel() on ptolemy.moml.MoMLSimpleApplication@4396e66c
----------------- Done invoking toplevel() on ptolemy.moml.MoMLSimpleApplication@4396e66c
reloadAllAccessors: .FixedPointIterationFSMActor

===========================================================================================
----------------- testing Mon Jul 27 15:15:09 UTC 2020 /home/travis/build/icyphy/ptII/ptolemy/domains/modal/test/auto/FixedPointIterationFSMActor2.xml
----------------- Instantiating /home/travis/build/icyphy/ptII/ptolemy/domains/modal/test/auto/FixedPointIterationFSMActor2.xml
20 ms. Memory: 227328K Free: 116658K (51%)
----------------- Invoking toplevel() on ptolemy.moml.MoMLSimpleApplication@4d904eef
----------------- Done invoking toplevel() on ptolemy.moml.MoMLSimpleApplication@4d904eef
reloadAllAccessors: .FixedPointIterationFSMActor2

===========================================================================================
----------------- testing Mon Jul 27 15:15:09 UTC 2020 /home/travis/build/icyphy/ptII/ptolemy/domains/modal/test/auto/ForbiddenInstantanousLoop.xml
----------------- Instantiating /home/travis/build/icyphy/ptII/ptolemy/domains/modal/test/auto/ForbiddenInstantanousLoop.xml
9 ms. Memory: 227328K Free: 104370K (46%)
----------------- Invoking toplevel() on ptolemy.moml.MoMLSimpleApplication@76be6b25
----------------- Done invoking toplevel() on ptolemy.moml.MoMLSimpleApplication@76be6b25
reloadAllAccessors: .ForbiddenInstantanousLoop

===========================================================================================
----------------- testing Mon Jul 27 15:15:10 UTC 2020 /home/travis/build/icyphy/ptII/ptolemy/domains/modal/test/auto/FunctionDependencyOfFSMActorTest.xml
----------------- Instantiating /home/travis/build/icyphy/ptII/ptolemy/domains/modal/test/auto/FunctionDependencyOfFSMActorTest.xml
16 ms. Memory: 227328K Free: 97698K (43%)
----------------- Invoking toplevel() on ptolemy.moml.MoMLSimpleApplication@508215a9
----------------- Done invoking toplevel() on ptolemy.moml.MoMLSimpleApplication@508215a9
reloadAllAccessors: .FunctionDependencyOfFSMActorTest

===========================================================================================
----------------- testing Mon Jul 27 15:15:10 UTC 2020 /home/travis/build/icyphy/ptII/ptolemy/domains/modal/test/auto/GuardExpression.xml
----------------- Instantiating /home/travis/build/icyphy/ptII/ptolemy/domains/modal/test/auto/GuardExpression.xml
2 ms. Memory: 227328K Free: 92592K (41%)
----------------- Invoking toplevel() on ptolemy.moml.MoMLSimpleApplication@640ca0d3
----------------- Done invoking toplevel() on ptolemy.moml.MoMLSimpleApplication@640ca0d3
reloadAllAccessors: .GuardExpression

===========================================================================================
----------------- testing Mon Jul 27 15:15:10 UTC 2020 /home/travis/build/icyphy/ptII/ptolemy/domains/modal/test/auto/GuardNotEvaluated.xml
----------------- Instantiating /home/travis/build/icyphy/ptII/ptolemy/domains/modal/test/auto/GuardNotEvaluated.xml
7 ms. Memory: 227328K Free: 83376K (37%)
----------------- Invoking toplevel() on ptolemy.moml.MoMLSimpleApplication@72963cf6
----------------- Done invoking toplevel() on ptolemy.moml.MoMLSimpleApplication@72963cf6
reloadAllAccessors: .GuardNotEvaluated

===========================================================================================
----------------- testing Mon Jul 27 15:15:10 UTC 2020 /home/travis/build/icyphy/ptII/ptolemy/domains/modal/test/auto/GuardNotEvaluated2.xml
----------------- Instantiating /home/travis/build/icyphy/ptII/ptolemy/domains/modal/test/auto/GuardNotEvaluated2.xml
7 ms. Memory: 227328K Free: 204201K (90%)
----------------- Invoking toplevel() on ptolemy.moml.MoMLSimpleApplication@234a3804
----------------- Done invoking toplevel() on ptolemy.moml.MoMLSimpleApplication@234a3804
reloadAllAccessors: .GuardNotEvaluated2

===========================================================================================
----------------- testing Mon Jul 27 15:15:10 UTC 2020 /home/travis/build/icyphy/ptII/ptolemy/domains/modal/test/auto/GuardOnAbsent.xml
----------------- Instantiating /home/travis/build/icyphy/ptII/ptolemy/domains/modal/test/auto/GuardOnAbsent.xml
9 ms. Memory: 227328K Free: 196521K (86%)
----------------- Invoking toplevel() on ptolemy.moml.MoMLSimpleApplication@4c1a2e64
----------------- Done invoking toplevel() on ptolemy.moml.MoMLSimpleApplication@4c1a2e64
reloadAllAccessors: .GuardOnAbsent

===========================================================================================
----------------- testing Mon Jul 27 15:15:10 UTC 2020 /home/travis/build/icyphy/ptII/ptolemy/domains/modal/test/auto/HierarchicalFSMTypeInference.xml
----------------- Instantiating /home/travis/build/icyphy/ptII/ptolemy/domains/modal/test/auto/HierarchicalFSMTypeInference.xml
5 ms. Memory: 227328K Free: 185769K (82%)
----------------- Invoking toplevel() on ptolemy.moml.MoMLSimpleApplication@2a56ee13
----------------- Done invoking toplevel() on ptolemy.moml.MoMLSimpleApplication@2a56ee13
reloadAllAccessors: .HierarchicalFSMTypeInference

===========================================================================================
----------------- testing Mon Jul 27 15:15:10 UTC 2020 /home/travis/build/icyphy/ptII/ptolemy/domains/modal/test/auto/Hysteresis.xml
----------------- Instantiating /home/travis/build/icyphy/ptII/ptolemy/domains/modal/test/auto/Hysteresis.xml
16 ms. Memory: 227328K Free: 172443K (76%)
----------------- Invoking toplevel() on ptolemy.moml.MoMLSimpleApplication@3d9884d2
----------------- Done invoking toplevel() on ptolemy.moml.MoMLSimpleApplication@3d9884d2
reloadAllAccessors: .Hysteresis

===========================================================================================
----------------- testing Mon Jul 27 15:15:10 UTC 2020 /home/travis/build/icyphy/ptII/ptolemy/domains/modal/test/auto/HysteresisWithDefault.xml
----------------- Instantiating /home/travis/build/icyphy/ptII/ptolemy/domains/modal/test/auto/HysteresisWithDefault.xml
38 ms. Memory: 227328K Free: 149419K (66%)
----------------- Invoking toplevel() on ptolemy.moml.MoMLSimpleApplication@3b07d18d
----------------- Done invoking toplevel() on ptolemy.moml.MoMLSimpleApplication@3b07d18d
reloadAllAccessors: .HysteresisWithDefault

===========================================================================================
----------------- testing Mon Jul 27 15:15:10 UTC 2020 /home/travis/build/icyphy/ptII/ptolemy/domains/modal/test/auto/HysteresisWithDefault2.xml
----------------- Instantiating /home/travis/build/icyphy/ptII/ptolemy/domains/modal/test/auto/HysteresisWithDefault2.xml
48 ms. Memory: 227328K Free: 120233K (53%)
----------------- Invoking toplevel() on ptolemy.moml.MoMLSimpleApplication@7c7bc320
----------------- Done invoking toplevel() on ptolemy.moml.MoMLSimpleApplication@7c7bc320
reloadAllAccessors: .HysteresisWithDefault2

===========================================================================================
----------------- testing Mon Jul 27 15:15:10 UTC 2020 /home/travis/build/icyphy/ptII/ptolemy/domains/modal/test/auto/ImmediateNonConstructiveness.xml
----------------- Instantiating /home/travis/build/icyphy/ptII/ptolemy/domains/modal/test/auto/ImmediateNonConstructiveness.xml
3 ms. Memory: 227328K Free: 113051K (50%)
----------------- Invoking toplevel() on ptolemy.moml.MoMLSimpleApplication@355dd06b
----------------- Done invoking toplevel() on ptolemy.moml.MoMLSimpleApplication@355dd06b
reloadAllAccessors: .ImmediateNonConstructiveness

===========================================================================================
----------------- testing Mon Jul 27 15:15:10 UTC 2020 /home/travis/build/icyphy/ptII/ptolemy/domains/modal/test/auto/ImmediateNonConstructiveness2.xml
----------------- Instantiating /home/travis/build/icyphy/ptII/ptolemy/domains/modal/test/auto/ImmediateNonConstructiveness2.xml
3 ms. Memory: 227328K Free: 106411K (47%)
----------------- Invoking toplevel() on ptolemy.moml.MoMLSimpleApplication@797a3d98
----------------- Done invoking toplevel() on ptolemy.moml.MoMLSimpleApplication@797a3d98
reloadAllAccessors: .ImmediateNonConstructiveness2

===========================================================================================
----------------- testing Mon Jul 27 15:15:10 UTC 2020 /home/travis/build/icyphy/ptII/ptolemy/domains/modal/test/auto/ImmediateTransitionReset.xml
----------------- Instantiating /home/travis/build/icyphy/ptII/ptolemy/domains/modal/test/auto/ImmediateTransitionReset.xml
9 ms. Memory: 227328K Free: 94123K (41%)
----------------- Invoking toplevel() on ptolemy.moml.MoMLSimpleApplication@2742b932
----------------- Done invoking toplevel() on ptolemy.moml.MoMLSimpleApplication@2742b932
reloadAllAccessors: .ImmediateTransitionReset

===========================================================================================
----------------- testing Mon Jul 27 15:15:10 UTC 2020 /home/travis/build/icyphy/ptII/ptolemy/domains/modal/test/auto/ImmediateTransitions1.xml
----------------- Instantiating /home/travis/build/icyphy/ptII/ptolemy/domains/modal/test/auto/ImmediateTransitions1.xml
1 ms. Memory: 227328K Free: 89003K (39%)
----------------- Invoking toplevel() on ptolemy.moml.MoMLSimpleApplication@5c797854
----------------- Done invoking toplevel() on ptolemy.moml.MoMLSimpleApplication@5c797854
reloadAllAccessors: .ImmediateTransitions1

===========================================================================================
----------------- testing Mon Jul 27 15:15:10 UTC 2020 /home/travis/build/icyphy/ptII/ptolemy/domains/modal/test/auto/ImmediateTransitionsInstantaneousCommunication.xml
----------------- Instantiating /home/travis/build/icyphy/ptII/ptolemy/domains/modal/test/auto/ImmediateTransitionsInstantaneousCommunication.xml
19 ms. Memory: 227328K Free: 206735K (91%)
----------------- Invoking toplevel() on ptolemy.moml.MoMLSimpleApplication@2c5cc611
----------------- Done invoking toplevel() on ptolemy.moml.MoMLSimpleApplication@2c5cc611
reloadAllAccessors: .ImmediateTransitionsInstantaneousCommunication

===========================================================================================
----------------- testing Mon Jul 27 15:15:10 UTC 2020 /home/travis/build/icyphy/ptII/ptolemy/domains/modal/test/auto/InitialImmediateTransition.xml
----------------- Instantiating /home/travis/build/icyphy/ptII/ptolemy/domains/modal/test/auto/InitialImmediateTransition.xml
4 ms. Memory: 227328K Free: 199047K (88%)
----------------- Invoking toplevel() on ptolemy.moml.MoMLSimpleApplication@2e269a8f
----------------- Done invoking toplevel() on ptolemy.moml.MoMLSimpleApplication@2e269a8f
reloadAllAccessors: .InitialImmediateTransition

===========================================================================================
----------------- testing Mon Jul 27 15:15:10 UTC 2020 /home/travis/build/icyphy/ptII/ptolemy/domains/modal/test/auto/InitialOutputs.xml
----------------- Instantiating /home/travis/build/icyphy/ptII/ptolemy/domains/modal/test/auto/InitialOutputs.xml
4 ms. Memory: 227328K Free: 192895K (85%)
----------------- Invoking toplevel() on ptolemy.moml.MoMLSimpleApplication@31c93bba
----------------- Done invoking toplevel() on ptolemy.moml.MoMLSimpleApplication@31c93bba
reloadAllAccessors: .InitialOutputs

===========================================================================================
----------------- testing Mon Jul 27 15:15:10 UTC 2020 /home/travis/build/icyphy/ptII/ptolemy/domains/modal/test/auto/InitialStateTransition1.xml
----------------- Instantiating /home/travis/build/icyphy/ptII/ptolemy/domains/modal/test/auto/InitialStateTransition1.xml
3 ms. Memory: 227328K Free: 185738K (82%)
----------------- Invoking toplevel() on ptolemy.moml.MoMLSimpleApplication@7926261
----------------- Done invoking toplevel() on ptolemy.moml.MoMLSimpleApplication@7926261
reloadAllAccessors: .InitialStateTransition1

===========================================================================================
----------------- testing Mon Jul 27 15:15:10 UTC 2020 /home/travis/build/icyphy/ptII/ptolemy/domains/modal/test/auto/InitialStateTransition2.xml
----------------- Instantiating /home/travis/build/icyphy/ptII/ptolemy/domains/modal/test/auto/InitialStateTransition2.xml
.InitialStateTransition2.TestExceptionAttributeNonConstructive: initialize() was not invoked, but wrapup() was.  This is unusual, but not always a problem.  For example, exporting JNLP will do this.
5 ms. Memory: 227328K Free: 178063K (78%)
----------------- Invoking toplevel() on ptolemy.moml.MoMLSimpleApplication@268ea7e8
----------------- Done invoking toplevel() on ptolemy.moml.MoMLSimpleApplication@268ea7e8
reloadAllAccessors: .InitialStateTransition2

===========================================================================================
----------------- testing Mon Jul 27 15:15:10 UTC 2020 /home/travis/build/icyphy/ptII/ptolemy/domains/modal/test/auto/InitialStateTransition3.xml
----------------- Instantiating /home/travis/build/icyphy/ptII/ptolemy/domains/modal/test/auto/InitialStateTransition3.xml
3 ms. Memory: 227328K Free: 169357K (74%)
----------------- Invoking toplevel() on ptolemy.moml.MoMLSimpleApplication@4684c437
----------------- Done invoking toplevel() on ptolemy.moml.MoMLSimpleApplication@4684c437
reloadAllAccessors: .InitialStateTransition3

===========================================================================================
----------------- testing Mon Jul 27 15:15:10 UTC 2020 /home/travis/build/icyphy/ptII/ptolemy/domains/modal/test/auto/InitialStateTransition4.xml
----------------- Instantiating /home/travis/build/icyphy/ptII/ptolemy/domains/modal/test/auto/InitialStateTransition4.xml
3 ms. Memory: 227328K Free: 159631K (70%)
----------------- Invoking toplevel() on ptolemy.moml.MoMLSimpleApplication@3f38695f
----------------- Done invoking toplevel() on ptolemy.moml.MoMLSimpleApplication@3f38695f
[...]
reloadAllAccessors: .TerminationTransition3

===========================================================================================
----------------- testing Mon Jul 27 15:15:12 UTC 2020 /home/travis/build/icyphy/ptII/ptolemy/domains/modal/test/auto/TerminationTransition4.xml
----------------- Instantiating /home/travis/build/icyphy/ptII/ptolemy/domains/modal/test/auto/TerminationTransition4.xml
6 ms. Memory: 273408K Free: 198385K (73%)
----------------- Invoking toplevel() on ptolemy.moml.MoMLSimpleApplication@755d9d29
----------------- Done invoking toplevel() on ptolemy.moml.MoMLSimpleApplication@755d9d29
reloadAllAccessors: .TerminationTransition4

===========================================================================================
----------------- testing Mon Jul 27 15:15:12 UTC 2020 /home/travis/build/icyphy/ptII/ptolemy/domains/modal/test/auto/TerminationTransition5.xml
----------------- Instantiating /home/travis/build/icyphy/ptII/ptolemy/domains/modal/test/auto/TerminationTransition5.xml
3 ms. Memory: 273408K Free: 184563K (68%)
----------------- Invoking toplevel() on ptolemy.moml.MoMLSimpleApplication@83b9c91
----------------- Done invoking toplevel() on ptolemy.moml.MoMLSimpleApplication@83b9c91
reloadAllAccessors: .TerminationTransition5

===========================================================================================
----------------- testing Mon Jul 27 15:15:12 UTC 2020 /home/travis/build/icyphy/ptII/ptolemy/domains/modal/test/auto/TerminationTransition6.xml
----------------- Instantiating /home/travis/build/icyphy/ptII/ptolemy/domains/modal/test/auto/TerminationTransition6.xml
2 ms. Memory: 273408K Free: 176371K (65%)
----------------- Invoking toplevel() on ptolemy.moml.MoMLSimpleApplication@632f6273
----------------- Done invoking toplevel() on ptolemy.moml.MoMLSimpleApplication@632f6273
reloadAllAccessors: .TerminationTransition6

===========================================================================================
----------------- testing Mon Jul 27 15:15:12 UTC 2020 /home/travis/build/icyphy/ptII/ptolemy/domains/modal/test/auto/TerminationTransition7.xml
----------------- Instantiating /home/travis/build/icyphy/ptII/ptolemy/domains/modal/test/auto/TerminationTransition7.xml
3 ms. Memory: 273408K Free: 166641K (61%)
----------------- Invoking toplevel() on ptolemy.moml.MoMLSimpleApplication@77c8570a
----------------- Done invoking toplevel() on ptolemy.moml.MoMLSimpleApplication@77c8570a
reloadAllAccessors: .TerminationTransition7

===========================================================================================
----------------- testing Mon Jul 27 15:15:12 UTC 2020 /home/travis/build/icyphy/ptII/ptolemy/domains/modal/test/auto/TerminationTransition8.xml
----------------- Instantiating /home/travis/build/icyphy/ptII/ptolemy/domains/modal/test/auto/TerminationTransition8.xml
2 ms. Memory: 273408K Free: 157425K (58%)
----------------- Invoking toplevel() on ptolemy.moml.MoMLSimpleApplication@41ad9619
----------------- Done invoking toplevel() on ptolemy.moml.MoMLSimpleApplication@41ad9619
reloadAllAccessors: .TerminationTransition8

===========================================================================================
----------------- testing Mon Jul 27 15:15:12 UTC 2020 /home/travis/build/icyphy/ptII/ptolemy/domains/modal/test/auto/Thermostat_NoHysteresis.xml
----------------- Instantiating /home/travis/build/icyphy/ptII/ptolemy/domains/modal/test/auto/Thermostat_NoHysteresis.xml
34 ms. Memory: 273408K Free: 132849K (49%)
----------------- Invoking toplevel() on ptolemy.moml.MoMLSimpleApplication@51a0d523
----------------- Done invoking toplevel() on ptolemy.moml.MoMLSimpleApplication@51a0d523
reloadAllAccessors: .Thermostat_NoHysteresis

===========================================================================================
----------------- testing Mon Jul 27 15:15:12 UTC 2020 /home/travis/build/icyphy/ptII/ptolemy/domains/modal/test/auto/TimedFSM.xml
----------------- Instantiating /home/travis/build/icyphy/ptII/ptolemy/domains/modal/test/auto/TimedFSM.xml
9 ms. Memory: 273408K Free: 121075K (44%)
----------------- Invoking toplevel() on ptolemy.moml.MoMLSimpleApplication@3ab89981
----------------- Done invoking toplevel() on ptolemy.moml.MoMLSimpleApplication@3ab89981
reloadAllAccessors: .TimedFSM

===========================================================================================
----------------- testing Mon Jul 27 15:15:12 UTC 2020 /home/travis/build/icyphy/ptII/ptolemy/domains/modal/test/auto/Timeout1.xml
----------------- Instantiating /home/travis/build/icyphy/ptII/ptolemy/domains/modal/test/auto/Timeout1.xml
3 ms. Memory: 273408K Free: 115427K (42%)
----------------- Invoking toplevel() on ptolemy.moml.MoMLSimpleApplication@4bfee416
----------------- Done invoking toplevel() on ptolemy.moml.MoMLSimpleApplication@4bfee416
reloadAllAccessors: .Timeout1

===========================================================================================
----------------- testing Mon Jul 27 15:15:12 UTC 2020 /home/travis/build/icyphy/ptII/ptolemy/domains/modal/test/auto/Timeout2.xml
----------------- Instantiating /home/travis/build/icyphy/ptII/ptolemy/domains/modal/test/auto/Timeout2.xml
8 ms. Memory: 273408K Free: 106739K (39%)
----------------- Invoking toplevel() on ptolemy.moml.MoMLSimpleApplication@5d3f5450
----------------- Done invoking toplevel() on ptolemy.moml.MoMLSimpleApplication@5d3f5450
reloadAllAccessors: .Timeout2

===========================================================================================
----------------- testing Mon Jul 27 15:15:12 UTC 2020 /home/travis/build/icyphy/ptII/ptolemy/domains/modal/test/auto/Timeout3.xml
----------------- Instantiating /home/travis/build/icyphy/ptII/ptolemy/domains/modal/test/auto/Timeout3.xml
2 ms. Memory: 273408K Free: 101619K (37%)
----------------- Invoking toplevel() on ptolemy.moml.MoMLSimpleApplication@142f469a
----------------- Done invoking toplevel() on ptolemy.moml.MoMLSimpleApplication@142f469a
reloadAllAccessors: .Timeout3

===========================================================================================
----------------- testing Mon Jul 27 15:15:12 UTC 2020 /home/travis/build/icyphy/ptII/ptolemy/domains/modal/test/auto/Timeout4.xml
----------------- Instantiating /home/travis/build/icyphy/ptII/ptolemy/domains/modal/test/auto/Timeout4.xml
2 ms. Memory: 273408K Free: 96499K (35%)
----------------- Invoking toplevel() on ptolemy.moml.MoMLSimpleApplication@7bcfd383
----------------- Done invoking toplevel() on ptolemy.moml.MoMLSimpleApplication@7bcfd383
reloadAllAccessors: .Timeout4

===========================================================================================
----------------- testing Mon Jul 27 15:15:12 UTC 2020 /home/travis/build/icyphy/ptII/ptolemy/domains/modal/test/auto/TransientstateModelAdvanced.xml
----------------- Instantiating /home/travis/build/icyphy/ptII/ptolemy/domains/modal/test/auto/TransientstateModelAdvanced.xml
3 ms. Memory: 273408K Free: 244262K (89%)
----------------- Invoking toplevel() on ptolemy.moml.MoMLSimpleApplication@3ef93468
----------------- Done invoking toplevel() on ptolemy.moml.MoMLSimpleApplication@3ef93468
reloadAllAccessors: .TransientstateModelAdvanced

===========================================================================================
----------------- testing Mon Jul 27 15:15:12 UTC 2020 /home/travis/build/icyphy/ptII/ptolemy/domains/modal/test/auto/TransientstateModelAdvanced2.xml
----------------- Instantiating /home/travis/build/icyphy/ptII/ptolemy/domains/modal/test/auto/TransientstateModelAdvanced2.xml
2 ms. Memory: 273408K Free: 229926K (84%)
----------------- Invoking toplevel() on ptolemy.moml.MoMLSimpleApplication@6ad2dec
----------------- Done invoking toplevel() on ptolemy.moml.MoMLSimpleApplication@6ad2dec
reloadAllAccessors: .transientstatemodelAdvanced

===========================================================================================
----------------- testing Mon Jul 27 15:15:12 UTC 2020 /home/travis/build/icyphy/ptII/ptolemy/domains/modal/test/auto/TransitionRefinements.xml
----------------- Instantiating /home/travis/build/icyphy/ptII/ptolemy/domains/modal/test/auto/TransitionRefinements.xml
6 ms. Memory: 273408K Free: 220182K (81%)
----------------- Invoking toplevel() on ptolemy.moml.MoMLSimpleApplication@38531587
----------------- Done invoking toplevel() on ptolemy.moml.MoMLSimpleApplication@38531587
reloadAllAccessors: .TransitionRefinements

===========================================================================================
----------------- testing Mon Jul 27 15:15:13 UTC 2020 /home/travis/build/icyphy/ptII/ptolemy/domains/modal/test/auto/TwoRefinements1.xml
----------------- Instantiating /home/travis/build/icyphy/ptII/ptolemy/domains/modal/test/auto/TwoRefinements1.xml
2 ms. Memory: 273408K Free: 210470K (77%)
----------------- Invoking toplevel() on ptolemy.moml.MoMLSimpleApplication@420818f6
----------------- Done invoking toplevel() on ptolemy.moml.MoMLSimpleApplication@420818f6
reloadAllAccessors: .TwoRefinements1

===========================================================================================
----------------- testing Mon Jul 27 15:15:13 UTC 2020 /home/travis/build/icyphy/ptII/ptolemy/domains/modal/test/auto/TwoRefinements2.xml
----------------- Instantiating /home/travis/build/icyphy/ptII/ptolemy/domains/modal/test/auto/TwoRefinements2.xml
2 ms. Memory: 273408K Free: 200710K (73%)
----------------- Invoking toplevel() on ptolemy.moml.MoMLSimpleApplication@6a8161ee
----------------- Done invoking toplevel() on ptolemy.moml.MoMLSimpleApplication@6a8161ee
reloadAllAccessors: .TwoRefinements2

===========================================================================================
----------------- testing Mon Jul 27 15:15:13 UTC 2020 /home/travis/build/icyphy/ptII/ptolemy/domains/modal/test/auto/WeakImmediateTransition.xml
----------------- Instantiating /home/travis/build/icyphy/ptII/ptolemy/domains/modal/test/auto/WeakImmediateTransition.xml
3 ms. Memory: 273408K Free: 191524K (70%)
----------------- Invoking toplevel() on ptolemy.moml.MoMLSimpleApplication@345e553f
----------------- Done invoking toplevel() on ptolemy.moml.MoMLSimpleApplication@345e553f
reloadAllAccessors: .WeakImmediateTransition

===========================================================================================
----------------- testing Mon Jul 27 15:15:13 UTC 2020 /home/travis/build/icyphy/ptII/ptolemy/domains/modal/test/auto/booleanSelect.xml
----------------- Instantiating /home/travis/build/icyphy/ptII/ptolemy/domains/modal/test/auto/booleanSelect.xml
45 ms. Memory: 273408K Free: 173606K (63%)
----------------- Invoking toplevel() on ptolemy.moml.MoMLSimpleApplication@50e3ebbc
----------------- Done invoking toplevel() on ptolemy.moml.MoMLSimpleApplication@50e3ebbc
reloadAllAccessors: .booleanSelect

===========================================================================================
----------------- testing Mon Jul 27 15:15:13 UTC 2020 /home/travis/build/icyphy/ptII/ptolemy/domains/modal/test/auto/modalChangingParams.xml
----------------- Instantiating /home/travis/build/icyphy/ptII/ptolemy/domains/modal/test/auto/modalChangingParams.xml
0
1
0
2
4
6
8
7
0
2
4
6
8
13
0
2
4
6
8
19
0
2
4
6
8
25
0
2
4
6
8
31
0
2
4
6
8
37
0
2
4
6
8
43
0
2
4
6
8
49
0
2
4
6
8
55
0
2
4
6
8
61
0
2
4
6
8
67
0
2
4
6
8
73
0
2
4
6
8
79
0
2
4
6
8
85
0
2
4
6
8
91
0
2
4
6
8
97
0
2
4
6
8
103
0
2
4
6
8
109
0
2
4
6
8
115
0
2
4
6
8
121
0
2
4
6
8
127
0
2
4
6
8
133
0
2
4
6
8
139
0
2
4
6
8
145
0
2
4
6
8
151
0
2
4
6
8
157
0
2
4
6
8
163
0
2
4
6
8
169
0
2
4
6
8
175
0
2
4
6
8
181
0
2
4
6
8
187
0
2
4
6
8
193
0
2
4
6
8
199
0
2
4
6
8
205
0
2
4
6
8
211
0
2
4
6
8
217
0
2
4
6
8
223
0
2
4
6
8
229
0
2
4
6
8
235
0
2
4
6
8
241
0
2
4
6
8
247
0
2
4
6
8
253
0
2
4
6
8
259
0
2
4
6
8
265
0
2
4
6
8
271
0
2
4
6
8
277
0
2
4
6
8
283
0
2
4
6
8
289
0
2
4
6
8
295
0
2
4
6
8
301
0
2
4
6
8
307
0
2
4
6
8
313
0
2
4
6
8
319
0
2
4
6
8
325
0
2
4
6
8
331
0
2
4
6
8
337
0
2
4
6
8
343
0
2
4
6
8
349
0
2
4
6
8
355
0
2
4
6
8
361
0
2
4
6
8
367
0
2
4
6
8
373
0
2
4
6
8
379
0
2
4
6
8
385
0
2
4
6
8
391
0
2
4
6
8
397
0
2
4
6
8
403
0
2
4
6
8
409
0
2
4
6
8
415
0
2
4
6
8
421
0
2
4
6
8
427
0
2
4
6
8
433
0
2
4
6
8
439
0
2
4
6
8
445
0
2
4
6
8
451
0
2
4
6
8
457
0
2
4
6
8
463
0
2
4
6
8
469
0
2
4
6
8
475
0
2
4
6
8
481
0
2
4
6
8
487
0
2
4
6
8
493
0
2
4
6
8
499
0
2
4
6
8
505
0
2
4
6
8
511
0
2
4
6
8
517
0
2
4
6
8
523
0
2
4
6
8
529
0
2
4
6
8
535
0
2
4
6
8
541
0
2
4
6
8
547
0
2
4
6
8
553
0
2
4
6
8
559
0
2
4
6
8
565
0
2
4
6
8
571
0
2
4
6
8
577
0
2
4
6
8
583
0
2
4
6
8
589
0
2
4
6
8
595
0
2
4
6
8
601
0
2
4
6
8
607
0
2
4
6
8
613
0
2
4
6
8
619
0
2
4
6
8
625
0
2
4
6
8
631
0
2
4
6
8
637
0
2
4
6
8
643
0
2
4
6
8
649
0
2
4
6
8
655
0
2
4
6
8
661
0
2
4
6
8
667
0
2
4
6
8
673
0
2
4
6
8
679
0
2
4
6
8
685
0
2
4
6
8
691
0
2
4
6
8
697
0
2
4
6
8
703
0
2
4
6
8
709
0
2
4
6
8
715
0
2
4
6
8
721
0
2
4
6
8
727
0
2
4
6
8
733
0
2
4
6
8
739
0
2
4
6
8
745
0
2
4
6
8
751
0
2
4
6
8
757
0
2
4
6
8
763
0
2
4
6
8
769
0
2
4
6
8
775
0
2
4
6
8
781
0
2
4
6
8
787
0
2
4
6
8
793
0
2
4
6
8
799
0
2
4
6
8
805
0
2
4
6
8
811
0
2
4
6
8
817
0
2
4
6
8
823
0
2
4
6
8
829
0
2
4
6
8
835
0
2
4
6
8
841
0
2
4
6
8
847
0
2
4
6
8
853
0
2
4
6
8
859
0
2
4
6
8
865
0
2
4
6
8
871
0
2
4
6
8
877
0
2
4
6
8
883
0
2
4
6
8
889
0
2
4
6
8
895
0
2
4
6
8
901
0
2
4
6
8
907
0
2
4
6
8
913
0
2
4
6
8
919
0
2
4
6
8
925
0
2
4
6
8
931
0
2
4
6
8
937
0
2
4
6
8
943
0
2
4
6
8
949
0
2
4
6
8
955
0
2
4
6
8
961
0
2
4
6
8
967
0
2
4
6
8
973
0
2
4
6
8
979
0
2
4
6
8
985
0
2
4
6
8
991
0
2
4
6
8
997
0
2
275 ms. Memory: 328704K Free: 274628K (84%)
----------------- Invoking toplevel() on ptolemy.moml.MoMLSimpleApplication@2f465588
----------------- Done invoking toplevel() on ptolemy.moml.MoMLSimpleApplication@2f465588
reloadAllAccessors: .modalChangingParams

===========================================================================================
----------------- testing Mon Jul 27 15:15:13 UTC 2020 /home/travis/build/icyphy/ptII/ptolemy/domains/modal/test/auto/modalModel.xml
----------------- Instantiating /home/travis/build/icyphy/ptII/ptolemy/domains/modal/test/auto/modalModel.xml
14 ms. Memory: 328704K Free: 265412K (81%)
----------------- Invoking toplevel() on ptolemy.moml.MoMLSimpleApplication@536d2940
----------------- Done invoking toplevel() on ptolemy.moml.MoMLSimpleApplication@536d2940
reloadAllAccessors: .modalModel

===========================================================================================
----------------- testing Mon Jul 27 15:15:13 UTC 2020 /home/travis/build/icyphy/ptII/ptolemy/domains/modal/test/auto/modalModel2.xml
----------------- Instantiating /home/travis/build/icyphy/ptII/ptolemy/domains/modal/test/auto/modalModel2.xml
8 ms. Memory: 328704K Free: 254644K (77%)
----------------- Invoking toplevel() on ptolemy.moml.MoMLSimpleApplication@4a2cf027
----------------- Done invoking toplevel() on ptolemy.moml.MoMLSimpleApplication@4a2cf027
reloadAllAccessors: .modalModel2

===========================================================================================
----------------- testing Mon Jul 27 15:15:13 UTC 2020 /home/travis/build/icyphy/ptII/ptolemy/domains/modal/test/auto/modalModel3.xml
----------------- Instantiating /home/travis/build/icyphy/ptII/ptolemy/domains/modal/test/auto/modalModel3.xml
0	0	0
3	2	1
6	4	2
9	6	3
4	0	4
7	2	5
10	4	6
13	6	7
8	0	8
11	2	9
14	4	10
17	6	11
12	0	12
15	2	13
18	4	14
16 ms. Memory: 328704K Free: 239812K (73%)
----------------- Invoking toplevel() on ptolemy.moml.MoMLSimpleApplication@2f2b8056
----------------- Done invoking toplevel() on ptolemy.moml.MoMLSimpleApplication@2f2b8056
reloadAllAccessors: .modalModel3

===========================================================================================
----------------- testing Mon Jul 27 15:15:13 UTC 2020 /home/travis/build/icyphy/ptII/ptolemy/domains/modal/test/auto/model1.xml
----------------- Instantiating /home/travis/build/icyphy/ptII/ptolemy/domains/modal/test/auto/model1.xml
11 ms. Memory: 328704K Free: 234164K (71%)
----------------- Invoking toplevel() on ptolemy.moml.MoMLSimpleApplication@5f229941
----------------- Done invoking toplevel() on ptolemy.moml.MoMLSimpleApplication@5f229941
reloadAllAccessors: .model1

===========================================================================================
----------------- testing Mon Jul 27 15:15:13 UTC 2020 /home/travis/build/icyphy/ptII/ptolemy/domains/modal/test/auto/test-direct-in-out.xml
----------------- Instantiating /home/travis/build/icyphy/ptII/ptolemy/domains/modal/test/auto/test-direct-in-out.xml
4 ms. Memory: 328704K Free: 226500K (69%)
----------------- Invoking toplevel() on ptolemy.moml.MoMLSimpleApplication@4f18fe77
----------------- Done invoking toplevel() on ptolemy.moml.MoMLSimpleApplication@4f18fe77
reloadAllAccessors: .test-direct-in-out
AutoTests.java: About to close Vertx.
AutoTests.java: Vertx closed.
]]></system-out>
  <system-err><![CDATA[java.lang.RuntimeException: Execution failed
	at ptolemy.moml.MoMLSimpleApplication$UnloadThread.run(MoMLSimpleApplication.java:402)
Caused by: ptolemy.kernel.util.IllegalActionException: Unknown inputs remain. Possible causality loop:
L_model_1893289564i

  in .CannotAnalysisWithPreemption.model_1893289564_region_1 and .CannotAnalysisWithPreemption.model_1893289564_region_1.L_model_1893289564i
	at ptolemy.actor.sched.FixedPointDirector.postfire(FixedPointDirector.java:515)
	at ptolemy.domains.sr.kernel.SRDirector.postfire(SRDirector.java:417)
	at ptolemy.actor.CompositeActor.postfire(CompositeActor.java:1668)
	at ptolemy.actor.Manager.iterate(Manager.java:852)
	at ptolemy.actor.Manager.execute(Manager.java:369)
	at ptolemy.actor.Manager.run(Manager.java:1263)
	at ptolemy.actor.Manager$PtolemyRunThread.run(Manager.java:1933)
java.lang.reflect.InvocationTargetException
	at java.base/jdk.internal.reflect.NativeConstructorAccessorImpl.newInstance0(Native Method)
	at java.base/jdk.internal.reflect.NativeConstructorAccessorImpl.newInstance(NativeConstructorAccessorImpl.java:62)
	at java.base/jdk.internal.reflect.DelegatingConstructorAccessorImpl.newInstance(DelegatingConstructorAccessorImpl.java:45)
	at java.base/java.lang.reflect.Constructor.newInstance(Constructor.java:490)
	at ptolemy.util.test.junit.AutoKnownFailedTests.RunModel(AutoKnownFailedTests.java:105)
	at java.base/jdk.internal.reflect.NativeMethodAccessorImpl.invoke0(Native Method)
	at java.base/jdk.internal.reflect.NativeMethodAccessorImpl.invoke(NativeMethodAccessorImpl.java:62)
	at java.base/jdk.internal.reflect.DelegatingMethodAccessorImpl.invoke(DelegatingMethodAccessorImpl.java:43)
	at java.base/java.lang.reflect.Method.invoke(Method.java:566)
	at org.junit.runners.model.FrameworkMethod$1.runReflectiveCall(FrameworkMethod.java:44)
	at org.junit.internal.runners.model.ReflectiveCallable.run(ReflectiveCallable.java:15)
	at org.junit.runners.model.FrameworkMethod.invokeExplosively(FrameworkMethod.java:41)
	at junitparams.internal.InvokeParameterisedMethod.evaluate(InvokeParameterisedMethod.java:102)
	at org.junit.internal.runners.statements.FailOnTimeout$1.run(FailOnTimeout.java:28)
Caused by: ptolemy.kernel.util.IllegalActionException: Unknown inputs remain. Possible causality loop:
L_model_1893289564i

  in .CannotAnalysisWithPreemption.model_1893289564_region_1 and .CannotAnalysisWithPreemption.model_1893289564_region_1.L_model_1893289564i
	at ptolemy.actor.sched.FixedPointDirector.postfire(FixedPointDirector.java:515)
	at ptolemy.domains.sr.kernel.SRDirector.postfire(SRDirector.java:417)
	at ptolemy.actor.CompositeActor.postfire(CompositeActor.java:1668)
	at ptolemy.actor.Manager.iterate(Manager.java:852)
	at ptolemy.actor.Manager.execute(Manager.java:369)
	at ptolemy.actor.Manager.run(Manager.java:1263)
	at ptolemy.actor.Manager$PtolemyRunThread.run(Manager.java:1933)
]]></system-err>
</testsuite>
