<?xml version="1.0" encoding="UTF-8" ?>
<testsuite errors="0" failures="0" hostname="travis-job-02265431-e32e-4744-885d-63fe41a6ebea" name="ptolemy.domains.sdf.test.junit.JUnitTclTest" skipped="0" tests="66" time="19.756" timestamp="2018-06-19T23:15:34">
  <properties>
[...]
</properties>
  <testcase classname="ptolemy.util.test.junit.TclTests" name="[0] /home/travis/build/icyphy/ptII/ptolemy/domains/sdf/test/SDFSchedulerErrors.tcl (RunTclFile)" time="0.66" />
  <testcase classname="ptolemy.util.test.junit.TclTests" name="[1] /home/travis/build/icyphy/ptII/ptolemy/domains/sdf/test/composition.tcl (RunTclFile)" time="0.201" />
  <testcase classname="ptolemy.util.test.junit.TclTests" name="[2] /home/travis/build/icyphy/ptII/ptolemy/domains/sdf/test/cycle.tcl (RunTclFile)" time="0.039" />
  <testcase classname="ptolemy.util.test.junit.AutoKnownFailedTests" name="[0] ThereAreNoKnowFailedTests (RunModel)" time="0.0" />
  <testcase classname="ptolemy.util.test.junit.AutoNameArchTests" name="[0] ThereAreNoAutoArchTests (RunModel)" time="0.0" />
  <testcase classname="ptolemy.util.test.junit.AutoTests" name="[0] /home/travis/build/icyphy/ptII/ptolemy/domains/sdf/test/auto/Array.xml (RunModel)" time="0.228" />
  <testcase classname="ptolemy.util.test.junit.AutoTests" name="[1] /home/travis/build/icyphy/ptII/ptolemy/domains/sdf/test/auto/Butterfly.xml (RunModel)" time="0.135" />
  <testcase classname="ptolemy.util.test.junit.AutoTests" name="[2] /home/travis/build/icyphy/ptII/ptolemy/domains/sdf/test/auto/Expression.xml (RunModel)" time="0.097" />
  <testcase classname="ptolemy.util.test.junit.AutoTests" name="[3] /home/travis/build/icyphy/ptII/ptolemy/domains/sdf/test/auto/Eye.xml (RunModel)" time="0.355" />
  <testcase classname="ptolemy.util.test.junit.AutoTests" name="[4] /home/travis/build/icyphy/ptII/ptolemy/domains/sdf/test/auto/FixFIR.xml (RunModel)" time="0.26" />
  <testcase classname="ptolemy.util.test.junit.AutoTests" name="[5] /home/travis/build/icyphy/ptII/ptolemy/domains/sdf/test/auto/FixPoint.xml (RunModel)" time="0.053" />
  <testcase classname="ptolemy.util.test.junit.AutoTests" name="[6] /home/travis/build/icyphy/ptII/ptolemy/domains/sdf/test/auto/Gravitation.xml (RunModel)" time="3.188" />
  <testcase classname="ptolemy.util.test.junit.AutoTests" name="[7] /home/travis/build/icyphy/ptII/ptolemy/domains/sdf/test/auto/GravitationWithCollisionDetection.xml (RunModel)" time="6.357" />
  <testcase classname="ptolemy.util.test.junit.AutoTests" name="[8] /home/travis/build/icyphy/ptII/ptolemy/domains/sdf/test/auto/HDF.xml (RunModel)" time="0.118" />
  <testcase classname="ptolemy.util.test.junit.AutoTests" name="[9] /home/travis/build/icyphy/ptII/ptolemy/domains/sdf/test/auto/HDFwithTransientStates.xml (RunModel)" time="0.077" />
  <testcase classname="ptolemy.util.test.junit.AutoTests" name="[10] /home/travis/build/icyphy/ptII/ptolemy/domains/sdf/test/auto/HTVQ.xml (RunModel)" time="0.833" />
  <testcase classname="ptolemy.util.test.junit.AutoTests" name="[11] /home/travis/build/icyphy/ptII/ptolemy/domains/sdf/test/auto/InferInitProduction.xml (RunModel)" time="0.038" />
  <testcase classname="ptolemy.util.test.junit.AutoTests" name="[12] /home/travis/build/icyphy/ptII/ptolemy/domains/sdf/test/auto/InferInitProductionDeeper.xml (RunModel)" time="0.037" />
  <testcase classname="ptolemy.util.test.junit.AutoTests" name="[13] /home/travis/build/icyphy/ptII/ptolemy/domains/sdf/test/auto/LMSAdaptive.xml (RunModel)" time="0.061" />
  <testcase classname="ptolemy.util.test.junit.AutoTests" name="[14] /home/travis/build/icyphy/ptII/ptolemy/domains/sdf/test/auto/LogisticMap.xml (RunModel)" time="0.468" />
  <testcase classname="ptolemy.util.test.junit.AutoTests" name="[15] /home/travis/build/icyphy/ptII/ptolemy/domains/sdf/test/auto/MaximumEntropySpectrum.xml (RunModel)" time="0.281" />
  <testcase classname="ptolemy.util.test.junit.AutoTests" name="[16] /home/travis/build/icyphy/ptII/ptolemy/domains/sdf/test/auto/MultirateSDF.xml (RunModel)" time="0.063" />
  <testcase classname="ptolemy.util.test.junit.AutoTests" name="[17] /home/travis/build/icyphy/ptII/ptolemy/domains/sdf/test/auto/MultirateSDFwithTransientStates.xml (RunModel)" time="0.078" />
  <testcase classname="ptolemy.util.test.junit.AutoTests" name="[18] /home/travis/build/icyphy/ptII/ptolemy/domains/sdf/test/auto/NoisySinewave.xml (RunModel)" time="0.062" />
  <testcase classname="ptolemy.util.test.junit.AutoTests" name="[19] /home/travis/build/icyphy/ptII/ptolemy/domains/sdf/test/auto/Objects.xml (RunModel)" time="0.062" />
  <testcase classname="ptolemy.util.test.junit.AutoTests" name="[20] /home/travis/build/icyphy/ptII/ptolemy/domains/sdf/test/auto/OrthogonalCom.xml (RunModel)" time="0.042" />
  <testcase classname="ptolemy.util.test.junit.AutoTests" name="[21] /home/travis/build/icyphy/ptII/ptolemy/domains/sdf/test/auto/RijndaelEncryption.xml (RunModel)" time="0.552" />
  <testcase classname="ptolemy.util.test.junit.AutoTests" name="[22] /home/travis/build/icyphy/ptII/ptolemy/domains/sdf/test/auto/SDFEmptyIterations.xml (RunModel)" time="0.018" />
  <testcase classname="ptolemy.util.test.junit.AutoTests" name="[23] /home/travis/build/icyphy/ptII/ptolemy/domains/sdf/test/auto/Spectrum.xml (RunModel)" time="0.071" />
  <testcase classname="ptolemy.util.test.junit.AutoTests" name="[24] /home/travis/build/icyphy/ptII/ptolemy/domains/sdf/test/auto/de_inside_sdf.xml (RunModel)" time="0.022" />
  <testcase classname="ptolemy.util.test.junit.AutoTests" name="[25] /home/travis/build/icyphy/ptII/ptolemy/domains/sdf/test/auto/disconnectedHierarchicalSDF.xml (RunModel)" time="0.031" />
  <testcase classname="ptolemy.util.test.junit.AutoTests" name="[26] /home/travis/build/icyphy/ptII/ptolemy/domains/sdf/test/auto/disconnectedSDF.xml (RunModel)" time="0.022" />
  <testcase classname="ptolemy.util.test.junit.AutoTests" name="[27] /home/travis/build/icyphy/ptII/ptolemy/domains/sdf/test/auto/emptyRefinement.xml (RunModel)" time="0.022" />
  <testcase classname="ptolemy.util.test.junit.AutoTests" name="[28] /home/travis/build/icyphy/ptII/ptolemy/domains/sdf/test/auto/filePortParameter.xml (RunModel)" time="0.043" />
  <testcase classname="ptolemy.util.test.junit.AutoTests" name="[29] /home/travis/build/icyphy/ptII/ptolemy/domains/sdf/test/auto/inferRelationWidth1.xml (RunModel)" time="0.016" />
  <testcase classname="ptolemy.util.test.junit.AutoTests" name="[30] /home/travis/build/icyphy/ptII/ptolemy/domains/sdf/test/auto/initProductionInference.xml (RunModel)" time="0.022" />
  <testcase classname="ptolemy.util.test.junit.AutoTests" name="[31] /home/travis/build/icyphy/ptII/ptolemy/domains/sdf/test/auto/relationGroup.xml (RunModel)" time="0.015" />
  <testcase classname="ptolemy.util.test.junit.AutoTests" name="[32] /home/travis/build/icyphy/ptII/ptolemy/domains/sdf/test/auto/relationGroup10.xml (RunModel)" time="0.016" />
  <testcase classname="ptolemy.util.test.junit.AutoTests" name="[33] /home/travis/build/icyphy/ptII/ptolemy/domains/sdf/test/auto/relationGroup11.xml (RunModel)" time="0.015" />
  <testcase classname="ptolemy.util.test.junit.AutoTests" name="[34] /home/travis/build/icyphy/ptII/ptolemy/domains/sdf/test/auto/relationGroup12.xml (RunModel)" time="0.015" />
  <testcase classname="ptolemy.util.test.junit.AutoTests" name="[35] /home/travis/build/icyphy/ptII/ptolemy/domains/sdf/test/auto/relationGroup13.xml (RunModel)" time="0.027" />
  <testcase classname="ptolemy.util.test.junit.AutoTests" name="[36] /home/travis/build/icyphy/ptII/ptolemy/domains/sdf/test/auto/relationGroup14.xml (RunModel)" time="0.019" />
  <testcase classname="ptolemy.util.test.junit.AutoTests" name="[37] /home/travis/build/icyphy/ptII/ptolemy/domains/sdf/test/auto/relationGroup15.xml (RunModel)" time="0.015" />
  <testcase classname="ptolemy.util.test.junit.AutoTests" name="[38] /home/travis/build/icyphy/ptII/ptolemy/domains/sdf/test/auto/relationGroup2.xml (RunModel)" time="0.014" />
  <testcase classname="ptolemy.util.test.junit.AutoTests" name="[39] /home/travis/build/icyphy/ptII/ptolemy/domains/sdf/test/auto/relationGroup3.xml (RunModel)" time="0.012" />
  <testcase classname="ptolemy.util.test.junit.AutoTests" name="[40] /home/travis/build/icyphy/ptII/ptolemy/domains/sdf/test/auto/relationGroup4.xml (RunModel)" time="0.015" />
  <testcase classname="ptolemy.util.test.junit.AutoTests" name="[41] /home/travis/build/icyphy/ptII/ptolemy/domains/sdf/test/auto/relationGroup5.xml (RunModel)" time="0.014" />
  <testcase classname="ptolemy.util.test.junit.AutoTests" name="[42] /home/travis/build/icyphy/ptII/ptolemy/domains/sdf/test/auto/relationGroup6.xml (RunModel)" time="0.021" />
  <testcase classname="ptolemy.util.test.junit.AutoTests" name="[43] /home/travis/build/icyphy/ptII/ptolemy/domains/sdf/test/auto/relationGroup7.xml (RunModel)" time="0.013" />
  <testcase classname="ptolemy.util.test.junit.AutoTests" name="[44] /home/travis/build/icyphy/ptII/ptolemy/domains/sdf/test/auto/relationGroup8.xml (RunModel)" time="0.016" />
  <testcase classname="ptolemy.util.test.junit.AutoTests" name="[45] /home/travis/build/icyphy/ptII/ptolemy/domains/sdf/test/auto/relationGroup9.xml (RunModel)" time="0.026" />
  <testcase classname="ptolemy.util.test.junit.AutoTests" name="[46] /home/travis/build/icyphy/ptII/ptolemy/domains/sdf/test/auto/sdf_inside_de.xml (RunModel)" time="0.06" />
  <testcase classname="ptolemy.util.test.junit.AutoTests" name="[47] /home/travis/build/icyphy/ptII/ptolemy/domains/sdf/test/auto/sdf_inside_pn.xml (RunModel)" time="0.072" />
  <testcase classname="ptolemy.util.test.junit.AutoTests" name="[48] /home/travis/build/icyphy/ptII/ptolemy/domains/sdf/test/auto/sdf_sdf1.xml (RunModel)" time="0.021" />
  <testcase classname="ptolemy.util.test.junit.AutoTests" name="[49] /home/travis/build/icyphy/ptII/ptolemy/domains/sdf/test/auto/test1.xml (RunModel)" time="0.02" />
  <testcase classname="ptolemy.util.test.junit.AutoTests" name="[50] /home/travis/build/icyphy/ptII/ptolemy/domains/sdf/test/auto/time1.xml (RunModel)" time="0.009" />
  <testcase classname="ptolemy.util.test.junit.AutoTests" name="[51] /home/travis/build/icyphy/ptII/ptolemy/domains/sdf/test/auto/time2.xml (RunModel)" time="0.012" />
  <testcase classname="ptolemy.util.test.junit.AutoTests" name="[52] /home/travis/build/icyphy/ptII/ptolemy/domains/sdf/test/auto/time3.xml (RunModel)" time="0.023" />
  <testcase classname="ptolemy.util.test.junit.AutoTests" name="[53] /home/travis/build/icyphy/ptII/ptolemy/domains/sdf/test/auto/time4.xml (RunModel)" time="0.019" />
  <testcase classname="ptolemy.util.test.junit.AutoTests" name="[54] /home/travis/build/icyphy/ptII/ptolemy/domains/sdf/test/auto/time5.xml (RunModel)" time="4.015" />
  <testcase classname="ptolemy.util.test.junit.AutoTests" name="[55] /home/travis/build/icyphy/ptII/ptolemy/domains/sdf/test/auto/typeSystem_Const_Integer_smallest_Type.xml (RunModel)" time="0.03" />
  <testcase classname="ptolemy.util.test.junit.AutoTests" name="[56] /home/travis/build/icyphy/ptII/ptolemy/domains/sdf/test/auto/typeSystem_declared_Inports_OutportTypeException.xml (RunModel)" time="0.026" />
  <testcase classname="ptolemy.util.test.junit.AutoTests" name="[57] /home/travis/build/icyphy/ptII/ptolemy/domains/sdf/test/auto/typeSystem_oneDeclaredInportType_wrongTypeOutport.xml (RunModel)" time="0.021" />
  <testcase classname="ptolemy.util.test.junit.AutoTests" name="[58] /home/travis/build/icyphy/ptII/ptolemy/domains/sdf/test/auto/width.xml (RunModel)" time="0.011" />
  <testcase classname="ptolemy.util.test.junit.AutoTests" name="[59] /home/travis/build/icyphy/ptII/ptolemy/domains/sdf/test/auto/width2.xml (RunModel)" time="0.036" />
  <testcase classname="ptolemy.util.test.junit.AutoTests" name="[60] /home/travis/build/icyphy/ptII/ptolemy/domains/sdf/test/auto/width3.xml (RunModel)" time="0.034" />
  <system-out><![CDATA[/home/travis/build/icyphy/ptII/ptolemy/domains/sdf/test/SDFSchedulerErrors.tcl
testDefs.tcl: setting time out to 9000 seconds at Tue Jun 19 23:15:34 UTC 2018
21 ms. Memory: 116224K Free: 105556K (91%)
8 ms. Memory: 116224K Free: 98494K (85%)
9 ms. Memory: 116224K Free: 91529K (79%)
3 ms. Memory: 116224K Free: 88455K (76%)
/home/travis/build/icyphy/ptII/ptolemy/domains/sdf/test/composition.tcl
58 ms. Memory: 116224K Free: 84841K (73%)
14 ms. Memory: 116224K Free: 82433K (71%)
/home/travis/build/icyphy/ptII/ptolemy/domains/sdf/test/cycle.tcl
.Toplevel.Director Preinitializing ...
Invoking preinitialize():  .Toplevel.Actor1
Invoking preinitialize():  .Toplevel.Actor2
Invoking preinitialize():  .Toplevel.Delay
.Toplevel.Director Finished preinitialize().
### Schedule:
Execute Schedule{
Fire Actor ptolemy.domains.sdf.kernel.test.SDFTestDelay {.Toplevel.Actor1}
Fire Actor ptolemy.domains.sdf.kernel.test.SDFTestDelay {.Toplevel.Actor2}
Fire Actor ptolemy.domains.sdf.lib.SampleDelay {.Toplevel.Delay}
}
### End schedule
Called initialize().
Invoking initialize():  .Toplevel.Actor1
Initializing actor: .Toplevel.Actor1.
Invoking initialize():  .Toplevel.Actor2
Initializing actor: .Toplevel.Actor2.
Invoking initialize():  .Toplevel.Delay
Initializing actor: .Toplevel.Delay.
Director: Called prefire().
-- Setting current time to 0.0
Director prefire returns true.
The actor .Toplevel.Actor1 will be iterated.
The actor .Toplevel.Actor1 was iterated.
The actor .Toplevel.Actor2 will be iterated.
The actor .Toplevel.Actor2 was iterated.
The actor .Toplevel.Delay will be iterated.
The actor .Toplevel.Delay was iterated.
Director: Called postfire().
Postfire returns: true
Director: Called prefire().
-- Setting current time to 0.0
Director prefire returns true.
The actor .Toplevel.Actor1 will be iterated.
The actor .Toplevel.Actor1 was iterated.
The actor .Toplevel.Actor2 will be iterated.
The actor .Toplevel.Actor2 was iterated.
The actor .Toplevel.Delay will be iterated.
The actor .Toplevel.Delay was iterated.
Director: Called postfire().
Postfire returns: true
Director: Called prefire().
-- Setting current time to 0.0
Director prefire returns true.
The actor .Toplevel.Actor1 will be iterated.
The actor .Toplevel.Actor1 was iterated.
The actor .Toplevel.Actor2 will be iterated.
The actor .Toplevel.Actor2 was iterated.
The actor .Toplevel.Delay will be iterated.
The actor .Toplevel.Delay was iterated.
Director: Called postfire().
Postfire returns: true
Director: Called prefire().
-- Setting current time to 0.0
Director prefire returns true.
The actor .Toplevel.Actor1 will be iterated.
The actor .Toplevel.Actor1 was iterated.
The actor .Toplevel.Actor2 will be iterated.
The actor .Toplevel.Actor2 was iterated.
The actor .Toplevel.Delay will be iterated.
The actor .Toplevel.Delay was iterated.
Director: Called postfire().
Postfire returns: true
Director: Called prefire().
-- Setting current time to 0.0
Director prefire returns true.
The actor .Toplevel.Actor1 will be iterated.
The actor .Toplevel.Actor1 was iterated.
The actor .Toplevel.Actor2 will be iterated.
The actor .Toplevel.Actor2 was iterated.
The actor .Toplevel.Delay will be iterated.
The actor .Toplevel.Delay was iterated.
Director: Called postfire().
Postfire returns: true
Director: Called prefire().
-- Setting current time to 0.0
Director prefire returns true.
The actor .Toplevel.Actor1 will be iterated.
The actor .Toplevel.Actor1 was iterated.
The actor .Toplevel.Actor2 will be iterated.
The actor .Toplevel.Actor2 was iterated.
The actor .Toplevel.Delay will be iterated.
The actor .Toplevel.Delay was iterated.
Reached specified number of iterations: 6
Director: Called wrapup().
16 ms. Memory: 146944K Free: 141092K (96%)
06/19/18 11:15:35
Failed: 0  Total Tests: 8  ((Passed: 8, Newly Passed: 0)  Known Failed: 0) /home/travis/build/icyphy/ptII/ptolemy/domains/sdf/test
No auto/knownFailedTests/*.xml tests in /home/travis/build/icyphy/ptII/ptolemy/domains/sdf/test
No auto/linux-amd64/*.xml tests in /home/travis/build/icyphy/ptII/ptolemy/domains/sdf/test
AutoTests.java: About to close Vertx.
AutoTests.java: Vertx closed.

===========================================================================================
----------------- testing Tue Jun 19 23:15:35 UTC 2018 /home/travis/build/icyphy/ptII/ptolemy/domains/sdf/test/auto/Array.xml
----------------- Instantiating /home/travis/build/icyphy/ptII/ptolemy/domains/sdf/test/auto/Array.xml
55 ms. Memory: 146944K Free: 101230K (69%)
----------------- Invoking toplevel() on ptolemy.moml.MoMLSimpleApplication@4cc17741
----------------- Done invoking toplevel() on ptolemy.moml.MoMLSimpleApplication@4cc17741
reloadAllAccessors: .Array

===========================================================================================
----------------- testing Tue Jun 19 23:15:36 UTC 2018 /home/travis/build/icyphy/ptII/ptolemy/domains/sdf/test/auto/Butterfly.xml
----------------- Instantiating /home/travis/build/icyphy/ptII/ptolemy/domains/sdf/test/auto/Butterfly.xml
69 ms. Memory: 146944K Free: 95052K (65%)
----------------- Invoking toplevel() on ptolemy.moml.MoMLSimpleApplication@3ad580fc
----------------- Done invoking toplevel() on ptolemy.moml.MoMLSimpleApplication@3ad580fc
reloadAllAccessors: .Butterfly

===========================================================================================
----------------- testing Tue Jun 19 23:15:36 UTC 2018 /home/travis/build/icyphy/ptII/ptolemy/domains/sdf/test/auto/Expression.xml
----------------- Instantiating /home/travis/build/icyphy/ptII/ptolemy/domains/sdf/test/auto/Expression.xml
47 ms. Memory: 146944K Free: 88969K (61%)
----------------- Invoking toplevel() on ptolemy.moml.MoMLSimpleApplication@c164466
----------------- Done invoking toplevel() on ptolemy.moml.MoMLSimpleApplication@c164466
reloadAllAccessors: .Expression

===========================================================================================
----------------- testing Tue Jun 19 23:15:36 UTC 2018 /home/travis/build/icyphy/ptII/ptolemy/domains/sdf/test/auto/Eye.xml
----------------- Instantiating /home/travis/build/icyphy/ptII/ptolemy/domains/sdf/test/auto/Eye.xml
200 ms. Memory: 146944K Free: 119999K (82%)
----------------- Invoking toplevel() on ptolemy.moml.MoMLSimpleApplication@1c2411f6
----------------- Done invoking toplevel() on ptolemy.moml.MoMLSimpleApplication@1c2411f6
reloadAllAccessors: .Eye

===========================================================================================
----------------- testing Tue Jun 19 23:15:36 UTC 2018 /home/travis/build/icyphy/ptII/ptolemy/domains/sdf/test/auto/FixFIR.xml
----------------- Instantiating /home/travis/build/icyphy/ptII/ptolemy/domains/sdf/test/auto/FixFIR.xml
110 ms. Memory: 146944K Free: 82295K (56%)
----------------- Invoking toplevel() on ptolemy.moml.MoMLSimpleApplication@36c54ad4
----------------- Done invoking toplevel() on ptolemy.moml.MoMLSimpleApplication@36c54ad4
reloadAllAccessors: .FixFIR

===========================================================================================
----------------- testing Tue Jun 19 23:15:37 UTC 2018 /home/travis/build/icyphy/ptII/ptolemy/domains/sdf/test/auto/FixPoint.xml
----------------- Instantiating /home/travis/build/icyphy/ptII/ptolemy/domains/sdf/test/auto/FixPoint.xml
27 ms. Memory: 208384K Free: 201305K (97%)
----------------- Invoking toplevel() on ptolemy.moml.MoMLSimpleApplication@679bcb9
----------------- Done invoking toplevel() on ptolemy.moml.MoMLSimpleApplication@679bcb9
reloadAllAccessors: .FixPoint

===========================================================================================
----------------- testing Tue Jun 19 23:15:37 UTC 2018 /home/travis/build/icyphy/ptII/ptolemy/domains/sdf/test/auto/Gravitation.xml
----------------- Instantiating /home/travis/build/icyphy/ptII/ptolemy/domains/sdf/test/auto/Gravitation.xml
3112 ms. Memory: 208384K Free: 111275K (53%)
----------------- Invoking toplevel() on ptolemy.moml.MoMLSimpleApplication@3158c60
----------------- Done invoking toplevel() on ptolemy.moml.MoMLSimpleApplication@3158c60
reloadAllAccessors: .Gravitation

===========================================================================================
----------------- testing Tue Jun 19 23:15:40 UTC 2018 /home/travis/build/icyphy/ptII/ptolemy/domains/sdf/test/auto/GravitationWithCollisionDetection.xml
----------------- Instantiating /home/travis/build/icyphy/ptII/ptolemy/domains/sdf/test/auto/GravitationWithCollisionDetection.xml
6142 ms. Memory: 873984K Free: 324749K (37%)
----------------- Invoking toplevel() on ptolemy.moml.MoMLSimpleApplication@364f3fae
----------------- Done invoking toplevel() on ptolemy.moml.MoMLSimpleApplication@364f3fae
reloadAllAccessors: .GravitationWithCollisionDetection

===========================================================================================
----------------- testing Tue Jun 19 23:15:46 UTC 2018 /home/travis/build/icyphy/ptII/ptolemy/domains/sdf/test/auto/HDF.xml
----------------- Instantiating /home/travis/build/icyphy/ptII/ptolemy/domains/sdf/test/auto/HDF.xml
34 ms. Memory: 873984K Free: 293834K (34%)
----------------- Invoking toplevel() on ptolemy.moml.MoMLSimpleApplication@ebfa339
----------------- Done invoking toplevel() on ptolemy.moml.MoMLSimpleApplication@ebfa339
reloadAllAccessors: .HDF

===========================================================================================
----------------- testing Tue Jun 19 23:15:46 UTC 2018 /home/travis/build/icyphy/ptII/ptolemy/domains/sdf/test/auto/HDFwithTransientStates.xml
----------------- Instantiating /home/travis/build/icyphy/ptII/ptolemy/domains/sdf/test/auto/HDFwithTransientStates.xml
26 ms. Memory: 873984K Free: 270241K (31%)
----------------- Invoking toplevel() on ptolemy.moml.MoMLSimpleApplication@ee73cbc
----------------- Done invoking toplevel() on ptolemy.moml.MoMLSimpleApplication@ee73cbc
reloadAllAccessors: .HDFwithTransientStates

===========================================================================================
----------------- testing Tue Jun 19 23:15:46 UTC 2018 /home/travis/build/icyphy/ptII/ptolemy/domains/sdf/test/auto/HTVQ.xml
----------------- Instantiating /home/travis/build/icyphy/ptII/ptolemy/domains/sdf/test/auto/HTVQ.xml
790 ms. Memory: 873984K Free: 97336K (11%)
----------------- Invoking toplevel() on ptolemy.moml.MoMLSimpleApplication@115e6509
----------------- Done invoking toplevel() on ptolemy.moml.MoMLSimpleApplication@115e6509
reloadAllAccessors: .HTVQ

===========================================================================================
----------------- testing Tue Jun 19 23:15:47 UTC 2018 /home/travis/build/icyphy/ptII/ptolemy/domains/sdf/test/auto/InferInitProduction.xml
----------------- Instantiating /home/travis/build/icyphy/ptII/ptolemy/domains/sdf/test/auto/InferInitProduction.xml
11 ms. Memory: 873984K Free: 81618K (9%)
----------------- Invoking toplevel() on ptolemy.moml.MoMLSimpleApplication@4c5386c0
----------------- Done invoking toplevel() on ptolemy.moml.MoMLSimpleApplication@4c5386c0
reloadAllAccessors: .InferInitProduction

===========================================================================================
----------------- testing Tue Jun 19 23:15:47 UTC 2018 /home/travis/build/icyphy/ptII/ptolemy/domains/sdf/test/auto/InferInitProductionDeeper.xml
----------------- Instantiating /home/travis/build/icyphy/ptII/ptolemy/domains/sdf/test/auto/InferInitProductionDeeper.xml
11 ms. Memory: 874496K Free: 859240K (98%)
----------------- Invoking toplevel() on ptolemy.moml.MoMLSimpleApplication@6377abf2
----------------- Done invoking toplevel() on ptolemy.moml.MoMLSimpleApplication@6377abf2
reloadAllAccessors: .InferInitProductionDeeper

===========================================================================================
----------------- testing Tue Jun 19 23:15:47 UTC 2018 /home/travis/build/icyphy/ptII/ptolemy/domains/sdf/test/auto/LMSAdaptive.xml
----------------- Instantiating /home/travis/build/icyphy/ptII/ptolemy/domains/sdf/test/auto/LMSAdaptive.xml
12 ms. Memory: 874496K Free: 837149K (96%)
----------------- Invoking toplevel() on ptolemy.moml.MoMLSimpleApplication@40c192a9
----------------- Done invoking toplevel() on ptolemy.moml.MoMLSimpleApplication@40c192a9
reloadAllAccessors: .LMSAdaptive

===========================================================================================
----------------- testing Tue Jun 19 23:15:47 UTC 2018 /home/travis/build/icyphy/ptII/ptolemy/domains/sdf/test/auto/LogisticMap.xml
----------------- Instantiating /home/travis/build/icyphy/ptII/ptolemy/domains/sdf/test/auto/LogisticMap.xml
442 ms. Memory: 874496K Free: 826670K (95%)
----------------- Invoking toplevel() on ptolemy.moml.MoMLSimpleApplication@fbbb710
----------------- Done invoking toplevel() on ptolemy.moml.MoMLSimpleApplication@fbbb710
reloadAllAccessors: .LogisticMap

===========================================================================================
----------------- testing Tue Jun 19 23:15:48 UTC 2018 /home/travis/build/icyphy/ptII/ptolemy/domains/sdf/test/auto/MaximumEntropySpectrum.xml
----------------- Instantiating /home/travis/build/icyphy/ptII/ptolemy/domains/sdf/test/auto/MaximumEntropySpectrum.xml
72 ms. Memory: 874496K Free: 758461K (87%)
----------------- Invoking toplevel() on ptolemy.moml.MoMLSimpleApplication@5c6846db
----------------- Done invoking toplevel() on ptolemy.moml.MoMLSimpleApplication@5c6846db
reloadAllAccessors: .MaximumEntropySpectrum

===========================================================================================
----------------- testing Tue Jun 19 23:15:48 UTC 2018 /home/travis/build/icyphy/ptII/ptolemy/domains/sdf/test/auto/MultirateSDF.xml
----------------- Instantiating /home/travis/build/icyphy/ptII/ptolemy/domains/sdf/test/auto/MultirateSDF.xml
19 ms. Memory: 874496K Free: 737495K (84%)
----------------- Invoking toplevel() on ptolemy.moml.MoMLSimpleApplication@6ec2e6a1
----------------- Done invoking toplevel() on ptolemy.moml.MoMLSimpleApplication@6ec2e6a1
reloadAllAccessors: .MultirateSDF

===========================================================================================
----------------- testing Tue Jun 19 23:15:48 UTC 2018 /home/travis/build/icyphy/ptII/ptolemy/domains/sdf/test/auto/MultirateSDFwithTransientStates.xml
----------------- Instantiating /home/travis/build/icyphy/ptII/ptolemy/domains/sdf/test/auto/MultirateSDFwithTransientStates.xml
20 ms. Memory: 874496K Free: 716536K (82%)
----------------- Invoking toplevel() on ptolemy.moml.MoMLSimpleApplication@375bd613
----------------- Done invoking toplevel() on ptolemy.moml.MoMLSimpleApplication@375bd613
reloadAllAccessors: .MultirateSDFwithTransientStates

===========================================================================================
----------------- testing Tue Jun 19 23:15:48 UTC 2018 /home/travis/build/icyphy/ptII/ptolemy/domains/sdf/test/auto/NoisySinewave.xml
----------------- Instantiating /home/travis/build/icyphy/ptII/ptolemy/domains/sdf/test/auto/NoisySinewave.xml
14 ms. Memory: 874496K Free: 695563K (80%)
----------------- Invoking toplevel() on ptolemy.moml.MoMLSimpleApplication@f538c75
----------------- Done invoking toplevel() on ptolemy.moml.MoMLSimpleApplication@f538c75
reloadAllAccessors: .NoisySinewave

===========================================================================================
----------------- testing Tue Jun 19 23:15:48 UTC 2018 /home/travis/build/icyphy/ptII/ptolemy/domains/sdf/test/auto/Objects.xml
----------------- Instantiating /home/travis/build/icyphy/ptII/ptolemy/domains/sdf/test/auto/Objects.xml
4 ms. Memory: 874496K Free: 677787K (78%)
----------------- Invoking toplevel() on ptolemy.moml.MoMLSimpleApplication@5a1d2254
----------------- Done invoking toplevel() on ptolemy.moml.MoMLSimpleApplication@5a1d2254
reloadAllAccessors: .Objects

===========================================================================================
----------------- testing Tue Jun 19 23:15:48 UTC 2018 /home/travis/build/icyphy/ptII/ptolemy/domains/sdf/test/auto/OrthogonalCom.xml
----------------- Instantiating /home/travis/build/icyphy/ptII/ptolemy/domains/sdf/test/auto/OrthogonalCom.xml
6 ms. Memory: 874496K Free: 662061K (76%)
----------------- Invoking toplevel() on ptolemy.moml.MoMLSimpleApplication@48f5d899
----------------- Done invoking toplevel() on ptolemy.moml.MoMLSimpleApplication@48f5d899
reloadAllAccessors: .OrthogonalCom

===========================================================================================
----------------- testing Tue Jun 19 23:15:48 UTC 2018 /home/travis/build/icyphy/ptII/ptolemy/domains/sdf/test/auto/RijndaelEncryption.xml
----------------- Instantiating /home/travis/build/icyphy/ptII/ptolemy/domains/sdf/test/auto/RijndaelEncryption.xml
300 ms. Memory: 874496K Free: 499405K (57%)
----------------- Invoking toplevel() on ptolemy.moml.MoMLSimpleApplication@bc504d5
----------------- Done invoking toplevel() on ptolemy.moml.MoMLSimpleApplication@bc504d5
reloadAllAccessors: .RijndaelEncryption

===========================================================================================
----------------- testing Tue Jun 19 23:15:49 UTC 2018 /home/travis/build/icyphy/ptII/ptolemy/domains/sdf/test/auto/SDFEmptyIterations.xml
----------------- Instantiating /home/travis/build/icyphy/ptII/ptolemy/domains/sdf/test/auto/SDFEmptyIterations.xml
5 ms. Memory: 874496K Free: 488926K (56%)
----------------- Invoking toplevel() on ptolemy.moml.MoMLSimpleApplication@7d6ea684
----------------- Done invoking toplevel() on ptolemy.moml.MoMLSimpleApplication@7d6ea684
reloadAllAccessors: .SDFEmptyIterations

===========================================================================================
----------------- testing Tue Jun 19 23:15:49 UTC 2018 /home/travis/build/icyphy/ptII/ptolemy/domains/sdf/test/auto/Spectrum.xml
----------------- Instantiating /home/travis/build/icyphy/ptII/ptolemy/domains/sdf/test/auto/Spectrum.xml
22 ms. Memory: 874496K Free: 467968K (54%)
----------------- Invoking toplevel() on ptolemy.moml.MoMLSimpleApplication@b8c8de5
----------------- Done invoking toplevel() on ptolemy.moml.MoMLSimpleApplication@b8c8de5
reloadAllAccessors: .Spectrum

===========================================================================================
----------------- testing Tue Jun 19 23:15:49 UTC 2018 /home/travis/build/icyphy/ptII/ptolemy/domains/sdf/test/auto/de_inside_sdf.xml
----------------- Instantiating /home/travis/build/icyphy/ptII/ptolemy/domains/sdf/test/auto/de_inside_sdf.xml
5 ms. Memory: 874496K Free: 457489K (52%)
----------------- Invoking toplevel() on ptolemy.moml.MoMLSimpleApplication@1c45cc98
----------------- Done invoking toplevel() on ptolemy.moml.MoMLSimpleApplication@1c45cc98
reloadAllAccessors: .de_inside_sdf

===========================================================================================
----------------- testing Tue Jun 19 23:15:49 UTC 2018 /home/travis/build/icyphy/ptII/ptolemy/domains/sdf/test/auto/disconnectedHierarchicalSDF.xml
----------------- Instantiating /home/travis/build/icyphy/ptII/ptolemy/domains/sdf/test/auto/disconnectedHierarchicalSDF.xml
6 ms. Memory: 874496K Free: 444969K (51%)
----------------- Invoking toplevel() on ptolemy.moml.MoMLSimpleApplication@60908127
----------------- Done invoking toplevel() on ptolemy.moml.MoMLSimpleApplication@60908127
reloadAllAccessors: .disconnectedHierarchicalSDF

===========================================================================================
----------------- testing Tue Jun 19 23:15:49 UTC 2018 /home/travis/build/icyphy/ptII/ptolemy/domains/sdf/test/auto/disconnectedSDF.xml
----------------- Instantiating /home/travis/build/icyphy/ptII/ptolemy/domains/sdf/test/auto/disconnectedSDF.xml
3 ms. Memory: 874496K Free: 434490K (50%)
----------------- Invoking toplevel() on ptolemy.moml.MoMLSimpleApplication@f649466
----------------- Done invoking toplevel() on ptolemy.moml.MoMLSimpleApplication@f649466
reloadAllAccessors: .disconnectedSDF

===========================================================================================
----------------- testing Tue Jun 19 23:15:49 UTC 2018 /home/travis/build/icyphy/ptII/ptolemy/domains/sdf/test/auto/emptyRefinement.xml
----------------- Instantiating /home/travis/build/icyphy/ptII/ptolemy/domains/sdf/test/auto/emptyRefinement.xml
4 ms. Memory: 874496K Free: 424011K (48%)
----------------- Invoking toplevel() on ptolemy.moml.MoMLSimpleApplication@2e3c9541
----------------- Done invoking toplevel() on ptolemy.moml.MoMLSimpleApplication@2e3c9541
reloadAllAccessors: .emptyRefinement

===========================================================================================
----------------- testing Tue Jun 19 23:15:49 UTC 2018 /home/travis/build/icyphy/ptII/ptolemy/domains/sdf/test/auto/filePortParameter.xml
----------------- Instantiating /home/travis/build/icyphy/ptII/ptolemy/domains/sdf/test/auto/filePortParameter.xml
12 ms. Memory: 874496K Free: 408277K (47%)
----------------- Invoking toplevel() on ptolemy.moml.MoMLSimpleApplication@55c84c13
----------------- Done invoking toplevel() on ptolemy.moml.MoMLSimpleApplication@55c84c13
reloadAllAccessors: .filePortParameter

===========================================================================================
----------------- testing Tue Jun 19 23:15:49 UTC 2018 /home/travis/build/icyphy/ptII/ptolemy/domains/sdf/test/auto/inferRelationWidth1.xml
----------------- Instantiating /home/travis/build/icyphy/ptII/ptolemy/domains/sdf/test/auto/inferRelationWidth1.xml
3 ms. Memory: 874496K Free: 397798K (45%)
----------------- Invoking toplevel() on ptolemy.moml.MoMLSimpleApplication@291cc96e
----------------- Done invoking toplevel() on ptolemy.moml.MoMLSimpleApplication@291cc96e
reloadAllAccessors: .inferRelationWidth1

===========================================================================================
----------------- testing Tue Jun 19 23:15:49 UTC 2018 /home/travis/build/icyphy/ptII/ptolemy/domains/sdf/test/auto/initProductionInference.xml
----------------- Instantiating /home/travis/build/icyphy/ptII/ptolemy/domains/sdf/test/auto/initProductionInference.xml
7 ms. Memory: 874496K Free: 387319K (44%)
----------------- Invoking toplevel() on ptolemy.moml.MoMLSimpleApplication@7a0abc42
----------------- Done invoking toplevel() on ptolemy.moml.MoMLSimpleApplication@7a0abc42
reloadAllAccessors: .initProductionInference

===========================================================================================
----------------- testing Tue Jun 19 23:15:49 UTC 2018 /home/travis/build/icyphy/ptII/ptolemy/domains/sdf/test/auto/relationGroup.xml
----------------- Instantiating /home/travis/build/icyphy/ptII/ptolemy/domains/sdf/test/auto/relationGroup.xml
1 ms. Memory: 874496K Free: 374800K (43%)
----------------- Invoking toplevel() on ptolemy.moml.MoMLSimpleApplication@40a4b6d
----------------- Done invoking toplevel() on ptolemy.moml.MoMLSimpleApplication@40a4b6d
reloadAllAccessors: .relationGroup

===========================================================================================
----------------- testing Tue Jun 19 23:15:49 UTC 2018 /home/travis/build/icyphy/ptII/ptolemy/domains/sdf/test/auto/relationGroup10.xml
----------------- Instantiating /home/travis/build/icyphy/ptII/ptolemy/domains/sdf/test/auto/relationGroup10.xml
1 ms. Memory: 874496K Free: 364321K (42%)
----------------- Invoking toplevel() on ptolemy.moml.MoMLSimpleApplication@487b507b
----------------- Done invoking toplevel() on ptolemy.moml.MoMLSimpleApplication@487b507b
reloadAllAccessors: .relationGroup10

===========================================================================================
----------------- testing Tue Jun 19 23:15:49 UTC 2018 /home/travis/build/icyphy/ptII/ptolemy/domains/sdf/test/auto/relationGroup11.xml
----------------- Instantiating /home/travis/build/icyphy/ptII/ptolemy/domains/sdf/test/auto/relationGroup11.xml
2 ms. Memory: 874496K Free: 353842K (40%)
----------------- Invoking toplevel() on ptolemy.moml.MoMLSimpleApplication@f4ebd15
----------------- Done invoking toplevel() on ptolemy.moml.MoMLSimpleApplication@f4ebd15
reloadAllAccessors: .relationGroup11

===========================================================================================
----------------- testing Tue Jun 19 23:15:49 UTC 2018 /home/travis/build/icyphy/ptII/ptolemy/domains/sdf/test/auto/relationGroup12.xml
----------------- Instantiating /home/travis/build/icyphy/ptII/ptolemy/domains/sdf/test/auto/relationGroup12.xml
3 ms. Memory: 874496K Free: 343363K (39%)
----------------- Invoking toplevel() on ptolemy.moml.MoMLSimpleApplication@3e0d45d3
----------------- Done invoking toplevel() on ptolemy.moml.MoMLSimpleApplication@3e0d45d3
reloadAllAccessors: .relationGroup12

===========================================================================================
----------------- testing Tue Jun 19 23:15:49 UTC 2018 /home/travis/build/icyphy/ptII/ptolemy/domains/sdf/test/auto/relationGroup13.xml
----------------- Instantiating /home/travis/build/icyphy/ptII/ptolemy/domains/sdf/test/auto/relationGroup13.xml
6 ms. Memory: 874496K Free: 332884K (38%)
----------------- Invoking toplevel() on ptolemy.moml.MoMLSimpleApplication@6c636e83
----------------- Done invoking toplevel() on ptolemy.moml.MoMLSimpleApplication@6c636e83
reloadAllAccessors: .relationGroup13

===========================================================================================
----------------- testing Tue Jun 19 23:15:49 UTC 2018 /home/travis/build/icyphy/ptII/ptolemy/domains/sdf/test/auto/relationGroup14.xml
----------------- Instantiating /home/travis/build/icyphy/ptII/ptolemy/domains/sdf/test/auto/relationGroup14.xml
4 ms. Memory: 874496K Free: 322405K (37%)
----------------- Invoking toplevel() on ptolemy.moml.MoMLSimpleApplication@4cccfcae
----------------- Done invoking toplevel() on ptolemy.moml.MoMLSimpleApplication@4cccfcae
reloadAllAccessors: .relationGroup14

===========================================================================================
----------------- testing Tue Jun 19 23:15:49 UTC 2018 /home/travis/build/icyphy/ptII/ptolemy/domains/sdf/test/auto/relationGroup15.xml
----------------- Instantiating /home/travis/build/icyphy/ptII/ptolemy/domains/sdf/test/auto/relationGroup15.xml
2 ms. Memory: 874496K Free: 309886K (35%)
----------------- Invoking toplevel() on ptolemy.moml.MoMLSimpleApplication@56c1bb2f
----------------- Done invoking toplevel() on ptolemy.moml.MoMLSimpleApplication@56c1bb2f
reloadAllAccessors: .relationGroup15

===========================================================================================
----------------- testing Tue Jun 19 23:15:49 UTC 2018 /home/travis/build/icyphy/ptII/ptolemy/domains/sdf/test/auto/relationGroup2.xml
----------------- Instantiating /home/travis/build/icyphy/ptII/ptolemy/domains/sdf/test/auto/relationGroup2.xml
2 ms. Memory: 874496K Free: 299407K (34%)
----------------- Invoking toplevel() on ptolemy.moml.MoMLSimpleApplication@547a47f2
----------------- Done invoking toplevel() on ptolemy.moml.MoMLSimpleApplication@547a47f2
reloadAllAccessors: .relationGroup2

===========================================================================================
----------------- testing Tue Jun 19 23:15:49 UTC 2018 /home/travis/build/icyphy/ptII/ptolemy/domains/sdf/test/auto/relationGroup3.xml
----------------- Instantiating /home/travis/build/icyphy/ptII/ptolemy/domains/sdf/test/auto/relationGroup3.xml
2 ms. Memory: 874496K Free: 288928K (33%)
----------------- Invoking toplevel() on ptolemy.moml.MoMLSimpleApplication@7d915710
----------------- Done invoking toplevel() on ptolemy.moml.MoMLSimpleApplication@7d915710
reloadAllAccessors: .relationGroup3

===========================================================================================
----------------- testing Tue Jun 19 23:15:49 UTC 2018 /home/travis/build/icyphy/ptII/ptolemy/domains/sdf/test/auto/relationGroup4.xml
----------------- Instantiating /home/travis/build/icyphy/ptII/ptolemy/domains/sdf/test/auto/relationGroup4.xml
2 ms. Memory: 874496K Free: 278449K (32%)
----------------- Invoking toplevel() on ptolemy.moml.MoMLSimpleApplication@72513e05
----------------- Done invoking toplevel() on ptolemy.moml.MoMLSimpleApplication@72513e05
reloadAllAccessors: .relationGroup4

===========================================================================================
----------------- testing Tue Jun 19 23:15:49 UTC 2018 /home/travis/build/icyphy/ptII/ptolemy/domains/sdf/test/auto/relationGroup5.xml
----------------- Instantiating /home/travis/build/icyphy/ptII/ptolemy/domains/sdf/test/auto/relationGroup5.xml
3 ms. Memory: 874496K Free: 267970K (31%)
----------------- Invoking toplevel() on ptolemy.moml.MoMLSimpleApplication@48e8b7d8
----------------- Done invoking toplevel() on ptolemy.moml.MoMLSimpleApplication@48e8b7d8
reloadAllAccessors: .relationGroup5

===========================================================================================
----------------- testing Tue Jun 19 23:15:49 UTC 2018 /home/travis/build/icyphy/ptII/ptolemy/domains/sdf/test/auto/relationGroup6.xml
----------------- Instantiating /home/travis/build/icyphy/ptII/ptolemy/domains/sdf/test/auto/relationGroup6.xml
8 ms. Memory: 874496K Free: 257491K (29%)
----------------- Invoking toplevel() on ptolemy.moml.MoMLSimpleApplication@1001ab79
----------------- Done invoking toplevel() on ptolemy.moml.MoMLSimpleApplication@1001ab79
reloadAllAccessors: .relationGroup6

===========================================================================================
----------------- testing Tue Jun 19 23:15:49 UTC 2018 /home/travis/build/icyphy/ptII/ptolemy/domains/sdf/test/auto/relationGroup7.xml
----------------- Instantiating /home/travis/build/icyphy/ptII/ptolemy/domains/sdf/test/auto/relationGroup7.xml
2 ms. Memory: 874496K Free: 244971K (28%)
----------------- Invoking toplevel() on ptolemy.moml.MoMLSimpleApplication@b1a81bb
----------------- Done invoking toplevel() on ptolemy.moml.MoMLSimpleApplication@b1a81bb
reloadAllAccessors: .relationGroup7

===========================================================================================
----------------- testing Tue Jun 19 23:15:49 UTC 2018 /home/travis/build/icyphy/ptII/ptolemy/domains/sdf/test/auto/relationGroup8.xml
----------------- Instantiating /home/travis/build/icyphy/ptII/ptolemy/domains/sdf/test/auto/relationGroup8.xml
4 ms. Memory: 874496K Free: 234492K (27%)
----------------- Invoking toplevel() on ptolemy.moml.MoMLSimpleApplication@43f82dee
----------------- Done invoking toplevel() on ptolemy.moml.MoMLSimpleApplication@43f82dee
reloadAllAccessors: .relationGroup8

===========================================================================================
----------------- testing Tue Jun 19 23:15:50 UTC 2018 /home/travis/build/icyphy/ptII/ptolemy/domains/sdf/test/auto/relationGroup9.xml
----------------- Instantiating /home/travis/build/icyphy/ptII/ptolemy/domains/sdf/test/auto/relationGroup9.xml
10 ms. Memory: 874496K Free: 224013K (26%)
----------------- Invoking toplevel() on ptolemy.moml.MoMLSimpleApplication@16ebcd40
----------------- Done invoking toplevel() on ptolemy.moml.MoMLSimpleApplication@16ebcd40
reloadAllAccessors: .relationGroup9

===========================================================================================
----------------- testing Tue Jun 19 23:15:50 UTC 2018 /home/travis/build/icyphy/ptII/ptolemy/domains/sdf/test/auto/sdf_inside_de.xml
----------------- Instantiating /home/travis/build/icyphy/ptII/ptolemy/domains/sdf/test/auto/sdf_inside_de.xml
23 ms. Memory: 874496K Free: 208279K (24%)
----------------- Invoking toplevel() on ptolemy.moml.MoMLSimpleApplication@1980495
----------------- Done invoking toplevel() on ptolemy.moml.MoMLSimpleApplication@1980495
reloadAllAccessors: .sdf_inside_de

===========================================================================================
----------------- testing Tue Jun 19 23:15:50 UTC 2018 /home/travis/build/icyphy/ptII/ptolemy/domains/sdf/test/auto/sdf_inside_pn.xml
----------------- Instantiating /home/travis/build/icyphy/ptII/ptolemy/domains/sdf/test/auto/sdf_inside_pn.xml
48 ms. Memory: 874496K Free: 166363K (19%)
----------------- Invoking toplevel() on ptolemy.moml.MoMLSimpleApplication@30b7ca13
----------------- Done invoking toplevel() on ptolemy.moml.MoMLSimpleApplication@30b7ca13
reloadAllAccessors: .sdf_inside_pn

===========================================================================================
----------------- testing Tue Jun 19 23:15:50 UTC 2018 /home/travis/build/icyphy/ptII/ptolemy/domains/sdf/test/auto/sdf_sdf1.xml
----------------- Instantiating /home/travis/build/icyphy/ptII/ptolemy/domains/sdf/test/auto/sdf_sdf1.xml
3 ms. Memory: 874496K Free: 153843K (18%)
----------------- Invoking toplevel() on ptolemy.moml.MoMLSimpleApplication@4dc5c59c
----------------- Done invoking toplevel() on ptolemy.moml.MoMLSimpleApplication@4dc5c59c
reloadAllAccessors: .sdf_sdf1

===========================================================================================
----------------- testing Tue Jun 19 23:15:50 UTC 2018 /home/travis/build/icyphy/ptII/ptolemy/domains/sdf/test/auto/test1.xml
----------------- Instantiating /home/travis/build/icyphy/ptII/ptolemy/domains/sdf/test/auto/test1.xml
6 ms. Memory: 874496K Free: 143364K (16%)
----------------- Invoking toplevel() on ptolemy.moml.MoMLSimpleApplication@2c42ecdd
----------------- Done invoking toplevel() on ptolemy.moml.MoMLSimpleApplication@2c42ecdd
reloadAllAccessors: .test1

===========================================================================================
----------------- testing Tue Jun 19 23:15:50 UTC 2018 /home/travis/build/icyphy/ptII/ptolemy/domains/sdf/test/auto/time1.xml
----------------- Instantiating /home/travis/build/icyphy/ptII/ptolemy/domains/sdf/test/auto/time1.xml
2 ms. Memory: 874496K Free: 132886K (15%)
----------------- Invoking toplevel() on ptolemy.moml.MoMLSimpleApplication@2c455f5e
----------------- Done invoking toplevel() on ptolemy.moml.MoMLSimpleApplication@2c455f5e
reloadAllAccessors: .time1

===========================================================================================
----------------- testing Tue Jun 19 23:15:50 UTC 2018 /home/travis/build/icyphy/ptII/ptolemy/domains/sdf/test/auto/time2.xml
----------------- Instantiating /home/travis/build/icyphy/ptII/ptolemy/domains/sdf/test/auto/time2.xml
5 ms. Memory: 874496K Free: 122407K (14%)
----------------- Invoking toplevel() on ptolemy.moml.MoMLSimpleApplication@30a31bb3
----------------- Done invoking toplevel() on ptolemy.moml.MoMLSimpleApplication@30a31bb3
reloadAllAccessors: .time2

===========================================================================================
----------------- testing Tue Jun 19 23:15:50 UTC 2018 /home/travis/build/icyphy/ptII/ptolemy/domains/sdf/test/auto/time3.xml
----------------- Instantiating /home/travis/build/icyphy/ptII/ptolemy/domains/sdf/test/auto/time3.xml
8 ms. Memory: 874496K Free: 111928K (13%)
----------------- Invoking toplevel() on ptolemy.moml.MoMLSimpleApplication@78a3c4c8
----------------- Done invoking toplevel() on ptolemy.moml.MoMLSimpleApplication@78a3c4c8
reloadAllAccessors: .time3

===========================================================================================
----------------- testing Tue Jun 19 23:15:50 UTC 2018 /home/travis/build/icyphy/ptII/ptolemy/domains/sdf/test/auto/time4.xml
----------------- Instantiating /home/travis/build/icyphy/ptII/ptolemy/domains/sdf/test/auto/time4.xml
5 ms. Memory: 874496K Free: 101449K (12%)
----------------- Invoking toplevel() on ptolemy.moml.MoMLSimpleApplication@64cbc0e9
----------------- Done invoking toplevel() on ptolemy.moml.MoMLSimpleApplication@64cbc0e9
reloadAllAccessors: .time4

===========================================================================================
----------------- testing Tue Jun 19 23:15:50 UTC 2018 /home/travis/build/icyphy/ptII/ptolemy/domains/sdf/test/auto/time5.xml
----------------- Instantiating /home/travis/build/icyphy/ptII/ptolemy/domains/sdf/test/auto/time5.xml
4001 ms. Memory: 874496K Free: 88929K (10%)
----------------- Invoking toplevel() on ptolemy.moml.MoMLSimpleApplication@2815bd20
----------------- Done invoking toplevel() on ptolemy.moml.MoMLSimpleApplication@2815bd20
reloadAllAccessors: .time5

===========================================================================================
----------------- testing Tue Jun 19 23:15:54 UTC 2018 /home/travis/build/icyphy/ptII/ptolemy/domains/sdf/test/auto/typeSystem_Const_Integer_smallest_Type.xml
----------------- Instantiating /home/travis/build/icyphy/ptII/ptolemy/domains/sdf/test/auto/typeSystem_Const_Integer_smallest_Type.xml
6 ms. Memory: 874496K Free: 78450K (9%)
----------------- Invoking toplevel() on ptolemy.moml.MoMLSimpleApplication@2699fadd
----------------- Done invoking toplevel() on ptolemy.moml.MoMLSimpleApplication@2699fadd
reloadAllAccessors: .typeSystem_Const_Integer_smallest_Type

===========================================================================================
----------------- testing Tue Jun 19 23:15:54 UTC 2018 /home/travis/build/icyphy/ptII/ptolemy/domains/sdf/test/auto/typeSystem_declared_Inports_OutportTypeException.xml
----------------- Instantiating /home/travis/build/icyphy/ptII/ptolemy/domains/sdf/test/auto/typeSystem_declared_Inports_OutportTypeException.xml
.typeSystem_declared_Inports_OutportTypeException.TestExceptionAttribute: initialize() was not invoked, but wrapup() was.  This is unusual, but not always a problem.  For example, exporting JNLP will do this.
3 ms. Memory: 830976K Free: 808670K (97%)
----------------- Invoking toplevel() on ptolemy.moml.MoMLSimpleApplication@52a5f2f9
----------------- Done invoking toplevel() on ptolemy.moml.MoMLSimpleApplication@52a5f2f9
reloadAllAccessors: .typeSystem_declared_Inports_OutportTypeException

===========================================================================================
----------------- testing Tue Jun 19 23:15:54 UTC 2018 /home/travis/build/icyphy/ptII/ptolemy/domains/sdf/test/auto/typeSystem_oneDeclaredInportType_wrongTypeOutport.xml
----------------- Instantiating /home/travis/build/icyphy/ptII/ptolemy/domains/sdf/test/auto/typeSystem_oneDeclaredInportType_wrongTypeOutport.xml
8 ms. Memory: 830976K Free: 797321K (96%)
----------------- Invoking toplevel() on ptolemy.moml.MoMLSimpleApplication@3a6a25cf
----------------- Done invoking toplevel() on ptolemy.moml.MoMLSimpleApplication@3a6a25cf
reloadAllAccessors: .typeSystem_oneDeclaredInportType_wrongTypeOutport

===========================================================================================
----------------- testing Tue Jun 19 23:15:54 UTC 2018 /home/travis/build/icyphy/ptII/ptolemy/domains/sdf/test/auto/width.xml
----------------- Instantiating /home/travis/build/icyphy/ptII/ptolemy/domains/sdf/test/auto/width.xml
1 ms. Memory: 830976K Free: 787340K (95%)
----------------- Invoking toplevel() on ptolemy.moml.MoMLSimpleApplication@43c5cba2
----------------- Done invoking toplevel() on ptolemy.moml.MoMLSimpleApplication@43c5cba2
reloadAllAccessors: .width

===========================================================================================
----------------- testing Tue Jun 19 23:15:54 UTC 2018 /home/travis/build/icyphy/ptII/ptolemy/domains/sdf/test/auto/width2.xml
----------------- Instantiating /home/travis/build/icyphy/ptII/ptolemy/domains/sdf/test/auto/width2.xml
26 ms. Memory: 830976K Free: 777360K (94%)
----------------- Invoking toplevel() on ptolemy.moml.MoMLSimpleApplication@2f9a7800
----------------- Done invoking toplevel() on ptolemy.moml.MoMLSimpleApplication@2f9a7800
reloadAllAccessors: .width2

===========================================================================================
----------------- testing Tue Jun 19 23:15:54 UTC 2018 /home/travis/build/icyphy/ptII/ptolemy/domains/sdf/test/auto/width3.xml
----------------- Instantiating /home/travis/build/icyphy/ptII/ptolemy/domains/sdf/test/auto/width3.xml
22 ms. Memory: 830976K Free: 765771K (92%)
----------------- Invoking toplevel() on ptolemy.moml.MoMLSimpleApplication@5e6e2aa6
----------------- Done invoking toplevel() on ptolemy.moml.MoMLSimpleApplication@5e6e2aa6
reloadAllAccessors: .width3
AutoTests.java: About to close Vertx.
AutoTests.java: Vertx closed.
]]></system-out>
  <system-err><![CDATA[java.lang.RuntimeException: Execution failed
	at ptolemy.moml.MoMLSimpleApplication$UnloadThread.run(MoMLSimpleApplication.java:402)
Caused by: ptolemy.actor.sched.NotSchedulableException: No solution exists for the balance equations.
Graph is not consistent under the SDF domain detected on external port .rateConsistency.actor.port2
  in .rateConsistency.SDF Director.Scheduler
	at ptolemy.domains.sdf.kernel.SDFScheduler._propagatePort(SDFScheduler.java:1425)
	at ptolemy.domains.sdf.kernel.SDFScheduler._solveBalanceEquations(SDFScheduler.java:710)
	at ptolemy.domains.sdf.kernel.SDFScheduler._getSchedule(SDFScheduler.java:566)
	at ptolemy.actor.sched.Scheduler.getSchedule(Scheduler.java:189)
	at ptolemy.domains.sdf.kernel.SDFDirector.createSchedule(SDFDirector.java:408)
	at ptolemy.domains.sdf.kernel.SDFDirector.preinitialize(SDFDirector.java:764)
	at ptolemy.actor.CompositeActor.preinitialize(CompositeActor.java:1828)
	at ptolemy.actor.Manager.preinitializeAndResolveTypes(Manager.java:1040)
	at ptolemy.actor.Manager.initialize(Manager.java:710)
	at ptolemy.actor.Manager.execute(Manager.java:356)
	at ptolemy.actor.Manager.run(Manager.java:1263)
	at ptolemy.actor.Manager$PtolemyRunThread.run(Manager.java:1915)
java.lang.RuntimeException: Execution failed
	at ptolemy.moml.MoMLSimpleApplication$UnloadThread.run(MoMLSimpleApplication.java:402)
Caused by: ptolemy.kernel.util.IllegalActionException: Failed to compute schedule:
  in .badRateChanges.typed composite actor.SDF Director
Because:
The SDF rate parameter may change. This is not allowed in SDF models that will be run through the code generator.  If you don't care about code generation, then you might consider setting the allowRateChanges parameter of the SDF director to false.
  in .badRateChanges.typed composite actor.Repeat.output.tokenProductionRate
	at ptolemy.domains.sdf.kernel.SDFDirector.createSchedule(SDFDirector.java:418)
	at ptolemy.domains.sdf.kernel.SDFDirector.preinitialize(SDFDirector.java:764)
	at ptolemy.actor.CompositeActor.preinitialize(CompositeActor.java:1828)
	at ptolemy.actor.Director.preinitialize(Director.java:1302)
	at ptolemy.actor.Director.preinitialize(Director.java:1257)
	at ptolemy.domains.sdf.kernel.SDFDirector.preinitialize(SDFDirector.java:763)
	at ptolemy.actor.CompositeActor.preinitialize(CompositeActor.java:1828)
	at ptolemy.actor.Manager.preinitializeAndResolveTypes(Manager.java:1040)
	at ptolemy.actor.Manager.initialize(Manager.java:710)
	at ptolemy.actor.Manager.execute(Manager.java:356)
	at ptolemy.actor.Manager.run(Manager.java:1263)
	at ptolemy.actor.Manager$PtolemyRunThread.run(Manager.java:1915)
Caused by: ptolemy.kernel.util.IllegalActionException: The SDF rate parameter may change. This is not allowed in SDF models that will be run through the code generator.  If you don't care about code generation, then you might consider setting the allowRateChanges parameter of the SDF director to false.
  in .badRateChanges.typed composite actor.Repeat.output.tokenProductionRate
	at ptolemy.domains.sdf.kernel.SDFScheduler._assertDynamicRateVariable(SDFScheduler.java:931)
	at ptolemy.domains.sdf.kernel.SDFScheduler._checkDynamicRateVariables(SDFScheduler.java:339)
	at ptolemy.domains.sdf.kernel.SDFScheduler._getSchedule(SDFScheduler.java:527)
	at ptolemy.actor.sched.Scheduler.getSchedule(Scheduler.java:189)
	at ptolemy.domains.sdf.kernel.SDFDirector.createSchedule(SDFDirector.java:408)
	... 11 more
java.lang.RuntimeException: Execution failed
	at ptolemy.moml.MoMLSimpleApplication$UnloadThread.run(MoMLSimpleApplication.java:402)
Caused by: ptolemy.kernel.util.IllegalActionException: Failed to compute schedule:
  in .badRateChanges2.typed composite actor.SDF Director
Because:
The SDF rate parameter may change. This is not allowed in SDF models that will be run through the code generator.  If you don't care about code generation, then you might consider setting the allowRateChanges parameter of the SDF director to false.
  in .badRateChanges2.typed composite actor.Repeat.output.tokenProductionRate
	at ptolemy.domains.sdf.kernel.SDFDirector.createSchedule(SDFDirector.java:418)
	at ptolemy.domains.sdf.kernel.SDFDirector.preinitialize(SDFDirector.java:764)
	at ptolemy.actor.CompositeActor.preinitialize(CompositeActor.java:1828)
	at ptolemy.actor.Director.preinitialize(Director.java:1302)
	at ptolemy.actor.Director.preinitialize(Director.java:1257)
	at ptolemy.domains.sdf.kernel.SDFDirector.preinitialize(SDFDirector.java:763)
	at ptolemy.actor.CompositeActor.preinitialize(CompositeActor.java:1828)
	at ptolemy.actor.Manager.preinitializeAndResolveTypes(Manager.java:1040)
	at ptolemy.actor.Manager.initialize(Manager.java:710)
	at ptolemy.actor.Manager.execute(Manager.java:356)
	at ptolemy.actor.Manager.run(Manager.java:1263)
	at ptolemy.actor.Manager$PtolemyRunThread.run(Manager.java:1915)
Caused by: ptolemy.kernel.util.IllegalActionException: The SDF rate parameter may change. This is not allowed in SDF models that will be run through the code generator.  If you don't care about code generation, then you might consider setting the allowRateChanges parameter of the SDF director to false.
  in .badRateChanges2.typed composite actor.Repeat.output.tokenProductionRate
	at ptolemy.domains.sdf.kernel.SDFScheduler._assertDynamicRateVariable(SDFScheduler.java:931)
	at ptolemy.domains.sdf.kernel.SDFScheduler._checkDynamicRateVariables(SDFScheduler.java:339)
	at ptolemy.domains.sdf.kernel.SDFScheduler._getSchedule(SDFScheduler.java:527)
	at ptolemy.actor.sched.Scheduler.getSchedule(Scheduler.java:189)
	at ptolemy.domains.sdf.kernel.SDFDirector.createSchedule(SDFDirector.java:408)
	... 11 more
java.lang.RuntimeException: Execution failed
	at ptolemy.moml.MoMLSimpleApplication$UnloadThread.run(MoMLSimpleApplication.java:402)
Caused by: ptolemy.actor.sched.NotSchedulableException: Actors remain that cannot be scheduled!

There are several possible reasons:
* SDF Graphs with feedback loops should have an actor with a delay in the loop, such as a SampleDelay.
* The SDF director has an "allowDisconnectedGraphs"parameter, which, when true, permits disconnected SDF graphs.
* The token consumption rate and production rates might be mismatched.
Usually, actors produce one token or consume one token on a port.  To produce or consume multiple tokens per firing, add a "tokenConsumptionRate" or "tokenProductionRate" parameter to the appropriate port.
Unscheduled actors:
.partiallyConnected.Const2 
Scheduled actors:
.partiallyConnected.Const 
  in .partiallyConnected.SDF Director.Scheduler
	at ptolemy.domains.sdf.kernel.SDFScheduler._scheduleConnectedActors(SDFScheduler.java:1828)
	at ptolemy.domains.sdf.kernel.SDFScheduler._getSchedule(SDFScheduler.java:587)
	at ptolemy.actor.sched.Scheduler.getSchedule(Scheduler.java:189)
	at ptolemy.domains.sdf.kernel.SDFDirector.createSchedule(SDFDirector.java:408)
	at ptolemy.domains.sdf.kernel.SDFDirector.preinitialize(SDFDirector.java:764)
	at ptolemy.actor.CompositeActor.preinitialize(CompositeActor.java:1828)
	at ptolemy.actor.Manager.preinitializeAndResolveTypes(Manager.java:1040)
	at ptolemy.actor.Manager.initialize(Manager.java:710)
	at ptolemy.actor.Manager.execute(Manager.java:356)
	at ptolemy.actor.Manager.run(Manager.java:1263)
	at ptolemy.actor.Manager$PtolemyRunThread.run(Manager.java:1915)
]]></system-err>
</testsuite>
