<?xml version="1.0" encoding="UTF-8" ?>
<testsuite errors="0" failures="0" hostname="travis-job-b1e46bfe-11ad-4f7c-8df0-c6a083f21a4a" name="ptolemy.domains.continuous.test.junit.JUnitTclTest" skipped="0" tests="156" time="85.886" timestamp="2019-03-14T03:45:55">
  <properties>
[...]
</properties>
  <testcase classname="ptolemy.util.test.junit.TclTests" name="[0] ThereAreNoTclTests (RunTclFile)" time="0.001" />
  <testcase classname="ptolemy.util.test.junit.AutoKnownFailedTests" name="[0] ThereAreNoKnowFailedTests (RunModel)" time="0.002" />
  <testcase classname="ptolemy.util.test.junit.AutoNameArchTests" name="[0] ThereAreNoAutoArchTests (RunModel)" time="0.007" />
  <testcase classname="ptolemy.util.test.junit.AutoTests" name="[0] /home/travis/build/icyphy/ptII/ptolemy/domains/continuous/test/auto/BouncingBall.xml (RunModel)" time="3.146" />
  <testcase classname="ptolemy.util.test.junit.AutoTests" name="[1] /home/travis/build/icyphy/ptII/ptolemy/domains/continuous/test/auto/BouncingBallWithoutGR.xml (RunModel)" time="0.9" />
  <testcase classname="ptolemy.util.test.junit.AutoTests" name="[2] /home/travis/build/icyphy/ptII/ptolemy/domains/continuous/test/auto/Brownian.xml (RunModel)" time="0.073" />
  <testcase classname="ptolemy.util.test.junit.AutoTests" name="[3] /home/travis/build/icyphy/ptII/ptolemy/domains/continuous/test/auto/CarTracking.xml (RunModel)" time="4.418" />
  <testcase classname="ptolemy.util.test.junit.AutoTests" name="[4] /home/travis/build/icyphy/ptII/ptolemy/domains/continuous/test/auto/CartPendulum.xml (RunModel)" time="0.599" />
  <testcase classname="ptolemy.util.test.junit.AutoTests" name="[5] /home/travis/build/icyphy/ptII/ptolemy/domains/continuous/test/auto/CausalityInterface10.xml (RunModel)" time="0.087" />
  <testcase classname="ptolemy.util.test.junit.AutoTests" name="[6] /home/travis/build/icyphy/ptII/ptolemy/domains/continuous/test/auto/CausalityInterface11.xml (RunModel)" time="0.043" />
  <testcase classname="ptolemy.util.test.junit.AutoTests" name="[7] /home/travis/build/icyphy/ptII/ptolemy/domains/continuous/test/auto/CausalityInterface12.xml (RunModel)" time="0.042" />
  <testcase classname="ptolemy.util.test.junit.AutoTests" name="[8] /home/travis/build/icyphy/ptII/ptolemy/domains/continuous/test/auto/CausalityInterface13.xml (RunModel)" time="0.048" />
  <testcase classname="ptolemy.util.test.junit.AutoTests" name="[9] /home/travis/build/icyphy/ptII/ptolemy/domains/continuous/test/auto/CausalityInterface14.xml (RunModel)" time="0.032" />
  <testcase classname="ptolemy.util.test.junit.AutoTests" name="[10] /home/travis/build/icyphy/ptII/ptolemy/domains/continuous/test/auto/CausalityInterface4.xml (RunModel)" time="0.051" />
  <testcase classname="ptolemy.util.test.junit.AutoTests" name="[11] /home/travis/build/icyphy/ptII/ptolemy/domains/continuous/test/auto/CausalityInterface5.xml (RunModel)" time="0.056" />
  <testcase classname="ptolemy.util.test.junit.AutoTests" name="[12] /home/travis/build/icyphy/ptII/ptolemy/domains/continuous/test/auto/CausalityInterface6.xml (RunModel)" time="0.03" />
  <testcase classname="ptolemy.util.test.junit.AutoTests" name="[13] /home/travis/build/icyphy/ptII/ptolemy/domains/continuous/test/auto/CausalityInterface7.xml (RunModel)" time="0.044" />
  <testcase classname="ptolemy.util.test.junit.AutoTests" name="[14] /home/travis/build/icyphy/ptII/ptolemy/domains/continuous/test/auto/CausalityInterface8.xml (RunModel)" time="0.049" />
  <testcase classname="ptolemy.util.test.junit.AutoTests" name="[15] /home/travis/build/icyphy/ptII/ptolemy/domains/continuous/test/auto/CausalityInterface9.xml (RunModel)" time="0.059" />
  <testcase classname="ptolemy.util.test.junit.AutoTests" name="[16] /home/travis/build/icyphy/ptII/ptolemy/domains/continuous/test/auto/CausalityInterfaceFeedback1.xml (RunModel)" time="0.047" />
  <testcase classname="ptolemy.util.test.junit.AutoTests" name="[17] /home/travis/build/icyphy/ptII/ptolemy/domains/continuous/test/auto/CausalityInterfaceFeedback2.xml (RunModel)" time="0.04" />
  <testcase classname="ptolemy.util.test.junit.AutoTests" name="[18] /home/travis/build/icyphy/ptII/ptolemy/domains/continuous/test/auto/CompareWithCurrentTime.xml (RunModel)" time="0.027" />
  <testcase classname="ptolemy.util.test.junit.AutoTests" name="[19] /home/travis/build/icyphy/ptII/ptolemy/domains/continuous/test/auto/ComparedClocks.xml (RunModel)" time="0.094" />
  <testcase classname="ptolemy.util.test.junit.AutoTests" name="[20] /home/travis/build/icyphy/ptII/ptolemy/domains/continuous/test/auto/ContinuousAOCClone.xml (RunModel)" time="2.991" />
  <testcase classname="ptolemy.util.test.junit.AutoTests" name="[21] /home/travis/build/icyphy/ptII/ptolemy/domains/continuous/test/auto/ContinuousClock.xml (RunModel)" time="0.113" />
  <testcase classname="ptolemy.util.test.junit.AutoTests" name="[22] /home/travis/build/icyphy/ptII/ptolemy/domains/continuous/test/auto/ContinuousInContinuous.xml (RunModel)" time="0.106" />
  <testcase classname="ptolemy.util.test.junit.AutoTests" name="[23] /home/travis/build/icyphy/ptII/ptolemy/domains/continuous/test/auto/ContinuousInContinuousInContinuous.xml (RunModel)" time="0.033" />
  <testcase classname="ptolemy.util.test.junit.AutoTests" name="[24] /home/travis/build/icyphy/ptII/ptolemy/domains/continuous/test/auto/ContinuousInDE.xml (RunModel)" time="0.114" />
  <testcase classname="ptolemy.util.test.junit.AutoTests" name="[25] /home/travis/build/icyphy/ptII/ptolemy/domains/continuous/test/auto/ContinuousInDE2.xml (RunModel)" time="0.099" />
  <testcase classname="ptolemy.util.test.junit.AutoTests" name="[26] /home/travis/build/icyphy/ptII/ptolemy/domains/continuous/test/auto/ContinuousInDE3.xml (RunModel)" time="0.077" />
  <testcase classname="ptolemy.util.test.junit.AutoTests" name="[27] /home/travis/build/icyphy/ptII/ptolemy/domains/continuous/test/auto/ContinuousInDE4.xml (RunModel)" time="0.047" />
  <testcase classname="ptolemy.util.test.junit.AutoTests" name="[28] /home/travis/build/icyphy/ptII/ptolemy/domains/continuous/test/auto/ContinuousInDEDifferentRefinements.xml (RunModel)" time="0.126" />
  <testcase classname="ptolemy.util.test.junit.AutoTests" name="[29] /home/travis/build/icyphy/ptII/ptolemy/domains/continuous/test/auto/ContinuousInDEDifferentRefinementsPreemptive.xml (RunModel)" time="0.101" />
  <testcase classname="ptolemy.util.test.junit.AutoTests" name="[30] /home/travis/build/icyphy/ptII/ptolemy/domains/continuous/test/auto/ContinuousInDEInContinuous2.xml (RunModel)" time="0.065" />
  <testcase classname="ptolemy.util.test.junit.AutoTests" name="[31] /home/travis/build/icyphy/ptII/ptolemy/domains/continuous/test/auto/ContinuousInDEInContinuous3.xml (RunModel)" time="0.068" />
  <testcase classname="ptolemy.util.test.junit.AutoTests" name="[32] /home/travis/build/icyphy/ptII/ptolemy/domains/continuous/test/auto/ContinuousInDEInput.xml (RunModel)" time="0.041" />
  <testcase classname="ptolemy.util.test.junit.AutoTests" name="[33] /home/travis/build/icyphy/ptII/ptolemy/domains/continuous/test/auto/ContinuousInDEInput2.xml (RunModel)" time="0.034" />
  <testcase classname="ptolemy.util.test.junit.AutoTests" name="[34] /home/travis/build/icyphy/ptII/ptolemy/domains/continuous/test/auto/ContinuousInDEInput3.xml (RunModel)" time="0.062" />
  <testcase classname="ptolemy.util.test.junit.AutoTests" name="[35] /home/travis/build/icyphy/ptII/ptolemy/domains/continuous/test/auto/ContinuousInDESharingRefinement.xml (RunModel)" time="0.222" />
  <testcase classname="ptolemy.util.test.junit.AutoTests" name="[36] /home/travis/build/icyphy/ptII/ptolemy/domains/continuous/test/auto/ContinuousInDEwithNoPorts.xml (RunModel)" time="0.02" />
  <testcase classname="ptolemy.util.test.junit.AutoTests" name="[37] /home/travis/build/icyphy/ptII/ptolemy/domains/continuous/test/auto/ContinuousInsideDE.xml (RunModel)" time="0.098" />
  <testcase classname="ptolemy.util.test.junit.AutoTests" name="[38] /home/travis/build/icyphy/ptII/ptolemy/domains/continuous/test/auto/ContinuousMerge1.xml (RunModel)" time="0.019" />
  <testcase classname="ptolemy.util.test.junit.AutoTests" name="[39] /home/travis/build/icyphy/ptII/ptolemy/domains/continuous/test/auto/ContinuousMerge2.xml (RunModel)" time="0.054" />
  <testcase classname="ptolemy.util.test.junit.AutoTests" name="[40] /home/travis/build/icyphy/ptII/ptolemy/domains/continuous/test/auto/ContinuousMerge3.xml (RunModel)" time="0.094" />
  <testcase classname="ptolemy.util.test.junit.AutoTests" name="[41] /home/travis/build/icyphy/ptII/ptolemy/domains/continuous/test/auto/ContinuousWithinContinuous.xml (RunModel)" time="0.074" />
  <testcase classname="ptolemy.util.test.junit.AutoTests" name="[42] /home/travis/build/icyphy/ptII/ptolemy/domains/continuous/test/auto/ContinuousWithinContinuous2.xml (RunModel)" time="0.109" />
  <testcase classname="ptolemy.util.test.junit.AutoTests" name="[43] /home/travis/build/icyphy/ptII/ptolemy/domains/continuous/test/auto/ContinuousWithinContinuous3.xml (RunModel)" time="0.041" />
  <testcase classname="ptolemy.util.test.junit.AutoTests" name="[44] /home/travis/build/icyphy/ptII/ptolemy/domains/continuous/test/auto/ContinuousWithinContinuous4.xml (RunModel)" time="0.126" />
  <testcase classname="ptolemy.util.test.junit.AutoTests" name="[45] /home/travis/build/icyphy/ptII/ptolemy/domains/continuous/test/auto/ContinuousWithinContinuous5.xml (RunModel)" time="0.039" />
  <testcase classname="ptolemy.util.test.junit.AutoTests" name="[46] /home/travis/build/icyphy/ptII/ptolemy/domains/continuous/test/auto/ContinuousWithinContinuous6.xml (RunModel)" time="0.035" />
  <testcase classname="ptolemy.util.test.junit.AutoTests" name="[47] /home/travis/build/icyphy/ptII/ptolemy/domains/continuous/test/auto/ContinuousWithinContinuous7.xml (RunModel)" time="0.1" />
  <testcase classname="ptolemy.util.test.junit.AutoTests" name="[48] /home/travis/build/icyphy/ptII/ptolemy/domains/continuous/test/auto/DCMotor.xml (RunModel)" time="18.539" />
  <testcase classname="ptolemy.util.test.junit.AutoTests" name="[49] /home/travis/build/icyphy/ptII/ptolemy/domains/continuous/test/auto/DEInContinuous.xml (RunModel)" time="0.036" />
  <testcase classname="ptolemy.util.test.junit.AutoTests" name="[50] /home/travis/build/icyphy/ptII/ptolemy/domains/continuous/test/auto/DEinContinuous2.xml (RunModel)" time="0.038" />
  <testcase classname="ptolemy.util.test.junit.AutoTests" name="[51] /home/travis/build/icyphy/ptII/ptolemy/domains/continuous/test/auto/Derivative.xml (RunModel)" time="0.288" />
  <testcase classname="ptolemy.util.test.junit.AutoTests" name="[52] /home/travis/build/icyphy/ptII/ptolemy/domains/continuous/test/auto/Derivative1.xml (RunModel)" time="0.065" />
  <testcase classname="ptolemy.util.test.junit.AutoTests" name="[53] /home/travis/build/icyphy/ptII/ptolemy/domains/continuous/test/auto/DiscreteClock.xml (RunModel)" time="0.031" />
  <testcase classname="ptolemy.util.test.junit.AutoTests" name="[54] /home/travis/build/icyphy/ptII/ptolemy/domains/continuous/test/auto/EfficiencyCurve.xml (RunModel)" time="0.146" />
  <testcase classname="ptolemy.util.test.junit.AutoTests" name="[55] /home/travis/build/icyphy/ptII/ptolemy/domains/continuous/test/auto/ExponentialResponse.xml (RunModel)" time="0.146" />
  <testcase classname="ptolemy.util.test.junit.AutoTests" name="[56] /home/travis/build/icyphy/ptII/ptolemy/domains/continuous/test/auto/ExponentialResponseRK45.xml (RunModel)" time="0.049" />
  <testcase classname="ptolemy.util.test.junit.AutoTests" name="[57] /home/travis/build/icyphy/ptII/ptolemy/domains/continuous/test/auto/Friction.xml (RunModel)" time="1.896" />
  <testcase classname="ptolemy.util.test.junit.AutoTests" name="[58] /home/travis/build/icyphy/ptII/ptolemy/domains/continuous/test/auto/FurutaPendulum.xml (RunModel)" time="3.402" />
  <testcase classname="ptolemy.util.test.junit.AutoTests" name="[59] /home/travis/build/icyphy/ptII/ptolemy/domains/continuous/test/auto/HierarchicalExecution.xml (RunModel)" time="1.957" />
  <testcase classname="ptolemy.util.test.junit.AutoTests" name="[60] /home/travis/build/icyphy/ptII/ptolemy/domains/continuous/test/auto/HybridPlant.xml (RunModel)" time="0.804" />
  <testcase classname="ptolemy.util.test.junit.AutoTests" name="[61] /home/travis/build/icyphy/ptII/ptolemy/domains/continuous/test/auto/Hysteresis.xml (RunModel)" time="0.214" />
  <testcase classname="ptolemy.util.test.junit.AutoTests" name="[62] /home/travis/build/icyphy/ptII/ptolemy/domains/continuous/test/auto/HysteresisWithRandomDelay.xml (RunModel)" time="0.27" />
  <testcase classname="ptolemy.util.test.junit.AutoTests" name="[63] /home/travis/build/icyphy/ptII/ptolemy/domains/continuous/test/auto/HysteresisWithRandomLosses.xml (RunModel)" time="2.904" />
  <testcase classname="ptolemy.util.test.junit.AutoTests" name="[64] /home/travis/build/icyphy/ptII/ptolemy/domains/continuous/test/auto/ImmediateTransitions.xml (RunModel)" time="0.063" />
  <testcase classname="ptolemy.util.test.junit.AutoTests" name="[65] /home/travis/build/icyphy/ptII/ptolemy/domains/continuous/test/auto/ImpulseFeedback.xml (RunModel)" time="0.025" />
  <testcase classname="ptolemy.util.test.junit.AutoTests" name="[66] /home/travis/build/icyphy/ptII/ptolemy/domains/continuous/test/auto/ImpulseFeedback2.xml (RunModel)" time="0.025" />
  <testcase classname="ptolemy.util.test.junit.AutoTests" name="[67] /home/travis/build/icyphy/ptII/ptolemy/domains/continuous/test/auto/IncreasingRatePoisson.xml (RunModel)" time="0.88" />
  <testcase classname="ptolemy.util.test.junit.AutoTests" name="[68] /home/travis/build/icyphy/ptII/ptolemy/domains/continuous/test/auto/InitialStateFeedback.xml (RunModel)" time="0.019" />
  <testcase classname="ptolemy.util.test.junit.AutoTests" name="[69] /home/travis/build/icyphy/ptII/ptolemy/domains/continuous/test/auto/Integration.xml (RunModel)" time="0.01" />
  <testcase classname="ptolemy.util.test.junit.AutoTests" name="[70] /home/travis/build/icyphy/ptII/ptolemy/domains/continuous/test/auto/Integration2.xml (RunModel)" time="0.108" />
  <testcase classname="ptolemy.util.test.junit.AutoTests" name="[71] /home/travis/build/icyphy/ptII/ptolemy/domains/continuous/test/auto/Integration3.xml (RunModel)" time="0.029" />
  <testcase classname="ptolemy.util.test.junit.AutoTests" name="[72] /home/travis/build/icyphy/ptII/ptolemy/domains/continuous/test/auto/Integration5.xml (RunModel)" time="0.013" />
  <testcase classname="ptolemy.util.test.junit.AutoTests" name="[73] /home/travis/build/icyphy/ptII/ptolemy/domains/continuous/test/auto/IntegratorImpulse.xml (RunModel)" time="0.011" />
  <testcase classname="ptolemy.util.test.junit.AutoTests" name="[74] /home/travis/build/icyphy/ptII/ptolemy/domains/continuous/test/auto/IntegratorImpulse2.xml (RunModel)" time="0.013" />
  <testcase classname="ptolemy.util.test.junit.AutoTests" name="[75] /home/travis/build/icyphy/ptII/ptolemy/domains/continuous/test/auto/LevelCrossing1.xml (RunModel)" time="0.014" />
  <testcase classname="ptolemy.util.test.junit.AutoTests" name="[76] /home/travis/build/icyphy/ptII/ptolemy/domains/continuous/test/auto/LevelCrossing2.xml (RunModel)" time="0.018" />
  <testcase classname="ptolemy.util.test.junit.AutoTests" name="[77] /home/travis/build/icyphy/ptII/ptolemy/domains/continuous/test/auto/LevelCrossing3.xml (RunModel)" time="0.02" />
  <testcase classname="ptolemy.util.test.junit.AutoTests" name="[78] /home/travis/build/icyphy/ptII/ptolemy/domains/continuous/test/auto/LevelCrossing4.xml (RunModel)" time="0.018" />
  <testcase classname="ptolemy.util.test.junit.AutoTests" name="[79] /home/travis/build/icyphy/ptII/ptolemy/domains/continuous/test/auto/LevelCrossing5.xml (RunModel)" time="0.015" />
  <testcase classname="ptolemy.util.test.junit.AutoTests" name="[80] /home/travis/build/icyphy/ptII/ptolemy/domains/continuous/test/auto/LevelCrossing6.xml (RunModel)" time="0.017" />
  <testcase classname="ptolemy.util.test.junit.AutoTests" name="[81] /home/travis/build/icyphy/ptII/ptolemy/domains/continuous/test/auto/LevelCrossingDetector.xml (RunModel)" time="0.047" />
  <testcase classname="ptolemy.util.test.junit.AutoTests" name="[82] /home/travis/build/icyphy/ptII/ptolemy/domains/continuous/test/auto/LevelCrossingDetectorDetectingDirections.xml (RunModel)" time="0.1" />
  <testcase classname="ptolemy.util.test.junit.AutoTests" name="[83] /home/travis/build/icyphy/ptII/ptolemy/domains/continuous/test/auto/LevelCrossingDetectorDetectsGlitches.xml (RunModel)" time="0.09" />
  <testcase classname="ptolemy.util.test.junit.AutoTests" name="[84] /home/travis/build/icyphy/ptII/ptolemy/domains/continuous/test/auto/LevelCrossingNoInitialOuput.xml (RunModel)" time="0.012" />
  <testcase classname="ptolemy.util.test.junit.AutoTests" name="[85] /home/travis/build/icyphy/ptII/ptolemy/domains/continuous/test/auto/LinearStateSpaceExample.xml (RunModel)" time="0.04" />
  <testcase classname="ptolemy.util.test.junit.AutoTests" name="[86] /home/travis/build/icyphy/ptII/ptolemy/domains/continuous/test/auto/Lorenz.xml (RunModel)" time="4.124" />
  <testcase classname="ptolemy.util.test.junit.AutoTests" name="[87] /home/travis/build/icyphy/ptII/ptolemy/domains/continuous/test/auto/LorenzDifferentialSystem.xml (RunModel)" time="1.479" />
  <testcase classname="ptolemy.util.test.junit.AutoTests" name="[88] /home/travis/build/icyphy/ptII/ptolemy/domains/continuous/test/auto/LorenzDifferentialSystemWithInput.xml (RunModel)" time="1.615" />
  <testcase classname="ptolemy.util.test.junit.AutoTests" name="[89] /home/travis/build/icyphy/ptII/ptolemy/domains/continuous/test/auto/LorenzDifferentialSystemWithTime.xml (RunModel)" time="0.74" />
  <testcase classname="ptolemy.util.test.junit.AutoTests" name="[90] /home/travis/build/icyphy/ptII/ptolemy/domains/continuous/test/auto/Microsteps.xml (RunModel)" time="0.022" />
  <testcase classname="ptolemy.util.test.junit.AutoTests" name="[91] /home/travis/build/icyphy/ptII/ptolemy/domains/continuous/test/auto/Modal1.xml (RunModel)" time="0.101" />
  <testcase classname="ptolemy.util.test.junit.AutoTests" name="[92] /home/travis/build/icyphy/ptII/ptolemy/domains/continuous/test/auto/Modal2.xml (RunModel)" time="0.067" />
  <testcase classname="ptolemy.util.test.junit.AutoTests" name="[93] /home/travis/build/icyphy/ptII/ptolemy/domains/continuous/test/auto/ModalTransitionGuardWithReset.xml (RunModel)" time="0.029" />
  <testcase classname="ptolemy.util.test.junit.AutoTests" name="[94] /home/travis/build/icyphy/ptII/ptolemy/domains/continuous/test/auto/ModalTransitionGuardWithResetUsingPreemptiveTransition.xml (RunModel)" time="0.04" />
  <testcase classname="ptolemy.util.test.junit.AutoTests" name="[95] /home/travis/build/icyphy/ptII/ptolemy/domains/continuous/test/auto/ModalTransitionGuardWithResetUsingPreemptiveTransition2.xml (RunModel)" time="0.037" />
  <testcase classname="ptolemy.util.test.junit.AutoTests" name="[96] /home/travis/build/icyphy/ptII/ptolemy/domains/continuous/test/auto/ModalTransitionGuardWithResetUsingPreemptiveTransition3.xml (RunModel)" time="0.042" />
  <testcase classname="ptolemy.util.test.junit.AutoTests" name="[97] /home/travis/build/icyphy/ptII/ptolemy/domains/continuous/test/auto/NewtonsCradle.xml (RunModel)" time="0.947" />
  <testcase classname="ptolemy.util.test.junit.AutoTests" name="[98] /home/travis/build/icyphy/ptII/ptolemy/domains/continuous/test/auto/NewtonsCradleAnimated.xml (RunModel)" time="1.532" />
  <testcase classname="ptolemy.util.test.junit.AutoTests" name="[99] /home/travis/build/icyphy/ptII/ptolemy/domains/continuous/test/auto/NewtonsCradleComplicated.xml (RunModel)" time="1.127" />
  <testcase classname="ptolemy.util.test.junit.AutoTests" name="[100] /home/travis/build/icyphy/ptII/ptolemy/domains/continuous/test/auto/NewtonsCradleNondeterministic.xml (RunModel)" time="0.773" />
  <testcase classname="ptolemy.util.test.junit.AutoTests" name="[101] /home/travis/build/icyphy/ptII/ptolemy/domains/continuous/test/auto/NewtonsCradlePerfectlyInelastic1.xml (RunModel)" time="1.332" />
  <testcase classname="ptolemy.util.test.junit.AutoTests" name="[102] /home/travis/build/icyphy/ptII/ptolemy/domains/continuous/test/auto/Noise.xml (RunModel)" time="0.201" />
  <testcase classname="ptolemy.util.test.junit.AutoTests" name="[103] /home/travis/build/icyphy/ptII/ptolemy/domains/continuous/test/auto/NoiseSpectrum.xml (RunModel)" time="1.013" />
  <testcase classname="ptolemy.util.test.junit.AutoTests" name="[104] /home/travis/build/icyphy/ptII/ptolemy/domains/continuous/test/auto/ParameterizedNewtonsCradleAnimated.xml (RunModel)" time="0.408" />
  <testcase classname="ptolemy.util.test.junit.AutoTests" name="[105] /home/travis/build/icyphy/ptII/ptolemy/domains/continuous/test/auto/ParameterizedNewtonsCradleAnimatedNondeterministic.xml (RunModel)" time="1.287" />
  <testcase classname="ptolemy.util.test.junit.AutoTests" name="[106] /home/travis/build/icyphy/ptII/ptolemy/domains/continuous/test/auto/Pendulum3D.xml (RunModel)" time="0.196" />
  <testcase classname="ptolemy.util.test.junit.AutoTests" name="[107] /home/travis/build/icyphy/ptII/ptolemy/domains/continuous/test/auto/PeriodicSampler.xml (RunModel)" time="0.011" />
  <testcase classname="ptolemy.util.test.junit.AutoTests" name="[108] /home/travis/build/icyphy/ptII/ptolemy/domains/continuous/test/auto/PeriodicSampler1.xml (RunModel)" time="0.055" />
  <testcase classname="ptolemy.util.test.junit.AutoTests" name="[109] /home/travis/build/icyphy/ptII/ptolemy/domains/continuous/test/auto/PeriodicSampler2.xml (RunModel)" time="0.1" />
  <testcase classname="ptolemy.util.test.junit.AutoTests" name="[110] /home/travis/build/icyphy/ptII/ptolemy/domains/continuous/test/auto/Poisson.xml (RunModel)" time="0.608" />
  <testcase classname="ptolemy.util.test.junit.AutoTests" name="[111] /home/travis/build/icyphy/ptII/ptolemy/domains/continuous/test/auto/PoissonClock.xml (RunModel)" time="0.014" />
  <testcase classname="ptolemy.util.test.junit.AutoTests" name="[112] /home/travis/build/icyphy/ptII/ptolemy/domains/continuous/test/auto/PoissonClock2.xml (RunModel)" time="0.015" />
  <testcase classname="ptolemy.util.test.junit.AutoTests" name="[113] /home/travis/build/icyphy/ptII/ptolemy/domains/continuous/test/auto/PortParameterHierarchy.xml (RunModel)" time="0.02" />
  <testcase classname="ptolemy.util.test.junit.AutoTests" name="[114] /home/travis/build/icyphy/ptII/ptolemy/domains/continuous/test/auto/RandomHybridPlant.xml (RunModel)" time="0.688" />
  <testcase classname="ptolemy.util.test.junit.AutoTests" name="[115] /home/travis/build/icyphy/ptII/ptolemy/domains/continuous/test/auto/ResetTransitionWithStartTime1.xml (RunModel)" time="0.029" />
  <testcase classname="ptolemy.util.test.junit.AutoTests" name="[116] /home/travis/build/icyphy/ptII/ptolemy/domains/continuous/test/auto/ResetTransitionWithStartTime2.xml (RunModel)" time="0.041" />
  <testcase classname="ptolemy.util.test.junit.AutoTests" name="[117] /home/travis/build/icyphy/ptII/ptolemy/domains/continuous/test/auto/ResetTransitionWithStartTime3.xml (RunModel)" time="0.051" />
  <testcase classname="ptolemy.util.test.junit.AutoTests" name="[118] /home/travis/build/icyphy/ptII/ptolemy/domains/continuous/test/auto/ResetTransitionWithStartTime4.xml (RunModel)" time="0.027" />
  <testcase classname="ptolemy.util.test.junit.AutoTests" name="[119] /home/travis/build/icyphy/ptII/ptolemy/domains/continuous/test/auto/ResetTransitionWithStartTime5.xml (RunModel)" time="0.042" />
  <testcase classname="ptolemy.util.test.junit.AutoTests" name="[120] /home/travis/build/icyphy/ptII/ptolemy/domains/continuous/test/auto/ResetTransitionWithStartTime6.xml (RunModel)" time="0.039" />
  <testcase classname="ptolemy.util.test.junit.AutoTests" name="[121] /home/travis/build/icyphy/ptII/ptolemy/domains/continuous/test/auto/SRinContinuous.xml (RunModel)" time="0.029" />
  <testcase classname="ptolemy.util.test.junit.AutoTests" name="[122] /home/travis/build/icyphy/ptII/ptolemy/domains/continuous/test/auto/SampledClocks.xml (RunModel)" time="0.048" />
  <testcase classname="ptolemy.util.test.junit.AutoTests" name="[123] /home/travis/build/icyphy/ptII/ptolemy/domains/continuous/test/auto/Satellite.xml (RunModel)" time="0.797" />
  <testcase classname="ptolemy.util.test.junit.AutoTests" name="[124] /home/travis/build/icyphy/ptII/ptolemy/domains/continuous/test/auto/SigmaDelta.xml (RunModel)" time="2.65" />
  <testcase classname="ptolemy.util.test.junit.AutoTests" name="[125] /home/travis/build/icyphy/ptII/ptolemy/domains/continuous/test/auto/SingleRefinement.xml (RunModel)" time="0.465" />
  <testcase classname="ptolemy.util.test.junit.AutoTests" name="[126] /home/travis/build/icyphy/ptII/ptolemy/domains/continuous/test/auto/SinuBouncingBall.xml (RunModel)" time="0.937" />
  <testcase classname="ptolemy.util.test.junit.AutoTests" name="[127] /home/travis/build/icyphy/ptII/ptolemy/domains/continuous/test/auto/Sinusoid.xml (RunModel)" time="0.017" />
  <testcase classname="ptolemy.util.test.junit.AutoTests" name="[128] /home/travis/build/icyphy/ptII/ptolemy/domains/continuous/test/auto/SinusoidInNoise.xml (RunModel)" time="1.234" />
  <testcase classname="ptolemy.util.test.junit.AutoTests" name="[129] /home/travis/build/icyphy/ptII/ptolemy/domains/continuous/test/auto/SinusoidRK45.xml (RunModel)" time="0.011" />
  <testcase classname="ptolemy.util.test.junit.AutoTests" name="[130] /home/travis/build/icyphy/ptII/ptolemy/domains/continuous/test/auto/SinusoidWithMultipleImpulses.xml (RunModel)" time="0.014" />
  <testcase classname="ptolemy.util.test.junit.AutoTests" name="[131] /home/travis/build/icyphy/ptII/ptolemy/domains/continuous/test/auto/SquareWave.xml (RunModel)" time="0.241" />
  <testcase classname="ptolemy.util.test.junit.AutoTests" name="[132] /home/travis/build/icyphy/ptII/ptolemy/domains/continuous/test/auto/Starmac.xml (RunModel)" time="3.495" />
  <testcase classname="ptolemy.util.test.junit.AutoTests" name="[133] /home/travis/build/icyphy/ptII/ptolemy/domains/continuous/test/auto/StaticUnits.xml (RunModel)" time="2.806" />
  <testcase classname="ptolemy.util.test.junit.AutoTests" name="[134] /home/travis/build/icyphy/ptII/ptolemy/domains/continuous/test/auto/StickyMasses.xml (RunModel)" time="0.219" />
  <testcase classname="ptolemy.util.test.junit.AutoTests" name="[135] /home/travis/build/icyphy/ptII/ptolemy/domains/continuous/test/auto/StopTime.xml (RunModel)" time="0.073" />
  <testcase classname="ptolemy.util.test.junit.AutoTests" name="[136] /home/travis/build/icyphy/ptII/ptolemy/domains/continuous/test/auto/StopTime2.xml (RunModel)" time="0.064" />
  <testcase classname="ptolemy.util.test.junit.AutoTests" name="[137] /home/travis/build/icyphy/ptII/ptolemy/domains/continuous/test/auto/Switch.xml (RunModel)" time="0.074" />
  <testcase classname="ptolemy.util.test.junit.AutoTests" name="[138] /home/travis/build/icyphy/ptII/ptolemy/domains/continuous/test/auto/Thermostat.xml (RunModel)" time="0.257" />
  <testcase classname="ptolemy.util.test.junit.AutoTests" name="[139] /home/travis/build/icyphy/ptII/ptolemy/domains/continuous/test/auto/TimeDelay.xml (RunModel)" time="0.016" />
  <testcase classname="ptolemy.util.test.junit.AutoTests" name="[140] /home/travis/build/icyphy/ptII/ptolemy/domains/continuous/test/auto/TimeDelay2.xml (RunModel)" time="0.035" />
  <testcase classname="ptolemy.util.test.junit.AutoTests" name="[141] /home/travis/build/icyphy/ptII/ptolemy/domains/continuous/test/auto/TimeDelay3.xml (RunModel)" time="0.017" />
  <testcase classname="ptolemy.util.test.junit.AutoTests" name="[142] /home/travis/build/icyphy/ptII/ptolemy/domains/continuous/test/auto/TransferAbsentToInside.xml (RunModel)" time="0.124" />
  <testcase classname="ptolemy.util.test.junit.AutoTests" name="[143] /home/travis/build/icyphy/ptII/ptolemy/domains/continuous/test/auto/Transmission.xml (RunModel)" time="0.925" />
  <testcase classname="ptolemy.util.test.junit.AutoTests" name="[144] /home/travis/build/icyphy/ptII/ptolemy/domains/continuous/test/auto/TriggeredContinuousClock.xml (RunModel)" time="0.113" />
  <testcase classname="ptolemy.util.test.junit.AutoTests" name="[145] /home/travis/build/icyphy/ptII/ptolemy/domains/continuous/test/auto/TwoMachineInfiniteBusControl.xml (RunModel)" time="2.599" />
  <testcase classname="ptolemy.util.test.junit.AutoTests" name="[146] /home/travis/build/icyphy/ptII/ptolemy/domains/continuous/test/auto/V2V.xml (RunModel)" time="0.978" />
  <testcase classname="ptolemy.util.test.junit.AutoTests" name="[147] /home/travis/build/icyphy/ptII/ptolemy/domains/continuous/test/auto/hierarchicalModalModel.xml (RunModel)" time="0.041" />
  <testcase classname="ptolemy.util.test.junit.AutoTests" name="[148] /home/travis/build/icyphy/ptII/ptolemy/domains/continuous/test/auto/hierarchicalModalModel1.xml (RunModel)" time="0.039" />
  <testcase classname="ptolemy.util.test.junit.AutoTests" name="[149] /home/travis/build/icyphy/ptII/ptolemy/domains/continuous/test/auto/hierarchicalModalModel2.xml (RunModel)" time="0.042" />
  <testcase classname="ptolemy.util.test.junit.AutoTests" name="[150] /home/travis/build/icyphy/ptII/ptolemy/domains/continuous/test/auto/hierarchicalModalModel3.xml (RunModel)" time="0.027" />
  <testcase classname="ptolemy.util.test.junit.AutoTests" name="[151] /home/travis/build/icyphy/ptII/ptolemy/domains/continuous/test/auto/hierarchicalModalModel4.xml (RunModel)" time="0.037" />
  <testcase classname="ptolemy.util.test.junit.AutoTests" name="[152] /home/travis/build/icyphy/ptII/ptolemy/domains/continuous/test/auto/junk.xml (RunModel)" time="0.168" />
  <system-out><![CDATA[No tcl tests in /home/travis/build/icyphy/ptII/ptolemy/domains/continuous/test
No auto/knownFailedTests/*.xml tests in /home/travis/build/icyphy/ptII/ptolemy/domains/continuous/test
No auto/linux-amd64/*.xml tests in /home/travis/build/icyphy/ptII/ptolemy/domains/continuous/test
AutoTests.java: About to close Vertx.
AutoTests.java: Vertx closed.

===========================================================================================
----------------- testing Thu Mar 14 03:45:55 UTC 2019 /home/travis/build/icyphy/ptII/ptolemy/domains/continuous/test/auto/BouncingBall.xml
----------------- Instantiating /home/travis/build/icyphy/ptII/ptolemy/domains/continuous/test/auto/BouncingBall.xml
2629 ms. Memory: 208896K Free: 81360K (39%)
----------------- Invoking toplevel() on ptolemy.moml.MoMLSimpleApplication@3aaffab1
----------------- Done invoking toplevel() on ptolemy.moml.MoMLSimpleApplication@3aaffab1
reloadAllAccessors: .BouncingBall

===========================================================================================
----------------- testing Thu Mar 14 03:45:58 UTC 2019 /home/travis/build/icyphy/ptII/ptolemy/domains/continuous/test/auto/BouncingBallWithoutGR.xml
----------------- Instantiating /home/travis/build/icyphy/ptII/ptolemy/domains/continuous/test/auto/BouncingBallWithoutGR.xml
798 ms. Memory: 332288K Free: 134157K (40%)
----------------- Invoking toplevel() on ptolemy.moml.MoMLSimpleApplication@7fc03b98
----------------- Done invoking toplevel() on ptolemy.moml.MoMLSimpleApplication@7fc03b98
reloadAllAccessors: .BouncingBallWithoutGR

===========================================================================================
----------------- testing Thu Mar 14 03:45:59 UTC 2019 /home/travis/build/icyphy/ptII/ptolemy/domains/continuous/test/auto/Brownian.xml
----------------- Instantiating /home/travis/build/icyphy/ptII/ptolemy/domains/continuous/test/auto/Brownian.xml
30 ms. Memory: 332288K Free: 121870K (37%)
----------------- Invoking toplevel() on ptolemy.moml.MoMLSimpleApplication@75a53d6a
----------------- Done invoking toplevel() on ptolemy.moml.MoMLSimpleApplication@75a53d6a
reloadAllAccessors: .Brownian

===========================================================================================
----------------- testing Thu Mar 14 03:45:59 UTC 2019 /home/travis/build/icyphy/ptII/ptolemy/domains/continuous/test/auto/CarTracking.xml
----------------- Instantiating /home/travis/build/icyphy/ptII/ptolemy/domains/continuous/test/auto/CarTracking.xml
4007 ms. Memory: 479744K Free: 324065K (68%)
----------------- Invoking toplevel() on ptolemy.moml.MoMLSimpleApplication@3b088753
----------------- Done invoking toplevel() on ptolemy.moml.MoMLSimpleApplication@3b088753
reloadAllAccessors: .CarTracking

===========================================================================================
----------------- testing Thu Mar 14 03:46:04 UTC 2019 /home/travis/build/icyphy/ptII/ptolemy/domains/continuous/test/auto/CartPendulum.xml
----------------- Instantiating /home/travis/build/icyphy/ptII/ptolemy/domains/continuous/test/auto/CartPendulum.xml
395 ms. Memory: 479744K Free: 220283K (46%)
----------------- Invoking toplevel() on ptolemy.moml.MoMLSimpleApplication@3f384268
----------------- Done invoking toplevel() on ptolemy.moml.MoMLSimpleApplication@3f384268
reloadAllAccessors: .CartPendulum

===========================================================================================
----------------- testing Thu Mar 14 03:46:04 UTC 2019 /home/travis/build/icyphy/ptII/ptolemy/domains/continuous/test/auto/CausalityInterface10.xml
----------------- Instantiating /home/travis/build/icyphy/ptII/ptolemy/domains/continuous/test/auto/CausalityInterface10.xml
18 ms. Memory: 479744K Free: 204559K (43%)
----------------- Invoking toplevel() on ptolemy.moml.MoMLSimpleApplication@36ca2dd1
----------------- Done invoking toplevel() on ptolemy.moml.MoMLSimpleApplication@36ca2dd1
reloadAllAccessors: .CausalityInterface10

===========================================================================================
----------------- testing Thu Mar 14 03:46:05 UTC 2019 /home/travis/build/icyphy/ptII/ptolemy/domains/continuous/test/auto/CausalityInterface11.xml
----------------- Instantiating /home/travis/build/icyphy/ptII/ptolemy/domains/continuous/test/auto/CausalityInterface11.xml
10 ms. Memory: 479744K Free: 192762K (40%)
----------------- Invoking toplevel() on ptolemy.moml.MoMLSimpleApplication@1b36f358
----------------- Done invoking toplevel() on ptolemy.moml.MoMLSimpleApplication@1b36f358
reloadAllAccessors: .CausalityInterface11

===========================================================================================
----------------- testing Thu Mar 14 03:46:05 UTC 2019 /home/travis/build/icyphy/ptII/ptolemy/domains/continuous/test/auto/CausalityInterface12.xml
----------------- Instantiating /home/travis/build/icyphy/ptII/ptolemy/domains/continuous/test/auto/CausalityInterface12.xml
10 ms. Memory: 479744K Free: 180972K (38%)
----------------- Invoking toplevel() on ptolemy.moml.MoMLSimpleApplication@37423b41
----------------- Done invoking toplevel() on ptolemy.moml.MoMLSimpleApplication@37423b41
reloadAllAccessors: .CausalityInterface12

===========================================================================================
----------------- testing Thu Mar 14 03:46:05 UTC 2019 /home/travis/build/icyphy/ptII/ptolemy/domains/continuous/test/auto/CausalityInterface13.xml
----------------- Instantiating /home/travis/build/icyphy/ptII/ptolemy/domains/continuous/test/auto/CausalityInterface13.xml
9 ms. Memory: 479744K Free: 165681K (35%)
----------------- Invoking toplevel() on ptolemy.moml.MoMLSimpleApplication@209e028
----------------- Done invoking toplevel() on ptolemy.moml.MoMLSimpleApplication@209e028
reloadAllAccessors: .CausalityInterface13

===========================================================================================
----------------- testing Thu Mar 14 03:46:05 UTC 2019 /home/travis/build/icyphy/ptII/ptolemy/domains/continuous/test/auto/CausalityInterface14.xml
----------------- Instantiating /home/travis/build/icyphy/ptII/ptolemy/domains/continuous/test/auto/CausalityInterface14.xml
10 ms. Memory: 479744K Free: 153884K (32%)
----------------- Invoking toplevel() on ptolemy.moml.MoMLSimpleApplication@1c0dc930
----------------- Done invoking toplevel() on ptolemy.moml.MoMLSimpleApplication@1c0dc930
reloadAllAccessors: .CausalityInterface14

===========================================================================================
----------------- testing Thu Mar 14 03:46:05 UTC 2019 /home/travis/build/icyphy/ptII/ptolemy/domains/continuous/test/auto/CausalityInterface4.xml
----------------- Instantiating /home/travis/build/icyphy/ptII/ptolemy/domains/continuous/test/auto/CausalityInterface4.xml
6 ms. Memory: 479744K Free: 142095K (30%)
----------------- Invoking toplevel() on ptolemy.moml.MoMLSimpleApplication@3ea0dbd4
----------------- Done invoking toplevel() on ptolemy.moml.MoMLSimpleApplication@3ea0dbd4
reloadAllAccessors: .CausalityInterface4

===========================================================================================
----------------- testing Thu Mar 14 03:46:05 UTC 2019 /home/travis/build/icyphy/ptII/ptolemy/domains/continuous/test/auto/CausalityInterface5.xml
----------------- Instantiating /home/travis/build/icyphy/ptII/ptolemy/domains/continuous/test/auto/CausalityInterface5.xml
7 ms. Memory: 479744K Free: 130313K (27%)
----------------- Invoking toplevel() on ptolemy.moml.MoMLSimpleApplication@5efa69fc
----------------- Done invoking toplevel() on ptolemy.moml.MoMLSimpleApplication@5efa69fc
reloadAllAccessors: .CausalityInterface5

===========================================================================================
----------------- testing Thu Mar 14 03:46:05 UTC 2019 /home/travis/build/icyphy/ptII/ptolemy/domains/continuous/test/auto/CausalityInterface6.xml
----------------- Instantiating /home/travis/build/icyphy/ptII/ptolemy/domains/continuous/test/auto/CausalityInterface6.xml
4 ms. Memory: 479744K Free: 118524K (25%)
----------------- Invoking toplevel() on ptolemy.moml.MoMLSimpleApplication@3dd2b132
----------------- Done invoking toplevel() on ptolemy.moml.MoMLSimpleApplication@3dd2b132
reloadAllAccessors: .CausalityInterface6

===========================================================================================
----------------- testing Thu Mar 14 03:46:05 UTC 2019 /home/travis/build/icyphy/ptII/ptolemy/domains/continuous/test/auto/CausalityInterface7.xml
----------------- Instantiating /home/travis/build/icyphy/ptII/ptolemy/domains/continuous/test/auto/CausalityInterface7.xml
12 ms. Memory: 479744K Free: 103248K (22%)
----------------- Invoking toplevel() on ptolemy.moml.MoMLSimpleApplication@4060f99d
----------------- Done invoking toplevel() on ptolemy.moml.MoMLSimpleApplication@4060f99d
reloadAllAccessors: .CausalityInterface7

===========================================================================================
----------------- testing Thu Mar 14 03:46:05 UTC 2019 /home/travis/build/icyphy/ptII/ptolemy/domains/continuous/test/auto/CausalityInterface8.xml
----------------- Instantiating /home/travis/build/icyphy/ptII/ptolemy/domains/continuous/test/auto/CausalityInterface8.xml
10 ms. Memory: 479744K Free: 91451K (19%)
----------------- Invoking toplevel() on ptolemy.moml.MoMLSimpleApplication@661b1027
----------------- Done invoking toplevel() on ptolemy.moml.MoMLSimpleApplication@661b1027
reloadAllAccessors: .CausalityInterface8

===========================================================================================
----------------- testing Thu Mar 14 03:46:05 UTC 2019 /home/travis/build/icyphy/ptII/ptolemy/domains/continuous/test/auto/CausalityInterface9.xml
----------------- Instantiating /home/travis/build/icyphy/ptII/ptolemy/domains/continuous/test/auto/CausalityInterface9.xml
9 ms. Memory: 716288K Free: 705759K (99%)
----------------- Invoking toplevel() on ptolemy.moml.MoMLSimpleApplication@43ff5b37
----------------- Done invoking toplevel() on ptolemy.moml.MoMLSimpleApplication@43ff5b37
reloadAllAccessors: .CausalityInterface9

===========================================================================================
----------------- testing Thu Mar 14 03:46:05 UTC 2019 /home/travis/build/icyphy/ptII/ptolemy/domains/continuous/test/auto/CausalityInterfaceFeedback1.xml
----------------- Instantiating /home/travis/build/icyphy/ptII/ptolemy/domains/continuous/test/auto/CausalityInterfaceFeedback1.xml
6 ms. Memory: 716288K Free: 686129K (96%)
----------------- Invoking toplevel() on ptolemy.moml.MoMLSimpleApplication@15168cc7
----------------- Done invoking toplevel() on ptolemy.moml.MoMLSimpleApplication@15168cc7
reloadAllAccessors: .CausalityInterfaceFeedback1

===========================================================================================
----------------- testing Thu Mar 14 03:46:05 UTC 2019 /home/travis/build/icyphy/ptII/ptolemy/domains/continuous/test/auto/CausalityInterfaceFeedback2.xml
----------------- Instantiating /home/travis/build/icyphy/ptII/ptolemy/domains/continuous/test/auto/CausalityInterfaceFeedback2.xml
8 ms. Memory: 716288K Free: 673538K (94%)
----------------- Invoking toplevel() on ptolemy.moml.MoMLSimpleApplication@72a5f43b
----------------- Done invoking toplevel() on ptolemy.moml.MoMLSimpleApplication@72a5f43b
reloadAllAccessors: .CausalityInterfaceFeedback2

===========================================================================================
----------------- testing Thu Mar 14 03:46:05 UTC 2019 /home/travis/build/icyphy/ptII/ptolemy/domains/continuous/test/auto/CompareWithCurrentTime.xml
----------------- Instantiating /home/travis/build/icyphy/ptII/ptolemy/domains/continuous/test/auto/CompareWithCurrentTime.xml
4 ms. Memory: 716288K Free: 665155K (93%)
----------------- Invoking toplevel() on ptolemy.moml.MoMLSimpleApplication@cb4c24e
----------------- Done invoking toplevel() on ptolemy.moml.MoMLSimpleApplication@cb4c24e
reloadAllAccessors: .CompareWithCurrentTime

===========================================================================================
----------------- testing Thu Mar 14 03:46:05 UTC 2019 /home/travis/build/icyphy/ptII/ptolemy/domains/continuous/test/auto/ComparedClocks.xml
----------------- Instantiating /home/travis/build/icyphy/ptII/ptolemy/domains/continuous/test/auto/ComparedClocks.xml
12 ms. Memory: 716288K Free: 644173K (90%)
----------------- Invoking toplevel() on ptolemy.moml.MoMLSimpleApplication@441c82e4
----------------- Done invoking toplevel() on ptolemy.moml.MoMLSimpleApplication@441c82e4
reloadAllAccessors: .ComparedClocks

===========================================================================================
----------------- testing Thu Mar 14 03:46:05 UTC 2019 /home/travis/build/icyphy/ptII/ptolemy/domains/continuous/test/auto/ContinuousAOCClone.xml
----------------- Instantiating /home/travis/build/icyphy/ptII/ptolemy/domains/continuous/test/auto/ContinuousAOCClone.xml
2716 ms. Memory: 716288K Free: 99237K (14%)
----------------- Invoking toplevel() on ptolemy.moml.MoMLSimpleApplication@4d64842c
----------------- Done invoking toplevel() on ptolemy.moml.MoMLSimpleApplication@4d64842c
reloadAllAccessors: .ContinuousAOCClone

===========================================================================================
----------------- testing Thu Mar 14 03:46:08 UTC 2019 /home/travis/build/icyphy/ptII/ptolemy/domains/continuous/test/auto/ContinuousClock.xml
----------------- Instantiating /home/travis/build/icyphy/ptII/ptolemy/domains/continuous/test/auto/ContinuousClock.xml
35 ms. Memory: 680960K Free: 665066K (98%)
----------------- Invoking toplevel() on ptolemy.moml.MoMLSimpleApplication@69c2f1f5
----------------- Done invoking toplevel() on ptolemy.moml.MoMLSimpleApplication@69c2f1f5
reloadAllAccessors: .ContinuousClock

===========================================================================================
----------------- testing Thu Mar 14 03:46:08 UTC 2019 /home/travis/build/icyphy/ptII/ptolemy/domains/continuous/test/auto/ContinuousInContinuous.xml
----------------- Instantiating /home/travis/build/icyphy/ptII/ptolemy/domains/continuous/test/auto/ContinuousInContinuous.xml
50 ms. Memory: 680960K Free: 632587K (93%)
----------------- Invoking toplevel() on ptolemy.moml.MoMLSimpleApplication@5292bf9f
----------------- Done invoking toplevel() on ptolemy.moml.MoMLSimpleApplication@5292bf9f
reloadAllAccessors: .ContinuousInContinuous

===========================================================================================
----------------- testing Thu Mar 14 03:46:09 UTC 2019 /home/travis/build/icyphy/ptII/ptolemy/domains/continuous/test/auto/ContinuousInContinuousInContinuous.xml
----------------- Instantiating /home/travis/build/icyphy/ptII/ptolemy/domains/continuous/test/auto/ContinuousInContinuousInContinuous.xml
10 ms. Memory: 680960K Free: 620598K (91%)
----------------- Invoking toplevel() on ptolemy.moml.MoMLSimpleApplication@63f0d4c9
----------------- Done invoking toplevel() on ptolemy.moml.MoMLSimpleApplication@63f0d4c9
reloadAllAccessors: .ContinuousInContinuousInContinuous

===========================================================================================
----------------- testing Thu Mar 14 03:46:09 UTC 2019 /home/travis/build/icyphy/ptII/ptolemy/domains/continuous/test/auto/ContinuousInDE.xml
----------------- Instantiating /home/travis/build/icyphy/ptII/ptolemy/domains/continuous/test/auto/ContinuousInDE.xml
90 ms. Memory: 680960K Free: 602267K (88%)
----------------- Invoking toplevel() on ptolemy.moml.MoMLSimpleApplication@60aa0b63
----------------- Done invoking toplevel() on ptolemy.moml.MoMLSimpleApplication@60aa0b63
reloadAllAccessors: .ContinuousInDE

===========================================================================================
----------------- testing Thu Mar 14 03:46:09 UTC 2019 /home/travis/build/icyphy/ptII/ptolemy/domains/continuous/test/auto/ContinuousInDE2.xml
----------------- Instantiating /home/travis/build/icyphy/ptII/ptolemy/domains/continuous/test/auto/ContinuousInDE2.xml
60 ms. Memory: 680960K Free: 590286K (87%)
----------------- Invoking toplevel() on ptolemy.moml.MoMLSimpleApplication@6b540841
----------------- Done invoking toplevel() on ptolemy.moml.MoMLSimpleApplication@6b540841
reloadAllAccessors: .ContinuousInDE2

===========================================================================================
----------------- testing Thu Mar 14 03:46:09 UTC 2019 /home/travis/build/icyphy/ptII/ptolemy/domains/continuous/test/auto/ContinuousInDE3.xml
----------------- Instantiating /home/travis/build/icyphy/ptII/ptolemy/domains/continuous/test/auto/ContinuousInDE3.xml
55 ms. Memory: 680960K Free: 578305K (85%)
----------------- Invoking toplevel() on ptolemy.moml.MoMLSimpleApplication@47a3b6d7
----------------- Done invoking toplevel() on ptolemy.moml.MoMLSimpleApplication@47a3b6d7
reloadAllAccessors: .ContinuousInDE3

===========================================================================================
----------------- testing Thu Mar 14 03:46:09 UTC 2019 /home/travis/build/icyphy/ptII/ptolemy/domains/continuous/test/auto/ContinuousInDE4.xml
----------------- Instantiating /home/travis/build/icyphy/ptII/ptolemy/domains/continuous/test/auto/ContinuousInDE4.xml
33 ms. Memory: 680960K Free: 567977K (83%)
----------------- Invoking toplevel() on ptolemy.moml.MoMLSimpleApplication@6483c0d2
----------------- Done invoking toplevel() on ptolemy.moml.MoMLSimpleApplication@6483c0d2
reloadAllAccessors: .ContinuousInDE4

===========================================================================================
----------------- testing Thu Mar 14 03:46:09 UTC 2019 /home/travis/build/icyphy/ptII/ptolemy/domains/continuous/test/auto/ContinuousInDEDifferentRefinements.xml
----------------- Instantiating /home/travis/build/icyphy/ptII/ptolemy/domains/continuous/test/auto/ContinuousInDEDifferentRefinements.xml
69 ms. Memory: 680960K Free: 531953K (78%)
----------------- Invoking toplevel() on ptolemy.moml.MoMLSimpleApplication@6c99e928
----------------- Done invoking toplevel() on ptolemy.moml.MoMLSimpleApplication@6c99e928
reloadAllAccessors: .ContinuousInDEDifferentRefinements

===========================================================================================
----------------- testing Thu Mar 14 03:46:09 UTC 2019 /home/travis/build/icyphy/ptII/ptolemy/domains/continuous/test/auto/ContinuousInDEDifferentRefinementsPreemptive.xml
----------------- Instantiating /home/travis/build/icyphy/ptII/ptolemy/domains/continuous/test/auto/ContinuousInDEDifferentRefinementsPreemptive.xml
49 ms. Memory: 680960K Free: 495947K (73%)
----------------- Invoking toplevel() on ptolemy.moml.MoMLSimpleApplication@115c9fe5
----------------- Done invoking toplevel() on ptolemy.moml.MoMLSimpleApplication@115c9fe5
reloadAllAccessors: .ContinuousInDEDifferentRefinementsPreemptive

===========================================================================================
----------------- testing Thu Mar 14 03:46:09 UTC 2019 /home/travis/build/icyphy/ptII/ptolemy/domains/continuous/test/auto/ContinuousInDEInContinuous2.xml
----------------- Instantiating /home/travis/build/icyphy/ptII/ptolemy/domains/continuous/test/auto/ContinuousInDEInContinuous2.xml
41 ms. Memory: 680960K Free: 477631K (70%)
----------------- Invoking toplevel() on ptolemy.moml.MoMLSimpleApplication@24917bf1
----------------- Done invoking toplevel() on ptolemy.moml.MoMLSimpleApplication@24917bf1
reloadAllAccessors: .ContinuousInDEInContinuous2

===========================================================================================
----------------- testing Thu Mar 14 03:46:09 UTC 2019 /home/travis/build/icyphy/ptII/ptolemy/domains/continuous/test/auto/ContinuousInDEInContinuous3.xml
----------------- Instantiating /home/travis/build/icyphy/ptII/ptolemy/domains/continuous/test/auto/ContinuousInDEInContinuous3.xml
43 ms. Memory: 680960K Free: 461641K (68%)
----------------- Invoking toplevel() on ptolemy.moml.MoMLSimpleApplication@17b6b02e
----------------- Done invoking toplevel() on ptolemy.moml.MoMLSimpleApplication@17b6b02e
reloadAllAccessors: .ContinuousInDEInContinuous3

===========================================================================================
----------------- testing Thu Mar 14 03:46:09 UTC 2019 /home/travis/build/icyphy/ptII/ptolemy/domains/continuous/test/auto/ContinuousInDEInput.xml
----------------- Instantiating /home/travis/build/icyphy/ptII/ptolemy/domains/continuous/test/auto/ContinuousInDEInput.xml
18 ms. Memory: 680960K Free: 449660K (66%)
----------------- Invoking toplevel() on ptolemy.moml.MoMLSimpleApplication@6bb2a329
----------------- Done invoking toplevel() on ptolemy.moml.MoMLSimpleApplication@6bb2a329
reloadAllAccessors: .ContinuousInDEInput

===========================================================================================
----------------- testing Thu Mar 14 03:46:09 UTC 2019 /home/travis/build/icyphy/ptII/ptolemy/domains/continuous/test/auto/ContinuousInDEInput2.xml
----------------- Instantiating /home/travis/build/icyphy/ptII/ptolemy/domains/continuous/test/auto/ContinuousInDEInput2.xml
18 ms. Memory: 680960K Free: 435338K (64%)
----------------- Invoking toplevel() on ptolemy.moml.MoMLSimpleApplication@1d271220
----------------- Done invoking toplevel() on ptolemy.moml.MoMLSimpleApplication@1d271220
reloadAllAccessors: .ContinuousInDEInput2

===========================================================================================
----------------- testing Thu Mar 14 03:46:09 UTC 2019 /home/travis/build/icyphy/ptII/ptolemy/domains/continuous/test/auto/ContinuousInDEInput3.xml
----------------- Instantiating /home/travis/build/icyphy/ptII/ptolemy/domains/continuous/test/auto/ContinuousInDEInput3.xml
45 ms. Memory: 680960K Free: 423342K (62%)
----------------- Invoking toplevel() on ptolemy.moml.MoMLSimpleApplication@62246691
----------------- Done invoking toplevel() on ptolemy.moml.MoMLSimpleApplication@62246691
reloadAllAccessors: .ContinuousInDEInput3

===========================================================================================
----------------- testing Thu Mar 14 03:46:09 UTC 2019 /home/travis/build/icyphy/ptII/ptolemy/domains/continuous/test/auto/ContinuousInDESharingRefinement.xml
----------------- Instantiating /home/travis/build/icyphy/ptII/ptolemy/domains/continuous/test/auto/ContinuousInDESharingRefinement.xml
185 ms. Memory: 680960K Free: 323285K (47%)
----------------- Invoking toplevel() on ptolemy.moml.MoMLSimpleApplication@637cd1a2
----------------- Done invoking toplevel() on ptolemy.moml.MoMLSimpleApplication@637cd1a2
reloadAllAccessors: .ContinuousInDESharingRefinement

===========================================================================================
----------------- testing Thu Mar 14 03:46:10 UTC 2019 /home/travis/build/icyphy/ptII/ptolemy/domains/continuous/test/auto/ContinuousInDEwithNoPorts.xml
----------------- Instantiating /home/travis/build/icyphy/ptII/ptolemy/domains/continuous/test/auto/ContinuousInDEwithNoPorts.xml
8 ms. Memory: 680960K Free: 312957K (46%)
----------------- Invoking toplevel() on ptolemy.moml.MoMLSimpleApplication@54727b30
----------------- Done invoking toplevel() on ptolemy.moml.MoMLSimpleApplication@54727b30
reloadAllAccessors: .ContinuousInDEwithNoPorts

===========================================================================================
----------------- testing Thu Mar 14 03:46:10 UTC 2019 /home/travis/build/icyphy/ptII/ptolemy/domains/continuous/test/auto/ContinuousInsideDE.xml
----------------- Instantiating /home/travis/build/icyphy/ptII/ptolemy/domains/continuous/test/auto/ContinuousInsideDE.xml
57 ms. Memory: 680960K Free: 296967K (44%)
----------------- Invoking toplevel() on ptolemy.moml.MoMLSimpleApplication@2514da42
----------------- Done invoking toplevel() on ptolemy.moml.MoMLSimpleApplication@2514da42
reloadAllAccessors: .ContinuousInsideDE

===========================================================================================
----------------- testing Thu Mar 14 03:46:10 UTC 2019 /home/travis/build/icyphy/ptII/ptolemy/domains/continuous/test/auto/ContinuousMerge1.xml
----------------- Instantiating /home/travis/build/icyphy/ptII/ptolemy/domains/continuous/test/auto/ContinuousMerge1.xml
3 ms. Memory: 680960K Free: 288980K (42%)
----------------- Invoking toplevel() on ptolemy.moml.MoMLSimpleApplication@2f8cd049
----------------- Done invoking toplevel() on ptolemy.moml.MoMLSimpleApplication@2f8cd049
reloadAllAccessors: .ContinuousMerge1

===========================================================================================
----------------- testing Thu Mar 14 03:46:10 UTC 2019 /home/travis/build/icyphy/ptII/ptolemy/domains/continuous/test/auto/ContinuousMerge2.xml
----------------- Instantiating /home/travis/build/icyphy/ptII/ptolemy/domains/continuous/test/auto/ContinuousMerge2.xml
15 ms. Memory: 680960K Free: 270633K (40%)
----------------- Invoking toplevel() on ptolemy.moml.MoMLSimpleApplication@66ffddf9
----------------- Done invoking toplevel() on ptolemy.moml.MoMLSimpleApplication@66ffddf9
reloadAllAccessors: .ContinuousMerge2

===========================================================================================
----------------- testing Thu Mar 14 03:46:10 UTC 2019 /home/travis/build/icyphy/ptII/ptolemy/domains/continuous/test/auto/ContinuousMerge3.xml
----------------- Instantiating /home/travis/build/icyphy/ptII/ptolemy/domains/continuous/test/auto/ContinuousMerge3.xml
63 ms. Memory: 680960K Free: 254642K (37%)
----------------- Invoking toplevel() on ptolemy.moml.MoMLSimpleApplication@147aee87
----------------- Done invoking toplevel() on ptolemy.moml.MoMLSimpleApplication@147aee87
reloadAllAccessors: .ContinuousMerge3

===========================================================================================
----------------- testing Thu Mar 14 03:46:10 UTC 2019 /home/travis/build/icyphy/ptII/ptolemy/domains/continuous/test/auto/ContinuousWithinContinuous.xml
----------------- Instantiating /home/travis/build/icyphy/ptII/ptolemy/domains/continuous/test/auto/ContinuousWithinContinuous.xml
48 ms. Memory: 680960K Free: 238668K (35%)
----------------- Invoking toplevel() on ptolemy.moml.MoMLSimpleApplication@706b2e42
----------------- Done invoking toplevel() on ptolemy.moml.MoMLSimpleApplication@706b2e42
reloadAllAccessors: .ContinuousWithinContinuous

===========================================================================================
----------------- testing Thu Mar 14 03:46:10 UTC 2019 /home/travis/build/icyphy/ptII/ptolemy/domains/continuous/test/auto/ContinuousWithinContinuous2.xml
----------------- Instantiating /home/travis/build/icyphy/ptII/ptolemy/domains/continuous/test/auto/ContinuousWithinContinuous2.xml
92 ms. Memory: 680960K Free: 224346K (33%)
----------------- Invoking toplevel() on ptolemy.moml.MoMLSimpleApplication@65861a
----------------- Done invoking toplevel() on ptolemy.moml.MoMLSimpleApplication@65861a
reloadAllAccessors: .ContinuousWithinContinuous2

===========================================================================================
----------------- testing Thu Mar 14 03:46:10 UTC 2019 /home/travis/build/icyphy/ptII/ptolemy/domains/continuous/test/auto/ContinuousWithinContinuous3.xml
----------------- Instantiating /home/travis/build/icyphy/ptII/ptolemy/domains/continuous/test/auto/ContinuousWithinContinuous3.xml
22 ms. Memory: 680960K Free: 212350K (31%)
----------------- Invoking toplevel() on ptolemy.moml.MoMLSimpleApplication@d07d5e9
----------------- Done invoking toplevel() on ptolemy.moml.MoMLSimpleApplication@d07d5e9
reloadAllAccessors: .ContinuousWithinContinuous3

===========================================================================================
----------------- testing Thu Mar 14 03:46:10 UTC 2019 /home/travis/build/icyphy/ptII/ptolemy/domains/continuous/test/auto/ContinuousWithinContinuous4.xml
----------------- Instantiating /home/travis/build/icyphy/ptII/ptolemy/domains/continuous/test/auto/ContinuousWithinContinuous4.xml
103 ms. Memory: 680960K Free: 196375K (29%)
----------------- Invoking toplevel() on ptolemy.moml.MoMLSimpleApplication@34a3ba9a
----------------- Done invoking toplevel() on ptolemy.moml.MoMLSimpleApplication@34a3ba9a
reloadAllAccessors: .ContinuousWithinContinuous4

===========================================================================================
----------------- testing Thu Mar 14 03:46:10 UTC 2019 /home/travis/build/icyphy/ptII/ptolemy/domains/continuous/test/auto/ContinuousWithinContinuous5.xml
----------------- Instantiating /home/travis/build/icyphy/ptII/ptolemy/domains/continuous/test/auto/ContinuousWithinContinuous5.xml
17 ms. Memory: 680960K Free: 182037K (27%)
----------------- Invoking toplevel() on ptolemy.moml.MoMLSimpleApplication@7b0392c9
----------------- Done invoking toplevel() on ptolemy.moml.MoMLSimpleApplication@7b0392c9
reloadAllAccessors: .ContinuousWithinContinuous5

===========================================================================================
----------------- testing Thu Mar 14 03:46:10 UTC 2019 /home/travis/build/icyphy/ptII/ptolemy/domains/continuous/test/auto/ContinuousWithinContinuous6.xml
----------------- Instantiating /home/travis/build/icyphy/ptII/ptolemy/domains/continuous/test/auto/ContinuousWithinContinuous6.xml
17 ms. Memory: 680960K Free: 170041K (25%)
----------------- Invoking toplevel() on ptolemy.moml.MoMLSimpleApplication@2000f4eb
----------------- Done invoking toplevel() on ptolemy.moml.MoMLSimpleApplication@2000f4eb
reloadAllAccessors: .ContinuousWithinContinuous6

===========================================================================================
----------------- testing Thu Mar 14 03:46:10 UTC 2019 /home/travis/build/icyphy/ptII/ptolemy/domains/continuous/test/auto/ContinuousWithinContinuous7.xml
----------------- Instantiating /home/travis/build/icyphy/ptII/ptolemy/domains/continuous/test/auto/ContinuousWithinContinuous7.xml
85 ms. Memory: 680960K Free: 158060K (23%)
----------------- Invoking toplevel() on ptolemy.moml.MoMLSimpleApplication@17e144cc
----------------- Done invoking toplevel() on ptolemy.moml.MoMLSimpleApplication@17e144cc
reloadAllAccessors: .ContinuousWithinContinuous7

===========================================================================================
----------------- testing Thu Mar 14 03:46:11 UTC 2019 /home/travis/build/icyphy/ptII/ptolemy/domains/continuous/test/auto/DCMotor.xml
----------------- Instantiating /home/travis/build/icyphy/ptII/ptolemy/domains/continuous/test/auto/DCMotor.xml
18432 ms. Memory: 509952K Free: 227119K (45%)
----------------- Invoking toplevel() on ptolemy.moml.MoMLSimpleApplication@53ffeb31
----------------- Done invoking toplevel() on ptolemy.moml.MoMLSimpleApplication@53ffeb31
reloadAllAccessors: .DCMotor

===========================================================================================
----------------- testing Thu Mar 14 03:46:29 UTC 2019 /home/travis/build/icyphy/ptII/ptolemy/domains/continuous/test/auto/DEInContinuous.xml
----------------- Instantiating /home/travis/build/icyphy/ptII/ptolemy/domains/continuous/test/auto/DEInContinuous.xml
19 ms. Memory: 509952K Free: 207149K (41%)
----------------- Invoking toplevel() on ptolemy.moml.MoMLSimpleApplication@490e73dd
----------------- Done invoking toplevel() on ptolemy.moml.MoMLSimpleApplication@490e73dd
reloadAllAccessors: .DEInContinuous

===========================================================================================
----------------- testing Thu Mar 14 03:46:29 UTC 2019 /home/travis/build/icyphy/ptII/ptolemy/domains/continuous/test/auto/DEinContinuous2.xml
----------------- Instantiating /home/travis/build/icyphy/ptII/ptolemy/domains/continuous/test/auto/DEinContinuous2.xml
8 ms. Memory: 509952K Free: 188808K (37%)
----------------- Invoking toplevel() on ptolemy.moml.MoMLSimpleApplication@40488c24
----------------- Done invoking toplevel() on ptolemy.moml.MoMLSimpleApplication@40488c24
reloadAllAccessors: .DEinContinuous2

===========================================================================================
----------------- testing Thu Mar 14 03:46:29 UTC 2019 /home/travis/build/icyphy/ptII/ptolemy/domains/continuous/test/auto/Derivative.xml
----------------- Instantiating /home/travis/build/icyphy/ptII/ptolemy/domains/continuous/test/auto/Derivative.xml
207 ms. Memory: 509952K Free: 144729K (28%)
----------------- Invoking toplevel() on ptolemy.moml.MoMLSimpleApplication@47babcb8
----------------- Done invoking toplevel() on ptolemy.moml.MoMLSimpleApplication@47babcb8
reloadAllAccessors: .Derivative2

===========================================================================================
----------------- testing Thu Mar 14 03:46:29 UTC 2019 /home/travis/build/icyphy/ptII/ptolemy/domains/continuous/test/auto/Derivative1.xml
----------------- Instantiating /home/travis/build/icyphy/ptII/ptolemy/domains/continuous/test/auto/Derivative1.xml
26 ms. Memory: 509952K Free: 119000K (23%)
----------------- Invoking toplevel() on ptolemy.moml.MoMLSimpleApplication@6e3371a0
----------------- Done invoking toplevel() on ptolemy.moml.MoMLSimpleApplication@6e3371a0
reloadAllAccessors: .Derivative1

===========================================================================================
----------------- testing Thu Mar 14 03:46:29 UTC 2019 /home/travis/build/icyphy/ptII/ptolemy/domains/continuous/test/auto/DiscreteClock.xml
----------------- Instantiating /home/travis/build/icyphy/ptII/ptolemy/domains/continuous/test/auto/DiscreteClock.xml
11 ms. Memory: 509952K Free: 100659K (20%)
----------------- Invoking toplevel() on ptolemy.moml.MoMLSimpleApplication@4e30dc43
----------------- Done invoking toplevel() on ptolemy.moml.MoMLSimpleApplication@4e30dc43
reloadAllAccessors: .DiscreteClock

===========================================================================================
----------------- testing Thu Mar 14 03:46:30 UTC 2019 /home/travis/build/icyphy/ptII/ptolemy/domains/continuous/test/auto/EfficiencyCurve.xml
----------------- Instantiating /home/travis/build/icyphy/ptII/ptolemy/domains/continuous/test/auto/EfficiencyCurve.xml
110 ms. Memory: 509952K Free: 82318K (16%)
----------------- Invoking toplevel() on ptolemy.moml.MoMLSimpleApplication@6c07be8a
----------------- Done invoking toplevel() on ptolemy.moml.MoMLSimpleApplication@6c07be8a
reloadAllAccessors: .EfficiencyCurve

===========================================================================================
----------------- testing Thu Mar 14 03:46:30 UTC 2019 /home/travis/build/icyphy/ptII/ptolemy/domains/continuous/test/auto/ExponentialResponse.xml
----------------- Instantiating /home/travis/build/icyphy/ptII/ptolemy/domains/continuous/test/auto/ExponentialResponse.xml
133 ms. Memory: 495104K Free: 473945K (96%)
----------------- Invoking toplevel() on ptolemy.moml.MoMLSimpleApplication@57dd635f
----------------- Done invoking toplevel() on ptolemy.moml.MoMLSimpleApplication@57dd635f
reloadAllAccessors: .ExponentialResponse

===========================================================================================
----------------- testing Thu Mar 14 03:46:30 UTC 2019 /home/travis/build/icyphy/ptII/ptolemy/domains/continuous/test/auto/ExponentialResponseRK45.xml
----------------- Instantiating /home/travis/build/icyphy/ptII/ptolemy/domains/continuous/test/auto/ExponentialResponseRK45.xml
34 ms. Memory: 495104K Free: 456052K (92%)
----------------- Invoking toplevel() on ptolemy.moml.MoMLSimpleApplication@5c48e157
----------------- Done invoking toplevel() on ptolemy.moml.MoMLSimpleApplication@5c48e157
reloadAllAccessors: .ExponentialResponseRK45

===========================================================================================
----------------- testing Thu Mar 14 03:46:30 UTC 2019 /home/travis/build/icyphy/ptII/ptolemy/domains/continuous/test/auto/Friction.xml
----------------- Instantiating /home/travis/build/icyphy/ptII/ptolemy/domains/continuous/test/auto/Friction.xml
1748 ms. Memory: 472064K Free: 385349K (82%)
----------------- Invoking toplevel() on ptolemy.moml.MoMLSimpleApplication@1a24e252
----------------- Done invoking toplevel() on ptolemy.moml.MoMLSimpleApplication@1a24e252
reloadAllAccessors: .Friction

===========================================================================================
----------------- testing Thu Mar 14 03:46:32 UTC 2019 /home/travis/build/icyphy/ptII/ptolemy/domains/continuous/test/auto/FurutaPendulum.xml
----------------- Instantiating /home/travis/build/icyphy/ptII/ptolemy/domains/continuous/test/auto/FurutaPendulum.xml
3203 ms. Memory: 456192K Free: 258104K (57%)
----------------- Invoking toplevel() on ptolemy.moml.MoMLSimpleApplication@10d7fd82
----------------- Done invoking toplevel() on ptolemy.moml.MoMLSimpleApplication@10d7fd82
reloadAllAccessors: .FurutaPendulum

===========================================================================================
----------------- testing Thu Mar 14 03:46:35 UTC 2019 /home/travis/build/icyphy/ptII/ptolemy/domains/continuous/test/auto/HierarchicalExecution.xml
----------------- Instantiating /home/travis/build/icyphy/ptII/ptolemy/domains/continuous/test/auto/HierarchicalExecution.xml
1671 ms. Memory: 441344K Free: 306903K (70%)
----------------- Invoking toplevel() on ptolemy.moml.MoMLSimpleApplication@3026333f
----------------- Done invoking toplevel() on ptolemy.moml.MoMLSimpleApplication@3026333f
reloadAllAccessors: .HierarchicalExecution

===========================================================================================
----------------- testing Thu Mar 14 03:46:37 UTC 2019 /home/travis/build/icyphy/ptII/ptolemy/domains/continuous/test/auto/HybridPlant.xml
----------------- Instantiating /home/travis/build/icyphy/ptII/ptolemy/domains/continuous/test/auto/HybridPlant.xml
716 ms. Memory: 420864K Free: 361781K (86%)
----------------- Invoking toplevel() on ptolemy.moml.MoMLSimpleApplication@2208c4a1
----------------- Done invoking toplevel() on ptolemy.moml.MoMLSimpleApplication@2208c4a1
reloadAllAccessors: .HybridPlant

===========================================================================================
----------------- testing Thu Mar 14 03:46:38 UTC 2019 /home/travis/build/icyphy/ptII/ptolemy/domains/continuous/test/auto/Hysteresis.xml
----------------- Instantiating /home/travis/build/icyphy/ptII/ptolemy/domains/continuous/test/auto/Hysteresis.xml
170 ms. Memory: 420864K Free: 296712K (71%)
----------------- Invoking toplevel() on ptolemy.moml.MoMLSimpleApplication@f803700
----------------- Done invoking toplevel() on ptolemy.moml.MoMLSimpleApplication@f803700
reloadAllAccessors: .Hysteresis

===========================================================================================
----------------- testing Thu Mar 14 03:46:38 UTC 2019 /home/travis/build/icyphy/ptII/ptolemy/domains/continuous/test/auto/HysteresisWithRandomDelay.xml
----------------- Instantiating /home/travis/build/icyphy/ptII/ptolemy/domains/continuous/test/auto/HysteresisWithRandomDelay.xml
209 ms. Memory: 420864K Free: 217633K (52%)
----------------- Invoking toplevel() on ptolemy.moml.MoMLSimpleApplication@19f73a0d
----------------- Done invoking toplevel() on ptolemy.moml.MoMLSimpleApplication@19f73a0d
reloadAllAccessors: .HysteresisWithRandomDelay

===========================================================================================
----------------- testing Thu Mar 14 03:46:38 UTC 2019 /home/travis/build/icyphy/ptII/ptolemy/domains/continuous/test/auto/HysteresisWithRandomLosses.xml
----------------- Instantiating /home/travis/build/icyphy/ptII/ptolemy/domains/continuous/test/auto/HysteresisWithRandomLosses.xml
2807 ms. Memory: 390656K Free: 66949K (17%)
----------------- Invoking toplevel() on ptolemy.moml.MoMLSimpleApplication@1249d91b
----------------- Done invoking toplevel() on ptolemy.moml.MoMLSimpleApplication@1249d91b
reloadAllAccessors: .HysteresisWithRandomLosses

===========================================================================================
----------------- testing Thu Mar 14 03:46:41 UTC 2019 /home/travis/build/icyphy/ptII/ptolemy/domains/continuous/test/auto/ImmediateTransitions.xml
----------------- Instantiating /home/travis/build/icyphy/ptII/ptolemy/domains/continuous/test/auto/ImmediateTransitions.xml
24 ms. Memory: 376832K Free: 348618K (93%)
----------------- Invoking toplevel() on ptolemy.moml.MoMLSimpleApplication@1e77f0f3
----------------- Done invoking toplevel() on ptolemy.moml.MoMLSimpleApplication@1e77f0f3
reloadAllAccessors: .ImmediateTransitions

===========================================================================================
----------------- testing Thu Mar 14 03:46:41 UTC 2019 /home/travis/build/icyphy/ptII/ptolemy/domains/continuous/test/auto/ImpulseFeedback.xml
----------------- Instantiating /home/travis/build/icyphy/ptII/ptolemy/domains/continuous/test/auto/ImpulseFeedback.xml
10 ms. Memory: 376832K Free: 338773K (90%)
----------------- Invoking toplevel() on ptolemy.moml.MoMLSimpleApplication@597abf6b
----------------- Done invoking toplevel() on ptolemy.moml.MoMLSimpleApplication@597abf6b
reloadAllAccessors: .ImpulseFeedback

===========================================================================================
----------------- testing Thu Mar 14 03:46:41 UTC 2019 /home/travis/build/icyphy/ptII/ptolemy/domains/continuous/test/auto/ImpulseFeedback2.xml
----------------- Instantiating /home/travis/build/icyphy/ptII/ptolemy/domains/continuous/test/auto/ImpulseFeedback2.xml
8 ms. Memory: 376832K Free: 330036K (88%)
----------------- Invoking toplevel() on ptolemy.moml.MoMLSimpleApplication@22c138e1
----------------- Done invoking toplevel() on ptolemy.moml.MoMLSimpleApplication@22c138e1
reloadAllAccessors: .ImpulseFeedback2

===========================================================================================
----------------- testing Thu Mar 14 03:46:41 UTC 2019 /home/travis/build/icyphy/ptII/ptolemy/domains/continuous/test/auto/IncreasingRatePoisson.xml
----------------- Instantiating /home/travis/build/icyphy/ptII/ptolemy/domains/continuous/test/auto/IncreasingRatePoisson.xml
844 ms. Memory: 370688K Free: 297829K (80%)
----------------- Invoking toplevel() on ptolemy.moml.MoMLSimpleApplication@567b93db
----------------- Done invoking toplevel() on ptolemy.moml.MoMLSimpleApplication@567b93db
reloadAllAccessors: .IncreasingRatePoisson

===========================================================================================
----------------- testing Thu Mar 14 03:46:42 UTC 2019 /home/travis/build/icyphy/ptII/ptolemy/domains/continuous/test/auto/InitialStateFeedback.xml
----------------- Instantiating /home/travis/build/icyphy/ptII/ptolemy/domains/continuous/test/auto/InitialStateFeedback.xml
10 ms. Memory: 370688K Free: 290298K (78%)
----------------- Invoking toplevel() on ptolemy.moml.MoMLSimpleApplication@43f16062
----------------- Done invoking toplevel() on ptolemy.moml.MoMLSimpleApplication@43f16062
reloadAllAccessors: .InitialStateFeedback

===========================================================================================
----------------- testing Thu Mar 14 03:46:42 UTC 2019 /home/travis/build/icyphy/ptII/ptolemy/domains/continuous/test/auto/Integration.xml
----------------- Instantiating /home/travis/build/icyphy/ptII/ptolemy/domains/continuous/test/auto/Integration.xml
2 ms. Memory: 370688K Free: 283782K (77%)
----------------- Invoking toplevel() on ptolemy.moml.MoMLSimpleApplication@16323d0d
----------------- Done invoking toplevel() on ptolemy.moml.MoMLSimpleApplication@16323d0d
reloadAllAccessors: .Integration

===========================================================================================
----------------- testing Thu Mar 14 03:46:42 UTC 2019 /home/travis/build/icyphy/ptII/ptolemy/domains/continuous/test/auto/Integration2.xml
----------------- Instantiating /home/travis/build/icyphy/ptII/ptolemy/domains/continuous/test/auto/Integration2.xml
90 ms. Memory: 370688K Free: 267861K (72%)
----------------- Invoking toplevel() on ptolemy.moml.MoMLSimpleApplication@609ab5d0
----------------- Done invoking toplevel() on ptolemy.moml.MoMLSimpleApplication@609ab5d0
reloadAllAccessors: .Integration2

===========================================================================================
----------------- testing Thu Mar 14 03:46:42 UTC 2019 /home/travis/build/icyphy/ptII/ptolemy/domains/continuous/test/auto/Integration3.xml
----------------- Instantiating /home/travis/build/icyphy/ptII/ptolemy/domains/continuous/test/auto/Integration3.xml
2 ms. Memory: 370688K Free: 261353K (71%)
----------------- Invoking toplevel() on ptolemy.moml.MoMLSimpleApplication@2afd6d41
----------------- Done invoking toplevel() on ptolemy.moml.MoMLSimpleApplication@2afd6d41
reloadAllAccessors: .Integration3

===========================================================================================
----------------- testing Thu Mar 14 03:46:43 UTC 2019 /home/travis/build/icyphy/ptII/ptolemy/domains/continuous/test/auto/Integration5.xml
----------------- Instantiating /home/travis/build/icyphy/ptII/ptolemy/domains/continuous/test/auto/Integration5.xml
4 ms. Memory: 370688K Free: 254838K (69%)
----------------- Invoking toplevel() on ptolemy.moml.MoMLSimpleApplication@5371e3a0
----------------- Done invoking toplevel() on ptolemy.moml.MoMLSimpleApplication@5371e3a0
reloadAllAccessors: .Integration5

===========================================================================================
----------------- testing Thu Mar 14 03:46:43 UTC 2019 /home/travis/build/icyphy/ptII/ptolemy/domains/continuous/test/auto/IntegratorImpulse.xml
----------------- Instantiating /home/travis/build/icyphy/ptII/ptolemy/domains/continuous/test/auto/IntegratorImpulse.xml
2 ms. Memory: 370688K Free: 248323K (67%)
----------------- Invoking toplevel() on ptolemy.moml.MoMLSimpleApplication@1aa61302
----------------- Done invoking toplevel() on ptolemy.moml.MoMLSimpleApplication@1aa61302
reloadAllAccessors: .IntegratorImpulse

===========================================================================================
----------------- testing Thu Mar 14 03:46:43 UTC 2019 /home/travis/build/icyphy/ptII/ptolemy/domains/continuous/test/auto/IntegratorImpulse2.xml
----------------- Instantiating /home/travis/build/icyphy/ptII/ptolemy/domains/continuous/test/auto/IntegratorImpulse2.xml
4 ms. Memory: 370688K Free: 241767K (65%)
----------------- Invoking toplevel() on ptolemy.moml.MoMLSimpleApplication@1ea0a096
----------------- Done invoking toplevel() on ptolemy.moml.MoMLSimpleApplication@1ea0a096
reloadAllAccessors: .IntegratorImpulse2

===========================================================================================
----------------- testing Thu Mar 14 03:46:43 UTC 2019 /home/travis/build/icyphy/ptII/ptolemy/domains/continuous/test/auto/LevelCrossing1.xml
----------------- Instantiating /home/travis/build/icyphy/ptII/ptolemy/domains/continuous/test/auto/LevelCrossing1.xml
3 ms. Memory: 370688K Free: 235300K (63%)
----------------- Invoking toplevel() on ptolemy.moml.MoMLSimpleApplication@67098cc0
----------------- Done invoking toplevel() on ptolemy.moml.MoMLSimpleApplication@67098cc0
reloadAllAccessors: .LevelCrossing1

===========================================================================================
----------------- testing Thu Mar 14 03:46:43 UTC 2019 /home/travis/build/icyphy/ptII/ptolemy/domains/continuous/test/auto/LevelCrossing2.xml
----------------- Instantiating /home/travis/build/icyphy/ptII/ptolemy/domains/continuous/test/auto/LevelCrossing2.xml
4 ms. Memory: 370688K Free: 228776K (62%)
----------------- Invoking toplevel() on ptolemy.moml.MoMLSimpleApplication@307363e5
----------------- Done invoking toplevel() on ptolemy.moml.MoMLSimpleApplication@307363e5
reloadAllAccessors: .LevelCrossing2

===========================================================================================
----------------- testing Thu Mar 14 03:46:43 UTC 2019 /home/travis/build/icyphy/ptII/ptolemy/domains/continuous/test/auto/LevelCrossing3.xml
----------------- Instantiating /home/travis/build/icyphy/ptII/ptolemy/domains/continuous/test/auto/LevelCrossing3.xml
3 ms. Memory: 370688K Free: 222252K (60%)
----------------- Invoking toplevel() on ptolemy.moml.MoMLSimpleApplication@397cfb1b
----------------- Done invoking toplevel() on ptolemy.moml.MoMLSimpleApplication@397cfb1b
reloadAllAccessors: .LevelCrossing3

===========================================================================================
----------------- testing Thu Mar 14 03:46:43 UTC 2019 /home/travis/build/icyphy/ptII/ptolemy/domains/continuous/test/auto/LevelCrossing4.xml
----------------- Instantiating /home/travis/build/icyphy/ptII/ptolemy/domains/continuous/test/auto/LevelCrossing4.xml
3 ms. Memory: 370688K Free: 215744K (58%)
----------------- Invoking toplevel() on ptolemy.moml.MoMLSimpleApplication@804e584
----------------- Done invoking toplevel() on ptolemy.moml.MoMLSimpleApplication@804e584
reloadAllAccessors: .LevelCrossing4

===========================================================================================
----------------- testing Thu Mar 14 03:46:43 UTC 2019 /home/travis/build/icyphy/ptII/ptolemy/domains/continuous/test/auto/LevelCrossing5.xml
----------------- Instantiating /home/travis/build/icyphy/ptII/ptolemy/domains/continuous/test/auto/LevelCrossing5.xml
3 ms. Memory: 370688K Free: 209163K (56%)
----------------- Invoking toplevel() on ptolemy.moml.MoMLSimpleApplication@46b958ba
----------------- Done invoking toplevel() on ptolemy.moml.MoMLSimpleApplication@46b958ba
reloadAllAccessors: .LevelCrossing5

===========================================================================================
[...]
reloadAllAccessors: .ResetTransitionWithStartTime6

===========================================================================================
----------------- testing Thu Mar 14 03:47:02 UTC 2019 /home/travis/build/icyphy/ptII/ptolemy/domains/continuous/test/auto/SRinContinuous.xml
----------------- Instantiating /home/travis/build/icyphy/ptII/ptolemy/domains/continuous/test/auto/SRinContinuous.xml
5 ms. Memory: 429056K Free: 189914K (44%)
----------------- Invoking toplevel() on ptolemy.moml.MoMLSimpleApplication@2eec6a5d
----------------- Done invoking toplevel() on ptolemy.moml.MoMLSimpleApplication@2eec6a5d
reloadAllAccessors: .SRinContinuous

===========================================================================================
----------------- testing Thu Mar 14 03:47:02 UTC 2019 /home/travis/build/icyphy/ptII/ptolemy/domains/continuous/test/auto/SampledClocks.xml
----------------- Instantiating /home/travis/build/icyphy/ptII/ptolemy/domains/continuous/test/auto/SampledClocks.xml
11 ms. Memory: 429056K Free: 172943K (40%)
----------------- Invoking toplevel() on ptolemy.moml.MoMLSimpleApplication@b7a8717
----------------- Done invoking toplevel() on ptolemy.moml.MoMLSimpleApplication@b7a8717
reloadAllAccessors: .SampledClocks

===========================================================================================
----------------- testing Thu Mar 14 03:47:02 UTC 2019 /home/travis/build/icyphy/ptII/ptolemy/domains/continuous/test/auto/Satellite.xml
----------------- Instantiating /home/travis/build/icyphy/ptII/ptolemy/domains/continuous/test/auto/Satellite.xml
775 ms. Memory: 408576K Free: 312176K (76%)
----------------- Invoking toplevel() on ptolemy.moml.MoMLSimpleApplication@11c1640e
----------------- Done invoking toplevel() on ptolemy.moml.MoMLSimpleApplication@11c1640e
reloadAllAccessors: .Satellite

===========================================================================================
----------------- testing Thu Mar 14 03:47:03 UTC 2019 /home/travis/build/icyphy/ptII/ptolemy/domains/continuous/test/auto/SigmaDelta.xml
----------------- Instantiating /home/travis/build/icyphy/ptII/ptolemy/domains/continuous/test/auto/SigmaDelta.xml
2494 ms. Memory: 398336K Free: 245225K (62%)
----------------- Invoking toplevel() on ptolemy.moml.MoMLSimpleApplication@7ff62b04
----------------- Done invoking toplevel() on ptolemy.moml.MoMLSimpleApplication@7ff62b04
reloadAllAccessors: .SigmaDelta

===========================================================================================
----------------- testing Thu Mar 14 03:47:05 UTC 2019 /home/travis/build/icyphy/ptII/ptolemy/domains/continuous/test/auto/SingleRefinement.xml
----------------- Instantiating /home/travis/build/icyphy/ptII/ptolemy/domains/continuous/test/auto/SingleRefinement.xml
337 ms. Memory: 398336K Free: 56843K (14%)
----------------- Invoking toplevel() on ptolemy.moml.MoMLSimpleApplication@1a515131
----------------- Done invoking toplevel() on ptolemy.moml.MoMLSimpleApplication@1a515131
reloadAllAccessors: .SingleRefinement

===========================================================================================
----------------- testing Thu Mar 14 03:47:06 UTC 2019 /home/travis/build/icyphy/ptII/ptolemy/domains/continuous/test/auto/SinuBouncingBall.xml
----------------- Instantiating /home/travis/build/icyphy/ptII/ptolemy/domains/continuous/test/auto/SinuBouncingBall.xml
829 ms. Memory: 380928K Free: 128153K (34%)
----------------- Invoking toplevel() on ptolemy.moml.MoMLSimpleApplication@538946b8
----------------- Done invoking toplevel() on ptolemy.moml.MoMLSimpleApplication@538946b8
reloadAllAccessors: .SinuBouncingBall

===========================================================================================
----------------- testing Thu Mar 14 03:47:07 UTC 2019 /home/travis/build/icyphy/ptII/ptolemy/domains/continuous/test/auto/Sinusoid.xml
----------------- Instantiating /home/travis/build/icyphy/ptII/ptolemy/domains/continuous/test/auto/Sinusoid.xml
5 ms. Memory: 380928K Free: 121254K (32%)
----------------- Invoking toplevel() on ptolemy.moml.MoMLSimpleApplication@503676ec
----------------- Done invoking toplevel() on ptolemy.moml.MoMLSimpleApplication@503676ec
reloadAllAccessors: .Sinusoid

===========================================================================================
----------------- testing Thu Mar 14 03:47:07 UTC 2019 /home/travis/build/icyphy/ptII/ptolemy/domains/continuous/test/auto/SinusoidInNoise.xml
----------------- Instantiating /home/travis/build/icyphy/ptII/ptolemy/domains/continuous/test/auto/SinusoidInNoise.xml
1188 ms. Memory: 368128K Free: 203025K (55%)
----------------- Invoking toplevel() on ptolemy.moml.MoMLSimpleApplication@1de8a93f
----------------- Done invoking toplevel() on ptolemy.moml.MoMLSimpleApplication@1de8a93f
reloadAllAccessors: .SinusoidInNoise

===========================================================================================
----------------- testing Thu Mar 14 03:47:08 UTC 2019 /home/travis/build/icyphy/ptII/ptolemy/domains/continuous/test/auto/SinusoidRK45.xml
----------------- Instantiating /home/travis/build/icyphy/ptII/ptolemy/domains/continuous/test/auto/SinusoidRK45.xml
2 ms. Memory: 368128K Free: 195314K (53%)
----------------- Invoking toplevel() on ptolemy.moml.MoMLSimpleApplication@c64803e
----------------- Done invoking toplevel() on ptolemy.moml.MoMLSimpleApplication@c64803e
reloadAllAccessors: .SinusoidRK45

===========================================================================================
----------------- testing Thu Mar 14 03:47:08 UTC 2019 /home/travis/build/icyphy/ptII/ptolemy/domains/continuous/test/auto/SinusoidWithMultipleImpulses.xml
----------------- Instantiating /home/travis/build/icyphy/ptII/ptolemy/domains/continuous/test/auto/SinusoidWithMultipleImpulses.xml
4 ms. Memory: 368128K Free: 188674K (51%)
----------------- Invoking toplevel() on ptolemy.moml.MoMLSimpleApplication@2954633f
----------------- Done invoking toplevel() on ptolemy.moml.MoMLSimpleApplication@2954633f
reloadAllAccessors: .SinusoidWithMultipleImpulses

===========================================================================================
----------------- testing Thu Mar 14 03:47:08 UTC 2019 /home/travis/build/icyphy/ptII/ptolemy/domains/continuous/test/auto/SquareWave.xml
----------------- Instantiating /home/travis/build/icyphy/ptII/ptolemy/domains/continuous/test/auto/SquareWave.xml
201 ms. Memory: 368128K Free: 155431K (42%)
----------------- Invoking toplevel() on ptolemy.moml.MoMLSimpleApplication@274045c6
----------------- Done invoking toplevel() on ptolemy.moml.MoMLSimpleApplication@274045c6
reloadAllAccessors: .SquareWave

===========================================================================================
----------------- testing Thu Mar 14 03:47:08 UTC 2019 /home/travis/build/icyphy/ptII/ptolemy/domains/continuous/test/auto/Starmac.xml
----------------- Instantiating /home/travis/build/icyphy/ptII/ptolemy/domains/continuous/test/auto/Starmac.xml
3079 ms. Memory: 356864K Free: 59762K (17%)
----------------- Invoking toplevel() on ptolemy.moml.MoMLSimpleApplication@17d99ce2
----------------- Done invoking toplevel() on ptolemy.moml.MoMLSimpleApplication@17d99ce2
reloadAllAccessors: .Starmac

===========================================================================================
----------------- testing Thu Mar 14 03:47:12 UTC 2019 /home/travis/build/icyphy/ptII/ptolemy/domains/continuous/test/auto/StaticUnits.xml
----------------- Instantiating /home/travis/build/icyphy/ptII/ptolemy/domains/continuous/test/auto/StaticUnits.xml
2349 ms. Memory: 308736K Free: 142572K (46%)
----------------- Invoking toplevel() on ptolemy.moml.MoMLSimpleApplication@28da0281
----------------- Done invoking toplevel() on ptolemy.moml.MoMLSimpleApplication@28da0281
reloadAllAccessors: .StaticUnits

===========================================================================================
----------------- testing Thu Mar 14 03:47:15 UTC 2019 /home/travis/build/icyphy/ptII/ptolemy/domains/continuous/test/auto/StickyMasses.xml
----------------- Instantiating /home/travis/build/icyphy/ptII/ptolemy/domains/continuous/test/auto/StickyMasses.xml
151 ms. Memory: 308736K Free: 85586K (28%)
----------------- Invoking toplevel() on ptolemy.moml.MoMLSimpleApplication@1b610797
----------------- Done invoking toplevel() on ptolemy.moml.MoMLSimpleApplication@1b610797
reloadAllAccessors: .StickyMasses

===========================================================================================
----------------- testing Thu Mar 14 03:47:15 UTC 2019 /home/travis/build/icyphy/ptII/ptolemy/domains/continuous/test/auto/StopTime.xml
----------------- Instantiating /home/travis/build/icyphy/ptII/ptolemy/domains/continuous/test/auto/StopTime.xml
45 ms. Memory: 308736K Free: 58008K (19%)
----------------- Invoking toplevel() on ptolemy.moml.MoMLSimpleApplication@513833e8
----------------- Done invoking toplevel() on ptolemy.moml.MoMLSimpleApplication@513833e8
reloadAllAccessors: .StopTime

===========================================================================================
----------------- testing Thu Mar 14 03:47:15 UTC 2019 /home/travis/build/icyphy/ptII/ptolemy/domains/continuous/test/auto/StopTime2.xml
----------------- Instantiating /home/travis/build/icyphy/ptII/ptolemy/domains/continuous/test/auto/StopTime2.xml
40 ms. Memory: 295424K Free: 269246K (91%)
----------------- Invoking toplevel() on ptolemy.moml.MoMLSimpleApplication@28b7c879
----------------- Done invoking toplevel() on ptolemy.moml.MoMLSimpleApplication@28b7c879
reloadAllAccessors: .StopTime2

===========================================================================================
----------------- testing Thu Mar 14 03:47:15 UTC 2019 /home/travis/build/icyphy/ptII/ptolemy/domains/continuous/test/auto/Switch.xml
----------------- Instantiating /home/travis/build/icyphy/ptII/ptolemy/domains/continuous/test/auto/Switch.xml
48 ms. Memory: 295424K Free: 240280K (81%)
----------------- Invoking toplevel() on ptolemy.moml.MoMLSimpleApplication@46eed252
----------------- Done invoking toplevel() on ptolemy.moml.MoMLSimpleApplication@46eed252
reloadAllAccessors: .Switch

===========================================================================================
----------------- testing Thu Mar 14 03:47:15 UTC 2019 /home/travis/build/icyphy/ptII/ptolemy/domains/continuous/test/auto/Thermostat.xml
----------------- Instantiating /home/travis/build/icyphy/ptII/ptolemy/domains/continuous/test/auto/Thermostat.xml
224 ms. Memory: 295424K Free: 164382K (56%)
----------------- Invoking toplevel() on ptolemy.moml.MoMLSimpleApplication@51cfd205
----------------- Done invoking toplevel() on ptolemy.moml.MoMLSimpleApplication@51cfd205
reloadAllAccessors: .Thermostat

===========================================================================================
----------------- testing Thu Mar 14 03:47:15 UTC 2019 /home/travis/build/icyphy/ptII/ptolemy/domains/continuous/test/auto/TimeDelay.xml
----------------- Instantiating /home/travis/build/icyphy/ptII/ptolemy/domains/continuous/test/auto/TimeDelay.xml
6 ms. Memory: 295424K Free: 157113K (53%)
----------------- Invoking toplevel() on ptolemy.moml.MoMLSimpleApplication@6630d54c
----------------- Done invoking toplevel() on ptolemy.moml.MoMLSimpleApplication@6630d54c
reloadAllAccessors: .TimeDelay

===========================================================================================
----------------- testing Thu Mar 14 03:47:15 UTC 2019 /home/travis/build/icyphy/ptII/ptolemy/domains/continuous/test/auto/TimeDelay2.xml
----------------- Instantiating /home/travis/build/icyphy/ptII/ptolemy/domains/continuous/test/auto/TimeDelay2.xml
9 ms. Memory: 295424K Free: 143416K (49%)
----------------- Invoking toplevel() on ptolemy.moml.MoMLSimpleApplication@346c36
----------------- Done invoking toplevel() on ptolemy.moml.MoMLSimpleApplication@346c36
reloadAllAccessors: .TimeDelay2

===========================================================================================
----------------- testing Thu Mar 14 03:47:15 UTC 2019 /home/travis/build/icyphy/ptII/ptolemy/domains/continuous/test/auto/TimeDelay3.xml
----------------- Instantiating /home/travis/build/icyphy/ptII/ptolemy/domains/continuous/test/auto/TimeDelay3.xml
6 ms. Memory: 295424K Free: 137705K (47%)
----------------- Invoking toplevel() on ptolemy.moml.MoMLSimpleApplication@14574c26
----------------- Done invoking toplevel() on ptolemy.moml.MoMLSimpleApplication@14574c26
reloadAllAccessors: .TimeDelay3

===========================================================================================
----------------- testing Thu Mar 14 03:47:15 UTC 2019 /home/travis/build/icyphy/ptII/ptolemy/domains/continuous/test/auto/TransferAbsentToInside.xml
----------------- Instantiating /home/travis/build/icyphy/ptII/ptolemy/domains/continuous/test/auto/TransferAbsentToInside.xml
29 ms. Memory: 295424K Free: 80884K (27%)
----------------- Invoking toplevel() on ptolemy.moml.MoMLSimpleApplication@21af9e9f
----------------- Done invoking toplevel() on ptolemy.moml.MoMLSimpleApplication@21af9e9f
reloadAllAccessors: .TransferAbsentToInside

===========================================================================================
----------------- testing Thu Mar 14 03:47:16 UTC 2019 /home/travis/build/icyphy/ptII/ptolemy/domains/continuous/test/auto/Transmission.xml
----------------- Instantiating /home/travis/build/icyphy/ptII/ptolemy/domains/continuous/test/auto/Transmission.xml
885 ms. Memory: 285696K Free: 69874K (24%)
----------------- Invoking toplevel() on ptolemy.moml.MoMLSimpleApplication@3d935e86
----------------- Done invoking toplevel() on ptolemy.moml.MoMLSimpleApplication@3d935e86
reloadAllAccessors: .Transmission

===========================================================================================
----------------- testing Thu Mar 14 03:47:17 UTC 2019 /home/travis/build/icyphy/ptII/ptolemy/domains/continuous/test/auto/TriggeredContinuousClock.xml
----------------- Instantiating /home/travis/build/icyphy/ptII/ptolemy/domains/continuous/test/auto/TriggeredContinuousClock.xml
61 ms. Memory: 286208K Free: 265715K (93%)
----------------- Invoking toplevel() on ptolemy.moml.MoMLSimpleApplication@3c23b0b5
----------------- Done invoking toplevel() on ptolemy.moml.MoMLSimpleApplication@3c23b0b5
reloadAllAccessors: .TriggeredContinuousClock

===========================================================================================
----------------- testing Thu Mar 14 03:47:17 UTC 2019 /home/travis/build/icyphy/ptII/ptolemy/domains/continuous/test/auto/TwoMachineInfiniteBusControl.xml
----------------- Instantiating /home/travis/build/icyphy/ptII/ptolemy/domains/continuous/test/auto/TwoMachineInfiniteBusControl.xml
2414 ms. Memory: 257536K Free: 116169K (45%)
----------------- Invoking toplevel() on ptolemy.moml.MoMLSimpleApplication@29d26679
----------------- Done invoking toplevel() on ptolemy.moml.MoMLSimpleApplication@29d26679
reloadAllAccessors: .TwoMachineInfiniteBusControl

===========================================================================================
----------------- testing Thu Mar 14 03:47:19 UTC 2019 /home/travis/build/icyphy/ptII/ptolemy/domains/continuous/test/auto/V2V.xml
----------------- Instantiating /home/travis/build/icyphy/ptII/ptolemy/domains/continuous/test/auto/V2V.xml
874 ms. Memory: 250368K Free: 111802K (45%)
----------------- Invoking toplevel() on ptolemy.moml.MoMLSimpleApplication@3c39afb6
----------------- Done invoking toplevel() on ptolemy.moml.MoMLSimpleApplication@3c39afb6
reloadAllAccessors: .V2V

===========================================================================================
----------------- testing Thu Mar 14 03:47:20 UTC 2019 /home/travis/build/icyphy/ptII/ptolemy/domains/continuous/test/auto/hierarchicalModalModel.xml
----------------- Instantiating /home/travis/build/icyphy/ptII/ptolemy/domains/continuous/test/auto/hierarchicalModalModel.xml
9 ms. Memory: 250368K Free: 94433K (38%)
----------------- Invoking toplevel() on ptolemy.moml.MoMLSimpleApplication@2be984a4
----------------- Done invoking toplevel() on ptolemy.moml.MoMLSimpleApplication@2be984a4
reloadAllAccessors: .hierarchicalModalModel

===========================================================================================
----------------- testing Thu Mar 14 03:47:20 UTC 2019 /home/travis/build/icyphy/ptII/ptolemy/domains/continuous/test/auto/hierarchicalModalModel1.xml
----------------- Instantiating /home/travis/build/icyphy/ptII/ptolemy/domains/continuous/test/auto/hierarchicalModalModel1.xml
10 ms. Memory: 250368K Free: 78049K (31%)
----------------- Invoking toplevel() on ptolemy.moml.MoMLSimpleApplication@247d2b78
----------------- Done invoking toplevel() on ptolemy.moml.MoMLSimpleApplication@247d2b78
reloadAllAccessors: .hierarchicalModalModel1

===========================================================================================
----------------- testing Thu Mar 14 03:47:20 UTC 2019 /home/travis/build/icyphy/ptII/ptolemy/domains/continuous/test/auto/hierarchicalModalModel2.xml
----------------- Instantiating /home/travis/build/icyphy/ptII/ptolemy/domains/continuous/test/auto/hierarchicalModalModel2.xml
18 ms. Memory: 250368K Free: 64227K (26%)
----------------- Invoking toplevel() on ptolemy.moml.MoMLSimpleApplication@1acdce1d
----------------- Done invoking toplevel() on ptolemy.moml.MoMLSimpleApplication@1acdce1d
reloadAllAccessors: .hierarchicalModalModel2

===========================================================================================
----------------- testing Thu Mar 14 03:47:20 UTC 2019 /home/travis/build/icyphy/ptII/ptolemy/domains/continuous/test/auto/hierarchicalModalModel3.xml
----------------- Instantiating /home/travis/build/icyphy/ptII/ptolemy/domains/continuous/test/auto/hierarchicalModalModel3.xml
7 ms. Memory: 250368K Free: 51711K (21%)
----------------- Invoking toplevel() on ptolemy.moml.MoMLSimpleApplication@916415e
----------------- Done invoking toplevel() on ptolemy.moml.MoMLSimpleApplication@916415e
reloadAllAccessors: .hierarchicalModalModel3

===========================================================================================
----------------- testing Thu Mar 14 03:47:20 UTC 2019 /home/travis/build/icyphy/ptII/ptolemy/domains/continuous/test/auto/hierarchicalModalModel4.xml
----------------- Instantiating /home/travis/build/icyphy/ptII/ptolemy/domains/continuous/test/auto/hierarchicalModalModel4.xml
13 ms. Memory: 241664K Free: 221309K (92%)
----------------- Invoking toplevel() on ptolemy.moml.MoMLSimpleApplication@44e9cc67
----------------- Done invoking toplevel() on ptolemy.moml.MoMLSimpleApplication@44e9cc67
reloadAllAccessors: .hierarchicalModalModel4

===========================================================================================
----------------- testing Thu Mar 14 03:47:20 UTC 2019 /home/travis/build/icyphy/ptII/ptolemy/domains/continuous/test/auto/junk.xml
----------------- Instantiating /home/travis/build/icyphy/ptII/ptolemy/domains/continuous/test/auto/junk.xml
149 ms. Memory: 241664K Free: 188845K (78%)
----------------- Invoking toplevel() on ptolemy.moml.MoMLSimpleApplication@28bc9eb5
----------------- Done invoking toplevel() on ptolemy.moml.MoMLSimpleApplication@28bc9eb5
reloadAllAccessors: .junk
AutoTests.java: About to close Vertx.
AutoTests.java: Vertx closed.
]]></system-out>
  <system-err><![CDATA[Warning: '.HysteresisWithRandomDelay.NonStrictTest3' The test produced only 28 tokens, yet the correctValues parameter was expecting 30 tokens.
Warning: '.IncreasingRatePoisson.NonStrictTest' The test produced only 392 tokens, yet the correctValues parameter was expecting 402 tokens.
]]></system-err>
</testsuite>
