<?xml version="1.0" encoding="UTF-8" ?>
<testsuite errors="0" failures="0" hostname="travis-job-26f67ca0-1354-4cf5-b446-8f615ade6d47" name="ptolemy.domains.de.test.junit.JUnitTclTest" skipped="0" tests="101" time="125.073" timestamp="2020-04-09T13:49:24">
  <properties>
[...]
</properties>
  <testcase classname="ptolemy.util.test.junit.TclTests" name="[0] /home/travis/build/icyphy/ptII/ptolemy/domains/de/test/DependencyLoop.tcl (RunTclFile)" time="1.07" />
  <testcase classname="ptolemy.util.test.junit.TclTests" name="[1] /home/travis/build/icyphy/ptII/ptolemy/domains/de/test/RunDETestsAsQSS.tcl (RunTclFile)" time="83.853" />
  <testcase classname="ptolemy.util.test.junit.AutoKnownFailedTests" name="[0] /home/travis/build/icyphy/ptII/ptolemy/domains/de/test/auto/knownFailedTests/DESDFClockTest.xml (RunModel)" time="2.038" />
  <testcase classname="ptolemy.util.test.junit.AutoKnownFailedTests" name="[1] /home/travis/build/icyphy/ptII/ptolemy/domains/de/test/auto/knownFailedTests/DirectFeedback.xml (RunModel)" time="0.02" />
  <testcase classname="ptolemy.util.test.junit.AutoKnownFailedTests" name="[2] /home/travis/build/icyphy/ptII/ptolemy/domains/de/test/auto/knownFailedTests/FSMSource.xml (RunModel)" time="0.031" />
  <testcase classname="ptolemy.util.test.junit.AutoKnownFailedTests" name="[3] /home/travis/build/icyphy/ptII/ptolemy/domains/de/test/auto/knownFailedTests/HierarchicalModel.xml (RunModel)" time="0.055" />
  <testcase classname="ptolemy.util.test.junit.AutoKnownFailedTests" name="[4] /home/travis/build/icyphy/ptII/ptolemy/domains/de/test/auto/knownFailedTests/dependencyLoop.xml (RunModel)" time="0.047" />
  <testcase classname="ptolemy.util.test.junit.AutoKnownFailedTests" name="[5] /home/travis/build/icyphy/ptII/ptolemy/domains/de/test/auto/knownFailedTests/dependencyLoop2.xml (RunModel)" time="0.055" />
  <testcase classname="ptolemy.util.test.junit.AutoNameArchTests" name="[0] ThereAreNoAutoArchTests (RunModel)" time="0.001" />
  <testcase classname="ptolemy.util.test.junit.AutoTests" name="[0] /home/travis/build/icyphy/ptII/ptolemy/domains/de/test/auto/ActorDepthCalculation_actorWithoutPorts.xml (RunModel)" time="0.02" />
  <testcase classname="ptolemy.util.test.junit.AutoTests" name="[1] /home/travis/build/icyphy/ptII/ptolemy/domains/de/test/auto/AssemblyLine.xml (RunModel)" time="0.023" />
  <testcase classname="ptolemy.util.test.junit.AutoTests" name="[2] /home/travis/build/icyphy/ptII/ptolemy/domains/de/test/auto/CQBug1.xml (RunModel)" time="0.01" />
  <testcase classname="ptolemy.util.test.junit.AutoTests" name="[3] /home/travis/build/icyphy/ptII/ptolemy/domains/de/test/auto/CancelFireAt.xml (RunModel)" time="0.014" />
  <testcase classname="ptolemy.util.test.junit.AutoTests" name="[4] /home/travis/build/icyphy/ptII/ptolemy/domains/de/test/auto/CausalityAndComposabilityAnalysis.xml (RunModel)" time="0.012" />
  <testcase classname="ptolemy.util.test.junit.AutoTests" name="[5] /home/travis/build/icyphy/ptII/ptolemy/domains/de/test/auto/CausalityInterface1.xml (RunModel)" time="0.014" />
  <testcase classname="ptolemy.util.test.junit.AutoTests" name="[6] /home/travis/build/icyphy/ptII/ptolemy/domains/de/test/auto/CausalityInterface15.xml (RunModel)" time="0.018" />
  <testcase classname="ptolemy.util.test.junit.AutoTests" name="[7] /home/travis/build/icyphy/ptII/ptolemy/domains/de/test/auto/CausalityInterface2.xml (RunModel)" time="0.015" />
  <testcase classname="ptolemy.util.test.junit.AutoTests" name="[8] /home/travis/build/icyphy/ptII/ptolemy/domains/de/test/auto/CausalityInterface3.xml (RunModel)" time="0.012" />
  <testcase classname="ptolemy.util.test.junit.AutoTests" name="[9] /home/travis/build/icyphy/ptII/ptolemy/domains/de/test/auto/ClockDrift.xml (RunModel)" time="0.037" />
  <testcase classname="ptolemy.util.test.junit.AutoTests" name="[10] /home/travis/build/icyphy/ptII/ptolemy/domains/de/test/auto/ClockDriftAndValueChange.xml (RunModel)" time="0.028" />
  <testcase classname="ptolemy.util.test.junit.AutoTests" name="[11] /home/travis/build/icyphy/ptII/ptolemy/domains/de/test/auto/ClockDriftChange.xml (RunModel)" time="0.034" />
  <testcase classname="ptolemy.util.test.junit.AutoTests" name="[12] /home/travis/build/icyphy/ptII/ptolemy/domains/de/test/auto/ComposableCausalityAnalysis.xml (RunModel)" time="0.019" />
  <testcase classname="ptolemy.util.test.junit.AutoTests" name="[13] /home/travis/build/icyphy/ptII/ptolemy/domains/de/test/auto/DEFixedPointLimitation.xml (RunModel)" time="0.01" />
  <testcase classname="ptolemy.util.test.junit.AutoTests" name="[14] /home/travis/build/icyphy/ptII/ptolemy/domains/de/test/auto/DEScheduleTest.xml (RunModel)" time="0.015" />
  <testcase classname="ptolemy.util.test.junit.AutoTests" name="[15] /home/travis/build/icyphy/ptII/ptolemy/domains/de/test/auto/DEinDEwithStartTimes.xml (RunModel)" time="0.017" />
  <testcase classname="ptolemy.util.test.junit.AutoTests" name="[16] /home/travis/build/icyphy/ptII/ptolemy/domains/de/test/auto/DEinDEwithStartTimes2.xml (RunModel)" time="0.022" />
  <testcase classname="ptolemy.util.test.junit.AutoTests" name="[17] /home/travis/build/icyphy/ptII/ptolemy/domains/de/test/auto/DateDemo.xml (RunModel)" time="0.028" />
  <testcase classname="ptolemy.util.test.junit.AutoTests" name="[18] /home/travis/build/icyphy/ptII/ptolemy/domains/de/test/auto/DateToEvent.xml (RunModel)" time="2.041" />
  <testcase classname="ptolemy.util.test.junit.AutoTests" name="[19] /home/travis/build/icyphy/ptII/ptolemy/domains/de/test/auto/DepthTest1.xml (RunModel)" time="0.009" />
  <testcase classname="ptolemy.util.test.junit.AutoTests" name="[20] /home/travis/build/icyphy/ptII/ptolemy/domains/de/test/auto/DepthTest2.xml (RunModel)" time="0.019" />
  <testcase classname="ptolemy.util.test.junit.AutoTests" name="[21] /home/travis/build/icyphy/ptII/ptolemy/domains/de/test/auto/DepthTest3.xml (RunModel)" time="0.009" />
  <testcase classname="ptolemy.util.test.junit.AutoTests" name="[22] /home/travis/build/icyphy/ptII/ptolemy/domains/de/test/auto/DepthTest4.xml (RunModel)" time="0.023" />
  <testcase classname="ptolemy.util.test.junit.AutoTests" name="[23] /home/travis/build/icyphy/ptII/ptolemy/domains/de/test/auto/DepthTest5.xml (RunModel)" time="0.013" />
  <testcase classname="ptolemy.util.test.junit.AutoTests" name="[24] /home/travis/build/icyphy/ptII/ptolemy/domains/de/test/auto/DepthTest6.xml (RunModel)" time="0.015" />
  <testcase classname="ptolemy.util.test.junit.AutoTests" name="[25] /home/travis/build/icyphy/ptII/ptolemy/domains/de/test/auto/DepthTest7.xml (RunModel)" time="0.011" />
  <testcase classname="ptolemy.util.test.junit.AutoTests" name="[26] /home/travis/build/icyphy/ptII/ptolemy/domains/de/test/auto/EventToDate.xml (RunModel)" time="3.051" />
  <testcase classname="ptolemy.util.test.junit.AutoTests" name="[27] /home/travis/build/icyphy/ptII/ptolemy/domains/de/test/auto/FSM1.xml (RunModel)" time="0.039" />
  <testcase classname="ptolemy.util.test.junit.AutoTests" name="[28] /home/travis/build/icyphy/ptII/ptolemy/domains/de/test/auto/FSM7.xml (RunModel)" time="0.039" />
  <testcase classname="ptolemy.util.test.junit.AutoTests" name="[29] /home/travis/build/icyphy/ptII/ptolemy/domains/de/test/auto/Inspection.xml (RunModel)" time="0.049" />
  <testcase classname="ptolemy.util.test.junit.AutoTests" name="[30] /home/travis/build/icyphy/ptII/ptolemy/domains/de/test/auto/Iteration.xml (RunModel)" time="0.027" />
  <testcase classname="ptolemy.util.test.junit.AutoTests" name="[31] /home/travis/build/icyphy/ptII/ptolemy/domains/de/test/auto/LineFault.xml (RunModel)" time="0.558" />
  <testcase classname="ptolemy.util.test.junit.AutoTests" name="[32] /home/travis/build/icyphy/ptII/ptolemy/domains/de/test/auto/MergeModel1Add.xml (RunModel)" time="0.052" />
  <testcase classname="ptolemy.util.test.junit.AutoTests" name="[33] /home/travis/build/icyphy/ptII/ptolemy/domains/de/test/auto/MergeModel2Add.xml (RunModel)" time="0.035" />
  <testcase classname="ptolemy.util.test.junit.AutoTests" name="[34] /home/travis/build/icyphy/ptII/ptolemy/domains/de/test/auto/MergeModel3Add.xml (RunModel)" time="0.048" />
  <testcase classname="ptolemy.util.test.junit.AutoTests" name="[35] /home/travis/build/icyphy/ptII/ptolemy/domains/de/test/auto/MergeWithoutDiscard.xml (RunModel)" time="0.011" />
  <testcase classname="ptolemy.util.test.junit.AutoTests" name="[36] /home/travis/build/icyphy/ptII/ptolemy/domains/de/test/auto/Modal1.xml (RunModel)" time="0.029" />
  <testcase classname="ptolemy.util.test.junit.AutoTests" name="[37] /home/travis/build/icyphy/ptII/ptolemy/domains/de/test/auto/Modal2.xml (RunModel)" time="0.03" />
  <testcase classname="ptolemy.util.test.junit.AutoTests" name="[38] /home/travis/build/icyphy/ptII/ptolemy/domains/de/test/auto/Modal3.xml (RunModel)" time="0.031" />
  <testcase classname="ptolemy.util.test.junit.AutoTests" name="[39] /home/travis/build/icyphy/ptII/ptolemy/domains/de/test/auto/Modal4.xml (RunModel)" time="0.031" />
  <testcase classname="ptolemy.util.test.junit.AutoTests" name="[40] /home/travis/build/icyphy/ptII/ptolemy/domains/de/test/auto/Modal5.xml (RunModel)" time="0.032" />
  <testcase classname="ptolemy.util.test.junit.AutoTests" name="[41] /home/travis/build/icyphy/ptII/ptolemy/domains/de/test/auto/Modal6.xml (RunModel)" time="0.035" />
  <testcase classname="ptolemy.util.test.junit.AutoTests" name="[42] /home/travis/build/icyphy/ptII/ptolemy/domains/de/test/auto/Modal7.xml (RunModel)" time="0.036" />
  <testcase classname="ptolemy.util.test.junit.AutoTests" name="[43] /home/travis/build/icyphy/ptII/ptolemy/domains/de/test/auto/ModalModel.xml (RunModel)" time="0.16" />
  <testcase classname="ptolemy.util.test.junit.AutoTests" name="[44] /home/travis/build/icyphy/ptII/ptolemy/domains/de/test/auto/ModalSource.xml (RunModel)" time="0.025" />
  <testcase classname="ptolemy.util.test.junit.AutoTests" name="[45] /home/travis/build/icyphy/ptII/ptolemy/domains/de/test/auto/NonInterruptibleTimerZeroDelay.xml (RunModel)" time="0.011" />
  <testcase classname="ptolemy.util.test.junit.AutoTests" name="[46] /home/travis/build/icyphy/ptII/ptolemy/domains/de/test/auto/OpenQueueingNetwork.xml (RunModel)" time="2.351" />
  <testcase classname="ptolemy.util.test.junit.AutoTests" name="[47] /home/travis/build/icyphy/ptII/ptolemy/domains/de/test/auto/OpenQueuingNetwork.xml (RunModel)" time="0.263" />
  <testcase classname="ptolemy.util.test.junit.AutoTests" name="[48] /home/travis/build/icyphy/ptII/ptolemy/domains/de/test/auto/PeriodicSampler.xml (RunModel)" time="0.008" />
  <testcase classname="ptolemy.util.test.junit.AutoTests" name="[49] /home/travis/build/icyphy/ptII/ptolemy/domains/de/test/auto/PersistentIO.xml (RunModel)" time="0.016" />
  <testcase classname="ptolemy.util.test.junit.AutoTests" name="[50] /home/travis/build/icyphy/ptII/ptolemy/domains/de/test/auto/PortParameterResetOnInitialize.xml (RunModel)" time="0.01" />
  <testcase classname="ptolemy.util.test.junit.AutoTests" name="[51] /home/travis/build/icyphy/ptII/ptolemy/domains/de/test/auto/PortParameterUpdates.xml (RunModel)" time="0.014" />
  <testcase classname="ptolemy.util.test.junit.AutoTests" name="[52] /home/travis/build/icyphy/ptII/ptolemy/domains/de/test/auto/QueueAndServer.xml (RunModel)" time="0.036" />
  <testcase classname="ptolemy.util.test.junit.AutoTests" name="[53] /home/travis/build/icyphy/ptII/ptolemy/domains/de/test/auto/Records.xml (RunModel)" time="0.028" />
  <testcase classname="ptolemy.util.test.junit.AutoTests" name="[54] /home/travis/build/icyphy/ptII/ptolemy/domains/de/test/auto/ResetTransitionWithStartTime1.xml (RunModel)" time="0.021" />
  <testcase classname="ptolemy.util.test.junit.AutoTests" name="[55] /home/travis/build/icyphy/ptII/ptolemy/domains/de/test/auto/ResetTransitionWithStartTime2.xml (RunModel)" time="0.033" />
  <testcase classname="ptolemy.util.test.junit.AutoTests" name="[56] /home/travis/build/icyphy/ptII/ptolemy/domains/de/test/auto/ResetTransitionWithStartTime3.xml (RunModel)" time="0.023" />
  <testcase classname="ptolemy.util.test.junit.AutoTests" name="[57] /home/travis/build/icyphy/ptII/ptolemy/domains/de/test/auto/ResetTransitionWithStartTime4.xml (RunModel)" time="0.02" />
  <testcase classname="ptolemy.util.test.junit.AutoTests" name="[58] /home/travis/build/icyphy/ptII/ptolemy/domains/de/test/auto/ResettableTimer1.xml (RunModel)" time="0.016" />
  <testcase classname="ptolemy.util.test.junit.AutoTests" name="[59] /home/travis/build/icyphy/ptII/ptolemy/domains/de/test/auto/ResettableTimer2.xml (RunModel)" time="0.014" />
  <testcase classname="ptolemy.util.test.junit.AutoTests" name="[60] /home/travis/build/icyphy/ptII/ptolemy/domains/de/test/auto/ResettableTimer3.xml (RunModel)" time="0.01" />
  <testcase classname="ptolemy.util.test.junit.AutoTests" name="[61] /home/travis/build/icyphy/ptII/ptolemy/domains/de/test/auto/ResettableTimer4.xml (RunModel)" time="0.01" />
  <testcase classname="ptolemy.util.test.junit.AutoTests" name="[62] /home/travis/build/icyphy/ptII/ptolemy/domains/de/test/auto/ResettableTimer5.xml (RunModel)" time="0.01" />
  <testcase classname="ptolemy.util.test.junit.AutoTests" name="[63] /home/travis/build/icyphy/ptII/ptolemy/domains/de/test/auto/ResettableTimer6.xml (RunModel)" time="0.016" />
  <testcase classname="ptolemy.util.test.junit.AutoTests" name="[64] /home/travis/build/icyphy/ptII/ptolemy/domains/de/test/auto/ServerZeroDelay.xml (RunModel)" time="0.01" />
  <testcase classname="ptolemy.util.test.junit.AutoTests" name="[65] /home/travis/build/icyphy/ptII/ptolemy/domains/de/test/auto/SmartSender.xml (RunModel)" time="3.01" />
  <testcase classname="ptolemy.util.test.junit.AutoTests" name="[66] /home/travis/build/icyphy/ptII/ptolemy/domains/de/test/auto/ThreadedComposite.xml (RunModel)" time="0.106" />
  <testcase classname="ptolemy.util.test.junit.AutoTests" name="[67] /home/travis/build/icyphy/ptII/ptolemy/domains/de/test/auto/Time.xml (RunModel)" time="0.359" />
  <testcase classname="ptolemy.util.test.junit.AutoTests" name="[68] /home/travis/build/icyphy/ptII/ptolemy/domains/de/test/auto/TimeDelayZeroDelay.xml (RunModel)" time="0.011" />
  <testcase classname="ptolemy.util.test.junit.AutoTests" name="[69] /home/travis/build/icyphy/ptII/ptolemy/domains/de/test/auto/TimerZeroDelay.xml (RunModel)" time="0.008" />
  <testcase classname="ptolemy.util.test.junit.AutoTests" name="[70] /home/travis/build/icyphy/ptII/ptolemy/domains/de/test/auto/TimingParadox.xml (RunModel)" time="0.331" />
  <testcase classname="ptolemy.util.test.junit.AutoTests" name="[71] /home/travis/build/icyphy/ptII/ptolemy/domains/de/test/auto/TransferInputs.xml (RunModel)" time="0.016" />
  <testcase classname="ptolemy.util.test.junit.AutoTests" name="[72] /home/travis/build/icyphy/ptII/ptolemy/domains/de/test/auto/TransferOutputs2.xml (RunModel)" time="0.016" />
  <testcase classname="ptolemy.util.test.junit.AutoTests" name="[73] /home/travis/build/icyphy/ptII/ptolemy/domains/de/test/auto/Trilateration.xml (RunModel)" time="11.674" />
  <testcase classname="ptolemy.util.test.junit.AutoTests" name="[74] /home/travis/build/icyphy/ptII/ptolemy/domains/de/test/auto/TwoSigmaDelta.xml (RunModel)" time="2.014" />
  <testcase classname="ptolemy.util.test.junit.AutoTests" name="[75] /home/travis/build/icyphy/ptII/ptolemy/domains/de/test/auto/VariableDelay.xml (RunModel)" time="0.015" />
  <testcase classname="ptolemy.util.test.junit.AutoTests" name="[76] /home/travis/build/icyphy/ptII/ptolemy/domains/de/test/auto/VariableDelay2.xml (RunModel)" time="0.011" />
  <testcase classname="ptolemy.util.test.junit.AutoTests" name="[77] /home/travis/build/icyphy/ptII/ptolemy/domains/de/test/auto/VariableDelayZeroDelay.xml (RunModel)" time="0.021" />
  <testcase classname="ptolemy.util.test.junit.AutoTests" name="[78] /home/travis/build/icyphy/ptII/ptolemy/domains/de/test/auto/VariableDelayZeroDelay2.xml (RunModel)" time="0.015" />
  <testcase classname="ptolemy.util.test.junit.AutoTests" name="[79] /home/travis/build/icyphy/ptII/ptolemy/domains/de/test/auto/deInCt.xml (RunModel)" time="0.015" />
  <testcase classname="ptolemy.util.test.junit.AutoTests" name="[80] /home/travis/build/icyphy/ptII/ptolemy/domains/de/test/auto/deInCt2.xml (RunModel)" time="0.015" />
  <testcase classname="ptolemy.util.test.junit.AutoTests" name="[81] /home/travis/build/icyphy/ptII/ptolemy/domains/de/test/auto/dynamicCausalityInterface1.xml (RunModel)" time="0.018" />
  <testcase classname="ptolemy.util.test.junit.AutoTests" name="[82] /home/travis/build/icyphy/ptII/ptolemy/domains/de/test/auto/fsm_de_test.xml (RunModel)" time="0.024" />
  <testcase classname="ptolemy.util.test.junit.AutoTests" name="[83] /home/travis/build/icyphy/ptII/ptolemy/domains/de/test/auto/functionDependencyReconstruction.xml (RunModel)" time="0.046" />
  <testcase classname="ptolemy.util.test.junit.AutoTests" name="[84] /home/travis/build/icyphy/ptII/ptolemy/domains/de/test/auto/multirate.xml (RunModel)" time="0.016" />
  <testcase classname="ptolemy.util.test.junit.AutoTests" name="[85] /home/travis/build/icyphy/ptII/ptolemy/domains/de/test/auto/multirate2.xml (RunModel)" time="0.021" />
  <testcase classname="ptolemy.util.test.junit.AutoTests" name="[86] /home/travis/build/icyphy/ptII/ptolemy/domains/de/test/auto/realtime.xml (RunModel)" time="10.013" />
  <testcase classname="ptolemy.util.test.junit.AutoTests" name="[87] /home/travis/build/icyphy/ptII/ptolemy/domains/de/test/auto/relationGroup.xml (RunModel)" time="0.014" />
  <testcase classname="ptolemy.util.test.junit.AutoTests" name="[88] /home/travis/build/icyphy/ptII/ptolemy/domains/de/test/auto/relationGroup2.xml (RunModel)" time="0.007" />
  <testcase classname="ptolemy.util.test.junit.AutoTests" name="[89] /home/travis/build/icyphy/ptII/ptolemy/domains/de/test/auto/sortWithOpaquePorts.xml (RunModel)" time="0.008" />
  <testcase classname="ptolemy.util.test.junit.AutoTests" name="[90] /home/travis/build/icyphy/ptII/ptolemy/domains/de/test/auto/transferInputsandOutputs.xml (RunModel)" time="0.011" />
  <testcase classname="ptolemy.util.test.junit.AutoTests" name="[91] /home/travis/build/icyphy/ptII/ptolemy/domains/de/test/auto/triggerType.xml (RunModel)" time="0.024" />
  <system-out><![CDATA[/home/travis/build/icyphy/ptII/ptolemy/domains/de/test/DependencyLoop.tcl
testDefs.tcl: setting time out to 9000 seconds at Thu Apr 09 13:49:25 UTC 2020
88 ms. Memory: 129024K Free: 78670K (61%)
31 ms. Memory: 129024K Free: 61758K (48%)
/home/travis/build/icyphy/ptII/ptolemy/domains/de/test/RunDETestsAsQSS.tcl
Run the DE tests using ptolemy.domains.qss.test.QSSDirectorTest, which extends QSSDirector and prints a message in the constructors.
------------------ testing $PTII/ptolemy/domains/de/test/auto/knownFailedTests/DirectFeedback.xml (Known Failure) 
68 ms. Memory: 129024K Free: 55628K (43%)


==== $PTIIhome/travis/build/icyphy/ptII/ptolemy/domains/de/test/../../../../: Auto Automatic test in file $PTII/ptolemy/domains/de/test/auto/knownFailedTests/DirectFeedback.xml
==== Contents of test case:

	    # FIXME: we should use $relativeFilename here, but it
	    # might have backslashes under Windows, which causes no end
	    # of trouble.
	    createAndExecute $file
	    list {}
	
.... Test generated KNOWN error:
    while executing
ptolemy.kernel.util.IllegalActionException: Test fails in iteration 1.
Value was: 1.0. Should have been: 2.0
  in .DirectFeedback.Test
	at ptolemy.actor.lib.Test.fire(Test.java:268)
	at ptolemy.domains.de.kernel.DEDirector._fire(DEDirector.java:1949)
	at ptolemy.domains.de.kernel.DEDirector.fire(DEDirector.java:502)
	at ptolemy.actor.CompositeActor.fire(CompositeActor.java:455)
	at ptolemy.actor.Manager.iterate(Manager.java:851)
	at ptolemy.actor.Manager.execute(Manager.java:369)
	at ptolemy.actor.Manager.run(Manager.java:1263)
	at ptolemy.actor.Manager$PtolemyRunThread.run(Manager.java:1933)

    while executing
ptolemy.kernel.util.IllegalActionException: Test fails in iteration 1.
Value was: 1.0. Should have been: 2.0
  in .DirectFeedback.Test
    while executing
"java::new ptolemy.moml.MoMLSimpleApplication $file
"
    (procedure "createAndExecute" line 2)
    invoked from within
"createAndExecute $file"
    ("uplevel" body line 5)
    invoked from within
"uplevel $contents_of_test"
------------------ testing $PTII/ptolemy/domains/de/test/auto/knownFailedTests/dependencyLoop.xml (Known Failure) 
18 ms. Memory: 129024K Free: 52556K (41%)


==== $PTIIhome/travis/build/icyphy/ptII/ptolemy/domains/de/test/../../../../: Auto Automatic test in file $PTII/ptolemy/domains/de/test/auto/knownFailedTests/dependencyLoop.xml
==== Contents of test case:

	    # FIXME: we should use $relativeFilename here, but it
	    # might have backslashes under Windows, which causes no end
	    # of trouble.
	    createAndExecute $file
	    list {}
	
.... Test generated KNOWN error:
    while executing
ptolemy.kernel.util.IllegalActionException: Found a zero delay loop containing .dependencyLoop.original
  in .dependencyLoop and .dependencyLoop.original
	at ptolemy.actor.util.CausalityInterfaceForComposites._computeOutputPortDepth(CausalityInterfaceForComposites.java:759)
	at ptolemy.actor.util.CausalityInterfaceForComposites._computeInputDepth(CausalityInterfaceForComposites.java:696)
	at ptolemy.actor.util.CausalityInterfaceForComposites._computeOutputPortDepth(CausalityInterfaceForComposites.java:765)
	at ptolemy.actor.util.CausalityInterfaceForComposites._computeInputDepth(CausalityInterfaceForComposites.java:696)
	at ptolemy.actor.util.CausalityInterfaceForComposites._computeOutputPortDepth(CausalityInterfaceForComposites.java:765)
	at ptolemy.actor.util.CausalityInterfaceForComposites._computeInputDepth(CausalityInterfaceForComposites.java:696)
	at ptolemy.actor.util.CausalityInterfaceForComposites._computeActorDepth(CausalityInterfaceForComposites.java:532)
	at ptolemy.actor.util.CausalityInterfaceForComposites.checkForCycles(CausalityInterfaceForComposites.java:96)
	at ptolemy.domains.de.kernel.DEDirector.preinitialize(DEDirector.java:1338)
	at ptolemy.actor.CompositeActor.preinitialize(CompositeActor.java:1828)
	at ptolemy.actor.Manager.preinitializeAndResolveTypes(Manager.java:1040)
	at ptolemy.actor.Manager.initialize(Manager.java:710)
	at ptolemy.actor.Manager.execute(Manager.java:356)
	at ptolemy.actor.Manager.run(Manager.java:1263)
	at ptolemy.actor.Manager$PtolemyRunThread.run(Manager.java:1933)

    while executing
ptolemy.kernel.util.IllegalActionException: Found a zero delay loop containing .dependencyLoop.original
  in .dependencyLoop and .dependencyLoop.original
    while executing
"java::new ptolemy.moml.MoMLSimpleApplication $file
"
    (procedure "createAndExecute" line 2)
    invoked from within
"createAndExecute $file"
    ("uplevel" body line 5)
    invoked from within
"uplevel $contents_of_test"
------------------ testing $PTII/ptolemy/domains/de/test/auto/knownFailedTests/FSMSource.xml (Known Failure) 
75 ms. Memory: 129024K Free: 110564K (86%)
!!!! Auto was marked as failing, but now passes
------------------ testing $PTII/ptolemy/domains/de/test/auto/knownFailedTests/HierarchicalModel.xml (Known Failure) 
9 ms. Memory: 129024K Free: 93147K (72%)


==== $PTIIhome/travis/build/icyphy/ptII/ptolemy/domains/de/test/../../../../: Auto Automatic test in file $PTII/ptolemy/domains/de/test/auto/knownFailedTests/HierarchicalModel.xml
==== Contents of test case:

	    # FIXME: we should use $relativeFilename here, but it
	    # might have backslashes under Windows, which causes no end
	    # of trouble.
	    createAndExecute $file
	    list {}
	
.... Test generated KNOWN error:
    while executing
ptolemy.kernel.util.IllegalActionException: Found a zero delay loop containing .HierarchicalModel.A
  in .HierarchicalModel and .HierarchicalModel.A
	at ptolemy.actor.util.CausalityInterfaceForComposites._computeOutputPortDepth(CausalityInterfaceForComposites.java:759)
	at ptolemy.actor.util.CausalityInterfaceForComposites._computeInputDepth(CausalityInterfaceForComposites.java:696)
	at ptolemy.actor.util.CausalityInterfaceForComposites._computeOutputPortDepth(CausalityInterfaceForComposites.java:765)
	at ptolemy.actor.util.CausalityInterfaceForComposites._computeInputDepth(CausalityInterfaceForComposites.java:696)
	at ptolemy.actor.util.CausalityInterfaceForComposites._computeOutputPortDepth(CausalityInterfaceForComposites.java:765)
	at ptolemy.actor.util.CausalityInterfaceForComposites._computeInputDepth(CausalityInterfaceForComposites.java:696)
	at ptolemy.actor.util.CausalityInterfaceForComposites._computeActorDepth(CausalityInterfaceForComposites.java:532)
	at ptolemy.actor.util.CausalityInterfaceForComposites.checkForCycles(CausalityInterfaceForComposites.java:96)
	at ptolemy.domains.de.kernel.DEDirector.preinitialize(DEDirector.java:1338)
	at ptolemy.actor.CompositeActor.preinitialize(CompositeActor.java:1828)
	at ptolemy.actor.Manager.preinitializeAndResolveTypes(Manager.java:1040)
	at ptolemy.actor.Manager.initialize(Manager.java:710)
	at ptolemy.actor.Manager.execute(Manager.java:356)
	at ptolemy.actor.Manager.run(Manager.java:1263)
	at ptolemy.actor.Manager$PtolemyRunThread.run(Manager.java:1933)

    while executing
ptolemy.kernel.util.IllegalActionException: Found a zero delay loop containing .HierarchicalModel.A
  in .HierarchicalModel and .HierarchicalModel.A
    while executing
"java::new ptolemy.moml.MoMLSimpleApplication $file
"
    (procedure "createAndExecute" line 2)
    invoked from within
"createAndExecute $file"
    ("uplevel" body line 5)
    invoked from within
"uplevel $contents_of_test"
------------------ testing $PTII/ptolemy/domains/de/test/auto/knownFailedTests/dependencyLoop2.xml (Known Failure) 
5 ms. Memory: 129024K Free: 77190K (60%)


==== $PTIIhome/travis/build/icyphy/ptII/ptolemy/domains/de/test/../../../../: Auto Automatic test in file $PTII/ptolemy/domains/de/test/auto/knownFailedTests/dependencyLoop2.xml
==== Contents of test case:

	    # FIXME: we should use $relativeFilename here, but it
	    # might have backslashes under Windows, which causes no end
	    # of trouble.
	    createAndExecute $file
	    list {}
	
.... Test generated KNOWN error:
    while executing
ptolemy.kernel.util.IllegalActionException: Found a zero delay loop containing .dependencyLoop2.original
  in .dependencyLoop2 and .dependencyLoop2.original
	at ptolemy.actor.util.CausalityInterfaceForComposites._computeOutputPortDepth(CausalityInterfaceForComposites.java:759)
	at ptolemy.actor.util.CausalityInterfaceForComposites._computeInputDepth(CausalityInterfaceForComposites.java:696)
	at ptolemy.actor.util.CausalityInterfaceForComposites._computeOutputPortDepth(CausalityInterfaceForComposites.java:765)
	at ptolemy.actor.util.CausalityInterfaceForComposites._computeInputDepth(CausalityInterfaceForComposites.java:696)
	at ptolemy.actor.util.CausalityInterfaceForComposites._computeOutputPortDepth(CausalityInterfaceForComposites.java:765)
	at ptolemy.actor.util.CausalityInterfaceForComposites._computeInputDepth(CausalityInterfaceForComposites.java:696)
	at ptolemy.actor.util.CausalityInterfaceForComposites._computeActorDepth(CausalityInterfaceForComposites.java:532)
	at ptolemy.actor.util.CausalityInterfaceForComposites.checkForCycles(CausalityInterfaceForComposites.java:96)
	at ptolemy.domains.de.kernel.DEDirector.preinitialize(DEDirector.java:1338)
	at ptolemy.actor.CompositeActor.preinitialize(CompositeActor.java:1828)
	at ptolemy.actor.Manager.preinitializeAndResolveTypes(Manager.java:1040)
	at ptolemy.actor.Manager.initialize(Manager.java:710)
	at ptolemy.actor.Manager.execute(Manager.java:356)
	at ptolemy.actor.Manager.run(Manager.java:1263)
	at ptolemy.actor.Manager$PtolemyRunThread.run(Manager.java:1933)

    while executing
ptolemy.kernel.util.IllegalActionException: Found a zero delay loop containing .dependencyLoop2.original
  in .dependencyLoop2 and .dependencyLoop2.original
    while executing
"java::new ptolemy.moml.MoMLSimpleApplication $file
"
    (procedure "createAndExecute" line 2)
    invoked from within
"createAndExecute $file"
    ("uplevel" body line 5)
    invoked from within
"uplevel $contents_of_test"
------------------ testing $PTII/ptolemy/domains/de/test/auto/knownFailedTests/DESDFClockTest.xml (Known Failure) 
2060 ms. Memory: 129024K Free: 108134K (84%)


==== $PTIIhome/travis/build/icyphy/ptII/ptolemy/domains/de/test/../../../../: Auto Automatic test in file $PTII/ptolemy/domains/de/test/auto/knownFailedTests/DESDFClockTest.xml
==== Contents of test case:

	    # FIXME: we should use $relativeFilename here, but it
	    # might have backslashes under Windows, which causes no end
	    # of trouble.
	    createAndExecute $file
	    list {}
	
.... Test generated KNOWN error:
    while executing
ptolemy.kernel.util.IllegalActionException: Actor is not ready to fire.  Perhaps UpSample.prefire() returned false? Try debugging the actor by selecting "Listen to Actor".  Also, for SDF check moml for tokenConsumptionRate on input.
  in .DESDFClockTest.Play Bell.Copy1:SDF Director and .DESDFClockTest.Play Bell.UpSample
	at ptolemy.actor.sched.StaticSchedulingDirector.fire(StaticSchedulingDirector.java:227)
	at ptolemy.domains.sdf.kernel.SDFDirector.fire(SDFDirector.java:500)
	at ptolemy.actor.CompositeActor.fire(CompositeActor.java:455)
	at ptolemy.domains.de.kernel.DEDirector._fire(DEDirector.java:1949)
	at ptolemy.domains.de.kernel.DEDirector.fire(DEDirector.java:502)
	at ptolemy.actor.CompositeActor.fire(CompositeActor.java:455)
	at ptolemy.actor.Manager.iterate(Manager.java:851)
	at ptolemy.actor.Manager.execute(Manager.java:369)
	at ptolemy.actor.Manager.run(Manager.java:1263)
	at ptolemy.actor.Manager$PtolemyRunThread.run(Manager.java:1933)

    while executing
ptolemy.kernel.util.IllegalActionException: Actor is not ready to fire.  Perhaps UpSample.prefire() returned false? Try debugging the actor by selecting "Listen to Actor".  Also, for SDF check moml for tokenConsumptionRate on input.
  in .DESDFClockTest.Play Bell.Copy1:SDF Director and .DESDFClockTest.Play Bell.UpSample
    while executing
"java::new ptolemy.moml.MoMLSimpleApplication $file
"
    (procedure "createAndExecute" line 2)
    invoked from within
"createAndExecute $file"
    ("uplevel" body line 5)
    invoked from within
"uplevel $contents_of_test"
------------------ testing $PTII/ptolemy/domains/de/test/auto/ActorDepthCalculation_actorWithoutPorts.xml
auto.tcl: Setting watchdog for 200 seconds at Thu Apr 09 13:49:28 UTC 2020
5 ms. Memory: 129024K Free: 100438K (78%)
ptolemy.util.test.WatchDog.cancel(): canceling Thu Apr 09 13:49:29 UTC 2020
auto.tcl: Setting watchdog for 200 seconds at Thu Apr 09 13:49:29 UTC 2020
5 ms. Memory: 129024K Free: 99171K (77%)
ptolemy.util.test.WatchDog.cancel(): canceling Thu Apr 09 13:49:29 UTC 2020
------------------ testing $PTII/ptolemy/domains/de/test/auto/AssemblyLine.xml
auto.tcl: Setting watchdog for 200 seconds at Thu Apr 09 13:49:29 UTC 2020
16 ms. Memory: 51200K Free: 27916K (55%)
ptolemy.util.test.WatchDog.cancel(): canceling Thu Apr 09 13:49:29 UTC 2020
auto.tcl: Setting watchdog for 200 seconds at Thu Apr 09 13:49:29 UTC 2020
9 ms. Memory: 51200K Free: 27263K (53%)
ptolemy.util.test.WatchDog.cancel(): canceling Thu Apr 09 13:49:29 UTC 2020
------------------ testing $PTII/ptolemy/domains/de/test/auto/CQBug1.xml
auto.tcl: Setting watchdog for 200 seconds at Thu Apr 09 13:49:29 UTC 2020
2 ms. Memory: 51200K Free: 33500K (65%)
ptolemy.util.test.WatchDog.cancel(): canceling Thu Apr 09 13:49:29 UTC 2020
auto.tcl: Setting watchdog for 200 seconds at Thu Apr 09 13:49:29 UTC 2020
2 ms. Memory: 51200K Free: 33064K (65%)
ptolemy.util.test.WatchDog.cancel(): canceling Thu Apr 09 13:49:29 UTC 2020
------------------ testing $PTII/ptolemy/domains/de/test/auto/CancelFireAt.xml
auto.tcl: Setting watchdog for 200 seconds at Thu Apr 09 13:49:29 UTC 2020
2 ms. Memory: 51200K Free: 34723K (68%)
ptolemy.util.test.WatchDog.cancel(): canceling Thu Apr 09 13:49:29 UTC 2020
auto.tcl: Setting watchdog for 200 seconds at Thu Apr 09 13:49:29 UTC 2020
3 ms. Memory: 51200K Free: 34245K (67%)
ptolemy.util.test.WatchDog.cancel(): canceling Thu Apr 09 13:49:29 UTC 2020
------------------ testing $PTII/ptolemy/domains/de/test/auto/CausalityAndComposabilityAnalysis.xml
auto.tcl: Setting watchdog for 200 seconds at Thu Apr 09 13:49:29 UTC 2020
7 ms. Memory: 51200K Free: 32386K (63%)
ptolemy.util.test.WatchDog.cancel(): canceling Thu Apr 09 13:49:29 UTC 2020
auto.tcl: Setting watchdog for 200 seconds at Thu Apr 09 13:49:29 UTC 2020
10 ms. Memory: 51200K Free: 31954K (62%)
ptolemy.util.test.WatchDog.cancel(): canceling Thu Apr 09 13:49:29 UTC 2020
------------------ testing $PTII/ptolemy/domains/de/test/auto/CausalityInterface1.xml
auto.tcl: Setting watchdog for 200 seconds at Thu Apr 09 13:49:29 UTC 2020
36 ms. Memory: 51200K Free: 31378K (61%)
ptolemy.util.test.WatchDog.cancel(): canceling Thu Apr 09 13:49:29 UTC 2020
auto.tcl: Setting watchdog for 200 seconds at Thu Apr 09 13:49:29 UTC 2020
4 ms. Memory: 51200K Free: 30412K (59%)
ptolemy.util.test.WatchDog.cancel(): canceling Thu Apr 09 13:49:29 UTC 2020
------------------ testing $PTII/ptolemy/domains/de/test/auto/CausalityInterface15.xml
auto.tcl: Setting watchdog for 200 seconds at Thu Apr 09 13:49:30 UTC 2020
6 ms. Memory: 51200K Free: 31056K (61%)
ptolemy.util.test.WatchDog.cancel(): canceling Thu Apr 09 13:49:30 UTC 2020
auto.tcl: Setting watchdog for 200 seconds at Thu Apr 09 13:49:30 UTC 2020
6 ms. Memory: 51200K Free: 30366K (59%)
ptolemy.util.test.WatchDog.cancel(): canceling Thu Apr 09 13:49:30 UTC 2020
------------------ testing $PTII/ptolemy/domains/de/test/auto/CausalityInterface2.xml
auto.tcl: Setting watchdog for 200 seconds at Thu Apr 09 13:49:30 UTC 2020
7 ms. Memory: 51200K Free: 32036K (63%)
ptolemy.util.test.WatchDog.cancel(): canceling Thu Apr 09 13:49:30 UTC 2020
auto.tcl: Setting watchdog for 200 seconds at Thu Apr 09 13:49:30 UTC 2020
3 ms. Memory: 51200K Free: 31371K (61%)
ptolemy.util.test.WatchDog.cancel(): canceling Thu Apr 09 13:49:30 UTC 2020
------------------ testing $PTII/ptolemy/domains/de/test/auto/CausalityInterface3.xml
auto.tcl: Setting watchdog for 200 seconds at Thu Apr 09 13:49:30 UTC 2020
5 ms. Memory: 51200K Free: 31566K (62%)
ptolemy.util.test.WatchDog.cancel(): canceling Thu Apr 09 13:49:30 UTC 2020
auto.tcl: Setting watchdog for 200 seconds at Thu Apr 09 13:49:30 UTC 2020
4 ms. Memory: 51200K Free: 31080K (61%)
ptolemy.util.test.WatchDog.cancel(): canceling Thu Apr 09 13:49:30 UTC 2020
------------------ testing $PTII/ptolemy/domains/de/test/auto/ClockDrift.xml
auto.tcl: Setting watchdog for 200 seconds at Thu Apr 09 13:49:30 UTC 2020
73 ms. Memory: 51200K Free: 23634K (46%)
ptolemy.util.test.WatchDog.cancel(): canceling Thu Apr 09 13:49:30 UTC 2020
auto.tcl: Setting watchdog for 200 seconds at Thu Apr 09 13:49:30 UTC 2020
33 ms. Memory: 51200K Free: 20676K (40%)
ptolemy.util.test.WatchDog.cancel(): canceling Thu Apr 09 13:49:30 UTC 2020
------------------ testing $PTII/ptolemy/domains/de/test/auto/ClockDriftAndValueChange.xml
auto.tcl: Setting watchdog for 200 seconds at Thu Apr 09 13:49:30 UTC 2020
28 ms. Memory: 51200K Free: 24256K (47%)
ptolemy.util.test.WatchDog.cancel(): canceling Thu Apr 09 13:49:30 UTC 2020
auto.tcl: Setting watchdog for 200 seconds at Thu Apr 09 13:49:30 UTC 2020
35 ms. Memory: 51200K Free: 21431K (42%)
ptolemy.util.test.WatchDog.cancel(): canceling Thu Apr 09 13:49:30 UTC 2020
------------------ testing $PTII/ptolemy/domains/de/test/auto/ClockDriftChange.xml
auto.tcl: Setting watchdog for 200 seconds at Thu Apr 09 13:49:30 UTC 2020
19 ms. Memory: 51200K Free: 26056K (51%)
ptolemy.util.test.WatchDog.cancel(): canceling Thu Apr 09 13:49:30 UTC 2020
auto.tcl: Setting watchdog for 200 seconds at Thu Apr 09 13:49:30 UTC 2020
24 ms. Memory: 51200K Free: 23682K (46%)
ptolemy.util.test.WatchDog.cancel(): canceling Thu Apr 09 13:49:30 UTC 2020
------------------ testing $PTII/ptolemy/domains/de/test/auto/ComposableCausalityAnalysis.xml
auto.tcl: Setting watchdog for 200 seconds at Thu Apr 09 13:49:30 UTC 2020
2 ms. Memory: 51200K Free: 30892K (60%)
ptolemy.util.test.WatchDog.cancel(): canceling Thu Apr 09 13:49:30 UTC 2020
auto.tcl: Setting watchdog for 200 seconds at Thu Apr 09 13:49:30 UTC 2020
6 ms. Memory: 51200K Free: 29814K (58%)
ptolemy.util.test.WatchDog.cancel(): canceling Thu Apr 09 13:49:30 UTC 2020
------------------ testing $PTII/ptolemy/domains/de/test/auto/DEFixedPointLimitation.xml
auto.tcl: Setting watchdog for 200 seconds at Thu Apr 09 13:49:30 UTC 2020
2 ms. Memory: 51200K Free: 32242K (63%)
ptolemy.util.test.WatchDog.cancel(): canceling Thu Apr 09 13:49:30 UTC 2020
auto.tcl: Setting watchdog for 200 seconds at Thu Apr 09 13:49:30 UTC 2020
1 ms. Memory: 51200K Free: 31344K (61%)
ptolemy.util.test.WatchDog.cancel(): canceling Thu Apr 09 13:49:30 UTC 2020
------------------ testing $PTII/ptolemy/domains/de/test/auto/DEScheduleTest.xml
auto.tcl: Setting watchdog for 200 seconds at Thu Apr 09 13:49:30 UTC 2020
6 ms. Memory: 51200K Free: 32588K (64%)
ptolemy.util.test.WatchDog.cancel(): canceling Thu Apr 09 13:49:30 UTC 2020
auto.tcl: Setting watchdog for 200 seconds at Thu Apr 09 13:49:30 UTC 2020
3 ms. Memory: 51200K Free: 31822K (62%)
ptolemy.util.test.WatchDog.cancel(): canceling Thu Apr 09 13:49:30 UTC 2020
------------------ testing $PTII/ptolemy/domains/de/test/auto/DEinDEwithStartTimes.xml
auto.tcl: Setting watchdog for 200 seconds at Thu Apr 09 13:49:30 UTC 2020
4 ms. Memory: 51200K Free: 30749K (60%)
ptolemy.util.test.WatchDog.cancel(): canceling Thu Apr 09 13:49:30 UTC 2020
auto.tcl: Setting watchdog for 200 seconds at Thu Apr 09 13:49:30 UTC 2020
3 ms. Memory: 51200K Free: 29725K (58%)
ptolemy.util.test.WatchDog.cancel(): canceling Thu Apr 09 13:49:30 UTC 2020
------------------ testing $PTII/ptolemy/domains/de/test/auto/DEinDEwithStartTimes2.xml
auto.tcl: Setting watchdog for 200 seconds at Thu Apr 09 13:49:31 UTC 2020
5 ms. Memory: 51200K Free: 29910K (58%)
ptolemy.util.test.WatchDog.cancel(): canceling Thu Apr 09 13:49:31 UTC 2020
auto.tcl: Setting watchdog for 200 seconds at Thu Apr 09 13:49:31 UTC 2020
4 ms. Memory: 51200K Free: 28680K (56%)
ptolemy.util.test.WatchDog.cancel(): canceling Thu Apr 09 13:49:31 UTC 2020
------------------ testing $PTII/ptolemy/domains/de/test/auto/DateDemo.xml
auto.tcl: Setting watchdog for 200 seconds at Thu Apr 09 13:49:31 UTC 2020
24 ms. Memory: 51200K Free: 24302K (47%)
ptolemy.util.test.WatchDog.cancel(): canceling Thu Apr 09 13:49:31 UTC 2020
auto.tcl: Setting watchdog for 200 seconds at Thu Apr 09 13:49:31 UTC 2020
7 ms. Memory: 51200K Free: 22666K (44%)
ptolemy.util.test.WatchDog.cancel(): canceling Thu Apr 09 13:49:31 UTC 2020
------------------ testing $PTII/ptolemy/domains/de/test/auto/DateToEvent.xml
auto.tcl: Setting watchdog for 200 seconds at Thu Apr 09 13:49:31 UTC 2020
2009 ms. Memory: 51200K Free: 20242K (40%)
ptolemy.util.test.WatchDog.cancel(): canceling Thu Apr 09 13:49:33 UTC 2020
auto.tcl: Setting watchdog for 200 seconds at Thu Apr 09 13:49:33 UTC 2020
2007 ms. Memory: 51200K Free: 19401K (38%)
ptolemy.util.test.WatchDog.cancel(): canceling Thu Apr 09 13:49:35 UTC 2020
------------------ testing $PTII/ptolemy/domains/de/test/auto/DepthTest1.xml
auto.tcl: Setting watchdog for 200 seconds at Thu Apr 09 13:49:35 UTC 2020
3 ms. Memory: 51200K Free: 33422K (65%)
ptolemy.util.test.WatchDog.cancel(): canceling Thu Apr 09 13:49:35 UTC 2020
auto.tcl: Setting watchdog for 200 seconds at Thu Apr 09 13:49:35 UTC 2020
2 ms. Memory: 51200K Free: 32942K (64%)
ptolemy.util.test.WatchDog.cancel(): canceling Thu Apr 09 13:49:35 UTC 2020
------------------ testing $PTII/ptolemy/domains/de/test/auto/DepthTest2.xml
auto.tcl: Setting watchdog for 200 seconds at Thu Apr 09 13:49:35 UTC 2020
5 ms. Memory: 51200K Free: 30107K (59%)
ptolemy.util.test.WatchDog.cancel(): canceling Thu Apr 09 13:49:35 UTC 2020
auto.tcl: Setting watchdog for 200 seconds at Thu Apr 09 13:49:35 UTC 2020
3 ms. Memory: 51200K Free: 29720K (58%)
ptolemy.util.test.WatchDog.cancel(): canceling Thu Apr 09 13:49:35 UTC 2020
------------------ testing $PTII/ptolemy/domains/de/test/auto/DepthTest3.xml
auto.tcl: Setting watchdog for 200 seconds at Thu Apr 09 13:49:35 UTC 2020
6 ms. Memory: 51200K Free: 33760K (66%)
ptolemy.util.test.WatchDog.cancel(): canceling Thu Apr 09 13:49:35 UTC 2020
auto.tcl: Setting watchdog for 200 seconds at Thu Apr 09 13:49:35 UTC 2020
1 ms. Memory: 51200K Free: 33280K (65%)
ptolemy.util.test.WatchDog.cancel(): canceling Thu Apr 09 13:49:35 UTC 2020
------------------ testing $PTII/ptolemy/domains/de/test/auto/DepthTest4.xml
auto.tcl: Setting watchdog for 200 seconds at Thu Apr 09 13:49:35 UTC 2020
6 ms. Memory: 51200K Free: 31993K (62%)
ptolemy.util.test.WatchDog.cancel(): canceling Thu Apr 09 13:49:35 UTC 2020
auto.tcl: Setting watchdog for 200 seconds at Thu Apr 09 13:49:35 UTC 2020
3 ms. Memory: 51200K Free: 31323K (61%)
ptolemy.util.test.WatchDog.cancel(): canceling Thu Apr 09 13:49:35 UTC 2020
------------------ testing $PTII/ptolemy/domains/de/test/auto/DepthTest5.xml
auto.tcl: Setting watchdog for 200 seconds at Thu Apr 09 13:49:35 UTC 2020
4 ms. Memory: 51200K Free: 31429K (61%)
ptolemy.util.test.WatchDog.cancel(): canceling Thu Apr 09 13:49:35 UTC 2020
auto.tcl: Setting watchdog for 200 seconds at Thu Apr 09 13:49:35 UTC 2020
4 ms. Memory: 51200K Free: 30683K (60%)
ptolemy.util.test.WatchDog.cancel(): canceling Thu Apr 09 13:49:35 UTC 2020
------------------ testing $PTII/ptolemy/domains/de/test/auto/DepthTest6.xml
auto.tcl: Setting watchdog for 200 seconds at Thu Apr 09 13:49:35 UTC 2020
12 ms. Memory: 51200K Free: 31153K (61%)
ptolemy.util.test.WatchDog.cancel(): canceling Thu Apr 09 13:49:35 UTC 2020
auto.tcl: Setting watchdog for 200 seconds at Thu Apr 09 13:49:35 UTC 2020
6 ms. Memory: 51200K Free: 30720K (60%)
ptolemy.util.test.WatchDog.cancel(): canceling Thu Apr 09 13:49:35 UTC 2020
------------------ testing $PTII/ptolemy/domains/de/test/auto/DepthTest7.xml
auto.tcl: Setting watchdog for 200 seconds at Thu Apr 09 13:49:35 UTC 2020
3 ms. Memory: 51200K Free: 31410K (61%)
ptolemy.util.test.WatchDog.cancel(): canceling Thu Apr 09 13:49:35 UTC 2020
auto.tcl: Setting watchdog for 200 seconds at Thu Apr 09 13:49:35 UTC 2020
2 ms. Memory: 51200K Free: 30975K (60%)
ptolemy.util.test.WatchDog.cancel(): canceling Thu Apr 09 13:49:35 UTC 2020
------------------ testing $PTII/ptolemy/domains/de/test/auto/EventToDate.xml
auto.tcl: Setting watchdog for 200 seconds at Thu Apr 09 13:49:35 UTC 2020
3005 ms. Memory: 51200K Free: 22747K (44%)
ptolemy.util.test.WatchDog.cancel(): canceling Thu Apr 09 13:49:38 UTC 2020
auto.tcl: Setting watchdog for 200 seconds at Thu Apr 09 13:49:38 UTC 2020
3006 ms. Memory: 51200K Free: 22065K (43%)
ptolemy.util.test.WatchDog.cancel(): canceling Thu Apr 09 13:49:41 UTC 2020
------------------ testing $PTII/ptolemy/domains/de/test/auto/FSM1.xml
auto.tcl: Setting watchdog for 200 seconds at Thu Apr 09 13:49:41 UTC 2020
31 ms. Memory: 51200K Free: 23978K (47%)
ptolemy.util.test.WatchDog.cancel(): canceling Thu Apr 09 13:49:42 UTC 2020
auto.tcl: Setting watchdog for 200 seconds at Thu Apr 09 13:49:42 UTC 2020
19 ms. Memory: 51200K Free: 20712K (40%)
ptolemy.util.test.WatchDog.cancel(): canceling Thu Apr 09 13:49:42 UTC 2020
------------------ testing $PTII/ptolemy/domains/de/test/auto/FSM7.xml
auto.tcl: Setting watchdog for 200 seconds at Thu Apr 09 13:49:42 UTC 2020
35 ms. Memory: 51200K Free: 23650K (46%)
ptolemy.util.test.WatchDog.cancel(): canceling Thu Apr 09 13:49:42 UTC 2020
auto.tcl: Setting watchdog for 200 seconds at Thu Apr 09 13:49:42 UTC 2020
31 ms. Memory: 51200K Free: 20507K (40%)
ptolemy.util.test.WatchDog.cancel(): canceling Thu Apr 09 13:49:42 UTC 2020
------------------ testing $PTII/ptolemy/domains/de/test/auto/Inspection.xml
auto.tcl: Setting watchdog for 200 seconds at Thu Apr 09 13:49:42 UTC 2020
29 ms. Memory: 51200K Free: 23644K (46%)
ptolemy.util.test.WatchDog.cancel(): canceling Thu Apr 09 13:49:42 UTC 2020
auto.tcl: Setting watchdog for 200 seconds at Thu Apr 09 13:49:42 UTC 2020
15 ms. Memory: 51200K Free: 21952K (43%)
ptolemy.util.test.WatchDog.cancel(): canceling Thu Apr 09 13:49:42 UTC 2020
------------------ testing $PTII/ptolemy/domains/de/test/auto/Iteration.xml
auto.tcl: Setting watchdog for 200 seconds at Thu Apr 09 13:49:42 UTC 2020
12 ms. Memory: 51200K Free: 29449K (58%)
ptolemy.util.test.WatchDog.cancel(): canceling Thu Apr 09 13:49:42 UTC 2020
auto.tcl: Setting watchdog for 200 seconds at Thu Apr 09 13:49:42 UTC 2020
10 ms. Memory: 51200K Free: 28425K (56%)
ptolemy.util.test.WatchDog.cancel(): canceling Thu Apr 09 13:49:42 UTC 2020
------------------ testing $PTII/ptolemy/domains/de/test/auto/LineFault.xml
auto.tcl: Setting watchdog for 200 seconds at Thu Apr 09 13:49:42 UTC 2020
646 ms. Memory: 51200K Free: 31810K (62%)
ptolemy.util.test.WatchDog.cancel(): canceling Thu Apr 09 13:49:43 UTC 2020
auto.tcl: Setting watchdog for 200 seconds at Thu Apr 09 13:49:43 UTC 2020
516 ms. Memory: 64512K Free: 33347K (52%)
ptolemy.util.test.WatchDog.cancel(): canceling Thu Apr 09 13:49:43 UTC 2020
------------------ testing $PTII/ptolemy/domains/de/test/auto/MergeModel1Add.xml
auto.tcl: Setting watchdog for 200 seconds at Thu Apr 09 13:49:43 UTC 2020
20 ms. Memory: 55296K Free: 19528K (35%)
ptolemy.util.test.WatchDog.cancel(): canceling Thu Apr 09 13:49:44 UTC 2020
auto.tcl: Setting watchdog for 200 seconds at Thu Apr 09 13:49:44 UTC 2020
11 ms. Memory: 55296K Free: 17824K (32%)
ptolemy.util.test.WatchDog.cancel(): canceling Thu Apr 09 13:49:44 UTC 2020
------------------ testing $PTII/ptolemy/domains/de/test/auto/MergeModel2Add.xml
auto.tcl: Setting watchdog for 200 seconds at Thu Apr 09 13:49:44 UTC 2020
10 ms. Memory: 55296K Free: 21576K (39%)
ptolemy.util.test.WatchDog.cancel(): canceling Thu Apr 09 13:49:44 UTC 2020
auto.tcl: Setting watchdog for 200 seconds at Thu Apr 09 13:49:44 UTC 2020
10 ms. Memory: 55296K Free: 20116K (36%)
ptolemy.util.test.WatchDog.cancel(): canceling Thu Apr 09 13:49:44 UTC 2020
------------------ testing $PTII/ptolemy/domains/de/test/auto/MergeModel3Add.xml
auto.tcl: Setting watchdog for 200 seconds at Thu Apr 09 13:49:44 UTC 2020
12 ms. Memory: 51200K Free: 17501K (34%)
ptolemy.util.test.WatchDog.cancel(): canceling Thu Apr 09 13:49:44 UTC 2020
auto.tcl: Setting watchdog for 200 seconds at Thu Apr 09 13:49:44 UTC 2020
12 ms. Memory: 51200K Free: 16106K (31%)
ptolemy.util.test.WatchDog.cancel(): canceling Thu Apr 09 13:49:44 UTC 2020
------------------ testing $PTII/ptolemy/domains/de/test/auto/MergeWithoutDiscard.xml
auto.tcl: Setting watchdog for 200 seconds at Thu Apr 09 13:49:44 UTC 2020
2 ms. Memory: 51200K Free: 32033K (63%)
ptolemy.util.test.WatchDog.cancel(): canceling Thu Apr 09 13:49:44 UTC 2020
auto.tcl: Setting watchdog for 200 seconds at Thu Apr 09 13:49:44 UTC 2020
2 ms. Memory: 51200K Free: 31597K (62%)
ptolemy.util.test.WatchDog.cancel(): canceling Thu Apr 09 13:49:44 UTC 2020
------------------ testing $PTII/ptolemy/domains/de/test/auto/Modal1.xml
auto.tcl: Setting watchdog for 200 seconds at Thu Apr 09 13:49:44 UTC 2020
11 ms. Memory: 51200K Free: 24486K (48%)
ptolemy.util.test.WatchDog.cancel(): canceling Thu Apr 09 13:49:44 UTC 2020
auto.tcl: Setting watchdog for 200 seconds at Thu Apr 09 13:49:44 UTC 2020
12 ms. Memory: 51200K Free: 20959K (41%)
ptolemy.util.test.WatchDog.cancel(): canceling Thu Apr 09 13:49:44 UTC 2020
------------------ testing $PTII/ptolemy/domains/de/test/auto/Modal2.xml
auto.tcl: Setting watchdog for 200 seconds at Thu Apr 09 13:49:44 UTC 2020
16 ms. Memory: 51200K Free: 24099K (47%)
ptolemy.util.test.WatchDog.cancel(): canceling Thu Apr 09 13:49:44 UTC 2020
auto.tcl: Setting watchdog for 200 seconds at Thu Apr 09 13:49:44 UTC 2020
22 ms. Memory: 51200K Free: 20838K (41%)
ptolemy.util.test.WatchDog.cancel(): canceling Thu Apr 09 13:49:44 UTC 2020
------------------ testing $PTII/ptolemy/domains/de/test/auto/Modal3.xml
auto.tcl: Setting watchdog for 200 seconds at Thu Apr 09 13:49:44 UTC 2020
15 ms. Memory: 51200K Free: 24067K (47%)
ptolemy.util.test.WatchDog.cancel(): canceling Thu Apr 09 13:49:44 UTC 2020
auto.tcl: Setting watchdog for 200 seconds at Thu Apr 09 13:49:44 UTC 2020
17 ms. Memory: 51200K Free: 20454K (40%)
ptolemy.util.test.WatchDog.cancel(): canceling Thu Apr 09 13:49:44 UTC 2020
------------------ testing $PTII/ptolemy/domains/de/test/auto/Modal4.xml
auto.tcl: Setting watchdog for 200 seconds at Thu Apr 09 13:49:44 UTC 2020
13 ms. Memory: 51200K Free: 23056K (45%)
ptolemy.util.test.WatchDog.cancel(): canceling Thu Apr 09 13:49:44 UTC 2020
auto.tcl: Setting watchdog for 200 seconds at Thu Apr 09 13:49:44 UTC 2020
14 ms. Memory: 51200K Free: 19222K (38%)
ptolemy.util.test.WatchDog.cancel(): canceling Thu Apr 09 13:49:44 UTC 2020
------------------ testing $PTII/ptolemy/domains/de/test/auto/Modal5.xml
auto.tcl: Setting watchdog for 200 seconds at Thu Apr 09 13:49:44 UTC 2020
12 ms. Memory: 51200K Free: 23042K (45%)
ptolemy.util.test.WatchDog.cancel(): canceling Thu Apr 09 13:49:45 UTC 2020
auto.tcl: Setting watchdog for 200 seconds at Thu Apr 09 13:49:45 UTC 2020
14 ms. Memory: 51200K Free: 19208K (38%)
ptolemy.util.test.WatchDog.cancel(): canceling Thu Apr 09 13:49:45 UTC 2020
------------------ testing $PTII/ptolemy/domains/de/test/auto/Modal6.xml
auto.tcl: Setting watchdog for 200 seconds at Thu Apr 09 13:49:45 UTC 2020
18 ms. Memory: 51200K Free: 23785K (46%)
ptolemy.util.test.WatchDog.cancel(): canceling Thu Apr 09 13:49:45 UTC 2020
auto.tcl: Setting watchdog for 200 seconds at Thu Apr 09 13:49:45 UTC 2020
18 ms. Memory: 51200K Free: 19850K (39%)
ptolemy.util.test.WatchDog.cancel(): canceling Thu Apr 09 13:49:45 UTC 2020
------------------ testing $PTII/ptolemy/domains/de/test/auto/Modal7.xml
auto.tcl: Setting watchdog for 200 seconds at Thu Apr 09 13:49:45 UTC 2020
16 ms. Memory: 51200K Free: 22787K (45%)
ptolemy.util.test.WatchDog.cancel(): canceling Thu Apr 09 13:49:45 UTC 2020
auto.tcl: Setting watchdog for 200 seconds at Thu Apr 09 13:49:45 UTC 2020
13 ms. Memory: 51200K Free: 19207K (38%)
ptolemy.util.test.WatchDog.cancel(): canceling Thu Apr 09 13:49:45 UTC 2020
------------------ testing $PTII/ptolemy/domains/de/test/auto/ModalModel.xml
auto.tcl: Setting watchdog for 200 seconds at Thu Apr 09 13:49:45 UTC 2020
189 ms. Memory: 51200K Free: 13853K (27%)
ptolemy.util.test.WatchDog.cancel(): canceling Thu Apr 09 13:49:45 UTC 2020
auto.tcl: Setting watchdog for 200 seconds at Thu Apr 09 13:49:45 UTC 2020
192 ms. Memory: 63488K Free: 46569K (73%)
ptolemy.util.test.WatchDog.cancel(): canceling Thu Apr 09 13:49:45 UTC 2020
------------------ testing $PTII/ptolemy/domains/de/test/auto/ModalSource.xml
auto.tcl: Setting watchdog for 200 seconds at Thu Apr 09 13:49:45 UTC 2020
11 ms. Memory: 51200K Free: 27879K (54%)
ptolemy.util.test.WatchDog.cancel(): canceling Thu Apr 09 13:49:45 UTC 2020
auto.tcl: Setting watchdog for 200 seconds at Thu Apr 09 13:49:45 UTC 2020
6 ms. Memory: 51200K Free: 25831K (50%)
ptolemy.util.test.WatchDog.cancel(): canceling Thu Apr 09 13:49:45 UTC 2020
------------------ testing $PTII/ptolemy/domains/de/test/auto/NonInterruptibleTimerZeroDelay.xml
auto.tcl: Setting watchdog for 200 seconds at Thu Apr 09 13:49:45 UTC 2020
4 ms. Memory: 51200K Free: 33039K (65%)
ptolemy.util.test.WatchDog.cancel(): canceling Thu Apr 09 13:49:45 UTC 2020
auto.tcl: Setting watchdog for 200 seconds at Thu Apr 09 13:49:45 UTC 2020
2 ms. Memory: 51200K Free: 32183K (63%)
ptolemy.util.test.WatchDog.cancel(): canceling Thu Apr 09 13:49:45 UTC 2020
------------------ testing $PTII/ptolemy/domains/de/test/auto/OpenQueueingNetwork.xml
auto.tcl: Setting watchdog for 200 seconds at Thu Apr 09 13:49:45 UTC 2020
2648 ms. Memory: 96256K Free: 69396K (72%)
ptolemy.util.test.WatchDog.cancel(): canceling Thu Apr 09 13:49:48 UTC 2020
auto.tcl: Setting watchdog for 200 seconds at Thu Apr 09 13:49:48 UTC 2020
2290 ms. Memory: 115712K Free: 66688K (58%)
ptolemy.util.test.WatchDog.cancel(): canceling Thu Apr 09 13:49:50 UTC 2020
------------------ testing $PTII/ptolemy/domains/de/test/auto/OpenQueuingNetwork.xml
auto.tcl: Setting watchdog for 200 seconds at Thu Apr 09 13:49:51 UTC 2020
242 ms. Memory: 70656K Free: 43721K (62%)
ptolemy.util.test.WatchDog.cancel(): canceling Thu Apr 09 13:49:51 UTC 2020
auto.tcl: Setting watchdog for 200 seconds at Thu Apr 09 13:49:51 UTC 2020
262 ms. Memory: 70656K Free: 32449K (46%)
ptolemy.util.test.WatchDog.cancel(): canceling Thu Apr 09 13:49:51 UTC 2020
------------------ testing $PTII/ptolemy/domains/de/test/auto/PeriodicSampler.xml
auto.tcl: Setting watchdog for 200 seconds at Thu Apr 09 13:49:51 UTC 2020
3 ms. Memory: 55296K Free: 36106K (65%)
ptolemy.util.test.WatchDog.cancel(): canceling Thu Apr 09 13:49:51 UTC 2020
auto.tcl: Setting watchdog for 200 seconds at Thu Apr 09 13:49:51 UTC 2020
2 ms. Memory: 55296K Free: 35592K (64%)
ptolemy.util.test.WatchDog.cancel(): canceling Thu Apr 09 13:49:51 UTC 2020
------------------ testing $PTII/ptolemy/domains/de/test/auto/PersistentIO.xml
auto.tcl: Setting watchdog for 200 seconds at Thu Apr 09 13:49:51 UTC 2020
20 ms. Memory: 51200K Free: 26934K (53%)
ptolemy.util.test.WatchDog.cancel(): canceling Thu Apr 09 13:49:51 UTC 2020
auto.tcl: Setting watchdog for 200 seconds at Thu Apr 09 13:49:51 UTC 2020
4 ms. Memory: 51200K Free: 25414K (50%)
ptolemy.util.test.WatchDog.cancel(): canceling Thu Apr 09 13:49:51 UTC 2020
------------------ testing $PTII/ptolemy/domains/de/test/auto/PortParameterResetOnInitialize.xml
auto.tcl: Setting watchdog for 200 seconds at Thu Apr 09 13:49:51 UTC 2020
2 ms. Memory: 51200K Free: 31926K (62%)
ptolemy.util.test.WatchDog.cancel(): canceling Thu Apr 09 13:49:51 UTC 2020
auto.tcl: Setting watchdog for 200 seconds at Thu Apr 09 13:49:51 UTC 2020
3 ms. Memory: 51200K Free: 31420K (61%)
ptolemy.util.test.WatchDog.cancel(): canceling Thu Apr 09 13:49:51 UTC 2020
------------------ testing $PTII/ptolemy/domains/de/test/auto/PortParameterUpdates.xml
auto.tcl: Setting watchdog for 200 seconds at Thu Apr 09 13:49:51 UTC 2020
3 ms. Memory: 51200K Free: 30217K (59%)
ptolemy.util.test.WatchDog.cancel(): canceling Thu Apr 09 13:49:51 UTC 2020
auto.tcl: Setting watchdog for 200 seconds at Thu Apr 09 13:49:51 UTC 2020
3 ms. Memory: 51200K Free: 28990K (57%)
ptolemy.util.test.WatchDog.cancel(): canceling Thu Apr 09 13:49:51 UTC 2020
------------------ testing $PTII/ptolemy/domains/de/test/auto/QueueAndServer.xml
auto.tcl: Setting watchdog for 200 seconds at Thu Apr 09 13:49:51 UTC 2020
6 ms. Memory: 51200K Free: 28894K (56%)
ptolemy.util.test.WatchDog.cancel(): canceling Thu Apr 09 13:49:51 UTC 2020
auto.tcl: Setting watchdog for 200 seconds at Thu Apr 09 13:49:51 UTC 2020
6 ms. Memory: 51200K Free: 27422K (54%)
ptolemy.util.test.WatchDog.cancel(): canceling Thu Apr 09 13:49:51 UTC 2020
------------------ testing $PTII/ptolemy/domains/de/test/auto/Records.xml
auto.tcl: Setting watchdog for 200 seconds at Thu Apr 09 13:49:52 UTC 2020
6 ms. Memory: 51200K Free: 31171K (61%)
ptolemy.util.test.WatchDog.cancel(): canceling Thu Apr 09 13:49:52 UTC 2020
auto.tcl: Setting watchdog for 200 seconds at Thu Apr 09 13:49:52 UTC 2020
3 ms. Memory: 51200K Free: 30659K (60%)
ptolemy.util.test.WatchDog.cancel(): canceling Thu Apr 09 13:49:52 UTC 2020
------------------ testing $PTII/ptolemy/domains/de/test/auto/ResetTransitionWithStartTime1.xml
auto.tcl: Setting watchdog for 200 seconds at Thu Apr 09 13:49:52 UTC 2020
10 ms. Memory: 51200K Free: 28418K (56%)
ptolemy.util.test.WatchDog.cancel(): canceling Thu Apr 09 13:49:52 UTC 2020
auto.tcl: Setting watchdog for 200 seconds at Thu Apr 09 13:49:52 UTC 2020
10 ms. Memory: 51200K Free: 25826K (50%)
ptolemy.util.test.WatchDog.cancel(): canceling Thu Apr 09 13:49:52 UTC 2020
------------------ testing $PTII/ptolemy/domains/de/test/auto/ResetTransitionWithStartTime2.xml
auto.tcl: Setting watchdog for 200 seconds at Thu Apr 09 13:49:52 UTC 2020
5 ms. Memory: 51200K Free: 28373K (55%)
ptolemy.util.test.WatchDog.cancel(): canceling Thu Apr 09 13:49:52 UTC 2020
auto.tcl: Setting watchdog for 200 seconds at Thu Apr 09 13:49:52 UTC 2020
5 ms. Memory: 51200K Free: 26325K (51%)
ptolemy.util.test.WatchDog.cancel(): canceling Thu Apr 09 13:49:52 UTC 2020
------------------ testing $PTII/ptolemy/domains/de/test/auto/ResetTransitionWithStartTime3.xml
auto.tcl: Setting watchdog for 200 seconds at Thu Apr 09 13:49:52 UTC 2020
7 ms. Memory: 51200K Free: 28372K (55%)
ptolemy.util.test.WatchDog.cancel(): canceling Thu Apr 09 13:49:52 UTC 2020
auto.tcl: Setting watchdog for 200 seconds at Thu Apr 09 13:49:52 UTC 2020
6 ms. Memory: 51200K Free: 26324K (51%)
ptolemy.util.test.WatchDog.cancel(): canceling Thu Apr 09 13:49:52 UTC 2020
------------------ testing $PTII/ptolemy/domains/de/test/auto/ResetTransitionWithStartTime4.xml
auto.tcl: Setting watchdog for 200 seconds at Thu Apr 09 13:49:52 UTC 2020
10 ms. Memory: 51200K Free: 28502K (56%)
ptolemy.util.test.WatchDog.cancel(): canceling Thu Apr 09 13:49:52 UTC 2020
auto.tcl: Setting watchdog for 200 seconds at Thu Apr 09 13:49:52 UTC 2020
4 ms. Memory: 51200K Free: 27347K (53%)
ptolemy.util.test.WatchDog.cancel(): canceling Thu Apr 09 13:49:52 UTC 2020
------------------ testing $PTII/ptolemy/domains/de/test/auto/ResettableTimer1.xml
auto.tcl: Setting watchdog for 200 seconds at Thu Apr 09 13:49:52 UTC 2020
4 ms. Memory: 51200K Free: 32586K (64%)
ptolemy.util.test.WatchDog.cancel(): canceling Thu Apr 09 13:49:52 UTC 2020
auto.tcl: Setting watchdog for 200 seconds at Thu Apr 09 13:49:52 UTC 2020
5 ms. Memory: 51200K Free: 31905K (62%)
ptolemy.util.test.WatchDog.cancel(): canceling Thu Apr 09 13:49:52 UTC 2020
------------------ testing $PTII/ptolemy/domains/de/test/auto/ResettableTimer2.xml
auto.tcl: Setting watchdog for 200 seconds at Thu Apr 09 13:49:52 UTC 2020
3 ms. Memory: 51200K Free: 32642K (64%)
ptolemy.util.test.WatchDog.cancel(): canceling Thu Apr 09 13:49:52 UTC 2020
auto.tcl: Setting watchdog for 200 seconds at Thu Apr 09 13:49:52 UTC 2020
2 ms. Memory: 51200K Free: 31977K (62%)
ptolemy.util.test.WatchDog.cancel(): canceling Thu Apr 09 13:49:52 UTC 2020
------------------ testing $PTII/ptolemy/domains/de/test/auto/ResettableTimer3.xml
auto.tcl: Setting watchdog for 200 seconds at Thu Apr 09 13:49:52 UTC 2020
1 ms. Memory: 51200K Free: 33015K (64%)
ptolemy.util.test.WatchDog.cancel(): canceling Thu Apr 09 13:49:52 UTC 2020
auto.tcl: Setting watchdog for 200 seconds at Thu Apr 09 13:49:52 UTC 2020
2 ms. Memory: 51200K Free: 32505K (63%)
ptolemy.util.test.WatchDog.cancel(): canceling Thu Apr 09 13:49:52 UTC 2020
------------------ testing $PTII/ptolemy/domains/de/test/auto/ResettableTimer4.xml
auto.tcl: Setting watchdog for 200 seconds at Thu Apr 09 13:49:52 UTC 2020
2 ms. Memory: 51200K Free: 32518K (64%)
ptolemy.util.test.WatchDog.cancel(): canceling Thu Apr 09 13:49:52 UTC 2020
auto.tcl: Setting watchdog for 200 seconds at Thu Apr 09 13:49:52 UTC 2020
2 ms. Memory: 51200K Free: 32518K (64%)
ptolemy.util.test.WatchDog.cancel(): canceling Thu Apr 09 13:49:52 UTC 2020
------------------ testing $PTII/ptolemy/domains/de/test/auto/ResettableTimer5.xml
auto.tcl: Setting watchdog for 200 seconds at Thu Apr 09 13:49:52 UTC 2020
3 ms. Memory: 51200K Free: 32516K (64%)
ptolemy.util.test.WatchDog.cancel(): canceling Thu Apr 09 13:49:52 UTC 2020
auto.tcl: Setting watchdog for 200 seconds at Thu Apr 09 13:49:52 UTC 2020
2 ms. Memory: 51200K Free: 32002K (63%)
ptolemy.util.test.WatchDog.cancel(): canceling Thu Apr 09 13:49:52 UTC 2020
------------------ testing $PTII/ptolemy/domains/de/test/auto/ResettableTimer6.xml
auto.tcl: Setting watchdog for 200 seconds at Thu Apr 09 13:49:52 UTC 2020
1 ms. Memory: 51200K Free: 31993K (62%)
ptolemy.util.test.WatchDog.cancel(): canceling Thu Apr 09 13:49:52 UTC 2020
auto.tcl: Setting watchdog for 200 seconds at Thu Apr 09 13:49:52 UTC 2020
2 ms. Memory: 51200K Free: 31483K (61%)
ptolemy.util.test.WatchDog.cancel(): canceling Thu Apr 09 13:49:52 UTC 2020
------------------ testing $PTII/ptolemy/domains/de/test/auto/ServerZeroDelay.xml
auto.tcl: Setting watchdog for 200 seconds at Thu Apr 09 13:49:52 UTC 2020
5 ms. Memory: 51200K Free: 32498K (63%)
ptolemy.util.test.WatchDog.cancel(): canceling Thu Apr 09 13:49:52 UTC 2020
auto.tcl: Setting watchdog for 200 seconds at Thu Apr 09 13:49:52 UTC 2020
3 ms. Memory: 51200K Free: 31474K (61%)
ptolemy.util.test.WatchDog.cancel(): canceling Thu Apr 09 13:49:52 UTC 2020
------------------ testing $PTII/ptolemy/domains/de/test/auto/SmartSender.xml
auto.tcl: Setting watchdog for 200 seconds at Thu Apr 09 13:49:52 UTC 2020
3001 ms. Memory: 51200K Free: 32493K (63%)
ptolemy.util.test.WatchDog.cancel(): canceling Thu Apr 09 13:49:55 UTC 2020
auto.tcl: Setting watchdog for 200 seconds at Thu Apr 09 13:49:55 UTC 2020
3001 ms. Memory: 51200K Free: 31965K (62%)
ptolemy.util.test.WatchDog.cancel(): canceling Thu Apr 09 13:49:58 UTC 2020
------------------ testing $PTII/ptolemy/domains/de/test/auto/ThreadedComposite.xml
auto.tcl: Setting watchdog for 200 seconds at Thu Apr 09 13:49:58 UTC 2020
239 ms. Memory: 51200K Free: 12027K (23%)
ptolemy.util.test.WatchDog.cancel(): canceling Thu Apr 09 13:49:59 UTC 2020
auto.tcl: Setting watchdog for 200 seconds at Thu Apr 09 13:49:59 UTC 2020
144 ms. Memory: 51200K Free: 27748K (54%)
ptolemy.util.test.WatchDog.cancel(): canceling Thu Apr 09 13:49:59 UTC 2020
------------------ testing $PTII/ptolemy/domains/de/test/auto/Time.xml
auto.tcl: Setting watchdog for 200 seconds at Thu Apr 09 13:49:59 UTC 2020
606 ms. Memory: 51200K Free: 8118K (16%)
ptolemy.util.test.WatchDog.cancel(): canceling Thu Apr 09 13:49:59 UTC 2020
auto.tcl: Setting watchdog for 200 seconds at Thu Apr 09 13:49:59 UTC 2020
384 ms. Memory: 51200K Free: 14657K (29%)
ptolemy.util.test.WatchDog.cancel(): canceling Thu Apr 09 13:50:00 UTC 2020
------------------ testing $PTII/ptolemy/domains/de/test/auto/TimeDelayZeroDelay.xml
auto.tcl: Setting watchdog for 200 seconds at Thu Apr 09 13:50:00 UTC 2020
2 ms. Memory: 51200K Free: 32903K (64%)
ptolemy.util.test.WatchDog.cancel(): canceling Thu Apr 09 13:50:00 UTC 2020
auto.tcl: Setting watchdog for 200 seconds at Thu Apr 09 13:50:00 UTC 2020
2 ms. Memory: 51200K Free: 32014K (63%)
ptolemy.util.test.WatchDog.cancel(): canceling Thu Apr 09 13:50:00 UTC 2020
------------------ testing $PTII/ptolemy/domains/de/test/auto/TimerZeroDelay.xml
auto.tcl: Setting watchdog for 200 seconds at Thu Apr 09 13:50:00 UTC 2020
3 ms. Memory: 51200K Free: 32876K (64%)
ptolemy.util.test.WatchDog.cancel(): canceling Thu Apr 09 13:50:00 UTC 2020
auto.tcl: Setting watchdog for 200 seconds at Thu Apr 09 13:50:00 UTC 2020
2 ms. Memory: 51200K Free: 32057K (63%)
ptolemy.util.test.WatchDog.cancel(): canceling Thu Apr 09 13:50:00 UTC 2020
------------------ testing $PTII/ptolemy/domains/de/test/auto/TimingParadox.xml
auto.tcl: Setting watchdog for 200 seconds at Thu Apr 09 13:50:00 UTC 2020
298 ms. Memory: 51200K Free: 19585K (38%)
ptolemy.util.test.WatchDog.cancel(): canceling Thu Apr 09 13:50:00 UTC 2020
auto.tcl: Setting watchdog for 200 seconds at Thu Apr 09 13:50:00 UTC 2020
294 ms. Memory: 51200K Free: 9958K (19%)
ptolemy.util.test.WatchDog.cancel(): canceling Thu Apr 09 13:50:01 UTC 2020
------------------ testing $PTII/ptolemy/domains/de/test/auto/TransferInputs.xml
auto.tcl: Setting watchdog for 200 seconds at Thu Apr 09 13:50:01 UTC 2020
2 ms. Memory: 55296K Free: 35030K (63%)
ptolemy.util.test.WatchDog.cancel(): canceling Thu Apr 09 13:50:01 UTC 2020
auto.tcl: Setting watchdog for 200 seconds at Thu Apr 09 13:50:01 UTC 2020
2 ms. Memory: 55296K Free: 34109K (62%)
ptolemy.util.test.WatchDog.cancel(): canceling Thu Apr 09 13:50:01 UTC 2020
------------------ testing $PTII/ptolemy/domains/de/test/auto/TransferOutputs2.xml
auto.tcl: Setting watchdog for 200 seconds at Thu Apr 09 13:50:01 UTC 2020
10 ms. Memory: 55296K Free: 32472K (59%)
ptolemy.util.test.WatchDog.cancel(): canceling Thu Apr 09 13:50:01 UTC 2020
auto.tcl: Setting watchdog for 200 seconds at Thu Apr 09 13:50:01 UTC 2020
3 ms. Memory: 55296K Free: 31022K (56%)
ptolemy.util.test.WatchDog.cancel(): canceling Thu Apr 09 13:50:01 UTC 2020
------------------ testing $PTII/ptolemy/domains/de/test/auto/Trilateration.xml
auto.tcl: Setting watchdog for 200 seconds at Thu Apr 09 13:50:01 UTC 2020
12491 ms. Memory: 521216K Free: 282206K (54%)
ptolemy.util.test.WatchDog.cancel(): canceling Thu Apr 09 13:50:14 UTC 2020
auto.tcl: Setting watchdog for 200 seconds at Thu Apr 09 13:50:14 UTC 2020
9419 ms. Memory: 521216K Free: 416210K (80%)
ptolemy.util.test.WatchDog.cancel(): canceling Thu Apr 09 13:50:24 UTC 2020
------------------ testing $PTII/ptolemy/domains/de/test/auto/TwoSigmaDelta.xml
auto.tcl: Setting watchdog for 200 seconds at Thu Apr 09 13:50:24 UTC 2020
2485 ms. Memory: 89088K Free: 13180K (15%)
ptolemy.util.test.WatchDog.cancel(): canceling Thu Apr 09 13:50:27 UTC 2020
auto.tcl: Setting watchdog for 200 seconds at Thu Apr 09 13:50:27 UTC 2020
1660 ms. Memory: 89088K Free: 58256K (65%)
ptolemy.util.test.WatchDog.cancel(): canceling Thu Apr 09 13:50:28 UTC 2020
------------------ testing $PTII/ptolemy/domains/de/test/auto/VariableDelay.xml
auto.tcl: Setting watchdog for 200 seconds at Thu Apr 09 13:50:28 UTC 2020
2 ms. Memory: 51200K Free: 31424K (61%)
ptolemy.util.test.WatchDog.cancel(): canceling Thu Apr 09 13:50:28 UTC 2020
auto.tcl: Setting watchdog for 200 seconds at Thu Apr 09 13:50:28 UTC 2020
2 ms. Memory: 51200K Free: 30928K (60%)
ptolemy.util.test.WatchDog.cancel(): canceling Thu Apr 09 13:50:28 UTC 2020
------------------ testing $PTII/ptolemy/domains/de/test/auto/VariableDelay2.xml
auto.tcl: Setting watchdog for 200 seconds at Thu Apr 09 13:50:28 UTC 2020
4 ms. Memory: 51200K Free: 31823K (62%)
ptolemy.util.test.WatchDog.cancel(): canceling Thu Apr 09 13:50:28 UTC 2020
auto.tcl: Setting watchdog for 200 seconds at Thu Apr 09 13:50:28 UTC 2020
1 ms. Memory: 51200K Free: 31327K (61%)
ptolemy.util.test.WatchDog.cancel(): canceling Thu Apr 09 13:50:28 UTC 2020
------------------ testing $PTII/ptolemy/domains/de/test/auto/VariableDelayZeroDelay.xml
auto.tcl: Setting watchdog for 200 seconds at Thu Apr 09 13:50:28 UTC 2020
2 ms. Memory: 51200K Free: 32350K (63%)
ptolemy.util.test.WatchDog.cancel(): canceling Thu Apr 09 13:50:28 UTC 2020
auto.tcl: Setting watchdog for 200 seconds at Thu Apr 09 13:50:28 UTC 2020
2 ms. Memory: 51200K Free: 31823K (62%)
ptolemy.util.test.WatchDog.cancel(): canceling Thu Apr 09 13:50:28 UTC 2020
------------------ testing $PTII/ptolemy/domains/de/test/auto/VariableDelayZeroDelay2.xml
auto.tcl: Setting watchdog for 200 seconds at Thu Apr 09 13:50:29 UTC 2020
2 ms. Memory: 51200K Free: 32349K (63%)
ptolemy.util.test.WatchDog.cancel(): canceling Thu Apr 09 13:50:29 UTC 2020
auto.tcl: Setting watchdog for 200 seconds at Thu Apr 09 13:50:29 UTC 2020
2 ms. Memory: 51200K Free: 31341K (61%)
ptolemy.util.test.WatchDog.cancel(): canceling Thu Apr 09 13:50:29 UTC 2020
------------------ testing $PTII/ptolemy/domains/de/test/auto/deInCt.xml
auto.tcl: Setting watchdog for 200 seconds at Thu Apr 09 13:50:29 UTC 2020
0
1
1
1
1
0
0
0
0
0
1
1
1
0
0
0
1
1
1
0
0
0
1
1
1
0
0
0
1
1
1
1
0
0
0
1
1
1
0
0
0
0
0
10 ms. Memory: 51200K Free: 31322K (61%)
ptolemy.util.test.WatchDog.cancel(): canceling Thu Apr 09 13:50:29 UTC 2020
auto.tcl: Setting watchdog for 200 seconds at Thu Apr 09 13:50:29 UTC 2020
0
1
1
1
1
0
0
0
1
1
1
1
1
0
0
0
0
1
1
1
0
0
0
1
1
1
0
0
0
0
5 ms. Memory: 51200K Free: 29787K (58%)
ptolemy.util.test.WatchDog.cancel(): canceling Thu Apr 09 13:50:29 UTC 2020
------------------ testing $PTII/ptolemy/domains/de/test/auto/deInCt2.xml
auto.tcl: Setting watchdog for 200 seconds at Thu Apr 09 13:50:29 UTC 2020
0
1
1
1
0
0
1
1
1
0
0
1
1
1
0
0
1
1
1
0
0
1
1
1
0
0
1
1
1
0
0
1
1
1
0
0
1
1
1
0
0
0
15 ms. Memory: 51200K Free: 31325K (61%)
ptolemy.util.test.WatchDog.cancel(): canceling Thu Apr 09 13:50:29 UTC 2020
auto.tcl: Setting watchdog for 200 seconds at Thu Apr 09 13:50:29 UTC 2020
0
1
1
1
0
0
1
1
1
0
0
1
1
1
0
0
1
1
1
0
0
1
1
1
0
0
1
1
1
0
0
1
1
1
0
0
1
1
1
0
0
0
10 ms. Memory: 51200K Free: 29804K (58%)
ptolemy.util.test.WatchDog.cancel(): canceling Thu Apr 09 13:50:29 UTC 2020
------------------ testing $PTII/ptolemy/domains/de/test/auto/dynamicCausalityInterface1.xml
auto.tcl: Setting watchdog for 200 seconds at Thu Apr 09 13:50:29 UTC 2020
1 ms. Memory: 51200K Free: 27223K (53%)
ptolemy.util.test.WatchDog.cancel(): canceling Thu Apr 09 13:50:29 UTC 2020
auto.tcl: Setting watchdog for 200 seconds at Thu Apr 09 13:50:29 UTC 2020
1 ms. Memory: 51200K Free: 26727K (52%)
ptolemy.util.test.WatchDog.cancel(): canceling Thu Apr 09 13:50:29 UTC 2020
------------------ testing $PTII/ptolemy/domains/de/test/auto/fsm_de_test.xml
auto.tcl: Setting watchdog for 200 seconds at Thu Apr 09 13:50:29 UTC 2020
8 ms. Memory: 51200K Free: 27122K (53%)
ptolemy.util.test.WatchDog.cancel(): canceling Thu Apr 09 13:50:29 UTC 2020
auto.tcl: Setting watchdog for 200 seconds at Thu Apr 09 13:50:29 UTC 2020
6 ms. Memory: 51200K Free: 25074K (49%)
ptolemy.util.test.WatchDog.cancel(): canceling Thu Apr 09 13:50:29 UTC 2020
------------------ testing $PTII/ptolemy/domains/de/test/auto/functionDependencyReconstruction.xml
auto.tcl: Setting watchdog for 200 seconds at Thu Apr 09 13:50:29 UTC 2020
4 ms. Memory: 51200K Free: 20968K (41%)
ptolemy.util.test.WatchDog.cancel(): canceling Thu Apr 09 13:50:29 UTC 2020
auto.tcl: Setting watchdog for 200 seconds at Thu Apr 09 13:50:29 UTC 2020
3 ms. Memory: 51200K Free: 18920K (37%)
ptolemy.util.test.WatchDog.cancel(): canceling Thu Apr 09 13:50:29 UTC 2020
------------------ testing $PTII/ptolemy/domains/de/test/auto/multirate.xml
auto.tcl: Setting watchdog for 200 seconds at Thu Apr 09 13:50:29 UTC 2020
5 ms. Memory: 51200K Free: 29537K (58%)
ptolemy.util.test.WatchDog.cancel(): canceling Thu Apr 09 13:50:29 UTC 2020
auto.tcl: Setting watchdog for 200 seconds at Thu Apr 09 13:50:29 UTC 2020
3 ms. Memory: 51200K Free: 28025K (55%)
ptolemy.util.test.WatchDog.cancel(): canceling Thu Apr 09 13:50:29 UTC 2020
------------------ testing $PTII/ptolemy/domains/de/test/auto/multirate2.xml
auto.tcl: Setting watchdog for 200 seconds at Thu Apr 09 13:50:29 UTC 2020
2 ms. Memory: 51200K Free: 29726K (58%)
ptolemy.util.test.WatchDog.cancel(): canceling Thu Apr 09 13:50:29 UTC 2020
auto.tcl: Setting watchdog for 200 seconds at Thu Apr 09 13:50:29 UTC 2020
3 ms. Memory: 51200K Free: 28206K (55%)
ptolemy.util.test.WatchDog.cancel(): canceling Thu Apr 09 13:50:29 UTC 2020
------------------ testing $PTII/ptolemy/domains/de/test/auto/realtime.xml
auto.tcl: Setting watchdog for 200 seconds at Thu Apr 09 13:50:29 UTC 2020
10001 ms. Memory: 51200K Free: 32005K (63%)
ptolemy.util.test.WatchDog.cancel(): canceling Thu Apr 09 13:50:39 UTC 2020
auto.tcl: Setting watchdog for 200 seconds at Thu Apr 09 13:50:39 UTC 2020
10002 ms. Memory: 51200K Free: 31269K (61%)
ptolemy.util.test.WatchDog.cancel(): canceling Thu Apr 09 13:50:49 UTC 2020
------------------ testing $PTII/ptolemy/domains/de/test/auto/relationGroup.xml
auto.tcl: Setting watchdog for 200 seconds at Thu Apr 09 13:50:49 UTC 2020
11 ms. Memory: 51200K Free: 33062K (65%)
ptolemy.util.test.WatchDog.cancel(): canceling Thu Apr 09 13:50:49 UTC 2020
auto.tcl: Setting watchdog for 200 seconds at Thu Apr 09 13:50:49 UTC 2020
2 ms. Memory: 51200K Free: 32348K (63%)
ptolemy.util.test.WatchDog.cancel(): canceling Thu Apr 09 13:50:49 UTC 2020
------------------ testing $PTII/ptolemy/domains/de/test/auto/relationGroup2.xml
auto.tcl: Setting watchdog for 200 seconds at Thu Apr 09 13:50:49 UTC 2020
2 ms. Memory: 51200K Free: 32885K (64%)
ptolemy.util.test.WatchDog.cancel(): canceling Thu Apr 09 13:50:49 UTC 2020
auto.tcl: Setting watchdog for 200 seconds at Thu Apr 09 13:50:49 UTC 2020
2 ms. Memory: 51200K Free: 32384K (63%)
ptolemy.util.test.WatchDog.cancel(): canceling Thu Apr 09 13:50:49 UTC 2020
------------------ testing $PTII/ptolemy/domains/de/test/auto/sortWithOpaquePorts.xml
auto.tcl: Setting watchdog for 200 seconds at Thu Apr 09 13:50:49 UTC 2020
2 ms. Memory: 51200K Free: 31851K (62%)
ptolemy.util.test.WatchDog.cancel(): canceling Thu Apr 09 13:50:49 UTC 2020
auto.tcl: Setting watchdog for 200 seconds at Thu Apr 09 13:50:49 UTC 2020
2 ms. Memory: 51200K Free: 30831K (60%)
ptolemy.util.test.WatchDog.cancel(): canceling Thu Apr 09 13:50:49 UTC 2020
------------------ testing $PTII/ptolemy/domains/de/test/auto/transferInputsandOutputs.xml
auto.tcl: Setting watchdog for 200 seconds at Thu Apr 09 13:50:49 UTC 2020
2 ms. Memory: 51200K Free: 29291K (57%)
ptolemy.util.test.WatchDog.cancel(): canceling Thu Apr 09 13:50:49 UTC 2020
auto.tcl: Setting watchdog for 200 seconds at Thu Apr 09 13:50:49 UTC 2020
2 ms. Memory: 51200K Free: 28267K (55%)
ptolemy.util.test.WatchDog.cancel(): canceling Thu Apr 09 13:50:49 UTC 2020
------------------ testing $PTII/ptolemy/domains/de/test/auto/triggerType.xml
auto.tcl: Setting watchdog for 200 seconds at Thu Apr 09 13:50:49 UTC 2020
2 ms. Memory: 51200K Free: 32315K (63%)
ptolemy.util.test.WatchDog.cancel(): canceling Thu Apr 09 13:50:49 UTC 2020
auto.tcl: Setting watchdog for 200 seconds at Thu Apr 09 13:50:49 UTC 2020
2 ms. Memory: 51200K Free: 31291K (61%)
ptolemy.util.test.WatchDog.cancel(): canceling Thu Apr 09 13:50:49 UTC 2020
04/09/20 01:50:49
Failed: 0  Total Tests: 192  ((Passed: 187, Newly Passed: 1)  Known Failed: 5) /home/travis/build/icyphy/ptII/ptolemy/domains/de/test
04/09/20 01:50:49
Failed: 0  Total Tests: 192  ((Passed: 187, Newly Passed: 1)  Known Failed: 5) /home/travis/build/icyphy/ptII/ptolemy/domains/de/test
----------------- testing (KnownFailure) /home/travis/build/icyphy/ptII/ptolemy/domains/de/test/auto/knownFailedTests/DESDFClockTest.xml
2012 ms. Memory: 51200K Free: 25200K (49%)
Known Failure: java.lang.reflect.InvocationTargetException
----------------- testing (KnownFailure) /home/travis/build/icyphy/ptII/ptolemy/domains/de/test/auto/knownFailedTests/DirectFeedback.xml
2 ms. Memory: 51200K Free: 21104K (41%)
Known Failure: java.lang.reflect.InvocationTargetException
----------------- testing (KnownFailure) /home/travis/build/icyphy/ptII/ptolemy/domains/de/test/auto/knownFailedTests/FSMSource.xml
19 ms. Memory: 51200K Free: 13936K (27%)
----------------- testing (KnownFailure) /home/travis/build/icyphy/ptII/ptolemy/domains/de/test/auto/knownFailedTests/HierarchicalModel.xml
3 ms. Memory: 51200K Free: 26759K (52%)
Known Failure: java.lang.reflect.InvocationTargetException
----------------- testing (KnownFailure) /home/travis/build/icyphy/ptII/ptolemy/domains/de/test/auto/knownFailedTests/dependencyLoop.xml
3 ms. Memory: 51200K Free: 11399K (22%)
Known Failure: java.lang.reflect.InvocationTargetException
----------------- testing (KnownFailure) /home/travis/build/icyphy/ptII/ptolemy/domains/de/test/auto/knownFailedTests/dependencyLoop2.xml
7 ms. Memory: 51200K Free: 24808K (48%)
Known Failure: java.lang.reflect.InvocationTargetException
No auto/linux-amd64/*.xml tests in /home/travis/build/icyphy/ptII/ptolemy/domains/de/test
AutoTests.java: About to close Vertx.
AutoTests.java: Vertx closed.

===========================================================================================
----------------- testing Thu Apr 09 13:50:52 UTC 2020 /home/travis/build/icyphy/ptII/ptolemy/domains/de/test/auto/ActorDepthCalculation_actorWithoutPorts.xml
----------------- Instantiating /home/travis/build/icyphy/ptII/ptolemy/domains/de/test/auto/ActorDepthCalculation_actorWithoutPorts.xml
2 ms. Memory: 51200K Free: 17926K (35%)
----------------- Invoking toplevel() on ptolemy.moml.MoMLSimpleApplication@4821d465
----------------- Done invoking toplevel() on ptolemy.moml.MoMLSimpleApplication@4821d465
reloadAllAccessors: .ActorDepthCalculation_actorWithoutPorts

===========================================================================================
----------------- testing Thu Apr 09 13:50:52 UTC 2020 /home/travis/build/icyphy/ptII/ptolemy/domains/de/test/auto/AssemblyLine.xml
----------------- Instantiating /home/travis/build/icyphy/ptII/ptolemy/domains/de/test/auto/AssemblyLine.xml
3 ms. Memory: 51200K Free: 10806K (21%)
----------------- Invoking toplevel() on ptolemy.moml.MoMLSimpleApplication@5a517e5
----------------- Done invoking toplevel() on ptolemy.moml.MoMLSimpleApplication@5a517e5
reloadAllAccessors: .AssemblyLine

===========================================================================================
----------------- testing Thu Apr 09 13:50:52 UTC 2020 /home/travis/build/icyphy/ptII/ptolemy/domains/de/test/auto/CQBug1.xml
----------------- Instantiating /home/travis/build/icyphy/ptII/ptolemy/domains/de/test/auto/CQBug1.xml
1 ms. Memory: 51200K Free: 8013K (16%)
----------------- Invoking toplevel() on ptolemy.moml.MoMLSimpleApplication@2ab90445
----------------- Done invoking toplevel() on ptolemy.moml.MoMLSimpleApplication@2ab90445
reloadAllAccessors: .CQBug1

===========================================================================================
----------------- testing Thu Apr 09 13:50:52 UTC 2020 /home/travis/build/icyphy/ptII/ptolemy/domains/de/test/auto/CancelFireAt.xml
----------------- Instantiating /home/travis/build/icyphy/ptII/ptolemy/domains/de/test/auto/CancelFireAt.xml
2 ms. Memory: 51200K Free: 34341K (67%)
----------------- Invoking toplevel() on ptolemy.moml.MoMLSimpleApplication@b9f21bb
----------------- Done invoking toplevel() on ptolemy.moml.MoMLSimpleApplication@b9f21bb
reloadAllAccessors: .CancelFireAt

===========================================================================================
----------------- testing Thu Apr 09 13:50:52 UTC 2020 /home/travis/build/icyphy/ptII/ptolemy/domains/de/test/auto/CausalityAndComposabilityAnalysis.xml
----------------- Instantiating /home/travis/build/icyphy/ptII/ptolemy/domains/de/test/auto/CausalityAndComposabilityAnalysis.xml
2 ms. Memory: 51200K Free: 30104K (59%)
----------------- Invoking toplevel() on ptolemy.moml.MoMLSimpleApplication@420f538a
----------------- Done invoking toplevel() on ptolemy.moml.MoMLSimpleApplication@420f538a
reloadAllAccessors: .CausalityAndComposabilityAnalysis

===========================================================================================
----------------- testing Thu Apr 09 13:50:52 UTC 2020 /home/travis/build/icyphy/ptII/ptolemy/domains/de/test/auto/CausalityInterface1.xml
----------------- Instantiating /home/travis/build/icyphy/ptII/ptolemy/domains/de/test/auto/CausalityInterface1.xml
4 ms. Memory: 51200K Free: 24990K (49%)
----------------- Invoking toplevel() on ptolemy.moml.MoMLSimpleApplication@13348a0c
----------------- Done invoking toplevel() on ptolemy.moml.MoMLSimpleApplication@13348a0c
reloadAllAccessors: .CausalityInterface1

===========================================================================================
----------------- testing Thu Apr 09 13:50:52 UTC 2020 /home/travis/build/icyphy/ptII/ptolemy/domains/de/test/auto/CausalityInterface15.xml
----------------- Instantiating /home/travis/build/icyphy/ptII/ptolemy/domains/de/test/auto/CausalityInterface15.xml
3 ms. Memory: 51200K Free: 19444K (38%)
----------------- Invoking toplevel() on ptolemy.moml.MoMLSimpleApplication@7503847c
----------------- Done invoking toplevel() on ptolemy.moml.MoMLSimpleApplication@7503847c
reloadAllAccessors: .CausalityInterface15

===========================================================================================
----------------- testing Thu Apr 09 13:50:52 UTC 2020 /home/travis/build/icyphy/ptII/ptolemy/domains/de/test/auto/CausalityInterface2.xml
----------------- Instantiating /home/travis/build/icyphy/ptII/ptolemy/domains/de/test/auto/CausalityInterface2.xml
1 ms. Memory: 51200K Free: 14774K (29%)
[...]
	at ptolemy.actor.Manager.run(Manager.java:1263)
	at ptolemy.actor.Manager$PtolemyRunThread.run(Manager.java:1933)
java.lang.RuntimeException: Execution failed
	at ptolemy.moml.MoMLSimpleApplication$UnloadThread.run(MoMLSimpleApplication.java:402)
Caused by: ptolemy.kernel.util.IllegalActionException: Actor is not ready to fire.  Perhaps UpSample.prefire() returned false? Try debugging the actor by selecting "Listen to Actor".  Also, for SDF check moml for tokenConsumptionRate on input.
  in .DESDFClockTest.Play Bell.Copy1:SDF Director and .DESDFClockTest.Play Bell.UpSample
	at ptolemy.actor.sched.StaticSchedulingDirector.fire(StaticSchedulingDirector.java:227)
	at ptolemy.domains.sdf.kernel.SDFDirector.fire(SDFDirector.java:500)
	at ptolemy.actor.CompositeActor.fire(CompositeActor.java:455)
	at ptolemy.domains.de.kernel.DEDirector._fire(DEDirector.java:1949)
	at ptolemy.domains.de.kernel.DEDirector.fire(DEDirector.java:502)
	at ptolemy.actor.CompositeActor.fire(CompositeActor.java:455)
	at ptolemy.actor.Manager.iterate(Manager.java:851)
	at ptolemy.actor.Manager.execute(Manager.java:369)
	at ptolemy.actor.Manager.run(Manager.java:1263)
	at ptolemy.actor.Manager$PtolemyRunThread.run(Manager.java:1933)
java.lang.reflect.InvocationTargetException
	at java.base/jdk.internal.reflect.NativeConstructorAccessorImpl.newInstance0(Native Method)
	at java.base/jdk.internal.reflect.NativeConstructorAccessorImpl.newInstance(NativeConstructorAccessorImpl.java:62)
	at java.base/jdk.internal.reflect.DelegatingConstructorAccessorImpl.newInstance(DelegatingConstructorAccessorImpl.java:45)
	at java.base/java.lang.reflect.Constructor.newInstance(Constructor.java:490)
	at ptolemy.util.test.junit.AutoKnownFailedTests.RunModel(AutoKnownFailedTests.java:105)
	at java.base/jdk.internal.reflect.NativeMethodAccessorImpl.invoke0(Native Method)
	at java.base/jdk.internal.reflect.NativeMethodAccessorImpl.invoke(NativeMethodAccessorImpl.java:62)
	at java.base/jdk.internal.reflect.DelegatingMethodAccessorImpl.invoke(DelegatingMethodAccessorImpl.java:43)
	at java.base/java.lang.reflect.Method.invoke(Method.java:566)
	at org.junit.runners.model.FrameworkMethod$1.runReflectiveCall(FrameworkMethod.java:44)
	at org.junit.internal.runners.model.ReflectiveCallable.run(ReflectiveCallable.java:15)
	at org.junit.runners.model.FrameworkMethod.invokeExplosively(FrameworkMethod.java:41)
	at junitparams.internal.InvokeParameterisedMethod.evaluate(InvokeParameterisedMethod.java:102)
	at org.junit.internal.runners.statements.FailOnTimeout$1.run(FailOnTimeout.java:28)
Caused by: ptolemy.kernel.util.IllegalActionException: Actor is not ready to fire.  Perhaps UpSample.prefire() returned false? Try debugging the actor by selecting "Listen to Actor".  Also, for SDF check moml for tokenConsumptionRate on input.
  in .DESDFClockTest.Play Bell.Copy1:SDF Director and .DESDFClockTest.Play Bell.UpSample
	at ptolemy.actor.sched.StaticSchedulingDirector.fire(StaticSchedulingDirector.java:227)
	at ptolemy.domains.sdf.kernel.SDFDirector.fire(SDFDirector.java:500)
	at ptolemy.actor.CompositeActor.fire(CompositeActor.java:455)
	at ptolemy.domains.de.kernel.DEDirector._fire(DEDirector.java:1949)
	at ptolemy.domains.de.kernel.DEDirector.fire(DEDirector.java:502)
	at ptolemy.actor.CompositeActor.fire(CompositeActor.java:455)
	at ptolemy.actor.Manager.iterate(Manager.java:851)
	at ptolemy.actor.Manager.execute(Manager.java:369)
	at ptolemy.actor.Manager.run(Manager.java:1263)
	at ptolemy.actor.Manager$PtolemyRunThread.run(Manager.java:1933)
java.lang.RuntimeException: Execution failed
	at ptolemy.moml.MoMLSimpleApplication$UnloadThread.run(MoMLSimpleApplication.java:402)
Caused by: ptolemy.kernel.util.IllegalActionException: Test fails in iteration 1.
Value was: 1.0. Should have been: 2.0
  in .DirectFeedback.Test
	at ptolemy.actor.lib.Test.fire(Test.java:268)
	at ptolemy.domains.de.kernel.DEDirector._fire(DEDirector.java:1949)
	at ptolemy.domains.de.kernel.DEDirector.fire(DEDirector.java:502)
	at ptolemy.actor.CompositeActor.fire(CompositeActor.java:455)
	at ptolemy.actor.Manager.iterate(Manager.java:851)
	at ptolemy.actor.Manager.execute(Manager.java:369)
	at ptolemy.actor.Manager.run(Manager.java:1263)
	at ptolemy.actor.Manager$PtolemyRunThread.run(Manager.java:1933)
java.lang.reflect.InvocationTargetException
	at java.base/jdk.internal.reflect.NativeConstructorAccessorImpl.newInstance0(Native Method)
	at java.base/jdk.internal.reflect.NativeConstructorAccessorImpl.newInstance(NativeConstructorAccessorImpl.java:62)
	at java.base/jdk.internal.reflect.DelegatingConstructorAccessorImpl.newInstance(DelegatingConstructorAccessorImpl.java:45)
	at java.base/java.lang.reflect.Constructor.newInstance(Constructor.java:490)
	at ptolemy.util.test.junit.AutoKnownFailedTests.RunModel(AutoKnownFailedTests.java:105)
	at java.base/jdk.internal.reflect.NativeMethodAccessorImpl.invoke0(Native Method)
	at java.base/jdk.internal.reflect.NativeMethodAccessorImpl.invoke(NativeMethodAccessorImpl.java:62)
	at java.base/jdk.internal.reflect.DelegatingMethodAccessorImpl.invoke(DelegatingMethodAccessorImpl.java:43)
	at java.base/java.lang.reflect.Method.invoke(Method.java:566)
	at org.junit.runners.model.FrameworkMethod$1.runReflectiveCall(FrameworkMethod.java:44)
	at org.junit.internal.runners.model.ReflectiveCallable.run(ReflectiveCallable.java:15)
	at org.junit.runners.model.FrameworkMethod.invokeExplosively(FrameworkMethod.java:41)
	at junitparams.internal.InvokeParameterisedMethod.evaluate(InvokeParameterisedMethod.java:102)
	at org.junit.internal.runners.statements.FailOnTimeout$1.run(FailOnTimeout.java:28)
Caused by: ptolemy.kernel.util.IllegalActionException: Test fails in iteration 1.
Value was: 1.0. Should have been: 2.0
  in .DirectFeedback.Test
	at ptolemy.actor.lib.Test.fire(Test.java:268)
	at ptolemy.domains.de.kernel.DEDirector._fire(DEDirector.java:1949)
	at ptolemy.domains.de.kernel.DEDirector.fire(DEDirector.java:502)
	at ptolemy.actor.CompositeActor.fire(CompositeActor.java:455)
	at ptolemy.actor.Manager.iterate(Manager.java:851)
	at ptolemy.actor.Manager.execute(Manager.java:369)
	at ptolemy.actor.Manager.run(Manager.java:1263)
	at ptolemy.actor.Manager$PtolemyRunThread.run(Manager.java:1933)
java.lang.RuntimeException: Execution failed
	at ptolemy.moml.MoMLSimpleApplication$UnloadThread.run(MoMLSimpleApplication.java:402)
Caused by: ptolemy.kernel.util.IllegalActionException: Found a zero delay loop containing .HierarchicalModel.A
  in .HierarchicalModel and .HierarchicalModel.A
	at ptolemy.actor.util.CausalityInterfaceForComposites._computeOutputPortDepth(CausalityInterfaceForComposites.java:759)
	at ptolemy.actor.util.CausalityInterfaceForComposites._computeInputDepth(CausalityInterfaceForComposites.java:696)
	at ptolemy.actor.util.CausalityInterfaceForComposites._computeOutputPortDepth(CausalityInterfaceForComposites.java:765)
	at ptolemy.actor.util.CausalityInterfaceForComposites._computeInputDepth(CausalityInterfaceForComposites.java:696)
	at ptolemy.actor.util.CausalityInterfaceForComposites._computeOutputPortDepth(CausalityInterfaceForComposites.java:765)
	at ptolemy.actor.util.CausalityInterfaceForComposites._computeInputDepth(CausalityInterfaceForComposites.java:696)
	at ptolemy.actor.util.CausalityInterfaceForComposites._computeActorDepth(CausalityInterfaceForComposites.java:532)
	at ptolemy.actor.util.CausalityInterfaceForComposites.checkForCycles(CausalityInterfaceForComposites.java:96)
	at ptolemy.domains.de.kernel.DEDirector.preinitialize(DEDirector.java:1338)
	at ptolemy.actor.CompositeActor.preinitialize(CompositeActor.java:1828)
	at ptolemy.actor.Manager.preinitializeAndResolveTypes(Manager.java:1040)
	at ptolemy.actor.Manager.initialize(Manager.java:710)
	at ptolemy.actor.Manager.execute(Manager.java:356)
	at ptolemy.actor.Manager.run(Manager.java:1263)
	at ptolemy.actor.Manager$PtolemyRunThread.run(Manager.java:1933)
java.lang.reflect.InvocationTargetException
	at java.base/jdk.internal.reflect.NativeConstructorAccessorImpl.newInstance0(Native Method)
	at java.base/jdk.internal.reflect.NativeConstructorAccessorImpl.newInstance(NativeConstructorAccessorImpl.java:62)
	at java.base/jdk.internal.reflect.DelegatingConstructorAccessorImpl.newInstance(DelegatingConstructorAccessorImpl.java:45)
	at java.base/java.lang.reflect.Constructor.newInstance(Constructor.java:490)
	at ptolemy.util.test.junit.AutoKnownFailedTests.RunModel(AutoKnownFailedTests.java:105)
	at java.base/jdk.internal.reflect.NativeMethodAccessorImpl.invoke0(Native Method)
	at java.base/jdk.internal.reflect.NativeMethodAccessorImpl.invoke(NativeMethodAccessorImpl.java:62)
	at java.base/jdk.internal.reflect.DelegatingMethodAccessorImpl.invoke(DelegatingMethodAccessorImpl.java:43)
	at java.base/java.lang.reflect.Method.invoke(Method.java:566)
	at org.junit.runners.model.FrameworkMethod$1.runReflectiveCall(FrameworkMethod.java:44)
	at org.junit.internal.runners.model.ReflectiveCallable.run(ReflectiveCallable.java:15)
	at org.junit.runners.model.FrameworkMethod.invokeExplosively(FrameworkMethod.java:41)
	at junitparams.internal.InvokeParameterisedMethod.evaluate(InvokeParameterisedMethod.java:102)
	at org.junit.internal.runners.statements.FailOnTimeout$1.run(FailOnTimeout.java:28)
Caused by: ptolemy.kernel.util.IllegalActionException: Found a zero delay loop containing .HierarchicalModel.A
  in .HierarchicalModel and .HierarchicalModel.A
	at ptolemy.actor.util.CausalityInterfaceForComposites._computeOutputPortDepth(CausalityInterfaceForComposites.java:759)
	at ptolemy.actor.util.CausalityInterfaceForComposites._computeInputDepth(CausalityInterfaceForComposites.java:696)
	at ptolemy.actor.util.CausalityInterfaceForComposites._computeOutputPortDepth(CausalityInterfaceForComposites.java:765)
	at ptolemy.actor.util.CausalityInterfaceForComposites._computeInputDepth(CausalityInterfaceForComposites.java:696)
	at ptolemy.actor.util.CausalityInterfaceForComposites._computeOutputPortDepth(CausalityInterfaceForComposites.java:765)
	at ptolemy.actor.util.CausalityInterfaceForComposites._computeInputDepth(CausalityInterfaceForComposites.java:696)
	at ptolemy.actor.util.CausalityInterfaceForComposites._computeActorDepth(CausalityInterfaceForComposites.java:532)
	at ptolemy.actor.util.CausalityInterfaceForComposites.checkForCycles(CausalityInterfaceForComposites.java:96)
	at ptolemy.domains.de.kernel.DEDirector.preinitialize(DEDirector.java:1338)
	at ptolemy.actor.CompositeActor.preinitialize(CompositeActor.java:1828)
	at ptolemy.actor.Manager.preinitializeAndResolveTypes(Manager.java:1040)
	at ptolemy.actor.Manager.initialize(Manager.java:710)
	at ptolemy.actor.Manager.execute(Manager.java:356)
	at ptolemy.actor.Manager.run(Manager.java:1263)
	at ptolemy.actor.Manager$PtolemyRunThread.run(Manager.java:1933)
java.lang.RuntimeException: Execution failed
	at ptolemy.moml.MoMLSimpleApplication$UnloadThread.run(MoMLSimpleApplication.java:402)
Caused by: ptolemy.kernel.util.IllegalActionException: Found a zero delay loop containing .dependencyLoop.original
  in .dependencyLoop and .dependencyLoop.original
	at ptolemy.actor.util.CausalityInterfaceForComposites._computeOutputPortDepth(CausalityInterfaceForComposites.java:759)
	at ptolemy.actor.util.CausalityInterfaceForComposites._computeInputDepth(CausalityInterfaceForComposites.java:696)
	at ptolemy.actor.util.CausalityInterfaceForComposites._computeOutputPortDepth(CausalityInterfaceForComposites.java:765)
	at ptolemy.actor.util.CausalityInterfaceForComposites._computeInputDepth(CausalityInterfaceForComposites.java:696)
	at ptolemy.actor.util.CausalityInterfaceForComposites._computeOutputPortDepth(CausalityInterfaceForComposites.java:765)
	at ptolemy.actor.util.CausalityInterfaceForComposites._computeInputDepth(CausalityInterfaceForComposites.java:696)
	at ptolemy.actor.util.CausalityInterfaceForComposites._computeActorDepth(CausalityInterfaceForComposites.java:532)
	at ptolemy.actor.util.CausalityInterfaceForComposites.checkForCycles(CausalityInterfaceForComposites.java:96)
	at ptolemy.domains.de.kernel.DEDirector.preinitialize(DEDirector.java:1338)
	at ptolemy.actor.CompositeActor.preinitialize(CompositeActor.java:1828)
	at ptolemy.actor.Manager.preinitializeAndResolveTypes(Manager.java:1040)
	at ptolemy.actor.Manager.initialize(Manager.java:710)
	at ptolemy.actor.Manager.execute(Manager.java:356)
	at ptolemy.actor.Manager.run(Manager.java:1263)
	at ptolemy.actor.Manager$PtolemyRunThread.run(Manager.java:1933)
java.lang.reflect.InvocationTargetException
	at java.base/jdk.internal.reflect.NativeConstructorAccessorImpl.newInstance0(Native Method)
	at java.base/jdk.internal.reflect.NativeConstructorAccessorImpl.newInstance(NativeConstructorAccessorImpl.java:62)
	at java.base/jdk.internal.reflect.DelegatingConstructorAccessorImpl.newInstance(DelegatingConstructorAccessorImpl.java:45)
	at java.base/java.lang.reflect.Constructor.newInstance(Constructor.java:490)
	at ptolemy.util.test.junit.AutoKnownFailedTests.RunModel(AutoKnownFailedTests.java:105)
	at java.base/jdk.internal.reflect.NativeMethodAccessorImpl.invoke0(Native Method)
	at java.base/jdk.internal.reflect.NativeMethodAccessorImpl.invoke(NativeMethodAccessorImpl.java:62)
	at java.base/jdk.internal.reflect.DelegatingMethodAccessorImpl.invoke(DelegatingMethodAccessorImpl.java:43)
	at java.base/java.lang.reflect.Method.invoke(Method.java:566)
	at org.junit.runners.model.FrameworkMethod$1.runReflectiveCall(FrameworkMethod.java:44)
	at org.junit.internal.runners.model.ReflectiveCallable.run(ReflectiveCallable.java:15)
	at org.junit.runners.model.FrameworkMethod.invokeExplosively(FrameworkMethod.java:41)
	at junitparams.internal.InvokeParameterisedMethod.evaluate(InvokeParameterisedMethod.java:102)
	at org.junit.internal.runners.statements.FailOnTimeout$1.run(FailOnTimeout.java:28)
Caused by: ptolemy.kernel.util.IllegalActionException: Found a zero delay loop containing .dependencyLoop.original
  in .dependencyLoop and .dependencyLoop.original
	at ptolemy.actor.util.CausalityInterfaceForComposites._computeOutputPortDepth(CausalityInterfaceForComposites.java:759)
	at ptolemy.actor.util.CausalityInterfaceForComposites._computeInputDepth(CausalityInterfaceForComposites.java:696)
	at ptolemy.actor.util.CausalityInterfaceForComposites._computeOutputPortDepth(CausalityInterfaceForComposites.java:765)
	at ptolemy.actor.util.CausalityInterfaceForComposites._computeInputDepth(CausalityInterfaceForComposites.java:696)
	at ptolemy.actor.util.CausalityInterfaceForComposites._computeOutputPortDepth(CausalityInterfaceForComposites.java:765)
	at ptolemy.actor.util.CausalityInterfaceForComposites._computeInputDepth(CausalityInterfaceForComposites.java:696)
	at ptolemy.actor.util.CausalityInterfaceForComposites._computeActorDepth(CausalityInterfaceForComposites.java:532)
	at ptolemy.actor.util.CausalityInterfaceForComposites.checkForCycles(CausalityInterfaceForComposites.java:96)
	at ptolemy.domains.de.kernel.DEDirector.preinitialize(DEDirector.java:1338)
	at ptolemy.actor.CompositeActor.preinitialize(CompositeActor.java:1828)
	at ptolemy.actor.Manager.preinitializeAndResolveTypes(Manager.java:1040)
	at ptolemy.actor.Manager.initialize(Manager.java:710)
	at ptolemy.actor.Manager.execute(Manager.java:356)
	at ptolemy.actor.Manager.run(Manager.java:1263)
	at ptolemy.actor.Manager$PtolemyRunThread.run(Manager.java:1933)
java.lang.RuntimeException: Execution failed
	at ptolemy.moml.MoMLSimpleApplication$UnloadThread.run(MoMLSimpleApplication.java:402)
Caused by: ptolemy.kernel.util.IllegalActionException: Found a zero delay loop containing .dependencyLoop2.original
  in .dependencyLoop2 and .dependencyLoop2.original
	at ptolemy.actor.util.CausalityInterfaceForComposites._computeOutputPortDepth(CausalityInterfaceForComposites.java:759)
	at ptolemy.actor.util.CausalityInterfaceForComposites._computeInputDepth(CausalityInterfaceForComposites.java:696)
	at ptolemy.actor.util.CausalityInterfaceForComposites._computeOutputPortDepth(CausalityInterfaceForComposites.java:765)
	at ptolemy.actor.util.CausalityInterfaceForComposites._computeInputDepth(CausalityInterfaceForComposites.java:696)
	at ptolemy.actor.util.CausalityInterfaceForComposites._computeOutputPortDepth(CausalityInterfaceForComposites.java:765)
	at ptolemy.actor.util.CausalityInterfaceForComposites._computeInputDepth(CausalityInterfaceForComposites.java:696)
	at ptolemy.actor.util.CausalityInterfaceForComposites._computeActorDepth(CausalityInterfaceForComposites.java:532)
	at ptolemy.actor.util.CausalityInterfaceForComposites.checkForCycles(CausalityInterfaceForComposites.java:96)
	at ptolemy.domains.de.kernel.DEDirector.preinitialize(DEDirector.java:1338)
	at ptolemy.actor.CompositeActor.preinitialize(CompositeActor.java:1828)
	at ptolemy.actor.Manager.preinitializeAndResolveTypes(Manager.java:1040)
	at ptolemy.actor.Manager.initialize(Manager.java:710)
	at ptolemy.actor.Manager.execute(Manager.java:356)
	at ptolemy.actor.Manager.run(Manager.java:1263)
	at ptolemy.actor.Manager$PtolemyRunThread.run(Manager.java:1933)
java.lang.reflect.InvocationTargetException
	at java.base/jdk.internal.reflect.NativeConstructorAccessorImpl.newInstance0(Native Method)
	at java.base/jdk.internal.reflect.NativeConstructorAccessorImpl.newInstance(NativeConstructorAccessorImpl.java:62)
	at java.base/jdk.internal.reflect.DelegatingConstructorAccessorImpl.newInstance(DelegatingConstructorAccessorImpl.java:45)
	at java.base/java.lang.reflect.Constructor.newInstance(Constructor.java:490)
	at ptolemy.util.test.junit.AutoKnownFailedTests.RunModel(AutoKnownFailedTests.java:105)
	at java.base/jdk.internal.reflect.NativeMethodAccessorImpl.invoke0(Native Method)
	at java.base/jdk.internal.reflect.NativeMethodAccessorImpl.invoke(NativeMethodAccessorImpl.java:62)
	at java.base/jdk.internal.reflect.DelegatingMethodAccessorImpl.invoke(DelegatingMethodAccessorImpl.java:43)
	at java.base/java.lang.reflect.Method.invoke(Method.java:566)
	at org.junit.runners.model.FrameworkMethod$1.runReflectiveCall(FrameworkMethod.java:44)
	at org.junit.internal.runners.model.ReflectiveCallable.run(ReflectiveCallable.java:15)
	at org.junit.runners.model.FrameworkMethod.invokeExplosively(FrameworkMethod.java:41)
	at junitparams.internal.InvokeParameterisedMethod.evaluate(InvokeParameterisedMethod.java:102)
	at org.junit.internal.runners.statements.FailOnTimeout$1.run(FailOnTimeout.java:28)
Caused by: ptolemy.kernel.util.IllegalActionException: Found a zero delay loop containing .dependencyLoop2.original
  in .dependencyLoop2 and .dependencyLoop2.original
	at ptolemy.actor.util.CausalityInterfaceForComposites._computeOutputPortDepth(CausalityInterfaceForComposites.java:759)
	at ptolemy.actor.util.CausalityInterfaceForComposites._computeInputDepth(CausalityInterfaceForComposites.java:696)
	at ptolemy.actor.util.CausalityInterfaceForComposites._computeOutputPortDepth(CausalityInterfaceForComposites.java:765)
	at ptolemy.actor.util.CausalityInterfaceForComposites._computeInputDepth(CausalityInterfaceForComposites.java:696)
	at ptolemy.actor.util.CausalityInterfaceForComposites._computeOutputPortDepth(CausalityInterfaceForComposites.java:765)
	at ptolemy.actor.util.CausalityInterfaceForComposites._computeInputDepth(CausalityInterfaceForComposites.java:696)
	at ptolemy.actor.util.CausalityInterfaceForComposites._computeActorDepth(CausalityInterfaceForComposites.java:532)
	at ptolemy.actor.util.CausalityInterfaceForComposites.checkForCycles(CausalityInterfaceForComposites.java:96)
	at ptolemy.domains.de.kernel.DEDirector.preinitialize(DEDirector.java:1338)
	at ptolemy.actor.CompositeActor.preinitialize(CompositeActor.java:1828)
	at ptolemy.actor.Manager.preinitializeAndResolveTypes(Manager.java:1040)
	at ptolemy.actor.Manager.initialize(Manager.java:710)
	at ptolemy.actor.Manager.execute(Manager.java:356)
	at ptolemy.actor.Manager.run(Manager.java:1263)
	at ptolemy.actor.Manager$PtolemyRunThread.run(Manager.java:1933)
]]></system-err>
</testsuite>
