<?xml version="1.0" encoding="UTF-8" ?>
<testsuite errors="0" failures="0" hostname="travis-job-7dbf3bea-7abf-457d-8ede-6fc1a7188f5c" name="ptolemy.domains.de.test.junit.JUnitTclTest" skipped="0" tests="101" time="137.333" timestamp="2019-09-19T05:41:56">
  <properties>
[...]
</properties>
  <testcase classname="ptolemy.util.test.junit.TclTests" name="[0] /home/travis/build/icyphy/ptII/ptolemy/domains/de/test/DependencyLoop.tcl (RunTclFile)" time="1.366" />
  <testcase classname="ptolemy.util.test.junit.TclTests" name="[1] /home/travis/build/icyphy/ptII/ptolemy/domains/de/test/RunDETestsAsQSS.tcl (RunTclFile)" time="93.767" />
  <testcase classname="ptolemy.util.test.junit.AutoKnownFailedTests" name="[0] /home/travis/build/icyphy/ptII/ptolemy/domains/de/test/auto/knownFailedTests/DESDFClockTest.xml (RunModel)" time="2.048" />
  <testcase classname="ptolemy.util.test.junit.AutoKnownFailedTests" name="[1] /home/travis/build/icyphy/ptII/ptolemy/domains/de/test/auto/knownFailedTests/DirectFeedback.xml (RunModel)" time="0.016" />
  <testcase classname="ptolemy.util.test.junit.AutoKnownFailedTests" name="[2] /home/travis/build/icyphy/ptII/ptolemy/domains/de/test/auto/knownFailedTests/FSMSource.xml (RunModel)" time="0.032" />
  <testcase classname="ptolemy.util.test.junit.AutoKnownFailedTests" name="[3] /home/travis/build/icyphy/ptII/ptolemy/domains/de/test/auto/knownFailedTests/HierarchicalModel.xml (RunModel)" time="0.054" />
  <testcase classname="ptolemy.util.test.junit.AutoKnownFailedTests" name="[4] /home/travis/build/icyphy/ptII/ptolemy/domains/de/test/auto/knownFailedTests/dependencyLoop.xml (RunModel)" time="0.058" />
  <testcase classname="ptolemy.util.test.junit.AutoKnownFailedTests" name="[5] /home/travis/build/icyphy/ptII/ptolemy/domains/de/test/auto/knownFailedTests/dependencyLoop2.xml (RunModel)" time="0.043" />
  <testcase classname="ptolemy.util.test.junit.AutoNameArchTests" name="[0] ThereAreNoAutoArchTests (RunModel)" time="0.006" />
  <testcase classname="ptolemy.util.test.junit.AutoTests" name="[0] /home/travis/build/icyphy/ptII/ptolemy/domains/de/test/auto/ActorDepthCalculation_actorWithoutPorts.xml (RunModel)" time="0.024" />
  <testcase classname="ptolemy.util.test.junit.AutoTests" name="[1] /home/travis/build/icyphy/ptII/ptolemy/domains/de/test/auto/AssemblyLine.xml (RunModel)" time="0.034" />
  <testcase classname="ptolemy.util.test.junit.AutoTests" name="[2] /home/travis/build/icyphy/ptII/ptolemy/domains/de/test/auto/CQBug1.xml (RunModel)" time="0.009" />
  <testcase classname="ptolemy.util.test.junit.AutoTests" name="[3] /home/travis/build/icyphy/ptII/ptolemy/domains/de/test/auto/CancelFireAt.xml (RunModel)" time="0.015" />
  <testcase classname="ptolemy.util.test.junit.AutoTests" name="[4] /home/travis/build/icyphy/ptII/ptolemy/domains/de/test/auto/CausalityAndComposabilityAnalysis.xml (RunModel)" time="0.013" />
  <testcase classname="ptolemy.util.test.junit.AutoTests" name="[5] /home/travis/build/icyphy/ptII/ptolemy/domains/de/test/auto/CausalityInterface1.xml (RunModel)" time="0.018" />
  <testcase classname="ptolemy.util.test.junit.AutoTests" name="[6] /home/travis/build/icyphy/ptII/ptolemy/domains/de/test/auto/CausalityInterface15.xml (RunModel)" time="0.02" />
  <testcase classname="ptolemy.util.test.junit.AutoTests" name="[7] /home/travis/build/icyphy/ptII/ptolemy/domains/de/test/auto/CausalityInterface2.xml (RunModel)" time="0.021" />
  <testcase classname="ptolemy.util.test.junit.AutoTests" name="[8] /home/travis/build/icyphy/ptII/ptolemy/domains/de/test/auto/CausalityInterface3.xml (RunModel)" time="0.014" />
  <testcase classname="ptolemy.util.test.junit.AutoTests" name="[9] /home/travis/build/icyphy/ptII/ptolemy/domains/de/test/auto/ClockDrift.xml (RunModel)" time="0.042" />
  <testcase classname="ptolemy.util.test.junit.AutoTests" name="[10] /home/travis/build/icyphy/ptII/ptolemy/domains/de/test/auto/ClockDriftAndValueChange.xml (RunModel)" time="0.039" />
  <testcase classname="ptolemy.util.test.junit.AutoTests" name="[11] /home/travis/build/icyphy/ptII/ptolemy/domains/de/test/auto/ClockDriftChange.xml (RunModel)" time="0.035" />
  <testcase classname="ptolemy.util.test.junit.AutoTests" name="[12] /home/travis/build/icyphy/ptII/ptolemy/domains/de/test/auto/ComposableCausalityAnalysis.xml (RunModel)" time="0.015" />
  <testcase classname="ptolemy.util.test.junit.AutoTests" name="[13] /home/travis/build/icyphy/ptII/ptolemy/domains/de/test/auto/DEFixedPointLimitation.xml (RunModel)" time="0.016" />
  <testcase classname="ptolemy.util.test.junit.AutoTests" name="[14] /home/travis/build/icyphy/ptII/ptolemy/domains/de/test/auto/DEScheduleTest.xml (RunModel)" time="0.016" />
  <testcase classname="ptolemy.util.test.junit.AutoTests" name="[15] /home/travis/build/icyphy/ptII/ptolemy/domains/de/test/auto/DEinDEwithStartTimes.xml (RunModel)" time="0.017" />
  <testcase classname="ptolemy.util.test.junit.AutoTests" name="[16] /home/travis/build/icyphy/ptII/ptolemy/domains/de/test/auto/DEinDEwithStartTimes2.xml (RunModel)" time="0.019" />
  <testcase classname="ptolemy.util.test.junit.AutoTests" name="[17] /home/travis/build/icyphy/ptII/ptolemy/domains/de/test/auto/DateDemo.xml (RunModel)" time="0.041" />
  <testcase classname="ptolemy.util.test.junit.AutoTests" name="[18] /home/travis/build/icyphy/ptII/ptolemy/domains/de/test/auto/DateToEvent.xml (RunModel)" time="2.045" />
  <testcase classname="ptolemy.util.test.junit.AutoTests" name="[19] /home/travis/build/icyphy/ptII/ptolemy/domains/de/test/auto/DepthTest1.xml (RunModel)" time="0.007" />
  <testcase classname="ptolemy.util.test.junit.AutoTests" name="[20] /home/travis/build/icyphy/ptII/ptolemy/domains/de/test/auto/DepthTest2.xml (RunModel)" time="0.028" />
  <testcase classname="ptolemy.util.test.junit.AutoTests" name="[21] /home/travis/build/icyphy/ptII/ptolemy/domains/de/test/auto/DepthTest3.xml (RunModel)" time="0.013" />
  <testcase classname="ptolemy.util.test.junit.AutoTests" name="[22] /home/travis/build/icyphy/ptII/ptolemy/domains/de/test/auto/DepthTest4.xml (RunModel)" time="0.025" />
  <testcase classname="ptolemy.util.test.junit.AutoTests" name="[23] /home/travis/build/icyphy/ptII/ptolemy/domains/de/test/auto/DepthTest5.xml (RunModel)" time="0.022" />
  <testcase classname="ptolemy.util.test.junit.AutoTests" name="[24] /home/travis/build/icyphy/ptII/ptolemy/domains/de/test/auto/DepthTest6.xml (RunModel)" time="0.014" />
  <testcase classname="ptolemy.util.test.junit.AutoTests" name="[25] /home/travis/build/icyphy/ptII/ptolemy/domains/de/test/auto/DepthTest7.xml (RunModel)" time="0.018" />
  <testcase classname="ptolemy.util.test.junit.AutoTests" name="[26] /home/travis/build/icyphy/ptII/ptolemy/domains/de/test/auto/EventToDate.xml (RunModel)" time="3.056" />
  <testcase classname="ptolemy.util.test.junit.AutoTests" name="[27] /home/travis/build/icyphy/ptII/ptolemy/domains/de/test/auto/FSM1.xml (RunModel)" time="0.071" />
  <testcase classname="ptolemy.util.test.junit.AutoTests" name="[28] /home/travis/build/icyphy/ptII/ptolemy/domains/de/test/auto/FSM7.xml (RunModel)" time="0.06" />
  <testcase classname="ptolemy.util.test.junit.AutoTests" name="[29] /home/travis/build/icyphy/ptII/ptolemy/domains/de/test/auto/Inspection.xml (RunModel)" time="0.069" />
  <testcase classname="ptolemy.util.test.junit.AutoTests" name="[30] /home/travis/build/icyphy/ptII/ptolemy/domains/de/test/auto/Iteration.xml (RunModel)" time="0.033" />
  <testcase classname="ptolemy.util.test.junit.AutoTests" name="[31] /home/travis/build/icyphy/ptII/ptolemy/domains/de/test/auto/LineFault.xml (RunModel)" time="0.787" />
  <testcase classname="ptolemy.util.test.junit.AutoTests" name="[32] /home/travis/build/icyphy/ptII/ptolemy/domains/de/test/auto/MergeModel1Add.xml (RunModel)" time="0.051" />
  <testcase classname="ptolemy.util.test.junit.AutoTests" name="[33] /home/travis/build/icyphy/ptII/ptolemy/domains/de/test/auto/MergeModel2Add.xml (RunModel)" time="0.044" />
  <testcase classname="ptolemy.util.test.junit.AutoTests" name="[34] /home/travis/build/icyphy/ptII/ptolemy/domains/de/test/auto/MergeModel3Add.xml (RunModel)" time="0.049" />
  <testcase classname="ptolemy.util.test.junit.AutoTests" name="[35] /home/travis/build/icyphy/ptII/ptolemy/domains/de/test/auto/MergeWithoutDiscard.xml (RunModel)" time="0.019" />
  <testcase classname="ptolemy.util.test.junit.AutoTests" name="[36] /home/travis/build/icyphy/ptII/ptolemy/domains/de/test/auto/Modal1.xml (RunModel)" time="0.035" />
  <testcase classname="ptolemy.util.test.junit.AutoTests" name="[37] /home/travis/build/icyphy/ptII/ptolemy/domains/de/test/auto/Modal2.xml (RunModel)" time="0.044" />
  <testcase classname="ptolemy.util.test.junit.AutoTests" name="[38] /home/travis/build/icyphy/ptII/ptolemy/domains/de/test/auto/Modal3.xml (RunModel)" time="0.025" />
  <testcase classname="ptolemy.util.test.junit.AutoTests" name="[39] /home/travis/build/icyphy/ptII/ptolemy/domains/de/test/auto/Modal4.xml (RunModel)" time="0.035" />
  <testcase classname="ptolemy.util.test.junit.AutoTests" name="[40] /home/travis/build/icyphy/ptII/ptolemy/domains/de/test/auto/Modal5.xml (RunModel)" time="0.032" />
  <testcase classname="ptolemy.util.test.junit.AutoTests" name="[41] /home/travis/build/icyphy/ptII/ptolemy/domains/de/test/auto/Modal6.xml (RunModel)" time="0.038" />
  <testcase classname="ptolemy.util.test.junit.AutoTests" name="[42] /home/travis/build/icyphy/ptII/ptolemy/domains/de/test/auto/Modal7.xml (RunModel)" time="0.033" />
  <testcase classname="ptolemy.util.test.junit.AutoTests" name="[43] /home/travis/build/icyphy/ptII/ptolemy/domains/de/test/auto/ModalModel.xml (RunModel)" time="0.2" />
  <testcase classname="ptolemy.util.test.junit.AutoTests" name="[44] /home/travis/build/icyphy/ptII/ptolemy/domains/de/test/auto/ModalSource.xml (RunModel)" time="0.021" />
  <testcase classname="ptolemy.util.test.junit.AutoTests" name="[45] /home/travis/build/icyphy/ptII/ptolemy/domains/de/test/auto/NonInterruptibleTimerZeroDelay.xml (RunModel)" time="0.009" />
  <testcase classname="ptolemy.util.test.junit.AutoTests" name="[46] /home/travis/build/icyphy/ptII/ptolemy/domains/de/test/auto/OpenQueueingNetwork.xml (RunModel)" time="2.444" />
  <testcase classname="ptolemy.util.test.junit.AutoTests" name="[47] /home/travis/build/icyphy/ptII/ptolemy/domains/de/test/auto/OpenQueuingNetwork.xml (RunModel)" time="0.281" />
  <testcase classname="ptolemy.util.test.junit.AutoTests" name="[48] /home/travis/build/icyphy/ptII/ptolemy/domains/de/test/auto/PeriodicSampler.xml (RunModel)" time="0.007" />
  <testcase classname="ptolemy.util.test.junit.AutoTests" name="[49] /home/travis/build/icyphy/ptII/ptolemy/domains/de/test/auto/PersistentIO.xml (RunModel)" time="0.022" />
  <testcase classname="ptolemy.util.test.junit.AutoTests" name="[50] /home/travis/build/icyphy/ptII/ptolemy/domains/de/test/auto/PortParameterResetOnInitialize.xml (RunModel)" time="0.009" />
  <testcase classname="ptolemy.util.test.junit.AutoTests" name="[51] /home/travis/build/icyphy/ptII/ptolemy/domains/de/test/auto/PortParameterUpdates.xml (RunModel)" time="0.015" />
  <testcase classname="ptolemy.util.test.junit.AutoTests" name="[52] /home/travis/build/icyphy/ptII/ptolemy/domains/de/test/auto/QueueAndServer.xml (RunModel)" time="0.03" />
  <testcase classname="ptolemy.util.test.junit.AutoTests" name="[53] /home/travis/build/icyphy/ptII/ptolemy/domains/de/test/auto/Records.xml (RunModel)" time="0.022" />
  <testcase classname="ptolemy.util.test.junit.AutoTests" name="[54] /home/travis/build/icyphy/ptII/ptolemy/domains/de/test/auto/ResetTransitionWithStartTime1.xml (RunModel)" time="0.017" />
  <testcase classname="ptolemy.util.test.junit.AutoTests" name="[55] /home/travis/build/icyphy/ptII/ptolemy/domains/de/test/auto/ResetTransitionWithStartTime2.xml (RunModel)" time="0.019" />
  <testcase classname="ptolemy.util.test.junit.AutoTests" name="[56] /home/travis/build/icyphy/ptII/ptolemy/domains/de/test/auto/ResetTransitionWithStartTime3.xml (RunModel)" time="0.019" />
  <testcase classname="ptolemy.util.test.junit.AutoTests" name="[57] /home/travis/build/icyphy/ptII/ptolemy/domains/de/test/auto/ResetTransitionWithStartTime4.xml (RunModel)" time="0.017" />
  <testcase classname="ptolemy.util.test.junit.AutoTests" name="[58] /home/travis/build/icyphy/ptII/ptolemy/domains/de/test/auto/ResettableTimer1.xml (RunModel)" time="0.009" />
  <testcase classname="ptolemy.util.test.junit.AutoTests" name="[59] /home/travis/build/icyphy/ptII/ptolemy/domains/de/test/auto/ResettableTimer2.xml (RunModel)" time="0.009" />
  <testcase classname="ptolemy.util.test.junit.AutoTests" name="[60] /home/travis/build/icyphy/ptII/ptolemy/domains/de/test/auto/ResettableTimer3.xml (RunModel)" time="0.008" />
  <testcase classname="ptolemy.util.test.junit.AutoTests" name="[61] /home/travis/build/icyphy/ptII/ptolemy/domains/de/test/auto/ResettableTimer4.xml (RunModel)" time="0.011" />
  <testcase classname="ptolemy.util.test.junit.AutoTests" name="[62] /home/travis/build/icyphy/ptII/ptolemy/domains/de/test/auto/ResettableTimer5.xml (RunModel)" time="0.008" />
  <testcase classname="ptolemy.util.test.junit.AutoTests" name="[63] /home/travis/build/icyphy/ptII/ptolemy/domains/de/test/auto/ResettableTimer6.xml (RunModel)" time="0.017" />
  <testcase classname="ptolemy.util.test.junit.AutoTests" name="[64] /home/travis/build/icyphy/ptII/ptolemy/domains/de/test/auto/ServerZeroDelay.xml (RunModel)" time="0.009" />
  <testcase classname="ptolemy.util.test.junit.AutoTests" name="[65] /home/travis/build/icyphy/ptII/ptolemy/domains/de/test/auto/SmartSender.xml (RunModel)" time="3.008" />
  <testcase classname="ptolemy.util.test.junit.AutoTests" name="[66] /home/travis/build/icyphy/ptII/ptolemy/domains/de/test/auto/ThreadedComposite.xml (RunModel)" time="0.313" />
  <testcase classname="ptolemy.util.test.junit.AutoTests" name="[67] /home/travis/build/icyphy/ptII/ptolemy/domains/de/test/auto/Time.xml (RunModel)" time="0.43" />
  <testcase classname="ptolemy.util.test.junit.AutoTests" name="[68] /home/travis/build/icyphy/ptII/ptolemy/domains/de/test/auto/TimeDelayZeroDelay.xml (RunModel)" time="0.01" />
  <testcase classname="ptolemy.util.test.junit.AutoTests" name="[69] /home/travis/build/icyphy/ptII/ptolemy/domains/de/test/auto/TimerZeroDelay.xml (RunModel)" time="0.009" />
  <testcase classname="ptolemy.util.test.junit.AutoTests" name="[70] /home/travis/build/icyphy/ptII/ptolemy/domains/de/test/auto/TimingParadox.xml (RunModel)" time="0.372" />
  <testcase classname="ptolemy.util.test.junit.AutoTests" name="[71] /home/travis/build/icyphy/ptII/ptolemy/domains/de/test/auto/TransferInputs.xml (RunModel)" time="0.015" />
  <testcase classname="ptolemy.util.test.junit.AutoTests" name="[72] /home/travis/build/icyphy/ptII/ptolemy/domains/de/test/auto/TransferOutputs2.xml (RunModel)" time="0.014" />
  <testcase classname="ptolemy.util.test.junit.AutoTests" name="[73] /home/travis/build/icyphy/ptII/ptolemy/domains/de/test/auto/Trilateration.xml (RunModel)" time="12.623" />
  <testcase classname="ptolemy.util.test.junit.AutoTests" name="[74] /home/travis/build/icyphy/ptII/ptolemy/domains/de/test/auto/TwoSigmaDelta.xml (RunModel)" time="2.183" />
  <testcase classname="ptolemy.util.test.junit.AutoTests" name="[75] /home/travis/build/icyphy/ptII/ptolemy/domains/de/test/auto/VariableDelay.xml (RunModel)" time="0.013" />
  <testcase classname="ptolemy.util.test.junit.AutoTests" name="[76] /home/travis/build/icyphy/ptII/ptolemy/domains/de/test/auto/VariableDelay2.xml (RunModel)" time="0.012" />
  <testcase classname="ptolemy.util.test.junit.AutoTests" name="[77] /home/travis/build/icyphy/ptII/ptolemy/domains/de/test/auto/VariableDelayZeroDelay.xml (RunModel)" time="0.015" />
  <testcase classname="ptolemy.util.test.junit.AutoTests" name="[78] /home/travis/build/icyphy/ptII/ptolemy/domains/de/test/auto/VariableDelayZeroDelay2.xml (RunModel)" time="0.009" />
  <testcase classname="ptolemy.util.test.junit.AutoTests" name="[79] /home/travis/build/icyphy/ptII/ptolemy/domains/de/test/auto/deInCt.xml (RunModel)" time="0.014" />
  <testcase classname="ptolemy.util.test.junit.AutoTests" name="[80] /home/travis/build/icyphy/ptII/ptolemy/domains/de/test/auto/deInCt2.xml (RunModel)" time="0.021" />
  <testcase classname="ptolemy.util.test.junit.AutoTests" name="[81] /home/travis/build/icyphy/ptII/ptolemy/domains/de/test/auto/dynamicCausalityInterface1.xml (RunModel)" time="0.039" />
  <testcase classname="ptolemy.util.test.junit.AutoTests" name="[82] /home/travis/build/icyphy/ptII/ptolemy/domains/de/test/auto/fsm_de_test.xml (RunModel)" time="0.026" />
  <testcase classname="ptolemy.util.test.junit.AutoTests" name="[83] /home/travis/build/icyphy/ptII/ptolemy/domains/de/test/auto/functionDependencyReconstruction.xml (RunModel)" time="0.03" />
  <testcase classname="ptolemy.util.test.junit.AutoTests" name="[84] /home/travis/build/icyphy/ptII/ptolemy/domains/de/test/auto/multirate.xml (RunModel)" time="0.015" />
  <testcase classname="ptolemy.util.test.junit.AutoTests" name="[85] /home/travis/build/icyphy/ptII/ptolemy/domains/de/test/auto/multirate2.xml (RunModel)" time="0.02" />
  <testcase classname="ptolemy.util.test.junit.AutoTests" name="[86] /home/travis/build/icyphy/ptII/ptolemy/domains/de/test/auto/realtime.xml (RunModel)" time="10.01" />
  <testcase classname="ptolemy.util.test.junit.AutoTests" name="[87] /home/travis/build/icyphy/ptII/ptolemy/domains/de/test/auto/relationGroup.xml (RunModel)" time="0.011" />
  <testcase classname="ptolemy.util.test.junit.AutoTests" name="[88] /home/travis/build/icyphy/ptII/ptolemy/domains/de/test/auto/relationGroup2.xml (RunModel)" time="0.015" />
  <testcase classname="ptolemy.util.test.junit.AutoTests" name="[89] /home/travis/build/icyphy/ptII/ptolemy/domains/de/test/auto/sortWithOpaquePorts.xml (RunModel)" time="0.015" />
  <testcase classname="ptolemy.util.test.junit.AutoTests" name="[90] /home/travis/build/icyphy/ptII/ptolemy/domains/de/test/auto/transferInputsandOutputs.xml (RunModel)" time="0.025" />
  <testcase classname="ptolemy.util.test.junit.AutoTests" name="[91] /home/travis/build/icyphy/ptII/ptolemy/domains/de/test/auto/triggerType.xml (RunModel)" time="0.011" />
  <system-out><![CDATA[/home/travis/build/icyphy/ptII/ptolemy/domains/de/test/DependencyLoop.tcl
testDefs.tcl: setting time out to 9000 seconds at Thu Sep 19 05:41:56 UTC 2019
70 ms. Memory: 120832K Free: 72132K (60%)
41 ms. Memory: 120832K Free: 54694K (45%)
/home/travis/build/icyphy/ptII/ptolemy/domains/de/test/RunDETestsAsQSS.tcl
Run the DE tests using ptolemy.domains.qss.test.QSSDirectorTest, which extends QSSDirector and prints a message in the constructors.
------------------ testing $PTII/ptolemy/domains/de/test/auto/knownFailedTests/DirectFeedback.xml (Known Failure) 
78 ms. Memory: 120832K Free: 49094K (41%)


==== $PTIIhome/travis/build/icyphy/ptII/ptolemy/domains/de/test/../../../../: Auto Automatic test in file $PTII/ptolemy/domains/de/test/auto/knownFailedTests/DirectFeedback.xml
==== Contents of test case:

	    # FIXME: we should use $relativeFilename here, but it
	    # might have backslashes under Windows, which causes no end
	    # of trouble.
	    createAndExecute $file
	    list {}
	
.... Test generated KNOWN error:
    while executing
ptolemy.kernel.util.IllegalActionException: Test fails in iteration 1.
Value was: 1.0. Should have been: 2.0
  in .DirectFeedback.Test
	at ptolemy.actor.lib.Test.fire(Test.java:268)
	at ptolemy.domains.de.kernel.DEDirector._fire(DEDirector.java:1949)
	at ptolemy.domains.de.kernel.DEDirector.fire(DEDirector.java:502)
	at ptolemy.actor.CompositeActor.fire(CompositeActor.java:455)
	at ptolemy.actor.Manager.iterate(Manager.java:851)
	at ptolemy.actor.Manager.execute(Manager.java:369)
	at ptolemy.actor.Manager.run(Manager.java:1263)
	at ptolemy.actor.Manager$PtolemyRunThread.run(Manager.java:1933)

    while executing
ptolemy.kernel.util.IllegalActionException: Test fails in iteration 1.
Value was: 1.0. Should have been: 2.0
  in .DirectFeedback.Test
    while executing
"java::new ptolemy.moml.MoMLSimpleApplication $file
"
    (procedure "createAndExecute" line 2)
    invoked from within
"createAndExecute $file"
    ("uplevel" body line 5)
    invoked from within
"uplevel $contents_of_test"
------------------ testing $PTII/ptolemy/domains/de/test/auto/knownFailedTests/dependencyLoop.xml (Known Failure) 
22 ms. Memory: 120832K Free: 46022K (38%)


==== $PTIIhome/travis/build/icyphy/ptII/ptolemy/domains/de/test/../../../../: Auto Automatic test in file $PTII/ptolemy/domains/de/test/auto/knownFailedTests/dependencyLoop.xml
==== Contents of test case:

	    # FIXME: we should use $relativeFilename here, but it
	    # might have backslashes under Windows, which causes no end
	    # of trouble.
	    createAndExecute $file
	    list {}
	
.... Test generated KNOWN error:
    while executing
ptolemy.kernel.util.IllegalActionException: Found a zero delay loop containing .dependencyLoop.original
  in .dependencyLoop and .dependencyLoop.original
	at ptolemy.actor.util.CausalityInterfaceForComposites._computeOutputPortDepth(CausalityInterfaceForComposites.java:759)
	at ptolemy.actor.util.CausalityInterfaceForComposites._computeInputDepth(CausalityInterfaceForComposites.java:696)
	at ptolemy.actor.util.CausalityInterfaceForComposites._computeOutputPortDepth(CausalityInterfaceForComposites.java:765)
	at ptolemy.actor.util.CausalityInterfaceForComposites._computeInputDepth(CausalityInterfaceForComposites.java:696)
	at ptolemy.actor.util.CausalityInterfaceForComposites._computeOutputPortDepth(CausalityInterfaceForComposites.java:765)
	at ptolemy.actor.util.CausalityInterfaceForComposites._computeInputDepth(CausalityInterfaceForComposites.java:696)
	at ptolemy.actor.util.CausalityInterfaceForComposites._computeActorDepth(CausalityInterfaceForComposites.java:532)
	at ptolemy.actor.util.CausalityInterfaceForComposites.checkForCycles(CausalityInterfaceForComposites.java:96)
	at ptolemy.domains.de.kernel.DEDirector.preinitialize(DEDirector.java:1338)
	at ptolemy.actor.CompositeActor.preinitialize(CompositeActor.java:1828)
	at ptolemy.actor.Manager.preinitializeAndResolveTypes(Manager.java:1040)
	at ptolemy.actor.Manager.initialize(Manager.java:710)
	at ptolemy.actor.Manager.execute(Manager.java:356)
	at ptolemy.actor.Manager.run(Manager.java:1263)
	at ptolemy.actor.Manager$PtolemyRunThread.run(Manager.java:1933)

    while executing
ptolemy.kernel.util.IllegalActionException: Found a zero delay loop containing .dependencyLoop.original
  in .dependencyLoop and .dependencyLoop.original
    while executing
"java::new ptolemy.moml.MoMLSimpleApplication $file
"
    (procedure "createAndExecute" line 2)
    invoked from within
"createAndExecute $file"
    ("uplevel" body line 5)
    invoked from within
"uplevel $contents_of_test"
------------------ testing $PTII/ptolemy/domains/de/test/auto/knownFailedTests/FSMSource.xml (Known Failure) 
81 ms. Memory: 120832K Free: 100267K (83%)
!!!! Auto was marked as failing, but now passes
------------------ testing $PTII/ptolemy/domains/de/test/auto/knownFailedTests/HierarchicalModel.xml (Known Failure) 
7 ms. Memory: 120832K Free: 82845K (69%)


==== $PTIIhome/travis/build/icyphy/ptII/ptolemy/domains/de/test/../../../../: Auto Automatic test in file $PTII/ptolemy/domains/de/test/auto/knownFailedTests/HierarchicalModel.xml
==== Contents of test case:

	    # FIXME: we should use $relativeFilename here, but it
	    # might have backslashes under Windows, which causes no end
	    # of trouble.
	    createAndExecute $file
	    list {}
	
.... Test generated KNOWN error:
    while executing
ptolemy.kernel.util.IllegalActionException: Found a zero delay loop containing .HierarchicalModel.A
  in .HierarchicalModel and .HierarchicalModel.A
	at ptolemy.actor.util.CausalityInterfaceForComposites._computeOutputPortDepth(CausalityInterfaceForComposites.java:759)
	at ptolemy.actor.util.CausalityInterfaceForComposites._computeInputDepth(CausalityInterfaceForComposites.java:696)
	at ptolemy.actor.util.CausalityInterfaceForComposites._computeOutputPortDepth(CausalityInterfaceForComposites.java:765)
	at ptolemy.actor.util.CausalityInterfaceForComposites._computeInputDepth(CausalityInterfaceForComposites.java:696)
	at ptolemy.actor.util.CausalityInterfaceForComposites._computeOutputPortDepth(CausalityInterfaceForComposites.java:765)
	at ptolemy.actor.util.CausalityInterfaceForComposites._computeInputDepth(CausalityInterfaceForComposites.java:696)
	at ptolemy.actor.util.CausalityInterfaceForComposites._computeActorDepth(CausalityInterfaceForComposites.java:532)
	at ptolemy.actor.util.CausalityInterfaceForComposites.checkForCycles(CausalityInterfaceForComposites.java:96)
	at ptolemy.domains.de.kernel.DEDirector.preinitialize(DEDirector.java:1338)
	at ptolemy.actor.CompositeActor.preinitialize(CompositeActor.java:1828)
	at ptolemy.actor.Manager.preinitializeAndResolveTypes(Manager.java:1040)
	at ptolemy.actor.Manager.initialize(Manager.java:710)
	at ptolemy.actor.Manager.execute(Manager.java:356)
	at ptolemy.actor.Manager.run(Manager.java:1263)
	at ptolemy.actor.Manager$PtolemyRunThread.run(Manager.java:1933)

    while executing
ptolemy.kernel.util.IllegalActionException: Found a zero delay loop containing .HierarchicalModel.A
  in .HierarchicalModel and .HierarchicalModel.A
    while executing
"java::new ptolemy.moml.MoMLSimpleApplication $file
"
    (procedure "createAndExecute" line 2)
    invoked from within
"createAndExecute $file"
    ("uplevel" body line 5)
    invoked from within
"uplevel $contents_of_test"
------------------ testing $PTII/ptolemy/domains/de/test/auto/knownFailedTests/dependencyLoop2.xml (Known Failure) 
13 ms. Memory: 120832K Free: 66907K (55%)


==== $PTIIhome/travis/build/icyphy/ptII/ptolemy/domains/de/test/../../../../: Auto Automatic test in file $PTII/ptolemy/domains/de/test/auto/knownFailedTests/dependencyLoop2.xml
==== Contents of test case:

	    # FIXME: we should use $relativeFilename here, but it
	    # might have backslashes under Windows, which causes no end
	    # of trouble.
	    createAndExecute $file
	    list {}
	
.... Test generated KNOWN error:
    while executing
ptolemy.kernel.util.IllegalActionException: Found a zero delay loop containing .dependencyLoop2.original
  in .dependencyLoop2 and .dependencyLoop2.original
	at ptolemy.actor.util.CausalityInterfaceForComposites._computeOutputPortDepth(CausalityInterfaceForComposites.java:759)
	at ptolemy.actor.util.CausalityInterfaceForComposites._computeInputDepth(CausalityInterfaceForComposites.java:696)
	at ptolemy.actor.util.CausalityInterfaceForComposites._computeOutputPortDepth(CausalityInterfaceForComposites.java:765)
	at ptolemy.actor.util.CausalityInterfaceForComposites._computeInputDepth(CausalityInterfaceForComposites.java:696)
	at ptolemy.actor.util.CausalityInterfaceForComposites._computeOutputPortDepth(CausalityInterfaceForComposites.java:765)
	at ptolemy.actor.util.CausalityInterfaceForComposites._computeInputDepth(CausalityInterfaceForComposites.java:696)
	at ptolemy.actor.util.CausalityInterfaceForComposites._computeActorDepth(CausalityInterfaceForComposites.java:532)
	at ptolemy.actor.util.CausalityInterfaceForComposites.checkForCycles(CausalityInterfaceForComposites.java:96)
	at ptolemy.domains.de.kernel.DEDirector.preinitialize(DEDirector.java:1338)
	at ptolemy.actor.CompositeActor.preinitialize(CompositeActor.java:1828)
	at ptolemy.actor.Manager.preinitializeAndResolveTypes(Manager.java:1040)
	at ptolemy.actor.Manager.initialize(Manager.java:710)
	at ptolemy.actor.Manager.execute(Manager.java:356)
	at ptolemy.actor.Manager.run(Manager.java:1263)
	at ptolemy.actor.Manager$PtolemyRunThread.run(Manager.java:1933)

    while executing
ptolemy.kernel.util.IllegalActionException: Found a zero delay loop containing .dependencyLoop2.original
  in .dependencyLoop2 and .dependencyLoop2.original
    while executing
"java::new ptolemy.moml.MoMLSimpleApplication $file
"
    (procedure "createAndExecute" line 2)
    invoked from within
"createAndExecute $file"
    ("uplevel" body line 5)
    invoked from within
"uplevel $contents_of_test"
------------------ testing $PTII/ptolemy/domains/de/test/auto/knownFailedTests/DESDFClockTest.xml (Known Failure) 
2080 ms. Memory: 120832K Free: 94315K (78%)


==== $PTIIhome/travis/build/icyphy/ptII/ptolemy/domains/de/test/../../../../: Auto Automatic test in file $PTII/ptolemy/domains/de/test/auto/knownFailedTests/DESDFClockTest.xml
==== Contents of test case:

	    # FIXME: we should use $relativeFilename here, but it
	    # might have backslashes under Windows, which causes no end
	    # of trouble.
	    createAndExecute $file
	    list {}
	
.... Test generated KNOWN error:
    while executing
ptolemy.kernel.util.IllegalActionException: Actor is not ready to fire.  Perhaps UpSample.prefire() returned false? Try debugging the actor by selecting "Listen to Actor".  Also, for SDF check moml for tokenConsumptionRate on input.
  in .DESDFClockTest.Play Bell.Copy1:SDF Director and .DESDFClockTest.Play Bell.UpSample
	at ptolemy.actor.sched.StaticSchedulingDirector.fire(StaticSchedulingDirector.java:227)
	at ptolemy.domains.sdf.kernel.SDFDirector.fire(SDFDirector.java:500)
	at ptolemy.actor.CompositeActor.fire(CompositeActor.java:455)
	at ptolemy.domains.de.kernel.DEDirector._fire(DEDirector.java:1949)
	at ptolemy.domains.de.kernel.DEDirector.fire(DEDirector.java:502)
	at ptolemy.actor.CompositeActor.fire(CompositeActor.java:455)
	at ptolemy.actor.Manager.iterate(Manager.java:851)
	at ptolemy.actor.Manager.execute(Manager.java:369)
	at ptolemy.actor.Manager.run(Manager.java:1263)
	at ptolemy.actor.Manager$PtolemyRunThread.run(Manager.java:1933)

    while executing
ptolemy.kernel.util.IllegalActionException: Actor is not ready to fire.  Perhaps UpSample.prefire() returned false? Try debugging the actor by selecting "Listen to Actor".  Also, for SDF check moml for tokenConsumptionRate on input.
  in .DESDFClockTest.Play Bell.Copy1:SDF Director and .DESDFClockTest.Play Bell.UpSample
    while executing
"java::new ptolemy.moml.MoMLSimpleApplication $file
"
    (procedure "createAndExecute" line 2)
    invoked from within
"createAndExecute $file"
    ("uplevel" body line 5)
    invoked from within
"uplevel $contents_of_test"
------------------ testing $PTII/ptolemy/domains/de/test/auto/ActorDepthCalculation_actorWithoutPorts.xml
auto.tcl: Setting watchdog for 200 seconds at Thu Sep 19 05:42:01 UTC 2019
8 ms. Memory: 120832K Free: 87486K (72%)
ptolemy.util.test.WatchDog.cancel(): canceling Thu Sep 19 05:42:01 UTC 2019
auto.tcl: Setting watchdog for 200 seconds at Thu Sep 19 05:42:01 UTC 2019
18 ms. Memory: 120832K Free: 85838K (71%)
ptolemy.util.test.WatchDog.cancel(): canceling Thu Sep 19 05:42:01 UTC 2019
------------------ testing $PTII/ptolemy/domains/de/test/auto/AssemblyLine.xml
auto.tcl: Setting watchdog for 200 seconds at Thu Sep 19 05:42:01 UTC 2019
9 ms. Memory: 48128K Free: 26505K (55%)
ptolemy.util.test.WatchDog.cancel(): canceling Thu Sep 19 05:42:01 UTC 2019
auto.tcl: Setting watchdog for 200 seconds at Thu Sep 19 05:42:01 UTC 2019
8 ms. Memory: 48128K Free: 24876K (52%)
ptolemy.util.test.WatchDog.cancel(): canceling Thu Sep 19 05:42:01 UTC 2019
------------------ testing $PTII/ptolemy/domains/de/test/auto/CQBug1.xml
auto.tcl: Setting watchdog for 200 seconds at Thu Sep 19 05:42:02 UTC 2019
3 ms. Memory: 48128K Free: 31298K (65%)
ptolemy.util.test.WatchDog.cancel(): canceling Thu Sep 19 05:42:02 UTC 2019
auto.tcl: Setting watchdog for 200 seconds at Thu Sep 19 05:42:02 UTC 2019
3 ms. Memory: 48128K Free: 30868K (64%)
ptolemy.util.test.WatchDog.cancel(): canceling Thu Sep 19 05:42:02 UTC 2019
------------------ testing $PTII/ptolemy/domains/de/test/auto/CancelFireAt.xml
auto.tcl: Setting watchdog for 200 seconds at Thu Sep 19 05:42:02 UTC 2019
4 ms. Memory: 48128K Free: 32760K (68%)
ptolemy.util.test.WatchDog.cancel(): canceling Thu Sep 19 05:42:02 UTC 2019
auto.tcl: Setting watchdog for 200 seconds at Thu Sep 19 05:42:02 UTC 2019
2 ms. Memory: 48128K Free: 32330K (67%)
ptolemy.util.test.WatchDog.cancel(): canceling Thu Sep 19 05:42:02 UTC 2019
------------------ testing $PTII/ptolemy/domains/de/test/auto/CausalityAndComposabilityAnalysis.xml
auto.tcl: Setting watchdog for 200 seconds at Thu Sep 19 05:42:02 UTC 2019
6 ms. Memory: 48128K Free: 30457K (63%)
ptolemy.util.test.WatchDog.cancel(): canceling Thu Sep 19 05:42:02 UTC 2019
auto.tcl: Setting watchdog for 200 seconds at Thu Sep 19 05:42:02 UTC 2019
7 ms. Memory: 48128K Free: 30027K (62%)
ptolemy.util.test.WatchDog.cancel(): canceling Thu Sep 19 05:42:02 UTC 2019
------------------ testing $PTII/ptolemy/domains/de/test/auto/CausalityInterface1.xml
auto.tcl: Setting watchdog for 200 seconds at Thu Sep 19 05:42:02 UTC 2019
38 ms. Memory: 45056K Free: 26363K (59%)
ptolemy.util.test.WatchDog.cancel(): canceling Thu Sep 19 05:42:02 UTC 2019
auto.tcl: Setting watchdog for 200 seconds at Thu Sep 19 05:42:02 UTC 2019
6 ms. Memory: 45056K Free: 25398K (56%)
ptolemy.util.test.WatchDog.cancel(): canceling Thu Sep 19 05:42:02 UTC 2019
------------------ testing $PTII/ptolemy/domains/de/test/auto/CausalityInterface15.xml
auto.tcl: Setting watchdog for 200 seconds at Thu Sep 19 05:42:02 UTC 2019
13 ms. Memory: 45056K Free: 26042K (58%)
ptolemy.util.test.WatchDog.cancel(): canceling Thu Sep 19 05:42:02 UTC 2019
auto.tcl: Setting watchdog for 200 seconds at Thu Sep 19 05:42:02 UTC 2019
4 ms. Memory: 45056K Free: 25348K (56%)
ptolemy.util.test.WatchDog.cancel(): canceling Thu Sep 19 05:42:02 UTC 2019
------------------ testing $PTII/ptolemy/domains/de/test/auto/CausalityInterface2.xml
auto.tcl: Setting watchdog for 200 seconds at Thu Sep 19 05:42:02 UTC 2019
5 ms. Memory: 45056K Free: 27098K (60%)
ptolemy.util.test.WatchDog.cancel(): canceling Thu Sep 19 05:42:02 UTC 2019
auto.tcl: Setting watchdog for 200 seconds at Thu Sep 19 05:42:02 UTC 2019
4 ms. Memory: 45056K Free: 26358K (59%)
ptolemy.util.test.WatchDog.cancel(): canceling Thu Sep 19 05:42:02 UTC 2019
------------------ testing $PTII/ptolemy/domains/de/test/auto/CausalityInterface3.xml
auto.tcl: Setting watchdog for 200 seconds at Thu Sep 19 05:42:02 UTC 2019
4 ms. Memory: 45056K Free: 26552K (59%)
ptolemy.util.test.WatchDog.cancel(): canceling Thu Sep 19 05:42:02 UTC 2019
auto.tcl: Setting watchdog for 200 seconds at Thu Sep 19 05:42:02 UTC 2019
6 ms. Memory: 45056K Free: 25764K (57%)
ptolemy.util.test.WatchDog.cancel(): canceling Thu Sep 19 05:42:02 UTC 2019
------------------ testing $PTII/ptolemy/domains/de/test/auto/ClockDrift.xml
auto.tcl: Setting watchdog for 200 seconds at Thu Sep 19 05:42:02 UTC 2019
119 ms. Memory: 45056K Free: 19146K (42%)
ptolemy.util.test.WatchDog.cancel(): canceling Thu Sep 19 05:42:02 UTC 2019
auto.tcl: Setting watchdog for 200 seconds at Thu Sep 19 05:42:02 UTC 2019
74 ms. Memory: 45056K Free: 16131K (36%)
ptolemy.util.test.WatchDog.cancel(): canceling Thu Sep 19 05:42:03 UTC 2019
------------------ testing $PTII/ptolemy/domains/de/test/auto/ClockDriftAndValueChange.xml
auto.tcl: Setting watchdog for 200 seconds at Thu Sep 19 05:42:03 UTC 2019
51 ms. Memory: 45056K Free: 19566K (43%)
ptolemy.util.test.WatchDog.cancel(): canceling Thu Sep 19 05:42:03 UTC 2019
auto.tcl: Setting watchdog for 200 seconds at Thu Sep 19 05:42:03 UTC 2019
37 ms. Memory: 45056K Free: 16373K (36%)
ptolemy.util.test.WatchDog.cancel(): canceling Thu Sep 19 05:42:03 UTC 2019
------------------ testing $PTII/ptolemy/domains/de/test/auto/ClockDriftChange.xml
auto.tcl: Setting watchdog for 200 seconds at Thu Sep 19 05:42:03 UTC 2019
36 ms. Memory: 45056K Free: 21267K (47%)
ptolemy.util.test.WatchDog.cancel(): canceling Thu Sep 19 05:42:03 UTC 2019
auto.tcl: Setting watchdog for 200 seconds at Thu Sep 19 05:42:03 UTC 2019
23 ms. Memory: 45056K Free: 18715K (42%)
ptolemy.util.test.WatchDog.cancel(): canceling Thu Sep 19 05:42:03 UTC 2019
------------------ testing $PTII/ptolemy/domains/de/test/auto/ComposableCausalityAnalysis.xml
auto.tcl: Setting watchdog for 200 seconds at Thu Sep 19 05:42:03 UTC 2019
5 ms. Memory: 45056K Free: 25929K (58%)
ptolemy.util.test.WatchDog.cancel(): canceling Thu Sep 19 05:42:03 UTC 2019
auto.tcl: Setting watchdog for 200 seconds at Thu Sep 19 05:42:03 UTC 2019
2 ms. Memory: 45056K Free: 24868K (55%)
ptolemy.util.test.WatchDog.cancel(): canceling Thu Sep 19 05:42:03 UTC 2019
------------------ testing $PTII/ptolemy/domains/de/test/auto/DEFixedPointLimitation.xml
auto.tcl: Setting watchdog for 200 seconds at Thu Sep 19 05:42:03 UTC 2019
2 ms. Memory: 45056K Free: 27178K (60%)
ptolemy.util.test.WatchDog.cancel(): canceling Thu Sep 19 05:42:03 UTC 2019
auto.tcl: Setting watchdog for 200 seconds at Thu Sep 19 05:42:03 UTC 2019
2 ms. Memory: 45056K Free: 26356K (58%)
ptolemy.util.test.WatchDog.cancel(): canceling Thu Sep 19 05:42:03 UTC 2019
------------------ testing $PTII/ptolemy/domains/de/test/auto/DEScheduleTest.xml
auto.tcl: Setting watchdog for 200 seconds at Thu Sep 19 05:42:03 UTC 2019
5 ms. Memory: 45056K Free: 27510K (61%)
ptolemy.util.test.WatchDog.cancel(): canceling Thu Sep 19 05:42:03 UTC 2019
auto.tcl: Setting watchdog for 200 seconds at Thu Sep 19 05:42:03 UTC 2019
4 ms. Memory: 45056K Free: 26767K (59%)
ptolemy.util.test.WatchDog.cancel(): canceling Thu Sep 19 05:42:03 UTC 2019
------------------ testing $PTII/ptolemy/domains/de/test/auto/DEinDEwithStartTimes.xml
auto.tcl: Setting watchdog for 200 seconds at Thu Sep 19 05:42:03 UTC 2019
11 ms. Memory: 45056K Free: 25736K (57%)
ptolemy.util.test.WatchDog.cancel(): canceling Thu Sep 19 05:42:03 UTC 2019
auto.tcl: Setting watchdog for 200 seconds at Thu Sep 19 05:42:03 UTC 2019
9 ms. Memory: 45056K Free: 24670K (55%)
ptolemy.util.test.WatchDog.cancel(): canceling Thu Sep 19 05:42:03 UTC 2019
------------------ testing $PTII/ptolemy/domains/de/test/auto/DEinDEwithStartTimes2.xml
auto.tcl: Setting watchdog for 200 seconds at Thu Sep 19 05:42:03 UTC 2019
10 ms. Memory: 45056K Free: 24949K (55%)
ptolemy.util.test.WatchDog.cancel(): canceling Thu Sep 19 05:42:03 UTC 2019
auto.tcl: Setting watchdog for 200 seconds at Thu Sep 19 05:42:03 UTC 2019
9 ms. Memory: 45056K Free: 23896K (53%)
ptolemy.util.test.WatchDog.cancel(): canceling Thu Sep 19 05:42:03 UTC 2019
------------------ testing $PTII/ptolemy/domains/de/test/auto/DateDemo.xml
auto.tcl: Setting watchdog for 200 seconds at Thu Sep 19 05:42:03 UTC 2019
20 ms. Memory: 45056K Free: 19586K (43%)
ptolemy.util.test.WatchDog.cancel(): canceling Thu Sep 19 05:42:04 UTC 2019
auto.tcl: Setting watchdog for 200 seconds at Thu Sep 19 05:42:04 UTC 2019
13 ms. Memory: 45056K Free: 17744K (39%)
ptolemy.util.test.WatchDog.cancel(): canceling Thu Sep 19 05:42:04 UTC 2019
------------------ testing $PTII/ptolemy/domains/de/test/auto/DateToEvent.xml
auto.tcl: Setting watchdog for 200 seconds at Thu Sep 19 05:42:04 UTC 2019
2024 ms. Memory: 45056K Free: 15190K (34%)
ptolemy.util.test.WatchDog.cancel(): canceling Thu Sep 19 05:42:06 UTC 2019
auto.tcl: Setting watchdog for 200 seconds at Thu Sep 19 05:42:06 UTC 2019
2009 ms. Memory: 45056K Free: 14443K (32%)
ptolemy.util.test.WatchDog.cancel(): canceling Thu Sep 19 05:42:08 UTC 2019
------------------ testing $PTII/ptolemy/domains/de/test/auto/DepthTest1.xml
auto.tcl: Setting watchdog for 200 seconds at Thu Sep 19 05:42:08 UTC 2019
3 ms. Memory: 45056K Free: 28489K (63%)
ptolemy.util.test.WatchDog.cancel(): canceling Thu Sep 19 05:42:08 UTC 2019
auto.tcl: Setting watchdog for 200 seconds at Thu Sep 19 05:42:08 UTC 2019
2 ms. Memory: 45056K Free: 27927K (62%)
ptolemy.util.test.WatchDog.cancel(): canceling Thu Sep 19 05:42:08 UTC 2019
------------------ testing $PTII/ptolemy/domains/de/test/auto/DepthTest2.xml
auto.tcl: Setting watchdog for 200 seconds at Thu Sep 19 05:42:08 UTC 2019
12 ms. Memory: 45056K Free: 25222K (56%)
ptolemy.util.test.WatchDog.cancel(): canceling Thu Sep 19 05:42:08 UTC 2019
auto.tcl: Setting watchdog for 200 seconds at Thu Sep 19 05:42:08 UTC 2019
3 ms. Memory: 45056K Free: 24797K (55%)
ptolemy.util.test.WatchDog.cancel(): canceling Thu Sep 19 05:42:08 UTC 2019
------------------ testing $PTII/ptolemy/domains/de/test/auto/DepthTest3.xml
auto.tcl: Setting watchdog for 200 seconds at Thu Sep 19 05:42:08 UTC 2019
3 ms. Memory: 45056K Free: 28666K (64%)
ptolemy.util.test.WatchDog.cancel(): canceling Thu Sep 19 05:42:08 UTC 2019
auto.tcl: Setting watchdog for 200 seconds at Thu Sep 19 05:42:08 UTC 2019
2 ms. Memory: 45056K Free: 28279K (63%)
ptolemy.util.test.WatchDog.cancel(): canceling Thu Sep 19 05:42:08 UTC 2019
------------------ testing $PTII/ptolemy/domains/de/test/auto/DepthTest4.xml
auto.tcl: Setting watchdog for 200 seconds at Thu Sep 19 05:42:08 UTC 2019
11 ms. Memory: 45056K Free: 27024K (60%)
ptolemy.util.test.WatchDog.cancel(): canceling Thu Sep 19 05:42:08 UTC 2019
auto.tcl: Setting watchdog for 200 seconds at Thu Sep 19 05:42:08 UTC 2019
2 ms. Memory: 45056K Free: 26293K (58%)
ptolemy.util.test.WatchDog.cancel(): canceling Thu Sep 19 05:42:08 UTC 2019
------------------ testing $PTII/ptolemy/domains/de/test/auto/DepthTest5.xml
auto.tcl: Setting watchdog for 200 seconds at Thu Sep 19 05:42:08 UTC 2019
5 ms. Memory: 45056K Free: 26424K (59%)
ptolemy.util.test.WatchDog.cancel(): canceling Thu Sep 19 05:42:08 UTC 2019
auto.tcl: Setting watchdog for 200 seconds at Thu Sep 19 05:42:08 UTC 2019
2 ms. Memory: 45056K Free: 25638K (57%)
ptolemy.util.test.WatchDog.cancel(): canceling Thu Sep 19 05:42:08 UTC 2019
------------------ testing $PTII/ptolemy/domains/de/test/auto/DepthTest6.xml
auto.tcl: Setting watchdog for 200 seconds at Thu Sep 19 05:42:08 UTC 2019
4 ms. Memory: 45056K Free: 26104K (58%)
ptolemy.util.test.WatchDog.cancel(): canceling Thu Sep 19 05:42:08 UTC 2019
auto.tcl: Setting watchdog for 200 seconds at Thu Sep 19 05:42:08 UTC 2019
3 ms. Memory: 45056K Free: 25703K (57%)
ptolemy.util.test.WatchDog.cancel(): canceling Thu Sep 19 05:42:08 UTC 2019
------------------ testing $PTII/ptolemy/domains/de/test/auto/DepthTest7.xml
auto.tcl: Setting watchdog for 200 seconds at Thu Sep 19 05:42:08 UTC 2019
3 ms. Memory: 45056K Free: 26948K (60%)
ptolemy.util.test.WatchDog.cancel(): canceling Thu Sep 19 05:42:08 UTC 2019
auto.tcl: Setting watchdog for 200 seconds at Thu Sep 19 05:42:08 UTC 2019
2 ms. Memory: 45056K Free: 26225K (58%)
ptolemy.util.test.WatchDog.cancel(): canceling Thu Sep 19 05:42:08 UTC 2019
------------------ testing $PTII/ptolemy/domains/de/test/auto/EventToDate.xml
auto.tcl: Setting watchdog for 200 seconds at Thu Sep 19 05:42:08 UTC 2019
3006 ms. Memory: 45056K Free: 17755K (39%)
ptolemy.util.test.WatchDog.cancel(): canceling Thu Sep 19 05:42:11 UTC 2019
auto.tcl: Setting watchdog for 200 seconds at Thu Sep 19 05:42:11 UTC 2019
3006 ms. Memory: 45056K Free: 17044K (38%)
ptolemy.util.test.WatchDog.cancel(): canceling Thu Sep 19 05:42:14 UTC 2019
------------------ testing $PTII/ptolemy/domains/de/test/auto/FSM1.xml
auto.tcl: Setting watchdog for 200 seconds at Thu Sep 19 05:42:14 UTC 2019
47 ms. Memory: 45056K Free: 18474K (41%)
ptolemy.util.test.WatchDog.cancel(): canceling Thu Sep 19 05:42:15 UTC 2019
auto.tcl: Setting watchdog for 200 seconds at Thu Sep 19 05:42:15 UTC 2019
35 ms. Memory: 45056K Free: 15333K (34%)
ptolemy.util.test.WatchDog.cancel(): canceling Thu Sep 19 05:42:15 UTC 2019
------------------ testing $PTII/ptolemy/domains/de/test/auto/FSM7.xml
auto.tcl: Setting watchdog for 200 seconds at Thu Sep 19 05:42:15 UTC 2019
22 ms. Memory: 45056K Free: 18869K (42%)
ptolemy.util.test.WatchDog.cancel(): canceling Thu Sep 19 05:42:15 UTC 2019
auto.tcl: Setting watchdog for 200 seconds at Thu Sep 19 05:42:15 UTC 2019
29 ms. Memory: 45056K Free: 15580K (35%)
ptolemy.util.test.WatchDog.cancel(): canceling Thu Sep 19 05:42:15 UTC 2019
------------------ testing $PTII/ptolemy/domains/de/test/auto/Inspection.xml
auto.tcl: Setting watchdog for 200 seconds at Thu Sep 19 05:42:15 UTC 2019
33 ms. Memory: 45056K Free: 18711K (42%)
ptolemy.util.test.WatchDog.cancel(): canceling Thu Sep 19 05:42:15 UTC 2019
auto.tcl: Setting watchdog for 200 seconds at Thu Sep 19 05:42:15 UTC 2019
38 ms. Memory: 45056K Free: 16961K (38%)
ptolemy.util.test.WatchDog.cancel(): canceling Thu Sep 19 05:42:15 UTC 2019
------------------ testing $PTII/ptolemy/domains/de/test/auto/Iteration.xml
auto.tcl: Setting watchdog for 200 seconds at Thu Sep 19 05:42:15 UTC 2019
11 ms. Memory: 45056K Free: 24460K (54%)
ptolemy.util.test.WatchDog.cancel(): canceling Thu Sep 19 05:42:15 UTC 2019
auto.tcl: Setting watchdog for 200 seconds at Thu Sep 19 05:42:15 UTC 2019
7 ms. Memory: 45056K Free: 23369K (52%)
ptolemy.util.test.WatchDog.cancel(): canceling Thu Sep 19 05:42:15 UTC 2019
------------------ testing $PTII/ptolemy/domains/de/test/auto/LineFault.xml
auto.tcl: Setting watchdog for 200 seconds at Thu Sep 19 05:42:15 UTC 2019
925 ms. Memory: 45056K Free: 14915K (33%)
ptolemy.util.test.WatchDog.cancel(): canceling Thu Sep 19 05:42:16 UTC 2019
auto.tcl: Setting watchdog for 200 seconds at Thu Sep 19 05:42:16 UTC 2019
741 ms. Memory: 56320K Free: 31485K (56%)
ptolemy.util.test.WatchDog.cancel(): canceling Thu Sep 19 05:42:17 UTC 2019
------------------ testing $PTII/ptolemy/domains/de/test/auto/MergeModel1Add.xml
auto.tcl: Setting watchdog for 200 seconds at Thu Sep 19 05:42:17 UTC 2019
23 ms. Memory: 51200K Free: 16543K (32%)
ptolemy.util.test.WatchDog.cancel(): canceling Thu Sep 19 05:42:17 UTC 2019
auto.tcl: Setting watchdog for 200 seconds at Thu Sep 19 05:42:17 UTC 2019
16 ms. Memory: 51200K Free: 14947K (29%)
ptolemy.util.test.WatchDog.cancel(): canceling Thu Sep 19 05:42:17 UTC 2019
------------------ testing $PTII/ptolemy/domains/de/test/auto/MergeModel2Add.xml
auto.tcl: Setting watchdog for 200 seconds at Thu Sep 19 05:42:17 UTC 2019
13 ms. Memory: 51200K Free: 18612K (36%)
ptolemy.util.test.WatchDog.cancel(): canceling Thu Sep 19 05:42:17 UTC 2019
auto.tcl: Setting watchdog for 200 seconds at Thu Sep 19 05:42:17 UTC 2019
10 ms. Memory: 51200K Free: 17051K (33%)
ptolemy.util.test.WatchDog.cancel(): canceling Thu Sep 19 05:42:17 UTC 2019
------------------ testing $PTII/ptolemy/domains/de/test/auto/MergeModel3Add.xml
auto.tcl: Setting watchdog for 200 seconds at Thu Sep 19 05:42:18 UTC 2019
12 ms. Memory: 51200K Free: 18604K (36%)
ptolemy.util.test.WatchDog.cancel(): canceling Thu Sep 19 05:42:18 UTC 2019
auto.tcl: Setting watchdog for 200 seconds at Thu Sep 19 05:42:18 UTC 2019
11 ms. Memory: 51200K Free: 17060K (33%)
ptolemy.util.test.WatchDog.cancel(): canceling Thu Sep 19 05:42:18 UTC 2019
------------------ testing $PTII/ptolemy/domains/de/test/auto/MergeWithoutDiscard.xml
auto.tcl: Setting watchdog for 200 seconds at Thu Sep 19 05:42:18 UTC 2019
2 ms. Memory: 51200K Free: 33167K (65%)
ptolemy.util.test.WatchDog.cancel(): canceling Thu Sep 19 05:42:18 UTC 2019
auto.tcl: Setting watchdog for 200 seconds at Thu Sep 19 05:42:18 UTC 2019
2 ms. Memory: 51200K Free: 32738K (64%)
ptolemy.util.test.WatchDog.cancel(): canceling Thu Sep 19 05:42:18 UTC 2019
------------------ testing $PTII/ptolemy/domains/de/test/auto/Modal1.xml
auto.tcl: Setting watchdog for 200 seconds at Thu Sep 19 05:42:18 UTC 2019
24 ms. Memory: 48128K Free: 22035K (46%)
ptolemy.util.test.WatchDog.cancel(): canceling Thu Sep 19 05:42:18 UTC 2019
auto.tcl: Setting watchdog for 200 seconds at Thu Sep 19 05:42:18 UTC 2019
33 ms. Memory: 48128K Free: 18624K (39%)
ptolemy.util.test.WatchDog.cancel(): canceling Thu Sep 19 05:42:18 UTC 2019
------------------ testing $PTII/ptolemy/domains/de/test/auto/Modal2.xml
auto.tcl: Setting watchdog for 200 seconds at Thu Sep 19 05:42:18 UTC 2019
23 ms. Memory: 48128K Free: 22365K (46%)
ptolemy.util.test.WatchDog.cancel(): canceling Thu Sep 19 05:42:18 UTC 2019
auto.tcl: Setting watchdog for 200 seconds at Thu Sep 19 05:42:18 UTC 2019
29 ms. Memory: 48128K Free: 18901K (39%)
ptolemy.util.test.WatchDog.cancel(): canceling Thu Sep 19 05:42:18 UTC 2019
------------------ testing $PTII/ptolemy/domains/de/test/auto/Modal3.xml
auto.tcl: Setting watchdog for 200 seconds at Thu Sep 19 05:42:18 UTC 2019
15 ms. Memory: 48128K Free: 22123K (46%)
ptolemy.util.test.WatchDog.cancel(): canceling Thu Sep 19 05:42:18 UTC 2019
auto.tcl: Setting watchdog for 200 seconds at Thu Sep 19 05:42:18 UTC 2019
15 ms. Memory: 48128K Free: 18928K (39%)
ptolemy.util.test.WatchDog.cancel(): canceling Thu Sep 19 05:42:18 UTC 2019
------------------ testing $PTII/ptolemy/domains/de/test/auto/Modal4.xml
auto.tcl: Setting watchdog for 200 seconds at Thu Sep 19 05:42:18 UTC 2019
32 ms. Memory: 48128K Free: 21079K (44%)
ptolemy.util.test.WatchDog.cancel(): canceling Thu Sep 19 05:42:18 UTC 2019
auto.tcl: Setting watchdog for 200 seconds at Thu Sep 19 05:42:18 UTC 2019
23 ms. Memory: 48128K Free: 17241K (36%)
ptolemy.util.test.WatchDog.cancel(): canceling Thu Sep 19 05:42:18 UTC 2019
------------------ testing $PTII/ptolemy/domains/de/test/auto/Modal5.xml
auto.tcl: Setting watchdog for 200 seconds at Thu Sep 19 05:42:18 UTC 2019
21 ms. Memory: 48128K Free: 21065K (44%)
ptolemy.util.test.WatchDog.cancel(): canceling Thu Sep 19 05:42:18 UTC 2019
auto.tcl: Setting watchdog for 200 seconds at Thu Sep 19 05:42:18 UTC 2019
17 ms. Memory: 48128K Free: 17227K (36%)
ptolemy.util.test.WatchDog.cancel(): canceling Thu Sep 19 05:42:18 UTC 2019
------------------ testing $PTII/ptolemy/domains/de/test/auto/Modal6.xml
auto.tcl: Setting watchdog for 200 seconds at Thu Sep 19 05:42:19 UTC 2019
15 ms. Memory: 48128K Free: 21876K (45%)
ptolemy.util.test.WatchDog.cancel(): canceling Thu Sep 19 05:42:19 UTC 2019
auto.tcl: Setting watchdog for 200 seconds at Thu Sep 19 05:42:19 UTC 2019
23 ms. Memory: 48128K Free: 17902K (37%)
ptolemy.util.test.WatchDog.cancel(): canceling Thu Sep 19 05:42:19 UTC 2019
------------------ testing $PTII/ptolemy/domains/de/test/auto/Modal7.xml
auto.tcl: Setting watchdog for 200 seconds at Thu Sep 19 05:42:19 UTC 2019
21 ms. Memory: 48128K Free: 20848K (43%)
ptolemy.util.test.WatchDog.cancel(): canceling Thu Sep 19 05:42:19 UTC 2019
auto.tcl: Setting watchdog for 200 seconds at Thu Sep 19 05:42:19 UTC 2019
34 ms. Memory: 48128K Free: 17571K (37%)
ptolemy.util.test.WatchDog.cancel(): canceling Thu Sep 19 05:42:19 UTC 2019
------------------ testing $PTII/ptolemy/domains/de/test/auto/ModalModel.xml
auto.tcl: Setting watchdog for 200 seconds at Thu Sep 19 05:42:19 UTC 2019
289 ms. Memory: 58368K Free: 39857K (68%)
ptolemy.util.test.WatchDog.cancel(): canceling Thu Sep 19 05:42:19 UTC 2019
auto.tcl: Setting watchdog for 200 seconds at Thu Sep 19 05:42:19 UTC 2019
269 ms. Memory: 58368K Free: 34271K (59%)
ptolemy.util.test.WatchDog.cancel(): canceling Thu Sep 19 05:42:19 UTC 2019
------------------ testing $PTII/ptolemy/domains/de/test/auto/ModalSource.xml
auto.tcl: Setting watchdog for 200 seconds at Thu Sep 19 05:42:20 UTC 2019
11 ms. Memory: 48128K Free: 25950K (54%)
ptolemy.util.test.WatchDog.cancel(): canceling Thu Sep 19 05:42:20 UTC 2019
auto.tcl: Setting watchdog for 200 seconds at Thu Sep 19 05:42:20 UTC 2019
10 ms. Memory: 48128K Free: 23852K (50%)
ptolemy.util.test.WatchDog.cancel(): canceling Thu Sep 19 05:42:20 UTC 2019
------------------ testing $PTII/ptolemy/domains/de/test/auto/NonInterruptibleTimerZeroDelay.xml
auto.tcl: Setting watchdog for 200 seconds at Thu Sep 19 05:42:20 UTC 2019
5 ms. Memory: 48128K Free: 30874K (64%)
ptolemy.util.test.WatchDog.cancel(): canceling Thu Sep 19 05:42:20 UTC 2019
auto.tcl: Setting watchdog for 200 seconds at Thu Sep 19 05:42:20 UTC 2019
3 ms. Memory: 48128K Free: 30207K (63%)
ptolemy.util.test.WatchDog.cancel(): canceling Thu Sep 19 05:42:20 UTC 2019
------------------ testing $PTII/ptolemy/domains/de/test/auto/OpenQueueingNetwork.xml
auto.tcl: Setting watchdog for 200 seconds at Thu Sep 19 05:42:20 UTC 2019
3809 ms. Memory: 103424K Free: 65119K (63%)
ptolemy.util.test.WatchDog.cancel(): canceling Thu Sep 19 05:42:24 UTC 2019
auto.tcl: Setting watchdog for 200 seconds at Thu Sep 19 05:42:24 UTC 2019
2849 ms. Memory: 124928K Free: 80111K (64%)
ptolemy.util.test.WatchDog.cancel(): canceling Thu Sep 19 05:42:27 UTC 2019
------------------ testing $PTII/ptolemy/domains/de/test/auto/OpenQueuingNetwork.xml
auto.tcl: Setting watchdog for 200 seconds at Thu Sep 19 05:42:27 UTC 2019
287 ms. Memory: 55296K Free: 28032K (51%)
ptolemy.util.test.WatchDog.cancel(): canceling Thu Sep 19 05:42:27 UTC 2019
auto.tcl: Setting watchdog for 200 seconds at Thu Sep 19 05:42:27 UTC 2019
258 ms. Memory: 55296K Free: 39137K (71%)
ptolemy.util.test.WatchDog.cancel(): canceling Thu Sep 19 05:42:27 UTC 2019
------------------ testing $PTII/ptolemy/domains/de/test/auto/PeriodicSampler.xml
auto.tcl: Setting watchdog for 200 seconds at Thu Sep 19 05:42:27 UTC 2019
2 ms. Memory: 48128K Free: 30032K (62%)
ptolemy.util.test.WatchDog.cancel(): canceling Thu Sep 19 05:42:27 UTC 2019
auto.tcl: Setting watchdog for 200 seconds at Thu Sep 19 05:42:27 UTC 2019
3 ms. Memory: 48128K Free: 29547K (61%)
ptolemy.util.test.WatchDog.cancel(): canceling Thu Sep 19 05:42:27 UTC 2019
------------------ testing $PTII/ptolemy/domains/de/test/auto/PersistentIO.xml
auto.tcl: Setting watchdog for 200 seconds at Thu Sep 19 05:42:28 UTC 2019
7 ms. Memory: 48128K Free: 24956K (52%)
ptolemy.util.test.WatchDog.cancel(): canceling Thu Sep 19 05:42:28 UTC 2019
auto.tcl: Setting watchdog for 200 seconds at Thu Sep 19 05:42:28 UTC 2019
6 ms. Memory: 48128K Free: 23491K (49%)
ptolemy.util.test.WatchDog.cancel(): canceling Thu Sep 19 05:42:28 UTC 2019
------------------ testing $PTII/ptolemy/domains/de/test/auto/PortParameterResetOnInitialize.xml
auto.tcl: Setting watchdog for 200 seconds at Thu Sep 19 05:42:28 UTC 2019
3 ms. Memory: 48128K Free: 29948K (62%)
ptolemy.util.test.WatchDog.cancel(): canceling Thu Sep 19 05:42:28 UTC 2019
auto.tcl: Setting watchdog for 200 seconds at Thu Sep 19 05:42:28 UTC 2019
2 ms. Memory: 48128K Free: 29476K (61%)
ptolemy.util.test.WatchDog.cancel(): canceling Thu Sep 19 05:42:28 UTC 2019
------------------ testing $PTII/ptolemy/domains/de/test/auto/PortParameterUpdates.xml
auto.tcl: Setting watchdog for 200 seconds at Thu Sep 19 05:42:28 UTC 2019
5 ms. Memory: 48128K Free: 28025K (58%)
ptolemy.util.test.WatchDog.cancel(): canceling Thu Sep 19 05:42:28 UTC 2019
auto.tcl: Setting watchdog for 200 seconds at Thu Sep 19 05:42:28 UTC 2019
5 ms. Memory: 48128K Free: 27011K (56%)
ptolemy.util.test.WatchDog.cancel(): canceling Thu Sep 19 05:42:28 UTC 2019
------------------ testing $PTII/ptolemy/domains/de/test/auto/QueueAndServer.xml
auto.tcl: Setting watchdog for 200 seconds at Thu Sep 19 05:42:28 UTC 2019
16 ms. Memory: 48128K Free: 26978K (56%)
ptolemy.util.test.WatchDog.cancel(): canceling Thu Sep 19 05:42:28 UTC 2019
auto.tcl: Setting watchdog for 200 seconds at Thu Sep 19 05:42:28 UTC 2019
12 ms. Memory: 48128K Free: 25504K (53%)
ptolemy.util.test.WatchDog.cancel(): canceling Thu Sep 19 05:42:28 UTC 2019
------------------ testing $PTII/ptolemy/domains/de/test/auto/Records.xml
auto.tcl: Setting watchdog for 200 seconds at Thu Sep 19 05:42:28 UTC 2019
6 ms. Memory: 48128K Free: 29203K (61%)
ptolemy.util.test.WatchDog.cancel(): canceling Thu Sep 19 05:42:28 UTC 2019
auto.tcl: Setting watchdog for 200 seconds at Thu Sep 19 05:42:28 UTC 2019
4 ms. Memory: 48128K Free: 28696K (60%)
ptolemy.util.test.WatchDog.cancel(): canceling Thu Sep 19 05:42:28 UTC 2019
------------------ testing $PTII/ptolemy/domains/de/test/auto/ResetTransitionWithStartTime1.xml
auto.tcl: Setting watchdog for 200 seconds at Thu Sep 19 05:42:28 UTC 2019
7 ms. Memory: 48128K Free: 26440K (55%)
ptolemy.util.test.WatchDog.cancel(): canceling Thu Sep 19 05:42:28 UTC 2019
auto.tcl: Setting watchdog for 200 seconds at Thu Sep 19 05:42:28 UTC 2019
7 ms. Memory: 48128K Free: 24446K (51%)
ptolemy.util.test.WatchDog.cancel(): canceling Thu Sep 19 05:42:28 UTC 2019
------------------ testing $PTII/ptolemy/domains/de/test/auto/ResetTransitionWithStartTime2.xml
auto.tcl: Setting watchdog for 200 seconds at Thu Sep 19 05:42:28 UTC 2019
7 ms. Memory: 48128K Free: 26395K (55%)
ptolemy.util.test.WatchDog.cancel(): canceling Thu Sep 19 05:42:28 UTC 2019
auto.tcl: Setting watchdog for 200 seconds at Thu Sep 19 05:42:28 UTC 2019
11 ms. Memory: 48128K Free: 24347K (51%)
ptolemy.util.test.WatchDog.cancel(): canceling Thu Sep 19 05:42:28 UTC 2019
------------------ testing $PTII/ptolemy/domains/de/test/auto/ResetTransitionWithStartTime3.xml
auto.tcl: Setting watchdog for 200 seconds at Thu Sep 19 05:42:28 UTC 2019
12 ms. Memory: 48128K Free: 26394K (55%)
ptolemy.util.test.WatchDog.cancel(): canceling Thu Sep 19 05:42:28 UTC 2019
auto.tcl: Setting watchdog for 200 seconds at Thu Sep 19 05:42:28 UTC 2019
7 ms. Memory: 48128K Free: 24388K (51%)
ptolemy.util.test.WatchDog.cancel(): canceling Thu Sep 19 05:42:28 UTC 2019
------------------ testing $PTII/ptolemy/domains/de/test/auto/ResetTransitionWithStartTime4.xml
auto.tcl: Setting watchdog for 200 seconds at Thu Sep 19 05:42:28 UTC 2019
11 ms. Memory: 48128K Free: 27110K (56%)
ptolemy.util.test.WatchDog.cancel(): canceling Thu Sep 19 05:42:28 UTC 2019
auto.tcl: Setting watchdog for 200 seconds at Thu Sep 19 05:42:28 UTC 2019
6 ms. Memory: 48128K Free: 25430K (53%)
ptolemy.util.test.WatchDog.cancel(): canceling Thu Sep 19 05:42:28 UTC 2019
------------------ testing $PTII/ptolemy/domains/de/test/auto/ResettableTimer1.xml
auto.tcl: Setting watchdog for 200 seconds at Thu Sep 19 05:42:28 UTC 2019
9 ms. Memory: 48128K Free: 30598K (64%)
ptolemy.util.test.WatchDog.cancel(): canceling Thu Sep 19 05:42:28 UTC 2019
auto.tcl: Setting watchdog for 200 seconds at Thu Sep 19 05:42:28 UTC 2019
2 ms. Memory: 48128K Free: 30002K (62%)
ptolemy.util.test.WatchDog.cancel(): canceling Thu Sep 19 05:42:28 UTC 2019
------------------ testing $PTII/ptolemy/domains/de/test/auto/ResettableTimer2.xml
auto.tcl: Setting watchdog for 200 seconds at Thu Sep 19 05:42:28 UTC 2019
3 ms. Memory: 48128K Free: 30688K (64%)
ptolemy.util.test.WatchDog.cancel(): canceling Thu Sep 19 05:42:28 UTC 2019
auto.tcl: Setting watchdog for 200 seconds at Thu Sep 19 05:42:28 UTC 2019
2 ms. Memory: 48128K Free: 30038K (62%)
ptolemy.util.test.WatchDog.cancel(): canceling Thu Sep 19 05:42:29 UTC 2019
------------------ testing $PTII/ptolemy/domains/de/test/auto/ResettableTimer3.xml
auto.tcl: Setting watchdog for 200 seconds at Thu Sep 19 05:42:29 UTC 2019
2 ms. Memory: 48128K Free: 30526K (63%)
ptolemy.util.test.WatchDog.cancel(): canceling Thu Sep 19 05:42:29 UTC 2019
auto.tcl: Setting watchdog for 200 seconds at Thu Sep 19 05:42:29 UTC 2019
1 ms. Memory: 48128K Free: 30526K (63%)
ptolemy.util.test.WatchDog.cancel(): canceling Thu Sep 19 05:42:29 UTC 2019
------------------ testing $PTII/ptolemy/domains/de/test/auto/ResettableTimer4.xml
auto.tcl: Setting watchdog for 200 seconds at Thu Sep 19 05:42:29 UTC 2019
2 ms. Memory: 48128K Free: 30566K (64%)
ptolemy.util.test.WatchDog.cancel(): canceling Thu Sep 19 05:42:29 UTC 2019
auto.tcl: Setting watchdog for 200 seconds at Thu Sep 19 05:42:29 UTC 2019
2 ms. Memory: 48128K Free: 30054K (62%)
ptolemy.util.test.WatchDog.cancel(): canceling Thu Sep 19 05:42:29 UTC 2019
------------------ testing $PTII/ptolemy/domains/de/test/auto/ResettableTimer5.xml
auto.tcl: Setting watchdog for 200 seconds at Thu Sep 19 05:42:29 UTC 2019
1 ms. Memory: 48128K Free: 30017K (62%)
ptolemy.util.test.WatchDog.cancel(): canceling Thu Sep 19 05:42:29 UTC 2019
auto.tcl: Setting watchdog for 200 seconds at Thu Sep 19 05:42:29 UTC 2019
2 ms. Memory: 48128K Free: 29535K (61%)
ptolemy.util.test.WatchDog.cancel(): canceling Thu Sep 19 05:42:29 UTC 2019
------------------ testing $PTII/ptolemy/domains/de/test/auto/ResettableTimer6.xml
auto.tcl: Setting watchdog for 200 seconds at Thu Sep 19 05:42:29 UTC 2019
2 ms. Memory: 48128K Free: 29984K (62%)
ptolemy.util.test.WatchDog.cancel(): canceling Thu Sep 19 05:42:29 UTC 2019
auto.tcl: Setting watchdog for 200 seconds at Thu Sep 19 05:42:29 UTC 2019
2 ms. Memory: 48128K Free: 29504K (61%)
ptolemy.util.test.WatchDog.cancel(): canceling Thu Sep 19 05:42:29 UTC 2019
------------------ testing $PTII/ptolemy/domains/de/test/auto/ServerZeroDelay.xml
auto.tcl: Setting watchdog for 200 seconds at Thu Sep 19 05:42:29 UTC 2019
3 ms. Memory: 48128K Free: 30519K (63%)
ptolemy.util.test.WatchDog.cancel(): canceling Thu Sep 19 05:42:29 UTC 2019
auto.tcl: Setting watchdog for 200 seconds at Thu Sep 19 05:42:29 UTC 2019
3 ms. Memory: 48128K Free: 29535K (61%)
ptolemy.util.test.WatchDog.cancel(): canceling Thu Sep 19 05:42:29 UTC 2019
------------------ testing $PTII/ptolemy/domains/de/test/auto/SmartSender.xml
auto.tcl: Setting watchdog for 200 seconds at Thu Sep 19 05:42:29 UTC 2019
3002 ms. Memory: 48128K Free: 30514K (63%)
ptolemy.util.test.WatchDog.cancel(): canceling Thu Sep 19 05:42:32 UTC 2019
auto.tcl: Setting watchdog for 200 seconds at Thu Sep 19 05:42:32 UTC 2019
3003 ms. Memory: 48128K Free: 30007K (62%)
ptolemy.util.test.WatchDog.cancel(): canceling Thu Sep 19 05:42:35 UTC 2019
------------------ testing $PTII/ptolemy/domains/de/test/auto/ThreadedComposite.xml
auto.tcl: Setting watchdog for 200 seconds at Thu Sep 19 05:42:35 UTC 2019
363 ms. Memory: 48128K Free: 10047K (21%)
ptolemy.util.test.WatchDog.cancel(): canceling Thu Sep 19 05:42:36 UTC 2019
auto.tcl: Setting watchdog for 200 seconds at Thu Sep 19 05:42:36 UTC 2019
333 ms. Memory: 48128K Free: 16251K (34%)
ptolemy.util.test.WatchDog.cancel(): canceling Thu Sep 19 05:42:36 UTC 2019
------------------ testing $PTII/ptolemy/domains/de/test/auto/Time.xml
auto.tcl: Setting watchdog for 200 seconds at Thu Sep 19 05:42:36 UTC 2019
529 ms. Memory: 48128K Free: 33389K (69%)
ptolemy.util.test.WatchDog.cancel(): canceling Thu Sep 19 05:42:36 UTC 2019
auto.tcl: Setting watchdog for 200 seconds at Thu Sep 19 05:42:36 UTC 2019
467 ms. Memory: 48128K Free: 10296K (21%)
ptolemy.util.test.WatchDog.cancel(): canceling Thu Sep 19 05:42:37 UTC 2019
------------------ testing $PTII/ptolemy/domains/de/test/auto/TimeDelayZeroDelay.xml
auto.tcl: Setting watchdog for 200 seconds at Thu Sep 19 05:42:37 UTC 2019
3 ms. Memory: 48128K Free: 30951K (64%)
ptolemy.util.test.WatchDog.cancel(): canceling Thu Sep 19 05:42:37 UTC 2019
auto.tcl: Setting watchdog for 200 seconds at Thu Sep 19 05:42:37 UTC 2019
2 ms. Memory: 48128K Free: 30441K (63%)
ptolemy.util.test.WatchDog.cancel(): canceling Thu Sep 19 05:42:37 UTC 2019
------------------ testing $PTII/ptolemy/domains/de/test/auto/TimerZeroDelay.xml
auto.tcl: Setting watchdog for 200 seconds at Thu Sep 19 05:42:37 UTC 2019
2 ms. Memory: 48128K Free: 30929K (64%)
ptolemy.util.test.WatchDog.cancel(): canceling Thu Sep 19 05:42:37 UTC 2019
auto.tcl: Setting watchdog for 200 seconds at Thu Sep 19 05:42:37 UTC 2019
2 ms. Memory: 48128K Free: 30490K (63%)
ptolemy.util.test.WatchDog.cancel(): canceling Thu Sep 19 05:42:37 UTC 2019
------------------ testing $PTII/ptolemy/domains/de/test/auto/TimingParadox.xml
auto.tcl: Setting watchdog for 200 seconds at Thu Sep 19 05:42:37 UTC 2019
369 ms. Memory: 71680K Free: 55418K (77%)
ptolemy.util.test.WatchDog.cancel(): canceling Thu Sep 19 05:42:38 UTC 2019
auto.tcl: Setting watchdog for 200 seconds at Thu Sep 19 05:42:38 UTC 2019
336 ms. Memory: 71680K Free: 21168K (30%)
ptolemy.util.test.WatchDog.cancel(): canceling Thu Sep 19 05:42:38 UTC 2019
------------------ testing $PTII/ptolemy/domains/de/test/auto/TransferInputs.xml
auto.tcl: Setting watchdog for 200 seconds at Thu Sep 19 05:42:38 UTC 2019
1 ms. Memory: 51200K Free: 32247K (63%)
ptolemy.util.test.WatchDog.cancel(): canceling Thu Sep 19 05:42:38 UTC 2019
auto.tcl: Setting watchdog for 200 seconds at Thu Sep 19 05:42:38 UTC 2019
1 ms. Memory: 51200K Free: 31525K (62%)
ptolemy.util.test.WatchDog.cancel(): canceling Thu Sep 19 05:42:38 UTC 2019
------------------ testing $PTII/ptolemy/domains/de/test/auto/TransferOutputs2.xml
auto.tcl: Setting watchdog for 200 seconds at Thu Sep 19 05:42:38 UTC 2019
10 ms. Memory: 51200K Free: 29465K (58%)
ptolemy.util.test.WatchDog.cancel(): canceling Thu Sep 19 05:42:38 UTC 2019
auto.tcl: Setting watchdog for 200 seconds at Thu Sep 19 05:42:38 UTC 2019
3 ms. Memory: 51200K Free: 28032K (55%)
ptolemy.util.test.WatchDog.cancel(): canceling Thu Sep 19 05:42:38 UTC 2019
------------------ testing $PTII/ptolemy/domains/de/test/auto/Trilateration.xml
auto.tcl: Setting watchdog for 200 seconds at Thu Sep 19 05:42:38 UTC 2019
14508 ms. Memory: 395264K Free: 289174K (73%)
ptolemy.util.test.WatchDog.cancel(): canceling Thu Sep 19 05:42:54 UTC 2019
auto.tcl: Setting watchdog for 200 seconds at Thu Sep 19 05:42:54 UTC 2019
11094 ms. Memory: 395264K Free: 235222K (60%)
ptolemy.util.test.WatchDog.cancel(): canceling Thu Sep 19 05:43:05 UTC 2019
------------------ testing $PTII/ptolemy/domains/de/test/auto/TwoSigmaDelta.xml
auto.tcl: Setting watchdog for 200 seconds at Thu Sep 19 05:43:05 UTC 2019
2664 ms. Memory: 86016K Free: 19440K (23%)
ptolemy.util.test.WatchDog.cancel(): canceling Thu Sep 19 05:43:08 UTC 2019
auto.tcl: Setting watchdog for 200 seconds at Thu Sep 19 05:43:08 UTC 2019
1978 ms. Memory: 86016K Free: 59357K (69%)
ptolemy.util.test.WatchDog.cancel(): canceling Thu Sep 19 05:43:10 UTC 2019
------------------ testing $PTII/ptolemy/domains/de/test/auto/VariableDelay.xml
auto.tcl: Setting watchdog for 200 seconds at Thu Sep 19 05:43:10 UTC 2019
3 ms. Memory: 48128K Free: 29446K (61%)
ptolemy.util.test.WatchDog.cancel(): canceling Thu Sep 19 05:43:10 UTC 2019
auto.tcl: Setting watchdog for 200 seconds at Thu Sep 19 05:43:10 UTC 2019
2 ms. Memory: 48128K Free: 28444K (59%)
ptolemy.util.test.WatchDog.cancel(): canceling Thu Sep 19 05:43:10 UTC 2019
------------------ testing $PTII/ptolemy/domains/de/test/auto/VariableDelay2.xml
auto.tcl: Setting watchdog for 200 seconds at Thu Sep 19 05:43:10 UTC 2019
8 ms. Memory: 48128K Free: 29846K (62%)
ptolemy.util.test.WatchDog.cancel(): canceling Thu Sep 19 05:43:10 UTC 2019
auto.tcl: Setting watchdog for 200 seconds at Thu Sep 19 05:43:10 UTC 2019
2 ms. Memory: 48128K Free: 29350K (61%)
ptolemy.util.test.WatchDog.cancel(): canceling Thu Sep 19 05:43:10 UTC 2019
------------------ testing $PTII/ptolemy/domains/de/test/auto/VariableDelayZeroDelay.xml
auto.tcl: Setting watchdog for 200 seconds at Thu Sep 19 05:43:10 UTC 2019
2 ms. Memory: 48128K Free: 30373K (63%)
ptolemy.util.test.WatchDog.cancel(): canceling Thu Sep 19 05:43:10 UTC 2019
auto.tcl: Setting watchdog for 200 seconds at Thu Sep 19 05:43:10 UTC 2019
2 ms. Memory: 48128K Free: 29865K (62%)
ptolemy.util.test.WatchDog.cancel(): canceling Thu Sep 19 05:43:10 UTC 2019
------------------ testing $PTII/ptolemy/domains/de/test/auto/VariableDelayZeroDelay2.xml
auto.tcl: Setting watchdog for 200 seconds at Thu Sep 19 05:43:10 UTC 2019
4 ms. Memory: 48128K Free: 30371K (63%)
ptolemy.util.test.WatchDog.cancel(): canceling Thu Sep 19 05:43:10 UTC 2019
auto.tcl: Setting watchdog for 200 seconds at Thu Sep 19 05:43:10 UTC 2019
2 ms. Memory: 48128K Free: 29399K (61%)
ptolemy.util.test.WatchDog.cancel(): canceling Thu Sep 19 05:43:10 UTC 2019
------------------ testing $PTII/ptolemy/domains/de/test/auto/deInCt.xml
auto.tcl: Setting watchdog for 200 seconds at Thu Sep 19 05:43:10 UTC 2019
0
1
1
1
1
0
0
0
0
1
1
1
1
0
0
1
1
0
0
0
1
1
1
0
0
0
1
1
1
0
0
0
1
1
1
0
0
1
1
1
0
0
0
1
1
1
0
0
1
1
0
0
0
0
0
16 ms. Memory: 48128K Free: 29345K (61%)
ptolemy.util.test.WatchDog.cancel(): canceling Thu Sep 19 05:43:10 UTC 2019
auto.tcl: Setting watchdog for 200 seconds at Thu Sep 19 05:43:10 UTC 2019
0
1
1
1
0
0
0
1
1
1
1
1
0
0
1
1
1
0
0
1
1
1
0
0
0
0
1
1
1
0
0
0
1
1
1
0
0
0
1
1
1
1
1
7 ms. Memory: 48128K Free: 27837K (58%)
ptolemy.util.test.WatchDog.cancel(): canceling Thu Sep 19 05:43:10 UTC 2019
------------------ testing $PTII/ptolemy/domains/de/test/auto/deInCt2.xml
auto.tcl: Setting watchdog for 200 seconds at Thu Sep 19 05:43:10 UTC 2019
0
1
1
1
0
0
1
1
1
0
0
1
1
1
0
0
1
1
1
0
0
1
1
1
0
0
1
1
1
0
0
1
1
1
0
0
1
1
1
0
0
0
12 ms. Memory: 48128K Free: 29350K (61%)
ptolemy.util.test.WatchDog.cancel(): canceling Thu Sep 19 05:43:10 UTC 2019
auto.tcl: Setting watchdog for 200 seconds at Thu Sep 19 05:43:10 UTC 2019
0
1
1
1
0
0
1
1
1
0
0
1
1
1
0
0
1
1
1
0
0
1
1
1
0
0
1
1
1
0
0
1
1
1
0
0
1
1
1
0
0
0
7 ms. Memory: 48128K Free: 27806K (58%)
ptolemy.util.test.WatchDog.cancel(): canceling Thu Sep 19 05:43:10 UTC 2019
------------------ testing $PTII/ptolemy/domains/de/test/auto/dynamicCausalityInterface1.xml
auto.tcl: Setting watchdog for 200 seconds at Thu Sep 19 05:43:10 UTC 2019
2 ms. Memory: 48128K Free: 25309K (53%)
ptolemy.util.test.WatchDog.cancel(): canceling Thu Sep 19 05:43:10 UTC 2019
auto.tcl: Setting watchdog for 200 seconds at Thu Sep 19 05:43:10 UTC 2019
1 ms. Memory: 48128K Free: 24811K (52%)
ptolemy.util.test.WatchDog.cancel(): canceling Thu Sep 19 05:43:10 UTC 2019
------------------ testing $PTII/ptolemy/domains/de/test/auto/fsm_de_test.xml
auto.tcl: Setting watchdog for 200 seconds at Thu Sep 19 05:43:10 UTC 2019
9 ms. Memory: 48128K Free: 25179K (52%)
ptolemy.util.test.WatchDog.cancel(): canceling Thu Sep 19 05:43:10 UTC 2019
auto.tcl: Setting watchdog for 200 seconds at Thu Sep 19 05:43:10 UTC 2019
5 ms. Memory: 48128K Free: 23188K (48%)
ptolemy.util.test.WatchDog.cancel(): canceling Thu Sep 19 05:43:10 UTC 2019
------------------ testing $PTII/ptolemy/domains/de/test/auto/functionDependencyReconstruction.xml
auto.tcl: Setting watchdog for 200 seconds at Thu Sep 19 05:43:11 UTC 2019
4 ms. Memory: 48128K Free: 19024K (40%)
ptolemy.util.test.WatchDog.cancel(): canceling Thu Sep 19 05:43:11 UTC 2019
auto.tcl: Setting watchdog for 200 seconds at Thu Sep 19 05:43:11 UTC 2019
3 ms. Memory: 48128K Free: 17033K (35%)
ptolemy.util.test.WatchDog.cancel(): canceling Thu Sep 19 05:43:11 UTC 2019
------------------ testing $PTII/ptolemy/domains/de/test/auto/multirate.xml
auto.tcl: Setting watchdog for 200 seconds at Thu Sep 19 05:43:11 UTC 2019
6 ms. Memory: 48128K Free: 27594K (57%)
ptolemy.util.test.WatchDog.cancel(): canceling Thu Sep 19 05:43:11 UTC 2019
auto.tcl: Setting watchdog for 200 seconds at Thu Sep 19 05:43:11 UTC 2019
3 ms. Memory: 48128K Free: 26111K (54%)
ptolemy.util.test.WatchDog.cancel(): canceling Thu Sep 19 05:43:11 UTC 2019
------------------ testing $PTII/ptolemy/domains/de/test/auto/multirate2.xml
auto.tcl: Setting watchdog for 200 seconds at Thu Sep 19 05:43:11 UTC 2019
3 ms. Memory: 48128K Free: 27758K (58%)
ptolemy.util.test.WatchDog.cancel(): canceling Thu Sep 19 05:43:11 UTC 2019
auto.tcl: Setting watchdog for 200 seconds at Thu Sep 19 05:43:11 UTC 2019
2 ms. Memory: 48128K Free: 26308K (55%)
ptolemy.util.test.WatchDog.cancel(): canceling Thu Sep 19 05:43:11 UTC 2019
------------------ testing $PTII/ptolemy/domains/de/test/auto/realtime.xml
auto.tcl: Setting watchdog for 200 seconds at Thu Sep 19 05:43:11 UTC 2019
10001 ms. Memory: 48128K Free: 30050K (62%)
ptolemy.util.test.WatchDog.cancel(): canceling Thu Sep 19 05:43:21 UTC 2019
auto.tcl: Setting watchdog for 200 seconds at Thu Sep 19 05:43:21 UTC 2019
10003 ms. Memory: 48128K Free: 29325K (61%)
ptolemy.util.test.WatchDog.cancel(): canceling Thu Sep 19 05:43:31 UTC 2019
------------------ testing $PTII/ptolemy/domains/de/test/auto/relationGroup.xml
auto.tcl: Setting watchdog for 200 seconds at Thu Sep 19 05:43:31 UTC 2019
3 ms. Memory: 48128K Free: 31108K (65%)
ptolemy.util.test.WatchDog.cancel(): canceling Thu Sep 19 05:43:31 UTC 2019
auto.tcl: Setting watchdog for 200 seconds at Thu Sep 19 05:43:31 UTC 2019
2 ms. Memory: 48128K Free: 30374K (63%)
ptolemy.util.test.WatchDog.cancel(): canceling Thu Sep 19 05:43:31 UTC 2019
------------------ testing $PTII/ptolemy/domains/de/test/auto/relationGroup2.xml
auto.tcl: Setting watchdog for 200 seconds at Thu Sep 19 05:43:31 UTC 2019
2 ms. Memory: 48128K Free: 30879K (64%)
ptolemy.util.test.WatchDog.cancel(): canceling Thu Sep 19 05:43:31 UTC 2019
auto.tcl: Setting watchdog for 200 seconds at Thu Sep 19 05:43:31 UTC 2019
1 ms. Memory: 48128K Free: 29936K (62%)
ptolemy.util.test.WatchDog.cancel(): canceling Thu Sep 19 05:43:31 UTC 2019
------------------ testing $PTII/ptolemy/domains/de/test/auto/sortWithOpaquePorts.xml
auto.tcl: Setting watchdog for 200 seconds at Thu Sep 19 05:43:31 UTC 2019
2 ms. Memory: 48128K Free: 30400K (63%)
ptolemy.util.test.WatchDog.cancel(): canceling Thu Sep 19 05:43:31 UTC 2019
auto.tcl: Setting watchdog for 200 seconds at Thu Sep 19 05:43:31 UTC 2019
2 ms. Memory: 48128K Free: 28912K (60%)
ptolemy.util.test.WatchDog.cancel(): canceling Thu Sep 19 05:43:31 UTC 2019
------------------ testing $PTII/ptolemy/domains/de/test/auto/transferInputsandOutputs.xml
auto.tcl: Setting watchdog for 200 seconds at Thu Sep 19 05:43:31 UTC 2019
5 ms. Memory: 48128K Free: 27315K (57%)
ptolemy.util.test.WatchDog.cancel(): canceling Thu Sep 19 05:43:31 UTC 2019
auto.tcl: Setting watchdog for 200 seconds at Thu Sep 19 05:43:31 UTC 2019
3 ms. Memory: 48128K Free: 26345K (55%)
ptolemy.util.test.WatchDog.cancel(): canceling Thu Sep 19 05:43:31 UTC 2019
------------------ testing $PTII/ptolemy/domains/de/test/auto/triggerType.xml
auto.tcl: Setting watchdog for 200 seconds at Thu Sep 19 05:43:31 UTC 2019
1 ms. Memory: 48128K Free: 30341K (63%)
ptolemy.util.test.WatchDog.cancel(): canceling Thu Sep 19 05:43:31 UTC 2019
auto.tcl: Setting watchdog for 200 seconds at Thu Sep 19 05:43:31 UTC 2019
1 ms. Memory: 48128K Free: 29366K (61%)
ptolemy.util.test.WatchDog.cancel(): canceling Thu Sep 19 05:43:31 UTC 2019
09/19/19 05:43:31
Failed: 0  Total Tests: 192  ((Passed: 187, Newly Passed: 1)  Known Failed: 5) /home/travis/build/icyphy/ptII/ptolemy/domains/de/test
09/19/19 05:43:31
Failed: 0  Total Tests: 192  ((Passed: 187, Newly Passed: 1)  Known Failed: 5) /home/travis/build/icyphy/ptII/ptolemy/domains/de/test
----------------- testing (KnownFailure) /home/travis/build/icyphy/ptII/ptolemy/domains/de/test/auto/knownFailedTests/DESDFClockTest.xml
2015 ms. Memory: 48128K Free: 23735K (49%)
Known Failure: java.lang.reflect.InvocationTargetException
----------------- testing (KnownFailure) /home/travis/build/icyphy/ptII/ptolemy/domains/de/test/auto/knownFailedTests/DirectFeedback.xml
2 ms. Memory: 48128K Free: 19639K (41%)
Known Failure: java.lang.reflect.InvocationTargetException
----------------- testing (KnownFailure) /home/travis/build/icyphy/ptII/ptolemy/domains/de/test/auto/knownFailedTests/FSMSource.xml
8 ms. Memory: 48128K Free: 11447K (24%)
----------------- testing (KnownFailure) /home/travis/build/icyphy/ptII/ptolemy/domains/de/test/auto/knownFailedTests/HierarchicalModel.xml
5 ms. Memory: 48128K Free: 21439K (45%)
Known Failure: java.lang.reflect.InvocationTargetException
----------------- testing (KnownFailure) /home/travis/build/icyphy/ptII/ptolemy/domains/de/test/auto/knownFailedTests/dependencyLoop.xml
8 ms. Memory: 48128K Free: 32195K (67%)
Known Failure: java.lang.reflect.InvocationTargetException
----------------- testing (KnownFailure) /home/travis/build/icyphy/ptII/ptolemy/domains/de/test/auto/knownFailedTests/dependencyLoop2.xml
2 ms. Memory: 48128K Free: 16877K (35%)
Known Failure: java.lang.reflect.InvocationTargetException
No auto/linux-amd64/*.xml tests in /home/travis/build/icyphy/ptII/ptolemy/domains/de/test
AutoTests.java: About to close Vertx.
AutoTests.java: Vertx closed.

===========================================================================================
----------------- testing Thu Sep 19 05:43:33 UTC 2019 /home/travis/build/icyphy/ptII/ptolemy/domains/de/test/auto/ActorDepthCalculation_actorWithoutPorts.xml
----------------- Instantiating /home/travis/build/icyphy/ptII/ptolemy/domains/de/test/auto/ActorDepthCalculation_actorWithoutPorts.xml
2 ms. Memory: 48128K Free: 10525K (22%)
----------------- Invoking toplevel() on ptolemy.moml.MoMLSimpleApplication@25d3aa69
----------------- Done invoking toplevel() on ptolemy.moml.MoMLSimpleApplication@25d3aa69
reloadAllAccessors: .ActorDepthCalculation_actorWithoutPorts

===========================================================================================
----------------- testing Thu Sep 19 05:43:33 UTC 2019 /home/travis/build/icyphy/ptII/ptolemy/domains/de/test/auto/AssemblyLine.xml
----------------- Instantiating /home/travis/build/icyphy/ptII/ptolemy/domains/de/test/auto/AssemblyLine.xml
3 ms. Memory: 48128K Free: 29151K (61%)
----------------- Invoking toplevel() on ptolemy.moml.MoMLSimpleApplication@6efe8fd2
----------------- Done invoking toplevel() on ptolemy.moml.MoMLSimpleApplication@6efe8fd2
reloadAllAccessors: .AssemblyLine

===========================================================================================
----------------- testing Thu Sep 19 05:43:34 UTC 2019 /home/travis/build/icyphy/ptII/ptolemy/domains/de/test/auto/CQBug1.xml
----------------- Instantiating /home/travis/build/icyphy/ptII/ptolemy/domains/de/test/auto/CQBug1.xml
1 ms. Memory: 48128K Free: 26095K (54%)
----------------- Invoking toplevel() on ptolemy.moml.MoMLSimpleApplication@72dc79fb
----------------- Done invoking toplevel() on ptolemy.moml.MoMLSimpleApplication@72dc79fb
reloadAllAccessors: .CQBug1

===========================================================================================
----------------- testing Thu Sep 19 05:43:34 UTC 2019 /home/travis/build/icyphy/ptII/ptolemy/domains/de/test/auto/CancelFireAt.xml
----------------- Instantiating /home/travis/build/icyphy/ptII/ptolemy/domains/de/test/auto/CancelFireAt.xml
2 ms. Memory: 48128K Free: 23567K (49%)
----------------- Invoking toplevel() on ptolemy.moml.MoMLSimpleApplication@2e1bbf46
----------------- Done invoking toplevel() on ptolemy.moml.MoMLSimpleApplication@2e1bbf46
reloadAllAccessors: .CancelFireAt

===========================================================================================
----------------- testing Thu Sep 19 05:43:34 UTC 2019 /home/travis/build/icyphy/ptII/ptolemy/domains/de/test/auto/CausalityAndComposabilityAnalysis.xml
----------------- Instantiating /home/travis/build/icyphy/ptII/ptolemy/domains/de/test/auto/CausalityAndComposabilityAnalysis.xml
2 ms. Memory: 48128K Free: 19193K (40%)
----------------- Invoking toplevel() on ptolemy.moml.MoMLSimpleApplication@e991c0e
----------------- Done invoking toplevel() on ptolemy.moml.MoMLSimpleApplication@e991c0e
reloadAllAccessors: .CausalityAndComposabilityAnalysis

===========================================================================================
----------------- testing Thu Sep 19 05:43:34 UTC 2019 /home/travis/build/icyphy/ptII/ptolemy/domains/de/test/auto/CausalityInterface1.xml
----------------- Instantiating /home/travis/build/icyphy/ptII/ptolemy/domains/de/test/auto/CausalityInterface1.xml
7 ms. Memory: 48128K Free: 14071K (29%)
----------------- Invoking toplevel() on ptolemy.moml.MoMLSimpleApplication@36aa3df0
----------------- Done invoking toplevel() on ptolemy.moml.MoMLSimpleApplication@36aa3df0
reloadAllAccessors: .CausalityInterface1

===========================================================================================
----------------- testing Thu Sep 19 05:43:34 UTC 2019 /home/travis/build/icyphy/ptII/ptolemy/domains/de/test/auto/CausalityInterface15.xml
----------------- Instantiating /home/travis/build/icyphy/ptII/ptolemy/domains/de/test/auto/CausalityInterface15.xml
2 ms. Memory: 48128K Free: 8601K (18%)
----------------- Invoking toplevel() on ptolemy.moml.MoMLSimpleApplication@55de9d30
----------------- Done invoking toplevel() on ptolemy.moml.MoMLSimpleApplication@55de9d30
reloadAllAccessors: .CausalityInterface15

===========================================================================================
----------------- testing Thu Sep 19 05:43:34 UTC 2019 /home/travis/build/icyphy/ptII/ptolemy/domains/de/test/auto/CausalityInterface2.xml
----------------- Instantiating /home/travis/build/icyphy/ptII/ptolemy/domains/de/test/auto/CausalityInterface2.xml
[...]
	at ptolemy.actor.Manager.run(Manager.java:1263)
	at ptolemy.actor.Manager$PtolemyRunThread.run(Manager.java:1933)
java.lang.RuntimeException: Execution failed
	at ptolemy.moml.MoMLSimpleApplication$UnloadThread.run(MoMLSimpleApplication.java:402)
Caused by: ptolemy.kernel.util.IllegalActionException: Actor is not ready to fire.  Perhaps UpSample.prefire() returned false? Try debugging the actor by selecting "Listen to Actor".  Also, for SDF check moml for tokenConsumptionRate on input.
  in .DESDFClockTest.Play Bell.Copy1:SDF Director and .DESDFClockTest.Play Bell.UpSample
	at ptolemy.actor.sched.StaticSchedulingDirector.fire(StaticSchedulingDirector.java:227)
	at ptolemy.domains.sdf.kernel.SDFDirector.fire(SDFDirector.java:500)
	at ptolemy.actor.CompositeActor.fire(CompositeActor.java:455)
	at ptolemy.domains.de.kernel.DEDirector._fire(DEDirector.java:1949)
	at ptolemy.domains.de.kernel.DEDirector.fire(DEDirector.java:502)
	at ptolemy.actor.CompositeActor.fire(CompositeActor.java:455)
	at ptolemy.actor.Manager.iterate(Manager.java:851)
	at ptolemy.actor.Manager.execute(Manager.java:369)
	at ptolemy.actor.Manager.run(Manager.java:1263)
	at ptolemy.actor.Manager$PtolemyRunThread.run(Manager.java:1933)
java.lang.reflect.InvocationTargetException
	at java.base/jdk.internal.reflect.NativeConstructorAccessorImpl.newInstance0(Native Method)
	at java.base/jdk.internal.reflect.NativeConstructorAccessorImpl.newInstance(NativeConstructorAccessorImpl.java:62)
	at java.base/jdk.internal.reflect.DelegatingConstructorAccessorImpl.newInstance(DelegatingConstructorAccessorImpl.java:45)
	at java.base/java.lang.reflect.Constructor.newInstance(Constructor.java:490)
	at ptolemy.util.test.junit.AutoKnownFailedTests.RunModel(AutoKnownFailedTests.java:105)
	at java.base/jdk.internal.reflect.NativeMethodAccessorImpl.invoke0(Native Method)
	at java.base/jdk.internal.reflect.NativeMethodAccessorImpl.invoke(NativeMethodAccessorImpl.java:62)
	at java.base/jdk.internal.reflect.DelegatingMethodAccessorImpl.invoke(DelegatingMethodAccessorImpl.java:43)
	at java.base/java.lang.reflect.Method.invoke(Method.java:566)
	at org.junit.runners.model.FrameworkMethod$1.runReflectiveCall(FrameworkMethod.java:44)
	at org.junit.internal.runners.model.ReflectiveCallable.run(ReflectiveCallable.java:15)
	at org.junit.runners.model.FrameworkMethod.invokeExplosively(FrameworkMethod.java:41)
	at junitparams.internal.InvokeParameterisedMethod.evaluate(InvokeParameterisedMethod.java:102)
	at org.junit.internal.runners.statements.FailOnTimeout$1.run(FailOnTimeout.java:28)
Caused by: ptolemy.kernel.util.IllegalActionException: Actor is not ready to fire.  Perhaps UpSample.prefire() returned false? Try debugging the actor by selecting "Listen to Actor".  Also, for SDF check moml for tokenConsumptionRate on input.
  in .DESDFClockTest.Play Bell.Copy1:SDF Director and .DESDFClockTest.Play Bell.UpSample
	at ptolemy.actor.sched.StaticSchedulingDirector.fire(StaticSchedulingDirector.java:227)
	at ptolemy.domains.sdf.kernel.SDFDirector.fire(SDFDirector.java:500)
	at ptolemy.actor.CompositeActor.fire(CompositeActor.java:455)
	at ptolemy.domains.de.kernel.DEDirector._fire(DEDirector.java:1949)
	at ptolemy.domains.de.kernel.DEDirector.fire(DEDirector.java:502)
	at ptolemy.actor.CompositeActor.fire(CompositeActor.java:455)
	at ptolemy.actor.Manager.iterate(Manager.java:851)
	at ptolemy.actor.Manager.execute(Manager.java:369)
	at ptolemy.actor.Manager.run(Manager.java:1263)
	at ptolemy.actor.Manager$PtolemyRunThread.run(Manager.java:1933)
java.lang.RuntimeException: Execution failed
	at ptolemy.moml.MoMLSimpleApplication$UnloadThread.run(MoMLSimpleApplication.java:402)
Caused by: ptolemy.kernel.util.IllegalActionException: Test fails in iteration 1.
Value was: 1.0. Should have been: 2.0
  in .DirectFeedback.Test
	at ptolemy.actor.lib.Test.fire(Test.java:268)
	at ptolemy.domains.de.kernel.DEDirector._fire(DEDirector.java:1949)
	at ptolemy.domains.de.kernel.DEDirector.fire(DEDirector.java:502)
	at ptolemy.actor.CompositeActor.fire(CompositeActor.java:455)
	at ptolemy.actor.Manager.iterate(Manager.java:851)
	at ptolemy.actor.Manager.execute(Manager.java:369)
	at ptolemy.actor.Manager.run(Manager.java:1263)
	at ptolemy.actor.Manager$PtolemyRunThread.run(Manager.java:1933)
java.lang.reflect.InvocationTargetException
	at java.base/jdk.internal.reflect.NativeConstructorAccessorImpl.newInstance0(Native Method)
	at java.base/jdk.internal.reflect.NativeConstructorAccessorImpl.newInstance(NativeConstructorAccessorImpl.java:62)
	at java.base/jdk.internal.reflect.DelegatingConstructorAccessorImpl.newInstance(DelegatingConstructorAccessorImpl.java:45)
	at java.base/java.lang.reflect.Constructor.newInstance(Constructor.java:490)
	at ptolemy.util.test.junit.AutoKnownFailedTests.RunModel(AutoKnownFailedTests.java:105)
	at java.base/jdk.internal.reflect.NativeMethodAccessorImpl.invoke0(Native Method)
	at java.base/jdk.internal.reflect.NativeMethodAccessorImpl.invoke(NativeMethodAccessorImpl.java:62)
	at java.base/jdk.internal.reflect.DelegatingMethodAccessorImpl.invoke(DelegatingMethodAccessorImpl.java:43)
	at java.base/java.lang.reflect.Method.invoke(Method.java:566)
	at org.junit.runners.model.FrameworkMethod$1.runReflectiveCall(FrameworkMethod.java:44)
	at org.junit.internal.runners.model.ReflectiveCallable.run(ReflectiveCallable.java:15)
	at org.junit.runners.model.FrameworkMethod.invokeExplosively(FrameworkMethod.java:41)
	at junitparams.internal.InvokeParameterisedMethod.evaluate(InvokeParameterisedMethod.java:102)
	at org.junit.internal.runners.statements.FailOnTimeout$1.run(FailOnTimeout.java:28)
Caused by: ptolemy.kernel.util.IllegalActionException: Test fails in iteration 1.
Value was: 1.0. Should have been: 2.0
  in .DirectFeedback.Test
	at ptolemy.actor.lib.Test.fire(Test.java:268)
	at ptolemy.domains.de.kernel.DEDirector._fire(DEDirector.java:1949)
	at ptolemy.domains.de.kernel.DEDirector.fire(DEDirector.java:502)
	at ptolemy.actor.CompositeActor.fire(CompositeActor.java:455)
	at ptolemy.actor.Manager.iterate(Manager.java:851)
	at ptolemy.actor.Manager.execute(Manager.java:369)
	at ptolemy.actor.Manager.run(Manager.java:1263)
	at ptolemy.actor.Manager$PtolemyRunThread.run(Manager.java:1933)
java.lang.RuntimeException: Execution failed
	at ptolemy.moml.MoMLSimpleApplication$UnloadThread.run(MoMLSimpleApplication.java:402)
Caused by: ptolemy.kernel.util.IllegalActionException: Found a zero delay loop containing .HierarchicalModel.A
  in .HierarchicalModel and .HierarchicalModel.A
	at ptolemy.actor.util.CausalityInterfaceForComposites._computeOutputPortDepth(CausalityInterfaceForComposites.java:759)
	at ptolemy.actor.util.CausalityInterfaceForComposites._computeInputDepth(CausalityInterfaceForComposites.java:696)
	at ptolemy.actor.util.CausalityInterfaceForComposites._computeOutputPortDepth(CausalityInterfaceForComposites.java:765)
	at ptolemy.actor.util.CausalityInterfaceForComposites._computeInputDepth(CausalityInterfaceForComposites.java:696)
	at ptolemy.actor.util.CausalityInterfaceForComposites._computeOutputPortDepth(CausalityInterfaceForComposites.java:765)
	at ptolemy.actor.util.CausalityInterfaceForComposites._computeInputDepth(CausalityInterfaceForComposites.java:696)
	at ptolemy.actor.util.CausalityInterfaceForComposites._computeActorDepth(CausalityInterfaceForComposites.java:532)
	at ptolemy.actor.util.CausalityInterfaceForComposites.checkForCycles(CausalityInterfaceForComposites.java:96)
	at ptolemy.domains.de.kernel.DEDirector.preinitialize(DEDirector.java:1338)
	at ptolemy.actor.CompositeActor.preinitialize(CompositeActor.java:1828)
	at ptolemy.actor.Manager.preinitializeAndResolveTypes(Manager.java:1040)
	at ptolemy.actor.Manager.initialize(Manager.java:710)
	at ptolemy.actor.Manager.execute(Manager.java:356)
	at ptolemy.actor.Manager.run(Manager.java:1263)
	at ptolemy.actor.Manager$PtolemyRunThread.run(Manager.java:1933)
java.lang.reflect.InvocationTargetException
	at java.base/jdk.internal.reflect.NativeConstructorAccessorImpl.newInstance0(Native Method)
	at java.base/jdk.internal.reflect.NativeConstructorAccessorImpl.newInstance(NativeConstructorAccessorImpl.java:62)
	at java.base/jdk.internal.reflect.DelegatingConstructorAccessorImpl.newInstance(DelegatingConstructorAccessorImpl.java:45)
	at java.base/java.lang.reflect.Constructor.newInstance(Constructor.java:490)
	at ptolemy.util.test.junit.AutoKnownFailedTests.RunModel(AutoKnownFailedTests.java:105)
	at java.base/jdk.internal.reflect.NativeMethodAccessorImpl.invoke0(Native Method)
	at java.base/jdk.internal.reflect.NativeMethodAccessorImpl.invoke(NativeMethodAccessorImpl.java:62)
	at java.base/jdk.internal.reflect.DelegatingMethodAccessorImpl.invoke(DelegatingMethodAccessorImpl.java:43)
	at java.base/java.lang.reflect.Method.invoke(Method.java:566)
	at org.junit.runners.model.FrameworkMethod$1.runReflectiveCall(FrameworkMethod.java:44)
	at org.junit.internal.runners.model.ReflectiveCallable.run(ReflectiveCallable.java:15)
	at org.junit.runners.model.FrameworkMethod.invokeExplosively(FrameworkMethod.java:41)
	at junitparams.internal.InvokeParameterisedMethod.evaluate(InvokeParameterisedMethod.java:102)
	at org.junit.internal.runners.statements.FailOnTimeout$1.run(FailOnTimeout.java:28)
Caused by: ptolemy.kernel.util.IllegalActionException: Found a zero delay loop containing .HierarchicalModel.A
  in .HierarchicalModel and .HierarchicalModel.A
	at ptolemy.actor.util.CausalityInterfaceForComposites._computeOutputPortDepth(CausalityInterfaceForComposites.java:759)
	at ptolemy.actor.util.CausalityInterfaceForComposites._computeInputDepth(CausalityInterfaceForComposites.java:696)
	at ptolemy.actor.util.CausalityInterfaceForComposites._computeOutputPortDepth(CausalityInterfaceForComposites.java:765)
	at ptolemy.actor.util.CausalityInterfaceForComposites._computeInputDepth(CausalityInterfaceForComposites.java:696)
	at ptolemy.actor.util.CausalityInterfaceForComposites._computeOutputPortDepth(CausalityInterfaceForComposites.java:765)
	at ptolemy.actor.util.CausalityInterfaceForComposites._computeInputDepth(CausalityInterfaceForComposites.java:696)
	at ptolemy.actor.util.CausalityInterfaceForComposites._computeActorDepth(CausalityInterfaceForComposites.java:532)
	at ptolemy.actor.util.CausalityInterfaceForComposites.checkForCycles(CausalityInterfaceForComposites.java:96)
	at ptolemy.domains.de.kernel.DEDirector.preinitialize(DEDirector.java:1338)
	at ptolemy.actor.CompositeActor.preinitialize(CompositeActor.java:1828)
	at ptolemy.actor.Manager.preinitializeAndResolveTypes(Manager.java:1040)
	at ptolemy.actor.Manager.initialize(Manager.java:710)
	at ptolemy.actor.Manager.execute(Manager.java:356)
	at ptolemy.actor.Manager.run(Manager.java:1263)
	at ptolemy.actor.Manager$PtolemyRunThread.run(Manager.java:1933)
java.lang.RuntimeException: Execution failed
	at ptolemy.moml.MoMLSimpleApplication$UnloadThread.run(MoMLSimpleApplication.java:402)
Caused by: ptolemy.kernel.util.IllegalActionException: Found a zero delay loop containing .dependencyLoop.original
  in .dependencyLoop and .dependencyLoop.original
	at ptolemy.actor.util.CausalityInterfaceForComposites._computeOutputPortDepth(CausalityInterfaceForComposites.java:759)
	at ptolemy.actor.util.CausalityInterfaceForComposites._computeInputDepth(CausalityInterfaceForComposites.java:696)
	at ptolemy.actor.util.CausalityInterfaceForComposites._computeOutputPortDepth(CausalityInterfaceForComposites.java:765)
	at ptolemy.actor.util.CausalityInterfaceForComposites._computeInputDepth(CausalityInterfaceForComposites.java:696)
	at ptolemy.actor.util.CausalityInterfaceForComposites._computeOutputPortDepth(CausalityInterfaceForComposites.java:765)
	at ptolemy.actor.util.CausalityInterfaceForComposites._computeInputDepth(CausalityInterfaceForComposites.java:696)
	at ptolemy.actor.util.CausalityInterfaceForComposites._computeActorDepth(CausalityInterfaceForComposites.java:532)
	at ptolemy.actor.util.CausalityInterfaceForComposites.checkForCycles(CausalityInterfaceForComposites.java:96)
	at ptolemy.domains.de.kernel.DEDirector.preinitialize(DEDirector.java:1338)
	at ptolemy.actor.CompositeActor.preinitialize(CompositeActor.java:1828)
	at ptolemy.actor.Manager.preinitializeAndResolveTypes(Manager.java:1040)
	at ptolemy.actor.Manager.initialize(Manager.java:710)
	at ptolemy.actor.Manager.execute(Manager.java:356)
	at ptolemy.actor.Manager.run(Manager.java:1263)
	at ptolemy.actor.Manager$PtolemyRunThread.run(Manager.java:1933)
java.lang.reflect.InvocationTargetException
	at java.base/jdk.internal.reflect.NativeConstructorAccessorImpl.newInstance0(Native Method)
	at java.base/jdk.internal.reflect.NativeConstructorAccessorImpl.newInstance(NativeConstructorAccessorImpl.java:62)
	at java.base/jdk.internal.reflect.DelegatingConstructorAccessorImpl.newInstance(DelegatingConstructorAccessorImpl.java:45)
	at java.base/java.lang.reflect.Constructor.newInstance(Constructor.java:490)
	at ptolemy.util.test.junit.AutoKnownFailedTests.RunModel(AutoKnownFailedTests.java:105)
	at java.base/jdk.internal.reflect.NativeMethodAccessorImpl.invoke0(Native Method)
	at java.base/jdk.internal.reflect.NativeMethodAccessorImpl.invoke(NativeMethodAccessorImpl.java:62)
	at java.base/jdk.internal.reflect.DelegatingMethodAccessorImpl.invoke(DelegatingMethodAccessorImpl.java:43)
	at java.base/java.lang.reflect.Method.invoke(Method.java:566)
	at org.junit.runners.model.FrameworkMethod$1.runReflectiveCall(FrameworkMethod.java:44)
	at org.junit.internal.runners.model.ReflectiveCallable.run(ReflectiveCallable.java:15)
	at org.junit.runners.model.FrameworkMethod.invokeExplosively(FrameworkMethod.java:41)
	at junitparams.internal.InvokeParameterisedMethod.evaluate(InvokeParameterisedMethod.java:102)
	at org.junit.internal.runners.statements.FailOnTimeout$1.run(FailOnTimeout.java:28)
Caused by: ptolemy.kernel.util.IllegalActionException: Found a zero delay loop containing .dependencyLoop.original
  in .dependencyLoop and .dependencyLoop.original
	at ptolemy.actor.util.CausalityInterfaceForComposites._computeOutputPortDepth(CausalityInterfaceForComposites.java:759)
	at ptolemy.actor.util.CausalityInterfaceForComposites._computeInputDepth(CausalityInterfaceForComposites.java:696)
	at ptolemy.actor.util.CausalityInterfaceForComposites._computeOutputPortDepth(CausalityInterfaceForComposites.java:765)
	at ptolemy.actor.util.CausalityInterfaceForComposites._computeInputDepth(CausalityInterfaceForComposites.java:696)
	at ptolemy.actor.util.CausalityInterfaceForComposites._computeOutputPortDepth(CausalityInterfaceForComposites.java:765)
	at ptolemy.actor.util.CausalityInterfaceForComposites._computeInputDepth(CausalityInterfaceForComposites.java:696)
	at ptolemy.actor.util.CausalityInterfaceForComposites._computeActorDepth(CausalityInterfaceForComposites.java:532)
	at ptolemy.actor.util.CausalityInterfaceForComposites.checkForCycles(CausalityInterfaceForComposites.java:96)
	at ptolemy.domains.de.kernel.DEDirector.preinitialize(DEDirector.java:1338)
	at ptolemy.actor.CompositeActor.preinitialize(CompositeActor.java:1828)
	at ptolemy.actor.Manager.preinitializeAndResolveTypes(Manager.java:1040)
	at ptolemy.actor.Manager.initialize(Manager.java:710)
	at ptolemy.actor.Manager.execute(Manager.java:356)
	at ptolemy.actor.Manager.run(Manager.java:1263)
	at ptolemy.actor.Manager$PtolemyRunThread.run(Manager.java:1933)
java.lang.RuntimeException: Execution failed
	at ptolemy.moml.MoMLSimpleApplication$UnloadThread.run(MoMLSimpleApplication.java:402)
Caused by: ptolemy.kernel.util.IllegalActionException: Found a zero delay loop containing .dependencyLoop2.original
  in .dependencyLoop2 and .dependencyLoop2.original
	at ptolemy.actor.util.CausalityInterfaceForComposites._computeOutputPortDepth(CausalityInterfaceForComposites.java:759)
	at ptolemy.actor.util.CausalityInterfaceForComposites._computeInputDepth(CausalityInterfaceForComposites.java:696)
	at ptolemy.actor.util.CausalityInterfaceForComposites._computeOutputPortDepth(CausalityInterfaceForComposites.java:765)
	at ptolemy.actor.util.CausalityInterfaceForComposites._computeInputDepth(CausalityInterfaceForComposites.java:696)
	at ptolemy.actor.util.CausalityInterfaceForComposites._computeOutputPortDepth(CausalityInterfaceForComposites.java:765)
	at ptolemy.actor.util.CausalityInterfaceForComposites._computeInputDepth(CausalityInterfaceForComposites.java:696)
	at ptolemy.actor.util.CausalityInterfaceForComposites._computeActorDepth(CausalityInterfaceForComposites.java:532)
	at ptolemy.actor.util.CausalityInterfaceForComposites.checkForCycles(CausalityInterfaceForComposites.java:96)
	at ptolemy.domains.de.kernel.DEDirector.preinitialize(DEDirector.java:1338)
	at ptolemy.actor.CompositeActor.preinitialize(CompositeActor.java:1828)
	at ptolemy.actor.Manager.preinitializeAndResolveTypes(Manager.java:1040)
	at ptolemy.actor.Manager.initialize(Manager.java:710)
	at ptolemy.actor.Manager.execute(Manager.java:356)
	at ptolemy.actor.Manager.run(Manager.java:1263)
	at ptolemy.actor.Manager$PtolemyRunThread.run(Manager.java:1933)
java.lang.reflect.InvocationTargetException
	at java.base/jdk.internal.reflect.NativeConstructorAccessorImpl.newInstance0(Native Method)
	at java.base/jdk.internal.reflect.NativeConstructorAccessorImpl.newInstance(NativeConstructorAccessorImpl.java:62)
	at java.base/jdk.internal.reflect.DelegatingConstructorAccessorImpl.newInstance(DelegatingConstructorAccessorImpl.java:45)
	at java.base/java.lang.reflect.Constructor.newInstance(Constructor.java:490)
	at ptolemy.util.test.junit.AutoKnownFailedTests.RunModel(AutoKnownFailedTests.java:105)
	at java.base/jdk.internal.reflect.NativeMethodAccessorImpl.invoke0(Native Method)
	at java.base/jdk.internal.reflect.NativeMethodAccessorImpl.invoke(NativeMethodAccessorImpl.java:62)
	at java.base/jdk.internal.reflect.DelegatingMethodAccessorImpl.invoke(DelegatingMethodAccessorImpl.java:43)
	at java.base/java.lang.reflect.Method.invoke(Method.java:566)
	at org.junit.runners.model.FrameworkMethod$1.runReflectiveCall(FrameworkMethod.java:44)
	at org.junit.internal.runners.model.ReflectiveCallable.run(ReflectiveCallable.java:15)
	at org.junit.runners.model.FrameworkMethod.invokeExplosively(FrameworkMethod.java:41)
	at junitparams.internal.InvokeParameterisedMethod.evaluate(InvokeParameterisedMethod.java:102)
	at org.junit.internal.runners.statements.FailOnTimeout$1.run(FailOnTimeout.java:28)
Caused by: ptolemy.kernel.util.IllegalActionException: Found a zero delay loop containing .dependencyLoop2.original
  in .dependencyLoop2 and .dependencyLoop2.original
	at ptolemy.actor.util.CausalityInterfaceForComposites._computeOutputPortDepth(CausalityInterfaceForComposites.java:759)
	at ptolemy.actor.util.CausalityInterfaceForComposites._computeInputDepth(CausalityInterfaceForComposites.java:696)
	at ptolemy.actor.util.CausalityInterfaceForComposites._computeOutputPortDepth(CausalityInterfaceForComposites.java:765)
	at ptolemy.actor.util.CausalityInterfaceForComposites._computeInputDepth(CausalityInterfaceForComposites.java:696)
	at ptolemy.actor.util.CausalityInterfaceForComposites._computeOutputPortDepth(CausalityInterfaceForComposites.java:765)
	at ptolemy.actor.util.CausalityInterfaceForComposites._computeInputDepth(CausalityInterfaceForComposites.java:696)
	at ptolemy.actor.util.CausalityInterfaceForComposites._computeActorDepth(CausalityInterfaceForComposites.java:532)
	at ptolemy.actor.util.CausalityInterfaceForComposites.checkForCycles(CausalityInterfaceForComposites.java:96)
	at ptolemy.domains.de.kernel.DEDirector.preinitialize(DEDirector.java:1338)
	at ptolemy.actor.CompositeActor.preinitialize(CompositeActor.java:1828)
	at ptolemy.actor.Manager.preinitializeAndResolveTypes(Manager.java:1040)
	at ptolemy.actor.Manager.initialize(Manager.java:710)
	at ptolemy.actor.Manager.execute(Manager.java:356)
	at ptolemy.actor.Manager.run(Manager.java:1263)
	at ptolemy.actor.Manager$PtolemyRunThread.run(Manager.java:1933)
]]></system-err>
</testsuite>
