<?xml version="1.0" encoding="UTF-8" ?>
<testsuite errors="0" failures="0" hostname="travis-job-718fa6c0-55db-47f7-807c-5ed9a8f06422" name="ptolemy.domains.continuous.test.junit.JUnitTclTest" skipped="0" tests="156" time="68.232" timestamp="2020-09-22T15:44:53">
  <properties>
[...]
</properties>
  <testcase classname="ptolemy.util.test.junit.TclTests" name="[0] ThereAreNoTclTests (RunTclFile)" time="0.008" />
  <testcase classname="ptolemy.util.test.junit.AutoKnownFailedTests" name="[0] ThereAreNoKnowFailedTests (RunModel)" time="0.005" />
  <testcase classname="ptolemy.util.test.junit.AutoNameArchTests" name="[0] ThereAreNoAutoArchTests (RunModel)" time="0.022" />
  <testcase classname="ptolemy.util.test.junit.AutoTests" name="[0] /home/travis/build/icyphy/ptII/ptolemy/domains/continuous/test/auto/BouncingBall.xml (RunModel)" time="2.653" />
  <testcase classname="ptolemy.util.test.junit.AutoTests" name="[1] /home/travis/build/icyphy/ptII/ptolemy/domains/continuous/test/auto/BouncingBallWithoutGR.xml (RunModel)" time="0.932" />
  <testcase classname="ptolemy.util.test.junit.AutoTests" name="[2] /home/travis/build/icyphy/ptII/ptolemy/domains/continuous/test/auto/Brownian.xml (RunModel)" time="0.093" />
  <testcase classname="ptolemy.util.test.junit.AutoTests" name="[3] /home/travis/build/icyphy/ptII/ptolemy/domains/continuous/test/auto/CarTracking.xml (RunModel)" time="3.941" />
  <testcase classname="ptolemy.util.test.junit.AutoTests" name="[4] /home/travis/build/icyphy/ptII/ptolemy/domains/continuous/test/auto/CartPendulum.xml (RunModel)" time="0.474" />
  <testcase classname="ptolemy.util.test.junit.AutoTests" name="[5] /home/travis/build/icyphy/ptII/ptolemy/domains/continuous/test/auto/CausalityInterface10.xml (RunModel)" time="0.036" />
  <testcase classname="ptolemy.util.test.junit.AutoTests" name="[6] /home/travis/build/icyphy/ptII/ptolemy/domains/continuous/test/auto/CausalityInterface11.xml (RunModel)" time="0.032" />
  <testcase classname="ptolemy.util.test.junit.AutoTests" name="[7] /home/travis/build/icyphy/ptII/ptolemy/domains/continuous/test/auto/CausalityInterface12.xml (RunModel)" time="0.029" />
  <testcase classname="ptolemy.util.test.junit.AutoTests" name="[8] /home/travis/build/icyphy/ptII/ptolemy/domains/continuous/test/auto/CausalityInterface13.xml (RunModel)" time="0.031" />
  <testcase classname="ptolemy.util.test.junit.AutoTests" name="[9] /home/travis/build/icyphy/ptII/ptolemy/domains/continuous/test/auto/CausalityInterface14.xml (RunModel)" time="0.03" />
  <testcase classname="ptolemy.util.test.junit.AutoTests" name="[10] /home/travis/build/icyphy/ptII/ptolemy/domains/continuous/test/auto/CausalityInterface4.xml (RunModel)" time="0.038" />
  <testcase classname="ptolemy.util.test.junit.AutoTests" name="[11] /home/travis/build/icyphy/ptII/ptolemy/domains/continuous/test/auto/CausalityInterface5.xml (RunModel)" time="0.057" />
  <testcase classname="ptolemy.util.test.junit.AutoTests" name="[12] /home/travis/build/icyphy/ptII/ptolemy/domains/continuous/test/auto/CausalityInterface6.xml (RunModel)" time="0.023" />
  <testcase classname="ptolemy.util.test.junit.AutoTests" name="[13] /home/travis/build/icyphy/ptII/ptolemy/domains/continuous/test/auto/CausalityInterface7.xml (RunModel)" time="0.03" />
  <testcase classname="ptolemy.util.test.junit.AutoTests" name="[14] /home/travis/build/icyphy/ptII/ptolemy/domains/continuous/test/auto/CausalityInterface8.xml (RunModel)" time="0.029" />
  <testcase classname="ptolemy.util.test.junit.AutoTests" name="[15] /home/travis/build/icyphy/ptII/ptolemy/domains/continuous/test/auto/CausalityInterface9.xml (RunModel)" time="0.039" />
  <testcase classname="ptolemy.util.test.junit.AutoTests" name="[16] /home/travis/build/icyphy/ptII/ptolemy/domains/continuous/test/auto/CausalityInterfaceFeedback1.xml (RunModel)" time="0.02" />
  <testcase classname="ptolemy.util.test.junit.AutoTests" name="[17] /home/travis/build/icyphy/ptII/ptolemy/domains/continuous/test/auto/CausalityInterfaceFeedback2.xml (RunModel)" time="0.021" />
  <testcase classname="ptolemy.util.test.junit.AutoTests" name="[18] /home/travis/build/icyphy/ptII/ptolemy/domains/continuous/test/auto/CompareWithCurrentTime.xml (RunModel)" time="0.013" />
  <testcase classname="ptolemy.util.test.junit.AutoTests" name="[19] /home/travis/build/icyphy/ptII/ptolemy/domains/continuous/test/auto/ComparedClocks.xml (RunModel)" time="0.047" />
  <testcase classname="ptolemy.util.test.junit.AutoTests" name="[20] /home/travis/build/icyphy/ptII/ptolemy/domains/continuous/test/auto/ContinuousAOCClone.xml (RunModel)" time="2.394" />
  <testcase classname="ptolemy.util.test.junit.AutoTests" name="[21] /home/travis/build/icyphy/ptII/ptolemy/domains/continuous/test/auto/ContinuousClock.xml (RunModel)" time="0.101" />
  <testcase classname="ptolemy.util.test.junit.AutoTests" name="[22] /home/travis/build/icyphy/ptII/ptolemy/domains/continuous/test/auto/ContinuousInContinuous.xml (RunModel)" time="0.083" />
  <testcase classname="ptolemy.util.test.junit.AutoTests" name="[23] /home/travis/build/icyphy/ptII/ptolemy/domains/continuous/test/auto/ContinuousInContinuousInContinuous.xml (RunModel)" time="0.024" />
  <testcase classname="ptolemy.util.test.junit.AutoTests" name="[24] /home/travis/build/icyphy/ptII/ptolemy/domains/continuous/test/auto/ContinuousInDE.xml (RunModel)" time="0.084" />
  <testcase classname="ptolemy.util.test.junit.AutoTests" name="[25] /home/travis/build/icyphy/ptII/ptolemy/domains/continuous/test/auto/ContinuousInDE2.xml (RunModel)" time="0.051" />
  <testcase classname="ptolemy.util.test.junit.AutoTests" name="[26] /home/travis/build/icyphy/ptII/ptolemy/domains/continuous/test/auto/ContinuousInDE3.xml (RunModel)" time="0.06" />
  <testcase classname="ptolemy.util.test.junit.AutoTests" name="[27] /home/travis/build/icyphy/ptII/ptolemy/domains/continuous/test/auto/ContinuousInDE4.xml (RunModel)" time="0.036" />
  <testcase classname="ptolemy.util.test.junit.AutoTests" name="[28] /home/travis/build/icyphy/ptII/ptolemy/domains/continuous/test/auto/ContinuousInDEDifferentRefinements.xml (RunModel)" time="0.133" />
  <testcase classname="ptolemy.util.test.junit.AutoTests" name="[29] /home/travis/build/icyphy/ptII/ptolemy/domains/continuous/test/auto/ContinuousInDEDifferentRefinementsPreemptive.xml (RunModel)" time="0.085" />
  <testcase classname="ptolemy.util.test.junit.AutoTests" name="[30] /home/travis/build/icyphy/ptII/ptolemy/domains/continuous/test/auto/ContinuousInDEInContinuous2.xml (RunModel)" time="0.063" />
  <testcase classname="ptolemy.util.test.junit.AutoTests" name="[31] /home/travis/build/icyphy/ptII/ptolemy/domains/continuous/test/auto/ContinuousInDEInContinuous3.xml (RunModel)" time="0.065" />
  <testcase classname="ptolemy.util.test.junit.AutoTests" name="[32] /home/travis/build/icyphy/ptII/ptolemy/domains/continuous/test/auto/ContinuousInDEInput.xml (RunModel)" time="0.033" />
  <testcase classname="ptolemy.util.test.junit.AutoTests" name="[33] /home/travis/build/icyphy/ptII/ptolemy/domains/continuous/test/auto/ContinuousInDEInput2.xml (RunModel)" time="0.036" />
  <testcase classname="ptolemy.util.test.junit.AutoTests" name="[34] /home/travis/build/icyphy/ptII/ptolemy/domains/continuous/test/auto/ContinuousInDEInput3.xml (RunModel)" time="0.031" />
  <testcase classname="ptolemy.util.test.junit.AutoTests" name="[35] /home/travis/build/icyphy/ptII/ptolemy/domains/continuous/test/auto/ContinuousInDESharingRefinement.xml (RunModel)" time="0.167" />
  <testcase classname="ptolemy.util.test.junit.AutoTests" name="[36] /home/travis/build/icyphy/ptII/ptolemy/domains/continuous/test/auto/ContinuousInDEwithNoPorts.xml (RunModel)" time="0.02" />
  <testcase classname="ptolemy.util.test.junit.AutoTests" name="[37] /home/travis/build/icyphy/ptII/ptolemy/domains/continuous/test/auto/ContinuousInsideDE.xml (RunModel)" time="0.087" />
  <testcase classname="ptolemy.util.test.junit.AutoTests" name="[38] /home/travis/build/icyphy/ptII/ptolemy/domains/continuous/test/auto/ContinuousMerge1.xml (RunModel)" time="0.014" />
  <testcase classname="ptolemy.util.test.junit.AutoTests" name="[39] /home/travis/build/icyphy/ptII/ptolemy/domains/continuous/test/auto/ContinuousMerge2.xml (RunModel)" time="0.044" />
  <testcase classname="ptolemy.util.test.junit.AutoTests" name="[40] /home/travis/build/icyphy/ptII/ptolemy/domains/continuous/test/auto/ContinuousMerge3.xml (RunModel)" time="0.067" />
  <testcase classname="ptolemy.util.test.junit.AutoTests" name="[41] /home/travis/build/icyphy/ptII/ptolemy/domains/continuous/test/auto/ContinuousWithinContinuous.xml (RunModel)" time="0.054" />
  <testcase classname="ptolemy.util.test.junit.AutoTests" name="[42] /home/travis/build/icyphy/ptII/ptolemy/domains/continuous/test/auto/ContinuousWithinContinuous2.xml (RunModel)" time="0.08" />
  <testcase classname="ptolemy.util.test.junit.AutoTests" name="[43] /home/travis/build/icyphy/ptII/ptolemy/domains/continuous/test/auto/ContinuousWithinContinuous3.xml (RunModel)" time="0.027" />
  <testcase classname="ptolemy.util.test.junit.AutoTests" name="[44] /home/travis/build/icyphy/ptII/ptolemy/domains/continuous/test/auto/ContinuousWithinContinuous4.xml (RunModel)" time="0.107" />
  <testcase classname="ptolemy.util.test.junit.AutoTests" name="[45] /home/travis/build/icyphy/ptII/ptolemy/domains/continuous/test/auto/ContinuousWithinContinuous5.xml (RunModel)" time="0.028" />
  <testcase classname="ptolemy.util.test.junit.AutoTests" name="[46] /home/travis/build/icyphy/ptII/ptolemy/domains/continuous/test/auto/ContinuousWithinContinuous6.xml (RunModel)" time="0.031" />
  <testcase classname="ptolemy.util.test.junit.AutoTests" name="[47] /home/travis/build/icyphy/ptII/ptolemy/domains/continuous/test/auto/ContinuousWithinContinuous7.xml (RunModel)" time="0.085" />
  <testcase classname="ptolemy.util.test.junit.AutoTests" name="[48] /home/travis/build/icyphy/ptII/ptolemy/domains/continuous/test/auto/DCMotor.xml (RunModel)" time="12.759" />
  <testcase classname="ptolemy.util.test.junit.AutoTests" name="[49] /home/travis/build/icyphy/ptII/ptolemy/domains/continuous/test/auto/DEInContinuous.xml (RunModel)" time="0.027" />
  <testcase classname="ptolemy.util.test.junit.AutoTests" name="[50] /home/travis/build/icyphy/ptII/ptolemy/domains/continuous/test/auto/DEinContinuous2.xml (RunModel)" time="0.024" />
  <testcase classname="ptolemy.util.test.junit.AutoTests" name="[51] /home/travis/build/icyphy/ptII/ptolemy/domains/continuous/test/auto/Derivative.xml (RunModel)" time="0.17" />
  <testcase classname="ptolemy.util.test.junit.AutoTests" name="[52] /home/travis/build/icyphy/ptII/ptolemy/domains/continuous/test/auto/Derivative1.xml (RunModel)" time="0.04" />
  <testcase classname="ptolemy.util.test.junit.AutoTests" name="[53] /home/travis/build/icyphy/ptII/ptolemy/domains/continuous/test/auto/DiscreteClock.xml (RunModel)" time="0.012" />
  <testcase classname="ptolemy.util.test.junit.AutoTests" name="[54] /home/travis/build/icyphy/ptII/ptolemy/domains/continuous/test/auto/EfficiencyCurve.xml (RunModel)" time="0.069" />
  <testcase classname="ptolemy.util.test.junit.AutoTests" name="[55] /home/travis/build/icyphy/ptII/ptolemy/domains/continuous/test/auto/ExponentialResponse.xml (RunModel)" time="0.094" />
  <testcase classname="ptolemy.util.test.junit.AutoTests" name="[56] /home/travis/build/icyphy/ptII/ptolemy/domains/continuous/test/auto/ExponentialResponseRK45.xml (RunModel)" time="0.031" />
  <testcase classname="ptolemy.util.test.junit.AutoTests" name="[57] /home/travis/build/icyphy/ptII/ptolemy/domains/continuous/test/auto/Friction.xml (RunModel)" time="1.556" />
  <testcase classname="ptolemy.util.test.junit.AutoTests" name="[58] /home/travis/build/icyphy/ptII/ptolemy/domains/continuous/test/auto/FurutaPendulum.xml (RunModel)" time="3.121" />
  <testcase classname="ptolemy.util.test.junit.AutoTests" name="[59] /home/travis/build/icyphy/ptII/ptolemy/domains/continuous/test/auto/HierarchicalExecution.xml (RunModel)" time="2.301" />
  <testcase classname="ptolemy.util.test.junit.AutoTests" name="[60] /home/travis/build/icyphy/ptII/ptolemy/domains/continuous/test/auto/HybridPlant.xml (RunModel)" time="0.554" />
  <testcase classname="ptolemy.util.test.junit.AutoTests" name="[61] /home/travis/build/icyphy/ptII/ptolemy/domains/continuous/test/auto/Hysteresis.xml (RunModel)" time="0.17" />
  <testcase classname="ptolemy.util.test.junit.AutoTests" name="[62] /home/travis/build/icyphy/ptII/ptolemy/domains/continuous/test/auto/HysteresisWithRandomDelay.xml (RunModel)" time="0.209" />
  <testcase classname="ptolemy.util.test.junit.AutoTests" name="[63] /home/travis/build/icyphy/ptII/ptolemy/domains/continuous/test/auto/HysteresisWithRandomLosses.xml (RunModel)" time="2.247" />
  <testcase classname="ptolemy.util.test.junit.AutoTests" name="[64] /home/travis/build/icyphy/ptII/ptolemy/domains/continuous/test/auto/ImmediateTransitions.xml (RunModel)" time="0.032" />
  <testcase classname="ptolemy.util.test.junit.AutoTests" name="[65] /home/travis/build/icyphy/ptII/ptolemy/domains/continuous/test/auto/ImpulseFeedback.xml (RunModel)" time="0.021" />
  <testcase classname="ptolemy.util.test.junit.AutoTests" name="[66] /home/travis/build/icyphy/ptII/ptolemy/domains/continuous/test/auto/ImpulseFeedback2.xml (RunModel)" time="0.014" />
  <testcase classname="ptolemy.util.test.junit.AutoTests" name="[67] /home/travis/build/icyphy/ptII/ptolemy/domains/continuous/test/auto/IncreasingRatePoisson.xml (RunModel)" time="0.637" />
  <testcase classname="ptolemy.util.test.junit.AutoTests" name="[68] /home/travis/build/icyphy/ptII/ptolemy/domains/continuous/test/auto/InitialStateFeedback.xml (RunModel)" time="0.012" />
  <testcase classname="ptolemy.util.test.junit.AutoTests" name="[69] /home/travis/build/icyphy/ptII/ptolemy/domains/continuous/test/auto/Integration.xml (RunModel)" time="0.008" />
  <testcase classname="ptolemy.util.test.junit.AutoTests" name="[70] /home/travis/build/icyphy/ptII/ptolemy/domains/continuous/test/auto/Integration2.xml (RunModel)" time="0.075" />
  <testcase classname="ptolemy.util.test.junit.AutoTests" name="[71] /home/travis/build/icyphy/ptII/ptolemy/domains/continuous/test/auto/Integration3.xml (RunModel)" time="0.02" />
  <testcase classname="ptolemy.util.test.junit.AutoTests" name="[72] /home/travis/build/icyphy/ptII/ptolemy/domains/continuous/test/auto/Integration5.xml (RunModel)" time="0.009" />
  <testcase classname="ptolemy.util.test.junit.AutoTests" name="[73] /home/travis/build/icyphy/ptII/ptolemy/domains/continuous/test/auto/IntegratorImpulse.xml (RunModel)" time="0.015" />
  <testcase classname="ptolemy.util.test.junit.AutoTests" name="[74] /home/travis/build/icyphy/ptII/ptolemy/domains/continuous/test/auto/IntegratorImpulse2.xml (RunModel)" time="0.01" />
  <testcase classname="ptolemy.util.test.junit.AutoTests" name="[75] /home/travis/build/icyphy/ptII/ptolemy/domains/continuous/test/auto/LevelCrossing1.xml (RunModel)" time="0.01" />
  <testcase classname="ptolemy.util.test.junit.AutoTests" name="[76] /home/travis/build/icyphy/ptII/ptolemy/domains/continuous/test/auto/LevelCrossing2.xml (RunModel)" time="0.017" />
  <testcase classname="ptolemy.util.test.junit.AutoTests" name="[77] /home/travis/build/icyphy/ptII/ptolemy/domains/continuous/test/auto/LevelCrossing3.xml (RunModel)" time="0.012" />
  <testcase classname="ptolemy.util.test.junit.AutoTests" name="[78] /home/travis/build/icyphy/ptII/ptolemy/domains/continuous/test/auto/LevelCrossing4.xml (RunModel)" time="0.015" />
  <testcase classname="ptolemy.util.test.junit.AutoTests" name="[79] /home/travis/build/icyphy/ptII/ptolemy/domains/continuous/test/auto/LevelCrossing5.xml (RunModel)" time="0.012" />
  <testcase classname="ptolemy.util.test.junit.AutoTests" name="[80] /home/travis/build/icyphy/ptII/ptolemy/domains/continuous/test/auto/LevelCrossing6.xml (RunModel)" time="0.011" />
  <testcase classname="ptolemy.util.test.junit.AutoTests" name="[81] /home/travis/build/icyphy/ptII/ptolemy/domains/continuous/test/auto/LevelCrossingDetector.xml (RunModel)" time="0.035" />
  <testcase classname="ptolemy.util.test.junit.AutoTests" name="[82] /home/travis/build/icyphy/ptII/ptolemy/domains/continuous/test/auto/LevelCrossingDetectorDetectingDirections.xml (RunModel)" time="0.085" />
  <testcase classname="ptolemy.util.test.junit.AutoTests" name="[83] /home/travis/build/icyphy/ptII/ptolemy/domains/continuous/test/auto/LevelCrossingDetectorDetectsGlitches.xml (RunModel)" time="0.072" />
  <testcase classname="ptolemy.util.test.junit.AutoTests" name="[84] /home/travis/build/icyphy/ptII/ptolemy/domains/continuous/test/auto/LevelCrossingNoInitialOuput.xml (RunModel)" time="0.013" />
  <testcase classname="ptolemy.util.test.junit.AutoTests" name="[85] /home/travis/build/icyphy/ptII/ptolemy/domains/continuous/test/auto/LinearStateSpaceExample.xml (RunModel)" time="0.057" />
  <testcase classname="ptolemy.util.test.junit.AutoTests" name="[86] /home/travis/build/icyphy/ptII/ptolemy/domains/continuous/test/auto/Lorenz.xml (RunModel)" time="3.291" />
  <testcase classname="ptolemy.util.test.junit.AutoTests" name="[87] /home/travis/build/icyphy/ptII/ptolemy/domains/continuous/test/auto/LorenzDifferentialSystem.xml (RunModel)" time="0.885" />
  <testcase classname="ptolemy.util.test.junit.AutoTests" name="[88] /home/travis/build/icyphy/ptII/ptolemy/domains/continuous/test/auto/LorenzDifferentialSystemWithInput.xml (RunModel)" time="1.181" />
  <testcase classname="ptolemy.util.test.junit.AutoTests" name="[89] /home/travis/build/icyphy/ptII/ptolemy/domains/continuous/test/auto/LorenzDifferentialSystemWithTime.xml (RunModel)" time="0.692" />
  <testcase classname="ptolemy.util.test.junit.AutoTests" name="[90] /home/travis/build/icyphy/ptII/ptolemy/domains/continuous/test/auto/Microsteps.xml (RunModel)" time="0.026" />
  <testcase classname="ptolemy.util.test.junit.AutoTests" name="[91] /home/travis/build/icyphy/ptII/ptolemy/domains/continuous/test/auto/Modal1.xml (RunModel)" time="0.036" />
  <testcase classname="ptolemy.util.test.junit.AutoTests" name="[92] /home/travis/build/icyphy/ptII/ptolemy/domains/continuous/test/auto/Modal2.xml (RunModel)" time="0.044" />
  <testcase classname="ptolemy.util.test.junit.AutoTests" name="[93] /home/travis/build/icyphy/ptII/ptolemy/domains/continuous/test/auto/ModalTransitionGuardWithReset.xml (RunModel)" time="0.026" />
  <testcase classname="ptolemy.util.test.junit.AutoTests" name="[94] /home/travis/build/icyphy/ptII/ptolemy/domains/continuous/test/auto/ModalTransitionGuardWithResetUsingPreemptiveTransition.xml (RunModel)" time="0.028" />
  <testcase classname="ptolemy.util.test.junit.AutoTests" name="[95] /home/travis/build/icyphy/ptII/ptolemy/domains/continuous/test/auto/ModalTransitionGuardWithResetUsingPreemptiveTransition2.xml (RunModel)" time="0.026" />
  <testcase classname="ptolemy.util.test.junit.AutoTests" name="[96] /home/travis/build/icyphy/ptII/ptolemy/domains/continuous/test/auto/ModalTransitionGuardWithResetUsingPreemptiveTransition3.xml (RunModel)" time="0.031" />
  <testcase classname="ptolemy.util.test.junit.AutoTests" name="[97] /home/travis/build/icyphy/ptII/ptolemy/domains/continuous/test/auto/NewtonsCradle.xml (RunModel)" time="0.778" />
  <testcase classname="ptolemy.util.test.junit.AutoTests" name="[98] /home/travis/build/icyphy/ptII/ptolemy/domains/continuous/test/auto/NewtonsCradleAnimated.xml (RunModel)" time="1.173" />
  <testcase classname="ptolemy.util.test.junit.AutoTests" name="[99] /home/travis/build/icyphy/ptII/ptolemy/domains/continuous/test/auto/NewtonsCradleComplicated.xml (RunModel)" time="0.8" />
  <testcase classname="ptolemy.util.test.junit.AutoTests" name="[100] /home/travis/build/icyphy/ptII/ptolemy/domains/continuous/test/auto/NewtonsCradleNondeterministic.xml (RunModel)" time="0.614" />
  <testcase classname="ptolemy.util.test.junit.AutoTests" name="[101] /home/travis/build/icyphy/ptII/ptolemy/domains/continuous/test/auto/NewtonsCradlePerfectlyInelastic1.xml (RunModel)" time="1.154" />
  <testcase classname="ptolemy.util.test.junit.AutoTests" name="[102] /home/travis/build/icyphy/ptII/ptolemy/domains/continuous/test/auto/Noise.xml (RunModel)" time="0.177" />
  <testcase classname="ptolemy.util.test.junit.AutoTests" name="[103] /home/travis/build/icyphy/ptII/ptolemy/domains/continuous/test/auto/NoiseSpectrum.xml (RunModel)" time="0.663" />
  <testcase classname="ptolemy.util.test.junit.AutoTests" name="[104] /home/travis/build/icyphy/ptII/ptolemy/domains/continuous/test/auto/ParameterizedNewtonsCradleAnimated.xml (RunModel)" time="0.315" />
  <testcase classname="ptolemy.util.test.junit.AutoTests" name="[105] /home/travis/build/icyphy/ptII/ptolemy/domains/continuous/test/auto/ParameterizedNewtonsCradleAnimatedNondeterministic.xml (RunModel)" time="1.036" />
  <testcase classname="ptolemy.util.test.junit.AutoTests" name="[106] /home/travis/build/icyphy/ptII/ptolemy/domains/continuous/test/auto/Pendulum3D.xml (RunModel)" time="0.163" />
  <testcase classname="ptolemy.util.test.junit.AutoTests" name="[107] /home/travis/build/icyphy/ptII/ptolemy/domains/continuous/test/auto/PeriodicSampler.xml (RunModel)" time="0.015" />
  <testcase classname="ptolemy.util.test.junit.AutoTests" name="[108] /home/travis/build/icyphy/ptII/ptolemy/domains/continuous/test/auto/PeriodicSampler1.xml (RunModel)" time="0.045" />
  <testcase classname="ptolemy.util.test.junit.AutoTests" name="[109] /home/travis/build/icyphy/ptII/ptolemy/domains/continuous/test/auto/PeriodicSampler2.xml (RunModel)" time="0.082" />
  <testcase classname="ptolemy.util.test.junit.AutoTests" name="[110] /home/travis/build/icyphy/ptII/ptolemy/domains/continuous/test/auto/Poisson.xml (RunModel)" time="0.362" />
  <testcase classname="ptolemy.util.test.junit.AutoTests" name="[111] /home/travis/build/icyphy/ptII/ptolemy/domains/continuous/test/auto/PoissonClock.xml (RunModel)" time="0.011" />
  <testcase classname="ptolemy.util.test.junit.AutoTests" name="[112] /home/travis/build/icyphy/ptII/ptolemy/domains/continuous/test/auto/PoissonClock2.xml (RunModel)" time="0.014" />
  <testcase classname="ptolemy.util.test.junit.AutoTests" name="[113] /home/travis/build/icyphy/ptII/ptolemy/domains/continuous/test/auto/PortParameterHierarchy.xml (RunModel)" time="0.023" />
  <testcase classname="ptolemy.util.test.junit.AutoTests" name="[114] /home/travis/build/icyphy/ptII/ptolemy/domains/continuous/test/auto/RandomHybridPlant.xml (RunModel)" time="0.544" />
  <testcase classname="ptolemy.util.test.junit.AutoTests" name="[115] /home/travis/build/icyphy/ptII/ptolemy/domains/continuous/test/auto/ResetTransitionWithStartTime1.xml (RunModel)" time="0.034" />
  <testcase classname="ptolemy.util.test.junit.AutoTests" name="[116] /home/travis/build/icyphy/ptII/ptolemy/domains/continuous/test/auto/ResetTransitionWithStartTime2.xml (RunModel)" time="0.033" />
  <testcase classname="ptolemy.util.test.junit.AutoTests" name="[117] /home/travis/build/icyphy/ptII/ptolemy/domains/continuous/test/auto/ResetTransitionWithStartTime3.xml (RunModel)" time="0.032" />
  <testcase classname="ptolemy.util.test.junit.AutoTests" name="[118] /home/travis/build/icyphy/ptII/ptolemy/domains/continuous/test/auto/ResetTransitionWithStartTime4.xml (RunModel)" time="0.022" />
  <testcase classname="ptolemy.util.test.junit.AutoTests" name="[119] /home/travis/build/icyphy/ptII/ptolemy/domains/continuous/test/auto/ResetTransitionWithStartTime5.xml (RunModel)" time="0.029" />
  <testcase classname="ptolemy.util.test.junit.AutoTests" name="[120] /home/travis/build/icyphy/ptII/ptolemy/domains/continuous/test/auto/ResetTransitionWithStartTime6.xml (RunModel)" time="0.021" />
  <testcase classname="ptolemy.util.test.junit.AutoTests" name="[121] /home/travis/build/icyphy/ptII/ptolemy/domains/continuous/test/auto/SRinContinuous.xml (RunModel)" time="0.018" />
  <testcase classname="ptolemy.util.test.junit.AutoTests" name="[122] /home/travis/build/icyphy/ptII/ptolemy/domains/continuous/test/auto/SampledClocks.xml (RunModel)" time="0.027" />
  <testcase classname="ptolemy.util.test.junit.AutoTests" name="[123] /home/travis/build/icyphy/ptII/ptolemy/domains/continuous/test/auto/Satellite.xml (RunModel)" time="0.61" />
  <testcase classname="ptolemy.util.test.junit.AutoTests" name="[124] /home/travis/build/icyphy/ptII/ptolemy/domains/continuous/test/auto/SigmaDelta.xml (RunModel)" time="2.289" />
  <testcase classname="ptolemy.util.test.junit.AutoTests" name="[125] /home/travis/build/icyphy/ptII/ptolemy/domains/continuous/test/auto/SingleRefinement.xml (RunModel)" time="0.528" />
  <testcase classname="ptolemy.util.test.junit.AutoTests" name="[126] /home/travis/build/icyphy/ptII/ptolemy/domains/continuous/test/auto/SinuBouncingBall.xml (RunModel)" time="0.775" />
  <testcase classname="ptolemy.util.test.junit.AutoTests" name="[127] /home/travis/build/icyphy/ptII/ptolemy/domains/continuous/test/auto/Sinusoid.xml (RunModel)" time="0.015" />
  <testcase classname="ptolemy.util.test.junit.AutoTests" name="[128] /home/travis/build/icyphy/ptII/ptolemy/domains/continuous/test/auto/SinusoidInNoise.xml (RunModel)" time="0.804" />
  <testcase classname="ptolemy.util.test.junit.AutoTests" name="[129] /home/travis/build/icyphy/ptII/ptolemy/domains/continuous/test/auto/SinusoidRK45.xml (RunModel)" time="0.009" />
  <testcase classname="ptolemy.util.test.junit.AutoTests" name="[130] /home/travis/build/icyphy/ptII/ptolemy/domains/continuous/test/auto/SinusoidWithMultipleImpulses.xml (RunModel)" time="0.009" />
  <testcase classname="ptolemy.util.test.junit.AutoTests" name="[131] /home/travis/build/icyphy/ptII/ptolemy/domains/continuous/test/auto/SquareWave.xml (RunModel)" time="0.166" />
  <testcase classname="ptolemy.util.test.junit.AutoTests" name="[132] /home/travis/build/icyphy/ptII/ptolemy/domains/continuous/test/auto/Starmac.xml (RunModel)" time="3.337" />
  <testcase classname="ptolemy.util.test.junit.AutoTests" name="[133] /home/travis/build/icyphy/ptII/ptolemy/domains/continuous/test/auto/StaticUnits.xml (RunModel)" time="2.206" />
  <testcase classname="ptolemy.util.test.junit.AutoTests" name="[134] /home/travis/build/icyphy/ptII/ptolemy/domains/continuous/test/auto/StickyMasses.xml (RunModel)" time="0.185" />
  <testcase classname="ptolemy.util.test.junit.AutoTests" name="[135] /home/travis/build/icyphy/ptII/ptolemy/domains/continuous/test/auto/StopTime.xml (RunModel)" time="0.058" />
  <testcase classname="ptolemy.util.test.junit.AutoTests" name="[136] /home/travis/build/icyphy/ptII/ptolemy/domains/continuous/test/auto/StopTime2.xml (RunModel)" time="0.056" />
  <testcase classname="ptolemy.util.test.junit.AutoTests" name="[137] /home/travis/build/icyphy/ptII/ptolemy/domains/continuous/test/auto/Switch.xml (RunModel)" time="0.061" />
  <testcase classname="ptolemy.util.test.junit.AutoTests" name="[138] /home/travis/build/icyphy/ptII/ptolemy/domains/continuous/test/auto/Thermostat.xml (RunModel)" time="0.197" />
  <testcase classname="ptolemy.util.test.junit.AutoTests" name="[139] /home/travis/build/icyphy/ptII/ptolemy/domains/continuous/test/auto/TimeDelay.xml (RunModel)" time="0.013" />
  <testcase classname="ptolemy.util.test.junit.AutoTests" name="[140] /home/travis/build/icyphy/ptII/ptolemy/domains/continuous/test/auto/TimeDelay2.xml (RunModel)" time="0.021" />
  <testcase classname="ptolemy.util.test.junit.AutoTests" name="[141] /home/travis/build/icyphy/ptII/ptolemy/domains/continuous/test/auto/TimeDelay3.xml (RunModel)" time="0.014" />
  <testcase classname="ptolemy.util.test.junit.AutoTests" name="[142] /home/travis/build/icyphy/ptII/ptolemy/domains/continuous/test/auto/TransferAbsentToInside.xml (RunModel)" time="0.104" />
  <testcase classname="ptolemy.util.test.junit.AutoTests" name="[143] /home/travis/build/icyphy/ptII/ptolemy/domains/continuous/test/auto/Transmission.xml (RunModel)" time="0.774" />
  <testcase classname="ptolemy.util.test.junit.AutoTests" name="[144] /home/travis/build/icyphy/ptII/ptolemy/domains/continuous/test/auto/TriggeredContinuousClock.xml (RunModel)" time="0.062" />
  <testcase classname="ptolemy.util.test.junit.AutoTests" name="[145] /home/travis/build/icyphy/ptII/ptolemy/domains/continuous/test/auto/TwoMachineInfiniteBusControl.xml (RunModel)" time="2.386" />
  <testcase classname="ptolemy.util.test.junit.AutoTests" name="[146] /home/travis/build/icyphy/ptII/ptolemy/domains/continuous/test/auto/V2V.xml (RunModel)" time="0.712" />
  <testcase classname="ptolemy.util.test.junit.AutoTests" name="[147] /home/travis/build/icyphy/ptII/ptolemy/domains/continuous/test/auto/hierarchicalModalModel.xml (RunModel)" time="0.029" />
  <testcase classname="ptolemy.util.test.junit.AutoTests" name="[148] /home/travis/build/icyphy/ptII/ptolemy/domains/continuous/test/auto/hierarchicalModalModel1.xml (RunModel)" time="0.032" />
  <testcase classname="ptolemy.util.test.junit.AutoTests" name="[149] /home/travis/build/icyphy/ptII/ptolemy/domains/continuous/test/auto/hierarchicalModalModel2.xml (RunModel)" time="0.024" />
  <testcase classname="ptolemy.util.test.junit.AutoTests" name="[150] /home/travis/build/icyphy/ptII/ptolemy/domains/continuous/test/auto/hierarchicalModalModel3.xml (RunModel)" time="0.019" />
  <testcase classname="ptolemy.util.test.junit.AutoTests" name="[151] /home/travis/build/icyphy/ptII/ptolemy/domains/continuous/test/auto/hierarchicalModalModel4.xml (RunModel)" time="0.025" />
  <testcase classname="ptolemy.util.test.junit.AutoTests" name="[152] /home/travis/build/icyphy/ptII/ptolemy/domains/continuous/test/auto/junk.xml (RunModel)" time="0.14" />
  <system-out><![CDATA[No tcl tests in /home/travis/build/icyphy/ptII/ptolemy/domains/continuous/test
No auto/knownFailedTests/*.xml tests in /home/travis/build/icyphy/ptII/ptolemy/domains/continuous/test
No auto/linux-amd64/*.xml tests in /home/travis/build/icyphy/ptII/ptolemy/domains/continuous/test
AutoTests.java: About to close Vertx.
AutoTests.java: Vertx closed.

===========================================================================================
----------------- testing Tue Sep 22 15:44:53 UTC 2020 /home/travis/build/icyphy/ptII/ptolemy/domains/continuous/test/auto/BouncingBall.xml
----------------- Instantiating /home/travis/build/icyphy/ptII/ptolemy/domains/continuous/test/auto/BouncingBall.xml
2072 ms. Memory: 129024K Free: 102497K (79%)
----------------- Invoking toplevel() on ptolemy.moml.MoMLSimpleApplication@34cb5e90
----------------- Done invoking toplevel() on ptolemy.moml.MoMLSimpleApplication@34cb5e90
reloadAllAccessors: .BouncingBall

===========================================================================================
----------------- testing Tue Sep 22 15:44:56 UTC 2020 /home/travis/build/icyphy/ptII/ptolemy/domains/continuous/test/auto/BouncingBallWithoutGR.xml
----------------- Instantiating /home/travis/build/icyphy/ptII/ptolemy/domains/continuous/test/auto/BouncingBallWithoutGR.xml
793 ms. Memory: 155648K Free: 97348K (63%)
----------------- Invoking toplevel() on ptolemy.moml.MoMLSimpleApplication@251af5a8
----------------- Done invoking toplevel() on ptolemy.moml.MoMLSimpleApplication@251af5a8
reloadAllAccessors: .BouncingBallWithoutGR

===========================================================================================
----------------- testing Tue Sep 22 15:44:57 UTC 2020 /home/travis/build/icyphy/ptII/ptolemy/domains/continuous/test/auto/Brownian.xml
----------------- Instantiating /home/travis/build/icyphy/ptII/ptolemy/domains/continuous/test/auto/Brownian.xml
20 ms. Memory: 155648K Free: 88646K (57%)
----------------- Invoking toplevel() on ptolemy.moml.MoMLSimpleApplication@4237c2d6
----------------- Done invoking toplevel() on ptolemy.moml.MoMLSimpleApplication@4237c2d6
reloadAllAccessors: .Brownian

===========================================================================================
----------------- testing Tue Sep 22 15:44:57 UTC 2020 /home/travis/build/icyphy/ptII/ptolemy/domains/continuous/test/auto/CarTracking.xml
----------------- Instantiating /home/travis/build/icyphy/ptII/ptolemy/domains/continuous/test/auto/CarTracking.xml
3416 ms. Memory: 187392K Free: 77482K (41%)
----------------- Invoking toplevel() on ptolemy.moml.MoMLSimpleApplication@7f463f80
----------------- Done invoking toplevel() on ptolemy.moml.MoMLSimpleApplication@7f463f80
reloadAllAccessors: .CarTracking

===========================================================================================
----------------- testing Tue Sep 22 15:45:01 UTC 2020 /home/travis/build/icyphy/ptII/ptolemy/domains/continuous/test/auto/CartPendulum.xml
----------------- Instantiating /home/travis/build/icyphy/ptII/ptolemy/domains/continuous/test/auto/CartPendulum.xml
356 ms. Memory: 225280K Free: 130987K (58%)
----------------- Invoking toplevel() on ptolemy.moml.MoMLSimpleApplication@768f0a17
----------------- Done invoking toplevel() on ptolemy.moml.MoMLSimpleApplication@768f0a17
reloadAllAccessors: .CartPendulum

===========================================================================================
----------------- testing Tue Sep 22 15:45:01 UTC 2020 /home/travis/build/icyphy/ptII/ptolemy/domains/continuous/test/auto/CausalityInterface10.xml
----------------- Instantiating /home/travis/build/icyphy/ptII/ptolemy/domains/continuous/test/auto/CausalityInterface10.xml
7 ms. Memory: 225280K Free: 120747K (54%)
----------------- Invoking toplevel() on ptolemy.moml.MoMLSimpleApplication@1f2f6b3b
----------------- Done invoking toplevel() on ptolemy.moml.MoMLSimpleApplication@1f2f6b3b
reloadAllAccessors: .CausalityInterface10

===========================================================================================
----------------- testing Tue Sep 22 15:45:01 UTC 2020 /home/travis/build/icyphy/ptII/ptolemy/domains/continuous/test/auto/CausalityInterface11.xml
----------------- Instantiating /home/travis/build/icyphy/ptII/ptolemy/domains/continuous/test/auto/CausalityInterface11.xml
6 ms. Memory: 225280K Free: 114603K (51%)
----------------- Invoking toplevel() on ptolemy.moml.MoMLSimpleApplication@3c8677b3
----------------- Done invoking toplevel() on ptolemy.moml.MoMLSimpleApplication@3c8677b3
reloadAllAccessors: .CausalityInterface11

===========================================================================================
----------------- testing Tue Sep 22 15:45:01 UTC 2020 /home/travis/build/icyphy/ptII/ptolemy/domains/continuous/test/auto/CausalityInterface12.xml
----------------- Instantiating /home/travis/build/icyphy/ptII/ptolemy/domains/continuous/test/auto/CausalityInterface12.xml
3 ms. Memory: 225280K Free: 108459K (48%)
----------------- Invoking toplevel() on ptolemy.moml.MoMLSimpleApplication@1a4a24c5
----------------- Done invoking toplevel() on ptolemy.moml.MoMLSimpleApplication@1a4a24c5
reloadAllAccessors: .CausalityInterface12

===========================================================================================
----------------- testing Tue Sep 22 15:45:01 UTC 2020 /home/travis/build/icyphy/ptII/ptolemy/domains/continuous/test/auto/CausalityInterface13.xml
----------------- Instantiating /home/travis/build/icyphy/ptII/ptolemy/domains/continuous/test/auto/CausalityInterface13.xml
4 ms. Memory: 225280K Free: 102315K (45%)
----------------- Invoking toplevel() on ptolemy.moml.MoMLSimpleApplication@77b78468
----------------- Done invoking toplevel() on ptolemy.moml.MoMLSimpleApplication@77b78468
reloadAllAccessors: .CausalityInterface13

===========================================================================================
----------------- testing Tue Sep 22 15:45:01 UTC 2020 /home/travis/build/icyphy/ptII/ptolemy/domains/continuous/test/auto/CausalityInterface14.xml
----------------- Instantiating /home/travis/build/icyphy/ptII/ptolemy/domains/continuous/test/auto/CausalityInterface14.xml
4 ms. Memory: 225280K Free: 96651K (43%)
----------------- Invoking toplevel() on ptolemy.moml.MoMLSimpleApplication@5fca8191
----------------- Done invoking toplevel() on ptolemy.moml.MoMLSimpleApplication@5fca8191
reloadAllAccessors: .CausalityInterface14

===========================================================================================
----------------- testing Tue Sep 22 15:45:01 UTC 2020 /home/travis/build/icyphy/ptII/ptolemy/domains/continuous/test/auto/CausalityInterface4.xml
----------------- Instantiating /home/travis/build/icyphy/ptII/ptolemy/domains/continuous/test/auto/CausalityInterface4.xml
10 ms. Memory: 225280K Free: 90027K (40%)
----------------- Invoking toplevel() on ptolemy.moml.MoMLSimpleApplication@3fe29be5
----------------- Done invoking toplevel() on ptolemy.moml.MoMLSimpleApplication@3fe29be5
reloadAllAccessors: .CausalityInterface4

===========================================================================================
----------------- testing Tue Sep 22 15:45:01 UTC 2020 /home/travis/build/icyphy/ptII/ptolemy/domains/continuous/test/auto/CausalityInterface5.xml
----------------- Instantiating /home/travis/build/icyphy/ptII/ptolemy/domains/continuous/test/auto/CausalityInterface5.xml
13 ms. Memory: 225280K Free: 81321K (36%)
----------------- Invoking toplevel() on ptolemy.moml.MoMLSimpleApplication@21f5005d
----------------- Done invoking toplevel() on ptolemy.moml.MoMLSimpleApplication@21f5005d
reloadAllAccessors: .CausalityInterface5

===========================================================================================
----------------- testing Tue Sep 22 15:45:01 UTC 2020 /home/travis/build/icyphy/ptII/ptolemy/domains/continuous/test/auto/CausalityInterface6.xml
----------------- Instantiating /home/travis/build/icyphy/ptII/ptolemy/domains/continuous/test/auto/CausalityInterface6.xml
8 ms. Memory: 225280K Free: 209855K (93%)
----------------- Invoking toplevel() on ptolemy.moml.MoMLSimpleApplication@69288c2a
----------------- Done invoking toplevel() on ptolemy.moml.MoMLSimpleApplication@69288c2a
reloadAllAccessors: .CausalityInterface6

===========================================================================================
----------------- testing Tue Sep 22 15:45:01 UTC 2020 /home/travis/build/icyphy/ptII/ptolemy/domains/continuous/test/auto/CausalityInterface7.xml
----------------- Instantiating /home/travis/build/icyphy/ptII/ptolemy/domains/continuous/test/auto/CausalityInterface7.xml
6 ms. Memory: 225280K Free: 200682K (89%)
----------------- Invoking toplevel() on ptolemy.moml.MoMLSimpleApplication@658e53e1
----------------- Done invoking toplevel() on ptolemy.moml.MoMLSimpleApplication@658e53e1
reloadAllAccessors: .CausalityInterface7

===========================================================================================
----------------- testing Tue Sep 22 15:45:02 UTC 2020 /home/travis/build/icyphy/ptII/ptolemy/domains/continuous/test/auto/CausalityInterface8.xml
----------------- Instantiating /home/travis/build/icyphy/ptII/ptolemy/domains/continuous/test/auto/CausalityInterface8.xml
4 ms. Memory: 225280K Free: 191466K (85%)
----------------- Invoking toplevel() on ptolemy.moml.MoMLSimpleApplication@ddad710
----------------- Done invoking toplevel() on ptolemy.moml.MoMLSimpleApplication@ddad710
reloadAllAccessors: .CausalityInterface8

===========================================================================================
----------------- testing Tue Sep 22 15:45:02 UTC 2020 /home/travis/build/icyphy/ptII/ptolemy/domains/continuous/test/auto/CausalityInterface9.xml
----------------- Instantiating /home/travis/build/icyphy/ptII/ptolemy/domains/continuous/test/auto/CausalityInterface9.xml
4 ms. Memory: 225280K Free: 180716K (80%)
----------------- Invoking toplevel() on ptolemy.moml.MoMLSimpleApplication@367099d1
----------------- Done invoking toplevel() on ptolemy.moml.MoMLSimpleApplication@367099d1
reloadAllAccessors: .CausalityInterface9

===========================================================================================
----------------- testing Tue Sep 22 15:45:02 UTC 2020 /home/travis/build/icyphy/ptII/ptolemy/domains/continuous/test/auto/CausalityInterfaceFeedback1.xml
----------------- Instantiating /home/travis/build/icyphy/ptII/ptolemy/domains/continuous/test/auto/CausalityInterfaceFeedback1.xml
3 ms. Memory: 225280K Free: 174044K (77%)
----------------- Invoking toplevel() on ptolemy.moml.MoMLSimpleApplication@6c5a0d7c
----------------- Done invoking toplevel() on ptolemy.moml.MoMLSimpleApplication@6c5a0d7c
reloadAllAccessors: .CausalityInterfaceFeedback1

===========================================================================================
----------------- testing Tue Sep 22 15:45:02 UTC 2020 /home/travis/build/icyphy/ptII/ptolemy/domains/continuous/test/auto/CausalityInterfaceFeedback2.xml
----------------- Instantiating /home/travis/build/icyphy/ptII/ptolemy/domains/continuous/test/auto/CausalityInterfaceFeedback2.xml
3 ms. Memory: 225280K Free: 167404K (74%)
----------------- Invoking toplevel() on ptolemy.moml.MoMLSimpleApplication@fd76995
----------------- Done invoking toplevel() on ptolemy.moml.MoMLSimpleApplication@fd76995
reloadAllAccessors: .CausalityInterfaceFeedback2

===========================================================================================
----------------- testing Tue Sep 22 15:45:02 UTC 2020 /home/travis/build/icyphy/ptII/ptolemy/domains/continuous/test/auto/CompareWithCurrentTime.xml
----------------- Instantiating /home/travis/build/icyphy/ptII/ptolemy/domains/continuous/test/auto/CompareWithCurrentTime.xml
3 ms. Memory: 225280K Free: 163308K (72%)
----------------- Invoking toplevel() on ptolemy.moml.MoMLSimpleApplication@56808853
----------------- Done invoking toplevel() on ptolemy.moml.MoMLSimpleApplication@56808853
reloadAllAccessors: .CompareWithCurrentTime

===========================================================================================
----------------- testing Tue Sep 22 15:45:02 UTC 2020 /home/travis/build/icyphy/ptII/ptolemy/domains/continuous/test/auto/ComparedClocks.xml
----------------- Instantiating /home/travis/build/icyphy/ptII/ptolemy/domains/continuous/test/auto/ComparedClocks.xml
5 ms. Memory: 225280K Free: 147948K (66%)
----------------- Invoking toplevel() on ptolemy.moml.MoMLSimpleApplication@3ca4fcc8
----------------- Done invoking toplevel() on ptolemy.moml.MoMLSimpleApplication@3ca4fcc8
reloadAllAccessors: .ComparedClocks

===========================================================================================
----------------- testing Tue Sep 22 15:45:02 UTC 2020 /home/travis/build/icyphy/ptII/ptolemy/domains/continuous/test/auto/ContinuousAOCClone.xml
----------------- Instantiating /home/travis/build/icyphy/ptII/ptolemy/domains/continuous/test/auto/ContinuousAOCClone.xml
2218 ms. Memory: 225280K Free: 147556K (65%)
----------------- Invoking toplevel() on ptolemy.moml.MoMLSimpleApplication@5d500d76
----------------- Done invoking toplevel() on ptolemy.moml.MoMLSimpleApplication@5d500d76
reloadAllAccessors: .ContinuousAOCClone

===========================================================================================
----------------- testing Tue Sep 22 15:45:04 UTC 2020 /home/travis/build/icyphy/ptII/ptolemy/domains/continuous/test/auto/ContinuousClock.xml
----------------- Instantiating /home/travis/build/icyphy/ptII/ptolemy/domains/continuous/test/auto/ContinuousClock.xml
40 ms. Memory: 225280K Free: 125557K (56%)
----------------- Invoking toplevel() on ptolemy.moml.MoMLSimpleApplication@32526a51
----------------- Done invoking toplevel() on ptolemy.moml.MoMLSimpleApplication@32526a51
reloadAllAccessors: .ContinuousClock

===========================================================================================
----------------- testing Tue Sep 22 15:45:04 UTC 2020 /home/travis/build/icyphy/ptII/ptolemy/domains/continuous/test/auto/ContinuousInContinuous.xml
----------------- Instantiating /home/travis/build/icyphy/ptII/ptolemy/domains/continuous/test/auto/ContinuousInContinuous.xml
45 ms. Memory: 225280K Free: 102005K (45%)
----------------- Invoking toplevel() on ptolemy.moml.MoMLSimpleApplication@7204f188
----------------- Done invoking toplevel() on ptolemy.moml.MoMLSimpleApplication@7204f188
reloadAllAccessors: .ContinuousInContinuous

===========================================================================================
----------------- testing Tue Sep 22 15:45:04 UTC 2020 /home/travis/build/icyphy/ptII/ptolemy/domains/continuous/test/auto/ContinuousInContinuousInContinuous.xml
----------------- Instantiating /home/travis/build/icyphy/ptII/ptolemy/domains/continuous/test/auto/ContinuousInContinuousInContinuous.xml
8 ms. Memory: 225280K Free: 94323K (42%)
----------------- Invoking toplevel() on ptolemy.moml.MoMLSimpleApplication@6500679b
----------------- Done invoking toplevel() on ptolemy.moml.MoMLSimpleApplication@6500679b
reloadAllAccessors: .ContinuousInContinuousInContinuous

===========================================================================================
----------------- testing Tue Sep 22 15:45:04 UTC 2020 /home/travis/build/icyphy/ptII/ptolemy/domains/continuous/test/auto/ContinuousInDE.xml
----------------- Instantiating /home/travis/build/icyphy/ptII/ptolemy/domains/continuous/test/auto/ContinuousInDE.xml
64 ms. Memory: 225280K Free: 84083K (37%)
----------------- Invoking toplevel() on ptolemy.moml.MoMLSimpleApplication@76358432
----------------- Done invoking toplevel() on ptolemy.moml.MoMLSimpleApplication@76358432
reloadAllAccessors: .ContinuousInDE

===========================================================================================
----------------- testing Tue Sep 22 15:45:04 UTC 2020 /home/travis/build/icyphy/ptII/ptolemy/domains/continuous/test/auto/ContinuousInDE2.xml
----------------- Instantiating /home/travis/build/icyphy/ptII/ptolemy/domains/continuous/test/auto/ContinuousInDE2.xml
37 ms. Memory: 270336K Free: 253241K (94%)
----------------- Invoking toplevel() on ptolemy.moml.MoMLSimpleApplication@3ec1ab42
----------------- Done invoking toplevel() on ptolemy.moml.MoMLSimpleApplication@3ec1ab42
reloadAllAccessors: .ContinuousInDE2

===========================================================================================
----------------- testing Tue Sep 22 15:45:04 UTC 2020 /home/travis/build/icyphy/ptII/ptolemy/domains/continuous/test/auto/ContinuousInDE3.xml
----------------- Instantiating /home/travis/build/icyphy/ptII/ptolemy/domains/continuous/test/auto/ContinuousInDE3.xml
37 ms. Memory: 270336K Free: 243216K (90%)
----------------- Invoking toplevel() on ptolemy.moml.MoMLSimpleApplication@328dda6b
----------------- Done invoking toplevel() on ptolemy.moml.MoMLSimpleApplication@328dda6b
reloadAllAccessors: .ContinuousInDE3

===========================================================================================
----------------- testing Tue Sep 22 15:45:05 UTC 2020 /home/travis/build/icyphy/ptII/ptolemy/domains/continuous/test/auto/ContinuousInDE4.xml
----------------- Instantiating /home/travis/build/icyphy/ptII/ptolemy/domains/continuous/test/auto/ContinuousInDE4.xml
16 ms. Memory: 270336K Free: 237072K (88%)
----------------- Invoking toplevel() on ptolemy.moml.MoMLSimpleApplication@18b328b6
----------------- Done invoking toplevel() on ptolemy.moml.MoMLSimpleApplication@18b328b6
reloadAllAccessors: .ContinuousInDE4

===========================================================================================
----------------- testing Tue Sep 22 15:45:05 UTC 2020 /home/travis/build/icyphy/ptII/ptolemy/domains/continuous/test/auto/ContinuousInDEDifferentRefinements.xml
----------------- Instantiating /home/travis/build/icyphy/ptII/ptolemy/domains/continuous/test/auto/ContinuousInDEDifferentRefinements.xml
76 ms. Memory: 270336K Free: 205842K (76%)
----------------- Invoking toplevel() on ptolemy.moml.MoMLSimpleApplication@e174410
----------------- Done invoking toplevel() on ptolemy.moml.MoMLSimpleApplication@e174410
reloadAllAccessors: .ContinuousInDEDifferentRefinements

===========================================================================================
----------------- testing Tue Sep 22 15:45:05 UTC 2020 /home/travis/build/icyphy/ptII/ptolemy/domains/continuous/test/auto/ContinuousInDEDifferentRefinementsPreemptive.xml
----------------- Instantiating /home/travis/build/icyphy/ptII/ptolemy/domains/continuous/test/auto/ContinuousInDEDifferentRefinementsPreemptive.xml
46 ms. Memory: 270336K Free: 175122K (65%)
----------------- Invoking toplevel() on ptolemy.moml.MoMLSimpleApplication@192967ec
----------------- Done invoking toplevel() on ptolemy.moml.MoMLSimpleApplication@192967ec
reloadAllAccessors: .ContinuousInDEDifferentRefinementsPreemptive

===========================================================================================
----------------- testing Tue Sep 22 15:45:05 UTC 2020 /home/travis/build/icyphy/ptII/ptolemy/domains/continuous/test/auto/ContinuousInDEInContinuous2.xml
----------------- Instantiating /home/travis/build/icyphy/ptII/ptolemy/domains/continuous/test/auto/ContinuousInDEInContinuous2.xml
39 ms. Memory: 270336K Free: 163858K (61%)
----------------- Invoking toplevel() on ptolemy.moml.MoMLSimpleApplication@60f03911
----------------- Done invoking toplevel() on ptolemy.moml.MoMLSimpleApplication@60f03911
reloadAllAccessors: .ContinuousInDEInContinuous2

===========================================================================================
----------------- testing Tue Sep 22 15:45:05 UTC 2020 /home/travis/build/icyphy/ptII/ptolemy/domains/continuous/test/auto/ContinuousInDEInContinuous3.xml
----------------- Instantiating /home/travis/build/icyphy/ptII/ptolemy/domains/continuous/test/auto/ContinuousInDEInContinuous3.xml
43 ms. Memory: 270336K Free: 151570K (56%)
----------------- Invoking toplevel() on ptolemy.moml.MoMLSimpleApplication@2785de4b
----------------- Done invoking toplevel() on ptolemy.moml.MoMLSimpleApplication@2785de4b
reloadAllAccessors: .ContinuousInDEInContinuous3

===========================================================================================
----------------- testing Tue Sep 22 15:45:05 UTC 2020 /home/travis/build/icyphy/ptII/ptolemy/domains/continuous/test/auto/ContinuousInDEInput.xml
----------------- Instantiating /home/travis/build/icyphy/ptII/ptolemy/domains/continuous/test/auto/ContinuousInDEInput.xml
18 ms. Memory: 270336K Free: 144402K (53%)
----------------- Invoking toplevel() on ptolemy.moml.MoMLSimpleApplication@241b3295
----------------- Done invoking toplevel() on ptolemy.moml.MoMLSimpleApplication@241b3295
reloadAllAccessors: .ContinuousInDEInput

===========================================================================================
----------------- testing Tue Sep 22 15:45:05 UTC 2020 /home/travis/build/icyphy/ptII/ptolemy/domains/continuous/test/auto/ContinuousInDEInput2.xml
----------------- Instantiating /home/travis/build/icyphy/ptII/ptolemy/domains/continuous/test/auto/ContinuousInDEInput2.xml
15 ms. Memory: 270336K Free: 137234K (51%)
----------------- Invoking toplevel() on ptolemy.moml.MoMLSimpleApplication@1b7f563b
----------------- Done invoking toplevel() on ptolemy.moml.MoMLSimpleApplication@1b7f563b
reloadAllAccessors: .ContinuousInDEInput2

===========================================================================================
----------------- testing Tue Sep 22 15:45:05 UTC 2020 /home/travis/build/icyphy/ptII/ptolemy/domains/continuous/test/auto/ContinuousInDEInput3.xml
----------------- Instantiating /home/travis/build/icyphy/ptII/ptolemy/domains/continuous/test/auto/ContinuousInDEInput3.xml
15 ms. Memory: 270336K Free: 130066K (48%)
----------------- Invoking toplevel() on ptolemy.moml.MoMLSimpleApplication@1d9e25ad
----------------- Done invoking toplevel() on ptolemy.moml.MoMLSimpleApplication@1d9e25ad
reloadAllAccessors: .ContinuousInDEInput3

===========================================================================================
----------------- testing Tue Sep 22 15:45:05 UTC 2020 /home/travis/build/icyphy/ptII/ptolemy/domains/continuous/test/auto/ContinuousInDESharingRefinement.xml
----------------- Instantiating /home/travis/build/icyphy/ptII/ptolemy/domains/continuous/test/auto/ContinuousInDESharingRefinement.xml
142 ms. Memory: 270336K Free: 196798K (73%)
----------------- Invoking toplevel() on ptolemy.moml.MoMLSimpleApplication@364def06
----------------- Done invoking toplevel() on ptolemy.moml.MoMLSimpleApplication@364def06
reloadAllAccessors: .ContinuousInDESharingRefinement

===========================================================================================
----------------- testing Tue Sep 22 15:45:05 UTC 2020 /home/travis/build/icyphy/ptII/ptolemy/domains/continuous/test/auto/ContinuousInDEwithNoPorts.xml
----------------- Instantiating /home/travis/build/icyphy/ptII/ptolemy/domains/continuous/test/auto/ContinuousInDEwithNoPorts.xml
5 ms. Memory: 270336K Free: 192174K (71%)
----------------- Invoking toplevel() on ptolemy.moml.MoMLSimpleApplication@32c27576
----------------- Done invoking toplevel() on ptolemy.moml.MoMLSimpleApplication@32c27576
reloadAllAccessors: .ContinuousInDEwithNoPorts

===========================================================================================
----------------- testing Tue Sep 22 15:45:05 UTC 2020 /home/travis/build/icyphy/ptII/ptolemy/domains/continuous/test/auto/ContinuousInsideDE.xml
----------------- Instantiating /home/travis/build/icyphy/ptII/ptolemy/domains/continuous/test/auto/ContinuousInsideDE.xml
35 ms. Memory: 270336K Free: 180924K (67%)
----------------- Invoking toplevel() on ptolemy.moml.MoMLSimpleApplication@651d8141
----------------- Done invoking toplevel() on ptolemy.moml.MoMLSimpleApplication@651d8141
reloadAllAccessors: .ContinuousInsideDE

===========================================================================================
----------------- testing Tue Sep 22 15:45:05 UTC 2020 /home/travis/build/icyphy/ptII/ptolemy/domains/continuous/test/auto/ContinuousMerge1.xml
----------------- Instantiating /home/travis/build/icyphy/ptII/ptolemy/domains/continuous/test/auto/ContinuousMerge1.xml
2 ms. Memory: 270336K Free: 176318K (65%)
----------------- Invoking toplevel() on ptolemy.moml.MoMLSimpleApplication@49f08e41
----------------- Done invoking toplevel() on ptolemy.moml.MoMLSimpleApplication@49f08e41
reloadAllAccessors: .ContinuousMerge1

===========================================================================================
----------------- testing Tue Sep 22 15:45:05 UTC 2020 /home/travis/build/icyphy/ptII/ptolemy/domains/continuous/test/auto/ContinuousMerge2.xml
----------------- Instantiating /home/travis/build/icyphy/ptII/ptolemy/domains/continuous/test/auto/ContinuousMerge2.xml
13 ms. Memory: 270336K Free: 165564K (61%)
----------------- Invoking toplevel() on ptolemy.moml.MoMLSimpleApplication@5a83eac0
----------------- Done invoking toplevel() on ptolemy.moml.MoMLSimpleApplication@5a83eac0
reloadAllAccessors: .ContinuousMerge2

===========================================================================================
----------------- testing Tue Sep 22 15:45:05 UTC 2020 /home/travis/build/icyphy/ptII/ptolemy/domains/continuous/test/auto/ContinuousMerge3.xml
----------------- Instantiating /home/travis/build/icyphy/ptII/ptolemy/domains/continuous/test/auto/ContinuousMerge3.xml
44 ms. Memory: 270336K Free: 154814K (57%)
----------------- Invoking toplevel() on ptolemy.moml.MoMLSimpleApplication@d4dad97
----------------- Done invoking toplevel() on ptolemy.moml.MoMLSimpleApplication@d4dad97
reloadAllAccessors: .ContinuousMerge3

===========================================================================================
----------------- testing Tue Sep 22 15:45:05 UTC 2020 /home/travis/build/icyphy/ptII/ptolemy/domains/continuous/test/auto/ContinuousWithinContinuous.xml
----------------- Instantiating /home/travis/build/icyphy/ptII/ptolemy/domains/continuous/test/auto/ContinuousWithinContinuous.xml
37 ms. Memory: 270336K Free: 146108K (54%)
----------------- Invoking toplevel() on ptolemy.moml.MoMLSimpleApplication@70b47ee8
----------------- Done invoking toplevel() on ptolemy.moml.MoMLSimpleApplication@70b47ee8
reloadAllAccessors: .ContinuousWithinContinuous

===========================================================================================
----------------- testing Tue Sep 22 15:45:05 UTC 2020 /home/travis/build/icyphy/ptII/ptolemy/domains/continuous/test/auto/ContinuousWithinContinuous2.xml
----------------- Instantiating /home/travis/build/icyphy/ptII/ptolemy/domains/continuous/test/auto/ContinuousWithinContinuous2.xml
68 ms. Memory: 270336K Free: 135358K (50%)
----------------- Invoking toplevel() on ptolemy.moml.MoMLSimpleApplication@6d04d76d
----------------- Done invoking toplevel() on ptolemy.moml.MoMLSimpleApplication@6d04d76d
reloadAllAccessors: .ContinuousWithinContinuous2

===========================================================================================
----------------- testing Tue Sep 22 15:45:06 UTC 2020 /home/travis/build/icyphy/ptII/ptolemy/domains/continuous/test/auto/ContinuousWithinContinuous3.xml
----------------- Instantiating /home/travis/build/icyphy/ptII/ptolemy/domains/continuous/test/auto/ContinuousWithinContinuous3.xml
14 ms. Memory: 270336K Free: 128190K (47%)
----------------- Invoking toplevel() on ptolemy.moml.MoMLSimpleApplication@5d1dc0b4
----------------- Done invoking toplevel() on ptolemy.moml.MoMLSimpleApplication@5d1dc0b4
reloadAllAccessors: .ContinuousWithinContinuous3

===========================================================================================
----------------- testing Tue Sep 22 15:45:06 UTC 2020 /home/travis/build/icyphy/ptII/ptolemy/domains/continuous/test/auto/ContinuousWithinContinuous4.xml
----------------- Instantiating /home/travis/build/icyphy/ptII/ptolemy/domains/continuous/test/auto/ContinuousWithinContinuous4.xml
86 ms. Memory: 270336K Free: 115902K (43%)
----------------- Invoking toplevel() on ptolemy.moml.MoMLSimpleApplication@78c3bd25
----------------- Done invoking toplevel() on ptolemy.moml.MoMLSimpleApplication@78c3bd25
reloadAllAccessors: .ContinuousWithinContinuous4

===========================================================================================
----------------- testing Tue Sep 22 15:45:06 UTC 2020 /home/travis/build/icyphy/ptII/ptolemy/domains/continuous/test/auto/ContinuousWithinContinuous5.xml
----------------- Instantiating /home/travis/build/icyphy/ptII/ptolemy/domains/continuous/test/auto/ContinuousWithinContinuous5.xml
13 ms. Memory: 270336K Free: 108734K (40%)
----------------- Invoking toplevel() on ptolemy.moml.MoMLSimpleApplication@71d60d40
----------------- Done invoking toplevel() on ptolemy.moml.MoMLSimpleApplication@71d60d40
reloadAllAccessors: .ContinuousWithinContinuous5

===========================================================================================
----------------- testing Tue Sep 22 15:45:06 UTC 2020 /home/travis/build/icyphy/ptII/ptolemy/domains/continuous/test/auto/ContinuousWithinContinuous6.xml
----------------- Instantiating /home/travis/build/icyphy/ptII/ptolemy/domains/continuous/test/auto/ContinuousWithinContinuous6.xml
13 ms. Memory: 270336K Free: 101566K (38%)
----------------- Invoking toplevel() on ptolemy.moml.MoMLSimpleApplication@124e5e5c
----------------- Done invoking toplevel() on ptolemy.moml.MoMLSimpleApplication@124e5e5c
reloadAllAccessors: .ContinuousWithinContinuous6

===========================================================================================
----------------- testing Tue Sep 22 15:45:06 UTC 2020 /home/travis/build/icyphy/ptII/ptolemy/domains/continuous/test/auto/ContinuousWithinContinuous7.xml
----------------- Instantiating /home/travis/build/icyphy/ptII/ptolemy/domains/continuous/test/auto/ContinuousWithinContinuous7.xml
67 ms. Memory: 270336K Free: 251642K (93%)
----------------- Invoking toplevel() on ptolemy.moml.MoMLSimpleApplication@50cf125c
----------------- Done invoking toplevel() on ptolemy.moml.MoMLSimpleApplication@50cf125c
reloadAllAccessors: .ContinuousWithinContinuous7

===========================================================================================
----------------- testing Tue Sep 22 15:45:06 UTC 2020 /home/travis/build/icyphy/ptII/ptolemy/domains/continuous/test/auto/DCMotor.xml
----------------- Instantiating /home/travis/build/icyphy/ptII/ptolemy/domains/continuous/test/auto/DCMotor.xml
12686 ms. Memory: 270336K Free: 215211K (80%)
----------------- Invoking toplevel() on ptolemy.moml.MoMLSimpleApplication@38f49c10
----------------- Done invoking toplevel() on ptolemy.moml.MoMLSimpleApplication@38f49c10
reloadAllAccessors: .DCMotor

===========================================================================================
----------------- testing Tue Sep 22 15:45:19 UTC 2020 /home/travis/build/icyphy/ptII/ptolemy/domains/continuous/test/auto/DEInContinuous.xml
----------------- Instantiating /home/travis/build/icyphy/ptII/ptolemy/domains/continuous/test/auto/DEInContinuous.xml
11 ms. Memory: 270336K Free: 209097K (77%)
----------------- Invoking toplevel() on ptolemy.moml.MoMLSimpleApplication@21c82b96
----------------- Done invoking toplevel() on ptolemy.moml.MoMLSimpleApplication@21c82b96
reloadAllAccessors: .DEInContinuous

===========================================================================================
----------------- testing Tue Sep 22 15:45:19 UTC 2020 /home/travis/build/icyphy/ptII/ptolemy/domains/continuous/test/auto/DEinContinuous2.xml
----------------- Instantiating /home/travis/build/icyphy/ptII/ptolemy/domains/continuous/test/auto/DEinContinuous2.xml
5 ms. Memory: 270336K Free: 201419K (75%)
----------------- Invoking toplevel() on ptolemy.moml.MoMLSimpleApplication@4ef8fdce
----------------- Done invoking toplevel() on ptolemy.moml.MoMLSimpleApplication@4ef8fdce
reloadAllAccessors: .DEinContinuous2

===========================================================================================
----------------- testing Tue Sep 22 15:45:19 UTC 2020 /home/travis/build/icyphy/ptII/ptolemy/domains/continuous/test/auto/Derivative.xml
----------------- Instantiating /home/travis/build/icyphy/ptII/ptolemy/domains/continuous/test/auto/Derivative.xml
133 ms. Memory: 270336K Free: 172747K (64%)
----------------- Invoking toplevel() on ptolemy.moml.MoMLSimpleApplication@7fffe4bc
----------------- Done invoking toplevel() on ptolemy.moml.MoMLSimpleApplication@7fffe4bc
reloadAllAccessors: .Derivative2

===========================================================================================
----------------- testing Tue Sep 22 15:45:19 UTC 2020 /home/travis/build/icyphy/ptII/ptolemy/domains/continuous/test/auto/Derivative1.xml
----------------- Instantiating /home/travis/build/icyphy/ptII/ptolemy/domains/continuous/test/auto/Derivative1.xml
17 ms. Memory: 270336K Free: 158411K (59%)
----------------- Invoking toplevel() on ptolemy.moml.MoMLSimpleApplication@17e143f
----------------- Done invoking toplevel() on ptolemy.moml.MoMLSimpleApplication@17e143f
reloadAllAccessors: .Derivative1

===========================================================================================
----------------- testing Tue Sep 22 15:45:19 UTC 2020 /home/travis/build/icyphy/ptII/ptolemy/domains/continuous/test/auto/DiscreteClock.xml
----------------- Instantiating /home/travis/build/icyphy/ptII/ptolemy/domains/continuous/test/auto/DiscreteClock.xml
3 ms. Memory: 270336K Free: 153291K (57%)
----------------- Invoking toplevel() on ptolemy.moml.MoMLSimpleApplication@1b9b490
----------------- Done invoking toplevel() on ptolemy.moml.MoMLSimpleApplication@1b9b490
reloadAllAccessors: .DiscreteClock

===========================================================================================
----------------- testing Tue Sep 22 15:45:19 UTC 2020 /home/travis/build/icyphy/ptII/ptolemy/domains/continuous/test/auto/EfficiencyCurve.xml
----------------- Instantiating /home/travis/build/icyphy/ptII/ptolemy/domains/continuous/test/auto/EfficiencyCurve.xml
42 ms. Memory: 270336K Free: 144075K (53%)
----------------- Invoking toplevel() on ptolemy.moml.MoMLSimpleApplication@54551ac1
----------------- Done invoking toplevel() on ptolemy.moml.MoMLSimpleApplication@54551ac1
reloadAllAccessors: .EfficiencyCurve

===========================================================================================
----------------- testing Tue Sep 22 15:45:19 UTC 2020 /home/travis/build/icyphy/ptII/ptolemy/domains/continuous/test/auto/ExponentialResponse.xml
----------------- Instantiating /home/travis/build/icyphy/ptII/ptolemy/domains/continuous/test/auto/ExponentialResponse.xml
85 ms. Memory: 270336K Free: 128715K (48%)
----------------- Invoking toplevel() on ptolemy.moml.MoMLSimpleApplication@4f16ad34
----------------- Done invoking toplevel() on ptolemy.moml.MoMLSimpleApplication@4f16ad34
reloadAllAccessors: .ExponentialResponse

===========================================================================================
----------------- testing Tue Sep 22 15:45:19 UTC 2020 /home/travis/build/icyphy/ptII/ptolemy/domains/continuous/test/auto/ExponentialResponseRK45.xml
----------------- Instantiating /home/travis/build/icyphy/ptII/ptolemy/domains/continuous/test/auto/ExponentialResponseRK45.xml
22 ms. Memory: 270336K Free: 122057K (45%)
----------------- Invoking toplevel() on ptolemy.moml.MoMLSimpleApplication@2af2bc71
----------------- Done invoking toplevel() on ptolemy.moml.MoMLSimpleApplication@2af2bc71
reloadAllAccessors: .ExponentialResponseRK45

===========================================================================================
----------------- testing Tue Sep 22 15:45:19 UTC 2020 /home/travis/build/icyphy/ptII/ptolemy/domains/continuous/test/auto/Friction.xml
----------------- Instantiating /home/travis/build/icyphy/ptII/ptolemy/domains/continuous/test/auto/Friction.xml
1442 ms. Memory: 270336K Free: 176181K (65%)
----------------- Invoking toplevel() on ptolemy.moml.MoMLSimpleApplication@7ee4a31
----------------- Done invoking toplevel() on ptolemy.moml.MoMLSimpleApplication@7ee4a31
reloadAllAccessors: .Friction

===========================================================================================
----------------- testing Tue Sep 22 15:45:21 UTC 2020 /home/travis/build/icyphy/ptII/ptolemy/domains/continuous/test/auto/FurutaPendulum.xml
----------------- Instantiating /home/travis/build/icyphy/ptII/ptolemy/domains/continuous/test/auto/FurutaPendulum.xml
2972 ms. Memory: 270336K Free: 132720K (49%)
----------------- Invoking toplevel() on ptolemy.moml.MoMLSimpleApplication@382dd8f5
----------------- Done invoking toplevel() on ptolemy.moml.MoMLSimpleApplication@382dd8f5
reloadAllAccessors: .FurutaPendulum

===========================================================================================
----------------- testing Tue Sep 22 15:45:24 UTC 2020 /home/travis/build/icyphy/ptII/ptolemy/domains/continuous/test/auto/HierarchicalExecution.xml
----------------- Instantiating /home/travis/build/icyphy/ptII/ptolemy/domains/continuous/test/auto/HierarchicalExecution.xml
1629 ms. Memory: 324608K Free: 258592K (80%)
----------------- Invoking toplevel() on ptolemy.moml.MoMLSimpleApplication@580a03cc
----------------- Done invoking toplevel() on ptolemy.moml.MoMLSimpleApplication@580a03cc
reloadAllAccessors: .HierarchicalExecution

===========================================================================================
----------------- testing Tue Sep 22 15:45:26 UTC 2020 /home/travis/build/icyphy/ptII/ptolemy/domains/continuous/test/auto/HybridPlant.xml
----------------- Instantiating /home/travis/build/icyphy/ptII/ptolemy/domains/continuous/test/auto/HybridPlant.xml
498 ms. Memory: 324608K Free: 187099K (58%)
----------------- Invoking toplevel() on ptolemy.moml.MoMLSimpleApplication@3f671324
----------------- Done invoking toplevel() on ptolemy.moml.MoMLSimpleApplication@3f671324
reloadAllAccessors: .HybridPlant

===========================================================================================
----------------- testing Tue Sep 22 15:45:27 UTC 2020 /home/travis/build/icyphy/ptII/ptolemy/domains/continuous/test/auto/Hysteresis.xml
----------------- Instantiating /home/travis/build/icyphy/ptII/ptolemy/domains/continuous/test/auto/Hysteresis.xml
128 ms. Memory: 324608K Free: 124649K (38%)
----------------- Invoking toplevel() on ptolemy.moml.MoMLSimpleApplication@2eeaffc4
----------------- Done invoking toplevel() on ptolemy.moml.MoMLSimpleApplication@2eeaffc4
reloadAllAccessors: .Hysteresis

===========================================================================================
----------------- testing Tue Sep 22 15:45:27 UTC 2020 /home/travis/build/icyphy/ptII/ptolemy/domains/continuous/test/auto/HysteresisWithRandomDelay.xml
----------------- Instantiating /home/travis/build/icyphy/ptII/ptolemy/domains/continuous/test/auto/HysteresisWithRandomDelay.xml
158 ms. Memory: 324608K Free: 246100K (76%)
----------------- Invoking toplevel() on ptolemy.moml.MoMLSimpleApplication@53c3f38b
----------------- Done invoking toplevel() on ptolemy.moml.MoMLSimpleApplication@53c3f38b
reloadAllAccessors: .HysteresisWithRandomDelay

===========================================================================================
----------------- testing Tue Sep 22 15:45:27 UTC 2020 /home/travis/build/icyphy/ptII/ptolemy/domains/continuous/test/auto/HysteresisWithRandomLosses.xml
----------------- Instantiating /home/travis/build/icyphy/ptII/ptolemy/domains/continuous/test/auto/HysteresisWithRandomLosses.xml
2178 ms. Memory: 324608K Free: 278952K (86%)
----------------- Invoking toplevel() on ptolemy.moml.MoMLSimpleApplication@64689f79
----------------- Done invoking toplevel() on ptolemy.moml.MoMLSimpleApplication@64689f79
reloadAllAccessors: .HysteresisWithRandomLosses

===========================================================================================
----------------- testing Tue Sep 22 15:45:29 UTC 2020 /home/travis/build/icyphy/ptII/ptolemy/domains/continuous/test/auto/ImmediateTransitions.xml
----------------- Instantiating /home/travis/build/icyphy/ptII/ptolemy/domains/continuous/test/auto/ImmediateTransitions.xml
8 ms. Memory: 324608K Free: 267688K (82%)
----------------- Invoking toplevel() on ptolemy.moml.MoMLSimpleApplication@2f055a5
----------------- Done invoking toplevel() on ptolemy.moml.MoMLSimpleApplication@2f055a5
reloadAllAccessors: .ImmediateTransitions

===========================================================================================
----------------- testing Tue Sep 22 15:45:29 UTC 2020 /home/travis/build/icyphy/ptII/ptolemy/domains/continuous/test/auto/ImpulseFeedback.xml
----------------- Instantiating /home/travis/build/icyphy/ptII/ptolemy/domains/continuous/test/auto/ImpulseFeedback.xml
8 ms. Memory: 324608K Free: 262054K (81%)
----------------- Invoking toplevel() on ptolemy.moml.MoMLSimpleApplication@78630001
----------------- Done invoking toplevel() on ptolemy.moml.MoMLSimpleApplication@78630001
reloadAllAccessors: .ImpulseFeedback

===========================================================================================
----------------- testing Tue Sep 22 15:45:29 UTC 2020 /home/travis/build/icyphy/ptII/ptolemy/domains/continuous/test/auto/ImpulseFeedback2.xml
----------------- Instantiating /home/travis/build/icyphy/ptII/ptolemy/domains/continuous/test/auto/ImpulseFeedback2.xml
4 ms. Memory: 324608K Free: 256424K (79%)
----------------- Invoking toplevel() on ptolemy.moml.MoMLSimpleApplication@252e55f0
----------------- Done invoking toplevel() on ptolemy.moml.MoMLSimpleApplication@252e55f0
reloadAllAccessors: .ImpulseFeedback2

===========================================================================================
----------------- testing Tue Sep 22 15:45:29 UTC 2020 /home/travis/build/icyphy/ptII/ptolemy/domains/continuous/test/auto/IncreasingRatePoisson.xml
----------------- Instantiating /home/travis/build/icyphy/ptII/ptolemy/domains/continuous/test/auto/IncreasingRatePoisson.xml
618 ms. Memory: 324608K Free: 149080K (46%)
----------------- Invoking toplevel() on ptolemy.moml.MoMLSimpleApplication@670c2c74
----------------- Done invoking toplevel() on ptolemy.moml.MoMLSimpleApplication@670c2c74
reloadAllAccessors: .IncreasingRatePoisson

===========================================================================================
----------------- testing Tue Sep 22 15:45:30 UTC 2020 /home/travis/build/icyphy/ptII/ptolemy/domains/continuous/test/auto/InitialStateFeedback.xml
----------------- Instantiating /home/travis/build/icyphy/ptII/ptolemy/domains/continuous/test/auto/InitialStateFeedback.xml
3 ms. Memory: 324608K Free: 144488K (45%)
----------------- Invoking toplevel() on ptolemy.moml.MoMLSimpleApplication@24a0363d
----------------- Done invoking toplevel() on ptolemy.moml.MoMLSimpleApplication@24a0363d
reloadAllAccessors: .InitialStateFeedback

===========================================================================================
----------------- testing Tue Sep 22 15:45:30 UTC 2020 /home/travis/build/icyphy/ptII/ptolemy/domains/continuous/test/auto/Integration.xml
----------------- Instantiating /home/travis/build/icyphy/ptII/ptolemy/domains/continuous/test/auto/Integration.xml
1 ms. Memory: 324608K Free: 140392K (43%)
----------------- Invoking toplevel() on ptolemy.moml.MoMLSimpleApplication@665024d3
----------------- Done invoking toplevel() on ptolemy.moml.MoMLSimpleApplication@665024d3
reloadAllAccessors: .Integration

===========================================================================================
----------------- testing Tue Sep 22 15:45:30 UTC 2020 /home/travis/build/icyphy/ptII/ptolemy/domains/continuous/test/auto/Integration2.xml
----------------- Instantiating /home/travis/build/icyphy/ptII/ptolemy/domains/continuous/test/auto/Integration2.xml
65 ms. Memory: 324608K Free: 126566K (39%)
----------------- Invoking toplevel() on ptolemy.moml.MoMLSimpleApplication@3048979d
----------------- Done invoking toplevel() on ptolemy.moml.MoMLSimpleApplication@3048979d
reloadAllAccessors: .Integration2

===========================================================================================
----------------- testing Tue Sep 22 15:45:30 UTC 2020 /home/travis/build/icyphy/ptII/ptolemy/domains/continuous/test/auto/Integration3.xml
----------------- Instantiating /home/travis/build/icyphy/ptII/ptolemy/domains/continuous/test/auto/Integration3.xml
3 ms. Memory: 324608K Free: 121960K (38%)
----------------- Invoking toplevel() on ptolemy.moml.MoMLSimpleApplication@481eea9
----------------- Done invoking toplevel() on ptolemy.moml.MoMLSimpleApplication@481eea9
reloadAllAccessors: .Integration3

===========================================================================================
----------------- testing Tue Sep 22 15:45:30 UTC 2020 /home/travis/build/icyphy/ptII/ptolemy/domains/continuous/test/auto/Integration5.xml
----------------- Instantiating /home/travis/build/icyphy/ptII/ptolemy/domains/continuous/test/auto/Integration5.xml
2 ms. Memory: 324608K Free: 117864K (36%)
----------------- Invoking toplevel() on ptolemy.moml.MoMLSimpleApplication@7fa038f8
----------------- Done invoking toplevel() on ptolemy.moml.MoMLSimpleApplication@7fa038f8
reloadAllAccessors: .Integration5

===========================================================================================
----------------- testing Tue Sep 22 15:45:30 UTC 2020 /home/travis/build/icyphy/ptII/ptolemy/domains/continuous/test/auto/IntegratorImpulse.xml
----------------- Instantiating /home/travis/build/icyphy/ptII/ptolemy/domains/continuous/test/auto/IntegratorImpulse.xml
5 ms. Memory: 324608K Free: 307391K (95%)
----------------- Invoking toplevel() on ptolemy.moml.MoMLSimpleApplication@7e96ab76
----------------- Done invoking toplevel() on ptolemy.moml.MoMLSimpleApplication@7e96ab76
reloadAllAccessors: .IntegratorImpulse

===========================================================================================
----------------- testing Tue Sep 22 15:45:30 UTC 2020 /home/travis/build/icyphy/ptII/ptolemy/domains/continuous/test/auto/IntegratorImpulse2.xml
----------------- Instantiating /home/travis/build/icyphy/ptII/ptolemy/domains/continuous/test/auto/IntegratorImpulse2.xml
4 ms. Memory: 324608K Free: 302767K (93%)
----------------- Invoking toplevel() on ptolemy.moml.MoMLSimpleApplication@6f80a7d8
----------------- Done invoking toplevel() on ptolemy.moml.MoMLSimpleApplication@6f80a7d8
reloadAllAccessors: .IntegratorImpulse2

===========================================================================================
----------------- testing Tue Sep 22 15:45:30 UTC 2020 /home/travis/build/icyphy/ptII/ptolemy/domains/continuous/test/auto/LevelCrossing1.xml
----------------- Instantiating /home/travis/build/icyphy/ptII/ptolemy/domains/continuous/test/auto/LevelCrossing1.xml
3 ms. Memory: 324608K Free: 297655K (92%)
----------------- Invoking toplevel() on ptolemy.moml.MoMLSimpleApplication@3b42969f
----------------- Done invoking toplevel() on ptolemy.moml.MoMLSimpleApplication@3b42969f
reloadAllAccessors: .LevelCrossing1

===========================================================================================
----------------- testing Tue Sep 22 15:45:30 UTC 2020 /home/travis/build/icyphy/ptII/ptolemy/domains/continuous/test/auto/LevelCrossing2.xml
----------------- Instantiating /home/travis/build/icyphy/ptII/ptolemy/domains/continuous/test/auto/LevelCrossing2.xml
5 ms. Memory: 324608K Free: 292527K (90%)
----------------- Invoking toplevel() on ptolemy.moml.MoMLSimpleApplication@12583739
----------------- Done invoking toplevel() on ptolemy.moml.MoMLSimpleApplication@12583739
reloadAllAccessors: .LevelCrossing2

===========================================================================================
----------------- testing Tue Sep 22 15:45:30 UTC 2020 /home/travis/build/icyphy/ptII/ptolemy/domains/continuous/test/auto/LevelCrossing3.xml
----------------- Instantiating /home/travis/build/icyphy/ptII/ptolemy/domains/continuous/test/auto/LevelCrossing3.xml
3 ms. Memory: 324608K Free: 287415K (89%)
----------------- Invoking toplevel() on ptolemy.moml.MoMLSimpleApplication@5082b60c
----------------- Done invoking toplevel() on ptolemy.moml.MoMLSimpleApplication@5082b60c
reloadAllAccessors: .LevelCrossing3

===========================================================================================
----------------- testing Tue Sep 22 15:45:30 UTC 2020 /home/travis/build/icyphy/ptII/ptolemy/domains/continuous/test/auto/LevelCrossing4.xml
----------------- Instantiating /home/travis/build/icyphy/ptII/ptolemy/domains/continuous/test/auto/LevelCrossing4.xml
3 ms. Memory: 324608K Free: 282287K (87%)
----------------- Invoking toplevel() on ptolemy.moml.MoMLSimpleApplication@442cf1be
----------------- Done invoking toplevel() on ptolemy.moml.MoMLSimpleApplication@442cf1be
reloadAllAccessors: .LevelCrossing4

===========================================================================================
----------------- testing Tue Sep 22 15:45:30 UTC 2020 /home/travis/build/icyphy/ptII/ptolemy/domains/continuous/test/auto/LevelCrossing5.xml
----------------- Instantiating /home/travis/build/icyphy/ptII/ptolemy/domains/continuous/test/auto/LevelCrossing5.xml
3 ms. Memory: 324608K Free: 277181K (85%)
----------------- Invoking toplevel() on ptolemy.moml.MoMLSimpleApplication@22233a4f
----------------- Done invoking toplevel() on ptolemy.moml.MoMLSimpleApplication@22233a4f
reloadAllAccessors: .LevelCrossing5

===========================================================================================
[...]
----------------- testing Tue Sep 22 15:45:45 UTC 2020 /home/travis/build/icyphy/ptII/ptolemy/domains/continuous/test/auto/SRinContinuous.xml
----------------- Instantiating /home/travis/build/icyphy/ptII/ptolemy/domains/continuous/test/auto/SRinContinuous.xml
4 ms. Memory: 324608K Free: 183043K (56%)
----------------- Invoking toplevel() on ptolemy.moml.MoMLSimpleApplication@56ebd942
----------------- Done invoking toplevel() on ptolemy.moml.MoMLSimpleApplication@56ebd942
reloadAllAccessors: .SRinContinuous

===========================================================================================
----------------- testing Tue Sep 22 15:45:45 UTC 2020 /home/travis/build/icyphy/ptII/ptolemy/domains/continuous/test/auto/SampledClocks.xml
----------------- Instantiating /home/travis/build/icyphy/ptII/ptolemy/domains/continuous/test/auto/SampledClocks.xml
6 ms. Memory: 324608K Free: 170245K (52%)
----------------- Invoking toplevel() on ptolemy.moml.MoMLSimpleApplication@58bb2205
----------------- Done invoking toplevel() on ptolemy.moml.MoMLSimpleApplication@58bb2205
reloadAllAccessors: .SampledClocks

===========================================================================================
----------------- testing Tue Sep 22 15:45:45 UTC 2020 /home/travis/build/icyphy/ptII/ptolemy/domains/continuous/test/auto/Satellite.xml
----------------- Instantiating /home/travis/build/icyphy/ptII/ptolemy/domains/continuous/test/auto/Satellite.xml
594 ms. Memory: 324608K Free: 166851K (51%)
----------------- Invoking toplevel() on ptolemy.moml.MoMLSimpleApplication@d11043e
----------------- Done invoking toplevel() on ptolemy.moml.MoMLSimpleApplication@d11043e
reloadAllAccessors: .Satellite

===========================================================================================
----------------- testing Tue Sep 22 15:45:46 UTC 2020 /home/travis/build/icyphy/ptII/ptolemy/domains/continuous/test/auto/SigmaDelta.xml
----------------- Instantiating /home/travis/build/icyphy/ptII/ptolemy/domains/continuous/test/auto/SigmaDelta.xml
2164 ms. Memory: 324608K Free: 284242K (88%)
----------------- Invoking toplevel() on ptolemy.moml.MoMLSimpleApplication@350b8c3f
----------------- Done invoking toplevel() on ptolemy.moml.MoMLSimpleApplication@350b8c3f
reloadAllAccessors: .SigmaDelta

===========================================================================================
----------------- testing Tue Sep 22 15:45:48 UTC 2020 /home/travis/build/icyphy/ptII/ptolemy/domains/continuous/test/auto/SingleRefinement.xml
----------------- Instantiating /home/travis/build/icyphy/ptII/ptolemy/domains/continuous/test/auto/SingleRefinement.xml
324 ms. Memory: 324608K Free: 292430K (90%)
----------------- Invoking toplevel() on ptolemy.moml.MoMLSimpleApplication@151e0470
----------------- Done invoking toplevel() on ptolemy.moml.MoMLSimpleApplication@151e0470
reloadAllAccessors: .SingleRefinement

===========================================================================================
----------------- testing Tue Sep 22 15:45:48 UTC 2020 /home/travis/build/icyphy/ptII/ptolemy/domains/continuous/test/auto/SinuBouncingBall.xml
----------------- Instantiating /home/travis/build/icyphy/ptII/ptolemy/domains/continuous/test/auto/SinuBouncingBall.xml
705 ms. Memory: 324608K Free: 268074K (83%)
----------------- Invoking toplevel() on ptolemy.moml.MoMLSimpleApplication@3a71bca6
----------------- Done invoking toplevel() on ptolemy.moml.MoMLSimpleApplication@3a71bca6
reloadAllAccessors: .SinuBouncingBall

===========================================================================================
----------------- testing Tue Sep 22 15:45:49 UTC 2020 /home/travis/build/icyphy/ptII/ptolemy/domains/continuous/test/auto/Sinusoid.xml
----------------- Instantiating /home/travis/build/icyphy/ptII/ptolemy/domains/continuous/test/auto/Sinusoid.xml
4 ms. Memory: 324608K Free: 263474K (81%)
----------------- Invoking toplevel() on ptolemy.moml.MoMLSimpleApplication@110c1017
----------------- Done invoking toplevel() on ptolemy.moml.MoMLSimpleApplication@110c1017
reloadAllAccessors: .Sinusoid

===========================================================================================
----------------- testing Tue Sep 22 15:45:49 UTC 2020 /home/travis/build/icyphy/ptII/ptolemy/domains/continuous/test/auto/SinusoidInNoise.xml
----------------- Instantiating /home/travis/build/icyphy/ptII/ptolemy/domains/continuous/test/auto/SinusoidInNoise.xml
769 ms. Memory: 324608K Free: 129330K (40%)
----------------- Invoking toplevel() on ptolemy.moml.MoMLSimpleApplication@6cb8ad29
----------------- Done invoking toplevel() on ptolemy.moml.MoMLSimpleApplication@6cb8ad29
reloadAllAccessors: .SinusoidInNoise

===========================================================================================
----------------- testing Tue Sep 22 15:45:50 UTC 2020 /home/travis/build/icyphy/ptII/ptolemy/domains/continuous/test/auto/SinusoidRK45.xml
----------------- Instantiating /home/travis/build/icyphy/ptII/ptolemy/domains/continuous/test/auto/SinusoidRK45.xml
2 ms. Memory: 324608K Free: 125234K (39%)
----------------- Invoking toplevel() on ptolemy.moml.MoMLSimpleApplication@1cb034c7
----------------- Done invoking toplevel() on ptolemy.moml.MoMLSimpleApplication@1cb034c7
reloadAllAccessors: .SinusoidRK45

===========================================================================================
----------------- testing Tue Sep 22 15:45:50 UTC 2020 /home/travis/build/icyphy/ptII/ptolemy/domains/continuous/test/auto/SinusoidWithMultipleImpulses.xml
----------------- Instantiating /home/travis/build/icyphy/ptII/ptolemy/domains/continuous/test/auto/SinusoidWithMultipleImpulses.xml
3 ms. Memory: 324608K Free: 120624K (37%)
----------------- Invoking toplevel() on ptolemy.moml.MoMLSimpleApplication@6ebbd584
----------------- Done invoking toplevel() on ptolemy.moml.MoMLSimpleApplication@6ebbd584
reloadAllAccessors: .SinusoidWithMultipleImpulses

===========================================================================================
----------------- testing Tue Sep 22 15:45:50 UTC 2020 /home/travis/build/icyphy/ptII/ptolemy/domains/continuous/test/auto/SquareWave.xml
----------------- Instantiating /home/travis/build/icyphy/ptII/ptolemy/domains/continuous/test/auto/SquareWave.xml
134 ms. Memory: 324608K Free: 286898K (88%)
----------------- Invoking toplevel() on ptolemy.moml.MoMLSimpleApplication@33046d65
----------------- Done invoking toplevel() on ptolemy.moml.MoMLSimpleApplication@33046d65
reloadAllAccessors: .SquareWave

===========================================================================================
----------------- testing Tue Sep 22 15:45:50 UTC 2020 /home/travis/build/icyphy/ptII/ptolemy/domains/continuous/test/auto/Starmac.xml
----------------- Instantiating /home/travis/build/icyphy/ptII/ptolemy/domains/continuous/test/auto/Starmac.xml
3051 ms. Memory: 324608K Free: 171130K (53%)
----------------- Invoking toplevel() on ptolemy.moml.MoMLSimpleApplication@d4c104f
----------------- Done invoking toplevel() on ptolemy.moml.MoMLSimpleApplication@d4c104f
reloadAllAccessors: .Starmac

===========================================================================================
----------------- testing Tue Sep 22 15:45:54 UTC 2020 /home/travis/build/icyphy/ptII/ptolemy/domains/continuous/test/auto/StaticUnits.xml
----------------- Instantiating /home/travis/build/icyphy/ptII/ptolemy/domains/continuous/test/auto/StaticUnits.xml
1727 ms. Memory: 390144K Free: 161331K (41%)
----------------- Invoking toplevel() on ptolemy.moml.MoMLSimpleApplication@30264c5a
----------------- Done invoking toplevel() on ptolemy.moml.MoMLSimpleApplication@30264c5a
reloadAllAccessors: .StaticUnits

===========================================================================================
----------------- testing Tue Sep 22 15:45:56 UTC 2020 /home/travis/build/icyphy/ptII/ptolemy/domains/continuous/test/auto/StickyMasses.xml
----------------- Instantiating /home/travis/build/icyphy/ptII/ptolemy/domains/continuous/test/auto/StickyMasses.xml
141 ms. Memory: 390144K Free: 339421K (87%)
----------------- Invoking toplevel() on ptolemy.moml.MoMLSimpleApplication@281a2668
----------------- Done invoking toplevel() on ptolemy.moml.MoMLSimpleApplication@281a2668
reloadAllAccessors: .StickyMasses

===========================================================================================
----------------- testing Tue Sep 22 15:45:56 UTC 2020 /home/travis/build/icyphy/ptII/ptolemy/domains/continuous/test/auto/StopTime.xml
----------------- Instantiating /home/travis/build/icyphy/ptII/ptolemy/domains/continuous/test/auto/StopTime.xml
40 ms. Memory: 390144K Free: 314335K (81%)
----------------- Invoking toplevel() on ptolemy.moml.MoMLSimpleApplication@298c876a
----------------- Done invoking toplevel() on ptolemy.moml.MoMLSimpleApplication@298c876a
reloadAllAccessors: .StopTime

===========================================================================================
----------------- testing Tue Sep 22 15:45:56 UTC 2020 /home/travis/build/icyphy/ptII/ptolemy/domains/continuous/test/auto/StopTime2.xml
----------------- Instantiating /home/travis/build/icyphy/ptII/ptolemy/domains/continuous/test/auto/StopTime2.xml
33 ms. Memory: 390144K Free: 292317K (75%)
----------------- Invoking toplevel() on ptolemy.moml.MoMLSimpleApplication@4764a2cb
----------------- Done invoking toplevel() on ptolemy.moml.MoMLSimpleApplication@4764a2cb
reloadAllAccessors: .StopTime2

===========================================================================================
----------------- testing Tue Sep 22 15:45:56 UTC 2020 /home/travis/build/icyphy/ptII/ptolemy/domains/continuous/test/auto/Switch.xml
----------------- Instantiating /home/travis/build/icyphy/ptII/ptolemy/domains/continuous/test/auto/Switch.xml
41 ms. Memory: 390144K Free: 267727K (69%)
----------------- Invoking toplevel() on ptolemy.moml.MoMLSimpleApplication@975ea08
----------------- Done invoking toplevel() on ptolemy.moml.MoMLSimpleApplication@975ea08
reloadAllAccessors: .Switch

===========================================================================================
----------------- testing Tue Sep 22 15:45:56 UTC 2020 /home/travis/build/icyphy/ptII/ptolemy/domains/continuous/test/auto/Thermostat.xml
----------------- Instantiating /home/travis/build/icyphy/ptII/ptolemy/domains/continuous/test/auto/Thermostat.xml
173 ms. Memory: 390144K Free: 195551K (50%)
----------------- Invoking toplevel() on ptolemy.moml.MoMLSimpleApplication@6a67c6ec
----------------- Done invoking toplevel() on ptolemy.moml.MoMLSimpleApplication@6a67c6ec
reloadAllAccessors: .Thermostat

===========================================================================================
----------------- testing Tue Sep 22 15:45:56 UTC 2020 /home/travis/build/icyphy/ptII/ptolemy/domains/continuous/test/auto/TimeDelay.xml
----------------- Instantiating /home/travis/build/icyphy/ptII/ptolemy/domains/continuous/test/auto/TimeDelay.xml
5 ms. Memory: 390144K Free: 190911K (49%)
----------------- Invoking toplevel() on ptolemy.moml.MoMLSimpleApplication@76c73fcc
----------------- Done invoking toplevel() on ptolemy.moml.MoMLSimpleApplication@76c73fcc
reloadAllAccessors: .TimeDelay

===========================================================================================
----------------- testing Tue Sep 22 15:45:56 UTC 2020 /home/travis/build/icyphy/ptII/ptolemy/domains/continuous/test/auto/TimeDelay2.xml
----------------- Instantiating /home/travis/build/icyphy/ptII/ptolemy/domains/continuous/test/auto/TimeDelay2.xml
6 ms. Memory: 390144K Free: 180701K (46%)
----------------- Invoking toplevel() on ptolemy.moml.MoMLSimpleApplication@6d6b917a
----------------- Done invoking toplevel() on ptolemy.moml.MoMLSimpleApplication@6d6b917a
reloadAllAccessors: .TimeDelay2

===========================================================================================
----------------- testing Tue Sep 22 15:45:56 UTC 2020 /home/travis/build/icyphy/ptII/ptolemy/domains/continuous/test/auto/TimeDelay3.xml
----------------- Instantiating /home/travis/build/icyphy/ptII/ptolemy/domains/continuous/test/auto/TimeDelay3.xml
4 ms. Memory: 390144K Free: 176599K (45%)
----------------- Invoking toplevel() on ptolemy.moml.MoMLSimpleApplication@186a5bd3
----------------- Done invoking toplevel() on ptolemy.moml.MoMLSimpleApplication@186a5bd3
reloadAllAccessors: .TimeDelay3

===========================================================================================
----------------- testing Tue Sep 22 15:45:56 UTC 2020 /home/travis/build/icyphy/ptII/ptolemy/domains/continuous/test/auto/TransferAbsentToInside.xml
----------------- Instantiating /home/travis/build/icyphy/ptII/ptolemy/domains/continuous/test/auto/TransferAbsentToInside.xml
26 ms. Memory: 390144K Free: 350154K (90%)
----------------- Invoking toplevel() on ptolemy.moml.MoMLSimpleApplication@481abf4d
----------------- Done invoking toplevel() on ptolemy.moml.MoMLSimpleApplication@481abf4d
reloadAllAccessors: .TransferAbsentToInside

===========================================================================================
----------------- testing Tue Sep 22 15:45:57 UTC 2020 /home/travis/build/icyphy/ptII/ptolemy/domains/continuous/test/auto/Transmission.xml
----------------- Instantiating /home/travis/build/icyphy/ptII/ptolemy/domains/continuous/test/auto/Transmission.xml
745 ms. Memory: 390144K Free: 346068K (89%)
----------------- Invoking toplevel() on ptolemy.moml.MoMLSimpleApplication@63d88159
----------------- Done invoking toplevel() on ptolemy.moml.MoMLSimpleApplication@63d88159
reloadAllAccessors: .Transmission

===========================================================================================
----------------- testing Tue Sep 22 15:45:57 UTC 2020 /home/travis/build/icyphy/ptII/ptolemy/domains/continuous/test/auto/TriggeredContinuousClock.xml
----------------- Instantiating /home/travis/build/icyphy/ptII/ptolemy/domains/continuous/test/auto/TriggeredContinuousClock.xml
36 ms. Memory: 390144K Free: 316372K (81%)
----------------- Invoking toplevel() on ptolemy.moml.MoMLSimpleApplication@1884afec
----------------- Done invoking toplevel() on ptolemy.moml.MoMLSimpleApplication@1884afec
reloadAllAccessors: .TriggeredContinuousClock

===========================================================================================
----------------- testing Tue Sep 22 15:45:57 UTC 2020 /home/travis/build/icyphy/ptII/ptolemy/domains/continuous/test/auto/TwoMachineInfiniteBusControl.xml
----------------- Instantiating /home/travis/build/icyphy/ptII/ptolemy/domains/continuous/test/auto/TwoMachineInfiniteBusControl.xml
2269 ms. Memory: 390144K Free: 189353K (49%)
----------------- Invoking toplevel() on ptolemy.moml.MoMLSimpleApplication@429bdd4
----------------- Done invoking toplevel() on ptolemy.moml.MoMLSimpleApplication@429bdd4
reloadAllAccessors: .TwoMachineInfiniteBusControl

===========================================================================================
----------------- testing Tue Sep 22 15:46:00 UTC 2020 /home/travis/build/icyphy/ptII/ptolemy/domains/continuous/test/auto/V2V.xml
----------------- Instantiating /home/travis/build/icyphy/ptII/ptolemy/domains/continuous/test/auto/V2V.xml
646 ms. Memory: 390144K Free: 228422K (59%)
----------------- Invoking toplevel() on ptolemy.moml.MoMLSimpleApplication@dbb3654
----------------- Done invoking toplevel() on ptolemy.moml.MoMLSimpleApplication@dbb3654
reloadAllAccessors: .V2V

===========================================================================================
----------------- testing Tue Sep 22 15:46:00 UTC 2020 /home/travis/build/icyphy/ptII/ptolemy/domains/continuous/test/auto/hierarchicalModalModel.xml
----------------- Instantiating /home/travis/build/icyphy/ptII/ptolemy/domains/continuous/test/auto/hierarchicalModalModel.xml
8 ms. Memory: 390144K Free: 214441K (55%)
----------------- Invoking toplevel() on ptolemy.moml.MoMLSimpleApplication@60a005a2
----------------- Done invoking toplevel() on ptolemy.moml.MoMLSimpleApplication@60a005a2
reloadAllAccessors: .hierarchicalModalModel

===========================================================================================
----------------- testing Tue Sep 22 15:46:00 UTC 2020 /home/travis/build/icyphy/ptII/ptolemy/domains/continuous/test/auto/hierarchicalModalModel1.xml
----------------- Instantiating /home/travis/build/icyphy/ptII/ptolemy/domains/continuous/test/auto/hierarchicalModalModel1.xml
8 ms. Memory: 390144K Free: 200119K (51%)
----------------- Invoking toplevel() on ptolemy.moml.MoMLSimpleApplication@16cfa2a5
----------------- Done invoking toplevel() on ptolemy.moml.MoMLSimpleApplication@16cfa2a5
reloadAllAccessors: .hierarchicalModalModel1

===========================================================================================
----------------- testing Tue Sep 22 15:46:01 UTC 2020 /home/travis/build/icyphy/ptII/ptolemy/domains/continuous/test/auto/hierarchicalModalModel2.xml
----------------- Instantiating /home/travis/build/icyphy/ptII/ptolemy/domains/continuous/test/auto/hierarchicalModalModel2.xml
6 ms. Memory: 390144K Free: 187817K (48%)
----------------- Invoking toplevel() on ptolemy.moml.MoMLSimpleApplication@53a55279
----------------- Done invoking toplevel() on ptolemy.moml.MoMLSimpleApplication@53a55279
reloadAllAccessors: .hierarchicalModalModel2

===========================================================================================
----------------- testing Tue Sep 22 15:46:01 UTC 2020 /home/travis/build/icyphy/ptII/ptolemy/domains/continuous/test/auto/hierarchicalModalModel3.xml
----------------- Instantiating /home/travis/build/icyphy/ptII/ptolemy/domains/continuous/test/auto/hierarchicalModalModel3.xml
5 ms. Memory: 390144K Free: 177081K (45%)
----------------- Invoking toplevel() on ptolemy.moml.MoMLSimpleApplication@605eae22
----------------- Done invoking toplevel() on ptolemy.moml.MoMLSimpleApplication@605eae22
reloadAllAccessors: .hierarchicalModalModel3

===========================================================================================
----------------- testing Tue Sep 22 15:46:01 UTC 2020 /home/travis/build/icyphy/ptII/ptolemy/domains/continuous/test/auto/hierarchicalModalModel4.xml
----------------- Instantiating /home/travis/build/icyphy/ptII/ptolemy/domains/continuous/test/auto/hierarchicalModalModel4.xml
4 ms. Memory: 390144K Free: 165303K (42%)
----------------- Invoking toplevel() on ptolemy.moml.MoMLSimpleApplication@220791c3
----------------- Done invoking toplevel() on ptolemy.moml.MoMLSimpleApplication@220791c3
reloadAllAccessors: .hierarchicalModalModel4

===========================================================================================
----------------- testing Tue Sep 22 15:46:01 UTC 2020 /home/travis/build/icyphy/ptII/ptolemy/domains/continuous/test/auto/junk.xml
----------------- Instantiating /home/travis/build/icyphy/ptII/ptolemy/domains/continuous/test/auto/junk.xml
126 ms. Memory: 390144K Free: 366052K (94%)
----------------- Invoking toplevel() on ptolemy.moml.MoMLSimpleApplication@6acd078
----------------- Done invoking toplevel() on ptolemy.moml.MoMLSimpleApplication@6acd078
reloadAllAccessors: .junk
AutoTests.java: About to close Vertx.
AutoTests.java: Vertx closed.
]]></system-out>
  <system-err><![CDATA[Warning: '.HysteresisWithRandomDelay.NonStrictTest3' The test produced only 26 tokens, yet the correctValues parameter was expecting 30 tokens.
Warning: '.IncreasingRatePoisson.NonStrictTest' The test produced only 388 tokens, yet the correctValues parameter was expecting 402 tokens.
Warning: '.Poisson.NonStrictTest' The test produced only 411 tokens, yet the correctValues parameter was expecting 430 tokens.
]]></system-err>
</testsuite>
