<?xml version="1.0" encoding="UTF-8" ?>
<testsuite errors="0" failures="0" hostname="travis-job-6838de69-bea7-49e8-b0cc-99a89b3217ae" name="ptolemy.domains.continuous.test.junit.JUnitTclTest" skipped="0" tests="156" time="80.502" timestamp="2019-07-16T14:36:44">
  <properties>
[...]
</properties>
  <testcase classname="ptolemy.util.test.junit.TclTests" name="[0] ThereAreNoTclTests (RunTclFile)" time="0.009" />
  <testcase classname="ptolemy.util.test.junit.AutoKnownFailedTests" name="[0] ThereAreNoKnowFailedTests (RunModel)" time="0.003" />
  <testcase classname="ptolemy.util.test.junit.AutoNameArchTests" name="[0] ThereAreNoAutoArchTests (RunModel)" time="0.027" />
  <testcase classname="ptolemy.util.test.junit.AutoTests" name="[0] /home/travis/build/icyphy/ptII/ptolemy/domains/continuous/test/auto/BouncingBall.xml (RunModel)" time="3.262" />
  <testcase classname="ptolemy.util.test.junit.AutoTests" name="[1] /home/travis/build/icyphy/ptII/ptolemy/domains/continuous/test/auto/BouncingBallWithoutGR.xml (RunModel)" time="0.88" />
  <testcase classname="ptolemy.util.test.junit.AutoTests" name="[2] /home/travis/build/icyphy/ptII/ptolemy/domains/continuous/test/auto/Brownian.xml (RunModel)" time="0.13" />
  <testcase classname="ptolemy.util.test.junit.AutoTests" name="[3] /home/travis/build/icyphy/ptII/ptolemy/domains/continuous/test/auto/CarTracking.xml (RunModel)" time="4.023" />
  <testcase classname="ptolemy.util.test.junit.AutoTests" name="[4] /home/travis/build/icyphy/ptII/ptolemy/domains/continuous/test/auto/CartPendulum.xml (RunModel)" time="0.542" />
  <testcase classname="ptolemy.util.test.junit.AutoTests" name="[5] /home/travis/build/icyphy/ptII/ptolemy/domains/continuous/test/auto/CausalityInterface10.xml (RunModel)" time="0.048" />
  <testcase classname="ptolemy.util.test.junit.AutoTests" name="[6] /home/travis/build/icyphy/ptII/ptolemy/domains/continuous/test/auto/CausalityInterface11.xml (RunModel)" time="0.033" />
  <testcase classname="ptolemy.util.test.junit.AutoTests" name="[7] /home/travis/build/icyphy/ptII/ptolemy/domains/continuous/test/auto/CausalityInterface12.xml (RunModel)" time="0.025" />
  <testcase classname="ptolemy.util.test.junit.AutoTests" name="[8] /home/travis/build/icyphy/ptII/ptolemy/domains/continuous/test/auto/CausalityInterface13.xml (RunModel)" time="0.026" />
  <testcase classname="ptolemy.util.test.junit.AutoTests" name="[9] /home/travis/build/icyphy/ptII/ptolemy/domains/continuous/test/auto/CausalityInterface14.xml (RunModel)" time="0.024" />
  <testcase classname="ptolemy.util.test.junit.AutoTests" name="[10] /home/travis/build/icyphy/ptII/ptolemy/domains/continuous/test/auto/CausalityInterface4.xml (RunModel)" time="0.031" />
  <testcase classname="ptolemy.util.test.junit.AutoTests" name="[11] /home/travis/build/icyphy/ptII/ptolemy/domains/continuous/test/auto/CausalityInterface5.xml (RunModel)" time="0.028" />
  <testcase classname="ptolemy.util.test.junit.AutoTests" name="[12] /home/travis/build/icyphy/ptII/ptolemy/domains/continuous/test/auto/CausalityInterface6.xml (RunModel)" time="0.035" />
  <testcase classname="ptolemy.util.test.junit.AutoTests" name="[13] /home/travis/build/icyphy/ptII/ptolemy/domains/continuous/test/auto/CausalityInterface7.xml (RunModel)" time="0.034" />
  <testcase classname="ptolemy.util.test.junit.AutoTests" name="[14] /home/travis/build/icyphy/ptII/ptolemy/domains/continuous/test/auto/CausalityInterface8.xml (RunModel)" time="0.033" />
  <testcase classname="ptolemy.util.test.junit.AutoTests" name="[15] /home/travis/build/icyphy/ptII/ptolemy/domains/continuous/test/auto/CausalityInterface9.xml (RunModel)" time="0.036" />
  <testcase classname="ptolemy.util.test.junit.AutoTests" name="[16] /home/travis/build/icyphy/ptII/ptolemy/domains/continuous/test/auto/CausalityInterfaceFeedback1.xml (RunModel)" time="0.043" />
  <testcase classname="ptolemy.util.test.junit.AutoTests" name="[17] /home/travis/build/icyphy/ptII/ptolemy/domains/continuous/test/auto/CausalityInterfaceFeedback2.xml (RunModel)" time="0.036" />
  <testcase classname="ptolemy.util.test.junit.AutoTests" name="[18] /home/travis/build/icyphy/ptII/ptolemy/domains/continuous/test/auto/CompareWithCurrentTime.xml (RunModel)" time="0.021" />
  <testcase classname="ptolemy.util.test.junit.AutoTests" name="[19] /home/travis/build/icyphy/ptII/ptolemy/domains/continuous/test/auto/ComparedClocks.xml (RunModel)" time="0.07" />
  <testcase classname="ptolemy.util.test.junit.AutoTests" name="[20] /home/travis/build/icyphy/ptII/ptolemy/domains/continuous/test/auto/ContinuousAOCClone.xml (RunModel)" time="2.81" />
  <testcase classname="ptolemy.util.test.junit.AutoTests" name="[21] /home/travis/build/icyphy/ptII/ptolemy/domains/continuous/test/auto/ContinuousClock.xml (RunModel)" time="0.107" />
  <testcase classname="ptolemy.util.test.junit.AutoTests" name="[22] /home/travis/build/icyphy/ptII/ptolemy/domains/continuous/test/auto/ContinuousInContinuous.xml (RunModel)" time="0.087" />
  <testcase classname="ptolemy.util.test.junit.AutoTests" name="[23] /home/travis/build/icyphy/ptII/ptolemy/domains/continuous/test/auto/ContinuousInContinuousInContinuous.xml (RunModel)" time="0.028" />
  <testcase classname="ptolemy.util.test.junit.AutoTests" name="[24] /home/travis/build/icyphy/ptII/ptolemy/domains/continuous/test/auto/ContinuousInDE.xml (RunModel)" time="0.083" />
  <testcase classname="ptolemy.util.test.junit.AutoTests" name="[25] /home/travis/build/icyphy/ptII/ptolemy/domains/continuous/test/auto/ContinuousInDE2.xml (RunModel)" time="0.06" />
  <testcase classname="ptolemy.util.test.junit.AutoTests" name="[26] /home/travis/build/icyphy/ptII/ptolemy/domains/continuous/test/auto/ContinuousInDE3.xml (RunModel)" time="0.074" />
  <testcase classname="ptolemy.util.test.junit.AutoTests" name="[27] /home/travis/build/icyphy/ptII/ptolemy/domains/continuous/test/auto/ContinuousInDE4.xml (RunModel)" time="0.039" />
  <testcase classname="ptolemy.util.test.junit.AutoTests" name="[28] /home/travis/build/icyphy/ptII/ptolemy/domains/continuous/test/auto/ContinuousInDEDifferentRefinements.xml (RunModel)" time="0.112" />
  <testcase classname="ptolemy.util.test.junit.AutoTests" name="[29] /home/travis/build/icyphy/ptII/ptolemy/domains/continuous/test/auto/ContinuousInDEDifferentRefinementsPreemptive.xml (RunModel)" time="0.07" />
  <testcase classname="ptolemy.util.test.junit.AutoTests" name="[30] /home/travis/build/icyphy/ptII/ptolemy/domains/continuous/test/auto/ContinuousInDEInContinuous2.xml (RunModel)" time="0.049" />
  <testcase classname="ptolemy.util.test.junit.AutoTests" name="[31] /home/travis/build/icyphy/ptII/ptolemy/domains/continuous/test/auto/ContinuousInDEInContinuous3.xml (RunModel)" time="0.07" />
  <testcase classname="ptolemy.util.test.junit.AutoTests" name="[32] /home/travis/build/icyphy/ptII/ptolemy/domains/continuous/test/auto/ContinuousInDEInput.xml (RunModel)" time="0.035" />
  <testcase classname="ptolemy.util.test.junit.AutoTests" name="[33] /home/travis/build/icyphy/ptII/ptolemy/domains/continuous/test/auto/ContinuousInDEInput2.xml (RunModel)" time="0.036" />
  <testcase classname="ptolemy.util.test.junit.AutoTests" name="[34] /home/travis/build/icyphy/ptII/ptolemy/domains/continuous/test/auto/ContinuousInDEInput3.xml (RunModel)" time="0.029" />
  <testcase classname="ptolemy.util.test.junit.AutoTests" name="[35] /home/travis/build/icyphy/ptII/ptolemy/domains/continuous/test/auto/ContinuousInDESharingRefinement.xml (RunModel)" time="0.173" />
  <testcase classname="ptolemy.util.test.junit.AutoTests" name="[36] /home/travis/build/icyphy/ptII/ptolemy/domains/continuous/test/auto/ContinuousInDEwithNoPorts.xml (RunModel)" time="0.019" />
  <testcase classname="ptolemy.util.test.junit.AutoTests" name="[37] /home/travis/build/icyphy/ptII/ptolemy/domains/continuous/test/auto/ContinuousInsideDE.xml (RunModel)" time="0.08" />
  <testcase classname="ptolemy.util.test.junit.AutoTests" name="[38] /home/travis/build/icyphy/ptII/ptolemy/domains/continuous/test/auto/ContinuousMerge1.xml (RunModel)" time="0.022" />
  <testcase classname="ptolemy.util.test.junit.AutoTests" name="[39] /home/travis/build/icyphy/ptII/ptolemy/domains/continuous/test/auto/ContinuousMerge2.xml (RunModel)" time="0.047" />
  <testcase classname="ptolemy.util.test.junit.AutoTests" name="[40] /home/travis/build/icyphy/ptII/ptolemy/domains/continuous/test/auto/ContinuousMerge3.xml (RunModel)" time="0.061" />
  <testcase classname="ptolemy.util.test.junit.AutoTests" name="[41] /home/travis/build/icyphy/ptII/ptolemy/domains/continuous/test/auto/ContinuousWithinContinuous.xml (RunModel)" time="0.054" />
  <testcase classname="ptolemy.util.test.junit.AutoTests" name="[42] /home/travis/build/icyphy/ptII/ptolemy/domains/continuous/test/auto/ContinuousWithinContinuous2.xml (RunModel)" time="0.08" />
  <testcase classname="ptolemy.util.test.junit.AutoTests" name="[43] /home/travis/build/icyphy/ptII/ptolemy/domains/continuous/test/auto/ContinuousWithinContinuous3.xml (RunModel)" time="0.031" />
  <testcase classname="ptolemy.util.test.junit.AutoTests" name="[44] /home/travis/build/icyphy/ptII/ptolemy/domains/continuous/test/auto/ContinuousWithinContinuous4.xml (RunModel)" time="0.086" />
  <testcase classname="ptolemy.util.test.junit.AutoTests" name="[45] /home/travis/build/icyphy/ptII/ptolemy/domains/continuous/test/auto/ContinuousWithinContinuous5.xml (RunModel)" time="0.03" />
  <testcase classname="ptolemy.util.test.junit.AutoTests" name="[46] /home/travis/build/icyphy/ptII/ptolemy/domains/continuous/test/auto/ContinuousWithinContinuous6.xml (RunModel)" time="0.029" />
  <testcase classname="ptolemy.util.test.junit.AutoTests" name="[47] /home/travis/build/icyphy/ptII/ptolemy/domains/continuous/test/auto/ContinuousWithinContinuous7.xml (RunModel)" time="0.07" />
  <testcase classname="ptolemy.util.test.junit.AutoTests" name="[48] /home/travis/build/icyphy/ptII/ptolemy/domains/continuous/test/auto/DCMotor.xml (RunModel)" time="15.618" />
  <testcase classname="ptolemy.util.test.junit.AutoTests" name="[49] /home/travis/build/icyphy/ptII/ptolemy/domains/continuous/test/auto/DEInContinuous.xml (RunModel)" time="0.031" />
  <testcase classname="ptolemy.util.test.junit.AutoTests" name="[50] /home/travis/build/icyphy/ptII/ptolemy/domains/continuous/test/auto/DEinContinuous2.xml (RunModel)" time="0.042" />
  <testcase classname="ptolemy.util.test.junit.AutoTests" name="[51] /home/travis/build/icyphy/ptII/ptolemy/domains/continuous/test/auto/Derivative.xml (RunModel)" time="0.21" />
  <testcase classname="ptolemy.util.test.junit.AutoTests" name="[52] /home/travis/build/icyphy/ptII/ptolemy/domains/continuous/test/auto/Derivative1.xml (RunModel)" time="0.06" />
  <testcase classname="ptolemy.util.test.junit.AutoTests" name="[53] /home/travis/build/icyphy/ptII/ptolemy/domains/continuous/test/auto/DiscreteClock.xml (RunModel)" time="0.014" />
  <testcase classname="ptolemy.util.test.junit.AutoTests" name="[54] /home/travis/build/icyphy/ptII/ptolemy/domains/continuous/test/auto/EfficiencyCurve.xml (RunModel)" time="0.081" />
  <testcase classname="ptolemy.util.test.junit.AutoTests" name="[55] /home/travis/build/icyphy/ptII/ptolemy/domains/continuous/test/auto/ExponentialResponse.xml (RunModel)" time="0.142" />
  <testcase classname="ptolemy.util.test.junit.AutoTests" name="[56] /home/travis/build/icyphy/ptII/ptolemy/domains/continuous/test/auto/ExponentialResponseRK45.xml (RunModel)" time="0.036" />
  <testcase classname="ptolemy.util.test.junit.AutoTests" name="[57] /home/travis/build/icyphy/ptII/ptolemy/domains/continuous/test/auto/Friction.xml (RunModel)" time="1.704" />
  <testcase classname="ptolemy.util.test.junit.AutoTests" name="[58] /home/travis/build/icyphy/ptII/ptolemy/domains/continuous/test/auto/FurutaPendulum.xml (RunModel)" time="3.91" />
  <testcase classname="ptolemy.util.test.junit.AutoTests" name="[59] /home/travis/build/icyphy/ptII/ptolemy/domains/continuous/test/auto/HierarchicalExecution.xml (RunModel)" time="2.307" />
  <testcase classname="ptolemy.util.test.junit.AutoTests" name="[60] /home/travis/build/icyphy/ptII/ptolemy/domains/continuous/test/auto/HybridPlant.xml (RunModel)" time="0.624" />
  <testcase classname="ptolemy.util.test.junit.AutoTests" name="[61] /home/travis/build/icyphy/ptII/ptolemy/domains/continuous/test/auto/Hysteresis.xml (RunModel)" time="0.217" />
  <testcase classname="ptolemy.util.test.junit.AutoTests" name="[62] /home/travis/build/icyphy/ptII/ptolemy/domains/continuous/test/auto/HysteresisWithRandomDelay.xml (RunModel)" time="0.245" />
  <testcase classname="ptolemy.util.test.junit.AutoTests" name="[63] /home/travis/build/icyphy/ptII/ptolemy/domains/continuous/test/auto/HysteresisWithRandomLosses.xml (RunModel)" time="2.588" />
  <testcase classname="ptolemy.util.test.junit.AutoTests" name="[64] /home/travis/build/icyphy/ptII/ptolemy/domains/continuous/test/auto/ImmediateTransitions.xml (RunModel)" time="0.047" />
  <testcase classname="ptolemy.util.test.junit.AutoTests" name="[65] /home/travis/build/icyphy/ptII/ptolemy/domains/continuous/test/auto/ImpulseFeedback.xml (RunModel)" time="0.022" />
  <testcase classname="ptolemy.util.test.junit.AutoTests" name="[66] /home/travis/build/icyphy/ptII/ptolemy/domains/continuous/test/auto/ImpulseFeedback2.xml (RunModel)" time="0.021" />
  <testcase classname="ptolemy.util.test.junit.AutoTests" name="[67] /home/travis/build/icyphy/ptII/ptolemy/domains/continuous/test/auto/IncreasingRatePoisson.xml (RunModel)" time="0.76" />
  <testcase classname="ptolemy.util.test.junit.AutoTests" name="[68] /home/travis/build/icyphy/ptII/ptolemy/domains/continuous/test/auto/InitialStateFeedback.xml (RunModel)" time="0.015" />
  <testcase classname="ptolemy.util.test.junit.AutoTests" name="[69] /home/travis/build/icyphy/ptII/ptolemy/domains/continuous/test/auto/Integration.xml (RunModel)" time="0.014" />
  <testcase classname="ptolemy.util.test.junit.AutoTests" name="[70] /home/travis/build/icyphy/ptII/ptolemy/domains/continuous/test/auto/Integration2.xml (RunModel)" time="0.102" />
  <testcase classname="ptolemy.util.test.junit.AutoTests" name="[71] /home/travis/build/icyphy/ptII/ptolemy/domains/continuous/test/auto/Integration3.xml (RunModel)" time="0.033" />
  <testcase classname="ptolemy.util.test.junit.AutoTests" name="[72] /home/travis/build/icyphy/ptII/ptolemy/domains/continuous/test/auto/Integration5.xml (RunModel)" time="0.018" />
  <testcase classname="ptolemy.util.test.junit.AutoTests" name="[73] /home/travis/build/icyphy/ptII/ptolemy/domains/continuous/test/auto/IntegratorImpulse.xml (RunModel)" time="0.012" />
  <testcase classname="ptolemy.util.test.junit.AutoTests" name="[74] /home/travis/build/icyphy/ptII/ptolemy/domains/continuous/test/auto/IntegratorImpulse2.xml (RunModel)" time="0.012" />
  <testcase classname="ptolemy.util.test.junit.AutoTests" name="[75] /home/travis/build/icyphy/ptII/ptolemy/domains/continuous/test/auto/LevelCrossing1.xml (RunModel)" time="0.017" />
  <testcase classname="ptolemy.util.test.junit.AutoTests" name="[76] /home/travis/build/icyphy/ptII/ptolemy/domains/continuous/test/auto/LevelCrossing2.xml (RunModel)" time="0.014" />
  <testcase classname="ptolemy.util.test.junit.AutoTests" name="[77] /home/travis/build/icyphy/ptII/ptolemy/domains/continuous/test/auto/LevelCrossing3.xml (RunModel)" time="0.013" />
  <testcase classname="ptolemy.util.test.junit.AutoTests" name="[78] /home/travis/build/icyphy/ptII/ptolemy/domains/continuous/test/auto/LevelCrossing4.xml (RunModel)" time="0.018" />
  <testcase classname="ptolemy.util.test.junit.AutoTests" name="[79] /home/travis/build/icyphy/ptII/ptolemy/domains/continuous/test/auto/LevelCrossing5.xml (RunModel)" time="0.016" />
  <testcase classname="ptolemy.util.test.junit.AutoTests" name="[80] /home/travis/build/icyphy/ptII/ptolemy/domains/continuous/test/auto/LevelCrossing6.xml (RunModel)" time="0.014" />
  <testcase classname="ptolemy.util.test.junit.AutoTests" name="[81] /home/travis/build/icyphy/ptII/ptolemy/domains/continuous/test/auto/LevelCrossingDetector.xml (RunModel)" time="0.041" />
  <testcase classname="ptolemy.util.test.junit.AutoTests" name="[82] /home/travis/build/icyphy/ptII/ptolemy/domains/continuous/test/auto/LevelCrossingDetectorDetectingDirections.xml (RunModel)" time="0.099" />
  <testcase classname="ptolemy.util.test.junit.AutoTests" name="[83] /home/travis/build/icyphy/ptII/ptolemy/domains/continuous/test/auto/LevelCrossingDetectorDetectsGlitches.xml (RunModel)" time="0.079" />
  <testcase classname="ptolemy.util.test.junit.AutoTests" name="[84] /home/travis/build/icyphy/ptII/ptolemy/domains/continuous/test/auto/LevelCrossingNoInitialOuput.xml (RunModel)" time="0.015" />
  <testcase classname="ptolemy.util.test.junit.AutoTests" name="[85] /home/travis/build/icyphy/ptII/ptolemy/domains/continuous/test/auto/LinearStateSpaceExample.xml (RunModel)" time="0.066" />
  <testcase classname="ptolemy.util.test.junit.AutoTests" name="[86] /home/travis/build/icyphy/ptII/ptolemy/domains/continuous/test/auto/Lorenz.xml (RunModel)" time="4.155" />
  <testcase classname="ptolemy.util.test.junit.AutoTests" name="[87] /home/travis/build/icyphy/ptII/ptolemy/domains/continuous/test/auto/LorenzDifferentialSystem.xml (RunModel)" time="1.251" />
  <testcase classname="ptolemy.util.test.junit.AutoTests" name="[88] /home/travis/build/icyphy/ptII/ptolemy/domains/continuous/test/auto/LorenzDifferentialSystemWithInput.xml (RunModel)" time="1.446" />
  <testcase classname="ptolemy.util.test.junit.AutoTests" name="[89] /home/travis/build/icyphy/ptII/ptolemy/domains/continuous/test/auto/LorenzDifferentialSystemWithTime.xml (RunModel)" time="0.727" />
  <testcase classname="ptolemy.util.test.junit.AutoTests" name="[90] /home/travis/build/icyphy/ptII/ptolemy/domains/continuous/test/auto/Microsteps.xml (RunModel)" time="0.024" />
  <testcase classname="ptolemy.util.test.junit.AutoTests" name="[91] /home/travis/build/icyphy/ptII/ptolemy/domains/continuous/test/auto/Modal1.xml (RunModel)" time="0.04" />
  <testcase classname="ptolemy.util.test.junit.AutoTests" name="[92] /home/travis/build/icyphy/ptII/ptolemy/domains/continuous/test/auto/Modal2.xml (RunModel)" time="0.054" />
  <testcase classname="ptolemy.util.test.junit.AutoTests" name="[93] /home/travis/build/icyphy/ptII/ptolemy/domains/continuous/test/auto/ModalTransitionGuardWithReset.xml (RunModel)" time="0.039" />
  <testcase classname="ptolemy.util.test.junit.AutoTests" name="[94] /home/travis/build/icyphy/ptII/ptolemy/domains/continuous/test/auto/ModalTransitionGuardWithResetUsingPreemptiveTransition.xml (RunModel)" time="0.033" />
  <testcase classname="ptolemy.util.test.junit.AutoTests" name="[95] /home/travis/build/icyphy/ptII/ptolemy/domains/continuous/test/auto/ModalTransitionGuardWithResetUsingPreemptiveTransition2.xml (RunModel)" time="0.025" />
  <testcase classname="ptolemy.util.test.junit.AutoTests" name="[96] /home/travis/build/icyphy/ptII/ptolemy/domains/continuous/test/auto/ModalTransitionGuardWithResetUsingPreemptiveTransition3.xml (RunModel)" time="0.03" />
  <testcase classname="ptolemy.util.test.junit.AutoTests" name="[97] /home/travis/build/icyphy/ptII/ptolemy/domains/continuous/test/auto/NewtonsCradle.xml (RunModel)" time="0.878" />
  <testcase classname="ptolemy.util.test.junit.AutoTests" name="[98] /home/travis/build/icyphy/ptII/ptolemy/domains/continuous/test/auto/NewtonsCradleAnimated.xml (RunModel)" time="1.293" />
  <testcase classname="ptolemy.util.test.junit.AutoTests" name="[99] /home/travis/build/icyphy/ptII/ptolemy/domains/continuous/test/auto/NewtonsCradleComplicated.xml (RunModel)" time="1.029" />
  <testcase classname="ptolemy.util.test.junit.AutoTests" name="[100] /home/travis/build/icyphy/ptII/ptolemy/domains/continuous/test/auto/NewtonsCradleNondeterministic.xml (RunModel)" time="0.703" />
  <testcase classname="ptolemy.util.test.junit.AutoTests" name="[101] /home/travis/build/icyphy/ptII/ptolemy/domains/continuous/test/auto/NewtonsCradlePerfectlyInelastic1.xml (RunModel)" time="1.373" />
  <testcase classname="ptolemy.util.test.junit.AutoTests" name="[102] /home/travis/build/icyphy/ptII/ptolemy/domains/continuous/test/auto/Noise.xml (RunModel)" time="0.207" />
  <testcase classname="ptolemy.util.test.junit.AutoTests" name="[103] /home/travis/build/icyphy/ptII/ptolemy/domains/continuous/test/auto/NoiseSpectrum.xml (RunModel)" time="0.853" />
  <testcase classname="ptolemy.util.test.junit.AutoTests" name="[104] /home/travis/build/icyphy/ptII/ptolemy/domains/continuous/test/auto/ParameterizedNewtonsCradleAnimated.xml (RunModel)" time="0.39" />
  <testcase classname="ptolemy.util.test.junit.AutoTests" name="[105] /home/travis/build/icyphy/ptII/ptolemy/domains/continuous/test/auto/ParameterizedNewtonsCradleAnimatedNondeterministic.xml (RunModel)" time="1.219" />
  <testcase classname="ptolemy.util.test.junit.AutoTests" name="[106] /home/travis/build/icyphy/ptII/ptolemy/domains/continuous/test/auto/Pendulum3D.xml (RunModel)" time="0.167" />
  <testcase classname="ptolemy.util.test.junit.AutoTests" name="[107] /home/travis/build/icyphy/ptII/ptolemy/domains/continuous/test/auto/PeriodicSampler.xml (RunModel)" time="0.016" />
  <testcase classname="ptolemy.util.test.junit.AutoTests" name="[108] /home/travis/build/icyphy/ptII/ptolemy/domains/continuous/test/auto/PeriodicSampler1.xml (RunModel)" time="0.053" />
  <testcase classname="ptolemy.util.test.junit.AutoTests" name="[109] /home/travis/build/icyphy/ptII/ptolemy/domains/continuous/test/auto/PeriodicSampler2.xml (RunModel)" time="0.079" />
  <testcase classname="ptolemy.util.test.junit.AutoTests" name="[110] /home/travis/build/icyphy/ptII/ptolemy/domains/continuous/test/auto/Poisson.xml (RunModel)" time="0.456" />
  <testcase classname="ptolemy.util.test.junit.AutoTests" name="[111] /home/travis/build/icyphy/ptII/ptolemy/domains/continuous/test/auto/PoissonClock.xml (RunModel)" time="0.019" />
  <testcase classname="ptolemy.util.test.junit.AutoTests" name="[112] /home/travis/build/icyphy/ptII/ptolemy/domains/continuous/test/auto/PoissonClock2.xml (RunModel)" time="0.012" />
  <testcase classname="ptolemy.util.test.junit.AutoTests" name="[113] /home/travis/build/icyphy/ptII/ptolemy/domains/continuous/test/auto/PortParameterHierarchy.xml (RunModel)" time="0.025" />
  <testcase classname="ptolemy.util.test.junit.AutoTests" name="[114] /home/travis/build/icyphy/ptII/ptolemy/domains/continuous/test/auto/RandomHybridPlant.xml (RunModel)" time="0.611" />
  <testcase classname="ptolemy.util.test.junit.AutoTests" name="[115] /home/travis/build/icyphy/ptII/ptolemy/domains/continuous/test/auto/ResetTransitionWithStartTime1.xml (RunModel)" time="0.034" />
  <testcase classname="ptolemy.util.test.junit.AutoTests" name="[116] /home/travis/build/icyphy/ptII/ptolemy/domains/continuous/test/auto/ResetTransitionWithStartTime2.xml (RunModel)" time="0.047" />
  <testcase classname="ptolemy.util.test.junit.AutoTests" name="[117] /home/travis/build/icyphy/ptII/ptolemy/domains/continuous/test/auto/ResetTransitionWithStartTime3.xml (RunModel)" time="0.041" />
  <testcase classname="ptolemy.util.test.junit.AutoTests" name="[118] /home/travis/build/icyphy/ptII/ptolemy/domains/continuous/test/auto/ResetTransitionWithStartTime4.xml (RunModel)" time="0.029" />
  <testcase classname="ptolemy.util.test.junit.AutoTests" name="[119] /home/travis/build/icyphy/ptII/ptolemy/domains/continuous/test/auto/ResetTransitionWithStartTime5.xml (RunModel)" time="0.044" />
  <testcase classname="ptolemy.util.test.junit.AutoTests" name="[120] /home/travis/build/icyphy/ptII/ptolemy/domains/continuous/test/auto/ResetTransitionWithStartTime6.xml (RunModel)" time="0.032" />
  <testcase classname="ptolemy.util.test.junit.AutoTests" name="[121] /home/travis/build/icyphy/ptII/ptolemy/domains/continuous/test/auto/SRinContinuous.xml (RunModel)" time="0.029" />
  <testcase classname="ptolemy.util.test.junit.AutoTests" name="[122] /home/travis/build/icyphy/ptII/ptolemy/domains/continuous/test/auto/SampledClocks.xml (RunModel)" time="0.044" />
  <testcase classname="ptolemy.util.test.junit.AutoTests" name="[123] /home/travis/build/icyphy/ptII/ptolemy/domains/continuous/test/auto/Satellite.xml (RunModel)" time="0.989" />
  <testcase classname="ptolemy.util.test.junit.AutoTests" name="[124] /home/travis/build/icyphy/ptII/ptolemy/domains/continuous/test/auto/SigmaDelta.xml (RunModel)" time="2.429" />
  <testcase classname="ptolemy.util.test.junit.AutoTests" name="[125] /home/travis/build/icyphy/ptII/ptolemy/domains/continuous/test/auto/SingleRefinement.xml (RunModel)" time="0.43" />
  <testcase classname="ptolemy.util.test.junit.AutoTests" name="[126] /home/travis/build/icyphy/ptII/ptolemy/domains/continuous/test/auto/SinuBouncingBall.xml (RunModel)" time="0.878" />
  <testcase classname="ptolemy.util.test.junit.AutoTests" name="[127] /home/travis/build/icyphy/ptII/ptolemy/domains/continuous/test/auto/Sinusoid.xml (RunModel)" time="0.012" />
  <testcase classname="ptolemy.util.test.junit.AutoTests" name="[128] /home/travis/build/icyphy/ptII/ptolemy/domains/continuous/test/auto/SinusoidInNoise.xml (RunModel)" time="1.061" />
  <testcase classname="ptolemy.util.test.junit.AutoTests" name="[129] /home/travis/build/icyphy/ptII/ptolemy/domains/continuous/test/auto/SinusoidRK45.xml (RunModel)" time="0.013" />
  <testcase classname="ptolemy.util.test.junit.AutoTests" name="[130] /home/travis/build/icyphy/ptII/ptolemy/domains/continuous/test/auto/SinusoidWithMultipleImpulses.xml (RunModel)" time="0.013" />
  <testcase classname="ptolemy.util.test.junit.AutoTests" name="[131] /home/travis/build/icyphy/ptII/ptolemy/domains/continuous/test/auto/SquareWave.xml (RunModel)" time="0.201" />
  <testcase classname="ptolemy.util.test.junit.AutoTests" name="[132] /home/travis/build/icyphy/ptII/ptolemy/domains/continuous/test/auto/Starmac.xml (RunModel)" time="3.382" />
  <testcase classname="ptolemy.util.test.junit.AutoTests" name="[133] /home/travis/build/icyphy/ptII/ptolemy/domains/continuous/test/auto/StaticUnits.xml (RunModel)" time="3.016" />
  <testcase classname="ptolemy.util.test.junit.AutoTests" name="[134] /home/travis/build/icyphy/ptII/ptolemy/domains/continuous/test/auto/StickyMasses.xml (RunModel)" time="0.192" />
  <testcase classname="ptolemy.util.test.junit.AutoTests" name="[135] /home/travis/build/icyphy/ptII/ptolemy/domains/continuous/test/auto/StopTime.xml (RunModel)" time="0.065" />
  <testcase classname="ptolemy.util.test.junit.AutoTests" name="[136] /home/travis/build/icyphy/ptII/ptolemy/domains/continuous/test/auto/StopTime2.xml (RunModel)" time="0.058" />
  <testcase classname="ptolemy.util.test.junit.AutoTests" name="[137] /home/travis/build/icyphy/ptII/ptolemy/domains/continuous/test/auto/Switch.xml (RunModel)" time="0.065" />
  <testcase classname="ptolemy.util.test.junit.AutoTests" name="[138] /home/travis/build/icyphy/ptII/ptolemy/domains/continuous/test/auto/Thermostat.xml (RunModel)" time="0.237" />
  <testcase classname="ptolemy.util.test.junit.AutoTests" name="[139] /home/travis/build/icyphy/ptII/ptolemy/domains/continuous/test/auto/TimeDelay.xml (RunModel)" time="0.015" />
  <testcase classname="ptolemy.util.test.junit.AutoTests" name="[140] /home/travis/build/icyphy/ptII/ptolemy/domains/continuous/test/auto/TimeDelay2.xml (RunModel)" time="0.028" />
  <testcase classname="ptolemy.util.test.junit.AutoTests" name="[141] /home/travis/build/icyphy/ptII/ptolemy/domains/continuous/test/auto/TimeDelay3.xml (RunModel)" time="0.013" />
  <testcase classname="ptolemy.util.test.junit.AutoTests" name="[142] /home/travis/build/icyphy/ptII/ptolemy/domains/continuous/test/auto/TransferAbsentToInside.xml (RunModel)" time="0.109" />
  <testcase classname="ptolemy.util.test.junit.AutoTests" name="[143] /home/travis/build/icyphy/ptII/ptolemy/domains/continuous/test/auto/Transmission.xml (RunModel)" time="0.895" />
  <testcase classname="ptolemy.util.test.junit.AutoTests" name="[144] /home/travis/build/icyphy/ptII/ptolemy/domains/continuous/test/auto/TriggeredContinuousClock.xml (RunModel)" time="0.068" />
  <testcase classname="ptolemy.util.test.junit.AutoTests" name="[145] /home/travis/build/icyphy/ptII/ptolemy/domains/continuous/test/auto/TwoMachineInfiniteBusControl.xml (RunModel)" time="3.381" />
  <testcase classname="ptolemy.util.test.junit.AutoTests" name="[146] /home/travis/build/icyphy/ptII/ptolemy/domains/continuous/test/auto/V2V.xml (RunModel)" time="0.889" />
  <testcase classname="ptolemy.util.test.junit.AutoTests" name="[147] /home/travis/build/icyphy/ptII/ptolemy/domains/continuous/test/auto/hierarchicalModalModel.xml (RunModel)" time="0.033" />
  <testcase classname="ptolemy.util.test.junit.AutoTests" name="[148] /home/travis/build/icyphy/ptII/ptolemy/domains/continuous/test/auto/hierarchicalModalModel1.xml (RunModel)" time="0.032" />
  <testcase classname="ptolemy.util.test.junit.AutoTests" name="[149] /home/travis/build/icyphy/ptII/ptolemy/domains/continuous/test/auto/hierarchicalModalModel2.xml (RunModel)" time="0.042" />
  <testcase classname="ptolemy.util.test.junit.AutoTests" name="[150] /home/travis/build/icyphy/ptII/ptolemy/domains/continuous/test/auto/hierarchicalModalModel3.xml (RunModel)" time="0.031" />
  <testcase classname="ptolemy.util.test.junit.AutoTests" name="[151] /home/travis/build/icyphy/ptII/ptolemy/domains/continuous/test/auto/hierarchicalModalModel4.xml (RunModel)" time="0.025" />
  <testcase classname="ptolemy.util.test.junit.AutoTests" name="[152] /home/travis/build/icyphy/ptII/ptolemy/domains/continuous/test/auto/junk.xml (RunModel)" time="0.166" />
  <system-out><![CDATA[No tcl tests in /home/travis/build/icyphy/ptII/ptolemy/domains/continuous/test
No auto/knownFailedTests/*.xml tests in /home/travis/build/icyphy/ptII/ptolemy/domains/continuous/test
No auto/linux-amd64/*.xml tests in /home/travis/build/icyphy/ptII/ptolemy/domains/continuous/test
AutoTests.java: About to close Vertx.
AutoTests.java: Vertx closed.

===========================================================================================
----------------- testing Tue Jul 16 14:36:45 UTC 2019 /home/travis/build/icyphy/ptII/ptolemy/domains/continuous/test/auto/BouncingBall.xml
----------------- Instantiating /home/travis/build/icyphy/ptII/ptolemy/domains/continuous/test/auto/BouncingBall.xml
2562 ms. Memory: 147456K Free: 72212K (49%)
----------------- Invoking toplevel() on ptolemy.moml.MoMLSimpleApplication@5a20bfcf
----------------- Done invoking toplevel() on ptolemy.moml.MoMLSimpleApplication@5a20bfcf
reloadAllAccessors: .BouncingBall

===========================================================================================
----------------- testing Tue Jul 16 14:36:48 UTC 2019 /home/travis/build/icyphy/ptII/ptolemy/domains/continuous/test/auto/BouncingBallWithoutGR.xml
----------------- Instantiating /home/travis/build/icyphy/ptII/ptolemy/domains/continuous/test/auto/BouncingBallWithoutGR.xml
758 ms. Memory: 147456K Free: 61536K (42%)
----------------- Invoking toplevel() on ptolemy.moml.MoMLSimpleApplication@4ed427cd
----------------- Done invoking toplevel() on ptolemy.moml.MoMLSimpleApplication@4ed427cd
reloadAllAccessors: .BouncingBallWithoutGR

===========================================================================================
----------------- testing Tue Jul 16 14:36:49 UTC 2019 /home/travis/build/icyphy/ptII/ptolemy/domains/continuous/test/auto/Brownian.xml
----------------- Instantiating /home/travis/build/icyphy/ptII/ptolemy/domains/continuous/test/auto/Brownian.xml
33 ms. Memory: 147456K Free: 52320K (35%)
----------------- Invoking toplevel() on ptolemy.moml.MoMLSimpleApplication@26bab526
----------------- Done invoking toplevel() on ptolemy.moml.MoMLSimpleApplication@26bab526
reloadAllAccessors: .Brownian

===========================================================================================
----------------- testing Tue Jul 16 14:36:49 UTC 2019 /home/travis/build/icyphy/ptII/ptolemy/domains/continuous/test/auto/CarTracking.xml
----------------- Instantiating /home/travis/build/icyphy/ptII/ptolemy/domains/continuous/test/auto/CarTracking.xml
3484 ms. Memory: 212992K Free: 94985K (45%)
----------------- Invoking toplevel() on ptolemy.moml.MoMLSimpleApplication@60f1b91e
----------------- Done invoking toplevel() on ptolemy.moml.MoMLSimpleApplication@60f1b91e
reloadAllAccessors: .CarTracking

===========================================================================================
----------------- testing Tue Jul 16 14:36:53 UTC 2019 /home/travis/build/icyphy/ptII/ptolemy/domains/continuous/test/auto/CartPendulum.xml
----------------- Instantiating /home/travis/build/icyphy/ptII/ptolemy/domains/continuous/test/auto/CartPendulum.xml
425 ms. Memory: 212992K Free: 127441K (60%)
----------------- Invoking toplevel() on ptolemy.moml.MoMLSimpleApplication@367e2300
----------------- Done invoking toplevel() on ptolemy.moml.MoMLSimpleApplication@367e2300
reloadAllAccessors: .CartPendulum

===========================================================================================
----------------- testing Tue Jul 16 14:36:54 UTC 2019 /home/travis/build/icyphy/ptII/ptolemy/domains/continuous/test/auto/CausalityInterface10.xml
----------------- Instantiating /home/travis/build/icyphy/ptII/ptolemy/domains/continuous/test/auto/CausalityInterface10.xml
10 ms. Memory: 212992K Free: 117215K (55%)
----------------- Invoking toplevel() on ptolemy.moml.MoMLSimpleApplication@1ec6d8a9
----------------- Done invoking toplevel() on ptolemy.moml.MoMLSimpleApplication@1ec6d8a9
reloadAllAccessors: .CausalityInterface10

===========================================================================================
----------------- testing Tue Jul 16 14:36:54 UTC 2019 /home/travis/build/icyphy/ptII/ptolemy/domains/continuous/test/auto/CausalityInterface11.xml
----------------- Instantiating /home/travis/build/icyphy/ptII/ptolemy/domains/continuous/test/auto/CausalityInterface11.xml
5 ms. Memory: 212992K Free: 111071K (52%)
----------------- Invoking toplevel() on ptolemy.moml.MoMLSimpleApplication@73d3ee9
----------------- Done invoking toplevel() on ptolemy.moml.MoMLSimpleApplication@73d3ee9
reloadAllAccessors: .CausalityInterface11

===========================================================================================
----------------- testing Tue Jul 16 14:36:54 UTC 2019 /home/travis/build/icyphy/ptII/ptolemy/domains/continuous/test/auto/CausalityInterface12.xml
----------------- Instantiating /home/travis/build/icyphy/ptII/ptolemy/domains/continuous/test/auto/CausalityInterface12.xml
5 ms. Memory: 212992K Free: 104913K (49%)
----------------- Invoking toplevel() on ptolemy.moml.MoMLSimpleApplication@207f14aa
----------------- Done invoking toplevel() on ptolemy.moml.MoMLSimpleApplication@207f14aa
reloadAllAccessors: .CausalityInterface12

===========================================================================================
----------------- testing Tue Jul 16 14:36:54 UTC 2019 /home/travis/build/icyphy/ptII/ptolemy/domains/continuous/test/auto/CausalityInterface13.xml
----------------- Instantiating /home/travis/build/icyphy/ptII/ptolemy/domains/continuous/test/auto/CausalityInterface13.xml
5 ms. Memory: 212992K Free: 98753K (46%)
----------------- Invoking toplevel() on ptolemy.moml.MoMLSimpleApplication@d8272a0
----------------- Done invoking toplevel() on ptolemy.moml.MoMLSimpleApplication@d8272a0
reloadAllAccessors: .CausalityInterface13

===========================================================================================
----------------- testing Tue Jul 16 14:36:54 UTC 2019 /home/travis/build/icyphy/ptII/ptolemy/domains/continuous/test/auto/CausalityInterface14.xml
----------------- Instantiating /home/travis/build/icyphy/ptII/ptolemy/domains/continuous/test/auto/CausalityInterface14.xml
7 ms. Memory: 212992K Free: 93153K (44%)
----------------- Invoking toplevel() on ptolemy.moml.MoMLSimpleApplication@5c1ceb77
----------------- Done invoking toplevel() on ptolemy.moml.MoMLSimpleApplication@5c1ceb77
reloadAllAccessors: .CausalityInterface14

===========================================================================================
----------------- testing Tue Jul 16 14:36:54 UTC 2019 /home/travis/build/icyphy/ptII/ptolemy/domains/continuous/test/auto/CausalityInterface4.xml
----------------- Instantiating /home/travis/build/icyphy/ptII/ptolemy/domains/continuous/test/auto/CausalityInterface4.xml
8 ms. Memory: 212992K Free: 86481K (41%)
----------------- Invoking toplevel() on ptolemy.moml.MoMLSimpleApplication@5e8781e5
----------------- Done invoking toplevel() on ptolemy.moml.MoMLSimpleApplication@5e8781e5
reloadAllAccessors: .CausalityInterface4

===========================================================================================
----------------- testing Tue Jul 16 14:36:54 UTC 2019 /home/travis/build/icyphy/ptII/ptolemy/domains/continuous/test/auto/CausalityInterface5.xml
----------------- Instantiating /home/travis/build/icyphy/ptII/ptolemy/domains/continuous/test/auto/CausalityInterface5.xml
5 ms. Memory: 212992K Free: 78303K (37%)
----------------- Invoking toplevel() on ptolemy.moml.MoMLSimpleApplication@623d3a5e
----------------- Done invoking toplevel() on ptolemy.moml.MoMLSimpleApplication@623d3a5e
reloadAllAccessors: .CausalityInterface5

===========================================================================================
----------------- testing Tue Jul 16 14:36:54 UTC 2019 /home/travis/build/icyphy/ptII/ptolemy/domains/continuous/test/auto/CausalityInterface6.xml
----------------- Instantiating /home/travis/build/icyphy/ptII/ptolemy/domains/continuous/test/auto/CausalityInterface6.xml
11 ms. Memory: 212992K Free: 198284K (93%)
----------------- Invoking toplevel() on ptolemy.moml.MoMLSimpleApplication@b6efcbf
----------------- Done invoking toplevel() on ptolemy.moml.MoMLSimpleApplication@b6efcbf
reloadAllAccessors: .CausalityInterface6

===========================================================================================
----------------- testing Tue Jul 16 14:36:54 UTC 2019 /home/travis/build/icyphy/ptII/ptolemy/domains/continuous/test/auto/CausalityInterface7.xml
----------------- Instantiating /home/travis/build/icyphy/ptII/ptolemy/domains/continuous/test/auto/CausalityInterface7.xml
8 ms. Memory: 212992K Free: 189068K (89%)
----------------- Invoking toplevel() on ptolemy.moml.MoMLSimpleApplication@76378673
----------------- Done invoking toplevel() on ptolemy.moml.MoMLSimpleApplication@76378673
reloadAllAccessors: .CausalityInterface7

===========================================================================================
----------------- testing Tue Jul 16 14:36:54 UTC 2019 /home/travis/build/icyphy/ptII/ptolemy/domains/continuous/test/auto/CausalityInterface8.xml
----------------- Instantiating /home/travis/build/icyphy/ptII/ptolemy/domains/continuous/test/auto/CausalityInterface8.xml
5 ms. Memory: 212992K Free: 180362K (85%)
----------------- Invoking toplevel() on ptolemy.moml.MoMLSimpleApplication@6232f695
----------------- Done invoking toplevel() on ptolemy.moml.MoMLSimpleApplication@6232f695
reloadAllAccessors: .CausalityInterface8

===========================================================================================
----------------- testing Tue Jul 16 14:36:54 UTC 2019 /home/travis/build/icyphy/ptII/ptolemy/domains/continuous/test/auto/CausalityInterface9.xml
----------------- Instantiating /home/travis/build/icyphy/ptII/ptolemy/domains/continuous/test/auto/CausalityInterface9.xml
5 ms. Memory: 212992K Free: 169098K (79%)
----------------- Invoking toplevel() on ptolemy.moml.MoMLSimpleApplication@73df1af7
----------------- Done invoking toplevel() on ptolemy.moml.MoMLSimpleApplication@73df1af7
reloadAllAccessors: .CausalityInterface9

===========================================================================================
----------------- testing Tue Jul 16 14:36:54 UTC 2019 /home/travis/build/icyphy/ptII/ptolemy/domains/continuous/test/auto/CausalityInterfaceFeedback1.xml
----------------- Instantiating /home/travis/build/icyphy/ptII/ptolemy/domains/continuous/test/auto/CausalityInterfaceFeedback1.xml
6 ms. Memory: 212992K Free: 162444K (76%)
----------------- Invoking toplevel() on ptolemy.moml.MoMLSimpleApplication@54489016
----------------- Done invoking toplevel() on ptolemy.moml.MoMLSimpleApplication@54489016
reloadAllAccessors: .CausalityInterfaceFeedback1

===========================================================================================
----------------- testing Tue Jul 16 14:36:54 UTC 2019 /home/travis/build/icyphy/ptII/ptolemy/domains/continuous/test/auto/CausalityInterfaceFeedback2.xml
----------------- Instantiating /home/travis/build/icyphy/ptII/ptolemy/domains/continuous/test/auto/CausalityInterfaceFeedback2.xml
4 ms. Memory: 212992K Free: 155772K (73%)
----------------- Invoking toplevel() on ptolemy.moml.MoMLSimpleApplication@68683a3d
----------------- Done invoking toplevel() on ptolemy.moml.MoMLSimpleApplication@68683a3d
reloadAllAccessors: .CausalityInterfaceFeedback2

===========================================================================================
----------------- testing Tue Jul 16 14:36:54 UTC 2019 /home/travis/build/icyphy/ptII/ptolemy/domains/continuous/test/auto/CompareWithCurrentTime.xml
----------------- Instantiating /home/travis/build/icyphy/ptII/ptolemy/domains/continuous/test/auto/CompareWithCurrentTime.xml
2 ms. Memory: 212992K Free: 151690K (71%)
----------------- Invoking toplevel() on ptolemy.moml.MoMLSimpleApplication@76284f22
----------------- Done invoking toplevel() on ptolemy.moml.MoMLSimpleApplication@76284f22
reloadAllAccessors: .CompareWithCurrentTime

===========================================================================================
----------------- testing Tue Jul 16 14:36:54 UTC 2019 /home/travis/build/icyphy/ptII/ptolemy/domains/continuous/test/auto/ComparedClocks.xml
----------------- Instantiating /home/travis/build/icyphy/ptII/ptolemy/domains/continuous/test/auto/ComparedClocks.xml
8 ms. Memory: 212992K Free: 136316K (64%)
----------------- Invoking toplevel() on ptolemy.moml.MoMLSimpleApplication@55156edc
----------------- Done invoking toplevel() on ptolemy.moml.MoMLSimpleApplication@55156edc
reloadAllAccessors: .ComparedClocks

===========================================================================================
----------------- testing Tue Jul 16 14:36:54 UTC 2019 /home/travis/build/icyphy/ptII/ptolemy/domains/continuous/test/auto/ContinuousAOCClone.xml
----------------- Instantiating /home/travis/build/icyphy/ptII/ptolemy/domains/continuous/test/auto/ContinuousAOCClone.xml
2617 ms. Memory: 256000K Free: 199341K (78%)
----------------- Invoking toplevel() on ptolemy.moml.MoMLSimpleApplication@3d715421
----------------- Done invoking toplevel() on ptolemy.moml.MoMLSimpleApplication@3d715421
reloadAllAccessors: .ContinuousAOCClone

===========================================================================================
----------------- testing Tue Jul 16 14:36:57 UTC 2019 /home/travis/build/icyphy/ptII/ptolemy/domains/continuous/test/auto/ContinuousClock.xml
----------------- Instantiating /home/travis/build/icyphy/ptII/ptolemy/domains/continuous/test/auto/ContinuousClock.xml
34 ms. Memory: 256000K Free: 177308K (69%)
----------------- Invoking toplevel() on ptolemy.moml.MoMLSimpleApplication@243c83b5
----------------- Done invoking toplevel() on ptolemy.moml.MoMLSimpleApplication@243c83b5
reloadAllAccessors: .ContinuousClock

===========================================================================================
----------------- testing Tue Jul 16 14:36:57 UTC 2019 /home/travis/build/icyphy/ptII/ptolemy/domains/continuous/test/auto/ContinuousInContinuous.xml
----------------- Instantiating /home/travis/build/icyphy/ptII/ptolemy/domains/continuous/test/auto/ContinuousInContinuous.xml
41 ms. Memory: 256000K Free: 153756K (60%)
----------------- Invoking toplevel() on ptolemy.moml.MoMLSimpleApplication@5cc76959
----------------- Done invoking toplevel() on ptolemy.moml.MoMLSimpleApplication@5cc76959
reloadAllAccessors: .ContinuousInContinuous

===========================================================================================
----------------- testing Tue Jul 16 14:36:57 UTC 2019 /home/travis/build/icyphy/ptII/ptolemy/domains/continuous/test/auto/ContinuousInContinuousInContinuous.xml
----------------- Instantiating /home/travis/build/icyphy/ptII/ptolemy/domains/continuous/test/auto/ContinuousInContinuousInContinuous.xml
8 ms. Memory: 256000K Free: 145579K (57%)
----------------- Invoking toplevel() on ptolemy.moml.MoMLSimpleApplication@b52118f
----------------- Done invoking toplevel() on ptolemy.moml.MoMLSimpleApplication@b52118f
reloadAllAccessors: .ContinuousInContinuousInContinuous

===========================================================================================
----------------- testing Tue Jul 16 14:36:58 UTC 2019 /home/travis/build/icyphy/ptII/ptolemy/domains/continuous/test/auto/ContinuousInDE.xml
----------------- Instantiating /home/travis/build/icyphy/ptII/ptolemy/domains/continuous/test/auto/ContinuousInDE.xml
65 ms. Memory: 256000K Free: 135339K (53%)
----------------- Invoking toplevel() on ptolemy.moml.MoMLSimpleApplication@34a55ced
----------------- Done invoking toplevel() on ptolemy.moml.MoMLSimpleApplication@34a55ced
reloadAllAccessors: .ContinuousInDE

===========================================================================================
----------------- testing Tue Jul 16 14:36:58 UTC 2019 /home/travis/build/icyphy/ptII/ptolemy/domains/continuous/test/auto/ContinuousInDE2.xml
----------------- Instantiating /home/travis/build/icyphy/ptII/ptolemy/domains/continuous/test/auto/ContinuousInDE2.xml
48 ms. Memory: 256000K Free: 125613K (49%)
----------------- Invoking toplevel() on ptolemy.moml.MoMLSimpleApplication@277659e3
----------------- Done invoking toplevel() on ptolemy.moml.MoMLSimpleApplication@277659e3
reloadAllAccessors: .ContinuousInDE2

===========================================================================================
----------------- testing Tue Jul 16 14:36:58 UTC 2019 /home/travis/build/icyphy/ptII/ptolemy/domains/continuous/test/auto/ContinuousInDE3.xml
----------------- Instantiating /home/travis/build/icyphy/ptII/ptolemy/domains/continuous/test/auto/ContinuousInDE3.xml
38 ms. Memory: 256000K Free: 115883K (45%)
----------------- Invoking toplevel() on ptolemy.moml.MoMLSimpleApplication@147f5f6a
----------------- Done invoking toplevel() on ptolemy.moml.MoMLSimpleApplication@147f5f6a
reloadAllAccessors: .ContinuousInDE3

===========================================================================================
----------------- testing Tue Jul 16 14:36:58 UTC 2019 /home/travis/build/icyphy/ptII/ptolemy/domains/continuous/test/auto/ContinuousInDE4.xml
----------------- Instantiating /home/travis/build/icyphy/ptII/ptolemy/domains/continuous/test/auto/ContinuousInDE4.xml
18 ms. Memory: 256000K Free: 109739K (43%)
----------------- Invoking toplevel() on ptolemy.moml.MoMLSimpleApplication@4a583103
----------------- Done invoking toplevel() on ptolemy.moml.MoMLSimpleApplication@4a583103
reloadAllAccessors: .ContinuousInDE4

===========================================================================================
----------------- testing Tue Jul 16 14:36:58 UTC 2019 /home/travis/build/icyphy/ptII/ptolemy/domains/continuous/test/auto/ContinuousInDEDifferentRefinements.xml
----------------- Instantiating /home/travis/build/icyphy/ptII/ptolemy/domains/continuous/test/auto/ContinuousInDEDifferentRefinements.xml
59 ms. Memory: 256000K Free: 230779K (90%)
----------------- Invoking toplevel() on ptolemy.moml.MoMLSimpleApplication@64587cfd
----------------- Done invoking toplevel() on ptolemy.moml.MoMLSimpleApplication@64587cfd
reloadAllAccessors: .ContinuousInDEDifferentRefinements

===========================================================================================
----------------- testing Tue Jul 16 14:36:58 UTC 2019 /home/travis/build/icyphy/ptII/ptolemy/domains/continuous/test/auto/ContinuousInDEDifferentRefinementsPreemptive.xml
----------------- Instantiating /home/travis/build/icyphy/ptII/ptolemy/domains/continuous/test/auto/ContinuousInDEDifferentRefinementsPreemptive.xml
36 ms. Memory: 256000K Free: 199750K (78%)
----------------- Invoking toplevel() on ptolemy.moml.MoMLSimpleApplication@5e974147
----------------- Done invoking toplevel() on ptolemy.moml.MoMLSimpleApplication@5e974147
reloadAllAccessors: .ContinuousInDEDifferentRefinementsPreemptive

===========================================================================================
----------------- testing Tue Jul 16 14:36:58 UTC 2019 /home/travis/build/icyphy/ptII/ptolemy/domains/continuous/test/auto/ContinuousInDEInContinuous2.xml
----------------- Instantiating /home/travis/build/icyphy/ptII/ptolemy/domains/continuous/test/auto/ContinuousInDEInContinuous2.xml
29 ms. Memory: 256000K Free: 188486K (74%)
----------------- Invoking toplevel() on ptolemy.moml.MoMLSimpleApplication@1894ab59
----------------- Done invoking toplevel() on ptolemy.moml.MoMLSimpleApplication@1894ab59
reloadAllAccessors: .ContinuousInDEInContinuous2

===========================================================================================
----------------- testing Tue Jul 16 14:36:58 UTC 2019 /home/travis/build/icyphy/ptII/ptolemy/domains/continuous/test/auto/ContinuousInDEInContinuous3.xml
----------------- Instantiating /home/travis/build/icyphy/ptII/ptolemy/domains/continuous/test/auto/ContinuousInDEInContinuous3.xml
37 ms. Memory: 256000K Free: 176198K (69%)
----------------- Invoking toplevel() on ptolemy.moml.MoMLSimpleApplication@62cac599
----------------- Done invoking toplevel() on ptolemy.moml.MoMLSimpleApplication@62cac599
reloadAllAccessors: .ContinuousInDEInContinuous3

===========================================================================================
----------------- testing Tue Jul 16 14:36:58 UTC 2019 /home/travis/build/icyphy/ptII/ptolemy/domains/continuous/test/auto/ContinuousInDEInput.xml
----------------- Instantiating /home/travis/build/icyphy/ptII/ptolemy/domains/continuous/test/auto/ContinuousInDEInput.xml
14 ms. Memory: 256000K Free: 169030K (66%)
----------------- Invoking toplevel() on ptolemy.moml.MoMLSimpleApplication@5a98982e
----------------- Done invoking toplevel() on ptolemy.moml.MoMLSimpleApplication@5a98982e
reloadAllAccessors: .ContinuousInDEInput

===========================================================================================
----------------- testing Tue Jul 16 14:36:58 UTC 2019 /home/travis/build/icyphy/ptII/ptolemy/domains/continuous/test/auto/ContinuousInDEInput2.xml
----------------- Instantiating /home/travis/build/icyphy/ptII/ptolemy/domains/continuous/test/auto/ContinuousInDEInput2.xml
13 ms. Memory: 256000K Free: 161862K (63%)
----------------- Invoking toplevel() on ptolemy.moml.MoMLSimpleApplication@12f1633c
----------------- Done invoking toplevel() on ptolemy.moml.MoMLSimpleApplication@12f1633c
reloadAllAccessors: .ContinuousInDEInput2

===========================================================================================
----------------- testing Tue Jul 16 14:36:58 UTC 2019 /home/travis/build/icyphy/ptII/ptolemy/domains/continuous/test/auto/ContinuousInDEInput3.xml
----------------- Instantiating /home/travis/build/icyphy/ptII/ptolemy/domains/continuous/test/auto/ContinuousInDEInput3.xml
12 ms. Memory: 256000K Free: 154694K (60%)
----------------- Invoking toplevel() on ptolemy.moml.MoMLSimpleApplication@685474c4
----------------- Done invoking toplevel() on ptolemy.moml.MoMLSimpleApplication@685474c4
reloadAllAccessors: .ContinuousInDEInput3

===========================================================================================
----------------- testing Tue Jul 16 14:36:58 UTC 2019 /home/travis/build/icyphy/ptII/ptolemy/domains/continuous/test/auto/ContinuousInDESharingRefinement.xml
----------------- Instantiating /home/travis/build/icyphy/ptII/ptolemy/domains/continuous/test/auto/ContinuousInDESharingRefinement.xml
144 ms. Memory: 256000K Free: 213334K (83%)
----------------- Invoking toplevel() on ptolemy.moml.MoMLSimpleApplication@18779f1b
----------------- Done invoking toplevel() on ptolemy.moml.MoMLSimpleApplication@18779f1b
reloadAllAccessors: .ContinuousInDESharingRefinement

===========================================================================================
----------------- testing Tue Jul 16 14:36:58 UTC 2019 /home/travis/build/icyphy/ptII/ptolemy/domains/continuous/test/auto/ContinuousInDEwithNoPorts.xml
----------------- Instantiating /home/travis/build/icyphy/ptII/ptolemy/domains/continuous/test/auto/ContinuousInDEwithNoPorts.xml
8 ms. Memory: 256000K Free: 208710K (82%)
----------------- Invoking toplevel() on ptolemy.moml.MoMLSimpleApplication@320bdc53
----------------- Done invoking toplevel() on ptolemy.moml.MoMLSimpleApplication@320bdc53
reloadAllAccessors: .ContinuousInDEwithNoPorts

===========================================================================================
----------------- testing Tue Jul 16 14:36:58 UTC 2019 /home/travis/build/icyphy/ptII/ptolemy/domains/continuous/test/auto/ContinuousInsideDE.xml
----------------- Instantiating /home/travis/build/icyphy/ptII/ptolemy/domains/continuous/test/auto/ContinuousInsideDE.xml
33 ms. Memory: 256000K Free: 197460K (77%)
----------------- Invoking toplevel() on ptolemy.moml.MoMLSimpleApplication@53ae2af0
----------------- Done invoking toplevel() on ptolemy.moml.MoMLSimpleApplication@53ae2af0
reloadAllAccessors: .ContinuousInsideDE

===========================================================================================
----------------- testing Tue Jul 16 14:36:58 UTC 2019 /home/travis/build/icyphy/ptII/ptolemy/domains/continuous/test/auto/ContinuousMerge1.xml
----------------- Instantiating /home/travis/build/icyphy/ptII/ptolemy/domains/continuous/test/auto/ContinuousMerge1.xml
3 ms. Memory: 256000K Free: 192854K (75%)
----------------- Invoking toplevel() on ptolemy.moml.MoMLSimpleApplication@4e5d0e5e
----------------- Done invoking toplevel() on ptolemy.moml.MoMLSimpleApplication@4e5d0e5e
reloadAllAccessors: .ContinuousMerge1

===========================================================================================
----------------- testing Tue Jul 16 14:36:59 UTC 2019 /home/travis/build/icyphy/ptII/ptolemy/domains/continuous/test/auto/ContinuousMerge2.xml
----------------- Instantiating /home/travis/build/icyphy/ptII/ptolemy/domains/continuous/test/auto/ContinuousMerge2.xml
15 ms. Memory: 256000K Free: 182614K (71%)
----------------- Invoking toplevel() on ptolemy.moml.MoMLSimpleApplication@604a2ce8
----------------- Done invoking toplevel() on ptolemy.moml.MoMLSimpleApplication@604a2ce8
reloadAllAccessors: .ContinuousMerge2

===========================================================================================
----------------- testing Tue Jul 16 14:36:59 UTC 2019 /home/travis/build/icyphy/ptII/ptolemy/domains/continuous/test/auto/ContinuousMerge3.xml
----------------- Instantiating /home/travis/build/icyphy/ptII/ptolemy/domains/continuous/test/auto/ContinuousMerge3.xml
40 ms. Memory: 256000K Free: 171860K (67%)
----------------- Invoking toplevel() on ptolemy.moml.MoMLSimpleApplication@1ad12a46
----------------- Done invoking toplevel() on ptolemy.moml.MoMLSimpleApplication@1ad12a46
reloadAllAccessors: .ContinuousMerge3

===========================================================================================
----------------- testing Tue Jul 16 14:36:59 UTC 2019 /home/travis/build/icyphy/ptII/ptolemy/domains/continuous/test/auto/ContinuousWithinContinuous.xml
----------------- Instantiating /home/travis/build/icyphy/ptII/ptolemy/domains/continuous/test/auto/ContinuousWithinContinuous.xml
36 ms. Memory: 256000K Free: 162134K (63%)
----------------- Invoking toplevel() on ptolemy.moml.MoMLSimpleApplication@28cdc0b6
----------------- Done invoking toplevel() on ptolemy.moml.MoMLSimpleApplication@28cdc0b6
reloadAllAccessors: .ContinuousWithinContinuous

===========================================================================================
----------------- testing Tue Jul 16 14:36:59 UTC 2019 /home/travis/build/icyphy/ptII/ptolemy/domains/continuous/test/auto/ContinuousWithinContinuous2.xml
----------------- Instantiating /home/travis/build/icyphy/ptII/ptolemy/domains/continuous/test/auto/ContinuousWithinContinuous2.xml
67 ms. Memory: 256000K Free: 150870K (59%)
----------------- Invoking toplevel() on ptolemy.moml.MoMLSimpleApplication@1e1e0542
----------------- Done invoking toplevel() on ptolemy.moml.MoMLSimpleApplication@1e1e0542
reloadAllAccessors: .ContinuousWithinContinuous2

===========================================================================================
----------------- testing Tue Jul 16 14:36:59 UTC 2019 /home/travis/build/icyphy/ptII/ptolemy/domains/continuous/test/auto/ContinuousWithinContinuous3.xml
----------------- Instantiating /home/travis/build/icyphy/ptII/ptolemy/domains/continuous/test/auto/ContinuousWithinContinuous3.xml
13 ms. Memory: 256000K Free: 144212K (56%)
----------------- Invoking toplevel() on ptolemy.moml.MoMLSimpleApplication@55610a96
----------------- Done invoking toplevel() on ptolemy.moml.MoMLSimpleApplication@55610a96
reloadAllAccessors: .ContinuousWithinContinuous3

===========================================================================================
----------------- testing Tue Jul 16 14:36:59 UTC 2019 /home/travis/build/icyphy/ptII/ptolemy/domains/continuous/test/auto/ContinuousWithinContinuous4.xml
----------------- Instantiating /home/travis/build/icyphy/ptII/ptolemy/domains/continuous/test/auto/ContinuousWithinContinuous4.xml
72 ms. Memory: 256000K Free: 131924K (52%)
----------------- Invoking toplevel() on ptolemy.moml.MoMLSimpleApplication@1c5e18e9
----------------- Done invoking toplevel() on ptolemy.moml.MoMLSimpleApplication@1c5e18e9
reloadAllAccessors: .ContinuousWithinContinuous4

===========================================================================================
----------------- testing Tue Jul 16 14:36:59 UTC 2019 /home/travis/build/icyphy/ptII/ptolemy/domains/continuous/test/auto/ContinuousWithinContinuous5.xml
----------------- Instantiating /home/travis/build/icyphy/ptII/ptolemy/domains/continuous/test/auto/ContinuousWithinContinuous5.xml
12 ms. Memory: 256000K Free: 124246K (49%)
----------------- Invoking toplevel() on ptolemy.moml.MoMLSimpleApplication@525da6f0
----------------- Done invoking toplevel() on ptolemy.moml.MoMLSimpleApplication@525da6f0
reloadAllAccessors: .ContinuousWithinContinuous5

===========================================================================================
----------------- testing Tue Jul 16 14:36:59 UTC 2019 /home/travis/build/icyphy/ptII/ptolemy/domains/continuous/test/auto/ContinuousWithinContinuous6.xml
----------------- Instantiating /home/travis/build/icyphy/ptII/ptolemy/domains/continuous/test/auto/ContinuousWithinContinuous6.xml
13 ms. Memory: 256000K Free: 117588K (46%)
----------------- Invoking toplevel() on ptolemy.moml.MoMLSimpleApplication@6eb39747
----------------- Done invoking toplevel() on ptolemy.moml.MoMLSimpleApplication@6eb39747
reloadAllAccessors: .ContinuousWithinContinuous6

===========================================================================================
----------------- testing Tue Jul 16 14:36:59 UTC 2019 /home/travis/build/icyphy/ptII/ptolemy/domains/continuous/test/auto/ContinuousWithinContinuous7.xml
----------------- Instantiating /home/travis/build/icyphy/ptII/ptolemy/domains/continuous/test/auto/ContinuousWithinContinuous7.xml
56 ms. Memory: 256000K Free: 106324K (42%)
----------------- Invoking toplevel() on ptolemy.moml.MoMLSimpleApplication@22b33237
----------------- Done invoking toplevel() on ptolemy.moml.MoMLSimpleApplication@22b33237
reloadAllAccessors: .ContinuousWithinContinuous7

===========================================================================================
----------------- testing Tue Jul 16 14:36:59 UTC 2019 /home/travis/build/icyphy/ptII/ptolemy/domains/continuous/test/auto/DCMotor.xml
----------------- Instantiating /home/travis/build/icyphy/ptII/ptolemy/domains/continuous/test/auto/DCMotor.xml
15509 ms. Memory: 307200K Free: 264988K (86%)
----------------- Invoking toplevel() on ptolemy.moml.MoMLSimpleApplication@eddc87
----------------- Done invoking toplevel() on ptolemy.moml.MoMLSimpleApplication@eddc87
reloadAllAccessors: .DCMotor

===========================================================================================
----------------- testing Tue Jul 16 14:37:15 UTC 2019 /home/travis/build/icyphy/ptII/ptolemy/domains/continuous/test/auto/DEInContinuous.xml
----------------- Instantiating /home/travis/build/icyphy/ptII/ptolemy/domains/continuous/test/auto/DEInContinuous.xml
15 ms. Memory: 307200K Free: 258844K (84%)
----------------- Invoking toplevel() on ptolemy.moml.MoMLSimpleApplication@6543ce6f
----------------- Done invoking toplevel() on ptolemy.moml.MoMLSimpleApplication@6543ce6f
reloadAllAccessors: .DEInContinuous

===========================================================================================
----------------- testing Tue Jul 16 14:37:15 UTC 2019 /home/travis/build/icyphy/ptII/ptolemy/domains/continuous/test/auto/DEinContinuous2.xml
----------------- Instantiating /home/travis/build/icyphy/ptII/ptolemy/domains/continuous/test/auto/DEinContinuous2.xml
8 ms. Memory: 307200K Free: 251148K (82%)
----------------- Invoking toplevel() on ptolemy.moml.MoMLSimpleApplication@332d03c4
----------------- Done invoking toplevel() on ptolemy.moml.MoMLSimpleApplication@332d03c4
reloadAllAccessors: .DEinContinuous2

===========================================================================================
----------------- testing Tue Jul 16 14:37:15 UTC 2019 /home/travis/build/icyphy/ptII/ptolemy/domains/continuous/test/auto/Derivative.xml
----------------- Instantiating /home/travis/build/icyphy/ptII/ptolemy/domains/continuous/test/auto/Derivative.xml
155 ms. Memory: 307200K Free: 221466K (72%)
----------------- Invoking toplevel() on ptolemy.moml.MoMLSimpleApplication@14a8db2e
----------------- Done invoking toplevel() on ptolemy.moml.MoMLSimpleApplication@14a8db2e
reloadAllAccessors: .Derivative2

===========================================================================================
----------------- testing Tue Jul 16 14:37:15 UTC 2019 /home/travis/build/icyphy/ptII/ptolemy/domains/continuous/test/auto/Derivative1.xml
----------------- Instantiating /home/travis/build/icyphy/ptII/ptolemy/domains/continuous/test/auto/Derivative1.xml
27 ms. Memory: 307200K Free: 207130K (67%)
----------------- Invoking toplevel() on ptolemy.moml.MoMLSimpleApplication@7995ec9e
----------------- Done invoking toplevel() on ptolemy.moml.MoMLSimpleApplication@7995ec9e
reloadAllAccessors: .Derivative1

===========================================================================================
----------------- testing Tue Jul 16 14:37:15 UTC 2019 /home/travis/build/icyphy/ptII/ptolemy/domains/continuous/test/auto/DiscreteClock.xml
----------------- Instantiating /home/travis/build/icyphy/ptII/ptolemy/domains/continuous/test/auto/DiscreteClock.xml
4 ms. Memory: 307200K Free: 202010K (66%)
----------------- Invoking toplevel() on ptolemy.moml.MoMLSimpleApplication@26df7880
----------------- Done invoking toplevel() on ptolemy.moml.MoMLSimpleApplication@26df7880
reloadAllAccessors: .DiscreteClock

===========================================================================================
----------------- testing Tue Jul 16 14:37:15 UTC 2019 /home/travis/build/icyphy/ptII/ptolemy/domains/continuous/test/auto/EfficiencyCurve.xml
----------------- Instantiating /home/travis/build/icyphy/ptII/ptolemy/domains/continuous/test/auto/EfficiencyCurve.xml
58 ms. Memory: 307200K Free: 192794K (63%)
----------------- Invoking toplevel() on ptolemy.moml.MoMLSimpleApplication@2e8be119
----------------- Done invoking toplevel() on ptolemy.moml.MoMLSimpleApplication@2e8be119
reloadAllAccessors: .EfficiencyCurve

===========================================================================================
----------------- testing Tue Jul 16 14:37:15 UTC 2019 /home/travis/build/icyphy/ptII/ptolemy/domains/continuous/test/auto/ExponentialResponse.xml
----------------- Instantiating /home/travis/build/icyphy/ptII/ptolemy/domains/continuous/test/auto/ExponentialResponse.xml
114 ms. Memory: 307200K Free: 176924K (58%)
----------------- Invoking toplevel() on ptolemy.moml.MoMLSimpleApplication@63df841c
----------------- Done invoking toplevel() on ptolemy.moml.MoMLSimpleApplication@63df841c
reloadAllAccessors: .ExponentialResponse

===========================================================================================
----------------- testing Tue Jul 16 14:37:15 UTC 2019 /home/travis/build/icyphy/ptII/ptolemy/domains/continuous/test/auto/ExponentialResponseRK45.xml
----------------- Instantiating /home/travis/build/icyphy/ptII/ptolemy/domains/continuous/test/auto/ExponentialResponseRK45.xml
26 ms. Memory: 307200K Free: 170266K (55%)
----------------- Invoking toplevel() on ptolemy.moml.MoMLSimpleApplication@6f608b2c
----------------- Done invoking toplevel() on ptolemy.moml.MoMLSimpleApplication@6f608b2c
reloadAllAccessors: .ExponentialResponseRK45

===========================================================================================
----------------- testing Tue Jul 16 14:37:15 UTC 2019 /home/travis/build/icyphy/ptII/ptolemy/domains/continuous/test/auto/Friction.xml
----------------- Instantiating /home/travis/build/icyphy/ptII/ptolemy/domains/continuous/test/auto/Friction.xml
1575 ms. Memory: 307200K Free: 288368K (94%)
----------------- Invoking toplevel() on ptolemy.moml.MoMLSimpleApplication@9dee4bd
----------------- Done invoking toplevel() on ptolemy.moml.MoMLSimpleApplication@9dee4bd
reloadAllAccessors: .Friction

===========================================================================================
----------------- testing Tue Jul 16 14:37:17 UTC 2019 /home/travis/build/icyphy/ptII/ptolemy/domains/continuous/test/auto/FurutaPendulum.xml
----------------- Instantiating /home/travis/build/icyphy/ptII/ptolemy/domains/continuous/test/auto/FurutaPendulum.xml
3734 ms. Memory: 307200K Free: 130834K (43%)
----------------- Invoking toplevel() on ptolemy.moml.MoMLSimpleApplication@3c8ed0cc
----------------- Done invoking toplevel() on ptolemy.moml.MoMLSimpleApplication@3c8ed0cc
reloadAllAccessors: .FurutaPendulum

===========================================================================================
----------------- testing Tue Jul 16 14:37:21 UTC 2019 /home/travis/build/icyphy/ptII/ptolemy/domains/continuous/test/auto/HierarchicalExecution.xml
----------------- Instantiating /home/travis/build/icyphy/ptII/ptolemy/domains/continuous/test/auto/HierarchicalExecution.xml
1808 ms. Memory: 307200K Free: 203255K (66%)
----------------- Invoking toplevel() on ptolemy.moml.MoMLSimpleApplication@545d7056
----------------- Done invoking toplevel() on ptolemy.moml.MoMLSimpleApplication@545d7056
reloadAllAccessors: .HierarchicalExecution

===========================================================================================
----------------- testing Tue Jul 16 14:37:23 UTC 2019 /home/travis/build/icyphy/ptII/ptolemy/domains/continuous/test/auto/HybridPlant.xml
----------------- Instantiating /home/travis/build/icyphy/ptII/ptolemy/domains/continuous/test/auto/HybridPlant.xml
567 ms. Memory: 368640K Free: 182571K (50%)
----------------- Invoking toplevel() on ptolemy.moml.MoMLSimpleApplication@4d08f241
----------------- Done invoking toplevel() on ptolemy.moml.MoMLSimpleApplication@4d08f241
reloadAllAccessors: .HybridPlant

===========================================================================================
----------------- testing Tue Jul 16 14:37:24 UTC 2019 /home/travis/build/icyphy/ptII/ptolemy/domains/continuous/test/auto/Hysteresis.xml
----------------- Instantiating /home/travis/build/icyphy/ptII/ptolemy/domains/continuous/test/auto/Hysteresis.xml
161 ms. Memory: 368640K Free: 339371K (92%)
----------------- Invoking toplevel() on ptolemy.moml.MoMLSimpleApplication@522e30cd
----------------- Done invoking toplevel() on ptolemy.moml.MoMLSimpleApplication@522e30cd
reloadAllAccessors: .Hysteresis

===========================================================================================
----------------- testing Tue Jul 16 14:37:24 UTC 2019 /home/travis/build/icyphy/ptII/ptolemy/domains/continuous/test/auto/HysteresisWithRandomDelay.xml
----------------- Instantiating /home/travis/build/icyphy/ptII/ptolemy/domains/continuous/test/auto/HysteresisWithRandomDelay.xml
183 ms. Memory: 368640K Free: 267691K (73%)
----------------- Invoking toplevel() on ptolemy.moml.MoMLSimpleApplication@642fc83f
----------------- Done invoking toplevel() on ptolemy.moml.MoMLSimpleApplication@642fc83f
reloadAllAccessors: .HysteresisWithRandomDelay

===========================================================================================
----------------- testing Tue Jul 16 14:37:24 UTC 2019 /home/travis/build/icyphy/ptII/ptolemy/domains/continuous/test/auto/HysteresisWithRandomLosses.xml
----------------- Instantiating /home/travis/build/icyphy/ptII/ptolemy/domains/continuous/test/auto/HysteresisWithRandomLosses.xml
2508 ms. Memory: 368640K Free: 173585K (47%)
----------------- Invoking toplevel() on ptolemy.moml.MoMLSimpleApplication@2dd4d3d5
----------------- Done invoking toplevel() on ptolemy.moml.MoMLSimpleApplication@2dd4d3d5
reloadAllAccessors: .HysteresisWithRandomLosses

===========================================================================================
----------------- testing Tue Jul 16 14:37:27 UTC 2019 /home/travis/build/icyphy/ptII/ptolemy/domains/continuous/test/auto/ImmediateTransitions.xml
----------------- Instantiating /home/travis/build/icyphy/ptII/ptolemy/domains/continuous/test/auto/ImmediateTransitions.xml
18 ms. Memory: 368640K Free: 162825K (44%)
----------------- Invoking toplevel() on ptolemy.moml.MoMLSimpleApplication@4bcdfa3f
----------------- Done invoking toplevel() on ptolemy.moml.MoMLSimpleApplication@4bcdfa3f
reloadAllAccessors: .ImmediateTransitions

===========================================================================================
----------------- testing Tue Jul 16 14:37:27 UTC 2019 /home/travis/build/icyphy/ptII/ptolemy/domains/continuous/test/auto/ImpulseFeedback.xml
----------------- Instantiating /home/travis/build/icyphy/ptII/ptolemy/domains/continuous/test/auto/ImpulseFeedback.xml
8 ms. Memory: 368640K Free: 157201K (43%)
----------------- Invoking toplevel() on ptolemy.moml.MoMLSimpleApplication@59a54983
----------------- Done invoking toplevel() on ptolemy.moml.MoMLSimpleApplication@59a54983
reloadAllAccessors: .ImpulseFeedback

===========================================================================================
----------------- testing Tue Jul 16 14:37:27 UTC 2019 /home/travis/build/icyphy/ptII/ptolemy/domains/continuous/test/auto/ImpulseFeedback2.xml
----------------- Instantiating /home/travis/build/icyphy/ptII/ptolemy/domains/continuous/test/auto/ImpulseFeedback2.xml
6 ms. Memory: 368640K Free: 151567K (41%)
----------------- Invoking toplevel() on ptolemy.moml.MoMLSimpleApplication@17664461
----------------- Done invoking toplevel() on ptolemy.moml.MoMLSimpleApplication@17664461
reloadAllAccessors: .ImpulseFeedback2

===========================================================================================
----------------- testing Tue Jul 16 14:37:27 UTC 2019 /home/travis/build/icyphy/ptII/ptolemy/domains/continuous/test/auto/IncreasingRatePoisson.xml
----------------- Instantiating /home/travis/build/icyphy/ptII/ptolemy/domains/continuous/test/auto/IncreasingRatePoisson.xml
736 ms. Memory: 368640K Free: 289400K (79%)
----------------- Invoking toplevel() on ptolemy.moml.MoMLSimpleApplication@5c62a265
----------------- Done invoking toplevel() on ptolemy.moml.MoMLSimpleApplication@5c62a265
reloadAllAccessors: .IncreasingRatePoisson

===========================================================================================
----------------- testing Tue Jul 16 14:37:28 UTC 2019 /home/travis/build/icyphy/ptII/ptolemy/domains/continuous/test/auto/InitialStateFeedback.xml
----------------- Instantiating /home/travis/build/icyphy/ptII/ptolemy/domains/continuous/test/auto/InitialStateFeedback.xml
4 ms. Memory: 368640K Free: 284808K (77%)
----------------- Invoking toplevel() on ptolemy.moml.MoMLSimpleApplication@397f43e5
----------------- Done invoking toplevel() on ptolemy.moml.MoMLSimpleApplication@397f43e5
reloadAllAccessors: .InitialStateFeedback

===========================================================================================
----------------- testing Tue Jul 16 14:37:28 UTC 2019 /home/travis/build/icyphy/ptII/ptolemy/domains/continuous/test/auto/Integration.xml
----------------- Instantiating /home/travis/build/icyphy/ptII/ptolemy/domains/continuous/test/auto/Integration.xml
6 ms. Memory: 368640K Free: 280712K (76%)
----------------- Invoking toplevel() on ptolemy.moml.MoMLSimpleApplication@746cc9e
----------------- Done invoking toplevel() on ptolemy.moml.MoMLSimpleApplication@746cc9e
reloadAllAccessors: .Integration

===========================================================================================
----------------- testing Tue Jul 16 14:37:28 UTC 2019 /home/travis/build/icyphy/ptII/ptolemy/domains/continuous/test/auto/Integration2.xml
----------------- Instantiating /home/travis/build/icyphy/ptII/ptolemy/domains/continuous/test/auto/Integration2.xml
87 ms. Memory: 368640K Free: 266376K (72%)
----------------- Invoking toplevel() on ptolemy.moml.MoMLSimpleApplication@68ff420e
----------------- Done invoking toplevel() on ptolemy.moml.MoMLSimpleApplication@68ff420e
reloadAllAccessors: .Integration2

===========================================================================================
----------------- testing Tue Jul 16 14:37:28 UTC 2019 /home/travis/build/icyphy/ptII/ptolemy/domains/continuous/test/auto/Integration3.xml
----------------- Instantiating /home/travis/build/icyphy/ptII/ptolemy/domains/continuous/test/auto/Integration3.xml
2 ms. Memory: 368640K Free: 261766K (71%)
----------------- Invoking toplevel() on ptolemy.moml.MoMLSimpleApplication@3cf00f9e
----------------- Done invoking toplevel() on ptolemy.moml.MoMLSimpleApplication@3cf00f9e
reloadAllAccessors: .Integration3

===========================================================================================
----------------- testing Tue Jul 16 14:37:28 UTC 2019 /home/travis/build/icyphy/ptII/ptolemy/domains/continuous/test/auto/Integration5.xml
----------------- Instantiating /home/travis/build/icyphy/ptII/ptolemy/domains/continuous/test/auto/Integration5.xml
2 ms. Memory: 368640K Free: 257670K (70%)
----------------- Invoking toplevel() on ptolemy.moml.MoMLSimpleApplication@11a8b949
----------------- Done invoking toplevel() on ptolemy.moml.MoMLSimpleApplication@11a8b949
reloadAllAccessors: .Integration5

===========================================================================================
----------------- testing Tue Jul 16 14:37:28 UTC 2019 /home/travis/build/icyphy/ptII/ptolemy/domains/continuous/test/auto/IntegratorImpulse.xml
----------------- Instantiating /home/travis/build/icyphy/ptII/ptolemy/domains/continuous/test/auto/IntegratorImpulse.xml
3 ms. Memory: 368640K Free: 253574K (69%)
----------------- Invoking toplevel() on ptolemy.moml.MoMLSimpleApplication@550f4ac3
----------------- Done invoking toplevel() on ptolemy.moml.MoMLSimpleApplication@550f4ac3
reloadAllAccessors: .IntegratorImpulse

===========================================================================================
----------------- testing Tue Jul 16 14:37:28 UTC 2019 /home/travis/build/icyphy/ptII/ptolemy/domains/continuous/test/auto/IntegratorImpulse2.xml
----------------- Instantiating /home/travis/build/icyphy/ptII/ptolemy/domains/continuous/test/auto/IntegratorImpulse2.xml
3 ms. Memory: 368640K Free: 248968K (68%)
----------------- Invoking toplevel() on ptolemy.moml.MoMLSimpleApplication@24780604
----------------- Done invoking toplevel() on ptolemy.moml.MoMLSimpleApplication@24780604
reloadAllAccessors: .IntegratorImpulse2

===========================================================================================
----------------- testing Tue Jul 16 14:37:28 UTC 2019 /home/travis/build/icyphy/ptII/ptolemy/domains/continuous/test/auto/LevelCrossing1.xml
----------------- Instantiating /home/travis/build/icyphy/ptII/ptolemy/domains/continuous/test/auto/LevelCrossing1.xml
3 ms. Memory: 368640K Free: 243848K (66%)
----------------- Invoking toplevel() on ptolemy.moml.MoMLSimpleApplication@6ff51259
----------------- Done invoking toplevel() on ptolemy.moml.MoMLSimpleApplication@6ff51259
reloadAllAccessors: .LevelCrossing1

===========================================================================================
----------------- testing Tue Jul 16 14:37:28 UTC 2019 /home/travis/build/icyphy/ptII/ptolemy/domains/continuous/test/auto/LevelCrossing2.xml
----------------- Instantiating /home/travis/build/icyphy/ptII/ptolemy/domains/continuous/test/auto/LevelCrossing2.xml
4 ms. Memory: 368640K Free: 238728K (65%)
----------------- Invoking toplevel() on ptolemy.moml.MoMLSimpleApplication@6de4c8d5
----------------- Done invoking toplevel() on ptolemy.moml.MoMLSimpleApplication@6de4c8d5
reloadAllAccessors: .LevelCrossing2

===========================================================================================
----------------- testing Tue Jul 16 14:37:28 UTC 2019 /home/travis/build/icyphy/ptII/ptolemy/domains/continuous/test/auto/LevelCrossing3.xml
----------------- Instantiating /home/travis/build/icyphy/ptII/ptolemy/domains/continuous/test/auto/LevelCrossing3.xml
3 ms. Memory: 368640K Free: 233608K (63%)
----------------- Invoking toplevel() on ptolemy.moml.MoMLSimpleApplication@4551761
----------------- Done invoking toplevel() on ptolemy.moml.MoMLSimpleApplication@4551761
reloadAllAccessors: .LevelCrossing3

===========================================================================================
----------------- testing Tue Jul 16 14:37:28 UTC 2019 /home/travis/build/icyphy/ptII/ptolemy/domains/continuous/test/auto/LevelCrossing4.xml
----------------- Instantiating /home/travis/build/icyphy/ptII/ptolemy/domains/continuous/test/auto/LevelCrossing4.xml
3 ms. Memory: 368640K Free: 228488K (62%)
----------------- Invoking toplevel() on ptolemy.moml.MoMLSimpleApplication@539c742b
----------------- Done invoking toplevel() on ptolemy.moml.MoMLSimpleApplication@539c742b
reloadAllAccessors: .LevelCrossing4

===========================================================================================
----------------- testing Tue Jul 16 14:37:28 UTC 2019 /home/travis/build/icyphy/ptII/ptolemy/domains/continuous/test/auto/LevelCrossing5.xml
----------------- Instantiating /home/travis/build/icyphy/ptII/ptolemy/domains/continuous/test/auto/LevelCrossing5.xml
4 ms. Memory: 368640K Free: 223368K (61%)
----------------- Invoking toplevel() on ptolemy.moml.MoMLSimpleApplication@5eb68387
----------------- Done invoking toplevel() on ptolemy.moml.MoMLSimpleApplication@5eb68387
reloadAllAccessors: .LevelCrossing5

===========================================================================================
[...]
4 ms. Memory: 442368K Free: 305516K (69%)
----------------- Invoking toplevel() on ptolemy.moml.MoMLSimpleApplication@65f55be0
----------------- Done invoking toplevel() on ptolemy.moml.MoMLSimpleApplication@65f55be0
reloadAllAccessors: .SRinContinuous

===========================================================================================
----------------- testing Tue Jul 16 14:37:46 UTC 2019 /home/travis/build/icyphy/ptII/ptolemy/domains/continuous/test/auto/SampledClocks.xml
----------------- Instantiating /home/travis/build/icyphy/ptII/ptolemy/domains/continuous/test/auto/SampledClocks.xml
16 ms. Memory: 442368K Free: 292714K (66%)
----------------- Invoking toplevel() on ptolemy.moml.MoMLSimpleApplication@5a40eb8b
----------------- Done invoking toplevel() on ptolemy.moml.MoMLSimpleApplication@5a40eb8b
reloadAllAccessors: .SampledClocks

===========================================================================================
----------------- testing Tue Jul 16 14:37:46 UTC 2019 /home/travis/build/icyphy/ptII/ptolemy/domains/continuous/test/auto/Satellite.xml
----------------- Instantiating /home/travis/build/icyphy/ptII/ptolemy/domains/continuous/test/auto/Satellite.xml
966 ms. Memory: 442368K Free: 356858K (81%)
----------------- Invoking toplevel() on ptolemy.moml.MoMLSimpleApplication@4220f778
----------------- Done invoking toplevel() on ptolemy.moml.MoMLSimpleApplication@4220f778
reloadAllAccessors: .Satellite

===========================================================================================
----------------- testing Tue Jul 16 14:37:47 UTC 2019 /home/travis/build/icyphy/ptII/ptolemy/domains/continuous/test/auto/SigmaDelta.xml
----------------- Instantiating /home/travis/build/icyphy/ptII/ptolemy/domains/continuous/test/auto/SigmaDelta.xml
2295 ms. Memory: 442368K Free: 354473K (80%)
----------------- Invoking toplevel() on ptolemy.moml.MoMLSimpleApplication@22525737
----------------- Done invoking toplevel() on ptolemy.moml.MoMLSimpleApplication@22525737
reloadAllAccessors: .SigmaDelta

===========================================================================================
----------------- testing Tue Jul 16 14:37:49 UTC 2019 /home/travis/build/icyphy/ptII/ptolemy/domains/continuous/test/auto/SingleRefinement.xml
----------------- Instantiating /home/travis/build/icyphy/ptII/ptolemy/domains/continuous/test/auto/SingleRefinement.xml
321 ms. Memory: 442368K Free: 170153K (38%)
----------------- Invoking toplevel() on ptolemy.moml.MoMLSimpleApplication@4fa0f50f
----------------- Done invoking toplevel() on ptolemy.moml.MoMLSimpleApplication@4fa0f50f
reloadAllAccessors: .SingleRefinement

===========================================================================================
----------------- testing Tue Jul 16 14:37:50 UTC 2019 /home/travis/build/icyphy/ptII/ptolemy/domains/continuous/test/auto/SinuBouncingBall.xml
----------------- Instantiating /home/travis/build/icyphy/ptII/ptolemy/domains/continuous/test/auto/SinuBouncingBall.xml
794 ms. Memory: 442368K Free: 215754K (49%)
----------------- Invoking toplevel() on ptolemy.moml.MoMLSimpleApplication@4142e64f
----------------- Done invoking toplevel() on ptolemy.moml.MoMLSimpleApplication@4142e64f
reloadAllAccessors: .SinuBouncingBall

===========================================================================================
----------------- testing Tue Jul 16 14:37:51 UTC 2019 /home/travis/build/icyphy/ptII/ptolemy/domains/continuous/test/auto/Sinusoid.xml
----------------- Instantiating /home/travis/build/icyphy/ptII/ptolemy/domains/continuous/test/auto/Sinusoid.xml
4 ms. Memory: 442368K Free: 211130K (48%)
----------------- Invoking toplevel() on ptolemy.moml.MoMLSimpleApplication@5925798b
----------------- Done invoking toplevel() on ptolemy.moml.MoMLSimpleApplication@5925798b
reloadAllAccessors: .Sinusoid

===========================================================================================
----------------- testing Tue Jul 16 14:37:51 UTC 2019 /home/travis/build/icyphy/ptII/ptolemy/domains/continuous/test/auto/SinusoidInNoise.xml
----------------- Instantiating /home/travis/build/icyphy/ptII/ptolemy/domains/continuous/test/auto/SinusoidInNoise.xml
1019 ms. Memory: 442368K Free: 334558K (76%)
----------------- Invoking toplevel() on ptolemy.moml.MoMLSimpleApplication@dd9dfce
----------------- Done invoking toplevel() on ptolemy.moml.MoMLSimpleApplication@dd9dfce
reloadAllAccessors: .SinusoidInNoise

===========================================================================================
----------------- testing Tue Jul 16 14:37:52 UTC 2019 /home/travis/build/icyphy/ptII/ptolemy/domains/continuous/test/auto/SinusoidRK45.xml
----------------- Instantiating /home/travis/build/icyphy/ptII/ptolemy/domains/continuous/test/auto/SinusoidRK45.xml
2 ms. Memory: 442368K Free: 330462K (75%)
----------------- Invoking toplevel() on ptolemy.moml.MoMLSimpleApplication@658372b9
----------------- Done invoking toplevel() on ptolemy.moml.MoMLSimpleApplication@658372b9
reloadAllAccessors: .SinusoidRK45

===========================================================================================
----------------- testing Tue Jul 16 14:37:52 UTC 2019 /home/travis/build/icyphy/ptII/ptolemy/domains/continuous/test/auto/SinusoidWithMultipleImpulses.xml
----------------- Instantiating /home/travis/build/icyphy/ptII/ptolemy/domains/continuous/test/auto/SinusoidWithMultipleImpulses.xml
3 ms. Memory: 442368K Free: 325342K (74%)
----------------- Invoking toplevel() on ptolemy.moml.MoMLSimpleApplication@34148fdb
----------------- Done invoking toplevel() on ptolemy.moml.MoMLSimpleApplication@34148fdb
reloadAllAccessors: .SinusoidWithMultipleImpulses

===========================================================================================
----------------- testing Tue Jul 16 14:37:52 UTC 2019 /home/travis/build/icyphy/ptII/ptolemy/domains/continuous/test/auto/SquareWave.xml
----------------- Instantiating /home/travis/build/icyphy/ptII/ptolemy/domains/continuous/test/auto/SquareWave.xml
170 ms. Memory: 442368K Free: 297694K (67%)
----------------- Invoking toplevel() on ptolemy.moml.MoMLSimpleApplication@2b0d3c9a
----------------- Done invoking toplevel() on ptolemy.moml.MoMLSimpleApplication@2b0d3c9a
reloadAllAccessors: .SquareWave

===========================================================================================
----------------- testing Tue Jul 16 14:37:52 UTC 2019 /home/travis/build/icyphy/ptII/ptolemy/domains/continuous/test/auto/Starmac.xml
----------------- Instantiating /home/travis/build/icyphy/ptII/ptolemy/domains/continuous/test/auto/Starmac.xml
3081 ms. Memory: 442368K Free: 246080K (56%)
----------------- Invoking toplevel() on ptolemy.moml.MoMLSimpleApplication@20561733
----------------- Done invoking toplevel() on ptolemy.moml.MoMLSimpleApplication@20561733
reloadAllAccessors: .Starmac

===========================================================================================
----------------- testing Tue Jul 16 14:37:55 UTC 2019 /home/travis/build/icyphy/ptII/ptolemy/domains/continuous/test/auto/StaticUnits.xml
----------------- Instantiating /home/travis/build/icyphy/ptII/ptolemy/domains/continuous/test/auto/StaticUnits.xml
2231 ms. Memory: 442368K Free: 300190K (68%)
----------------- Invoking toplevel() on ptolemy.moml.MoMLSimpleApplication@2b76eab5
----------------- Done invoking toplevel() on ptolemy.moml.MoMLSimpleApplication@2b76eab5
reloadAllAccessors: .StaticUnits

===========================================================================================
----------------- testing Tue Jul 16 14:37:58 UTC 2019 /home/travis/build/icyphy/ptII/ptolemy/domains/continuous/test/auto/StickyMasses.xml
----------------- Instantiating /home/travis/build/icyphy/ptII/ptolemy/domains/continuous/test/auto/StickyMasses.xml
140 ms. Memory: 442368K Free: 250528K (57%)
----------------- Invoking toplevel() on ptolemy.moml.MoMLSimpleApplication@3119d8de
----------------- Done invoking toplevel() on ptolemy.moml.MoMLSimpleApplication@3119d8de
reloadAllAccessors: .StickyMasses

===========================================================================================
----------------- testing Tue Jul 16 14:37:59 UTC 2019 /home/travis/build/icyphy/ptII/ptolemy/domains/continuous/test/auto/StopTime.xml
----------------- Instantiating /home/travis/build/icyphy/ptII/ptolemy/domains/continuous/test/auto/StopTime.xml
43 ms. Memory: 442368K Free: 225408K (51%)
----------------- Invoking toplevel() on ptolemy.moml.MoMLSimpleApplication@26a81766
----------------- Done invoking toplevel() on ptolemy.moml.MoMLSimpleApplication@26a81766
reloadAllAccessors: .StopTime

===========================================================================================
----------------- testing Tue Jul 16 14:37:59 UTC 2019 /home/travis/build/icyphy/ptII/ptolemy/domains/continuous/test/auto/StopTime2.xml
----------------- Instantiating /home/travis/build/icyphy/ptII/ptolemy/domains/continuous/test/auto/StopTime2.xml
36 ms. Memory: 442368K Free: 203424K (46%)
----------------- Invoking toplevel() on ptolemy.moml.MoMLSimpleApplication@1efccad
----------------- Done invoking toplevel() on ptolemy.moml.MoMLSimpleApplication@1efccad
reloadAllAccessors: .StopTime2

===========================================================================================
----------------- testing Tue Jul 16 14:37:59 UTC 2019 /home/travis/build/icyphy/ptII/ptolemy/domains/continuous/test/auto/Switch.xml
----------------- Instantiating /home/travis/build/icyphy/ptII/ptolemy/domains/continuous/test/auto/Switch.xml
41 ms. Memory: 442368K Free: 178320K (40%)
----------------- Invoking toplevel() on ptolemy.moml.MoMLSimpleApplication@4eda7c1
----------------- Done invoking toplevel() on ptolemy.moml.MoMLSimpleApplication@4eda7c1
reloadAllAccessors: .Switch

===========================================================================================
----------------- testing Tue Jul 16 14:37:59 UTC 2019 /home/travis/build/icyphy/ptII/ptolemy/domains/continuous/test/auto/Thermostat.xml
----------------- Instantiating /home/travis/build/icyphy/ptII/ptolemy/domains/continuous/test/auto/Thermostat.xml
210 ms. Memory: 442368K Free: 365567K (83%)
----------------- Invoking toplevel() on ptolemy.moml.MoMLSimpleApplication@5abd26e0
----------------- Done invoking toplevel() on ptolemy.moml.MoMLSimpleApplication@5abd26e0
reloadAllAccessors: .Thermostat

===========================================================================================
----------------- testing Tue Jul 16 14:37:59 UTC 2019 /home/travis/build/icyphy/ptII/ptolemy/domains/continuous/test/auto/TimeDelay.xml
----------------- Instantiating /home/travis/build/icyphy/ptII/ptolemy/domains/continuous/test/auto/TimeDelay.xml
6 ms. Memory: 442368K Free: 360569K (82%)
----------------- Invoking toplevel() on ptolemy.moml.MoMLSimpleApplication@2c2765b2
----------------- Done invoking toplevel() on ptolemy.moml.MoMLSimpleApplication@2c2765b2
reloadAllAccessors: .TimeDelay

===========================================================================================
----------------- testing Tue Jul 16 14:37:59 UTC 2019 /home/travis/build/icyphy/ptII/ptolemy/domains/continuous/test/auto/TimeDelay2.xml
----------------- Instantiating /home/travis/build/icyphy/ptII/ptolemy/domains/continuous/test/auto/TimeDelay2.xml
8 ms. Memory: 442368K Free: 350874K (79%)
----------------- Invoking toplevel() on ptolemy.moml.MoMLSimpleApplication@6b08dd8a
----------------- Done invoking toplevel() on ptolemy.moml.MoMLSimpleApplication@6b08dd8a
reloadAllAccessors: .TimeDelay2

===========================================================================================
----------------- testing Tue Jul 16 14:37:59 UTC 2019 /home/travis/build/icyphy/ptII/ptolemy/domains/continuous/test/auto/TimeDelay3.xml
----------------- Instantiating /home/travis/build/icyphy/ptII/ptolemy/domains/continuous/test/auto/TimeDelay3.xml
5 ms. Memory: 442368K Free: 346261K (78%)
----------------- Invoking toplevel() on ptolemy.moml.MoMLSimpleApplication@6b5ccd2
----------------- Done invoking toplevel() on ptolemy.moml.MoMLSimpleApplication@6b5ccd2
reloadAllAccessors: .TimeDelay3

===========================================================================================
----------------- testing Tue Jul 16 14:37:59 UTC 2019 /home/travis/build/icyphy/ptII/ptolemy/domains/continuous/test/auto/TransferAbsentToInside.xml
----------------- Instantiating /home/travis/build/icyphy/ptII/ptolemy/domains/continuous/test/auto/TransferAbsentToInside.xml
28 ms. Memory: 442368K Free: 294025K (66%)
----------------- Invoking toplevel() on ptolemy.moml.MoMLSimpleApplication@48ac90f9
----------------- Done invoking toplevel() on ptolemy.moml.MoMLSimpleApplication@48ac90f9
reloadAllAccessors: .TransferAbsentToInside

===========================================================================================
----------------- testing Tue Jul 16 14:37:59 UTC 2019 /home/travis/build/icyphy/ptII/ptolemy/domains/continuous/test/auto/Transmission.xml
----------------- Instantiating /home/travis/build/icyphy/ptII/ptolemy/domains/continuous/test/auto/Transmission.xml
863 ms. Memory: 531456K Free: 407701K (77%)
----------------- Invoking toplevel() on ptolemy.moml.MoMLSimpleApplication@590a80ad
----------------- Done invoking toplevel() on ptolemy.moml.MoMLSimpleApplication@590a80ad
reloadAllAccessors: .Transmission

===========================================================================================
----------------- testing Tue Jul 16 14:38:00 UTC 2019 /home/travis/build/icyphy/ptII/ptolemy/domains/continuous/test/auto/TriggeredContinuousClock.xml
----------------- Instantiating /home/travis/build/icyphy/ptII/ptolemy/domains/continuous/test/auto/TriggeredContinuousClock.xml
39 ms. Memory: 531456K Free: 378005K (71%)
----------------- Invoking toplevel() on ptolemy.moml.MoMLSimpleApplication@6a4248cf
----------------- Done invoking toplevel() on ptolemy.moml.MoMLSimpleApplication@6a4248cf
reloadAllAccessors: .TriggeredContinuousClock

===========================================================================================
----------------- testing Tue Jul 16 14:38:00 UTC 2019 /home/travis/build/icyphy/ptII/ptolemy/domains/continuous/test/auto/TwoMachineInfiniteBusControl.xml
----------------- Instantiating /home/travis/build/icyphy/ptII/ptolemy/domains/continuous/test/auto/TwoMachineInfiniteBusControl.xml
3256 ms. Memory: 531456K Free: 419906K (79%)
----------------- Invoking toplevel() on ptolemy.moml.MoMLSimpleApplication@6c5b1aa1
----------------- Done invoking toplevel() on ptolemy.moml.MoMLSimpleApplication@6c5b1aa1
reloadAllAccessors: .TwoMachineInfiniteBusControl

===========================================================================================
----------------- testing Tue Jul 16 14:38:04 UTC 2019 /home/travis/build/icyphy/ptII/ptolemy/domains/continuous/test/auto/V2V.xml
----------------- Instantiating /home/travis/build/icyphy/ptII/ptolemy/domains/continuous/test/auto/V2V.xml
811 ms. Memory: 531456K Free: 229952K (43%)
----------------- Invoking toplevel() on ptolemy.moml.MoMLSimpleApplication@53810b9d
----------------- Done invoking toplevel() on ptolemy.moml.MoMLSimpleApplication@53810b9d
reloadAllAccessors: .V2V

===========================================================================================
----------------- testing Tue Jul 16 14:38:04 UTC 2019 /home/travis/build/icyphy/ptII/ptolemy/domains/continuous/test/auto/hierarchicalModalModel.xml
----------------- Instantiating /home/travis/build/icyphy/ptII/ptolemy/domains/continuous/test/auto/hierarchicalModalModel.xml
9 ms. Memory: 531456K Free: 216130K (41%)
----------------- Invoking toplevel() on ptolemy.moml.MoMLSimpleApplication@54d22a34
----------------- Done invoking toplevel() on ptolemy.moml.MoMLSimpleApplication@54d22a34
reloadAllAccessors: .hierarchicalModalModel

===========================================================================================
----------------- testing Tue Jul 16 14:38:05 UTC 2019 /home/travis/build/icyphy/ptII/ptolemy/domains/continuous/test/auto/hierarchicalModalModel1.xml
----------------- Instantiating /home/travis/build/icyphy/ptII/ptolemy/domains/continuous/test/auto/hierarchicalModalModel1.xml
8 ms. Memory: 531456K Free: 201794K (38%)
----------------- Invoking toplevel() on ptolemy.moml.MoMLSimpleApplication@48655e90
----------------- Done invoking toplevel() on ptolemy.moml.MoMLSimpleApplication@48655e90
reloadAllAccessors: .hierarchicalModalModel1

===========================================================================================
----------------- testing Tue Jul 16 14:38:05 UTC 2019 /home/travis/build/icyphy/ptII/ptolemy/domains/continuous/test/auto/hierarchicalModalModel2.xml
----------------- Instantiating /home/travis/build/icyphy/ptII/ptolemy/domains/continuous/test/auto/hierarchicalModalModel2.xml
6 ms. Memory: 531456K Free: 501815K (94%)
----------------- Invoking toplevel() on ptolemy.moml.MoMLSimpleApplication@65b7388b
----------------- Done invoking toplevel() on ptolemy.moml.MoMLSimpleApplication@65b7388b
reloadAllAccessors: .hierarchicalModalModel2

===========================================================================================
----------------- testing Tue Jul 16 14:38:05 UTC 2019 /home/travis/build/icyphy/ptII/ptolemy/domains/continuous/test/auto/hierarchicalModalModel3.xml
----------------- Instantiating /home/travis/build/icyphy/ptII/ptolemy/domains/continuous/test/auto/hierarchicalModalModel3.xml
6 ms. Memory: 531456K Free: 491061K (92%)
----------------- Invoking toplevel() on ptolemy.moml.MoMLSimpleApplication@8040eb9
----------------- Done invoking toplevel() on ptolemy.moml.MoMLSimpleApplication@8040eb9
reloadAllAccessors: .hierarchicalModalModel3

===========================================================================================
----------------- testing Tue Jul 16 14:38:05 UTC 2019 /home/travis/build/icyphy/ptII/ptolemy/domains/continuous/test/auto/hierarchicalModalModel4.xml
----------------- Instantiating /home/travis/build/icyphy/ptII/ptolemy/domains/continuous/test/auto/hierarchicalModalModel4.xml
5 ms. Memory: 531456K Free: 479287K (90%)
----------------- Invoking toplevel() on ptolemy.moml.MoMLSimpleApplication@2efdd3d6
----------------- Done invoking toplevel() on ptolemy.moml.MoMLSimpleApplication@2efdd3d6
reloadAllAccessors: .hierarchicalModalModel4

===========================================================================================
----------------- testing Tue Jul 16 14:38:05 UTC 2019 /home/travis/build/icyphy/ptII/ptolemy/domains/continuous/test/auto/junk.xml
----------------- Instantiating /home/travis/build/icyphy/ptII/ptolemy/domains/continuous/test/auto/junk.xml
141 ms. Memory: 531456K Free: 450615K (85%)
----------------- Invoking toplevel() on ptolemy.moml.MoMLSimpleApplication@2b18ef5c
----------------- Done invoking toplevel() on ptolemy.moml.MoMLSimpleApplication@2b18ef5c
reloadAllAccessors: .junk
AutoTests.java: About to close Vertx.
AutoTests.java: Vertx closed.
]]></system-out>
  <system-err><![CDATA[Warning: '.HysteresisWithRandomDelay.NonStrictTest' The test produced only 221 tokens, yet the correctValues parameter was expecting 222 tokens.
Warning: '.HysteresisWithRandomDelay.NonStrictTest2' The test produced only 220 tokens, yet the correctValues parameter was expecting 221 tokens.
Warning: '.HysteresisWithRandomDelay.NonStrictTest3' The test produced only 21 tokens, yet the correctValues parameter was expecting 30 tokens.
Warning: '.IncreasingRatePoisson.NonStrictTest' The test produced only 387 tokens, yet the correctValues parameter was expecting 402 tokens.
Warning: '.Poisson.NonStrictTest' The test produced only 411 tokens, yet the correctValues parameter was expecting 430 tokens.
]]></system-err>
</testsuite>
