<?xml version="1.0" encoding="UTF-8" ?>
<testsuite errors="0" failures="0" hostname="travis-job-6e1c7745-6aa4-4171-9266-91755708c770" name="ptolemy.domains.de.test.junit.JUnitTclTest" skipped="0" tests="101" time="121.362" timestamp="2020-01-03T00:37:05">
  <properties>
[...]
</properties>
  <testcase classname="ptolemy.util.test.junit.TclTests" name="[0] /home/travis/build/icyphy/ptII/ptolemy/domains/de/test/DependencyLoop.tcl (RunTclFile)" time="0.912" />
  <testcase classname="ptolemy.util.test.junit.TclTests" name="[1] /home/travis/build/icyphy/ptII/ptolemy/domains/de/test/RunDETestsAsQSS.tcl (RunTclFile)" time="81.876" />
  <testcase classname="ptolemy.util.test.junit.AutoKnownFailedTests" name="[0] /home/travis/build/icyphy/ptII/ptolemy/domains/de/test/auto/knownFailedTests/DESDFClockTest.xml (RunModel)" time="2.037" />
  <testcase classname="ptolemy.util.test.junit.AutoKnownFailedTests" name="[1] /home/travis/build/icyphy/ptII/ptolemy/domains/de/test/auto/knownFailedTests/DirectFeedback.xml (RunModel)" time="0.017" />
  <testcase classname="ptolemy.util.test.junit.AutoKnownFailedTests" name="[2] /home/travis/build/icyphy/ptII/ptolemy/domains/de/test/auto/knownFailedTests/FSMSource.xml (RunModel)" time="0.025" />
  <testcase classname="ptolemy.util.test.junit.AutoKnownFailedTests" name="[3] /home/travis/build/icyphy/ptII/ptolemy/domains/de/test/auto/knownFailedTests/HierarchicalModel.xml (RunModel)" time="0.055" />
  <testcase classname="ptolemy.util.test.junit.AutoKnownFailedTests" name="[4] /home/travis/build/icyphy/ptII/ptolemy/domains/de/test/auto/knownFailedTests/dependencyLoop.xml (RunModel)" time="0.048" />
  <testcase classname="ptolemy.util.test.junit.AutoKnownFailedTests" name="[5] /home/travis/build/icyphy/ptII/ptolemy/domains/de/test/auto/knownFailedTests/dependencyLoop2.xml (RunModel)" time="0.035" />
  <testcase classname="ptolemy.util.test.junit.AutoNameArchTests" name="[0] ThereAreNoAutoArchTests (RunModel)" time="0.008" />
  <testcase classname="ptolemy.util.test.junit.AutoTests" name="[0] /home/travis/build/icyphy/ptII/ptolemy/domains/de/test/auto/ActorDepthCalculation_actorWithoutPorts.xml (RunModel)" time="0.012" />
  <testcase classname="ptolemy.util.test.junit.AutoTests" name="[1] /home/travis/build/icyphy/ptII/ptolemy/domains/de/test/auto/AssemblyLine.xml (RunModel)" time="0.017" />
  <testcase classname="ptolemy.util.test.junit.AutoTests" name="[2] /home/travis/build/icyphy/ptII/ptolemy/domains/de/test/auto/CQBug1.xml (RunModel)" time="0.01" />
  <testcase classname="ptolemy.util.test.junit.AutoTests" name="[3] /home/travis/build/icyphy/ptII/ptolemy/domains/de/test/auto/CancelFireAt.xml (RunModel)" time="0.015" />
  <testcase classname="ptolemy.util.test.junit.AutoTests" name="[4] /home/travis/build/icyphy/ptII/ptolemy/domains/de/test/auto/CausalityAndComposabilityAnalysis.xml (RunModel)" time="0.02" />
  <testcase classname="ptolemy.util.test.junit.AutoTests" name="[5] /home/travis/build/icyphy/ptII/ptolemy/domains/de/test/auto/CausalityInterface1.xml (RunModel)" time="0.014" />
  <testcase classname="ptolemy.util.test.junit.AutoTests" name="[6] /home/travis/build/icyphy/ptII/ptolemy/domains/de/test/auto/CausalityInterface15.xml (RunModel)" time="0.016" />
  <testcase classname="ptolemy.util.test.junit.AutoTests" name="[7] /home/travis/build/icyphy/ptII/ptolemy/domains/de/test/auto/CausalityInterface2.xml (RunModel)" time="0.01" />
  <testcase classname="ptolemy.util.test.junit.AutoTests" name="[8] /home/travis/build/icyphy/ptII/ptolemy/domains/de/test/auto/CausalityInterface3.xml (RunModel)" time="0.013" />
  <testcase classname="ptolemy.util.test.junit.AutoTests" name="[9] /home/travis/build/icyphy/ptII/ptolemy/domains/de/test/auto/ClockDrift.xml (RunModel)" time="0.037" />
  <testcase classname="ptolemy.util.test.junit.AutoTests" name="[10] /home/travis/build/icyphy/ptII/ptolemy/domains/de/test/auto/ClockDriftAndValueChange.xml (RunModel)" time="0.034" />
  <testcase classname="ptolemy.util.test.junit.AutoTests" name="[11] /home/travis/build/icyphy/ptII/ptolemy/domains/de/test/auto/ClockDriftChange.xml (RunModel)" time="0.03" />
  <testcase classname="ptolemy.util.test.junit.AutoTests" name="[12] /home/travis/build/icyphy/ptII/ptolemy/domains/de/test/auto/ComposableCausalityAnalysis.xml (RunModel)" time="0.014" />
  <testcase classname="ptolemy.util.test.junit.AutoTests" name="[13] /home/travis/build/icyphy/ptII/ptolemy/domains/de/test/auto/DEFixedPointLimitation.xml (RunModel)" time="0.008" />
  <testcase classname="ptolemy.util.test.junit.AutoTests" name="[14] /home/travis/build/icyphy/ptII/ptolemy/domains/de/test/auto/DEScheduleTest.xml (RunModel)" time="0.013" />
  <testcase classname="ptolemy.util.test.junit.AutoTests" name="[15] /home/travis/build/icyphy/ptII/ptolemy/domains/de/test/auto/DEinDEwithStartTimes.xml (RunModel)" time="0.014" />
  <testcase classname="ptolemy.util.test.junit.AutoTests" name="[16] /home/travis/build/icyphy/ptII/ptolemy/domains/de/test/auto/DEinDEwithStartTimes2.xml (RunModel)" time="0.015" />
  <testcase classname="ptolemy.util.test.junit.AutoTests" name="[17] /home/travis/build/icyphy/ptII/ptolemy/domains/de/test/auto/DateDemo.xml (RunModel)" time="0.032" />
  <testcase classname="ptolemy.util.test.junit.AutoTests" name="[18] /home/travis/build/icyphy/ptII/ptolemy/domains/de/test/auto/DateToEvent.xml (RunModel)" time="2.05" />
  <testcase classname="ptolemy.util.test.junit.AutoTests" name="[19] /home/travis/build/icyphy/ptII/ptolemy/domains/de/test/auto/DepthTest1.xml (RunModel)" time="0.015" />
  <testcase classname="ptolemy.util.test.junit.AutoTests" name="[20] /home/travis/build/icyphy/ptII/ptolemy/domains/de/test/auto/DepthTest2.xml (RunModel)" time="0.016" />
  <testcase classname="ptolemy.util.test.junit.AutoTests" name="[21] /home/travis/build/icyphy/ptII/ptolemy/domains/de/test/auto/DepthTest3.xml (RunModel)" time="0.008" />
  <testcase classname="ptolemy.util.test.junit.AutoTests" name="[22] /home/travis/build/icyphy/ptII/ptolemy/domains/de/test/auto/DepthTest4.xml (RunModel)" time="0.021" />
  <testcase classname="ptolemy.util.test.junit.AutoTests" name="[23] /home/travis/build/icyphy/ptII/ptolemy/domains/de/test/auto/DepthTest5.xml (RunModel)" time="0.014" />
  <testcase classname="ptolemy.util.test.junit.AutoTests" name="[24] /home/travis/build/icyphy/ptII/ptolemy/domains/de/test/auto/DepthTest6.xml (RunModel)" time="0.015" />
  <testcase classname="ptolemy.util.test.junit.AutoTests" name="[25] /home/travis/build/icyphy/ptII/ptolemy/domains/de/test/auto/DepthTest7.xml (RunModel)" time="0.01" />
  <testcase classname="ptolemy.util.test.junit.AutoTests" name="[26] /home/travis/build/icyphy/ptII/ptolemy/domains/de/test/auto/EventToDate.xml (RunModel)" time="3.039" />
  <testcase classname="ptolemy.util.test.junit.AutoTests" name="[27] /home/travis/build/icyphy/ptII/ptolemy/domains/de/test/auto/FSM1.xml (RunModel)" time="0.044" />
  <testcase classname="ptolemy.util.test.junit.AutoTests" name="[28] /home/travis/build/icyphy/ptII/ptolemy/domains/de/test/auto/FSM7.xml (RunModel)" time="0.039" />
  <testcase classname="ptolemy.util.test.junit.AutoTests" name="[29] /home/travis/build/icyphy/ptII/ptolemy/domains/de/test/auto/Inspection.xml (RunModel)" time="0.045" />
  <testcase classname="ptolemy.util.test.junit.AutoTests" name="[30] /home/travis/build/icyphy/ptII/ptolemy/domains/de/test/auto/Iteration.xml (RunModel)" time="0.027" />
  <testcase classname="ptolemy.util.test.junit.AutoTests" name="[31] /home/travis/build/icyphy/ptII/ptolemy/domains/de/test/auto/LineFault.xml (RunModel)" time="0.592" />
  <testcase classname="ptolemy.util.test.junit.AutoTests" name="[32] /home/travis/build/icyphy/ptII/ptolemy/domains/de/test/auto/MergeModel1Add.xml (RunModel)" time="0.05" />
  <testcase classname="ptolemy.util.test.junit.AutoTests" name="[33] /home/travis/build/icyphy/ptII/ptolemy/domains/de/test/auto/MergeModel2Add.xml (RunModel)" time="0.045" />
  <testcase classname="ptolemy.util.test.junit.AutoTests" name="[34] /home/travis/build/icyphy/ptII/ptolemy/domains/de/test/auto/MergeModel3Add.xml (RunModel)" time="0.043" />
  <testcase classname="ptolemy.util.test.junit.AutoTests" name="[35] /home/travis/build/icyphy/ptII/ptolemy/domains/de/test/auto/MergeWithoutDiscard.xml (RunModel)" time="0.014" />
  <testcase classname="ptolemy.util.test.junit.AutoTests" name="[36] /home/travis/build/icyphy/ptII/ptolemy/domains/de/test/auto/Modal1.xml (RunModel)" time="0.023" />
  <testcase classname="ptolemy.util.test.junit.AutoTests" name="[37] /home/travis/build/icyphy/ptII/ptolemy/domains/de/test/auto/Modal2.xml (RunModel)" time="0.023" />
  <testcase classname="ptolemy.util.test.junit.AutoTests" name="[38] /home/travis/build/icyphy/ptII/ptolemy/domains/de/test/auto/Modal3.xml (RunModel)" time="0.029" />
  <testcase classname="ptolemy.util.test.junit.AutoTests" name="[39] /home/travis/build/icyphy/ptII/ptolemy/domains/de/test/auto/Modal4.xml (RunModel)" time="0.026" />
  <testcase classname="ptolemy.util.test.junit.AutoTests" name="[40] /home/travis/build/icyphy/ptII/ptolemy/domains/de/test/auto/Modal5.xml (RunModel)" time="0.031" />
  <testcase classname="ptolemy.util.test.junit.AutoTests" name="[41] /home/travis/build/icyphy/ptII/ptolemy/domains/de/test/auto/Modal6.xml (RunModel)" time="0.022" />
  <testcase classname="ptolemy.util.test.junit.AutoTests" name="[42] /home/travis/build/icyphy/ptII/ptolemy/domains/de/test/auto/Modal7.xml (RunModel)" time="0.032" />
  <testcase classname="ptolemy.util.test.junit.AutoTests" name="[43] /home/travis/build/icyphy/ptII/ptolemy/domains/de/test/auto/ModalModel.xml (RunModel)" time="0.149" />
  <testcase classname="ptolemy.util.test.junit.AutoTests" name="[44] /home/travis/build/icyphy/ptII/ptolemy/domains/de/test/auto/ModalSource.xml (RunModel)" time="0.02" />
  <testcase classname="ptolemy.util.test.junit.AutoTests" name="[45] /home/travis/build/icyphy/ptII/ptolemy/domains/de/test/auto/NonInterruptibleTimerZeroDelay.xml (RunModel)" time="0.01" />
  <testcase classname="ptolemy.util.test.junit.AutoTests" name="[46] /home/travis/build/icyphy/ptII/ptolemy/domains/de/test/auto/OpenQueueingNetwork.xml (RunModel)" time="2.403" />
  <testcase classname="ptolemy.util.test.junit.AutoTests" name="[47] /home/travis/build/icyphy/ptII/ptolemy/domains/de/test/auto/OpenQueuingNetwork.xml (RunModel)" time="0.249" />
  <testcase classname="ptolemy.util.test.junit.AutoTests" name="[48] /home/travis/build/icyphy/ptII/ptolemy/domains/de/test/auto/PeriodicSampler.xml (RunModel)" time="0.008" />
  <testcase classname="ptolemy.util.test.junit.AutoTests" name="[49] /home/travis/build/icyphy/ptII/ptolemy/domains/de/test/auto/PersistentIO.xml (RunModel)" time="0.016" />
  <testcase classname="ptolemy.util.test.junit.AutoTests" name="[50] /home/travis/build/icyphy/ptII/ptolemy/domains/de/test/auto/PortParameterResetOnInitialize.xml (RunModel)" time="0.008" />
  <testcase classname="ptolemy.util.test.junit.AutoTests" name="[51] /home/travis/build/icyphy/ptII/ptolemy/domains/de/test/auto/PortParameterUpdates.xml (RunModel)" time="0.012" />
  <testcase classname="ptolemy.util.test.junit.AutoTests" name="[52] /home/travis/build/icyphy/ptII/ptolemy/domains/de/test/auto/QueueAndServer.xml (RunModel)" time="0.022" />
  <testcase classname="ptolemy.util.test.junit.AutoTests" name="[53] /home/travis/build/icyphy/ptII/ptolemy/domains/de/test/auto/Records.xml (RunModel)" time="0.017" />
  <testcase classname="ptolemy.util.test.junit.AutoTests" name="[54] /home/travis/build/icyphy/ptII/ptolemy/domains/de/test/auto/ResetTransitionWithStartTime1.xml (RunModel)" time="0.018" />
  <testcase classname="ptolemy.util.test.junit.AutoTests" name="[55] /home/travis/build/icyphy/ptII/ptolemy/domains/de/test/auto/ResetTransitionWithStartTime2.xml (RunModel)" time="0.02" />
  <testcase classname="ptolemy.util.test.junit.AutoTests" name="[56] /home/travis/build/icyphy/ptII/ptolemy/domains/de/test/auto/ResetTransitionWithStartTime3.xml (RunModel)" time="0.018" />
  <testcase classname="ptolemy.util.test.junit.AutoTests" name="[57] /home/travis/build/icyphy/ptII/ptolemy/domains/de/test/auto/ResetTransitionWithStartTime4.xml (RunModel)" time="0.017" />
  <testcase classname="ptolemy.util.test.junit.AutoTests" name="[58] /home/travis/build/icyphy/ptII/ptolemy/domains/de/test/auto/ResettableTimer1.xml (RunModel)" time="0.009" />
  <testcase classname="ptolemy.util.test.junit.AutoTests" name="[59] /home/travis/build/icyphy/ptII/ptolemy/domains/de/test/auto/ResettableTimer2.xml (RunModel)" time="0.008" />
  <testcase classname="ptolemy.util.test.junit.AutoTests" name="[60] /home/travis/build/icyphy/ptII/ptolemy/domains/de/test/auto/ResettableTimer3.xml (RunModel)" time="0.009" />
  <testcase classname="ptolemy.util.test.junit.AutoTests" name="[61] /home/travis/build/icyphy/ptII/ptolemy/domains/de/test/auto/ResettableTimer4.xml (RunModel)" time="0.009" />
  <testcase classname="ptolemy.util.test.junit.AutoTests" name="[62] /home/travis/build/icyphy/ptII/ptolemy/domains/de/test/auto/ResettableTimer5.xml (RunModel)" time="0.01" />
  <testcase classname="ptolemy.util.test.junit.AutoTests" name="[63] /home/travis/build/icyphy/ptII/ptolemy/domains/de/test/auto/ResettableTimer6.xml (RunModel)" time="0.015" />
  <testcase classname="ptolemy.util.test.junit.AutoTests" name="[64] /home/travis/build/icyphy/ptII/ptolemy/domains/de/test/auto/ServerZeroDelay.xml (RunModel)" time="0.009" />
  <testcase classname="ptolemy.util.test.junit.AutoTests" name="[65] /home/travis/build/icyphy/ptII/ptolemy/domains/de/test/auto/SmartSender.xml (RunModel)" time="3.006" />
  <testcase classname="ptolemy.util.test.junit.AutoTests" name="[66] /home/travis/build/icyphy/ptII/ptolemy/domains/de/test/auto/ThreadedComposite.xml (RunModel)" time="0.106" />
  <testcase classname="ptolemy.util.test.junit.AutoTests" name="[67] /home/travis/build/icyphy/ptII/ptolemy/domains/de/test/auto/Time.xml (RunModel)" time="0.345" />
  <testcase classname="ptolemy.util.test.junit.AutoTests" name="[68] /home/travis/build/icyphy/ptII/ptolemy/domains/de/test/auto/TimeDelayZeroDelay.xml (RunModel)" time="0.012" />
  <testcase classname="ptolemy.util.test.junit.AutoTests" name="[69] /home/travis/build/icyphy/ptII/ptolemy/domains/de/test/auto/TimerZeroDelay.xml (RunModel)" time="0.011" />
  <testcase classname="ptolemy.util.test.junit.AutoTests" name="[70] /home/travis/build/icyphy/ptII/ptolemy/domains/de/test/auto/TimingParadox.xml (RunModel)" time="0.277" />
  <testcase classname="ptolemy.util.test.junit.AutoTests" name="[71] /home/travis/build/icyphy/ptII/ptolemy/domains/de/test/auto/TransferInputs.xml (RunModel)" time="0.008" />
  <testcase classname="ptolemy.util.test.junit.AutoTests" name="[72] /home/travis/build/icyphy/ptII/ptolemy/domains/de/test/auto/TransferOutputs2.xml (RunModel)" time="0.02" />
  <testcase classname="ptolemy.util.test.junit.AutoTests" name="[73] /home/travis/build/icyphy/ptII/ptolemy/domains/de/test/auto/Trilateration.xml (RunModel)" time="10.413" />
  <testcase classname="ptolemy.util.test.junit.AutoTests" name="[74] /home/travis/build/icyphy/ptII/ptolemy/domains/de/test/auto/TwoSigmaDelta.xml (RunModel)" time="1.938" />
  <testcase classname="ptolemy.util.test.junit.AutoTests" name="[75] /home/travis/build/icyphy/ptII/ptolemy/domains/de/test/auto/VariableDelay.xml (RunModel)" time="0.012" />
  <testcase classname="ptolemy.util.test.junit.AutoTests" name="[76] /home/travis/build/icyphy/ptII/ptolemy/domains/de/test/auto/VariableDelay2.xml (RunModel)" time="0.012" />
  <testcase classname="ptolemy.util.test.junit.AutoTests" name="[77] /home/travis/build/icyphy/ptII/ptolemy/domains/de/test/auto/VariableDelayZeroDelay.xml (RunModel)" time="0.016" />
  <testcase classname="ptolemy.util.test.junit.AutoTests" name="[78] /home/travis/build/icyphy/ptII/ptolemy/domains/de/test/auto/VariableDelayZeroDelay2.xml (RunModel)" time="0.009" />
  <testcase classname="ptolemy.util.test.junit.AutoTests" name="[79] /home/travis/build/icyphy/ptII/ptolemy/domains/de/test/auto/deInCt.xml (RunModel)" time="0.015" />
  <testcase classname="ptolemy.util.test.junit.AutoTests" name="[80] /home/travis/build/icyphy/ptII/ptolemy/domains/de/test/auto/deInCt2.xml (RunModel)" time="0.013" />
  <testcase classname="ptolemy.util.test.junit.AutoTests" name="[81] /home/travis/build/icyphy/ptII/ptolemy/domains/de/test/auto/dynamicCausalityInterface1.xml (RunModel)" time="0.019" />
  <testcase classname="ptolemy.util.test.junit.AutoTests" name="[82] /home/travis/build/icyphy/ptII/ptolemy/domains/de/test/auto/fsm_de_test.xml (RunModel)" time="0.023" />
  <testcase classname="ptolemy.util.test.junit.AutoTests" name="[83] /home/travis/build/icyphy/ptII/ptolemy/domains/de/test/auto/functionDependencyReconstruction.xml (RunModel)" time="0.028" />
  <testcase classname="ptolemy.util.test.junit.AutoTests" name="[84] /home/travis/build/icyphy/ptII/ptolemy/domains/de/test/auto/multirate.xml (RunModel)" time="0.012" />
  <testcase classname="ptolemy.util.test.junit.AutoTests" name="[85] /home/travis/build/icyphy/ptII/ptolemy/domains/de/test/auto/multirate2.xml (RunModel)" time="0.011" />
  <testcase classname="ptolemy.util.test.junit.AutoTests" name="[86] /home/travis/build/icyphy/ptII/ptolemy/domains/de/test/auto/realtime.xml (RunModel)" time="10.008" />
  <testcase classname="ptolemy.util.test.junit.AutoTests" name="[87] /home/travis/build/icyphy/ptII/ptolemy/domains/de/test/auto/relationGroup.xml (RunModel)" time="0.009" />
  <testcase classname="ptolemy.util.test.junit.AutoTests" name="[88] /home/travis/build/icyphy/ptII/ptolemy/domains/de/test/auto/relationGroup2.xml (RunModel)" time="0.009" />
  <testcase classname="ptolemy.util.test.junit.AutoTests" name="[89] /home/travis/build/icyphy/ptII/ptolemy/domains/de/test/auto/sortWithOpaquePorts.xml (RunModel)" time="0.006" />
  <testcase classname="ptolemy.util.test.junit.AutoTests" name="[90] /home/travis/build/icyphy/ptII/ptolemy/domains/de/test/auto/transferInputsandOutputs.xml (RunModel)" time="0.014" />
  <testcase classname="ptolemy.util.test.junit.AutoTests" name="[91] /home/travis/build/icyphy/ptII/ptolemy/domains/de/test/auto/triggerType.xml (RunModel)" time="0.01" />
  <system-out><![CDATA[/home/travis/build/icyphy/ptII/ptolemy/domains/de/test/DependencyLoop.tcl
testDefs.tcl: setting time out to 9000 seconds at Fri Jan 03 00:37:06 UTC 2020
73 ms. Memory: 129024K Free: 80322K (62%)
21 ms. Memory: 129024K Free: 62899K (49%)
/home/travis/build/icyphy/ptII/ptolemy/domains/de/test/RunDETestsAsQSS.tcl
Run the DE tests using ptolemy.domains.qss.test.QSSDirectorTest, which extends QSSDirector and prints a message in the constructors.
------------------ testing $PTII/ptolemy/domains/de/test/auto/knownFailedTests/DirectFeedback.xml (Known Failure) 
43 ms. Memory: 129024K Free: 56770K (44%)


==== $PTIIhome/travis/build/icyphy/ptII/ptolemy/domains/de/test/../../../../: Auto Automatic test in file $PTII/ptolemy/domains/de/test/auto/knownFailedTests/DirectFeedback.xml
==== Contents of test case:

	    # FIXME: we should use $relativeFilename here, but it
	    # might have backslashes under Windows, which causes no end
	    # of trouble.
	    createAndExecute $file
	    list {}
	
.... Test generated KNOWN error:
    while executing
ptolemy.kernel.util.IllegalActionException: Test fails in iteration 1.
Value was: 1.0. Should have been: 2.0
  in .DirectFeedback.Test
	at ptolemy.actor.lib.Test.fire(Test.java:268)
	at ptolemy.domains.de.kernel.DEDirector._fire(DEDirector.java:1949)
	at ptolemy.domains.de.kernel.DEDirector.fire(DEDirector.java:502)
	at ptolemy.actor.CompositeActor.fire(CompositeActor.java:455)
	at ptolemy.actor.Manager.iterate(Manager.java:851)
	at ptolemy.actor.Manager.execute(Manager.java:369)
	at ptolemy.actor.Manager.run(Manager.java:1263)
	at ptolemy.actor.Manager$PtolemyRunThread.run(Manager.java:1933)

    while executing
ptolemy.kernel.util.IllegalActionException: Test fails in iteration 1.
Value was: 1.0. Should have been: 2.0
  in .DirectFeedback.Test
    while executing
"java::new ptolemy.moml.MoMLSimpleApplication $file
"
    (procedure "createAndExecute" line 2)
    invoked from within
"createAndExecute $file"
    ("uplevel" body line 5)
    invoked from within
"uplevel $contents_of_test"
------------------ testing $PTII/ptolemy/domains/de/test/auto/knownFailedTests/dependencyLoop.xml (Known Failure) 
10 ms. Memory: 129024K Free: 53698K (42%)


==== $PTIIhome/travis/build/icyphy/ptII/ptolemy/domains/de/test/../../../../: Auto Automatic test in file $PTII/ptolemy/domains/de/test/auto/knownFailedTests/dependencyLoop.xml
==== Contents of test case:

	    # FIXME: we should use $relativeFilename here, but it
	    # might have backslashes under Windows, which causes no end
	    # of trouble.
	    createAndExecute $file
	    list {}
	
.... Test generated KNOWN error:
    while executing
ptolemy.kernel.util.IllegalActionException: Found a zero delay loop containing .dependencyLoop.original
  in .dependencyLoop and .dependencyLoop.original
	at ptolemy.actor.util.CausalityInterfaceForComposites._computeOutputPortDepth(CausalityInterfaceForComposites.java:759)
	at ptolemy.actor.util.CausalityInterfaceForComposites._computeInputDepth(CausalityInterfaceForComposites.java:696)
	at ptolemy.actor.util.CausalityInterfaceForComposites._computeOutputPortDepth(CausalityInterfaceForComposites.java:765)
	at ptolemy.actor.util.CausalityInterfaceForComposites._computeInputDepth(CausalityInterfaceForComposites.java:696)
	at ptolemy.actor.util.CausalityInterfaceForComposites._computeOutputPortDepth(CausalityInterfaceForComposites.java:765)
	at ptolemy.actor.util.CausalityInterfaceForComposites._computeInputDepth(CausalityInterfaceForComposites.java:696)
	at ptolemy.actor.util.CausalityInterfaceForComposites._computeActorDepth(CausalityInterfaceForComposites.java:532)
	at ptolemy.actor.util.CausalityInterfaceForComposites.checkForCycles(CausalityInterfaceForComposites.java:96)
	at ptolemy.domains.de.kernel.DEDirector.preinitialize(DEDirector.java:1338)
	at ptolemy.actor.CompositeActor.preinitialize(CompositeActor.java:1828)
	at ptolemy.actor.Manager.preinitializeAndResolveTypes(Manager.java:1040)
	at ptolemy.actor.Manager.initialize(Manager.java:710)
	at ptolemy.actor.Manager.execute(Manager.java:356)
	at ptolemy.actor.Manager.run(Manager.java:1263)
	at ptolemy.actor.Manager$PtolemyRunThread.run(Manager.java:1933)

    while executing
ptolemy.kernel.util.IllegalActionException: Found a zero delay loop containing .dependencyLoop.original
  in .dependencyLoop and .dependencyLoop.original
    while executing
"java::new ptolemy.moml.MoMLSimpleApplication $file
"
    (procedure "createAndExecute" line 2)
    invoked from within
"createAndExecute $file"
    ("uplevel" body line 5)
    invoked from within
"uplevel $contents_of_test"
------------------ testing $PTII/ptolemy/domains/de/test/auto/knownFailedTests/FSMSource.xml (Known Failure) 
48 ms. Memory: 129024K Free: 111630K (87%)
!!!! Auto was marked as failing, but now passes
------------------ testing $PTII/ptolemy/domains/de/test/auto/knownFailedTests/HierarchicalModel.xml (Known Failure) 
7 ms. Memory: 129024K Free: 94190K (73%)


==== $PTIIhome/travis/build/icyphy/ptII/ptolemy/domains/de/test/../../../../: Auto Automatic test in file $PTII/ptolemy/domains/de/test/auto/knownFailedTests/HierarchicalModel.xml
==== Contents of test case:

	    # FIXME: we should use $relativeFilename here, but it
	    # might have backslashes under Windows, which causes no end
	    # of trouble.
	    createAndExecute $file
	    list {}
	
.... Test generated KNOWN error:
    while executing
ptolemy.kernel.util.IllegalActionException: Found a zero delay loop containing .HierarchicalModel.A
  in .HierarchicalModel and .HierarchicalModel.A
	at ptolemy.actor.util.CausalityInterfaceForComposites._computeOutputPortDepth(CausalityInterfaceForComposites.java:759)
	at ptolemy.actor.util.CausalityInterfaceForComposites._computeInputDepth(CausalityInterfaceForComposites.java:696)
	at ptolemy.actor.util.CausalityInterfaceForComposites._computeOutputPortDepth(CausalityInterfaceForComposites.java:765)
	at ptolemy.actor.util.CausalityInterfaceForComposites._computeInputDepth(CausalityInterfaceForComposites.java:696)
	at ptolemy.actor.util.CausalityInterfaceForComposites._computeOutputPortDepth(CausalityInterfaceForComposites.java:765)
	at ptolemy.actor.util.CausalityInterfaceForComposites._computeInputDepth(CausalityInterfaceForComposites.java:696)
	at ptolemy.actor.util.CausalityInterfaceForComposites._computeActorDepth(CausalityInterfaceForComposites.java:532)
	at ptolemy.actor.util.CausalityInterfaceForComposites.checkForCycles(CausalityInterfaceForComposites.java:96)
	at ptolemy.domains.de.kernel.DEDirector.preinitialize(DEDirector.java:1338)
	at ptolemy.actor.CompositeActor.preinitialize(CompositeActor.java:1828)
	at ptolemy.actor.Manager.preinitializeAndResolveTypes(Manager.java:1040)
	at ptolemy.actor.Manager.initialize(Manager.java:710)
	at ptolemy.actor.Manager.execute(Manager.java:356)
	at ptolemy.actor.Manager.run(Manager.java:1263)
	at ptolemy.actor.Manager$PtolemyRunThread.run(Manager.java:1933)

    while executing
ptolemy.kernel.util.IllegalActionException: Found a zero delay loop containing .HierarchicalModel.A
  in .HierarchicalModel and .HierarchicalModel.A
    while executing
"java::new ptolemy.moml.MoMLSimpleApplication $file
"
    (procedure "createAndExecute" line 2)
    invoked from within
"createAndExecute $file"
    ("uplevel" body line 5)
    invoked from within
"uplevel $contents_of_test"
------------------ testing $PTII/ptolemy/domains/de/test/auto/knownFailedTests/dependencyLoop2.xml (Known Failure) 
10 ms. Memory: 129024K Free: 77828K (60%)


==== $PTIIhome/travis/build/icyphy/ptII/ptolemy/domains/de/test/../../../../: Auto Automatic test in file $PTII/ptolemy/domains/de/test/auto/knownFailedTests/dependencyLoop2.xml
==== Contents of test case:

	    # FIXME: we should use $relativeFilename here, but it
	    # might have backslashes under Windows, which causes no end
	    # of trouble.
	    createAndExecute $file
	    list {}
	
.... Test generated KNOWN error:
    while executing
ptolemy.kernel.util.IllegalActionException: Found a zero delay loop containing .dependencyLoop2.original
  in .dependencyLoop2 and .dependencyLoop2.original
	at ptolemy.actor.util.CausalityInterfaceForComposites._computeOutputPortDepth(CausalityInterfaceForComposites.java:759)
	at ptolemy.actor.util.CausalityInterfaceForComposites._computeInputDepth(CausalityInterfaceForComposites.java:696)
	at ptolemy.actor.util.CausalityInterfaceForComposites._computeOutputPortDepth(CausalityInterfaceForComposites.java:765)
	at ptolemy.actor.util.CausalityInterfaceForComposites._computeInputDepth(CausalityInterfaceForComposites.java:696)
	at ptolemy.actor.util.CausalityInterfaceForComposites._computeOutputPortDepth(CausalityInterfaceForComposites.java:765)
	at ptolemy.actor.util.CausalityInterfaceForComposites._computeInputDepth(CausalityInterfaceForComposites.java:696)
	at ptolemy.actor.util.CausalityInterfaceForComposites._computeActorDepth(CausalityInterfaceForComposites.java:532)
	at ptolemy.actor.util.CausalityInterfaceForComposites.checkForCycles(CausalityInterfaceForComposites.java:96)
	at ptolemy.domains.de.kernel.DEDirector.preinitialize(DEDirector.java:1338)
	at ptolemy.actor.CompositeActor.preinitialize(CompositeActor.java:1828)
	at ptolemy.actor.Manager.preinitializeAndResolveTypes(Manager.java:1040)
	at ptolemy.actor.Manager.initialize(Manager.java:710)
	at ptolemy.actor.Manager.execute(Manager.java:356)
	at ptolemy.actor.Manager.run(Manager.java:1263)
	at ptolemy.actor.Manager$PtolemyRunThread.run(Manager.java:1933)

    while executing
ptolemy.kernel.util.IllegalActionException: Found a zero delay loop containing .dependencyLoop2.original
  in .dependencyLoop2 and .dependencyLoop2.original
    while executing
"java::new ptolemy.moml.MoMLSimpleApplication $file
"
    (procedure "createAndExecute" line 2)
    invoked from within
"createAndExecute $file"
    ("uplevel" body line 5)
    invoked from within
"uplevel $contents_of_test"
------------------ testing $PTII/ptolemy/domains/de/test/auto/knownFailedTests/DESDFClockTest.xml (Known Failure) 
2054 ms. Memory: 129024K Free: 109376K (85%)


==== $PTIIhome/travis/build/icyphy/ptII/ptolemy/domains/de/test/../../../../: Auto Automatic test in file $PTII/ptolemy/domains/de/test/auto/knownFailedTests/DESDFClockTest.xml
==== Contents of test case:

	    # FIXME: we should use $relativeFilename here, but it
	    # might have backslashes under Windows, which causes no end
	    # of trouble.
	    createAndExecute $file
	    list {}
	
.... Test generated KNOWN error:
    while executing
ptolemy.kernel.util.IllegalActionException: Actor is not ready to fire.  Perhaps UpSample.prefire() returned false? Try debugging the actor by selecting "Listen to Actor".  Also, for SDF check moml for tokenConsumptionRate on input.
  in .DESDFClockTest.Play Bell.Copy1:SDF Director and .DESDFClockTest.Play Bell.UpSample
	at ptolemy.actor.sched.StaticSchedulingDirector.fire(StaticSchedulingDirector.java:227)
	at ptolemy.domains.sdf.kernel.SDFDirector.fire(SDFDirector.java:500)
	at ptolemy.actor.CompositeActor.fire(CompositeActor.java:455)
	at ptolemy.domains.de.kernel.DEDirector._fire(DEDirector.java:1949)
	at ptolemy.domains.de.kernel.DEDirector.fire(DEDirector.java:502)
	at ptolemy.actor.CompositeActor.fire(CompositeActor.java:455)
	at ptolemy.actor.Manager.iterate(Manager.java:851)
	at ptolemy.actor.Manager.execute(Manager.java:369)
	at ptolemy.actor.Manager.run(Manager.java:1263)
	at ptolemy.actor.Manager$PtolemyRunThread.run(Manager.java:1933)

    while executing
ptolemy.kernel.util.IllegalActionException: Actor is not ready to fire.  Perhaps UpSample.prefire() returned false? Try debugging the actor by selecting "Listen to Actor".  Also, for SDF check moml for tokenConsumptionRate on input.
  in .DESDFClockTest.Play Bell.Copy1:SDF Director and .DESDFClockTest.Play Bell.UpSample
    while executing
"java::new ptolemy.moml.MoMLSimpleApplication $file
"
    (procedure "createAndExecute" line 2)
    invoked from within
"createAndExecute $file"
    ("uplevel" body line 5)
    invoked from within
"uplevel $contents_of_test"
------------------ testing $PTII/ptolemy/domains/de/test/auto/ActorDepthCalculation_actorWithoutPorts.xml
auto.tcl: Setting watchdog for 200 seconds at Fri Jan 03 00:37:09 UTC 2020
4 ms. Memory: 129024K Free: 101680K (79%)
ptolemy.util.test.WatchDog.cancel(): canceling Fri Jan 03 00:37:09 UTC 2020
auto.tcl: Setting watchdog for 200 seconds at Fri Jan 03 00:37:09 UTC 2020
7 ms. Memory: 129024K Free: 100160K (78%)
ptolemy.util.test.WatchDog.cancel(): canceling Fri Jan 03 00:37:09 UTC 2020
------------------ testing $PTII/ptolemy/domains/de/test/auto/AssemblyLine.xml
auto.tcl: Setting watchdog for 200 seconds at Fri Jan 03 00:37:10 UTC 2020
12 ms. Memory: 45056K Free: 22796K (51%)
ptolemy.util.test.WatchDog.cancel(): canceling Fri Jan 03 00:37:10 UTC 2020
auto.tcl: Setting watchdog for 200 seconds at Fri Jan 03 00:37:10 UTC 2020
6 ms. Memory: 45056K Free: 22301K (49%)
ptolemy.util.test.WatchDog.cancel(): canceling Fri Jan 03 00:37:10 UTC 2020
------------------ testing $PTII/ptolemy/domains/de/test/auto/CQBug1.xml
auto.tcl: Setting watchdog for 200 seconds at Fri Jan 03 00:37:10 UTC 2020
4 ms. Memory: 45056K Free: 28512K (63%)
ptolemy.util.test.WatchDog.cancel(): canceling Fri Jan 03 00:37:10 UTC 2020
auto.tcl: Setting watchdog for 200 seconds at Fri Jan 03 00:37:10 UTC 2020
2 ms. Memory: 45056K Free: 28084K (62%)
ptolemy.util.test.WatchDog.cancel(): canceling Fri Jan 03 00:37:10 UTC 2020
------------------ testing $PTII/ptolemy/domains/de/test/auto/CancelFireAt.xml
auto.tcl: Setting watchdog for 200 seconds at Fri Jan 03 00:37:10 UTC 2020
10 ms. Memory: 45056K Free: 29627K (66%)
ptolemy.util.test.WatchDog.cancel(): canceling Fri Jan 03 00:37:10 UTC 2020
auto.tcl: Setting watchdog for 200 seconds at Fri Jan 03 00:37:10 UTC 2020
1 ms. Memory: 45056K Free: 29215K (65%)
ptolemy.util.test.WatchDog.cancel(): canceling Fri Jan 03 00:37:10 UTC 2020
------------------ testing $PTII/ptolemy/domains/de/test/auto/CausalityAndComposabilityAnalysis.xml
auto.tcl: Setting watchdog for 200 seconds at Fri Jan 03 00:37:10 UTC 2020
7 ms. Memory: 45056K Free: 27451K (61%)
ptolemy.util.test.WatchDog.cancel(): canceling Fri Jan 03 00:37:10 UTC 2020
auto.tcl: Setting watchdog for 200 seconds at Fri Jan 03 00:37:10 UTC 2020
9 ms. Memory: 45056K Free: 27039K (60%)
ptolemy.util.test.WatchDog.cancel(): canceling Fri Jan 03 00:37:10 UTC 2020
------------------ testing $PTII/ptolemy/domains/de/test/auto/CausalityInterface1.xml
auto.tcl: Setting watchdog for 200 seconds at Fri Jan 03 00:37:10 UTC 2020
36 ms. Memory: 45056K Free: 26375K (59%)
ptolemy.util.test.WatchDog.cancel(): canceling Fri Jan 03 00:37:10 UTC 2020
auto.tcl: Setting watchdog for 200 seconds at Fri Jan 03 00:37:10 UTC 2020
4 ms. Memory: 45056K Free: 25408K (56%)
ptolemy.util.test.WatchDog.cancel(): canceling Fri Jan 03 00:37:10 UTC 2020
------------------ testing $PTII/ptolemy/domains/de/test/auto/CausalityInterface15.xml
auto.tcl: Setting watchdog for 200 seconds at Fri Jan 03 00:37:10 UTC 2020
13 ms. Memory: 45056K Free: 26012K (58%)
ptolemy.util.test.WatchDog.cancel(): canceling Fri Jan 03 00:37:10 UTC 2020
auto.tcl: Setting watchdog for 200 seconds at Fri Jan 03 00:37:10 UTC 2020
4 ms. Memory: 45056K Free: 25375K (56%)
ptolemy.util.test.WatchDog.cancel(): canceling Fri Jan 03 00:37:10 UTC 2020
------------------ testing $PTII/ptolemy/domains/de/test/auto/CausalityInterface2.xml
auto.tcl: Setting watchdog for 200 seconds at Fri Jan 03 00:37:10 UTC 2020
4 ms. Memory: 45056K Free: 27108K (60%)
ptolemy.util.test.WatchDog.cancel(): canceling Fri Jan 03 00:37:10 UTC 2020
auto.tcl: Setting watchdog for 200 seconds at Fri Jan 03 00:37:10 UTC 2020
3 ms. Memory: 45056K Free: 26399K (59%)
ptolemy.util.test.WatchDog.cancel(): canceling Fri Jan 03 00:37:10 UTC 2020
------------------ testing $PTII/ptolemy/domains/de/test/auto/CausalityInterface3.xml
auto.tcl: Setting watchdog for 200 seconds at Fri Jan 03 00:37:10 UTC 2020
3 ms. Memory: 45056K Free: 26562K (59%)
ptolemy.util.test.WatchDog.cancel(): canceling Fri Jan 03 00:37:10 UTC 2020
auto.tcl: Setting watchdog for 200 seconds at Fri Jan 03 00:37:10 UTC 2020
3 ms. Memory: 45056K Free: 25766K (57%)
ptolemy.util.test.WatchDog.cancel(): canceling Fri Jan 03 00:37:10 UTC 2020
------------------ testing $PTII/ptolemy/domains/de/test/auto/ClockDrift.xml
auto.tcl: Setting watchdog for 200 seconds at Fri Jan 03 00:37:10 UTC 2020
84 ms. Memory: 45056K Free: 19177K (43%)
ptolemy.util.test.WatchDog.cancel(): canceling Fri Jan 03 00:37:10 UTC 2020
auto.tcl: Setting watchdog for 200 seconds at Fri Jan 03 00:37:10 UTC 2020
33 ms. Memory: 45056K Free: 16157K (36%)
ptolemy.util.test.WatchDog.cancel(): canceling Fri Jan 03 00:37:11 UTC 2020
------------------ testing $PTII/ptolemy/domains/de/test/auto/ClockDriftAndValueChange.xml
auto.tcl: Setting watchdog for 200 seconds at Fri Jan 03 00:37:11 UTC 2020
48 ms. Memory: 45056K Free: 19236K (43%)
ptolemy.util.test.WatchDog.cancel(): canceling Fri Jan 03 00:37:11 UTC 2020
auto.tcl: Setting watchdog for 200 seconds at Fri Jan 03 00:37:11 UTC 2020
23 ms. Memory: 45056K Free: 16381K (36%)
ptolemy.util.test.WatchDog.cancel(): canceling Fri Jan 03 00:37:11 UTC 2020
------------------ testing $PTII/ptolemy/domains/de/test/auto/ClockDriftChange.xml
auto.tcl: Setting watchdog for 200 seconds at Fri Jan 03 00:37:11 UTC 2020
20 ms. Memory: 45056K Free: 21276K (47%)
ptolemy.util.test.WatchDog.cancel(): canceling Fri Jan 03 00:37:11 UTC 2020
auto.tcl: Setting watchdog for 200 seconds at Fri Jan 03 00:37:11 UTC 2020
26 ms. Memory: 45056K Free: 18421K (41%)
ptolemy.util.test.WatchDog.cancel(): canceling Fri Jan 03 00:37:11 UTC 2020
------------------ testing $PTII/ptolemy/domains/de/test/auto/ComposableCausalityAnalysis.xml
auto.tcl: Setting watchdog for 200 seconds at Fri Jan 03 00:37:11 UTC 2020
6 ms. Memory: 45056K Free: 25750K (57%)
ptolemy.util.test.WatchDog.cancel(): canceling Fri Jan 03 00:37:11 UTC 2020
auto.tcl: Setting watchdog for 200 seconds at Fri Jan 03 00:37:11 UTC 2020
4 ms. Memory: 45056K Free: 24929K (55%)
ptolemy.util.test.WatchDog.cancel(): canceling Fri Jan 03 00:37:11 UTC 2020
------------------ testing $PTII/ptolemy/domains/de/test/auto/DEFixedPointLimitation.xml
auto.tcl: Setting watchdog for 200 seconds at Fri Jan 03 00:37:11 UTC 2020
2 ms. Memory: 45056K Free: 27253K (60%)
ptolemy.util.test.WatchDog.cancel(): canceling Fri Jan 03 00:37:11 UTC 2020
auto.tcl: Setting watchdog for 200 seconds at Fri Jan 03 00:37:11 UTC 2020
1 ms. Memory: 45056K Free: 26383K (59%)
ptolemy.util.test.WatchDog.cancel(): canceling Fri Jan 03 00:37:11 UTC 2020
------------------ testing $PTII/ptolemy/domains/de/test/auto/DEScheduleTest.xml
auto.tcl: Setting watchdog for 200 seconds at Fri Jan 03 00:37:11 UTC 2020
3 ms. Memory: 45056K Free: 27573K (61%)
ptolemy.util.test.WatchDog.cancel(): canceling Fri Jan 03 00:37:11 UTC 2020
auto.tcl: Setting watchdog for 200 seconds at Fri Jan 03 00:37:11 UTC 2020
2 ms. Memory: 45056K Free: 26834K (60%)
ptolemy.util.test.WatchDog.cancel(): canceling Fri Jan 03 00:37:11 UTC 2020
------------------ testing $PTII/ptolemy/domains/de/test/auto/DEinDEwithStartTimes.xml
auto.tcl: Setting watchdog for 200 seconds at Fri Jan 03 00:37:11 UTC 2020
3 ms. Memory: 45056K Free: 25729K (57%)
ptolemy.util.test.WatchDog.cancel(): canceling Fri Jan 03 00:37:11 UTC 2020
auto.tcl: Setting watchdog for 200 seconds at Fri Jan 03 00:37:11 UTC 2020
3 ms. Memory: 45056K Free: 24670K (55%)
ptolemy.util.test.WatchDog.cancel(): canceling Fri Jan 03 00:37:11 UTC 2020
------------------ testing $PTII/ptolemy/domains/de/test/auto/DEinDEwithStartTimes2.xml
auto.tcl: Setting watchdog for 200 seconds at Fri Jan 03 00:37:11 UTC 2020
4 ms. Memory: 45056K Free: 24980K (55%)
ptolemy.util.test.WatchDog.cancel(): canceling Fri Jan 03 00:37:11 UTC 2020
auto.tcl: Setting watchdog for 200 seconds at Fri Jan 03 00:37:11 UTC 2020
3 ms. Memory: 45056K Free: 23625K (52%)
ptolemy.util.test.WatchDog.cancel(): canceling Fri Jan 03 00:37:11 UTC 2020
------------------ testing $PTII/ptolemy/domains/de/test/auto/DateDemo.xml
auto.tcl: Setting watchdog for 200 seconds at Fri Jan 03 00:37:11 UTC 2020
14 ms. Memory: 45056K Free: 19288K (43%)
ptolemy.util.test.WatchDog.cancel(): canceling Fri Jan 03 00:37:11 UTC 2020
auto.tcl: Setting watchdog for 200 seconds at Fri Jan 03 00:37:11 UTC 2020
6 ms. Memory: 45056K Free: 17755K (39%)
ptolemy.util.test.WatchDog.cancel(): canceling Fri Jan 03 00:37:11 UTC 2020
------------------ testing $PTII/ptolemy/domains/de/test/auto/DateToEvent.xml
auto.tcl: Setting watchdog for 200 seconds at Fri Jan 03 00:37:11 UTC 2020
2020 ms. Memory: 45056K Free: 15188K (34%)
ptolemy.util.test.WatchDog.cancel(): canceling Fri Jan 03 00:37:13 UTC 2020
auto.tcl: Setting watchdog for 200 seconds at Fri Jan 03 00:37:13 UTC 2020
2004 ms. Memory: 45056K Free: 14514K (32%)
ptolemy.util.test.WatchDog.cancel(): canceling Fri Jan 03 00:37:15 UTC 2020
------------------ testing $PTII/ptolemy/domains/de/test/auto/DepthTest1.xml
auto.tcl: Setting watchdog for 200 seconds at Fri Jan 03 00:37:15 UTC 2020
2 ms. Memory: 45056K Free: 28335K (63%)
ptolemy.util.test.WatchDog.cancel(): canceling Fri Jan 03 00:37:15 UTC 2020
auto.tcl: Setting watchdog for 200 seconds at Fri Jan 03 00:37:15 UTC 2020
1 ms. Memory: 45056K Free: 27949K (62%)
ptolemy.util.test.WatchDog.cancel(): canceling Fri Jan 03 00:37:15 UTC 2020
------------------ testing $PTII/ptolemy/domains/de/test/auto/DepthTest2.xml
auto.tcl: Setting watchdog for 200 seconds at Fri Jan 03 00:37:16 UTC 2020
13 ms. Memory: 45056K Free: 25191K (56%)
ptolemy.util.test.WatchDog.cancel(): canceling Fri Jan 03 00:37:16 UTC 2020
auto.tcl: Setting watchdog for 200 seconds at Fri Jan 03 00:37:16 UTC 2020
3 ms. Memory: 45056K Free: 24664K (55%)
ptolemy.util.test.WatchDog.cancel(): canceling Fri Jan 03 00:37:16 UTC 2020
------------------ testing $PTII/ptolemy/domains/de/test/auto/DepthTest3.xml
auto.tcl: Setting watchdog for 200 seconds at Fri Jan 03 00:37:16 UTC 2020
4 ms. Memory: 45056K Free: 28813K (64%)
ptolemy.util.test.WatchDog.cancel(): canceling Fri Jan 03 00:37:16 UTC 2020
auto.tcl: Setting watchdog for 200 seconds at Fri Jan 03 00:37:16 UTC 2020
2 ms. Memory: 45056K Free: 28278K (63%)
ptolemy.util.test.WatchDog.cancel(): canceling Fri Jan 03 00:37:16 UTC 2020
------------------ testing $PTII/ptolemy/domains/de/test/auto/DepthTest4.xml
auto.tcl: Setting watchdog for 200 seconds at Fri Jan 03 00:37:16 UTC 2020
2 ms. Memory: 45056K Free: 27075K (60%)
ptolemy.util.test.WatchDog.cancel(): canceling Fri Jan 03 00:37:16 UTC 2020
auto.tcl: Setting watchdog for 200 seconds at Fri Jan 03 00:37:16 UTC 2020
2 ms. Memory: 45056K Free: 26314K (58%)
ptolemy.util.test.WatchDog.cancel(): canceling Fri Jan 03 00:37:16 UTC 2020
------------------ testing $PTII/ptolemy/domains/de/test/auto/DepthTest5.xml
auto.tcl: Setting watchdog for 200 seconds at Fri Jan 03 00:37:16 UTC 2020
3 ms. Memory: 45056K Free: 26443K (59%)
ptolemy.util.test.WatchDog.cancel(): canceling Fri Jan 03 00:37:16 UTC 2020
auto.tcl: Setting watchdog for 200 seconds at Fri Jan 03 00:37:16 UTC 2020
5 ms. Memory: 45056K Free: 25719K (57%)
ptolemy.util.test.WatchDog.cancel(): canceling Fri Jan 03 00:37:16 UTC 2020
------------------ testing $PTII/ptolemy/domains/de/test/auto/DepthTest6.xml
auto.tcl: Setting watchdog for 200 seconds at Fri Jan 03 00:37:16 UTC 2020
3 ms. Memory: 45056K Free: 26117K (58%)
ptolemy.util.test.WatchDog.cancel(): canceling Fri Jan 03 00:37:16 UTC 2020
auto.tcl: Setting watchdog for 200 seconds at Fri Jan 03 00:37:16 UTC 2020
2 ms. Memory: 45056K Free: 25604K (57%)
ptolemy.util.test.WatchDog.cancel(): canceling Fri Jan 03 00:37:16 UTC 2020
------------------ testing $PTII/ptolemy/domains/de/test/auto/DepthTest7.xml
auto.tcl: Setting watchdog for 200 seconds at Fri Jan 03 00:37:16 UTC 2020
3 ms. Memory: 45056K Free: 26953K (60%)
ptolemy.util.test.WatchDog.cancel(): canceling Fri Jan 03 00:37:16 UTC 2020
auto.tcl: Setting watchdog for 200 seconds at Fri Jan 03 00:37:16 UTC 2020
2 ms. Memory: 45056K Free: 26220K (58%)
ptolemy.util.test.WatchDog.cancel(): canceling Fri Jan 03 00:37:16 UTC 2020
------------------ testing $PTII/ptolemy/domains/de/test/auto/EventToDate.xml
auto.tcl: Setting watchdog for 200 seconds at Fri Jan 03 00:37:16 UTC 2020
3008 ms. Memory: 45056K Free: 17751K (39%)
ptolemy.util.test.WatchDog.cancel(): canceling Fri Jan 03 00:37:19 UTC 2020
auto.tcl: Setting watchdog for 200 seconds at Fri Jan 03 00:37:19 UTC 2020
3004 ms. Memory: 45056K Free: 17054K (38%)
ptolemy.util.test.WatchDog.cancel(): canceling Fri Jan 03 00:37:22 UTC 2020
------------------ testing $PTII/ptolemy/domains/de/test/auto/FSM1.xml
auto.tcl: Setting watchdog for 200 seconds at Fri Jan 03 00:37:22 UTC 2020
26 ms. Memory: 45056K Free: 18695K (41%)
ptolemy.util.test.WatchDog.cancel(): canceling Fri Jan 03 00:37:22 UTC 2020
auto.tcl: Setting watchdog for 200 seconds at Fri Jan 03 00:37:22 UTC 2020
14 ms. Memory: 45056K Free: 15361K (34%)
ptolemy.util.test.WatchDog.cancel(): canceling Fri Jan 03 00:37:22 UTC 2020
------------------ testing $PTII/ptolemy/domains/de/test/auto/FSM7.xml
auto.tcl: Setting watchdog for 200 seconds at Fri Jan 03 00:37:22 UTC 2020
24 ms. Memory: 45056K Free: 18724K (42%)
ptolemy.util.test.WatchDog.cancel(): canceling Fri Jan 03 00:37:22 UTC 2020
auto.tcl: Setting watchdog for 200 seconds at Fri Jan 03 00:37:22 UTC 2020
22 ms. Memory: 45056K Free: 15275K (34%)
ptolemy.util.test.WatchDog.cancel(): canceling Fri Jan 03 00:37:22 UTC 2020
------------------ testing $PTII/ptolemy/domains/de/test/auto/Inspection.xml
auto.tcl: Setting watchdog for 200 seconds at Fri Jan 03 00:37:22 UTC 2020
27 ms. Memory: 45056K Free: 18741K (42%)
ptolemy.util.test.WatchDog.cancel(): canceling Fri Jan 03 00:37:22 UTC 2020
auto.tcl: Setting watchdog for 200 seconds at Fri Jan 03 00:37:22 UTC 2020
28 ms. Memory: 45056K Free: 16973K (38%)
ptolemy.util.test.WatchDog.cancel(): canceling Fri Jan 03 00:37:22 UTC 2020
------------------ testing $PTII/ptolemy/domains/de/test/auto/Iteration.xml
auto.tcl: Setting watchdog for 200 seconds at Fri Jan 03 00:37:22 UTC 2020
6 ms. Memory: 45056K Free: 24516K (54%)
ptolemy.util.test.WatchDog.cancel(): canceling Fri Jan 03 00:37:22 UTC 2020
auto.tcl: Setting watchdog for 200 seconds at Fri Jan 03 00:37:22 UTC 2020
5 ms. Memory: 45056K Free: 23368K (52%)
ptolemy.util.test.WatchDog.cancel(): canceling Fri Jan 03 00:37:22 UTC 2020
------------------ testing $PTII/ptolemy/domains/de/test/auto/LineFault.xml
auto.tcl: Setting watchdog for 200 seconds at Fri Jan 03 00:37:22 UTC 2020
565 ms. Memory: 54272K Free: 24609K (45%)
ptolemy.util.test.WatchDog.cancel(): canceling Fri Jan 03 00:37:23 UTC 2020
auto.tcl: Setting watchdog for 200 seconds at Fri Jan 03 00:37:23 UTC 2020
482 ms. Memory: 54272K Free: 16129K (30%)
ptolemy.util.test.WatchDog.cancel(): canceling Fri Jan 03 00:37:24 UTC 2020
------------------ testing $PTII/ptolemy/domains/de/test/auto/MergeModel1Add.xml
auto.tcl: Setting watchdog for 200 seconds at Fri Jan 03 00:37:24 UTC 2020
15 ms. Memory: 51200K Free: 16529K (32%)
ptolemy.util.test.WatchDog.cancel(): canceling Fri Jan 03 00:37:24 UTC 2020
auto.tcl: Setting watchdog for 200 seconds at Fri Jan 03 00:37:24 UTC 2020
8 ms. Memory: 51200K Free: 14887K (29%)
ptolemy.util.test.WatchDog.cancel(): canceling Fri Jan 03 00:37:24 UTC 2020
------------------ testing $PTII/ptolemy/domains/de/test/auto/MergeModel2Add.xml
auto.tcl: Setting watchdog for 200 seconds at Fri Jan 03 00:37:24 UTC 2020
10 ms. Memory: 51200K Free: 18601K (36%)
ptolemy.util.test.WatchDog.cancel(): canceling Fri Jan 03 00:37:24 UTC 2020
auto.tcl: Setting watchdog for 200 seconds at Fri Jan 03 00:37:24 UTC 2020
6 ms. Memory: 51200K Free: 16609K (32%)
ptolemy.util.test.WatchDog.cancel(): canceling Fri Jan 03 00:37:24 UTC 2020
------------------ testing $PTII/ptolemy/domains/de/test/auto/MergeModel3Add.xml
auto.tcl: Setting watchdog for 200 seconds at Fri Jan 03 00:37:24 UTC 2020
10 ms. Memory: 51200K Free: 18611K (36%)
ptolemy.util.test.WatchDog.cancel(): canceling Fri Jan 03 00:37:24 UTC 2020
auto.tcl: Setting watchdog for 200 seconds at Fri Jan 03 00:37:24 UTC 2020
10 ms. Memory: 51200K Free: 17193K (34%)
ptolemy.util.test.WatchDog.cancel(): canceling Fri Jan 03 00:37:24 UTC 2020
------------------ testing $PTII/ptolemy/domains/de/test/auto/MergeWithoutDiscard.xml
auto.tcl: Setting watchdog for 200 seconds at Fri Jan 03 00:37:24 UTC 2020
3 ms. Memory: 51200K Free: 33113K (65%)
ptolemy.util.test.WatchDog.cancel(): canceling Fri Jan 03 00:37:24 UTC 2020
auto.tcl: Setting watchdog for 200 seconds at Fri Jan 03 00:37:24 UTC 2020
1 ms. Memory: 51200K Free: 32678K (64%)
ptolemy.util.test.WatchDog.cancel(): canceling Fri Jan 03 00:37:24 UTC 2020
------------------ testing $PTII/ptolemy/domains/de/test/auto/Modal1.xml
auto.tcl: Setting watchdog for 200 seconds at Fri Jan 03 00:37:24 UTC 2020
13 ms. Memory: 51200K Free: 25040K (49%)
ptolemy.util.test.WatchDog.cancel(): canceling Fri Jan 03 00:37:24 UTC 2020
auto.tcl: Setting watchdog for 200 seconds at Fri Jan 03 00:37:24 UTC 2020
20 ms. Memory: 51200K Free: 21566K (42%)
ptolemy.util.test.WatchDog.cancel(): canceling Fri Jan 03 00:37:24 UTC 2020
------------------ testing $PTII/ptolemy/domains/de/test/auto/Modal2.xml
auto.tcl: Setting watchdog for 200 seconds at Fri Jan 03 00:37:24 UTC 2020
14 ms. Memory: 51200K Free: 25186K (49%)
ptolemy.util.test.WatchDog.cancel(): canceling Fri Jan 03 00:37:24 UTC 2020
auto.tcl: Setting watchdog for 200 seconds at Fri Jan 03 00:37:24 UTC 2020
17 ms. Memory: 51200K Free: 21947K (43%)
ptolemy.util.test.WatchDog.cancel(): canceling Fri Jan 03 00:37:24 UTC 2020
------------------ testing $PTII/ptolemy/domains/de/test/auto/Modal3.xml
auto.tcl: Setting watchdog for 200 seconds at Fri Jan 03 00:37:24 UTC 2020
13 ms. Memory: 51200K Free: 24693K (48%)
ptolemy.util.test.WatchDog.cancel(): canceling Fri Jan 03 00:37:24 UTC 2020
auto.tcl: Setting watchdog for 200 seconds at Fri Jan 03 00:37:24 UTC 2020
15 ms. Memory: 51200K Free: 21534K (42%)
ptolemy.util.test.WatchDog.cancel(): canceling Fri Jan 03 00:37:24 UTC 2020
------------------ testing $PTII/ptolemy/domains/de/test/auto/Modal4.xml
auto.tcl: Setting watchdog for 200 seconds at Fri Jan 03 00:37:24 UTC 2020
13 ms. Memory: 48128K Free: 20830K (43%)
ptolemy.util.test.WatchDog.cancel(): canceling Fri Jan 03 00:37:24 UTC 2020
auto.tcl: Setting watchdog for 200 seconds at Fri Jan 03 00:37:24 UTC 2020
24 ms. Memory: 48128K Free: 16859K (35%)
ptolemy.util.test.WatchDog.cancel(): canceling Fri Jan 03 00:37:25 UTC 2020
------------------ testing $PTII/ptolemy/domains/de/test/auto/Modal5.xml
auto.tcl: Setting watchdog for 200 seconds at Fri Jan 03 00:37:25 UTC 2020
15 ms. Memory: 48128K Free: 21068K (44%)
ptolemy.util.test.WatchDog.cancel(): canceling Fri Jan 03 00:37:25 UTC 2020
auto.tcl: Setting watchdog for 200 seconds at Fri Jan 03 00:37:25 UTC 2020
16 ms. Memory: 48128K Free: 17223K (36%)
ptolemy.util.test.WatchDog.cancel(): canceling Fri Jan 03 00:37:25 UTC 2020
------------------ testing $PTII/ptolemy/domains/de/test/auto/Modal6.xml
auto.tcl: Setting watchdog for 200 seconds at Fri Jan 03 00:37:25 UTC 2020
16 ms. Memory: 48128K Free: 21846K (45%)
ptolemy.util.test.WatchDog.cancel(): canceling Fri Jan 03 00:37:25 UTC 2020
auto.tcl: Setting watchdog for 200 seconds at Fri Jan 03 00:37:25 UTC 2020
18 ms. Memory: 48128K Free: 17864K (37%)
ptolemy.util.test.WatchDog.cancel(): canceling Fri Jan 03 00:37:25 UTC 2020
------------------ testing $PTII/ptolemy/domains/de/test/auto/Modal7.xml
auto.tcl: Setting watchdog for 200 seconds at Fri Jan 03 00:37:25 UTC 2020
14 ms. Memory: 48128K Free: 21051K (44%)
ptolemy.util.test.WatchDog.cancel(): canceling Fri Jan 03 00:37:25 UTC 2020
auto.tcl: Setting watchdog for 200 seconds at Fri Jan 03 00:37:25 UTC 2020
11 ms. Memory: 48128K Free: 17515K (36%)
ptolemy.util.test.WatchDog.cancel(): canceling Fri Jan 03 00:37:25 UTC 2020
------------------ testing $PTII/ptolemy/domains/de/test/auto/ModalModel.xml
auto.tcl: Setting watchdog for 200 seconds at Fri Jan 03 00:37:25 UTC 2020
192 ms. Memory: 58368K Free: 43202K (74%)
ptolemy.util.test.WatchDog.cancel(): canceling Fri Jan 03 00:37:25 UTC 2020
auto.tcl: Setting watchdog for 200 seconds at Fri Jan 03 00:37:25 UTC 2020
183 ms. Memory: 58368K Free: 38872K (67%)
ptolemy.util.test.WatchDog.cancel(): canceling Fri Jan 03 00:37:25 UTC 2020
------------------ testing $PTII/ptolemy/domains/de/test/auto/ModalSource.xml
auto.tcl: Setting watchdog for 200 seconds at Fri Jan 03 00:37:25 UTC 2020
7 ms. Memory: 48128K Free: 25898K (54%)
ptolemy.util.test.WatchDog.cancel(): canceling Fri Jan 03 00:37:25 UTC 2020
auto.tcl: Setting watchdog for 200 seconds at Fri Jan 03 00:37:25 UTC 2020
5 ms. Memory: 48128K Free: 23849K (50%)
ptolemy.util.test.WatchDog.cancel(): canceling Fri Jan 03 00:37:25 UTC 2020
------------------ testing $PTII/ptolemy/domains/de/test/auto/NonInterruptibleTimerZeroDelay.xml
auto.tcl: Setting watchdog for 200 seconds at Fri Jan 03 00:37:25 UTC 2020
4 ms. Memory: 48128K Free: 30854K (64%)
ptolemy.util.test.WatchDog.cancel(): canceling Fri Jan 03 00:37:25 UTC 2020
auto.tcl: Setting watchdog for 200 seconds at Fri Jan 03 00:37:25 UTC 2020
2 ms. Memory: 48128K Free: 30177K (63%)
ptolemy.util.test.WatchDog.cancel(): canceling Fri Jan 03 00:37:25 UTC 2020
------------------ testing $PTII/ptolemy/domains/de/test/auto/OpenQueueingNetwork.xml
auto.tcl: Setting watchdog for 200 seconds at Fri Jan 03 00:37:25 UTC 2020
2944 ms. Memory: 116736K Free: 51510K (44%)
ptolemy.util.test.WatchDog.cancel(): canceling Fri Jan 03 00:37:29 UTC 2020
auto.tcl: Setting watchdog for 200 seconds at Fri Jan 03 00:37:29 UTC 2020
2366 ms. Memory: 140288K Free: 54010K (38%)
ptolemy.util.test.WatchDog.cancel(): canceling Fri Jan 03 00:37:31 UTC 2020
------------------ testing $PTII/ptolemy/domains/de/test/auto/OpenQueuingNetwork.xml
auto.tcl: Setting watchdog for 200 seconds at Fri Jan 03 00:37:31 UTC 2020
222 ms. Memory: 55296K Free: 26364K (48%)
ptolemy.util.test.WatchDog.cancel(): canceling Fri Jan 03 00:37:31 UTC 2020
auto.tcl: Setting watchdog for 200 seconds at Fri Jan 03 00:37:31 UTC 2020
221 ms. Memory: 55296K Free: 35578K (64%)
ptolemy.util.test.WatchDog.cancel(): canceling Fri Jan 03 00:37:31 UTC 2020
------------------ testing $PTII/ptolemy/domains/de/test/auto/PeriodicSampler.xml
auto.tcl: Setting watchdog for 200 seconds at Fri Jan 03 00:37:32 UTC 2020
2 ms. Memory: 48128K Free: 30032K (62%)
ptolemy.util.test.WatchDog.cancel(): canceling Fri Jan 03 00:37:32 UTC 2020
auto.tcl: Setting watchdog for 200 seconds at Fri Jan 03 00:37:32 UTC 2020
2 ms. Memory: 48128K Free: 29527K (61%)
ptolemy.util.test.WatchDog.cancel(): canceling Fri Jan 03 00:37:32 UTC 2020
------------------ testing $PTII/ptolemy/domains/de/test/auto/PersistentIO.xml
auto.tcl: Setting watchdog for 200 seconds at Fri Jan 03 00:37:32 UTC 2020
4 ms. Memory: 48128K Free: 24971K (52%)
ptolemy.util.test.WatchDog.cancel(): canceling Fri Jan 03 00:37:32 UTC 2020
auto.tcl: Setting watchdog for 200 seconds at Fri Jan 03 00:37:32 UTC 2020
4 ms. Memory: 48128K Free: 23493K (49%)
ptolemy.util.test.WatchDog.cancel(): canceling Fri Jan 03 00:37:32 UTC 2020
------------------ testing $PTII/ptolemy/domains/de/test/auto/PortParameterResetOnInitialize.xml
auto.tcl: Setting watchdog for 200 seconds at Fri Jan 03 00:37:32 UTC 2020
6 ms. Memory: 48128K Free: 29944K (62%)
ptolemy.util.test.WatchDog.cancel(): canceling Fri Jan 03 00:37:32 UTC 2020
auto.tcl: Setting watchdog for 200 seconds at Fri Jan 03 00:37:32 UTC 2020
2 ms. Memory: 48128K Free: 29467K (61%)
ptolemy.util.test.WatchDog.cancel(): canceling Fri Jan 03 00:37:32 UTC 2020
------------------ testing $PTII/ptolemy/domains/de/test/auto/PortParameterUpdates.xml
auto.tcl: Setting watchdog for 200 seconds at Fri Jan 03 00:37:32 UTC 2020
3 ms. Memory: 48128K Free: 28284K (59%)
ptolemy.util.test.WatchDog.cancel(): canceling Fri Jan 03 00:37:32 UTC 2020
auto.tcl: Setting watchdog for 200 seconds at Fri Jan 03 00:37:32 UTC 2020
3 ms. Memory: 48128K Free: 27038K (56%)
ptolemy.util.test.WatchDog.cancel(): canceling Fri Jan 03 00:37:32 UTC 2020
------------------ testing $PTII/ptolemy/domains/de/test/auto/QueueAndServer.xml
auto.tcl: Setting watchdog for 200 seconds at Fri Jan 03 00:37:32 UTC 2020
5 ms. Memory: 48128K Free: 26937K (56%)
ptolemy.util.test.WatchDog.cancel(): canceling Fri Jan 03 00:37:32 UTC 2020
auto.tcl: Setting watchdog for 200 seconds at Fri Jan 03 00:37:32 UTC 2020
6 ms. Memory: 48128K Free: 25511K (53%)
ptolemy.util.test.WatchDog.cancel(): canceling Fri Jan 03 00:37:32 UTC 2020
------------------ testing $PTII/ptolemy/domains/de/test/auto/Records.xml
auto.tcl: Setting watchdog for 200 seconds at Fri Jan 03 00:37:32 UTC 2020
3 ms. Memory: 48128K Free: 29484K (61%)
ptolemy.util.test.WatchDog.cancel(): canceling Fri Jan 03 00:37:32 UTC 2020
auto.tcl: Setting watchdog for 200 seconds at Fri Jan 03 00:37:32 UTC 2020
2 ms. Memory: 48128K Free: 28994K (60%)
ptolemy.util.test.WatchDog.cancel(): canceling Fri Jan 03 00:37:32 UTC 2020
------------------ testing $PTII/ptolemy/domains/de/test/auto/ResetTransitionWithStartTime1.xml
auto.tcl: Setting watchdog for 200 seconds at Fri Jan 03 00:37:32 UTC 2020
9 ms. Memory: 48128K Free: 26440K (55%)
ptolemy.util.test.WatchDog.cancel(): canceling Fri Jan 03 00:37:32 UTC 2020
auto.tcl: Setting watchdog for 200 seconds at Fri Jan 03 00:37:32 UTC 2020
5 ms. Memory: 48128K Free: 23920K (50%)
ptolemy.util.test.WatchDog.cancel(): canceling Fri Jan 03 00:37:32 UTC 2020
------------------ testing $PTII/ptolemy/domains/de/test/auto/ResetTransitionWithStartTime2.xml
auto.tcl: Setting watchdog for 200 seconds at Fri Jan 03 00:37:32 UTC 2020
5 ms. Memory: 48128K Free: 26395K (55%)
ptolemy.util.test.WatchDog.cancel(): canceling Fri Jan 03 00:37:32 UTC 2020
auto.tcl: Setting watchdog for 200 seconds at Fri Jan 03 00:37:32 UTC 2020
6 ms. Memory: 48128K Free: 23875K (50%)
ptolemy.util.test.WatchDog.cancel(): canceling Fri Jan 03 00:37:32 UTC 2020
------------------ testing $PTII/ptolemy/domains/de/test/auto/ResetTransitionWithStartTime3.xml
auto.tcl: Setting watchdog for 200 seconds at Fri Jan 03 00:37:32 UTC 2020
5 ms. Memory: 48128K Free: 26394K (55%)
ptolemy.util.test.WatchDog.cancel(): canceling Fri Jan 03 00:37:32 UTC 2020
auto.tcl: Setting watchdog for 200 seconds at Fri Jan 03 00:37:32 UTC 2020
5 ms. Memory: 48128K Free: 23871K (50%)
ptolemy.util.test.WatchDog.cancel(): canceling Fri Jan 03 00:37:32 UTC 2020
------------------ testing $PTII/ptolemy/domains/de/test/auto/ResetTransitionWithStartTime4.xml
auto.tcl: Setting watchdog for 200 seconds at Fri Jan 03 00:37:32 UTC 2020
6 ms. Memory: 48128K Free: 26824K (56%)
ptolemy.util.test.WatchDog.cancel(): canceling Fri Jan 03 00:37:32 UTC 2020
auto.tcl: Setting watchdog for 200 seconds at Fri Jan 03 00:37:32 UTC 2020
3 ms. Memory: 48128K Free: 25414K (53%)
ptolemy.util.test.WatchDog.cancel(): canceling Fri Jan 03 00:37:32 UTC 2020
------------------ testing $PTII/ptolemy/domains/de/test/auto/ResettableTimer1.xml
auto.tcl: Setting watchdog for 200 seconds at Fri Jan 03 00:37:32 UTC 2020
3 ms. Memory: 48128K Free: 30678K (64%)
ptolemy.util.test.WatchDog.cancel(): canceling Fri Jan 03 00:37:32 UTC 2020
auto.tcl: Setting watchdog for 200 seconds at Fri Jan 03 00:37:32 UTC 2020
2 ms. Memory: 48128K Free: 30013K (62%)
ptolemy.util.test.WatchDog.cancel(): canceling Fri Jan 03 00:37:32 UTC 2020
------------------ testing $PTII/ptolemy/domains/de/test/auto/ResettableTimer2.xml
auto.tcl: Setting watchdog for 200 seconds at Fri Jan 03 00:37:32 UTC 2020
1 ms. Memory: 48128K Free: 30734K (64%)
ptolemy.util.test.WatchDog.cancel(): canceling Fri Jan 03 00:37:32 UTC 2020
auto.tcl: Setting watchdog for 200 seconds at Fri Jan 03 00:37:32 UTC 2020
1 ms. Memory: 48128K Free: 30039K (62%)
ptolemy.util.test.WatchDog.cancel(): canceling Fri Jan 03 00:37:32 UTC 2020
------------------ testing $PTII/ptolemy/domains/de/test/auto/ResettableTimer3.xml
auto.tcl: Setting watchdog for 200 seconds at Fri Jan 03 00:37:32 UTC 2020
1 ms. Memory: 48128K Free: 31007K (64%)
ptolemy.util.test.WatchDog.cancel(): canceling Fri Jan 03 00:37:32 UTC 2020
auto.tcl: Setting watchdog for 200 seconds at Fri Jan 03 00:37:32 UTC 2020
1 ms. Memory: 48128K Free: 30527K (63%)
ptolemy.util.test.WatchDog.cancel(): canceling Fri Jan 03 00:37:32 UTC 2020
------------------ testing $PTII/ptolemy/domains/de/test/auto/ResettableTimer4.xml
auto.tcl: Setting watchdog for 200 seconds at Fri Jan 03 00:37:32 UTC 2020
1 ms. Memory: 48128K Free: 30580K (64%)
ptolemy.util.test.WatchDog.cancel(): canceling Fri Jan 03 00:37:32 UTC 2020
auto.tcl: Setting watchdog for 200 seconds at Fri Jan 03 00:37:32 UTC 2020
2 ms. Memory: 48128K Free: 30082K (63%)
ptolemy.util.test.WatchDog.cancel(): canceling Fri Jan 03 00:37:32 UTC 2020
------------------ testing $PTII/ptolemy/domains/de/test/auto/ResettableTimer5.xml
auto.tcl: Setting watchdog for 200 seconds at Fri Jan 03 00:37:32 UTC 2020
2 ms. Memory: 48128K Free: 30024K (62%)
ptolemy.util.test.WatchDog.cancel(): canceling Fri Jan 03 00:37:32 UTC 2020
auto.tcl: Setting watchdog for 200 seconds at Fri Jan 03 00:37:32 UTC 2020
1 ms. Memory: 48128K Free: 29568K (61%)
ptolemy.util.test.WatchDog.cancel(): canceling Fri Jan 03 00:37:32 UTC 2020
------------------ testing $PTII/ptolemy/domains/de/test/auto/ResettableTimer6.xml
auto.tcl: Setting watchdog for 200 seconds at Fri Jan 03 00:37:32 UTC 2020
1 ms. Memory: 48128K Free: 30001K (62%)
ptolemy.util.test.WatchDog.cancel(): canceling Fri Jan 03 00:37:32 UTC 2020
auto.tcl: Setting watchdog for 200 seconds at Fri Jan 03 00:37:32 UTC 2020
1 ms. Memory: 48128K Free: 29505K (61%)
ptolemy.util.test.WatchDog.cancel(): canceling Fri Jan 03 00:37:32 UTC 2020
------------------ testing $PTII/ptolemy/domains/de/test/auto/ServerZeroDelay.xml
auto.tcl: Setting watchdog for 200 seconds at Fri Jan 03 00:37:32 UTC 2020
3 ms. Memory: 48128K Free: 30520K (63%)
ptolemy.util.test.WatchDog.cancel(): canceling Fri Jan 03 00:37:32 UTC 2020
auto.tcl: Setting watchdog for 200 seconds at Fri Jan 03 00:37:32 UTC 2020
2 ms. Memory: 48128K Free: 29592K (61%)
ptolemy.util.test.WatchDog.cancel(): canceling Fri Jan 03 00:37:32 UTC 2020
------------------ testing $PTII/ptolemy/domains/de/test/auto/SmartSender.xml
auto.tcl: Setting watchdog for 200 seconds at Fri Jan 03 00:37:32 UTC 2020
3002 ms. Memory: 48128K Free: 30547K (63%)
ptolemy.util.test.WatchDog.cancel(): canceling Fri Jan 03 00:37:35 UTC 2020
auto.tcl: Setting watchdog for 200 seconds at Fri Jan 03 00:37:35 UTC 2020
3001 ms. Memory: 48128K Free: 30042K (62%)
ptolemy.util.test.WatchDog.cancel(): canceling Fri Jan 03 00:37:38 UTC 2020
------------------ testing $PTII/ptolemy/domains/de/test/auto/ThreadedComposite.xml
auto.tcl: Setting watchdog for 200 seconds at Fri Jan 03 00:37:39 UTC 2020
206 ms. Memory: 48128K Free: 11583K (24%)
ptolemy.util.test.WatchDog.cancel(): canceling Fri Jan 03 00:37:39 UTC 2020
auto.tcl: Setting watchdog for 200 seconds at Fri Jan 03 00:37:39 UTC 2020
111 ms. Memory: 48128K Free: 25004K (52%)
ptolemy.util.test.WatchDog.cancel(): canceling Fri Jan 03 00:37:39 UTC 2020
------------------ testing $PTII/ptolemy/domains/de/test/auto/Time.xml
auto.tcl: Setting watchdog for 200 seconds at Fri Jan 03 00:37:39 UTC 2020
458 ms. Memory: 65536K Free: 47490K (72%)
ptolemy.util.test.WatchDog.cancel(): canceling Fri Jan 03 00:37:39 UTC 2020
auto.tcl: Setting watchdog for 200 seconds at Fri Jan 03 00:37:39 UTC 2020
529 ms. Memory: 65536K Free: 29132K (44%)
ptolemy.util.test.WatchDog.cancel(): canceling Fri Jan 03 00:37:40 UTC 2020
------------------ testing $PTII/ptolemy/domains/de/test/auto/TimeDelayZeroDelay.xml
auto.tcl: Setting watchdog for 200 seconds at Fri Jan 03 00:37:40 UTC 2020
2 ms. Memory: 48128K Free: 30445K (63%)
ptolemy.util.test.WatchDog.cancel(): canceling Fri Jan 03 00:37:40 UTC 2020
auto.tcl: Setting watchdog for 200 seconds at Fri Jan 03 00:37:40 UTC 2020
1 ms. Memory: 48128K Free: 29577K (61%)
ptolemy.util.test.WatchDog.cancel(): canceling Fri Jan 03 00:37:40 UTC 2020
------------------ testing $PTII/ptolemy/domains/de/test/auto/TimerZeroDelay.xml
auto.tcl: Setting watchdog for 200 seconds at Fri Jan 03 00:37:40 UTC 2020
2 ms. Memory: 48128K Free: 30695K (64%)
ptolemy.util.test.WatchDog.cancel(): canceling Fri Jan 03 00:37:40 UTC 2020
auto.tcl: Setting watchdog for 200 seconds at Fri Jan 03 00:37:40 UTC 2020
2 ms. Memory: 48128K Free: 30046K (62%)
ptolemy.util.test.WatchDog.cancel(): canceling Fri Jan 03 00:37:40 UTC 2020
------------------ testing $PTII/ptolemy/domains/de/test/auto/TimingParadox.xml
auto.tcl: Setting watchdog for 200 seconds at Fri Jan 03 00:37:40 UTC 2020
325 ms. Memory: 48128K Free: 14122K (29%)
ptolemy.util.test.WatchDog.cancel(): canceling Fri Jan 03 00:37:41 UTC 2020
auto.tcl: Setting watchdog for 200 seconds at Fri Jan 03 00:37:41 UTC 2020
255 ms. Memory: 48128K Free: 26321K (55%)
ptolemy.util.test.WatchDog.cancel(): canceling Fri Jan 03 00:37:41 UTC 2020
------------------ testing $PTII/ptolemy/domains/de/test/auto/TransferInputs.xml
auto.tcl: Setting watchdog for 200 seconds at Fri Jan 03 00:37:41 UTC 2020
1 ms. Memory: 48128K Free: 28970K (60%)
ptolemy.util.test.WatchDog.cancel(): canceling Fri Jan 03 00:37:41 UTC 2020
auto.tcl: Setting watchdog for 200 seconds at Fri Jan 03 00:37:41 UTC 2020
2 ms. Memory: 48128K Free: 28102K (58%)
ptolemy.util.test.WatchDog.cancel(): canceling Fri Jan 03 00:37:41 UTC 2020
------------------ testing $PTII/ptolemy/domains/de/test/auto/TransferOutputs2.xml
auto.tcl: Setting watchdog for 200 seconds at Fri Jan 03 00:37:41 UTC 2020
3 ms. Memory: 48128K Free: 26398K (55%)
ptolemy.util.test.WatchDog.cancel(): canceling Fri Jan 03 00:37:41 UTC 2020
auto.tcl: Setting watchdog for 200 seconds at Fri Jan 03 00:37:41 UTC 2020
2 ms. Memory: 48128K Free: 25002K (52%)
ptolemy.util.test.WatchDog.cancel(): canceling Fri Jan 03 00:37:41 UTC 2020
------------------ testing $PTII/ptolemy/domains/de/test/auto/Trilateration.xml
auto.tcl: Setting watchdog for 200 seconds at Fri Jan 03 00:37:41 UTC 2020
12168 ms. Memory: 482304K Free: 231916K (48%)
ptolemy.util.test.WatchDog.cancel(): canceling Fri Jan 03 00:37:54 UTC 2020
auto.tcl: Setting watchdog for 200 seconds at Fri Jan 03 00:37:54 UTC 2020
9025 ms. Memory: 482304K Free: 448017K (93%)
ptolemy.util.test.WatchDog.cancel(): canceling Fri Jan 03 00:38:03 UTC 2020
------------------ testing $PTII/ptolemy/domains/de/test/auto/TwoSigmaDelta.xml
auto.tcl: Setting watchdog for 200 seconds at Fri Jan 03 00:38:03 UTC 2020
2222 ms. Memory: 86016K Free: 14317K (17%)
ptolemy.util.test.WatchDog.cancel(): canceling Fri Jan 03 00:38:06 UTC 2020
auto.tcl: Setting watchdog for 200 seconds at Fri Jan 03 00:38:06 UTC 2020
1570 ms. Memory: 86016K Free: 51161K (59%)
ptolemy.util.test.WatchDog.cancel(): canceling Fri Jan 03 00:38:07 UTC 2020
------------------ testing $PTII/ptolemy/domains/de/test/auto/VariableDelay.xml
auto.tcl: Setting watchdog for 200 seconds at Fri Jan 03 00:38:07 UTC 2020
2 ms. Memory: 51200K Free: 32517K (64%)
ptolemy.util.test.WatchDog.cancel(): canceling Fri Jan 03 00:38:07 UTC 2020
auto.tcl: Setting watchdog for 200 seconds at Fri Jan 03 00:38:07 UTC 2020
2 ms. Memory: 51200K Free: 31501K (62%)
ptolemy.util.test.WatchDog.cancel(): canceling Fri Jan 03 00:38:07 UTC 2020
------------------ testing $PTII/ptolemy/domains/de/test/auto/VariableDelay2.xml
auto.tcl: Setting watchdog for 200 seconds at Fri Jan 03 00:38:07 UTC 2020
2 ms. Memory: 48128K Free: 29369K (61%)
ptolemy.util.test.WatchDog.cancel(): canceling Fri Jan 03 00:38:07 UTC 2020
auto.tcl: Setting watchdog for 200 seconds at Fri Jan 03 00:38:07 UTC 2020
2 ms. Memory: 48128K Free: 28873K (60%)
ptolemy.util.test.WatchDog.cancel(): canceling Fri Jan 03 00:38:07 UTC 2020
------------------ testing $PTII/ptolemy/domains/de/test/auto/VariableDelayZeroDelay.xml
auto.tcl: Setting watchdog for 200 seconds at Fri Jan 03 00:38:07 UTC 2020
2 ms. Memory: 48128K Free: 29894K (62%)
ptolemy.util.test.WatchDog.cancel(): canceling Fri Jan 03 00:38:07 UTC 2020
auto.tcl: Setting watchdog for 200 seconds at Fri Jan 03 00:38:07 UTC 2020
2 ms. Memory: 48128K Free: 28947K (60%)
ptolemy.util.test.WatchDog.cancel(): canceling Fri Jan 03 00:38:07 UTC 2020
------------------ testing $PTII/ptolemy/domains/de/test/auto/VariableDelayZeroDelay2.xml
auto.tcl: Setting watchdog for 200 seconds at Fri Jan 03 00:38:07 UTC 2020
2 ms. Memory: 48128K Free: 29893K (62%)
ptolemy.util.test.WatchDog.cancel(): canceling Fri Jan 03 00:38:07 UTC 2020
auto.tcl: Setting watchdog for 200 seconds at Fri Jan 03 00:38:07 UTC 2020
2 ms. Memory: 48128K Free: 28933K (60%)
ptolemy.util.test.WatchDog.cancel(): canceling Fri Jan 03 00:38:07 UTC 2020
------------------ testing $PTII/ptolemy/domains/de/test/auto/deInCt.xml
auto.tcl: Setting watchdog for 200 seconds at Fri Jan 03 00:38:07 UTC 2020
0
1
1
1
1
0
0
0
1
1
1
1
0
0
0
1
1
1
1
0
0
0
0
1
1
1
0
0
0
0
0
13 ms. Memory: 48128K Free: 28867K (60%)
ptolemy.util.test.WatchDog.cancel(): canceling Fri Jan 03 00:38:08 UTC 2020
auto.tcl: Setting watchdog for 200 seconds at Fri Jan 03 00:38:08 UTC 2020
0
1
1
1
0
0
0
1
1
1
1
0
0
0
0
1
1
1
0
0
0
1
1
1
0
0
0
0
0
1
1
1
0
0
0
0
6 ms. Memory: 48128K Free: 27349K (57%)
ptolemy.util.test.WatchDog.cancel(): canceling Fri Jan 03 00:38:08 UTC 2020
------------------ testing $PTII/ptolemy/domains/de/test/auto/deInCt2.xml
auto.tcl: Setting watchdog for 200 seconds at Fri Jan 03 00:38:08 UTC 2020
0
1
1
1
0
0
1
1
1
0
0
1
1
1
0
0
1
1
1
0
0
1
1
1
0
0
1
1
1
0
0
1
1
1
0
0
1
1
1
0
0
0
7 ms. Memory: 48128K Free: 28868K (60%)
ptolemy.util.test.WatchDog.cancel(): canceling Fri Jan 03 00:38:08 UTC 2020
auto.tcl: Setting watchdog for 200 seconds at Fri Jan 03 00:38:08 UTC 2020
0
1
1
1
0
0
1
1
1
0
0
1
1
1
0
0
1
1
1
0
0
1
1
1
0
0
1
1
1
0
0
1
1
1
0
0
1
1
1
0
0
0
4 ms. Memory: 48128K Free: 27380K (57%)
ptolemy.util.test.WatchDog.cancel(): canceling Fri Jan 03 00:38:08 UTC 2020
------------------ testing $PTII/ptolemy/domains/de/test/auto/dynamicCausalityInterface1.xml
auto.tcl: Setting watchdog for 200 seconds at Fri Jan 03 00:38:08 UTC 2020
2 ms. Memory: 48128K Free: 24766K (51%)
ptolemy.util.test.WatchDog.cancel(): canceling Fri Jan 03 00:38:08 UTC 2020
auto.tcl: Setting watchdog for 200 seconds at Fri Jan 03 00:38:08 UTC 2020
1 ms. Memory: 48128K Free: 23805K (49%)
ptolemy.util.test.WatchDog.cancel(): canceling Fri Jan 03 00:38:08 UTC 2020
------------------ testing $PTII/ptolemy/domains/de/test/auto/fsm_de_test.xml
auto.tcl: Setting watchdog for 200 seconds at Fri Jan 03 00:38:08 UTC 2020
9 ms. Memory: 48128K Free: 24664K (51%)
ptolemy.util.test.WatchDog.cancel(): canceling Fri Jan 03 00:38:08 UTC 2020
auto.tcl: Setting watchdog for 200 seconds at Fri Jan 03 00:38:08 UTC 2020
5 ms. Memory: 48128K Free: 22616K (47%)
ptolemy.util.test.WatchDog.cancel(): canceling Fri Jan 03 00:38:08 UTC 2020
------------------ testing $PTII/ptolemy/domains/de/test/auto/functionDependencyReconstruction.xml
auto.tcl: Setting watchdog for 200 seconds at Fri Jan 03 00:38:08 UTC 2020
2 ms. Memory: 48128K Free: 18510K (38%)
ptolemy.util.test.WatchDog.cancel(): canceling Fri Jan 03 00:38:08 UTC 2020
auto.tcl: Setting watchdog for 200 seconds at Fri Jan 03 00:38:08 UTC 2020
2 ms. Memory: 48128K Free: 16531K (34%)
ptolemy.util.test.WatchDog.cancel(): canceling Fri Jan 03 00:38:08 UTC 2020
------------------ testing $PTII/ptolemy/domains/de/test/auto/multirate.xml
auto.tcl: Setting watchdog for 200 seconds at Fri Jan 03 00:38:08 UTC 2020
4 ms. Memory: 48128K Free: 26745K (56%)
ptolemy.util.test.WatchDog.cancel(): canceling Fri Jan 03 00:38:08 UTC 2020
auto.tcl: Setting watchdog for 200 seconds at Fri Jan 03 00:38:08 UTC 2020
2 ms. Memory: 48128K Free: 25642K (53%)
ptolemy.util.test.WatchDog.cancel(): canceling Fri Jan 03 00:38:08 UTC 2020
------------------ testing $PTII/ptolemy/domains/de/test/auto/multirate2.xml
auto.tcl: Setting watchdog for 200 seconds at Fri Jan 03 00:38:08 UTC 2020
3 ms. Memory: 48128K Free: 27262K (57%)
ptolemy.util.test.WatchDog.cancel(): canceling Fri Jan 03 00:38:08 UTC 2020
auto.tcl: Setting watchdog for 200 seconds at Fri Jan 03 00:38:08 UTC 2020
3 ms. Memory: 48128K Free: 25808K (54%)
ptolemy.util.test.WatchDog.cancel(): canceling Fri Jan 03 00:38:08 UTC 2020
------------------ testing $PTII/ptolemy/domains/de/test/auto/realtime.xml
auto.tcl: Setting watchdog for 200 seconds at Fri Jan 03 00:38:08 UTC 2020
10002 ms. Memory: 48128K Free: 29554K (61%)
ptolemy.util.test.WatchDog.cancel(): canceling Fri Jan 03 00:38:18 UTC 2020
auto.tcl: Setting watchdog for 200 seconds at Fri Jan 03 00:38:18 UTC 2020
10001 ms. Memory: 48128K Free: 28812K (60%)
ptolemy.util.test.WatchDog.cancel(): canceling Fri Jan 03 00:38:28 UTC 2020
------------------ testing $PTII/ptolemy/domains/de/test/auto/relationGroup.xml
auto.tcl: Setting watchdog for 200 seconds at Fri Jan 03 00:38:28 UTC 2020
2 ms. Memory: 48128K Free: 30571K (64%)
ptolemy.util.test.WatchDog.cancel(): canceling Fri Jan 03 00:38:28 UTC 2020
auto.tcl: Setting watchdog for 200 seconds at Fri Jan 03 00:38:28 UTC 2020
2 ms. Memory: 48128K Free: 29862K (62%)
ptolemy.util.test.WatchDog.cancel(): canceling Fri Jan 03 00:38:28 UTC 2020
------------------ testing $PTII/ptolemy/domains/de/test/auto/relationGroup2.xml
auto.tcl: Setting watchdog for 200 seconds at Fri Jan 03 00:38:28 UTC 2020
2 ms. Memory: 48128K Free: 30398K (63%)
ptolemy.util.test.WatchDog.cancel(): canceling Fri Jan 03 00:38:28 UTC 2020
auto.tcl: Setting watchdog for 200 seconds at Fri Jan 03 00:38:28 UTC 2020
1 ms. Memory: 48128K Free: 29439K (61%)
ptolemy.util.test.WatchDog.cancel(): canceling Fri Jan 03 00:38:28 UTC 2020
------------------ testing $PTII/ptolemy/domains/de/test/auto/sortWithOpaquePorts.xml
auto.tcl: Setting watchdog for 200 seconds at Fri Jan 03 00:38:28 UTC 2020
2 ms. Memory: 48128K Free: 29390K (61%)
ptolemy.util.test.WatchDog.cancel(): canceling Fri Jan 03 00:38:28 UTC 2020
auto.tcl: Setting watchdog for 200 seconds at Fri Jan 03 00:38:28 UTC 2020
2 ms. Memory: 48128K Free: 28408K (59%)
ptolemy.util.test.WatchDog.cancel(): canceling Fri Jan 03 00:38:28 UTC 2020
------------------ testing $PTII/ptolemy/domains/de/test/auto/transferInputsandOutputs.xml
auto.tcl: Setting watchdog for 200 seconds at Fri Jan 03 00:38:28 UTC 2020
5 ms. Memory: 48128K Free: 26834K (56%)
ptolemy.util.test.WatchDog.cancel(): canceling Fri Jan 03 00:38:28 UTC 2020
auto.tcl: Setting watchdog for 200 seconds at Fri Jan 03 00:38:28 UTC 2020
2 ms. Memory: 48128K Free: 25860K (54%)
ptolemy.util.test.WatchDog.cancel(): canceling Fri Jan 03 00:38:28 UTC 2020
------------------ testing $PTII/ptolemy/domains/de/test/auto/triggerType.xml
auto.tcl: Setting watchdog for 200 seconds at Fri Jan 03 00:38:28 UTC 2020
1 ms. Memory: 48128K Free: 29859K (62%)
ptolemy.util.test.WatchDog.cancel(): canceling Fri Jan 03 00:38:28 UTC 2020
auto.tcl: Setting watchdog for 200 seconds at Fri Jan 03 00:38:28 UTC 2020
1 ms. Memory: 48128K Free: 28857K (60%)
ptolemy.util.test.WatchDog.cancel(): canceling Fri Jan 03 00:38:28 UTC 2020
01/03/20 12:38:28
Failed: 0  Total Tests: 192  ((Passed: 187, Newly Passed: 1)  Known Failed: 5) /home/travis/build/icyphy/ptII/ptolemy/domains/de/test
01/03/20 12:38:28
Failed: 0  Total Tests: 192  ((Passed: 187, Newly Passed: 1)  Known Failed: 5) /home/travis/build/icyphy/ptII/ptolemy/domains/de/test
----------------- testing (KnownFailure) /home/travis/build/icyphy/ptII/ptolemy/domains/de/test/auto/knownFailedTests/DESDFClockTest.xml
2010 ms. Memory: 48128K Free: 22744K (47%)
Known Failure: java.lang.reflect.InvocationTargetException
----------------- testing (KnownFailure) /home/travis/build/icyphy/ptII/ptolemy/domains/de/test/auto/knownFailedTests/DirectFeedback.xml
1 ms. Memory: 48128K Free: 19158K (40%)
Known Failure: java.lang.reflect.InvocationTargetException
----------------- testing (KnownFailure) /home/travis/build/icyphy/ptII/ptolemy/domains/de/test/auto/knownFailedTests/FSMSource.xml
6 ms. Memory: 48128K Free: 10952K (23%)
----------------- testing (KnownFailure) /home/travis/build/icyphy/ptII/ptolemy/domains/de/test/auto/knownFailedTests/HierarchicalModel.xml
2 ms. Memory: 48128K Free: 21953K (46%)
Known Failure: java.lang.reflect.InvocationTargetException
----------------- testing (KnownFailure) /home/travis/build/icyphy/ptII/ptolemy/domains/de/test/auto/knownFailedTests/dependencyLoop.xml
8 ms. Memory: 48128K Free: 33383K (69%)
Known Failure: java.lang.reflect.InvocationTargetException
----------------- testing (KnownFailure) /home/travis/build/icyphy/ptII/ptolemy/domains/de/test/auto/knownFailedTests/dependencyLoop2.xml
6 ms. Memory: 48128K Free: 18175K (38%)
Known Failure: java.lang.reflect.InvocationTargetException
No auto/linux-amd64/*.xml tests in /home/travis/build/icyphy/ptII/ptolemy/domains/de/test
AutoTests.java: About to close Vertx.
AutoTests.java: Vertx closed.

===========================================================================================
----------------- testing Fri Jan 03 00:38:31 UTC 2020 /home/travis/build/icyphy/ptII/ptolemy/domains/de/test/auto/ActorDepthCalculation_actorWithoutPorts.xml
----------------- Instantiating /home/travis/build/icyphy/ptII/ptolemy/domains/de/test/auto/ActorDepthCalculation_actorWithoutPorts.xml
1 ms. Memory: 48128K Free: 12087K (25%)
----------------- Invoking toplevel() on ptolemy.moml.MoMLSimpleApplication@544a3acd
----------------- Done invoking toplevel() on ptolemy.moml.MoMLSimpleApplication@544a3acd
reloadAllAccessors: .ActorDepthCalculation_actorWithoutPorts

===========================================================================================
----------------- testing Fri Jan 03 00:38:31 UTC 2020 /home/travis/build/icyphy/ptII/ptolemy/domains/de/test/auto/AssemblyLine.xml
----------------- Instantiating /home/travis/build/icyphy/ptII/ptolemy/domains/de/test/auto/AssemblyLine.xml
3 ms. Memory: 48128K Free: 31545K (66%)
----------------- Invoking toplevel() on ptolemy.moml.MoMLSimpleApplication@7d85221c
----------------- Done invoking toplevel() on ptolemy.moml.MoMLSimpleApplication@7d85221c
reloadAllAccessors: .AssemblyLine

===========================================================================================
----------------- testing Fri Jan 03 00:38:31 UTC 2020 /home/travis/build/icyphy/ptII/ptolemy/domains/de/test/auto/CQBug1.xml
----------------- Instantiating /home/travis/build/icyphy/ptII/ptolemy/domains/de/test/auto/CQBug1.xml
0 ms. Memory: 48128K Free: 28554K (59%)
----------------- Invoking toplevel() on ptolemy.moml.MoMLSimpleApplication@628df689
----------------- Done invoking toplevel() on ptolemy.moml.MoMLSimpleApplication@628df689
reloadAllAccessors: .CQBug1

===========================================================================================
----------------- testing Fri Jan 03 00:38:31 UTC 2020 /home/travis/build/icyphy/ptII/ptolemy/domains/de/test/auto/CancelFireAt.xml
----------------- Instantiating /home/travis/build/icyphy/ptII/ptolemy/domains/de/test/auto/CancelFireAt.xml
7 ms. Memory: 48128K Free: 26224K (54%)
----------------- Invoking toplevel() on ptolemy.moml.MoMLSimpleApplication@69c2cb09
----------------- Done invoking toplevel() on ptolemy.moml.MoMLSimpleApplication@69c2cb09
reloadAllAccessors: .CancelFireAt

===========================================================================================
----------------- testing Fri Jan 03 00:38:31 UTC 2020 /home/travis/build/icyphy/ptII/ptolemy/domains/de/test/auto/CausalityAndComposabilityAnalysis.xml
----------------- Instantiating /home/travis/build/icyphy/ptII/ptolemy/domains/de/test/auto/CausalityAndComposabilityAnalysis.xml
1 ms. Memory: 48128K Free: 21950K (46%)
----------------- Invoking toplevel() on ptolemy.moml.MoMLSimpleApplication@5fd02566
----------------- Done invoking toplevel() on ptolemy.moml.MoMLSimpleApplication@5fd02566
reloadAllAccessors: .CausalityAndComposabilityAnalysis

===========================================================================================
----------------- testing Fri Jan 03 00:38:31 UTC 2020 /home/travis/build/icyphy/ptII/ptolemy/domains/de/test/auto/CausalityInterface1.xml
----------------- Instantiating /home/travis/build/icyphy/ptII/ptolemy/domains/de/test/auto/CausalityInterface1.xml
5 ms. Memory: 48128K Free: 17209K (36%)
----------------- Invoking toplevel() on ptolemy.moml.MoMLSimpleApplication@2bd6ec94
----------------- Done invoking toplevel() on ptolemy.moml.MoMLSimpleApplication@2bd6ec94
reloadAllAccessors: .CausalityInterface1

===========================================================================================
----------------- testing Fri Jan 03 00:38:31 UTC 2020 /home/travis/build/icyphy/ptII/ptolemy/domains/de/test/auto/CausalityInterface15.xml
----------------- Instantiating /home/travis/build/icyphy/ptII/ptolemy/domains/de/test/auto/CausalityInterface15.xml
2 ms. Memory: 48128K Free: 12089K (25%)
----------------- Invoking toplevel() on ptolemy.moml.MoMLSimpleApplication@5c7dc4c9
----------------- Done invoking toplevel() on ptolemy.moml.MoMLSimpleApplication@5c7dc4c9
reloadAllAccessors: .CausalityInterface15

===========================================================================================
----------------- testing Fri Jan 03 00:38:31 UTC 2020 /home/travis/build/icyphy/ptII/ptolemy/domains/de/test/auto/CausalityInterface2.xml
----------------- Instantiating /home/travis/build/icyphy/ptII/ptolemy/domains/de/test/auto/CausalityInterface2.xml
1 ms. Memory: 48128K Free: 7614K (16%)
[...]
	at ptolemy.actor.Manager.run(Manager.java:1263)
	at ptolemy.actor.Manager$PtolemyRunThread.run(Manager.java:1933)
java.lang.RuntimeException: Execution failed
	at ptolemy.moml.MoMLSimpleApplication$UnloadThread.run(MoMLSimpleApplication.java:402)
Caused by: ptolemy.kernel.util.IllegalActionException: Actor is not ready to fire.  Perhaps UpSample.prefire() returned false? Try debugging the actor by selecting "Listen to Actor".  Also, for SDF check moml for tokenConsumptionRate on input.
  in .DESDFClockTest.Play Bell.Copy1:SDF Director and .DESDFClockTest.Play Bell.UpSample
	at ptolemy.actor.sched.StaticSchedulingDirector.fire(StaticSchedulingDirector.java:227)
	at ptolemy.domains.sdf.kernel.SDFDirector.fire(SDFDirector.java:500)
	at ptolemy.actor.CompositeActor.fire(CompositeActor.java:455)
	at ptolemy.domains.de.kernel.DEDirector._fire(DEDirector.java:1949)
	at ptolemy.domains.de.kernel.DEDirector.fire(DEDirector.java:502)
	at ptolemy.actor.CompositeActor.fire(CompositeActor.java:455)
	at ptolemy.actor.Manager.iterate(Manager.java:851)
	at ptolemy.actor.Manager.execute(Manager.java:369)
	at ptolemy.actor.Manager.run(Manager.java:1263)
	at ptolemy.actor.Manager$PtolemyRunThread.run(Manager.java:1933)
java.lang.reflect.InvocationTargetException
	at java.base/jdk.internal.reflect.NativeConstructorAccessorImpl.newInstance0(Native Method)
	at java.base/jdk.internal.reflect.NativeConstructorAccessorImpl.newInstance(NativeConstructorAccessorImpl.java:62)
	at java.base/jdk.internal.reflect.DelegatingConstructorAccessorImpl.newInstance(DelegatingConstructorAccessorImpl.java:45)
	at java.base/java.lang.reflect.Constructor.newInstance(Constructor.java:490)
	at ptolemy.util.test.junit.AutoKnownFailedTests.RunModel(AutoKnownFailedTests.java:105)
	at java.base/jdk.internal.reflect.NativeMethodAccessorImpl.invoke0(Native Method)
	at java.base/jdk.internal.reflect.NativeMethodAccessorImpl.invoke(NativeMethodAccessorImpl.java:62)
	at java.base/jdk.internal.reflect.DelegatingMethodAccessorImpl.invoke(DelegatingMethodAccessorImpl.java:43)
	at java.base/java.lang.reflect.Method.invoke(Method.java:566)
	at org.junit.runners.model.FrameworkMethod$1.runReflectiveCall(FrameworkMethod.java:44)
	at org.junit.internal.runners.model.ReflectiveCallable.run(ReflectiveCallable.java:15)
	at org.junit.runners.model.FrameworkMethod.invokeExplosively(FrameworkMethod.java:41)
	at junitparams.internal.InvokeParameterisedMethod.evaluate(InvokeParameterisedMethod.java:102)
	at org.junit.internal.runners.statements.FailOnTimeout$1.run(FailOnTimeout.java:28)
Caused by: ptolemy.kernel.util.IllegalActionException: Actor is not ready to fire.  Perhaps UpSample.prefire() returned false? Try debugging the actor by selecting "Listen to Actor".  Also, for SDF check moml for tokenConsumptionRate on input.
  in .DESDFClockTest.Play Bell.Copy1:SDF Director and .DESDFClockTest.Play Bell.UpSample
	at ptolemy.actor.sched.StaticSchedulingDirector.fire(StaticSchedulingDirector.java:227)
	at ptolemy.domains.sdf.kernel.SDFDirector.fire(SDFDirector.java:500)
	at ptolemy.actor.CompositeActor.fire(CompositeActor.java:455)
	at ptolemy.domains.de.kernel.DEDirector._fire(DEDirector.java:1949)
	at ptolemy.domains.de.kernel.DEDirector.fire(DEDirector.java:502)
	at ptolemy.actor.CompositeActor.fire(CompositeActor.java:455)
	at ptolemy.actor.Manager.iterate(Manager.java:851)
	at ptolemy.actor.Manager.execute(Manager.java:369)
	at ptolemy.actor.Manager.run(Manager.java:1263)
	at ptolemy.actor.Manager$PtolemyRunThread.run(Manager.java:1933)
java.lang.RuntimeException: Execution failed
	at ptolemy.moml.MoMLSimpleApplication$UnloadThread.run(MoMLSimpleApplication.java:402)
Caused by: ptolemy.kernel.util.IllegalActionException: Test fails in iteration 1.
Value was: 1.0. Should have been: 2.0
  in .DirectFeedback.Test
	at ptolemy.actor.lib.Test.fire(Test.java:268)
	at ptolemy.domains.de.kernel.DEDirector._fire(DEDirector.java:1949)
	at ptolemy.domains.de.kernel.DEDirector.fire(DEDirector.java:502)
	at ptolemy.actor.CompositeActor.fire(CompositeActor.java:455)
	at ptolemy.actor.Manager.iterate(Manager.java:851)
	at ptolemy.actor.Manager.execute(Manager.java:369)
	at ptolemy.actor.Manager.run(Manager.java:1263)
	at ptolemy.actor.Manager$PtolemyRunThread.run(Manager.java:1933)
java.lang.reflect.InvocationTargetException
	at java.base/jdk.internal.reflect.NativeConstructorAccessorImpl.newInstance0(Native Method)
	at java.base/jdk.internal.reflect.NativeConstructorAccessorImpl.newInstance(NativeConstructorAccessorImpl.java:62)
	at java.base/jdk.internal.reflect.DelegatingConstructorAccessorImpl.newInstance(DelegatingConstructorAccessorImpl.java:45)
	at java.base/java.lang.reflect.Constructor.newInstance(Constructor.java:490)
	at ptolemy.util.test.junit.AutoKnownFailedTests.RunModel(AutoKnownFailedTests.java:105)
	at java.base/jdk.internal.reflect.NativeMethodAccessorImpl.invoke0(Native Method)
	at java.base/jdk.internal.reflect.NativeMethodAccessorImpl.invoke(NativeMethodAccessorImpl.java:62)
	at java.base/jdk.internal.reflect.DelegatingMethodAccessorImpl.invoke(DelegatingMethodAccessorImpl.java:43)
	at java.base/java.lang.reflect.Method.invoke(Method.java:566)
	at org.junit.runners.model.FrameworkMethod$1.runReflectiveCall(FrameworkMethod.java:44)
	at org.junit.internal.runners.model.ReflectiveCallable.run(ReflectiveCallable.java:15)
	at org.junit.runners.model.FrameworkMethod.invokeExplosively(FrameworkMethod.java:41)
	at junitparams.internal.InvokeParameterisedMethod.evaluate(InvokeParameterisedMethod.java:102)
	at org.junit.internal.runners.statements.FailOnTimeout$1.run(FailOnTimeout.java:28)
Caused by: ptolemy.kernel.util.IllegalActionException: Test fails in iteration 1.
Value was: 1.0. Should have been: 2.0
  in .DirectFeedback.Test
	at ptolemy.actor.lib.Test.fire(Test.java:268)
	at ptolemy.domains.de.kernel.DEDirector._fire(DEDirector.java:1949)
	at ptolemy.domains.de.kernel.DEDirector.fire(DEDirector.java:502)
	at ptolemy.actor.CompositeActor.fire(CompositeActor.java:455)
	at ptolemy.actor.Manager.iterate(Manager.java:851)
	at ptolemy.actor.Manager.execute(Manager.java:369)
	at ptolemy.actor.Manager.run(Manager.java:1263)
	at ptolemy.actor.Manager$PtolemyRunThread.run(Manager.java:1933)
java.lang.RuntimeException: Execution failed
	at ptolemy.moml.MoMLSimpleApplication$UnloadThread.run(MoMLSimpleApplication.java:402)
Caused by: ptolemy.kernel.util.IllegalActionException: Found a zero delay loop containing .HierarchicalModel.A
  in .HierarchicalModel and .HierarchicalModel.A
	at ptolemy.actor.util.CausalityInterfaceForComposites._computeOutputPortDepth(CausalityInterfaceForComposites.java:759)
	at ptolemy.actor.util.CausalityInterfaceForComposites._computeInputDepth(CausalityInterfaceForComposites.java:696)
	at ptolemy.actor.util.CausalityInterfaceForComposites._computeOutputPortDepth(CausalityInterfaceForComposites.java:765)
	at ptolemy.actor.util.CausalityInterfaceForComposites._computeInputDepth(CausalityInterfaceForComposites.java:696)
	at ptolemy.actor.util.CausalityInterfaceForComposites._computeOutputPortDepth(CausalityInterfaceForComposites.java:765)
	at ptolemy.actor.util.CausalityInterfaceForComposites._computeInputDepth(CausalityInterfaceForComposites.java:696)
	at ptolemy.actor.util.CausalityInterfaceForComposites._computeActorDepth(CausalityInterfaceForComposites.java:532)
	at ptolemy.actor.util.CausalityInterfaceForComposites.checkForCycles(CausalityInterfaceForComposites.java:96)
	at ptolemy.domains.de.kernel.DEDirector.preinitialize(DEDirector.java:1338)
	at ptolemy.actor.CompositeActor.preinitialize(CompositeActor.java:1828)
	at ptolemy.actor.Manager.preinitializeAndResolveTypes(Manager.java:1040)
	at ptolemy.actor.Manager.initialize(Manager.java:710)
	at ptolemy.actor.Manager.execute(Manager.java:356)
	at ptolemy.actor.Manager.run(Manager.java:1263)
	at ptolemy.actor.Manager$PtolemyRunThread.run(Manager.java:1933)
java.lang.reflect.InvocationTargetException
	at java.base/jdk.internal.reflect.NativeConstructorAccessorImpl.newInstance0(Native Method)
	at java.base/jdk.internal.reflect.NativeConstructorAccessorImpl.newInstance(NativeConstructorAccessorImpl.java:62)
	at java.base/jdk.internal.reflect.DelegatingConstructorAccessorImpl.newInstance(DelegatingConstructorAccessorImpl.java:45)
	at java.base/java.lang.reflect.Constructor.newInstance(Constructor.java:490)
	at ptolemy.util.test.junit.AutoKnownFailedTests.RunModel(AutoKnownFailedTests.java:105)
	at java.base/jdk.internal.reflect.NativeMethodAccessorImpl.invoke0(Native Method)
	at java.base/jdk.internal.reflect.NativeMethodAccessorImpl.invoke(NativeMethodAccessorImpl.java:62)
	at java.base/jdk.internal.reflect.DelegatingMethodAccessorImpl.invoke(DelegatingMethodAccessorImpl.java:43)
	at java.base/java.lang.reflect.Method.invoke(Method.java:566)
	at org.junit.runners.model.FrameworkMethod$1.runReflectiveCall(FrameworkMethod.java:44)
	at org.junit.internal.runners.model.ReflectiveCallable.run(ReflectiveCallable.java:15)
	at org.junit.runners.model.FrameworkMethod.invokeExplosively(FrameworkMethod.java:41)
	at junitparams.internal.InvokeParameterisedMethod.evaluate(InvokeParameterisedMethod.java:102)
	at org.junit.internal.runners.statements.FailOnTimeout$1.run(FailOnTimeout.java:28)
Caused by: ptolemy.kernel.util.IllegalActionException: Found a zero delay loop containing .HierarchicalModel.A
  in .HierarchicalModel and .HierarchicalModel.A
	at ptolemy.actor.util.CausalityInterfaceForComposites._computeOutputPortDepth(CausalityInterfaceForComposites.java:759)
	at ptolemy.actor.util.CausalityInterfaceForComposites._computeInputDepth(CausalityInterfaceForComposites.java:696)
	at ptolemy.actor.util.CausalityInterfaceForComposites._computeOutputPortDepth(CausalityInterfaceForComposites.java:765)
	at ptolemy.actor.util.CausalityInterfaceForComposites._computeInputDepth(CausalityInterfaceForComposites.java:696)
	at ptolemy.actor.util.CausalityInterfaceForComposites._computeOutputPortDepth(CausalityInterfaceForComposites.java:765)
	at ptolemy.actor.util.CausalityInterfaceForComposites._computeInputDepth(CausalityInterfaceForComposites.java:696)
	at ptolemy.actor.util.CausalityInterfaceForComposites._computeActorDepth(CausalityInterfaceForComposites.java:532)
	at ptolemy.actor.util.CausalityInterfaceForComposites.checkForCycles(CausalityInterfaceForComposites.java:96)
	at ptolemy.domains.de.kernel.DEDirector.preinitialize(DEDirector.java:1338)
	at ptolemy.actor.CompositeActor.preinitialize(CompositeActor.java:1828)
	at ptolemy.actor.Manager.preinitializeAndResolveTypes(Manager.java:1040)
	at ptolemy.actor.Manager.initialize(Manager.java:710)
	at ptolemy.actor.Manager.execute(Manager.java:356)
	at ptolemy.actor.Manager.run(Manager.java:1263)
	at ptolemy.actor.Manager$PtolemyRunThread.run(Manager.java:1933)
java.lang.RuntimeException: Execution failed
	at ptolemy.moml.MoMLSimpleApplication$UnloadThread.run(MoMLSimpleApplication.java:402)
Caused by: ptolemy.kernel.util.IllegalActionException: Found a zero delay loop containing .dependencyLoop.original
  in .dependencyLoop and .dependencyLoop.original
	at ptolemy.actor.util.CausalityInterfaceForComposites._computeOutputPortDepth(CausalityInterfaceForComposites.java:759)
	at ptolemy.actor.util.CausalityInterfaceForComposites._computeInputDepth(CausalityInterfaceForComposites.java:696)
	at ptolemy.actor.util.CausalityInterfaceForComposites._computeOutputPortDepth(CausalityInterfaceForComposites.java:765)
	at ptolemy.actor.util.CausalityInterfaceForComposites._computeInputDepth(CausalityInterfaceForComposites.java:696)
	at ptolemy.actor.util.CausalityInterfaceForComposites._computeOutputPortDepth(CausalityInterfaceForComposites.java:765)
	at ptolemy.actor.util.CausalityInterfaceForComposites._computeInputDepth(CausalityInterfaceForComposites.java:696)
	at ptolemy.actor.util.CausalityInterfaceForComposites._computeActorDepth(CausalityInterfaceForComposites.java:532)
	at ptolemy.actor.util.CausalityInterfaceForComposites.checkForCycles(CausalityInterfaceForComposites.java:96)
	at ptolemy.domains.de.kernel.DEDirector.preinitialize(DEDirector.java:1338)
	at ptolemy.actor.CompositeActor.preinitialize(CompositeActor.java:1828)
	at ptolemy.actor.Manager.preinitializeAndResolveTypes(Manager.java:1040)
	at ptolemy.actor.Manager.initialize(Manager.java:710)
	at ptolemy.actor.Manager.execute(Manager.java:356)
	at ptolemy.actor.Manager.run(Manager.java:1263)
	at ptolemy.actor.Manager$PtolemyRunThread.run(Manager.java:1933)
java.lang.reflect.InvocationTargetException
	at java.base/jdk.internal.reflect.NativeConstructorAccessorImpl.newInstance0(Native Method)
	at java.base/jdk.internal.reflect.NativeConstructorAccessorImpl.newInstance(NativeConstructorAccessorImpl.java:62)
	at java.base/jdk.internal.reflect.DelegatingConstructorAccessorImpl.newInstance(DelegatingConstructorAccessorImpl.java:45)
	at java.base/java.lang.reflect.Constructor.newInstance(Constructor.java:490)
	at ptolemy.util.test.junit.AutoKnownFailedTests.RunModel(AutoKnownFailedTests.java:105)
	at java.base/jdk.internal.reflect.NativeMethodAccessorImpl.invoke0(Native Method)
	at java.base/jdk.internal.reflect.NativeMethodAccessorImpl.invoke(NativeMethodAccessorImpl.java:62)
	at java.base/jdk.internal.reflect.DelegatingMethodAccessorImpl.invoke(DelegatingMethodAccessorImpl.java:43)
	at java.base/java.lang.reflect.Method.invoke(Method.java:566)
	at org.junit.runners.model.FrameworkMethod$1.runReflectiveCall(FrameworkMethod.java:44)
	at org.junit.internal.runners.model.ReflectiveCallable.run(ReflectiveCallable.java:15)
	at org.junit.runners.model.FrameworkMethod.invokeExplosively(FrameworkMethod.java:41)
	at junitparams.internal.InvokeParameterisedMethod.evaluate(InvokeParameterisedMethod.java:102)
	at org.junit.internal.runners.statements.FailOnTimeout$1.run(FailOnTimeout.java:28)
Caused by: ptolemy.kernel.util.IllegalActionException: Found a zero delay loop containing .dependencyLoop.original
  in .dependencyLoop and .dependencyLoop.original
	at ptolemy.actor.util.CausalityInterfaceForComposites._computeOutputPortDepth(CausalityInterfaceForComposites.java:759)
	at ptolemy.actor.util.CausalityInterfaceForComposites._computeInputDepth(CausalityInterfaceForComposites.java:696)
	at ptolemy.actor.util.CausalityInterfaceForComposites._computeOutputPortDepth(CausalityInterfaceForComposites.java:765)
	at ptolemy.actor.util.CausalityInterfaceForComposites._computeInputDepth(CausalityInterfaceForComposites.java:696)
	at ptolemy.actor.util.CausalityInterfaceForComposites._computeOutputPortDepth(CausalityInterfaceForComposites.java:765)
	at ptolemy.actor.util.CausalityInterfaceForComposites._computeInputDepth(CausalityInterfaceForComposites.java:696)
	at ptolemy.actor.util.CausalityInterfaceForComposites._computeActorDepth(CausalityInterfaceForComposites.java:532)
	at ptolemy.actor.util.CausalityInterfaceForComposites.checkForCycles(CausalityInterfaceForComposites.java:96)
	at ptolemy.domains.de.kernel.DEDirector.preinitialize(DEDirector.java:1338)
	at ptolemy.actor.CompositeActor.preinitialize(CompositeActor.java:1828)
	at ptolemy.actor.Manager.preinitializeAndResolveTypes(Manager.java:1040)
	at ptolemy.actor.Manager.initialize(Manager.java:710)
	at ptolemy.actor.Manager.execute(Manager.java:356)
	at ptolemy.actor.Manager.run(Manager.java:1263)
	at ptolemy.actor.Manager$PtolemyRunThread.run(Manager.java:1933)
java.lang.RuntimeException: Execution failed
	at ptolemy.moml.MoMLSimpleApplication$UnloadThread.run(MoMLSimpleApplication.java:402)
Caused by: ptolemy.kernel.util.IllegalActionException: Found a zero delay loop containing .dependencyLoop2.original
  in .dependencyLoop2 and .dependencyLoop2.original
	at ptolemy.actor.util.CausalityInterfaceForComposites._computeOutputPortDepth(CausalityInterfaceForComposites.java:759)
	at ptolemy.actor.util.CausalityInterfaceForComposites._computeInputDepth(CausalityInterfaceForComposites.java:696)
	at ptolemy.actor.util.CausalityInterfaceForComposites._computeOutputPortDepth(CausalityInterfaceForComposites.java:765)
	at ptolemy.actor.util.CausalityInterfaceForComposites._computeInputDepth(CausalityInterfaceForComposites.java:696)
	at ptolemy.actor.util.CausalityInterfaceForComposites._computeOutputPortDepth(CausalityInterfaceForComposites.java:765)
	at ptolemy.actor.util.CausalityInterfaceForComposites._computeInputDepth(CausalityInterfaceForComposites.java:696)
	at ptolemy.actor.util.CausalityInterfaceForComposites._computeActorDepth(CausalityInterfaceForComposites.java:532)
	at ptolemy.actor.util.CausalityInterfaceForComposites.checkForCycles(CausalityInterfaceForComposites.java:96)
	at ptolemy.domains.de.kernel.DEDirector.preinitialize(DEDirector.java:1338)
	at ptolemy.actor.CompositeActor.preinitialize(CompositeActor.java:1828)
	at ptolemy.actor.Manager.preinitializeAndResolveTypes(Manager.java:1040)
	at ptolemy.actor.Manager.initialize(Manager.java:710)
	at ptolemy.actor.Manager.execute(Manager.java:356)
	at ptolemy.actor.Manager.run(Manager.java:1263)
	at ptolemy.actor.Manager$PtolemyRunThread.run(Manager.java:1933)
java.lang.reflect.InvocationTargetException
	at java.base/jdk.internal.reflect.NativeConstructorAccessorImpl.newInstance0(Native Method)
	at java.base/jdk.internal.reflect.NativeConstructorAccessorImpl.newInstance(NativeConstructorAccessorImpl.java:62)
	at java.base/jdk.internal.reflect.DelegatingConstructorAccessorImpl.newInstance(DelegatingConstructorAccessorImpl.java:45)
	at java.base/java.lang.reflect.Constructor.newInstance(Constructor.java:490)
	at ptolemy.util.test.junit.AutoKnownFailedTests.RunModel(AutoKnownFailedTests.java:105)
	at java.base/jdk.internal.reflect.NativeMethodAccessorImpl.invoke0(Native Method)
	at java.base/jdk.internal.reflect.NativeMethodAccessorImpl.invoke(NativeMethodAccessorImpl.java:62)
	at java.base/jdk.internal.reflect.DelegatingMethodAccessorImpl.invoke(DelegatingMethodAccessorImpl.java:43)
	at java.base/java.lang.reflect.Method.invoke(Method.java:566)
	at org.junit.runners.model.FrameworkMethod$1.runReflectiveCall(FrameworkMethod.java:44)
	at org.junit.internal.runners.model.ReflectiveCallable.run(ReflectiveCallable.java:15)
	at org.junit.runners.model.FrameworkMethod.invokeExplosively(FrameworkMethod.java:41)
	at junitparams.internal.InvokeParameterisedMethod.evaluate(InvokeParameterisedMethod.java:102)
	at org.junit.internal.runners.statements.FailOnTimeout$1.run(FailOnTimeout.java:28)
Caused by: ptolemy.kernel.util.IllegalActionException: Found a zero delay loop containing .dependencyLoop2.original
  in .dependencyLoop2 and .dependencyLoop2.original
	at ptolemy.actor.util.CausalityInterfaceForComposites._computeOutputPortDepth(CausalityInterfaceForComposites.java:759)
	at ptolemy.actor.util.CausalityInterfaceForComposites._computeInputDepth(CausalityInterfaceForComposites.java:696)
	at ptolemy.actor.util.CausalityInterfaceForComposites._computeOutputPortDepth(CausalityInterfaceForComposites.java:765)
	at ptolemy.actor.util.CausalityInterfaceForComposites._computeInputDepth(CausalityInterfaceForComposites.java:696)
	at ptolemy.actor.util.CausalityInterfaceForComposites._computeOutputPortDepth(CausalityInterfaceForComposites.java:765)
	at ptolemy.actor.util.CausalityInterfaceForComposites._computeInputDepth(CausalityInterfaceForComposites.java:696)
	at ptolemy.actor.util.CausalityInterfaceForComposites._computeActorDepth(CausalityInterfaceForComposites.java:532)
	at ptolemy.actor.util.CausalityInterfaceForComposites.checkForCycles(CausalityInterfaceForComposites.java:96)
	at ptolemy.domains.de.kernel.DEDirector.preinitialize(DEDirector.java:1338)
	at ptolemy.actor.CompositeActor.preinitialize(CompositeActor.java:1828)
	at ptolemy.actor.Manager.preinitializeAndResolveTypes(Manager.java:1040)
	at ptolemy.actor.Manager.initialize(Manager.java:710)
	at ptolemy.actor.Manager.execute(Manager.java:356)
	at ptolemy.actor.Manager.run(Manager.java:1263)
	at ptolemy.actor.Manager$PtolemyRunThread.run(Manager.java:1933)
]]></system-err>
</testsuite>
