<?xml version="1.0" encoding="UTF-8" ?>
<testsuite errors="0" failures="0" hostname="travis-job-867aab3a-ec15-4b3b-ac61-38696e4f2763" name="ptolemy.domains.continuous.test.junit.JUnitTclTest" skipped="0" tests="156" time="74.609" timestamp="2019-02-13T03:33:48">
  <properties>
[...]
</properties>
  <testcase classname="ptolemy.util.test.junit.TclTests" name="[0] ThereAreNoTclTests (RunTclFile)" time="0.002" />
  <testcase classname="ptolemy.util.test.junit.AutoKnownFailedTests" name="[0] ThereAreNoKnowFailedTests (RunModel)" time="0.001" />
  <testcase classname="ptolemy.util.test.junit.AutoNameArchTests" name="[0] ThereAreNoAutoArchTests (RunModel)" time="0.003" />
  <testcase classname="ptolemy.util.test.junit.AutoTests" name="[0] /home/travis/build/icyphy/ptII/ptolemy/domains/continuous/test/auto/BouncingBall.xml (RunModel)" time="2.851" />
  <testcase classname="ptolemy.util.test.junit.AutoTests" name="[1] /home/travis/build/icyphy/ptII/ptolemy/domains/continuous/test/auto/BouncingBallWithoutGR.xml (RunModel)" time="0.894" />
  <testcase classname="ptolemy.util.test.junit.AutoTests" name="[2] /home/travis/build/icyphy/ptII/ptolemy/domains/continuous/test/auto/Brownian.xml (RunModel)" time="0.098" />
  <testcase classname="ptolemy.util.test.junit.AutoTests" name="[3] /home/travis/build/icyphy/ptII/ptolemy/domains/continuous/test/auto/CarTracking.xml (RunModel)" time="3.524" />
  <testcase classname="ptolemy.util.test.junit.AutoTests" name="[4] /home/travis/build/icyphy/ptII/ptolemy/domains/continuous/test/auto/CartPendulum.xml (RunModel)" time="0.558" />
  <testcase classname="ptolemy.util.test.junit.AutoTests" name="[5] /home/travis/build/icyphy/ptII/ptolemy/domains/continuous/test/auto/CausalityInterface10.xml (RunModel)" time="0.043" />
  <testcase classname="ptolemy.util.test.junit.AutoTests" name="[6] /home/travis/build/icyphy/ptII/ptolemy/domains/continuous/test/auto/CausalityInterface11.xml (RunModel)" time="0.028" />
  <testcase classname="ptolemy.util.test.junit.AutoTests" name="[7] /home/travis/build/icyphy/ptII/ptolemy/domains/continuous/test/auto/CausalityInterface12.xml (RunModel)" time="0.043" />
  <testcase classname="ptolemy.util.test.junit.AutoTests" name="[8] /home/travis/build/icyphy/ptII/ptolemy/domains/continuous/test/auto/CausalityInterface13.xml (RunModel)" time="0.03" />
  <testcase classname="ptolemy.util.test.junit.AutoTests" name="[9] /home/travis/build/icyphy/ptII/ptolemy/domains/continuous/test/auto/CausalityInterface14.xml (RunModel)" time="0.033" />
  <testcase classname="ptolemy.util.test.junit.AutoTests" name="[10] /home/travis/build/icyphy/ptII/ptolemy/domains/continuous/test/auto/CausalityInterface4.xml (RunModel)" time="0.03" />
  <testcase classname="ptolemy.util.test.junit.AutoTests" name="[11] /home/travis/build/icyphy/ptII/ptolemy/domains/continuous/test/auto/CausalityInterface5.xml (RunModel)" time="0.027" />
  <testcase classname="ptolemy.util.test.junit.AutoTests" name="[12] /home/travis/build/icyphy/ptII/ptolemy/domains/continuous/test/auto/CausalityInterface6.xml (RunModel)" time="0.022" />
  <testcase classname="ptolemy.util.test.junit.AutoTests" name="[13] /home/travis/build/icyphy/ptII/ptolemy/domains/continuous/test/auto/CausalityInterface7.xml (RunModel)" time="0.048" />
  <testcase classname="ptolemy.util.test.junit.AutoTests" name="[14] /home/travis/build/icyphy/ptII/ptolemy/domains/continuous/test/auto/CausalityInterface8.xml (RunModel)" time="0.03" />
  <testcase classname="ptolemy.util.test.junit.AutoTests" name="[15] /home/travis/build/icyphy/ptII/ptolemy/domains/continuous/test/auto/CausalityInterface9.xml (RunModel)" time="0.05" />
  <testcase classname="ptolemy.util.test.junit.AutoTests" name="[16] /home/travis/build/icyphy/ptII/ptolemy/domains/continuous/test/auto/CausalityInterfaceFeedback1.xml (RunModel)" time="0.027" />
  <testcase classname="ptolemy.util.test.junit.AutoTests" name="[17] /home/travis/build/icyphy/ptII/ptolemy/domains/continuous/test/auto/CausalityInterfaceFeedback2.xml (RunModel)" time="0.031" />
  <testcase classname="ptolemy.util.test.junit.AutoTests" name="[18] /home/travis/build/icyphy/ptII/ptolemy/domains/continuous/test/auto/CompareWithCurrentTime.xml (RunModel)" time="0.025" />
  <testcase classname="ptolemy.util.test.junit.AutoTests" name="[19] /home/travis/build/icyphy/ptII/ptolemy/domains/continuous/test/auto/ComparedClocks.xml (RunModel)" time="0.069" />
  <testcase classname="ptolemy.util.test.junit.AutoTests" name="[20] /home/travis/build/icyphy/ptII/ptolemy/domains/continuous/test/auto/ContinuousAOCClone.xml (RunModel)" time="2.548" />
  <testcase classname="ptolemy.util.test.junit.AutoTests" name="[21] /home/travis/build/icyphy/ptII/ptolemy/domains/continuous/test/auto/ContinuousClock.xml (RunModel)" time="0.072" />
  <testcase classname="ptolemy.util.test.junit.AutoTests" name="[22] /home/travis/build/icyphy/ptII/ptolemy/domains/continuous/test/auto/ContinuousInContinuous.xml (RunModel)" time="0.086" />
  <testcase classname="ptolemy.util.test.junit.AutoTests" name="[23] /home/travis/build/icyphy/ptII/ptolemy/domains/continuous/test/auto/ContinuousInContinuousInContinuous.xml (RunModel)" time="0.04" />
  <testcase classname="ptolemy.util.test.junit.AutoTests" name="[24] /home/travis/build/icyphy/ptII/ptolemy/domains/continuous/test/auto/ContinuousInDE.xml (RunModel)" time="0.14" />
  <testcase classname="ptolemy.util.test.junit.AutoTests" name="[25] /home/travis/build/icyphy/ptII/ptolemy/domains/continuous/test/auto/ContinuousInDE2.xml (RunModel)" time="0.06" />
  <testcase classname="ptolemy.util.test.junit.AutoTests" name="[26] /home/travis/build/icyphy/ptII/ptolemy/domains/continuous/test/auto/ContinuousInDE3.xml (RunModel)" time="0.059" />
  <testcase classname="ptolemy.util.test.junit.AutoTests" name="[27] /home/travis/build/icyphy/ptII/ptolemy/domains/continuous/test/auto/ContinuousInDE4.xml (RunModel)" time="0.039" />
  <testcase classname="ptolemy.util.test.junit.AutoTests" name="[28] /home/travis/build/icyphy/ptII/ptolemy/domains/continuous/test/auto/ContinuousInDEDifferentRefinements.xml (RunModel)" time="0.101" />
  <testcase classname="ptolemy.util.test.junit.AutoTests" name="[29] /home/travis/build/icyphy/ptII/ptolemy/domains/continuous/test/auto/ContinuousInDEDifferentRefinementsPreemptive.xml (RunModel)" time="0.088" />
  <testcase classname="ptolemy.util.test.junit.AutoTests" name="[30] /home/travis/build/icyphy/ptII/ptolemy/domains/continuous/test/auto/ContinuousInDEInContinuous2.xml (RunModel)" time="0.059" />
  <testcase classname="ptolemy.util.test.junit.AutoTests" name="[31] /home/travis/build/icyphy/ptII/ptolemy/domains/continuous/test/auto/ContinuousInDEInContinuous3.xml (RunModel)" time="0.058" />
  <testcase classname="ptolemy.util.test.junit.AutoTests" name="[32] /home/travis/build/icyphy/ptII/ptolemy/domains/continuous/test/auto/ContinuousInDEInput.xml (RunModel)" time="0.037" />
  <testcase classname="ptolemy.util.test.junit.AutoTests" name="[33] /home/travis/build/icyphy/ptII/ptolemy/domains/continuous/test/auto/ContinuousInDEInput2.xml (RunModel)" time="0.038" />
  <testcase classname="ptolemy.util.test.junit.AutoTests" name="[34] /home/travis/build/icyphy/ptII/ptolemy/domains/continuous/test/auto/ContinuousInDEInput3.xml (RunModel)" time="0.037" />
  <testcase classname="ptolemy.util.test.junit.AutoTests" name="[35] /home/travis/build/icyphy/ptII/ptolemy/domains/continuous/test/auto/ContinuousInDESharingRefinement.xml (RunModel)" time="0.186" />
  <testcase classname="ptolemy.util.test.junit.AutoTests" name="[36] /home/travis/build/icyphy/ptII/ptolemy/domains/continuous/test/auto/ContinuousInDEwithNoPorts.xml (RunModel)" time="0.019" />
  <testcase classname="ptolemy.util.test.junit.AutoTests" name="[37] /home/travis/build/icyphy/ptII/ptolemy/domains/continuous/test/auto/ContinuousInsideDE.xml (RunModel)" time="0.105" />
  <testcase classname="ptolemy.util.test.junit.AutoTests" name="[38] /home/travis/build/icyphy/ptII/ptolemy/domains/continuous/test/auto/ContinuousMerge1.xml (RunModel)" time="0.016" />
  <testcase classname="ptolemy.util.test.junit.AutoTests" name="[39] /home/travis/build/icyphy/ptII/ptolemy/domains/continuous/test/auto/ContinuousMerge2.xml (RunModel)" time="0.053" />
  <testcase classname="ptolemy.util.test.junit.AutoTests" name="[40] /home/travis/build/icyphy/ptII/ptolemy/domains/continuous/test/auto/ContinuousMerge3.xml (RunModel)" time="0.07" />
  <testcase classname="ptolemy.util.test.junit.AutoTests" name="[41] /home/travis/build/icyphy/ptII/ptolemy/domains/continuous/test/auto/ContinuousWithinContinuous.xml (RunModel)" time="0.063" />
  <testcase classname="ptolemy.util.test.junit.AutoTests" name="[42] /home/travis/build/icyphy/ptII/ptolemy/domains/continuous/test/auto/ContinuousWithinContinuous2.xml (RunModel)" time="0.087" />
  <testcase classname="ptolemy.util.test.junit.AutoTests" name="[43] /home/travis/build/icyphy/ptII/ptolemy/domains/continuous/test/auto/ContinuousWithinContinuous3.xml (RunModel)" time="0.031" />
  <testcase classname="ptolemy.util.test.junit.AutoTests" name="[44] /home/travis/build/icyphy/ptII/ptolemy/domains/continuous/test/auto/ContinuousWithinContinuous4.xml (RunModel)" time="0.081" />
  <testcase classname="ptolemy.util.test.junit.AutoTests" name="[45] /home/travis/build/icyphy/ptII/ptolemy/domains/continuous/test/auto/ContinuousWithinContinuous5.xml (RunModel)" time="0.027" />
  <testcase classname="ptolemy.util.test.junit.AutoTests" name="[46] /home/travis/build/icyphy/ptII/ptolemy/domains/continuous/test/auto/ContinuousWithinContinuous6.xml (RunModel)" time="0.028" />
  <testcase classname="ptolemy.util.test.junit.AutoTests" name="[47] /home/travis/build/icyphy/ptII/ptolemy/domains/continuous/test/auto/ContinuousWithinContinuous7.xml (RunModel)" time="0.069" />
  <testcase classname="ptolemy.util.test.junit.AutoTests" name="[48] /home/travis/build/icyphy/ptII/ptolemy/domains/continuous/test/auto/DCMotor.xml (RunModel)" time="14.139" />
  <testcase classname="ptolemy.util.test.junit.AutoTests" name="[49] /home/travis/build/icyphy/ptII/ptolemy/domains/continuous/test/auto/DEInContinuous.xml (RunModel)" time="0.018" />
  <testcase classname="ptolemy.util.test.junit.AutoTests" name="[50] /home/travis/build/icyphy/ptII/ptolemy/domains/continuous/test/auto/DEinContinuous2.xml (RunModel)" time="0.021" />
  <testcase classname="ptolemy.util.test.junit.AutoTests" name="[51] /home/travis/build/icyphy/ptII/ptolemy/domains/continuous/test/auto/Derivative.xml (RunModel)" time="0.193" />
  <testcase classname="ptolemy.util.test.junit.AutoTests" name="[52] /home/travis/build/icyphy/ptII/ptolemy/domains/continuous/test/auto/Derivative1.xml (RunModel)" time="0.043" />
  <testcase classname="ptolemy.util.test.junit.AutoTests" name="[53] /home/travis/build/icyphy/ptII/ptolemy/domains/continuous/test/auto/DiscreteClock.xml (RunModel)" time="0.016" />
  <testcase classname="ptolemy.util.test.junit.AutoTests" name="[54] /home/travis/build/icyphy/ptII/ptolemy/domains/continuous/test/auto/EfficiencyCurve.xml (RunModel)" time="0.068" />
  <testcase classname="ptolemy.util.test.junit.AutoTests" name="[55] /home/travis/build/icyphy/ptII/ptolemy/domains/continuous/test/auto/ExponentialResponse.xml (RunModel)" time="0.115" />
  <testcase classname="ptolemy.util.test.junit.AutoTests" name="[56] /home/travis/build/icyphy/ptII/ptolemy/domains/continuous/test/auto/ExponentialResponseRK45.xml (RunModel)" time="0.036" />
  <testcase classname="ptolemy.util.test.junit.AutoTests" name="[57] /home/travis/build/icyphy/ptII/ptolemy/domains/continuous/test/auto/Friction.xml (RunModel)" time="1.481" />
  <testcase classname="ptolemy.util.test.junit.AutoTests" name="[58] /home/travis/build/icyphy/ptII/ptolemy/domains/continuous/test/auto/FurutaPendulum.xml (RunModel)" time="3.436" />
  <testcase classname="ptolemy.util.test.junit.AutoTests" name="[59] /home/travis/build/icyphy/ptII/ptolemy/domains/continuous/test/auto/HierarchicalExecution.xml (RunModel)" time="1.951" />
  <testcase classname="ptolemy.util.test.junit.AutoTests" name="[60] /home/travis/build/icyphy/ptII/ptolemy/domains/continuous/test/auto/HybridPlant.xml (RunModel)" time="0.564" />
  <testcase classname="ptolemy.util.test.junit.AutoTests" name="[61] /home/travis/build/icyphy/ptII/ptolemy/domains/continuous/test/auto/Hysteresis.xml (RunModel)" time="0.177" />
  <testcase classname="ptolemy.util.test.junit.AutoTests" name="[62] /home/travis/build/icyphy/ptII/ptolemy/domains/continuous/test/auto/HysteresisWithRandomDelay.xml (RunModel)" time="0.227" />
  <testcase classname="ptolemy.util.test.junit.AutoTests" name="[63] /home/travis/build/icyphy/ptII/ptolemy/domains/continuous/test/auto/HysteresisWithRandomLosses.xml (RunModel)" time="2.329" />
  <testcase classname="ptolemy.util.test.junit.AutoTests" name="[64] /home/travis/build/icyphy/ptII/ptolemy/domains/continuous/test/auto/ImmediateTransitions.xml (RunModel)" time="0.032" />
  <testcase classname="ptolemy.util.test.junit.AutoTests" name="[65] /home/travis/build/icyphy/ptII/ptolemy/domains/continuous/test/auto/ImpulseFeedback.xml (RunModel)" time="0.024" />
  <testcase classname="ptolemy.util.test.junit.AutoTests" name="[66] /home/travis/build/icyphy/ptII/ptolemy/domains/continuous/test/auto/ImpulseFeedback2.xml (RunModel)" time="0.02" />
  <testcase classname="ptolemy.util.test.junit.AutoTests" name="[67] /home/travis/build/icyphy/ptII/ptolemy/domains/continuous/test/auto/IncreasingRatePoisson.xml (RunModel)" time="0.723" />
  <testcase classname="ptolemy.util.test.junit.AutoTests" name="[68] /home/travis/build/icyphy/ptII/ptolemy/domains/continuous/test/auto/InitialStateFeedback.xml (RunModel)" time="0.019" />
  <testcase classname="ptolemy.util.test.junit.AutoTests" name="[69] /home/travis/build/icyphy/ptII/ptolemy/domains/continuous/test/auto/Integration.xml (RunModel)" time="0.011" />
  <testcase classname="ptolemy.util.test.junit.AutoTests" name="[70] /home/travis/build/icyphy/ptII/ptolemy/domains/continuous/test/auto/Integration2.xml (RunModel)" time="0.093" />
  <testcase classname="ptolemy.util.test.junit.AutoTests" name="[71] /home/travis/build/icyphy/ptII/ptolemy/domains/continuous/test/auto/Integration3.xml (RunModel)" time="0.011" />
  <testcase classname="ptolemy.util.test.junit.AutoTests" name="[72] /home/travis/build/icyphy/ptII/ptolemy/domains/continuous/test/auto/Integration5.xml (RunModel)" time="0.011" />
  <testcase classname="ptolemy.util.test.junit.AutoTests" name="[73] /home/travis/build/icyphy/ptII/ptolemy/domains/continuous/test/auto/IntegratorImpulse.xml (RunModel)" time="0.013" />
  <testcase classname="ptolemy.util.test.junit.AutoTests" name="[74] /home/travis/build/icyphy/ptII/ptolemy/domains/continuous/test/auto/IntegratorImpulse2.xml (RunModel)" time="0.012" />
  <testcase classname="ptolemy.util.test.junit.AutoTests" name="[75] /home/travis/build/icyphy/ptII/ptolemy/domains/continuous/test/auto/LevelCrossing1.xml (RunModel)" time="0.011" />
  <testcase classname="ptolemy.util.test.junit.AutoTests" name="[76] /home/travis/build/icyphy/ptII/ptolemy/domains/continuous/test/auto/LevelCrossing2.xml (RunModel)" time="0.012" />
  <testcase classname="ptolemy.util.test.junit.AutoTests" name="[77] /home/travis/build/icyphy/ptII/ptolemy/domains/continuous/test/auto/LevelCrossing3.xml (RunModel)" time="0.011" />
  <testcase classname="ptolemy.util.test.junit.AutoTests" name="[78] /home/travis/build/icyphy/ptII/ptolemy/domains/continuous/test/auto/LevelCrossing4.xml (RunModel)" time="0.012" />
  <testcase classname="ptolemy.util.test.junit.AutoTests" name="[79] /home/travis/build/icyphy/ptII/ptolemy/domains/continuous/test/auto/LevelCrossing5.xml (RunModel)" time="0.011" />
  <testcase classname="ptolemy.util.test.junit.AutoTests" name="[80] /home/travis/build/icyphy/ptII/ptolemy/domains/continuous/test/auto/LevelCrossing6.xml (RunModel)" time="0.012" />
  <testcase classname="ptolemy.util.test.junit.AutoTests" name="[81] /home/travis/build/icyphy/ptII/ptolemy/domains/continuous/test/auto/LevelCrossingDetector.xml (RunModel)" time="0.042" />
  <testcase classname="ptolemy.util.test.junit.AutoTests" name="[82] /home/travis/build/icyphy/ptII/ptolemy/domains/continuous/test/auto/LevelCrossingDetectorDetectingDirections.xml (RunModel)" time="0.084" />
  <testcase classname="ptolemy.util.test.junit.AutoTests" name="[83] /home/travis/build/icyphy/ptII/ptolemy/domains/continuous/test/auto/LevelCrossingDetectorDetectsGlitches.xml (RunModel)" time="0.091" />
  <testcase classname="ptolemy.util.test.junit.AutoTests" name="[84] /home/travis/build/icyphy/ptII/ptolemy/domains/continuous/test/auto/LevelCrossingNoInitialOuput.xml (RunModel)" time="0.013" />
  <testcase classname="ptolemy.util.test.junit.AutoTests" name="[85] /home/travis/build/icyphy/ptII/ptolemy/domains/continuous/test/auto/LinearStateSpaceExample.xml (RunModel)" time="0.056" />
  <testcase classname="ptolemy.util.test.junit.AutoTests" name="[86] /home/travis/build/icyphy/ptII/ptolemy/domains/continuous/test/auto/Lorenz.xml (RunModel)" time="4.678" />
  <testcase classname="ptolemy.util.test.junit.AutoTests" name="[87] /home/travis/build/icyphy/ptII/ptolemy/domains/continuous/test/auto/LorenzDifferentialSystem.xml (RunModel)" time="1.277" />
  <testcase classname="ptolemy.util.test.junit.AutoTests" name="[88] /home/travis/build/icyphy/ptII/ptolemy/domains/continuous/test/auto/LorenzDifferentialSystemWithInput.xml (RunModel)" time="1.633" />
  <testcase classname="ptolemy.util.test.junit.AutoTests" name="[89] /home/travis/build/icyphy/ptII/ptolemy/domains/continuous/test/auto/LorenzDifferentialSystemWithTime.xml (RunModel)" time="0.835" />
  <testcase classname="ptolemy.util.test.junit.AutoTests" name="[90] /home/travis/build/icyphy/ptII/ptolemy/domains/continuous/test/auto/Microsteps.xml (RunModel)" time="0.024" />
  <testcase classname="ptolemy.util.test.junit.AutoTests" name="[91] /home/travis/build/icyphy/ptII/ptolemy/domains/continuous/test/auto/Modal1.xml (RunModel)" time="0.072" />
  <testcase classname="ptolemy.util.test.junit.AutoTests" name="[92] /home/travis/build/icyphy/ptII/ptolemy/domains/continuous/test/auto/Modal2.xml (RunModel)" time="0.064" />
  <testcase classname="ptolemy.util.test.junit.AutoTests" name="[93] /home/travis/build/icyphy/ptII/ptolemy/domains/continuous/test/auto/ModalTransitionGuardWithReset.xml (RunModel)" time="0.046" />
  <testcase classname="ptolemy.util.test.junit.AutoTests" name="[94] /home/travis/build/icyphy/ptII/ptolemy/domains/continuous/test/auto/ModalTransitionGuardWithResetUsingPreemptiveTransition.xml (RunModel)" time="0.063" />
  <testcase classname="ptolemy.util.test.junit.AutoTests" name="[95] /home/travis/build/icyphy/ptII/ptolemy/domains/continuous/test/auto/ModalTransitionGuardWithResetUsingPreemptiveTransition2.xml (RunModel)" time="0.029" />
  <testcase classname="ptolemy.util.test.junit.AutoTests" name="[96] /home/travis/build/icyphy/ptII/ptolemy/domains/continuous/test/auto/ModalTransitionGuardWithResetUsingPreemptiveTransition3.xml (RunModel)" time="0.025" />
  <testcase classname="ptolemy.util.test.junit.AutoTests" name="[97] /home/travis/build/icyphy/ptII/ptolemy/domains/continuous/test/auto/NewtonsCradle.xml (RunModel)" time="0.799" />
  <testcase classname="ptolemy.util.test.junit.AutoTests" name="[98] /home/travis/build/icyphy/ptII/ptolemy/domains/continuous/test/auto/NewtonsCradleAnimated.xml (RunModel)" time="1.186" />
  <testcase classname="ptolemy.util.test.junit.AutoTests" name="[99] /home/travis/build/icyphy/ptII/ptolemy/domains/continuous/test/auto/NewtonsCradleComplicated.xml (RunModel)" time="0.886" />
  <testcase classname="ptolemy.util.test.junit.AutoTests" name="[100] /home/travis/build/icyphy/ptII/ptolemy/domains/continuous/test/auto/NewtonsCradleNondeterministic.xml (RunModel)" time="0.702" />
  <testcase classname="ptolemy.util.test.junit.AutoTests" name="[101] /home/travis/build/icyphy/ptII/ptolemy/domains/continuous/test/auto/NewtonsCradlePerfectlyInelastic1.xml (RunModel)" time="1.244" />
  <testcase classname="ptolemy.util.test.junit.AutoTests" name="[102] /home/travis/build/icyphy/ptII/ptolemy/domains/continuous/test/auto/Noise.xml (RunModel)" time="0.211" />
  <testcase classname="ptolemy.util.test.junit.AutoTests" name="[103] /home/travis/build/icyphy/ptII/ptolemy/domains/continuous/test/auto/NoiseSpectrum.xml (RunModel)" time="0.792" />
  <testcase classname="ptolemy.util.test.junit.AutoTests" name="[104] /home/travis/build/icyphy/ptII/ptolemy/domains/continuous/test/auto/ParameterizedNewtonsCradleAnimated.xml (RunModel)" time="0.39" />
  <testcase classname="ptolemy.util.test.junit.AutoTests" name="[105] /home/travis/build/icyphy/ptII/ptolemy/domains/continuous/test/auto/ParameterizedNewtonsCradleAnimatedNondeterministic.xml (RunModel)" time="1.155" />
  <testcase classname="ptolemy.util.test.junit.AutoTests" name="[106] /home/travis/build/icyphy/ptII/ptolemy/domains/continuous/test/auto/Pendulum3D.xml (RunModel)" time="0.171" />
  <testcase classname="ptolemy.util.test.junit.AutoTests" name="[107] /home/travis/build/icyphy/ptII/ptolemy/domains/continuous/test/auto/PeriodicSampler.xml (RunModel)" time="0.009" />
  <testcase classname="ptolemy.util.test.junit.AutoTests" name="[108] /home/travis/build/icyphy/ptII/ptolemy/domains/continuous/test/auto/PeriodicSampler1.xml (RunModel)" time="0.051" />
  <testcase classname="ptolemy.util.test.junit.AutoTests" name="[109] /home/travis/build/icyphy/ptII/ptolemy/domains/continuous/test/auto/PeriodicSampler2.xml (RunModel)" time="0.063" />
  <testcase classname="ptolemy.util.test.junit.AutoTests" name="[110] /home/travis/build/icyphy/ptII/ptolemy/domains/continuous/test/auto/Poisson.xml (RunModel)" time="0.501" />
  <testcase classname="ptolemy.util.test.junit.AutoTests" name="[111] /home/travis/build/icyphy/ptII/ptolemy/domains/continuous/test/auto/PoissonClock.xml (RunModel)" time="0.013" />
  <testcase classname="ptolemy.util.test.junit.AutoTests" name="[112] /home/travis/build/icyphy/ptII/ptolemy/domains/continuous/test/auto/PoissonClock2.xml (RunModel)" time="0.013" />
  <testcase classname="ptolemy.util.test.junit.AutoTests" name="[113] /home/travis/build/icyphy/ptII/ptolemy/domains/continuous/test/auto/PortParameterHierarchy.xml (RunModel)" time="0.014" />
  <testcase classname="ptolemy.util.test.junit.AutoTests" name="[114] /home/travis/build/icyphy/ptII/ptolemy/domains/continuous/test/auto/RandomHybridPlant.xml (RunModel)" time="0.5" />
  <testcase classname="ptolemy.util.test.junit.AutoTests" name="[115] /home/travis/build/icyphy/ptII/ptolemy/domains/continuous/test/auto/ResetTransitionWithStartTime1.xml (RunModel)" time="0.023" />
  <testcase classname="ptolemy.util.test.junit.AutoTests" name="[116] /home/travis/build/icyphy/ptII/ptolemy/domains/continuous/test/auto/ResetTransitionWithStartTime2.xml (RunModel)" time="0.036" />
  <testcase classname="ptolemy.util.test.junit.AutoTests" name="[117] /home/travis/build/icyphy/ptII/ptolemy/domains/continuous/test/auto/ResetTransitionWithStartTime3.xml (RunModel)" time="0.031" />
  <testcase classname="ptolemy.util.test.junit.AutoTests" name="[118] /home/travis/build/icyphy/ptII/ptolemy/domains/continuous/test/auto/ResetTransitionWithStartTime4.xml (RunModel)" time="0.024" />
  <testcase classname="ptolemy.util.test.junit.AutoTests" name="[119] /home/travis/build/icyphy/ptII/ptolemy/domains/continuous/test/auto/ResetTransitionWithStartTime5.xml (RunModel)" time="0.031" />
  <testcase classname="ptolemy.util.test.junit.AutoTests" name="[120] /home/travis/build/icyphy/ptII/ptolemy/domains/continuous/test/auto/ResetTransitionWithStartTime6.xml (RunModel)" time="0.031" />
  <testcase classname="ptolemy.util.test.junit.AutoTests" name="[121] /home/travis/build/icyphy/ptII/ptolemy/domains/continuous/test/auto/SRinContinuous.xml (RunModel)" time="0.021" />
  <testcase classname="ptolemy.util.test.junit.AutoTests" name="[122] /home/travis/build/icyphy/ptII/ptolemy/domains/continuous/test/auto/SampledClocks.xml (RunModel)" time="0.019" />
  <testcase classname="ptolemy.util.test.junit.AutoTests" name="[123] /home/travis/build/icyphy/ptII/ptolemy/domains/continuous/test/auto/Satellite.xml (RunModel)" time="0.768" />
  <testcase classname="ptolemy.util.test.junit.AutoTests" name="[124] /home/travis/build/icyphy/ptII/ptolemy/domains/continuous/test/auto/SigmaDelta.xml (RunModel)" time="2.501" />
  <testcase classname="ptolemy.util.test.junit.AutoTests" name="[125] /home/travis/build/icyphy/ptII/ptolemy/domains/continuous/test/auto/SingleRefinement.xml (RunModel)" time="0.385" />
  <testcase classname="ptolemy.util.test.junit.AutoTests" name="[126] /home/travis/build/icyphy/ptII/ptolemy/domains/continuous/test/auto/SinuBouncingBall.xml (RunModel)" time="0.86" />
  <testcase classname="ptolemy.util.test.junit.AutoTests" name="[127] /home/travis/build/icyphy/ptII/ptolemy/domains/continuous/test/auto/Sinusoid.xml (RunModel)" time="0.019" />
  <testcase classname="ptolemy.util.test.junit.AutoTests" name="[128] /home/travis/build/icyphy/ptII/ptolemy/domains/continuous/test/auto/SinusoidInNoise.xml (RunModel)" time="1.033" />
  <testcase classname="ptolemy.util.test.junit.AutoTests" name="[129] /home/travis/build/icyphy/ptII/ptolemy/domains/continuous/test/auto/SinusoidRK45.xml (RunModel)" time="0.014" />
  <testcase classname="ptolemy.util.test.junit.AutoTests" name="[130] /home/travis/build/icyphy/ptII/ptolemy/domains/continuous/test/auto/SinusoidWithMultipleImpulses.xml (RunModel)" time="0.014" />
  <testcase classname="ptolemy.util.test.junit.AutoTests" name="[131] /home/travis/build/icyphy/ptII/ptolemy/domains/continuous/test/auto/SquareWave.xml (RunModel)" time="0.175" />
  <testcase classname="ptolemy.util.test.junit.AutoTests" name="[132] /home/travis/build/icyphy/ptII/ptolemy/domains/continuous/test/auto/Starmac.xml (RunModel)" time="3.376" />
  <testcase classname="ptolemy.util.test.junit.AutoTests" name="[133] /home/travis/build/icyphy/ptII/ptolemy/domains/continuous/test/auto/StaticUnits.xml (RunModel)" time="2.462" />
  <testcase classname="ptolemy.util.test.junit.AutoTests" name="[134] /home/travis/build/icyphy/ptII/ptolemy/domains/continuous/test/auto/StickyMasses.xml (RunModel)" time="0.178" />
  <testcase classname="ptolemy.util.test.junit.AutoTests" name="[135] /home/travis/build/icyphy/ptII/ptolemy/domains/continuous/test/auto/StopTime.xml (RunModel)" time="0.055" />
  <testcase classname="ptolemy.util.test.junit.AutoTests" name="[136] /home/travis/build/icyphy/ptII/ptolemy/domains/continuous/test/auto/StopTime2.xml (RunModel)" time="0.052" />
  <testcase classname="ptolemy.util.test.junit.AutoTests" name="[137] /home/travis/build/icyphy/ptII/ptolemy/domains/continuous/test/auto/Switch.xml (RunModel)" time="0.069" />
  <testcase classname="ptolemy.util.test.junit.AutoTests" name="[138] /home/travis/build/icyphy/ptII/ptolemy/domains/continuous/test/auto/Thermostat.xml (RunModel)" time="0.229" />
  <testcase classname="ptolemy.util.test.junit.AutoTests" name="[139] /home/travis/build/icyphy/ptII/ptolemy/domains/continuous/test/auto/TimeDelay.xml (RunModel)" time="0.016" />
  <testcase classname="ptolemy.util.test.junit.AutoTests" name="[140] /home/travis/build/icyphy/ptII/ptolemy/domains/continuous/test/auto/TimeDelay2.xml (RunModel)" time="0.019" />
  <testcase classname="ptolemy.util.test.junit.AutoTests" name="[141] /home/travis/build/icyphy/ptII/ptolemy/domains/continuous/test/auto/TimeDelay3.xml (RunModel)" time="0.015" />
  <testcase classname="ptolemy.util.test.junit.AutoTests" name="[142] /home/travis/build/icyphy/ptII/ptolemy/domains/continuous/test/auto/TransferAbsentToInside.xml (RunModel)" time="0.104" />
  <testcase classname="ptolemy.util.test.junit.AutoTests" name="[143] /home/travis/build/icyphy/ptII/ptolemy/domains/continuous/test/auto/Transmission.xml (RunModel)" time="0.801" />
  <testcase classname="ptolemy.util.test.junit.AutoTests" name="[144] /home/travis/build/icyphy/ptII/ptolemy/domains/continuous/test/auto/TriggeredContinuousClock.xml (RunModel)" time="0.062" />
  <testcase classname="ptolemy.util.test.junit.AutoTests" name="[145] /home/travis/build/icyphy/ptII/ptolemy/domains/continuous/test/auto/TwoMachineInfiniteBusControl.xml (RunModel)" time="2.949" />
  <testcase classname="ptolemy.util.test.junit.AutoTests" name="[146] /home/travis/build/icyphy/ptII/ptolemy/domains/continuous/test/auto/V2V.xml (RunModel)" time="0.755" />
  <testcase classname="ptolemy.util.test.junit.AutoTests" name="[147] /home/travis/build/icyphy/ptII/ptolemy/domains/continuous/test/auto/hierarchicalModalModel.xml (RunModel)" time="0.033" />
  <testcase classname="ptolemy.util.test.junit.AutoTests" name="[148] /home/travis/build/icyphy/ptII/ptolemy/domains/continuous/test/auto/hierarchicalModalModel1.xml (RunModel)" time="0.033" />
  <testcase classname="ptolemy.util.test.junit.AutoTests" name="[149] /home/travis/build/icyphy/ptII/ptolemy/domains/continuous/test/auto/hierarchicalModalModel2.xml (RunModel)" time="0.026" />
  <testcase classname="ptolemy.util.test.junit.AutoTests" name="[150] /home/travis/build/icyphy/ptII/ptolemy/domains/continuous/test/auto/hierarchicalModalModel3.xml (RunModel)" time="0.022" />
  <testcase classname="ptolemy.util.test.junit.AutoTests" name="[151] /home/travis/build/icyphy/ptII/ptolemy/domains/continuous/test/auto/hierarchicalModalModel4.xml (RunModel)" time="0.035" />
  <testcase classname="ptolemy.util.test.junit.AutoTests" name="[152] /home/travis/build/icyphy/ptII/ptolemy/domains/continuous/test/auto/junk.xml (RunModel)" time="0.155" />
  <system-out><![CDATA[No tcl tests in /home/travis/build/icyphy/ptII/ptolemy/domains/continuous/test
No auto/knownFailedTests/*.xml tests in /home/travis/build/icyphy/ptII/ptolemy/domains/continuous/test
No auto/linux-amd64/*.xml tests in /home/travis/build/icyphy/ptII/ptolemy/domains/continuous/test
AutoTests.java: About to close Vertx.
AutoTests.java: Vertx closed.

===========================================================================================
----------------- testing Wed Feb 13 03:33:49 UTC 2019 /home/travis/build/icyphy/ptII/ptolemy/domains/continuous/test/auto/BouncingBall.xml
----------------- Instantiating /home/travis/build/icyphy/ptII/ptolemy/domains/continuous/test/auto/BouncingBall.xml
2326 ms. Memory: 331776K Free: 267210K (81%)
----------------- Invoking toplevel() on ptolemy.moml.MoMLSimpleApplication@487b423e
----------------- Done invoking toplevel() on ptolemy.moml.MoMLSimpleApplication@487b423e
reloadAllAccessors: .BouncingBall

===========================================================================================
----------------- testing Wed Feb 13 03:33:52 UTC 2019 /home/travis/build/icyphy/ptII/ptolemy/domains/continuous/test/auto/BouncingBallWithoutGR.xml
----------------- Instantiating /home/travis/build/icyphy/ptII/ptolemy/domains/continuous/test/auto/BouncingBallWithoutGR.xml
754 ms. Memory: 331776K Free: 323774K (98%)
----------------- Invoking toplevel() on ptolemy.moml.MoMLSimpleApplication@2d87a03a
----------------- Done invoking toplevel() on ptolemy.moml.MoMLSimpleApplication@2d87a03a
reloadAllAccessors: .BouncingBallWithoutGR

===========================================================================================
----------------- testing Wed Feb 13 03:33:52 UTC 2019 /home/travis/build/icyphy/ptII/ptolemy/domains/continuous/test/auto/Brownian.xml
----------------- Instantiating /home/travis/build/icyphy/ptII/ptolemy/domains/continuous/test/auto/Brownian.xml
33 ms. Memory: 331776K Free: 310080K (93%)
----------------- Invoking toplevel() on ptolemy.moml.MoMLSimpleApplication@63462e95
----------------- Done invoking toplevel() on ptolemy.moml.MoMLSimpleApplication@63462e95
reloadAllAccessors: .Brownian

===========================================================================================
----------------- testing Wed Feb 13 03:33:53 UTC 2019 /home/travis/build/icyphy/ptII/ptolemy/domains/continuous/test/auto/CarTracking.xml
----------------- Instantiating /home/travis/build/icyphy/ptII/ptolemy/domains/continuous/test/auto/CarTracking.xml
3186 ms. Memory: 578560K Free: 476998K (82%)
----------------- Invoking toplevel() on ptolemy.moml.MoMLSimpleApplication@4cf693eb
----------------- Done invoking toplevel() on ptolemy.moml.MoMLSimpleApplication@4cf693eb
reloadAllAccessors: .CarTracking

===========================================================================================
----------------- testing Wed Feb 13 03:33:56 UTC 2019 /home/travis/build/icyphy/ptII/ptolemy/domains/continuous/test/auto/CartPendulum.xml
----------------- Instantiating /home/travis/build/icyphy/ptII/ptolemy/domains/continuous/test/auto/CartPendulum.xml
433 ms. Memory: 578560K Free: 362847K (63%)
----------------- Invoking toplevel() on ptolemy.moml.MoMLSimpleApplication@510e405
----------------- Done invoking toplevel() on ptolemy.moml.MoMLSimpleApplication@510e405
reloadAllAccessors: .CartPendulum

===========================================================================================
----------------- testing Wed Feb 13 03:33:57 UTC 2019 /home/travis/build/icyphy/ptII/ptolemy/domains/continuous/test/auto/CausalityInterface10.xml
----------------- Instantiating /home/travis/build/icyphy/ptII/ptolemy/domains/continuous/test/auto/CausalityInterface10.xml
14 ms. Memory: 578560K Free: 349724K (60%)
----------------- Invoking toplevel() on ptolemy.moml.MoMLSimpleApplication@25173705
----------------- Done invoking toplevel() on ptolemy.moml.MoMLSimpleApplication@25173705
reloadAllAccessors: .CausalityInterface10

===========================================================================================
----------------- testing Wed Feb 13 03:33:57 UTC 2019 /home/travis/build/icyphy/ptII/ptolemy/domains/continuous/test/auto/CausalityInterface11.xml
----------------- Instantiating /home/travis/build/icyphy/ptII/ptolemy/domains/continuous/test/auto/CausalityInterface11.xml
4 ms. Memory: 578560K Free: 339893K (59%)
----------------- Invoking toplevel() on ptolemy.moml.MoMLSimpleApplication@174fd201
----------------- Done invoking toplevel() on ptolemy.moml.MoMLSimpleApplication@174fd201
reloadAllAccessors: .CausalityInterface11

===========================================================================================
----------------- testing Wed Feb 13 03:33:57 UTC 2019 /home/travis/build/icyphy/ptII/ptolemy/domains/continuous/test/auto/CausalityInterface12.xml
----------------- Instantiating /home/travis/build/icyphy/ptII/ptolemy/domains/continuous/test/auto/CausalityInterface12.xml
8 ms. Memory: 578560K Free: 327163K (57%)
----------------- Invoking toplevel() on ptolemy.moml.MoMLSimpleApplication@3ffe8963
----------------- Done invoking toplevel() on ptolemy.moml.MoMLSimpleApplication@3ffe8963
reloadAllAccessors: .CausalityInterface12

===========================================================================================
----------------- testing Wed Feb 13 03:33:57 UTC 2019 /home/travis/build/icyphy/ptII/ptolemy/domains/continuous/test/auto/CausalityInterface13.xml
----------------- Instantiating /home/travis/build/icyphy/ptII/ptolemy/domains/continuous/test/auto/CausalityInterface13.xml
3 ms. Memory: 578560K Free: 317317K (55%)
----------------- Invoking toplevel() on ptolemy.moml.MoMLSimpleApplication@38b50e10
----------------- Done invoking toplevel() on ptolemy.moml.MoMLSimpleApplication@38b50e10
reloadAllAccessors: .CausalityInterface13

===========================================================================================
----------------- testing Wed Feb 13 03:33:57 UTC 2019 /home/travis/build/icyphy/ptII/ptolemy/domains/continuous/test/auto/CausalityInterface14.xml
----------------- Instantiating /home/travis/build/icyphy/ptII/ptolemy/domains/continuous/test/auto/CausalityInterface14.xml
7 ms. Memory: 578560K Free: 307471K (53%)
----------------- Invoking toplevel() on ptolemy.moml.MoMLSimpleApplication@6baf9bae
----------------- Done invoking toplevel() on ptolemy.moml.MoMLSimpleApplication@6baf9bae
reloadAllAccessors: .CausalityInterface14

===========================================================================================
----------------- testing Wed Feb 13 03:33:57 UTC 2019 /home/travis/build/icyphy/ptII/ptolemy/domains/continuous/test/auto/CausalityInterface4.xml
----------------- Instantiating /home/travis/build/icyphy/ptII/ptolemy/domains/continuous/test/auto/CausalityInterface4.xml
7 ms. Memory: 578560K Free: 297632K (51%)
----------------- Invoking toplevel() on ptolemy.moml.MoMLSimpleApplication@43051fdd
----------------- Done invoking toplevel() on ptolemy.moml.MoMLSimpleApplication@43051fdd
reloadAllAccessors: .CausalityInterface4

===========================================================================================
----------------- testing Wed Feb 13 03:33:57 UTC 2019 /home/travis/build/icyphy/ptII/ptolemy/domains/continuous/test/auto/CausalityInterface5.xml
----------------- Instantiating /home/travis/build/icyphy/ptII/ptolemy/domains/continuous/test/auto/CausalityInterface5.xml
4 ms. Memory: 578560K Free: 281626K (49%)
----------------- Invoking toplevel() on ptolemy.moml.MoMLSimpleApplication@4898b6b3
----------------- Done invoking toplevel() on ptolemy.moml.MoMLSimpleApplication@4898b6b3
reloadAllAccessors: .CausalityInterface5

===========================================================================================
----------------- testing Wed Feb 13 03:33:57 UTC 2019 /home/travis/build/icyphy/ptII/ptolemy/domains/continuous/test/auto/CausalityInterface6.xml
----------------- Instantiating /home/travis/build/icyphy/ptII/ptolemy/domains/continuous/test/auto/CausalityInterface6.xml
3 ms. Memory: 578560K Free: 271779K (47%)
----------------- Invoking toplevel() on ptolemy.moml.MoMLSimpleApplication@1ecdfd9b
----------------- Done invoking toplevel() on ptolemy.moml.MoMLSimpleApplication@1ecdfd9b
reloadAllAccessors: .CausalityInterface6

===========================================================================================
----------------- testing Wed Feb 13 03:33:57 UTC 2019 /home/travis/build/icyphy/ptII/ptolemy/domains/continuous/test/auto/CausalityInterface7.xml
----------------- Instantiating /home/travis/build/icyphy/ptII/ptolemy/domains/continuous/test/auto/CausalityInterface7.xml
13 ms. Memory: 578560K Free: 258656K (45%)
----------------- Invoking toplevel() on ptolemy.moml.MoMLSimpleApplication@61052216
----------------- Done invoking toplevel() on ptolemy.moml.MoMLSimpleApplication@61052216
reloadAllAccessors: .CausalityInterface7

===========================================================================================
----------------- testing Wed Feb 13 03:33:57 UTC 2019 /home/travis/build/icyphy/ptII/ptolemy/domains/continuous/test/auto/CausalityInterface8.xml
----------------- Instantiating /home/travis/build/icyphy/ptII/ptolemy/domains/continuous/test/auto/CausalityInterface8.xml
3 ms. Memory: 578560K Free: 245501K (42%)
----------------- Invoking toplevel() on ptolemy.moml.MoMLSimpleApplication@1bf0f2a8
----------------- Done invoking toplevel() on ptolemy.moml.MoMLSimpleApplication@1bf0f2a8
reloadAllAccessors: .CausalityInterface8

===========================================================================================
----------------- testing Wed Feb 13 03:33:57 UTC 2019 /home/travis/build/icyphy/ptII/ptolemy/domains/continuous/test/auto/CausalityInterface9.xml
----------------- Instantiating /home/travis/build/icyphy/ptII/ptolemy/domains/continuous/test/auto/CausalityInterface9.xml
7 ms. Memory: 578560K Free: 229494K (40%)
----------------- Invoking toplevel() on ptolemy.moml.MoMLSimpleApplication@38bbafd1
----------------- Done invoking toplevel() on ptolemy.moml.MoMLSimpleApplication@38bbafd1
reloadAllAccessors: .CausalityInterface9

===========================================================================================
----------------- testing Wed Feb 13 03:33:57 UTC 2019 /home/travis/build/icyphy/ptII/ptolemy/domains/continuous/test/auto/CausalityInterfaceFeedback1.xml
----------------- Instantiating /home/travis/build/icyphy/ptII/ptolemy/domains/continuous/test/auto/CausalityInterfaceFeedback1.xml
3 ms. Memory: 578560K Free: 219648K (38%)
----------------- Invoking toplevel() on ptolemy.moml.MoMLSimpleApplication@42c10ab9
----------------- Done invoking toplevel() on ptolemy.moml.MoMLSimpleApplication@42c10ab9
reloadAllAccessors: .CausalityInterfaceFeedback1

===========================================================================================
----------------- testing Wed Feb 13 03:33:57 UTC 2019 /home/travis/build/icyphy/ptII/ptolemy/domains/continuous/test/auto/CausalityInterfaceFeedback2.xml
----------------- Instantiating /home/travis/build/icyphy/ptII/ptolemy/domains/continuous/test/auto/CausalityInterfaceFeedback2.xml
6 ms. Memory: 578560K Free: 209809K (36%)
----------------- Invoking toplevel() on ptolemy.moml.MoMLSimpleApplication@4bd0c174
----------------- Done invoking toplevel() on ptolemy.moml.MoMLSimpleApplication@4bd0c174
reloadAllAccessors: .CausalityInterfaceFeedback2

===========================================================================================
----------------- testing Wed Feb 13 03:33:57 UTC 2019 /home/travis/build/icyphy/ptII/ptolemy/domains/continuous/test/auto/CompareWithCurrentTime.xml
----------------- Instantiating /home/travis/build/icyphy/ptII/ptolemy/domains/continuous/test/auto/CompareWithCurrentTime.xml
3 ms. Memory: 578560K Free: 200372K (35%)
----------------- Invoking toplevel() on ptolemy.moml.MoMLSimpleApplication@7ef4e59e
----------------- Done invoking toplevel() on ptolemy.moml.MoMLSimpleApplication@7ef4e59e
reloadAllAccessors: .CompareWithCurrentTime

===========================================================================================
----------------- testing Wed Feb 13 03:33:57 UTC 2019 /home/travis/build/icyphy/ptII/ptolemy/domains/continuous/test/auto/ComparedClocks.xml
----------------- Instantiating /home/travis/build/icyphy/ptII/ptolemy/domains/continuous/test/auto/ComparedClocks.xml
9 ms. Memory: 578560K Free: 180679K (31%)
----------------- Invoking toplevel() on ptolemy.moml.MoMLSimpleApplication@5b5964
----------------- Done invoking toplevel() on ptolemy.moml.MoMLSimpleApplication@5b5964
reloadAllAccessors: .ComparedClocks

===========================================================================================
----------------- testing Wed Feb 13 03:33:57 UTC 2019 /home/travis/build/icyphy/ptII/ptolemy/domains/continuous/test/auto/ContinuousAOCClone.xml
----------------- Instantiating /home/travis/build/icyphy/ptII/ptolemy/domains/continuous/test/auto/ContinuousAOCClone.xml
2380 ms. Memory: 872960K Free: 433413K (50%)
----------------- Invoking toplevel() on ptolemy.moml.MoMLSimpleApplication@1225f3fa
----------------- Done invoking toplevel() on ptolemy.moml.MoMLSimpleApplication@1225f3fa
reloadAllAccessors: .ContinuousAOCClone

===========================================================================================
----------------- testing Wed Feb 13 03:34:00 UTC 2019 /home/travis/build/icyphy/ptII/ptolemy/domains/continuous/test/auto/ContinuousClock.xml
----------------- Instantiating /home/travis/build/icyphy/ptII/ptolemy/domains/continuous/test/auto/ContinuousClock.xml
28 ms. Memory: 872960K Free: 399160K (46%)
----------------- Invoking toplevel() on ptolemy.moml.MoMLSimpleApplication@7bbc56ef
----------------- Done invoking toplevel() on ptolemy.moml.MoMLSimpleApplication@7bbc56ef
reloadAllAccessors: .ContinuousClock

===========================================================================================
----------------- testing Wed Feb 13 03:34:00 UTC 2019 /home/travis/build/icyphy/ptII/ptolemy/domains/continuous/test/auto/ContinuousInContinuous.xml
----------------- Instantiating /home/travis/build/icyphy/ptII/ptolemy/domains/continuous/test/auto/ContinuousInContinuous.xml
45 ms. Memory: 872960K Free: 371613K (43%)
----------------- Invoking toplevel() on ptolemy.moml.MoMLSimpleApplication@50fdf8bc
----------------- Done invoking toplevel() on ptolemy.moml.MoMLSimpleApplication@50fdf8bc
reloadAllAccessors: .ContinuousInContinuous

===========================================================================================
----------------- testing Wed Feb 13 03:34:00 UTC 2019 /home/travis/build/icyphy/ptII/ptolemy/domains/continuous/test/auto/ContinuousInContinuousInContinuous.xml
----------------- Instantiating /home/travis/build/icyphy/ptII/ptolemy/domains/continuous/test/auto/ContinuousInContinuousInContinuous.xml
5 ms. Memory: 872960K Free: 359808K (41%)
----------------- Invoking toplevel() on ptolemy.moml.MoMLSimpleApplication@546d290e
----------------- Done invoking toplevel() on ptolemy.moml.MoMLSimpleApplication@546d290e
reloadAllAccessors: .ContinuousInContinuousInContinuous

===========================================================================================
----------------- testing Wed Feb 13 03:34:00 UTC 2019 /home/travis/build/icyphy/ptII/ptolemy/domains/continuous/test/auto/ContinuousInDE.xml
----------------- Instantiating /home/travis/build/icyphy/ptII/ptolemy/domains/continuous/test/auto/ContinuousInDE.xml
104 ms. Memory: 872960K Free: 340948K (39%)
----------------- Invoking toplevel() on ptolemy.moml.MoMLSimpleApplication@2d34819a
----------------- Done invoking toplevel() on ptolemy.moml.MoMLSimpleApplication@2d34819a
reloadAllAccessors: .ContinuousInDE

===========================================================================================
----------------- testing Wed Feb 13 03:34:00 UTC 2019 /home/travis/build/icyphy/ptII/ptolemy/domains/continuous/test/auto/ContinuousInDE2.xml
----------------- Instantiating /home/travis/build/icyphy/ptII/ptolemy/domains/continuous/test/auto/ContinuousInDE2.xml
40 ms. Memory: 872960K Free: 329159K (38%)
----------------- Invoking toplevel() on ptolemy.moml.MoMLSimpleApplication@56ccd5c9
----------------- Done invoking toplevel() on ptolemy.moml.MoMLSimpleApplication@56ccd5c9
reloadAllAccessors: .ContinuousInDE2

===========================================================================================
----------------- testing Wed Feb 13 03:34:00 UTC 2019 /home/travis/build/icyphy/ptII/ptolemy/domains/continuous/test/auto/ContinuousInDE3.xml
----------------- Instantiating /home/travis/build/icyphy/ptII/ptolemy/domains/continuous/test/auto/ContinuousInDE3.xml
36 ms. Memory: 872960K Free: 317370K (36%)
----------------- Invoking toplevel() on ptolemy.moml.MoMLSimpleApplication@38146a31
----------------- Done invoking toplevel() on ptolemy.moml.MoMLSimpleApplication@38146a31
reloadAllAccessors: .ContinuousInDE3

===========================================================================================
----------------- testing Wed Feb 13 03:34:00 UTC 2019 /home/travis/build/icyphy/ptII/ptolemy/domains/continuous/test/auto/ContinuousInDE4.xml
----------------- Instantiating /home/travis/build/icyphy/ptII/ptolemy/domains/continuous/test/auto/ContinuousInDE4.xml
16 ms. Memory: 872960K Free: 309511K (35%)
----------------- Invoking toplevel() on ptolemy.moml.MoMLSimpleApplication@62ede269
----------------- Done invoking toplevel() on ptolemy.moml.MoMLSimpleApplication@62ede269
reloadAllAccessors: .ContinuousInDE4

===========================================================================================
----------------- testing Wed Feb 13 03:34:00 UTC 2019 /home/travis/build/icyphy/ptII/ptolemy/domains/continuous/test/auto/ContinuousInDEDifferentRefinements.xml
----------------- Instantiating /home/travis/build/icyphy/ptII/ptolemy/domains/continuous/test/auto/ContinuousInDEDifferentRefinements.xml
55 ms. Memory: 872960K Free: 270922K (31%)
----------------- Invoking toplevel() on ptolemy.moml.MoMLSimpleApplication@666d4f6b
----------------- Done invoking toplevel() on ptolemy.moml.MoMLSimpleApplication@666d4f6b
reloadAllAccessors: .ContinuousInDEDifferentRefinements

===========================================================================================
----------------- testing Wed Feb 13 03:34:00 UTC 2019 /home/travis/build/icyphy/ptII/ptolemy/domains/continuous/test/auto/ContinuousInDEDifferentRefinementsPreemptive.xml
----------------- Instantiating /home/travis/build/icyphy/ptII/ptolemy/domains/continuous/test/auto/ContinuousInDEDifferentRefinementsPreemptive.xml
45 ms. Memory: 872960K Free: 235507K (27%)
----------------- Invoking toplevel() on ptolemy.moml.MoMLSimpleApplication@2a872387
----------------- Done invoking toplevel() on ptolemy.moml.MoMLSimpleApplication@2a872387
reloadAllAccessors: .ContinuousInDEDifferentRefinementsPreemptive

===========================================================================================
----------------- testing Wed Feb 13 03:34:00 UTC 2019 /home/travis/build/icyphy/ptII/ptolemy/domains/continuous/test/auto/ContinuousInDEInContinuous2.xml
----------------- Instantiating /home/travis/build/icyphy/ptII/ptolemy/domains/continuous/test/auto/ContinuousInDEInContinuous2.xml
36 ms. Memory: 872960K Free: 219773K (25%)
----------------- Invoking toplevel() on ptolemy.moml.MoMLSimpleApplication@77ca737f
----------------- Done invoking toplevel() on ptolemy.moml.MoMLSimpleApplication@77ca737f
reloadAllAccessors: .ContinuousInDEInContinuous2

===========================================================================================
----------------- testing Wed Feb 13 03:34:01 UTC 2019 /home/travis/build/icyphy/ptII/ptolemy/domains/continuous/test/auto/ContinuousInDEInContinuous3.xml
----------------- Instantiating /home/travis/build/icyphy/ptII/ptolemy/domains/continuous/test/auto/ContinuousInDEInContinuous3.xml
35 ms. Memory: 872960K Free: 204038K (23%)
----------------- Invoking toplevel() on ptolemy.moml.MoMLSimpleApplication@14a52fb9
----------------- Done invoking toplevel() on ptolemy.moml.MoMLSimpleApplication@14a52fb9
reloadAllAccessors: .ContinuousInDEInContinuous3

===========================================================================================
----------------- testing Wed Feb 13 03:34:01 UTC 2019 /home/travis/build/icyphy/ptII/ptolemy/domains/continuous/test/auto/ContinuousInDEInput.xml
----------------- Instantiating /home/travis/build/icyphy/ptII/ptolemy/domains/continuous/test/auto/ContinuousInDEInput.xml
16 ms. Memory: 872960K Free: 189123K (22%)
----------------- Invoking toplevel() on ptolemy.moml.MoMLSimpleApplication@6bb2a329
----------------- Done invoking toplevel() on ptolemy.moml.MoMLSimpleApplication@6bb2a329
reloadAllAccessors: .ContinuousInDEInput

===========================================================================================
----------------- testing Wed Feb 13 03:34:01 UTC 2019 /home/travis/build/icyphy/ptII/ptolemy/domains/continuous/test/auto/ContinuousInDEInput2.xml
----------------- Instantiating /home/travis/build/icyphy/ptII/ptolemy/domains/continuous/test/auto/ContinuousInDEInput2.xml
15 ms. Memory: 872960K Free: 177335K (20%)
----------------- Invoking toplevel() on ptolemy.moml.MoMLSimpleApplication@4f26eb92
----------------- Done invoking toplevel() on ptolemy.moml.MoMLSimpleApplication@4f26eb92
reloadAllAccessors: .ContinuousInDEInput2

===========================================================================================
----------------- testing Wed Feb 13 03:34:01 UTC 2019 /home/travis/build/icyphy/ptII/ptolemy/domains/continuous/test/auto/ContinuousInDEInput3.xml
----------------- Instantiating /home/travis/build/icyphy/ptII/ptolemy/domains/continuous/test/auto/ContinuousInDEInput3.xml
18 ms. Memory: 872960K Free: 165546K (19%)
----------------- Invoking toplevel() on ptolemy.moml.MoMLSimpleApplication@42a8f6ef
----------------- Done invoking toplevel() on ptolemy.moml.MoMLSimpleApplication@42a8f6ef
reloadAllAccessors: .ContinuousInDEInput3

===========================================================================================
----------------- testing Wed Feb 13 03:34:01 UTC 2019 /home/travis/build/icyphy/ptII/ptolemy/domains/continuous/test/auto/ContinuousInDESharingRefinement.xml
----------------- Instantiating /home/travis/build/icyphy/ptII/ptolemy/domains/continuous/test/auto/ContinuousInDESharingRefinement.xml
159 ms. Memory: 829952K Free: 809322K (98%)
----------------- Invoking toplevel() on ptolemy.moml.MoMLSimpleApplication@77070a99
----------------- Done invoking toplevel() on ptolemy.moml.MoMLSimpleApplication@77070a99
reloadAllAccessors: .ContinuousInDESharingRefinement

===========================================================================================
----------------- testing Wed Feb 13 03:34:01 UTC 2019 /home/travis/build/icyphy/ptII/ptolemy/domains/continuous/test/auto/ContinuousInDEwithNoPorts.xml
----------------- Instantiating /home/travis/build/icyphy/ptII/ptolemy/domains/continuous/test/auto/ContinuousInDEwithNoPorts.xml
5 ms. Memory: 829952K Free: 797882K (96%)
----------------- Invoking toplevel() on ptolemy.moml.MoMLSimpleApplication@6d58eb14
----------------- Done invoking toplevel() on ptolemy.moml.MoMLSimpleApplication@6d58eb14
reloadAllAccessors: .ContinuousInDEwithNoPorts

===========================================================================================
----------------- testing Wed Feb 13 03:34:01 UTC 2019 /home/travis/build/icyphy/ptII/ptolemy/domains/continuous/test/auto/ContinuousInsideDE.xml
----------------- Instantiating /home/travis/build/icyphy/ptII/ptolemy/domains/continuous/test/auto/ContinuousInsideDE.xml
33 ms. Memory: 829952K Free: 779136K (94%)
----------------- Invoking toplevel() on ptolemy.moml.MoMLSimpleApplication@56c9c85b
----------------- Done invoking toplevel() on ptolemy.moml.MoMLSimpleApplication@56c9c85b
reloadAllAccessors: .ContinuousInsideDE

===========================================================================================
----------------- testing Wed Feb 13 03:34:01 UTC 2019 /home/travis/build/icyphy/ptII/ptolemy/domains/continuous/test/auto/ContinuousMerge1.xml
----------------- Instantiating /home/travis/build/icyphy/ptII/ptolemy/domains/continuous/test/auto/ContinuousMerge1.xml
5 ms. Memory: 829952K Free: 769642K (93%)
----------------- Invoking toplevel() on ptolemy.moml.MoMLSimpleApplication@2c0a6703
----------------- Done invoking toplevel() on ptolemy.moml.MoMLSimpleApplication@2c0a6703
reloadAllAccessors: .ContinuousMerge1

===========================================================================================
----------------- testing Wed Feb 13 03:34:01 UTC 2019 /home/travis/build/icyphy/ptII/ptolemy/domains/continuous/test/auto/ContinuousMerge2.xml
----------------- Instantiating /home/travis/build/icyphy/ptII/ptolemy/domains/continuous/test/auto/ContinuousMerge2.xml
15 ms. Memory: 829952K Free: 754484K (91%)
----------------- Invoking toplevel() on ptolemy.moml.MoMLSimpleApplication@6220088e
----------------- Done invoking toplevel() on ptolemy.moml.MoMLSimpleApplication@6220088e
reloadAllAccessors: .ContinuousMerge2

===========================================================================================
----------------- testing Wed Feb 13 03:34:01 UTC 2019 /home/travis/build/icyphy/ptII/ptolemy/domains/continuous/test/auto/ContinuousMerge3.xml
----------------- Instantiating /home/travis/build/icyphy/ptII/ptolemy/domains/continuous/test/auto/ContinuousMerge3.xml
42 ms. Memory: 829952K Free: 737488K (89%)
----------------- Invoking toplevel() on ptolemy.moml.MoMLSimpleApplication@4264d518
----------------- Done invoking toplevel() on ptolemy.moml.MoMLSimpleApplication@4264d518
reloadAllAccessors: .ContinuousMerge3

===========================================================================================
----------------- testing Wed Feb 13 03:34:01 UTC 2019 /home/travis/build/icyphy/ptII/ptolemy/domains/continuous/test/auto/ContinuousWithinContinuous.xml
----------------- Instantiating /home/travis/build/icyphy/ptII/ptolemy/domains/continuous/test/auto/ContinuousWithinContinuous.xml
38 ms. Memory: 829952K Free: 722517K (87%)
----------------- Invoking toplevel() on ptolemy.moml.MoMLSimpleApplication@48817599
----------------- Done invoking toplevel() on ptolemy.moml.MoMLSimpleApplication@48817599
reloadAllAccessors: .ContinuousWithinContinuous

===========================================================================================
----------------- testing Wed Feb 13 03:34:01 UTC 2019 /home/travis/build/icyphy/ptII/ptolemy/domains/continuous/test/auto/ContinuousWithinContinuous2.xml
----------------- Instantiating /home/travis/build/icyphy/ptII/ptolemy/domains/continuous/test/auto/ContinuousWithinContinuous2.xml
66 ms. Memory: 829952K Free: 711288K (86%)
----------------- Invoking toplevel() on ptolemy.moml.MoMLSimpleApplication@6ef1c48f
----------------- Done invoking toplevel() on ptolemy.moml.MoMLSimpleApplication@6ef1c48f
reloadAllAccessors: .ContinuousWithinContinuous2

===========================================================================================
----------------- testing Wed Feb 13 03:34:01 UTC 2019 /home/travis/build/icyphy/ptII/ptolemy/domains/continuous/test/auto/ContinuousWithinContinuous3.xml
----------------- Instantiating /home/travis/build/icyphy/ptII/ptolemy/domains/continuous/test/auto/ContinuousWithinContinuous3.xml
14 ms. Memory: 829952K Free: 698035K (84%)
----------------- Invoking toplevel() on ptolemy.moml.MoMLSimpleApplication@39face2c
----------------- Done invoking toplevel() on ptolemy.moml.MoMLSimpleApplication@39face2c
reloadAllAccessors: .ContinuousWithinContinuous3

===========================================================================================
----------------- testing Wed Feb 13 03:34:01 UTC 2019 /home/travis/build/icyphy/ptII/ptolemy/domains/continuous/test/auto/ContinuousWithinContinuous4.xml
----------------- Instantiating /home/travis/build/icyphy/ptII/ptolemy/domains/continuous/test/auto/ContinuousWithinContinuous4.xml
66 ms. Memory: 829952K Free: 679306K (82%)
----------------- Invoking toplevel() on ptolemy.moml.MoMLSimpleApplication@602a979f
----------------- Done invoking toplevel() on ptolemy.moml.MoMLSimpleApplication@602a979f
reloadAllAccessors: .ContinuousWithinContinuous4

===========================================================================================
----------------- testing Wed Feb 13 03:34:01 UTC 2019 /home/travis/build/icyphy/ptII/ptolemy/domains/continuous/test/auto/ContinuousWithinContinuous5.xml
----------------- Instantiating /home/travis/build/icyphy/ptII/ptolemy/domains/continuous/test/auto/ContinuousWithinContinuous5.xml
13 ms. Memory: 829952K Free: 666053K (80%)
----------------- Invoking toplevel() on ptolemy.moml.MoMLSimpleApplication@1ac056e1
----------------- Done invoking toplevel() on ptolemy.moml.MoMLSimpleApplication@1ac056e1
reloadAllAccessors: .ContinuousWithinContinuous5

===========================================================================================
----------------- testing Wed Feb 13 03:34:01 UTC 2019 /home/travis/build/icyphy/ptII/ptolemy/domains/continuous/test/auto/ContinuousWithinContinuous6.xml
----------------- Instantiating /home/travis/build/icyphy/ptII/ptolemy/domains/continuous/test/auto/ContinuousWithinContinuous6.xml
12 ms. Memory: 829952K Free: 654816K (79%)
----------------- Invoking toplevel() on ptolemy.moml.MoMLSimpleApplication@49c516c9
----------------- Done invoking toplevel() on ptolemy.moml.MoMLSimpleApplication@49c516c9
reloadAllAccessors: .ContinuousWithinContinuous6

===========================================================================================
----------------- testing Wed Feb 13 03:34:01 UTC 2019 /home/travis/build/icyphy/ptII/ptolemy/domains/continuous/test/auto/ContinuousWithinContinuous7.xml
----------------- Instantiating /home/travis/build/icyphy/ptII/ptolemy/domains/continuous/test/auto/ContinuousWithinContinuous7.xml
56 ms. Memory: 829952K Free: 643588K (78%)
----------------- Invoking toplevel() on ptolemy.moml.MoMLSimpleApplication@3cac4771
----------------- Done invoking toplevel() on ptolemy.moml.MoMLSimpleApplication@3cac4771
reloadAllAccessors: .ContinuousWithinContinuous7

===========================================================================================
----------------- testing Wed Feb 13 03:34:02 UTC 2019 /home/travis/build/icyphy/ptII/ptolemy/domains/continuous/test/auto/DCMotor.xml
----------------- Instantiating /home/travis/build/icyphy/ptII/ptolemy/domains/continuous/test/auto/DCMotor.xml
14057 ms. Memory: 668160K Free: 590719K (88%)
----------------- Invoking toplevel() on ptolemy.moml.MoMLSimpleApplication@775f5ec7
----------------- Done invoking toplevel() on ptolemy.moml.MoMLSimpleApplication@775f5ec7
reloadAllAccessors: .DCMotor

===========================================================================================
----------------- testing Wed Feb 13 03:34:16 UTC 2019 /home/travis/build/icyphy/ptII/ptolemy/domains/continuous/test/auto/DEInContinuous.xml
----------------- Instantiating /home/travis/build/icyphy/ptII/ptolemy/domains/continuous/test/auto/DEInContinuous.xml
6 ms. Memory: 668160K Free: 576219K (86%)
----------------- Invoking toplevel() on ptolemy.moml.MoMLSimpleApplication@ebdfc18
----------------- Done invoking toplevel() on ptolemy.moml.MoMLSimpleApplication@ebdfc18
reloadAllAccessors: .DEInContinuous

===========================================================================================
----------------- testing Wed Feb 13 03:34:16 UTC 2019 /home/travis/build/icyphy/ptII/ptolemy/domains/continuous/test/auto/DEinContinuous2.xml
----------------- Instantiating /home/travis/build/icyphy/ptII/ptolemy/domains/continuous/test/auto/DEinContinuous2.xml
5 ms. Memory: 668160K Free: 557507K (83%)
----------------- Invoking toplevel() on ptolemy.moml.MoMLSimpleApplication@15570b10
----------------- Done invoking toplevel() on ptolemy.moml.MoMLSimpleApplication@15570b10
reloadAllAccessors: .DEinContinuous2

===========================================================================================
----------------- testing Wed Feb 13 03:34:16 UTC 2019 /home/travis/build/icyphy/ptII/ptolemy/domains/continuous/test/auto/Derivative.xml
----------------- Instantiating /home/travis/build/icyphy/ptII/ptolemy/domains/continuous/test/auto/Derivative.xml
140 ms. Memory: 668160K Free: 521149K (78%)
----------------- Invoking toplevel() on ptolemy.moml.MoMLSimpleApplication@32e4c7bd
----------------- Done invoking toplevel() on ptolemy.moml.MoMLSimpleApplication@32e4c7bd
reloadAllAccessors: .Derivative2

===========================================================================================
----------------- testing Wed Feb 13 03:34:16 UTC 2019 /home/travis/build/icyphy/ptII/ptolemy/domains/continuous/test/auto/Derivative1.xml
----------------- Instantiating /home/travis/build/icyphy/ptII/ptolemy/domains/continuous/test/auto/Derivative1.xml
17 ms. Memory: 668160K Free: 502437K (75%)
----------------- Invoking toplevel() on ptolemy.moml.MoMLSimpleApplication@5b33655d
----------------- Done invoking toplevel() on ptolemy.moml.MoMLSimpleApplication@5b33655d
reloadAllAccessors: .Derivative1

===========================================================================================
----------------- testing Wed Feb 13 03:34:16 UTC 2019 /home/travis/build/icyphy/ptII/ptolemy/domains/continuous/test/auto/DiscreteClock.xml
----------------- Instantiating /home/travis/build/icyphy/ptII/ptolemy/domains/continuous/test/auto/DiscreteClock.xml
5 ms. Memory: 668160K Free: 490702K (73%)
----------------- Invoking toplevel() on ptolemy.moml.MoMLSimpleApplication@25237d84
----------------- Done invoking toplevel() on ptolemy.moml.MoMLSimpleApplication@25237d84
reloadAllAccessors: .DiscreteClock

===========================================================================================
----------------- testing Wed Feb 13 03:34:16 UTC 2019 /home/travis/build/icyphy/ptII/ptolemy/domains/continuous/test/auto/EfficiencyCurve.xml
----------------- Instantiating /home/travis/build/icyphy/ptII/ptolemy/domains/continuous/test/auto/EfficiencyCurve.xml
45 ms. Memory: 668160K Free: 477874K (72%)
----------------- Invoking toplevel() on ptolemy.moml.MoMLSimpleApplication@7a828605
----------------- Done invoking toplevel() on ptolemy.moml.MoMLSimpleApplication@7a828605
reloadAllAccessors: .EfficiencyCurve

===========================================================================================
----------------- testing Wed Feb 13 03:34:16 UTC 2019 /home/travis/build/icyphy/ptII/ptolemy/domains/continuous/test/auto/ExponentialResponse.xml
----------------- Instantiating /home/travis/build/icyphy/ptII/ptolemy/domains/continuous/test/auto/ExponentialResponse.xml
106 ms. Memory: 668160K Free: 453311K (68%)
----------------- Invoking toplevel() on ptolemy.moml.MoMLSimpleApplication@34e911ae
----------------- Done invoking toplevel() on ptolemy.moml.MoMLSimpleApplication@34e911ae
reloadAllAccessors: .ExponentialResponse

===========================================================================================
----------------- testing Wed Feb 13 03:34:16 UTC 2019 /home/travis/build/icyphy/ptII/ptolemy/domains/continuous/test/auto/ExponentialResponseRK45.xml
----------------- Instantiating /home/travis/build/icyphy/ptII/ptolemy/domains/continuous/test/auto/ExponentialResponseRK45.xml
25 ms. Memory: 668160K Free: 440483K (66%)
----------------- Invoking toplevel() on ptolemy.moml.MoMLSimpleApplication@b1b6898
----------------- Done invoking toplevel() on ptolemy.moml.MoMLSimpleApplication@b1b6898
reloadAllAccessors: .ExponentialResponseRK45

===========================================================================================
----------------- testing Wed Feb 13 03:34:16 UTC 2019 /home/travis/build/icyphy/ptII/ptolemy/domains/continuous/test/auto/Friction.xml
----------------- Instantiating /home/travis/build/icyphy/ptII/ptolemy/domains/continuous/test/auto/Friction.xml
1386 ms. Memory: 647168K Free: 543060K (84%)
----------------- Invoking toplevel() on ptolemy.moml.MoMLSimpleApplication@45068f98
----------------- Done invoking toplevel() on ptolemy.moml.MoMLSimpleApplication@45068f98
reloadAllAccessors: .Friction

===========================================================================================
----------------- testing Wed Feb 13 03:34:18 UTC 2019 /home/travis/build/icyphy/ptII/ptolemy/domains/continuous/test/auto/FurutaPendulum.xml
----------------- Instantiating /home/travis/build/icyphy/ptII/ptolemy/domains/continuous/test/auto/FurutaPendulum.xml
3278 ms. Memory: 617472K Free: 582187K (94%)
----------------- Invoking toplevel() on ptolemy.moml.MoMLSimpleApplication@124cd852
----------------- Done invoking toplevel() on ptolemy.moml.MoMLSimpleApplication@124cd852
reloadAllAccessors: .FurutaPendulum

===========================================================================================
----------------- testing Wed Feb 13 03:34:21 UTC 2019 /home/travis/build/icyphy/ptII/ptolemy/domains/continuous/test/auto/HierarchicalExecution.xml
----------------- Instantiating /home/travis/build/icyphy/ptII/ptolemy/domains/continuous/test/auto/HierarchicalExecution.xml
1685 ms. Memory: 617472K Free: 285665K (46%)
----------------- Invoking toplevel() on ptolemy.moml.MoMLSimpleApplication@ff5ad17
----------------- Done invoking toplevel() on ptolemy.moml.MoMLSimpleApplication@ff5ad17
reloadAllAccessors: .HierarchicalExecution

===========================================================================================
----------------- testing Wed Feb 13 03:34:23 UTC 2019 /home/travis/build/icyphy/ptII/ptolemy/domains/continuous/test/auto/HybridPlant.xml
----------------- Instantiating /home/travis/build/icyphy/ptII/ptolemy/domains/continuous/test/auto/HybridPlant.xml
502 ms. Memory: 589824K Free: 517432K (88%)
----------------- Invoking toplevel() on ptolemy.moml.MoMLSimpleApplication@4dedc067
----------------- Done invoking toplevel() on ptolemy.moml.MoMLSimpleApplication@4dedc067
reloadAllAccessors: .HybridPlant

===========================================================================================
----------------- testing Wed Feb 13 03:34:24 UTC 2019 /home/travis/build/icyphy/ptII/ptolemy/domains/continuous/test/auto/Hysteresis.xml
----------------- Instantiating /home/travis/build/icyphy/ptII/ptolemy/domains/continuous/test/auto/Hysteresis.xml
143 ms. Memory: 589824K Free: 450575K (76%)
----------------- Invoking toplevel() on ptolemy.moml.MoMLSimpleApplication@44b51f6e
----------------- Done invoking toplevel() on ptolemy.moml.MoMLSimpleApplication@44b51f6e
reloadAllAccessors: .Hysteresis

===========================================================================================
----------------- testing Wed Feb 13 03:34:24 UTC 2019 /home/travis/build/icyphy/ptII/ptolemy/domains/continuous/test/auto/HysteresisWithRandomDelay.xml
----------------- Instantiating /home/travis/build/icyphy/ptII/ptolemy/domains/continuous/test/auto/HysteresisWithRandomDelay.xml
173 ms. Memory: 589824K Free: 374998K (64%)
----------------- Invoking toplevel() on ptolemy.moml.MoMLSimpleApplication@ad5cd2
----------------- Done invoking toplevel() on ptolemy.moml.MoMLSimpleApplication@ad5cd2
reloadAllAccessors: .HysteresisWithRandomDelay

===========================================================================================
----------------- testing Wed Feb 13 03:34:24 UTC 2019 /home/travis/build/icyphy/ptII/ptolemy/domains/continuous/test/auto/HysteresisWithRandomLosses.xml
----------------- Instantiating /home/travis/build/icyphy/ptII/ptolemy/domains/continuous/test/auto/HysteresisWithRandomLosses.xml
2241 ms. Memory: 568320K Free: 100702K (18%)
----------------- Invoking toplevel() on ptolemy.moml.MoMLSimpleApplication@3ad66d3f
----------------- Done invoking toplevel() on ptolemy.moml.MoMLSimpleApplication@3ad66d3f
reloadAllAccessors: .HysteresisWithRandomLosses

===========================================================================================
----------------- testing Wed Feb 13 03:34:26 UTC 2019 /home/travis/build/icyphy/ptII/ptolemy/domains/continuous/test/auto/ImmediateTransitions.xml
----------------- Instantiating /home/travis/build/icyphy/ptII/ptolemy/domains/continuous/test/auto/ImmediateTransitions.xml
13 ms. Memory: 568320K Free: 85723K (15%)
----------------- Invoking toplevel() on ptolemy.moml.MoMLSimpleApplication@14603a72
----------------- Done invoking toplevel() on ptolemy.moml.MoMLSimpleApplication@14603a72
reloadAllAccessors: .ImmediateTransitions

===========================================================================================
----------------- testing Wed Feb 13 03:34:26 UTC 2019 /home/travis/build/icyphy/ptII/ptolemy/domains/continuous/test/auto/ImpulseFeedback.xml
----------------- Instantiating /home/travis/build/icyphy/ptII/ptolemy/domains/continuous/test/auto/ImpulseFeedback.xml
7 ms. Memory: 568320K Free: 77647K (14%)
----------------- Invoking toplevel() on ptolemy.moml.MoMLSimpleApplication@2ffd8465
----------------- Done invoking toplevel() on ptolemy.moml.MoMLSimpleApplication@2ffd8465
reloadAllAccessors: .ImpulseFeedback

===========================================================================================
----------------- testing Wed Feb 13 03:34:26 UTC 2019 /home/travis/build/icyphy/ptII/ptolemy/domains/continuous/test/auto/ImpulseFeedback2.xml
----------------- Instantiating /home/travis/build/icyphy/ptII/ptolemy/domains/continuous/test/auto/ImpulseFeedback2.xml
6 ms. Memory: 568320K Free: 69567K (12%)
----------------- Invoking toplevel() on ptolemy.moml.MoMLSimpleApplication@4d772f03
----------------- Done invoking toplevel() on ptolemy.moml.MoMLSimpleApplication@4d772f03
reloadAllAccessors: .ImpulseFeedback2

===========================================================================================
----------------- testing Wed Feb 13 03:34:27 UTC 2019 /home/travis/build/icyphy/ptII/ptolemy/domains/continuous/test/auto/IncreasingRatePoisson.xml
----------------- Instantiating /home/travis/build/icyphy/ptII/ptolemy/domains/continuous/test/auto/IncreasingRatePoisson.xml
692 ms. Memory: 543232K Free: 199442K (37%)
----------------- Invoking toplevel() on ptolemy.moml.MoMLSimpleApplication@297d1445
----------------- Done invoking toplevel() on ptolemy.moml.MoMLSimpleApplication@297d1445
reloadAllAccessors: .IncreasingRatePoisson

===========================================================================================
----------------- testing Wed Feb 13 03:34:27 UTC 2019 /home/travis/build/icyphy/ptII/ptolemy/domains/continuous/test/auto/InitialStateFeedback.xml
----------------- Instantiating /home/travis/build/icyphy/ptII/ptolemy/domains/continuous/test/auto/InitialStateFeedback.xml
7 ms. Memory: 543232K Free: 192398K (35%)
----------------- Invoking toplevel() on ptolemy.moml.MoMLSimpleApplication@5a532b41
----------------- Done invoking toplevel() on ptolemy.moml.MoMLSimpleApplication@5a532b41
reloadAllAccessors: .InitialStateFeedback

===========================================================================================
----------------- testing Wed Feb 13 03:34:27 UTC 2019 /home/travis/build/icyphy/ptII/ptolemy/domains/continuous/test/auto/Integration.xml
----------------- Instantiating /home/travis/build/icyphy/ptII/ptolemy/domains/continuous/test/auto/Integration.xml
1 ms. Memory: 543232K Free: 185354K (34%)
----------------- Invoking toplevel() on ptolemy.moml.MoMLSimpleApplication@53e8508b
----------------- Done invoking toplevel() on ptolemy.moml.MoMLSimpleApplication@53e8508b
reloadAllAccessors: .Integration

===========================================================================================
----------------- testing Wed Feb 13 03:34:27 UTC 2019 /home/travis/build/icyphy/ptII/ptolemy/domains/continuous/test/auto/Integration2.xml
----------------- Instantiating /home/travis/build/icyphy/ptII/ptolemy/domains/continuous/test/auto/Integration2.xml
82 ms. Memory: 543232K Free: 165995K (31%)
----------------- Invoking toplevel() on ptolemy.moml.MoMLSimpleApplication@2547a2f1
----------------- Done invoking toplevel() on ptolemy.moml.MoMLSimpleApplication@2547a2f1
reloadAllAccessors: .Integration2

===========================================================================================
----------------- testing Wed Feb 13 03:34:27 UTC 2019 /home/travis/build/icyphy/ptII/ptolemy/domains/continuous/test/auto/Integration3.xml
----------------- Instantiating /home/travis/build/icyphy/ptII/ptolemy/domains/continuous/test/auto/Integration3.xml
2 ms. Memory: 543232K Free: 158951K (29%)
----------------- Invoking toplevel() on ptolemy.moml.MoMLSimpleApplication@7c5c99b5
----------------- Done invoking toplevel() on ptolemy.moml.MoMLSimpleApplication@7c5c99b5
reloadAllAccessors: .Integration3

===========================================================================================
----------------- testing Wed Feb 13 03:34:27 UTC 2019 /home/travis/build/icyphy/ptII/ptolemy/domains/continuous/test/auto/Integration5.xml
----------------- Instantiating /home/travis/build/icyphy/ptII/ptolemy/domains/continuous/test/auto/Integration5.xml
2 ms. Memory: 543232K Free: 152055K (28%)
----------------- Invoking toplevel() on ptolemy.moml.MoMLSimpleApplication@3d78a450
----------------- Done invoking toplevel() on ptolemy.moml.MoMLSimpleApplication@3d78a450
reloadAllAccessors: .Integration5

===========================================================================================
----------------- testing Wed Feb 13 03:34:27 UTC 2019 /home/travis/build/icyphy/ptII/ptolemy/domains/continuous/test/auto/IntegratorImpulse.xml
----------------- Instantiating /home/travis/build/icyphy/ptII/ptolemy/domains/continuous/test/auto/IntegratorImpulse.xml
2 ms. Memory: 543232K Free: 145012K (27%)
----------------- Invoking toplevel() on ptolemy.moml.MoMLSimpleApplication@4caf50de
----------------- Done invoking toplevel() on ptolemy.moml.MoMLSimpleApplication@4caf50de
reloadAllAccessors: .IntegratorImpulse

===========================================================================================
----------------- testing Wed Feb 13 03:34:27 UTC 2019 /home/travis/build/icyphy/ptII/ptolemy/domains/continuous/test/auto/IntegratorImpulse2.xml
----------------- Instantiating /home/travis/build/icyphy/ptII/ptolemy/domains/continuous/test/auto/IntegratorImpulse2.xml
4 ms. Memory: 543232K Free: 137968K (25%)
----------------- Invoking toplevel() on ptolemy.moml.MoMLSimpleApplication@54cc957d
----------------- Done invoking toplevel() on ptolemy.moml.MoMLSimpleApplication@54cc957d
reloadAllAccessors: .IntegratorImpulse2

===========================================================================================
----------------- testing Wed Feb 13 03:34:27 UTC 2019 /home/travis/build/icyphy/ptII/ptolemy/domains/continuous/test/auto/LevelCrossing1.xml
----------------- Instantiating /home/travis/build/icyphy/ptII/ptolemy/domains/continuous/test/auto/LevelCrossing1.xml
2 ms. Memory: 543232K Free: 127829K (24%)
----------------- Invoking toplevel() on ptolemy.moml.MoMLSimpleApplication@426165a3
----------------- Done invoking toplevel() on ptolemy.moml.MoMLSimpleApplication@426165a3
reloadAllAccessors: .LevelCrossing1

===========================================================================================
----------------- testing Wed Feb 13 03:34:27 UTC 2019 /home/travis/build/icyphy/ptII/ptolemy/domains/continuous/test/auto/LevelCrossing2.xml
----------------- Instantiating /home/travis/build/icyphy/ptII/ptolemy/domains/continuous/test/auto/LevelCrossing2.xml
2 ms. Memory: 543232K Free: 117691K (22%)
----------------- Invoking toplevel() on ptolemy.moml.MoMLSimpleApplication@3eb6afab
----------------- Done invoking toplevel() on ptolemy.moml.MoMLSimpleApplication@3eb6afab
reloadAllAccessors: .LevelCrossing2

===========================================================================================
----------------- testing Wed Feb 13 03:34:27 UTC 2019 /home/travis/build/icyphy/ptII/ptolemy/domains/continuous/test/auto/LevelCrossing3.xml
----------------- Instantiating /home/travis/build/icyphy/ptII/ptolemy/domains/continuous/test/auto/LevelCrossing3.xml
2 ms. Memory: 543232K Free: 107568K (20%)
----------------- Invoking toplevel() on ptolemy.moml.MoMLSimpleApplication@7070167f
----------------- Done invoking toplevel() on ptolemy.moml.MoMLSimpleApplication@7070167f
reloadAllAccessors: .LevelCrossing3

===========================================================================================
----------------- testing Wed Feb 13 03:34:27 UTC 2019 /home/travis/build/icyphy/ptII/ptolemy/domains/continuous/test/auto/LevelCrossing4.xml
----------------- Instantiating /home/travis/build/icyphy/ptII/ptolemy/domains/continuous/test/auto/LevelCrossing4.xml
2 ms. Memory: 543232K Free: 97429K (18%)
----------------- Invoking toplevel() on ptolemy.moml.MoMLSimpleApplication@5062a499
----------------- Done invoking toplevel() on ptolemy.moml.MoMLSimpleApplication@5062a499
reloadAllAccessors: .LevelCrossing4

===========================================================================================
----------------- testing Wed Feb 13 03:34:27 UTC 2019 /home/travis/build/icyphy/ptII/ptolemy/domains/continuous/test/auto/LevelCrossing5.xml
----------------- Instantiating /home/travis/build/icyphy/ptII/ptolemy/domains/continuous/test/auto/LevelCrossing5.xml
2 ms. Memory: 543232K Free: 87454K (16%)
----------------- Invoking toplevel() on ptolemy.moml.MoMLSimpleApplication@727d804e
----------------- Done invoking toplevel() on ptolemy.moml.MoMLSimpleApplication@727d804e
reloadAllAccessors: .LevelCrossing5

===========================================================================================
[...]
----------------- Instantiating /home/travis/build/icyphy/ptII/ptolemy/domains/continuous/test/auto/ResetTransitionWithStartTime6.xml
17 ms. Memory: 352768K Free: 183187K (52%)
----------------- Invoking toplevel() on ptolemy.moml.MoMLSimpleApplication@53dea358
----------------- Done invoking toplevel() on ptolemy.moml.MoMLSimpleApplication@53dea358
reloadAllAccessors: .ResetTransitionWithStartTime6

===========================================================================================
----------------- testing Wed Feb 13 03:34:45 UTC 2019 /home/travis/build/icyphy/ptII/ptolemy/domains/continuous/test/auto/SRinContinuous.xml
----------------- Instantiating /home/travis/build/icyphy/ptII/ptolemy/domains/continuous/test/auto/SRinContinuous.xml
5 ms. Memory: 352768K Free: 173380K (49%)
----------------- Invoking toplevel() on ptolemy.moml.MoMLSimpleApplication@112ad6a7
----------------- Done invoking toplevel() on ptolemy.moml.MoMLSimpleApplication@112ad6a7
reloadAllAccessors: .SRinContinuous

===========================================================================================
----------------- testing Wed Feb 13 03:34:46 UTC 2019 /home/travis/build/icyphy/ptII/ptolemy/domains/continuous/test/auto/SampledClocks.xml
----------------- Instantiating /home/travis/build/icyphy/ptII/ptolemy/domains/continuous/test/auto/SampledClocks.xml
4 ms. Memory: 352768K Free: 163616K (46%)
----------------- Invoking toplevel() on ptolemy.moml.MoMLSimpleApplication@272ad33e
----------------- Done invoking toplevel() on ptolemy.moml.MoMLSimpleApplication@272ad33e
reloadAllAccessors: .SampledClocks

===========================================================================================
----------------- testing Wed Feb 13 03:34:46 UTC 2019 /home/travis/build/icyphy/ptII/ptolemy/domains/continuous/test/auto/Satellite.xml
----------------- Instantiating /home/travis/build/icyphy/ptII/ptolemy/domains/continuous/test/auto/Satellite.xml
750 ms. Memory: 334848K Free: 232324K (69%)
----------------- Invoking toplevel() on ptolemy.moml.MoMLSimpleApplication@7f152189
----------------- Done invoking toplevel() on ptolemy.moml.MoMLSimpleApplication@7f152189
reloadAllAccessors: .Satellite

===========================================================================================
----------------- testing Wed Feb 13 03:34:46 UTC 2019 /home/travis/build/icyphy/ptII/ptolemy/domains/continuous/test/auto/SigmaDelta.xml
----------------- Instantiating /home/travis/build/icyphy/ptII/ptolemy/domains/continuous/test/auto/SigmaDelta.xml
2366 ms. Memory: 329216K Free: 101069K (31%)
----------------- Invoking toplevel() on ptolemy.moml.MoMLSimpleApplication@781d8a5
----------------- Done invoking toplevel() on ptolemy.moml.MoMLSimpleApplication@781d8a5
reloadAllAccessors: .SigmaDelta

===========================================================================================
----------------- testing Wed Feb 13 03:34:49 UTC 2019 /home/travis/build/icyphy/ptII/ptolemy/domains/continuous/test/auto/SingleRefinement.xml
----------------- Instantiating /home/travis/build/icyphy/ptII/ptolemy/domains/continuous/test/auto/SingleRefinement.xml
289 ms. Memory: 313856K Free: 142741K (45%)
----------------- Invoking toplevel() on ptolemy.moml.MoMLSimpleApplication@5a424837
----------------- Done invoking toplevel() on ptolemy.moml.MoMLSimpleApplication@5a424837
reloadAllAccessors: .SingleRefinement

===========================================================================================
----------------- testing Wed Feb 13 03:34:49 UTC 2019 /home/travis/build/icyphy/ptII/ptolemy/domains/continuous/test/auto/SinuBouncingBall.xml
----------------- Instantiating /home/travis/build/icyphy/ptII/ptolemy/domains/continuous/test/auto/SinuBouncingBall.xml
786 ms. Memory: 372224K Free: 210737K (57%)
----------------- Invoking toplevel() on ptolemy.moml.MoMLSimpleApplication@3dea3502
----------------- Done invoking toplevel() on ptolemy.moml.MoMLSimpleApplication@3dea3502
reloadAllAccessors: .SinuBouncingBall

===========================================================================================
----------------- testing Wed Feb 13 03:34:50 UTC 2019 /home/travis/build/icyphy/ptII/ptolemy/domains/continuous/test/auto/Sinusoid.xml
----------------- Instantiating /home/travis/build/icyphy/ptII/ptolemy/domains/continuous/test/auto/Sinusoid.xml
4 ms. Memory: 372224K Free: 202610K (54%)
----------------- Invoking toplevel() on ptolemy.moml.MoMLSimpleApplication@2ee495b2
----------------- Done invoking toplevel() on ptolemy.moml.MoMLSimpleApplication@2ee495b2
reloadAllAccessors: .Sinusoid

===========================================================================================
----------------- testing Wed Feb 13 03:34:50 UTC 2019 /home/travis/build/icyphy/ptII/ptolemy/domains/continuous/test/auto/SinusoidInNoise.xml
----------------- Instantiating /home/travis/build/icyphy/ptII/ptolemy/domains/continuous/test/auto/SinusoidInNoise.xml
997 ms. Memory: 359424K Free: 277378K (77%)
----------------- Invoking toplevel() on ptolemy.moml.MoMLSimpleApplication@14b0e4df
----------------- Done invoking toplevel() on ptolemy.moml.MoMLSimpleApplication@14b0e4df
reloadAllAccessors: .SinusoidInNoise

===========================================================================================
----------------- testing Wed Feb 13 03:34:51 UTC 2019 /home/travis/build/icyphy/ptII/ptolemy/domains/continuous/test/auto/SinusoidRK45.xml
----------------- Instantiating /home/travis/build/icyphy/ptII/ptolemy/domains/continuous/test/auto/SinusoidRK45.xml
2 ms. Memory: 359424K Free: 269863K (75%)
----------------- Invoking toplevel() on ptolemy.moml.MoMLSimpleApplication@7fff9d01
----------------- Done invoking toplevel() on ptolemy.moml.MoMLSimpleApplication@7fff9d01
reloadAllAccessors: .SinusoidRK45

===========================================================================================
----------------- testing Wed Feb 13 03:34:51 UTC 2019 /home/travis/build/icyphy/ptII/ptolemy/domains/continuous/test/auto/SinusoidWithMultipleImpulses.xml
----------------- Instantiating /home/travis/build/icyphy/ptII/ptolemy/domains/continuous/test/auto/SinusoidWithMultipleImpulses.xml
6 ms. Memory: 359424K Free: 263348K (73%)
----------------- Invoking toplevel() on ptolemy.moml.MoMLSimpleApplication@2481fa77
----------------- Done invoking toplevel() on ptolemy.moml.MoMLSimpleApplication@2481fa77
reloadAllAccessors: .SinusoidWithMultipleImpulses

===========================================================================================
----------------- testing Wed Feb 13 03:34:51 UTC 2019 /home/travis/build/icyphy/ptII/ptolemy/domains/continuous/test/auto/SquareWave.xml
----------------- Instantiating /home/travis/build/icyphy/ptII/ptolemy/domains/continuous/test/auto/SquareWave.xml
149 ms. Memory: 359424K Free: 234711K (65%)
----------------- Invoking toplevel() on ptolemy.moml.MoMLSimpleApplication@13d7527d
----------------- Done invoking toplevel() on ptolemy.moml.MoMLSimpleApplication@13d7527d
reloadAllAccessors: .SquareWave

===========================================================================================
----------------- testing Wed Feb 13 03:34:51 UTC 2019 /home/travis/build/icyphy/ptII/ptolemy/domains/continuous/test/auto/Starmac.xml
----------------- Instantiating /home/travis/build/icyphy/ptII/ptolemy/domains/continuous/test/auto/Starmac.xml
3064 ms. Memory: 431616K Free: 227586K (53%)
----------------- Invoking toplevel() on ptolemy.moml.MoMLSimpleApplication@3bfc55f9
----------------- Done invoking toplevel() on ptolemy.moml.MoMLSimpleApplication@3bfc55f9
reloadAllAccessors: .Starmac

===========================================================================================
----------------- testing Wed Feb 13 03:34:55 UTC 2019 /home/travis/build/icyphy/ptII/ptolemy/domains/continuous/test/auto/StaticUnits.xml
----------------- Instantiating /home/travis/build/icyphy/ptII/ptolemy/domains/continuous/test/auto/StaticUnits.xml
2101 ms. Memory: 518144K Free: 209016K (40%)
----------------- Invoking toplevel() on ptolemy.moml.MoMLSimpleApplication@2e723c6a
----------------- Done invoking toplevel() on ptolemy.moml.MoMLSimpleApplication@2e723c6a
reloadAllAccessors: .StaticUnits

===========================================================================================
----------------- testing Wed Feb 13 03:34:57 UTC 2019 /home/travis/build/icyphy/ptII/ptolemy/domains/continuous/test/auto/StickyMasses.xml
----------------- Instantiating /home/travis/build/icyphy/ptII/ptolemy/domains/continuous/test/auto/StickyMasses.xml
129 ms. Memory: 518144K Free: 153989K (30%)
----------------- Invoking toplevel() on ptolemy.moml.MoMLSimpleApplication@46fca8f3
----------------- Done invoking toplevel() on ptolemy.moml.MoMLSimpleApplication@46fca8f3
reloadAllAccessors: .StickyMasses

===========================================================================================
----------------- testing Wed Feb 13 03:34:57 UTC 2019 /home/travis/build/icyphy/ptII/ptolemy/domains/continuous/test/auto/StopTime.xml
----------------- Instantiating /home/travis/build/icyphy/ptII/ptolemy/domains/continuous/test/auto/StopTime.xml
37 ms. Memory: 518144K Free: 124139K (24%)
----------------- Invoking toplevel() on ptolemy.moml.MoMLSimpleApplication@5cb8c944
----------------- Done invoking toplevel() on ptolemy.moml.MoMLSimpleApplication@5cb8c944
reloadAllAccessors: .StopTime

===========================================================================================
----------------- testing Wed Feb 13 03:34:57 UTC 2019 /home/travis/build/icyphy/ptII/ptolemy/domains/continuous/test/auto/StopTime2.xml
----------------- Instantiating /home/travis/build/icyphy/ptII/ptolemy/domains/continuous/test/auto/StopTime2.xml
32 ms. Memory: 518144K Free: 97263K (19%)
----------------- Invoking toplevel() on ptolemy.moml.MoMLSimpleApplication@710842b4
----------------- Done invoking toplevel() on ptolemy.moml.MoMLSimpleApplication@710842b4
reloadAllAccessors: .StopTime2

===========================================================================================
----------------- testing Wed Feb 13 03:34:57 UTC 2019 /home/travis/build/icyphy/ptII/ptolemy/domains/continuous/test/auto/Switch.xml
----------------- Instantiating /home/travis/build/icyphy/ptII/ptolemy/domains/continuous/test/auto/Switch.xml
49 ms. Memory: 518144K Free: 67413K (13%)
----------------- Invoking toplevel() on ptolemy.moml.MoMLSimpleApplication@4c1d6f4
----------------- Done invoking toplevel() on ptolemy.moml.MoMLSimpleApplication@4c1d6f4
reloadAllAccessors: .Switch

===========================================================================================
----------------- testing Wed Feb 13 03:34:58 UTC 2019 /home/travis/build/icyphy/ptII/ptolemy/domains/continuous/test/auto/Thermostat.xml
----------------- Instantiating /home/travis/build/icyphy/ptII/ptolemy/domains/continuous/test/auto/Thermostat.xml
203 ms. Memory: 493568K Free: 398998K (81%)
----------------- Invoking toplevel() on ptolemy.moml.MoMLSimpleApplication@11b1965a
----------------- Done invoking toplevel() on ptolemy.moml.MoMLSimpleApplication@11b1965a
reloadAllAccessors: .Thermostat

===========================================================================================
----------------- testing Wed Feb 13 03:34:58 UTC 2019 /home/travis/build/icyphy/ptII/ptolemy/domains/continuous/test/auto/TimeDelay.xml
----------------- Instantiating /home/travis/build/icyphy/ptII/ptolemy/domains/continuous/test/auto/TimeDelay.xml
6 ms. Memory: 493568K Free: 390373K (79%)
----------------- Invoking toplevel() on ptolemy.moml.MoMLSimpleApplication@4bde67af
----------------- Done invoking toplevel() on ptolemy.moml.MoMLSimpleApplication@4bde67af
reloadAllAccessors: .TimeDelay

===========================================================================================
----------------- testing Wed Feb 13 03:34:58 UTC 2019 /home/travis/build/icyphy/ptII/ptolemy/domains/continuous/test/auto/TimeDelay2.xml
----------------- Instantiating /home/travis/build/icyphy/ptII/ptolemy/domains/continuous/test/auto/TimeDelay2.xml
11 ms. Memory: 493568K Free: 383204K (78%)
----------------- Invoking toplevel() on ptolemy.moml.MoMLSimpleApplication@6e060ae6
----------------- Done invoking toplevel() on ptolemy.moml.MoMLSimpleApplication@6e060ae6
reloadAllAccessors: .TimeDelay2

===========================================================================================
----------------- testing Wed Feb 13 03:34:58 UTC 2019 /home/travis/build/icyphy/ptII/ptolemy/domains/continuous/test/auto/TimeDelay3.xml
----------------- Instantiating /home/travis/build/icyphy/ptII/ptolemy/domains/continuous/test/auto/TimeDelay3.xml
7 ms. Memory: 493568K Free: 376032K (76%)
----------------- Invoking toplevel() on ptolemy.moml.MoMLSimpleApplication@433aff62
----------------- Done invoking toplevel() on ptolemy.moml.MoMLSimpleApplication@433aff62
reloadAllAccessors: .TimeDelay3

===========================================================================================
----------------- testing Wed Feb 13 03:34:58 UTC 2019 /home/travis/build/icyphy/ptII/ptolemy/domains/continuous/test/auto/TransferAbsentToInside.xml
----------------- Instantiating /home/travis/build/icyphy/ptII/ptolemy/domains/continuous/test/auto/TransferAbsentToInside.xml
27 ms. Memory: 493568K Free: 317235K (64%)
----------------- Invoking toplevel() on ptolemy.moml.MoMLSimpleApplication@3ab1b6c7
----------------- Done invoking toplevel() on ptolemy.moml.MoMLSimpleApplication@3ab1b6c7
reloadAllAccessors: .TransferAbsentToInside

===========================================================================================
----------------- testing Wed Feb 13 03:34:58 UTC 2019 /home/travis/build/icyphy/ptII/ptolemy/domains/continuous/test/auto/Transmission.xml
----------------- Instantiating /home/travis/build/icyphy/ptII/ptolemy/domains/continuous/test/auto/Transmission.xml
767 ms. Memory: 493568K Free: 80577K (16%)
----------------- Invoking toplevel() on ptolemy.moml.MoMLSimpleApplication@1f2d5a6f
----------------- Done invoking toplevel() on ptolemy.moml.MoMLSimpleApplication@1f2d5a6f
reloadAllAccessors: .Transmission

===========================================================================================
----------------- testing Wed Feb 13 03:34:59 UTC 2019 /home/travis/build/icyphy/ptII/ptolemy/domains/continuous/test/auto/TriggeredContinuousClock.xml
----------------- Instantiating /home/travis/build/icyphy/ptII/ptolemy/domains/continuous/test/auto/TriggeredContinuousClock.xml
35 ms. Memory: 493568K Free: 48590K (10%)
----------------- Invoking toplevel() on ptolemy.moml.MoMLSimpleApplication@675ededc
----------------- Done invoking toplevel() on ptolemy.moml.MoMLSimpleApplication@675ededc
reloadAllAccessors: .TriggeredContinuousClock

===========================================================================================
----------------- testing Wed Feb 13 03:34:59 UTC 2019 /home/travis/build/icyphy/ptII/ptolemy/domains/continuous/test/auto/TwoMachineInfiniteBusControl.xml
----------------- Instantiating /home/travis/build/icyphy/ptII/ptolemy/domains/continuous/test/auto/TwoMachineInfiniteBusControl.xml
2816 ms. Memory: 457216K Free: 272537K (60%)
----------------- Invoking toplevel() on ptolemy.moml.MoMLSimpleApplication@32ef9890
----------------- Done invoking toplevel() on ptolemy.moml.MoMLSimpleApplication@32ef9890
reloadAllAccessors: .TwoMachineInfiniteBusControl

===========================================================================================
----------------- testing Wed Feb 13 03:35:02 UTC 2019 /home/travis/build/icyphy/ptII/ptolemy/domains/continuous/test/auto/V2V.xml
----------------- Instantiating /home/travis/build/icyphy/ptII/ptolemy/domains/continuous/test/auto/V2V.xml
650 ms. Memory: 457216K Free: 80368K (18%)
----------------- Invoking toplevel() on ptolemy.moml.MoMLSimpleApplication@2b93142e
----------------- Done invoking toplevel() on ptolemy.moml.MoMLSimpleApplication@2b93142e
reloadAllAccessors: .V2V

===========================================================================================
----------------- testing Wed Feb 13 03:35:03 UTC 2019 /home/travis/build/icyphy/ptII/ptolemy/domains/continuous/test/auto/hierarchicalModalModel.xml
----------------- Instantiating /home/travis/build/icyphy/ptII/ptolemy/domains/continuous/test/auto/hierarchicalModalModel.xml
7 ms. Memory: 457216K Free: 64348K (14%)
----------------- Invoking toplevel() on ptolemy.moml.MoMLSimpleApplication@26625ec0
----------------- Done invoking toplevel() on ptolemy.moml.MoMLSimpleApplication@26625ec0
reloadAllAccessors: .hierarchicalModalModel

===========================================================================================
----------------- testing Wed Feb 13 03:35:03 UTC 2019 /home/travis/build/icyphy/ptII/ptolemy/domains/continuous/test/auto/hierarchicalModalModel1.xml
----------------- Instantiating /home/travis/build/icyphy/ptII/ptolemy/domains/continuous/test/auto/hierarchicalModalModel1.xml
13 ms. Memory: 457216K Free: 48294K (11%)
----------------- Invoking toplevel() on ptolemy.moml.MoMLSimpleApplication@49a0df3c
----------------- Done invoking toplevel() on ptolemy.moml.MoMLSimpleApplication@49a0df3c
reloadAllAccessors: .hierarchicalModalModel1

===========================================================================================
----------------- testing Wed Feb 13 03:35:03 UTC 2019 /home/travis/build/icyphy/ptII/ptolemy/domains/continuous/test/auto/hierarchicalModalModel2.xml
----------------- Instantiating /home/travis/build/icyphy/ptII/ptolemy/domains/continuous/test/auto/hierarchicalModalModel2.xml
6 ms. Memory: 457216K Free: 32325K (7%)
----------------- Invoking toplevel() on ptolemy.moml.MoMLSimpleApplication@39793515
----------------- Done invoking toplevel() on ptolemy.moml.MoMLSimpleApplication@39793515
reloadAllAccessors: .hierarchicalModalModel2

===========================================================================================
----------------- testing Wed Feb 13 03:35:03 UTC 2019 /home/travis/build/icyphy/ptII/ptolemy/domains/continuous/test/auto/hierarchicalModalModel3.xml
----------------- Instantiating /home/travis/build/icyphy/ptII/ptolemy/domains/continuous/test/auto/hierarchicalModalModel3.xml
5 ms. Memory: 457216K Free: 18139K (4%)
----------------- Invoking toplevel() on ptolemy.moml.MoMLSimpleApplication@4b648f15
----------------- Done invoking toplevel() on ptolemy.moml.MoMLSimpleApplication@4b648f15
reloadAllAccessors: .hierarchicalModalModel3

===========================================================================================
----------------- testing Wed Feb 13 03:35:03 UTC 2019 /home/travis/build/icyphy/ptII/ptolemy/domains/continuous/test/auto/hierarchicalModalModel4.xml
----------------- Instantiating /home/travis/build/icyphy/ptII/ptolemy/domains/continuous/test/auto/hierarchicalModalModel4.xml
5 ms. Memory: 440320K Free: 360022K (82%)
----------------- Invoking toplevel() on ptolemy.moml.MoMLSimpleApplication@323f890c
----------------- Done invoking toplevel() on ptolemy.moml.MoMLSimpleApplication@323f890c
reloadAllAccessors: .hierarchicalModalModel4

===========================================================================================
----------------- testing Wed Feb 13 03:35:03 UTC 2019 /home/travis/build/icyphy/ptII/ptolemy/domains/continuous/test/auto/junk.xml
----------------- Instantiating /home/travis/build/icyphy/ptII/ptolemy/domains/continuous/test/auto/junk.xml
139 ms. Memory: 440320K Free: 328546K (75%)
----------------- Invoking toplevel() on ptolemy.moml.MoMLSimpleApplication@7eee8395
----------------- Done invoking toplevel() on ptolemy.moml.MoMLSimpleApplication@7eee8395
reloadAllAccessors: .junk
AutoTests.java: About to close Vertx.
AutoTests.java: Vertx closed.
]]></system-out>
  <system-err><![CDATA[]]></system-err>
</testsuite>
