<?xml version="1.0" encoding="UTF-8" ?>
<testsuite errors="0" failures="0" hostname="travis-job-81aff412-c042-41ae-b6d7-401e72a3d09f" name="ptolemy.domains.modal.test.junit.JUnitTclTest" skipped="0" tests="148" time="11.045" timestamp="2019-08-06T05:18:55">
  <properties>
[...]
</properties>
  <testcase classname="ptolemy.util.test.junit.TclTests" name="[0] /home/travis/build/icyphy/ptII/ptolemy/domains/modal/test/SystemLevelType.tcl (RunTclFile)" time="1.949" />
  <testcase classname="ptolemy.util.test.junit.AutoKnownFailedTests" name="[0] /home/travis/build/icyphy/ptII/ptolemy/domains/modal/test/auto/knownFailedTests/CannotAnalysisWithPreemption.xml (RunModel)" time="0.336" />
  <testcase classname="ptolemy.util.test.junit.AutoNameArchTests" name="[0] ThereAreNoAutoArchTests (RunModel)" time="0.003" />
  <testcase classname="ptolemy.util.test.junit.AutoTests" name="[0] /home/travis/build/icyphy/ptII/ptolemy/domains/modal/test/auto/ABPTest.xml (RunModel)" time="0.814" />
  <testcase classname="ptolemy.util.test.junit.AutoTests" name="[1] /home/travis/build/icyphy/ptII/ptolemy/domains/modal/test/auto/ABROFlat.xml (RunModel)" time="0.089" />
  <testcase classname="ptolemy.util.test.junit.AutoTests" name="[2] /home/travis/build/icyphy/ptII/ptolemy/domains/modal/test/auto/ABROFlat2.xml (RunModel)" time="0.097" />
  <testcase classname="ptolemy.util.test.junit.AutoTests" name="[3] /home/travis/build/icyphy/ptII/ptolemy/domains/modal/test/auto/ABRO_present_hmm.xml (RunModel)" time="0.117" />
  <testcase classname="ptolemy.util.test.junit.AutoTests" name="[4] /home/travis/build/icyphy/ptII/ptolemy/domains/modal/test/auto/AMICoderExample.xml (RunModel)" time="0.088" />
  <testcase classname="ptolemy.util.test.junit.AutoTests" name="[5] /home/travis/build/icyphy/ptII/ptolemy/domains/modal/test/auto/AbsentToPresent.xml (RunModel)" time="0.028" />
  <testcase classname="ptolemy.util.test.junit.AutoTests" name="[6] /home/travis/build/icyphy/ptII/ptolemy/domains/modal/test/auto/Blending.xml (RunModel)" time="0.318" />
  <testcase classname="ptolemy.util.test.junit.AutoTests" name="[7] /home/travis/build/icyphy/ptII/ptolemy/domains/modal/test/auto/Broadcast.xml (RunModel)" time="0.045" />
  <testcase classname="ptolemy.util.test.junit.AutoTests" name="[8] /home/travis/build/icyphy/ptII/ptolemy/domains/modal/test/auto/BroadcastHierarchy.xml (RunModel)" time="0.065" />
  <testcase classname="ptolemy.util.test.junit.AutoTests" name="[9] /home/travis/build/icyphy/ptII/ptolemy/domains/modal/test/auto/BroadcastHierarchy2.xml (RunModel)" time="0.127" />
  <testcase classname="ptolemy.util.test.junit.AutoTests" name="[10] /home/travis/build/icyphy/ptII/ptolemy/domains/modal/test/auto/BroadcastHierarchy3.xml (RunModel)" time="0.088" />
  <testcase classname="ptolemy.util.test.junit.AutoTests" name="[11] /home/travis/build/icyphy/ptII/ptolemy/domains/modal/test/auto/BroadcastHierarchy4.xml (RunModel)" time="0.096" />
  <testcase classname="ptolemy.util.test.junit.AutoTests" name="[12] /home/travis/build/icyphy/ptII/ptolemy/domains/modal/test/auto/CannotAnalysisWithPreemption2.xml (RunModel)" time="0.034" />
  <testcase classname="ptolemy.util.test.junit.AutoTests" name="[13] /home/travis/build/icyphy/ptII/ptolemy/domains/modal/test/auto/CannotAnalysisWithPreemption3.xml (RunModel)" time="0.04" />
  <testcase classname="ptolemy.util.test.junit.AutoTests" name="[14] /home/travis/build/icyphy/ptII/ptolemy/domains/modal/test/auto/CannotProduce.xml (RunModel)" time="0.035" />
  <testcase classname="ptolemy.util.test.junit.AutoTests" name="[15] /home/travis/build/icyphy/ptII/ptolemy/domains/modal/test/auto/CannotProduceModal.xml (RunModel)" time="0.033" />
  <testcase classname="ptolemy.util.test.junit.AutoTests" name="[16] /home/travis/build/icyphy/ptII/ptolemy/domains/modal/test/auto/Case.xml (RunModel)" time="0.077" />
  <testcase classname="ptolemy.util.test.junit.AutoTests" name="[17] /home/travis/build/icyphy/ptII/ptolemy/domains/modal/test/auto/Case1.xml (RunModel)" time="0.042" />
  <testcase classname="ptolemy.util.test.junit.AutoTests" name="[18] /home/travis/build/icyphy/ptII/ptolemy/domains/modal/test/auto/Case2.xml (RunModel)" time="0.052" />
  <testcase classname="ptolemy.util.test.junit.AutoTests" name="[19] /home/travis/build/icyphy/ptII/ptolemy/domains/modal/test/auto/CausalityInterface1.xml (RunModel)" time="0.021" />
  <testcase classname="ptolemy.util.test.junit.AutoTests" name="[20] /home/travis/build/icyphy/ptII/ptolemy/domains/modal/test/auto/CausalityInterface10.xml (RunModel)" time="0.044" />
  <testcase classname="ptolemy.util.test.junit.AutoTests" name="[21] /home/travis/build/icyphy/ptII/ptolemy/domains/modal/test/auto/CausalityInterface11.xml (RunModel)" time="0.073" />
  <testcase classname="ptolemy.util.test.junit.AutoTests" name="[22] /home/travis/build/icyphy/ptII/ptolemy/domains/modal/test/auto/CausalityInterface12.xml (RunModel)" time="0.056" />
  <testcase classname="ptolemy.util.test.junit.AutoTests" name="[23] /home/travis/build/icyphy/ptII/ptolemy/domains/modal/test/auto/CausalityInterface13.xml (RunModel)" time="0.065" />
  <testcase classname="ptolemy.util.test.junit.AutoTests" name="[24] /home/travis/build/icyphy/ptII/ptolemy/domains/modal/test/auto/CausalityInterface14.xml (RunModel)" time="0.061" />
  <testcase classname="ptolemy.util.test.junit.AutoTests" name="[25] /home/travis/build/icyphy/ptII/ptolemy/domains/modal/test/auto/CausalityInterface2.xml (RunModel)" time="0.033" />
  <testcase classname="ptolemy.util.test.junit.AutoTests" name="[26] /home/travis/build/icyphy/ptII/ptolemy/domains/modal/test/auto/CausalityInterface3.xml (RunModel)" time="0.021" />
  <testcase classname="ptolemy.util.test.junit.AutoTests" name="[27] /home/travis/build/icyphy/ptII/ptolemy/domains/modal/test/auto/CausalityInterface4.xml (RunModel)" time="0.026" />
  <testcase classname="ptolemy.util.test.junit.AutoTests" name="[28] /home/travis/build/icyphy/ptII/ptolemy/domains/modal/test/auto/CausalityInterface5.xml (RunModel)" time="0.028" />
  <testcase classname="ptolemy.util.test.junit.AutoTests" name="[29] /home/travis/build/icyphy/ptII/ptolemy/domains/modal/test/auto/CausalityInterface6.xml (RunModel)" time="0.038" />
  <testcase classname="ptolemy.util.test.junit.AutoTests" name="[30] /home/travis/build/icyphy/ptII/ptolemy/domains/modal/test/auto/CausalityInterface7.xml (RunModel)" time="0.036" />
  <testcase classname="ptolemy.util.test.junit.AutoTests" name="[31] /home/travis/build/icyphy/ptII/ptolemy/domains/modal/test/auto/CausalityInterface8.xml (RunModel)" time="0.033" />
  <testcase classname="ptolemy.util.test.junit.AutoTests" name="[32] /home/travis/build/icyphy/ptII/ptolemy/domains/modal/test/auto/CausalityInterface9.xml (RunModel)" time="0.05" />
  <testcase classname="ptolemy.util.test.junit.AutoTests" name="[33] /home/travis/build/icyphy/ptII/ptolemy/domains/modal/test/auto/ChainedTransitions.xml (RunModel)" time="0.185" />
  <testcase classname="ptolemy.util.test.junit.AutoTests" name="[34] /home/travis/build/icyphy/ptII/ptolemy/domains/modal/test/auto/CycleOfImmediateTransitionsFSM.xml (RunModel)" time="0.024" />
  <testcase classname="ptolemy.util.test.junit.AutoTests" name="[35] /home/travis/build/icyphy/ptII/ptolemy/domains/modal/test/auto/CycleOfImmediateTransitionsModal.xml (RunModel)" time="0.019" />
  <testcase classname="ptolemy.util.test.junit.AutoTests" name="[36] /home/travis/build/icyphy/ptII/ptolemy/domains/modal/test/auto/CycleOfImmediateTransitionsModal2.xml (RunModel)" time="0.033" />
  <testcase classname="ptolemy.util.test.junit.AutoTests" name="[37] /home/travis/build/icyphy/ptII/ptolemy/domains/modal/test/auto/CycleOfImmediateTransitionsModal3.xml (RunModel)" time="0.076" />
  <testcase classname="ptolemy.util.test.junit.AutoTests" name="[38] /home/travis/build/icyphy/ptII/ptolemy/domains/modal/test/auto/DeepModal1.xml (RunModel)" time="0.051" />
  <testcase classname="ptolemy.util.test.junit.AutoTests" name="[39] /home/travis/build/icyphy/ptII/ptolemy/domains/modal/test/auto/DeepModal2.xml (RunModel)" time="0.059" />
  <testcase classname="ptolemy.util.test.junit.AutoTests" name="[40] /home/travis/build/icyphy/ptII/ptolemy/domains/modal/test/auto/DeepModal3.xml (RunModel)" time="0.081" />
  <testcase classname="ptolemy.util.test.junit.AutoTests" name="[41] /home/travis/build/icyphy/ptII/ptolemy/domains/modal/test/auto/DeepModal4.xml (RunModel)" time="0.082" />
  <testcase classname="ptolemy.util.test.junit.AutoTests" name="[42] /home/travis/build/icyphy/ptII/ptolemy/domains/modal/test/auto/Default1.xml (RunModel)" time="0.019" />
  <testcase classname="ptolemy.util.test.junit.AutoTests" name="[43] /home/travis/build/icyphy/ptII/ptolemy/domains/modal/test/auto/Default2.xml (RunModel)" time="0.023" />
  <testcase classname="ptolemy.util.test.junit.AutoTests" name="[44] /home/travis/build/icyphy/ptII/ptolemy/domains/modal/test/auto/Default3.xml (RunModel)" time="0.023" />
  <testcase classname="ptolemy.util.test.junit.AutoTests" name="[45] /home/travis/build/icyphy/ptII/ptolemy/domains/modal/test/auto/Default4.xml (RunModel)" time="0.015" />
  <testcase classname="ptolemy.util.test.junit.AutoTests" name="[46] /home/travis/build/icyphy/ptII/ptolemy/domains/modal/test/auto/Default5.xml (RunModel)" time="0.025" />
  <testcase classname="ptolemy.util.test.junit.AutoTests" name="[47] /home/travis/build/icyphy/ptII/ptolemy/domains/modal/test/auto/EmptyGuard.xml (RunModel)" time="0.034" />
  <testcase classname="ptolemy.util.test.junit.AutoTests" name="[48] /home/travis/build/icyphy/ptII/ptolemy/domains/modal/test/auto/ErrorTransition1.xml (RunModel)" time="0.041" />
  <testcase classname="ptolemy.util.test.junit.AutoTests" name="[49] /home/travis/build/icyphy/ptII/ptolemy/domains/modal/test/auto/ErrorTransition10.xml (RunModel)" time="0.048" />
  <testcase classname="ptolemy.util.test.junit.AutoTests" name="[50] /home/travis/build/icyphy/ptII/ptolemy/domains/modal/test/auto/ErrorTransition11.xml (RunModel)" time="0.041" />
  <testcase classname="ptolemy.util.test.junit.AutoTests" name="[51] /home/travis/build/icyphy/ptII/ptolemy/domains/modal/test/auto/ErrorTransition2.xml (RunModel)" time="0.025" />
  <testcase classname="ptolemy.util.test.junit.AutoTests" name="[52] /home/travis/build/icyphy/ptII/ptolemy/domains/modal/test/auto/ErrorTransition3.xml (RunModel)" time="0.037" />
  <testcase classname="ptolemy.util.test.junit.AutoTests" name="[53] /home/travis/build/icyphy/ptII/ptolemy/domains/modal/test/auto/ErrorTransition4.xml (RunModel)" time="0.045" />
  <testcase classname="ptolemy.util.test.junit.AutoTests" name="[54] /home/travis/build/icyphy/ptII/ptolemy/domains/modal/test/auto/ErrorTransition5.xml (RunModel)" time="0.043" />
  <testcase classname="ptolemy.util.test.junit.AutoTests" name="[55] /home/travis/build/icyphy/ptII/ptolemy/domains/modal/test/auto/ErrorTransition6.xml (RunModel)" time="0.032" />
  <testcase classname="ptolemy.util.test.junit.AutoTests" name="[56] /home/travis/build/icyphy/ptII/ptolemy/domains/modal/test/auto/ErrorTransition7.xml (RunModel)" time="0.043" />
  <testcase classname="ptolemy.util.test.junit.AutoTests" name="[57] /home/travis/build/icyphy/ptII/ptolemy/domains/modal/test/auto/ErrorTransition8.xml (RunModel)" time="0.04" />
  <testcase classname="ptolemy.util.test.junit.AutoTests" name="[58] /home/travis/build/icyphy/ptII/ptolemy/domains/modal/test/auto/ErrorTransition9.xml (RunModel)" time="0.038" />
  <testcase classname="ptolemy.util.test.junit.AutoTests" name="[59] /home/travis/build/icyphy/ptII/ptolemy/domains/modal/test/auto/ExtendedFSM.xml (RunModel)" time="0.029" />
  <testcase classname="ptolemy.util.test.junit.AutoTests" name="[60] /home/travis/build/icyphy/ptII/ptolemy/domains/modal/test/auto/FinalStates.xml (RunModel)" time="0.023" />
  <testcase classname="ptolemy.util.test.junit.AutoTests" name="[61] /home/travis/build/icyphy/ptII/ptolemy/domains/modal/test/auto/FixedPointFSM.xml (RunModel)" time="0.049" />
  <testcase classname="ptolemy.util.test.junit.AutoTests" name="[62] /home/travis/build/icyphy/ptII/ptolemy/domains/modal/test/auto/FixedPointIterationFSMActor.xml (RunModel)" time="0.031" />
  <testcase classname="ptolemy.util.test.junit.AutoTests" name="[63] /home/travis/build/icyphy/ptII/ptolemy/domains/modal/test/auto/FixedPointIterationFSMActor2.xml (RunModel)" time="0.032" />
  <testcase classname="ptolemy.util.test.junit.AutoTests" name="[64] /home/travis/build/icyphy/ptII/ptolemy/domains/modal/test/auto/ForbiddenInstantanousLoop.xml (RunModel)" time="0.036" />
  <testcase classname="ptolemy.util.test.junit.AutoTests" name="[65] /home/travis/build/icyphy/ptII/ptolemy/domains/modal/test/auto/FunctionDependencyOfFSMActorTest.xml (RunModel)" time="0.03" />
  <testcase classname="ptolemy.util.test.junit.AutoTests" name="[66] /home/travis/build/icyphy/ptII/ptolemy/domains/modal/test/auto/GuardExpression.xml (RunModel)" time="0.016" />
  <testcase classname="ptolemy.util.test.junit.AutoTests" name="[67] /home/travis/build/icyphy/ptII/ptolemy/domains/modal/test/auto/GuardNotEvaluated.xml (RunModel)" time="0.045" />
  <testcase classname="ptolemy.util.test.junit.AutoTests" name="[68] /home/travis/build/icyphy/ptII/ptolemy/domains/modal/test/auto/GuardNotEvaluated2.xml (RunModel)" time="0.029" />
  <testcase classname="ptolemy.util.test.junit.AutoTests" name="[69] /home/travis/build/icyphy/ptII/ptolemy/domains/modal/test/auto/GuardOnAbsent.xml (RunModel)" time="0.039" />
  <testcase classname="ptolemy.util.test.junit.AutoTests" name="[70] /home/travis/build/icyphy/ptII/ptolemy/domains/modal/test/auto/HierarchicalFSMTypeInference.xml (RunModel)" time="0.029" />
  <testcase classname="ptolemy.util.test.junit.AutoTests" name="[71] /home/travis/build/icyphy/ptII/ptolemy/domains/modal/test/auto/Hysteresis.xml (RunModel)" time="0.043" />
  <testcase classname="ptolemy.util.test.junit.AutoTests" name="[72] /home/travis/build/icyphy/ptII/ptolemy/domains/modal/test/auto/HysteresisWithDefault.xml (RunModel)" time="0.073" />
  <testcase classname="ptolemy.util.test.junit.AutoTests" name="[73] /home/travis/build/icyphy/ptII/ptolemy/domains/modal/test/auto/HysteresisWithDefault2.xml (RunModel)" time="0.084" />
  <testcase classname="ptolemy.util.test.junit.AutoTests" name="[74] /home/travis/build/icyphy/ptII/ptolemy/domains/modal/test/auto/ImmediateNonConstructiveness.xml (RunModel)" time="0.027" />
  <testcase classname="ptolemy.util.test.junit.AutoTests" name="[75] /home/travis/build/icyphy/ptII/ptolemy/domains/modal/test/auto/ImmediateNonConstructiveness2.xml (RunModel)" time="0.019" />
  <testcase classname="ptolemy.util.test.junit.AutoTests" name="[76] /home/travis/build/icyphy/ptII/ptolemy/domains/modal/test/auto/ImmediateTransitionReset.xml (RunModel)" time="0.041" />
  <testcase classname="ptolemy.util.test.junit.AutoTests" name="[77] /home/travis/build/icyphy/ptII/ptolemy/domains/modal/test/auto/ImmediateTransitions1.xml (RunModel)" time="0.018" />
  <testcase classname="ptolemy.util.test.junit.AutoTests" name="[78] /home/travis/build/icyphy/ptII/ptolemy/domains/modal/test/auto/ImmediateTransitionsInstantaneousCommunication.xml (RunModel)" time="0.05" />
  <testcase classname="ptolemy.util.test.junit.AutoTests" name="[79] /home/travis/build/icyphy/ptII/ptolemy/domains/modal/test/auto/InitialImmediateTransition.xml (RunModel)" time="0.023" />
  <testcase classname="ptolemy.util.test.junit.AutoTests" name="[80] /home/travis/build/icyphy/ptII/ptolemy/domains/modal/test/auto/InitialOutputs.xml (RunModel)" time="0.016" />
  <testcase classname="ptolemy.util.test.junit.AutoTests" name="[81] /home/travis/build/icyphy/ptII/ptolemy/domains/modal/test/auto/InitialStateTransition1.xml (RunModel)" time="0.019" />
  <testcase classname="ptolemy.util.test.junit.AutoTests" name="[82] /home/travis/build/icyphy/ptII/ptolemy/domains/modal/test/auto/InitialStateTransition2.xml (RunModel)" time="0.019" />
  <testcase classname="ptolemy.util.test.junit.AutoTests" name="[83] /home/travis/build/icyphy/ptII/ptolemy/domains/modal/test/auto/InitialStateTransition3.xml (RunModel)" time="0.028" />
  <testcase classname="ptolemy.util.test.junit.AutoTests" name="[84] /home/travis/build/icyphy/ptII/ptolemy/domains/modal/test/auto/InitialStateTransition4.xml (RunModel)" time="0.027" />
  <testcase classname="ptolemy.util.test.junit.AutoTests" name="[85] /home/travis/build/icyphy/ptII/ptolemy/domains/modal/test/auto/MalformedGuardExpressionNotCaught.xml (RunModel)" time="0.027" />
  <testcase classname="ptolemy.util.test.junit.AutoTests" name="[86] /home/travis/build/icyphy/ptII/ptolemy/domains/modal/test/auto/ModalBSC.xml (RunModel)" time="0.091" />
  <testcase classname="ptolemy.util.test.junit.AutoTests" name="[87] /home/travis/build/icyphy/ptII/ptolemy/domains/modal/test/auto/ModalClocks.xml (RunModel)" time="0.081" />
  <testcase classname="ptolemy.util.test.junit.AutoTests" name="[88] /home/travis/build/icyphy/ptII/ptolemy/domains/modal/test/auto/ModalDelay.xml (RunModel)" time="0.052" />
  <testcase classname="ptolemy.util.test.junit.AutoTests" name="[89] /home/travis/build/icyphy/ptII/ptolemy/domains/modal/test/auto/ModalDelay2.xml (RunModel)" time="0.063" />
  <testcase classname="ptolemy.util.test.junit.AutoTests" name="[90] /home/travis/build/icyphy/ptII/ptolemy/domains/modal/test/auto/ModalModelFromMemo.xml (RunModel)" time="0.076" />
  <testcase classname="ptolemy.util.test.junit.AutoTests" name="[91] /home/travis/build/icyphy/ptII/ptolemy/domains/modal/test/auto/ModalModelWithMultirateTransient.xml (RunModel)" time="0.064" />
  <testcase classname="ptolemy.util.test.junit.AutoTests" name="[92] /home/travis/build/icyphy/ptII/ptolemy/domains/modal/test/auto/ModalModelWithReset.xml (RunModel)" time="0.06" />
  <testcase classname="ptolemy.util.test.junit.AutoTests" name="[93] /home/travis/build/icyphy/ptII/ptolemy/domains/modal/test/auto/MouseClickFSM.xml (RunModel)" time="0.04" />
  <testcase classname="ptolemy.util.test.junit.AutoTests" name="[94] /home/travis/build/icyphy/ptII/ptolemy/domains/modal/test/auto/MouseClickFSMModal.xml (RunModel)" time="0.033" />
  <testcase classname="ptolemy.util.test.junit.AutoTests" name="[95] /home/travis/build/icyphy/ptII/ptolemy/domains/modal/test/auto/NonStrictFSM_FeedbackLoop.xml (RunModel)" time="0.041" />
  <testcase classname="ptolemy.util.test.junit.AutoTests" name="[96] /home/travis/build/icyphy/ptII/ptolemy/domains/modal/test/auto/NonStrictFSM_FeedbackLoop_Refinement.xml (RunModel)" time="0.056" />
  <testcase classname="ptolemy.util.test.junit.AutoTests" name="[97] /home/travis/build/icyphy/ptII/ptolemy/domains/modal/test/auto/NonStrictFSM_FeedbackLoop_preemptive.xml (RunModel)" time="0.051" />
  <testcase classname="ptolemy.util.test.junit.AutoTests" name="[98] /home/travis/build/icyphy/ptII/ptolemy/domains/modal/test/auto/NormalTermination.xml (RunModel)" time="0.06" />
  <testcase classname="ptolemy.util.test.junit.AutoTests" name="[99] /home/travis/build/icyphy/ptII/ptolemy/domains/modal/test/auto/Pong.xml (RunModel)" time="0.098" />
  <testcase classname="ptolemy.util.test.junit.AutoTests" name="[100] /home/travis/build/icyphy/ptII/ptolemy/domains/modal/test/auto/Pong_test.xml (RunModel)" time="0.114" />
  <testcase classname="ptolemy.util.test.junit.AutoTests" name="[101] /home/travis/build/icyphy/ptII/ptolemy/domains/modal/test/auto/PreemptionHierarchy.xml (RunModel)" time="0.029" />
  <testcase classname="ptolemy.util.test.junit.AutoTests" name="[102] /home/travis/build/icyphy/ptII/ptolemy/domains/modal/test/auto/PreemptionHierarchy2.xml (RunModel)" time="0.031" />
  <testcase classname="ptolemy.util.test.junit.AutoTests" name="[103] /home/travis/build/icyphy/ptII/ptolemy/domains/modal/test/auto/PreemptiveTransition.xml (RunModel)" time="0.025" />
  <testcase classname="ptolemy.util.test.junit.AutoTests" name="[104] /home/travis/build/icyphy/ptII/ptolemy/domains/modal/test/auto/Priorities.xml (RunModel)" time="0.088" />
  <testcase classname="ptolemy.util.test.junit.AutoTests" name="[105] /home/travis/build/icyphy/ptII/ptolemy/domains/modal/test/auto/ResetFinal.xml (RunModel)" time="0.044" />
  <testcase classname="ptolemy.util.test.junit.AutoTests" name="[106] /home/travis/build/icyphy/ptII/ptolemy/domains/modal/test/auto/ResetFinal2.xml (RunModel)" time="0.034" />
  <testcase classname="ptolemy.util.test.junit.AutoTests" name="[107] /home/travis/build/icyphy/ptII/ptolemy/domains/modal/test/auto/ResetTransitionWithStartTime.xml (RunModel)" time="0.033" />
  <testcase classname="ptolemy.util.test.junit.AutoTests" name="[108] /home/travis/build/icyphy/ptII/ptolemy/domains/modal/test/auto/SDF-FSMComposite.xml (RunModel)" time="0.024" />
  <testcase classname="ptolemy.util.test.junit.AutoTests" name="[109] /home/travis/build/icyphy/ptII/ptolemy/domains/modal/test/auto/SeeminglyNondeterminate.xml (RunModel)" time="0.089" />
  <testcase classname="ptolemy.util.test.junit.AutoTests" name="[110] /home/travis/build/icyphy/ptII/ptolemy/domains/modal/test/auto/SeeminglyNondeterminate2.xml (RunModel)" time="0.077" />
  <testcase classname="ptolemy.util.test.junit.AutoTests" name="[111] /home/travis/build/icyphy/ptII/ptolemy/domains/modal/test/auto/SpontaneousFSM.xml (RunModel)" time="0.044" />
  <testcase classname="ptolemy.util.test.junit.AutoTests" name="[112] /home/travis/build/icyphy/ptII/ptolemy/domains/modal/test/auto/SpontaneousFSM2.xml (RunModel)" time="0.048" />
  <testcase classname="ptolemy.util.test.junit.AutoTests" name="[113] /home/travis/build/icyphy/ptII/ptolemy/domains/modal/test/auto/SpontaneousFSM3.xml (RunModel)" time="0.051" />
  <testcase classname="ptolemy.util.test.junit.AutoTests" name="[114] /home/travis/build/icyphy/ptII/ptolemy/domains/modal/test/auto/SpontaneousFSM4.xml (RunModel)" time="0.048" />
  <testcase classname="ptolemy.util.test.junit.AutoTests" name="[115] /home/travis/build/icyphy/ptII/ptolemy/domains/modal/test/auto/StateTrackerTest.xml (RunModel)" time="0.066" />
  <testcase classname="ptolemy.util.test.junit.AutoTests" name="[116] /home/travis/build/icyphy/ptII/ptolemy/domains/modal/test/auto/StrongImmediateTransition.xml (RunModel)" time="0.024" />
  <testcase classname="ptolemy.util.test.junit.AutoTests" name="[117] /home/travis/build/icyphy/ptII/ptolemy/domains/modal/test/auto/SustainHierarchy.xml (RunModel)" time="0.029" />
  <testcase classname="ptolemy.util.test.junit.AutoTests" name="[118] /home/travis/build/icyphy/ptII/ptolemy/domains/modal/test/auto/TerminationTransition1.xml (RunModel)" time="0.018" />
  <testcase classname="ptolemy.util.test.junit.AutoTests" name="[119] /home/travis/build/icyphy/ptII/ptolemy/domains/modal/test/auto/TerminationTransition2.xml (RunModel)" time="0.026" />
  <testcase classname="ptolemy.util.test.junit.AutoTests" name="[120] /home/travis/build/icyphy/ptII/ptolemy/domains/modal/test/auto/TerminationTransition3.xml (RunModel)" time="0.022" />
  <testcase classname="ptolemy.util.test.junit.AutoTests" name="[121] /home/travis/build/icyphy/ptII/ptolemy/domains/modal/test/auto/TerminationTransition4.xml (RunModel)" time="0.05" />
  <testcase classname="ptolemy.util.test.junit.AutoTests" name="[122] /home/travis/build/icyphy/ptII/ptolemy/domains/modal/test/auto/TerminationTransition5.xml (RunModel)" time="0.032" />
  <testcase classname="ptolemy.util.test.junit.AutoTests" name="[123] /home/travis/build/icyphy/ptII/ptolemy/domains/modal/test/auto/TerminationTransition6.xml (RunModel)" time="0.021" />
  <testcase classname="ptolemy.util.test.junit.AutoTests" name="[124] /home/travis/build/icyphy/ptII/ptolemy/domains/modal/test/auto/TerminationTransition7.xml (RunModel)" time="0.022" />
  <testcase classname="ptolemy.util.test.junit.AutoTests" name="[125] /home/travis/build/icyphy/ptII/ptolemy/domains/modal/test/auto/TerminationTransition8.xml (RunModel)" time="0.026" />
  <testcase classname="ptolemy.util.test.junit.AutoTests" name="[126] /home/travis/build/icyphy/ptII/ptolemy/domains/modal/test/auto/Thermostat_NoHysteresis.xml (RunModel)" time="0.059" />
  <testcase classname="ptolemy.util.test.junit.AutoTests" name="[127] /home/travis/build/icyphy/ptII/ptolemy/domains/modal/test/auto/TimedFSM.xml (RunModel)" time="0.032" />
  <testcase classname="ptolemy.util.test.junit.AutoTests" name="[128] /home/travis/build/icyphy/ptII/ptolemy/domains/modal/test/auto/Timeout1.xml (RunModel)" time="0.014" />
  <testcase classname="ptolemy.util.test.junit.AutoTests" name="[129] /home/travis/build/icyphy/ptII/ptolemy/domains/modal/test/auto/Timeout2.xml (RunModel)" time="0.02" />
  <testcase classname="ptolemy.util.test.junit.AutoTests" name="[130] /home/travis/build/icyphy/ptII/ptolemy/domains/modal/test/auto/Timeout3.xml (RunModel)" time="0.012" />
  <testcase classname="ptolemy.util.test.junit.AutoTests" name="[131] /home/travis/build/icyphy/ptII/ptolemy/domains/modal/test/auto/Timeout4.xml (RunModel)" time="0.022" />
  <testcase classname="ptolemy.util.test.junit.AutoTests" name="[132] /home/travis/build/icyphy/ptII/ptolemy/domains/modal/test/auto/TransientstateModelAdvanced.xml (RunModel)" time="0.028" />
  <testcase classname="ptolemy.util.test.junit.AutoTests" name="[133] /home/travis/build/icyphy/ptII/ptolemy/domains/modal/test/auto/TransientstateModelAdvanced2.xml (RunModel)" time="0.03" />
  <testcase classname="ptolemy.util.test.junit.AutoTests" name="[134] /home/travis/build/icyphy/ptII/ptolemy/domains/modal/test/auto/TransitionRefinements.xml (RunModel)" time="0.025" />
  <testcase classname="ptolemy.util.test.junit.AutoTests" name="[135] /home/travis/build/icyphy/ptII/ptolemy/domains/modal/test/auto/TwoRefinements1.xml (RunModel)" time="0.025" />
  <testcase classname="ptolemy.util.test.junit.AutoTests" name="[136] /home/travis/build/icyphy/ptII/ptolemy/domains/modal/test/auto/TwoRefinements2.xml (RunModel)" time="0.038" />
  <testcase classname="ptolemy.util.test.junit.AutoTests" name="[137] /home/travis/build/icyphy/ptII/ptolemy/domains/modal/test/auto/WeakImmediateTransition.xml (RunModel)" time="0.034" />
  <testcase classname="ptolemy.util.test.junit.AutoTests" name="[138] /home/travis/build/icyphy/ptII/ptolemy/domains/modal/test/auto/booleanSelect.xml (RunModel)" time="0.076" />
  <testcase classname="ptolemy.util.test.junit.AutoTests" name="[139] /home/travis/build/icyphy/ptII/ptolemy/domains/modal/test/auto/modalChangingParams.xml (RunModel)" time="0.322" />
  <testcase classname="ptolemy.util.test.junit.AutoTests" name="[140] /home/travis/build/icyphy/ptII/ptolemy/domains/modal/test/auto/modalModel.xml (RunModel)" time="0.02" />
  <testcase classname="ptolemy.util.test.junit.AutoTests" name="[141] /home/travis/build/icyphy/ptII/ptolemy/domains/modal/test/auto/modalModel2.xml (RunModel)" time="0.029" />
  <testcase classname="ptolemy.util.test.junit.AutoTests" name="[142] /home/travis/build/icyphy/ptII/ptolemy/domains/modal/test/auto/modalModel3.xml (RunModel)" time="0.041" />
  <testcase classname="ptolemy.util.test.junit.AutoTests" name="[143] /home/travis/build/icyphy/ptII/ptolemy/domains/modal/test/auto/model1.xml (RunModel)" time="0.02" />
  <testcase classname="ptolemy.util.test.junit.AutoTests" name="[144] /home/travis/build/icyphy/ptII/ptolemy/domains/modal/test/auto/test-direct-in-out.xml (RunModel)" time="0.023" />
  <system-out><![CDATA[/home/travis/build/icyphy/ptII/ptolemy/domains/modal/test/SystemLevelType.tcl
testDefs.tcl: setting time out to 9000 seconds at Tue Aug 06 05:18:55 UTC 2019
08/06/19 05:18:57
Failed: 0  Total Tests: 1  ((Passed: 1, Newly Passed: 0)  Known Failed: 0) /home/travis/build/icyphy/ptII/ptolemy/domains/modal/test
----------------- testing (KnownFailure) /home/travis/build/icyphy/ptII/ptolemy/domains/modal/test/auto/knownFailedTests/CannotAnalysisWithPreemption.xml
164 ms. Memory: 145408K Free: 125774K (86%)
Known Failure: java.lang.reflect.InvocationTargetException
No auto/linux-amd64/*.xml tests in /home/travis/build/icyphy/ptII/ptolemy/domains/modal/test
AutoTests.java: About to close Vertx.
AutoTests.java: Vertx closed.

===========================================================================================
----------------- testing Tue Aug 06 05:18:58 UTC 2019 /home/travis/build/icyphy/ptII/ptolemy/domains/modal/test/auto/ABPTest.xml
----------------- Instantiating /home/travis/build/icyphy/ptII/ptolemy/domains/modal/test/auto/ABPTest.xml
407 ms. Memory: 145408K Free: 83079K (57%)
----------------- Invoking toplevel() on ptolemy.moml.MoMLSimpleApplication@34911dd4
----------------- Done invoking toplevel() on ptolemy.moml.MoMLSimpleApplication@34911dd4
reloadAllAccessors: .ABPTest

===========================================================================================
----------------- testing Tue Aug 06 05:18:59 UTC 2019 /home/travis/build/icyphy/ptII/ptolemy/domains/modal/test/auto/ABROFlat.xml
----------------- Instantiating /home/travis/build/icyphy/ptII/ptolemy/domains/modal/test/auto/ABROFlat.xml
23 ms. Memory: 145408K Free: 68145K (47%)
----------------- Invoking toplevel() on ptolemy.moml.MoMLSimpleApplication@6f1e0da8
----------------- Done invoking toplevel() on ptolemy.moml.MoMLSimpleApplication@6f1e0da8
reloadAllAccessors: .ABROFlat

===========================================================================================
----------------- testing Tue Aug 06 05:18:59 UTC 2019 /home/travis/build/icyphy/ptII/ptolemy/domains/modal/test/auto/ABROFlat2.xml
----------------- Instantiating /home/travis/build/icyphy/ptII/ptolemy/domains/modal/test/auto/ABROFlat2.xml
11 ms. Memory: 145408K Free: 114181K (79%)
----------------- Invoking toplevel() on ptolemy.moml.MoMLSimpleApplication@34968708
----------------- Done invoking toplevel() on ptolemy.moml.MoMLSimpleApplication@34968708
reloadAllAccessors: .ABROFlat2

===========================================================================================
----------------- testing Tue Aug 06 05:18:59 UTC 2019 /home/travis/build/icyphy/ptII/ptolemy/domains/modal/test/auto/ABRO_present_hmm.xml
----------------- Instantiating /home/travis/build/icyphy/ptII/ptolemy/domains/modal/test/auto/ABRO_present_hmm.xml
22 ms. Memory: 145408K Free: 87096K (60%)
----------------- Invoking toplevel() on ptolemy.moml.MoMLSimpleApplication@78b893c2
----------------- Done invoking toplevel() on ptolemy.moml.MoMLSimpleApplication@78b893c2
reloadAllAccessors: .ABRO_present_hmm

===========================================================================================
----------------- testing Tue Aug 06 05:18:59 UTC 2019 /home/travis/build/icyphy/ptII/ptolemy/domains/modal/test/auto/AMICoderExample.xml
----------------- Instantiating /home/travis/build/icyphy/ptII/ptolemy/domains/modal/test/auto/AMICoderExample.xml
49 ms. Memory: 145408K Free: 76851K (53%)
----------------- Invoking toplevel() on ptolemy.moml.MoMLSimpleApplication@4df3f9c
----------------- Done invoking toplevel() on ptolemy.moml.MoMLSimpleApplication@4df3f9c
reloadAllAccessors: .AMICoderExample

===========================================================================================
----------------- testing Tue Aug 06 05:18:59 UTC 2019 /home/travis/build/icyphy/ptII/ptolemy/domains/modal/test/auto/AbsentToPresent.xml
----------------- Instantiating /home/travis/build/icyphy/ptII/ptolemy/domains/modal/test/auto/AbsentToPresent.xml
6 ms. Memory: 145408K Free: 72227K (50%)
----------------- Invoking toplevel() on ptolemy.moml.MoMLSimpleApplication@34415e41
----------------- Done invoking toplevel() on ptolemy.moml.MoMLSimpleApplication@34415e41
reloadAllAccessors: .AbsentToPresent

===========================================================================================
----------------- testing Tue Aug 06 05:18:59 UTC 2019 /home/travis/build/icyphy/ptII/ptolemy/domains/modal/test/auto/Blending.xml
----------------- Instantiating /home/travis/build/icyphy/ptII/ptolemy/domains/modal/test/auto/Blending.xml
151 ms. Memory: 195584K Free: 146398K (75%)
----------------- Invoking toplevel() on ptolemy.moml.MoMLSimpleApplication@3d2cf12a
----------------- Done invoking toplevel() on ptolemy.moml.MoMLSimpleApplication@3d2cf12a
reloadAllAccessors: .Blending

===========================================================================================
----------------- testing Tue Aug 06 05:19:00 UTC 2019 /home/travis/build/icyphy/ptII/ptolemy/domains/modal/test/auto/Broadcast.xml
----------------- Instantiating /home/travis/build/icyphy/ptII/ptolemy/domains/modal/test/auto/Broadcast.xml
7 ms. Memory: 195584K Free: 136158K (70%)
----------------- Invoking toplevel() on ptolemy.moml.MoMLSimpleApplication@777b0d8
----------------- Done invoking toplevel() on ptolemy.moml.MoMLSimpleApplication@777b0d8
reloadAllAccessors: .Broadcast

===========================================================================================
----------------- testing Tue Aug 06 05:19:00 UTC 2019 /home/travis/build/icyphy/ptII/ptolemy/domains/modal/test/auto/BroadcastHierarchy.xml
----------------- Instantiating /home/travis/build/icyphy/ptII/ptolemy/domains/modal/test/auto/BroadcastHierarchy.xml
12 ms. Memory: 195584K Free: 122336K (63%)
----------------- Invoking toplevel() on ptolemy.moml.MoMLSimpleApplication@467d80df
----------------- Done invoking toplevel() on ptolemy.moml.MoMLSimpleApplication@467d80df
reloadAllAccessors: .BroadcastHierarchy

===========================================================================================
----------------- testing Tue Aug 06 05:19:00 UTC 2019 /home/travis/build/icyphy/ptII/ptolemy/domains/modal/test/auto/BroadcastHierarchy2.xml
----------------- Instantiating /home/travis/build/icyphy/ptII/ptolemy/domains/modal/test/auto/BroadcastHierarchy2.xml
32 ms. Memory: 195584K Free: 95712K (49%)
----------------- Invoking toplevel() on ptolemy.moml.MoMLSimpleApplication@a791f98
----------------- Done invoking toplevel() on ptolemy.moml.MoMLSimpleApplication@a791f98
reloadAllAccessors: .BroadcastHierarchy2

===========================================================================================
----------------- testing Tue Aug 06 05:19:00 UTC 2019 /home/travis/build/icyphy/ptII/ptolemy/domains/modal/test/auto/BroadcastHierarchy3.xml
----------------- Instantiating /home/travis/build/icyphy/ptII/ptolemy/domains/modal/test/auto/BroadcastHierarchy3.xml
13 ms. Memory: 195584K Free: 170464K (87%)
----------------- Invoking toplevel() on ptolemy.moml.MoMLSimpleApplication@5289a018
----------------- Done invoking toplevel() on ptolemy.moml.MoMLSimpleApplication@5289a018
reloadAllAccessors: .BroadcastHierarchy3

===========================================================================================
----------------- testing Tue Aug 06 05:19:00 UTC 2019 /home/travis/build/icyphy/ptII/ptolemy/domains/modal/test/auto/BroadcastHierarchy4.xml
----------------- Instantiating /home/travis/build/icyphy/ptII/ptolemy/domains/modal/test/auto/BroadcastHierarchy4.xml
22 ms. Memory: 195584K Free: 146398K (75%)
----------------- Invoking toplevel() on ptolemy.moml.MoMLSimpleApplication@6187c5ed
----------------- Done invoking toplevel() on ptolemy.moml.MoMLSimpleApplication@6187c5ed
reloadAllAccessors: .BroadcastHierarchy4

===========================================================================================
----------------- testing Tue Aug 06 05:19:00 UTC 2019 /home/travis/build/icyphy/ptII/ptolemy/domains/modal/test/auto/CannotAnalysisWithPreemption2.xml
----------------- Instantiating /home/travis/build/icyphy/ptII/ptolemy/domains/modal/test/auto/CannotAnalysisWithPreemption2.xml
4 ms. Memory: 195584K Free: 139216K (71%)
----------------- Invoking toplevel() on ptolemy.moml.MoMLSimpleApplication@2920f840
----------------- Done invoking toplevel() on ptolemy.moml.MoMLSimpleApplication@2920f840
reloadAllAccessors: .CannotAnalysisWithPreemption2

===========================================================================================
----------------- testing Tue Aug 06 05:19:00 UTC 2019 /home/travis/build/icyphy/ptII/ptolemy/domains/modal/test/auto/CannotAnalysisWithPreemption3.xml
----------------- Instantiating /home/travis/build/icyphy/ptII/ptolemy/domains/modal/test/auto/CannotAnalysisWithPreemption3.xml
5 ms. Memory: 195584K Free: 129504K (66%)
----------------- Invoking toplevel() on ptolemy.moml.MoMLSimpleApplication@20570f20
----------------- Done invoking toplevel() on ptolemy.moml.MoMLSimpleApplication@20570f20
reloadAllAccessors: .CannotAnalysisWithPreemption3

===========================================================================================
----------------- testing Tue Aug 06 05:19:00 UTC 2019 /home/travis/build/icyphy/ptII/ptolemy/domains/modal/test/auto/CannotProduce.xml
----------------- Instantiating /home/travis/build/icyphy/ptII/ptolemy/domains/modal/test/auto/CannotProduce.xml
15 ms. Memory: 195584K Free: 122846K (63%)
----------------- Invoking toplevel() on ptolemy.moml.MoMLSimpleApplication@f4bbfb8
----------------- Done invoking toplevel() on ptolemy.moml.MoMLSimpleApplication@f4bbfb8
reloadAllAccessors: .CannotProduce

===========================================================================================
----------------- testing Tue Aug 06 05:19:00 UTC 2019 /home/travis/build/icyphy/ptII/ptolemy/domains/modal/test/auto/CannotProduceModal.xml
----------------- Instantiating /home/travis/build/icyphy/ptII/ptolemy/domains/modal/test/auto/CannotProduceModal.xml
12 ms. Memory: 195584K Free: 116192K (59%)
----------------- Invoking toplevel() on ptolemy.moml.MoMLSimpleApplication@59c1fa74
----------------- Done invoking toplevel() on ptolemy.moml.MoMLSimpleApplication@59c1fa74
reloadAllAccessors: .CannotProduceModal

===========================================================================================
----------------- testing Tue Aug 06 05:19:00 UTC 2019 /home/travis/build/icyphy/ptII/ptolemy/domains/modal/test/auto/Case.xml
----------------- Instantiating /home/travis/build/icyphy/ptII/ptolemy/domains/modal/test/auto/Case.xml
35 ms. Memory: 195584K Free: 104928K (54%)
----------------- Invoking toplevel() on ptolemy.moml.MoMLSimpleApplication@f50c0e4
----------------- Done invoking toplevel() on ptolemy.moml.MoMLSimpleApplication@f50c0e4
reloadAllAccessors: .Case

===========================================================================================
----------------- testing Tue Aug 06 05:19:00 UTC 2019 /home/travis/build/icyphy/ptII/ptolemy/domains/modal/test/auto/Case1.xml
----------------- Instantiating /home/travis/build/icyphy/ptII/ptolemy/domains/modal/test/auto/Case1.xml
13 ms. Memory: 195584K Free: 97760K (50%)
----------------- Invoking toplevel() on ptolemy.moml.MoMLSimpleApplication@3cba4cd2
----------------- Done invoking toplevel() on ptolemy.moml.MoMLSimpleApplication@3cba4cd2
reloadAllAccessors: .Case1

===========================================================================================
----------------- testing Tue Aug 06 05:19:00 UTC 2019 /home/travis/build/icyphy/ptII/ptolemy/domains/modal/test/auto/Case2.xml
----------------- Instantiating /home/travis/build/icyphy/ptII/ptolemy/domains/modal/test/auto/Case2.xml
21 ms. Memory: 195584K Free: 87006K (44%)
----------------- Invoking toplevel() on ptolemy.moml.MoMLSimpleApplication@10886be5
----------------- Done invoking toplevel() on ptolemy.moml.MoMLSimpleApplication@10886be5
reloadAllAccessors: .Case2

===========================================================================================
----------------- testing Tue Aug 06 05:19:00 UTC 2019 /home/travis/build/icyphy/ptII/ptolemy/domains/modal/test/auto/CausalityInterface1.xml
----------------- Instantiating /home/travis/build/icyphy/ptII/ptolemy/domains/modal/test/auto/CausalityInterface1.xml
2 ms. Memory: 195584K Free: 81886K (42%)
----------------- Invoking toplevel() on ptolemy.moml.MoMLSimpleApplication@664af536
----------------- Done invoking toplevel() on ptolemy.moml.MoMLSimpleApplication@664af536
reloadAllAccessors: .CausalityInterface1

===========================================================================================
----------------- testing Tue Aug 06 05:19:00 UTC 2019 /home/travis/build/icyphy/ptII/ptolemy/domains/modal/test/auto/CausalityInterface10.xml
----------------- Instantiating /home/travis/build/icyphy/ptII/ptolemy/domains/modal/test/auto/CausalityInterface10.xml
10 ms. Memory: 195584K Free: 68560K (35%)
----------------- Invoking toplevel() on ptolemy.moml.MoMLSimpleApplication@3326c54d
----------------- Done invoking toplevel() on ptolemy.moml.MoMLSimpleApplication@3326c54d
reloadAllAccessors: .CausalityInterface10

===========================================================================================
----------------- testing Tue Aug 06 05:19:01 UTC 2019 /home/travis/build/icyphy/ptII/ptolemy/domains/modal/test/auto/CausalityInterface11.xml
----------------- Instantiating /home/travis/build/icyphy/ptII/ptolemy/domains/modal/test/auto/CausalityInterface11.xml
9 ms. Memory: 195584K Free: 167902K (86%)
----------------- Invoking toplevel() on ptolemy.moml.MoMLSimpleApplication@5993193b
----------------- Done invoking toplevel() on ptolemy.moml.MoMLSimpleApplication@5993193b
reloadAllAccessors: .CausalityInterface11

===========================================================================================
----------------- testing Tue Aug 06 05:19:01 UTC 2019 /home/travis/build/icyphy/ptII/ptolemy/domains/modal/test/auto/CausalityInterface12.xml
----------------- Instantiating /home/travis/build/icyphy/ptII/ptolemy/domains/modal/test/auto/CausalityInterface12.xml
8 ms. Memory: 195584K Free: 154560K (79%)
----------------- Invoking toplevel() on ptolemy.moml.MoMLSimpleApplication@798ceb20
----------------- Done invoking toplevel() on ptolemy.moml.MoMLSimpleApplication@798ceb20
reloadAllAccessors: .CausalityInterface12

===========================================================================================
----------------- testing Tue Aug 06 05:19:01 UTC 2019 /home/travis/build/icyphy/ptII/ptolemy/domains/modal/test/auto/CausalityInterface13.xml
----------------- Instantiating /home/travis/build/icyphy/ptII/ptolemy/domains/modal/test/auto/CausalityInterface13.xml
13 ms. Memory: 195584K Free: 140768K (72%)
----------------- Invoking toplevel() on ptolemy.moml.MoMLSimpleApplication@4dd27461
----------------- Done invoking toplevel() on ptolemy.moml.MoMLSimpleApplication@4dd27461
reloadAllAccessors: .CausalityInterface13

===========================================================================================
----------------- testing Tue Aug 06 05:19:01 UTC 2019 /home/travis/build/icyphy/ptII/ptolemy/domains/modal/test/auto/CausalityInterface14.xml
----------------- Instantiating /home/travis/build/icyphy/ptII/ptolemy/domains/modal/test/auto/CausalityInterface14.xml
10 ms. Memory: 195584K Free: 126928K (65%)
----------------- Invoking toplevel() on ptolemy.moml.MoMLSimpleApplication@22f341b8
----------------- Done invoking toplevel() on ptolemy.moml.MoMLSimpleApplication@22f341b8
reloadAllAccessors: .CausalityInterface14

===========================================================================================
----------------- testing Tue Aug 06 05:19:01 UTC 2019 /home/travis/build/icyphy/ptII/ptolemy/domains/modal/test/auto/CausalityInterface2.xml
----------------- Instantiating /home/travis/build/icyphy/ptII/ptolemy/domains/modal/test/auto/CausalityInterface2.xml
3 ms. Memory: 195584K Free: 120288K (62%)
----------------- Invoking toplevel() on ptolemy.moml.MoMLSimpleApplication@76db2e26
----------------- Done invoking toplevel() on ptolemy.moml.MoMLSimpleApplication@76db2e26
reloadAllAccessors: .CausalityInterface2

===========================================================================================
----------------- testing Tue Aug 06 05:19:01 UTC 2019 /home/travis/build/icyphy/ptII/ptolemy/domains/modal/test/auto/CausalityInterface3.xml
----------------- Instantiating /home/travis/build/icyphy/ptII/ptolemy/domains/modal/test/auto/CausalityInterface3.xml
2 ms. Memory: 195584K Free: 113600K (58%)
----------------- Invoking toplevel() on ptolemy.moml.MoMLSimpleApplication@6d5db03d
----------------- Done invoking toplevel() on ptolemy.moml.MoMLSimpleApplication@6d5db03d
reloadAllAccessors: .CausalityInterface3

===========================================================================================
----------------- testing Tue Aug 06 05:19:01 UTC 2019 /home/travis/build/icyphy/ptII/ptolemy/domains/modal/test/auto/CausalityInterface4.xml
----------------- Instantiating /home/travis/build/icyphy/ptII/ptolemy/domains/modal/test/auto/CausalityInterface4.xml
4 ms. Memory: 195584K Free: 107472K (55%)
----------------- Invoking toplevel() on ptolemy.moml.MoMLSimpleApplication@4df3702d
----------------- Done invoking toplevel() on ptolemy.moml.MoMLSimpleApplication@4df3702d
reloadAllAccessors: .CausalityInterface4

===========================================================================================
----------------- testing Tue Aug 06 05:19:01 UTC 2019 /home/travis/build/icyphy/ptII/ptolemy/domains/modal/test/auto/CausalityInterface5.xml
----------------- Instantiating /home/travis/build/icyphy/ptII/ptolemy/domains/modal/test/auto/CausalityInterface5.xml
4 ms. Memory: 195584K Free: 99280K (51%)
----------------- Invoking toplevel() on ptolemy.moml.MoMLSimpleApplication@2821ae2
----------------- Done invoking toplevel() on ptolemy.moml.MoMLSimpleApplication@2821ae2
reloadAllAccessors: .CausalityInterface5

===========================================================================================
----------------- testing Tue Aug 06 05:19:01 UTC 2019 /home/travis/build/icyphy/ptII/ptolemy/domains/modal/test/auto/CausalityInterface6.xml
----------------- Instantiating /home/travis/build/icyphy/ptII/ptolemy/domains/modal/test/auto/CausalityInterface6.xml
5 ms. Memory: 195584K Free: 91088K (47%)
----------------- Invoking toplevel() on ptolemy.moml.MoMLSimpleApplication@7178c553
----------------- Done invoking toplevel() on ptolemy.moml.MoMLSimpleApplication@7178c553
reloadAllAccessors: .CausalityInterface6

===========================================================================================
----------------- testing Tue Aug 06 05:19:01 UTC 2019 /home/travis/build/icyphy/ptII/ptolemy/domains/modal/test/auto/CausalityInterface7.xml
----------------- Instantiating /home/travis/build/icyphy/ptII/ptolemy/domains/modal/test/auto/CausalityInterface7.xml
6 ms. Memory: 195584K Free: 82896K (42%)
----------------- Invoking toplevel() on ptolemy.moml.MoMLSimpleApplication@3df4b2df
----------------- Done invoking toplevel() on ptolemy.moml.MoMLSimpleApplication@3df4b2df
reloadAllAccessors: .CausalityInterface7

===========================================================================================
----------------- testing Tue Aug 06 05:19:01 UTC 2019 /home/travis/build/icyphy/ptII/ptolemy/domains/modal/test/auto/CausalityInterface8.xml
----------------- Instantiating /home/travis/build/icyphy/ptII/ptolemy/domains/modal/test/auto/CausalityInterface8.xml
6 ms. Memory: 195584K Free: 74718K (38%)
----------------- Invoking toplevel() on ptolemy.moml.MoMLSimpleApplication@19010dd
----------------- Done invoking toplevel() on ptolemy.moml.MoMLSimpleApplication@19010dd
reloadAllAccessors: .CausalityInterface8

===========================================================================================
----------------- testing Tue Aug 06 05:19:01 UTC 2019 /home/travis/build/icyphy/ptII/ptolemy/domains/modal/test/auto/CausalityInterface9.xml
----------------- Instantiating /home/travis/build/icyphy/ptII/ptolemy/domains/modal/test/auto/CausalityInterface9.xml
6 ms. Memory: 195584K Free: 65502K (33%)
----------------- Invoking toplevel() on ptolemy.moml.MoMLSimpleApplication@1ec1ef65
----------------- Done invoking toplevel() on ptolemy.moml.MoMLSimpleApplication@1ec1ef65
reloadAllAccessors: .CausalityInterface9

===========================================================================================
----------------- testing Tue Aug 06 05:19:01 UTC 2019 /home/travis/build/icyphy/ptII/ptolemy/domains/modal/test/auto/ChainedTransitions.xml
----------------- Instantiating /home/travis/build/icyphy/ptII/ptolemy/domains/modal/test/auto/ChainedTransitions.xml
106 ms. Memory: 195584K Free: 153056K (78%)
----------------- Invoking toplevel() on ptolemy.moml.MoMLSimpleApplication@316b5044
----------------- Done invoking toplevel() on ptolemy.moml.MoMLSimpleApplication@316b5044
reloadAllAccessors: .ChainedTransitions

===========================================================================================
----------------- testing Tue Aug 06 05:19:01 UTC 2019 /home/travis/build/icyphy/ptII/ptolemy/domains/modal/test/auto/CycleOfImmediateTransitionsFSM.xml
----------------- Instantiating /home/travis/build/icyphy/ptII/ptolemy/domains/modal/test/auto/CycleOfImmediateTransitionsFSM.xml
4 ms. Memory: 195584K Free: 147422K (75%)
----------------- Invoking toplevel() on ptolemy.moml.MoMLSimpleApplication@6562e31b
----------------- Done invoking toplevel() on ptolemy.moml.MoMLSimpleApplication@6562e31b
reloadAllAccessors: .CycleOfImmediateTransitionsFSM

===========================================================================================
----------------- testing Tue Aug 06 05:19:01 UTC 2019 /home/travis/build/icyphy/ptII/ptolemy/domains/modal/test/auto/CycleOfImmediateTransitionsModal.xml
----------------- Instantiating /home/travis/build/icyphy/ptII/ptolemy/domains/modal/test/auto/CycleOfImmediateTransitionsModal.xml
4 ms. Memory: 195584K Free: 141278K (72%)
----------------- Invoking toplevel() on ptolemy.moml.MoMLSimpleApplication@6a60c3f9
----------------- Done invoking toplevel() on ptolemy.moml.MoMLSimpleApplication@6a60c3f9
reloadAllAccessors: .CycleOfImmediateTransitionsModal

===========================================================================================
----------------- testing Tue Aug 06 05:19:01 UTC 2019 /home/travis/build/icyphy/ptII/ptolemy/domains/modal/test/auto/CycleOfImmediateTransitionsModal2.xml
----------------- Instantiating /home/travis/build/icyphy/ptII/ptolemy/domains/modal/test/auto/CycleOfImmediateTransitionsModal2.xml
5 ms. Memory: 195584K Free: 134624K (69%)
----------------- Invoking toplevel() on ptolemy.moml.MoMLSimpleApplication@22b7147c
----------------- Done invoking toplevel() on ptolemy.moml.MoMLSimpleApplication@22b7147c
reloadAllAccessors: .CycleOfImmediateTransitionsModal2

===========================================================================================
----------------- testing Tue Aug 06 05:19:01 UTC 2019 /home/travis/build/icyphy/ptII/ptolemy/domains/modal/test/auto/CycleOfImmediateTransitionsModal3.xml
----------------- Instantiating /home/travis/build/icyphy/ptII/ptolemy/domains/modal/test/auto/CycleOfImmediateTransitionsModal3.xml
14 ms. Memory: 195584K Free: 112096K (57%)
----------------- Invoking toplevel() on ptolemy.moml.MoMLSimpleApplication@f0a0883
----------------- Done invoking toplevel() on ptolemy.moml.MoMLSimpleApplication@f0a0883
reloadAllAccessors: .CycleOfImmediateTransitionsModal3

===========================================================================================
----------------- testing Tue Aug 06 05:19:01 UTC 2019 /home/travis/build/icyphy/ptII/ptolemy/domains/modal/test/auto/DeepModal1.xml
----------------- Instantiating /home/travis/build/icyphy/ptII/ptolemy/domains/modal/test/auto/DeepModal1.xml
26 ms. Memory: 195584K Free: 98240K (50%)
----------------- Invoking toplevel() on ptolemy.moml.MoMLSimpleApplication@69d06f85
----------------- Done invoking toplevel() on ptolemy.moml.MoMLSimpleApplication@69d06f85
reloadAllAccessors: .DeepModal1

===========================================================================================
----------------- testing Tue Aug 06 05:19:01 UTC 2019 /home/travis/build/icyphy/ptII/ptolemy/domains/modal/test/auto/DeepModal2.xml
----------------- Instantiating /home/travis/build/icyphy/ptII/ptolemy/domains/modal/test/auto/DeepModal2.xml
26 ms. Memory: 195584K Free: 79838K (41%)
----------------- Invoking toplevel() on ptolemy.moml.MoMLSimpleApplication@560f29f6
----------------- Done invoking toplevel() on ptolemy.moml.MoMLSimpleApplication@560f29f6
reloadAllAccessors: .DeepModal2

===========================================================================================
----------------- testing Tue Aug 06 05:19:02 UTC 2019 /home/travis/build/icyphy/ptII/ptolemy/domains/modal/test/auto/DeepModal3.xml
----------------- Instantiating /home/travis/build/icyphy/ptII/ptolemy/domains/modal/test/auto/DeepModal3.xml
45 ms. Memory: 235520K Free: 213149K (91%)
----------------- Invoking toplevel() on ptolemy.moml.MoMLSimpleApplication@aa76a6d
----------------- Done invoking toplevel() on ptolemy.moml.MoMLSimpleApplication@aa76a6d
reloadAllAccessors: .DeepModal3

===========================================================================================
----------------- testing Tue Aug 06 05:19:02 UTC 2019 /home/travis/build/icyphy/ptII/ptolemy/domains/modal/test/auto/DeepModal4.xml
----------------- Instantiating /home/travis/build/icyphy/ptII/ptolemy/domains/modal/test/auto/DeepModal4.xml
31 ms. Memory: 235520K Free: 193488K (82%)
----------------- Invoking toplevel() on ptolemy.moml.MoMLSimpleApplication@39b5d8e9
----------------- Done invoking toplevel() on ptolemy.moml.MoMLSimpleApplication@39b5d8e9
reloadAllAccessors: .DeepModal4

===========================================================================================
----------------- testing Tue Aug 06 05:19:02 UTC 2019 /home/travis/build/icyphy/ptII/ptolemy/domains/modal/test/auto/Default1.xml
----------------- Instantiating /home/travis/build/icyphy/ptII/ptolemy/domains/modal/test/auto/Default1.xml
2 ms. Memory: 235520K Free: 187358K (80%)
----------------- Invoking toplevel() on ptolemy.moml.MoMLSimpleApplication@571161c0
----------------- Done invoking toplevel() on ptolemy.moml.MoMLSimpleApplication@571161c0
reloadAllAccessors: .Default1

===========================================================================================
----------------- testing Tue Aug 06 05:19:02 UTC 2019 /home/travis/build/icyphy/ptII/ptolemy/domains/modal/test/auto/Default2.xml
----------------- Instantiating /home/travis/build/icyphy/ptII/ptolemy/domains/modal/test/auto/Default2.xml
9 ms. Memory: 235520K Free: 181728K (77%)
----------------- Invoking toplevel() on ptolemy.moml.MoMLSimpleApplication@1e38caab
----------------- Done invoking toplevel() on ptolemy.moml.MoMLSimpleApplication@1e38caab
reloadAllAccessors: .Default2

===========================================================================================
----------------- testing Tue Aug 06 05:19:02 UTC 2019 /home/travis/build/icyphy/ptII/ptolemy/domains/modal/test/auto/Default3.xml
----------------- Instantiating /home/travis/build/icyphy/ptII/ptolemy/domains/modal/test/auto/Default3.xml
5 ms. Memory: 235520K Free: 175070K (74%)
----------------- Invoking toplevel() on ptolemy.moml.MoMLSimpleApplication@53d3a72c
----------------- Done invoking toplevel() on ptolemy.moml.MoMLSimpleApplication@53d3a72c
reloadAllAccessors: .Default3

===========================================================================================
----------------- testing Tue Aug 06 05:19:02 UTC 2019 /home/travis/build/icyphy/ptII/ptolemy/domains/modal/test/auto/Default4.xml
----------------- Instantiating /home/travis/build/icyphy/ptII/ptolemy/domains/modal/test/auto/Default4.xml
3 ms. Memory: 235520K Free: 168926K (72%)
----------------- Invoking toplevel() on ptolemy.moml.MoMLSimpleApplication@4ba617ce
----------------- Done invoking toplevel() on ptolemy.moml.MoMLSimpleApplication@4ba617ce
reloadAllAccessors: .Default4

===========================================================================================
----------------- testing Tue Aug 06 05:19:02 UTC 2019 /home/travis/build/icyphy/ptII/ptolemy/domains/modal/test/auto/Default5.xml
----------------- Instantiating /home/travis/build/icyphy/ptII/ptolemy/domains/modal/test/auto/Default5.xml
8 ms. Memory: 235520K Free: 160720K (68%)
----------------- Invoking toplevel() on ptolemy.moml.MoMLSimpleApplication@5449f2f4
----------------- Done invoking toplevel() on ptolemy.moml.MoMLSimpleApplication@5449f2f4
reloadAllAccessors: .Default5

===========================================================================================
----------------- testing Tue Aug 06 05:19:02 UTC 2019 /home/travis/build/icyphy/ptII/ptolemy/domains/modal/test/auto/EmptyGuard.xml
----------------- Instantiating /home/travis/build/icyphy/ptII/ptolemy/domains/modal/test/auto/EmptyGuard.xml
14 ms. Memory: 235520K Free: 153056K (65%)
----------------- Invoking toplevel() on ptolemy.moml.MoMLSimpleApplication@71fb4fc8
----------------- Done invoking toplevel() on ptolemy.moml.MoMLSimpleApplication@71fb4fc8
reloadAllAccessors: .EmptyGuard

===========================================================================================
----------------- testing Tue Aug 06 05:19:02 UTC 2019 /home/travis/build/icyphy/ptII/ptolemy/domains/modal/test/auto/ErrorTransition1.xml
----------------- Instantiating /home/travis/build/icyphy/ptII/ptolemy/domains/modal/test/auto/ErrorTransition1.xml
9 ms. Memory: 235520K Free: 144350K (61%)
----------------- Invoking toplevel() on ptolemy.moml.MoMLSimpleApplication@528cf2b8
----------------- Done invoking toplevel() on ptolemy.moml.MoMLSimpleApplication@528cf2b8
reloadAllAccessors: .ErrorTransition1

===========================================================================================
----------------- testing Tue Aug 06 05:19:02 UTC 2019 /home/travis/build/icyphy/ptII/ptolemy/domains/modal/test/auto/ErrorTransition10.xml
----------------- Instantiating /home/travis/build/icyphy/ptII/ptolemy/domains/modal/test/auto/ErrorTransition10.xml
18 ms. Memory: 235520K Free: 131024K (56%)
----------------- Invoking toplevel() on ptolemy.moml.MoMLSimpleApplication@5d26dbd
----------------- Done invoking toplevel() on ptolemy.moml.MoMLSimpleApplication@5d26dbd
reloadAllAccessors: .ErrorTransition10

===========================================================================================
----------------- testing Tue Aug 06 05:19:02 UTC 2019 /home/travis/build/icyphy/ptII/ptolemy/domains/modal/test/auto/ErrorTransition11.xml
----------------- Instantiating /home/travis/build/icyphy/ptII/ptolemy/domains/modal/test/auto/ErrorTransition11.xml
5 ms. Memory: 235520K Free: 119774K (51%)
----------------- Invoking toplevel() on ptolemy.moml.MoMLSimpleApplication@352d7a0a
----------------- Done invoking toplevel() on ptolemy.moml.MoMLSimpleApplication@352d7a0a
reloadAllAccessors: .ErrorTransition11

===========================================================================================
----------------- testing Tue Aug 06 05:19:02 UTC 2019 /home/travis/build/icyphy/ptII/ptolemy/domains/modal/test/auto/ErrorTransition2.xml
----------------- Instantiating /home/travis/build/icyphy/ptII/ptolemy/domains/modal/test/auto/ErrorTransition2.xml
6 ms. Memory: 235520K Free: 110558K (47%)
----------------- Invoking toplevel() on ptolemy.moml.MoMLSimpleApplication@1190432a
----------------- Done invoking toplevel() on ptolemy.moml.MoMLSimpleApplication@1190432a
reloadAllAccessors: .ErrorTransition2

===========================================================================================
----------------- testing Tue Aug 06 05:19:02 UTC 2019 /home/travis/build/icyphy/ptII/ptolemy/domains/modal/test/auto/ErrorTransition3.xml
----------------- Instantiating /home/travis/build/icyphy/ptII/ptolemy/domains/modal/test/auto/ErrorTransition3.xml
13 ms. Memory: 235520K Free: 100832K (43%)
----------------- Invoking toplevel() on ptolemy.moml.MoMLSimpleApplication@72a08e97
----------------- Done invoking toplevel() on ptolemy.moml.MoMLSimpleApplication@72a08e97
reloadAllAccessors: .ErrorTransition3

===========================================================================================
----------------- testing Tue Aug 06 05:19:02 UTC 2019 /home/travis/build/icyphy/ptII/ptolemy/domains/modal/test/auto/ErrorTransition4.xml
----------------- Instantiating /home/travis/build/icyphy/ptII/ptolemy/domains/modal/test/auto/ErrorTransition4.xml
12 ms. Memory: 235520K Free: 89568K (38%)
----------------- Invoking toplevel() on ptolemy.moml.MoMLSimpleApplication@40385efd
----------------- Done invoking toplevel() on ptolemy.moml.MoMLSimpleApplication@40385efd
reloadAllAccessors: .ErrorTransition4

===========================================================================================
----------------- testing Tue Aug 06 05:19:02 UTC 2019 /home/travis/build/icyphy/ptII/ptolemy/domains/modal/test/auto/ErrorTransition5.xml
----------------- Instantiating /home/travis/build/icyphy/ptII/ptolemy/domains/modal/test/auto/ErrorTransition5.xml
11 ms. Memory: 235520K Free: 212944K (90%)
----------------- Invoking toplevel() on ptolemy.moml.MoMLSimpleApplication@33546204
----------------- Done invoking toplevel() on ptolemy.moml.MoMLSimpleApplication@33546204
reloadAllAccessors: .ErrorTransition5

===========================================================================================
----------------- testing Tue Aug 06 05:19:02 UTC 2019 /home/travis/build/icyphy/ptII/ptolemy/domains/modal/test/auto/ErrorTransition6.xml
----------------- Instantiating /home/travis/build/icyphy/ptII/ptolemy/domains/modal/test/auto/ErrorTransition6.xml
10 ms. Memory: 235520K Free: 202208K (86%)
----------------- Invoking toplevel() on ptolemy.moml.MoMLSimpleApplication@b26d1d
----------------- Done invoking toplevel() on ptolemy.moml.MoMLSimpleApplication@b26d1d
reloadAllAccessors: .ErrorTransition6

===========================================================================================
----------------- testing Tue Aug 06 05:19:02 UTC 2019 /home/travis/build/icyphy/ptII/ptolemy/domains/modal/test/auto/ErrorTransition7.xml
----------------- Instantiating /home/travis/build/icyphy/ptII/ptolemy/domains/modal/test/auto/ErrorTransition7.xml
15 ms. Memory: 235520K Free: 189400K (80%)
----------------- Invoking toplevel() on ptolemy.moml.MoMLSimpleApplication@69e1dcd4
----------------- Done invoking toplevel() on ptolemy.moml.MoMLSimpleApplication@69e1dcd4
reloadAllAccessors: .ErrorTransition7

===========================================================================================
----------------- testing Tue Aug 06 05:19:02 UTC 2019 /home/travis/build/icyphy/ptII/ptolemy/domains/modal/test/auto/ErrorTransition8.xml
----------------- Instantiating /home/travis/build/icyphy/ptII/ptolemy/domains/modal/test/auto/ErrorTransition8.xml
14 ms. Memory: 235520K Free: 176608K (75%)
----------------- Invoking toplevel() on ptolemy.moml.MoMLSimpleApplication@47f2dac4
----------------- Done invoking toplevel() on ptolemy.moml.MoMLSimpleApplication@47f2dac4
reloadAllAccessors: .ErrorTransition8

===========================================================================================
----------------- testing Tue Aug 06 05:19:02 UTC 2019 /home/travis/build/icyphy/ptII/ptolemy/domains/modal/test/auto/ErrorTransition9.xml
----------------- Instantiating /home/travis/build/icyphy/ptII/ptolemy/domains/modal/test/auto/ErrorTransition9.xml
12 ms. Memory: 235520K Free: 163296K (69%)
----------------- Invoking toplevel() on ptolemy.moml.MoMLSimpleApplication@6338d2b5
----------------- Done invoking toplevel() on ptolemy.moml.MoMLSimpleApplication@6338d2b5
reloadAllAccessors: .ErrorTransition9

===========================================================================================
----------------- testing Tue Aug 06 05:19:02 UTC 2019 /home/travis/build/icyphy/ptII/ptolemy/domains/modal/test/auto/ExtendedFSM.xml
----------------- Instantiating /home/travis/build/icyphy/ptII/ptolemy/domains/modal/test/auto/ExtendedFSM.xml
7 ms. Memory: 235520K Free: 155104K (66%)
----------------- Invoking toplevel() on ptolemy.moml.MoMLSimpleApplication@3c952fe
----------------- Done invoking toplevel() on ptolemy.moml.MoMLSimpleApplication@3c952fe
reloadAllAccessors: .ExtendedFSM

===========================================================================================
----------------- testing Tue Aug 06 05:19:02 UTC 2019 /home/travis/build/icyphy/ptII/ptolemy/domains/modal/test/auto/FinalStates.xml
----------------- Instantiating /home/travis/build/icyphy/ptII/ptolemy/domains/modal/test/auto/FinalStates.xml
8 ms. Memory: 235520K Free: 146912K (62%)
----------------- Invoking toplevel() on ptolemy.moml.MoMLSimpleApplication@4d8728d
----------------- Done invoking toplevel() on ptolemy.moml.MoMLSimpleApplication@4d8728d
reloadAllAccessors: .FinalStates

===========================================================================================
----------------- testing Tue Aug 06 05:19:02 UTC 2019 /home/travis/build/icyphy/ptII/ptolemy/domains/modal/test/auto/FixedPointFSM.xml
----------------- Instantiating /home/travis/build/icyphy/ptII/ptolemy/domains/modal/test/auto/FixedPointFSM.xml
22 ms. Memory: 235520K Free: 132062K (56%)
----------------- Invoking toplevel() on ptolemy.moml.MoMLSimpleApplication@4f58a64b
----------------- Done invoking toplevel() on ptolemy.moml.MoMLSimpleApplication@4f58a64b
reloadAllAccessors: .FixedPointFSM

===========================================================================================
----------------- testing Tue Aug 06 05:19:02 UTC 2019 /home/travis/build/icyphy/ptII/ptolemy/domains/modal/test/auto/FixedPointIterationFSMActor.xml
----------------- Instantiating /home/travis/build/icyphy/ptII/ptolemy/domains/modal/test/auto/FixedPointIterationFSMActor.xml
8 ms. Memory: 235520K Free: 120792K (51%)
----------------- Invoking toplevel() on ptolemy.moml.MoMLSimpleApplication@71a923d2
----------------- Done invoking toplevel() on ptolemy.moml.MoMLSimpleApplication@71a923d2
reloadAllAccessors: .FixedPointIterationFSMActor

===========================================================================================
----------------- testing Tue Aug 06 05:19:02 UTC 2019 /home/travis/build/icyphy/ptII/ptolemy/domains/modal/test/auto/FixedPointIterationFSMActor2.xml
----------------- Instantiating /home/travis/build/icyphy/ptII/ptolemy/domains/modal/test/auto/FixedPointIterationFSMActor2.xml
10 ms. Memory: 235520K Free: 108504K (46%)
----------------- Invoking toplevel() on ptolemy.moml.MoMLSimpleApplication@3645fe8b
----------------- Done invoking toplevel() on ptolemy.moml.MoMLSimpleApplication@3645fe8b
reloadAllAccessors: .FixedPointIterationFSMActor2

===========================================================================================
----------------- testing Tue Aug 06 05:19:02 UTC 2019 /home/travis/build/icyphy/ptII/ptolemy/domains/modal/test/auto/ForbiddenInstantanousLoop.xml
----------------- Instantiating /home/travis/build/icyphy/ptII/ptolemy/domains/modal/test/auto/ForbiddenInstantanousLoop.xml
7 ms. Memory: 235520K Free: 96704K (41%)
----------------- Invoking toplevel() on ptolemy.moml.MoMLSimpleApplication@365d6dc0
----------------- Done invoking toplevel() on ptolemy.moml.MoMLSimpleApplication@365d6dc0
reloadAllAccessors: .ForbiddenInstantanousLoop

===========================================================================================
----------------- testing Tue Aug 06 05:19:03 UTC 2019 /home/travis/build/icyphy/ptII/ptolemy/domains/modal/test/auto/FunctionDependencyOfFSMActorTest.xml
----------------- Instantiating /home/travis/build/icyphy/ptII/ptolemy/domains/modal/test/auto/FunctionDependencyOfFSMActorTest.xml
13 ms. Memory: 235520K Free: 89568K (38%)
----------------- Invoking toplevel() on ptolemy.moml.MoMLSimpleApplication@1f7be119
----------------- Done invoking toplevel() on ptolemy.moml.MoMLSimpleApplication@1f7be119
reloadAllAccessors: .FunctionDependencyOfFSMActorTest

===========================================================================================
----------------- testing Tue Aug 06 05:19:03 UTC 2019 /home/travis/build/icyphy/ptII/ptolemy/domains/modal/test/auto/GuardExpression.xml
----------------- Instantiating /home/travis/build/icyphy/ptII/ptolemy/domains/modal/test/auto/GuardExpression.xml
2 ms. Memory: 235520K Free: 84448K (36%)
----------------- Invoking toplevel() on ptolemy.moml.MoMLSimpleApplication@4956808b
----------------- Done invoking toplevel() on ptolemy.moml.MoMLSimpleApplication@4956808b
reloadAllAccessors: .GuardExpression

===========================================================================================
----------------- testing Tue Aug 06 05:19:03 UTC 2019 /home/travis/build/icyphy/ptII/ptolemy/domains/modal/test/auto/GuardNotEvaluated.xml
----------------- Instantiating /home/travis/build/icyphy/ptII/ptolemy/domains/modal/test/auto/GuardNotEvaluated.xml
7 ms. Memory: 235520K Free: 212151K (90%)
----------------- Invoking toplevel() on ptolemy.moml.MoMLSimpleApplication@234a3804
----------------- Done invoking toplevel() on ptolemy.moml.MoMLSimpleApplication@234a3804
reloadAllAccessors: .GuardNotEvaluated

===========================================================================================
----------------- testing Tue Aug 06 05:19:03 UTC 2019 /home/travis/build/icyphy/ptII/ptolemy/domains/modal/test/auto/GuardNotEvaluated2.xml
----------------- Instantiating /home/travis/build/icyphy/ptII/ptolemy/domains/modal/test/auto/GuardNotEvaluated2.xml
7 ms. Memory: 235520K Free: 202439K (86%)
----------------- Invoking toplevel() on ptolemy.moml.MoMLSimpleApplication@70518106
----------------- Done invoking toplevel() on ptolemy.moml.MoMLSimpleApplication@70518106
reloadAllAccessors: .GuardNotEvaluated2

===========================================================================================
----------------- testing Tue Aug 06 05:19:03 UTC 2019 /home/travis/build/icyphy/ptII/ptolemy/domains/modal/test/auto/GuardOnAbsent.xml
----------------- Instantiating /home/travis/build/icyphy/ptII/ptolemy/domains/modal/test/auto/GuardOnAbsent.xml
9 ms. Memory: 235520K Free: 194725K (83%)
----------------- Invoking toplevel() on ptolemy.moml.MoMLSimpleApplication@4b91978e
----------------- Done invoking toplevel() on ptolemy.moml.MoMLSimpleApplication@4b91978e
reloadAllAccessors: .GuardOnAbsent

===========================================================================================
----------------- testing Tue Aug 06 05:19:03 UTC 2019 /home/travis/build/icyphy/ptII/ptolemy/domains/modal/test/auto/HierarchicalFSMTypeInference.xml
----------------- Instantiating /home/travis/build/icyphy/ptII/ptolemy/domains/modal/test/auto/HierarchicalFSMTypeInference.xml
5 ms. Memory: 235520K Free: 184007K (78%)
----------------- Invoking toplevel() on ptolemy.moml.MoMLSimpleApplication@2f321934
----------------- Done invoking toplevel() on ptolemy.moml.MoMLSimpleApplication@2f321934
reloadAllAccessors: .HierarchicalFSMTypeInference

===========================================================================================
----------------- testing Tue Aug 06 05:19:03 UTC 2019 /home/travis/build/icyphy/ptII/ptolemy/domains/modal/test/auto/Hysteresis.xml
----------------- Instantiating /home/travis/build/icyphy/ptII/ptolemy/domains/modal/test/auto/Hysteresis.xml
14 ms. Memory: 235520K Free: 170695K (72%)
----------------- Invoking toplevel() on ptolemy.moml.MoMLSimpleApplication@30dfe12c
----------------- Done invoking toplevel() on ptolemy.moml.MoMLSimpleApplication@30dfe12c
reloadAllAccessors: .Hysteresis

===========================================================================================
----------------- testing Tue Aug 06 05:19:03 UTC 2019 /home/travis/build/icyphy/ptII/ptolemy/domains/modal/test/auto/HysteresisWithDefault.xml
----------------- Instantiating /home/travis/build/icyphy/ptII/ptolemy/domains/modal/test/auto/HysteresisWithDefault.xml
42 ms. Memory: 235520K Free: 147639K (63%)
----------------- Invoking toplevel() on ptolemy.moml.MoMLSimpleApplication@362da059
----------------- Done invoking toplevel() on ptolemy.moml.MoMLSimpleApplication@362da059
reloadAllAccessors: .HysteresisWithDefault

===========================================================================================
----------------- testing Tue Aug 06 05:19:03 UTC 2019 /home/travis/build/icyphy/ptII/ptolemy/domains/modal/test/auto/HysteresisWithDefault2.xml
----------------- Instantiating /home/travis/build/icyphy/ptII/ptolemy/domains/modal/test/auto/HysteresisWithDefault2.xml
52 ms. Memory: 235520K Free: 117957K (50%)
----------------- Invoking toplevel() on ptolemy.moml.MoMLSimpleApplication@1a4ecdd6
----------------- Done invoking toplevel() on ptolemy.moml.MoMLSimpleApplication@1a4ecdd6
reloadAllAccessors: .HysteresisWithDefault2

===========================================================================================
----------------- testing Tue Aug 06 05:19:03 UTC 2019 /home/travis/build/icyphy/ptII/ptolemy/domains/modal/test/auto/ImmediateNonConstructiveness.xml
----------------- Instantiating /home/travis/build/icyphy/ptII/ptolemy/domains/modal/test/auto/ImmediateNonConstructiveness.xml
3 ms. Memory: 235520K Free: 110775K (47%)
----------------- Invoking toplevel() on ptolemy.moml.MoMLSimpleApplication@3bd5fc6
----------------- Done invoking toplevel() on ptolemy.moml.MoMLSimpleApplication@3bd5fc6
reloadAllAccessors: .ImmediateNonConstructiveness

===========================================================================================
----------------- testing Tue Aug 06 05:19:03 UTC 2019 /home/travis/build/icyphy/ptII/ptolemy/domains/modal/test/auto/ImmediateNonConstructiveness2.xml
----------------- Instantiating /home/travis/build/icyphy/ptII/ptolemy/domains/modal/test/auto/ImmediateNonConstructiveness2.xml
2 ms. Memory: 235520K Free: 104135K (44%)
----------------- Invoking toplevel() on ptolemy.moml.MoMLSimpleApplication@16b9c9d1
----------------- Done invoking toplevel() on ptolemy.moml.MoMLSimpleApplication@16b9c9d1
reloadAllAccessors: .ImmediateNonConstructiveness2

===========================================================================================
----------------- testing Tue Aug 06 05:19:03 UTC 2019 /home/travis/build/icyphy/ptII/ptolemy/domains/modal/test/auto/ImmediateTransitionReset.xml
----------------- Instantiating /home/travis/build/icyphy/ptII/ptolemy/domains/modal/test/auto/ImmediateTransitionReset.xml
9 ms. Memory: 235520K Free: 91847K (39%)
----------------- Invoking toplevel() on ptolemy.moml.MoMLSimpleApplication@2fe00353
----------------- Done invoking toplevel() on ptolemy.moml.MoMLSimpleApplication@2fe00353
reloadAllAccessors: .ImmediateTransitionReset

===========================================================================================
----------------- testing Tue Aug 06 05:19:03 UTC 2019 /home/travis/build/icyphy/ptII/ptolemy/domains/modal/test/auto/ImmediateTransitions1.xml
----------------- Instantiating /home/travis/build/icyphy/ptII/ptolemy/domains/modal/test/auto/ImmediateTransitions1.xml
2 ms. Memory: 235520K Free: 86727K (37%)
----------------- Invoking toplevel() on ptolemy.moml.MoMLSimpleApplication@21d7a2de
----------------- Done invoking toplevel() on ptolemy.moml.MoMLSimpleApplication@21d7a2de
reloadAllAccessors: .ImmediateTransitions1

===========================================================================================
----------------- testing Tue Aug 06 05:19:03 UTC 2019 /home/travis/build/icyphy/ptII/ptolemy/domains/modal/test/auto/ImmediateTransitionsInstantaneousCommunication.xml
----------------- Instantiating /home/travis/build/icyphy/ptII/ptolemy/domains/modal/test/auto/ImmediateTransitionsInstantaneousCommunication.xml
4 ms. Memory: 235520K Free: 210582K (89%)
----------------- Invoking toplevel() on ptolemy.moml.MoMLSimpleApplication@4718c921
----------------- Done invoking toplevel() on ptolemy.moml.MoMLSimpleApplication@4718c921
reloadAllAccessors: .ImmediateTransitionsInstantaneousCommunication

===========================================================================================
----------------- testing Tue Aug 06 05:19:03 UTC 2019 /home/travis/build/icyphy/ptII/ptolemy/domains/modal/test/auto/InitialImmediateTransition.xml
----------------- Instantiating /home/travis/build/icyphy/ptII/ptolemy/domains/modal/test/auto/InitialImmediateTransition.xml
4 ms. Memory: 235520K Free: 203414K (86%)
----------------- Invoking toplevel() on ptolemy.moml.MoMLSimpleApplication@343f83bc
----------------- Done invoking toplevel() on ptolemy.moml.MoMLSimpleApplication@343f83bc
reloadAllAccessors: .InitialImmediateTransition

===========================================================================================
----------------- testing Tue Aug 06 05:19:03 UTC 2019 /home/travis/build/icyphy/ptII/ptolemy/domains/modal/test/auto/InitialOutputs.xml
----------------- Instantiating /home/travis/build/icyphy/ptII/ptolemy/domains/modal/test/auto/InitialOutputs.xml
3 ms. Memory: 235520K Free: 197270K (84%)
----------------- Invoking toplevel() on ptolemy.moml.MoMLSimpleApplication@416c0e6e
----------------- Done invoking toplevel() on ptolemy.moml.MoMLSimpleApplication@416c0e6e
reloadAllAccessors: .InitialOutputs

===========================================================================================
----------------- testing Tue Aug 06 05:19:03 UTC 2019 /home/travis/build/icyphy/ptII/ptolemy/domains/modal/test/auto/InitialStateTransition1.xml
----------------- Instantiating /home/travis/build/icyphy/ptII/ptolemy/domains/modal/test/auto/InitialStateTransition1.xml
3 ms. Memory: 235520K Free: 190102K (81%)
----------------- Invoking toplevel() on ptolemy.moml.MoMLSimpleApplication@5867d88f
----------------- Done invoking toplevel() on ptolemy.moml.MoMLSimpleApplication@5867d88f
reloadAllAccessors: .InitialStateTransition1

===========================================================================================
----------------- testing Tue Aug 06 05:19:03 UTC 2019 /home/travis/build/icyphy/ptII/ptolemy/domains/modal/test/auto/InitialStateTransition2.xml
----------------- Instantiating /home/travis/build/icyphy/ptII/ptolemy/domains/modal/test/auto/InitialStateTransition2.xml
.InitialStateTransition2.TestExceptionAttributeNonConstructive: initialize() was not invoked, but wrapup() was.  This is unusual, but not always a problem.  For example, exporting JNLP will do this.
1 ms. Memory: 235520K Free: 182934K (78%)
----------------- Invoking toplevel() on ptolemy.moml.MoMLSimpleApplication@6f21a3ab
----------------- Done invoking toplevel() on ptolemy.moml.MoMLSimpleApplication@6f21a3ab
reloadAllAccessors: .InitialStateTransition2

===========================================================================================
----------------- testing Tue Aug 06 05:19:03 UTC 2019 /home/travis/build/icyphy/ptII/ptolemy/domains/modal/test/auto/InitialStateTransition3.xml
----------------- Instantiating /home/travis/build/icyphy/ptII/ptolemy/domains/modal/test/auto/InitialStateTransition3.xml
5 ms. Memory: 235520K Free: 174228K (74%)
----------------- Invoking toplevel() on ptolemy.moml.MoMLSimpleApplication@2ed7d6ea
----------------- Done invoking toplevel() on ptolemy.moml.MoMLSimpleApplication@2ed7d6ea
reloadAllAccessors: .InitialStateTransition3

===========================================================================================
----------------- testing Tue Aug 06 05:19:03 UTC 2019 /home/travis/build/icyphy/ptII/ptolemy/domains/modal/test/auto/InitialStateTransition4.xml
----------------- Instantiating /home/travis/build/icyphy/ptII/ptolemy/domains/modal/test/auto/InitialStateTransition4.xml
4 ms. Memory: 235520K Free: 164502K (70%)
----------------- Invoking toplevel() on ptolemy.moml.MoMLSimpleApplication@4bc990e0
----------------- Done invoking toplevel() on ptolemy.moml.MoMLSimpleApplication@4bc990e0
[...]
reloadAllAccessors: .TerminationTransition3

===========================================================================================
----------------- testing Tue Aug 06 05:19:05 UTC 2019 /home/travis/build/icyphy/ptII/ptolemy/domains/modal/test/auto/TerminationTransition4.xml
----------------- Instantiating /home/travis/build/icyphy/ptII/ptolemy/domains/modal/test/auto/TerminationTransition4.xml
7 ms. Memory: 282624K Free: 254810K (90%)
----------------- Invoking toplevel() on ptolemy.moml.MoMLSimpleApplication@5ab8e142
----------------- Done invoking toplevel() on ptolemy.moml.MoMLSimpleApplication@5ab8e142
reloadAllAccessors: .TerminationTransition4

===========================================================================================
----------------- testing Tue Aug 06 05:19:05 UTC 2019 /home/travis/build/icyphy/ptII/ptolemy/domains/modal/test/auto/TerminationTransition5.xml
----------------- Instantiating /home/travis/build/icyphy/ptII/ptolemy/domains/modal/test/auto/TerminationTransition5.xml
2 ms. Memory: 282624K Free: 241018K (85%)
----------------- Invoking toplevel() on ptolemy.moml.MoMLSimpleApplication@6fce07e7
----------------- Done invoking toplevel() on ptolemy.moml.MoMLSimpleApplication@6fce07e7
reloadAllAccessors: .TerminationTransition5

===========================================================================================
----------------- testing Tue Aug 06 05:19:05 UTC 2019 /home/travis/build/icyphy/ptII/ptolemy/domains/modal/test/auto/TerminationTransition6.xml
----------------- Instantiating /home/travis/build/icyphy/ptII/ptolemy/domains/modal/test/auto/TerminationTransition6.xml
2 ms. Memory: 282624K Free: 232312K (82%)
----------------- Invoking toplevel() on ptolemy.moml.MoMLSimpleApplication@4ae75190
----------------- Done invoking toplevel() on ptolemy.moml.MoMLSimpleApplication@4ae75190
reloadAllAccessors: .TerminationTransition6

===========================================================================================
----------------- testing Tue Aug 06 05:19:05 UTC 2019 /home/travis/build/icyphy/ptII/ptolemy/domains/modal/test/auto/TerminationTransition7.xml
----------------- Instantiating /home/travis/build/icyphy/ptII/ptolemy/domains/modal/test/auto/TerminationTransition7.xml
2 ms. Memory: 282624K Free: 222586K (79%)
----------------- Invoking toplevel() on ptolemy.moml.MoMLSimpleApplication@77c8570a
----------------- Done invoking toplevel() on ptolemy.moml.MoMLSimpleApplication@77c8570a
reloadAllAccessors: .TerminationTransition7

===========================================================================================
----------------- testing Tue Aug 06 05:19:05 UTC 2019 /home/travis/build/icyphy/ptII/ptolemy/domains/modal/test/auto/TerminationTransition8.xml
----------------- Instantiating /home/travis/build/icyphy/ptII/ptolemy/domains/modal/test/auto/TerminationTransition8.xml
1 ms. Memory: 282624K Free: 212856K (75%)
----------------- Invoking toplevel() on ptolemy.moml.MoMLSimpleApplication@385f463c
----------------- Done invoking toplevel() on ptolemy.moml.MoMLSimpleApplication@385f463c
reloadAllAccessors: .TerminationTransition8

===========================================================================================
----------------- testing Tue Aug 06 05:19:05 UTC 2019 /home/travis/build/icyphy/ptII/ptolemy/domains/modal/test/auto/Thermostat_NoHysteresis.xml
----------------- Instantiating /home/travis/build/icyphy/ptII/ptolemy/domains/modal/test/auto/Thermostat_NoHysteresis.xml
26 ms. Memory: 282624K Free: 187770K (66%)
----------------- Invoking toplevel() on ptolemy.moml.MoMLSimpleApplication@2d54a08
----------------- Done invoking toplevel() on ptolemy.moml.MoMLSimpleApplication@2d54a08
reloadAllAccessors: .Thermostat_NoHysteresis

===========================================================================================
----------------- testing Tue Aug 06 05:19:05 UTC 2019 /home/travis/build/icyphy/ptII/ptolemy/domains/modal/test/auto/TimedFSM.xml
----------------- Instantiating /home/travis/build/icyphy/ptII/ptolemy/domains/modal/test/auto/TimedFSM.xml
9 ms. Memory: 282624K Free: 175992K (62%)
----------------- Invoking toplevel() on ptolemy.moml.MoMLSimpleApplication@248289f5
----------------- Done invoking toplevel() on ptolemy.moml.MoMLSimpleApplication@248289f5
reloadAllAccessors: .TimedFSM

===========================================================================================
----------------- testing Tue Aug 06 05:19:05 UTC 2019 /home/travis/build/icyphy/ptII/ptolemy/domains/modal/test/auto/Timeout1.xml
----------------- Instantiating /home/travis/build/icyphy/ptII/ptolemy/domains/modal/test/auto/Timeout1.xml
3 ms. Memory: 282624K Free: 170362K (60%)
----------------- Invoking toplevel() on ptolemy.moml.MoMLSimpleApplication@617ee694
----------------- Done invoking toplevel() on ptolemy.moml.MoMLSimpleApplication@617ee694
reloadAllAccessors: .Timeout1

===========================================================================================
----------------- testing Tue Aug 06 05:19:06 UTC 2019 /home/travis/build/icyphy/ptII/ptolemy/domains/modal/test/auto/Timeout2.xml
----------------- Instantiating /home/travis/build/icyphy/ptII/ptolemy/domains/modal/test/auto/Timeout2.xml
8 ms. Memory: 282624K Free: 161642K (57%)
----------------- Invoking toplevel() on ptolemy.moml.MoMLSimpleApplication@6bc7227
----------------- Done invoking toplevel() on ptolemy.moml.MoMLSimpleApplication@6bc7227
reloadAllAccessors: .Timeout2

===========================================================================================
----------------- testing Tue Aug 06 05:19:06 UTC 2019 /home/travis/build/icyphy/ptII/ptolemy/domains/modal/test/auto/Timeout3.xml
----------------- Instantiating /home/travis/build/icyphy/ptII/ptolemy/domains/modal/test/auto/Timeout3.xml
2 ms. Memory: 282624K Free: 156522K (55%)
----------------- Invoking toplevel() on ptolemy.moml.MoMLSimpleApplication@4555c7e
----------------- Done invoking toplevel() on ptolemy.moml.MoMLSimpleApplication@4555c7e
reloadAllAccessors: .Timeout3

===========================================================================================
----------------- testing Tue Aug 06 05:19:06 UTC 2019 /home/travis/build/icyphy/ptII/ptolemy/domains/modal/test/auto/Timeout4.xml
----------------- Instantiating /home/travis/build/icyphy/ptII/ptolemy/domains/modal/test/auto/Timeout4.xml
9 ms. Memory: 282624K Free: 151416K (54%)
----------------- Invoking toplevel() on ptolemy.moml.MoMLSimpleApplication@4200d4d5
----------------- Done invoking toplevel() on ptolemy.moml.MoMLSimpleApplication@4200d4d5
reloadAllAccessors: .Timeout4

===========================================================================================
----------------- testing Tue Aug 06 05:19:06 UTC 2019 /home/travis/build/icyphy/ptII/ptolemy/domains/modal/test/auto/TransientstateModelAdvanced.xml
----------------- Instantiating /home/travis/build/icyphy/ptII/ptolemy/domains/modal/test/auto/TransientstateModelAdvanced.xml
3 ms. Memory: 282624K Free: 139122K (49%)
----------------- Invoking toplevel() on ptolemy.moml.MoMLSimpleApplication@7247b45c
----------------- Done invoking toplevel() on ptolemy.moml.MoMLSimpleApplication@7247b45c
reloadAllAccessors: .TransientstateModelAdvanced

===========================================================================================
----------------- testing Tue Aug 06 05:19:06 UTC 2019 /home/travis/build/icyphy/ptII/ptolemy/domains/modal/test/auto/TransientstateModelAdvanced2.xml
----------------- Instantiating /home/travis/build/icyphy/ptII/ptolemy/domains/modal/test/auto/TransientstateModelAdvanced2.xml
3 ms. Memory: 282624K Free: 124778K (44%)
----------------- Invoking toplevel() on ptolemy.moml.MoMLSimpleApplication@398beac2
----------------- Done invoking toplevel() on ptolemy.moml.MoMLSimpleApplication@398beac2
reloadAllAccessors: .transientstatemodelAdvanced

===========================================================================================
----------------- testing Tue Aug 06 05:19:06 UTC 2019 /home/travis/build/icyphy/ptII/ptolemy/domains/modal/test/auto/TransitionRefinements.xml
----------------- Instantiating /home/travis/build/icyphy/ptII/ptolemy/domains/modal/test/auto/TransitionRefinements.xml
7 ms. Memory: 282624K Free: 115066K (41%)
----------------- Invoking toplevel() on ptolemy.moml.MoMLSimpleApplication@4ed24062
----------------- Done invoking toplevel() on ptolemy.moml.MoMLSimpleApplication@4ed24062
reloadAllAccessors: .TransitionRefinements

===========================================================================================
----------------- testing Tue Aug 06 05:19:06 UTC 2019 /home/travis/build/icyphy/ptII/ptolemy/domains/modal/test/auto/TwoRefinements1.xml
----------------- Instantiating /home/travis/build/icyphy/ptII/ptolemy/domains/modal/test/auto/TwoRefinements1.xml
3 ms. Memory: 282624K Free: 104826K (37%)
----------------- Invoking toplevel() on ptolemy.moml.MoMLSimpleApplication@62148c1e
----------------- Done invoking toplevel() on ptolemy.moml.MoMLSimpleApplication@62148c1e
reloadAllAccessors: .TwoRefinements1

===========================================================================================
----------------- testing Tue Aug 06 05:19:06 UTC 2019 /home/travis/build/icyphy/ptII/ptolemy/domains/modal/test/auto/TwoRefinements2.xml
----------------- Instantiating /home/travis/build/icyphy/ptII/ptolemy/domains/modal/test/auto/TwoRefinements2.xml
3 ms. Memory: 339968K Free: 318084K (94%)
----------------- Invoking toplevel() on ptolemy.moml.MoMLSimpleApplication@506801e1
----------------- Done invoking toplevel() on ptolemy.moml.MoMLSimpleApplication@506801e1
reloadAllAccessors: .TwoRefinements2

===========================================================================================
----------------- testing Tue Aug 06 05:19:06 UTC 2019 /home/travis/build/icyphy/ptII/ptolemy/domains/modal/test/auto/WeakImmediateTransition.xml
----------------- Instantiating /home/travis/build/icyphy/ptII/ptolemy/domains/modal/test/auto/WeakImmediateTransition.xml
3 ms. Memory: 339968K Free: 309382K (91%)
----------------- Invoking toplevel() on ptolemy.moml.MoMLSimpleApplication@1a57c9d1
----------------- Done invoking toplevel() on ptolemy.moml.MoMLSimpleApplication@1a57c9d1
reloadAllAccessors: .WeakImmediateTransition

===========================================================================================
----------------- testing Tue Aug 06 05:19:06 UTC 2019 /home/travis/build/icyphy/ptII/ptolemy/domains/modal/test/auto/booleanSelect.xml
----------------- Instantiating /home/travis/build/icyphy/ptII/ptolemy/domains/modal/test/auto/booleanSelect.xml
31 ms. Memory: 339968K Free: 291446K (86%)
----------------- Invoking toplevel() on ptolemy.moml.MoMLSimpleApplication@12ce1a50
----------------- Done invoking toplevel() on ptolemy.moml.MoMLSimpleApplication@12ce1a50
reloadAllAccessors: .booleanSelect

===========================================================================================
----------------- testing Tue Aug 06 05:19:06 UTC 2019 /home/travis/build/icyphy/ptII/ptolemy/domains/modal/test/auto/modalChangingParams.xml
----------------- Instantiating /home/travis/build/icyphy/ptII/ptolemy/domains/modal/test/auto/modalChangingParams.xml
0
1
0
2
4
6
8
7
0
2
4
6
8
13
0
2
4
6
8
19
0
2
4
6
8
25
0
2
4
6
8
31
0
2
4
6
8
37
0
2
4
6
8
43
0
2
4
6
8
49
0
2
4
6
8
55
0
2
4
6
8
61
0
2
4
6
8
67
0
2
4
6
8
73
0
2
4
6
8
79
0
2
4
6
8
85
0
2
4
6
8
91
0
2
4
6
8
97
0
2
4
6
8
103
0
2
4
6
8
109
0
2
4
6
8
115
0
2
4
6
8
121
0
2
4
6
8
127
0
2
4
6
8
133
0
2
4
6
8
139
0
2
4
6
8
145
0
2
4
6
8
151
0
2
4
6
8
157
0
2
4
6
8
163
0
2
4
6
8
169
0
2
4
6
8
175
0
2
4
6
8
181
0
2
4
6
8
187
0
2
4
6
8
193
0
2
4
6
8
199
0
2
4
6
8
205
0
2
4
6
8
211
0
2
4
6
8
217
0
2
4
6
8
223
0
2
4
6
8
229
0
2
4
6
8
235
0
2
4
6
8
241
0
2
4
6
8
247
0
2
4
6
8
253
0
2
4
6
8
259
0
2
4
6
8
265
0
2
4
6
8
271
0
2
4
6
8
277
0
2
4
6
8
283
0
2
4
6
8
289
0
2
4
6
8
295
0
2
4
6
8
301
0
2
4
6
8
307
0
2
4
6
8
313
0
2
4
6
8
319
0
2
4
6
8
325
0
2
4
6
8
331
0
2
4
6
8
337
0
2
4
6
8
343
0
2
4
6
8
349
0
2
4
6
8
355
0
2
4
6
8
361
0
2
4
6
8
367
0
2
4
6
8
373
0
2
4
6
8
379
0
2
4
6
8
385
0
2
4
6
8
391
0
2
4
6
8
397
0
2
4
6
8
403
0
2
4
6
8
409
0
2
4
6
8
415
0
2
4
6
8
421
0
2
4
6
8
427
0
2
4
6
8
433
0
2
4
6
8
439
0
2
4
6
8
445
0
2
4
6
8
451
0
2
4
6
8
457
0
2
4
6
8
463
0
2
4
6
8
469
0
2
4
6
8
475
0
2
4
6
8
481
0
2
4
6
8
487
0
2
4
6
8
493
0
2
4
6
8
499
0
2
4
6
8
505
0
2
4
6
8
511
0
2
4
6
8
517
0
2
4
6
8
523
0
2
4
6
8
529
0
2
4
6
8
535
0
2
4
6
8
541
0
2
4
6
8
547
0
2
4
6
8
553
0
2
4
6
8
559
0
2
4
6
8
565
0
2
4
6
8
571
0
2
4
6
8
577
0
2
4
6
8
583
0
2
4
6
8
589
0
2
4
6
8
595
0
2
4
6
8
601
0
2
4
6
8
607
0
2
4
6
8
613
0
2
4
6
8
619
0
2
4
6
8
625
0
2
4
6
8
631
0
2
4
6
8
637
0
2
4
6
8
643
0
2
4
6
8
649
0
2
4
6
8
655
0
2
4
6
8
661
0
2
4
6
8
667
0
2
4
6
8
673
0
2
4
6
8
679
0
2
4
6
8
685
0
2
4
6
8
691
0
2
4
6
8
697
0
2
4
6
8
703
0
2
4
6
8
709
0
2
4
6
8
715
0
2
4
6
8
721
0
2
4
6
8
727
0
2
4
6
8
733
0
2
4
6
8
739
0
2
4
6
8
745
0
2
4
6
8
751
0
2
4
6
8
757
0
2
4
6
8
763
0
2
4
6
8
769
0
2
4
6
8
775
0
2
4
6
8
781
0
2
4
6
8
787
0
2
4
6
8
793
0
2
4
6
8
799
0
2
4
6
8
805
0
2
4
6
8
811
0
2
4
6
8
817
0
2
4
6
8
823
0
2
4
6
8
829
0
2
4
6
8
835
0
2
4
6
8
841
0
2
4
6
8
847
0
2
4
6
8
853
0
2
4
6
8
859
0
2
4
6
8
865
0
2
4
6
8
871
0
2
4
6
8
877
0
2
4
6
8
883
0
2
4
6
8
889
0
2
4
6
8
895
0
2
4
6
8
901
0
2
4
6
8
907
0
2
4
6
8
913
0
2
4
6
8
919
0
2
4
6
8
925
0
2
4
6
8
931
0
2
4
6
8
937
0
2
4
6
8
943
0
2
4
6
8
949
0
2
4
6
8
955
0
2
4
6
8
961
0
2
4
6
8
967
0
2
4
6
8
973
0
2
4
6
8
979
0
2
4
6
8
985
0
2
4
6
8
991
0
2
4
6
8
997
0
2
292 ms. Memory: 339968K Free: 176772K (52%)
----------------- Invoking toplevel() on ptolemy.moml.MoMLSimpleApplication@46de7b84
----------------- Done invoking toplevel() on ptolemy.moml.MoMLSimpleApplication@46de7b84
reloadAllAccessors: .modalChangingParams

===========================================================================================
----------------- testing Tue Aug 06 05:19:06 UTC 2019 /home/travis/build/icyphy/ptII/ptolemy/domains/modal/test/auto/modalModel.xml
----------------- Instantiating /home/travis/build/icyphy/ptII/ptolemy/domains/modal/test/auto/modalModel.xml
5 ms. Memory: 339968K Free: 168070K (49%)
----------------- Invoking toplevel() on ptolemy.moml.MoMLSimpleApplication@4748f56
----------------- Done invoking toplevel() on ptolemy.moml.MoMLSimpleApplication@4748f56
reloadAllAccessors: .modalModel

===========================================================================================
----------------- testing Tue Aug 06 05:19:06 UTC 2019 /home/travis/build/icyphy/ptII/ptolemy/domains/modal/test/auto/modalModel2.xml
----------------- Instantiating /home/travis/build/icyphy/ptII/ptolemy/domains/modal/test/auto/modalModel2.xml
11 ms. Memory: 339968K Free: 157286K (46%)
----------------- Invoking toplevel() on ptolemy.moml.MoMLSimpleApplication@3272b06
----------------- Done invoking toplevel() on ptolemy.moml.MoMLSimpleApplication@3272b06
reloadAllAccessors: .modalModel2

===========================================================================================
----------------- testing Tue Aug 06 05:19:06 UTC 2019 /home/travis/build/icyphy/ptII/ptolemy/domains/modal/test/auto/modalModel3.xml
----------------- Instantiating /home/travis/build/icyphy/ptII/ptolemy/domains/modal/test/auto/modalModel3.xml
0	0	0
1	0	1
4	2	2
7	4	3
10	6	4
5	0	5
8	2	6
11	4	7
14	6	8
9	0	9
12	2	10
15	4	11
18	6	12
13	0	13
16	2	14
19 ms. Memory: 339968K Free: 142470K (42%)
----------------- Invoking toplevel() on ptolemy.moml.MoMLSimpleApplication@140bea0e
----------------- Done invoking toplevel() on ptolemy.moml.MoMLSimpleApplication@140bea0e
reloadAllAccessors: .modalModel3

===========================================================================================
----------------- testing Tue Aug 06 05:19:06 UTC 2019 /home/travis/build/icyphy/ptII/ptolemy/domains/modal/test/auto/model1.xml
----------------- Instantiating /home/travis/build/icyphy/ptII/ptolemy/domains/modal/test/auto/model1.xml
11 ms. Memory: 339968K Free: 136836K (40%)
----------------- Invoking toplevel() on ptolemy.moml.MoMLSimpleApplication@3abdf8b9
----------------- Done invoking toplevel() on ptolemy.moml.MoMLSimpleApplication@3abdf8b9
reloadAllAccessors: .model1

===========================================================================================
----------------- testing Tue Aug 06 05:19:06 UTC 2019 /home/travis/build/icyphy/ptII/ptolemy/domains/modal/test/auto/test-direct-in-out.xml
----------------- Instantiating /home/travis/build/icyphy/ptII/ptolemy/domains/modal/test/auto/test-direct-in-out.xml
4 ms. Memory: 339968K Free: 129158K (38%)
----------------- Invoking toplevel() on ptolemy.moml.MoMLSimpleApplication@528b8084
----------------- Done invoking toplevel() on ptolemy.moml.MoMLSimpleApplication@528b8084
reloadAllAccessors: .test-direct-in-out
AutoTests.java: About to close Vertx.
AutoTests.java: Vertx closed.
]]></system-out>
  <system-err><![CDATA[java.lang.RuntimeException: Execution failed
	at ptolemy.moml.MoMLSimpleApplication$UnloadThread.run(MoMLSimpleApplication.java:402)
Caused by: ptolemy.kernel.util.IllegalActionException: Unknown inputs remain. Possible causality loop:
L_model_1893289564i

  in .CannotAnalysisWithPreemption.model_1893289564_region_1 and .CannotAnalysisWithPreemption.model_1893289564_region_1.L_model_1893289564i
	at ptolemy.actor.sched.FixedPointDirector.postfire(FixedPointDirector.java:515)
	at ptolemy.domains.sr.kernel.SRDirector.postfire(SRDirector.java:417)
	at ptolemy.actor.CompositeActor.postfire(CompositeActor.java:1668)
	at ptolemy.actor.Manager.iterate(Manager.java:852)
	at ptolemy.actor.Manager.execute(Manager.java:369)
	at ptolemy.actor.Manager.run(Manager.java:1263)
	at ptolemy.actor.Manager$PtolemyRunThread.run(Manager.java:1933)
java.lang.reflect.InvocationTargetException
	at java.base/jdk.internal.reflect.NativeConstructorAccessorImpl.newInstance0(Native Method)
	at java.base/jdk.internal.reflect.NativeConstructorAccessorImpl.newInstance(NativeConstructorAccessorImpl.java:62)
	at java.base/jdk.internal.reflect.DelegatingConstructorAccessorImpl.newInstance(DelegatingConstructorAccessorImpl.java:45)
	at java.base/java.lang.reflect.Constructor.newInstance(Constructor.java:490)
	at ptolemy.util.test.junit.AutoKnownFailedTests.RunModel(AutoKnownFailedTests.java:105)
	at java.base/jdk.internal.reflect.NativeMethodAccessorImpl.invoke0(Native Method)
	at java.base/jdk.internal.reflect.NativeMethodAccessorImpl.invoke(NativeMethodAccessorImpl.java:62)
	at java.base/jdk.internal.reflect.DelegatingMethodAccessorImpl.invoke(DelegatingMethodAccessorImpl.java:43)
	at java.base/java.lang.reflect.Method.invoke(Method.java:566)
	at org.junit.runners.model.FrameworkMethod$1.runReflectiveCall(FrameworkMethod.java:44)
	at org.junit.internal.runners.model.ReflectiveCallable.run(ReflectiveCallable.java:15)
	at org.junit.runners.model.FrameworkMethod.invokeExplosively(FrameworkMethod.java:41)
	at junitparams.internal.InvokeParameterisedMethod.evaluate(InvokeParameterisedMethod.java:102)
	at org.junit.internal.runners.statements.FailOnTimeout$1.run(FailOnTimeout.java:28)
Caused by: ptolemy.kernel.util.IllegalActionException: Unknown inputs remain. Possible causality loop:
L_model_1893289564i

  in .CannotAnalysisWithPreemption.model_1893289564_region_1 and .CannotAnalysisWithPreemption.model_1893289564_region_1.L_model_1893289564i
	at ptolemy.actor.sched.FixedPointDirector.postfire(FixedPointDirector.java:515)
	at ptolemy.domains.sr.kernel.SRDirector.postfire(SRDirector.java:417)
	at ptolemy.actor.CompositeActor.postfire(CompositeActor.java:1668)
	at ptolemy.actor.Manager.iterate(Manager.java:852)
	at ptolemy.actor.Manager.execute(Manager.java:369)
	at ptolemy.actor.Manager.run(Manager.java:1263)
	at ptolemy.actor.Manager$PtolemyRunThread.run(Manager.java:1933)
]]></system-err>
</testsuite>
