<?xml version="1.0" encoding="UTF-8" ?>
<testsuite errors="0" failures="0" hostname="travis-job-f08b9624-5861-4500-b32f-073b00f473b8" name="ptolemy.domains.modal.test.junit.JUnitTclTest" skipped="0" tests="148" time="11.155" timestamp="2020-08-21T15:31:40">
  <properties>
[...]
</properties>
  <testcase classname="ptolemy.util.test.junit.TclTests" name="[0] /home/travis/build/icyphy/ptII/ptolemy/domains/modal/test/SystemLevelType.tcl (RunTclFile)" time="2.159" />
  <testcase classname="ptolemy.util.test.junit.AutoKnownFailedTests" name="[0] /home/travis/build/icyphy/ptII/ptolemy/domains/modal/test/auto/knownFailedTests/CannotAnalysisWithPreemption.xml (RunModel)" time="0.34" />
  <testcase classname="ptolemy.util.test.junit.AutoNameArchTests" name="[0] ThereAreNoAutoArchTests (RunModel)" time="0.005" />
  <testcase classname="ptolemy.util.test.junit.AutoTests" name="[0] /home/travis/build/icyphy/ptII/ptolemy/domains/modal/test/auto/ABPTest.xml (RunModel)" time="0.785" />
  <testcase classname="ptolemy.util.test.junit.AutoTests" name="[1] /home/travis/build/icyphy/ptII/ptolemy/domains/modal/test/auto/ABROFlat.xml (RunModel)" time="0.099" />
  <testcase classname="ptolemy.util.test.junit.AutoTests" name="[2] /home/travis/build/icyphy/ptII/ptolemy/domains/modal/test/auto/ABROFlat2.xml (RunModel)" time="0.059" />
  <testcase classname="ptolemy.util.test.junit.AutoTests" name="[3] /home/travis/build/icyphy/ptII/ptolemy/domains/modal/test/auto/ABRO_present_hmm.xml (RunModel)" time="0.167" />
  <testcase classname="ptolemy.util.test.junit.AutoTests" name="[4] /home/travis/build/icyphy/ptII/ptolemy/domains/modal/test/auto/AMICoderExample.xml (RunModel)" time="0.086" />
  <testcase classname="ptolemy.util.test.junit.AutoTests" name="[5] /home/travis/build/icyphy/ptII/ptolemy/domains/modal/test/auto/AbsentToPresent.xml (RunModel)" time="0.027" />
  <testcase classname="ptolemy.util.test.junit.AutoTests" name="[6] /home/travis/build/icyphy/ptII/ptolemy/domains/modal/test/auto/Blending.xml (RunModel)" time="0.295" />
  <testcase classname="ptolemy.util.test.junit.AutoTests" name="[7] /home/travis/build/icyphy/ptII/ptolemy/domains/modal/test/auto/Broadcast.xml (RunModel)" time="0.043" />
  <testcase classname="ptolemy.util.test.junit.AutoTests" name="[8] /home/travis/build/icyphy/ptII/ptolemy/domains/modal/test/auto/BroadcastHierarchy.xml (RunModel)" time="0.087" />
  <testcase classname="ptolemy.util.test.junit.AutoTests" name="[9] /home/travis/build/icyphy/ptII/ptolemy/domains/modal/test/auto/BroadcastHierarchy2.xml (RunModel)" time="0.131" />
  <testcase classname="ptolemy.util.test.junit.AutoTests" name="[10] /home/travis/build/icyphy/ptII/ptolemy/domains/modal/test/auto/BroadcastHierarchy3.xml (RunModel)" time="0.109" />
  <testcase classname="ptolemy.util.test.junit.AutoTests" name="[11] /home/travis/build/icyphy/ptII/ptolemy/domains/modal/test/auto/BroadcastHierarchy4.xml (RunModel)" time="0.073" />
  <testcase classname="ptolemy.util.test.junit.AutoTests" name="[12] /home/travis/build/icyphy/ptII/ptolemy/domains/modal/test/auto/CannotAnalysisWithPreemption2.xml (RunModel)" time="0.031" />
  <testcase classname="ptolemy.util.test.junit.AutoTests" name="[13] /home/travis/build/icyphy/ptII/ptolemy/domains/modal/test/auto/CannotAnalysisWithPreemption3.xml (RunModel)" time="0.042" />
  <testcase classname="ptolemy.util.test.junit.AutoTests" name="[14] /home/travis/build/icyphy/ptII/ptolemy/domains/modal/test/auto/CannotProduce.xml (RunModel)" time="0.037" />
  <testcase classname="ptolemy.util.test.junit.AutoTests" name="[15] /home/travis/build/icyphy/ptII/ptolemy/domains/modal/test/auto/CannotProduceModal.xml (RunModel)" time="0.034" />
  <testcase classname="ptolemy.util.test.junit.AutoTests" name="[16] /home/travis/build/icyphy/ptII/ptolemy/domains/modal/test/auto/Case.xml (RunModel)" time="0.077" />
  <testcase classname="ptolemy.util.test.junit.AutoTests" name="[17] /home/travis/build/icyphy/ptII/ptolemy/domains/modal/test/auto/Case1.xml (RunModel)" time="0.045" />
  <testcase classname="ptolemy.util.test.junit.AutoTests" name="[18] /home/travis/build/icyphy/ptII/ptolemy/domains/modal/test/auto/Case2.xml (RunModel)" time="0.048" />
  <testcase classname="ptolemy.util.test.junit.AutoTests" name="[19] /home/travis/build/icyphy/ptII/ptolemy/domains/modal/test/auto/CausalityInterface1.xml (RunModel)" time="0.031" />
  <testcase classname="ptolemy.util.test.junit.AutoTests" name="[20] /home/travis/build/icyphy/ptII/ptolemy/domains/modal/test/auto/CausalityInterface10.xml (RunModel)" time="0.061" />
  <testcase classname="ptolemy.util.test.junit.AutoTests" name="[21] /home/travis/build/icyphy/ptII/ptolemy/domains/modal/test/auto/CausalityInterface11.xml (RunModel)" time="0.051" />
  <testcase classname="ptolemy.util.test.junit.AutoTests" name="[22] /home/travis/build/icyphy/ptII/ptolemy/domains/modal/test/auto/CausalityInterface12.xml (RunModel)" time="0.049" />
  <testcase classname="ptolemy.util.test.junit.AutoTests" name="[23] /home/travis/build/icyphy/ptII/ptolemy/domains/modal/test/auto/CausalityInterface13.xml (RunModel)" time="0.069" />
  <testcase classname="ptolemy.util.test.junit.AutoTests" name="[24] /home/travis/build/icyphy/ptII/ptolemy/domains/modal/test/auto/CausalityInterface14.xml (RunModel)" time="0.061" />
  <testcase classname="ptolemy.util.test.junit.AutoTests" name="[25] /home/travis/build/icyphy/ptII/ptolemy/domains/modal/test/auto/CausalityInterface2.xml (RunModel)" time="0.036" />
  <testcase classname="ptolemy.util.test.junit.AutoTests" name="[26] /home/travis/build/icyphy/ptII/ptolemy/domains/modal/test/auto/CausalityInterface3.xml (RunModel)" time="0.025" />
  <testcase classname="ptolemy.util.test.junit.AutoTests" name="[27] /home/travis/build/icyphy/ptII/ptolemy/domains/modal/test/auto/CausalityInterface4.xml (RunModel)" time="0.026" />
  <testcase classname="ptolemy.util.test.junit.AutoTests" name="[28] /home/travis/build/icyphy/ptII/ptolemy/domains/modal/test/auto/CausalityInterface5.xml (RunModel)" time="0.057" />
  <testcase classname="ptolemy.util.test.junit.AutoTests" name="[29] /home/travis/build/icyphy/ptII/ptolemy/domains/modal/test/auto/CausalityInterface6.xml (RunModel)" time="0.03" />
  <testcase classname="ptolemy.util.test.junit.AutoTests" name="[30] /home/travis/build/icyphy/ptII/ptolemy/domains/modal/test/auto/CausalityInterface7.xml (RunModel)" time="0.046" />
  <testcase classname="ptolemy.util.test.junit.AutoTests" name="[31] /home/travis/build/icyphy/ptII/ptolemy/domains/modal/test/auto/CausalityInterface8.xml (RunModel)" time="0.031" />
  <testcase classname="ptolemy.util.test.junit.AutoTests" name="[32] /home/travis/build/icyphy/ptII/ptolemy/domains/modal/test/auto/CausalityInterface9.xml (RunModel)" time="0.034" />
  <testcase classname="ptolemy.util.test.junit.AutoTests" name="[33] /home/travis/build/icyphy/ptII/ptolemy/domains/modal/test/auto/ChainedTransitions.xml (RunModel)" time="0.164" />
  <testcase classname="ptolemy.util.test.junit.AutoTests" name="[34] /home/travis/build/icyphy/ptII/ptolemy/domains/modal/test/auto/CycleOfImmediateTransitionsFSM.xml (RunModel)" time="0.024" />
  <testcase classname="ptolemy.util.test.junit.AutoTests" name="[35] /home/travis/build/icyphy/ptII/ptolemy/domains/modal/test/auto/CycleOfImmediateTransitionsModal.xml (RunModel)" time="0.017" />
  <testcase classname="ptolemy.util.test.junit.AutoTests" name="[36] /home/travis/build/icyphy/ptII/ptolemy/domains/modal/test/auto/CycleOfImmediateTransitionsModal2.xml (RunModel)" time="0.038" />
  <testcase classname="ptolemy.util.test.junit.AutoTests" name="[37] /home/travis/build/icyphy/ptII/ptolemy/domains/modal/test/auto/CycleOfImmediateTransitionsModal3.xml (RunModel)" time="0.076" />
  <testcase classname="ptolemy.util.test.junit.AutoTests" name="[38] /home/travis/build/icyphy/ptII/ptolemy/domains/modal/test/auto/DeepModal1.xml (RunModel)" time="0.07" />
  <testcase classname="ptolemy.util.test.junit.AutoTests" name="[39] /home/travis/build/icyphy/ptII/ptolemy/domains/modal/test/auto/DeepModal2.xml (RunModel)" time="0.06" />
  <testcase classname="ptolemy.util.test.junit.AutoTests" name="[40] /home/travis/build/icyphy/ptII/ptolemy/domains/modal/test/auto/DeepModal3.xml (RunModel)" time="0.068" />
  <testcase classname="ptolemy.util.test.junit.AutoTests" name="[41] /home/travis/build/icyphy/ptII/ptolemy/domains/modal/test/auto/DeepModal4.xml (RunModel)" time="0.082" />
  <testcase classname="ptolemy.util.test.junit.AutoTests" name="[42] /home/travis/build/icyphy/ptII/ptolemy/domains/modal/test/auto/Default1.xml (RunModel)" time="0.02" />
  <testcase classname="ptolemy.util.test.junit.AutoTests" name="[43] /home/travis/build/icyphy/ptII/ptolemy/domains/modal/test/auto/Default2.xml (RunModel)" time="0.022" />
  <testcase classname="ptolemy.util.test.junit.AutoTests" name="[44] /home/travis/build/icyphy/ptII/ptolemy/domains/modal/test/auto/Default3.xml (RunModel)" time="0.021" />
  <testcase classname="ptolemy.util.test.junit.AutoTests" name="[45] /home/travis/build/icyphy/ptII/ptolemy/domains/modal/test/auto/Default4.xml (RunModel)" time="0.021" />
  <testcase classname="ptolemy.util.test.junit.AutoTests" name="[46] /home/travis/build/icyphy/ptII/ptolemy/domains/modal/test/auto/Default5.xml (RunModel)" time="0.033" />
  <testcase classname="ptolemy.util.test.junit.AutoTests" name="[47] /home/travis/build/icyphy/ptII/ptolemy/domains/modal/test/auto/EmptyGuard.xml (RunModel)" time="0.037" />
  <testcase classname="ptolemy.util.test.junit.AutoTests" name="[48] /home/travis/build/icyphy/ptII/ptolemy/domains/modal/test/auto/ErrorTransition1.xml (RunModel)" time="0.044" />
  <testcase classname="ptolemy.util.test.junit.AutoTests" name="[49] /home/travis/build/icyphy/ptII/ptolemy/domains/modal/test/auto/ErrorTransition10.xml (RunModel)" time="0.051" />
  <testcase classname="ptolemy.util.test.junit.AutoTests" name="[50] /home/travis/build/icyphy/ptII/ptolemy/domains/modal/test/auto/ErrorTransition11.xml (RunModel)" time="0.04" />
  <testcase classname="ptolemy.util.test.junit.AutoTests" name="[51] /home/travis/build/icyphy/ptII/ptolemy/domains/modal/test/auto/ErrorTransition2.xml (RunModel)" time="0.031" />
  <testcase classname="ptolemy.util.test.junit.AutoTests" name="[52] /home/travis/build/icyphy/ptII/ptolemy/domains/modal/test/auto/ErrorTransition3.xml (RunModel)" time="0.051" />
  <testcase classname="ptolemy.util.test.junit.AutoTests" name="[53] /home/travis/build/icyphy/ptII/ptolemy/domains/modal/test/auto/ErrorTransition4.xml (RunModel)" time="0.041" />
  <testcase classname="ptolemy.util.test.junit.AutoTests" name="[54] /home/travis/build/icyphy/ptII/ptolemy/domains/modal/test/auto/ErrorTransition5.xml (RunModel)" time="0.027" />
  <testcase classname="ptolemy.util.test.junit.AutoTests" name="[55] /home/travis/build/icyphy/ptII/ptolemy/domains/modal/test/auto/ErrorTransition6.xml (RunModel)" time="0.033" />
  <testcase classname="ptolemy.util.test.junit.AutoTests" name="[56] /home/travis/build/icyphy/ptII/ptolemy/domains/modal/test/auto/ErrorTransition7.xml (RunModel)" time="0.048" />
  <testcase classname="ptolemy.util.test.junit.AutoTests" name="[57] /home/travis/build/icyphy/ptII/ptolemy/domains/modal/test/auto/ErrorTransition8.xml (RunModel)" time="0.067" />
  <testcase classname="ptolemy.util.test.junit.AutoTests" name="[58] /home/travis/build/icyphy/ptII/ptolemy/domains/modal/test/auto/ErrorTransition9.xml (RunModel)" time="0.054" />
  <testcase classname="ptolemy.util.test.junit.AutoTests" name="[59] /home/travis/build/icyphy/ptII/ptolemy/domains/modal/test/auto/ExtendedFSM.xml (RunModel)" time="0.022" />
  <testcase classname="ptolemy.util.test.junit.AutoTests" name="[60] /home/travis/build/icyphy/ptII/ptolemy/domains/modal/test/auto/FinalStates.xml (RunModel)" time="0.018" />
  <testcase classname="ptolemy.util.test.junit.AutoTests" name="[61] /home/travis/build/icyphy/ptII/ptolemy/domains/modal/test/auto/FixedPointFSM.xml (RunModel)" time="0.044" />
  <testcase classname="ptolemy.util.test.junit.AutoTests" name="[62] /home/travis/build/icyphy/ptII/ptolemy/domains/modal/test/auto/FixedPointIterationFSMActor.xml (RunModel)" time="0.04" />
  <testcase classname="ptolemy.util.test.junit.AutoTests" name="[63] /home/travis/build/icyphy/ptII/ptolemy/domains/modal/test/auto/FixedPointIterationFSMActor2.xml (RunModel)" time="0.029" />
  <testcase classname="ptolemy.util.test.junit.AutoTests" name="[64] /home/travis/build/icyphy/ptII/ptolemy/domains/modal/test/auto/ForbiddenInstantanousLoop.xml (RunModel)" time="0.036" />
  <testcase classname="ptolemy.util.test.junit.AutoTests" name="[65] /home/travis/build/icyphy/ptII/ptolemy/domains/modal/test/auto/FunctionDependencyOfFSMActorTest.xml (RunModel)" time="0.033" />
  <testcase classname="ptolemy.util.test.junit.AutoTests" name="[66] /home/travis/build/icyphy/ptII/ptolemy/domains/modal/test/auto/GuardExpression.xml (RunModel)" time="0.022" />
  <testcase classname="ptolemy.util.test.junit.AutoTests" name="[67] /home/travis/build/icyphy/ptII/ptolemy/domains/modal/test/auto/GuardNotEvaluated.xml (RunModel)" time="0.029" />
  <testcase classname="ptolemy.util.test.junit.AutoTests" name="[68] /home/travis/build/icyphy/ptII/ptolemy/domains/modal/test/auto/GuardNotEvaluated2.xml (RunModel)" time="0.028" />
  <testcase classname="ptolemy.util.test.junit.AutoTests" name="[69] /home/travis/build/icyphy/ptII/ptolemy/domains/modal/test/auto/GuardOnAbsent.xml (RunModel)" time="0.025" />
  <testcase classname="ptolemy.util.test.junit.AutoTests" name="[70] /home/travis/build/icyphy/ptII/ptolemy/domains/modal/test/auto/HierarchicalFSMTypeInference.xml (RunModel)" time="0.029" />
  <testcase classname="ptolemy.util.test.junit.AutoTests" name="[71] /home/travis/build/icyphy/ptII/ptolemy/domains/modal/test/auto/Hysteresis.xml (RunModel)" time="0.044" />
  <testcase classname="ptolemy.util.test.junit.AutoTests" name="[72] /home/travis/build/icyphy/ptII/ptolemy/domains/modal/test/auto/HysteresisWithDefault.xml (RunModel)" time="0.064" />
  <testcase classname="ptolemy.util.test.junit.AutoTests" name="[73] /home/travis/build/icyphy/ptII/ptolemy/domains/modal/test/auto/HysteresisWithDefault2.xml (RunModel)" time="0.083" />
  <testcase classname="ptolemy.util.test.junit.AutoTests" name="[74] /home/travis/build/icyphy/ptII/ptolemy/domains/modal/test/auto/ImmediateNonConstructiveness.xml (RunModel)" time="0.018" />
  <testcase classname="ptolemy.util.test.junit.AutoTests" name="[75] /home/travis/build/icyphy/ptII/ptolemy/domains/modal/test/auto/ImmediateNonConstructiveness2.xml (RunModel)" time="0.032" />
  <testcase classname="ptolemy.util.test.junit.AutoTests" name="[76] /home/travis/build/icyphy/ptII/ptolemy/domains/modal/test/auto/ImmediateTransitionReset.xml (RunModel)" time="0.044" />
  <testcase classname="ptolemy.util.test.junit.AutoTests" name="[77] /home/travis/build/icyphy/ptII/ptolemy/domains/modal/test/auto/ImmediateTransitions1.xml (RunModel)" time="0.017" />
  <testcase classname="ptolemy.util.test.junit.AutoTests" name="[78] /home/travis/build/icyphy/ptII/ptolemy/domains/modal/test/auto/ImmediateTransitionsInstantaneousCommunication.xml (RunModel)" time="0.034" />
  <testcase classname="ptolemy.util.test.junit.AutoTests" name="[79] /home/travis/build/icyphy/ptII/ptolemy/domains/modal/test/auto/InitialImmediateTransition.xml (RunModel)" time="0.016" />
  <testcase classname="ptolemy.util.test.junit.AutoTests" name="[80] /home/travis/build/icyphy/ptII/ptolemy/domains/modal/test/auto/InitialOutputs.xml (RunModel)" time="0.015" />
  <testcase classname="ptolemy.util.test.junit.AutoTests" name="[81] /home/travis/build/icyphy/ptII/ptolemy/domains/modal/test/auto/InitialStateTransition1.xml (RunModel)" time="0.02" />
  <testcase classname="ptolemy.util.test.junit.AutoTests" name="[82] /home/travis/build/icyphy/ptII/ptolemy/domains/modal/test/auto/InitialStateTransition2.xml (RunModel)" time="0.023" />
  <testcase classname="ptolemy.util.test.junit.AutoTests" name="[83] /home/travis/build/icyphy/ptII/ptolemy/domains/modal/test/auto/InitialStateTransition3.xml (RunModel)" time="0.025" />
  <testcase classname="ptolemy.util.test.junit.AutoTests" name="[84] /home/travis/build/icyphy/ptII/ptolemy/domains/modal/test/auto/InitialStateTransition4.xml (RunModel)" time="0.034" />
  <testcase classname="ptolemy.util.test.junit.AutoTests" name="[85] /home/travis/build/icyphy/ptII/ptolemy/domains/modal/test/auto/MalformedGuardExpressionNotCaught.xml (RunModel)" time="0.03" />
  <testcase classname="ptolemy.util.test.junit.AutoTests" name="[86] /home/travis/build/icyphy/ptII/ptolemy/domains/modal/test/auto/ModalBSC.xml (RunModel)" time="0.088" />
  <testcase classname="ptolemy.util.test.junit.AutoTests" name="[87] /home/travis/build/icyphy/ptII/ptolemy/domains/modal/test/auto/ModalClocks.xml (RunModel)" time="0.093" />
  <testcase classname="ptolemy.util.test.junit.AutoTests" name="[88] /home/travis/build/icyphy/ptII/ptolemy/domains/modal/test/auto/ModalDelay.xml (RunModel)" time="0.038" />
  <testcase classname="ptolemy.util.test.junit.AutoTests" name="[89] /home/travis/build/icyphy/ptII/ptolemy/domains/modal/test/auto/ModalDelay2.xml (RunModel)" time="0.037" />
  <testcase classname="ptolemy.util.test.junit.AutoTests" name="[90] /home/travis/build/icyphy/ptII/ptolemy/domains/modal/test/auto/ModalModelFromMemo.xml (RunModel)" time="0.058" />
  <testcase classname="ptolemy.util.test.junit.AutoTests" name="[91] /home/travis/build/icyphy/ptII/ptolemy/domains/modal/test/auto/ModalModelWithMultirateTransient.xml (RunModel)" time="0.052" />
  <testcase classname="ptolemy.util.test.junit.AutoTests" name="[92] /home/travis/build/icyphy/ptII/ptolemy/domains/modal/test/auto/ModalModelWithReset.xml (RunModel)" time="0.057" />
  <testcase classname="ptolemy.util.test.junit.AutoTests" name="[93] /home/travis/build/icyphy/ptII/ptolemy/domains/modal/test/auto/MouseClickFSM.xml (RunModel)" time="0.041" />
  <testcase classname="ptolemy.util.test.junit.AutoTests" name="[94] /home/travis/build/icyphy/ptII/ptolemy/domains/modal/test/auto/MouseClickFSMModal.xml (RunModel)" time="0.03" />
  <testcase classname="ptolemy.util.test.junit.AutoTests" name="[95] /home/travis/build/icyphy/ptII/ptolemy/domains/modal/test/auto/NonStrictFSM_FeedbackLoop.xml (RunModel)" time="0.045" />
  <testcase classname="ptolemy.util.test.junit.AutoTests" name="[96] /home/travis/build/icyphy/ptII/ptolemy/domains/modal/test/auto/NonStrictFSM_FeedbackLoop_Refinement.xml (RunModel)" time="0.109" />
  <testcase classname="ptolemy.util.test.junit.AutoTests" name="[97] /home/travis/build/icyphy/ptII/ptolemy/domains/modal/test/auto/NonStrictFSM_FeedbackLoop_preemptive.xml (RunModel)" time="0.063" />
  <testcase classname="ptolemy.util.test.junit.AutoTests" name="[98] /home/travis/build/icyphy/ptII/ptolemy/domains/modal/test/auto/NormalTermination.xml (RunModel)" time="0.05" />
  <testcase classname="ptolemy.util.test.junit.AutoTests" name="[99] /home/travis/build/icyphy/ptII/ptolemy/domains/modal/test/auto/Pong.xml (RunModel)" time="0.08" />
  <testcase classname="ptolemy.util.test.junit.AutoTests" name="[100] /home/travis/build/icyphy/ptII/ptolemy/domains/modal/test/auto/Pong_test.xml (RunModel)" time="0.122" />
  <testcase classname="ptolemy.util.test.junit.AutoTests" name="[101] /home/travis/build/icyphy/ptII/ptolemy/domains/modal/test/auto/PreemptionHierarchy.xml (RunModel)" time="0.024" />
  <testcase classname="ptolemy.util.test.junit.AutoTests" name="[102] /home/travis/build/icyphy/ptII/ptolemy/domains/modal/test/auto/PreemptionHierarchy2.xml (RunModel)" time="0.028" />
  <testcase classname="ptolemy.util.test.junit.AutoTests" name="[103] /home/travis/build/icyphy/ptII/ptolemy/domains/modal/test/auto/PreemptiveTransition.xml (RunModel)" time="0.021" />
  <testcase classname="ptolemy.util.test.junit.AutoTests" name="[104] /home/travis/build/icyphy/ptII/ptolemy/domains/modal/test/auto/Priorities.xml (RunModel)" time="0.078" />
  <testcase classname="ptolemy.util.test.junit.AutoTests" name="[105] /home/travis/build/icyphy/ptII/ptolemy/domains/modal/test/auto/ResetFinal.xml (RunModel)" time="0.063" />
  <testcase classname="ptolemy.util.test.junit.AutoTests" name="[106] /home/travis/build/icyphy/ptII/ptolemy/domains/modal/test/auto/ResetFinal2.xml (RunModel)" time="0.036" />
  <testcase classname="ptolemy.util.test.junit.AutoTests" name="[107] /home/travis/build/icyphy/ptII/ptolemy/domains/modal/test/auto/ResetTransitionWithStartTime.xml (RunModel)" time="0.03" />
  <testcase classname="ptolemy.util.test.junit.AutoTests" name="[108] /home/travis/build/icyphy/ptII/ptolemy/domains/modal/test/auto/SDF-FSMComposite.xml (RunModel)" time="0.029" />
  <testcase classname="ptolemy.util.test.junit.AutoTests" name="[109] /home/travis/build/icyphy/ptII/ptolemy/domains/modal/test/auto/SeeminglyNondeterminate.xml (RunModel)" time="0.078" />
  <testcase classname="ptolemy.util.test.junit.AutoTests" name="[110] /home/travis/build/icyphy/ptII/ptolemy/domains/modal/test/auto/SeeminglyNondeterminate2.xml (RunModel)" time="0.071" />
  <testcase classname="ptolemy.util.test.junit.AutoTests" name="[111] /home/travis/build/icyphy/ptII/ptolemy/domains/modal/test/auto/SpontaneousFSM.xml (RunModel)" time="0.05" />
  <testcase classname="ptolemy.util.test.junit.AutoTests" name="[112] /home/travis/build/icyphy/ptII/ptolemy/domains/modal/test/auto/SpontaneousFSM2.xml (RunModel)" time="0.027" />
  <testcase classname="ptolemy.util.test.junit.AutoTests" name="[113] /home/travis/build/icyphy/ptII/ptolemy/domains/modal/test/auto/SpontaneousFSM3.xml (RunModel)" time="0.036" />
  <testcase classname="ptolemy.util.test.junit.AutoTests" name="[114] /home/travis/build/icyphy/ptII/ptolemy/domains/modal/test/auto/SpontaneousFSM4.xml (RunModel)" time="0.042" />
  <testcase classname="ptolemy.util.test.junit.AutoTests" name="[115] /home/travis/build/icyphy/ptII/ptolemy/domains/modal/test/auto/StateTrackerTest.xml (RunModel)" time="0.045" />
  <testcase classname="ptolemy.util.test.junit.AutoTests" name="[116] /home/travis/build/icyphy/ptII/ptolemy/domains/modal/test/auto/StrongImmediateTransition.xml (RunModel)" time="0.025" />
  <testcase classname="ptolemy.util.test.junit.AutoTests" name="[117] /home/travis/build/icyphy/ptII/ptolemy/domains/modal/test/auto/SustainHierarchy.xml (RunModel)" time="0.032" />
  <testcase classname="ptolemy.util.test.junit.AutoTests" name="[118] /home/travis/build/icyphy/ptII/ptolemy/domains/modal/test/auto/TerminationTransition1.xml (RunModel)" time="0.018" />
  <testcase classname="ptolemy.util.test.junit.AutoTests" name="[119] /home/travis/build/icyphy/ptII/ptolemy/domains/modal/test/auto/TerminationTransition2.xml (RunModel)" time="0.024" />
  <testcase classname="ptolemy.util.test.junit.AutoTests" name="[120] /home/travis/build/icyphy/ptII/ptolemy/domains/modal/test/auto/TerminationTransition3.xml (RunModel)" time="0.021" />
  <testcase classname="ptolemy.util.test.junit.AutoTests" name="[121] /home/travis/build/icyphy/ptII/ptolemy/domains/modal/test/auto/TerminationTransition4.xml (RunModel)" time="0.034" />
  <testcase classname="ptolemy.util.test.junit.AutoTests" name="[122] /home/travis/build/icyphy/ptII/ptolemy/domains/modal/test/auto/TerminationTransition5.xml (RunModel)" time="0.033" />
  <testcase classname="ptolemy.util.test.junit.AutoTests" name="[123] /home/travis/build/icyphy/ptII/ptolemy/domains/modal/test/auto/TerminationTransition6.xml (RunModel)" time="0.022" />
  <testcase classname="ptolemy.util.test.junit.AutoTests" name="[124] /home/travis/build/icyphy/ptII/ptolemy/domains/modal/test/auto/TerminationTransition7.xml (RunModel)" time="0.022" />
  <testcase classname="ptolemy.util.test.junit.AutoTests" name="[125] /home/travis/build/icyphy/ptII/ptolemy/domains/modal/test/auto/TerminationTransition8.xml (RunModel)" time="0.024" />
  <testcase classname="ptolemy.util.test.junit.AutoTests" name="[126] /home/travis/build/icyphy/ptII/ptolemy/domains/modal/test/auto/Thermostat_NoHysteresis.xml (RunModel)" time="0.053" />
  <testcase classname="ptolemy.util.test.junit.AutoTests" name="[127] /home/travis/build/icyphy/ptII/ptolemy/domains/modal/test/auto/TimedFSM.xml (RunModel)" time="0.033" />
  <testcase classname="ptolemy.util.test.junit.AutoTests" name="[128] /home/travis/build/icyphy/ptII/ptolemy/domains/modal/test/auto/Timeout1.xml (RunModel)" time="0.013" />
  <testcase classname="ptolemy.util.test.junit.AutoTests" name="[129] /home/travis/build/icyphy/ptII/ptolemy/domains/modal/test/auto/Timeout2.xml (RunModel)" time="0.023" />
  <testcase classname="ptolemy.util.test.junit.AutoTests" name="[130] /home/travis/build/icyphy/ptII/ptolemy/domains/modal/test/auto/Timeout3.xml (RunModel)" time="0.011" />
  <testcase classname="ptolemy.util.test.junit.AutoTests" name="[131] /home/travis/build/icyphy/ptII/ptolemy/domains/modal/test/auto/Timeout4.xml (RunModel)" time="0.012" />
  <testcase classname="ptolemy.util.test.junit.AutoTests" name="[132] /home/travis/build/icyphy/ptII/ptolemy/domains/modal/test/auto/TransientstateModelAdvanced.xml (RunModel)" time="0.038" />
  <testcase classname="ptolemy.util.test.junit.AutoTests" name="[133] /home/travis/build/icyphy/ptII/ptolemy/domains/modal/test/auto/TransientstateModelAdvanced2.xml (RunModel)" time="0.03" />
  <testcase classname="ptolemy.util.test.junit.AutoTests" name="[134] /home/travis/build/icyphy/ptII/ptolemy/domains/modal/test/auto/TransitionRefinements.xml (RunModel)" time="0.026" />
  <testcase classname="ptolemy.util.test.junit.AutoTests" name="[135] /home/travis/build/icyphy/ptII/ptolemy/domains/modal/test/auto/TwoRefinements1.xml (RunModel)" time="0.025" />
  <testcase classname="ptolemy.util.test.junit.AutoTests" name="[136] /home/travis/build/icyphy/ptII/ptolemy/domains/modal/test/auto/TwoRefinements2.xml (RunModel)" time="0.024" />
  <testcase classname="ptolemy.util.test.junit.AutoTests" name="[137] /home/travis/build/icyphy/ptII/ptolemy/domains/modal/test/auto/WeakImmediateTransition.xml (RunModel)" time="0.03" />
  <testcase classname="ptolemy.util.test.junit.AutoTests" name="[138] /home/travis/build/icyphy/ptII/ptolemy/domains/modal/test/auto/booleanSelect.xml (RunModel)" time="0.088" />
  <testcase classname="ptolemy.util.test.junit.AutoTests" name="[139] /home/travis/build/icyphy/ptII/ptolemy/domains/modal/test/auto/modalChangingParams.xml (RunModel)" time="0.262" />
  <testcase classname="ptolemy.util.test.junit.AutoTests" name="[140] /home/travis/build/icyphy/ptII/ptolemy/domains/modal/test/auto/modalModel.xml (RunModel)" time="0.027" />
  <testcase classname="ptolemy.util.test.junit.AutoTests" name="[141] /home/travis/build/icyphy/ptII/ptolemy/domains/modal/test/auto/modalModel2.xml (RunModel)" time="0.034" />
  <testcase classname="ptolemy.util.test.junit.AutoTests" name="[142] /home/travis/build/icyphy/ptII/ptolemy/domains/modal/test/auto/modalModel3.xml (RunModel)" time="0.051" />
  <testcase classname="ptolemy.util.test.junit.AutoTests" name="[143] /home/travis/build/icyphy/ptII/ptolemy/domains/modal/test/auto/model1.xml (RunModel)" time="0.025" />
  <testcase classname="ptolemy.util.test.junit.AutoTests" name="[144] /home/travis/build/icyphy/ptII/ptolemy/domains/modal/test/auto/test-direct-in-out.xml (RunModel)" time="0.019" />
  <system-out><![CDATA[/home/travis/build/icyphy/ptII/ptolemy/domains/modal/test/SystemLevelType.tcl
testDefs.tcl: setting time out to 9000 seconds at Fri Aug 21 15:31:40 UTC 2020
08/21/20 03:31:42
Failed: 0  Total Tests: 1  ((Passed: 1, Newly Passed: 0)  Known Failed: 0) /home/travis/build/icyphy/ptII/ptolemy/domains/modal/test
----------------- testing (KnownFailure) /home/travis/build/icyphy/ptII/ptolemy/domains/modal/test/auto/knownFailedTests/CannotAnalysisWithPreemption.xml
148 ms. Memory: 157696K Free: 114912K (73%)
Known Failure: java.lang.reflect.InvocationTargetException
No auto/linux-amd64/*.xml tests in /home/travis/build/icyphy/ptII/ptolemy/domains/modal/test
AutoTests.java: About to close Vertx.
AutoTests.java: Vertx closed.

===========================================================================================
----------------- testing Fri Aug 21 15:31:43 UTC 2020 /home/travis/build/icyphy/ptII/ptolemy/domains/modal/test/auto/ABPTest.xml
----------------- Instantiating /home/travis/build/icyphy/ptII/ptolemy/domains/modal/test/auto/ABPTest.xml
378 ms. Memory: 157696K Free: 108405K (69%)
----------------- Invoking toplevel() on ptolemy.moml.MoMLSimpleApplication@6764a32c
----------------- Done invoking toplevel() on ptolemy.moml.MoMLSimpleApplication@6764a32c
reloadAllAccessors: .ABPTest

===========================================================================================
----------------- testing Fri Aug 21 15:31:43 UTC 2020 /home/travis/build/icyphy/ptII/ptolemy/domains/modal/test/auto/ABROFlat.xml
----------------- Instantiating /home/travis/build/icyphy/ptII/ptolemy/domains/modal/test/auto/ABROFlat.xml
27 ms. Memory: 157696K Free: 92307K (59%)
----------------- Invoking toplevel() on ptolemy.moml.MoMLSimpleApplication@51524c8
----------------- Done invoking toplevel() on ptolemy.moml.MoMLSimpleApplication@51524c8
reloadAllAccessors: .ABROFlat

===========================================================================================
----------------- testing Fri Aug 21 15:31:44 UTC 2020 /home/travis/build/icyphy/ptII/ptolemy/domains/modal/test/auto/ABROFlat2.xml
----------------- Instantiating /home/travis/build/icyphy/ptII/ptolemy/domains/modal/test/auto/ABROFlat2.xml
22 ms. Memory: 157696K Free: 75923K (48%)
----------------- Invoking toplevel() on ptolemy.moml.MoMLSimpleApplication@56f5a3c5
----------------- Done invoking toplevel() on ptolemy.moml.MoMLSimpleApplication@56f5a3c5
reloadAllAccessors: .ABROFlat2

===========================================================================================
----------------- testing Fri Aug 21 15:31:44 UTC 2020 /home/travis/build/icyphy/ptII/ptolemy/domains/modal/test/auto/ABRO_present_hmm.xml
----------------- Instantiating /home/travis/build/icyphy/ptII/ptolemy/domains/modal/test/auto/ABRO_present_hmm.xml
39 ms. Memory: 157696K Free: 130284K (83%)
----------------- Invoking toplevel() on ptolemy.moml.MoMLSimpleApplication@74bc8507
----------------- Done invoking toplevel() on ptolemy.moml.MoMLSimpleApplication@74bc8507
reloadAllAccessors: .ABRO_present_hmm

===========================================================================================
----------------- testing Fri Aug 21 15:31:44 UTC 2020 /home/travis/build/icyphy/ptII/ptolemy/domains/modal/test/auto/AMICoderExample.xml
----------------- Instantiating /home/travis/build/icyphy/ptII/ptolemy/domains/modal/test/auto/AMICoderExample.xml
48 ms. Memory: 157696K Free: 120572K (76%)
----------------- Invoking toplevel() on ptolemy.moml.MoMLSimpleApplication@2ef773db
----------------- Done invoking toplevel() on ptolemy.moml.MoMLSimpleApplication@2ef773db
reloadAllAccessors: .AMICoderExample

===========================================================================================
----------------- testing Fri Aug 21 15:31:44 UTC 2020 /home/travis/build/icyphy/ptII/ptolemy/domains/modal/test/auto/AbsentToPresent.xml
----------------- Instantiating /home/travis/build/icyphy/ptII/ptolemy/domains/modal/test/auto/AbsentToPresent.xml
5 ms. Memory: 157696K Free: 115948K (74%)
----------------- Invoking toplevel() on ptolemy.moml.MoMLSimpleApplication@5205554c
----------------- Done invoking toplevel() on ptolemy.moml.MoMLSimpleApplication@5205554c
reloadAllAccessors: .AbsentToPresent

===========================================================================================
----------------- testing Fri Aug 21 15:31:44 UTC 2020 /home/travis/build/icyphy/ptII/ptolemy/domains/modal/test/auto/Blending.xml
----------------- Instantiating /home/travis/build/icyphy/ptII/ptolemy/domains/modal/test/auto/Blending.xml
166 ms. Memory: 157696K Free: 70906K (45%)
----------------- Invoking toplevel() on ptolemy.moml.MoMLSimpleApplication@5f3f1e1b
----------------- Done invoking toplevel() on ptolemy.moml.MoMLSimpleApplication@5f3f1e1b
reloadAllAccessors: .Blending

===========================================================================================
----------------- testing Fri Aug 21 15:31:44 UTC 2020 /home/travis/build/icyphy/ptII/ptolemy/domains/modal/test/auto/Broadcast.xml
----------------- Instantiating /home/travis/build/icyphy/ptII/ptolemy/domains/modal/test/auto/Broadcast.xml
11 ms. Memory: 157696K Free: 60666K (38%)
----------------- Invoking toplevel() on ptolemy.moml.MoMLSimpleApplication@cec84f8
----------------- Done invoking toplevel() on ptolemy.moml.MoMLSimpleApplication@cec84f8
reloadAllAccessors: .Broadcast

===========================================================================================
----------------- testing Fri Aug 21 15:31:44 UTC 2020 /home/travis/build/icyphy/ptII/ptolemy/domains/modal/test/auto/BroadcastHierarchy.xml
----------------- Instantiating /home/travis/build/icyphy/ptII/ptolemy/domains/modal/test/auto/BroadcastHierarchy.xml
13 ms. Memory: 201728K Free: 178948K (89%)
----------------- Invoking toplevel() on ptolemy.moml.MoMLSimpleApplication@75f751c4
----------------- Done invoking toplevel() on ptolemy.moml.MoMLSimpleApplication@75f751c4
reloadAllAccessors: .BroadcastHierarchy

===========================================================================================
----------------- testing Fri Aug 21 15:31:44 UTC 2020 /home/travis/build/icyphy/ptII/ptolemy/domains/modal/test/auto/BroadcastHierarchy2.xml
----------------- Instantiating /home/travis/build/icyphy/ptII/ptolemy/domains/modal/test/auto/BroadcastHierarchy2.xml
29 ms. Memory: 201728K Free: 152332K (76%)
----------------- Invoking toplevel() on ptolemy.moml.MoMLSimpleApplication@6fee32fa
----------------- Done invoking toplevel() on ptolemy.moml.MoMLSimpleApplication@6fee32fa
reloadAllAccessors: .BroadcastHierarchy2

===========================================================================================
----------------- testing Fri Aug 21 15:31:44 UTC 2020 /home/travis/build/icyphy/ptII/ptolemy/domains/modal/test/auto/BroadcastHierarchy3.xml
----------------- Instantiating /home/travis/build/icyphy/ptII/ptolemy/domains/modal/test/auto/BroadcastHierarchy3.xml
29 ms. Memory: 201728K Free: 131858K (65%)
----------------- Invoking toplevel() on ptolemy.moml.MoMLSimpleApplication@7776b6a
----------------- Done invoking toplevel() on ptolemy.moml.MoMLSimpleApplication@7776b6a
reloadAllAccessors: .BroadcastHierarchy3

===========================================================================================
----------------- testing Fri Aug 21 15:31:45 UTC 2020 /home/travis/build/icyphy/ptII/ptolemy/domains/modal/test/auto/BroadcastHierarchy4.xml
----------------- Instantiating /home/travis/build/icyphy/ptII/ptolemy/domains/modal/test/auto/BroadcastHierarchy4.xml
13 ms. Memory: 201728K Free: 107282K (53%)
----------------- Invoking toplevel() on ptolemy.moml.MoMLSimpleApplication@119d2b76
----------------- Done invoking toplevel() on ptolemy.moml.MoMLSimpleApplication@119d2b76
reloadAllAccessors: .BroadcastHierarchy4

===========================================================================================
----------------- testing Fri Aug 21 15:31:45 UTC 2020 /home/travis/build/icyphy/ptII/ptolemy/domains/modal/test/auto/CannotAnalysisWithPreemption2.xml
----------------- Instantiating /home/travis/build/icyphy/ptII/ptolemy/domains/modal/test/auto/CannotAnalysisWithPreemption2.xml
4 ms. Memory: 201728K Free: 100100K (50%)
----------------- Invoking toplevel() on ptolemy.moml.MoMLSimpleApplication@6f168be1
----------------- Done invoking toplevel() on ptolemy.moml.MoMLSimpleApplication@6f168be1
reloadAllAccessors: .CannotAnalysisWithPreemption2

===========================================================================================
----------------- testing Fri Aug 21 15:31:45 UTC 2020 /home/travis/build/icyphy/ptII/ptolemy/domains/modal/test/auto/CannotAnalysisWithPreemption3.xml
----------------- Instantiating /home/travis/build/icyphy/ptII/ptolemy/domains/modal/test/auto/CannotAnalysisWithPreemption3.xml
7 ms. Memory: 201728K Free: 89860K (45%)
----------------- Invoking toplevel() on ptolemy.moml.MoMLSimpleApplication@7f2c65ea
----------------- Done invoking toplevel() on ptolemy.moml.MoMLSimpleApplication@7f2c65ea
reloadAllAccessors: .CannotAnalysisWithPreemption3

===========================================================================================
----------------- testing Fri Aug 21 15:31:45 UTC 2020 /home/travis/build/icyphy/ptII/ptolemy/domains/modal/test/auto/CannotProduce.xml
----------------- Instantiating /home/travis/build/icyphy/ptII/ptolemy/domains/modal/test/auto/CannotProduce.xml
18 ms. Memory: 201728K Free: 83730K (42%)
----------------- Invoking toplevel() on ptolemy.moml.MoMLSimpleApplication@57aeadc4
----------------- Done invoking toplevel() on ptolemy.moml.MoMLSimpleApplication@57aeadc4
reloadAllAccessors: .CannotProduce

===========================================================================================
----------------- testing Fri Aug 21 15:31:45 UTC 2020 /home/travis/build/icyphy/ptII/ptolemy/domains/modal/test/auto/CannotProduceModal.xml
----------------- Instantiating /home/travis/build/icyphy/ptII/ptolemy/domains/modal/test/auto/CannotProduceModal.xml
11 ms. Memory: 201728K Free: 77076K (38%)
----------------- Invoking toplevel() on ptolemy.moml.MoMLSimpleApplication@6da980d9
----------------- Done invoking toplevel() on ptolemy.moml.MoMLSimpleApplication@6da980d9
reloadAllAccessors: .CannotProduceModal

===========================================================================================
----------------- testing Fri Aug 21 15:31:45 UTC 2020 /home/travis/build/icyphy/ptII/ptolemy/domains/modal/test/auto/Case.xml
----------------- Instantiating /home/travis/build/icyphy/ptII/ptolemy/domains/modal/test/auto/Case.xml
37 ms. Memory: 201728K Free: 181034K (90%)
----------------- Invoking toplevel() on ptolemy.moml.MoMLSimpleApplication@7c8f3fb1
----------------- Done invoking toplevel() on ptolemy.moml.MoMLSimpleApplication@7c8f3fb1
reloadAllAccessors: .Case

===========================================================================================
----------------- testing Fri Aug 21 15:31:45 UTC 2020 /home/travis/build/icyphy/ptII/ptolemy/domains/modal/test/auto/Case1.xml
----------------- Instantiating /home/travis/build/icyphy/ptII/ptolemy/domains/modal/test/auto/Case1.xml
20 ms. Memory: 201728K Free: 173386K (86%)
----------------- Invoking toplevel() on ptolemy.moml.MoMLSimpleApplication@7a73a2e0
----------------- Done invoking toplevel() on ptolemy.moml.MoMLSimpleApplication@7a73a2e0
reloadAllAccessors: .Case1

===========================================================================================
----------------- testing Fri Aug 21 15:31:45 UTC 2020 /home/travis/build/icyphy/ptII/ptolemy/domains/modal/test/auto/Case2.xml
----------------- Instantiating /home/travis/build/icyphy/ptII/ptolemy/domains/modal/test/auto/Case2.xml
17 ms. Memory: 201728K Free: 162632K (81%)
----------------- Invoking toplevel() on ptolemy.moml.MoMLSimpleApplication@6df72323
----------------- Done invoking toplevel() on ptolemy.moml.MoMLSimpleApplication@6df72323
reloadAllAccessors: .Case2

===========================================================================================
----------------- testing Fri Aug 21 15:31:45 UTC 2020 /home/travis/build/icyphy/ptII/ptolemy/domains/modal/test/auto/CausalityInterface1.xml
----------------- Instantiating /home/travis/build/icyphy/ptII/ptolemy/domains/modal/test/auto/CausalityInterface1.xml
6 ms. Memory: 201728K Free: 157512K (78%)
----------------- Invoking toplevel() on ptolemy.moml.MoMLSimpleApplication@1413dfec
----------------- Done invoking toplevel() on ptolemy.moml.MoMLSimpleApplication@1413dfec
reloadAllAccessors: .CausalityInterface1

===========================================================================================
----------------- testing Fri Aug 21 15:31:45 UTC 2020 /home/travis/build/icyphy/ptII/ptolemy/domains/modal/test/auto/CausalityInterface10.xml
----------------- Instantiating /home/travis/build/icyphy/ptII/ptolemy/domains/modal/test/auto/CausalityInterface10.xml
13 ms. Memory: 201728K Free: 144186K (71%)
----------------- Invoking toplevel() on ptolemy.moml.MoMLSimpleApplication@4496ad42
----------------- Done invoking toplevel() on ptolemy.moml.MoMLSimpleApplication@4496ad42
reloadAllAccessors: .CausalityInterface10

===========================================================================================
----------------- testing Fri Aug 21 15:31:45 UTC 2020 /home/travis/build/icyphy/ptII/ptolemy/domains/modal/test/auto/CausalityInterface11.xml
----------------- Instantiating /home/travis/build/icyphy/ptII/ptolemy/domains/modal/test/auto/CausalityInterface11.xml
8 ms. Memory: 201728K Free: 130858K (65%)
----------------- Invoking toplevel() on ptolemy.moml.MoMLSimpleApplication@7f22fc36
----------------- Done invoking toplevel() on ptolemy.moml.MoMLSimpleApplication@7f22fc36
reloadAllAccessors: .CausalityInterface11

===========================================================================================
----------------- testing Fri Aug 21 15:31:45 UTC 2020 /home/travis/build/icyphy/ptII/ptolemy/domains/modal/test/auto/CausalityInterface12.xml
----------------- Instantiating /home/travis/build/icyphy/ptII/ptolemy/domains/modal/test/auto/CausalityInterface12.xml
7 ms. Memory: 201728K Free: 117546K (58%)
----------------- Invoking toplevel() on ptolemy.moml.MoMLSimpleApplication@56ba9334
----------------- Done invoking toplevel() on ptolemy.moml.MoMLSimpleApplication@56ba9334
reloadAllAccessors: .CausalityInterface12

===========================================================================================
----------------- testing Fri Aug 21 15:31:45 UTC 2020 /home/travis/build/icyphy/ptII/ptolemy/domains/modal/test/auto/CausalityInterface13.xml
----------------- Instantiating /home/travis/build/icyphy/ptII/ptolemy/domains/modal/test/auto/CausalityInterface13.xml
14 ms. Memory: 201728K Free: 104258K (52%)
----------------- Invoking toplevel() on ptolemy.moml.MoMLSimpleApplication@672f544c
----------------- Done invoking toplevel() on ptolemy.moml.MoMLSimpleApplication@672f544c
reloadAllAccessors: .CausalityInterface13

===========================================================================================
----------------- testing Fri Aug 21 15:31:45 UTC 2020 /home/travis/build/icyphy/ptII/ptolemy/domains/modal/test/auto/CausalityInterface14.xml
----------------- Instantiating /home/travis/build/icyphy/ptII/ptolemy/domains/modal/test/auto/CausalityInterface14.xml
15 ms. Memory: 201728K Free: 90442K (45%)
----------------- Invoking toplevel() on ptolemy.moml.MoMLSimpleApplication@79640cab
----------------- Done invoking toplevel() on ptolemy.moml.MoMLSimpleApplication@79640cab
reloadAllAccessors: .CausalityInterface14

===========================================================================================
----------------- testing Fri Aug 21 15:31:45 UTC 2020 /home/travis/build/icyphy/ptII/ptolemy/domains/modal/test/auto/CausalityInterface2.xml
----------------- Instantiating /home/travis/build/icyphy/ptII/ptolemy/domains/modal/test/auto/CausalityInterface2.xml
4 ms. Memory: 201728K Free: 84298K (42%)
----------------- Invoking toplevel() on ptolemy.moml.MoMLSimpleApplication@785390af
----------------- Done invoking toplevel() on ptolemy.moml.MoMLSimpleApplication@785390af
reloadAllAccessors: .CausalityInterface2

===========================================================================================
----------------- testing Fri Aug 21 15:31:45 UTC 2020 /home/travis/build/icyphy/ptII/ptolemy/domains/modal/test/auto/CausalityInterface3.xml
----------------- Instantiating /home/travis/build/icyphy/ptII/ptolemy/domains/modal/test/auto/CausalityInterface3.xml
3 ms. Memory: 201728K Free: 77130K (38%)
----------------- Invoking toplevel() on ptolemy.moml.MoMLSimpleApplication@fe258d8
----------------- Done invoking toplevel() on ptolemy.moml.MoMLSimpleApplication@fe258d8
reloadAllAccessors: .CausalityInterface3

===========================================================================================
----------------- testing Fri Aug 21 15:31:45 UTC 2020 /home/travis/build/icyphy/ptII/ptolemy/domains/modal/test/auto/CausalityInterface4.xml
----------------- Instantiating /home/travis/build/icyphy/ptII/ptolemy/domains/modal/test/auto/CausalityInterface4.xml
6 ms. Memory: 201728K Free: 70986K (35%)
----------------- Invoking toplevel() on ptolemy.moml.MoMLSimpleApplication@3de39250
----------------- Done invoking toplevel() on ptolemy.moml.MoMLSimpleApplication@3de39250
reloadAllAccessors: .CausalityInterface4

===========================================================================================
----------------- testing Fri Aug 21 15:31:45 UTC 2020 /home/travis/build/icyphy/ptII/ptolemy/domains/modal/test/auto/CausalityInterface5.xml
----------------- Instantiating /home/travis/build/icyphy/ptII/ptolemy/domains/modal/test/auto/CausalityInterface5.xml
6 ms. Memory: 201728K Free: 177964K (88%)
----------------- Invoking toplevel() on ptolemy.moml.MoMLSimpleApplication@ae81d50
----------------- Done invoking toplevel() on ptolemy.moml.MoMLSimpleApplication@ae81d50
reloadAllAccessors: .CausalityInterface5

===========================================================================================
----------------- testing Fri Aug 21 15:31:45 UTC 2020 /home/travis/build/icyphy/ptII/ptolemy/domains/modal/test/auto/CausalityInterface6.xml
----------------- Instantiating /home/travis/build/icyphy/ptII/ptolemy/domains/modal/test/auto/CausalityInterface6.xml
3 ms. Memory: 201728K Free: 169244K (84%)
----------------- Invoking toplevel() on ptolemy.moml.MoMLSimpleApplication@13486d88
----------------- Done invoking toplevel() on ptolemy.moml.MoMLSimpleApplication@13486d88
reloadAllAccessors: .CausalityInterface6

===========================================================================================
----------------- testing Fri Aug 21 15:31:45 UTC 2020 /home/travis/build/icyphy/ptII/ptolemy/domains/modal/test/auto/CausalityInterface7.xml
----------------- Instantiating /home/travis/build/icyphy/ptII/ptolemy/domains/modal/test/auto/CausalityInterface7.xml
7 ms. Memory: 201728K Free: 161066K (80%)
----------------- Invoking toplevel() on ptolemy.moml.MoMLSimpleApplication@2c98afd6
----------------- Done invoking toplevel() on ptolemy.moml.MoMLSimpleApplication@2c98afd6
reloadAllAccessors: .CausalityInterface7

===========================================================================================
----------------- testing Fri Aug 21 15:31:46 UTC 2020 /home/travis/build/icyphy/ptII/ptolemy/domains/modal/test/auto/CausalityInterface8.xml
----------------- Instantiating /home/travis/build/icyphy/ptII/ptolemy/domains/modal/test/auto/CausalityInterface8.xml
4 ms. Memory: 201728K Free: 152874K (76%)
----------------- Invoking toplevel() on ptolemy.moml.MoMLSimpleApplication@3e1cafa9
----------------- Done invoking toplevel() on ptolemy.moml.MoMLSimpleApplication@3e1cafa9
reloadAllAccessors: .CausalityInterface8

===========================================================================================
----------------- testing Fri Aug 21 15:31:46 UTC 2020 /home/travis/build/icyphy/ptII/ptolemy/domains/modal/test/auto/CausalityInterface9.xml
----------------- Instantiating /home/travis/build/icyphy/ptII/ptolemy/domains/modal/test/auto/CausalityInterface9.xml
7 ms. Memory: 201728K Free: 143658K (71%)
----------------- Invoking toplevel() on ptolemy.moml.MoMLSimpleApplication@67c29ea8
----------------- Done invoking toplevel() on ptolemy.moml.MoMLSimpleApplication@67c29ea8
reloadAllAccessors: .CausalityInterface9

===========================================================================================
----------------- testing Fri Aug 21 15:31:46 UTC 2020 /home/travis/build/icyphy/ptII/ptolemy/domains/modal/test/auto/ChainedTransitions.xml
----------------- Instantiating /home/travis/build/icyphy/ptII/ptolemy/domains/modal/test/auto/ChainedTransitions.xml
104 ms. Memory: 201728K Free: 118572K (59%)
----------------- Invoking toplevel() on ptolemy.moml.MoMLSimpleApplication@4fbbf35f
----------------- Done invoking toplevel() on ptolemy.moml.MoMLSimpleApplication@4fbbf35f
reloadAllAccessors: .ChainedTransitions

===========================================================================================
----------------- testing Fri Aug 21 15:31:46 UTC 2020 /home/travis/build/icyphy/ptII/ptolemy/domains/modal/test/auto/CycleOfImmediateTransitionsFSM.xml
----------------- Instantiating /home/travis/build/icyphy/ptII/ptolemy/domains/modal/test/auto/CycleOfImmediateTransitionsFSM.xml
3 ms. Memory: 201728K Free: 112938K (56%)
----------------- Invoking toplevel() on ptolemy.moml.MoMLSimpleApplication@d489e88
----------------- Done invoking toplevel() on ptolemy.moml.MoMLSimpleApplication@d489e88
reloadAllAccessors: .CycleOfImmediateTransitionsFSM

===========================================================================================
----------------- testing Fri Aug 21 15:31:46 UTC 2020 /home/travis/build/icyphy/ptII/ptolemy/domains/modal/test/auto/CycleOfImmediateTransitionsModal.xml
----------------- Instantiating /home/travis/build/icyphy/ptII/ptolemy/domains/modal/test/auto/CycleOfImmediateTransitionsModal.xml
3 ms. Memory: 201728K Free: 106794K (53%)
----------------- Invoking toplevel() on ptolemy.moml.MoMLSimpleApplication@22fa38d8
----------------- Done invoking toplevel() on ptolemy.moml.MoMLSimpleApplication@22fa38d8
reloadAllAccessors: .CycleOfImmediateTransitionsModal

===========================================================================================
----------------- testing Fri Aug 21 15:31:46 UTC 2020 /home/travis/build/icyphy/ptII/ptolemy/domains/modal/test/auto/CycleOfImmediateTransitionsModal2.xml
----------------- Instantiating /home/travis/build/icyphy/ptII/ptolemy/domains/modal/test/auto/CycleOfImmediateTransitionsModal2.xml
10 ms. Memory: 201728K Free: 100140K (50%)
----------------- Invoking toplevel() on ptolemy.moml.MoMLSimpleApplication@2ceba079
----------------- Done invoking toplevel() on ptolemy.moml.MoMLSimpleApplication@2ceba079
reloadAllAccessors: .CycleOfImmediateTransitionsModal2

===========================================================================================
----------------- testing Fri Aug 21 15:31:46 UTC 2020 /home/travis/build/icyphy/ptII/ptolemy/domains/modal/test/auto/CycleOfImmediateTransitionsModal3.xml
----------------- Instantiating /home/travis/build/icyphy/ptII/ptolemy/domains/modal/test/auto/CycleOfImmediateTransitionsModal3.xml
13 ms. Memory: 201728K Free: 77084K (38%)
----------------- Invoking toplevel() on ptolemy.moml.MoMLSimpleApplication@cba254d
----------------- Done invoking toplevel() on ptolemy.moml.MoMLSimpleApplication@cba254d
reloadAllAccessors: .CycleOfImmediateTransitionsModal3

===========================================================================================
----------------- testing Fri Aug 21 15:31:46 UTC 2020 /home/travis/build/icyphy/ptII/ptolemy/domains/modal/test/auto/DeepModal1.xml
----------------- Instantiating /home/travis/build/icyphy/ptII/ptolemy/domains/modal/test/auto/DeepModal1.xml
42 ms. Memory: 201728K Free: 178733K (89%)
----------------- Invoking toplevel() on ptolemy.moml.MoMLSimpleApplication@4216ef6b
----------------- Done invoking toplevel() on ptolemy.moml.MoMLSimpleApplication@4216ef6b
reloadAllAccessors: .DeepModal1

===========================================================================================
----------------- testing Fri Aug 21 15:31:46 UTC 2020 /home/travis/build/icyphy/ptII/ptolemy/domains/modal/test/auto/DeepModal2.xml
----------------- Instantiating /home/travis/build/icyphy/ptII/ptolemy/domains/modal/test/auto/DeepModal2.xml
27 ms. Memory: 201728K Free: 159572K (79%)
----------------- Invoking toplevel() on ptolemy.moml.MoMLSimpleApplication@e8ee0f3
----------------- Done invoking toplevel() on ptolemy.moml.MoMLSimpleApplication@e8ee0f3
reloadAllAccessors: .DeepModal2

===========================================================================================
----------------- testing Fri Aug 21 15:31:46 UTC 2020 /home/travis/build/icyphy/ptII/ptolemy/domains/modal/test/auto/DeepModal3.xml
----------------- Instantiating /home/travis/build/icyphy/ptII/ptolemy/domains/modal/test/auto/DeepModal3.xml
28 ms. Memory: 201728K Free: 140102K (69%)
----------------- Invoking toplevel() on ptolemy.moml.MoMLSimpleApplication@3cb60593
----------------- Done invoking toplevel() on ptolemy.moml.MoMLSimpleApplication@3cb60593
reloadAllAccessors: .DeepModal3

===========================================================================================
----------------- testing Fri Aug 21 15:31:46 UTC 2020 /home/travis/build/icyphy/ptII/ptolemy/domains/modal/test/auto/DeepModal4.xml
----------------- Instantiating /home/travis/build/icyphy/ptII/ptolemy/domains/modal/test/auto/DeepModal4.xml
36 ms. Memory: 201728K Free: 120646K (60%)
----------------- Invoking toplevel() on ptolemy.moml.MoMLSimpleApplication@7fa6607b
----------------- Done invoking toplevel() on ptolemy.moml.MoMLSimpleApplication@7fa6607b
reloadAllAccessors: .DeepModal4

===========================================================================================
----------------- testing Fri Aug 21 15:31:46 UTC 2020 /home/travis/build/icyphy/ptII/ptolemy/domains/modal/test/auto/Default1.xml
----------------- Instantiating /home/travis/build/icyphy/ptII/ptolemy/domains/modal/test/auto/Default1.xml
3 ms. Memory: 201728K Free: 114516K (57%)
----------------- Invoking toplevel() on ptolemy.moml.MoMLSimpleApplication@65a3ccb3
----------------- Done invoking toplevel() on ptolemy.moml.MoMLSimpleApplication@65a3ccb3
reloadAllAccessors: .Default1

===========================================================================================
----------------- testing Fri Aug 21 15:31:46 UTC 2020 /home/travis/build/icyphy/ptII/ptolemy/domains/modal/test/auto/Default2.xml
----------------- Instantiating /home/travis/build/icyphy/ptII/ptolemy/domains/modal/test/auto/Default2.xml
8 ms. Memory: 201728K Free: 108886K (54%)
----------------- Invoking toplevel() on ptolemy.moml.MoMLSimpleApplication@4a7f1d0d
----------------- Done invoking toplevel() on ptolemy.moml.MoMLSimpleApplication@4a7f1d0d
reloadAllAccessors: .Default2

===========================================================================================
----------------- testing Fri Aug 21 15:31:46 UTC 2020 /home/travis/build/icyphy/ptII/ptolemy/domains/modal/test/auto/Default3.xml
----------------- Instantiating /home/travis/build/icyphy/ptII/ptolemy/domains/modal/test/auto/Default3.xml
6 ms. Memory: 201728K Free: 103252K (51%)
----------------- Invoking toplevel() on ptolemy.moml.MoMLSimpleApplication@118db4d9
----------------- Done invoking toplevel() on ptolemy.moml.MoMLSimpleApplication@118db4d9
reloadAllAccessors: .Default3

===========================================================================================
----------------- testing Fri Aug 21 15:31:46 UTC 2020 /home/travis/build/icyphy/ptII/ptolemy/domains/modal/test/auto/Default4.xml
----------------- Instantiating /home/travis/build/icyphy/ptII/ptolemy/domains/modal/test/auto/Default4.xml
5 ms. Memory: 201728K Free: 96598K (48%)
----------------- Invoking toplevel() on ptolemy.moml.MoMLSimpleApplication@7acea36f
----------------- Done invoking toplevel() on ptolemy.moml.MoMLSimpleApplication@7acea36f
reloadAllAccessors: .Default4

===========================================================================================
----------------- testing Fri Aug 21 15:31:46 UTC 2020 /home/travis/build/icyphy/ptII/ptolemy/domains/modal/test/auto/Default5.xml
----------------- Instantiating /home/travis/build/icyphy/ptII/ptolemy/domains/modal/test/auto/Default5.xml
7 ms. Memory: 201728K Free: 88406K (44%)
----------------- Invoking toplevel() on ptolemy.moml.MoMLSimpleApplication@51044fd1
----------------- Done invoking toplevel() on ptolemy.moml.MoMLSimpleApplication@51044fd1
reloadAllAccessors: .Default5

===========================================================================================
----------------- testing Fri Aug 21 15:31:46 UTC 2020 /home/travis/build/icyphy/ptII/ptolemy/domains/modal/test/auto/EmptyGuard.xml
----------------- Instantiating /home/travis/build/icyphy/ptII/ptolemy/domains/modal/test/auto/EmptyGuard.xml
11 ms. Memory: 201728K Free: 80718K (40%)
----------------- Invoking toplevel() on ptolemy.moml.MoMLSimpleApplication@12401e13
----------------- Done invoking toplevel() on ptolemy.moml.MoMLSimpleApplication@12401e13
reloadAllAccessors: .EmptyGuard

===========================================================================================
----------------- testing Fri Aug 21 15:31:46 UTC 2020 /home/travis/build/icyphy/ptII/ptolemy/domains/modal/test/auto/ErrorTransition1.xml
----------------- Instantiating /home/travis/build/icyphy/ptII/ptolemy/domains/modal/test/auto/ErrorTransition1.xml
9 ms. Memory: 201728K Free: 72022K (36%)
----------------- Invoking toplevel() on ptolemy.moml.MoMLSimpleApplication@41b6f08b
----------------- Done invoking toplevel() on ptolemy.moml.MoMLSimpleApplication@41b6f08b
reloadAllAccessors: .ErrorTransition1

===========================================================================================
----------------- testing Fri Aug 21 15:31:46 UTC 2020 /home/travis/build/icyphy/ptII/ptolemy/domains/modal/test/auto/ErrorTransition10.xml
----------------- Instantiating /home/travis/build/icyphy/ptII/ptolemy/domains/modal/test/auto/ErrorTransition10.xml
13 ms. Memory: 245760K Free: 218364K (89%)
----------------- Invoking toplevel() on ptolemy.moml.MoMLSimpleApplication@40ef4ece
----------------- Done invoking toplevel() on ptolemy.moml.MoMLSimpleApplication@40ef4ece
reloadAllAccessors: .ErrorTransition10

===========================================================================================
----------------- testing Fri Aug 21 15:31:46 UTC 2020 /home/travis/build/icyphy/ptII/ptolemy/domains/modal/test/auto/ErrorTransition11.xml
----------------- Instantiating /home/travis/build/icyphy/ptII/ptolemy/domains/modal/test/auto/ErrorTransition11.xml
5 ms. Memory: 245760K Free: 207100K (84%)
----------------- Invoking toplevel() on ptolemy.moml.MoMLSimpleApplication@41763d9d
----------------- Done invoking toplevel() on ptolemy.moml.MoMLSimpleApplication@41763d9d
reloadAllAccessors: .ErrorTransition11

===========================================================================================
----------------- testing Fri Aug 21 15:31:46 UTC 2020 /home/travis/build/icyphy/ptII/ptolemy/domains/modal/test/auto/ErrorTransition2.xml
----------------- Instantiating /home/travis/build/icyphy/ptII/ptolemy/domains/modal/test/auto/ErrorTransition2.xml
10 ms. Memory: 245760K Free: 198394K (81%)
----------------- Invoking toplevel() on ptolemy.moml.MoMLSimpleApplication@22f8530a
----------------- Done invoking toplevel() on ptolemy.moml.MoMLSimpleApplication@22f8530a
reloadAllAccessors: .ErrorTransition2

===========================================================================================
----------------- testing Fri Aug 21 15:31:47 UTC 2020 /home/travis/build/icyphy/ptII/ptolemy/domains/modal/test/auto/ErrorTransition3.xml
----------------- Instantiating /home/travis/build/icyphy/ptII/ptolemy/domains/modal/test/auto/ErrorTransition3.xml
27 ms. Memory: 245760K Free: 188668K (77%)
----------------- Invoking toplevel() on ptolemy.moml.MoMLSimpleApplication@314e8864
----------------- Done invoking toplevel() on ptolemy.moml.MoMLSimpleApplication@314e8864
reloadAllAccessors: .ErrorTransition3

===========================================================================================
----------------- testing Fri Aug 21 15:31:47 UTC 2020 /home/travis/build/icyphy/ptII/ptolemy/domains/modal/test/auto/ErrorTransition4.xml
----------------- Instantiating /home/travis/build/icyphy/ptII/ptolemy/domains/modal/test/auto/ErrorTransition4.xml
15 ms. Memory: 245760K Free: 177404K (72%)
----------------- Invoking toplevel() on ptolemy.moml.MoMLSimpleApplication@2b15fe77
----------------- Done invoking toplevel() on ptolemy.moml.MoMLSimpleApplication@2b15fe77
reloadAllAccessors: .ErrorTransition4

===========================================================================================
----------------- testing Fri Aug 21 15:31:47 UTC 2020 /home/travis/build/icyphy/ptII/ptolemy/domains/modal/test/auto/ErrorTransition5.xml
----------------- Instantiating /home/travis/build/icyphy/ptII/ptolemy/domains/modal/test/auto/ErrorTransition5.xml
8 ms. Memory: 245760K Free: 167164K (68%)
----------------- Invoking toplevel() on ptolemy.moml.MoMLSimpleApplication@4e8352ce
----------------- Done invoking toplevel() on ptolemy.moml.MoMLSimpleApplication@4e8352ce
reloadAllAccessors: .ErrorTransition5

===========================================================================================
----------------- testing Fri Aug 21 15:31:47 UTC 2020 /home/travis/build/icyphy/ptII/ptolemy/domains/modal/test/auto/ErrorTransition6.xml
----------------- Instantiating /home/travis/build/icyphy/ptII/ptolemy/domains/modal/test/auto/ErrorTransition6.xml
11 ms. Memory: 245760K Free: 156410K (64%)
----------------- Invoking toplevel() on ptolemy.moml.MoMLSimpleApplication@e0e26c8
----------------- Done invoking toplevel() on ptolemy.moml.MoMLSimpleApplication@e0e26c8
reloadAllAccessors: .ErrorTransition6

===========================================================================================
----------------- testing Fri Aug 21 15:31:47 UTC 2020 /home/travis/build/icyphy/ptII/ptolemy/domains/modal/test/auto/ErrorTransition7.xml
----------------- Instantiating /home/travis/build/icyphy/ptII/ptolemy/domains/modal/test/auto/ErrorTransition7.xml
17 ms. Memory: 245760K Free: 143612K (58%)
----------------- Invoking toplevel() on ptolemy.moml.MoMLSimpleApplication@7de4867f
----------------- Done invoking toplevel() on ptolemy.moml.MoMLSimpleApplication@7de4867f
reloadAllAccessors: .ErrorTransition7

===========================================================================================
----------------- testing Fri Aug 21 15:31:47 UTC 2020 /home/travis/build/icyphy/ptII/ptolemy/domains/modal/test/auto/ErrorTransition8.xml
----------------- Instantiating /home/travis/build/icyphy/ptII/ptolemy/domains/modal/test/auto/ErrorTransition8.xml
33 ms. Memory: 245760K Free: 130300K (53%)
----------------- Invoking toplevel() on ptolemy.moml.MoMLSimpleApplication@6f19ae26
----------------- Done invoking toplevel() on ptolemy.moml.MoMLSimpleApplication@6f19ae26
reloadAllAccessors: .ErrorTransition8

===========================================================================================
----------------- testing Fri Aug 21 15:31:47 UTC 2020 /home/travis/build/icyphy/ptII/ptolemy/domains/modal/test/auto/ErrorTransition9.xml
----------------- Instantiating /home/travis/build/icyphy/ptII/ptolemy/domains/modal/test/auto/ErrorTransition9.xml
18 ms. Memory: 245760K Free: 116988K (48%)
----------------- Invoking toplevel() on ptolemy.moml.MoMLSimpleApplication@53e8940f
----------------- Done invoking toplevel() on ptolemy.moml.MoMLSimpleApplication@53e8940f
reloadAllAccessors: .ErrorTransition9

===========================================================================================
----------------- testing Fri Aug 21 15:31:47 UTC 2020 /home/travis/build/icyphy/ptII/ptolemy/domains/modal/test/auto/ExtendedFSM.xml
----------------- Instantiating /home/travis/build/icyphy/ptII/ptolemy/domains/modal/test/auto/ExtendedFSM.xml
7 ms. Memory: 245760K Free: 108268K (44%)
----------------- Invoking toplevel() on ptolemy.moml.MoMLSimpleApplication@57852df3
----------------- Done invoking toplevel() on ptolemy.moml.MoMLSimpleApplication@57852df3
reloadAllAccessors: .ExtendedFSM

===========================================================================================
----------------- testing Fri Aug 21 15:31:47 UTC 2020 /home/travis/build/icyphy/ptII/ptolemy/domains/modal/test/auto/FinalStates.xml
----------------- Instantiating /home/travis/build/icyphy/ptII/ptolemy/domains/modal/test/auto/FinalStates.xml
5 ms. Memory: 245760K Free: 100076K (41%)
----------------- Invoking toplevel() on ptolemy.moml.MoMLSimpleApplication@787408cd
----------------- Done invoking toplevel() on ptolemy.moml.MoMLSimpleApplication@787408cd
reloadAllAccessors: .FinalStates

===========================================================================================
----------------- testing Fri Aug 21 15:31:47 UTC 2020 /home/travis/build/icyphy/ptII/ptolemy/domains/modal/test/auto/FixedPointFSM.xml
----------------- Instantiating /home/travis/build/icyphy/ptII/ptolemy/domains/modal/test/auto/FixedPointFSM.xml
19 ms. Memory: 245760K Free: 85244K (35%)
----------------- Invoking toplevel() on ptolemy.moml.MoMLSimpleApplication@22768610
----------------- Done invoking toplevel() on ptolemy.moml.MoMLSimpleApplication@22768610
reloadAllAccessors: .FixedPointFSM

===========================================================================================
----------------- testing Fri Aug 21 15:31:47 UTC 2020 /home/travis/build/icyphy/ptII/ptolemy/domains/modal/test/auto/FixedPointIterationFSMActor.xml
----------------- Instantiating /home/travis/build/icyphy/ptII/ptolemy/domains/modal/test/auto/FixedPointIterationFSMActor.xml
9 ms. Memory: 245760K Free: 216861K (88%)
----------------- Invoking toplevel() on ptolemy.moml.MoMLSimpleApplication@c32c3c2
----------------- Done invoking toplevel() on ptolemy.moml.MoMLSimpleApplication@c32c3c2
reloadAllAccessors: .FixedPointIterationFSMActor

===========================================================================================
----------------- testing Fri Aug 21 15:31:47 UTC 2020 /home/travis/build/icyphy/ptII/ptolemy/domains/modal/test/auto/FixedPointIterationFSMActor2.xml
----------------- Instantiating /home/travis/build/icyphy/ptII/ptolemy/domains/modal/test/auto/FixedPointIterationFSMActor2.xml
8 ms. Memory: 245760K Free: 204573K (83%)
----------------- Invoking toplevel() on ptolemy.moml.MoMLSimpleApplication@7ca569b7
----------------- Done invoking toplevel() on ptolemy.moml.MoMLSimpleApplication@7ca569b7
reloadAllAccessors: .FixedPointIterationFSMActor2

===========================================================================================
----------------- testing Fri Aug 21 15:31:47 UTC 2020 /home/travis/build/icyphy/ptII/ptolemy/domains/modal/test/auto/ForbiddenInstantanousLoop.xml
----------------- Instantiating /home/travis/build/icyphy/ptII/ptolemy/domains/modal/test/auto/ForbiddenInstantanousLoop.xml
7 ms. Memory: 245760K Free: 192285K (78%)
----------------- Invoking toplevel() on ptolemy.moml.MoMLSimpleApplication@46d71a3c
----------------- Done invoking toplevel() on ptolemy.moml.MoMLSimpleApplication@46d71a3c
reloadAllAccessors: .ForbiddenInstantanousLoop

===========================================================================================
----------------- testing Fri Aug 21 15:31:47 UTC 2020 /home/travis/build/icyphy/ptII/ptolemy/domains/modal/test/auto/FunctionDependencyOfFSMActorTest.xml
----------------- Instantiating /home/travis/build/icyphy/ptII/ptolemy/domains/modal/test/auto/FunctionDependencyOfFSMActorTest.xml
14 ms. Memory: 245760K Free: 185117K (75%)
----------------- Invoking toplevel() on ptolemy.moml.MoMLSimpleApplication@605bb376
----------------- Done invoking toplevel() on ptolemy.moml.MoMLSimpleApplication@605bb376
reloadAllAccessors: .FunctionDependencyOfFSMActorTest

===========================================================================================
----------------- testing Fri Aug 21 15:31:47 UTC 2020 /home/travis/build/icyphy/ptII/ptolemy/domains/modal/test/auto/GuardExpression.xml
----------------- Instantiating /home/travis/build/icyphy/ptII/ptolemy/domains/modal/test/auto/GuardExpression.xml
2 ms. Memory: 245760K Free: 179997K (73%)
----------------- Invoking toplevel() on ptolemy.moml.MoMLSimpleApplication@685d1282
----------------- Done invoking toplevel() on ptolemy.moml.MoMLSimpleApplication@685d1282
reloadAllAccessors: .GuardExpression

===========================================================================================
----------------- testing Fri Aug 21 15:31:47 UTC 2020 /home/travis/build/icyphy/ptII/ptolemy/domains/modal/test/auto/GuardNotEvaluated.xml
----------------- Instantiating /home/travis/build/icyphy/ptII/ptolemy/domains/modal/test/auto/GuardNotEvaluated.xml
6 ms. Memory: 245760K Free: 171291K (70%)
----------------- Invoking toplevel() on ptolemy.moml.MoMLSimpleApplication@70296bd5
----------------- Done invoking toplevel() on ptolemy.moml.MoMLSimpleApplication@70296bd5
reloadAllAccessors: .GuardNotEvaluated

===========================================================================================
----------------- testing Fri Aug 21 15:31:47 UTC 2020 /home/travis/build/icyphy/ptII/ptolemy/domains/modal/test/auto/GuardNotEvaluated2.xml
----------------- Instantiating /home/travis/build/icyphy/ptII/ptolemy/domains/modal/test/auto/GuardNotEvaluated2.xml
9 ms. Memory: 245760K Free: 161565K (66%)
----------------- Invoking toplevel() on ptolemy.moml.MoMLSimpleApplication@72ebf034
----------------- Done invoking toplevel() on ptolemy.moml.MoMLSimpleApplication@72ebf034
reloadAllAccessors: .GuardNotEvaluated2

===========================================================================================
----------------- testing Fri Aug 21 15:31:47 UTC 2020 /home/travis/build/icyphy/ptII/ptolemy/domains/modal/test/auto/GuardOnAbsent.xml
----------------- Instantiating /home/travis/build/icyphy/ptII/ptolemy/domains/modal/test/auto/GuardOnAbsent.xml
9 ms. Memory: 245760K Free: 153853K (63%)
----------------- Invoking toplevel() on ptolemy.moml.MoMLSimpleApplication@74b818e6
----------------- Done invoking toplevel() on ptolemy.moml.MoMLSimpleApplication@74b818e6
reloadAllAccessors: .GuardOnAbsent

===========================================================================================
----------------- testing Fri Aug 21 15:31:47 UTC 2020 /home/travis/build/icyphy/ptII/ptolemy/domains/modal/test/auto/HierarchicalFSMTypeInference.xml
----------------- Instantiating /home/travis/build/icyphy/ptII/ptolemy/domains/modal/test/auto/HierarchicalFSMTypeInference.xml
5 ms. Memory: 245760K Free: 143643K (58%)
----------------- Invoking toplevel() on ptolemy.moml.MoMLSimpleApplication@445bdf76
----------------- Done invoking toplevel() on ptolemy.moml.MoMLSimpleApplication@445bdf76
reloadAllAccessors: .HierarchicalFSMTypeInference

===========================================================================================
----------------- testing Fri Aug 21 15:31:47 UTC 2020 /home/travis/build/icyphy/ptII/ptolemy/domains/modal/test/auto/Hysteresis.xml
----------------- Instantiating /home/travis/build/icyphy/ptII/ptolemy/domains/modal/test/auto/Hysteresis.xml
13 ms. Memory: 245760K Free: 130317K (53%)
----------------- Invoking toplevel() on ptolemy.moml.MoMLSimpleApplication@14f0ea4b
----------------- Done invoking toplevel() on ptolemy.moml.MoMLSimpleApplication@14f0ea4b
reloadAllAccessors: .Hysteresis

===========================================================================================
----------------- testing Fri Aug 21 15:31:47 UTC 2020 /home/travis/build/icyphy/ptII/ptolemy/domains/modal/test/auto/HysteresisWithDefault.xml
----------------- Instantiating /home/travis/build/icyphy/ptII/ptolemy/domains/modal/test/auto/HysteresisWithDefault.xml
37 ms. Memory: 245760K Free: 107293K (44%)
----------------- Invoking toplevel() on ptolemy.moml.MoMLSimpleApplication@53751e6b
----------------- Done invoking toplevel() on ptolemy.moml.MoMLSimpleApplication@53751e6b
reloadAllAccessors: .HysteresisWithDefault

===========================================================================================
----------------- testing Fri Aug 21 15:31:47 UTC 2020 /home/travis/build/icyphy/ptII/ptolemy/domains/modal/test/auto/HysteresisWithDefault2.xml
----------------- Instantiating /home/travis/build/icyphy/ptII/ptolemy/domains/modal/test/auto/HysteresisWithDefault2.xml
58 ms. Memory: 245760K Free: 218380K (89%)
----------------- Invoking toplevel() on ptolemy.moml.MoMLSimpleApplication@17c8de6d
----------------- Done invoking toplevel() on ptolemy.moml.MoMLSimpleApplication@17c8de6d
reloadAllAccessors: .HysteresisWithDefault2

===========================================================================================
----------------- testing Fri Aug 21 15:31:47 UTC 2020 /home/travis/build/icyphy/ptII/ptolemy/domains/modal/test/auto/ImmediateNonConstructiveness.xml
----------------- Instantiating /home/travis/build/icyphy/ptII/ptolemy/domains/modal/test/auto/ImmediateNonConstructiveness.xml
3 ms. Memory: 245760K Free: 210684K (86%)
----------------- Invoking toplevel() on ptolemy.moml.MoMLSimpleApplication@121d3eae
----------------- Done invoking toplevel() on ptolemy.moml.MoMLSimpleApplication@121d3eae
reloadAllAccessors: .ImmediateNonConstructiveness

===========================================================================================
----------------- testing Fri Aug 21 15:31:47 UTC 2020 /home/travis/build/icyphy/ptII/ptolemy/domains/modal/test/auto/ImmediateNonConstructiveness2.xml
----------------- Instantiating /home/travis/build/icyphy/ptII/ptolemy/domains/modal/test/auto/ImmediateNonConstructiveness2.xml
3 ms. Memory: 245760K Free: 204044K (83%)
----------------- Invoking toplevel() on ptolemy.moml.MoMLSimpleApplication@5247bf89
----------------- Done invoking toplevel() on ptolemy.moml.MoMLSimpleApplication@5247bf89
reloadAllAccessors: .ImmediateNonConstructiveness2

===========================================================================================
----------------- testing Fri Aug 21 15:31:48 UTC 2020 /home/travis/build/icyphy/ptII/ptolemy/domains/modal/test/auto/ImmediateTransitionReset.xml
----------------- Instantiating /home/travis/build/icyphy/ptII/ptolemy/domains/modal/test/auto/ImmediateTransitionReset.xml
8 ms. Memory: 245760K Free: 192266K (78%)
----------------- Invoking toplevel() on ptolemy.moml.MoMLSimpleApplication@7b004e0
----------------- Done invoking toplevel() on ptolemy.moml.MoMLSimpleApplication@7b004e0
reloadAllAccessors: .ImmediateTransitionReset

===========================================================================================
----------------- testing Fri Aug 21 15:31:48 UTC 2020 /home/travis/build/icyphy/ptII/ptolemy/domains/modal/test/auto/ImmediateTransitions1.xml
----------------- Instantiating /home/travis/build/icyphy/ptII/ptolemy/domains/modal/test/auto/ImmediateTransitions1.xml
2 ms. Memory: 245760K Free: 187146K (76%)
----------------- Invoking toplevel() on ptolemy.moml.MoMLSimpleApplication@7c31efef
----------------- Done invoking toplevel() on ptolemy.moml.MoMLSimpleApplication@7c31efef
reloadAllAccessors: .ImmediateTransitions1

===========================================================================================
----------------- testing Fri Aug 21 15:31:48 UTC 2020 /home/travis/build/icyphy/ptII/ptolemy/domains/modal/test/auto/ImmediateTransitionsInstantaneousCommunication.xml
----------------- Instantiating /home/travis/build/icyphy/ptII/ptolemy/domains/modal/test/auto/ImmediateTransitionsInstantaneousCommunication.xml
4 ms. Memory: 245760K Free: 174844K (71%)
----------------- Invoking toplevel() on ptolemy.moml.MoMLSimpleApplication@12dbd594
----------------- Done invoking toplevel() on ptolemy.moml.MoMLSimpleApplication@12dbd594
reloadAllAccessors: .ImmediateTransitionsInstantaneousCommunication

===========================================================================================
----------------- testing Fri Aug 21 15:31:48 UTC 2020 /home/travis/build/icyphy/ptII/ptolemy/domains/modal/test/auto/InitialImmediateTransition.xml
----------------- Instantiating /home/travis/build/icyphy/ptII/ptolemy/domains/modal/test/auto/InitialImmediateTransition.xml
3 ms. Memory: 245760K Free: 167684K (68%)
----------------- Invoking toplevel() on ptolemy.moml.MoMLSimpleApplication@35234974
----------------- Done invoking toplevel() on ptolemy.moml.MoMLSimpleApplication@35234974
reloadAllAccessors: .InitialImmediateTransition

===========================================================================================
----------------- testing Fri Aug 21 15:31:48 UTC 2020 /home/travis/build/icyphy/ptII/ptolemy/domains/modal/test/auto/InitialOutputs.xml
----------------- Instantiating /home/travis/build/icyphy/ptII/ptolemy/domains/modal/test/auto/InitialOutputs.xml
3 ms. Memory: 245760K Free: 161546K (66%)
----------------- Invoking toplevel() on ptolemy.moml.MoMLSimpleApplication@661a6d9f
----------------- Done invoking toplevel() on ptolemy.moml.MoMLSimpleApplication@661a6d9f
reloadAllAccessors: .InitialOutputs

===========================================================================================
----------------- testing Fri Aug 21 15:31:48 UTC 2020 /home/travis/build/icyphy/ptII/ptolemy/domains/modal/test/auto/InitialStateTransition1.xml
----------------- Instantiating /home/travis/build/icyphy/ptII/ptolemy/domains/modal/test/auto/InitialStateTransition1.xml
2 ms. Memory: 245760K Free: 154378K (63%)
----------------- Invoking toplevel() on ptolemy.moml.MoMLSimpleApplication@4802a395
----------------- Done invoking toplevel() on ptolemy.moml.MoMLSimpleApplication@4802a395
reloadAllAccessors: .InitialStateTransition1

===========================================================================================
----------------- testing Fri Aug 21 15:31:48 UTC 2020 /home/travis/build/icyphy/ptII/ptolemy/domains/modal/test/auto/InitialStateTransition2.xml
----------------- Instantiating /home/travis/build/icyphy/ptII/ptolemy/domains/modal/test/auto/InitialStateTransition2.xml
.InitialStateTransition2.TestExceptionAttributeNonConstructive: initialize() was not invoked, but wrapup() was.  This is unusual, but not always a problem.  For example, exporting JNLP will do this.
2 ms. Memory: 245760K Free: 147210K (60%)
----------------- Invoking toplevel() on ptolemy.moml.MoMLSimpleApplication@5500d67b
----------------- Done invoking toplevel() on ptolemy.moml.MoMLSimpleApplication@5500d67b
reloadAllAccessors: .InitialStateTransition2

===========================================================================================
----------------- testing Fri Aug 21 15:31:48 UTC 2020 /home/travis/build/icyphy/ptII/ptolemy/domains/modal/test/auto/InitialStateTransition3.xml
----------------- Instantiating /home/travis/build/icyphy/ptII/ptolemy/domains/modal/test/auto/InitialStateTransition3.xml
4 ms. Memory: 245760K Free: 139018K (57%)
----------------- Invoking toplevel() on ptolemy.moml.MoMLSimpleApplication@4ed9eb15
----------------- Done invoking toplevel() on ptolemy.moml.MoMLSimpleApplication@4ed9eb15
reloadAllAccessors: .InitialStateTransition3

===========================================================================================
----------------- testing Fri Aug 21 15:31:48 UTC 2020 /home/travis/build/icyphy/ptII/ptolemy/domains/modal/test/auto/InitialStateTransition4.xml
----------------- Instantiating /home/travis/build/icyphy/ptII/ptolemy/domains/modal/test/auto/InitialStateTransition4.xml
4 ms. Memory: 245760K Free: 129292K (53%)
----------------- Invoking toplevel() on ptolemy.moml.MoMLSimpleApplication@673df75f
----------------- Done invoking toplevel() on ptolemy.moml.MoMLSimpleApplication@673df75f
[...]
reloadAllAccessors: .TerminationTransition3

===========================================================================================
----------------- testing Fri Aug 21 15:31:50 UTC 2020 /home/travis/build/icyphy/ptII/ptolemy/domains/modal/test/auto/TerminationTransition4.xml
----------------- Instantiating /home/travis/build/icyphy/ptII/ptolemy/domains/modal/test/auto/TerminationTransition4.xml
6 ms. Memory: 294912K Free: 215521K (73%)
----------------- Invoking toplevel() on ptolemy.moml.MoMLSimpleApplication@2e4294ce
----------------- Done invoking toplevel() on ptolemy.moml.MoMLSimpleApplication@2e4294ce
reloadAllAccessors: .TerminationTransition4

===========================================================================================
----------------- testing Fri Aug 21 15:31:50 UTC 2020 /home/travis/build/icyphy/ptII/ptolemy/domains/modal/test/auto/TerminationTransition5.xml
----------------- Instantiating /home/travis/build/icyphy/ptII/ptolemy/domains/modal/test/auto/TerminationTransition5.xml
2 ms. Memory: 294912K Free: 201695K (68%)
----------------- Invoking toplevel() on ptolemy.moml.MoMLSimpleApplication@47606bc3
----------------- Done invoking toplevel() on ptolemy.moml.MoMLSimpleApplication@47606bc3
reloadAllAccessors: .TerminationTransition5

===========================================================================================
----------------- testing Fri Aug 21 15:31:50 UTC 2020 /home/travis/build/icyphy/ptII/ptolemy/domains/modal/test/auto/TerminationTransition6.xml
----------------- Instantiating /home/travis/build/icyphy/ptII/ptolemy/domains/modal/test/auto/TerminationTransition6.xml
2 ms. Memory: 294912K Free: 192993K (65%)
----------------- Invoking toplevel() on ptolemy.moml.MoMLSimpleApplication@7666e375
----------------- Done invoking toplevel() on ptolemy.moml.MoMLSimpleApplication@7666e375
reloadAllAccessors: .TerminationTransition6

===========================================================================================
----------------- testing Fri Aug 21 15:31:50 UTC 2020 /home/travis/build/icyphy/ptII/ptolemy/domains/modal/test/auto/TerminationTransition7.xml
----------------- Instantiating /home/travis/build/icyphy/ptII/ptolemy/domains/modal/test/auto/TerminationTransition7.xml
2 ms. Memory: 294912K Free: 183263K (62%)
----------------- Invoking toplevel() on ptolemy.moml.MoMLSimpleApplication@74d19ce5
----------------- Done invoking toplevel() on ptolemy.moml.MoMLSimpleApplication@74d19ce5
reloadAllAccessors: .TerminationTransition7

===========================================================================================
----------------- testing Fri Aug 21 15:31:50 UTC 2020 /home/travis/build/icyphy/ptII/ptolemy/domains/modal/test/auto/TerminationTransition8.xml
----------------- Instantiating /home/travis/build/icyphy/ptII/ptolemy/domains/modal/test/auto/TerminationTransition8.xml
2 ms. Memory: 294912K Free: 174047K (59%)
----------------- Invoking toplevel() on ptolemy.moml.MoMLSimpleApplication@4ba5fb69
----------------- Done invoking toplevel() on ptolemy.moml.MoMLSimpleApplication@4ba5fb69
reloadAllAccessors: .TerminationTransition8

===========================================================================================
----------------- testing Fri Aug 21 15:31:50 UTC 2020 /home/travis/build/icyphy/ptII/ptolemy/domains/modal/test/auto/Thermostat_NoHysteresis.xml
----------------- Instantiating /home/travis/build/icyphy/ptII/ptolemy/domains/modal/test/auto/Thermostat_NoHysteresis.xml
23 ms. Memory: 294912K Free: 149471K (51%)
----------------- Invoking toplevel() on ptolemy.moml.MoMLSimpleApplication@4ce326cc
----------------- Done invoking toplevel() on ptolemy.moml.MoMLSimpleApplication@4ce326cc
reloadAllAccessors: .Thermostat_NoHysteresis

===========================================================================================
----------------- testing Fri Aug 21 15:31:50 UTC 2020 /home/travis/build/icyphy/ptII/ptolemy/domains/modal/test/auto/TimedFSM.xml
----------------- Instantiating /home/travis/build/icyphy/ptII/ptolemy/domains/modal/test/auto/TimedFSM.xml
7 ms. Memory: 294912K Free: 137697K (47%)
----------------- Invoking toplevel() on ptolemy.moml.MoMLSimpleApplication@68b466b3
----------------- Done invoking toplevel() on ptolemy.moml.MoMLSimpleApplication@68b466b3
reloadAllAccessors: .TimedFSM

===========================================================================================
----------------- testing Fri Aug 21 15:31:50 UTC 2020 /home/travis/build/icyphy/ptII/ptolemy/domains/modal/test/auto/Timeout1.xml
----------------- Instantiating /home/travis/build/icyphy/ptII/ptolemy/domains/modal/test/auto/Timeout1.xml
3 ms. Memory: 294912K Free: 132048K (45%)
----------------- Invoking toplevel() on ptolemy.moml.MoMLSimpleApplication@6b8c84a9
----------------- Done invoking toplevel() on ptolemy.moml.MoMLSimpleApplication@6b8c84a9
reloadAllAccessors: .Timeout1

===========================================================================================
----------------- testing Fri Aug 21 15:31:50 UTC 2020 /home/travis/build/icyphy/ptII/ptolemy/domains/modal/test/auto/Timeout2.xml
----------------- Instantiating /home/travis/build/icyphy/ptII/ptolemy/domains/modal/test/auto/Timeout2.xml
8 ms. Memory: 294912K Free: 123361K (42%)
----------------- Invoking toplevel() on ptolemy.moml.MoMLSimpleApplication@7b90b069
----------------- Done invoking toplevel() on ptolemy.moml.MoMLSimpleApplication@7b90b069
reloadAllAccessors: .Timeout2

===========================================================================================
----------------- testing Fri Aug 21 15:31:50 UTC 2020 /home/travis/build/icyphy/ptII/ptolemy/domains/modal/test/auto/Timeout3.xml
----------------- Instantiating /home/travis/build/icyphy/ptII/ptolemy/domains/modal/test/auto/Timeout3.xml
1 ms. Memory: 294912K Free: 118241K (40%)
----------------- Invoking toplevel() on ptolemy.moml.MoMLSimpleApplication@702814b7
----------------- Done invoking toplevel() on ptolemy.moml.MoMLSimpleApplication@702814b7
reloadAllAccessors: .Timeout3

===========================================================================================
----------------- testing Fri Aug 21 15:31:50 UTC 2020 /home/travis/build/icyphy/ptII/ptolemy/domains/modal/test/auto/Timeout4.xml
----------------- Instantiating /home/travis/build/icyphy/ptII/ptolemy/domains/modal/test/auto/Timeout4.xml
2 ms. Memory: 294912K Free: 113121K (38%)
----------------- Invoking toplevel() on ptolemy.moml.MoMLSimpleApplication@4d8b6446
----------------- Done invoking toplevel() on ptolemy.moml.MoMLSimpleApplication@4d8b6446
reloadAllAccessors: .Timeout4

===========================================================================================
----------------- testing Fri Aug 21 15:31:50 UTC 2020 /home/travis/build/icyphy/ptII/ptolemy/domains/modal/test/auto/TransientstateModelAdvanced.xml
----------------- Instantiating /home/travis/build/icyphy/ptII/ptolemy/domains/modal/test/auto/TransientstateModelAdvanced.xml
3 ms. Memory: 294912K Free: 271484K (92%)
----------------- Invoking toplevel() on ptolemy.moml.MoMLSimpleApplication@2f6f331a
----------------- Done invoking toplevel() on ptolemy.moml.MoMLSimpleApplication@2f6f331a
reloadAllAccessors: .TransientstateModelAdvanced

===========================================================================================
----------------- testing Fri Aug 21 15:31:50 UTC 2020 /home/travis/build/icyphy/ptII/ptolemy/domains/modal/test/auto/TransientstateModelAdvanced2.xml
----------------- Instantiating /home/travis/build/icyphy/ptII/ptolemy/domains/modal/test/auto/TransientstateModelAdvanced2.xml
3 ms. Memory: 294912K Free: 257148K (87%)
----------------- Invoking toplevel() on ptolemy.moml.MoMLSimpleApplication@46204d5f
----------------- Done invoking toplevel() on ptolemy.moml.MoMLSimpleApplication@46204d5f
reloadAllAccessors: .transientstatemodelAdvanced

===========================================================================================
----------------- testing Fri Aug 21 15:31:50 UTC 2020 /home/travis/build/icyphy/ptII/ptolemy/domains/modal/test/auto/TransitionRefinements.xml
----------------- Instantiating /home/travis/build/icyphy/ptII/ptolemy/domains/modal/test/auto/TransitionRefinements.xml
7 ms. Memory: 294912K Free: 246908K (84%)
----------------- Invoking toplevel() on ptolemy.moml.MoMLSimpleApplication@61f4ddbf
----------------- Done invoking toplevel() on ptolemy.moml.MoMLSimpleApplication@61f4ddbf
reloadAllAccessors: .TransitionRefinements

===========================================================================================
----------------- testing Fri Aug 21 15:31:50 UTC 2020 /home/travis/build/icyphy/ptII/ptolemy/domains/modal/test/auto/TwoRefinements1.xml
----------------- Instantiating /home/travis/build/icyphy/ptII/ptolemy/domains/modal/test/auto/TwoRefinements1.xml
4 ms. Memory: 294912K Free: 236668K (80%)
----------------- Invoking toplevel() on ptolemy.moml.MoMLSimpleApplication@12d40689
----------------- Done invoking toplevel() on ptolemy.moml.MoMLSimpleApplication@12d40689
reloadAllAccessors: .TwoRefinements1

===========================================================================================
----------------- testing Fri Aug 21 15:31:50 UTC 2020 /home/travis/build/icyphy/ptII/ptolemy/domains/modal/test/auto/TwoRefinements2.xml
----------------- Instantiating /home/travis/build/icyphy/ptII/ptolemy/domains/modal/test/auto/TwoRefinements2.xml
2 ms. Memory: 294912K Free: 226924K (77%)
----------------- Invoking toplevel() on ptolemy.moml.MoMLSimpleApplication@f5b0003
----------------- Done invoking toplevel() on ptolemy.moml.MoMLSimpleApplication@f5b0003
reloadAllAccessors: .TwoRefinements2

===========================================================================================
----------------- testing Fri Aug 21 15:31:50 UTC 2020 /home/travis/build/icyphy/ptII/ptolemy/domains/modal/test/auto/WeakImmediateTransition.xml
----------------- Instantiating /home/travis/build/icyphy/ptII/ptolemy/domains/modal/test/auto/WeakImmediateTransition.xml
7 ms. Memory: 294912K Free: 218236K (74%)
----------------- Invoking toplevel() on ptolemy.moml.MoMLSimpleApplication@4e19cc62
----------------- Done invoking toplevel() on ptolemy.moml.MoMLSimpleApplication@4e19cc62
reloadAllAccessors: .WeakImmediateTransition

===========================================================================================
----------------- testing Fri Aug 21 15:31:50 UTC 2020 /home/travis/build/icyphy/ptII/ptolemy/domains/modal/test/auto/booleanSelect.xml
----------------- Instantiating /home/travis/build/icyphy/ptII/ptolemy/domains/modal/test/auto/booleanSelect.xml
48 ms. Memory: 294912K Free: 200300K (68%)
----------------- Invoking toplevel() on ptolemy.moml.MoMLSimpleApplication@782ea3f1
----------------- Done invoking toplevel() on ptolemy.moml.MoMLSimpleApplication@782ea3f1
reloadAllAccessors: .booleanSelect

===========================================================================================
----------------- testing Fri Aug 21 15:31:50 UTC 2020 /home/travis/build/icyphy/ptII/ptolemy/domains/modal/test/auto/modalChangingParams.xml
----------------- Instantiating /home/travis/build/icyphy/ptII/ptolemy/domains/modal/test/auto/modalChangingParams.xml
0
1
0
2
4
6
8
7
0
2
4
6
8
13
0
2
4
6
8
19
0
2
4
6
8
25
0
2
4
6
8
31
0
2
4
6
8
37
0
2
4
6
8
43
0
2
4
6
8
49
0
2
4
6
8
55
0
2
4
6
8
61
0
2
4
6
8
67
0
2
4
6
8
73
0
2
4
6
8
79
0
2
4
6
8
85
0
2
4
6
8
91
0
2
4
6
8
97
0
2
4
6
8
103
0
2
4
6
8
109
0
2
4
6
8
115
0
2
4
6
8
121
0
2
4
6
8
127
0
2
4
6
8
133
0
2
4
6
8
139
0
2
4
6
8
145
0
2
4
6
8
151
0
2
4
6
8
157
0
2
4
6
8
163
0
2
4
6
8
169
0
2
4
6
8
175
0
2
4
6
8
181
0
2
4
6
8
187
0
2
4
6
8
193
0
2
4
6
8
199
0
2
4
6
8
205
0
2
4
6
8
211
0
2
4
6
8
217
0
2
4
6
8
223
0
2
4
6
8
229
0
2
4
6
8
235
0
2
4
6
8
241
0
2
4
6
8
247
0
2
4
6
8
253
0
2
4
6
8
259
0
2
4
6
8
265
0
2
4
6
8
271
0
2
4
6
8
277
0
2
4
6
8
283
0
2
4
6
8
289
0
2
4
6
8
295
0
2
4
6
8
301
0
2
4
6
8
307
0
2
4
6
8
313
0
2
4
6
8
319
0
2
4
6
8
325
0
2
4
6
8
331
0
2
4
6
8
337
0
2
4
6
8
343
0
2
4
6
8
349
0
2
4
6
8
355
0
2
4
6
8
361
0
2
4
6
8
367
0
2
4
6
8
373
0
2
4
6
8
379
0
2
4
6
8
385
0
2
4
6
8
391
0
2
4
6
8
397
0
2
4
6
8
403
0
2
4
6
8
409
0
2
4
6
8
415
0
2
4
6
8
421
0
2
4
6
8
427
0
2
4
6
8
433
0
2
4
6
8
439
0
2
4
6
8
445
0
2
4
6
8
451
0
2
4
6
8
457
0
2
4
6
8
463
0
2
4
6
8
469
0
2
4
6
8
475
0
2
4
6
8
481
0
2
4
6
8
487
0
2
4
6
8
493
0
2
4
6
8
499
0
2
4
6
8
505
0
2
4
6
8
511
0
2
4
6
8
517
0
2
4
6
8
523
0
2
4
6
8
529
0
2
4
6
8
535
0
2
4
6
8
541
0
2
4
6
8
547
0
2
4
6
8
553
0
2
4
6
8
559
0
2
4
6
8
565
0
2
4
6
8
571
0
2
4
6
8
577
0
2
4
6
8
583
0
2
4
6
8
589
0
2
4
6
8
595
0
2
4
6
8
601
0
2
4
6
8
607
0
2
4
6
8
613
0
2
4
6
8
619
0
2
4
6
8
625
0
2
4
6
8
631
0
2
4
6
8
637
0
2
4
6
8
643
0
2
4
6
8
649
0
2
4
6
8
655
0
2
4
6
8
661
0
2
4
6
8
667
0
2
4
6
8
673
0
2
4
6
8
679
0
2
4
6
8
685
0
2
4
6
8
691
0
2
4
6
8
697
0
2
4
6
8
703
0
2
4
6
8
709
0
2
4
6
8
715
0
2
4
6
8
721
0
2
4
6
8
727
0
2
4
6
8
733
0
2
4
6
8
739
0
2
4
6
8
745
0
2
4
6
8
751
0
2
4
6
8
757
0
2
4
6
8
763
0
2
4
6
8
769
0
2
4
6
8
775
0
2
4
6
8
781
0
2
4
6
8
787
0
2
4
6
8
793
0
2
4
6
8
799
0
2
4
6
8
805
0
2
4
6
8
811
0
2
4
6
8
817
0
2
4
6
8
823
0
2
4
6
8
829
0
2
4
6
8
835
0
2
4
6
8
841
0
2
4
6
8
847
0
2
4
6
8
853
0
2
4
6
8
859
0
2
4
6
8
865
0
2
4
6
8
871
0
2
4
6
8
877
0
2
4
6
8
883
0
2
4
6
8
889
0
2
4
6
8
895
0
2
4
6
8
901
0
2
4
6
8
907
0
2
4
6
8
913
0
2
4
6
8
919
0
2
4
6
8
925
0
2
4
6
8
931
0
2
4
6
8
937
0
2
4
6
8
943
0
2
4
6
8
949
0
2
4
6
8
955
0
2
4
6
8
961
0
2
4
6
8
967
0
2
4
6
8
973
0
2
4
6
8
979
0
2
4
6
8
985
0
2
4
6
8
991
0
2
4
6
8
997
0
2
236 ms. Memory: 354304K Free: 317236K (90%)
----------------- Invoking toplevel() on ptolemy.moml.MoMLSimpleApplication@644675b4
----------------- Done invoking toplevel() on ptolemy.moml.MoMLSimpleApplication@644675b4
reloadAllAccessors: .modalChangingParams

===========================================================================================
----------------- testing Fri Aug 21 15:31:51 UTC 2020 /home/travis/build/icyphy/ptII/ptolemy/domains/modal/test/auto/modalModel.xml
----------------- Instantiating /home/travis/build/icyphy/ptII/ptolemy/domains/modal/test/auto/modalModel.xml
6 ms. Memory: 354304K Free: 308020K (87%)
----------------- Invoking toplevel() on ptolemy.moml.MoMLSimpleApplication@9573f80
----------------- Done invoking toplevel() on ptolemy.moml.MoMLSimpleApplication@9573f80
reloadAllAccessors: .modalModel

===========================================================================================
----------------- testing Fri Aug 21 15:31:51 UTC 2020 /home/travis/build/icyphy/ptII/ptolemy/domains/modal/test/auto/modalModel2.xml
----------------- Instantiating /home/travis/build/icyphy/ptII/ptolemy/domains/modal/test/auto/modalModel2.xml
12 ms. Memory: 354304K Free: 297284K (84%)
----------------- Invoking toplevel() on ptolemy.moml.MoMLSimpleApplication@3b3ce7fa
----------------- Done invoking toplevel() on ptolemy.moml.MoMLSimpleApplication@3b3ce7fa
reloadAllAccessors: .modalModel2

===========================================================================================
----------------- testing Fri Aug 21 15:31:51 UTC 2020 /home/travis/build/icyphy/ptII/ptolemy/domains/modal/test/auto/modalModel3.xml
----------------- Instantiating /home/travis/build/icyphy/ptII/ptolemy/domains/modal/test/auto/modalModel3.xml
0	0	0
3	2	1
6	4	2
9	6	3
4	0	4
7	2	5
10	4	6
13	6	7
8	0	8
11	2	9
14	4	10
17	6	11
12	0	12
15	2	13
18	4	14
22 ms. Memory: 354304K Free: 282420K (80%)
----------------- Invoking toplevel() on ptolemy.moml.MoMLSimpleApplication@279bbfdd
----------------- Done invoking toplevel() on ptolemy.moml.MoMLSimpleApplication@279bbfdd
reloadAllAccessors: .modalModel3

===========================================================================================
----------------- testing Fri Aug 21 15:31:51 UTC 2020 /home/travis/build/icyphy/ptII/ptolemy/domains/modal/test/auto/model1.xml
----------------- Instantiating /home/travis/build/icyphy/ptII/ptolemy/domains/modal/test/auto/model1.xml
11 ms. Memory: 354304K Free: 276284K (78%)
----------------- Invoking toplevel() on ptolemy.moml.MoMLSimpleApplication@168505a2
----------------- Done invoking toplevel() on ptolemy.moml.MoMLSimpleApplication@168505a2
reloadAllAccessors: .model1

===========================================================================================
----------------- testing Fri Aug 21 15:31:51 UTC 2020 /home/travis/build/icyphy/ptII/ptolemy/domains/modal/test/auto/test-direct-in-out.xml
----------------- Instantiating /home/travis/build/icyphy/ptII/ptolemy/domains/modal/test/auto/test-direct-in-out.xml
4 ms. Memory: 354304K Free: 268612K (76%)
----------------- Invoking toplevel() on ptolemy.moml.MoMLSimpleApplication@533fa866
----------------- Done invoking toplevel() on ptolemy.moml.MoMLSimpleApplication@533fa866
reloadAllAccessors: .test-direct-in-out
AutoTests.java: About to close Vertx.
AutoTests.java: Vertx closed.
]]></system-out>
  <system-err><![CDATA[java.lang.RuntimeException: Execution failed
	at ptolemy.moml.MoMLSimpleApplication$UnloadThread.run(MoMLSimpleApplication.java:402)
Caused by: ptolemy.kernel.util.IllegalActionException: Unknown inputs remain. Possible causality loop:
L_model_1893289564i

  in .CannotAnalysisWithPreemption.model_1893289564_region_1 and .CannotAnalysisWithPreemption.model_1893289564_region_1.L_model_1893289564i
	at ptolemy.actor.sched.FixedPointDirector.postfire(FixedPointDirector.java:515)
	at ptolemy.domains.sr.kernel.SRDirector.postfire(SRDirector.java:417)
	at ptolemy.actor.CompositeActor.postfire(CompositeActor.java:1668)
	at ptolemy.actor.Manager.iterate(Manager.java:852)
	at ptolemy.actor.Manager.execute(Manager.java:369)
	at ptolemy.actor.Manager.run(Manager.java:1263)
	at ptolemy.actor.Manager$PtolemyRunThread.run(Manager.java:1933)
java.lang.reflect.InvocationTargetException
	at java.base/jdk.internal.reflect.NativeConstructorAccessorImpl.newInstance0(Native Method)
	at java.base/jdk.internal.reflect.NativeConstructorAccessorImpl.newInstance(NativeConstructorAccessorImpl.java:62)
	at java.base/jdk.internal.reflect.DelegatingConstructorAccessorImpl.newInstance(DelegatingConstructorAccessorImpl.java:45)
	at java.base/java.lang.reflect.Constructor.newInstance(Constructor.java:490)
	at ptolemy.util.test.junit.AutoKnownFailedTests.RunModel(AutoKnownFailedTests.java:105)
	at java.base/jdk.internal.reflect.NativeMethodAccessorImpl.invoke0(Native Method)
	at java.base/jdk.internal.reflect.NativeMethodAccessorImpl.invoke(NativeMethodAccessorImpl.java:62)
	at java.base/jdk.internal.reflect.DelegatingMethodAccessorImpl.invoke(DelegatingMethodAccessorImpl.java:43)
	at java.base/java.lang.reflect.Method.invoke(Method.java:566)
	at org.junit.runners.model.FrameworkMethod$1.runReflectiveCall(FrameworkMethod.java:44)
	at org.junit.internal.runners.model.ReflectiveCallable.run(ReflectiveCallable.java:15)
	at org.junit.runners.model.FrameworkMethod.invokeExplosively(FrameworkMethod.java:41)
	at junitparams.internal.InvokeParameterisedMethod.evaluate(InvokeParameterisedMethod.java:102)
	at org.junit.internal.runners.statements.FailOnTimeout$1.run(FailOnTimeout.java:28)
Caused by: ptolemy.kernel.util.IllegalActionException: Unknown inputs remain. Possible causality loop:
L_model_1893289564i

  in .CannotAnalysisWithPreemption.model_1893289564_region_1 and .CannotAnalysisWithPreemption.model_1893289564_region_1.L_model_1893289564i
	at ptolemy.actor.sched.FixedPointDirector.postfire(FixedPointDirector.java:515)
	at ptolemy.domains.sr.kernel.SRDirector.postfire(SRDirector.java:417)
	at ptolemy.actor.CompositeActor.postfire(CompositeActor.java:1668)
	at ptolemy.actor.Manager.iterate(Manager.java:852)
	at ptolemy.actor.Manager.execute(Manager.java:369)
	at ptolemy.actor.Manager.run(Manager.java:1263)
	at ptolemy.actor.Manager$PtolemyRunThread.run(Manager.java:1933)
]]></system-err>
</testsuite>
