<?xml version="1.0" encoding="UTF-8" ?>
<testsuite errors="0" failures="0" hostname="travis-job-07febade-5650-4d04-b2a8-6582cf6d7156" name="ptolemy.domains.pn.test.junit.JUnitTclTest" skipped="0" tests="43" time="8.004" timestamp="2019-12-04T06:23:23">
  <properties>
[...]
</properties>
  <testcase classname="ptolemy.util.test.junit.TclTests" name="[0] /home/travis/build/icyphy/ptII/ptolemy/domains/pn/test/PNDirector.tcl (RunTclFile)" time="0.642" />
  <testcase classname="ptolemy.util.test.junit.TclTests" name="[1] /home/travis/build/icyphy/ptII/ptolemy/domains/pn/test/TimedPNDirector.tcl (RunTclFile)" time="0.027" />
  <testcase classname="ptolemy.util.test.junit.AutoKnownFailedTests" name="[0] ThereAreNoKnowFailedTests (RunModel)" time="0.003" />
  <testcase classname="ptolemy.util.test.junit.AutoNameArchTests" name="[0] ThereAreNoAutoArchTests (RunModel)" time="0.002" />
  <testcase classname="ptolemy.util.test.junit.AutoTests" name="[0] /home/travis/build/icyphy/ptII/ptolemy/domains/pn/test/auto/Branching-switch-PN-ptolemy-2.xml (RunModel)" time="0.23" />
  <testcase classname="ptolemy.util.test.junit.AutoTests" name="[1] /home/travis/build/icyphy/ptII/ptolemy/domains/pn/test/auto/Branching-switch-PN-ptolemy.xml (RunModel)" time="0.146" />
  <testcase classname="ptolemy.util.test.junit.AutoTests" name="[2] /home/travis/build/icyphy/ptII/ptolemy/domains/pn/test/auto/BrockAckermanTest.xml (RunModel)" time="0.412" />
  <testcase classname="ptolemy.util.test.junit.AutoTests" name="[3] /home/travis/build/icyphy/ptII/ptolemy/domains/pn/test/auto/CounterMachine.xml (RunModel)" time="1.886" />
  <testcase classname="ptolemy.util.test.junit.AutoTests" name="[4] /home/travis/build/icyphy/ptII/ptolemy/domains/pn/test/auto/CounterMachine1.xml (RunModel)" time="1.395" />
  <testcase classname="ptolemy.util.test.junit.AutoTests" name="[5] /home/travis/build/icyphy/ptII/ptolemy/domains/pn/test/auto/CounterMachineWithException.xml (RunModel)" time="1.034" />
  <testcase classname="ptolemy.util.test.junit.AutoTests" name="[6] /home/travis/build/icyphy/ptII/ptolemy/domains/pn/test/auto/FinalState.xml (RunModel)" time="0.105" />
  <testcase classname="ptolemy.util.test.junit.AutoTests" name="[7] /home/travis/build/icyphy/ptII/ptolemy/domains/pn/test/auto/FourExpressions.xml (RunModel)" time="0.067" />
  <testcase classname="ptolemy.util.test.junit.AutoTests" name="[8] /home/travis/build/icyphy/ptII/ptolemy/domains/pn/test/auto/Identity.xml (RunModel)" time="0.068" />
  <testcase classname="ptolemy.util.test.junit.AutoTests" name="[9] /home/travis/build/icyphy/ptII/ptolemy/domains/pn/test/auto/IdentityWithFeedback.xml (RunModel)" time="0.028" />
  <testcase classname="ptolemy.util.test.junit.AutoTests" name="[10] /home/travis/build/icyphy/ptII/ptolemy/domains/pn/test/auto/NondeterministicMergeTest.xml (RunModel)" time="0.057" />
  <testcase classname="ptolemy.util.test.junit.AutoTests" name="[11] /home/travis/build/icyphy/ptII/ptolemy/domains/pn/test/auto/OrderedMerge.xml (RunModel)" time="0.154" />
  <testcase classname="ptolemy.util.test.junit.AutoTests" name="[12] /home/travis/build/icyphy/ptII/ptolemy/domains/pn/test/auto/PNAbstractReceiverTest.xml (RunModel)" time="0.029" />
  <testcase classname="ptolemy.util.test.junit.AutoTests" name="[13] /home/travis/build/icyphy/ptII/ptolemy/domains/pn/test/auto/QR.xml (RunModel)" time="0.079" />
  <testcase classname="ptolemy.util.test.junit.AutoTests" name="[14] /home/travis/build/icyphy/ptII/ptolemy/domains/pn/test/auto/RemoveNilTokens.xml (RunModel)" time="0.063" />
  <testcase classname="ptolemy.util.test.junit.AutoTests" name="[15] /home/travis/build/icyphy/ptII/ptolemy/domains/pn/test/auto/Stack.xml (RunModel)" time="0.118" />
  <testcase classname="ptolemy.util.test.junit.AutoTests" name="[16] /home/travis/build/icyphy/ptII/ptolemy/domains/pn/test/auto/TestRemoveNilTokens.xml (RunModel)" time="0.049" />
  <testcase classname="ptolemy.util.test.junit.AutoTests" name="[17] /home/travis/build/icyphy/ptII/ptolemy/domains/pn/test/auto/TestSeq2Array.xml (RunModel)" time="0.054" />
  <testcase classname="ptolemy.util.test.junit.AutoTests" name="[18] /home/travis/build/icyphy/ptII/ptolemy/domains/pn/test/auto/TrivialIdentity.xml (RunModel)" time="0.023" />
  <testcase classname="ptolemy.util.test.junit.AutoTests" name="[19] /home/travis/build/icyphy/ptII/ptolemy/domains/pn/test/auto/WidthInferenceTest1.xml (RunModel)" time="0.059" />
  <testcase classname="ptolemy.util.test.junit.AutoTests" name="[20] /home/travis/build/icyphy/ptII/ptolemy/domains/pn/test/auto/WidthInferenceTest2.xml (RunModel)" time="0.032" />
  <testcase classname="ptolemy.util.test.junit.AutoTests" name="[21] /home/travis/build/icyphy/ptII/ptolemy/domains/pn/test/auto/WidthInferenceTest3.xml (RunModel)" time="0.057" />
  <testcase classname="ptolemy.util.test.junit.AutoTests" name="[22] /home/travis/build/icyphy/ptII/ptolemy/domains/pn/test/auto/WidthInferenceTest4.xml (RunModel)" time="0.104" />
  <testcase classname="ptolemy.util.test.junit.AutoTests" name="[23] /home/travis/build/icyphy/ptII/ptolemy/domains/pn/test/auto/WidthInferenceTest5.xml (RunModel)" time="0.06" />
  <testcase classname="ptolemy.util.test.junit.AutoTests" name="[24] /home/travis/build/icyphy/ptII/ptolemy/domains/pn/test/auto/controlled_kahnnet.xml (RunModel)" time="0.024" />
  <testcase classname="ptolemy.util.test.junit.AutoTests" name="[25] /home/travis/build/icyphy/ptII/ptolemy/domains/pn/test/auto/demandDriven.xml (RunModel)" time="0.021" />
  <testcase classname="ptolemy.util.test.junit.AutoTests" name="[26] /home/travis/build/icyphy/ptII/ptolemy/domains/pn/test/auto/feedback.xml (RunModel)" time="0.02" />
  <testcase classname="ptolemy.util.test.junit.AutoTests" name="[27] /home/travis/build/icyphy/ptII/ptolemy/domains/pn/test/auto/helloWorld.xml (RunModel)" time="0.027" />
  <testcase classname="ptolemy.util.test.junit.AutoTests" name="[28] /home/travis/build/icyphy/ptII/ptolemy/domains/pn/test/auto/helloWorld2.xml (RunModel)" time="0.023" />
  <testcase classname="ptolemy.util.test.junit.AutoTests" name="[29] /home/travis/build/icyphy/ptII/ptolemy/domains/pn/test/auto/noOutput.xml (RunModel)" time="0.048" />
  <testcase classname="ptolemy.util.test.junit.AutoTests" name="[30] /home/travis/build/icyphy/ptII/ptolemy/domains/pn/test/auto/relationGroup.xml (RunModel)" time="0.019" />
  <testcase classname="ptolemy.util.test.junit.AutoTests" name="[31] /home/travis/build/icyphy/ptII/ptolemy/domains/pn/test/auto/relationGroup2.xml (RunModel)" time="0.014" />
  <testcase classname="ptolemy.util.test.junit.AutoTests" name="[32] /home/travis/build/icyphy/ptII/ptolemy/domains/pn/test/auto/relationGroup3.xml (RunModel)" time="0.023" />
  <testcase classname="ptolemy.util.test.junit.AutoTests" name="[33] /home/travis/build/icyphy/ptII/ptolemy/domains/pn/test/auto/relationGroup4.xml (RunModel)" time="0.015" />
  <testcase classname="ptolemy.util.test.junit.AutoTests" name="[34] /home/travis/build/icyphy/ptII/ptolemy/domains/pn/test/auto/relationGroup5.xml (RunModel)" time="0.019" />
  <testcase classname="ptolemy.util.test.junit.AutoTests" name="[35] /home/travis/build/icyphy/ptII/ptolemy/domains/pn/test/auto/relationGroup6.xml (RunModel)" time="0.023" />
  <testcase classname="ptolemy.util.test.junit.AutoTests" name="[36] /home/travis/build/icyphy/ptII/ptolemy/domains/pn/test/auto/relationGroup7.xml (RunModel)" time="0.02" />
  <testcase classname="ptolemy.util.test.junit.AutoTests" name="[37] /home/travis/build/icyphy/ptII/ptolemy/domains/pn/test/auto/relationGroup8.xml (RunModel)" time="0.02" />
  <testcase classname="ptolemy.util.test.junit.AutoTests" name="[38] /home/travis/build/icyphy/ptII/ptolemy/domains/pn/test/auto/widthTest.xml (RunModel)" time="0.059" />
  <system-out><![CDATA[/home/travis/build/icyphy/ptII/ptolemy/domains/pn/test/PNDirector.tcl
testDefs.tcl: setting time out to 9000 seconds at Wed Dec 04 06:23:23 UTC 2019
89 ms. Memory: 120832K Free: 89542K (74%)
98 ms. Memory: 120832K Free: 81864K (68%)
/home/travis/build/icyphy/ptII/ptolemy/domains/pn/test/TimedPNDirector.tcl


==== $PTII/ptolemy/domains/pn/test/TimedPNDirector.tcl: TimedPNDirector-6.1 Test an application
==== Contents of test case:


    set e0 [java::new ptolemy.actor.TypedCompositeActor]
    set manager [java::new ptolemy.actor.Manager]
    set director [java::new ptolemy.domains.pn.kernel.TimedPNDirector]
    $e0 setDirector $director
    $e0 setName top
    $e0 setManager $manager

    # FIXME: why doesn't the getParameter option work.
    set ramp [java::new ptolemy.actor.lib.Ramp $e0 ramp]
    set param [java::cast ptolemy.data.expr.Parameter  [$ramp getAttribute  firingCountLimit]]
    $param setExpression 20

    set rec [java::new ptolemy.actor.lib.Recorder $e0 rec]
    $e0 connect  [java::field [java::cast ptolemy.actor.lib.Source $ramp] output]  [java::field [java::cast ptolemy.actor.lib.Sink $rec] input]

    error "Running this test sometimes causes an endless loop" 

#    [$e0 getManager] execute
#    enumToTokenValues [$rec getRecord 0]


.... Test generated KNOWN error:
Running this test sometimes causes an endless loop
    while executing
"error "Running this test sometimes causes an endless loop" "
    ("uplevel" body line 18)
    invoked from within
"uplevel $contents_of_test"
12/04/19 06:23:24
Failed: 0  Total Tests: 3  ((Passed: 2, Newly Passed: 0)  Known Failed: 1) /home/travis/build/icyphy/ptII/ptolemy/domains/pn/test
No auto/knownFailedTests/*.xml tests in /home/travis/build/icyphy/ptII/ptolemy/domains/pn/test
No auto/linux-amd64/*.xml tests in /home/travis/build/icyphy/ptII/ptolemy/domains/pn/test
AutoTests.java: About to close Vertx.
AutoTests.java: Vertx closed.

===========================================================================================
----------------- testing Wed Dec 04 06:23:24 UTC 2019 /home/travis/build/icyphy/ptII/ptolemy/domains/pn/test/auto/Branching-switch-PN-ptolemy-2.xml
----------------- Instantiating /home/travis/build/icyphy/ptII/ptolemy/domains/pn/test/auto/Branching-switch-PN-ptolemy-2.xml
76 ms. Memory: 120832K Free: 95718K (79%)
----------------- Invoking toplevel() on ptolemy.moml.MoMLSimpleApplication@293c88bb
----------------- Done invoking toplevel() on ptolemy.moml.MoMLSimpleApplication@293c88bb
reloadAllAccessors: .Branching-switch-PN-ptolemy-2

===========================================================================================
----------------- testing Wed Dec 04 06:23:25 UTC 2019 /home/travis/build/icyphy/ptII/ptolemy/domains/pn/test/auto/Branching-switch-PN-ptolemy.xml
----------------- Instantiating /home/travis/build/icyphy/ptII/ptolemy/domains/pn/test/auto/Branching-switch-PN-ptolemy.xml
39 ms. Memory: 120832K Free: 102811K (85%)
----------------- Invoking toplevel() on ptolemy.moml.MoMLSimpleApplication@4b6faff0
----------------- Done invoking toplevel() on ptolemy.moml.MoMLSimpleApplication@4b6faff0
reloadAllAccessors: .Branching-switch-PN-ptolemy

===========================================================================================
----------------- testing Wed Dec 04 06:23:25 UTC 2019 /home/travis/build/icyphy/ptII/ptolemy/domains/pn/test/auto/BrockAckermanTest.xml
----------------- Instantiating /home/travis/build/icyphy/ptII/ptolemy/domains/pn/test/auto/BrockAckermanTest.xml
237 ms. Memory: 120832K Free: 88216K (73%)
----------------- Invoking toplevel() on ptolemy.moml.MoMLSimpleApplication@1d64febe
----------------- Done invoking toplevel() on ptolemy.moml.MoMLSimpleApplication@1d64febe
reloadAllAccessors: .BrockAckermanTest

===========================================================================================
----------------- testing Wed Dec 04 06:23:25 UTC 2019 /home/travis/build/icyphy/ptII/ptolemy/domains/pn/test/auto/CounterMachine.xml
----------------- Instantiating /home/travis/build/icyphy/ptII/ptolemy/domains/pn/test/auto/CounterMachine.xml
1194 ms. Memory: 120832K Free: 53937K (45%)
----------------- Invoking toplevel() on ptolemy.moml.MoMLSimpleApplication@482f34b8
----------------- Done invoking toplevel() on ptolemy.moml.MoMLSimpleApplication@482f34b8
reloadAllAccessors: .CounterMachine

===========================================================================================
----------------- testing Wed Dec 04 06:23:27 UTC 2019 /home/travis/build/icyphy/ptII/ptolemy/domains/pn/test/auto/CounterMachine1.xml
----------------- Instantiating /home/travis/build/icyphy/ptII/ptolemy/domains/pn/test/auto/CounterMachine1.xml
961 ms. Memory: 155648K Free: 71148K (46%)
----------------- Invoking toplevel() on ptolemy.moml.MoMLSimpleApplication@13d91d65
----------------- Done invoking toplevel() on ptolemy.moml.MoMLSimpleApplication@13d91d65
reloadAllAccessors: .CounterMachine1

===========================================================================================
----------------- testing Wed Dec 04 06:23:28 UTC 2019 /home/travis/build/icyphy/ptII/ptolemy/domains/pn/test/auto/CounterMachineWithException.xml
----------------- Instantiating /home/travis/build/icyphy/ptII/ptolemy/domains/pn/test/auto/CounterMachineWithException.xml
643 ms. Memory: 155648K Free: 107543K (69%)
----------------- Invoking toplevel() on ptolemy.moml.MoMLSimpleApplication@5216c45c
----------------- Done invoking toplevel() on ptolemy.moml.MoMLSimpleApplication@5216c45c
reloadAllAccessors: .CounterMachineWithException

===========================================================================================
----------------- testing Wed Dec 04 06:23:29 UTC 2019 /home/travis/build/icyphy/ptII/ptolemy/domains/pn/test/auto/FinalState.xml
----------------- Instantiating /home/travis/build/icyphy/ptII/ptolemy/domains/pn/test/auto/FinalState.xml
34 ms. Memory: 155648K Free: 100075K (64%)
----------------- Invoking toplevel() on ptolemy.moml.MoMLSimpleApplication@202ef389
----------------- Done invoking toplevel() on ptolemy.moml.MoMLSimpleApplication@202ef389
reloadAllAccessors: .FinalState

===========================================================================================
----------------- testing Wed Dec 04 06:23:29 UTC 2019 /home/travis/build/icyphy/ptII/ptolemy/domains/pn/test/auto/FourExpressions.xml
----------------- Instantiating /home/travis/build/icyphy/ptII/ptolemy/domains/pn/test/auto/FourExpressions.xml
20 ms. Memory: 155648K Free: 91282K (59%)
----------------- Invoking toplevel() on ptolemy.moml.MoMLSimpleApplication@2454f397
----------------- Done invoking toplevel() on ptolemy.moml.MoMLSimpleApplication@2454f397
reloadAllAccessors: .FourExpressions

===========================================================================================
----------------- testing Wed Dec 04 06:23:30 UTC 2019 /home/travis/build/icyphy/ptII/ptolemy/domains/pn/test/auto/Identity.xml
----------------- Instantiating /home/travis/build/icyphy/ptII/ptolemy/domains/pn/test/auto/Identity.xml
13 ms. Memory: 155648K Free: 85138K (55%)
----------------- Invoking toplevel() on ptolemy.moml.MoMLSimpleApplication@20f042ae
----------------- Done invoking toplevel() on ptolemy.moml.MoMLSimpleApplication@20f042ae
reloadAllAccessors: .Identity

===========================================================================================
----------------- testing Wed Dec 04 06:23:30 UTC 2019 /home/travis/build/icyphy/ptII/ptolemy/domains/pn/test/auto/IdentityWithFeedback.xml
----------------- Instantiating /home/travis/build/icyphy/ptII/ptolemy/domains/pn/test/auto/IdentityWithFeedback.xml
12 ms. Memory: 155648K Free: 80919K (52%)
----------------- Invoking toplevel() on ptolemy.moml.MoMLSimpleApplication@450d3ecb
----------------- Done invoking toplevel() on ptolemy.moml.MoMLSimpleApplication@450d3ecb
reloadAllAccessors: .IdentityWithFeedback

===========================================================================================
----------------- testing Wed Dec 04 06:23:30 UTC 2019 /home/travis/build/icyphy/ptII/ptolemy/domains/pn/test/auto/NondeterministicMergeTest.xml
----------------- Instantiating /home/travis/build/icyphy/ptII/ptolemy/domains/pn/test/auto/NondeterministicMergeTest.xml
23 ms. Memory: 155648K Free: 74174K (48%)
----------------- Invoking toplevel() on ptolemy.moml.MoMLSimpleApplication@70be02e
----------------- Done invoking toplevel() on ptolemy.moml.MoMLSimpleApplication@70be02e
reloadAllAccessors: .NondeterministicMergeTest

===========================================================================================
----------------- testing Wed Dec 04 06:23:30 UTC 2019 /home/travis/build/icyphy/ptII/ptolemy/domains/pn/test/auto/OrderedMerge.xml
----------------- Instantiating /home/travis/build/icyphy/ptII/ptolemy/domains/pn/test/auto/OrderedMerge.xml
118 ms. Memory: 155648K Free: 64658K (42%)
----------------- Invoking toplevel() on ptolemy.moml.MoMLSimpleApplication@50519187
----------------- Done invoking toplevel() on ptolemy.moml.MoMLSimpleApplication@50519187
reloadAllAccessors: .OrderedMerge

===========================================================================================
----------------- testing Wed Dec 04 06:23:30 UTC 2019 /home/travis/build/icyphy/ptII/ptolemy/domains/pn/test/auto/PNAbstractReceiverTest.xml
----------------- Instantiating /home/travis/build/icyphy/ptII/ptolemy/domains/pn/test/auto/PNAbstractReceiverTest.xml
7 ms. Memory: 155648K Free: 60862K (39%)
----------------- Invoking toplevel() on ptolemy.moml.MoMLSimpleApplication@4ff93fd3
----------------- Done invoking toplevel() on ptolemy.moml.MoMLSimpleApplication@4ff93fd3
reloadAllAccessors: .PNAbstractReceiverTest

===========================================================================================
----------------- testing Wed Dec 04 06:23:30 UTC 2019 /home/travis/build/icyphy/ptII/ptolemy/domains/pn/test/auto/QR.xml
----------------- Instantiating /home/travis/build/icyphy/ptII/ptolemy/domains/pn/test/auto/QR.xml
36 ms. Memory: 155648K Free: 50622K (33%)
----------------- Invoking toplevel() on ptolemy.moml.MoMLSimpleApplication@29f49a38
----------------- Done invoking toplevel() on ptolemy.moml.MoMLSimpleApplication@29f49a38
reloadAllAccessors: .QR

===========================================================================================
----------------- testing Wed Dec 04 06:23:30 UTC 2019 /home/travis/build/icyphy/ptII/ptolemy/domains/pn/test/auto/RemoveNilTokens.xml
----------------- Instantiating /home/travis/build/icyphy/ptII/ptolemy/domains/pn/test/auto/RemoveNilTokens.xml
23 ms. Memory: 155648K Free: 131857K (85%)
----------------- Invoking toplevel() on ptolemy.moml.MoMLSimpleApplication@63dee756
----------------- Done invoking toplevel() on ptolemy.moml.MoMLSimpleApplication@63dee756
reloadAllAccessors: .RemoveNilTokens

===========================================================================================
----------------- testing Wed Dec 04 06:23:30 UTC 2019 /home/travis/build/icyphy/ptII/ptolemy/domains/pn/test/auto/Stack.xml
----------------- Instantiating /home/travis/build/icyphy/ptII/ptolemy/domains/pn/test/auto/Stack.xml
58 ms. Memory: 155648K Free: 105528K (68%)
----------------- Invoking toplevel() on ptolemy.moml.MoMLSimpleApplication@7f0f59b
----------------- Done invoking toplevel() on ptolemy.moml.MoMLSimpleApplication@7f0f59b
reloadAllAccessors: .Stack

===========================================================================================
----------------- testing Wed Dec 04 06:23:30 UTC 2019 /home/travis/build/icyphy/ptII/ptolemy/domains/pn/test/auto/TestRemoveNilTokens.xml
----------------- Instantiating /home/travis/build/icyphy/ptII/ptolemy/domains/pn/test/auto/TestRemoveNilTokens.xml
22 ms. Memory: 155648K Free: 97336K (63%)
----------------- Invoking toplevel() on ptolemy.moml.MoMLSimpleApplication@6d9f34ac
----------------- Done invoking toplevel() on ptolemy.moml.MoMLSimpleApplication@6d9f34ac
reloadAllAccessors: .TestRemoveNilTokens

===========================================================================================
----------------- testing Wed Dec 04 06:23:30 UTC 2019 /home/travis/build/icyphy/ptII/ptolemy/domains/pn/test/auto/TestSeq2Array.xml
----------------- Instantiating /home/travis/build/icyphy/ptII/ptolemy/domains/pn/test/auto/TestSeq2Array.xml
18 ms. Memory: 155648K Free: 90899K (58%)
----------------- Invoking toplevel() on ptolemy.moml.MoMLSimpleApplication@b876cf9
----------------- Done invoking toplevel() on ptolemy.moml.MoMLSimpleApplication@b876cf9
reloadAllAccessors: .TestSeq2Array

===========================================================================================
----------------- testing Wed Dec 04 06:23:30 UTC 2019 /home/travis/build/icyphy/ptII/ptolemy/domains/pn/test/auto/TrivialIdentity.xml
----------------- Instantiating /home/travis/build/icyphy/ptII/ptolemy/domains/pn/test/auto/TrivialIdentity.xml
6 ms. Memory: 155648K Free: 86072K (55%)
----------------- Invoking toplevel() on ptolemy.moml.MoMLSimpleApplication@6acafdb2
----------------- Done invoking toplevel() on ptolemy.moml.MoMLSimpleApplication@6acafdb2
reloadAllAccessors: .TrivialIdentity

===========================================================================================
----------------- testing Wed Dec 04 06:23:30 UTC 2019 /home/travis/build/icyphy/ptII/ptolemy/domains/pn/test/auto/WidthInferenceTest1.xml
----------------- Instantiating /home/travis/build/icyphy/ptII/ptolemy/domains/pn/test/auto/WidthInferenceTest1.xml
14 ms. Memory: 155648K Free: 79268K (51%)
----------------- Invoking toplevel() on ptolemy.moml.MoMLSimpleApplication@734c22f3
----------------- Done invoking toplevel() on ptolemy.moml.MoMLSimpleApplication@734c22f3
reloadAllAccessors: .1

===========================================================================================
----------------- testing Wed Dec 04 06:23:30 UTC 2019 /home/travis/build/icyphy/ptII/ptolemy/domains/pn/test/auto/WidthInferenceTest2.xml
----------------- Instantiating /home/travis/build/icyphy/ptII/ptolemy/domains/pn/test/auto/WidthInferenceTest2.xml
9 ms. Memory: 155648K Free: 72760K (47%)
----------------- Invoking toplevel() on ptolemy.moml.MoMLSimpleApplication@47eab318
----------------- Done invoking toplevel() on ptolemy.moml.MoMLSimpleApplication@47eab318
reloadAllAccessors: .2

===========================================================================================
----------------- testing Wed Dec 04 06:23:30 UTC 2019 /home/travis/build/icyphy/ptII/ptolemy/domains/pn/test/auto/WidthInferenceTest3.xml
----------------- Instantiating /home/travis/build/icyphy/ptII/ptolemy/domains/pn/test/auto/WidthInferenceTest3.xml
16 ms. Memory: 155648K Free: 57400K (37%)
----------------- Invoking toplevel() on ptolemy.moml.MoMLSimpleApplication@3e5d3063
----------------- Done invoking toplevel() on ptolemy.moml.MoMLSimpleApplication@3e5d3063
reloadAllAccessors: .3

===========================================================================================
----------------- testing Wed Dec 04 06:23:30 UTC 2019 /home/travis/build/icyphy/ptII/ptolemy/domains/pn/test/auto/WidthInferenceTest4.xml
----------------- Instantiating /home/travis/build/icyphy/ptII/ptolemy/domains/pn/test/auto/WidthInferenceTest4.xml
25 ms. Memory: 155648K Free: 133760K (86%)
----------------- Invoking toplevel() on ptolemy.moml.MoMLSimpleApplication@7a73ce87
----------------- Done invoking toplevel() on ptolemy.moml.MoMLSimpleApplication@7a73ce87
reloadAllAccessors: .WidthInferenceTest4

===========================================================================================
----------------- testing Wed Dec 04 06:23:31 UTC 2019 /home/travis/build/icyphy/ptII/ptolemy/domains/pn/test/auto/WidthInferenceTest5.xml
----------------- Instantiating /home/travis/build/icyphy/ptII/ptolemy/domains/pn/test/auto/WidthInferenceTest5.xml
23 ms. Memory: 155648K Free: 118512K (76%)
----------------- Invoking toplevel() on ptolemy.moml.MoMLSimpleApplication@50143501
----------------- Done invoking toplevel() on ptolemy.moml.MoMLSimpleApplication@50143501
reloadAllAccessors: .WidthInferenceTest5

===========================================================================================
----------------- testing Wed Dec 04 06:23:31 UTC 2019 /home/travis/build/icyphy/ptII/ptolemy/domains/pn/test/auto/controlled_kahnnet.xml
----------------- Instantiating /home/travis/build/icyphy/ptII/ptolemy/domains/pn/test/auto/controlled_kahnnet.xml
8 ms. Memory: 155648K Free: 112368K (72%)
----------------- Invoking toplevel() on ptolemy.moml.MoMLSimpleApplication@6f52d7c2
----------------- Done invoking toplevel() on ptolemy.moml.MoMLSimpleApplication@6f52d7c2
reloadAllAccessors: .controlled_kahnnet

===========================================================================================
----------------- testing Wed Dec 04 06:23:31 UTC 2019 /home/travis/build/icyphy/ptII/ptolemy/domains/pn/test/auto/demandDriven.xml
----------------- Instantiating /home/travis/build/icyphy/ptII/ptolemy/domains/pn/test/auto/demandDriven.xml
5 ms. Memory: 155648K Free: 107704K (69%)
----------------- Invoking toplevel() on ptolemy.moml.MoMLSimpleApplication@d111ab5
----------------- Done invoking toplevel() on ptolemy.moml.MoMLSimpleApplication@d111ab5
reloadAllAccessors: .demandDriven

===========================================================================================
----------------- testing Wed Dec 04 06:23:31 UTC 2019 /home/travis/build/icyphy/ptII/ptolemy/domains/pn/test/auto/feedback.xml
----------------- Instantiating /home/travis/build/icyphy/ptII/ptolemy/domains/pn/test/auto/feedback.xml
8 ms. Memory: 155648K Free: 103152K (66%)
----------------- Invoking toplevel() on ptolemy.moml.MoMLSimpleApplication@19410d45
----------------- Done invoking toplevel() on ptolemy.moml.MoMLSimpleApplication@19410d45
reloadAllAccessors: .feedback

===========================================================================================
----------------- testing Wed Dec 04 06:23:31 UTC 2019 /home/travis/build/icyphy/ptII/ptolemy/domains/pn/test/auto/helloWorld.xml
----------------- Instantiating /home/travis/build/icyphy/ptII/ptolemy/domains/pn/test/auto/helloWorld.xml
13 ms. Memory: 155648K Free: 100535K (65%)
----------------- Invoking toplevel() on ptolemy.moml.MoMLSimpleApplication@2d522
----------------- Done invoking toplevel() on ptolemy.moml.MoMLSimpleApplication@2d522
reloadAllAccessors: .helloWorld

===========================================================================================
----------------- testing Wed Dec 04 06:23:31 UTC 2019 /home/travis/build/icyphy/ptII/ptolemy/domains/pn/test/auto/helloWorld2.xml
----------------- Instantiating /home/travis/build/icyphy/ptII/ptolemy/domains/pn/test/auto/helloWorld2.xml
8 ms. Memory: 155648K Free: 94960K (61%)
----------------- Invoking toplevel() on ptolemy.moml.MoMLSimpleApplication@71beaba9
----------------- Done invoking toplevel() on ptolemy.moml.MoMLSimpleApplication@71beaba9
reloadAllAccessors: .helloWorld2

===========================================================================================
----------------- testing Wed Dec 04 06:23:31 UTC 2019 /home/travis/build/icyphy/ptII/ptolemy/domains/pn/test/auto/noOutput.xml
----------------- Instantiating /home/travis/build/icyphy/ptII/ptolemy/domains/pn/test/auto/noOutput.xml
26 ms. Memory: 155648K Free: 89840K (58%)
----------------- Invoking toplevel() on ptolemy.moml.MoMLSimpleApplication@67842516
----------------- Done invoking toplevel() on ptolemy.moml.MoMLSimpleApplication@67842516
reloadAllAccessors: .noOutput

===========================================================================================
----------------- testing Wed Dec 04 06:23:31 UTC 2019 /home/travis/build/icyphy/ptII/ptolemy/domains/pn/test/auto/relationGroup.xml
----------------- Instantiating /home/travis/build/icyphy/ptII/ptolemy/domains/pn/test/auto/relationGroup.xml
8 ms. Memory: 155648K Free: 85730K (55%)
----------------- Invoking toplevel() on ptolemy.moml.MoMLSimpleApplication@c2330e2
----------------- Done invoking toplevel() on ptolemy.moml.MoMLSimpleApplication@c2330e2
reloadAllAccessors: .relationGroup

===========================================================================================
----------------- testing Wed Dec 04 06:23:31 UTC 2019 /home/travis/build/icyphy/ptII/ptolemy/domains/pn/test/auto/relationGroup2.xml
----------------- Instantiating /home/travis/build/icyphy/ptII/ptolemy/domains/pn/test/auto/relationGroup2.xml
6 ms. Memory: 155648K Free: 83098K (53%)
----------------- Invoking toplevel() on ptolemy.moml.MoMLSimpleApplication@6fbbffbc
----------------- Done invoking toplevel() on ptolemy.moml.MoMLSimpleApplication@6fbbffbc
reloadAllAccessors: .relationGroup2

===========================================================================================
----------------- testing Wed Dec 04 06:23:31 UTC 2019 /home/travis/build/icyphy/ptII/ptolemy/domains/pn/test/auto/relationGroup3.xml
----------------- Instantiating /home/travis/build/icyphy/ptII/ptolemy/domains/pn/test/auto/relationGroup3.xml
12 ms. Memory: 155648K Free: 80514K (52%)
----------------- Invoking toplevel() on ptolemy.moml.MoMLSimpleApplication@15d55941
----------------- Done invoking toplevel() on ptolemy.moml.MoMLSimpleApplication@15d55941
reloadAllAccessors: .relationGroup3

===========================================================================================
----------------- testing Wed Dec 04 06:23:31 UTC 2019 /home/travis/build/icyphy/ptII/ptolemy/domains/pn/test/auto/relationGroup4.xml
----------------- Instantiating /home/travis/build/icyphy/ptII/ptolemy/domains/pn/test/auto/relationGroup4.xml
7 ms. Memory: 155648K Free: 78007K (50%)
----------------- Invoking toplevel() on ptolemy.moml.MoMLSimpleApplication@3e1b7a55
----------------- Done invoking toplevel() on ptolemy.moml.MoMLSimpleApplication@3e1b7a55
reloadAllAccessors: .relationGroup4

===========================================================================================
----------------- testing Wed Dec 04 06:23:31 UTC 2019 /home/travis/build/icyphy/ptII/ptolemy/domains/pn/test/auto/relationGroup5.xml
----------------- Instantiating /home/travis/build/icyphy/ptII/ptolemy/domains/pn/test/auto/relationGroup5.xml
7 ms. Memory: 155648K Free: 75394K (48%)
----------------- Invoking toplevel() on ptolemy.moml.MoMLSimpleApplication@214434c7
----------------- Done invoking toplevel() on ptolemy.moml.MoMLSimpleApplication@214434c7
reloadAllAccessors: .relationGroup5

===========================================================================================
----------------- testing Wed Dec 04 06:23:31 UTC 2019 /home/travis/build/icyphy/ptII/ptolemy/domains/pn/test/auto/relationGroup6.xml
----------------- Instantiating /home/travis/build/icyphy/ptII/ptolemy/domains/pn/test/auto/relationGroup6.xml
10 ms. Memory: 155648K Free: 71863K (46%)
----------------- Invoking toplevel() on ptolemy.moml.MoMLSimpleApplication@34d0e838
----------------- Done invoking toplevel() on ptolemy.moml.MoMLSimpleApplication@34d0e838
reloadAllAccessors: .relationGroup6

===========================================================================================
----------------- testing Wed Dec 04 06:23:31 UTC 2019 /home/travis/build/icyphy/ptII/ptolemy/domains/pn/test/auto/relationGroup7.xml
----------------- Instantiating /home/travis/build/icyphy/ptII/ptolemy/domains/pn/test/auto/relationGroup7.xml
4 ms. Memory: 155648K Free: 68336K (44%)
----------------- Invoking toplevel() on ptolemy.moml.MoMLSimpleApplication@78483357
----------------- Done invoking toplevel() on ptolemy.moml.MoMLSimpleApplication@78483357
reloadAllAccessors: .relationGroup7

===========================================================================================
----------------- testing Wed Dec 04 06:23:31 UTC 2019 /home/travis/build/icyphy/ptII/ptolemy/domains/pn/test/auto/relationGroup8.xml
----------------- Instantiating /home/travis/build/icyphy/ptII/ptolemy/domains/pn/test/auto/relationGroup8.xml
9 ms. Memory: 155648K Free: 64695K (42%)
----------------- Invoking toplevel() on ptolemy.moml.MoMLSimpleApplication@46d1e68
----------------- Done invoking toplevel() on ptolemy.moml.MoMLSimpleApplication@46d1e68
reloadAllAccessors: .relationGroup8

===========================================================================================
----------------- testing Wed Dec 04 06:23:31 UTC 2019 /home/travis/build/icyphy/ptII/ptolemy/domains/pn/test/auto/widthTest.xml
----------------- Instantiating /home/travis/build/icyphy/ptII/ptolemy/domains/pn/test/auto/widthTest.xml
16 ms. Memory: 155648K Free: 60587K (39%)
----------------- Invoking toplevel() on ptolemy.moml.MoMLSimpleApplication@32924be8
----------------- Done invoking toplevel() on ptolemy.moml.MoMLSimpleApplication@32924be8
reloadAllAccessors: .widthTest
AutoTests.java: About to close Vertx.
AutoTests.java: Vertx closed.
]]></system-out>
  <system-err><![CDATA[java.lang.RuntimeException: Execution failed
	at ptolemy.moml.MoMLSimpleApplication$UnloadThread.run(MoMLSimpleApplication.java:402)
Caused by: ptolemy.kernel.util.IllegalActionException: At the current time, process-oriented domains (PN and CSP) cannot be nested inside firing-based domains (SDF, DE, CT, etc.).
  in .PNInsideDE.CompositeActor.port
Because:
class ptolemy.domains.de.kernel.DEReceiver cannot be cast to class ptolemy.actor.process.ProcessReceiver (ptolemy.domains.de.kernel.DEReceiver and ptolemy.actor.process.ProcessReceiver are in unnamed module of loader 'app')
	at ptolemy.actor.process.BranchController.addBranches(BranchController.java:182)
	at ptolemy.actor.process.CompositeProcessDirector.createBranchController(CompositeProcessDirector.java:221)
	at ptolemy.actor.process.CompositeProcessDirector.initialize(CompositeProcessDirector.java:289)
	at ptolemy.domains.pn.kernel.PNDirector.initialize(PNDirector.java:241)
	at ptolemy.actor.CompositeActor.initialize(CompositeActor.java:935)
	at ptolemy.actor.Director.initialize(Director.java:938)
	at ptolemy.actor.Director.initialize(Director.java:907)
	at ptolemy.domains.de.kernel.DEDirector.initialize(DEDirector.java:944)
	at ptolemy.actor.CompositeActor.initialize(CompositeActor.java:935)
	at ptolemy.actor.Manager.initialize(Manager.java:724)
	at ptolemy.actor.Manager.execute(Manager.java:356)
	at ptolemy.actor.Manager.run(Manager.java:1263)
	at ptolemy.actor.Manager$PtolemyRunThread.run(Manager.java:1933)
Caused by: java.lang.ClassCastException: class ptolemy.domains.de.kernel.DEReceiver cannot be cast to class ptolemy.actor.process.ProcessReceiver (ptolemy.domains.de.kernel.DEReceiver and ptolemy.actor.process.ProcessReceiver are in unnamed module of loader 'app')
	at ptolemy.actor.process.BranchController.addBranches(BranchController.java:178)
	... 12 more
Warning: '.RemoveNilTokens.Test' The test produced only 9 tokens, yet the correctValues parameter was expecting 13 tokens.
Warning: '.RemoveNilTokens.Test2' The test produced only 7 tokens, yet the correctValues parameter was expecting 8 tokens.
]]></system-err>
</testsuite>
