<?xml version="1.0" encoding="UTF-8" ?>
<testsuite errors="0" failures="0" hostname="travis-job-c677f7e6-d699-4379-b18c-4949d531da30" name="ptolemy.actor.lib.hoc.test.junit.JUnitTclTest" skipped="0" tests="58" time="32.187" timestamp="2019-09-11T05:39:59">
  <properties>
[...]
</properties>
  <testcase classname="ptolemy.util.test.junit.TclTests" name="[0] /home/travis/build/icyphy/ptII/ptolemy/actor/lib/hoc/test/IterateOverArray.tcl (RunTclFile)" time="0.381" />
  <testcase classname="ptolemy.util.test.junit.AutoKnownFailedTests" name="[0] /home/travis/build/icyphy/ptII/ptolemy/actor/lib/hoc/test/auto/knownFailedTests/PreinitializeMustBeInvokedRunComposite.xml (RunModel)" time="0.43" />
  <testcase classname="ptolemy.util.test.junit.AutoNameArchTests" name="[0] ThereAreNoAutoArchTests (RunModel)" time="0.005" />
  <testcase classname="ptolemy.util.test.junit.AutoTests" name="[0] /home/travis/build/icyphy/ptII/ptolemy/actor/lib/hoc/test/auto/AllToAllMultiInstanceComposite.xml (RunModel)" time="0.468" />
  <testcase classname="ptolemy.util.test.junit.AutoTests" name="[1] /home/travis/build/icyphy/ptII/ptolemy/actor/lib/hoc/test/auto/ApplyFFTTest.xml (RunModel)" time="0.351" />
  <testcase classname="ptolemy.util.test.junit.AutoTests" name="[2] /home/travis/build/icyphy/ptII/ptolemy/actor/lib/hoc/test/auto/ApplyFunction.xml (RunModel)" time="0.068" />
  <testcase classname="ptolemy.util.test.junit.AutoTests" name="[3] /home/travis/build/icyphy/ptII/ptolemy/actor/lib/hoc/test/auto/BackgroundExecution.xml (RunModel)" time="0.723" />
  <testcase classname="ptolemy.util.test.junit.AutoTests" name="[4] /home/travis/build/icyphy/ptII/ptolemy/actor/lib/hoc/test/auto/Case.xml (RunModel)" time="0.09" />
  <testcase classname="ptolemy.util.test.junit.AutoTests" name="[5] /home/travis/build/icyphy/ptII/ptolemy/actor/lib/hoc/test/auto/Case1.xml (RunModel)" time="0.073" />
  <testcase classname="ptolemy.util.test.junit.AutoTests" name="[6] /home/travis/build/icyphy/ptII/ptolemy/actor/lib/hoc/test/auto/Case2.xml (RunModel)" time="0.13" />
  <testcase classname="ptolemy.util.test.junit.AutoTests" name="[7] /home/travis/build/icyphy/ptII/ptolemy/actor/lib/hoc/test/auto/Case3.xml (RunModel)" time="0.059" />
  <testcase classname="ptolemy.util.test.junit.AutoTests" name="[8] /home/travis/build/icyphy/ptII/ptolemy/actor/lib/hoc/test/auto/Case4.xml (RunModel)" time="0.067" />
  <testcase classname="ptolemy.util.test.junit.AutoTests" name="[9] /home/travis/build/icyphy/ptII/ptolemy/actor/lib/hoc/test/auto/Case5.xml (RunModel)" time="0.079" />
  <testcase classname="ptolemy.util.test.junit.AutoTests" name="[10] /home/travis/build/icyphy/ptII/ptolemy/actor/lib/hoc/test/auto/Case6.xml (RunModel)" time="0.071" />
  <testcase classname="ptolemy.util.test.junit.AutoTests" name="[11] /home/travis/build/icyphy/ptII/ptolemy/actor/lib/hoc/test/auto/CaseString2.xml (RunModel)" time="0.029" />
  <testcase classname="ptolemy.util.test.junit.AutoTests" name="[12] /home/travis/build/icyphy/ptII/ptolemy/actor/lib/hoc/test/auto/CatchUpComposite1.xml (RunModel)" time="0.09" />
  <testcase classname="ptolemy.util.test.junit.AutoTests" name="[13] /home/travis/build/icyphy/ptII/ptolemy/actor/lib/hoc/test/auto/CatchUpComposite2.xml (RunModel)" time="0.08" />
  <testcase classname="ptolemy.util.test.junit.AutoTests" name="[14] /home/travis/build/icyphy/ptII/ptolemy/actor/lib/hoc/test/auto/CatchUpComposite3.xml (RunModel)" time="0.053" />
  <testcase classname="ptolemy.util.test.junit.AutoTests" name="[15] /home/travis/build/icyphy/ptII/ptolemy/actor/lib/hoc/test/auto/CatchUpComposite4.xml (RunModel)" time="0.037" />
  <testcase classname="ptolemy.util.test.junit.AutoTests" name="[16] /home/travis/build/icyphy/ptII/ptolemy/actor/lib/hoc/test/auto/CatchUpComposite5.xml (RunModel)" time="0.054" />
  <testcase classname="ptolemy.util.test.junit.AutoTests" name="[17] /home/travis/build/icyphy/ptII/ptolemy/actor/lib/hoc/test/auto/CatchUpComposite6.xml (RunModel)" time="0.158" />
  <testcase classname="ptolemy.util.test.junit.AutoTests" name="[18] /home/travis/build/icyphy/ptII/ptolemy/actor/lib/hoc/test/auto/CatchUpComposite7.xml (RunModel)" time="0.125" />
  <testcase classname="ptolemy.util.test.junit.AutoTests" name="[19] /home/travis/build/icyphy/ptII/ptolemy/actor/lib/hoc/test/auto/ConcurrentExecutionTimeSDF.xml (RunModel)" time="0.94" />
  <testcase classname="ptolemy.util.test.junit.AutoTests" name="[20] /home/travis/build/icyphy/ptII/ptolemy/actor/lib/hoc/test/auto/ConcurrentSleep.xml (RunModel)" time="0.784" />
  <testcase classname="ptolemy.util.test.junit.AutoTests" name="[21] /home/travis/build/icyphy/ptII/ptolemy/actor/lib/hoc/test/auto/DEInPNInRunCompositeActor.xml (RunModel)" time="0.028" />
  <testcase classname="ptolemy.util.test.junit.AutoTests" name="[22] /home/travis/build/icyphy/ptII/ptolemy/actor/lib/hoc/test/auto/DFTSubSetTest.xml (RunModel)" time="0.278" />
  <testcase classname="ptolemy.util.test.junit.AutoTests" name="[23] /home/travis/build/icyphy/ptII/ptolemy/actor/lib/hoc/test/auto/HocDE.xml (RunModel)" time="0.151" />
  <testcase classname="ptolemy.util.test.junit.AutoTests" name="[24] /home/travis/build/icyphy/ptII/ptolemy/actor/lib/hoc/test/auto/IterateOverArray.xml (RunModel)" time="0.035" />
  <testcase classname="ptolemy.util.test.junit.AutoTests" name="[25] /home/travis/build/icyphy/ptII/ptolemy/actor/lib/hoc/test/auto/IterateOverArray10.xml (RunModel)" time="0.02" />
  <testcase classname="ptolemy.util.test.junit.AutoTests" name="[26] /home/travis/build/icyphy/ptII/ptolemy/actor/lib/hoc/test/auto/IterateOverArray11.xml (RunModel)" time="0.024" />
  <testcase classname="ptolemy.util.test.junit.AutoTests" name="[27] /home/travis/build/icyphy/ptII/ptolemy/actor/lib/hoc/test/auto/IterateOverArray12.xml (RunModel)" time="0.034" />
  <testcase classname="ptolemy.util.test.junit.AutoTests" name="[28] /home/travis/build/icyphy/ptII/ptolemy/actor/lib/hoc/test/auto/IterateOverArray13.xml (RunModel)" time="0.15" />
  <testcase classname="ptolemy.util.test.junit.AutoTests" name="[29] /home/travis/build/icyphy/ptII/ptolemy/actor/lib/hoc/test/auto/IterateOverArray14.xml (RunModel)" time="0.148" />
  <testcase classname="ptolemy.util.test.junit.AutoTests" name="[30] /home/travis/build/icyphy/ptII/ptolemy/actor/lib/hoc/test/auto/IterateOverArray2.xml (RunModel)" time="0.027" />
  <testcase classname="ptolemy.util.test.junit.AutoTests" name="[31] /home/travis/build/icyphy/ptII/ptolemy/actor/lib/hoc/test/auto/IterateOverArray3.xml (RunModel)" time="0.039" />
  <testcase classname="ptolemy.util.test.junit.AutoTests" name="[32] /home/travis/build/icyphy/ptII/ptolemy/actor/lib/hoc/test/auto/IterateOverArray4.xml (RunModel)" time="0.022" />
  <testcase classname="ptolemy.util.test.junit.AutoTests" name="[33] /home/travis/build/icyphy/ptII/ptolemy/actor/lib/hoc/test/auto/IterateOverArray5.xml (RunModel)" time="0.022" />
  <testcase classname="ptolemy.util.test.junit.AutoTests" name="[34] /home/travis/build/icyphy/ptII/ptolemy/actor/lib/hoc/test/auto/IterateOverArray6.xml (RunModel)" time="0.014" />
  <testcase classname="ptolemy.util.test.junit.AutoTests" name="[35] /home/travis/build/icyphy/ptII/ptolemy/actor/lib/hoc/test/auto/IterateOverArray7.xml (RunModel)" time="0.029" />
  <testcase classname="ptolemy.util.test.junit.AutoTests" name="[36] /home/travis/build/icyphy/ptII/ptolemy/actor/lib/hoc/test/auto/IterateOverArray8.xml (RunModel)" time="0.019" />
  <testcase classname="ptolemy.util.test.junit.AutoTests" name="[37] /home/travis/build/icyphy/ptII/ptolemy/actor/lib/hoc/test/auto/IterateOverArray9.xml (RunModel)" time="0.043" />
  <testcase classname="ptolemy.util.test.junit.AutoTests" name="[38] /home/travis/build/icyphy/ptII/ptolemy/actor/lib/hoc/test/auto/IterateOverArrayCoercedOutputType.xml (RunModel)" time="0.021" />
  <testcase classname="ptolemy.util.test.junit.AutoTests" name="[39] /home/travis/build/icyphy/ptII/ptolemy/actor/lib/hoc/test/auto/IterateOverArrayInferredOutputType.xml (RunModel)" time="0.035" />
  <testcase classname="ptolemy.util.test.junit.AutoTests" name="[40] /home/travis/build/icyphy/ptII/ptolemy/actor/lib/hoc/test/auto/MobileFunctionTest.xml (RunModel)" time="0.021" />
  <testcase classname="ptolemy.util.test.junit.AutoTests" name="[41] /home/travis/build/icyphy/ptII/ptolemy/actor/lib/hoc/test/auto/MobileModelTest.xml (RunModel)" time="0.176" />
  <testcase classname="ptolemy.util.test.junit.AutoTests" name="[42] /home/travis/build/icyphy/ptII/ptolemy/actor/lib/hoc/test/auto/ModelReference.xml (RunModel)" time="0.049" />
  <testcase classname="ptolemy.util.test.junit.AutoTests" name="[43] /home/travis/build/icyphy/ptII/ptolemy/actor/lib/hoc/test/auto/ModelReference3.xml (RunModel)" time="0.031" />
  <testcase classname="ptolemy.util.test.junit.AutoTests" name="[44] /home/travis/build/icyphy/ptII/ptolemy/actor/lib/hoc/test/auto/ModelReference4.xml (RunModel)" time="10.029" />
  <testcase classname="ptolemy.util.test.junit.AutoTests" name="[45] /home/travis/build/icyphy/ptII/ptolemy/actor/lib/hoc/test/auto/MultiInstanceComposite.xml (RunModel)" time="0.06" />
  <testcase classname="ptolemy.util.test.junit.AutoTests" name="[46] /home/travis/build/icyphy/ptII/ptolemy/actor/lib/hoc/test/auto/MultiInstanceComposite2.xml (RunModel)" time="0.056" />
  <testcase classname="ptolemy.util.test.junit.AutoTests" name="[47] /home/travis/build/icyphy/ptII/ptolemy/actor/lib/hoc/test/auto/MulticoreExecution.xml (RunModel)" time="1.061" />
  <testcase classname="ptolemy.util.test.junit.AutoTests" name="[48] /home/travis/build/icyphy/ptII/ptolemy/actor/lib/hoc/test/auto/ParallelExecution.xml (RunModel)" time="0.946" />
  <testcase classname="ptolemy.util.test.junit.AutoTests" name="[49] /home/travis/build/icyphy/ptII/ptolemy/actor/lib/hoc/test/auto/RunCompositeActor.xml (RunModel)" time="0.019" />
  <testcase classname="ptolemy.util.test.junit.AutoTests" name="[50] /home/travis/build/icyphy/ptII/ptolemy/actor/lib/hoc/test/auto/RunCompositeActor2.xml (RunModel)" time="0.041" />
  <testcase classname="ptolemy.util.test.junit.AutoTests" name="[51] /home/travis/build/icyphy/ptII/ptolemy/actor/lib/hoc/test/auto/RunCompositeActor3.xml (RunModel)" time="0.017" />
  <testcase classname="ptolemy.util.test.junit.AutoTests" name="[52] /home/travis/build/icyphy/ptII/ptolemy/actor/lib/hoc/test/auto/RunCompositeActor4.xml (RunModel)" time="0.027" />
  <testcase classname="ptolemy.util.test.junit.AutoTests" name="[53] /home/travis/build/icyphy/ptII/ptolemy/actor/lib/hoc/test/auto/RunCompositeIterateOverArray.xml (RunModel)" time="0.025" />
  <testcase classname="ptolemy.util.test.junit.AutoTests" name="[54] /home/travis/build/icyphy/ptII/ptolemy/actor/lib/hoc/test/auto/ThreadedJS.xml (RunModel)" time="12.439" />
  <system-out><![CDATA[/home/travis/build/icyphy/ptII/ptolemy/actor/lib/hoc/test/IterateOverArray.tcl
testDefs.tcl: setting time out to 9000 seconds at Wed Sep 11 05:39:59 UTC 2019
09/11/19 05:39:59
Failed: 0  Total Tests: 2  ((Passed: 2, Newly Passed: 0)  Known Failed: 0) /home/travis/build/icyphy/ptII/ptolemy/actor/lib/hoc/test
----------------- testing (KnownFailure) /home/travis/build/icyphy/ptII/ptolemy/actor/lib/hoc/test/auto/knownFailedTests/PreinitializeMustBeInvokedRunComposite.xml
114 ms. Memory: 120832K Free: 80322K (66%)
Known Failure: java.lang.reflect.InvocationTargetException
No auto/linux-amd64/*.xml tests in /home/travis/build/icyphy/ptII/ptolemy/actor/lib/hoc/test
AutoTests.java: About to close Vertx.
AutoTests.java: Vertx closed.

===========================================================================================
----------------- testing Wed Sep 11 05:40:00 UTC 2019 /home/travis/build/icyphy/ptII/ptolemy/actor/lib/hoc/test/auto/AllToAllMultiInstanceComposite.xml
----------------- Instantiating /home/travis/build/icyphy/ptII/ptolemy/actor/lib/hoc/test/auto/AllToAllMultiInstanceComposite.xml
211 ms. Memory: 120832K Free: 88800K (73%)
----------------- Invoking toplevel() on ptolemy.moml.MoMLSimpleApplication@6c50299f
----------------- Done invoking toplevel() on ptolemy.moml.MoMLSimpleApplication@6c50299f
reloadAllAccessors: .AllToAllMultiInstanceComposite

===========================================================================================
----------------- testing Wed Sep 11 05:40:01 UTC 2019 /home/travis/build/icyphy/ptII/ptolemy/actor/lib/hoc/test/auto/ApplyFFTTest.xml
----------------- Instantiating /home/travis/build/icyphy/ptII/ptolemy/actor/lib/hoc/test/auto/ApplyFFTTest.xml
161 ms. Memory: 120832K Free: 90393K (75%)
----------------- Invoking toplevel() on ptolemy.moml.MoMLSimpleApplication@6417f1dc
----------------- Done invoking toplevel() on ptolemy.moml.MoMLSimpleApplication@6417f1dc
reloadAllAccessors: .ApplyFFTTest

===========================================================================================
----------------- testing Wed Sep 11 05:40:01 UTC 2019 /home/travis/build/icyphy/ptII/ptolemy/actor/lib/hoc/test/auto/ApplyFunction.xml
----------------- Instantiating /home/travis/build/icyphy/ptII/ptolemy/actor/lib/hoc/test/auto/ApplyFunction.xml
7 ms. Memory: 120832K Free: 87019K (72%)
----------------- Invoking toplevel() on ptolemy.moml.MoMLSimpleApplication@6b67dfd0
----------------- Done invoking toplevel() on ptolemy.moml.MoMLSimpleApplication@6b67dfd0
reloadAllAccessors: .ApplyFunction

===========================================================================================
----------------- testing Wed Sep 11 05:40:01 UTC 2019 /home/travis/build/icyphy/ptII/ptolemy/actor/lib/hoc/test/auto/BackgroundExecution.xml
----------------- Instantiating /home/travis/build/icyphy/ptII/ptolemy/actor/lib/hoc/test/auto/BackgroundExecution.xml
647 ms. Memory: 120832K Free: 79841K (66%)
----------------- Invoking toplevel() on ptolemy.moml.MoMLSimpleApplication@6d6e9eb4
----------------- Done invoking toplevel() on ptolemy.moml.MoMLSimpleApplication@6d6e9eb4
reloadAllAccessors: .BackgroundExecution

===========================================================================================
----------------- testing Wed Sep 11 05:40:02 UTC 2019 /home/travis/build/icyphy/ptII/ptolemy/actor/lib/hoc/test/auto/Case.xml
----------------- Instantiating /home/travis/build/icyphy/ptII/ptolemy/actor/lib/hoc/test/auto/Case.xml
28 ms. Memory: 120832K Free: 102045K (84%)
----------------- Invoking toplevel() on ptolemy.moml.MoMLSimpleApplication@629a7336
----------------- Done invoking toplevel() on ptolemy.moml.MoMLSimpleApplication@629a7336
reloadAllAccessors: .Case

===========================================================================================
----------------- testing Wed Sep 11 05:40:02 UTC 2019 /home/travis/build/icyphy/ptII/ptolemy/actor/lib/hoc/test/auto/Case1.xml
----------------- Instantiating /home/travis/build/icyphy/ptII/ptolemy/actor/lib/hoc/test/auto/Case1.xml
25 ms. Memory: 120832K Free: 95217K (79%)
----------------- Invoking toplevel() on ptolemy.moml.MoMLSimpleApplication@105865ee
----------------- Done invoking toplevel() on ptolemy.moml.MoMLSimpleApplication@105865ee
reloadAllAccessors: .Case1

===========================================================================================
----------------- testing Wed Sep 11 05:40:02 UTC 2019 /home/travis/build/icyphy/ptII/ptolemy/actor/lib/hoc/test/auto/Case2.xml
----------------- Instantiating /home/travis/build/icyphy/ptII/ptolemy/actor/lib/hoc/test/auto/Case2.xml
50 ms. Memory: 120832K Free: 85332K (71%)
----------------- Invoking toplevel() on ptolemy.moml.MoMLSimpleApplication@2873d849
----------------- Done invoking toplevel() on ptolemy.moml.MoMLSimpleApplication@2873d849
reloadAllAccessors: .Case2

===========================================================================================
----------------- testing Wed Sep 11 05:40:02 UTC 2019 /home/travis/build/icyphy/ptII/ptolemy/actor/lib/hoc/test/auto/Case3.xml
----------------- Instantiating /home/travis/build/icyphy/ptII/ptolemy/actor/lib/hoc/test/auto/Case3.xml
17 ms. Memory: 120832K Free: 78865K (65%)
----------------- Invoking toplevel() on ptolemy.moml.MoMLSimpleApplication@1352b643
----------------- Done invoking toplevel() on ptolemy.moml.MoMLSimpleApplication@1352b643
reloadAllAccessors: .Case3

===========================================================================================
----------------- testing Wed Sep 11 05:40:02 UTC 2019 /home/travis/build/icyphy/ptII/ptolemy/actor/lib/hoc/test/auto/Case4.xml
----------------- Instantiating /home/travis/build/icyphy/ptII/ptolemy/actor/lib/hoc/test/auto/Case4.xml
20 ms. Memory: 120832K Free: 70982K (59%)
----------------- Invoking toplevel() on ptolemy.moml.MoMLSimpleApplication@339bddc1
----------------- Done invoking toplevel() on ptolemy.moml.MoMLSimpleApplication@339bddc1
reloadAllAccessors: .Case4

===========================================================================================
----------------- testing Wed Sep 11 05:40:02 UTC 2019 /home/travis/build/icyphy/ptII/ptolemy/actor/lib/hoc/test/auto/Case5.xml
----------------- Instantiating /home/travis/build/icyphy/ptII/ptolemy/actor/lib/hoc/test/auto/Case5.xml
49 ms. Memory: 120832K Free: 64551K (53%)
----------------- Invoking toplevel() on ptolemy.moml.MoMLSimpleApplication@d8ea4f1
----------------- Done invoking toplevel() on ptolemy.moml.MoMLSimpleApplication@d8ea4f1
reloadAllAccessors: .junk

===========================================================================================
----------------- testing Wed Sep 11 05:40:02 UTC 2019 /home/travis/build/icyphy/ptII/ptolemy/actor/lib/hoc/test/auto/Case6.xml
----------------- Instantiating /home/travis/build/icyphy/ptII/ptolemy/actor/lib/hoc/test/auto/Case6.xml
29 ms. Memory: 120832K Free: 97886K (81%)
----------------- Invoking toplevel() on ptolemy.moml.MoMLSimpleApplication@1d615161
----------------- Done invoking toplevel() on ptolemy.moml.MoMLSimpleApplication@1d615161
reloadAllAccessors: .Case6

===========================================================================================
----------------- testing Wed Sep 11 05:40:02 UTC 2019 /home/travis/build/icyphy/ptII/ptolemy/actor/lib/hoc/test/auto/CaseString2.xml
----------------- Instantiating /home/travis/build/icyphy/ptII/ptolemy/actor/lib/hoc/test/auto/CaseString2.xml
9 ms. Memory: 120832K Free: 90361K (75%)
----------------- Invoking toplevel() on ptolemy.moml.MoMLSimpleApplication@fffcece
----------------- Done invoking toplevel() on ptolemy.moml.MoMLSimpleApplication@fffcece
reloadAllAccessors: .CaseString2

===========================================================================================
----------------- testing Wed Sep 11 05:40:03 UTC 2019 /home/travis/build/icyphy/ptII/ptolemy/actor/lib/hoc/test/auto/CatchUpComposite1.xml
----------------- Instantiating /home/travis/build/icyphy/ptII/ptolemy/actor/lib/hoc/test/auto/CatchUpComposite1.xml
29 ms. Memory: 120832K Free: 81502K (67%)
----------------- Invoking toplevel() on ptolemy.moml.MoMLSimpleApplication@461664b3
----------------- Done invoking toplevel() on ptolemy.moml.MoMLSimpleApplication@461664b3
reloadAllAccessors: .CatchUpComposite1

===========================================================================================
----------------- testing Wed Sep 11 05:40:03 UTC 2019 /home/travis/build/icyphy/ptII/ptolemy/actor/lib/hoc/test/auto/CatchUpComposite2.xml
----------------- Instantiating /home/travis/build/icyphy/ptII/ptolemy/actor/lib/hoc/test/auto/CatchUpComposite2.xml
14 ms. Memory: 120832K Free: 73310K (61%)
----------------- Invoking toplevel() on ptolemy.moml.MoMLSimpleApplication@685cf430
----------------- Done invoking toplevel() on ptolemy.moml.MoMLSimpleApplication@685cf430
reloadAllAccessors: .CatchUpComposite2

===========================================================================================
----------------- testing Wed Sep 11 05:40:03 UTC 2019 /home/travis/build/icyphy/ptII/ptolemy/actor/lib/hoc/test/auto/CatchUpComposite3.xml
----------------- Instantiating /home/travis/build/icyphy/ptII/ptolemy/actor/lib/hoc/test/auto/CatchUpComposite3.xml
22 ms. Memory: 120832K Free: 65118K (54%)
----------------- Invoking toplevel() on ptolemy.moml.MoMLSimpleApplication@7324742f
----------------- Done invoking toplevel() on ptolemy.moml.MoMLSimpleApplication@7324742f
reloadAllAccessors: .CatchUpComposite3

===========================================================================================
----------------- testing Wed Sep 11 05:40:03 UTC 2019 /home/travis/build/icyphy/ptII/ptolemy/actor/lib/hoc/test/auto/CatchUpComposite4.xml
----------------- Instantiating /home/travis/build/icyphy/ptII/ptolemy/actor/lib/hoc/test/auto/CatchUpComposite4.xml
10 ms. Memory: 120832K Free: 57200K (47%)
----------------- Invoking toplevel() on ptolemy.moml.MoMLSimpleApplication@360012b2
----------------- Done invoking toplevel() on ptolemy.moml.MoMLSimpleApplication@360012b2
reloadAllAccessors: .CatchUpComposite4

===========================================================================================
----------------- testing Wed Sep 11 05:40:03 UTC 2019 /home/travis/build/icyphy/ptII/ptolemy/actor/lib/hoc/test/auto/CatchUpComposite5.xml
----------------- Instantiating /home/travis/build/icyphy/ptII/ptolemy/actor/lib/hoc/test/auto/CatchUpComposite5.xml
16 ms. Memory: 150528K Free: 131926K (88%)
----------------- Invoking toplevel() on ptolemy.moml.MoMLSimpleApplication@23570292
----------------- Done invoking toplevel() on ptolemy.moml.MoMLSimpleApplication@23570292
reloadAllAccessors: .CatchUpComposite5

===========================================================================================
----------------- testing Wed Sep 11 05:40:03 UTC 2019 /home/travis/build/icyphy/ptII/ptolemy/actor/lib/hoc/test/auto/CatchUpComposite6.xml
----------------- Instantiating /home/travis/build/icyphy/ptII/ptolemy/actor/lib/hoc/test/auto/CatchUpComposite6.xml
WARNING: The execution aspects in this model can influence the timing of actors by delaying the 
execution, potentially changing the behavior. There is no guarantee that actors fire at the 
time they request to be fired. 
Use Ptides for deterministic DE behavior that is not influenced by execution aspects. 

69 ms. Memory: 150528K Free: 117146K (78%)
----------------- Invoking toplevel() on ptolemy.moml.MoMLSimpleApplication@7ddab9b0
----------------- Done invoking toplevel() on ptolemy.moml.MoMLSimpleApplication@7ddab9b0
reloadAllAccessors: .CatchUpComposite6

===========================================================================================
----------------- testing Wed Sep 11 05:40:03 UTC 2019 /home/travis/build/icyphy/ptII/ptolemy/actor/lib/hoc/test/auto/CatchUpComposite7.xml
----------------- Instantiating /home/travis/build/icyphy/ptII/ptolemy/actor/lib/hoc/test/auto/CatchUpComposite7.xml
WARNING: The execution aspects in this model can influence the timing of actors by delaying the 
execution, potentially changing the behavior. There is no guarantee that actors fire at the 
time they request to be fired. 
Use Ptides for deterministic DE behavior that is not influenced by execution aspects. 

54 ms. Memory: 150528K Free: 103254K (69%)
----------------- Invoking toplevel() on ptolemy.moml.MoMLSimpleApplication@260bb3ad
----------------- Done invoking toplevel() on ptolemy.moml.MoMLSimpleApplication@260bb3ad
reloadAllAccessors: .CatchUpComposite7

===========================================================================================
----------------- testing Wed Sep 11 05:40:03 UTC 2019 /home/travis/build/icyphy/ptII/ptolemy/actor/lib/hoc/test/auto/ConcurrentExecutionTimeSDF.xml
----------------- Instantiating /home/travis/build/icyphy/ptII/ptolemy/actor/lib/hoc/test/auto/ConcurrentExecutionTimeSDF.xml
Fired ExecutionTime: 40400000
Fired ExecutionTime: 40400000
Fired ExecutionTime: 40400000
Fired ExecutionTime: 40400000
Fired ExecutionTime: 40400000
Fired ExecutionTime: 40400000
Fired ExecutionTime: 40400000
Fired ExecutionTime: 40400000
Fired ExecutionTime: 40400000
Fired ExecutionTime: 40400000
Fired ExecutionTime: 40400000
Fired ExecutionTime: 40400000
Fired ExecutionTime: 40400000
Fired ExecutionTime: 40400000
Fired ExecutionTime: 40400000
Fired ExecutionTime: 40400000
Fired ExecutionTime: 40400000
Fired ExecutionTime: 40400000
Fired ExecutionTime: 40400000
Fired ExecutionTime: 40400000
902 ms. Memory: 150528K Free: 96086K (64%)
----------------- Invoking toplevel() on ptolemy.moml.MoMLSimpleApplication@32a34828
----------------- Done invoking toplevel() on ptolemy.moml.MoMLSimpleApplication@32a34828
reloadAllAccessors: .ConcurrentExecutionTimeSDF

===========================================================================================
----------------- testing Wed Sep 11 05:40:04 UTC 2019 /home/travis/build/icyphy/ptII/ptolemy/actor/lib/hoc/test/auto/ConcurrentSleep.xml
----------------- Instantiating /home/travis/build/icyphy/ptII/ptolemy/actor/lib/hoc/test/auto/ConcurrentSleep.xml
729 ms. Memory: 150528K Free: 85402K (57%)
----------------- Invoking toplevel() on ptolemy.moml.MoMLSimpleApplication@255ef990
----------------- Done invoking toplevel() on ptolemy.moml.MoMLSimpleApplication@255ef990
reloadAllAccessors: .ConcurrentSleep

===========================================================================================
----------------- testing Wed Sep 11 05:40:05 UTC 2019 /home/travis/build/icyphy/ptII/ptolemy/actor/lib/hoc/test/auto/DEInPNInRunCompositeActor.xml
----------------- Instantiating /home/travis/build/icyphy/ptII/ptolemy/actor/lib/hoc/test/auto/DEInPNInRunCompositeActor.xml
10 ms. Memory: 150528K Free: 80147K (53%)
----------------- Invoking toplevel() on ptolemy.moml.MoMLSimpleApplication@11db59d9
----------------- Done invoking toplevel() on ptolemy.moml.MoMLSimpleApplication@11db59d9
reloadAllAccessors: .DEInPNInRunCompositeActor

===========================================================================================
----------------- testing Wed Sep 11 05:40:05 UTC 2019 /home/travis/build/icyphy/ptII/ptolemy/actor/lib/hoc/test/auto/DFTSubSetTest.xml
----------------- Instantiating /home/travis/build/icyphy/ptII/ptolemy/actor/lib/hoc/test/auto/DFTSubSetTest.xml
167 ms. Memory: 150528K Free: 104047K (69%)
----------------- Invoking toplevel() on ptolemy.moml.MoMLSimpleApplication@665f2334
----------------- Done invoking toplevel() on ptolemy.moml.MoMLSimpleApplication@665f2334
reloadAllAccessors: .DFTSubSetTest

===========================================================================================
----------------- testing Wed Sep 11 05:40:05 UTC 2019 /home/travis/build/icyphy/ptII/ptolemy/actor/lib/hoc/test/auto/HocDE.xml
----------------- Instantiating /home/travis/build/icyphy/ptII/ptolemy/actor/lib/hoc/test/auto/HocDE.xml
112 ms. Memory: 150528K Free: 78966K (52%)
----------------- Invoking toplevel() on ptolemy.moml.MoMLSimpleApplication@d135481
----------------- Done invoking toplevel() on ptolemy.moml.MoMLSimpleApplication@d135481
reloadAllAccessors: .HocDE

===========================================================================================
----------------- testing Wed Sep 11 05:40:05 UTC 2019 /home/travis/build/icyphy/ptII/ptolemy/actor/lib/hoc/test/auto/IterateOverArray.xml
----------------- Instantiating /home/travis/build/icyphy/ptII/ptolemy/actor/lib/hoc/test/auto/IterateOverArray.xml
6 ms. Memory: 150528K Free: 74870K (50%)
----------------- Invoking toplevel() on ptolemy.moml.MoMLSimpleApplication@5f06cc60
----------------- Done invoking toplevel() on ptolemy.moml.MoMLSimpleApplication@5f06cc60
reloadAllAccessors: .IterateOverArray

===========================================================================================
----------------- testing Wed Sep 11 05:40:05 UTC 2019 /home/travis/build/icyphy/ptII/ptolemy/actor/lib/hoc/test/auto/IterateOverArray10.xml
----------------- Instantiating /home/travis/build/icyphy/ptII/ptolemy/actor/lib/hoc/test/auto/IterateOverArray10.xml
3 ms. Memory: 150528K Free: 71787K (48%)
----------------- Invoking toplevel() on ptolemy.moml.MoMLSimpleApplication@10eca3f6
----------------- Done invoking toplevel() on ptolemy.moml.MoMLSimpleApplication@10eca3f6
reloadAllAccessors: .IterateOverArray10

===========================================================================================
----------------- testing Wed Sep 11 05:40:05 UTC 2019 /home/travis/build/icyphy/ptII/ptolemy/actor/lib/hoc/test/auto/IterateOverArray11.xml
----------------- Instantiating /home/travis/build/icyphy/ptII/ptolemy/actor/lib/hoc/test/auto/IterateOverArray11.xml
4 ms. Memory: 150528K Free: 67696K (45%)
----------------- Invoking toplevel() on ptolemy.moml.MoMLSimpleApplication@2fc06cd9
----------------- Done invoking toplevel() on ptolemy.moml.MoMLSimpleApplication@2fc06cd9
reloadAllAccessors: .IterateOverArray11

===========================================================================================
----------------- testing Wed Sep 11 05:40:05 UTC 2019 /home/travis/build/icyphy/ptII/ptolemy/actor/lib/hoc/test/auto/IterateOverArray12.xml
----------------- Instantiating /home/travis/build/icyphy/ptII/ptolemy/actor/lib/hoc/test/auto/IterateOverArray12.xml
15 ms. Memory: 150528K Free: 61547K (41%)
----------------- Invoking toplevel() on ptolemy.moml.MoMLSimpleApplication@50912428
----------------- Done invoking toplevel() on ptolemy.moml.MoMLSimpleApplication@50912428
reloadAllAccessors: .IterateOverArray12

===========================================================================================
----------------- testing Wed Sep 11 05:40:05 UTC 2019 /home/travis/build/icyphy/ptII/ptolemy/actor/lib/hoc/test/auto/IterateOverArray13.xml
----------------- Instantiating /home/travis/build/icyphy/ptII/ptolemy/actor/lib/hoc/test/auto/IterateOverArray13.xml
59 ms. Memory: 150528K Free: 110512K (73%)
----------------- Invoking toplevel() on ptolemy.moml.MoMLSimpleApplication@329f9481
----------------- Done invoking toplevel() on ptolemy.moml.MoMLSimpleApplication@329f9481
reloadAllAccessors: .IterateOverArray13

===========================================================================================
----------------- testing Wed Sep 11 05:40:06 UTC 2019 /home/travis/build/icyphy/ptII/ptolemy/actor/lib/hoc/test/auto/IterateOverArray14.xml
----------------- Instantiating /home/travis/build/icyphy/ptII/ptolemy/actor/lib/hoc/test/auto/IterateOverArray14.xml
64 ms. Memory: 150528K Free: 77744K (52%)
----------------- Invoking toplevel() on ptolemy.moml.MoMLSimpleApplication@4bde8c0
----------------- Done invoking toplevel() on ptolemy.moml.MoMLSimpleApplication@4bde8c0
reloadAllAccessors: .IterateOverArray14

===========================================================================================
----------------- testing Wed Sep 11 05:40:06 UTC 2019 /home/travis/build/icyphy/ptII/ptolemy/actor/lib/hoc/test/auto/IterateOverArray2.xml
----------------- Instantiating /home/travis/build/icyphy/ptII/ptolemy/actor/lib/hoc/test/auto/IterateOverArray2.xml
8 ms. Memory: 150528K Free: 73134K (49%)
----------------- Invoking toplevel() on ptolemy.moml.MoMLSimpleApplication@3fa6506d
----------------- Done invoking toplevel() on ptolemy.moml.MoMLSimpleApplication@3fa6506d
reloadAllAccessors: .IterateOverArray2

===========================================================================================
----------------- testing Wed Sep 11 05:40:06 UTC 2019 /home/travis/build/icyphy/ptII/ptolemy/actor/lib/hoc/test/auto/IterateOverArray3.xml
----------------- Instantiating /home/travis/build/icyphy/ptII/ptolemy/actor/lib/hoc/test/auto/IterateOverArray3.xml
17 ms. Memory: 150528K Free: 67504K (45%)
----------------- Invoking toplevel() on ptolemy.moml.MoMLSimpleApplication@719ce4b1
----------------- Done invoking toplevel() on ptolemy.moml.MoMLSimpleApplication@719ce4b1
reloadAllAccessors: .IterateOverArray3

===========================================================================================
----------------- testing Wed Sep 11 05:40:06 UTC 2019 /home/travis/build/icyphy/ptII/ptolemy/actor/lib/hoc/test/auto/IterateOverArray4.xml
----------------- Instantiating /home/travis/build/icyphy/ptII/ptolemy/actor/lib/hoc/test/auto/IterateOverArray4.xml
4 ms. Memory: 150528K Free: 63408K (42%)
----------------- Invoking toplevel() on ptolemy.moml.MoMLSimpleApplication@3412fe0c
----------------- Done invoking toplevel() on ptolemy.moml.MoMLSimpleApplication@3412fe0c
reloadAllAccessors: .IterateOverArray4

===========================================================================================
----------------- testing Wed Sep 11 05:40:06 UTC 2019 /home/travis/build/icyphy/ptII/ptolemy/actor/lib/hoc/test/auto/IterateOverArray5.xml
----------------- Instantiating /home/travis/build/icyphy/ptII/ptolemy/actor/lib/hoc/test/auto/IterateOverArray5.xml
3 ms. Memory: 150528K Free: 59312K (39%)
----------------- Invoking toplevel() on ptolemy.moml.MoMLSimpleApplication@608a1006
----------------- Done invoking toplevel() on ptolemy.moml.MoMLSimpleApplication@608a1006
reloadAllAccessors: .IterateOverArray5

===========================================================================================
----------------- testing Wed Sep 11 05:40:06 UTC 2019 /home/travis/build/icyphy/ptII/ptolemy/actor/lib/hoc/test/auto/IterateOverArray6.xml
----------------- Instantiating /home/travis/build/icyphy/ptII/ptolemy/actor/lib/hoc/test/auto/IterateOverArray6.xml
2 ms. Memory: 150528K Free: 55726K (37%)
----------------- Invoking toplevel() on ptolemy.moml.MoMLSimpleApplication@533c1475
----------------- Done invoking toplevel() on ptolemy.moml.MoMLSimpleApplication@533c1475
reloadAllAccessors: .IterateOverArray6

===========================================================================================
----------------- testing Wed Sep 11 05:40:06 UTC 2019 /home/travis/build/icyphy/ptII/ptolemy/actor/lib/hoc/test/auto/IterateOverArray7.xml
----------------- Instantiating /home/travis/build/icyphy/ptII/ptolemy/actor/lib/hoc/test/auto/IterateOverArray7.xml
4 ms. Memory: 150528K Free: 133964K (89%)
----------------- Invoking toplevel() on ptolemy.moml.MoMLSimpleApplication@1ea7ebe3
----------------- Done invoking toplevel() on ptolemy.moml.MoMLSimpleApplication@1ea7ebe3
reloadAllAccessors: .IterateOverArray7

===========================================================================================
----------------- testing Wed Sep 11 05:40:06 UTC 2019 /home/travis/build/icyphy/ptII/ptolemy/actor/lib/hoc/test/auto/IterateOverArray8.xml
----------------- Instantiating /home/travis/build/icyphy/ptII/ptolemy/actor/lib/hoc/test/auto/IterateOverArray8.xml
3 ms. Memory: 150528K Free: 129868K (86%)
----------------- Invoking toplevel() on ptolemy.moml.MoMLSimpleApplication@54b71182
----------------- Done invoking toplevel() on ptolemy.moml.MoMLSimpleApplication@54b71182
reloadAllAccessors: .IterateOverArray8

===========================================================================================
----------------- testing Wed Sep 11 05:40:06 UTC 2019 /home/travis/build/icyphy/ptII/ptolemy/actor/lib/hoc/test/auto/IterateOverArray9.xml
----------------- Instantiating /home/travis/build/icyphy/ptII/ptolemy/actor/lib/hoc/test/auto/IterateOverArray9.xml
4 ms. Memory: 150528K Free: 125772K (84%)
----------------- Invoking toplevel() on ptolemy.moml.MoMLSimpleApplication@487d38fd
----------------- Done invoking toplevel() on ptolemy.moml.MoMLSimpleApplication@487d38fd
reloadAllAccessors: .IterateOverArray9

===========================================================================================
----------------- testing Wed Sep 11 05:40:06 UTC 2019 /home/travis/build/icyphy/ptII/ptolemy/actor/lib/hoc/test/auto/IterateOverArrayCoercedOutputType.xml
----------------- Instantiating /home/travis/build/icyphy/ptII/ptolemy/actor/lib/hoc/test/auto/IterateOverArrayCoercedOutputType.xml
6 ms. Memory: 150528K Free: 120652K (80%)
----------------- Invoking toplevel() on ptolemy.moml.MoMLSimpleApplication@5627a736
----------------- Done invoking toplevel() on ptolemy.moml.MoMLSimpleApplication@5627a736
reloadAllAccessors: .IterateOverArrayCoercedOutputType

===========================================================================================
----------------- testing Wed Sep 11 05:40:06 UTC 2019 /home/travis/build/icyphy/ptII/ptolemy/actor/lib/hoc/test/auto/IterateOverArrayInferredOutputType.xml
----------------- Instantiating /home/travis/build/icyphy/ptII/ptolemy/actor/lib/hoc/test/auto/IterateOverArrayInferredOutputType.xml
15 ms. Memory: 150528K Free: 116042K (77%)
----------------- Invoking toplevel() on ptolemy.moml.MoMLSimpleApplication@fd56af9
----------------- Done invoking toplevel() on ptolemy.moml.MoMLSimpleApplication@fd56af9
reloadAllAccessors: .IterateOverArrayInferredOutputType

===========================================================================================
----------------- testing Wed Sep 11 05:40:06 UTC 2019 /home/travis/build/icyphy/ptII/ptolemy/actor/lib/hoc/test/auto/MobileFunctionTest.xml
----------------- Instantiating /home/travis/build/icyphy/ptII/ptolemy/actor/lib/hoc/test/auto/MobileFunctionTest.xml
3 ms. Memory: 150528K Free: 111932K (74%)
----------------- Invoking toplevel() on ptolemy.moml.MoMLSimpleApplication@55ac34a1
----------------- Done invoking toplevel() on ptolemy.moml.MoMLSimpleApplication@55ac34a1
reloadAllAccessors: .MobileFunctionTest

===========================================================================================
----------------- testing Wed Sep 11 05:40:06 UTC 2019 /home/travis/build/icyphy/ptII/ptolemy/actor/lib/hoc/test/auto/MobileModelTest.xml
----------------- Instantiating /home/travis/build/icyphy/ptII/ptolemy/actor/lib/hoc/test/auto/MobileModelTest.xml
151 ms. Memory: 150528K Free: 90956K (60%)
----------------- Invoking toplevel() on ptolemy.moml.MoMLSimpleApplication@fc7a846
----------------- Done invoking toplevel() on ptolemy.moml.MoMLSimpleApplication@fc7a846
reloadAllAccessors: .MobileModelTest

===========================================================================================
----------------- testing Wed Sep 11 05:40:06 UTC 2019 /home/travis/build/icyphy/ptII/ptolemy/actor/lib/hoc/test/auto/ModelReference.xml
----------------- Instantiating /home/travis/build/icyphy/ptII/ptolemy/actor/lib/hoc/test/auto/ModelReference.xml
3 ms. Memory: 150528K Free: 84298K (56%)
2 ms. Memory: 150528K Free: 83788K (56%)
2 ms. Memory: 150528K Free: 82764K (55%)
1 ms. Memory: 150528K Free: 81740K (54%)
1 ms. Memory: 150528K Free: 81212K (54%)
1 ms. Memory: 150528K Free: 80202K (53%)
2 ms. Memory: 150528K Free: 79692K (53%)
1 ms. Memory: 150528K Free: 78668K (52%)
1 ms. Memory: 150528K Free: 77644K (52%)
1 ms. Memory: 150528K Free: 77116K (51%)
21 ms. Memory: 150528K Free: 77116K (51%)
----------------- Invoking toplevel() on ptolemy.moml.MoMLSimpleApplication@747ad3b
----------------- Done invoking toplevel() on ptolemy.moml.MoMLSimpleApplication@747ad3b
reloadAllAccessors: .ModelReference

===========================================================================================
----------------- testing Wed Sep 11 05:40:06 UTC 2019 /home/travis/build/icyphy/ptII/ptolemy/actor/lib/hoc/test/auto/ModelReference3.xml
----------------- Instantiating /home/travis/build/icyphy/ptII/ptolemy/actor/lib/hoc/test/auto/ModelReference3.xml
1 ms. Memory: 150528K Free: 71996K (48%)
1 ms. Memory: 150528K Free: 71500K (47%)
1 ms. Memory: 150528K Free: 70476K (47%)
2 ms. Memory: 150528K Free: 69948K (46%)
2 ms. Memory: 150528K Free: 68924K (46%)
1 ms. Memory: 150528K Free: 67900K (45%)
1 ms. Memory: 150528K Free: 67404K (45%)
2 ms. Memory: 150528K Free: 66380K (44%)
1 ms. Memory: 150528K Free: 65852K (44%)
1 ms. Memory: 150528K Free: 64842K (43%)
21 ms. Memory: 150528K Free: 64842K (43%)
----------------- Invoking toplevel() on ptolemy.moml.MoMLSimpleApplication@7c1fdf65
----------------- Done invoking toplevel() on ptolemy.moml.MoMLSimpleApplication@7c1fdf65
reloadAllAccessors: .ModelReference3

===========================================================================================
----------------- testing Wed Sep 11 05:40:06 UTC 2019 /home/travis/build/icyphy/ptII/ptolemy/actor/lib/hoc/test/auto/ModelReference4.xml
----------------- Instantiating /home/travis/build/icyphy/ptII/ptolemy/actor/lib/hoc/test/auto/ModelReference4.xml
2 ms. Memory: 150528K Free: 60236K (40%)
7 ms. Memory: 150528K Free: 58692K (39%)
2 ms. Memory: 150528K Free: 57660K (38%)
2 ms. Memory: 150528K Free: 56650K (38%)
2 ms. Memory: 150528K Free: 55116K (37%)
2 ms. Memory: 150528K Free: 54092K (36%)
2 ms. Memory: 150528K Free: 52548K (35%)
2 ms. Memory: 150528K Free: 51516K (34%)
2 ms. Memory: 150528K Free: 49996K (33%)
2 ms. Memory: 150528K Free: 48972K (33%)
10017 ms. Memory: 150528K Free: 48972K (33%)
----------------- Invoking toplevel() on ptolemy.moml.MoMLSimpleApplication@7acf6cdf
----------------- Done invoking toplevel() on ptolemy.moml.MoMLSimpleApplication@7acf6cdf
reloadAllAccessors: .ModelReference4

===========================================================================================
----------------- testing Wed Sep 11 05:40:16 UTC 2019 /home/travis/build/icyphy/ptII/ptolemy/actor/lib/hoc/test/auto/MultiInstanceComposite.xml
----------------- Instantiating /home/travis/build/icyphy/ptII/ptolemy/actor/lib/hoc/test/auto/MultiInstanceComposite.xml
30 ms. Memory: 150528K Free: 117353K (78%)
----------------- Invoking toplevel() on ptolemy.moml.MoMLSimpleApplication@1fa6aed6
----------------- Done invoking toplevel() on ptolemy.moml.MoMLSimpleApplication@1fa6aed6
reloadAllAccessors: .MultiInstanceComposite

===========================================================================================
----------------- testing Wed Sep 11 05:40:16 UTC 2019 /home/travis/build/icyphy/ptII/ptolemy/actor/lib/hoc/test/auto/MultiInstanceComposite2.xml
----------------- Instantiating /home/travis/build/icyphy/ptII/ptolemy/actor/lib/hoc/test/auto/MultiInstanceComposite2.xml
26 ms. Memory: 150528K Free: 106089K (70%)
----------------- Invoking toplevel() on ptolemy.moml.MoMLSimpleApplication@3c4b67ee
----------------- Done invoking toplevel() on ptolemy.moml.MoMLSimpleApplication@3c4b67ee
reloadAllAccessors: .MultiInstanceComposite2

===========================================================================================
----------------- testing Wed Sep 11 05:40:16 UTC 2019 /home/travis/build/icyphy/ptII/ptolemy/actor/lib/hoc/test/auto/MulticoreExecution.xml
----------------- Instantiating /home/travis/build/icyphy/ptII/ptolemy/actor/lib/hoc/test/auto/MulticoreExecution.xml
Fired ExecutionTime: 67200000
Fired ExecutionTime: 36800000
Fired ExecutionTime: 37200000
Fired ExecutionTime: 41200000
Fired ExecutionTime: 60800000
Fired ExecutionTime: 37200000
Fired ExecutionTime: 68400000
Fired ExecutionTime: 38000000
Fired ExecutionTime: 68000000
Fired ExecutionTime: 67600000
Fired ExecutionTime: 66000000
Fired ExecutionTime: 66800000
Fired ExecutionTime: 66800000
Fired ExecutionTime: 66000000
Fired ExecutionTime: 66400000
Fired ExecutionTime: 66800000
Fired ExecutionTime: 66400000
Fired ExecutionTime: 66800000
Fired ExecutionTime: 59600000
Fired ExecutionTime: 64800000
1043 ms. Memory: 150528K Free: 96873K (64%)
----------------- Invoking toplevel() on ptolemy.moml.MoMLSimpleApplication@2d7a2558
----------------- Done invoking toplevel() on ptolemy.moml.MoMLSimpleApplication@2d7a2558
reloadAllAccessors: .MulticoreExecution

===========================================================================================
----------------- testing Wed Sep 11 05:40:18 UTC 2019 /home/travis/build/icyphy/ptII/ptolemy/actor/lib/hoc/test/auto/ParallelExecution.xml
----------------- Instantiating /home/travis/build/icyphy/ptII/ptolemy/actor/lib/hoc/test/auto/ParallelExecution.xml
915 ms. Memory: 150528K Free: 89193K (59%)
----------------- Invoking toplevel() on ptolemy.moml.MoMLSimpleApplication@18276cdd
----------------- Done invoking toplevel() on ptolemy.moml.MoMLSimpleApplication@18276cdd
reloadAllAccessors: .ParallelExecution

===========================================================================================
----------------- testing Wed Sep 11 05:40:18 UTC 2019 /home/travis/build/icyphy/ptII/ptolemy/actor/lib/hoc/test/auto/RunCompositeActor.xml
----------------- Instantiating /home/travis/build/icyphy/ptII/ptolemy/actor/lib/hoc/test/auto/RunCompositeActor.xml
7 ms. Memory: 150528K Free: 82027K (54%)
----------------- Invoking toplevel() on ptolemy.moml.MoMLSimpleApplication@5cd69897
----------------- Done invoking toplevel() on ptolemy.moml.MoMLSimpleApplication@5cd69897
reloadAllAccessors: .RunCompositeActor

===========================================================================================
----------------- testing Wed Sep 11 05:40:19 UTC 2019 /home/travis/build/icyphy/ptII/ptolemy/actor/lib/hoc/test/auto/RunCompositeActor2.xml
----------------- Instantiating /home/travis/build/icyphy/ptII/ptolemy/actor/lib/hoc/test/auto/RunCompositeActor2.xml
3 ms. Memory: 150528K Free: 75883K (50%)
----------------- Invoking toplevel() on ptolemy.moml.MoMLSimpleApplication@29fb96d6
----------------- Done invoking toplevel() on ptolemy.moml.MoMLSimpleApplication@29fb96d6
reloadAllAccessors: .RunCompositeActor2

===========================================================================================
----------------- testing Wed Sep 11 05:40:19 UTC 2019 /home/travis/build/icyphy/ptII/ptolemy/actor/lib/hoc/test/auto/RunCompositeActor3.xml
----------------- Instantiating /home/travis/build/icyphy/ptII/ptolemy/actor/lib/hoc/test/auto/RunCompositeActor3.xml
3 ms. Memory: 150528K Free: 70218K (47%)
----------------- Invoking toplevel() on ptolemy.moml.MoMLSimpleApplication@593cf70a
----------------- Done invoking toplevel() on ptolemy.moml.MoMLSimpleApplication@593cf70a
reloadAllAccessors: .RunCompositeActor3

===========================================================================================
----------------- testing Wed Sep 11 05:40:19 UTC 2019 /home/travis/build/icyphy/ptII/ptolemy/actor/lib/hoc/test/auto/RunCompositeActor4.xml
----------------- Instantiating /home/travis/build/icyphy/ptII/ptolemy/actor/lib/hoc/test/auto/RunCompositeActor4.xml
16 ms. Memory: 150528K Free: 62050K (41%)
----------------- Invoking toplevel() on ptolemy.moml.MoMLSimpleApplication@49ad7585
----------------- Done invoking toplevel() on ptolemy.moml.MoMLSimpleApplication@49ad7585
reloadAllAccessors: .RunCompositeActor4

===========================================================================================
----------------- testing Wed Sep 11 05:40:19 UTC 2019 /home/travis/build/icyphy/ptII/ptolemy/actor/lib/hoc/test/auto/RunCompositeIterateOverArray.xml
----------------- Instantiating /home/travis/build/icyphy/ptII/ptolemy/actor/lib/hoc/test/auto/RunCompositeIterateOverArray.xml
7 ms. Memory: 150528K Free: 55913K (37%)
----------------- Invoking toplevel() on ptolemy.moml.MoMLSimpleApplication@5b3c6dc3
----------------- Done invoking toplevel() on ptolemy.moml.MoMLSimpleApplication@5b3c6dc3
reloadAllAccessors: .RunCompositeIterateOverArray

===========================================================================================
----------------- testing Wed Sep 11 05:40:19 UTC 2019 /home/travis/build/icyphy/ptII/ptolemy/actor/lib/hoc/test/auto/ThreadedJS.xml
----------------- Instantiating /home/travis/build/icyphy/ptII/ptolemy/actor/lib/hoc/test/auto/ThreadedJS.xml
5796 ms. Memory: 218112K Free: 157314K (72%)
----------------- Invoking toplevel() on ptolemy.moml.MoMLSimpleApplication@426f4135
----------------- Done invoking toplevel() on ptolemy.moml.MoMLSimpleApplication@426f4135
reloadAllAccessors: .ThreadedJS
AutoTests.java: About to close Vertx.
AutoTests.java: Vertx closed.
]]></system-out>
  <system-err><![CDATA[java.lang.RuntimeException: Execution failed
	at ptolemy.moml.MoMLSimpleApplication$UnloadThread.run(MoMLSimpleApplication.java:402)
Caused by: ptolemy.kernel.util.IllegalActionException: initialize() was called after wrapup() was called but preinitialize() was not called after wrapup().
	at ptolemy.actor.lib.hoc.test.PreinitializeMustBeInvoked.initialize(PreinitializeMustBeInvoked.java:78)
	at ptolemy.actor.Director.initialize(Director.java:938)
	at ptolemy.actor.Director.initialize(Director.java:907)
	at ptolemy.actor.sched.StaticSchedulingDirector.initialize(StaticSchedulingDirector.java:159)
	at ptolemy.domains.sdf.kernel.SDFDirector.initialize(SDFDirector.java:544)
	at ptolemy.actor.CompositeActor.initialize(CompositeActor.java:935)
	at ptolemy.actor.lib.hoc.LifeCycleManager._executeInsideModel(LifeCycleManager.java:339)
	at ptolemy.actor.lib.hoc.RunCompositeActor.fire(RunCompositeActor.java:205)
	at ptolemy.actor.CompositeActor.iterate(CompositeActor.java:1146)
	at ptolemy.actor.sched.StaticSchedulingDirector.fire(StaticSchedulingDirector.java:216)
	at ptolemy.domains.sdf.kernel.SDFDirector.fire(SDFDirector.java:500)
	at ptolemy.actor.CompositeActor.fire(CompositeActor.java:455)
	at ptolemy.actor.Manager.iterate(Manager.java:851)
	at ptolemy.actor.Manager.execute(Manager.java:369)
	at ptolemy.actor.Manager.run(Manager.java:1263)
	at ptolemy.actor.Manager$PtolemyRunThread.run(Manager.java:1933)
java.lang.reflect.InvocationTargetException
	at java.base/jdk.internal.reflect.NativeConstructorAccessorImpl.newInstance0(Native Method)
	at java.base/jdk.internal.reflect.NativeConstructorAccessorImpl.newInstance(NativeConstructorAccessorImpl.java:62)
	at java.base/jdk.internal.reflect.DelegatingConstructorAccessorImpl.newInstance(DelegatingConstructorAccessorImpl.java:45)
	at java.base/java.lang.reflect.Constructor.newInstance(Constructor.java:490)
	at ptolemy.util.test.junit.AutoKnownFailedTests.RunModel(AutoKnownFailedTests.java:105)
	at java.base/jdk.internal.reflect.NativeMethodAccessorImpl.invoke0(Native Method)
	at java.base/jdk.internal.reflect.NativeMethodAccessorImpl.invoke(NativeMethodAccessorImpl.java:62)
	at java.base/jdk.internal.reflect.DelegatingMethodAccessorImpl.invoke(DelegatingMethodAccessorImpl.java:43)
	at java.base/java.lang.reflect.Method.invoke(Method.java:566)
	at org.junit.runners.model.FrameworkMethod$1.runReflectiveCall(FrameworkMethod.java:44)
	at org.junit.internal.runners.model.ReflectiveCallable.run(ReflectiveCallable.java:15)
	at org.junit.runners.model.FrameworkMethod.invokeExplosively(FrameworkMethod.java:41)
	at junitparams.internal.InvokeParameterisedMethod.evaluate(InvokeParameterisedMethod.java:102)
	at org.junit.internal.runners.statements.FailOnTimeout$1.run(FailOnTimeout.java:28)
Caused by: ptolemy.kernel.util.IllegalActionException: initialize() was called after wrapup() was called but preinitialize() was not called after wrapup().
	at ptolemy.actor.lib.hoc.test.PreinitializeMustBeInvoked.initialize(PreinitializeMustBeInvoked.java:78)
	at ptolemy.actor.Director.initialize(Director.java:938)
	at ptolemy.actor.Director.initialize(Director.java:907)
	at ptolemy.actor.sched.StaticSchedulingDirector.initialize(StaticSchedulingDirector.java:159)
	at ptolemy.domains.sdf.kernel.SDFDirector.initialize(SDFDirector.java:544)
	at ptolemy.actor.CompositeActor.initialize(CompositeActor.java:935)
	at ptolemy.actor.lib.hoc.LifeCycleManager._executeInsideModel(LifeCycleManager.java:339)
	at ptolemy.actor.lib.hoc.RunCompositeActor.fire(RunCompositeActor.java:205)
	at ptolemy.actor.CompositeActor.iterate(CompositeActor.java:1146)
	at ptolemy.actor.sched.StaticSchedulingDirector.fire(StaticSchedulingDirector.java:216)
	at ptolemy.domains.sdf.kernel.SDFDirector.fire(SDFDirector.java:500)
	at ptolemy.actor.CompositeActor.fire(CompositeActor.java:455)
	at ptolemy.actor.Manager.iterate(Manager.java:851)
	at ptolemy.actor.Manager.execute(Manager.java:369)
	at ptolemy.actor.Manager.run(Manager.java:1263)
	at ptolemy.actor.Manager$PtolemyRunThread.run(Manager.java:1933)
Warning: Nashorn engine is planned to be removed from a future JDK release
Warning: Nashorn engine is planned to be removed from a future JDK release
Warning: Nashorn engine is planned to be removed from a future JDK release
Warning: Nashorn engine is planned to be removed from a future JDK release
Warning: Nashorn engine is planned to be removed from a future JDK release
Warning: Nashorn engine is planned to be removed from a future JDK release
Warning: Nashorn engine is planned to be removed from a future JDK release
Warning: Nashorn engine is planned to be removed from a future JDK release
]]></system-err>
</testsuite>
