<?xml version="1.0" encoding="UTF-8" ?>
<testsuite errors="0" failures="0" hostname="travis-job-597a5695-f198-4a20-9d88-bf24beef18d6" name="ptolemy.domains.de.test.junit.JUnitTclTest" skipped="0" tests="101" time="133.415" timestamp="2019-09-03T18:02:59">
  <properties>
[...]
</properties>
  <testcase classname="ptolemy.util.test.junit.TclTests" name="[0] /home/travis/build/icyphy/ptII/ptolemy/domains/de/test/DependencyLoop.tcl (RunTclFile)" time="0.987" />
  <testcase classname="ptolemy.util.test.junit.TclTests" name="[1] /home/travis/build/icyphy/ptII/ptolemy/domains/de/test/RunDETestsAsQSS.tcl (RunTclFile)" time="90.596" />
  <testcase classname="ptolemy.util.test.junit.AutoKnownFailedTests" name="[0] /home/travis/build/icyphy/ptII/ptolemy/domains/de/test/auto/knownFailedTests/DESDFClockTest.xml (RunModel)" time="2.049" />
  <testcase classname="ptolemy.util.test.junit.AutoKnownFailedTests" name="[1] /home/travis/build/icyphy/ptII/ptolemy/domains/de/test/auto/knownFailedTests/DirectFeedback.xml (RunModel)" time="0.018" />
  <testcase classname="ptolemy.util.test.junit.AutoKnownFailedTests" name="[2] /home/travis/build/icyphy/ptII/ptolemy/domains/de/test/auto/knownFailedTests/FSMSource.xml (RunModel)" time="0.026" />
  <testcase classname="ptolemy.util.test.junit.AutoKnownFailedTests" name="[3] /home/travis/build/icyphy/ptII/ptolemy/domains/de/test/auto/knownFailedTests/HierarchicalModel.xml (RunModel)" time="0.064" />
  <testcase classname="ptolemy.util.test.junit.AutoKnownFailedTests" name="[4] /home/travis/build/icyphy/ptII/ptolemy/domains/de/test/auto/knownFailedTests/dependencyLoop.xml (RunModel)" time="0.051" />
  <testcase classname="ptolemy.util.test.junit.AutoKnownFailedTests" name="[5] /home/travis/build/icyphy/ptII/ptolemy/domains/de/test/auto/knownFailedTests/dependencyLoop2.xml (RunModel)" time="0.043" />
  <testcase classname="ptolemy.util.test.junit.AutoNameArchTests" name="[0] ThereAreNoAutoArchTests (RunModel)" time="0.001" />
  <testcase classname="ptolemy.util.test.junit.AutoTests" name="[0] /home/travis/build/icyphy/ptII/ptolemy/domains/de/test/auto/ActorDepthCalculation_actorWithoutPorts.xml (RunModel)" time="0.023" />
  <testcase classname="ptolemy.util.test.junit.AutoTests" name="[1] /home/travis/build/icyphy/ptII/ptolemy/domains/de/test/auto/AssemblyLine.xml (RunModel)" time="0.022" />
  <testcase classname="ptolemy.util.test.junit.AutoTests" name="[2] /home/travis/build/icyphy/ptII/ptolemy/domains/de/test/auto/CQBug1.xml (RunModel)" time="0.011" />
  <testcase classname="ptolemy.util.test.junit.AutoTests" name="[3] /home/travis/build/icyphy/ptII/ptolemy/domains/de/test/auto/CancelFireAt.xml (RunModel)" time="0.02" />
  <testcase classname="ptolemy.util.test.junit.AutoTests" name="[4] /home/travis/build/icyphy/ptII/ptolemy/domains/de/test/auto/CausalityAndComposabilityAnalysis.xml (RunModel)" time="0.02" />
  <testcase classname="ptolemy.util.test.junit.AutoTests" name="[5] /home/travis/build/icyphy/ptII/ptolemy/domains/de/test/auto/CausalityInterface1.xml (RunModel)" time="0.017" />
  <testcase classname="ptolemy.util.test.junit.AutoTests" name="[6] /home/travis/build/icyphy/ptII/ptolemy/domains/de/test/auto/CausalityInterface15.xml (RunModel)" time="0.015" />
  <testcase classname="ptolemy.util.test.junit.AutoTests" name="[7] /home/travis/build/icyphy/ptII/ptolemy/domains/de/test/auto/CausalityInterface2.xml (RunModel)" time="0.014" />
  <testcase classname="ptolemy.util.test.junit.AutoTests" name="[8] /home/travis/build/icyphy/ptII/ptolemy/domains/de/test/auto/CausalityInterface3.xml (RunModel)" time="0.017" />
  <testcase classname="ptolemy.util.test.junit.AutoTests" name="[9] /home/travis/build/icyphy/ptII/ptolemy/domains/de/test/auto/ClockDrift.xml (RunModel)" time="0.04" />
  <testcase classname="ptolemy.util.test.junit.AutoTests" name="[10] /home/travis/build/icyphy/ptII/ptolemy/domains/de/test/auto/ClockDriftAndValueChange.xml (RunModel)" time="0.033" />
  <testcase classname="ptolemy.util.test.junit.AutoTests" name="[11] /home/travis/build/icyphy/ptII/ptolemy/domains/de/test/auto/ClockDriftChange.xml (RunModel)" time="0.031" />
  <testcase classname="ptolemy.util.test.junit.AutoTests" name="[12] /home/travis/build/icyphy/ptII/ptolemy/domains/de/test/auto/ComposableCausalityAnalysis.xml (RunModel)" time="0.014" />
  <testcase classname="ptolemy.util.test.junit.AutoTests" name="[13] /home/travis/build/icyphy/ptII/ptolemy/domains/de/test/auto/DEFixedPointLimitation.xml (RunModel)" time="0.012" />
  <testcase classname="ptolemy.util.test.junit.AutoTests" name="[14] /home/travis/build/icyphy/ptII/ptolemy/domains/de/test/auto/DEScheduleTest.xml (RunModel)" time="0.017" />
  <testcase classname="ptolemy.util.test.junit.AutoTests" name="[15] /home/travis/build/icyphy/ptII/ptolemy/domains/de/test/auto/DEinDEwithStartTimes.xml (RunModel)" time="0.016" />
  <testcase classname="ptolemy.util.test.junit.AutoTests" name="[16] /home/travis/build/icyphy/ptII/ptolemy/domains/de/test/auto/DEinDEwithStartTimes2.xml (RunModel)" time="0.016" />
  <testcase classname="ptolemy.util.test.junit.AutoTests" name="[17] /home/travis/build/icyphy/ptII/ptolemy/domains/de/test/auto/DateDemo.xml (RunModel)" time="0.039" />
  <testcase classname="ptolemy.util.test.junit.AutoTests" name="[18] /home/travis/build/icyphy/ptII/ptolemy/domains/de/test/auto/DateToEvent.xml (RunModel)" time="2.04" />
  <testcase classname="ptolemy.util.test.junit.AutoTests" name="[19] /home/travis/build/icyphy/ptII/ptolemy/domains/de/test/auto/DepthTest1.xml (RunModel)" time="0.008" />
  <testcase classname="ptolemy.util.test.junit.AutoTests" name="[20] /home/travis/build/icyphy/ptII/ptolemy/domains/de/test/auto/DepthTest2.xml (RunModel)" time="0.023" />
  <testcase classname="ptolemy.util.test.junit.AutoTests" name="[21] /home/travis/build/icyphy/ptII/ptolemy/domains/de/test/auto/DepthTest3.xml (RunModel)" time="0.01" />
  <testcase classname="ptolemy.util.test.junit.AutoTests" name="[22] /home/travis/build/icyphy/ptII/ptolemy/domains/de/test/auto/DepthTest4.xml (RunModel)" time="0.02" />
  <testcase classname="ptolemy.util.test.junit.AutoTests" name="[23] /home/travis/build/icyphy/ptII/ptolemy/domains/de/test/auto/DepthTest5.xml (RunModel)" time="0.012" />
  <testcase classname="ptolemy.util.test.junit.AutoTests" name="[24] /home/travis/build/icyphy/ptII/ptolemy/domains/de/test/auto/DepthTest6.xml (RunModel)" time="0.012" />
  <testcase classname="ptolemy.util.test.junit.AutoTests" name="[25] /home/travis/build/icyphy/ptII/ptolemy/domains/de/test/auto/DepthTest7.xml (RunModel)" time="0.017" />
  <testcase classname="ptolemy.util.test.junit.AutoTests" name="[26] /home/travis/build/icyphy/ptII/ptolemy/domains/de/test/auto/EventToDate.xml (RunModel)" time="3.04" />
  <testcase classname="ptolemy.util.test.junit.AutoTests" name="[27] /home/travis/build/icyphy/ptII/ptolemy/domains/de/test/auto/FSM1.xml (RunModel)" time="0.052" />
  <testcase classname="ptolemy.util.test.junit.AutoTests" name="[28] /home/travis/build/icyphy/ptII/ptolemy/domains/de/test/auto/FSM7.xml (RunModel)" time="0.043" />
  <testcase classname="ptolemy.util.test.junit.AutoTests" name="[29] /home/travis/build/icyphy/ptII/ptolemy/domains/de/test/auto/Inspection.xml (RunModel)" time="0.039" />
  <testcase classname="ptolemy.util.test.junit.AutoTests" name="[30] /home/travis/build/icyphy/ptII/ptolemy/domains/de/test/auto/Iteration.xml (RunModel)" time="0.026" />
  <testcase classname="ptolemy.util.test.junit.AutoTests" name="[31] /home/travis/build/icyphy/ptII/ptolemy/domains/de/test/auto/LineFault.xml (RunModel)" time="0.642" />
  <testcase classname="ptolemy.util.test.junit.AutoTests" name="[32] /home/travis/build/icyphy/ptII/ptolemy/domains/de/test/auto/MergeModel1Add.xml (RunModel)" time="0.06" />
  <testcase classname="ptolemy.util.test.junit.AutoTests" name="[33] /home/travis/build/icyphy/ptII/ptolemy/domains/de/test/auto/MergeModel2Add.xml (RunModel)" time="0.041" />
  <testcase classname="ptolemy.util.test.junit.AutoTests" name="[34] /home/travis/build/icyphy/ptII/ptolemy/domains/de/test/auto/MergeModel3Add.xml (RunModel)" time="0.046" />
  <testcase classname="ptolemy.util.test.junit.AutoTests" name="[35] /home/travis/build/icyphy/ptII/ptolemy/domains/de/test/auto/MergeWithoutDiscard.xml (RunModel)" time="0.017" />
  <testcase classname="ptolemy.util.test.junit.AutoTests" name="[36] /home/travis/build/icyphy/ptII/ptolemy/domains/de/test/auto/Modal1.xml (RunModel)" time="0.026" />
  <testcase classname="ptolemy.util.test.junit.AutoTests" name="[37] /home/travis/build/icyphy/ptII/ptolemy/domains/de/test/auto/Modal2.xml (RunModel)" time="0.031" />
  <testcase classname="ptolemy.util.test.junit.AutoTests" name="[38] /home/travis/build/icyphy/ptII/ptolemy/domains/de/test/auto/Modal3.xml (RunModel)" time="0.028" />
  <testcase classname="ptolemy.util.test.junit.AutoTests" name="[39] /home/travis/build/icyphy/ptII/ptolemy/domains/de/test/auto/Modal4.xml (RunModel)" time="0.032" />
  <testcase classname="ptolemy.util.test.junit.AutoTests" name="[40] /home/travis/build/icyphy/ptII/ptolemy/domains/de/test/auto/Modal5.xml (RunModel)" time="0.041" />
  <testcase classname="ptolemy.util.test.junit.AutoTests" name="[41] /home/travis/build/icyphy/ptII/ptolemy/domains/de/test/auto/Modal6.xml (RunModel)" time="0.025" />
  <testcase classname="ptolemy.util.test.junit.AutoTests" name="[42] /home/travis/build/icyphy/ptII/ptolemy/domains/de/test/auto/Modal7.xml (RunModel)" time="0.033" />
  <testcase classname="ptolemy.util.test.junit.AutoTests" name="[43] /home/travis/build/icyphy/ptII/ptolemy/domains/de/test/auto/ModalModel.xml (RunModel)" time="0.203" />
  <testcase classname="ptolemy.util.test.junit.AutoTests" name="[44] /home/travis/build/icyphy/ptII/ptolemy/domains/de/test/auto/ModalSource.xml (RunModel)" time="0.019" />
  <testcase classname="ptolemy.util.test.junit.AutoTests" name="[45] /home/travis/build/icyphy/ptII/ptolemy/domains/de/test/auto/NonInterruptibleTimerZeroDelay.xml (RunModel)" time="0.014" />
  <testcase classname="ptolemy.util.test.junit.AutoTests" name="[46] /home/travis/build/icyphy/ptII/ptolemy/domains/de/test/auto/OpenQueueingNetwork.xml (RunModel)" time="2.461" />
  <testcase classname="ptolemy.util.test.junit.AutoTests" name="[47] /home/travis/build/icyphy/ptII/ptolemy/domains/de/test/auto/OpenQueuingNetwork.xml (RunModel)" time="0.262" />
  <testcase classname="ptolemy.util.test.junit.AutoTests" name="[48] /home/travis/build/icyphy/ptII/ptolemy/domains/de/test/auto/PeriodicSampler.xml (RunModel)" time="0.012" />
  <testcase classname="ptolemy.util.test.junit.AutoTests" name="[49] /home/travis/build/icyphy/ptII/ptolemy/domains/de/test/auto/PersistentIO.xml (RunModel)" time="0.024" />
  <testcase classname="ptolemy.util.test.junit.AutoTests" name="[50] /home/travis/build/icyphy/ptII/ptolemy/domains/de/test/auto/PortParameterResetOnInitialize.xml (RunModel)" time="0.011" />
  <testcase classname="ptolemy.util.test.junit.AutoTests" name="[51] /home/travis/build/icyphy/ptII/ptolemy/domains/de/test/auto/PortParameterUpdates.xml (RunModel)" time="0.015" />
  <testcase classname="ptolemy.util.test.junit.AutoTests" name="[52] /home/travis/build/icyphy/ptII/ptolemy/domains/de/test/auto/QueueAndServer.xml (RunModel)" time="0.022" />
  <testcase classname="ptolemy.util.test.junit.AutoTests" name="[53] /home/travis/build/icyphy/ptII/ptolemy/domains/de/test/auto/Records.xml (RunModel)" time="0.013" />
  <testcase classname="ptolemy.util.test.junit.AutoTests" name="[54] /home/travis/build/icyphy/ptII/ptolemy/domains/de/test/auto/ResetTransitionWithStartTime1.xml (RunModel)" time="0.015" />
  <testcase classname="ptolemy.util.test.junit.AutoTests" name="[55] /home/travis/build/icyphy/ptII/ptolemy/domains/de/test/auto/ResetTransitionWithStartTime2.xml (RunModel)" time="0.017" />
  <testcase classname="ptolemy.util.test.junit.AutoTests" name="[56] /home/travis/build/icyphy/ptII/ptolemy/domains/de/test/auto/ResetTransitionWithStartTime3.xml (RunModel)" time="0.018" />
  <testcase classname="ptolemy.util.test.junit.AutoTests" name="[57] /home/travis/build/icyphy/ptII/ptolemy/domains/de/test/auto/ResetTransitionWithStartTime4.xml (RunModel)" time="0.017" />
  <testcase classname="ptolemy.util.test.junit.AutoTests" name="[58] /home/travis/build/icyphy/ptII/ptolemy/domains/de/test/auto/ResettableTimer1.xml (RunModel)" time="0.013" />
  <testcase classname="ptolemy.util.test.junit.AutoTests" name="[59] /home/travis/build/icyphy/ptII/ptolemy/domains/de/test/auto/ResettableTimer2.xml (RunModel)" time="0.008" />
  <testcase classname="ptolemy.util.test.junit.AutoTests" name="[60] /home/travis/build/icyphy/ptII/ptolemy/domains/de/test/auto/ResettableTimer3.xml (RunModel)" time="0.008" />
  <testcase classname="ptolemy.util.test.junit.AutoTests" name="[61] /home/travis/build/icyphy/ptII/ptolemy/domains/de/test/auto/ResettableTimer4.xml (RunModel)" time="0.01" />
  <testcase classname="ptolemy.util.test.junit.AutoTests" name="[62] /home/travis/build/icyphy/ptII/ptolemy/domains/de/test/auto/ResettableTimer5.xml (RunModel)" time="0.01" />
  <testcase classname="ptolemy.util.test.junit.AutoTests" name="[63] /home/travis/build/icyphy/ptII/ptolemy/domains/de/test/auto/ResettableTimer6.xml (RunModel)" time="0.017" />
  <testcase classname="ptolemy.util.test.junit.AutoTests" name="[64] /home/travis/build/icyphy/ptII/ptolemy/domains/de/test/auto/ServerZeroDelay.xml (RunModel)" time="0.009" />
  <testcase classname="ptolemy.util.test.junit.AutoTests" name="[65] /home/travis/build/icyphy/ptII/ptolemy/domains/de/test/auto/SmartSender.xml (RunModel)" time="3.009" />
  <testcase classname="ptolemy.util.test.junit.AutoTests" name="[66] /home/travis/build/icyphy/ptII/ptolemy/domains/de/test/auto/ThreadedComposite.xml (RunModel)" time="0.154" />
  <testcase classname="ptolemy.util.test.junit.AutoTests" name="[67] /home/travis/build/icyphy/ptII/ptolemy/domains/de/test/auto/Time.xml (RunModel)" time="0.442" />
  <testcase classname="ptolemy.util.test.junit.AutoTests" name="[68] /home/travis/build/icyphy/ptII/ptolemy/domains/de/test/auto/TimeDelayZeroDelay.xml (RunModel)" time="0.016" />
  <testcase classname="ptolemy.util.test.junit.AutoTests" name="[69] /home/travis/build/icyphy/ptII/ptolemy/domains/de/test/auto/TimerZeroDelay.xml (RunModel)" time="0.012" />
  <testcase classname="ptolemy.util.test.junit.AutoTests" name="[70] /home/travis/build/icyphy/ptII/ptolemy/domains/de/test/auto/TimingParadox.xml (RunModel)" time="0.389" />
  <testcase classname="ptolemy.util.test.junit.AutoTests" name="[71] /home/travis/build/icyphy/ptII/ptolemy/domains/de/test/auto/TransferInputs.xml (RunModel)" time="0.014" />
  <testcase classname="ptolemy.util.test.junit.AutoTests" name="[72] /home/travis/build/icyphy/ptII/ptolemy/domains/de/test/auto/TransferOutputs2.xml (RunModel)" time="0.015" />
  <testcase classname="ptolemy.util.test.junit.AutoTests" name="[73] /home/travis/build/icyphy/ptII/ptolemy/domains/de/test/auto/Trilateration.xml (RunModel)" time="12.731" />
  <testcase classname="ptolemy.util.test.junit.AutoTests" name="[74] /home/travis/build/icyphy/ptII/ptolemy/domains/de/test/auto/TwoSigmaDelta.xml (RunModel)" time="2.248" />
  <testcase classname="ptolemy.util.test.junit.AutoTests" name="[75] /home/travis/build/icyphy/ptII/ptolemy/domains/de/test/auto/VariableDelay.xml (RunModel)" time="0.014" />
  <testcase classname="ptolemy.util.test.junit.AutoTests" name="[76] /home/travis/build/icyphy/ptII/ptolemy/domains/de/test/auto/VariableDelay2.xml (RunModel)" time="0.007" />
  <testcase classname="ptolemy.util.test.junit.AutoTests" name="[77] /home/travis/build/icyphy/ptII/ptolemy/domains/de/test/auto/VariableDelayZeroDelay.xml (RunModel)" time="0.014" />
  <testcase classname="ptolemy.util.test.junit.AutoTests" name="[78] /home/travis/build/icyphy/ptII/ptolemy/domains/de/test/auto/VariableDelayZeroDelay2.xml (RunModel)" time="0.008" />
  <testcase classname="ptolemy.util.test.junit.AutoTests" name="[79] /home/travis/build/icyphy/ptII/ptolemy/domains/de/test/auto/deInCt.xml (RunModel)" time="0.016" />
  <testcase classname="ptolemy.util.test.junit.AutoTests" name="[80] /home/travis/build/icyphy/ptII/ptolemy/domains/de/test/auto/deInCt2.xml (RunModel)" time="0.011" />
  <testcase classname="ptolemy.util.test.junit.AutoTests" name="[81] /home/travis/build/icyphy/ptII/ptolemy/domains/de/test/auto/dynamicCausalityInterface1.xml (RunModel)" time="0.013" />
  <testcase classname="ptolemy.util.test.junit.AutoTests" name="[82] /home/travis/build/icyphy/ptII/ptolemy/domains/de/test/auto/fsm_de_test.xml (RunModel)" time="0.036" />
  <testcase classname="ptolemy.util.test.junit.AutoTests" name="[83] /home/travis/build/icyphy/ptII/ptolemy/domains/de/test/auto/functionDependencyReconstruction.xml (RunModel)" time="0.038" />
  <testcase classname="ptolemy.util.test.junit.AutoTests" name="[84] /home/travis/build/icyphy/ptII/ptolemy/domains/de/test/auto/multirate.xml (RunModel)" time="0.014" />
  <testcase classname="ptolemy.util.test.junit.AutoTests" name="[85] /home/travis/build/icyphy/ptII/ptolemy/domains/de/test/auto/multirate2.xml (RunModel)" time="0.013" />
  <testcase classname="ptolemy.util.test.junit.AutoTests" name="[86] /home/travis/build/icyphy/ptII/ptolemy/domains/de/test/auto/realtime.xml (RunModel)" time="10.01" />
  <testcase classname="ptolemy.util.test.junit.AutoTests" name="[87] /home/travis/build/icyphy/ptII/ptolemy/domains/de/test/auto/relationGroup.xml (RunModel)" time="0.011" />
  <testcase classname="ptolemy.util.test.junit.AutoTests" name="[88] /home/travis/build/icyphy/ptII/ptolemy/domains/de/test/auto/relationGroup2.xml (RunModel)" time="0.014" />
  <testcase classname="ptolemy.util.test.junit.AutoTests" name="[89] /home/travis/build/icyphy/ptII/ptolemy/domains/de/test/auto/sortWithOpaquePorts.xml (RunModel)" time="0.008" />
  <testcase classname="ptolemy.util.test.junit.AutoTests" name="[90] /home/travis/build/icyphy/ptII/ptolemy/domains/de/test/auto/transferInputsandOutputs.xml (RunModel)" time="0.014" />
  <testcase classname="ptolemy.util.test.junit.AutoTests" name="[91] /home/travis/build/icyphy/ptII/ptolemy/domains/de/test/auto/triggerType.xml (RunModel)" time="0.008" />
  <system-out><![CDATA[/home/travis/build/icyphy/ptII/ptolemy/domains/de/test/DependencyLoop.tcl
testDefs.tcl: setting time out to 9000 seconds at Tue Sep 03 18:02:59 UTC 2019
107 ms. Memory: 120832K Free: 72129K (60%)
22 ms. Memory: 120832K Free: 54715K (45%)
/home/travis/build/icyphy/ptII/ptolemy/domains/de/test/RunDETestsAsQSS.tcl
Run the DE tests using ptolemy.domains.qss.test.QSSDirectorTest, which extends QSSDirector and prints a message in the constructors.
------------------ testing $PTII/ptolemy/domains/de/test/auto/knownFailedTests/DirectFeedback.xml (Known Failure) 
61 ms. Memory: 120832K Free: 48577K (40%)


==== $PTIIhome/travis/build/icyphy/ptII/ptolemy/domains/de/test/../../../../: Auto Automatic test in file $PTII/ptolemy/domains/de/test/auto/knownFailedTests/DirectFeedback.xml
==== Contents of test case:

	    # FIXME: we should use $relativeFilename here, but it
	    # might have backslashes under Windows, which causes no end
	    # of trouble.
	    createAndExecute $file
	    list {}
	
.... Test generated KNOWN error:
    while executing
ptolemy.kernel.util.IllegalActionException: Test fails in iteration 1.
Value was: 1.0. Should have been: 2.0
  in .DirectFeedback.Test
	at ptolemy.actor.lib.Test.fire(Test.java:268)
	at ptolemy.domains.de.kernel.DEDirector._fire(DEDirector.java:1949)
	at ptolemy.domains.de.kernel.DEDirector.fire(DEDirector.java:502)
	at ptolemy.actor.CompositeActor.fire(CompositeActor.java:455)
	at ptolemy.actor.Manager.iterate(Manager.java:851)
	at ptolemy.actor.Manager.execute(Manager.java:369)
	at ptolemy.actor.Manager.run(Manager.java:1263)
	at ptolemy.actor.Manager$PtolemyRunThread.run(Manager.java:1933)

    while executing
ptolemy.kernel.util.IllegalActionException: Test fails in iteration 1.
Value was: 1.0. Should have been: 2.0
  in .DirectFeedback.Test
    while executing
"java::new ptolemy.moml.MoMLSimpleApplication $file
"
    (procedure "createAndExecute" line 2)
    invoked from within
"createAndExecute $file"
    ("uplevel" body line 5)
    invoked from within
"uplevel $contents_of_test"
------------------ testing $PTII/ptolemy/domains/de/test/auto/knownFailedTests/dependencyLoop.xml (Known Failure) 
36 ms. Memory: 120832K Free: 108119K (89%)


==== $PTIIhome/travis/build/icyphy/ptII/ptolemy/domains/de/test/../../../../: Auto Automatic test in file $PTII/ptolemy/domains/de/test/auto/knownFailedTests/dependencyLoop.xml
==== Contents of test case:

	    # FIXME: we should use $relativeFilename here, but it
	    # might have backslashes under Windows, which causes no end
	    # of trouble.
	    createAndExecute $file
	    list {}
	
.... Test generated KNOWN error:
    while executing
ptolemy.kernel.util.IllegalActionException: Found a zero delay loop containing .dependencyLoop.original
  in .dependencyLoop and .dependencyLoop.original
	at ptolemy.actor.util.CausalityInterfaceForComposites._computeOutputPortDepth(CausalityInterfaceForComposites.java:759)
	at ptolemy.actor.util.CausalityInterfaceForComposites._computeInputDepth(CausalityInterfaceForComposites.java:696)
	at ptolemy.actor.util.CausalityInterfaceForComposites._computeOutputPortDepth(CausalityInterfaceForComposites.java:765)
	at ptolemy.actor.util.CausalityInterfaceForComposites._computeInputDepth(CausalityInterfaceForComposites.java:696)
	at ptolemy.actor.util.CausalityInterfaceForComposites._computeOutputPortDepth(CausalityInterfaceForComposites.java:765)
	at ptolemy.actor.util.CausalityInterfaceForComposites._computeInputDepth(CausalityInterfaceForComposites.java:696)
	at ptolemy.actor.util.CausalityInterfaceForComposites._computeActorDepth(CausalityInterfaceForComposites.java:532)
	at ptolemy.actor.util.CausalityInterfaceForComposites.checkForCycles(CausalityInterfaceForComposites.java:96)
	at ptolemy.domains.de.kernel.DEDirector.preinitialize(DEDirector.java:1338)
	at ptolemy.actor.CompositeActor.preinitialize(CompositeActor.java:1828)
	at ptolemy.actor.Manager.preinitializeAndResolveTypes(Manager.java:1040)
	at ptolemy.actor.Manager.initialize(Manager.java:710)
	at ptolemy.actor.Manager.execute(Manager.java:356)
	at ptolemy.actor.Manager.run(Manager.java:1263)
	at ptolemy.actor.Manager$PtolemyRunThread.run(Manager.java:1933)

    while executing
ptolemy.kernel.util.IllegalActionException: Found a zero delay loop containing .dependencyLoop.original
  in .dependencyLoop and .dependencyLoop.original
    while executing
"java::new ptolemy.moml.MoMLSimpleApplication $file
"
    (procedure "createAndExecute" line 2)
    invoked from within
"createAndExecute $file"
    ("uplevel" body line 5)
    invoked from within
"uplevel $contents_of_test"
------------------ testing $PTII/ptolemy/domains/de/test/auto/knownFailedTests/FSMSource.xml (Known Failure) 
45 ms. Memory: 120832K Free: 98978K (82%)
!!!! Auto was marked as failing, but now passes
------------------ testing $PTII/ptolemy/domains/de/test/auto/knownFailedTests/HierarchicalModel.xml (Known Failure) 
12 ms. Memory: 120832K Free: 81540K (67%)


==== $PTIIhome/travis/build/icyphy/ptII/ptolemy/domains/de/test/../../../../: Auto Automatic test in file $PTII/ptolemy/domains/de/test/auto/knownFailedTests/HierarchicalModel.xml
==== Contents of test case:

	    # FIXME: we should use $relativeFilename here, but it
	    # might have backslashes under Windows, which causes no end
	    # of trouble.
	    createAndExecute $file
	    list {}
	
.... Test generated KNOWN error:
    while executing
ptolemy.kernel.util.IllegalActionException: Found a zero delay loop containing .HierarchicalModel.A
  in .HierarchicalModel and .HierarchicalModel.A
	at ptolemy.actor.util.CausalityInterfaceForComposites._computeOutputPortDepth(CausalityInterfaceForComposites.java:759)
	at ptolemy.actor.util.CausalityInterfaceForComposites._computeInputDepth(CausalityInterfaceForComposites.java:696)
	at ptolemy.actor.util.CausalityInterfaceForComposites._computeOutputPortDepth(CausalityInterfaceForComposites.java:765)
	at ptolemy.actor.util.CausalityInterfaceForComposites._computeInputDepth(CausalityInterfaceForComposites.java:696)
	at ptolemy.actor.util.CausalityInterfaceForComposites._computeOutputPortDepth(CausalityInterfaceForComposites.java:765)
	at ptolemy.actor.util.CausalityInterfaceForComposites._computeInputDepth(CausalityInterfaceForComposites.java:696)
	at ptolemy.actor.util.CausalityInterfaceForComposites._computeActorDepth(CausalityInterfaceForComposites.java:532)
	at ptolemy.actor.util.CausalityInterfaceForComposites.checkForCycles(CausalityInterfaceForComposites.java:96)
	at ptolemy.domains.de.kernel.DEDirector.preinitialize(DEDirector.java:1338)
	at ptolemy.actor.CompositeActor.preinitialize(CompositeActor.java:1828)
	at ptolemy.actor.Manager.preinitializeAndResolveTypes(Manager.java:1040)
	at ptolemy.actor.Manager.initialize(Manager.java:710)
	at ptolemy.actor.Manager.execute(Manager.java:356)
	at ptolemy.actor.Manager.run(Manager.java:1263)
	at ptolemy.actor.Manager$PtolemyRunThread.run(Manager.java:1933)

    while executing
ptolemy.kernel.util.IllegalActionException: Found a zero delay loop containing .HierarchicalModel.A
  in .HierarchicalModel and .HierarchicalModel.A
    while executing
"java::new ptolemy.moml.MoMLSimpleApplication $file
"
    (procedure "createAndExecute" line 2)
    invoked from within
"createAndExecute $file"
    ("uplevel" body line 5)
    invoked from within
"uplevel $contents_of_test"
------------------ testing $PTII/ptolemy/domains/de/test/auto/knownFailedTests/dependencyLoop2.xml (Known Failure) 
9 ms. Memory: 120832K Free: 65613K (54%)


==== $PTIIhome/travis/build/icyphy/ptII/ptolemy/domains/de/test/../../../../: Auto Automatic test in file $PTII/ptolemy/domains/de/test/auto/knownFailedTests/dependencyLoop2.xml
==== Contents of test case:

	    # FIXME: we should use $relativeFilename here, but it
	    # might have backslashes under Windows, which causes no end
	    # of trouble.
	    createAndExecute $file
	    list {}
	
.... Test generated KNOWN error:
    while executing
ptolemy.kernel.util.IllegalActionException: Found a zero delay loop containing .dependencyLoop2.original
  in .dependencyLoop2 and .dependencyLoop2.original
	at ptolemy.actor.util.CausalityInterfaceForComposites._computeOutputPortDepth(CausalityInterfaceForComposites.java:759)
	at ptolemy.actor.util.CausalityInterfaceForComposites._computeInputDepth(CausalityInterfaceForComposites.java:696)
	at ptolemy.actor.util.CausalityInterfaceForComposites._computeOutputPortDepth(CausalityInterfaceForComposites.java:765)
	at ptolemy.actor.util.CausalityInterfaceForComposites._computeInputDepth(CausalityInterfaceForComposites.java:696)
	at ptolemy.actor.util.CausalityInterfaceForComposites._computeOutputPortDepth(CausalityInterfaceForComposites.java:765)
	at ptolemy.actor.util.CausalityInterfaceForComposites._computeInputDepth(CausalityInterfaceForComposites.java:696)
	at ptolemy.actor.util.CausalityInterfaceForComposites._computeActorDepth(CausalityInterfaceForComposites.java:532)
	at ptolemy.actor.util.CausalityInterfaceForComposites.checkForCycles(CausalityInterfaceForComposites.java:96)
	at ptolemy.domains.de.kernel.DEDirector.preinitialize(DEDirector.java:1338)
	at ptolemy.actor.CompositeActor.preinitialize(CompositeActor.java:1828)
	at ptolemy.actor.Manager.preinitializeAndResolveTypes(Manager.java:1040)
	at ptolemy.actor.Manager.initialize(Manager.java:710)
	at ptolemy.actor.Manager.execute(Manager.java:356)
	at ptolemy.actor.Manager.run(Manager.java:1263)
	at ptolemy.actor.Manager$PtolemyRunThread.run(Manager.java:1933)

    while executing
ptolemy.kernel.util.IllegalActionException: Found a zero delay loop containing .dependencyLoop2.original
  in .dependencyLoop2 and .dependencyLoop2.original
    while executing
"java::new ptolemy.moml.MoMLSimpleApplication $file
"
    (procedure "createAndExecute" line 2)
    invoked from within
"createAndExecute $file"
    ("uplevel" body line 5)
    invoked from within
"uplevel $contents_of_test"
------------------ testing $PTII/ptolemy/domains/de/test/auto/knownFailedTests/DESDFClockTest.xml (Known Failure) 
2063 ms. Memory: 120832K Free: 94233K (78%)


==== $PTIIhome/travis/build/icyphy/ptII/ptolemy/domains/de/test/../../../../: Auto Automatic test in file $PTII/ptolemy/domains/de/test/auto/knownFailedTests/DESDFClockTest.xml
==== Contents of test case:

	    # FIXME: we should use $relativeFilename here, but it
	    # might have backslashes under Windows, which causes no end
	    # of trouble.
	    createAndExecute $file
	    list {}
	
.... Test generated KNOWN error:
    while executing
ptolemy.kernel.util.IllegalActionException: Actor is not ready to fire.  Perhaps UpSample.prefire() returned false? Try debugging the actor by selecting "Listen to Actor".  Also, for SDF check moml for tokenConsumptionRate on input.
  in .DESDFClockTest.Play Bell.Copy1:SDF Director and .DESDFClockTest.Play Bell.UpSample
	at ptolemy.actor.sched.StaticSchedulingDirector.fire(StaticSchedulingDirector.java:227)
	at ptolemy.domains.sdf.kernel.SDFDirector.fire(SDFDirector.java:500)
	at ptolemy.actor.CompositeActor.fire(CompositeActor.java:455)
	at ptolemy.domains.de.kernel.DEDirector._fire(DEDirector.java:1949)
	at ptolemy.domains.de.kernel.DEDirector.fire(DEDirector.java:502)
	at ptolemy.actor.CompositeActor.fire(CompositeActor.java:455)
	at ptolemy.actor.Manager.iterate(Manager.java:851)
	at ptolemy.actor.Manager.execute(Manager.java:369)
	at ptolemy.actor.Manager.run(Manager.java:1263)
	at ptolemy.actor.Manager$PtolemyRunThread.run(Manager.java:1933)

    while executing
ptolemy.kernel.util.IllegalActionException: Actor is not ready to fire.  Perhaps UpSample.prefire() returned false? Try debugging the actor by selecting "Listen to Actor".  Also, for SDF check moml for tokenConsumptionRate on input.
  in .DESDFClockTest.Play Bell.Copy1:SDF Director and .DESDFClockTest.Play Bell.UpSample
    while executing
"java::new ptolemy.moml.MoMLSimpleApplication $file
"
    (procedure "createAndExecute" line 2)
    invoked from within
"createAndExecute $file"
    ("uplevel" body line 5)
    invoked from within
"uplevel $contents_of_test"
------------------ testing $PTII/ptolemy/domains/de/test/auto/ActorDepthCalculation_actorWithoutPorts.xml
auto.tcl: Setting watchdog for 200 seconds at Tue Sep 03 18:03:03 UTC 2019
9 ms. Memory: 120832K Free: 86766K (72%)
ptolemy.util.test.WatchDog.cancel(): canceling Tue Sep 03 18:03:03 UTC 2019
auto.tcl: Setting watchdog for 200 seconds at Tue Sep 03 18:03:03 UTC 2019
15 ms. Memory: 120832K Free: 85742K (71%)
ptolemy.util.test.WatchDog.cancel(): canceling Tue Sep 03 18:03:03 UTC 2019
------------------ testing $PTII/ptolemy/domains/de/test/auto/AssemblyLine.xml
auto.tcl: Setting watchdog for 200 seconds at Tue Sep 03 18:03:04 UTC 2019
14 ms. Memory: 48128K Free: 25249K (52%)
ptolemy.util.test.WatchDog.cancel(): canceling Tue Sep 03 18:03:04 UTC 2019
auto.tcl: Setting watchdog for 200 seconds at Tue Sep 03 18:03:04 UTC 2019
18 ms. Memory: 48128K Free: 24796K (52%)
ptolemy.util.test.WatchDog.cancel(): canceling Tue Sep 03 18:03:04 UTC 2019
------------------ testing $PTII/ptolemy/domains/de/test/auto/CQBug1.xml
auto.tcl: Setting watchdog for 200 seconds at Tue Sep 03 18:03:04 UTC 2019
9 ms. Memory: 48128K Free: 31371K (65%)
ptolemy.util.test.WatchDog.cancel(): canceling Tue Sep 03 18:03:04 UTC 2019
auto.tcl: Setting watchdog for 200 seconds at Tue Sep 03 18:03:04 UTC 2019
2 ms. Memory: 48128K Free: 30942K (64%)
ptolemy.util.test.WatchDog.cancel(): canceling Tue Sep 03 18:03:04 UTC 2019
------------------ testing $PTII/ptolemy/domains/de/test/auto/CancelFireAt.xml
auto.tcl: Setting watchdog for 200 seconds at Tue Sep 03 18:03:04 UTC 2019
3 ms. Memory: 45056K Free: 29782K (66%)
ptolemy.util.test.WatchDog.cancel(): canceling Tue Sep 03 18:03:04 UTC 2019
auto.tcl: Setting watchdog for 200 seconds at Tue Sep 03 18:03:04 UTC 2019
2 ms. Memory: 45056K Free: 29370K (65%)
ptolemy.util.test.WatchDog.cancel(): canceling Tue Sep 03 18:03:04 UTC 2019
------------------ testing $PTII/ptolemy/domains/de/test/auto/CausalityAndComposabilityAnalysis.xml
auto.tcl: Setting watchdog for 200 seconds at Tue Sep 03 18:03:04 UTC 2019
15 ms. Memory: 45056K Free: 27930K (62%)
ptolemy.util.test.WatchDog.cancel(): canceling Tue Sep 03 18:03:04 UTC 2019
auto.tcl: Setting watchdog for 200 seconds at Tue Sep 03 18:03:04 UTC 2019
4 ms. Memory: 45056K Free: 27007K (60%)
ptolemy.util.test.WatchDog.cancel(): canceling Tue Sep 03 18:03:04 UTC 2019
------------------ testing $PTII/ptolemy/domains/de/test/auto/CausalityInterface1.xml
auto.tcl: Setting watchdog for 200 seconds at Tue Sep 03 18:03:04 UTC 2019
41 ms. Memory: 45056K Free: 26377K (59%)
ptolemy.util.test.WatchDog.cancel(): canceling Tue Sep 03 18:03:04 UTC 2019
auto.tcl: Setting watchdog for 200 seconds at Tue Sep 03 18:03:04 UTC 2019
6 ms. Memory: 45056K Free: 25426K (56%)
ptolemy.util.test.WatchDog.cancel(): canceling Tue Sep 03 18:03:04 UTC 2019
------------------ testing $PTII/ptolemy/domains/de/test/auto/CausalityInterface15.xml
auto.tcl: Setting watchdog for 200 seconds at Tue Sep 03 18:03:04 UTC 2019
8 ms. Memory: 45056K Free: 26537K (59%)
ptolemy.util.test.WatchDog.cancel(): canceling Tue Sep 03 18:03:04 UTC 2019
auto.tcl: Setting watchdog for 200 seconds at Tue Sep 03 18:03:04 UTC 2019
5 ms. Memory: 45056K Free: 25338K (56%)
ptolemy.util.test.WatchDog.cancel(): canceling Tue Sep 03 18:03:04 UTC 2019
------------------ testing $PTII/ptolemy/domains/de/test/auto/CausalityInterface2.xml
auto.tcl: Setting watchdog for 200 seconds at Tue Sep 03 18:03:04 UTC 2019
4 ms. Memory: 45056K Free: 27255K (60%)
ptolemy.util.test.WatchDog.cancel(): canceling Tue Sep 03 18:03:04 UTC 2019
auto.tcl: Setting watchdog for 200 seconds at Tue Sep 03 18:03:04 UTC 2019
3 ms. Memory: 45056K Free: 26339K (58%)
ptolemy.util.test.WatchDog.cancel(): canceling Tue Sep 03 18:03:04 UTC 2019
------------------ testing $PTII/ptolemy/domains/de/test/auto/CausalityInterface3.xml
auto.tcl: Setting watchdog for 200 seconds at Tue Sep 03 18:03:04 UTC 2019
3 ms. Memory: 45056K Free: 26525K (59%)
ptolemy.util.test.WatchDog.cancel(): canceling Tue Sep 03 18:03:04 UTC 2019
auto.tcl: Setting watchdog for 200 seconds at Tue Sep 03 18:03:04 UTC 2019
3 ms. Memory: 45056K Free: 26099K (58%)
ptolemy.util.test.WatchDog.cancel(): canceling Tue Sep 03 18:03:04 UTC 2019
------------------ testing $PTII/ptolemy/domains/de/test/auto/ClockDrift.xml
auto.tcl: Setting watchdog for 200 seconds at Tue Sep 03 18:03:05 UTC 2019
55 ms. Memory: 45056K Free: 18701K (42%)
ptolemy.util.test.WatchDog.cancel(): canceling Tue Sep 03 18:03:05 UTC 2019
auto.tcl: Setting watchdog for 200 seconds at Tue Sep 03 18:03:05 UTC 2019
49 ms. Memory: 45056K Free: 15745K (35%)
ptolemy.util.test.WatchDog.cancel(): canceling Tue Sep 03 18:03:05 UTC 2019
------------------ testing $PTII/ptolemy/domains/de/test/auto/ClockDriftAndValueChange.xml
auto.tcl: Setting watchdog for 200 seconds at Tue Sep 03 18:03:05 UTC 2019
46 ms. Memory: 45056K Free: 19217K (43%)
ptolemy.util.test.WatchDog.cancel(): canceling Tue Sep 03 18:03:05 UTC 2019
auto.tcl: Setting watchdog for 200 seconds at Tue Sep 03 18:03:05 UTC 2019
28 ms. Memory: 45056K Free: 16373K (36%)
ptolemy.util.test.WatchDog.cancel(): canceling Tue Sep 03 18:03:05 UTC 2019
------------------ testing $PTII/ptolemy/domains/de/test/auto/ClockDriftChange.xml
auto.tcl: Setting watchdog for 200 seconds at Tue Sep 03 18:03:05 UTC 2019
23 ms. Memory: 45056K Free: 21266K (47%)
ptolemy.util.test.WatchDog.cancel(): canceling Tue Sep 03 18:03:05 UTC 2019
auto.tcl: Setting watchdog for 200 seconds at Tue Sep 03 18:03:05 UTC 2019
24 ms. Memory: 45056K Free: 18714K (42%)
ptolemy.util.test.WatchDog.cancel(): canceling Tue Sep 03 18:03:05 UTC 2019
------------------ testing $PTII/ptolemy/domains/de/test/auto/ComposableCausalityAnalysis.xml
auto.tcl: Setting watchdog for 200 seconds at Tue Sep 03 18:03:05 UTC 2019
3 ms. Memory: 45056K Free: 25608K (57%)
ptolemy.util.test.WatchDog.cancel(): canceling Tue Sep 03 18:03:05 UTC 2019
auto.tcl: Setting watchdog for 200 seconds at Tue Sep 03 18:03:05 UTC 2019
5 ms. Memory: 45056K Free: 24366K (54%)
ptolemy.util.test.WatchDog.cancel(): canceling Tue Sep 03 18:03:05 UTC 2019
------------------ testing $PTII/ptolemy/domains/de/test/auto/DEFixedPointLimitation.xml
auto.tcl: Setting watchdog for 200 seconds at Tue Sep 03 18:03:05 UTC 2019
2 ms. Memory: 45056K Free: 26982K (60%)
ptolemy.util.test.WatchDog.cancel(): canceling Tue Sep 03 18:03:05 UTC 2019
auto.tcl: Setting watchdog for 200 seconds at Tue Sep 03 18:03:05 UTC 2019
2 ms. Memory: 45056K Free: 26115K (58%)
ptolemy.util.test.WatchDog.cancel(): canceling Tue Sep 03 18:03:05 UTC 2019
------------------ testing $PTII/ptolemy/domains/de/test/auto/DEScheduleTest.xml
auto.tcl: Setting watchdog for 200 seconds at Tue Sep 03 18:03:05 UTC 2019
8 ms. Memory: 45056K Free: 27264K (61%)
ptolemy.util.test.WatchDog.cancel(): canceling Tue Sep 03 18:03:05 UTC 2019
auto.tcl: Setting watchdog for 200 seconds at Tue Sep 03 18:03:05 UTC 2019
3 ms. Memory: 45056K Free: 26527K (59%)
ptolemy.util.test.WatchDog.cancel(): canceling Tue Sep 03 18:03:05 UTC 2019
------------------ testing $PTII/ptolemy/domains/de/test/auto/DEinDEwithStartTimes.xml
auto.tcl: Setting watchdog for 200 seconds at Tue Sep 03 18:03:05 UTC 2019
3 ms. Memory: 45056K Free: 25466K (57%)
ptolemy.util.test.WatchDog.cancel(): canceling Tue Sep 03 18:03:05 UTC 2019
auto.tcl: Setting watchdog for 200 seconds at Tue Sep 03 18:03:05 UTC 2019
3 ms. Memory: 45056K Free: 24430K (54%)
ptolemy.util.test.WatchDog.cancel(): canceling Tue Sep 03 18:03:05 UTC 2019
------------------ testing $PTII/ptolemy/domains/de/test/auto/DEinDEwithStartTimes2.xml
auto.tcl: Setting watchdog for 200 seconds at Tue Sep 03 18:03:05 UTC 2019
8 ms. Memory: 45056K Free: 24778K (55%)
ptolemy.util.test.WatchDog.cancel(): canceling Tue Sep 03 18:03:05 UTC 2019
auto.tcl: Setting watchdog for 200 seconds at Tue Sep 03 18:03:05 UTC 2019
5 ms. Memory: 45056K Free: 23385K (52%)
ptolemy.util.test.WatchDog.cancel(): canceling Tue Sep 03 18:03:05 UTC 2019
------------------ testing $PTII/ptolemy/domains/de/test/auto/DateDemo.xml
auto.tcl: Setting watchdog for 200 seconds at Tue Sep 03 18:03:05 UTC 2019
22 ms. Memory: 45056K Free: 19044K (42%)
ptolemy.util.test.WatchDog.cancel(): canceling Tue Sep 03 18:03:06 UTC 2019
auto.tcl: Setting watchdog for 200 seconds at Tue Sep 03 18:03:06 UTC 2019
20 ms. Memory: 45056K Free: 17530K (39%)
ptolemy.util.test.WatchDog.cancel(): canceling Tue Sep 03 18:03:06 UTC 2019
------------------ testing $PTII/ptolemy/domains/de/test/auto/DateToEvent.xml
auto.tcl: Setting watchdog for 200 seconds at Tue Sep 03 18:03:06 UTC 2019
2009 ms. Memory: 45056K Free: 14946K (33%)
ptolemy.util.test.WatchDog.cancel(): canceling Tue Sep 03 18:03:08 UTC 2019
auto.tcl: Setting watchdog for 200 seconds at Tue Sep 03 18:03:08 UTC 2019
2004 ms. Memory: 45056K Free: 14238K (32%)
ptolemy.util.test.WatchDog.cancel(): canceling Tue Sep 03 18:03:10 UTC 2019
------------------ testing $PTII/ptolemy/domains/de/test/auto/DepthTest1.xml
auto.tcl: Setting watchdog for 200 seconds at Tue Sep 03 18:03:10 UTC 2019
4 ms. Memory: 45056K Free: 28235K (63%)
ptolemy.util.test.WatchDog.cancel(): canceling Tue Sep 03 18:03:10 UTC 2019
auto.tcl: Setting watchdog for 200 seconds at Tue Sep 03 18:03:10 UTC 2019
2 ms. Memory: 45056K Free: 27728K (62%)
ptolemy.util.test.WatchDog.cancel(): canceling Tue Sep 03 18:03:10 UTC 2019
------------------ testing $PTII/ptolemy/domains/de/test/auto/DepthTest2.xml
auto.tcl: Setting watchdog for 200 seconds at Tue Sep 03 18:03:10 UTC 2019
5 ms. Memory: 45056K Free: 24944K (55%)
ptolemy.util.test.WatchDog.cancel(): canceling Tue Sep 03 18:03:10 UTC 2019
auto.tcl: Setting watchdog for 200 seconds at Tue Sep 03 18:03:10 UTC 2019
2 ms. Memory: 45056K Free: 24422K (54%)
ptolemy.util.test.WatchDog.cancel(): canceling Tue Sep 03 18:03:10 UTC 2019
------------------ testing $PTII/ptolemy/domains/de/test/auto/DepthTest3.xml
auto.tcl: Setting watchdog for 200 seconds at Tue Sep 03 18:03:10 UTC 2019
2 ms. Memory: 45056K Free: 28423K (63%)
ptolemy.util.test.WatchDog.cancel(): canceling Tue Sep 03 18:03:10 UTC 2019
auto.tcl: Setting watchdog for 200 seconds at Tue Sep 03 18:03:10 UTC 2019
2 ms. Memory: 45056K Free: 28041K (62%)
ptolemy.util.test.WatchDog.cancel(): canceling Tue Sep 03 18:03:10 UTC 2019
------------------ testing $PTII/ptolemy/domains/de/test/auto/DepthTest4.xml
auto.tcl: Setting watchdog for 200 seconds at Tue Sep 03 18:03:10 UTC 2019
5 ms. Memory: 45056K Free: 26788K (59%)
ptolemy.util.test.WatchDog.cancel(): canceling Tue Sep 03 18:03:10 UTC 2019
auto.tcl: Setting watchdog for 200 seconds at Tue Sep 03 18:03:10 UTC 2019
3 ms. Memory: 45056K Free: 26063K (58%)
ptolemy.util.test.WatchDog.cancel(): canceling Tue Sep 03 18:03:10 UTC 2019
------------------ testing $PTII/ptolemy/domains/de/test/auto/DepthTest5.xml
auto.tcl: Setting watchdog for 200 seconds at Tue Sep 03 18:03:10 UTC 2019
4 ms. Memory: 45056K Free: 25939K (58%)
ptolemy.util.test.WatchDog.cancel(): canceling Tue Sep 03 18:03:10 UTC 2019
auto.tcl: Setting watchdog for 200 seconds at Tue Sep 03 18:03:10 UTC 2019
2 ms. Memory: 45056K Free: 25552K (57%)
ptolemy.util.test.WatchDog.cancel(): canceling Tue Sep 03 18:03:10 UTC 2019
------------------ testing $PTII/ptolemy/domains/de/test/auto/DepthTest6.xml
auto.tcl: Setting watchdog for 200 seconds at Tue Sep 03 18:03:10 UTC 2019
3 ms. Memory: 45056K Free: 25876K (57%)
ptolemy.util.test.WatchDog.cancel(): canceling Tue Sep 03 18:03:10 UTC 2019
auto.tcl: Setting watchdog for 200 seconds at Tue Sep 03 18:03:10 UTC 2019
4 ms. Memory: 45056K Free: 25362K (56%)
ptolemy.util.test.WatchDog.cancel(): canceling Tue Sep 03 18:03:10 UTC 2019
------------------ testing $PTII/ptolemy/domains/de/test/auto/DepthTest7.xml
auto.tcl: Setting watchdog for 200 seconds at Tue Sep 03 18:03:10 UTC 2019
3 ms. Memory: 45056K Free: 26713K (59%)
ptolemy.util.test.WatchDog.cancel(): canceling Tue Sep 03 18:03:10 UTC 2019
auto.tcl: Setting watchdog for 200 seconds at Tue Sep 03 18:03:10 UTC 2019
2 ms. Memory: 45056K Free: 25980K (58%)
ptolemy.util.test.WatchDog.cancel(): canceling Tue Sep 03 18:03:10 UTC 2019
------------------ testing $PTII/ptolemy/domains/de/test/auto/EventToDate.xml
auto.tcl: Setting watchdog for 200 seconds at Tue Sep 03 18:03:10 UTC 2019
3005 ms. Memory: 45056K Free: 17520K (39%)
ptolemy.util.test.WatchDog.cancel(): canceling Tue Sep 03 18:03:13 UTC 2019
auto.tcl: Setting watchdog for 200 seconds at Tue Sep 03 18:03:13 UTC 2019
3004 ms. Memory: 45056K Free: 16806K (37%)
ptolemy.util.test.WatchDog.cancel(): canceling Tue Sep 03 18:03:16 UTC 2019
------------------ testing $PTII/ptolemy/domains/de/test/auto/FSM1.xml
auto.tcl: Setting watchdog for 200 seconds at Tue Sep 03 18:03:16 UTC 2019
36 ms. Memory: 45056K Free: 18712K (42%)
ptolemy.util.test.WatchDog.cancel(): canceling Tue Sep 03 18:03:17 UTC 2019
auto.tcl: Setting watchdog for 200 seconds at Tue Sep 03 18:03:17 UTC 2019
20 ms. Memory: 45056K Free: 15462K (34%)
ptolemy.util.test.WatchDog.cancel(): canceling Tue Sep 03 18:03:17 UTC 2019
------------------ testing $PTII/ptolemy/domains/de/test/auto/FSM7.xml
auto.tcl: Setting watchdog for 200 seconds at Tue Sep 03 18:03:17 UTC 2019
13 ms. Memory: 45056K Free: 18391K (41%)
ptolemy.util.test.WatchDog.cancel(): canceling Tue Sep 03 18:03:17 UTC 2019
auto.tcl: Setting watchdog for 200 seconds at Tue Sep 03 18:03:17 UTC 2019
18 ms. Memory: 45056K Free: 15278K (34%)
ptolemy.util.test.WatchDog.cancel(): canceling Tue Sep 03 18:03:17 UTC 2019
------------------ testing $PTII/ptolemy/domains/de/test/auto/Inspection.xml
auto.tcl: Setting watchdog for 200 seconds at Tue Sep 03 18:03:17 UTC 2019
34 ms. Memory: 45056K Free: 18440K (41%)
ptolemy.util.test.WatchDog.cancel(): canceling Tue Sep 03 18:03:17 UTC 2019
auto.tcl: Setting watchdog for 200 seconds at Tue Sep 03 18:03:17 UTC 2019
27 ms. Memory: 45056K Free: 16703K (37%)
ptolemy.util.test.WatchDog.cancel(): canceling Tue Sep 03 18:03:17 UTC 2019
------------------ testing $PTII/ptolemy/domains/de/test/auto/Iteration.xml
auto.tcl: Setting watchdog for 200 seconds at Tue Sep 03 18:03:17 UTC 2019
7 ms. Memory: 45056K Free: 24164K (54%)
ptolemy.util.test.WatchDog.cancel(): canceling Tue Sep 03 18:03:17 UTC 2019
auto.tcl: Setting watchdog for 200 seconds at Tue Sep 03 18:03:17 UTC 2019
7 ms. Memory: 45056K Free: 22775K (51%)
ptolemy.util.test.WatchDog.cancel(): canceling Tue Sep 03 18:03:17 UTC 2019
------------------ testing $PTII/ptolemy/domains/de/test/auto/LineFault.xml
auto.tcl: Setting watchdog for 200 seconds at Tue Sep 03 18:03:17 UTC 2019
769 ms. Memory: 45056K Free: 13161K (29%)
ptolemy.util.test.WatchDog.cancel(): canceling Tue Sep 03 18:03:18 UTC 2019
auto.tcl: Setting watchdog for 200 seconds at Tue Sep 03 18:03:18 UTC 2019
651 ms. Memory: 55296K Free: 28760K (52%)
ptolemy.util.test.WatchDog.cancel(): canceling Tue Sep 03 18:03:19 UTC 2019
------------------ testing $PTII/ptolemy/domains/de/test/auto/MergeModel1Add.xml
auto.tcl: Setting watchdog for 200 seconds at Tue Sep 03 18:03:19 UTC 2019
19 ms. Memory: 51200K Free: 16302K (32%)
ptolemy.util.test.WatchDog.cancel(): canceling Tue Sep 03 18:03:19 UTC 2019
auto.tcl: Setting watchdog for 200 seconds at Tue Sep 03 18:03:19 UTC 2019
11 ms. Memory: 51200K Free: 14694K (29%)
ptolemy.util.test.WatchDog.cancel(): canceling Tue Sep 03 18:03:19 UTC 2019
------------------ testing $PTII/ptolemy/domains/de/test/auto/MergeModel2Add.xml
auto.tcl: Setting watchdog for 200 seconds at Tue Sep 03 18:03:19 UTC 2019
16 ms. Memory: 51200K Free: 18150K (35%)
ptolemy.util.test.WatchDog.cancel(): canceling Tue Sep 03 18:03:19 UTC 2019
auto.tcl: Setting watchdog for 200 seconds at Tue Sep 03 18:03:19 UTC 2019
10 ms. Memory: 51200K Free: 16392K (32%)
ptolemy.util.test.WatchDog.cancel(): canceling Tue Sep 03 18:03:19 UTC 2019
------------------ testing $PTII/ptolemy/domains/de/test/auto/MergeModel3Add.xml
auto.tcl: Setting watchdog for 200 seconds at Tue Sep 03 18:03:19 UTC 2019
10 ms. Memory: 51200K Free: 18324K (36%)
ptolemy.util.test.WatchDog.cancel(): canceling Tue Sep 03 18:03:19 UTC 2019
auto.tcl: Setting watchdog for 200 seconds at Tue Sep 03 18:03:19 UTC 2019
10 ms. Memory: 51200K Free: 16820K (33%)
ptolemy.util.test.WatchDog.cancel(): canceling Tue Sep 03 18:03:19 UTC 2019
------------------ testing $PTII/ptolemy/domains/de/test/auto/MergeWithoutDiscard.xml
auto.tcl: Setting watchdog for 200 seconds at Tue Sep 03 18:03:19 UTC 2019
3 ms. Memory: 51200K Free: 32729K (64%)
ptolemy.util.test.WatchDog.cancel(): canceling Tue Sep 03 18:03:19 UTC 2019
auto.tcl: Setting watchdog for 200 seconds at Tue Sep 03 18:03:19 UTC 2019
1 ms. Memory: 51200K Free: 32297K (63%)
ptolemy.util.test.WatchDog.cancel(): canceling Tue Sep 03 18:03:19 UTC 2019
------------------ testing $PTII/ptolemy/domains/de/test/auto/Modal1.xml
auto.tcl: Setting watchdog for 200 seconds at Tue Sep 03 18:03:19 UTC 2019
16 ms. Memory: 48128K Free: 21781K (45%)
ptolemy.util.test.WatchDog.cancel(): canceling Tue Sep 03 18:03:19 UTC 2019
auto.tcl: Setting watchdog for 200 seconds at Tue Sep 03 18:03:19 UTC 2019
22 ms. Memory: 48128K Free: 18363K (38%)
ptolemy.util.test.WatchDog.cancel(): canceling Tue Sep 03 18:03:19 UTC 2019
------------------ testing $PTII/ptolemy/domains/de/test/auto/Modal2.xml
auto.tcl: Setting watchdog for 200 seconds at Tue Sep 03 18:03:19 UTC 2019
11 ms. Memory: 48128K Free: 21884K (45%)
ptolemy.util.test.WatchDog.cancel(): canceling Tue Sep 03 18:03:19 UTC 2019
auto.tcl: Setting watchdog for 200 seconds at Tue Sep 03 18:03:19 UTC 2019
13 ms. Memory: 48128K Free: 18651K (39%)
ptolemy.util.test.WatchDog.cancel(): canceling Tue Sep 03 18:03:19 UTC 2019
------------------ testing $PTII/ptolemy/domains/de/test/auto/Modal3.xml
auto.tcl: Setting watchdog for 200 seconds at Tue Sep 03 18:03:19 UTC 2019
14 ms. Memory: 48128K Free: 21625K (45%)
ptolemy.util.test.WatchDog.cancel(): canceling Tue Sep 03 18:03:19 UTC 2019
auto.tcl: Setting watchdog for 200 seconds at Tue Sep 03 18:03:20 UTC 2019
13 ms. Memory: 48128K Free: 18668K (39%)
ptolemy.util.test.WatchDog.cancel(): canceling Tue Sep 03 18:03:20 UTC 2019
------------------ testing $PTII/ptolemy/domains/de/test/auto/Modal4.xml
auto.tcl: Setting watchdog for 200 seconds at Tue Sep 03 18:03:20 UTC 2019
12 ms. Memory: 48128K Free: 20630K (43%)
ptolemy.util.test.WatchDog.cancel(): canceling Tue Sep 03 18:03:20 UTC 2019
auto.tcl: Setting watchdog for 200 seconds at Tue Sep 03 18:03:20 UTC 2019
14 ms. Memory: 48128K Free: 16631K (35%)
ptolemy.util.test.WatchDog.cancel(): canceling Tue Sep 03 18:03:20 UTC 2019
------------------ testing $PTII/ptolemy/domains/de/test/auto/Modal5.xml
auto.tcl: Setting watchdog for 200 seconds at Tue Sep 03 18:03:20 UTC 2019
13 ms. Memory: 48128K Free: 20612K (43%)
ptolemy.util.test.WatchDog.cancel(): canceling Tue Sep 03 18:03:20 UTC 2019
auto.tcl: Setting watchdog for 200 seconds at Tue Sep 03 18:03:20 UTC 2019
13 ms. Memory: 48128K Free: 16638K (35%)
ptolemy.util.test.WatchDog.cancel(): canceling Tue Sep 03 18:03:20 UTC 2019
------------------ testing $PTII/ptolemy/domains/de/test/auto/Modal6.xml
auto.tcl: Setting watchdog for 200 seconds at Tue Sep 03 18:03:20 UTC 2019
11 ms. Memory: 48128K Free: 21622K (45%)
ptolemy.util.test.WatchDog.cancel(): canceling Tue Sep 03 18:03:20 UTC 2019
auto.tcl: Setting watchdog for 200 seconds at Tue Sep 03 18:03:20 UTC 2019
14 ms. Memory: 48128K Free: 17637K (37%)
ptolemy.util.test.WatchDog.cancel(): canceling Tue Sep 03 18:03:20 UTC 2019
------------------ testing $PTII/ptolemy/domains/de/test/auto/Modal7.xml
auto.tcl: Setting watchdog for 200 seconds at Tue Sep 03 18:03:20 UTC 2019
10 ms. Memory: 48128K Free: 20630K (43%)
ptolemy.util.test.WatchDog.cancel(): canceling Tue Sep 03 18:03:20 UTC 2019
auto.tcl: Setting watchdog for 200 seconds at Tue Sep 03 18:03:20 UTC 2019
8 ms. Memory: 48128K Free: 16986K (35%)
ptolemy.util.test.WatchDog.cancel(): canceling Tue Sep 03 18:03:20 UTC 2019
------------------ testing $PTII/ptolemy/domains/de/test/auto/ModalModel.xml
auto.tcl: Setting watchdog for 200 seconds at Tue Sep 03 18:03:20 UTC 2019
225 ms. Memory: 58368K Free: 39284K (67%)
ptolemy.util.test.WatchDog.cancel(): canceling Tue Sep 03 18:03:20 UTC 2019
auto.tcl: Setting watchdog for 200 seconds at Tue Sep 03 18:03:20 UTC 2019
201 ms. Memory: 58368K Free: 33587K (58%)
ptolemy.util.test.WatchDog.cancel(): canceling Tue Sep 03 18:03:20 UTC 2019
------------------ testing $PTII/ptolemy/domains/de/test/auto/ModalSource.xml
auto.tcl: Setting watchdog for 200 seconds at Tue Sep 03 18:03:21 UTC 2019
10 ms. Memory: 51200K Free: 28733K (56%)
ptolemy.util.test.WatchDog.cancel(): canceling Tue Sep 03 18:03:21 UTC 2019
auto.tcl: Setting watchdog for 200 seconds at Tue Sep 03 18:03:21 UTC 2019
6 ms. Memory: 51200K Free: 26685K (52%)
ptolemy.util.test.WatchDog.cancel(): canceling Tue Sep 03 18:03:21 UTC 2019
------------------ testing $PTII/ptolemy/domains/de/test/auto/NonInterruptibleTimerZeroDelay.xml
auto.tcl: Setting watchdog for 200 seconds at Tue Sep 03 18:03:21 UTC 2019
3 ms. Memory: 51200K Free: 33676K (66%)
ptolemy.util.test.WatchDog.cancel(): canceling Tue Sep 03 18:03:21 UTC 2019
auto.tcl: Setting watchdog for 200 seconds at Tue Sep 03 18:03:21 UTC 2019
2 ms. Memory: 51200K Free: 33022K (64%)
ptolemy.util.test.WatchDog.cancel(): canceling Tue Sep 03 18:03:21 UTC 2019
------------------ testing $PTII/ptolemy/domains/de/test/auto/OpenQueueingNetwork.xml
auto.tcl: Setting watchdog for 200 seconds at Tue Sep 03 18:03:21 UTC 2019
3057 ms. Memory: 116736K Free: 44055K (38%)
ptolemy.util.test.WatchDog.cancel(): canceling Tue Sep 03 18:03:24 UTC 2019
auto.tcl: Setting watchdog for 200 seconds at Tue Sep 03 18:03:24 UTC 2019
2572 ms. Memory: 140288K Free: 117770K (84%)
ptolemy.util.test.WatchDog.cancel(): canceling Tue Sep 03 18:03:26 UTC 2019
------------------ testing $PTII/ptolemy/domains/de/test/auto/OpenQueuingNetwork.xml
auto.tcl: Setting watchdog for 200 seconds at Tue Sep 03 18:03:27 UTC 2019
255 ms. Memory: 61440K Free: 26697K (43%)
ptolemy.util.test.WatchDog.cancel(): canceling Tue Sep 03 18:03:27 UTC 2019
auto.tcl: Setting watchdog for 200 seconds at Tue Sep 03 18:03:27 UTC 2019
244 ms. Memory: 61440K Free: 42995K (70%)
ptolemy.util.test.WatchDog.cancel(): canceling Tue Sep 03 18:03:27 UTC 2019
------------------ testing $PTII/ptolemy/domains/de/test/auto/PeriodicSampler.xml
auto.tcl: Setting watchdog for 200 seconds at Tue Sep 03 18:03:27 UTC 2019
3 ms. Memory: 51200K Free: 32869K (64%)
ptolemy.util.test.WatchDog.cancel(): canceling Tue Sep 03 18:03:27 UTC 2019
auto.tcl: Setting watchdog for 200 seconds at Tue Sep 03 18:03:27 UTC 2019
2 ms. Memory: 51200K Free: 32364K (63%)
ptolemy.util.test.WatchDog.cancel(): canceling Tue Sep 03 18:03:27 UTC 2019
------------------ testing $PTII/ptolemy/domains/de/test/auto/PersistentIO.xml
auto.tcl: Setting watchdog for 200 seconds at Tue Sep 03 18:03:27 UTC 2019
10 ms. Memory: 51200K Free: 27793K (54%)
ptolemy.util.test.WatchDog.cancel(): canceling Tue Sep 03 18:03:27 UTC 2019
auto.tcl: Setting watchdog for 200 seconds at Tue Sep 03 18:03:27 UTC 2019
4 ms. Memory: 51200K Free: 26317K (51%)
ptolemy.util.test.WatchDog.cancel(): canceling Tue Sep 03 18:03:27 UTC 2019
------------------ testing $PTII/ptolemy/domains/de/test/auto/PortParameterResetOnInitialize.xml
auto.tcl: Setting watchdog for 200 seconds at Tue Sep 03 18:03:27 UTC 2019
2 ms. Memory: 48128K Free: 29694K (62%)
ptolemy.util.test.WatchDog.cancel(): canceling Tue Sep 03 18:03:27 UTC 2019
auto.tcl: Setting watchdog for 200 seconds at Tue Sep 03 18:03:27 UTC 2019
1 ms. Memory: 48128K Free: 29225K (61%)
ptolemy.util.test.WatchDog.cancel(): canceling Tue Sep 03 18:03:27 UTC 2019
------------------ testing $PTII/ptolemy/domains/de/test/auto/PortParameterUpdates.xml
auto.tcl: Setting watchdog for 200 seconds at Tue Sep 03 18:03:27 UTC 2019
4 ms. Memory: 48128K Free: 28040K (58%)
ptolemy.util.test.WatchDog.cancel(): canceling Tue Sep 03 18:03:27 UTC 2019
auto.tcl: Setting watchdog for 200 seconds at Tue Sep 03 18:03:27 UTC 2019
4 ms. Memory: 48128K Free: 26804K (56%)
ptolemy.util.test.WatchDog.cancel(): canceling Tue Sep 03 18:03:27 UTC 2019
------------------ testing $PTII/ptolemy/domains/de/test/auto/QueueAndServer.xml
auto.tcl: Setting watchdog for 200 seconds at Tue Sep 03 18:03:27 UTC 2019
6 ms. Memory: 48128K Free: 26703K (55%)
ptolemy.util.test.WatchDog.cancel(): canceling Tue Sep 03 18:03:28 UTC 2019
auto.tcl: Setting watchdog for 200 seconds at Tue Sep 03 18:03:28 UTC 2019
6 ms. Memory: 48128K Free: 25282K (53%)
ptolemy.util.test.WatchDog.cancel(): canceling Tue Sep 03 18:03:28 UTC 2019
------------------ testing $PTII/ptolemy/domains/de/test/auto/Records.xml
auto.tcl: Setting watchdog for 200 seconds at Tue Sep 03 18:03:28 UTC 2019
5 ms. Memory: 48128K Free: 29247K (61%)
ptolemy.util.test.WatchDog.cancel(): canceling Tue Sep 03 18:03:28 UTC 2019
auto.tcl: Setting watchdog for 200 seconds at Tue Sep 03 18:03:28 UTC 2019
2 ms. Memory: 48128K Free: 28767K (60%)
ptolemy.util.test.WatchDog.cancel(): canceling Tue Sep 03 18:03:28 UTC 2019
------------------ testing $PTII/ptolemy/domains/de/test/auto/ResetTransitionWithStartTime1.xml
auto.tcl: Setting watchdog for 200 seconds at Tue Sep 03 18:03:28 UTC 2019
11 ms. Memory: 48128K Free: 26206K (54%)
ptolemy.util.test.WatchDog.cancel(): canceling Tue Sep 03 18:03:28 UTC 2019
auto.tcl: Setting watchdog for 200 seconds at Tue Sep 03 18:03:28 UTC 2019
5 ms. Memory: 48128K Free: 24142K (50%)
ptolemy.util.test.WatchDog.cancel(): canceling Tue Sep 03 18:03:28 UTC 2019
------------------ testing $PTII/ptolemy/domains/de/test/auto/ResetTransitionWithStartTime2.xml
auto.tcl: Setting watchdog for 200 seconds at Tue Sep 03 18:03:28 UTC 2019
5 ms. Memory: 48128K Free: 26161K (54%)
ptolemy.util.test.WatchDog.cancel(): canceling Tue Sep 03 18:03:28 UTC 2019
auto.tcl: Setting watchdog for 200 seconds at Tue Sep 03 18:03:28 UTC 2019
6 ms. Memory: 48128K Free: 23634K (49%)
ptolemy.util.test.WatchDog.cancel(): canceling Tue Sep 03 18:03:28 UTC 2019
------------------ testing $PTII/ptolemy/domains/de/test/auto/ResetTransitionWithStartTime3.xml
auto.tcl: Setting watchdog for 200 seconds at Tue Sep 03 18:03:28 UTC 2019
6 ms. Memory: 48128K Free: 26160K (54%)
ptolemy.util.test.WatchDog.cancel(): canceling Tue Sep 03 18:03:28 UTC 2019
auto.tcl: Setting watchdog for 200 seconds at Tue Sep 03 18:03:28 UTC 2019
6 ms. Memory: 48128K Free: 23663K (49%)
ptolemy.util.test.WatchDog.cancel(): canceling Tue Sep 03 18:03:28 UTC 2019
------------------ testing $PTII/ptolemy/domains/de/test/auto/ResetTransitionWithStartTime4.xml
auto.tcl: Setting watchdog for 200 seconds at Tue Sep 03 18:03:28 UTC 2019
13 ms. Memory: 48128K Free: 26648K (55%)
ptolemy.util.test.WatchDog.cancel(): canceling Tue Sep 03 18:03:28 UTC 2019
auto.tcl: Setting watchdog for 200 seconds at Tue Sep 03 18:03:28 UTC 2019
4 ms. Memory: 48128K Free: 25247K (52%)
ptolemy.util.test.WatchDog.cancel(): canceling Tue Sep 03 18:03:28 UTC 2019
------------------ testing $PTII/ptolemy/domains/de/test/auto/ResettableTimer1.xml
auto.tcl: Setting watchdog for 200 seconds at Tue Sep 03 18:03:28 UTC 2019
12 ms. Memory: 48128K Free: 30441K (63%)
ptolemy.util.test.WatchDog.cancel(): canceling Tue Sep 03 18:03:28 UTC 2019
auto.tcl: Setting watchdog for 200 seconds at Tue Sep 03 18:03:28 UTC 2019
1 ms. Memory: 48128K Free: 29338K (61%)
ptolemy.util.test.WatchDog.cancel(): canceling Tue Sep 03 18:03:28 UTC 2019
------------------ testing $PTII/ptolemy/domains/de/test/auto/ResettableTimer2.xml
auto.tcl: Setting watchdog for 200 seconds at Tue Sep 03 18:03:28 UTC 2019
2 ms. Memory: 48128K Free: 30430K (63%)
ptolemy.util.test.WatchDog.cancel(): canceling Tue Sep 03 18:03:28 UTC 2019
auto.tcl: Setting watchdog for 200 seconds at Tue Sep 03 18:03:28 UTC 2019
2 ms. Memory: 48128K Free: 29342K (61%)
ptolemy.util.test.WatchDog.cancel(): canceling Tue Sep 03 18:03:28 UTC 2019
------------------ testing $PTII/ptolemy/domains/de/test/auto/ResettableTimer3.xml
auto.tcl: Setting watchdog for 200 seconds at Tue Sep 03 18:03:28 UTC 2019
2 ms. Memory: 48128K Free: 30292K (63%)
ptolemy.util.test.WatchDog.cancel(): canceling Tue Sep 03 18:03:28 UTC 2019
auto.tcl: Setting watchdog for 200 seconds at Tue Sep 03 18:03:28 UTC 2019
1 ms. Memory: 48128K Free: 29826K (62%)
ptolemy.util.test.WatchDog.cancel(): canceling Tue Sep 03 18:03:28 UTC 2019
------------------ testing $PTII/ptolemy/domains/de/test/auto/ResettableTimer4.xml
auto.tcl: Setting watchdog for 200 seconds at Tue Sep 03 18:03:28 UTC 2019
1 ms. Memory: 48128K Free: 30355K (63%)
ptolemy.util.test.WatchDog.cancel(): canceling Tue Sep 03 18:03:28 UTC 2019
auto.tcl: Setting watchdog for 200 seconds at Tue Sep 03 18:03:28 UTC 2019
1 ms. Memory: 48128K Free: 29857K (62%)
ptolemy.util.test.WatchDog.cancel(): canceling Tue Sep 03 18:03:28 UTC 2019
------------------ testing $PTII/ptolemy/domains/de/test/auto/ResettableTimer5.xml
auto.tcl: Setting watchdog for 200 seconds at Tue Sep 03 18:03:28 UTC 2019
2 ms. Memory: 48128K Free: 29760K (62%)
ptolemy.util.test.WatchDog.cancel(): canceling Tue Sep 03 18:03:28 UTC 2019
auto.tcl: Setting watchdog for 200 seconds at Tue Sep 03 18:03:28 UTC 2019
1 ms. Memory: 48128K Free: 29282K (61%)
ptolemy.util.test.WatchDog.cancel(): canceling Tue Sep 03 18:03:28 UTC 2019
------------------ testing $PTII/ptolemy/domains/de/test/auto/ResettableTimer6.xml
auto.tcl: Setting watchdog for 200 seconds at Tue Sep 03 18:03:28 UTC 2019
2 ms. Memory: 48128K Free: 29767K (62%)
ptolemy.util.test.WatchDog.cancel(): canceling Tue Sep 03 18:03:28 UTC 2019
auto.tcl: Setting watchdog for 200 seconds at Tue Sep 03 18:03:28 UTC 2019
1 ms. Memory: 48128K Free: 29271K (61%)
ptolemy.util.test.WatchDog.cancel(): canceling Tue Sep 03 18:03:28 UTC 2019
------------------ testing $PTII/ptolemy/domains/de/test/auto/ServerZeroDelay.xml
auto.tcl: Setting watchdog for 200 seconds at Tue Sep 03 18:03:28 UTC 2019
2 ms. Memory: 48128K Free: 30286K (63%)
ptolemy.util.test.WatchDog.cancel(): canceling Tue Sep 03 18:03:28 UTC 2019
auto.tcl: Setting watchdog for 200 seconds at Tue Sep 03 18:03:28 UTC 2019
2 ms. Memory: 48128K Free: 29342K (61%)
ptolemy.util.test.WatchDog.cancel(): canceling Tue Sep 03 18:03:28 UTC 2019
------------------ testing $PTII/ptolemy/domains/de/test/auto/SmartSender.xml
auto.tcl: Setting watchdog for 200 seconds at Tue Sep 03 18:03:28 UTC 2019
3001 ms. Memory: 48128K Free: 30313K (63%)
ptolemy.util.test.WatchDog.cancel(): canceling Tue Sep 03 18:03:31 UTC 2019
auto.tcl: Setting watchdog for 200 seconds at Tue Sep 03 18:03:31 UTC 2019
3001 ms. Memory: 48128K Free: 29817K (62%)
ptolemy.util.test.WatchDog.cancel(): canceling Tue Sep 03 18:03:34 UTC 2019
------------------ testing $PTII/ptolemy/domains/de/test/auto/ThreadedComposite.xml
auto.tcl: Setting watchdog for 200 seconds at Tue Sep 03 18:03:35 UTC 2019
218 ms. Memory: 48128K Free: 10839K (23%)
ptolemy.util.test.WatchDog.cancel(): canceling Tue Sep 03 18:03:35 UTC 2019
auto.tcl: Setting watchdog for 200 seconds at Tue Sep 03 18:03:35 UTC 2019
183 ms. Memory: 48128K Free: 22143K (46%)
ptolemy.util.test.WatchDog.cancel(): canceling Tue Sep 03 18:03:35 UTC 2019
------------------ testing $PTII/ptolemy/domains/de/test/auto/Time.xml
auto.tcl: Setting watchdog for 200 seconds at Tue Sep 03 18:03:35 UTC 2019
627 ms. Memory: 48128K Free: 29028K (60%)
ptolemy.util.test.WatchDog.cancel(): canceling Tue Sep 03 18:03:36 UTC 2019
auto.tcl: Setting watchdog for 200 seconds at Tue Sep 03 18:03:36 UTC 2019
623 ms. Memory: 48128K Free: 27020K (56%)
ptolemy.util.test.WatchDog.cancel(): canceling Tue Sep 03 18:03:36 UTC 2019
------------------ testing $PTII/ptolemy/domains/de/test/auto/TimeDelayZeroDelay.xml
auto.tcl: Setting watchdog for 200 seconds at Tue Sep 03 18:03:36 UTC 2019
3 ms. Memory: 48128K Free: 30690K (64%)
ptolemy.util.test.WatchDog.cancel(): canceling Tue Sep 03 18:03:36 UTC 2019
auto.tcl: Setting watchdog for 200 seconds at Tue Sep 03 18:03:36 UTC 2019
2 ms. Memory: 48128K Free: 29794K (62%)
ptolemy.util.test.WatchDog.cancel(): canceling Tue Sep 03 18:03:36 UTC 2019
------------------ testing $PTII/ptolemy/domains/de/test/auto/TimerZeroDelay.xml
auto.tcl: Setting watchdog for 200 seconds at Tue Sep 03 18:03:36 UTC 2019
4 ms. Memory: 48128K Free: 30700K (64%)
ptolemy.util.test.WatchDog.cancel(): canceling Tue Sep 03 18:03:36 UTC 2019
auto.tcl: Setting watchdog for 200 seconds at Tue Sep 03 18:03:36 UTC 2019
2 ms. Memory: 48128K Free: 30261K (63%)
ptolemy.util.test.WatchDog.cancel(): canceling Tue Sep 03 18:03:36 UTC 2019
------------------ testing $PTII/ptolemy/domains/de/test/auto/TimingParadox.xml
auto.tcl: Setting watchdog for 200 seconds at Tue Sep 03 18:03:37 UTC 2019
412 ms. Memory: 48128K Free: 12301K (26%)
ptolemy.util.test.WatchDog.cancel(): canceling Tue Sep 03 18:03:37 UTC 2019
auto.tcl: Setting watchdog for 200 seconds at Tue Sep 03 18:03:37 UTC 2019
379 ms. Memory: 58368K Free: 42018K (72%)
ptolemy.util.test.WatchDog.cancel(): canceling Tue Sep 03 18:03:37 UTC 2019
------------------ testing $PTII/ptolemy/domains/de/test/auto/TransferInputs.xml
auto.tcl: Setting watchdog for 200 seconds at Tue Sep 03 18:03:37 UTC 2019
2 ms. Memory: 55296K Free: 35887K (65%)
ptolemy.util.test.WatchDog.cancel(): canceling Tue Sep 03 18:03:38 UTC 2019
auto.tcl: Setting watchdog for 200 seconds at Tue Sep 03 18:03:38 UTC 2019
2 ms. Memory: 55296K Free: 34976K (63%)
ptolemy.util.test.WatchDog.cancel(): canceling Tue Sep 03 18:03:38 UTC 2019
------------------ testing $PTII/ptolemy/domains/de/test/auto/TransferOutputs2.xml
auto.tcl: Setting watchdog for 200 seconds at Tue Sep 03 18:03:38 UTC 2019
3 ms. Memory: 51200K Free: 29234K (57%)
ptolemy.util.test.WatchDog.cancel(): canceling Tue Sep 03 18:03:38 UTC 2019
auto.tcl: Setting watchdog for 200 seconds at Tue Sep 03 18:03:38 UTC 2019
3 ms. Memory: 51200K Free: 27835K (54%)
ptolemy.util.test.WatchDog.cancel(): canceling Tue Sep 03 18:03:38 UTC 2019
------------------ testing $PTII/ptolemy/domains/de/test/auto/Trilateration.xml
auto.tcl: Setting watchdog for 200 seconds at Tue Sep 03 18:03:38 UTC 2019
14173 ms. Memory: 476160K Free: 315456K (66%)
ptolemy.util.test.WatchDog.cancel(): canceling Tue Sep 03 18:03:53 UTC 2019
auto.tcl: Setting watchdog for 200 seconds at Tue Sep 03 18:03:53 UTC 2019
11353 ms. Memory: 476160K Free: 210189K (44%)
ptolemy.util.test.WatchDog.cancel(): canceling Tue Sep 03 18:04:04 UTC 2019
------------------ testing $PTII/ptolemy/domains/de/test/auto/TwoSigmaDelta.xml
auto.tcl: Setting watchdog for 200 seconds at Tue Sep 03 18:04:05 UTC 2019
2758 ms. Memory: 86016K Free: 58057K (67%)
ptolemy.util.test.WatchDog.cancel(): canceling Tue Sep 03 18:04:07 UTC 2019
auto.tcl: Setting watchdog for 200 seconds at Tue Sep 03 18:04:07 UTC 2019
2143 ms. Memory: 86016K Free: 47345K (55%)
ptolemy.util.test.WatchDog.cancel(): canceling Tue Sep 03 18:04:09 UTC 2019
------------------ testing $PTII/ptolemy/domains/de/test/auto/VariableDelay.xml
auto.tcl: Setting watchdog for 200 seconds at Tue Sep 03 18:04:10 UTC 2019
3 ms. Memory: 51200K Free: 32268K (63%)
ptolemy.util.test.WatchDog.cancel(): canceling Tue Sep 03 18:04:10 UTC 2019
auto.tcl: Setting watchdog for 200 seconds at Tue Sep 03 18:04:10 UTC 2019
1 ms. Memory: 51200K Free: 31274K (61%)
ptolemy.util.test.WatchDog.cancel(): canceling Tue Sep 03 18:04:10 UTC 2019
------------------ testing $PTII/ptolemy/domains/de/test/auto/VariableDelay2.xml
auto.tcl: Setting watchdog for 200 seconds at Tue Sep 03 18:04:10 UTC 2019
9 ms. Memory: 51200K Free: 32683K (64%)
ptolemy.util.test.WatchDog.cancel(): canceling Tue Sep 03 18:04:10 UTC 2019
auto.tcl: Setting watchdog for 200 seconds at Tue Sep 03 18:04:10 UTC 2019
2 ms. Memory: 51200K Free: 32185K (63%)
ptolemy.util.test.WatchDog.cancel(): canceling Tue Sep 03 18:04:10 UTC 2019
------------------ testing $PTII/ptolemy/domains/de/test/auto/VariableDelayZeroDelay.xml
auto.tcl: Setting watchdog for 200 seconds at Tue Sep 03 18:04:10 UTC 2019
2 ms. Memory: 48128K Free: 30138K (63%)
ptolemy.util.test.WatchDog.cancel(): canceling Tue Sep 03 18:04:10 UTC 2019
auto.tcl: Setting watchdog for 200 seconds at Tue Sep 03 18:04:10 UTC 2019
2 ms. Memory: 48128K Free: 29594K (61%)
ptolemy.util.test.WatchDog.cancel(): canceling Tue Sep 03 18:04:10 UTC 2019
------------------ testing $PTII/ptolemy/domains/de/test/auto/VariableDelayZeroDelay2.xml
auto.tcl: Setting watchdog for 200 seconds at Tue Sep 03 18:04:10 UTC 2019
2 ms. Memory: 48128K Free: 30137K (63%)
ptolemy.util.test.WatchDog.cancel(): canceling Tue Sep 03 18:04:10 UTC 2019
auto.tcl: Setting watchdog for 200 seconds at Tue Sep 03 18:04:10 UTC 2019
2 ms. Memory: 48128K Free: 29113K (60%)
ptolemy.util.test.WatchDog.cancel(): canceling Tue Sep 03 18:04:10 UTC 2019
------------------ testing $PTII/ptolemy/domains/de/test/auto/deInCt.xml
auto.tcl: Setting watchdog for 200 seconds at Tue Sep 03 18:04:10 UTC 2019
0
1
1
1
1
0
0
0
1
1
1
0
0
0
1
1
1
1
0
0
0
1
1
1
0
0
0
1
1
1
1
1
0
0
0
1
1
0
0
0
1
1
1
1
16 ms. Memory: 48128K Free: 29111K (60%)
ptolemy.util.test.WatchDog.cancel(): canceling Tue Sep 03 18:04:10 UTC 2019
auto.tcl: Setting watchdog for 200 seconds at Tue Sep 03 18:04:10 UTC 2019
0
1
1
1
0
0
0
0
1
1
1
0
0
0
1
1
1
1
0
0
0
0
0
1
1
1
0
0
0
1
1
1
0
0
0
1
1
0
0
0
0
10 ms. Memory: 48128K Free: 27567K (57%)
ptolemy.util.test.WatchDog.cancel(): canceling Tue Sep 03 18:04:10 UTC 2019
------------------ testing $PTII/ptolemy/domains/de/test/auto/deInCt2.xml
auto.tcl: Setting watchdog for 200 seconds at Tue Sep 03 18:04:10 UTC 2019
0
1
1
1
0
0
1
1
1
0
0
1
1
1
0
0
1
1
1
0
0
1
1
1
0
0
1
1
1
0
0
1
1
1
0
0
1
1
1
0
0
0
10 ms. Memory: 48128K Free: 29113K (60%)
ptolemy.util.test.WatchDog.cancel(): canceling Tue Sep 03 18:04:10 UTC 2019
auto.tcl: Setting watchdog for 200 seconds at Tue Sep 03 18:04:10 UTC 2019
0
1
1
1
0
0
1
1
1
0
0
1
1
1
0
0
1
1
1
0
0
1
1
1
0
0
1
1
1
0
0
1
1
1
0
0
1
1
1
0
0
0
6 ms. Memory: 48128K Free: 27569K (57%)
ptolemy.util.test.WatchDog.cancel(): canceling Tue Sep 03 18:04:10 UTC 2019
------------------ testing $PTII/ptolemy/domains/de/test/auto/dynamicCausalityInterface1.xml
auto.tcl: Setting watchdog for 200 seconds at Tue Sep 03 18:04:10 UTC 2019
2 ms. Memory: 48128K Free: 25011K (52%)
ptolemy.util.test.WatchDog.cancel(): canceling Tue Sep 03 18:04:10 UTC 2019
auto.tcl: Setting watchdog for 200 seconds at Tue Sep 03 18:04:10 UTC 2019
0 ms. Memory: 48128K Free: 24497K (51%)
ptolemy.util.test.WatchDog.cancel(): canceling Tue Sep 03 18:04:10 UTC 2019
------------------ testing $PTII/ptolemy/domains/de/test/auto/fsm_de_test.xml
auto.tcl: Setting watchdog for 200 seconds at Tue Sep 03 18:04:10 UTC 2019
9 ms. Memory: 48128K Free: 24910K (52%)
ptolemy.util.test.WatchDog.cancel(): canceling Tue Sep 03 18:04:10 UTC 2019
auto.tcl: Setting watchdog for 200 seconds at Tue Sep 03 18:04:10 UTC 2019
7 ms. Memory: 48128K Free: 22862K (48%)
ptolemy.util.test.WatchDog.cancel(): canceling Tue Sep 03 18:04:10 UTC 2019
------------------ testing $PTII/ptolemy/domains/de/test/auto/functionDependencyReconstruction.xml
auto.tcl: Setting watchdog for 200 seconds at Tue Sep 03 18:04:10 UTC 2019
3 ms. Memory: 48128K Free: 18756K (39%)
ptolemy.util.test.WatchDog.cancel(): canceling Tue Sep 03 18:04:10 UTC 2019
auto.tcl: Setting watchdog for 200 seconds at Tue Sep 03 18:04:10 UTC 2019
2 ms. Memory: 48128K Free: 16708K (35%)
ptolemy.util.test.WatchDog.cancel(): canceling Tue Sep 03 18:04:10 UTC 2019
------------------ testing $PTII/ptolemy/domains/de/test/auto/multirate.xml
auto.tcl: Setting watchdog for 200 seconds at Tue Sep 03 18:04:10 UTC 2019
9 ms. Memory: 48128K Free: 27572K (57%)
ptolemy.util.test.WatchDog.cancel(): canceling Tue Sep 03 18:04:10 UTC 2019
auto.tcl: Setting watchdog for 200 seconds at Tue Sep 03 18:04:10 UTC 2019
3 ms. Memory: 48128K Free: 25866K (54%)
ptolemy.util.test.WatchDog.cancel(): canceling Tue Sep 03 18:04:10 UTC 2019
------------------ testing $PTII/ptolemy/domains/de/test/auto/multirate2.xml
auto.tcl: Setting watchdog for 200 seconds at Tue Sep 03 18:04:10 UTC 2019
3 ms. Memory: 48128K Free: 27725K (58%)
ptolemy.util.test.WatchDog.cancel(): canceling Tue Sep 03 18:04:10 UTC 2019
auto.tcl: Setting watchdog for 200 seconds at Tue Sep 03 18:04:10 UTC 2019
3 ms. Memory: 48128K Free: 25995K (54%)
ptolemy.util.test.WatchDog.cancel(): canceling Tue Sep 03 18:04:10 UTC 2019
------------------ testing $PTII/ptolemy/domains/de/test/auto/realtime.xml
auto.tcl: Setting watchdog for 200 seconds at Tue Sep 03 18:04:10 UTC 2019
10001 ms. Memory: 48128K Free: 29802K (62%)
ptolemy.util.test.WatchDog.cancel(): canceling Tue Sep 03 18:04:20 UTC 2019
auto.tcl: Setting watchdog for 200 seconds at Tue Sep 03 18:04:21 UTC 2019
10001 ms. Memory: 48128K Free: 29056K (60%)
ptolemy.util.test.WatchDog.cancel(): canceling Tue Sep 03 18:04:31 UTC 2019
------------------ testing $PTII/ptolemy/domains/de/test/auto/relationGroup.xml
auto.tcl: Setting watchdog for 200 seconds at Tue Sep 03 18:04:31 UTC 2019
2 ms. Memory: 48128K Free: 30863K (64%)
ptolemy.util.test.WatchDog.cancel(): canceling Tue Sep 03 18:04:31 UTC 2019
auto.tcl: Setting watchdog for 200 seconds at Tue Sep 03 18:04:31 UTC 2019
2 ms. Memory: 48128K Free: 30138K (63%)
ptolemy.util.test.WatchDog.cancel(): canceling Tue Sep 03 18:04:31 UTC 2019
------------------ testing $PTII/ptolemy/domains/de/test/auto/relationGroup2.xml
auto.tcl: Setting watchdog for 200 seconds at Tue Sep 03 18:04:31 UTC 2019
1 ms. Memory: 48128K Free: 30672K (64%)
ptolemy.util.test.WatchDog.cancel(): canceling Tue Sep 03 18:04:31 UTC 2019
auto.tcl: Setting watchdog for 200 seconds at Tue Sep 03 18:04:31 UTC 2019
1 ms. Memory: 48128K Free: 30191K (63%)
ptolemy.util.test.WatchDog.cancel(): canceling Tue Sep 03 18:04:31 UTC 2019
------------------ testing $PTII/ptolemy/domains/de/test/auto/sortWithOpaquePorts.xml
auto.tcl: Setting watchdog for 200 seconds at Tue Sep 03 18:04:31 UTC 2019
2 ms. Memory: 48128K Free: 29635K (62%)
ptolemy.util.test.WatchDog.cancel(): canceling Tue Sep 03 18:04:31 UTC 2019
auto.tcl: Setting watchdog for 200 seconds at Tue Sep 03 18:04:31 UTC 2019
2 ms. Memory: 48128K Free: 28618K (59%)
ptolemy.util.test.WatchDog.cancel(): canceling Tue Sep 03 18:04:31 UTC 2019
------------------ testing $PTII/ptolemy/domains/de/test/auto/transferInputsandOutputs.xml
auto.tcl: Setting watchdog for 200 seconds at Tue Sep 03 18:04:31 UTC 2019
4 ms. Memory: 48128K Free: 27079K (56%)
ptolemy.util.test.WatchDog.cancel(): canceling Tue Sep 03 18:04:31 UTC 2019
auto.tcl: Setting watchdog for 200 seconds at Tue Sep 03 18:04:31 UTC 2019
3 ms. Memory: 48128K Free: 26055K (54%)
ptolemy.util.test.WatchDog.cancel(): canceling Tue Sep 03 18:04:31 UTC 2019
------------------ testing $PTII/ptolemy/domains/de/test/auto/triggerType.xml
auto.tcl: Setting watchdog for 200 seconds at Tue Sep 03 18:04:31 UTC 2019
1 ms. Memory: 48128K Free: 30103K (63%)
ptolemy.util.test.WatchDog.cancel(): canceling Tue Sep 03 18:04:31 UTC 2019
auto.tcl: Setting watchdog for 200 seconds at Tue Sep 03 18:04:31 UTC 2019
1 ms. Memory: 48128K Free: 29139K (61%)
ptolemy.util.test.WatchDog.cancel(): canceling Tue Sep 03 18:04:31 UTC 2019
09/03/19 06:04:31
Failed: 0  Total Tests: 192  ((Passed: 187, Newly Passed: 1)  Known Failed: 5) /home/travis/build/icyphy/ptII/ptolemy/domains/de/test
09/03/19 06:04:31
Failed: 0  Total Tests: 192  ((Passed: 187, Newly Passed: 1)  Known Failed: 5) /home/travis/build/icyphy/ptII/ptolemy/domains/de/test
----------------- testing (KnownFailure) /home/travis/build/icyphy/ptII/ptolemy/domains/de/test/auto/knownFailedTests/DESDFClockTest.xml
2013 ms. Memory: 48128K Free: 22988K (48%)
Known Failure: java.lang.reflect.InvocationTargetException
----------------- testing (KnownFailure) /home/travis/build/icyphy/ptII/ptolemy/domains/de/test/auto/knownFailedTests/DirectFeedback.xml
1 ms. Memory: 48128K Free: 18892K (39%)
Known Failure: java.lang.reflect.InvocationTargetException
----------------- testing (KnownFailure) /home/travis/build/icyphy/ptII/ptolemy/domains/de/test/auto/knownFailedTests/FSMSource.xml
8 ms. Memory: 48128K Free: 11724K (24%)
----------------- testing (KnownFailure) /home/travis/build/icyphy/ptII/ptolemy/domains/de/test/auto/knownFailedTests/HierarchicalModel.xml
3 ms. Memory: 48128K Free: 21822K (45%)
Known Failure: java.lang.reflect.InvocationTargetException
----------------- testing (KnownFailure) /home/travis/build/icyphy/ptII/ptolemy/domains/de/test/auto/knownFailedTests/dependencyLoop.xml
10 ms. Memory: 48128K Free: 32512K (68%)
Known Failure: java.lang.reflect.InvocationTargetException
----------------- testing (KnownFailure) /home/travis/build/icyphy/ptII/ptolemy/domains/de/test/auto/knownFailedTests/dependencyLoop2.xml
6 ms. Memory: 48128K Free: 17260K (36%)
Known Failure: java.lang.reflect.InvocationTargetException
No auto/linux-amd64/*.xml tests in /home/travis/build/icyphy/ptII/ptolemy/domains/de/test
AutoTests.java: About to close Vertx.
AutoTests.java: Vertx closed.

===========================================================================================
----------------- testing Tue Sep 03 18:04:33 UTC 2019 /home/travis/build/icyphy/ptII/ptolemy/domains/de/test/auto/ActorDepthCalculation_actorWithoutPorts.xml
----------------- Instantiating /home/travis/build/icyphy/ptII/ptolemy/domains/de/test/auto/ActorDepthCalculation_actorWithoutPorts.xml
2 ms. Memory: 48128K Free: 11140K (23%)
----------------- Invoking toplevel() on ptolemy.moml.MoMLSimpleApplication@40bff221
----------------- Done invoking toplevel() on ptolemy.moml.MoMLSimpleApplication@40bff221
reloadAllAccessors: .ActorDepthCalculation_actorWithoutPorts

===========================================================================================
----------------- testing Tue Sep 03 18:04:33 UTC 2019 /home/travis/build/icyphy/ptII/ptolemy/domains/de/test/auto/AssemblyLine.xml
----------------- Instantiating /home/travis/build/icyphy/ptII/ptolemy/domains/de/test/auto/AssemblyLine.xml
3 ms. Memory: 48128K Free: 29630K (62%)
----------------- Invoking toplevel() on ptolemy.moml.MoMLSimpleApplication@5bf88bff
----------------- Done invoking toplevel() on ptolemy.moml.MoMLSimpleApplication@5bf88bff
reloadAllAccessors: .AssemblyLine

===========================================================================================
----------------- testing Tue Sep 03 18:04:33 UTC 2019 /home/travis/build/icyphy/ptII/ptolemy/domains/de/test/auto/CQBug1.xml
----------------- Instantiating /home/travis/build/icyphy/ptII/ptolemy/domains/de/test/auto/CQBug1.xml
1 ms. Memory: 48128K Free: 26558K (55%)
----------------- Invoking toplevel() on ptolemy.moml.MoMLSimpleApplication@362f9479
----------------- Done invoking toplevel() on ptolemy.moml.MoMLSimpleApplication@362f9479
reloadAllAccessors: .CQBug1

===========================================================================================
----------------- testing Tue Sep 03 18:04:33 UTC 2019 /home/travis/build/icyphy/ptII/ptolemy/domains/de/test/auto/CancelFireAt.xml
----------------- Instantiating /home/travis/build/icyphy/ptII/ptolemy/domains/de/test/auto/CancelFireAt.xml
8 ms. Memory: 48128K Free: 24153K (50%)
----------------- Invoking toplevel() on ptolemy.moml.MoMLSimpleApplication@203b481
----------------- Done invoking toplevel() on ptolemy.moml.MoMLSimpleApplication@203b481
reloadAllAccessors: .CancelFireAt

===========================================================================================
----------------- testing Tue Sep 03 18:04:33 UTC 2019 /home/travis/build/icyphy/ptII/ptolemy/domains/de/test/auto/CausalityAndComposabilityAnalysis.xml
----------------- Instantiating /home/travis/build/icyphy/ptII/ptolemy/domains/de/test/auto/CausalityAndComposabilityAnalysis.xml
1 ms. Memory: 48128K Free: 20025K (42%)
----------------- Invoking toplevel() on ptolemy.moml.MoMLSimpleApplication@14ee566c
----------------- Done invoking toplevel() on ptolemy.moml.MoMLSimpleApplication@14ee566c
reloadAllAccessors: .CausalityAndComposabilityAnalysis

===========================================================================================
----------------- testing Tue Sep 03 18:04:33 UTC 2019 /home/travis/build/icyphy/ptII/ptolemy/domains/de/test/auto/CausalityInterface1.xml
----------------- Instantiating /home/travis/build/icyphy/ptII/ptolemy/domains/de/test/auto/CausalityInterface1.xml
5 ms. Memory: 48128K Free: 15124K (31%)
----------------- Invoking toplevel() on ptolemy.moml.MoMLSimpleApplication@3ae16089
----------------- Done invoking toplevel() on ptolemy.moml.MoMLSimpleApplication@3ae16089
reloadAllAccessors: .CausalityInterface1

===========================================================================================
----------------- testing Tue Sep 03 18:04:33 UTC 2019 /home/travis/build/icyphy/ptII/ptolemy/domains/de/test/auto/CausalityInterface15.xml
----------------- Instantiating /home/travis/build/icyphy/ptII/ptolemy/domains/de/test/auto/CausalityInterface15.xml
3 ms. Memory: 48128K Free: 9763K (20%)
----------------- Invoking toplevel() on ptolemy.moml.MoMLSimpleApplication@570d6383
----------------- Done invoking toplevel() on ptolemy.moml.MoMLSimpleApplication@570d6383
reloadAllAccessors: .CausalityInterface15

===========================================================================================
----------------- testing Tue Sep 03 18:04:33 UTC 2019 /home/travis/build/icyphy/ptII/ptolemy/domains/de/test/auto/CausalityInterface2.xml
----------------- Instantiating /home/travis/build/icyphy/ptII/ptolemy/domains/de/test/auto/CausalityInterface2.xml
2 ms. Memory: 48128K Free: 30785K (64%)
[...]
	at ptolemy.actor.Manager.run(Manager.java:1263)
	at ptolemy.actor.Manager$PtolemyRunThread.run(Manager.java:1933)
java.lang.RuntimeException: Execution failed
	at ptolemy.moml.MoMLSimpleApplication$UnloadThread.run(MoMLSimpleApplication.java:402)
Caused by: ptolemy.kernel.util.IllegalActionException: Actor is not ready to fire.  Perhaps UpSample.prefire() returned false? Try debugging the actor by selecting "Listen to Actor".  Also, for SDF check moml for tokenConsumptionRate on input.
  in .DESDFClockTest.Play Bell.Copy1:SDF Director and .DESDFClockTest.Play Bell.UpSample
	at ptolemy.actor.sched.StaticSchedulingDirector.fire(StaticSchedulingDirector.java:227)
	at ptolemy.domains.sdf.kernel.SDFDirector.fire(SDFDirector.java:500)
	at ptolemy.actor.CompositeActor.fire(CompositeActor.java:455)
	at ptolemy.domains.de.kernel.DEDirector._fire(DEDirector.java:1949)
	at ptolemy.domains.de.kernel.DEDirector.fire(DEDirector.java:502)
	at ptolemy.actor.CompositeActor.fire(CompositeActor.java:455)
	at ptolemy.actor.Manager.iterate(Manager.java:851)
	at ptolemy.actor.Manager.execute(Manager.java:369)
	at ptolemy.actor.Manager.run(Manager.java:1263)
	at ptolemy.actor.Manager$PtolemyRunThread.run(Manager.java:1933)
java.lang.reflect.InvocationTargetException
	at java.base/jdk.internal.reflect.NativeConstructorAccessorImpl.newInstance0(Native Method)
	at java.base/jdk.internal.reflect.NativeConstructorAccessorImpl.newInstance(NativeConstructorAccessorImpl.java:62)
	at java.base/jdk.internal.reflect.DelegatingConstructorAccessorImpl.newInstance(DelegatingConstructorAccessorImpl.java:45)
	at java.base/java.lang.reflect.Constructor.newInstance(Constructor.java:490)
	at ptolemy.util.test.junit.AutoKnownFailedTests.RunModel(AutoKnownFailedTests.java:105)
	at java.base/jdk.internal.reflect.NativeMethodAccessorImpl.invoke0(Native Method)
	at java.base/jdk.internal.reflect.NativeMethodAccessorImpl.invoke(NativeMethodAccessorImpl.java:62)
	at java.base/jdk.internal.reflect.DelegatingMethodAccessorImpl.invoke(DelegatingMethodAccessorImpl.java:43)
	at java.base/java.lang.reflect.Method.invoke(Method.java:566)
	at org.junit.runners.model.FrameworkMethod$1.runReflectiveCall(FrameworkMethod.java:44)
	at org.junit.internal.runners.model.ReflectiveCallable.run(ReflectiveCallable.java:15)
	at org.junit.runners.model.FrameworkMethod.invokeExplosively(FrameworkMethod.java:41)
	at junitparams.internal.InvokeParameterisedMethod.evaluate(InvokeParameterisedMethod.java:102)
	at org.junit.internal.runners.statements.FailOnTimeout$1.run(FailOnTimeout.java:28)
Caused by: ptolemy.kernel.util.IllegalActionException: Actor is not ready to fire.  Perhaps UpSample.prefire() returned false? Try debugging the actor by selecting "Listen to Actor".  Also, for SDF check moml for tokenConsumptionRate on input.
  in .DESDFClockTest.Play Bell.Copy1:SDF Director and .DESDFClockTest.Play Bell.UpSample
	at ptolemy.actor.sched.StaticSchedulingDirector.fire(StaticSchedulingDirector.java:227)
	at ptolemy.domains.sdf.kernel.SDFDirector.fire(SDFDirector.java:500)
	at ptolemy.actor.CompositeActor.fire(CompositeActor.java:455)
	at ptolemy.domains.de.kernel.DEDirector._fire(DEDirector.java:1949)
	at ptolemy.domains.de.kernel.DEDirector.fire(DEDirector.java:502)
	at ptolemy.actor.CompositeActor.fire(CompositeActor.java:455)
	at ptolemy.actor.Manager.iterate(Manager.java:851)
	at ptolemy.actor.Manager.execute(Manager.java:369)
	at ptolemy.actor.Manager.run(Manager.java:1263)
	at ptolemy.actor.Manager$PtolemyRunThread.run(Manager.java:1933)
java.lang.RuntimeException: Execution failed
	at ptolemy.moml.MoMLSimpleApplication$UnloadThread.run(MoMLSimpleApplication.java:402)
Caused by: ptolemy.kernel.util.IllegalActionException: Test fails in iteration 1.
Value was: 1.0. Should have been: 2.0
  in .DirectFeedback.Test
	at ptolemy.actor.lib.Test.fire(Test.java:268)
	at ptolemy.domains.de.kernel.DEDirector._fire(DEDirector.java:1949)
	at ptolemy.domains.de.kernel.DEDirector.fire(DEDirector.java:502)
	at ptolemy.actor.CompositeActor.fire(CompositeActor.java:455)
	at ptolemy.actor.Manager.iterate(Manager.java:851)
	at ptolemy.actor.Manager.execute(Manager.java:369)
	at ptolemy.actor.Manager.run(Manager.java:1263)
	at ptolemy.actor.Manager$PtolemyRunThread.run(Manager.java:1933)
java.lang.reflect.InvocationTargetException
	at java.base/jdk.internal.reflect.NativeConstructorAccessorImpl.newInstance0(Native Method)
	at java.base/jdk.internal.reflect.NativeConstructorAccessorImpl.newInstance(NativeConstructorAccessorImpl.java:62)
	at java.base/jdk.internal.reflect.DelegatingConstructorAccessorImpl.newInstance(DelegatingConstructorAccessorImpl.java:45)
	at java.base/java.lang.reflect.Constructor.newInstance(Constructor.java:490)
	at ptolemy.util.test.junit.AutoKnownFailedTests.RunModel(AutoKnownFailedTests.java:105)
	at java.base/jdk.internal.reflect.NativeMethodAccessorImpl.invoke0(Native Method)
	at java.base/jdk.internal.reflect.NativeMethodAccessorImpl.invoke(NativeMethodAccessorImpl.java:62)
	at java.base/jdk.internal.reflect.DelegatingMethodAccessorImpl.invoke(DelegatingMethodAccessorImpl.java:43)
	at java.base/java.lang.reflect.Method.invoke(Method.java:566)
	at org.junit.runners.model.FrameworkMethod$1.runReflectiveCall(FrameworkMethod.java:44)
	at org.junit.internal.runners.model.ReflectiveCallable.run(ReflectiveCallable.java:15)
	at org.junit.runners.model.FrameworkMethod.invokeExplosively(FrameworkMethod.java:41)
	at junitparams.internal.InvokeParameterisedMethod.evaluate(InvokeParameterisedMethod.java:102)
	at org.junit.internal.runners.statements.FailOnTimeout$1.run(FailOnTimeout.java:28)
Caused by: ptolemy.kernel.util.IllegalActionException: Test fails in iteration 1.
Value was: 1.0. Should have been: 2.0
  in .DirectFeedback.Test
	at ptolemy.actor.lib.Test.fire(Test.java:268)
	at ptolemy.domains.de.kernel.DEDirector._fire(DEDirector.java:1949)
	at ptolemy.domains.de.kernel.DEDirector.fire(DEDirector.java:502)
	at ptolemy.actor.CompositeActor.fire(CompositeActor.java:455)
	at ptolemy.actor.Manager.iterate(Manager.java:851)
	at ptolemy.actor.Manager.execute(Manager.java:369)
	at ptolemy.actor.Manager.run(Manager.java:1263)
	at ptolemy.actor.Manager$PtolemyRunThread.run(Manager.java:1933)
java.lang.RuntimeException: Execution failed
	at ptolemy.moml.MoMLSimpleApplication$UnloadThread.run(MoMLSimpleApplication.java:402)
Caused by: ptolemy.kernel.util.IllegalActionException: Found a zero delay loop containing .HierarchicalModel.A
  in .HierarchicalModel and .HierarchicalModel.A
	at ptolemy.actor.util.CausalityInterfaceForComposites._computeOutputPortDepth(CausalityInterfaceForComposites.java:759)
	at ptolemy.actor.util.CausalityInterfaceForComposites._computeInputDepth(CausalityInterfaceForComposites.java:696)
	at ptolemy.actor.util.CausalityInterfaceForComposites._computeOutputPortDepth(CausalityInterfaceForComposites.java:765)
	at ptolemy.actor.util.CausalityInterfaceForComposites._computeInputDepth(CausalityInterfaceForComposites.java:696)
	at ptolemy.actor.util.CausalityInterfaceForComposites._computeOutputPortDepth(CausalityInterfaceForComposites.java:765)
	at ptolemy.actor.util.CausalityInterfaceForComposites._computeInputDepth(CausalityInterfaceForComposites.java:696)
	at ptolemy.actor.util.CausalityInterfaceForComposites._computeActorDepth(CausalityInterfaceForComposites.java:532)
	at ptolemy.actor.util.CausalityInterfaceForComposites.checkForCycles(CausalityInterfaceForComposites.java:96)
	at ptolemy.domains.de.kernel.DEDirector.preinitialize(DEDirector.java:1338)
	at ptolemy.actor.CompositeActor.preinitialize(CompositeActor.java:1828)
	at ptolemy.actor.Manager.preinitializeAndResolveTypes(Manager.java:1040)
	at ptolemy.actor.Manager.initialize(Manager.java:710)
	at ptolemy.actor.Manager.execute(Manager.java:356)
	at ptolemy.actor.Manager.run(Manager.java:1263)
	at ptolemy.actor.Manager$PtolemyRunThread.run(Manager.java:1933)
java.lang.reflect.InvocationTargetException
	at java.base/jdk.internal.reflect.NativeConstructorAccessorImpl.newInstance0(Native Method)
	at java.base/jdk.internal.reflect.NativeConstructorAccessorImpl.newInstance(NativeConstructorAccessorImpl.java:62)
	at java.base/jdk.internal.reflect.DelegatingConstructorAccessorImpl.newInstance(DelegatingConstructorAccessorImpl.java:45)
	at java.base/java.lang.reflect.Constructor.newInstance(Constructor.java:490)
	at ptolemy.util.test.junit.AutoKnownFailedTests.RunModel(AutoKnownFailedTests.java:105)
	at java.base/jdk.internal.reflect.NativeMethodAccessorImpl.invoke0(Native Method)
	at java.base/jdk.internal.reflect.NativeMethodAccessorImpl.invoke(NativeMethodAccessorImpl.java:62)
	at java.base/jdk.internal.reflect.DelegatingMethodAccessorImpl.invoke(DelegatingMethodAccessorImpl.java:43)
	at java.base/java.lang.reflect.Method.invoke(Method.java:566)
	at org.junit.runners.model.FrameworkMethod$1.runReflectiveCall(FrameworkMethod.java:44)
	at org.junit.internal.runners.model.ReflectiveCallable.run(ReflectiveCallable.java:15)
	at org.junit.runners.model.FrameworkMethod.invokeExplosively(FrameworkMethod.java:41)
	at junitparams.internal.InvokeParameterisedMethod.evaluate(InvokeParameterisedMethod.java:102)
	at org.junit.internal.runners.statements.FailOnTimeout$1.run(FailOnTimeout.java:28)
Caused by: ptolemy.kernel.util.IllegalActionException: Found a zero delay loop containing .HierarchicalModel.A
  in .HierarchicalModel and .HierarchicalModel.A
	at ptolemy.actor.util.CausalityInterfaceForComposites._computeOutputPortDepth(CausalityInterfaceForComposites.java:759)
	at ptolemy.actor.util.CausalityInterfaceForComposites._computeInputDepth(CausalityInterfaceForComposites.java:696)
	at ptolemy.actor.util.CausalityInterfaceForComposites._computeOutputPortDepth(CausalityInterfaceForComposites.java:765)
	at ptolemy.actor.util.CausalityInterfaceForComposites._computeInputDepth(CausalityInterfaceForComposites.java:696)
	at ptolemy.actor.util.CausalityInterfaceForComposites._computeOutputPortDepth(CausalityInterfaceForComposites.java:765)
	at ptolemy.actor.util.CausalityInterfaceForComposites._computeInputDepth(CausalityInterfaceForComposites.java:696)
	at ptolemy.actor.util.CausalityInterfaceForComposites._computeActorDepth(CausalityInterfaceForComposites.java:532)
	at ptolemy.actor.util.CausalityInterfaceForComposites.checkForCycles(CausalityInterfaceForComposites.java:96)
	at ptolemy.domains.de.kernel.DEDirector.preinitialize(DEDirector.java:1338)
	at ptolemy.actor.CompositeActor.preinitialize(CompositeActor.java:1828)
	at ptolemy.actor.Manager.preinitializeAndResolveTypes(Manager.java:1040)
	at ptolemy.actor.Manager.initialize(Manager.java:710)
	at ptolemy.actor.Manager.execute(Manager.java:356)
	at ptolemy.actor.Manager.run(Manager.java:1263)
	at ptolemy.actor.Manager$PtolemyRunThread.run(Manager.java:1933)
java.lang.RuntimeException: Execution failed
	at ptolemy.moml.MoMLSimpleApplication$UnloadThread.run(MoMLSimpleApplication.java:402)
Caused by: ptolemy.kernel.util.IllegalActionException: Found a zero delay loop containing .dependencyLoop.original
  in .dependencyLoop and .dependencyLoop.original
	at ptolemy.actor.util.CausalityInterfaceForComposites._computeOutputPortDepth(CausalityInterfaceForComposites.java:759)
	at ptolemy.actor.util.CausalityInterfaceForComposites._computeInputDepth(CausalityInterfaceForComposites.java:696)
	at ptolemy.actor.util.CausalityInterfaceForComposites._computeOutputPortDepth(CausalityInterfaceForComposites.java:765)
	at ptolemy.actor.util.CausalityInterfaceForComposites._computeInputDepth(CausalityInterfaceForComposites.java:696)
	at ptolemy.actor.util.CausalityInterfaceForComposites._computeOutputPortDepth(CausalityInterfaceForComposites.java:765)
	at ptolemy.actor.util.CausalityInterfaceForComposites._computeInputDepth(CausalityInterfaceForComposites.java:696)
	at ptolemy.actor.util.CausalityInterfaceForComposites._computeActorDepth(CausalityInterfaceForComposites.java:532)
	at ptolemy.actor.util.CausalityInterfaceForComposites.checkForCycles(CausalityInterfaceForComposites.java:96)
	at ptolemy.domains.de.kernel.DEDirector.preinitialize(DEDirector.java:1338)
	at ptolemy.actor.CompositeActor.preinitialize(CompositeActor.java:1828)
	at ptolemy.actor.Manager.preinitializeAndResolveTypes(Manager.java:1040)
	at ptolemy.actor.Manager.initialize(Manager.java:710)
	at ptolemy.actor.Manager.execute(Manager.java:356)
	at ptolemy.actor.Manager.run(Manager.java:1263)
	at ptolemy.actor.Manager$PtolemyRunThread.run(Manager.java:1933)
java.lang.reflect.InvocationTargetException
	at java.base/jdk.internal.reflect.NativeConstructorAccessorImpl.newInstance0(Native Method)
	at java.base/jdk.internal.reflect.NativeConstructorAccessorImpl.newInstance(NativeConstructorAccessorImpl.java:62)
	at java.base/jdk.internal.reflect.DelegatingConstructorAccessorImpl.newInstance(DelegatingConstructorAccessorImpl.java:45)
	at java.base/java.lang.reflect.Constructor.newInstance(Constructor.java:490)
	at ptolemy.util.test.junit.AutoKnownFailedTests.RunModel(AutoKnownFailedTests.java:105)
	at java.base/jdk.internal.reflect.NativeMethodAccessorImpl.invoke0(Native Method)
	at java.base/jdk.internal.reflect.NativeMethodAccessorImpl.invoke(NativeMethodAccessorImpl.java:62)
	at java.base/jdk.internal.reflect.DelegatingMethodAccessorImpl.invoke(DelegatingMethodAccessorImpl.java:43)
	at java.base/java.lang.reflect.Method.invoke(Method.java:566)
	at org.junit.runners.model.FrameworkMethod$1.runReflectiveCall(FrameworkMethod.java:44)
	at org.junit.internal.runners.model.ReflectiveCallable.run(ReflectiveCallable.java:15)
	at org.junit.runners.model.FrameworkMethod.invokeExplosively(FrameworkMethod.java:41)
	at junitparams.internal.InvokeParameterisedMethod.evaluate(InvokeParameterisedMethod.java:102)
	at org.junit.internal.runners.statements.FailOnTimeout$1.run(FailOnTimeout.java:28)
Caused by: ptolemy.kernel.util.IllegalActionException: Found a zero delay loop containing .dependencyLoop.original
  in .dependencyLoop and .dependencyLoop.original
	at ptolemy.actor.util.CausalityInterfaceForComposites._computeOutputPortDepth(CausalityInterfaceForComposites.java:759)
	at ptolemy.actor.util.CausalityInterfaceForComposites._computeInputDepth(CausalityInterfaceForComposites.java:696)
	at ptolemy.actor.util.CausalityInterfaceForComposites._computeOutputPortDepth(CausalityInterfaceForComposites.java:765)
	at ptolemy.actor.util.CausalityInterfaceForComposites._computeInputDepth(CausalityInterfaceForComposites.java:696)
	at ptolemy.actor.util.CausalityInterfaceForComposites._computeOutputPortDepth(CausalityInterfaceForComposites.java:765)
	at ptolemy.actor.util.CausalityInterfaceForComposites._computeInputDepth(CausalityInterfaceForComposites.java:696)
	at ptolemy.actor.util.CausalityInterfaceForComposites._computeActorDepth(CausalityInterfaceForComposites.java:532)
	at ptolemy.actor.util.CausalityInterfaceForComposites.checkForCycles(CausalityInterfaceForComposites.java:96)
	at ptolemy.domains.de.kernel.DEDirector.preinitialize(DEDirector.java:1338)
	at ptolemy.actor.CompositeActor.preinitialize(CompositeActor.java:1828)
	at ptolemy.actor.Manager.preinitializeAndResolveTypes(Manager.java:1040)
	at ptolemy.actor.Manager.initialize(Manager.java:710)
	at ptolemy.actor.Manager.execute(Manager.java:356)
	at ptolemy.actor.Manager.run(Manager.java:1263)
	at ptolemy.actor.Manager$PtolemyRunThread.run(Manager.java:1933)
java.lang.RuntimeException: Execution failed
	at ptolemy.moml.MoMLSimpleApplication$UnloadThread.run(MoMLSimpleApplication.java:402)
Caused by: ptolemy.kernel.util.IllegalActionException: Found a zero delay loop containing .dependencyLoop2.original
  in .dependencyLoop2 and .dependencyLoop2.original
	at ptolemy.actor.util.CausalityInterfaceForComposites._computeOutputPortDepth(CausalityInterfaceForComposites.java:759)
	at ptolemy.actor.util.CausalityInterfaceForComposites._computeInputDepth(CausalityInterfaceForComposites.java:696)
	at ptolemy.actor.util.CausalityInterfaceForComposites._computeOutputPortDepth(CausalityInterfaceForComposites.java:765)
	at ptolemy.actor.util.CausalityInterfaceForComposites._computeInputDepth(CausalityInterfaceForComposites.java:696)
	at ptolemy.actor.util.CausalityInterfaceForComposites._computeOutputPortDepth(CausalityInterfaceForComposites.java:765)
	at ptolemy.actor.util.CausalityInterfaceForComposites._computeInputDepth(CausalityInterfaceForComposites.java:696)
	at ptolemy.actor.util.CausalityInterfaceForComposites._computeActorDepth(CausalityInterfaceForComposites.java:532)
	at ptolemy.actor.util.CausalityInterfaceForComposites.checkForCycles(CausalityInterfaceForComposites.java:96)
	at ptolemy.domains.de.kernel.DEDirector.preinitialize(DEDirector.java:1338)
	at ptolemy.actor.CompositeActor.preinitialize(CompositeActor.java:1828)
	at ptolemy.actor.Manager.preinitializeAndResolveTypes(Manager.java:1040)
	at ptolemy.actor.Manager.initialize(Manager.java:710)
	at ptolemy.actor.Manager.execute(Manager.java:356)
	at ptolemy.actor.Manager.run(Manager.java:1263)
	at ptolemy.actor.Manager$PtolemyRunThread.run(Manager.java:1933)
java.lang.reflect.InvocationTargetException
	at java.base/jdk.internal.reflect.NativeConstructorAccessorImpl.newInstance0(Native Method)
	at java.base/jdk.internal.reflect.NativeConstructorAccessorImpl.newInstance(NativeConstructorAccessorImpl.java:62)
	at java.base/jdk.internal.reflect.DelegatingConstructorAccessorImpl.newInstance(DelegatingConstructorAccessorImpl.java:45)
	at java.base/java.lang.reflect.Constructor.newInstance(Constructor.java:490)
	at ptolemy.util.test.junit.AutoKnownFailedTests.RunModel(AutoKnownFailedTests.java:105)
	at java.base/jdk.internal.reflect.NativeMethodAccessorImpl.invoke0(Native Method)
	at java.base/jdk.internal.reflect.NativeMethodAccessorImpl.invoke(NativeMethodAccessorImpl.java:62)
	at java.base/jdk.internal.reflect.DelegatingMethodAccessorImpl.invoke(DelegatingMethodAccessorImpl.java:43)
	at java.base/java.lang.reflect.Method.invoke(Method.java:566)
	at org.junit.runners.model.FrameworkMethod$1.runReflectiveCall(FrameworkMethod.java:44)
	at org.junit.internal.runners.model.ReflectiveCallable.run(ReflectiveCallable.java:15)
	at org.junit.runners.model.FrameworkMethod.invokeExplosively(FrameworkMethod.java:41)
	at junitparams.internal.InvokeParameterisedMethod.evaluate(InvokeParameterisedMethod.java:102)
	at org.junit.internal.runners.statements.FailOnTimeout$1.run(FailOnTimeout.java:28)
Caused by: ptolemy.kernel.util.IllegalActionException: Found a zero delay loop containing .dependencyLoop2.original
  in .dependencyLoop2 and .dependencyLoop2.original
	at ptolemy.actor.util.CausalityInterfaceForComposites._computeOutputPortDepth(CausalityInterfaceForComposites.java:759)
	at ptolemy.actor.util.CausalityInterfaceForComposites._computeInputDepth(CausalityInterfaceForComposites.java:696)
	at ptolemy.actor.util.CausalityInterfaceForComposites._computeOutputPortDepth(CausalityInterfaceForComposites.java:765)
	at ptolemy.actor.util.CausalityInterfaceForComposites._computeInputDepth(CausalityInterfaceForComposites.java:696)
	at ptolemy.actor.util.CausalityInterfaceForComposites._computeOutputPortDepth(CausalityInterfaceForComposites.java:765)
	at ptolemy.actor.util.CausalityInterfaceForComposites._computeInputDepth(CausalityInterfaceForComposites.java:696)
	at ptolemy.actor.util.CausalityInterfaceForComposites._computeActorDepth(CausalityInterfaceForComposites.java:532)
	at ptolemy.actor.util.CausalityInterfaceForComposites.checkForCycles(CausalityInterfaceForComposites.java:96)
	at ptolemy.domains.de.kernel.DEDirector.preinitialize(DEDirector.java:1338)
	at ptolemy.actor.CompositeActor.preinitialize(CompositeActor.java:1828)
	at ptolemy.actor.Manager.preinitializeAndResolveTypes(Manager.java:1040)
	at ptolemy.actor.Manager.initialize(Manager.java:710)
	at ptolemy.actor.Manager.execute(Manager.java:356)
	at ptolemy.actor.Manager.run(Manager.java:1263)
	at ptolemy.actor.Manager$PtolemyRunThread.run(Manager.java:1933)
]]></system-err>
</testsuite>
