<?xml version="1.0" encoding="UTF-8" ?>
<testsuite errors="0" failures="0" hostname="travis-job-40fbdf5e-d536-48a6-abc1-d83c97ecdf88" name="ptolemy.domains.continuous.test.junit.JUnitTclTest" skipped="0" tests="156" time="76.526" timestamp="2018-10-19T02:33:35">
  <properties>
[...]
</properties>
  <testcase classname="ptolemy.util.test.junit.TclTests" name="[0] ThereAreNoTclTests (RunTclFile)" time="0.001" />
  <testcase classname="ptolemy.util.test.junit.AutoKnownFailedTests" name="[0] ThereAreNoKnowFailedTests (RunModel)" time="0.001" />
  <testcase classname="ptolemy.util.test.junit.AutoNameArchTests" name="[0] ThereAreNoAutoArchTests (RunModel)" time="0.001" />
  <testcase classname="ptolemy.util.test.junit.AutoTests" name="[0] /home/travis/build/icyphy/ptII/ptolemy/domains/continuous/test/auto/BouncingBall.xml (RunModel)" time="2.664" />
  <testcase classname="ptolemy.util.test.junit.AutoTests" name="[1] /home/travis/build/icyphy/ptII/ptolemy/domains/continuous/test/auto/BouncingBallWithoutGR.xml (RunModel)" time="0.878" />
  <testcase classname="ptolemy.util.test.junit.AutoTests" name="[2] /home/travis/build/icyphy/ptII/ptolemy/domains/continuous/test/auto/Brownian.xml (RunModel)" time="0.107" />
  <testcase classname="ptolemy.util.test.junit.AutoTests" name="[3] /home/travis/build/icyphy/ptII/ptolemy/domains/continuous/test/auto/CarTracking.xml (RunModel)" time="3.61" />
  <testcase classname="ptolemy.util.test.junit.AutoTests" name="[4] /home/travis/build/icyphy/ptII/ptolemy/domains/continuous/test/auto/CartPendulum.xml (RunModel)" time="0.51" />
  <testcase classname="ptolemy.util.test.junit.AutoTests" name="[5] /home/travis/build/icyphy/ptII/ptolemy/domains/continuous/test/auto/CausalityInterface10.xml (RunModel)" time="0.044" />
  <testcase classname="ptolemy.util.test.junit.AutoTests" name="[6] /home/travis/build/icyphy/ptII/ptolemy/domains/continuous/test/auto/CausalityInterface11.xml (RunModel)" time="0.039" />
  <testcase classname="ptolemy.util.test.junit.AutoTests" name="[7] /home/travis/build/icyphy/ptII/ptolemy/domains/continuous/test/auto/CausalityInterface12.xml (RunModel)" time="0.026" />
  <testcase classname="ptolemy.util.test.junit.AutoTests" name="[8] /home/travis/build/icyphy/ptII/ptolemy/domains/continuous/test/auto/CausalityInterface13.xml (RunModel)" time="0.026" />
  <testcase classname="ptolemy.util.test.junit.AutoTests" name="[9] /home/travis/build/icyphy/ptII/ptolemy/domains/continuous/test/auto/CausalityInterface14.xml (RunModel)" time="0.024" />
  <testcase classname="ptolemy.util.test.junit.AutoTests" name="[10] /home/travis/build/icyphy/ptII/ptolemy/domains/continuous/test/auto/CausalityInterface4.xml (RunModel)" time="0.037" />
  <testcase classname="ptolemy.util.test.junit.AutoTests" name="[11] /home/travis/build/icyphy/ptII/ptolemy/domains/continuous/test/auto/CausalityInterface5.xml (RunModel)" time="0.039" />
  <testcase classname="ptolemy.util.test.junit.AutoTests" name="[12] /home/travis/build/icyphy/ptII/ptolemy/domains/continuous/test/auto/CausalityInterface6.xml (RunModel)" time="0.027" />
  <testcase classname="ptolemy.util.test.junit.AutoTests" name="[13] /home/travis/build/icyphy/ptII/ptolemy/domains/continuous/test/auto/CausalityInterface7.xml (RunModel)" time="0.049" />
  <testcase classname="ptolemy.util.test.junit.AutoTests" name="[14] /home/travis/build/icyphy/ptII/ptolemy/domains/continuous/test/auto/CausalityInterface8.xml (RunModel)" time="0.04" />
  <testcase classname="ptolemy.util.test.junit.AutoTests" name="[15] /home/travis/build/icyphy/ptII/ptolemy/domains/continuous/test/auto/CausalityInterface9.xml (RunModel)" time="0.042" />
  <testcase classname="ptolemy.util.test.junit.AutoTests" name="[16] /home/travis/build/icyphy/ptII/ptolemy/domains/continuous/test/auto/CausalityInterfaceFeedback1.xml (RunModel)" time="0.031" />
  <testcase classname="ptolemy.util.test.junit.AutoTests" name="[17] /home/travis/build/icyphy/ptII/ptolemy/domains/continuous/test/auto/CausalityInterfaceFeedback2.xml (RunModel)" time="0.035" />
  <testcase classname="ptolemy.util.test.junit.AutoTests" name="[18] /home/travis/build/icyphy/ptII/ptolemy/domains/continuous/test/auto/CompareWithCurrentTime.xml (RunModel)" time="0.025" />
  <testcase classname="ptolemy.util.test.junit.AutoTests" name="[19] /home/travis/build/icyphy/ptII/ptolemy/domains/continuous/test/auto/ComparedClocks.xml (RunModel)" time="0.072" />
  <testcase classname="ptolemy.util.test.junit.AutoTests" name="[20] /home/travis/build/icyphy/ptII/ptolemy/domains/continuous/test/auto/ContinuousAOCClone.xml (RunModel)" time="2.734" />
  <testcase classname="ptolemy.util.test.junit.AutoTests" name="[21] /home/travis/build/icyphy/ptII/ptolemy/domains/continuous/test/auto/ContinuousClock.xml (RunModel)" time="0.096" />
  <testcase classname="ptolemy.util.test.junit.AutoTests" name="[22] /home/travis/build/icyphy/ptII/ptolemy/domains/continuous/test/auto/ContinuousInContinuous.xml (RunModel)" time="0.082" />
  <testcase classname="ptolemy.util.test.junit.AutoTests" name="[23] /home/travis/build/icyphy/ptII/ptolemy/domains/continuous/test/auto/ContinuousInContinuousInContinuous.xml (RunModel)" time="0.022" />
  <testcase classname="ptolemy.util.test.junit.AutoTests" name="[24] /home/travis/build/icyphy/ptII/ptolemy/domains/continuous/test/auto/ContinuousInDE.xml (RunModel)" time="0.085" />
  <testcase classname="ptolemy.util.test.junit.AutoTests" name="[25] /home/travis/build/icyphy/ptII/ptolemy/domains/continuous/test/auto/ContinuousInDE2.xml (RunModel)" time="0.079" />
  <testcase classname="ptolemy.util.test.junit.AutoTests" name="[26] /home/travis/build/icyphy/ptII/ptolemy/domains/continuous/test/auto/ContinuousInDE3.xml (RunModel)" time="0.064" />
  <testcase classname="ptolemy.util.test.junit.AutoTests" name="[27] /home/travis/build/icyphy/ptII/ptolemy/domains/continuous/test/auto/ContinuousInDE4.xml (RunModel)" time="0.031" />
  <testcase classname="ptolemy.util.test.junit.AutoTests" name="[28] /home/travis/build/icyphy/ptII/ptolemy/domains/continuous/test/auto/ContinuousInDEDifferentRefinements.xml (RunModel)" time="0.104" />
  <testcase classname="ptolemy.util.test.junit.AutoTests" name="[29] /home/travis/build/icyphy/ptII/ptolemy/domains/continuous/test/auto/ContinuousInDEDifferentRefinementsPreemptive.xml (RunModel)" time="0.079" />
  <testcase classname="ptolemy.util.test.junit.AutoTests" name="[30] /home/travis/build/icyphy/ptII/ptolemy/domains/continuous/test/auto/ContinuousInDEInContinuous2.xml (RunModel)" time="0.055" />
  <testcase classname="ptolemy.util.test.junit.AutoTests" name="[31] /home/travis/build/icyphy/ptII/ptolemy/domains/continuous/test/auto/ContinuousInDEInContinuous3.xml (RunModel)" time="0.065" />
  <testcase classname="ptolemy.util.test.junit.AutoTests" name="[32] /home/travis/build/icyphy/ptII/ptolemy/domains/continuous/test/auto/ContinuousInDEInput.xml (RunModel)" time="0.046" />
  <testcase classname="ptolemy.util.test.junit.AutoTests" name="[33] /home/travis/build/icyphy/ptII/ptolemy/domains/continuous/test/auto/ContinuousInDEInput2.xml (RunModel)" time="0.041" />
  <testcase classname="ptolemy.util.test.junit.AutoTests" name="[34] /home/travis/build/icyphy/ptII/ptolemy/domains/continuous/test/auto/ContinuousInDEInput3.xml (RunModel)" time="0.034" />
  <testcase classname="ptolemy.util.test.junit.AutoTests" name="[35] /home/travis/build/icyphy/ptII/ptolemy/domains/continuous/test/auto/ContinuousInDESharingRefinement.xml (RunModel)" time="0.186" />
  <testcase classname="ptolemy.util.test.junit.AutoTests" name="[36] /home/travis/build/icyphy/ptII/ptolemy/domains/continuous/test/auto/ContinuousInDEwithNoPorts.xml (RunModel)" time="0.02" />
  <testcase classname="ptolemy.util.test.junit.AutoTests" name="[37] /home/travis/build/icyphy/ptII/ptolemy/domains/continuous/test/auto/ContinuousInsideDE.xml (RunModel)" time="0.088" />
  <testcase classname="ptolemy.util.test.junit.AutoTests" name="[38] /home/travis/build/icyphy/ptII/ptolemy/domains/continuous/test/auto/ContinuousMerge1.xml (RunModel)" time="0.023" />
  <testcase classname="ptolemy.util.test.junit.AutoTests" name="[39] /home/travis/build/icyphy/ptII/ptolemy/domains/continuous/test/auto/ContinuousMerge2.xml (RunModel)" time="0.047" />
  <testcase classname="ptolemy.util.test.junit.AutoTests" name="[40] /home/travis/build/icyphy/ptII/ptolemy/domains/continuous/test/auto/ContinuousMerge3.xml (RunModel)" time="0.075" />
  <testcase classname="ptolemy.util.test.junit.AutoTests" name="[41] /home/travis/build/icyphy/ptII/ptolemy/domains/continuous/test/auto/ContinuousWithinContinuous.xml (RunModel)" time="0.066" />
  <testcase classname="ptolemy.util.test.junit.AutoTests" name="[42] /home/travis/build/icyphy/ptII/ptolemy/domains/continuous/test/auto/ContinuousWithinContinuous2.xml (RunModel)" time="0.095" />
  <testcase classname="ptolemy.util.test.junit.AutoTests" name="[43] /home/travis/build/icyphy/ptII/ptolemy/domains/continuous/test/auto/ContinuousWithinContinuous3.xml (RunModel)" time="0.034" />
  <testcase classname="ptolemy.util.test.junit.AutoTests" name="[44] /home/travis/build/icyphy/ptII/ptolemy/domains/continuous/test/auto/ContinuousWithinContinuous4.xml (RunModel)" time="0.095" />
  <testcase classname="ptolemy.util.test.junit.AutoTests" name="[45] /home/travis/build/icyphy/ptII/ptolemy/domains/continuous/test/auto/ContinuousWithinContinuous5.xml (RunModel)" time="0.033" />
  <testcase classname="ptolemy.util.test.junit.AutoTests" name="[46] /home/travis/build/icyphy/ptII/ptolemy/domains/continuous/test/auto/ContinuousWithinContinuous6.xml (RunModel)" time="0.047" />
  <testcase classname="ptolemy.util.test.junit.AutoTests" name="[47] /home/travis/build/icyphy/ptII/ptolemy/domains/continuous/test/auto/ContinuousWithinContinuous7.xml (RunModel)" time="0.08" />
  <testcase classname="ptolemy.util.test.junit.AutoTests" name="[48] /home/travis/build/icyphy/ptII/ptolemy/domains/continuous/test/auto/DCMotor.xml (RunModel)" time="14.833" />
  <testcase classname="ptolemy.util.test.junit.AutoTests" name="[49] /home/travis/build/icyphy/ptII/ptolemy/domains/continuous/test/auto/DEInContinuous.xml (RunModel)" time="0.025" />
  <testcase classname="ptolemy.util.test.junit.AutoTests" name="[50] /home/travis/build/icyphy/ptII/ptolemy/domains/continuous/test/auto/DEinContinuous2.xml (RunModel)" time="0.026" />
  <testcase classname="ptolemy.util.test.junit.AutoTests" name="[51] /home/travis/build/icyphy/ptII/ptolemy/domains/continuous/test/auto/Derivative.xml (RunModel)" time="0.189" />
  <testcase classname="ptolemy.util.test.junit.AutoTests" name="[52] /home/travis/build/icyphy/ptII/ptolemy/domains/continuous/test/auto/Derivative1.xml (RunModel)" time="0.043" />
  <testcase classname="ptolemy.util.test.junit.AutoTests" name="[53] /home/travis/build/icyphy/ptII/ptolemy/domains/continuous/test/auto/DiscreteClock.xml (RunModel)" time="0.017" />
  <testcase classname="ptolemy.util.test.junit.AutoTests" name="[54] /home/travis/build/icyphy/ptII/ptolemy/domains/continuous/test/auto/EfficiencyCurve.xml (RunModel)" time="0.101" />
  <testcase classname="ptolemy.util.test.junit.AutoTests" name="[55] /home/travis/build/icyphy/ptII/ptolemy/domains/continuous/test/auto/ExponentialResponse.xml (RunModel)" time="0.112" />
  <testcase classname="ptolemy.util.test.junit.AutoTests" name="[56] /home/travis/build/icyphy/ptII/ptolemy/domains/continuous/test/auto/ExponentialResponseRK45.xml (RunModel)" time="0.033" />
  <testcase classname="ptolemy.util.test.junit.AutoTests" name="[57] /home/travis/build/icyphy/ptII/ptolemy/domains/continuous/test/auto/Friction.xml (RunModel)" time="1.463" />
  <testcase classname="ptolemy.util.test.junit.AutoTests" name="[58] /home/travis/build/icyphy/ptII/ptolemy/domains/continuous/test/auto/FurutaPendulum.xml (RunModel)" time="3.581" />
  <testcase classname="ptolemy.util.test.junit.AutoTests" name="[59] /home/travis/build/icyphy/ptII/ptolemy/domains/continuous/test/auto/HierarchicalExecution.xml (RunModel)" time="2.526" />
  <testcase classname="ptolemy.util.test.junit.AutoTests" name="[60] /home/travis/build/icyphy/ptII/ptolemy/domains/continuous/test/auto/HybridPlant.xml (RunModel)" time="0.645" />
  <testcase classname="ptolemy.util.test.junit.AutoTests" name="[61] /home/travis/build/icyphy/ptII/ptolemy/domains/continuous/test/auto/Hysteresis.xml (RunModel)" time="0.186" />
  <testcase classname="ptolemy.util.test.junit.AutoTests" name="[62] /home/travis/build/icyphy/ptII/ptolemy/domains/continuous/test/auto/HysteresisWithRandomDelay.xml (RunModel)" time="0.222" />
  <testcase classname="ptolemy.util.test.junit.AutoTests" name="[63] /home/travis/build/icyphy/ptII/ptolemy/domains/continuous/test/auto/HysteresisWithRandomLosses.xml (RunModel)" time="2.533" />
  <testcase classname="ptolemy.util.test.junit.AutoTests" name="[64] /home/travis/build/icyphy/ptII/ptolemy/domains/continuous/test/auto/ImmediateTransitions.xml (RunModel)" time="0.035" />
  <testcase classname="ptolemy.util.test.junit.AutoTests" name="[65] /home/travis/build/icyphy/ptII/ptolemy/domains/continuous/test/auto/ImpulseFeedback.xml (RunModel)" time="0.025" />
  <testcase classname="ptolemy.util.test.junit.AutoTests" name="[66] /home/travis/build/icyphy/ptII/ptolemy/domains/continuous/test/auto/ImpulseFeedback2.xml (RunModel)" time="0.018" />
  <testcase classname="ptolemy.util.test.junit.AutoTests" name="[67] /home/travis/build/icyphy/ptII/ptolemy/domains/continuous/test/auto/IncreasingRatePoisson.xml (RunModel)" time="0.713" />
  <testcase classname="ptolemy.util.test.junit.AutoTests" name="[68] /home/travis/build/icyphy/ptII/ptolemy/domains/continuous/test/auto/InitialStateFeedback.xml (RunModel)" time="0.016" />
  <testcase classname="ptolemy.util.test.junit.AutoTests" name="[69] /home/travis/build/icyphy/ptII/ptolemy/domains/continuous/test/auto/Integration.xml (RunModel)" time="0.014" />
  <testcase classname="ptolemy.util.test.junit.AutoTests" name="[70] /home/travis/build/icyphy/ptII/ptolemy/domains/continuous/test/auto/Integration2.xml (RunModel)" time="0.089" />
  <testcase classname="ptolemy.util.test.junit.AutoTests" name="[71] /home/travis/build/icyphy/ptII/ptolemy/domains/continuous/test/auto/Integration3.xml (RunModel)" time="0.014" />
  <testcase classname="ptolemy.util.test.junit.AutoTests" name="[72] /home/travis/build/icyphy/ptII/ptolemy/domains/continuous/test/auto/Integration5.xml (RunModel)" time="0.024" />
  <testcase classname="ptolemy.util.test.junit.AutoTests" name="[73] /home/travis/build/icyphy/ptII/ptolemy/domains/continuous/test/auto/IntegratorImpulse.xml (RunModel)" time="0.011" />
  <testcase classname="ptolemy.util.test.junit.AutoTests" name="[74] /home/travis/build/icyphy/ptII/ptolemy/domains/continuous/test/auto/IntegratorImpulse2.xml (RunModel)" time="0.012" />
  <testcase classname="ptolemy.util.test.junit.AutoTests" name="[75] /home/travis/build/icyphy/ptII/ptolemy/domains/continuous/test/auto/LevelCrossing1.xml (RunModel)" time="0.011" />
  <testcase classname="ptolemy.util.test.junit.AutoTests" name="[76] /home/travis/build/icyphy/ptII/ptolemy/domains/continuous/test/auto/LevelCrossing2.xml (RunModel)" time="0.013" />
  <testcase classname="ptolemy.util.test.junit.AutoTests" name="[77] /home/travis/build/icyphy/ptII/ptolemy/domains/continuous/test/auto/LevelCrossing3.xml (RunModel)" time="0.016" />
  <testcase classname="ptolemy.util.test.junit.AutoTests" name="[78] /home/travis/build/icyphy/ptII/ptolemy/domains/continuous/test/auto/LevelCrossing4.xml (RunModel)" time="0.013" />
  <testcase classname="ptolemy.util.test.junit.AutoTests" name="[79] /home/travis/build/icyphy/ptII/ptolemy/domains/continuous/test/auto/LevelCrossing5.xml (RunModel)" time="0.014" />
  <testcase classname="ptolemy.util.test.junit.AutoTests" name="[80] /home/travis/build/icyphy/ptII/ptolemy/domains/continuous/test/auto/LevelCrossing6.xml (RunModel)" time="0.014" />
  <testcase classname="ptolemy.util.test.junit.AutoTests" name="[81] /home/travis/build/icyphy/ptII/ptolemy/domains/continuous/test/auto/LevelCrossingDetector.xml (RunModel)" time="0.037" />
  <testcase classname="ptolemy.util.test.junit.AutoTests" name="[82] /home/travis/build/icyphy/ptII/ptolemy/domains/continuous/test/auto/LevelCrossingDetectorDetectingDirections.xml (RunModel)" time="0.087" />
  <testcase classname="ptolemy.util.test.junit.AutoTests" name="[83] /home/travis/build/icyphy/ptII/ptolemy/domains/continuous/test/auto/LevelCrossingDetectorDetectsGlitches.xml (RunModel)" time="0.075" />
  <testcase classname="ptolemy.util.test.junit.AutoTests" name="[84] /home/travis/build/icyphy/ptII/ptolemy/domains/continuous/test/auto/LevelCrossingNoInitialOuput.xml (RunModel)" time="0.012" />
  <testcase classname="ptolemy.util.test.junit.AutoTests" name="[85] /home/travis/build/icyphy/ptII/ptolemy/domains/continuous/test/auto/LinearStateSpaceExample.xml (RunModel)" time="0.051" />
  <testcase classname="ptolemy.util.test.junit.AutoTests" name="[86] /home/travis/build/icyphy/ptII/ptolemy/domains/continuous/test/auto/Lorenz.xml (RunModel)" time="4.81" />
  <testcase classname="ptolemy.util.test.junit.AutoTests" name="[87] /home/travis/build/icyphy/ptII/ptolemy/domains/continuous/test/auto/LorenzDifferentialSystem.xml (RunModel)" time="1.193" />
  <testcase classname="ptolemy.util.test.junit.AutoTests" name="[88] /home/travis/build/icyphy/ptII/ptolemy/domains/continuous/test/auto/LorenzDifferentialSystemWithInput.xml (RunModel)" time="1.494" />
  <testcase classname="ptolemy.util.test.junit.AutoTests" name="[89] /home/travis/build/icyphy/ptII/ptolemy/domains/continuous/test/auto/LorenzDifferentialSystemWithTime.xml (RunModel)" time="0.87" />
  <testcase classname="ptolemy.util.test.junit.AutoTests" name="[90] /home/travis/build/icyphy/ptII/ptolemy/domains/continuous/test/auto/Microsteps.xml (RunModel)" time="0.019" />
  <testcase classname="ptolemy.util.test.junit.AutoTests" name="[91] /home/travis/build/icyphy/ptII/ptolemy/domains/continuous/test/auto/Modal1.xml (RunModel)" time="0.032" />
  <testcase classname="ptolemy.util.test.junit.AutoTests" name="[92] /home/travis/build/icyphy/ptII/ptolemy/domains/continuous/test/auto/Modal2.xml (RunModel)" time="0.05" />
  <testcase classname="ptolemy.util.test.junit.AutoTests" name="[93] /home/travis/build/icyphy/ptII/ptolemy/domains/continuous/test/auto/ModalTransitionGuardWithReset.xml (RunModel)" time="0.022" />
  <testcase classname="ptolemy.util.test.junit.AutoTests" name="[94] /home/travis/build/icyphy/ptII/ptolemy/domains/continuous/test/auto/ModalTransitionGuardWithResetUsingPreemptiveTransition.xml (RunModel)" time="0.039" />
  <testcase classname="ptolemy.util.test.junit.AutoTests" name="[95] /home/travis/build/icyphy/ptII/ptolemy/domains/continuous/test/auto/ModalTransitionGuardWithResetUsingPreemptiveTransition2.xml (RunModel)" time="0.034" />
  <testcase classname="ptolemy.util.test.junit.AutoTests" name="[96] /home/travis/build/icyphy/ptII/ptolemy/domains/continuous/test/auto/ModalTransitionGuardWithResetUsingPreemptiveTransition3.xml (RunModel)" time="0.028" />
  <testcase classname="ptolemy.util.test.junit.AutoTests" name="[97] /home/travis/build/icyphy/ptII/ptolemy/domains/continuous/test/auto/NewtonsCradle.xml (RunModel)" time="0.797" />
  <testcase classname="ptolemy.util.test.junit.AutoTests" name="[98] /home/travis/build/icyphy/ptII/ptolemy/domains/continuous/test/auto/NewtonsCradleAnimated.xml (RunModel)" time="1.289" />
  <testcase classname="ptolemy.util.test.junit.AutoTests" name="[99] /home/travis/build/icyphy/ptII/ptolemy/domains/continuous/test/auto/NewtonsCradleComplicated.xml (RunModel)" time="0.963" />
  <testcase classname="ptolemy.util.test.junit.AutoTests" name="[100] /home/travis/build/icyphy/ptII/ptolemy/domains/continuous/test/auto/NewtonsCradleNondeterministic.xml (RunModel)" time="0.69" />
  <testcase classname="ptolemy.util.test.junit.AutoTests" name="[101] /home/travis/build/icyphy/ptII/ptolemy/domains/continuous/test/auto/NewtonsCradlePerfectlyInelastic1.xml (RunModel)" time="1.241" />
  <testcase classname="ptolemy.util.test.junit.AutoTests" name="[102] /home/travis/build/icyphy/ptII/ptolemy/domains/continuous/test/auto/Noise.xml (RunModel)" time="0.177" />
  <testcase classname="ptolemy.util.test.junit.AutoTests" name="[103] /home/travis/build/icyphy/ptII/ptolemy/domains/continuous/test/auto/NoiseSpectrum.xml (RunModel)" time="0.793" />
  <testcase classname="ptolemy.util.test.junit.AutoTests" name="[104] /home/travis/build/icyphy/ptII/ptolemy/domains/continuous/test/auto/ParameterizedNewtonsCradleAnimated.xml (RunModel)" time="0.383" />
  <testcase classname="ptolemy.util.test.junit.AutoTests" name="[105] /home/travis/build/icyphy/ptII/ptolemy/domains/continuous/test/auto/ParameterizedNewtonsCradleAnimatedNondeterministic.xml (RunModel)" time="1.157" />
  <testcase classname="ptolemy.util.test.junit.AutoTests" name="[106] /home/travis/build/icyphy/ptII/ptolemy/domains/continuous/test/auto/Pendulum3D.xml (RunModel)" time="0.167" />
  <testcase classname="ptolemy.util.test.junit.AutoTests" name="[107] /home/travis/build/icyphy/ptII/ptolemy/domains/continuous/test/auto/PeriodicSampler.xml (RunModel)" time="0.009" />
  <testcase classname="ptolemy.util.test.junit.AutoTests" name="[108] /home/travis/build/icyphy/ptII/ptolemy/domains/continuous/test/auto/PeriodicSampler1.xml (RunModel)" time="0.039" />
  <testcase classname="ptolemy.util.test.junit.AutoTests" name="[109] /home/travis/build/icyphy/ptII/ptolemy/domains/continuous/test/auto/PeriodicSampler2.xml (RunModel)" time="0.073" />
  <testcase classname="ptolemy.util.test.junit.AutoTests" name="[110] /home/travis/build/icyphy/ptII/ptolemy/domains/continuous/test/auto/Poisson.xml (RunModel)" time="0.417" />
  <testcase classname="ptolemy.util.test.junit.AutoTests" name="[111] /home/travis/build/icyphy/ptII/ptolemy/domains/continuous/test/auto/PoissonClock.xml (RunModel)" time="0.011" />
  <testcase classname="ptolemy.util.test.junit.AutoTests" name="[112] /home/travis/build/icyphy/ptII/ptolemy/domains/continuous/test/auto/PoissonClock2.xml (RunModel)" time="0.013" />
  <testcase classname="ptolemy.util.test.junit.AutoTests" name="[113] /home/travis/build/icyphy/ptII/ptolemy/domains/continuous/test/auto/PortParameterHierarchy.xml (RunModel)" time="0.015" />
  <testcase classname="ptolemy.util.test.junit.AutoTests" name="[114] /home/travis/build/icyphy/ptII/ptolemy/domains/continuous/test/auto/RandomHybridPlant.xml (RunModel)" time="0.507" />
  <testcase classname="ptolemy.util.test.junit.AutoTests" name="[115] /home/travis/build/icyphy/ptII/ptolemy/domains/continuous/test/auto/ResetTransitionWithStartTime1.xml (RunModel)" time="0.027" />
  <testcase classname="ptolemy.util.test.junit.AutoTests" name="[116] /home/travis/build/icyphy/ptII/ptolemy/domains/continuous/test/auto/ResetTransitionWithStartTime2.xml (RunModel)" time="0.038" />
  <testcase classname="ptolemy.util.test.junit.AutoTests" name="[117] /home/travis/build/icyphy/ptII/ptolemy/domains/continuous/test/auto/ResetTransitionWithStartTime3.xml (RunModel)" time="0.034" />
  <testcase classname="ptolemy.util.test.junit.AutoTests" name="[118] /home/travis/build/icyphy/ptII/ptolemy/domains/continuous/test/auto/ResetTransitionWithStartTime4.xml (RunModel)" time="0.025" />
  <testcase classname="ptolemy.util.test.junit.AutoTests" name="[119] /home/travis/build/icyphy/ptII/ptolemy/domains/continuous/test/auto/ResetTransitionWithStartTime5.xml (RunModel)" time="0.036" />
  <testcase classname="ptolemy.util.test.junit.AutoTests" name="[120] /home/travis/build/icyphy/ptII/ptolemy/domains/continuous/test/auto/ResetTransitionWithStartTime6.xml (RunModel)" time="0.028" />
  <testcase classname="ptolemy.util.test.junit.AutoTests" name="[121] /home/travis/build/icyphy/ptII/ptolemy/domains/continuous/test/auto/SRinContinuous.xml (RunModel)" time="0.022" />
  <testcase classname="ptolemy.util.test.junit.AutoTests" name="[122] /home/travis/build/icyphy/ptII/ptolemy/domains/continuous/test/auto/SampledClocks.xml (RunModel)" time="0.024" />
  <testcase classname="ptolemy.util.test.junit.AutoTests" name="[123] /home/travis/build/icyphy/ptII/ptolemy/domains/continuous/test/auto/Satellite.xml (RunModel)" time="0.989" />
  <testcase classname="ptolemy.util.test.junit.AutoTests" name="[124] /home/travis/build/icyphy/ptII/ptolemy/domains/continuous/test/auto/SigmaDelta.xml (RunModel)" time="2.47" />
  <testcase classname="ptolemy.util.test.junit.AutoTests" name="[125] /home/travis/build/icyphy/ptII/ptolemy/domains/continuous/test/auto/SingleRefinement.xml (RunModel)" time="0.367" />
  <testcase classname="ptolemy.util.test.junit.AutoTests" name="[126] /home/travis/build/icyphy/ptII/ptolemy/domains/continuous/test/auto/SinuBouncingBall.xml (RunModel)" time="0.818" />
  <testcase classname="ptolemy.util.test.junit.AutoTests" name="[127] /home/travis/build/icyphy/ptII/ptolemy/domains/continuous/test/auto/Sinusoid.xml (RunModel)" time="0.016" />
  <testcase classname="ptolemy.util.test.junit.AutoTests" name="[128] /home/travis/build/icyphy/ptII/ptolemy/domains/continuous/test/auto/SinusoidInNoise.xml (RunModel)" time="0.944" />
  <testcase classname="ptolemy.util.test.junit.AutoTests" name="[129] /home/travis/build/icyphy/ptII/ptolemy/domains/continuous/test/auto/SinusoidRK45.xml (RunModel)" time="0.013" />
  <testcase classname="ptolemy.util.test.junit.AutoTests" name="[130] /home/travis/build/icyphy/ptII/ptolemy/domains/continuous/test/auto/SinusoidWithMultipleImpulses.xml (RunModel)" time="0.022" />
  <testcase classname="ptolemy.util.test.junit.AutoTests" name="[131] /home/travis/build/icyphy/ptII/ptolemy/domains/continuous/test/auto/SquareWave.xml (RunModel)" time="0.187" />
  <testcase classname="ptolemy.util.test.junit.AutoTests" name="[132] /home/travis/build/icyphy/ptII/ptolemy/domains/continuous/test/auto/Starmac.xml (RunModel)" time="3.365" />
  <testcase classname="ptolemy.util.test.junit.AutoTests" name="[133] /home/travis/build/icyphy/ptII/ptolemy/domains/continuous/test/auto/StaticUnits.xml (RunModel)" time="2.586" />
  <testcase classname="ptolemy.util.test.junit.AutoTests" name="[134] /home/travis/build/icyphy/ptII/ptolemy/domains/continuous/test/auto/StickyMasses.xml (RunModel)" time="0.198" />
  <testcase classname="ptolemy.util.test.junit.AutoTests" name="[135] /home/travis/build/icyphy/ptII/ptolemy/domains/continuous/test/auto/StopTime.xml (RunModel)" time="0.062" />
  <testcase classname="ptolemy.util.test.junit.AutoTests" name="[136] /home/travis/build/icyphy/ptII/ptolemy/domains/continuous/test/auto/StopTime2.xml (RunModel)" time="0.052" />
  <testcase classname="ptolemy.util.test.junit.AutoTests" name="[137] /home/travis/build/icyphy/ptII/ptolemy/domains/continuous/test/auto/Switch.xml (RunModel)" time="0.061" />
  <testcase classname="ptolemy.util.test.junit.AutoTests" name="[138] /home/travis/build/icyphy/ptII/ptolemy/domains/continuous/test/auto/Thermostat.xml (RunModel)" time="0.197" />
  <testcase classname="ptolemy.util.test.junit.AutoTests" name="[139] /home/travis/build/icyphy/ptII/ptolemy/domains/continuous/test/auto/TimeDelay.xml (RunModel)" time="0.014" />
  <testcase classname="ptolemy.util.test.junit.AutoTests" name="[140] /home/travis/build/icyphy/ptII/ptolemy/domains/continuous/test/auto/TimeDelay2.xml (RunModel)" time="0.025" />
  <testcase classname="ptolemy.util.test.junit.AutoTests" name="[141] /home/travis/build/icyphy/ptII/ptolemy/domains/continuous/test/auto/TimeDelay3.xml (RunModel)" time="0.013" />
  <testcase classname="ptolemy.util.test.junit.AutoTests" name="[142] /home/travis/build/icyphy/ptII/ptolemy/domains/continuous/test/auto/TransferAbsentToInside.xml (RunModel)" time="0.099" />
  <testcase classname="ptolemy.util.test.junit.AutoTests" name="[143] /home/travis/build/icyphy/ptII/ptolemy/domains/continuous/test/auto/Transmission.xml (RunModel)" time="0.754" />
  <testcase classname="ptolemy.util.test.junit.AutoTests" name="[144] /home/travis/build/icyphy/ptII/ptolemy/domains/continuous/test/auto/TriggeredContinuousClock.xml (RunModel)" time="0.069" />
  <testcase classname="ptolemy.util.test.junit.AutoTests" name="[145] /home/travis/build/icyphy/ptII/ptolemy/domains/continuous/test/auto/TwoMachineInfiniteBusControl.xml (RunModel)" time="3.006" />
  <testcase classname="ptolemy.util.test.junit.AutoTests" name="[146] /home/travis/build/icyphy/ptII/ptolemy/domains/continuous/test/auto/V2V.xml (RunModel)" time="0.825" />
  <testcase classname="ptolemy.util.test.junit.AutoTests" name="[147] /home/travis/build/icyphy/ptII/ptolemy/domains/continuous/test/auto/hierarchicalModalModel.xml (RunModel)" time="0.03" />
  <testcase classname="ptolemy.util.test.junit.AutoTests" name="[148] /home/travis/build/icyphy/ptII/ptolemy/domains/continuous/test/auto/hierarchicalModalModel1.xml (RunModel)" time="0.03" />
  <testcase classname="ptolemy.util.test.junit.AutoTests" name="[149] /home/travis/build/icyphy/ptII/ptolemy/domains/continuous/test/auto/hierarchicalModalModel2.xml (RunModel)" time="0.027" />
  <testcase classname="ptolemy.util.test.junit.AutoTests" name="[150] /home/travis/build/icyphy/ptII/ptolemy/domains/continuous/test/auto/hierarchicalModalModel3.xml (RunModel)" time="0.023" />
  <testcase classname="ptolemy.util.test.junit.AutoTests" name="[151] /home/travis/build/icyphy/ptII/ptolemy/domains/continuous/test/auto/hierarchicalModalModel4.xml (RunModel)" time="0.035" />
  <testcase classname="ptolemy.util.test.junit.AutoTests" name="[152] /home/travis/build/icyphy/ptII/ptolemy/domains/continuous/test/auto/junk.xml (RunModel)" time="0.158" />
  <system-out><![CDATA[No tcl tests in /home/travis/build/icyphy/ptII/ptolemy/domains/continuous/test
No auto/knownFailedTests/*.xml tests in /home/travis/build/icyphy/ptII/ptolemy/domains/continuous/test
No auto/linux-amd64/*.xml tests in /home/travis/build/icyphy/ptII/ptolemy/domains/continuous/test
AutoTests.java: About to close Vertx.
AutoTests.java: Vertx closed.

===========================================================================================
----------------- testing Fri Oct 19 02:33:36 UTC 2018 /home/travis/build/icyphy/ptII/ptolemy/domains/continuous/test/auto/BouncingBall.xml
----------------- Instantiating /home/travis/build/icyphy/ptII/ptolemy/domains/continuous/test/auto/BouncingBall.xml
2225 ms. Memory: 331776K Free: 255065K (77%)
----------------- Invoking toplevel() on ptolemy.moml.MoMLSimpleApplication@33421771
----------------- Done invoking toplevel() on ptolemy.moml.MoMLSimpleApplication@33421771
reloadAllAccessors: .BouncingBall

===========================================================================================
----------------- testing Fri Oct 19 02:33:38 UTC 2018 /home/travis/build/icyphy/ptII/ptolemy/domains/continuous/test/auto/BouncingBallWithoutGR.xml
----------------- Instantiating /home/travis/build/icyphy/ptII/ptolemy/domains/continuous/test/auto/BouncingBallWithoutGR.xml
756 ms. Memory: 331776K Free: 312592K (94%)
----------------- Invoking toplevel() on ptolemy.moml.MoMLSimpleApplication@14574b96
----------------- Done invoking toplevel() on ptolemy.moml.MoMLSimpleApplication@14574b96
reloadAllAccessors: .BouncingBallWithoutGR

===========================================================================================
----------------- testing Fri Oct 19 02:33:39 UTC 2018 /home/travis/build/icyphy/ptII/ptolemy/domains/continuous/test/auto/Brownian.xml
----------------- Instantiating /home/travis/build/icyphy/ptII/ptolemy/domains/continuous/test/auto/Brownian.xml
42 ms. Memory: 331776K Free: 298671K (90%)
----------------- Invoking toplevel() on ptolemy.moml.MoMLSimpleApplication@4025e4a0
----------------- Done invoking toplevel() on ptolemy.moml.MoMLSimpleApplication@4025e4a0
reloadAllAccessors: .Brownian

===========================================================================================
----------------- testing Fri Oct 19 02:33:39 UTC 2018 /home/travis/build/icyphy/ptII/ptolemy/domains/continuous/test/auto/CarTracking.xml
----------------- Instantiating /home/travis/build/icyphy/ptII/ptolemy/domains/continuous/test/auto/CarTracking.xml
3232 ms. Memory: 578048K Free: 435166K (75%)
----------------- Invoking toplevel() on ptolemy.moml.MoMLSimpleApplication@45cf792d
----------------- Done invoking toplevel() on ptolemy.moml.MoMLSimpleApplication@45cf792d
reloadAllAccessors: .CarTracking

===========================================================================================
----------------- testing Fri Oct 19 02:33:43 UTC 2018 /home/travis/build/icyphy/ptII/ptolemy/domains/continuous/test/auto/CartPendulum.xml
----------------- Instantiating /home/travis/build/icyphy/ptII/ptolemy/domains/continuous/test/auto/CartPendulum.xml
392 ms. Memory: 578048K Free: 330513K (57%)
----------------- Invoking toplevel() on ptolemy.moml.MoMLSimpleApplication@475a3d18
----------------- Done invoking toplevel() on ptolemy.moml.MoMLSimpleApplication@475a3d18
reloadAllAccessors: .CartPendulum

===========================================================================================
----------------- testing Fri Oct 19 02:33:43 UTC 2018 /home/travis/build/icyphy/ptII/ptolemy/domains/continuous/test/auto/CausalityInterface10.xml
----------------- Instantiating /home/travis/build/icyphy/ptII/ptolemy/domains/continuous/test/auto/CausalityInterface10.xml
13 ms. Memory: 578048K Free: 314130K (54%)
----------------- Invoking toplevel() on ptolemy.moml.MoMLSimpleApplication@70940ee4
----------------- Done invoking toplevel() on ptolemy.moml.MoMLSimpleApplication@70940ee4
reloadAllAccessors: .CausalityInterface10

===========================================================================================
----------------- testing Fri Oct 19 02:33:43 UTC 2018 /home/travis/build/icyphy/ptII/ptolemy/domains/continuous/test/auto/CausalityInterface11.xml
----------------- Instantiating /home/travis/build/icyphy/ptII/ptolemy/domains/continuous/test/auto/CausalityInterface11.xml
3 ms. Memory: 578048K Free: 304294K (53%)
----------------- Invoking toplevel() on ptolemy.moml.MoMLSimpleApplication@60d7c1f1
----------------- Done invoking toplevel() on ptolemy.moml.MoMLSimpleApplication@60d7c1f1
reloadAllAccessors: .CausalityInterface11

===========================================================================================
----------------- testing Fri Oct 19 02:33:43 UTC 2018 /home/travis/build/icyphy/ptII/ptolemy/domains/continuous/test/auto/CausalityInterface12.xml
----------------- Instantiating /home/travis/build/icyphy/ptII/ptolemy/domains/continuous/test/auto/CausalityInterface12.xml
5 ms. Memory: 578048K Free: 294457K (51%)
----------------- Invoking toplevel() on ptolemy.moml.MoMLSimpleApplication@3ffe8963
----------------- Done invoking toplevel() on ptolemy.moml.MoMLSimpleApplication@3ffe8963
reloadAllAccessors: .CausalityInterface12

===========================================================================================
----------------- testing Fri Oct 19 02:33:43 UTC 2018 /home/travis/build/icyphy/ptII/ptolemy/domains/continuous/test/auto/CausalityInterface13.xml
----------------- Instantiating /home/travis/build/icyphy/ptII/ptolemy/domains/continuous/test/auto/CausalityInterface13.xml
3 ms. Memory: 578048K Free: 281446K (49%)
----------------- Invoking toplevel() on ptolemy.moml.MoMLSimpleApplication@59ef3ef3
----------------- Done invoking toplevel() on ptolemy.moml.MoMLSimpleApplication@59ef3ef3
reloadAllAccessors: .CausalityInterface13

===========================================================================================
----------------- testing Fri Oct 19 02:33:43 UTC 2018 /home/travis/build/icyphy/ptII/ptolemy/domains/continuous/test/auto/CausalityInterface14.xml
----------------- Instantiating /home/travis/build/icyphy/ptII/ptolemy/domains/continuous/test/auto/CausalityInterface14.xml
6 ms. Memory: 578048K Free: 266700K (46%)
----------------- Invoking toplevel() on ptolemy.moml.MoMLSimpleApplication@6baf9bae
----------------- Done invoking toplevel() on ptolemy.moml.MoMLSimpleApplication@6baf9bae
reloadAllAccessors: .CausalityInterface14

===========================================================================================
----------------- testing Fri Oct 19 02:33:43 UTC 2018 /home/travis/build/icyphy/ptII/ptolemy/domains/continuous/test/auto/CausalityInterface4.xml
----------------- Instantiating /home/travis/build/icyphy/ptII/ptolemy/domains/continuous/test/auto/CausalityInterface4.xml
3 ms. Memory: 578048K Free: 256871K (44%)
----------------- Invoking toplevel() on ptolemy.moml.MoMLSimpleApplication@7b23788c
----------------- Done invoking toplevel() on ptolemy.moml.MoMLSimpleApplication@7b23788c
reloadAllAccessors: .CausalityInterface4

===========================================================================================
----------------- testing Fri Oct 19 02:33:43 UTC 2018 /home/travis/build/icyphy/ptII/ptolemy/domains/continuous/test/auto/CausalityInterface5.xml
----------------- Instantiating /home/travis/build/icyphy/ptII/ptolemy/domains/continuous/test/auto/CausalityInterface5.xml
5 ms. Memory: 578048K Free: 243762K (42%)
----------------- Invoking toplevel() on ptolemy.moml.MoMLSimpleApplication@51452014
----------------- Done invoking toplevel() on ptolemy.moml.MoMLSimpleApplication@51452014
reloadAllAccessors: .CausalityInterface5

===========================================================================================
----------------- testing Fri Oct 19 02:33:44 UTC 2018 /home/travis/build/icyphy/ptII/ptolemy/domains/continuous/test/auto/CausalityInterface6.xml
----------------- Instantiating /home/travis/build/icyphy/ptII/ptolemy/domains/continuous/test/auto/CausalityInterface6.xml
5 ms. Memory: 578048K Free: 230734K (40%)
----------------- Invoking toplevel() on ptolemy.moml.MoMLSimpleApplication@218dde5b
----------------- Done invoking toplevel() on ptolemy.moml.MoMLSimpleApplication@218dde5b
reloadAllAccessors: .CausalityInterface6

===========================================================================================
----------------- testing Fri Oct 19 02:33:44 UTC 2018 /home/travis/build/icyphy/ptII/ptolemy/domains/continuous/test/auto/CausalityInterface7.xml
----------------- Instantiating /home/travis/build/icyphy/ptII/ptolemy/domains/continuous/test/auto/CausalityInterface7.xml
11 ms. Memory: 578048K Free: 217624K (38%)
----------------- Invoking toplevel() on ptolemy.moml.MoMLSimpleApplication@250bd318
----------------- Done invoking toplevel() on ptolemy.moml.MoMLSimpleApplication@250bd318
reloadAllAccessors: .CausalityInterface7

===========================================================================================
----------------- testing Fri Oct 19 02:33:44 UTC 2018 /home/travis/build/icyphy/ptII/ptolemy/domains/continuous/test/auto/CausalityInterface8.xml
----------------- Instantiating /home/travis/build/icyphy/ptII/ptolemy/domains/continuous/test/auto/CausalityInterface8.xml
5 ms. Memory: 578048K Free: 204523K (35%)
----------------- Invoking toplevel() on ptolemy.moml.MoMLSimpleApplication@1c7dedc9
----------------- Done invoking toplevel() on ptolemy.moml.MoMLSimpleApplication@1c7dedc9
reloadAllAccessors: .CausalityInterface8

===========================================================================================
----------------- testing Fri Oct 19 02:33:44 UTC 2018 /home/travis/build/icyphy/ptII/ptolemy/domains/continuous/test/auto/CausalityInterface9.xml
----------------- Instantiating /home/travis/build/icyphy/ptII/ptolemy/domains/continuous/test/auto/CausalityInterface9.xml
9 ms. Memory: 578048K Free: 188131K (33%)
----------------- Invoking toplevel() on ptolemy.moml.MoMLSimpleApplication@34100a42
----------------- Done invoking toplevel() on ptolemy.moml.MoMLSimpleApplication@34100a42
reloadAllAccessors: .CausalityInterface9

===========================================================================================
----------------- testing Fri Oct 19 02:33:44 UTC 2018 /home/travis/build/icyphy/ptII/ptolemy/domains/continuous/test/auto/CausalityInterfaceFeedback1.xml
----------------- Instantiating /home/travis/build/icyphy/ptII/ptolemy/domains/continuous/test/auto/CausalityInterfaceFeedback1.xml
5 ms. Memory: 578048K Free: 175120K (30%)
----------------- Invoking toplevel() on ptolemy.moml.MoMLSimpleApplication@67d41f96
----------------- Done invoking toplevel() on ptolemy.moml.MoMLSimpleApplication@67d41f96
reloadAllAccessors: .CausalityInterfaceFeedback1

===========================================================================================
----------------- testing Fri Oct 19 02:33:44 UTC 2018 /home/travis/build/icyphy/ptII/ptolemy/domains/continuous/test/auto/CausalityInterfaceFeedback2.xml
----------------- Instantiating /home/travis/build/icyphy/ptII/ptolemy/domains/continuous/test/auto/CausalityInterfaceFeedback2.xml
5 ms. Memory: 578048K Free: 165284K (29%)
----------------- Invoking toplevel() on ptolemy.moml.MoMLSimpleApplication@45051e64
----------------- Done invoking toplevel() on ptolemy.moml.MoMLSimpleApplication@45051e64
reloadAllAccessors: .CausalityInterfaceFeedback2

===========================================================================================
----------------- testing Fri Oct 19 02:33:44 UTC 2018 /home/travis/build/icyphy/ptII/ptolemy/domains/continuous/test/auto/CompareWithCurrentTime.xml
----------------- Instantiating /home/travis/build/icyphy/ptII/ptolemy/domains/continuous/test/auto/CompareWithCurrentTime.xml
3 ms. Memory: 578048K Free: 158737K (27%)
----------------- Invoking toplevel() on ptolemy.moml.MoMLSimpleApplication@7e2b118
----------------- Done invoking toplevel() on ptolemy.moml.MoMLSimpleApplication@7e2b118
reloadAllAccessors: .CompareWithCurrentTime

===========================================================================================
----------------- testing Fri Oct 19 02:33:44 UTC 2018 /home/travis/build/icyphy/ptII/ptolemy/domains/continuous/test/auto/ComparedClocks.xml
----------------- Instantiating /home/travis/build/icyphy/ptII/ptolemy/domains/continuous/test/auto/ComparedClocks.xml
6 ms. Memory: 578048K Free: 139065K (24%)
----------------- Invoking toplevel() on ptolemy.moml.MoMLSimpleApplication@253c80a8
----------------- Done invoking toplevel() on ptolemy.moml.MoMLSimpleApplication@253c80a8
reloadAllAccessors: .ComparedClocks

===========================================================================================
----------------- testing Fri Oct 19 02:33:44 UTC 2018 /home/travis/build/icyphy/ptII/ptolemy/domains/continuous/test/auto/ContinuousAOCClone.xml
----------------- Instantiating /home/travis/build/icyphy/ptII/ptolemy/domains/continuous/test/auto/ContinuousAOCClone.xml
2504 ms. Memory: 872448K Free: 391685K (45%)
----------------- Invoking toplevel() on ptolemy.moml.MoMLSimpleApplication@701c66d2
----------------- Done invoking toplevel() on ptolemy.moml.MoMLSimpleApplication@701c66d2
reloadAllAccessors: .ContinuousAOCClone

===========================================================================================
----------------- testing Fri Oct 19 02:33:47 UTC 2018 /home/travis/build/icyphy/ptII/ptolemy/domains/continuous/test/auto/ContinuousClock.xml
----------------- Instantiating /home/travis/build/icyphy/ptII/ptolemy/domains/continuous/test/auto/ContinuousClock.xml
34 ms. Memory: 872448K Free: 362035K (41%)
----------------- Invoking toplevel() on ptolemy.moml.MoMLSimpleApplication@7ee1b939
----------------- Done invoking toplevel() on ptolemy.moml.MoMLSimpleApplication@7ee1b939
reloadAllAccessors: .ContinuousClock

===========================================================================================
----------------- testing Fri Oct 19 02:33:47 UTC 2018 /home/travis/build/icyphy/ptII/ptolemy/domains/continuous/test/auto/ContinuousInContinuous.xml
----------------- Instantiating /home/travis/build/icyphy/ptII/ptolemy/domains/continuous/test/auto/ContinuousInContinuous.xml
42 ms. Memory: 872448K Free: 330595K (38%)
----------------- Invoking toplevel() on ptolemy.moml.MoMLSimpleApplication@22cab728
----------------- Done invoking toplevel() on ptolemy.moml.MoMLSimpleApplication@22cab728
reloadAllAccessors: .ContinuousInContinuous

===========================================================================================
----------------- testing Fri Oct 19 02:33:47 UTC 2018 /home/travis/build/icyphy/ptII/ptolemy/domains/continuous/test/auto/ContinuousInContinuousInContinuous.xml
----------------- Instantiating /home/travis/build/icyphy/ptII/ptolemy/domains/continuous/test/auto/ContinuousInContinuousInContinuous.xml
6 ms. Memory: 872448K Free: 314887K (36%)
----------------- Invoking toplevel() on ptolemy.moml.MoMLSimpleApplication@43aae70b
----------------- Done invoking toplevel() on ptolemy.moml.MoMLSimpleApplication@43aae70b
reloadAllAccessors: .ContinuousInContinuousInContinuous

===========================================================================================
----------------- testing Fri Oct 19 02:33:47 UTC 2018 /home/travis/build/icyphy/ptII/ptolemy/domains/continuous/test/auto/ContinuousInDE.xml
----------------- Instantiating /home/travis/build/icyphy/ptII/ptolemy/domains/continuous/test/auto/ContinuousInDE.xml
60 ms. Memory: 872448K Free: 299178K (34%)
----------------- Invoking toplevel() on ptolemy.moml.MoMLSimpleApplication@1b57c838
----------------- Done invoking toplevel() on ptolemy.moml.MoMLSimpleApplication@1b57c838
reloadAllAccessors: .ContinuousInDE

===========================================================================================
----------------- testing Fri Oct 19 02:33:47 UTC 2018 /home/travis/build/icyphy/ptII/ptolemy/domains/continuous/test/auto/ContinuousInDE2.xml
----------------- Instantiating /home/travis/build/icyphy/ptII/ptolemy/domains/continuous/test/auto/ContinuousInDE2.xml
47 ms. Memory: 872448K Free: 280009K (32%)
----------------- Invoking toplevel() on ptolemy.moml.MoMLSimpleApplication@50fa3c49
----------------- Done invoking toplevel() on ptolemy.moml.MoMLSimpleApplication@50fa3c49
reloadAllAccessors: .ContinuousInDE2

===========================================================================================
----------------- testing Fri Oct 19 02:33:47 UTC 2018 /home/travis/build/icyphy/ptII/ptolemy/domains/continuous/test/auto/ContinuousInDE3.xml
----------------- Instantiating /home/travis/build/icyphy/ptII/ptolemy/domains/continuous/test/auto/ContinuousInDE3.xml
41 ms. Memory: 872448K Free: 264301K (30%)
----------------- Invoking toplevel() on ptolemy.moml.MoMLSimpleApplication@3becd3c5
----------------- Done invoking toplevel() on ptolemy.moml.MoMLSimpleApplication@3becd3c5
reloadAllAccessors: .ContinuousInDE3

===========================================================================================
----------------- testing Fri Oct 19 02:33:47 UTC 2018 /home/travis/build/icyphy/ptII/ptolemy/domains/continuous/test/auto/ContinuousInDE4.xml
----------------- Instantiating /home/travis/build/icyphy/ptII/ptolemy/domains/continuous/test/auto/ContinuousInDE4.xml
12 ms. Memory: 872448K Free: 253829K (29%)
----------------- Invoking toplevel() on ptolemy.moml.MoMLSimpleApplication@3cfdbf75
----------------- Done invoking toplevel() on ptolemy.moml.MoMLSimpleApplication@3cfdbf75
reloadAllAccessors: .ContinuousInDE4

===========================================================================================
----------------- testing Fri Oct 19 02:33:47 UTC 2018 /home/travis/build/icyphy/ptII/ptolemy/domains/continuous/test/auto/ContinuousInDEDifferentRefinements.xml
----------------- Instantiating /home/travis/build/icyphy/ptII/ptolemy/domains/continuous/test/auto/ContinuousInDEDifferentRefinements.xml
53 ms. Memory: 872448K Free: 217128K (25%)
----------------- Invoking toplevel() on ptolemy.moml.MoMLSimpleApplication@ffcb755
----------------- Done invoking toplevel() on ptolemy.moml.MoMLSimpleApplication@ffcb755
reloadAllAccessors: .ContinuousInDEDifferentRefinements

===========================================================================================
----------------- testing Fri Oct 19 02:33:47 UTC 2018 /home/travis/build/icyphy/ptII/ptolemy/domains/continuous/test/auto/ContinuousInDEDifferentRefinementsPreemptive.xml
----------------- Instantiating /home/travis/build/icyphy/ptII/ptolemy/domains/continuous/test/auto/ContinuousInDEDifferentRefinementsPreemptive.xml
39 ms. Memory: 872448K Free: 176951K (20%)
----------------- Invoking toplevel() on ptolemy.moml.MoMLSimpleApplication@19519337
----------------- Done invoking toplevel() on ptolemy.moml.MoMLSimpleApplication@19519337
reloadAllAccessors: .ContinuousInDEDifferentRefinementsPreemptive

===========================================================================================
----------------- testing Fri Oct 19 02:33:47 UTC 2018 /home/travis/build/icyphy/ptII/ptolemy/domains/continuous/test/auto/ContinuousInDEInContinuous2.xml
----------------- Instantiating /home/travis/build/icyphy/ptII/ptolemy/domains/continuous/test/auto/ContinuousInDEInContinuous2.xml
33 ms. Memory: 872448K Free: 161226K (18%)
----------------- Invoking toplevel() on ptolemy.moml.MoMLSimpleApplication@78de5327
----------------- Done invoking toplevel() on ptolemy.moml.MoMLSimpleApplication@78de5327
reloadAllAccessors: .ContinuousInDEInContinuous2

===========================================================================================
----------------- testing Fri Oct 19 02:33:47 UTC 2018 /home/travis/build/icyphy/ptII/ptolemy/domains/continuous/test/auto/ContinuousInDEInContinuous3.xml
----------------- Instantiating /home/travis/build/icyphy/ptII/ptolemy/domains/continuous/test/auto/ContinuousInDEInContinuous3.xml
32 ms. Memory: 872448K Free: 140266K (16%)
----------------- Invoking toplevel() on ptolemy.moml.MoMLSimpleApplication@76b4ed78
----------------- Done invoking toplevel() on ptolemy.moml.MoMLSimpleApplication@76b4ed78
reloadAllAccessors: .ContinuousInDEInContinuous3

===========================================================================================
----------------- testing Fri Oct 19 02:33:47 UTC 2018 /home/travis/build/icyphy/ptII/ptolemy/domains/continuous/test/auto/ContinuousInDEInput.xml
----------------- Instantiating /home/travis/build/icyphy/ptII/ptolemy/domains/continuous/test/auto/ContinuousInDEInput.xml
26 ms. Memory: 872448K Free: 129794K (15%)
----------------- Invoking toplevel() on ptolemy.moml.MoMLSimpleApplication@2ce547ce
----------------- Done invoking toplevel() on ptolemy.moml.MoMLSimpleApplication@2ce547ce
reloadAllAccessors: .ContinuousInDEInput

===========================================================================================
----------------- testing Fri Oct 19 02:33:47 UTC 2018 /home/travis/build/icyphy/ptII/ptolemy/domains/continuous/test/auto/ContinuousInDEInput2.xml
----------------- Instantiating /home/travis/build/icyphy/ptII/ptolemy/domains/continuous/test/auto/ContinuousInDEInput2.xml
16 ms. Memory: 872448K Free: 119322K (14%)
----------------- Invoking toplevel() on ptolemy.moml.MoMLSimpleApplication@5417ec45
----------------- Done invoking toplevel() on ptolemy.moml.MoMLSimpleApplication@5417ec45
reloadAllAccessors: .ContinuousInDEInput2

===========================================================================================
----------------- testing Fri Oct 19 02:33:47 UTC 2018 /home/travis/build/icyphy/ptII/ptolemy/domains/continuous/test/auto/ContinuousInDEInput3.xml
----------------- Instantiating /home/travis/build/icyphy/ptII/ptolemy/domains/continuous/test/auto/ContinuousInDEInput3.xml
14 ms. Memory: 872448K Free: 105389K (12%)
----------------- Invoking toplevel() on ptolemy.moml.MoMLSimpleApplication@61bc90f9
----------------- Done invoking toplevel() on ptolemy.moml.MoMLSimpleApplication@61bc90f9
reloadAllAccessors: .ContinuousInDEInput3

===========================================================================================
----------------- testing Fri Oct 19 02:33:48 UTC 2018 /home/travis/build/icyphy/ptII/ptolemy/domains/continuous/test/auto/ContinuousInDESharingRefinement.xml
----------------- Instantiating /home/travis/build/icyphy/ptII/ptolemy/domains/continuous/test/auto/ContinuousInDESharingRefinement.xml
150 ms. Memory: 872960K Free: 792410K (91%)
----------------- Invoking toplevel() on ptolemy.moml.MoMLSimpleApplication@5eb0ee91
----------------- Done invoking toplevel() on ptolemy.moml.MoMLSimpleApplication@5eb0ee91
reloadAllAccessors: .ContinuousInDESharingRefinement

===========================================================================================
----------------- testing Fri Oct 19 02:33:48 UTC 2018 /home/travis/build/icyphy/ptII/ptolemy/domains/continuous/test/auto/ContinuousInDEwithNoPorts.xml
----------------- Instantiating /home/travis/build/icyphy/ptII/ptolemy/domains/continuous/test/auto/ContinuousInDEwithNoPorts.xml
4 ms. Memory: 872960K Free: 779560K (89%)
----------------- Invoking toplevel() on ptolemy.moml.MoMLSimpleApplication@7a26a169
----------------- Done invoking toplevel() on ptolemy.moml.MoMLSimpleApplication@7a26a169
reloadAllAccessors: .ContinuousInDEwithNoPorts

===========================================================================================
----------------- testing Fri Oct 19 02:33:48 UTC 2018 /home/travis/build/icyphy/ptII/ptolemy/domains/continuous/test/auto/ContinuousInsideDE.xml
----------------- Instantiating /home/travis/build/icyphy/ptII/ptolemy/domains/continuous/test/auto/ContinuousInsideDE.xml
48 ms. Memory: 872960K Free: 759761K (87%)
----------------- Invoking toplevel() on ptolemy.moml.MoMLSimpleApplication@2337c46f
----------------- Done invoking toplevel() on ptolemy.moml.MoMLSimpleApplication@2337c46f
reloadAllAccessors: .ContinuousInsideDE

===========================================================================================
----------------- testing Fri Oct 19 02:33:48 UTC 2018 /home/travis/build/icyphy/ptII/ptolemy/domains/continuous/test/auto/ContinuousMerge1.xml
----------------- Instantiating /home/travis/build/icyphy/ptII/ptolemy/domains/continuous/test/auto/ContinuousMerge1.xml
2 ms. Memory: 872960K Free: 749582K (86%)
----------------- Invoking toplevel() on ptolemy.moml.MoMLSimpleApplication@5c916c1
----------------- Done invoking toplevel() on ptolemy.moml.MoMLSimpleApplication@5c916c1
reloadAllAccessors: .ContinuousMerge1

===========================================================================================
----------------- testing Fri Oct 19 02:33:48 UTC 2018 /home/travis/build/icyphy/ptII/ptolemy/domains/continuous/test/auto/ContinuousMerge2.xml
----------------- Instantiating /home/travis/build/icyphy/ptII/ptolemy/domains/continuous/test/auto/ContinuousMerge2.xml
11 ms. Memory: 872960K Free: 733842K (84%)
----------------- Invoking toplevel() on ptolemy.moml.MoMLSimpleApplication@130712d9
----------------- Done invoking toplevel() on ptolemy.moml.MoMLSimpleApplication@130712d9
reloadAllAccessors: .ContinuousMerge2

===========================================================================================
----------------- testing Fri Oct 19 02:33:48 UTC 2018 /home/travis/build/icyphy/ptII/ptolemy/domains/continuous/test/auto/ContinuousMerge3.xml
----------------- Instantiating /home/travis/build/icyphy/ptII/ptolemy/domains/continuous/test/auto/ContinuousMerge3.xml
48 ms. Memory: 872960K Free: 718117K (82%)
----------------- Invoking toplevel() on ptolemy.moml.MoMLSimpleApplication@77046c42
----------------- Done invoking toplevel() on ptolemy.moml.MoMLSimpleApplication@77046c42
reloadAllAccessors: .ContinuousMerge3

===========================================================================================
----------------- testing Fri Oct 19 02:33:48 UTC 2018 /home/travis/build/icyphy/ptII/ptolemy/domains/continuous/test/auto/ContinuousWithinContinuous.xml
----------------- Instantiating /home/travis/build/icyphy/ptII/ptolemy/domains/continuous/test/auto/ContinuousWithinContinuous.xml
43 ms. Memory: 872960K Free: 700067K (80%)
----------------- Invoking toplevel() on ptolemy.moml.MoMLSimpleApplication@158caf6e
----------------- Done invoking toplevel() on ptolemy.moml.MoMLSimpleApplication@158caf6e
reloadAllAccessors: .ContinuousWithinContinuous

===========================================================================================
----------------- testing Fri Oct 19 02:33:48 UTC 2018 /home/travis/build/icyphy/ptII/ptolemy/domains/continuous/test/auto/ContinuousWithinContinuous2.xml
----------------- Instantiating /home/travis/build/icyphy/ptII/ptolemy/domains/continuous/test/auto/ContinuousWithinContinuous2.xml
80 ms. Memory: 872960K Free: 688286K (79%)
----------------- Invoking toplevel() on ptolemy.moml.MoMLSimpleApplication@410d7781
----------------- Done invoking toplevel() on ptolemy.moml.MoMLSimpleApplication@410d7781
reloadAllAccessors: .ContinuousWithinContinuous2

===========================================================================================
----------------- testing Fri Oct 19 02:33:48 UTC 2018 /home/travis/build/icyphy/ptII/ptolemy/domains/continuous/test/auto/ContinuousWithinContinuous3.xml
----------------- Instantiating /home/travis/build/icyphy/ptII/ptolemy/domains/continuous/test/auto/ContinuousWithinContinuous3.xml
17 ms. Memory: 872960K Free: 676489K (77%)
----------------- Invoking toplevel() on ptolemy.moml.MoMLSimpleApplication@17199d25
----------------- Done invoking toplevel() on ptolemy.moml.MoMLSimpleApplication@17199d25
reloadAllAccessors: .ContinuousWithinContinuous3

===========================================================================================
----------------- testing Fri Oct 19 02:33:48 UTC 2018 /home/travis/build/icyphy/ptII/ptolemy/domains/continuous/test/auto/ContinuousWithinContinuous4.xml
----------------- Instantiating /home/travis/build/icyphy/ptII/ptolemy/domains/continuous/test/auto/ContinuousWithinContinuous4.xml
77 ms. Memory: 872960K Free: 654520K (75%)
----------------- Invoking toplevel() on ptolemy.moml.MoMLSimpleApplication@43a1deac
----------------- Done invoking toplevel() on ptolemy.moml.MoMLSimpleApplication@43a1deac
reloadAllAccessors: .ContinuousWithinContinuous4

===========================================================================================
----------------- testing Fri Oct 19 02:33:48 UTC 2018 /home/travis/build/icyphy/ptII/ptolemy/domains/continuous/test/auto/ContinuousWithinContinuous5.xml
----------------- Instantiating /home/travis/build/icyphy/ptII/ptolemy/domains/continuous/test/auto/ContinuousWithinContinuous5.xml
15 ms. Memory: 872960K Free: 642723K (74%)
----------------- Invoking toplevel() on ptolemy.moml.MoMLSimpleApplication@4260727b
----------------- Done invoking toplevel() on ptolemy.moml.MoMLSimpleApplication@4260727b
reloadAllAccessors: .ContinuousWithinContinuous5

===========================================================================================
----------------- testing Fri Oct 19 02:33:48 UTC 2018 /home/travis/build/icyphy/ptII/ptolemy/domains/continuous/test/auto/ContinuousWithinContinuous6.xml
----------------- Instantiating /home/travis/build/icyphy/ptII/ptolemy/domains/continuous/test/auto/ContinuousWithinContinuous6.xml
14 ms. Memory: 872960K Free: 630926K (72%)
----------------- Invoking toplevel() on ptolemy.moml.MoMLSimpleApplication@152c284b
----------------- Done invoking toplevel() on ptolemy.moml.MoMLSimpleApplication@152c284b
reloadAllAccessors: .ContinuousWithinContinuous6

===========================================================================================
----------------- testing Fri Oct 19 02:33:48 UTC 2018 /home/travis/build/icyphy/ptII/ptolemy/domains/continuous/test/auto/ContinuousWithinContinuous7.xml
----------------- Instantiating /home/travis/build/icyphy/ptII/ptolemy/domains/continuous/test/auto/ContinuousWithinContinuous7.xml
66 ms. Memory: 872960K Free: 616819K (71%)
----------------- Invoking toplevel() on ptolemy.moml.MoMLSimpleApplication@14e30403
----------------- Done invoking toplevel() on ptolemy.moml.MoMLSimpleApplication@14e30403
reloadAllAccessors: .ContinuousWithinContinuous7

===========================================================================================
----------------- testing Fri Oct 19 02:33:48 UTC 2018 /home/travis/build/icyphy/ptII/ptolemy/domains/continuous/test/auto/DCMotor.xml
----------------- Instantiating /home/travis/build/icyphy/ptII/ptolemy/domains/continuous/test/auto/DCMotor.xml
14745 ms. Memory: 696832K Free: 650048K (93%)
----------------- Invoking toplevel() on ptolemy.moml.MoMLSimpleApplication@61056cee
----------------- Done invoking toplevel() on ptolemy.moml.MoMLSimpleApplication@61056cee
reloadAllAccessors: .DCMotor

===========================================================================================
----------------- testing Fri Oct 19 02:34:03 UTC 2018 /home/travis/build/icyphy/ptII/ptolemy/domains/continuous/test/auto/DEInContinuous.xml
----------------- Instantiating /home/travis/build/icyphy/ptII/ptolemy/domains/continuous/test/auto/DEInContinuous.xml
10 ms. Memory: 696832K Free: 634710K (91%)
----------------- Invoking toplevel() on ptolemy.moml.MoMLSimpleApplication@26c7c1c6
----------------- Done invoking toplevel() on ptolemy.moml.MoMLSimpleApplication@26c7c1c6
reloadAllAccessors: .DEInContinuous

===========================================================================================
----------------- testing Fri Oct 19 02:34:03 UTC 2018 /home/travis/build/icyphy/ptII/ptolemy/domains/continuous/test/auto/DEinContinuous2.xml
----------------- Instantiating /home/travis/build/icyphy/ptII/ptolemy/domains/continuous/test/auto/DEinContinuous2.xml
7 ms. Memory: 696832K Free: 614987K (88%)
----------------- Invoking toplevel() on ptolemy.moml.MoMLSimpleApplication@3cc2020d
----------------- Done invoking toplevel() on ptolemy.moml.MoMLSimpleApplication@3cc2020d
reloadAllAccessors: .DEinContinuous2

===========================================================================================
----------------- testing Fri Oct 19 02:34:03 UTC 2018 /home/travis/build/icyphy/ptII/ptolemy/domains/continuous/test/auto/Derivative.xml
----------------- Instantiating /home/travis/build/icyphy/ptII/ptolemy/domains/continuous/test/auto/Derivative.xml
142 ms. Memory: 696832K Free: 577976K (83%)
----------------- Invoking toplevel() on ptolemy.moml.MoMLSimpleApplication@327c5d09
----------------- Done invoking toplevel() on ptolemy.moml.MoMLSimpleApplication@327c5d09
reloadAllAccessors: .Derivative2

===========================================================================================
----------------- testing Fri Oct 19 02:34:04 UTC 2018 /home/travis/build/icyphy/ptII/ptolemy/domains/continuous/test/auto/Derivative1.xml
----------------- Instantiating /home/travis/build/icyphy/ptII/ptolemy/domains/continuous/test/auto/Derivative1.xml
16 ms. Memory: 696832K Free: 558253K (80%)
----------------- Invoking toplevel() on ptolemy.moml.MoMLSimpleApplication@2bfd8994
----------------- Done invoking toplevel() on ptolemy.moml.MoMLSimpleApplication@2bfd8994
reloadAllAccessors: .Derivative1

===========================================================================================
----------------- testing Fri Oct 19 02:34:04 UTC 2018 /home/travis/build/icyphy/ptII/ptolemy/domains/continuous/test/auto/DiscreteClock.xml
----------------- Instantiating /home/travis/build/icyphy/ptII/ptolemy/domains/continuous/test/auto/DiscreteClock.xml
3 ms. Memory: 696832K Free: 544700K (78%)
----------------- Invoking toplevel() on ptolemy.moml.MoMLSimpleApplication@4dfdbc3d
----------------- Done invoking toplevel() on ptolemy.moml.MoMLSimpleApplication@4dfdbc3d
reloadAllAccessors: .DiscreteClock

===========================================================================================
----------------- testing Fri Oct 19 02:34:04 UTC 2018 /home/travis/build/icyphy/ptII/ptolemy/domains/continuous/test/auto/EfficiencyCurve.xml
----------------- Instantiating /home/travis/build/icyphy/ptII/ptolemy/domains/continuous/test/auto/EfficiencyCurve.xml
52 ms. Memory: 696832K Free: 532391K (76%)
----------------- Invoking toplevel() on ptolemy.moml.MoMLSimpleApplication@7c3a9e37
----------------- Done invoking toplevel() on ptolemy.moml.MoMLSimpleApplication@7c3a9e37
reloadAllAccessors: .EfficiencyCurve

===========================================================================================
----------------- testing Fri Oct 19 02:34:04 UTC 2018 /home/travis/build/icyphy/ptII/ptolemy/domains/continuous/test/auto/ExponentialResponse.xml
----------------- Instantiating /home/travis/build/icyphy/ptII/ptolemy/domains/continuous/test/auto/ExponentialResponse.xml
102 ms. Memory: 696832K Free: 506530K (73%)
----------------- Invoking toplevel() on ptolemy.moml.MoMLSimpleApplication@2f955850
----------------- Done invoking toplevel() on ptolemy.moml.MoMLSimpleApplication@2f955850
reloadAllAccessors: .ExponentialResponse

===========================================================================================
----------------- testing Fri Oct 19 02:34:04 UTC 2018 /home/travis/build/icyphy/ptII/ptolemy/domains/continuous/test/auto/ExponentialResponseRK45.xml
----------------- Instantiating /home/travis/build/icyphy/ptII/ptolemy/domains/continuous/test/auto/ExponentialResponseRK45.xml
25 ms. Memory: 696832K Free: 492978K (71%)
----------------- Invoking toplevel() on ptolemy.moml.MoMLSimpleApplication@5d0417e8
----------------- Done invoking toplevel() on ptolemy.moml.MoMLSimpleApplication@5d0417e8
reloadAllAccessors: .ExponentialResponseRK45

===========================================================================================
----------------- testing Fri Oct 19 02:34:04 UTC 2018 /home/travis/build/icyphy/ptII/ptolemy/domains/continuous/test/auto/Friction.xml
----------------- Instantiating /home/travis/build/icyphy/ptII/ptolemy/domains/continuous/test/auto/Friction.xml
1364 ms. Memory: 674304K Free: 620192K (92%)
----------------- Invoking toplevel() on ptolemy.moml.MoMLSimpleApplication@35e1754f
----------------- Done invoking toplevel() on ptolemy.moml.MoMLSimpleApplication@35e1754f
reloadAllAccessors: .Friction

===========================================================================================
----------------- testing Fri Oct 19 02:34:05 UTC 2018 /home/travis/build/icyphy/ptII/ptolemy/domains/continuous/test/auto/FurutaPendulum.xml
----------------- Instantiating /home/travis/build/icyphy/ptII/ptolemy/domains/continuous/test/auto/FurutaPendulum.xml
3436 ms. Memory: 674304K Free: 107160K (16%)
----------------- Invoking toplevel() on ptolemy.moml.MoMLSimpleApplication@ef00a79
----------------- Done invoking toplevel() on ptolemy.moml.MoMLSimpleApplication@ef00a79
reloadAllAccessors: .FurutaPendulum

===========================================================================================
----------------- testing Fri Oct 19 02:34:09 UTC 2018 /home/travis/build/icyphy/ptII/ptolemy/domains/continuous/test/auto/HierarchicalExecution.xml
----------------- Instantiating /home/travis/build/icyphy/ptII/ptolemy/domains/continuous/test/auto/HierarchicalExecution.xml
2137 ms. Memory: 646144K Free: 325557K (50%)
----------------- Invoking toplevel() on ptolemy.moml.MoMLSimpleApplication@630dff75
----------------- Done invoking toplevel() on ptolemy.moml.MoMLSimpleApplication@630dff75
reloadAllAccessors: .HierarchicalExecution

===========================================================================================
----------------- testing Fri Oct 19 02:34:11 UTC 2018 /home/travis/build/icyphy/ptII/ptolemy/domains/continuous/test/auto/HybridPlant.xml
----------------- Instantiating /home/travis/build/icyphy/ptII/ptolemy/domains/continuous/test/auto/HybridPlant.xml
569 ms. Memory: 618496K Free: 572831K (93%)
----------------- Invoking toplevel() on ptolemy.moml.MoMLSimpleApplication@d826a30
----------------- Done invoking toplevel() on ptolemy.moml.MoMLSimpleApplication@d826a30
reloadAllAccessors: .HybridPlant

===========================================================================================
----------------- testing Fri Oct 19 02:34:12 UTC 2018 /home/travis/build/icyphy/ptII/ptolemy/domains/continuous/test/auto/Hysteresis.xml
----------------- Instantiating /home/travis/build/icyphy/ptII/ptolemy/domains/continuous/test/auto/Hysteresis.xml
147 ms. Memory: 618496K Free: 503178K (81%)
----------------- Invoking toplevel() on ptolemy.moml.MoMLSimpleApplication@7f0321f2
----------------- Done invoking toplevel() on ptolemy.moml.MoMLSimpleApplication@7f0321f2
reloadAllAccessors: .Hysteresis

===========================================================================================
----------------- testing Fri Oct 19 02:34:12 UTC 2018 /home/travis/build/icyphy/ptII/ptolemy/domains/continuous/test/auto/HysteresisWithRandomDelay.xml
----------------- Instantiating /home/travis/build/icyphy/ptII/ptolemy/domains/continuous/test/auto/HysteresisWithRandomDelay.xml
167 ms. Memory: 618496K Free: 422131K (68%)
----------------- Invoking toplevel() on ptolemy.moml.MoMLSimpleApplication@227a3ec5
----------------- Done invoking toplevel() on ptolemy.moml.MoMLSimpleApplication@227a3ec5
reloadAllAccessors: .HysteresisWithRandomDelay

===========================================================================================
----------------- testing Fri Oct 19 02:34:12 UTC 2018 /home/travis/build/icyphy/ptII/ptolemy/domains/continuous/test/auto/HysteresisWithRandomLosses.xml
----------------- Instantiating /home/travis/build/icyphy/ptII/ptolemy/domains/continuous/test/auto/HysteresisWithRandomLosses.xml
2463 ms. Memory: 591360K Free: 117518K (20%)
----------------- Invoking toplevel() on ptolemy.moml.MoMLSimpleApplication@246fa65c
----------------- Done invoking toplevel() on ptolemy.moml.MoMLSimpleApplication@246fa65c
reloadAllAccessors: .HysteresisWithRandomLosses

===========================================================================================
----------------- testing Fri Oct 19 02:34:15 UTC 2018 /home/travis/build/icyphy/ptII/ptolemy/domains/continuous/test/auto/ImmediateTransitions.xml
----------------- Instantiating /home/travis/build/icyphy/ptII/ptolemy/domains/continuous/test/auto/ImmediateTransitions.xml
10 ms. Memory: 591360K Free: 102428K (17%)
----------------- Invoking toplevel() on ptolemy.moml.MoMLSimpleApplication@1c4514d3
----------------- Done invoking toplevel() on ptolemy.moml.MoMLSimpleApplication@1c4514d3
reloadAllAccessors: .ImmediateTransitions

===========================================================================================
----------------- testing Fri Oct 19 02:34:15 UTC 2018 /home/travis/build/icyphy/ptII/ptolemy/domains/continuous/test/auto/ImpulseFeedback.xml
----------------- Instantiating /home/travis/build/icyphy/ptII/ptolemy/domains/continuous/test/auto/ImpulseFeedback.xml
8 ms. Memory: 591360K Free: 93926K (16%)
----------------- Invoking toplevel() on ptolemy.moml.MoMLSimpleApplication@1592dac2
----------------- Done invoking toplevel() on ptolemy.moml.MoMLSimpleApplication@1592dac2
reloadAllAccessors: .ImpulseFeedback

===========================================================================================
----------------- testing Fri Oct 19 02:34:15 UTC 2018 /home/travis/build/icyphy/ptII/ptolemy/domains/continuous/test/auto/ImpulseFeedback2.xml
----------------- Instantiating /home/travis/build/icyphy/ptII/ptolemy/domains/continuous/test/auto/ImpulseFeedback2.xml
6 ms. Memory: 591360K Free: 85423K (14%)
----------------- Invoking toplevel() on ptolemy.moml.MoMLSimpleApplication@25305aa3
----------------- Done invoking toplevel() on ptolemy.moml.MoMLSimpleApplication@25305aa3
reloadAllAccessors: .ImpulseFeedback2

===========================================================================================
----------------- testing Fri Oct 19 02:34:15 UTC 2018 /home/travis/build/icyphy/ptII/ptolemy/domains/continuous/test/auto/IncreasingRatePoisson.xml
----------------- Instantiating /home/travis/build/icyphy/ptII/ptolemy/domains/continuous/test/auto/IncreasingRatePoisson.xml
686 ms. Memory: 565248K Free: 247429K (44%)
----------------- Invoking toplevel() on ptolemy.moml.MoMLSimpleApplication@9975e9e
----------------- Done invoking toplevel() on ptolemy.moml.MoMLSimpleApplication@9975e9e
reloadAllAccessors: .IncreasingRatePoisson

===========================================================================================
----------------- testing Fri Oct 19 02:34:16 UTC 2018 /home/travis/build/icyphy/ptII/ptolemy/domains/continuous/test/auto/InitialStateFeedback.xml
----------------- Instantiating /home/travis/build/icyphy/ptII/ptolemy/domains/continuous/test/auto/InitialStateFeedback.xml
5 ms. Memory: 565248K Free: 237917K (42%)
----------------- Invoking toplevel() on ptolemy.moml.MoMLSimpleApplication@3d067c42
----------------- Done invoking toplevel() on ptolemy.moml.MoMLSimpleApplication@3d067c42
reloadAllAccessors: .InitialStateFeedback

===========================================================================================
----------------- testing Fri Oct 19 02:34:16 UTC 2018 /home/travis/build/icyphy/ptII/ptolemy/domains/continuous/test/auto/Integration.xml
----------------- Instantiating /home/travis/build/icyphy/ptII/ptolemy/domains/continuous/test/auto/Integration.xml
2 ms. Memory: 565248K Free: 229846K (41%)
----------------- Invoking toplevel() on ptolemy.moml.MoMLSimpleApplication@67480063
----------------- Done invoking toplevel() on ptolemy.moml.MoMLSimpleApplication@67480063
reloadAllAccessors: .Integration

===========================================================================================
----------------- testing Fri Oct 19 02:34:16 UTC 2018 /home/travis/build/icyphy/ptII/ptolemy/domains/continuous/test/auto/Integration2.xml
----------------- Instantiating /home/travis/build/icyphy/ptII/ptolemy/domains/continuous/test/auto/Integration2.xml
78 ms. Memory: 565248K Free: 211947K (37%)
----------------- Invoking toplevel() on ptolemy.moml.MoMLSimpleApplication@6bdbe769
----------------- Done invoking toplevel() on ptolemy.moml.MoMLSimpleApplication@6bdbe769
reloadAllAccessors: .Integration2

===========================================================================================
----------------- testing Fri Oct 19 02:34:16 UTC 2018 /home/travis/build/icyphy/ptII/ptolemy/domains/continuous/test/auto/Integration3.xml
----------------- Instantiating /home/travis/build/icyphy/ptII/ptolemy/domains/continuous/test/auto/Integration3.xml
3 ms. Memory: 565248K Free: 203877K (36%)
----------------- Invoking toplevel() on ptolemy.moml.MoMLSimpleApplication@158d37ce
----------------- Done invoking toplevel() on ptolemy.moml.MoMLSimpleApplication@158d37ce
reloadAllAccessors: .Integration3

===========================================================================================
----------------- testing Fri Oct 19 02:34:16 UTC 2018 /home/travis/build/icyphy/ptII/ptolemy/domains/continuous/test/auto/Integration5.xml
----------------- Instantiating /home/travis/build/icyphy/ptII/ptolemy/domains/continuous/test/auto/Integration5.xml
6 ms. Memory: 565248K Free: 195806K (35%)
----------------- Invoking toplevel() on ptolemy.moml.MoMLSimpleApplication@4bf81768
----------------- Done invoking toplevel() on ptolemy.moml.MoMLSimpleApplication@4bf81768
reloadAllAccessors: .Integration5

===========================================================================================
----------------- testing Fri Oct 19 02:34:16 UTC 2018 /home/travis/build/icyphy/ptII/ptolemy/domains/continuous/test/auto/IntegratorImpulse.xml
----------------- Instantiating /home/travis/build/icyphy/ptII/ptolemy/domains/continuous/test/auto/IntegratorImpulse.xml
1 ms. Memory: 565248K Free: 187576K (33%)
----------------- Invoking toplevel() on ptolemy.moml.MoMLSimpleApplication@dc189f7
----------------- Done invoking toplevel() on ptolemy.moml.MoMLSimpleApplication@dc189f7
reloadAllAccessors: .IntegratorImpulse

===========================================================================================
----------------- testing Fri Oct 19 02:34:16 UTC 2018 /home/travis/build/icyphy/ptII/ptolemy/domains/continuous/test/auto/IntegratorImpulse2.xml
----------------- Instantiating /home/travis/build/icyphy/ptII/ptolemy/domains/continuous/test/auto/IntegratorImpulse2.xml
4 ms. Memory: 565248K Free: 179506K (32%)
----------------- Invoking toplevel() on ptolemy.moml.MoMLSimpleApplication@c03f033
----------------- Done invoking toplevel() on ptolemy.moml.MoMLSimpleApplication@c03f033
reloadAllAccessors: .IntegratorImpulse2

===========================================================================================
----------------- testing Fri Oct 19 02:34:16 UTC 2018 /home/travis/build/icyphy/ptII/ptolemy/domains/continuous/test/auto/LevelCrossing1.xml
----------------- Instantiating /home/travis/build/icyphy/ptII/ptolemy/domains/continuous/test/auto/LevelCrossing1.xml
2 ms. Memory: 565248K Free: 171428K (30%)
----------------- Invoking toplevel() on ptolemy.moml.MoMLSimpleApplication@1be5612c
----------------- Done invoking toplevel() on ptolemy.moml.MoMLSimpleApplication@1be5612c
reloadAllAccessors: .LevelCrossing1

===========================================================================================
----------------- testing Fri Oct 19 02:34:16 UTC 2018 /home/travis/build/icyphy/ptII/ptolemy/domains/continuous/test/auto/LevelCrossing2.xml
----------------- Instantiating /home/travis/build/icyphy/ptII/ptolemy/domains/continuous/test/auto/LevelCrossing2.xml
3 ms. Memory: 565248K Free: 163198K (29%)
----------------- Invoking toplevel() on ptolemy.moml.MoMLSimpleApplication@5ba22570
----------------- Done invoking toplevel() on ptolemy.moml.MoMLSimpleApplication@5ba22570
reloadAllAccessors: .LevelCrossing2

===========================================================================================
----------------- testing Fri Oct 19 02:34:16 UTC 2018 /home/travis/build/icyphy/ptII/ptolemy/domains/continuous/test/auto/LevelCrossing3.xml
----------------- Instantiating /home/travis/build/icyphy/ptII/ptolemy/domains/continuous/test/auto/LevelCrossing3.xml
3 ms. Memory: 565248K Free: 155135K (27%)
----------------- Invoking toplevel() on ptolemy.moml.MoMLSimpleApplication@72790244
----------------- Done invoking toplevel() on ptolemy.moml.MoMLSimpleApplication@72790244
reloadAllAccessors: .LevelCrossing3

===========================================================================================
----------------- testing Fri Oct 19 02:34:16 UTC 2018 /home/travis/build/icyphy/ptII/ptolemy/domains/continuous/test/auto/LevelCrossing4.xml
----------------- Instantiating /home/travis/build/icyphy/ptII/ptolemy/domains/continuous/test/auto/LevelCrossing4.xml
3 ms. Memory: 565248K Free: 146905K (26%)
----------------- Invoking toplevel() on ptolemy.moml.MoMLSimpleApplication@5ca61f5a
----------------- Done invoking toplevel() on ptolemy.moml.MoMLSimpleApplication@5ca61f5a
reloadAllAccessors: .LevelCrossing4

===========================================================================================
----------------- testing Fri Oct 19 02:34:16 UTC 2018 /home/travis/build/icyphy/ptII/ptolemy/domains/continuous/test/auto/LevelCrossing5.xml
----------------- Instantiating /home/travis/build/icyphy/ptII/ptolemy/domains/continuous/test/auto/LevelCrossing5.xml
5 ms. Memory: 565248K Free: 138834K (25%)
----------------- Invoking toplevel() on ptolemy.moml.MoMLSimpleApplication@3d2e83ee
----------------- Done invoking toplevel() on ptolemy.moml.MoMLSimpleApplication@3d2e83ee
reloadAllAccessors: .LevelCrossing5

===========================================================================================
[...]
----------------- testing Fri Oct 19 02:34:34 UTC 2018 /home/travis/build/icyphy/ptII/ptolemy/domains/continuous/test/auto/SRinContinuous.xml
----------------- Instantiating /home/travis/build/icyphy/ptII/ptolemy/domains/continuous/test/auto/SRinContinuous.xml
5 ms. Memory: 365568K Free: 290553K (79%)
----------------- Invoking toplevel() on ptolemy.moml.MoMLSimpleApplication@19881e6a
----------------- Done invoking toplevel() on ptolemy.moml.MoMLSimpleApplication@19881e6a
reloadAllAccessors: .SRinContinuous

===========================================================================================
----------------- testing Fri Oct 19 02:34:34 UTC 2018 /home/travis/build/icyphy/ptII/ptolemy/domains/continuous/test/auto/SampledClocks.xml
----------------- Instantiating /home/travis/build/icyphy/ptII/ptolemy/domains/continuous/test/auto/SampledClocks.xml
8 ms. Memory: 365568K Free: 279891K (77%)
----------------- Invoking toplevel() on ptolemy.moml.MoMLSimpleApplication@4cc0d278
----------------- Done invoking toplevel() on ptolemy.moml.MoMLSimpleApplication@4cc0d278
reloadAllAccessors: .SampledClocks

===========================================================================================
----------------- testing Fri Oct 19 02:34:34 UTC 2018 /home/travis/build/icyphy/ptII/ptolemy/domains/continuous/test/auto/Satellite.xml
----------------- Instantiating /home/travis/build/icyphy/ptII/ptolemy/domains/continuous/test/auto/Satellite.xml
965 ms. Memory: 365568K Free: 99210K (27%)
----------------- Invoking toplevel() on ptolemy.moml.MoMLSimpleApplication@b30ed60
----------------- Done invoking toplevel() on ptolemy.moml.MoMLSimpleApplication@b30ed60
reloadAllAccessors: .Satellite

===========================================================================================
----------------- testing Fri Oct 19 02:34:35 UTC 2018 /home/travis/build/icyphy/ptII/ptolemy/domains/continuous/test/auto/SigmaDelta.xml
----------------- Instantiating /home/travis/build/icyphy/ptII/ptolemy/domains/continuous/test/auto/SigmaDelta.xml
2342 ms. Memory: 333824K Free: 227503K (68%)
----------------- Invoking toplevel() on ptolemy.moml.MoMLSimpleApplication@3a7eba32
----------------- Done invoking toplevel() on ptolemy.moml.MoMLSimpleApplication@3a7eba32
reloadAllAccessors: .SigmaDelta

===========================================================================================
----------------- testing Fri Oct 19 02:34:37 UTC 2018 /home/travis/build/icyphy/ptII/ptolemy/domains/continuous/test/auto/SingleRefinement.xml
----------------- Instantiating /home/travis/build/icyphy/ptII/ptolemy/domains/continuous/test/auto/SingleRefinement.xml
268 ms. Memory: 333824K Free: 41139K (12%)
----------------- Invoking toplevel() on ptolemy.moml.MoMLSimpleApplication@445e4df3
----------------- Done invoking toplevel() on ptolemy.moml.MoMLSimpleApplication@445e4df3
reloadAllAccessors: .SingleRefinement

===========================================================================================
----------------- testing Fri Oct 19 02:34:38 UTC 2018 /home/travis/build/icyphy/ptII/ptolemy/domains/continuous/test/auto/SinuBouncingBall.xml
----------------- Instantiating /home/travis/build/icyphy/ptII/ptolemy/domains/continuous/test/auto/SinuBouncingBall.xml
742 ms. Memory: 324096K Free: 60074K (19%)
----------------- Invoking toplevel() on ptolemy.moml.MoMLSimpleApplication@71b5a897
----------------- Done invoking toplevel() on ptolemy.moml.MoMLSimpleApplication@71b5a897
reloadAllAccessors: .SinuBouncingBall

===========================================================================================
----------------- testing Fri Oct 19 02:34:39 UTC 2018 /home/travis/build/icyphy/ptII/ptolemy/domains/continuous/test/auto/Sinusoid.xml
----------------- Instantiating /home/travis/build/icyphy/ptII/ptolemy/domains/continuous/test/auto/Sinusoid.xml
5 ms. Memory: 324096K Free: 54261K (17%)
----------------- Invoking toplevel() on ptolemy.moml.MoMLSimpleApplication@410802d3
----------------- Done invoking toplevel() on ptolemy.moml.MoMLSimpleApplication@410802d3
reloadAllAccessors: .Sinusoid

===========================================================================================
----------------- testing Fri Oct 19 02:34:39 UTC 2018 /home/travis/build/icyphy/ptII/ptolemy/domains/continuous/test/auto/SinusoidInNoise.xml
----------------- Instantiating /home/travis/build/icyphy/ptII/ptolemy/domains/continuous/test/auto/SinusoidInNoise.xml
907 ms. Memory: 315392K Free: 79755K (25%)
----------------- Invoking toplevel() on ptolemy.moml.MoMLSimpleApplication@429a65ba
----------------- Done invoking toplevel() on ptolemy.moml.MoMLSimpleApplication@429a65ba
reloadAllAccessors: .SinusoidInNoise

===========================================================================================
----------------- testing Fri Oct 19 02:34:40 UTC 2018 /home/travis/build/icyphy/ptII/ptolemy/domains/continuous/test/auto/SinusoidRK45.xml
----------------- Instantiating /home/travis/build/icyphy/ptII/ptolemy/domains/continuous/test/auto/SinusoidRK45.xml
2 ms. Memory: 315392K Free: 73257K (23%)
----------------- Invoking toplevel() on ptolemy.moml.MoMLSimpleApplication@68f2a91f
----------------- Done invoking toplevel() on ptolemy.moml.MoMLSimpleApplication@68f2a91f
reloadAllAccessors: .SinusoidRK45

===========================================================================================
----------------- testing Fri Oct 19 02:34:40 UTC 2018 /home/travis/build/icyphy/ptII/ptolemy/domains/continuous/test/auto/SinusoidWithMultipleImpulses.xml
----------------- Instantiating /home/travis/build/icyphy/ptII/ptolemy/domains/continuous/test/auto/SinusoidWithMultipleImpulses.xml
9 ms. Memory: 315392K Free: 66144K (21%)
----------------- Invoking toplevel() on ptolemy.moml.MoMLSimpleApplication@5364970
----------------- Done invoking toplevel() on ptolemy.moml.MoMLSimpleApplication@5364970
reloadAllAccessors: .SinusoidWithMultipleImpulses

===========================================================================================
----------------- testing Fri Oct 19 02:34:40 UTC 2018 /home/travis/build/icyphy/ptII/ptolemy/domains/continuous/test/auto/SquareWave.xml
----------------- Instantiating /home/travis/build/icyphy/ptII/ptolemy/domains/continuous/test/auto/SquareWave.xml
163 ms. Memory: 315392K Free: 38932K (12%)
----------------- Invoking toplevel() on ptolemy.moml.MoMLSimpleApplication@4d59b5b3
----------------- Done invoking toplevel() on ptolemy.moml.MoMLSimpleApplication@4d59b5b3
reloadAllAccessors: .SquareWave

===========================================================================================
----------------- testing Fri Oct 19 02:34:40 UTC 2018 /home/travis/build/icyphy/ptII/ptolemy/domains/continuous/test/auto/Starmac.xml
----------------- Instantiating /home/travis/build/icyphy/ptII/ptolemy/domains/continuous/test/auto/Starmac.xml
3042 ms. Memory: 362496K Free: 165252K (46%)
----------------- Invoking toplevel() on ptolemy.moml.MoMLSimpleApplication@170715aa
----------------- Done invoking toplevel() on ptolemy.moml.MoMLSimpleApplication@170715aa
reloadAllAccessors: .Starmac

===========================================================================================
----------------- testing Fri Oct 19 02:34:43 UTC 2018 /home/travis/build/icyphy/ptII/ptolemy/domains/continuous/test/auto/StaticUnits.xml
----------------- Instantiating /home/travis/build/icyphy/ptII/ptolemy/domains/continuous/test/auto/StaticUnits.xml
2207 ms. Memory: 307200K Free: 240959K (78%)
----------------- Invoking toplevel() on ptolemy.moml.MoMLSimpleApplication@788d7e55
----------------- Done invoking toplevel() on ptolemy.moml.MoMLSimpleApplication@788d7e55
reloadAllAccessors: .StaticUnits

===========================================================================================
----------------- testing Fri Oct 19 02:34:46 UTC 2018 /home/travis/build/icyphy/ptII/ptolemy/domains/continuous/test/auto/StickyMasses.xml
----------------- Instantiating /home/travis/build/icyphy/ptII/ptolemy/domains/continuous/test/auto/StickyMasses.xml
125 ms. Memory: 307200K Free: 182530K (59%)
----------------- Invoking toplevel() on ptolemy.moml.MoMLSimpleApplication@2a6f8397
----------------- Done invoking toplevel() on ptolemy.moml.MoMLSimpleApplication@2a6f8397
reloadAllAccessors: .StickyMasses

===========================================================================================
----------------- testing Fri Oct 19 02:34:46 UTC 2018 /home/travis/build/icyphy/ptII/ptolemy/domains/continuous/test/auto/StopTime.xml
----------------- Instantiating /home/travis/build/icyphy/ptII/ptolemy/domains/continuous/test/auto/StopTime.xml
39 ms. Memory: 307200K Free: 151042K (49%)
----------------- Invoking toplevel() on ptolemy.moml.MoMLSimpleApplication@6585d2bc
----------------- Done invoking toplevel() on ptolemy.moml.MoMLSimpleApplication@6585d2bc
reloadAllAccessors: .StopTime

===========================================================================================
----------------- testing Fri Oct 19 02:34:46 UTC 2018 /home/travis/build/icyphy/ptII/ptolemy/domains/continuous/test/auto/StopTime2.xml
----------------- Instantiating /home/travis/build/icyphy/ptII/ptolemy/domains/continuous/test/auto/StopTime2.xml
31 ms. Memory: 307200K Free: 124696K (41%)
----------------- Invoking toplevel() on ptolemy.moml.MoMLSimpleApplication@1c26f4b8
----------------- Done invoking toplevel() on ptolemy.moml.MoMLSimpleApplication@1c26f4b8
reloadAllAccessors: .StopTime2

===========================================================================================
----------------- testing Fri Oct 19 02:34:46 UTC 2018 /home/travis/build/icyphy/ptII/ptolemy/domains/continuous/test/auto/Switch.xml
----------------- Instantiating /home/travis/build/icyphy/ptII/ptolemy/domains/continuous/test/auto/Switch.xml
39 ms. Memory: 307200K Free: 93259K (30%)
----------------- Invoking toplevel() on ptolemy.moml.MoMLSimpleApplication@11e36caa
----------------- Done invoking toplevel() on ptolemy.moml.MoMLSimpleApplication@11e36caa
reloadAllAccessors: .Switch

===========================================================================================
----------------- testing Fri Oct 19 02:34:46 UTC 2018 /home/travis/build/icyphy/ptII/ptolemy/domains/continuous/test/auto/Thermostat.xml
----------------- Instantiating /home/travis/build/icyphy/ptII/ptolemy/domains/continuous/test/auto/Thermostat.xml
173 ms. Memory: 295936K Free: 258425K (87%)
----------------- Invoking toplevel() on ptolemy.moml.MoMLSimpleApplication@67ea021a
----------------- Done invoking toplevel() on ptolemy.moml.MoMLSimpleApplication@67ea021a
reloadAllAccessors: .Thermostat

===========================================================================================
----------------- testing Fri Oct 19 02:34:46 UTC 2018 /home/travis/build/icyphy/ptII/ptolemy/domains/continuous/test/auto/TimeDelay.xml
----------------- Instantiating /home/travis/build/icyphy/ptII/ptolemy/domains/continuous/test/auto/TimeDelay.xml
6 ms. Memory: 295936K Free: 249677K (84%)
----------------- Invoking toplevel() on ptolemy.moml.MoMLSimpleApplication@16fc623c
----------------- Done invoking toplevel() on ptolemy.moml.MoMLSimpleApplication@16fc623c
reloadAllAccessors: .TimeDelay

===========================================================================================
----------------- testing Fri Oct 19 02:34:46 UTC 2018 /home/travis/build/icyphy/ptII/ptolemy/domains/continuous/test/auto/TimeDelay2.xml
----------------- Instantiating /home/travis/build/icyphy/ptII/ptolemy/domains/continuous/test/auto/TimeDelay2.xml
7 ms. Memory: 295936K Free: 235754K (80%)
----------------- Invoking toplevel() on ptolemy.moml.MoMLSimpleApplication@5bef2874
----------------- Done invoking toplevel() on ptolemy.moml.MoMLSimpleApplication@5bef2874
reloadAllAccessors: .TimeDelay2

===========================================================================================
----------------- testing Fri Oct 19 02:34:46 UTC 2018 /home/travis/build/icyphy/ptII/ptolemy/domains/continuous/test/auto/TimeDelay3.xml
----------------- Instantiating /home/travis/build/icyphy/ptII/ptolemy/domains/continuous/test/auto/TimeDelay3.xml
5 ms. Memory: 295936K Free: 229942K (78%)
----------------- Invoking toplevel() on ptolemy.moml.MoMLSimpleApplication@5484eaaa
----------------- Done invoking toplevel() on ptolemy.moml.MoMLSimpleApplication@5484eaaa
reloadAllAccessors: .TimeDelay3

===========================================================================================
----------------- testing Fri Oct 19 02:34:46 UTC 2018 /home/travis/build/icyphy/ptII/ptolemy/domains/continuous/test/auto/TransferAbsentToInside.xml
----------------- Instantiating /home/travis/build/icyphy/ptII/ptolemy/domains/continuous/test/auto/TransferAbsentToInside.xml
25 ms. Memory: 295936K Free: 172219K (58%)
----------------- Invoking toplevel() on ptolemy.moml.MoMLSimpleApplication@1257511e
----------------- Done invoking toplevel() on ptolemy.moml.MoMLSimpleApplication@1257511e
reloadAllAccessors: .TransferAbsentToInside

===========================================================================================
----------------- testing Fri Oct 19 02:34:47 UTC 2018 /home/travis/build/icyphy/ptII/ptolemy/domains/continuous/test/auto/Transmission.xml
----------------- Instantiating /home/travis/build/icyphy/ptII/ptolemy/domains/continuous/test/auto/Transmission.xml
720 ms. Memory: 293376K Free: 170907K (58%)
----------------- Invoking toplevel() on ptolemy.moml.MoMLSimpleApplication@304f864b
----------------- Done invoking toplevel() on ptolemy.moml.MoMLSimpleApplication@304f864b
reloadAllAccessors: .Transmission

===========================================================================================
----------------- testing Fri Oct 19 02:34:47 UTC 2018 /home/travis/build/icyphy/ptII/ptolemy/domains/continuous/test/auto/TriggeredContinuousClock.xml
----------------- Instantiating /home/travis/build/icyphy/ptII/ptolemy/domains/continuous/test/auto/TriggeredContinuousClock.xml
35 ms. Memory: 293376K Free: 136370K (46%)
----------------- Invoking toplevel() on ptolemy.moml.MoMLSimpleApplication@39fc7d04
----------------- Done invoking toplevel() on ptolemy.moml.MoMLSimpleApplication@39fc7d04
reloadAllAccessors: .TriggeredContinuousClock

===========================================================================================
----------------- testing Fri Oct 19 02:34:47 UTC 2018 /home/travis/build/icyphy/ptII/ptolemy/domains/continuous/test/auto/TwoMachineInfiniteBusControl.xml
----------------- Instantiating /home/travis/build/icyphy/ptII/ptolemy/domains/continuous/test/auto/TwoMachineInfiniteBusControl.xml
2863 ms. Memory: 318976K Free: 115795K (36%)
----------------- Invoking toplevel() on ptolemy.moml.MoMLSimpleApplication@1242e1b7
----------------- Done invoking toplevel() on ptolemy.moml.MoMLSimpleApplication@1242e1b7
reloadAllAccessors: .TwoMachineInfiniteBusControl

===========================================================================================
----------------- testing Fri Oct 19 02:34:50 UTC 2018 /home/travis/build/icyphy/ptII/ptolemy/domains/continuous/test/auto/V2V.xml
----------------- Instantiating /home/travis/build/icyphy/ptII/ptolemy/domains/continuous/test/auto/V2V.xml
730 ms. Memory: 308224K Free: 168584K (55%)
----------------- Invoking toplevel() on ptolemy.moml.MoMLSimpleApplication@2774ed3b
----------------- Done invoking toplevel() on ptolemy.moml.MoMLSimpleApplication@2774ed3b
reloadAllAccessors: .V2V

===========================================================================================
----------------- testing Fri Oct 19 02:34:51 UTC 2018 /home/travis/build/icyphy/ptII/ptolemy/domains/continuous/test/auto/hierarchicalModalModel.xml
----------------- Instantiating /home/travis/build/icyphy/ptII/ptolemy/domains/continuous/test/auto/hierarchicalModalModel.xml
7 ms. Memory: 308224K Free: 150099K (49%)
----------------- Invoking toplevel() on ptolemy.moml.MoMLSimpleApplication@3104b02d
----------------- Done invoking toplevel() on ptolemy.moml.MoMLSimpleApplication@3104b02d
reloadAllAccessors: .hierarchicalModalModel

===========================================================================================
----------------- testing Fri Oct 19 02:34:51 UTC 2018 /home/travis/build/icyphy/ptII/ptolemy/domains/continuous/test/auto/hierarchicalModalModel1.xml
----------------- Instantiating /home/travis/build/icyphy/ptII/ptolemy/domains/continuous/test/auto/hierarchicalModalModel1.xml
7 ms. Memory: 308224K Free: 132567K (43%)
----------------- Invoking toplevel() on ptolemy.moml.MoMLSimpleApplication@5ec1f619
----------------- Done invoking toplevel() on ptolemy.moml.MoMLSimpleApplication@5ec1f619
reloadAllAccessors: .hierarchicalModalModel1

===========================================================================================
----------------- testing Fri Oct 19 02:34:51 UTC 2018 /home/travis/build/icyphy/ptII/ptolemy/domains/continuous/test/auto/hierarchicalModalModel2.xml
----------------- Instantiating /home/travis/build/icyphy/ptII/ptolemy/domains/continuous/test/auto/hierarchicalModalModel2.xml
6 ms. Memory: 308224K Free: 117610K (38%)
----------------- Invoking toplevel() on ptolemy.moml.MoMLSimpleApplication@21f052a0
----------------- Done invoking toplevel() on ptolemy.moml.MoMLSimpleApplication@21f052a0
reloadAllAccessors: .hierarchicalModalModel2

===========================================================================================
----------------- testing Fri Oct 19 02:34:51 UTC 2018 /home/travis/build/icyphy/ptII/ptolemy/domains/continuous/test/auto/hierarchicalModalModel3.xml
----------------- Instantiating /home/travis/build/icyphy/ptII/ptolemy/domains/continuous/test/auto/hierarchicalModalModel3.xml
6 ms. Memory: 308224K Free: 105204K (34%)
----------------- Invoking toplevel() on ptolemy.moml.MoMLSimpleApplication@7c3bdcda
----------------- Done invoking toplevel() on ptolemy.moml.MoMLSimpleApplication@7c3bdcda
reloadAllAccessors: .hierarchicalModalModel3

===========================================================================================
----------------- testing Fri Oct 19 02:34:51 UTC 2018 /home/travis/build/icyphy/ptII/ptolemy/domains/continuous/test/auto/hierarchicalModalModel4.xml
----------------- Instantiating /home/travis/build/icyphy/ptII/ptolemy/domains/continuous/test/auto/hierarchicalModalModel4.xml
5 ms. Memory: 308224K Free: 90248K (29%)
----------------- Invoking toplevel() on ptolemy.moml.MoMLSimpleApplication@15ad9ad5
----------------- Done invoking toplevel() on ptolemy.moml.MoMLSimpleApplication@15ad9ad5
reloadAllAccessors: .hierarchicalModalModel4

===========================================================================================
----------------- testing Fri Oct 19 02:34:51 UTC 2018 /home/travis/build/icyphy/ptII/ptolemy/domains/continuous/test/auto/junk.xml
----------------- Instantiating /home/travis/build/icyphy/ptII/ptolemy/domains/continuous/test/auto/junk.xml
142 ms. Memory: 308224K Free: 58793K (19%)
----------------- Invoking toplevel() on ptolemy.moml.MoMLSimpleApplication@6242289e
----------------- Done invoking toplevel() on ptolemy.moml.MoMLSimpleApplication@6242289e
reloadAllAccessors: .junk
AutoTests.java: About to close Vertx.
AutoTests.java: Vertx closed.
]]></system-out>
  <system-err><![CDATA[Warning: '.HysteresisWithRandomDelay.NonStrictTest3' The test produced only 17 tokens, yet the correctValues parameter was expecting 30 tokens.
Warning: '.IncreasingRatePoisson.NonStrictTest' The test produced only 386 tokens, yet the correctValues parameter was expecting 402 tokens.
Warning: '.Poisson.NonStrictTest' The test produced only 376 tokens, yet the correctValues parameter was expecting 430 tokens.
]]></system-err>
</testsuite>
