<?xml version="1.0" encoding="UTF-8" ?>
<testsuite errors="0" failures="0" hostname="travis-job-425cd71e-6211-47ad-89cd-11c5446568da" name="ptolemy.domains.de.test.junit.JUnitTclTest" skipped="0" tests="101" time="129.461" timestamp="2018-09-11T02:08:45">
  <properties>
[...]
</properties>
  <testcase classname="ptolemy.util.test.junit.TclTests" name="[0] /home/travis/build/icyphy/ptII/ptolemy/domains/de/test/DependencyLoop.tcl (RunTclFile)" time="0.75" />
  <testcase classname="ptolemy.util.test.junit.TclTests" name="[1] /home/travis/build/icyphy/ptII/ptolemy/domains/de/test/RunDETestsAsQSS.tcl (RunTclFile)" time="89.331" />
  <testcase classname="ptolemy.util.test.junit.AutoKnownFailedTests" name="[0] /home/travis/build/icyphy/ptII/ptolemy/domains/de/test/auto/knownFailedTests/DESDFClockTest.xml (RunModel)" time="2.044" />
  <testcase classname="ptolemy.util.test.junit.AutoKnownFailedTests" name="[1] /home/travis/build/icyphy/ptII/ptolemy/domains/de/test/auto/knownFailedTests/DirectFeedback.xml (RunModel)" time="0.019" />
  <testcase classname="ptolemy.util.test.junit.AutoKnownFailedTests" name="[2] /home/travis/build/icyphy/ptII/ptolemy/domains/de/test/auto/knownFailedTests/FSMSource.xml (RunModel)" time="0.031" />
  <testcase classname="ptolemy.util.test.junit.AutoKnownFailedTests" name="[3] /home/travis/build/icyphy/ptII/ptolemy/domains/de/test/auto/knownFailedTests/HierarchicalModel.xml (RunModel)" time="0.042" />
  <testcase classname="ptolemy.util.test.junit.AutoKnownFailedTests" name="[4] /home/travis/build/icyphy/ptII/ptolemy/domains/de/test/auto/knownFailedTests/dependencyLoop.xml (RunModel)" time="0.041" />
  <testcase classname="ptolemy.util.test.junit.AutoKnownFailedTests" name="[5] /home/travis/build/icyphy/ptII/ptolemy/domains/de/test/auto/knownFailedTests/dependencyLoop2.xml (RunModel)" time="0.052" />
  <testcase classname="ptolemy.util.test.junit.AutoNameArchTests" name="[0] ThereAreNoAutoArchTests (RunModel)" time="0.001" />
  <testcase classname="ptolemy.util.test.junit.AutoTests" name="[0] /home/travis/build/icyphy/ptII/ptolemy/domains/de/test/auto/ActorDepthCalculation_actorWithoutPorts.xml (RunModel)" time="0.014" />
  <testcase classname="ptolemy.util.test.junit.AutoTests" name="[1] /home/travis/build/icyphy/ptII/ptolemy/domains/de/test/auto/AssemblyLine.xml (RunModel)" time="0.021" />
  <testcase classname="ptolemy.util.test.junit.AutoTests" name="[2] /home/travis/build/icyphy/ptII/ptolemy/domains/de/test/auto/CQBug1.xml (RunModel)" time="0.01" />
  <testcase classname="ptolemy.util.test.junit.AutoTests" name="[3] /home/travis/build/icyphy/ptII/ptolemy/domains/de/test/auto/CancelFireAt.xml (RunModel)" time="0.005" />
  <testcase classname="ptolemy.util.test.junit.AutoTests" name="[4] /home/travis/build/icyphy/ptII/ptolemy/domains/de/test/auto/CausalityAndComposabilityAnalysis.xml (RunModel)" time="0.011" />
  <testcase classname="ptolemy.util.test.junit.AutoTests" name="[5] /home/travis/build/icyphy/ptII/ptolemy/domains/de/test/auto/CausalityInterface1.xml (RunModel)" time="0.015" />
  <testcase classname="ptolemy.util.test.junit.AutoTests" name="[6] /home/travis/build/icyphy/ptII/ptolemy/domains/de/test/auto/CausalityInterface15.xml (RunModel)" time="0.019" />
  <testcase classname="ptolemy.util.test.junit.AutoTests" name="[7] /home/travis/build/icyphy/ptII/ptolemy/domains/de/test/auto/CausalityInterface2.xml (RunModel)" time="0.01" />
  <testcase classname="ptolemy.util.test.junit.AutoTests" name="[8] /home/travis/build/icyphy/ptII/ptolemy/domains/de/test/auto/CausalityInterface3.xml (RunModel)" time="0.01" />
  <testcase classname="ptolemy.util.test.junit.AutoTests" name="[9] /home/travis/build/icyphy/ptII/ptolemy/domains/de/test/auto/ClockDrift.xml (RunModel)" time="0.045" />
  <testcase classname="ptolemy.util.test.junit.AutoTests" name="[10] /home/travis/build/icyphy/ptII/ptolemy/domains/de/test/auto/ClockDriftAndValueChange.xml (RunModel)" time="0.031" />
  <testcase classname="ptolemy.util.test.junit.AutoTests" name="[11] /home/travis/build/icyphy/ptII/ptolemy/domains/de/test/auto/ClockDriftChange.xml (RunModel)" time="0.027" />
  <testcase classname="ptolemy.util.test.junit.AutoTests" name="[12] /home/travis/build/icyphy/ptII/ptolemy/domains/de/test/auto/ComposableCausalityAnalysis.xml (RunModel)" time="0.014" />
  <testcase classname="ptolemy.util.test.junit.AutoTests" name="[13] /home/travis/build/icyphy/ptII/ptolemy/domains/de/test/auto/DEFixedPointLimitation.xml (RunModel)" time="0.01" />
  <testcase classname="ptolemy.util.test.junit.AutoTests" name="[14] /home/travis/build/icyphy/ptII/ptolemy/domains/de/test/auto/DEScheduleTest.xml (RunModel)" time="0.01" />
  <testcase classname="ptolemy.util.test.junit.AutoTests" name="[15] /home/travis/build/icyphy/ptII/ptolemy/domains/de/test/auto/DEinDEwithStartTimes.xml (RunModel)" time="0.012" />
  <testcase classname="ptolemy.util.test.junit.AutoTests" name="[16] /home/travis/build/icyphy/ptII/ptolemy/domains/de/test/auto/DEinDEwithStartTimes2.xml (RunModel)" time="0.013" />
  <testcase classname="ptolemy.util.test.junit.AutoTests" name="[17] /home/travis/build/icyphy/ptII/ptolemy/domains/de/test/auto/DateDemo.xml (RunModel)" time="0.034" />
  <testcase classname="ptolemy.util.test.junit.AutoTests" name="[18] /home/travis/build/icyphy/ptII/ptolemy/domains/de/test/auto/DateToEvent.xml (RunModel)" time="2.041" />
  <testcase classname="ptolemy.util.test.junit.AutoTests" name="[19] /home/travis/build/icyphy/ptII/ptolemy/domains/de/test/auto/DepthTest1.xml (RunModel)" time="0.006" />
  <testcase classname="ptolemy.util.test.junit.AutoTests" name="[20] /home/travis/build/icyphy/ptII/ptolemy/domains/de/test/auto/DepthTest2.xml (RunModel)" time="0.016" />
  <testcase classname="ptolemy.util.test.junit.AutoTests" name="[21] /home/travis/build/icyphy/ptII/ptolemy/domains/de/test/auto/DepthTest3.xml (RunModel)" time="0.007" />
  <testcase classname="ptolemy.util.test.junit.AutoTests" name="[22] /home/travis/build/icyphy/ptII/ptolemy/domains/de/test/auto/DepthTest4.xml (RunModel)" time="0.012" />
  <testcase classname="ptolemy.util.test.junit.AutoTests" name="[23] /home/travis/build/icyphy/ptII/ptolemy/domains/de/test/auto/DepthTest5.xml (RunModel)" time="0.013" />
  <testcase classname="ptolemy.util.test.junit.AutoTests" name="[24] /home/travis/build/icyphy/ptII/ptolemy/domains/de/test/auto/DepthTest6.xml (RunModel)" time="0.012" />
  <testcase classname="ptolemy.util.test.junit.AutoTests" name="[25] /home/travis/build/icyphy/ptII/ptolemy/domains/de/test/auto/DepthTest7.xml (RunModel)" time="0.01" />
  <testcase classname="ptolemy.util.test.junit.AutoTests" name="[26] /home/travis/build/icyphy/ptII/ptolemy/domains/de/test/auto/EventToDate.xml (RunModel)" time="3.032" />
  <testcase classname="ptolemy.util.test.junit.AutoTests" name="[27] /home/travis/build/icyphy/ptII/ptolemy/domains/de/test/auto/FSM1.xml (RunModel)" time="0.027" />
  <testcase classname="ptolemy.util.test.junit.AutoTests" name="[28] /home/travis/build/icyphy/ptII/ptolemy/domains/de/test/auto/FSM7.xml (RunModel)" time="0.028" />
  <testcase classname="ptolemy.util.test.junit.AutoTests" name="[29] /home/travis/build/icyphy/ptII/ptolemy/domains/de/test/auto/Inspection.xml (RunModel)" time="0.037" />
  <testcase classname="ptolemy.util.test.junit.AutoTests" name="[30] /home/travis/build/icyphy/ptII/ptolemy/domains/de/test/auto/Iteration.xml (RunModel)" time="0.019" />
  <testcase classname="ptolemy.util.test.junit.AutoTests" name="[31] /home/travis/build/icyphy/ptII/ptolemy/domains/de/test/auto/LineFault.xml (RunModel)" time="0.517" />
  <testcase classname="ptolemy.util.test.junit.AutoTests" name="[32] /home/travis/build/icyphy/ptII/ptolemy/domains/de/test/auto/MergeModel1Add.xml (RunModel)" time="0.038" />
  <testcase classname="ptolemy.util.test.junit.AutoTests" name="[33] /home/travis/build/icyphy/ptII/ptolemy/domains/de/test/auto/MergeModel2Add.xml (RunModel)" time="0.034" />
  <testcase classname="ptolemy.util.test.junit.AutoTests" name="[34] /home/travis/build/icyphy/ptII/ptolemy/domains/de/test/auto/MergeModel3Add.xml (RunModel)" time="0.033" />
  <testcase classname="ptolemy.util.test.junit.AutoTests" name="[35] /home/travis/build/icyphy/ptII/ptolemy/domains/de/test/auto/MergeWithoutDiscard.xml (RunModel)" time="0.009" />
  <testcase classname="ptolemy.util.test.junit.AutoTests" name="[36] /home/travis/build/icyphy/ptII/ptolemy/domains/de/test/auto/Modal1.xml (RunModel)" time="0.025" />
  <testcase classname="ptolemy.util.test.junit.AutoTests" name="[37] /home/travis/build/icyphy/ptII/ptolemy/domains/de/test/auto/Modal2.xml (RunModel)" time="0.024" />
  <testcase classname="ptolemy.util.test.junit.AutoTests" name="[38] /home/travis/build/icyphy/ptII/ptolemy/domains/de/test/auto/Modal3.xml (RunModel)" time="0.024" />
  <testcase classname="ptolemy.util.test.junit.AutoTests" name="[39] /home/travis/build/icyphy/ptII/ptolemy/domains/de/test/auto/Modal4.xml (RunModel)" time="0.026" />
  <testcase classname="ptolemy.util.test.junit.AutoTests" name="[40] /home/travis/build/icyphy/ptII/ptolemy/domains/de/test/auto/Modal5.xml (RunModel)" time="0.026" />
  <testcase classname="ptolemy.util.test.junit.AutoTests" name="[41] /home/travis/build/icyphy/ptII/ptolemy/domains/de/test/auto/Modal6.xml (RunModel)" time="0.024" />
  <testcase classname="ptolemy.util.test.junit.AutoTests" name="[42] /home/travis/build/icyphy/ptII/ptolemy/domains/de/test/auto/Modal7.xml (RunModel)" time="0.025" />
  <testcase classname="ptolemy.util.test.junit.AutoTests" name="[43] /home/travis/build/icyphy/ptII/ptolemy/domains/de/test/auto/ModalModel.xml (RunModel)" time="0.132" />
  <testcase classname="ptolemy.util.test.junit.AutoTests" name="[44] /home/travis/build/icyphy/ptII/ptolemy/domains/de/test/auto/ModalSource.xml (RunModel)" time="0.019" />
  <testcase classname="ptolemy.util.test.junit.AutoTests" name="[45] /home/travis/build/icyphy/ptII/ptolemy/domains/de/test/auto/NonInterruptibleTimerZeroDelay.xml (RunModel)" time="0.01" />
  <testcase classname="ptolemy.util.test.junit.AutoTests" name="[46] /home/travis/build/icyphy/ptII/ptolemy/domains/de/test/auto/OpenQueueingNetwork.xml (RunModel)" time="2.195" />
  <testcase classname="ptolemy.util.test.junit.AutoTests" name="[47] /home/travis/build/icyphy/ptII/ptolemy/domains/de/test/auto/OpenQueuingNetwork.xml (RunModel)" time="0.266" />
  <testcase classname="ptolemy.util.test.junit.AutoTests" name="[48] /home/travis/build/icyphy/ptII/ptolemy/domains/de/test/auto/PeriodicSampler.xml (RunModel)" time="0.007" />
  <testcase classname="ptolemy.util.test.junit.AutoTests" name="[49] /home/travis/build/icyphy/ptII/ptolemy/domains/de/test/auto/PersistentIO.xml (RunModel)" time="0.016" />
  <testcase classname="ptolemy.util.test.junit.AutoTests" name="[50] /home/travis/build/icyphy/ptII/ptolemy/domains/de/test/auto/PortParameterResetOnInitialize.xml (RunModel)" time="0.009" />
  <testcase classname="ptolemy.util.test.junit.AutoTests" name="[51] /home/travis/build/icyphy/ptII/ptolemy/domains/de/test/auto/PortParameterUpdates.xml (RunModel)" time="0.012" />
  <testcase classname="ptolemy.util.test.junit.AutoTests" name="[52] /home/travis/build/icyphy/ptII/ptolemy/domains/de/test/auto/QueueAndServer.xml (RunModel)" time="0.019" />
  <testcase classname="ptolemy.util.test.junit.AutoTests" name="[53] /home/travis/build/icyphy/ptII/ptolemy/domains/de/test/auto/Records.xml (RunModel)" time="0.013" />
  <testcase classname="ptolemy.util.test.junit.AutoTests" name="[54] /home/travis/build/icyphy/ptII/ptolemy/domains/de/test/auto/ResetTransitionWithStartTime1.xml (RunModel)" time="0.017" />
  <testcase classname="ptolemy.util.test.junit.AutoTests" name="[55] /home/travis/build/icyphy/ptII/ptolemy/domains/de/test/auto/ResetTransitionWithStartTime2.xml (RunModel)" time="0.023" />
  <testcase classname="ptolemy.util.test.junit.AutoTests" name="[56] /home/travis/build/icyphy/ptII/ptolemy/domains/de/test/auto/ResetTransitionWithStartTime3.xml (RunModel)" time="0.019" />
  <testcase classname="ptolemy.util.test.junit.AutoTests" name="[57] /home/travis/build/icyphy/ptII/ptolemy/domains/de/test/auto/ResetTransitionWithStartTime4.xml (RunModel)" time="0.018" />
  <testcase classname="ptolemy.util.test.junit.AutoTests" name="[58] /home/travis/build/icyphy/ptII/ptolemy/domains/de/test/auto/ResettableTimer1.xml (RunModel)" time="0.01" />
  <testcase classname="ptolemy.util.test.junit.AutoTests" name="[59] /home/travis/build/icyphy/ptII/ptolemy/domains/de/test/auto/ResettableTimer2.xml (RunModel)" time="0.008" />
  <testcase classname="ptolemy.util.test.junit.AutoTests" name="[60] /home/travis/build/icyphy/ptII/ptolemy/domains/de/test/auto/ResettableTimer3.xml (RunModel)" time="0.008" />
  <testcase classname="ptolemy.util.test.junit.AutoTests" name="[61] /home/travis/build/icyphy/ptII/ptolemy/domains/de/test/auto/ResettableTimer4.xml (RunModel)" time="0.008" />
  <testcase classname="ptolemy.util.test.junit.AutoTests" name="[62] /home/travis/build/icyphy/ptII/ptolemy/domains/de/test/auto/ResettableTimer5.xml (RunModel)" time="0.008" />
  <testcase classname="ptolemy.util.test.junit.AutoTests" name="[63] /home/travis/build/icyphy/ptII/ptolemy/domains/de/test/auto/ResettableTimer6.xml (RunModel)" time="0.016" />
  <testcase classname="ptolemy.util.test.junit.AutoTests" name="[64] /home/travis/build/icyphy/ptII/ptolemy/domains/de/test/auto/ServerZeroDelay.xml (RunModel)" time="0.01" />
  <testcase classname="ptolemy.util.test.junit.AutoTests" name="[65] /home/travis/build/icyphy/ptII/ptolemy/domains/de/test/auto/SmartSender.xml (RunModel)" time="3.013" />
  <testcase classname="ptolemy.util.test.junit.AutoTests" name="[66] /home/travis/build/icyphy/ptII/ptolemy/domains/de/test/auto/ThreadedComposite.xml (RunModel)" time="0.38" />
  <testcase classname="ptolemy.util.test.junit.AutoTests" name="[67] /home/travis/build/icyphy/ptII/ptolemy/domains/de/test/auto/Time.xml (RunModel)" time="0.416" />
  <testcase classname="ptolemy.util.test.junit.AutoTests" name="[68] /home/travis/build/icyphy/ptII/ptolemy/domains/de/test/auto/TimeDelayZeroDelay.xml (RunModel)" time="0.009" />
  <testcase classname="ptolemy.util.test.junit.AutoTests" name="[69] /home/travis/build/icyphy/ptII/ptolemy/domains/de/test/auto/TimerZeroDelay.xml (RunModel)" time="0.008" />
  <testcase classname="ptolemy.util.test.junit.AutoTests" name="[70] /home/travis/build/icyphy/ptII/ptolemy/domains/de/test/auto/TimingParadox.xml (RunModel)" time="0.335" />
  <testcase classname="ptolemy.util.test.junit.AutoTests" name="[71] /home/travis/build/icyphy/ptII/ptolemy/domains/de/test/auto/TransferInputs.xml (RunModel)" time="0.008" />
  <testcase classname="ptolemy.util.test.junit.AutoTests" name="[72] /home/travis/build/icyphy/ptII/ptolemy/domains/de/test/auto/TransferOutputs2.xml (RunModel)" time="0.015" />
  <testcase classname="ptolemy.util.test.junit.AutoTests" name="[73] /home/travis/build/icyphy/ptII/ptolemy/domains/de/test/auto/Trilateration.xml (RunModel)" time="11.13" />
  <testcase classname="ptolemy.util.test.junit.AutoTests" name="[74] /home/travis/build/icyphy/ptII/ptolemy/domains/de/test/auto/TwoSigmaDelta.xml (RunModel)" time="2.084" />
  <testcase classname="ptolemy.util.test.junit.AutoTests" name="[75] /home/travis/build/icyphy/ptII/ptolemy/domains/de/test/auto/VariableDelay.xml (RunModel)" time="0.015" />
  <testcase classname="ptolemy.util.test.junit.AutoTests" name="[76] /home/travis/build/icyphy/ptII/ptolemy/domains/de/test/auto/VariableDelay2.xml (RunModel)" time="0.008" />
  <testcase classname="ptolemy.util.test.junit.AutoTests" name="[77] /home/travis/build/icyphy/ptII/ptolemy/domains/de/test/auto/VariableDelayZeroDelay.xml (RunModel)" time="0.015" />
  <testcase classname="ptolemy.util.test.junit.AutoTests" name="[78] /home/travis/build/icyphy/ptII/ptolemy/domains/de/test/auto/VariableDelayZeroDelay2.xml (RunModel)" time="0.009" />
  <testcase classname="ptolemy.util.test.junit.AutoTests" name="[79] /home/travis/build/icyphy/ptII/ptolemy/domains/de/test/auto/deInCt.xml (RunModel)" time="0.016" />
  <testcase classname="ptolemy.util.test.junit.AutoTests" name="[80] /home/travis/build/icyphy/ptII/ptolemy/domains/de/test/auto/deInCt2.xml (RunModel)" time="0.015" />
  <testcase classname="ptolemy.util.test.junit.AutoTests" name="[81] /home/travis/build/icyphy/ptII/ptolemy/domains/de/test/auto/dynamicCausalityInterface1.xml (RunModel)" time="0.018" />
  <testcase classname="ptolemy.util.test.junit.AutoTests" name="[82] /home/travis/build/icyphy/ptII/ptolemy/domains/de/test/auto/fsm_de_test.xml (RunModel)" time="0.024" />
  <testcase classname="ptolemy.util.test.junit.AutoTests" name="[83] /home/travis/build/icyphy/ptII/ptolemy/domains/de/test/auto/functionDependencyReconstruction.xml (RunModel)" time="0.031" />
  <testcase classname="ptolemy.util.test.junit.AutoTests" name="[84] /home/travis/build/icyphy/ptII/ptolemy/domains/de/test/auto/multirate.xml (RunModel)" time="0.014" />
  <testcase classname="ptolemy.util.test.junit.AutoTests" name="[85] /home/travis/build/icyphy/ptII/ptolemy/domains/de/test/auto/multirate2.xml (RunModel)" time="0.018" />
  <testcase classname="ptolemy.util.test.junit.AutoTests" name="[86] /home/travis/build/icyphy/ptII/ptolemy/domains/de/test/auto/realtime.xml (RunModel)" time="10.015" />
  <testcase classname="ptolemy.util.test.junit.AutoTests" name="[87] /home/travis/build/icyphy/ptII/ptolemy/domains/de/test/auto/relationGroup.xml (RunModel)" time="0.012" />
  <testcase classname="ptolemy.util.test.junit.AutoTests" name="[88] /home/travis/build/icyphy/ptII/ptolemy/domains/de/test/auto/relationGroup2.xml (RunModel)" time="0.006" />
  <testcase classname="ptolemy.util.test.junit.AutoTests" name="[89] /home/travis/build/icyphy/ptII/ptolemy/domains/de/test/auto/sortWithOpaquePorts.xml (RunModel)" time="0.007" />
  <testcase classname="ptolemy.util.test.junit.AutoTests" name="[90] /home/travis/build/icyphy/ptII/ptolemy/domains/de/test/auto/transferInputsandOutputs.xml (RunModel)" time="0.013" />
  <testcase classname="ptolemy.util.test.junit.AutoTests" name="[91] /home/travis/build/icyphy/ptII/ptolemy/domains/de/test/auto/triggerType.xml (RunModel)" time="0.008" />
  <system-out><![CDATA[/home/travis/build/icyphy/ptII/ptolemy/domains/de/test/DependencyLoop.tcl
testDefs.tcl: setting time out to 9000 seconds at Tue Sep 11 02:08:45 UTC 2018
13 ms. Memory: 116224K Free: 93905K (81%)
11 ms. Memory: 146944K Free: 135475K (92%)
/home/travis/build/icyphy/ptII/ptolemy/domains/de/test/RunDETestsAsQSS.tcl
Run the DE tests using ptolemy.domains.qss.test.QSSDirectorTest, which extends QSSDirector and prints a message in the constructors.
------------------ testing $PTII/ptolemy/domains/de/test/auto/knownFailedTests/dependencyLoop.xml (Known Failure) 
6 ms. Memory: 146944K Free: 132363K (90%)


==== $PTIIhome/travis/build/icyphy/ptII/ptolemy/domains/de/test/../../../../: Auto Automatic test in file $PTII/ptolemy/domains/de/test/auto/knownFailedTests/dependencyLoop.xml
==== Contents of test case:

	    # FIXME: we should use $relativeFilename here, but it
	    # might have backslashes under Windows, which causes no end
	    # of trouble.
	    createAndExecute $file
	    list {}
	
.... Test generated KNOWN error:
    while executing
ptolemy.kernel.util.IllegalActionException: Found a zero delay loop containing .dependencyLoop.original
  in .dependencyLoop and .dependencyLoop.original
	at ptolemy.actor.util.CausalityInterfaceForComposites._computeOutputPortDepth(CausalityInterfaceForComposites.java:759)
	at ptolemy.actor.util.CausalityInterfaceForComposites._computeInputDepth(CausalityInterfaceForComposites.java:696)
	at ptolemy.actor.util.CausalityInterfaceForComposites._computeOutputPortDepth(CausalityInterfaceForComposites.java:765)
	at ptolemy.actor.util.CausalityInterfaceForComposites._computeInputDepth(CausalityInterfaceForComposites.java:696)
	at ptolemy.actor.util.CausalityInterfaceForComposites._computeOutputPortDepth(CausalityInterfaceForComposites.java:765)
	at ptolemy.actor.util.CausalityInterfaceForComposites._computeInputDepth(CausalityInterfaceForComposites.java:696)
	at ptolemy.actor.util.CausalityInterfaceForComposites._computeActorDepth(CausalityInterfaceForComposites.java:532)
	at ptolemy.actor.util.CausalityInterfaceForComposites.checkForCycles(CausalityInterfaceForComposites.java:96)
	at ptolemy.domains.de.kernel.DEDirector.preinitialize(DEDirector.java:1338)
	at ptolemy.actor.CompositeActor.preinitialize(CompositeActor.java:1828)
	at ptolemy.actor.Manager.preinitializeAndResolveTypes(Manager.java:1040)
	at ptolemy.actor.Manager.initialize(Manager.java:710)
	at ptolemy.actor.Manager.execute(Manager.java:356)
	at ptolemy.actor.Manager.run(Manager.java:1263)
	at ptolemy.actor.Manager$PtolemyRunThread.run(Manager.java:1915)

    while executing
ptolemy.kernel.util.IllegalActionException: Found a zero delay loop containing .dependencyLoop.original
  in .dependencyLoop and .dependencyLoop.original
    while executing
"java::new ptolemy.moml.MoMLSimpleApplication $file
"
    (procedure "createAndExecute" line 2)
    invoked from within
"createAndExecute $file"
    ("uplevel" body line 5)
    invoked from within
"uplevel $contents_of_test"
------------------ testing $PTII/ptolemy/domains/de/test/auto/knownFailedTests/DESDFClockTest.xml (Known Failure) 
2053 ms. Memory: 146944K Free: 116543K (79%)


==== $PTIIhome/travis/build/icyphy/ptII/ptolemy/domains/de/test/../../../../: Auto Automatic test in file $PTII/ptolemy/domains/de/test/auto/knownFailedTests/DESDFClockTest.xml
==== Contents of test case:

	    # FIXME: we should use $relativeFilename here, but it
	    # might have backslashes under Windows, which causes no end
	    # of trouble.
	    createAndExecute $file
	    list {}
	
.... Test generated KNOWN error:
    while executing
ptolemy.kernel.util.IllegalActionException: Actor is not ready to fire.  Perhaps UpSample.prefire() returned false? Try debugging the actor by selecting "Listen to Actor".  Also, for SDF check moml for tokenConsumptionRate on input.
  in .DESDFClockTest.Play Bell.Copy1:SDF Director and .DESDFClockTest.Play Bell.UpSample
	at ptolemy.actor.sched.StaticSchedulingDirector.fire(StaticSchedulingDirector.java:227)
	at ptolemy.domains.sdf.kernel.SDFDirector.fire(SDFDirector.java:500)
	at ptolemy.actor.CompositeActor.fire(CompositeActor.java:455)
	at ptolemy.domains.de.kernel.DEDirector._fire(DEDirector.java:1949)
	at ptolemy.domains.de.kernel.DEDirector.fire(DEDirector.java:502)
	at ptolemy.actor.CompositeActor.fire(CompositeActor.java:455)
	at ptolemy.actor.Manager.iterate(Manager.java:851)
	at ptolemy.actor.Manager.execute(Manager.java:369)
	at ptolemy.actor.Manager.run(Manager.java:1263)
	at ptolemy.actor.Manager$PtolemyRunThread.run(Manager.java:1915)

    while executing
ptolemy.kernel.util.IllegalActionException: Actor is not ready to fire.  Perhaps UpSample.prefire() returned false? Try debugging the actor by selecting "Listen to Actor".  Also, for SDF check moml for tokenConsumptionRate on input.
  in .DESDFClockTest.Play Bell.Copy1:SDF Director and .DESDFClockTest.Play Bell.UpSample
    while executing
"java::new ptolemy.moml.MoMLSimpleApplication $file
"
    (procedure "createAndExecute" line 2)
    invoked from within
"createAndExecute $file"
    ("uplevel" body line 5)
    invoked from within
"uplevel $contents_of_test"
------------------ testing $PTII/ptolemy/domains/de/test/auto/knownFailedTests/FSMSource.xml (Known Failure) 
38 ms. Memory: 146944K Free: 107570K (73%)
!!!! Auto was marked as failing, but now passes
------------------ testing $PTII/ptolemy/domains/de/test/auto/knownFailedTests/dependencyLoop2.xml (Known Failure) 
9 ms. Memory: 146944K Free: 105687K (72%)


==== $PTIIhome/travis/build/icyphy/ptII/ptolemy/domains/de/test/../../../../: Auto Automatic test in file $PTII/ptolemy/domains/de/test/auto/knownFailedTests/dependencyLoop2.xml
==== Contents of test case:

	    # FIXME: we should use $relativeFilename here, but it
	    # might have backslashes under Windows, which causes no end
	    # of trouble.
	    createAndExecute $file
	    list {}
	
.... Test generated KNOWN error:
    while executing
ptolemy.kernel.util.IllegalActionException: Found a zero delay loop containing .dependencyLoop2.original
  in .dependencyLoop2 and .dependencyLoop2.original
	at ptolemy.actor.util.CausalityInterfaceForComposites._computeOutputPortDepth(CausalityInterfaceForComposites.java:759)
	at ptolemy.actor.util.CausalityInterfaceForComposites._computeInputDepth(CausalityInterfaceForComposites.java:696)
	at ptolemy.actor.util.CausalityInterfaceForComposites._computeOutputPortDepth(CausalityInterfaceForComposites.java:765)
	at ptolemy.actor.util.CausalityInterfaceForComposites._computeInputDepth(CausalityInterfaceForComposites.java:696)
	at ptolemy.actor.util.CausalityInterfaceForComposites._computeOutputPortDepth(CausalityInterfaceForComposites.java:765)
	at ptolemy.actor.util.CausalityInterfaceForComposites._computeInputDepth(CausalityInterfaceForComposites.java:696)
	at ptolemy.actor.util.CausalityInterfaceForComposites._computeActorDepth(CausalityInterfaceForComposites.java:532)
	at ptolemy.actor.util.CausalityInterfaceForComposites.checkForCycles(CausalityInterfaceForComposites.java:96)
	at ptolemy.domains.de.kernel.DEDirector.preinitialize(DEDirector.java:1338)
	at ptolemy.actor.CompositeActor.preinitialize(CompositeActor.java:1828)
	at ptolemy.actor.Manager.preinitializeAndResolveTypes(Manager.java:1040)
	at ptolemy.actor.Manager.initialize(Manager.java:710)
	at ptolemy.actor.Manager.execute(Manager.java:356)
	at ptolemy.actor.Manager.run(Manager.java:1263)
	at ptolemy.actor.Manager$PtolemyRunThread.run(Manager.java:1915)

    while executing
ptolemy.kernel.util.IllegalActionException: Found a zero delay loop containing .dependencyLoop2.original
  in .dependencyLoop2 and .dependencyLoop2.original
    while executing
"java::new ptolemy.moml.MoMLSimpleApplication $file
"
    (procedure "createAndExecute" line 2)
    invoked from within
"createAndExecute $file"
    ("uplevel" body line 5)
    invoked from within
"uplevel $contents_of_test"
------------------ testing $PTII/ptolemy/domains/de/test/auto/knownFailedTests/HierarchicalModel.xml (Known Failure) 
5 ms. Memory: 146944K Free: 85128K (58%)


==== $PTIIhome/travis/build/icyphy/ptII/ptolemy/domains/de/test/../../../../: Auto Automatic test in file $PTII/ptolemy/domains/de/test/auto/knownFailedTests/HierarchicalModel.xml
==== Contents of test case:

	    # FIXME: we should use $relativeFilename here, but it
	    # might have backslashes under Windows, which causes no end
	    # of trouble.
	    createAndExecute $file
	    list {}
	
.... Test generated KNOWN error:
    while executing
ptolemy.kernel.util.IllegalActionException: Found a zero delay loop containing .HierarchicalModel.A
  in .HierarchicalModel and .HierarchicalModel.A
	at ptolemy.actor.util.CausalityInterfaceForComposites._computeOutputPortDepth(CausalityInterfaceForComposites.java:759)
	at ptolemy.actor.util.CausalityInterfaceForComposites._computeInputDepth(CausalityInterfaceForComposites.java:696)
	at ptolemy.actor.util.CausalityInterfaceForComposites._computeOutputPortDepth(CausalityInterfaceForComposites.java:765)
	at ptolemy.actor.util.CausalityInterfaceForComposites._computeInputDepth(CausalityInterfaceForComposites.java:696)
	at ptolemy.actor.util.CausalityInterfaceForComposites._computeOutputPortDepth(CausalityInterfaceForComposites.java:765)
	at ptolemy.actor.util.CausalityInterfaceForComposites._computeInputDepth(CausalityInterfaceForComposites.java:696)
	at ptolemy.actor.util.CausalityInterfaceForComposites._computeActorDepth(CausalityInterfaceForComposites.java:532)
	at ptolemy.actor.util.CausalityInterfaceForComposites.checkForCycles(CausalityInterfaceForComposites.java:96)
	at ptolemy.domains.de.kernel.DEDirector.preinitialize(DEDirector.java:1338)
	at ptolemy.actor.CompositeActor.preinitialize(CompositeActor.java:1828)
	at ptolemy.actor.Manager.preinitializeAndResolveTypes(Manager.java:1040)
	at ptolemy.actor.Manager.initialize(Manager.java:710)
	at ptolemy.actor.Manager.execute(Manager.java:356)
	at ptolemy.actor.Manager.run(Manager.java:1263)
	at ptolemy.actor.Manager$PtolemyRunThread.run(Manager.java:1915)

    while executing
ptolemy.kernel.util.IllegalActionException: Found a zero delay loop containing .HierarchicalModel.A
  in .HierarchicalModel and .HierarchicalModel.A
    while executing
"java::new ptolemy.moml.MoMLSimpleApplication $file
"
    (procedure "createAndExecute" line 2)
    invoked from within
"createAndExecute $file"
    ("uplevel" body line 5)
    invoked from within
"uplevel $contents_of_test"
------------------ testing $PTII/ptolemy/domains/de/test/auto/knownFailedTests/DirectFeedback.xml (Known Failure) 
8 ms. Memory: 146944K Free: 141153K (96%)


==== $PTIIhome/travis/build/icyphy/ptII/ptolemy/domains/de/test/../../../../: Auto Automatic test in file $PTII/ptolemy/domains/de/test/auto/knownFailedTests/DirectFeedback.xml
==== Contents of test case:

	    # FIXME: we should use $relativeFilename here, but it
	    # might have backslashes under Windows, which causes no end
	    # of trouble.
	    createAndExecute $file
	    list {}
	
.... Test generated KNOWN error:
    while executing
ptolemy.kernel.util.IllegalActionException: Test fails in iteration 1.
Value was: 1.0. Should have been: 2.0
  in .DirectFeedback.Test
	at ptolemy.actor.lib.Test.fire(Test.java:268)
	at ptolemy.domains.de.kernel.DEDirector._fire(DEDirector.java:1949)
	at ptolemy.domains.de.kernel.DEDirector.fire(DEDirector.java:502)
	at ptolemy.actor.CompositeActor.fire(CompositeActor.java:455)
	at ptolemy.actor.Manager.iterate(Manager.java:851)
	at ptolemy.actor.Manager.execute(Manager.java:369)
	at ptolemy.actor.Manager.run(Manager.java:1263)
	at ptolemy.actor.Manager$PtolemyRunThread.run(Manager.java:1915)

    while executing
ptolemy.kernel.util.IllegalActionException: Test fails in iteration 1.
Value was: 1.0. Should have been: 2.0
  in .DirectFeedback.Test
    while executing
"java::new ptolemy.moml.MoMLSimpleApplication $file
"
    (procedure "createAndExecute" line 2)
    invoked from within
"createAndExecute $file"
    ("uplevel" body line 5)
    invoked from within
"uplevel $contents_of_test"
------------------ testing $PTII/ptolemy/domains/de/test/auto/ActorDepthCalculation_actorWithoutPorts.xml
auto.tcl: Setting watchdog for 200 seconds at Tue Sep 11 02:08:48 UTC 2018
4 ms. Memory: 146944K Free: 132382K (90%)
ptolemy.util.test.WatchDog.cancel(): canceling Tue Sep 11 02:08:48 UTC 2018
auto.tcl: Setting watchdog for 200 seconds at Tue Sep 11 02:08:48 UTC 2018
4 ms. Memory: 146944K Free: 131330K (89%)
ptolemy.util.test.WatchDog.cancel(): canceling Tue Sep 11 02:08:48 UTC 2018
------------------ testing $PTII/ptolemy/domains/de/test/auto/AssemblyLine.xml
auto.tcl: Setting watchdog for 200 seconds at Tue Sep 11 02:08:49 UTC 2018
10 ms. Memory: 208384K Free: 182772K (88%)
ptolemy.util.test.WatchDog.cancel(): canceling Tue Sep 11 02:08:49 UTC 2018
auto.tcl: Setting watchdog for 200 seconds at Tue Sep 11 02:08:49 UTC 2018
6 ms. Memory: 208384K Free: 182772K (88%)
ptolemy.util.test.WatchDog.cancel(): canceling Tue Sep 11 02:08:49 UTC 2018
------------------ testing $PTII/ptolemy/domains/de/test/auto/CQBug1.xml
auto.tcl: Setting watchdog for 200 seconds at Tue Sep 11 02:08:49 UTC 2018
3 ms. Memory: 208384K Free: 197682K (95%)
ptolemy.util.test.WatchDog.cancel(): canceling Tue Sep 11 02:08:49 UTC 2018
auto.tcl: Setting watchdog for 200 seconds at Tue Sep 11 02:08:49 UTC 2018
2 ms. Memory: 208384K Free: 197682K (95%)
ptolemy.util.test.WatchDog.cancel(): canceling Tue Sep 11 02:08:49 UTC 2018
------------------ testing $PTII/ptolemy/domains/de/test/auto/CancelFireAt.xml
auto.tcl: Setting watchdog for 200 seconds at Tue Sep 11 02:08:49 UTC 2018
8 ms. Memory: 208384K Free: 201083K (96%)
ptolemy.util.test.WatchDog.cancel(): canceling Tue Sep 11 02:08:49 UTC 2018
auto.tcl: Setting watchdog for 200 seconds at Tue Sep 11 02:08:49 UTC 2018
2 ms. Memory: 208384K Free: 198965K (95%)
ptolemy.util.test.WatchDog.cancel(): canceling Tue Sep 11 02:08:49 UTC 2018
------------------ testing $PTII/ptolemy/domains/de/test/auto/CausalityAndComposabilityAnalysis.xml
auto.tcl: Setting watchdog for 200 seconds at Tue Sep 11 02:08:49 UTC 2018
16 ms. Memory: 208384K Free: 198562K (95%)
ptolemy.util.test.WatchDog.cancel(): canceling Tue Sep 11 02:08:49 UTC 2018
auto.tcl: Setting watchdog for 200 seconds at Tue Sep 11 02:08:49 UTC 2018
5 ms. Memory: 208384K Free: 196444K (94%)
ptolemy.util.test.WatchDog.cancel(): canceling Tue Sep 11 02:08:49 UTC 2018
------------------ testing $PTII/ptolemy/domains/de/test/auto/CausalityInterface1.xml
auto.tcl: Setting watchdog for 200 seconds at Tue Sep 11 02:08:49 UTC 2018
12 ms. Memory: 208384K Free: 196364K (94%)
ptolemy.util.test.WatchDog.cancel(): canceling Tue Sep 11 02:08:49 UTC 2018
auto.tcl: Setting watchdog for 200 seconds at Tue Sep 11 02:08:49 UTC 2018
3 ms. Memory: 208384K Free: 196364K (94%)
ptolemy.util.test.WatchDog.cancel(): canceling Tue Sep 11 02:08:49 UTC 2018
------------------ testing $PTII/ptolemy/domains/de/test/auto/CausalityInterface15.xml
auto.tcl: Setting watchdog for 200 seconds at Tue Sep 11 02:08:49 UTC 2018
6 ms. Memory: 208384K Free: 196356K (94%)
ptolemy.util.test.WatchDog.cancel(): canceling Tue Sep 11 02:08:49 UTC 2018
auto.tcl: Setting watchdog for 200 seconds at Tue Sep 11 02:08:49 UTC 2018
4 ms. Memory: 208384K Free: 196356K (94%)
ptolemy.util.test.WatchDog.cancel(): canceling Tue Sep 11 02:08:49 UTC 2018
------------------ testing $PTII/ptolemy/domains/de/test/auto/CausalityInterface2.xml
auto.tcl: Setting watchdog for 200 seconds at Tue Sep 11 02:08:50 UTC 2018
3 ms. Memory: 208384K Free: 196332K (94%)
ptolemy.util.test.WatchDog.cancel(): canceling Tue Sep 11 02:08:50 UTC 2018
auto.tcl: Setting watchdog for 200 seconds at Tue Sep 11 02:08:50 UTC 2018
3 ms. Memory: 208384K Free: 196332K (94%)
ptolemy.util.test.WatchDog.cancel(): canceling Tue Sep 11 02:08:50 UTC 2018
------------------ testing $PTII/ptolemy/domains/de/test/auto/CausalityInterface3.xml
auto.tcl: Setting watchdog for 200 seconds at Tue Sep 11 02:08:50 UTC 2018
3 ms. Memory: 208384K Free: 196353K (94%)
ptolemy.util.test.WatchDog.cancel(): canceling Tue Sep 11 02:08:50 UTC 2018
auto.tcl: Setting watchdog for 200 seconds at Tue Sep 11 02:08:50 UTC 2018
3 ms. Memory: 208384K Free: 196353K (94%)
ptolemy.util.test.WatchDog.cancel(): canceling Tue Sep 11 02:08:50 UTC 2018
------------------ testing $PTII/ptolemy/domains/de/test/auto/ClockDrift.xml
auto.tcl: Setting watchdog for 200 seconds at Tue Sep 11 02:08:50 UTC 2018
90 ms. Memory: 208384K Free: 187515K (90%)
ptolemy.util.test.WatchDog.cancel(): canceling Tue Sep 11 02:08:50 UTC 2018
auto.tcl: Setting watchdog for 200 seconds at Tue Sep 11 02:08:50 UTC 2018
63 ms. Memory: 208384K Free: 185397K (89%)
ptolemy.util.test.WatchDog.cancel(): canceling Tue Sep 11 02:08:50 UTC 2018
------------------ testing $PTII/ptolemy/domains/de/test/auto/ClockDriftAndValueChange.xml
auto.tcl: Setting watchdog for 200 seconds at Tue Sep 11 02:08:50 UTC 2018
52 ms. Memory: 208384K Free: 187332K (90%)
ptolemy.util.test.WatchDog.cancel(): canceling Tue Sep 11 02:08:50 UTC 2018
auto.tcl: Setting watchdog for 200 seconds at Tue Sep 11 02:08:50 UTC 2018
35 ms. Memory: 208384K Free: 185198K (89%)
ptolemy.util.test.WatchDog.cancel(): canceling Tue Sep 11 02:08:50 UTC 2018
------------------ testing $PTII/ptolemy/domains/de/test/auto/ClockDriftChange.xml
auto.tcl: Setting watchdog for 200 seconds at Tue Sep 11 02:08:50 UTC 2018
31 ms. Memory: 208384K Free: 190689K (92%)
ptolemy.util.test.WatchDog.cancel(): canceling Tue Sep 11 02:08:50 UTC 2018
auto.tcl: Setting watchdog for 200 seconds at Tue Sep 11 02:08:50 UTC 2018
33 ms. Memory: 208384K Free: 188570K (90%)
ptolemy.util.test.WatchDog.cancel(): canceling Tue Sep 11 02:08:50 UTC 2018
------------------ testing $PTII/ptolemy/domains/de/test/auto/ComposableCausalityAnalysis.xml
auto.tcl: Setting watchdog for 200 seconds at Tue Sep 11 02:08:50 UTC 2018
2 ms. Memory: 208384K Free: 196208K (94%)
ptolemy.util.test.WatchDog.cancel(): canceling Tue Sep 11 02:08:50 UTC 2018
auto.tcl: Setting watchdog for 200 seconds at Tue Sep 11 02:08:50 UTC 2018
1 ms. Memory: 208384K Free: 194074K (93%)
ptolemy.util.test.WatchDog.cancel(): canceling Tue Sep 11 02:08:50 UTC 2018
------------------ testing $PTII/ptolemy/domains/de/test/auto/DEFixedPointLimitation.xml
auto.tcl: Setting watchdog for 200 seconds at Tue Sep 11 02:08:50 UTC 2018
2 ms. Memory: 208384K Free: 198423K (95%)
ptolemy.util.test.WatchDog.cancel(): canceling Tue Sep 11 02:08:50 UTC 2018
auto.tcl: Setting watchdog for 200 seconds at Tue Sep 11 02:08:50 UTC 2018
1 ms. Memory: 208384K Free: 196305K (94%)
ptolemy.util.test.WatchDog.cancel(): canceling Tue Sep 11 02:08:50 UTC 2018
------------------ testing $PTII/ptolemy/domains/de/test/auto/DEScheduleTest.xml
auto.tcl: Setting watchdog for 200 seconds at Tue Sep 11 02:08:50 UTC 2018
3 ms. Memory: 208384K Free: 198443K (95%)
ptolemy.util.test.WatchDog.cancel(): canceling Tue Sep 11 02:08:51 UTC 2018
auto.tcl: Setting watchdog for 200 seconds at Tue Sep 11 02:08:51 UTC 2018
5 ms. Memory: 208384K Free: 196316K (94%)
ptolemy.util.test.WatchDog.cancel(): canceling Tue Sep 11 02:08:51 UTC 2018
------------------ testing $PTII/ptolemy/domains/de/test/auto/DEinDEwithStartTimes.xml
auto.tcl: Setting watchdog for 200 seconds at Tue Sep 11 02:08:51 UTC 2018
4 ms. Memory: 208384K Free: 196278K (94%)
ptolemy.util.test.WatchDog.cancel(): canceling Tue Sep 11 02:08:51 UTC 2018
auto.tcl: Setting watchdog for 200 seconds at Tue Sep 11 02:08:51 UTC 2018
3 ms. Memory: 208384K Free: 194160K (93%)
ptolemy.util.test.WatchDog.cancel(): canceling Tue Sep 11 02:08:51 UTC 2018
------------------ testing $PTII/ptolemy/domains/de/test/auto/DEinDEwithStartTimes2.xml
auto.tcl: Setting watchdog for 200 seconds at Tue Sep 11 02:08:51 UTC 2018
7 ms. Memory: 208384K Free: 196290K (94%)
ptolemy.util.test.WatchDog.cancel(): canceling Tue Sep 11 02:08:51 UTC 2018
auto.tcl: Setting watchdog for 200 seconds at Tue Sep 11 02:08:51 UTC 2018
3 ms. Memory: 208384K Free: 194156K (93%)
ptolemy.util.test.WatchDog.cancel(): canceling Tue Sep 11 02:08:51 UTC 2018
------------------ testing $PTII/ptolemy/domains/de/test/auto/DateDemo.xml
auto.tcl: Setting watchdog for 200 seconds at Tue Sep 11 02:08:51 UTC 2018
15 ms. Memory: 208384K Free: 188617K (91%)
ptolemy.util.test.WatchDog.cancel(): canceling Tue Sep 11 02:08:51 UTC 2018
auto.tcl: Setting watchdog for 200 seconds at Tue Sep 11 02:08:51 UTC 2018
5 ms. Memory: 208384K Free: 186491K (89%)
ptolemy.util.test.WatchDog.cancel(): canceling Tue Sep 11 02:08:51 UTC 2018
------------------ testing $PTII/ptolemy/domains/de/test/auto/DateToEvent.xml
auto.tcl: Setting watchdog for 200 seconds at Tue Sep 11 02:08:51 UTC 2018
2009 ms. Memory: 208384K Free: 183253K (88%)
ptolemy.util.test.WatchDog.cancel(): canceling Tue Sep 11 02:08:53 UTC 2018
auto.tcl: Setting watchdog for 200 seconds at Tue Sep 11 02:08:53 UTC 2018
2004 ms. Memory: 208384K Free: 183253K (88%)
ptolemy.util.test.WatchDog.cancel(): canceling Tue Sep 11 02:08:55 UTC 2018
------------------ testing $PTII/ptolemy/domains/de/test/auto/DepthTest1.xml
auto.tcl: Setting watchdog for 200 seconds at Tue Sep 11 02:08:55 UTC 2018
3 ms. Memory: 208384K Free: 197986K (95%)
ptolemy.util.test.WatchDog.cancel(): canceling Tue Sep 11 02:08:55 UTC 2018
auto.tcl: Setting watchdog for 200 seconds at Tue Sep 11 02:08:55 UTC 2018
2 ms. Memory: 208384K Free: 197986K (95%)
ptolemy.util.test.WatchDog.cancel(): canceling Tue Sep 11 02:08:55 UTC 2018
------------------ testing $PTII/ptolemy/domains/de/test/auto/DepthTest2.xml
auto.tcl: Setting watchdog for 200 seconds at Tue Sep 11 02:08:55 UTC 2018
6 ms. Memory: 208384K Free: 194119K (93%)
ptolemy.util.test.WatchDog.cancel(): canceling Tue Sep 11 02:08:55 UTC 2018
auto.tcl: Setting watchdog for 200 seconds at Tue Sep 11 02:08:55 UTC 2018
2 ms. Memory: 208384K Free: 194119K (93%)
ptolemy.util.test.WatchDog.cancel(): canceling Tue Sep 11 02:08:55 UTC 2018
------------------ testing $PTII/ptolemy/domains/de/test/auto/DepthTest3.xml
auto.tcl: Setting watchdog for 200 seconds at Tue Sep 11 02:08:55 UTC 2018
4 ms. Memory: 208384K Free: 198650K (95%)
ptolemy.util.test.WatchDog.cancel(): canceling Tue Sep 11 02:08:55 UTC 2018
auto.tcl: Setting watchdog for 200 seconds at Tue Sep 11 02:08:55 UTC 2018
2 ms. Memory: 208384K Free: 198650K (95%)
ptolemy.util.test.WatchDog.cancel(): canceling Tue Sep 11 02:08:55 UTC 2018
------------------ testing $PTII/ptolemy/domains/de/test/auto/DepthTest4.xml
auto.tcl: Setting watchdog for 200 seconds at Tue Sep 11 02:08:55 UTC 2018
6 ms. Memory: 208384K Free: 196274K (94%)
ptolemy.util.test.WatchDog.cancel(): canceling Tue Sep 11 02:08:55 UTC 2018
auto.tcl: Setting watchdog for 200 seconds at Tue Sep 11 02:08:55 UTC 2018
2 ms. Memory: 208384K Free: 196274K (94%)
ptolemy.util.test.WatchDog.cancel(): canceling Tue Sep 11 02:08:55 UTC 2018
------------------ testing $PTII/ptolemy/domains/de/test/auto/DepthTest5.xml
auto.tcl: Setting watchdog for 200 seconds at Tue Sep 11 02:08:55 UTC 2018
3 ms. Memory: 208384K Free: 196236K (94%)
ptolemy.util.test.WatchDog.cancel(): canceling Tue Sep 11 02:08:55 UTC 2018
auto.tcl: Setting watchdog for 200 seconds at Tue Sep 11 02:08:55 UTC 2018
2 ms. Memory: 208384K Free: 196236K (94%)
ptolemy.util.test.WatchDog.cancel(): canceling Tue Sep 11 02:08:55 UTC 2018
------------------ testing $PTII/ptolemy/domains/de/test/auto/DepthTest6.xml
auto.tcl: Setting watchdog for 200 seconds at Tue Sep 11 02:08:55 UTC 2018
6 ms. Memory: 208384K Free: 196533K (94%)
ptolemy.util.test.WatchDog.cancel(): canceling Tue Sep 11 02:08:55 UTC 2018
auto.tcl: Setting watchdog for 200 seconds at Tue Sep 11 02:08:55 UTC 2018
2 ms. Memory: 208384K Free: 196533K (94%)
ptolemy.util.test.WatchDog.cancel(): canceling Tue Sep 11 02:08:55 UTC 2018
------------------ testing $PTII/ptolemy/domains/de/test/auto/DepthTest7.xml
auto.tcl: Setting watchdog for 200 seconds at Tue Sep 11 02:08:55 UTC 2018
2 ms. Memory: 208384K Free: 196169K (94%)
ptolemy.util.test.WatchDog.cancel(): canceling Tue Sep 11 02:08:55 UTC 2018
auto.tcl: Setting watchdog for 200 seconds at Tue Sep 11 02:08:55 UTC 2018
2 ms. Memory: 208384K Free: 196169K (94%)
ptolemy.util.test.WatchDog.cancel(): canceling Tue Sep 11 02:08:55 UTC 2018
------------------ testing $PTII/ptolemy/domains/de/test/auto/EventToDate.xml
auto.tcl: Setting watchdog for 200 seconds at Tue Sep 11 02:08:56 UTC 2018
3005 ms. Memory: 208384K Free: 185607K (89%)
ptolemy.util.test.WatchDog.cancel(): canceling Tue Sep 11 02:08:59 UTC 2018
auto.tcl: Setting watchdog for 200 seconds at Tue Sep 11 02:08:59 UTC 2018
3004 ms. Memory: 208384K Free: 185607K (89%)
ptolemy.util.test.WatchDog.cancel(): canceling Tue Sep 11 02:09:02 UTC 2018
------------------ testing $PTII/ptolemy/domains/de/test/auto/FSM1.xml
auto.tcl: Setting watchdog for 200 seconds at Tue Sep 11 02:09:02 UTC 2018
32 ms. Memory: 208384K Free: 186711K (90%)
ptolemy.util.test.WatchDog.cancel(): canceling Tue Sep 11 02:09:02 UTC 2018
auto.tcl: Setting watchdog for 200 seconds at Tue Sep 11 02:09:02 UTC 2018
25 ms. Memory: 208384K Free: 182443K (88%)
ptolemy.util.test.WatchDog.cancel(): canceling Tue Sep 11 02:09:02 UTC 2018
------------------ testing $PTII/ptolemy/domains/de/test/auto/FSM7.xml
auto.tcl: Setting watchdog for 200 seconds at Tue Sep 11 02:09:02 UTC 2018
17 ms. Memory: 208384K Free: 187238K (90%)
ptolemy.util.test.WatchDog.cancel(): canceling Tue Sep 11 02:09:02 UTC 2018
auto.tcl: Setting watchdog for 200 seconds at Tue Sep 11 02:09:02 UTC 2018
14 ms. Memory: 208384K Free: 185104K (89%)
ptolemy.util.test.WatchDog.cancel(): canceling Tue Sep 11 02:09:02 UTC 2018
------------------ testing $PTII/ptolemy/domains/de/test/auto/Inspection.xml
auto.tcl: Setting watchdog for 200 seconds at Tue Sep 11 02:09:02 UTC 2018
45 ms. Memory: 208384K Free: 188493K (90%)
ptolemy.util.test.WatchDog.cancel(): canceling Tue Sep 11 02:09:02 UTC 2018
auto.tcl: Setting watchdog for 200 seconds at Tue Sep 11 02:09:02 UTC 2018
28 ms. Memory: 208384K Free: 186359K (89%)
ptolemy.util.test.WatchDog.cancel(): canceling Tue Sep 11 02:09:02 UTC 2018
------------------ testing $PTII/ptolemy/domains/de/test/auto/Iteration.xml
auto.tcl: Setting watchdog for 200 seconds at Tue Sep 11 02:09:02 UTC 2018
6 ms. Memory: 208384K Free: 196000K (94%)
ptolemy.util.test.WatchDog.cancel(): canceling Tue Sep 11 02:09:02 UTC 2018
auto.tcl: Setting watchdog for 200 seconds at Tue Sep 11 02:09:02 UTC 2018
7 ms. Memory: 208384K Free: 193874K (93%)
ptolemy.util.test.WatchDog.cancel(): canceling Tue Sep 11 02:09:02 UTC 2018
------------------ testing $PTII/ptolemy/domains/de/test/auto/LineFault.xml
auto.tcl: Setting watchdog for 200 seconds at Tue Sep 11 02:09:02 UTC 2018
739 ms. Memory: 208384K Free: 195179K (94%)
ptolemy.util.test.WatchDog.cancel(): canceling Tue Sep 11 02:09:03 UTC 2018
auto.tcl: Setting watchdog for 200 seconds at Tue Sep 11 02:09:03 UTC 2018
584 ms. Memory: 208384K Free: 139176K (67%)
ptolemy.util.test.WatchDog.cancel(): canceling Tue Sep 11 02:09:04 UTC 2018
------------------ testing $PTII/ptolemy/domains/de/test/auto/MergeModel1Add.xml
auto.tcl: Setting watchdog for 200 seconds at Tue Sep 11 02:09:04 UTC 2018
14 ms. Memory: 331264K Free: 298973K (90%)
ptolemy.util.test.WatchDog.cancel(): canceling Tue Sep 11 02:09:04 UTC 2018
auto.tcl: Setting watchdog for 200 seconds at Tue Sep 11 02:09:04 UTC 2018
8 ms. Memory: 331264K Free: 298973K (90%)
ptolemy.util.test.WatchDog.cancel(): canceling Tue Sep 11 02:09:04 UTC 2018
------------------ testing $PTII/ptolemy/domains/de/test/auto/MergeModel2Add.xml
auto.tcl: Setting watchdog for 200 seconds at Tue Sep 11 02:09:04 UTC 2018
12 ms. Memory: 331264K Free: 304235K (92%)
ptolemy.util.test.WatchDog.cancel(): canceling Tue Sep 11 02:09:04 UTC 2018
auto.tcl: Setting watchdog for 200 seconds at Tue Sep 11 02:09:04 UTC 2018
8 ms. Memory: 331264K Free: 300310K (91%)
ptolemy.util.test.WatchDog.cancel(): canceling Tue Sep 11 02:09:04 UTC 2018
------------------ testing $PTII/ptolemy/domains/de/test/auto/MergeModel3Add.xml
auto.tcl: Setting watchdog for 200 seconds at Tue Sep 11 02:09:04 UTC 2018
9 ms. Memory: 331264K Free: 304253K (92%)
ptolemy.util.test.WatchDog.cancel(): canceling Tue Sep 11 02:09:04 UTC 2018
auto.tcl: Setting watchdog for 200 seconds at Tue Sep 11 02:09:04 UTC 2018
13 ms. Memory: 331264K Free: 300328K (91%)
ptolemy.util.test.WatchDog.cancel(): canceling Tue Sep 11 02:09:04 UTC 2018
------------------ testing $PTII/ptolemy/domains/de/test/auto/MergeWithoutDiscard.xml
auto.tcl: Setting watchdog for 200 seconds at Tue Sep 11 02:09:04 UTC 2018
2 ms. Memory: 331264K Free: 320258K (97%)
ptolemy.util.test.WatchDog.cancel(): canceling Tue Sep 11 02:09:04 UTC 2018
auto.tcl: Setting watchdog for 200 seconds at Tue Sep 11 02:09:04 UTC 2018
2 ms. Memory: 331264K Free: 316334K (95%)
ptolemy.util.test.WatchDog.cancel(): canceling Tue Sep 11 02:09:04 UTC 2018
------------------ testing $PTII/ptolemy/domains/de/test/auto/Modal1.xml
auto.tcl: Setting watchdog for 200 seconds at Tue Sep 11 02:09:04 UTC 2018
18 ms. Memory: 331264K Free: 309964K (94%)
ptolemy.util.test.WatchDog.cancel(): canceling Tue Sep 11 02:09:04 UTC 2018
auto.tcl: Setting watchdog for 200 seconds at Tue Sep 11 02:09:04 UTC 2018
20 ms. Memory: 331264K Free: 306023K (92%)
ptolemy.util.test.WatchDog.cancel(): canceling Tue Sep 11 02:09:04 UTC 2018
------------------ testing $PTII/ptolemy/domains/de/test/auto/Modal2.xml
auto.tcl: Setting watchdog for 200 seconds at Tue Sep 11 02:09:04 UTC 2018
11 ms. Memory: 331264K Free: 309821K (94%)
ptolemy.util.test.WatchDog.cancel(): canceling Tue Sep 11 02:09:04 UTC 2018
auto.tcl: Setting watchdog for 200 seconds at Tue Sep 11 02:09:04 UTC 2018
10 ms. Memory: 331264K Free: 305889K (92%)
ptolemy.util.test.WatchDog.cancel(): canceling Tue Sep 11 02:09:04 UTC 2018
------------------ testing $PTII/ptolemy/domains/de/test/auto/Modal3.xml
auto.tcl: Setting watchdog for 200 seconds at Tue Sep 11 02:09:04 UTC 2018
9 ms. Memory: 331264K Free: 310097K (94%)
ptolemy.util.test.WatchDog.cancel(): canceling Tue Sep 11 02:09:05 UTC 2018
auto.tcl: Setting watchdog for 200 seconds at Tue Sep 11 02:09:05 UTC 2018
10 ms. Memory: 331264K Free: 305887K (92%)
ptolemy.util.test.WatchDog.cancel(): canceling Tue Sep 11 02:09:05 UTC 2018
------------------ testing $PTII/ptolemy/domains/de/test/auto/Modal4.xml
auto.tcl: Setting watchdog for 200 seconds at Tue Sep 11 02:09:05 UTC 2018
21 ms. Memory: 331264K Free: 309833K (94%)
ptolemy.util.test.WatchDog.cancel(): canceling Tue Sep 11 02:09:05 UTC 2018
auto.tcl: Setting watchdog for 200 seconds at Tue Sep 11 02:09:05 UTC 2018
19 ms. Memory: 331264K Free: 305908K (92%)
ptolemy.util.test.WatchDog.cancel(): canceling Tue Sep 11 02:09:05 UTC 2018
------------------ testing $PTII/ptolemy/domains/de/test/auto/Modal5.xml
auto.tcl: Setting watchdog for 200 seconds at Tue Sep 11 02:09:05 UTC 2018
17 ms. Memory: 331264K Free: 305191K (92%)
ptolemy.util.test.WatchDog.cancel(): canceling Tue Sep 11 02:09:05 UTC 2018
auto.tcl: Setting watchdog for 200 seconds at Tue Sep 11 02:09:05 UTC 2018
17 ms. Memory: 331264K Free: 301265K (91%)
ptolemy.util.test.WatchDog.cancel(): canceling Tue Sep 11 02:09:05 UTC 2018
------------------ testing $PTII/ptolemy/domains/de/test/auto/Modal6.xml
auto.tcl: Setting watchdog for 200 seconds at Tue Sep 11 02:09:05 UTC 2018
11 ms. Memory: 331264K Free: 309802K (94%)
ptolemy.util.test.WatchDog.cancel(): canceling Tue Sep 11 02:09:05 UTC 2018
auto.tcl: Setting watchdog for 200 seconds at Tue Sep 11 02:09:05 UTC 2018
12 ms. Memory: 331264K Free: 305870K (92%)
ptolemy.util.test.WatchDog.cancel(): canceling Tue Sep 11 02:09:05 UTC 2018
------------------ testing $PTII/ptolemy/domains/de/test/auto/Modal7.xml
auto.tcl: Setting watchdog for 200 seconds at Tue Sep 11 02:09:05 UTC 2018
9 ms. Memory: 331264K Free: 305902K (92%)
ptolemy.util.test.WatchDog.cancel(): canceling Tue Sep 11 02:09:05 UTC 2018
auto.tcl: Setting watchdog for 200 seconds at Tue Sep 11 02:09:05 UTC 2018
9 ms. Memory: 331264K Free: 305902K (92%)
ptolemy.util.test.WatchDog.cancel(): canceling Tue Sep 11 02:09:05 UTC 2018
------------------ testing $PTII/ptolemy/domains/de/test/auto/ModalModel.xml
auto.tcl: Setting watchdog for 200 seconds at Tue Sep 11 02:09:05 UTC 2018
159 ms. Memory: 331264K Free: 246114K (74%)
ptolemy.util.test.WatchDog.cancel(): canceling Tue Sep 11 02:09:05 UTC 2018
auto.tcl: Setting watchdog for 200 seconds at Tue Sep 11 02:09:05 UTC 2018
177 ms. Memory: 331264K Free: 191049K (58%)
ptolemy.util.test.WatchDog.cancel(): canceling Tue Sep 11 02:09:05 UTC 2018
------------------ testing $PTII/ptolemy/domains/de/test/auto/ModalSource.xml
auto.tcl: Setting watchdog for 200 seconds at Tue Sep 11 02:09:05 UTC 2018
6 ms. Memory: 331264K Free: 316589K (96%)
ptolemy.util.test.WatchDog.cancel(): canceling Tue Sep 11 02:09:05 UTC 2018
auto.tcl: Setting watchdog for 200 seconds at Tue Sep 11 02:09:05 UTC 2018
5 ms. Memory: 331264K Free: 313076K (95%)
ptolemy.util.test.WatchDog.cancel(): canceling Tue Sep 11 02:09:05 UTC 2018
------------------ testing $PTII/ptolemy/domains/de/test/auto/NonInterruptibleTimerZeroDelay.xml
auto.tcl: Setting watchdog for 200 seconds at Tue Sep 11 02:09:05 UTC 2018
3 ms. Memory: 331264K Free: 320924K (97%)
ptolemy.util.test.WatchDog.cancel(): canceling Tue Sep 11 02:09:06 UTC 2018
auto.tcl: Setting watchdog for 200 seconds at Tue Sep 11 02:09:06 UTC 2018
2 ms. Memory: 331264K Free: 317427K (96%)
ptolemy.util.test.WatchDog.cancel(): canceling Tue Sep 11 02:09:06 UTC 2018
------------------ testing $PTII/ptolemy/domains/de/test/auto/OpenQueueingNetwork.xml
auto.tcl: Setting watchdog for 200 seconds at Tue Sep 11 02:09:06 UTC 2018
2645 ms. Memory: 573952K Free: 421909K (74%)
ptolemy.util.test.WatchDog.cancel(): canceling Tue Sep 11 02:09:08 UTC 2018
auto.tcl: Setting watchdog for 200 seconds at Tue Sep 11 02:09:08 UTC 2018
2101 ms. Memory: 550912K Free: 337519K (61%)
ptolemy.util.test.WatchDog.cancel(): canceling Tue Sep 11 02:09:10 UTC 2018
------------------ testing $PTII/ptolemy/domains/de/test/auto/OpenQueuingNetwork.xml
auto.tcl: Setting watchdog for 200 seconds at Tue Sep 11 02:09:11 UTC 2018
228 ms. Memory: 549888K Free: 445543K (81%)
ptolemy.util.test.WatchDog.cancel(): canceling Tue Sep 11 02:09:11 UTC 2018
auto.tcl: Setting watchdog for 200 seconds at Tue Sep 11 02:09:11 UTC 2018
218 ms. Memory: 549888K Free: 385584K (70%)
ptolemy.util.test.WatchDog.cancel(): canceling Tue Sep 11 02:09:11 UTC 2018
------------------ testing $PTII/ptolemy/domains/de/test/auto/PeriodicSampler.xml
auto.tcl: Setting watchdog for 200 seconds at Tue Sep 11 02:09:11 UTC 2018
3 ms. Memory: 551936K Free: 532122K (96%)
ptolemy.util.test.WatchDog.cancel(): canceling Tue Sep 11 02:09:11 UTC 2018
auto.tcl: Setting watchdog for 200 seconds at Tue Sep 11 02:09:11 UTC 2018
2 ms. Memory: 551936K Free: 532122K (96%)
ptolemy.util.test.WatchDog.cancel(): canceling Tue Sep 11 02:09:11 UTC 2018
------------------ testing $PTII/ptolemy/domains/de/test/auto/PersistentIO.xml
auto.tcl: Setting watchdog for 200 seconds at Tue Sep 11 02:09:11 UTC 2018
9 ms. Memory: 549376K Free: 524710K (96%)
ptolemy.util.test.WatchDog.cancel(): canceling Tue Sep 11 02:09:11 UTC 2018
auto.tcl: Setting watchdog for 200 seconds at Tue Sep 11 02:09:11 UTC 2018
3 ms. Memory: 549376K Free: 524710K (96%)
ptolemy.util.test.WatchDog.cancel(): canceling Tue Sep 11 02:09:11 UTC 2018
------------------ testing $PTII/ptolemy/domains/de/test/auto/PortParameterResetOnInitialize.xml
auto.tcl: Setting watchdog for 200 seconds at Tue Sep 11 02:09:11 UTC 2018
2 ms. Memory: 551424K Free: 532071K (96%)
ptolemy.util.test.WatchDog.cancel(): canceling Tue Sep 11 02:09:11 UTC 2018
auto.tcl: Setting watchdog for 200 seconds at Tue Sep 11 02:09:11 UTC 2018
1 ms. Memory: 551424K Free: 532071K (96%)
ptolemy.util.test.WatchDog.cancel(): canceling Tue Sep 11 02:09:11 UTC 2018
------------------ testing $PTII/ptolemy/domains/de/test/auto/PortParameterUpdates.xml
auto.tcl: Setting watchdog for 200 seconds at Tue Sep 11 02:09:11 UTC 2018
4 ms. Memory: 549376K Free: 530156K (97%)
ptolemy.util.test.WatchDog.cancel(): canceling Tue Sep 11 02:09:11 UTC 2018
auto.tcl: Setting watchdog for 200 seconds at Tue Sep 11 02:09:11 UTC 2018
6 ms. Memory: 549376K Free: 524705K (96%)
ptolemy.util.test.WatchDog.cancel(): canceling Tue Sep 11 02:09:11 UTC 2018
------------------ testing $PTII/ptolemy/domains/de/test/auto/QueueAndServer.xml
auto.tcl: Setting watchdog for 200 seconds at Tue Sep 11 02:09:11 UTC 2018
6 ms. Memory: 551424K Free: 526470K (95%)
ptolemy.util.test.WatchDog.cancel(): canceling Tue Sep 11 02:09:11 UTC 2018
auto.tcl: Setting watchdog for 200 seconds at Tue Sep 11 02:09:11 UTC 2018
6 ms. Memory: 551424K Free: 526470K (95%)
ptolemy.util.test.WatchDog.cancel(): canceling Tue Sep 11 02:09:11 UTC 2018
------------------ testing $PTII/ptolemy/domains/de/test/auto/Records.xml
auto.tcl: Setting watchdog for 200 seconds at Tue Sep 11 02:09:11 UTC 2018
4 ms. Memory: 549376K Free: 534512K (97%)
ptolemy.util.test.WatchDog.cancel(): canceling Tue Sep 11 02:09:11 UTC 2018
auto.tcl: Setting watchdog for 200 seconds at Tue Sep 11 02:09:11 UTC 2018
2 ms. Memory: 549376K Free: 529061K (96%)
ptolemy.util.test.WatchDog.cancel(): canceling Tue Sep 11 02:09:11 UTC 2018
------------------ testing $PTII/ptolemy/domains/de/test/auto/ResetTransitionWithStartTime1.xml
auto.tcl: Setting watchdog for 200 seconds at Tue Sep 11 02:09:12 UTC 2018
10 ms. Memory: 551424K Free: 531349K (96%)
ptolemy.util.test.WatchDog.cancel(): canceling Tue Sep 11 02:09:12 UTC 2018
auto.tcl: Setting watchdog for 200 seconds at Tue Sep 11 02:09:12 UTC 2018
5 ms. Memory: 551424K Free: 531119K (96%)
ptolemy.util.test.WatchDog.cancel(): canceling Tue Sep 11 02:09:12 UTC 2018
------------------ testing $PTII/ptolemy/domains/de/test/auto/ResetTransitionWithStartTime2.xml
auto.tcl: Setting watchdog for 200 seconds at Tue Sep 11 02:09:12 UTC 2018
9 ms. Memory: 549376K Free: 529292K (96%)
ptolemy.util.test.WatchDog.cancel(): canceling Tue Sep 11 02:09:12 UTC 2018
auto.tcl: Setting watchdog for 200 seconds at Tue Sep 11 02:09:12 UTC 2018
7 ms. Memory: 549376K Free: 529292K (96%)
ptolemy.util.test.WatchDog.cancel(): canceling Tue Sep 11 02:09:12 UTC 2018
------------------ testing $PTII/ptolemy/domains/de/test/auto/ResetTransitionWithStartTime3.xml
auto.tcl: Setting watchdog for 200 seconds at Tue Sep 11 02:09:12 UTC 2018
7 ms. Memory: 550912K Free: 530597K (96%)
ptolemy.util.test.WatchDog.cancel(): canceling Tue Sep 11 02:09:12 UTC 2018
auto.tcl: Setting watchdog for 200 seconds at Tue Sep 11 02:09:12 UTC 2018
9 ms. Memory: 550912K Free: 530597K (96%)
ptolemy.util.test.WatchDog.cancel(): canceling Tue Sep 11 02:09:12 UTC 2018
------------------ testing $PTII/ptolemy/domains/de/test/auto/ResetTransitionWithStartTime4.xml
auto.tcl: Setting watchdog for 200 seconds at Tue Sep 11 02:09:12 UTC 2018
4 ms. Memory: 549376K Free: 529060K (96%)
ptolemy.util.test.WatchDog.cancel(): canceling Tue Sep 11 02:09:12 UTC 2018
auto.tcl: Setting watchdog for 200 seconds at Tue Sep 11 02:09:12 UTC 2018
3 ms. Memory: 549376K Free: 529060K (96%)
ptolemy.util.test.WatchDog.cancel(): canceling Tue Sep 11 02:09:12 UTC 2018
------------------ testing $PTII/ptolemy/domains/de/test/auto/ResettableTimer1.xml
auto.tcl: Setting watchdog for 200 seconds at Tue Sep 11 02:09:12 UTC 2018
3 ms. Memory: 550912K Free: 536058K (97%)
ptolemy.util.test.WatchDog.cancel(): canceling Tue Sep 11 02:09:12 UTC 2018
auto.tcl: Setting watchdog for 200 seconds at Tue Sep 11 02:09:12 UTC 2018
2 ms. Memory: 550912K Free: 536058K (97%)
ptolemy.util.test.WatchDog.cancel(): canceling Tue Sep 11 02:09:12 UTC 2018
------------------ testing $PTII/ptolemy/domains/de/test/auto/ResettableTimer2.xml
auto.tcl: Setting watchdog for 200 seconds at Tue Sep 11 02:09:12 UTC 2018
2 ms. Memory: 549376K Free: 534810K (97%)
ptolemy.util.test.WatchDog.cancel(): canceling Tue Sep 11 02:09:12 UTC 2018
auto.tcl: Setting watchdog for 200 seconds at Tue Sep 11 02:09:12 UTC 2018
2 ms. Memory: 549376K Free: 534810K (97%)
ptolemy.util.test.WatchDog.cancel(): canceling Tue Sep 11 02:09:12 UTC 2018
------------------ testing $PTII/ptolemy/domains/de/test/auto/ResettableTimer3.xml
auto.tcl: Setting watchdog for 200 seconds at Tue Sep 11 02:09:12 UTC 2018
1 ms. Memory: 550912K Free: 536115K (97%)
ptolemy.util.test.WatchDog.cancel(): canceling Tue Sep 11 02:09:12 UTC 2018
auto.tcl: Setting watchdog for 200 seconds at Tue Sep 11 02:09:12 UTC 2018
2 ms. Memory: 550912K Free: 536115K (97%)
ptolemy.util.test.WatchDog.cancel(): canceling Tue Sep 11 02:09:12 UTC 2018
------------------ testing $PTII/ptolemy/domains/de/test/auto/ResettableTimer4.xml
auto.tcl: Setting watchdog for 200 seconds at Tue Sep 11 02:09:12 UTC 2018
5 ms. Memory: 549376K Free: 534822K (97%)
ptolemy.util.test.WatchDog.cancel(): canceling Tue Sep 11 02:09:12 UTC 2018
auto.tcl: Setting watchdog for 200 seconds at Tue Sep 11 02:09:12 UTC 2018
3 ms. Memory: 549376K Free: 534822K (97%)
ptolemy.util.test.WatchDog.cancel(): canceling Tue Sep 11 02:09:12 UTC 2018
------------------ testing $PTII/ptolemy/domains/de/test/auto/ResettableTimer5.xml
auto.tcl: Setting watchdog for 200 seconds at Tue Sep 11 02:09:12 UTC 2018
1 ms. Memory: 550400K Free: 531165K (97%)
ptolemy.util.test.WatchDog.cancel(): canceling Tue Sep 11 02:09:12 UTC 2018
auto.tcl: Setting watchdog for 200 seconds at Tue Sep 11 02:09:12 UTC 2018
1 ms. Memory: 550400K Free: 531165K (97%)
ptolemy.util.test.WatchDog.cancel(): canceling Tue Sep 11 02:09:12 UTC 2018
------------------ testing $PTII/ptolemy/domains/de/test/auto/ResettableTimer6.xml
auto.tcl: Setting watchdog for 200 seconds at Tue Sep 11 02:09:12 UTC 2018
5 ms. Memory: 549376K Free: 529861K (96%)
ptolemy.util.test.WatchDog.cancel(): canceling Tue Sep 11 02:09:12 UTC 2018
auto.tcl: Setting watchdog for 200 seconds at Tue Sep 11 02:09:12 UTC 2018
1 ms. Memory: 549376K Free: 529861K (96%)
ptolemy.util.test.WatchDog.cancel(): canceling Tue Sep 11 02:09:12 UTC 2018
------------------ testing $PTII/ptolemy/domains/de/test/auto/ServerZeroDelay.xml
auto.tcl: Setting watchdog for 200 seconds at Tue Sep 11 02:09:12 UTC 2018
5 ms. Memory: 550400K Free: 535783K (97%)
ptolemy.util.test.WatchDog.cancel(): canceling Tue Sep 11 02:09:12 UTC 2018
auto.tcl: Setting watchdog for 200 seconds at Tue Sep 11 02:09:12 UTC 2018
3 ms. Memory: 550400K Free: 535783K (97%)
ptolemy.util.test.WatchDog.cancel(): canceling Tue Sep 11 02:09:12 UTC 2018
------------------ testing $PTII/ptolemy/domains/de/test/auto/SmartSender.xml
auto.tcl: Setting watchdog for 200 seconds at Tue Sep 11 02:09:12 UTC 2018
3001 ms. Memory: 549376K Free: 530075K (96%)
ptolemy.util.test.WatchDog.cancel(): canceling Tue Sep 11 02:09:15 UTC 2018
auto.tcl: Setting watchdog for 200 seconds at Tue Sep 11 02:09:15 UTC 2018
3002 ms. Memory: 549376K Free: 530075K (96%)
ptolemy.util.test.WatchDog.cancel(): canceling Tue Sep 11 02:09:18 UTC 2018
------------------ testing $PTII/ptolemy/domains/de/test/auto/ThreadedComposite.xml
auto.tcl: Setting watchdog for 200 seconds at Tue Sep 11 02:09:18 UTC 2018
234 ms. Memory: 550400K Free: 510606K (93%)
ptolemy.util.test.WatchDog.cancel(): canceling Tue Sep 11 02:09:19 UTC 2018
auto.tcl: Setting watchdog for 200 seconds at Tue Sep 11 02:09:19 UTC 2018
142 ms. Memory: 550400K Free: 495796K (90%)
ptolemy.util.test.WatchDog.cancel(): canceling Tue Sep 11 02:09:19 UTC 2018
------------------ testing $PTII/ptolemy/domains/de/test/auto/Time.xml
auto.tcl: Setting watchdog for 200 seconds at Tue Sep 11 02:09:19 UTC 2018
516 ms. Memory: 549376K Free: 482773K (88%)
ptolemy.util.test.WatchDog.cancel(): canceling Tue Sep 11 02:09:19 UTC 2018
auto.tcl: Setting watchdog for 200 seconds at Tue Sep 11 02:09:19 UTC 2018
463 ms. Memory: 549376K Free: 428265K (78%)
ptolemy.util.test.WatchDog.cancel(): canceling Tue Sep 11 02:09:20 UTC 2018
------------------ testing $PTII/ptolemy/domains/de/test/auto/TimeDelayZeroDelay.xml
auto.tcl: Setting watchdog for 200 seconds at Tue Sep 11 02:09:20 UTC 2018
1 ms. Memory: 550400K Free: 535471K (97%)
ptolemy.util.test.WatchDog.cancel(): canceling Tue Sep 11 02:09:20 UTC 2018
auto.tcl: Setting watchdog for 200 seconds at Tue Sep 11 02:09:20 UTC 2018
2 ms. Memory: 550400K Free: 535471K (97%)
ptolemy.util.test.WatchDog.cancel(): canceling Tue Sep 11 02:09:20 UTC 2018
------------------ testing $PTII/ptolemy/domains/de/test/auto/TimerZeroDelay.xml
auto.tcl: Setting watchdog for 200 seconds at Tue Sep 11 02:09:20 UTC 2018
2 ms. Memory: 549376K Free: 534721K (97%)
ptolemy.util.test.WatchDog.cancel(): canceling Tue Sep 11 02:09:20 UTC 2018
auto.tcl: Setting watchdog for 200 seconds at Tue Sep 11 02:09:20 UTC 2018
2 ms. Memory: 549376K Free: 534721K (97%)
ptolemy.util.test.WatchDog.cancel(): canceling Tue Sep 11 02:09:20 UTC 2018
------------------ testing $PTII/ptolemy/domains/de/test/auto/TimingParadox.xml
auto.tcl: Setting watchdog for 200 seconds at Tue Sep 11 02:09:20 UTC 2018
341 ms. Memory: 549888K Free: 469508K (85%)
ptolemy.util.test.WatchDog.cancel(): canceling Tue Sep 11 02:09:20 UTC 2018
auto.tcl: Setting watchdog for 200 seconds at Tue Sep 11 02:09:20 UTC 2018
331 ms. Memory: 549888K Free: 436804K (79%)
ptolemy.util.test.WatchDog.cancel(): canceling Tue Sep 11 02:09:21 UTC 2018
------------------ testing $PTII/ptolemy/domains/de/test/auto/TransferInputs.xml
auto.tcl: Setting watchdog for 200 seconds at Tue Sep 11 02:09:21 UTC 2018
8 ms. Memory: 549888K Free: 534137K (97%)
ptolemy.util.test.WatchDog.cancel(): canceling Tue Sep 11 02:09:21 UTC 2018
auto.tcl: Setting watchdog for 200 seconds at Tue Sep 11 02:09:21 UTC 2018
1 ms. Memory: 549888K Free: 534137K (97%)
ptolemy.util.test.WatchDog.cancel(): canceling Tue Sep 11 02:09:21 UTC 2018
------------------ testing $PTII/ptolemy/domains/de/test/auto/TransferOutputs2.xml
auto.tcl: Setting watchdog for 200 seconds at Tue Sep 11 02:09:21 UTC 2018
2 ms. Memory: 549376K Free: 524581K (95%)
ptolemy.util.test.WatchDog.cancel(): canceling Tue Sep 11 02:09:21 UTC 2018
auto.tcl: Setting watchdog for 200 seconds at Tue Sep 11 02:09:21 UTC 2018
3 ms. Memory: 549376K Free: 524581K (95%)
ptolemy.util.test.WatchDog.cancel(): canceling Tue Sep 11 02:09:21 UTC 2018
------------------ testing $PTII/ptolemy/domains/de/test/auto/Trilateration.xml
auto.tcl: Setting watchdog for 200 seconds at Tue Sep 11 02:09:21 UTC 2018
14554 ms. Memory: 766976K Free: 216033K (28%)
ptolemy.util.test.WatchDog.cancel(): canceling Tue Sep 11 02:09:36 UTC 2018
auto.tcl: Setting watchdog for 200 seconds at Tue Sep 11 02:09:36 UTC 2018
11540 ms. Memory: 623104K Free: 586211K (94%)
ptolemy.util.test.WatchDog.cancel(): canceling Tue Sep 11 02:09:48 UTC 2018
------------------ testing $PTII/ptolemy/domains/de/test/auto/TwoSigmaDelta.xml
auto.tcl: Setting watchdog for 200 seconds at Tue Sep 11 02:09:48 UTC 2018
2661 ms. Memory: 619520K Free: 315126K (51%)
ptolemy.util.test.WatchDog.cancel(): canceling Tue Sep 11 02:09:51 UTC 2018
auto.tcl: Setting watchdog for 200 seconds at Tue Sep 11 02:09:51 UTC 2018
2066 ms. Memory: 619520K Free: 89238K (14%)
ptolemy.util.test.WatchDog.cancel(): canceling Tue Sep 11 02:09:53 UTC 2018
------------------ testing $PTII/ptolemy/domains/de/test/auto/VariableDelay.xml
auto.tcl: Setting watchdog for 200 seconds at Tue Sep 11 02:09:53 UTC 2018
2 ms. Memory: 623104K Free: 587047K (94%)
ptolemy.util.test.WatchDog.cancel(): canceling Tue Sep 11 02:09:53 UTC 2018
auto.tcl: Setting watchdog for 200 seconds at Tue Sep 11 02:09:53 UTC 2018
2 ms. Memory: 623104K Free: 587047K (94%)
ptolemy.util.test.WatchDog.cancel(): canceling Tue Sep 11 02:09:53 UTC 2018
------------------ testing $PTII/ptolemy/domains/de/test/auto/VariableDelay2.xml
auto.tcl: Setting watchdog for 200 seconds at Tue Sep 11 02:09:53 UTC 2018
10 ms. Memory: 619520K Free: 589280K (95%)
ptolemy.util.test.WatchDog.cancel(): canceling Tue Sep 11 02:09:53 UTC 2018
auto.tcl: Setting watchdog for 200 seconds at Tue Sep 11 02:09:53 UTC 2018
1 ms. Memory: 619520K Free: 589280K (95%)
ptolemy.util.test.WatchDog.cancel(): canceling Tue Sep 11 02:09:53 UTC 2018
------------------ testing $PTII/ptolemy/domains/de/test/auto/VariableDelayZeroDelay.xml
auto.tcl: Setting watchdog for 200 seconds at Tue Sep 11 02:09:53 UTC 2018
2 ms. Memory: 622592K Free: 586969K (94%)
ptolemy.util.test.WatchDog.cancel(): canceling Tue Sep 11 02:09:53 UTC 2018
auto.tcl: Setting watchdog for 200 seconds at Tue Sep 11 02:09:53 UTC 2018
2 ms. Memory: 622592K Free: 586969K (94%)
ptolemy.util.test.WatchDog.cancel(): canceling Tue Sep 11 02:09:53 UTC 2018
------------------ testing $PTII/ptolemy/domains/de/test/auto/VariableDelayZeroDelay2.xml
auto.tcl: Setting watchdog for 200 seconds at Tue Sep 11 02:09:53 UTC 2018
2 ms. Memory: 619520K Free: 583895K (94%)
ptolemy.util.test.WatchDog.cancel(): canceling Tue Sep 11 02:09:53 UTC 2018
auto.tcl: Setting watchdog for 200 seconds at Tue Sep 11 02:09:53 UTC 2018
1 ms. Memory: 619520K Free: 583895K (94%)
ptolemy.util.test.WatchDog.cancel(): canceling Tue Sep 11 02:09:53 UTC 2018
------------------ testing $PTII/ptolemy/domains/de/test/auto/deInCt.xml
auto.tcl: Setting watchdog for 200 seconds at Tue Sep 11 02:09:53 UTC 2018
0
1
1
1
0
0
0
1
1
1
0
0
0
1
1
1
1
1
1
1
1
0
0
0
1
1
1
0
0
0
1
1
1
0
0
0
1
1
1
1
23 ms. Memory: 622080K Free: 586422K (94%)
ptolemy.util.test.WatchDog.cancel(): canceling Tue Sep 11 02:09:54 UTC 2018
auto.tcl: Setting watchdog for 200 seconds at Tue Sep 11 02:09:54 UTC 2018
0
1
1
1
0
0
0
1
1
1
1
0
0
0
1
1
1
1
1
0
0
0
1
1
1
0
0
0
0
1
1
1
1
1
1
9 ms. Memory: 622080K Free: 586422K (94%)
ptolemy.util.test.WatchDog.cancel(): canceling Tue Sep 11 02:09:54 UTC 2018
------------------ testing $PTII/ptolemy/domains/de/test/auto/deInCt2.xml
auto.tcl: Setting watchdog for 200 seconds at Tue Sep 11 02:09:54 UTC 2018
0
1
1
1
0
0
1
1
1
0
0
1
1
1
0
0
1
1
1
0
0
1
1
1
0
0
1
1
1
0
0
1
1
1
0
0
1
1
1
0
0
0
8 ms. Memory: 619520K Free: 583893K (94%)
ptolemy.util.test.WatchDog.cancel(): canceling Tue Sep 11 02:09:54 UTC 2018
auto.tcl: Setting watchdog for 200 seconds at Tue Sep 11 02:09:54 UTC 2018
0
1
1
1
0
0
1
1
1
0
0
1
1
1
0
0
1
1
1
0
0
1
1
1
0
0
1
1
1
0
0
1
1
1
0
0
1
1
1
0
0
0
8 ms. Memory: 619520K Free: 583893K (94%)
ptolemy.util.test.WatchDog.cancel(): canceling Tue Sep 11 02:09:54 UTC 2018
------------------ testing $PTII/ptolemy/domains/de/test/auto/dynamicCausalityInterface1.xml
auto.tcl: Setting watchdog for 200 seconds at Tue Sep 11 02:09:54 UTC 2018
2 ms. Memory: 621568K Free: 577752K (93%)
ptolemy.util.test.WatchDog.cancel(): canceling Tue Sep 11 02:09:54 UTC 2018
auto.tcl: Setting watchdog for 200 seconds at Tue Sep 11 02:09:54 UTC 2018
0 ms. Memory: 621568K Free: 577752K (93%)
ptolemy.util.test.WatchDog.cancel(): canceling Tue Sep 11 02:09:54 UTC 2018
------------------ testing $PTII/ptolemy/domains/de/test/auto/fsm_de_test.xml
auto.tcl: Setting watchdog for 200 seconds at Tue Sep 11 02:09:54 UTC 2018
6 ms. Memory: 619520K Free: 583784K (94%)
ptolemy.util.test.WatchDog.cancel(): canceling Tue Sep 11 02:09:54 UTC 2018
auto.tcl: Setting watchdog for 200 seconds at Tue Sep 11 02:09:54 UTC 2018
4 ms. Memory: 619520K Free: 575584K (93%)
ptolemy.util.test.WatchDog.cancel(): canceling Tue Sep 11 02:09:54 UTC 2018
------------------ testing $PTII/ptolemy/domains/de/test/auto/functionDependencyReconstruction.xml
auto.tcl: Setting watchdog for 200 seconds at Tue Sep 11 02:09:54 UTC 2018
4 ms. Memory: 621568K Free: 577591K (93%)
ptolemy.util.test.WatchDog.cancel(): canceling Tue Sep 11 02:09:54 UTC 2018
auto.tcl: Setting watchdog for 200 seconds at Tue Sep 11 02:09:54 UTC 2018
2 ms. Memory: 621568K Free: 569391K (92%)
ptolemy.util.test.WatchDog.cancel(): canceling Tue Sep 11 02:09:54 UTC 2018
------------------ testing $PTII/ptolemy/domains/de/test/auto/multirate.xml
auto.tcl: Setting watchdog for 200 seconds at Tue Sep 11 02:09:54 UTC 2018
2 ms. Memory: 619520K Free: 583650K (94%)
ptolemy.util.test.WatchDog.cancel(): canceling Tue Sep 11 02:09:54 UTC 2018
auto.tcl: Setting watchdog for 200 seconds at Tue Sep 11 02:09:54 UTC 2018
2 ms. Memory: 619520K Free: 583620K (94%)
ptolemy.util.test.WatchDog.cancel(): canceling Tue Sep 11 02:09:54 UTC 2018
------------------ testing $PTII/ptolemy/domains/de/test/auto/multirate2.xml
auto.tcl: Setting watchdog for 200 seconds at Tue Sep 11 02:09:54 UTC 2018
6 ms. Memory: 621056K Free: 590756K (95%)
ptolemy.util.test.WatchDog.cancel(): canceling Tue Sep 11 02:09:54 UTC 2018
auto.tcl: Setting watchdog for 200 seconds at Tue Sep 11 02:09:54 UTC 2018
3 ms. Memory: 621056K Free: 590756K (95%)
ptolemy.util.test.WatchDog.cancel(): canceling Tue Sep 11 02:09:54 UTC 2018
------------------ testing $PTII/ptolemy/domains/de/test/auto/realtime.xml
auto.tcl: Setting watchdog for 200 seconds at Tue Sep 11 02:09:54 UTC 2018
10001 ms. Memory: 619520K Free: 573044K (92%)
ptolemy.util.test.WatchDog.cancel(): canceling Tue Sep 11 02:10:04 UTC 2018
auto.tcl: Setting watchdog for 200 seconds at Tue Sep 11 02:10:04 UTC 2018
10002 ms. Memory: 619520K Free: 573044K (92%)
ptolemy.util.test.WatchDog.cancel(): canceling Tue Sep 11 02:10:14 UTC 2018
------------------ testing $PTII/ptolemy/domains/de/test/auto/relationGroup.xml
auto.tcl: Setting watchdog for 200 seconds at Tue Sep 11 02:10:15 UTC 2018
1 ms. Memory: 621056K Free: 590779K (95%)
ptolemy.util.test.WatchDog.cancel(): canceling Tue Sep 11 02:10:15 UTC 2018
auto.tcl: Setting watchdog for 200 seconds at Tue Sep 11 02:10:15 UTC 2018
1 ms. Memory: 621056K Free: 590779K (95%)
ptolemy.util.test.WatchDog.cancel(): canceling Tue Sep 11 02:10:15 UTC 2018
------------------ testing $PTII/ptolemy/domains/de/test/auto/relationGroup2.xml
auto.tcl: Setting watchdog for 200 seconds at Tue Sep 11 02:10:15 UTC 2018
1 ms. Memory: 619520K Free: 589268K (95%)
ptolemy.util.test.WatchDog.cancel(): canceling Tue Sep 11 02:10:15 UTC 2018
auto.tcl: Setting watchdog for 200 seconds at Tue Sep 11 02:10:15 UTC 2018
1 ms. Memory: 619520K Free: 589268K (95%)
ptolemy.util.test.WatchDog.cancel(): canceling Tue Sep 11 02:10:15 UTC 2018
------------------ testing $PTII/ptolemy/domains/de/test/auto/sortWithOpaquePorts.xml
auto.tcl: Setting watchdog for 200 seconds at Tue Sep 11 02:10:15 UTC 2018
1 ms. Memory: 620544K Free: 584912K (94%)
ptolemy.util.test.WatchDog.cancel(): canceling Tue Sep 11 02:10:15 UTC 2018
auto.tcl: Setting watchdog for 200 seconds at Tue Sep 11 02:10:15 UTC 2018
2 ms. Memory: 620544K Free: 584912K (94%)
ptolemy.util.test.WatchDog.cancel(): canceling Tue Sep 11 02:10:15 UTC 2018
------------------ testing $PTII/ptolemy/domains/de/test/auto/transferInputsandOutputs.xml
auto.tcl: Setting watchdog for 200 seconds at Tue Sep 11 02:10:15 UTC 2018
3 ms. Memory: 619520K Free: 583876K (94%)
ptolemy.util.test.WatchDog.cancel(): canceling Tue Sep 11 02:10:15 UTC 2018
auto.tcl: Setting watchdog for 200 seconds at Tue Sep 11 02:10:15 UTC 2018
2 ms. Memory: 619520K Free: 583876K (94%)
ptolemy.util.test.WatchDog.cancel(): canceling Tue Sep 11 02:10:15 UTC 2018
------------------ testing $PTII/ptolemy/domains/de/test/auto/triggerType.xml
auto.tcl: Setting watchdog for 200 seconds at Tue Sep 11 02:10:15 UTC 2018
1 ms. Memory: 620544K Free: 584851K (94%)
ptolemy.util.test.WatchDog.cancel(): canceling Tue Sep 11 02:10:15 UTC 2018
auto.tcl: Setting watchdog for 200 seconds at Tue Sep 11 02:10:15 UTC 2018
2 ms. Memory: 620544K Free: 584851K (94%)
ptolemy.util.test.WatchDog.cancel(): canceling Tue Sep 11 02:10:15 UTC 2018
09/11/18 02:10:15
Failed: 0  Total Tests: 192  ((Passed: 187, Newly Passed: 1)  Known Failed: 5) /home/travis/build/icyphy/ptII/ptolemy/domains/de/test
09/11/18 02:10:15
Failed: 0  Total Tests: 192  ((Passed: 187, Newly Passed: 1)  Known Failed: 5) /home/travis/build/icyphy/ptII/ptolemy/domains/de/test
----------------- testing (KnownFailure) /home/travis/build/icyphy/ptII/ptolemy/domains/de/test/auto/knownFailedTests/DESDFClockTest.xml
2010 ms. Memory: 619520K Free: 573118K (93%)
Known Failure: java.lang.reflect.InvocationTargetException
----------------- testing (KnownFailure) /home/travis/build/icyphy/ptII/ptolemy/domains/de/test/auto/knownFailedTests/DirectFeedback.xml
1 ms. Memory: 619520K Free: 530069K (86%)
Known Failure: java.lang.reflect.InvocationTargetException
----------------- testing (KnownFailure) /home/travis/build/icyphy/ptII/ptolemy/domains/de/test/auto/knownFailedTests/FSMSource.xml
10 ms. Memory: 619520K Free: 487019K (79%)
----------------- testing (KnownFailure) /home/travis/build/icyphy/ptII/ptolemy/domains/de/test/auto/knownFailedTests/HierarchicalModel.xml
3 ms. Memory: 619520K Free: 454694K (73%)
Known Failure: java.lang.reflect.InvocationTargetException
----------------- testing (KnownFailure) /home/travis/build/icyphy/ptII/ptolemy/domains/de/test/auto/knownFailedTests/dependencyLoop.xml
9 ms. Memory: 619520K Free: 400866K (65%)
Known Failure: java.lang.reflect.InvocationTargetException
----------------- testing (KnownFailure) /home/travis/build/icyphy/ptII/ptolemy/domains/de/test/auto/knownFailedTests/dependencyLoop2.xml
5 ms. Memory: 619520K Free: 347047K (56%)
Known Failure: java.lang.reflect.InvocationTargetException
No auto/linux-amd64/*.xml tests in /home/travis/build/icyphy/ptII/ptolemy/domains/de/test
AutoTests.java: About to close Vertx.
AutoTests.java: Vertx closed.

===========================================================================================
----------------- testing Tue Sep 11 02:10:17 UTC 2018 /home/travis/build/icyphy/ptII/ptolemy/domains/de/test/auto/ActorDepthCalculation_actorWithoutPorts.xml
----------------- Instantiating /home/travis/build/icyphy/ptII/ptolemy/domains/de/test/auto/ActorDepthCalculation_actorWithoutPorts.xml
2 ms. Memory: 619520K Free: 293235K (47%)
----------------- Invoking toplevel() on ptolemy.moml.MoMLSimpleApplication@52ab2cee
----------------- Done invoking toplevel() on ptolemy.moml.MoMLSimpleApplication@52ab2cee
reloadAllAccessors: .ActorDepthCalculation_actorWithoutPorts

===========================================================================================
----------------- testing Tue Sep 11 02:10:17 UTC 2018 /home/travis/build/icyphy/ptII/ptolemy/domains/de/test/auto/AssemblyLine.xml
----------------- Instantiating /home/travis/build/icyphy/ptII/ptolemy/domains/de/test/auto/AssemblyLine.xml
2 ms. Memory: 619520K Free: 271711K (44%)
----------------- Invoking toplevel() on ptolemy.moml.MoMLSimpleApplication@7e5b007
----------------- Done invoking toplevel() on ptolemy.moml.MoMLSimpleApplication@7e5b007
reloadAllAccessors: .AssemblyLine

===========================================================================================
----------------- testing Tue Sep 11 02:10:17 UTC 2018 /home/travis/build/icyphy/ptII/ptolemy/domains/de/test/auto/CQBug1.xml
----------------- Instantiating /home/travis/build/icyphy/ptII/ptolemy/domains/de/test/auto/CQBug1.xml
1 ms. Memory: 619520K Free: 250186K (40%)
----------------- Invoking toplevel() on ptolemy.moml.MoMLSimpleApplication@1d734e6e
----------------- Done invoking toplevel() on ptolemy.moml.MoMLSimpleApplication@1d734e6e
reloadAllAccessors: .CQBug1

===========================================================================================
----------------- testing Tue Sep 11 02:10:17 UTC 2018 /home/travis/build/icyphy/ptII/ptolemy/domains/de/test/auto/CancelFireAt.xml
----------------- Instantiating /home/travis/build/icyphy/ptII/ptolemy/domains/de/test/auto/CancelFireAt.xml
1 ms. Memory: 619520K Free: 228662K (37%)
----------------- Invoking toplevel() on ptolemy.moml.MoMLSimpleApplication@3e8ff8ad
----------------- Done invoking toplevel() on ptolemy.moml.MoMLSimpleApplication@3e8ff8ad
reloadAllAccessors: .CancelFireAt

===========================================================================================
----------------- testing Tue Sep 11 02:10:17 UTC 2018 /home/travis/build/icyphy/ptII/ptolemy/domains/de/test/auto/CausalityAndComposabilityAnalysis.xml
----------------- Instantiating /home/travis/build/icyphy/ptII/ptolemy/domains/de/test/auto/CausalityAndComposabilityAnalysis.xml
2 ms. Memory: 619520K Free: 207137K (33%)
----------------- Invoking toplevel() on ptolemy.moml.MoMLSimpleApplication@69c215f0
----------------- Done invoking toplevel() on ptolemy.moml.MoMLSimpleApplication@69c215f0
reloadAllAccessors: .CausalityAndComposabilityAnalysis

===========================================================================================
----------------- testing Tue Sep 11 02:10:17 UTC 2018 /home/travis/build/icyphy/ptII/ptolemy/domains/de/test/auto/CausalityInterface1.xml
----------------- Instantiating /home/travis/build/icyphy/ptII/ptolemy/domains/de/test/auto/CausalityInterface1.xml
4 ms. Memory: 619520K Free: 185613K (30%)
----------------- Invoking toplevel() on ptolemy.moml.MoMLSimpleApplication@1d2ab72f
----------------- Done invoking toplevel() on ptolemy.moml.MoMLSimpleApplication@1d2ab72f
reloadAllAccessors: .CausalityInterface1

===========================================================================================
----------------- testing Tue Sep 11 02:10:17 UTC 2018 /home/travis/build/icyphy/ptII/ptolemy/domains/de/test/auto/CausalityInterface15.xml
----------------- Instantiating /home/travis/build/icyphy/ptII/ptolemy/domains/de/test/auto/CausalityInterface15.xml
2 ms. Memory: 619520K Free: 164088K (26%)
----------------- Invoking toplevel() on ptolemy.moml.MoMLSimpleApplication@4d1c8f0a
----------------- Done invoking toplevel() on ptolemy.moml.MoMLSimpleApplication@4d1c8f0a
reloadAllAccessors: .CausalityInterface15

[...]
java.lang.RuntimeException: Execution failed
	at ptolemy.moml.MoMLSimpleApplication$UnloadThread.run(MoMLSimpleApplication.java:402)
Caused by: ptolemy.kernel.util.IllegalActionException: Test fails in iteration 1.
Value was: 1.0. Should have been: 2.0
  in .DirectFeedback.Test
	at ptolemy.actor.lib.Test.fire(Test.java:268)
	at ptolemy.domains.de.kernel.DEDirector._fire(DEDirector.java:1949)
	at ptolemy.domains.de.kernel.DEDirector.fire(DEDirector.java:502)
	at ptolemy.actor.CompositeActor.fire(CompositeActor.java:455)
	at ptolemy.actor.Manager.iterate(Manager.java:851)
	at ptolemy.actor.Manager.execute(Manager.java:369)
	at ptolemy.actor.Manager.run(Manager.java:1263)
	at ptolemy.actor.Manager$PtolemyRunThread.run(Manager.java:1915)
java.lang.RuntimeException: Execution failed
	at ptolemy.moml.MoMLSimpleApplication$UnloadThread.run(MoMLSimpleApplication.java:402)
Caused by: ptolemy.kernel.util.IllegalActionException: Actor is not ready to fire.  Perhaps UpSample.prefire() returned false? Try debugging the actor by selecting "Listen to Actor".  Also, for SDF check moml for tokenConsumptionRate on input.
  in .DESDFClockTest.Play Bell.Copy1:SDF Director and .DESDFClockTest.Play Bell.UpSample
	at ptolemy.actor.sched.StaticSchedulingDirector.fire(StaticSchedulingDirector.java:227)
	at ptolemy.domains.sdf.kernel.SDFDirector.fire(SDFDirector.java:500)
	at ptolemy.actor.CompositeActor.fire(CompositeActor.java:455)
	at ptolemy.domains.de.kernel.DEDirector._fire(DEDirector.java:1949)
	at ptolemy.domains.de.kernel.DEDirector.fire(DEDirector.java:502)
	at ptolemy.actor.CompositeActor.fire(CompositeActor.java:455)
	at ptolemy.actor.Manager.iterate(Manager.java:851)
	at ptolemy.actor.Manager.execute(Manager.java:369)
	at ptolemy.actor.Manager.run(Manager.java:1263)
	at ptolemy.actor.Manager$PtolemyRunThread.run(Manager.java:1915)
java.lang.reflect.InvocationTargetException
	at sun.reflect.NativeConstructorAccessorImpl.newInstance0(Native Method)
	at sun.reflect.NativeConstructorAccessorImpl.newInstance(NativeConstructorAccessorImpl.java:62)
	at sun.reflect.DelegatingConstructorAccessorImpl.newInstance(DelegatingConstructorAccessorImpl.java:45)
	at java.lang.reflect.Constructor.newInstance(Constructor.java:423)
	at ptolemy.util.test.junit.AutoKnownFailedTests.RunModel(AutoKnownFailedTests.java:107)
	at sun.reflect.NativeMethodAccessorImpl.invoke0(Native Method)
	at sun.reflect.NativeMethodAccessorImpl.invoke(NativeMethodAccessorImpl.java:62)
	at sun.reflect.DelegatingMethodAccessorImpl.invoke(DelegatingMethodAccessorImpl.java:43)
	at java.lang.reflect.Method.invoke(Method.java:498)
	at org.junit.runners.model.FrameworkMethod$1.runReflectiveCall(FrameworkMethod.java:44)
	at org.junit.internal.runners.model.ReflectiveCallable.run(ReflectiveCallable.java:15)
	at org.junit.runners.model.FrameworkMethod.invokeExplosively(FrameworkMethod.java:41)
	at junitparams.internal.InvokeParameterisedMethod.evaluate(InvokeParameterisedMethod.java:102)
	at org.junit.internal.runners.statements.FailOnTimeout$1.run(FailOnTimeout.java:28)
Caused by: ptolemy.kernel.util.IllegalActionException: Actor is not ready to fire.  Perhaps UpSample.prefire() returned false? Try debugging the actor by selecting "Listen to Actor".  Also, for SDF check moml for tokenConsumptionRate on input.
  in .DESDFClockTest.Play Bell.Copy1:SDF Director and .DESDFClockTest.Play Bell.UpSample
	at ptolemy.actor.sched.StaticSchedulingDirector.fire(StaticSchedulingDirector.java:227)
	at ptolemy.domains.sdf.kernel.SDFDirector.fire(SDFDirector.java:500)
	at ptolemy.actor.CompositeActor.fire(CompositeActor.java:455)
	at ptolemy.domains.de.kernel.DEDirector._fire(DEDirector.java:1949)
	at ptolemy.domains.de.kernel.DEDirector.fire(DEDirector.java:502)
	at ptolemy.actor.CompositeActor.fire(CompositeActor.java:455)
	at ptolemy.actor.Manager.iterate(Manager.java:851)
	at ptolemy.actor.Manager.execute(Manager.java:369)
	at ptolemy.actor.Manager.run(Manager.java:1263)
	at ptolemy.actor.Manager$PtolemyRunThread.run(Manager.java:1915)
java.lang.RuntimeException: Execution failed
	at ptolemy.moml.MoMLSimpleApplication$UnloadThread.run(MoMLSimpleApplication.java:402)
Caused by: ptolemy.kernel.util.IllegalActionException: Test fails in iteration 1.
Value was: 1.0. Should have been: 2.0
  in .DirectFeedback.Test
	at ptolemy.actor.lib.Test.fire(Test.java:268)
	at ptolemy.domains.de.kernel.DEDirector._fire(DEDirector.java:1949)
	at ptolemy.domains.de.kernel.DEDirector.fire(DEDirector.java:502)
	at ptolemy.actor.CompositeActor.fire(CompositeActor.java:455)
	at ptolemy.actor.Manager.iterate(Manager.java:851)
	at ptolemy.actor.Manager.execute(Manager.java:369)
	at ptolemy.actor.Manager.run(Manager.java:1263)
	at ptolemy.actor.Manager$PtolemyRunThread.run(Manager.java:1915)
java.lang.reflect.InvocationTargetException
	at sun.reflect.NativeConstructorAccessorImpl.newInstance0(Native Method)
	at sun.reflect.NativeConstructorAccessorImpl.newInstance(NativeConstructorAccessorImpl.java:62)
	at sun.reflect.DelegatingConstructorAccessorImpl.newInstance(DelegatingConstructorAccessorImpl.java:45)
	at java.lang.reflect.Constructor.newInstance(Constructor.java:423)
	at ptolemy.util.test.junit.AutoKnownFailedTests.RunModel(AutoKnownFailedTests.java:107)
	at sun.reflect.NativeMethodAccessorImpl.invoke0(Native Method)
	at sun.reflect.NativeMethodAccessorImpl.invoke(NativeMethodAccessorImpl.java:62)
	at sun.reflect.DelegatingMethodAccessorImpl.invoke(DelegatingMethodAccessorImpl.java:43)
	at java.lang.reflect.Method.invoke(Method.java:498)
	at org.junit.runners.model.FrameworkMethod$1.runReflectiveCall(FrameworkMethod.java:44)
	at org.junit.internal.runners.model.ReflectiveCallable.run(ReflectiveCallable.java:15)
	at org.junit.runners.model.FrameworkMethod.invokeExplosively(FrameworkMethod.java:41)
	at junitparams.internal.InvokeParameterisedMethod.evaluate(InvokeParameterisedMethod.java:102)
	at org.junit.internal.runners.statements.FailOnTimeout$1.run(FailOnTimeout.java:28)
Caused by: ptolemy.kernel.util.IllegalActionException: Test fails in iteration 1.
Value was: 1.0. Should have been: 2.0
  in .DirectFeedback.Test
	at ptolemy.actor.lib.Test.fire(Test.java:268)
	at ptolemy.domains.de.kernel.DEDirector._fire(DEDirector.java:1949)
	at ptolemy.domains.de.kernel.DEDirector.fire(DEDirector.java:502)
	at ptolemy.actor.CompositeActor.fire(CompositeActor.java:455)
	at ptolemy.actor.Manager.iterate(Manager.java:851)
	at ptolemy.actor.Manager.execute(Manager.java:369)
	at ptolemy.actor.Manager.run(Manager.java:1263)
	at ptolemy.actor.Manager$PtolemyRunThread.run(Manager.java:1915)
java.lang.RuntimeException: Execution failed
	at ptolemy.moml.MoMLSimpleApplication$UnloadThread.run(MoMLSimpleApplication.java:402)
Caused by: ptolemy.kernel.util.IllegalActionException: Found a zero delay loop containing .HierarchicalModel.A
  in .HierarchicalModel and .HierarchicalModel.A
	at ptolemy.actor.util.CausalityInterfaceForComposites._computeOutputPortDepth(CausalityInterfaceForComposites.java:759)
	at ptolemy.actor.util.CausalityInterfaceForComposites._computeInputDepth(CausalityInterfaceForComposites.java:696)
	at ptolemy.actor.util.CausalityInterfaceForComposites._computeOutputPortDepth(CausalityInterfaceForComposites.java:765)
	at ptolemy.actor.util.CausalityInterfaceForComposites._computeInputDepth(CausalityInterfaceForComposites.java:696)
	at ptolemy.actor.util.CausalityInterfaceForComposites._computeOutputPortDepth(CausalityInterfaceForComposites.java:765)
	at ptolemy.actor.util.CausalityInterfaceForComposites._computeInputDepth(CausalityInterfaceForComposites.java:696)
	at ptolemy.actor.util.CausalityInterfaceForComposites._computeActorDepth(CausalityInterfaceForComposites.java:532)
	at ptolemy.actor.util.CausalityInterfaceForComposites.checkForCycles(CausalityInterfaceForComposites.java:96)
	at ptolemy.domains.de.kernel.DEDirector.preinitialize(DEDirector.java:1338)
	at ptolemy.actor.CompositeActor.preinitialize(CompositeActor.java:1828)
	at ptolemy.actor.Manager.preinitializeAndResolveTypes(Manager.java:1040)
	at ptolemy.actor.Manager.initialize(Manager.java:710)
	at ptolemy.actor.Manager.execute(Manager.java:356)
	at ptolemy.actor.Manager.run(Manager.java:1263)
	at ptolemy.actor.Manager$PtolemyRunThread.run(Manager.java:1915)
java.lang.reflect.InvocationTargetException
	at sun.reflect.NativeConstructorAccessorImpl.newInstance0(Native Method)
	at sun.reflect.NativeConstructorAccessorImpl.newInstance(NativeConstructorAccessorImpl.java:62)
	at sun.reflect.DelegatingConstructorAccessorImpl.newInstance(DelegatingConstructorAccessorImpl.java:45)
	at java.lang.reflect.Constructor.newInstance(Constructor.java:423)
	at ptolemy.util.test.junit.AutoKnownFailedTests.RunModel(AutoKnownFailedTests.java:107)
	at sun.reflect.NativeMethodAccessorImpl.invoke0(Native Method)
	at sun.reflect.NativeMethodAccessorImpl.invoke(NativeMethodAccessorImpl.java:62)
	at sun.reflect.DelegatingMethodAccessorImpl.invoke(DelegatingMethodAccessorImpl.java:43)
	at java.lang.reflect.Method.invoke(Method.java:498)
	at org.junit.runners.model.FrameworkMethod$1.runReflectiveCall(FrameworkMethod.java:44)
	at org.junit.internal.runners.model.ReflectiveCallable.run(ReflectiveCallable.java:15)
	at org.junit.runners.model.FrameworkMethod.invokeExplosively(FrameworkMethod.java:41)
	at junitparams.internal.InvokeParameterisedMethod.evaluate(InvokeParameterisedMethod.java:102)
	at org.junit.internal.runners.statements.FailOnTimeout$1.run(FailOnTimeout.java:28)
Caused by: ptolemy.kernel.util.IllegalActionException: Found a zero delay loop containing .HierarchicalModel.A
  in .HierarchicalModel and .HierarchicalModel.A
	at ptolemy.actor.util.CausalityInterfaceForComposites._computeOutputPortDepth(CausalityInterfaceForComposites.java:759)
	at ptolemy.actor.util.CausalityInterfaceForComposites._computeInputDepth(CausalityInterfaceForComposites.java:696)
	at ptolemy.actor.util.CausalityInterfaceForComposites._computeOutputPortDepth(CausalityInterfaceForComposites.java:765)
	at ptolemy.actor.util.CausalityInterfaceForComposites._computeInputDepth(CausalityInterfaceForComposites.java:696)
	at ptolemy.actor.util.CausalityInterfaceForComposites._computeOutputPortDepth(CausalityInterfaceForComposites.java:765)
	at ptolemy.actor.util.CausalityInterfaceForComposites._computeInputDepth(CausalityInterfaceForComposites.java:696)
	at ptolemy.actor.util.CausalityInterfaceForComposites._computeActorDepth(CausalityInterfaceForComposites.java:532)
	at ptolemy.actor.util.CausalityInterfaceForComposites.checkForCycles(CausalityInterfaceForComposites.java:96)
	at ptolemy.domains.de.kernel.DEDirector.preinitialize(DEDirector.java:1338)
	at ptolemy.actor.CompositeActor.preinitialize(CompositeActor.java:1828)
	at ptolemy.actor.Manager.preinitializeAndResolveTypes(Manager.java:1040)
	at ptolemy.actor.Manager.initialize(Manager.java:710)
	at ptolemy.actor.Manager.execute(Manager.java:356)
	at ptolemy.actor.Manager.run(Manager.java:1263)
	at ptolemy.actor.Manager$PtolemyRunThread.run(Manager.java:1915)
java.lang.RuntimeException: Execution failed
	at ptolemy.moml.MoMLSimpleApplication$UnloadThread.run(MoMLSimpleApplication.java:402)
Caused by: ptolemy.kernel.util.IllegalActionException: Found a zero delay loop containing .dependencyLoop.original
  in .dependencyLoop and .dependencyLoop.original
	at ptolemy.actor.util.CausalityInterfaceForComposites._computeOutputPortDepth(CausalityInterfaceForComposites.java:759)
	at ptolemy.actor.util.CausalityInterfaceForComposites._computeInputDepth(CausalityInterfaceForComposites.java:696)
	at ptolemy.actor.util.CausalityInterfaceForComposites._computeOutputPortDepth(CausalityInterfaceForComposites.java:765)
	at ptolemy.actor.util.CausalityInterfaceForComposites._computeInputDepth(CausalityInterfaceForComposites.java:696)
	at ptolemy.actor.util.CausalityInterfaceForComposites._computeOutputPortDepth(CausalityInterfaceForComposites.java:765)
	at ptolemy.actor.util.CausalityInterfaceForComposites._computeInputDepth(CausalityInterfaceForComposites.java:696)
	at ptolemy.actor.util.CausalityInterfaceForComposites._computeActorDepth(CausalityInterfaceForComposites.java:532)
	at ptolemy.actor.util.CausalityInterfaceForComposites.checkForCycles(CausalityInterfaceForComposites.java:96)
	at ptolemy.domains.de.kernel.DEDirector.preinitialize(DEDirector.java:1338)
	at ptolemy.actor.CompositeActor.preinitialize(CompositeActor.java:1828)
	at ptolemy.actor.Manager.preinitializeAndResolveTypes(Manager.java:1040)
	at ptolemy.actor.Manager.initialize(Manager.java:710)
	at ptolemy.actor.Manager.execute(Manager.java:356)
	at ptolemy.actor.Manager.run(Manager.java:1263)
	at ptolemy.actor.Manager$PtolemyRunThread.run(Manager.java:1915)
java.lang.reflect.InvocationTargetException
	at sun.reflect.NativeConstructorAccessorImpl.newInstance0(Native Method)
	at sun.reflect.NativeConstructorAccessorImpl.newInstance(NativeConstructorAccessorImpl.java:62)
	at sun.reflect.DelegatingConstructorAccessorImpl.newInstance(DelegatingConstructorAccessorImpl.java:45)
	at java.lang.reflect.Constructor.newInstance(Constructor.java:423)
	at ptolemy.util.test.junit.AutoKnownFailedTests.RunModel(AutoKnownFailedTests.java:107)
	at sun.reflect.NativeMethodAccessorImpl.invoke0(Native Method)
	at sun.reflect.NativeMethodAccessorImpl.invoke(NativeMethodAccessorImpl.java:62)
	at sun.reflect.DelegatingMethodAccessorImpl.invoke(DelegatingMethodAccessorImpl.java:43)
	at java.lang.reflect.Method.invoke(Method.java:498)
	at org.junit.runners.model.FrameworkMethod$1.runReflectiveCall(FrameworkMethod.java:44)
	at org.junit.internal.runners.model.ReflectiveCallable.run(ReflectiveCallable.java:15)
	at org.junit.runners.model.FrameworkMethod.invokeExplosively(FrameworkMethod.java:41)
	at junitparams.internal.InvokeParameterisedMethod.evaluate(InvokeParameterisedMethod.java:102)
	at org.junit.internal.runners.statements.FailOnTimeout$1.run(FailOnTimeout.java:28)
Caused by: ptolemy.kernel.util.IllegalActionException: Found a zero delay loop containing .dependencyLoop.original
  in .dependencyLoop and .dependencyLoop.original
	at ptolemy.actor.util.CausalityInterfaceForComposites._computeOutputPortDepth(CausalityInterfaceForComposites.java:759)
	at ptolemy.actor.util.CausalityInterfaceForComposites._computeInputDepth(CausalityInterfaceForComposites.java:696)
	at ptolemy.actor.util.CausalityInterfaceForComposites._computeOutputPortDepth(CausalityInterfaceForComposites.java:765)
	at ptolemy.actor.util.CausalityInterfaceForComposites._computeInputDepth(CausalityInterfaceForComposites.java:696)
	at ptolemy.actor.util.CausalityInterfaceForComposites._computeOutputPortDepth(CausalityInterfaceForComposites.java:765)
	at ptolemy.actor.util.CausalityInterfaceForComposites._computeInputDepth(CausalityInterfaceForComposites.java:696)
	at ptolemy.actor.util.CausalityInterfaceForComposites._computeActorDepth(CausalityInterfaceForComposites.java:532)
	at ptolemy.actor.util.CausalityInterfaceForComposites.checkForCycles(CausalityInterfaceForComposites.java:96)
	at ptolemy.domains.de.kernel.DEDirector.preinitialize(DEDirector.java:1338)
	at ptolemy.actor.CompositeActor.preinitialize(CompositeActor.java:1828)
	at ptolemy.actor.Manager.preinitializeAndResolveTypes(Manager.java:1040)
	at ptolemy.actor.Manager.initialize(Manager.java:710)
	at ptolemy.actor.Manager.execute(Manager.java:356)
	at ptolemy.actor.Manager.run(Manager.java:1263)
	at ptolemy.actor.Manager$PtolemyRunThread.run(Manager.java:1915)
java.lang.RuntimeException: Execution failed
	at ptolemy.moml.MoMLSimpleApplication$UnloadThread.run(MoMLSimpleApplication.java:402)
Caused by: ptolemy.kernel.util.IllegalActionException: Found a zero delay loop containing .dependencyLoop2.original
  in .dependencyLoop2 and .dependencyLoop2.original
	at ptolemy.actor.util.CausalityInterfaceForComposites._computeOutputPortDepth(CausalityInterfaceForComposites.java:759)
	at ptolemy.actor.util.CausalityInterfaceForComposites._computeInputDepth(CausalityInterfaceForComposites.java:696)
	at ptolemy.actor.util.CausalityInterfaceForComposites._computeOutputPortDepth(CausalityInterfaceForComposites.java:765)
	at ptolemy.actor.util.CausalityInterfaceForComposites._computeInputDepth(CausalityInterfaceForComposites.java:696)
	at ptolemy.actor.util.CausalityInterfaceForComposites._computeOutputPortDepth(CausalityInterfaceForComposites.java:765)
	at ptolemy.actor.util.CausalityInterfaceForComposites._computeInputDepth(CausalityInterfaceForComposites.java:696)
	at ptolemy.actor.util.CausalityInterfaceForComposites._computeActorDepth(CausalityInterfaceForComposites.java:532)
	at ptolemy.actor.util.CausalityInterfaceForComposites.checkForCycles(CausalityInterfaceForComposites.java:96)
	at ptolemy.domains.de.kernel.DEDirector.preinitialize(DEDirector.java:1338)
	at ptolemy.actor.CompositeActor.preinitialize(CompositeActor.java:1828)
	at ptolemy.actor.Manager.preinitializeAndResolveTypes(Manager.java:1040)
	at ptolemy.actor.Manager.initialize(Manager.java:710)
	at ptolemy.actor.Manager.execute(Manager.java:356)
	at ptolemy.actor.Manager.run(Manager.java:1263)
	at ptolemy.actor.Manager$PtolemyRunThread.run(Manager.java:1915)
java.lang.reflect.InvocationTargetException
	at sun.reflect.NativeConstructorAccessorImpl.newInstance0(Native Method)
	at sun.reflect.NativeConstructorAccessorImpl.newInstance(NativeConstructorAccessorImpl.java:62)
	at sun.reflect.DelegatingConstructorAccessorImpl.newInstance(DelegatingConstructorAccessorImpl.java:45)
	at java.lang.reflect.Constructor.newInstance(Constructor.java:423)
	at ptolemy.util.test.junit.AutoKnownFailedTests.RunModel(AutoKnownFailedTests.java:107)
	at sun.reflect.NativeMethodAccessorImpl.invoke0(Native Method)
	at sun.reflect.NativeMethodAccessorImpl.invoke(NativeMethodAccessorImpl.java:62)
	at sun.reflect.DelegatingMethodAccessorImpl.invoke(DelegatingMethodAccessorImpl.java:43)
	at java.lang.reflect.Method.invoke(Method.java:498)
	at org.junit.runners.model.FrameworkMethod$1.runReflectiveCall(FrameworkMethod.java:44)
	at org.junit.internal.runners.model.ReflectiveCallable.run(ReflectiveCallable.java:15)
	at org.junit.runners.model.FrameworkMethod.invokeExplosively(FrameworkMethod.java:41)
	at junitparams.internal.InvokeParameterisedMethod.evaluate(InvokeParameterisedMethod.java:102)
	at org.junit.internal.runners.statements.FailOnTimeout$1.run(FailOnTimeout.java:28)
Caused by: ptolemy.kernel.util.IllegalActionException: Found a zero delay loop containing .dependencyLoop2.original
  in .dependencyLoop2 and .dependencyLoop2.original
	at ptolemy.actor.util.CausalityInterfaceForComposites._computeOutputPortDepth(CausalityInterfaceForComposites.java:759)
	at ptolemy.actor.util.CausalityInterfaceForComposites._computeInputDepth(CausalityInterfaceForComposites.java:696)
	at ptolemy.actor.util.CausalityInterfaceForComposites._computeOutputPortDepth(CausalityInterfaceForComposites.java:765)
	at ptolemy.actor.util.CausalityInterfaceForComposites._computeInputDepth(CausalityInterfaceForComposites.java:696)
	at ptolemy.actor.util.CausalityInterfaceForComposites._computeOutputPortDepth(CausalityInterfaceForComposites.java:765)
	at ptolemy.actor.util.CausalityInterfaceForComposites._computeInputDepth(CausalityInterfaceForComposites.java:696)
	at ptolemy.actor.util.CausalityInterfaceForComposites._computeActorDepth(CausalityInterfaceForComposites.java:532)
	at ptolemy.actor.util.CausalityInterfaceForComposites.checkForCycles(CausalityInterfaceForComposites.java:96)
	at ptolemy.domains.de.kernel.DEDirector.preinitialize(DEDirector.java:1338)
	at ptolemy.actor.CompositeActor.preinitialize(CompositeActor.java:1828)
	at ptolemy.actor.Manager.preinitializeAndResolveTypes(Manager.java:1040)
	at ptolemy.actor.Manager.initialize(Manager.java:710)
	at ptolemy.actor.Manager.execute(Manager.java:356)
	at ptolemy.actor.Manager.run(Manager.java:1263)
	at ptolemy.actor.Manager$PtolemyRunThread.run(Manager.java:1915)
]]></system-err>
</testsuite>
