<?xml version="1.0" encoding="UTF-8" ?>
<testsuite errors="0" failures="0" hostname="travis-job-ccd60e7e-0e37-4cfe-afeb-bf5ebf9f4dae" name="ptolemy.actor.lib.hoc.test.junit.JUnitTclTest" skipped="0" tests="58" time="29.782" timestamp="2021-06-27T17:45:48">
  <properties>
[...]
</properties>
  <testcase classname="ptolemy.util.test.junit.TclTests" name="[0] /home/travis/build/icyphy/ptII/ptolemy/actor/lib/hoc/test/IterateOverArray.tcl (RunTclFile)" time="0.265" />
  <testcase classname="ptolemy.util.test.junit.AutoKnownFailedTests" name="[0] /home/travis/build/icyphy/ptII/ptolemy/actor/lib/hoc/test/auto/knownFailedTests/PreinitializeMustBeInvokedRunComposite.xml (RunModel)" time="0.443" />
  <testcase classname="ptolemy.util.test.junit.AutoNameArchTests" name="[0] ThereAreNoAutoArchTests (RunModel)" time="0.005" />
  <testcase classname="ptolemy.util.test.junit.AutoTests" name="[0] /home/travis/build/icyphy/ptII/ptolemy/actor/lib/hoc/test/auto/AllToAllMultiInstanceComposite.xml (RunModel)" time="0.381" />
  <testcase classname="ptolemy.util.test.junit.AutoTests" name="[1] /home/travis/build/icyphy/ptII/ptolemy/actor/lib/hoc/test/auto/ApplyFFTTest.xml (RunModel)" time="0.256" />
  <testcase classname="ptolemy.util.test.junit.AutoTests" name="[2] /home/travis/build/icyphy/ptII/ptolemy/actor/lib/hoc/test/auto/ApplyFunction.xml (RunModel)" time="0.056" />
  <testcase classname="ptolemy.util.test.junit.AutoTests" name="[3] /home/travis/build/icyphy/ptII/ptolemy/actor/lib/hoc/test/auto/BackgroundExecution.xml (RunModel)" time="0.746" />
  <testcase classname="ptolemy.util.test.junit.AutoTests" name="[4] /home/travis/build/icyphy/ptII/ptolemy/actor/lib/hoc/test/auto/Case.xml (RunModel)" time="0.056" />
  <testcase classname="ptolemy.util.test.junit.AutoTests" name="[5] /home/travis/build/icyphy/ptII/ptolemy/actor/lib/hoc/test/auto/Case1.xml (RunModel)" time="0.066" />
  <testcase classname="ptolemy.util.test.junit.AutoTests" name="[6] /home/travis/build/icyphy/ptII/ptolemy/actor/lib/hoc/test/auto/Case2.xml (RunModel)" time="0.106" />
  <testcase classname="ptolemy.util.test.junit.AutoTests" name="[7] /home/travis/build/icyphy/ptII/ptolemy/actor/lib/hoc/test/auto/Case3.xml (RunModel)" time="0.036" />
  <testcase classname="ptolemy.util.test.junit.AutoTests" name="[8] /home/travis/build/icyphy/ptII/ptolemy/actor/lib/hoc/test/auto/Case4.xml (RunModel)" time="0.069" />
  <testcase classname="ptolemy.util.test.junit.AutoTests" name="[9] /home/travis/build/icyphy/ptII/ptolemy/actor/lib/hoc/test/auto/Case5.xml (RunModel)" time="0.069" />
  <testcase classname="ptolemy.util.test.junit.AutoTests" name="[10] /home/travis/build/icyphy/ptII/ptolemy/actor/lib/hoc/test/auto/Case6.xml (RunModel)" time="0.092" />
  <testcase classname="ptolemy.util.test.junit.AutoTests" name="[11] /home/travis/build/icyphy/ptII/ptolemy/actor/lib/hoc/test/auto/CaseString2.xml (RunModel)" time="0.06" />
  <testcase classname="ptolemy.util.test.junit.AutoTests" name="[12] /home/travis/build/icyphy/ptII/ptolemy/actor/lib/hoc/test/auto/CatchUpComposite1.xml (RunModel)" time="0.082" />
  <testcase classname="ptolemy.util.test.junit.AutoTests" name="[13] /home/travis/build/icyphy/ptII/ptolemy/actor/lib/hoc/test/auto/CatchUpComposite2.xml (RunModel)" time="0.054" />
  <testcase classname="ptolemy.util.test.junit.AutoTests" name="[14] /home/travis/build/icyphy/ptII/ptolemy/actor/lib/hoc/test/auto/CatchUpComposite3.xml (RunModel)" time="0.058" />
  <testcase classname="ptolemy.util.test.junit.AutoTests" name="[15] /home/travis/build/icyphy/ptII/ptolemy/actor/lib/hoc/test/auto/CatchUpComposite4.xml (RunModel)" time="0.063" />
  <testcase classname="ptolemy.util.test.junit.AutoTests" name="[16] /home/travis/build/icyphy/ptII/ptolemy/actor/lib/hoc/test/auto/CatchUpComposite5.xml (RunModel)" time="0.037" />
  <testcase classname="ptolemy.util.test.junit.AutoTests" name="[17] /home/travis/build/icyphy/ptII/ptolemy/actor/lib/hoc/test/auto/CatchUpComposite6.xml (RunModel)" time="0.15" />
  <testcase classname="ptolemy.util.test.junit.AutoTests" name="[18] /home/travis/build/icyphy/ptII/ptolemy/actor/lib/hoc/test/auto/CatchUpComposite7.xml (RunModel)" time="0.1" />
  <testcase classname="ptolemy.util.test.junit.AutoTests" name="[19] /home/travis/build/icyphy/ptII/ptolemy/actor/lib/hoc/test/auto/ConcurrentExecutionTimeSDF.xml (RunModel)" time="0.707" />
  <testcase classname="ptolemy.util.test.junit.AutoTests" name="[20] /home/travis/build/icyphy/ptII/ptolemy/actor/lib/hoc/test/auto/ConcurrentSleep.xml (RunModel)" time="0.757" />
  <testcase classname="ptolemy.util.test.junit.AutoTests" name="[21] /home/travis/build/icyphy/ptII/ptolemy/actor/lib/hoc/test/auto/DEInPNInRunCompositeActor.xml (RunModel)" time="0.031" />
  <testcase classname="ptolemy.util.test.junit.AutoTests" name="[22] /home/travis/build/icyphy/ptII/ptolemy/actor/lib/hoc/test/auto/DFTSubSetTest.xml (RunModel)" time="0.307" />
  <testcase classname="ptolemy.util.test.junit.AutoTests" name="[23] /home/travis/build/icyphy/ptII/ptolemy/actor/lib/hoc/test/auto/HocDE.xml (RunModel)" time="0.156" />
  <testcase classname="ptolemy.util.test.junit.AutoTests" name="[24] /home/travis/build/icyphy/ptII/ptolemy/actor/lib/hoc/test/auto/IterateOverArray.xml (RunModel)" time="0.021" />
  <testcase classname="ptolemy.util.test.junit.AutoTests" name="[25] /home/travis/build/icyphy/ptII/ptolemy/actor/lib/hoc/test/auto/IterateOverArray10.xml (RunModel)" time="0.021" />
  <testcase classname="ptolemy.util.test.junit.AutoTests" name="[26] /home/travis/build/icyphy/ptII/ptolemy/actor/lib/hoc/test/auto/IterateOverArray11.xml (RunModel)" time="0.014" />
  <testcase classname="ptolemy.util.test.junit.AutoTests" name="[27] /home/travis/build/icyphy/ptII/ptolemy/actor/lib/hoc/test/auto/IterateOverArray12.xml (RunModel)" time="0.039" />
  <testcase classname="ptolemy.util.test.junit.AutoTests" name="[28] /home/travis/build/icyphy/ptII/ptolemy/actor/lib/hoc/test/auto/IterateOverArray13.xml (RunModel)" time="0.124" />
  <testcase classname="ptolemy.util.test.junit.AutoTests" name="[29] /home/travis/build/icyphy/ptII/ptolemy/actor/lib/hoc/test/auto/IterateOverArray14.xml (RunModel)" time="0.139" />
  <testcase classname="ptolemy.util.test.junit.AutoTests" name="[30] /home/travis/build/icyphy/ptII/ptolemy/actor/lib/hoc/test/auto/IterateOverArray2.xml (RunModel)" time="0.027" />
  <testcase classname="ptolemy.util.test.junit.AutoTests" name="[31] /home/travis/build/icyphy/ptII/ptolemy/actor/lib/hoc/test/auto/IterateOverArray3.xml (RunModel)" time="0.035" />
  <testcase classname="ptolemy.util.test.junit.AutoTests" name="[32] /home/travis/build/icyphy/ptII/ptolemy/actor/lib/hoc/test/auto/IterateOverArray4.xml (RunModel)" time="0.02" />
  <testcase classname="ptolemy.util.test.junit.AutoTests" name="[33] /home/travis/build/icyphy/ptII/ptolemy/actor/lib/hoc/test/auto/IterateOverArray5.xml (RunModel)" time="0.027" />
  <testcase classname="ptolemy.util.test.junit.AutoTests" name="[34] /home/travis/build/icyphy/ptII/ptolemy/actor/lib/hoc/test/auto/IterateOverArray6.xml (RunModel)" time="0.013" />
  <testcase classname="ptolemy.util.test.junit.AutoTests" name="[35] /home/travis/build/icyphy/ptII/ptolemy/actor/lib/hoc/test/auto/IterateOverArray7.xml (RunModel)" time="0.018" />
  <testcase classname="ptolemy.util.test.junit.AutoTests" name="[36] /home/travis/build/icyphy/ptII/ptolemy/actor/lib/hoc/test/auto/IterateOverArray8.xml (RunModel)" time="0.028" />
  <testcase classname="ptolemy.util.test.junit.AutoTests" name="[37] /home/travis/build/icyphy/ptII/ptolemy/actor/lib/hoc/test/auto/IterateOverArray9.xml (RunModel)" time="0.025" />
  <testcase classname="ptolemy.util.test.junit.AutoTests" name="[38] /home/travis/build/icyphy/ptII/ptolemy/actor/lib/hoc/test/auto/IterateOverArrayCoercedOutputType.xml (RunModel)" time="0.038" />
  <testcase classname="ptolemy.util.test.junit.AutoTests" name="[39] /home/travis/build/icyphy/ptII/ptolemy/actor/lib/hoc/test/auto/IterateOverArrayInferredOutputType.xml (RunModel)" time="0.023" />
  <testcase classname="ptolemy.util.test.junit.AutoTests" name="[40] /home/travis/build/icyphy/ptII/ptolemy/actor/lib/hoc/test/auto/MobileFunctionTest.xml (RunModel)" time="0.02" />
  <testcase classname="ptolemy.util.test.junit.AutoTests" name="[41] /home/travis/build/icyphy/ptII/ptolemy/actor/lib/hoc/test/auto/MobileModelTest.xml (RunModel)" time="0.169" />
  <testcase classname="ptolemy.util.test.junit.AutoTests" name="[42] /home/travis/build/icyphy/ptII/ptolemy/actor/lib/hoc/test/auto/ModelReference.xml (RunModel)" time="0.054" />
  <testcase classname="ptolemy.util.test.junit.AutoTests" name="[43] /home/travis/build/icyphy/ptII/ptolemy/actor/lib/hoc/test/auto/ModelReference3.xml (RunModel)" time="0.034" />
  <testcase classname="ptolemy.util.test.junit.AutoTests" name="[44] /home/travis/build/icyphy/ptII/ptolemy/actor/lib/hoc/test/auto/ModelReference4.xml (RunModel)" time="10.027" />
  <testcase classname="ptolemy.util.test.junit.AutoTests" name="[45] /home/travis/build/icyphy/ptII/ptolemy/actor/lib/hoc/test/auto/MultiInstanceComposite.xml (RunModel)" time="0.06" />
  <testcase classname="ptolemy.util.test.junit.AutoTests" name="[46] /home/travis/build/icyphy/ptII/ptolemy/actor/lib/hoc/test/auto/MultiInstanceComposite2.xml (RunModel)" time="0.029" />
  <testcase classname="ptolemy.util.test.junit.AutoTests" name="[47] /home/travis/build/icyphy/ptII/ptolemy/actor/lib/hoc/test/auto/MulticoreExecution.xml (RunModel)" time="1.081" />
  <testcase classname="ptolemy.util.test.junit.AutoTests" name="[48] /home/travis/build/icyphy/ptII/ptolemy/actor/lib/hoc/test/auto/ParallelExecution.xml (RunModel)" time="0.941" />
  <testcase classname="ptolemy.util.test.junit.AutoTests" name="[49] /home/travis/build/icyphy/ptII/ptolemy/actor/lib/hoc/test/auto/RunCompositeActor.xml (RunModel)" time="0.025" />
  <testcase classname="ptolemy.util.test.junit.AutoTests" name="[50] /home/travis/build/icyphy/ptII/ptolemy/actor/lib/hoc/test/auto/RunCompositeActor2.xml (RunModel)" time="0.017" />
  <testcase classname="ptolemy.util.test.junit.AutoTests" name="[51] /home/travis/build/icyphy/ptII/ptolemy/actor/lib/hoc/test/auto/RunCompositeActor3.xml (RunModel)" time="0.016" />
  <testcase classname="ptolemy.util.test.junit.AutoTests" name="[52] /home/travis/build/icyphy/ptII/ptolemy/actor/lib/hoc/test/auto/RunCompositeActor4.xml (RunModel)" time="0.022" />
  <testcase classname="ptolemy.util.test.junit.AutoTests" name="[53] /home/travis/build/icyphy/ptII/ptolemy/actor/lib/hoc/test/auto/RunCompositeIterateOverArray.xml (RunModel)" time="0.021" />
  <testcase classname="ptolemy.util.test.junit.AutoTests" name="[54] /home/travis/build/icyphy/ptII/ptolemy/actor/lib/hoc/test/auto/ThreadedJS.xml (RunModel)" time="10.871" />
  <system-out><![CDATA[/home/travis/build/icyphy/ptII/ptolemy/actor/lib/hoc/test/IterateOverArray.tcl
testDefs.tcl: setting time out to 9000 seconds at Sun Jun 27 17:45:49 UTC 2021
06/27/21 05:45:49
Failed: 0  Total Tests: 2  ((Passed: 2, Newly Passed: 0)  Known Failed: 0) /home/travis/build/icyphy/ptII/ptolemy/actor/lib/hoc/test
----------------- testing (KnownFailure) /home/travis/build/icyphy/ptII/ptolemy/actor/lib/hoc/test/auto/knownFailedTests/PreinitializeMustBeInvokedRunComposite.xml
122 ms. Memory: 129024K Free: 86470K (67%)
Known Failure: java.lang.reflect.InvocationTargetException
No auto/linux-amd64/*.xml tests in /home/travis/build/icyphy/ptII/ptolemy/actor/lib/hoc/test
AutoTests.java: About to close Vertx.
AutoTests.java: Vertx closed.

===========================================================================================
----------------- testing Sun Jun 27 17:45:50 UTC 2021 /home/travis/build/icyphy/ptII/ptolemy/actor/lib/hoc/test/auto/AllToAllMultiInstanceComposite.xml
----------------- Instantiating /home/travis/build/icyphy/ptII/ptolemy/actor/lib/hoc/test/auto/AllToAllMultiInstanceComposite.xml
200 ms. Memory: 129024K Free: 107038K (83%)
----------------- Invoking toplevel() on ptolemy.moml.MoMLSimpleApplication@6f68136a
----------------- Done invoking toplevel() on ptolemy.moml.MoMLSimpleApplication@6f68136a
reloadAllAccessors: .AllToAllMultiInstanceComposite

===========================================================================================
----------------- testing Sun Jun 27 17:45:50 UTC 2021 /home/travis/build/icyphy/ptII/ptolemy/actor/lib/hoc/test/auto/ApplyFFTTest.xml
----------------- Instantiating /home/travis/build/icyphy/ptII/ptolemy/actor/lib/hoc/test/auto/ApplyFFTTest.xml
89 ms. Memory: 129024K Free: 88198K (68%)
----------------- Invoking toplevel() on ptolemy.moml.MoMLSimpleApplication@45d49ace
----------------- Done invoking toplevel() on ptolemy.moml.MoMLSimpleApplication@45d49ace
reloadAllAccessors: .ApplyFFTTest

===========================================================================================
----------------- testing Sun Jun 27 17:45:50 UTC 2021 /home/travis/build/icyphy/ptII/ptolemy/actor/lib/hoc/test/auto/ApplyFunction.xml
----------------- Instantiating /home/travis/build/icyphy/ptII/ptolemy/actor/lib/hoc/test/auto/ApplyFunction.xml
5 ms. Memory: 129024K Free: 85201K (66%)
----------------- Invoking toplevel() on ptolemy.moml.MoMLSimpleApplication@477dfd19
----------------- Done invoking toplevel() on ptolemy.moml.MoMLSimpleApplication@477dfd19
reloadAllAccessors: .ApplyFunction

===========================================================================================
----------------- testing Sun Jun 27 17:45:50 UTC 2021 /home/travis/build/icyphy/ptII/ptolemy/actor/lib/hoc/test/auto/BackgroundExecution.xml
----------------- Instantiating /home/travis/build/icyphy/ptII/ptolemy/actor/lib/hoc/test/auto/BackgroundExecution.xml
637 ms. Memory: 129024K Free: 77958K (60%)
----------------- Invoking toplevel() on ptolemy.moml.MoMLSimpleApplication@2c5f6a00
----------------- Done invoking toplevel() on ptolemy.moml.MoMLSimpleApplication@2c5f6a00
reloadAllAccessors: .BackgroundExecution

===========================================================================================
----------------- testing Sun Jun 27 17:45:51 UTC 2021 /home/travis/build/icyphy/ptII/ptolemy/actor/lib/hoc/test/auto/Case.xml
----------------- Instantiating /home/travis/build/icyphy/ptII/ptolemy/actor/lib/hoc/test/auto/Case.xml
14 ms. Memory: 129024K Free: 70450K (55%)
----------------- Invoking toplevel() on ptolemy.moml.MoMLSimpleApplication@47f9738e
----------------- Done invoking toplevel() on ptolemy.moml.MoMLSimpleApplication@47f9738e
reloadAllAccessors: .Case

===========================================================================================
----------------- testing Sun Jun 27 17:45:51 UTC 2021 /home/travis/build/icyphy/ptII/ptolemy/actor/lib/hoc/test/auto/Case1.xml
----------------- Instantiating /home/travis/build/icyphy/ptII/ptolemy/actor/lib/hoc/test/auto/Case1.xml
13 ms. Memory: 129024K Free: 108451K (84%)
----------------- Invoking toplevel() on ptolemy.moml.MoMLSimpleApplication@3546e35
----------------- Done invoking toplevel() on ptolemy.moml.MoMLSimpleApplication@3546e35
reloadAllAccessors: .Case1

===========================================================================================
----------------- testing Sun Jun 27 17:45:51 UTC 2021 /home/travis/build/icyphy/ptII/ptolemy/actor/lib/hoc/test/auto/Case2.xml
----------------- Instantiating /home/travis/build/icyphy/ptII/ptolemy/actor/lib/hoc/test/auto/Case2.xml
39 ms. Memory: 129024K Free: 98281K (76%)
----------------- Invoking toplevel() on ptolemy.moml.MoMLSimpleApplication@4bbdc310
----------------- Done invoking toplevel() on ptolemy.moml.MoMLSimpleApplication@4bbdc310
reloadAllAccessors: .Case2

===========================================================================================
----------------- testing Sun Jun 27 17:45:51 UTC 2021 /home/travis/build/icyphy/ptII/ptolemy/actor/lib/hoc/test/auto/Case3.xml
----------------- Instantiating /home/travis/build/icyphy/ptII/ptolemy/actor/lib/hoc/test/auto/Case3.xml
7 ms. Memory: 129024K Free: 92129K (71%)
----------------- Invoking toplevel() on ptolemy.moml.MoMLSimpleApplication@31b6ecff
----------------- Done invoking toplevel() on ptolemy.moml.MoMLSimpleApplication@31b6ecff
reloadAllAccessors: .Case3

===========================================================================================
----------------- testing Sun Jun 27 17:45:51 UTC 2021 /home/travis/build/icyphy/ptII/ptolemy/actor/lib/hoc/test/auto/Case4.xml
----------------- Instantiating /home/travis/build/icyphy/ptII/ptolemy/actor/lib/hoc/test/auto/Case4.xml
16 ms. Memory: 129024K Free: 84207K (65%)
----------------- Invoking toplevel() on ptolemy.moml.MoMLSimpleApplication@192e9f76
----------------- Done invoking toplevel() on ptolemy.moml.MoMLSimpleApplication@192e9f76
reloadAllAccessors: .Case4

===========================================================================================
----------------- testing Sun Jun 27 17:45:51 UTC 2021 /home/travis/build/icyphy/ptII/ptolemy/actor/lib/hoc/test/auto/Case5.xml
----------------- Instantiating /home/travis/build/icyphy/ptII/ptolemy/actor/lib/hoc/test/auto/Case5.xml
43 ms. Memory: 129024K Free: 78063K (61%)
----------------- Invoking toplevel() on ptolemy.moml.MoMLSimpleApplication@54ac0910
----------------- Done invoking toplevel() on ptolemy.moml.MoMLSimpleApplication@54ac0910
reloadAllAccessors: .junk

===========================================================================================
----------------- testing Sun Jun 27 17:45:51 UTC 2021 /home/travis/build/icyphy/ptII/ptolemy/actor/lib/hoc/test/auto/Case6.xml
----------------- Instantiating /home/travis/build/icyphy/ptII/ptolemy/actor/lib/hoc/test/auto/Case6.xml
28 ms. Memory: 129024K Free: 66799K (52%)
----------------- Invoking toplevel() on ptolemy.moml.MoMLSimpleApplication@6eef50d7
----------------- Done invoking toplevel() on ptolemy.moml.MoMLSimpleApplication@6eef50d7
reloadAllAccessors: .Case6

===========================================================================================
----------------- testing Sun Jun 27 17:45:52 UTC 2021 /home/travis/build/icyphy/ptII/ptolemy/actor/lib/hoc/test/auto/CaseString2.xml
----------------- Instantiating /home/travis/build/icyphy/ptII/ptolemy/actor/lib/hoc/test/auto/CaseString2.xml
17 ms. Memory: 129024K Free: 109153K (85%)
----------------- Invoking toplevel() on ptolemy.moml.MoMLSimpleApplication@486b6350
----------------- Done invoking toplevel() on ptolemy.moml.MoMLSimpleApplication@486b6350
reloadAllAccessors: .CaseString2

===========================================================================================
----------------- testing Sun Jun 27 17:45:52 UTC 2021 /home/travis/build/icyphy/ptII/ptolemy/actor/lib/hoc/test/auto/CatchUpComposite1.xml
----------------- Instantiating /home/travis/build/icyphy/ptII/ptolemy/actor/lib/hoc/test/auto/CatchUpComposite1.xml
30 ms. Memory: 129024K Free: 99891K (77%)
----------------- Invoking toplevel() on ptolemy.moml.MoMLSimpleApplication@7d81d0a9
----------------- Done invoking toplevel() on ptolemy.moml.MoMLSimpleApplication@7d81d0a9
reloadAllAccessors: .CatchUpComposite1

===========================================================================================
----------------- testing Sun Jun 27 17:45:52 UTC 2021 /home/travis/build/icyphy/ptII/ptolemy/actor/lib/hoc/test/auto/CatchUpComposite2.xml
----------------- Instantiating /home/travis/build/icyphy/ptII/ptolemy/actor/lib/hoc/test/auto/CatchUpComposite2.xml
16 ms. Memory: 129024K Free: 91699K (71%)
----------------- Invoking toplevel() on ptolemy.moml.MoMLSimpleApplication@4ed68b7b
----------------- Done invoking toplevel() on ptolemy.moml.MoMLSimpleApplication@4ed68b7b
reloadAllAccessors: .CatchUpComposite2

===========================================================================================
----------------- testing Sun Jun 27 17:45:52 UTC 2021 /home/travis/build/icyphy/ptII/ptolemy/actor/lib/hoc/test/auto/CatchUpComposite3.xml
----------------- Instantiating /home/travis/build/icyphy/ptII/ptolemy/actor/lib/hoc/test/auto/CatchUpComposite3.xml
21 ms. Memory: 129024K Free: 83081K (64%)
----------------- Invoking toplevel() on ptolemy.moml.MoMLSimpleApplication@48118fa6
----------------- Done invoking toplevel() on ptolemy.moml.MoMLSimpleApplication@48118fa6
reloadAllAccessors: .CatchUpComposite3

===========================================================================================
----------------- testing Sun Jun 27 17:45:52 UTC 2021 /home/travis/build/icyphy/ptII/ptolemy/actor/lib/hoc/test/auto/CatchUpComposite4.xml
----------------- Instantiating /home/travis/build/icyphy/ptII/ptolemy/actor/lib/hoc/test/auto/CatchUpComposite4.xml
17 ms. Memory: 129024K Free: 75474K (58%)
----------------- Invoking toplevel() on ptolemy.moml.MoMLSimpleApplication@3e1b81b5
----------------- Done invoking toplevel() on ptolemy.moml.MoMLSimpleApplication@3e1b81b5
reloadAllAccessors: .CatchUpComposite4

===========================================================================================
----------------- testing Sun Jun 27 17:45:52 UTC 2021 /home/travis/build/icyphy/ptII/ptolemy/actor/lib/hoc/test/auto/CatchUpComposite5.xml
----------------- Instantiating /home/travis/build/icyphy/ptII/ptolemy/actor/lib/hoc/test/auto/CatchUpComposite5.xml
11 ms. Memory: 129024K Free: 67721K (52%)
----------------- Invoking toplevel() on ptolemy.moml.MoMLSimpleApplication@7c21f0ce
----------------- Done invoking toplevel() on ptolemy.moml.MoMLSimpleApplication@7c21f0ce
reloadAllAccessors: .CatchUpComposite5

===========================================================================================
----------------- testing Sun Jun 27 17:45:52 UTC 2021 /home/travis/build/icyphy/ptII/ptolemy/actor/lib/hoc/test/auto/CatchUpComposite6.xml
----------------- Instantiating /home/travis/build/icyphy/ptII/ptolemy/actor/lib/hoc/test/auto/CatchUpComposite6.xml
WARNING: The execution aspects in this model can influence the timing of actors by delaying the 
execution, potentially changing the behavior. There is no guarantee that actors fire at the 
time they request to be fired. 
Use Ptides for deterministic DE behavior that is not influenced by execution aspects. 

82 ms. Memory: 129024K Free: 52962K (41%)
----------------- Invoking toplevel() on ptolemy.moml.MoMLSimpleApplication@3e2f9fe6
----------------- Done invoking toplevel() on ptolemy.moml.MoMLSimpleApplication@3e2f9fe6
reloadAllAccessors: .CatchUpComposite6

===========================================================================================
----------------- testing Sun Jun 27 17:45:52 UTC 2021 /home/travis/build/icyphy/ptII/ptolemy/actor/lib/hoc/test/auto/CatchUpComposite7.xml
----------------- Instantiating /home/travis/build/icyphy/ptII/ptolemy/actor/lib/hoc/test/auto/CatchUpComposite7.xml
WARNING: The execution aspects in this model can influence the timing of actors by delaying the 
execution, potentially changing the behavior. There is no guarantee that actors fire at the 
time they request to be fired. 
Use Ptides for deterministic DE behavior that is not influenced by execution aspects. 

34 ms. Memory: 129024K Free: 102636K (80%)
----------------- Invoking toplevel() on ptolemy.moml.MoMLSimpleApplication@4853347e
----------------- Done invoking toplevel() on ptolemy.moml.MoMLSimpleApplication@4853347e
reloadAllAccessors: .CatchUpComposite7

===========================================================================================
----------------- testing Sun Jun 27 17:45:52 UTC 2021 /home/travis/build/icyphy/ptII/ptolemy/actor/lib/hoc/test/auto/ConcurrentExecutionTimeSDF.xml
----------------- Instantiating /home/travis/build/icyphy/ptII/ptolemy/actor/lib/hoc/test/auto/ConcurrentExecutionTimeSDF.xml
Fired ExecutionTime: 40400000
Fired ExecutionTime: 40400000
Fired ExecutionTime: 40400000
Fired ExecutionTime: 40400000
Fired ExecutionTime: 40400000
Fired ExecutionTime: 40400000
Fired ExecutionTime: 40400000
Fired ExecutionTime: 40400000
Fired ExecutionTime: 40400000
Fired ExecutionTime: 40400000
Fired ExecutionTime: 40400000
Fired ExecutionTime: 40400000
Fired ExecutionTime: 40400000
Fired ExecutionTime: 40400000
Fired ExecutionTime: 40400000
Fired ExecutionTime: 40400000
Fired ExecutionTime: 40400000
Fired ExecutionTime: 40400000
Fired ExecutionTime: 40400000
Fired ExecutionTime: 40400000
678 ms. Memory: 129024K Free: 95494K (74%)
----------------- Invoking toplevel() on ptolemy.moml.MoMLSimpleApplication@5dd3e4a1
----------------- Done invoking toplevel() on ptolemy.moml.MoMLSimpleApplication@5dd3e4a1
reloadAllAccessors: .ConcurrentExecutionTimeSDF

===========================================================================================
----------------- testing Sun Jun 27 17:45:53 UTC 2021 /home/travis/build/icyphy/ptII/ptolemy/actor/lib/hoc/test/auto/ConcurrentSleep.xml
----------------- Instantiating /home/travis/build/icyphy/ptII/ptolemy/actor/lib/hoc/test/auto/ConcurrentSleep.xml
726 ms. Memory: 129024K Free: 84728K (66%)
----------------- Invoking toplevel() on ptolemy.moml.MoMLSimpleApplication@529aed
----------------- Done invoking toplevel() on ptolemy.moml.MoMLSimpleApplication@529aed
reloadAllAccessors: .ConcurrentSleep

===========================================================================================
----------------- testing Sun Jun 27 17:45:54 UTC 2021 /home/travis/build/icyphy/ptII/ptolemy/actor/lib/hoc/test/auto/DEInPNInRunCompositeActor.xml
----------------- Instantiating /home/travis/build/icyphy/ptII/ptolemy/actor/lib/hoc/test/auto/DEInPNInRunCompositeActor.xml
11 ms. Memory: 129024K Free: 79109K (61%)
----------------- Invoking toplevel() on ptolemy.moml.MoMLSimpleApplication@4a91410f
----------------- Done invoking toplevel() on ptolemy.moml.MoMLSimpleApplication@4a91410f
reloadAllAccessors: .DEInPNInRunCompositeActor

===========================================================================================
----------------- testing Sun Jun 27 17:45:54 UTC 2021 /home/travis/build/icyphy/ptII/ptolemy/actor/lib/hoc/test/auto/DFTSubSetTest.xml
----------------- Instantiating /home/travis/build/icyphy/ptII/ptolemy/actor/lib/hoc/test/auto/DFTSubSetTest.xml
177 ms. Memory: 155648K Free: 136326K (88%)
----------------- Invoking toplevel() on ptolemy.moml.MoMLSimpleApplication@6b5c34fc
----------------- Done invoking toplevel() on ptolemy.moml.MoMLSimpleApplication@6b5c34fc
reloadAllAccessors: .DFTSubSetTest

===========================================================================================
----------------- testing Sun Jun 27 17:45:54 UTC 2021 /home/travis/build/icyphy/ptII/ptolemy/actor/lib/hoc/test/auto/HocDE.xml
----------------- Instantiating /home/travis/build/icyphy/ptII/ptolemy/actor/lib/hoc/test/auto/HocDE.xml
117 ms. Memory: 155648K Free: 110212K (71%)
----------------- Invoking toplevel() on ptolemy.moml.MoMLSimpleApplication@73455104
----------------- Done invoking toplevel() on ptolemy.moml.MoMLSimpleApplication@73455104
reloadAllAccessors: .HocDE

===========================================================================================
----------------- testing Sun Jun 27 17:45:54 UTC 2021 /home/travis/build/icyphy/ptII/ptolemy/actor/lib/hoc/test/auto/IterateOverArray.xml
----------------- Instantiating /home/travis/build/icyphy/ptII/ptolemy/actor/lib/hoc/test/auto/IterateOverArray.xml
6 ms. Memory: 155648K Free: 105606K (68%)
----------------- Invoking toplevel() on ptolemy.moml.MoMLSimpleApplication@3ac50dcd
----------------- Done invoking toplevel() on ptolemy.moml.MoMLSimpleApplication@3ac50dcd
reloadAllAccessors: .IterateOverArray

===========================================================================================
----------------- testing Sun Jun 27 17:45:54 UTC 2021 /home/travis/build/icyphy/ptII/ptolemy/actor/lib/hoc/test/auto/IterateOverArray10.xml
----------------- Instantiating /home/travis/build/icyphy/ptII/ptolemy/actor/lib/hoc/test/auto/IterateOverArray10.xml
3 ms. Memory: 155648K Free: 102534K (66%)
----------------- Invoking toplevel() on ptolemy.moml.MoMLSimpleApplication@41e0a07c
----------------- Done invoking toplevel() on ptolemy.moml.MoMLSimpleApplication@41e0a07c
reloadAllAccessors: .IterateOverArray10

===========================================================================================
----------------- testing Sun Jun 27 17:45:54 UTC 2021 /home/travis/build/icyphy/ptII/ptolemy/actor/lib/hoc/test/auto/IterateOverArray11.xml
----------------- Instantiating /home/travis/build/icyphy/ptII/ptolemy/actor/lib/hoc/test/auto/IterateOverArray11.xml
3 ms. Memory: 155648K Free: 98438K (63%)
----------------- Invoking toplevel() on ptolemy.moml.MoMLSimpleApplication@7c5eb566
----------------- Done invoking toplevel() on ptolemy.moml.MoMLSimpleApplication@7c5eb566
reloadAllAccessors: .IterateOverArray11

===========================================================================================
----------------- testing Sun Jun 27 17:45:54 UTC 2021 /home/travis/build/icyphy/ptII/ptolemy/actor/lib/hoc/test/auto/IterateOverArray12.xml
----------------- Instantiating /home/travis/build/icyphy/ptII/ptolemy/actor/lib/hoc/test/auto/IterateOverArray12.xml
13 ms. Memory: 155648K Free: 92294K (59%)
----------------- Invoking toplevel() on ptolemy.moml.MoMLSimpleApplication@49a34124
----------------- Done invoking toplevel() on ptolemy.moml.MoMLSimpleApplication@49a34124
reloadAllAccessors: .IterateOverArray12

===========================================================================================
----------------- testing Sun Jun 27 17:45:54 UTC 2021 /home/travis/build/icyphy/ptII/ptolemy/actor/lib/hoc/test/auto/IterateOverArray13.xml
----------------- Instantiating /home/travis/build/icyphy/ptII/ptolemy/actor/lib/hoc/test/auto/IterateOverArray13.xml
57 ms. Memory: 155648K Free: 66694K (43%)
----------------- Invoking toplevel() on ptolemy.moml.MoMLSimpleApplication@4e65c4c8
----------------- Done invoking toplevel() on ptolemy.moml.MoMLSimpleApplication@4e65c4c8
reloadAllAccessors: .IterateOverArray13

===========================================================================================
----------------- testing Sun Jun 27 17:45:54 UTC 2021 /home/travis/build/icyphy/ptII/ptolemy/actor/lib/hoc/test/auto/IterateOverArray14.xml
----------------- Instantiating /home/travis/build/icyphy/ptII/ptolemy/actor/lib/hoc/test/auto/IterateOverArray14.xml
56 ms. Memory: 155648K Free: 118154K (76%)
----------------- Invoking toplevel() on ptolemy.moml.MoMLSimpleApplication@60ce26c7
----------------- Done invoking toplevel() on ptolemy.moml.MoMLSimpleApplication@60ce26c7
reloadAllAccessors: .IterateOverArray14

===========================================================================================
----------------- testing Sun Jun 27 17:45:54 UTC 2021 /home/travis/build/icyphy/ptII/ptolemy/actor/lib/hoc/test/auto/IterateOverArray2.xml
----------------- Instantiating /home/travis/build/icyphy/ptII/ptolemy/actor/lib/hoc/test/auto/IterateOverArray2.xml
7 ms. Memory: 155648K Free: 113544K (73%)
----------------- Invoking toplevel() on ptolemy.moml.MoMLSimpleApplication@48c8bab5
----------------- Done invoking toplevel() on ptolemy.moml.MoMLSimpleApplication@48c8bab5
reloadAllAccessors: .IterateOverArray2

===========================================================================================
----------------- testing Sun Jun 27 17:45:54 UTC 2021 /home/travis/build/icyphy/ptII/ptolemy/actor/lib/hoc/test/auto/IterateOverArray3.xml
----------------- Instantiating /home/travis/build/icyphy/ptII/ptolemy/actor/lib/hoc/test/auto/IterateOverArray3.xml
16 ms. Memory: 155648K Free: 107400K (69%)
----------------- Invoking toplevel() on ptolemy.moml.MoMLSimpleApplication@3588153
----------------- Done invoking toplevel() on ptolemy.moml.MoMLSimpleApplication@3588153
reloadAllAccessors: .IterateOverArray3

===========================================================================================
----------------- testing Sun Jun 27 17:45:55 UTC 2021 /home/travis/build/icyphy/ptII/ptolemy/actor/lib/hoc/test/auto/IterateOverArray4.xml
----------------- Instantiating /home/travis/build/icyphy/ptII/ptolemy/actor/lib/hoc/test/auto/IterateOverArray4.xml
4 ms. Memory: 155648K Free: 103304K (66%)
----------------- Invoking toplevel() on ptolemy.moml.MoMLSimpleApplication@6518e374
----------------- Done invoking toplevel() on ptolemy.moml.MoMLSimpleApplication@6518e374
reloadAllAccessors: .IterateOverArray4

===========================================================================================
----------------- testing Sun Jun 27 17:45:55 UTC 2021 /home/travis/build/icyphy/ptII/ptolemy/actor/lib/hoc/test/auto/IterateOverArray5.xml
----------------- Instantiating /home/travis/build/icyphy/ptII/ptolemy/actor/lib/hoc/test/auto/IterateOverArray5.xml
6 ms. Memory: 155648K Free: 99208K (64%)
----------------- Invoking toplevel() on ptolemy.moml.MoMLSimpleApplication@103c2744
----------------- Done invoking toplevel() on ptolemy.moml.MoMLSimpleApplication@103c2744
reloadAllAccessors: .IterateOverArray5

===========================================================================================
----------------- testing Sun Jun 27 17:45:55 UTC 2021 /home/travis/build/icyphy/ptII/ptolemy/actor/lib/hoc/test/auto/IterateOverArray6.xml
----------------- Instantiating /home/travis/build/icyphy/ptII/ptolemy/actor/lib/hoc/test/auto/IterateOverArray6.xml
2 ms. Memory: 155648K Free: 95626K (61%)
----------------- Invoking toplevel() on ptolemy.moml.MoMLSimpleApplication@49c6a276
----------------- Done invoking toplevel() on ptolemy.moml.MoMLSimpleApplication@49c6a276
reloadAllAccessors: .IterateOverArray6

===========================================================================================
----------------- testing Sun Jun 27 17:45:55 UTC 2021 /home/travis/build/icyphy/ptII/ptolemy/actor/lib/hoc/test/auto/IterateOverArray7.xml
----------------- Instantiating /home/travis/build/icyphy/ptII/ptolemy/actor/lib/hoc/test/auto/IterateOverArray7.xml
3 ms. Memory: 155648K Free: 91016K (58%)
----------------- Invoking toplevel() on ptolemy.moml.MoMLSimpleApplication@536ebfab
----------------- Done invoking toplevel() on ptolemy.moml.MoMLSimpleApplication@536ebfab
reloadAllAccessors: .IterateOverArray7

===========================================================================================
----------------- testing Sun Jun 27 17:45:55 UTC 2021 /home/travis/build/icyphy/ptII/ptolemy/actor/lib/hoc/test/auto/IterateOverArray8.xml
----------------- Instantiating /home/travis/build/icyphy/ptII/ptolemy/actor/lib/hoc/test/auto/IterateOverArray8.xml
8 ms. Memory: 155648K Free: 86920K (56%)
----------------- Invoking toplevel() on ptolemy.moml.MoMLSimpleApplication@13623f75
----------------- Done invoking toplevel() on ptolemy.moml.MoMLSimpleApplication@13623f75
reloadAllAccessors: .IterateOverArray8

===========================================================================================
----------------- testing Sun Jun 27 17:45:55 UTC 2021 /home/travis/build/icyphy/ptII/ptolemy/actor/lib/hoc/test/auto/IterateOverArray9.xml
----------------- Instantiating /home/travis/build/icyphy/ptII/ptolemy/actor/lib/hoc/test/auto/IterateOverArray9.xml
6 ms. Memory: 155648K Free: 82824K (53%)
----------------- Invoking toplevel() on ptolemy.moml.MoMLSimpleApplication@27c67024
----------------- Done invoking toplevel() on ptolemy.moml.MoMLSimpleApplication@27c67024
reloadAllAccessors: .IterateOverArray9

===========================================================================================
----------------- testing Sun Jun 27 17:45:55 UTC 2021 /home/travis/build/icyphy/ptII/ptolemy/actor/lib/hoc/test/auto/IterateOverArrayCoercedOutputType.xml
----------------- Instantiating /home/travis/build/icyphy/ptII/ptolemy/actor/lib/hoc/test/auto/IterateOverArrayCoercedOutputType.xml
7 ms. Memory: 155648K Free: 77704K (50%)
----------------- Invoking toplevel() on ptolemy.moml.MoMLSimpleApplication@ac5375c
----------------- Done invoking toplevel() on ptolemy.moml.MoMLSimpleApplication@ac5375c
reloadAllAccessors: .IterateOverArrayCoercedOutputType

===========================================================================================
----------------- testing Sun Jun 27 17:45:55 UTC 2021 /home/travis/build/icyphy/ptII/ptolemy/actor/lib/hoc/test/auto/IterateOverArrayInferredOutputType.xml
----------------- Instantiating /home/travis/build/icyphy/ptII/ptolemy/actor/lib/hoc/test/auto/IterateOverArrayInferredOutputType.xml
6 ms. Memory: 155648K Free: 73098K (47%)
----------------- Invoking toplevel() on ptolemy.moml.MoMLSimpleApplication@239d718
----------------- Done invoking toplevel() on ptolemy.moml.MoMLSimpleApplication@239d718
reloadAllAccessors: .IterateOverArrayInferredOutputType

===========================================================================================
----------------- testing Sun Jun 27 17:45:55 UTC 2021 /home/travis/build/icyphy/ptII/ptolemy/actor/lib/hoc/test/auto/MobileFunctionTest.xml
----------------- Instantiating /home/travis/build/icyphy/ptII/ptolemy/actor/lib/hoc/test/auto/MobileFunctionTest.xml
3 ms. Memory: 155648K Free: 69002K (44%)
----------------- Invoking toplevel() on ptolemy.moml.MoMLSimpleApplication@17ddee27
----------------- Done invoking toplevel() on ptolemy.moml.MoMLSimpleApplication@17ddee27
reloadAllAccessors: .MobileFunctionTest

===========================================================================================
----------------- testing Sun Jun 27 17:45:55 UTC 2021 /home/travis/build/icyphy/ptII/ptolemy/actor/lib/hoc/test/auto/MobileModelTest.xml
----------------- Instantiating /home/travis/build/icyphy/ptII/ptolemy/actor/lib/hoc/test/auto/MobileModelTest.xml
145 ms. Memory: 155648K Free: 138296K (89%)
----------------- Invoking toplevel() on ptolemy.moml.MoMLSimpleApplication@462207f0
----------------- Done invoking toplevel() on ptolemy.moml.MoMLSimpleApplication@462207f0
reloadAllAccessors: .MobileModelTest

===========================================================================================
----------------- testing Sun Jun 27 17:45:55 UTC 2021 /home/travis/build/icyphy/ptII/ptolemy/actor/lib/hoc/test/auto/ModelReference.xml
----------------- Instantiating /home/travis/build/icyphy/ptII/ptolemy/actor/lib/hoc/test/auto/ModelReference.xml
1 ms. Memory: 155648K Free: 131640K (85%)
4 ms. Memory: 155648K Free: 131067K (84%)
1 ms. Memory: 155648K Free: 130035K (84%)
1 ms. Memory: 155648K Free: 129019K (83%)
2 ms. Memory: 155648K Free: 128544K (83%)
1 ms. Memory: 155648K Free: 127550K (82%)
2 ms. Memory: 155648K Free: 126971K (82%)
3 ms. Memory: 155648K Free: 125939K (81%)
3 ms. Memory: 155648K Free: 124923K (80%)
1 ms. Memory: 155648K Free: 124448K (80%)
28 ms. Memory: 155648K Free: 124448K (80%)
----------------- Invoking toplevel() on ptolemy.moml.MoMLSimpleApplication@32969c12
----------------- Done invoking toplevel() on ptolemy.moml.MoMLSimpleApplication@32969c12
reloadAllAccessors: .ModelReference

===========================================================================================
----------------- testing Sun Jun 27 17:45:55 UTC 2021 /home/travis/build/icyphy/ptII/ptolemy/actor/lib/hoc/test/auto/ModelReference3.xml
----------------- Instantiating /home/travis/build/icyphy/ptII/ptolemy/actor/lib/hoc/test/auto/ModelReference3.xml
1 ms. Memory: 155648K Free: 119344K (77%)
3 ms. Memory: 155648K Free: 118771K (76%)
1 ms. Memory: 155648K Free: 117747K (76%)
3 ms. Memory: 155648K Free: 117296K (75%)
1 ms. Memory: 155648K Free: 116270K (75%)
1 ms. Memory: 155648K Free: 115256K (74%)
2 ms. Memory: 155648K Free: 114699K (74%)
1 ms. Memory: 155648K Free: 113675K (73%)
2 ms. Memory: 155648K Free: 113208K (73%)
2 ms. Memory: 155648K Free: 112192K (72%)
24 ms. Memory: 155648K Free: 112192K (72%)
----------------- Invoking toplevel() on ptolemy.moml.MoMLSimpleApplication@16f0cec7
----------------- Done invoking toplevel() on ptolemy.moml.MoMLSimpleApplication@16f0cec7
reloadAllAccessors: .ModelReference3

===========================================================================================
----------------- testing Sun Jun 27 17:45:55 UTC 2021 /home/travis/build/icyphy/ptII/ptolemy/actor/lib/hoc/test/auto/ModelReference4.xml
----------------- Instantiating /home/travis/build/icyphy/ptII/ptolemy/actor/lib/hoc/test/auto/ModelReference4.xml
1 ms. Memory: 155648K Free: 107515K (69%)
6 ms. Memory: 155648K Free: 106000K (68%)
2 ms. Memory: 155648K Free: 104998K (67%)
3 ms. Memory: 155648K Free: 103427K (66%)
2 ms. Memory: 155648K Free: 102395K (66%)
3 ms. Memory: 155648K Free: 101393K (65%)
2 ms. Memory: 155648K Free: 99856K (64%)
2 ms. Memory: 155648K Free: 98854K (64%)
1 ms. Memory: 155648K Free: 97283K (63%)
3 ms. Memory: 155648K Free: 96251K (62%)
10015 ms. Memory: 155648K Free: 96251K (62%)
----------------- Invoking toplevel() on ptolemy.moml.MoMLSimpleApplication@1a9b3e84
----------------- Done invoking toplevel() on ptolemy.moml.MoMLSimpleApplication@1a9b3e84
reloadAllAccessors: .ModelReference4

===========================================================================================
----------------- testing Sun Jun 27 17:46:05 UTC 2021 /home/travis/build/icyphy/ptII/ptolemy/actor/lib/hoc/test/auto/MultiInstanceComposite.xml
----------------- Instantiating /home/travis/build/icyphy/ptII/ptolemy/actor/lib/hoc/test/auto/MultiInstanceComposite.xml
30 ms. Memory: 155648K Free: 77368K (50%)
----------------- Invoking toplevel() on ptolemy.moml.MoMLSimpleApplication@511a673d
----------------- Done invoking toplevel() on ptolemy.moml.MoMLSimpleApplication@511a673d
reloadAllAccessors: .MultiInstanceComposite

===========================================================================================
----------------- testing Sun Jun 27 17:46:05 UTC 2021 /home/travis/build/icyphy/ptII/ptolemy/actor/lib/hoc/test/auto/MultiInstanceComposite2.xml
----------------- Instantiating /home/travis/build/icyphy/ptII/ptolemy/actor/lib/hoc/test/auto/MultiInstanceComposite2.xml
13 ms. Memory: 155648K Free: 66104K (42%)
----------------- Invoking toplevel() on ptolemy.moml.MoMLSimpleApplication@5f5b58a2
----------------- Done invoking toplevel() on ptolemy.moml.MoMLSimpleApplication@5f5b58a2
reloadAllAccessors: .MultiInstanceComposite2

===========================================================================================
----------------- testing Sun Jun 27 17:46:05 UTC 2021 /home/travis/build/icyphy/ptII/ptolemy/actor/lib/hoc/test/auto/MulticoreExecution.xml
----------------- Instantiating /home/travis/build/icyphy/ptII/ptolemy/actor/lib/hoc/test/auto/MulticoreExecution.xml
Fired ExecutionTime: 43200000
Fired ExecutionTime: 111600000
Fired ExecutionTime: 57600000
Fired ExecutionTime: 113200000
Fired ExecutionTime: 73200000
Fired ExecutionTime: 86800000
Fired ExecutionTime: 109600000
Fired ExecutionTime: 110000000
Fired ExecutionTime: 104000000
Fired ExecutionTime: 101600000
Fired ExecutionTime: 112800000
Fired ExecutionTime: 112800000
Fired ExecutionTime: 114000000
Fired ExecutionTime: 114400000
Fired ExecutionTime: 114000000
Fired ExecutionTime: 114000000
Fired ExecutionTime: 114000000
Fired ExecutionTime: 114000000
Fired ExecutionTime: 110800000
Fired ExecutionTime: 111600000
1060 ms. Memory: 155648K Free: 57821K (37%)
----------------- Invoking toplevel() on ptolemy.moml.MoMLSimpleApplication@b4232cb
----------------- Done invoking toplevel() on ptolemy.moml.MoMLSimpleApplication@b4232cb
reloadAllAccessors: .MulticoreExecution

===========================================================================================
----------------- testing Sun Jun 27 17:46:06 UTC 2021 /home/travis/build/icyphy/ptII/ptolemy/actor/lib/hoc/test/auto/ParallelExecution.xml
----------------- Instantiating /home/travis/build/icyphy/ptII/ptolemy/actor/lib/hoc/test/auto/ParallelExecution.xml
916 ms. Memory: 155648K Free: 50653K (33%)
----------------- Invoking toplevel() on ptolemy.moml.MoMLSimpleApplication@d86793e
----------------- Done invoking toplevel() on ptolemy.moml.MoMLSimpleApplication@d86793e
reloadAllAccessors: .ParallelExecution

===========================================================================================
----------------- testing Sun Jun 27 17:46:07 UTC 2021 /home/travis/build/icyphy/ptII/ptolemy/actor/lib/hoc/test/auto/RunCompositeActor.xml
----------------- Instantiating /home/travis/build/icyphy/ptII/ptolemy/actor/lib/hoc/test/auto/RunCompositeActor.xml
7 ms. Memory: 155648K Free: 134014K (86%)
----------------- Invoking toplevel() on ptolemy.moml.MoMLSimpleApplication@725a4323
----------------- Done invoking toplevel() on ptolemy.moml.MoMLSimpleApplication@725a4323
reloadAllAccessors: .RunCompositeActor

===========================================================================================
----------------- testing Sun Jun 27 17:46:07 UTC 2021 /home/travis/build/icyphy/ptII/ptolemy/actor/lib/hoc/test/auto/RunCompositeActor2.xml
----------------- Instantiating /home/travis/build/icyphy/ptII/ptolemy/actor/lib/hoc/test/auto/RunCompositeActor2.xml
3 ms. Memory: 155648K Free: 127870K (82%)
----------------- Invoking toplevel() on ptolemy.moml.MoMLSimpleApplication@61b6d02
----------------- Done invoking toplevel() on ptolemy.moml.MoMLSimpleApplication@61b6d02
reloadAllAccessors: .RunCompositeActor2

===========================================================================================
----------------- testing Sun Jun 27 17:46:07 UTC 2021 /home/travis/build/icyphy/ptII/ptolemy/actor/lib/hoc/test/auto/RunCompositeActor3.xml
----------------- Instantiating /home/travis/build/icyphy/ptII/ptolemy/actor/lib/hoc/test/auto/RunCompositeActor3.xml
3 ms. Memory: 155648K Free: 122236K (79%)
----------------- Invoking toplevel() on ptolemy.moml.MoMLSimpleApplication@576fddf
----------------- Done invoking toplevel() on ptolemy.moml.MoMLSimpleApplication@576fddf
reloadAllAccessors: .RunCompositeActor3

===========================================================================================
----------------- testing Sun Jun 27 17:46:07 UTC 2021 /home/travis/build/icyphy/ptII/ptolemy/actor/lib/hoc/test/auto/RunCompositeActor4.xml
----------------- Instantiating /home/travis/build/icyphy/ptII/ptolemy/actor/lib/hoc/test/auto/RunCompositeActor4.xml
8 ms. Memory: 155648K Free: 114044K (73%)
----------------- Invoking toplevel() on ptolemy.moml.MoMLSimpleApplication@35f47cec
----------------- Done invoking toplevel() on ptolemy.moml.MoMLSimpleApplication@35f47cec
reloadAllAccessors: .RunCompositeActor4

===========================================================================================
----------------- testing Sun Jun 27 17:46:07 UTC 2021 /home/travis/build/icyphy/ptII/ptolemy/actor/lib/hoc/test/auto/RunCompositeIterateOverArray.xml
----------------- Instantiating /home/travis/build/icyphy/ptII/ptolemy/actor/lib/hoc/test/auto/RunCompositeIterateOverArray.xml
4 ms. Memory: 155648K Free: 107900K (69%)
----------------- Invoking toplevel() on ptolemy.moml.MoMLSimpleApplication@5083e701
----------------- Done invoking toplevel() on ptolemy.moml.MoMLSimpleApplication@5083e701
reloadAllAccessors: .RunCompositeIterateOverArray

===========================================================================================
----------------- testing Sun Jun 27 17:46:07 UTC 2021 /home/travis/build/icyphy/ptII/ptolemy/actor/lib/hoc/test/auto/ThreadedJS.xml
----------------- Instantiating /home/travis/build/icyphy/ptII/ptolemy/actor/lib/hoc/test/auto/ThreadedJS.xml
4909 ms. Memory: 225280K Free: 123902K (55%)
----------------- Invoking toplevel() on ptolemy.moml.MoMLSimpleApplication@656d017a
----------------- Done invoking toplevel() on ptolemy.moml.MoMLSimpleApplication@656d017a
reloadAllAccessors: .ThreadedJS
AutoTests.java: About to close Vertx.
AutoTests.java: Vertx closed.
]]></system-out>
  <system-err><![CDATA[java.lang.RuntimeException: Execution failed
	at ptolemy.moml.MoMLSimpleApplication$UnloadThread.run(MoMLSimpleApplication.java:402)
Caused by: ptolemy.kernel.util.IllegalActionException: initialize() was called after wrapup() was called but preinitialize() was not called after wrapup().
	at ptolemy.actor.lib.hoc.test.PreinitializeMustBeInvoked.initialize(PreinitializeMustBeInvoked.java:78)
	at ptolemy.actor.Director.initialize(Director.java:938)
	at ptolemy.actor.Director.initialize(Director.java:907)
	at ptolemy.actor.sched.StaticSchedulingDirector.initialize(StaticSchedulingDirector.java:159)
	at ptolemy.domains.sdf.kernel.SDFDirector.initialize(SDFDirector.java:544)
	at ptolemy.actor.CompositeActor.initialize(CompositeActor.java:935)
	at ptolemy.actor.lib.hoc.LifeCycleManager._executeInsideModel(LifeCycleManager.java:339)
	at ptolemy.actor.lib.hoc.RunCompositeActor.fire(RunCompositeActor.java:205)
	at ptolemy.actor.CompositeActor.iterate(CompositeActor.java:1146)
	at ptolemy.actor.sched.StaticSchedulingDirector.fire(StaticSchedulingDirector.java:216)
	at ptolemy.domains.sdf.kernel.SDFDirector.fire(SDFDirector.java:500)
	at ptolemy.actor.CompositeActor.fire(CompositeActor.java:455)
	at ptolemy.actor.Manager.iterate(Manager.java:851)
	at ptolemy.actor.Manager.execute(Manager.java:369)
	at ptolemy.actor.Manager.run(Manager.java:1263)
	at ptolemy.actor.Manager$PtolemyRunThread.run(Manager.java:1933)
java.lang.reflect.InvocationTargetException
	at java.base/jdk.internal.reflect.NativeConstructorAccessorImpl.newInstance0(Native Method)
	at java.base/jdk.internal.reflect.NativeConstructorAccessorImpl.newInstance(NativeConstructorAccessorImpl.java:62)
	at java.base/jdk.internal.reflect.DelegatingConstructorAccessorImpl.newInstance(DelegatingConstructorAccessorImpl.java:45)
	at java.base/java.lang.reflect.Constructor.newInstance(Constructor.java:490)
	at ptolemy.util.test.junit.AutoKnownFailedTests.RunModel(AutoKnownFailedTests.java:105)
	at java.base/jdk.internal.reflect.NativeMethodAccessorImpl.invoke0(Native Method)
	at java.base/jdk.internal.reflect.NativeMethodAccessorImpl.invoke(NativeMethodAccessorImpl.java:62)
	at java.base/jdk.internal.reflect.DelegatingMethodAccessorImpl.invoke(DelegatingMethodAccessorImpl.java:43)
	at java.base/java.lang.reflect.Method.invoke(Method.java:566)
	at org.junit.runners.model.FrameworkMethod$1.runReflectiveCall(FrameworkMethod.java:44)
	at org.junit.internal.runners.model.ReflectiveCallable.run(ReflectiveCallable.java:15)
	at org.junit.runners.model.FrameworkMethod.invokeExplosively(FrameworkMethod.java:41)
	at junitparams.internal.InvokeParameterisedMethod.evaluate(InvokeParameterisedMethod.java:102)
	at org.junit.internal.runners.statements.FailOnTimeout$1.run(FailOnTimeout.java:28)
Caused by: ptolemy.kernel.util.IllegalActionException: initialize() was called after wrapup() was called but preinitialize() was not called after wrapup().
	at ptolemy.actor.lib.hoc.test.PreinitializeMustBeInvoked.initialize(PreinitializeMustBeInvoked.java:78)
	at ptolemy.actor.Director.initialize(Director.java:938)
	at ptolemy.actor.Director.initialize(Director.java:907)
	at ptolemy.actor.sched.StaticSchedulingDirector.initialize(StaticSchedulingDirector.java:159)
	at ptolemy.domains.sdf.kernel.SDFDirector.initialize(SDFDirector.java:544)
	at ptolemy.actor.CompositeActor.initialize(CompositeActor.java:935)
	at ptolemy.actor.lib.hoc.LifeCycleManager._executeInsideModel(LifeCycleManager.java:339)
	at ptolemy.actor.lib.hoc.RunCompositeActor.fire(RunCompositeActor.java:205)
	at ptolemy.actor.CompositeActor.iterate(CompositeActor.java:1146)
	at ptolemy.actor.sched.StaticSchedulingDirector.fire(StaticSchedulingDirector.java:216)
	at ptolemy.domains.sdf.kernel.SDFDirector.fire(SDFDirector.java:500)
	at ptolemy.actor.CompositeActor.fire(CompositeActor.java:455)
	at ptolemy.actor.Manager.iterate(Manager.java:851)
	at ptolemy.actor.Manager.execute(Manager.java:369)
	at ptolemy.actor.Manager.run(Manager.java:1263)
	at ptolemy.actor.Manager$PtolemyRunThread.run(Manager.java:1933)
Warning: Nashorn engine is planned to be removed from a future JDK release
Warning: Nashorn engine is planned to be removed from a future JDK release
Warning: Nashorn engine is planned to be removed from a future JDK release
Warning: Nashorn engine is planned to be removed from a future JDK release
Warning: Nashorn engine is planned to be removed from a future JDK release
Warning: Nashorn engine is planned to be removed from a future JDK release
Warning: Nashorn engine is planned to be removed from a future JDK release
Warning: Nashorn engine is planned to be removed from a future JDK release
]]></system-err>
</testsuite>
