<?xml version="1.0" encoding="UTF-8" ?>
<testsuite errors="0" failures="0" hostname="travis-job-9e730cf3-104e-4b45-8744-f6437cf1ca9f" name="ptolemy.domains.modal.test.junit.JUnitTclTest" skipped="0" tests="148" time="10.865" timestamp="2020-02-09T06:58:09">
  <properties>
[...]
</properties>
  <testcase classname="ptolemy.util.test.junit.TclTests" name="[0] /home/travis/build/icyphy/ptII/ptolemy/domains/modal/test/SystemLevelType.tcl (RunTclFile)" time="2.002" />
  <testcase classname="ptolemy.util.test.junit.AutoKnownFailedTests" name="[0] /home/travis/build/icyphy/ptII/ptolemy/domains/modal/test/auto/knownFailedTests/CannotAnalysisWithPreemption.xml (RunModel)" time="0.258" />
  <testcase classname="ptolemy.util.test.junit.AutoNameArchTests" name="[0] ThereAreNoAutoArchTests (RunModel)" time="0.001" />
  <testcase classname="ptolemy.util.test.junit.AutoTests" name="[0] /home/travis/build/icyphy/ptII/ptolemy/domains/modal/test/auto/ABPTest.xml (RunModel)" time="0.851" />
  <testcase classname="ptolemy.util.test.junit.AutoTests" name="[1] /home/travis/build/icyphy/ptII/ptolemy/domains/modal/test/auto/ABROFlat.xml (RunModel)" time="0.084" />
  <testcase classname="ptolemy.util.test.junit.AutoTests" name="[2] /home/travis/build/icyphy/ptII/ptolemy/domains/modal/test/auto/ABROFlat2.xml (RunModel)" time="0.073" />
  <testcase classname="ptolemy.util.test.junit.AutoTests" name="[3] /home/travis/build/icyphy/ptII/ptolemy/domains/modal/test/auto/ABRO_present_hmm.xml (RunModel)" time="0.161" />
  <testcase classname="ptolemy.util.test.junit.AutoTests" name="[4] /home/travis/build/icyphy/ptII/ptolemy/domains/modal/test/auto/AMICoderExample.xml (RunModel)" time="0.078" />
  <testcase classname="ptolemy.util.test.junit.AutoTests" name="[5] /home/travis/build/icyphy/ptII/ptolemy/domains/modal/test/auto/AbsentToPresent.xml (RunModel)" time="0.025" />
  <testcase classname="ptolemy.util.test.junit.AutoTests" name="[6] /home/travis/build/icyphy/ptII/ptolemy/domains/modal/test/auto/Blending.xml (RunModel)" time="0.299" />
  <testcase classname="ptolemy.util.test.junit.AutoTests" name="[7] /home/travis/build/icyphy/ptII/ptolemy/domains/modal/test/auto/Broadcast.xml (RunModel)" time="0.043" />
  <testcase classname="ptolemy.util.test.junit.AutoTests" name="[8] /home/travis/build/icyphy/ptII/ptolemy/domains/modal/test/auto/BroadcastHierarchy.xml (RunModel)" time="0.065" />
  <testcase classname="ptolemy.util.test.junit.AutoTests" name="[9] /home/travis/build/icyphy/ptII/ptolemy/domains/modal/test/auto/BroadcastHierarchy2.xml (RunModel)" time="0.147" />
  <testcase classname="ptolemy.util.test.junit.AutoTests" name="[10] /home/travis/build/icyphy/ptII/ptolemy/domains/modal/test/auto/BroadcastHierarchy3.xml (RunModel)" time="0.077" />
  <testcase classname="ptolemy.util.test.junit.AutoTests" name="[11] /home/travis/build/icyphy/ptII/ptolemy/domains/modal/test/auto/BroadcastHierarchy4.xml (RunModel)" time="0.083" />
  <testcase classname="ptolemy.util.test.junit.AutoTests" name="[12] /home/travis/build/icyphy/ptII/ptolemy/domains/modal/test/auto/CannotAnalysisWithPreemption2.xml (RunModel)" time="0.03" />
  <testcase classname="ptolemy.util.test.junit.AutoTests" name="[13] /home/travis/build/icyphy/ptII/ptolemy/domains/modal/test/auto/CannotAnalysisWithPreemption3.xml (RunModel)" time="0.032" />
  <testcase classname="ptolemy.util.test.junit.AutoTests" name="[14] /home/travis/build/icyphy/ptII/ptolemy/domains/modal/test/auto/CannotProduce.xml (RunModel)" time="0.025" />
  <testcase classname="ptolemy.util.test.junit.AutoTests" name="[15] /home/travis/build/icyphy/ptII/ptolemy/domains/modal/test/auto/CannotProduceModal.xml (RunModel)" time="0.032" />
  <testcase classname="ptolemy.util.test.junit.AutoTests" name="[16] /home/travis/build/icyphy/ptII/ptolemy/domains/modal/test/auto/Case.xml (RunModel)" time="0.072" />
  <testcase classname="ptolemy.util.test.junit.AutoTests" name="[17] /home/travis/build/icyphy/ptII/ptolemy/domains/modal/test/auto/Case1.xml (RunModel)" time="0.035" />
  <testcase classname="ptolemy.util.test.junit.AutoTests" name="[18] /home/travis/build/icyphy/ptII/ptolemy/domains/modal/test/auto/Case2.xml (RunModel)" time="0.058" />
  <testcase classname="ptolemy.util.test.junit.AutoTests" name="[19] /home/travis/build/icyphy/ptII/ptolemy/domains/modal/test/auto/CausalityInterface1.xml (RunModel)" time="0.029" />
  <testcase classname="ptolemy.util.test.junit.AutoTests" name="[20] /home/travis/build/icyphy/ptII/ptolemy/domains/modal/test/auto/CausalityInterface10.xml (RunModel)" time="0.065" />
  <testcase classname="ptolemy.util.test.junit.AutoTests" name="[21] /home/travis/build/icyphy/ptII/ptolemy/domains/modal/test/auto/CausalityInterface11.xml (RunModel)" time="0.061" />
  <testcase classname="ptolemy.util.test.junit.AutoTests" name="[22] /home/travis/build/icyphy/ptII/ptolemy/domains/modal/test/auto/CausalityInterface12.xml (RunModel)" time="0.046" />
  <testcase classname="ptolemy.util.test.junit.AutoTests" name="[23] /home/travis/build/icyphy/ptII/ptolemy/domains/modal/test/auto/CausalityInterface13.xml (RunModel)" time="0.064" />
  <testcase classname="ptolemy.util.test.junit.AutoTests" name="[24] /home/travis/build/icyphy/ptII/ptolemy/domains/modal/test/auto/CausalityInterface14.xml (RunModel)" time="0.054" />
  <testcase classname="ptolemy.util.test.junit.AutoTests" name="[25] /home/travis/build/icyphy/ptII/ptolemy/domains/modal/test/auto/CausalityInterface2.xml (RunModel)" time="0.024" />
  <testcase classname="ptolemy.util.test.junit.AutoTests" name="[26] /home/travis/build/icyphy/ptII/ptolemy/domains/modal/test/auto/CausalityInterface3.xml (RunModel)" time="0.025" />
  <testcase classname="ptolemy.util.test.junit.AutoTests" name="[27] /home/travis/build/icyphy/ptII/ptolemy/domains/modal/test/auto/CausalityInterface4.xml (RunModel)" time="0.026" />
  <testcase classname="ptolemy.util.test.junit.AutoTests" name="[28] /home/travis/build/icyphy/ptII/ptolemy/domains/modal/test/auto/CausalityInterface5.xml (RunModel)" time="0.031" />
  <testcase classname="ptolemy.util.test.junit.AutoTests" name="[29] /home/travis/build/icyphy/ptII/ptolemy/domains/modal/test/auto/CausalityInterface6.xml (RunModel)" time="0.033" />
  <testcase classname="ptolemy.util.test.junit.AutoTests" name="[30] /home/travis/build/icyphy/ptII/ptolemy/domains/modal/test/auto/CausalityInterface7.xml (RunModel)" time="0.037" />
  <testcase classname="ptolemy.util.test.junit.AutoTests" name="[31] /home/travis/build/icyphy/ptII/ptolemy/domains/modal/test/auto/CausalityInterface8.xml (RunModel)" time="0.051" />
  <testcase classname="ptolemy.util.test.junit.AutoTests" name="[32] /home/travis/build/icyphy/ptII/ptolemy/domains/modal/test/auto/CausalityInterface9.xml (RunModel)" time="0.041" />
  <testcase classname="ptolemy.util.test.junit.AutoTests" name="[33] /home/travis/build/icyphy/ptII/ptolemy/domains/modal/test/auto/ChainedTransitions.xml (RunModel)" time="0.145" />
  <testcase classname="ptolemy.util.test.junit.AutoTests" name="[34] /home/travis/build/icyphy/ptII/ptolemy/domains/modal/test/auto/CycleOfImmediateTransitionsFSM.xml (RunModel)" time="0.019" />
  <testcase classname="ptolemy.util.test.junit.AutoTests" name="[35] /home/travis/build/icyphy/ptII/ptolemy/domains/modal/test/auto/CycleOfImmediateTransitionsModal.xml (RunModel)" time="0.027" />
  <testcase classname="ptolemy.util.test.junit.AutoTests" name="[36] /home/travis/build/icyphy/ptII/ptolemy/domains/modal/test/auto/CycleOfImmediateTransitionsModal2.xml (RunModel)" time="0.034" />
  <testcase classname="ptolemy.util.test.junit.AutoTests" name="[37] /home/travis/build/icyphy/ptII/ptolemy/domains/modal/test/auto/CycleOfImmediateTransitionsModal3.xml (RunModel)" time="0.082" />
  <testcase classname="ptolemy.util.test.junit.AutoTests" name="[38] /home/travis/build/icyphy/ptII/ptolemy/domains/modal/test/auto/DeepModal1.xml (RunModel)" time="0.069" />
  <testcase classname="ptolemy.util.test.junit.AutoTests" name="[39] /home/travis/build/icyphy/ptII/ptolemy/domains/modal/test/auto/DeepModal2.xml (RunModel)" time="0.08" />
  <testcase classname="ptolemy.util.test.junit.AutoTests" name="[40] /home/travis/build/icyphy/ptII/ptolemy/domains/modal/test/auto/DeepModal3.xml (RunModel)" time="0.074" />
  <testcase classname="ptolemy.util.test.junit.AutoTests" name="[41] /home/travis/build/icyphy/ptII/ptolemy/domains/modal/test/auto/DeepModal4.xml (RunModel)" time="0.073" />
  <testcase classname="ptolemy.util.test.junit.AutoTests" name="[42] /home/travis/build/icyphy/ptII/ptolemy/domains/modal/test/auto/Default1.xml (RunModel)" time="0.023" />
  <testcase classname="ptolemy.util.test.junit.AutoTests" name="[43] /home/travis/build/icyphy/ptII/ptolemy/domains/modal/test/auto/Default2.xml (RunModel)" time="0.021" />
  <testcase classname="ptolemy.util.test.junit.AutoTests" name="[44] /home/travis/build/icyphy/ptII/ptolemy/domains/modal/test/auto/Default3.xml (RunModel)" time="0.019" />
  <testcase classname="ptolemy.util.test.junit.AutoTests" name="[45] /home/travis/build/icyphy/ptII/ptolemy/domains/modal/test/auto/Default4.xml (RunModel)" time="0.014" />
  <testcase classname="ptolemy.util.test.junit.AutoTests" name="[46] /home/travis/build/icyphy/ptII/ptolemy/domains/modal/test/auto/Default5.xml (RunModel)" time="0.021" />
  <testcase classname="ptolemy.util.test.junit.AutoTests" name="[47] /home/travis/build/icyphy/ptII/ptolemy/domains/modal/test/auto/EmptyGuard.xml (RunModel)" time="0.035" />
  <testcase classname="ptolemy.util.test.junit.AutoTests" name="[48] /home/travis/build/icyphy/ptII/ptolemy/domains/modal/test/auto/ErrorTransition1.xml (RunModel)" time="0.034" />
  <testcase classname="ptolemy.util.test.junit.AutoTests" name="[49] /home/travis/build/icyphy/ptII/ptolemy/domains/modal/test/auto/ErrorTransition10.xml (RunModel)" time="0.039" />
  <testcase classname="ptolemy.util.test.junit.AutoTests" name="[50] /home/travis/build/icyphy/ptII/ptolemy/domains/modal/test/auto/ErrorTransition11.xml (RunModel)" time="0.048" />
  <testcase classname="ptolemy.util.test.junit.AutoTests" name="[51] /home/travis/build/icyphy/ptII/ptolemy/domains/modal/test/auto/ErrorTransition2.xml (RunModel)" time="0.038" />
  <testcase classname="ptolemy.util.test.junit.AutoTests" name="[52] /home/travis/build/icyphy/ptII/ptolemy/domains/modal/test/auto/ErrorTransition3.xml (RunModel)" time="0.052" />
  <testcase classname="ptolemy.util.test.junit.AutoTests" name="[53] /home/travis/build/icyphy/ptII/ptolemy/domains/modal/test/auto/ErrorTransition4.xml (RunModel)" time="0.035" />
  <testcase classname="ptolemy.util.test.junit.AutoTests" name="[54] /home/travis/build/icyphy/ptII/ptolemy/domains/modal/test/auto/ErrorTransition5.xml (RunModel)" time="0.032" />
  <testcase classname="ptolemy.util.test.junit.AutoTests" name="[55] /home/travis/build/icyphy/ptII/ptolemy/domains/modal/test/auto/ErrorTransition6.xml (RunModel)" time="0.032" />
  <testcase classname="ptolemy.util.test.junit.AutoTests" name="[56] /home/travis/build/icyphy/ptII/ptolemy/domains/modal/test/auto/ErrorTransition7.xml (RunModel)" time="0.05" />
  <testcase classname="ptolemy.util.test.junit.AutoTests" name="[57] /home/travis/build/icyphy/ptII/ptolemy/domains/modal/test/auto/ErrorTransition8.xml (RunModel)" time="0.054" />
  <testcase classname="ptolemy.util.test.junit.AutoTests" name="[58] /home/travis/build/icyphy/ptII/ptolemy/domains/modal/test/auto/ErrorTransition9.xml (RunModel)" time="0.056" />
  <testcase classname="ptolemy.util.test.junit.AutoTests" name="[59] /home/travis/build/icyphy/ptII/ptolemy/domains/modal/test/auto/ExtendedFSM.xml (RunModel)" time="0.025" />
  <testcase classname="ptolemy.util.test.junit.AutoTests" name="[60] /home/travis/build/icyphy/ptII/ptolemy/domains/modal/test/auto/FinalStates.xml (RunModel)" time="0.025" />
  <testcase classname="ptolemy.util.test.junit.AutoTests" name="[61] /home/travis/build/icyphy/ptII/ptolemy/domains/modal/test/auto/FixedPointFSM.xml (RunModel)" time="0.048" />
  <testcase classname="ptolemy.util.test.junit.AutoTests" name="[62] /home/travis/build/icyphy/ptII/ptolemy/domains/modal/test/auto/FixedPointIterationFSMActor.xml (RunModel)" time="0.032" />
  <testcase classname="ptolemy.util.test.junit.AutoTests" name="[63] /home/travis/build/icyphy/ptII/ptolemy/domains/modal/test/auto/FixedPointIterationFSMActor2.xml (RunModel)" time="0.055" />
  <testcase classname="ptolemy.util.test.junit.AutoTests" name="[64] /home/travis/build/icyphy/ptII/ptolemy/domains/modal/test/auto/ForbiddenInstantanousLoop.xml (RunModel)" time="0.032" />
  <testcase classname="ptolemy.util.test.junit.AutoTests" name="[65] /home/travis/build/icyphy/ptII/ptolemy/domains/modal/test/auto/FunctionDependencyOfFSMActorTest.xml (RunModel)" time="0.025" />
  <testcase classname="ptolemy.util.test.junit.AutoTests" name="[66] /home/travis/build/icyphy/ptII/ptolemy/domains/modal/test/auto/GuardExpression.xml (RunModel)" time="0.02" />
  <testcase classname="ptolemy.util.test.junit.AutoTests" name="[67] /home/travis/build/icyphy/ptII/ptolemy/domains/modal/test/auto/GuardNotEvaluated.xml (RunModel)" time="0.03" />
  <testcase classname="ptolemy.util.test.junit.AutoTests" name="[68] /home/travis/build/icyphy/ptII/ptolemy/domains/modal/test/auto/GuardNotEvaluated2.xml (RunModel)" time="0.025" />
  <testcase classname="ptolemy.util.test.junit.AutoTests" name="[69] /home/travis/build/icyphy/ptII/ptolemy/domains/modal/test/auto/GuardOnAbsent.xml (RunModel)" time="0.024" />
  <testcase classname="ptolemy.util.test.junit.AutoTests" name="[70] /home/travis/build/icyphy/ptII/ptolemy/domains/modal/test/auto/HierarchicalFSMTypeInference.xml (RunModel)" time="0.029" />
  <testcase classname="ptolemy.util.test.junit.AutoTests" name="[71] /home/travis/build/icyphy/ptII/ptolemy/domains/modal/test/auto/Hysteresis.xml (RunModel)" time="0.043" />
  <testcase classname="ptolemy.util.test.junit.AutoTests" name="[72] /home/travis/build/icyphy/ptII/ptolemy/domains/modal/test/auto/HysteresisWithDefault.xml (RunModel)" time="0.068" />
  <testcase classname="ptolemy.util.test.junit.AutoTests" name="[73] /home/travis/build/icyphy/ptII/ptolemy/domains/modal/test/auto/HysteresisWithDefault2.xml (RunModel)" time="0.088" />
  <testcase classname="ptolemy.util.test.junit.AutoTests" name="[74] /home/travis/build/icyphy/ptII/ptolemy/domains/modal/test/auto/ImmediateNonConstructiveness.xml (RunModel)" time="0.024" />
  <testcase classname="ptolemy.util.test.junit.AutoTests" name="[75] /home/travis/build/icyphy/ptII/ptolemy/domains/modal/test/auto/ImmediateNonConstructiveness2.xml (RunModel)" time="0.019" />
  <testcase classname="ptolemy.util.test.junit.AutoTests" name="[76] /home/travis/build/icyphy/ptII/ptolemy/domains/modal/test/auto/ImmediateTransitionReset.xml (RunModel)" time="0.04" />
  <testcase classname="ptolemy.util.test.junit.AutoTests" name="[77] /home/travis/build/icyphy/ptII/ptolemy/domains/modal/test/auto/ImmediateTransitions1.xml (RunModel)" time="0.014" />
  <testcase classname="ptolemy.util.test.junit.AutoTests" name="[78] /home/travis/build/icyphy/ptII/ptolemy/domains/modal/test/auto/ImmediateTransitionsInstantaneousCommunication.xml (RunModel)" time="0.033" />
  <testcase classname="ptolemy.util.test.junit.AutoTests" name="[79] /home/travis/build/icyphy/ptII/ptolemy/domains/modal/test/auto/InitialImmediateTransition.xml (RunModel)" time="0.018" />
  <testcase classname="ptolemy.util.test.junit.AutoTests" name="[80] /home/travis/build/icyphy/ptII/ptolemy/domains/modal/test/auto/InitialOutputs.xml (RunModel)" time="0.016" />
  <testcase classname="ptolemy.util.test.junit.AutoTests" name="[81] /home/travis/build/icyphy/ptII/ptolemy/domains/modal/test/auto/InitialStateTransition1.xml (RunModel)" time="0.019" />
  <testcase classname="ptolemy.util.test.junit.AutoTests" name="[82] /home/travis/build/icyphy/ptII/ptolemy/domains/modal/test/auto/InitialStateTransition2.xml (RunModel)" time="0.023" />
  <testcase classname="ptolemy.util.test.junit.AutoTests" name="[83] /home/travis/build/icyphy/ptII/ptolemy/domains/modal/test/auto/InitialStateTransition3.xml (RunModel)" time="0.022" />
  <testcase classname="ptolemy.util.test.junit.AutoTests" name="[84] /home/travis/build/icyphy/ptII/ptolemy/domains/modal/test/auto/InitialStateTransition4.xml (RunModel)" time="0.026" />
  <testcase classname="ptolemy.util.test.junit.AutoTests" name="[85] /home/travis/build/icyphy/ptII/ptolemy/domains/modal/test/auto/MalformedGuardExpressionNotCaught.xml (RunModel)" time="0.027" />
  <testcase classname="ptolemy.util.test.junit.AutoTests" name="[86] /home/travis/build/icyphy/ptII/ptolemy/domains/modal/test/auto/ModalBSC.xml (RunModel)" time="0.087" />
  <testcase classname="ptolemy.util.test.junit.AutoTests" name="[87] /home/travis/build/icyphy/ptII/ptolemy/domains/modal/test/auto/ModalClocks.xml (RunModel)" time="0.091" />
  <testcase classname="ptolemy.util.test.junit.AutoTests" name="[88] /home/travis/build/icyphy/ptII/ptolemy/domains/modal/test/auto/ModalDelay.xml (RunModel)" time="0.042" />
  <testcase classname="ptolemy.util.test.junit.AutoTests" name="[89] /home/travis/build/icyphy/ptII/ptolemy/domains/modal/test/auto/ModalDelay2.xml (RunModel)" time="0.043" />
  <testcase classname="ptolemy.util.test.junit.AutoTests" name="[90] /home/travis/build/icyphy/ptII/ptolemy/domains/modal/test/auto/ModalModelFromMemo.xml (RunModel)" time="0.049" />
  <testcase classname="ptolemy.util.test.junit.AutoTests" name="[91] /home/travis/build/icyphy/ptII/ptolemy/domains/modal/test/auto/ModalModelWithMultirateTransient.xml (RunModel)" time="0.052" />
  <testcase classname="ptolemy.util.test.junit.AutoTests" name="[92] /home/travis/build/icyphy/ptII/ptolemy/domains/modal/test/auto/ModalModelWithReset.xml (RunModel)" time="0.05" />
  <testcase classname="ptolemy.util.test.junit.AutoTests" name="[93] /home/travis/build/icyphy/ptII/ptolemy/domains/modal/test/auto/MouseClickFSM.xml (RunModel)" time="0.042" />
  <testcase classname="ptolemy.util.test.junit.AutoTests" name="[94] /home/travis/build/icyphy/ptII/ptolemy/domains/modal/test/auto/MouseClickFSMModal.xml (RunModel)" time="0.032" />
  <testcase classname="ptolemy.util.test.junit.AutoTests" name="[95] /home/travis/build/icyphy/ptII/ptolemy/domains/modal/test/auto/NonStrictFSM_FeedbackLoop.xml (RunModel)" time="0.051" />
  <testcase classname="ptolemy.util.test.junit.AutoTests" name="[96] /home/travis/build/icyphy/ptII/ptolemy/domains/modal/test/auto/NonStrictFSM_FeedbackLoop_Refinement.xml (RunModel)" time="0.115" />
  <testcase classname="ptolemy.util.test.junit.AutoTests" name="[97] /home/travis/build/icyphy/ptII/ptolemy/domains/modal/test/auto/NonStrictFSM_FeedbackLoop_preemptive.xml (RunModel)" time="0.045" />
  <testcase classname="ptolemy.util.test.junit.AutoTests" name="[98] /home/travis/build/icyphy/ptII/ptolemy/domains/modal/test/auto/NormalTermination.xml (RunModel)" time="0.046" />
  <testcase classname="ptolemy.util.test.junit.AutoTests" name="[99] /home/travis/build/icyphy/ptII/ptolemy/domains/modal/test/auto/Pong.xml (RunModel)" time="0.081" />
  <testcase classname="ptolemy.util.test.junit.AutoTests" name="[100] /home/travis/build/icyphy/ptII/ptolemy/domains/modal/test/auto/Pong_test.xml (RunModel)" time="0.127" />
  <testcase classname="ptolemy.util.test.junit.AutoTests" name="[101] /home/travis/build/icyphy/ptII/ptolemy/domains/modal/test/auto/PreemptionHierarchy.xml (RunModel)" time="0.026" />
  <testcase classname="ptolemy.util.test.junit.AutoTests" name="[102] /home/travis/build/icyphy/ptII/ptolemy/domains/modal/test/auto/PreemptionHierarchy2.xml (RunModel)" time="0.037" />
  <testcase classname="ptolemy.util.test.junit.AutoTests" name="[103] /home/travis/build/icyphy/ptII/ptolemy/domains/modal/test/auto/PreemptiveTransition.xml (RunModel)" time="0.024" />
  <testcase classname="ptolemy.util.test.junit.AutoTests" name="[104] /home/travis/build/icyphy/ptII/ptolemy/domains/modal/test/auto/Priorities.xml (RunModel)" time="0.076" />
  <testcase classname="ptolemy.util.test.junit.AutoTests" name="[105] /home/travis/build/icyphy/ptII/ptolemy/domains/modal/test/auto/ResetFinal.xml (RunModel)" time="0.047" />
  <testcase classname="ptolemy.util.test.junit.AutoTests" name="[106] /home/travis/build/icyphy/ptII/ptolemy/domains/modal/test/auto/ResetFinal2.xml (RunModel)" time="0.035" />
  <testcase classname="ptolemy.util.test.junit.AutoTests" name="[107] /home/travis/build/icyphy/ptII/ptolemy/domains/modal/test/auto/ResetTransitionWithStartTime.xml (RunModel)" time="0.036" />
  <testcase classname="ptolemy.util.test.junit.AutoTests" name="[108] /home/travis/build/icyphy/ptII/ptolemy/domains/modal/test/auto/SDF-FSMComposite.xml (RunModel)" time="0.023" />
  <testcase classname="ptolemy.util.test.junit.AutoTests" name="[109] /home/travis/build/icyphy/ptII/ptolemy/domains/modal/test/auto/SeeminglyNondeterminate.xml (RunModel)" time="0.069" />
  <testcase classname="ptolemy.util.test.junit.AutoTests" name="[110] /home/travis/build/icyphy/ptII/ptolemy/domains/modal/test/auto/SeeminglyNondeterminate2.xml (RunModel)" time="0.074" />
  <testcase classname="ptolemy.util.test.junit.AutoTests" name="[111] /home/travis/build/icyphy/ptII/ptolemy/domains/modal/test/auto/SpontaneousFSM.xml (RunModel)" time="0.046" />
  <testcase classname="ptolemy.util.test.junit.AutoTests" name="[112] /home/travis/build/icyphy/ptII/ptolemy/domains/modal/test/auto/SpontaneousFSM2.xml (RunModel)" time="0.036" />
  <testcase classname="ptolemy.util.test.junit.AutoTests" name="[113] /home/travis/build/icyphy/ptII/ptolemy/domains/modal/test/auto/SpontaneousFSM3.xml (RunModel)" time="0.044" />
  <testcase classname="ptolemy.util.test.junit.AutoTests" name="[114] /home/travis/build/icyphy/ptII/ptolemy/domains/modal/test/auto/SpontaneousFSM4.xml (RunModel)" time="0.058" />
  <testcase classname="ptolemy.util.test.junit.AutoTests" name="[115] /home/travis/build/icyphy/ptII/ptolemy/domains/modal/test/auto/StateTrackerTest.xml (RunModel)" time="0.045" />
  <testcase classname="ptolemy.util.test.junit.AutoTests" name="[116] /home/travis/build/icyphy/ptII/ptolemy/domains/modal/test/auto/StrongImmediateTransition.xml (RunModel)" time="0.036" />
  <testcase classname="ptolemy.util.test.junit.AutoTests" name="[117] /home/travis/build/icyphy/ptII/ptolemy/domains/modal/test/auto/SustainHierarchy.xml (RunModel)" time="0.033" />
  <testcase classname="ptolemy.util.test.junit.AutoTests" name="[118] /home/travis/build/icyphy/ptII/ptolemy/domains/modal/test/auto/TerminationTransition1.xml (RunModel)" time="0.027" />
  <testcase classname="ptolemy.util.test.junit.AutoTests" name="[119] /home/travis/build/icyphy/ptII/ptolemy/domains/modal/test/auto/TerminationTransition2.xml (RunModel)" time="0.027" />
  <testcase classname="ptolemy.util.test.junit.AutoTests" name="[120] /home/travis/build/icyphy/ptII/ptolemy/domains/modal/test/auto/TerminationTransition3.xml (RunModel)" time="0.022" />
  <testcase classname="ptolemy.util.test.junit.AutoTests" name="[121] /home/travis/build/icyphy/ptII/ptolemy/domains/modal/test/auto/TerminationTransition4.xml (RunModel)" time="0.035" />
  <testcase classname="ptolemy.util.test.junit.AutoTests" name="[122] /home/travis/build/icyphy/ptII/ptolemy/domains/modal/test/auto/TerminationTransition5.xml (RunModel)" time="0.032" />
  <testcase classname="ptolemy.util.test.junit.AutoTests" name="[123] /home/travis/build/icyphy/ptII/ptolemy/domains/modal/test/auto/TerminationTransition6.xml (RunModel)" time="0.021" />
  <testcase classname="ptolemy.util.test.junit.AutoTests" name="[124] /home/travis/build/icyphy/ptII/ptolemy/domains/modal/test/auto/TerminationTransition7.xml (RunModel)" time="0.024" />
  <testcase classname="ptolemy.util.test.junit.AutoTests" name="[125] /home/travis/build/icyphy/ptII/ptolemy/domains/modal/test/auto/TerminationTransition8.xml (RunModel)" time="0.026" />
  <testcase classname="ptolemy.util.test.junit.AutoTests" name="[126] /home/travis/build/icyphy/ptII/ptolemy/domains/modal/test/auto/Thermostat_NoHysteresis.xml (RunModel)" time="0.06" />
  <testcase classname="ptolemy.util.test.junit.AutoTests" name="[127] /home/travis/build/icyphy/ptII/ptolemy/domains/modal/test/auto/TimedFSM.xml (RunModel)" time="0.032" />
  <testcase classname="ptolemy.util.test.junit.AutoTests" name="[128] /home/travis/build/icyphy/ptII/ptolemy/domains/modal/test/auto/Timeout1.xml (RunModel)" time="0.028" />
  <testcase classname="ptolemy.util.test.junit.AutoTests" name="[129] /home/travis/build/icyphy/ptII/ptolemy/domains/modal/test/auto/Timeout2.xml (RunModel)" time="0.025" />
  <testcase classname="ptolemy.util.test.junit.AutoTests" name="[130] /home/travis/build/icyphy/ptII/ptolemy/domains/modal/test/auto/Timeout3.xml (RunModel)" time="0.012" />
  <testcase classname="ptolemy.util.test.junit.AutoTests" name="[131] /home/travis/build/icyphy/ptII/ptolemy/domains/modal/test/auto/Timeout4.xml (RunModel)" time="0.012" />
  <testcase classname="ptolemy.util.test.junit.AutoTests" name="[132] /home/travis/build/icyphy/ptII/ptolemy/domains/modal/test/auto/TransientstateModelAdvanced.xml (RunModel)" time="0.027" />
  <testcase classname="ptolemy.util.test.junit.AutoTests" name="[133] /home/travis/build/icyphy/ptII/ptolemy/domains/modal/test/auto/TransientstateModelAdvanced2.xml (RunModel)" time="0.032" />
  <testcase classname="ptolemy.util.test.junit.AutoTests" name="[134] /home/travis/build/icyphy/ptII/ptolemy/domains/modal/test/auto/TransitionRefinements.xml (RunModel)" time="0.024" />
  <testcase classname="ptolemy.util.test.junit.AutoTests" name="[135] /home/travis/build/icyphy/ptII/ptolemy/domains/modal/test/auto/TwoRefinements1.xml (RunModel)" time="0.026" />
  <testcase classname="ptolemy.util.test.junit.AutoTests" name="[136] /home/travis/build/icyphy/ptII/ptolemy/domains/modal/test/auto/TwoRefinements2.xml (RunModel)" time="0.024" />
  <testcase classname="ptolemy.util.test.junit.AutoTests" name="[137] /home/travis/build/icyphy/ptII/ptolemy/domains/modal/test/auto/WeakImmediateTransition.xml (RunModel)" time="0.03" />
  <testcase classname="ptolemy.util.test.junit.AutoTests" name="[138] /home/travis/build/icyphy/ptII/ptolemy/domains/modal/test/auto/booleanSelect.xml (RunModel)" time="0.07" />
  <testcase classname="ptolemy.util.test.junit.AutoTests" name="[139] /home/travis/build/icyphy/ptII/ptolemy/domains/modal/test/auto/modalChangingParams.xml (RunModel)" time="0.301" />
  <testcase classname="ptolemy.util.test.junit.AutoTests" name="[140] /home/travis/build/icyphy/ptII/ptolemy/domains/modal/test/auto/modalModel.xml (RunModel)" time="0.03" />
  <testcase classname="ptolemy.util.test.junit.AutoTests" name="[141] /home/travis/build/icyphy/ptII/ptolemy/domains/modal/test/auto/modalModel2.xml (RunModel)" time="0.035" />
  <testcase classname="ptolemy.util.test.junit.AutoTests" name="[142] /home/travis/build/icyphy/ptII/ptolemy/domains/modal/test/auto/modalModel3.xml (RunModel)" time="0.047" />
  <testcase classname="ptolemy.util.test.junit.AutoTests" name="[143] /home/travis/build/icyphy/ptII/ptolemy/domains/modal/test/auto/model1.xml (RunModel)" time="0.021" />
  <testcase classname="ptolemy.util.test.junit.AutoTests" name="[144] /home/travis/build/icyphy/ptII/ptolemy/domains/modal/test/auto/test-direct-in-out.xml (RunModel)" time="0.024" />
  <system-out><![CDATA[/home/travis/build/icyphy/ptII/ptolemy/domains/modal/test/SystemLevelType.tcl
testDefs.tcl: setting time out to 9000 seconds at Sun Feb 09 06:58:09 UTC 2020
02/09/20 06:58:11
Failed: 0  Total Tests: 1  ((Passed: 1, Newly Passed: 0)  Known Failed: 0) /home/travis/build/icyphy/ptII/ptolemy/domains/modal/test
----------------- testing (KnownFailure) /home/travis/build/icyphy/ptII/ptolemy/domains/modal/test/auto/knownFailedTests/CannotAnalysisWithPreemption.xml
152 ms. Memory: 162816K Free: 110209K (68%)
Known Failure: java.lang.reflect.InvocationTargetException
No auto/linux-amd64/*.xml tests in /home/travis/build/icyphy/ptII/ptolemy/domains/modal/test
AutoTests.java: About to close Vertx.
AutoTests.java: Vertx closed.

===========================================================================================
----------------- testing Sun Feb 09 06:58:12 UTC 2020 /home/travis/build/icyphy/ptII/ptolemy/domains/modal/test/auto/ABPTest.xml
----------------- Instantiating /home/travis/build/icyphy/ptII/ptolemy/domains/modal/test/auto/ABPTest.xml
397 ms. Memory: 162816K Free: 128414K (79%)
----------------- Invoking toplevel() on ptolemy.moml.MoMLSimpleApplication@6a73a8b3
----------------- Done invoking toplevel() on ptolemy.moml.MoMLSimpleApplication@6a73a8b3
reloadAllAccessors: .ABPTest

===========================================================================================
----------------- testing Sun Feb 09 06:58:13 UTC 2020 /home/travis/build/icyphy/ptII/ptolemy/domains/modal/test/auto/ABROFlat.xml
----------------- Instantiating /home/travis/build/icyphy/ptII/ptolemy/domains/modal/test/auto/ABROFlat.xml
28 ms. Memory: 162816K Free: 112536K (69%)
----------------- Invoking toplevel() on ptolemy.moml.MoMLSimpleApplication@6597d693
----------------- Done invoking toplevel() on ptolemy.moml.MoMLSimpleApplication@6597d693
reloadAllAccessors: .ABROFlat

===========================================================================================
----------------- testing Sun Feb 09 06:58:13 UTC 2020 /home/travis/build/icyphy/ptII/ptolemy/domains/modal/test/auto/ABROFlat2.xml
----------------- Instantiating /home/travis/build/icyphy/ptII/ptolemy/domains/modal/test/auto/ABROFlat2.xml
23 ms. Memory: 162816K Free: 95642K (59%)
----------------- Invoking toplevel() on ptolemy.moml.MoMLSimpleApplication@3848db81
----------------- Done invoking toplevel() on ptolemy.moml.MoMLSimpleApplication@3848db81
reloadAllAccessors: .ABROFlat2

===========================================================================================
----------------- testing Sun Feb 09 06:58:13 UTC 2020 /home/travis/build/icyphy/ptII/ptolemy/domains/modal/test/auto/ABRO_present_hmm.xml
----------------- Instantiating /home/travis/build/icyphy/ptII/ptolemy/domains/modal/test/auto/ABRO_present_hmm.xml
40 ms. Memory: 162816K Free: 69018K (42%)
----------------- Invoking toplevel() on ptolemy.moml.MoMLSimpleApplication@d29af72
----------------- Done invoking toplevel() on ptolemy.moml.MoMLSimpleApplication@d29af72
reloadAllAccessors: .ABRO_present_hmm

===========================================================================================
----------------- testing Sun Feb 09 06:58:13 UTC 2020 /home/travis/build/icyphy/ptII/ptolemy/domains/modal/test/auto/AMICoderExample.xml
----------------- Instantiating /home/travis/build/icyphy/ptII/ptolemy/domains/modal/test/auto/AMICoderExample.xml
41 ms. Memory: 162816K Free: 59288K (36%)
----------------- Invoking toplevel() on ptolemy.moml.MoMLSimpleApplication@69df5150
----------------- Done invoking toplevel() on ptolemy.moml.MoMLSimpleApplication@69df5150
reloadAllAccessors: .AMICoderExample

===========================================================================================
----------------- testing Sun Feb 09 06:58:13 UTC 2020 /home/travis/build/icyphy/ptII/ptolemy/domains/modal/test/auto/AbsentToPresent.xml
----------------- Instantiating /home/travis/build/icyphy/ptII/ptolemy/domains/modal/test/auto/AbsentToPresent.xml
7 ms. Memory: 162816K Free: 55178K (34%)
----------------- Invoking toplevel() on ptolemy.moml.MoMLSimpleApplication@460dd90f
----------------- Done invoking toplevel() on ptolemy.moml.MoMLSimpleApplication@460dd90f
reloadAllAccessors: .AbsentToPresent

===========================================================================================
----------------- testing Sun Feb 09 06:58:13 UTC 2020 /home/travis/build/icyphy/ptII/ptolemy/domains/modal/test/auto/Blending.xml
----------------- Instantiating /home/travis/build/icyphy/ptII/ptolemy/domains/modal/test/auto/Blending.xml
181 ms. Memory: 162816K Free: 101791K (63%)
----------------- Invoking toplevel() on ptolemy.moml.MoMLSimpleApplication@3e300c81
----------------- Done invoking toplevel() on ptolemy.moml.MoMLSimpleApplication@3e300c81
reloadAllAccessors: .Blending

===========================================================================================
----------------- testing Sun Feb 09 06:58:14 UTC 2020 /home/travis/build/icyphy/ptII/ptolemy/domains/modal/test/auto/Broadcast.xml
----------------- Instantiating /home/travis/build/icyphy/ptII/ptolemy/domains/modal/test/auto/Broadcast.xml
7 ms. Memory: 162816K Free: 91551K (56%)
----------------- Invoking toplevel() on ptolemy.moml.MoMLSimpleApplication@3be59344
----------------- Done invoking toplevel() on ptolemy.moml.MoMLSimpleApplication@3be59344
reloadAllAccessors: .Broadcast

===========================================================================================
----------------- testing Sun Feb 09 06:58:14 UTC 2020 /home/travis/build/icyphy/ptII/ptolemy/domains/modal/test/auto/BroadcastHierarchy.xml
----------------- Instantiating /home/travis/build/icyphy/ptII/ptolemy/domains/modal/test/auto/BroadcastHierarchy.xml
15 ms. Memory: 162816K Free: 77711K (48%)
----------------- Invoking toplevel() on ptolemy.moml.MoMLSimpleApplication@3c4a9cd8
----------------- Done invoking toplevel() on ptolemy.moml.MoMLSimpleApplication@3c4a9cd8
reloadAllAccessors: .BroadcastHierarchy

===========================================================================================
----------------- testing Sun Feb 09 06:58:14 UTC 2020 /home/travis/build/icyphy/ptII/ptolemy/domains/modal/test/auto/BroadcastHierarchy2.xml
----------------- Instantiating /home/travis/build/icyphy/ptII/ptolemy/domains/modal/test/auto/BroadcastHierarchy2.xml
41 ms. Memory: 195584K Free: 175935K (90%)
----------------- Invoking toplevel() on ptolemy.moml.MoMLSimpleApplication@4db63819
----------------- Done invoking toplevel() on ptolemy.moml.MoMLSimpleApplication@4db63819
reloadAllAccessors: .BroadcastHierarchy2

===========================================================================================
----------------- testing Sun Feb 09 06:58:14 UTC 2020 /home/travis/build/icyphy/ptII/ptolemy/domains/modal/test/auto/BroadcastHierarchy3.xml
----------------- Instantiating /home/travis/build/icyphy/ptII/ptolemy/domains/modal/test/auto/BroadcastHierarchy3.xml
14 ms. Memory: 195584K Free: 155089K (79%)
----------------- Invoking toplevel() on ptolemy.moml.MoMLSimpleApplication@473c867
----------------- Done invoking toplevel() on ptolemy.moml.MoMLSimpleApplication@473c867
reloadAllAccessors: .BroadcastHierarchy3

===========================================================================================
----------------- testing Sun Feb 09 06:58:14 UTC 2020 /home/travis/build/icyphy/ptII/ptolemy/domains/modal/test/auto/BroadcastHierarchy4.xml
----------------- Instantiating /home/travis/build/icyphy/ptII/ptolemy/domains/modal/test/auto/BroadcastHierarchy4.xml
15 ms. Memory: 195584K Free: 131017K (67%)
----------------- Invoking toplevel() on ptolemy.moml.MoMLSimpleApplication@172af0aa
----------------- Done invoking toplevel() on ptolemy.moml.MoMLSimpleApplication@172af0aa
reloadAllAccessors: .BroadcastHierarchy4

===========================================================================================
----------------- testing Sun Feb 09 06:58:14 UTC 2020 /home/travis/build/icyphy/ptII/ptolemy/domains/modal/test/auto/CannotAnalysisWithPreemption2.xml
----------------- Instantiating /home/travis/build/icyphy/ptII/ptolemy/domains/modal/test/auto/CannotAnalysisWithPreemption2.xml
4 ms. Memory: 195584K Free: 123855K (63%)
----------------- Invoking toplevel() on ptolemy.moml.MoMLSimpleApplication@7b07ae9a
----------------- Done invoking toplevel() on ptolemy.moml.MoMLSimpleApplication@7b07ae9a
reloadAllAccessors: .CannotAnalysisWithPreemption2

===========================================================================================
----------------- testing Sun Feb 09 06:58:14 UTC 2020 /home/travis/build/icyphy/ptII/ptolemy/domains/modal/test/auto/CannotAnalysisWithPreemption3.xml
----------------- Instantiating /home/travis/build/icyphy/ptII/ptolemy/domains/modal/test/auto/CannotAnalysisWithPreemption3.xml
4 ms. Memory: 195584K Free: 113585K (58%)
----------------- Invoking toplevel() on ptolemy.moml.MoMLSimpleApplication@5bf78c3c
----------------- Done invoking toplevel() on ptolemy.moml.MoMLSimpleApplication@5bf78c3c
reloadAllAccessors: .CannotAnalysisWithPreemption3

===========================================================================================
----------------- testing Sun Feb 09 06:58:14 UTC 2020 /home/travis/build/icyphy/ptII/ptolemy/domains/modal/test/auto/CannotProduce.xml
----------------- Instantiating /home/travis/build/icyphy/ptII/ptolemy/domains/modal/test/auto/CannotProduce.xml
7 ms. Memory: 195584K Free: 106961K (55%)
----------------- Invoking toplevel() on ptolemy.moml.MoMLSimpleApplication@51d1822b
----------------- Done invoking toplevel() on ptolemy.moml.MoMLSimpleApplication@51d1822b
reloadAllAccessors: .CannotProduce

===========================================================================================
----------------- testing Sun Feb 09 06:58:14 UTC 2020 /home/travis/build/icyphy/ptII/ptolemy/domains/modal/test/auto/CannotProduceModal.xml
----------------- Instantiating /home/travis/build/icyphy/ptII/ptolemy/domains/modal/test/auto/CannotProduceModal.xml
8 ms. Memory: 195584K Free: 100817K (52%)
----------------- Invoking toplevel() on ptolemy.moml.MoMLSimpleApplication@542940b1
----------------- Done invoking toplevel() on ptolemy.moml.MoMLSimpleApplication@542940b1
reloadAllAccessors: .CannotProduceModal

===========================================================================================
----------------- testing Sun Feb 09 06:58:14 UTC 2020 /home/travis/build/icyphy/ptII/ptolemy/domains/modal/test/auto/Case.xml
----------------- Instantiating /home/travis/build/icyphy/ptII/ptolemy/domains/modal/test/auto/Case.xml
28 ms. Memory: 195584K Free: 89553K (46%)
----------------- Invoking toplevel() on ptolemy.moml.MoMLSimpleApplication@5f227bb3
----------------- Done invoking toplevel() on ptolemy.moml.MoMLSimpleApplication@5f227bb3
reloadAllAccessors: .Case

===========================================================================================
----------------- testing Sun Feb 09 06:58:14 UTC 2020 /home/travis/build/icyphy/ptII/ptolemy/domains/modal/test/auto/Case1.xml
----------------- Instantiating /home/travis/build/icyphy/ptII/ptolemy/domains/modal/test/auto/Case1.xml
11 ms. Memory: 195584K Free: 82385K (42%)
----------------- Invoking toplevel() on ptolemy.moml.MoMLSimpleApplication@7a73a2e0
----------------- Done invoking toplevel() on ptolemy.moml.MoMLSimpleApplication@7a73a2e0
reloadAllAccessors: .Case1

===========================================================================================
----------------- testing Sun Feb 09 06:58:14 UTC 2020 /home/travis/build/icyphy/ptII/ptolemy/domains/modal/test/auto/Case2.xml
----------------- Instantiating /home/travis/build/icyphy/ptII/ptolemy/domains/modal/test/auto/Case2.xml
31 ms. Memory: 195584K Free: 71631K (37%)
----------------- Invoking toplevel() on ptolemy.moml.MoMLSimpleApplication@7634a778
----------------- Done invoking toplevel() on ptolemy.moml.MoMLSimpleApplication@7634a778
reloadAllAccessors: .Case2

===========================================================================================
----------------- testing Sun Feb 09 06:58:14 UTC 2020 /home/travis/build/icyphy/ptII/ptolemy/domains/modal/test/auto/CausalityInterface1.xml
----------------- Instantiating /home/travis/build/icyphy/ptII/ptolemy/domains/modal/test/auto/CausalityInterface1.xml
5 ms. Memory: 195584K Free: 66511K (34%)
----------------- Invoking toplevel() on ptolemy.moml.MoMLSimpleApplication@1dffbe59
----------------- Done invoking toplevel() on ptolemy.moml.MoMLSimpleApplication@1dffbe59
reloadAllAccessors: .CausalityInterface1

===========================================================================================
----------------- testing Sun Feb 09 06:58:14 UTC 2020 /home/travis/build/icyphy/ptII/ptolemy/domains/modal/test/auto/CausalityInterface10.xml
----------------- Instantiating /home/travis/build/icyphy/ptII/ptolemy/domains/modal/test/auto/CausalityInterface10.xml
15 ms. Memory: 195584K Free: 164781K (84%)
----------------- Invoking toplevel() on ptolemy.moml.MoMLSimpleApplication@2821d695
----------------- Done invoking toplevel() on ptolemy.moml.MoMLSimpleApplication@2821d695
reloadAllAccessors: .CausalityInterface10

===========================================================================================
----------------- testing Sun Feb 09 06:58:14 UTC 2020 /home/travis/build/icyphy/ptII/ptolemy/domains/modal/test/auto/CausalityInterface11.xml
----------------- Instantiating /home/travis/build/icyphy/ptII/ptolemy/domains/modal/test/auto/CausalityInterface11.xml
8 ms. Memory: 195584K Free: 151471K (77%)
----------------- Invoking toplevel() on ptolemy.moml.MoMLSimpleApplication@5c8cbacf
----------------- Done invoking toplevel() on ptolemy.moml.MoMLSimpleApplication@5c8cbacf
reloadAllAccessors: .CausalityInterface11

===========================================================================================
----------------- testing Sun Feb 09 06:58:14 UTC 2020 /home/travis/build/icyphy/ptII/ptolemy/domains/modal/test/auto/CausalityInterface12.xml
----------------- Instantiating /home/travis/build/icyphy/ptII/ptolemy/domains/modal/test/auto/CausalityInterface12.xml
7 ms. Memory: 195584K Free: 138159K (71%)
----------------- Invoking toplevel() on ptolemy.moml.MoMLSimpleApplication@238871bb
----------------- Done invoking toplevel() on ptolemy.moml.MoMLSimpleApplication@238871bb
reloadAllAccessors: .CausalityInterface12

===========================================================================================
----------------- testing Sun Feb 09 06:58:14 UTC 2020 /home/travis/build/icyphy/ptII/ptolemy/domains/modal/test/auto/CausalityInterface13.xml
----------------- Instantiating /home/travis/build/icyphy/ptII/ptolemy/domains/modal/test/auto/CausalityInterface13.xml
7 ms. Memory: 195584K Free: 124367K (64%)
----------------- Invoking toplevel() on ptolemy.moml.MoMLSimpleApplication@2029e84
----------------- Done invoking toplevel() on ptolemy.moml.MoMLSimpleApplication@2029e84
reloadAllAccessors: .CausalityInterface13

===========================================================================================
----------------- testing Sun Feb 09 06:58:15 UTC 2020 /home/travis/build/icyphy/ptII/ptolemy/domains/modal/test/auto/CausalityInterface14.xml
----------------- Instantiating /home/travis/build/icyphy/ptII/ptolemy/domains/modal/test/auto/CausalityInterface14.xml
14 ms. Memory: 195584K Free: 110527K (57%)
----------------- Invoking toplevel() on ptolemy.moml.MoMLSimpleApplication@1ebbdecd
----------------- Done invoking toplevel() on ptolemy.moml.MoMLSimpleApplication@1ebbdecd
reloadAllAccessors: .CausalityInterface14

===========================================================================================
----------------- testing Sun Feb 09 06:58:15 UTC 2020 /home/travis/build/icyphy/ptII/ptolemy/domains/modal/test/auto/CausalityInterface2.xml
----------------- Instantiating /home/travis/build/icyphy/ptII/ptolemy/domains/modal/test/auto/CausalityInterface2.xml
4 ms. Memory: 195584K Free: 103887K (53%)
----------------- Invoking toplevel() on ptolemy.moml.MoMLSimpleApplication@38bec85
----------------- Done invoking toplevel() on ptolemy.moml.MoMLSimpleApplication@38bec85
reloadAllAccessors: .CausalityInterface2

===========================================================================================
----------------- testing Sun Feb 09 06:58:15 UTC 2020 /home/travis/build/icyphy/ptII/ptolemy/domains/modal/test/auto/CausalityInterface3.xml
----------------- Instantiating /home/travis/build/icyphy/ptII/ptolemy/domains/modal/test/auto/CausalityInterface3.xml
3 ms. Memory: 195584K Free: 97743K (50%)
----------------- Invoking toplevel() on ptolemy.moml.MoMLSimpleApplication@6fe33a9c
----------------- Done invoking toplevel() on ptolemy.moml.MoMLSimpleApplication@6fe33a9c
reloadAllAccessors: .CausalityInterface3

===========================================================================================
----------------- testing Sun Feb 09 06:58:15 UTC 2020 /home/travis/build/icyphy/ptII/ptolemy/domains/modal/test/auto/CausalityInterface4.xml
----------------- Instantiating /home/travis/build/icyphy/ptII/ptolemy/domains/modal/test/auto/CausalityInterface4.xml
3 ms. Memory: 195584K Free: 91599K (47%)
----------------- Invoking toplevel() on ptolemy.moml.MoMLSimpleApplication@fe258d8
----------------- Done invoking toplevel() on ptolemy.moml.MoMLSimpleApplication@fe258d8
reloadAllAccessors: .CausalityInterface4

===========================================================================================
----------------- testing Sun Feb 09 06:58:15 UTC 2020 /home/travis/build/icyphy/ptII/ptolemy/domains/modal/test/auto/CausalityInterface5.xml
----------------- Instantiating /home/travis/build/icyphy/ptII/ptolemy/domains/modal/test/auto/CausalityInterface5.xml
6 ms. Memory: 195584K Free: 82863K (42%)
----------------- Invoking toplevel() on ptolemy.moml.MoMLSimpleApplication@49ea3ef3
----------------- Done invoking toplevel() on ptolemy.moml.MoMLSimpleApplication@49ea3ef3
reloadAllAccessors: .CausalityInterface5

===========================================================================================
----------------- testing Sun Feb 09 06:58:15 UTC 2020 /home/travis/build/icyphy/ptII/ptolemy/domains/modal/test/auto/CausalityInterface6.xml
----------------- Instantiating /home/travis/build/icyphy/ptII/ptolemy/domains/modal/test/auto/CausalityInterface6.xml
5 ms. Memory: 195584K Free: 74701K (38%)
----------------- Invoking toplevel() on ptolemy.moml.MoMLSimpleApplication@2c15d702
----------------- Done invoking toplevel() on ptolemy.moml.MoMLSimpleApplication@2c15d702
reloadAllAccessors: .CausalityInterface6

===========================================================================================
----------------- testing Sun Feb 09 06:58:15 UTC 2020 /home/travis/build/icyphy/ptII/ptolemy/domains/modal/test/auto/CausalityInterface7.xml
----------------- Instantiating /home/travis/build/icyphy/ptII/ptolemy/domains/modal/test/auto/CausalityInterface7.xml
6 ms. Memory: 195584K Free: 66495K (34%)
----------------- Invoking toplevel() on ptolemy.moml.MoMLSimpleApplication@2aac614
----------------- Done invoking toplevel() on ptolemy.moml.MoMLSimpleApplication@2aac614
reloadAllAccessors: .CausalityInterface7

===========================================================================================
----------------- testing Sun Feb 09 06:58:15 UTC 2020 /home/travis/build/icyphy/ptII/ptolemy/domains/modal/test/auto/CausalityInterface8.xml
----------------- Instantiating /home/travis/build/icyphy/ptII/ptolemy/domains/modal/test/auto/CausalityInterface8.xml
6 ms. Memory: 195584K Free: 169957K (87%)
----------------- Invoking toplevel() on ptolemy.moml.MoMLSimpleApplication@1ea3e333
----------------- Done invoking toplevel() on ptolemy.moml.MoMLSimpleApplication@1ea3e333
reloadAllAccessors: .CausalityInterface8

===========================================================================================
----------------- testing Sun Feb 09 06:58:15 UTC 2020 /home/travis/build/icyphy/ptII/ptolemy/domains/modal/test/auto/CausalityInterface9.xml
----------------- Instantiating /home/travis/build/icyphy/ptII/ptolemy/domains/modal/test/auto/CausalityInterface9.xml
5 ms. Memory: 195584K Free: 160245K (82%)
----------------- Invoking toplevel() on ptolemy.moml.MoMLSimpleApplication@79db2a6e
----------------- Done invoking toplevel() on ptolemy.moml.MoMLSimpleApplication@79db2a6e
reloadAllAccessors: .CausalityInterface9

===========================================================================================
----------------- testing Sun Feb 09 06:58:15 UTC 2020 /home/travis/build/icyphy/ptII/ptolemy/domains/modal/test/auto/ChainedTransitions.xml
----------------- Instantiating /home/travis/build/icyphy/ptII/ptolemy/domains/modal/test/auto/ChainedTransitions.xml
90 ms. Memory: 195584K Free: 135141K (69%)
----------------- Invoking toplevel() on ptolemy.moml.MoMLSimpleApplication@43a0be03
----------------- Done invoking toplevel() on ptolemy.moml.MoMLSimpleApplication@43a0be03
reloadAllAccessors: .ChainedTransitions

===========================================================================================
----------------- testing Sun Feb 09 06:58:15 UTC 2020 /home/travis/build/icyphy/ptII/ptolemy/domains/modal/test/auto/CycleOfImmediateTransitionsFSM.xml
----------------- Instantiating /home/travis/build/icyphy/ptII/ptolemy/domains/modal/test/auto/CycleOfImmediateTransitionsFSM.xml
1 ms. Memory: 195584K Free: 129525K (66%)
----------------- Invoking toplevel() on ptolemy.moml.MoMLSimpleApplication@3dd27fa6
----------------- Done invoking toplevel() on ptolemy.moml.MoMLSimpleApplication@3dd27fa6
reloadAllAccessors: .CycleOfImmediateTransitionsFSM

===========================================================================================
----------------- testing Sun Feb 09 06:58:15 UTC 2020 /home/travis/build/icyphy/ptII/ptolemy/domains/modal/test/auto/CycleOfImmediateTransitionsModal.xml
----------------- Instantiating /home/travis/build/icyphy/ptII/ptolemy/domains/modal/test/auto/CycleOfImmediateTransitionsModal.xml
5 ms. Memory: 195584K Free: 123381K (63%)
----------------- Invoking toplevel() on ptolemy.moml.MoMLSimpleApplication@49d84980
----------------- Done invoking toplevel() on ptolemy.moml.MoMLSimpleApplication@49d84980
reloadAllAccessors: .CycleOfImmediateTransitionsModal

===========================================================================================
----------------- testing Sun Feb 09 06:58:15 UTC 2020 /home/travis/build/icyphy/ptII/ptolemy/domains/modal/test/auto/CycleOfImmediateTransitionsModal2.xml
----------------- Instantiating /home/travis/build/icyphy/ptII/ptolemy/domains/modal/test/auto/CycleOfImmediateTransitionsModal2.xml
7 ms. Memory: 195584K Free: 117237K (60%)
----------------- Invoking toplevel() on ptolemy.moml.MoMLSimpleApplication@45aa9050
----------------- Done invoking toplevel() on ptolemy.moml.MoMLSimpleApplication@45aa9050
reloadAllAccessors: .CycleOfImmediateTransitionsModal2

===========================================================================================
----------------- testing Sun Feb 09 06:58:15 UTC 2020 /home/travis/build/icyphy/ptII/ptolemy/domains/modal/test/auto/CycleOfImmediateTransitionsModal3.xml
----------------- Instantiating /home/travis/build/icyphy/ptII/ptolemy/domains/modal/test/auto/CycleOfImmediateTransitionsModal3.xml
13 ms. Memory: 195584K Free: 94709K (48%)
----------------- Invoking toplevel() on ptolemy.moml.MoMLSimpleApplication@1ac18ab5
----------------- Done invoking toplevel() on ptolemy.moml.MoMLSimpleApplication@1ac18ab5
reloadAllAccessors: .CycleOfImmediateTransitionsModal3

===========================================================================================
----------------- testing Sun Feb 09 06:58:15 UTC 2020 /home/travis/build/icyphy/ptII/ptolemy/domains/modal/test/auto/DeepModal1.xml
----------------- Instantiating /home/travis/build/icyphy/ptII/ptolemy/domains/modal/test/auto/DeepModal1.xml
37 ms. Memory: 195584K Free: 80853K (41%)
----------------- Invoking toplevel() on ptolemy.moml.MoMLSimpleApplication@214077e3
----------------- Done invoking toplevel() on ptolemy.moml.MoMLSimpleApplication@214077e3
reloadAllAccessors: .DeepModal1

===========================================================================================
----------------- testing Sun Feb 09 06:58:15 UTC 2020 /home/travis/build/icyphy/ptII/ptolemy/domains/modal/test/auto/DeepModal2.xml
----------------- Instantiating /home/travis/build/icyphy/ptII/ptolemy/domains/modal/test/auto/DeepModal2.xml
37 ms. Memory: 195584K Free: 174206K (89%)
----------------- Invoking toplevel() on ptolemy.moml.MoMLSimpleApplication@4b55cb49
----------------- Done invoking toplevel() on ptolemy.moml.MoMLSimpleApplication@4b55cb49
reloadAllAccessors: .DeepModal2

===========================================================================================
----------------- testing Sun Feb 09 06:58:15 UTC 2020 /home/travis/build/icyphy/ptII/ptolemy/domains/modal/test/auto/DeepModal3.xml
----------------- Instantiating /home/travis/build/icyphy/ptII/ptolemy/domains/modal/test/auto/DeepModal3.xml
34 ms. Memory: 195584K Free: 154525K (79%)
----------------- Invoking toplevel() on ptolemy.moml.MoMLSimpleApplication@1415f1db
----------------- Done invoking toplevel() on ptolemy.moml.MoMLSimpleApplication@1415f1db
reloadAllAccessors: .DeepModal3

===========================================================================================
----------------- testing Sun Feb 09 06:58:15 UTC 2020 /home/travis/build/icyphy/ptII/ptolemy/domains/modal/test/auto/DeepModal4.xml
----------------- Instantiating /home/travis/build/icyphy/ptII/ptolemy/domains/modal/test/auto/DeepModal4.xml
32 ms. Memory: 195584K Free: 135583K (69%)
----------------- Invoking toplevel() on ptolemy.moml.MoMLSimpleApplication@458abc1d
----------------- Done invoking toplevel() on ptolemy.moml.MoMLSimpleApplication@458abc1d
reloadAllAccessors: .DeepModal4

===========================================================================================
----------------- testing Sun Feb 09 06:58:15 UTC 2020 /home/travis/build/icyphy/ptII/ptolemy/domains/modal/test/auto/Default1.xml
----------------- Instantiating /home/travis/build/icyphy/ptII/ptolemy/domains/modal/test/auto/Default1.xml
3 ms. Memory: 195584K Free: 129439K (66%)
----------------- Invoking toplevel() on ptolemy.moml.MoMLSimpleApplication@60bfd677
----------------- Done invoking toplevel() on ptolemy.moml.MoMLSimpleApplication@60bfd677
reloadAllAccessors: .Default1

===========================================================================================
----------------- testing Sun Feb 09 06:58:16 UTC 2020 /home/travis/build/icyphy/ptII/ptolemy/domains/modal/test/auto/Default2.xml
----------------- Instantiating /home/travis/build/icyphy/ptII/ptolemy/domains/modal/test/auto/Default2.xml
8 ms. Memory: 195584K Free: 123795K (63%)
----------------- Invoking toplevel() on ptolemy.moml.MoMLSimpleApplication@21709d10
----------------- Done invoking toplevel() on ptolemy.moml.MoMLSimpleApplication@21709d10
reloadAllAccessors: .Default2

===========================================================================================
----------------- testing Sun Feb 09 06:58:16 UTC 2020 /home/travis/build/icyphy/ptII/ptolemy/domains/modal/test/auto/Default3.xml
----------------- Instantiating /home/travis/build/icyphy/ptII/ptolemy/domains/modal/test/auto/Default3.xml
5 ms. Memory: 195584K Free: 117661K (60%)
----------------- Invoking toplevel() on ptolemy.moml.MoMLSimpleApplication@71d6ac47
----------------- Done invoking toplevel() on ptolemy.moml.MoMLSimpleApplication@71d6ac47
reloadAllAccessors: .Default3

===========================================================================================
----------------- testing Sun Feb 09 06:58:16 UTC 2020 /home/travis/build/icyphy/ptII/ptolemy/domains/modal/test/auto/Default4.xml
----------------- Instantiating /home/travis/build/icyphy/ptII/ptolemy/domains/modal/test/auto/Default4.xml
3 ms. Memory: 195584K Free: 111517K (57%)
----------------- Invoking toplevel() on ptolemy.moml.MoMLSimpleApplication@5a7d1bfc
----------------- Done invoking toplevel() on ptolemy.moml.MoMLSimpleApplication@5a7d1bfc
reloadAllAccessors: .Default4

===========================================================================================
----------------- testing Sun Feb 09 06:58:16 UTC 2020 /home/travis/build/icyphy/ptII/ptolemy/domains/modal/test/auto/Default5.xml
----------------- Instantiating /home/travis/build/icyphy/ptII/ptolemy/domains/modal/test/auto/Default5.xml
7 ms. Memory: 195584K Free: 103325K (53%)
----------------- Invoking toplevel() on ptolemy.moml.MoMLSimpleApplication@4737fc9d
----------------- Done invoking toplevel() on ptolemy.moml.MoMLSimpleApplication@4737fc9d
reloadAllAccessors: .Default5

===========================================================================================
----------------- testing Sun Feb 09 06:58:16 UTC 2020 /home/travis/build/icyphy/ptII/ptolemy/domains/modal/test/auto/EmptyGuard.xml
----------------- Instantiating /home/travis/build/icyphy/ptII/ptolemy/domains/modal/test/auto/EmptyGuard.xml
15 ms. Memory: 195584K Free: 95647K (49%)
----------------- Invoking toplevel() on ptolemy.moml.MoMLSimpleApplication@33dff8fc
----------------- Done invoking toplevel() on ptolemy.moml.MoMLSimpleApplication@33dff8fc
reloadAllAccessors: .EmptyGuard

===========================================================================================
----------------- testing Sun Feb 09 06:58:16 UTC 2020 /home/travis/build/icyphy/ptII/ptolemy/domains/modal/test/auto/ErrorTransition1.xml
----------------- Instantiating /home/travis/build/icyphy/ptII/ptolemy/domains/modal/test/auto/ErrorTransition1.xml
8 ms. Memory: 195584K Free: 86941K (44%)
----------------- Invoking toplevel() on ptolemy.moml.MoMLSimpleApplication@6eb50348
----------------- Done invoking toplevel() on ptolemy.moml.MoMLSimpleApplication@6eb50348
reloadAllAccessors: .ErrorTransition1

===========================================================================================
----------------- testing Sun Feb 09 06:58:16 UTC 2020 /home/travis/build/icyphy/ptII/ptolemy/domains/modal/test/auto/ErrorTransition10.xml
----------------- Instantiating /home/travis/build/icyphy/ptII/ptolemy/domains/modal/test/auto/ErrorTransition10.xml
10 ms. Memory: 195584K Free: 73119K (37%)
----------------- Invoking toplevel() on ptolemy.moml.MoMLSimpleApplication@4e3b5a8
----------------- Done invoking toplevel() on ptolemy.moml.MoMLSimpleApplication@4e3b5a8
reloadAllAccessors: .ErrorTransition10

===========================================================================================
----------------- testing Sun Feb 09 06:58:16 UTC 2020 /home/travis/build/icyphy/ptII/ptolemy/domains/modal/test/auto/ErrorTransition11.xml
----------------- Instantiating /home/travis/build/icyphy/ptII/ptolemy/domains/modal/test/auto/ErrorTransition11.xml
6 ms. Memory: 235520K Free: 213407K (91%)
----------------- Invoking toplevel() on ptolemy.moml.MoMLSimpleApplication@31f64272
----------------- Done invoking toplevel() on ptolemy.moml.MoMLSimpleApplication@31f64272
reloadAllAccessors: .ErrorTransition11

===========================================================================================
----------------- testing Sun Feb 09 06:58:16 UTC 2020 /home/travis/build/icyphy/ptII/ptolemy/domains/modal/test/auto/ErrorTransition2.xml
----------------- Instantiating /home/travis/build/icyphy/ptII/ptolemy/domains/modal/test/auto/ErrorTransition2.xml
9 ms. Memory: 235520K Free: 204701K (87%)
----------------- Invoking toplevel() on ptolemy.moml.MoMLSimpleApplication@5718cd5e
----------------- Done invoking toplevel() on ptolemy.moml.MoMLSimpleApplication@5718cd5e
reloadAllAccessors: .ErrorTransition2

===========================================================================================
----------------- testing Sun Feb 09 06:58:16 UTC 2020 /home/travis/build/icyphy/ptII/ptolemy/domains/modal/test/auto/ErrorTransition3.xml
----------------- Instantiating /home/travis/build/icyphy/ptII/ptolemy/domains/modal/test/auto/ErrorTransition3.xml
23 ms. Memory: 235520K Free: 194975K (83%)
----------------- Invoking toplevel() on ptolemy.moml.MoMLSimpleApplication@3e1bf87d
----------------- Done invoking toplevel() on ptolemy.moml.MoMLSimpleApplication@3e1bf87d
reloadAllAccessors: .ErrorTransition3

===========================================================================================
----------------- testing Sun Feb 09 06:58:16 UTC 2020 /home/travis/build/icyphy/ptII/ptolemy/domains/modal/test/auto/ErrorTransition4.xml
----------------- Instantiating /home/travis/build/icyphy/ptII/ptolemy/domains/modal/test/auto/ErrorTransition4.xml
9 ms. Memory: 235520K Free: 183711K (78%)
----------------- Invoking toplevel() on ptolemy.moml.MoMLSimpleApplication@1cba801e
----------------- Done invoking toplevel() on ptolemy.moml.MoMLSimpleApplication@1cba801e
reloadAllAccessors: .ErrorTransition4

===========================================================================================
----------------- testing Sun Feb 09 06:58:16 UTC 2020 /home/travis/build/icyphy/ptII/ptolemy/domains/modal/test/auto/ErrorTransition5.xml
----------------- Instantiating /home/travis/build/icyphy/ptII/ptolemy/domains/modal/test/auto/ErrorTransition5.xml
8 ms. Memory: 235520K Free: 173471K (74%)
----------------- Invoking toplevel() on ptolemy.moml.MoMLSimpleApplication@7ed8ef33
----------------- Done invoking toplevel() on ptolemy.moml.MoMLSimpleApplication@7ed8ef33
reloadAllAccessors: .ErrorTransition5

===========================================================================================
----------------- testing Sun Feb 09 06:58:16 UTC 2020 /home/travis/build/icyphy/ptII/ptolemy/domains/modal/test/auto/ErrorTransition6.xml
----------------- Instantiating /home/travis/build/icyphy/ptII/ptolemy/domains/modal/test/auto/ErrorTransition6.xml
10 ms. Memory: 235520K Free: 162717K (69%)
----------------- Invoking toplevel() on ptolemy.moml.MoMLSimpleApplication@5ab42aad
----------------- Done invoking toplevel() on ptolemy.moml.MoMLSimpleApplication@5ab42aad
reloadAllAccessors: .ErrorTransition6

===========================================================================================
----------------- testing Sun Feb 09 06:58:16 UTC 2020 /home/travis/build/icyphy/ptII/ptolemy/domains/modal/test/auto/ErrorTransition7.xml
----------------- Instantiating /home/travis/build/icyphy/ptII/ptolemy/domains/modal/test/auto/ErrorTransition7.xml
19 ms. Memory: 235520K Free: 149919K (64%)
----------------- Invoking toplevel() on ptolemy.moml.MoMLSimpleApplication@2ea57d0a
----------------- Done invoking toplevel() on ptolemy.moml.MoMLSimpleApplication@2ea57d0a
reloadAllAccessors: .ErrorTransition7

===========================================================================================
----------------- testing Sun Feb 09 06:58:16 UTC 2020 /home/travis/build/icyphy/ptII/ptolemy/domains/modal/test/auto/ErrorTransition8.xml
----------------- Instantiating /home/travis/build/icyphy/ptII/ptolemy/domains/modal/test/auto/ErrorTransition8.xml
26 ms. Memory: 235520K Free: 136607K (58%)
----------------- Invoking toplevel() on ptolemy.moml.MoMLSimpleApplication@68cb708
----------------- Done invoking toplevel() on ptolemy.moml.MoMLSimpleApplication@68cb708
reloadAllAccessors: .ErrorTransition8

===========================================================================================
----------------- testing Sun Feb 09 06:58:16 UTC 2020 /home/travis/build/icyphy/ptII/ptolemy/domains/modal/test/auto/ErrorTransition9.xml
----------------- Instantiating /home/travis/build/icyphy/ptII/ptolemy/domains/modal/test/auto/ErrorTransition9.xml
17 ms. Memory: 235520K Free: 123295K (52%)
----------------- Invoking toplevel() on ptolemy.moml.MoMLSimpleApplication@747cd2b9
----------------- Done invoking toplevel() on ptolemy.moml.MoMLSimpleApplication@747cd2b9
reloadAllAccessors: .ErrorTransition9

===========================================================================================
----------------- testing Sun Feb 09 06:58:16 UTC 2020 /home/travis/build/icyphy/ptII/ptolemy/domains/modal/test/auto/ExtendedFSM.xml
----------------- Instantiating /home/travis/build/icyphy/ptII/ptolemy/domains/modal/test/auto/ExtendedFSM.xml
9 ms. Memory: 235520K Free: 114575K (49%)
----------------- Invoking toplevel() on ptolemy.moml.MoMLSimpleApplication@3058e33
----------------- Done invoking toplevel() on ptolemy.moml.MoMLSimpleApplication@3058e33
reloadAllAccessors: .ExtendedFSM

===========================================================================================
----------------- testing Sun Feb 09 06:58:16 UTC 2020 /home/travis/build/icyphy/ptII/ptolemy/domains/modal/test/auto/FinalStates.xml
----------------- Instantiating /home/travis/build/icyphy/ptII/ptolemy/domains/modal/test/auto/FinalStates.xml
9 ms. Memory: 235520K Free: 106383K (45%)
----------------- Invoking toplevel() on ptolemy.moml.MoMLSimpleApplication@379ae384
----------------- Done invoking toplevel() on ptolemy.moml.MoMLSimpleApplication@379ae384
reloadAllAccessors: .FinalStates

===========================================================================================
----------------- testing Sun Feb 09 06:58:16 UTC 2020 /home/travis/build/icyphy/ptII/ptolemy/domains/modal/test/auto/FixedPointFSM.xml
----------------- Instantiating /home/travis/build/icyphy/ptII/ptolemy/domains/modal/test/auto/FixedPointFSM.xml
23 ms. Memory: 235520K Free: 91551K (39%)
----------------- Invoking toplevel() on ptolemy.moml.MoMLSimpleApplication@5beda00c
----------------- Done invoking toplevel() on ptolemy.moml.MoMLSimpleApplication@5beda00c
reloadAllAccessors: .FixedPointFSM

===========================================================================================
----------------- testing Sun Feb 09 06:58:16 UTC 2020 /home/travis/build/icyphy/ptII/ptolemy/domains/modal/test/auto/FixedPointIterationFSMActor.xml
----------------- Instantiating /home/travis/build/icyphy/ptII/ptolemy/domains/modal/test/auto/FixedPointIterationFSMActor.xml
8 ms. Memory: 235520K Free: 80791K (34%)
----------------- Invoking toplevel() on ptolemy.moml.MoMLSimpleApplication@11b408c8
----------------- Done invoking toplevel() on ptolemy.moml.MoMLSimpleApplication@11b408c8
reloadAllAccessors: .FixedPointIterationFSMActor

===========================================================================================
----------------- testing Sun Feb 09 06:58:16 UTC 2020 /home/travis/build/icyphy/ptII/ptolemy/domains/modal/test/auto/FixedPointIterationFSMActor2.xml
----------------- Instantiating /home/travis/build/icyphy/ptII/ptolemy/domains/modal/test/auto/FixedPointIterationFSMActor2.xml
10 ms. Memory: 235520K Free: 204730K (87%)
----------------- Invoking toplevel() on ptolemy.moml.MoMLSimpleApplication@297fa35f
----------------- Done invoking toplevel() on ptolemy.moml.MoMLSimpleApplication@297fa35f
reloadAllAccessors: .FixedPointIterationFSMActor2

===========================================================================================
----------------- testing Sun Feb 09 06:58:16 UTC 2020 /home/travis/build/icyphy/ptII/ptolemy/domains/modal/test/auto/ForbiddenInstantanousLoop.xml
----------------- Instantiating /home/travis/build/icyphy/ptII/ptolemy/domains/modal/test/auto/ForbiddenInstantanousLoop.xml
6 ms. Memory: 235520K Free: 192442K (82%)
----------------- Invoking toplevel() on ptolemy.moml.MoMLSimpleApplication@673f0a40
----------------- Done invoking toplevel() on ptolemy.moml.MoMLSimpleApplication@673f0a40
reloadAllAccessors: .ForbiddenInstantanousLoop

===========================================================================================
----------------- testing Sun Feb 09 06:58:16 UTC 2020 /home/travis/build/icyphy/ptII/ptolemy/domains/modal/test/auto/FunctionDependencyOfFSMActorTest.xml
----------------- Instantiating /home/travis/build/icyphy/ptII/ptolemy/domains/modal/test/auto/FunctionDependencyOfFSMActorTest.xml
8 ms. Memory: 235520K Free: 185274K (79%)
----------------- Invoking toplevel() on ptolemy.moml.MoMLSimpleApplication@31d46bfe
----------------- Done invoking toplevel() on ptolemy.moml.MoMLSimpleApplication@31d46bfe
reloadAllAccessors: .FunctionDependencyOfFSMActorTest

===========================================================================================
----------------- testing Sun Feb 09 06:58:16 UTC 2020 /home/travis/build/icyphy/ptII/ptolemy/domains/modal/test/auto/GuardExpression.xml
----------------- Instantiating /home/travis/build/icyphy/ptII/ptolemy/domains/modal/test/auto/GuardExpression.xml
2 ms. Memory: 235520K Free: 180154K (76%)
----------------- Invoking toplevel() on ptolemy.moml.MoMLSimpleApplication@4536dc69
----------------- Done invoking toplevel() on ptolemy.moml.MoMLSimpleApplication@4536dc69
reloadAllAccessors: .GuardExpression

===========================================================================================
----------------- testing Sun Feb 09 06:58:16 UTC 2020 /home/travis/build/icyphy/ptII/ptolemy/domains/modal/test/auto/GuardNotEvaluated.xml
----------------- Instantiating /home/travis/build/icyphy/ptII/ptolemy/domains/modal/test/auto/GuardNotEvaluated.xml
6 ms. Memory: 235520K Free: 171434K (73%)
----------------- Invoking toplevel() on ptolemy.moml.MoMLSimpleApplication@15d6ea4a
----------------- Done invoking toplevel() on ptolemy.moml.MoMLSimpleApplication@15d6ea4a
reloadAllAccessors: .GuardNotEvaluated

===========================================================================================
----------------- testing Sun Feb 09 06:58:16 UTC 2020 /home/travis/build/icyphy/ptII/ptolemy/domains/modal/test/auto/GuardNotEvaluated2.xml
----------------- Instantiating /home/travis/build/icyphy/ptII/ptolemy/domains/modal/test/auto/GuardNotEvaluated2.xml
9 ms. Memory: 235520K Free: 161722K (69%)
----------------- Invoking toplevel() on ptolemy.moml.MoMLSimpleApplication@4101d8a2
----------------- Done invoking toplevel() on ptolemy.moml.MoMLSimpleApplication@4101d8a2
reloadAllAccessors: .GuardNotEvaluated2

===========================================================================================
----------------- testing Sun Feb 09 06:58:16 UTC 2020 /home/travis/build/icyphy/ptII/ptolemy/domains/modal/test/auto/GuardOnAbsent.xml
----------------- Instantiating /home/travis/build/icyphy/ptII/ptolemy/domains/modal/test/auto/GuardOnAbsent.xml
10 ms. Memory: 235520K Free: 154005K (65%)
----------------- Invoking toplevel() on ptolemy.moml.MoMLSimpleApplication@4112ba53
----------------- Done invoking toplevel() on ptolemy.moml.MoMLSimpleApplication@4112ba53
reloadAllAccessors: .GuardOnAbsent

===========================================================================================
----------------- testing Sun Feb 09 06:58:16 UTC 2020 /home/travis/build/icyphy/ptII/ptolemy/domains/modal/test/auto/HierarchicalFSMTypeInference.xml
----------------- Instantiating /home/travis/build/icyphy/ptII/ptolemy/domains/modal/test/auto/HierarchicalFSMTypeInference.xml
5 ms. Memory: 235520K Free: 143800K (61%)
----------------- Invoking toplevel() on ptolemy.moml.MoMLSimpleApplication@4511ec52
----------------- Done invoking toplevel() on ptolemy.moml.MoMLSimpleApplication@4511ec52
reloadAllAccessors: .HierarchicalFSMTypeInference

===========================================================================================
----------------- testing Sun Feb 09 06:58:17 UTC 2020 /home/travis/build/icyphy/ptII/ptolemy/domains/modal/test/auto/Hysteresis.xml
----------------- Instantiating /home/travis/build/icyphy/ptII/ptolemy/domains/modal/test/auto/Hysteresis.xml
13 ms. Memory: 235520K Free: 130474K (55%)
----------------- Invoking toplevel() on ptolemy.moml.MoMLSimpleApplication@7a021e7f
----------------- Done invoking toplevel() on ptolemy.moml.MoMLSimpleApplication@7a021e7f
reloadAllAccessors: .Hysteresis

===========================================================================================
----------------- testing Sun Feb 09 06:58:17 UTC 2020 /home/travis/build/icyphy/ptII/ptolemy/domains/modal/test/auto/HysteresisWithDefault.xml
----------------- Instantiating /home/travis/build/icyphy/ptII/ptolemy/domains/modal/test/auto/HysteresisWithDefault.xml
37 ms. Memory: 235520K Free: 107450K (46%)
----------------- Invoking toplevel() on ptolemy.moml.MoMLSimpleApplication@6cea95cb
----------------- Done invoking toplevel() on ptolemy.moml.MoMLSimpleApplication@6cea95cb
reloadAllAccessors: .HysteresisWithDefault

===========================================================================================
----------------- testing Sun Feb 09 06:58:17 UTC 2020 /home/travis/build/icyphy/ptII/ptolemy/domains/modal/test/auto/HysteresisWithDefault2.xml
----------------- Instantiating /home/travis/build/icyphy/ptII/ptolemy/domains/modal/test/auto/HysteresisWithDefault2.xml
62 ms. Memory: 235520K Free: 212909K (90%)
----------------- Invoking toplevel() on ptolemy.moml.MoMLSimpleApplication@254cf700
----------------- Done invoking toplevel() on ptolemy.moml.MoMLSimpleApplication@254cf700
reloadAllAccessors: .HysteresisWithDefault2

===========================================================================================
----------------- testing Sun Feb 09 06:58:17 UTC 2020 /home/travis/build/icyphy/ptII/ptolemy/domains/modal/test/auto/ImmediateNonConstructiveness.xml
----------------- Instantiating /home/travis/build/icyphy/ptII/ptolemy/domains/modal/test/auto/ImmediateNonConstructiveness.xml
4 ms. Memory: 235520K Free: 205215K (87%)
----------------- Invoking toplevel() on ptolemy.moml.MoMLSimpleApplication@1a51d75d
----------------- Done invoking toplevel() on ptolemy.moml.MoMLSimpleApplication@1a51d75d
reloadAllAccessors: .ImmediateNonConstructiveness

===========================================================================================
----------------- testing Sun Feb 09 06:58:17 UTC 2020 /home/travis/build/icyphy/ptII/ptolemy/domains/modal/test/auto/ImmediateNonConstructiveness2.xml
----------------- Instantiating /home/travis/build/icyphy/ptII/ptolemy/domains/modal/test/auto/ImmediateNonConstructiveness2.xml
3 ms. Memory: 235520K Free: 198575K (84%)
----------------- Invoking toplevel() on ptolemy.moml.MoMLSimpleApplication@65876db3
----------------- Done invoking toplevel() on ptolemy.moml.MoMLSimpleApplication@65876db3
reloadAllAccessors: .ImmediateNonConstructiveness2

===========================================================================================
----------------- testing Sun Feb 09 06:58:17 UTC 2020 /home/travis/build/icyphy/ptII/ptolemy/domains/modal/test/auto/ImmediateTransitionReset.xml
----------------- Instantiating /home/travis/build/icyphy/ptII/ptolemy/domains/modal/test/auto/ImmediateTransitionReset.xml
8 ms. Memory: 235520K Free: 186797K (79%)
----------------- Invoking toplevel() on ptolemy.moml.MoMLSimpleApplication@40629659
----------------- Done invoking toplevel() on ptolemy.moml.MoMLSimpleApplication@40629659
reloadAllAccessors: .ImmediateTransitionReset

===========================================================================================
----------------- testing Sun Feb 09 06:58:17 UTC 2020 /home/travis/build/icyphy/ptII/ptolemy/domains/modal/test/auto/ImmediateTransitions1.xml
----------------- Instantiating /home/travis/build/icyphy/ptII/ptolemy/domains/modal/test/auto/ImmediateTransitions1.xml
2 ms. Memory: 235520K Free: 181677K (77%)
----------------- Invoking toplevel() on ptolemy.moml.MoMLSimpleApplication@6b3473c2
----------------- Done invoking toplevel() on ptolemy.moml.MoMLSimpleApplication@6b3473c2
reloadAllAccessors: .ImmediateTransitions1

===========================================================================================
----------------- testing Sun Feb 09 06:58:17 UTC 2020 /home/travis/build/icyphy/ptII/ptolemy/domains/modal/test/auto/ImmediateTransitionsInstantaneousCommunication.xml
----------------- Instantiating /home/travis/build/icyphy/ptII/ptolemy/domains/modal/test/auto/ImmediateTransitionsInstantaneousCommunication.xml
4 ms. Memory: 235520K Free: 169389K (72%)
----------------- Invoking toplevel() on ptolemy.moml.MoMLSimpleApplication@14b67fa6
----------------- Done invoking toplevel() on ptolemy.moml.MoMLSimpleApplication@14b67fa6
reloadAllAccessors: .ImmediateTransitionsInstantaneousCommunication

===========================================================================================
----------------- testing Sun Feb 09 06:58:17 UTC 2020 /home/travis/build/icyphy/ptII/ptolemy/domains/modal/test/auto/InitialImmediateTransition.xml
----------------- Instantiating /home/travis/build/icyphy/ptII/ptolemy/domains/modal/test/auto/InitialImmediateTransition.xml
5 ms. Memory: 235520K Free: 162215K (69%)
----------------- Invoking toplevel() on ptolemy.moml.MoMLSimpleApplication@48f3e5ec
----------------- Done invoking toplevel() on ptolemy.moml.MoMLSimpleApplication@48f3e5ec
reloadAllAccessors: .InitialImmediateTransition

===========================================================================================
----------------- testing Sun Feb 09 06:58:17 UTC 2020 /home/travis/build/icyphy/ptII/ptolemy/domains/modal/test/auto/InitialOutputs.xml
----------------- Instantiating /home/travis/build/icyphy/ptII/ptolemy/domains/modal/test/auto/InitialOutputs.xml
4 ms. Memory: 235520K Free: 156063K (66%)
----------------- Invoking toplevel() on ptolemy.moml.MoMLSimpleApplication@22c553ad
----------------- Done invoking toplevel() on ptolemy.moml.MoMLSimpleApplication@22c553ad
reloadAllAccessors: .InitialOutputs

===========================================================================================
----------------- testing Sun Feb 09 06:58:17 UTC 2020 /home/travis/build/icyphy/ptII/ptolemy/domains/modal/test/auto/InitialStateTransition1.xml
----------------- Instantiating /home/travis/build/icyphy/ptII/ptolemy/domains/modal/test/auto/InitialStateTransition1.xml
2 ms. Memory: 235520K Free: 148909K (63%)
----------------- Invoking toplevel() on ptolemy.moml.MoMLSimpleApplication@627b1626
----------------- Done invoking toplevel() on ptolemy.moml.MoMLSimpleApplication@627b1626
reloadAllAccessors: .InitialStateTransition1

===========================================================================================
----------------- testing Sun Feb 09 06:58:17 UTC 2020 /home/travis/build/icyphy/ptII/ptolemy/domains/modal/test/auto/InitialStateTransition2.xml
----------------- Instantiating /home/travis/build/icyphy/ptII/ptolemy/domains/modal/test/auto/InitialStateTransition2.xml
.InitialStateTransition2.TestExceptionAttributeNonConstructive: initialize() was not invoked, but wrapup() was.  This is unusual, but not always a problem.  For example, exporting JNLP will do this.
4 ms. Memory: 235520K Free: 141231K (60%)
----------------- Invoking toplevel() on ptolemy.moml.MoMLSimpleApplication@572e2cef
----------------- Done invoking toplevel() on ptolemy.moml.MoMLSimpleApplication@572e2cef
reloadAllAccessors: .InitialStateTransition2

===========================================================================================
----------------- testing Sun Feb 09 06:58:17 UTC 2020 /home/travis/build/icyphy/ptII/ptolemy/domains/modal/test/auto/InitialStateTransition3.xml
----------------- Instantiating /home/travis/build/icyphy/ptII/ptolemy/domains/modal/test/auto/InitialStateTransition3.xml
4 ms. Memory: 235520K Free: 132525K (56%)
----------------- Invoking toplevel() on ptolemy.moml.MoMLSimpleApplication@5eb8db6b
----------------- Done invoking toplevel() on ptolemy.moml.MoMLSimpleApplication@5eb8db6b
reloadAllAccessors: .InitialStateTransition3

===========================================================================================
----------------- testing Sun Feb 09 06:58:17 UTC 2020 /home/travis/build/icyphy/ptII/ptolemy/domains/modal/test/auto/InitialStateTransition4.xml
----------------- Instantiating /home/travis/build/icyphy/ptII/ptolemy/domains/modal/test/auto/InitialStateTransition4.xml
4 ms. Memory: 235520K Free: 122799K (52%)
----------------- Invoking toplevel() on ptolemy.moml.MoMLSimpleApplication@67a45148
----------------- Done invoking toplevel() on ptolemy.moml.MoMLSimpleApplication@67a45148
[...]
reloadAllAccessors: .TerminationTransition3

===========================================================================================
----------------- testing Sun Feb 09 06:58:19 UTC 2020 /home/travis/build/icyphy/ptII/ptolemy/domains/modal/test/auto/TerminationTransition4.xml
----------------- Instantiating /home/travis/build/icyphy/ptII/ptolemy/domains/modal/test/auto/TerminationTransition4.xml
6 ms. Memory: 282624K Free: 178981K (63%)
----------------- Invoking toplevel() on ptolemy.moml.MoMLSimpleApplication@7f7a3d17
----------------- Done invoking toplevel() on ptolemy.moml.MoMLSimpleApplication@7f7a3d17
reloadAllAccessors: .TerminationTransition4

===========================================================================================
----------------- testing Sun Feb 09 06:58:19 UTC 2020 /home/travis/build/icyphy/ptII/ptolemy/domains/modal/test/auto/TerminationTransition5.xml
----------------- Instantiating /home/travis/build/icyphy/ptII/ptolemy/domains/modal/test/auto/TerminationTransition5.xml
2 ms. Memory: 282624K Free: 165159K (58%)
----------------- Invoking toplevel() on ptolemy.moml.MoMLSimpleApplication@35682eb2
----------------- Done invoking toplevel() on ptolemy.moml.MoMLSimpleApplication@35682eb2
reloadAllAccessors: .TerminationTransition5

===========================================================================================
----------------- testing Sun Feb 09 06:58:19 UTC 2020 /home/travis/build/icyphy/ptII/ptolemy/domains/modal/test/auto/TerminationTransition6.xml
----------------- Instantiating /home/travis/build/icyphy/ptII/ptolemy/domains/modal/test/auto/TerminationTransition6.xml
1 ms. Memory: 282624K Free: 156453K (55%)
----------------- Invoking toplevel() on ptolemy.moml.MoMLSimpleApplication@6899a79a
----------------- Done invoking toplevel() on ptolemy.moml.MoMLSimpleApplication@6899a79a
reloadAllAccessors: .TerminationTransition6

===========================================================================================
----------------- testing Sun Feb 09 06:58:19 UTC 2020 /home/travis/build/icyphy/ptII/ptolemy/domains/modal/test/auto/TerminationTransition7.xml
----------------- Instantiating /home/travis/build/icyphy/ptII/ptolemy/domains/modal/test/auto/TerminationTransition7.xml
2 ms. Memory: 282624K Free: 147237K (52%)
----------------- Invoking toplevel() on ptolemy.moml.MoMLSimpleApplication@49975be3
----------------- Done invoking toplevel() on ptolemy.moml.MoMLSimpleApplication@49975be3
reloadAllAccessors: .TerminationTransition7

===========================================================================================
----------------- testing Sun Feb 09 06:58:19 UTC 2020 /home/travis/build/icyphy/ptII/ptolemy/domains/modal/test/auto/TerminationTransition8.xml
----------------- Instantiating /home/travis/build/icyphy/ptII/ptolemy/domains/modal/test/auto/TerminationTransition8.xml
2 ms. Memory: 282624K Free: 138021K (49%)
----------------- Invoking toplevel() on ptolemy.moml.MoMLSimpleApplication@41385b5
----------------- Done invoking toplevel() on ptolemy.moml.MoMLSimpleApplication@41385b5
reloadAllAccessors: .TerminationTransition8

===========================================================================================
----------------- testing Sun Feb 09 06:58:19 UTC 2020 /home/travis/build/icyphy/ptII/ptolemy/domains/modal/test/auto/Thermostat_NoHysteresis.xml
----------------- Instantiating /home/travis/build/icyphy/ptII/ptolemy/domains/modal/test/auto/Thermostat_NoHysteresis.xml
28 ms. Memory: 282624K Free: 113445K (40%)
----------------- Invoking toplevel() on ptolemy.moml.MoMLSimpleApplication@2fb3f135
----------------- Done invoking toplevel() on ptolemy.moml.MoMLSimpleApplication@2fb3f135
reloadAllAccessors: .Thermostat_NoHysteresis

===========================================================================================
----------------- testing Sun Feb 09 06:58:19 UTC 2020 /home/travis/build/icyphy/ptII/ptolemy/domains/modal/test/auto/TimedFSM.xml
----------------- Instantiating /home/travis/build/icyphy/ptII/ptolemy/domains/modal/test/auto/TimedFSM.xml
8 ms. Memory: 282624K Free: 101671K (36%)
----------------- Invoking toplevel() on ptolemy.moml.MoMLSimpleApplication@70a1b48c
----------------- Done invoking toplevel() on ptolemy.moml.MoMLSimpleApplication@70a1b48c
reloadAllAccessors: .TimedFSM

===========================================================================================
----------------- testing Sun Feb 09 06:58:19 UTC 2020 /home/travis/build/icyphy/ptII/ptolemy/domains/modal/test/auto/Timeout1.xml
----------------- Instantiating /home/travis/build/icyphy/ptII/ptolemy/domains/modal/test/auto/Timeout1.xml
3 ms. Memory: 282624K Free: 260027K (92%)
----------------- Invoking toplevel() on ptolemy.moml.MoMLSimpleApplication@2f101799
----------------- Done invoking toplevel() on ptolemy.moml.MoMLSimpleApplication@2f101799
reloadAllAccessors: .Timeout1

===========================================================================================
----------------- testing Sun Feb 09 06:58:19 UTC 2020 /home/travis/build/icyphy/ptII/ptolemy/domains/modal/test/auto/Timeout2.xml
----------------- Instantiating /home/travis/build/icyphy/ptII/ptolemy/domains/modal/test/auto/Timeout2.xml
11 ms. Memory: 282624K Free: 251339K (89%)
----------------- Invoking toplevel() on ptolemy.moml.MoMLSimpleApplication@65b2550f
----------------- Done invoking toplevel() on ptolemy.moml.MoMLSimpleApplication@65b2550f
reloadAllAccessors: .Timeout2

===========================================================================================
----------------- testing Sun Feb 09 06:58:19 UTC 2020 /home/travis/build/icyphy/ptII/ptolemy/domains/modal/test/auto/Timeout3.xml
----------------- Instantiating /home/travis/build/icyphy/ptII/ptolemy/domains/modal/test/auto/Timeout3.xml
2 ms. Memory: 282624K Free: 246219K (87%)
----------------- Invoking toplevel() on ptolemy.moml.MoMLSimpleApplication@48781163
----------------- Done invoking toplevel() on ptolemy.moml.MoMLSimpleApplication@48781163
reloadAllAccessors: .Timeout3

===========================================================================================
----------------- testing Sun Feb 09 06:58:19 UTC 2020 /home/travis/build/icyphy/ptII/ptolemy/domains/modal/test/auto/Timeout4.xml
----------------- Instantiating /home/travis/build/icyphy/ptII/ptolemy/domains/modal/test/auto/Timeout4.xml
2 ms. Memory: 282624K Free: 241099K (85%)
----------------- Invoking toplevel() on ptolemy.moml.MoMLSimpleApplication@2606c803
----------------- Done invoking toplevel() on ptolemy.moml.MoMLSimpleApplication@2606c803
reloadAllAccessors: .Timeout4

===========================================================================================
----------------- testing Sun Feb 09 06:58:19 UTC 2020 /home/travis/build/icyphy/ptII/ptolemy/domains/modal/test/auto/TransientstateModelAdvanced.xml
----------------- Instantiating /home/travis/build/icyphy/ptII/ptolemy/domains/modal/test/auto/TransientstateModelAdvanced.xml
3 ms. Memory: 282624K Free: 228811K (81%)
----------------- Invoking toplevel() on ptolemy.moml.MoMLSimpleApplication@672323
----------------- Done invoking toplevel() on ptolemy.moml.MoMLSimpleApplication@672323
reloadAllAccessors: .TransientstateModelAdvanced

===========================================================================================
----------------- testing Sun Feb 09 06:58:19 UTC 2020 /home/travis/build/icyphy/ptII/ptolemy/domains/modal/test/auto/TransientstateModelAdvanced2.xml
----------------- Instantiating /home/travis/build/icyphy/ptII/ptolemy/domains/modal/test/auto/TransientstateModelAdvanced2.xml
3 ms. Memory: 282624K Free: 214971K (76%)
----------------- Invoking toplevel() on ptolemy.moml.MoMLSimpleApplication@6c7d0ad3
----------------- Done invoking toplevel() on ptolemy.moml.MoMLSimpleApplication@6c7d0ad3
reloadAllAccessors: .transientstatemodelAdvanced

===========================================================================================
----------------- testing Sun Feb 09 06:58:19 UTC 2020 /home/travis/build/icyphy/ptII/ptolemy/domains/modal/test/auto/TransitionRefinements.xml
----------------- Instantiating /home/travis/build/icyphy/ptII/ptolemy/domains/modal/test/auto/TransitionRefinements.xml
7 ms. Memory: 282624K Free: 205259K (73%)
----------------- Invoking toplevel() on ptolemy.moml.MoMLSimpleApplication@1afa92bd
----------------- Done invoking toplevel() on ptolemy.moml.MoMLSimpleApplication@1afa92bd
reloadAllAccessors: .TransitionRefinements

===========================================================================================
----------------- testing Sun Feb 09 06:58:19 UTC 2020 /home/travis/build/icyphy/ptII/ptolemy/domains/modal/test/auto/TwoRefinements1.xml
----------------- Instantiating /home/travis/build/icyphy/ptII/ptolemy/domains/modal/test/auto/TwoRefinements1.xml
3 ms. Memory: 282624K Free: 195529K (69%)
----------------- Invoking toplevel() on ptolemy.moml.MoMLSimpleApplication@58464d0
----------------- Done invoking toplevel() on ptolemy.moml.MoMLSimpleApplication@58464d0
reloadAllAccessors: .TwoRefinements1

===========================================================================================
----------------- testing Sun Feb 09 06:58:19 UTC 2020 /home/travis/build/icyphy/ptII/ptolemy/domains/modal/test/auto/TwoRefinements2.xml
----------------- Instantiating /home/travis/build/icyphy/ptII/ptolemy/domains/modal/test/auto/TwoRefinements2.xml
2 ms. Memory: 282624K Free: 185803K (66%)
----------------- Invoking toplevel() on ptolemy.moml.MoMLSimpleApplication@12429763
----------------- Done invoking toplevel() on ptolemy.moml.MoMLSimpleApplication@12429763
reloadAllAccessors: .TwoRefinements2

===========================================================================================
----------------- testing Sun Feb 09 06:58:19 UTC 2020 /home/travis/build/icyphy/ptII/ptolemy/domains/modal/test/auto/WeakImmediateTransition.xml
----------------- Instantiating /home/travis/build/icyphy/ptII/ptolemy/domains/modal/test/auto/WeakImmediateTransition.xml
6 ms. Memory: 282624K Free: 177097K (63%)
----------------- Invoking toplevel() on ptolemy.moml.MoMLSimpleApplication@16cde099
----------------- Done invoking toplevel() on ptolemy.moml.MoMLSimpleApplication@16cde099
reloadAllAccessors: .WeakImmediateTransition

===========================================================================================
----------------- testing Sun Feb 09 06:58:19 UTC 2020 /home/travis/build/icyphy/ptII/ptolemy/domains/modal/test/auto/booleanSelect.xml
----------------- Instantiating /home/travis/build/icyphy/ptII/ptolemy/domains/modal/test/auto/booleanSelect.xml
24 ms. Memory: 282624K Free: 159179K (56%)
----------------- Invoking toplevel() on ptolemy.moml.MoMLSimpleApplication@60c1bb0f
----------------- Done invoking toplevel() on ptolemy.moml.MoMLSimpleApplication@60c1bb0f
reloadAllAccessors: .booleanSelect

===========================================================================================
----------------- testing Sun Feb 09 06:58:20 UTC 2020 /home/travis/build/icyphy/ptII/ptolemy/domains/modal/test/auto/modalChangingParams.xml
----------------- Instantiating /home/travis/build/icyphy/ptII/ptolemy/domains/modal/test/auto/modalChangingParams.xml
0
1
0
2
4
6
8
7
0
2
4
6
8
13
0
2
4
6
8
19
0
2
4
6
8
25
0
2
4
6
8
31
0
2
4
6
8
37
0
2
4
6
8
43
0
2
4
6
8
49
0
2
4
6
8
55
0
2
4
6
8
61
0
2
4
6
8
67
0
2
4
6
8
73
0
2
4
6
8
79
0
2
4
6
8
85
0
2
4
6
8
91
0
2
4
6
8
97
0
2
4
6
8
103
0
2
4
6
8
109
0
2
4
6
8
115
0
2
4
6
8
121
0
2
4
6
8
127
0
2
4
6
8
133
0
2
4
6
8
139
0
2
4
6
8
145
0
2
4
6
8
151
0
2
4
6
8
157
0
2
4
6
8
163
0
2
4
6
8
169
0
2
4
6
8
175
0
2
4
6
8
181
0
2
4
6
8
187
0
2
4
6
8
193
0
2
4
6
8
199
0
2
4
6
8
205
0
2
4
6
8
211
0
2
4
6
8
217
0
2
4
6
8
223
0
2
4
6
8
229
0
2
4
6
8
235
0
2
4
6
8
241
0
2
4
6
8
247
0
2
4
6
8
253
0
2
4
6
8
259
0
2
4
6
8
265
0
2
4
6
8
271
0
2
4
6
8
277
0
2
4
6
8
283
0
2
4
6
8
289
0
2
4
6
8
295
0
2
4
6
8
301
0
2
4
6
8
307
0
2
4
6
8
313
0
2
4
6
8
319
0
2
4
6
8
325
0
2
4
6
8
331
0
2
4
6
8
337
0
2
4
6
8
343
0
2
4
6
8
349
0
2
4
6
8
355
0
2
4
6
8
361
0
2
4
6
8
367
0
2
4
6
8
373
0
2
4
6
8
379
0
2
4
6
8
385
0
2
4
6
8
391
0
2
4
6
8
397
0
2
4
6
8
403
0
2
4
6
8
409
0
2
4
6
8
415
0
2
4
6
8
421
0
2
4
6
8
427
0
2
4
6
8
433
0
2
4
6
8
439
0
2
4
6
8
445
0
2
4
6
8
451
0
2
4
6
8
457
0
2
4
6
8
463
0
2
4
6
8
469
0
2
4
6
8
475
0
2
4
6
8
481
0
2
4
6
8
487
0
2
4
6
8
493
0
2
4
6
8
499
0
2
4
6
8
505
0
2
4
6
8
511
0
2
4
6
8
517
0
2
4
6
8
523
0
2
4
6
8
529
0
2
4
6
8
535
0
2
4
6
8
541
0
2
4
6
8
547
0
2
4
6
8
553
0
2
4
6
8
559
0
2
4
6
8
565
0
2
4
6
8
571
0
2
4
6
8
577
0
2
4
6
8
583
0
2
4
6
8
589
0
2
4
6
8
595
0
2
4
6
8
601
0
2
4
6
8
607
0
2
4
6
8
613
0
2
4
6
8
619
0
2
4
6
8
625
0
2
4
6
8
631
0
2
4
6
8
637
0
2
4
6
8
643
0
2
4
6
8
649
0
2
4
6
8
655
0
2
4
6
8
661
0
2
4
6
8
667
0
2
4
6
8
673
0
2
4
6
8
679
0
2
4
6
8
685
0
2
4
6
8
691
0
2
4
6
8
697
0
2
4
6
8
703
0
2
4
6
8
709
0
2
4
6
8
715
0
2
4
6
8
721
0
2
4
6
8
727
0
2
4
6
8
733
0
2
4
6
8
739
0
2
4
6
8
745
0
2
4
6
8
751
0
2
4
6
8
757
0
2
4
6
8
763
0
2
4
6
8
769
0
2
4
6
8
775
0
2
4
6
8
781
0
2
4
6
8
787
0
2
4
6
8
793
0
2
4
6
8
799
0
2
4
6
8
805
0
2
4
6
8
811
0
2
4
6
8
817
0
2
4
6
8
823
0
2
4
6
8
829
0
2
4
6
8
835
0
2
4
6
8
841
0
2
4
6
8
847
0
2
4
6
8
853
0
2
4
6
8
859
0
2
4
6
8
865
0
2
4
6
8
871
0
2
4
6
8
877
0
2
4
6
8
883
0
2
4
6
8
889
0
2
4
6
8
895
0
2
4
6
8
901
0
2
4
6
8
907
0
2
4
6
8
913
0
2
4
6
8
919
0
2
4
6
8
925
0
2
4
6
8
931
0
2
4
6
8
937
0
2
4
6
8
943
0
2
4
6
8
949
0
2
4
6
8
955
0
2
4
6
8
961
0
2
4
6
8
967
0
2
4
6
8
973
0
2
4
6
8
979
0
2
4
6
8
985
0
2
4
6
8
991
0
2
4
6
8
997
0
2
275 ms. Memory: 339968K Free: 266663K (78%)
----------------- Invoking toplevel() on ptolemy.moml.MoMLSimpleApplication@4e441f4a
----------------- Done invoking toplevel() on ptolemy.moml.MoMLSimpleApplication@4e441f4a
reloadAllAccessors: .modalChangingParams

===========================================================================================
----------------- testing Sun Feb 09 06:58:20 UTC 2020 /home/travis/build/icyphy/ptII/ptolemy/domains/modal/test/auto/modalModel.xml
----------------- Instantiating /home/travis/build/icyphy/ptII/ptolemy/domains/modal/test/auto/modalModel.xml
6 ms. Memory: 339968K Free: 257447K (76%)
----------------- Invoking toplevel() on ptolemy.moml.MoMLSimpleApplication@10e8f9d3
----------------- Done invoking toplevel() on ptolemy.moml.MoMLSimpleApplication@10e8f9d3
reloadAllAccessors: .modalModel

===========================================================================================
----------------- testing Sun Feb 09 06:58:20 UTC 2020 /home/travis/build/icyphy/ptII/ptolemy/domains/modal/test/auto/modalModel2.xml
----------------- Instantiating /home/travis/build/icyphy/ptII/ptolemy/domains/modal/test/auto/modalModel2.xml
11 ms. Memory: 339968K Free: 246679K (73%)
----------------- Invoking toplevel() on ptolemy.moml.MoMLSimpleApplication@477c4c2d
----------------- Done invoking toplevel() on ptolemy.moml.MoMLSimpleApplication@477c4c2d
reloadAllAccessors: .modalModel2

===========================================================================================
----------------- testing Sun Feb 09 06:58:20 UTC 2020 /home/travis/build/icyphy/ptII/ptolemy/domains/modal/test/auto/modalModel3.xml
----------------- Instantiating /home/travis/build/icyphy/ptII/ptolemy/domains/modal/test/auto/modalModel3.xml
0	0	0
3	2	1
6	4	2
9	6	3
4	0	4
7	2	5
10	4	6
13	6	7
8	0	8
11	2	9
14	4	10
17	6	11
12	0	12
15	2	13
18	4	14
21 ms. Memory: 339968K Free: 231847K (68%)
----------------- Invoking toplevel() on ptolemy.moml.MoMLSimpleApplication@53638ec4
----------------- Done invoking toplevel() on ptolemy.moml.MoMLSimpleApplication@53638ec4
reloadAllAccessors: .modalModel3

===========================================================================================
----------------- testing Sun Feb 09 06:58:20 UTC 2020 /home/travis/build/icyphy/ptII/ptolemy/domains/modal/test/auto/model1.xml
----------------- Instantiating /home/travis/build/icyphy/ptII/ptolemy/domains/modal/test/auto/model1.xml
12 ms. Memory: 339968K Free: 226199K (67%)
----------------- Invoking toplevel() on ptolemy.moml.MoMLSimpleApplication@dd540e8
----------------- Done invoking toplevel() on ptolemy.moml.MoMLSimpleApplication@dd540e8
reloadAllAccessors: .model1

===========================================================================================
----------------- testing Sun Feb 09 06:58:20 UTC 2020 /home/travis/build/icyphy/ptII/ptolemy/domains/modal/test/auto/test-direct-in-out.xml
----------------- Instantiating /home/travis/build/icyphy/ptII/ptolemy/domains/modal/test/auto/test-direct-in-out.xml
4 ms. Memory: 339968K Free: 218535K (64%)
----------------- Invoking toplevel() on ptolemy.moml.MoMLSimpleApplication@40da2c2
----------------- Done invoking toplevel() on ptolemy.moml.MoMLSimpleApplication@40da2c2
reloadAllAccessors: .test-direct-in-out
AutoTests.java: About to close Vertx.
AutoTests.java: Vertx closed.
]]></system-out>
  <system-err><![CDATA[java.lang.RuntimeException: Execution failed
	at ptolemy.moml.MoMLSimpleApplication$UnloadThread.run(MoMLSimpleApplication.java:402)
Caused by: ptolemy.kernel.util.IllegalActionException: Unknown inputs remain. Possible causality loop:
L_model_1893289564i

  in .CannotAnalysisWithPreemption.model_1893289564_region_1 and .CannotAnalysisWithPreemption.model_1893289564_region_1.L_model_1893289564i
	at ptolemy.actor.sched.FixedPointDirector.postfire(FixedPointDirector.java:515)
	at ptolemy.domains.sr.kernel.SRDirector.postfire(SRDirector.java:417)
	at ptolemy.actor.CompositeActor.postfire(CompositeActor.java:1668)
	at ptolemy.actor.Manager.iterate(Manager.java:852)
	at ptolemy.actor.Manager.execute(Manager.java:369)
	at ptolemy.actor.Manager.run(Manager.java:1263)
	at ptolemy.actor.Manager$PtolemyRunThread.run(Manager.java:1933)
java.lang.reflect.InvocationTargetException
	at java.base/jdk.internal.reflect.NativeConstructorAccessorImpl.newInstance0(Native Method)
	at java.base/jdk.internal.reflect.NativeConstructorAccessorImpl.newInstance(NativeConstructorAccessorImpl.java:62)
	at java.base/jdk.internal.reflect.DelegatingConstructorAccessorImpl.newInstance(DelegatingConstructorAccessorImpl.java:45)
	at java.base/java.lang.reflect.Constructor.newInstance(Constructor.java:490)
	at ptolemy.util.test.junit.AutoKnownFailedTests.RunModel(AutoKnownFailedTests.java:105)
	at java.base/jdk.internal.reflect.NativeMethodAccessorImpl.invoke0(Native Method)
	at java.base/jdk.internal.reflect.NativeMethodAccessorImpl.invoke(NativeMethodAccessorImpl.java:62)
	at java.base/jdk.internal.reflect.DelegatingMethodAccessorImpl.invoke(DelegatingMethodAccessorImpl.java:43)
	at java.base/java.lang.reflect.Method.invoke(Method.java:566)
	at org.junit.runners.model.FrameworkMethod$1.runReflectiveCall(FrameworkMethod.java:44)
	at org.junit.internal.runners.model.ReflectiveCallable.run(ReflectiveCallable.java:15)
	at org.junit.runners.model.FrameworkMethod.invokeExplosively(FrameworkMethod.java:41)
	at junitparams.internal.InvokeParameterisedMethod.evaluate(InvokeParameterisedMethod.java:102)
	at org.junit.internal.runners.statements.FailOnTimeout$1.run(FailOnTimeout.java:28)
Caused by: ptolemy.kernel.util.IllegalActionException: Unknown inputs remain. Possible causality loop:
L_model_1893289564i

  in .CannotAnalysisWithPreemption.model_1893289564_region_1 and .CannotAnalysisWithPreemption.model_1893289564_region_1.L_model_1893289564i
	at ptolemy.actor.sched.FixedPointDirector.postfire(FixedPointDirector.java:515)
	at ptolemy.domains.sr.kernel.SRDirector.postfire(SRDirector.java:417)
	at ptolemy.actor.CompositeActor.postfire(CompositeActor.java:1668)
	at ptolemy.actor.Manager.iterate(Manager.java:852)
	at ptolemy.actor.Manager.execute(Manager.java:369)
	at ptolemy.actor.Manager.run(Manager.java:1263)
	at ptolemy.actor.Manager$PtolemyRunThread.run(Manager.java:1933)
]]></system-err>
</testsuite>
