<?xml version="1.0" encoding="UTF-8" ?>
<testsuite errors="0" failures="0" hostname="travis-job-b9b25319-3aa8-48a6-bb91-9fc9c8f1274b" name="ptolemy.actor.lib.hoc.test.junit.JUnitTclTest" skipped="0" tests="58" time="23.232" timestamp="2018-07-19T01:45:18">
  <properties>
[...]
</properties>
  <testcase classname="ptolemy.util.test.junit.TclTests" name="[0] /home/travis/build/icyphy/ptII/ptolemy/actor/lib/hoc/test/IterateOverArray.tcl (RunTclFile)" time="0.288" />
  <testcase classname="ptolemy.util.test.junit.AutoKnownFailedTests" name="[0] /home/travis/build/icyphy/ptII/ptolemy/actor/lib/hoc/test/auto/knownFailedTests/PreinitializeMustBeInvokedRunComposite.xml (RunModel)" time="0.234" />
  <testcase classname="ptolemy.util.test.junit.AutoNameArchTests" name="[0] ThereAreNoAutoArchTests (RunModel)" time="0.002" />
  <testcase classname="ptolemy.util.test.junit.AutoTests" name="[0] /home/travis/build/icyphy/ptII/ptolemy/actor/lib/hoc/test/auto/AllToAllMultiInstanceComposite.xml (RunModel)" time="0.32" />
  <testcase classname="ptolemy.util.test.junit.AutoTests" name="[1] /home/travis/build/icyphy/ptII/ptolemy/actor/lib/hoc/test/auto/ApplyFFTTest.xml (RunModel)" time="0.294" />
  <testcase classname="ptolemy.util.test.junit.AutoTests" name="[2] /home/travis/build/icyphy/ptII/ptolemy/actor/lib/hoc/test/auto/ApplyFunction.xml (RunModel)" time="0.027" />
  <testcase classname="ptolemy.util.test.junit.AutoTests" name="[3] /home/travis/build/icyphy/ptII/ptolemy/actor/lib/hoc/test/auto/BackgroundExecution.xml (RunModel)" time="0.719" />
  <testcase classname="ptolemy.util.test.junit.AutoTests" name="[4] /home/travis/build/icyphy/ptII/ptolemy/actor/lib/hoc/test/auto/Case.xml (RunModel)" time="0.061" />
  <testcase classname="ptolemy.util.test.junit.AutoTests" name="[5] /home/travis/build/icyphy/ptII/ptolemy/actor/lib/hoc/test/auto/Case1.xml (RunModel)" time="0.036" />
  <testcase classname="ptolemy.util.test.junit.AutoTests" name="[6] /home/travis/build/icyphy/ptII/ptolemy/actor/lib/hoc/test/auto/Case2.xml (RunModel)" time="0.084" />
  <testcase classname="ptolemy.util.test.junit.AutoTests" name="[7] /home/travis/build/icyphy/ptII/ptolemy/actor/lib/hoc/test/auto/Case3.xml (RunModel)" time="0.061" />
  <testcase classname="ptolemy.util.test.junit.AutoTests" name="[8] /home/travis/build/icyphy/ptII/ptolemy/actor/lib/hoc/test/auto/Case4.xml (RunModel)" time="0.061" />
  <testcase classname="ptolemy.util.test.junit.AutoTests" name="[9] /home/travis/build/icyphy/ptII/ptolemy/actor/lib/hoc/test/auto/Case5.xml (RunModel)" time="0.079" />
  <testcase classname="ptolemy.util.test.junit.AutoTests" name="[10] /home/travis/build/icyphy/ptII/ptolemy/actor/lib/hoc/test/auto/Case6.xml (RunModel)" time="0.12" />
  <testcase classname="ptolemy.util.test.junit.AutoTests" name="[11] /home/travis/build/icyphy/ptII/ptolemy/actor/lib/hoc/test/auto/CaseString2.xml (RunModel)" time="0.045" />
  <testcase classname="ptolemy.util.test.junit.AutoTests" name="[12] /home/travis/build/icyphy/ptII/ptolemy/actor/lib/hoc/test/auto/CatchUpComposite1.xml (RunModel)" time="0.048" />
  <testcase classname="ptolemy.util.test.junit.AutoTests" name="[13] /home/travis/build/icyphy/ptII/ptolemy/actor/lib/hoc/test/auto/CatchUpComposite2.xml (RunModel)" time="0.059" />
  <testcase classname="ptolemy.util.test.junit.AutoTests" name="[14] /home/travis/build/icyphy/ptII/ptolemy/actor/lib/hoc/test/auto/CatchUpComposite3.xml (RunModel)" time="0.047" />
  <testcase classname="ptolemy.util.test.junit.AutoTests" name="[15] /home/travis/build/icyphy/ptII/ptolemy/actor/lib/hoc/test/auto/CatchUpComposite4.xml (RunModel)" time="0.054" />
  <testcase classname="ptolemy.util.test.junit.AutoTests" name="[16] /home/travis/build/icyphy/ptII/ptolemy/actor/lib/hoc/test/auto/CatchUpComposite5.xml (RunModel)" time="0.039" />
  <testcase classname="ptolemy.util.test.junit.AutoTests" name="[17] /home/travis/build/icyphy/ptII/ptolemy/actor/lib/hoc/test/auto/CatchUpComposite6.xml (RunModel)" time="0.158" />
  <testcase classname="ptolemy.util.test.junit.AutoTests" name="[18] /home/travis/build/icyphy/ptII/ptolemy/actor/lib/hoc/test/auto/CatchUpComposite7.xml (RunModel)" time="0.087" />
  <testcase classname="ptolemy.util.test.junit.AutoTests" name="[19] /home/travis/build/icyphy/ptII/ptolemy/actor/lib/hoc/test/auto/ConcurrentExecutionTimeSDF.xml (RunModel)" time="0.959" />
  <testcase classname="ptolemy.util.test.junit.AutoTests" name="[20] /home/travis/build/icyphy/ptII/ptolemy/actor/lib/hoc/test/auto/ConcurrentSleep.xml (RunModel)" time="0.78" />
  <testcase classname="ptolemy.util.test.junit.AutoTests" name="[21] /home/travis/build/icyphy/ptII/ptolemy/actor/lib/hoc/test/auto/DEInPNInRunCompositeActor.xml (RunModel)" time="0.023" />
  <testcase classname="ptolemy.util.test.junit.AutoTests" name="[22] /home/travis/build/icyphy/ptII/ptolemy/actor/lib/hoc/test/auto/DFTSubSetTest.xml (RunModel)" time="0.195" />
  <testcase classname="ptolemy.util.test.junit.AutoTests" name="[23] /home/travis/build/icyphy/ptII/ptolemy/actor/lib/hoc/test/auto/HocDE.xml (RunModel)" time="0.175" />
  <testcase classname="ptolemy.util.test.junit.AutoTests" name="[24] /home/travis/build/icyphy/ptII/ptolemy/actor/lib/hoc/test/auto/IterateOverArray.xml (RunModel)" time="0.037" />
  <testcase classname="ptolemy.util.test.junit.AutoTests" name="[25] /home/travis/build/icyphy/ptII/ptolemy/actor/lib/hoc/test/auto/IterateOverArray10.xml (RunModel)" time="0.023" />
  <testcase classname="ptolemy.util.test.junit.AutoTests" name="[26] /home/travis/build/icyphy/ptII/ptolemy/actor/lib/hoc/test/auto/IterateOverArray11.xml (RunModel)" time="0.022" />
  <testcase classname="ptolemy.util.test.junit.AutoTests" name="[27] /home/travis/build/icyphy/ptII/ptolemy/actor/lib/hoc/test/auto/IterateOverArray12.xml (RunModel)" time="0.044" />
  <testcase classname="ptolemy.util.test.junit.AutoTests" name="[28] /home/travis/build/icyphy/ptII/ptolemy/actor/lib/hoc/test/auto/IterateOverArray13.xml (RunModel)" time="0.161" />
  <testcase classname="ptolemy.util.test.junit.AutoTests" name="[29] /home/travis/build/icyphy/ptII/ptolemy/actor/lib/hoc/test/auto/IterateOverArray14.xml (RunModel)" time="0.145" />
  <testcase classname="ptolemy.util.test.junit.AutoTests" name="[30] /home/travis/build/icyphy/ptII/ptolemy/actor/lib/hoc/test/auto/IterateOverArray2.xml (RunModel)" time="0.02" />
  <testcase classname="ptolemy.util.test.junit.AutoTests" name="[31] /home/travis/build/icyphy/ptII/ptolemy/actor/lib/hoc/test/auto/IterateOverArray3.xml (RunModel)" time="0.035" />
  <testcase classname="ptolemy.util.test.junit.AutoTests" name="[32] /home/travis/build/icyphy/ptII/ptolemy/actor/lib/hoc/test/auto/IterateOverArray4.xml (RunModel)" time="0.026" />
  <testcase classname="ptolemy.util.test.junit.AutoTests" name="[33] /home/travis/build/icyphy/ptII/ptolemy/actor/lib/hoc/test/auto/IterateOverArray5.xml (RunModel)" time="0.023" />
  <testcase classname="ptolemy.util.test.junit.AutoTests" name="[34] /home/travis/build/icyphy/ptII/ptolemy/actor/lib/hoc/test/auto/IterateOverArray6.xml (RunModel)" time="0.02" />
  <testcase classname="ptolemy.util.test.junit.AutoTests" name="[35] /home/travis/build/icyphy/ptII/ptolemy/actor/lib/hoc/test/auto/IterateOverArray7.xml (RunModel)" time="0.02" />
  <testcase classname="ptolemy.util.test.junit.AutoTests" name="[36] /home/travis/build/icyphy/ptII/ptolemy/actor/lib/hoc/test/auto/IterateOverArray8.xml (RunModel)" time="0.021" />
  <testcase classname="ptolemy.util.test.junit.AutoTests" name="[37] /home/travis/build/icyphy/ptII/ptolemy/actor/lib/hoc/test/auto/IterateOverArray9.xml (RunModel)" time="0.029" />
  <testcase classname="ptolemy.util.test.junit.AutoTests" name="[38] /home/travis/build/icyphy/ptII/ptolemy/actor/lib/hoc/test/auto/IterateOverArrayCoercedOutputType.xml (RunModel)" time="0.038" />
  <testcase classname="ptolemy.util.test.junit.AutoTests" name="[39] /home/travis/build/icyphy/ptII/ptolemy/actor/lib/hoc/test/auto/IterateOverArrayInferredOutputType.xml (RunModel)" time="0.035" />
  <testcase classname="ptolemy.util.test.junit.AutoTests" name="[40] /home/travis/build/icyphy/ptII/ptolemy/actor/lib/hoc/test/auto/MobileFunctionTest.xml (RunModel)" time="0.024" />
  <testcase classname="ptolemy.util.test.junit.AutoTests" name="[41] /home/travis/build/icyphy/ptII/ptolemy/actor/lib/hoc/test/auto/MobileModelTest.xml (RunModel)" time="0.107" />
  <testcase classname="ptolemy.util.test.junit.AutoTests" name="[42] /home/travis/build/icyphy/ptII/ptolemy/actor/lib/hoc/test/auto/ModelReference.xml (RunModel)" time="0.074" />
  <testcase classname="ptolemy.util.test.junit.AutoTests" name="[43] /home/travis/build/icyphy/ptII/ptolemy/actor/lib/hoc/test/auto/ModelReference3.xml (RunModel)" time="0.072" />
  <testcase classname="ptolemy.util.test.junit.AutoTests" name="[44] /home/travis/build/icyphy/ptII/ptolemy/actor/lib/hoc/test/auto/ModelReference4.xml (RunModel)" time="10.047" />
  <testcase classname="ptolemy.util.test.junit.AutoTests" name="[45] /home/travis/build/icyphy/ptII/ptolemy/actor/lib/hoc/test/auto/MultiInstanceComposite.xml (RunModel)" time="0.04" />
  <testcase classname="ptolemy.util.test.junit.AutoTests" name="[46] /home/travis/build/icyphy/ptII/ptolemy/actor/lib/hoc/test/auto/MultiInstanceComposite2.xml (RunModel)" time="0.035" />
  <testcase classname="ptolemy.util.test.junit.AutoTests" name="[47] /home/travis/build/icyphy/ptII/ptolemy/actor/lib/hoc/test/auto/MulticoreExecution.xml (RunModel)" time="1.07" />
  <testcase classname="ptolemy.util.test.junit.AutoTests" name="[48] /home/travis/build/icyphy/ptII/ptolemy/actor/lib/hoc/test/auto/ParallelExecution.xml (RunModel)" time="0.932" />
  <testcase classname="ptolemy.util.test.junit.AutoTests" name="[49] /home/travis/build/icyphy/ptII/ptolemy/actor/lib/hoc/test/auto/RunCompositeActor.xml (RunModel)" time="0.029" />
  <testcase classname="ptolemy.util.test.junit.AutoTests" name="[50] /home/travis/build/icyphy/ptII/ptolemy/actor/lib/hoc/test/auto/RunCompositeActor2.xml (RunModel)" time="0.043" />
  <testcase classname="ptolemy.util.test.junit.AutoTests" name="[51] /home/travis/build/icyphy/ptII/ptolemy/actor/lib/hoc/test/auto/RunCompositeActor3.xml (RunModel)" time="0.031" />
  <testcase classname="ptolemy.util.test.junit.AutoTests" name="[52] /home/travis/build/icyphy/ptII/ptolemy/actor/lib/hoc/test/auto/RunCompositeActor4.xml (RunModel)" time="0.027" />
  <testcase classname="ptolemy.util.test.junit.AutoTests" name="[53] /home/travis/build/icyphy/ptII/ptolemy/actor/lib/hoc/test/auto/RunCompositeIterateOverArray.xml (RunModel)" time="0.029" />
  <testcase classname="ptolemy.util.test.junit.AutoTests" name="[54] /home/travis/build/icyphy/ptII/ptolemy/actor/lib/hoc/test/auto/ThreadedJS.xml (RunModel)" time="4.456" />
  <system-out><![CDATA[/home/travis/build/icyphy/ptII/ptolemy/actor/lib/hoc/test/IterateOverArray.tcl
testDefs.tcl: setting time out to 9000 seconds at Thu Jul 19 01:45:18 UTC 2018
07/19/18 01:45:18
Failed: 0  Total Tests: 2  ((Passed: 2, Newly Passed: 0)  Known Failed: 0) /home/travis/build/icyphy/ptII/ptolemy/actor/lib/hoc/test
----------------- testing (KnownFailure) /home/travis/build/icyphy/ptII/ptolemy/actor/lib/hoc/test/auto/knownFailedTests/PreinitializeMustBeInvokedRunComposite.xml
31 ms. Memory: 116224K Free: 103607K (89%)
Known Failure: java.lang.reflect.InvocationTargetException
No auto/linux-amd64/*.xml tests in /home/travis/build/icyphy/ptII/ptolemy/actor/lib/hoc/test
AutoTests.java: About to close Vertx.
AutoTests.java: Vertx closed.

===========================================================================================
----------------- testing Thu Jul 19 01:45:19 UTC 2018 /home/travis/build/icyphy/ptII/ptolemy/actor/lib/hoc/test/auto/AllToAllMultiInstanceComposite.xml
----------------- Instantiating /home/travis/build/icyphy/ptII/ptolemy/actor/lib/hoc/test/auto/AllToAllMultiInstanceComposite.xml
142 ms. Memory: 146944K Free: 107577K (73%)
----------------- Invoking toplevel() on ptolemy.moml.MoMLSimpleApplication@6c12e44c
----------------- Done invoking toplevel() on ptolemy.moml.MoMLSimpleApplication@6c12e44c
reloadAllAccessors: .AllToAllMultiInstanceComposite

===========================================================================================
----------------- testing Thu Jul 19 01:45:19 UTC 2018 /home/travis/build/icyphy/ptII/ptolemy/actor/lib/hoc/test/auto/ApplyFFTTest.xml
----------------- Instantiating /home/travis/build/icyphy/ptII/ptolemy/actor/lib/hoc/test/auto/ApplyFFTTest.xml
120 ms. Memory: 146944K Free: 87658K (60%)
----------------- Invoking toplevel() on ptolemy.moml.MoMLSimpleApplication@73bb8642
----------------- Done invoking toplevel() on ptolemy.moml.MoMLSimpleApplication@73bb8642
reloadAllAccessors: .ApplyFFTTest

===========================================================================================
----------------- testing Thu Jul 19 01:45:19 UTC 2018 /home/travis/build/icyphy/ptII/ptolemy/actor/lib/hoc/test/auto/ApplyFunction.xml
----------------- Instantiating /home/travis/build/icyphy/ptII/ptolemy/actor/lib/hoc/test/auto/ApplyFunction.xml
5 ms. Memory: 146944K Free: 83899K (57%)
----------------- Invoking toplevel() on ptolemy.moml.MoMLSimpleApplication@48547dfc
----------------- Done invoking toplevel() on ptolemy.moml.MoMLSimpleApplication@48547dfc
reloadAllAccessors: .ApplyFunction

===========================================================================================
----------------- testing Thu Jul 19 01:45:19 UTC 2018 /home/travis/build/icyphy/ptII/ptolemy/actor/lib/hoc/test/auto/BackgroundExecution.xml
----------------- Instantiating /home/travis/build/icyphy/ptII/ptolemy/actor/lib/hoc/test/auto/BackgroundExecution.xml
633 ms. Memory: 146944K Free: 136868K (93%)
----------------- Invoking toplevel() on ptolemy.moml.MoMLSimpleApplication@281b93d9
----------------- Done invoking toplevel() on ptolemy.moml.MoMLSimpleApplication@281b93d9
reloadAllAccessors: .BackgroundExecution

===========================================================================================
----------------- testing Thu Jul 19 01:45:20 UTC 2018 /home/travis/build/icyphy/ptII/ptolemy/actor/lib/hoc/test/auto/Case.xml
----------------- Instantiating /home/travis/build/icyphy/ptII/ptolemy/actor/lib/hoc/test/auto/Case.xml
24 ms. Memory: 146944K Free: 128515K (87%)
----------------- Invoking toplevel() on ptolemy.moml.MoMLSimpleApplication@f488632
----------------- Done invoking toplevel() on ptolemy.moml.MoMLSimpleApplication@f488632
reloadAllAccessors: .Case

===========================================================================================
----------------- testing Thu Jul 19 01:45:20 UTC 2018 /home/travis/build/icyphy/ptII/ptolemy/actor/lib/hoc/test/auto/Case1.xml
----------------- Instantiating /home/travis/build/icyphy/ptII/ptolemy/actor/lib/hoc/test/auto/Case1.xml
9 ms. Memory: 146944K Free: 121342K (83%)
----------------- Invoking toplevel() on ptolemy.moml.MoMLSimpleApplication@5c14fca9
----------------- Done invoking toplevel() on ptolemy.moml.MoMLSimpleApplication@5c14fca9
reloadAllAccessors: .Case1

===========================================================================================
----------------- testing Thu Jul 19 01:45:20 UTC 2018 /home/travis/build/icyphy/ptII/ptolemy/actor/lib/hoc/test/auto/Case2.xml
----------------- Instantiating /home/travis/build/icyphy/ptII/ptolemy/actor/lib/hoc/test/auto/Case2.xml
44 ms. Memory: 146944K Free: 109718K (75%)
----------------- Invoking toplevel() on ptolemy.moml.MoMLSimpleApplication@135d2e2b
----------------- Done invoking toplevel() on ptolemy.moml.MoMLSimpleApplication@135d2e2b
reloadAllAccessors: .Case2

===========================================================================================
----------------- testing Thu Jul 19 01:45:20 UTC 2018 /home/travis/build/icyphy/ptII/ptolemy/actor/lib/hoc/test/auto/Case3.xml
----------------- Instantiating /home/travis/build/icyphy/ptII/ptolemy/actor/lib/hoc/test/auto/Case3.xml
11 ms. Memory: 146944K Free: 103100K (70%)
----------------- Invoking toplevel() on ptolemy.moml.MoMLSimpleApplication@138688d
----------------- Done invoking toplevel() on ptolemy.moml.MoMLSimpleApplication@138688d
reloadAllAccessors: .Case3

===========================================================================================
----------------- testing Thu Jul 19 01:45:20 UTC 2018 /home/travis/build/icyphy/ptII/ptolemy/actor/lib/hoc/test/auto/Case4.xml
----------------- Instantiating /home/travis/build/icyphy/ptII/ptolemy/actor/lib/hoc/test/auto/Case4.xml
15 ms. Memory: 146944K Free: 94015K (64%)
----------------- Invoking toplevel() on ptolemy.moml.MoMLSimpleApplication@491199b2
----------------- Done invoking toplevel() on ptolemy.moml.MoMLSimpleApplication@491199b2
reloadAllAccessors: .Case4

===========================================================================================
----------------- testing Thu Jul 19 01:45:20 UTC 2018 /home/travis/build/icyphy/ptII/ptolemy/actor/lib/hoc/test/auto/Case5.xml
----------------- Instantiating /home/travis/build/icyphy/ptII/ptolemy/actor/lib/hoc/test/auto/Case5.xml
44 ms. Memory: 146944K Free: 86875K (59%)
----------------- Invoking toplevel() on ptolemy.moml.MoMLSimpleApplication@4efa1ef7
----------------- Done invoking toplevel() on ptolemy.moml.MoMLSimpleApplication@4efa1ef7
reloadAllAccessors: .junk

===========================================================================================
----------------- testing Thu Jul 19 01:45:21 UTC 2018 /home/travis/build/icyphy/ptII/ptolemy/actor/lib/hoc/test/auto/Case6.xml
----------------- Instantiating /home/travis/build/icyphy/ptII/ptolemy/actor/lib/hoc/test/auto/Case6.xml
46 ms. Memory: 208384K Free: 196490K (94%)
----------------- Invoking toplevel() on ptolemy.moml.MoMLSimpleApplication@55d1881a
----------------- Done invoking toplevel() on ptolemy.moml.MoMLSimpleApplication@55d1881a
reloadAllAccessors: .Case6

===========================================================================================
----------------- testing Thu Jul 19 01:45:21 UTC 2018 /home/travis/build/icyphy/ptII/ptolemy/actor/lib/hoc/test/auto/CaseString2.xml
----------------- Instantiating /home/travis/build/icyphy/ptII/ptolemy/actor/lib/hoc/test/auto/CaseString2.xml
15 ms. Memory: 208384K Free: 186876K (90%)
----------------- Invoking toplevel() on ptolemy.moml.MoMLSimpleApplication@6a698de6
----------------- Done invoking toplevel() on ptolemy.moml.MoMLSimpleApplication@6a698de6
reloadAllAccessors: .CaseString2

===========================================================================================
----------------- testing Thu Jul 19 01:45:21 UTC 2018 /home/travis/build/icyphy/ptII/ptolemy/actor/lib/hoc/test/auto/CatchUpComposite1.xml
----------------- Instantiating /home/travis/build/icyphy/ptII/ptolemy/actor/lib/hoc/test/auto/CatchUpComposite1.xml
11 ms. Memory: 208384K Free: 177013K (85%)
----------------- Invoking toplevel() on ptolemy.moml.MoMLSimpleApplication@28134ac6
----------------- Done invoking toplevel() on ptolemy.moml.MoMLSimpleApplication@28134ac6
reloadAllAccessors: .CatchUpComposite1

===========================================================================================
----------------- testing Thu Jul 19 01:45:21 UTC 2018 /home/travis/build/icyphy/ptII/ptolemy/actor/lib/hoc/test/auto/CatchUpComposite2.xml
----------------- Instantiating /home/travis/build/icyphy/ptII/ptolemy/actor/lib/hoc/test/auto/CatchUpComposite2.xml
16 ms. Memory: 208384K Free: 167166K (80%)
----------------- Invoking toplevel() on ptolemy.moml.MoMLSimpleApplication@db46c0d
----------------- Done invoking toplevel() on ptolemy.moml.MoMLSimpleApplication@db46c0d
reloadAllAccessors: .CatchUpComposite2

===========================================================================================
----------------- testing Thu Jul 19 01:45:21 UTC 2018 /home/travis/build/icyphy/ptII/ptolemy/actor/lib/hoc/test/auto/CatchUpComposite3.xml
----------------- Instantiating /home/travis/build/icyphy/ptII/ptolemy/actor/lib/hoc/test/auto/CatchUpComposite3.xml
10 ms. Memory: 208384K Free: 156355K (75%)
----------------- Invoking toplevel() on ptolemy.moml.MoMLSimpleApplication@403375b1
----------------- Done invoking toplevel() on ptolemy.moml.MoMLSimpleApplication@403375b1
reloadAllAccessors: .CatchUpComposite3

===========================================================================================
----------------- testing Thu Jul 19 01:45:21 UTC 2018 /home/travis/build/icyphy/ptII/ptolemy/actor/lib/hoc/test/auto/CatchUpComposite4.xml
----------------- Instantiating /home/travis/build/icyphy/ptII/ptolemy/actor/lib/hoc/test/auto/CatchUpComposite4.xml
16 ms. Memory: 208384K Free: 147138K (71%)
----------------- Invoking toplevel() on ptolemy.moml.MoMLSimpleApplication@43ddefbc
----------------- Done invoking toplevel() on ptolemy.moml.MoMLSimpleApplication@43ddefbc
reloadAllAccessors: .CatchUpComposite4

===========================================================================================
----------------- testing Thu Jul 19 01:45:21 UTC 2018 /home/travis/build/icyphy/ptII/ptolemy/actor/lib/hoc/test/auto/CatchUpComposite5.xml
----------------- Instantiating /home/travis/build/icyphy/ptII/ptolemy/actor/lib/hoc/test/auto/CatchUpComposite5.xml
10 ms. Memory: 208384K Free: 138488K (66%)
----------------- Invoking toplevel() on ptolemy.moml.MoMLSimpleApplication@41cad3c
----------------- Done invoking toplevel() on ptolemy.moml.MoMLSimpleApplication@41cad3c
reloadAllAccessors: .CatchUpComposite5

===========================================================================================
----------------- testing Thu Jul 19 01:45:21 UTC 2018 /home/travis/build/icyphy/ptII/ptolemy/actor/lib/hoc/test/auto/CatchUpComposite6.xml
----------------- Instantiating /home/travis/build/icyphy/ptII/ptolemy/actor/lib/hoc/test/auto/CatchUpComposite6.xml
WARNING: The execution aspects in this model can influence the timing of actors by delaying the 
execution, potentially changing the behavior. There is no guarantee that actors fire at the 
time they request to be fired. 
Use Ptides for deterministic DE behavior that is not influenced by execution aspects. 

89 ms. Memory: 208384K Free: 119624K (57%)
----------------- Invoking toplevel() on ptolemy.moml.MoMLSimpleApplication@6cb31289
----------------- Done invoking toplevel() on ptolemy.moml.MoMLSimpleApplication@6cb31289
reloadAllAccessors: .CatchUpComposite6

===========================================================================================
----------------- testing Thu Jul 19 01:45:21 UTC 2018 /home/travis/build/icyphy/ptII/ptolemy/actor/lib/hoc/test/auto/CatchUpComposite7.xml
----------------- Instantiating /home/travis/build/icyphy/ptII/ptolemy/actor/lib/hoc/test/auto/CatchUpComposite7.xml
WARNING: The execution aspects in this model can influence the timing of actors by delaying the 
execution, potentially changing the behavior. There is no guarantee that actors fire at the 
time they request to be fired. 
Use Ptides for deterministic DE behavior that is not influenced by execution aspects. 

38 ms. Memory: 208384K Free: 102874K (49%)
----------------- Invoking toplevel() on ptolemy.moml.MoMLSimpleApplication@7d7763f5
----------------- Done invoking toplevel() on ptolemy.moml.MoMLSimpleApplication@7d7763f5
reloadAllAccessors: .CatchUpComposite7

===========================================================================================
----------------- testing Thu Jul 19 01:45:21 UTC 2018 /home/travis/build/icyphy/ptII/ptolemy/actor/lib/hoc/test/auto/ConcurrentExecutionTimeSDF.xml
----------------- Instantiating /home/travis/build/icyphy/ptII/ptolemy/actor/lib/hoc/test/auto/ConcurrentExecutionTimeSDF.xml
Fired ExecutionTime: 40400000
Fired ExecutionTime: 40400000
Fired ExecutionTime: 40400000
Fired ExecutionTime: 40400000
Fired ExecutionTime: 40400000
Fired ExecutionTime: 40400000
Fired ExecutionTime: 40400000
Fired ExecutionTime: 40400000
Fired ExecutionTime: 40400000
Fired ExecutionTime: 40400000
Fired ExecutionTime: 40400000
Fired ExecutionTime: 40400000
Fired ExecutionTime: 40400000
Fired ExecutionTime: 40400000
Fired ExecutionTime: 40400000
Fired ExecutionTime: 40400000
Fired ExecutionTime: 40400000
Fired ExecutionTime: 40400000
Fired ExecutionTime: 40400000
Fired ExecutionTime: 40400000
939 ms. Memory: 208384K Free: 94240K (45%)
----------------- Invoking toplevel() on ptolemy.moml.MoMLSimpleApplication@6a732aef
----------------- Done invoking toplevel() on ptolemy.moml.MoMLSimpleApplication@6a732aef
reloadAllAccessors: .ConcurrentExecutionTimeSDF

===========================================================================================
----------------- testing Thu Jul 19 01:45:22 UTC 2018 /home/travis/build/icyphy/ptII/ptolemy/actor/lib/hoc/test/auto/ConcurrentSleep.xml
----------------- Instantiating /home/travis/build/icyphy/ptII/ptolemy/actor/lib/hoc/test/auto/ConcurrentSleep.xml
747 ms. Memory: 208384K Free: 200928K (96%)
----------------- Invoking toplevel() on ptolemy.moml.MoMLSimpleApplication@3181854c
----------------- Done invoking toplevel() on ptolemy.moml.MoMLSimpleApplication@3181854c
reloadAllAccessors: .ConcurrentSleep

===========================================================================================
----------------- testing Thu Jul 19 01:45:23 UTC 2018 /home/travis/build/icyphy/ptII/ptolemy/actor/lib/hoc/test/auto/DEInPNInRunCompositeActor.xml
----------------- Instantiating /home/travis/build/icyphy/ptII/ptolemy/actor/lib/hoc/test/auto/DEInPNInRunCompositeActor.xml
9 ms. Memory: 208384K Free: 193488K (93%)
----------------- Invoking toplevel() on ptolemy.moml.MoMLSimpleApplication@760e8036
----------------- Done invoking toplevel() on ptolemy.moml.MoMLSimpleApplication@760e8036
reloadAllAccessors: .DEInPNInRunCompositeActor

===========================================================================================
----------------- testing Thu Jul 19 01:45:23 UTC 2018 /home/travis/build/icyphy/ptII/ptolemy/actor/lib/hoc/test/auto/DFTSubSetTest.xml
----------------- Instantiating /home/travis/build/icyphy/ptII/ptolemy/actor/lib/hoc/test/auto/DFTSubSetTest.xml
119 ms. Memory: 208384K Free: 145738K (70%)
----------------- Invoking toplevel() on ptolemy.moml.MoMLSimpleApplication@7019ce80
----------------- Done invoking toplevel() on ptolemy.moml.MoMLSimpleApplication@7019ce80
reloadAllAccessors: .DFTSubSetTest

===========================================================================================
----------------- testing Thu Jul 19 01:45:23 UTC 2018 /home/travis/build/icyphy/ptII/ptolemy/actor/lib/hoc/test/auto/HocDE.xml
----------------- Instantiating /home/travis/build/icyphy/ptII/ptolemy/actor/lib/hoc/test/auto/HocDE.xml
133 ms. Memory: 208384K Free: 118020K (57%)
----------------- Invoking toplevel() on ptolemy.moml.MoMLSimpleApplication@15314a1c
----------------- Done invoking toplevel() on ptolemy.moml.MoMLSimpleApplication@15314a1c
reloadAllAccessors: .HocDE

===========================================================================================
----------------- testing Thu Jul 19 01:45:23 UTC 2018 /home/travis/build/icyphy/ptII/ptolemy/actor/lib/hoc/test/auto/IterateOverArray.xml
----------------- Instantiating /home/travis/build/icyphy/ptII/ptolemy/actor/lib/hoc/test/auto/IterateOverArray.xml
6 ms. Memory: 208384K Free: 113556K (54%)
----------------- Invoking toplevel() on ptolemy.moml.MoMLSimpleApplication@582a181b
----------------- Done invoking toplevel() on ptolemy.moml.MoMLSimpleApplication@582a181b
reloadAllAccessors: .IterateOverArray

===========================================================================================
----------------- testing Thu Jul 19 01:45:23 UTC 2018 /home/travis/build/icyphy/ptII/ptolemy/actor/lib/hoc/test/auto/IterateOverArray10.xml
----------------- Instantiating /home/travis/build/icyphy/ptII/ptolemy/actor/lib/hoc/test/auto/IterateOverArray10.xml
8 ms. Memory: 208384K Free: 109421K (53%)
----------------- Invoking toplevel() on ptolemy.moml.MoMLSimpleApplication@5cf4113a
----------------- Done invoking toplevel() on ptolemy.moml.MoMLSimpleApplication@5cf4113a
reloadAllAccessors: .IterateOverArray10

===========================================================================================
----------------- testing Thu Jul 19 01:45:23 UTC 2018 /home/travis/build/icyphy/ptII/ptolemy/actor/lib/hoc/test/auto/IterateOverArray11.xml
----------------- Instantiating /home/travis/build/icyphy/ptII/ptolemy/actor/lib/hoc/test/auto/IterateOverArray11.xml
5 ms. Memory: 208384K Free: 104933K (50%)
----------------- Invoking toplevel() on ptolemy.moml.MoMLSimpleApplication@2a284d9
----------------- Done invoking toplevel() on ptolemy.moml.MoMLSimpleApplication@2a284d9
reloadAllAccessors: .IterateOverArray11

===========================================================================================
----------------- testing Thu Jul 19 01:45:23 UTC 2018 /home/travis/build/icyphy/ptII/ptolemy/actor/lib/hoc/test/auto/IterateOverArray12.xml
----------------- Instantiating /home/travis/build/icyphy/ptII/ptolemy/actor/lib/hoc/test/auto/IterateOverArray12.xml
18 ms. Memory: 208384K Free: 97857K (47%)
----------------- Invoking toplevel() on ptolemy.moml.MoMLSimpleApplication@3c53e9f7
----------------- Done invoking toplevel() on ptolemy.moml.MoMLSimpleApplication@3c53e9f7
reloadAllAccessors: .IterateOverArray12

===========================================================================================
----------------- testing Thu Jul 19 01:45:24 UTC 2018 /home/travis/build/icyphy/ptII/ptolemy/actor/lib/hoc/test/auto/IterateOverArray13.xml
----------------- Instantiating /home/travis/build/icyphy/ptII/ptolemy/actor/lib/hoc/test/auto/IterateOverArray13.xml
69 ms. Memory: 331776K Free: 313738K (95%)
----------------- Invoking toplevel() on ptolemy.moml.MoMLSimpleApplication@65ee8f45
----------------- Done invoking toplevel() on ptolemy.moml.MoMLSimpleApplication@65ee8f45
reloadAllAccessors: .IterateOverArray13

===========================================================================================
----------------- testing Thu Jul 19 01:45:24 UTC 2018 /home/travis/build/icyphy/ptII/ptolemy/actor/lib/hoc/test/auto/IterateOverArray14.xml
----------------- Instantiating /home/travis/build/icyphy/ptII/ptolemy/actor/lib/hoc/test/auto/IterateOverArray14.xml
67 ms. Memory: 331776K Free: 277074K (84%)
----------------- Invoking toplevel() on ptolemy.moml.MoMLSimpleApplication@7d2d3ef8
----------------- Done invoking toplevel() on ptolemy.moml.MoMLSimpleApplication@7d2d3ef8
reloadAllAccessors: .IterateOverArray14

===========================================================================================
----------------- testing Thu Jul 19 01:45:24 UTC 2018 /home/travis/build/icyphy/ptII/ptolemy/actor/lib/hoc/test/auto/IterateOverArray2.xml
----------------- Instantiating /home/travis/build/icyphy/ptII/ptolemy/actor/lib/hoc/test/auto/IterateOverArray2.xml
5 ms. Memory: 331776K Free: 272153K (82%)
----------------- Invoking toplevel() on ptolemy.moml.MoMLSimpleApplication@813127f
----------------- Done invoking toplevel() on ptolemy.moml.MoMLSimpleApplication@813127f
reloadAllAccessors: .IterateOverArray2

===========================================================================================
----------------- testing Thu Jul 19 01:45:24 UTC 2018 /home/travis/build/icyphy/ptII/ptolemy/actor/lib/hoc/test/auto/IterateOverArray3.xml
----------------- Instantiating /home/travis/build/icyphy/ptII/ptolemy/actor/lib/hoc/test/auto/IterateOverArray3.xml
17 ms. Memory: 331776K Free: 263917K (80%)
----------------- Invoking toplevel() on ptolemy.moml.MoMLSimpleApplication@4bfb4bed
----------------- Done invoking toplevel() on ptolemy.moml.MoMLSimpleApplication@4bfb4bed
reloadAllAccessors: .IterateOverArray3

===========================================================================================
----------------- testing Thu Jul 19 01:45:24 UTC 2018 /home/travis/build/icyphy/ptII/ptolemy/actor/lib/hoc/test/auto/IterateOverArray4.xml
----------------- Instantiating /home/travis/build/icyphy/ptII/ptolemy/actor/lib/hoc/test/auto/IterateOverArray4.xml
4 ms. Memory: 331776K Free: 258996K (78%)
----------------- Invoking toplevel() on ptolemy.moml.MoMLSimpleApplication@39f62eb0
----------------- Done invoking toplevel() on ptolemy.moml.MoMLSimpleApplication@39f62eb0
reloadAllAccessors: .IterateOverArray4

===========================================================================================
----------------- testing Thu Jul 19 01:45:24 UTC 2018 /home/travis/build/icyphy/ptII/ptolemy/actor/lib/hoc/test/auto/IterateOverArray5.xml
----------------- Instantiating /home/travis/build/icyphy/ptII/ptolemy/actor/lib/hoc/test/auto/IterateOverArray5.xml
3 ms. Memory: 331776K Free: 254083K (77%)
----------------- Invoking toplevel() on ptolemy.moml.MoMLSimpleApplication@7de27ead
----------------- Done invoking toplevel() on ptolemy.moml.MoMLSimpleApplication@7de27ead
reloadAllAccessors: .IterateOverArray5

===========================================================================================
----------------- testing Thu Jul 19 01:45:24 UTC 2018 /home/travis/build/icyphy/ptII/ptolemy/actor/lib/hoc/test/auto/IterateOverArray6.xml
----------------- Instantiating /home/travis/build/icyphy/ptII/ptolemy/actor/lib/hoc/test/auto/IterateOverArray6.xml
2 ms. Memory: 331776K Free: 249541K (75%)
----------------- Invoking toplevel() on ptolemy.moml.MoMLSimpleApplication@6de6e8e6
----------------- Done invoking toplevel() on ptolemy.moml.MoMLSimpleApplication@6de6e8e6
reloadAllAccessors: .IterateOverArray6

===========================================================================================
----------------- testing Thu Jul 19 01:45:24 UTC 2018 /home/travis/build/icyphy/ptII/ptolemy/actor/lib/hoc/test/auto/IterateOverArray7.xml
----------------- Instantiating /home/travis/build/icyphy/ptII/ptolemy/actor/lib/hoc/test/auto/IterateOverArray7.xml
6 ms. Memory: 331776K Free: 244636K (74%)
----------------- Invoking toplevel() on ptolemy.moml.MoMLSimpleApplication@4204b29a
----------------- Done invoking toplevel() on ptolemy.moml.MoMLSimpleApplication@4204b29a
reloadAllAccessors: .IterateOverArray7

===========================================================================================
----------------- testing Thu Jul 19 01:45:24 UTC 2018 /home/travis/build/icyphy/ptII/ptolemy/actor/lib/hoc/test/auto/IterateOverArray8.xml
----------------- Instantiating /home/travis/build/icyphy/ptII/ptolemy/actor/lib/hoc/test/auto/IterateOverArray8.xml
5 ms. Memory: 331776K Free: 238869K (72%)
----------------- Invoking toplevel() on ptolemy.moml.MoMLSimpleApplication@1d968d83
----------------- Done invoking toplevel() on ptolemy.moml.MoMLSimpleApplication@1d968d83
reloadAllAccessors: .IterateOverArray8

===========================================================================================
----------------- testing Thu Jul 19 01:45:24 UTC 2018 /home/travis/build/icyphy/ptII/ptolemy/actor/lib/hoc/test/auto/IterateOverArray9.xml
----------------- Instantiating /home/travis/build/icyphy/ptII/ptolemy/actor/lib/hoc/test/auto/IterateOverArray9.xml
11 ms. Memory: 331776K Free: 233964K (71%)
----------------- Invoking toplevel() on ptolemy.moml.MoMLSimpleApplication@18cdd469
----------------- Done invoking toplevel() on ptolemy.moml.MoMLSimpleApplication@18cdd469
reloadAllAccessors: .IterateOverArray9

===========================================================================================
----------------- testing Thu Jul 19 01:45:24 UTC 2018 /home/travis/build/icyphy/ptII/ptolemy/actor/lib/hoc/test/auto/IterateOverArrayCoercedOutputType.xml
----------------- Instantiating /home/travis/build/icyphy/ptII/ptolemy/actor/lib/hoc/test/auto/IterateOverArrayCoercedOutputType.xml
4 ms. Memory: 331776K Free: 227816K (69%)
----------------- Invoking toplevel() on ptolemy.moml.MoMLSimpleApplication@8a2660e
----------------- Done invoking toplevel() on ptolemy.moml.MoMLSimpleApplication@8a2660e
reloadAllAccessors: .IterateOverArrayCoercedOutputType

===========================================================================================
----------------- testing Thu Jul 19 01:45:24 UTC 2018 /home/travis/build/icyphy/ptII/ptolemy/actor/lib/hoc/test/auto/IterateOverArrayInferredOutputType.xml
----------------- Instantiating /home/travis/build/icyphy/ptII/ptolemy/actor/lib/hoc/test/auto/IterateOverArrayInferredOutputType.xml
9 ms. Memory: 331776K Free: 220822K (67%)
----------------- Invoking toplevel() on ptolemy.moml.MoMLSimpleApplication@30f652ee
----------------- Done invoking toplevel() on ptolemy.moml.MoMLSimpleApplication@30f652ee
reloadAllAccessors: .IterateOverArrayInferredOutputType

===========================================================================================
----------------- testing Thu Jul 19 01:45:24 UTC 2018 /home/travis/build/icyphy/ptII/ptolemy/actor/lib/hoc/test/auto/MobileFunctionTest.xml
----------------- Instantiating /home/travis/build/icyphy/ptII/ptolemy/actor/lib/hoc/test/auto/MobileFunctionTest.xml
6 ms. Memory: 331776K Free: 215901K (65%)
----------------- Invoking toplevel() on ptolemy.moml.MoMLSimpleApplication@6f1e64db
----------------- Done invoking toplevel() on ptolemy.moml.MoMLSimpleApplication@6f1e64db
reloadAllAccessors: .MobileFunctionTest

===========================================================================================
----------------- testing Thu Jul 19 01:45:24 UTC 2018 /home/travis/build/icyphy/ptII/ptolemy/actor/lib/hoc/test/auto/MobileModelTest.xml
----------------- Instantiating /home/travis/build/icyphy/ptII/ptolemy/actor/lib/hoc/test/auto/MobileModelTest.xml
73 ms. Memory: 331776K Free: 194926K (59%)
----------------- Invoking toplevel() on ptolemy.moml.MoMLSimpleApplication@708d996e
----------------- Done invoking toplevel() on ptolemy.moml.MoMLSimpleApplication@708d996e
reloadAllAccessors: .MobileModelTest

===========================================================================================
----------------- testing Thu Jul 19 01:45:24 UTC 2018 /home/travis/build/icyphy/ptII/ptolemy/actor/lib/hoc/test/auto/ModelReference.xml
----------------- Instantiating /home/travis/build/icyphy/ptII/ptolemy/actor/lib/hoc/test/auto/ModelReference.xml
2 ms. Memory: 331776K Free: 185455K (56%)
2 ms. Memory: 331776K Free: 184213K (56%)
2 ms. Memory: 331776K Free: 184213K (56%)
1 ms. Memory: 331776K Free: 182971K (55%)
1 ms. Memory: 331776K Free: 181729K (55%)
1 ms. Memory: 331776K Free: 181729K (55%)
1 ms. Memory: 331776K Free: 180486K (54%)
1 ms. Memory: 331776K Free: 179260K (54%)
2 ms. Memory: 331776K Free: 179260K (54%)
2 ms. Memory: 331776K Free: 178026K (54%)
26 ms. Memory: 331776K Free: 178026K (54%)
----------------- Invoking toplevel() on ptolemy.moml.MoMLSimpleApplication@22e6ea8
----------------- Done invoking toplevel() on ptolemy.moml.MoMLSimpleApplication@22e6ea8
reloadAllAccessors: .ModelReference

===========================================================================================
----------------- testing Thu Jul 19 01:45:24 UTC 2018 /home/travis/build/icyphy/ptII/ptolemy/actor/lib/hoc/test/auto/ModelReference3.xml
----------------- Instantiating /home/travis/build/icyphy/ptII/ptolemy/actor/lib/hoc/test/auto/ModelReference3.xml
1 ms. Memory: 331776K Free: 171863K (52%)
5 ms. Memory: 331776K Free: 171863K (52%)
1 ms. Memory: 331776K Free: 170636K (51%)
4 ms. Memory: 331776K Free: 169394K (51%)
2 ms. Memory: 331776K Free: 169394K (51%)
1 ms. Memory: 331776K Free: 168152K (51%)
3 ms. Memory: 331776K Free: 166918K (50%)
2 ms. Memory: 331776K Free: 166918K (50%)
4 ms. Memory: 331776K Free: 165675K (50%)
2 ms. Memory: 331776K Free: 164433K (50%)
35 ms. Memory: 331776K Free: 164433K (50%)
----------------- Invoking toplevel() on ptolemy.moml.MoMLSimpleApplication@1a4ed407
----------------- Done invoking toplevel() on ptolemy.moml.MoMLSimpleApplication@1a4ed407
reloadAllAccessors: .ModelReference3

===========================================================================================
----------------- testing Thu Jul 19 01:45:24 UTC 2018 /home/travis/build/icyphy/ptII/ptolemy/actor/lib/hoc/test/auto/ModelReference4.xml
----------------- Instantiating /home/travis/build/icyphy/ptII/ptolemy/actor/lib/hoc/test/auto/ModelReference4.xml
4 ms. Memory: 331776K Free: 157424K (47%)
1 ms. Memory: 331776K Free: 156197K (47%)
14 ms. Memory: 331776K Free: 153745K (46%)
2 ms. Memory: 331776K Free: 152518K (46%)
12 ms. Memory: 331776K Free: 151292K (46%)
4 ms. Memory: 331776K Free: 150066K (45%)
3 ms. Memory: 331776K Free: 148840K (45%)
2 ms. Memory: 331776K Free: 147613K (44%)
2 ms. Memory: 331776K Free: 145145K (44%)
9 ms. Memory: 331776K Free: 143919K (43%)
10033 ms. Memory: 331776K Free: 143919K (43%)
----------------- Invoking toplevel() on ptolemy.moml.MoMLSimpleApplication@12c55cd3
----------------- Done invoking toplevel() on ptolemy.moml.MoMLSimpleApplication@12c55cd3
reloadAllAccessors: .ModelReference4

===========================================================================================
----------------- testing Thu Jul 19 01:45:34 UTC 2018 /home/travis/build/icyphy/ptII/ptolemy/actor/lib/hoc/test/auto/MultiInstanceComposite.xml
----------------- Instantiating /home/travis/build/icyphy/ptII/ptolemy/actor/lib/hoc/test/auto/MultiInstanceComposite.xml
24 ms. Memory: 331776K Free: 127873K (39%)
----------------- Invoking toplevel() on ptolemy.moml.MoMLSimpleApplication@53c1dc43
----------------- Done invoking toplevel() on ptolemy.moml.MoMLSimpleApplication@53c1dc43
reloadAllAccessors: .MultiInstanceComposite

===========================================================================================
----------------- testing Thu Jul 19 01:45:34 UTC 2018 /home/travis/build/icyphy/ptII/ptolemy/actor/lib/hoc/test/auto/MultiInstanceComposite2.xml
----------------- Instantiating /home/travis/build/icyphy/ptII/ptolemy/actor/lib/hoc/test/auto/MultiInstanceComposite2.xml
13 ms. Memory: 331776K Free: 114273K (34%)
----------------- Invoking toplevel() on ptolemy.moml.MoMLSimpleApplication@78948c6c
----------------- Done invoking toplevel() on ptolemy.moml.MoMLSimpleApplication@78948c6c
reloadAllAccessors: .MultiInstanceComposite2

===========================================================================================
----------------- testing Thu Jul 19 01:45:34 UTC 2018 /home/travis/build/icyphy/ptII/ptolemy/actor/lib/hoc/test/auto/MulticoreExecution.xml
----------------- Instantiating /home/travis/build/icyphy/ptII/ptolemy/actor/lib/hoc/test/auto/MulticoreExecution.xml
Fired ExecutionTime: 2400000
Fired ExecutionTime: 3200000
Fired ExecutionTime: 68400000
Fired ExecutionTime: 54800000
Fired ExecutionTime: 66800000
Fired ExecutionTime: 66400000
Fired ExecutionTime: 66800000
Fired ExecutionTime: 66000000
Fired ExecutionTime: 69200000
Fired ExecutionTime: 68400000
Fired ExecutionTime: 66800000
Fired ExecutionTime: 66800000
Fired ExecutionTime: 95600000
Fired ExecutionTime: 96000000
Fired ExecutionTime: 124400000
Fired ExecutionTime: 124400000
Fired ExecutionTime: 127200000
Fired ExecutionTime: 111600000
Fired ExecutionTime: 127600000
Fired ExecutionTime: 130800000
1049 ms. Memory: 331776K Free: 101123K (30%)
----------------- Invoking toplevel() on ptolemy.moml.MoMLSimpleApplication@da0e8bc
----------------- Done invoking toplevel() on ptolemy.moml.MoMLSimpleApplication@da0e8bc
reloadAllAccessors: .MulticoreExecution

===========================================================================================
----------------- testing Thu Jul 19 01:45:36 UTC 2018 /home/travis/build/icyphy/ptII/ptolemy/actor/lib/hoc/test/auto/ParallelExecution.xml
----------------- Instantiating /home/travis/build/icyphy/ptII/ptolemy/actor/lib/hoc/test/auto/ParallelExecution.xml
917 ms. Memory: 331776K Free: 90078K (27%)
----------------- Invoking toplevel() on ptolemy.moml.MoMLSimpleApplication@63d9c513
----------------- Done invoking toplevel() on ptolemy.moml.MoMLSimpleApplication@63d9c513
reloadAllAccessors: .ParallelExecution

===========================================================================================
----------------- testing Thu Jul 19 01:45:37 UTC 2018 /home/travis/build/icyphy/ptII/ptolemy/actor/lib/hoc/test/auto/RunCompositeActor.xml
----------------- Instantiating /home/travis/build/icyphy/ptII/ptolemy/actor/lib/hoc/test/auto/RunCompositeActor.xml
6 ms. Memory: 331776K Free: 80584K (24%)
----------------- Invoking toplevel() on ptolemy.moml.MoMLSimpleApplication@5a26cd5
----------------- Done invoking toplevel() on ptolemy.moml.MoMLSimpleApplication@5a26cd5
reloadAllAccessors: .RunCompositeActor

===========================================================================================
----------------- testing Thu Jul 19 01:45:37 UTC 2018 /home/travis/build/icyphy/ptII/ptolemy/actor/lib/hoc/test/auto/RunCompositeActor2.xml
----------------- Instantiating /home/travis/build/icyphy/ptII/ptolemy/actor/lib/hoc/test/auto/RunCompositeActor2.xml
7 ms. Memory: 318464K Free: 302793K (95%)
----------------- Invoking toplevel() on ptolemy.moml.MoMLSimpleApplication@731dcda
----------------- Done invoking toplevel() on ptolemy.moml.MoMLSimpleApplication@731dcda
reloadAllAccessors: .RunCompositeActor2

===========================================================================================
----------------- testing Thu Jul 19 01:45:37 UTC 2018 /home/travis/build/icyphy/ptII/ptolemy/actor/lib/hoc/test/auto/RunCompositeActor3.xml
----------------- Instantiating /home/travis/build/icyphy/ptII/ptolemy/actor/lib/hoc/test/auto/RunCompositeActor3.xml
6 ms. Memory: 318464K Free: 294958K (93%)
----------------- Invoking toplevel() on ptolemy.moml.MoMLSimpleApplication@2bfb472a
----------------- Done invoking toplevel() on ptolemy.moml.MoMLSimpleApplication@2bfb472a
reloadAllAccessors: .RunCompositeActor3

===========================================================================================
----------------- testing Thu Jul 19 01:45:37 UTC 2018 /home/travis/build/icyphy/ptII/ptolemy/actor/lib/hoc/test/auto/RunCompositeActor4.xml
----------------- Instantiating /home/travis/build/icyphy/ptII/ptolemy/actor/lib/hoc/test/auto/RunCompositeActor4.xml
7 ms. Memory: 318464K Free: 284954K (89%)
----------------- Invoking toplevel() on ptolemy.moml.MoMLSimpleApplication@503c4635
----------------- Done invoking toplevel() on ptolemy.moml.MoMLSimpleApplication@503c4635
reloadAllAccessors: .RunCompositeActor4

===========================================================================================
----------------- testing Thu Jul 19 01:45:37 UTC 2018 /home/travis/build/icyphy/ptII/ptolemy/actor/lib/hoc/test/auto/RunCompositeIterateOverArray.xml
----------------- Instantiating /home/travis/build/icyphy/ptII/ptolemy/actor/lib/hoc/test/auto/RunCompositeIterateOverArray.xml
9 ms. Memory: 318464K Free: 277918K (87%)
----------------- Invoking toplevel() on ptolemy.moml.MoMLSimpleApplication@3918a718
----------------- Done invoking toplevel() on ptolemy.moml.MoMLSimpleApplication@3918a718
reloadAllAccessors: .RunCompositeIterateOverArray

===========================================================================================
----------------- testing Thu Jul 19 01:45:37 UTC 2018 /home/travis/build/icyphy/ptII/ptolemy/actor/lib/hoc/test/auto/ThreadedJS.xml
----------------- Instantiating /home/travis/build/icyphy/ptII/ptolemy/actor/lib/hoc/test/auto/ThreadedJS.xml
1683 ms. Memory: 292352K Free: 141340K (48%)
----------------- Invoking toplevel() on ptolemy.moml.MoMLSimpleApplication@cec42f0
----------------- Done invoking toplevel() on ptolemy.moml.MoMLSimpleApplication@cec42f0
reloadAllAccessors: .ThreadedJS
AutoTests.java: About to close Vertx.
AutoTests.java: Vertx closed.
]]></system-out>
  <system-err><![CDATA[java.lang.RuntimeException: Execution failed
	at ptolemy.moml.MoMLSimpleApplication$UnloadThread.run(MoMLSimpleApplication.java:402)
Caused by: ptolemy.kernel.util.IllegalActionException: initialize() was called after wrapup() was called but preinitialize() was not called after wrapup().
	at ptolemy.actor.lib.hoc.test.PreinitializeMustBeInvoked.initialize(PreinitializeMustBeInvoked.java:78)
	at ptolemy.actor.Director.initialize(Director.java:938)
	at ptolemy.actor.Director.initialize(Director.java:907)
	at ptolemy.actor.sched.StaticSchedulingDirector.initialize(StaticSchedulingDirector.java:159)
	at ptolemy.domains.sdf.kernel.SDFDirector.initialize(SDFDirector.java:544)
	at ptolemy.actor.CompositeActor.initialize(CompositeActor.java:935)
	at ptolemy.actor.lib.hoc.LifeCycleManager._executeInsideModel(LifeCycleManager.java:339)
	at ptolemy.actor.lib.hoc.RunCompositeActor.fire(RunCompositeActor.java:205)
	at ptolemy.actor.CompositeActor.iterate(CompositeActor.java:1146)
	at ptolemy.actor.sched.StaticSchedulingDirector.fire(StaticSchedulingDirector.java:216)
	at ptolemy.domains.sdf.kernel.SDFDirector.fire(SDFDirector.java:500)
	at ptolemy.actor.CompositeActor.fire(CompositeActor.java:455)
	at ptolemy.actor.Manager.iterate(Manager.java:851)
	at ptolemy.actor.Manager.execute(Manager.java:369)
	at ptolemy.actor.Manager.run(Manager.java:1263)
	at ptolemy.actor.Manager$PtolemyRunThread.run(Manager.java:1915)
java.lang.reflect.InvocationTargetException
	at sun.reflect.NativeConstructorAccessorImpl.newInstance0(Native Method)
	at sun.reflect.NativeConstructorAccessorImpl.newInstance(NativeConstructorAccessorImpl.java:62)
	at sun.reflect.DelegatingConstructorAccessorImpl.newInstance(DelegatingConstructorAccessorImpl.java:45)
	at java.lang.reflect.Constructor.newInstance(Constructor.java:423)
	at ptolemy.util.test.junit.AutoKnownFailedTests.RunModel(AutoKnownFailedTests.java:107)
	at sun.reflect.NativeMethodAccessorImpl.invoke0(Native Method)
	at sun.reflect.NativeMethodAccessorImpl.invoke(NativeMethodAccessorImpl.java:62)
	at sun.reflect.DelegatingMethodAccessorImpl.invoke(DelegatingMethodAccessorImpl.java:43)
	at java.lang.reflect.Method.invoke(Method.java:498)
	at org.junit.runners.model.FrameworkMethod$1.runReflectiveCall(FrameworkMethod.java:44)
	at org.junit.internal.runners.model.ReflectiveCallable.run(ReflectiveCallable.java:15)
	at org.junit.runners.model.FrameworkMethod.invokeExplosively(FrameworkMethod.java:41)
	at junitparams.internal.InvokeParameterisedMethod.evaluate(InvokeParameterisedMethod.java:102)
	at org.junit.internal.runners.statements.FailOnTimeout$1.run(FailOnTimeout.java:28)
Caused by: ptolemy.kernel.util.IllegalActionException: initialize() was called after wrapup() was called but preinitialize() was not called after wrapup().
	at ptolemy.actor.lib.hoc.test.PreinitializeMustBeInvoked.initialize(PreinitializeMustBeInvoked.java:78)
	at ptolemy.actor.Director.initialize(Director.java:938)
	at ptolemy.actor.Director.initialize(Director.java:907)
	at ptolemy.actor.sched.StaticSchedulingDirector.initialize(StaticSchedulingDirector.java:159)
	at ptolemy.domains.sdf.kernel.SDFDirector.initialize(SDFDirector.java:544)
	at ptolemy.actor.CompositeActor.initialize(CompositeActor.java:935)
	at ptolemy.actor.lib.hoc.LifeCycleManager._executeInsideModel(LifeCycleManager.java:339)
	at ptolemy.actor.lib.hoc.RunCompositeActor.fire(RunCompositeActor.java:205)
	at ptolemy.actor.CompositeActor.iterate(CompositeActor.java:1146)
	at ptolemy.actor.sched.StaticSchedulingDirector.fire(StaticSchedulingDirector.java:216)
	at ptolemy.domains.sdf.kernel.SDFDirector.fire(SDFDirector.java:500)
	at ptolemy.actor.CompositeActor.fire(CompositeActor.java:455)
	at ptolemy.actor.Manager.iterate(Manager.java:851)
	at ptolemy.actor.Manager.execute(Manager.java:369)
	at ptolemy.actor.Manager.run(Manager.java:1263)
	at ptolemy.actor.Manager$PtolemyRunThread.run(Manager.java:1915)
]]></system-err>
</testsuite>
