<?xml version="1.0" encoding="UTF-8" ?>
<testsuite errors="0" failures="0" hostname="travis-job-ded9d174-8833-44ac-9fe0-bd93aa1cbee4" name="ptolemy.domains.continuous.test.junit.JUnitTclTest" skipped="0" tests="156" time="77.899" timestamp="2019-06-21T05:10:06">
  <properties>
[...]
</properties>
  <testcase classname="ptolemy.util.test.junit.TclTests" name="[0] ThereAreNoTclTests (RunTclFile)" time="0.016" />
  <testcase classname="ptolemy.util.test.junit.AutoKnownFailedTests" name="[0] ThereAreNoKnowFailedTests (RunModel)" time="0.002" />
  <testcase classname="ptolemy.util.test.junit.AutoNameArchTests" name="[0] ThereAreNoAutoArchTests (RunModel)" time="0.013" />
  <testcase classname="ptolemy.util.test.junit.AutoTests" name="[0] /home/travis/build/icyphy/ptII/ptolemy/domains/continuous/test/auto/BouncingBall.xml (RunModel)" time="3.346" />
  <testcase classname="ptolemy.util.test.junit.AutoTests" name="[1] /home/travis/build/icyphy/ptII/ptolemy/domains/continuous/test/auto/BouncingBallWithoutGR.xml (RunModel)" time="0.936" />
  <testcase classname="ptolemy.util.test.junit.AutoTests" name="[2] /home/travis/build/icyphy/ptII/ptolemy/domains/continuous/test/auto/Brownian.xml (RunModel)" time="0.102" />
  <testcase classname="ptolemy.util.test.junit.AutoTests" name="[3] /home/travis/build/icyphy/ptII/ptolemy/domains/continuous/test/auto/CarTracking.xml (RunModel)" time="3.936" />
  <testcase classname="ptolemy.util.test.junit.AutoTests" name="[4] /home/travis/build/icyphy/ptII/ptolemy/domains/continuous/test/auto/CartPendulum.xml (RunModel)" time="0.484" />
  <testcase classname="ptolemy.util.test.junit.AutoTests" name="[5] /home/travis/build/icyphy/ptII/ptolemy/domains/continuous/test/auto/CausalityInterface10.xml (RunModel)" time="0.052" />
  <testcase classname="ptolemy.util.test.junit.AutoTests" name="[6] /home/travis/build/icyphy/ptII/ptolemy/domains/continuous/test/auto/CausalityInterface11.xml (RunModel)" time="0.038" />
  <testcase classname="ptolemy.util.test.junit.AutoTests" name="[7] /home/travis/build/icyphy/ptII/ptolemy/domains/continuous/test/auto/CausalityInterface12.xml (RunModel)" time="0.04" />
  <testcase classname="ptolemy.util.test.junit.AutoTests" name="[8] /home/travis/build/icyphy/ptII/ptolemy/domains/continuous/test/auto/CausalityInterface13.xml (RunModel)" time="0.039" />
  <testcase classname="ptolemy.util.test.junit.AutoTests" name="[9] /home/travis/build/icyphy/ptII/ptolemy/domains/continuous/test/auto/CausalityInterface14.xml (RunModel)" time="0.035" />
  <testcase classname="ptolemy.util.test.junit.AutoTests" name="[10] /home/travis/build/icyphy/ptII/ptolemy/domains/continuous/test/auto/CausalityInterface4.xml (RunModel)" time="0.052" />
  <testcase classname="ptolemy.util.test.junit.AutoTests" name="[11] /home/travis/build/icyphy/ptII/ptolemy/domains/continuous/test/auto/CausalityInterface5.xml (RunModel)" time="0.047" />
  <testcase classname="ptolemy.util.test.junit.AutoTests" name="[12] /home/travis/build/icyphy/ptII/ptolemy/domains/continuous/test/auto/CausalityInterface6.xml (RunModel)" time="0.023" />
  <testcase classname="ptolemy.util.test.junit.AutoTests" name="[13] /home/travis/build/icyphy/ptII/ptolemy/domains/continuous/test/auto/CausalityInterface7.xml (RunModel)" time="0.043" />
  <testcase classname="ptolemy.util.test.junit.AutoTests" name="[14] /home/travis/build/icyphy/ptII/ptolemy/domains/continuous/test/auto/CausalityInterface8.xml (RunModel)" time="0.039" />
  <testcase classname="ptolemy.util.test.junit.AutoTests" name="[15] /home/travis/build/icyphy/ptII/ptolemy/domains/continuous/test/auto/CausalityInterface9.xml (RunModel)" time="0.045" />
  <testcase classname="ptolemy.util.test.junit.AutoTests" name="[16] /home/travis/build/icyphy/ptII/ptolemy/domains/continuous/test/auto/CausalityInterfaceFeedback1.xml (RunModel)" time="0.03" />
  <testcase classname="ptolemy.util.test.junit.AutoTests" name="[17] /home/travis/build/icyphy/ptII/ptolemy/domains/continuous/test/auto/CausalityInterfaceFeedback2.xml (RunModel)" time="0.037" />
  <testcase classname="ptolemy.util.test.junit.AutoTests" name="[18] /home/travis/build/icyphy/ptII/ptolemy/domains/continuous/test/auto/CompareWithCurrentTime.xml (RunModel)" time="0.023" />
  <testcase classname="ptolemy.util.test.junit.AutoTests" name="[19] /home/travis/build/icyphy/ptII/ptolemy/domains/continuous/test/auto/ComparedClocks.xml (RunModel)" time="0.08" />
  <testcase classname="ptolemy.util.test.junit.AutoTests" name="[20] /home/travis/build/icyphy/ptII/ptolemy/domains/continuous/test/auto/ContinuousAOCClone.xml (RunModel)" time="2.765" />
  <testcase classname="ptolemy.util.test.junit.AutoTests" name="[21] /home/travis/build/icyphy/ptII/ptolemy/domains/continuous/test/auto/ContinuousClock.xml (RunModel)" time="0.093" />
  <testcase classname="ptolemy.util.test.junit.AutoTests" name="[22] /home/travis/build/icyphy/ptII/ptolemy/domains/continuous/test/auto/ContinuousInContinuous.xml (RunModel)" time="0.089" />
  <testcase classname="ptolemy.util.test.junit.AutoTests" name="[23] /home/travis/build/icyphy/ptII/ptolemy/domains/continuous/test/auto/ContinuousInContinuousInContinuous.xml (RunModel)" time="0.028" />
  <testcase classname="ptolemy.util.test.junit.AutoTests" name="[24] /home/travis/build/icyphy/ptII/ptolemy/domains/continuous/test/auto/ContinuousInDE.xml (RunModel)" time="0.144" />
  <testcase classname="ptolemy.util.test.junit.AutoTests" name="[25] /home/travis/build/icyphy/ptII/ptolemy/domains/continuous/test/auto/ContinuousInDE2.xml (RunModel)" time="0.056" />
  <testcase classname="ptolemy.util.test.junit.AutoTests" name="[26] /home/travis/build/icyphy/ptII/ptolemy/domains/continuous/test/auto/ContinuousInDE3.xml (RunModel)" time="0.06" />
  <testcase classname="ptolemy.util.test.junit.AutoTests" name="[27] /home/travis/build/icyphy/ptII/ptolemy/domains/continuous/test/auto/ContinuousInDE4.xml (RunModel)" time="0.04" />
  <testcase classname="ptolemy.util.test.junit.AutoTests" name="[28] /home/travis/build/icyphy/ptII/ptolemy/domains/continuous/test/auto/ContinuousInDEDifferentRefinements.xml (RunModel)" time="0.118" />
  <testcase classname="ptolemy.util.test.junit.AutoTests" name="[29] /home/travis/build/icyphy/ptII/ptolemy/domains/continuous/test/auto/ContinuousInDEDifferentRefinementsPreemptive.xml (RunModel)" time="0.092" />
  <testcase classname="ptolemy.util.test.junit.AutoTests" name="[30] /home/travis/build/icyphy/ptII/ptolemy/domains/continuous/test/auto/ContinuousInDEInContinuous2.xml (RunModel)" time="0.065" />
  <testcase classname="ptolemy.util.test.junit.AutoTests" name="[31] /home/travis/build/icyphy/ptII/ptolemy/domains/continuous/test/auto/ContinuousInDEInContinuous3.xml (RunModel)" time="0.069" />
  <testcase classname="ptolemy.util.test.junit.AutoTests" name="[32] /home/travis/build/icyphy/ptII/ptolemy/domains/continuous/test/auto/ContinuousInDEInput.xml (RunModel)" time="0.033" />
  <testcase classname="ptolemy.util.test.junit.AutoTests" name="[33] /home/travis/build/icyphy/ptII/ptolemy/domains/continuous/test/auto/ContinuousInDEInput2.xml (RunModel)" time="0.031" />
  <testcase classname="ptolemy.util.test.junit.AutoTests" name="[34] /home/travis/build/icyphy/ptII/ptolemy/domains/continuous/test/auto/ContinuousInDEInput3.xml (RunModel)" time="0.033" />
  <testcase classname="ptolemy.util.test.junit.AutoTests" name="[35] /home/travis/build/icyphy/ptII/ptolemy/domains/continuous/test/auto/ContinuousInDESharingRefinement.xml (RunModel)" time="0.196" />
  <testcase classname="ptolemy.util.test.junit.AutoTests" name="[36] /home/travis/build/icyphy/ptII/ptolemy/domains/continuous/test/auto/ContinuousInDEwithNoPorts.xml (RunModel)" time="0.02" />
  <testcase classname="ptolemy.util.test.junit.AutoTests" name="[37] /home/travis/build/icyphy/ptII/ptolemy/domains/continuous/test/auto/ContinuousInsideDE.xml (RunModel)" time="0.073" />
  <testcase classname="ptolemy.util.test.junit.AutoTests" name="[38] /home/travis/build/icyphy/ptII/ptolemy/domains/continuous/test/auto/ContinuousMerge1.xml (RunModel)" time="0.022" />
  <testcase classname="ptolemy.util.test.junit.AutoTests" name="[39] /home/travis/build/icyphy/ptII/ptolemy/domains/continuous/test/auto/ContinuousMerge2.xml (RunModel)" time="0.048" />
  <testcase classname="ptolemy.util.test.junit.AutoTests" name="[40] /home/travis/build/icyphy/ptII/ptolemy/domains/continuous/test/auto/ContinuousMerge3.xml (RunModel)" time="0.075" />
  <testcase classname="ptolemy.util.test.junit.AutoTests" name="[41] /home/travis/build/icyphy/ptII/ptolemy/domains/continuous/test/auto/ContinuousWithinContinuous.xml (RunModel)" time="0.062" />
  <testcase classname="ptolemy.util.test.junit.AutoTests" name="[42] /home/travis/build/icyphy/ptII/ptolemy/domains/continuous/test/auto/ContinuousWithinContinuous2.xml (RunModel)" time="0.08" />
  <testcase classname="ptolemy.util.test.junit.AutoTests" name="[43] /home/travis/build/icyphy/ptII/ptolemy/domains/continuous/test/auto/ContinuousWithinContinuous3.xml (RunModel)" time="0.031" />
  <testcase classname="ptolemy.util.test.junit.AutoTests" name="[44] /home/travis/build/icyphy/ptII/ptolemy/domains/continuous/test/auto/ContinuousWithinContinuous4.xml (RunModel)" time="0.092" />
  <testcase classname="ptolemy.util.test.junit.AutoTests" name="[45] /home/travis/build/icyphy/ptII/ptolemy/domains/continuous/test/auto/ContinuousWithinContinuous5.xml (RunModel)" time="0.042" />
  <testcase classname="ptolemy.util.test.junit.AutoTests" name="[46] /home/travis/build/icyphy/ptII/ptolemy/domains/continuous/test/auto/ContinuousWithinContinuous6.xml (RunModel)" time="0.037" />
  <testcase classname="ptolemy.util.test.junit.AutoTests" name="[47] /home/travis/build/icyphy/ptII/ptolemy/domains/continuous/test/auto/ContinuousWithinContinuous7.xml (RunModel)" time="0.071" />
  <testcase classname="ptolemy.util.test.junit.AutoTests" name="[48] /home/travis/build/icyphy/ptII/ptolemy/domains/continuous/test/auto/DCMotor.xml (RunModel)" time="14.025" />
  <testcase classname="ptolemy.util.test.junit.AutoTests" name="[49] /home/travis/build/icyphy/ptII/ptolemy/domains/continuous/test/auto/DEInContinuous.xml (RunModel)" time="0.037" />
  <testcase classname="ptolemy.util.test.junit.AutoTests" name="[50] /home/travis/build/icyphy/ptII/ptolemy/domains/continuous/test/auto/DEinContinuous2.xml (RunModel)" time="0.041" />
  <testcase classname="ptolemy.util.test.junit.AutoTests" name="[51] /home/travis/build/icyphy/ptII/ptolemy/domains/continuous/test/auto/Derivative.xml (RunModel)" time="0.195" />
  <testcase classname="ptolemy.util.test.junit.AutoTests" name="[52] /home/travis/build/icyphy/ptII/ptolemy/domains/continuous/test/auto/Derivative1.xml (RunModel)" time="0.063" />
  <testcase classname="ptolemy.util.test.junit.AutoTests" name="[53] /home/travis/build/icyphy/ptII/ptolemy/domains/continuous/test/auto/DiscreteClock.xml (RunModel)" time="0.023" />
  <testcase classname="ptolemy.util.test.junit.AutoTests" name="[54] /home/travis/build/icyphy/ptII/ptolemy/domains/continuous/test/auto/EfficiencyCurve.xml (RunModel)" time="0.128" />
  <testcase classname="ptolemy.util.test.junit.AutoTests" name="[55] /home/travis/build/icyphy/ptII/ptolemy/domains/continuous/test/auto/ExponentialResponse.xml (RunModel)" time="0.118" />
  <testcase classname="ptolemy.util.test.junit.AutoTests" name="[56] /home/travis/build/icyphy/ptII/ptolemy/domains/continuous/test/auto/ExponentialResponseRK45.xml (RunModel)" time="0.038" />
  <testcase classname="ptolemy.util.test.junit.AutoTests" name="[57] /home/travis/build/icyphy/ptII/ptolemy/domains/continuous/test/auto/Friction.xml (RunModel)" time="1.584" />
  <testcase classname="ptolemy.util.test.junit.AutoTests" name="[58] /home/travis/build/icyphy/ptII/ptolemy/domains/continuous/test/auto/FurutaPendulum.xml (RunModel)" time="3.509" />
  <testcase classname="ptolemy.util.test.junit.AutoTests" name="[59] /home/travis/build/icyphy/ptII/ptolemy/domains/continuous/test/auto/HierarchicalExecution.xml (RunModel)" time="2.109" />
  <testcase classname="ptolemy.util.test.junit.AutoTests" name="[60] /home/travis/build/icyphy/ptII/ptolemy/domains/continuous/test/auto/HybridPlant.xml (RunModel)" time="0.593" />
  <testcase classname="ptolemy.util.test.junit.AutoTests" name="[61] /home/travis/build/icyphy/ptII/ptolemy/domains/continuous/test/auto/Hysteresis.xml (RunModel)" time="0.196" />
  <testcase classname="ptolemy.util.test.junit.AutoTests" name="[62] /home/travis/build/icyphy/ptII/ptolemy/domains/continuous/test/auto/HysteresisWithRandomDelay.xml (RunModel)" time="0.237" />
  <testcase classname="ptolemy.util.test.junit.AutoTests" name="[63] /home/travis/build/icyphy/ptII/ptolemy/domains/continuous/test/auto/HysteresisWithRandomLosses.xml (RunModel)" time="2.489" />
  <testcase classname="ptolemy.util.test.junit.AutoTests" name="[64] /home/travis/build/icyphy/ptII/ptolemy/domains/continuous/test/auto/ImmediateTransitions.xml (RunModel)" time="0.037" />
  <testcase classname="ptolemy.util.test.junit.AutoTests" name="[65] /home/travis/build/icyphy/ptII/ptolemy/domains/continuous/test/auto/ImpulseFeedback.xml (RunModel)" time="0.02" />
  <testcase classname="ptolemy.util.test.junit.AutoTests" name="[66] /home/travis/build/icyphy/ptII/ptolemy/domains/continuous/test/auto/ImpulseFeedback2.xml (RunModel)" time="0.019" />
  <testcase classname="ptolemy.util.test.junit.AutoTests" name="[67] /home/travis/build/icyphy/ptII/ptolemy/domains/continuous/test/auto/IncreasingRatePoisson.xml (RunModel)" time="0.795" />
  <testcase classname="ptolemy.util.test.junit.AutoTests" name="[68] /home/travis/build/icyphy/ptII/ptolemy/domains/continuous/test/auto/InitialStateFeedback.xml (RunModel)" time="0.023" />
  <testcase classname="ptolemy.util.test.junit.AutoTests" name="[69] /home/travis/build/icyphy/ptII/ptolemy/domains/continuous/test/auto/Integration.xml (RunModel)" time="0.014" />
  <testcase classname="ptolemy.util.test.junit.AutoTests" name="[70] /home/travis/build/icyphy/ptII/ptolemy/domains/continuous/test/auto/Integration2.xml (RunModel)" time="0.102" />
  <testcase classname="ptolemy.util.test.junit.AutoTests" name="[71] /home/travis/build/icyphy/ptII/ptolemy/domains/continuous/test/auto/Integration3.xml (RunModel)" time="0.025" />
  <testcase classname="ptolemy.util.test.junit.AutoTests" name="[72] /home/travis/build/icyphy/ptII/ptolemy/domains/continuous/test/auto/Integration5.xml (RunModel)" time="0.011" />
  <testcase classname="ptolemy.util.test.junit.AutoTests" name="[73] /home/travis/build/icyphy/ptII/ptolemy/domains/continuous/test/auto/IntegratorImpulse.xml (RunModel)" time="0.01" />
  <testcase classname="ptolemy.util.test.junit.AutoTests" name="[74] /home/travis/build/icyphy/ptII/ptolemy/domains/continuous/test/auto/IntegratorImpulse2.xml (RunModel)" time="0.017" />
  <testcase classname="ptolemy.util.test.junit.AutoTests" name="[75] /home/travis/build/icyphy/ptII/ptolemy/domains/continuous/test/auto/LevelCrossing1.xml (RunModel)" time="0.017" />
  <testcase classname="ptolemy.util.test.junit.AutoTests" name="[76] /home/travis/build/icyphy/ptII/ptolemy/domains/continuous/test/auto/LevelCrossing2.xml (RunModel)" time="0.015" />
  <testcase classname="ptolemy.util.test.junit.AutoTests" name="[77] /home/travis/build/icyphy/ptII/ptolemy/domains/continuous/test/auto/LevelCrossing3.xml (RunModel)" time="0.014" />
  <testcase classname="ptolemy.util.test.junit.AutoTests" name="[78] /home/travis/build/icyphy/ptII/ptolemy/domains/continuous/test/auto/LevelCrossing4.xml (RunModel)" time="0.014" />
  <testcase classname="ptolemy.util.test.junit.AutoTests" name="[79] /home/travis/build/icyphy/ptII/ptolemy/domains/continuous/test/auto/LevelCrossing5.xml (RunModel)" time="0.016" />
  <testcase classname="ptolemy.util.test.junit.AutoTests" name="[80] /home/travis/build/icyphy/ptII/ptolemy/domains/continuous/test/auto/LevelCrossing6.xml (RunModel)" time="0.014" />
  <testcase classname="ptolemy.util.test.junit.AutoTests" name="[81] /home/travis/build/icyphy/ptII/ptolemy/domains/continuous/test/auto/LevelCrossingDetector.xml (RunModel)" time="0.038" />
  <testcase classname="ptolemy.util.test.junit.AutoTests" name="[82] /home/travis/build/icyphy/ptII/ptolemy/domains/continuous/test/auto/LevelCrossingDetectorDetectingDirections.xml (RunModel)" time="0.097" />
  <testcase classname="ptolemy.util.test.junit.AutoTests" name="[83] /home/travis/build/icyphy/ptII/ptolemy/domains/continuous/test/auto/LevelCrossingDetectorDetectsGlitches.xml (RunModel)" time="0.067" />
  <testcase classname="ptolemy.util.test.junit.AutoTests" name="[84] /home/travis/build/icyphy/ptII/ptolemy/domains/continuous/test/auto/LevelCrossingNoInitialOuput.xml (RunModel)" time="0.016" />
  <testcase classname="ptolemy.util.test.junit.AutoTests" name="[85] /home/travis/build/icyphy/ptII/ptolemy/domains/continuous/test/auto/LinearStateSpaceExample.xml (RunModel)" time="0.066" />
  <testcase classname="ptolemy.util.test.junit.AutoTests" name="[86] /home/travis/build/icyphy/ptII/ptolemy/domains/continuous/test/auto/Lorenz.xml (RunModel)" time="4.105" />
  <testcase classname="ptolemy.util.test.junit.AutoTests" name="[87] /home/travis/build/icyphy/ptII/ptolemy/domains/continuous/test/auto/LorenzDifferentialSystem.xml (RunModel)" time="1.169" />
  <testcase classname="ptolemy.util.test.junit.AutoTests" name="[88] /home/travis/build/icyphy/ptII/ptolemy/domains/continuous/test/auto/LorenzDifferentialSystemWithInput.xml (RunModel)" time="1.375" />
  <testcase classname="ptolemy.util.test.junit.AutoTests" name="[89] /home/travis/build/icyphy/ptII/ptolemy/domains/continuous/test/auto/LorenzDifferentialSystemWithTime.xml (RunModel)" time="0.747" />
  <testcase classname="ptolemy.util.test.junit.AutoTests" name="[90] /home/travis/build/icyphy/ptII/ptolemy/domains/continuous/test/auto/Microsteps.xml (RunModel)" time="0.03" />
  <testcase classname="ptolemy.util.test.junit.AutoTests" name="[91] /home/travis/build/icyphy/ptII/ptolemy/domains/continuous/test/auto/Modal1.xml (RunModel)" time="0.042" />
  <testcase classname="ptolemy.util.test.junit.AutoTests" name="[92] /home/travis/build/icyphy/ptII/ptolemy/domains/continuous/test/auto/Modal2.xml (RunModel)" time="0.059" />
  <testcase classname="ptolemy.util.test.junit.AutoTests" name="[93] /home/travis/build/icyphy/ptII/ptolemy/domains/continuous/test/auto/ModalTransitionGuardWithReset.xml (RunModel)" time="0.032" />
  <testcase classname="ptolemy.util.test.junit.AutoTests" name="[94] /home/travis/build/icyphy/ptII/ptolemy/domains/continuous/test/auto/ModalTransitionGuardWithResetUsingPreemptiveTransition.xml (RunModel)" time="0.028" />
  <testcase classname="ptolemy.util.test.junit.AutoTests" name="[95] /home/travis/build/icyphy/ptII/ptolemy/domains/continuous/test/auto/ModalTransitionGuardWithResetUsingPreemptiveTransition2.xml (RunModel)" time="0.028" />
  <testcase classname="ptolemy.util.test.junit.AutoTests" name="[96] /home/travis/build/icyphy/ptII/ptolemy/domains/continuous/test/auto/ModalTransitionGuardWithResetUsingPreemptiveTransition3.xml (RunModel)" time="0.027" />
  <testcase classname="ptolemy.util.test.junit.AutoTests" name="[97] /home/travis/build/icyphy/ptII/ptolemy/domains/continuous/test/auto/NewtonsCradle.xml (RunModel)" time="0.795" />
  <testcase classname="ptolemy.util.test.junit.AutoTests" name="[98] /home/travis/build/icyphy/ptII/ptolemy/domains/continuous/test/auto/NewtonsCradleAnimated.xml (RunModel)" time="1.36" />
  <testcase classname="ptolemy.util.test.junit.AutoTests" name="[99] /home/travis/build/icyphy/ptII/ptolemy/domains/continuous/test/auto/NewtonsCradleComplicated.xml (RunModel)" time="1.053" />
  <testcase classname="ptolemy.util.test.junit.AutoTests" name="[100] /home/travis/build/icyphy/ptII/ptolemy/domains/continuous/test/auto/NewtonsCradleNondeterministic.xml (RunModel)" time="0.729" />
  <testcase classname="ptolemy.util.test.junit.AutoTests" name="[101] /home/travis/build/icyphy/ptII/ptolemy/domains/continuous/test/auto/NewtonsCradlePerfectlyInelastic1.xml (RunModel)" time="1.25" />
  <testcase classname="ptolemy.util.test.junit.AutoTests" name="[102] /home/travis/build/icyphy/ptII/ptolemy/domains/continuous/test/auto/Noise.xml (RunModel)" time="0.203" />
  <testcase classname="ptolemy.util.test.junit.AutoTests" name="[103] /home/travis/build/icyphy/ptII/ptolemy/domains/continuous/test/auto/NoiseSpectrum.xml (RunModel)" time="0.811" />
  <testcase classname="ptolemy.util.test.junit.AutoTests" name="[104] /home/travis/build/icyphy/ptII/ptolemy/domains/continuous/test/auto/ParameterizedNewtonsCradleAnimated.xml (RunModel)" time="0.337" />
  <testcase classname="ptolemy.util.test.junit.AutoTests" name="[105] /home/travis/build/icyphy/ptII/ptolemy/domains/continuous/test/auto/ParameterizedNewtonsCradleAnimatedNondeterministic.xml (RunModel)" time="1.276" />
  <testcase classname="ptolemy.util.test.junit.AutoTests" name="[106] /home/travis/build/icyphy/ptII/ptolemy/domains/continuous/test/auto/Pendulum3D.xml (RunModel)" time="0.184" />
  <testcase classname="ptolemy.util.test.junit.AutoTests" name="[107] /home/travis/build/icyphy/ptII/ptolemy/domains/continuous/test/auto/PeriodicSampler.xml (RunModel)" time="0.012" />
  <testcase classname="ptolemy.util.test.junit.AutoTests" name="[108] /home/travis/build/icyphy/ptII/ptolemy/domains/continuous/test/auto/PeriodicSampler1.xml (RunModel)" time="0.053" />
  <testcase classname="ptolemy.util.test.junit.AutoTests" name="[109] /home/travis/build/icyphy/ptII/ptolemy/domains/continuous/test/auto/PeriodicSampler2.xml (RunModel)" time="0.091" />
  <testcase classname="ptolemy.util.test.junit.AutoTests" name="[110] /home/travis/build/icyphy/ptII/ptolemy/domains/continuous/test/auto/Poisson.xml (RunModel)" time="0.46" />
  <testcase classname="ptolemy.util.test.junit.AutoTests" name="[111] /home/travis/build/icyphy/ptII/ptolemy/domains/continuous/test/auto/PoissonClock.xml (RunModel)" time="0.011" />
  <testcase classname="ptolemy.util.test.junit.AutoTests" name="[112] /home/travis/build/icyphy/ptII/ptolemy/domains/continuous/test/auto/PoissonClock2.xml (RunModel)" time="0.015" />
  <testcase classname="ptolemy.util.test.junit.AutoTests" name="[113] /home/travis/build/icyphy/ptII/ptolemy/domains/continuous/test/auto/PortParameterHierarchy.xml (RunModel)" time="0.024" />
  <testcase classname="ptolemy.util.test.junit.AutoTests" name="[114] /home/travis/build/icyphy/ptII/ptolemy/domains/continuous/test/auto/RandomHybridPlant.xml (RunModel)" time="0.607" />
  <testcase classname="ptolemy.util.test.junit.AutoTests" name="[115] /home/travis/build/icyphy/ptII/ptolemy/domains/continuous/test/auto/ResetTransitionWithStartTime1.xml (RunModel)" time="0.035" />
  <testcase classname="ptolemy.util.test.junit.AutoTests" name="[116] /home/travis/build/icyphy/ptII/ptolemy/domains/continuous/test/auto/ResetTransitionWithStartTime2.xml (RunModel)" time="0.038" />
  <testcase classname="ptolemy.util.test.junit.AutoTests" name="[117] /home/travis/build/icyphy/ptII/ptolemy/domains/continuous/test/auto/ResetTransitionWithStartTime3.xml (RunModel)" time="0.038" />
  <testcase classname="ptolemy.util.test.junit.AutoTests" name="[118] /home/travis/build/icyphy/ptII/ptolemy/domains/continuous/test/auto/ResetTransitionWithStartTime4.xml (RunModel)" time="0.03" />
  <testcase classname="ptolemy.util.test.junit.AutoTests" name="[119] /home/travis/build/icyphy/ptII/ptolemy/domains/continuous/test/auto/ResetTransitionWithStartTime5.xml (RunModel)" time="0.038" />
  <testcase classname="ptolemy.util.test.junit.AutoTests" name="[120] /home/travis/build/icyphy/ptII/ptolemy/domains/continuous/test/auto/ResetTransitionWithStartTime6.xml (RunModel)" time="0.032" />
  <testcase classname="ptolemy.util.test.junit.AutoTests" name="[121] /home/travis/build/icyphy/ptII/ptolemy/domains/continuous/test/auto/SRinContinuous.xml (RunModel)" time="0.027" />
  <testcase classname="ptolemy.util.test.junit.AutoTests" name="[122] /home/travis/build/icyphy/ptII/ptolemy/domains/continuous/test/auto/SampledClocks.xml (RunModel)" time="0.033" />
  <testcase classname="ptolemy.util.test.junit.AutoTests" name="[123] /home/travis/build/icyphy/ptII/ptolemy/domains/continuous/test/auto/Satellite.xml (RunModel)" time="0.822" />
  <testcase classname="ptolemy.util.test.junit.AutoTests" name="[124] /home/travis/build/icyphy/ptII/ptolemy/domains/continuous/test/auto/SigmaDelta.xml (RunModel)" time="2.744" />
  <testcase classname="ptolemy.util.test.junit.AutoTests" name="[125] /home/travis/build/icyphy/ptII/ptolemy/domains/continuous/test/auto/SingleRefinement.xml (RunModel)" time="0.461" />
  <testcase classname="ptolemy.util.test.junit.AutoTests" name="[126] /home/travis/build/icyphy/ptII/ptolemy/domains/continuous/test/auto/SinuBouncingBall.xml (RunModel)" time="0.892" />
  <testcase classname="ptolemy.util.test.junit.AutoTests" name="[127] /home/travis/build/icyphy/ptII/ptolemy/domains/continuous/test/auto/Sinusoid.xml (RunModel)" time="0.019" />
  <testcase classname="ptolemy.util.test.junit.AutoTests" name="[128] /home/travis/build/icyphy/ptII/ptolemy/domains/continuous/test/auto/SinusoidInNoise.xml (RunModel)" time="1.065" />
  <testcase classname="ptolemy.util.test.junit.AutoTests" name="[129] /home/travis/build/icyphy/ptII/ptolemy/domains/continuous/test/auto/SinusoidRK45.xml (RunModel)" time="0.012" />
  <testcase classname="ptolemy.util.test.junit.AutoTests" name="[130] /home/travis/build/icyphy/ptII/ptolemy/domains/continuous/test/auto/SinusoidWithMultipleImpulses.xml (RunModel)" time="0.012" />
  <testcase classname="ptolemy.util.test.junit.AutoTests" name="[131] /home/travis/build/icyphy/ptII/ptolemy/domains/continuous/test/auto/SquareWave.xml (RunModel)" time="0.207" />
  <testcase classname="ptolemy.util.test.junit.AutoTests" name="[132] /home/travis/build/icyphy/ptII/ptolemy/domains/continuous/test/auto/Starmac.xml (RunModel)" time="3.534" />
  <testcase classname="ptolemy.util.test.junit.AutoTests" name="[133] /home/travis/build/icyphy/ptII/ptolemy/domains/continuous/test/auto/StaticUnits.xml (RunModel)" time="2.878" />
  <testcase classname="ptolemy.util.test.junit.AutoTests" name="[134] /home/travis/build/icyphy/ptII/ptolemy/domains/continuous/test/auto/StickyMasses.xml (RunModel)" time="0.2" />
  <testcase classname="ptolemy.util.test.junit.AutoTests" name="[135] /home/travis/build/icyphy/ptII/ptolemy/domains/continuous/test/auto/StopTime.xml (RunModel)" time="0.085" />
  <testcase classname="ptolemy.util.test.junit.AutoTests" name="[136] /home/travis/build/icyphy/ptII/ptolemy/domains/continuous/test/auto/StopTime2.xml (RunModel)" time="0.062" />
  <testcase classname="ptolemy.util.test.junit.AutoTests" name="[137] /home/travis/build/icyphy/ptII/ptolemy/domains/continuous/test/auto/Switch.xml (RunModel)" time="0.073" />
  <testcase classname="ptolemy.util.test.junit.AutoTests" name="[138] /home/travis/build/icyphy/ptII/ptolemy/domains/continuous/test/auto/Thermostat.xml (RunModel)" time="0.222" />
  <testcase classname="ptolemy.util.test.junit.AutoTests" name="[139] /home/travis/build/icyphy/ptII/ptolemy/domains/continuous/test/auto/TimeDelay.xml (RunModel)" time="0.015" />
  <testcase classname="ptolemy.util.test.junit.AutoTests" name="[140] /home/travis/build/icyphy/ptII/ptolemy/domains/continuous/test/auto/TimeDelay2.xml (RunModel)" time="0.026" />
  <testcase classname="ptolemy.util.test.junit.AutoTests" name="[141] /home/travis/build/icyphy/ptII/ptolemy/domains/continuous/test/auto/TimeDelay3.xml (RunModel)" time="0.015" />
  <testcase classname="ptolemy.util.test.junit.AutoTests" name="[142] /home/travis/build/icyphy/ptII/ptolemy/domains/continuous/test/auto/TransferAbsentToInside.xml (RunModel)" time="0.106" />
  <testcase classname="ptolemy.util.test.junit.AutoTests" name="[143] /home/travis/build/icyphy/ptII/ptolemy/domains/continuous/test/auto/Transmission.xml (RunModel)" time="0.849" />
  <testcase classname="ptolemy.util.test.junit.AutoTests" name="[144] /home/travis/build/icyphy/ptII/ptolemy/domains/continuous/test/auto/TriggeredContinuousClock.xml (RunModel)" time="0.079" />
  <testcase classname="ptolemy.util.test.junit.AutoTests" name="[145] /home/travis/build/icyphy/ptII/ptolemy/domains/continuous/test/auto/TwoMachineInfiniteBusControl.xml (RunModel)" time="3.22" />
  <testcase classname="ptolemy.util.test.junit.AutoTests" name="[146] /home/travis/build/icyphy/ptII/ptolemy/domains/continuous/test/auto/V2V.xml (RunModel)" time="0.875" />
  <testcase classname="ptolemy.util.test.junit.AutoTests" name="[147] /home/travis/build/icyphy/ptII/ptolemy/domains/continuous/test/auto/hierarchicalModalModel.xml (RunModel)" time="0.041" />
  <testcase classname="ptolemy.util.test.junit.AutoTests" name="[148] /home/travis/build/icyphy/ptII/ptolemy/domains/continuous/test/auto/hierarchicalModalModel1.xml (RunModel)" time="0.033" />
  <testcase classname="ptolemy.util.test.junit.AutoTests" name="[149] /home/travis/build/icyphy/ptII/ptolemy/domains/continuous/test/auto/hierarchicalModalModel2.xml (RunModel)" time="0.027" />
  <testcase classname="ptolemy.util.test.junit.AutoTests" name="[150] /home/travis/build/icyphy/ptII/ptolemy/domains/continuous/test/auto/hierarchicalModalModel3.xml (RunModel)" time="0.028" />
  <testcase classname="ptolemy.util.test.junit.AutoTests" name="[151] /home/travis/build/icyphy/ptII/ptolemy/domains/continuous/test/auto/hierarchicalModalModel4.xml (RunModel)" time="0.027" />
  <testcase classname="ptolemy.util.test.junit.AutoTests" name="[152] /home/travis/build/icyphy/ptII/ptolemy/domains/continuous/test/auto/junk.xml (RunModel)" time="0.161" />
  <system-out><![CDATA[No tcl tests in /home/travis/build/icyphy/ptII/ptolemy/domains/continuous/test
No auto/knownFailedTests/*.xml tests in /home/travis/build/icyphy/ptII/ptolemy/domains/continuous/test
No auto/linux-amd64/*.xml tests in /home/travis/build/icyphy/ptII/ptolemy/domains/continuous/test
AutoTests.java: About to close Vertx.
AutoTests.java: Vertx closed.

===========================================================================================
----------------- testing Fri Jun 21 05:10:07 UTC 2019 /home/travis/build/icyphy/ptII/ptolemy/domains/continuous/test/auto/BouncingBall.xml
----------------- Instantiating /home/travis/build/icyphy/ptII/ptolemy/domains/continuous/test/auto/BouncingBall.xml
2576 ms. Memory: 217088K Free: 78699K (36%)
----------------- Invoking toplevel() on ptolemy.moml.MoMLSimpleApplication@3e705eb6
----------------- Done invoking toplevel() on ptolemy.moml.MoMLSimpleApplication@3e705eb6
reloadAllAccessors: .BouncingBall

===========================================================================================
----------------- testing Fri Jun 21 05:10:10 UTC 2019 /home/travis/build/icyphy/ptII/ptolemy/domains/continuous/test/auto/BouncingBallWithoutGR.xml
----------------- Instantiating /home/travis/build/icyphy/ptII/ptolemy/domains/continuous/test/auto/BouncingBallWithoutGR.xml
792 ms. Memory: 217088K Free: 152640K (70%)
----------------- Invoking toplevel() on ptolemy.moml.MoMLSimpleApplication@320c1a6c
----------------- Done invoking toplevel() on ptolemy.moml.MoMLSimpleApplication@320c1a6c
reloadAllAccessors: .BouncingBallWithoutGR

===========================================================================================
----------------- testing Fri Jun 21 05:10:11 UTC 2019 /home/travis/build/icyphy/ptII/ptolemy/domains/continuous/test/auto/Brownian.xml
----------------- Instantiating /home/travis/build/icyphy/ptII/ptolemy/domains/continuous/test/auto/Brownian.xml
27 ms. Memory: 217088K Free: 143424K (66%)
----------------- Invoking toplevel() on ptolemy.moml.MoMLSimpleApplication@3bd377a4
----------------- Done invoking toplevel() on ptolemy.moml.MoMLSimpleApplication@3bd377a4
reloadAllAccessors: .Brownian

===========================================================================================
----------------- testing Fri Jun 21 05:10:11 UTC 2019 /home/travis/build/icyphy/ptII/ptolemy/domains/continuous/test/auto/CarTracking.xml
----------------- Instantiating /home/travis/build/icyphy/ptII/ptolemy/domains/continuous/test/auto/CarTracking.xml
3592 ms. Memory: 313344K Free: 252888K (81%)
----------------- Invoking toplevel() on ptolemy.moml.MoMLSimpleApplication@2355558f
----------------- Done invoking toplevel() on ptolemy.moml.MoMLSimpleApplication@2355558f
reloadAllAccessors: .CarTracking

===========================================================================================
----------------- testing Fri Jun 21 05:10:15 UTC 2019 /home/travis/build/icyphy/ptII/ptolemy/domains/continuous/test/auto/CartPendulum.xml
----------------- Instantiating /home/travis/build/icyphy/ptII/ptolemy/domains/continuous/test/auto/CartPendulum.xml
384 ms. Memory: 313344K Free: 161752K (52%)
----------------- Invoking toplevel() on ptolemy.moml.MoMLSimpleApplication@6f2185c8
----------------- Done invoking toplevel() on ptolemy.moml.MoMLSimpleApplication@6f2185c8
reloadAllAccessors: .CartPendulum

===========================================================================================
----------------- testing Fri Jun 21 05:10:16 UTC 2019 /home/travis/build/icyphy/ptII/ptolemy/domains/continuous/test/auto/CausalityInterface10.xml
----------------- Instantiating /home/travis/build/icyphy/ptII/ptolemy/domains/continuous/test/auto/CausalityInterface10.xml
6 ms. Memory: 313344K Free: 151512K (48%)
----------------- Invoking toplevel() on ptolemy.moml.MoMLSimpleApplication@1804acd3
----------------- Done invoking toplevel() on ptolemy.moml.MoMLSimpleApplication@1804acd3
reloadAllAccessors: .CausalityInterface10

===========================================================================================
----------------- testing Fri Jun 21 05:10:16 UTC 2019 /home/travis/build/icyphy/ptII/ptolemy/domains/continuous/test/auto/CausalityInterface11.xml
----------------- Instantiating /home/travis/build/icyphy/ptII/ptolemy/domains/continuous/test/auto/CausalityInterface11.xml
9 ms. Memory: 313344K Free: 145368K (46%)
----------------- Invoking toplevel() on ptolemy.moml.MoMLSimpleApplication@57a575ea
----------------- Done invoking toplevel() on ptolemy.moml.MoMLSimpleApplication@57a575ea
reloadAllAccessors: .CausalityInterface11

===========================================================================================
----------------- testing Fri Jun 21 05:10:16 UTC 2019 /home/travis/build/icyphy/ptII/ptolemy/domains/continuous/test/auto/CausalityInterface12.xml
----------------- Instantiating /home/travis/build/icyphy/ptII/ptolemy/domains/continuous/test/auto/CausalityInterface12.xml
10 ms. Memory: 313344K Free: 139224K (44%)
----------------- Invoking toplevel() on ptolemy.moml.MoMLSimpleApplication@10cdbb47
----------------- Done invoking toplevel() on ptolemy.moml.MoMLSimpleApplication@10cdbb47
reloadAllAccessors: .CausalityInterface12

===========================================================================================
----------------- testing Fri Jun 21 05:10:16 UTC 2019 /home/travis/build/icyphy/ptII/ptolemy/domains/continuous/test/auto/CausalityInterface13.xml
----------------- Instantiating /home/travis/build/icyphy/ptII/ptolemy/domains/continuous/test/auto/CausalityInterface13.xml
11 ms. Memory: 313344K Free: 133080K (42%)
----------------- Invoking toplevel() on ptolemy.moml.MoMLSimpleApplication@358168ca
----------------- Done invoking toplevel() on ptolemy.moml.MoMLSimpleApplication@358168ca
reloadAllAccessors: .CausalityInterface13

===========================================================================================
----------------- testing Fri Jun 21 05:10:16 UTC 2019 /home/travis/build/icyphy/ptII/ptolemy/domains/continuous/test/auto/CausalityInterface14.xml
----------------- Instantiating /home/travis/build/icyphy/ptII/ptolemy/domains/continuous/test/auto/CausalityInterface14.xml
5 ms. Memory: 313344K Free: 127416K (41%)
----------------- Invoking toplevel() on ptolemy.moml.MoMLSimpleApplication@577041e5
----------------- Done invoking toplevel() on ptolemy.moml.MoMLSimpleApplication@577041e5
reloadAllAccessors: .CausalityInterface14

===========================================================================================
----------------- testing Fri Jun 21 05:10:16 UTC 2019 /home/travis/build/icyphy/ptII/ptolemy/domains/continuous/test/auto/CausalityInterface4.xml
----------------- Instantiating /home/travis/build/icyphy/ptII/ptolemy/domains/continuous/test/auto/CausalityInterface4.xml
12 ms. Memory: 313344K Free: 120792K (39%)
----------------- Invoking toplevel() on ptolemy.moml.MoMLSimpleApplication@5c21442f
----------------- Done invoking toplevel() on ptolemy.moml.MoMLSimpleApplication@5c21442f
reloadAllAccessors: .CausalityInterface4

===========================================================================================
----------------- testing Fri Jun 21 05:10:16 UTC 2019 /home/travis/build/icyphy/ptII/ptolemy/domains/continuous/test/auto/CausalityInterface5.xml
----------------- Instantiating /home/travis/build/icyphy/ptII/ptolemy/domains/continuous/test/auto/CausalityInterface5.xml
8 ms. Memory: 313344K Free: 297017K (95%)
----------------- Invoking toplevel() on ptolemy.moml.MoMLSimpleApplication@27dc7337
----------------- Done invoking toplevel() on ptolemy.moml.MoMLSimpleApplication@27dc7337
reloadAllAccessors: .CausalityInterface5

===========================================================================================
----------------- testing Fri Jun 21 05:10:16 UTC 2019 /home/travis/build/icyphy/ptII/ptolemy/domains/continuous/test/auto/CausalityInterface6.xml
----------------- Instantiating /home/travis/build/icyphy/ptII/ptolemy/domains/continuous/test/auto/CausalityInterface6.xml
3 ms. Memory: 313344K Free: 291387K (93%)
----------------- Invoking toplevel() on ptolemy.moml.MoMLSimpleApplication@7871ba95
----------------- Done invoking toplevel() on ptolemy.moml.MoMLSimpleApplication@7871ba95
reloadAllAccessors: .CausalityInterface6

===========================================================================================
----------------- testing Fri Jun 21 05:10:16 UTC 2019 /home/travis/build/icyphy/ptII/ptolemy/domains/continuous/test/auto/CausalityInterface7.xml
----------------- Instantiating /home/travis/build/icyphy/ptII/ptolemy/domains/continuous/test/auto/CausalityInterface7.xml
9 ms. Memory: 313344K Free: 282681K (90%)
----------------- Invoking toplevel() on ptolemy.moml.MoMLSimpleApplication@40b1ec99
----------------- Done invoking toplevel() on ptolemy.moml.MoMLSimpleApplication@40b1ec99
reloadAllAccessors: .CausalityInterface7

===========================================================================================
----------------- testing Fri Jun 21 05:10:16 UTC 2019 /home/travis/build/icyphy/ptII/ptolemy/domains/continuous/test/auto/CausalityInterface8.xml
----------------- Instantiating /home/travis/build/icyphy/ptII/ptolemy/domains/continuous/test/auto/CausalityInterface8.xml
6 ms. Memory: 313344K Free: 273979K (87%)
----------------- Invoking toplevel() on ptolemy.moml.MoMLSimpleApplication@5e5a678e
----------------- Done invoking toplevel() on ptolemy.moml.MoMLSimpleApplication@5e5a678e
reloadAllAccessors: .CausalityInterface8

===========================================================================================
----------------- testing Fri Jun 21 05:10:16 UTC 2019 /home/travis/build/icyphy/ptII/ptolemy/domains/continuous/test/auto/CausalityInterface9.xml
----------------- Instantiating /home/travis/build/icyphy/ptII/ptolemy/domains/continuous/test/auto/CausalityInterface9.xml
9 ms. Memory: 313344K Free: 263225K (84%)
----------------- Invoking toplevel() on ptolemy.moml.MoMLSimpleApplication@14028a09
----------------- Done invoking toplevel() on ptolemy.moml.MoMLSimpleApplication@14028a09
reloadAllAccessors: .CausalityInterface9

===========================================================================================
----------------- testing Fri Jun 21 05:10:16 UTC 2019 /home/travis/build/icyphy/ptII/ptolemy/domains/continuous/test/auto/CausalityInterfaceFeedback1.xml
----------------- Instantiating /home/travis/build/icyphy/ptII/ptolemy/domains/continuous/test/auto/CausalityInterfaceFeedback1.xml
5 ms. Memory: 313344K Free: 256571K (82%)
----------------- Invoking toplevel() on ptolemy.moml.MoMLSimpleApplication@6978b3e7
----------------- Done invoking toplevel() on ptolemy.moml.MoMLSimpleApplication@6978b3e7
reloadAllAccessors: .CausalityInterfaceFeedback1

===========================================================================================
----------------- testing Fri Jun 21 05:10:16 UTC 2019 /home/travis/build/icyphy/ptII/ptolemy/domains/continuous/test/auto/CausalityInterfaceFeedback2.xml
----------------- Instantiating /home/travis/build/icyphy/ptII/ptolemy/domains/continuous/test/auto/CausalityInterfaceFeedback2.xml
6 ms. Memory: 313344K Free: 249899K (80%)
----------------- Invoking toplevel() on ptolemy.moml.MoMLSimpleApplication@6ef922a8
----------------- Done invoking toplevel() on ptolemy.moml.MoMLSimpleApplication@6ef922a8
reloadAllAccessors: .CausalityInterfaceFeedback2

===========================================================================================
----------------- testing Fri Jun 21 05:10:16 UTC 2019 /home/travis/build/icyphy/ptII/ptolemy/domains/continuous/test/auto/CompareWithCurrentTime.xml
----------------- Instantiating /home/travis/build/icyphy/ptII/ptolemy/domains/continuous/test/auto/CompareWithCurrentTime.xml
3 ms. Memory: 313344K Free: 245817K (78%)
----------------- Invoking toplevel() on ptolemy.moml.MoMLSimpleApplication@790fa733
----------------- Done invoking toplevel() on ptolemy.moml.MoMLSimpleApplication@790fa733
reloadAllAccessors: .CompareWithCurrentTime

===========================================================================================
----------------- testing Fri Jun 21 05:10:16 UTC 2019 /home/travis/build/icyphy/ptII/ptolemy/domains/continuous/test/auto/ComparedClocks.xml
----------------- Instantiating /home/travis/build/icyphy/ptII/ptolemy/domains/continuous/test/auto/ComparedClocks.xml
9 ms. Memory: 313344K Free: 230443K (74%)
----------------- Invoking toplevel() on ptolemy.moml.MoMLSimpleApplication@6cb0f2e
----------------- Done invoking toplevel() on ptolemy.moml.MoMLSimpleApplication@6cb0f2e
reloadAllAccessors: .ComparedClocks

===========================================================================================
----------------- testing Fri Jun 21 05:10:16 UTC 2019 /home/travis/build/icyphy/ptII/ptolemy/domains/continuous/test/auto/ContinuousAOCClone.xml
----------------- Instantiating /home/travis/build/icyphy/ptII/ptolemy/domains/continuous/test/auto/ContinuousAOCClone.xml
2473 ms. Memory: 313344K Free: 273266K (87%)
----------------- Invoking toplevel() on ptolemy.moml.MoMLSimpleApplication@a7dcf04
----------------- Done invoking toplevel() on ptolemy.moml.MoMLSimpleApplication@a7dcf04
reloadAllAccessors: .ContinuousAOCClone

===========================================================================================
----------------- testing Fri Jun 21 05:10:19 UTC 2019 /home/travis/build/icyphy/ptII/ptolemy/domains/continuous/test/auto/ContinuousClock.xml
----------------- Instantiating /home/travis/build/icyphy/ptII/ptolemy/domains/continuous/test/auto/ContinuousClock.xml
34 ms. Memory: 313344K Free: 251762K (80%)
----------------- Invoking toplevel() on ptolemy.moml.MoMLSimpleApplication@73ab0cc5
----------------- Done invoking toplevel() on ptolemy.moml.MoMLSimpleApplication@73ab0cc5
reloadAllAccessors: .ContinuousClock

===========================================================================================
----------------- testing Fri Jun 21 05:10:19 UTC 2019 /home/travis/build/icyphy/ptII/ptolemy/domains/continuous/test/auto/ContinuousInContinuous.xml
----------------- Instantiating /home/travis/build/icyphy/ptII/ptolemy/domains/continuous/test/auto/ContinuousInContinuous.xml
47 ms. Memory: 313344K Free: 228210K (73%)
----------------- Invoking toplevel() on ptolemy.moml.MoMLSimpleApplication@61e26070
----------------- Done invoking toplevel() on ptolemy.moml.MoMLSimpleApplication@61e26070
reloadAllAccessors: .ContinuousInContinuous

===========================================================================================
----------------- testing Fri Jun 21 05:10:19 UTC 2019 /home/travis/build/icyphy/ptII/ptolemy/domains/continuous/test/auto/ContinuousInContinuousInContinuous.xml
----------------- Instantiating /home/travis/build/icyphy/ptII/ptolemy/domains/continuous/test/auto/ContinuousInContinuousInContinuous.xml
7 ms. Memory: 313344K Free: 220018K (70%)
----------------- Invoking toplevel() on ptolemy.moml.MoMLSimpleApplication@52b95a2e
----------------- Done invoking toplevel() on ptolemy.moml.MoMLSimpleApplication@52b95a2e
reloadAllAccessors: .ContinuousInContinuousInContinuous

===========================================================================================
----------------- testing Fri Jun 21 05:10:19 UTC 2019 /home/travis/build/icyphy/ptII/ptolemy/domains/continuous/test/auto/ContinuousInDE.xml
----------------- Instantiating /home/travis/build/icyphy/ptII/ptolemy/domains/continuous/test/auto/ContinuousInDE.xml
119 ms. Memory: 313344K Free: 209268K (67%)
----------------- Invoking toplevel() on ptolemy.moml.MoMLSimpleApplication@45ee2a7a
----------------- Done invoking toplevel() on ptolemy.moml.MoMLSimpleApplication@45ee2a7a
reloadAllAccessors: .ContinuousInDE

===========================================================================================
----------------- testing Fri Jun 21 05:10:20 UTC 2019 /home/travis/build/icyphy/ptII/ptolemy/domains/continuous/test/auto/ContinuousInDE2.xml
----------------- Instantiating /home/travis/build/icyphy/ptII/ptolemy/domains/continuous/test/auto/ContinuousInDE2.xml
38 ms. Memory: 313344K Free: 200052K (64%)
----------------- Invoking toplevel() on ptolemy.moml.MoMLSimpleApplication@d02a57e
----------------- Done invoking toplevel() on ptolemy.moml.MoMLSimpleApplication@d02a57e
reloadAllAccessors: .ContinuousInDE2

===========================================================================================
----------------- testing Fri Jun 21 05:10:20 UTC 2019 /home/travis/build/icyphy/ptII/ptolemy/domains/continuous/test/auto/ContinuousInDE3.xml
----------------- Instantiating /home/travis/build/icyphy/ptII/ptolemy/domains/continuous/test/auto/ContinuousInDE3.xml
40 ms. Memory: 313344K Free: 190322K (61%)
----------------- Invoking toplevel() on ptolemy.moml.MoMLSimpleApplication@2cccdb98
----------------- Done invoking toplevel() on ptolemy.moml.MoMLSimpleApplication@2cccdb98
reloadAllAccessors: .ContinuousInDE3

===========================================================================================
----------------- testing Fri Jun 21 05:10:20 UTC 2019 /home/travis/build/icyphy/ptII/ptolemy/domains/continuous/test/auto/ContinuousInDE4.xml
----------------- Instantiating /home/travis/build/icyphy/ptII/ptolemy/domains/continuous/test/auto/ContinuousInDE4.xml
20 ms. Memory: 313344K Free: 184178K (59%)
----------------- Invoking toplevel() on ptolemy.moml.MoMLSimpleApplication@72218689
----------------- Done invoking toplevel() on ptolemy.moml.MoMLSimpleApplication@72218689
reloadAllAccessors: .ContinuousInDE4

===========================================================================================
----------------- testing Fri Jun 21 05:10:20 UTC 2019 /home/travis/build/icyphy/ptII/ptolemy/domains/continuous/test/auto/ContinuousInDEDifferentRefinements.xml
----------------- Instantiating /home/travis/build/icyphy/ptII/ptolemy/domains/continuous/test/auto/ContinuousInDEDifferentRefinements.xml
68 ms. Memory: 313344K Free: 153444K (49%)
----------------- Invoking toplevel() on ptolemy.moml.MoMLSimpleApplication@12792ee7
----------------- Done invoking toplevel() on ptolemy.moml.MoMLSimpleApplication@12792ee7
reloadAllAccessors: .ContinuousInDEDifferentRefinements

===========================================================================================
----------------- testing Fri Jun 21 05:10:20 UTC 2019 /home/travis/build/icyphy/ptII/ptolemy/domains/continuous/test/auto/ContinuousInDEDifferentRefinementsPreemptive.xml
----------------- Instantiating /home/travis/build/icyphy/ptII/ptolemy/domains/continuous/test/auto/ContinuousInDEDifferentRefinementsPreemptive.xml
47 ms. Memory: 313344K Free: 122708K (39%)
----------------- Invoking toplevel() on ptolemy.moml.MoMLSimpleApplication@4532a299
----------------- Done invoking toplevel() on ptolemy.moml.MoMLSimpleApplication@4532a299
reloadAllAccessors: .ContinuousInDEDifferentRefinementsPreemptive

===========================================================================================
----------------- testing Fri Jun 21 05:10:20 UTC 2019 /home/travis/build/icyphy/ptII/ptolemy/domains/continuous/test/auto/ContinuousInDEInContinuous2.xml
----------------- Instantiating /home/travis/build/icyphy/ptII/ptolemy/domains/continuous/test/auto/ContinuousInDEInContinuous2.xml
41 ms. Memory: 376832K Free: 361415K (96%)
----------------- Invoking toplevel() on ptolemy.moml.MoMLSimpleApplication@37662a72
----------------- Done invoking toplevel() on ptolemy.moml.MoMLSimpleApplication@37662a72
reloadAllAccessors: .ContinuousInDEInContinuous2

===========================================================================================
----------------- testing Fri Jun 21 05:10:20 UTC 2019 /home/travis/build/icyphy/ptII/ptolemy/domains/continuous/test/auto/ContinuousInDEInContinuous3.xml
----------------- Instantiating /home/travis/build/icyphy/ptII/ptolemy/domains/continuous/test/auto/ContinuousInDEInContinuous3.xml
42 ms. Memory: 376832K Free: 348441K (92%)
----------------- Invoking toplevel() on ptolemy.moml.MoMLSimpleApplication@11d7fc7a
----------------- Done invoking toplevel() on ptolemy.moml.MoMLSimpleApplication@11d7fc7a
reloadAllAccessors: .ContinuousInDEInContinuous3

===========================================================================================
----------------- testing Fri Jun 21 05:10:20 UTC 2019 /home/travis/build/icyphy/ptII/ptolemy/domains/continuous/test/auto/ContinuousInDEInput.xml
----------------- Instantiating /home/travis/build/icyphy/ptII/ptolemy/domains/continuous/test/auto/ContinuousInDEInput.xml
14 ms. Memory: 376832K Free: 341273K (91%)
----------------- Invoking toplevel() on ptolemy.moml.MoMLSimpleApplication@5b03c4dd
----------------- Done invoking toplevel() on ptolemy.moml.MoMLSimpleApplication@5b03c4dd
reloadAllAccessors: .ContinuousInDEInput

===========================================================================================
----------------- testing Fri Jun 21 05:10:20 UTC 2019 /home/travis/build/icyphy/ptII/ptolemy/domains/continuous/test/auto/ContinuousInDEInput2.xml
----------------- Instantiating /home/travis/build/icyphy/ptII/ptolemy/domains/continuous/test/auto/ContinuousInDEInput2.xml
12 ms. Memory: 376832K Free: 334105K (89%)
----------------- Invoking toplevel() on ptolemy.moml.MoMLSimpleApplication@2bfc9db1
----------------- Done invoking toplevel() on ptolemy.moml.MoMLSimpleApplication@2bfc9db1
reloadAllAccessors: .ContinuousInDEInput2

===========================================================================================
----------------- testing Fri Jun 21 05:10:20 UTC 2019 /home/travis/build/icyphy/ptII/ptolemy/domains/continuous/test/auto/ContinuousInDEInput3.xml
----------------- Instantiating /home/travis/build/icyphy/ptII/ptolemy/domains/continuous/test/auto/ContinuousInDEInput3.xml
12 ms. Memory: 376832K Free: 326937K (87%)
----------------- Invoking toplevel() on ptolemy.moml.MoMLSimpleApplication@56132a5
----------------- Done invoking toplevel() on ptolemy.moml.MoMLSimpleApplication@56132a5
reloadAllAccessors: .ContinuousInDEInput3

===========================================================================================
----------------- testing Fri Jun 21 05:10:20 UTC 2019 /home/travis/build/icyphy/ptII/ptolemy/domains/continuous/test/auto/ContinuousInDESharingRefinement.xml
----------------- Instantiating /home/travis/build/icyphy/ptII/ptolemy/domains/continuous/test/auto/ContinuousInDESharingRefinement.xml
159 ms. Memory: 376832K Free: 232729K (62%)
----------------- Invoking toplevel() on ptolemy.moml.MoMLSimpleApplication@c34c3c6
----------------- Done invoking toplevel() on ptolemy.moml.MoMLSimpleApplication@c34c3c6
reloadAllAccessors: .ContinuousInDESharingRefinement

===========================================================================================
----------------- testing Fri Jun 21 05:10:20 UTC 2019 /home/travis/build/icyphy/ptII/ptolemy/domains/continuous/test/auto/ContinuousInDEwithNoPorts.xml
----------------- Instantiating /home/travis/build/icyphy/ptII/ptolemy/domains/continuous/test/auto/ContinuousInDEwithNoPorts.xml
5 ms. Memory: 376832K Free: 228633K (61%)
----------------- Invoking toplevel() on ptolemy.moml.MoMLSimpleApplication@3e0b37c6
----------------- Done invoking toplevel() on ptolemy.moml.MoMLSimpleApplication@3e0b37c6
reloadAllAccessors: .ContinuousInDEwithNoPorts

===========================================================================================
----------------- testing Fri Jun 21 05:10:20 UTC 2019 /home/travis/build/icyphy/ptII/ptolemy/domains/continuous/test/auto/ContinuousInsideDE.xml
----------------- Instantiating /home/travis/build/icyphy/ptII/ptolemy/domains/continuous/test/auto/ContinuousInsideDE.xml
31 ms. Memory: 376832K Free: 217879K (58%)
----------------- Invoking toplevel() on ptolemy.moml.MoMLSimpleApplication@70c4d3fc
----------------- Done invoking toplevel() on ptolemy.moml.MoMLSimpleApplication@70c4d3fc
reloadAllAccessors: .ContinuousInsideDE

===========================================================================================
----------------- testing Fri Jun 21 05:10:20 UTC 2019 /home/travis/build/icyphy/ptII/ptolemy/domains/continuous/test/auto/ContinuousMerge1.xml
----------------- Instantiating /home/travis/build/icyphy/ptII/ptolemy/domains/continuous/test/auto/ContinuousMerge1.xml
2 ms. Memory: 376832K Free: 213273K (57%)
----------------- Invoking toplevel() on ptolemy.moml.MoMLSimpleApplication@2990ce98
----------------- Done invoking toplevel() on ptolemy.moml.MoMLSimpleApplication@2990ce98
reloadAllAccessors: .ContinuousMerge1

===========================================================================================
----------------- testing Fri Jun 21 05:10:21 UTC 2019 /home/travis/build/icyphy/ptII/ptolemy/domains/continuous/test/auto/ContinuousMerge2.xml
----------------- Instantiating /home/travis/build/icyphy/ptII/ptolemy/domains/continuous/test/auto/ContinuousMerge2.xml
15 ms. Memory: 376832K Free: 203033K (54%)
----------------- Invoking toplevel() on ptolemy.moml.MoMLSimpleApplication@3f19eb23
----------------- Done invoking toplevel() on ptolemy.moml.MoMLSimpleApplication@3f19eb23
reloadAllAccessors: .ContinuousMerge2

===========================================================================================
----------------- testing Fri Jun 21 05:10:21 UTC 2019 /home/travis/build/icyphy/ptII/ptolemy/domains/continuous/test/auto/ContinuousMerge3.xml
----------------- Instantiating /home/travis/build/icyphy/ptII/ptolemy/domains/continuous/test/auto/ContinuousMerge3.xml
52 ms. Memory: 376832K Free: 192279K (51%)
----------------- Invoking toplevel() on ptolemy.moml.MoMLSimpleApplication@720e5e43
----------------- Done invoking toplevel() on ptolemy.moml.MoMLSimpleApplication@720e5e43
reloadAllAccessors: .ContinuousMerge3

===========================================================================================
----------------- testing Fri Jun 21 05:10:21 UTC 2019 /home/travis/build/icyphy/ptII/ptolemy/domains/continuous/test/auto/ContinuousWithinContinuous.xml
----------------- Instantiating /home/travis/build/icyphy/ptII/ptolemy/domains/continuous/test/auto/ContinuousWithinContinuous.xml
38 ms. Memory: 376832K Free: 183577K (49%)
----------------- Invoking toplevel() on ptolemy.moml.MoMLSimpleApplication@a7a2070
----------------- Done invoking toplevel() on ptolemy.moml.MoMLSimpleApplication@a7a2070
reloadAllAccessors: .ContinuousWithinContinuous

===========================================================================================
----------------- testing Fri Jun 21 05:10:21 UTC 2019 /home/travis/build/icyphy/ptII/ptolemy/domains/continuous/test/auto/ContinuousWithinContinuous2.xml
----------------- Instantiating /home/travis/build/icyphy/ptII/ptolemy/domains/continuous/test/auto/ContinuousWithinContinuous2.xml
66 ms. Memory: 376832K Free: 172823K (46%)
----------------- Invoking toplevel() on ptolemy.moml.MoMLSimpleApplication@2cee570
----------------- Done invoking toplevel() on ptolemy.moml.MoMLSimpleApplication@2cee570
reloadAllAccessors: .ContinuousWithinContinuous2

===========================================================================================
----------------- testing Fri Jun 21 05:10:21 UTC 2019 /home/travis/build/icyphy/ptII/ptolemy/domains/continuous/test/auto/ContinuousWithinContinuous3.xml
----------------- Instantiating /home/travis/build/icyphy/ptII/ptolemy/domains/continuous/test/auto/ContinuousWithinContinuous3.xml
12 ms. Memory: 376832K Free: 165655K (44%)
----------------- Invoking toplevel() on ptolemy.moml.MoMLSimpleApplication@1af12125
----------------- Done invoking toplevel() on ptolemy.moml.MoMLSimpleApplication@1af12125
reloadAllAccessors: .ContinuousWithinContinuous3

===========================================================================================
----------------- testing Fri Jun 21 05:10:21 UTC 2019 /home/travis/build/icyphy/ptII/ptolemy/domains/continuous/test/auto/ContinuousWithinContinuous4.xml
----------------- Instantiating /home/travis/build/icyphy/ptII/ptolemy/domains/continuous/test/auto/ContinuousWithinContinuous4.xml
72 ms. Memory: 376832K Free: 153367K (41%)
----------------- Invoking toplevel() on ptolemy.moml.MoMLSimpleApplication@69753a4
----------------- Done invoking toplevel() on ptolemy.moml.MoMLSimpleApplication@69753a4
reloadAllAccessors: .ContinuousWithinContinuous4

===========================================================================================
----------------- testing Fri Jun 21 05:10:21 UTC 2019 /home/travis/build/icyphy/ptII/ptolemy/domains/continuous/test/auto/ContinuousWithinContinuous5.xml
----------------- Instantiating /home/travis/build/icyphy/ptII/ptolemy/domains/continuous/test/auto/ContinuousWithinContinuous5.xml
12 ms. Memory: 376832K Free: 146199K (39%)
----------------- Invoking toplevel() on ptolemy.moml.MoMLSimpleApplication@7facb0a8
----------------- Done invoking toplevel() on ptolemy.moml.MoMLSimpleApplication@7facb0a8
reloadAllAccessors: .ContinuousWithinContinuous5

===========================================================================================
----------------- testing Fri Jun 21 05:10:21 UTC 2019 /home/travis/build/icyphy/ptII/ptolemy/domains/continuous/test/auto/ContinuousWithinContinuous6.xml
----------------- Instantiating /home/travis/build/icyphy/ptII/ptolemy/domains/continuous/test/auto/ContinuousWithinContinuous6.xml
17 ms. Memory: 376832K Free: 363313K (96%)
----------------- Invoking toplevel() on ptolemy.moml.MoMLSimpleApplication@3759cad0
----------------- Done invoking toplevel() on ptolemy.moml.MoMLSimpleApplication@3759cad0
reloadAllAccessors: .ContinuousWithinContinuous6

===========================================================================================
----------------- testing Fri Jun 21 05:10:21 UTC 2019 /home/travis/build/icyphy/ptII/ptolemy/domains/continuous/test/auto/ContinuousWithinContinuous7.xml
----------------- Instantiating /home/travis/build/icyphy/ptII/ptolemy/domains/continuous/test/auto/ContinuousWithinContinuous7.xml
58 ms. Memory: 376832K Free: 352079K (93%)
----------------- Invoking toplevel() on ptolemy.moml.MoMLSimpleApplication@3a457ed6
----------------- Done invoking toplevel() on ptolemy.moml.MoMLSimpleApplication@3a457ed6
reloadAllAccessors: .ContinuousWithinContinuous7

===========================================================================================
----------------- testing Fri Jun 21 05:10:21 UTC 2019 /home/travis/build/icyphy/ptII/ptolemy/domains/continuous/test/auto/DCMotor.xml
----------------- Instantiating /home/travis/build/icyphy/ptII/ptolemy/domains/continuous/test/auto/DCMotor.xml
13929 ms. Memory: 376832K Free: 254924K (68%)
----------------- Invoking toplevel() on ptolemy.moml.MoMLSimpleApplication@5c77512b
----------------- Done invoking toplevel() on ptolemy.moml.MoMLSimpleApplication@5c77512b
reloadAllAccessors: .DCMotor

===========================================================================================
----------------- testing Fri Jun 21 05:10:35 UTC 2019 /home/travis/build/icyphy/ptII/ptolemy/domains/continuous/test/auto/DEInContinuous.xml
----------------- Instantiating /home/travis/build/icyphy/ptII/ptolemy/domains/continuous/test/auto/DEInContinuous.xml
13 ms. Memory: 376832K Free: 248780K (66%)
----------------- Invoking toplevel() on ptolemy.moml.MoMLSimpleApplication@4bdee3a2
----------------- Done invoking toplevel() on ptolemy.moml.MoMLSimpleApplication@4bdee3a2
reloadAllAccessors: .DEInContinuous

===========================================================================================
----------------- testing Fri Jun 21 05:10:35 UTC 2019 /home/travis/build/icyphy/ptII/ptolemy/domains/continuous/test/auto/DEinContinuous2.xml
----------------- Instantiating /home/travis/build/icyphy/ptII/ptolemy/domains/continuous/test/auto/DEinContinuous2.xml
9 ms. Memory: 376832K Free: 241084K (64%)
----------------- Invoking toplevel() on ptolemy.moml.MoMLSimpleApplication@5457046a
----------------- Done invoking toplevel() on ptolemy.moml.MoMLSimpleApplication@5457046a
reloadAllAccessors: .DEinContinuous2

===========================================================================================
----------------- testing Fri Jun 21 05:10:35 UTC 2019 /home/travis/build/icyphy/ptII/ptolemy/domains/continuous/test/auto/Derivative.xml
----------------- Instantiating /home/travis/build/icyphy/ptII/ptolemy/domains/continuous/test/auto/Derivative.xml
150 ms. Memory: 376832K Free: 212426K (56%)
----------------- Invoking toplevel() on ptolemy.moml.MoMLSimpleApplication@19955846
----------------- Done invoking toplevel() on ptolemy.moml.MoMLSimpleApplication@19955846
reloadAllAccessors: .Derivative2

===========================================================================================
----------------- testing Fri Jun 21 05:10:35 UTC 2019 /home/travis/build/icyphy/ptII/ptolemy/domains/continuous/test/auto/Derivative1.xml
----------------- Instantiating /home/travis/build/icyphy/ptII/ptolemy/domains/continuous/test/auto/Derivative1.xml
34 ms. Memory: 376832K Free: 198090K (53%)
----------------- Invoking toplevel() on ptolemy.moml.MoMLSimpleApplication@65f4cc27
----------------- Done invoking toplevel() on ptolemy.moml.MoMLSimpleApplication@65f4cc27
reloadAllAccessors: .Derivative1

===========================================================================================
----------------- testing Fri Jun 21 05:10:35 UTC 2019 /home/travis/build/icyphy/ptII/ptolemy/domains/continuous/test/auto/DiscreteClock.xml
----------------- Instantiating /home/travis/build/icyphy/ptII/ptolemy/domains/continuous/test/auto/DiscreteClock.xml
9 ms. Memory: 376832K Free: 192970K (51%)
----------------- Invoking toplevel() on ptolemy.moml.MoMLSimpleApplication@2cc8761c
----------------- Done invoking toplevel() on ptolemy.moml.MoMLSimpleApplication@2cc8761c
reloadAllAccessors: .DiscreteClock

===========================================================================================
----------------- testing Fri Jun 21 05:10:35 UTC 2019 /home/travis/build/icyphy/ptII/ptolemy/domains/continuous/test/auto/EfficiencyCurve.xml
----------------- Instantiating /home/travis/build/icyphy/ptII/ptolemy/domains/continuous/test/auto/EfficiencyCurve.xml
61 ms. Memory: 376832K Free: 183754K (49%)
----------------- Invoking toplevel() on ptolemy.moml.MoMLSimpleApplication@4f9ba9f6
----------------- Done invoking toplevel() on ptolemy.moml.MoMLSimpleApplication@4f9ba9f6
reloadAllAccessors: .EfficiencyCurve

===========================================================================================
----------------- testing Fri Jun 21 05:10:36 UTC 2019 /home/travis/build/icyphy/ptII/ptolemy/domains/continuous/test/auto/ExponentialResponse.xml
----------------- Instantiating /home/travis/build/icyphy/ptII/ptolemy/domains/continuous/test/auto/ExponentialResponse.xml
107 ms. Memory: 376832K Free: 168394K (45%)
----------------- Invoking toplevel() on ptolemy.moml.MoMLSimpleApplication@3739d042
----------------- Done invoking toplevel() on ptolemy.moml.MoMLSimpleApplication@3739d042
reloadAllAccessors: .ExponentialResponse

===========================================================================================
----------------- testing Fri Jun 21 05:10:36 UTC 2019 /home/travis/build/icyphy/ptII/ptolemy/domains/continuous/test/auto/ExponentialResponseRK45.xml
----------------- Instantiating /home/travis/build/icyphy/ptII/ptolemy/domains/continuous/test/auto/ExponentialResponseRK45.xml
26 ms. Memory: 376832K Free: 161740K (43%)
----------------- Invoking toplevel() on ptolemy.moml.MoMLSimpleApplication@1c3bf3b1
----------------- Done invoking toplevel() on ptolemy.moml.MoMLSimpleApplication@1c3bf3b1
reloadAllAccessors: .ExponentialResponseRK45

===========================================================================================
----------------- testing Fri Jun 21 05:10:36 UTC 2019 /home/travis/build/icyphy/ptII/ptolemy/domains/continuous/test/auto/Friction.xml
----------------- Instantiating /home/travis/build/icyphy/ptII/ptolemy/domains/continuous/test/auto/Friction.xml
1460 ms. Memory: 376832K Free: 188407K (50%)
----------------- Invoking toplevel() on ptolemy.moml.MoMLSimpleApplication@52c5fb74
----------------- Done invoking toplevel() on ptolemy.moml.MoMLSimpleApplication@52c5fb74
reloadAllAccessors: .Friction

===========================================================================================
----------------- testing Fri Jun 21 05:10:37 UTC 2019 /home/travis/build/icyphy/ptII/ptolemy/domains/continuous/test/auto/FurutaPendulum.xml
----------------- Instantiating /home/travis/build/icyphy/ptII/ptolemy/domains/continuous/test/auto/FurutaPendulum.xml
3342 ms. Memory: 376832K Free: 141027K (37%)
----------------- Invoking toplevel() on ptolemy.moml.MoMLSimpleApplication@24b4cbdd
----------------- Done invoking toplevel() on ptolemy.moml.MoMLSimpleApplication@24b4cbdd
reloadAllAccessors: .FurutaPendulum

===========================================================================================
----------------- testing Fri Jun 21 05:10:41 UTC 2019 /home/travis/build/icyphy/ptII/ptolemy/domains/continuous/test/auto/HierarchicalExecution.xml
----------------- Instantiating /home/travis/build/icyphy/ptII/ptolemy/domains/continuous/test/auto/HierarchicalExecution.xml
1801 ms. Memory: 376832K Free: 309390K (82%)
----------------- Invoking toplevel() on ptolemy.moml.MoMLSimpleApplication@e523ccc
----------------- Done invoking toplevel() on ptolemy.moml.MoMLSimpleApplication@e523ccc
reloadAllAccessors: .HierarchicalExecution

===========================================================================================
----------------- testing Fri Jun 21 05:10:43 UTC 2019 /home/travis/build/icyphy/ptII/ptolemy/domains/continuous/test/auto/HybridPlant.xml
----------------- Instantiating /home/travis/build/icyphy/ptII/ptolemy/domains/continuous/test/auto/HybridPlant.xml
531 ms. Memory: 376832K Free: 268532K (71%)
----------------- Invoking toplevel() on ptolemy.moml.MoMLSimpleApplication@69c39ce3
----------------- Done invoking toplevel() on ptolemy.moml.MoMLSimpleApplication@69c39ce3
reloadAllAccessors: .HybridPlant

===========================================================================================
----------------- testing Fri Jun 21 05:10:44 UTC 2019 /home/travis/build/icyphy/ptII/ptolemy/domains/continuous/test/auto/Hysteresis.xml
----------------- Instantiating /home/travis/build/icyphy/ptII/ptolemy/domains/continuous/test/auto/Hysteresis.xml
147 ms. Memory: 376832K Free: 206068K (55%)
----------------- Invoking toplevel() on ptolemy.moml.MoMLSimpleApplication@53029ea4
----------------- Done invoking toplevel() on ptolemy.moml.MoMLSimpleApplication@53029ea4
reloadAllAccessors: .Hysteresis

===========================================================================================
----------------- testing Fri Jun 21 05:10:44 UTC 2019 /home/travis/build/icyphy/ptII/ptolemy/domains/continuous/test/auto/HysteresisWithRandomDelay.xml
----------------- Instantiating /home/travis/build/icyphy/ptII/ptolemy/domains/continuous/test/auto/HysteresisWithRandomDelay.xml
182 ms. Memory: 376832K Free: 358711K (95%)
----------------- Invoking toplevel() on ptolemy.moml.MoMLSimpleApplication@4a837b2d
----------------- Done invoking toplevel() on ptolemy.moml.MoMLSimpleApplication@4a837b2d
reloadAllAccessors: .HysteresisWithRandomDelay

===========================================================================================
----------------- testing Fri Jun 21 05:10:44 UTC 2019 /home/travis/build/icyphy/ptII/ptolemy/domains/continuous/test/auto/HysteresisWithRandomLosses.xml
----------------- Instantiating /home/travis/build/icyphy/ptII/ptolemy/domains/continuous/test/auto/HysteresisWithRandomLosses.xml
2409 ms. Memory: 376832K Free: 293941K (78%)
----------------- Invoking toplevel() on ptolemy.moml.MoMLSimpleApplication@5cd3a
----------------- Done invoking toplevel() on ptolemy.moml.MoMLSimpleApplication@5cd3a
reloadAllAccessors: .HysteresisWithRandomLosses

===========================================================================================
----------------- testing Fri Jun 21 05:10:46 UTC 2019 /home/travis/build/icyphy/ptII/ptolemy/domains/continuous/test/auto/ImmediateTransitions.xml
----------------- Instantiating /home/travis/build/icyphy/ptII/ptolemy/domains/continuous/test/auto/ImmediateTransitions.xml
10 ms. Memory: 376832K Free: 282677K (75%)
----------------- Invoking toplevel() on ptolemy.moml.MoMLSimpleApplication@18abdd53
----------------- Done invoking toplevel() on ptolemy.moml.MoMLSimpleApplication@18abdd53
reloadAllAccessors: .ImmediateTransitions

===========================================================================================
----------------- testing Fri Jun 21 05:10:47 UTC 2019 /home/travis/build/icyphy/ptII/ptolemy/domains/continuous/test/auto/ImpulseFeedback.xml
----------------- Instantiating /home/travis/build/icyphy/ptII/ptolemy/domains/continuous/test/auto/ImpulseFeedback.xml
8 ms. Memory: 376832K Free: 277043K (74%)
----------------- Invoking toplevel() on ptolemy.moml.MoMLSimpleApplication@23678e3e
----------------- Done invoking toplevel() on ptolemy.moml.MoMLSimpleApplication@23678e3e
reloadAllAccessors: .ImpulseFeedback

===========================================================================================
----------------- testing Fri Jun 21 05:10:47 UTC 2019 /home/travis/build/icyphy/ptII/ptolemy/domains/continuous/test/auto/ImpulseFeedback2.xml
----------------- Instantiating /home/travis/build/icyphy/ptII/ptolemy/domains/continuous/test/auto/ImpulseFeedback2.xml
6 ms. Memory: 376832K Free: 271413K (72%)
----------------- Invoking toplevel() on ptolemy.moml.MoMLSimpleApplication@77e39d16
----------------- Done invoking toplevel() on ptolemy.moml.MoMLSimpleApplication@77e39d16
reloadAllAccessors: .ImpulseFeedback2

===========================================================================================
----------------- testing Fri Jun 21 05:10:47 UTC 2019 /home/travis/build/icyphy/ptII/ptolemy/domains/continuous/test/auto/IncreasingRatePoisson.xml
----------------- Instantiating /home/travis/build/icyphy/ptII/ptolemy/domains/continuous/test/auto/IncreasingRatePoisson.xml
771 ms. Memory: 376832K Free: 178210K (47%)
----------------- Invoking toplevel() on ptolemy.moml.MoMLSimpleApplication@3a0daf83
----------------- Done invoking toplevel() on ptolemy.moml.MoMLSimpleApplication@3a0daf83
reloadAllAccessors: .IncreasingRatePoisson

===========================================================================================
----------------- testing Fri Jun 21 05:10:47 UTC 2019 /home/travis/build/icyphy/ptII/ptolemy/domains/continuous/test/auto/InitialStateFeedback.xml
----------------- Instantiating /home/travis/build/icyphy/ptII/ptolemy/domains/continuous/test/auto/InitialStateFeedback.xml
7 ms. Memory: 376832K Free: 173600K (46%)
----------------- Invoking toplevel() on ptolemy.moml.MoMLSimpleApplication@2a51d4b3
----------------- Done invoking toplevel() on ptolemy.moml.MoMLSimpleApplication@2a51d4b3
reloadAllAccessors: .InitialStateFeedback

===========================================================================================
----------------- testing Fri Jun 21 05:10:47 UTC 2019 /home/travis/build/icyphy/ptII/ptolemy/domains/continuous/test/auto/Integration.xml
----------------- Instantiating /home/travis/build/icyphy/ptII/ptolemy/domains/continuous/test/auto/Integration.xml
2 ms. Memory: 376832K Free: 169504K (45%)
----------------- Invoking toplevel() on ptolemy.moml.MoMLSimpleApplication@6cd5fa63
----------------- Done invoking toplevel() on ptolemy.moml.MoMLSimpleApplication@6cd5fa63
reloadAllAccessors: .Integration

===========================================================================================
----------------- testing Fri Jun 21 05:10:47 UTC 2019 /home/travis/build/icyphy/ptII/ptolemy/domains/continuous/test/auto/Integration2.xml
----------------- Instantiating /home/travis/build/icyphy/ptII/ptolemy/domains/continuous/test/auto/Integration2.xml
88 ms. Memory: 376832K Free: 155168K (41%)
----------------- Invoking toplevel() on ptolemy.moml.MoMLSimpleApplication@72172c13
----------------- Done invoking toplevel() on ptolemy.moml.MoMLSimpleApplication@72172c13
reloadAllAccessors: .Integration2

===========================================================================================
----------------- testing Fri Jun 21 05:10:48 UTC 2019 /home/travis/build/icyphy/ptII/ptolemy/domains/continuous/test/auto/Integration3.xml
----------------- Instantiating /home/travis/build/icyphy/ptII/ptolemy/domains/continuous/test/auto/Integration3.xml
4 ms. Memory: 376832K Free: 150562K (40%)
----------------- Invoking toplevel() on ptolemy.moml.MoMLSimpleApplication@2ac037af
----------------- Done invoking toplevel() on ptolemy.moml.MoMLSimpleApplication@2ac037af
reloadAllAccessors: .Integration3

===========================================================================================
----------------- testing Fri Jun 21 05:10:48 UTC 2019 /home/travis/build/icyphy/ptII/ptolemy/domains/continuous/test/auto/Integration5.xml
----------------- Instantiating /home/travis/build/icyphy/ptII/ptolemy/domains/continuous/test/auto/Integration5.xml
2 ms. Memory: 376832K Free: 146466K (39%)
----------------- Invoking toplevel() on ptolemy.moml.MoMLSimpleApplication@2d702e0d
----------------- Done invoking toplevel() on ptolemy.moml.MoMLSimpleApplication@2d702e0d
reloadAllAccessors: .Integration5

===========================================================================================
----------------- testing Fri Jun 21 05:10:48 UTC 2019 /home/travis/build/icyphy/ptII/ptolemy/domains/continuous/test/auto/IntegratorImpulse.xml
----------------- Instantiating /home/travis/build/icyphy/ptII/ptolemy/domains/continuous/test/auto/IntegratorImpulse.xml
2 ms. Memory: 376832K Free: 142370K (38%)
----------------- Invoking toplevel() on ptolemy.moml.MoMLSimpleApplication@3069586
----------------- Done invoking toplevel() on ptolemy.moml.MoMLSimpleApplication@3069586
reloadAllAccessors: .IntegratorImpulse

===========================================================================================
----------------- testing Fri Jun 21 05:10:48 UTC 2019 /home/travis/build/icyphy/ptII/ptolemy/domains/continuous/test/auto/IntegratorImpulse2.xml
----------------- Instantiating /home/travis/build/icyphy/ptII/ptolemy/domains/continuous/test/auto/IntegratorImpulse2.xml
3 ms. Memory: 376832K Free: 361892K (96%)
----------------- Invoking toplevel() on ptolemy.moml.MoMLSimpleApplication@3d75bf75
----------------- Done invoking toplevel() on ptolemy.moml.MoMLSimpleApplication@3d75bf75
reloadAllAccessors: .IntegratorImpulse2

===========================================================================================
----------------- testing Fri Jun 21 05:10:48 UTC 2019 /home/travis/build/icyphy/ptII/ptolemy/domains/continuous/test/auto/LevelCrossing1.xml
----------------- Instantiating /home/travis/build/icyphy/ptII/ptolemy/domains/continuous/test/auto/LevelCrossing1.xml
6 ms. Memory: 376832K Free: 356772K (95%)
----------------- Invoking toplevel() on ptolemy.moml.MoMLSimpleApplication@3fc0b674
----------------- Done invoking toplevel() on ptolemy.moml.MoMLSimpleApplication@3fc0b674
reloadAllAccessors: .LevelCrossing1

===========================================================================================
----------------- testing Fri Jun 21 05:10:48 UTC 2019 /home/travis/build/icyphy/ptII/ptolemy/domains/continuous/test/auto/LevelCrossing2.xml
----------------- Instantiating /home/travis/build/icyphy/ptII/ptolemy/domains/continuous/test/auto/LevelCrossing2.xml
3 ms. Memory: 376832K Free: 351652K (93%)
----------------- Invoking toplevel() on ptolemy.moml.MoMLSimpleApplication@2b920047
----------------- Done invoking toplevel() on ptolemy.moml.MoMLSimpleApplication@2b920047
reloadAllAccessors: .LevelCrossing2

===========================================================================================
----------------- testing Fri Jun 21 05:10:48 UTC 2019 /home/travis/build/icyphy/ptII/ptolemy/domains/continuous/test/auto/LevelCrossing3.xml
----------------- Instantiating /home/travis/build/icyphy/ptII/ptolemy/domains/continuous/test/auto/LevelCrossing3.xml
2 ms. Memory: 376832K Free: 346532K (92%)
----------------- Invoking toplevel() on ptolemy.moml.MoMLSimpleApplication@10e3585c
----------------- Done invoking toplevel() on ptolemy.moml.MoMLSimpleApplication@10e3585c
reloadAllAccessors: .LevelCrossing3

===========================================================================================
----------------- testing Fri Jun 21 05:10:48 UTC 2019 /home/travis/build/icyphy/ptII/ptolemy/domains/continuous/test/auto/LevelCrossing4.xml
----------------- Instantiating /home/travis/build/icyphy/ptII/ptolemy/domains/continuous/test/auto/LevelCrossing4.xml
3 ms. Memory: 376832K Free: 341406K (91%)
----------------- Invoking toplevel() on ptolemy.moml.MoMLSimpleApplication@16c8de5
----------------- Done invoking toplevel() on ptolemy.moml.MoMLSimpleApplication@16c8de5
reloadAllAccessors: .LevelCrossing4

===========================================================================================
----------------- testing Fri Jun 21 05:10:48 UTC 2019 /home/travis/build/icyphy/ptII/ptolemy/domains/continuous/test/auto/LevelCrossing5.xml
----------------- Instantiating /home/travis/build/icyphy/ptII/ptolemy/domains/continuous/test/auto/LevelCrossing5.xml
4 ms. Memory: 376832K Free: 336292K (89%)
----------------- Invoking toplevel() on ptolemy.moml.MoMLSimpleApplication@84f293a
----------------- Done invoking toplevel() on ptolemy.moml.MoMLSimpleApplication@84f293a
reloadAllAccessors: .LevelCrossing5

===========================================================================================
[...]
reloadAllAccessors: .ResetTransitionWithStartTime6

===========================================================================================
----------------- testing Fri Jun 21 05:11:05 UTC 2019 /home/travis/build/icyphy/ptII/ptolemy/domains/continuous/test/auto/SRinContinuous.xml
----------------- Instantiating /home/travis/build/icyphy/ptII/ptolemy/domains/continuous/test/auto/SRinContinuous.xml
6 ms. Memory: 376832K Free: 236744K (63%)
----------------- Invoking toplevel() on ptolemy.moml.MoMLSimpleApplication@6fe63bcb
----------------- Done invoking toplevel() on ptolemy.moml.MoMLSimpleApplication@6fe63bcb
reloadAllAccessors: .SRinContinuous

===========================================================================================
----------------- testing Fri Jun 21 05:11:05 UTC 2019 /home/travis/build/icyphy/ptII/ptolemy/domains/continuous/test/auto/SampledClocks.xml
----------------- Instantiating /home/travis/build/icyphy/ptII/ptolemy/domains/continuous/test/auto/SampledClocks.xml
6 ms. Memory: 376832K Free: 224456K (60%)
----------------- Invoking toplevel() on ptolemy.moml.MoMLSimpleApplication@45e41a0d
----------------- Done invoking toplevel() on ptolemy.moml.MoMLSimpleApplication@45e41a0d
reloadAllAccessors: .SampledClocks

===========================================================================================
----------------- testing Fri Jun 21 05:11:05 UTC 2019 /home/travis/build/icyphy/ptII/ptolemy/domains/continuous/test/auto/Satellite.xml
----------------- Instantiating /home/travis/build/icyphy/ptII/ptolemy/domains/continuous/test/auto/Satellite.xml
797 ms. Memory: 376832K Free: 253801K (67%)
----------------- Invoking toplevel() on ptolemy.moml.MoMLSimpleApplication@7eab445d
----------------- Done invoking toplevel() on ptolemy.moml.MoMLSimpleApplication@7eab445d
reloadAllAccessors: .Satellite

===========================================================================================
----------------- testing Fri Jun 21 05:11:06 UTC 2019 /home/travis/build/icyphy/ptII/ptolemy/domains/continuous/test/auto/SigmaDelta.xml
----------------- Instantiating /home/travis/build/icyphy/ptII/ptolemy/domains/continuous/test/auto/SigmaDelta.xml
2497 ms. Memory: 376832K Free: 216039K (57%)
----------------- Invoking toplevel() on ptolemy.moml.MoMLSimpleApplication@5b45617a
----------------- Done invoking toplevel() on ptolemy.moml.MoMLSimpleApplication@5b45617a
reloadAllAccessors: .SigmaDelta

===========================================================================================
----------------- testing Fri Jun 21 05:11:09 UTC 2019 /home/travis/build/icyphy/ptII/ptolemy/domains/continuous/test/auto/SingleRefinement.xml
----------------- Instantiating /home/travis/build/icyphy/ptII/ptolemy/domains/continuous/test/auto/SingleRefinement.xml
349 ms. Memory: 376832K Free: 254110K (67%)
----------------- Invoking toplevel() on ptolemy.moml.MoMLSimpleApplication@32ce7d7e
----------------- Done invoking toplevel() on ptolemy.moml.MoMLSimpleApplication@32ce7d7e
reloadAllAccessors: .SingleRefinement

===========================================================================================
----------------- testing Fri Jun 21 05:11:09 UTC 2019 /home/travis/build/icyphy/ptII/ptolemy/domains/continuous/test/auto/SinuBouncingBall.xml
----------------- Instantiating /home/travis/build/icyphy/ptII/ptolemy/domains/continuous/test/auto/SinuBouncingBall.xml
817 ms. Memory: 376832K Free: 261750K (69%)
----------------- Invoking toplevel() on ptolemy.moml.MoMLSimpleApplication@12f6b816
----------------- Done invoking toplevel() on ptolemy.moml.MoMLSimpleApplication@12f6b816
reloadAllAccessors: .SinuBouncingBall

===========================================================================================
----------------- testing Fri Jun 21 05:11:10 UTC 2019 /home/travis/build/icyphy/ptII/ptolemy/domains/continuous/test/auto/Sinusoid.xml
----------------- Instantiating /home/travis/build/icyphy/ptII/ptolemy/domains/continuous/test/auto/Sinusoid.xml
5 ms. Memory: 376832K Free: 257150K (68%)
----------------- Invoking toplevel() on ptolemy.moml.MoMLSimpleApplication@508b64a5
----------------- Done invoking toplevel() on ptolemy.moml.MoMLSimpleApplication@508b64a5
reloadAllAccessors: .Sinusoid

===========================================================================================
----------------- testing Fri Jun 21 05:11:10 UTC 2019 /home/travis/build/icyphy/ptII/ptolemy/domains/continuous/test/auto/SinusoidInNoise.xml
----------------- Instantiating /home/travis/build/icyphy/ptII/ptolemy/domains/continuous/test/auto/SinusoidInNoise.xml
1022 ms. Memory: 376832K Free: 346967K (92%)
----------------- Invoking toplevel() on ptolemy.moml.MoMLSimpleApplication@54de554d
----------------- Done invoking toplevel() on ptolemy.moml.MoMLSimpleApplication@54de554d
reloadAllAccessors: .SinusoidInNoise

===========================================================================================
----------------- testing Fri Jun 21 05:11:11 UTC 2019 /home/travis/build/icyphy/ptII/ptolemy/domains/continuous/test/auto/SinusoidRK45.xml
----------------- Instantiating /home/travis/build/icyphy/ptII/ptolemy/domains/continuous/test/auto/SinusoidRK45.xml
2 ms. Memory: 376832K Free: 342343K (91%)
----------------- Invoking toplevel() on ptolemy.moml.MoMLSimpleApplication@332ca5f3
----------------- Done invoking toplevel() on ptolemy.moml.MoMLSimpleApplication@332ca5f3
reloadAllAccessors: .SinusoidRK45

===========================================================================================
----------------- testing Fri Jun 21 05:11:11 UTC 2019 /home/travis/build/icyphy/ptII/ptolemy/domains/continuous/test/auto/SinusoidWithMultipleImpulses.xml
----------------- Instantiating /home/travis/build/icyphy/ptII/ptolemy/domains/continuous/test/auto/SinusoidWithMultipleImpulses.xml
4 ms. Memory: 376832K Free: 337751K (90%)
----------------- Invoking toplevel() on ptolemy.moml.MoMLSimpleApplication@7a1dfb2f
----------------- Done invoking toplevel() on ptolemy.moml.MoMLSimpleApplication@7a1dfb2f
reloadAllAccessors: .SinusoidWithMultipleImpulses

===========================================================================================
----------------- testing Fri Jun 21 05:11:11 UTC 2019 /home/travis/build/icyphy/ptII/ptolemy/domains/continuous/test/auto/SquareWave.xml
----------------- Instantiating /home/travis/build/icyphy/ptII/ptolemy/domains/continuous/test/auto/SquareWave.xml
169 ms. Memory: 376832K Free: 311127K (83%)
----------------- Invoking toplevel() on ptolemy.moml.MoMLSimpleApplication@573f5da1
----------------- Done invoking toplevel() on ptolemy.moml.MoMLSimpleApplication@573f5da1
reloadAllAccessors: .SquareWave

===========================================================================================
----------------- testing Fri Jun 21 05:11:12 UTC 2019 /home/travis/build/icyphy/ptII/ptolemy/domains/continuous/test/auto/Starmac.xml
----------------- Instantiating /home/travis/build/icyphy/ptII/ptolemy/domains/continuous/test/auto/Starmac.xml
3077 ms. Memory: 376832K Free: 220804K (59%)
----------------- Invoking toplevel() on ptolemy.moml.MoMLSimpleApplication@40ce20c2
----------------- Done invoking toplevel() on ptolemy.moml.MoMLSimpleApplication@40ce20c2
reloadAllAccessors: .Starmac

===========================================================================================
----------------- testing Fri Jun 21 05:11:15 UTC 2019 /home/travis/build/icyphy/ptII/ptolemy/domains/continuous/test/auto/StaticUnits.xml
----------------- Instantiating /home/travis/build/icyphy/ptII/ptolemy/domains/continuous/test/auto/StaticUnits.xml
2307 ms. Memory: 376832K Free: 199159K (53%)
----------------- Invoking toplevel() on ptolemy.moml.MoMLSimpleApplication@3bf2f2c3
----------------- Done invoking toplevel() on ptolemy.moml.MoMLSimpleApplication@3bf2f2c3
reloadAllAccessors: .StaticUnits

===========================================================================================
----------------- testing Fri Jun 21 05:11:18 UTC 2019 /home/travis/build/icyphy/ptII/ptolemy/domains/continuous/test/auto/StickyMasses.xml
----------------- Instantiating /home/travis/build/icyphy/ptII/ptolemy/domains/continuous/test/auto/StickyMasses.xml
151 ms. Memory: 376832K Free: 150007K (40%)
----------------- Invoking toplevel() on ptolemy.moml.MoMLSimpleApplication@42d44d9c
----------------- Done invoking toplevel() on ptolemy.moml.MoMLSimpleApplication@42d44d9c
reloadAllAccessors: .StickyMasses

===========================================================================================
----------------- testing Fri Jun 21 05:11:18 UTC 2019 /home/travis/build/icyphy/ptII/ptolemy/domains/continuous/test/auto/StopTime.xml
----------------- Instantiating /home/travis/build/icyphy/ptII/ptolemy/domains/continuous/test/auto/StopTime.xml
62 ms. Memory: 376832K Free: 345585K (92%)
----------------- Invoking toplevel() on ptolemy.moml.MoMLSimpleApplication@38bcac06
----------------- Done invoking toplevel() on ptolemy.moml.MoMLSimpleApplication@38bcac06
reloadAllAccessors: .StopTime

===========================================================================================
----------------- testing Fri Jun 21 05:11:18 UTC 2019 /home/travis/build/icyphy/ptII/ptolemy/domains/continuous/test/auto/StopTime2.xml
----------------- Instantiating /home/travis/build/icyphy/ptII/ptolemy/domains/continuous/test/auto/StopTime2.xml
41 ms. Memory: 376832K Free: 322545K (86%)
----------------- Invoking toplevel() on ptolemy.moml.MoMLSimpleApplication@19bee075
----------------- Done invoking toplevel() on ptolemy.moml.MoMLSimpleApplication@19bee075
reloadAllAccessors: .StopTime2

===========================================================================================
----------------- testing Fri Jun 21 05:11:18 UTC 2019 /home/travis/build/icyphy/ptII/ptolemy/domains/continuous/test/auto/Switch.xml
----------------- Instantiating /home/travis/build/icyphy/ptII/ptolemy/domains/continuous/test/auto/Switch.xml
42 ms. Memory: 376832K Free: 297954K (79%)
----------------- Invoking toplevel() on ptolemy.moml.MoMLSimpleApplication@6119de7e
----------------- Done invoking toplevel() on ptolemy.moml.MoMLSimpleApplication@6119de7e
reloadAllAccessors: .Switch

===========================================================================================
----------------- testing Fri Jun 21 05:11:18 UTC 2019 /home/travis/build/icyphy/ptII/ptolemy/domains/continuous/test/auto/Thermostat.xml
----------------- Instantiating /home/travis/build/icyphy/ptII/ptolemy/domains/continuous/test/auto/Thermostat.xml
190 ms. Memory: 376832K Free: 225779K (60%)
----------------- Invoking toplevel() on ptolemy.moml.MoMLSimpleApplication@5309ed8
----------------- Done invoking toplevel() on ptolemy.moml.MoMLSimpleApplication@5309ed8
reloadAllAccessors: .Thermostat

===========================================================================================
----------------- testing Fri Jun 21 05:11:19 UTC 2019 /home/travis/build/icyphy/ptII/ptolemy/domains/continuous/test/auto/TimeDelay.xml
----------------- Instantiating /home/travis/build/icyphy/ptII/ptolemy/domains/continuous/test/auto/TimeDelay.xml
6 ms. Memory: 376832K Free: 221154K (59%)
----------------- Invoking toplevel() on ptolemy.moml.MoMLSimpleApplication@6cfe7dd
----------------- Done invoking toplevel() on ptolemy.moml.MoMLSimpleApplication@6cfe7dd
reloadAllAccessors: .TimeDelay

===========================================================================================
----------------- testing Fri Jun 21 05:11:19 UTC 2019 /home/travis/build/icyphy/ptII/ptolemy/domains/continuous/test/auto/TimeDelay2.xml
----------------- Instantiating /home/travis/build/icyphy/ptII/ptolemy/domains/continuous/test/auto/TimeDelay2.xml
7 ms. Memory: 376832K Free: 211443K (56%)
----------------- Invoking toplevel() on ptolemy.moml.MoMLSimpleApplication@76471e85
----------------- Done invoking toplevel() on ptolemy.moml.MoMLSimpleApplication@76471e85
reloadAllAccessors: .TimeDelay2

===========================================================================================
----------------- testing Fri Jun 21 05:11:19 UTC 2019 /home/travis/build/icyphy/ptII/ptolemy/domains/continuous/test/auto/TimeDelay3.xml
----------------- Instantiating /home/travis/build/icyphy/ptII/ptolemy/domains/continuous/test/auto/TimeDelay3.xml
5 ms. Memory: 376832K Free: 206816K (55%)
----------------- Invoking toplevel() on ptolemy.moml.MoMLSimpleApplication@5889828
----------------- Done invoking toplevel() on ptolemy.moml.MoMLSimpleApplication@5889828
reloadAllAccessors: .TimeDelay3

===========================================================================================
----------------- testing Fri Jun 21 05:11:19 UTC 2019 /home/travis/build/icyphy/ptII/ptolemy/domains/continuous/test/auto/TransferAbsentToInside.xml
----------------- Instantiating /home/travis/build/icyphy/ptII/ptolemy/domains/continuous/test/auto/TransferAbsentToInside.xml
28 ms. Memory: 376832K Free: 154099K (41%)
----------------- Invoking toplevel() on ptolemy.moml.MoMLSimpleApplication@258de3f
----------------- Done invoking toplevel() on ptolemy.moml.MoMLSimpleApplication@258de3f
reloadAllAccessors: .TransferAbsentToInside

===========================================================================================
----------------- testing Fri Jun 21 05:11:19 UTC 2019 /home/travis/build/icyphy/ptII/ptolemy/domains/continuous/test/auto/Transmission.xml
----------------- Instantiating /home/travis/build/icyphy/ptII/ptolemy/domains/continuous/test/auto/Transmission.xml
818 ms. Memory: 376832K Free: 142027K (38%)
----------------- Invoking toplevel() on ptolemy.moml.MoMLSimpleApplication@6136a89c
----------------- Done invoking toplevel() on ptolemy.moml.MoMLSimpleApplication@6136a89c
reloadAllAccessors: .Transmission

===========================================================================================
----------------- testing Fri Jun 21 05:11:20 UTC 2019 /home/travis/build/icyphy/ptII/ptolemy/domains/continuous/test/auto/TriggeredContinuousClock.xml
----------------- Instantiating /home/travis/build/icyphy/ptII/ptolemy/domains/continuous/test/auto/TriggeredContinuousClock.xml
39 ms. Memory: 376832K Free: 332170K (88%)
----------------- Invoking toplevel() on ptolemy.moml.MoMLSimpleApplication@6936e41b
----------------- Done invoking toplevel() on ptolemy.moml.MoMLSimpleApplication@6936e41b
reloadAllAccessors: .TriggeredContinuousClock

===========================================================================================
----------------- testing Fri Jun 21 05:11:20 UTC 2019 /home/travis/build/icyphy/ptII/ptolemy/domains/continuous/test/auto/TwoMachineInfiniteBusControl.xml
----------------- Instantiating /home/travis/build/icyphy/ptII/ptolemy/domains/continuous/test/auto/TwoMachineInfiniteBusControl.xml
3091 ms. Memory: 376832K Free: 207222K (55%)
----------------- Invoking toplevel() on ptolemy.moml.MoMLSimpleApplication@6ea4b8f6
----------------- Done invoking toplevel() on ptolemy.moml.MoMLSimpleApplication@6ea4b8f6
reloadAllAccessors: .TwoMachineInfiniteBusControl

===========================================================================================
----------------- testing Fri Jun 21 05:11:23 UTC 2019 /home/travis/build/icyphy/ptII/ptolemy/domains/continuous/test/auto/V2V.xml
----------------- Instantiating /home/travis/build/icyphy/ptII/ptolemy/domains/continuous/test/auto/V2V.xml
797 ms. Memory: 376832K Free: 239994K (64%)
----------------- Invoking toplevel() on ptolemy.moml.MoMLSimpleApplication@252b33cf
----------------- Done invoking toplevel() on ptolemy.moml.MoMLSimpleApplication@252b33cf
reloadAllAccessors: .V2V

===========================================================================================
----------------- testing Fri Jun 21 05:11:24 UTC 2019 /home/travis/build/icyphy/ptII/ptolemy/domains/continuous/test/auto/hierarchicalModalModel.xml
----------------- Instantiating /home/travis/build/icyphy/ptII/ptolemy/domains/continuous/test/auto/hierarchicalModalModel.xml
8 ms. Memory: 376832K Free: 225658K (60%)
----------------- Invoking toplevel() on ptolemy.moml.MoMLSimpleApplication@18484cd1
----------------- Done invoking toplevel() on ptolemy.moml.MoMLSimpleApplication@18484cd1
reloadAllAccessors: .hierarchicalModalModel

===========================================================================================
----------------- testing Fri Jun 21 05:11:24 UTC 2019 /home/travis/build/icyphy/ptII/ptolemy/domains/continuous/test/auto/hierarchicalModalModel1.xml
----------------- Instantiating /home/travis/build/icyphy/ptII/ptolemy/domains/continuous/test/auto/hierarchicalModalModel1.xml
8 ms. Memory: 376832K Free: 211322K (56%)
----------------- Invoking toplevel() on ptolemy.moml.MoMLSimpleApplication@45bdc2cd
----------------- Done invoking toplevel() on ptolemy.moml.MoMLSimpleApplication@45bdc2cd
reloadAllAccessors: .hierarchicalModalModel1

===========================================================================================
----------------- testing Fri Jun 21 05:11:24 UTC 2019 /home/travis/build/icyphy/ptII/ptolemy/domains/continuous/test/auto/hierarchicalModalModel2.xml
----------------- Instantiating /home/travis/build/icyphy/ptII/ptolemy/domains/continuous/test/auto/hierarchicalModalModel2.xml
7 ms. Memory: 376832K Free: 199034K (53%)
----------------- Invoking toplevel() on ptolemy.moml.MoMLSimpleApplication@6a20c39c
----------------- Done invoking toplevel() on ptolemy.moml.MoMLSimpleApplication@6a20c39c
reloadAllAccessors: .hierarchicalModalModel2

===========================================================================================
----------------- testing Fri Jun 21 05:11:24 UTC 2019 /home/travis/build/icyphy/ptII/ptolemy/domains/continuous/test/auto/hierarchicalModalModel3.xml
----------------- Instantiating /home/travis/build/icyphy/ptII/ptolemy/domains/continuous/test/auto/hierarchicalModalModel3.xml
6 ms. Memory: 376832K Free: 188280K (50%)
----------------- Invoking toplevel() on ptolemy.moml.MoMLSimpleApplication@21e4eca3
----------------- Done invoking toplevel() on ptolemy.moml.MoMLSimpleApplication@21e4eca3
reloadAllAccessors: .hierarchicalModalModel3

===========================================================================================
----------------- testing Fri Jun 21 05:11:24 UTC 2019 /home/travis/build/icyphy/ptII/ptolemy/domains/continuous/test/auto/hierarchicalModalModel4.xml
----------------- Instantiating /home/travis/build/icyphy/ptII/ptolemy/domains/continuous/test/auto/hierarchicalModalModel4.xml
5 ms. Memory: 376832K Free: 176506K (47%)
----------------- Invoking toplevel() on ptolemy.moml.MoMLSimpleApplication@40474fb5
----------------- Done invoking toplevel() on ptolemy.moml.MoMLSimpleApplication@40474fb5
reloadAllAccessors: .hierarchicalModalModel4

===========================================================================================
----------------- testing Fri Jun 21 05:11:24 UTC 2019 /home/travis/build/icyphy/ptII/ptolemy/domains/continuous/test/auto/junk.xml
----------------- Instantiating /home/travis/build/icyphy/ptII/ptolemy/domains/continuous/test/auto/junk.xml
144 ms. Memory: 376832K Free: 151930K (40%)
----------------- Invoking toplevel() on ptolemy.moml.MoMLSimpleApplication@67760834
----------------- Done invoking toplevel() on ptolemy.moml.MoMLSimpleApplication@67760834
reloadAllAccessors: .junk
AutoTests.java: About to close Vertx.
AutoTests.java: Vertx closed.
]]></system-out>
  <system-err><![CDATA[Warning: '.HysteresisWithRandomDelay.NonStrictTest3' The test produced only 22 tokens, yet the correctValues parameter was expecting 30 tokens.
Warning: '.Poisson.NonStrictTest' The test produced only 374 tokens, yet the correctValues parameter was expecting 430 tokens.
]]></system-err>
</testsuite>
