<?xml version="1.0" encoding="UTF-8" ?>
<testsuite errors="0" failures="0" hostname="travis-job-bb08a2a6-22e9-474e-ba32-844e5616f026" name="ptolemy.actor.lib.hoc.test.junit.JUnitTclTest" skipped="0" tests="58" time="35.011" timestamp="2019-08-21T05:27:46">
  <properties>
[...]
</properties>
  <testcase classname="ptolemy.util.test.junit.TclTests" name="[0] /home/travis/build/icyphy/ptII/ptolemy/actor/lib/hoc/test/IterateOverArray.tcl (RunTclFile)" time="0.385" />
  <testcase classname="ptolemy.util.test.junit.AutoKnownFailedTests" name="[0] /home/travis/build/icyphy/ptII/ptolemy/actor/lib/hoc/test/auto/knownFailedTests/PreinitializeMustBeInvokedRunComposite.xml (RunModel)" time="0.512" />
  <testcase classname="ptolemy.util.test.junit.AutoNameArchTests" name="[0] ThereAreNoAutoArchTests (RunModel)" time="0.001" />
  <testcase classname="ptolemy.util.test.junit.AutoTests" name="[0] /home/travis/build/icyphy/ptII/ptolemy/actor/lib/hoc/test/auto/AllToAllMultiInstanceComposite.xml (RunModel)" time="0.454" />
  <testcase classname="ptolemy.util.test.junit.AutoTests" name="[1] /home/travis/build/icyphy/ptII/ptolemy/actor/lib/hoc/test/auto/ApplyFFTTest.xml (RunModel)" time="0.426" />
  <testcase classname="ptolemy.util.test.junit.AutoTests" name="[2] /home/travis/build/icyphy/ptII/ptolemy/actor/lib/hoc/test/auto/ApplyFunction.xml (RunModel)" time="0.039" />
  <testcase classname="ptolemy.util.test.junit.AutoTests" name="[3] /home/travis/build/icyphy/ptII/ptolemy/actor/lib/hoc/test/auto/BackgroundExecution.xml (RunModel)" time="0.789" />
  <testcase classname="ptolemy.util.test.junit.AutoTests" name="[4] /home/travis/build/icyphy/ptII/ptolemy/actor/lib/hoc/test/auto/Case.xml (RunModel)" time="0.122" />
  <testcase classname="ptolemy.util.test.junit.AutoTests" name="[5] /home/travis/build/icyphy/ptII/ptolemy/actor/lib/hoc/test/auto/Case1.xml (RunModel)" time="0.045" />
  <testcase classname="ptolemy.util.test.junit.AutoTests" name="[6] /home/travis/build/icyphy/ptII/ptolemy/actor/lib/hoc/test/auto/Case2.xml (RunModel)" time="0.105" />
  <testcase classname="ptolemy.util.test.junit.AutoTests" name="[7] /home/travis/build/icyphy/ptII/ptolemy/actor/lib/hoc/test/auto/Case3.xml (RunModel)" time="0.044" />
  <testcase classname="ptolemy.util.test.junit.AutoTests" name="[8] /home/travis/build/icyphy/ptII/ptolemy/actor/lib/hoc/test/auto/Case4.xml (RunModel)" time="0.105" />
  <testcase classname="ptolemy.util.test.junit.AutoTests" name="[9] /home/travis/build/icyphy/ptII/ptolemy/actor/lib/hoc/test/auto/Case5.xml (RunModel)" time="0.095" />
  <testcase classname="ptolemy.util.test.junit.AutoTests" name="[10] /home/travis/build/icyphy/ptII/ptolemy/actor/lib/hoc/test/auto/Case6.xml (RunModel)" time="0.101" />
  <testcase classname="ptolemy.util.test.junit.AutoTests" name="[11] /home/travis/build/icyphy/ptII/ptolemy/actor/lib/hoc/test/auto/CaseString2.xml (RunModel)" time="0.073" />
  <testcase classname="ptolemy.util.test.junit.AutoTests" name="[12] /home/travis/build/icyphy/ptII/ptolemy/actor/lib/hoc/test/auto/CatchUpComposite1.xml (RunModel)" time="0.084" />
  <testcase classname="ptolemy.util.test.junit.AutoTests" name="[13] /home/travis/build/icyphy/ptII/ptolemy/actor/lib/hoc/test/auto/CatchUpComposite2.xml (RunModel)" time="0.041" />
  <testcase classname="ptolemy.util.test.junit.AutoTests" name="[14] /home/travis/build/icyphy/ptII/ptolemy/actor/lib/hoc/test/auto/CatchUpComposite3.xml (RunModel)" time="0.059" />
  <testcase classname="ptolemy.util.test.junit.AutoTests" name="[15] /home/travis/build/icyphy/ptII/ptolemy/actor/lib/hoc/test/auto/CatchUpComposite4.xml (RunModel)" time="0.078" />
  <testcase classname="ptolemy.util.test.junit.AutoTests" name="[16] /home/travis/build/icyphy/ptII/ptolemy/actor/lib/hoc/test/auto/CatchUpComposite5.xml (RunModel)" time="0.064" />
  <testcase classname="ptolemy.util.test.junit.AutoTests" name="[17] /home/travis/build/icyphy/ptII/ptolemy/actor/lib/hoc/test/auto/CatchUpComposite6.xml (RunModel)" time="0.161" />
  <testcase classname="ptolemy.util.test.junit.AutoTests" name="[18] /home/travis/build/icyphy/ptII/ptolemy/actor/lib/hoc/test/auto/CatchUpComposite7.xml (RunModel)" time="0.073" />
  <testcase classname="ptolemy.util.test.junit.AutoTests" name="[19] /home/travis/build/icyphy/ptII/ptolemy/actor/lib/hoc/test/auto/ConcurrentExecutionTimeSDF.xml (RunModel)" time="1.479" />
  <testcase classname="ptolemy.util.test.junit.AutoTests" name="[20] /home/travis/build/icyphy/ptII/ptolemy/actor/lib/hoc/test/auto/ConcurrentSleep.xml (RunModel)" time="0.777" />
  <testcase classname="ptolemy.util.test.junit.AutoTests" name="[21] /home/travis/build/icyphy/ptII/ptolemy/actor/lib/hoc/test/auto/DEInPNInRunCompositeActor.xml (RunModel)" time="0.039" />
  <testcase classname="ptolemy.util.test.junit.AutoTests" name="[22] /home/travis/build/icyphy/ptII/ptolemy/actor/lib/hoc/test/auto/DFTSubSetTest.xml (RunModel)" time="0.362" />
  <testcase classname="ptolemy.util.test.junit.AutoTests" name="[23] /home/travis/build/icyphy/ptII/ptolemy/actor/lib/hoc/test/auto/HocDE.xml (RunModel)" time="0.216" />
  <testcase classname="ptolemy.util.test.junit.AutoTests" name="[24] /home/travis/build/icyphy/ptII/ptolemy/actor/lib/hoc/test/auto/IterateOverArray.xml (RunModel)" time="0.035" />
  <testcase classname="ptolemy.util.test.junit.AutoTests" name="[25] /home/travis/build/icyphy/ptII/ptolemy/actor/lib/hoc/test/auto/IterateOverArray10.xml (RunModel)" time="0.036" />
  <testcase classname="ptolemy.util.test.junit.AutoTests" name="[26] /home/travis/build/icyphy/ptII/ptolemy/actor/lib/hoc/test/auto/IterateOverArray11.xml (RunModel)" time="0.028" />
  <testcase classname="ptolemy.util.test.junit.AutoTests" name="[27] /home/travis/build/icyphy/ptII/ptolemy/actor/lib/hoc/test/auto/IterateOverArray12.xml (RunModel)" time="0.038" />
  <testcase classname="ptolemy.util.test.junit.AutoTests" name="[28] /home/travis/build/icyphy/ptII/ptolemy/actor/lib/hoc/test/auto/IterateOverArray13.xml (RunModel)" time="0.182" />
  <testcase classname="ptolemy.util.test.junit.AutoTests" name="[29] /home/travis/build/icyphy/ptII/ptolemy/actor/lib/hoc/test/auto/IterateOverArray14.xml (RunModel)" time="0.187" />
  <testcase classname="ptolemy.util.test.junit.AutoTests" name="[30] /home/travis/build/icyphy/ptII/ptolemy/actor/lib/hoc/test/auto/IterateOverArray2.xml (RunModel)" time="0.032" />
  <testcase classname="ptolemy.util.test.junit.AutoTests" name="[31] /home/travis/build/icyphy/ptII/ptolemy/actor/lib/hoc/test/auto/IterateOverArray3.xml (RunModel)" time="0.035" />
  <testcase classname="ptolemy.util.test.junit.AutoTests" name="[32] /home/travis/build/icyphy/ptII/ptolemy/actor/lib/hoc/test/auto/IterateOverArray4.xml (RunModel)" time="0.022" />
  <testcase classname="ptolemy.util.test.junit.AutoTests" name="[33] /home/travis/build/icyphy/ptII/ptolemy/actor/lib/hoc/test/auto/IterateOverArray5.xml (RunModel)" time="0.023" />
  <testcase classname="ptolemy.util.test.junit.AutoTests" name="[34] /home/travis/build/icyphy/ptII/ptolemy/actor/lib/hoc/test/auto/IterateOverArray6.xml (RunModel)" time="0.021" />
  <testcase classname="ptolemy.util.test.junit.AutoTests" name="[35] /home/travis/build/icyphy/ptII/ptolemy/actor/lib/hoc/test/auto/IterateOverArray7.xml (RunModel)" time="0.022" />
  <testcase classname="ptolemy.util.test.junit.AutoTests" name="[36] /home/travis/build/icyphy/ptII/ptolemy/actor/lib/hoc/test/auto/IterateOverArray8.xml (RunModel)" time="0.02" />
  <testcase classname="ptolemy.util.test.junit.AutoTests" name="[37] /home/travis/build/icyphy/ptII/ptolemy/actor/lib/hoc/test/auto/IterateOverArray9.xml (RunModel)" time="0.035" />
  <testcase classname="ptolemy.util.test.junit.AutoTests" name="[38] /home/travis/build/icyphy/ptII/ptolemy/actor/lib/hoc/test/auto/IterateOverArrayCoercedOutputType.xml (RunModel)" time="0.054" />
  <testcase classname="ptolemy.util.test.junit.AutoTests" name="[39] /home/travis/build/icyphy/ptII/ptolemy/actor/lib/hoc/test/auto/IterateOverArrayInferredOutputType.xml (RunModel)" time="0.032" />
  <testcase classname="ptolemy.util.test.junit.AutoTests" name="[40] /home/travis/build/icyphy/ptII/ptolemy/actor/lib/hoc/test/auto/MobileFunctionTest.xml (RunModel)" time="0.021" />
  <testcase classname="ptolemy.util.test.junit.AutoTests" name="[41] /home/travis/build/icyphy/ptII/ptolemy/actor/lib/hoc/test/auto/MobileModelTest.xml (RunModel)" time="0.197" />
  <testcase classname="ptolemy.util.test.junit.AutoTests" name="[42] /home/travis/build/icyphy/ptII/ptolemy/actor/lib/hoc/test/auto/ModelReference.xml (RunModel)" time="0.068" />
  <testcase classname="ptolemy.util.test.junit.AutoTests" name="[43] /home/travis/build/icyphy/ptII/ptolemy/actor/lib/hoc/test/auto/ModelReference3.xml (RunModel)" time="0.044" />
  <testcase classname="ptolemy.util.test.junit.AutoTests" name="[44] /home/travis/build/icyphy/ptII/ptolemy/actor/lib/hoc/test/auto/ModelReference4.xml (RunModel)" time="10.039" />
  <testcase classname="ptolemy.util.test.junit.AutoTests" name="[45] /home/travis/build/icyphy/ptII/ptolemy/actor/lib/hoc/test/auto/MultiInstanceComposite.xml (RunModel)" time="0.057" />
  <testcase classname="ptolemy.util.test.junit.AutoTests" name="[46] /home/travis/build/icyphy/ptII/ptolemy/actor/lib/hoc/test/auto/MultiInstanceComposite2.xml (RunModel)" time="0.052" />
  <testcase classname="ptolemy.util.test.junit.AutoTests" name="[47] /home/travis/build/icyphy/ptII/ptolemy/actor/lib/hoc/test/auto/MulticoreExecution.xml (RunModel)" time="1.109" />
  <testcase classname="ptolemy.util.test.junit.AutoTests" name="[48] /home/travis/build/icyphy/ptII/ptolemy/actor/lib/hoc/test/auto/ParallelExecution.xml (RunModel)" time="0.941" />
  <testcase classname="ptolemy.util.test.junit.AutoTests" name="[49] /home/travis/build/icyphy/ptII/ptolemy/actor/lib/hoc/test/auto/RunCompositeActor.xml (RunModel)" time="0.03" />
  <testcase classname="ptolemy.util.test.junit.AutoTests" name="[50] /home/travis/build/icyphy/ptII/ptolemy/actor/lib/hoc/test/auto/RunCompositeActor2.xml (RunModel)" time="0.025" />
  <testcase classname="ptolemy.util.test.junit.AutoTests" name="[51] /home/travis/build/icyphy/ptII/ptolemy/actor/lib/hoc/test/auto/RunCompositeActor3.xml (RunModel)" time="0.021" />
  <testcase classname="ptolemy.util.test.junit.AutoTests" name="[52] /home/travis/build/icyphy/ptII/ptolemy/actor/lib/hoc/test/auto/RunCompositeActor4.xml (RunModel)" time="0.028" />
  <testcase classname="ptolemy.util.test.junit.AutoTests" name="[53] /home/travis/build/icyphy/ptII/ptolemy/actor/lib/hoc/test/auto/RunCompositeIterateOverArray.xml (RunModel)" time="0.027" />
  <testcase classname="ptolemy.util.test.junit.AutoTests" name="[54] /home/travis/build/icyphy/ptII/ptolemy/actor/lib/hoc/test/auto/ThreadedJS.xml (RunModel)" time="14.068" />
  <system-out><![CDATA[/home/travis/build/icyphy/ptII/ptolemy/actor/lib/hoc/test/IterateOverArray.tcl
testDefs.tcl: setting time out to 9000 seconds at Wed Aug 21 05:27:47 UTC 2019
08/21/19 05:27:47
Failed: 0  Total Tests: 2  ((Passed: 2, Newly Passed: 0)  Known Failed: 0) /home/travis/build/icyphy/ptII/ptolemy/actor/lib/hoc/test
----------------- testing (KnownFailure) /home/travis/build/icyphy/ptII/ptolemy/actor/lib/hoc/test/auto/knownFailedTests/PreinitializeMustBeInvokedRunComposite.xml
94 ms. Memory: 120832K Free: 79811K (66%)
Known Failure: java.lang.reflect.InvocationTargetException
No auto/linux-amd64/*.xml tests in /home/travis/build/icyphy/ptII/ptolemy/actor/lib/hoc/test
AutoTests.java: About to close Vertx.
AutoTests.java: Vertx closed.

===========================================================================================
----------------- testing Wed Aug 21 05:27:48 UTC 2019 /home/travis/build/icyphy/ptII/ptolemy/actor/lib/hoc/test/auto/AllToAllMultiInstanceComposite.xml
----------------- Instantiating /home/travis/build/icyphy/ptII/ptolemy/actor/lib/hoc/test/auto/AllToAllMultiInstanceComposite.xml
236 ms. Memory: 120832K Free: 100705K (83%)
----------------- Invoking toplevel() on ptolemy.moml.MoMLSimpleApplication@2f1d8cc8
----------------- Done invoking toplevel() on ptolemy.moml.MoMLSimpleApplication@2f1d8cc8
reloadAllAccessors: .AllToAllMultiInstanceComposite

===========================================================================================
----------------- testing Wed Aug 21 05:27:48 UTC 2019 /home/travis/build/icyphy/ptII/ptolemy/actor/lib/hoc/test/auto/ApplyFFTTest.xml
----------------- Instantiating /home/travis/build/icyphy/ptII/ptolemy/actor/lib/hoc/test/auto/ApplyFFTTest.xml
163 ms. Memory: 120832K Free: 81517K (67%)
----------------- Invoking toplevel() on ptolemy.moml.MoMLSimpleApplication@2170fd59
----------------- Done invoking toplevel() on ptolemy.moml.MoMLSimpleApplication@2170fd59
reloadAllAccessors: .ApplyFFTTest

===========================================================================================
----------------- testing Wed Aug 21 05:27:49 UTC 2019 /home/travis/build/icyphy/ptII/ptolemy/actor/lib/hoc/test/auto/ApplyFunction.xml
----------------- Instantiating /home/travis/build/icyphy/ptII/ptolemy/actor/lib/hoc/test/auto/ApplyFunction.xml
6 ms. Memory: 120832K Free: 78557K (65%)
----------------- Invoking toplevel() on ptolemy.moml.MoMLSimpleApplication@578ebe53
----------------- Done invoking toplevel() on ptolemy.moml.MoMLSimpleApplication@578ebe53
reloadAllAccessors: .ApplyFunction

===========================================================================================
----------------- testing Wed Aug 21 05:27:49 UTC 2019 /home/travis/build/icyphy/ptII/ptolemy/actor/lib/hoc/test/auto/BackgroundExecution.xml
----------------- Instantiating /home/travis/build/icyphy/ptII/ptolemy/actor/lib/hoc/test/auto/BackgroundExecution.xml
643 ms. Memory: 120832K Free: 101020K (84%)
----------------- Invoking toplevel() on ptolemy.moml.MoMLSimpleApplication@4fba0939
----------------- Done invoking toplevel() on ptolemy.moml.MoMLSimpleApplication@4fba0939
reloadAllAccessors: .BackgroundExecution

===========================================================================================
----------------- testing Wed Aug 21 05:27:50 UTC 2019 /home/travis/build/icyphy/ptII/ptolemy/actor/lib/hoc/test/auto/Case.xml
----------------- Instantiating /home/travis/build/icyphy/ptII/ptolemy/actor/lib/hoc/test/auto/Case.xml
29 ms. Memory: 120832K Free: 93745K (78%)
----------------- Invoking toplevel() on ptolemy.moml.MoMLSimpleApplication@28896fa8
----------------- Done invoking toplevel() on ptolemy.moml.MoMLSimpleApplication@28896fa8
reloadAllAccessors: .Case

===========================================================================================
----------------- testing Wed Aug 21 05:27:50 UTC 2019 /home/travis/build/icyphy/ptII/ptolemy/actor/lib/hoc/test/auto/Case1.xml
----------------- Instantiating /home/travis/build/icyphy/ptII/ptolemy/actor/lib/hoc/test/auto/Case1.xml
14 ms. Memory: 120832K Free: 87094K (72%)
----------------- Invoking toplevel() on ptolemy.moml.MoMLSimpleApplication@3546e35
----------------- Done invoking toplevel() on ptolemy.moml.MoMLSimpleApplication@3546e35
reloadAllAccessors: .Case1

===========================================================================================
----------------- testing Wed Aug 21 05:27:50 UTC 2019 /home/travis/build/icyphy/ptII/ptolemy/actor/lib/hoc/test/auto/Case2.xml
----------------- Instantiating /home/travis/build/icyphy/ptII/ptolemy/actor/lib/hoc/test/auto/Case2.xml
39 ms. Memory: 120832K Free: 77318K (64%)
----------------- Invoking toplevel() on ptolemy.moml.MoMLSimpleApplication@62b8482c
----------------- Done invoking toplevel() on ptolemy.moml.MoMLSimpleApplication@62b8482c
reloadAllAccessors: .Case2

===========================================================================================
----------------- testing Wed Aug 21 05:27:50 UTC 2019 /home/travis/build/icyphy/ptII/ptolemy/actor/lib/hoc/test/auto/Case3.xml
----------------- Instantiating /home/travis/build/icyphy/ptII/ptolemy/actor/lib/hoc/test/auto/Case3.xml
20 ms. Memory: 120832K Free: 71139K (59%)
----------------- Invoking toplevel() on ptolemy.moml.MoMLSimpleApplication@7b346474
----------------- Done invoking toplevel() on ptolemy.moml.MoMLSimpleApplication@7b346474
reloadAllAccessors: .Case3

===========================================================================================
----------------- testing Wed Aug 21 05:27:50 UTC 2019 /home/travis/build/icyphy/ptII/ptolemy/actor/lib/hoc/test/auto/Case4.xml
----------------- Instantiating /home/travis/build/icyphy/ptII/ptolemy/actor/lib/hoc/test/auto/Case4.xml
30 ms. Memory: 145408K Free: 126020K (87%)
----------------- Invoking toplevel() on ptolemy.moml.MoMLSimpleApplication@78c4734d
----------------- Done invoking toplevel() on ptolemy.moml.MoMLSimpleApplication@78c4734d
reloadAllAccessors: .Case4

===========================================================================================
----------------- testing Wed Aug 21 05:27:50 UTC 2019 /home/travis/build/icyphy/ptII/ptolemy/actor/lib/hoc/test/auto/Case5.xml
----------------- Instantiating /home/travis/build/icyphy/ptII/ptolemy/actor/lib/hoc/test/auto/Case5.xml
57 ms. Memory: 145408K Free: 119578K (82%)
----------------- Invoking toplevel() on ptolemy.moml.MoMLSimpleApplication@38dd390
----------------- Done invoking toplevel() on ptolemy.moml.MoMLSimpleApplication@38dd390
reloadAllAccessors: .junk

===========================================================================================
----------------- testing Wed Aug 21 05:27:50 UTC 2019 /home/travis/build/icyphy/ptII/ptolemy/actor/lib/hoc/test/auto/Case6.xml
----------------- Instantiating /home/travis/build/icyphy/ptII/ptolemy/actor/lib/hoc/test/auto/Case6.xml
38 ms. Memory: 145408K Free: 107618K (74%)
----------------- Invoking toplevel() on ptolemy.moml.MoMLSimpleApplication@612b6f7
----------------- Done invoking toplevel() on ptolemy.moml.MoMLSimpleApplication@612b6f7
reloadAllAccessors: .Case6

===========================================================================================
----------------- testing Wed Aug 21 05:27:50 UTC 2019 /home/travis/build/icyphy/ptII/ptolemy/actor/lib/hoc/test/auto/CaseString2.xml
----------------- Instantiating /home/travis/build/icyphy/ptII/ptolemy/actor/lib/hoc/test/auto/CaseString2.xml
23 ms. Memory: 145408K Free: 100060K (69%)
----------------- Invoking toplevel() on ptolemy.moml.MoMLSimpleApplication@14b1c01
----------------- Done invoking toplevel() on ptolemy.moml.MoMLSimpleApplication@14b1c01
reloadAllAccessors: .CaseString2

===========================================================================================
----------------- testing Wed Aug 21 05:27:50 UTC 2019 /home/travis/build/icyphy/ptII/ptolemy/actor/lib/hoc/test/auto/CatchUpComposite1.xml
----------------- Instantiating /home/travis/build/icyphy/ptII/ptolemy/actor/lib/hoc/test/auto/CatchUpComposite1.xml
24 ms. Memory: 145408K Free: 90906K (63%)
----------------- Invoking toplevel() on ptolemy.moml.MoMLSimpleApplication@1f96c3bb
----------------- Done invoking toplevel() on ptolemy.moml.MoMLSimpleApplication@1f96c3bb
reloadAllAccessors: .CatchUpComposite1

===========================================================================================
----------------- testing Wed Aug 21 05:27:50 UTC 2019 /home/travis/build/icyphy/ptII/ptolemy/actor/lib/hoc/test/auto/CatchUpComposite2.xml
----------------- Instantiating /home/travis/build/icyphy/ptII/ptolemy/actor/lib/hoc/test/auto/CatchUpComposite2.xml
10 ms. Memory: 145408K Free: 82658K (57%)
----------------- Invoking toplevel() on ptolemy.moml.MoMLSimpleApplication@52c0db0a
----------------- Done invoking toplevel() on ptolemy.moml.MoMLSimpleApplication@52c0db0a
reloadAllAccessors: .CatchUpComposite2

===========================================================================================
----------------- testing Wed Aug 21 05:27:50 UTC 2019 /home/travis/build/icyphy/ptII/ptolemy/actor/lib/hoc/test/auto/CatchUpComposite3.xml
----------------- Instantiating /home/travis/build/icyphy/ptII/ptolemy/actor/lib/hoc/test/auto/CatchUpComposite3.xml
16 ms. Memory: 145408K Free: 123449K (85%)
----------------- Invoking toplevel() on ptolemy.moml.MoMLSimpleApplication@277c33f2
----------------- Done invoking toplevel() on ptolemy.moml.MoMLSimpleApplication@277c33f2
reloadAllAccessors: .CatchUpComposite3

===========================================================================================
----------------- testing Wed Aug 21 05:27:51 UTC 2019 /home/travis/build/icyphy/ptII/ptolemy/actor/lib/hoc/test/auto/CatchUpComposite4.xml
----------------- Instantiating /home/travis/build/icyphy/ptII/ptolemy/actor/lib/hoc/test/auto/CatchUpComposite4.xml
23 ms. Memory: 145408K Free: 115792K (80%)
----------------- Invoking toplevel() on ptolemy.moml.MoMLSimpleApplication@160adf96
----------------- Done invoking toplevel() on ptolemy.moml.MoMLSimpleApplication@160adf96
reloadAllAccessors: .CatchUpComposite4

===========================================================================================
----------------- testing Wed Aug 21 05:27:51 UTC 2019 /home/travis/build/icyphy/ptII/ptolemy/actor/lib/hoc/test/auto/CatchUpComposite5.xml
----------------- Instantiating /home/travis/build/icyphy/ptII/ptolemy/actor/lib/hoc/test/auto/CatchUpComposite5.xml
18 ms. Memory: 145408K Free: 107616K (74%)
----------------- Invoking toplevel() on ptolemy.moml.MoMLSimpleApplication@2a318dc4
----------------- Done invoking toplevel() on ptolemy.moml.MoMLSimpleApplication@2a318dc4
reloadAllAccessors: .CatchUpComposite5

===========================================================================================
----------------- testing Wed Aug 21 05:27:51 UTC 2019 /home/travis/build/icyphy/ptII/ptolemy/actor/lib/hoc/test/auto/CatchUpComposite6.xml
----------------- Instantiating /home/travis/build/icyphy/ptII/ptolemy/actor/lib/hoc/test/auto/CatchUpComposite6.xml
WARNING: The execution aspects in this model can influence the timing of actors by delaying the 
execution, potentially changing the behavior. There is no guarantee that actors fire at the 
time they request to be fired. 
Use Ptides for deterministic DE behavior that is not influenced by execution aspects. 

77 ms. Memory: 145408K Free: 92918K (64%)
----------------- Invoking toplevel() on ptolemy.moml.MoMLSimpleApplication@43aa22f2
----------------- Done invoking toplevel() on ptolemy.moml.MoMLSimpleApplication@43aa22f2
reloadAllAccessors: .CatchUpComposite6

===========================================================================================
----------------- testing Wed Aug 21 05:27:51 UTC 2019 /home/travis/build/icyphy/ptII/ptolemy/actor/lib/hoc/test/auto/CatchUpComposite7.xml
----------------- Instantiating /home/travis/build/icyphy/ptII/ptolemy/actor/lib/hoc/test/auto/CatchUpComposite7.xml
WARNING: The execution aspects in this model can influence the timing of actors by delaying the 
execution, potentially changing the behavior. There is no guarantee that actors fire at the 
time they request to be fired. 
Use Ptides for deterministic DE behavior that is not influenced by execution aspects. 

25 ms. Memory: 145408K Free: 78998K (54%)
----------------- Invoking toplevel() on ptolemy.moml.MoMLSimpleApplication@5c4cdc55
----------------- Done invoking toplevel() on ptolemy.moml.MoMLSimpleApplication@5c4cdc55
reloadAllAccessors: .CatchUpComposite7

===========================================================================================
----------------- testing Wed Aug 21 05:27:51 UTC 2019 /home/travis/build/icyphy/ptII/ptolemy/actor/lib/hoc/test/auto/ConcurrentExecutionTimeSDF.xml
----------------- Instantiating /home/travis/build/icyphy/ptII/ptolemy/actor/lib/hoc/test/auto/ConcurrentExecutionTimeSDF.xml
Fired ExecutionTime: 40400000
Fired ExecutionTime: 40400000
Fired ExecutionTime: 40400000
Fired ExecutionTime: 40400000
Fired ExecutionTime: 40400000
Fired ExecutionTime: 40400000
Fired ExecutionTime: 40400000
Fired ExecutionTime: 40400000
Fired ExecutionTime: 40400000
Fired ExecutionTime: 40400000
Fired ExecutionTime: 40400000
Fired ExecutionTime: 40400000
Fired ExecutionTime: 40400000
Fired ExecutionTime: 40400000
Fired ExecutionTime: 40400000
Fired ExecutionTime: 40400000
Fired ExecutionTime: 40400000
Fired ExecutionTime: 40400000
Fired ExecutionTime: 40400000
Fired ExecutionTime: 40400000
1457 ms. Memory: 145408K Free: 72249K (50%)
----------------- Invoking toplevel() on ptolemy.moml.MoMLSimpleApplication@637fbfba
----------------- Done invoking toplevel() on ptolemy.moml.MoMLSimpleApplication@637fbfba
reloadAllAccessors: .ConcurrentExecutionTimeSDF

===========================================================================================
----------------- testing Wed Aug 21 05:27:52 UTC 2019 /home/travis/build/icyphy/ptII/ptolemy/actor/lib/hoc/test/auto/ConcurrentSleep.xml
----------------- Instantiating /home/travis/build/icyphy/ptII/ptolemy/actor/lib/hoc/test/auto/ConcurrentSleep.xml
733 ms. Memory: 145408K Free: 124177K (85%)
----------------- Invoking toplevel() on ptolemy.moml.MoMLSimpleApplication@65ede16c
----------------- Done invoking toplevel() on ptolemy.moml.MoMLSimpleApplication@65ede16c
reloadAllAccessors: .ConcurrentSleep

===========================================================================================
----------------- testing Wed Aug 21 05:27:53 UTC 2019 /home/travis/build/icyphy/ptII/ptolemy/actor/lib/hoc/test/auto/DEInPNInRunCompositeActor.xml
----------------- Instantiating /home/travis/build/icyphy/ptII/ptolemy/actor/lib/hoc/test/auto/DEInPNInRunCompositeActor.xml
13 ms. Memory: 145408K Free: 119059K (82%)
----------------- Invoking toplevel() on ptolemy.moml.MoMLSimpleApplication@2663788a
----------------- Done invoking toplevel() on ptolemy.moml.MoMLSimpleApplication@2663788a
reloadAllAccessors: .DEInPNInRunCompositeActor

===========================================================================================
----------------- testing Wed Aug 21 05:27:53 UTC 2019 /home/travis/build/icyphy/ptII/ptolemy/actor/lib/hoc/test/auto/DFTSubSetTest.xml
----------------- Instantiating /home/travis/build/icyphy/ptII/ptolemy/actor/lib/hoc/test/auto/DFTSubSetTest.xml
221 ms. Memory: 145408K Free: 76588K (53%)
----------------- Invoking toplevel() on ptolemy.moml.MoMLSimpleApplication@6e4e995a
----------------- Done invoking toplevel() on ptolemy.moml.MoMLSimpleApplication@6e4e995a
reloadAllAccessors: .DFTSubSetTest

===========================================================================================
----------------- testing Wed Aug 21 05:27:54 UTC 2019 /home/travis/build/icyphy/ptII/ptolemy/actor/lib/hoc/test/auto/HocDE.xml
----------------- Instantiating /home/travis/build/icyphy/ptII/ptolemy/actor/lib/hoc/test/auto/HocDE.xml
167 ms. Memory: 145408K Free: 123863K (85%)
----------------- Invoking toplevel() on ptolemy.moml.MoMLSimpleApplication@2d1d0e42
----------------- Done invoking toplevel() on ptolemy.moml.MoMLSimpleApplication@2d1d0e42
reloadAllAccessors: .HocDE

===========================================================================================
----------------- testing Wed Aug 21 05:27:54 UTC 2019 /home/travis/build/icyphy/ptII/ptolemy/actor/lib/hoc/test/auto/IterateOverArray.xml
----------------- Instantiating /home/travis/build/icyphy/ptII/ptolemy/actor/lib/hoc/test/auto/IterateOverArray.xml
11 ms. Memory: 145408K Free: 119253K (82%)
----------------- Invoking toplevel() on ptolemy.moml.MoMLSimpleApplication@6e89f665
----------------- Done invoking toplevel() on ptolemy.moml.MoMLSimpleApplication@6e89f665
reloadAllAccessors: .IterateOverArray

===========================================================================================
----------------- testing Wed Aug 21 05:27:54 UTC 2019 /home/travis/build/icyphy/ptII/ptolemy/actor/lib/hoc/test/auto/IterateOverArray10.xml
----------------- Instantiating /home/travis/build/icyphy/ptII/ptolemy/actor/lib/hoc/test/auto/IterateOverArray10.xml
5 ms. Memory: 145408K Free: 116181K (80%)
----------------- Invoking toplevel() on ptolemy.moml.MoMLSimpleApplication@3cf56a95
----------------- Done invoking toplevel() on ptolemy.moml.MoMLSimpleApplication@3cf56a95
reloadAllAccessors: .IterateOverArray10

===========================================================================================
----------------- testing Wed Aug 21 05:27:54 UTC 2019 /home/travis/build/icyphy/ptII/ptolemy/actor/lib/hoc/test/auto/IterateOverArray11.xml
----------------- Instantiating /home/travis/build/icyphy/ptII/ptolemy/actor/lib/hoc/test/auto/IterateOverArray11.xml
7 ms. Memory: 145408K Free: 112085K (77%)
----------------- Invoking toplevel() on ptolemy.moml.MoMLSimpleApplication@7cab25dd
----------------- Done invoking toplevel() on ptolemy.moml.MoMLSimpleApplication@7cab25dd
reloadAllAccessors: .IterateOverArray11

===========================================================================================
----------------- testing Wed Aug 21 05:27:54 UTC 2019 /home/travis/build/icyphy/ptII/ptolemy/actor/lib/hoc/test/auto/IterateOverArray12.xml
----------------- Instantiating /home/travis/build/icyphy/ptII/ptolemy/actor/lib/hoc/test/auto/IterateOverArray12.xml
17 ms. Memory: 145408K Free: 105941K (73%)
----------------- Invoking toplevel() on ptolemy.moml.MoMLSimpleApplication@e0dfaf7
----------------- Done invoking toplevel() on ptolemy.moml.MoMLSimpleApplication@e0dfaf7
reloadAllAccessors: .IterateOverArray12

===========================================================================================
----------------- testing Wed Aug 21 05:27:54 UTC 2019 /home/travis/build/icyphy/ptII/ptolemy/actor/lib/hoc/test/auto/IterateOverArray13.xml
----------------- Instantiating /home/travis/build/icyphy/ptII/ptolemy/actor/lib/hoc/test/auto/IterateOverArray13.xml
80 ms. Memory: 145408K Free: 76245K (52%)
----------------- Invoking toplevel() on ptolemy.moml.MoMLSimpleApplication@2a6aa40f
----------------- Done invoking toplevel() on ptolemy.moml.MoMLSimpleApplication@2a6aa40f
reloadAllAccessors: .IterateOverArray13

===========================================================================================
----------------- testing Wed Aug 21 05:27:54 UTC 2019 /home/travis/build/icyphy/ptII/ptolemy/actor/lib/hoc/test/auto/IterateOverArray14.xml
----------------- Instantiating /home/travis/build/icyphy/ptII/ptolemy/actor/lib/hoc/test/auto/IterateOverArray14.xml
83 ms. Memory: 145408K Free: 121704K (84%)
----------------- Invoking toplevel() on ptolemy.moml.MoMLSimpleApplication@5222d624
----------------- Done invoking toplevel() on ptolemy.moml.MoMLSimpleApplication@5222d624
reloadAllAccessors: .IterateOverArray14

===========================================================================================
----------------- testing Wed Aug 21 05:27:54 UTC 2019 /home/travis/build/icyphy/ptII/ptolemy/actor/lib/hoc/test/auto/IterateOverArray2.xml
----------------- Instantiating /home/travis/build/icyphy/ptII/ptolemy/actor/lib/hoc/test/auto/IterateOverArray2.xml
7 ms. Memory: 145408K Free: 116442K (80%)
----------------- Invoking toplevel() on ptolemy.moml.MoMLSimpleApplication@5ed0ee5a
----------------- Done invoking toplevel() on ptolemy.moml.MoMLSimpleApplication@5ed0ee5a
reloadAllAccessors: .IterateOverArray2

===========================================================================================
----------------- testing Wed Aug 21 05:27:54 UTC 2019 /home/travis/build/icyphy/ptII/ptolemy/actor/lib/hoc/test/auto/IterateOverArray3.xml
----------------- Instantiating /home/travis/build/icyphy/ptII/ptolemy/actor/lib/hoc/test/auto/IterateOverArray3.xml
12 ms. Memory: 145408K Free: 110268K (76%)
----------------- Invoking toplevel() on ptolemy.moml.MoMLSimpleApplication@7b205e47
----------------- Done invoking toplevel() on ptolemy.moml.MoMLSimpleApplication@7b205e47
reloadAllAccessors: .IterateOverArray3

===========================================================================================
----------------- testing Wed Aug 21 05:27:54 UTC 2019 /home/travis/build/icyphy/ptII/ptolemy/actor/lib/hoc/test/auto/IterateOverArray4.xml
----------------- Instantiating /home/travis/build/icyphy/ptII/ptolemy/actor/lib/hoc/test/auto/IterateOverArray4.xml
5 ms. Memory: 145408K Free: 106202K (73%)
----------------- Invoking toplevel() on ptolemy.moml.MoMLSimpleApplication@140bb799
----------------- Done invoking toplevel() on ptolemy.moml.MoMLSimpleApplication@140bb799
reloadAllAccessors: .IterateOverArray4

===========================================================================================
----------------- testing Wed Aug 21 05:27:54 UTC 2019 /home/travis/build/icyphy/ptII/ptolemy/actor/lib/hoc/test/auto/IterateOverArray5.xml
----------------- Instantiating /home/travis/build/icyphy/ptII/ptolemy/actor/lib/hoc/test/auto/IterateOverArray5.xml
4 ms. Memory: 145408K Free: 102106K (70%)
----------------- Invoking toplevel() on ptolemy.moml.MoMLSimpleApplication@5cd6d280
----------------- Done invoking toplevel() on ptolemy.moml.MoMLSimpleApplication@5cd6d280
reloadAllAccessors: .IterateOverArray5

===========================================================================================
----------------- testing Wed Aug 21 05:27:54 UTC 2019 /home/travis/build/icyphy/ptII/ptolemy/actor/lib/hoc/test/auto/IterateOverArray6.xml
----------------- Instantiating /home/travis/build/icyphy/ptII/ptolemy/actor/lib/hoc/test/auto/IterateOverArray6.xml
3 ms. Memory: 145408K Free: 98568K (68%)
----------------- Invoking toplevel() on ptolemy.moml.MoMLSimpleApplication@5f528118
----------------- Done invoking toplevel() on ptolemy.moml.MoMLSimpleApplication@5f528118
reloadAllAccessors: .IterateOverArray6

===========================================================================================
----------------- testing Wed Aug 21 05:27:54 UTC 2019 /home/travis/build/icyphy/ptII/ptolemy/actor/lib/hoc/test/auto/IterateOverArray7.xml
----------------- Instantiating /home/travis/build/icyphy/ptII/ptolemy/actor/lib/hoc/test/auto/IterateOverArray7.xml
4 ms. Memory: 145408K Free: 93914K (65%)
----------------- Invoking toplevel() on ptolemy.moml.MoMLSimpleApplication@4b5718ce
----------------- Done invoking toplevel() on ptolemy.moml.MoMLSimpleApplication@4b5718ce
reloadAllAccessors: .IterateOverArray7

===========================================================================================
----------------- testing Wed Aug 21 05:27:54 UTC 2019 /home/travis/build/icyphy/ptII/ptolemy/actor/lib/hoc/test/auto/IterateOverArray8.xml
----------------- Instantiating /home/travis/build/icyphy/ptII/ptolemy/actor/lib/hoc/test/auto/IterateOverArray8.xml
4 ms. Memory: 145408K Free: 89818K (62%)
----------------- Invoking toplevel() on ptolemy.moml.MoMLSimpleApplication@5aa42f6a
----------------- Done invoking toplevel() on ptolemy.moml.MoMLSimpleApplication@5aa42f6a
reloadAllAccessors: .IterateOverArray8

===========================================================================================
----------------- testing Wed Aug 21 05:27:55 UTC 2019 /home/travis/build/icyphy/ptII/ptolemy/actor/lib/hoc/test/auto/IterateOverArray9.xml
----------------- Instantiating /home/travis/build/icyphy/ptII/ptolemy/actor/lib/hoc/test/auto/IterateOverArray9.xml
9 ms. Memory: 145408K Free: 85722K (59%)
----------------- Invoking toplevel() on ptolemy.moml.MoMLSimpleApplication@1e2a2886
----------------- Done invoking toplevel() on ptolemy.moml.MoMLSimpleApplication@1e2a2886
reloadAllAccessors: .IterateOverArray9

===========================================================================================
----------------- testing Wed Aug 21 05:27:55 UTC 2019 /home/travis/build/icyphy/ptII/ptolemy/actor/lib/hoc/test/auto/IterateOverArrayCoercedOutputType.xml
----------------- Instantiating /home/travis/build/icyphy/ptII/ptolemy/actor/lib/hoc/test/auto/IterateOverArrayCoercedOutputType.xml
7 ms. Memory: 145408K Free: 80602K (55%)
----------------- Invoking toplevel() on ptolemy.moml.MoMLSimpleApplication@1d00f4fe
----------------- Done invoking toplevel() on ptolemy.moml.MoMLSimpleApplication@1d00f4fe
reloadAllAccessors: .IterateOverArrayCoercedOutputType

===========================================================================================
----------------- testing Wed Aug 21 05:27:55 UTC 2019 /home/travis/build/icyphy/ptII/ptolemy/actor/lib/hoc/test/auto/IterateOverArrayInferredOutputType.xml
----------------- Instantiating /home/travis/build/icyphy/ptII/ptolemy/actor/lib/hoc/test/auto/IterateOverArrayInferredOutputType.xml
13 ms. Memory: 145408K Free: 76048K (52%)
----------------- Invoking toplevel() on ptolemy.moml.MoMLSimpleApplication@8e124b8
----------------- Done invoking toplevel() on ptolemy.moml.MoMLSimpleApplication@8e124b8
reloadAllAccessors: .IterateOverArrayInferredOutputType

===========================================================================================
----------------- testing Wed Aug 21 05:27:55 UTC 2019 /home/travis/build/icyphy/ptII/ptolemy/actor/lib/hoc/test/auto/MobileFunctionTest.xml
----------------- Instantiating /home/travis/build/icyphy/ptII/ptolemy/actor/lib/hoc/test/auto/MobileFunctionTest.xml
4 ms. Memory: 145408K Free: 71926K (49%)
----------------- Invoking toplevel() on ptolemy.moml.MoMLSimpleApplication@76da440f
----------------- Done invoking toplevel() on ptolemy.moml.MoMLSimpleApplication@76da440f
reloadAllAccessors: .MobileFunctionTest

===========================================================================================
----------------- testing Wed Aug 21 05:27:55 UTC 2019 /home/travis/build/icyphy/ptII/ptolemy/actor/lib/hoc/test/auto/MobileModelTest.xml
----------------- Instantiating /home/travis/build/icyphy/ptII/ptolemy/actor/lib/hoc/test/auto/MobileModelTest.xml
156 ms. Memory: 145408K Free: 50876K (35%)
----------------- Invoking toplevel() on ptolemy.moml.MoMLSimpleApplication@2cce240a
----------------- Done invoking toplevel() on ptolemy.moml.MoMLSimpleApplication@2cce240a
reloadAllAccessors: .MobileModelTest

===========================================================================================
----------------- testing Wed Aug 21 05:27:55 UTC 2019 /home/travis/build/icyphy/ptII/ptolemy/actor/lib/hoc/test/auto/ModelReference.xml
----------------- Instantiating /home/travis/build/icyphy/ptII/ptolemy/actor/lib/hoc/test/auto/ModelReference.xml
2 ms. Memory: 145408K Free: 129152K (89%)
2 ms. Memory: 145408K Free: 128388K (88%)
1 ms. Memory: 145408K Free: 127644K (88%)
1 ms. Memory: 145408K Free: 126832K (87%)
1 ms. Memory: 145408K Free: 125966K (87%)
1 ms. Memory: 145408K Free: 125065K (86%)
1 ms. Memory: 145408K Free: 124284K (85%)
1 ms. Memory: 145408K Free: 123548K (85%)
1 ms. Memory: 145408K Free: 122736K (84%)
1 ms. Memory: 145408K Free: 121840K (84%)
42 ms. Memory: 145408K Free: 121840K (84%)
----------------- Invoking toplevel() on ptolemy.moml.MoMLSimpleApplication@129323d8
----------------- Done invoking toplevel() on ptolemy.moml.MoMLSimpleApplication@129323d8
reloadAllAccessors: .ModelReference

===========================================================================================
----------------- testing Wed Aug 21 05:27:55 UTC 2019 /home/travis/build/icyphy/ptII/ptolemy/actor/lib/hoc/test/auto/ModelReference3.xml
----------------- Instantiating /home/travis/build/icyphy/ptII/ptolemy/actor/lib/hoc/test/auto/ModelReference3.xml
2 ms. Memory: 145408K Free: 116774K (80%)
4 ms. Memory: 145408K Free: 116170K (80%)
2 ms. Memory: 145408K Free: 115146K (79%)
4 ms. Memory: 145408K Free: 114718K (79%)
3 ms. Memory: 145408K Free: 113672K (78%)
2 ms. Memory: 145408K Free: 113076K (78%)
4 ms. Memory: 145408K Free: 112074K (77%)
2 ms. Memory: 145408K Free: 111050K (76%)
2 ms. Memory: 145408K Free: 110622K (76%)
2 ms. Memory: 145408K Free: 109568K (75%)
32 ms. Memory: 145408K Free: 109568K (75%)
----------------- Invoking toplevel() on ptolemy.moml.MoMLSimpleApplication@b61f7eb
----------------- Done invoking toplevel() on ptolemy.moml.MoMLSimpleApplication@b61f7eb
reloadAllAccessors: .ModelReference3

===========================================================================================
----------------- testing Wed Aug 21 05:27:55 UTC 2019 /home/travis/build/icyphy/ptII/ptolemy/actor/lib/hoc/test/auto/ModelReference4.xml
----------------- Instantiating /home/travis/build/icyphy/ptII/ptolemy/actor/lib/hoc/test/auto/ModelReference4.xml
2 ms. Memory: 145408K Free: 104906K (72%)
3 ms. Memory: 145408K Free: 103844K (71%)
2 ms. Memory: 145408K Free: 102828K (71%)
2 ms. Memory: 145408K Free: 101390K (70%)
7 ms. Memory: 145408K Free: 100780K (69%)
2 ms. Memory: 145408K Free: 99731K (69%)
6 ms. Memory: 145408K Free: 98724K (68%)
2 ms. Memory: 145408K Free: 96700K (67%)
3 ms. Memory: 145408K Free: 95690K (66%)
2 ms. Memory: 145408K Free: 94628K (65%)
10024 ms. Memory: 145408K Free: 94628K (65%)
----------------- Invoking toplevel() on ptolemy.moml.MoMLSimpleApplication@121e8ae0
----------------- Done invoking toplevel() on ptolemy.moml.MoMLSimpleApplication@121e8ae0
reloadAllAccessors: .ModelReference4

===========================================================================================
----------------- testing Wed Aug 21 05:28:05 UTC 2019 /home/travis/build/icyphy/ptII/ptolemy/actor/lib/hoc/test/auto/MultiInstanceComposite.xml
----------------- Instantiating /home/travis/build/icyphy/ptII/ptolemy/actor/lib/hoc/test/auto/MultiInstanceComposite.xml
26 ms. Memory: 145408K Free: 75800K (52%)
----------------- Invoking toplevel() on ptolemy.moml.MoMLSimpleApplication@7b114d7b
----------------- Done invoking toplevel() on ptolemy.moml.MoMLSimpleApplication@7b114d7b
reloadAllAccessors: .MultiInstanceComposite

===========================================================================================
----------------- testing Wed Aug 21 05:28:05 UTC 2019 /home/travis/build/icyphy/ptII/ptolemy/actor/lib/hoc/test/auto/MultiInstanceComposite2.xml
----------------- Instantiating /home/travis/build/icyphy/ptII/ptolemy/actor/lib/hoc/test/auto/MultiInstanceComposite2.xml
29 ms. Memory: 145408K Free: 64542K (44%)
----------------- Invoking toplevel() on ptolemy.moml.MoMLSimpleApplication@55ac1610
----------------- Done invoking toplevel() on ptolemy.moml.MoMLSimpleApplication@55ac1610
reloadAllAccessors: .MultiInstanceComposite2

===========================================================================================
----------------- testing Wed Aug 21 05:28:05 UTC 2019 /home/travis/build/icyphy/ptII/ptolemy/actor/lib/hoc/test/auto/MulticoreExecution.xml
----------------- Instantiating /home/travis/build/icyphy/ptII/ptolemy/actor/lib/hoc/test/auto/MulticoreExecution.xml
Fired ExecutionTime: 2000000
Fired ExecutionTime: 3600000
Fired ExecutionTime: 2800000
Fired ExecutionTime: 2800000
Fired ExecutionTime: 2400000
Fired ExecutionTime: 3600000
Fired ExecutionTime: 2400000
Fired ExecutionTime: 2800000
Fired ExecutionTime: 50800000
Fired ExecutionTime: 26400000
Fired ExecutionTime: 34800000
Fired ExecutionTime: 39200000
Fired ExecutionTime: 27600000
Fired ExecutionTime: 28000000
Fired ExecutionTime: 24000000
Fired ExecutionTime: 51200000
Fired ExecutionTime: 39600000
Fired ExecutionTime: 36000000
Fired ExecutionTime: 23600000
Fired ExecutionTime: 49600000
1081 ms. Memory: 145408K Free: 56176K (39%)
----------------- Invoking toplevel() on ptolemy.moml.MoMLSimpleApplication@55b50364
----------------- Done invoking toplevel() on ptolemy.moml.MoMLSimpleApplication@55b50364
reloadAllAccessors: .MulticoreExecution

===========================================================================================
----------------- testing Wed Aug 21 05:28:06 UTC 2019 /home/travis/build/icyphy/ptII/ptolemy/actor/lib/hoc/test/auto/ParallelExecution.xml
----------------- Instantiating /home/travis/build/icyphy/ptII/ptolemy/actor/lib/hoc/test/auto/ParallelExecution.xml
922 ms. Memory: 145408K Free: 49008K (34%)
----------------- Invoking toplevel() on ptolemy.moml.MoMLSimpleApplication@5a0e0cfc
----------------- Done invoking toplevel() on ptolemy.moml.MoMLSimpleApplication@5a0e0cfc
reloadAllAccessors: .ParallelExecution

===========================================================================================
----------------- testing Wed Aug 21 05:28:07 UTC 2019 /home/travis/build/icyphy/ptII/ptolemy/actor/lib/hoc/test/auto/RunCompositeActor.xml
----------------- Instantiating /home/travis/build/icyphy/ptII/ptolemy/actor/lib/hoc/test/auto/RunCompositeActor.xml
8 ms. Memory: 145408K Free: 125862K (87%)
----------------- Invoking toplevel() on ptolemy.moml.MoMLSimpleApplication@4322e84f
----------------- Done invoking toplevel() on ptolemy.moml.MoMLSimpleApplication@4322e84f
reloadAllAccessors: .RunCompositeActor

===========================================================================================
----------------- testing Wed Aug 21 05:28:07 UTC 2019 /home/travis/build/icyphy/ptII/ptolemy/actor/lib/hoc/test/auto/RunCompositeActor2.xml
----------------- Instantiating /home/travis/build/icyphy/ptII/ptolemy/actor/lib/hoc/test/auto/RunCompositeActor2.xml
8 ms. Memory: 145408K Free: 119900K (82%)
----------------- Invoking toplevel() on ptolemy.moml.MoMLSimpleApplication@358a4aef
----------------- Done invoking toplevel() on ptolemy.moml.MoMLSimpleApplication@358a4aef
reloadAllAccessors: .RunCompositeActor2

===========================================================================================
----------------- testing Wed Aug 21 05:28:07 UTC 2019 /home/travis/build/icyphy/ptII/ptolemy/actor/lib/hoc/test/auto/RunCompositeActor3.xml
----------------- Instantiating /home/travis/build/icyphy/ptII/ptolemy/actor/lib/hoc/test/auto/RunCompositeActor3.xml
4 ms. Memory: 145408K Free: 114750K (79%)
----------------- Invoking toplevel() on ptolemy.moml.MoMLSimpleApplication@593cf70a
----------------- Done invoking toplevel() on ptolemy.moml.MoMLSimpleApplication@593cf70a
reloadAllAccessors: .RunCompositeActor3

===========================================================================================
----------------- testing Wed Aug 21 05:28:07 UTC 2019 /home/travis/build/icyphy/ptII/ptolemy/actor/lib/hoc/test/auto/RunCompositeActor4.xml
----------------- Instantiating /home/travis/build/icyphy/ptII/ptolemy/actor/lib/hoc/test/auto/RunCompositeActor4.xml
13 ms. Memory: 145408K Free: 107008K (74%)
----------------- Invoking toplevel() on ptolemy.moml.MoMLSimpleApplication@44919e4b
----------------- Done invoking toplevel() on ptolemy.moml.MoMLSimpleApplication@44919e4b
reloadAllAccessors: .RunCompositeActor4

===========================================================================================
----------------- testing Wed Aug 21 05:28:07 UTC 2019 /home/travis/build/icyphy/ptII/ptolemy/actor/lib/hoc/test/auto/RunCompositeIterateOverArray.xml
----------------- Instantiating /home/travis/build/icyphy/ptII/ptolemy/actor/lib/hoc/test/auto/RunCompositeIterateOverArray.xml
5 ms. Memory: 145408K Free: 101866K (70%)
----------------- Invoking toplevel() on ptolemy.moml.MoMLSimpleApplication@2aa1eb07
----------------- Done invoking toplevel() on ptolemy.moml.MoMLSimpleApplication@2aa1eb07
reloadAllAccessors: .RunCompositeIterateOverArray

===========================================================================================
----------------- testing Wed Aug 21 05:28:07 UTC 2019 /home/travis/build/icyphy/ptII/ptolemy/actor/lib/hoc/test/auto/ThreadedJS.xml
----------------- Instantiating /home/travis/build/icyphy/ptII/ptolemy/actor/lib/hoc/test/auto/ThreadedJS.xml
6653 ms. Memory: 263168K Free: 194046K (74%)
----------------- Invoking toplevel() on ptolemy.moml.MoMLSimpleApplication@62250bef
----------------- Done invoking toplevel() on ptolemy.moml.MoMLSimpleApplication@62250bef
reloadAllAccessors: .ThreadedJS
AutoTests.java: About to close Vertx.
AutoTests.java: Vertx closed.
]]></system-out>
  <system-err><![CDATA[java.lang.RuntimeException: Execution failed
	at ptolemy.moml.MoMLSimpleApplication$UnloadThread.run(MoMLSimpleApplication.java:402)
Caused by: ptolemy.kernel.util.IllegalActionException: initialize() was called after wrapup() was called but preinitialize() was not called after wrapup().
	at ptolemy.actor.lib.hoc.test.PreinitializeMustBeInvoked.initialize(PreinitializeMustBeInvoked.java:78)
	at ptolemy.actor.Director.initialize(Director.java:938)
	at ptolemy.actor.Director.initialize(Director.java:907)
	at ptolemy.actor.sched.StaticSchedulingDirector.initialize(StaticSchedulingDirector.java:159)
	at ptolemy.domains.sdf.kernel.SDFDirector.initialize(SDFDirector.java:544)
	at ptolemy.actor.CompositeActor.initialize(CompositeActor.java:935)
	at ptolemy.actor.lib.hoc.LifeCycleManager._executeInsideModel(LifeCycleManager.java:339)
	at ptolemy.actor.lib.hoc.RunCompositeActor.fire(RunCompositeActor.java:205)
	at ptolemy.actor.CompositeActor.iterate(CompositeActor.java:1146)
	at ptolemy.actor.sched.StaticSchedulingDirector.fire(StaticSchedulingDirector.java:216)
	at ptolemy.domains.sdf.kernel.SDFDirector.fire(SDFDirector.java:500)
	at ptolemy.actor.CompositeActor.fire(CompositeActor.java:455)
	at ptolemy.actor.Manager.iterate(Manager.java:851)
	at ptolemy.actor.Manager.execute(Manager.java:369)
	at ptolemy.actor.Manager.run(Manager.java:1263)
	at ptolemy.actor.Manager$PtolemyRunThread.run(Manager.java:1933)
java.lang.reflect.InvocationTargetException
	at java.base/jdk.internal.reflect.NativeConstructorAccessorImpl.newInstance0(Native Method)
	at java.base/jdk.internal.reflect.NativeConstructorAccessorImpl.newInstance(NativeConstructorAccessorImpl.java:62)
	at java.base/jdk.internal.reflect.DelegatingConstructorAccessorImpl.newInstance(DelegatingConstructorAccessorImpl.java:45)
	at java.base/java.lang.reflect.Constructor.newInstance(Constructor.java:490)
	at ptolemy.util.test.junit.AutoKnownFailedTests.RunModel(AutoKnownFailedTests.java:105)
	at java.base/jdk.internal.reflect.NativeMethodAccessorImpl.invoke0(Native Method)
	at java.base/jdk.internal.reflect.NativeMethodAccessorImpl.invoke(NativeMethodAccessorImpl.java:62)
	at java.base/jdk.internal.reflect.DelegatingMethodAccessorImpl.invoke(DelegatingMethodAccessorImpl.java:43)
	at java.base/java.lang.reflect.Method.invoke(Method.java:566)
	at org.junit.runners.model.FrameworkMethod$1.runReflectiveCall(FrameworkMethod.java:44)
	at org.junit.internal.runners.model.ReflectiveCallable.run(ReflectiveCallable.java:15)
	at org.junit.runners.model.FrameworkMethod.invokeExplosively(FrameworkMethod.java:41)
	at junitparams.internal.InvokeParameterisedMethod.evaluate(InvokeParameterisedMethod.java:102)
	at org.junit.internal.runners.statements.FailOnTimeout$1.run(FailOnTimeout.java:28)
Caused by: ptolemy.kernel.util.IllegalActionException: initialize() was called after wrapup() was called but preinitialize() was not called after wrapup().
	at ptolemy.actor.lib.hoc.test.PreinitializeMustBeInvoked.initialize(PreinitializeMustBeInvoked.java:78)
	at ptolemy.actor.Director.initialize(Director.java:938)
	at ptolemy.actor.Director.initialize(Director.java:907)
	at ptolemy.actor.sched.StaticSchedulingDirector.initialize(StaticSchedulingDirector.java:159)
	at ptolemy.domains.sdf.kernel.SDFDirector.initialize(SDFDirector.java:544)
	at ptolemy.actor.CompositeActor.initialize(CompositeActor.java:935)
	at ptolemy.actor.lib.hoc.LifeCycleManager._executeInsideModel(LifeCycleManager.java:339)
	at ptolemy.actor.lib.hoc.RunCompositeActor.fire(RunCompositeActor.java:205)
	at ptolemy.actor.CompositeActor.iterate(CompositeActor.java:1146)
	at ptolemy.actor.sched.StaticSchedulingDirector.fire(StaticSchedulingDirector.java:216)
	at ptolemy.domains.sdf.kernel.SDFDirector.fire(SDFDirector.java:500)
	at ptolemy.actor.CompositeActor.fire(CompositeActor.java:455)
	at ptolemy.actor.Manager.iterate(Manager.java:851)
	at ptolemy.actor.Manager.execute(Manager.java:369)
	at ptolemy.actor.Manager.run(Manager.java:1263)
	at ptolemy.actor.Manager$PtolemyRunThread.run(Manager.java:1933)
Warning: Nashorn engine is planned to be removed from a future JDK release
Warning: Nashorn engine is planned to be removed from a future JDK release
Warning: Nashorn engine is planned to be removed from a future JDK release
Warning: Nashorn engine is planned to be removed from a future JDK release
Warning: Nashorn engine is planned to be removed from a future JDK release
Warning: Nashorn engine is planned to be removed from a future JDK release
Warning: Nashorn engine is planned to be removed from a future JDK release
Warning: Nashorn engine is planned to be removed from a future JDK release
]]></system-err>
</testsuite>
