<?xml version="1.0" encoding="UTF-8" ?>
<testsuite errors="0" failures="0" hostname="travis-job-9dead7da-1860-4c56-ae45-6d50621368ec" name="ptolemy.domains.continuous.test.junit.JUnitTclTest" skipped="0" tests="155" time="70.564" timestamp="2018-06-17T01:19:48">
  <properties>
[...]
</properties>
  <testcase classname="ptolemy.util.test.junit.TclTests" name="[0] ThereAreNoTclTests (RunTclFile)" time="0.001" />
  <testcase classname="ptolemy.util.test.junit.AutoKnownFailedTests" name="[0] ThereAreNoKnowFailedTests (RunModel)" time="0.001" />
  <testcase classname="ptolemy.util.test.junit.AutoNameArchTests" name="[0] ThereAreNoAutoArchTests (RunModel)" time="0.0" />
  <testcase classname="ptolemy.util.test.junit.AutoTests" name="[0] /home/travis/build/icyphy/ptII/ptolemy/domains/continuous/test/auto/BouncingBall.xml (RunModel)" time="2.683" />
  <testcase classname="ptolemy.util.test.junit.AutoTests" name="[1] /home/travis/build/icyphy/ptII/ptolemy/domains/continuous/test/auto/BouncingBallWithoutGR.xml (RunModel)" time="0.896" />
  <testcase classname="ptolemy.util.test.junit.AutoTests" name="[2] /home/travis/build/icyphy/ptII/ptolemy/domains/continuous/test/auto/Brownian.xml (RunModel)" time="0.119" />
  <testcase classname="ptolemy.util.test.junit.AutoTests" name="[3] /home/travis/build/icyphy/ptII/ptolemy/domains/continuous/test/auto/CarTracking.xml (RunModel)" time="3.596" />
  <testcase classname="ptolemy.util.test.junit.AutoTests" name="[4] /home/travis/build/icyphy/ptII/ptolemy/domains/continuous/test/auto/CartPendulum.xml (RunModel)" time="0.49" />
  <testcase classname="ptolemy.util.test.junit.AutoTests" name="[5] /home/travis/build/icyphy/ptII/ptolemy/domains/continuous/test/auto/CausalityInterface10.xml (RunModel)" time="0.063" />
  <testcase classname="ptolemy.util.test.junit.AutoTests" name="[6] /home/travis/build/icyphy/ptII/ptolemy/domains/continuous/test/auto/CausalityInterface11.xml (RunModel)" time="0.036" />
  <testcase classname="ptolemy.util.test.junit.AutoTests" name="[7] /home/travis/build/icyphy/ptII/ptolemy/domains/continuous/test/auto/CausalityInterface12.xml (RunModel)" time="0.042" />
  <testcase classname="ptolemy.util.test.junit.AutoTests" name="[8] /home/travis/build/icyphy/ptII/ptolemy/domains/continuous/test/auto/CausalityInterface13.xml (RunModel)" time="0.033" />
  <testcase classname="ptolemy.util.test.junit.AutoTests" name="[9] /home/travis/build/icyphy/ptII/ptolemy/domains/continuous/test/auto/CausalityInterface14.xml (RunModel)" time="0.021" />
  <testcase classname="ptolemy.util.test.junit.AutoTests" name="[10] /home/travis/build/icyphy/ptII/ptolemy/domains/continuous/test/auto/CausalityInterface4.xml (RunModel)" time="0.029" />
  <testcase classname="ptolemy.util.test.junit.AutoTests" name="[11] /home/travis/build/icyphy/ptII/ptolemy/domains/continuous/test/auto/CausalityInterface5.xml (RunModel)" time="0.04" />
  <testcase classname="ptolemy.util.test.junit.AutoTests" name="[12] /home/travis/build/icyphy/ptII/ptolemy/domains/continuous/test/auto/CausalityInterface6.xml (RunModel)" time="0.031" />
  <testcase classname="ptolemy.util.test.junit.AutoTests" name="[13] /home/travis/build/icyphy/ptII/ptolemy/domains/continuous/test/auto/CausalityInterface7.xml (RunModel)" time="0.048" />
  <testcase classname="ptolemy.util.test.junit.AutoTests" name="[14] /home/travis/build/icyphy/ptII/ptolemy/domains/continuous/test/auto/CausalityInterface8.xml (RunModel)" time="0.048" />
  <testcase classname="ptolemy.util.test.junit.AutoTests" name="[15] /home/travis/build/icyphy/ptII/ptolemy/domains/continuous/test/auto/CausalityInterface9.xml (RunModel)" time="0.052" />
  <testcase classname="ptolemy.util.test.junit.AutoTests" name="[16] /home/travis/build/icyphy/ptII/ptolemy/domains/continuous/test/auto/CausalityInterfaceFeedback1.xml (RunModel)" time="0.03" />
  <testcase classname="ptolemy.util.test.junit.AutoTests" name="[17] /home/travis/build/icyphy/ptII/ptolemy/domains/continuous/test/auto/CausalityInterfaceFeedback2.xml (RunModel)" time="0.035" />
  <testcase classname="ptolemy.util.test.junit.AutoTests" name="[18] /home/travis/build/icyphy/ptII/ptolemy/domains/continuous/test/auto/CompareWithCurrentTime.xml (RunModel)" time="0.026" />
  <testcase classname="ptolemy.util.test.junit.AutoTests" name="[19] /home/travis/build/icyphy/ptII/ptolemy/domains/continuous/test/auto/ComparedClocks.xml (RunModel)" time="0.07" />
  <testcase classname="ptolemy.util.test.junit.AutoTests" name="[20] /home/travis/build/icyphy/ptII/ptolemy/domains/continuous/test/auto/ContinuousAOCClone.xml (RunModel)" time="2.729" />
  <testcase classname="ptolemy.util.test.junit.AutoTests" name="[21] /home/travis/build/icyphy/ptII/ptolemy/domains/continuous/test/auto/ContinuousClock.xml (RunModel)" time="0.113" />
  <testcase classname="ptolemy.util.test.junit.AutoTests" name="[22] /home/travis/build/icyphy/ptII/ptolemy/domains/continuous/test/auto/ContinuousInContinuous.xml (RunModel)" time="0.089" />
  <testcase classname="ptolemy.util.test.junit.AutoTests" name="[23] /home/travis/build/icyphy/ptII/ptolemy/domains/continuous/test/auto/ContinuousInContinuousInContinuous.xml (RunModel)" time="0.03" />
  <testcase classname="ptolemy.util.test.junit.AutoTests" name="[24] /home/travis/build/icyphy/ptII/ptolemy/domains/continuous/test/auto/ContinuousInDE.xml (RunModel)" time="0.141" />
  <testcase classname="ptolemy.util.test.junit.AutoTests" name="[25] /home/travis/build/icyphy/ptII/ptolemy/domains/continuous/test/auto/ContinuousInDE2.xml (RunModel)" time="0.065" />
  <testcase classname="ptolemy.util.test.junit.AutoTests" name="[26] /home/travis/build/icyphy/ptII/ptolemy/domains/continuous/test/auto/ContinuousInDE3.xml (RunModel)" time="0.067" />
  <testcase classname="ptolemy.util.test.junit.AutoTests" name="[27] /home/travis/build/icyphy/ptII/ptolemy/domains/continuous/test/auto/ContinuousInDE4.xml (RunModel)" time="0.039" />
  <testcase classname="ptolemy.util.test.junit.AutoTests" name="[28] /home/travis/build/icyphy/ptII/ptolemy/domains/continuous/test/auto/ContinuousInDEDifferentRefinements.xml (RunModel)" time="0.116" />
  <testcase classname="ptolemy.util.test.junit.AutoTests" name="[29] /home/travis/build/icyphy/ptII/ptolemy/domains/continuous/test/auto/ContinuousInDEDifferentRefinementsPreemptive.xml (RunModel)" time="0.103" />
  <testcase classname="ptolemy.util.test.junit.AutoTests" name="[30] /home/travis/build/icyphy/ptII/ptolemy/domains/continuous/test/auto/ContinuousInDEInContinuous2.xml (RunModel)" time="0.064" />
  <testcase classname="ptolemy.util.test.junit.AutoTests" name="[31] /home/travis/build/icyphy/ptII/ptolemy/domains/continuous/test/auto/ContinuousInDEInContinuous3.xml (RunModel)" time="0.063" />
  <testcase classname="ptolemy.util.test.junit.AutoTests" name="[32] /home/travis/build/icyphy/ptII/ptolemy/domains/continuous/test/auto/ContinuousInDEInput.xml (RunModel)" time="0.042" />
  <testcase classname="ptolemy.util.test.junit.AutoTests" name="[33] /home/travis/build/icyphy/ptII/ptolemy/domains/continuous/test/auto/ContinuousInDEInput2.xml (RunModel)" time="0.035" />
  <testcase classname="ptolemy.util.test.junit.AutoTests" name="[34] /home/travis/build/icyphy/ptII/ptolemy/domains/continuous/test/auto/ContinuousInDEInput3.xml (RunModel)" time="0.033" />
  <testcase classname="ptolemy.util.test.junit.AutoTests" name="[35] /home/travis/build/icyphy/ptII/ptolemy/domains/continuous/test/auto/ContinuousInDESharingRefinement.xml (RunModel)" time="0.2" />
  <testcase classname="ptolemy.util.test.junit.AutoTests" name="[36] /home/travis/build/icyphy/ptII/ptolemy/domains/continuous/test/auto/ContinuousInDEwithNoPorts.xml (RunModel)" time="0.015" />
  <testcase classname="ptolemy.util.test.junit.AutoTests" name="[37] /home/travis/build/icyphy/ptII/ptolemy/domains/continuous/test/auto/ContinuousInsideDE.xml (RunModel)" time="0.075" />
  <testcase classname="ptolemy.util.test.junit.AutoTests" name="[38] /home/travis/build/icyphy/ptII/ptolemy/domains/continuous/test/auto/ContinuousMerge1.xml (RunModel)" time="0.015" />
  <testcase classname="ptolemy.util.test.junit.AutoTests" name="[39] /home/travis/build/icyphy/ptII/ptolemy/domains/continuous/test/auto/ContinuousMerge2.xml (RunModel)" time="0.038" />
  <testcase classname="ptolemy.util.test.junit.AutoTests" name="[40] /home/travis/build/icyphy/ptII/ptolemy/domains/continuous/test/auto/ContinuousMerge3.xml (RunModel)" time="0.065" />
  <testcase classname="ptolemy.util.test.junit.AutoTests" name="[41] /home/travis/build/icyphy/ptII/ptolemy/domains/continuous/test/auto/ContinuousWithinContinuous.xml (RunModel)" time="0.062" />
  <testcase classname="ptolemy.util.test.junit.AutoTests" name="[42] /home/travis/build/icyphy/ptII/ptolemy/domains/continuous/test/auto/ContinuousWithinContinuous2.xml (RunModel)" time="0.081" />
  <testcase classname="ptolemy.util.test.junit.AutoTests" name="[43] /home/travis/build/icyphy/ptII/ptolemy/domains/continuous/test/auto/ContinuousWithinContinuous3.xml (RunModel)" time="0.026" />
  <testcase classname="ptolemy.util.test.junit.AutoTests" name="[44] /home/travis/build/icyphy/ptII/ptolemy/domains/continuous/test/auto/ContinuousWithinContinuous4.xml (RunModel)" time="0.079" />
  <testcase classname="ptolemy.util.test.junit.AutoTests" name="[45] /home/travis/build/icyphy/ptII/ptolemy/domains/continuous/test/auto/ContinuousWithinContinuous5.xml (RunModel)" time="0.026" />
  <testcase classname="ptolemy.util.test.junit.AutoTests" name="[46] /home/travis/build/icyphy/ptII/ptolemy/domains/continuous/test/auto/ContinuousWithinContinuous6.xml (RunModel)" time="0.026" />
  <testcase classname="ptolemy.util.test.junit.AutoTests" name="[47] /home/travis/build/icyphy/ptII/ptolemy/domains/continuous/test/auto/ContinuousWithinContinuous7.xml (RunModel)" time="0.068" />
  <testcase classname="ptolemy.util.test.junit.AutoTests" name="[48] /home/travis/build/icyphy/ptII/ptolemy/domains/continuous/test/auto/DCMotor.xml (RunModel)" time="13.276" />
  <testcase classname="ptolemy.util.test.junit.AutoTests" name="[49] /home/travis/build/icyphy/ptII/ptolemy/domains/continuous/test/auto/DEInContinuous.xml (RunModel)" time="0.046" />
  <testcase classname="ptolemy.util.test.junit.AutoTests" name="[50] /home/travis/build/icyphy/ptII/ptolemy/domains/continuous/test/auto/DEinContinuous2.xml (RunModel)" time="0.046" />
  <testcase classname="ptolemy.util.test.junit.AutoTests" name="[51] /home/travis/build/icyphy/ptII/ptolemy/domains/continuous/test/auto/Derivative.xml (RunModel)" time="0.2" />
  <testcase classname="ptolemy.util.test.junit.AutoTests" name="[52] /home/travis/build/icyphy/ptII/ptolemy/domains/continuous/test/auto/Derivative1.xml (RunModel)" time="0.067" />
  <testcase classname="ptolemy.util.test.junit.AutoTests" name="[53] /home/travis/build/icyphy/ptII/ptolemy/domains/continuous/test/auto/DiscreteClock.xml (RunModel)" time="0.019" />
  <testcase classname="ptolemy.util.test.junit.AutoTests" name="[54] /home/travis/build/icyphy/ptII/ptolemy/domains/continuous/test/auto/EfficiencyCurve.xml (RunModel)" time="0.122" />
  <testcase classname="ptolemy.util.test.junit.AutoTests" name="[55] /home/travis/build/icyphy/ptII/ptolemy/domains/continuous/test/auto/ExponentialResponse.xml (RunModel)" time="0.119" />
  <testcase classname="ptolemy.util.test.junit.AutoTests" name="[56] /home/travis/build/icyphy/ptII/ptolemy/domains/continuous/test/auto/ExponentialResponseRK45.xml (RunModel)" time="0.034" />
  <testcase classname="ptolemy.util.test.junit.AutoTests" name="[57] /home/travis/build/icyphy/ptII/ptolemy/domains/continuous/test/auto/Friction.xml (RunModel)" time="1.443" />
  <testcase classname="ptolemy.util.test.junit.AutoTests" name="[58] /home/travis/build/icyphy/ptII/ptolemy/domains/continuous/test/auto/FurutaPendulum.xml (RunModel)" time="3.083" />
  <testcase classname="ptolemy.util.test.junit.AutoTests" name="[59] /home/travis/build/icyphy/ptII/ptolemy/domains/continuous/test/auto/HierarchicalExecution.xml (RunModel)" time="1.884" />
  <testcase classname="ptolemy.util.test.junit.AutoTests" name="[60] /home/travis/build/icyphy/ptII/ptolemy/domains/continuous/test/auto/HybridPlant.xml (RunModel)" time="0.528" />
  <testcase classname="ptolemy.util.test.junit.AutoTests" name="[61] /home/travis/build/icyphy/ptII/ptolemy/domains/continuous/test/auto/Hysteresis.xml (RunModel)" time="0.185" />
  <testcase classname="ptolemy.util.test.junit.AutoTests" name="[62] /home/travis/build/icyphy/ptII/ptolemy/domains/continuous/test/auto/HysteresisWithRandomDelay.xml (RunModel)" time="0.208" />
  <testcase classname="ptolemy.util.test.junit.AutoTests" name="[63] /home/travis/build/icyphy/ptII/ptolemy/domains/continuous/test/auto/HysteresisWithRandomLosses.xml (RunModel)" time="2.272" />
  <testcase classname="ptolemy.util.test.junit.AutoTests" name="[64] /home/travis/build/icyphy/ptII/ptolemy/domains/continuous/test/auto/ImmediateTransitions.xml (RunModel)" time="0.027" />
  <testcase classname="ptolemy.util.test.junit.AutoTests" name="[65] /home/travis/build/icyphy/ptII/ptolemy/domains/continuous/test/auto/ImpulseFeedback.xml (RunModel)" time="0.015" />
  <testcase classname="ptolemy.util.test.junit.AutoTests" name="[66] /home/travis/build/icyphy/ptII/ptolemy/domains/continuous/test/auto/ImpulseFeedback2.xml (RunModel)" time="0.019" />
  <testcase classname="ptolemy.util.test.junit.AutoTests" name="[67] /home/travis/build/icyphy/ptII/ptolemy/domains/continuous/test/auto/IncreasingRatePoisson.xml (RunModel)" time="0.675" />
  <testcase classname="ptolemy.util.test.junit.AutoTests" name="[68] /home/travis/build/icyphy/ptII/ptolemy/domains/continuous/test/auto/InitialStateFeedback.xml (RunModel)" time="0.019" />
  <testcase classname="ptolemy.util.test.junit.AutoTests" name="[69] /home/travis/build/icyphy/ptII/ptolemy/domains/continuous/test/auto/Integration.xml (RunModel)" time="0.013" />
  <testcase classname="ptolemy.util.test.junit.AutoTests" name="[70] /home/travis/build/icyphy/ptII/ptolemy/domains/continuous/test/auto/Integration2.xml (RunModel)" time="0.087" />
  <testcase classname="ptolemy.util.test.junit.AutoTests" name="[71] /home/travis/build/icyphy/ptII/ptolemy/domains/continuous/test/auto/Integration3.xml (RunModel)" time="0.013" />
  <testcase classname="ptolemy.util.test.junit.AutoTests" name="[72] /home/travis/build/icyphy/ptII/ptolemy/domains/continuous/test/auto/Integration5.xml (RunModel)" time="0.022" />
  <testcase classname="ptolemy.util.test.junit.AutoTests" name="[73] /home/travis/build/icyphy/ptII/ptolemy/domains/continuous/test/auto/IntegratorImpulse.xml (RunModel)" time="0.012" />
  <testcase classname="ptolemy.util.test.junit.AutoTests" name="[74] /home/travis/build/icyphy/ptII/ptolemy/domains/continuous/test/auto/IntegratorImpulse2.xml (RunModel)" time="0.012" />
  <testcase classname="ptolemy.util.test.junit.AutoTests" name="[75] /home/travis/build/icyphy/ptII/ptolemy/domains/continuous/test/auto/LevelCrossing1.xml (RunModel)" time="0.011" />
  <testcase classname="ptolemy.util.test.junit.AutoTests" name="[76] /home/travis/build/icyphy/ptII/ptolemy/domains/continuous/test/auto/LevelCrossing2.xml (RunModel)" time="0.016" />
  <testcase classname="ptolemy.util.test.junit.AutoTests" name="[77] /home/travis/build/icyphy/ptII/ptolemy/domains/continuous/test/auto/LevelCrossing3.xml (RunModel)" time="0.012" />
  <testcase classname="ptolemy.util.test.junit.AutoTests" name="[78] /home/travis/build/icyphy/ptII/ptolemy/domains/continuous/test/auto/LevelCrossing4.xml (RunModel)" time="0.012" />
  <testcase classname="ptolemy.util.test.junit.AutoTests" name="[79] /home/travis/build/icyphy/ptII/ptolemy/domains/continuous/test/auto/LevelCrossing5.xml (RunModel)" time="0.015" />
  <testcase classname="ptolemy.util.test.junit.AutoTests" name="[80] /home/travis/build/icyphy/ptII/ptolemy/domains/continuous/test/auto/LevelCrossing6.xml (RunModel)" time="0.02" />
  <testcase classname="ptolemy.util.test.junit.AutoTests" name="[81] /home/travis/build/icyphy/ptII/ptolemy/domains/continuous/test/auto/LevelCrossingDetector.xml (RunModel)" time="0.043" />
  <testcase classname="ptolemy.util.test.junit.AutoTests" name="[82] /home/travis/build/icyphy/ptII/ptolemy/domains/continuous/test/auto/LevelCrossingDetectorDetectingDirections.xml (RunModel)" time="0.079" />
  <testcase classname="ptolemy.util.test.junit.AutoTests" name="[83] /home/travis/build/icyphy/ptII/ptolemy/domains/continuous/test/auto/LevelCrossingDetectorDetectsGlitches.xml (RunModel)" time="0.051" />
  <testcase classname="ptolemy.util.test.junit.AutoTests" name="[84] /home/travis/build/icyphy/ptII/ptolemy/domains/continuous/test/auto/LevelCrossingNoInitialOuput.xml (RunModel)" time="0.011" />
  <testcase classname="ptolemy.util.test.junit.AutoTests" name="[85] /home/travis/build/icyphy/ptII/ptolemy/domains/continuous/test/auto/LinearStateSpaceExample.xml (RunModel)" time="0.052" />
  <testcase classname="ptolemy.util.test.junit.AutoTests" name="[86] /home/travis/build/icyphy/ptII/ptolemy/domains/continuous/test/auto/Lorenz.xml (RunModel)" time="3.9" />
  <testcase classname="ptolemy.util.test.junit.AutoTests" name="[87] /home/travis/build/icyphy/ptII/ptolemy/domains/continuous/test/auto/LorenzDifferentialSystem.xml (RunModel)" time="1.094" />
  <testcase classname="ptolemy.util.test.junit.AutoTests" name="[88] /home/travis/build/icyphy/ptII/ptolemy/domains/continuous/test/auto/LorenzDifferentialSystemWithInput.xml (RunModel)" time="1.325" />
  <testcase classname="ptolemy.util.test.junit.AutoTests" name="[89] /home/travis/build/icyphy/ptII/ptolemy/domains/continuous/test/auto/LorenzDifferentialSystemWithTime.xml (RunModel)" time="0.749" />
  <testcase classname="ptolemy.util.test.junit.AutoTests" name="[90] /home/travis/build/icyphy/ptII/ptolemy/domains/continuous/test/auto/Microsteps.xml (RunModel)" time="0.017" />
  <testcase classname="ptolemy.util.test.junit.AutoTests" name="[91] /home/travis/build/icyphy/ptII/ptolemy/domains/continuous/test/auto/Modal1.xml (RunModel)" time="0.052" />
  <testcase classname="ptolemy.util.test.junit.AutoTests" name="[92] /home/travis/build/icyphy/ptII/ptolemy/domains/continuous/test/auto/Modal2.xml (RunModel)" time="0.034" />
  <testcase classname="ptolemy.util.test.junit.AutoTests" name="[93] /home/travis/build/icyphy/ptII/ptolemy/domains/continuous/test/auto/ModalTransitionGuardWithReset.xml (RunModel)" time="0.021" />
  <testcase classname="ptolemy.util.test.junit.AutoTests" name="[94] /home/travis/build/icyphy/ptII/ptolemy/domains/continuous/test/auto/ModalTransitionGuardWithResetUsingPreemptiveTransition.xml (RunModel)" time="0.027" />
  <testcase classname="ptolemy.util.test.junit.AutoTests" name="[95] /home/travis/build/icyphy/ptII/ptolemy/domains/continuous/test/auto/ModalTransitionGuardWithResetUsingPreemptiveTransition2.xml (RunModel)" time="0.025" />
  <testcase classname="ptolemy.util.test.junit.AutoTests" name="[96] /home/travis/build/icyphy/ptII/ptolemy/domains/continuous/test/auto/ModalTransitionGuardWithResetUsingPreemptiveTransition3.xml (RunModel)" time="0.03" />
  <testcase classname="ptolemy.util.test.junit.AutoTests" name="[97] /home/travis/build/icyphy/ptII/ptolemy/domains/continuous/test/auto/NewtonsCradle.xml (RunModel)" time="0.745" />
  <testcase classname="ptolemy.util.test.junit.AutoTests" name="[98] /home/travis/build/icyphy/ptII/ptolemy/domains/continuous/test/auto/NewtonsCradleAnimated.xml (RunModel)" time="1.015" />
  <testcase classname="ptolemy.util.test.junit.AutoTests" name="[99] /home/travis/build/icyphy/ptII/ptolemy/domains/continuous/test/auto/NewtonsCradleComplicated.xml (RunModel)" time="0.857" />
  <testcase classname="ptolemy.util.test.junit.AutoTests" name="[100] /home/travis/build/icyphy/ptII/ptolemy/domains/continuous/test/auto/NewtonsCradleNondeterministic.xml (RunModel)" time="0.604" />
  <testcase classname="ptolemy.util.test.junit.AutoTests" name="[101] /home/travis/build/icyphy/ptII/ptolemy/domains/continuous/test/auto/NewtonsCradlePerfectlyInelastic1.xml (RunModel)" time="1.167" />
  <testcase classname="ptolemy.util.test.junit.AutoTests" name="[102] /home/travis/build/icyphy/ptII/ptolemy/domains/continuous/test/auto/Noise.xml (RunModel)" time="0.172" />
  <testcase classname="ptolemy.util.test.junit.AutoTests" name="[103] /home/travis/build/icyphy/ptII/ptolemy/domains/continuous/test/auto/NoiseSpectrum.xml (RunModel)" time="0.735" />
  <testcase classname="ptolemy.util.test.junit.AutoTests" name="[104] /home/travis/build/icyphy/ptII/ptolemy/domains/continuous/test/auto/ParameterizedNewtonsCradleAnimated.xml (RunModel)" time="0.348" />
  <testcase classname="ptolemy.util.test.junit.AutoTests" name="[105] /home/travis/build/icyphy/ptII/ptolemy/domains/continuous/test/auto/ParameterizedNewtonsCradleAnimatedNondeterministic.xml (RunModel)" time="1.098" />
  <testcase classname="ptolemy.util.test.junit.AutoTests" name="[106] /home/travis/build/icyphy/ptII/ptolemy/domains/continuous/test/auto/Pendulum3D.xml (RunModel)" time="0.173" />
  <testcase classname="ptolemy.util.test.junit.AutoTests" name="[107] /home/travis/build/icyphy/ptII/ptolemy/domains/continuous/test/auto/PeriodicSampler.xml (RunModel)" time="0.012" />
  <testcase classname="ptolemy.util.test.junit.AutoTests" name="[108] /home/travis/build/icyphy/ptII/ptolemy/domains/continuous/test/auto/PeriodicSampler1.xml (RunModel)" time="0.047" />
  <testcase classname="ptolemy.util.test.junit.AutoTests" name="[109] /home/travis/build/icyphy/ptII/ptolemy/domains/continuous/test/auto/PeriodicSampler2.xml (RunModel)" time="0.067" />
  <testcase classname="ptolemy.util.test.junit.AutoTests" name="[110] /home/travis/build/icyphy/ptII/ptolemy/domains/continuous/test/auto/Poisson.xml (RunModel)" time="0.418" />
  <testcase classname="ptolemy.util.test.junit.AutoTests" name="[111] /home/travis/build/icyphy/ptII/ptolemy/domains/continuous/test/auto/PoissonClock.xml (RunModel)" time="0.011" />
  <testcase classname="ptolemy.util.test.junit.AutoTests" name="[112] /home/travis/build/icyphy/ptII/ptolemy/domains/continuous/test/auto/PoissonClock2.xml (RunModel)" time="0.012" />
  <testcase classname="ptolemy.util.test.junit.AutoTests" name="[113] /home/travis/build/icyphy/ptII/ptolemy/domains/continuous/test/auto/PortParameterHierarchy.xml (RunModel)" time="0.014" />
  <testcase classname="ptolemy.util.test.junit.AutoTests" name="[114] /home/travis/build/icyphy/ptII/ptolemy/domains/continuous/test/auto/RandomHybridPlant.xml (RunModel)" time="0.49" />
  <testcase classname="ptolemy.util.test.junit.AutoTests" name="[115] /home/travis/build/icyphy/ptII/ptolemy/domains/continuous/test/auto/ResetTransitionWithStartTime1.xml (RunModel)" time="0.034" />
  <testcase classname="ptolemy.util.test.junit.AutoTests" name="[116] /home/travis/build/icyphy/ptII/ptolemy/domains/continuous/test/auto/ResetTransitionWithStartTime2.xml (RunModel)" time="0.057" />
  <testcase classname="ptolemy.util.test.junit.AutoTests" name="[117] /home/travis/build/icyphy/ptII/ptolemy/domains/continuous/test/auto/ResetTransitionWithStartTime3.xml (RunModel)" time="0.039" />
  <testcase classname="ptolemy.util.test.junit.AutoTests" name="[118] /home/travis/build/icyphy/ptII/ptolemy/domains/continuous/test/auto/ResetTransitionWithStartTime4.xml (RunModel)" time="0.025" />
  <testcase classname="ptolemy.util.test.junit.AutoTests" name="[119] /home/travis/build/icyphy/ptII/ptolemy/domains/continuous/test/auto/ResetTransitionWithStartTime5.xml (RunModel)" time="0.037" />
  <testcase classname="ptolemy.util.test.junit.AutoTests" name="[120] /home/travis/build/icyphy/ptII/ptolemy/domains/continuous/test/auto/ResetTransitionWithStartTime6.xml (RunModel)" time="0.025" />
  <testcase classname="ptolemy.util.test.junit.AutoTests" name="[121] /home/travis/build/icyphy/ptII/ptolemy/domains/continuous/test/auto/SRinContinuous.xml (RunModel)" time="0.026" />
  <testcase classname="ptolemy.util.test.junit.AutoTests" name="[122] /home/travis/build/icyphy/ptII/ptolemy/domains/continuous/test/auto/SampledClocks.xml (RunModel)" time="0.031" />
  <testcase classname="ptolemy.util.test.junit.AutoTests" name="[123] /home/travis/build/icyphy/ptII/ptolemy/domains/continuous/test/auto/Satellite.xml (RunModel)" time="0.917" />
  <testcase classname="ptolemy.util.test.junit.AutoTests" name="[124] /home/travis/build/icyphy/ptII/ptolemy/domains/continuous/test/auto/SigmaDelta.xml (RunModel)" time="2.251" />
  <testcase classname="ptolemy.util.test.junit.AutoTests" name="[125] /home/travis/build/icyphy/ptII/ptolemy/domains/continuous/test/auto/SinuBouncingBall.xml (RunModel)" time="0.897" />
  <testcase classname="ptolemy.util.test.junit.AutoTests" name="[126] /home/travis/build/icyphy/ptII/ptolemy/domains/continuous/test/auto/Sinusoid.xml (RunModel)" time="0.016" />
  <testcase classname="ptolemy.util.test.junit.AutoTests" name="[127] /home/travis/build/icyphy/ptII/ptolemy/domains/continuous/test/auto/SinusoidInNoise.xml (RunModel)" time="0.883" />
  <testcase classname="ptolemy.util.test.junit.AutoTests" name="[128] /home/travis/build/icyphy/ptII/ptolemy/domains/continuous/test/auto/SinusoidRK45.xml (RunModel)" time="0.009" />
  <testcase classname="ptolemy.util.test.junit.AutoTests" name="[129] /home/travis/build/icyphy/ptII/ptolemy/domains/continuous/test/auto/SinusoidWithMultipleImpulses.xml (RunModel)" time="0.011" />
  <testcase classname="ptolemy.util.test.junit.AutoTests" name="[130] /home/travis/build/icyphy/ptII/ptolemy/domains/continuous/test/auto/SquareWave.xml (RunModel)" time="0.174" />
  <testcase classname="ptolemy.util.test.junit.AutoTests" name="[131] /home/travis/build/icyphy/ptII/ptolemy/domains/continuous/test/auto/Starmac.xml (RunModel)" time="3.349" />
  <testcase classname="ptolemy.util.test.junit.AutoTests" name="[132] /home/travis/build/icyphy/ptII/ptolemy/domains/continuous/test/auto/StaticUnits.xml (RunModel)" time="2.712" />
  <testcase classname="ptolemy.util.test.junit.AutoTests" name="[133] /home/travis/build/icyphy/ptII/ptolemy/domains/continuous/test/auto/StickyMasses.xml (RunModel)" time="0.187" />
  <testcase classname="ptolemy.util.test.junit.AutoTests" name="[134] /home/travis/build/icyphy/ptII/ptolemy/domains/continuous/test/auto/StopTime.xml (RunModel)" time="0.055" />
  <testcase classname="ptolemy.util.test.junit.AutoTests" name="[135] /home/travis/build/icyphy/ptII/ptolemy/domains/continuous/test/auto/StopTime2.xml (RunModel)" time="0.055" />
  <testcase classname="ptolemy.util.test.junit.AutoTests" name="[136] /home/travis/build/icyphy/ptII/ptolemy/domains/continuous/test/auto/Switch.xml (RunModel)" time="0.077" />
  <testcase classname="ptolemy.util.test.junit.AutoTests" name="[137] /home/travis/build/icyphy/ptII/ptolemy/domains/continuous/test/auto/Thermostat.xml (RunModel)" time="0.201" />
  <testcase classname="ptolemy.util.test.junit.AutoTests" name="[138] /home/travis/build/icyphy/ptII/ptolemy/domains/continuous/test/auto/TimeDelay.xml (RunModel)" time="0.013" />
  <testcase classname="ptolemy.util.test.junit.AutoTests" name="[139] /home/travis/build/icyphy/ptII/ptolemy/domains/continuous/test/auto/TimeDelay2.xml (RunModel)" time="0.019" />
  <testcase classname="ptolemy.util.test.junit.AutoTests" name="[140] /home/travis/build/icyphy/ptII/ptolemy/domains/continuous/test/auto/TimeDelay3.xml (RunModel)" time="0.012" />
  <testcase classname="ptolemy.util.test.junit.AutoTests" name="[141] /home/travis/build/icyphy/ptII/ptolemy/domains/continuous/test/auto/TransferAbsentToInside.xml (RunModel)" time="0.112" />
  <testcase classname="ptolemy.util.test.junit.AutoTests" name="[142] /home/travis/build/icyphy/ptII/ptolemy/domains/continuous/test/auto/Transmission.xml (RunModel)" time="0.697" />
  <testcase classname="ptolemy.util.test.junit.AutoTests" name="[143] /home/travis/build/icyphy/ptII/ptolemy/domains/continuous/test/auto/TriggeredContinuousClock.xml (RunModel)" time="0.076" />
  <testcase classname="ptolemy.util.test.junit.AutoTests" name="[144] /home/travis/build/icyphy/ptII/ptolemy/domains/continuous/test/auto/TwoMachineInfiniteBusControl.xml (RunModel)" time="2.705" />
  <testcase classname="ptolemy.util.test.junit.AutoTests" name="[145] /home/travis/build/icyphy/ptII/ptolemy/domains/continuous/test/auto/V2V.xml (RunModel)" time="0.796" />
  <testcase classname="ptolemy.util.test.junit.AutoTests" name="[146] /home/travis/build/icyphy/ptII/ptolemy/domains/continuous/test/auto/hierarchicalModalModel.xml (RunModel)" time="0.029" />
  <testcase classname="ptolemy.util.test.junit.AutoTests" name="[147] /home/travis/build/icyphy/ptII/ptolemy/domains/continuous/test/auto/hierarchicalModalModel1.xml (RunModel)" time="0.031" />
  <testcase classname="ptolemy.util.test.junit.AutoTests" name="[148] /home/travis/build/icyphy/ptII/ptolemy/domains/continuous/test/auto/hierarchicalModalModel2.xml (RunModel)" time="0.028" />
  <testcase classname="ptolemy.util.test.junit.AutoTests" name="[149] /home/travis/build/icyphy/ptII/ptolemy/domains/continuous/test/auto/hierarchicalModalModel3.xml (RunModel)" time="0.022" />
  <testcase classname="ptolemy.util.test.junit.AutoTests" name="[150] /home/travis/build/icyphy/ptII/ptolemy/domains/continuous/test/auto/hierarchicalModalModel4.xml (RunModel)" time="0.029" />
  <testcase classname="ptolemy.util.test.junit.AutoTests" name="[151] /home/travis/build/icyphy/ptII/ptolemy/domains/continuous/test/auto/junk.xml (RunModel)" time="0.159" />
  <system-out><![CDATA[No tcl tests in /home/travis/build/icyphy/ptII/ptolemy/domains/continuous/test
No auto/knownFailedTests/*.xml tests in /home/travis/build/icyphy/ptII/ptolemy/domains/continuous/test
No auto/linux-amd64/*.xml tests in /home/travis/build/icyphy/ptII/ptolemy/domains/continuous/test
AutoTests.java: About to close Vertx.
AutoTests.java: Vertx closed.

===========================================================================================
----------------- testing Sun Jun 17 01:19:49 UTC 2018 /home/travis/build/icyphy/ptII/ptolemy/domains/continuous/test/auto/BouncingBall.xml
----------------- Instantiating /home/travis/build/icyphy/ptII/ptolemy/domains/continuous/test/auto/BouncingBall.xml
2229 ms. Memory: 331776K Free: 254888K (77%)
----------------- Invoking toplevel() on ptolemy.moml.MoMLSimpleApplication@16818c76
----------------- Done invoking toplevel() on ptolemy.moml.MoMLSimpleApplication@16818c76
reloadAllAccessors: .BouncingBall

===========================================================================================
----------------- testing Sun Jun 17 01:19:51 UTC 2018 /home/travis/build/icyphy/ptII/ptolemy/domains/continuous/test/auto/BouncingBallWithoutGR.xml
----------------- Instantiating /home/travis/build/icyphy/ptII/ptolemy/domains/continuous/test/auto/BouncingBallWithoutGR.xml
773 ms. Memory: 331776K Free: 312675K (94%)
----------------- Invoking toplevel() on ptolemy.moml.MoMLSimpleApplication@ebd92ad
----------------- Done invoking toplevel() on ptolemy.moml.MoMLSimpleApplication@ebd92ad
reloadAllAccessors: .BouncingBallWithoutGR

===========================================================================================
----------------- testing Sun Jun 17 01:19:52 UTC 2018 /home/travis/build/icyphy/ptII/ptolemy/domains/continuous/test/auto/Brownian.xml
----------------- Instantiating /home/travis/build/icyphy/ptII/ptolemy/domains/continuous/test/auto/Brownian.xml
31 ms. Memory: 331776K Free: 298777K (90%)
----------------- Invoking toplevel() on ptolemy.moml.MoMLSimpleApplication@7e668719
----------------- Done invoking toplevel() on ptolemy.moml.MoMLSimpleApplication@7e668719
reloadAllAccessors: .Brownian

===========================================================================================
----------------- testing Sun Jun 17 01:19:52 UTC 2018 /home/travis/build/icyphy/ptII/ptolemy/domains/continuous/test/auto/CarTracking.xml
----------------- Instantiating /home/travis/build/icyphy/ptII/ptolemy/domains/continuous/test/auto/CarTracking.xml
3236 ms. Memory: 578048K Free: 440312K (76%)
----------------- Invoking toplevel() on ptolemy.moml.MoMLSimpleApplication@1577a3b3
----------------- Done invoking toplevel() on ptolemy.moml.MoMLSimpleApplication@1577a3b3
reloadAllAccessors: .CarTracking

===========================================================================================
----------------- testing Sun Jun 17 01:19:56 UTC 2018 /home/travis/build/icyphy/ptII/ptolemy/domains/continuous/test/auto/CartPendulum.xml
----------------- Instantiating /home/travis/build/icyphy/ptII/ptolemy/domains/continuous/test/auto/CartPendulum.xml
379 ms. Memory: 578048K Free: 335698K (58%)
----------------- Invoking toplevel() on ptolemy.moml.MoMLSimpleApplication@6c8f8748
----------------- Done invoking toplevel() on ptolemy.moml.MoMLSimpleApplication@6c8f8748
reloadAllAccessors: .CartPendulum

===========================================================================================
----------------- testing Sun Jun 17 01:19:56 UTC 2018 /home/travis/build/icyphy/ptII/ptolemy/domains/continuous/test/auto/CausalityInterface10.xml
----------------- Instantiating /home/travis/build/icyphy/ptII/ptolemy/domains/continuous/test/auto/CausalityInterface10.xml
7 ms. Memory: 578048K Free: 319298K (55%)
----------------- Invoking toplevel() on ptolemy.moml.MoMLSimpleApplication@2bb475c8
----------------- Done invoking toplevel() on ptolemy.moml.MoMLSimpleApplication@2bb475c8
reloadAllAccessors: .CausalityInterface10

===========================================================================================
----------------- testing Sun Jun 17 01:19:56 UTC 2018 /home/travis/build/icyphy/ptII/ptolemy/domains/continuous/test/auto/CausalityInterface11.xml
----------------- Instantiating /home/travis/build/icyphy/ptII/ptolemy/domains/continuous/test/auto/CausalityInterface11.xml
8 ms. Memory: 578048K Free: 309452K (54%)
----------------- Invoking toplevel() on ptolemy.moml.MoMLSimpleApplication@72717d55
----------------- Done invoking toplevel() on ptolemy.moml.MoMLSimpleApplication@72717d55
reloadAllAccessors: .CausalityInterface11

===========================================================================================
----------------- testing Sun Jun 17 01:19:56 UTC 2018 /home/travis/build/icyphy/ptII/ptolemy/domains/continuous/test/auto/CausalityInterface12.xml
----------------- Instantiating /home/travis/build/icyphy/ptII/ptolemy/domains/continuous/test/auto/CausalityInterface12.xml
12 ms. Memory: 578048K Free: 299605K (52%)
----------------- Invoking toplevel() on ptolemy.moml.MoMLSimpleApplication@70d8f250
----------------- Done invoking toplevel() on ptolemy.moml.MoMLSimpleApplication@70d8f250
reloadAllAccessors: .CausalityInterface12

===========================================================================================
----------------- testing Sun Jun 17 01:19:57 UTC 2018 /home/travis/build/icyphy/ptII/ptolemy/domains/continuous/test/auto/CausalityInterface13.xml
----------------- Instantiating /home/travis/build/icyphy/ptII/ptolemy/domains/continuous/test/auto/CausalityInterface13.xml
3 ms. Memory: 578048K Free: 286612K (50%)
----------------- Invoking toplevel() on ptolemy.moml.MoMLSimpleApplication@56b36d4a
----------------- Done invoking toplevel() on ptolemy.moml.MoMLSimpleApplication@56b36d4a
reloadAllAccessors: .CausalityInterface13

===========================================================================================
----------------- testing Sun Jun 17 01:19:57 UTC 2018 /home/travis/build/icyphy/ptII/ptolemy/domains/continuous/test/auto/CausalityInterface14.xml
----------------- Instantiating /home/travis/build/icyphy/ptII/ptolemy/domains/continuous/test/auto/CausalityInterface14.xml
2 ms. Memory: 578048K Free: 276773K (48%)
----------------- Invoking toplevel() on ptolemy.moml.MoMLSimpleApplication@71449289
----------------- Done invoking toplevel() on ptolemy.moml.MoMLSimpleApplication@71449289
reloadAllAccessors: .CausalityInterface14

===========================================================================================
----------------- testing Sun Jun 17 01:19:57 UTC 2018 /home/travis/build/icyphy/ptII/ptolemy/domains/continuous/test/auto/CausalityInterface4.xml
----------------- Instantiating /home/travis/build/icyphy/ptII/ptolemy/domains/continuous/test/auto/CausalityInterface4.xml
3 ms. Memory: 578048K Free: 266927K (46%)
----------------- Invoking toplevel() on ptolemy.moml.MoMLSimpleApplication@29ce55b3
----------------- Done invoking toplevel() on ptolemy.moml.MoMLSimpleApplication@29ce55b3
reloadAllAccessors: .CausalityInterface4

===========================================================================================
----------------- testing Sun Jun 17 01:19:57 UTC 2018 /home/travis/build/icyphy/ptII/ptolemy/domains/continuous/test/auto/CausalityInterface5.xml
----------------- Instantiating /home/travis/build/icyphy/ptII/ptolemy/domains/continuous/test/auto/CausalityInterface5.xml
3 ms. Memory: 578048K Free: 253804K (44%)
----------------- Invoking toplevel() on ptolemy.moml.MoMLSimpleApplication@4e77486c
----------------- Done invoking toplevel() on ptolemy.moml.MoMLSimpleApplication@4e77486c
reloadAllAccessors: .CausalityInterface5

===========================================================================================
----------------- testing Sun Jun 17 01:19:57 UTC 2018 /home/travis/build/icyphy/ptII/ptolemy/domains/continuous/test/auto/CausalityInterface6.xml
----------------- Instantiating /home/travis/build/icyphy/ptII/ptolemy/domains/continuous/test/auto/CausalityInterface6.xml
9 ms. Memory: 578048K Free: 230971K (40%)
----------------- Invoking toplevel() on ptolemy.moml.MoMLSimpleApplication@287d1d21
----------------- Done invoking toplevel() on ptolemy.moml.MoMLSimpleApplication@287d1d21
reloadAllAccessors: .CausalityInterface6

===========================================================================================
----------------- testing Sun Jun 17 01:19:57 UTC 2018 /home/travis/build/icyphy/ptII/ptolemy/domains/continuous/test/auto/CausalityInterface7.xml
----------------- Instantiating /home/travis/build/icyphy/ptII/ptolemy/domains/continuous/test/auto/CausalityInterface7.xml
15 ms. Memory: 578048K Free: 217856K (38%)
----------------- Invoking toplevel() on ptolemy.moml.MoMLSimpleApplication@231b0ea7
----------------- Done invoking toplevel() on ptolemy.moml.MoMLSimpleApplication@231b0ea7
reloadAllAccessors: .CausalityInterface7

===========================================================================================
----------------- testing Sun Jun 17 01:19:57 UTC 2018 /home/travis/build/icyphy/ptII/ptolemy/domains/continuous/test/auto/CausalityInterface8.xml
----------------- Instantiating /home/travis/build/icyphy/ptII/ptolemy/domains/continuous/test/auto/CausalityInterface8.xml
9 ms. Memory: 578048K Free: 204749K (35%)
----------------- Invoking toplevel() on ptolemy.moml.MoMLSimpleApplication@61b58981
----------------- Done invoking toplevel() on ptolemy.moml.MoMLSimpleApplication@61b58981
reloadAllAccessors: .CausalityInterface8

===========================================================================================
----------------- testing Sun Jun 17 01:19:57 UTC 2018 /home/travis/build/icyphy/ptII/ptolemy/domains/continuous/test/auto/CausalityInterface9.xml
----------------- Instantiating /home/travis/build/icyphy/ptII/ptolemy/domains/continuous/test/auto/CausalityInterface9.xml
7 ms. Memory: 578048K Free: 188340K (33%)
----------------- Invoking toplevel() on ptolemy.moml.MoMLSimpleApplication@78324ecc
----------------- Done invoking toplevel() on ptolemy.moml.MoMLSimpleApplication@78324ecc
reloadAllAccessors: .CausalityInterface9

===========================================================================================
----------------- testing Sun Jun 17 01:19:57 UTC 2018 /home/travis/build/icyphy/ptII/ptolemy/domains/continuous/test/auto/CausalityInterfaceFeedback1.xml
----------------- Instantiating /home/travis/build/icyphy/ptII/ptolemy/domains/continuous/test/auto/CausalityInterfaceFeedback1.xml
5 ms. Memory: 578048K Free: 175330K (30%)
----------------- Invoking toplevel() on ptolemy.moml.MoMLSimpleApplication@7d7e4d39
----------------- Done invoking toplevel() on ptolemy.moml.MoMLSimpleApplication@7d7e4d39
reloadAllAccessors: .CausalityInterfaceFeedback1

===========================================================================================
----------------- testing Sun Jun 17 01:19:57 UTC 2018 /home/travis/build/icyphy/ptII/ptolemy/domains/continuous/test/auto/CausalityInterfaceFeedback2.xml
----------------- Instantiating /home/travis/build/icyphy/ptII/ptolemy/domains/continuous/test/auto/CausalityInterfaceFeedback2.xml
4 ms. Memory: 578048K Free: 165484K (29%)
----------------- Invoking toplevel() on ptolemy.moml.MoMLSimpleApplication@7b26a3fb
----------------- Done invoking toplevel() on ptolemy.moml.MoMLSimpleApplication@7b26a3fb
reloadAllAccessors: .CausalityInterfaceFeedback2

===========================================================================================
----------------- testing Sun Jun 17 01:19:57 UTC 2018 /home/travis/build/icyphy/ptII/ptolemy/domains/continuous/test/auto/CompareWithCurrentTime.xml
----------------- Instantiating /home/travis/build/icyphy/ptII/ptolemy/domains/continuous/test/auto/CompareWithCurrentTime.xml
4 ms. Memory: 578048K Free: 158930K (27%)
----------------- Invoking toplevel() on ptolemy.moml.MoMLSimpleApplication@5dd0f5b3
----------------- Done invoking toplevel() on ptolemy.moml.MoMLSimpleApplication@5dd0f5b3
reloadAllAccessors: .CompareWithCurrentTime

===========================================================================================
----------------- testing Sun Jun 17 01:19:57 UTC 2018 /home/travis/build/icyphy/ptII/ptolemy/domains/continuous/test/auto/ComparedClocks.xml
----------------- Instantiating /home/travis/build/icyphy/ptII/ptolemy/domains/continuous/test/auto/ComparedClocks.xml
8 ms. Memory: 578048K Free: 139253K (24%)
----------------- Invoking toplevel() on ptolemy.moml.MoMLSimpleApplication@51750fef
----------------- Done invoking toplevel() on ptolemy.moml.MoMLSimpleApplication@51750fef
reloadAllAccessors: .ComparedClocks

===========================================================================================
----------------- testing Sun Jun 17 01:19:57 UTC 2018 /home/travis/build/icyphy/ptII/ptolemy/domains/continuous/test/auto/ContinuousAOCClone.xml
----------------- Instantiating /home/travis/build/icyphy/ptII/ptolemy/domains/continuous/test/auto/ContinuousAOCClone.xml
2486 ms. Memory: 872960K Free: 375629K (43%)
----------------- Invoking toplevel() on ptolemy.moml.MoMLSimpleApplication@45a8f111
----------------- Done invoking toplevel() on ptolemy.moml.MoMLSimpleApplication@45a8f111
reloadAllAccessors: .ContinuousAOCClone

===========================================================================================
----------------- testing Sun Jun 17 01:20:00 UTC 2018 /home/travis/build/icyphy/ptII/ptolemy/domains/continuous/test/auto/ContinuousClock.xml
----------------- Instantiating /home/travis/build/icyphy/ptII/ptolemy/domains/continuous/test/auto/ContinuousClock.xml
32 ms. Memory: 872960K Free: 345994K (40%)
----------------- Invoking toplevel() on ptolemy.moml.MoMLSimpleApplication@47881646
----------------- Done invoking toplevel() on ptolemy.moml.MoMLSimpleApplication@47881646
reloadAllAccessors: .ContinuousClock

===========================================================================================
----------------- testing Sun Jun 17 01:20:00 UTC 2018 /home/travis/build/icyphy/ptII/ptolemy/domains/continuous/test/auto/ContinuousInContinuous.xml
----------------- Instantiating /home/travis/build/icyphy/ptII/ptolemy/domains/continuous/test/auto/ContinuousInContinuous.xml
44 ms. Memory: 872960K Free: 314525K (36%)
----------------- Invoking toplevel() on ptolemy.moml.MoMLSimpleApplication@3d30c6e8
----------------- Done invoking toplevel() on ptolemy.moml.MoMLSimpleApplication@3d30c6e8
reloadAllAccessors: .ContinuousInContinuous

===========================================================================================
----------------- testing Sun Jun 17 01:20:00 UTC 2018 /home/travis/build/icyphy/ptII/ptolemy/domains/continuous/test/auto/ContinuousInContinuousInContinuous.xml
----------------- Instantiating /home/travis/build/icyphy/ptII/ptolemy/domains/continuous/test/auto/ContinuousInContinuousInContinuous.xml
8 ms. Memory: 872960K Free: 298791K (34%)
----------------- Invoking toplevel() on ptolemy.moml.MoMLSimpleApplication@6dad1bd0
----------------- Done invoking toplevel() on ptolemy.moml.MoMLSimpleApplication@6dad1bd0
reloadAllAccessors: .ContinuousInContinuousInContinuous

===========================================================================================
----------------- testing Sun Jun 17 01:20:00 UTC 2018 /home/travis/build/icyphy/ptII/ptolemy/domains/continuous/test/auto/ContinuousInDE.xml
----------------- Instantiating /home/travis/build/icyphy/ptII/ptolemy/domains/continuous/test/auto/ContinuousInDE.xml
111 ms. Memory: 872960K Free: 283072K (32%)
----------------- Invoking toplevel() on ptolemy.moml.MoMLSimpleApplication@570cd57b
----------------- Done invoking toplevel() on ptolemy.moml.MoMLSimpleApplication@570cd57b
reloadAllAccessors: .ContinuousInDE

===========================================================================================
----------------- testing Sun Jun 17 01:20:00 UTC 2018 /home/travis/build/icyphy/ptII/ptolemy/domains/continuous/test/auto/ContinuousInDE2.xml
----------------- Instantiating /home/travis/build/icyphy/ptII/ptolemy/domains/continuous/test/auto/ContinuousInDE2.xml
45 ms. Memory: 872960K Free: 263925K (30%)
----------------- Invoking toplevel() on ptolemy.moml.MoMLSimpleApplication@6f6575e
----------------- Done invoking toplevel() on ptolemy.moml.MoMLSimpleApplication@6f6575e
reloadAllAccessors: .ContinuousInDE2

===========================================================================================
----------------- testing Sun Jun 17 01:20:00 UTC 2018 /home/travis/build/icyphy/ptII/ptolemy/domains/continuous/test/auto/ContinuousInDE3.xml
----------------- Instantiating /home/travis/build/icyphy/ptII/ptolemy/domains/continuous/test/auto/ContinuousInDE3.xml
44 ms. Memory: 872960K Free: 248206K (28%)
----------------- Invoking toplevel() on ptolemy.moml.MoMLSimpleApplication@4784310
----------------- Done invoking toplevel() on ptolemy.moml.MoMLSimpleApplication@4784310
reloadAllAccessors: .ContinuousInDE3

===========================================================================================
----------------- testing Sun Jun 17 01:20:00 UTC 2018 /home/travis/build/icyphy/ptII/ptolemy/domains/continuous/test/auto/ContinuousInDE4.xml
----------------- Instantiating /home/travis/build/icyphy/ptII/ptolemy/domains/continuous/test/auto/ContinuousInDE4.xml
16 ms. Memory: 872960K Free: 237727K (27%)
----------------- Invoking toplevel() on ptolemy.moml.MoMLSimpleApplication@172e5e22
----------------- Done invoking toplevel() on ptolemy.moml.MoMLSimpleApplication@172e5e22
reloadAllAccessors: .ContinuousInDE4

===========================================================================================
----------------- testing Sun Jun 17 01:20:00 UTC 2018 /home/travis/build/icyphy/ptII/ptolemy/domains/continuous/test/auto/ContinuousInDEDifferentRefinements.xml
----------------- Instantiating /home/travis/build/icyphy/ptII/ptolemy/domains/continuous/test/auto/ContinuousInDEDifferentRefinements.xml
58 ms. Memory: 872960K Free: 201011K (23%)
----------------- Invoking toplevel() on ptolemy.moml.MoMLSimpleApplication@79de59b0
----------------- Done invoking toplevel() on ptolemy.moml.MoMLSimpleApplication@79de59b0
reloadAllAccessors: .ContinuousInDEDifferentRefinements

===========================================================================================
----------------- testing Sun Jun 17 01:20:00 UTC 2018 /home/travis/build/icyphy/ptII/ptolemy/domains/continuous/test/auto/ContinuousInDEDifferentRefinementsPreemptive.xml
----------------- Instantiating /home/travis/build/icyphy/ptII/ptolemy/domains/continuous/test/auto/ContinuousInDEDifferentRefinementsPreemptive.xml
58 ms. Memory: 872960K Free: 160849K (18%)
----------------- Invoking toplevel() on ptolemy.moml.MoMLSimpleApplication@25637ebe
----------------- Done invoking toplevel() on ptolemy.moml.MoMLSimpleApplication@25637ebe
reloadAllAccessors: .ContinuousInDEDifferentRefinementsPreemptive

===========================================================================================
----------------- testing Sun Jun 17 01:20:01 UTC 2018 /home/travis/build/icyphy/ptII/ptolemy/domains/continuous/test/auto/ContinuousInDEInContinuous2.xml
----------------- Instantiating /home/travis/build/icyphy/ptII/ptolemy/domains/continuous/test/auto/ContinuousInDEInContinuous2.xml
37 ms. Memory: 872960K Free: 145115K (17%)
----------------- Invoking toplevel() on ptolemy.moml.MoMLSimpleApplication@25d746e4
----------------- Done invoking toplevel() on ptolemy.moml.MoMLSimpleApplication@25d746e4
reloadAllAccessors: .ContinuousInDEInContinuous2

===========================================================================================
----------------- testing Sun Jun 17 01:20:01 UTC 2018 /home/travis/build/icyphy/ptII/ptolemy/domains/continuous/test/auto/ContinuousInDEInContinuous3.xml
----------------- Instantiating /home/travis/build/icyphy/ptII/ptolemy/domains/continuous/test/auto/ContinuousInDEInContinuous3.xml
36 ms. Memory: 872960K Free: 124140K (14%)
----------------- Invoking toplevel() on ptolemy.moml.MoMLSimpleApplication@233d3461
----------------- Done invoking toplevel() on ptolemy.moml.MoMLSimpleApplication@233d3461
reloadAllAccessors: .ContinuousInDEInContinuous3

===========================================================================================
----------------- testing Sun Jun 17 01:20:01 UTC 2018 /home/travis/build/icyphy/ptII/ptolemy/domains/continuous/test/auto/ContinuousInDEInput.xml
----------------- Instantiating /home/travis/build/icyphy/ptII/ptolemy/domains/continuous/test/auto/ContinuousInDEInput.xml
23 ms. Memory: 872960K Free: 113661K (13%)
----------------- Invoking toplevel() on ptolemy.moml.MoMLSimpleApplication@61b7816b
----------------- Done invoking toplevel() on ptolemy.moml.MoMLSimpleApplication@61b7816b
reloadAllAccessors: .ContinuousInDEInput

===========================================================================================
----------------- testing Sun Jun 17 01:20:01 UTC 2018 /home/travis/build/icyphy/ptII/ptolemy/domains/continuous/test/auto/ContinuousInDEInput2.xml
----------------- Instantiating /home/travis/build/icyphy/ptII/ptolemy/domains/continuous/test/auto/ContinuousInDEInput2.xml
15 ms. Memory: 872960K Free: 99745K (11%)
----------------- Invoking toplevel() on ptolemy.moml.MoMLSimpleApplication@4a62a789
----------------- Done invoking toplevel() on ptolemy.moml.MoMLSimpleApplication@4a62a789
reloadAllAccessors: .ContinuousInDEInput2

===========================================================================================
----------------- testing Sun Jun 17 01:20:01 UTC 2018 /home/travis/build/icyphy/ptII/ptolemy/domains/continuous/test/auto/ContinuousInDEInput3.xml
----------------- Instantiating /home/travis/build/icyphy/ptII/ptolemy/domains/continuous/test/auto/ContinuousInDEInput3.xml
14 ms. Memory: 872960K Free: 89266K (10%)
----------------- Invoking toplevel() on ptolemy.moml.MoMLSimpleApplication@e06fda8
----------------- Done invoking toplevel() on ptolemy.moml.MoMLSimpleApplication@e06fda8
reloadAllAccessors: .ContinuousInDEInput3

===========================================================================================
----------------- testing Sun Jun 17 01:20:01 UTC 2018 /home/travis/build/icyphy/ptII/ptolemy/domains/continuous/test/auto/ContinuousInDESharingRefinement.xml
----------------- Instantiating /home/travis/build/icyphy/ptII/ptolemy/domains/continuous/test/auto/ContinuousInDESharingRefinement.xml
163 ms. Memory: 873472K Free: 777832K (89%)
----------------- Invoking toplevel() on ptolemy.moml.MoMLSimpleApplication@28a9613d
----------------- Done invoking toplevel() on ptolemy.moml.MoMLSimpleApplication@28a9613d
reloadAllAccessors: .ContinuousInDESharingRefinement

===========================================================================================
----------------- testing Sun Jun 17 01:20:01 UTC 2018 /home/travis/build/icyphy/ptII/ptolemy/domains/continuous/test/auto/ContinuousInDEwithNoPorts.xml
----------------- Instantiating /home/travis/build/icyphy/ptII/ptolemy/domains/continuous/test/auto/ContinuousInDEwithNoPorts.xml
2 ms. Memory: 873472K Free: 762377K (87%)
----------------- Invoking toplevel() on ptolemy.moml.MoMLSimpleApplication@58799664
----------------- Done invoking toplevel() on ptolemy.moml.MoMLSimpleApplication@58799664
reloadAllAccessors: .ContinuousInDEwithNoPorts

===========================================================================================
----------------- testing Sun Jun 17 01:20:01 UTC 2018 /home/travis/build/icyphy/ptII/ptolemy/domains/continuous/test/auto/ContinuousInsideDE.xml
----------------- Instantiating /home/travis/build/icyphy/ptII/ptolemy/domains/continuous/test/auto/ContinuousInsideDE.xml
42 ms. Memory: 873472K Free: 746651K (85%)
----------------- Invoking toplevel() on ptolemy.moml.MoMLSimpleApplication@30998590
----------------- Done invoking toplevel() on ptolemy.moml.MoMLSimpleApplication@30998590
reloadAllAccessors: .ContinuousInsideDE

===========================================================================================
----------------- testing Sun Jun 17 01:20:01 UTC 2018 /home/travis/build/icyphy/ptII/ptolemy/domains/continuous/test/auto/ContinuousMerge1.xml
----------------- Instantiating /home/travis/build/icyphy/ptII/ptolemy/domains/continuous/test/auto/ContinuousMerge1.xml
3 ms. Memory: 873472K Free: 733867K (84%)
----------------- Invoking toplevel() on ptolemy.moml.MoMLSimpleApplication@e234ae9
----------------- Done invoking toplevel() on ptolemy.moml.MoMLSimpleApplication@e234ae9
reloadAllAccessors: .ContinuousMerge1

===========================================================================================
----------------- testing Sun Jun 17 01:20:01 UTC 2018 /home/travis/build/icyphy/ptII/ptolemy/domains/continuous/test/auto/ContinuousMerge2.xml
----------------- Instantiating /home/travis/build/icyphy/ptII/ptolemy/domains/continuous/test/auto/ContinuousMerge2.xml
11 ms. Memory: 873472K Free: 717986K (82%)
----------------- Invoking toplevel() on ptolemy.moml.MoMLSimpleApplication@4a1873e9
----------------- Done invoking toplevel() on ptolemy.moml.MoMLSimpleApplication@4a1873e9
reloadAllAccessors: .ContinuousMerge2

===========================================================================================
----------------- testing Sun Jun 17 01:20:01 UTC 2018 /home/travis/build/icyphy/ptII/ptolemy/domains/continuous/test/auto/ContinuousMerge3.xml
----------------- Instantiating /home/travis/build/icyphy/ptII/ptolemy/domains/continuous/test/auto/ContinuousMerge3.xml
44 ms. Memory: 873472K Free: 702267K (80%)
----------------- Invoking toplevel() on ptolemy.moml.MoMLSimpleApplication@375a49d2
----------------- Done invoking toplevel() on ptolemy.moml.MoMLSimpleApplication@375a49d2
reloadAllAccessors: .ContinuousMerge3

===========================================================================================
----------------- testing Sun Jun 17 01:20:01 UTC 2018 /home/travis/build/icyphy/ptII/ptolemy/domains/continuous/test/auto/ContinuousWithinContinuous.xml
----------------- Instantiating /home/travis/build/icyphy/ptII/ptolemy/domains/continuous/test/auto/ContinuousWithinContinuous.xml
42 ms. Memory: 873472K Free: 689484K (79%)
----------------- Invoking toplevel() on ptolemy.moml.MoMLSimpleApplication@361d2752
----------------- Done invoking toplevel() on ptolemy.moml.MoMLSimpleApplication@361d2752
reloadAllAccessors: .ContinuousWithinContinuous

===========================================================================================
----------------- testing Sun Jun 17 01:20:01 UTC 2018 /home/travis/build/icyphy/ptII/ptolemy/domains/continuous/test/auto/ContinuousWithinContinuous2.xml
----------------- Instantiating /home/travis/build/icyphy/ptII/ptolemy/domains/continuous/test/auto/ContinuousWithinContinuous2.xml
69 ms. Memory: 873472K Free: 673765K (77%)
----------------- Invoking toplevel() on ptolemy.moml.MoMLSimpleApplication@64efa6de
----------------- Done invoking toplevel() on ptolemy.moml.MoMLSimpleApplication@64efa6de
reloadAllAccessors: .ContinuousWithinContinuous2

===========================================================================================
----------------- testing Sun Jun 17 01:20:01 UTC 2018 /home/travis/build/icyphy/ptII/ptolemy/domains/continuous/test/auto/ContinuousWithinContinuous3.xml
----------------- Instantiating /home/travis/build/icyphy/ptII/ptolemy/domains/continuous/test/auto/ContinuousWithinContinuous3.xml
12 ms. Memory: 873472K Free: 663287K (76%)
----------------- Invoking toplevel() on ptolemy.moml.MoMLSimpleApplication@33303fad
----------------- Done invoking toplevel() on ptolemy.moml.MoMLSimpleApplication@33303fad
reloadAllAccessors: .ContinuousWithinContinuous3

===========================================================================================
----------------- testing Sun Jun 17 01:20:01 UTC 2018 /home/travis/build/icyphy/ptII/ptolemy/domains/continuous/test/auto/ContinuousWithinContinuous4.xml
----------------- Instantiating /home/travis/build/icyphy/ptII/ptolemy/domains/continuous/test/auto/ContinuousWithinContinuous4.xml
67 ms. Memory: 873472K Free: 645264K (74%)
----------------- Invoking toplevel() on ptolemy.moml.MoMLSimpleApplication@10e73b9c
----------------- Done invoking toplevel() on ptolemy.moml.MoMLSimpleApplication@10e73b9c
reloadAllAccessors: .ContinuousWithinContinuous4

===========================================================================================
----------------- testing Sun Jun 17 01:20:01 UTC 2018 /home/travis/build/icyphy/ptII/ptolemy/domains/continuous/test/auto/ContinuousWithinContinuous5.xml
----------------- Instantiating /home/travis/build/icyphy/ptII/ptolemy/domains/continuous/test/auto/ContinuousWithinContinuous5.xml
12 ms. Memory: 873472K Free: 629529K (72%)
----------------- Invoking toplevel() on ptolemy.moml.MoMLSimpleApplication@98337bd
----------------- Done invoking toplevel() on ptolemy.moml.MoMLSimpleApplication@98337bd
reloadAllAccessors: .ContinuousWithinContinuous5

===========================================================================================
----------------- testing Sun Jun 17 01:20:02 UTC 2018 /home/travis/build/icyphy/ptII/ptolemy/domains/continuous/test/auto/ContinuousWithinContinuous6.xml
----------------- Instantiating /home/travis/build/icyphy/ptII/ptolemy/domains/continuous/test/auto/ContinuousWithinContinuous6.xml
11 ms. Memory: 873472K Free: 619050K (71%)
----------------- Invoking toplevel() on ptolemy.moml.MoMLSimpleApplication@71682383
----------------- Done invoking toplevel() on ptolemy.moml.MoMLSimpleApplication@71682383
reloadAllAccessors: .ContinuousWithinContinuous6

===========================================================================================
----------------- testing Sun Jun 17 01:20:02 UTC 2018 /home/travis/build/icyphy/ptII/ptolemy/domains/continuous/test/auto/ContinuousWithinContinuous7.xml
----------------- Instantiating /home/travis/build/icyphy/ptII/ptolemy/domains/continuous/test/auto/ContinuousWithinContinuous7.xml
56 ms. Memory: 873472K Free: 601028K (69%)
----------------- Invoking toplevel() on ptolemy.moml.MoMLSimpleApplication@7c174eb1
----------------- Done invoking toplevel() on ptolemy.moml.MoMLSimpleApplication@7c174eb1
reloadAllAccessors: .ContinuousWithinContinuous7

===========================================================================================
----------------- testing Sun Jun 17 01:20:02 UTC 2018 /home/travis/build/icyphy/ptII/ptolemy/domains/continuous/test/auto/DCMotor.xml
----------------- Instantiating /home/travis/build/icyphy/ptII/ptolemy/domains/continuous/test/auto/DCMotor.xml
13206 ms. Memory: 697344K Free: 672740K (96%)
----------------- Invoking toplevel() on ptolemy.moml.MoMLSimpleApplication@5d6535c9
----------------- Done invoking toplevel() on ptolemy.moml.MoMLSimpleApplication@5d6535c9
reloadAllAccessors: .DCMotor

===========================================================================================
----------------- testing Sun Jun 17 01:20:15 UTC 2018 /home/travis/build/icyphy/ptII/ptolemy/domains/continuous/test/auto/DEInContinuous.xml
----------------- Instantiating /home/travis/build/icyphy/ptII/ptolemy/domains/continuous/test/auto/DEInContinuous.xml
24 ms. Memory: 697344K Free: 656929K (94%)
----------------- Invoking toplevel() on ptolemy.moml.MoMLSimpleApplication@39863b93
----------------- Done invoking toplevel() on ptolemy.moml.MoMLSimpleApplication@39863b93
reloadAllAccessors: .DEInContinuous

===========================================================================================
----------------- testing Sun Jun 17 01:20:15 UTC 2018 /home/travis/build/icyphy/ptII/ptolemy/domains/continuous/test/auto/DEinContinuous2.xml
----------------- Instantiating /home/travis/build/icyphy/ptII/ptolemy/domains/continuous/test/auto/DEinContinuous2.xml
8 ms. Memory: 697344K Free: 637202K (91%)
----------------- Invoking toplevel() on ptolemy.moml.MoMLSimpleApplication@415a80bd
----------------- Done invoking toplevel() on ptolemy.moml.MoMLSimpleApplication@415a80bd
reloadAllAccessors: .DEinContinuous2

===========================================================================================
----------------- testing Sun Jun 17 01:20:15 UTC 2018 /home/travis/build/icyphy/ptII/ptolemy/domains/continuous/test/auto/Derivative.xml
----------------- Instantiating /home/travis/build/icyphy/ptII/ptolemy/domains/continuous/test/auto/Derivative.xml
150 ms. Memory: 697344K Free: 598926K (86%)
----------------- Invoking toplevel() on ptolemy.moml.MoMLSimpleApplication@4c987908
----------------- Done invoking toplevel() on ptolemy.moml.MoMLSimpleApplication@4c987908
reloadAllAccessors: .Derivative2

===========================================================================================
----------------- testing Sun Jun 17 01:20:15 UTC 2018 /home/travis/build/icyphy/ptII/ptolemy/domains/continuous/test/auto/Derivative1.xml
----------------- Instantiating /home/travis/build/icyphy/ptII/ptolemy/domains/continuous/test/auto/Derivative1.xml
35 ms. Memory: 697344K Free: 580448K (83%)
----------------- Invoking toplevel() on ptolemy.moml.MoMLSimpleApplication@3ea12fbe
----------------- Done invoking toplevel() on ptolemy.moml.MoMLSimpleApplication@3ea12fbe
reloadAllAccessors: .Derivative1

===========================================================================================
----------------- testing Sun Jun 17 01:20:15 UTC 2018 /home/travis/build/icyphy/ptII/ptolemy/domains/continuous/test/auto/DiscreteClock.xml
----------------- Instantiating /home/travis/build/icyphy/ptII/ptolemy/domains/continuous/test/auto/DiscreteClock.xml
5 ms. Memory: 697344K Free: 566896K (81%)
----------------- Invoking toplevel() on ptolemy.moml.MoMLSimpleApplication@12a74bf
----------------- Done invoking toplevel() on ptolemy.moml.MoMLSimpleApplication@12a74bf
reloadAllAccessors: .DiscreteClock

===========================================================================================
----------------- testing Sun Jun 17 01:20:15 UTC 2018 /home/travis/build/icyphy/ptII/ptolemy/domains/continuous/test/auto/EfficiencyCurve.xml
----------------- Instantiating /home/travis/build/icyphy/ptII/ptolemy/domains/continuous/test/auto/EfficiencyCurve.xml
76 ms. Memory: 697344K Free: 553344K (79%)
----------------- Invoking toplevel() on ptolemy.moml.MoMLSimpleApplication@5174c00b
----------------- Done invoking toplevel() on ptolemy.moml.MoMLSimpleApplication@5174c00b
reloadAllAccessors: .EfficiencyCurve

===========================================================================================
----------------- testing Sun Jun 17 01:20:15 UTC 2018 /home/travis/build/icyphy/ptII/ptolemy/domains/continuous/test/auto/ExponentialResponse.xml
----------------- Instantiating /home/travis/build/icyphy/ptII/ptolemy/domains/continuous/test/auto/ExponentialResponse.xml
106 ms. Memory: 697344K Free: 522547K (75%)
----------------- Invoking toplevel() on ptolemy.moml.MoMLSimpleApplication@6a170225
----------------- Done invoking toplevel() on ptolemy.moml.MoMLSimpleApplication@6a170225
reloadAllAccessors: .ExponentialResponse

===========================================================================================
----------------- testing Sun Jun 17 01:20:16 UTC 2018 /home/travis/build/icyphy/ptII/ptolemy/domains/continuous/test/auto/ExponentialResponseRK45.xml
----------------- Instantiating /home/travis/build/icyphy/ptII/ptolemy/domains/continuous/test/auto/ExponentialResponseRK45.xml
24 ms. Memory: 697344K Free: 508995K (73%)
----------------- Invoking toplevel() on ptolemy.moml.MoMLSimpleApplication@2f955850
----------------- Done invoking toplevel() on ptolemy.moml.MoMLSimpleApplication@2f955850
reloadAllAccessors: .ExponentialResponseRK45

===========================================================================================
----------------- testing Sun Jun 17 01:20:16 UTC 2018 /home/travis/build/icyphy/ptII/ptolemy/domains/continuous/test/auto/Friction.xml
----------------- Instantiating /home/travis/build/icyphy/ptII/ptolemy/domains/continuous/test/auto/Friction.xml
1344 ms. Memory: 674816K Free: 640327K (95%)
----------------- Invoking toplevel() on ptolemy.moml.MoMLSimpleApplication@2e65b582
----------------- Done invoking toplevel() on ptolemy.moml.MoMLSimpleApplication@2e65b582
reloadAllAccessors: .Friction

===========================================================================================
----------------- testing Sun Jun 17 01:20:17 UTC 2018 /home/travis/build/icyphy/ptII/ptolemy/domains/continuous/test/auto/FurutaPendulum.xml
----------------- Instantiating /home/travis/build/icyphy/ptII/ptolemy/domains/continuous/test/auto/FurutaPendulum.xml
2926 ms. Memory: 674816K Free: 138488K (21%)
----------------- Invoking toplevel() on ptolemy.moml.MoMLSimpleApplication@742e4755
----------------- Done invoking toplevel() on ptolemy.moml.MoMLSimpleApplication@742e4755
reloadAllAccessors: .FurutaPendulum

===========================================================================================
----------------- testing Sun Jun 17 01:20:20 UTC 2018 /home/travis/build/icyphy/ptII/ptolemy/domains/continuous/test/auto/HierarchicalExecution.xml
----------------- Instantiating /home/travis/build/icyphy/ptII/ptolemy/domains/continuous/test/auto/HierarchicalExecution.xml
1595 ms. Memory: 646656K Free: 383632K (59%)
----------------- Invoking toplevel() on ptolemy.moml.MoMLSimpleApplication@3efac74b
----------------- Done invoking toplevel() on ptolemy.moml.MoMLSimpleApplication@3efac74b
reloadAllAccessors: .HierarchicalExecution

===========================================================================================
----------------- testing Sun Jun 17 01:20:22 UTC 2018 /home/travis/build/icyphy/ptII/ptolemy/domains/continuous/test/auto/HybridPlant.xml
----------------- Instantiating /home/travis/build/icyphy/ptII/ptolemy/domains/continuous/test/auto/HybridPlant.xml
467 ms. Memory: 646656K Free: 110748K (17%)
----------------- Invoking toplevel() on ptolemy.moml.MoMLSimpleApplication@ffb724d
----------------- Done invoking toplevel() on ptolemy.moml.MoMLSimpleApplication@ffb724d
reloadAllAccessors: .HybridPlant

===========================================================================================
----------------- testing Sun Jun 17 01:20:23 UTC 2018 /home/travis/build/icyphy/ptII/ptolemy/domains/continuous/test/auto/Hysteresis.xml
----------------- Instantiating /home/travis/build/icyphy/ptII/ptolemy/domains/continuous/test/auto/Hysteresis.xml
147 ms. Memory: 616448K Free: 573168K (93%)
----------------- Invoking toplevel() on ptolemy.moml.MoMLSimpleApplication@647b9c3a
----------------- Done invoking toplevel() on ptolemy.moml.MoMLSimpleApplication@647b9c3a
reloadAllAccessors: .Hysteresis

===========================================================================================
----------------- testing Sun Jun 17 01:20:23 UTC 2018 /home/travis/build/icyphy/ptII/ptolemy/domains/continuous/test/auto/HysteresisWithRandomDelay.xml
----------------- Instantiating /home/travis/build/icyphy/ptII/ptolemy/domains/continuous/test/auto/HysteresisWithRandomDelay.xml
157 ms. Memory: 616448K Free: 493166K (80%)
----------------- Invoking toplevel() on ptolemy.moml.MoMLSimpleApplication@3ae6691b
----------------- Done invoking toplevel() on ptolemy.moml.MoMLSimpleApplication@3ae6691b
reloadAllAccessors: .HysteresisWithRandomDelay

===========================================================================================
----------------- testing Sun Jun 17 01:20:23 UTC 2018 /home/travis/build/icyphy/ptII/ptolemy/domains/continuous/test/auto/HysteresisWithRandomLosses.xml
----------------- Instantiating /home/travis/build/icyphy/ptII/ptolemy/domains/continuous/test/auto/HysteresisWithRandomLosses.xml
2201 ms. Memory: 591872K Free: 216185K (37%)
----------------- Invoking toplevel() on ptolemy.moml.MoMLSimpleApplication@5208d88a
----------------- Done invoking toplevel() on ptolemy.moml.MoMLSimpleApplication@5208d88a
reloadAllAccessors: .HysteresisWithRandomLosses

===========================================================================================
----------------- testing Sun Jun 17 01:20:25 UTC 2018 /home/travis/build/icyphy/ptII/ptolemy/domains/continuous/test/auto/ImmediateTransitions.xml
----------------- Instantiating /home/travis/build/icyphy/ptII/ptolemy/domains/continuous/test/auto/ImmediateTransitions.xml
7 ms. Memory: 591872K Free: 201108K (34%)
----------------- Invoking toplevel() on ptolemy.moml.MoMLSimpleApplication@3196bb5d
----------------- Done invoking toplevel() on ptolemy.moml.MoMLSimpleApplication@3196bb5d
reloadAllAccessors: .ImmediateTransitions

===========================================================================================
----------------- testing Sun Jun 17 01:20:25 UTC 2018 /home/travis/build/icyphy/ptII/ptolemy/domains/continuous/test/auto/ImpulseFeedback.xml
----------------- Instantiating /home/travis/build/icyphy/ptII/ptolemy/domains/continuous/test/auto/ImpulseFeedback.xml
5 ms. Memory: 591872K Free: 192601K (33%)
----------------- Invoking toplevel() on ptolemy.moml.MoMLSimpleApplication@789694ef
----------------- Done invoking toplevel() on ptolemy.moml.MoMLSimpleApplication@789694ef
reloadAllAccessors: .ImpulseFeedback

===========================================================================================
----------------- testing Sun Jun 17 01:20:25 UTC 2018 /home/travis/build/icyphy/ptII/ptolemy/domains/continuous/test/auto/ImpulseFeedback2.xml
----------------- Instantiating /home/travis/build/icyphy/ptII/ptolemy/domains/continuous/test/auto/ImpulseFeedback2.xml
4 ms. Memory: 591872K Free: 184102K (31%)
----------------- Invoking toplevel() on ptolemy.moml.MoMLSimpleApplication@1411ec7d
----------------- Done invoking toplevel() on ptolemy.moml.MoMLSimpleApplication@1411ec7d
reloadAllAccessors: .ImpulseFeedback2

===========================================================================================
----------------- testing Sun Jun 17 01:20:25 UTC 2018 /home/travis/build/icyphy/ptII/ptolemy/domains/continuous/test/auto/IncreasingRatePoisson.xml
----------------- Instantiating /home/travis/build/icyphy/ptII/ptolemy/domains/continuous/test/auto/IncreasingRatePoisson.xml
653 ms. Memory: 565760K Free: 339142K (60%)
----------------- Invoking toplevel() on ptolemy.moml.MoMLSimpleApplication@5ab5a6f5
----------------- Done invoking toplevel() on ptolemy.moml.MoMLSimpleApplication@5ab5a6f5
reloadAllAccessors: .IncreasingRatePoisson

===========================================================================================
----------------- testing Sun Jun 17 01:20:26 UTC 2018 /home/travis/build/icyphy/ptII/ptolemy/domains/continuous/test/auto/InitialStateFeedback.xml
----------------- Instantiating /home/travis/build/icyphy/ptII/ptolemy/domains/continuous/test/auto/InitialStateFeedback.xml
3 ms. Memory: 565760K Free: 329637K (58%)
----------------- Invoking toplevel() on ptolemy.moml.MoMLSimpleApplication@10034219
----------------- Done invoking toplevel() on ptolemy.moml.MoMLSimpleApplication@10034219
reloadAllAccessors: .InitialStateFeedback

===========================================================================================
----------------- testing Sun Jun 17 01:20:26 UTC 2018 /home/travis/build/icyphy/ptII/ptolemy/domains/continuous/test/auto/Integration.xml
----------------- Instantiating /home/travis/build/icyphy/ptII/ptolemy/domains/continuous/test/auto/Integration.xml
5 ms. Memory: 565760K Free: 321577K (57%)
----------------- Invoking toplevel() on ptolemy.moml.MoMLSimpleApplication@684fb713
----------------- Done invoking toplevel() on ptolemy.moml.MoMLSimpleApplication@684fb713
reloadAllAccessors: .Integration

===========================================================================================
----------------- testing Sun Jun 17 01:20:26 UTC 2018 /home/travis/build/icyphy/ptII/ptolemy/domains/continuous/test/auto/Integration2.xml
----------------- Instantiating /home/travis/build/icyphy/ptII/ptolemy/domains/continuous/test/auto/Integration2.xml
77 ms. Memory: 565760K Free: 303681K (54%)
----------------- Invoking toplevel() on ptolemy.moml.MoMLSimpleApplication@f91a601
----------------- Done invoking toplevel() on ptolemy.moml.MoMLSimpleApplication@f91a601
reloadAllAccessors: .Integration2

===========================================================================================
----------------- testing Sun Jun 17 01:20:26 UTC 2018 /home/travis/build/icyphy/ptII/ptolemy/domains/continuous/test/auto/Integration3.xml
----------------- Instantiating /home/travis/build/icyphy/ptII/ptolemy/domains/continuous/test/auto/Integration3.xml
2 ms. Memory: 565760K Free: 295637K (52%)
----------------- Invoking toplevel() on ptolemy.moml.MoMLSimpleApplication@707c7e4b
----------------- Done invoking toplevel() on ptolemy.moml.MoMLSimpleApplication@707c7e4b
reloadAllAccessors: .Integration3

===========================================================================================
----------------- testing Sun Jun 17 01:20:26 UTC 2018 /home/travis/build/icyphy/ptII/ptolemy/domains/continuous/test/auto/Integration5.xml
----------------- Instantiating /home/travis/build/icyphy/ptII/ptolemy/domains/continuous/test/auto/Integration5.xml
2 ms. Memory: 565760K Free: 287437K (51%)
----------------- Invoking toplevel() on ptolemy.moml.MoMLSimpleApplication@8725e84
----------------- Done invoking toplevel() on ptolemy.moml.MoMLSimpleApplication@8725e84
reloadAllAccessors: .Integration5

===========================================================================================
----------------- testing Sun Jun 17 01:20:26 UTC 2018 /home/travis/build/icyphy/ptII/ptolemy/domains/continuous/test/auto/IntegratorImpulse.xml
----------------- Instantiating /home/travis/build/icyphy/ptII/ptolemy/domains/continuous/test/auto/IntegratorImpulse.xml
2 ms. Memory: 565760K Free: 279391K (49%)
----------------- Invoking toplevel() on ptolemy.moml.MoMLSimpleApplication@32b32cfb
----------------- Done invoking toplevel() on ptolemy.moml.MoMLSimpleApplication@32b32cfb
reloadAllAccessors: .IntegratorImpulse

===========================================================================================
----------------- testing Sun Jun 17 01:20:26 UTC 2018 /home/travis/build/icyphy/ptII/ptolemy/domains/continuous/test/auto/IntegratorImpulse2.xml
----------------- Instantiating /home/travis/build/icyphy/ptII/ptolemy/domains/continuous/test/auto/IntegratorImpulse2.xml
3 ms. Memory: 565760K Free: 271191K (48%)
----------------- Invoking toplevel() on ptolemy.moml.MoMLSimpleApplication@6fd8bf91
----------------- Done invoking toplevel() on ptolemy.moml.MoMLSimpleApplication@6fd8bf91
reloadAllAccessors: .IntegratorImpulse2

===========================================================================================
----------------- testing Sun Jun 17 01:20:26 UTC 2018 /home/travis/build/icyphy/ptII/ptolemy/domains/continuous/test/auto/LevelCrossing1.xml
----------------- Instantiating /home/travis/build/icyphy/ptII/ptolemy/domains/continuous/test/auto/LevelCrossing1.xml
2 ms. Memory: 565760K Free: 263130K (47%)
----------------- Invoking toplevel() on ptolemy.moml.MoMLSimpleApplication@47d6f450
----------------- Done invoking toplevel() on ptolemy.moml.MoMLSimpleApplication@47d6f450
reloadAllAccessors: .LevelCrossing1

===========================================================================================
----------------- testing Sun Jun 17 01:20:26 UTC 2018 /home/travis/build/icyphy/ptII/ptolemy/domains/continuous/test/auto/LevelCrossing2.xml
----------------- Instantiating /home/travis/build/icyphy/ptII/ptolemy/domains/continuous/test/auto/LevelCrossing2.xml
2 ms. Memory: 565760K Free: 254914K (45%)
----------------- Invoking toplevel() on ptolemy.moml.MoMLSimpleApplication@5d243b99
----------------- Done invoking toplevel() on ptolemy.moml.MoMLSimpleApplication@5d243b99
reloadAllAccessors: .LevelCrossing2

===========================================================================================
----------------- testing Sun Jun 17 01:20:26 UTC 2018 /home/travis/build/icyphy/ptII/ptolemy/domains/continuous/test/auto/LevelCrossing3.xml
----------------- Instantiating /home/travis/build/icyphy/ptII/ptolemy/domains/continuous/test/auto/LevelCrossing3.xml
2 ms. Memory: 565760K Free: 246853K (44%)
----------------- Invoking toplevel() on ptolemy.moml.MoMLSimpleApplication@7ecc7b5e
----------------- Done invoking toplevel() on ptolemy.moml.MoMLSimpleApplication@7ecc7b5e
reloadAllAccessors: .LevelCrossing3

===========================================================================================
----------------- testing Sun Jun 17 01:20:26 UTC 2018 /home/travis/build/icyphy/ptII/ptolemy/domains/continuous/test/auto/LevelCrossing4.xml
----------------- Instantiating /home/travis/build/icyphy/ptII/ptolemy/domains/continuous/test/auto/LevelCrossing4.xml
3 ms. Memory: 565760K Free: 238637K (42%)
----------------- Invoking toplevel() on ptolemy.moml.MoMLSimpleApplication@76acea35
----------------- Done invoking toplevel() on ptolemy.moml.MoMLSimpleApplication@76acea35
reloadAllAccessors: .LevelCrossing4

===========================================================================================
----------------- testing Sun Jun 17 01:20:26 UTC 2018 /home/travis/build/icyphy/ptII/ptolemy/domains/continuous/test/auto/LevelCrossing5.xml
----------------- Instantiating /home/travis/build/icyphy/ptII/ptolemy/domains/continuous/test/auto/LevelCrossing5.xml
3 ms. Memory: 565760K Free: 230576K (41%)
----------------- Invoking toplevel() on ptolemy.moml.MoMLSimpleApplication@7eb46f44
----------------- Done invoking toplevel() on ptolemy.moml.MoMLSimpleApplication@7eb46f44
reloadAllAccessors: .LevelCrossing5

===========================================================================================
----------------- testing Sun Jun 17 01:20:26 UTC 2018 /home/travis/build/icyphy/ptII/ptolemy/domains/continuous/test/auto/LevelCrossing6.xml
----------------- Instantiating /home/travis/build/icyphy/ptII/ptolemy/domains/continuous/test/auto/LevelCrossing6.xml
[...]
reloadAllAccessors: .ResetTransitionWithStartTime5

===========================================================================================
----------------- testing Sun Jun 17 01:20:42 UTC 2018 /home/travis/build/icyphy/ptII/ptolemy/domains/continuous/test/auto/ResetTransitionWithStartTime6.xml
----------------- Instantiating /home/travis/build/icyphy/ptII/ptolemy/domains/continuous/test/auto/ResetTransitionWithStartTime6.xml
9 ms. Memory: 371712K Free: 116230K (31%)
----------------- Invoking toplevel() on ptolemy.moml.MoMLSimpleApplication@7f72166
----------------- Done invoking toplevel() on ptolemy.moml.MoMLSimpleApplication@7f72166
reloadAllAccessors: .ResetTransitionWithStartTime6

===========================================================================================
----------------- testing Sun Jun 17 01:20:42 UTC 2018 /home/travis/build/icyphy/ptII/ptolemy/domains/continuous/test/auto/SRinContinuous.xml
----------------- Instantiating /home/travis/build/icyphy/ptII/ptolemy/domains/continuous/test/auto/SRinContinuous.xml
6 ms. Memory: 371712K Free: 106588K (29%)
----------------- Invoking toplevel() on ptolemy.moml.MoMLSimpleApplication@5b906771
----------------- Done invoking toplevel() on ptolemy.moml.MoMLSimpleApplication@5b906771
reloadAllAccessors: .SRinContinuous

===========================================================================================
----------------- testing Sun Jun 17 01:20:42 UTC 2018 /home/travis/build/icyphy/ptII/ptolemy/domains/continuous/test/auto/SampledClocks.xml
----------------- Instantiating /home/travis/build/icyphy/ptII/ptolemy/domains/continuous/test/auto/SampledClocks.xml
7 ms. Memory: 371712K Free: 95481K (26%)
----------------- Invoking toplevel() on ptolemy.moml.MoMLSimpleApplication@405faea7
----------------- Done invoking toplevel() on ptolemy.moml.MoMLSimpleApplication@405faea7
reloadAllAccessors: .SampledClocks

===========================================================================================
----------------- testing Sun Jun 17 01:20:42 UTC 2018 /home/travis/build/icyphy/ptII/ptolemy/domains/continuous/test/auto/Satellite.xml
----------------- Instantiating /home/travis/build/icyphy/ptII/ptolemy/domains/continuous/test/auto/Satellite.xml
893 ms. Memory: 364032K Free: 199547K (55%)
----------------- Invoking toplevel() on ptolemy.moml.MoMLSimpleApplication@562ec76
----------------- Done invoking toplevel() on ptolemy.moml.MoMLSimpleApplication@562ec76
reloadAllAccessors: .Satellite

===========================================================================================
----------------- testing Sun Jun 17 01:20:43 UTC 2018 /home/travis/build/icyphy/ptII/ptolemy/domains/continuous/test/auto/SigmaDelta.xml
----------------- Instantiating /home/travis/build/icyphy/ptII/ptolemy/domains/continuous/test/auto/SigmaDelta.xml
2135 ms. Memory: 433152K Free: 160350K (37%)
----------------- Invoking toplevel() on ptolemy.moml.MoMLSimpleApplication@2d7a3488
----------------- Done invoking toplevel() on ptolemy.moml.MoMLSimpleApplication@2d7a3488
reloadAllAccessors: .SigmaDelta

===========================================================================================
----------------- testing Sun Jun 17 01:20:45 UTC 2018 /home/travis/build/icyphy/ptII/ptolemy/domains/continuous/test/auto/SinuBouncingBall.xml
----------------- Instantiating /home/travis/build/icyphy/ptII/ptolemy/domains/continuous/test/auto/SinuBouncingBall.xml
754 ms. Memory: 516608K Free: 365364K (71%)
----------------- Invoking toplevel() on ptolemy.moml.MoMLSimpleApplication@149fbfca
----------------- Done invoking toplevel() on ptolemy.moml.MoMLSimpleApplication@149fbfca
reloadAllAccessors: .SinuBouncingBall

===========================================================================================
----------------- testing Sun Jun 17 01:20:46 UTC 2018 /home/travis/build/icyphy/ptII/ptolemy/domains/continuous/test/auto/Sinusoid.xml
----------------- Instantiating /home/travis/build/icyphy/ptII/ptolemy/domains/continuous/test/auto/Sinusoid.xml
5 ms. Memory: 516608K Free: 356338K (69%)
----------------- Invoking toplevel() on ptolemy.moml.MoMLSimpleApplication@79ae99e
----------------- Done invoking toplevel() on ptolemy.moml.MoMLSimpleApplication@79ae99e
reloadAllAccessors: .Sinusoid

===========================================================================================
----------------- testing Sun Jun 17 01:20:46 UTC 2018 /home/travis/build/icyphy/ptII/ptolemy/domains/continuous/test/auto/SinusoidInNoise.xml
----------------- Instantiating /home/travis/build/icyphy/ptII/ptolemy/domains/continuous/test/auto/SinusoidInNoise.xml
843 ms. Memory: 516608K Free: 151593K (29%)
----------------- Invoking toplevel() on ptolemy.moml.MoMLSimpleApplication@4ba15d0a
----------------- Done invoking toplevel() on ptolemy.moml.MoMLSimpleApplication@4ba15d0a
reloadAllAccessors: .SinusoidInNoise

===========================================================================================
----------------- testing Sun Jun 17 01:20:47 UTC 2018 /home/travis/build/icyphy/ptII/ptolemy/domains/continuous/test/auto/SinusoidRK45.xml
----------------- Instantiating /home/travis/build/icyphy/ptII/ptolemy/domains/continuous/test/auto/SinusoidRK45.xml
1 ms. Memory: 516608K Free: 144123K (28%)
----------------- Invoking toplevel() on ptolemy.moml.MoMLSimpleApplication@15f68683
----------------- Done invoking toplevel() on ptolemy.moml.MoMLSimpleApplication@15f68683
reloadAllAccessors: .SinusoidRK45

===========================================================================================
----------------- testing Sun Jun 17 01:20:47 UTC 2018 /home/travis/build/icyphy/ptII/ptolemy/domains/continuous/test/auto/SinusoidWithMultipleImpulses.xml
----------------- Instantiating /home/travis/build/icyphy/ptII/ptolemy/domains/continuous/test/auto/SinusoidWithMultipleImpulses.xml
3 ms. Memory: 516608K Free: 136718K (26%)
----------------- Invoking toplevel() on ptolemy.moml.MoMLSimpleApplication@4fe02247
----------------- Done invoking toplevel() on ptolemy.moml.MoMLSimpleApplication@4fe02247
reloadAllAccessors: .SinusoidWithMultipleImpulses

===========================================================================================
----------------- testing Sun Jun 17 01:20:47 UTC 2018 /home/travis/build/icyphy/ptII/ptolemy/domains/continuous/test/auto/SquareWave.xml
----------------- Instantiating /home/travis/build/icyphy/ptII/ptolemy/domains/continuous/test/auto/SquareWave.xml
153 ms. Memory: 516608K Free: 107516K (21%)
----------------- Invoking toplevel() on ptolemy.moml.MoMLSimpleApplication@7116033b
----------------- Done invoking toplevel() on ptolemy.moml.MoMLSimpleApplication@7116033b
reloadAllAccessors: .SquareWave

===========================================================================================
----------------- testing Sun Jun 17 01:20:47 UTC 2018 /home/travis/build/icyphy/ptII/ptolemy/domains/continuous/test/auto/Starmac.xml
----------------- Instantiating /home/travis/build/icyphy/ptII/ptolemy/domains/continuous/test/auto/Starmac.xml
3043 ms. Memory: 626688K Free: 285646K (46%)
----------------- Invoking toplevel() on ptolemy.moml.MoMLSimpleApplication@1b16d6ba
----------------- Done invoking toplevel() on ptolemy.moml.MoMLSimpleApplication@1b16d6ba
reloadAllAccessors: .Starmac

===========================================================================================
----------------- testing Sun Jun 17 01:20:51 UTC 2018 /home/travis/build/icyphy/ptII/ptolemy/domains/continuous/test/auto/StaticUnits.xml
----------------- Instantiating /home/travis/build/icyphy/ptII/ptolemy/domains/continuous/test/auto/StaticUnits.xml
2332 ms. Memory: 604672K Free: 333516K (55%)
----------------- Invoking toplevel() on ptolemy.moml.MoMLSimpleApplication@3558f727
----------------- Done invoking toplevel() on ptolemy.moml.MoMLSimpleApplication@3558f727
reloadAllAccessors: .StaticUnits

===========================================================================================
----------------- testing Sun Jun 17 01:20:53 UTC 2018 /home/travis/build/icyphy/ptII/ptolemy/domains/continuous/test/auto/StickyMasses.xml
----------------- Instantiating /home/travis/build/icyphy/ptII/ptolemy/domains/continuous/test/auto/StickyMasses.xml
121 ms. Memory: 604672K Free: 271380K (45%)
----------------- Invoking toplevel() on ptolemy.moml.MoMLSimpleApplication@5238fbc5
----------------- Done invoking toplevel() on ptolemy.moml.MoMLSimpleApplication@5238fbc5
reloadAllAccessors: .StickyMasses

===========================================================================================
----------------- testing Sun Jun 17 01:20:54 UTC 2018 /home/travis/build/icyphy/ptII/ptolemy/domains/continuous/test/auto/StopTime.xml
----------------- Instantiating /home/travis/build/icyphy/ptII/ptolemy/domains/continuous/test/auto/StopTime.xml
34 ms. Memory: 604672K Free: 242865K (40%)
----------------- Invoking toplevel() on ptolemy.moml.MoMLSimpleApplication@6fcaec77
----------------- Done invoking toplevel() on ptolemy.moml.MoMLSimpleApplication@6fcaec77
reloadAllAccessors: .StopTime

===========================================================================================
----------------- testing Sun Jun 17 01:20:54 UTC 2018 /home/travis/build/icyphy/ptII/ptolemy/domains/continuous/test/auto/StopTime2.xml
----------------- Instantiating /home/travis/build/icyphy/ptII/ptolemy/domains/continuous/test/auto/StopTime2.xml
34 ms. Memory: 604672K Free: 217826K (36%)
----------------- Invoking toplevel() on ptolemy.moml.MoMLSimpleApplication@3707136a
----------------- Done invoking toplevel() on ptolemy.moml.MoMLSimpleApplication@3707136a
reloadAllAccessors: .StopTime2

===========================================================================================
----------------- testing Sun Jun 17 01:20:54 UTC 2018 /home/travis/build/icyphy/ptII/ptolemy/domains/continuous/test/auto/Switch.xml
----------------- Instantiating /home/travis/build/icyphy/ptII/ptolemy/domains/continuous/test/auto/Switch.xml
52 ms. Memory: 604672K Free: 182438K (30%)
----------------- Invoking toplevel() on ptolemy.moml.MoMLSimpleApplication@312e0a4d
----------------- Done invoking toplevel() on ptolemy.moml.MoMLSimpleApplication@312e0a4d
reloadAllAccessors: .Switch

===========================================================================================
----------------- testing Sun Jun 17 01:20:54 UTC 2018 /home/travis/build/icyphy/ptII/ptolemy/domains/continuous/test/auto/Thermostat.xml
----------------- Instantiating /home/travis/build/icyphy/ptII/ptolemy/domains/continuous/test/auto/Thermostat.xml
178 ms. Memory: 604672K Free: 102107K (17%)
----------------- Invoking toplevel() on ptolemy.moml.MoMLSimpleApplication@6346b81a
----------------- Done invoking toplevel() on ptolemy.moml.MoMLSimpleApplication@6346b81a
reloadAllAccessors: .Thermostat

===========================================================================================
----------------- testing Sun Jun 17 01:20:54 UTC 2018 /home/travis/build/icyphy/ptII/ptolemy/domains/continuous/test/auto/TimeDelay.xml
----------------- Instantiating /home/travis/build/icyphy/ptII/ptolemy/domains/continuous/test/auto/TimeDelay.xml
5 ms. Memory: 604672K Free: 94327K (16%)
----------------- Invoking toplevel() on ptolemy.moml.MoMLSimpleApplication@2e83a93d
----------------- Done invoking toplevel() on ptolemy.moml.MoMLSimpleApplication@2e83a93d
reloadAllAccessors: .TimeDelay

===========================================================================================
----------------- testing Sun Jun 17 01:20:54 UTC 2018 /home/travis/build/icyphy/ptII/ptolemy/domains/continuous/test/auto/TimeDelay2.xml
----------------- Instantiating /home/travis/build/icyphy/ptII/ptolemy/domains/continuous/test/auto/TimeDelay2.xml
7 ms. Memory: 604672K Free: 83170K (14%)
----------------- Invoking toplevel() on ptolemy.moml.MoMLSimpleApplication@3bd1480f
----------------- Done invoking toplevel() on ptolemy.moml.MoMLSimpleApplication@3bd1480f
reloadAllAccessors: .TimeDelay2

===========================================================================================
----------------- testing Sun Jun 17 01:20:54 UTC 2018 /home/travis/build/icyphy/ptII/ptolemy/domains/continuous/test/auto/TimeDelay3.xml
----------------- Instantiating /home/travis/build/icyphy/ptII/ptolemy/domains/continuous/test/auto/TimeDelay3.xml
6 ms. Memory: 604672K Free: 75396K (12%)
----------------- Invoking toplevel() on ptolemy.moml.MoMLSimpleApplication@42f52ba0
----------------- Done invoking toplevel() on ptolemy.moml.MoMLSimpleApplication@42f52ba0
reloadAllAccessors: .TimeDelay3

===========================================================================================
----------------- testing Sun Jun 17 01:20:54 UTC 2018 /home/travis/build/icyphy/ptII/ptolemy/domains/continuous/test/auto/TransferAbsentToInside.xml
----------------- Instantiating /home/travis/build/icyphy/ptII/ptolemy/domains/continuous/test/auto/TransferAbsentToInside.xml
41 ms. Memory: 574464K Free: 502962K (88%)
----------------- Invoking toplevel() on ptolemy.moml.MoMLSimpleApplication@6b4795b2
----------------- Done invoking toplevel() on ptolemy.moml.MoMLSimpleApplication@6b4795b2
reloadAllAccessors: .TransferAbsentToInside

===========================================================================================
----------------- testing Sun Jun 17 01:20:54 UTC 2018 /home/travis/build/icyphy/ptII/ptolemy/domains/continuous/test/auto/Transmission.xml
----------------- Instantiating /home/travis/build/icyphy/ptII/ptolemy/domains/continuous/test/auto/Transmission.xml
666 ms. Memory: 574464K Free: 258125K (45%)
----------------- Invoking toplevel() on ptolemy.moml.MoMLSimpleApplication@e671259
----------------- Done invoking toplevel() on ptolemy.moml.MoMLSimpleApplication@e671259
reloadAllAccessors: .Transmission

===========================================================================================
----------------- testing Sun Jun 17 01:20:55 UTC 2018 /home/travis/build/icyphy/ptII/ptolemy/domains/continuous/test/auto/TriggeredContinuousClock.xml
----------------- Instantiating /home/travis/build/icyphy/ptII/ptolemy/domains/continuous/test/auto/TriggeredContinuousClock.xml
44 ms. Memory: 574464K Free: 225148K (39%)
----------------- Invoking toplevel() on ptolemy.moml.MoMLSimpleApplication@33bbf3ca
----------------- Done invoking toplevel() on ptolemy.moml.MoMLSimpleApplication@33bbf3ca
reloadAllAccessors: .TriggeredContinuousClock

===========================================================================================
----------------- testing Sun Jun 17 01:20:55 UTC 2018 /home/travis/build/icyphy/ptII/ptolemy/domains/continuous/test/auto/TwoMachineInfiniteBusControl.xml
----------------- Instantiating /home/travis/build/icyphy/ptII/ptolemy/domains/continuous/test/auto/TwoMachineInfiniteBusControl.xml
2567 ms. Memory: 558592K Free: 123180K (22%)
----------------- Invoking toplevel() on ptolemy.moml.MoMLSimpleApplication@104772c
----------------- Done invoking toplevel() on ptolemy.moml.MoMLSimpleApplication@104772c
reloadAllAccessors: .TwoMachineInfiniteBusControl

===========================================================================================
----------------- testing Sun Jun 17 01:20:58 UTC 2018 /home/travis/build/icyphy/ptII/ptolemy/domains/continuous/test/auto/V2V.xml
----------------- Instantiating /home/travis/build/icyphy/ptII/ptolemy/domains/continuous/test/auto/V2V.xml
711 ms. Memory: 529408K Free: 363234K (69%)
----------------- Invoking toplevel() on ptolemy.moml.MoMLSimpleApplication@356168ee
----------------- Done invoking toplevel() on ptolemy.moml.MoMLSimpleApplication@356168ee
reloadAllAccessors: .V2V

===========================================================================================
----------------- testing Sun Jun 17 01:20:58 UTC 2018 /home/travis/build/icyphy/ptII/ptolemy/domains/continuous/test/auto/hierarchicalModalModel.xml
----------------- Instantiating /home/travis/build/icyphy/ptII/ptolemy/domains/continuous/test/auto/hierarchicalModalModel.xml
6 ms. Memory: 529408K Free: 342993K (65%)
----------------- Invoking toplevel() on ptolemy.moml.MoMLSimpleApplication@1a50868d
----------------- Done invoking toplevel() on ptolemy.moml.MoMLSimpleApplication@1a50868d
reloadAllAccessors: .hierarchicalModalModel

===========================================================================================
----------------- testing Sun Jun 17 01:20:58 UTC 2018 /home/travis/build/icyphy/ptII/ptolemy/domains/continuous/test/auto/hierarchicalModalModel1.xml
----------------- Instantiating /home/travis/build/icyphy/ptII/ptolemy/domains/continuous/test/auto/hierarchicalModalModel1.xml
6 ms. Memory: 529408K Free: 324144K (61%)
----------------- Invoking toplevel() on ptolemy.moml.MoMLSimpleApplication@5d141d00
----------------- Done invoking toplevel() on ptolemy.moml.MoMLSimpleApplication@5d141d00
reloadAllAccessors: .hierarchicalModalModel1

===========================================================================================
----------------- testing Sun Jun 17 01:20:58 UTC 2018 /home/travis/build/icyphy/ptII/ptolemy/domains/continuous/test/auto/hierarchicalModalModel2.xml
----------------- Instantiating /home/travis/build/icyphy/ptII/ptolemy/domains/continuous/test/auto/hierarchicalModalModel2.xml
5 ms. Memory: 529408K Free: 307565K (58%)
----------------- Invoking toplevel() on ptolemy.moml.MoMLSimpleApplication@71f9d09f
----------------- Done invoking toplevel() on ptolemy.moml.MoMLSimpleApplication@71f9d09f
reloadAllAccessors: .hierarchicalModalModel2

===========================================================================================
----------------- testing Sun Jun 17 01:20:58 UTC 2018 /home/travis/build/icyphy/ptII/ptolemy/domains/continuous/test/auto/hierarchicalModalModel3.xml
----------------- Instantiating /home/travis/build/icyphy/ptII/ptolemy/domains/continuous/test/auto/hierarchicalModalModel3.xml
5 ms. Memory: 529408K Free: 293168K (55%)
----------------- Invoking toplevel() on ptolemy.moml.MoMLSimpleApplication@330cf49f
----------------- Done invoking toplevel() on ptolemy.moml.MoMLSimpleApplication@330cf49f
reloadAllAccessors: .hierarchicalModalModel3

===========================================================================================
----------------- testing Sun Jun 17 01:20:58 UTC 2018 /home/travis/build/icyphy/ptII/ptolemy/domains/continuous/test/auto/hierarchicalModalModel4.xml
----------------- Instantiating /home/travis/build/icyphy/ptII/ptolemy/domains/continuous/test/auto/hierarchicalModalModel4.xml
5 ms. Memory: 529408K Free: 278824K (53%)
----------------- Invoking toplevel() on ptolemy.moml.MoMLSimpleApplication@44619dfa
----------------- Done invoking toplevel() on ptolemy.moml.MoMLSimpleApplication@44619dfa
reloadAllAccessors: .hierarchicalModalModel4

===========================================================================================
----------------- testing Sun Jun 17 01:20:59 UTC 2018 /home/travis/build/icyphy/ptII/ptolemy/domains/continuous/test/auto/junk.xml
----------------- Instantiating /home/travis/build/icyphy/ptII/ptolemy/domains/continuous/test/auto/junk.xml
136 ms. Memory: 529408K Free: 244361K (46%)
----------------- Invoking toplevel() on ptolemy.moml.MoMLSimpleApplication@3c71de39
----------------- Done invoking toplevel() on ptolemy.moml.MoMLSimpleApplication@3c71de39
reloadAllAccessors: .junk
AutoTests.java: About to close Vertx.
AutoTests.java: Vertx closed.
]]></system-out>
  <system-err><![CDATA[Warning: '.HysteresisWithRandomDelay.NonStrictTest3' The test produced only 25 tokens, yet the correctValues parameter was expecting 30 tokens.
Warning: '.Poisson.NonStrictTest' The test produced only 400 tokens, yet the correctValues parameter was expecting 430 tokens.
]]></system-err>
</testsuite>
