<?xml version="1.0" encoding="UTF-8" ?>
<testsuite errors="0" failures="0" hostname="travis-job-e2dcafbe-dfe5-49ed-a0d9-cd3ac575d2b0" name="ptolemy.actor.lib.hoc.test.junit.JUnitTclTest" skipped="0" tests="58" time="23.76" timestamp="2019-03-02T00:09:24">
  <properties>
[...]
</properties>
  <testcase classname="ptolemy.util.test.junit.TclTests" name="[0] /home/travis/build/icyphy/ptII/ptolemy/actor/lib/hoc/test/IterateOverArray.tcl (RunTclFile)" time="0.302" />
  <testcase classname="ptolemy.util.test.junit.AutoKnownFailedTests" name="[0] /home/travis/build/icyphy/ptII/ptolemy/actor/lib/hoc/test/auto/knownFailedTests/PreinitializeMustBeInvokedRunComposite.xml (RunModel)" time="0.198" />
  <testcase classname="ptolemy.util.test.junit.AutoNameArchTests" name="[0] ThereAreNoAutoArchTests (RunModel)" time="0.001" />
  <testcase classname="ptolemy.util.test.junit.AutoTests" name="[0] /home/travis/build/icyphy/ptII/ptolemy/actor/lib/hoc/test/auto/AllToAllMultiInstanceComposite.xml (RunModel)" time="0.284" />
  <testcase classname="ptolemy.util.test.junit.AutoTests" name="[1] /home/travis/build/icyphy/ptII/ptolemy/actor/lib/hoc/test/auto/ApplyFFTTest.xml (RunModel)" time="0.27" />
  <testcase classname="ptolemy.util.test.junit.AutoTests" name="[2] /home/travis/build/icyphy/ptII/ptolemy/actor/lib/hoc/test/auto/ApplyFunction.xml (RunModel)" time="0.043" />
  <testcase classname="ptolemy.util.test.junit.AutoTests" name="[3] /home/travis/build/icyphy/ptII/ptolemy/actor/lib/hoc/test/auto/BackgroundExecution.xml (RunModel)" time="0.727" />
  <testcase classname="ptolemy.util.test.junit.AutoTests" name="[4] /home/travis/build/icyphy/ptII/ptolemy/actor/lib/hoc/test/auto/Case.xml (RunModel)" time="0.056" />
  <testcase classname="ptolemy.util.test.junit.AutoTests" name="[5] /home/travis/build/icyphy/ptII/ptolemy/actor/lib/hoc/test/auto/Case1.xml (RunModel)" time="0.046" />
  <testcase classname="ptolemy.util.test.junit.AutoTests" name="[6] /home/travis/build/icyphy/ptII/ptolemy/actor/lib/hoc/test/auto/Case2.xml (RunModel)" time="0.142" />
  <testcase classname="ptolemy.util.test.junit.AutoTests" name="[7] /home/travis/build/icyphy/ptII/ptolemy/actor/lib/hoc/test/auto/Case3.xml (RunModel)" time="0.07" />
  <testcase classname="ptolemy.util.test.junit.AutoTests" name="[8] /home/travis/build/icyphy/ptII/ptolemy/actor/lib/hoc/test/auto/Case4.xml (RunModel)" time="0.067" />
  <testcase classname="ptolemy.util.test.junit.AutoTests" name="[9] /home/travis/build/icyphy/ptII/ptolemy/actor/lib/hoc/test/auto/Case5.xml (RunModel)" time="0.061" />
  <testcase classname="ptolemy.util.test.junit.AutoTests" name="[10] /home/travis/build/icyphy/ptII/ptolemy/actor/lib/hoc/test/auto/Case6.xml (RunModel)" time="0.059" />
  <testcase classname="ptolemy.util.test.junit.AutoTests" name="[11] /home/travis/build/icyphy/ptII/ptolemy/actor/lib/hoc/test/auto/CaseString2.xml (RunModel)" time="0.029" />
  <testcase classname="ptolemy.util.test.junit.AutoTests" name="[12] /home/travis/build/icyphy/ptII/ptolemy/actor/lib/hoc/test/auto/CatchUpComposite1.xml (RunModel)" time="0.067" />
  <testcase classname="ptolemy.util.test.junit.AutoTests" name="[13] /home/travis/build/icyphy/ptII/ptolemy/actor/lib/hoc/test/auto/CatchUpComposite2.xml (RunModel)" time="0.035" />
  <testcase classname="ptolemy.util.test.junit.AutoTests" name="[14] /home/travis/build/icyphy/ptII/ptolemy/actor/lib/hoc/test/auto/CatchUpComposite3.xml (RunModel)" time="0.033" />
  <testcase classname="ptolemy.util.test.junit.AutoTests" name="[15] /home/travis/build/icyphy/ptII/ptolemy/actor/lib/hoc/test/auto/CatchUpComposite4.xml (RunModel)" time="0.037" />
  <testcase classname="ptolemy.util.test.junit.AutoTests" name="[16] /home/travis/build/icyphy/ptII/ptolemy/actor/lib/hoc/test/auto/CatchUpComposite5.xml (RunModel)" time="0.029" />
  <testcase classname="ptolemy.util.test.junit.AutoTests" name="[17] /home/travis/build/icyphy/ptII/ptolemy/actor/lib/hoc/test/auto/CatchUpComposite6.xml (RunModel)" time="0.167" />
  <testcase classname="ptolemy.util.test.junit.AutoTests" name="[18] /home/travis/build/icyphy/ptII/ptolemy/actor/lib/hoc/test/auto/CatchUpComposite7.xml (RunModel)" time="0.115" />
  <testcase classname="ptolemy.util.test.junit.AutoTests" name="[19] /home/travis/build/icyphy/ptII/ptolemy/actor/lib/hoc/test/auto/ConcurrentExecutionTimeSDF.xml (RunModel)" time="1.25" />
  <testcase classname="ptolemy.util.test.junit.AutoTests" name="[20] /home/travis/build/icyphy/ptII/ptolemy/actor/lib/hoc/test/auto/ConcurrentSleep.xml (RunModel)" time="0.8" />
  <testcase classname="ptolemy.util.test.junit.AutoTests" name="[21] /home/travis/build/icyphy/ptII/ptolemy/actor/lib/hoc/test/auto/DEInPNInRunCompositeActor.xml (RunModel)" time="0.041" />
  <testcase classname="ptolemy.util.test.junit.AutoTests" name="[22] /home/travis/build/icyphy/ptII/ptolemy/actor/lib/hoc/test/auto/DFTSubSetTest.xml (RunModel)" time="0.318" />
  <testcase classname="ptolemy.util.test.junit.AutoTests" name="[23] /home/travis/build/icyphy/ptII/ptolemy/actor/lib/hoc/test/auto/HocDE.xml (RunModel)" time="0.141" />
  <testcase classname="ptolemy.util.test.junit.AutoTests" name="[24] /home/travis/build/icyphy/ptII/ptolemy/actor/lib/hoc/test/auto/IterateOverArray.xml (RunModel)" time="0.023" />
  <testcase classname="ptolemy.util.test.junit.AutoTests" name="[25] /home/travis/build/icyphy/ptII/ptolemy/actor/lib/hoc/test/auto/IterateOverArray10.xml (RunModel)" time="0.023" />
  <testcase classname="ptolemy.util.test.junit.AutoTests" name="[26] /home/travis/build/icyphy/ptII/ptolemy/actor/lib/hoc/test/auto/IterateOverArray11.xml (RunModel)" time="0.035" />
  <testcase classname="ptolemy.util.test.junit.AutoTests" name="[27] /home/travis/build/icyphy/ptII/ptolemy/actor/lib/hoc/test/auto/IterateOverArray12.xml (RunModel)" time="0.047" />
  <testcase classname="ptolemy.util.test.junit.AutoTests" name="[28] /home/travis/build/icyphy/ptII/ptolemy/actor/lib/hoc/test/auto/IterateOverArray13.xml (RunModel)" time="0.156" />
  <testcase classname="ptolemy.util.test.junit.AutoTests" name="[29] /home/travis/build/icyphy/ptII/ptolemy/actor/lib/hoc/test/auto/IterateOverArray14.xml (RunModel)" time="0.14" />
  <testcase classname="ptolemy.util.test.junit.AutoTests" name="[30] /home/travis/build/icyphy/ptII/ptolemy/actor/lib/hoc/test/auto/IterateOverArray2.xml (RunModel)" time="0.019" />
  <testcase classname="ptolemy.util.test.junit.AutoTests" name="[31] /home/travis/build/icyphy/ptII/ptolemy/actor/lib/hoc/test/auto/IterateOverArray3.xml (RunModel)" time="0.024" />
  <testcase classname="ptolemy.util.test.junit.AutoTests" name="[32] /home/travis/build/icyphy/ptII/ptolemy/actor/lib/hoc/test/auto/IterateOverArray4.xml (RunModel)" time="0.023" />
  <testcase classname="ptolemy.util.test.junit.AutoTests" name="[33] /home/travis/build/icyphy/ptII/ptolemy/actor/lib/hoc/test/auto/IterateOverArray5.xml (RunModel)" time="0.02" />
  <testcase classname="ptolemy.util.test.junit.AutoTests" name="[34] /home/travis/build/icyphy/ptII/ptolemy/actor/lib/hoc/test/auto/IterateOverArray6.xml (RunModel)" time="0.018" />
  <testcase classname="ptolemy.util.test.junit.AutoTests" name="[35] /home/travis/build/icyphy/ptII/ptolemy/actor/lib/hoc/test/auto/IterateOverArray7.xml (RunModel)" time="0.025" />
  <testcase classname="ptolemy.util.test.junit.AutoTests" name="[36] /home/travis/build/icyphy/ptII/ptolemy/actor/lib/hoc/test/auto/IterateOverArray8.xml (RunModel)" time="0.02" />
  <testcase classname="ptolemy.util.test.junit.AutoTests" name="[37] /home/travis/build/icyphy/ptII/ptolemy/actor/lib/hoc/test/auto/IterateOverArray9.xml (RunModel)" time="0.027" />
  <testcase classname="ptolemy.util.test.junit.AutoTests" name="[38] /home/travis/build/icyphy/ptII/ptolemy/actor/lib/hoc/test/auto/IterateOverArrayCoercedOutputType.xml (RunModel)" time="0.041" />
  <testcase classname="ptolemy.util.test.junit.AutoTests" name="[39] /home/travis/build/icyphy/ptII/ptolemy/actor/lib/hoc/test/auto/IterateOverArrayInferredOutputType.xml (RunModel)" time="0.034" />
  <testcase classname="ptolemy.util.test.junit.AutoTests" name="[40] /home/travis/build/icyphy/ptII/ptolemy/actor/lib/hoc/test/auto/MobileFunctionTest.xml (RunModel)" time="0.028" />
  <testcase classname="ptolemy.util.test.junit.AutoTests" name="[41] /home/travis/build/icyphy/ptII/ptolemy/actor/lib/hoc/test/auto/MobileModelTest.xml (RunModel)" time="0.103" />
  <testcase classname="ptolemy.util.test.junit.AutoTests" name="[42] /home/travis/build/icyphy/ptII/ptolemy/actor/lib/hoc/test/auto/ModelReference.xml (RunModel)" time="0.079" />
  <testcase classname="ptolemy.util.test.junit.AutoTests" name="[43] /home/travis/build/icyphy/ptII/ptolemy/actor/lib/hoc/test/auto/ModelReference3.xml (RunModel)" time="0.053" />
  <testcase classname="ptolemy.util.test.junit.AutoTests" name="[44] /home/travis/build/icyphy/ptII/ptolemy/actor/lib/hoc/test/auto/ModelReference4.xml (RunModel)" time="10.04" />
  <testcase classname="ptolemy.util.test.junit.AutoTests" name="[45] /home/travis/build/icyphy/ptII/ptolemy/actor/lib/hoc/test/auto/MultiInstanceComposite.xml (RunModel)" time="0.068" />
  <testcase classname="ptolemy.util.test.junit.AutoTests" name="[46] /home/travis/build/icyphy/ptII/ptolemy/actor/lib/hoc/test/auto/MultiInstanceComposite2.xml (RunModel)" time="0.064" />
  <testcase classname="ptolemy.util.test.junit.AutoTests" name="[47] /home/travis/build/icyphy/ptII/ptolemy/actor/lib/hoc/test/auto/MulticoreExecution.xml (RunModel)" time="1.087" />
  <testcase classname="ptolemy.util.test.junit.AutoTests" name="[48] /home/travis/build/icyphy/ptII/ptolemy/actor/lib/hoc/test/auto/ParallelExecution.xml (RunModel)" time="0.941" />
  <testcase classname="ptolemy.util.test.junit.AutoTests" name="[49] /home/travis/build/icyphy/ptII/ptolemy/actor/lib/hoc/test/auto/RunCompositeActor.xml (RunModel)" time="0.021" />
  <testcase classname="ptolemy.util.test.junit.AutoTests" name="[50] /home/travis/build/icyphy/ptII/ptolemy/actor/lib/hoc/test/auto/RunCompositeActor2.xml (RunModel)" time="0.019" />
  <testcase classname="ptolemy.util.test.junit.AutoTests" name="[51] /home/travis/build/icyphy/ptII/ptolemy/actor/lib/hoc/test/auto/RunCompositeActor3.xml (RunModel)" time="0.024" />
  <testcase classname="ptolemy.util.test.junit.AutoTests" name="[52] /home/travis/build/icyphy/ptII/ptolemy/actor/lib/hoc/test/auto/RunCompositeActor4.xml (RunModel)" time="0.054" />
  <testcase classname="ptolemy.util.test.junit.AutoTests" name="[53] /home/travis/build/icyphy/ptII/ptolemy/actor/lib/hoc/test/auto/RunCompositeIterateOverArray.xml (RunModel)" time="0.029" />
  <testcase classname="ptolemy.util.test.junit.AutoTests" name="[54] /home/travis/build/icyphy/ptII/ptolemy/actor/lib/hoc/test/auto/ThreadedJS.xml (RunModel)" time="4.616" />
  <system-out><![CDATA[/home/travis/build/icyphy/ptII/ptolemy/actor/lib/hoc/test/IterateOverArray.tcl
testDefs.tcl: setting time out to 9000 seconds at Sat Mar 02 00:09:24 UTC 2019
03/02/19 12:09:24
Failed: 0  Total Tests: 2  ((Passed: 2, Newly Passed: 0)  Known Failed: 0) /home/travis/build/icyphy/ptII/ptolemy/actor/lib/hoc/test
----------------- testing (KnownFailure) /home/travis/build/icyphy/ptII/ptolemy/actor/lib/hoc/test/auto/knownFailedTests/PreinitializeMustBeInvokedRunComposite.xml
32 ms. Memory: 116224K Free: 106821K (92%)
Known Failure: java.lang.reflect.InvocationTargetException
No auto/linux-amd64/*.xml tests in /home/travis/build/icyphy/ptII/ptolemy/actor/lib/hoc/test
AutoTests.java: About to close Vertx.
AutoTests.java: Vertx closed.

===========================================================================================
----------------- testing Sat Mar 02 00:09:25 UTC 2019 /home/travis/build/icyphy/ptII/ptolemy/actor/lib/hoc/test/auto/AllToAllMultiInstanceComposite.xml
----------------- Instantiating /home/travis/build/icyphy/ptII/ptolemy/actor/lib/hoc/test/auto/AllToAllMultiInstanceComposite.xml
92 ms. Memory: 146944K Free: 120814K (82%)
----------------- Invoking toplevel() on ptolemy.moml.MoMLSimpleApplication@6197db3a
----------------- Done invoking toplevel() on ptolemy.moml.MoMLSimpleApplication@6197db3a
reloadAllAccessors: .AllToAllMultiInstanceComposite

===========================================================================================
----------------- testing Sat Mar 02 00:09:25 UTC 2019 /home/travis/build/icyphy/ptII/ptolemy/actor/lib/hoc/test/auto/ApplyFFTTest.xml
----------------- Instantiating /home/travis/build/icyphy/ptII/ptolemy/actor/lib/hoc/test/auto/ApplyFFTTest.xml
87 ms. Memory: 146944K Free: 100608K (68%)
----------------- Invoking toplevel() on ptolemy.moml.MoMLSimpleApplication@1c52b3d8
----------------- Done invoking toplevel() on ptolemy.moml.MoMLSimpleApplication@1c52b3d8
reloadAllAccessors: .ApplyFFTTest

===========================================================================================
----------------- testing Sat Mar 02 00:09:25 UTC 2019 /home/travis/build/icyphy/ptII/ptolemy/actor/lib/hoc/test/auto/ApplyFunction.xml
----------------- Instantiating /home/travis/build/icyphy/ptII/ptolemy/actor/lib/hoc/test/auto/ApplyFunction.xml
13 ms. Memory: 146944K Free: 97267K (66%)
----------------- Invoking toplevel() on ptolemy.moml.MoMLSimpleApplication@2bb486c9
----------------- Done invoking toplevel() on ptolemy.moml.MoMLSimpleApplication@2bb486c9
reloadAllAccessors: .ApplyFunction

===========================================================================================
----------------- testing Sat Mar 02 00:09:25 UTC 2019 /home/travis/build/icyphy/ptII/ptolemy/actor/lib/hoc/test/auto/BackgroundExecution.xml
----------------- Instantiating /home/travis/build/icyphy/ptII/ptolemy/actor/lib/hoc/test/auto/BackgroundExecution.xml
635 ms. Memory: 146944K Free: 88502K (60%)
----------------- Invoking toplevel() on ptolemy.moml.MoMLSimpleApplication@3ac81bb7
----------------- Done invoking toplevel() on ptolemy.moml.MoMLSimpleApplication@3ac81bb7
reloadAllAccessors: .BackgroundExecution

===========================================================================================
----------------- testing Sat Mar 02 00:09:26 UTC 2019 /home/travis/build/icyphy/ptII/ptolemy/actor/lib/hoc/test/auto/Case.xml
----------------- Instantiating /home/travis/build/icyphy/ptII/ptolemy/actor/lib/hoc/test/auto/Case.xml
15 ms. Memory: 146944K Free: 79981K (54%)
----------------- Invoking toplevel() on ptolemy.moml.MoMLSimpleApplication@46298dbd
----------------- Done invoking toplevel() on ptolemy.moml.MoMLSimpleApplication@46298dbd
reloadAllAccessors: .Case

===========================================================================================
----------------- testing Sat Mar 02 00:09:26 UTC 2019 /home/travis/build/icyphy/ptII/ptolemy/actor/lib/hoc/test/auto/Case1.xml
----------------- Instantiating /home/travis/build/icyphy/ptII/ptolemy/actor/lib/hoc/test/auto/Case1.xml
10 ms. Memory: 146944K Free: 135199K (92%)
----------------- Invoking toplevel() on ptolemy.moml.MoMLSimpleApplication@390c9e7f
----------------- Done invoking toplevel() on ptolemy.moml.MoMLSimpleApplication@390c9e7f
reloadAllAccessors: .Case1

===========================================================================================
----------------- testing Sat Mar 02 00:09:26 UTC 2019 /home/travis/build/icyphy/ptII/ptolemy/actor/lib/hoc/test/auto/Case2.xml
----------------- Instantiating /home/travis/build/icyphy/ptII/ptolemy/actor/lib/hoc/test/auto/Case2.xml
62 ms. Memory: 146944K Free: 123834K (84%)
----------------- Invoking toplevel() on ptolemy.moml.MoMLSimpleApplication@6ab49fcf
----------------- Done invoking toplevel() on ptolemy.moml.MoMLSimpleApplication@6ab49fcf
reloadAllAccessors: .Case2

===========================================================================================
----------------- testing Sat Mar 02 00:09:26 UTC 2019 /home/travis/build/icyphy/ptII/ptolemy/actor/lib/hoc/test/auto/Case3.xml
----------------- Instantiating /home/travis/build/icyphy/ptII/ptolemy/actor/lib/hoc/test/auto/Case3.xml
21 ms. Memory: 146944K Free: 117580K (80%)
----------------- Invoking toplevel() on ptolemy.moml.MoMLSimpleApplication@74c732c6
----------------- Done invoking toplevel() on ptolemy.moml.MoMLSimpleApplication@74c732c6
reloadAllAccessors: .Case3

===========================================================================================
----------------- testing Sat Mar 02 00:09:26 UTC 2019 /home/travis/build/icyphy/ptII/ptolemy/actor/lib/hoc/test/auto/Case4.xml
----------------- Instantiating /home/travis/build/icyphy/ptII/ptolemy/actor/lib/hoc/test/auto/Case4.xml
16 ms. Memory: 146944K Free: 109040K (74%)
----------------- Invoking toplevel() on ptolemy.moml.MoMLSimpleApplication@43bbc852
----------------- Done invoking toplevel() on ptolemy.moml.MoMLSimpleApplication@43bbc852
reloadAllAccessors: .Case4

===========================================================================================
----------------- testing Sat Mar 02 00:09:26 UTC 2019 /home/travis/build/icyphy/ptII/ptolemy/actor/lib/hoc/test/auto/Case5.xml
----------------- Instantiating /home/travis/build/icyphy/ptII/ptolemy/actor/lib/hoc/test/auto/Case5.xml
39 ms. Memory: 146944K Free: 102784K (70%)
----------------- Invoking toplevel() on ptolemy.moml.MoMLSimpleApplication@112a2af7
----------------- Done invoking toplevel() on ptolemy.moml.MoMLSimpleApplication@112a2af7
reloadAllAccessors: .junk

===========================================================================================
----------------- testing Sat Mar 02 00:09:27 UTC 2019 /home/travis/build/icyphy/ptII/ptolemy/actor/lib/hoc/test/auto/Case6.xml
----------------- Instantiating /home/travis/build/icyphy/ptII/ptolemy/actor/lib/hoc/test/auto/Case6.xml
24 ms. Memory: 146944K Free: 89783K (61%)
----------------- Invoking toplevel() on ptolemy.moml.MoMLSimpleApplication@4039575e
----------------- Done invoking toplevel() on ptolemy.moml.MoMLSimpleApplication@4039575e
reloadAllAccessors: .Case6

===========================================================================================
----------------- testing Sat Mar 02 00:09:27 UTC 2019 /home/travis/build/icyphy/ptII/ptolemy/actor/lib/hoc/test/auto/CaseString2.xml
----------------- Instantiating /home/travis/build/icyphy/ptII/ptolemy/actor/lib/hoc/test/auto/CaseString2.xml
10 ms. Memory: 146944K Free: 81726K (56%)
----------------- Invoking toplevel() on ptolemy.moml.MoMLSimpleApplication@59733542
----------------- Done invoking toplevel() on ptolemy.moml.MoMLSimpleApplication@59733542
reloadAllAccessors: .CaseString2

===========================================================================================
----------------- testing Sat Mar 02 00:09:27 UTC 2019 /home/travis/build/icyphy/ptII/ptolemy/actor/lib/hoc/test/auto/CatchUpComposite1.xml
----------------- Instantiating /home/travis/build/icyphy/ptII/ptolemy/actor/lib/hoc/test/auto/CatchUpComposite1.xml
13 ms. Memory: 208384K Free: 194586K (93%)
----------------- Invoking toplevel() on ptolemy.moml.MoMLSimpleApplication@a7cb05d
----------------- Done invoking toplevel() on ptolemy.moml.MoMLSimpleApplication@a7cb05d
reloadAllAccessors: .CatchUpComposite1

===========================================================================================
----------------- testing Sat Mar 02 00:09:27 UTC 2019 /home/travis/build/icyphy/ptII/ptolemy/actor/lib/hoc/test/auto/CatchUpComposite2.xml
----------------- Instantiating /home/travis/build/icyphy/ptII/ptolemy/actor/lib/hoc/test/auto/CatchUpComposite2.xml
9 ms. Memory: 208384K Free: 184654K (89%)
----------------- Invoking toplevel() on ptolemy.moml.MoMLSimpleApplication@35741fe9
----------------- Done invoking toplevel() on ptolemy.moml.MoMLSimpleApplication@35741fe9
reloadAllAccessors: .CatchUpComposite2

===========================================================================================
----------------- testing Sat Mar 02 00:09:27 UTC 2019 /home/travis/build/icyphy/ptII/ptolemy/actor/lib/hoc/test/auto/CatchUpComposite3.xml
----------------- Instantiating /home/travis/build/icyphy/ptII/ptolemy/actor/lib/hoc/test/auto/CatchUpComposite3.xml
6 ms. Memory: 208384K Free: 174809K (84%)
----------------- Invoking toplevel() on ptolemy.moml.MoMLSimpleApplication@6bbbfca1
----------------- Done invoking toplevel() on ptolemy.moml.MoMLSimpleApplication@6bbbfca1
reloadAllAccessors: .CatchUpComposite3

===========================================================================================
----------------- testing Sat Mar 02 00:09:27 UTC 2019 /home/travis/build/icyphy/ptII/ptolemy/actor/lib/hoc/test/auto/CatchUpComposite4.xml
----------------- Instantiating /home/travis/build/icyphy/ptII/ptolemy/actor/lib/hoc/test/auto/CatchUpComposite4.xml
10 ms. Memory: 208384K Free: 164909K (79%)
----------------- Invoking toplevel() on ptolemy.moml.MoMLSimpleApplication@10fbc895
----------------- Done invoking toplevel() on ptolemy.moml.MoMLSimpleApplication@10fbc895
reloadAllAccessors: .CatchUpComposite4

===========================================================================================
----------------- testing Sat Mar 02 00:09:27 UTC 2019 /home/travis/build/icyphy/ptII/ptolemy/actor/lib/hoc/test/auto/CatchUpComposite5.xml
----------------- Instantiating /home/travis/build/icyphy/ptII/ptolemy/actor/lib/hoc/test/auto/CatchUpComposite5.xml
8 ms. Memory: 208384K Free: 156700K (75%)
----------------- Invoking toplevel() on ptolemy.moml.MoMLSimpleApplication@6c031786
----------------- Done invoking toplevel() on ptolemy.moml.MoMLSimpleApplication@6c031786
reloadAllAccessors: .CatchUpComposite5

===========================================================================================
----------------- testing Sat Mar 02 00:09:27 UTC 2019 /home/travis/build/icyphy/ptII/ptolemy/actor/lib/hoc/test/auto/CatchUpComposite6.xml
----------------- Instantiating /home/travis/build/icyphy/ptII/ptolemy/actor/lib/hoc/test/auto/CatchUpComposite6.xml
WARNING: The execution aspects in this model can influence the timing of actors by delaying the 
execution, potentially changing the behavior. There is no guarantee that actors fire at the 
time they request to be fired. 
Use Ptides for deterministic DE behavior that is not influenced by execution aspects. 

79 ms. Memory: 208384K Free: 139494K (67%)
----------------- Invoking toplevel() on ptolemy.moml.MoMLSimpleApplication@7e01aff1
----------------- Done invoking toplevel() on ptolemy.moml.MoMLSimpleApplication@7e01aff1
reloadAllAccessors: .CatchUpComposite6

===========================================================================================
----------------- testing Sat Mar 02 00:09:27 UTC 2019 /home/travis/build/icyphy/ptII/ptolemy/actor/lib/hoc/test/auto/CatchUpComposite7.xml
----------------- Instantiating /home/travis/build/icyphy/ptII/ptolemy/actor/lib/hoc/test/auto/CatchUpComposite7.xml
WARNING: The execution aspects in this model can influence the timing of actors by delaying the 
execution, potentially changing the behavior. There is no guarantee that actors fire at the 
time they request to be fired. 
Use Ptides for deterministic DE behavior that is not influenced by execution aspects. 

46 ms. Memory: 208384K Free: 123007K (59%)
----------------- Invoking toplevel() on ptolemy.moml.MoMLSimpleApplication@366d4624
----------------- Done invoking toplevel() on ptolemy.moml.MoMLSimpleApplication@366d4624
reloadAllAccessors: .CatchUpComposite7

===========================================================================================
----------------- testing Sat Mar 02 00:09:27 UTC 2019 /home/travis/build/icyphy/ptII/ptolemy/actor/lib/hoc/test/auto/ConcurrentExecutionTimeSDF.xml
----------------- Instantiating /home/travis/build/icyphy/ptII/ptolemy/actor/lib/hoc/test/auto/ConcurrentExecutionTimeSDF.xml
Fired ExecutionTime: 40400000
Fired ExecutionTime: 40400000
Fired ExecutionTime: 40400000
Fired ExecutionTime: 40400000
Fired ExecutionTime: 40400000
Fired ExecutionTime: 40400000
Fired ExecutionTime: 40400000
Fired ExecutionTime: 40400000
Fired ExecutionTime: 40400000
Fired ExecutionTime: 40400000
Fired ExecutionTime: 40400000
Fired ExecutionTime: 40400000
Fired ExecutionTime: 40400000
Fired ExecutionTime: 40400000
Fired ExecutionTime: 40400000
Fired ExecutionTime: 40400000
Fired ExecutionTime: 40400000
Fired ExecutionTime: 40400000
Fired ExecutionTime: 40400000
Fired ExecutionTime: 40400000
1210 ms. Memory: 208384K Free: 114783K (55%)
----------------- Invoking toplevel() on ptolemy.moml.MoMLSimpleApplication@5538f32
----------------- Done invoking toplevel() on ptolemy.moml.MoMLSimpleApplication@5538f32
reloadAllAccessors: .ConcurrentExecutionTimeSDF

===========================================================================================
----------------- testing Sat Mar 02 00:09:28 UTC 2019 /home/travis/build/icyphy/ptII/ptolemy/actor/lib/hoc/test/auto/ConcurrentSleep.xml
----------------- Instantiating /home/travis/build/icyphy/ptII/ptolemy/actor/lib/hoc/test/auto/ConcurrentSleep.xml
752 ms. Memory: 208384K Free: 100792K (48%)
----------------- Invoking toplevel() on ptolemy.moml.MoMLSimpleApplication@52571284
----------------- Done invoking toplevel() on ptolemy.moml.MoMLSimpleApplication@52571284
reloadAllAccessors: .ConcurrentSleep

===========================================================================================
----------------- testing Sat Mar 02 00:09:29 UTC 2019 /home/travis/build/icyphy/ptII/ptolemy/actor/lib/hoc/test/auto/DEInPNInRunCompositeActor.xml
----------------- Instantiating /home/travis/build/icyphy/ptII/ptolemy/actor/lib/hoc/test/auto/DEInPNInRunCompositeActor.xml
19 ms. Memory: 208384K Free: 92531K (44%)
----------------- Invoking toplevel() on ptolemy.moml.MoMLSimpleApplication@25bbb79f
----------------- Done invoking toplevel() on ptolemy.moml.MoMLSimpleApplication@25bbb79f
reloadAllAccessors: .DEInPNInRunCompositeActor

===========================================================================================
----------------- testing Sat Mar 02 00:09:29 UTC 2019 /home/travis/build/icyphy/ptII/ptolemy/actor/lib/hoc/test/auto/DFTSubSetTest.xml
----------------- Instantiating /home/travis/build/icyphy/ptII/ptolemy/actor/lib/hoc/test/auto/DFTSubSetTest.xml
200 ms. Memory: 208384K Free: 168682K (81%)
----------------- Invoking toplevel() on ptolemy.moml.MoMLSimpleApplication@53022487
----------------- Done invoking toplevel() on ptolemy.moml.MoMLSimpleApplication@53022487
reloadAllAccessors: .DFTSubSetTest

===========================================================================================
----------------- testing Sat Mar 02 00:09:30 UTC 2019 /home/travis/build/icyphy/ptII/ptolemy/actor/lib/hoc/test/auto/HocDE.xml
----------------- Instantiating /home/travis/build/icyphy/ptII/ptolemy/actor/lib/hoc/test/auto/HocDE.xml
99 ms. Memory: 208384K Free: 141875K (68%)
----------------- Invoking toplevel() on ptolemy.moml.MoMLSimpleApplication@5d001099
----------------- Done invoking toplevel() on ptolemy.moml.MoMLSimpleApplication@5d001099
reloadAllAccessors: .HocDE

===========================================================================================
----------------- testing Sat Mar 02 00:09:30 UTC 2019 /home/travis/build/icyphy/ptII/ptolemy/actor/lib/hoc/test/auto/IterateOverArray.xml
----------------- Instantiating /home/travis/build/icyphy/ptII/ptolemy/actor/lib/hoc/test/auto/IterateOverArray.xml
6 ms. Memory: 208384K Free: 136352K (65%)
----------------- Invoking toplevel() on ptolemy.moml.MoMLSimpleApplication@21dcc27c
----------------- Done invoking toplevel() on ptolemy.moml.MoMLSimpleApplication@21dcc27c
reloadAllAccessors: .IterateOverArray

===========================================================================================
----------------- testing Sat Mar 02 00:09:30 UTC 2019 /home/travis/build/icyphy/ptII/ptolemy/actor/lib/hoc/test/auto/IterateOverArray10.xml
----------------- Instantiating /home/travis/build/icyphy/ptII/ptolemy/actor/lib/hoc/test/auto/IterateOverArray10.xml
3 ms. Memory: 208384K Free: 132240K (63%)
----------------- Invoking toplevel() on ptolemy.moml.MoMLSimpleApplication@3d08b7f
----------------- Done invoking toplevel() on ptolemy.moml.MoMLSimpleApplication@3d08b7f
reloadAllAccessors: .IterateOverArray10

===========================================================================================
----------------- testing Sat Mar 02 00:09:30 UTC 2019 /home/travis/build/icyphy/ptII/ptolemy/actor/lib/hoc/test/auto/IterateOverArray11.xml
----------------- Instantiating /home/travis/build/icyphy/ptII/ptolemy/actor/lib/hoc/test/auto/IterateOverArray11.xml
7 ms. Memory: 208384K Free: 126685K (61%)
----------------- Invoking toplevel() on ptolemy.moml.MoMLSimpleApplication@355db5cc
----------------- Done invoking toplevel() on ptolemy.moml.MoMLSimpleApplication@355db5cc
reloadAllAccessors: .IterateOverArray11

===========================================================================================
----------------- testing Sat Mar 02 00:09:30 UTC 2019 /home/travis/build/icyphy/ptII/ptolemy/actor/lib/hoc/test/auto/IterateOverArray12.xml
----------------- Instantiating /home/travis/build/icyphy/ptII/ptolemy/actor/lib/hoc/test/auto/IterateOverArray12.xml
20 ms. Memory: 208384K Free: 120132K (58%)
----------------- Invoking toplevel() on ptolemy.moml.MoMLSimpleApplication@79667b6
----------------- Done invoking toplevel() on ptolemy.moml.MoMLSimpleApplication@79667b6
reloadAllAccessors: .IterateOverArray12

===========================================================================================
----------------- testing Sat Mar 02 00:09:30 UTC 2019 /home/travis/build/icyphy/ptII/ptolemy/actor/lib/hoc/test/auto/IterateOverArray13.xml
----------------- Instantiating /home/travis/build/icyphy/ptII/ptolemy/actor/lib/hoc/test/auto/IterateOverArray13.xml
70 ms. Memory: 208384K Free: 91655K (44%)
----------------- Invoking toplevel() on ptolemy.moml.MoMLSimpleApplication@5008652f
----------------- Done invoking toplevel() on ptolemy.moml.MoMLSimpleApplication@5008652f
reloadAllAccessors: .IterateOverArray13

===========================================================================================
----------------- testing Sat Mar 02 00:09:30 UTC 2019 /home/travis/build/icyphy/ptII/ptolemy/actor/lib/hoc/test/auto/IterateOverArray14.xml
----------------- Instantiating /home/travis/build/icyphy/ptII/ptolemy/actor/lib/hoc/test/auto/IterateOverArray14.xml
49 ms. Memory: 330752K Free: 299549K (91%)
----------------- Invoking toplevel() on ptolemy.moml.MoMLSimpleApplication@69336538
----------------- Done invoking toplevel() on ptolemy.moml.MoMLSimpleApplication@69336538
reloadAllAccessors: .IterateOverArray14

===========================================================================================
----------------- testing Sat Mar 02 00:09:30 UTC 2019 /home/travis/build/icyphy/ptII/ptolemy/actor/lib/hoc/test/auto/IterateOverArray2.xml
----------------- Instantiating /home/travis/build/icyphy/ptII/ptolemy/actor/lib/hoc/test/auto/IterateOverArray2.xml
4 ms. Memory: 330752K Free: 292246K (88%)
----------------- Invoking toplevel() on ptolemy.moml.MoMLSimpleApplication@188ef479
----------------- Done invoking toplevel() on ptolemy.moml.MoMLSimpleApplication@188ef479
reloadAllAccessors: .IterateOverArray2

===========================================================================================
----------------- testing Sat Mar 02 00:09:30 UTC 2019 /home/travis/build/icyphy/ptII/ptolemy/actor/lib/hoc/test/auto/IterateOverArray3.xml
----------------- Instantiating /home/travis/build/icyphy/ptII/ptolemy/actor/lib/hoc/test/auto/IterateOverArray3.xml
6 ms. Memory: 330752K Free: 285733K (86%)
----------------- Invoking toplevel() on ptolemy.moml.MoMLSimpleApplication@98b35ea
----------------- Done invoking toplevel() on ptolemy.moml.MoMLSimpleApplication@98b35ea
reloadAllAccessors: .IterateOverArray3

===========================================================================================
----------------- testing Sat Mar 02 00:09:30 UTC 2019 /home/travis/build/icyphy/ptII/ptolemy/actor/lib/hoc/test/auto/IterateOverArray4.xml
----------------- Instantiating /home/travis/build/icyphy/ptII/ptolemy/actor/lib/hoc/test/auto/IterateOverArray4.xml
5 ms. Memory: 330752K Free: 280075K (85%)
----------------- Invoking toplevel() on ptolemy.moml.MoMLSimpleApplication@5ab54c35
----------------- Done invoking toplevel() on ptolemy.moml.MoMLSimpleApplication@5ab54c35
reloadAllAccessors: .IterateOverArray4

===========================================================================================
----------------- testing Sat Mar 02 00:09:30 UTC 2019 /home/travis/build/icyphy/ptII/ptolemy/actor/lib/hoc/test/auto/IterateOverArray5.xml
----------------- Instantiating /home/travis/build/icyphy/ptII/ptolemy/actor/lib/hoc/test/auto/IterateOverArray5.xml
5 ms. Memory: 330752K Free: 275190K (83%)
----------------- Invoking toplevel() on ptolemy.moml.MoMLSimpleApplication@7d4b310e
----------------- Done invoking toplevel() on ptolemy.moml.MoMLSimpleApplication@7d4b310e
reloadAllAccessors: .IterateOverArray5

===========================================================================================
----------------- testing Sat Mar 02 00:09:30 UTC 2019 /home/travis/build/icyphy/ptII/ptolemy/actor/lib/hoc/test/auto/IterateOverArray6.xml
----------------- Instantiating /home/travis/build/icyphy/ptII/ptolemy/actor/lib/hoc/test/auto/IterateOverArray6.xml
2 ms. Memory: 330752K Free: 269532K (81%)
----------------- Invoking toplevel() on ptolemy.moml.MoMLSimpleApplication@5b8f06f7
----------------- Done invoking toplevel() on ptolemy.moml.MoMLSimpleApplication@5b8f06f7
reloadAllAccessors: .IterateOverArray6

===========================================================================================
----------------- testing Sat Mar 02 00:09:30 UTC 2019 /home/travis/build/icyphy/ptII/ptolemy/actor/lib/hoc/test/auto/IterateOverArray7.xml
----------------- Instantiating /home/travis/build/icyphy/ptII/ptolemy/actor/lib/hoc/test/auto/IterateOverArray7.xml
7 ms. Memory: 330752K Free: 264647K (80%)
----------------- Invoking toplevel() on ptolemy.moml.MoMLSimpleApplication@5609e071
----------------- Done invoking toplevel() on ptolemy.moml.MoMLSimpleApplication@5609e071
reloadAllAccessors: .IterateOverArray7

===========================================================================================
----------------- testing Sat Mar 02 00:09:30 UTC 2019 /home/travis/build/icyphy/ptII/ptolemy/actor/lib/hoc/test/auto/IterateOverArray8.xml
----------------- Instantiating /home/travis/build/icyphy/ptII/ptolemy/actor/lib/hoc/test/auto/IterateOverArray8.xml
4 ms. Memory: 330752K Free: 259763K (79%)
----------------- Invoking toplevel() on ptolemy.moml.MoMLSimpleApplication@3ea5c978
----------------- Done invoking toplevel() on ptolemy.moml.MoMLSimpleApplication@3ea5c978
reloadAllAccessors: .IterateOverArray8

===========================================================================================
----------------- testing Sat Mar 02 00:09:30 UTC 2019 /home/travis/build/icyphy/ptII/ptolemy/actor/lib/hoc/test/auto/IterateOverArray9.xml
----------------- Instantiating /home/travis/build/icyphy/ptII/ptolemy/actor/lib/hoc/test/auto/IterateOverArray9.xml
9 ms. Memory: 330752K Free: 254104K (77%)
----------------- Invoking toplevel() on ptolemy.moml.MoMLSimpleApplication@6d514c3a
----------------- Done invoking toplevel() on ptolemy.moml.MoMLSimpleApplication@6d514c3a
reloadAllAccessors: .IterateOverArray9

===========================================================================================
----------------- testing Sat Mar 02 00:09:30 UTC 2019 /home/travis/build/icyphy/ptII/ptolemy/actor/lib/hoc/test/auto/IterateOverArrayCoercedOutputType.xml
----------------- Instantiating /home/travis/build/icyphy/ptII/ptolemy/actor/lib/hoc/test/auto/IterateOverArrayCoercedOutputType.xml
9 ms. Memory: 330752K Free: 247591K (75%)
----------------- Invoking toplevel() on ptolemy.moml.MoMLSimpleApplication@1015b79a
----------------- Done invoking toplevel() on ptolemy.moml.MoMLSimpleApplication@1015b79a
reloadAllAccessors: .IterateOverArrayCoercedOutputType

===========================================================================================
----------------- testing Sat Mar 02 00:09:30 UTC 2019 /home/travis/build/icyphy/ptII/ptolemy/actor/lib/hoc/test/auto/IterateOverArrayInferredOutputType.xml
----------------- Instantiating /home/travis/build/icyphy/ptII/ptolemy/actor/lib/hoc/test/auto/IterateOverArrayInferredOutputType.xml
5 ms. Memory: 330752K Free: 240304K (73%)
----------------- Invoking toplevel() on ptolemy.moml.MoMLSimpleApplication@64aa1230
----------------- Done invoking toplevel() on ptolemy.moml.MoMLSimpleApplication@64aa1230
reloadAllAccessors: .IterateOverArrayInferredOutputType

===========================================================================================
----------------- testing Sat Mar 02 00:09:30 UTC 2019 /home/travis/build/icyphy/ptII/ptolemy/actor/lib/hoc/test/auto/MobileFunctionTest.xml
----------------- Instantiating /home/travis/build/icyphy/ptII/ptolemy/actor/lib/hoc/test/auto/MobileFunctionTest.xml
4 ms. Memory: 330752K Free: 235420K (71%)
----------------- Invoking toplevel() on ptolemy.moml.MoMLSimpleApplication@70376bf
----------------- Done invoking toplevel() on ptolemy.moml.MoMLSimpleApplication@70376bf
reloadAllAccessors: .MobileFunctionTest

===========================================================================================
----------------- testing Sat Mar 02 00:09:30 UTC 2019 /home/travis/build/icyphy/ptII/ptolemy/actor/lib/hoc/test/auto/MobileModelTest.xml
----------------- Instantiating /home/travis/build/icyphy/ptII/ptolemy/actor/lib/hoc/test/auto/MobileModelTest.xml
74 ms. Memory: 330752K Free: 211819K (64%)
----------------- Invoking toplevel() on ptolemy.moml.MoMLSimpleApplication@42c58757
----------------- Done invoking toplevel() on ptolemy.moml.MoMLSimpleApplication@42c58757
reloadAllAccessors: .MobileModelTest

===========================================================================================
----------------- testing Sat Mar 02 00:09:30 UTC 2019 /home/travis/build/icyphy/ptII/ptolemy/actor/lib/hoc/test/auto/ModelReference.xml
----------------- Instantiating /home/travis/build/icyphy/ptII/ptolemy/actor/lib/hoc/test/auto/ModelReference.xml
3 ms. Memory: 330752K Free: 203678K (62%)
2 ms. Memory: 330752K Free: 203678K (62%)
5 ms. Memory: 330752K Free: 202050K (61%)
1 ms. Memory: 330752K Free: 202050K (61%)
1 ms. Memory: 330752K Free: 200422K (61%)
4 ms. Memory: 330752K Free: 200422K (61%)
2 ms. Memory: 330752K Free: 198794K (60%)
1 ms. Memory: 330752K Free: 198794K (60%)
2 ms. Memory: 330752K Free: 197166K (60%)
7 ms. Memory: 330752K Free: 197166K (60%)
34 ms. Memory: 330752K Free: 197166K (60%)
----------------- Invoking toplevel() on ptolemy.moml.MoMLSimpleApplication@158a4464
----------------- Done invoking toplevel() on ptolemy.moml.MoMLSimpleApplication@158a4464
reloadAllAccessors: .ModelReference

===========================================================================================
----------------- testing Sat Mar 02 00:09:31 UTC 2019 /home/travis/build/icyphy/ptII/ptolemy/actor/lib/hoc/test/auto/ModelReference3.xml
----------------- Instantiating /home/travis/build/icyphy/ptII/ptolemy/actor/lib/hoc/test/auto/ModelReference3.xml
3 ms. Memory: 330752K Free: 192281K (58%)
5 ms. Memory: 330752K Free: 190653K (58%)
1 ms. Memory: 330752K Free: 190653K (58%)
3 ms. Memory: 330752K Free: 189025K (57%)
1 ms. Memory: 330752K Free: 189025K (57%)
1 ms. Memory: 330752K Free: 187397K (57%)
1 ms. Memory: 330752K Free: 187397K (57%)
4 ms. Memory: 330752K Free: 185769K (56%)
3 ms. Memory: 330752K Free: 185769K (56%)
3 ms. Memory: 330752K Free: 184140K (56%)
35 ms. Memory: 330752K Free: 184140K (56%)
----------------- Invoking toplevel() on ptolemy.moml.MoMLSimpleApplication@c17927d
----------------- Done invoking toplevel() on ptolemy.moml.MoMLSimpleApplication@c17927d
reloadAllAccessors: .ModelReference3

===========================================================================================
----------------- testing Sat Mar 02 00:09:31 UTC 2019 /home/travis/build/icyphy/ptII/ptolemy/actor/lib/hoc/test/auto/ModelReference4.xml
----------------- Instantiating /home/travis/build/icyphy/ptII/ptolemy/actor/lib/hoc/test/auto/ModelReference4.xml
4 ms. Memory: 330752K Free: 176853K (53%)
3 ms. Memory: 330752K Free: 175225K (53%)
13 ms. Memory: 330752K Free: 173597K (52%)
12 ms. Memory: 330752K Free: 171969K (52%)
2 ms. Memory: 330752K Free: 168713K (51%)
7 ms. Memory: 330752K Free: 167084K (51%)
10 ms. Memory: 330752K Free: 165456K (50%)
11 ms. Memory: 330752K Free: 163828K (50%)
3 ms. Memory: 330752K Free: 162200K (49%)
5 ms. Memory: 330752K Free: 160572K (49%)
10023 ms. Memory: 330752K Free: 160572K (49%)
----------------- Invoking toplevel() on ptolemy.moml.MoMLSimpleApplication@505132cd
----------------- Done invoking toplevel() on ptolemy.moml.MoMLSimpleApplication@505132cd
reloadAllAccessors: .ModelReference4

===========================================================================================
----------------- testing Sat Mar 02 00:09:41 UTC 2019 /home/travis/build/icyphy/ptII/ptolemy/actor/lib/hoc/test/auto/MultiInstanceComposite.xml
----------------- Instantiating /home/travis/build/icyphy/ptII/ptolemy/actor/lib/hoc/test/auto/MultiInstanceComposite.xml
27 ms. Memory: 330752K Free: 142566K (43%)
----------------- Invoking toplevel() on ptolemy.moml.MoMLSimpleApplication@5760357e
----------------- Done invoking toplevel() on ptolemy.moml.MoMLSimpleApplication@5760357e
reloadAllAccessors: .MultiInstanceComposite

===========================================================================================
----------------- testing Sat Mar 02 00:09:41 UTC 2019 /home/travis/build/icyphy/ptII/ptolemy/actor/lib/hoc/test/auto/MultiInstanceComposite2.xml
----------------- Instantiating /home/travis/build/icyphy/ptII/ptolemy/actor/lib/hoc/test/auto/MultiInstanceComposite2.xml
23 ms. Memory: 330752K Free: 128710K (39%)
----------------- Invoking toplevel() on ptolemy.moml.MoMLSimpleApplication@1a23bfc7
----------------- Done invoking toplevel() on ptolemy.moml.MoMLSimpleApplication@1a23bfc7
reloadAllAccessors: .MultiInstanceComposite2

===========================================================================================
----------------- testing Sat Mar 02 00:09:41 UTC 2019 /home/travis/build/icyphy/ptII/ptolemy/actor/lib/hoc/test/auto/MulticoreExecution.xml
----------------- Instantiating /home/travis/build/icyphy/ptII/ptolemy/actor/lib/hoc/test/auto/MulticoreExecution.xml
Fired ExecutionTime: 4400000
Fired ExecutionTime: 2000000
Fired ExecutionTime: 13600000
Fired ExecutionTime: 8800000
Fired ExecutionTime: 68800000
Fired ExecutionTime: 68800000
Fired ExecutionTime: 64400000
Fired ExecutionTime: 71200000
Fired ExecutionTime: 66000000
Fired ExecutionTime: 66400000
Fired ExecutionTime: 66400000
Fired ExecutionTime: 66000000
Fired ExecutionTime: 66400000
Fired ExecutionTime: 69200000
Fired ExecutionTime: 65200000
Fired ExecutionTime: 66000000
Fired ExecutionTime: 66400000
Fired ExecutionTime: 70800000
Fired ExecutionTime: 62800000
Fired ExecutionTime: 62800000
1060 ms. Memory: 330752K Free: 115637K (35%)
----------------- Invoking toplevel() on ptolemy.moml.MoMLSimpleApplication@2e139f63
----------------- Done invoking toplevel() on ptolemy.moml.MoMLSimpleApplication@2e139f63
reloadAllAccessors: .MulticoreExecution

===========================================================================================
----------------- testing Sat Mar 02 00:09:42 UTC 2019 /home/travis/build/icyphy/ptII/ptolemy/actor/lib/hoc/test/auto/ParallelExecution.xml
----------------- Instantiating /home/travis/build/icyphy/ptII/ptolemy/actor/lib/hoc/test/auto/ParallelExecution.xml
920 ms. Memory: 330752K Free: 103441K (31%)
----------------- Invoking toplevel() on ptolemy.moml.MoMLSimpleApplication@36527ea4
----------------- Done invoking toplevel() on ptolemy.moml.MoMLSimpleApplication@36527ea4
reloadAllAccessors: .ParallelExecution

===========================================================================================
----------------- testing Sat Mar 02 00:09:43 UTC 2019 /home/travis/build/icyphy/ptII/ptolemy/actor/lib/hoc/test/auto/RunCompositeActor.xml
----------------- Instantiating /home/travis/build/icyphy/ptII/ptolemy/actor/lib/hoc/test/auto/RunCompositeActor.xml
6 ms. Memory: 330752K Free: 95268K (29%)
----------------- Invoking toplevel() on ptolemy.moml.MoMLSimpleApplication@16ac8c46
----------------- Done invoking toplevel() on ptolemy.moml.MoMLSimpleApplication@16ac8c46
reloadAllAccessors: .RunCompositeActor

===========================================================================================
----------------- testing Sat Mar 02 00:09:43 UTC 2019 /home/travis/build/icyphy/ptII/ptolemy/actor/lib/hoc/test/auto/RunCompositeActor2.xml
----------------- Instantiating /home/travis/build/icyphy/ptII/ptolemy/actor/lib/hoc/test/auto/RunCompositeActor2.xml
4 ms. Memory: 330752K Free: 88755K (27%)
----------------- Invoking toplevel() on ptolemy.moml.MoMLSimpleApplication@4cf08836
----------------- Done invoking toplevel() on ptolemy.moml.MoMLSimpleApplication@4cf08836
reloadAllAccessors: .RunCompositeActor2

===========================================================================================
----------------- testing Sat Mar 02 00:09:43 UTC 2019 /home/travis/build/icyphy/ptII/ptolemy/actor/lib/hoc/test/auto/RunCompositeActor3.xml
----------------- Instantiating /home/travis/build/icyphy/ptII/ptolemy/actor/lib/hoc/test/auto/RunCompositeActor3.xml
6 ms. Memory: 330752K Free: 81452K (25%)
----------------- Invoking toplevel() on ptolemy.moml.MoMLSimpleApplication@9ec11d3
----------------- Done invoking toplevel() on ptolemy.moml.MoMLSimpleApplication@9ec11d3
reloadAllAccessors: .RunCompositeActor3

===========================================================================================
----------------- testing Sat Mar 02 00:09:43 UTC 2019 /home/travis/build/icyphy/ptII/ptolemy/actor/lib/hoc/test/auto/RunCompositeActor4.xml
----------------- Instantiating /home/travis/build/icyphy/ptII/ptolemy/actor/lib/hoc/test/auto/RunCompositeActor4.xml
14 ms. Memory: 332288K Free: 315845K (95%)
----------------- Invoking toplevel() on ptolemy.moml.MoMLSimpleApplication@2a30306c
----------------- Done invoking toplevel() on ptolemy.moml.MoMLSimpleApplication@2a30306c
reloadAllAccessors: .RunCompositeActor4

===========================================================================================
----------------- testing Sat Mar 02 00:09:43 UTC 2019 /home/travis/build/icyphy/ptII/ptolemy/actor/lib/hoc/test/auto/RunCompositeIterateOverArray.xml
----------------- Instantiating /home/travis/build/icyphy/ptII/ptolemy/actor/lib/hoc/test/auto/RunCompositeIterateOverArray.xml
8 ms. Memory: 332288K Free: 308760K (93%)
----------------- Invoking toplevel() on ptolemy.moml.MoMLSimpleApplication@2e278a0f
----------------- Done invoking toplevel() on ptolemy.moml.MoMLSimpleApplication@2e278a0f
reloadAllAccessors: .RunCompositeIterateOverArray

===========================================================================================
----------------- testing Sat Mar 02 00:09:43 UTC 2019 /home/travis/build/icyphy/ptII/ptolemy/actor/lib/hoc/test/auto/ThreadedJS.xml
----------------- Instantiating /home/travis/build/icyphy/ptII/ptolemy/actor/lib/hoc/test/auto/ThreadedJS.xml
1653 ms. Memory: 539648K Free: 166146K (31%)
----------------- Invoking toplevel() on ptolemy.moml.MoMLSimpleApplication@757d5ad7
----------------- Done invoking toplevel() on ptolemy.moml.MoMLSimpleApplication@757d5ad7
reloadAllAccessors: .ThreadedJS
AutoTests.java: About to close Vertx.
AutoTests.java: Vertx closed.
]]></system-out>
  <system-err><![CDATA[java.lang.RuntimeException: Execution failed
	at ptolemy.moml.MoMLSimpleApplication$UnloadThread.run(MoMLSimpleApplication.java:402)
Caused by: ptolemy.kernel.util.IllegalActionException: initialize() was called after wrapup() was called but preinitialize() was not called after wrapup().
	at ptolemy.actor.lib.hoc.test.PreinitializeMustBeInvoked.initialize(PreinitializeMustBeInvoked.java:78)
	at ptolemy.actor.Director.initialize(Director.java:938)
	at ptolemy.actor.Director.initialize(Director.java:907)
	at ptolemy.actor.sched.StaticSchedulingDirector.initialize(StaticSchedulingDirector.java:159)
	at ptolemy.domains.sdf.kernel.SDFDirector.initialize(SDFDirector.java:544)
	at ptolemy.actor.CompositeActor.initialize(CompositeActor.java:935)
	at ptolemy.actor.lib.hoc.LifeCycleManager._executeInsideModel(LifeCycleManager.java:339)
	at ptolemy.actor.lib.hoc.RunCompositeActor.fire(RunCompositeActor.java:205)
	at ptolemy.actor.CompositeActor.iterate(CompositeActor.java:1146)
	at ptolemy.actor.sched.StaticSchedulingDirector.fire(StaticSchedulingDirector.java:216)
	at ptolemy.domains.sdf.kernel.SDFDirector.fire(SDFDirector.java:500)
	at ptolemy.actor.CompositeActor.fire(CompositeActor.java:455)
	at ptolemy.actor.Manager.iterate(Manager.java:851)
	at ptolemy.actor.Manager.execute(Manager.java:369)
	at ptolemy.actor.Manager.run(Manager.java:1263)
	at ptolemy.actor.Manager$PtolemyRunThread.run(Manager.java:1915)
java.lang.reflect.InvocationTargetException
	at sun.reflect.NativeConstructorAccessorImpl.newInstance0(Native Method)
	at sun.reflect.NativeConstructorAccessorImpl.newInstance(NativeConstructorAccessorImpl.java:62)
	at sun.reflect.DelegatingConstructorAccessorImpl.newInstance(DelegatingConstructorAccessorImpl.java:45)
	at java.lang.reflect.Constructor.newInstance(Constructor.java:423)
	at ptolemy.util.test.junit.AutoKnownFailedTests.RunModel(AutoKnownFailedTests.java:105)
	at sun.reflect.NativeMethodAccessorImpl.invoke0(Native Method)
	at sun.reflect.NativeMethodAccessorImpl.invoke(NativeMethodAccessorImpl.java:62)
	at sun.reflect.DelegatingMethodAccessorImpl.invoke(DelegatingMethodAccessorImpl.java:43)
	at java.lang.reflect.Method.invoke(Method.java:498)
	at org.junit.runners.model.FrameworkMethod$1.runReflectiveCall(FrameworkMethod.java:44)
	at org.junit.internal.runners.model.ReflectiveCallable.run(ReflectiveCallable.java:15)
	at org.junit.runners.model.FrameworkMethod.invokeExplosively(FrameworkMethod.java:41)
	at junitparams.internal.InvokeParameterisedMethod.evaluate(InvokeParameterisedMethod.java:102)
	at org.junit.internal.runners.statements.FailOnTimeout$1.run(FailOnTimeout.java:28)
Caused by: ptolemy.kernel.util.IllegalActionException: initialize() was called after wrapup() was called but preinitialize() was not called after wrapup().
	at ptolemy.actor.lib.hoc.test.PreinitializeMustBeInvoked.initialize(PreinitializeMustBeInvoked.java:78)
	at ptolemy.actor.Director.initialize(Director.java:938)
	at ptolemy.actor.Director.initialize(Director.java:907)
	at ptolemy.actor.sched.StaticSchedulingDirector.initialize(StaticSchedulingDirector.java:159)
	at ptolemy.domains.sdf.kernel.SDFDirector.initialize(SDFDirector.java:544)
	at ptolemy.actor.CompositeActor.initialize(CompositeActor.java:935)
	at ptolemy.actor.lib.hoc.LifeCycleManager._executeInsideModel(LifeCycleManager.java:339)
	at ptolemy.actor.lib.hoc.RunCompositeActor.fire(RunCompositeActor.java:205)
	at ptolemy.actor.CompositeActor.iterate(CompositeActor.java:1146)
	at ptolemy.actor.sched.StaticSchedulingDirector.fire(StaticSchedulingDirector.java:216)
	at ptolemy.domains.sdf.kernel.SDFDirector.fire(SDFDirector.java:500)
	at ptolemy.actor.CompositeActor.fire(CompositeActor.java:455)
	at ptolemy.actor.Manager.iterate(Manager.java:851)
	at ptolemy.actor.Manager.execute(Manager.java:369)
	at ptolemy.actor.Manager.run(Manager.java:1263)
	at ptolemy.actor.Manager$PtolemyRunThread.run(Manager.java:1915)
]]></system-err>
</testsuite>
