<?xml version="1.0" encoding="UTF-8" ?>
<testsuite errors="0" failures="0" hostname="travis-job-6a8f57cb-720e-454f-a890-23c87d2d5934" name="ptolemy.domains.continuous.test.junit.JUnitTclTest" skipped="0" tests="155" time="73.754" timestamp="2018-09-16T02:07:37">
  <properties>
[...]
</properties>
  <testcase classname="ptolemy.util.test.junit.TclTests" name="[0] ThereAreNoTclTests (RunTclFile)" time="0.001" />
  <testcase classname="ptolemy.util.test.junit.AutoKnownFailedTests" name="[0] ThereAreNoKnowFailedTests (RunModel)" time="0.001" />
  <testcase classname="ptolemy.util.test.junit.AutoNameArchTests" name="[0] ThereAreNoAutoArchTests (RunModel)" time="0.004" />
  <testcase classname="ptolemy.util.test.junit.AutoTests" name="[0] /home/travis/build/icyphy/ptII/ptolemy/domains/continuous/test/auto/BouncingBall.xml (RunModel)" time="2.893" />
  <testcase classname="ptolemy.util.test.junit.AutoTests" name="[1] /home/travis/build/icyphy/ptII/ptolemy/domains/continuous/test/auto/BouncingBallWithoutGR.xml (RunModel)" time="1.046" />
  <testcase classname="ptolemy.util.test.junit.AutoTests" name="[2] /home/travis/build/icyphy/ptII/ptolemy/domains/continuous/test/auto/Brownian.xml (RunModel)" time="0.103" />
  <testcase classname="ptolemy.util.test.junit.AutoTests" name="[3] /home/travis/build/icyphy/ptII/ptolemy/domains/continuous/test/auto/CarTracking.xml (RunModel)" time="3.701" />
  <testcase classname="ptolemy.util.test.junit.AutoTests" name="[4] /home/travis/build/icyphy/ptII/ptolemy/domains/continuous/test/auto/CartPendulum.xml (RunModel)" time="0.504" />
  <testcase classname="ptolemy.util.test.junit.AutoTests" name="[5] /home/travis/build/icyphy/ptII/ptolemy/domains/continuous/test/auto/CausalityInterface10.xml (RunModel)" time="0.055" />
  <testcase classname="ptolemy.util.test.junit.AutoTests" name="[6] /home/travis/build/icyphy/ptII/ptolemy/domains/continuous/test/auto/CausalityInterface11.xml (RunModel)" time="0.042" />
  <testcase classname="ptolemy.util.test.junit.AutoTests" name="[7] /home/travis/build/icyphy/ptII/ptolemy/domains/continuous/test/auto/CausalityInterface12.xml (RunModel)" time="0.037" />
  <testcase classname="ptolemy.util.test.junit.AutoTests" name="[8] /home/travis/build/icyphy/ptII/ptolemy/domains/continuous/test/auto/CausalityInterface13.xml (RunModel)" time="0.035" />
  <testcase classname="ptolemy.util.test.junit.AutoTests" name="[9] /home/travis/build/icyphy/ptII/ptolemy/domains/continuous/test/auto/CausalityInterface14.xml (RunModel)" time="0.027" />
  <testcase classname="ptolemy.util.test.junit.AutoTests" name="[10] /home/travis/build/icyphy/ptII/ptolemy/domains/continuous/test/auto/CausalityInterface4.xml (RunModel)" time="0.036" />
  <testcase classname="ptolemy.util.test.junit.AutoTests" name="[11] /home/travis/build/icyphy/ptII/ptolemy/domains/continuous/test/auto/CausalityInterface5.xml (RunModel)" time="0.043" />
  <testcase classname="ptolemy.util.test.junit.AutoTests" name="[12] /home/travis/build/icyphy/ptII/ptolemy/domains/continuous/test/auto/CausalityInterface6.xml (RunModel)" time="0.021" />
  <testcase classname="ptolemy.util.test.junit.AutoTests" name="[13] /home/travis/build/icyphy/ptII/ptolemy/domains/continuous/test/auto/CausalityInterface7.xml (RunModel)" time="0.039" />
  <testcase classname="ptolemy.util.test.junit.AutoTests" name="[14] /home/travis/build/icyphy/ptII/ptolemy/domains/continuous/test/auto/CausalityInterface8.xml (RunModel)" time="0.04" />
  <testcase classname="ptolemy.util.test.junit.AutoTests" name="[15] /home/travis/build/icyphy/ptII/ptolemy/domains/continuous/test/auto/CausalityInterface9.xml (RunModel)" time="0.041" />
  <testcase classname="ptolemy.util.test.junit.AutoTests" name="[16] /home/travis/build/icyphy/ptII/ptolemy/domains/continuous/test/auto/CausalityInterfaceFeedback1.xml (RunModel)" time="0.028" />
  <testcase classname="ptolemy.util.test.junit.AutoTests" name="[17] /home/travis/build/icyphy/ptII/ptolemy/domains/continuous/test/auto/CausalityInterfaceFeedback2.xml (RunModel)" time="0.035" />
  <testcase classname="ptolemy.util.test.junit.AutoTests" name="[18] /home/travis/build/icyphy/ptII/ptolemy/domains/continuous/test/auto/CompareWithCurrentTime.xml (RunModel)" time="0.029" />
  <testcase classname="ptolemy.util.test.junit.AutoTests" name="[19] /home/travis/build/icyphy/ptII/ptolemy/domains/continuous/test/auto/ComparedClocks.xml (RunModel)" time="0.073" />
  <testcase classname="ptolemy.util.test.junit.AutoTests" name="[20] /home/travis/build/icyphy/ptII/ptolemy/domains/continuous/test/auto/ContinuousAOCClone.xml (RunModel)" time="2.693" />
  <testcase classname="ptolemy.util.test.junit.AutoTests" name="[21] /home/travis/build/icyphy/ptII/ptolemy/domains/continuous/test/auto/ContinuousClock.xml (RunModel)" time="0.091" />
  <testcase classname="ptolemy.util.test.junit.AutoTests" name="[22] /home/travis/build/icyphy/ptII/ptolemy/domains/continuous/test/auto/ContinuousInContinuous.xml (RunModel)" time="0.093" />
  <testcase classname="ptolemy.util.test.junit.AutoTests" name="[23] /home/travis/build/icyphy/ptII/ptolemy/domains/continuous/test/auto/ContinuousInContinuousInContinuous.xml (RunModel)" time="0.034" />
  <testcase classname="ptolemy.util.test.junit.AutoTests" name="[24] /home/travis/build/icyphy/ptII/ptolemy/domains/continuous/test/auto/ContinuousInDE.xml (RunModel)" time="0.134" />
  <testcase classname="ptolemy.util.test.junit.AutoTests" name="[25] /home/travis/build/icyphy/ptII/ptolemy/domains/continuous/test/auto/ContinuousInDE2.xml (RunModel)" time="0.065" />
  <testcase classname="ptolemy.util.test.junit.AutoTests" name="[26] /home/travis/build/icyphy/ptII/ptolemy/domains/continuous/test/auto/ContinuousInDE3.xml (RunModel)" time="0.05" />
  <testcase classname="ptolemy.util.test.junit.AutoTests" name="[27] /home/travis/build/icyphy/ptII/ptolemy/domains/continuous/test/auto/ContinuousInDE4.xml (RunModel)" time="0.036" />
  <testcase classname="ptolemy.util.test.junit.AutoTests" name="[28] /home/travis/build/icyphy/ptII/ptolemy/domains/continuous/test/auto/ContinuousInDEDifferentRefinements.xml (RunModel)" time="0.107" />
  <testcase classname="ptolemy.util.test.junit.AutoTests" name="[29] /home/travis/build/icyphy/ptII/ptolemy/domains/continuous/test/auto/ContinuousInDEDifferentRefinementsPreemptive.xml (RunModel)" time="0.09" />
  <testcase classname="ptolemy.util.test.junit.AutoTests" name="[30] /home/travis/build/icyphy/ptII/ptolemy/domains/continuous/test/auto/ContinuousInDEInContinuous2.xml (RunModel)" time="0.062" />
  <testcase classname="ptolemy.util.test.junit.AutoTests" name="[31] /home/travis/build/icyphy/ptII/ptolemy/domains/continuous/test/auto/ContinuousInDEInContinuous3.xml (RunModel)" time="0.064" />
  <testcase classname="ptolemy.util.test.junit.AutoTests" name="[32] /home/travis/build/icyphy/ptII/ptolemy/domains/continuous/test/auto/ContinuousInDEInput.xml (RunModel)" time="0.045" />
  <testcase classname="ptolemy.util.test.junit.AutoTests" name="[33] /home/travis/build/icyphy/ptII/ptolemy/domains/continuous/test/auto/ContinuousInDEInput2.xml (RunModel)" time="0.039" />
  <testcase classname="ptolemy.util.test.junit.AutoTests" name="[34] /home/travis/build/icyphy/ptII/ptolemy/domains/continuous/test/auto/ContinuousInDEInput3.xml (RunModel)" time="0.032" />
  <testcase classname="ptolemy.util.test.junit.AutoTests" name="[35] /home/travis/build/icyphy/ptII/ptolemy/domains/continuous/test/auto/ContinuousInDESharingRefinement.xml (RunModel)" time="0.184" />
  <testcase classname="ptolemy.util.test.junit.AutoTests" name="[36] /home/travis/build/icyphy/ptII/ptolemy/domains/continuous/test/auto/ContinuousInDEwithNoPorts.xml (RunModel)" time="0.017" />
  <testcase classname="ptolemy.util.test.junit.AutoTests" name="[37] /home/travis/build/icyphy/ptII/ptolemy/domains/continuous/test/auto/ContinuousInsideDE.xml (RunModel)" time="0.069" />
  <testcase classname="ptolemy.util.test.junit.AutoTests" name="[38] /home/travis/build/icyphy/ptII/ptolemy/domains/continuous/test/auto/ContinuousMerge1.xml (RunModel)" time="0.012" />
  <testcase classname="ptolemy.util.test.junit.AutoTests" name="[39] /home/travis/build/icyphy/ptII/ptolemy/domains/continuous/test/auto/ContinuousMerge2.xml (RunModel)" time="0.033" />
  <testcase classname="ptolemy.util.test.junit.AutoTests" name="[40] /home/travis/build/icyphy/ptII/ptolemy/domains/continuous/test/auto/ContinuousMerge3.xml (RunModel)" time="0.074" />
  <testcase classname="ptolemy.util.test.junit.AutoTests" name="[41] /home/travis/build/icyphy/ptII/ptolemy/domains/continuous/test/auto/ContinuousWithinContinuous.xml (RunModel)" time="0.056" />
  <testcase classname="ptolemy.util.test.junit.AutoTests" name="[42] /home/travis/build/icyphy/ptII/ptolemy/domains/continuous/test/auto/ContinuousWithinContinuous2.xml (RunModel)" time="0.081" />
  <testcase classname="ptolemy.util.test.junit.AutoTests" name="[43] /home/travis/build/icyphy/ptII/ptolemy/domains/continuous/test/auto/ContinuousWithinContinuous3.xml (RunModel)" time="0.047" />
  <testcase classname="ptolemy.util.test.junit.AutoTests" name="[44] /home/travis/build/icyphy/ptII/ptolemy/domains/continuous/test/auto/ContinuousWithinContinuous4.xml (RunModel)" time="0.082" />
  <testcase classname="ptolemy.util.test.junit.AutoTests" name="[45] /home/travis/build/icyphy/ptII/ptolemy/domains/continuous/test/auto/ContinuousWithinContinuous5.xml (RunModel)" time="0.03" />
  <testcase classname="ptolemy.util.test.junit.AutoTests" name="[46] /home/travis/build/icyphy/ptII/ptolemy/domains/continuous/test/auto/ContinuousWithinContinuous6.xml (RunModel)" time="0.04" />
  <testcase classname="ptolemy.util.test.junit.AutoTests" name="[47] /home/travis/build/icyphy/ptII/ptolemy/domains/continuous/test/auto/ContinuousWithinContinuous7.xml (RunModel)" time="0.073" />
  <testcase classname="ptolemy.util.test.junit.AutoTests" name="[48] /home/travis/build/icyphy/ptII/ptolemy/domains/continuous/test/auto/DCMotor.xml (RunModel)" time="13.835" />
  <testcase classname="ptolemy.util.test.junit.AutoTests" name="[49] /home/travis/build/icyphy/ptII/ptolemy/domains/continuous/test/auto/DEInContinuous.xml (RunModel)" time="0.017" />
  <testcase classname="ptolemy.util.test.junit.AutoTests" name="[50] /home/travis/build/icyphy/ptII/ptolemy/domains/continuous/test/auto/DEinContinuous2.xml (RunModel)" time="0.022" />
  <testcase classname="ptolemy.util.test.junit.AutoTests" name="[51] /home/travis/build/icyphy/ptII/ptolemy/domains/continuous/test/auto/Derivative.xml (RunModel)" time="0.197" />
  <testcase classname="ptolemy.util.test.junit.AutoTests" name="[52] /home/travis/build/icyphy/ptII/ptolemy/domains/continuous/test/auto/Derivative1.xml (RunModel)" time="0.041" />
  <testcase classname="ptolemy.util.test.junit.AutoTests" name="[53] /home/travis/build/icyphy/ptII/ptolemy/domains/continuous/test/auto/DiscreteClock.xml (RunModel)" time="0.015" />
  <testcase classname="ptolemy.util.test.junit.AutoTests" name="[54] /home/travis/build/icyphy/ptII/ptolemy/domains/continuous/test/auto/EfficiencyCurve.xml (RunModel)" time="0.118" />
  <testcase classname="ptolemy.util.test.junit.AutoTests" name="[55] /home/travis/build/icyphy/ptII/ptolemy/domains/continuous/test/auto/ExponentialResponse.xml (RunModel)" time="0.117" />
  <testcase classname="ptolemy.util.test.junit.AutoTests" name="[56] /home/travis/build/icyphy/ptII/ptolemy/domains/continuous/test/auto/ExponentialResponseRK45.xml (RunModel)" time="0.036" />
  <testcase classname="ptolemy.util.test.junit.AutoTests" name="[57] /home/travis/build/icyphy/ptII/ptolemy/domains/continuous/test/auto/Friction.xml (RunModel)" time="1.412" />
  <testcase classname="ptolemy.util.test.junit.AutoTests" name="[58] /home/travis/build/icyphy/ptII/ptolemy/domains/continuous/test/auto/FurutaPendulum.xml (RunModel)" time="3.567" />
  <testcase classname="ptolemy.util.test.junit.AutoTests" name="[59] /home/travis/build/icyphy/ptII/ptolemy/domains/continuous/test/auto/HierarchicalExecution.xml (RunModel)" time="2.176" />
  <testcase classname="ptolemy.util.test.junit.AutoTests" name="[60] /home/travis/build/icyphy/ptII/ptolemy/domains/continuous/test/auto/HybridPlant.xml (RunModel)" time="0.605" />
  <testcase classname="ptolemy.util.test.junit.AutoTests" name="[61] /home/travis/build/icyphy/ptII/ptolemy/domains/continuous/test/auto/Hysteresis.xml (RunModel)" time="0.172" />
  <testcase classname="ptolemy.util.test.junit.AutoTests" name="[62] /home/travis/build/icyphy/ptII/ptolemy/domains/continuous/test/auto/HysteresisWithRandomDelay.xml (RunModel)" time="0.216" />
  <testcase classname="ptolemy.util.test.junit.AutoTests" name="[63] /home/travis/build/icyphy/ptII/ptolemy/domains/continuous/test/auto/HysteresisWithRandomLosses.xml (RunModel)" time="2.248" />
  <testcase classname="ptolemy.util.test.junit.AutoTests" name="[64] /home/travis/build/icyphy/ptII/ptolemy/domains/continuous/test/auto/ImmediateTransitions.xml (RunModel)" time="0.029" />
  <testcase classname="ptolemy.util.test.junit.AutoTests" name="[65] /home/travis/build/icyphy/ptII/ptolemy/domains/continuous/test/auto/ImpulseFeedback.xml (RunModel)" time="0.03" />
  <testcase classname="ptolemy.util.test.junit.AutoTests" name="[66] /home/travis/build/icyphy/ptII/ptolemy/domains/continuous/test/auto/ImpulseFeedback2.xml (RunModel)" time="0.021" />
  <testcase classname="ptolemy.util.test.junit.AutoTests" name="[67] /home/travis/build/icyphy/ptII/ptolemy/domains/continuous/test/auto/IncreasingRatePoisson.xml (RunModel)" time="0.743" />
  <testcase classname="ptolemy.util.test.junit.AutoTests" name="[68] /home/travis/build/icyphy/ptII/ptolemy/domains/continuous/test/auto/InitialStateFeedback.xml (RunModel)" time="0.021" />
  <testcase classname="ptolemy.util.test.junit.AutoTests" name="[69] /home/travis/build/icyphy/ptII/ptolemy/domains/continuous/test/auto/Integration.xml (RunModel)" time="0.016" />
  <testcase classname="ptolemy.util.test.junit.AutoTests" name="[70] /home/travis/build/icyphy/ptII/ptolemy/domains/continuous/test/auto/Integration2.xml (RunModel)" time="0.094" />
  <testcase classname="ptolemy.util.test.junit.AutoTests" name="[71] /home/travis/build/icyphy/ptII/ptolemy/domains/continuous/test/auto/Integration3.xml (RunModel)" time="0.013" />
  <testcase classname="ptolemy.util.test.junit.AutoTests" name="[72] /home/travis/build/icyphy/ptII/ptolemy/domains/continuous/test/auto/Integration5.xml (RunModel)" time="0.02" />
  <testcase classname="ptolemy.util.test.junit.AutoTests" name="[73] /home/travis/build/icyphy/ptII/ptolemy/domains/continuous/test/auto/IntegratorImpulse.xml (RunModel)" time="0.011" />
  <testcase classname="ptolemy.util.test.junit.AutoTests" name="[74] /home/travis/build/icyphy/ptII/ptolemy/domains/continuous/test/auto/IntegratorImpulse2.xml (RunModel)" time="0.011" />
  <testcase classname="ptolemy.util.test.junit.AutoTests" name="[75] /home/travis/build/icyphy/ptII/ptolemy/domains/continuous/test/auto/LevelCrossing1.xml (RunModel)" time="0.012" />
  <testcase classname="ptolemy.util.test.junit.AutoTests" name="[76] /home/travis/build/icyphy/ptII/ptolemy/domains/continuous/test/auto/LevelCrossing2.xml (RunModel)" time="0.012" />
  <testcase classname="ptolemy.util.test.junit.AutoTests" name="[77] /home/travis/build/icyphy/ptII/ptolemy/domains/continuous/test/auto/LevelCrossing3.xml (RunModel)" time="0.017" />
  <testcase classname="ptolemy.util.test.junit.AutoTests" name="[78] /home/travis/build/icyphy/ptII/ptolemy/domains/continuous/test/auto/LevelCrossing4.xml (RunModel)" time="0.014" />
  <testcase classname="ptolemy.util.test.junit.AutoTests" name="[79] /home/travis/build/icyphy/ptII/ptolemy/domains/continuous/test/auto/LevelCrossing5.xml (RunModel)" time="0.014" />
  <testcase classname="ptolemy.util.test.junit.AutoTests" name="[80] /home/travis/build/icyphy/ptII/ptolemy/domains/continuous/test/auto/LevelCrossing6.xml (RunModel)" time="0.013" />
  <testcase classname="ptolemy.util.test.junit.AutoTests" name="[81] /home/travis/build/icyphy/ptII/ptolemy/domains/continuous/test/auto/LevelCrossingDetector.xml (RunModel)" time="0.041" />
  <testcase classname="ptolemy.util.test.junit.AutoTests" name="[82] /home/travis/build/icyphy/ptII/ptolemy/domains/continuous/test/auto/LevelCrossingDetectorDetectingDirections.xml (RunModel)" time="0.084" />
  <testcase classname="ptolemy.util.test.junit.AutoTests" name="[83] /home/travis/build/icyphy/ptII/ptolemy/domains/continuous/test/auto/LevelCrossingDetectorDetectsGlitches.xml (RunModel)" time="0.067" />
  <testcase classname="ptolemy.util.test.junit.AutoTests" name="[84] /home/travis/build/icyphy/ptII/ptolemy/domains/continuous/test/auto/LevelCrossingNoInitialOuput.xml (RunModel)" time="0.014" />
  <testcase classname="ptolemy.util.test.junit.AutoTests" name="[85] /home/travis/build/icyphy/ptII/ptolemy/domains/continuous/test/auto/LinearStateSpaceExample.xml (RunModel)" time="0.041" />
  <testcase classname="ptolemy.util.test.junit.AutoTests" name="[86] /home/travis/build/icyphy/ptII/ptolemy/domains/continuous/test/auto/Lorenz.xml (RunModel)" time="3.975" />
  <testcase classname="ptolemy.util.test.junit.AutoTests" name="[87] /home/travis/build/icyphy/ptII/ptolemy/domains/continuous/test/auto/LorenzDifferentialSystem.xml (RunModel)" time="1.127" />
  <testcase classname="ptolemy.util.test.junit.AutoTests" name="[88] /home/travis/build/icyphy/ptII/ptolemy/domains/continuous/test/auto/LorenzDifferentialSystemWithInput.xml (RunModel)" time="1.413" />
  <testcase classname="ptolemy.util.test.junit.AutoTests" name="[89] /home/travis/build/icyphy/ptII/ptolemy/domains/continuous/test/auto/LorenzDifferentialSystemWithTime.xml (RunModel)" time="0.935" />
  <testcase classname="ptolemy.util.test.junit.AutoTests" name="[90] /home/travis/build/icyphy/ptII/ptolemy/domains/continuous/test/auto/Microsteps.xml (RunModel)" time="0.037" />
  <testcase classname="ptolemy.util.test.junit.AutoTests" name="[91] /home/travis/build/icyphy/ptII/ptolemy/domains/continuous/test/auto/Modal1.xml (RunModel)" time="0.044" />
  <testcase classname="ptolemy.util.test.junit.AutoTests" name="[92] /home/travis/build/icyphy/ptII/ptolemy/domains/continuous/test/auto/Modal2.xml (RunModel)" time="0.035" />
  <testcase classname="ptolemy.util.test.junit.AutoTests" name="[93] /home/travis/build/icyphy/ptII/ptolemy/domains/continuous/test/auto/ModalTransitionGuardWithReset.xml (RunModel)" time="0.022" />
  <testcase classname="ptolemy.util.test.junit.AutoTests" name="[94] /home/travis/build/icyphy/ptII/ptolemy/domains/continuous/test/auto/ModalTransitionGuardWithResetUsingPreemptiveTransition.xml (RunModel)" time="0.027" />
  <testcase classname="ptolemy.util.test.junit.AutoTests" name="[95] /home/travis/build/icyphy/ptII/ptolemy/domains/continuous/test/auto/ModalTransitionGuardWithResetUsingPreemptiveTransition2.xml (RunModel)" time="0.024" />
  <testcase classname="ptolemy.util.test.junit.AutoTests" name="[96] /home/travis/build/icyphy/ptII/ptolemy/domains/continuous/test/auto/ModalTransitionGuardWithResetUsingPreemptiveTransition3.xml (RunModel)" time="0.032" />
  <testcase classname="ptolemy.util.test.junit.AutoTests" name="[97] /home/travis/build/icyphy/ptII/ptolemy/domains/continuous/test/auto/NewtonsCradle.xml (RunModel)" time="0.806" />
  <testcase classname="ptolemy.util.test.junit.AutoTests" name="[98] /home/travis/build/icyphy/ptII/ptolemy/domains/continuous/test/auto/NewtonsCradleAnimated.xml (RunModel)" time="1.245" />
  <testcase classname="ptolemy.util.test.junit.AutoTests" name="[99] /home/travis/build/icyphy/ptII/ptolemy/domains/continuous/test/auto/NewtonsCradleComplicated.xml (RunModel)" time="0.94" />
  <testcase classname="ptolemy.util.test.junit.AutoTests" name="[100] /home/travis/build/icyphy/ptII/ptolemy/domains/continuous/test/auto/NewtonsCradleNondeterministic.xml (RunModel)" time="0.708" />
  <testcase classname="ptolemy.util.test.junit.AutoTests" name="[101] /home/travis/build/icyphy/ptII/ptolemy/domains/continuous/test/auto/NewtonsCradlePerfectlyInelastic1.xml (RunModel)" time="1.293" />
  <testcase classname="ptolemy.util.test.junit.AutoTests" name="[102] /home/travis/build/icyphy/ptII/ptolemy/domains/continuous/test/auto/Noise.xml (RunModel)" time="0.178" />
  <testcase classname="ptolemy.util.test.junit.AutoTests" name="[103] /home/travis/build/icyphy/ptII/ptolemy/domains/continuous/test/auto/NoiseSpectrum.xml (RunModel)" time="0.778" />
  <testcase classname="ptolemy.util.test.junit.AutoTests" name="[104] /home/travis/build/icyphy/ptII/ptolemy/domains/continuous/test/auto/ParameterizedNewtonsCradleAnimated.xml (RunModel)" time="0.354" />
  <testcase classname="ptolemy.util.test.junit.AutoTests" name="[105] /home/travis/build/icyphy/ptII/ptolemy/domains/continuous/test/auto/ParameterizedNewtonsCradleAnimatedNondeterministic.xml (RunModel)" time="1.123" />
  <testcase classname="ptolemy.util.test.junit.AutoTests" name="[106] /home/travis/build/icyphy/ptII/ptolemy/domains/continuous/test/auto/Pendulum3D.xml (RunModel)" time="0.174" />
  <testcase classname="ptolemy.util.test.junit.AutoTests" name="[107] /home/travis/build/icyphy/ptII/ptolemy/domains/continuous/test/auto/PeriodicSampler.xml (RunModel)" time="0.012" />
  <testcase classname="ptolemy.util.test.junit.AutoTests" name="[108] /home/travis/build/icyphy/ptII/ptolemy/domains/continuous/test/auto/PeriodicSampler1.xml (RunModel)" time="0.045" />
  <testcase classname="ptolemy.util.test.junit.AutoTests" name="[109] /home/travis/build/icyphy/ptII/ptolemy/domains/continuous/test/auto/PeriodicSampler2.xml (RunModel)" time="0.075" />
  <testcase classname="ptolemy.util.test.junit.AutoTests" name="[110] /home/travis/build/icyphy/ptII/ptolemy/domains/continuous/test/auto/Poisson.xml (RunModel)" time="0.402" />
  <testcase classname="ptolemy.util.test.junit.AutoTests" name="[111] /home/travis/build/icyphy/ptII/ptolemy/domains/continuous/test/auto/PoissonClock.xml (RunModel)" time="0.018" />
  <testcase classname="ptolemy.util.test.junit.AutoTests" name="[112] /home/travis/build/icyphy/ptII/ptolemy/domains/continuous/test/auto/PoissonClock2.xml (RunModel)" time="0.017" />
  <testcase classname="ptolemy.util.test.junit.AutoTests" name="[113] /home/travis/build/icyphy/ptII/ptolemy/domains/continuous/test/auto/PortParameterHierarchy.xml (RunModel)" time="0.014" />
  <testcase classname="ptolemy.util.test.junit.AutoTests" name="[114] /home/travis/build/icyphy/ptII/ptolemy/domains/continuous/test/auto/RandomHybridPlant.xml (RunModel)" time="0.511" />
  <testcase classname="ptolemy.util.test.junit.AutoTests" name="[115] /home/travis/build/icyphy/ptII/ptolemy/domains/continuous/test/auto/ResetTransitionWithStartTime1.xml (RunModel)" time="0.025" />
  <testcase classname="ptolemy.util.test.junit.AutoTests" name="[116] /home/travis/build/icyphy/ptII/ptolemy/domains/continuous/test/auto/ResetTransitionWithStartTime2.xml (RunModel)" time="0.036" />
  <testcase classname="ptolemy.util.test.junit.AutoTests" name="[117] /home/travis/build/icyphy/ptII/ptolemy/domains/continuous/test/auto/ResetTransitionWithStartTime3.xml (RunModel)" time="0.036" />
  <testcase classname="ptolemy.util.test.junit.AutoTests" name="[118] /home/travis/build/icyphy/ptII/ptolemy/domains/continuous/test/auto/ResetTransitionWithStartTime4.xml (RunModel)" time="0.022" />
  <testcase classname="ptolemy.util.test.junit.AutoTests" name="[119] /home/travis/build/icyphy/ptII/ptolemy/domains/continuous/test/auto/ResetTransitionWithStartTime5.xml (RunModel)" time="0.031" />
  <testcase classname="ptolemy.util.test.junit.AutoTests" name="[120] /home/travis/build/icyphy/ptII/ptolemy/domains/continuous/test/auto/ResetTransitionWithStartTime6.xml (RunModel)" time="0.024" />
  <testcase classname="ptolemy.util.test.junit.AutoTests" name="[121] /home/travis/build/icyphy/ptII/ptolemy/domains/continuous/test/auto/SRinContinuous.xml (RunModel)" time="0.027" />
  <testcase classname="ptolemy.util.test.junit.AutoTests" name="[122] /home/travis/build/icyphy/ptII/ptolemy/domains/continuous/test/auto/SampledClocks.xml (RunModel)" time="0.024" />
  <testcase classname="ptolemy.util.test.junit.AutoTests" name="[123] /home/travis/build/icyphy/ptII/ptolemy/domains/continuous/test/auto/Satellite.xml (RunModel)" time="0.896" />
  <testcase classname="ptolemy.util.test.junit.AutoTests" name="[124] /home/travis/build/icyphy/ptII/ptolemy/domains/continuous/test/auto/SigmaDelta.xml (RunModel)" time="2.435" />
  <testcase classname="ptolemy.util.test.junit.AutoTests" name="[125] /home/travis/build/icyphy/ptII/ptolemy/domains/continuous/test/auto/SinuBouncingBall.xml (RunModel)" time="0.757" />
  <testcase classname="ptolemy.util.test.junit.AutoTests" name="[126] /home/travis/build/icyphy/ptII/ptolemy/domains/continuous/test/auto/Sinusoid.xml (RunModel)" time="0.014" />
  <testcase classname="ptolemy.util.test.junit.AutoTests" name="[127] /home/travis/build/icyphy/ptII/ptolemy/domains/continuous/test/auto/SinusoidInNoise.xml (RunModel)" time="0.91" />
  <testcase classname="ptolemy.util.test.junit.AutoTests" name="[128] /home/travis/build/icyphy/ptII/ptolemy/domains/continuous/test/auto/SinusoidRK45.xml (RunModel)" time="0.012" />
  <testcase classname="ptolemy.util.test.junit.AutoTests" name="[129] /home/travis/build/icyphy/ptII/ptolemy/domains/continuous/test/auto/SinusoidWithMultipleImpulses.xml (RunModel)" time="0.012" />
  <testcase classname="ptolemy.util.test.junit.AutoTests" name="[130] /home/travis/build/icyphy/ptII/ptolemy/domains/continuous/test/auto/SquareWave.xml (RunModel)" time="0.19" />
  <testcase classname="ptolemy.util.test.junit.AutoTests" name="[131] /home/travis/build/icyphy/ptII/ptolemy/domains/continuous/test/auto/Starmac.xml (RunModel)" time="3.371" />
  <testcase classname="ptolemy.util.test.junit.AutoTests" name="[132] /home/travis/build/icyphy/ptII/ptolemy/domains/continuous/test/auto/StaticUnits.xml (RunModel)" time="2.507" />
  <testcase classname="ptolemy.util.test.junit.AutoTests" name="[133] /home/travis/build/icyphy/ptII/ptolemy/domains/continuous/test/auto/StickyMasses.xml (RunModel)" time="0.202" />
  <testcase classname="ptolemy.util.test.junit.AutoTests" name="[134] /home/travis/build/icyphy/ptII/ptolemy/domains/continuous/test/auto/StopTime.xml (RunModel)" time="0.06" />
  <testcase classname="ptolemy.util.test.junit.AutoTests" name="[135] /home/travis/build/icyphy/ptII/ptolemy/domains/continuous/test/auto/StopTime2.xml (RunModel)" time="0.07" />
  <testcase classname="ptolemy.util.test.junit.AutoTests" name="[136] /home/travis/build/icyphy/ptII/ptolemy/domains/continuous/test/auto/Switch.xml (RunModel)" time="0.06" />
  <testcase classname="ptolemy.util.test.junit.AutoTests" name="[137] /home/travis/build/icyphy/ptII/ptolemy/domains/continuous/test/auto/Thermostat.xml (RunModel)" time="0.186" />
  <testcase classname="ptolemy.util.test.junit.AutoTests" name="[138] /home/travis/build/icyphy/ptII/ptolemy/domains/continuous/test/auto/TimeDelay.xml (RunModel)" time="0.026" />
  <testcase classname="ptolemy.util.test.junit.AutoTests" name="[139] /home/travis/build/icyphy/ptII/ptolemy/domains/continuous/test/auto/TimeDelay2.xml (RunModel)" time="0.019" />
  <testcase classname="ptolemy.util.test.junit.AutoTests" name="[140] /home/travis/build/icyphy/ptII/ptolemy/domains/continuous/test/auto/TimeDelay3.xml (RunModel)" time="0.009" />
  <testcase classname="ptolemy.util.test.junit.AutoTests" name="[141] /home/travis/build/icyphy/ptII/ptolemy/domains/continuous/test/auto/TransferAbsentToInside.xml (RunModel)" time="0.193" />
  <testcase classname="ptolemy.util.test.junit.AutoTests" name="[142] /home/travis/build/icyphy/ptII/ptolemy/domains/continuous/test/auto/Transmission.xml (RunModel)" time="0.804" />
  <testcase classname="ptolemy.util.test.junit.AutoTests" name="[143] /home/travis/build/icyphy/ptII/ptolemy/domains/continuous/test/auto/TriggeredContinuousClock.xml (RunModel)" time="0.062" />
  <testcase classname="ptolemy.util.test.junit.AutoTests" name="[144] /home/travis/build/icyphy/ptII/ptolemy/domains/continuous/test/auto/TwoMachineInfiniteBusControl.xml (RunModel)" time="3.03" />
  <testcase classname="ptolemy.util.test.junit.AutoTests" name="[145] /home/travis/build/icyphy/ptII/ptolemy/domains/continuous/test/auto/V2V.xml (RunModel)" time="0.75" />
  <testcase classname="ptolemy.util.test.junit.AutoTests" name="[146] /home/travis/build/icyphy/ptII/ptolemy/domains/continuous/test/auto/hierarchicalModalModel.xml (RunModel)" time="0.031" />
  <testcase classname="ptolemy.util.test.junit.AutoTests" name="[147] /home/travis/build/icyphy/ptII/ptolemy/domains/continuous/test/auto/hierarchicalModalModel1.xml (RunModel)" time="0.031" />
  <testcase classname="ptolemy.util.test.junit.AutoTests" name="[148] /home/travis/build/icyphy/ptII/ptolemy/domains/continuous/test/auto/hierarchicalModalModel2.xml (RunModel)" time="0.047" />
  <testcase classname="ptolemy.util.test.junit.AutoTests" name="[149] /home/travis/build/icyphy/ptII/ptolemy/domains/continuous/test/auto/hierarchicalModalModel3.xml (RunModel)" time="0.026" />
  <testcase classname="ptolemy.util.test.junit.AutoTests" name="[150] /home/travis/build/icyphy/ptII/ptolemy/domains/continuous/test/auto/hierarchicalModalModel4.xml (RunModel)" time="0.027" />
  <testcase classname="ptolemy.util.test.junit.AutoTests" name="[151] /home/travis/build/icyphy/ptII/ptolemy/domains/continuous/test/auto/junk.xml (RunModel)" time="0.134" />
  <system-out><![CDATA[No tcl tests in /home/travis/build/icyphy/ptII/ptolemy/domains/continuous/test
No auto/knownFailedTests/*.xml tests in /home/travis/build/icyphy/ptII/ptolemy/domains/continuous/test
No auto/linux-amd64/*.xml tests in /home/travis/build/icyphy/ptII/ptolemy/domains/continuous/test
AutoTests.java: About to close Vertx.
AutoTests.java: Vertx closed.

===========================================================================================
----------------- testing Sun Sep 16 02:07:38 UTC 2018 /home/travis/build/icyphy/ptII/ptolemy/domains/continuous/test/auto/BouncingBall.xml
----------------- Instantiating /home/travis/build/icyphy/ptII/ptolemy/domains/continuous/test/auto/BouncingBall.xml
2424 ms. Memory: 331776K Free: 259442K (78%)
----------------- Invoking toplevel() on ptolemy.moml.MoMLSimpleApplication@68cf2d54
----------------- Done invoking toplevel() on ptolemy.moml.MoMLSimpleApplication@68cf2d54
reloadAllAccessors: .BouncingBall

===========================================================================================
----------------- testing Sun Sep 16 02:07:41 UTC 2018 /home/travis/build/icyphy/ptII/ptolemy/domains/continuous/test/auto/BouncingBallWithoutGR.xml
----------------- Instantiating /home/travis/build/icyphy/ptII/ptolemy/domains/continuous/test/auto/BouncingBallWithoutGR.xml
897 ms. Memory: 331776K Free: 315423K (95%)
----------------- Invoking toplevel() on ptolemy.moml.MoMLSimpleApplication@7df11ca3
----------------- Done invoking toplevel() on ptolemy.moml.MoMLSimpleApplication@7df11ca3
reloadAllAccessors: .BouncingBallWithoutGR

===========================================================================================
----------------- testing Sun Sep 16 02:07:42 UTC 2018 /home/travis/build/icyphy/ptII/ptolemy/domains/continuous/test/auto/Brownian.xml
----------------- Instantiating /home/travis/build/icyphy/ptII/ptolemy/domains/continuous/test/auto/Brownian.xml
36 ms. Memory: 331776K Free: 301517K (91%)
----------------- Invoking toplevel() on ptolemy.moml.MoMLSimpleApplication@63462e95
----------------- Done invoking toplevel() on ptolemy.moml.MoMLSimpleApplication@63462e95
reloadAllAccessors: .Brownian

===========================================================================================
----------------- testing Sun Sep 16 02:07:42 UTC 2018 /home/travis/build/icyphy/ptII/ptolemy/domains/continuous/test/auto/CarTracking.xml
----------------- Instantiating /home/travis/build/icyphy/ptII/ptolemy/domains/continuous/test/auto/CarTracking.xml
3289 ms. Memory: 578048K Free: 459332K (79%)
----------------- Invoking toplevel() on ptolemy.moml.MoMLSimpleApplication@4cf693eb
----------------- Done invoking toplevel() on ptolemy.moml.MoMLSimpleApplication@4cf693eb
reloadAllAccessors: .CarTracking

===========================================================================================
----------------- testing Sun Sep 16 02:07:45 UTC 2018 /home/travis/build/icyphy/ptII/ptolemy/domains/continuous/test/auto/CartPendulum.xml
----------------- Instantiating /home/travis/build/icyphy/ptII/ptolemy/domains/continuous/test/auto/CartPendulum.xml
379 ms. Memory: 578048K Free: 354810K (61%)
----------------- Invoking toplevel() on ptolemy.moml.MoMLSimpleApplication@2b7869ef
----------------- Done invoking toplevel() on ptolemy.moml.MoMLSimpleApplication@2b7869ef
reloadAllAccessors: .CartPendulum

===========================================================================================
----------------- testing Sun Sep 16 02:07:46 UTC 2018 /home/travis/build/icyphy/ptII/ptolemy/domains/continuous/test/auto/CausalityInterface10.xml
----------------- Instantiating /home/travis/build/icyphy/ptII/ptolemy/domains/continuous/test/auto/CausalityInterface10.xml
11 ms. Memory: 578048K Free: 341701K (59%)
----------------- Invoking toplevel() on ptolemy.moml.MoMLSimpleApplication@53ba7881
----------------- Done invoking toplevel() on ptolemy.moml.MoMLSimpleApplication@53ba7881
reloadAllAccessors: .CausalityInterface10

===========================================================================================
----------------- testing Sun Sep 16 02:07:46 UTC 2018 /home/travis/build/icyphy/ptII/ptolemy/domains/continuous/test/auto/CausalityInterface11.xml
----------------- Instantiating /home/travis/build/icyphy/ptII/ptolemy/domains/continuous/test/auto/CausalityInterface11.xml
9 ms. Memory: 578048K Free: 331864K (57%)
----------------- Invoking toplevel() on ptolemy.moml.MoMLSimpleApplication@67c317fd
----------------- Done invoking toplevel() on ptolemy.moml.MoMLSimpleApplication@67c317fd
reloadAllAccessors: .CausalityInterface11

===========================================================================================
----------------- testing Sun Sep 16 02:07:46 UTC 2018 /home/travis/build/icyphy/ptII/ptolemy/domains/continuous/test/auto/CausalityInterface12.xml
----------------- Instantiating /home/travis/build/icyphy/ptII/ptolemy/domains/continuous/test/auto/CausalityInterface12.xml
10 ms. Memory: 578048K Free: 322028K (56%)
----------------- Invoking toplevel() on ptolemy.moml.MoMLSimpleApplication@75b99775
----------------- Done invoking toplevel() on ptolemy.moml.MoMLSimpleApplication@75b99775
reloadAllAccessors: .CausalityInterface12

===========================================================================================
----------------- testing Sun Sep 16 02:07:46 UTC 2018 /home/travis/build/icyphy/ptII/ptolemy/domains/continuous/test/auto/CausalityInterface13.xml
----------------- Instantiating /home/travis/build/icyphy/ptII/ptolemy/domains/continuous/test/auto/CausalityInterface13.xml
7 ms. Memory: 578048K Free: 309032K (53%)
----------------- Invoking toplevel() on ptolemy.moml.MoMLSimpleApplication@69d038b2
----------------- Done invoking toplevel() on ptolemy.moml.MoMLSimpleApplication@69d038b2
reloadAllAccessors: .CausalityInterface13

===========================================================================================
----------------- testing Sun Sep 16 02:07:46 UTC 2018 /home/travis/build/icyphy/ptII/ptolemy/domains/continuous/test/auto/CausalityInterface14.xml
----------------- Instantiating /home/travis/build/icyphy/ptII/ptolemy/domains/continuous/test/auto/CausalityInterface14.xml
3 ms. Memory: 578048K Free: 299204K (52%)
----------------- Invoking toplevel() on ptolemy.moml.MoMLSimpleApplication@287d1d21
----------------- Done invoking toplevel() on ptolemy.moml.MoMLSimpleApplication@287d1d21
reloadAllAccessors: .CausalityInterface14

===========================================================================================
----------------- testing Sun Sep 16 02:07:46 UTC 2018 /home/travis/build/icyphy/ptII/ptolemy/domains/continuous/test/auto/CausalityInterface4.xml
----------------- Instantiating /home/travis/build/icyphy/ptII/ptolemy/domains/continuous/test/auto/CausalityInterface4.xml
5 ms. Memory: 578048K Free: 289367K (50%)
----------------- Invoking toplevel() on ptolemy.moml.MoMLSimpleApplication@1efb7407
----------------- Done invoking toplevel() on ptolemy.moml.MoMLSimpleApplication@1efb7407
reloadAllAccessors: .CausalityInterface4

===========================================================================================
----------------- testing Sun Sep 16 02:07:46 UTC 2018 /home/travis/build/icyphy/ptII/ptolemy/domains/continuous/test/auto/CausalityInterface5.xml
----------------- Instantiating /home/travis/build/icyphy/ptII/ptolemy/domains/continuous/test/auto/CausalityInterface5.xml
7 ms. Memory: 578048K Free: 276258K (48%)
----------------- Invoking toplevel() on ptolemy.moml.MoMLSimpleApplication@23a9f505
----------------- Done invoking toplevel() on ptolemy.moml.MoMLSimpleApplication@23a9f505
reloadAllAccessors: .CausalityInterface5

===========================================================================================
----------------- testing Sun Sep 16 02:07:46 UTC 2018 /home/travis/build/icyphy/ptII/ptolemy/domains/continuous/test/auto/CausalityInterface6.xml
----------------- Instantiating /home/travis/build/icyphy/ptII/ptolemy/domains/continuous/test/auto/CausalityInterface6.xml
3 ms. Memory: 578048K Free: 263261K (46%)
----------------- Invoking toplevel() on ptolemy.moml.MoMLSimpleApplication@5f860ea1
----------------- Done invoking toplevel() on ptolemy.moml.MoMLSimpleApplication@5f860ea1
reloadAllAccessors: .CausalityInterface6

===========================================================================================
----------------- testing Sun Sep 16 02:07:46 UTC 2018 /home/travis/build/icyphy/ptII/ptolemy/domains/continuous/test/auto/CausalityInterface7.xml
----------------- Instantiating /home/travis/build/icyphy/ptII/ptolemy/domains/continuous/test/auto/CausalityInterface7.xml
13 ms. Memory: 578048K Free: 250152K (43%)
----------------- Invoking toplevel() on ptolemy.moml.MoMLSimpleApplication@b98a0fe
----------------- Done invoking toplevel() on ptolemy.moml.MoMLSimpleApplication@b98a0fe
reloadAllAccessors: .CausalityInterface7

===========================================================================================
----------------- testing Sun Sep 16 02:07:46 UTC 2018 /home/travis/build/icyphy/ptII/ptolemy/domains/continuous/test/auto/CausalityInterface8.xml
----------------- Instantiating /home/travis/build/icyphy/ptII/ptolemy/domains/continuous/test/auto/CausalityInterface8.xml
4 ms. Memory: 578048K Free: 237042K (41%)
----------------- Invoking toplevel() on ptolemy.moml.MoMLSimpleApplication@475860ef
----------------- Done invoking toplevel() on ptolemy.moml.MoMLSimpleApplication@475860ef
reloadAllAccessors: .CausalityInterface8

===========================================================================================
----------------- testing Sun Sep 16 02:07:46 UTC 2018 /home/travis/build/icyphy/ptII/ptolemy/domains/continuous/test/auto/CausalityInterface9.xml
----------------- Instantiating /home/travis/build/icyphy/ptII/ptolemy/domains/continuous/test/auto/CausalityInterface9.xml
4 ms. Memory: 578048K Free: 220659K (38%)
----------------- Invoking toplevel() on ptolemy.moml.MoMLSimpleApplication@69e5234f
----------------- Done invoking toplevel() on ptolemy.moml.MoMLSimpleApplication@69e5234f
reloadAllAccessors: .CausalityInterface9

===========================================================================================
----------------- testing Sun Sep 16 02:07:46 UTC 2018 /home/travis/build/icyphy/ptII/ptolemy/domains/continuous/test/auto/CausalityInterfaceFeedback1.xml
----------------- Instantiating /home/travis/build/icyphy/ptII/ptolemy/domains/continuous/test/auto/CausalityInterfaceFeedback1.xml
3 ms. Memory: 578048K Free: 207677K (36%)
----------------- Invoking toplevel() on ptolemy.moml.MoMLSimpleApplication@6025714f
----------------- Done invoking toplevel() on ptolemy.moml.MoMLSimpleApplication@6025714f
reloadAllAccessors: .CausalityInterfaceFeedback1

===========================================================================================
----------------- testing Sun Sep 16 02:07:46 UTC 2018 /home/travis/build/icyphy/ptII/ptolemy/domains/continuous/test/auto/CausalityInterfaceFeedback2.xml
----------------- Instantiating /home/travis/build/icyphy/ptII/ptolemy/domains/continuous/test/auto/CausalityInterfaceFeedback2.xml
6 ms. Memory: 578048K Free: 197841K (34%)
----------------- Invoking toplevel() on ptolemy.moml.MoMLSimpleApplication@dc5e2f
----------------- Done invoking toplevel() on ptolemy.moml.MoMLSimpleApplication@dc5e2f
reloadAllAccessors: .CausalityInterfaceFeedback2

===========================================================================================
----------------- testing Sun Sep 16 02:07:46 UTC 2018 /home/travis/build/icyphy/ptII/ptolemy/domains/continuous/test/auto/CompareWithCurrentTime.xml
----------------- Instantiating /home/travis/build/icyphy/ptII/ptolemy/domains/continuous/test/auto/CompareWithCurrentTime.xml
4 ms. Memory: 578048K Free: 191294K (33%)
----------------- Invoking toplevel() on ptolemy.moml.MoMLSimpleApplication@2138ed1c
----------------- Done invoking toplevel() on ptolemy.moml.MoMLSimpleApplication@2138ed1c
reloadAllAccessors: .CompareWithCurrentTime

===========================================================================================
----------------- testing Sun Sep 16 02:07:46 UTC 2018 /home/travis/build/icyphy/ptII/ptolemy/domains/continuous/test/auto/ComparedClocks.xml
----------------- Instantiating /home/travis/build/icyphy/ptII/ptolemy/domains/continuous/test/auto/ComparedClocks.xml
10 ms. Memory: 578048K Free: 171638K (30%)
----------------- Invoking toplevel() on ptolemy.moml.MoMLSimpleApplication@164cf6ec
----------------- Done invoking toplevel() on ptolemy.moml.MoMLSimpleApplication@164cf6ec
reloadAllAccessors: .ComparedClocks

===========================================================================================
----------------- testing Sun Sep 16 02:07:47 UTC 2018 /home/travis/build/icyphy/ptII/ptolemy/domains/continuous/test/auto/ContinuousAOCClone.xml
----------------- Instantiating /home/travis/build/icyphy/ptII/ptolemy/domains/continuous/test/auto/ContinuousAOCClone.xml
2468 ms. Memory: 872448K Free: 412691K (47%)
----------------- Invoking toplevel() on ptolemy.moml.MoMLSimpleApplication@5a640f5d
----------------- Done invoking toplevel() on ptolemy.moml.MoMLSimpleApplication@5a640f5d
reloadAllAccessors: .ContinuousAOCClone

===========================================================================================
----------------- testing Sun Sep 16 02:07:49 UTC 2018 /home/travis/build/icyphy/ptII/ptolemy/domains/continuous/test/auto/ContinuousClock.xml
----------------- Instantiating /home/travis/build/icyphy/ptII/ptolemy/domains/continuous/test/auto/ContinuousClock.xml
28 ms. Memory: 872448K Free: 379522K (44%)
----------------- Invoking toplevel() on ptolemy.moml.MoMLSimpleApplication@3b46c524
----------------- Done invoking toplevel() on ptolemy.moml.MoMLSimpleApplication@3b46c524
reloadAllAccessors: .ContinuousClock

===========================================================================================
----------------- testing Sun Sep 16 02:07:49 UTC 2018 /home/travis/build/icyphy/ptII/ptolemy/domains/continuous/test/auto/ContinuousInContinuous.xml
----------------- Instantiating /home/travis/build/icyphy/ptII/ptolemy/domains/continuous/test/auto/ContinuousInContinuous.xml
47 ms. Memory: 872448K Free: 348073K (40%)
----------------- Invoking toplevel() on ptolemy.moml.MoMLSimpleApplication@15c41982
----------------- Done invoking toplevel() on ptolemy.moml.MoMLSimpleApplication@15c41982
reloadAllAccessors: .ContinuousInContinuous

===========================================================================================
----------------- testing Sun Sep 16 02:07:49 UTC 2018 /home/travis/build/icyphy/ptII/ptolemy/domains/continuous/test/auto/ContinuousInContinuousInContinuous.xml
----------------- Instantiating /home/travis/build/icyphy/ptII/ptolemy/domains/continuous/test/auto/ContinuousInContinuousInContinuous.xml
8 ms. Memory: 872448K Free: 332365K (38%)
----------------- Invoking toplevel() on ptolemy.moml.MoMLSimpleApplication@546d290e
----------------- Done invoking toplevel() on ptolemy.moml.MoMLSimpleApplication@546d290e
reloadAllAccessors: .ContinuousInContinuousInContinuous

===========================================================================================
----------------- testing Sun Sep 16 02:07:49 UTC 2018 /home/travis/build/icyphy/ptII/ptolemy/domains/continuous/test/auto/ContinuousInDE.xml
----------------- Instantiating /home/travis/build/icyphy/ptII/ptolemy/domains/continuous/test/auto/ContinuousInDE.xml
113 ms. Memory: 872448K Free: 316657K (36%)
----------------- Invoking toplevel() on ptolemy.moml.MoMLSimpleApplication@24a73ce9
----------------- Done invoking toplevel() on ptolemy.moml.MoMLSimpleApplication@24a73ce9
reloadAllAccessors: .ContinuousInDE

===========================================================================================
----------------- testing Sun Sep 16 02:07:50 UTC 2018 /home/travis/build/icyphy/ptII/ptolemy/domains/continuous/test/auto/ContinuousInDE2.xml
----------------- Instantiating /home/travis/build/icyphy/ptII/ptolemy/domains/continuous/test/auto/ContinuousInDE2.xml
45 ms. Memory: 872448K Free: 297521K (34%)
----------------- Invoking toplevel() on ptolemy.moml.MoMLSimpleApplication@6019206b
----------------- Done invoking toplevel() on ptolemy.moml.MoMLSimpleApplication@6019206b
reloadAllAccessors: .ContinuousInDE2

===========================================================================================
----------------- testing Sun Sep 16 02:07:50 UTC 2018 /home/travis/build/icyphy/ptII/ptolemy/domains/continuous/test/auto/ContinuousInDE3.xml
----------------- Instantiating /home/travis/build/icyphy/ptII/ptolemy/domains/continuous/test/auto/ContinuousInDE3.xml
34 ms. Memory: 872448K Free: 281813K (32%)
----------------- Invoking toplevel() on ptolemy.moml.MoMLSimpleApplication@7f708b8c
----------------- Done invoking toplevel() on ptolemy.moml.MoMLSimpleApplication@7f708b8c
reloadAllAccessors: .ContinuousInDE3

===========================================================================================
----------------- testing Sun Sep 16 02:07:50 UTC 2018 /home/travis/build/icyphy/ptII/ptolemy/domains/continuous/test/auto/ContinuousInDE4.xml
----------------- Instantiating /home/travis/build/icyphy/ptII/ptolemy/domains/continuous/test/auto/ContinuousInDE4.xml
17 ms. Memory: 872448K Free: 271341K (31%)
----------------- Invoking toplevel() on ptolemy.moml.MoMLSimpleApplication@5d62d296
----------------- Done invoking toplevel() on ptolemy.moml.MoMLSimpleApplication@5d62d296
reloadAllAccessors: .ContinuousInDE4

===========================================================================================
----------------- testing Sun Sep 16 02:07:50 UTC 2018 /home/travis/build/icyphy/ptII/ptolemy/domains/continuous/test/auto/ContinuousInDEDifferentRefinements.xml
----------------- Instantiating /home/travis/build/icyphy/ptII/ptolemy/domains/continuous/test/auto/ContinuousInDEDifferentRefinements.xml
55 ms. Memory: 872448K Free: 234656K (27%)
----------------- Invoking toplevel() on ptolemy.moml.MoMLSimpleApplication@4eecac85
----------------- Done invoking toplevel() on ptolemy.moml.MoMLSimpleApplication@4eecac85
reloadAllAccessors: .ContinuousInDEDifferentRefinements

===========================================================================================
----------------- testing Sun Sep 16 02:07:50 UTC 2018 /home/travis/build/icyphy/ptII/ptolemy/domains/continuous/test/auto/ContinuousInDEDifferentRefinementsPreemptive.xml
----------------- Instantiating /home/travis/build/icyphy/ptII/ptolemy/domains/continuous/test/auto/ContinuousInDEDifferentRefinementsPreemptive.xml
44 ms. Memory: 872448K Free: 194552K (22%)
----------------- Invoking toplevel() on ptolemy.moml.MoMLSimpleApplication@1f541ef8
----------------- Done invoking toplevel() on ptolemy.moml.MoMLSimpleApplication@1f541ef8
reloadAllAccessors: .ContinuousInDEDifferentRefinementsPreemptive

===========================================================================================
----------------- testing Sun Sep 16 02:07:50 UTC 2018 /home/travis/build/icyphy/ptII/ptolemy/domains/continuous/test/auto/ContinuousInDEInContinuous2.xml
----------------- Instantiating /home/travis/build/icyphy/ptII/ptolemy/domains/continuous/test/auto/ContinuousInDEInContinuous2.xml
35 ms. Memory: 872448K Free: 178836K (20%)
----------------- Invoking toplevel() on ptolemy.moml.MoMLSimpleApplication@7e77ce4c
----------------- Done invoking toplevel() on ptolemy.moml.MoMLSimpleApplication@7e77ce4c
reloadAllAccessors: .ContinuousInDEInContinuous2

===========================================================================================
----------------- testing Sun Sep 16 02:07:50 UTC 2018 /home/travis/build/icyphy/ptII/ptolemy/domains/continuous/test/auto/ContinuousInDEInContinuous3.xml
----------------- Instantiating /home/travis/build/icyphy/ptII/ptolemy/domains/continuous/test/auto/ContinuousInDEInContinuous3.xml
37 ms. Memory: 872448K Free: 157875K (18%)
----------------- Invoking toplevel() on ptolemy.moml.MoMLSimpleApplication@1dc366f8
----------------- Done invoking toplevel() on ptolemy.moml.MoMLSimpleApplication@1dc366f8
reloadAllAccessors: .ContinuousInDEInContinuous3

===========================================================================================
----------------- testing Sun Sep 16 02:07:50 UTC 2018 /home/travis/build/icyphy/ptII/ptolemy/domains/continuous/test/auto/ContinuousInDEInput.xml
----------------- Instantiating /home/travis/build/icyphy/ptII/ptolemy/domains/continuous/test/auto/ContinuousInDEInput.xml
22 ms. Memory: 872448K Free: 147403K (17%)
----------------- Invoking toplevel() on ptolemy.moml.MoMLSimpleApplication@7cc53516
----------------- Done invoking toplevel() on ptolemy.moml.MoMLSimpleApplication@7cc53516
reloadAllAccessors: .ContinuousInDEInput

===========================================================================================
----------------- testing Sun Sep 16 02:07:50 UTC 2018 /home/travis/build/icyphy/ptII/ptolemy/domains/continuous/test/auto/ContinuousInDEInput2.xml
----------------- Instantiating /home/travis/build/icyphy/ptII/ptolemy/domains/continuous/test/auto/ContinuousInDEInput2.xml
18 ms. Memory: 872448K Free: 133504K (15%)
----------------- Invoking toplevel() on ptolemy.moml.MoMLSimpleApplication@38f3e69d
----------------- Done invoking toplevel() on ptolemy.moml.MoMLSimpleApplication@38f3e69d
reloadAllAccessors: .ContinuousInDEInput2

===========================================================================================
----------------- testing Sun Sep 16 02:07:50 UTC 2018 /home/travis/build/icyphy/ptII/ptolemy/domains/continuous/test/auto/ContinuousInDEInput3.xml
----------------- Instantiating /home/travis/build/icyphy/ptII/ptolemy/domains/continuous/test/auto/ContinuousInDEInput3.xml
12 ms. Memory: 872448K Free: 123032K (14%)
----------------- Invoking toplevel() on ptolemy.moml.MoMLSimpleApplication@2bf2c4
----------------- Done invoking toplevel() on ptolemy.moml.MoMLSimpleApplication@2bf2c4
reloadAllAccessors: .ContinuousInDEInput3

===========================================================================================
----------------- testing Sun Sep 16 02:07:50 UTC 2018 /home/travis/build/icyphy/ptII/ptolemy/domains/continuous/test/auto/ContinuousInDESharingRefinement.xml
----------------- Instantiating /home/travis/build/icyphy/ptII/ptolemy/domains/continuous/test/auto/ContinuousInDESharingRefinement.xml
146 ms. Memory: 829440K Free: 767958K (93%)
----------------- Invoking toplevel() on ptolemy.moml.MoMLSimpleApplication@32a9ec66
----------------- Done invoking toplevel() on ptolemy.moml.MoMLSimpleApplication@32a9ec66
reloadAllAccessors: .ContinuousInDESharingRefinement

===========================================================================================
----------------- testing Sun Sep 16 02:07:50 UTC 2018 /home/travis/build/icyphy/ptII/ptolemy/domains/continuous/test/auto/ContinuousInDEwithNoPorts.xml
----------------- Instantiating /home/travis/build/icyphy/ptII/ptolemy/domains/continuous/test/auto/ContinuousInDEwithNoPorts.xml
4 ms. Memory: 829440K Free: 755741K (91%)
----------------- Invoking toplevel() on ptolemy.moml.MoMLSimpleApplication@1b7e4ca0
----------------- Done invoking toplevel() on ptolemy.moml.MoMLSimpleApplication@1b7e4ca0
reloadAllAccessors: .ContinuousInDEwithNoPorts

===========================================================================================
----------------- testing Sun Sep 16 02:07:50 UTC 2018 /home/travis/build/icyphy/ptII/ptolemy/domains/continuous/test/auto/ContinuousInsideDE.xml
----------------- Instantiating /home/travis/build/icyphy/ptII/ptolemy/domains/continuous/test/auto/ContinuousInsideDE.xml
33 ms. Memory: 829440K Free: 736868K (89%)
----------------- Invoking toplevel() on ptolemy.moml.MoMLSimpleApplication@35ce2908
----------------- Done invoking toplevel() on ptolemy.moml.MoMLSimpleApplication@35ce2908
reloadAllAccessors: .ContinuousInsideDE

===========================================================================================
----------------- testing Sun Sep 16 02:07:51 UTC 2018 /home/travis/build/icyphy/ptII/ptolemy/domains/continuous/test/auto/ContinuousMerge1.xml
----------------- Instantiating /home/travis/build/icyphy/ptII/ptolemy/domains/continuous/test/auto/ContinuousMerge1.xml
2 ms. Memory: 829440K Free: 727194K (88%)
----------------- Invoking toplevel() on ptolemy.moml.MoMLSimpleApplication@342330c6
----------------- Done invoking toplevel() on ptolemy.moml.MoMLSimpleApplication@342330c6
reloadAllAccessors: .ContinuousMerge1

===========================================================================================
----------------- testing Sun Sep 16 02:07:51 UTC 2018 /home/travis/build/icyphy/ptII/ptolemy/domains/continuous/test/auto/ContinuousMerge2.xml
----------------- Instantiating /home/travis/build/icyphy/ptII/ptolemy/domains/continuous/test/auto/ContinuousMerge2.xml
10 ms. Memory: 829440K Free: 712217K (86%)
----------------- Invoking toplevel() on ptolemy.moml.MoMLSimpleApplication@705ed743
----------------- Done invoking toplevel() on ptolemy.moml.MoMLSimpleApplication@705ed743
reloadAllAccessors: .ContinuousMerge2

===========================================================================================
----------------- testing Sun Sep 16 02:07:51 UTC 2018 /home/travis/build/icyphy/ptII/ptolemy/domains/continuous/test/auto/ContinuousMerge3.xml
----------------- Instantiating /home/travis/build/icyphy/ptII/ptolemy/domains/continuous/test/auto/ContinuousMerge3.xml
41 ms. Memory: 829440K Free: 697249K (84%)
----------------- Invoking toplevel() on ptolemy.moml.MoMLSimpleApplication@73d608ad
----------------- Done invoking toplevel() on ptolemy.moml.MoMLSimpleApplication@73d608ad
reloadAllAccessors: .ContinuousMerge3

===========================================================================================
----------------- testing Sun Sep 16 02:07:51 UTC 2018 /home/travis/build/icyphy/ptII/ptolemy/domains/continuous/test/auto/ContinuousWithinContinuous.xml
----------------- Instantiating /home/travis/build/icyphy/ptII/ptolemy/domains/continuous/test/auto/ContinuousWithinContinuous.xml
36 ms. Memory: 829440K Free: 680086K (82%)
----------------- Invoking toplevel() on ptolemy.moml.MoMLSimpleApplication@48817599
----------------- Done invoking toplevel() on ptolemy.moml.MoMLSimpleApplication@48817599
reloadAllAccessors: .ContinuousWithinContinuous

===========================================================================================
----------------- testing Sun Sep 16 02:07:51 UTC 2018 /home/travis/build/icyphy/ptII/ptolemy/domains/continuous/test/auto/ContinuousWithinContinuous2.xml
----------------- Instantiating /home/travis/build/icyphy/ptII/ptolemy/domains/continuous/test/auto/ContinuousWithinContinuous2.xml
64 ms. Memory: 829440K Free: 665126K (80%)
----------------- Invoking toplevel() on ptolemy.moml.MoMLSimpleApplication@6ef1c48f
----------------- Done invoking toplevel() on ptolemy.moml.MoMLSimpleApplication@6ef1c48f
reloadAllAccessors: .ContinuousWithinContinuous2

===========================================================================================
----------------- testing Sun Sep 16 02:07:51 UTC 2018 /home/travis/build/icyphy/ptII/ptolemy/domains/continuous/test/auto/ContinuousWithinContinuous3.xml
----------------- Instantiating /home/travis/build/icyphy/ptII/ptolemy/domains/continuous/test/auto/ContinuousWithinContinuous3.xml
11 ms. Memory: 829440K Free: 653897K (79%)
----------------- Invoking toplevel() on ptolemy.moml.MoMLSimpleApplication@39face2c
----------------- Done invoking toplevel() on ptolemy.moml.MoMLSimpleApplication@39face2c
reloadAllAccessors: .ContinuousWithinContinuous3

===========================================================================================
----------------- testing Sun Sep 16 02:07:51 UTC 2018 /home/travis/build/icyphy/ptII/ptolemy/domains/continuous/test/auto/ContinuousWithinContinuous4.xml
----------------- Instantiating /home/travis/build/icyphy/ptII/ptolemy/domains/continuous/test/auto/ContinuousWithinContinuous4.xml
66 ms. Memory: 829440K Free: 632987K (76%)
----------------- Invoking toplevel() on ptolemy.moml.MoMLSimpleApplication@290b9bdc
----------------- Done invoking toplevel() on ptolemy.moml.MoMLSimpleApplication@290b9bdc
reloadAllAccessors: .ContinuousWithinContinuous4

===========================================================================================
----------------- testing Sun Sep 16 02:07:51 UTC 2018 /home/travis/build/icyphy/ptII/ptolemy/domains/continuous/test/auto/ContinuousWithinContinuous5.xml
----------------- Instantiating /home/travis/build/icyphy/ptII/ptolemy/domains/continuous/test/auto/ContinuousWithinContinuous5.xml
13 ms. Memory: 829440K Free: 621750K (75%)
----------------- Invoking toplevel() on ptolemy.moml.MoMLSimpleApplication@162e6905
----------------- Done invoking toplevel() on ptolemy.moml.MoMLSimpleApplication@162e6905
reloadAllAccessors: .ContinuousWithinContinuous5

===========================================================================================
----------------- testing Sun Sep 16 02:07:51 UTC 2018 /home/travis/build/icyphy/ptII/ptolemy/domains/continuous/test/auto/ContinuousWithinContinuous6.xml
----------------- Instantiating /home/travis/build/icyphy/ptII/ptolemy/domains/continuous/test/auto/ContinuousWithinContinuous6.xml
12 ms. Memory: 829440K Free: 608328K (73%)
----------------- Invoking toplevel() on ptolemy.moml.MoMLSimpleApplication@1441057a
----------------- Done invoking toplevel() on ptolemy.moml.MoMLSimpleApplication@1441057a
reloadAllAccessors: .ContinuousWithinContinuous6

===========================================================================================
----------------- testing Sun Sep 16 02:07:51 UTC 2018 /home/travis/build/icyphy/ptII/ptolemy/domains/continuous/test/auto/ContinuousWithinContinuous7.xml
----------------- Instantiating /home/travis/build/icyphy/ptII/ptolemy/domains/continuous/test/auto/ContinuousWithinContinuous7.xml
57 ms. Memory: 829440K Free: 593367K (72%)
----------------- Invoking toplevel() on ptolemy.moml.MoMLSimpleApplication@5960586c
----------------- Done invoking toplevel() on ptolemy.moml.MoMLSimpleApplication@5960586c
reloadAllAccessors: .ContinuousWithinContinuous7

===========================================================================================
----------------- testing Sun Sep 16 02:07:51 UTC 2018 /home/travis/build/icyphy/ptII/ptolemy/domains/continuous/test/auto/DCMotor.xml
----------------- Instantiating /home/travis/build/icyphy/ptII/ptolemy/domains/continuous/test/auto/DCMotor.xml
13741 ms. Memory: 667648K Free: 484858K (73%)
----------------- Invoking toplevel() on ptolemy.moml.MoMLSimpleApplication@33dd58a4
----------------- Done invoking toplevel() on ptolemy.moml.MoMLSimpleApplication@33dd58a4
reloadAllAccessors: .DCMotor

===========================================================================================
----------------- testing Sun Sep 16 02:08:05 UTC 2018 /home/travis/build/icyphy/ptII/ptolemy/domains/continuous/test/auto/DEInContinuous.xml
----------------- Instantiating /home/travis/build/icyphy/ptII/ptolemy/domains/continuous/test/auto/DEInContinuous.xml
6 ms. Memory: 667648K Free: 470259K (70%)
----------------- Invoking toplevel() on ptolemy.moml.MoMLSimpleApplication@135cd4bf
----------------- Done invoking toplevel() on ptolemy.moml.MoMLSimpleApplication@135cd4bf
reloadAllAccessors: .DEInContinuous

===========================================================================================
----------------- testing Sun Sep 16 02:08:05 UTC 2018 /home/travis/build/icyphy/ptII/ptolemy/domains/continuous/test/auto/DEinContinuous2.xml
----------------- Instantiating /home/travis/build/icyphy/ptII/ptolemy/domains/continuous/test/auto/DEinContinuous2.xml
5 ms. Memory: 667648K Free: 451481K (68%)
----------------- Invoking toplevel() on ptolemy.moml.MoMLSimpleApplication@76f79ff2
----------------- Done invoking toplevel() on ptolemy.moml.MoMLSimpleApplication@76f79ff2
reloadAllAccessors: .DEinContinuous2

===========================================================================================
----------------- testing Sun Sep 16 02:08:05 UTC 2018 /home/travis/build/icyphy/ptII/ptolemy/domains/continuous/test/auto/Derivative.xml
----------------- Instantiating /home/travis/build/icyphy/ptII/ptolemy/domains/continuous/test/auto/Derivative.xml
144 ms. Memory: 667648K Free: 409202K (61%)
----------------- Invoking toplevel() on ptolemy.moml.MoMLSimpleApplication@2da0219f
----------------- Done invoking toplevel() on ptolemy.moml.MoMLSimpleApplication@2da0219f
reloadAllAccessors: .Derivative2

===========================================================================================
----------------- testing Sun Sep 16 02:08:05 UTC 2018 /home/travis/build/icyphy/ptII/ptolemy/domains/continuous/test/auto/Derivative1.xml
----------------- Instantiating /home/travis/build/icyphy/ptII/ptolemy/domains/continuous/test/auto/Derivative1.xml
14 ms. Memory: 667648K Free: 391599K (59%)
----------------- Invoking toplevel() on ptolemy.moml.MoMLSimpleApplication@35e8794e
----------------- Done invoking toplevel() on ptolemy.moml.MoMLSimpleApplication@35e8794e
reloadAllAccessors: .Derivative1

===========================================================================================
----------------- testing Sun Sep 16 02:08:05 UTC 2018 /home/travis/build/icyphy/ptII/ptolemy/domains/continuous/test/auto/DiscreteClock.xml
----------------- Instantiating /home/travis/build/icyphy/ptII/ptolemy/domains/continuous/test/auto/DiscreteClock.xml
5 ms. Memory: 667648K Free: 378700K (57%)
----------------- Invoking toplevel() on ptolemy.moml.MoMLSimpleApplication@6996acca
----------------- Done invoking toplevel() on ptolemy.moml.MoMLSimpleApplication@6996acca
reloadAllAccessors: .DiscreteClock

===========================================================================================
----------------- testing Sun Sep 16 02:08:05 UTC 2018 /home/travis/build/icyphy/ptII/ptolemy/domains/continuous/test/auto/EfficiencyCurve.xml
----------------- Instantiating /home/travis/build/icyphy/ptII/ptolemy/domains/continuous/test/auto/EfficiencyCurve.xml
75 ms. Memory: 667648K Free: 365800K (55%)
----------------- Invoking toplevel() on ptolemy.moml.MoMLSimpleApplication@51275331
----------------- Done invoking toplevel() on ptolemy.moml.MoMLSimpleApplication@51275331
reloadAllAccessors: .EfficiencyCurve

===========================================================================================
----------------- testing Sun Sep 16 02:08:05 UTC 2018 /home/travis/build/icyphy/ptII/ptolemy/domains/continuous/test/auto/ExponentialResponse.xml
----------------- Instantiating /home/travis/build/icyphy/ptII/ptolemy/domains/continuous/test/auto/ExponentialResponse.xml
100 ms. Memory: 667648K Free: 342350K (51%)
----------------- Invoking toplevel() on ptolemy.moml.MoMLSimpleApplication@233c2555
----------------- Done invoking toplevel() on ptolemy.moml.MoMLSimpleApplication@233c2555
reloadAllAccessors: .ExponentialResponse

===========================================================================================
----------------- testing Sun Sep 16 02:08:05 UTC 2018 /home/travis/build/icyphy/ptII/ptolemy/domains/continuous/test/auto/ExponentialResponseRK45.xml
----------------- Instantiating /home/travis/build/icyphy/ptII/ptolemy/domains/continuous/test/auto/ExponentialResponseRK45.xml
25 ms. Memory: 667648K Free: 329451K (49%)
----------------- Invoking toplevel() on ptolemy.moml.MoMLSimpleApplication@769940ed
----------------- Done invoking toplevel() on ptolemy.moml.MoMLSimpleApplication@769940ed
reloadAllAccessors: .ExponentialResponseRK45

===========================================================================================
----------------- testing Sun Sep 16 02:08:06 UTC 2018 /home/travis/build/icyphy/ptII/ptolemy/domains/continuous/test/auto/Friction.xml
----------------- Instantiating /home/travis/build/icyphy/ptII/ptolemy/domains/continuous/test/auto/Friction.xml
1305 ms. Memory: 646656K Free: 430450K (67%)
----------------- Invoking toplevel() on ptolemy.moml.MoMLSimpleApplication@50b7b82b
----------------- Done invoking toplevel() on ptolemy.moml.MoMLSimpleApplication@50b7b82b
reloadAllAccessors: .Friction

===========================================================================================
----------------- testing Sun Sep 16 02:08:07 UTC 2018 /home/travis/build/icyphy/ptII/ptolemy/domains/continuous/test/auto/FurutaPendulum.xml
----------------- Instantiating /home/travis/build/icyphy/ptII/ptolemy/domains/continuous/test/auto/FurutaPendulum.xml
3413 ms. Memory: 616960K Free: 453512K (74%)
----------------- Invoking toplevel() on ptolemy.moml.MoMLSimpleApplication@22bab92b
----------------- Done invoking toplevel() on ptolemy.moml.MoMLSimpleApplication@22bab92b
reloadAllAccessors: .FurutaPendulum

===========================================================================================
----------------- testing Sun Sep 16 02:08:10 UTC 2018 /home/travis/build/icyphy/ptII/ptolemy/domains/continuous/test/auto/HierarchicalExecution.xml
----------------- Instantiating /home/travis/build/icyphy/ptII/ptolemy/domains/continuous/test/auto/HierarchicalExecution.xml
1900 ms. Memory: 616960K Free: 135985K (22%)
----------------- Invoking toplevel() on ptolemy.moml.MoMLSimpleApplication@7621912e
----------------- Done invoking toplevel() on ptolemy.moml.MoMLSimpleApplication@7621912e
reloadAllAccessors: .HierarchicalExecution

===========================================================================================
----------------- testing Sun Sep 16 02:08:13 UTC 2018 /home/travis/build/icyphy/ptII/ptolemy/domains/continuous/test/auto/HybridPlant.xml
----------------- Instantiating /home/travis/build/icyphy/ptII/ptolemy/domains/continuous/test/auto/HybridPlant.xml
530 ms. Memory: 589312K Free: 360407K (61%)
----------------- Invoking toplevel() on ptolemy.moml.MoMLSimpleApplication@4c43afd2
----------------- Done invoking toplevel() on ptolemy.moml.MoMLSimpleApplication@4c43afd2
reloadAllAccessors: .HybridPlant

===========================================================================================
----------------- testing Sun Sep 16 02:08:13 UTC 2018 /home/travis/build/icyphy/ptII/ptolemy/domains/continuous/test/auto/Hysteresis.xml
----------------- Instantiating /home/travis/build/icyphy/ptII/ptolemy/domains/continuous/test/auto/Hysteresis.xml
137 ms. Memory: 589312K Free: 294404K (50%)
----------------- Invoking toplevel() on ptolemy.moml.MoMLSimpleApplication@42a22451
----------------- Done invoking toplevel() on ptolemy.moml.MoMLSimpleApplication@42a22451
reloadAllAccessors: .Hysteresis

===========================================================================================
----------------- testing Sun Sep 16 02:08:13 UTC 2018 /home/travis/build/icyphy/ptII/ptolemy/domains/continuous/test/auto/HysteresisWithRandomDelay.xml
----------------- Instantiating /home/travis/build/icyphy/ptII/ptolemy/domains/continuous/test/auto/HysteresisWithRandomDelay.xml
166 ms. Memory: 589312K Free: 212038K (36%)
----------------- Invoking toplevel() on ptolemy.moml.MoMLSimpleApplication@4e294621
----------------- Done invoking toplevel() on ptolemy.moml.MoMLSimpleApplication@4e294621
reloadAllAccessors: .HysteresisWithRandomDelay

===========================================================================================
----------------- testing Sun Sep 16 02:08:14 UTC 2018 /home/travis/build/icyphy/ptII/ptolemy/domains/continuous/test/auto/HysteresisWithRandomLosses.xml
----------------- Instantiating /home/travis/build/icyphy/ptII/ptolemy/domains/continuous/test/auto/HysteresisWithRandomLosses.xml
2164 ms. Memory: 542720K Free: 380391K (70%)
----------------- Invoking toplevel() on ptolemy.moml.MoMLSimpleApplication@31f39735
----------------- Done invoking toplevel() on ptolemy.moml.MoMLSimpleApplication@31f39735
reloadAllAccessors: .HysteresisWithRandomLosses

===========================================================================================
----------------- testing Sun Sep 16 02:08:16 UTC 2018 /home/travis/build/icyphy/ptII/ptolemy/domains/continuous/test/auto/ImmediateTransitions.xml
----------------- Instantiating /home/travis/build/icyphy/ptII/ptolemy/domains/continuous/test/auto/ImmediateTransitions.xml
12 ms. Memory: 542720K Free: 362589K (67%)
----------------- Invoking toplevel() on ptolemy.moml.MoMLSimpleApplication@6ef44ac9
----------------- Done invoking toplevel() on ptolemy.moml.MoMLSimpleApplication@6ef44ac9
reloadAllAccessors: .ImmediateTransitions

===========================================================================================
----------------- testing Sun Sep 16 02:08:16 UTC 2018 /home/travis/build/icyphy/ptII/ptolemy/domains/continuous/test/auto/ImpulseFeedback.xml
----------------- Instantiating /home/travis/build/icyphy/ptII/ptolemy/domains/continuous/test/auto/ImpulseFeedback.xml
9 ms. Memory: 542720K Free: 352532K (65%)
----------------- Invoking toplevel() on ptolemy.moml.MoMLSimpleApplication@4df384b3
----------------- Done invoking toplevel() on ptolemy.moml.MoMLSimpleApplication@4df384b3
reloadAllAccessors: .ImpulseFeedback

===========================================================================================
----------------- testing Sun Sep 16 02:08:16 UTC 2018 /home/travis/build/icyphy/ptII/ptolemy/domains/continuous/test/auto/ImpulseFeedback2.xml
----------------- Instantiating /home/travis/build/icyphy/ptII/ptolemy/domains/continuous/test/auto/ImpulseFeedback2.xml
9 ms. Memory: 542720K Free: 342482K (63%)
----------------- Invoking toplevel() on ptolemy.moml.MoMLSimpleApplication@24057802
----------------- Done invoking toplevel() on ptolemy.moml.MoMLSimpleApplication@24057802
reloadAllAccessors: .ImpulseFeedback2

===========================================================================================
----------------- testing Sun Sep 16 02:08:16 UTC 2018 /home/travis/build/icyphy/ptII/ptolemy/domains/continuous/test/auto/IncreasingRatePoisson.xml
----------------- Instantiating /home/travis/build/icyphy/ptII/ptolemy/domains/continuous/test/auto/IncreasingRatePoisson.xml
717 ms. Memory: 521216K Free: 454745K (87%)
----------------- Invoking toplevel() on ptolemy.moml.MoMLSimpleApplication@6dd0d19a
----------------- Done invoking toplevel() on ptolemy.moml.MoMLSimpleApplication@6dd0d19a
reloadAllAccessors: .IncreasingRatePoisson

===========================================================================================
----------------- testing Sun Sep 16 02:08:17 UTC 2018 /home/travis/build/icyphy/ptII/ptolemy/domains/continuous/test/auto/InitialStateFeedback.xml
----------------- Instantiating /home/travis/build/icyphy/ptII/ptolemy/domains/continuous/test/auto/InitialStateFeedback.xml
8 ms. Memory: 521216K Free: 443499K (85%)
----------------- Invoking toplevel() on ptolemy.moml.MoMLSimpleApplication@491d9edc
----------------- Done invoking toplevel() on ptolemy.moml.MoMLSimpleApplication@491d9edc
reloadAllAccessors: .InitialStateFeedback

===========================================================================================
----------------- testing Sun Sep 16 02:08:17 UTC 2018 /home/travis/build/icyphy/ptII/ptolemy/domains/continuous/test/auto/Integration.xml
----------------- Instantiating /home/travis/build/icyphy/ptII/ptolemy/domains/continuous/test/auto/Integration.xml
2 ms. Memory: 521216K Free: 436750K (84%)
----------------- Invoking toplevel() on ptolemy.moml.MoMLSimpleApplication@53e8508b
----------------- Done invoking toplevel() on ptolemy.moml.MoMLSimpleApplication@53e8508b
reloadAllAccessors: .Integration

===========================================================================================
----------------- testing Sun Sep 16 02:08:17 UTC 2018 /home/travis/build/icyphy/ptII/ptolemy/domains/continuous/test/auto/Integration2.xml
----------------- Instantiating /home/travis/build/icyphy/ptII/ptolemy/domains/continuous/test/auto/Integration2.xml
78 ms. Memory: 521216K Free: 418277K (80%)
----------------- Invoking toplevel() on ptolemy.moml.MoMLSimpleApplication@73aaa1a
----------------- Done invoking toplevel() on ptolemy.moml.MoMLSimpleApplication@73aaa1a
reloadAllAccessors: .Integration2

===========================================================================================
----------------- testing Sun Sep 16 02:08:17 UTC 2018 /home/travis/build/icyphy/ptII/ptolemy/domains/continuous/test/auto/Integration3.xml
----------------- Instantiating /home/travis/build/icyphy/ptII/ptolemy/domains/continuous/test/auto/Integration3.xml
2 ms. Memory: 521216K Free: 408592K (78%)
----------------- Invoking toplevel() on ptolemy.moml.MoMLSimpleApplication@7a2d4995
----------------- Done invoking toplevel() on ptolemy.moml.MoMLSimpleApplication@7a2d4995
reloadAllAccessors: .Integration3

===========================================================================================
----------------- testing Sun Sep 16 02:08:17 UTC 2018 /home/travis/build/icyphy/ptII/ptolemy/domains/continuous/test/auto/Integration5.xml
----------------- Instantiating /home/travis/build/icyphy/ptII/ptolemy/domains/continuous/test/auto/Integration5.xml
2 ms. Memory: 521216K Free: 401994K (77%)
----------------- Invoking toplevel() on ptolemy.moml.MoMLSimpleApplication@f1ecc36
----------------- Done invoking toplevel() on ptolemy.moml.MoMLSimpleApplication@f1ecc36
reloadAllAccessors: .Integration5

===========================================================================================
----------------- testing Sun Sep 16 02:08:17 UTC 2018 /home/travis/build/icyphy/ptII/ptolemy/domains/continuous/test/auto/IntegratorImpulse.xml
----------------- Instantiating /home/travis/build/icyphy/ptII/ptolemy/domains/continuous/test/auto/IntegratorImpulse.xml
2 ms. Memory: 521216K Free: 395250K (76%)
----------------- Invoking toplevel() on ptolemy.moml.MoMLSimpleApplication@65da332a
----------------- Done invoking toplevel() on ptolemy.moml.MoMLSimpleApplication@65da332a
reloadAllAccessors: .IntegratorImpulse

===========================================================================================
----------------- testing Sun Sep 16 02:08:17 UTC 2018 /home/travis/build/icyphy/ptII/ptolemy/domains/continuous/test/auto/IntegratorImpulse2.xml
----------------- Instantiating /home/travis/build/icyphy/ptII/ptolemy/domains/continuous/test/auto/IntegratorImpulse2.xml
3 ms. Memory: 521216K Free: 385557K (74%)
----------------- Invoking toplevel() on ptolemy.moml.MoMLSimpleApplication@2866d8ab
----------------- Done invoking toplevel() on ptolemy.moml.MoMLSimpleApplication@2866d8ab
reloadAllAccessors: .IntegratorImpulse2

===========================================================================================
----------------- testing Sun Sep 16 02:08:17 UTC 2018 /home/travis/build/icyphy/ptII/ptolemy/domains/continuous/test/auto/LevelCrossing1.xml
----------------- Instantiating /home/travis/build/icyphy/ptII/ptolemy/domains/continuous/test/auto/LevelCrossing1.xml
2 ms. Memory: 521216K Free: 375866K (72%)
----------------- Invoking toplevel() on ptolemy.moml.MoMLSimpleApplication@449a5fb7
----------------- Done invoking toplevel() on ptolemy.moml.MoMLSimpleApplication@449a5fb7
reloadAllAccessors: .LevelCrossing1

===========================================================================================
----------------- testing Sun Sep 16 02:08:17 UTC 2018 /home/travis/build/icyphy/ptII/ptolemy/domains/continuous/test/auto/LevelCrossing2.xml
----------------- Instantiating /home/travis/build/icyphy/ptII/ptolemy/domains/continuous/test/auto/LevelCrossing2.xml
3 ms. Memory: 521216K Free: 366173K (70%)
----------------- Invoking toplevel() on ptolemy.moml.MoMLSimpleApplication@7b37919
----------------- Done invoking toplevel() on ptolemy.moml.MoMLSimpleApplication@7b37919
reloadAllAccessors: .LevelCrossing2

===========================================================================================
----------------- testing Sun Sep 16 02:08:17 UTC 2018 /home/travis/build/icyphy/ptII/ptolemy/domains/continuous/test/auto/LevelCrossing3.xml
----------------- Instantiating /home/travis/build/icyphy/ptII/ptolemy/domains/continuous/test/auto/LevelCrossing3.xml
2 ms. Memory: 521216K Free: 356481K (68%)
----------------- Invoking toplevel() on ptolemy.moml.MoMLSimpleApplication@74cf04eb
----------------- Done invoking toplevel() on ptolemy.moml.MoMLSimpleApplication@74cf04eb
reloadAllAccessors: .LevelCrossing3

===========================================================================================
----------------- testing Sun Sep 16 02:08:17 UTC 2018 /home/travis/build/icyphy/ptII/ptolemy/domains/continuous/test/auto/LevelCrossing4.xml
----------------- Instantiating /home/travis/build/icyphy/ptII/ptolemy/domains/continuous/test/auto/LevelCrossing4.xml
3 ms. Memory: 521216K Free: 346789K (67%)
----------------- Invoking toplevel() on ptolemy.moml.MoMLSimpleApplication@3487e48
----------------- Done invoking toplevel() on ptolemy.moml.MoMLSimpleApplication@3487e48
reloadAllAccessors: .LevelCrossing4

===========================================================================================
----------------- testing Sun Sep 16 02:08:17 UTC 2018 /home/travis/build/icyphy/ptII/ptolemy/domains/continuous/test/auto/LevelCrossing5.xml
----------------- Instantiating /home/travis/build/icyphy/ptII/ptolemy/domains/continuous/test/auto/LevelCrossing5.xml
3 ms. Memory: 521216K Free: 337259K (65%)
----------------- Invoking toplevel() on ptolemy.moml.MoMLSimpleApplication@4160a43
----------------- Done invoking toplevel() on ptolemy.moml.MoMLSimpleApplication@4160a43
reloadAllAccessors: .LevelCrossing5

===========================================================================================
----------------- testing Sun Sep 16 02:08:17 UTC 2018 /home/travis/build/icyphy/ptII/ptolemy/domains/continuous/test/auto/LevelCrossing6.xml
----------------- Instantiating /home/travis/build/icyphy/ptII/ptolemy/domains/continuous/test/auto/LevelCrossing6.xml
[...]
----------------- testing Sun Sep 16 02:08:34 UTC 2018 /home/travis/build/icyphy/ptII/ptolemy/domains/continuous/test/auto/ResetTransitionWithStartTime6.xml
----------------- Instantiating /home/travis/build/icyphy/ptII/ptolemy/domains/continuous/test/auto/ResetTransitionWithStartTime6.xml
10 ms. Memory: 592896K Free: 162163K (27%)
----------------- Invoking toplevel() on ptolemy.moml.MoMLSimpleApplication@1fcf78fa
----------------- Done invoking toplevel() on ptolemy.moml.MoMLSimpleApplication@1fcf78fa
reloadAllAccessors: .ResetTransitionWithStartTime6

===========================================================================================
----------------- testing Sun Sep 16 02:08:34 UTC 2018 /home/travis/build/icyphy/ptII/ptolemy/domains/continuous/test/auto/SRinContinuous.xml
----------------- Instantiating /home/travis/build/icyphy/ptII/ptolemy/domains/continuous/test/auto/SRinContinuous.xml
3 ms. Memory: 592896K Free: 151026K (25%)
----------------- Invoking toplevel() on ptolemy.moml.MoMLSimpleApplication@60ceb539
----------------- Done invoking toplevel() on ptolemy.moml.MoMLSimpleApplication@60ceb539
reloadAllAccessors: .SRinContinuous

===========================================================================================
----------------- testing Sun Sep 16 02:08:34 UTC 2018 /home/travis/build/icyphy/ptII/ptolemy/domains/continuous/test/auto/SampledClocks.xml
----------------- Instantiating /home/travis/build/icyphy/ptII/ptolemy/domains/continuous/test/auto/SampledClocks.xml
4 ms. Memory: 592896K Free: 139890K (24%)
----------------- Invoking toplevel() on ptolemy.moml.MoMLSimpleApplication@79f2e6ce
----------------- Done invoking toplevel() on ptolemy.moml.MoMLSimpleApplication@79f2e6ce
reloadAllAccessors: .SampledClocks

===========================================================================================
----------------- testing Sun Sep 16 02:08:34 UTC 2018 /home/travis/build/icyphy/ptII/ptolemy/domains/continuous/test/auto/Satellite.xml
----------------- Instantiating /home/travis/build/icyphy/ptII/ptolemy/domains/continuous/test/auto/Satellite.xml
874 ms. Memory: 568832K Free: 444378K (78%)
----------------- Invoking toplevel() on ptolemy.moml.MoMLSimpleApplication@73cc7d37
----------------- Done invoking toplevel() on ptolemy.moml.MoMLSimpleApplication@73cc7d37
reloadAllAccessors: .Satellite

===========================================================================================
----------------- testing Sun Sep 16 02:08:35 UTC 2018 /home/travis/build/icyphy/ptII/ptolemy/domains/continuous/test/auto/SigmaDelta.xml
----------------- Instantiating /home/travis/build/icyphy/ptII/ptolemy/domains/continuous/test/auto/SigmaDelta.xml
2285 ms. Memory: 568832K Free: 66770K (12%)
----------------- Invoking toplevel() on ptolemy.moml.MoMLSimpleApplication@76b4be11
----------------- Done invoking toplevel() on ptolemy.moml.MoMLSimpleApplication@76b4be11
reloadAllAccessors: .SigmaDelta

===========================================================================================
----------------- testing Sun Sep 16 02:08:37 UTC 2018 /home/travis/build/icyphy/ptII/ptolemy/domains/continuous/test/auto/SinuBouncingBall.xml
----------------- Instantiating /home/travis/build/icyphy/ptII/ptolemy/domains/continuous/test/auto/SinuBouncingBall.xml
654 ms. Memory: 547328K Free: 305461K (56%)
----------------- Invoking toplevel() on ptolemy.moml.MoMLSimpleApplication@1859d85b
----------------- Done invoking toplevel() on ptolemy.moml.MoMLSimpleApplication@1859d85b
reloadAllAccessors: .SinuBouncingBall

===========================================================================================
----------------- testing Sun Sep 16 02:08:38 UTC 2018 /home/travis/build/icyphy/ptII/ptolemy/domains/continuous/test/auto/Sinusoid.xml
----------------- Instantiating /home/travis/build/icyphy/ptII/ptolemy/domains/continuous/test/auto/Sinusoid.xml
5 ms. Memory: 547328K Free: 298291K (54%)
----------------- Invoking toplevel() on ptolemy.moml.MoMLSimpleApplication@32f202a8
----------------- Done invoking toplevel() on ptolemy.moml.MoMLSimpleApplication@32f202a8
reloadAllAccessors: .Sinusoid

===========================================================================================
----------------- testing Sun Sep 16 02:08:38 UTC 2018 /home/travis/build/icyphy/ptII/ptolemy/domains/continuous/test/auto/SinusoidInNoise.xml
----------------- Instantiating /home/travis/build/icyphy/ptII/ptolemy/domains/continuous/test/auto/SinusoidInNoise.xml
862 ms. Memory: 547328K Free: 96129K (18%)
----------------- Invoking toplevel() on ptolemy.moml.MoMLSimpleApplication@1c60601a
----------------- Done invoking toplevel() on ptolemy.moml.MoMLSimpleApplication@1c60601a
reloadAllAccessors: .SinusoidInNoise

===========================================================================================
----------------- testing Sun Sep 16 02:08:39 UTC 2018 /home/travis/build/icyphy/ptII/ptolemy/domains/continuous/test/auto/SinusoidRK45.xml
----------------- Instantiating /home/travis/build/icyphy/ptII/ptolemy/domains/continuous/test/auto/SinusoidRK45.xml
3 ms. Memory: 547328K Free: 89041K (16%)
----------------- Invoking toplevel() on ptolemy.moml.MoMLSimpleApplication@5d7dfe4c
----------------- Done invoking toplevel() on ptolemy.moml.MoMLSimpleApplication@5d7dfe4c
reloadAllAccessors: .SinusoidRK45

===========================================================================================
----------------- testing Sun Sep 16 02:08:39 UTC 2018 /home/travis/build/icyphy/ptII/ptolemy/domains/continuous/test/auto/SinusoidWithMultipleImpulses.xml
----------------- Instantiating /home/travis/build/icyphy/ptII/ptolemy/domains/continuous/test/auto/SinusoidWithMultipleImpulses.xml
4 ms. Memory: 547328K Free: 78774K (14%)
----------------- Invoking toplevel() on ptolemy.moml.MoMLSimpleApplication@4832349
----------------- Done invoking toplevel() on ptolemy.moml.MoMLSimpleApplication@4832349
reloadAllAccessors: .SinusoidWithMultipleImpulses

===========================================================================================
----------------- testing Sun Sep 16 02:08:39 UTC 2018 /home/travis/build/icyphy/ptII/ptolemy/domains/continuous/test/auto/SquareWave.xml
----------------- Instantiating /home/travis/build/icyphy/ptII/ptolemy/domains/continuous/test/auto/SquareWave.xml
163 ms. Memory: 547328K Free: 49989K (9%)
----------------- Invoking toplevel() on ptolemy.moml.MoMLSimpleApplication@2472503b
----------------- Done invoking toplevel() on ptolemy.moml.MoMLSimpleApplication@2472503b
reloadAllAccessors: .SquareWave

===========================================================================================
----------------- testing Sun Sep 16 02:08:39 UTC 2018 /home/travis/build/icyphy/ptII/ptolemy/domains/continuous/test/auto/Starmac.xml
----------------- Instantiating /home/travis/build/icyphy/ptII/ptolemy/domains/continuous/test/auto/Starmac.xml
3043 ms. Memory: 525824K Free: 122232K (23%)
----------------- Invoking toplevel() on ptolemy.moml.MoMLSimpleApplication@6e8de6d7
----------------- Done invoking toplevel() on ptolemy.moml.MoMLSimpleApplication@6e8de6d7
reloadAllAccessors: .Starmac

===========================================================================================
----------------- testing Sun Sep 16 02:08:43 UTC 2018 /home/travis/build/icyphy/ptII/ptolemy/domains/continuous/test/auto/StaticUnits.xml
----------------- Instantiating /home/travis/build/icyphy/ptII/ptolemy/domains/continuous/test/auto/StaticUnits.xml
2116 ms. Memory: 509440K Free: 79180K (16%)
----------------- Invoking toplevel() on ptolemy.moml.MoMLSimpleApplication@3055dd75
----------------- Done invoking toplevel() on ptolemy.moml.MoMLSimpleApplication@3055dd75
reloadAllAccessors: .StaticUnits

===========================================================================================
----------------- testing Sun Sep 16 02:08:45 UTC 2018 /home/travis/build/icyphy/ptII/ptolemy/domains/continuous/test/auto/StickyMasses.xml
----------------- Instantiating /home/travis/build/icyphy/ptII/ptolemy/domains/continuous/test/auto/StickyMasses.xml
146 ms. Memory: 484864K Free: 417895K (86%)
----------------- Invoking toplevel() on ptolemy.moml.MoMLSimpleApplication@53ad80da
----------------- Done invoking toplevel() on ptolemy.moml.MoMLSimpleApplication@53ad80da
reloadAllAccessors: .StickyMasses

===========================================================================================
----------------- testing Sun Sep 16 02:08:45 UTC 2018 /home/travis/build/icyphy/ptII/ptolemy/domains/continuous/test/auto/StopTime.xml
----------------- Instantiating /home/travis/build/icyphy/ptII/ptolemy/domains/continuous/test/auto/StopTime.xml
37 ms. Memory: 484864K Free: 388783K (80%)
----------------- Invoking toplevel() on ptolemy.moml.MoMLSimpleApplication@13dddad1
----------------- Done invoking toplevel() on ptolemy.moml.MoMLSimpleApplication@13dddad1
reloadAllAccessors: .StopTime

===========================================================================================
----------------- testing Sun Sep 16 02:08:45 UTC 2018 /home/travis/build/icyphy/ptII/ptolemy/domains/continuous/test/auto/StopTime2.xml
----------------- Instantiating /home/travis/build/icyphy/ptII/ptolemy/domains/continuous/test/auto/StopTime2.xml
42 ms. Memory: 484864K Free: 363603K (75%)
----------------- Invoking toplevel() on ptolemy.moml.MoMLSimpleApplication@3813a25f
----------------- Done invoking toplevel() on ptolemy.moml.MoMLSimpleApplication@3813a25f
reloadAllAccessors: .StopTime2

===========================================================================================
----------------- testing Sun Sep 16 02:08:45 UTC 2018 /home/travis/build/icyphy/ptII/ptolemy/domains/continuous/test/auto/Switch.xml
----------------- Instantiating /home/travis/build/icyphy/ptII/ptolemy/domains/continuous/test/auto/Switch.xml
36 ms. Memory: 484864K Free: 335744K (69%)
----------------- Invoking toplevel() on ptolemy.moml.MoMLSimpleApplication@1023a9a
----------------- Done invoking toplevel() on ptolemy.moml.MoMLSimpleApplication@1023a9a
reloadAllAccessors: .Switch

===========================================================================================
----------------- testing Sun Sep 16 02:08:45 UTC 2018 /home/travis/build/icyphy/ptII/ptolemy/domains/continuous/test/auto/Thermostat.xml
----------------- Instantiating /home/travis/build/icyphy/ptII/ptolemy/domains/continuous/test/auto/Thermostat.xml
160 ms. Memory: 484864K Free: 259408K (54%)
----------------- Invoking toplevel() on ptolemy.moml.MoMLSimpleApplication@1c3df245
----------------- Done invoking toplevel() on ptolemy.moml.MoMLSimpleApplication@1c3df245
reloadAllAccessors: .Thermostat

===========================================================================================
----------------- testing Sun Sep 16 02:08:46 UTC 2018 /home/travis/build/icyphy/ptII/ptolemy/domains/continuous/test/auto/TimeDelay.xml
----------------- Instantiating /home/travis/build/icyphy/ptII/ptolemy/domains/continuous/test/auto/TimeDelay.xml
7 ms. Memory: 484864K Free: 250410K (52%)
----------------- Invoking toplevel() on ptolemy.moml.MoMLSimpleApplication@6996cfaa
----------------- Done invoking toplevel() on ptolemy.moml.MoMLSimpleApplication@6996cfaa
reloadAllAccessors: .TimeDelay

===========================================================================================
----------------- testing Sun Sep 16 02:08:46 UTC 2018 /home/travis/build/icyphy/ptII/ptolemy/domains/continuous/test/auto/TimeDelay2.xml
----------------- Instantiating /home/travis/build/icyphy/ptII/ptolemy/domains/continuous/test/auto/TimeDelay2.xml
7 ms. Memory: 484864K Free: 241419K (50%)
----------------- Invoking toplevel() on ptolemy.moml.MoMLSimpleApplication@7fbef3b8
----------------- Done invoking toplevel() on ptolemy.moml.MoMLSimpleApplication@7fbef3b8
reloadAllAccessors: .TimeDelay2

===========================================================================================
----------------- testing Sun Sep 16 02:08:46 UTC 2018 /home/travis/build/icyphy/ptII/ptolemy/domains/continuous/test/auto/TimeDelay3.xml
----------------- Instantiating /home/travis/build/icyphy/ptII/ptolemy/domains/continuous/test/auto/TimeDelay3.xml
3 ms. Memory: 484864K Free: 232420K (48%)
----------------- Invoking toplevel() on ptolemy.moml.MoMLSimpleApplication@7aa0bb34
----------------- Done invoking toplevel() on ptolemy.moml.MoMLSimpleApplication@7aa0bb34
reloadAllAccessors: .TimeDelay3

===========================================================================================
----------------- testing Sun Sep 16 02:08:46 UTC 2018 /home/travis/build/icyphy/ptII/ptolemy/domains/continuous/test/auto/TransferAbsentToInside.xml
----------------- Instantiating /home/travis/build/icyphy/ptII/ptolemy/domains/continuous/test/auto/TransferAbsentToInside.xml
49 ms. Memory: 484864K Free: 172266K (36%)
----------------- Invoking toplevel() on ptolemy.moml.MoMLSimpleApplication@16da2b0b
----------------- Done invoking toplevel() on ptolemy.moml.MoMLSimpleApplication@16da2b0b
reloadAllAccessors: .TransferAbsentToInside

===========================================================================================
----------------- testing Sun Sep 16 02:08:46 UTC 2018 /home/travis/build/icyphy/ptII/ptolemy/domains/continuous/test/auto/Transmission.xml
----------------- Instantiating /home/travis/build/icyphy/ptII/ptolemy/domains/continuous/test/auto/Transmission.xml
719 ms. Memory: 466432K Free: 314632K (67%)
----------------- Invoking toplevel() on ptolemy.moml.MoMLSimpleApplication@3f43e225
----------------- Done invoking toplevel() on ptolemy.moml.MoMLSimpleApplication@3f43e225
reloadAllAccessors: .Transmission

===========================================================================================
----------------- testing Sun Sep 16 02:08:47 UTC 2018 /home/travis/build/icyphy/ptII/ptolemy/domains/continuous/test/auto/TriggeredContinuousClock.xml
----------------- Instantiating /home/travis/build/icyphy/ptII/ptolemy/domains/continuous/test/auto/TriggeredContinuousClock.xml
31 ms. Memory: 466432K Free: 279492K (60%)
----------------- Invoking toplevel() on ptolemy.moml.MoMLSimpleApplication@434f8f8e
----------------- Done invoking toplevel() on ptolemy.moml.MoMLSimpleApplication@434f8f8e
reloadAllAccessors: .TriggeredContinuousClock

===========================================================================================
----------------- testing Sun Sep 16 02:08:47 UTC 2018 /home/travis/build/icyphy/ptII/ptolemy/domains/continuous/test/auto/TwoMachineInfiniteBusControl.xml
----------------- Instantiating /home/travis/build/icyphy/ptII/ptolemy/domains/continuous/test/auto/TwoMachineInfiniteBusControl.xml
2888 ms. Memory: 450048K Free: 75572K (17%)
----------------- Invoking toplevel() on ptolemy.moml.MoMLSimpleApplication@2ccd835c
----------------- Done invoking toplevel() on ptolemy.moml.MoMLSimpleApplication@2ccd835c
reloadAllAccessors: .TwoMachineInfiniteBusControl

===========================================================================================
----------------- testing Sun Sep 16 02:08:50 UTC 2018 /home/travis/build/icyphy/ptII/ptolemy/domains/continuous/test/auto/V2V.xml
----------------- Instantiating /home/travis/build/icyphy/ptII/ptolemy/domains/continuous/test/auto/V2V.xml
679 ms. Memory: 432128K Free: 227838K (53%)
----------------- Invoking toplevel() on ptolemy.moml.MoMLSimpleApplication@47b65a46
----------------- Done invoking toplevel() on ptolemy.moml.MoMLSimpleApplication@47b65a46
reloadAllAccessors: .V2V

===========================================================================================
----------------- testing Sun Sep 16 02:08:51 UTC 2018 /home/travis/build/icyphy/ptII/ptolemy/domains/continuous/test/auto/hierarchicalModalModel.xml
----------------- Instantiating /home/travis/build/icyphy/ptII/ptolemy/domains/continuous/test/auto/hierarchicalModalModel.xml
7 ms. Memory: 432128K Free: 208858K (48%)
----------------- Invoking toplevel() on ptolemy.moml.MoMLSimpleApplication@52d0d286
----------------- Done invoking toplevel() on ptolemy.moml.MoMLSimpleApplication@52d0d286
reloadAllAccessors: .hierarchicalModalModel

===========================================================================================
----------------- testing Sun Sep 16 02:08:51 UTC 2018 /home/travis/build/icyphy/ptII/ptolemy/domains/continuous/test/auto/hierarchicalModalModel1.xml
----------------- Instantiating /home/travis/build/icyphy/ptII/ptolemy/domains/continuous/test/auto/hierarchicalModalModel1.xml
7 ms. Memory: 432128K Free: 191046K (44%)
----------------- Invoking toplevel() on ptolemy.moml.MoMLSimpleApplication@30b96aec
----------------- Done invoking toplevel() on ptolemy.moml.MoMLSimpleApplication@30b96aec
reloadAllAccessors: .hierarchicalModalModel1

===========================================================================================
----------------- testing Sun Sep 16 02:08:51 UTC 2018 /home/travis/build/icyphy/ptII/ptolemy/domains/continuous/test/auto/hierarchicalModalModel2.xml
----------------- Instantiating /home/travis/build/icyphy/ptII/ptolemy/domains/continuous/test/auto/hierarchicalModalModel2.xml
13 ms. Memory: 432128K Free: 176076K (41%)
----------------- Invoking toplevel() on ptolemy.moml.MoMLSimpleApplication@20b003a0
----------------- Done invoking toplevel() on ptolemy.moml.MoMLSimpleApplication@20b003a0
reloadAllAccessors: .hierarchicalModalModel2

===========================================================================================
----------------- testing Sun Sep 16 02:08:51 UTC 2018 /home/travis/build/icyphy/ptII/ptolemy/domains/continuous/test/auto/hierarchicalModalModel3.xml
----------------- Instantiating /home/travis/build/icyphy/ptII/ptolemy/domains/continuous/test/auto/hierarchicalModalModel3.xml
6 ms. Memory: 432128K Free: 162499K (38%)
----------------- Invoking toplevel() on ptolemy.moml.MoMLSimpleApplication@51f625ab
----------------- Done invoking toplevel() on ptolemy.moml.MoMLSimpleApplication@51f625ab
reloadAllAccessors: .hierarchicalModalModel3

===========================================================================================
----------------- testing Sun Sep 16 02:08:51 UTC 2018 /home/travis/build/icyphy/ptII/ptolemy/domains/continuous/test/auto/hierarchicalModalModel4.xml
----------------- Instantiating /home/travis/build/icyphy/ptII/ptolemy/domains/continuous/test/auto/hierarchicalModalModel4.xml
5 ms. Memory: 432128K Free: 147520K (34%)
----------------- Invoking toplevel() on ptolemy.moml.MoMLSimpleApplication@59e0e285
----------------- Done invoking toplevel() on ptolemy.moml.MoMLSimpleApplication@59e0e285
reloadAllAccessors: .hierarchicalModalModel4

===========================================================================================
----------------- testing Sun Sep 16 02:08:51 UTC 2018 /home/travis/build/icyphy/ptII/ptolemy/domains/continuous/test/auto/junk.xml
----------------- Instantiating /home/travis/build/icyphy/ptII/ptolemy/domains/continuous/test/auto/junk.xml
116 ms. Memory: 432128K Free: 115763K (27%)
----------------- Invoking toplevel() on ptolemy.moml.MoMLSimpleApplication@74b1631
----------------- Done invoking toplevel() on ptolemy.moml.MoMLSimpleApplication@74b1631
reloadAllAccessors: .junk
AutoTests.java: About to close Vertx.
AutoTests.java: Vertx closed.
]]></system-out>
  <system-err><![CDATA[Warning: '.HysteresisWithRandomDelay.NonStrictTest3' The test produced only 28 tokens, yet the correctValues parameter was expecting 30 tokens.
Warning: '.IncreasingRatePoisson.NonStrictTest' The test produced only 397 tokens, yet the correctValues parameter was expecting 402 tokens.
Warning: '.Poisson.NonStrictTest' The test produced only 395 tokens, yet the correctValues parameter was expecting 430 tokens.
]]></system-err>
</testsuite>
