<?xml version="1.0" encoding="UTF-8" ?>
<testsuite errors="0" failures="0" hostname="travis-job-88e9a12a-662a-4d7a-8302-f43d15ba88e0" name="ptolemy.domains.de.test.junit.JUnitTclTest" skipped="0" tests="101" time="123.914" timestamp="2020-02-01T06:51:44">
  <properties>
[...]
</properties>
  <testcase classname="ptolemy.util.test.junit.TclTests" name="[0] /home/travis/build/icyphy/ptII/ptolemy/domains/de/test/DependencyLoop.tcl (RunTclFile)" time="0.93" />
  <testcase classname="ptolemy.util.test.junit.TclTests" name="[1] /home/travis/build/icyphy/ptII/ptolemy/domains/de/test/RunDETestsAsQSS.tcl (RunTclFile)" time="84.153" />
  <testcase classname="ptolemy.util.test.junit.AutoKnownFailedTests" name="[0] /home/travis/build/icyphy/ptII/ptolemy/domains/de/test/auto/knownFailedTests/DESDFClockTest.xml (RunModel)" time="2.038" />
  <testcase classname="ptolemy.util.test.junit.AutoKnownFailedTests" name="[1] /home/travis/build/icyphy/ptII/ptolemy/domains/de/test/auto/knownFailedTests/DirectFeedback.xml (RunModel)" time="0.022" />
  <testcase classname="ptolemy.util.test.junit.AutoKnownFailedTests" name="[2] /home/travis/build/icyphy/ptII/ptolemy/domains/de/test/auto/knownFailedTests/FSMSource.xml (RunModel)" time="0.03" />
  <testcase classname="ptolemy.util.test.junit.AutoKnownFailedTests" name="[3] /home/travis/build/icyphy/ptII/ptolemy/domains/de/test/auto/knownFailedTests/HierarchicalModel.xml (RunModel)" time="0.044" />
  <testcase classname="ptolemy.util.test.junit.AutoKnownFailedTests" name="[4] /home/travis/build/icyphy/ptII/ptolemy/domains/de/test/auto/knownFailedTests/dependencyLoop.xml (RunModel)" time="0.04" />
  <testcase classname="ptolemy.util.test.junit.AutoKnownFailedTests" name="[5] /home/travis/build/icyphy/ptII/ptolemy/domains/de/test/auto/knownFailedTests/dependencyLoop2.xml (RunModel)" time="0.049" />
  <testcase classname="ptolemy.util.test.junit.AutoNameArchTests" name="[0] ThereAreNoAutoArchTests (RunModel)" time="0.003" />
  <testcase classname="ptolemy.util.test.junit.AutoTests" name="[0] /home/travis/build/icyphy/ptII/ptolemy/domains/de/test/auto/ActorDepthCalculation_actorWithoutPorts.xml (RunModel)" time="0.024" />
  <testcase classname="ptolemy.util.test.junit.AutoTests" name="[1] /home/travis/build/icyphy/ptII/ptolemy/domains/de/test/auto/AssemblyLine.xml (RunModel)" time="0.022" />
  <testcase classname="ptolemy.util.test.junit.AutoTests" name="[2] /home/travis/build/icyphy/ptII/ptolemy/domains/de/test/auto/CQBug1.xml (RunModel)" time="0.013" />
  <testcase classname="ptolemy.util.test.junit.AutoTests" name="[3] /home/travis/build/icyphy/ptII/ptolemy/domains/de/test/auto/CancelFireAt.xml (RunModel)" time="0.009" />
  <testcase classname="ptolemy.util.test.junit.AutoTests" name="[4] /home/travis/build/icyphy/ptII/ptolemy/domains/de/test/auto/CausalityAndComposabilityAnalysis.xml (RunModel)" time="0.011" />
  <testcase classname="ptolemy.util.test.junit.AutoTests" name="[5] /home/travis/build/icyphy/ptII/ptolemy/domains/de/test/auto/CausalityInterface1.xml (RunModel)" time="0.014" />
  <testcase classname="ptolemy.util.test.junit.AutoTests" name="[6] /home/travis/build/icyphy/ptII/ptolemy/domains/de/test/auto/CausalityInterface15.xml (RunModel)" time="0.015" />
  <testcase classname="ptolemy.util.test.junit.AutoTests" name="[7] /home/travis/build/icyphy/ptII/ptolemy/domains/de/test/auto/CausalityInterface2.xml (RunModel)" time="0.014" />
  <testcase classname="ptolemy.util.test.junit.AutoTests" name="[8] /home/travis/build/icyphy/ptII/ptolemy/domains/de/test/auto/CausalityInterface3.xml (RunModel)" time="0.011" />
  <testcase classname="ptolemy.util.test.junit.AutoTests" name="[9] /home/travis/build/icyphy/ptII/ptolemy/domains/de/test/auto/ClockDrift.xml (RunModel)" time="0.035" />
  <testcase classname="ptolemy.util.test.junit.AutoTests" name="[10] /home/travis/build/icyphy/ptII/ptolemy/domains/de/test/auto/ClockDriftAndValueChange.xml (RunModel)" time="0.029" />
  <testcase classname="ptolemy.util.test.junit.AutoTests" name="[11] /home/travis/build/icyphy/ptII/ptolemy/domains/de/test/auto/ClockDriftChange.xml (RunModel)" time="0.031" />
  <testcase classname="ptolemy.util.test.junit.AutoTests" name="[12] /home/travis/build/icyphy/ptII/ptolemy/domains/de/test/auto/ComposableCausalityAnalysis.xml (RunModel)" time="0.012" />
  <testcase classname="ptolemy.util.test.junit.AutoTests" name="[13] /home/travis/build/icyphy/ptII/ptolemy/domains/de/test/auto/DEFixedPointLimitation.xml (RunModel)" time="0.008" />
  <testcase classname="ptolemy.util.test.junit.AutoTests" name="[14] /home/travis/build/icyphy/ptII/ptolemy/domains/de/test/auto/DEScheduleTest.xml (RunModel)" time="0.012" />
  <testcase classname="ptolemy.util.test.junit.AutoTests" name="[15] /home/travis/build/icyphy/ptII/ptolemy/domains/de/test/auto/DEinDEwithStartTimes.xml (RunModel)" time="0.014" />
  <testcase classname="ptolemy.util.test.junit.AutoTests" name="[16] /home/travis/build/icyphy/ptII/ptolemy/domains/de/test/auto/DEinDEwithStartTimes2.xml (RunModel)" time="0.016" />
  <testcase classname="ptolemy.util.test.junit.AutoTests" name="[17] /home/travis/build/icyphy/ptII/ptolemy/domains/de/test/auto/DateDemo.xml (RunModel)" time="0.025" />
  <testcase classname="ptolemy.util.test.junit.AutoTests" name="[18] /home/travis/build/icyphy/ptII/ptolemy/domains/de/test/auto/DateToEvent.xml (RunModel)" time="2.044" />
  <testcase classname="ptolemy.util.test.junit.AutoTests" name="[19] /home/travis/build/icyphy/ptII/ptolemy/domains/de/test/auto/DepthTest1.xml (RunModel)" time="0.007" />
  <testcase classname="ptolemy.util.test.junit.AutoTests" name="[20] /home/travis/build/icyphy/ptII/ptolemy/domains/de/test/auto/DepthTest2.xml (RunModel)" time="0.015" />
  <testcase classname="ptolemy.util.test.junit.AutoTests" name="[21] /home/travis/build/icyphy/ptII/ptolemy/domains/de/test/auto/DepthTest3.xml (RunModel)" time="0.006" />
  <testcase classname="ptolemy.util.test.junit.AutoTests" name="[22] /home/travis/build/icyphy/ptII/ptolemy/domains/de/test/auto/DepthTest4.xml (RunModel)" time="0.022" />
  <testcase classname="ptolemy.util.test.junit.AutoTests" name="[23] /home/travis/build/icyphy/ptII/ptolemy/domains/de/test/auto/DepthTest5.xml (RunModel)" time="0.01" />
  <testcase classname="ptolemy.util.test.junit.AutoTests" name="[24] /home/travis/build/icyphy/ptII/ptolemy/domains/de/test/auto/DepthTest6.xml (RunModel)" time="0.012" />
  <testcase classname="ptolemy.util.test.junit.AutoTests" name="[25] /home/travis/build/icyphy/ptII/ptolemy/domains/de/test/auto/DepthTest7.xml (RunModel)" time="0.011" />
  <testcase classname="ptolemy.util.test.junit.AutoTests" name="[26] /home/travis/build/icyphy/ptII/ptolemy/domains/de/test/auto/EventToDate.xml (RunModel)" time="3.037" />
  <testcase classname="ptolemy.util.test.junit.AutoTests" name="[27] /home/travis/build/icyphy/ptII/ptolemy/domains/de/test/auto/FSM1.xml (RunModel)" time="0.048" />
  <testcase classname="ptolemy.util.test.junit.AutoTests" name="[28] /home/travis/build/icyphy/ptII/ptolemy/domains/de/test/auto/FSM7.xml (RunModel)" time="0.037" />
  <testcase classname="ptolemy.util.test.junit.AutoTests" name="[29] /home/travis/build/icyphy/ptII/ptolemy/domains/de/test/auto/Inspection.xml (RunModel)" time="0.038" />
  <testcase classname="ptolemy.util.test.junit.AutoTests" name="[30] /home/travis/build/icyphy/ptII/ptolemy/domains/de/test/auto/Iteration.xml (RunModel)" time="0.025" />
  <testcase classname="ptolemy.util.test.junit.AutoTests" name="[31] /home/travis/build/icyphy/ptII/ptolemy/domains/de/test/auto/LineFault.xml (RunModel)" time="0.532" />
  <testcase classname="ptolemy.util.test.junit.AutoTests" name="[32] /home/travis/build/icyphy/ptII/ptolemy/domains/de/test/auto/MergeModel1Add.xml (RunModel)" time="0.045" />
  <testcase classname="ptolemy.util.test.junit.AutoTests" name="[33] /home/travis/build/icyphy/ptII/ptolemy/domains/de/test/auto/MergeModel2Add.xml (RunModel)" time="0.029" />
  <testcase classname="ptolemy.util.test.junit.AutoTests" name="[34] /home/travis/build/icyphy/ptII/ptolemy/domains/de/test/auto/MergeModel3Add.xml (RunModel)" time="0.045" />
  <testcase classname="ptolemy.util.test.junit.AutoTests" name="[35] /home/travis/build/icyphy/ptII/ptolemy/domains/de/test/auto/MergeWithoutDiscard.xml (RunModel)" time="0.009" />
  <testcase classname="ptolemy.util.test.junit.AutoTests" name="[36] /home/travis/build/icyphy/ptII/ptolemy/domains/de/test/auto/Modal1.xml (RunModel)" time="0.029" />
  <testcase classname="ptolemy.util.test.junit.AutoTests" name="[37] /home/travis/build/icyphy/ptII/ptolemy/domains/de/test/auto/Modal2.xml (RunModel)" time="0.024" />
  <testcase classname="ptolemy.util.test.junit.AutoTests" name="[38] /home/travis/build/icyphy/ptII/ptolemy/domains/de/test/auto/Modal3.xml (RunModel)" time="0.031" />
  <testcase classname="ptolemy.util.test.junit.AutoTests" name="[39] /home/travis/build/icyphy/ptII/ptolemy/domains/de/test/auto/Modal4.xml (RunModel)" time="0.028" />
  <testcase classname="ptolemy.util.test.junit.AutoTests" name="[40] /home/travis/build/icyphy/ptII/ptolemy/domains/de/test/auto/Modal5.xml (RunModel)" time="0.032" />
  <testcase classname="ptolemy.util.test.junit.AutoTests" name="[41] /home/travis/build/icyphy/ptII/ptolemy/domains/de/test/auto/Modal6.xml (RunModel)" time="0.032" />
  <testcase classname="ptolemy.util.test.junit.AutoTests" name="[42] /home/travis/build/icyphy/ptII/ptolemy/domains/de/test/auto/Modal7.xml (RunModel)" time="0.033" />
  <testcase classname="ptolemy.util.test.junit.AutoTests" name="[43] /home/travis/build/icyphy/ptII/ptolemy/domains/de/test/auto/ModalModel.xml (RunModel)" time="0.169" />
  <testcase classname="ptolemy.util.test.junit.AutoTests" name="[44] /home/travis/build/icyphy/ptII/ptolemy/domains/de/test/auto/ModalSource.xml (RunModel)" time="0.023" />
  <testcase classname="ptolemy.util.test.junit.AutoTests" name="[45] /home/travis/build/icyphy/ptII/ptolemy/domains/de/test/auto/NonInterruptibleTimerZeroDelay.xml (RunModel)" time="0.022" />
  <testcase classname="ptolemy.util.test.junit.AutoTests" name="[46] /home/travis/build/icyphy/ptII/ptolemy/domains/de/test/auto/OpenQueueingNetwork.xml (RunModel)" time="2.61" />
  <testcase classname="ptolemy.util.test.junit.AutoTests" name="[47] /home/travis/build/icyphy/ptII/ptolemy/domains/de/test/auto/OpenQueuingNetwork.xml (RunModel)" time="0.335" />
  <testcase classname="ptolemy.util.test.junit.AutoTests" name="[48] /home/travis/build/icyphy/ptII/ptolemy/domains/de/test/auto/PeriodicSampler.xml (RunModel)" time="0.015" />
  <testcase classname="ptolemy.util.test.junit.AutoTests" name="[49] /home/travis/build/icyphy/ptII/ptolemy/domains/de/test/auto/PersistentIO.xml (RunModel)" time="0.018" />
  <testcase classname="ptolemy.util.test.junit.AutoTests" name="[50] /home/travis/build/icyphy/ptII/ptolemy/domains/de/test/auto/PortParameterResetOnInitialize.xml (RunModel)" time="0.009" />
  <testcase classname="ptolemy.util.test.junit.AutoTests" name="[51] /home/travis/build/icyphy/ptII/ptolemy/domains/de/test/auto/PortParameterUpdates.xml (RunModel)" time="0.013" />
  <testcase classname="ptolemy.util.test.junit.AutoTests" name="[52] /home/travis/build/icyphy/ptII/ptolemy/domains/de/test/auto/QueueAndServer.xml (RunModel)" time="0.02" />
  <testcase classname="ptolemy.util.test.junit.AutoTests" name="[53] /home/travis/build/icyphy/ptII/ptolemy/domains/de/test/auto/Records.xml (RunModel)" time="0.017" />
  <testcase classname="ptolemy.util.test.junit.AutoTests" name="[54] /home/travis/build/icyphy/ptII/ptolemy/domains/de/test/auto/ResetTransitionWithStartTime1.xml (RunModel)" time="0.02" />
  <testcase classname="ptolemy.util.test.junit.AutoTests" name="[55] /home/travis/build/icyphy/ptII/ptolemy/domains/de/test/auto/ResetTransitionWithStartTime2.xml (RunModel)" time="0.018" />
  <testcase classname="ptolemy.util.test.junit.AutoTests" name="[56] /home/travis/build/icyphy/ptII/ptolemy/domains/de/test/auto/ResetTransitionWithStartTime3.xml (RunModel)" time="0.017" />
  <testcase classname="ptolemy.util.test.junit.AutoTests" name="[57] /home/travis/build/icyphy/ptII/ptolemy/domains/de/test/auto/ResetTransitionWithStartTime4.xml (RunModel)" time="0.018" />
  <testcase classname="ptolemy.util.test.junit.AutoTests" name="[58] /home/travis/build/icyphy/ptII/ptolemy/domains/de/test/auto/ResettableTimer1.xml (RunModel)" time="0.009" />
  <testcase classname="ptolemy.util.test.junit.AutoTests" name="[59] /home/travis/build/icyphy/ptII/ptolemy/domains/de/test/auto/ResettableTimer2.xml (RunModel)" time="0.008" />
  <testcase classname="ptolemy.util.test.junit.AutoTests" name="[60] /home/travis/build/icyphy/ptII/ptolemy/domains/de/test/auto/ResettableTimer3.xml (RunModel)" time="0.008" />
  <testcase classname="ptolemy.util.test.junit.AutoTests" name="[61] /home/travis/build/icyphy/ptII/ptolemy/domains/de/test/auto/ResettableTimer4.xml (RunModel)" time="0.009" />
  <testcase classname="ptolemy.util.test.junit.AutoTests" name="[62] /home/travis/build/icyphy/ptII/ptolemy/domains/de/test/auto/ResettableTimer5.xml (RunModel)" time="0.008" />
  <testcase classname="ptolemy.util.test.junit.AutoTests" name="[63] /home/travis/build/icyphy/ptII/ptolemy/domains/de/test/auto/ResettableTimer6.xml (RunModel)" time="0.016" />
  <testcase classname="ptolemy.util.test.junit.AutoTests" name="[64] /home/travis/build/icyphy/ptII/ptolemy/domains/de/test/auto/ServerZeroDelay.xml (RunModel)" time="0.009" />
  <testcase classname="ptolemy.util.test.junit.AutoTests" name="[65] /home/travis/build/icyphy/ptII/ptolemy/domains/de/test/auto/SmartSender.xml (RunModel)" time="3.008" />
  <testcase classname="ptolemy.util.test.junit.AutoTests" name="[66] /home/travis/build/icyphy/ptII/ptolemy/domains/de/test/auto/ThreadedComposite.xml (RunModel)" time="0.119" />
  <testcase classname="ptolemy.util.test.junit.AutoTests" name="[67] /home/travis/build/icyphy/ptII/ptolemy/domains/de/test/auto/Time.xml (RunModel)" time="0.353" />
  <testcase classname="ptolemy.util.test.junit.AutoTests" name="[68] /home/travis/build/icyphy/ptII/ptolemy/domains/de/test/auto/TimeDelayZeroDelay.xml (RunModel)" time="0.017" />
  <testcase classname="ptolemy.util.test.junit.AutoTests" name="[69] /home/travis/build/icyphy/ptII/ptolemy/domains/de/test/auto/TimerZeroDelay.xml (RunModel)" time="0.008" />
  <testcase classname="ptolemy.util.test.junit.AutoTests" name="[70] /home/travis/build/icyphy/ptII/ptolemy/domains/de/test/auto/TimingParadox.xml (RunModel)" time="0.284" />
  <testcase classname="ptolemy.util.test.junit.AutoTests" name="[71] /home/travis/build/icyphy/ptII/ptolemy/domains/de/test/auto/TransferInputs.xml (RunModel)" time="0.009" />
  <testcase classname="ptolemy.util.test.junit.AutoTests" name="[72] /home/travis/build/icyphy/ptII/ptolemy/domains/de/test/auto/TransferOutputs2.xml (RunModel)" time="0.021" />
  <testcase classname="ptolemy.util.test.junit.AutoTests" name="[73] /home/travis/build/icyphy/ptII/ptolemy/domains/de/test/auto/Trilateration.xml (RunModel)" time="10.412" />
  <testcase classname="ptolemy.util.test.junit.AutoTests" name="[74] /home/travis/build/icyphy/ptII/ptolemy/domains/de/test/auto/TwoSigmaDelta.xml (RunModel)" time="1.916" />
  <testcase classname="ptolemy.util.test.junit.AutoTests" name="[75] /home/travis/build/icyphy/ptII/ptolemy/domains/de/test/auto/VariableDelay.xml (RunModel)" time="0.014" />
  <testcase classname="ptolemy.util.test.junit.AutoTests" name="[76] /home/travis/build/icyphy/ptII/ptolemy/domains/de/test/auto/VariableDelay2.xml (RunModel)" time="0.02" />
  <testcase classname="ptolemy.util.test.junit.AutoTests" name="[77] /home/travis/build/icyphy/ptII/ptolemy/domains/de/test/auto/VariableDelayZeroDelay.xml (RunModel)" time="0.013" />
  <testcase classname="ptolemy.util.test.junit.AutoTests" name="[78] /home/travis/build/icyphy/ptII/ptolemy/domains/de/test/auto/VariableDelayZeroDelay2.xml (RunModel)" time="0.007" />
  <testcase classname="ptolemy.util.test.junit.AutoTests" name="[79] /home/travis/build/icyphy/ptII/ptolemy/domains/de/test/auto/deInCt.xml (RunModel)" time="0.012" />
  <testcase classname="ptolemy.util.test.junit.AutoTests" name="[80] /home/travis/build/icyphy/ptII/ptolemy/domains/de/test/auto/deInCt2.xml (RunModel)" time="0.012" />
  <testcase classname="ptolemy.util.test.junit.AutoTests" name="[81] /home/travis/build/icyphy/ptII/ptolemy/domains/de/test/auto/dynamicCausalityInterface1.xml (RunModel)" time="0.016" />
  <testcase classname="ptolemy.util.test.junit.AutoTests" name="[82] /home/travis/build/icyphy/ptII/ptolemy/domains/de/test/auto/fsm_de_test.xml (RunModel)" time="0.019" />
  <testcase classname="ptolemy.util.test.junit.AutoTests" name="[83] /home/travis/build/icyphy/ptII/ptolemy/domains/de/test/auto/functionDependencyReconstruction.xml (RunModel)" time="0.029" />
  <testcase classname="ptolemy.util.test.junit.AutoTests" name="[84] /home/travis/build/icyphy/ptII/ptolemy/domains/de/test/auto/multirate.xml (RunModel)" time="0.012" />
  <testcase classname="ptolemy.util.test.junit.AutoTests" name="[85] /home/travis/build/icyphy/ptII/ptolemy/domains/de/test/auto/multirate2.xml (RunModel)" time="0.011" />
  <testcase classname="ptolemy.util.test.junit.AutoTests" name="[86] /home/travis/build/icyphy/ptII/ptolemy/domains/de/test/auto/realtime.xml (RunModel)" time="10.009" />
  <testcase classname="ptolemy.util.test.junit.AutoTests" name="[87] /home/travis/build/icyphy/ptII/ptolemy/domains/de/test/auto/relationGroup.xml (RunModel)" time="0.007" />
  <testcase classname="ptolemy.util.test.junit.AutoTests" name="[88] /home/travis/build/icyphy/ptII/ptolemy/domains/de/test/auto/relationGroup2.xml (RunModel)" time="0.008" />
  <testcase classname="ptolemy.util.test.junit.AutoTests" name="[89] /home/travis/build/icyphy/ptII/ptolemy/domains/de/test/auto/sortWithOpaquePorts.xml (RunModel)" time="0.022" />
  <testcase classname="ptolemy.util.test.junit.AutoTests" name="[90] /home/travis/build/icyphy/ptII/ptolemy/domains/de/test/auto/transferInputsandOutputs.xml (RunModel)" time="0.017" />
  <testcase classname="ptolemy.util.test.junit.AutoTests" name="[91] /home/travis/build/icyphy/ptII/ptolemy/domains/de/test/auto/triggerType.xml (RunModel)" time="0.007" />
  <system-out><![CDATA[/home/travis/build/icyphy/ptII/ptolemy/domains/de/test/DependencyLoop.tcl
testDefs.tcl: setting time out to 9000 seconds at Sat Feb 01 06:51:45 UTC 2020
51 ms. Memory: 129024K Free: 78792K (61%)
19 ms. Memory: 129024K Free: 61879K (48%)
/home/travis/build/icyphy/ptII/ptolemy/domains/de/test/RunDETestsAsQSS.tcl
Run the DE tests using ptolemy.domains.qss.test.QSSDirectorTest, which extends QSSDirector and prints a message in the constructors.
------------------ testing $PTII/ptolemy/domains/de/test/auto/knownFailedTests/DirectFeedback.xml (Known Failure) 
61 ms. Memory: 129024K Free: 55750K (43%)


==== $PTIIhome/travis/build/icyphy/ptII/ptolemy/domains/de/test/../../../../: Auto Automatic test in file $PTII/ptolemy/domains/de/test/auto/knownFailedTests/DirectFeedback.xml
==== Contents of test case:

	    # FIXME: we should use $relativeFilename here, but it
	    # might have backslashes under Windows, which causes no end
	    # of trouble.
	    createAndExecute $file
	    list {}
	
.... Test generated KNOWN error:
    while executing
ptolemy.kernel.util.IllegalActionException: Test fails in iteration 1.
Value was: 1.0. Should have been: 2.0
  in .DirectFeedback.Test
	at ptolemy.actor.lib.Test.fire(Test.java:268)
	at ptolemy.domains.de.kernel.DEDirector._fire(DEDirector.java:1949)
	at ptolemy.domains.de.kernel.DEDirector.fire(DEDirector.java:502)
	at ptolemy.actor.CompositeActor.fire(CompositeActor.java:455)
	at ptolemy.actor.Manager.iterate(Manager.java:851)
	at ptolemy.actor.Manager.execute(Manager.java:369)
	at ptolemy.actor.Manager.run(Manager.java:1263)
	at ptolemy.actor.Manager$PtolemyRunThread.run(Manager.java:1933)

    while executing
ptolemy.kernel.util.IllegalActionException: Test fails in iteration 1.
Value was: 1.0. Should have been: 2.0
  in .DirectFeedback.Test
    while executing
"java::new ptolemy.moml.MoMLSimpleApplication $file
"
    (procedure "createAndExecute" line 2)
    invoked from within
"createAndExecute $file"
    ("uplevel" body line 5)
    invoked from within
"uplevel $contents_of_test"
------------------ testing $PTII/ptolemy/domains/de/test/auto/knownFailedTests/dependencyLoop.xml (Known Failure) 
16 ms. Memory: 129024K Free: 52168K (40%)


==== $PTIIhome/travis/build/icyphy/ptII/ptolemy/domains/de/test/../../../../: Auto Automatic test in file $PTII/ptolemy/domains/de/test/auto/knownFailedTests/dependencyLoop.xml
==== Contents of test case:

	    # FIXME: we should use $relativeFilename here, but it
	    # might have backslashes under Windows, which causes no end
	    # of trouble.
	    createAndExecute $file
	    list {}
	
.... Test generated KNOWN error:
    while executing
ptolemy.kernel.util.IllegalActionException: Found a zero delay loop containing .dependencyLoop.original
  in .dependencyLoop and .dependencyLoop.original
	at ptolemy.actor.util.CausalityInterfaceForComposites._computeOutputPortDepth(CausalityInterfaceForComposites.java:759)
	at ptolemy.actor.util.CausalityInterfaceForComposites._computeInputDepth(CausalityInterfaceForComposites.java:696)
	at ptolemy.actor.util.CausalityInterfaceForComposites._computeOutputPortDepth(CausalityInterfaceForComposites.java:765)
	at ptolemy.actor.util.CausalityInterfaceForComposites._computeInputDepth(CausalityInterfaceForComposites.java:696)
	at ptolemy.actor.util.CausalityInterfaceForComposites._computeOutputPortDepth(CausalityInterfaceForComposites.java:765)
	at ptolemy.actor.util.CausalityInterfaceForComposites._computeInputDepth(CausalityInterfaceForComposites.java:696)
	at ptolemy.actor.util.CausalityInterfaceForComposites._computeActorDepth(CausalityInterfaceForComposites.java:532)
	at ptolemy.actor.util.CausalityInterfaceForComposites.checkForCycles(CausalityInterfaceForComposites.java:96)
	at ptolemy.domains.de.kernel.DEDirector.preinitialize(DEDirector.java:1338)
	at ptolemy.actor.CompositeActor.preinitialize(CompositeActor.java:1828)
	at ptolemy.actor.Manager.preinitializeAndResolveTypes(Manager.java:1040)
	at ptolemy.actor.Manager.initialize(Manager.java:710)
	at ptolemy.actor.Manager.execute(Manager.java:356)
	at ptolemy.actor.Manager.run(Manager.java:1263)
	at ptolemy.actor.Manager$PtolemyRunThread.run(Manager.java:1933)

    while executing
ptolemy.kernel.util.IllegalActionException: Found a zero delay loop containing .dependencyLoop.original
  in .dependencyLoop and .dependencyLoop.original
    while executing
"java::new ptolemy.moml.MoMLSimpleApplication $file
"
    (procedure "createAndExecute" line 2)
    invoked from within
"createAndExecute $file"
    ("uplevel" body line 5)
    invoked from within
"uplevel $contents_of_test"
------------------ testing $PTII/ptolemy/domains/de/test/auto/knownFailedTests/FSMSource.xml (Known Failure) 
68 ms. Memory: 129024K Free: 110838K (86%)
!!!! Auto was marked as failing, but now passes
------------------ testing $PTII/ptolemy/domains/de/test/auto/knownFailedTests/HierarchicalModel.xml (Known Failure) 
10 ms. Memory: 129024K Free: 92939K (72%)


==== $PTIIhome/travis/build/icyphy/ptII/ptolemy/domains/de/test/../../../../: Auto Automatic test in file $PTII/ptolemy/domains/de/test/auto/knownFailedTests/HierarchicalModel.xml
==== Contents of test case:

	    # FIXME: we should use $relativeFilename here, but it
	    # might have backslashes under Windows, which causes no end
	    # of trouble.
	    createAndExecute $file
	    list {}
	
.... Test generated KNOWN error:
    while executing
ptolemy.kernel.util.IllegalActionException: Found a zero delay loop containing .HierarchicalModel.A
  in .HierarchicalModel and .HierarchicalModel.A
	at ptolemy.actor.util.CausalityInterfaceForComposites._computeOutputPortDepth(CausalityInterfaceForComposites.java:759)
	at ptolemy.actor.util.CausalityInterfaceForComposites._computeInputDepth(CausalityInterfaceForComposites.java:696)
	at ptolemy.actor.util.CausalityInterfaceForComposites._computeOutputPortDepth(CausalityInterfaceForComposites.java:765)
	at ptolemy.actor.util.CausalityInterfaceForComposites._computeInputDepth(CausalityInterfaceForComposites.java:696)
	at ptolemy.actor.util.CausalityInterfaceForComposites._computeOutputPortDepth(CausalityInterfaceForComposites.java:765)
	at ptolemy.actor.util.CausalityInterfaceForComposites._computeInputDepth(CausalityInterfaceForComposites.java:696)
	at ptolemy.actor.util.CausalityInterfaceForComposites._computeActorDepth(CausalityInterfaceForComposites.java:532)
	at ptolemy.actor.util.CausalityInterfaceForComposites.checkForCycles(CausalityInterfaceForComposites.java:96)
	at ptolemy.domains.de.kernel.DEDirector.preinitialize(DEDirector.java:1338)
	at ptolemy.actor.CompositeActor.preinitialize(CompositeActor.java:1828)
	at ptolemy.actor.Manager.preinitializeAndResolveTypes(Manager.java:1040)
	at ptolemy.actor.Manager.initialize(Manager.java:710)
	at ptolemy.actor.Manager.execute(Manager.java:356)
	at ptolemy.actor.Manager.run(Manager.java:1263)
	at ptolemy.actor.Manager$PtolemyRunThread.run(Manager.java:1933)

    while executing
ptolemy.kernel.util.IllegalActionException: Found a zero delay loop containing .HierarchicalModel.A
  in .HierarchicalModel and .HierarchicalModel.A
    while executing
"java::new ptolemy.moml.MoMLSimpleApplication $file
"
    (procedure "createAndExecute" line 2)
    invoked from within
"createAndExecute $file"
    ("uplevel" body line 5)
    invoked from within
"uplevel $contents_of_test"
------------------ testing $PTII/ptolemy/domains/de/test/auto/knownFailedTests/dependencyLoop2.xml (Known Failure) 
4 ms. Memory: 129024K Free: 76982K (60%)


==== $PTIIhome/travis/build/icyphy/ptII/ptolemy/domains/de/test/../../../../: Auto Automatic test in file $PTII/ptolemy/domains/de/test/auto/knownFailedTests/dependencyLoop2.xml
==== Contents of test case:

	    # FIXME: we should use $relativeFilename here, but it
	    # might have backslashes under Windows, which causes no end
	    # of trouble.
	    createAndExecute $file
	    list {}
	
.... Test generated KNOWN error:
    while executing
ptolemy.kernel.util.IllegalActionException: Found a zero delay loop containing .dependencyLoop2.original
  in .dependencyLoop2 and .dependencyLoop2.original
	at ptolemy.actor.util.CausalityInterfaceForComposites._computeOutputPortDepth(CausalityInterfaceForComposites.java:759)
	at ptolemy.actor.util.CausalityInterfaceForComposites._computeInputDepth(CausalityInterfaceForComposites.java:696)
	at ptolemy.actor.util.CausalityInterfaceForComposites._computeOutputPortDepth(CausalityInterfaceForComposites.java:765)
	at ptolemy.actor.util.CausalityInterfaceForComposites._computeInputDepth(CausalityInterfaceForComposites.java:696)
	at ptolemy.actor.util.CausalityInterfaceForComposites._computeOutputPortDepth(CausalityInterfaceForComposites.java:765)
	at ptolemy.actor.util.CausalityInterfaceForComposites._computeInputDepth(CausalityInterfaceForComposites.java:696)
	at ptolemy.actor.util.CausalityInterfaceForComposites._computeActorDepth(CausalityInterfaceForComposites.java:532)
	at ptolemy.actor.util.CausalityInterfaceForComposites.checkForCycles(CausalityInterfaceForComposites.java:96)
	at ptolemy.domains.de.kernel.DEDirector.preinitialize(DEDirector.java:1338)
	at ptolemy.actor.CompositeActor.preinitialize(CompositeActor.java:1828)
	at ptolemy.actor.Manager.preinitializeAndResolveTypes(Manager.java:1040)
	at ptolemy.actor.Manager.initialize(Manager.java:710)
	at ptolemy.actor.Manager.execute(Manager.java:356)
	at ptolemy.actor.Manager.run(Manager.java:1263)
	at ptolemy.actor.Manager$PtolemyRunThread.run(Manager.java:1933)

    while executing
ptolemy.kernel.util.IllegalActionException: Found a zero delay loop containing .dependencyLoop2.original
  in .dependencyLoop2 and .dependencyLoop2.original
    while executing
"java::new ptolemy.moml.MoMLSimpleApplication $file
"
    (procedure "createAndExecute" line 2)
    invoked from within
"createAndExecute $file"
    ("uplevel" body line 5)
    invoked from within
"uplevel $contents_of_test"
------------------ testing $PTII/ptolemy/domains/de/test/auto/knownFailedTests/DESDFClockTest.xml (Known Failure) 
2056 ms. Memory: 129024K Free: 107484K (83%)


==== $PTIIhome/travis/build/icyphy/ptII/ptolemy/domains/de/test/../../../../: Auto Automatic test in file $PTII/ptolemy/domains/de/test/auto/knownFailedTests/DESDFClockTest.xml
==== Contents of test case:

	    # FIXME: we should use $relativeFilename here, but it
	    # might have backslashes under Windows, which causes no end
	    # of trouble.
	    createAndExecute $file
	    list {}
	
.... Test generated KNOWN error:
    while executing
ptolemy.kernel.util.IllegalActionException: Actor is not ready to fire.  Perhaps UpSample.prefire() returned false? Try debugging the actor by selecting "Listen to Actor".  Also, for SDF check moml for tokenConsumptionRate on input.
  in .DESDFClockTest.Play Bell.Copy1:SDF Director and .DESDFClockTest.Play Bell.UpSample
	at ptolemy.actor.sched.StaticSchedulingDirector.fire(StaticSchedulingDirector.java:227)
	at ptolemy.domains.sdf.kernel.SDFDirector.fire(SDFDirector.java:500)
	at ptolemy.actor.CompositeActor.fire(CompositeActor.java:455)
	at ptolemy.domains.de.kernel.DEDirector._fire(DEDirector.java:1949)
	at ptolemy.domains.de.kernel.DEDirector.fire(DEDirector.java:502)
	at ptolemy.actor.CompositeActor.fire(CompositeActor.java:455)
	at ptolemy.actor.Manager.iterate(Manager.java:851)
	at ptolemy.actor.Manager.execute(Manager.java:369)
	at ptolemy.actor.Manager.run(Manager.java:1263)
	at ptolemy.actor.Manager$PtolemyRunThread.run(Manager.java:1933)

    while executing
ptolemy.kernel.util.IllegalActionException: Actor is not ready to fire.  Perhaps UpSample.prefire() returned false? Try debugging the actor by selecting "Listen to Actor".  Also, for SDF check moml for tokenConsumptionRate on input.
  in .DESDFClockTest.Play Bell.Copy1:SDF Director and .DESDFClockTest.Play Bell.UpSample
    while executing
"java::new ptolemy.moml.MoMLSimpleApplication $file
"
    (procedure "createAndExecute" line 2)
    invoked from within
"createAndExecute $file"
    ("uplevel" body line 5)
    invoked from within
"uplevel $contents_of_test"
------------------ testing $PTII/ptolemy/domains/de/test/auto/ActorDepthCalculation_actorWithoutPorts.xml
auto.tcl: Setting watchdog for 200 seconds at Sat Feb 01 06:51:48 UTC 2020
3 ms. Memory: 129024K Free: 99806K (77%)
ptolemy.util.test.WatchDog.cancel(): canceling Sat Feb 01 06:51:48 UTC 2020
auto.tcl: Setting watchdog for 200 seconds at Sat Feb 01 06:51:48 UTC 2020
3 ms. Memory: 129024K Free: 98254K (76%)
ptolemy.util.test.WatchDog.cancel(): canceling Sat Feb 01 06:51:48 UTC 2020
------------------ testing $PTII/ptolemy/domains/de/test/auto/AssemblyLine.xml
auto.tcl: Setting watchdog for 200 seconds at Sat Feb 01 06:51:49 UTC 2020
14 ms. Memory: 51200K Free: 28161K (55%)
ptolemy.util.test.WatchDog.cancel(): canceling Sat Feb 01 06:51:49 UTC 2020
auto.tcl: Setting watchdog for 200 seconds at Sat Feb 01 06:51:49 UTC 2020
7 ms. Memory: 51200K Free: 27289K (53%)
ptolemy.util.test.WatchDog.cancel(): canceling Sat Feb 01 06:51:49 UTC 2020
------------------ testing $PTII/ptolemy/domains/de/test/auto/CQBug1.xml
auto.tcl: Setting watchdog for 200 seconds at Sat Feb 01 06:51:49 UTC 2020
6 ms. Memory: 51200K Free: 33126K (65%)
ptolemy.util.test.WatchDog.cancel(): canceling Sat Feb 01 06:51:49 UTC 2020
auto.tcl: Setting watchdog for 200 seconds at Sat Feb 01 06:51:49 UTC 2020
2 ms. Memory: 51200K Free: 32803K (64%)
ptolemy.util.test.WatchDog.cancel(): canceling Sat Feb 01 06:51:49 UTC 2020
------------------ testing $PTII/ptolemy/domains/de/test/auto/CancelFireAt.xml
auto.tcl: Setting watchdog for 200 seconds at Sat Feb 01 06:51:49 UTC 2020
2 ms. Memory: 48128K Free: 31582K (66%)
ptolemy.util.test.WatchDog.cancel(): canceling Sat Feb 01 06:51:49 UTC 2020
auto.tcl: Setting watchdog for 200 seconds at Sat Feb 01 06:51:49 UTC 2020
2 ms. Memory: 48128K Free: 31135K (65%)
ptolemy.util.test.WatchDog.cancel(): canceling Sat Feb 01 06:51:49 UTC 2020
------------------ testing $PTII/ptolemy/domains/de/test/auto/CausalityAndComposabilityAnalysis.xml
auto.tcl: Setting watchdog for 200 seconds at Sat Feb 01 06:51:49 UTC 2020
6 ms. Memory: 48128K Free: 29908K (62%)
ptolemy.util.test.WatchDog.cancel(): canceling Sat Feb 01 06:51:49 UTC 2020
auto.tcl: Setting watchdog for 200 seconds at Sat Feb 01 06:51:49 UTC 2020
7 ms. Memory: 48128K Free: 29027K (60%)
ptolemy.util.test.WatchDog.cancel(): canceling Sat Feb 01 06:51:49 UTC 2020
------------------ testing $PTII/ptolemy/domains/de/test/auto/CausalityInterface1.xml
auto.tcl: Setting watchdog for 200 seconds at Sat Feb 01 06:51:49 UTC 2020
24 ms. Memory: 48128K Free: 28349K (59%)
ptolemy.util.test.WatchDog.cancel(): canceling Sat Feb 01 06:51:49 UTC 2020
auto.tcl: Setting watchdog for 200 seconds at Sat Feb 01 06:51:49 UTC 2020
3 ms. Memory: 48128K Free: 27352K (57%)
ptolemy.util.test.WatchDog.cancel(): canceling Sat Feb 01 06:51:49 UTC 2020
------------------ testing $PTII/ptolemy/domains/de/test/auto/CausalityInterface15.xml
auto.tcl: Setting watchdog for 200 seconds at Sat Feb 01 06:51:49 UTC 2020
12 ms. Memory: 48128K Free: 28520K (59%)
ptolemy.util.test.WatchDog.cancel(): canceling Sat Feb 01 06:51:49 UTC 2020
auto.tcl: Setting watchdog for 200 seconds at Sat Feb 01 06:51:49 UTC 2020
4 ms. Memory: 48128K Free: 27318K (57%)
ptolemy.util.test.WatchDog.cancel(): canceling Sat Feb 01 06:51:49 UTC 2020
------------------ testing $PTII/ptolemy/domains/de/test/auto/CausalityInterface2.xml
auto.tcl: Setting watchdog for 200 seconds at Sat Feb 01 06:51:49 UTC 2020
5 ms. Memory: 48128K Free: 29238K (61%)
ptolemy.util.test.WatchDog.cancel(): canceling Sat Feb 01 06:51:49 UTC 2020
auto.tcl: Setting watchdog for 200 seconds at Sat Feb 01 06:51:49 UTC 2020
3 ms. Memory: 48128K Free: 28321K (59%)
ptolemy.util.test.WatchDog.cancel(): canceling Sat Feb 01 06:51:49 UTC 2020
------------------ testing $PTII/ptolemy/domains/de/test/auto/CausalityInterface3.xml
auto.tcl: Setting watchdog for 200 seconds at Sat Feb 01 06:51:49 UTC 2020
6 ms. Memory: 48128K Free: 28430K (59%)
ptolemy.util.test.WatchDog.cancel(): canceling Sat Feb 01 06:51:49 UTC 2020
auto.tcl: Setting watchdog for 200 seconds at Sat Feb 01 06:51:49 UTC 2020
3 ms. Memory: 48128K Free: 28001K (58%)
ptolemy.util.test.WatchDog.cancel(): canceling Sat Feb 01 06:51:49 UTC 2020
------------------ testing $PTII/ptolemy/domains/de/test/auto/ClockDrift.xml
auto.tcl: Setting watchdog for 200 seconds at Sat Feb 01 06:51:49 UTC 2020
68 ms. Memory: 48128K Free: 20879K (43%)
ptolemy.util.test.WatchDog.cancel(): canceling Sat Feb 01 06:51:50 UTC 2020
auto.tcl: Setting watchdog for 200 seconds at Sat Feb 01 06:51:50 UTC 2020
33 ms. Memory: 48128K Free: 17687K (37%)
ptolemy.util.test.WatchDog.cancel(): canceling Sat Feb 01 06:51:50 UTC 2020
------------------ testing $PTII/ptolemy/domains/de/test/auto/ClockDriftAndValueChange.xml
auto.tcl: Setting watchdog for 200 seconds at Sat Feb 01 06:51:50 UTC 2020
37 ms. Memory: 48128K Free: 21193K (44%)
ptolemy.util.test.WatchDog.cancel(): canceling Sat Feb 01 06:51:50 UTC 2020
auto.tcl: Setting watchdog for 200 seconds at Sat Feb 01 06:51:50 UTC 2020
19 ms. Memory: 48128K Free: 18358K (38%)
ptolemy.util.test.WatchDog.cancel(): canceling Sat Feb 01 06:51:50 UTC 2020
------------------ testing $PTII/ptolemy/domains/de/test/auto/ClockDriftChange.xml
auto.tcl: Setting watchdog for 200 seconds at Sat Feb 01 06:51:50 UTC 2020
19 ms. Memory: 48128K Free: 23242K (48%)
ptolemy.util.test.WatchDog.cancel(): canceling Sat Feb 01 06:51:50 UTC 2020
auto.tcl: Setting watchdog for 200 seconds at Sat Feb 01 06:51:50 UTC 2020
16 ms. Memory: 48128K Free: 20663K (43%)
ptolemy.util.test.WatchDog.cancel(): canceling Sat Feb 01 06:51:50 UTC 2020
------------------ testing $PTII/ptolemy/domains/de/test/auto/ComposableCausalityAnalysis.xml
auto.tcl: Setting watchdog for 200 seconds at Sat Feb 01 06:51:50 UTC 2020
2 ms. Memory: 48128K Free: 27874K (58%)
ptolemy.util.test.WatchDog.cancel(): canceling Sat Feb 01 06:51:50 UTC 2020
auto.tcl: Setting watchdog for 200 seconds at Sat Feb 01 06:51:50 UTC 2020
1 ms. Memory: 48128K Free: 26798K (56%)
ptolemy.util.test.WatchDog.cancel(): canceling Sat Feb 01 06:51:50 UTC 2020
------------------ testing $PTII/ptolemy/domains/de/test/auto/DEFixedPointLimitation.xml
auto.tcl: Setting watchdog for 200 seconds at Sat Feb 01 06:51:50 UTC 2020
1 ms. Memory: 48128K Free: 29230K (61%)
ptolemy.util.test.WatchDog.cancel(): canceling Sat Feb 01 06:51:50 UTC 2020
auto.tcl: Setting watchdog for 200 seconds at Sat Feb 01 06:51:50 UTC 2020
3 ms. Memory: 48128K Free: 28298K (59%)
ptolemy.util.test.WatchDog.cancel(): canceling Sat Feb 01 06:51:50 UTC 2020
------------------ testing $PTII/ptolemy/domains/de/test/auto/DEScheduleTest.xml
auto.tcl: Setting watchdog for 200 seconds at Sat Feb 01 06:51:50 UTC 2020
3 ms. Memory: 48128K Free: 29539K (61%)
ptolemy.util.test.WatchDog.cancel(): canceling Sat Feb 01 06:51:50 UTC 2020
auto.tcl: Setting watchdog for 200 seconds at Sat Feb 01 06:51:50 UTC 2020
3 ms. Memory: 48128K Free: 28753K (60%)
ptolemy.util.test.WatchDog.cancel(): canceling Sat Feb 01 06:51:50 UTC 2020
------------------ testing $PTII/ptolemy/domains/de/test/auto/DEinDEwithStartTimes.xml
auto.tcl: Setting watchdog for 200 seconds at Sat Feb 01 06:51:50 UTC 2020
3 ms. Memory: 48128K Free: 27697K (58%)
ptolemy.util.test.WatchDog.cancel(): canceling Sat Feb 01 06:51:50 UTC 2020
auto.tcl: Setting watchdog for 200 seconds at Sat Feb 01 06:51:50 UTC 2020
3 ms. Memory: 48128K Free: 26656K (55%)
ptolemy.util.test.WatchDog.cancel(): canceling Sat Feb 01 06:51:50 UTC 2020
------------------ testing $PTII/ptolemy/domains/de/test/auto/DEinDEwithStartTimes2.xml
auto.tcl: Setting watchdog for 200 seconds at Sat Feb 01 06:51:50 UTC 2020
4 ms. Memory: 48128K Free: 26864K (56%)
ptolemy.util.test.WatchDog.cancel(): canceling Sat Feb 01 06:51:50 UTC 2020
auto.tcl: Setting watchdog for 200 seconds at Sat Feb 01 06:51:50 UTC 2020
3 ms. Memory: 48128K Free: 25611K (53%)
ptolemy.util.test.WatchDog.cancel(): canceling Sat Feb 01 06:51:50 UTC 2020
------------------ testing $PTII/ptolemy/domains/de/test/auto/DateDemo.xml
auto.tcl: Setting watchdog for 200 seconds at Sat Feb 01 06:51:50 UTC 2020
18 ms. Memory: 48128K Free: 21253K (44%)
ptolemy.util.test.WatchDog.cancel(): canceling Sat Feb 01 06:51:50 UTC 2020
auto.tcl: Setting watchdog for 200 seconds at Sat Feb 01 06:51:50 UTC 2020
11 ms. Memory: 48128K Free: 19666K (41%)
ptolemy.util.test.WatchDog.cancel(): canceling Sat Feb 01 06:51:50 UTC 2020
------------------ testing $PTII/ptolemy/domains/de/test/auto/DateToEvent.xml
auto.tcl: Setting watchdog for 200 seconds at Sat Feb 01 06:51:50 UTC 2020
2010 ms. Memory: 48128K Free: 16702K (35%)
ptolemy.util.test.WatchDog.cancel(): canceling Sat Feb 01 06:51:53 UTC 2020
auto.tcl: Setting watchdog for 200 seconds at Sat Feb 01 06:51:53 UTC 2020
2006 ms. Memory: 48128K Free: 16315K (34%)
ptolemy.util.test.WatchDog.cancel(): canceling Sat Feb 01 06:51:55 UTC 2020
------------------ testing $PTII/ptolemy/domains/de/test/auto/DepthTest1.xml
auto.tcl: Setting watchdog for 200 seconds at Sat Feb 01 06:51:55 UTC 2020
3 ms. Memory: 48128K Free: 30323K (63%)
ptolemy.util.test.WatchDog.cancel(): canceling Sat Feb 01 06:51:55 UTC 2020
auto.tcl: Setting watchdog for 200 seconds at Sat Feb 01 06:51:55 UTC 2020
1 ms. Memory: 48128K Free: 29919K (62%)
ptolemy.util.test.WatchDog.cancel(): canceling Sat Feb 01 06:51:55 UTC 2020
------------------ testing $PTII/ptolemy/domains/de/test/auto/DepthTest2.xml
auto.tcl: Setting watchdog for 200 seconds at Sat Feb 01 06:51:55 UTC 2020
9 ms. Memory: 48128K Free: 27180K (56%)
ptolemy.util.test.WatchDog.cancel(): canceling Sat Feb 01 06:51:55 UTC 2020
auto.tcl: Setting watchdog for 200 seconds at Sat Feb 01 06:51:55 UTC 2020
4 ms. Memory: 48128K Free: 26750K (56%)
ptolemy.util.test.WatchDog.cancel(): canceling Sat Feb 01 06:51:55 UTC 2020
------------------ testing $PTII/ptolemy/domains/de/test/auto/DepthTest3.xml
auto.tcl: Setting watchdog for 200 seconds at Sat Feb 01 06:51:55 UTC 2020
4 ms. Memory: 48128K Free: 30653K (64%)
ptolemy.util.test.WatchDog.cancel(): canceling Sat Feb 01 06:51:55 UTC 2020
auto.tcl: Setting watchdog for 200 seconds at Sat Feb 01 06:51:55 UTC 2020
2 ms. Memory: 48128K Free: 30271K (63%)
ptolemy.util.test.WatchDog.cancel(): canceling Sat Feb 01 06:51:55 UTC 2020
------------------ testing $PTII/ptolemy/domains/de/test/auto/DepthTest4.xml
auto.tcl: Setting watchdog for 200 seconds at Sat Feb 01 06:51:55 UTC 2020
5 ms. Memory: 48128K Free: 29003K (60%)
ptolemy.util.test.WatchDog.cancel(): canceling Sat Feb 01 06:51:55 UTC 2020
auto.tcl: Setting watchdog for 200 seconds at Sat Feb 01 06:51:55 UTC 2020
2 ms. Memory: 48128K Free: 28288K (59%)
ptolemy.util.test.WatchDog.cancel(): canceling Sat Feb 01 06:51:55 UTC 2020
------------------ testing $PTII/ptolemy/domains/de/test/auto/DepthTest5.xml
auto.tcl: Setting watchdog for 200 seconds at Sat Feb 01 06:51:55 UTC 2020
5 ms. Memory: 48128K Free: 28387K (59%)
ptolemy.util.test.WatchDog.cancel(): canceling Sat Feb 01 06:51:55 UTC 2020
auto.tcl: Setting watchdog for 200 seconds at Sat Feb 01 06:51:55 UTC 2020
2 ms. Memory: 48128K Free: 27614K (57%)
ptolemy.util.test.WatchDog.cancel(): canceling Sat Feb 01 06:51:55 UTC 2020
------------------ testing $PTII/ptolemy/domains/de/test/auto/DepthTest6.xml
auto.tcl: Setting watchdog for 200 seconds at Sat Feb 01 06:51:55 UTC 2020
3 ms. Memory: 48128K Free: 27894K (58%)
ptolemy.util.test.WatchDog.cancel(): canceling Sat Feb 01 06:51:55 UTC 2020
auto.tcl: Setting watchdog for 200 seconds at Sat Feb 01 06:51:55 UTC 2020
3 ms. Memory: 48128K Free: 27179K (56%)
ptolemy.util.test.WatchDog.cancel(): canceling Sat Feb 01 06:51:55 UTC 2020
------------------ testing $PTII/ptolemy/domains/de/test/auto/DepthTest7.xml
auto.tcl: Setting watchdog for 200 seconds at Sat Feb 01 06:51:55 UTC 2020
2 ms. Memory: 48128K Free: 28734K (60%)
ptolemy.util.test.WatchDog.cancel(): canceling Sat Feb 01 06:51:55 UTC 2020
auto.tcl: Setting watchdog for 200 seconds at Sat Feb 01 06:51:55 UTC 2020
2 ms. Memory: 48128K Free: 27813K (58%)
ptolemy.util.test.WatchDog.cancel(): canceling Sat Feb 01 06:51:55 UTC 2020
------------------ testing $PTII/ptolemy/domains/de/test/auto/EventToDate.xml
auto.tcl: Setting watchdog for 200 seconds at Sat Feb 01 06:51:55 UTC 2020
3006 ms. Memory: 48128K Free: 19742K (41%)
ptolemy.util.test.WatchDog.cancel(): canceling Sat Feb 01 06:51:58 UTC 2020
auto.tcl: Setting watchdog for 200 seconds at Sat Feb 01 06:51:58 UTC 2020
3004 ms. Memory: 48128K Free: 19036K (40%)
ptolemy.util.test.WatchDog.cancel(): canceling Sat Feb 01 06:52:01 UTC 2020
------------------ testing $PTII/ptolemy/domains/de/test/auto/FSM1.xml
auto.tcl: Setting watchdog for 200 seconds at Sat Feb 01 06:52:01 UTC 2020
18 ms. Memory: 48128K Free: 20913K (43%)
ptolemy.util.test.WatchDog.cancel(): canceling Sat Feb 01 06:52:01 UTC 2020
auto.tcl: Setting watchdog for 200 seconds at Sat Feb 01 06:52:01 UTC 2020
33 ms. Memory: 48128K Free: 17299K (36%)
ptolemy.util.test.WatchDog.cancel(): canceling Sat Feb 01 06:52:01 UTC 2020
------------------ testing $PTII/ptolemy/domains/de/test/auto/FSM7.xml
auto.tcl: Setting watchdog for 200 seconds at Sat Feb 01 06:52:01 UTC 2020
21 ms. Memory: 48128K Free: 20616K (43%)
ptolemy.util.test.WatchDog.cancel(): canceling Sat Feb 01 06:52:01 UTC 2020
auto.tcl: Setting watchdog for 200 seconds at Sat Feb 01 06:52:01 UTC 2020
23 ms. Memory: 48128K Free: 17513K (36%)
ptolemy.util.test.WatchDog.cancel(): canceling Sat Feb 01 06:52:01 UTC 2020
------------------ testing $PTII/ptolemy/domains/de/test/auto/Inspection.xml
auto.tcl: Setting watchdog for 200 seconds at Sat Feb 01 06:52:01 UTC 2020
24 ms. Memory: 48128K Free: 20665K (43%)
ptolemy.util.test.WatchDog.cancel(): canceling Sat Feb 01 06:52:01 UTC 2020
auto.tcl: Setting watchdog for 200 seconds at Sat Feb 01 06:52:01 UTC 2020
33 ms. Memory: 48128K Free: 18927K (39%)
ptolemy.util.test.WatchDog.cancel(): canceling Sat Feb 01 06:52:01 UTC 2020
------------------ testing $PTII/ptolemy/domains/de/test/auto/Iteration.xml
auto.tcl: Setting watchdog for 200 seconds at Sat Feb 01 06:52:01 UTC 2020
6 ms. Memory: 48128K Free: 26160K (54%)
ptolemy.util.test.WatchDog.cancel(): canceling Sat Feb 01 06:52:01 UTC 2020
auto.tcl: Setting watchdog for 200 seconds at Sat Feb 01 06:52:01 UTC 2020
7 ms. Memory: 48128K Free: 24747K (51%)
ptolemy.util.test.WatchDog.cancel(): canceling Sat Feb 01 06:52:01 UTC 2020
------------------ testing $PTII/ptolemy/domains/de/test/auto/LineFault.xml
auto.tcl: Setting watchdog for 200 seconds at Sat Feb 01 06:52:02 UTC 2020
623 ms. Memory: 48128K Free: 23041K (48%)
ptolemy.util.test.WatchDog.cancel(): canceling Sat Feb 01 06:52:02 UTC 2020
auto.tcl: Setting watchdog for 200 seconds at Sat Feb 01 06:52:02 UTC 2020
654 ms. Memory: 58368K Free: 19425K (33%)
ptolemy.util.test.WatchDog.cancel(): canceling Sat Feb 01 06:52:03 UTC 2020
------------------ testing $PTII/ptolemy/domains/de/test/auto/MergeModel1Add.xml
auto.tcl: Setting watchdog for 200 seconds at Sat Feb 01 06:52:03 UTC 2020
17 ms. Memory: 55296K Free: 19323K (35%)
ptolemy.util.test.WatchDog.cancel(): canceling Sat Feb 01 06:52:03 UTC 2020
auto.tcl: Setting watchdog for 200 seconds at Sat Feb 01 06:52:03 UTC 2020
10 ms. Memory: 55296K Free: 17671K (32%)
ptolemy.util.test.WatchDog.cancel(): canceling Sat Feb 01 06:52:03 UTC 2020
------------------ testing $PTII/ptolemy/domains/de/test/auto/MergeModel2Add.xml
auto.tcl: Setting watchdog for 200 seconds at Sat Feb 01 06:52:03 UTC 2020
13 ms. Memory: 55296K Free: 21110K (38%)
ptolemy.util.test.WatchDog.cancel(): canceling Sat Feb 01 06:52:03 UTC 2020
auto.tcl: Setting watchdog for 200 seconds at Sat Feb 01 06:52:03 UTC 2020
10 ms. Memory: 55296K Free: 19399K (35%)
ptolemy.util.test.WatchDog.cancel(): canceling Sat Feb 01 06:52:03 UTC 2020
------------------ testing $PTII/ptolemy/domains/de/test/auto/MergeModel3Add.xml
auto.tcl: Setting watchdog for 200 seconds at Sat Feb 01 06:52:03 UTC 2020
10 ms. Memory: 55296K Free: 21396K (39%)
ptolemy.util.test.WatchDog.cancel(): canceling Sat Feb 01 06:52:03 UTC 2020
auto.tcl: Setting watchdog for 200 seconds at Sat Feb 01 06:52:03 UTC 2020
9 ms. Memory: 55296K Free: 19948K (36%)
ptolemy.util.test.WatchDog.cancel(): canceling Sat Feb 01 06:52:03 UTC 2020
------------------ testing $PTII/ptolemy/domains/de/test/auto/MergeWithoutDiscard.xml
auto.tcl: Setting watchdog for 200 seconds at Sat Feb 01 06:52:04 UTC 2020
1 ms. Memory: 55296K Free: 35914K (65%)
ptolemy.util.test.WatchDog.cancel(): canceling Sat Feb 01 06:52:04 UTC 2020
auto.tcl: Setting watchdog for 200 seconds at Sat Feb 01 06:52:04 UTC 2020
2 ms. Memory: 55296K Free: 35479K (64%)
ptolemy.util.test.WatchDog.cancel(): canceling Sat Feb 01 06:52:04 UTC 2020
------------------ testing $PTII/ptolemy/domains/de/test/auto/Modal1.xml
auto.tcl: Setting watchdog for 200 seconds at Sat Feb 01 06:52:04 UTC 2020
13 ms. Memory: 51200K Free: 23767K (46%)
ptolemy.util.test.WatchDog.cancel(): canceling Sat Feb 01 06:52:04 UTC 2020
auto.tcl: Setting watchdog for 200 seconds at Sat Feb 01 06:52:04 UTC 2020
13 ms. Memory: 51200K Free: 20307K (40%)
ptolemy.util.test.WatchDog.cancel(): canceling Sat Feb 01 06:52:04 UTC 2020
------------------ testing $PTII/ptolemy/domains/de/test/auto/Modal2.xml
auto.tcl: Setting watchdog for 200 seconds at Sat Feb 01 06:52:04 UTC 2020
20 ms. Memory: 51200K Free: 23880K (47%)
ptolemy.util.test.WatchDog.cancel(): canceling Sat Feb 01 06:52:04 UTC 2020
auto.tcl: Setting watchdog for 200 seconds at Sat Feb 01 06:52:04 UTC 2020
20 ms. Memory: 51200K Free: 20662K (40%)
ptolemy.util.test.WatchDog.cancel(): canceling Sat Feb 01 06:52:04 UTC 2020
------------------ testing $PTII/ptolemy/domains/de/test/auto/Modal3.xml
auto.tcl: Setting watchdog for 200 seconds at Sat Feb 01 06:52:04 UTC 2020
15 ms. Memory: 51200K Free: 23422K (46%)
ptolemy.util.test.WatchDog.cancel(): canceling Sat Feb 01 06:52:04 UTC 2020
auto.tcl: Setting watchdog for 200 seconds at Sat Feb 01 06:52:04 UTC 2020
13 ms. Memory: 51200K Free: 20287K (40%)
ptolemy.util.test.WatchDog.cancel(): canceling Sat Feb 01 06:52:04 UTC 2020
------------------ testing $PTII/ptolemy/domains/de/test/auto/Modal4.xml
auto.tcl: Setting watchdog for 200 seconds at Sat Feb 01 06:52:04 UTC 2020
13 ms. Memory: 51200K Free: 22865K (45%)
ptolemy.util.test.WatchDog.cancel(): canceling Sat Feb 01 06:52:04 UTC 2020
auto.tcl: Setting watchdog for 200 seconds at Sat Feb 01 06:52:04 UTC 2020
13 ms. Memory: 51200K Free: 19007K (37%)
ptolemy.util.test.WatchDog.cancel(): canceling Sat Feb 01 06:52:04 UTC 2020
------------------ testing $PTII/ptolemy/domains/de/test/auto/Modal5.xml
auto.tcl: Setting watchdog for 200 seconds at Sat Feb 01 06:52:04 UTC 2020
15 ms. Memory: 51200K Free: 22830K (45%)
ptolemy.util.test.WatchDog.cancel(): canceling Sat Feb 01 06:52:04 UTC 2020
auto.tcl: Setting watchdog for 200 seconds at Sat Feb 01 06:52:04 UTC 2020
16 ms. Memory: 51200K Free: 18993K (37%)
ptolemy.util.test.WatchDog.cancel(): canceling Sat Feb 01 06:52:04 UTC 2020
------------------ testing $PTII/ptolemy/domains/de/test/auto/Modal6.xml
auto.tcl: Setting watchdog for 200 seconds at Sat Feb 01 06:52:04 UTC 2020
16 ms. Memory: 51200K Free: 23638K (46%)
ptolemy.util.test.WatchDog.cancel(): canceling Sat Feb 01 06:52:04 UTC 2020
auto.tcl: Setting watchdog for 200 seconds at Sat Feb 01 06:52:04 UTC 2020
14 ms. Memory: 51200K Free: 19637K (38%)
ptolemy.util.test.WatchDog.cancel(): canceling Sat Feb 01 06:52:04 UTC 2020
------------------ testing $PTII/ptolemy/domains/de/test/auto/Modal7.xml
auto.tcl: Setting watchdog for 200 seconds at Sat Feb 01 06:52:04 UTC 2020
15 ms. Memory: 51200K Free: 22586K (44%)
ptolemy.util.test.WatchDog.cancel(): canceling Sat Feb 01 06:52:04 UTC 2020
auto.tcl: Setting watchdog for 200 seconds at Sat Feb 01 06:52:04 UTC 2020
12 ms. Memory: 51200K Free: 18993K (37%)
ptolemy.util.test.WatchDog.cancel(): canceling Sat Feb 01 06:52:04 UTC 2020
------------------ testing $PTII/ptolemy/domains/de/test/auto/ModalModel.xml
auto.tcl: Setting watchdog for 200 seconds at Sat Feb 01 06:52:04 UTC 2020
221 ms. Memory: 51200K Free: 12959K (25%)
ptolemy.util.test.WatchDog.cancel(): canceling Sat Feb 01 06:52:05 UTC 2020
auto.tcl: Setting watchdog for 200 seconds at Sat Feb 01 06:52:05 UTC 2020
243 ms. Memory: 66560K Free: 48313K (73%)
ptolemy.util.test.WatchDog.cancel(): canceling Sat Feb 01 06:52:05 UTC 2020
------------------ testing $PTII/ptolemy/domains/de/test/auto/ModalSource.xml
auto.tcl: Setting watchdog for 200 seconds at Sat Feb 01 06:52:05 UTC 2020
8 ms. Memory: 55296K Free: 31763K (57%)
ptolemy.util.test.WatchDog.cancel(): canceling Sat Feb 01 06:52:05 UTC 2020
auto.tcl: Setting watchdog for 200 seconds at Sat Feb 01 06:52:05 UTC 2020
6 ms. Memory: 55296K Free: 29715K (54%)
ptolemy.util.test.WatchDog.cancel(): canceling Sat Feb 01 06:52:05 UTC 2020
------------------ testing $PTII/ptolemy/domains/de/test/auto/NonInterruptibleTimerZeroDelay.xml
auto.tcl: Setting watchdog for 200 seconds at Sat Feb 01 06:52:05 UTC 2020
4 ms. Memory: 55296K Free: 36668K (66%)
ptolemy.util.test.WatchDog.cancel(): canceling Sat Feb 01 06:52:05 UTC 2020
auto.tcl: Setting watchdog for 200 seconds at Sat Feb 01 06:52:05 UTC 2020
3 ms. Memory: 55296K Free: 36032K (65%)
ptolemy.util.test.WatchDog.cancel(): canceling Sat Feb 01 06:52:05 UTC 2020
------------------ testing $PTII/ptolemy/domains/de/test/auto/OpenQueueingNetwork.xml
auto.tcl: Setting watchdog for 200 seconds at Sat Feb 01 06:52:05 UTC 2020
3067 ms. Memory: 107520K Free: 69175K (64%)
ptolemy.util.test.WatchDog.cancel(): canceling Sat Feb 01 06:52:08 UTC 2020
auto.tcl: Setting watchdog for 200 seconds at Sat Feb 01 06:52:08 UTC 2020
2330 ms. Memory: 129024K Free: 111585K (86%)
ptolemy.util.test.WatchDog.cancel(): canceling Sat Feb 01 06:52:11 UTC 2020
------------------ testing $PTII/ptolemy/domains/de/test/auto/OpenQueuingNetwork.xml
auto.tcl: Setting watchdog for 200 seconds at Sat Feb 01 06:52:11 UTC 2020
266 ms. Memory: 58368K Free: 32844K (56%)
ptolemy.util.test.WatchDog.cancel(): canceling Sat Feb 01 06:52:11 UTC 2020
auto.tcl: Setting watchdog for 200 seconds at Sat Feb 01 06:52:11 UTC 2020
239 ms. Memory: 58368K Free: 15294K (26%)
ptolemy.util.test.WatchDog.cancel(): canceling Sat Feb 01 06:52:11 UTC 2020
------------------ testing $PTII/ptolemy/domains/de/test/auto/PeriodicSampler.xml
auto.tcl: Setting watchdog for 200 seconds at Sat Feb 01 06:52:11 UTC 2020
2 ms. Memory: 55296K Free: 35898K (65%)
ptolemy.util.test.WatchDog.cancel(): canceling Sat Feb 01 06:52:11 UTC 2020
auto.tcl: Setting watchdog for 200 seconds at Sat Feb 01 06:52:11 UTC 2020
2 ms. Memory: 55296K Free: 35378K (64%)
ptolemy.util.test.WatchDog.cancel(): canceling Sat Feb 01 06:52:11 UTC 2020
------------------ testing $PTII/ptolemy/domains/de/test/auto/PersistentIO.xml
auto.tcl: Setting watchdog for 200 seconds at Sat Feb 01 06:52:11 UTC 2020
4 ms. Memory: 51200K Free: 26727K (52%)
ptolemy.util.test.WatchDog.cancel(): canceling Sat Feb 01 06:52:11 UTC 2020
auto.tcl: Setting watchdog for 200 seconds at Sat Feb 01 06:52:11 UTC 2020
2 ms. Memory: 51200K Free: 25207K (49%)
ptolemy.util.test.WatchDog.cancel(): canceling Sat Feb 01 06:52:11 UTC 2020
------------------ testing $PTII/ptolemy/domains/de/test/auto/PortParameterResetOnInitialize.xml
auto.tcl: Setting watchdog for 200 seconds at Sat Feb 01 06:52:11 UTC 2020
2 ms. Memory: 51200K Free: 31725K (62%)
ptolemy.util.test.WatchDog.cancel(): canceling Sat Feb 01 06:52:11 UTC 2020
auto.tcl: Setting watchdog for 200 seconds at Sat Feb 01 06:52:11 UTC 2020
2 ms. Memory: 51200K Free: 31215K (61%)
ptolemy.util.test.WatchDog.cancel(): canceling Sat Feb 01 06:52:11 UTC 2020
------------------ testing $PTII/ptolemy/domains/de/test/auto/PortParameterUpdates.xml
auto.tcl: Setting watchdog for 200 seconds at Sat Feb 01 06:52:11 UTC 2020
4 ms. Memory: 51200K Free: 29795K (58%)
ptolemy.util.test.WatchDog.cancel(): canceling Sat Feb 01 06:52:11 UTC 2020
auto.tcl: Setting watchdog for 200 seconds at Sat Feb 01 06:52:11 UTC 2020
4 ms. Memory: 51200K Free: 28769K (56%)
ptolemy.util.test.WatchDog.cancel(): canceling Sat Feb 01 06:52:11 UTC 2020
------------------ testing $PTII/ptolemy/domains/de/test/auto/QueueAndServer.xml
auto.tcl: Setting watchdog for 200 seconds at Sat Feb 01 06:52:11 UTC 2020
12 ms. Memory: 51200K Free: 28964K (57%)
ptolemy.util.test.WatchDog.cancel(): canceling Sat Feb 01 06:52:11 UTC 2020
auto.tcl: Setting watchdog for 200 seconds at Sat Feb 01 06:52:11 UTC 2020
7 ms. Memory: 51200K Free: 27215K (53%)
ptolemy.util.test.WatchDog.cancel(): canceling Sat Feb 01 06:52:11 UTC 2020
------------------ testing $PTII/ptolemy/domains/de/test/auto/Records.xml
auto.tcl: Setting watchdog for 200 seconds at Sat Feb 01 06:52:12 UTC 2020
5 ms. Memory: 51200K Free: 30952K (60%)
ptolemy.util.test.WatchDog.cancel(): canceling Sat Feb 01 06:52:12 UTC 2020
auto.tcl: Setting watchdog for 200 seconds at Sat Feb 01 06:52:12 UTC 2020
2 ms. Memory: 51200K Free: 30440K (59%)
ptolemy.util.test.WatchDog.cancel(): canceling Sat Feb 01 06:52:12 UTC 2020
------------------ testing $PTII/ptolemy/domains/de/test/auto/ResetTransitionWithStartTime1.xml
auto.tcl: Setting watchdog for 200 seconds at Sat Feb 01 06:52:12 UTC 2020
10 ms. Memory: 51200K Free: 28208K (55%)
ptolemy.util.test.WatchDog.cancel(): canceling Sat Feb 01 06:52:12 UTC 2020
auto.tcl: Setting watchdog for 200 seconds at Sat Feb 01 06:52:12 UTC 2020
9 ms. Memory: 51200K Free: 26160K (51%)
ptolemy.util.test.WatchDog.cancel(): canceling Sat Feb 01 06:52:12 UTC 2020
------------------ testing $PTII/ptolemy/domains/de/test/auto/ResetTransitionWithStartTime2.xml
auto.tcl: Setting watchdog for 200 seconds at Sat Feb 01 06:52:12 UTC 2020
5 ms. Memory: 51200K Free: 28163K (55%)
ptolemy.util.test.WatchDog.cancel(): canceling Sat Feb 01 06:52:12 UTC 2020
auto.tcl: Setting watchdog for 200 seconds at Sat Feb 01 06:52:12 UTC 2020
5 ms. Memory: 51200K Free: 26115K (51%)
ptolemy.util.test.WatchDog.cancel(): canceling Sat Feb 01 06:52:12 UTC 2020
------------------ testing $PTII/ptolemy/domains/de/test/auto/ResetTransitionWithStartTime3.xml
auto.tcl: Setting watchdog for 200 seconds at Sat Feb 01 06:52:12 UTC 2020
9 ms. Memory: 51200K Free: 28162K (55%)
ptolemy.util.test.WatchDog.cancel(): canceling Sat Feb 01 06:52:12 UTC 2020
auto.tcl: Setting watchdog for 200 seconds at Sat Feb 01 06:52:12 UTC 2020
6 ms. Memory: 51200K Free: 26114K (51%)
ptolemy.util.test.WatchDog.cancel(): canceling Sat Feb 01 06:52:12 UTC 2020
------------------ testing $PTII/ptolemy/domains/de/test/auto/ResetTransitionWithStartTime4.xml
auto.tcl: Setting watchdog for 200 seconds at Sat Feb 01 06:52:12 UTC 2020
11 ms. Memory: 51200K Free: 28589K (56%)
ptolemy.util.test.WatchDog.cancel(): canceling Sat Feb 01 06:52:12 UTC 2020
auto.tcl: Setting watchdog for 200 seconds at Sat Feb 01 06:52:12 UTC 2020
3 ms. Memory: 51200K Free: 27137K (53%)
ptolemy.util.test.WatchDog.cancel(): canceling Sat Feb 01 06:52:12 UTC 2020
------------------ testing $PTII/ptolemy/domains/de/test/auto/ResettableTimer1.xml
auto.tcl: Setting watchdog for 200 seconds at Sat Feb 01 06:52:12 UTC 2020
3 ms. Memory: 51200K Free: 32374K (63%)
ptolemy.util.test.WatchDog.cancel(): canceling Sat Feb 01 06:52:12 UTC 2020
auto.tcl: Setting watchdog for 200 seconds at Sat Feb 01 06:52:12 UTC 2020
1 ms. Memory: 51200K Free: 31693K (62%)
ptolemy.util.test.WatchDog.cancel(): canceling Sat Feb 01 06:52:12 UTC 2020
------------------ testing $PTII/ptolemy/domains/de/test/auto/ResettableTimer2.xml
auto.tcl: Setting watchdog for 200 seconds at Sat Feb 01 06:52:12 UTC 2020
2 ms. Memory: 51200K Free: 32426K (63%)
ptolemy.util.test.WatchDog.cancel(): canceling Sat Feb 01 06:52:12 UTC 2020
auto.tcl: Setting watchdog for 200 seconds at Sat Feb 01 06:52:12 UTC 2020
3 ms. Memory: 51200K Free: 31772K (62%)
ptolemy.util.test.WatchDog.cancel(): canceling Sat Feb 01 06:52:12 UTC 2020
------------------ testing $PTII/ptolemy/domains/de/test/auto/ResettableTimer3.xml
auto.tcl: Setting watchdog for 200 seconds at Sat Feb 01 06:52:12 UTC 2020
2 ms. Memory: 51200K Free: 32774K (64%)
ptolemy.util.test.WatchDog.cancel(): canceling Sat Feb 01 06:52:12 UTC 2020
auto.tcl: Setting watchdog for 200 seconds at Sat Feb 01 06:52:12 UTC 2020
1 ms. Memory: 51200K Free: 32294K (63%)
ptolemy.util.test.WatchDog.cancel(): canceling Sat Feb 01 06:52:12 UTC 2020
------------------ testing $PTII/ptolemy/domains/de/test/auto/ResettableTimer4.xml
auto.tcl: Setting watchdog for 200 seconds at Sat Feb 01 06:52:12 UTC 2020
1 ms. Memory: 51200K Free: 32308K (63%)
ptolemy.util.test.WatchDog.cancel(): canceling Sat Feb 01 06:52:12 UTC 2020
auto.tcl: Setting watchdog for 200 seconds at Sat Feb 01 06:52:12 UTC 2020
1 ms. Memory: 51200K Free: 31794K (62%)
ptolemy.util.test.WatchDog.cancel(): canceling Sat Feb 01 06:52:12 UTC 2020
------------------ testing $PTII/ptolemy/domains/de/test/auto/ResettableTimer5.xml
auto.tcl: Setting watchdog for 200 seconds at Sat Feb 01 06:52:12 UTC 2020
2 ms. Memory: 51200K Free: 31793K (62%)
ptolemy.util.test.WatchDog.cancel(): canceling Sat Feb 01 06:52:12 UTC 2020
auto.tcl: Setting watchdog for 200 seconds at Sat Feb 01 06:52:12 UTC 2020
1 ms. Memory: 51200K Free: 31285K (61%)
ptolemy.util.test.WatchDog.cancel(): canceling Sat Feb 01 06:52:12 UTC 2020
------------------ testing $PTII/ptolemy/domains/de/test/auto/ResettableTimer6.xml
auto.tcl: Setting watchdog for 200 seconds at Sat Feb 01 06:52:12 UTC 2020
1 ms. Memory: 51200K Free: 31783K (62%)
ptolemy.util.test.WatchDog.cancel(): canceling Sat Feb 01 06:52:12 UTC 2020
auto.tcl: Setting watchdog for 200 seconds at Sat Feb 01 06:52:12 UTC 2020
1 ms. Memory: 51200K Free: 31273K (61%)
ptolemy.util.test.WatchDog.cancel(): canceling Sat Feb 01 06:52:12 UTC 2020
------------------ testing $PTII/ptolemy/domains/de/test/auto/ServerZeroDelay.xml
auto.tcl: Setting watchdog for 200 seconds at Sat Feb 01 06:52:12 UTC 2020
6 ms. Memory: 51200K Free: 32288K (63%)
ptolemy.util.test.WatchDog.cancel(): canceling Sat Feb 01 06:52:12 UTC 2020
auto.tcl: Setting watchdog for 200 seconds at Sat Feb 01 06:52:12 UTC 2020
1 ms. Memory: 51200K Free: 31264K (61%)
ptolemy.util.test.WatchDog.cancel(): canceling Sat Feb 01 06:52:12 UTC 2020
------------------ testing $PTII/ptolemy/domains/de/test/auto/SmartSender.xml
auto.tcl: Setting watchdog for 200 seconds at Sat Feb 01 06:52:12 UTC 2020
3002 ms. Memory: 51200K Free: 32283K (63%)
ptolemy.util.test.WatchDog.cancel(): canceling Sat Feb 01 06:52:15 UTC 2020
auto.tcl: Setting watchdog for 200 seconds at Sat Feb 01 06:52:15 UTC 2020
3002 ms. Memory: 51200K Free: 31759K (62%)
ptolemy.util.test.WatchDog.cancel(): canceling Sat Feb 01 06:52:18 UTC 2020
------------------ testing $PTII/ptolemy/domains/de/test/auto/ThreadedComposite.xml
auto.tcl: Setting watchdog for 200 seconds at Sat Feb 01 06:52:18 UTC 2020
168 ms. Memory: 51200K Free: 13864K (27%)
ptolemy.util.test.WatchDog.cancel(): canceling Sat Feb 01 06:52:18 UTC 2020
auto.tcl: Setting watchdog for 200 seconds at Sat Feb 01 06:52:18 UTC 2020
103 ms. Memory: 51200K Free: 28822K (56%)
ptolemy.util.test.WatchDog.cancel(): canceling Sat Feb 01 06:52:19 UTC 2020
------------------ testing $PTII/ptolemy/domains/de/test/auto/Time.xml
auto.tcl: Setting watchdog for 200 seconds at Sat Feb 01 06:52:19 UTC 2020
540 ms. Memory: 51200K Free: 10983K (21%)
ptolemy.util.test.WatchDog.cancel(): canceling Sat Feb 01 06:52:19 UTC 2020
auto.tcl: Setting watchdog for 200 seconds at Sat Feb 01 06:52:19 UTC 2020
456 ms. Memory: 70656K Free: 48272K (68%)
ptolemy.util.test.WatchDog.cancel(): canceling Sat Feb 01 06:52:20 UTC 2020
------------------ testing $PTII/ptolemy/domains/de/test/auto/TimeDelayZeroDelay.xml
auto.tcl: Setting watchdog for 200 seconds at Sat Feb 01 06:52:20 UTC 2020
2 ms. Memory: 55296K Free: 36811K (67%)
ptolemy.util.test.WatchDog.cancel(): canceling Sat Feb 01 06:52:20 UTC 2020
auto.tcl: Setting watchdog for 200 seconds at Sat Feb 01 06:52:20 UTC 2020
2 ms. Memory: 55296K Free: 35907K (65%)
ptolemy.util.test.WatchDog.cancel(): canceling Sat Feb 01 06:52:20 UTC 2020
------------------ testing $PTII/ptolemy/domains/de/test/auto/TimerZeroDelay.xml
auto.tcl: Setting watchdog for 200 seconds at Sat Feb 01 06:52:20 UTC 2020
2 ms. Memory: 55296K Free: 36675K (66%)
ptolemy.util.test.WatchDog.cancel(): canceling Sat Feb 01 06:52:20 UTC 2020
auto.tcl: Setting watchdog for 200 seconds at Sat Feb 01 06:52:20 UTC 2020
2 ms. Memory: 55296K Free: 35964K (65%)
ptolemy.util.test.WatchDog.cancel(): canceling Sat Feb 01 06:52:20 UTC 2020
------------------ testing $PTII/ptolemy/domains/de/test/auto/TimingParadox.xml
auto.tcl: Setting watchdog for 200 seconds at Sat Feb 01 06:52:20 UTC 2020
343 ms. Memory: 55296K Free: 29968K (54%)
ptolemy.util.test.WatchDog.cancel(): canceling Sat Feb 01 06:52:20 UTC 2020
auto.tcl: Setting watchdog for 200 seconds at Sat Feb 01 06:52:20 UTC 2020
258 ms. Memory: 55296K Free: 23530K (43%)
ptolemy.util.test.WatchDog.cancel(): canceling Sat Feb 01 06:52:21 UTC 2020
------------------ testing $PTII/ptolemy/domains/de/test/auto/TransferInputs.xml
auto.tcl: Setting watchdog for 200 seconds at Sat Feb 01 06:52:21 UTC 2020
2 ms. Memory: 55296K Free: 34831K (63%)
ptolemy.util.test.WatchDog.cancel(): canceling Sat Feb 01 06:52:21 UTC 2020
auto.tcl: Setting watchdog for 200 seconds at Sat Feb 01 06:52:21 UTC 2020
2 ms. Memory: 55296K Free: 33887K (61%)
ptolemy.util.test.WatchDog.cancel(): canceling Sat Feb 01 06:52:21 UTC 2020
------------------ testing $PTII/ptolemy/domains/de/test/auto/TransferOutputs2.xml
auto.tcl: Setting watchdog for 200 seconds at Sat Feb 01 06:52:21 UTC 2020
3 ms. Memory: 51200K Free: 28164K (55%)
ptolemy.util.test.WatchDog.cancel(): canceling Sat Feb 01 06:52:21 UTC 2020
auto.tcl: Setting watchdog for 200 seconds at Sat Feb 01 06:52:21 UTC 2020
2 ms. Memory: 51200K Free: 26734K (52%)
ptolemy.util.test.WatchDog.cancel(): canceling Sat Feb 01 06:52:21 UTC 2020
------------------ testing $PTII/ptolemy/domains/de/test/auto/Trilateration.xml
auto.tcl: Setting watchdog for 200 seconds at Sat Feb 01 06:52:21 UTC 2020
13075 ms. Memory: 530432K Free: 466359K (88%)
ptolemy.util.test.WatchDog.cancel(): canceling Sat Feb 01 06:52:35 UTC 2020
auto.tcl: Setting watchdog for 200 seconds at Sat Feb 01 06:52:35 UTC 2020
9148 ms. Memory: 530432K Free: 352127K (66%)
ptolemy.util.test.WatchDog.cancel(): canceling Sat Feb 01 06:52:44 UTC 2020
------------------ testing $PTII/ptolemy/domains/de/test/auto/TwoSigmaDelta.xml
auto.tcl: Setting watchdog for 200 seconds at Sat Feb 01 06:52:44 UTC 2020
2466 ms. Memory: 92160K Free: 31962K (35%)
ptolemy.util.test.WatchDog.cancel(): canceling Sat Feb 01 06:52:47 UTC 2020
auto.tcl: Setting watchdog for 200 seconds at Sat Feb 01 06:52:47 UTC 2020
1755 ms. Memory: 92160K Free: 37576K (41%)
ptolemy.util.test.WatchDog.cancel(): canceling Sat Feb 01 06:52:48 UTC 2020
------------------ testing $PTII/ptolemy/domains/de/test/auto/VariableDelay.xml
auto.tcl: Setting watchdog for 200 seconds at Sat Feb 01 06:52:48 UTC 2020
3 ms. Memory: 55296K Free: 35311K (64%)
ptolemy.util.test.WatchDog.cancel(): canceling Sat Feb 01 06:52:49 UTC 2020
auto.tcl: Setting watchdog for 200 seconds at Sat Feb 01 06:52:49 UTC 2020
2 ms. Memory: 55296K Free: 34295K (62%)
ptolemy.util.test.WatchDog.cancel(): canceling Sat Feb 01 06:52:49 UTC 2020
------------------ testing $PTII/ptolemy/domains/de/test/auto/VariableDelay2.xml
auto.tcl: Setting watchdog for 200 seconds at Sat Feb 01 06:52:49 UTC 2020
1 ms. Memory: 51200K Free: 31622K (62%)
ptolemy.util.test.WatchDog.cancel(): canceling Sat Feb 01 06:52:49 UTC 2020
auto.tcl: Setting watchdog for 200 seconds at Sat Feb 01 06:52:49 UTC 2020
1 ms. Memory: 51200K Free: 31118K (61%)
ptolemy.util.test.WatchDog.cancel(): canceling Sat Feb 01 06:52:49 UTC 2020
------------------ testing $PTII/ptolemy/domains/de/test/auto/VariableDelayZeroDelay.xml
auto.tcl: Setting watchdog for 200 seconds at Sat Feb 01 06:52:49 UTC 2020
2 ms. Memory: 51200K Free: 32141K (63%)
ptolemy.util.test.WatchDog.cancel(): canceling Sat Feb 01 06:52:49 UTC 2020
auto.tcl: Setting watchdog for 200 seconds at Sat Feb 01 06:52:49 UTC 2020
2 ms. Memory: 51200K Free: 31619K (62%)
ptolemy.util.test.WatchDog.cancel(): canceling Sat Feb 01 06:52:49 UTC 2020
------------------ testing $PTII/ptolemy/domains/de/test/auto/VariableDelayZeroDelay2.xml
auto.tcl: Setting watchdog for 200 seconds at Sat Feb 01 06:52:49 UTC 2020
2 ms. Memory: 51200K Free: 32139K (63%)
ptolemy.util.test.WatchDog.cancel(): canceling Sat Feb 01 06:52:49 UTC 2020
auto.tcl: Setting watchdog for 200 seconds at Sat Feb 01 06:52:49 UTC 2020
2 ms. Memory: 51200K Free: 31115K (61%)
ptolemy.util.test.WatchDog.cancel(): canceling Sat Feb 01 06:52:49 UTC 2020
------------------ testing $PTII/ptolemy/domains/de/test/auto/deInCt.xml
auto.tcl: Setting watchdog for 200 seconds at Sat Feb 01 06:52:49 UTC 2020
0
1
1
0
0
0
0
0
0
0
0
1
1
1
0
0
0
1
1
1
1
0
0
0
0
0
9 ms. Memory: 51200K Free: 31113K (61%)
ptolemy.util.test.WatchDog.cancel(): canceling Sat Feb 01 06:52:49 UTC 2020
auto.tcl: Setting watchdog for 200 seconds at Sat Feb 01 06:52:49 UTC 2020
0
1
1
1
0
0
0
1
1
1
1
0
0
0
1
1
1
0
0
0
1
1
1
1
0
0
0
1
1
1
0
0
0
0
1
1
1
1
1
0
0
0
10 ms. Memory: 51200K Free: 29580K (58%)
ptolemy.util.test.WatchDog.cancel(): canceling Sat Feb 01 06:52:49 UTC 2020
------------------ testing $PTII/ptolemy/domains/de/test/auto/deInCt2.xml
auto.tcl: Setting watchdog for 200 seconds at Sat Feb 01 06:52:49 UTC 2020
0
1
1
1
0
0
1
1
1
0
0
1
1
1
0
0
1
1
1
0
0
1
1
1
0
0
1
1
1
0
0
1
1
1
0
0
1
1
1
0
0
0
14 ms. Memory: 51200K Free: 31115K (61%)
ptolemy.util.test.WatchDog.cancel(): canceling Sat Feb 01 06:52:49 UTC 2020
auto.tcl: Setting watchdog for 200 seconds at Sat Feb 01 06:52:49 UTC 2020
0
1
1
1
0
0
1
1
1
0
0
1
1
1
0
0
1
1
1
0
0
1
1
1
0
0
1
1
1
0
0
1
1
1
0
0
1
1
1
0
0
0
7 ms. Memory: 51200K Free: 29583K (58%)
ptolemy.util.test.WatchDog.cancel(): canceling Sat Feb 01 06:52:49 UTC 2020
------------------ testing $PTII/ptolemy/domains/de/test/auto/dynamicCausalityInterface1.xml
auto.tcl: Setting watchdog for 200 seconds at Sat Feb 01 06:52:49 UTC 2020
2 ms. Memory: 51200K Free: 27013K (53%)
ptolemy.util.test.WatchDog.cancel(): canceling Sat Feb 01 06:52:49 UTC 2020
auto.tcl: Setting watchdog for 200 seconds at Sat Feb 01 06:52:49 UTC 2020
0 ms. Memory: 51200K Free: 26505K (52%)
ptolemy.util.test.WatchDog.cancel(): canceling Sat Feb 01 06:52:49 UTC 2020
------------------ testing $PTII/ptolemy/domains/de/test/auto/fsm_de_test.xml
auto.tcl: Setting watchdog for 200 seconds at Sat Feb 01 06:52:49 UTC 2020
8 ms. Memory: 51200K Free: 26912K (53%)
ptolemy.util.test.WatchDog.cancel(): canceling Sat Feb 01 06:52:49 UTC 2020
auto.tcl: Setting watchdog for 200 seconds at Sat Feb 01 06:52:49 UTC 2020
8 ms. Memory: 51200K Free: 24864K (49%)
ptolemy.util.test.WatchDog.cancel(): canceling Sat Feb 01 06:52:49 UTC 2020
------------------ testing $PTII/ptolemy/domains/de/test/auto/functionDependencyReconstruction.xml
auto.tcl: Setting watchdog for 200 seconds at Sat Feb 01 06:52:49 UTC 2020
3 ms. Memory: 51200K Free: 20758K (41%)
ptolemy.util.test.WatchDog.cancel(): canceling Sat Feb 01 06:52:49 UTC 2020
auto.tcl: Setting watchdog for 200 seconds at Sat Feb 01 06:52:49 UTC 2020
3 ms. Memory: 51200K Free: 18710K (37%)
ptolemy.util.test.WatchDog.cancel(): canceling Sat Feb 01 06:52:49 UTC 2020
------------------ testing $PTII/ptolemy/domains/de/test/auto/multirate.xml
auto.tcl: Setting watchdog for 200 seconds at Sat Feb 01 06:52:49 UTC 2020
5 ms. Memory: 51200K Free: 29554K (58%)
ptolemy.util.test.WatchDog.cancel(): canceling Sat Feb 01 06:52:49 UTC 2020
auto.tcl: Setting watchdog for 200 seconds at Sat Feb 01 06:52:49 UTC 2020
3 ms. Memory: 51200K Free: 27820K (54%)
ptolemy.util.test.WatchDog.cancel(): canceling Sat Feb 01 06:52:49 UTC 2020
------------------ testing $PTII/ptolemy/domains/de/test/auto/multirate2.xml
auto.tcl: Setting watchdog for 200 seconds at Sat Feb 01 06:52:49 UTC 2020
2 ms. Memory: 51200K Free: 29509K (58%)
ptolemy.util.test.WatchDog.cancel(): canceling Sat Feb 01 06:52:49 UTC 2020
auto.tcl: Setting watchdog for 200 seconds at Sat Feb 01 06:52:49 UTC 2020
3 ms. Memory: 51200K Free: 27989K (55%)
ptolemy.util.test.WatchDog.cancel(): canceling Sat Feb 01 06:52:49 UTC 2020
------------------ testing $PTII/ptolemy/domains/de/test/auto/realtime.xml
auto.tcl: Setting watchdog for 200 seconds at Sat Feb 01 06:52:49 UTC 2020
10001 ms. Memory: 51200K Free: 31794K (62%)
ptolemy.util.test.WatchDog.cancel(): canceling Sat Feb 01 06:52:59 UTC 2020
auto.tcl: Setting watchdog for 200 seconds at Sat Feb 01 06:52:59 UTC 2020
10001 ms. Memory: 51200K Free: 31059K (61%)
ptolemy.util.test.WatchDog.cancel(): canceling Sat Feb 01 06:53:09 UTC 2020
------------------ testing $PTII/ptolemy/domains/de/test/auto/relationGroup.xml
auto.tcl: Setting watchdog for 200 seconds at Sat Feb 01 06:53:09 UTC 2020
2 ms. Memory: 51200K Free: 32648K (64%)
ptolemy.util.test.WatchDog.cancel(): canceling Sat Feb 01 06:53:09 UTC 2020
auto.tcl: Setting watchdog for 200 seconds at Sat Feb 01 06:53:09 UTC 2020
1 ms. Memory: 51200K Free: 32138K (63%)
ptolemy.util.test.WatchDog.cancel(): canceling Sat Feb 01 06:53:09 UTC 2020
------------------ testing $PTII/ptolemy/domains/de/test/auto/relationGroup2.xml
auto.tcl: Setting watchdog for 200 seconds at Sat Feb 01 06:53:09 UTC 2020
1 ms. Memory: 51200K Free: 32673K (64%)
ptolemy.util.test.WatchDog.cancel(): canceling Sat Feb 01 06:53:09 UTC 2020
auto.tcl: Setting watchdog for 200 seconds at Sat Feb 01 06:53:09 UTC 2020
2 ms. Memory: 51200K Free: 32163K (63%)
ptolemy.util.test.WatchDog.cancel(): canceling Sat Feb 01 06:53:09 UTC 2020
------------------ testing $PTII/ptolemy/domains/de/test/auto/sortWithOpaquePorts.xml
auto.tcl: Setting watchdog for 200 seconds at Sat Feb 01 06:53:09 UTC 2020
1 ms. Memory: 51200K Free: 31641K (62%)
ptolemy.util.test.WatchDog.cancel(): canceling Sat Feb 01 06:53:09 UTC 2020
auto.tcl: Setting watchdog for 200 seconds at Sat Feb 01 06:53:09 UTC 2020
2 ms. Memory: 51200K Free: 30619K (60%)
ptolemy.util.test.WatchDog.cancel(): canceling Sat Feb 01 06:53:09 UTC 2020
------------------ testing $PTII/ptolemy/domains/de/test/auto/transferInputsandOutputs.xml
auto.tcl: Setting watchdog for 200 seconds at Sat Feb 01 06:53:09 UTC 2020
6 ms. Memory: 51200K Free: 29080K (57%)
ptolemy.util.test.WatchDog.cancel(): canceling Sat Feb 01 06:53:10 UTC 2020
auto.tcl: Setting watchdog for 200 seconds at Sat Feb 01 06:53:10 UTC 2020
3 ms. Memory: 51200K Free: 28056K (55%)
ptolemy.util.test.WatchDog.cancel(): canceling Sat Feb 01 06:53:10 UTC 2020
------------------ testing $PTII/ptolemy/domains/de/test/auto/triggerType.xml
auto.tcl: Setting watchdog for 200 seconds at Sat Feb 01 06:53:10 UTC 2020
1 ms. Memory: 51200K Free: 32105K (63%)
ptolemy.util.test.WatchDog.cancel(): canceling Sat Feb 01 06:53:10 UTC 2020
auto.tcl: Setting watchdog for 200 seconds at Sat Feb 01 06:53:10 UTC 2020
2 ms. Memory: 51200K Free: 31081K (61%)
ptolemy.util.test.WatchDog.cancel(): canceling Sat Feb 01 06:53:10 UTC 2020
02/01/20 06:53:10
Failed: 0  Total Tests: 192  ((Passed: 187, Newly Passed: 1)  Known Failed: 5) /home/travis/build/icyphy/ptII/ptolemy/domains/de/test
02/01/20 06:53:10
Failed: 0  Total Tests: 192  ((Passed: 187, Newly Passed: 1)  Known Failed: 5) /home/travis/build/icyphy/ptII/ptolemy/domains/de/test
----------------- testing (KnownFailure) /home/travis/build/icyphy/ptII/ptolemy/domains/de/test/auto/knownFailedTests/DESDFClockTest.xml
2010 ms. Memory: 51200K Free: 25499K (50%)
Known Failure: java.lang.reflect.InvocationTargetException
----------------- testing (KnownFailure) /home/travis/build/icyphy/ptII/ptolemy/domains/de/test/auto/knownFailedTests/DirectFeedback.xml
2 ms. Memory: 51200K Free: 21403K (42%)
Known Failure: java.lang.reflect.InvocationTargetException
----------------- testing (KnownFailure) /home/travis/build/icyphy/ptII/ptolemy/domains/de/test/auto/knownFailedTests/FSMSource.xml
12 ms. Memory: 51200K Free: 13725K (27%)
----------------- testing (KnownFailure) /home/travis/build/icyphy/ptII/ptolemy/domains/de/test/auto/knownFailedTests/HierarchicalModel.xml
3 ms. Memory: 51200K Free: 26928K (53%)
Known Failure: java.lang.reflect.InvocationTargetException
----------------- testing (KnownFailure) /home/travis/build/icyphy/ptII/ptolemy/domains/de/test/auto/knownFailedTests/dependencyLoop.xml
2 ms. Memory: 51200K Free: 11639K (23%)
Known Failure: java.lang.reflect.InvocationTargetException
----------------- testing (KnownFailure) /home/travis/build/icyphy/ptII/ptolemy/domains/de/test/auto/knownFailedTests/dependencyLoop2.xml
7 ms. Memory: 51200K Free: 25578K (50%)
Known Failure: java.lang.reflect.InvocationTargetException
No auto/linux-amd64/*.xml tests in /home/travis/build/icyphy/ptII/ptolemy/domains/de/test
AutoTests.java: About to close Vertx.
AutoTests.java: Vertx closed.

===========================================================================================
----------------- testing Sat Feb 01 06:53:12 UTC 2020 /home/travis/build/icyphy/ptII/ptolemy/domains/de/test/auto/ActorDepthCalculation_actorWithoutPorts.xml
----------------- Instantiating /home/travis/build/icyphy/ptII/ptolemy/domains/de/test/auto/ActorDepthCalculation_actorWithoutPorts.xml
2 ms. Memory: 51200K Free: 18698K (37%)
----------------- Invoking toplevel() on ptolemy.moml.MoMLSimpleApplication@75640fdc
----------------- Done invoking toplevel() on ptolemy.moml.MoMLSimpleApplication@75640fdc
reloadAllAccessors: .ActorDepthCalculation_actorWithoutPorts

===========================================================================================
----------------- testing Sat Feb 01 06:53:12 UTC 2020 /home/travis/build/icyphy/ptII/ptolemy/domains/de/test/auto/AssemblyLine.xml
----------------- Instantiating /home/travis/build/icyphy/ptII/ptolemy/domains/de/test/auto/AssemblyLine.xml
3 ms. Memory: 51200K Free: 11306K (22%)
----------------- Invoking toplevel() on ptolemy.moml.MoMLSimpleApplication@3b398bcb
----------------- Done invoking toplevel() on ptolemy.moml.MoMLSimpleApplication@3b398bcb
reloadAllAccessors: .AssemblyLine

===========================================================================================
----------------- testing Sat Feb 01 06:53:12 UTC 2020 /home/travis/build/icyphy/ptII/ptolemy/domains/de/test/auto/CQBug1.xml
----------------- Instantiating /home/travis/build/icyphy/ptII/ptolemy/domains/de/test/auto/CQBug1.xml
3 ms. Memory: 51200K Free: 8220K (16%)
----------------- Invoking toplevel() on ptolemy.moml.MoMLSimpleApplication@30702eb7
----------------- Done invoking toplevel() on ptolemy.moml.MoMLSimpleApplication@30702eb7
reloadAllAccessors: .CQBug1

===========================================================================================
----------------- testing Sat Feb 01 06:53:12 UTC 2020 /home/travis/build/icyphy/ptII/ptolemy/domains/de/test/auto/CancelFireAt.xml
----------------- Instantiating /home/travis/build/icyphy/ptII/ptolemy/domains/de/test/auto/CancelFireAt.xml
0 ms. Memory: 51200K Free: 34552K (67%)
----------------- Invoking toplevel() on ptolemy.moml.MoMLSimpleApplication@458960ad
----------------- Done invoking toplevel() on ptolemy.moml.MoMLSimpleApplication@458960ad
reloadAllAccessors: .CancelFireAt

===========================================================================================
----------------- testing Sat Feb 01 06:53:12 UTC 2020 /home/travis/build/icyphy/ptII/ptolemy/domains/de/test/auto/CausalityAndComposabilityAnalysis.xml
----------------- Instantiating /home/travis/build/icyphy/ptII/ptolemy/domains/de/test/auto/CausalityAndComposabilityAnalysis.xml
2 ms. Memory: 51200K Free: 30218K (59%)
----------------- Invoking toplevel() on ptolemy.moml.MoMLSimpleApplication@59abba53
----------------- Done invoking toplevel() on ptolemy.moml.MoMLSimpleApplication@59abba53
reloadAllAccessors: .CausalityAndComposabilityAnalysis

===========================================================================================
----------------- testing Sat Feb 01 06:53:12 UTC 2020 /home/travis/build/icyphy/ptII/ptolemy/domains/de/test/auto/CausalityInterface1.xml
----------------- Instantiating /home/travis/build/icyphy/ptII/ptolemy/domains/de/test/auto/CausalityInterface1.xml
5 ms. Memory: 51200K Free: 25106K (49%)
----------------- Invoking toplevel() on ptolemy.moml.MoMLSimpleApplication@14a6ecd9
----------------- Done invoking toplevel() on ptolemy.moml.MoMLSimpleApplication@14a6ecd9
reloadAllAccessors: .CausalityInterface1

===========================================================================================
----------------- testing Sat Feb 01 06:53:12 UTC 2020 /home/travis/build/icyphy/ptII/ptolemy/domains/de/test/auto/CausalityInterface15.xml
----------------- Instantiating /home/travis/build/icyphy/ptII/ptolemy/domains/de/test/auto/CausalityInterface15.xml
1 ms. Memory: 51200K Free: 19619K (38%)
----------------- Invoking toplevel() on ptolemy.moml.MoMLSimpleApplication@7bf4af23
----------------- Done invoking toplevel() on ptolemy.moml.MoMLSimpleApplication@7bf4af23
reloadAllAccessors: .CausalityInterface15

===========================================================================================
----------------- testing Sat Feb 01 06:53:12 UTC 2020 /home/travis/build/icyphy/ptII/ptolemy/domains/de/test/auto/CausalityInterface2.xml
----------------- Instantiating /home/travis/build/icyphy/ptII/ptolemy/domains/de/test/auto/CausalityInterface2.xml
1 ms. Memory: 51200K Free: 14866K (29%)
[...]
	at ptolemy.actor.Manager.run(Manager.java:1263)
	at ptolemy.actor.Manager$PtolemyRunThread.run(Manager.java:1933)
java.lang.RuntimeException: Execution failed
	at ptolemy.moml.MoMLSimpleApplication$UnloadThread.run(MoMLSimpleApplication.java:402)
Caused by: ptolemy.kernel.util.IllegalActionException: Actor is not ready to fire.  Perhaps UpSample.prefire() returned false? Try debugging the actor by selecting "Listen to Actor".  Also, for SDF check moml for tokenConsumptionRate on input.
  in .DESDFClockTest.Play Bell.Copy1:SDF Director and .DESDFClockTest.Play Bell.UpSample
	at ptolemy.actor.sched.StaticSchedulingDirector.fire(StaticSchedulingDirector.java:227)
	at ptolemy.domains.sdf.kernel.SDFDirector.fire(SDFDirector.java:500)
	at ptolemy.actor.CompositeActor.fire(CompositeActor.java:455)
	at ptolemy.domains.de.kernel.DEDirector._fire(DEDirector.java:1949)
	at ptolemy.domains.de.kernel.DEDirector.fire(DEDirector.java:502)
	at ptolemy.actor.CompositeActor.fire(CompositeActor.java:455)
	at ptolemy.actor.Manager.iterate(Manager.java:851)
	at ptolemy.actor.Manager.execute(Manager.java:369)
	at ptolemy.actor.Manager.run(Manager.java:1263)
	at ptolemy.actor.Manager$PtolemyRunThread.run(Manager.java:1933)
java.lang.reflect.InvocationTargetException
	at java.base/jdk.internal.reflect.NativeConstructorAccessorImpl.newInstance0(Native Method)
	at java.base/jdk.internal.reflect.NativeConstructorAccessorImpl.newInstance(NativeConstructorAccessorImpl.java:62)
	at java.base/jdk.internal.reflect.DelegatingConstructorAccessorImpl.newInstance(DelegatingConstructorAccessorImpl.java:45)
	at java.base/java.lang.reflect.Constructor.newInstance(Constructor.java:490)
	at ptolemy.util.test.junit.AutoKnownFailedTests.RunModel(AutoKnownFailedTests.java:105)
	at java.base/jdk.internal.reflect.NativeMethodAccessorImpl.invoke0(Native Method)
	at java.base/jdk.internal.reflect.NativeMethodAccessorImpl.invoke(NativeMethodAccessorImpl.java:62)
	at java.base/jdk.internal.reflect.DelegatingMethodAccessorImpl.invoke(DelegatingMethodAccessorImpl.java:43)
	at java.base/java.lang.reflect.Method.invoke(Method.java:566)
	at org.junit.runners.model.FrameworkMethod$1.runReflectiveCall(FrameworkMethod.java:44)
	at org.junit.internal.runners.model.ReflectiveCallable.run(ReflectiveCallable.java:15)
	at org.junit.runners.model.FrameworkMethod.invokeExplosively(FrameworkMethod.java:41)
	at junitparams.internal.InvokeParameterisedMethod.evaluate(InvokeParameterisedMethod.java:102)
	at org.junit.internal.runners.statements.FailOnTimeout$1.run(FailOnTimeout.java:28)
Caused by: ptolemy.kernel.util.IllegalActionException: Actor is not ready to fire.  Perhaps UpSample.prefire() returned false? Try debugging the actor by selecting "Listen to Actor".  Also, for SDF check moml for tokenConsumptionRate on input.
  in .DESDFClockTest.Play Bell.Copy1:SDF Director and .DESDFClockTest.Play Bell.UpSample
	at ptolemy.actor.sched.StaticSchedulingDirector.fire(StaticSchedulingDirector.java:227)
	at ptolemy.domains.sdf.kernel.SDFDirector.fire(SDFDirector.java:500)
	at ptolemy.actor.CompositeActor.fire(CompositeActor.java:455)
	at ptolemy.domains.de.kernel.DEDirector._fire(DEDirector.java:1949)
	at ptolemy.domains.de.kernel.DEDirector.fire(DEDirector.java:502)
	at ptolemy.actor.CompositeActor.fire(CompositeActor.java:455)
	at ptolemy.actor.Manager.iterate(Manager.java:851)
	at ptolemy.actor.Manager.execute(Manager.java:369)
	at ptolemy.actor.Manager.run(Manager.java:1263)
	at ptolemy.actor.Manager$PtolemyRunThread.run(Manager.java:1933)
java.lang.RuntimeException: Execution failed
	at ptolemy.moml.MoMLSimpleApplication$UnloadThread.run(MoMLSimpleApplication.java:402)
Caused by: ptolemy.kernel.util.IllegalActionException: Test fails in iteration 1.
Value was: 1.0. Should have been: 2.0
  in .DirectFeedback.Test
	at ptolemy.actor.lib.Test.fire(Test.java:268)
	at ptolemy.domains.de.kernel.DEDirector._fire(DEDirector.java:1949)
	at ptolemy.domains.de.kernel.DEDirector.fire(DEDirector.java:502)
	at ptolemy.actor.CompositeActor.fire(CompositeActor.java:455)
	at ptolemy.actor.Manager.iterate(Manager.java:851)
	at ptolemy.actor.Manager.execute(Manager.java:369)
	at ptolemy.actor.Manager.run(Manager.java:1263)
	at ptolemy.actor.Manager$PtolemyRunThread.run(Manager.java:1933)
java.lang.reflect.InvocationTargetException
	at java.base/jdk.internal.reflect.NativeConstructorAccessorImpl.newInstance0(Native Method)
	at java.base/jdk.internal.reflect.NativeConstructorAccessorImpl.newInstance(NativeConstructorAccessorImpl.java:62)
	at java.base/jdk.internal.reflect.DelegatingConstructorAccessorImpl.newInstance(DelegatingConstructorAccessorImpl.java:45)
	at java.base/java.lang.reflect.Constructor.newInstance(Constructor.java:490)
	at ptolemy.util.test.junit.AutoKnownFailedTests.RunModel(AutoKnownFailedTests.java:105)
	at java.base/jdk.internal.reflect.NativeMethodAccessorImpl.invoke0(Native Method)
	at java.base/jdk.internal.reflect.NativeMethodAccessorImpl.invoke(NativeMethodAccessorImpl.java:62)
	at java.base/jdk.internal.reflect.DelegatingMethodAccessorImpl.invoke(DelegatingMethodAccessorImpl.java:43)
	at java.base/java.lang.reflect.Method.invoke(Method.java:566)
	at org.junit.runners.model.FrameworkMethod$1.runReflectiveCall(FrameworkMethod.java:44)
	at org.junit.internal.runners.model.ReflectiveCallable.run(ReflectiveCallable.java:15)
	at org.junit.runners.model.FrameworkMethod.invokeExplosively(FrameworkMethod.java:41)
	at junitparams.internal.InvokeParameterisedMethod.evaluate(InvokeParameterisedMethod.java:102)
	at org.junit.internal.runners.statements.FailOnTimeout$1.run(FailOnTimeout.java:28)
Caused by: ptolemy.kernel.util.IllegalActionException: Test fails in iteration 1.
Value was: 1.0. Should have been: 2.0
  in .DirectFeedback.Test
	at ptolemy.actor.lib.Test.fire(Test.java:268)
	at ptolemy.domains.de.kernel.DEDirector._fire(DEDirector.java:1949)
	at ptolemy.domains.de.kernel.DEDirector.fire(DEDirector.java:502)
	at ptolemy.actor.CompositeActor.fire(CompositeActor.java:455)
	at ptolemy.actor.Manager.iterate(Manager.java:851)
	at ptolemy.actor.Manager.execute(Manager.java:369)
	at ptolemy.actor.Manager.run(Manager.java:1263)
	at ptolemy.actor.Manager$PtolemyRunThread.run(Manager.java:1933)
java.lang.RuntimeException: Execution failed
	at ptolemy.moml.MoMLSimpleApplication$UnloadThread.run(MoMLSimpleApplication.java:402)
Caused by: ptolemy.kernel.util.IllegalActionException: Found a zero delay loop containing .HierarchicalModel.A
  in .HierarchicalModel and .HierarchicalModel.A
	at ptolemy.actor.util.CausalityInterfaceForComposites._computeOutputPortDepth(CausalityInterfaceForComposites.java:759)
	at ptolemy.actor.util.CausalityInterfaceForComposites._computeInputDepth(CausalityInterfaceForComposites.java:696)
	at ptolemy.actor.util.CausalityInterfaceForComposites._computeOutputPortDepth(CausalityInterfaceForComposites.java:765)
	at ptolemy.actor.util.CausalityInterfaceForComposites._computeInputDepth(CausalityInterfaceForComposites.java:696)
	at ptolemy.actor.util.CausalityInterfaceForComposites._computeOutputPortDepth(CausalityInterfaceForComposites.java:765)
	at ptolemy.actor.util.CausalityInterfaceForComposites._computeInputDepth(CausalityInterfaceForComposites.java:696)
	at ptolemy.actor.util.CausalityInterfaceForComposites._computeActorDepth(CausalityInterfaceForComposites.java:532)
	at ptolemy.actor.util.CausalityInterfaceForComposites.checkForCycles(CausalityInterfaceForComposites.java:96)
	at ptolemy.domains.de.kernel.DEDirector.preinitialize(DEDirector.java:1338)
	at ptolemy.actor.CompositeActor.preinitialize(CompositeActor.java:1828)
	at ptolemy.actor.Manager.preinitializeAndResolveTypes(Manager.java:1040)
	at ptolemy.actor.Manager.initialize(Manager.java:710)
	at ptolemy.actor.Manager.execute(Manager.java:356)
	at ptolemy.actor.Manager.run(Manager.java:1263)
	at ptolemy.actor.Manager$PtolemyRunThread.run(Manager.java:1933)
java.lang.reflect.InvocationTargetException
	at java.base/jdk.internal.reflect.NativeConstructorAccessorImpl.newInstance0(Native Method)
	at java.base/jdk.internal.reflect.NativeConstructorAccessorImpl.newInstance(NativeConstructorAccessorImpl.java:62)
	at java.base/jdk.internal.reflect.DelegatingConstructorAccessorImpl.newInstance(DelegatingConstructorAccessorImpl.java:45)
	at java.base/java.lang.reflect.Constructor.newInstance(Constructor.java:490)
	at ptolemy.util.test.junit.AutoKnownFailedTests.RunModel(AutoKnownFailedTests.java:105)
	at java.base/jdk.internal.reflect.NativeMethodAccessorImpl.invoke0(Native Method)
	at java.base/jdk.internal.reflect.NativeMethodAccessorImpl.invoke(NativeMethodAccessorImpl.java:62)
	at java.base/jdk.internal.reflect.DelegatingMethodAccessorImpl.invoke(DelegatingMethodAccessorImpl.java:43)
	at java.base/java.lang.reflect.Method.invoke(Method.java:566)
	at org.junit.runners.model.FrameworkMethod$1.runReflectiveCall(FrameworkMethod.java:44)
	at org.junit.internal.runners.model.ReflectiveCallable.run(ReflectiveCallable.java:15)
	at org.junit.runners.model.FrameworkMethod.invokeExplosively(FrameworkMethod.java:41)
	at junitparams.internal.InvokeParameterisedMethod.evaluate(InvokeParameterisedMethod.java:102)
	at org.junit.internal.runners.statements.FailOnTimeout$1.run(FailOnTimeout.java:28)
Caused by: ptolemy.kernel.util.IllegalActionException: Found a zero delay loop containing .HierarchicalModel.A
  in .HierarchicalModel and .HierarchicalModel.A
	at ptolemy.actor.util.CausalityInterfaceForComposites._computeOutputPortDepth(CausalityInterfaceForComposites.java:759)
	at ptolemy.actor.util.CausalityInterfaceForComposites._computeInputDepth(CausalityInterfaceForComposites.java:696)
	at ptolemy.actor.util.CausalityInterfaceForComposites._computeOutputPortDepth(CausalityInterfaceForComposites.java:765)
	at ptolemy.actor.util.CausalityInterfaceForComposites._computeInputDepth(CausalityInterfaceForComposites.java:696)
	at ptolemy.actor.util.CausalityInterfaceForComposites._computeOutputPortDepth(CausalityInterfaceForComposites.java:765)
	at ptolemy.actor.util.CausalityInterfaceForComposites._computeInputDepth(CausalityInterfaceForComposites.java:696)
	at ptolemy.actor.util.CausalityInterfaceForComposites._computeActorDepth(CausalityInterfaceForComposites.java:532)
	at ptolemy.actor.util.CausalityInterfaceForComposites.checkForCycles(CausalityInterfaceForComposites.java:96)
	at ptolemy.domains.de.kernel.DEDirector.preinitialize(DEDirector.java:1338)
	at ptolemy.actor.CompositeActor.preinitialize(CompositeActor.java:1828)
	at ptolemy.actor.Manager.preinitializeAndResolveTypes(Manager.java:1040)
	at ptolemy.actor.Manager.initialize(Manager.java:710)
	at ptolemy.actor.Manager.execute(Manager.java:356)
	at ptolemy.actor.Manager.run(Manager.java:1263)
	at ptolemy.actor.Manager$PtolemyRunThread.run(Manager.java:1933)
java.lang.RuntimeException: Execution failed
	at ptolemy.moml.MoMLSimpleApplication$UnloadThread.run(MoMLSimpleApplication.java:402)
Caused by: ptolemy.kernel.util.IllegalActionException: Found a zero delay loop containing .dependencyLoop.original
  in .dependencyLoop and .dependencyLoop.original
	at ptolemy.actor.util.CausalityInterfaceForComposites._computeOutputPortDepth(CausalityInterfaceForComposites.java:759)
	at ptolemy.actor.util.CausalityInterfaceForComposites._computeInputDepth(CausalityInterfaceForComposites.java:696)
	at ptolemy.actor.util.CausalityInterfaceForComposites._computeOutputPortDepth(CausalityInterfaceForComposites.java:765)
	at ptolemy.actor.util.CausalityInterfaceForComposites._computeInputDepth(CausalityInterfaceForComposites.java:696)
	at ptolemy.actor.util.CausalityInterfaceForComposites._computeOutputPortDepth(CausalityInterfaceForComposites.java:765)
	at ptolemy.actor.util.CausalityInterfaceForComposites._computeInputDepth(CausalityInterfaceForComposites.java:696)
	at ptolemy.actor.util.CausalityInterfaceForComposites._computeActorDepth(CausalityInterfaceForComposites.java:532)
	at ptolemy.actor.util.CausalityInterfaceForComposites.checkForCycles(CausalityInterfaceForComposites.java:96)
	at ptolemy.domains.de.kernel.DEDirector.preinitialize(DEDirector.java:1338)
	at ptolemy.actor.CompositeActor.preinitialize(CompositeActor.java:1828)
	at ptolemy.actor.Manager.preinitializeAndResolveTypes(Manager.java:1040)
	at ptolemy.actor.Manager.initialize(Manager.java:710)
	at ptolemy.actor.Manager.execute(Manager.java:356)
	at ptolemy.actor.Manager.run(Manager.java:1263)
	at ptolemy.actor.Manager$PtolemyRunThread.run(Manager.java:1933)
java.lang.reflect.InvocationTargetException
	at java.base/jdk.internal.reflect.NativeConstructorAccessorImpl.newInstance0(Native Method)
	at java.base/jdk.internal.reflect.NativeConstructorAccessorImpl.newInstance(NativeConstructorAccessorImpl.java:62)
	at java.base/jdk.internal.reflect.DelegatingConstructorAccessorImpl.newInstance(DelegatingConstructorAccessorImpl.java:45)
	at java.base/java.lang.reflect.Constructor.newInstance(Constructor.java:490)
	at ptolemy.util.test.junit.AutoKnownFailedTests.RunModel(AutoKnownFailedTests.java:105)
	at java.base/jdk.internal.reflect.NativeMethodAccessorImpl.invoke0(Native Method)
	at java.base/jdk.internal.reflect.NativeMethodAccessorImpl.invoke(NativeMethodAccessorImpl.java:62)
	at java.base/jdk.internal.reflect.DelegatingMethodAccessorImpl.invoke(DelegatingMethodAccessorImpl.java:43)
	at java.base/java.lang.reflect.Method.invoke(Method.java:566)
	at org.junit.runners.model.FrameworkMethod$1.runReflectiveCall(FrameworkMethod.java:44)
	at org.junit.internal.runners.model.ReflectiveCallable.run(ReflectiveCallable.java:15)
	at org.junit.runners.model.FrameworkMethod.invokeExplosively(FrameworkMethod.java:41)
	at junitparams.internal.InvokeParameterisedMethod.evaluate(InvokeParameterisedMethod.java:102)
	at org.junit.internal.runners.statements.FailOnTimeout$1.run(FailOnTimeout.java:28)
Caused by: ptolemy.kernel.util.IllegalActionException: Found a zero delay loop containing .dependencyLoop.original
  in .dependencyLoop and .dependencyLoop.original
	at ptolemy.actor.util.CausalityInterfaceForComposites._computeOutputPortDepth(CausalityInterfaceForComposites.java:759)
	at ptolemy.actor.util.CausalityInterfaceForComposites._computeInputDepth(CausalityInterfaceForComposites.java:696)
	at ptolemy.actor.util.CausalityInterfaceForComposites._computeOutputPortDepth(CausalityInterfaceForComposites.java:765)
	at ptolemy.actor.util.CausalityInterfaceForComposites._computeInputDepth(CausalityInterfaceForComposites.java:696)
	at ptolemy.actor.util.CausalityInterfaceForComposites._computeOutputPortDepth(CausalityInterfaceForComposites.java:765)
	at ptolemy.actor.util.CausalityInterfaceForComposites._computeInputDepth(CausalityInterfaceForComposites.java:696)
	at ptolemy.actor.util.CausalityInterfaceForComposites._computeActorDepth(CausalityInterfaceForComposites.java:532)
	at ptolemy.actor.util.CausalityInterfaceForComposites.checkForCycles(CausalityInterfaceForComposites.java:96)
	at ptolemy.domains.de.kernel.DEDirector.preinitialize(DEDirector.java:1338)
	at ptolemy.actor.CompositeActor.preinitialize(CompositeActor.java:1828)
	at ptolemy.actor.Manager.preinitializeAndResolveTypes(Manager.java:1040)
	at ptolemy.actor.Manager.initialize(Manager.java:710)
	at ptolemy.actor.Manager.execute(Manager.java:356)
	at ptolemy.actor.Manager.run(Manager.java:1263)
	at ptolemy.actor.Manager$PtolemyRunThread.run(Manager.java:1933)
java.lang.RuntimeException: Execution failed
	at ptolemy.moml.MoMLSimpleApplication$UnloadThread.run(MoMLSimpleApplication.java:402)
Caused by: ptolemy.kernel.util.IllegalActionException: Found a zero delay loop containing .dependencyLoop2.original
  in .dependencyLoop2 and .dependencyLoop2.original
	at ptolemy.actor.util.CausalityInterfaceForComposites._computeOutputPortDepth(CausalityInterfaceForComposites.java:759)
	at ptolemy.actor.util.CausalityInterfaceForComposites._computeInputDepth(CausalityInterfaceForComposites.java:696)
	at ptolemy.actor.util.CausalityInterfaceForComposites._computeOutputPortDepth(CausalityInterfaceForComposites.java:765)
	at ptolemy.actor.util.CausalityInterfaceForComposites._computeInputDepth(CausalityInterfaceForComposites.java:696)
	at ptolemy.actor.util.CausalityInterfaceForComposites._computeOutputPortDepth(CausalityInterfaceForComposites.java:765)
	at ptolemy.actor.util.CausalityInterfaceForComposites._computeInputDepth(CausalityInterfaceForComposites.java:696)
	at ptolemy.actor.util.CausalityInterfaceForComposites._computeActorDepth(CausalityInterfaceForComposites.java:532)
	at ptolemy.actor.util.CausalityInterfaceForComposites.checkForCycles(CausalityInterfaceForComposites.java:96)
	at ptolemy.domains.de.kernel.DEDirector.preinitialize(DEDirector.java:1338)
	at ptolemy.actor.CompositeActor.preinitialize(CompositeActor.java:1828)
	at ptolemy.actor.Manager.preinitializeAndResolveTypes(Manager.java:1040)
	at ptolemy.actor.Manager.initialize(Manager.java:710)
	at ptolemy.actor.Manager.execute(Manager.java:356)
	at ptolemy.actor.Manager.run(Manager.java:1263)
	at ptolemy.actor.Manager$PtolemyRunThread.run(Manager.java:1933)
java.lang.reflect.InvocationTargetException
	at java.base/jdk.internal.reflect.NativeConstructorAccessorImpl.newInstance0(Native Method)
	at java.base/jdk.internal.reflect.NativeConstructorAccessorImpl.newInstance(NativeConstructorAccessorImpl.java:62)
	at java.base/jdk.internal.reflect.DelegatingConstructorAccessorImpl.newInstance(DelegatingConstructorAccessorImpl.java:45)
	at java.base/java.lang.reflect.Constructor.newInstance(Constructor.java:490)
	at ptolemy.util.test.junit.AutoKnownFailedTests.RunModel(AutoKnownFailedTests.java:105)
	at java.base/jdk.internal.reflect.NativeMethodAccessorImpl.invoke0(Native Method)
	at java.base/jdk.internal.reflect.NativeMethodAccessorImpl.invoke(NativeMethodAccessorImpl.java:62)
	at java.base/jdk.internal.reflect.DelegatingMethodAccessorImpl.invoke(DelegatingMethodAccessorImpl.java:43)
	at java.base/java.lang.reflect.Method.invoke(Method.java:566)
	at org.junit.runners.model.FrameworkMethod$1.runReflectiveCall(FrameworkMethod.java:44)
	at org.junit.internal.runners.model.ReflectiveCallable.run(ReflectiveCallable.java:15)
	at org.junit.runners.model.FrameworkMethod.invokeExplosively(FrameworkMethod.java:41)
	at junitparams.internal.InvokeParameterisedMethod.evaluate(InvokeParameterisedMethod.java:102)
	at org.junit.internal.runners.statements.FailOnTimeout$1.run(FailOnTimeout.java:28)
Caused by: ptolemy.kernel.util.IllegalActionException: Found a zero delay loop containing .dependencyLoop2.original
  in .dependencyLoop2 and .dependencyLoop2.original
	at ptolemy.actor.util.CausalityInterfaceForComposites._computeOutputPortDepth(CausalityInterfaceForComposites.java:759)
	at ptolemy.actor.util.CausalityInterfaceForComposites._computeInputDepth(CausalityInterfaceForComposites.java:696)
	at ptolemy.actor.util.CausalityInterfaceForComposites._computeOutputPortDepth(CausalityInterfaceForComposites.java:765)
	at ptolemy.actor.util.CausalityInterfaceForComposites._computeInputDepth(CausalityInterfaceForComposites.java:696)
	at ptolemy.actor.util.CausalityInterfaceForComposites._computeOutputPortDepth(CausalityInterfaceForComposites.java:765)
	at ptolemy.actor.util.CausalityInterfaceForComposites._computeInputDepth(CausalityInterfaceForComposites.java:696)
	at ptolemy.actor.util.CausalityInterfaceForComposites._computeActorDepth(CausalityInterfaceForComposites.java:532)
	at ptolemy.actor.util.CausalityInterfaceForComposites.checkForCycles(CausalityInterfaceForComposites.java:96)
	at ptolemy.domains.de.kernel.DEDirector.preinitialize(DEDirector.java:1338)
	at ptolemy.actor.CompositeActor.preinitialize(CompositeActor.java:1828)
	at ptolemy.actor.Manager.preinitializeAndResolveTypes(Manager.java:1040)
	at ptolemy.actor.Manager.initialize(Manager.java:710)
	at ptolemy.actor.Manager.execute(Manager.java:356)
	at ptolemy.actor.Manager.run(Manager.java:1263)
	at ptolemy.actor.Manager$PtolemyRunThread.run(Manager.java:1933)
]]></system-err>
</testsuite>
