<?xml version="1.0" encoding="UTF-8" ?>
<testsuite errors="0" failures="0" hostname="travis-job-5d49aa00-8e89-49a6-82be-fcdd7a925a59" name="ptolemy.domains.modal.test.junit.JUnitTclTest" skipped="0" tests="148" time="8.805" timestamp="2020-01-25T06:49:52">
  <properties>
[...]
</properties>
  <testcase classname="ptolemy.util.test.junit.TclTests" name="[0] /home/travis/build/icyphy/ptII/ptolemy/domains/modal/test/SystemLevelType.tcl (RunTclFile)" time="1.632" />
  <testcase classname="ptolemy.util.test.junit.AutoKnownFailedTests" name="[0] /home/travis/build/icyphy/ptII/ptolemy/domains/modal/test/auto/knownFailedTests/CannotAnalysisWithPreemption.xml (RunModel)" time="0.204" />
  <testcase classname="ptolemy.util.test.junit.AutoNameArchTests" name="[0] ThereAreNoAutoArchTests (RunModel)" time="0.013" />
  <testcase classname="ptolemy.util.test.junit.AutoTests" name="[0] /home/travis/build/icyphy/ptII/ptolemy/domains/modal/test/auto/ABPTest.xml (RunModel)" time="0.736" />
  <testcase classname="ptolemy.util.test.junit.AutoTests" name="[1] /home/travis/build/icyphy/ptII/ptolemy/domains/modal/test/auto/ABROFlat.xml (RunModel)" time="0.077" />
  <testcase classname="ptolemy.util.test.junit.AutoTests" name="[2] /home/travis/build/icyphy/ptII/ptolemy/domains/modal/test/auto/ABROFlat2.xml (RunModel)" time="0.046" />
  <testcase classname="ptolemy.util.test.junit.AutoTests" name="[3] /home/travis/build/icyphy/ptII/ptolemy/domains/modal/test/auto/ABRO_present_hmm.xml (RunModel)" time="0.114" />
  <testcase classname="ptolemy.util.test.junit.AutoTests" name="[4] /home/travis/build/icyphy/ptII/ptolemy/domains/modal/test/auto/AMICoderExample.xml (RunModel)" time="0.08" />
  <testcase classname="ptolemy.util.test.junit.AutoTests" name="[5] /home/travis/build/icyphy/ptII/ptolemy/domains/modal/test/auto/AbsentToPresent.xml (RunModel)" time="0.023" />
  <testcase classname="ptolemy.util.test.junit.AutoTests" name="[6] /home/travis/build/icyphy/ptII/ptolemy/domains/modal/test/auto/Blending.xml (RunModel)" time="0.218" />
  <testcase classname="ptolemy.util.test.junit.AutoTests" name="[7] /home/travis/build/icyphy/ptII/ptolemy/domains/modal/test/auto/Broadcast.xml (RunModel)" time="0.031" />
  <testcase classname="ptolemy.util.test.junit.AutoTests" name="[8] /home/travis/build/icyphy/ptII/ptolemy/domains/modal/test/auto/BroadcastHierarchy.xml (RunModel)" time="0.048" />
  <testcase classname="ptolemy.util.test.junit.AutoTests" name="[9] /home/travis/build/icyphy/ptII/ptolemy/domains/modal/test/auto/BroadcastHierarchy2.xml (RunModel)" time="0.097" />
  <testcase classname="ptolemy.util.test.junit.AutoTests" name="[10] /home/travis/build/icyphy/ptII/ptolemy/domains/modal/test/auto/BroadcastHierarchy3.xml (RunModel)" time="0.064" />
  <testcase classname="ptolemy.util.test.junit.AutoTests" name="[11] /home/travis/build/icyphy/ptII/ptolemy/domains/modal/test/auto/BroadcastHierarchy4.xml (RunModel)" time="0.067" />
  <testcase classname="ptolemy.util.test.junit.AutoTests" name="[12] /home/travis/build/icyphy/ptII/ptolemy/domains/modal/test/auto/CannotAnalysisWithPreemption2.xml (RunModel)" time="0.024" />
  <testcase classname="ptolemy.util.test.junit.AutoTests" name="[13] /home/travis/build/icyphy/ptII/ptolemy/domains/modal/test/auto/CannotAnalysisWithPreemption3.xml (RunModel)" time="0.03" />
  <testcase classname="ptolemy.util.test.junit.AutoTests" name="[14] /home/travis/build/icyphy/ptII/ptolemy/domains/modal/test/auto/CannotProduce.xml (RunModel)" time="0.021" />
  <testcase classname="ptolemy.util.test.junit.AutoTests" name="[15] /home/travis/build/icyphy/ptII/ptolemy/domains/modal/test/auto/CannotProduceModal.xml (RunModel)" time="0.021" />
  <testcase classname="ptolemy.util.test.junit.AutoTests" name="[16] /home/travis/build/icyphy/ptII/ptolemy/domains/modal/test/auto/Case.xml (RunModel)" time="0.058" />
  <testcase classname="ptolemy.util.test.junit.AutoTests" name="[17] /home/travis/build/icyphy/ptII/ptolemy/domains/modal/test/auto/Case1.xml (RunModel)" time="0.03" />
  <testcase classname="ptolemy.util.test.junit.AutoTests" name="[18] /home/travis/build/icyphy/ptII/ptolemy/domains/modal/test/auto/Case2.xml (RunModel)" time="0.052" />
  <testcase classname="ptolemy.util.test.junit.AutoTests" name="[19] /home/travis/build/icyphy/ptII/ptolemy/domains/modal/test/auto/CausalityInterface1.xml (RunModel)" time="0.026" />
  <testcase classname="ptolemy.util.test.junit.AutoTests" name="[20] /home/travis/build/icyphy/ptII/ptolemy/domains/modal/test/auto/CausalityInterface10.xml (RunModel)" time="0.049" />
  <testcase classname="ptolemy.util.test.junit.AutoTests" name="[21] /home/travis/build/icyphy/ptII/ptolemy/domains/modal/test/auto/CausalityInterface11.xml (RunModel)" time="0.052" />
  <testcase classname="ptolemy.util.test.junit.AutoTests" name="[22] /home/travis/build/icyphy/ptII/ptolemy/domains/modal/test/auto/CausalityInterface12.xml (RunModel)" time="0.039" />
  <testcase classname="ptolemy.util.test.junit.AutoTests" name="[23] /home/travis/build/icyphy/ptII/ptolemy/domains/modal/test/auto/CausalityInterface13.xml (RunModel)" time="0.068" />
  <testcase classname="ptolemy.util.test.junit.AutoTests" name="[24] /home/travis/build/icyphy/ptII/ptolemy/domains/modal/test/auto/CausalityInterface14.xml (RunModel)" time="0.049" />
  <testcase classname="ptolemy.util.test.junit.AutoTests" name="[25] /home/travis/build/icyphy/ptII/ptolemy/domains/modal/test/auto/CausalityInterface2.xml (RunModel)" time="0.016" />
  <testcase classname="ptolemy.util.test.junit.AutoTests" name="[26] /home/travis/build/icyphy/ptII/ptolemy/domains/modal/test/auto/CausalityInterface3.xml (RunModel)" time="0.018" />
  <testcase classname="ptolemy.util.test.junit.AutoTests" name="[27] /home/travis/build/icyphy/ptII/ptolemy/domains/modal/test/auto/CausalityInterface4.xml (RunModel)" time="0.017" />
  <testcase classname="ptolemy.util.test.junit.AutoTests" name="[28] /home/travis/build/icyphy/ptII/ptolemy/domains/modal/test/auto/CausalityInterface5.xml (RunModel)" time="0.053" />
  <testcase classname="ptolemy.util.test.junit.AutoTests" name="[29] /home/travis/build/icyphy/ptII/ptolemy/domains/modal/test/auto/CausalityInterface6.xml (RunModel)" time="0.033" />
  <testcase classname="ptolemy.util.test.junit.AutoTests" name="[30] /home/travis/build/icyphy/ptII/ptolemy/domains/modal/test/auto/CausalityInterface7.xml (RunModel)" time="0.034" />
  <testcase classname="ptolemy.util.test.junit.AutoTests" name="[31] /home/travis/build/icyphy/ptII/ptolemy/domains/modal/test/auto/CausalityInterface8.xml (RunModel)" time="0.025" />
  <testcase classname="ptolemy.util.test.junit.AutoTests" name="[32] /home/travis/build/icyphy/ptII/ptolemy/domains/modal/test/auto/CausalityInterface9.xml (RunModel)" time="0.037" />
  <testcase classname="ptolemy.util.test.junit.AutoTests" name="[33] /home/travis/build/icyphy/ptII/ptolemy/domains/modal/test/auto/ChainedTransitions.xml (RunModel)" time="0.101" />
  <testcase classname="ptolemy.util.test.junit.AutoTests" name="[34] /home/travis/build/icyphy/ptII/ptolemy/domains/modal/test/auto/CycleOfImmediateTransitionsFSM.xml (RunModel)" time="0.012" />
  <testcase classname="ptolemy.util.test.junit.AutoTests" name="[35] /home/travis/build/icyphy/ptII/ptolemy/domains/modal/test/auto/CycleOfImmediateTransitionsModal.xml (RunModel)" time="0.015" />
  <testcase classname="ptolemy.util.test.junit.AutoTests" name="[36] /home/travis/build/icyphy/ptII/ptolemy/domains/modal/test/auto/CycleOfImmediateTransitionsModal2.xml (RunModel)" time="0.014" />
  <testcase classname="ptolemy.util.test.junit.AutoTests" name="[37] /home/travis/build/icyphy/ptII/ptolemy/domains/modal/test/auto/CycleOfImmediateTransitionsModal3.xml (RunModel)" time="0.056" />
  <testcase classname="ptolemy.util.test.junit.AutoTests" name="[38] /home/travis/build/icyphy/ptII/ptolemy/domains/modal/test/auto/DeepModal1.xml (RunModel)" time="0.059" />
  <testcase classname="ptolemy.util.test.junit.AutoTests" name="[39] /home/travis/build/icyphy/ptII/ptolemy/domains/modal/test/auto/DeepModal2.xml (RunModel)" time="0.056" />
  <testcase classname="ptolemy.util.test.junit.AutoTests" name="[40] /home/travis/build/icyphy/ptII/ptolemy/domains/modal/test/auto/DeepModal3.xml (RunModel)" time="0.052" />
  <testcase classname="ptolemy.util.test.junit.AutoTests" name="[41] /home/travis/build/icyphy/ptII/ptolemy/domains/modal/test/auto/DeepModal4.xml (RunModel)" time="0.063" />
  <testcase classname="ptolemy.util.test.junit.AutoTests" name="[42] /home/travis/build/icyphy/ptII/ptolemy/domains/modal/test/auto/Default1.xml (RunModel)" time="0.02" />
  <testcase classname="ptolemy.util.test.junit.AutoTests" name="[43] /home/travis/build/icyphy/ptII/ptolemy/domains/modal/test/auto/Default2.xml (RunModel)" time="0.02" />
  <testcase classname="ptolemy.util.test.junit.AutoTests" name="[44] /home/travis/build/icyphy/ptII/ptolemy/domains/modal/test/auto/Default3.xml (RunModel)" time="0.023" />
  <testcase classname="ptolemy.util.test.junit.AutoTests" name="[45] /home/travis/build/icyphy/ptII/ptolemy/domains/modal/test/auto/Default4.xml (RunModel)" time="0.013" />
  <testcase classname="ptolemy.util.test.junit.AutoTests" name="[46] /home/travis/build/icyphy/ptII/ptolemy/domains/modal/test/auto/Default5.xml (RunModel)" time="0.02" />
  <testcase classname="ptolemy.util.test.junit.AutoTests" name="[47] /home/travis/build/icyphy/ptII/ptolemy/domains/modal/test/auto/EmptyGuard.xml (RunModel)" time="0.031" />
  <testcase classname="ptolemy.util.test.junit.AutoTests" name="[48] /home/travis/build/icyphy/ptII/ptolemy/domains/modal/test/auto/ErrorTransition1.xml (RunModel)" time="0.04" />
  <testcase classname="ptolemy.util.test.junit.AutoTests" name="[49] /home/travis/build/icyphy/ptII/ptolemy/domains/modal/test/auto/ErrorTransition10.xml (RunModel)" time="0.039" />
  <testcase classname="ptolemy.util.test.junit.AutoTests" name="[50] /home/travis/build/icyphy/ptII/ptolemy/domains/modal/test/auto/ErrorTransition11.xml (RunModel)" time="0.03" />
  <testcase classname="ptolemy.util.test.junit.AutoTests" name="[51] /home/travis/build/icyphy/ptII/ptolemy/domains/modal/test/auto/ErrorTransition2.xml (RunModel)" time="0.025" />
  <testcase classname="ptolemy.util.test.junit.AutoTests" name="[52] /home/travis/build/icyphy/ptII/ptolemy/domains/modal/test/auto/ErrorTransition3.xml (RunModel)" time="0.04" />
  <testcase classname="ptolemy.util.test.junit.AutoTests" name="[53] /home/travis/build/icyphy/ptII/ptolemy/domains/modal/test/auto/ErrorTransition4.xml (RunModel)" time="0.033" />
  <testcase classname="ptolemy.util.test.junit.AutoTests" name="[54] /home/travis/build/icyphy/ptII/ptolemy/domains/modal/test/auto/ErrorTransition5.xml (RunModel)" time="0.025" />
  <testcase classname="ptolemy.util.test.junit.AutoTests" name="[55] /home/travis/build/icyphy/ptII/ptolemy/domains/modal/test/auto/ErrorTransition6.xml (RunModel)" time="0.028" />
  <testcase classname="ptolemy.util.test.junit.AutoTests" name="[56] /home/travis/build/icyphy/ptII/ptolemy/domains/modal/test/auto/ErrorTransition7.xml (RunModel)" time="0.043" />
  <testcase classname="ptolemy.util.test.junit.AutoTests" name="[57] /home/travis/build/icyphy/ptII/ptolemy/domains/modal/test/auto/ErrorTransition8.xml (RunModel)" time="0.049" />
  <testcase classname="ptolemy.util.test.junit.AutoTests" name="[58] /home/travis/build/icyphy/ptII/ptolemy/domains/modal/test/auto/ErrorTransition9.xml (RunModel)" time="0.038" />
  <testcase classname="ptolemy.util.test.junit.AutoTests" name="[59] /home/travis/build/icyphy/ptII/ptolemy/domains/modal/test/auto/ExtendedFSM.xml (RunModel)" time="0.023" />
  <testcase classname="ptolemy.util.test.junit.AutoTests" name="[60] /home/travis/build/icyphy/ptII/ptolemy/domains/modal/test/auto/FinalStates.xml (RunModel)" time="0.017" />
  <testcase classname="ptolemy.util.test.junit.AutoTests" name="[61] /home/travis/build/icyphy/ptII/ptolemy/domains/modal/test/auto/FixedPointFSM.xml (RunModel)" time="0.058" />
  <testcase classname="ptolemy.util.test.junit.AutoTests" name="[62] /home/travis/build/icyphy/ptII/ptolemy/domains/modal/test/auto/FixedPointIterationFSMActor.xml (RunModel)" time="0.024" />
  <testcase classname="ptolemy.util.test.junit.AutoTests" name="[63] /home/travis/build/icyphy/ptII/ptolemy/domains/modal/test/auto/FixedPointIterationFSMActor2.xml (RunModel)" time="0.03" />
  <testcase classname="ptolemy.util.test.junit.AutoTests" name="[64] /home/travis/build/icyphy/ptII/ptolemy/domains/modal/test/auto/ForbiddenInstantanousLoop.xml (RunModel)" time="0.026" />
  <testcase classname="ptolemy.util.test.junit.AutoTests" name="[65] /home/travis/build/icyphy/ptII/ptolemy/domains/modal/test/auto/FunctionDependencyOfFSMActorTest.xml (RunModel)" time="0.025" />
  <testcase classname="ptolemy.util.test.junit.AutoTests" name="[66] /home/travis/build/icyphy/ptII/ptolemy/domains/modal/test/auto/GuardExpression.xml (RunModel)" time="0.014" />
  <testcase classname="ptolemy.util.test.junit.AutoTests" name="[67] /home/travis/build/icyphy/ptII/ptolemy/domains/modal/test/auto/GuardNotEvaluated.xml (RunModel)" time="0.024" />
  <testcase classname="ptolemy.util.test.junit.AutoTests" name="[68] /home/travis/build/icyphy/ptII/ptolemy/domains/modal/test/auto/GuardNotEvaluated2.xml (RunModel)" time="0.022" />
  <testcase classname="ptolemy.util.test.junit.AutoTests" name="[69] /home/travis/build/icyphy/ptII/ptolemy/domains/modal/test/auto/GuardOnAbsent.xml (RunModel)" time="0.021" />
  <testcase classname="ptolemy.util.test.junit.AutoTests" name="[70] /home/travis/build/icyphy/ptII/ptolemy/domains/modal/test/auto/HierarchicalFSMTypeInference.xml (RunModel)" time="0.023" />
  <testcase classname="ptolemy.util.test.junit.AutoTests" name="[71] /home/travis/build/icyphy/ptII/ptolemy/domains/modal/test/auto/Hysteresis.xml (RunModel)" time="0.037" />
  <testcase classname="ptolemy.util.test.junit.AutoTests" name="[72] /home/travis/build/icyphy/ptII/ptolemy/domains/modal/test/auto/HysteresisWithDefault.xml (RunModel)" time="0.058" />
  <testcase classname="ptolemy.util.test.junit.AutoTests" name="[73] /home/travis/build/icyphy/ptII/ptolemy/domains/modal/test/auto/HysteresisWithDefault2.xml (RunModel)" time="0.077" />
  <testcase classname="ptolemy.util.test.junit.AutoTests" name="[74] /home/travis/build/icyphy/ptII/ptolemy/domains/modal/test/auto/ImmediateNonConstructiveness.xml (RunModel)" time="0.013" />
  <testcase classname="ptolemy.util.test.junit.AutoTests" name="[75] /home/travis/build/icyphy/ptII/ptolemy/domains/modal/test/auto/ImmediateNonConstructiveness2.xml (RunModel)" time="0.013" />
  <testcase classname="ptolemy.util.test.junit.AutoTests" name="[76] /home/travis/build/icyphy/ptII/ptolemy/domains/modal/test/auto/ImmediateTransitionReset.xml (RunModel)" time="0.027" />
  <testcase classname="ptolemy.util.test.junit.AutoTests" name="[77] /home/travis/build/icyphy/ptII/ptolemy/domains/modal/test/auto/ImmediateTransitions1.xml (RunModel)" time="0.009" />
  <testcase classname="ptolemy.util.test.junit.AutoTests" name="[78] /home/travis/build/icyphy/ptII/ptolemy/domains/modal/test/auto/ImmediateTransitionsInstantaneousCommunication.xml (RunModel)" time="0.028" />
  <testcase classname="ptolemy.util.test.junit.AutoTests" name="[79] /home/travis/build/icyphy/ptII/ptolemy/domains/modal/test/auto/InitialImmediateTransition.xml (RunModel)" time="0.013" />
  <testcase classname="ptolemy.util.test.junit.AutoTests" name="[80] /home/travis/build/icyphy/ptII/ptolemy/domains/modal/test/auto/InitialOutputs.xml (RunModel)" time="0.012" />
  <testcase classname="ptolemy.util.test.junit.AutoTests" name="[81] /home/travis/build/icyphy/ptII/ptolemy/domains/modal/test/auto/InitialStateTransition1.xml (RunModel)" time="0.016" />
  <testcase classname="ptolemy.util.test.junit.AutoTests" name="[82] /home/travis/build/icyphy/ptII/ptolemy/domains/modal/test/auto/InitialStateTransition2.xml (RunModel)" time="0.018" />
  <testcase classname="ptolemy.util.test.junit.AutoTests" name="[83] /home/travis/build/icyphy/ptII/ptolemy/domains/modal/test/auto/InitialStateTransition3.xml (RunModel)" time="0.017" />
  <testcase classname="ptolemy.util.test.junit.AutoTests" name="[84] /home/travis/build/icyphy/ptII/ptolemy/domains/modal/test/auto/InitialStateTransition4.xml (RunModel)" time="0.018" />
  <testcase classname="ptolemy.util.test.junit.AutoTests" name="[85] /home/travis/build/icyphy/ptII/ptolemy/domains/modal/test/auto/MalformedGuardExpressionNotCaught.xml (RunModel)" time="0.021" />
  <testcase classname="ptolemy.util.test.junit.AutoTests" name="[86] /home/travis/build/icyphy/ptII/ptolemy/domains/modal/test/auto/ModalBSC.xml (RunModel)" time="0.097" />
  <testcase classname="ptolemy.util.test.junit.AutoTests" name="[87] /home/travis/build/icyphy/ptII/ptolemy/domains/modal/test/auto/ModalClocks.xml (RunModel)" time="0.06" />
  <testcase classname="ptolemy.util.test.junit.AutoTests" name="[88] /home/travis/build/icyphy/ptII/ptolemy/domains/modal/test/auto/ModalDelay.xml (RunModel)" time="0.035" />
  <testcase classname="ptolemy.util.test.junit.AutoTests" name="[89] /home/travis/build/icyphy/ptII/ptolemy/domains/modal/test/auto/ModalDelay2.xml (RunModel)" time="0.034" />
  <testcase classname="ptolemy.util.test.junit.AutoTests" name="[90] /home/travis/build/icyphy/ptII/ptolemy/domains/modal/test/auto/ModalModelFromMemo.xml (RunModel)" time="0.049" />
  <testcase classname="ptolemy.util.test.junit.AutoTests" name="[91] /home/travis/build/icyphy/ptII/ptolemy/domains/modal/test/auto/ModalModelWithMultirateTransient.xml (RunModel)" time="0.041" />
  <testcase classname="ptolemy.util.test.junit.AutoTests" name="[92] /home/travis/build/icyphy/ptII/ptolemy/domains/modal/test/auto/ModalModelWithReset.xml (RunModel)" time="0.042" />
  <testcase classname="ptolemy.util.test.junit.AutoTests" name="[93] /home/travis/build/icyphy/ptII/ptolemy/domains/modal/test/auto/MouseClickFSM.xml (RunModel)" time="0.039" />
  <testcase classname="ptolemy.util.test.junit.AutoTests" name="[94] /home/travis/build/icyphy/ptII/ptolemy/domains/modal/test/auto/MouseClickFSMModal.xml (RunModel)" time="0.024" />
  <testcase classname="ptolemy.util.test.junit.AutoTests" name="[95] /home/travis/build/icyphy/ptII/ptolemy/domains/modal/test/auto/NonStrictFSM_FeedbackLoop.xml (RunModel)" time="0.047" />
  <testcase classname="ptolemy.util.test.junit.AutoTests" name="[96] /home/travis/build/icyphy/ptII/ptolemy/domains/modal/test/auto/NonStrictFSM_FeedbackLoop_Refinement.xml (RunModel)" time="0.083" />
  <testcase classname="ptolemy.util.test.junit.AutoTests" name="[97] /home/travis/build/icyphy/ptII/ptolemy/domains/modal/test/auto/NonStrictFSM_FeedbackLoop_preemptive.xml (RunModel)" time="0.047" />
  <testcase classname="ptolemy.util.test.junit.AutoTests" name="[98] /home/travis/build/icyphy/ptII/ptolemy/domains/modal/test/auto/NormalTermination.xml (RunModel)" time="0.044" />
  <testcase classname="ptolemy.util.test.junit.AutoTests" name="[99] /home/travis/build/icyphy/ptII/ptolemy/domains/modal/test/auto/Pong.xml (RunModel)" time="0.078" />
  <testcase classname="ptolemy.util.test.junit.AutoTests" name="[100] /home/travis/build/icyphy/ptII/ptolemy/domains/modal/test/auto/Pong_test.xml (RunModel)" time="0.09" />
  <testcase classname="ptolemy.util.test.junit.AutoTests" name="[101] /home/travis/build/icyphy/ptII/ptolemy/domains/modal/test/auto/PreemptionHierarchy.xml (RunModel)" time="0.019" />
  <testcase classname="ptolemy.util.test.junit.AutoTests" name="[102] /home/travis/build/icyphy/ptII/ptolemy/domains/modal/test/auto/PreemptionHierarchy2.xml (RunModel)" time="0.023" />
  <testcase classname="ptolemy.util.test.junit.AutoTests" name="[103] /home/travis/build/icyphy/ptII/ptolemy/domains/modal/test/auto/PreemptiveTransition.xml (RunModel)" time="0.013" />
  <testcase classname="ptolemy.util.test.junit.AutoTests" name="[104] /home/travis/build/icyphy/ptII/ptolemy/domains/modal/test/auto/Priorities.xml (RunModel)" time="0.066" />
  <testcase classname="ptolemy.util.test.junit.AutoTests" name="[105] /home/travis/build/icyphy/ptII/ptolemy/domains/modal/test/auto/ResetFinal.xml (RunModel)" time="0.035" />
  <testcase classname="ptolemy.util.test.junit.AutoTests" name="[106] /home/travis/build/icyphy/ptII/ptolemy/domains/modal/test/auto/ResetFinal2.xml (RunModel)" time="0.034" />
  <testcase classname="ptolemy.util.test.junit.AutoTests" name="[107] /home/travis/build/icyphy/ptII/ptolemy/domains/modal/test/auto/ResetTransitionWithStartTime.xml (RunModel)" time="0.025" />
  <testcase classname="ptolemy.util.test.junit.AutoTests" name="[108] /home/travis/build/icyphy/ptII/ptolemy/domains/modal/test/auto/SDF-FSMComposite.xml (RunModel)" time="0.022" />
  <testcase classname="ptolemy.util.test.junit.AutoTests" name="[109] /home/travis/build/icyphy/ptII/ptolemy/domains/modal/test/auto/SeeminglyNondeterminate.xml (RunModel)" time="0.055" />
  <testcase classname="ptolemy.util.test.junit.AutoTests" name="[110] /home/travis/build/icyphy/ptII/ptolemy/domains/modal/test/auto/SeeminglyNondeterminate2.xml (RunModel)" time="0.056" />
  <testcase classname="ptolemy.util.test.junit.AutoTests" name="[111] /home/travis/build/icyphy/ptII/ptolemy/domains/modal/test/auto/SpontaneousFSM.xml (RunModel)" time="0.031" />
  <testcase classname="ptolemy.util.test.junit.AutoTests" name="[112] /home/travis/build/icyphy/ptII/ptolemy/domains/modal/test/auto/SpontaneousFSM2.xml (RunModel)" time="0.022" />
  <testcase classname="ptolemy.util.test.junit.AutoTests" name="[113] /home/travis/build/icyphy/ptII/ptolemy/domains/modal/test/auto/SpontaneousFSM3.xml (RunModel)" time="0.032" />
  <testcase classname="ptolemy.util.test.junit.AutoTests" name="[114] /home/travis/build/icyphy/ptII/ptolemy/domains/modal/test/auto/SpontaneousFSM4.xml (RunModel)" time="0.036" />
  <testcase classname="ptolemy.util.test.junit.AutoTests" name="[115] /home/travis/build/icyphy/ptII/ptolemy/domains/modal/test/auto/StateTrackerTest.xml (RunModel)" time="0.047" />
  <testcase classname="ptolemy.util.test.junit.AutoTests" name="[116] /home/travis/build/icyphy/ptII/ptolemy/domains/modal/test/auto/StrongImmediateTransition.xml (RunModel)" time="0.021" />
  <testcase classname="ptolemy.util.test.junit.AutoTests" name="[117] /home/travis/build/icyphy/ptII/ptolemy/domains/modal/test/auto/SustainHierarchy.xml (RunModel)" time="0.021" />
  <testcase classname="ptolemy.util.test.junit.AutoTests" name="[118] /home/travis/build/icyphy/ptII/ptolemy/domains/modal/test/auto/TerminationTransition1.xml (RunModel)" time="0.013" />
  <testcase classname="ptolemy.util.test.junit.AutoTests" name="[119] /home/travis/build/icyphy/ptII/ptolemy/domains/modal/test/auto/TerminationTransition2.xml (RunModel)" time="0.029" />
  <testcase classname="ptolemy.util.test.junit.AutoTests" name="[120] /home/travis/build/icyphy/ptII/ptolemy/domains/modal/test/auto/TerminationTransition3.xml (RunModel)" time="0.016" />
  <testcase classname="ptolemy.util.test.junit.AutoTests" name="[121] /home/travis/build/icyphy/ptII/ptolemy/domains/modal/test/auto/TerminationTransition4.xml (RunModel)" time="0.026" />
  <testcase classname="ptolemy.util.test.junit.AutoTests" name="[122] /home/travis/build/icyphy/ptII/ptolemy/domains/modal/test/auto/TerminationTransition5.xml (RunModel)" time="0.023" />
  <testcase classname="ptolemy.util.test.junit.AutoTests" name="[123] /home/travis/build/icyphy/ptII/ptolemy/domains/modal/test/auto/TerminationTransition6.xml (RunModel)" time="0.015" />
  <testcase classname="ptolemy.util.test.junit.AutoTests" name="[124] /home/travis/build/icyphy/ptII/ptolemy/domains/modal/test/auto/TerminationTransition7.xml (RunModel)" time="0.016" />
  <testcase classname="ptolemy.util.test.junit.AutoTests" name="[125] /home/travis/build/icyphy/ptII/ptolemy/domains/modal/test/auto/TerminationTransition8.xml (RunModel)" time="0.019" />
  <testcase classname="ptolemy.util.test.junit.AutoTests" name="[126] /home/travis/build/icyphy/ptII/ptolemy/domains/modal/test/auto/Thermostat_NoHysteresis.xml (RunModel)" time="0.069" />
  <testcase classname="ptolemy.util.test.junit.AutoTests" name="[127] /home/travis/build/icyphy/ptII/ptolemy/domains/modal/test/auto/TimedFSM.xml (RunModel)" time="0.025" />
  <testcase classname="ptolemy.util.test.junit.AutoTests" name="[128] /home/travis/build/icyphy/ptII/ptolemy/domains/modal/test/auto/Timeout1.xml (RunModel)" time="0.01" />
  <testcase classname="ptolemy.util.test.junit.AutoTests" name="[129] /home/travis/build/icyphy/ptII/ptolemy/domains/modal/test/auto/Timeout2.xml (RunModel)" time="0.016" />
  <testcase classname="ptolemy.util.test.junit.AutoTests" name="[130] /home/travis/build/icyphy/ptII/ptolemy/domains/modal/test/auto/Timeout3.xml (RunModel)" time="0.007" />
  <testcase classname="ptolemy.util.test.junit.AutoTests" name="[131] /home/travis/build/icyphy/ptII/ptolemy/domains/modal/test/auto/Timeout4.xml (RunModel)" time="0.008" />
  <testcase classname="ptolemy.util.test.junit.AutoTests" name="[132] /home/travis/build/icyphy/ptII/ptolemy/domains/modal/test/auto/TransientstateModelAdvanced.xml (RunModel)" time="0.02" />
  <testcase classname="ptolemy.util.test.junit.AutoTests" name="[133] /home/travis/build/icyphy/ptII/ptolemy/domains/modal/test/auto/TransientstateModelAdvanced2.xml (RunModel)" time="0.022" />
  <testcase classname="ptolemy.util.test.junit.AutoTests" name="[134] /home/travis/build/icyphy/ptII/ptolemy/domains/modal/test/auto/TransitionRefinements.xml (RunModel)" time="0.019" />
  <testcase classname="ptolemy.util.test.junit.AutoTests" name="[135] /home/travis/build/icyphy/ptII/ptolemy/domains/modal/test/auto/TwoRefinements1.xml (RunModel)" time="0.019" />
  <testcase classname="ptolemy.util.test.junit.AutoTests" name="[136] /home/travis/build/icyphy/ptII/ptolemy/domains/modal/test/auto/TwoRefinements2.xml (RunModel)" time="0.018" />
  <testcase classname="ptolemy.util.test.junit.AutoTests" name="[137] /home/travis/build/icyphy/ptII/ptolemy/domains/modal/test/auto/WeakImmediateTransition.xml (RunModel)" time="0.021" />
  <testcase classname="ptolemy.util.test.junit.AutoTests" name="[138] /home/travis/build/icyphy/ptII/ptolemy/domains/modal/test/auto/booleanSelect.xml (RunModel)" time="0.051" />
  <testcase classname="ptolemy.util.test.junit.AutoTests" name="[139] /home/travis/build/icyphy/ptII/ptolemy/domains/modal/test/auto/modalChangingParams.xml (RunModel)" time="0.251" />
  <testcase classname="ptolemy.util.test.junit.AutoTests" name="[140] /home/travis/build/icyphy/ptII/ptolemy/domains/modal/test/auto/modalModel.xml (RunModel)" time="0.017" />
  <testcase classname="ptolemy.util.test.junit.AutoTests" name="[141] /home/travis/build/icyphy/ptII/ptolemy/domains/modal/test/auto/modalModel2.xml (RunModel)" time="0.02" />
  <testcase classname="ptolemy.util.test.junit.AutoTests" name="[142] /home/travis/build/icyphy/ptII/ptolemy/domains/modal/test/auto/modalModel3.xml (RunModel)" time="0.03" />
  <testcase classname="ptolemy.util.test.junit.AutoTests" name="[143] /home/travis/build/icyphy/ptII/ptolemy/domains/modal/test/auto/model1.xml (RunModel)" time="0.017" />
  <testcase classname="ptolemy.util.test.junit.AutoTests" name="[144] /home/travis/build/icyphy/ptII/ptolemy/domains/modal/test/auto/test-direct-in-out.xml (RunModel)" time="0.021" />
  <system-out><![CDATA[/home/travis/build/icyphy/ptII/ptolemy/domains/modal/test/SystemLevelType.tcl
testDefs.tcl: setting time out to 9000 seconds at Sat Jan 25 06:49:52 UTC 2020
01/25/20 06:49:54
Failed: 0  Total Tests: 1  ((Passed: 1, Newly Passed: 0)  Known Failed: 0) /home/travis/build/icyphy/ptII/ptolemy/domains/modal/test
----------------- testing (KnownFailure) /home/travis/build/icyphy/ptII/ptolemy/domains/modal/test/auto/knownFailedTests/CannotAnalysisWithPreemption.xml
78 ms. Memory: 155648K Free: 112493K (72%)
Known Failure: java.lang.reflect.InvocationTargetException
No auto/linux-amd64/*.xml tests in /home/travis/build/icyphy/ptII/ptolemy/domains/modal/test
AutoTests.java: About to close Vertx.
AutoTests.java: Vertx closed.

===========================================================================================
----------------- testing Sat Jan 25 06:49:54 UTC 2020 /home/travis/build/icyphy/ptII/ptolemy/domains/modal/test/auto/ABPTest.xml
----------------- Instantiating /home/travis/build/icyphy/ptII/ptolemy/domains/modal/test/auto/ABPTest.xml
355 ms. Memory: 155648K Free: 116198K (75%)
----------------- Invoking toplevel() on ptolemy.moml.MoMLSimpleApplication@15e8bb0e
----------------- Done invoking toplevel() on ptolemy.moml.MoMLSimpleApplication@15e8bb0e
reloadAllAccessors: .ABPTest

===========================================================================================
----------------- testing Sat Jan 25 06:49:55 UTC 2020 /home/travis/build/icyphy/ptII/ptolemy/domains/modal/test/auto/ABROFlat.xml
----------------- Instantiating /home/travis/build/icyphy/ptII/ptolemy/domains/modal/test/auto/ABROFlat.xml
25 ms. Memory: 155648K Free: 100808K (65%)
----------------- Invoking toplevel() on ptolemy.moml.MoMLSimpleApplication@199f2bff
----------------- Done invoking toplevel() on ptolemy.moml.MoMLSimpleApplication@199f2bff
reloadAllAccessors: .ABROFlat

===========================================================================================
----------------- testing Sat Jan 25 06:49:55 UTC 2020 /home/travis/build/icyphy/ptII/ptolemy/domains/modal/test/auto/ABROFlat2.xml
----------------- Instantiating /home/travis/build/icyphy/ptII/ptolemy/domains/modal/test/auto/ABROFlat2.xml
11 ms. Memory: 155648K Free: 83936K (54%)
----------------- Invoking toplevel() on ptolemy.moml.MoMLSimpleApplication@7cb370c6
----------------- Done invoking toplevel() on ptolemy.moml.MoMLSimpleApplication@7cb370c6
reloadAllAccessors: .ABROFlat2

===========================================================================================
----------------- testing Sat Jan 25 06:49:55 UTC 2020 /home/travis/build/icyphy/ptII/ptolemy/domains/modal/test/auto/ABRO_present_hmm.xml
----------------- Instantiating /home/travis/build/icyphy/ptII/ptolemy/domains/modal/test/auto/ABRO_present_hmm.xml
39 ms. Memory: 155648K Free: 57312K (37%)
----------------- Invoking toplevel() on ptolemy.moml.MoMLSimpleApplication@7057ddcd
----------------- Done invoking toplevel() on ptolemy.moml.MoMLSimpleApplication@7057ddcd
reloadAllAccessors: .ABRO_present_hmm

===========================================================================================
----------------- testing Sat Jan 25 06:49:55 UTC 2020 /home/travis/build/icyphy/ptII/ptolemy/domains/modal/test/auto/AMICoderExample.xml
----------------- Instantiating /home/travis/build/icyphy/ptII/ptolemy/domains/modal/test/auto/AMICoderExample.xml
49 ms. Memory: 155648K Free: 134775K (87%)
----------------- Invoking toplevel() on ptolemy.moml.MoMLSimpleApplication@32089255
----------------- Done invoking toplevel() on ptolemy.moml.MoMLSimpleApplication@32089255
reloadAllAccessors: .AMICoderExample

===========================================================================================
----------------- testing Sat Jan 25 06:49:56 UTC 2020 /home/travis/build/icyphy/ptII/ptolemy/domains/modal/test/auto/AbsentToPresent.xml
----------------- Instantiating /home/travis/build/icyphy/ptII/ptolemy/domains/modal/test/auto/AbsentToPresent.xml
7 ms. Memory: 155648K Free: 130077K (84%)
----------------- Invoking toplevel() on ptolemy.moml.MoMLSimpleApplication@5c61d297
----------------- Done invoking toplevel() on ptolemy.moml.MoMLSimpleApplication@5c61d297
reloadAllAccessors: .AbsentToPresent

===========================================================================================
----------------- testing Sat Jan 25 06:49:56 UTC 2020 /home/travis/build/icyphy/ptII/ptolemy/domains/modal/test/auto/Blending.xml
----------------- Instantiating /home/travis/build/icyphy/ptII/ptolemy/domains/modal/test/auto/Blending.xml
131 ms. Memory: 155648K Free: 85013K (55%)
----------------- Invoking toplevel() on ptolemy.moml.MoMLSimpleApplication@164b278d
----------------- Done invoking toplevel() on ptolemy.moml.MoMLSimpleApplication@164b278d
reloadAllAccessors: .Blending

===========================================================================================
----------------- testing Sat Jan 25 06:49:56 UTC 2020 /home/travis/build/icyphy/ptII/ptolemy/domains/modal/test/auto/Broadcast.xml
----------------- Instantiating /home/travis/build/icyphy/ptII/ptolemy/domains/modal/test/auto/Broadcast.xml
7 ms. Memory: 155648K Free: 75232K (48%)
----------------- Invoking toplevel() on ptolemy.moml.MoMLSimpleApplication@11bc360e
----------------- Done invoking toplevel() on ptolemy.moml.MoMLSimpleApplication@11bc360e
reloadAllAccessors: .Broadcast

===========================================================================================
----------------- testing Sat Jan 25 06:49:56 UTC 2020 /home/travis/build/icyphy/ptII/ptolemy/domains/modal/test/auto/BroadcastHierarchy.xml
----------------- Instantiating /home/travis/build/icyphy/ptII/ptolemy/domains/modal/test/auto/BroadcastHierarchy.xml
10 ms. Memory: 155648K Free: 61010K (39%)
----------------- Invoking toplevel() on ptolemy.moml.MoMLSimpleApplication@46596b36
----------------- Done invoking toplevel() on ptolemy.moml.MoMLSimpleApplication@46596b36
reloadAllAccessors: .BroadcastHierarchy

===========================================================================================
----------------- testing Sat Jan 25 06:49:56 UTC 2020 /home/travis/build/icyphy/ptII/ptolemy/domains/modal/test/auto/BroadcastHierarchy2.xml
----------------- Instantiating /home/travis/build/icyphy/ptII/ptolemy/domains/modal/test/auto/BroadcastHierarchy2.xml
14 ms. Memory: 194560K Free: 159712K (82%)
----------------- Invoking toplevel() on ptolemy.moml.MoMLSimpleApplication@490f8849
----------------- Done invoking toplevel() on ptolemy.moml.MoMLSimpleApplication@490f8849
reloadAllAccessors: .BroadcastHierarchy2

===========================================================================================
----------------- testing Sat Jan 25 06:49:56 UTC 2020 /home/travis/build/icyphy/ptII/ptolemy/domains/modal/test/auto/BroadcastHierarchy3.xml
----------------- Instantiating /home/travis/build/icyphy/ptII/ptolemy/domains/modal/test/auto/BroadcastHierarchy3.xml
13 ms. Memory: 194560K Free: 139232K (72%)
----------------- Invoking toplevel() on ptolemy.moml.MoMLSimpleApplication@32427ac5
----------------- Done invoking toplevel() on ptolemy.moml.MoMLSimpleApplication@32427ac5
reloadAllAccessors: .BroadcastHierarchy3

===========================================================================================
----------------- testing Sat Jan 25 06:49:56 UTC 2020 /home/travis/build/icyphy/ptII/ptolemy/domains/modal/test/auto/BroadcastHierarchy4.xml
----------------- Instantiating /home/travis/build/icyphy/ptII/ptolemy/domains/modal/test/auto/BroadcastHierarchy4.xml
10 ms. Memory: 194560K Free: 114656K (59%)
----------------- Invoking toplevel() on ptolemy.moml.MoMLSimpleApplication@58519564
----------------- Done invoking toplevel() on ptolemy.moml.MoMLSimpleApplication@58519564
reloadAllAccessors: .BroadcastHierarchy4

===========================================================================================
----------------- testing Sat Jan 25 06:49:56 UTC 2020 /home/travis/build/icyphy/ptII/ptolemy/domains/modal/test/auto/CannotAnalysisWithPreemption2.xml
----------------- Instantiating /home/travis/build/icyphy/ptII/ptolemy/domains/modal/test/auto/CannotAnalysisWithPreemption2.xml
3 ms. Memory: 194560K Free: 107488K (55%)
----------------- Invoking toplevel() on ptolemy.moml.MoMLSimpleApplication@638e685f
----------------- Done invoking toplevel() on ptolemy.moml.MoMLSimpleApplication@638e685f
reloadAllAccessors: .CannotAnalysisWithPreemption2

===========================================================================================
----------------- testing Sat Jan 25 06:49:56 UTC 2020 /home/travis/build/icyphy/ptII/ptolemy/domains/modal/test/auto/CannotAnalysisWithPreemption3.xml
----------------- Instantiating /home/travis/build/icyphy/ptII/ptolemy/domains/modal/test/auto/CannotAnalysisWithPreemption3.xml
3 ms. Memory: 194560K Free: 97248K (50%)
----------------- Invoking toplevel() on ptolemy.moml.MoMLSimpleApplication@3adbbaea
----------------- Done invoking toplevel() on ptolemy.moml.MoMLSimpleApplication@3adbbaea
reloadAllAccessors: .CannotAnalysisWithPreemption3

===========================================================================================
----------------- testing Sat Jan 25 06:49:56 UTC 2020 /home/travis/build/icyphy/ptII/ptolemy/domains/modal/test/auto/CannotProduce.xml
----------------- Instantiating /home/travis/build/icyphy/ptII/ptolemy/domains/modal/test/auto/CannotProduce.xml
6 ms. Memory: 194560K Free: 90590K (47%)
----------------- Invoking toplevel() on ptolemy.moml.MoMLSimpleApplication@3897bd96
----------------- Done invoking toplevel() on ptolemy.moml.MoMLSimpleApplication@3897bd96
reloadAllAccessors: .CannotProduce

===========================================================================================
----------------- testing Sat Jan 25 06:49:56 UTC 2020 /home/travis/build/icyphy/ptII/ptolemy/domains/modal/test/auto/CannotProduceModal.xml
----------------- Instantiating /home/travis/build/icyphy/ptII/ptolemy/domains/modal/test/auto/CannotProduceModal.xml
4 ms. Memory: 194560K Free: 83936K (43%)
----------------- Invoking toplevel() on ptolemy.moml.MoMLSimpleApplication@1663d449
----------------- Done invoking toplevel() on ptolemy.moml.MoMLSimpleApplication@1663d449
reloadAllAccessors: .CannotProduceModal

===========================================================================================
----------------- testing Sat Jan 25 06:49:56 UTC 2020 /home/travis/build/icyphy/ptII/ptolemy/domains/modal/test/auto/Case.xml
----------------- Instantiating /home/travis/build/icyphy/ptII/ptolemy/domains/modal/test/auto/Case.xml
26 ms. Memory: 194560K Free: 72672K (37%)
----------------- Invoking toplevel() on ptolemy.moml.MoMLSimpleApplication@2d920e57
----------------- Done invoking toplevel() on ptolemy.moml.MoMLSimpleApplication@2d920e57
reloadAllAccessors: .Case

===========================================================================================
----------------- testing Sat Jan 25 06:49:56 UTC 2020 /home/travis/build/icyphy/ptII/ptolemy/domains/modal/test/auto/Case1.xml
----------------- Instantiating /home/travis/build/icyphy/ptII/ptolemy/domains/modal/test/auto/Case1.xml
7 ms. Memory: 194560K Free: 167904K (86%)
----------------- Invoking toplevel() on ptolemy.moml.MoMLSimpleApplication@2b62ff25
----------------- Done invoking toplevel() on ptolemy.moml.MoMLSimpleApplication@2b62ff25
reloadAllAccessors: .Case1

===========================================================================================
----------------- testing Sat Jan 25 06:49:56 UTC 2020 /home/travis/build/icyphy/ptII/ptolemy/domains/modal/test/auto/Case2.xml
----------------- Instantiating /home/travis/build/icyphy/ptII/ptolemy/domains/modal/test/auto/Case2.xml
23 ms. Memory: 194560K Free: 157150K (81%)
----------------- Invoking toplevel() on ptolemy.moml.MoMLSimpleApplication@78672496
----------------- Done invoking toplevel() on ptolemy.moml.MoMLSimpleApplication@78672496
reloadAllAccessors: .Case2

===========================================================================================
----------------- testing Sat Jan 25 06:49:56 UTC 2020 /home/travis/build/icyphy/ptII/ptolemy/domains/modal/test/auto/CausalityInterface1.xml
----------------- Instantiating /home/travis/build/icyphy/ptII/ptolemy/domains/modal/test/auto/CausalityInterface1.xml
4 ms. Memory: 194560K Free: 152030K (78%)
----------------- Invoking toplevel() on ptolemy.moml.MoMLSimpleApplication@4359b023
----------------- Done invoking toplevel() on ptolemy.moml.MoMLSimpleApplication@4359b023
reloadAllAccessors: .CausalityInterface1

===========================================================================================
----------------- testing Sat Jan 25 06:49:56 UTC 2020 /home/travis/build/icyphy/ptII/ptolemy/domains/modal/test/auto/CausalityInterface10.xml
----------------- Instantiating /home/travis/build/icyphy/ptII/ptolemy/domains/modal/test/auto/CausalityInterface10.xml
15 ms. Memory: 194560K Free: 138704K (71%)
----------------- Invoking toplevel() on ptolemy.moml.MoMLSimpleApplication@61f3a7a9
----------------- Done invoking toplevel() on ptolemy.moml.MoMLSimpleApplication@61f3a7a9
reloadAllAccessors: .CausalityInterface10

===========================================================================================
----------------- testing Sat Jan 25 06:49:56 UTC 2020 /home/travis/build/icyphy/ptII/ptolemy/domains/modal/test/auto/CausalityInterface11.xml
----------------- Instantiating /home/travis/build/icyphy/ptII/ptolemy/domains/modal/test/auto/CausalityInterface11.xml
6 ms. Memory: 194560K Free: 125376K (64%)
----------------- Invoking toplevel() on ptolemy.moml.MoMLSimpleApplication@66986611
----------------- Done invoking toplevel() on ptolemy.moml.MoMLSimpleApplication@66986611
reloadAllAccessors: .CausalityInterface11

===========================================================================================
----------------- testing Sat Jan 25 06:49:56 UTC 2020 /home/travis/build/icyphy/ptII/ptolemy/domains/modal/test/auto/CausalityInterface12.xml
----------------- Instantiating /home/travis/build/icyphy/ptII/ptolemy/domains/modal/test/auto/CausalityInterface12.xml
8 ms. Memory: 194560K Free: 112064K (58%)
----------------- Invoking toplevel() on ptolemy.moml.MoMLSimpleApplication@360b3bc6
----------------- Done invoking toplevel() on ptolemy.moml.MoMLSimpleApplication@360b3bc6
reloadAllAccessors: .CausalityInterface12

===========================================================================================
----------------- testing Sat Jan 25 06:49:56 UTC 2020 /home/travis/build/icyphy/ptII/ptolemy/domains/modal/test/auto/CausalityInterface13.xml
----------------- Instantiating /home/travis/build/icyphy/ptII/ptolemy/domains/modal/test/auto/CausalityInterface13.xml
6 ms. Memory: 194560K Free: 98272K (51%)
----------------- Invoking toplevel() on ptolemy.moml.MoMLSimpleApplication@1ce0a770
----------------- Done invoking toplevel() on ptolemy.moml.MoMLSimpleApplication@1ce0a770
reloadAllAccessors: .CausalityInterface13

===========================================================================================
----------------- testing Sat Jan 25 06:49:57 UTC 2020 /home/travis/build/icyphy/ptII/ptolemy/domains/modal/test/auto/CausalityInterface14.xml
----------------- Instantiating /home/travis/build/icyphy/ptII/ptolemy/domains/modal/test/auto/CausalityInterface14.xml
5 ms. Memory: 194560K Free: 84432K (43%)
----------------- Invoking toplevel() on ptolemy.moml.MoMLSimpleApplication@150773a2
----------------- Done invoking toplevel() on ptolemy.moml.MoMLSimpleApplication@150773a2
reloadAllAccessors: .CausalityInterface14

===========================================================================================
----------------- testing Sat Jan 25 06:49:57 UTC 2020 /home/travis/build/icyphy/ptII/ptolemy/domains/modal/test/auto/CausalityInterface2.xml
----------------- Instantiating /home/travis/build/icyphy/ptII/ptolemy/domains/modal/test/auto/CausalityInterface2.xml
3 ms. Memory: 194560K Free: 77792K (40%)
----------------- Invoking toplevel() on ptolemy.moml.MoMLSimpleApplication@3ff5678b
----------------- Done invoking toplevel() on ptolemy.moml.MoMLSimpleApplication@3ff5678b
reloadAllAccessors: .CausalityInterface2

===========================================================================================
----------------- testing Sat Jan 25 06:49:57 UTC 2020 /home/travis/build/icyphy/ptII/ptolemy/domains/modal/test/auto/CausalityInterface3.xml
----------------- Instantiating /home/travis/build/icyphy/ptII/ptolemy/domains/modal/test/auto/CausalityInterface3.xml
2 ms. Memory: 194560K Free: 71128K (37%)
----------------- Invoking toplevel() on ptolemy.moml.MoMLSimpleApplication@22810b17
----------------- Done invoking toplevel() on ptolemy.moml.MoMLSimpleApplication@22810b17
reloadAllAccessors: .CausalityInterface3

===========================================================================================
----------------- testing Sat Jan 25 06:49:57 UTC 2020 /home/travis/build/icyphy/ptII/ptolemy/domains/modal/test/auto/CausalityInterface4.xml
----------------- Instantiating /home/travis/build/icyphy/ptII/ptolemy/domains/modal/test/auto/CausalityInterface4.xml
3 ms. Memory: 194560K Free: 64990K (33%)
----------------- Invoking toplevel() on ptolemy.moml.MoMLSimpleApplication@6106dd87
----------------- Done invoking toplevel() on ptolemy.moml.MoMLSimpleApplication@6106dd87
reloadAllAccessors: .CausalityInterface4

===========================================================================================
----------------- testing Sat Jan 25 06:49:57 UTC 2020 /home/travis/build/icyphy/ptII/ptolemy/domains/modal/test/auto/CausalityInterface5.xml
----------------- Instantiating /home/travis/build/icyphy/ptII/ptolemy/domains/modal/test/auto/CausalityInterface5.xml
6 ms. Memory: 194560K Free: 167888K (86%)
----------------- Invoking toplevel() on ptolemy.moml.MoMLSimpleApplication@26a3e02e
----------------- Done invoking toplevel() on ptolemy.moml.MoMLSimpleApplication@26a3e02e
reloadAllAccessors: .CausalityInterface5

===========================================================================================
----------------- testing Sat Jan 25 06:49:57 UTC 2020 /home/travis/build/icyphy/ptII/ptolemy/domains/modal/test/auto/CausalityInterface6.xml
----------------- Instantiating /home/travis/build/icyphy/ptII/ptolemy/domains/modal/test/auto/CausalityInterface6.xml
3 ms. Memory: 194560K Free: 159680K (82%)
----------------- Invoking toplevel() on ptolemy.moml.MoMLSimpleApplication@14709bc5
----------------- Done invoking toplevel() on ptolemy.moml.MoMLSimpleApplication@14709bc5
reloadAllAccessors: .CausalityInterface6

===========================================================================================
----------------- testing Sat Jan 25 06:49:57 UTC 2020 /home/travis/build/icyphy/ptII/ptolemy/domains/modal/test/auto/CausalityInterface7.xml
----------------- Instantiating /home/travis/build/icyphy/ptII/ptolemy/domains/modal/test/auto/CausalityInterface7.xml
4 ms. Memory: 194560K Free: 151504K (78%)
----------------- Invoking toplevel() on ptolemy.moml.MoMLSimpleApplication@1c4f44d9
----------------- Done invoking toplevel() on ptolemy.moml.MoMLSimpleApplication@1c4f44d9
reloadAllAccessors: .CausalityInterface7

===========================================================================================
----------------- testing Sat Jan 25 06:49:57 UTC 2020 /home/travis/build/icyphy/ptII/ptolemy/domains/modal/test/auto/CausalityInterface8.xml
----------------- Instantiating /home/travis/build/icyphy/ptII/ptolemy/domains/modal/test/auto/CausalityInterface8.xml
5 ms. Memory: 194560K Free: 142816K (73%)
----------------- Invoking toplevel() on ptolemy.moml.MoMLSimpleApplication@7f8a548a
----------------- Done invoking toplevel() on ptolemy.moml.MoMLSimpleApplication@7f8a548a
reloadAllAccessors: .CausalityInterface8

===========================================================================================
----------------- testing Sat Jan 25 06:49:57 UTC 2020 /home/travis/build/icyphy/ptII/ptolemy/domains/modal/test/auto/CausalityInterface9.xml
----------------- Instantiating /home/travis/build/icyphy/ptII/ptolemy/domains/modal/test/auto/CausalityInterface9.xml
5 ms. Memory: 194560K Free: 133600K (69%)
----------------- Invoking toplevel() on ptolemy.moml.MoMLSimpleApplication@4816f872
----------------- Done invoking toplevel() on ptolemy.moml.MoMLSimpleApplication@4816f872
reloadAllAccessors: .CausalityInterface9

===========================================================================================
----------------- testing Sat Jan 25 06:49:57 UTC 2020 /home/travis/build/icyphy/ptII/ptolemy/domains/modal/test/auto/ChainedTransitions.xml
----------------- Instantiating /home/travis/build/icyphy/ptII/ptolemy/domains/modal/test/auto/ChainedTransitions.xml
55 ms. Memory: 194560K Free: 108510K (56%)
----------------- Invoking toplevel() on ptolemy.moml.MoMLSimpleApplication@43a0be03
----------------- Done invoking toplevel() on ptolemy.moml.MoMLSimpleApplication@43a0be03
reloadAllAccessors: .ChainedTransitions

===========================================================================================
----------------- testing Sat Jan 25 06:49:57 UTC 2020 /home/travis/build/icyphy/ptII/ptolemy/domains/modal/test/auto/CycleOfImmediateTransitionsFSM.xml
----------------- Instantiating /home/travis/build/icyphy/ptII/ptolemy/domains/modal/test/auto/CycleOfImmediateTransitionsFSM.xml
2 ms. Memory: 194560K Free: 102880K (53%)
----------------- Invoking toplevel() on ptolemy.moml.MoMLSimpleApplication@2bcc5b2
----------------- Done invoking toplevel() on ptolemy.moml.MoMLSimpleApplication@2bcc5b2
reloadAllAccessors: .CycleOfImmediateTransitionsFSM

===========================================================================================
----------------- testing Sat Jan 25 06:49:57 UTC 2020 /home/travis/build/icyphy/ptII/ptolemy/domains/modal/test/auto/CycleOfImmediateTransitionsModal.xml
----------------- Instantiating /home/travis/build/icyphy/ptII/ptolemy/domains/modal/test/auto/CycleOfImmediateTransitionsModal.xml
2 ms. Memory: 194560K Free: 96736K (50%)
----------------- Invoking toplevel() on ptolemy.moml.MoMLSimpleApplication@79082648
----------------- Done invoking toplevel() on ptolemy.moml.MoMLSimpleApplication@79082648
reloadAllAccessors: .CycleOfImmediateTransitionsModal

===========================================================================================
----------------- testing Sat Jan 25 06:49:57 UTC 2020 /home/travis/build/icyphy/ptII/ptolemy/domains/modal/test/auto/CycleOfImmediateTransitionsModal2.xml
----------------- Instantiating /home/travis/build/icyphy/ptII/ptolemy/domains/modal/test/auto/CycleOfImmediateTransitionsModal2.xml
2 ms. Memory: 194560K Free: 90078K (46%)
----------------- Invoking toplevel() on ptolemy.moml.MoMLSimpleApplication@78118f0f
----------------- Done invoking toplevel() on ptolemy.moml.MoMLSimpleApplication@78118f0f
reloadAllAccessors: .CycleOfImmediateTransitionsModal2

===========================================================================================
----------------- testing Sat Jan 25 06:49:57 UTC 2020 /home/travis/build/icyphy/ptII/ptolemy/domains/modal/test/auto/CycleOfImmediateTransitionsModal3.xml
----------------- Instantiating /home/travis/build/icyphy/ptII/ptolemy/domains/modal/test/auto/CycleOfImmediateTransitionsModal3.xml
7 ms. Memory: 194560K Free: 67536K (35%)
----------------- Invoking toplevel() on ptolemy.moml.MoMLSimpleApplication@1bf0cabb
----------------- Done invoking toplevel() on ptolemy.moml.MoMLSimpleApplication@1bf0cabb
reloadAllAccessors: .CycleOfImmediateTransitionsModal3

===========================================================================================
----------------- testing Sat Jan 25 06:49:57 UTC 2020 /home/travis/build/icyphy/ptII/ptolemy/domains/modal/test/auto/DeepModal1.xml
----------------- Instantiating /home/travis/build/icyphy/ptII/ptolemy/domains/modal/test/auto/DeepModal1.xml
26 ms. Memory: 194560K Free: 163808K (84%)
----------------- Invoking toplevel() on ptolemy.moml.MoMLSimpleApplication@3861d5ef
----------------- Done invoking toplevel() on ptolemy.moml.MoMLSimpleApplication@3861d5ef
reloadAllAccessors: .DeepModal1

===========================================================================================
----------------- testing Sat Jan 25 06:49:57 UTC 2020 /home/travis/build/icyphy/ptII/ptolemy/domains/modal/test/auto/DeepModal2.xml
----------------- Instantiating /home/travis/build/icyphy/ptII/ptolemy/domains/modal/test/auto/DeepModal2.xml
25 ms. Memory: 194560K Free: 145376K (75%)
----------------- Invoking toplevel() on ptolemy.moml.MoMLSimpleApplication@31702f8a
----------------- Done invoking toplevel() on ptolemy.moml.MoMLSimpleApplication@31702f8a
reloadAllAccessors: .DeepModal2

===========================================================================================
----------------- testing Sat Jan 25 06:49:57 UTC 2020 /home/travis/build/icyphy/ptII/ptolemy/domains/modal/test/auto/DeepModal3.xml
----------------- Instantiating /home/travis/build/icyphy/ptII/ptolemy/domains/modal/test/auto/DeepModal3.xml
23 ms. Memory: 194560K Free: 126430K (65%)
----------------- Invoking toplevel() on ptolemy.moml.MoMLSimpleApplication@7c3ef3b1
----------------- Done invoking toplevel() on ptolemy.moml.MoMLSimpleApplication@7c3ef3b1
reloadAllAccessors: .DeepModal3

===========================================================================================
----------------- testing Sat Jan 25 06:49:57 UTC 2020 /home/travis/build/icyphy/ptII/ptolemy/domains/modal/test/auto/DeepModal4.xml
----------------- Instantiating /home/travis/build/icyphy/ptII/ptolemy/domains/modal/test/auto/DeepModal4.xml
29 ms. Memory: 194560K Free: 106974K (55%)
----------------- Invoking toplevel() on ptolemy.moml.MoMLSimpleApplication@69db4c7d
----------------- Done invoking toplevel() on ptolemy.moml.MoMLSimpleApplication@69db4c7d
reloadAllAccessors: .DeepModal4

===========================================================================================
----------------- testing Sat Jan 25 06:49:57 UTC 2020 /home/travis/build/icyphy/ptII/ptolemy/domains/modal/test/auto/Default1.xml
----------------- Instantiating /home/travis/build/icyphy/ptII/ptolemy/domains/modal/test/auto/Default1.xml
7 ms. Memory: 194560K Free: 100830K (52%)
----------------- Invoking toplevel() on ptolemy.moml.MoMLSimpleApplication@5277f8c0
----------------- Done invoking toplevel() on ptolemy.moml.MoMLSimpleApplication@5277f8c0
reloadAllAccessors: .Default1

===========================================================================================
----------------- testing Sat Jan 25 06:49:57 UTC 2020 /home/travis/build/icyphy/ptII/ptolemy/domains/modal/test/auto/Default2.xml
----------------- Instantiating /home/travis/build/icyphy/ptII/ptolemy/domains/modal/test/auto/Default2.xml
11 ms. Memory: 194560K Free: 95198K (49%)
----------------- Invoking toplevel() on ptolemy.moml.MoMLSimpleApplication@2a09dd15
----------------- Done invoking toplevel() on ptolemy.moml.MoMLSimpleApplication@2a09dd15
reloadAllAccessors: .Default2

===========================================================================================
----------------- testing Sat Jan 25 06:49:57 UTC 2020 /home/travis/build/icyphy/ptII/ptolemy/domains/modal/test/auto/Default3.xml
----------------- Instantiating /home/travis/build/icyphy/ptII/ptolemy/domains/modal/test/auto/Default3.xml
2 ms. Memory: 194560K Free: 88542K (46%)
----------------- Invoking toplevel() on ptolemy.moml.MoMLSimpleApplication@690d59d4
----------------- Done invoking toplevel() on ptolemy.moml.MoMLSimpleApplication@690d59d4
reloadAllAccessors: .Default3

===========================================================================================
----------------- testing Sat Jan 25 06:49:57 UTC 2020 /home/travis/build/icyphy/ptII/ptolemy/domains/modal/test/auto/Default4.xml
----------------- Instantiating /home/travis/build/icyphy/ptII/ptolemy/domains/modal/test/auto/Default4.xml
2 ms. Memory: 194560K Free: 82398K (42%)
----------------- Invoking toplevel() on ptolemy.moml.MoMLSimpleApplication@508272fd
----------------- Done invoking toplevel() on ptolemy.moml.MoMLSimpleApplication@508272fd
reloadAllAccessors: .Default4

===========================================================================================
----------------- testing Sat Jan 25 06:49:57 UTC 2020 /home/travis/build/icyphy/ptII/ptolemy/domains/modal/test/auto/Default5.xml
----------------- Instantiating /home/travis/build/icyphy/ptII/ptolemy/domains/modal/test/auto/Default5.xml
6 ms. Memory: 194560K Free: 74720K (38%)
----------------- Invoking toplevel() on ptolemy.moml.MoMLSimpleApplication@27de5214
----------------- Done invoking toplevel() on ptolemy.moml.MoMLSimpleApplication@27de5214
reloadAllAccessors: .Default5

===========================================================================================
----------------- testing Sat Jan 25 06:49:57 UTC 2020 /home/travis/build/icyphy/ptII/ptolemy/domains/modal/test/auto/EmptyGuard.xml
----------------- Instantiating /home/travis/build/icyphy/ptII/ptolemy/domains/modal/test/auto/EmptyGuard.xml
14 ms. Memory: 194560K Free: 67032K (34%)
----------------- Invoking toplevel() on ptolemy.moml.MoMLSimpleApplication@1da90b68
----------------- Done invoking toplevel() on ptolemy.moml.MoMLSimpleApplication@1da90b68
reloadAllAccessors: .EmptyGuard

===========================================================================================
----------------- testing Sat Jan 25 06:49:57 UTC 2020 /home/travis/build/icyphy/ptII/ptolemy/domains/modal/test/auto/ErrorTransition1.xml
----------------- Instantiating /home/travis/build/icyphy/ptII/ptolemy/domains/modal/test/auto/ErrorTransition1.xml
8 ms. Memory: 245760K Free: 220126K (90%)
----------------- Invoking toplevel() on ptolemy.moml.MoMLSimpleApplication@61ec3eb0
----------------- Done invoking toplevel() on ptolemy.moml.MoMLSimpleApplication@61ec3eb0
reloadAllAccessors: .ErrorTransition1

===========================================================================================
----------------- testing Sat Jan 25 06:49:57 UTC 2020 /home/travis/build/icyphy/ptII/ptolemy/domains/modal/test/auto/ErrorTransition10.xml
----------------- Instantiating /home/travis/build/icyphy/ptII/ptolemy/domains/modal/test/auto/ErrorTransition10.xml
14 ms. Memory: 245760K Free: 206272K (84%)
----------------- Invoking toplevel() on ptolemy.moml.MoMLSimpleApplication@235ffa91
----------------- Done invoking toplevel() on ptolemy.moml.MoMLSimpleApplication@235ffa91
reloadAllAccessors: .ErrorTransition10

===========================================================================================
----------------- testing Sat Jan 25 06:49:58 UTC 2020 /home/travis/build/icyphy/ptII/ptolemy/domains/modal/test/auto/ErrorTransition11.xml
----------------- Instantiating /home/travis/build/icyphy/ptII/ptolemy/domains/modal/test/auto/ErrorTransition11.xml
3 ms. Memory: 245760K Free: 195038K (79%)
----------------- Invoking toplevel() on ptolemy.moml.MoMLSimpleApplication@66be1822
----------------- Done invoking toplevel() on ptolemy.moml.MoMLSimpleApplication@66be1822
reloadAllAccessors: .ErrorTransition11

===========================================================================================
----------------- testing Sat Jan 25 06:49:58 UTC 2020 /home/travis/build/icyphy/ptII/ptolemy/domains/modal/test/auto/ErrorTransition2.xml
----------------- Instantiating /home/travis/build/icyphy/ptII/ptolemy/domains/modal/test/auto/ErrorTransition2.xml
8 ms. Memory: 245760K Free: 186336K (76%)
----------------- Invoking toplevel() on ptolemy.moml.MoMLSimpleApplication@1bd8929c
----------------- Done invoking toplevel() on ptolemy.moml.MoMLSimpleApplication@1bd8929c
reloadAllAccessors: .ErrorTransition2

===========================================================================================
----------------- testing Sat Jan 25 06:49:58 UTC 2020 /home/travis/build/icyphy/ptII/ptolemy/domains/modal/test/auto/ErrorTransition3.xml
----------------- Instantiating /home/travis/build/icyphy/ptII/ptolemy/domains/modal/test/auto/ErrorTransition3.xml
22 ms. Memory: 245760K Free: 176606K (72%)
----------------- Invoking toplevel() on ptolemy.moml.MoMLSimpleApplication@5319e234
----------------- Done invoking toplevel() on ptolemy.moml.MoMLSimpleApplication@5319e234
reloadAllAccessors: .ErrorTransition3

===========================================================================================
----------------- testing Sat Jan 25 06:49:58 UTC 2020 /home/travis/build/icyphy/ptII/ptolemy/domains/modal/test/auto/ErrorTransition4.xml
----------------- Instantiating /home/travis/build/icyphy/ptII/ptolemy/domains/modal/test/auto/ErrorTransition4.xml
11 ms. Memory: 245760K Free: 165328K (67%)
----------------- Invoking toplevel() on ptolemy.moml.MoMLSimpleApplication@2e2f45c3
----------------- Done invoking toplevel() on ptolemy.moml.MoMLSimpleApplication@2e2f45c3
reloadAllAccessors: .ErrorTransition4

===========================================================================================
----------------- testing Sat Jan 25 06:49:58 UTC 2020 /home/travis/build/icyphy/ptII/ptolemy/domains/modal/test/auto/ErrorTransition5.xml
----------------- Instantiating /home/travis/build/icyphy/ptII/ptolemy/domains/modal/test/auto/ErrorTransition5.xml
7 ms. Memory: 245760K Free: 155088K (63%)
----------------- Invoking toplevel() on ptolemy.moml.MoMLSimpleApplication@318c3b9b
----------------- Done invoking toplevel() on ptolemy.moml.MoMLSimpleApplication@318c3b9b
reloadAllAccessors: .ErrorTransition5

===========================================================================================
----------------- testing Sat Jan 25 06:49:58 UTC 2020 /home/travis/build/icyphy/ptII/ptolemy/domains/modal/test/auto/ErrorTransition6.xml
----------------- Instantiating /home/travis/build/icyphy/ptII/ptolemy/domains/modal/test/auto/ErrorTransition6.xml
11 ms. Memory: 245760K Free: 144352K (59%)
----------------- Invoking toplevel() on ptolemy.moml.MoMLSimpleApplication@3880379b
----------------- Done invoking toplevel() on ptolemy.moml.MoMLSimpleApplication@3880379b
reloadAllAccessors: .ErrorTransition6

===========================================================================================
----------------- testing Sat Jan 25 06:49:58 UTC 2020 /home/travis/build/icyphy/ptII/ptolemy/domains/modal/test/auto/ErrorTransition7.xml
----------------- Instantiating /home/travis/build/icyphy/ptII/ptolemy/domains/modal/test/auto/ErrorTransition7.xml
20 ms. Memory: 245760K Free: 131544K (54%)
----------------- Invoking toplevel() on ptolemy.moml.MoMLSimpleApplication@1e020a05
----------------- Done invoking toplevel() on ptolemy.moml.MoMLSimpleApplication@1e020a05
reloadAllAccessors: .ErrorTransition7

===========================================================================================
----------------- testing Sat Jan 25 06:49:58 UTC 2020 /home/travis/build/icyphy/ptII/ptolemy/domains/modal/test/auto/ErrorTransition8.xml
----------------- Instantiating /home/travis/build/icyphy/ptII/ptolemy/domains/modal/test/auto/ErrorTransition8.xml
29 ms. Memory: 245760K Free: 118239K (48%)
----------------- Invoking toplevel() on ptolemy.moml.MoMLSimpleApplication@711f12e2
----------------- Done invoking toplevel() on ptolemy.moml.MoMLSimpleApplication@711f12e2
reloadAllAccessors: .ErrorTransition8

===========================================================================================
----------------- testing Sat Jan 25 06:49:58 UTC 2020 /home/travis/build/icyphy/ptII/ptolemy/domains/modal/test/auto/ErrorTransition9.xml
----------------- Instantiating /home/travis/build/icyphy/ptII/ptolemy/domains/modal/test/auto/ErrorTransition9.xml
14 ms. Memory: 245760K Free: 104912K (43%)
----------------- Invoking toplevel() on ptolemy.moml.MoMLSimpleApplication@4b2927e
----------------- Done invoking toplevel() on ptolemy.moml.MoMLSimpleApplication@4b2927e
reloadAllAccessors: .ErrorTransition9

===========================================================================================
----------------- testing Sat Jan 25 06:49:58 UTC 2020 /home/travis/build/icyphy/ptII/ptolemy/domains/modal/test/auto/ExtendedFSM.xml
----------------- Instantiating /home/travis/build/icyphy/ptII/ptolemy/domains/modal/test/auto/ExtendedFSM.xml
6 ms. Memory: 245760K Free: 96720K (39%)
----------------- Invoking toplevel() on ptolemy.moml.MoMLSimpleApplication@69e71c
----------------- Done invoking toplevel() on ptolemy.moml.MoMLSimpleApplication@69e71c
reloadAllAccessors: .ExtendedFSM

===========================================================================================
----------------- testing Sat Jan 25 06:49:58 UTC 2020 /home/travis/build/icyphy/ptII/ptolemy/domains/modal/test/auto/FinalStates.xml
----------------- Instantiating /home/travis/build/icyphy/ptII/ptolemy/domains/modal/test/auto/FinalStates.xml
5 ms. Memory: 245760K Free: 88032K (36%)
----------------- Invoking toplevel() on ptolemy.moml.MoMLSimpleApplication@37e9c15d
----------------- Done invoking toplevel() on ptolemy.moml.MoMLSimpleApplication@37e9c15d
reloadAllAccessors: .FinalStates

===========================================================================================
----------------- testing Sat Jan 25 06:49:58 UTC 2020 /home/travis/build/icyphy/ptII/ptolemy/domains/modal/test/auto/FixedPointFSM.xml
----------------- Instantiating /home/travis/build/icyphy/ptII/ptolemy/domains/modal/test/auto/FixedPointFSM.xml
18 ms. Memory: 245760K Free: 213968K (87%)
----------------- Invoking toplevel() on ptolemy.moml.MoMLSimpleApplication@71dc6b9b
----------------- Done invoking toplevel() on ptolemy.moml.MoMLSimpleApplication@71dc6b9b
reloadAllAccessors: .FixedPointFSM

===========================================================================================
----------------- testing Sat Jan 25 06:49:58 UTC 2020 /home/travis/build/icyphy/ptII/ptolemy/domains/modal/test/auto/FixedPointIterationFSMActor.xml
----------------- Instantiating /home/travis/build/icyphy/ptII/ptolemy/domains/modal/test/auto/FixedPointIterationFSMActor.xml
6 ms. Memory: 245760K Free: 203232K (83%)
----------------- Invoking toplevel() on ptolemy.moml.MoMLSimpleApplication@79374859
----------------- Done invoking toplevel() on ptolemy.moml.MoMLSimpleApplication@79374859
reloadAllAccessors: .FixedPointIterationFSMActor

===========================================================================================
----------------- testing Sat Jan 25 06:49:58 UTC 2020 /home/travis/build/icyphy/ptII/ptolemy/domains/modal/test/auto/FixedPointIterationFSMActor2.xml
----------------- Instantiating /home/travis/build/icyphy/ptII/ptolemy/domains/modal/test/auto/FixedPointIterationFSMActor2.xml
13 ms. Memory: 245760K Free: 190944K (78%)
----------------- Invoking toplevel() on ptolemy.moml.MoMLSimpleApplication@228d5ed3
----------------- Done invoking toplevel() on ptolemy.moml.MoMLSimpleApplication@228d5ed3
reloadAllAccessors: .FixedPointIterationFSMActor2

===========================================================================================
----------------- testing Sat Jan 25 06:49:58 UTC 2020 /home/travis/build/icyphy/ptII/ptolemy/domains/modal/test/auto/ForbiddenInstantanousLoop.xml
----------------- Instantiating /home/travis/build/icyphy/ptII/ptolemy/domains/modal/test/auto/ForbiddenInstantanousLoop.xml
5 ms. Memory: 245760K Free: 178656K (73%)
----------------- Invoking toplevel() on ptolemy.moml.MoMLSimpleApplication@70a8ab8d
----------------- Done invoking toplevel() on ptolemy.moml.MoMLSimpleApplication@70a8ab8d
reloadAllAccessors: .ForbiddenInstantanousLoop

===========================================================================================
----------------- testing Sat Jan 25 06:49:58 UTC 2020 /home/travis/build/icyphy/ptII/ptolemy/domains/modal/test/auto/FunctionDependencyOfFSMActorTest.xml
----------------- Instantiating /home/travis/build/icyphy/ptII/ptolemy/domains/modal/test/auto/FunctionDependencyOfFSMActorTest.xml
13 ms. Memory: 245760K Free: 171488K (70%)
----------------- Invoking toplevel() on ptolemy.moml.MoMLSimpleApplication@fc20c26
----------------- Done invoking toplevel() on ptolemy.moml.MoMLSimpleApplication@fc20c26
reloadAllAccessors: .FunctionDependencyOfFSMActorTest

===========================================================================================
----------------- testing Sat Jan 25 06:49:58 UTC 2020 /home/travis/build/icyphy/ptII/ptolemy/domains/modal/test/auto/GuardExpression.xml
----------------- Instantiating /home/travis/build/icyphy/ptII/ptolemy/domains/modal/test/auto/GuardExpression.xml
1 ms. Memory: 245760K Free: 166368K (68%)
----------------- Invoking toplevel() on ptolemy.moml.MoMLSimpleApplication@3f498d57
----------------- Done invoking toplevel() on ptolemy.moml.MoMLSimpleApplication@3f498d57
reloadAllAccessors: .GuardExpression

===========================================================================================
----------------- testing Sat Jan 25 06:49:58 UTC 2020 /home/travis/build/icyphy/ptII/ptolemy/domains/modal/test/auto/GuardNotEvaluated.xml
----------------- Instantiating /home/travis/build/icyphy/ptII/ptolemy/domains/modal/test/auto/GuardNotEvaluated.xml
5 ms. Memory: 245760K Free: 157656K (64%)
----------------- Invoking toplevel() on ptolemy.moml.MoMLSimpleApplication@4787063
----------------- Done invoking toplevel() on ptolemy.moml.MoMLSimpleApplication@4787063
reloadAllAccessors: .GuardNotEvaluated

===========================================================================================
----------------- testing Sat Jan 25 06:49:58 UTC 2020 /home/travis/build/icyphy/ptII/ptolemy/domains/modal/test/auto/GuardNotEvaluated2.xml
----------------- Instantiating /home/travis/build/icyphy/ptII/ptolemy/domains/modal/test/auto/GuardNotEvaluated2.xml
6 ms. Memory: 245760K Free: 147936K (60%)
----------------- Invoking toplevel() on ptolemy.moml.MoMLSimpleApplication@2e3797b7
----------------- Done invoking toplevel() on ptolemy.moml.MoMLSimpleApplication@2e3797b7
reloadAllAccessors: .GuardNotEvaluated2

===========================================================================================
----------------- testing Sat Jan 25 06:49:58 UTC 2020 /home/travis/build/icyphy/ptII/ptolemy/domains/modal/test/auto/GuardOnAbsent.xml
----------------- Instantiating /home/travis/build/icyphy/ptII/ptolemy/domains/modal/test/auto/GuardOnAbsent.xml
8 ms. Memory: 245760K Free: 140240K (57%)
----------------- Invoking toplevel() on ptolemy.moml.MoMLSimpleApplication@3d9c183e
----------------- Done invoking toplevel() on ptolemy.moml.MoMLSimpleApplication@3d9c183e
reloadAllAccessors: .GuardOnAbsent

===========================================================================================
----------------- testing Sat Jan 25 06:49:58 UTC 2020 /home/travis/build/icyphy/ptII/ptolemy/domains/modal/test/auto/HierarchicalFSMTypeInference.xml
----------------- Instantiating /home/travis/build/icyphy/ptII/ptolemy/domains/modal/test/auto/HierarchicalFSMTypeInference.xml
5 ms. Memory: 245760K Free: 130014K (53%)
----------------- Invoking toplevel() on ptolemy.moml.MoMLSimpleApplication@22e54ebb
----------------- Done invoking toplevel() on ptolemy.moml.MoMLSimpleApplication@22e54ebb
reloadAllAccessors: .HierarchicalFSMTypeInference

===========================================================================================
----------------- testing Sat Jan 25 06:49:58 UTC 2020 /home/travis/build/icyphy/ptII/ptolemy/domains/modal/test/auto/Hysteresis.xml
----------------- Instantiating /home/travis/build/icyphy/ptII/ptolemy/domains/modal/test/auto/Hysteresis.xml
12 ms. Memory: 245760K Free: 116688K (47%)
----------------- Invoking toplevel() on ptolemy.moml.MoMLSimpleApplication@3d38ba75
----------------- Done invoking toplevel() on ptolemy.moml.MoMLSimpleApplication@3d38ba75
reloadAllAccessors: .Hysteresis

===========================================================================================
----------------- testing Sat Jan 25 06:49:58 UTC 2020 /home/travis/build/icyphy/ptII/ptolemy/domains/modal/test/auto/HysteresisWithDefault.xml
----------------- Instantiating /home/travis/build/icyphy/ptII/ptolemy/domains/modal/test/auto/HysteresisWithDefault.xml
36 ms. Memory: 245760K Free: 93664K (38%)
----------------- Invoking toplevel() on ptolemy.moml.MoMLSimpleApplication@775a0da1
----------------- Done invoking toplevel() on ptolemy.moml.MoMLSimpleApplication@775a0da1
reloadAllAccessors: .HysteresisWithDefault

===========================================================================================
----------------- testing Sat Jan 25 06:49:58 UTC 2020 /home/travis/build/icyphy/ptII/ptolemy/domains/modal/test/auto/HysteresisWithDefault2.xml
----------------- Instantiating /home/travis/build/icyphy/ptII/ptolemy/domains/modal/test/auto/HysteresisWithDefault2.xml
37 ms. Memory: 245760K Free: 204747K (83%)
----------------- Invoking toplevel() on ptolemy.moml.MoMLSimpleApplication@526b706c
----------------- Done invoking toplevel() on ptolemy.moml.MoMLSimpleApplication@526b706c
reloadAllAccessors: .HysteresisWithDefault2

===========================================================================================
----------------- testing Sat Jan 25 06:49:58 UTC 2020 /home/travis/build/icyphy/ptII/ptolemy/domains/modal/test/auto/ImmediateNonConstructiveness.xml
----------------- Instantiating /home/travis/build/icyphy/ptII/ptolemy/domains/modal/test/auto/ImmediateNonConstructiveness.xml
3 ms. Memory: 245760K Free: 197568K (80%)
----------------- Invoking toplevel() on ptolemy.moml.MoMLSimpleApplication@652e83c1
----------------- Done invoking toplevel() on ptolemy.moml.MoMLSimpleApplication@652e83c1
reloadAllAccessors: .ImmediateNonConstructiveness

===========================================================================================
----------------- testing Sat Jan 25 06:49:58 UTC 2020 /home/travis/build/icyphy/ptII/ptolemy/domains/modal/test/auto/ImmediateNonConstructiveness2.xml
----------------- Instantiating /home/travis/build/icyphy/ptII/ptolemy/domains/modal/test/auto/ImmediateNonConstructiveness2.xml
2 ms. Memory: 245760K Free: 190944K (78%)
----------------- Invoking toplevel() on ptolemy.moml.MoMLSimpleApplication@6e71842d
----------------- Done invoking toplevel() on ptolemy.moml.MoMLSimpleApplication@6e71842d
reloadAllAccessors: .ImmediateNonConstructiveness2

===========================================================================================
----------------- testing Sat Jan 25 06:49:58 UTC 2020 /home/travis/build/icyphy/ptII/ptolemy/domains/modal/test/auto/ImmediateTransitionReset.xml
----------------- Instantiating /home/travis/build/icyphy/ptII/ptolemy/domains/modal/test/auto/ImmediateTransitionReset.xml
7 ms. Memory: 245760K Free: 179166K (73%)
----------------- Invoking toplevel() on ptolemy.moml.MoMLSimpleApplication@55985984
----------------- Done invoking toplevel() on ptolemy.moml.MoMLSimpleApplication@55985984
reloadAllAccessors: .ImmediateTransitionReset

===========================================================================================
----------------- testing Sat Jan 25 06:49:58 UTC 2020 /home/travis/build/icyphy/ptII/ptolemy/domains/modal/test/auto/ImmediateTransitions1.xml
----------------- Instantiating /home/travis/build/icyphy/ptII/ptolemy/domains/modal/test/auto/ImmediateTransitions1.xml
1 ms. Memory: 245760K Free: 174046K (71%)
----------------- Invoking toplevel() on ptolemy.moml.MoMLSimpleApplication@437774a4
----------------- Done invoking toplevel() on ptolemy.moml.MoMLSimpleApplication@437774a4
reloadAllAccessors: .ImmediateTransitions1

===========================================================================================
----------------- testing Sat Jan 25 06:49:58 UTC 2020 /home/travis/build/icyphy/ptII/ptolemy/domains/modal/test/auto/ImmediateTransitionsInstantaneousCommunication.xml
----------------- Instantiating /home/travis/build/icyphy/ptII/ptolemy/domains/modal/test/auto/ImmediateTransitionsInstantaneousCommunication.xml
3 ms. Memory: 245760K Free: 161758K (66%)
----------------- Invoking toplevel() on ptolemy.moml.MoMLSimpleApplication@5d736076
----------------- Done invoking toplevel() on ptolemy.moml.MoMLSimpleApplication@5d736076
reloadAllAccessors: .ImmediateTransitionsInstantaneousCommunication

===========================================================================================
----------------- testing Sat Jan 25 06:49:58 UTC 2020 /home/travis/build/icyphy/ptII/ptolemy/domains/modal/test/auto/InitialImmediateTransition.xml
----------------- Instantiating /home/travis/build/icyphy/ptII/ptolemy/domains/modal/test/auto/InitialImmediateTransition.xml
2 ms. Memory: 245760K Free: 154584K (63%)
----------------- Invoking toplevel() on ptolemy.moml.MoMLSimpleApplication@4f58fcaf
----------------- Done invoking toplevel() on ptolemy.moml.MoMLSimpleApplication@4f58fcaf
reloadAllAccessors: .InitialImmediateTransition

===========================================================================================
----------------- testing Sat Jan 25 06:49:59 UTC 2020 /home/travis/build/icyphy/ptII/ptolemy/domains/modal/test/auto/InitialOutputs.xml
----------------- Instantiating /home/travis/build/icyphy/ptII/ptolemy/domains/modal/test/auto/InitialOutputs.xml
3 ms. Memory: 245760K Free: 148432K (60%)
----------------- Invoking toplevel() on ptolemy.moml.MoMLSimpleApplication@d074381
----------------- Done invoking toplevel() on ptolemy.moml.MoMLSimpleApplication@d074381
reloadAllAccessors: .InitialOutputs

===========================================================================================
----------------- testing Sat Jan 25 06:49:59 UTC 2020 /home/travis/build/icyphy/ptII/ptolemy/domains/modal/test/auto/InitialStateTransition1.xml
----------------- Instantiating /home/travis/build/icyphy/ptII/ptolemy/domains/modal/test/auto/InitialStateTransition1.xml
2 ms. Memory: 245760K Free: 141278K (57%)
----------------- Invoking toplevel() on ptolemy.moml.MoMLSimpleApplication@7d0911cc
----------------- Done invoking toplevel() on ptolemy.moml.MoMLSimpleApplication@7d0911cc
reloadAllAccessors: .InitialStateTransition1

===========================================================================================
----------------- testing Sat Jan 25 06:49:59 UTC 2020 /home/travis/build/icyphy/ptII/ptolemy/domains/modal/test/auto/InitialStateTransition2.xml
----------------- Instantiating /home/travis/build/icyphy/ptII/ptolemy/domains/modal/test/auto/InitialStateTransition2.xml
.InitialStateTransition2.TestExceptionAttributeNonConstructive: initialize() was not invoked, but wrapup() was.  This is unusual, but not always a problem.  For example, exporting JNLP will do this.
2 ms. Memory: 245760K Free: 134110K (55%)
----------------- Invoking toplevel() on ptolemy.moml.MoMLSimpleApplication@3f0777d0
----------------- Done invoking toplevel() on ptolemy.moml.MoMLSimpleApplication@3f0777d0
reloadAllAccessors: .InitialStateTransition2

===========================================================================================
----------------- testing Sat Jan 25 06:49:59 UTC 2020 /home/travis/build/icyphy/ptII/ptolemy/domains/modal/test/auto/InitialStateTransition3.xml
----------------- Instantiating /home/travis/build/icyphy/ptII/ptolemy/domains/modal/test/auto/InitialStateTransition3.xml
2 ms. Memory: 245760K Free: 125918K (51%)
----------------- Invoking toplevel() on ptolemy.moml.MoMLSimpleApplication@4ac77373
----------------- Done invoking toplevel() on ptolemy.moml.MoMLSimpleApplication@4ac77373
reloadAllAccessors: .InitialStateTransition3

===========================================================================================
----------------- testing Sat Jan 25 06:49:59 UTC 2020 /home/travis/build/icyphy/ptII/ptolemy/domains/modal/test/auto/InitialStateTransition4.xml
----------------- Instantiating /home/travis/build/icyphy/ptII/ptolemy/domains/modal/test/auto/InitialStateTransition4.xml
2 ms. Memory: 245760K Free: 116192K (47%)
----------------- Invoking toplevel() on ptolemy.moml.MoMLSimpleApplication@52f71264
----------------- Done invoking toplevel() on ptolemy.moml.MoMLSimpleApplication@52f71264
[...]
reloadAllAccessors: .TerminationTransition3

===========================================================================================
----------------- testing Sat Jan 25 06:50:00 UTC 2020 /home/travis/build/icyphy/ptII/ptolemy/domains/modal/test/auto/TerminationTransition4.xml
----------------- Instantiating /home/travis/build/icyphy/ptII/ptolemy/domains/modal/test/auto/TerminationTransition4.xml
5 ms. Memory: 332800K Free: 286607K (86%)
----------------- Invoking toplevel() on ptolemy.moml.MoMLSimpleApplication@2a9865b1
----------------- Done invoking toplevel() on ptolemy.moml.MoMLSimpleApplication@2a9865b1
reloadAllAccessors: .TerminationTransition4

===========================================================================================
----------------- testing Sat Jan 25 06:50:00 UTC 2020 /home/travis/build/icyphy/ptII/ptolemy/domains/modal/test/auto/TerminationTransition5.xml
----------------- Instantiating /home/travis/build/icyphy/ptII/ptolemy/domains/modal/test/auto/TerminationTransition5.xml
2 ms. Memory: 332800K Free: 272785K (82%)
----------------- Invoking toplevel() on ptolemy.moml.MoMLSimpleApplication@7f7a3d17
----------------- Done invoking toplevel() on ptolemy.moml.MoMLSimpleApplication@7f7a3d17
reloadAllAccessors: .TerminationTransition5

===========================================================================================
----------------- testing Sat Jan 25 06:50:00 UTC 2020 /home/travis/build/icyphy/ptII/ptolemy/domains/modal/test/auto/TerminationTransition6.xml
----------------- Instantiating /home/travis/build/icyphy/ptII/ptolemy/domains/modal/test/auto/TerminationTransition6.xml
1 ms. Memory: 332800K Free: 264593K (80%)
----------------- Invoking toplevel() on ptolemy.moml.MoMLSimpleApplication@78d4fe41
----------------- Done invoking toplevel() on ptolemy.moml.MoMLSimpleApplication@78d4fe41
reloadAllAccessors: .TerminationTransition6

===========================================================================================
----------------- testing Sat Jan 25 06:50:00 UTC 2020 /home/travis/build/icyphy/ptII/ptolemy/domains/modal/test/auto/TerminationTransition7.xml
----------------- Instantiating /home/travis/build/icyphy/ptII/ptolemy/domains/modal/test/auto/TerminationTransition7.xml
2 ms. Memory: 332800K Free: 254863K (77%)
----------------- Invoking toplevel() on ptolemy.moml.MoMLSimpleApplication@11982d17
----------------- Done invoking toplevel() on ptolemy.moml.MoMLSimpleApplication@11982d17
reloadAllAccessors: .TerminationTransition7

===========================================================================================
----------------- testing Sat Jan 25 06:50:00 UTC 2020 /home/travis/build/icyphy/ptII/ptolemy/domains/modal/test/auto/TerminationTransition8.xml
----------------- Instantiating /home/travis/build/icyphy/ptII/ptolemy/domains/modal/test/auto/TerminationTransition8.xml
2 ms. Memory: 332800K Free: 245647K (74%)
----------------- Invoking toplevel() on ptolemy.moml.MoMLSimpleApplication@f7d2c62
----------------- Done invoking toplevel() on ptolemy.moml.MoMLSimpleApplication@f7d2c62
reloadAllAccessors: .TerminationTransition8

===========================================================================================
----------------- testing Sat Jan 25 06:50:00 UTC 2020 /home/travis/build/icyphy/ptII/ptolemy/domains/modal/test/auto/Thermostat_NoHysteresis.xml
----------------- Instantiating /home/travis/build/icyphy/ptII/ptolemy/domains/modal/test/auto/Thermostat_NoHysteresis.xml
41 ms. Memory: 332800K Free: 221065K (66%)
----------------- Invoking toplevel() on ptolemy.moml.MoMLSimpleApplication@522d6a11
----------------- Done invoking toplevel() on ptolemy.moml.MoMLSimpleApplication@522d6a11
reloadAllAccessors: .Thermostat_NoHysteresis

===========================================================================================
----------------- testing Sat Jan 25 06:50:00 UTC 2020 /home/travis/build/icyphy/ptII/ptolemy/domains/modal/test/auto/TimedFSM.xml
----------------- Instantiating /home/travis/build/icyphy/ptII/ptolemy/domains/modal/test/auto/TimedFSM.xml
8 ms. Memory: 332800K Free: 209297K (63%)
----------------- Invoking toplevel() on ptolemy.moml.MoMLSimpleApplication@22a3e24
----------------- Done invoking toplevel() on ptolemy.moml.MoMLSimpleApplication@22a3e24
reloadAllAccessors: .TimedFSM

===========================================================================================
----------------- testing Sat Jan 25 06:50:00 UTC 2020 /home/travis/build/icyphy/ptII/ptolemy/domains/modal/test/auto/Timeout1.xml
----------------- Instantiating /home/travis/build/icyphy/ptII/ptolemy/domains/modal/test/auto/Timeout1.xml
3 ms. Memory: 332800K Free: 203649K (61%)
----------------- Invoking toplevel() on ptolemy.moml.MoMLSimpleApplication@97cb39e
----------------- Done invoking toplevel() on ptolemy.moml.MoMLSimpleApplication@97cb39e
reloadAllAccessors: .Timeout1

===========================================================================================
----------------- testing Sat Jan 25 06:50:00 UTC 2020 /home/travis/build/icyphy/ptII/ptolemy/domains/modal/test/auto/Timeout2.xml
----------------- Instantiating /home/travis/build/icyphy/ptII/ptolemy/domains/modal/test/auto/Timeout2.xml
6 ms. Memory: 332800K Free: 194961K (59%)
----------------- Invoking toplevel() on ptolemy.moml.MoMLSimpleApplication@2b81bff1
----------------- Done invoking toplevel() on ptolemy.moml.MoMLSimpleApplication@2b81bff1
reloadAllAccessors: .Timeout2

===========================================================================================
----------------- testing Sat Jan 25 06:50:00 UTC 2020 /home/travis/build/icyphy/ptII/ptolemy/domains/modal/test/auto/Timeout3.xml
----------------- Instantiating /home/travis/build/icyphy/ptII/ptolemy/domains/modal/test/auto/Timeout3.xml
1 ms. Memory: 332800K Free: 189841K (57%)
----------------- Invoking toplevel() on ptolemy.moml.MoMLSimpleApplication@1c7d8623
----------------- Done invoking toplevel() on ptolemy.moml.MoMLSimpleApplication@1c7d8623
reloadAllAccessors: .Timeout3

===========================================================================================
----------------- testing Sat Jan 25 06:50:00 UTC 2020 /home/travis/build/icyphy/ptII/ptolemy/domains/modal/test/auto/Timeout4.xml
----------------- Instantiating /home/travis/build/icyphy/ptII/ptolemy/domains/modal/test/auto/Timeout4.xml
1 ms. Memory: 332800K Free: 184721K (56%)
----------------- Invoking toplevel() on ptolemy.moml.MoMLSimpleApplication@6c0ed04b
----------------- Done invoking toplevel() on ptolemy.moml.MoMLSimpleApplication@6c0ed04b
reloadAllAccessors: .Timeout4

===========================================================================================
----------------- testing Sat Jan 25 06:50:00 UTC 2020 /home/travis/build/icyphy/ptII/ptolemy/domains/modal/test/auto/TransientstateModelAdvanced.xml
----------------- Instantiating /home/travis/build/icyphy/ptII/ptolemy/domains/modal/test/auto/TransientstateModelAdvanced.xml
3 ms. Memory: 332800K Free: 172433K (52%)
----------------- Invoking toplevel() on ptolemy.moml.MoMLSimpleApplication@5ca87726
----------------- Done invoking toplevel() on ptolemy.moml.MoMLSimpleApplication@5ca87726
reloadAllAccessors: .TransientstateModelAdvanced

===========================================================================================
----------------- testing Sat Jan 25 06:50:00 UTC 2020 /home/travis/build/icyphy/ptII/ptolemy/domains/modal/test/auto/TransientstateModelAdvanced2.xml
----------------- Instantiating /home/travis/build/icyphy/ptII/ptolemy/domains/modal/test/auto/TransientstateModelAdvanced2.xml
2 ms. Memory: 332800K Free: 158593K (48%)
----------------- Invoking toplevel() on ptolemy.moml.MoMLSimpleApplication@4bb1c746
----------------- Done invoking toplevel() on ptolemy.moml.MoMLSimpleApplication@4bb1c746
reloadAllAccessors: .transientstatemodelAdvanced

===========================================================================================
----------------- testing Sat Jan 25 06:50:00 UTC 2020 /home/travis/build/icyphy/ptII/ptolemy/domains/modal/test/auto/TransitionRefinements.xml
----------------- Instantiating /home/travis/build/icyphy/ptII/ptolemy/domains/modal/test/auto/TransitionRefinements.xml
6 ms. Memory: 332800K Free: 148881K (45%)
----------------- Invoking toplevel() on ptolemy.moml.MoMLSimpleApplication@591cafc2
----------------- Done invoking toplevel() on ptolemy.moml.MoMLSimpleApplication@591cafc2
reloadAllAccessors: .TransitionRefinements

===========================================================================================
----------------- testing Sat Jan 25 06:50:00 UTC 2020 /home/travis/build/icyphy/ptII/ptolemy/domains/modal/test/auto/TwoRefinements1.xml
----------------- Instantiating /home/travis/build/icyphy/ptII/ptolemy/domains/modal/test/auto/TwoRefinements1.xml
2 ms. Memory: 332800K Free: 138641K (42%)
----------------- Invoking toplevel() on ptolemy.moml.MoMLSimpleApplication@12992d51
----------------- Done invoking toplevel() on ptolemy.moml.MoMLSimpleApplication@12992d51
reloadAllAccessors: .TwoRefinements1

===========================================================================================
----------------- testing Sat Jan 25 06:50:00 UTC 2020 /home/travis/build/icyphy/ptII/ptolemy/domains/modal/test/auto/TwoRefinements2.xml
----------------- Instantiating /home/travis/build/icyphy/ptII/ptolemy/domains/modal/test/auto/TwoRefinements2.xml
2 ms. Memory: 332800K Free: 128911K (39%)
----------------- Invoking toplevel() on ptolemy.moml.MoMLSimpleApplication@cd8e326
----------------- Done invoking toplevel() on ptolemy.moml.MoMLSimpleApplication@cd8e326
reloadAllAccessors: .TwoRefinements2

===========================================================================================
----------------- testing Sat Jan 25 06:50:00 UTC 2020 /home/travis/build/icyphy/ptII/ptolemy/domains/modal/test/auto/WeakImmediateTransition.xml
----------------- Instantiating /home/travis/build/icyphy/ptII/ptolemy/domains/modal/test/auto/WeakImmediateTransition.xml
2 ms. Memory: 332800K Free: 120209K (36%)
----------------- Invoking toplevel() on ptolemy.moml.MoMLSimpleApplication@4b1f826a
----------------- Done invoking toplevel() on ptolemy.moml.MoMLSimpleApplication@4b1f826a
reloadAllAccessors: .WeakImmediateTransition

===========================================================================================
----------------- testing Sat Jan 25 06:50:00 UTC 2020 /home/travis/build/icyphy/ptII/ptolemy/domains/modal/test/auto/booleanSelect.xml
----------------- Instantiating /home/travis/build/icyphy/ptII/ptolemy/domains/modal/test/auto/booleanSelect.xml
24 ms. Memory: 332800K Free: 296553K (89%)
----------------- Invoking toplevel() on ptolemy.moml.MoMLSimpleApplication@1681e3e4
----------------- Done invoking toplevel() on ptolemy.moml.MoMLSimpleApplication@1681e3e4
reloadAllAccessors: .booleanSelect

===========================================================================================
----------------- testing Sat Jan 25 06:50:01 UTC 2020 /home/travis/build/icyphy/ptII/ptolemy/domains/modal/test/auto/modalChangingParams.xml
----------------- Instantiating /home/travis/build/icyphy/ptII/ptolemy/domains/modal/test/auto/modalChangingParams.xml
0
1
0
2
4
6
8
7
0
2
4
6
8
13
0
2
4
6
8
19
0
2
4
6
8
25
0
2
4
6
8
31
0
2
4
6
8
37
0
2
4
6
8
43
0
2
4
6
8
49
0
2
4
6
8
55
0
2
4
6
8
61
0
2
4
6
8
67
0
2
4
6
8
73
0
2
4
6
8
79
0
2
4
6
8
85
0
2
4
6
8
91
0
2
4
6
8
97
0
2
4
6
8
103
0
2
4
6
8
109
0
2
4
6
8
115
0
2
4
6
8
121
0
2
4
6
8
127
0
2
4
6
8
133
0
2
4
6
8
139
0
2
4
6
8
145
0
2
4
6
8
151
0
2
4
6
8
157
0
2
4
6
8
163
0
2
4
6
8
169
0
2
4
6
8
175
0
2
4
6
8
181
0
2
4
6
8
187
0
2
4
6
8
193
0
2
4
6
8
199
0
2
4
6
8
205
0
2
4
6
8
211
0
2
4
6
8
217
0
2
4
6
8
223
0
2
4
6
8
229
0
2
4
6
8
235
0
2
4
6
8
241
0
2
4
6
8
247
0
2
4
6
8
253
0
2
4
6
8
259
0
2
4
6
8
265
0
2
4
6
8
271
0
2
4
6
8
277
0
2
4
6
8
283
0
2
4
6
8
289
0
2
4
6
8
295
0
2
4
6
8
301
0
2
4
6
8
307
0
2
4
6
8
313
0
2
4
6
8
319
0
2
4
6
8
325
0
2
4
6
8
331
0
2
4
6
8
337
0
2
4
6
8
343
0
2
4
6
8
349
0
2
4
6
8
355
0
2
4
6
8
361
0
2
4
6
8
367
0
2
4
6
8
373
0
2
4
6
8
379
0
2
4
6
8
385
0
2
4
6
8
391
0
2
4
6
8
397
0
2
4
6
8
403
0
2
4
6
8
409
0
2
4
6
8
415
0
2
4
6
8
421
0
2
4
6
8
427
0
2
4
6
8
433
0
2
4
6
8
439
0
2
4
6
8
445
0
2
4
6
8
451
0
2
4
6
8
457
0
2
4
6
8
463
0
2
4
6
8
469
0
2
4
6
8
475
0
2
4
6
8
481
0
2
4
6
8
487
0
2
4
6
8
493
0
2
4
6
8
499
0
2
4
6
8
505
0
2
4
6
8
511
0
2
4
6
8
517
0
2
4
6
8
523
0
2
4
6
8
529
0
2
4
6
8
535
0
2
4
6
8
541
0
2
4
6
8
547
0
2
4
6
8
553
0
2
4
6
8
559
0
2
4
6
8
565
0
2
4
6
8
571
0
2
4
6
8
577
0
2
4
6
8
583
0
2
4
6
8
589
0
2
4
6
8
595
0
2
4
6
8
601
0
2
4
6
8
607
0
2
4
6
8
613
0
2
4
6
8
619
0
2
4
6
8
625
0
2
4
6
8
631
0
2
4
6
8
637
0
2
4
6
8
643
0
2
4
6
8
649
0
2
4
6
8
655
0
2
4
6
8
661
0
2
4
6
8
667
0
2
4
6
8
673
0
2
4
6
8
679
0
2
4
6
8
685
0
2
4
6
8
691
0
2
4
6
8
697
0
2
4
6
8
703
0
2
4
6
8
709
0
2
4
6
8
715
0
2
4
6
8
721
0
2
4
6
8
727
0
2
4
6
8
733
0
2
4
6
8
739
0
2
4
6
8
745
0
2
4
6
8
751
0
2
4
6
8
757
0
2
4
6
8
763
0
2
4
6
8
769
0
2
4
6
8
775
0
2
4
6
8
781
0
2
4
6
8
787
0
2
4
6
8
793
0
2
4
6
8
799
0
2
4
6
8
805
0
2
4
6
8
811
0
2
4
6
8
817
0
2
4
6
8
823
0
2
4
6
8
829
0
2
4
6
8
835
0
2
4
6
8
841
0
2
4
6
8
847
0
2
4
6
8
853
0
2
4
6
8
859
0
2
4
6
8
865
0
2
4
6
8
871
0
2
4
6
8
877
0
2
4
6
8
883
0
2
4
6
8
889
0
2
4
6
8
895
0
2
4
6
8
901
0
2
4
6
8
907
0
2
4
6
8
913
0
2
4
6
8
919
0
2
4
6
8
925
0
2
4
6
8
931
0
2
4
6
8
937
0
2
4
6
8
943
0
2
4
6
8
949
0
2
4
6
8
955
0
2
4
6
8
961
0
2
4
6
8
967
0
2
4
6
8
973
0
2
4
6
8
979
0
2
4
6
8
985
0
2
4
6
8
991
0
2
4
6
8
997
0
2
228 ms. Memory: 332800K Free: 182393K (55%)
----------------- Invoking toplevel() on ptolemy.moml.MoMLSimpleApplication@5a4df935
----------------- Done invoking toplevel() on ptolemy.moml.MoMLSimpleApplication@5a4df935
reloadAllAccessors: .modalChangingParams

===========================================================================================
----------------- testing Sat Jan 25 06:50:01 UTC 2020 /home/travis/build/icyphy/ptII/ptolemy/domains/modal/test/auto/modalModel.xml
----------------- Instantiating /home/travis/build/icyphy/ptII/ptolemy/domains/modal/test/auto/modalModel.xml
4 ms. Memory: 332800K Free: 173673K (52%)
----------------- Invoking toplevel() on ptolemy.moml.MoMLSimpleApplication@113287a3
----------------- Done invoking toplevel() on ptolemy.moml.MoMLSimpleApplication@113287a3
reloadAllAccessors: .modalModel

===========================================================================================
----------------- testing Sat Jan 25 06:50:01 UTC 2020 /home/travis/build/icyphy/ptII/ptolemy/domains/modal/test/auto/modalModel2.xml
----------------- Instantiating /home/travis/build/icyphy/ptII/ptolemy/domains/modal/test/auto/modalModel2.xml
6 ms. Memory: 332800K Free: 162937K (49%)
----------------- Invoking toplevel() on ptolemy.moml.MoMLSimpleApplication@75b3369a
----------------- Done invoking toplevel() on ptolemy.moml.MoMLSimpleApplication@75b3369a
reloadAllAccessors: .modalModel2

===========================================================================================
----------------- testing Sat Jan 25 06:50:01 UTC 2020 /home/travis/build/icyphy/ptII/ptolemy/domains/modal/test/auto/modalModel3.xml
----------------- Instantiating /home/travis/build/icyphy/ptII/ptolemy/domains/modal/test/auto/modalModel3.xml
0	0	0
3	2	1
6	4	2
9	6	3
4	0	4
7	2	5
10	4	6
13	6	7
8	0	8
11	2	9
14	4	10
17	6	11
12	0	12
15	2	13
18	4	14
14 ms. Memory: 332800K Free: 148087K (44%)
----------------- Invoking toplevel() on ptolemy.moml.MoMLSimpleApplication@61fe4667
----------------- Done invoking toplevel() on ptolemy.moml.MoMLSimpleApplication@61fe4667
reloadAllAccessors: .modalModel3

===========================================================================================
----------------- testing Sat Jan 25 06:50:01 UTC 2020 /home/travis/build/icyphy/ptII/ptolemy/domains/modal/test/auto/model1.xml
----------------- Instantiating /home/travis/build/icyphy/ptII/ptolemy/domains/modal/test/auto/model1.xml
11 ms. Memory: 332800K Free: 141929K (43%)
----------------- Invoking toplevel() on ptolemy.moml.MoMLSimpleApplication@1c27e1b
----------------- Done invoking toplevel() on ptolemy.moml.MoMLSimpleApplication@1c27e1b
reloadAllAccessors: .model1

===========================================================================================
----------------- testing Sat Jan 25 06:50:01 UTC 2020 /home/travis/build/icyphy/ptII/ptolemy/domains/modal/test/auto/test-direct-in-out.xml
----------------- Instantiating /home/travis/build/icyphy/ptII/ptolemy/domains/modal/test/auto/test-direct-in-out.xml
4 ms. Memory: 332800K Free: 134265K (40%)
----------------- Invoking toplevel() on ptolemy.moml.MoMLSimpleApplication@7687d979
----------------- Done invoking toplevel() on ptolemy.moml.MoMLSimpleApplication@7687d979
reloadAllAccessors: .test-direct-in-out
AutoTests.java: About to close Vertx.
AutoTests.java: Vertx closed.
]]></system-out>
  <system-err><![CDATA[java.lang.RuntimeException: Execution failed
	at ptolemy.moml.MoMLSimpleApplication$UnloadThread.run(MoMLSimpleApplication.java:402)
Caused by: ptolemy.kernel.util.IllegalActionException: Unknown inputs remain. Possible causality loop:
L_model_1893289564i

  in .CannotAnalysisWithPreemption.model_1893289564_region_1 and .CannotAnalysisWithPreemption.model_1893289564_region_1.L_model_1893289564i
	at ptolemy.actor.sched.FixedPointDirector.postfire(FixedPointDirector.java:515)
	at ptolemy.domains.sr.kernel.SRDirector.postfire(SRDirector.java:417)
	at ptolemy.actor.CompositeActor.postfire(CompositeActor.java:1668)
	at ptolemy.actor.Manager.iterate(Manager.java:852)
	at ptolemy.actor.Manager.execute(Manager.java:369)
	at ptolemy.actor.Manager.run(Manager.java:1263)
	at ptolemy.actor.Manager$PtolemyRunThread.run(Manager.java:1933)
java.lang.reflect.InvocationTargetException
	at java.base/jdk.internal.reflect.NativeConstructorAccessorImpl.newInstance0(Native Method)
	at java.base/jdk.internal.reflect.NativeConstructorAccessorImpl.newInstance(NativeConstructorAccessorImpl.java:62)
	at java.base/jdk.internal.reflect.DelegatingConstructorAccessorImpl.newInstance(DelegatingConstructorAccessorImpl.java:45)
	at java.base/java.lang.reflect.Constructor.newInstance(Constructor.java:490)
	at ptolemy.util.test.junit.AutoKnownFailedTests.RunModel(AutoKnownFailedTests.java:105)
	at java.base/jdk.internal.reflect.NativeMethodAccessorImpl.invoke0(Native Method)
	at java.base/jdk.internal.reflect.NativeMethodAccessorImpl.invoke(NativeMethodAccessorImpl.java:62)
	at java.base/jdk.internal.reflect.DelegatingMethodAccessorImpl.invoke(DelegatingMethodAccessorImpl.java:43)
	at java.base/java.lang.reflect.Method.invoke(Method.java:566)
	at org.junit.runners.model.FrameworkMethod$1.runReflectiveCall(FrameworkMethod.java:44)
	at org.junit.internal.runners.model.ReflectiveCallable.run(ReflectiveCallable.java:15)
	at org.junit.runners.model.FrameworkMethod.invokeExplosively(FrameworkMethod.java:41)
	at junitparams.internal.InvokeParameterisedMethod.evaluate(InvokeParameterisedMethod.java:102)
	at org.junit.internal.runners.statements.FailOnTimeout$1.run(FailOnTimeout.java:28)
Caused by: ptolemy.kernel.util.IllegalActionException: Unknown inputs remain. Possible causality loop:
L_model_1893289564i

  in .CannotAnalysisWithPreemption.model_1893289564_region_1 and .CannotAnalysisWithPreemption.model_1893289564_region_1.L_model_1893289564i
	at ptolemy.actor.sched.FixedPointDirector.postfire(FixedPointDirector.java:515)
	at ptolemy.domains.sr.kernel.SRDirector.postfire(SRDirector.java:417)
	at ptolemy.actor.CompositeActor.postfire(CompositeActor.java:1668)
	at ptolemy.actor.Manager.iterate(Manager.java:852)
	at ptolemy.actor.Manager.execute(Manager.java:369)
	at ptolemy.actor.Manager.run(Manager.java:1263)
	at ptolemy.actor.Manager$PtolemyRunThread.run(Manager.java:1933)
]]></system-err>
</testsuite>
