<?xml version="1.0" encoding="UTF-8" ?>
<testsuite errors="0" failures="0" hostname="travis-job-5740aa58-b30a-4318-a485-3a8bf50cb37a" name="ptolemy.domains.sdf.lib.test.junit.JUnitTclTest" skipped="0" tests="82" time="9.742" timestamp="2019-11-23T06:56:51">
  <properties>
[...]
</properties>
  <testcase classname="ptolemy.util.test.junit.TclTests" name="[0] /home/travis/build/icyphy/ptII/ptolemy/domains/sdf/lib/test/ArrayToSequence.tcl (RunTclFile)" time="0.7" />
  <testcase classname="ptolemy.util.test.junit.TclTests" name="[1] /home/travis/build/icyphy/ptII/ptolemy/domains/sdf/lib/test/BitsToInt.tcl (RunTclFile)" time="0.076" />
  <testcase classname="ptolemy.util.test.junit.TclTests" name="[2] /home/travis/build/icyphy/ptII/ptolemy/domains/sdf/lib/test/DelayLine.tcl (RunTclFile)" time="0.055" />
  <testcase classname="ptolemy.util.test.junit.TclTests" name="[3] /home/travis/build/icyphy/ptII/ptolemy/domains/sdf/lib/test/FFT.tcl (RunTclFile)" time="0.045" />
  <testcase classname="ptolemy.util.test.junit.TclTests" name="[4] /home/travis/build/icyphy/ptII/ptolemy/domains/sdf/lib/test/FIR.tcl (RunTclFile)" time="0.229" />
  <testcase classname="ptolemy.util.test.junit.TclTests" name="[5] /home/travis/build/icyphy/ptII/ptolemy/domains/sdf/lib/test/IntToBits.tcl (RunTclFile)" time="0.043" />
  <testcase classname="ptolemy.util.test.junit.TclTests" name="[6] /home/travis/build/icyphy/ptII/ptolemy/domains/sdf/lib/test/MaximumEntropySpectrum.tcl (RunTclFile)" time="0.332" />
  <testcase classname="ptolemy.util.test.junit.TclTests" name="[7] /home/travis/build/icyphy/ptII/ptolemy/domains/sdf/lib/test/Repeat.tcl (RunTclFile)" time="0.077" />
  <testcase classname="ptolemy.util.test.junit.TclTests" name="[8] /home/travis/build/icyphy/ptII/ptolemy/domains/sdf/lib/test/SampleDelay.tcl (RunTclFile)" time="0.061" />
  <testcase classname="ptolemy.util.test.junit.TclTests" name="[9] /home/travis/build/icyphy/ptII/ptolemy/domains/sdf/lib/test/SequenceToArray.tcl (RunTclFile)" time="0.037" />
  <testcase classname="ptolemy.util.test.junit.AutoKnownFailedTests" name="[0] ThereAreNoKnowFailedTests (RunModel)" time="0.001" />
  <testcase classname="ptolemy.util.test.junit.AutoNameArchTests" name="[0] ThereAreNoAutoArchTests (RunModel)" time="0.003" />
  <testcase classname="ptolemy.util.test.junit.AutoTests" name="[0] /home/travis/build/icyphy/ptII/ptolemy/domains/sdf/lib/test/auto/ArrayToSequence.xml (RunModel)" time="0.281" />
  <testcase classname="ptolemy.util.test.junit.AutoTests" name="[1] /home/travis/build/icyphy/ptII/ptolemy/domains/sdf/lib/test/auto/ArrayToSequenceTest.xml (RunModel)" time="0.104" />
  <testcase classname="ptolemy.util.test.junit.AutoTests" name="[2] /home/travis/build/icyphy/ptII/ptolemy/domains/sdf/lib/test/auto/Autocorrelation.xml (RunModel)" time="0.097" />
  <testcase classname="ptolemy.util.test.junit.AutoTests" name="[3] /home/travis/build/icyphy/ptII/ptolemy/domains/sdf/lib/test/auto/Autocorrelation2.xml (RunModel)" time="0.044" />
  <testcase classname="ptolemy.util.test.junit.AutoTests" name="[4] /home/travis/build/icyphy/ptII/ptolemy/domains/sdf/lib/test/auto/Autocorrelation3.xml (RunModel)" time="0.022" />
  <testcase classname="ptolemy.util.test.junit.AutoTests" name="[5] /home/travis/build/icyphy/ptII/ptolemy/domains/sdf/lib/test/auto/Autocorrelation4.xml (RunModel)" time="0.066" />
  <testcase classname="ptolemy.util.test.junit.AutoTests" name="[6] /home/travis/build/icyphy/ptII/ptolemy/domains/sdf/lib/test/auto/Autocorrelation5.xml (RunModel)" time="0.128" />
  <testcase classname="ptolemy.util.test.junit.AutoTests" name="[7] /home/travis/build/icyphy/ptII/ptolemy/domains/sdf/lib/test/auto/BitsToInt.xml (RunModel)" time="0.032" />
  <testcase classname="ptolemy.util.test.junit.AutoTests" name="[8] /home/travis/build/icyphy/ptII/ptolemy/domains/sdf/lib/test/auto/BooleanJoin.xml (RunModel)" time="0.035" />
  <testcase classname="ptolemy.util.test.junit.AutoTests" name="[9] /home/travis/build/icyphy/ptII/ptolemy/domains/sdf/lib/test/auto/BootstrapSampleDelay.xml (RunModel)" time="0.057" />
  <testcase classname="ptolemy.util.test.junit.AutoTests" name="[10] /home/travis/build/icyphy/ptII/ptolemy/domains/sdf/lib/test/auto/Chop.xml (RunModel)" time="0.082" />
  <testcase classname="ptolemy.util.test.junit.AutoTests" name="[11] /home/travis/build/icyphy/ptII/ptolemy/domains/sdf/lib/test/auto/Chop2.xml (RunModel)" time="0.065" />
  <testcase classname="ptolemy.util.test.junit.AutoTests" name="[12] /home/travis/build/icyphy/ptII/ptolemy/domains/sdf/lib/test/auto/ComplexJoin.xml (RunModel)" time="0.038" />
  <testcase classname="ptolemy.util.test.junit.AutoTests" name="[13] /home/travis/build/icyphy/ptII/ptolemy/domains/sdf/lib/test/auto/CountTrues.xml (RunModel)" time="0.033" />
  <testcase classname="ptolemy.util.test.junit.AutoTests" name="[14] /home/travis/build/icyphy/ptII/ptolemy/domains/sdf/lib/test/auto/DelayLine.xml (RunModel)" time="0.042" />
  <testcase classname="ptolemy.util.test.junit.AutoTests" name="[15] /home/travis/build/icyphy/ptII/ptolemy/domains/sdf/lib/test/auto/DotProduct.xml (RunModel)" time="0.035" />
  <testcase classname="ptolemy.util.test.junit.AutoTests" name="[16] /home/travis/build/icyphy/ptII/ptolemy/domains/sdf/lib/test/auto/DotProductMatrix.xml (RunModel)" time="0.029" />
  <testcase classname="ptolemy.util.test.junit.AutoTests" name="[17] /home/travis/build/icyphy/ptII/ptolemy/domains/sdf/lib/test/auto/DownSample1.xml (RunModel)" time="0.036" />
  <testcase classname="ptolemy.util.test.junit.AutoTests" name="[18] /home/travis/build/icyphy/ptII/ptolemy/domains/sdf/lib/test/auto/DynamicRateChange.xml (RunModel)" time="0.043" />
  <testcase classname="ptolemy.util.test.junit.AutoTests" name="[19] /home/travis/build/icyphy/ptII/ptolemy/domains/sdf/lib/test/auto/DynamicRates.xml (RunModel)" time="0.041" />
  <testcase classname="ptolemy.util.test.junit.AutoTests" name="[20] /home/travis/build/icyphy/ptII/ptolemy/domains/sdf/lib/test/auto/FFT1.xml (RunModel)" time="0.05" />
  <testcase classname="ptolemy.util.test.junit.AutoTests" name="[21] /home/travis/build/icyphy/ptII/ptolemy/domains/sdf/lib/test/auto/FIR1.xml (RunModel)" time="0.069" />
  <testcase classname="ptolemy.util.test.junit.AutoTests" name="[22] /home/travis/build/icyphy/ptII/ptolemy/domains/sdf/lib/test/auto/FIR2.xml (RunModel)" time="0.035" />
  <testcase classname="ptolemy.util.test.junit.AutoTests" name="[23] /home/travis/build/icyphy/ptII/ptolemy/domains/sdf/lib/test/auto/FIR4.xml (RunModel)" time="0.06" />
  <testcase classname="ptolemy.util.test.junit.AutoTests" name="[24] /home/travis/build/icyphy/ptII/ptolemy/domains/sdf/lib/test/auto/FixJoin.xml (RunModel)" time="0.049" />
  <testcase classname="ptolemy.util.test.junit.AutoTests" name="[25] /home/travis/build/icyphy/ptII/ptolemy/domains/sdf/lib/test/auto/IntJoin1.xml (RunModel)" time="0.023" />
  <testcase classname="ptolemy.util.test.junit.AutoTests" name="[26] /home/travis/build/icyphy/ptII/ptolemy/domains/sdf/lib/test/auto/IntJoin2.xml (RunModel)" time="0.024" />
  <testcase classname="ptolemy.util.test.junit.AutoTests" name="[27] /home/travis/build/icyphy/ptII/ptolemy/domains/sdf/lib/test/auto/IntJoin3.xml (RunModel)" time="0.022" />
  <testcase classname="ptolemy.util.test.junit.AutoTests" name="[28] /home/travis/build/icyphy/ptII/ptolemy/domains/sdf/lib/test/auto/IntJoin4.xml (RunModel)" time="0.022" />
  <testcase classname="ptolemy.util.test.junit.AutoTests" name="[29] /home/travis/build/icyphy/ptII/ptolemy/domains/sdf/lib/test/auto/IntJoin5.xml (RunModel)" time="0.027" />
  <testcase classname="ptolemy.util.test.junit.AutoTests" name="[30] /home/travis/build/icyphy/ptII/ptolemy/domains/sdf/lib/test/auto/IntToBits.xml (RunModel)" time="0.017" />
  <testcase classname="ptolemy.util.test.junit.AutoTests" name="[31] /home/travis/build/icyphy/ptII/ptolemy/domains/sdf/lib/test/auto/LMSAdaptive.xml (RunModel)" time="0.072" />
  <testcase classname="ptolemy.util.test.junit.AutoTests" name="[32] /home/travis/build/icyphy/ptII/ptolemy/domains/sdf/lib/test/auto/LMSAdaptiveFIR.xml (RunModel)" time="0.454" />
  <testcase classname="ptolemy.util.test.junit.AutoTests" name="[33] /home/travis/build/icyphy/ptII/ptolemy/domains/sdf/lib/test/auto/LMSAdaptiveFIR2.xml (RunModel)" time="0.545" />
  <testcase classname="ptolemy.util.test.junit.AutoTests" name="[34] /home/travis/build/icyphy/ptII/ptolemy/domains/sdf/lib/test/auto/LongJoin.xml (RunModel)" time="0.063" />
  <testcase classname="ptolemy.util.test.junit.AutoTests" name="[35] /home/travis/build/icyphy/ptII/ptolemy/domains/sdf/lib/test/auto/Matrix1.xml (RunModel)" time="0.037" />
  <testcase classname="ptolemy.util.test.junit.AutoTests" name="[36] /home/travis/build/icyphy/ptII/ptolemy/domains/sdf/lib/test/auto/Matrix2.xml (RunModel)" time="0.031" />
  <testcase classname="ptolemy.util.test.junit.AutoTests" name="[37] /home/travis/build/icyphy/ptII/ptolemy/domains/sdf/lib/test/auto/MatrixJoin1.xml (RunModel)" time="0.038" />
  <testcase classname="ptolemy.util.test.junit.AutoTests" name="[38] /home/travis/build/icyphy/ptII/ptolemy/domains/sdf/lib/test/auto/MatrixJoin2.xml (RunModel)" time="0.028" />
  <testcase classname="ptolemy.util.test.junit.AutoTests" name="[39] /home/travis/build/icyphy/ptII/ptolemy/domains/sdf/lib/test/auto/MatrixJoin3.xml (RunModel)" time="0.027" />
  <testcase classname="ptolemy.util.test.junit.AutoTests" name="[40] /home/travis/build/icyphy/ptII/ptolemy/domains/sdf/lib/test/auto/MatrixJoin4.xml (RunModel)" time="0.018" />
  <testcase classname="ptolemy.util.test.junit.AutoTests" name="[41] /home/travis/build/icyphy/ptII/ptolemy/domains/sdf/lib/test/auto/MatrixJoin5.xml (RunModel)" time="0.016" />
  <testcase classname="ptolemy.util.test.junit.AutoTests" name="[42] /home/travis/build/icyphy/ptII/ptolemy/domains/sdf/lib/test/auto/MatrixSplit1.xml (RunModel)" time="0.023" />
  <testcase classname="ptolemy.util.test.junit.AutoTests" name="[43] /home/travis/build/icyphy/ptII/ptolemy/domains/sdf/lib/test/auto/MatrixSplit10.xml (RunModel)" time="0.027" />
  <testcase classname="ptolemy.util.test.junit.AutoTests" name="[44] /home/travis/build/icyphy/ptII/ptolemy/domains/sdf/lib/test/auto/MatrixSplit11.xml (RunModel)" time="0.014" />
  <testcase classname="ptolemy.util.test.junit.AutoTests" name="[45] /home/travis/build/icyphy/ptII/ptolemy/domains/sdf/lib/test/auto/MatrixSplit12.xml (RunModel)" time="0.02" />
  <testcase classname="ptolemy.util.test.junit.AutoTests" name="[46] /home/travis/build/icyphy/ptII/ptolemy/domains/sdf/lib/test/auto/MatrixSplit13.xml (RunModel)" time="0.033" />
  <testcase classname="ptolemy.util.test.junit.AutoTests" name="[47] /home/travis/build/icyphy/ptII/ptolemy/domains/sdf/lib/test/auto/MatrixSplit14.xml (RunModel)" time="0.017" />
  <testcase classname="ptolemy.util.test.junit.AutoTests" name="[48] /home/travis/build/icyphy/ptII/ptolemy/domains/sdf/lib/test/auto/MatrixSplit2.xml (RunModel)" time="0.012" />
  <testcase classname="ptolemy.util.test.junit.AutoTests" name="[49] /home/travis/build/icyphy/ptII/ptolemy/domains/sdf/lib/test/auto/MatrixSplit3.xml (RunModel)" time="0.012" />
  <testcase classname="ptolemy.util.test.junit.AutoTests" name="[50] /home/travis/build/icyphy/ptII/ptolemy/domains/sdf/lib/test/auto/MatrixSplit4.xml (RunModel)" time="0.014" />
  <testcase classname="ptolemy.util.test.junit.AutoTests" name="[51] /home/travis/build/icyphy/ptII/ptolemy/domains/sdf/lib/test/auto/MatrixSplit5.xml (RunModel)" time="0.024" />
  <testcase classname="ptolemy.util.test.junit.AutoTests" name="[52] /home/travis/build/icyphy/ptII/ptolemy/domains/sdf/lib/test/auto/MatrixSplit6.xml (RunModel)" time="0.014" />
  <testcase classname="ptolemy.util.test.junit.AutoTests" name="[53] /home/travis/build/icyphy/ptII/ptolemy/domains/sdf/lib/test/auto/MatrixSplit7.xml (RunModel)" time="0.014" />
  <testcase classname="ptolemy.util.test.junit.AutoTests" name="[54] /home/travis/build/icyphy/ptII/ptolemy/domains/sdf/lib/test/auto/MatrixSplit8.xml (RunModel)" time="0.016" />
  <testcase classname="ptolemy.util.test.junit.AutoTests" name="[55] /home/travis/build/icyphy/ptII/ptolemy/domains/sdf/lib/test/auto/MatrixSplit9.xml (RunModel)" time="0.029" />
  <testcase classname="ptolemy.util.test.junit.AutoTests" name="[56] /home/travis/build/icyphy/ptII/ptolemy/domains/sdf/lib/test/auto/MatrixToSequence.xml (RunModel)" time="0.046" />
  <testcase classname="ptolemy.util.test.junit.AutoTests" name="[57] /home/travis/build/icyphy/ptII/ptolemy/domains/sdf/lib/test/auto/MaximumEntropySpectrum.xml (RunModel)" time="0.103" />
  <testcase classname="ptolemy.util.test.junit.AutoTests" name="[58] /home/travis/build/icyphy/ptII/ptolemy/domains/sdf/lib/test/auto/SampleDelayConversion.xml (RunModel)" time="0.019" />
  <testcase classname="ptolemy.util.test.junit.AutoTests" name="[59] /home/travis/build/icyphy/ptII/ptolemy/domains/sdf/lib/test/auto/SequenceToArray.xml (RunModel)" time="0.037" />
  <testcase classname="ptolemy.util.test.junit.AutoTests" name="[60] /home/travis/build/icyphy/ptII/ptolemy/domains/sdf/lib/test/auto/SequenceToMatrix.xml (RunModel)" time="3.632" />
  <testcase classname="ptolemy.util.test.junit.AutoTests" name="[61] /home/travis/build/icyphy/ptII/ptolemy/domains/sdf/lib/test/auto/SmoothedPeriodogram.xml (RunModel)" time="0.066" />
  <testcase classname="ptolemy.util.test.junit.AutoTests" name="[62] /home/travis/build/icyphy/ptII/ptolemy/domains/sdf/lib/test/auto/UpDownSample1.xml (RunModel)" time="0.023" />
  <testcase classname="ptolemy.util.test.junit.AutoTests" name="[63] /home/travis/build/icyphy/ptII/ptolemy/domains/sdf/lib/test/auto/UpSample1.xml (RunModel)" time="0.012" />
  <testcase classname="ptolemy.util.test.junit.AutoTests" name="[64] /home/travis/build/icyphy/ptII/ptolemy/domains/sdf/lib/test/auto/VariableFIR.xml (RunModel)" time="0.018" />
  <testcase classname="ptolemy.util.test.junit.AutoTests" name="[65] /home/travis/build/icyphy/ptII/ptolemy/domains/sdf/lib/test/auto/VariableFIR2.xml (RunModel)" time="0.019" />
  <testcase classname="ptolemy.util.test.junit.AutoTests" name="[66] /home/travis/build/icyphy/ptII/ptolemy/domains/sdf/lib/test/auto/VariableLattice.xml (RunModel)" time="0.024" />
  <testcase classname="ptolemy.util.test.junit.AutoTests" name="[67] /home/travis/build/icyphy/ptII/ptolemy/domains/sdf/lib/test/auto/VariableLattice2.xml (RunModel)" time="0.019" />
  <testcase classname="ptolemy.util.test.junit.AutoTests" name="[68] /home/travis/build/icyphy/ptII/ptolemy/domains/sdf/lib/test/auto/VariableRecursiveLattice.xml (RunModel)" time="0.016" />
  <testcase classname="ptolemy.util.test.junit.AutoTests" name="[69] /home/travis/build/icyphy/ptII/ptolemy/domains/sdf/lib/test/auto/VariableRecursiveLattice2.xml (RunModel)" time="0.021" />
  <system-out><![CDATA[/home/travis/build/icyphy/ptII/ptolemy/domains/sdf/lib/test/ArrayToSequence.tcl
testDefs.tcl: setting time out to 9000 seconds at Sat Nov 23 06:56:51 UTC 2019
96 ms. Memory: 120832K Free: 87489K (72%)
20 ms. Memory: 120832K Free: 85441K (71%)
19 ms. Memory: 120832K Free: 83378K (69%)
27 ms. Memory: 120832K Free: 81859K (68%)
/home/travis/build/icyphy/ptII/ptolemy/domains/sdf/lib/test/BitsToInt.tcl
31 ms. Memory: 120832K Free: 80306K (66%)
22 ms. Memory: 120832K Free: 78258K (65%)
/home/travis/build/icyphy/ptII/ptolemy/domains/sdf/lib/test/DelayLine.tcl
16 ms. Memory: 120832K Free: 76739K (64%)
/home/travis/build/icyphy/ptII/ptolemy/domains/sdf/lib/test/FFT.tcl
18 ms. Memory: 120832K Free: 74691K (62%)
/home/travis/build/icyphy/ptII/ptolemy/domains/sdf/lib/test/FIR.tcl
19 ms. Memory: 120832K Free: 73146K (61%)
97 ms. Memory: 120832K Free: 69057K (57%)
ptolemy.kernel.util.IllegalActionException: multiplyReverse method not supported between ptolemy.data.FixToken 'fix(-0.0625,6,2)' and ptolemy.data.IntToken '1' because the types are incomparable.
  in .top.FIRclone
Because:
multiplyReverse method not supported between ptolemy.data.FixToken 'fix(-0.0625,6,2)' and ptolemy.data.IntToken '1' because the types are incomparable.
38 ms. Memory: 120832K Free: 66499K (55%)
/home/travis/build/icyphy/ptII/ptolemy/domains/sdf/lib/test/IntToBits.tcl
6 ms. Memory: 120832K Free: 64954K (54%)
11 ms. Memory: 120832K Free: 63427K (52%)
/home/travis/build/icyphy/ptII/ptolemy/domains/sdf/lib/test/MaximumEntropySpectrum.tcl
/home/travis/build/icyphy/ptII/ptolemy/domains/sdf/lib/test/Repeat.tcl
45 ms. Memory: 120832K Free: 105903K (88%)
/home/travis/build/icyphy/ptII/ptolemy/domains/sdf/lib/test/SampleDelay.tcl
5 ms. Memory: 120832K Free: 103857K (86%)
11 ms. Memory: 120832K Free: 103112K (85%)
4 ms. Memory: 120832K Free: 102468K (85%)
13 ms. Memory: 120832K Free: 101466K (84%)
3 ms. Memory: 120832K Free: 101110K (84%)
2 ms. Memory: 120832K Free: 100442K (83%)
/home/travis/build/icyphy/ptII/ptolemy/domains/sdf/lib/test/SequenceToArray.tcl
5 ms. Memory: 120832K Free: 98737K (82%)
4 ms. Memory: 120832K Free: 98021K (81%)
5 ms. Memory: 120832K Free: 96346K (80%)
5 ms. Memory: 120832K Free: 95322K (79%)
11/23/19 06:56:53
Failed: 0  Total Tests: 41  ((Passed: 41, Newly Passed: 0)  Known Failed: 0) /home/travis/build/icyphy/ptII/ptolemy/domains/sdf/lib/test
No auto/knownFailedTests/*.xml tests in /home/travis/build/icyphy/ptII/ptolemy/domains/sdf/lib/test
No auto/linux-amd64/*.xml tests in /home/travis/build/icyphy/ptII/ptolemy/domains/sdf/lib/test
AutoTests.java: About to close Vertx.
AutoTests.java: Vertx closed.

===========================================================================================
----------------- testing Sat Nov 23 06:56:53 UTC 2019 /home/travis/build/icyphy/ptII/ptolemy/domains/sdf/lib/test/auto/ArrayToSequence.xml
----------------- Instantiating /home/travis/build/icyphy/ptII/ptolemy/domains/sdf/lib/test/auto/ArrayToSequence.xml
52 ms. Memory: 120832K Free: 86327K (71%)
----------------- Invoking toplevel() on ptolemy.moml.MoMLSimpleApplication@3d145461
----------------- Done invoking toplevel() on ptolemy.moml.MoMLSimpleApplication@3d145461
reloadAllAccessors: .ArrayToSequence

===========================================================================================
----------------- testing Sat Nov 23 06:56:53 UTC 2019 /home/travis/build/icyphy/ptII/ptolemy/domains/sdf/lib/test/auto/ArrayToSequenceTest.xml
----------------- Instantiating /home/travis/build/icyphy/ptII/ptolemy/domains/sdf/lib/test/auto/ArrayToSequenceTest.xml
26 ms. Memory: 120832K Free: 80142K (66%)
----------------- Invoking toplevel() on ptolemy.moml.MoMLSimpleApplication@557b6406
----------------- Done invoking toplevel() on ptolemy.moml.MoMLSimpleApplication@557b6406
reloadAllAccessors: .ArrayToSequenceTest

===========================================================================================
----------------- testing Sat Nov 23 06:56:53 UTC 2019 /home/travis/build/icyphy/ptII/ptolemy/domains/sdf/lib/test/auto/Autocorrelation.xml
----------------- Instantiating /home/travis/build/icyphy/ptII/ptolemy/domains/sdf/lib/test/auto/Autocorrelation.xml
32 ms. Memory: 152576K Free: 136547K (89%)
----------------- Invoking toplevel() on ptolemy.moml.MoMLSimpleApplication@ab3a7f5
----------------- Done invoking toplevel() on ptolemy.moml.MoMLSimpleApplication@ab3a7f5
reloadAllAccessors: .Autocorrelation

===========================================================================================
----------------- testing Sat Nov 23 06:56:53 UTC 2019 /home/travis/build/icyphy/ptII/ptolemy/domains/sdf/lib/test/auto/Autocorrelation2.xml
----------------- Instantiating /home/travis/build/icyphy/ptII/ptolemy/domains/sdf/lib/test/auto/Autocorrelation2.xml
4 ms. Memory: 152576K Free: 132146K (87%)
----------------- Invoking toplevel() on ptolemy.moml.MoMLSimpleApplication@317c25bb
----------------- Done invoking toplevel() on ptolemy.moml.MoMLSimpleApplication@317c25bb
reloadAllAccessors: .Autocorrelation2

===========================================================================================
----------------- testing Sat Nov 23 06:56:53 UTC 2019 /home/travis/build/icyphy/ptII/ptolemy/domains/sdf/lib/test/auto/Autocorrelation3.xml
----------------- Instantiating /home/travis/build/icyphy/ptII/ptolemy/domains/sdf/lib/test/auto/Autocorrelation3.xml
4 ms. Memory: 152576K Free: 128637K (84%)
----------------- Invoking toplevel() on ptolemy.moml.MoMLSimpleApplication@64a44e8a
----------------- Done invoking toplevel() on ptolemy.moml.MoMLSimpleApplication@64a44e8a
reloadAllAccessors: .Autocorrelation3

===========================================================================================
----------------- testing Sat Nov 23 06:56:53 UTC 2019 /home/travis/build/icyphy/ptII/ptolemy/domains/sdf/lib/test/auto/Autocorrelation4.xml
----------------- Instantiating /home/travis/build/icyphy/ptII/ptolemy/domains/sdf/lib/test/auto/Autocorrelation4.xml
11 ms. Memory: 152576K Free: 124259K (81%)
----------------- Invoking toplevel() on ptolemy.moml.MoMLSimpleApplication@49745466
----------------- Done invoking toplevel() on ptolemy.moml.MoMLSimpleApplication@49745466
reloadAllAccessors: .Autocorrelation4

===========================================================================================
----------------- testing Sat Nov 23 06:56:54 UTC 2019 /home/travis/build/icyphy/ptII/ptolemy/domains/sdf/lib/test/auto/Autocorrelation5.xml
----------------- Instantiating /home/travis/build/icyphy/ptII/ptolemy/domains/sdf/lib/test/auto/Autocorrelation5.xml
64 ms. Memory: 152576K Free: 117641K (77%)
----------------- Invoking toplevel() on ptolemy.moml.MoMLSimpleApplication@35f2b5d2
----------------- Done invoking toplevel() on ptolemy.moml.MoMLSimpleApplication@35f2b5d2
reloadAllAccessors: .Autocorrelation5

===========================================================================================
----------------- testing Sat Nov 23 06:56:54 UTC 2019 /home/travis/build/icyphy/ptII/ptolemy/domains/sdf/lib/test/auto/BitsToInt.xml
----------------- Instantiating /home/travis/build/icyphy/ptII/ptolemy/domains/sdf/lib/test/auto/BitsToInt.xml
7 ms. Memory: 152576K Free: 114279K (75%)
----------------- Invoking toplevel() on ptolemy.moml.MoMLSimpleApplication@39ea9eef
----------------- Done invoking toplevel() on ptolemy.moml.MoMLSimpleApplication@39ea9eef
reloadAllAccessors: .BitsToInt

===========================================================================================
----------------- testing Sat Nov 23 06:56:54 UTC 2019 /home/travis/build/icyphy/ptII/ptolemy/domains/sdf/lib/test/auto/BooleanJoin.xml
----------------- Instantiating /home/travis/build/icyphy/ptII/ptolemy/domains/sdf/lib/test/auto/BooleanJoin.xml
6 ms. Memory: 152576K Free: 110205K (72%)
----------------- Invoking toplevel() on ptolemy.moml.MoMLSimpleApplication@7ddff9e6
----------------- Done invoking toplevel() on ptolemy.moml.MoMLSimpleApplication@7ddff9e6
reloadAllAccessors: .BooleanJoin

===========================================================================================
----------------- testing Sat Nov 23 06:56:54 UTC 2019 /home/travis/build/icyphy/ptII/ptolemy/domains/sdf/lib/test/auto/BootstrapSampleDelay.xml
----------------- Instantiating /home/travis/build/icyphy/ptII/ptolemy/domains/sdf/lib/test/auto/BootstrapSampleDelay.xml
14 ms. Memory: 152576K Free: 106512K (70%)
----------------- Invoking toplevel() on ptolemy.moml.MoMLSimpleApplication@72131fac
----------------- Done invoking toplevel() on ptolemy.moml.MoMLSimpleApplication@72131fac
reloadAllAccessors: .BootstrapSampleDelay

===========================================================================================
----------------- testing Sat Nov 23 06:56:54 UTC 2019 /home/travis/build/icyphy/ptII/ptolemy/domains/sdf/lib/test/auto/Chop.xml
----------------- Instantiating /home/travis/build/icyphy/ptII/ptolemy/domains/sdf/lib/test/auto/Chop.xml
6 ms. Memory: 152576K Free: 98941K (65%)
----------------- Invoking toplevel() on ptolemy.moml.MoMLSimpleApplication@59872e00
----------------- Done invoking toplevel() on ptolemy.moml.MoMLSimpleApplication@59872e00
reloadAllAccessors: .Chop

===========================================================================================
----------------- testing Sat Nov 23 06:56:54 UTC 2019 /home/travis/build/icyphy/ptII/ptolemy/domains/sdf/lib/test/auto/Chop2.xml
----------------- Instantiating /home/travis/build/icyphy/ptII/ptolemy/domains/sdf/lib/test/auto/Chop2.xml
10 ms. Memory: 152576K Free: 133744K (88%)
----------------- Invoking toplevel() on ptolemy.moml.MoMLSimpleApplication@5c61ef9d
----------------- Done invoking toplevel() on ptolemy.moml.MoMLSimpleApplication@5c61ef9d
reloadAllAccessors: .Chop2

===========================================================================================
----------------- testing Sat Nov 23 06:56:54 UTC 2019 /home/travis/build/icyphy/ptII/ptolemy/domains/sdf/lib/test/auto/ComplexJoin.xml
----------------- Instantiating /home/travis/build/icyphy/ptII/ptolemy/domains/sdf/lib/test/auto/ComplexJoin.xml
6 ms. Memory: 152576K Free: 128732K (84%)
----------------- Invoking toplevel() on ptolemy.moml.MoMLSimpleApplication@4d8fe081
----------------- Done invoking toplevel() on ptolemy.moml.MoMLSimpleApplication@4d8fe081
reloadAllAccessors: .ComplexJoin

===========================================================================================
----------------- testing Sat Nov 23 06:56:54 UTC 2019 /home/travis/build/icyphy/ptII/ptolemy/domains/sdf/lib/test/auto/CountTrues.xml
----------------- Instantiating /home/travis/build/icyphy/ptII/ptolemy/domains/sdf/lib/test/auto/CountTrues.xml
6 ms. Memory: 152576K Free: 126042K (83%)
----------------- Invoking toplevel() on ptolemy.moml.MoMLSimpleApplication@3da12dc7
----------------- Done invoking toplevel() on ptolemy.moml.MoMLSimpleApplication@3da12dc7
reloadAllAccessors: .CountTrues

===========================================================================================
----------------- testing Sat Nov 23 06:56:54 UTC 2019 /home/travis/build/icyphy/ptII/ptolemy/domains/sdf/lib/test/auto/DelayLine.xml
----------------- Instantiating /home/travis/build/icyphy/ptII/ptolemy/domains/sdf/lib/test/auto/DelayLine.xml
12 ms. Memory: 152576K Free: 120510K (79%)
----------------- Invoking toplevel() on ptolemy.moml.MoMLSimpleApplication@4c0b33d1
----------------- Done invoking toplevel() on ptolemy.moml.MoMLSimpleApplication@4c0b33d1
reloadAllAccessors: .DelayLine

===========================================================================================
----------------- testing Sat Nov 23 06:56:54 UTC 2019 /home/travis/build/icyphy/ptII/ptolemy/domains/sdf/lib/test/auto/DotProduct.xml
----------------- Instantiating /home/travis/build/icyphy/ptII/ptolemy/domains/sdf/lib/test/auto/DotProduct.xml
5 ms. Memory: 152576K Free: 117468K (77%)
----------------- Invoking toplevel() on ptolemy.moml.MoMLSimpleApplication@50959b2a
----------------- Done invoking toplevel() on ptolemy.moml.MoMLSimpleApplication@50959b2a
reloadAllAccessors: .DotProduct

===========================================================================================
----------------- testing Sat Nov 23 06:56:54 UTC 2019 /home/travis/build/icyphy/ptII/ptolemy/domains/sdf/lib/test/auto/DotProductMatrix.xml
----------------- Instantiating /home/travis/build/icyphy/ptII/ptolemy/domains/sdf/lib/test/auto/DotProductMatrix.xml
5 ms. Memory: 152576K Free: 114754K (75%)
----------------- Invoking toplevel() on ptolemy.moml.MoMLSimpleApplication@24037bd9
----------------- Done invoking toplevel() on ptolemy.moml.MoMLSimpleApplication@24037bd9
reloadAllAccessors: .DotProductMatrix

===========================================================================================
----------------- testing Sat Nov 23 06:56:54 UTC 2019 /home/travis/build/icyphy/ptII/ptolemy/domains/sdf/lib/test/auto/DownSample1.xml
----------------- Instantiating /home/travis/build/icyphy/ptII/ptolemy/domains/sdf/lib/test/auto/DownSample1.xml
5 ms. Memory: 152576K Free: 111308K (73%)
----------------- Invoking toplevel() on ptolemy.moml.MoMLSimpleApplication@4586cd9b
----------------- Done invoking toplevel() on ptolemy.moml.MoMLSimpleApplication@4586cd9b
reloadAllAccessors: .DownSample1

===========================================================================================
----------------- testing Sat Nov 23 06:56:54 UTC 2019 /home/travis/build/icyphy/ptII/ptolemy/domains/sdf/lib/test/auto/DynamicRateChange.xml
----------------- Instantiating /home/travis/build/icyphy/ptII/ptolemy/domains/sdf/lib/test/auto/DynamicRateChange.xml
15 ms. Memory: 152576K Free: 105576K (69%)
----------------- Invoking toplevel() on ptolemy.moml.MoMLSimpleApplication@54fd3870
----------------- Done invoking toplevel() on ptolemy.moml.MoMLSimpleApplication@54fd3870
reloadAllAccessors: .DynamicRateChange

===========================================================================================
----------------- testing Sat Nov 23 06:56:54 UTC 2019 /home/travis/build/icyphy/ptII/ptolemy/domains/sdf/lib/test/auto/DynamicRates.xml
----------------- Instantiating /home/travis/build/icyphy/ptII/ptolemy/domains/sdf/lib/test/auto/DynamicRates.xml
12 ms. Memory: 152576K Free: 100060K (66%)
----------------- Invoking toplevel() on ptolemy.moml.MoMLSimpleApplication@46bb3a9c
----------------- Done invoking toplevel() on ptolemy.moml.MoMLSimpleApplication@46bb3a9c
reloadAllAccessors: .DynamicRates

===========================================================================================
----------------- testing Sat Nov 23 06:56:54 UTC 2019 /home/travis/build/icyphy/ptII/ptolemy/domains/sdf/lib/test/auto/FFT1.xml
----------------- Instantiating /home/travis/build/icyphy/ptII/ptolemy/domains/sdf/lib/test/auto/FFT1.xml
13 ms. Memory: 152576K Free: 95734K (63%)
----------------- Invoking toplevel() on ptolemy.moml.MoMLSimpleApplication@3600b76
----------------- Done invoking toplevel() on ptolemy.moml.MoMLSimpleApplication@3600b76
reloadAllAccessors: .FFT1

===========================================================================================
----------------- testing Sat Nov 23 06:56:54 UTC 2019 /home/travis/build/icyphy/ptII/ptolemy/domains/sdf/lib/test/auto/FIR1.xml
----------------- Instantiating /home/travis/build/icyphy/ptII/ptolemy/domains/sdf/lib/test/auto/FIR1.xml
29 ms. Memory: 152576K Free: 88168K (58%)
----------------- Invoking toplevel() on ptolemy.moml.MoMLSimpleApplication@2f972bea
----------------- Done invoking toplevel() on ptolemy.moml.MoMLSimpleApplication@2f972bea
reloadAllAccessors: .FIR1

===========================================================================================
----------------- testing Sat Nov 23 06:56:54 UTC 2019 /home/travis/build/icyphy/ptII/ptolemy/domains/sdf/lib/test/auto/FIR2.xml
----------------- Instantiating /home/travis/build/icyphy/ptII/ptolemy/domains/sdf/lib/test/auto/FIR2.xml
6 ms. Memory: 152576K Free: 85074K (56%)
----------------- Invoking toplevel() on ptolemy.moml.MoMLSimpleApplication@38a4ecd0
----------------- Done invoking toplevel() on ptolemy.moml.MoMLSimpleApplication@38a4ecd0
reloadAllAccessors: .FIR2

===========================================================================================
----------------- testing Sat Nov 23 06:56:54 UTC 2019 /home/travis/build/icyphy/ptII/ptolemy/domains/sdf/lib/test/auto/FIR4.xml
----------------- Instantiating /home/travis/build/icyphy/ptII/ptolemy/domains/sdf/lib/test/auto/FIR4.xml
14 ms. Memory: 152576K Free: 137226K (90%)
----------------- Invoking toplevel() on ptolemy.moml.MoMLSimpleApplication@73a3f7a0
----------------- Done invoking toplevel() on ptolemy.moml.MoMLSimpleApplication@73a3f7a0
reloadAllAccessors: .FIR4

===========================================================================================
----------------- testing Sat Nov 23 06:56:54 UTC 2019 /home/travis/build/icyphy/ptII/ptolemy/domains/sdf/lib/test/auto/FixJoin.xml
----------------- Instantiating /home/travis/build/icyphy/ptII/ptolemy/domains/sdf/lib/test/auto/FixJoin.xml
4 ms. Memory: 152576K Free: 131622K (86%)
----------------- Invoking toplevel() on ptolemy.moml.MoMLSimpleApplication@2c44fab0
----------------- Done invoking toplevel() on ptolemy.moml.MoMLSimpleApplication@2c44fab0
reloadAllAccessors: .FixJoin

===========================================================================================
----------------- testing Sat Nov 23 06:56:55 UTC 2019 /home/travis/build/icyphy/ptII/ptolemy/domains/sdf/lib/test/auto/IntJoin1.xml
----------------- Instantiating /home/travis/build/icyphy/ptII/ptolemy/domains/sdf/lib/test/auto/IntJoin1.xml
3 ms. Memory: 152576K Free: 127526K (84%)
----------------- Invoking toplevel() on ptolemy.moml.MoMLSimpleApplication@161a4b6
----------------- Done invoking toplevel() on ptolemy.moml.MoMLSimpleApplication@161a4b6
reloadAllAccessors: .IntJoin1

===========================================================================================
----------------- testing Sat Nov 23 06:56:55 UTC 2019 /home/travis/build/icyphy/ptII/ptolemy/domains/sdf/lib/test/auto/IntJoin2.xml
----------------- Instantiating /home/travis/build/icyphy/ptII/ptolemy/domains/sdf/lib/test/auto/IntJoin2.xml
3 ms. Memory: 152576K Free: 123060K (81%)
----------------- Invoking toplevel() on ptolemy.moml.MoMLSimpleApplication@4e2bc02a
----------------- Done invoking toplevel() on ptolemy.moml.MoMLSimpleApplication@4e2bc02a
reloadAllAccessors: .IntJoin2

===========================================================================================
----------------- testing Sat Nov 23 06:56:55 UTC 2019 /home/travis/build/icyphy/ptII/ptolemy/domains/sdf/lib/test/auto/IntJoin3.xml
----------------- Instantiating /home/travis/build/icyphy/ptII/ptolemy/domains/sdf/lib/test/auto/IntJoin3.xml
3 ms. Memory: 152576K Free: 118956K (78%)
----------------- Invoking toplevel() on ptolemy.moml.MoMLSimpleApplication@2fe34516
----------------- Done invoking toplevel() on ptolemy.moml.MoMLSimpleApplication@2fe34516
reloadAllAccessors: .IntJoin3

===========================================================================================
----------------- testing Sat Nov 23 06:56:55 UTC 2019 /home/travis/build/icyphy/ptII/ptolemy/domains/sdf/lib/test/auto/IntJoin4.xml
----------------- Instantiating /home/travis/build/icyphy/ptII/ptolemy/domains/sdf/lib/test/auto/IntJoin4.xml
3 ms. Memory: 152576K Free: 114214K (75%)
----------------- Invoking toplevel() on ptolemy.moml.MoMLSimpleApplication@4ff3541d
----------------- Done invoking toplevel() on ptolemy.moml.MoMLSimpleApplication@4ff3541d
reloadAllAccessors: .IntJoin4

===========================================================================================
----------------- testing Sat Nov 23 06:56:55 UTC 2019 /home/travis/build/icyphy/ptII/ptolemy/domains/sdf/lib/test/auto/IntJoin5.xml
----------------- Instantiating /home/travis/build/icyphy/ptII/ptolemy/domains/sdf/lib/test/auto/IntJoin5.xml
2 ms. Memory: 152576K Free: 110118K (72%)
----------------- Invoking toplevel() on ptolemy.moml.MoMLSimpleApplication@6c1e73c9
----------------- Done invoking toplevel() on ptolemy.moml.MoMLSimpleApplication@6c1e73c9
reloadAllAccessors: .IntJoin5

===========================================================================================
----------------- testing Sat Nov 23 06:56:55 UTC 2019 /home/travis/build/icyphy/ptII/ptolemy/domains/sdf/lib/test/auto/IntToBits.xml
----------------- Instantiating /home/travis/build/icyphy/ptII/ptolemy/domains/sdf/lib/test/auto/IntToBits.xml
3 ms. Memory: 152576K Free: 106660K (70%)
----------------- Invoking toplevel() on ptolemy.moml.MoMLSimpleApplication@3383f2d7
----------------- Done invoking toplevel() on ptolemy.moml.MoMLSimpleApplication@3383f2d7
reloadAllAccessors: .IntToBits

===========================================================================================
----------------- testing Sat Nov 23 06:56:55 UTC 2019 /home/travis/build/icyphy/ptII/ptolemy/domains/sdf/lib/test/auto/LMSAdaptive.xml
----------------- Instantiating /home/travis/build/icyphy/ptII/ptolemy/domains/sdf/lib/test/auto/LMSAdaptive.xml
15 ms. Memory: 152576K Free: 98854K (65%)
----------------- Invoking toplevel() on ptolemy.moml.MoMLSimpleApplication@7ea92f3c
----------------- Done invoking toplevel() on ptolemy.moml.MoMLSimpleApplication@7ea92f3c
reloadAllAccessors: .LMSAdaptive

===========================================================================================
----------------- testing Sat Nov 23 06:56:55 UTC 2019 /home/travis/build/icyphy/ptII/ptolemy/domains/sdf/lib/test/auto/LMSAdaptiveFIR.xml
----------------- Instantiating /home/travis/build/icyphy/ptII/ptolemy/domains/sdf/lib/test/auto/LMSAdaptiveFIR.xml
317 ms. Memory: 152576K Free: 134070K (88%)
----------------- Invoking toplevel() on ptolemy.moml.MoMLSimpleApplication@71f318a6
----------------- Done invoking toplevel() on ptolemy.moml.MoMLSimpleApplication@71f318a6
reloadAllAccessors: .LMSAdaptiveFIR

===========================================================================================
----------------- testing Sat Nov 23 06:56:55 UTC 2019 /home/travis/build/icyphy/ptII/ptolemy/domains/sdf/lib/test/auto/LMSAdaptiveFIR2.xml
----------------- Instantiating /home/travis/build/icyphy/ptII/ptolemy/domains/sdf/lib/test/auto/LMSAdaptiveFIR2.xml
424 ms. Memory: 152576K Free: 75739K (50%)
----------------- Invoking toplevel() on ptolemy.moml.MoMLSimpleApplication@dca4da3
----------------- Done invoking toplevel() on ptolemy.moml.MoMLSimpleApplication@dca4da3
reloadAllAccessors: .LMSAdaptiveFIR2

===========================================================================================
----------------- testing Sat Nov 23 06:56:56 UTC 2019 /home/travis/build/icyphy/ptII/ptolemy/domains/sdf/lib/test/auto/LongJoin.xml
----------------- Instantiating /home/travis/build/icyphy/ptII/ptolemy/domains/sdf/lib/test/auto/LongJoin.xml
4 ms. Memory: 152576K Free: 71358K (47%)
----------------- Invoking toplevel() on ptolemy.moml.MoMLSimpleApplication@75dae461
----------------- Done invoking toplevel() on ptolemy.moml.MoMLSimpleApplication@75dae461
reloadAllAccessors: .LongJoin

===========================================================================================
----------------- testing Sat Nov 23 06:56:56 UTC 2019 /home/travis/build/icyphy/ptII/ptolemy/domains/sdf/lib/test/auto/Matrix1.xml
----------------- Instantiating /home/travis/build/icyphy/ptII/ptolemy/domains/sdf/lib/test/auto/Matrix1.xml
3 ms. Memory: 152576K Free: 67500K (44%)
----------------- Invoking toplevel() on ptolemy.moml.MoMLSimpleApplication@59401f6c
----------------- Done invoking toplevel() on ptolemy.moml.MoMLSimpleApplication@59401f6c
reloadAllAccessors: .Matrix1

===========================================================================================
----------------- testing Sat Nov 23 06:56:56 UTC 2019 /home/travis/build/icyphy/ptII/ptolemy/domains/sdf/lib/test/auto/Matrix2.xml
----------------- Instantiating /home/travis/build/icyphy/ptII/ptolemy/domains/sdf/lib/test/auto/Matrix2.xml
5 ms. Memory: 152576K Free: 63420K (42%)
----------------- Invoking toplevel() on ptolemy.moml.MoMLSimpleApplication@1cb05e69
----------------- Done invoking toplevel() on ptolemy.moml.MoMLSimpleApplication@1cb05e69
reloadAllAccessors: .Matrix2

===========================================================================================
----------------- testing Sat Nov 23 06:56:56 UTC 2019 /home/travis/build/icyphy/ptII/ptolemy/domains/sdf/lib/test/auto/MatrixJoin1.xml
----------------- Instantiating /home/travis/build/icyphy/ptII/ptolemy/domains/sdf/lib/test/auto/MatrixJoin1.xml
2 ms. Memory: 152576K Free: 133625K (88%)
----------------- Invoking toplevel() on ptolemy.moml.MoMLSimpleApplication@4722d34e
----------------- Done invoking toplevel() on ptolemy.moml.MoMLSimpleApplication@4722d34e
reloadAllAccessors: .MatrixJoin1

===========================================================================================
----------------- testing Sat Nov 23 06:56:56 UTC 2019 /home/travis/build/icyphy/ptII/ptolemy/domains/sdf/lib/test/auto/MatrixJoin2.xml
----------------- Instantiating /home/travis/build/icyphy/ptII/ptolemy/domains/sdf/lib/test/auto/MatrixJoin2.xml
3 ms. Memory: 152576K Free: 128933K (85%)
----------------- Invoking toplevel() on ptolemy.moml.MoMLSimpleApplication@36cc12d9
----------------- Done invoking toplevel() on ptolemy.moml.MoMLSimpleApplication@36cc12d9
reloadAllAccessors: .MatrixJoin2

===========================================================================================
----------------- testing Sat Nov 23 06:56:56 UTC 2019 /home/travis/build/icyphy/ptII/ptolemy/domains/sdf/lib/test/auto/MatrixJoin3.xml
----------------- Instantiating /home/travis/build/icyphy/ptII/ptolemy/domains/sdf/lib/test/auto/MatrixJoin3.xml
6 ms. Memory: 152576K Free: 124327K (81%)
----------------- Invoking toplevel() on ptolemy.moml.MoMLSimpleApplication@3c88a565
----------------- Done invoking toplevel() on ptolemy.moml.MoMLSimpleApplication@3c88a565
reloadAllAccessors: .MatrixJoin3

===========================================================================================
----------------- testing Sat Nov 23 06:56:56 UTC 2019 /home/travis/build/icyphy/ptII/ptolemy/domains/sdf/lib/test/auto/MatrixJoin4.xml
----------------- Instantiating /home/travis/build/icyphy/ptII/ptolemy/domains/sdf/lib/test/auto/MatrixJoin4.xml
2 ms. Memory: 152576K Free: 119717K (78%)
----------------- Invoking toplevel() on ptolemy.moml.MoMLSimpleApplication@dca3a10
----------------- Done invoking toplevel() on ptolemy.moml.MoMLSimpleApplication@dca3a10
reloadAllAccessors: .MatrixJoin4

===========================================================================================
----------------- testing Sat Nov 23 06:56:56 UTC 2019 /home/travis/build/icyphy/ptII/ptolemy/domains/sdf/lib/test/auto/MatrixJoin5.xml
----------------- Instantiating /home/travis/build/icyphy/ptII/ptolemy/domains/sdf/lib/test/auto/MatrixJoin5.xml
2 ms. Memory: 152576K Free: 115621K (76%)
----------------- Invoking toplevel() on ptolemy.moml.MoMLSimpleApplication@6594f99a
----------------- Done invoking toplevel() on ptolemy.moml.MoMLSimpleApplication@6594f99a
reloadAllAccessors: .MatrixJoin5

===========================================================================================
----------------- testing Sat Nov 23 06:56:56 UTC 2019 /home/travis/build/icyphy/ptII/ptolemy/domains/sdf/lib/test/auto/MatrixSplit1.xml
----------------- Instantiating /home/travis/build/icyphy/ptII/ptolemy/domains/sdf/lib/test/auto/MatrixSplit1.xml
3 ms. Memory: 152576K Free: 110501K (72%)
----------------- Invoking toplevel() on ptolemy.moml.MoMLSimpleApplication@298fbdc8
----------------- Done invoking toplevel() on ptolemy.moml.MoMLSimpleApplication@298fbdc8
reloadAllAccessors: .MatrixSplit1

===========================================================================================
----------------- testing Sat Nov 23 06:56:56 UTC 2019 /home/travis/build/icyphy/ptII/ptolemy/domains/sdf/lib/test/auto/MatrixSplit10.xml
----------------- Instantiating /home/travis/build/icyphy/ptII/ptolemy/domains/sdf/lib/test/auto/MatrixSplit10.xml
3 ms. Memory: 152576K Free: 106919K (70%)
----------------- Invoking toplevel() on ptolemy.moml.MoMLSimpleApplication@743d6d7b
----------------- Done invoking toplevel() on ptolemy.moml.MoMLSimpleApplication@743d6d7b
reloadAllAccessors: .MatrixSplit10

===========================================================================================
----------------- testing Sat Nov 23 06:56:56 UTC 2019 /home/travis/build/icyphy/ptII/ptolemy/domains/sdf/lib/test/auto/MatrixSplit11.xml
----------------- Instantiating /home/travis/build/icyphy/ptII/ptolemy/domains/sdf/lib/test/auto/MatrixSplit11.xml
2 ms. Memory: 152576K Free: 103333K (68%)
----------------- Invoking toplevel() on ptolemy.moml.MoMLSimpleApplication@122c3735
----------------- Done invoking toplevel() on ptolemy.moml.MoMLSimpleApplication@122c3735
reloadAllAccessors: .MatrixSplit11

===========================================================================================
----------------- testing Sat Nov 23 06:56:56 UTC 2019 /home/travis/build/icyphy/ptII/ptolemy/domains/sdf/lib/test/auto/MatrixSplit12.xml
----------------- Instantiating /home/travis/build/icyphy/ptII/ptolemy/domains/sdf/lib/test/auto/MatrixSplit12.xml
2 ms. Memory: 152576K Free: 99751K (65%)
----------------- Invoking toplevel() on ptolemy.moml.MoMLSimpleApplication@4443d85a
----------------- Done invoking toplevel() on ptolemy.moml.MoMLSimpleApplication@4443d85a
reloadAllAccessors: .MatrixSplit12

===========================================================================================
----------------- testing Sat Nov 23 06:56:56 UTC 2019 /home/travis/build/icyphy/ptII/ptolemy/domains/sdf/lib/test/auto/MatrixSplit13.xml
----------------- Instantiating /home/travis/build/icyphy/ptII/ptolemy/domains/sdf/lib/test/auto/MatrixSplit13.xml
3 ms. Memory: 152576K Free: 96165K (63%)
----------------- Invoking toplevel() on ptolemy.moml.MoMLSimpleApplication@2c0d678f
----------------- Done invoking toplevel() on ptolemy.moml.MoMLSimpleApplication@2c0d678f
reloadAllAccessors: .MatrixSplit13

===========================================================================================
----------------- testing Sat Nov 23 06:56:56 UTC 2019 /home/travis/build/icyphy/ptII/ptolemy/domains/sdf/lib/test/auto/MatrixSplit14.xml
----------------- Instantiating /home/travis/build/icyphy/ptII/ptolemy/domains/sdf/lib/test/auto/MatrixSplit14.xml
2 ms. Memory: 152576K Free: 92583K (61%)
----------------- Invoking toplevel() on ptolemy.moml.MoMLSimpleApplication@5d02cbbd
----------------- Done invoking toplevel() on ptolemy.moml.MoMLSimpleApplication@5d02cbbd
reloadAllAccessors: .MatrixSplit14

===========================================================================================
----------------- testing Sat Nov 23 06:56:56 UTC 2019 /home/travis/build/icyphy/ptII/ptolemy/domains/sdf/lib/test/auto/MatrixSplit2.xml
----------------- Instantiating /home/travis/build/icyphy/ptII/ptolemy/domains/sdf/lib/test/auto/MatrixSplit2.xml
2 ms. Memory: 152576K Free: 88997K (58%)
----------------- Invoking toplevel() on ptolemy.moml.MoMLSimpleApplication@3b260b5e
----------------- Done invoking toplevel() on ptolemy.moml.MoMLSimpleApplication@3b260b5e
reloadAllAccessors: .MatrixSplit2

===========================================================================================
----------------- testing Sat Nov 23 06:56:56 UTC 2019 /home/travis/build/icyphy/ptII/ptolemy/domains/sdf/lib/test/auto/MatrixSplit3.xml
----------------- Instantiating /home/travis/build/icyphy/ptII/ptolemy/domains/sdf/lib/test/auto/MatrixSplit3.xml
1 ms. Memory: 152576K Free: 85415K (56%)
----------------- Invoking toplevel() on ptolemy.moml.MoMLSimpleApplication@115eda4c
----------------- Done invoking toplevel() on ptolemy.moml.MoMLSimpleApplication@115eda4c
reloadAllAccessors: .MatrixSplit3

===========================================================================================
----------------- testing Sat Nov 23 06:56:56 UTC 2019 /home/travis/build/icyphy/ptII/ptolemy/domains/sdf/lib/test/auto/MatrixSplit4.xml
----------------- Instantiating /home/travis/build/icyphy/ptII/ptolemy/domains/sdf/lib/test/auto/MatrixSplit4.xml
2 ms. Memory: 152576K Free: 81829K (54%)
----------------- Invoking toplevel() on ptolemy.moml.MoMLSimpleApplication@32a54393
----------------- Done invoking toplevel() on ptolemy.moml.MoMLSimpleApplication@32a54393
reloadAllAccessors: .MatrixSplit4

===========================================================================================
----------------- testing Sat Nov 23 06:56:56 UTC 2019 /home/travis/build/icyphy/ptII/ptolemy/domains/sdf/lib/test/auto/MatrixSplit5.xml
----------------- Instantiating /home/travis/build/icyphy/ptII/ptolemy/domains/sdf/lib/test/auto/MatrixSplit5.xml
11 ms. Memory: 152576K Free: 78247K (51%)
----------------- Invoking toplevel() on ptolemy.moml.MoMLSimpleApplication@4dc69435
----------------- Done invoking toplevel() on ptolemy.moml.MoMLSimpleApplication@4dc69435
reloadAllAccessors: .MatrixSplit5

===========================================================================================
----------------- testing Sat Nov 23 06:56:56 UTC 2019 /home/travis/build/icyphy/ptII/ptolemy/domains/sdf/lib/test/auto/MatrixSplit6.xml
----------------- Instantiating /home/travis/build/icyphy/ptII/ptolemy/domains/sdf/lib/test/auto/MatrixSplit6.xml
3 ms. Memory: 152576K Free: 74661K (49%)
----------------- Invoking toplevel() on ptolemy.moml.MoMLSimpleApplication@5f320082
----------------- Done invoking toplevel() on ptolemy.moml.MoMLSimpleApplication@5f320082
reloadAllAccessors: .MatrixSplit6

===========================================================================================
----------------- testing Sat Nov 23 06:56:56 UTC 2019 /home/travis/build/icyphy/ptII/ptolemy/domains/sdf/lib/test/auto/MatrixSplit7.xml
----------------- Instantiating /home/travis/build/icyphy/ptII/ptolemy/domains/sdf/lib/test/auto/MatrixSplit7.xml
2 ms. Memory: 152576K Free: 71079K (47%)
----------------- Invoking toplevel() on ptolemy.moml.MoMLSimpleApplication@76f23718
----------------- Done invoking toplevel() on ptolemy.moml.MoMLSimpleApplication@76f23718
reloadAllAccessors: .MatrixSplit7

===========================================================================================
----------------- testing Sat Nov 23 06:56:56 UTC 2019 /home/travis/build/icyphy/ptII/ptolemy/domains/sdf/lib/test/auto/MatrixSplit8.xml
----------------- Instantiating /home/travis/build/icyphy/ptII/ptolemy/domains/sdf/lib/test/auto/MatrixSplit8.xml
2 ms. Memory: 152576K Free: 67493K (44%)
----------------- Invoking toplevel() on ptolemy.moml.MoMLSimpleApplication@52efb0d1
----------------- Done invoking toplevel() on ptolemy.moml.MoMLSimpleApplication@52efb0d1
reloadAllAccessors: .MatrixSplit8

===========================================================================================
----------------- testing Sat Nov 23 06:56:56 UTC 2019 /home/travis/build/icyphy/ptII/ptolemy/domains/sdf/lib/test/auto/MatrixSplit9.xml
----------------- Instantiating /home/travis/build/icyphy/ptII/ptolemy/domains/sdf/lib/test/auto/MatrixSplit9.xml
1 ms. Memory: 152576K Free: 63911K (42%)
----------------- Invoking toplevel() on ptolemy.moml.MoMLSimpleApplication@7b685c31
----------------- Done invoking toplevel() on ptolemy.moml.MoMLSimpleApplication@7b685c31
reloadAllAccessors: .MatrixSplit9

===========================================================================================
----------------- testing Sat Nov 23 06:56:56 UTC 2019 /home/travis/build/icyphy/ptII/ptolemy/domains/sdf/lib/test/auto/MatrixToSequence.xml
----------------- Instantiating /home/travis/build/icyphy/ptII/ptolemy/domains/sdf/lib/test/auto/MatrixToSequence.xml
5 ms. Memory: 183296K Free: 163140K (89%)
----------------- Invoking toplevel() on ptolemy.moml.MoMLSimpleApplication@190b7e2e
----------------- Done invoking toplevel() on ptolemy.moml.MoMLSimpleApplication@190b7e2e
reloadAllAccessors: .MatrixToSequence

===========================================================================================
----------------- testing Sat Nov 23 06:56:56 UTC 2019 /home/travis/build/icyphy/ptII/ptolemy/domains/sdf/lib/test/auto/MaximumEntropySpectrum.xml
----------------- Instantiating /home/travis/build/icyphy/ptII/ptolemy/domains/sdf/lib/test/auto/MaximumEntropySpectrum.xml
11 ms. Memory: 183296K Free: 141636K (77%)
----------------- Invoking toplevel() on ptolemy.moml.MoMLSimpleApplication@75e5eeb4
----------------- Done invoking toplevel() on ptolemy.moml.MoMLSimpleApplication@75e5eeb4
reloadAllAccessors: .MaximumEntropySpectrum

===========================================================================================
----------------- testing Sat Nov 23 06:56:56 UTC 2019 /home/travis/build/icyphy/ptII/ptolemy/domains/sdf/lib/test/auto/SampleDelayConversion.xml
----------------- Instantiating /home/travis/build/icyphy/ptII/ptolemy/domains/sdf/lib/test/auto/SampleDelayConversion.xml
2 ms. Memory: 183296K Free: 138050K (75%)
----------------- Invoking toplevel() on ptolemy.moml.MoMLSimpleApplication@4f38e7a1
----------------- Done invoking toplevel() on ptolemy.moml.MoMLSimpleApplication@4f38e7a1
reloadAllAccessors: .SampleDelayConversion

===========================================================================================
----------------- testing Sat Nov 23 06:56:56 UTC 2019 /home/travis/build/icyphy/ptII/ptolemy/domains/sdf/lib/test/auto/SequenceToArray.xml
----------------- Instantiating /home/travis/build/icyphy/ptII/ptolemy/domains/sdf/lib/test/auto/SequenceToArray.xml
9 ms. Memory: 183296K Free: 127300K (69%)
----------------- Invoking toplevel() on ptolemy.moml.MoMLSimpleApplication@d28e702
----------------- Done invoking toplevel() on ptolemy.moml.MoMLSimpleApplication@d28e702
reloadAllAccessors: .SequenceToArray

===========================================================================================
----------------- testing Sat Nov 23 06:56:57 UTC 2019 /home/travis/build/icyphy/ptII/ptolemy/domains/sdf/lib/test/auto/SequenceToMatrix.xml
----------------- Instantiating /home/travis/build/icyphy/ptII/ptolemy/domains/sdf/lib/test/auto/SequenceToMatrix.xml
3607 ms. Memory: 183296K Free: 74655K (41%)
----------------- Invoking toplevel() on ptolemy.moml.MoMLSimpleApplication@1bec52c
----------------- Done invoking toplevel() on ptolemy.moml.MoMLSimpleApplication@1bec52c
reloadAllAccessors: .SequenceToMatrix

===========================================================================================
----------------- testing Sat Nov 23 06:57:00 UTC 2019 /home/travis/build/icyphy/ptII/ptolemy/domains/sdf/lib/test/auto/SmoothedPeriodogram.xml
----------------- Instantiating /home/travis/build/icyphy/ptII/ptolemy/domains/sdf/lib/test/auto/SmoothedPeriodogram.xml
21 ms. Memory: 183296K Free: 166722K (91%)
----------------- Invoking toplevel() on ptolemy.moml.MoMLSimpleApplication@46a064de
----------------- Done invoking toplevel() on ptolemy.moml.MoMLSimpleApplication@46a064de
reloadAllAccessors: .SmoothedPeriodogram

===========================================================================================
----------------- testing Sat Nov 23 06:57:00 UTC 2019 /home/travis/build/icyphy/ptII/ptolemy/domains/sdf/lib/test/auto/UpDownSample1.xml
----------------- Instantiating /home/travis/build/icyphy/ptII/ptolemy/domains/sdf/lib/test/auto/UpDownSample1.xml
3 ms. Memory: 183296K Free: 162116K (88%)
----------------- Invoking toplevel() on ptolemy.moml.MoMLSimpleApplication@289868a
----------------- Done invoking toplevel() on ptolemy.moml.MoMLSimpleApplication@289868a
reloadAllAccessors: .UpDownSample1

===========================================================================================
----------------- testing Sat Nov 23 06:57:00 UTC 2019 /home/travis/build/icyphy/ptII/ptolemy/domains/sdf/lib/test/auto/UpSample1.xml
----------------- Instantiating /home/travis/build/icyphy/ptII/ptolemy/domains/sdf/lib/test/auto/UpSample1.xml
2 ms. Memory: 183296K Free: 158530K (86%)
----------------- Invoking toplevel() on ptolemy.moml.MoMLSimpleApplication@708b1a87
----------------- Done invoking toplevel() on ptolemy.moml.MoMLSimpleApplication@708b1a87
reloadAllAccessors: .UpSample1

===========================================================================================
----------------- testing Sat Nov 23 06:57:00 UTC 2019 /home/travis/build/icyphy/ptII/ptolemy/domains/sdf/lib/test/auto/VariableFIR.xml
----------------- Instantiating /home/travis/build/icyphy/ptII/ptolemy/domains/sdf/lib/test/auto/VariableFIR.xml
3 ms. Memory: 183296K Free: 153410K (84%)
----------------- Invoking toplevel() on ptolemy.moml.MoMLSimpleApplication@443f4f5
----------------- Done invoking toplevel() on ptolemy.moml.MoMLSimpleApplication@443f4f5
reloadAllAccessors: .VariableFIR

===========================================================================================
----------------- testing Sat Nov 23 06:57:00 UTC 2019 /home/travis/build/icyphy/ptII/ptolemy/domains/sdf/lib/test/auto/VariableFIR2.xml
----------------- Instantiating /home/travis/build/icyphy/ptII/ptolemy/domains/sdf/lib/test/auto/VariableFIR2.xml
3 ms. Memory: 183296K Free: 148259K (81%)
----------------- Invoking toplevel() on ptolemy.moml.MoMLSimpleApplication@16edc2f2
----------------- Done invoking toplevel() on ptolemy.moml.MoMLSimpleApplication@16edc2f2
reloadAllAccessors: .VariableFIR2

===========================================================================================
----------------- testing Sat Nov 23 06:57:00 UTC 2019 /home/travis/build/icyphy/ptII/ptolemy/domains/sdf/lib/test/auto/VariableLattice.xml
----------------- Instantiating /home/travis/build/icyphy/ptII/ptolemy/domains/sdf/lib/test/auto/VariableLattice.xml
4 ms. Memory: 183296K Free: 142146K (78%)
----------------- Invoking toplevel() on ptolemy.moml.MoMLSimpleApplication@1d78b4c0
----------------- Done invoking toplevel() on ptolemy.moml.MoMLSimpleApplication@1d78b4c0
reloadAllAccessors: .VariableLattice

===========================================================================================
----------------- testing Sat Nov 23 06:57:00 UTC 2019 /home/travis/build/icyphy/ptII/ptolemy/domains/sdf/lib/test/auto/VariableLattice2.xml
----------------- Instantiating /home/travis/build/icyphy/ptII/ptolemy/domains/sdf/lib/test/auto/VariableLattice2.xml
1.0
-1.999999602036
1.9099998677481
-0.9099996420674
0.205
0.0
0.0
1.0
-0.25
-0.5
0.0
0.0
0.0
0.0
4 ms. Memory: 183296K Free: 137540K (75%)
----------------- Invoking toplevel() on ptolemy.moml.MoMLSimpleApplication@36a6fd5
----------------- Done invoking toplevel() on ptolemy.moml.MoMLSimpleApplication@36a6fd5
reloadAllAccessors: .VariableLattice2

===========================================================================================
----------------- testing Sat Nov 23 06:57:00 UTC 2019 /home/travis/build/icyphy/ptII/ptolemy/domains/sdf/lib/test/auto/VariableRecursiveLattice.xml
----------------- Instantiating /home/travis/build/icyphy/ptII/ptolemy/domains/sdf/lib/test/auto/VariableRecursiveLattice.xml
2 ms. Memory: 183296K Free: 132930K (73%)
----------------- Invoking toplevel() on ptolemy.moml.MoMLSimpleApplication@727c20ef
----------------- Done invoking toplevel() on ptolemy.moml.MoMLSimpleApplication@727c20ef
reloadAllAccessors: .VariableRecursiveLattice

===========================================================================================
----------------- testing Sat Nov 23 06:57:00 UTC 2019 /home/travis/build/icyphy/ptII/ptolemy/domains/sdf/lib/test/auto/VariableRecursiveLattice2.xml
----------------- Instantiating /home/travis/build/icyphy/ptII/ptolemy/domains/sdf/lib/test/auto/VariableRecursiveLattice2.xml
2 ms. Memory: 183296K Free: 129348K (71%)
----------------- Invoking toplevel() on ptolemy.moml.MoMLSimpleApplication@68c4a740
----------------- Done invoking toplevel() on ptolemy.moml.MoMLSimpleApplication@68c4a740
reloadAllAccessors: .VariableRecursiveLattice2
AutoTests.java: About to close Vertx.
AutoTests.java: Vertx closed.
]]></system-out>
  <system-err><![CDATA[]]></system-err>
</testsuite>
