<?xml version="1.0" encoding="UTF-8" ?>
<testsuite errors="0" failures="0" hostname="travis-job-c0173db8-e07d-4559-a0de-5551a4a3ebe5" name="ptolemy.domains.modal.test.junit.JUnitTclTest" skipped="0" tests="148" time="12.454" timestamp="2018-07-31T01:50:03">
  <properties>
[...]
</properties>
  <testcase classname="ptolemy.util.test.junit.TclTests" name="[0] /home/travis/build/icyphy/ptII/ptolemy/domains/modal/test/SystemLevelType.tcl (RunTclFile)" time="2.082" />
  <testcase classname="ptolemy.util.test.junit.AutoKnownFailedTests" name="[0] /home/travis/build/icyphy/ptII/ptolemy/domains/modal/test/auto/knownFailedTests/CannotAnalysisWithPreemption.xml (RunModel)" time="0.194" />
  <testcase classname="ptolemy.util.test.junit.AutoNameArchTests" name="[0] ThereAreNoAutoArchTests (RunModel)" time="0.009" />
  <testcase classname="ptolemy.util.test.junit.AutoTests" name="[0] /home/travis/build/icyphy/ptII/ptolemy/domains/modal/test/auto/ABPTest.xml (RunModel)" time="0.781" />
  <testcase classname="ptolemy.util.test.junit.AutoTests" name="[1] /home/travis/build/icyphy/ptII/ptolemy/domains/modal/test/auto/ABROFlat.xml (RunModel)" time="0.079" />
  <testcase classname="ptolemy.util.test.junit.AutoTests" name="[2] /home/travis/build/icyphy/ptII/ptolemy/domains/modal/test/auto/ABROFlat2.xml (RunModel)" time="0.082" />
  <testcase classname="ptolemy.util.test.junit.AutoTests" name="[3] /home/travis/build/icyphy/ptII/ptolemy/domains/modal/test/auto/ABRO_present_hmm.xml (RunModel)" time="0.215" />
  <testcase classname="ptolemy.util.test.junit.AutoTests" name="[4] /home/travis/build/icyphy/ptII/ptolemy/domains/modal/test/auto/AMICoderExample.xml (RunModel)" time="0.07" />
  <testcase classname="ptolemy.util.test.junit.AutoTests" name="[5] /home/travis/build/icyphy/ptII/ptolemy/domains/modal/test/auto/AbsentToPresent.xml (RunModel)" time="0.043" />
  <testcase classname="ptolemy.util.test.junit.AutoTests" name="[6] /home/travis/build/icyphy/ptII/ptolemy/domains/modal/test/auto/Blending.xml (RunModel)" time="0.324" />
  <testcase classname="ptolemy.util.test.junit.AutoTests" name="[7] /home/travis/build/icyphy/ptII/ptolemy/domains/modal/test/auto/Broadcast.xml (RunModel)" time="0.057" />
  <testcase classname="ptolemy.util.test.junit.AutoTests" name="[8] /home/travis/build/icyphy/ptII/ptolemy/domains/modal/test/auto/BroadcastHierarchy.xml (RunModel)" time="0.095" />
  <testcase classname="ptolemy.util.test.junit.AutoTests" name="[9] /home/travis/build/icyphy/ptII/ptolemy/domains/modal/test/auto/BroadcastHierarchy2.xml (RunModel)" time="0.155" />
  <testcase classname="ptolemy.util.test.junit.AutoTests" name="[10] /home/travis/build/icyphy/ptII/ptolemy/domains/modal/test/auto/BroadcastHierarchy3.xml (RunModel)" time="0.137" />
  <testcase classname="ptolemy.util.test.junit.AutoTests" name="[11] /home/travis/build/icyphy/ptII/ptolemy/domains/modal/test/auto/BroadcastHierarchy4.xml (RunModel)" time="0.128" />
  <testcase classname="ptolemy.util.test.junit.AutoTests" name="[12] /home/travis/build/icyphy/ptII/ptolemy/domains/modal/test/auto/CannotAnalysisWithPreemption2.xml (RunModel)" time="0.041" />
  <testcase classname="ptolemy.util.test.junit.AutoTests" name="[13] /home/travis/build/icyphy/ptII/ptolemy/domains/modal/test/auto/CannotAnalysisWithPreemption3.xml (RunModel)" time="0.048" />
  <testcase classname="ptolemy.util.test.junit.AutoTests" name="[14] /home/travis/build/icyphy/ptII/ptolemy/domains/modal/test/auto/CannotProduce.xml (RunModel)" time="0.03" />
  <testcase classname="ptolemy.util.test.junit.AutoTests" name="[15] /home/travis/build/icyphy/ptII/ptolemy/domains/modal/test/auto/CannotProduceModal.xml (RunModel)" time="0.043" />
  <testcase classname="ptolemy.util.test.junit.AutoTests" name="[16] /home/travis/build/icyphy/ptII/ptolemy/domains/modal/test/auto/Case.xml (RunModel)" time="0.091" />
  <testcase classname="ptolemy.util.test.junit.AutoTests" name="[17] /home/travis/build/icyphy/ptII/ptolemy/domains/modal/test/auto/Case1.xml (RunModel)" time="0.044" />
  <testcase classname="ptolemy.util.test.junit.AutoTests" name="[18] /home/travis/build/icyphy/ptII/ptolemy/domains/modal/test/auto/Case2.xml (RunModel)" time="0.063" />
  <testcase classname="ptolemy.util.test.junit.AutoTests" name="[19] /home/travis/build/icyphy/ptII/ptolemy/domains/modal/test/auto/CausalityInterface1.xml (RunModel)" time="0.033" />
  <testcase classname="ptolemy.util.test.junit.AutoTests" name="[20] /home/travis/build/icyphy/ptII/ptolemy/domains/modal/test/auto/CausalityInterface10.xml (RunModel)" time="0.085" />
  <testcase classname="ptolemy.util.test.junit.AutoTests" name="[21] /home/travis/build/icyphy/ptII/ptolemy/domains/modal/test/auto/CausalityInterface11.xml (RunModel)" time="0.079" />
  <testcase classname="ptolemy.util.test.junit.AutoTests" name="[22] /home/travis/build/icyphy/ptII/ptolemy/domains/modal/test/auto/CausalityInterface12.xml (RunModel)" time="0.051" />
  <testcase classname="ptolemy.util.test.junit.AutoTests" name="[23] /home/travis/build/icyphy/ptII/ptolemy/domains/modal/test/auto/CausalityInterface13.xml (RunModel)" time="0.078" />
  <testcase classname="ptolemy.util.test.junit.AutoTests" name="[24] /home/travis/build/icyphy/ptII/ptolemy/domains/modal/test/auto/CausalityInterface14.xml (RunModel)" time="0.063" />
  <testcase classname="ptolemy.util.test.junit.AutoTests" name="[25] /home/travis/build/icyphy/ptII/ptolemy/domains/modal/test/auto/CausalityInterface2.xml (RunModel)" time="0.029" />
  <testcase classname="ptolemy.util.test.junit.AutoTests" name="[26] /home/travis/build/icyphy/ptII/ptolemy/domains/modal/test/auto/CausalityInterface3.xml (RunModel)" time="0.029" />
  <testcase classname="ptolemy.util.test.junit.AutoTests" name="[27] /home/travis/build/icyphy/ptII/ptolemy/domains/modal/test/auto/CausalityInterface4.xml (RunModel)" time="0.04" />
  <testcase classname="ptolemy.util.test.junit.AutoTests" name="[28] /home/travis/build/icyphy/ptII/ptolemy/domains/modal/test/auto/CausalityInterface5.xml (RunModel)" time="0.049" />
  <testcase classname="ptolemy.util.test.junit.AutoTests" name="[29] /home/travis/build/icyphy/ptII/ptolemy/domains/modal/test/auto/CausalityInterface6.xml (RunModel)" time="0.047" />
  <testcase classname="ptolemy.util.test.junit.AutoTests" name="[30] /home/travis/build/icyphy/ptII/ptolemy/domains/modal/test/auto/CausalityInterface7.xml (RunModel)" time="0.038" />
  <testcase classname="ptolemy.util.test.junit.AutoTests" name="[31] /home/travis/build/icyphy/ptII/ptolemy/domains/modal/test/auto/CausalityInterface8.xml (RunModel)" time="0.046" />
  <testcase classname="ptolemy.util.test.junit.AutoTests" name="[32] /home/travis/build/icyphy/ptII/ptolemy/domains/modal/test/auto/CausalityInterface9.xml (RunModel)" time="0.054" />
  <testcase classname="ptolemy.util.test.junit.AutoTests" name="[33] /home/travis/build/icyphy/ptII/ptolemy/domains/modal/test/auto/ChainedTransitions.xml (RunModel)" time="0.183" />
  <testcase classname="ptolemy.util.test.junit.AutoTests" name="[34] /home/travis/build/icyphy/ptII/ptolemy/domains/modal/test/auto/CycleOfImmediateTransitionsFSM.xml (RunModel)" time="0.027" />
  <testcase classname="ptolemy.util.test.junit.AutoTests" name="[35] /home/travis/build/icyphy/ptII/ptolemy/domains/modal/test/auto/CycleOfImmediateTransitionsModal.xml (RunModel)" time="0.026" />
  <testcase classname="ptolemy.util.test.junit.AutoTests" name="[36] /home/travis/build/icyphy/ptII/ptolemy/domains/modal/test/auto/CycleOfImmediateTransitionsModal2.xml (RunModel)" time="0.037" />
  <testcase classname="ptolemy.util.test.junit.AutoTests" name="[37] /home/travis/build/icyphy/ptII/ptolemy/domains/modal/test/auto/CycleOfImmediateTransitionsModal3.xml (RunModel)" time="0.115" />
  <testcase classname="ptolemy.util.test.junit.AutoTests" name="[38] /home/travis/build/icyphy/ptII/ptolemy/domains/modal/test/auto/DeepModal1.xml (RunModel)" time="0.072" />
  <testcase classname="ptolemy.util.test.junit.AutoTests" name="[39] /home/travis/build/icyphy/ptII/ptolemy/domains/modal/test/auto/DeepModal2.xml (RunModel)" time="0.071" />
  <testcase classname="ptolemy.util.test.junit.AutoTests" name="[40] /home/travis/build/icyphy/ptII/ptolemy/domains/modal/test/auto/DeepModal3.xml (RunModel)" time="0.108" />
  <testcase classname="ptolemy.util.test.junit.AutoTests" name="[41] /home/travis/build/icyphy/ptII/ptolemy/domains/modal/test/auto/DeepModal4.xml (RunModel)" time="0.103" />
  <testcase classname="ptolemy.util.test.junit.AutoTests" name="[42] /home/travis/build/icyphy/ptII/ptolemy/domains/modal/test/auto/Default1.xml (RunModel)" time="0.022" />
  <testcase classname="ptolemy.util.test.junit.AutoTests" name="[43] /home/travis/build/icyphy/ptII/ptolemy/domains/modal/test/auto/Default2.xml (RunModel)" time="0.019" />
  <testcase classname="ptolemy.util.test.junit.AutoTests" name="[44] /home/travis/build/icyphy/ptII/ptolemy/domains/modal/test/auto/Default3.xml (RunModel)" time="0.019" />
  <testcase classname="ptolemy.util.test.junit.AutoTests" name="[45] /home/travis/build/icyphy/ptII/ptolemy/domains/modal/test/auto/Default4.xml (RunModel)" time="0.022" />
  <testcase classname="ptolemy.util.test.junit.AutoTests" name="[46] /home/travis/build/icyphy/ptII/ptolemy/domains/modal/test/auto/Default5.xml (RunModel)" time="0.033" />
  <testcase classname="ptolemy.util.test.junit.AutoTests" name="[47] /home/travis/build/icyphy/ptII/ptolemy/domains/modal/test/auto/EmptyGuard.xml (RunModel)" time="0.047" />
  <testcase classname="ptolemy.util.test.junit.AutoTests" name="[48] /home/travis/build/icyphy/ptII/ptolemy/domains/modal/test/auto/ErrorTransition1.xml (RunModel)" time="0.037" />
  <testcase classname="ptolemy.util.test.junit.AutoTests" name="[49] /home/travis/build/icyphy/ptII/ptolemy/domains/modal/test/auto/ErrorTransition10.xml (RunModel)" time="0.044" />
  <testcase classname="ptolemy.util.test.junit.AutoTests" name="[50] /home/travis/build/icyphy/ptII/ptolemy/domains/modal/test/auto/ErrorTransition11.xml (RunModel)" time="0.06" />
  <testcase classname="ptolemy.util.test.junit.AutoTests" name="[51] /home/travis/build/icyphy/ptII/ptolemy/domains/modal/test/auto/ErrorTransition2.xml (RunModel)" time="0.032" />
  <testcase classname="ptolemy.util.test.junit.AutoTests" name="[52] /home/travis/build/icyphy/ptII/ptolemy/domains/modal/test/auto/ErrorTransition3.xml (RunModel)" time="0.029" />
  <testcase classname="ptolemy.util.test.junit.AutoTests" name="[53] /home/travis/build/icyphy/ptII/ptolemy/domains/modal/test/auto/ErrorTransition4.xml (RunModel)" time="0.033" />
  <testcase classname="ptolemy.util.test.junit.AutoTests" name="[54] /home/travis/build/icyphy/ptII/ptolemy/domains/modal/test/auto/ErrorTransition5.xml (RunModel)" time="0.029" />
  <testcase classname="ptolemy.util.test.junit.AutoTests" name="[55] /home/travis/build/icyphy/ptII/ptolemy/domains/modal/test/auto/ErrorTransition6.xml (RunModel)" time="0.037" />
  <testcase classname="ptolemy.util.test.junit.AutoTests" name="[56] /home/travis/build/icyphy/ptII/ptolemy/domains/modal/test/auto/ErrorTransition7.xml (RunModel)" time="0.041" />
  <testcase classname="ptolemy.util.test.junit.AutoTests" name="[57] /home/travis/build/icyphy/ptII/ptolemy/domains/modal/test/auto/ErrorTransition8.xml (RunModel)" time="0.085" />
  <testcase classname="ptolemy.util.test.junit.AutoTests" name="[58] /home/travis/build/icyphy/ptII/ptolemy/domains/modal/test/auto/ErrorTransition9.xml (RunModel)" time="0.09" />
  <testcase classname="ptolemy.util.test.junit.AutoTests" name="[59] /home/travis/build/icyphy/ptII/ptolemy/domains/modal/test/auto/ExtendedFSM.xml (RunModel)" time="0.06" />
  <testcase classname="ptolemy.util.test.junit.AutoTests" name="[60] /home/travis/build/icyphy/ptII/ptolemy/domains/modal/test/auto/FinalStates.xml (RunModel)" time="0.06" />
  <testcase classname="ptolemy.util.test.junit.AutoTests" name="[61] /home/travis/build/icyphy/ptII/ptolemy/domains/modal/test/auto/FixedPointFSM.xml (RunModel)" time="0.09" />
  <testcase classname="ptolemy.util.test.junit.AutoTests" name="[62] /home/travis/build/icyphy/ptII/ptolemy/domains/modal/test/auto/FixedPointIterationFSMActor.xml (RunModel)" time="0.043" />
  <testcase classname="ptolemy.util.test.junit.AutoTests" name="[63] /home/travis/build/icyphy/ptII/ptolemy/domains/modal/test/auto/FixedPointIterationFSMActor2.xml (RunModel)" time="0.045" />
  <testcase classname="ptolemy.util.test.junit.AutoTests" name="[64] /home/travis/build/icyphy/ptII/ptolemy/domains/modal/test/auto/ForbiddenInstantanousLoop.xml (RunModel)" time="0.037" />
  <testcase classname="ptolemy.util.test.junit.AutoTests" name="[65] /home/travis/build/icyphy/ptII/ptolemy/domains/modal/test/auto/FunctionDependencyOfFSMActorTest.xml (RunModel)" time="0.035" />
  <testcase classname="ptolemy.util.test.junit.AutoTests" name="[66] /home/travis/build/icyphy/ptII/ptolemy/domains/modal/test/auto/GuardExpression.xml (RunModel)" time="0.019" />
  <testcase classname="ptolemy.util.test.junit.AutoTests" name="[67] /home/travis/build/icyphy/ptII/ptolemy/domains/modal/test/auto/GuardNotEvaluated.xml (RunModel)" time="0.04" />
  <testcase classname="ptolemy.util.test.junit.AutoTests" name="[68] /home/travis/build/icyphy/ptII/ptolemy/domains/modal/test/auto/GuardNotEvaluated2.xml (RunModel)" time="0.035" />
  <testcase classname="ptolemy.util.test.junit.AutoTests" name="[69] /home/travis/build/icyphy/ptII/ptolemy/domains/modal/test/auto/GuardOnAbsent.xml (RunModel)" time="0.026" />
  <testcase classname="ptolemy.util.test.junit.AutoTests" name="[70] /home/travis/build/icyphy/ptII/ptolemy/domains/modal/test/auto/HierarchicalFSMTypeInference.xml (RunModel)" time="0.035" />
  <testcase classname="ptolemy.util.test.junit.AutoTests" name="[71] /home/travis/build/icyphy/ptII/ptolemy/domains/modal/test/auto/Hysteresis.xml (RunModel)" time="0.049" />
  <testcase classname="ptolemy.util.test.junit.AutoTests" name="[72] /home/travis/build/icyphy/ptII/ptolemy/domains/modal/test/auto/HysteresisWithDefault.xml (RunModel)" time="0.089" />
  <testcase classname="ptolemy.util.test.junit.AutoTests" name="[73] /home/travis/build/icyphy/ptII/ptolemy/domains/modal/test/auto/HysteresisWithDefault2.xml (RunModel)" time="0.091" />
  <testcase classname="ptolemy.util.test.junit.AutoTests" name="[74] /home/travis/build/icyphy/ptII/ptolemy/domains/modal/test/auto/ImmediateNonConstructiveness.xml (RunModel)" time="0.021" />
  <testcase classname="ptolemy.util.test.junit.AutoTests" name="[75] /home/travis/build/icyphy/ptII/ptolemy/domains/modal/test/auto/ImmediateNonConstructiveness2.xml (RunModel)" time="0.023" />
  <testcase classname="ptolemy.util.test.junit.AutoTests" name="[76] /home/travis/build/icyphy/ptII/ptolemy/domains/modal/test/auto/ImmediateTransitionReset.xml (RunModel)" time="0.044" />
  <testcase classname="ptolemy.util.test.junit.AutoTests" name="[77] /home/travis/build/icyphy/ptII/ptolemy/domains/modal/test/auto/ImmediateTransitions1.xml (RunModel)" time="0.015" />
  <testcase classname="ptolemy.util.test.junit.AutoTests" name="[78] /home/travis/build/icyphy/ptII/ptolemy/domains/modal/test/auto/ImmediateTransitionsInstantaneousCommunication.xml (RunModel)" time="0.053" />
  <testcase classname="ptolemy.util.test.junit.AutoTests" name="[79] /home/travis/build/icyphy/ptII/ptolemy/domains/modal/test/auto/InitialImmediateTransition.xml (RunModel)" time="0.025" />
  <testcase classname="ptolemy.util.test.junit.AutoTests" name="[80] /home/travis/build/icyphy/ptII/ptolemy/domains/modal/test/auto/InitialOutputs.xml (RunModel)" time="0.022" />
  <testcase classname="ptolemy.util.test.junit.AutoTests" name="[81] /home/travis/build/icyphy/ptII/ptolemy/domains/modal/test/auto/InitialStateTransition1.xml (RunModel)" time="0.027" />
  <testcase classname="ptolemy.util.test.junit.AutoTests" name="[82] /home/travis/build/icyphy/ptII/ptolemy/domains/modal/test/auto/InitialStateTransition2.xml (RunModel)" time="0.039" />
  <testcase classname="ptolemy.util.test.junit.AutoTests" name="[83] /home/travis/build/icyphy/ptII/ptolemy/domains/modal/test/auto/InitialStateTransition3.xml (RunModel)" time="0.028" />
  <testcase classname="ptolemy.util.test.junit.AutoTests" name="[84] /home/travis/build/icyphy/ptII/ptolemy/domains/modal/test/auto/InitialStateTransition4.xml (RunModel)" time="0.031" />
  <testcase classname="ptolemy.util.test.junit.AutoTests" name="[85] /home/travis/build/icyphy/ptII/ptolemy/domains/modal/test/auto/MalformedGuardExpressionNotCaught.xml (RunModel)" time="0.021" />
  <testcase classname="ptolemy.util.test.junit.AutoTests" name="[86] /home/travis/build/icyphy/ptII/ptolemy/domains/modal/test/auto/ModalBSC.xml (RunModel)" time="0.093" />
  <testcase classname="ptolemy.util.test.junit.AutoTests" name="[87] /home/travis/build/icyphy/ptII/ptolemy/domains/modal/test/auto/ModalClocks.xml (RunModel)" time="0.1" />
  <testcase classname="ptolemy.util.test.junit.AutoTests" name="[88] /home/travis/build/icyphy/ptII/ptolemy/domains/modal/test/auto/ModalDelay.xml (RunModel)" time="0.06" />
  <testcase classname="ptolemy.util.test.junit.AutoTests" name="[89] /home/travis/build/icyphy/ptII/ptolemy/domains/modal/test/auto/ModalDelay2.xml (RunModel)" time="0.044" />
  <testcase classname="ptolemy.util.test.junit.AutoTests" name="[90] /home/travis/build/icyphy/ptII/ptolemy/domains/modal/test/auto/ModalModelFromMemo.xml (RunModel)" time="0.07" />
  <testcase classname="ptolemy.util.test.junit.AutoTests" name="[91] /home/travis/build/icyphy/ptII/ptolemy/domains/modal/test/auto/ModalModelWithMultirateTransient.xml (RunModel)" time="0.047" />
  <testcase classname="ptolemy.util.test.junit.AutoTests" name="[92] /home/travis/build/icyphy/ptII/ptolemy/domains/modal/test/auto/ModalModelWithReset.xml (RunModel)" time="0.042" />
  <testcase classname="ptolemy.util.test.junit.AutoTests" name="[93] /home/travis/build/icyphy/ptII/ptolemy/domains/modal/test/auto/MouseClickFSM.xml (RunModel)" time="0.048" />
  <testcase classname="ptolemy.util.test.junit.AutoTests" name="[94] /home/travis/build/icyphy/ptII/ptolemy/domains/modal/test/auto/MouseClickFSMModal.xml (RunModel)" time="0.04" />
  <testcase classname="ptolemy.util.test.junit.AutoTests" name="[95] /home/travis/build/icyphy/ptII/ptolemy/domains/modal/test/auto/NonStrictFSM_FeedbackLoop.xml (RunModel)" time="0.062" />
  <testcase classname="ptolemy.util.test.junit.AutoTests" name="[96] /home/travis/build/icyphy/ptII/ptolemy/domains/modal/test/auto/NonStrictFSM_FeedbackLoop_Refinement.xml (RunModel)" time="0.102" />
  <testcase classname="ptolemy.util.test.junit.AutoTests" name="[97] /home/travis/build/icyphy/ptII/ptolemy/domains/modal/test/auto/NonStrictFSM_FeedbackLoop_preemptive.xml (RunModel)" time="0.065" />
  <testcase classname="ptolemy.util.test.junit.AutoTests" name="[98] /home/travis/build/icyphy/ptII/ptolemy/domains/modal/test/auto/NormalTermination.xml (RunModel)" time="0.114" />
  <testcase classname="ptolemy.util.test.junit.AutoTests" name="[99] /home/travis/build/icyphy/ptII/ptolemy/domains/modal/test/auto/Pong.xml (RunModel)" time="0.127" />
  <testcase classname="ptolemy.util.test.junit.AutoTests" name="[100] /home/travis/build/icyphy/ptII/ptolemy/domains/modal/test/auto/Pong_test.xml (RunModel)" time="0.159" />
  <testcase classname="ptolemy.util.test.junit.AutoTests" name="[101] /home/travis/build/icyphy/ptII/ptolemy/domains/modal/test/auto/PreemptionHierarchy.xml (RunModel)" time="0.033" />
  <testcase classname="ptolemy.util.test.junit.AutoTests" name="[102] /home/travis/build/icyphy/ptII/ptolemy/domains/modal/test/auto/PreemptionHierarchy2.xml (RunModel)" time="0.041" />
  <testcase classname="ptolemy.util.test.junit.AutoTests" name="[103] /home/travis/build/icyphy/ptII/ptolemy/domains/modal/test/auto/PreemptiveTransition.xml (RunModel)" time="0.027" />
  <testcase classname="ptolemy.util.test.junit.AutoTests" name="[104] /home/travis/build/icyphy/ptII/ptolemy/domains/modal/test/auto/Priorities.xml (RunModel)" time="0.104" />
  <testcase classname="ptolemy.util.test.junit.AutoTests" name="[105] /home/travis/build/icyphy/ptII/ptolemy/domains/modal/test/auto/ResetFinal.xml (RunModel)" time="0.051" />
  <testcase classname="ptolemy.util.test.junit.AutoTests" name="[106] /home/travis/build/icyphy/ptII/ptolemy/domains/modal/test/auto/ResetFinal2.xml (RunModel)" time="0.038" />
  <testcase classname="ptolemy.util.test.junit.AutoTests" name="[107] /home/travis/build/icyphy/ptII/ptolemy/domains/modal/test/auto/ResetTransitionWithStartTime.xml (RunModel)" time="0.035" />
  <testcase classname="ptolemy.util.test.junit.AutoTests" name="[108] /home/travis/build/icyphy/ptII/ptolemy/domains/modal/test/auto/SDF-FSMComposite.xml (RunModel)" time="0.027" />
  <testcase classname="ptolemy.util.test.junit.AutoTests" name="[109] /home/travis/build/icyphy/ptII/ptolemy/domains/modal/test/auto/SeeminglyNondeterminate.xml (RunModel)" time="0.09" />
  <testcase classname="ptolemy.util.test.junit.AutoTests" name="[110] /home/travis/build/icyphy/ptII/ptolemy/domains/modal/test/auto/SeeminglyNondeterminate2.xml (RunModel)" time="0.089" />
  <testcase classname="ptolemy.util.test.junit.AutoTests" name="[111] /home/travis/build/icyphy/ptII/ptolemy/domains/modal/test/auto/SpontaneousFSM.xml (RunModel)" time="0.049" />
  <testcase classname="ptolemy.util.test.junit.AutoTests" name="[112] /home/travis/build/icyphy/ptII/ptolemy/domains/modal/test/auto/SpontaneousFSM2.xml (RunModel)" time="0.04" />
  <testcase classname="ptolemy.util.test.junit.AutoTests" name="[113] /home/travis/build/icyphy/ptII/ptolemy/domains/modal/test/auto/SpontaneousFSM3.xml (RunModel)" time="0.053" />
  <testcase classname="ptolemy.util.test.junit.AutoTests" name="[114] /home/travis/build/icyphy/ptII/ptolemy/domains/modal/test/auto/SpontaneousFSM4.xml (RunModel)" time="0.072" />
  <testcase classname="ptolemy.util.test.junit.AutoTests" name="[115] /home/travis/build/icyphy/ptII/ptolemy/domains/modal/test/auto/StateTrackerTest.xml (RunModel)" time="0.08" />
  <testcase classname="ptolemy.util.test.junit.AutoTests" name="[116] /home/travis/build/icyphy/ptII/ptolemy/domains/modal/test/auto/StrongImmediateTransition.xml (RunModel)" time="0.03" />
  <testcase classname="ptolemy.util.test.junit.AutoTests" name="[117] /home/travis/build/icyphy/ptII/ptolemy/domains/modal/test/auto/SustainHierarchy.xml (RunModel)" time="0.043" />
  <testcase classname="ptolemy.util.test.junit.AutoTests" name="[118] /home/travis/build/icyphy/ptII/ptolemy/domains/modal/test/auto/TerminationTransition1.xml (RunModel)" time="0.029" />
  <testcase classname="ptolemy.util.test.junit.AutoTests" name="[119] /home/travis/build/icyphy/ptII/ptolemy/domains/modal/test/auto/TerminationTransition2.xml (RunModel)" time="0.03" />
  <testcase classname="ptolemy.util.test.junit.AutoTests" name="[120] /home/travis/build/icyphy/ptII/ptolemy/domains/modal/test/auto/TerminationTransition3.xml (RunModel)" time="0.034" />
  <testcase classname="ptolemy.util.test.junit.AutoTests" name="[121] /home/travis/build/icyphy/ptII/ptolemy/domains/modal/test/auto/TerminationTransition4.xml (RunModel)" time="0.041" />
  <testcase classname="ptolemy.util.test.junit.AutoTests" name="[122] /home/travis/build/icyphy/ptII/ptolemy/domains/modal/test/auto/TerminationTransition5.xml (RunModel)" time="0.046" />
  <testcase classname="ptolemy.util.test.junit.AutoTests" name="[123] /home/travis/build/icyphy/ptII/ptolemy/domains/modal/test/auto/TerminationTransition6.xml (RunModel)" time="0.028" />
  <testcase classname="ptolemy.util.test.junit.AutoTests" name="[124] /home/travis/build/icyphy/ptII/ptolemy/domains/modal/test/auto/TerminationTransition7.xml (RunModel)" time="0.027" />
  <testcase classname="ptolemy.util.test.junit.AutoTests" name="[125] /home/travis/build/icyphy/ptII/ptolemy/domains/modal/test/auto/TerminationTransition8.xml (RunModel)" time="0.032" />
  <testcase classname="ptolemy.util.test.junit.AutoTests" name="[126] /home/travis/build/icyphy/ptII/ptolemy/domains/modal/test/auto/Thermostat_NoHysteresis.xml (RunModel)" time="0.086" />
  <testcase classname="ptolemy.util.test.junit.AutoTests" name="[127] /home/travis/build/icyphy/ptII/ptolemy/domains/modal/test/auto/TimedFSM.xml (RunModel)" time="0.044" />
  <testcase classname="ptolemy.util.test.junit.AutoTests" name="[128] /home/travis/build/icyphy/ptII/ptolemy/domains/modal/test/auto/Timeout1.xml (RunModel)" time="0.015" />
  <testcase classname="ptolemy.util.test.junit.AutoTests" name="[129] /home/travis/build/icyphy/ptII/ptolemy/domains/modal/test/auto/Timeout2.xml (RunModel)" time="0.023" />
  <testcase classname="ptolemy.util.test.junit.AutoTests" name="[130] /home/travis/build/icyphy/ptII/ptolemy/domains/modal/test/auto/Timeout3.xml (RunModel)" time="0.017" />
  <testcase classname="ptolemy.util.test.junit.AutoTests" name="[131] /home/travis/build/icyphy/ptII/ptolemy/domains/modal/test/auto/Timeout4.xml (RunModel)" time="0.016" />
  <testcase classname="ptolemy.util.test.junit.AutoTests" name="[132] /home/travis/build/icyphy/ptII/ptolemy/domains/modal/test/auto/TransientstateModelAdvanced.xml (RunModel)" time="0.038" />
  <testcase classname="ptolemy.util.test.junit.AutoTests" name="[133] /home/travis/build/icyphy/ptII/ptolemy/domains/modal/test/auto/TransientstateModelAdvanced2.xml (RunModel)" time="0.041" />
  <testcase classname="ptolemy.util.test.junit.AutoTests" name="[134] /home/travis/build/icyphy/ptII/ptolemy/domains/modal/test/auto/TransitionRefinements.xml (RunModel)" time="0.032" />
  <testcase classname="ptolemy.util.test.junit.AutoTests" name="[135] /home/travis/build/icyphy/ptII/ptolemy/domains/modal/test/auto/TwoRefinements1.xml (RunModel)" time="0.033" />
  <testcase classname="ptolemy.util.test.junit.AutoTests" name="[136] /home/travis/build/icyphy/ptII/ptolemy/domains/modal/test/auto/TwoRefinements2.xml (RunModel)" time="0.031" />
  <testcase classname="ptolemy.util.test.junit.AutoTests" name="[137] /home/travis/build/icyphy/ptII/ptolemy/domains/modal/test/auto/WeakImmediateTransition.xml (RunModel)" time="0.035" />
  <testcase classname="ptolemy.util.test.junit.AutoTests" name="[138] /home/travis/build/icyphy/ptII/ptolemy/domains/modal/test/auto/booleanSelect.xml (RunModel)" time="0.068" />
  <testcase classname="ptolemy.util.test.junit.AutoTests" name="[139] /home/travis/build/icyphy/ptII/ptolemy/domains/modal/test/auto/modalChangingParams.xml (RunModel)" time="0.342" />
  <testcase classname="ptolemy.util.test.junit.AutoTests" name="[140] /home/travis/build/icyphy/ptII/ptolemy/domains/modal/test/auto/modalModel.xml (RunModel)" time="0.028" />
  <testcase classname="ptolemy.util.test.junit.AutoTests" name="[141] /home/travis/build/icyphy/ptII/ptolemy/domains/modal/test/auto/modalModel2.xml (RunModel)" time="0.036" />
  <testcase classname="ptolemy.util.test.junit.AutoTests" name="[142] /home/travis/build/icyphy/ptII/ptolemy/domains/modal/test/auto/modalModel3.xml (RunModel)" time="0.051" />
  <testcase classname="ptolemy.util.test.junit.AutoTests" name="[143] /home/travis/build/icyphy/ptII/ptolemy/domains/modal/test/auto/model1.xml (RunModel)" time="0.023" />
  <testcase classname="ptolemy.util.test.junit.AutoTests" name="[144] /home/travis/build/icyphy/ptII/ptolemy/domains/modal/test/auto/test-direct-in-out.xml (RunModel)" time="0.022" />
  <system-out><![CDATA[/home/travis/build/icyphy/ptII/ptolemy/domains/modal/test/SystemLevelType.tcl
testDefs.tcl: setting time out to 9000 seconds at Tue Jul 31 01:50:03 UTC 2018
07/31/18 01:50:05
Failed: 0  Total Tests: 1  ((Passed: 1, Newly Passed: 0)  Known Failed: 0) /home/travis/build/icyphy/ptII/ptolemy/domains/modal/test
----------------- testing (KnownFailure) /home/travis/build/icyphy/ptII/ptolemy/domains/modal/test/auto/knownFailedTests/CannotAnalysisWithPreemption.xml
69 ms. Memory: 208384K Free: 185654K (89%)
Known Failure: java.lang.reflect.InvocationTargetException
No auto/linux-amd64/*.xml tests in /home/travis/build/icyphy/ptII/ptolemy/domains/modal/test
AutoTests.java: About to close Vertx.
AutoTests.java: Vertx closed.

===========================================================================================
----------------- testing Tue Jul 31 01:50:05 UTC 2018 /home/travis/build/icyphy/ptII/ptolemy/domains/modal/test/auto/ABPTest.xml
----------------- Instantiating /home/travis/build/icyphy/ptII/ptolemy/domains/modal/test/auto/ABPTest.xml
367 ms. Memory: 332288K Free: 292684K (88%)
----------------- Invoking toplevel() on ptolemy.moml.MoMLSimpleApplication@6e80228d
----------------- Done invoking toplevel() on ptolemy.moml.MoMLSimpleApplication@6e80228d
reloadAllAccessors: .ABPTest

===========================================================================================
----------------- testing Tue Jul 31 01:50:06 UTC 2018 /home/travis/build/icyphy/ptII/ptolemy/domains/modal/test/auto/ABROFlat.xml
----------------- Instantiating /home/travis/build/icyphy/ptII/ptolemy/domains/modal/test/auto/ABROFlat.xml
16 ms. Memory: 332288K Free: 265570K (80%)
----------------- Invoking toplevel() on ptolemy.moml.MoMLSimpleApplication@7b0d185e
----------------- Done invoking toplevel() on ptolemy.moml.MoMLSimpleApplication@7b0d185e
reloadAllAccessors: .ABROFlat

===========================================================================================
----------------- testing Tue Jul 31 01:50:06 UTC 2018 /home/travis/build/icyphy/ptII/ptolemy/domains/modal/test/auto/ABROFlat2.xml
----------------- Instantiating /home/travis/build/icyphy/ptII/ptolemy/domains/modal/test/auto/ABROFlat2.xml
27 ms. Memory: 332288K Free: 247564K (75%)
----------------- Invoking toplevel() on ptolemy.moml.MoMLSimpleApplication@223705b2
----------------- Done invoking toplevel() on ptolemy.moml.MoMLSimpleApplication@223705b2
reloadAllAccessors: .ABROFlat2

===========================================================================================
----------------- testing Tue Jul 31 01:50:06 UTC 2018 /home/travis/build/icyphy/ptII/ptolemy/domains/modal/test/auto/ABRO_present_hmm.xml
----------------- Instantiating /home/travis/build/icyphy/ptII/ptolemy/domains/modal/test/auto/ABRO_present_hmm.xml
38 ms. Memory: 332288K Free: 216540K (65%)
----------------- Invoking toplevel() on ptolemy.moml.MoMLSimpleApplication@5b4d71b3
----------------- Done invoking toplevel() on ptolemy.moml.MoMLSimpleApplication@5b4d71b3
reloadAllAccessors: .ABRO_present_hmm

===========================================================================================
----------------- testing Tue Jul 31 01:50:07 UTC 2018 /home/travis/build/icyphy/ptII/ptolemy/domains/modal/test/auto/AMICoderExample.xml
----------------- Instantiating /home/travis/build/icyphy/ptII/ptolemy/domains/modal/test/auto/AMICoderExample.xml
31 ms. Memory: 332288K Free: 205110K (62%)
----------------- Invoking toplevel() on ptolemy.moml.MoMLSimpleApplication@5638cc88
----------------- Done invoking toplevel() on ptolemy.moml.MoMLSimpleApplication@5638cc88
reloadAllAccessors: .AMICoderExample

===========================================================================================
----------------- testing Tue Jul 31 01:50:07 UTC 2018 /home/travis/build/icyphy/ptII/ptolemy/domains/modal/test/auto/AbsentToPresent.xml
----------------- Instantiating /home/travis/build/icyphy/ptII/ptolemy/domains/modal/test/auto/AbsentToPresent.xml
7 ms. Memory: 332288K Free: 195167K (59%)
----------------- Invoking toplevel() on ptolemy.moml.MoMLSimpleApplication@2dbaefdf
----------------- Done invoking toplevel() on ptolemy.moml.MoMLSimpleApplication@2dbaefdf
reloadAllAccessors: .AbsentToPresent

===========================================================================================
----------------- testing Tue Jul 31 01:50:07 UTC 2018 /home/travis/build/icyphy/ptII/ptolemy/domains/modal/test/auto/Blending.xml
----------------- Instantiating /home/travis/build/icyphy/ptII/ptolemy/domains/modal/test/auto/Blending.xml
166 ms. Memory: 332288K Free: 144453K (43%)
----------------- Invoking toplevel() on ptolemy.moml.MoMLSimpleApplication@3559d7df
----------------- Done invoking toplevel() on ptolemy.moml.MoMLSimpleApplication@3559d7df
reloadAllAccessors: .Blending

===========================================================================================
----------------- testing Tue Jul 31 01:50:07 UTC 2018 /home/travis/build/icyphy/ptII/ptolemy/domains/modal/test/auto/Broadcast.xml
----------------- Instantiating /home/travis/build/icyphy/ptII/ptolemy/domains/modal/test/auto/Broadcast.xml
13 ms. Memory: 332288K Free: 131403K (40%)
----------------- Invoking toplevel() on ptolemy.moml.MoMLSimpleApplication@f2c23cc
----------------- Done invoking toplevel() on ptolemy.moml.MoMLSimpleApplication@f2c23cc
reloadAllAccessors: .Broadcast

===========================================================================================
----------------- testing Tue Jul 31 01:50:07 UTC 2018 /home/travis/build/icyphy/ptII/ptolemy/domains/modal/test/auto/BroadcastHierarchy.xml
----------------- Instantiating /home/travis/build/icyphy/ptII/ptolemy/domains/modal/test/auto/BroadcastHierarchy.xml
26 ms. Memory: 332288K Free: 113445K (34%)
----------------- Invoking toplevel() on ptolemy.moml.MoMLSimpleApplication@5207b803
----------------- Done invoking toplevel() on ptolemy.moml.MoMLSimpleApplication@5207b803
reloadAllAccessors: .BroadcastHierarchy

===========================================================================================
----------------- testing Tue Jul 31 01:50:07 UTC 2018 /home/travis/build/icyphy/ptII/ptolemy/domains/modal/test/auto/BroadcastHierarchy2.xml
----------------- Instantiating /home/travis/build/icyphy/ptII/ptolemy/domains/modal/test/auto/BroadcastHierarchy2.xml
32 ms. Memory: 332288K Free: 79141K (24%)
----------------- Invoking toplevel() on ptolemy.moml.MoMLSimpleApplication@503409bc
----------------- Done invoking toplevel() on ptolemy.moml.MoMLSimpleApplication@503409bc
reloadAllAccessors: .BroadcastHierarchy2

===========================================================================================
----------------- testing Tue Jul 31 01:50:07 UTC 2018 /home/travis/build/icyphy/ptII/ptolemy/domains/modal/test/auto/BroadcastHierarchy3.xml
----------------- Instantiating /home/travis/build/icyphy/ptII/ptolemy/domains/modal/test/auto/BroadcastHierarchy3.xml
25 ms. Memory: 333824K Free: 297675K (89%)
----------------- Invoking toplevel() on ptolemy.moml.MoMLSimpleApplication@4520378b
----------------- Done invoking toplevel() on ptolemy.moml.MoMLSimpleApplication@4520378b
reloadAllAccessors: .BroadcastHierarchy3

===========================================================================================
----------------- testing Tue Jul 31 01:50:08 UTC 2018 /home/travis/build/icyphy/ptII/ptolemy/domains/modal/test/auto/BroadcastHierarchy4.xml
----------------- Instantiating /home/travis/build/icyphy/ptII/ptolemy/domains/modal/test/auto/BroadcastHierarchy4.xml
24 ms. Memory: 333824K Free: 264386K (79%)
----------------- Invoking toplevel() on ptolemy.moml.MoMLSimpleApplication@65da9461
----------------- Done invoking toplevel() on ptolemy.moml.MoMLSimpleApplication@65da9461
reloadAllAccessors: .BroadcastHierarchy4

===========================================================================================
----------------- testing Tue Jul 31 01:50:08 UTC 2018 /home/travis/build/icyphy/ptII/ptolemy/domains/modal/test/auto/CannotAnalysisWithPreemption2.xml
----------------- Instantiating /home/travis/build/icyphy/ptII/ptolemy/domains/modal/test/auto/CannotAnalysisWithPreemption2.xml
6 ms. Memory: 333824K Free: 256229K (77%)
----------------- Invoking toplevel() on ptolemy.moml.MoMLSimpleApplication@4b9af58d
----------------- Done invoking toplevel() on ptolemy.moml.MoMLSimpleApplication@4b9af58d
reloadAllAccessors: .CannotAnalysisWithPreemption2

===========================================================================================
----------------- testing Tue Jul 31 01:50:08 UTC 2018 /home/travis/build/icyphy/ptII/ptolemy/domains/modal/test/auto/CannotAnalysisWithPreemption3.xml
----------------- Instantiating /home/travis/build/icyphy/ptII/ptolemy/domains/modal/test/auto/CannotAnalysisWithPreemption3.xml
4 ms. Memory: 333824K Free: 243172K (73%)
----------------- Invoking toplevel() on ptolemy.moml.MoMLSimpleApplication@5e06be61
----------------- Done invoking toplevel() on ptolemy.moml.MoMLSimpleApplication@5e06be61
reloadAllAccessors: .CannotAnalysisWithPreemption3

===========================================================================================
----------------- testing Tue Jul 31 01:50:08 UTC 2018 /home/travis/build/icyphy/ptII/ptolemy/domains/modal/test/auto/CannotProduce.xml
----------------- Instantiating /home/travis/build/icyphy/ptII/ptolemy/domains/modal/test/auto/CannotProduce.xml
10 ms. Memory: 333824K Free: 234355K (70%)
----------------- Invoking toplevel() on ptolemy.moml.MoMLSimpleApplication@244ca19d
----------------- Done invoking toplevel() on ptolemy.moml.MoMLSimpleApplication@244ca19d
reloadAllAccessors: .CannotProduce

===========================================================================================
----------------- testing Tue Jul 31 01:50:08 UTC 2018 /home/travis/build/icyphy/ptII/ptolemy/domains/modal/test/auto/CannotProduceModal.xml
----------------- Instantiating /home/travis/build/icyphy/ptII/ptolemy/domains/modal/test/auto/CannotProduceModal.xml
9 ms. Memory: 333824K Free: 226166K (68%)
----------------- Invoking toplevel() on ptolemy.moml.MoMLSimpleApplication@75939c48
----------------- Done invoking toplevel() on ptolemy.moml.MoMLSimpleApplication@75939c48
reloadAllAccessors: .CannotProduceModal

===========================================================================================
----------------- testing Tue Jul 31 01:50:08 UTC 2018 /home/travis/build/icyphy/ptII/ptolemy/domains/modal/test/auto/Case.xml
----------------- Instantiating /home/travis/build/icyphy/ptII/ptolemy/domains/modal/test/auto/Case.xml
33 ms. Memory: 333824K Free: 213100K (64%)
----------------- Invoking toplevel() on ptolemy.moml.MoMLSimpleApplication@52c4cdeb
----------------- Done invoking toplevel() on ptolemy.moml.MoMLSimpleApplication@52c4cdeb
reloadAllAccessors: .Case

===========================================================================================
----------------- testing Tue Jul 31 01:50:08 UTC 2018 /home/travis/build/icyphy/ptII/ptolemy/domains/modal/test/auto/Case1.xml
----------------- Instantiating /home/travis/build/icyphy/ptII/ptolemy/domains/modal/test/auto/Case1.xml
12 ms. Memory: 333824K Free: 202622K (61%)
----------------- Invoking toplevel() on ptolemy.moml.MoMLSimpleApplication@46dc0cee
----------------- Done invoking toplevel() on ptolemy.moml.MoMLSimpleApplication@46dc0cee
reloadAllAccessors: .Case1

===========================================================================================
----------------- testing Tue Jul 31 01:50:08 UTC 2018 /home/travis/build/icyphy/ptII/ptolemy/domains/modal/test/auto/Case2.xml
----------------- Instantiating /home/travis/build/icyphy/ptII/ptolemy/domains/modal/test/auto/Case2.xml
29 ms. Memory: 333824K Free: 191193K (57%)
----------------- Invoking toplevel() on ptolemy.moml.MoMLSimpleApplication@2f90d908
----------------- Done invoking toplevel() on ptolemy.moml.MoMLSimpleApplication@2f90d908
reloadAllAccessors: .Case2

===========================================================================================
----------------- testing Tue Jul 31 01:50:08 UTC 2018 /home/travis/build/icyphy/ptII/ptolemy/domains/modal/test/auto/CausalityInterface1.xml
----------------- Instantiating /home/travis/build/icyphy/ptII/ptolemy/domains/modal/test/auto/CausalityInterface1.xml
5 ms. Memory: 333824K Free: 184664K (55%)
----------------- Invoking toplevel() on ptolemy.moml.MoMLSimpleApplication@5c7d37d3
----------------- Done invoking toplevel() on ptolemy.moml.MoMLSimpleApplication@5c7d37d3
reloadAllAccessors: .CausalityInterface1

===========================================================================================
----------------- testing Tue Jul 31 01:50:08 UTC 2018 /home/travis/build/icyphy/ptII/ptolemy/domains/modal/test/auto/CausalityInterface10.xml
----------------- Instantiating /home/travis/build/icyphy/ptII/ptolemy/domains/modal/test/auto/CausalityInterface10.xml
13 ms. Memory: 333824K Free: 166062K (50%)
----------------- Invoking toplevel() on ptolemy.moml.MoMLSimpleApplication@6ee754b0
----------------- Done invoking toplevel() on ptolemy.moml.MoMLSimpleApplication@6ee754b0
reloadAllAccessors: .CausalityInterface10

===========================================================================================
----------------- testing Tue Jul 31 01:50:08 UTC 2018 /home/travis/build/icyphy/ptII/ptolemy/domains/modal/test/auto/CausalityInterface11.xml
----------------- Instantiating /home/travis/build/icyphy/ptII/ptolemy/domains/modal/test/auto/CausalityInterface11.xml
12 ms. Memory: 333824K Free: 149724K (45%)
----------------- Invoking toplevel() on ptolemy.moml.MoMLSimpleApplication@29466662
----------------- Done invoking toplevel() on ptolemy.moml.MoMLSimpleApplication@29466662
reloadAllAccessors: .CausalityInterface11

===========================================================================================
----------------- testing Tue Jul 31 01:50:08 UTC 2018 /home/travis/build/icyphy/ptII/ptolemy/domains/modal/test/auto/CausalityInterface12.xml
----------------- Instantiating /home/travis/build/icyphy/ptII/ptolemy/domains/modal/test/auto/CausalityInterface12.xml
5 ms. Memory: 333824K Free: 133386K (40%)
----------------- Invoking toplevel() on ptolemy.moml.MoMLSimpleApplication@6713985e
----------------- Done invoking toplevel() on ptolemy.moml.MoMLSimpleApplication@6713985e
reloadAllAccessors: .CausalityInterface12

===========================================================================================
----------------- testing Tue Jul 31 01:50:08 UTC 2018 /home/travis/build/icyphy/ptII/ptolemy/domains/modal/test/auto/CausalityInterface13.xml
----------------- Instantiating /home/travis/build/icyphy/ptII/ptolemy/domains/modal/test/auto/CausalityInterface13.xml
17 ms. Memory: 333824K Free: 114760K (34%)
----------------- Invoking toplevel() on ptolemy.moml.MoMLSimpleApplication@bdf44d2
----------------- Done invoking toplevel() on ptolemy.moml.MoMLSimpleApplication@bdf44d2
reloadAllAccessors: .CausalityInterface13

===========================================================================================
----------------- testing Tue Jul 31 01:50:08 UTC 2018 /home/travis/build/icyphy/ptII/ptolemy/domains/modal/test/auto/CausalityInterface14.xml
----------------- Instantiating /home/travis/build/icyphy/ptII/ptolemy/domains/modal/test/auto/CausalityInterface14.xml
10 ms. Memory: 333824K Free: 98422K (29%)
----------------- Invoking toplevel() on ptolemy.moml.MoMLSimpleApplication@321a2a23
----------------- Done invoking toplevel() on ptolemy.moml.MoMLSimpleApplication@321a2a23
reloadAllAccessors: .CausalityInterface14

===========================================================================================
----------------- testing Tue Jul 31 01:50:08 UTC 2018 /home/travis/build/icyphy/ptII/ptolemy/domains/modal/test/auto/CausalityInterface2.xml
----------------- Instantiating /home/travis/build/icyphy/ptII/ptolemy/domains/modal/test/auto/CausalityInterface2.xml
4 ms. Memory: 333824K Free: 90281K (27%)
----------------- Invoking toplevel() on ptolemy.moml.MoMLSimpleApplication@5488e1a9
----------------- Done invoking toplevel() on ptolemy.moml.MoMLSimpleApplication@5488e1a9
reloadAllAccessors: .CausalityInterface2

===========================================================================================
----------------- testing Tue Jul 31 01:50:08 UTC 2018 /home/travis/build/icyphy/ptII/ptolemy/domains/modal/test/auto/CausalityInterface3.xml
----------------- Instantiating /home/travis/build/icyphy/ptII/ptolemy/domains/modal/test/auto/CausalityInterface3.xml
5 ms. Memory: 333824K Free: 79819K (24%)
----------------- Invoking toplevel() on ptolemy.moml.MoMLSimpleApplication@4ba15fba
----------------- Done invoking toplevel() on ptolemy.moml.MoMLSimpleApplication@4ba15fba
reloadAllAccessors: .CausalityInterface3

===========================================================================================
----------------- testing Tue Jul 31 01:50:09 UTC 2018 /home/travis/build/icyphy/ptII/ptolemy/domains/modal/test/auto/CausalityInterface4.xml
----------------- Instantiating /home/travis/build/icyphy/ptII/ptolemy/domains/modal/test/auto/CausalityInterface4.xml
5 ms. Memory: 577536K Free: 557787K (97%)
----------------- Invoking toplevel() on ptolemy.moml.MoMLSimpleApplication@2dd09eff
----------------- Done invoking toplevel() on ptolemy.moml.MoMLSimpleApplication@2dd09eff
reloadAllAccessors: .CausalityInterface4

===========================================================================================
----------------- testing Tue Jul 31 01:50:09 UTC 2018 /home/travis/build/icyphy/ptII/ptolemy/domains/modal/test/auto/CausalityInterface5.xml
----------------- Instantiating /home/travis/build/icyphy/ptII/ptolemy/domains/modal/test/auto/CausalityInterface5.xml
4 ms. Memory: 577536K Free: 541633K (94%)
----------------- Invoking toplevel() on ptolemy.moml.MoMLSimpleApplication@3f9ec563
----------------- Done invoking toplevel() on ptolemy.moml.MoMLSimpleApplication@3f9ec563
reloadAllAccessors: .CausalityInterface5

===========================================================================================
----------------- testing Tue Jul 31 01:50:09 UTC 2018 /home/travis/build/icyphy/ptII/ptolemy/domains/modal/test/auto/CausalityInterface6.xml
----------------- Instantiating /home/travis/build/icyphy/ptII/ptolemy/domains/modal/test/auto/CausalityInterface6.xml
5 ms. Memory: 577536K Free: 528605K (92%)
----------------- Invoking toplevel() on ptolemy.moml.MoMLSimpleApplication@7f274823
----------------- Done invoking toplevel() on ptolemy.moml.MoMLSimpleApplication@7f274823
reloadAllAccessors: .CausalityInterface6

===========================================================================================
----------------- testing Tue Jul 31 01:50:09 UTC 2018 /home/travis/build/icyphy/ptII/ptolemy/domains/modal/test/auto/CausalityInterface7.xml
----------------- Instantiating /home/travis/build/icyphy/ptII/ptolemy/domains/modal/test/auto/CausalityInterface7.xml
7 ms. Memory: 577536K Free: 515577K (89%)
----------------- Invoking toplevel() on ptolemy.moml.MoMLSimpleApplication@6213bca3
----------------- Done invoking toplevel() on ptolemy.moml.MoMLSimpleApplication@6213bca3
reloadAllAccessors: .CausalityInterface7

===========================================================================================
----------------- testing Tue Jul 31 01:50:09 UTC 2018 /home/travis/build/icyphy/ptII/ptolemy/domains/modal/test/auto/CausalityInterface8.xml
----------------- Instantiating /home/travis/build/icyphy/ptII/ptolemy/domains/modal/test/auto/CausalityInterface8.xml
6 ms. Memory: 577536K Free: 497438K (86%)
----------------- Invoking toplevel() on ptolemy.moml.MoMLSimpleApplication@14c2b9be
----------------- Done invoking toplevel() on ptolemy.moml.MoMLSimpleApplication@14c2b9be
reloadAllAccessors: .CausalityInterface8

===========================================================================================
----------------- testing Tue Jul 31 01:50:09 UTC 2018 /home/travis/build/icyphy/ptII/ptolemy/domains/modal/test/auto/CausalityInterface9.xml
----------------- Instantiating /home/travis/build/icyphy/ptII/ptolemy/domains/modal/test/auto/CausalityInterface9.xml
11 ms. Memory: 577536K Free: 481276K (83%)
----------------- Invoking toplevel() on ptolemy.moml.MoMLSimpleApplication@6a962b4e
----------------- Done invoking toplevel() on ptolemy.moml.MoMLSimpleApplication@6a962b4e
reloadAllAccessors: .CausalityInterface9

===========================================================================================
----------------- testing Tue Jul 31 01:50:09 UTC 2018 /home/travis/build/icyphy/ptII/ptolemy/domains/modal/test/auto/ChainedTransitions.xml
----------------- Instantiating /home/travis/build/icyphy/ptII/ptolemy/domains/modal/test/auto/ChainedTransitions.xml
113 ms. Memory: 577536K Free: 451936K (78%)
----------------- Invoking toplevel() on ptolemy.moml.MoMLSimpleApplication@4198de85
----------------- Done invoking toplevel() on ptolemy.moml.MoMLSimpleApplication@4198de85
reloadAllAccessors: .ChainedTransitions

===========================================================================================
----------------- testing Tue Jul 31 01:50:09 UTC 2018 /home/travis/build/icyphy/ptII/ptolemy/domains/modal/test/auto/CycleOfImmediateTransitionsFSM.xml
----------------- Instantiating /home/travis/build/icyphy/ptII/ptolemy/domains/modal/test/auto/CycleOfImmediateTransitionsFSM.xml
5 ms. Memory: 577536K Free: 442177K (77%)
----------------- Invoking toplevel() on ptolemy.moml.MoMLSimpleApplication@21dd9779
----------------- Done invoking toplevel() on ptolemy.moml.MoMLSimpleApplication@21dd9779
reloadAllAccessors: .CycleOfImmediateTransitionsFSM

===========================================================================================
----------------- testing Tue Jul 31 01:50:09 UTC 2018 /home/travis/build/icyphy/ptII/ptolemy/domains/modal/test/auto/CycleOfImmediateTransitionsModal.xml
----------------- Instantiating /home/travis/build/icyphy/ptII/ptolemy/domains/modal/test/auto/CycleOfImmediateTransitionsModal.xml
4 ms. Memory: 577536K Free: 432402K (75%)
----------------- Invoking toplevel() on ptolemy.moml.MoMLSimpleApplication@7aeea0ba
----------------- Done invoking toplevel() on ptolemy.moml.MoMLSimpleApplication@7aeea0ba
reloadAllAccessors: .CycleOfImmediateTransitionsModal

===========================================================================================
----------------- testing Tue Jul 31 01:50:09 UTC 2018 /home/travis/build/icyphy/ptII/ptolemy/domains/modal/test/auto/CycleOfImmediateTransitionsModal2.xml
----------------- Instantiating /home/travis/build/icyphy/ptII/ptolemy/domains/modal/test/auto/CycleOfImmediateTransitionsModal2.xml
6 ms. Memory: 577536K Free: 419493K (73%)
----------------- Invoking toplevel() on ptolemy.moml.MoMLSimpleApplication@44d82cc3
----------------- Done invoking toplevel() on ptolemy.moml.MoMLSimpleApplication@44d82cc3
reloadAllAccessors: .CycleOfImmediateTransitionsModal2

===========================================================================================
----------------- testing Tue Jul 31 01:50:09 UTC 2018 /home/travis/build/icyphy/ptII/ptolemy/domains/modal/test/auto/CycleOfImmediateTransitionsModal3.xml
----------------- Instantiating /home/travis/build/icyphy/ptII/ptolemy/domains/modal/test/auto/CycleOfImmediateTransitionsModal3.xml
15 ms. Memory: 577536K Free: 390152K (68%)
----------------- Invoking toplevel() on ptolemy.moml.MoMLSimpleApplication@4277aa67
----------------- Done invoking toplevel() on ptolemy.moml.MoMLSimpleApplication@4277aa67
reloadAllAccessors: .CycleOfImmediateTransitionsModal3

===========================================================================================
----------------- testing Tue Jul 31 01:50:09 UTC 2018 /home/travis/build/icyphy/ptII/ptolemy/domains/modal/test/auto/DeepModal1.xml
----------------- Instantiating /home/travis/build/icyphy/ptII/ptolemy/domains/modal/test/auto/DeepModal1.xml
31 ms. Memory: 577536K Free: 370602K (64%)
----------------- Invoking toplevel() on ptolemy.moml.MoMLSimpleApplication@18ea9f79
----------------- Done invoking toplevel() on ptolemy.moml.MoMLSimpleApplication@18ea9f79
reloadAllAccessors: .DeepModal1

===========================================================================================
----------------- testing Tue Jul 31 01:50:09 UTC 2018 /home/travis/build/icyphy/ptII/ptolemy/domains/modal/test/auto/DeepModal2.xml
----------------- Instantiating /home/travis/build/icyphy/ptII/ptolemy/domains/modal/test/auto/DeepModal2.xml
25 ms. Memory: 577536K Free: 347800K (60%)
----------------- Invoking toplevel() on ptolemy.moml.MoMLSimpleApplication@2f8ac829
----------------- Done invoking toplevel() on ptolemy.moml.MoMLSimpleApplication@2f8ac829
reloadAllAccessors: .DeepModal2

===========================================================================================
----------------- testing Tue Jul 31 01:50:09 UTC 2018 /home/travis/build/icyphy/ptII/ptolemy/domains/modal/test/auto/DeepModal3.xml
----------------- Instantiating /home/travis/build/icyphy/ptII/ptolemy/domains/modal/test/auto/DeepModal3.xml
38 ms. Memory: 577536K Free: 321862K (56%)
----------------- Invoking toplevel() on ptolemy.moml.MoMLSimpleApplication@12ed74be
----------------- Done invoking toplevel() on ptolemy.moml.MoMLSimpleApplication@12ed74be
reloadAllAccessors: .DeepModal3

===========================================================================================
----------------- testing Tue Jul 31 01:50:09 UTC 2018 /home/travis/build/icyphy/ptII/ptolemy/domains/modal/test/auto/DeepModal4.xml
----------------- Instantiating /home/travis/build/icyphy/ptII/ptolemy/domains/modal/test/auto/DeepModal4.xml
37 ms. Memory: 577536K Free: 299052K (52%)
----------------- Invoking toplevel() on ptolemy.moml.MoMLSimpleApplication@6c8a864
----------------- Done invoking toplevel() on ptolemy.moml.MoMLSimpleApplication@6c8a864
reloadAllAccessors: .DeepModal4

===========================================================================================
----------------- testing Tue Jul 31 01:50:10 UTC 2018 /home/travis/build/icyphy/ptII/ptolemy/domains/modal/test/auto/Default1.xml
----------------- Instantiating /home/travis/build/icyphy/ptII/ptolemy/domains/modal/test/auto/Default1.xml
5 ms. Memory: 577536K Free: 289277K (50%)
----------------- Invoking toplevel() on ptolemy.moml.MoMLSimpleApplication@17254438
----------------- Done invoking toplevel() on ptolemy.moml.MoMLSimpleApplication@17254438
reloadAllAccessors: .Default1

===========================================================================================
----------------- testing Tue Jul 31 01:50:10 UTC 2018 /home/travis/build/icyphy/ptII/ptolemy/domains/modal/test/auto/Default2.xml
----------------- Instantiating /home/travis/build/icyphy/ptII/ptolemy/domains/modal/test/auto/Default2.xml
1 ms. Memory: 577536K Free: 279518K (48%)
----------------- Invoking toplevel() on ptolemy.moml.MoMLSimpleApplication@48fa4b0f
----------------- Done invoking toplevel() on ptolemy.moml.MoMLSimpleApplication@48fa4b0f
reloadAllAccessors: .Default2

===========================================================================================
----------------- testing Tue Jul 31 01:50:10 UTC 2018 /home/travis/build/icyphy/ptII/ptolemy/domains/modal/test/auto/Default3.xml
----------------- Instantiating /home/travis/build/icyphy/ptII/ptolemy/domains/modal/test/auto/Default3.xml
2 ms. Memory: 577536K Free: 266609K (46%)
----------------- Invoking toplevel() on ptolemy.moml.MoMLSimpleApplication@3d4342a5
----------------- Done invoking toplevel() on ptolemy.moml.MoMLSimpleApplication@3d4342a5
reloadAllAccessors: .Default3

===========================================================================================
----------------- testing Tue Jul 31 01:50:10 UTC 2018 /home/travis/build/icyphy/ptII/ptolemy/domains/modal/test/auto/Default4.xml
----------------- Instantiating /home/travis/build/icyphy/ptII/ptolemy/domains/modal/test/auto/Default4.xml
5 ms. Memory: 577536K Free: 256834K (44%)
----------------- Invoking toplevel() on ptolemy.moml.MoMLSimpleApplication@2f28aab4
----------------- Done invoking toplevel() on ptolemy.moml.MoMLSimpleApplication@2f28aab4
reloadAllAccessors: .Default4

===========================================================================================
----------------- testing Tue Jul 31 01:50:10 UTC 2018 /home/travis/build/icyphy/ptII/ptolemy/domains/modal/test/auto/Default5.xml
----------------- Instantiating /home/travis/build/icyphy/ptII/ptolemy/domains/modal/test/auto/Default5.xml
6 ms. Memory: 577536K Free: 243822K (42%)
----------------- Invoking toplevel() on ptolemy.moml.MoMLSimpleApplication@4173dc62
----------------- Done invoking toplevel() on ptolemy.moml.MoMLSimpleApplication@4173dc62
reloadAllAccessors: .Default5

===========================================================================================
----------------- testing Tue Jul 31 01:50:10 UTC 2018 /home/travis/build/icyphy/ptII/ptolemy/domains/modal/test/auto/EmptyGuard.xml
----------------- Instantiating /home/travis/build/icyphy/ptII/ptolemy/domains/modal/test/auto/EmptyGuard.xml
16 ms. Memory: 577536K Free: 234056K (41%)
----------------- Invoking toplevel() on ptolemy.moml.MoMLSimpleApplication@77142c2b
----------------- Done invoking toplevel() on ptolemy.moml.MoMLSimpleApplication@77142c2b
reloadAllAccessors: .EmptyGuard

===========================================================================================
----------------- testing Tue Jul 31 01:50:10 UTC 2018 /home/travis/build/icyphy/ptII/ptolemy/domains/modal/test/auto/ErrorTransition1.xml
----------------- Instantiating /home/travis/build/icyphy/ptII/ptolemy/domains/modal/test/auto/ErrorTransition1.xml
6 ms. Memory: 577536K Free: 217893K (38%)
----------------- Invoking toplevel() on ptolemy.moml.MoMLSimpleApplication@5ce19321
----------------- Done invoking toplevel() on ptolemy.moml.MoMLSimpleApplication@5ce19321
reloadAllAccessors: .ErrorTransition1

===========================================================================================
----------------- testing Tue Jul 31 01:50:10 UTC 2018 /home/travis/build/icyphy/ptII/ptolemy/domains/modal/test/auto/ErrorTransition10.xml
----------------- Instantiating /home/travis/build/icyphy/ptII/ptolemy/domains/modal/test/auto/ErrorTransition10.xml
11 ms. Memory: 577536K Free: 201613K (35%)
----------------- Invoking toplevel() on ptolemy.moml.MoMLSimpleApplication@4eecec2b
----------------- Done invoking toplevel() on ptolemy.moml.MoMLSimpleApplication@4eecec2b
reloadAllAccessors: .ErrorTransition10

===========================================================================================
----------------- testing Tue Jul 31 01:50:10 UTC 2018 /home/travis/build/icyphy/ptII/ptolemy/domains/modal/test/auto/ErrorTransition11.xml
----------------- Instantiating /home/travis/build/icyphy/ptII/ptolemy/domains/modal/test/auto/ErrorTransition11.xml
6 ms. Memory: 577536K Free: 185332K (32%)
----------------- Invoking toplevel() on ptolemy.moml.MoMLSimpleApplication@1801f3ab
----------------- Done invoking toplevel() on ptolemy.moml.MoMLSimpleApplication@1801f3ab
reloadAllAccessors: .ErrorTransition11

===========================================================================================
----------------- testing Tue Jul 31 01:50:10 UTC 2018 /home/travis/build/icyphy/ptII/ptolemy/domains/modal/test/auto/ErrorTransition2.xml
----------------- Instantiating /home/travis/build/icyphy/ptII/ptolemy/domains/modal/test/auto/ErrorTransition2.xml
5 ms. Memory: 577536K Free: 172320K (30%)
----------------- Invoking toplevel() on ptolemy.moml.MoMLSimpleApplication@71628c82
----------------- Done invoking toplevel() on ptolemy.moml.MoMLSimpleApplication@71628c82
reloadAllAccessors: .ErrorTransition2

===========================================================================================
----------------- testing Tue Jul 31 01:50:10 UTC 2018 /home/travis/build/icyphy/ptII/ptolemy/domains/modal/test/auto/ErrorTransition3.xml
----------------- Instantiating /home/travis/build/icyphy/ptII/ptolemy/domains/modal/test/auto/ErrorTransition3.xml
6 ms. Memory: 577536K Free: 156166K (27%)
----------------- Invoking toplevel() on ptolemy.moml.MoMLSimpleApplication@41111145
----------------- Done invoking toplevel() on ptolemy.moml.MoMLSimpleApplication@41111145
reloadAllAccessors: .ErrorTransition3

===========================================================================================
----------------- testing Tue Jul 31 01:50:10 UTC 2018 /home/travis/build/icyphy/ptII/ptolemy/domains/modal/test/auto/ErrorTransition4.xml
----------------- Instantiating /home/travis/build/icyphy/ptII/ptolemy/domains/modal/test/auto/ErrorTransition4.xml
5 ms. Memory: 577536K Free: 143139K (25%)
----------------- Invoking toplevel() on ptolemy.moml.MoMLSimpleApplication@5755af28
----------------- Done invoking toplevel() on ptolemy.moml.MoMLSimpleApplication@5755af28
reloadAllAccessors: .ErrorTransition4

===========================================================================================
----------------- testing Tue Jul 31 01:50:10 UTC 2018 /home/travis/build/icyphy/ptII/ptolemy/domains/modal/test/auto/ErrorTransition5.xml
----------------- Instantiating /home/travis/build/icyphy/ptII/ptolemy/domains/modal/test/auto/ErrorTransition5.xml
5 ms. Memory: 577536K Free: 130127K (23%)
----------------- Invoking toplevel() on ptolemy.moml.MoMLSimpleApplication@5ba2dc6b
----------------- Done invoking toplevel() on ptolemy.moml.MoMLSimpleApplication@5ba2dc6b
reloadAllAccessors: .ErrorTransition5

===========================================================================================
----------------- testing Tue Jul 31 01:50:10 UTC 2018 /home/travis/build/icyphy/ptII/ptolemy/domains/modal/test/auto/ErrorTransition6.xml
----------------- Instantiating /home/travis/build/icyphy/ptII/ptolemy/domains/modal/test/auto/ErrorTransition6.xml
6 ms. Memory: 577536K Free: 117115K (20%)
----------------- Invoking toplevel() on ptolemy.moml.MoMLSimpleApplication@44e239a0
----------------- Done invoking toplevel() on ptolemy.moml.MoMLSimpleApplication@44e239a0
reloadAllAccessors: .ErrorTransition6

===========================================================================================
----------------- testing Tue Jul 31 01:50:10 UTC 2018 /home/travis/build/icyphy/ptII/ptolemy/domains/modal/test/auto/ErrorTransition7.xml
----------------- Instantiating /home/travis/build/icyphy/ptII/ptolemy/domains/modal/test/auto/ErrorTransition7.xml
10 ms. Memory: 577536K Free: 100834K (17%)
----------------- Invoking toplevel() on ptolemy.moml.MoMLSimpleApplication@3f96a4f3
----------------- Done invoking toplevel() on ptolemy.moml.MoMLSimpleApplication@3f96a4f3
reloadAllAccessors: .ErrorTransition7

===========================================================================================
----------------- testing Tue Jul 31 01:50:10 UTC 2018 /home/travis/build/icyphy/ptII/ptolemy/domains/modal/test/auto/ErrorTransition8.xml
----------------- Instantiating /home/travis/build/icyphy/ptII/ptolemy/domains/modal/test/auto/ErrorTransition8.xml
42 ms. Memory: 577536K Free: 81427K (14%)
----------------- Invoking toplevel() on ptolemy.moml.MoMLSimpleApplication@50775ef
----------------- Done invoking toplevel() on ptolemy.moml.MoMLSimpleApplication@50775ef
reloadAllAccessors: .ErrorTransition8

===========================================================================================
----------------- testing Tue Jul 31 01:50:10 UTC 2018 /home/travis/build/icyphy/ptII/ptolemy/domains/modal/test/auto/ErrorTransition9.xml
----------------- Instantiating /home/travis/build/icyphy/ptII/ptolemy/domains/modal/test/auto/ErrorTransition9.xml
21 ms. Memory: 578048K Free: 552407K (96%)
----------------- Invoking toplevel() on ptolemy.moml.MoMLSimpleApplication@5603a7ea
----------------- Done invoking toplevel() on ptolemy.moml.MoMLSimpleApplication@5603a7ea
reloadAllAccessors: .ErrorTransition9

===========================================================================================
----------------- testing Tue Jul 31 01:50:10 UTC 2018 /home/travis/build/icyphy/ptII/ptolemy/domains/modal/test/auto/ExtendedFSM.xml
----------------- Instantiating /home/travis/build/icyphy/ptII/ptolemy/domains/modal/test/auto/ExtendedFSM.xml
14 ms. Memory: 578048K Free: 540435K (93%)
----------------- Invoking toplevel() on ptolemy.moml.MoMLSimpleApplication@4efbe246
----------------- Done invoking toplevel() on ptolemy.moml.MoMLSimpleApplication@4efbe246
reloadAllAccessors: .ExtendedFSM

===========================================================================================
----------------- testing Tue Jul 31 01:50:10 UTC 2018 /home/travis/build/icyphy/ptII/ptolemy/domains/modal/test/auto/FinalStates.xml
----------------- Instantiating /home/travis/build/icyphy/ptII/ptolemy/domains/modal/test/auto/FinalStates.xml
13 ms. Memory: 578048K Free: 530676K (92%)
----------------- Invoking toplevel() on ptolemy.moml.MoMLSimpleApplication@6d5a761e
----------------- Done invoking toplevel() on ptolemy.moml.MoMLSimpleApplication@6d5a761e
reloadAllAccessors: .FinalStates

===========================================================================================
----------------- testing Tue Jul 31 01:50:10 UTC 2018 /home/travis/build/icyphy/ptII/ptolemy/domains/modal/test/auto/FixedPointFSM.xml
----------------- Instantiating /home/travis/build/icyphy/ptII/ptolemy/domains/modal/test/auto/FixedPointFSM.xml
27 ms. Memory: 578048K Free: 511205K (88%)
----------------- Invoking toplevel() on ptolemy.moml.MoMLSimpleApplication@1cfdd596
----------------- Done invoking toplevel() on ptolemy.moml.MoMLSimpleApplication@1cfdd596
reloadAllAccessors: .FixedPointFSM

===========================================================================================
----------------- testing Tue Jul 31 01:50:11 UTC 2018 /home/travis/build/icyphy/ptII/ptolemy/domains/modal/test/auto/FixedPointIterationFSMActor.xml
----------------- Instantiating /home/travis/build/icyphy/ptII/ptolemy/domains/modal/test/auto/FixedPointIterationFSMActor.xml
7 ms. Memory: 578048K Free: 498975K (86%)
----------------- Invoking toplevel() on ptolemy.moml.MoMLSimpleApplication@4815f4b0
----------------- Done invoking toplevel() on ptolemy.moml.MoMLSimpleApplication@4815f4b0
reloadAllAccessors: .FixedPointIterationFSMActor

===========================================================================================
----------------- testing Tue Jul 31 01:50:11 UTC 2018 /home/travis/build/icyphy/ptII/ptolemy/domains/modal/test/auto/FixedPointIterationFSMActor2.xml
----------------- Instantiating /home/travis/build/icyphy/ptII/ptolemy/domains/modal/test/auto/FixedPointIterationFSMActor2.xml
19 ms. Memory: 578048K Free: 484312K (84%)
----------------- Invoking toplevel() on ptolemy.moml.MoMLSimpleApplication@6b68fa0f
----------------- Done invoking toplevel() on ptolemy.moml.MoMLSimpleApplication@6b68fa0f
reloadAllAccessors: .FixedPointIterationFSMActor2

===========================================================================================
----------------- testing Tue Jul 31 01:50:11 UTC 2018 /home/travis/build/icyphy/ptII/ptolemy/domains/modal/test/auto/ForbiddenInstantanousLoop.xml
----------------- Instantiating /home/travis/build/icyphy/ptII/ptolemy/domains/modal/test/auto/ForbiddenInstantanousLoop.xml
5 ms. Memory: 578048K Free: 467453K (81%)
----------------- Invoking toplevel() on ptolemy.moml.MoMLSimpleApplication@3f4736a6
----------------- Done invoking toplevel() on ptolemy.moml.MoMLSimpleApplication@3f4736a6
reloadAllAccessors: .ForbiddenInstantanousLoop

===========================================================================================
----------------- testing Tue Jul 31 01:50:11 UTC 2018 /home/travis/build/icyphy/ptII/ptolemy/domains/modal/test/auto/FunctionDependencyOfFSMActorTest.xml
----------------- Instantiating /home/travis/build/icyphy/ptII/ptolemy/domains/modal/test/auto/FunctionDependencyOfFSMActorTest.xml
16 ms. Memory: 578048K Free: 460117K (80%)
----------------- Invoking toplevel() on ptolemy.moml.MoMLSimpleApplication@34d9fb07
----------------- Done invoking toplevel() on ptolemy.moml.MoMLSimpleApplication@34d9fb07
reloadAllAccessors: .FunctionDependencyOfFSMActorTest

===========================================================================================
----------------- testing Tue Jul 31 01:50:11 UTC 2018 /home/travis/build/icyphy/ptII/ptolemy/domains/modal/test/auto/GuardExpression.xml
----------------- Instantiating /home/travis/build/icyphy/ptII/ptolemy/domains/modal/test/auto/GuardExpression.xml
2 ms. Memory: 578048K Free: 452790K (78%)
----------------- Invoking toplevel() on ptolemy.moml.MoMLSimpleApplication@25de0f54
----------------- Done invoking toplevel() on ptolemy.moml.MoMLSimpleApplication@25de0f54
reloadAllAccessors: .GuardExpression

===========================================================================================
----------------- testing Tue Jul 31 01:50:11 UTC 2018 /home/travis/build/icyphy/ptII/ptolemy/domains/modal/test/auto/GuardNotEvaluated.xml
----------------- Instantiating /home/travis/build/icyphy/ptII/ptolemy/domains/modal/test/auto/GuardNotEvaluated.xml
12 ms. Memory: 578048K Free: 440818K (76%)
----------------- Invoking toplevel() on ptolemy.moml.MoMLSimpleApplication@25ebdbcf
----------------- Done invoking toplevel() on ptolemy.moml.MoMLSimpleApplication@25ebdbcf
reloadAllAccessors: .GuardNotEvaluated

===========================================================================================
----------------- testing Tue Jul 31 01:50:11 UTC 2018 /home/travis/build/icyphy/ptII/ptolemy/domains/modal/test/auto/GuardNotEvaluated2.xml
----------------- Instantiating /home/travis/build/icyphy/ptII/ptolemy/domains/modal/test/auto/GuardNotEvaluated2.xml
11 ms. Memory: 578048K Free: 431059K (75%)
----------------- Invoking toplevel() on ptolemy.moml.MoMLSimpleApplication@134b5c83
----------------- Done invoking toplevel() on ptolemy.moml.MoMLSimpleApplication@134b5c83
reloadAllAccessors: .GuardNotEvaluated2

===========================================================================================
----------------- testing Tue Jul 31 01:50:11 UTC 2018 /home/travis/build/icyphy/ptII/ptolemy/domains/modal/test/auto/GuardOnAbsent.xml
----------------- Instantiating /home/travis/build/icyphy/ptII/ptolemy/domains/modal/test/auto/GuardOnAbsent.xml
8 ms. Memory: 578048K Free: 421269K (73%)
----------------- Invoking toplevel() on ptolemy.moml.MoMLSimpleApplication@7572d71
----------------- Done invoking toplevel() on ptolemy.moml.MoMLSimpleApplication@7572d71
reloadAllAccessors: .GuardOnAbsent

===========================================================================================
----------------- testing Tue Jul 31 01:50:11 UTC 2018 /home/travis/build/icyphy/ptII/ptolemy/domains/modal/test/auto/HierarchicalFSMTypeInference.xml
----------------- Instantiating /home/travis/build/icyphy/ptII/ptolemy/domains/modal/test/auto/HierarchicalFSMTypeInference.xml
5 ms. Memory: 578048K Free: 404409K (70%)
----------------- Invoking toplevel() on ptolemy.moml.MoMLSimpleApplication@47d8e5fc
----------------- Done invoking toplevel() on ptolemy.moml.MoMLSimpleApplication@47d8e5fc
reloadAllAccessors: .HierarchicalFSMTypeInference

===========================================================================================
----------------- testing Tue Jul 31 01:50:11 UTC 2018 /home/travis/build/icyphy/ptII/ptolemy/domains/modal/test/auto/Hysteresis.xml
----------------- Instantiating /home/travis/build/icyphy/ptII/ptolemy/domains/modal/test/auto/Hysteresis.xml
12 ms. Memory: 578048K Free: 387291K (67%)
----------------- Invoking toplevel() on ptolemy.moml.MoMLSimpleApplication@3c5ac8c0
----------------- Done invoking toplevel() on ptolemy.moml.MoMLSimpleApplication@3c5ac8c0
reloadAllAccessors: .Hysteresis

===========================================================================================
----------------- testing Tue Jul 31 01:50:11 UTC 2018 /home/travis/build/icyphy/ptII/ptolemy/domains/modal/test/auto/HysteresisWithDefault.xml
----------------- Instantiating /home/travis/build/icyphy/ptII/ptolemy/domains/modal/test/auto/HysteresisWithDefault.xml
46 ms. Memory: 578048K Free: 358193K (62%)
----------------- Invoking toplevel() on ptolemy.moml.MoMLSimpleApplication@a81d962
----------------- Done invoking toplevel() on ptolemy.moml.MoMLSimpleApplication@a81d962
reloadAllAccessors: .HysteresisWithDefault

===========================================================================================
----------------- testing Tue Jul 31 01:50:11 UTC 2018 /home/travis/build/icyphy/ptII/ptolemy/domains/modal/test/auto/HysteresisWithDefault2.xml
----------------- Instantiating /home/travis/build/icyphy/ptII/ptolemy/domains/modal/test/auto/HysteresisWithDefault2.xml
56 ms. Memory: 578048K Free: 326365K (56%)
----------------- Invoking toplevel() on ptolemy.moml.MoMLSimpleApplication@6b6d96e1
----------------- Done invoking toplevel() on ptolemy.moml.MoMLSimpleApplication@6b6d96e1
reloadAllAccessors: .HysteresisWithDefault2

===========================================================================================
----------------- testing Tue Jul 31 01:50:11 UTC 2018 /home/travis/build/icyphy/ptII/ptolemy/domains/modal/test/auto/ImmediateNonConstructiveness.xml
----------------- Instantiating /home/travis/build/icyphy/ptII/ptolemy/domains/modal/test/auto/ImmediateNonConstructiveness.xml
3 ms. Memory: 578048K Free: 316606K (55%)
----------------- Invoking toplevel() on ptolemy.moml.MoMLSimpleApplication@37b7450b
----------------- Done invoking toplevel() on ptolemy.moml.MoMLSimpleApplication@37b7450b
reloadAllAccessors: .ImmediateNonConstructiveness

===========================================================================================
----------------- testing Tue Jul 31 01:50:11 UTC 2018 /home/travis/build/icyphy/ptII/ptolemy/domains/modal/test/auto/ImmediateNonConstructiveness2.xml
----------------- Instantiating /home/travis/build/icyphy/ptII/ptolemy/domains/modal/test/auto/ImmediateNonConstructiveness2.xml
2 ms. Memory: 578048K Free: 304633K (53%)
----------------- Invoking toplevel() on ptolemy.moml.MoMLSimpleApplication@234691da
----------------- Done invoking toplevel() on ptolemy.moml.MoMLSimpleApplication@234691da
reloadAllAccessors: .ImmediateNonConstructiveness2

===========================================================================================
----------------- testing Tue Jul 31 01:50:11 UTC 2018 /home/travis/build/icyphy/ptII/ptolemy/domains/modal/test/auto/ImmediateTransitionReset.xml
----------------- Instantiating /home/travis/build/icyphy/ptII/ptolemy/domains/modal/test/auto/ImmediateTransitionReset.xml
7 ms. Memory: 578048K Free: 289947K (50%)
----------------- Invoking toplevel() on ptolemy.moml.MoMLSimpleApplication@2e466846
----------------- Done invoking toplevel() on ptolemy.moml.MoMLSimpleApplication@2e466846
reloadAllAccessors: .ImmediateTransitionReset

===========================================================================================
----------------- testing Tue Jul 31 01:50:11 UTC 2018 /home/travis/build/icyphy/ptII/ptolemy/domains/modal/test/auto/ImmediateTransitions1.xml
----------------- Instantiating /home/travis/build/icyphy/ptII/ptolemy/domains/modal/test/auto/ImmediateTransitions1.xml
2 ms. Memory: 578048K Free: 282628K (49%)
----------------- Invoking toplevel() on ptolemy.moml.MoMLSimpleApplication@4fda71af
----------------- Done invoking toplevel() on ptolemy.moml.MoMLSimpleApplication@4fda71af
reloadAllAccessors: .ImmediateTransitions1

===========================================================================================
----------------- testing Tue Jul 31 01:50:11 UTC 2018 /home/travis/build/icyphy/ptII/ptolemy/domains/modal/test/auto/ImmediateTransitionsInstantaneousCommunication.xml
----------------- Instantiating /home/travis/build/icyphy/ptII/ptolemy/domains/modal/test/auto/ImmediateTransitionsInstantaneousCommunication.xml
5 ms. Memory: 578048K Free: 265744K (46%)
----------------- Invoking toplevel() on ptolemy.moml.MoMLSimpleApplication@28905f9
----------------- Done invoking toplevel() on ptolemy.moml.MoMLSimpleApplication@28905f9
reloadAllAccessors: .ImmediateTransitionsInstantaneousCommunication

===========================================================================================
----------------- testing Tue Jul 31 01:50:11 UTC 2018 /home/travis/build/icyphy/ptII/ptolemy/domains/modal/test/auto/InitialImmediateTransition.xml
----------------- Instantiating /home/travis/build/icyphy/ptII/ptolemy/domains/modal/test/auto/InitialImmediateTransition.xml
8 ms. Memory: 578048K Free: 255985K (44%)
----------------- Invoking toplevel() on ptolemy.moml.MoMLSimpleApplication@4e56d839
----------------- Done invoking toplevel() on ptolemy.moml.MoMLSimpleApplication@4e56d839
reloadAllAccessors: .InitialImmediateTransition

===========================================================================================
----------------- testing Tue Jul 31 01:50:11 UTC 2018 /home/travis/build/icyphy/ptII/ptolemy/domains/modal/test/auto/InitialOutputs.xml
----------------- Instantiating /home/travis/build/icyphy/ptII/ptolemy/domains/modal/test/auto/InitialOutputs.xml
5 ms. Memory: 578048K Free: 246194K (43%)
----------------- Invoking toplevel() on ptolemy.moml.MoMLSimpleApplication@5d514f16
----------------- Done invoking toplevel() on ptolemy.moml.MoMLSimpleApplication@5d514f16
reloadAllAccessors: .InitialOutputs

===========================================================================================
----------------- testing Tue Jul 31 01:50:11 UTC 2018 /home/travis/build/icyphy/ptII/ptolemy/domains/modal/test/auto/InitialStateTransition1.xml
----------------- Instantiating /home/travis/build/icyphy/ptII/ptolemy/domains/modal/test/auto/InitialStateTransition1.xml
2 ms. Memory: 578048K Free: 234238K (41%)
----------------- Invoking toplevel() on ptolemy.moml.MoMLSimpleApplication@7ff87964
----------------- Done invoking toplevel() on ptolemy.moml.MoMLSimpleApplication@7ff87964
reloadAllAccessors: .InitialStateTransition1

===========================================================================================
----------------- testing Tue Jul 31 01:50:11 UTC 2018 /home/travis/build/icyphy/ptII/ptolemy/domains/modal/test/auto/InitialStateTransition2.xml
----------------- Instantiating /home/travis/build/icyphy/ptII/ptolemy/domains/modal/test/auto/InitialStateTransition2.xml
.InitialStateTransition2.TestExceptionAttributeNonConstructive: initialize() was not invoked, but wrapup() was.  This is unusual, but not always a problem.  For example, exporting JNLP will do this.
0 ms. Memory: 578048K Free: 224464K (39%)
----------------- Invoking toplevel() on ptolemy.moml.MoMLSimpleApplication@4fcbf2cc
----------------- Done invoking toplevel() on ptolemy.moml.MoMLSimpleApplication@4fcbf2cc
reloadAllAccessors: .InitialStateTransition2

===========================================================================================
----------------- testing Tue Jul 31 01:50:11 UTC 2018 /home/travis/build/icyphy/ptII/ptolemy/domains/modal/test/auto/InitialStateTransition3.xml
----------------- Instantiating /home/travis/build/icyphy/ptII/ptolemy/domains/modal/test/auto/InitialStateTransition3.xml
3 ms. Memory: 578048K Free: 210036K (36%)
----------------- Invoking toplevel() on ptolemy.moml.MoMLSimpleApplication@7f56b80c
----------------- Done invoking toplevel() on ptolemy.moml.MoMLSimpleApplication@7f56b80c
reloadAllAccessors: .InitialStateTransition3

===========================================================================================
----------------- testing Tue Jul 31 01:50:11 UTC 2018 /home/travis/build/icyphy/ptII/ptolemy/domains/modal/test/auto/InitialStateTransition4.xml
----------------- Instantiating /home/travis/build/icyphy/ptII/ptolemy/domains/modal/test/auto/InitialStateTransition4.xml
3 ms. Memory: 578048K Free: 197829K (34%)
----------------- Invoking toplevel() on ptolemy.moml.MoMLSimpleApplication@5efd2c57
----------------- Done invoking toplevel() on ptolemy.moml.MoMLSimpleApplication@5efd2c57
[...]
----------------- Done invoking toplevel() on ptolemy.moml.MoMLSimpleApplication@cc476cd
reloadAllAccessors: .TerminationTransition3

===========================================================================================
----------------- testing Tue Jul 31 01:50:14 UTC 2018 /home/travis/build/icyphy/ptII/ptolemy/domains/modal/test/auto/TerminationTransition4.xml
----------------- Instantiating /home/travis/build/icyphy/ptII/ptolemy/domains/modal/test/auto/TerminationTransition4.xml
3 ms. Memory: 870912K Free: 115476K (13%)
----------------- Invoking toplevel() on ptolemy.moml.MoMLSimpleApplication@32ef19af
----------------- Done invoking toplevel() on ptolemy.moml.MoMLSimpleApplication@32ef19af
reloadAllAccessors: .TerminationTransition4

===========================================================================================
----------------- testing Tue Jul 31 01:50:14 UTC 2018 /home/travis/build/icyphy/ptII/ptolemy/domains/modal/test/auto/TerminationTransition5.xml
----------------- Instantiating /home/travis/build/icyphy/ptII/ptolemy/domains/modal/test/auto/TerminationTransition5.xml
5 ms. Memory: 870912K Free: 94646K (11%)
----------------- Invoking toplevel() on ptolemy.moml.MoMLSimpleApplication@5679a8b6
----------------- Done invoking toplevel() on ptolemy.moml.MoMLSimpleApplication@5679a8b6
reloadAllAccessors: .TerminationTransition5

===========================================================================================
----------------- testing Tue Jul 31 01:50:14 UTC 2018 /home/travis/build/icyphy/ptII/ptolemy/domains/modal/test/auto/TerminationTransition6.xml
----------------- Instantiating /home/travis/build/icyphy/ptII/ptolemy/domains/modal/test/auto/TerminationTransition6.xml
2 ms. Memory: 870912K Free: 79022K (9%)
----------------- Invoking toplevel() on ptolemy.moml.MoMLSimpleApplication@3cd95ec0
----------------- Done invoking toplevel() on ptolemy.moml.MoMLSimpleApplication@3cd95ec0
reloadAllAccessors: .TerminationTransition6

===========================================================================================
----------------- testing Tue Jul 31 01:50:14 UTC 2018 /home/travis/build/icyphy/ptII/ptolemy/domains/modal/test/auto/TerminationTransition7.xml
----------------- Instantiating /home/travis/build/icyphy/ptII/ptolemy/domains/modal/test/auto/TerminationTransition7.xml
4 ms. Memory: 870912K Free: 841765K (97%)
----------------- Invoking toplevel() on ptolemy.moml.MoMLSimpleApplication@15e023e0
----------------- Done invoking toplevel() on ptolemy.moml.MoMLSimpleApplication@15e023e0
reloadAllAccessors: .TerminationTransition7

===========================================================================================
----------------- testing Tue Jul 31 01:50:14 UTC 2018 /home/travis/build/icyphy/ptII/ptolemy/domains/modal/test/auto/TerminationTransition8.xml
----------------- Instantiating /home/travis/build/icyphy/ptII/ptolemy/domains/modal/test/auto/TerminationTransition8.xml
1 ms. Memory: 870912K Free: 826133K (95%)
----------------- Invoking toplevel() on ptolemy.moml.MoMLSimpleApplication@5a33a2b2
----------------- Done invoking toplevel() on ptolemy.moml.MoMLSimpleApplication@5a33a2b2
reloadAllAccessors: .TerminationTransition8

===========================================================================================
----------------- testing Tue Jul 31 01:50:14 UTC 2018 /home/travis/build/icyphy/ptII/ptolemy/domains/modal/test/auto/Thermostat_NoHysteresis.xml
----------------- Instantiating /home/travis/build/icyphy/ptII/ptolemy/domains/modal/test/auto/Thermostat_NoHysteresis.xml
35 ms. Memory: 870912K Free: 792996K (91%)
----------------- Invoking toplevel() on ptolemy.moml.MoMLSimpleApplication@6e3e60b5
----------------- Done invoking toplevel() on ptolemy.moml.MoMLSimpleApplication@6e3e60b5
reloadAllAccessors: .Thermostat_NoHysteresis

===========================================================================================
----------------- testing Tue Jul 31 01:50:14 UTC 2018 /home/travis/build/icyphy/ptII/ptolemy/domains/modal/test/auto/TimedFSM.xml
----------------- Instantiating /home/travis/build/icyphy/ptII/ptolemy/domains/modal/test/auto/TimedFSM.xml
14 ms. Memory: 870912K Free: 777364K (89%)
----------------- Invoking toplevel() on ptolemy.moml.MoMLSimpleApplication@1cb45af1
----------------- Done invoking toplevel() on ptolemy.moml.MoMLSimpleApplication@1cb45af1
reloadAllAccessors: .TimedFSM

===========================================================================================
----------------- testing Tue Jul 31 01:50:14 UTC 2018 /home/travis/build/icyphy/ptII/ptolemy/domains/modal/test/auto/Timeout1.xml
----------------- Instantiating /home/travis/build/icyphy/ptII/ptolemy/domains/modal/test/auto/Timeout1.xml
3 ms. Memory: 870912K Free: 765073K (88%)
----------------- Invoking toplevel() on ptolemy.moml.MoMLSimpleApplication@4b686bf8
----------------- Done invoking toplevel() on ptolemy.moml.MoMLSimpleApplication@4b686bf8
reloadAllAccessors: .Timeout1

===========================================================================================
----------------- testing Tue Jul 31 01:50:14 UTC 2018 /home/travis/build/icyphy/ptII/ptolemy/domains/modal/test/auto/Timeout2.xml
----------------- Instantiating /home/travis/build/icyphy/ptII/ptolemy/domains/modal/test/auto/Timeout2.xml
7 ms. Memory: 870912K Free: 749441K (86%)
----------------- Invoking toplevel() on ptolemy.moml.MoMLSimpleApplication@7ec62390
----------------- Done invoking toplevel() on ptolemy.moml.MoMLSimpleApplication@7ec62390
reloadAllAccessors: .Timeout2

===========================================================================================
----------------- testing Tue Jul 31 01:50:14 UTC 2018 /home/travis/build/icyphy/ptII/ptolemy/domains/modal/test/auto/Timeout3.xml
----------------- Instantiating /home/travis/build/icyphy/ptII/ptolemy/domains/modal/test/auto/Timeout3.xml
6 ms. Memory: 870912K Free: 739030K (85%)
----------------- Invoking toplevel() on ptolemy.moml.MoMLSimpleApplication@51012e35
----------------- Done invoking toplevel() on ptolemy.moml.MoMLSimpleApplication@51012e35
reloadAllAccessors: .Timeout3

===========================================================================================
----------------- testing Tue Jul 31 01:50:14 UTC 2018 /home/travis/build/icyphy/ptII/ptolemy/domains/modal/test/auto/Timeout4.xml
----------------- Instantiating /home/travis/build/icyphy/ptII/ptolemy/domains/modal/test/auto/Timeout4.xml
3 ms. Memory: 870912K Free: 726739K (83%)
----------------- Invoking toplevel() on ptolemy.moml.MoMLSimpleApplication@409505e9
----------------- Done invoking toplevel() on ptolemy.moml.MoMLSimpleApplication@409505e9
reloadAllAccessors: .Timeout4

===========================================================================================
----------------- testing Tue Jul 31 01:50:14 UTC 2018 /home/travis/build/icyphy/ptII/ptolemy/domains/modal/test/auto/TransientstateModelAdvanced.xml
----------------- Instantiating /home/travis/build/icyphy/ptII/ptolemy/domains/modal/test/auto/TransientstateModelAdvanced.xml
3 ms. Memory: 870912K Free: 705902K (81%)
----------------- Invoking toplevel() on ptolemy.moml.MoMLSimpleApplication@5b7ab057
----------------- Done invoking toplevel() on ptolemy.moml.MoMLSimpleApplication@5b7ab057
reloadAllAccessors: .TransientstateModelAdvanced

===========================================================================================
----------------- testing Tue Jul 31 01:50:14 UTC 2018 /home/travis/build/icyphy/ptII/ptolemy/domains/modal/test/auto/TransientstateModelAdvanced2.xml
----------------- Instantiating /home/travis/build/icyphy/ptII/ptolemy/domains/modal/test/auto/TransientstateModelAdvanced2.xml
3 ms. Memory: 870912K Free: 683184K (78%)
----------------- Invoking toplevel() on ptolemy.moml.MoMLSimpleApplication@71f97e9f
----------------- Done invoking toplevel() on ptolemy.moml.MoMLSimpleApplication@71f97e9f
reloadAllAccessors: .transientstatemodelAdvanced

===========================================================================================
----------------- testing Tue Jul 31 01:50:14 UTC 2018 /home/travis/build/icyphy/ptII/ptolemy/domains/modal/test/auto/TransitionRefinements.xml
----------------- Instantiating /home/travis/build/icyphy/ptII/ptolemy/domains/modal/test/auto/TransitionRefinements.xml
8 ms. Memory: 870912K Free: 667552K (77%)
----------------- Invoking toplevel() on ptolemy.moml.MoMLSimpleApplication@2d8e2897
----------------- Done invoking toplevel() on ptolemy.moml.MoMLSimpleApplication@2d8e2897
reloadAllAccessors: .TransitionRefinements

===========================================================================================
----------------- testing Tue Jul 31 01:50:14 UTC 2018 /home/travis/build/icyphy/ptII/ptolemy/domains/modal/test/auto/TwoRefinements1.xml
----------------- Instantiating /home/travis/build/icyphy/ptII/ptolemy/domains/modal/test/auto/TwoRefinements1.xml
3 ms. Memory: 870912K Free: 650055K (75%)
----------------- Invoking toplevel() on ptolemy.moml.MoMLSimpleApplication@ba0c3ff
----------------- Done invoking toplevel() on ptolemy.moml.MoMLSimpleApplication@ba0c3ff
reloadAllAccessors: .TwoRefinements1

===========================================================================================
----------------- testing Tue Jul 31 01:50:14 UTC 2018 /home/travis/build/icyphy/ptII/ptolemy/domains/modal/test/auto/TwoRefinements2.xml
----------------- Instantiating /home/travis/build/icyphy/ptII/ptolemy/domains/modal/test/auto/TwoRefinements2.xml
2 ms. Memory: 870912K Free: 634439K (73%)
----------------- Invoking toplevel() on ptolemy.moml.MoMLSimpleApplication@28ec76d1
----------------- Done invoking toplevel() on ptolemy.moml.MoMLSimpleApplication@28ec76d1
reloadAllAccessors: .TwoRefinements2

===========================================================================================
----------------- testing Tue Jul 31 01:50:14 UTC 2018 /home/travis/build/icyphy/ptII/ptolemy/domains/modal/test/auto/WeakImmediateTransition.xml
----------------- Instantiating /home/travis/build/icyphy/ptII/ptolemy/domains/modal/test/auto/WeakImmediateTransition.xml
4 ms. Memory: 870912K Free: 616926K (71%)
----------------- Invoking toplevel() on ptolemy.moml.MoMLSimpleApplication@414149a3
----------------- Done invoking toplevel() on ptolemy.moml.MoMLSimpleApplication@414149a3
reloadAllAccessors: .WeakImmediateTransition

===========================================================================================
----------------- testing Tue Jul 31 01:50:15 UTC 2018 /home/travis/build/icyphy/ptII/ptolemy/domains/modal/test/auto/booleanSelect.xml
----------------- Instantiating /home/travis/build/icyphy/ptII/ptolemy/domains/modal/test/auto/booleanSelect.xml
36 ms. Memory: 870912K Free: 590876K (68%)
----------------- Invoking toplevel() on ptolemy.moml.MoMLSimpleApplication@54a74d75
----------------- Done invoking toplevel() on ptolemy.moml.MoMLSimpleApplication@54a74d75
reloadAllAccessors: .booleanSelect

===========================================================================================
----------------- testing Tue Jul 31 01:50:15 UTC 2018 /home/travis/build/icyphy/ptII/ptolemy/domains/modal/test/auto/modalChangingParams.xml
----------------- Instantiating /home/travis/build/icyphy/ptII/ptolemy/domains/modal/test/auto/modalChangingParams.xml
0
1
0
2
4
6
8
7
0
2
4
6
8
13
0
2
4
6
8
19
0
2
4
6
8
25
0
2
4
6
8
31
0
2
4
6
8
37
0
2
4
6
8
43
0
2
4
6
8
49
0
2
4
6
8
55
0
2
4
6
8
61
0
2
4
6
8
67
0
2
4
6
8
73
0
2
4
6
8
79
0
2
4
6
8
85
0
2
4
6
8
91
0
2
4
6
8
97
0
2
4
6
8
103
0
2
4
6
8
109
0
2
4
6
8
115
0
2
4
6
8
121
0
2
4
6
8
127
0
2
4
6
8
133
0
2
4
6
8
139
0
2
4
6
8
145
0
2
4
6
8
151
0
2
4
6
8
157
0
2
4
6
8
163
0
2
4
6
8
169
0
2
4
6
8
175
0
2
4
6
8
181
0
2
4
6
8
187
0
2
4
6
8
193
0
2
4
6
8
199
0
2
4
6
8
205
0
2
4
6
8
211
0
2
4
6
8
217
0
2
4
6
8
223
0
2
4
6
8
229
0
2
4
6
8
235
0
2
4
6
8
241
0
2
4
6
8
247
0
2
4
6
8
253
0
2
4
6
8
259
0
2
4
6
8
265
0
2
4
6
8
271
0
2
4
6
8
277
0
2
4
6
8
283
0
2
4
6
8
289
0
2
4
6
8
295
0
2
4
6
8
301
0
2
4
6
8
307
0
2
4
6
8
313
0
2
4
6
8
319
0
2
4
6
8
325
0
2
4
6
8
331
0
2
4
6
8
337
0
2
4
6
8
343
0
2
4
6
8
349
0
2
4
6
8
355
0
2
4
6
8
361
0
2
4
6
8
367
0
2
4
6
8
373
0
2
4
6
8
379
0
2
4
6
8
385
0
2
4
6
8
391
0
2
4
6
8
397
0
2
4
6
8
403
0
2
4
6
8
409
0
2
4
6
8
415
0
2
4
6
8
421
0
2
4
6
8
427
0
2
4
6
8
433
0
2
4
6
8
439
0
2
4
6
8
445
0
2
4
6
8
451
0
2
4
6
8
457
0
2
4
6
8
463
0
2
4
6
8
469
0
2
4
6
8
475
0
2
4
6
8
481
0
2
4
6
8
487
0
2
4
6
8
493
0
2
4
6
8
499
0
2
4
6
8
505
0
2
4
6
8
511
0
2
4
6
8
517
0
2
4
6
8
523
0
2
4
6
8
529
0
2
4
6
8
535
0
2
4
6
8
541
0
2
4
6
8
547
0
2
4
6
8
553
0
2
4
6
8
559
0
2
4
6
8
565
0
2
4
6
8
571
0
2
4
6
8
577
0
2
4
6
8
583
0
2
4
6
8
589
0
2
4
6
8
595
0
2
4
6
8
601
0
2
4
6
8
607
0
2
4
6
8
613
0
2
4
6
8
619
0
2
4
6
8
625
0
2
4
6
8
631
0
2
4
6
8
637
0
2
4
6
8
643
0
2
4
6
8
649
0
2
4
6
8
655
0
2
4
6
8
661
0
2
4
6
8
667
0
2
4
6
8
673
0
2
4
6
8
679
0
2
4
6
8
685
0
2
4
6
8
691
0
2
4
6
8
697
0
2
4
6
8
703
0
2
4
6
8
709
0
2
4
6
8
715
0
2
4
6
8
721
0
2
4
6
8
727
0
2
4
6
8
733
0
2
4
6
8
739
0
2
4
6
8
745
0
2
4
6
8
751
0
2
4
6
8
757
0
2
4
6
8
763
0
2
4
6
8
769
0
2
4
6
8
775
0
2
4
6
8
781
0
2
4
6
8
787
0
2
4
6
8
793
0
2
4
6
8
799
0
2
4
6
8
805
0
2
4
6
8
811
0
2
4
6
8
817
0
2
4
6
8
823
0
2
4
6
8
829
0
2
4
6
8
835
0
2
4
6
8
841
0
2
4
6
8
847
0
2
4
6
8
853
0
2
4
6
8
859
0
2
4
6
8
865
0
2
4
6
8
871
0
2
4
6
8
877
0
2
4
6
8
883
0
2
4
6
8
889
0
2
4
6
8
895
0
2
4
6
8
901
0
2
4
6
8
907
0
2
4
6
8
913
0
2
4
6
8
919
0
2
4
6
8
925
0
2
4
6
8
931
0
2
4
6
8
937
0
2
4
6
8
943
0
2
4
6
8
949
0
2
4
6
8
955
0
2
4
6
8
961
0
2
4
6
8
967
0
2
4
6
8
973
0
2
4
6
8
979
0
2
4
6
8
985
0
2
4
6
8
991
0
2
4
6
8
997
0
2
303 ms. Memory: 870912K Free: 474189K (54%)
----------------- Invoking toplevel() on ptolemy.moml.MoMLSimpleApplication@49500e40
----------------- Done invoking toplevel() on ptolemy.moml.MoMLSimpleApplication@49500e40
reloadAllAccessors: .modalChangingParams

===========================================================================================
----------------- testing Tue Jul 31 01:50:15 UTC 2018 /home/travis/build/icyphy/ptII/ptolemy/domains/modal/test/auto/modalModel.xml
----------------- Instantiating /home/travis/build/icyphy/ptII/ptolemy/domains/modal/test/auto/modalModel.xml
5 ms. Memory: 870912K Free: 458557K (53%)
----------------- Invoking toplevel() on ptolemy.moml.MoMLSimpleApplication@1b6b3c02
----------------- Done invoking toplevel() on ptolemy.moml.MoMLSimpleApplication@1b6b3c02
reloadAllAccessors: .modalModel

===========================================================================================
----------------- testing Tue Jul 31 01:50:15 UTC 2018 /home/travis/build/icyphy/ptII/ptolemy/domains/modal/test/auto/modalModel2.xml
----------------- Instantiating /home/travis/build/icyphy/ptII/ptolemy/domains/modal/test/auto/modalModel2.xml
11 ms. Memory: 870912K Free: 441044K (51%)
----------------- Invoking toplevel() on ptolemy.moml.MoMLSimpleApplication@2cf4e457
----------------- Done invoking toplevel() on ptolemy.moml.MoMLSimpleApplication@2cf4e457
reloadAllAccessors: .modalModel2

===========================================================================================
----------------- testing Tue Jul 31 01:50:15 UTC 2018 /home/travis/build/icyphy/ptII/ptolemy/domains/modal/test/auto/modalModel3.xml
----------------- Instantiating /home/travis/build/icyphy/ptII/ptolemy/domains/modal/test/auto/modalModel3.xml
0	0	0
3	2	1
6	4	2
9	6	3
4	0	4
7	2	5
10	4	6
13	6	7
8	0	8
11	2	9
14	4	10
17	6	11
12	0	12
15	2	13
18	4	14
21 ms. Memory: 870912K Free: 420191K (48%)
----------------- Invoking toplevel() on ptolemy.moml.MoMLSimpleApplication@6edfc5a0
----------------- Done invoking toplevel() on ptolemy.moml.MoMLSimpleApplication@6edfc5a0
reloadAllAccessors: .modalModel3

===========================================================================================
----------------- testing Tue Jul 31 01:50:15 UTC 2018 /home/travis/build/icyphy/ptII/ptolemy/domains/modal/test/auto/model1.xml
----------------- Instantiating /home/travis/build/icyphy/ptII/ptolemy/domains/modal/test/auto/model1.xml
11 ms. Memory: 870912K Free: 407899K (47%)
----------------- Invoking toplevel() on ptolemy.moml.MoMLSimpleApplication@11725257
----------------- Done invoking toplevel() on ptolemy.moml.MoMLSimpleApplication@11725257
reloadAllAccessors: .model1

===========================================================================================
----------------- testing Tue Jul 31 01:50:15 UTC 2018 /home/travis/build/icyphy/ptII/ptolemy/domains/modal/test/auto/test-direct-in-out.xml
----------------- Instantiating /home/travis/build/icyphy/ptII/ptolemy/domains/modal/test/auto/test-direct-in-out.xml
5 ms. Memory: 870912K Free: 392267K (45%)
----------------- Invoking toplevel() on ptolemy.moml.MoMLSimpleApplication@47567894
----------------- Done invoking toplevel() on ptolemy.moml.MoMLSimpleApplication@47567894
reloadAllAccessors: .test-direct-in-out
AutoTests.java: About to close Vertx.
AutoTests.java: Vertx closed.
]]></system-out>
  <system-err><![CDATA[java.lang.RuntimeException: Execution failed
	at ptolemy.moml.MoMLSimpleApplication$UnloadThread.run(MoMLSimpleApplication.java:402)
Caused by: ptolemy.kernel.util.IllegalActionException: Unknown inputs remain. Possible causality loop:
L_model_1893289564i

  in .CannotAnalysisWithPreemption.model_1893289564_region_1 and .CannotAnalysisWithPreemption.model_1893289564_region_1.L_model_1893289564i
	at ptolemy.actor.sched.FixedPointDirector.postfire(FixedPointDirector.java:515)
	at ptolemy.domains.sr.kernel.SRDirector.postfire(SRDirector.java:417)
	at ptolemy.actor.CompositeActor.postfire(CompositeActor.java:1668)
	at ptolemy.actor.Manager.iterate(Manager.java:852)
	at ptolemy.actor.Manager.execute(Manager.java:369)
	at ptolemy.actor.Manager.run(Manager.java:1263)
	at ptolemy.actor.Manager$PtolemyRunThread.run(Manager.java:1915)
java.lang.reflect.InvocationTargetException
	at sun.reflect.NativeConstructorAccessorImpl.newInstance0(Native Method)
	at sun.reflect.NativeConstructorAccessorImpl.newInstance(NativeConstructorAccessorImpl.java:62)
	at sun.reflect.DelegatingConstructorAccessorImpl.newInstance(DelegatingConstructorAccessorImpl.java:45)
	at java.lang.reflect.Constructor.newInstance(Constructor.java:423)
	at ptolemy.util.test.junit.AutoKnownFailedTests.RunModel(AutoKnownFailedTests.java:107)
	at sun.reflect.NativeMethodAccessorImpl.invoke0(Native Method)
	at sun.reflect.NativeMethodAccessorImpl.invoke(NativeMethodAccessorImpl.java:62)
	at sun.reflect.DelegatingMethodAccessorImpl.invoke(DelegatingMethodAccessorImpl.java:43)
	at java.lang.reflect.Method.invoke(Method.java:498)
	at org.junit.runners.model.FrameworkMethod$1.runReflectiveCall(FrameworkMethod.java:44)
	at org.junit.internal.runners.model.ReflectiveCallable.run(ReflectiveCallable.java:15)
	at org.junit.runners.model.FrameworkMethod.invokeExplosively(FrameworkMethod.java:41)
	at junitparams.internal.InvokeParameterisedMethod.evaluate(InvokeParameterisedMethod.java:102)
	at org.junit.internal.runners.statements.FailOnTimeout$1.run(FailOnTimeout.java:28)
Caused by: ptolemy.kernel.util.IllegalActionException: Unknown inputs remain. Possible causality loop:
L_model_1893289564i

  in .CannotAnalysisWithPreemption.model_1893289564_region_1 and .CannotAnalysisWithPreemption.model_1893289564_region_1.L_model_1893289564i
	at ptolemy.actor.sched.FixedPointDirector.postfire(FixedPointDirector.java:515)
	at ptolemy.domains.sr.kernel.SRDirector.postfire(SRDirector.java:417)
	at ptolemy.actor.CompositeActor.postfire(CompositeActor.java:1668)
	at ptolemy.actor.Manager.iterate(Manager.java:852)
	at ptolemy.actor.Manager.execute(Manager.java:369)
	at ptolemy.actor.Manager.run(Manager.java:1263)
	at ptolemy.actor.Manager$PtolemyRunThread.run(Manager.java:1915)
]]></system-err>
</testsuite>
