<?xml version="1.0" encoding="UTF-8" ?>
<testsuite errors="0" failures="0" hostname="travis-job-016cd4dc-ae49-4e46-8148-7a6d0859cf55" name="ptolemy.domains.de.test.junit.JUnitTclTest" skipped="0" tests="101" time="119.717" timestamp="2020-01-21T06:46:12">
  <properties>
[...]
</properties>
  <testcase classname="ptolemy.util.test.junit.TclTests" name="[0] /home/travis/build/icyphy/ptII/ptolemy/domains/de/test/DependencyLoop.tcl (RunTclFile)" time="0.955" />
  <testcase classname="ptolemy.util.test.junit.TclTests" name="[1] /home/travis/build/icyphy/ptII/ptolemy/domains/de/test/RunDETestsAsQSS.tcl (RunTclFile)" time="81.147" />
  <testcase classname="ptolemy.util.test.junit.AutoKnownFailedTests" name="[0] /home/travis/build/icyphy/ptII/ptolemy/domains/de/test/auto/knownFailedTests/DESDFClockTest.xml (RunModel)" time="2.037" />
  <testcase classname="ptolemy.util.test.junit.AutoKnownFailedTests" name="[1] /home/travis/build/icyphy/ptII/ptolemy/domains/de/test/auto/knownFailedTests/DirectFeedback.xml (RunModel)" time="0.014" />
  <testcase classname="ptolemy.util.test.junit.AutoKnownFailedTests" name="[2] /home/travis/build/icyphy/ptII/ptolemy/domains/de/test/auto/knownFailedTests/FSMSource.xml (RunModel)" time="0.026" />
  <testcase classname="ptolemy.util.test.junit.AutoKnownFailedTests" name="[3] /home/travis/build/icyphy/ptII/ptolemy/domains/de/test/auto/knownFailedTests/HierarchicalModel.xml (RunModel)" time="0.047" />
  <testcase classname="ptolemy.util.test.junit.AutoKnownFailedTests" name="[4] /home/travis/build/icyphy/ptII/ptolemy/domains/de/test/auto/knownFailedTests/dependencyLoop.xml (RunModel)" time="0.046" />
  <testcase classname="ptolemy.util.test.junit.AutoKnownFailedTests" name="[5] /home/travis/build/icyphy/ptII/ptolemy/domains/de/test/auto/knownFailedTests/dependencyLoop2.xml (RunModel)" time="0.037" />
  <testcase classname="ptolemy.util.test.junit.AutoNameArchTests" name="[0] ThereAreNoAutoArchTests (RunModel)" time="0.001" />
  <testcase classname="ptolemy.util.test.junit.AutoTests" name="[0] /home/travis/build/icyphy/ptII/ptolemy/domains/de/test/auto/ActorDepthCalculation_actorWithoutPorts.xml (RunModel)" time="0.02" />
  <testcase classname="ptolemy.util.test.junit.AutoTests" name="[1] /home/travis/build/icyphy/ptII/ptolemy/domains/de/test/auto/AssemblyLine.xml (RunModel)" time="0.022" />
  <testcase classname="ptolemy.util.test.junit.AutoTests" name="[2] /home/travis/build/icyphy/ptII/ptolemy/domains/de/test/auto/CQBug1.xml (RunModel)" time="0.009" />
  <testcase classname="ptolemy.util.test.junit.AutoTests" name="[3] /home/travis/build/icyphy/ptII/ptolemy/domains/de/test/auto/CancelFireAt.xml (RunModel)" time="0.015" />
  <testcase classname="ptolemy.util.test.junit.AutoTests" name="[4] /home/travis/build/icyphy/ptII/ptolemy/domains/de/test/auto/CausalityAndComposabilityAnalysis.xml (RunModel)" time="0.015" />
  <testcase classname="ptolemy.util.test.junit.AutoTests" name="[5] /home/travis/build/icyphy/ptII/ptolemy/domains/de/test/auto/CausalityInterface1.xml (RunModel)" time="0.012" />
  <testcase classname="ptolemy.util.test.junit.AutoTests" name="[6] /home/travis/build/icyphy/ptII/ptolemy/domains/de/test/auto/CausalityInterface15.xml (RunModel)" time="0.018" />
  <testcase classname="ptolemy.util.test.junit.AutoTests" name="[7] /home/travis/build/icyphy/ptII/ptolemy/domains/de/test/auto/CausalityInterface2.xml (RunModel)" time="0.013" />
  <testcase classname="ptolemy.util.test.junit.AutoTests" name="[8] /home/travis/build/icyphy/ptII/ptolemy/domains/de/test/auto/CausalityInterface3.xml (RunModel)" time="0.01" />
  <testcase classname="ptolemy.util.test.junit.AutoTests" name="[9] /home/travis/build/icyphy/ptII/ptolemy/domains/de/test/auto/ClockDrift.xml (RunModel)" time="0.041" />
  <testcase classname="ptolemy.util.test.junit.AutoTests" name="[10] /home/travis/build/icyphy/ptII/ptolemy/domains/de/test/auto/ClockDriftAndValueChange.xml (RunModel)" time="0.032" />
  <testcase classname="ptolemy.util.test.junit.AutoTests" name="[11] /home/travis/build/icyphy/ptII/ptolemy/domains/de/test/auto/ClockDriftChange.xml (RunModel)" time="0.033" />
  <testcase classname="ptolemy.util.test.junit.AutoTests" name="[12] /home/travis/build/icyphy/ptII/ptolemy/domains/de/test/auto/ComposableCausalityAnalysis.xml (RunModel)" time="0.017" />
  <testcase classname="ptolemy.util.test.junit.AutoTests" name="[13] /home/travis/build/icyphy/ptII/ptolemy/domains/de/test/auto/DEFixedPointLimitation.xml (RunModel)" time="0.008" />
  <testcase classname="ptolemy.util.test.junit.AutoTests" name="[14] /home/travis/build/icyphy/ptII/ptolemy/domains/de/test/auto/DEScheduleTest.xml (RunModel)" time="0.012" />
  <testcase classname="ptolemy.util.test.junit.AutoTests" name="[15] /home/travis/build/icyphy/ptII/ptolemy/domains/de/test/auto/DEinDEwithStartTimes.xml (RunModel)" time="0.012" />
  <testcase classname="ptolemy.util.test.junit.AutoTests" name="[16] /home/travis/build/icyphy/ptII/ptolemy/domains/de/test/auto/DEinDEwithStartTimes2.xml (RunModel)" time="0.02" />
  <testcase classname="ptolemy.util.test.junit.AutoTests" name="[17] /home/travis/build/icyphy/ptII/ptolemy/domains/de/test/auto/DateDemo.xml (RunModel)" time="0.028" />
  <testcase classname="ptolemy.util.test.junit.AutoTests" name="[18] /home/travis/build/icyphy/ptII/ptolemy/domains/de/test/auto/DateToEvent.xml (RunModel)" time="2.043" />
  <testcase classname="ptolemy.util.test.junit.AutoTests" name="[19] /home/travis/build/icyphy/ptII/ptolemy/domains/de/test/auto/DepthTest1.xml (RunModel)" time="0.013" />
  <testcase classname="ptolemy.util.test.junit.AutoTests" name="[20] /home/travis/build/icyphy/ptII/ptolemy/domains/de/test/auto/DepthTest2.xml (RunModel)" time="0.018" />
  <testcase classname="ptolemy.util.test.junit.AutoTests" name="[21] /home/travis/build/icyphy/ptII/ptolemy/domains/de/test/auto/DepthTest3.xml (RunModel)" time="0.011" />
  <testcase classname="ptolemy.util.test.junit.AutoTests" name="[22] /home/travis/build/icyphy/ptII/ptolemy/domains/de/test/auto/DepthTest4.xml (RunModel)" time="0.016" />
  <testcase classname="ptolemy.util.test.junit.AutoTests" name="[23] /home/travis/build/icyphy/ptII/ptolemy/domains/de/test/auto/DepthTest5.xml (RunModel)" time="0.011" />
  <testcase classname="ptolemy.util.test.junit.AutoTests" name="[24] /home/travis/build/icyphy/ptII/ptolemy/domains/de/test/auto/DepthTest6.xml (RunModel)" time="0.015" />
  <testcase classname="ptolemy.util.test.junit.AutoTests" name="[25] /home/travis/build/icyphy/ptII/ptolemy/domains/de/test/auto/DepthTest7.xml (RunModel)" time="0.01" />
  <testcase classname="ptolemy.util.test.junit.AutoTests" name="[26] /home/travis/build/icyphy/ptII/ptolemy/domains/de/test/auto/EventToDate.xml (RunModel)" time="3.046" />
  <testcase classname="ptolemy.util.test.junit.AutoTests" name="[27] /home/travis/build/icyphy/ptII/ptolemy/domains/de/test/auto/FSM1.xml (RunModel)" time="0.038" />
  <testcase classname="ptolemy.util.test.junit.AutoTests" name="[28] /home/travis/build/icyphy/ptII/ptolemy/domains/de/test/auto/FSM7.xml (RunModel)" time="0.038" />
  <testcase classname="ptolemy.util.test.junit.AutoTests" name="[29] /home/travis/build/icyphy/ptII/ptolemy/domains/de/test/auto/Inspection.xml (RunModel)" time="0.038" />
  <testcase classname="ptolemy.util.test.junit.AutoTests" name="[30] /home/travis/build/icyphy/ptII/ptolemy/domains/de/test/auto/Iteration.xml (RunModel)" time="0.024" />
  <testcase classname="ptolemy.util.test.junit.AutoTests" name="[31] /home/travis/build/icyphy/ptII/ptolemy/domains/de/test/auto/LineFault.xml (RunModel)" time="0.479" />
  <testcase classname="ptolemy.util.test.junit.AutoTests" name="[32] /home/travis/build/icyphy/ptII/ptolemy/domains/de/test/auto/MergeModel1Add.xml (RunModel)" time="0.042" />
  <testcase classname="ptolemy.util.test.junit.AutoTests" name="[33] /home/travis/build/icyphy/ptII/ptolemy/domains/de/test/auto/MergeModel2Add.xml (RunModel)" time="0.031" />
  <testcase classname="ptolemy.util.test.junit.AutoTests" name="[34] /home/travis/build/icyphy/ptII/ptolemy/domains/de/test/auto/MergeModel3Add.xml (RunModel)" time="0.045" />
  <testcase classname="ptolemy.util.test.junit.AutoTests" name="[35] /home/travis/build/icyphy/ptII/ptolemy/domains/de/test/auto/MergeWithoutDiscard.xml (RunModel)" time="0.01" />
  <testcase classname="ptolemy.util.test.junit.AutoTests" name="[36] /home/travis/build/icyphy/ptII/ptolemy/domains/de/test/auto/Modal1.xml (RunModel)" time="0.029" />
  <testcase classname="ptolemy.util.test.junit.AutoTests" name="[37] /home/travis/build/icyphy/ptII/ptolemy/domains/de/test/auto/Modal2.xml (RunModel)" time="0.026" />
  <testcase classname="ptolemy.util.test.junit.AutoTests" name="[38] /home/travis/build/icyphy/ptII/ptolemy/domains/de/test/auto/Modal3.xml (RunModel)" time="0.028" />
  <testcase classname="ptolemy.util.test.junit.AutoTests" name="[39] /home/travis/build/icyphy/ptII/ptolemy/domains/de/test/auto/Modal4.xml (RunModel)" time="0.024" />
  <testcase classname="ptolemy.util.test.junit.AutoTests" name="[40] /home/travis/build/icyphy/ptII/ptolemy/domains/de/test/auto/Modal5.xml (RunModel)" time="0.029" />
  <testcase classname="ptolemy.util.test.junit.AutoTests" name="[41] /home/travis/build/icyphy/ptII/ptolemy/domains/de/test/auto/Modal6.xml (RunModel)" time="0.022" />
  <testcase classname="ptolemy.util.test.junit.AutoTests" name="[42] /home/travis/build/icyphy/ptII/ptolemy/domains/de/test/auto/Modal7.xml (RunModel)" time="0.03" />
  <testcase classname="ptolemy.util.test.junit.AutoTests" name="[43] /home/travis/build/icyphy/ptII/ptolemy/domains/de/test/auto/ModalModel.xml (RunModel)" time="0.17" />
  <testcase classname="ptolemy.util.test.junit.AutoTests" name="[44] /home/travis/build/icyphy/ptII/ptolemy/domains/de/test/auto/ModalSource.xml (RunModel)" time="0.023" />
  <testcase classname="ptolemy.util.test.junit.AutoTests" name="[45] /home/travis/build/icyphy/ptII/ptolemy/domains/de/test/auto/NonInterruptibleTimerZeroDelay.xml (RunModel)" time="0.011" />
  <testcase classname="ptolemy.util.test.junit.AutoTests" name="[46] /home/travis/build/icyphy/ptII/ptolemy/domains/de/test/auto/OpenQueueingNetwork.xml (RunModel)" time="2.426" />
  <testcase classname="ptolemy.util.test.junit.AutoTests" name="[47] /home/travis/build/icyphy/ptII/ptolemy/domains/de/test/auto/OpenQueuingNetwork.xml (RunModel)" time="0.251" />
  <testcase classname="ptolemy.util.test.junit.AutoTests" name="[48] /home/travis/build/icyphy/ptII/ptolemy/domains/de/test/auto/PeriodicSampler.xml (RunModel)" time="0.008" />
  <testcase classname="ptolemy.util.test.junit.AutoTests" name="[49] /home/travis/build/icyphy/ptII/ptolemy/domains/de/test/auto/PersistentIO.xml (RunModel)" time="0.018" />
  <testcase classname="ptolemy.util.test.junit.AutoTests" name="[50] /home/travis/build/icyphy/ptII/ptolemy/domains/de/test/auto/PortParameterResetOnInitialize.xml (RunModel)" time="0.008" />
  <testcase classname="ptolemy.util.test.junit.AutoTests" name="[51] /home/travis/build/icyphy/ptII/ptolemy/domains/de/test/auto/PortParameterUpdates.xml (RunModel)" time="0.012" />
  <testcase classname="ptolemy.util.test.junit.AutoTests" name="[52] /home/travis/build/icyphy/ptII/ptolemy/domains/de/test/auto/QueueAndServer.xml (RunModel)" time="0.019" />
  <testcase classname="ptolemy.util.test.junit.AutoTests" name="[53] /home/travis/build/icyphy/ptII/ptolemy/domains/de/test/auto/Records.xml (RunModel)" time="0.025" />
  <testcase classname="ptolemy.util.test.junit.AutoTests" name="[54] /home/travis/build/icyphy/ptII/ptolemy/domains/de/test/auto/ResetTransitionWithStartTime1.xml (RunModel)" time="0.021" />
  <testcase classname="ptolemy.util.test.junit.AutoTests" name="[55] /home/travis/build/icyphy/ptII/ptolemy/domains/de/test/auto/ResetTransitionWithStartTime2.xml (RunModel)" time="0.022" />
  <testcase classname="ptolemy.util.test.junit.AutoTests" name="[56] /home/travis/build/icyphy/ptII/ptolemy/domains/de/test/auto/ResetTransitionWithStartTime3.xml (RunModel)" time="0.018" />
  <testcase classname="ptolemy.util.test.junit.AutoTests" name="[57] /home/travis/build/icyphy/ptII/ptolemy/domains/de/test/auto/ResetTransitionWithStartTime4.xml (RunModel)" time="0.013" />
  <testcase classname="ptolemy.util.test.junit.AutoTests" name="[58] /home/travis/build/icyphy/ptII/ptolemy/domains/de/test/auto/ResettableTimer1.xml (RunModel)" time="0.008" />
  <testcase classname="ptolemy.util.test.junit.AutoTests" name="[59] /home/travis/build/icyphy/ptII/ptolemy/domains/de/test/auto/ResettableTimer2.xml (RunModel)" time="0.008" />
  <testcase classname="ptolemy.util.test.junit.AutoTests" name="[60] /home/travis/build/icyphy/ptII/ptolemy/domains/de/test/auto/ResettableTimer3.xml (RunModel)" time="0.006" />
  <testcase classname="ptolemy.util.test.junit.AutoTests" name="[61] /home/travis/build/icyphy/ptII/ptolemy/domains/de/test/auto/ResettableTimer4.xml (RunModel)" time="0.006" />
  <testcase classname="ptolemy.util.test.junit.AutoTests" name="[62] /home/travis/build/icyphy/ptII/ptolemy/domains/de/test/auto/ResettableTimer5.xml (RunModel)" time="0.007" />
  <testcase classname="ptolemy.util.test.junit.AutoTests" name="[63] /home/travis/build/icyphy/ptII/ptolemy/domains/de/test/auto/ResettableTimer6.xml (RunModel)" time="0.007" />
  <testcase classname="ptolemy.util.test.junit.AutoTests" name="[64] /home/travis/build/icyphy/ptII/ptolemy/domains/de/test/auto/ServerZeroDelay.xml (RunModel)" time="0.008" />
  <testcase classname="ptolemy.util.test.junit.AutoTests" name="[65] /home/travis/build/icyphy/ptII/ptolemy/domains/de/test/auto/SmartSender.xml (RunModel)" time="3.007" />
  <testcase classname="ptolemy.util.test.junit.AutoTests" name="[66] /home/travis/build/icyphy/ptII/ptolemy/domains/de/test/auto/ThreadedComposite.xml (RunModel)" time="0.126" />
  <testcase classname="ptolemy.util.test.junit.AutoTests" name="[67] /home/travis/build/icyphy/ptII/ptolemy/domains/de/test/auto/Time.xml (RunModel)" time="0.367" />
  <testcase classname="ptolemy.util.test.junit.AutoTests" name="[68] /home/travis/build/icyphy/ptII/ptolemy/domains/de/test/auto/TimeDelayZeroDelay.xml (RunModel)" time="0.016" />
  <testcase classname="ptolemy.util.test.junit.AutoTests" name="[69] /home/travis/build/icyphy/ptII/ptolemy/domains/de/test/auto/TimerZeroDelay.xml (RunModel)" time="0.01" />
  <testcase classname="ptolemy.util.test.junit.AutoTests" name="[70] /home/travis/build/icyphy/ptII/ptolemy/domains/de/test/auto/TimingParadox.xml (RunModel)" time="0.318" />
  <testcase classname="ptolemy.util.test.junit.AutoTests" name="[71] /home/travis/build/icyphy/ptII/ptolemy/domains/de/test/auto/TransferInputs.xml (RunModel)" time="0.013" />
  <testcase classname="ptolemy.util.test.junit.AutoTests" name="[72] /home/travis/build/icyphy/ptII/ptolemy/domains/de/test/auto/TransferOutputs2.xml (RunModel)" time="0.014" />
  <testcase classname="ptolemy.util.test.junit.AutoTests" name="[73] /home/travis/build/icyphy/ptII/ptolemy/domains/de/test/auto/Trilateration.xml (RunModel)" time="9.608" />
  <testcase classname="ptolemy.util.test.junit.AutoTests" name="[74] /home/travis/build/icyphy/ptII/ptolemy/domains/de/test/auto/TwoSigmaDelta.xml (RunModel)" time="1.789" />
  <testcase classname="ptolemy.util.test.junit.AutoTests" name="[75] /home/travis/build/icyphy/ptII/ptolemy/domains/de/test/auto/VariableDelay.xml (RunModel)" time="0.012" />
  <testcase classname="ptolemy.util.test.junit.AutoTests" name="[76] /home/travis/build/icyphy/ptII/ptolemy/domains/de/test/auto/VariableDelay2.xml (RunModel)" time="0.008" />
  <testcase classname="ptolemy.util.test.junit.AutoTests" name="[77] /home/travis/build/icyphy/ptII/ptolemy/domains/de/test/auto/VariableDelayZeroDelay.xml (RunModel)" time="0.01" />
  <testcase classname="ptolemy.util.test.junit.AutoTests" name="[78] /home/travis/build/icyphy/ptII/ptolemy/domains/de/test/auto/VariableDelayZeroDelay2.xml (RunModel)" time="0.008" />
  <testcase classname="ptolemy.util.test.junit.AutoTests" name="[79] /home/travis/build/icyphy/ptII/ptolemy/domains/de/test/auto/deInCt.xml (RunModel)" time="0.014" />
  <testcase classname="ptolemy.util.test.junit.AutoTests" name="[80] /home/travis/build/icyphy/ptII/ptolemy/domains/de/test/auto/deInCt2.xml (RunModel)" time="0.012" />
  <testcase classname="ptolemy.util.test.junit.AutoTests" name="[81] /home/travis/build/icyphy/ptII/ptolemy/domains/de/test/auto/dynamicCausalityInterface1.xml (RunModel)" time="0.014" />
  <testcase classname="ptolemy.util.test.junit.AutoTests" name="[82] /home/travis/build/icyphy/ptII/ptolemy/domains/de/test/auto/fsm_de_test.xml (RunModel)" time="0.02" />
  <testcase classname="ptolemy.util.test.junit.AutoTests" name="[83] /home/travis/build/icyphy/ptII/ptolemy/domains/de/test/auto/functionDependencyReconstruction.xml (RunModel)" time="0.026" />
  <testcase classname="ptolemy.util.test.junit.AutoTests" name="[84] /home/travis/build/icyphy/ptII/ptolemy/domains/de/test/auto/multirate.xml (RunModel)" time="0.013" />
  <testcase classname="ptolemy.util.test.junit.AutoTests" name="[85] /home/travis/build/icyphy/ptII/ptolemy/domains/de/test/auto/multirate2.xml (RunModel)" time="0.023" />
  <testcase classname="ptolemy.util.test.junit.AutoTests" name="[86] /home/travis/build/icyphy/ptII/ptolemy/domains/de/test/auto/realtime.xml (RunModel)" time="10.011" />
  <testcase classname="ptolemy.util.test.junit.AutoTests" name="[87] /home/travis/build/icyphy/ptII/ptolemy/domains/de/test/auto/relationGroup.xml (RunModel)" time="0.016" />
  <testcase classname="ptolemy.util.test.junit.AutoTests" name="[88] /home/travis/build/icyphy/ptII/ptolemy/domains/de/test/auto/relationGroup2.xml (RunModel)" time="0.019" />
  <testcase classname="ptolemy.util.test.junit.AutoTests" name="[89] /home/travis/build/icyphy/ptII/ptolemy/domains/de/test/auto/sortWithOpaquePorts.xml (RunModel)" time="0.009" />
  <testcase classname="ptolemy.util.test.junit.AutoTests" name="[90] /home/travis/build/icyphy/ptII/ptolemy/domains/de/test/auto/transferInputsandOutputs.xml (RunModel)" time="0.024" />
  <testcase classname="ptolemy.util.test.junit.AutoTests" name="[91] /home/travis/build/icyphy/ptII/ptolemy/domains/de/test/auto/triggerType.xml (RunModel)" time="0.01" />
  <system-out><![CDATA[/home/travis/build/icyphy/ptII/ptolemy/domains/de/test/DependencyLoop.tcl
testDefs.tcl: setting time out to 9000 seconds at Tue Jan 21 06:46:12 UTC 2020
82 ms. Memory: 129024K Free: 78665K (61%)
19 ms. Memory: 129024K Free: 61257K (47%)
/home/travis/build/icyphy/ptII/ptolemy/domains/de/test/RunDETestsAsQSS.tcl
Run the DE tests using ptolemy.domains.qss.test.QSSDirectorTest, which extends QSSDirector and prints a message in the constructors.
------------------ testing $PTII/ptolemy/domains/de/test/auto/knownFailedTests/DirectFeedback.xml (Known Failure) 
35 ms. Memory: 129024K Free: 56137K (44%)


==== $PTIIhome/travis/build/icyphy/ptII/ptolemy/domains/de/test/../../../../: Auto Automatic test in file $PTII/ptolemy/domains/de/test/auto/knownFailedTests/DirectFeedback.xml
==== Contents of test case:

	    # FIXME: we should use $relativeFilename here, but it
	    # might have backslashes under Windows, which causes no end
	    # of trouble.
	    createAndExecute $file
	    list {}
	
.... Test generated KNOWN error:
    while executing
ptolemy.kernel.util.IllegalActionException: Test fails in iteration 1.
Value was: 1.0. Should have been: 2.0
  in .DirectFeedback.Test
	at ptolemy.actor.lib.Test.fire(Test.java:268)
	at ptolemy.domains.de.kernel.DEDirector._fire(DEDirector.java:1949)
	at ptolemy.domains.de.kernel.DEDirector.fire(DEDirector.java:502)
	at ptolemy.actor.CompositeActor.fire(CompositeActor.java:455)
	at ptolemy.actor.Manager.iterate(Manager.java:851)
	at ptolemy.actor.Manager.execute(Manager.java:369)
	at ptolemy.actor.Manager.run(Manager.java:1263)
	at ptolemy.actor.Manager$PtolemyRunThread.run(Manager.java:1933)

    while executing
ptolemy.kernel.util.IllegalActionException: Test fails in iteration 1.
Value was: 1.0. Should have been: 2.0
  in .DirectFeedback.Test
    while executing
"java::new ptolemy.moml.MoMLSimpleApplication $file
"
    (procedure "createAndExecute" line 2)
    invoked from within
"createAndExecute $file"
    ("uplevel" body line 5)
    invoked from within
"uplevel $contents_of_test"
------------------ testing $PTII/ptolemy/domains/de/test/auto/knownFailedTests/dependencyLoop.xml (Known Failure) 
15 ms. Memory: 129024K Free: 53065K (41%)


==== $PTIIhome/travis/build/icyphy/ptII/ptolemy/domains/de/test/../../../../: Auto Automatic test in file $PTII/ptolemy/domains/de/test/auto/knownFailedTests/dependencyLoop.xml
==== Contents of test case:

	    # FIXME: we should use $relativeFilename here, but it
	    # might have backslashes under Windows, which causes no end
	    # of trouble.
	    createAndExecute $file
	    list {}
	
.... Test generated KNOWN error:
    while executing
ptolemy.kernel.util.IllegalActionException: Found a zero delay loop containing .dependencyLoop.original
  in .dependencyLoop and .dependencyLoop.original
	at ptolemy.actor.util.CausalityInterfaceForComposites._computeOutputPortDepth(CausalityInterfaceForComposites.java:759)
	at ptolemy.actor.util.CausalityInterfaceForComposites._computeInputDepth(CausalityInterfaceForComposites.java:696)
	at ptolemy.actor.util.CausalityInterfaceForComposites._computeOutputPortDepth(CausalityInterfaceForComposites.java:765)
	at ptolemy.actor.util.CausalityInterfaceForComposites._computeInputDepth(CausalityInterfaceForComposites.java:696)
	at ptolemy.actor.util.CausalityInterfaceForComposites._computeOutputPortDepth(CausalityInterfaceForComposites.java:765)
	at ptolemy.actor.util.CausalityInterfaceForComposites._computeInputDepth(CausalityInterfaceForComposites.java:696)
	at ptolemy.actor.util.CausalityInterfaceForComposites._computeActorDepth(CausalityInterfaceForComposites.java:532)
	at ptolemy.actor.util.CausalityInterfaceForComposites.checkForCycles(CausalityInterfaceForComposites.java:96)
	at ptolemy.domains.de.kernel.DEDirector.preinitialize(DEDirector.java:1338)
	at ptolemy.actor.CompositeActor.preinitialize(CompositeActor.java:1828)
	at ptolemy.actor.Manager.preinitializeAndResolveTypes(Manager.java:1040)
	at ptolemy.actor.Manager.initialize(Manager.java:710)
	at ptolemy.actor.Manager.execute(Manager.java:356)
	at ptolemy.actor.Manager.run(Manager.java:1263)
	at ptolemy.actor.Manager$PtolemyRunThread.run(Manager.java:1933)

    while executing
ptolemy.kernel.util.IllegalActionException: Found a zero delay loop containing .dependencyLoop.original
  in .dependencyLoop and .dependencyLoop.original
    while executing
"java::new ptolemy.moml.MoMLSimpleApplication $file
"
    (procedure "createAndExecute" line 2)
    invoked from within
"createAndExecute $file"
    ("uplevel" body line 5)
    invoked from within
"uplevel $contents_of_test"
------------------ testing $PTII/ptolemy/domains/de/test/auto/knownFailedTests/FSMSource.xml (Known Failure) 
62 ms. Memory: 129024K Free: 111714K (87%)
!!!! Auto was marked as failing, but now passes
------------------ testing $PTII/ptolemy/domains/de/test/auto/knownFailedTests/HierarchicalModel.xml (Known Failure) 
8 ms. Memory: 129024K Free: 94250K (73%)


==== $PTIIhome/travis/build/icyphy/ptII/ptolemy/domains/de/test/../../../../: Auto Automatic test in file $PTII/ptolemy/domains/de/test/auto/knownFailedTests/HierarchicalModel.xml
==== Contents of test case:

	    # FIXME: we should use $relativeFilename here, but it
	    # might have backslashes under Windows, which causes no end
	    # of trouble.
	    createAndExecute $file
	    list {}
	
.... Test generated KNOWN error:
    while executing
ptolemy.kernel.util.IllegalActionException: Found a zero delay loop containing .HierarchicalModel.A
  in .HierarchicalModel and .HierarchicalModel.A
	at ptolemy.actor.util.CausalityInterfaceForComposites._computeOutputPortDepth(CausalityInterfaceForComposites.java:759)
	at ptolemy.actor.util.CausalityInterfaceForComposites._computeInputDepth(CausalityInterfaceForComposites.java:696)
	at ptolemy.actor.util.CausalityInterfaceForComposites._computeOutputPortDepth(CausalityInterfaceForComposites.java:765)
	at ptolemy.actor.util.CausalityInterfaceForComposites._computeInputDepth(CausalityInterfaceForComposites.java:696)
	at ptolemy.actor.util.CausalityInterfaceForComposites._computeOutputPortDepth(CausalityInterfaceForComposites.java:765)
	at ptolemy.actor.util.CausalityInterfaceForComposites._computeInputDepth(CausalityInterfaceForComposites.java:696)
	at ptolemy.actor.util.CausalityInterfaceForComposites._computeActorDepth(CausalityInterfaceForComposites.java:532)
	at ptolemy.actor.util.CausalityInterfaceForComposites.checkForCycles(CausalityInterfaceForComposites.java:96)
	at ptolemy.domains.de.kernel.DEDirector.preinitialize(DEDirector.java:1338)
	at ptolemy.actor.CompositeActor.preinitialize(CompositeActor.java:1828)
	at ptolemy.actor.Manager.preinitializeAndResolveTypes(Manager.java:1040)
	at ptolemy.actor.Manager.initialize(Manager.java:710)
	at ptolemy.actor.Manager.execute(Manager.java:356)
	at ptolemy.actor.Manager.run(Manager.java:1263)
	at ptolemy.actor.Manager$PtolemyRunThread.run(Manager.java:1933)

    while executing
ptolemy.kernel.util.IllegalActionException: Found a zero delay loop containing .HierarchicalModel.A
  in .HierarchicalModel and .HierarchicalModel.A
    while executing
"java::new ptolemy.moml.MoMLSimpleApplication $file
"
    (procedure "createAndExecute" line 2)
    invoked from within
"createAndExecute $file"
    ("uplevel" body line 5)
    invoked from within
"uplevel $contents_of_test"
------------------ testing $PTII/ptolemy/domains/de/test/auto/knownFailedTests/dependencyLoop2.xml (Known Failure) 
4 ms. Memory: 129024K Free: 78387K (61%)


==== $PTIIhome/travis/build/icyphy/ptII/ptolemy/domains/de/test/../../../../: Auto Automatic test in file $PTII/ptolemy/domains/de/test/auto/knownFailedTests/dependencyLoop2.xml
==== Contents of test case:

	    # FIXME: we should use $relativeFilename here, but it
	    # might have backslashes under Windows, which causes no end
	    # of trouble.
	    createAndExecute $file
	    list {}
	
.... Test generated KNOWN error:
    while executing
ptolemy.kernel.util.IllegalActionException: Found a zero delay loop containing .dependencyLoop2.original
  in .dependencyLoop2 and .dependencyLoop2.original
	at ptolemy.actor.util.CausalityInterfaceForComposites._computeOutputPortDepth(CausalityInterfaceForComposites.java:759)
	at ptolemy.actor.util.CausalityInterfaceForComposites._computeInputDepth(CausalityInterfaceForComposites.java:696)
	at ptolemy.actor.util.CausalityInterfaceForComposites._computeOutputPortDepth(CausalityInterfaceForComposites.java:765)
	at ptolemy.actor.util.CausalityInterfaceForComposites._computeInputDepth(CausalityInterfaceForComposites.java:696)
	at ptolemy.actor.util.CausalityInterfaceForComposites._computeOutputPortDepth(CausalityInterfaceForComposites.java:765)
	at ptolemy.actor.util.CausalityInterfaceForComposites._computeInputDepth(CausalityInterfaceForComposites.java:696)
	at ptolemy.actor.util.CausalityInterfaceForComposites._computeActorDepth(CausalityInterfaceForComposites.java:532)
	at ptolemy.actor.util.CausalityInterfaceForComposites.checkForCycles(CausalityInterfaceForComposites.java:96)
	at ptolemy.domains.de.kernel.DEDirector.preinitialize(DEDirector.java:1338)
	at ptolemy.actor.CompositeActor.preinitialize(CompositeActor.java:1828)
	at ptolemy.actor.Manager.preinitializeAndResolveTypes(Manager.java:1040)
	at ptolemy.actor.Manager.initialize(Manager.java:710)
	at ptolemy.actor.Manager.execute(Manager.java:356)
	at ptolemy.actor.Manager.run(Manager.java:1263)
	at ptolemy.actor.Manager$PtolemyRunThread.run(Manager.java:1933)

    while executing
ptolemy.kernel.util.IllegalActionException: Found a zero delay loop containing .dependencyLoop2.original
  in .dependencyLoop2 and .dependencyLoop2.original
    while executing
"java::new ptolemy.moml.MoMLSimpleApplication $file
"
    (procedure "createAndExecute" line 2)
    invoked from within
"createAndExecute $file"
    ("uplevel" body line 5)
    invoked from within
"uplevel $contents_of_test"
------------------ testing $PTII/ptolemy/domains/de/test/auto/knownFailedTests/DESDFClockTest.xml (Known Failure) 
2044 ms. Memory: 129024K Free: 108842K (84%)


==== $PTIIhome/travis/build/icyphy/ptII/ptolemy/domains/de/test/../../../../: Auto Automatic test in file $PTII/ptolemy/domains/de/test/auto/knownFailedTests/DESDFClockTest.xml
==== Contents of test case:

	    # FIXME: we should use $relativeFilename here, but it
	    # might have backslashes under Windows, which causes no end
	    # of trouble.
	    createAndExecute $file
	    list {}
	
.... Test generated KNOWN error:
    while executing
ptolemy.kernel.util.IllegalActionException: Actor is not ready to fire.  Perhaps UpSample.prefire() returned false? Try debugging the actor by selecting "Listen to Actor".  Also, for SDF check moml for tokenConsumptionRate on input.
  in .DESDFClockTest.Play Bell.Copy1:SDF Director and .DESDFClockTest.Play Bell.UpSample
	at ptolemy.actor.sched.StaticSchedulingDirector.fire(StaticSchedulingDirector.java:227)
	at ptolemy.domains.sdf.kernel.SDFDirector.fire(SDFDirector.java:500)
	at ptolemy.actor.CompositeActor.fire(CompositeActor.java:455)
	at ptolemy.domains.de.kernel.DEDirector._fire(DEDirector.java:1949)
	at ptolemy.domains.de.kernel.DEDirector.fire(DEDirector.java:502)
	at ptolemy.actor.CompositeActor.fire(CompositeActor.java:455)
	at ptolemy.actor.Manager.iterate(Manager.java:851)
	at ptolemy.actor.Manager.execute(Manager.java:369)
	at ptolemy.actor.Manager.run(Manager.java:1263)
	at ptolemy.actor.Manager$PtolemyRunThread.run(Manager.java:1933)

    while executing
ptolemy.kernel.util.IllegalActionException: Actor is not ready to fire.  Perhaps UpSample.prefire() returned false? Try debugging the actor by selecting "Listen to Actor".  Also, for SDF check moml for tokenConsumptionRate on input.
  in .DESDFClockTest.Play Bell.Copy1:SDF Director and .DESDFClockTest.Play Bell.UpSample
    while executing
"java::new ptolemy.moml.MoMLSimpleApplication $file
"
    (procedure "createAndExecute" line 2)
    invoked from within
"createAndExecute $file"
    ("uplevel" body line 5)
    invoked from within
"uplevel $contents_of_test"
------------------ testing $PTII/ptolemy/domains/de/test/auto/ActorDepthCalculation_actorWithoutPorts.xml
auto.tcl: Setting watchdog for 200 seconds at Tue Jan 21 06:46:16 UTC 2020
10 ms. Memory: 129024K Free: 101660K (79%)
ptolemy.util.test.WatchDog.cancel(): canceling Tue Jan 21 06:46:16 UTC 2020
auto.tcl: Setting watchdog for 200 seconds at Tue Jan 21 06:46:16 UTC 2020
3 ms. Memory: 129024K Free: 100140K (78%)
ptolemy.util.test.WatchDog.cancel(): canceling Tue Jan 21 06:46:16 UTC 2020
------------------ testing $PTII/ptolemy/domains/de/test/auto/AssemblyLine.xml
auto.tcl: Setting watchdog for 200 seconds at Tue Jan 21 06:46:16 UTC 2020
16 ms. Memory: 48128K Free: 24438K (51%)
ptolemy.util.test.WatchDog.cancel(): canceling Tue Jan 21 06:46:17 UTC 2020
auto.tcl: Setting watchdog for 200 seconds at Tue Jan 21 06:46:17 UTC 2020
6 ms. Memory: 48128K Free: 23978K (50%)
ptolemy.util.test.WatchDog.cancel(): canceling Tue Jan 21 06:46:17 UTC 2020
------------------ testing $PTII/ptolemy/domains/de/test/auto/CQBug1.xml
auto.tcl: Setting watchdog for 200 seconds at Tue Jan 21 06:46:17 UTC 2020
2 ms. Memory: 48128K Free: 30501K (63%)
ptolemy.util.test.WatchDog.cancel(): canceling Tue Jan 21 06:46:17 UTC 2020
auto.tcl: Setting watchdog for 200 seconds at Tue Jan 21 06:46:17 UTC 2020
2 ms. Memory: 48128K Free: 30067K (62%)
ptolemy.util.test.WatchDog.cancel(): canceling Tue Jan 21 06:46:17 UTC 2020
------------------ testing $PTII/ptolemy/domains/de/test/auto/CancelFireAt.xml
auto.tcl: Setting watchdog for 200 seconds at Tue Jan 21 06:46:17 UTC 2020
3 ms. Memory: 48128K Free: 31651K (66%)
ptolemy.util.test.WatchDog.cancel(): canceling Tue Jan 21 06:46:17 UTC 2020
auto.tcl: Setting watchdog for 200 seconds at Tue Jan 21 06:46:17 UTC 2020
1 ms. Memory: 48128K Free: 31215K (65%)
ptolemy.util.test.WatchDog.cancel(): canceling Tue Jan 21 06:46:17 UTC 2020
------------------ testing $PTII/ptolemy/domains/de/test/auto/CausalityAndComposabilityAnalysis.xml
auto.tcl: Setting watchdog for 200 seconds at Tue Jan 21 06:46:17 UTC 2020
8 ms. Memory: 48128K Free: 29365K (61%)
ptolemy.util.test.WatchDog.cancel(): canceling Tue Jan 21 06:46:17 UTC 2020
auto.tcl: Setting watchdog for 200 seconds at Tue Jan 21 06:46:17 UTC 2020
11 ms. Memory: 48128K Free: 28929K (60%)
ptolemy.util.test.WatchDog.cancel(): canceling Tue Jan 21 06:46:17 UTC 2020
------------------ testing $PTII/ptolemy/domains/de/test/auto/CausalityInterface1.xml
auto.tcl: Setting watchdog for 200 seconds at Tue Jan 21 06:46:17 UTC 2020
26 ms. Memory: 48128K Free: 28370K (59%)
ptolemy.util.test.WatchDog.cancel(): canceling Tue Jan 21 06:46:17 UTC 2020
auto.tcl: Setting watchdog for 200 seconds at Tue Jan 21 06:46:17 UTC 2020
4 ms. Memory: 48128K Free: 27399K (57%)
ptolemy.util.test.WatchDog.cancel(): canceling Tue Jan 21 06:46:17 UTC 2020
------------------ testing $PTII/ptolemy/domains/de/test/auto/CausalityInterface15.xml
auto.tcl: Setting watchdog for 200 seconds at Tue Jan 21 06:46:17 UTC 2020
11 ms. Memory: 48128K Free: 28047K (58%)
ptolemy.util.test.WatchDog.cancel(): canceling Tue Jan 21 06:46:17 UTC 2020
auto.tcl: Setting watchdog for 200 seconds at Tue Jan 21 06:46:17 UTC 2020
3 ms. Memory: 48128K Free: 27335K (57%)
ptolemy.util.test.WatchDog.cancel(): canceling Tue Jan 21 06:46:17 UTC 2020
------------------ testing $PTII/ptolemy/domains/de/test/auto/CausalityInterface2.xml
auto.tcl: Setting watchdog for 200 seconds at Tue Jan 21 06:46:17 UTC 2020
5 ms. Memory: 48128K Free: 29215K (61%)
ptolemy.util.test.WatchDog.cancel(): canceling Tue Jan 21 06:46:17 UTC 2020
auto.tcl: Setting watchdog for 200 seconds at Tue Jan 21 06:46:17 UTC 2020
3 ms. Memory: 48128K Free: 28319K (59%)
ptolemy.util.test.WatchDog.cancel(): canceling Tue Jan 21 06:46:17 UTC 2020
------------------ testing $PTII/ptolemy/domains/de/test/auto/CausalityInterface3.xml
auto.tcl: Setting watchdog for 200 seconds at Tue Jan 21 06:46:17 UTC 2020
5 ms. Memory: 48128K Free: 28552K (59%)
ptolemy.util.test.WatchDog.cancel(): canceling Tue Jan 21 06:46:17 UTC 2020
auto.tcl: Setting watchdog for 200 seconds at Tue Jan 21 06:46:17 UTC 2020
3 ms. Memory: 48128K Free: 28019K (58%)
ptolemy.util.test.WatchDog.cancel(): canceling Tue Jan 21 06:46:17 UTC 2020
------------------ testing $PTII/ptolemy/domains/de/test/auto/ClockDrift.xml
auto.tcl: Setting watchdog for 200 seconds at Tue Jan 21 06:46:17 UTC 2020
45 ms. Memory: 48128K Free: 21137K (44%)
ptolemy.util.test.WatchDog.cancel(): canceling Tue Jan 21 06:46:17 UTC 2020
auto.tcl: Setting watchdog for 200 seconds at Tue Jan 21 06:46:17 UTC 2020
45 ms. Memory: 48128K Free: 17700K (37%)
ptolemy.util.test.WatchDog.cancel(): canceling Tue Jan 21 06:46:17 UTC 2020
------------------ testing $PTII/ptolemy/domains/de/test/auto/ClockDriftAndValueChange.xml
auto.tcl: Setting watchdog for 200 seconds at Tue Jan 21 06:46:17 UTC 2020
36 ms. Memory: 48128K Free: 21536K (45%)
ptolemy.util.test.WatchDog.cancel(): canceling Tue Jan 21 06:46:17 UTC 2020
auto.tcl: Setting watchdog for 200 seconds at Tue Jan 21 06:46:17 UTC 2020
33 ms. Memory: 48128K Free: 18384K (38%)
ptolemy.util.test.WatchDog.cancel(): canceling Tue Jan 21 06:46:17 UTC 2020
------------------ testing $PTII/ptolemy/domains/de/test/auto/ClockDriftChange.xml
auto.tcl: Setting watchdog for 200 seconds at Tue Jan 21 06:46:18 UTC 2020
17 ms. Memory: 48128K Free: 23262K (48%)
ptolemy.util.test.WatchDog.cancel(): canceling Tue Jan 21 06:46:18 UTC 2020
auto.tcl: Setting watchdog for 200 seconds at Tue Jan 21 06:46:18 UTC 2020
15 ms. Memory: 48128K Free: 20670K (43%)
ptolemy.util.test.WatchDog.cancel(): canceling Tue Jan 21 06:46:18 UTC 2020
------------------ testing $PTII/ptolemy/domains/de/test/auto/ComposableCausalityAnalysis.xml
auto.tcl: Setting watchdog for 200 seconds at Tue Jan 21 06:46:18 UTC 2020
1 ms. Memory: 48128K Free: 27848K (58%)
ptolemy.util.test.WatchDog.cancel(): canceling Tue Jan 21 06:46:18 UTC 2020
auto.tcl: Setting watchdog for 200 seconds at Tue Jan 21 06:46:18 UTC 2020
4 ms. Memory: 48128K Free: 26840K (56%)
ptolemy.util.test.WatchDog.cancel(): canceling Tue Jan 21 06:46:18 UTC 2020
------------------ testing $PTII/ptolemy/domains/de/test/auto/DEFixedPointLimitation.xml
auto.tcl: Setting watchdog for 200 seconds at Tue Jan 21 06:46:18 UTC 2020
2 ms. Memory: 48128K Free: 29242K (61%)
ptolemy.util.test.WatchDog.cancel(): canceling Tue Jan 21 06:46:18 UTC 2020
auto.tcl: Setting watchdog for 200 seconds at Tue Jan 21 06:46:18 UTC 2020
2 ms. Memory: 48128K Free: 28316K (59%)
ptolemy.util.test.WatchDog.cancel(): canceling Tue Jan 21 06:46:18 UTC 2020
------------------ testing $PTII/ptolemy/domains/de/test/auto/DEScheduleTest.xml
auto.tcl: Setting watchdog for 200 seconds at Tue Jan 21 06:46:18 UTC 2020
3 ms. Memory: 48128K Free: 29559K (61%)
ptolemy.util.test.WatchDog.cancel(): canceling Tue Jan 21 06:46:18 UTC 2020
auto.tcl: Setting watchdog for 200 seconds at Tue Jan 21 06:46:18 UTC 2020
3 ms. Memory: 48128K Free: 28788K (60%)
ptolemy.util.test.WatchDog.cancel(): canceling Tue Jan 21 06:46:18 UTC 2020
------------------ testing $PTII/ptolemy/domains/de/test/auto/DEinDEwithStartTimes.xml
auto.tcl: Setting watchdog for 200 seconds at Tue Jan 21 06:46:18 UTC 2020
6 ms. Memory: 48128K Free: 27741K (58%)
ptolemy.util.test.WatchDog.cancel(): canceling Tue Jan 21 06:46:18 UTC 2020
auto.tcl: Setting watchdog for 200 seconds at Tue Jan 21 06:46:18 UTC 2020
2 ms. Memory: 48128K Free: 26676K (55%)
ptolemy.util.test.WatchDog.cancel(): canceling Tue Jan 21 06:46:18 UTC 2020
------------------ testing $PTII/ptolemy/domains/de/test/auto/DEinDEwithStartTimes2.xml
auto.tcl: Setting watchdog for 200 seconds at Tue Jan 21 06:46:18 UTC 2020
7 ms. Memory: 48128K Free: 26953K (56%)
ptolemy.util.test.WatchDog.cancel(): canceling Tue Jan 21 06:46:18 UTC 2020
auto.tcl: Setting watchdog for 200 seconds at Tue Jan 21 06:46:18 UTC 2020
3 ms. Memory: 48128K Free: 25631K (53%)
ptolemy.util.test.WatchDog.cancel(): canceling Tue Jan 21 06:46:18 UTC 2020
------------------ testing $PTII/ptolemy/domains/de/test/auto/DateDemo.xml
auto.tcl: Setting watchdog for 200 seconds at Tue Jan 21 06:46:18 UTC 2020
18 ms. Memory: 48128K Free: 21827K (45%)
ptolemy.util.test.WatchDog.cancel(): canceling Tue Jan 21 06:46:18 UTC 2020
auto.tcl: Setting watchdog for 200 seconds at Tue Jan 21 06:46:18 UTC 2020
9 ms. Memory: 48128K Free: 20098K (42%)
ptolemy.util.test.WatchDog.cancel(): canceling Tue Jan 21 06:46:18 UTC 2020
------------------ testing $PTII/ptolemy/domains/de/test/auto/DateToEvent.xml
auto.tcl: Setting watchdog for 200 seconds at Tue Jan 21 06:46:18 UTC 2020
2008 ms. Memory: 48128K Free: 16743K (35%)
ptolemy.util.test.WatchDog.cancel(): canceling Tue Jan 21 06:46:20 UTC 2020
auto.tcl: Setting watchdog for 200 seconds at Tue Jan 21 06:46:20 UTC 2020
2004 ms. Memory: 48128K Free: 16360K (34%)
ptolemy.util.test.WatchDog.cancel(): canceling Tue Jan 21 06:46:22 UTC 2020
------------------ testing $PTII/ptolemy/domains/de/test/auto/DepthTest1.xml
auto.tcl: Setting watchdog for 200 seconds at Tue Jan 21 06:46:22 UTC 2020
5 ms. Memory: 48128K Free: 30343K (63%)
ptolemy.util.test.WatchDog.cancel(): canceling Tue Jan 21 06:46:22 UTC 2020
auto.tcl: Setting watchdog for 200 seconds at Tue Jan 21 06:46:22 UTC 2020
1 ms. Memory: 48128K Free: 29954K (62%)
ptolemy.util.test.WatchDog.cancel(): canceling Tue Jan 21 06:46:22 UTC 2020
------------------ testing $PTII/ptolemy/domains/de/test/auto/DepthTest2.xml
auto.tcl: Setting watchdog for 200 seconds at Tue Jan 21 06:46:22 UTC 2020
5 ms. Memory: 48128K Free: 27197K (57%)
ptolemy.util.test.WatchDog.cancel(): canceling Tue Jan 21 06:46:22 UTC 2020
auto.tcl: Setting watchdog for 200 seconds at Tue Jan 21 06:46:22 UTC 2020
3 ms. Memory: 48128K Free: 26776K (56%)
ptolemy.util.test.WatchDog.cancel(): canceling Tue Jan 21 06:46:22 UTC 2020
------------------ testing $PTII/ptolemy/domains/de/test/auto/DepthTest3.xml
auto.tcl: Setting watchdog for 200 seconds at Tue Jan 21 06:46:22 UTC 2020
2 ms. Memory: 48128K Free: 30673K (64%)
ptolemy.util.test.WatchDog.cancel(): canceling Tue Jan 21 06:46:22 UTC 2020
auto.tcl: Setting watchdog for 200 seconds at Tue Jan 21 06:46:22 UTC 2020
2 ms. Memory: 48128K Free: 30292K (63%)
ptolemy.util.test.WatchDog.cancel(): canceling Tue Jan 21 06:46:22 UTC 2020
------------------ testing $PTII/ptolemy/domains/de/test/auto/DepthTest4.xml
auto.tcl: Setting watchdog for 200 seconds at Tue Jan 21 06:46:22 UTC 2020
3 ms. Memory: 48128K Free: 29024K (60%)
ptolemy.util.test.WatchDog.cancel(): canceling Tue Jan 21 06:46:22 UTC 2020
auto.tcl: Setting watchdog for 200 seconds at Tue Jan 21 06:46:22 UTC 2020
2 ms. Memory: 48128K Free: 28280K (59%)
ptolemy.util.test.WatchDog.cancel(): canceling Tue Jan 21 06:46:22 UTC 2020
------------------ testing $PTII/ptolemy/domains/de/test/auto/DepthTest5.xml
auto.tcl: Setting watchdog for 200 seconds at Tue Jan 21 06:46:22 UTC 2020
3 ms. Memory: 48128K Free: 28406K (59%)
ptolemy.util.test.WatchDog.cancel(): canceling Tue Jan 21 06:46:22 UTC 2020
auto.tcl: Setting watchdog for 200 seconds at Tue Jan 21 06:46:22 UTC 2020
2 ms. Memory: 48128K Free: 27634K (57%)
ptolemy.util.test.WatchDog.cancel(): canceling Tue Jan 21 06:46:22 UTC 2020
------------------ testing $PTII/ptolemy/domains/de/test/auto/DepthTest6.xml
auto.tcl: Setting watchdog for 200 seconds at Tue Jan 21 06:46:22 UTC 2020
4 ms. Memory: 48128K Free: 28161K (59%)
ptolemy.util.test.WatchDog.cancel(): canceling Tue Jan 21 06:46:22 UTC 2020
auto.tcl: Setting watchdog for 200 seconds at Tue Jan 21 06:46:22 UTC 2020
2 ms. Memory: 48128K Free: 27611K (57%)
ptolemy.util.test.WatchDog.cancel(): canceling Tue Jan 21 06:46:22 UTC 2020
------------------ testing $PTII/ptolemy/domains/de/test/auto/DepthTest7.xml
auto.tcl: Setting watchdog for 200 seconds at Tue Jan 21 06:46:23 UTC 2020
2 ms. Memory: 48128K Free: 28632K (59%)
ptolemy.util.test.WatchDog.cancel(): canceling Tue Jan 21 06:46:23 UTC 2020
auto.tcl: Setting watchdog for 200 seconds at Tue Jan 21 06:46:23 UTC 2020
2 ms. Memory: 48128K Free: 28204K (59%)
ptolemy.util.test.WatchDog.cancel(): canceling Tue Jan 21 06:46:23 UTC 2020
------------------ testing $PTII/ptolemy/domains/de/test/auto/EventToDate.xml
auto.tcl: Setting watchdog for 200 seconds at Tue Jan 21 06:46:23 UTC 2020
3010 ms. Memory: 48128K Free: 19487K (40%)
ptolemy.util.test.WatchDog.cancel(): canceling Tue Jan 21 06:46:26 UTC 2020
auto.tcl: Setting watchdog for 200 seconds at Tue Jan 21 06:46:26 UTC 2020
3004 ms. Memory: 48128K Free: 18626K (39%)
ptolemy.util.test.WatchDog.cancel(): canceling Tue Jan 21 06:46:29 UTC 2020
------------------ testing $PTII/ptolemy/domains/de/test/auto/FSM1.xml
auto.tcl: Setting watchdog for 200 seconds at Tue Jan 21 06:46:29 UTC 2020
27 ms. Memory: 48128K Free: 20950K (44%)
ptolemy.util.test.WatchDog.cancel(): canceling Tue Jan 21 06:46:29 UTC 2020
auto.tcl: Setting watchdog for 200 seconds at Tue Jan 21 06:46:29 UTC 2020
16 ms. Memory: 48128K Free: 17713K (37%)
ptolemy.util.test.WatchDog.cancel(): canceling Tue Jan 21 06:46:29 UTC 2020
------------------ testing $PTII/ptolemy/domains/de/test/auto/FSM7.xml
auto.tcl: Setting watchdog for 200 seconds at Tue Jan 21 06:46:29 UTC 2020
16 ms. Memory: 48128K Free: 20669K (43%)
ptolemy.util.test.WatchDog.cancel(): canceling Tue Jan 21 06:46:29 UTC 2020
auto.tcl: Setting watchdog for 200 seconds at Tue Jan 21 06:46:29 UTC 2020
16 ms. Memory: 48128K Free: 17511K (36%)
ptolemy.util.test.WatchDog.cancel(): canceling Tue Jan 21 06:46:29 UTC 2020
------------------ testing $PTII/ptolemy/domains/de/test/auto/Inspection.xml
auto.tcl: Setting watchdog for 200 seconds at Tue Jan 21 06:46:29 UTC 2020
30 ms. Memory: 48128K Free: 20421K (42%)
ptolemy.util.test.WatchDog.cancel(): canceling Tue Jan 21 06:46:29 UTC 2020
auto.tcl: Setting watchdog for 200 seconds at Tue Jan 21 06:46:29 UTC 2020
29 ms. Memory: 48128K Free: 18557K (39%)
ptolemy.util.test.WatchDog.cancel(): canceling Tue Jan 21 06:46:29 UTC 2020
------------------ testing $PTII/ptolemy/domains/de/test/auto/Iteration.xml
auto.tcl: Setting watchdog for 200 seconds at Tue Jan 21 06:46:29 UTC 2020
9 ms. Memory: 48128K Free: 26418K (55%)
ptolemy.util.test.WatchDog.cancel(): canceling Tue Jan 21 06:46:29 UTC 2020
auto.tcl: Setting watchdog for 200 seconds at Tue Jan 21 06:46:29 UTC 2020
6 ms. Memory: 48128K Free: 25376K (53%)
ptolemy.util.test.WatchDog.cancel(): canceling Tue Jan 21 06:46:29 UTC 2020
------------------ testing $PTII/ptolemy/domains/de/test/auto/LineFault.xml
auto.tcl: Setting watchdog for 200 seconds at Tue Jan 21 06:46:29 UTC 2020
636 ms. Memory: 58368K Free: 37244K (64%)
ptolemy.util.test.WatchDog.cancel(): canceling Tue Jan 21 06:46:30 UTC 2020
auto.tcl: Setting watchdog for 200 seconds at Tue Jan 21 06:46:30 UTC 2020
521 ms. Memory: 58368K Free: 32338K (55%)
ptolemy.util.test.WatchDog.cancel(): canceling Tue Jan 21 06:46:30 UTC 2020
------------------ testing $PTII/ptolemy/domains/de/test/auto/MergeModel1Add.xml
auto.tcl: Setting watchdog for 200 seconds at Tue Jan 21 06:46:31 UTC 2020
28 ms. Memory: 55296K Free: 18978K (34%)
ptolemy.util.test.WatchDog.cancel(): canceling Tue Jan 21 06:46:31 UTC 2020
auto.tcl: Setting watchdog for 200 seconds at Tue Jan 21 06:46:31 UTC 2020
9 ms. Memory: 55296K Free: 17286K (31%)
ptolemy.util.test.WatchDog.cancel(): canceling Tue Jan 21 06:46:31 UTC 2020
------------------ testing $PTII/ptolemy/domains/de/test/auto/MergeModel2Add.xml
auto.tcl: Setting watchdog for 200 seconds at Tue Jan 21 06:46:31 UTC 2020
10 ms. Memory: 51200K Free: 17775K (35%)
ptolemy.util.test.WatchDog.cancel(): canceling Tue Jan 21 06:46:31 UTC 2020
auto.tcl: Setting watchdog for 200 seconds at Tue Jan 21 06:46:31 UTC 2020
8 ms. Memory: 51200K Free: 16088K (31%)
ptolemy.util.test.WatchDog.cancel(): canceling Tue Jan 21 06:46:31 UTC 2020
------------------ testing $PTII/ptolemy/domains/de/test/auto/MergeModel3Add.xml
auto.tcl: Setting watchdog for 200 seconds at Tue Jan 21 06:46:31 UTC 2020
9 ms. Memory: 51200K Free: 17490K (34%)
ptolemy.util.test.WatchDog.cancel(): canceling Tue Jan 21 06:46:31 UTC 2020
auto.tcl: Setting watchdog for 200 seconds at Tue Jan 21 06:46:31 UTC 2020
9 ms. Memory: 51200K Free: 16106K (31%)
ptolemy.util.test.WatchDog.cancel(): canceling Tue Jan 21 06:46:31 UTC 2020
------------------ testing $PTII/ptolemy/domains/de/test/auto/MergeWithoutDiscard.xml
auto.tcl: Setting watchdog for 200 seconds at Tue Jan 21 06:46:31 UTC 2020
3 ms. Memory: 51200K Free: 32377K (63%)
ptolemy.util.test.WatchDog.cancel(): canceling Tue Jan 21 06:46:31 UTC 2020
auto.tcl: Setting watchdog for 200 seconds at Tue Jan 21 06:46:31 UTC 2020
1 ms. Memory: 51200K Free: 31451K (61%)
ptolemy.util.test.WatchDog.cancel(): canceling Tue Jan 21 06:46:31 UTC 2020
------------------ testing $PTII/ptolemy/domains/de/test/auto/Modal1.xml
auto.tcl: Setting watchdog for 200 seconds at Tue Jan 21 06:46:31 UTC 2020
12 ms. Memory: 51200K Free: 23980K (47%)
ptolemy.util.test.WatchDog.cancel(): canceling Tue Jan 21 06:46:31 UTC 2020
auto.tcl: Setting watchdog for 200 seconds at Tue Jan 21 06:46:31 UTC 2020
12 ms. Memory: 51200K Free: 20482K (40%)
ptolemy.util.test.WatchDog.cancel(): canceling Tue Jan 21 06:46:31 UTC 2020
------------------ testing $PTII/ptolemy/domains/de/test/auto/Modal2.xml
auto.tcl: Setting watchdog for 200 seconds at Tue Jan 21 06:46:31 UTC 2020
11 ms. Memory: 51200K Free: 23828K (47%)
ptolemy.util.test.WatchDog.cancel(): canceling Tue Jan 21 06:46:31 UTC 2020
auto.tcl: Setting watchdog for 200 seconds at Tue Jan 21 06:46:31 UTC 2020
13 ms. Memory: 51200K Free: 20833K (41%)
ptolemy.util.test.WatchDog.cancel(): canceling Tue Jan 21 06:46:31 UTC 2020
------------------ testing $PTII/ptolemy/domains/de/test/auto/Modal3.xml
auto.tcl: Setting watchdog for 200 seconds at Tue Jan 21 06:46:31 UTC 2020
10 ms. Memory: 51200K Free: 23826K (47%)
ptolemy.util.test.WatchDog.cancel(): canceling Tue Jan 21 06:46:31 UTC 2020
auto.tcl: Setting watchdog for 200 seconds at Tue Jan 21 06:46:31 UTC 2020
11 ms. Memory: 51200K Free: 20874K (41%)
ptolemy.util.test.WatchDog.cancel(): canceling Tue Jan 21 06:46:31 UTC 2020
------------------ testing $PTII/ptolemy/domains/de/test/auto/Modal4.xml
auto.tcl: Setting watchdog for 200 seconds at Tue Jan 21 06:46:31 UTC 2020
12 ms. Memory: 51200K Free: 23063K (45%)
ptolemy.util.test.WatchDog.cancel(): canceling Tue Jan 21 06:46:31 UTC 2020
auto.tcl: Setting watchdog for 200 seconds at Tue Jan 21 06:46:31 UTC 2020
13 ms. Memory: 51200K Free: 19247K (38%)
ptolemy.util.test.WatchDog.cancel(): canceling Tue Jan 21 06:46:31 UTC 2020
------------------ testing $PTII/ptolemy/domains/de/test/auto/Modal5.xml
auto.tcl: Setting watchdog for 200 seconds at Tue Jan 21 06:46:31 UTC 2020
13 ms. Memory: 51200K Free: 23043K (45%)
ptolemy.util.test.WatchDog.cancel(): canceling Tue Jan 21 06:46:31 UTC 2020
auto.tcl: Setting watchdog for 200 seconds at Tue Jan 21 06:46:31 UTC 2020
14 ms. Memory: 51200K Free: 19235K (38%)
ptolemy.util.test.WatchDog.cancel(): canceling Tue Jan 21 06:46:31 UTC 2020
------------------ testing $PTII/ptolemy/domains/de/test/auto/Modal6.xml
auto.tcl: Setting watchdog for 200 seconds at Tue Jan 21 06:46:31 UTC 2020
12 ms. Memory: 51200K Free: 23820K (47%)
ptolemy.util.test.WatchDog.cancel(): canceling Tue Jan 21 06:46:31 UTC 2020
auto.tcl: Setting watchdog for 200 seconds at Tue Jan 21 06:46:31 UTC 2020
13 ms. Memory: 51200K Free: 19829K (39%)
ptolemy.util.test.WatchDog.cancel(): canceling Tue Jan 21 06:46:31 UTC 2020
------------------ testing $PTII/ptolemy/domains/de/test/auto/Modal7.xml
auto.tcl: Setting watchdog for 200 seconds at Tue Jan 21 06:46:32 UTC 2020
10 ms. Memory: 51200K Free: 22782K (44%)
ptolemy.util.test.WatchDog.cancel(): canceling Tue Jan 21 06:46:32 UTC 2020
auto.tcl: Setting watchdog for 200 seconds at Tue Jan 21 06:46:32 UTC 2020
9 ms. Memory: 51200K Free: 19233K (38%)
ptolemy.util.test.WatchDog.cancel(): canceling Tue Jan 21 06:46:32 UTC 2020
------------------ testing $PTII/ptolemy/domains/de/test/auto/ModalModel.xml
auto.tcl: Setting watchdog for 200 seconds at Tue Jan 21 06:46:32 UTC 2020
214 ms. Memory: 51200K Free: 16679K (33%)
ptolemy.util.test.WatchDog.cancel(): canceling Tue Jan 21 06:46:32 UTC 2020
auto.tcl: Setting watchdog for 200 seconds at Tue Jan 21 06:46:32 UTC 2020
203 ms. Memory: 61440K Free: 24600K (40%)
ptolemy.util.test.WatchDog.cancel(): canceling Tue Jan 21 06:46:32 UTC 2020
------------------ testing $PTII/ptolemy/domains/de/test/auto/ModalSource.xml
auto.tcl: Setting watchdog for 200 seconds at Tue Jan 21 06:46:32 UTC 2020
7 ms. Memory: 55296K Free: 31475K (57%)
ptolemy.util.test.WatchDog.cancel(): canceling Tue Jan 21 06:46:32 UTC 2020
auto.tcl: Setting watchdog for 200 seconds at Tue Jan 21 06:46:32 UTC 2020
7 ms. Memory: 55296K Free: 29474K (53%)
ptolemy.util.test.WatchDog.cancel(): canceling Tue Jan 21 06:46:32 UTC 2020
------------------ testing $PTII/ptolemy/domains/de/test/auto/NonInterruptibleTimerZeroDelay.xml
auto.tcl: Setting watchdog for 200 seconds at Tue Jan 21 06:46:32 UTC 2020
3 ms. Memory: 55296K Free: 36870K (67%)
ptolemy.util.test.WatchDog.cancel(): canceling Tue Jan 21 06:46:32 UTC 2020
auto.tcl: Setting watchdog for 200 seconds at Tue Jan 21 06:46:32 UTC 2020
2 ms. Memory: 55296K Free: 36234K (66%)
ptolemy.util.test.WatchDog.cancel(): canceling Tue Jan 21 06:46:32 UTC 2020
------------------ testing $PTII/ptolemy/domains/de/test/auto/OpenQueueingNetwork.xml
auto.tcl: Setting watchdog for 200 seconds at Tue Jan 21 06:46:32 UTC 2020
2513 ms. Memory: 87040K Free: 56509K (65%)
ptolemy.util.test.WatchDog.cancel(): canceling Tue Jan 21 06:46:35 UTC 2020
auto.tcl: Setting watchdog for 200 seconds at Tue Jan 21 06:46:35 UTC 2020
2340 ms. Memory: 87040K Free: 47771K (55%)
ptolemy.util.test.WatchDog.cancel(): canceling Tue Jan 21 06:46:37 UTC 2020
------------------ testing $PTII/ptolemy/domains/de/test/auto/OpenQueuingNetwork.xml
auto.tcl: Setting watchdog for 200 seconds at Tue Jan 21 06:46:37 UTC 2020
218 ms. Memory: 55296K Free: 23284K (42%)
ptolemy.util.test.WatchDog.cancel(): canceling Tue Jan 21 06:46:38 UTC 2020
auto.tcl: Setting watchdog for 200 seconds at Tue Jan 21 06:46:38 UTC 2020
212 ms. Memory: 68608K Free: 45234K (66%)
ptolemy.util.test.WatchDog.cancel(): canceling Tue Jan 21 06:46:38 UTC 2020
------------------ testing $PTII/ptolemy/domains/de/test/auto/PeriodicSampler.xml
auto.tcl: Setting watchdog for 200 seconds at Tue Jan 21 06:46:38 UTC 2020
3 ms. Memory: 51200K Free: 32038K (63%)
ptolemy.util.test.WatchDog.cancel(): canceling Tue Jan 21 06:46:38 UTC 2020
auto.tcl: Setting watchdog for 200 seconds at Tue Jan 21 06:46:38 UTC 2020
1 ms. Memory: 51200K Free: 31524K (62%)
ptolemy.util.test.WatchDog.cancel(): canceling Tue Jan 21 06:46:38 UTC 2020
------------------ testing $PTII/ptolemy/domains/de/test/auto/PersistentIO.xml
auto.tcl: Setting watchdog for 200 seconds at Tue Jan 21 06:46:38 UTC 2020
5 ms. Memory: 51200K Free: 26946K (53%)
ptolemy.util.test.WatchDog.cancel(): canceling Tue Jan 21 06:46:38 UTC 2020
auto.tcl: Setting watchdog for 200 seconds at Tue Jan 21 06:46:38 UTC 2020
4 ms. Memory: 51200K Free: 25468K (50%)
ptolemy.util.test.WatchDog.cancel(): canceling Tue Jan 21 06:46:38 UTC 2020
------------------ testing $PTII/ptolemy/domains/de/test/auto/PortParameterResetOnInitialize.xml
auto.tcl: Setting watchdog for 200 seconds at Tue Jan 21 06:46:38 UTC 2020
3 ms. Memory: 51200K Free: 31936K (62%)
ptolemy.util.test.WatchDog.cancel(): canceling Tue Jan 21 06:46:38 UTC 2020
auto.tcl: Setting watchdog for 200 seconds at Tue Jan 21 06:46:38 UTC 2020
2 ms. Memory: 51200K Free: 31450K (61%)
ptolemy.util.test.WatchDog.cancel(): canceling Tue Jan 21 06:46:38 UTC 2020
------------------ testing $PTII/ptolemy/domains/de/test/auto/PortParameterUpdates.xml
auto.tcl: Setting watchdog for 200 seconds at Tue Jan 21 06:46:38 UTC 2020
4 ms. Memory: 51200K Free: 30239K (59%)
ptolemy.util.test.WatchDog.cancel(): canceling Tue Jan 21 06:46:38 UTC 2020
auto.tcl: Setting watchdog for 200 seconds at Tue Jan 21 06:46:38 UTC 2020
4 ms. Memory: 51200K Free: 29012K (57%)
ptolemy.util.test.WatchDog.cancel(): canceling Tue Jan 21 06:46:38 UTC 2020
------------------ testing $PTII/ptolemy/domains/de/test/auto/QueueAndServer.xml
auto.tcl: Setting watchdog for 200 seconds at Tue Jan 21 06:46:38 UTC 2020
11 ms. Memory: 51200K Free: 28922K (56%)
ptolemy.util.test.WatchDog.cancel(): canceling Tue Jan 21 06:46:38 UTC 2020
auto.tcl: Setting watchdog for 200 seconds at Tue Jan 21 06:46:38 UTC 2020
5 ms. Memory: 51200K Free: 27492K (54%)
ptolemy.util.test.WatchDog.cancel(): canceling Tue Jan 21 06:46:38 UTC 2020
------------------ testing $PTII/ptolemy/domains/de/test/auto/Records.xml
auto.tcl: Setting watchdog for 200 seconds at Tue Jan 21 06:46:38 UTC 2020
2 ms. Memory: 51200K Free: 31202K (61%)
ptolemy.util.test.WatchDog.cancel(): canceling Tue Jan 21 06:46:38 UTC 2020
auto.tcl: Setting watchdog for 200 seconds at Tue Jan 21 06:46:38 UTC 2020
2 ms. Memory: 51200K Free: 30709K (60%)
ptolemy.util.test.WatchDog.cancel(): canceling Tue Jan 21 06:46:38 UTC 2020
------------------ testing $PTII/ptolemy/domains/de/test/auto/ResetTransitionWithStartTime1.xml
auto.tcl: Setting watchdog for 200 seconds at Tue Jan 21 06:46:38 UTC 2020
7 ms. Memory: 51200K Free: 28446K (56%)
ptolemy.util.test.WatchDog.cancel(): canceling Tue Jan 21 06:46:38 UTC 2020
auto.tcl: Setting watchdog for 200 seconds at Tue Jan 21 06:46:38 UTC 2020
5 ms. Memory: 51200K Free: 25898K (51%)
ptolemy.util.test.WatchDog.cancel(): canceling Tue Jan 21 06:46:38 UTC 2020
------------------ testing $PTII/ptolemy/domains/de/test/auto/ResetTransitionWithStartTime2.xml
auto.tcl: Setting watchdog for 200 seconds at Tue Jan 21 06:46:38 UTC 2020
5 ms. Memory: 51200K Free: 28400K (55%)
ptolemy.util.test.WatchDog.cancel(): canceling Tue Jan 21 06:46:38 UTC 2020
auto.tcl: Setting watchdog for 200 seconds at Tue Jan 21 06:46:38 UTC 2020
5 ms. Memory: 51200K Free: 26352K (51%)
ptolemy.util.test.WatchDog.cancel(): canceling Tue Jan 21 06:46:38 UTC 2020
------------------ testing $PTII/ptolemy/domains/de/test/auto/ResetTransitionWithStartTime3.xml
auto.tcl: Setting watchdog for 200 seconds at Tue Jan 21 06:46:38 UTC 2020
6 ms. Memory: 51200K Free: 28399K (55%)
ptolemy.util.test.WatchDog.cancel(): canceling Tue Jan 21 06:46:38 UTC 2020
auto.tcl: Setting watchdog for 200 seconds at Tue Jan 21 06:46:38 UTC 2020
5 ms. Memory: 51200K Free: 25845K (50%)
ptolemy.util.test.WatchDog.cancel(): canceling Tue Jan 21 06:46:38 UTC 2020
------------------ testing $PTII/ptolemy/domains/de/test/auto/ResetTransitionWithStartTime4.xml
auto.tcl: Setting watchdog for 200 seconds at Tue Jan 21 06:46:38 UTC 2020
7 ms. Memory: 51200K Free: 28845K (56%)
ptolemy.util.test.WatchDog.cancel(): canceling Tue Jan 21 06:46:38 UTC 2020
auto.tcl: Setting watchdog for 200 seconds at Tue Jan 21 06:46:38 UTC 2020
2 ms. Memory: 51200K Free: 27379K (53%)
ptolemy.util.test.WatchDog.cancel(): canceling Tue Jan 21 06:46:38 UTC 2020
------------------ testing $PTII/ptolemy/domains/de/test/auto/ResettableTimer1.xml
auto.tcl: Setting watchdog for 200 seconds at Tue Jan 21 06:46:39 UTC 2020
2 ms. Memory: 51200K Free: 32585K (64%)
ptolemy.util.test.WatchDog.cancel(): canceling Tue Jan 21 06:46:39 UTC 2020
auto.tcl: Setting watchdog for 200 seconds at Tue Jan 21 06:46:39 UTC 2020
2 ms. Memory: 51200K Free: 31947K (62%)
ptolemy.util.test.WatchDog.cancel(): canceling Tue Jan 21 06:46:39 UTC 2020
------------------ testing $PTII/ptolemy/domains/de/test/auto/ResettableTimer2.xml
auto.tcl: Setting watchdog for 200 seconds at Tue Jan 21 06:46:39 UTC 2020
2 ms. Memory: 51200K Free: 32601K (64%)
ptolemy.util.test.WatchDog.cancel(): canceling Tue Jan 21 06:46:39 UTC 2020
auto.tcl: Setting watchdog for 200 seconds at Tue Jan 21 06:46:39 UTC 2020
2 ms. Memory: 51200K Free: 31521K (62%)
ptolemy.util.test.WatchDog.cancel(): canceling Tue Jan 21 06:46:39 UTC 2020
------------------ testing $PTII/ptolemy/domains/de/test/auto/ResettableTimer3.xml
auto.tcl: Setting watchdog for 200 seconds at Tue Jan 21 06:46:39 UTC 2020
2 ms. Memory: 51200K Free: 33029K (65%)
ptolemy.util.test.WatchDog.cancel(): canceling Tue Jan 21 06:46:39 UTC 2020
auto.tcl: Setting watchdog for 200 seconds at Tue Jan 21 06:46:39 UTC 2020
2 ms. Memory: 51200K Free: 32539K (64%)
ptolemy.util.test.WatchDog.cancel(): canceling Tue Jan 21 06:46:39 UTC 2020
------------------ testing $PTII/ptolemy/domains/de/test/auto/ResettableTimer4.xml
auto.tcl: Setting watchdog for 200 seconds at Tue Jan 21 06:46:39 UTC 2020
1 ms. Memory: 51200K Free: 32552K (64%)
ptolemy.util.test.WatchDog.cancel(): canceling Tue Jan 21 06:46:39 UTC 2020
auto.tcl: Setting watchdog for 200 seconds at Tue Jan 21 06:46:39 UTC 2020
1 ms. Memory: 51200K Free: 32552K (64%)
ptolemy.util.test.WatchDog.cancel(): canceling Tue Jan 21 06:46:39 UTC 2020
------------------ testing $PTII/ptolemy/domains/de/test/auto/ResettableTimer5.xml
auto.tcl: Setting watchdog for 200 seconds at Tue Jan 21 06:46:39 UTC 2020
1 ms. Memory: 51200K Free: 32544K (64%)
ptolemy.util.test.WatchDog.cancel(): canceling Tue Jan 21 06:46:39 UTC 2020
auto.tcl: Setting watchdog for 200 seconds at Tue Jan 21 06:46:39 UTC 2020
1 ms. Memory: 51200K Free: 32052K (63%)
ptolemy.util.test.WatchDog.cancel(): canceling Tue Jan 21 06:46:39 UTC 2020
------------------ testing $PTII/ptolemy/domains/de/test/auto/ResettableTimer6.xml
auto.tcl: Setting watchdog for 200 seconds at Tue Jan 21 06:46:39 UTC 2020
2 ms. Memory: 51200K Free: 32023K (63%)
ptolemy.util.test.WatchDog.cancel(): canceling Tue Jan 21 06:46:39 UTC 2020
auto.tcl: Setting watchdog for 200 seconds at Tue Jan 21 06:46:39 UTC 2020
1 ms. Memory: 51200K Free: 31525K (62%)
ptolemy.util.test.WatchDog.cancel(): canceling Tue Jan 21 06:46:39 UTC 2020
------------------ testing $PTII/ptolemy/domains/de/test/auto/ServerZeroDelay.xml
auto.tcl: Setting watchdog for 200 seconds at Tue Jan 21 06:46:39 UTC 2020
2 ms. Memory: 51200K Free: 32526K (64%)
ptolemy.util.test.WatchDog.cancel(): canceling Tue Jan 21 06:46:39 UTC 2020
auto.tcl: Setting watchdog for 200 seconds at Tue Jan 21 06:46:39 UTC 2020
1 ms. Memory: 51200K Free: 31522K (62%)
ptolemy.util.test.WatchDog.cancel(): canceling Tue Jan 21 06:46:39 UTC 2020
------------------ testing $PTII/ptolemy/domains/de/test/auto/SmartSender.xml
auto.tcl: Setting watchdog for 200 seconds at Tue Jan 21 06:46:39 UTC 2020
3001 ms. Memory: 51200K Free: 32521K (64%)
ptolemy.util.test.WatchDog.cancel(): canceling Tue Jan 21 06:46:42 UTC 2020
auto.tcl: Setting watchdog for 200 seconds at Tue Jan 21 06:46:42 UTC 2020
3001 ms. Memory: 51200K Free: 32029K (63%)
ptolemy.util.test.WatchDog.cancel(): canceling Tue Jan 21 06:46:45 UTC 2020
------------------ testing $PTII/ptolemy/domains/de/test/auto/ThreadedComposite.xml
auto.tcl: Setting watchdog for 200 seconds at Tue Jan 21 06:46:45 UTC 2020
218 ms. Memory: 51200K Free: 12055K (24%)
ptolemy.util.test.WatchDog.cancel(): canceling Tue Jan 21 06:46:45 UTC 2020
auto.tcl: Setting watchdog for 200 seconds at Tue Jan 21 06:46:45 UTC 2020
126 ms. Memory: 51200K Free: 27437K (54%)
ptolemy.util.test.WatchDog.cancel(): canceling Tue Jan 21 06:46:45 UTC 2020
------------------ testing $PTII/ptolemy/domains/de/test/auto/Time.xml
auto.tcl: Setting watchdog for 200 seconds at Tue Jan 21 06:46:45 UTC 2020
485 ms. Memory: 51200K Free: 35752K (70%)
ptolemy.util.test.WatchDog.cancel(): canceling Tue Jan 21 06:46:46 UTC 2020
auto.tcl: Setting watchdog for 200 seconds at Tue Jan 21 06:46:46 UTC 2020
413 ms. Memory: 51200K Free: 12642K (25%)
ptolemy.util.test.WatchDog.cancel(): canceling Tue Jan 21 06:46:46 UTC 2020
------------------ testing $PTII/ptolemy/domains/de/test/auto/TimeDelayZeroDelay.xml
auto.tcl: Setting watchdog for 200 seconds at Tue Jan 21 06:46:46 UTC 2020
1 ms. Memory: 51200K Free: 32451K (63%)
ptolemy.util.test.WatchDog.cancel(): canceling Tue Jan 21 06:46:46 UTC 2020
auto.tcl: Setting watchdog for 200 seconds at Tue Jan 21 06:46:46 UTC 2020
2 ms. Memory: 51200K Free: 31984K (62%)
ptolemy.util.test.WatchDog.cancel(): canceling Tue Jan 21 06:46:46 UTC 2020
------------------ testing $PTII/ptolemy/domains/de/test/auto/TimerZeroDelay.xml
auto.tcl: Setting watchdog for 200 seconds at Tue Jan 21 06:46:46 UTC 2020
2 ms. Memory: 51200K Free: 32904K (64%)
ptolemy.util.test.WatchDog.cancel(): canceling Tue Jan 21 06:46:46 UTC 2020
auto.tcl: Setting watchdog for 200 seconds at Tue Jan 21 06:46:46 UTC 2020
2 ms. Memory: 51200K Free: 32494K (63%)
ptolemy.util.test.WatchDog.cancel(): canceling Tue Jan 21 06:46:46 UTC 2020
------------------ testing $PTII/ptolemy/domains/de/test/auto/TimingParadox.xml
auto.tcl: Setting watchdog for 200 seconds at Tue Jan 21 06:46:46 UTC 2020
318 ms. Memory: 51200K Free: 18599K (36%)
ptolemy.util.test.WatchDog.cancel(): canceling Tue Jan 21 06:46:47 UTC 2020
auto.tcl: Setting watchdog for 200 seconds at Tue Jan 21 06:46:47 UTC 2020
276 ms. Memory: 51200K Free: 34327K (67%)
ptolemy.util.test.WatchDog.cancel(): canceling Tue Jan 21 06:46:47 UTC 2020
------------------ testing $PTII/ptolemy/domains/de/test/auto/TransferInputs.xml
auto.tcl: Setting watchdog for 200 seconds at Tue Jan 21 06:46:47 UTC 2020
2 ms. Memory: 51200K Free: 30970K (60%)
ptolemy.util.test.WatchDog.cancel(): canceling Tue Jan 21 06:46:47 UTC 2020
auto.tcl: Setting watchdog for 200 seconds at Tue Jan 21 06:46:47 UTC 2020
2 ms. Memory: 51200K Free: 30063K (59%)
ptolemy.util.test.WatchDog.cancel(): canceling Tue Jan 21 06:46:47 UTC 2020
------------------ testing $PTII/ptolemy/domains/de/test/auto/TransferOutputs2.xml
auto.tcl: Setting watchdog for 200 seconds at Tue Jan 21 06:46:47 UTC 2020
2 ms. Memory: 51200K Free: 28404K (55%)
ptolemy.util.test.WatchDog.cancel(): canceling Tue Jan 21 06:46:47 UTC 2020
auto.tcl: Setting watchdog for 200 seconds at Tue Jan 21 06:46:47 UTC 2020
3 ms. Memory: 51200K Free: 26979K (53%)
ptolemy.util.test.WatchDog.cancel(): canceling Tue Jan 21 06:46:47 UTC 2020
------------------ testing $PTII/ptolemy/domains/de/test/auto/Trilateration.xml
auto.tcl: Setting watchdog for 200 seconds at Tue Jan 21 06:46:47 UTC 2020
12080 ms. Memory: 619520K Free: 370038K (60%)
ptolemy.util.test.WatchDog.cancel(): canceling Tue Jan 21 06:47:00 UTC 2020
auto.tcl: Setting watchdog for 200 seconds at Tue Jan 21 06:47:00 UTC 2020
8770 ms. Memory: 619520K Free: 291043K (47%)
ptolemy.util.test.WatchDog.cancel(): canceling Tue Jan 21 06:47:09 UTC 2020
------------------ testing $PTII/ptolemy/domains/de/test/auto/TwoSigmaDelta.xml
auto.tcl: Setting watchdog for 200 seconds at Tue Jan 21 06:47:09 UTC 2020
2126 ms. Memory: 92160K Free: 31170K (34%)
ptolemy.util.test.WatchDog.cancel(): canceling Tue Jan 21 06:47:12 UTC 2020
auto.tcl: Setting watchdog for 200 seconds at Tue Jan 21 06:47:12 UTC 2020
1713 ms. Memory: 92160K Free: 36271K (39%)
ptolemy.util.test.WatchDog.cancel(): canceling Tue Jan 21 06:47:13 UTC 2020
------------------ testing $PTII/ptolemy/domains/de/test/auto/VariableDelay.xml
auto.tcl: Setting watchdog for 200 seconds at Tue Jan 21 06:47:13 UTC 2020
10 ms. Memory: 55296K Free: 35548K (64%)
ptolemy.util.test.WatchDog.cancel(): canceling Tue Jan 21 06:47:13 UTC 2020
auto.tcl: Setting watchdog for 200 seconds at Tue Jan 21 06:47:13 UTC 2020
3 ms. Memory: 55296K Free: 34532K (62%)
ptolemy.util.test.WatchDog.cancel(): canceling Tue Jan 21 06:47:13 UTC 2020
------------------ testing $PTII/ptolemy/domains/de/test/auto/VariableDelay2.xml
auto.tcl: Setting watchdog for 200 seconds at Tue Jan 21 06:47:13 UTC 2020
2 ms. Memory: 51200K Free: 32477K (63%)
ptolemy.util.test.WatchDog.cancel(): canceling Tue Jan 21 06:47:13 UTC 2020
auto.tcl: Setting watchdog for 200 seconds at Tue Jan 21 06:47:13 UTC 2020
2 ms. Memory: 51200K Free: 31354K (61%)
ptolemy.util.test.WatchDog.cancel(): canceling Tue Jan 21 06:47:13 UTC 2020
------------------ testing $PTII/ptolemy/domains/de/test/auto/VariableDelayZeroDelay.xml
auto.tcl: Setting watchdog for 200 seconds at Tue Jan 21 06:47:13 UTC 2020
2 ms. Memory: 51200K Free: 32377K (63%)
ptolemy.util.test.WatchDog.cancel(): canceling Tue Jan 21 06:47:13 UTC 2020
auto.tcl: Setting watchdog for 200 seconds at Tue Jan 21 06:47:13 UTC 2020
2 ms. Memory: 51200K Free: 31856K (62%)
ptolemy.util.test.WatchDog.cancel(): canceling Tue Jan 21 06:47:13 UTC 2020
------------------ testing $PTII/ptolemy/domains/de/test/auto/VariableDelayZeroDelay2.xml
auto.tcl: Setting watchdog for 200 seconds at Tue Jan 21 06:47:13 UTC 2020
2 ms. Memory: 51200K Free: 32376K (63%)
ptolemy.util.test.WatchDog.cancel(): canceling Tue Jan 21 06:47:13 UTC 2020
auto.tcl: Setting watchdog for 200 seconds at Tue Jan 21 06:47:13 UTC 2020
2 ms. Memory: 51200K Free: 31364K (61%)
ptolemy.util.test.WatchDog.cancel(): canceling Tue Jan 21 06:47:13 UTC 2020
------------------ testing $PTII/ptolemy/domains/de/test/auto/deInCt.xml
auto.tcl: Setting watchdog for 200 seconds at Tue Jan 21 06:47:14 UTC 2020
0
1
1
1
0
0
0
1
1
1
1
0
0
0
0
0
1
1
1
0
0
0
0
1
1
1
1
0
0
0
1
1
1
1
10 ms. Memory: 51200K Free: 31350K (61%)
ptolemy.util.test.WatchDog.cancel(): canceling Tue Jan 21 06:47:14 UTC 2020
auto.tcl: Setting watchdog for 200 seconds at Tue Jan 21 06:47:14 UTC 2020
0
1
1
1
1
0
0
0
1
1
1
1
0
0
0
1
1
1
1
0
0
0
1
1
1
1
0
0
0
1
1
1
1
1
10 ms. Memory: 51200K Free: 29812K (58%)
ptolemy.util.test.WatchDog.cancel(): canceling Tue Jan 21 06:47:14 UTC 2020
------------------ testing $PTII/ptolemy/domains/de/test/auto/deInCt2.xml
auto.tcl: Setting watchdog for 200 seconds at Tue Jan 21 06:47:14 UTC 2020
0
1
1
1
0
0
1
1
1
0
0
1
1
1
0
0
1
1
1
0
0
1
1
1
0
0
1
1
1
0
0
1
1
1
0
0
1
1
1
0
0
0
11 ms. Memory: 51200K Free: 31350K (61%)
ptolemy.util.test.WatchDog.cancel(): canceling Tue Jan 21 06:47:14 UTC 2020
auto.tcl: Setting watchdog for 200 seconds at Tue Jan 21 06:47:14 UTC 2020
0
1
1
1
0
0
1
1
1
0
0
1
1
1
0
0
1
1
1
0
0
1
1
1
0
0
1
1
1
0
0
1
1
1
0
0
1
1
1
0
0
0
5 ms. Memory: 51200K Free: 29805K (58%)
ptolemy.util.test.WatchDog.cancel(): canceling Tue Jan 21 06:47:14 UTC 2020
------------------ testing $PTII/ptolemy/domains/de/test/auto/dynamicCausalityInterface1.xml
auto.tcl: Setting watchdog for 200 seconds at Tue Jan 21 06:47:14 UTC 2020
4 ms. Memory: 51200K Free: 26665K (52%)
ptolemy.util.test.WatchDog.cancel(): canceling Tue Jan 21 06:47:14 UTC 2020
auto.tcl: Setting watchdog for 200 seconds at Tue Jan 21 06:47:14 UTC 2020
1 ms. Memory: 51200K Free: 26665K (52%)
ptolemy.util.test.WatchDog.cancel(): canceling Tue Jan 21 06:47:14 UTC 2020
------------------ testing $PTII/ptolemy/domains/de/test/auto/fsm_de_test.xml
auto.tcl: Setting watchdog for 200 seconds at Tue Jan 21 06:47:14 UTC 2020
10 ms. Memory: 51200K Free: 27147K (53%)
ptolemy.util.test.WatchDog.cancel(): canceling Tue Jan 21 06:47:14 UTC 2020
auto.tcl: Setting watchdog for 200 seconds at Tue Jan 21 06:47:14 UTC 2020
4 ms. Memory: 51200K Free: 25099K (49%)
ptolemy.util.test.WatchDog.cancel(): canceling Tue Jan 21 06:47:14 UTC 2020
------------------ testing $PTII/ptolemy/domains/de/test/auto/functionDependencyReconstruction.xml
auto.tcl: Setting watchdog for 200 seconds at Tue Jan 21 06:47:14 UTC 2020
3 ms. Memory: 51200K Free: 20993K (41%)
ptolemy.util.test.WatchDog.cancel(): canceling Tue Jan 21 06:47:14 UTC 2020
auto.tcl: Setting watchdog for 200 seconds at Tue Jan 21 06:47:14 UTC 2020
3 ms. Memory: 51200K Free: 18945K (37%)
ptolemy.util.test.WatchDog.cancel(): canceling Tue Jan 21 06:47:14 UTC 2020
------------------ testing $PTII/ptolemy/domains/de/test/auto/multirate.xml
auto.tcl: Setting watchdog for 200 seconds at Tue Jan 21 06:47:14 UTC 2020
5 ms. Memory: 51200K Free: 29787K (58%)
ptolemy.util.test.WatchDog.cancel(): canceling Tue Jan 21 06:47:14 UTC 2020
auto.tcl: Setting watchdog for 200 seconds at Tue Jan 21 06:47:14 UTC 2020
3 ms. Memory: 51200K Free: 28052K (55%)
ptolemy.util.test.WatchDog.cancel(): canceling Tue Jan 21 06:47:14 UTC 2020
------------------ testing $PTII/ptolemy/domains/de/test/auto/multirate2.xml
auto.tcl: Setting watchdog for 200 seconds at Tue Jan 21 06:47:14 UTC 2020
5 ms. Memory: 51200K Free: 29953K (59%)
ptolemy.util.test.WatchDog.cancel(): canceling Tue Jan 21 06:47:14 UTC 2020
auto.tcl: Setting watchdog for 200 seconds at Tue Jan 21 06:47:14 UTC 2020
3 ms. Memory: 51200K Free: 28224K (55%)
ptolemy.util.test.WatchDog.cancel(): canceling Tue Jan 21 06:47:14 UTC 2020
------------------ testing $PTII/ptolemy/domains/de/test/auto/realtime.xml
auto.tcl: Setting watchdog for 200 seconds at Tue Jan 21 06:47:14 UTC 2020
10001 ms. Memory: 51200K Free: 32030K (63%)
ptolemy.util.test.WatchDog.cancel(): canceling Tue Jan 21 06:47:24 UTC 2020
auto.tcl: Setting watchdog for 200 seconds at Tue Jan 21 06:47:24 UTC 2020
10002 ms. Memory: 51200K Free: 31294K (61%)
ptolemy.util.test.WatchDog.cancel(): canceling Tue Jan 21 06:47:34 UTC 2020
------------------ testing $PTII/ptolemy/domains/de/test/auto/relationGroup.xml
auto.tcl: Setting watchdog for 200 seconds at Tue Jan 21 06:47:34 UTC 2020
2 ms. Memory: 51200K Free: 33080K (65%)
ptolemy.util.test.WatchDog.cancel(): canceling Tue Jan 21 06:47:34 UTC 2020
auto.tcl: Setting watchdog for 200 seconds at Tue Jan 21 06:47:34 UTC 2020
1 ms. Memory: 51200K Free: 32344K (63%)
ptolemy.util.test.WatchDog.cancel(): canceling Tue Jan 21 06:47:34 UTC 2020
------------------ testing $PTII/ptolemy/domains/de/test/auto/relationGroup2.xml
auto.tcl: Setting watchdog for 200 seconds at Tue Jan 21 06:47:34 UTC 2020
1 ms. Memory: 51200K Free: 33136K (65%)
ptolemy.util.test.WatchDog.cancel(): canceling Tue Jan 21 06:47:34 UTC 2020
auto.tcl: Setting watchdog for 200 seconds at Tue Jan 21 06:47:34 UTC 2020
1 ms. Memory: 51200K Free: 32400K (63%)
ptolemy.util.test.WatchDog.cancel(): canceling Tue Jan 21 06:47:34 UTC 2020
------------------ testing $PTII/ptolemy/domains/de/test/auto/sortWithOpaquePorts.xml
auto.tcl: Setting watchdog for 200 seconds at Tue Jan 21 06:47:34 UTC 2020
5 ms. Memory: 51200K Free: 31873K (62%)
ptolemy.util.test.WatchDog.cancel(): canceling Tue Jan 21 06:47:34 UTC 2020
auto.tcl: Setting watchdog for 200 seconds at Tue Jan 21 06:47:34 UTC 2020
2 ms. Memory: 51200K Free: 30846K (60%)
ptolemy.util.test.WatchDog.cancel(): canceling Tue Jan 21 06:47:34 UTC 2020
------------------ testing $PTII/ptolemy/domains/de/test/auto/transferInputsandOutputs.xml
auto.tcl: Setting watchdog for 200 seconds at Tue Jan 21 06:47:34 UTC 2020
2 ms. Memory: 51200K Free: 29317K (57%)
ptolemy.util.test.WatchDog.cancel(): canceling Tue Jan 21 06:47:34 UTC 2020
auto.tcl: Setting watchdog for 200 seconds at Tue Jan 21 06:47:34 UTC 2020
2 ms. Memory: 51200K Free: 28295K (55%)
ptolemy.util.test.WatchDog.cancel(): canceling Tue Jan 21 06:47:34 UTC 2020
------------------ testing $PTII/ptolemy/domains/de/test/auto/triggerType.xml
auto.tcl: Setting watchdog for 200 seconds at Tue Jan 21 06:47:34 UTC 2020
1 ms. Memory: 51200K Free: 32341K (63%)
ptolemy.util.test.WatchDog.cancel(): canceling Tue Jan 21 06:47:34 UTC 2020
auto.tcl: Setting watchdog for 200 seconds at Tue Jan 21 06:47:34 UTC 2020
2 ms. Memory: 51200K Free: 31317K (61%)
ptolemy.util.test.WatchDog.cancel(): canceling Tue Jan 21 06:47:34 UTC 2020
01/21/20 06:47:34
Failed: 0  Total Tests: 192  ((Passed: 187, Newly Passed: 1)  Known Failed: 5) /home/travis/build/icyphy/ptII/ptolemy/domains/de/test
01/21/20 06:47:34
Failed: 0  Total Tests: 192  ((Passed: 187, Newly Passed: 1)  Known Failed: 5) /home/travis/build/icyphy/ptII/ptolemy/domains/de/test
----------------- testing (KnownFailure) /home/travis/build/icyphy/ptII/ptolemy/domains/de/test/auto/knownFailedTests/DESDFClockTest.xml
2010 ms. Memory: 51200K Free: 25736K (50%)
Known Failure: java.lang.reflect.InvocationTargetException
----------------- testing (KnownFailure) /home/travis/build/icyphy/ptII/ptolemy/domains/de/test/auto/knownFailedTests/DirectFeedback.xml
1 ms. Memory: 51200K Free: 22154K (43%)
Known Failure: java.lang.reflect.InvocationTargetException
----------------- testing (KnownFailure) /home/travis/build/icyphy/ptII/ptolemy/domains/de/test/auto/knownFailedTests/FSMSource.xml
12 ms. Memory: 51200K Free: 14458K (28%)
----------------- testing (KnownFailure) /home/travis/build/icyphy/ptII/ptolemy/domains/de/test/auto/knownFailedTests/HierarchicalModel.xml
5 ms. Memory: 51200K Free: 27266K (53%)
Known Failure: java.lang.reflect.InvocationTargetException
----------------- testing (KnownFailure) /home/travis/build/icyphy/ptII/ptolemy/domains/de/test/auto/knownFailedTests/dependencyLoop.xml
2 ms. Memory: 51200K Free: 11410K (22%)
Known Failure: java.lang.reflect.InvocationTargetException
----------------- testing (KnownFailure) /home/travis/build/icyphy/ptII/ptolemy/domains/de/test/auto/knownFailedTests/dependencyLoop2.xml
7 ms. Memory: 51200K Free: 25147K (49%)
Known Failure: java.lang.reflect.InvocationTargetException
No auto/linux-amd64/*.xml tests in /home/travis/build/icyphy/ptII/ptolemy/domains/de/test
AutoTests.java: About to close Vertx.
AutoTests.java: Vertx closed.

===========================================================================================
----------------- testing Tue Jan 21 06:47:37 UTC 2020 /home/travis/build/icyphy/ptII/ptolemy/domains/de/test/auto/ActorDepthCalculation_actorWithoutPorts.xml
----------------- Instantiating /home/travis/build/icyphy/ptII/ptolemy/domains/de/test/auto/ActorDepthCalculation_actorWithoutPorts.xml
2 ms. Memory: 51200K Free: 18274K (36%)
----------------- Invoking toplevel() on ptolemy.moml.MoMLSimpleApplication@332eed20
----------------- Done invoking toplevel() on ptolemy.moml.MoMLSimpleApplication@332eed20
reloadAllAccessors: .ActorDepthCalculation_actorWithoutPorts

===========================================================================================
----------------- testing Tue Jan 21 06:47:37 UTC 2020 /home/travis/build/icyphy/ptII/ptolemy/domains/de/test/auto/AssemblyLine.xml
----------------- Instantiating /home/travis/build/icyphy/ptII/ptolemy/domains/de/test/auto/AssemblyLine.xml
3 ms. Memory: 51200K Free: 11128K (22%)
----------------- Invoking toplevel() on ptolemy.moml.MoMLSimpleApplication@2f3014c4
----------------- Done invoking toplevel() on ptolemy.moml.MoMLSimpleApplication@2f3014c4
reloadAllAccessors: .AssemblyLine

===========================================================================================
----------------- testing Tue Jan 21 06:47:37 UTC 2020 /home/travis/build/icyphy/ptII/ptolemy/domains/de/test/auto/CQBug1.xml
----------------- Instantiating /home/travis/build/icyphy/ptII/ptolemy/domains/de/test/auto/CQBug1.xml
1 ms. Memory: 51200K Free: 8345K (16%)
----------------- Invoking toplevel() on ptolemy.moml.MoMLSimpleApplication@5b2079d
----------------- Done invoking toplevel() on ptolemy.moml.MoMLSimpleApplication@5b2079d
reloadAllAccessors: .CQBug1

===========================================================================================
----------------- testing Tue Jan 21 06:47:37 UTC 2020 /home/travis/build/icyphy/ptII/ptolemy/domains/de/test/auto/CancelFireAt.xml
----------------- Instantiating /home/travis/build/icyphy/ptII/ptolemy/domains/de/test/auto/CancelFireAt.xml
1 ms. Memory: 51200K Free: 34745K (68%)
----------------- Invoking toplevel() on ptolemy.moml.MoMLSimpleApplication@1a7e0211
----------------- Done invoking toplevel() on ptolemy.moml.MoMLSimpleApplication@1a7e0211
reloadAllAccessors: .CancelFireAt

===========================================================================================
----------------- testing Tue Jan 21 06:47:37 UTC 2020 /home/travis/build/icyphy/ptII/ptolemy/domains/de/test/auto/CausalityAndComposabilityAnalysis.xml
----------------- Instantiating /home/travis/build/icyphy/ptII/ptolemy/domains/de/test/auto/CausalityAndComposabilityAnalysis.xml
2 ms. Memory: 51200K Free: 30387K (59%)
----------------- Invoking toplevel() on ptolemy.moml.MoMLSimpleApplication@6e8df23f
----------------- Done invoking toplevel() on ptolemy.moml.MoMLSimpleApplication@6e8df23f
reloadAllAccessors: .CausalityAndComposabilityAnalysis

===========================================================================================
----------------- testing Tue Jan 21 06:47:37 UTC 2020 /home/travis/build/icyphy/ptII/ptolemy/domains/de/test/auto/CausalityInterface1.xml
----------------- Instantiating /home/travis/build/icyphy/ptII/ptolemy/domains/de/test/auto/CausalityInterface1.xml
5 ms. Memory: 51200K Free: 25312K (49%)
----------------- Invoking toplevel() on ptolemy.moml.MoMLSimpleApplication@76cbf4c6
----------------- Done invoking toplevel() on ptolemy.moml.MoMLSimpleApplication@76cbf4c6
reloadAllAccessors: .CausalityInterface1

===========================================================================================
----------------- testing Tue Jan 21 06:47:37 UTC 2020 /home/travis/build/icyphy/ptII/ptolemy/domains/de/test/auto/CausalityInterface15.xml
----------------- Instantiating /home/travis/build/icyphy/ptII/ptolemy/domains/de/test/auto/CausalityInterface15.xml
2 ms. Memory: 51200K Free: 19780K (39%)
----------------- Invoking toplevel() on ptolemy.moml.MoMLSimpleApplication@7fe86f53
----------------- Done invoking toplevel() on ptolemy.moml.MoMLSimpleApplication@7fe86f53
reloadAllAccessors: .CausalityInterface15

===========================================================================================
----------------- testing Tue Jan 21 06:47:37 UTC 2020 /home/travis/build/icyphy/ptII/ptolemy/domains/de/test/auto/CausalityInterface2.xml
----------------- Instantiating /home/travis/build/icyphy/ptII/ptolemy/domains/de/test/auto/CausalityInterface2.xml
1 ms. Memory: 51200K Free: 15321K (30%)
[...]
	at ptolemy.actor.Manager.run(Manager.java:1263)
	at ptolemy.actor.Manager$PtolemyRunThread.run(Manager.java:1933)
java.lang.RuntimeException: Execution failed
	at ptolemy.moml.MoMLSimpleApplication$UnloadThread.run(MoMLSimpleApplication.java:402)
Caused by: ptolemy.kernel.util.IllegalActionException: Actor is not ready to fire.  Perhaps UpSample.prefire() returned false? Try debugging the actor by selecting "Listen to Actor".  Also, for SDF check moml for tokenConsumptionRate on input.
  in .DESDFClockTest.Play Bell.Copy1:SDF Director and .DESDFClockTest.Play Bell.UpSample
	at ptolemy.actor.sched.StaticSchedulingDirector.fire(StaticSchedulingDirector.java:227)
	at ptolemy.domains.sdf.kernel.SDFDirector.fire(SDFDirector.java:500)
	at ptolemy.actor.CompositeActor.fire(CompositeActor.java:455)
	at ptolemy.domains.de.kernel.DEDirector._fire(DEDirector.java:1949)
	at ptolemy.domains.de.kernel.DEDirector.fire(DEDirector.java:502)
	at ptolemy.actor.CompositeActor.fire(CompositeActor.java:455)
	at ptolemy.actor.Manager.iterate(Manager.java:851)
	at ptolemy.actor.Manager.execute(Manager.java:369)
	at ptolemy.actor.Manager.run(Manager.java:1263)
	at ptolemy.actor.Manager$PtolemyRunThread.run(Manager.java:1933)
java.lang.reflect.InvocationTargetException
	at java.base/jdk.internal.reflect.NativeConstructorAccessorImpl.newInstance0(Native Method)
	at java.base/jdk.internal.reflect.NativeConstructorAccessorImpl.newInstance(NativeConstructorAccessorImpl.java:62)
	at java.base/jdk.internal.reflect.DelegatingConstructorAccessorImpl.newInstance(DelegatingConstructorAccessorImpl.java:45)
	at java.base/java.lang.reflect.Constructor.newInstance(Constructor.java:490)
	at ptolemy.util.test.junit.AutoKnownFailedTests.RunModel(AutoKnownFailedTests.java:105)
	at java.base/jdk.internal.reflect.NativeMethodAccessorImpl.invoke0(Native Method)
	at java.base/jdk.internal.reflect.NativeMethodAccessorImpl.invoke(NativeMethodAccessorImpl.java:62)
	at java.base/jdk.internal.reflect.DelegatingMethodAccessorImpl.invoke(DelegatingMethodAccessorImpl.java:43)
	at java.base/java.lang.reflect.Method.invoke(Method.java:566)
	at org.junit.runners.model.FrameworkMethod$1.runReflectiveCall(FrameworkMethod.java:44)
	at org.junit.internal.runners.model.ReflectiveCallable.run(ReflectiveCallable.java:15)
	at org.junit.runners.model.FrameworkMethod.invokeExplosively(FrameworkMethod.java:41)
	at junitparams.internal.InvokeParameterisedMethod.evaluate(InvokeParameterisedMethod.java:102)
	at org.junit.internal.runners.statements.FailOnTimeout$1.run(FailOnTimeout.java:28)
Caused by: ptolemy.kernel.util.IllegalActionException: Actor is not ready to fire.  Perhaps UpSample.prefire() returned false? Try debugging the actor by selecting "Listen to Actor".  Also, for SDF check moml for tokenConsumptionRate on input.
  in .DESDFClockTest.Play Bell.Copy1:SDF Director and .DESDFClockTest.Play Bell.UpSample
	at ptolemy.actor.sched.StaticSchedulingDirector.fire(StaticSchedulingDirector.java:227)
	at ptolemy.domains.sdf.kernel.SDFDirector.fire(SDFDirector.java:500)
	at ptolemy.actor.CompositeActor.fire(CompositeActor.java:455)
	at ptolemy.domains.de.kernel.DEDirector._fire(DEDirector.java:1949)
	at ptolemy.domains.de.kernel.DEDirector.fire(DEDirector.java:502)
	at ptolemy.actor.CompositeActor.fire(CompositeActor.java:455)
	at ptolemy.actor.Manager.iterate(Manager.java:851)
	at ptolemy.actor.Manager.execute(Manager.java:369)
	at ptolemy.actor.Manager.run(Manager.java:1263)
	at ptolemy.actor.Manager$PtolemyRunThread.run(Manager.java:1933)
java.lang.RuntimeException: Execution failed
	at ptolemy.moml.MoMLSimpleApplication$UnloadThread.run(MoMLSimpleApplication.java:402)
Caused by: ptolemy.kernel.util.IllegalActionException: Test fails in iteration 1.
Value was: 1.0. Should have been: 2.0
  in .DirectFeedback.Test
	at ptolemy.actor.lib.Test.fire(Test.java:268)
	at ptolemy.domains.de.kernel.DEDirector._fire(DEDirector.java:1949)
	at ptolemy.domains.de.kernel.DEDirector.fire(DEDirector.java:502)
	at ptolemy.actor.CompositeActor.fire(CompositeActor.java:455)
	at ptolemy.actor.Manager.iterate(Manager.java:851)
	at ptolemy.actor.Manager.execute(Manager.java:369)
	at ptolemy.actor.Manager.run(Manager.java:1263)
	at ptolemy.actor.Manager$PtolemyRunThread.run(Manager.java:1933)
java.lang.reflect.InvocationTargetException
	at java.base/jdk.internal.reflect.NativeConstructorAccessorImpl.newInstance0(Native Method)
	at java.base/jdk.internal.reflect.NativeConstructorAccessorImpl.newInstance(NativeConstructorAccessorImpl.java:62)
	at java.base/jdk.internal.reflect.DelegatingConstructorAccessorImpl.newInstance(DelegatingConstructorAccessorImpl.java:45)
	at java.base/java.lang.reflect.Constructor.newInstance(Constructor.java:490)
	at ptolemy.util.test.junit.AutoKnownFailedTests.RunModel(AutoKnownFailedTests.java:105)
	at java.base/jdk.internal.reflect.NativeMethodAccessorImpl.invoke0(Native Method)
	at java.base/jdk.internal.reflect.NativeMethodAccessorImpl.invoke(NativeMethodAccessorImpl.java:62)
	at java.base/jdk.internal.reflect.DelegatingMethodAccessorImpl.invoke(DelegatingMethodAccessorImpl.java:43)
	at java.base/java.lang.reflect.Method.invoke(Method.java:566)
	at org.junit.runners.model.FrameworkMethod$1.runReflectiveCall(FrameworkMethod.java:44)
	at org.junit.internal.runners.model.ReflectiveCallable.run(ReflectiveCallable.java:15)
	at org.junit.runners.model.FrameworkMethod.invokeExplosively(FrameworkMethod.java:41)
	at junitparams.internal.InvokeParameterisedMethod.evaluate(InvokeParameterisedMethod.java:102)
	at org.junit.internal.runners.statements.FailOnTimeout$1.run(FailOnTimeout.java:28)
Caused by: ptolemy.kernel.util.IllegalActionException: Test fails in iteration 1.
Value was: 1.0. Should have been: 2.0
  in .DirectFeedback.Test
	at ptolemy.actor.lib.Test.fire(Test.java:268)
	at ptolemy.domains.de.kernel.DEDirector._fire(DEDirector.java:1949)
	at ptolemy.domains.de.kernel.DEDirector.fire(DEDirector.java:502)
	at ptolemy.actor.CompositeActor.fire(CompositeActor.java:455)
	at ptolemy.actor.Manager.iterate(Manager.java:851)
	at ptolemy.actor.Manager.execute(Manager.java:369)
	at ptolemy.actor.Manager.run(Manager.java:1263)
	at ptolemy.actor.Manager$PtolemyRunThread.run(Manager.java:1933)
java.lang.RuntimeException: Execution failed
	at ptolemy.moml.MoMLSimpleApplication$UnloadThread.run(MoMLSimpleApplication.java:402)
Caused by: ptolemy.kernel.util.IllegalActionException: Found a zero delay loop containing .HierarchicalModel.A
  in .HierarchicalModel and .HierarchicalModel.A
	at ptolemy.actor.util.CausalityInterfaceForComposites._computeOutputPortDepth(CausalityInterfaceForComposites.java:759)
	at ptolemy.actor.util.CausalityInterfaceForComposites._computeInputDepth(CausalityInterfaceForComposites.java:696)
	at ptolemy.actor.util.CausalityInterfaceForComposites._computeOutputPortDepth(CausalityInterfaceForComposites.java:765)
	at ptolemy.actor.util.CausalityInterfaceForComposites._computeInputDepth(CausalityInterfaceForComposites.java:696)
	at ptolemy.actor.util.CausalityInterfaceForComposites._computeOutputPortDepth(CausalityInterfaceForComposites.java:765)
	at ptolemy.actor.util.CausalityInterfaceForComposites._computeInputDepth(CausalityInterfaceForComposites.java:696)
	at ptolemy.actor.util.CausalityInterfaceForComposites._computeActorDepth(CausalityInterfaceForComposites.java:532)
	at ptolemy.actor.util.CausalityInterfaceForComposites.checkForCycles(CausalityInterfaceForComposites.java:96)
	at ptolemy.domains.de.kernel.DEDirector.preinitialize(DEDirector.java:1338)
	at ptolemy.actor.CompositeActor.preinitialize(CompositeActor.java:1828)
	at ptolemy.actor.Manager.preinitializeAndResolveTypes(Manager.java:1040)
	at ptolemy.actor.Manager.initialize(Manager.java:710)
	at ptolemy.actor.Manager.execute(Manager.java:356)
	at ptolemy.actor.Manager.run(Manager.java:1263)
	at ptolemy.actor.Manager$PtolemyRunThread.run(Manager.java:1933)
java.lang.reflect.InvocationTargetException
	at java.base/jdk.internal.reflect.NativeConstructorAccessorImpl.newInstance0(Native Method)
	at java.base/jdk.internal.reflect.NativeConstructorAccessorImpl.newInstance(NativeConstructorAccessorImpl.java:62)
	at java.base/jdk.internal.reflect.DelegatingConstructorAccessorImpl.newInstance(DelegatingConstructorAccessorImpl.java:45)
	at java.base/java.lang.reflect.Constructor.newInstance(Constructor.java:490)
	at ptolemy.util.test.junit.AutoKnownFailedTests.RunModel(AutoKnownFailedTests.java:105)
	at java.base/jdk.internal.reflect.NativeMethodAccessorImpl.invoke0(Native Method)
	at java.base/jdk.internal.reflect.NativeMethodAccessorImpl.invoke(NativeMethodAccessorImpl.java:62)
	at java.base/jdk.internal.reflect.DelegatingMethodAccessorImpl.invoke(DelegatingMethodAccessorImpl.java:43)
	at java.base/java.lang.reflect.Method.invoke(Method.java:566)
	at org.junit.runners.model.FrameworkMethod$1.runReflectiveCall(FrameworkMethod.java:44)
	at org.junit.internal.runners.model.ReflectiveCallable.run(ReflectiveCallable.java:15)
	at org.junit.runners.model.FrameworkMethod.invokeExplosively(FrameworkMethod.java:41)
	at junitparams.internal.InvokeParameterisedMethod.evaluate(InvokeParameterisedMethod.java:102)
	at org.junit.internal.runners.statements.FailOnTimeout$1.run(FailOnTimeout.java:28)
Caused by: ptolemy.kernel.util.IllegalActionException: Found a zero delay loop containing .HierarchicalModel.A
  in .HierarchicalModel and .HierarchicalModel.A
	at ptolemy.actor.util.CausalityInterfaceForComposites._computeOutputPortDepth(CausalityInterfaceForComposites.java:759)
	at ptolemy.actor.util.CausalityInterfaceForComposites._computeInputDepth(CausalityInterfaceForComposites.java:696)
	at ptolemy.actor.util.CausalityInterfaceForComposites._computeOutputPortDepth(CausalityInterfaceForComposites.java:765)
	at ptolemy.actor.util.CausalityInterfaceForComposites._computeInputDepth(CausalityInterfaceForComposites.java:696)
	at ptolemy.actor.util.CausalityInterfaceForComposites._computeOutputPortDepth(CausalityInterfaceForComposites.java:765)
	at ptolemy.actor.util.CausalityInterfaceForComposites._computeInputDepth(CausalityInterfaceForComposites.java:696)
	at ptolemy.actor.util.CausalityInterfaceForComposites._computeActorDepth(CausalityInterfaceForComposites.java:532)
	at ptolemy.actor.util.CausalityInterfaceForComposites.checkForCycles(CausalityInterfaceForComposites.java:96)
	at ptolemy.domains.de.kernel.DEDirector.preinitialize(DEDirector.java:1338)
	at ptolemy.actor.CompositeActor.preinitialize(CompositeActor.java:1828)
	at ptolemy.actor.Manager.preinitializeAndResolveTypes(Manager.java:1040)
	at ptolemy.actor.Manager.initialize(Manager.java:710)
	at ptolemy.actor.Manager.execute(Manager.java:356)
	at ptolemy.actor.Manager.run(Manager.java:1263)
	at ptolemy.actor.Manager$PtolemyRunThread.run(Manager.java:1933)
java.lang.RuntimeException: Execution failed
	at ptolemy.moml.MoMLSimpleApplication$UnloadThread.run(MoMLSimpleApplication.java:402)
Caused by: ptolemy.kernel.util.IllegalActionException: Found a zero delay loop containing .dependencyLoop.original
  in .dependencyLoop and .dependencyLoop.original
	at ptolemy.actor.util.CausalityInterfaceForComposites._computeOutputPortDepth(CausalityInterfaceForComposites.java:759)
	at ptolemy.actor.util.CausalityInterfaceForComposites._computeInputDepth(CausalityInterfaceForComposites.java:696)
	at ptolemy.actor.util.CausalityInterfaceForComposites._computeOutputPortDepth(CausalityInterfaceForComposites.java:765)
	at ptolemy.actor.util.CausalityInterfaceForComposites._computeInputDepth(CausalityInterfaceForComposites.java:696)
	at ptolemy.actor.util.CausalityInterfaceForComposites._computeOutputPortDepth(CausalityInterfaceForComposites.java:765)
	at ptolemy.actor.util.CausalityInterfaceForComposites._computeInputDepth(CausalityInterfaceForComposites.java:696)
	at ptolemy.actor.util.CausalityInterfaceForComposites._computeActorDepth(CausalityInterfaceForComposites.java:532)
	at ptolemy.actor.util.CausalityInterfaceForComposites.checkForCycles(CausalityInterfaceForComposites.java:96)
	at ptolemy.domains.de.kernel.DEDirector.preinitialize(DEDirector.java:1338)
	at ptolemy.actor.CompositeActor.preinitialize(CompositeActor.java:1828)
	at ptolemy.actor.Manager.preinitializeAndResolveTypes(Manager.java:1040)
	at ptolemy.actor.Manager.initialize(Manager.java:710)
	at ptolemy.actor.Manager.execute(Manager.java:356)
	at ptolemy.actor.Manager.run(Manager.java:1263)
	at ptolemy.actor.Manager$PtolemyRunThread.run(Manager.java:1933)
java.lang.reflect.InvocationTargetException
	at java.base/jdk.internal.reflect.NativeConstructorAccessorImpl.newInstance0(Native Method)
	at java.base/jdk.internal.reflect.NativeConstructorAccessorImpl.newInstance(NativeConstructorAccessorImpl.java:62)
	at java.base/jdk.internal.reflect.DelegatingConstructorAccessorImpl.newInstance(DelegatingConstructorAccessorImpl.java:45)
	at java.base/java.lang.reflect.Constructor.newInstance(Constructor.java:490)
	at ptolemy.util.test.junit.AutoKnownFailedTests.RunModel(AutoKnownFailedTests.java:105)
	at java.base/jdk.internal.reflect.NativeMethodAccessorImpl.invoke0(Native Method)
	at java.base/jdk.internal.reflect.NativeMethodAccessorImpl.invoke(NativeMethodAccessorImpl.java:62)
	at java.base/jdk.internal.reflect.DelegatingMethodAccessorImpl.invoke(DelegatingMethodAccessorImpl.java:43)
	at java.base/java.lang.reflect.Method.invoke(Method.java:566)
	at org.junit.runners.model.FrameworkMethod$1.runReflectiveCall(FrameworkMethod.java:44)
	at org.junit.internal.runners.model.ReflectiveCallable.run(ReflectiveCallable.java:15)
	at org.junit.runners.model.FrameworkMethod.invokeExplosively(FrameworkMethod.java:41)
	at junitparams.internal.InvokeParameterisedMethod.evaluate(InvokeParameterisedMethod.java:102)
	at org.junit.internal.runners.statements.FailOnTimeout$1.run(FailOnTimeout.java:28)
Caused by: ptolemy.kernel.util.IllegalActionException: Found a zero delay loop containing .dependencyLoop.original
  in .dependencyLoop and .dependencyLoop.original
	at ptolemy.actor.util.CausalityInterfaceForComposites._computeOutputPortDepth(CausalityInterfaceForComposites.java:759)
	at ptolemy.actor.util.CausalityInterfaceForComposites._computeInputDepth(CausalityInterfaceForComposites.java:696)
	at ptolemy.actor.util.CausalityInterfaceForComposites._computeOutputPortDepth(CausalityInterfaceForComposites.java:765)
	at ptolemy.actor.util.CausalityInterfaceForComposites._computeInputDepth(CausalityInterfaceForComposites.java:696)
	at ptolemy.actor.util.CausalityInterfaceForComposites._computeOutputPortDepth(CausalityInterfaceForComposites.java:765)
	at ptolemy.actor.util.CausalityInterfaceForComposites._computeInputDepth(CausalityInterfaceForComposites.java:696)
	at ptolemy.actor.util.CausalityInterfaceForComposites._computeActorDepth(CausalityInterfaceForComposites.java:532)
	at ptolemy.actor.util.CausalityInterfaceForComposites.checkForCycles(CausalityInterfaceForComposites.java:96)
	at ptolemy.domains.de.kernel.DEDirector.preinitialize(DEDirector.java:1338)
	at ptolemy.actor.CompositeActor.preinitialize(CompositeActor.java:1828)
	at ptolemy.actor.Manager.preinitializeAndResolveTypes(Manager.java:1040)
	at ptolemy.actor.Manager.initialize(Manager.java:710)
	at ptolemy.actor.Manager.execute(Manager.java:356)
	at ptolemy.actor.Manager.run(Manager.java:1263)
	at ptolemy.actor.Manager$PtolemyRunThread.run(Manager.java:1933)
java.lang.RuntimeException: Execution failed
	at ptolemy.moml.MoMLSimpleApplication$UnloadThread.run(MoMLSimpleApplication.java:402)
Caused by: ptolemy.kernel.util.IllegalActionException: Found a zero delay loop containing .dependencyLoop2.original
  in .dependencyLoop2 and .dependencyLoop2.original
	at ptolemy.actor.util.CausalityInterfaceForComposites._computeOutputPortDepth(CausalityInterfaceForComposites.java:759)
	at ptolemy.actor.util.CausalityInterfaceForComposites._computeInputDepth(CausalityInterfaceForComposites.java:696)
	at ptolemy.actor.util.CausalityInterfaceForComposites._computeOutputPortDepth(CausalityInterfaceForComposites.java:765)
	at ptolemy.actor.util.CausalityInterfaceForComposites._computeInputDepth(CausalityInterfaceForComposites.java:696)
	at ptolemy.actor.util.CausalityInterfaceForComposites._computeOutputPortDepth(CausalityInterfaceForComposites.java:765)
	at ptolemy.actor.util.CausalityInterfaceForComposites._computeInputDepth(CausalityInterfaceForComposites.java:696)
	at ptolemy.actor.util.CausalityInterfaceForComposites._computeActorDepth(CausalityInterfaceForComposites.java:532)
	at ptolemy.actor.util.CausalityInterfaceForComposites.checkForCycles(CausalityInterfaceForComposites.java:96)
	at ptolemy.domains.de.kernel.DEDirector.preinitialize(DEDirector.java:1338)
	at ptolemy.actor.CompositeActor.preinitialize(CompositeActor.java:1828)
	at ptolemy.actor.Manager.preinitializeAndResolveTypes(Manager.java:1040)
	at ptolemy.actor.Manager.initialize(Manager.java:710)
	at ptolemy.actor.Manager.execute(Manager.java:356)
	at ptolemy.actor.Manager.run(Manager.java:1263)
	at ptolemy.actor.Manager$PtolemyRunThread.run(Manager.java:1933)
java.lang.reflect.InvocationTargetException
	at java.base/jdk.internal.reflect.NativeConstructorAccessorImpl.newInstance0(Native Method)
	at java.base/jdk.internal.reflect.NativeConstructorAccessorImpl.newInstance(NativeConstructorAccessorImpl.java:62)
	at java.base/jdk.internal.reflect.DelegatingConstructorAccessorImpl.newInstance(DelegatingConstructorAccessorImpl.java:45)
	at java.base/java.lang.reflect.Constructor.newInstance(Constructor.java:490)
	at ptolemy.util.test.junit.AutoKnownFailedTests.RunModel(AutoKnownFailedTests.java:105)
	at java.base/jdk.internal.reflect.NativeMethodAccessorImpl.invoke0(Native Method)
	at java.base/jdk.internal.reflect.NativeMethodAccessorImpl.invoke(NativeMethodAccessorImpl.java:62)
	at java.base/jdk.internal.reflect.DelegatingMethodAccessorImpl.invoke(DelegatingMethodAccessorImpl.java:43)
	at java.base/java.lang.reflect.Method.invoke(Method.java:566)
	at org.junit.runners.model.FrameworkMethod$1.runReflectiveCall(FrameworkMethod.java:44)
	at org.junit.internal.runners.model.ReflectiveCallable.run(ReflectiveCallable.java:15)
	at org.junit.runners.model.FrameworkMethod.invokeExplosively(FrameworkMethod.java:41)
	at junitparams.internal.InvokeParameterisedMethod.evaluate(InvokeParameterisedMethod.java:102)
	at org.junit.internal.runners.statements.FailOnTimeout$1.run(FailOnTimeout.java:28)
Caused by: ptolemy.kernel.util.IllegalActionException: Found a zero delay loop containing .dependencyLoop2.original
  in .dependencyLoop2 and .dependencyLoop2.original
	at ptolemy.actor.util.CausalityInterfaceForComposites._computeOutputPortDepth(CausalityInterfaceForComposites.java:759)
	at ptolemy.actor.util.CausalityInterfaceForComposites._computeInputDepth(CausalityInterfaceForComposites.java:696)
	at ptolemy.actor.util.CausalityInterfaceForComposites._computeOutputPortDepth(CausalityInterfaceForComposites.java:765)
	at ptolemy.actor.util.CausalityInterfaceForComposites._computeInputDepth(CausalityInterfaceForComposites.java:696)
	at ptolemy.actor.util.CausalityInterfaceForComposites._computeOutputPortDepth(CausalityInterfaceForComposites.java:765)
	at ptolemy.actor.util.CausalityInterfaceForComposites._computeInputDepth(CausalityInterfaceForComposites.java:696)
	at ptolemy.actor.util.CausalityInterfaceForComposites._computeActorDepth(CausalityInterfaceForComposites.java:532)
	at ptolemy.actor.util.CausalityInterfaceForComposites.checkForCycles(CausalityInterfaceForComposites.java:96)
	at ptolemy.domains.de.kernel.DEDirector.preinitialize(DEDirector.java:1338)
	at ptolemy.actor.CompositeActor.preinitialize(CompositeActor.java:1828)
	at ptolemy.actor.Manager.preinitializeAndResolveTypes(Manager.java:1040)
	at ptolemy.actor.Manager.initialize(Manager.java:710)
	at ptolemy.actor.Manager.execute(Manager.java:356)
	at ptolemy.actor.Manager.run(Manager.java:1263)
	at ptolemy.actor.Manager$PtolemyRunThread.run(Manager.java:1933)
]]></system-err>
</testsuite>
