<?xml version="1.0" encoding="UTF-8" ?>
<testsuite errors="0" failures="0" hostname="travis-job-9ffa2e81-5593-40f1-8a06-6dc42a9f1840" name="ptolemy.vergil.basic.export.test.junit.ExportModelJUnitTestBatch6" skipped="0" tests="100" time="927.938" timestamp="2018-07-16T02:19:59">
  <properties>
[...]
</properties>
  <testcase classname="ptolemy.vergil.basic.export.test.junit.ExportModelJUnitTestBatch6" name="[0] ptolemy/domains/modal/demo/SystemLevelType/PNDomain.xml (RunExportModel)" time="6.342" />
  <testcase classname="ptolemy.vergil.basic.export.test.junit.ExportModelJUnitTestBatch6" name="[1] ptolemy/domains/modal/demo/SystemLevelType/PNDomain_PolyActor.xml (RunExportModel)" time="3.57" />
  <testcase classname="ptolemy.vergil.basic.export.test.junit.ExportModelJUnitTestBatch6" name="[2] ptolemy/domains/modal/demo/SystemLevelType/PNDomain_SDFActor.xml (RunExportModel)" time="3.483" />
  <testcase classname="ptolemy.vergil.basic.export.test.junit.ExportModelJUnitTestBatch6" name="[3] ptolemy/domains/modal/demo/SystemLevelType/PolyActor.xml (RunExportModel)" time="3.305" />
  <testcase classname="ptolemy.vergil.basic.export.test.junit.ExportModelJUnitTestBatch6" name="[4] ptolemy/domains/modal/demo/SystemLevelType/SDFActor.xml (RunExportModel)" time="3.329" />
  <testcase classname="ptolemy.vergil.basic.export.test.junit.ExportModelJUnitTestBatch6" name="[5] ptolemy/domains/modal/demo/SystemLevelType/SDFDomain.xml (RunExportModel)" time="3.333" />
  <testcase classname="ptolemy.vergil.basic.export.test.junit.ExportModelJUnitTestBatch6" name="[6] ptolemy/domains/modal/demo/SystemLevelType/SDFDomain_PolyActor.xml (RunExportModel)" time="3.331" />
  <testcase classname="ptolemy.vergil.basic.export.test.junit.ExportModelJUnitTestBatch6" name="[7] ptolemy/domains/modal/demo/SystemLevelType/SDFDomain_SDFActor.xml (RunExportModel)" time="3.255" />
  <testcase classname="ptolemy.vergil.basic.export.test.junit.ExportModelJUnitTestBatch6" name="[8] ptolemy/domains/modal/demo/SystemLevelType/ThreadA.xml (RunExportModel)" time="3.257" />
  <testcase classname="ptolemy.vergil.basic.export.test.junit.ExportModelJUnitTestBatch6" name="[9] ptolemy/domains/modal/demo/SystemLevelType/ThreadA_Monitor_ThreadB.xml (RunExportModel)" time="3.297" />
  <testcase classname="ptolemy.vergil.basic.export.test.junit.ExportModelJUnitTestBatch6" name="[10] ptolemy/domains/modal/demo/SystemLevelType/ThreadB.xml (RunExportModel)" time="3.263" />
  <testcase classname="ptolemy.vergil.basic.export.test.junit.ExportModelJUnitTestBatch6" name="[11] ptolemy/domains/modal/demo/SystemLevelType/ThreadBNotifies.xml (RunExportModel)" time="3.255" />
  <testcase classname="ptolemy.vergil.basic.export.test.junit.ExportModelJUnitTestBatch6" name="[12] ptolemy/domains/modal/demo/SystemLevelType/Trigger.xml (RunExportModel)" time="3.167" />
  <testcase classname="ptolemy.vergil.basic.export.test.junit.ExportModelJUnitTestBatch6" name="[13] ptolemy/domains/modal/demo/SystemLevelType/UNKNOWN.xml (RunExportModel)" time="3.131" />
  <testcase classname="ptolemy.vergil.basic.export.test.junit.ExportModelJUnitTestBatch6" name="[14] ptolemy/domains/openmodelica/demo/OpenModelica/OpenModelicaInteractive.xml (RunExportModel)" time="3.296" />
  <testcase classname="ptolemy.vergil.basic.export.test.junit.ExportModelJUnitTestBatch6" name="[15] ptolemy/domains/petrinet/demo/PetriNetDiningPhilosophers/PetriNetDiningPhilosophers.xml (RunExportModel)" time="4.804" />
  <testcase classname="ptolemy.vergil.basic.export.test.junit.ExportModelJUnitTestBatch6" name="[16] ptolemy/domains/petrinet/demo/PetriNetSimple/PetriNetSimple.xml (RunExportModel)" time="4.261" />
  <testcase classname="ptolemy.vergil.basic.export.test.junit.ExportModelJUnitTestBatch6" name="[17] ptolemy/domains/pn/demo/BrockAckerman/BrockAckerman.xml (RunExportModel)" time="4.84" />
  <testcase classname="ptolemy.vergil.basic.export.test.junit.ExportModelJUnitTestBatch6" name="[18] ptolemy/domains/pn/demo/CounterMachine/CounterMachine.xml (RunExportModel)" time="39.545" />
  <testcase classname="ptolemy.vergil.basic.export.test.junit.ExportModelJUnitTestBatch6" name="[19] ptolemy/domains/pn/demo/CounterMachine/CounterMachinePrelim.xml (RunExportModel)" time="6.483" />
  <testcase classname="ptolemy.vergil.basic.export.test.junit.ExportModelJUnitTestBatch6" name="[20] ptolemy/domains/pn/demo/CounterMachine/CounterMachineWithException.xml (RunExportModel)" time="9.466" />
  <testcase classname="ptolemy.vergil.basic.export.test.junit.ExportModelJUnitTestBatch6" name="[21] ptolemy/domains/pn/demo/NondeterministicMerge/NondeterministicMerge.xml (RunExportModel)" time="34.259" />
  <testcase classname="ptolemy.vergil.basic.export.test.junit.ExportModelJUnitTestBatch6" name="[22] ptolemy/domains/pn/demo/NondeterministicMergeWithFeedback/NondeterministicMergeWithFeedback.xml (RunExportModel)" time="4.283" />
  <testcase classname="ptolemy.vergil.basic.export.test.junit.ExportModelJUnitTestBatch6" name="[23] ptolemy/domains/pn/demo/OrderedMerge/OrderedMerge.xml (RunExportModel)" time="4.372" />
  <testcase classname="ptolemy.vergil.basic.export.test.junit.ExportModelJUnitTestBatch6" name="[24] ptolemy/domains/pn/demo/QR/QR.xml (RunExportModel)" time="4.187" />
  <testcase classname="ptolemy.vergil.basic.export.test.junit.ExportModelJUnitTestBatch6" name="[25] ptolemy/domains/pn/demo/RemoveNilTokens/RemoveNilTokens.xml (RunExportModel)" time="4.229" />
  <testcase classname="ptolemy.vergil.basic.export.test.junit.ExportModelJUnitTestBatch6" name="[26] ptolemy/domains/pn/demo/Stack/Stack.xml (RunExportModel)" time="4.529" />
  <testcase classname="ptolemy.vergil.basic.export.test.junit.ExportModelJUnitTestBatch6" name="[27] ptolemy/domains/psdf/demo/BlindCommunication/BlindCommunication.xml (RunExportModel)" time="7.461" />
  <testcase classname="ptolemy.vergil.basic.export.test.junit.ExportModelJUnitTestBatch6" name="[28] ptolemy/domains/psdf/demo/Speech/Speech.xml (RunExportModel)" time="4.755" />
  <testcase classname="ptolemy.vergil.basic.export.test.junit.ExportModelJUnitTestBatch6" name="[29] ptolemy/domains/ptera/demo/AdaptiveCarWash/AdaptiveCarWash.xml (RunExportModel)" time="6.857" />
  <testcase classname="ptolemy.vergil.basic.export.test.junit.ExportModelJUnitTestBatch6" name="[30] ptolemy/domains/ptera/demo/AdaptiveCarWash/AdaptiveCarWashFSM.xml (RunExportModel)" time="4.877" />
  <testcase classname="ptolemy.vergil.basic.export.test.junit.ExportModelJUnitTestBatch6" name="[31] ptolemy/domains/ptera/demo/CarWash/CarWash.xml (RunExportModel)" time="4.55" />
  <testcase classname="ptolemy.vergil.basic.export.test.junit.ExportModelJUnitTestBatch6" name="[32] ptolemy/domains/ptera/demo/CarWash/CarWashDE.xml (RunExportModel)" time="4.491" />
  <testcase classname="ptolemy.vergil.basic.export.test.junit.ExportModelJUnitTestBatch6" name="[33] ptolemy/domains/ptera/demo/SimultaneousCarWash/SimultaneousCarWash.xml (RunExportModel)" time="4.609" />
  <testcase classname="ptolemy.vergil.basic.export.test.junit.ExportModelJUnitTestBatch6" name="[34] ptolemy/domains/ptera/demo/TrafficLight/TrafficLight.xml (RunExportModel)" time="34.588" />
  <testcase classname="ptolemy.vergil.basic.export.test.junit.ExportModelJUnitTestBatch6" name="[35] ptolemy/domains/pthales/demo/AdaptiveBeamForming/AdaptiveBeamForming.xml (RunExportModel)" time="6.205" />
  <testcase classname="ptolemy.vergil.basic.export.test.junit.ExportModelJUnitTestBatch6" name="[36] ptolemy/domains/pthales/demo/FFT/FFT.xml (RunExportModel)" time="4.668" />
  <testcase classname="ptolemy.vergil.basic.export.test.junit.ExportModelJUnitTestBatch6" name="[37] ptolemy/domains/pthales/demo/HelloWorld/HelloWorld.xml (RunExportModel)" time="4.381" />
  <testcase classname="ptolemy.vergil.basic.export.test.junit.ExportModelJUnitTestBatch6" name="[38] ptolemy/domains/pthales/demo/Illustrative/Illustrative.xml (RunExportModel)" time="4.6" />
  <testcase classname="ptolemy.vergil.basic.export.test.junit.ExportModelJUnitTestBatch6" name="[39] ptolemy/domains/ptides/demo/ActuatorPattern/ActuatorPattern.xml (RunExportModel)" time="4.35" />
  <testcase classname="ptolemy.vergil.basic.export.test.junit.ExportModelJUnitTestBatch6" name="[40] ptolemy/domains/ptides/demo/Controller/Controller.xml (RunExportModel)" time="37.06" />
  <testcase classname="ptolemy.vergil.basic.export.test.junit.ExportModelJUnitTestBatch6" name="[41] ptolemy/domains/ptides/demo/CoSimulation/CoSimulation.xml (RunExportModel)" time="7.949" />
  <testcase classname="ptolemy.vergil.basic.export.test.junit.ExportModelJUnitTestBatch6" name="[42] ptolemy/domains/ptides/demo/DistributedPowerPlant/DistributedPowerPlant.xml (RunExportModel)" time="6.83" />
  <testcase classname="ptolemy.vergil.basic.export.test.junit.ExportModelJUnitTestBatch6" name="[43] ptolemy/domains/ptides/demo/LocalSource/LocalSource.xml (RunExportModel)" time="4.185" />
  <testcase classname="ptolemy.vergil.basic.export.test.junit.ExportModelJUnitTestBatch6" name="[44] ptolemy/domains/ptides/demo/MixedSimulator/MixedSimulator.xml (RunExportModel)" time="4.331" />
  <testcase classname="ptolemy.vergil.basic.export.test.junit.ExportModelJUnitTestBatch6" name="[45] ptolemy/domains/ptides/demo/MultiPlatformTDMA/MultiPlatformTDMA.xml (RunExportModel)" time="4.853" />
  <testcase classname="ptolemy.vergil.basic.export.test.junit.ExportModelJUnitTestBatch6" name="[46] ptolemy/domains/ptides/demo/MultipleCores/MultipleCores.xml (RunExportModel)" time="4.319" />
  <testcase classname="ptolemy.vergil.basic.export.test.junit.ExportModelJUnitTestBatch6" name="[47] ptolemy/domains/ptides/demo/PowerManagementUnitSamplingWithoutCurrentLocalTime/PowerManagementUnitSamplingWithoutCurrentLocalTime.xml (RunExportModel)" time="6.896" />
  <testcase classname="ptolemy.vergil.basic.export.test.junit.ExportModelJUnitTestBatch6" name="[48] ptolemy/domains/ptides/demo/PowerPlant/PowerPlant.xml (RunExportModel)" time="6.204" />
  <testcase classname="ptolemy.vergil.basic.export.test.junit.ExportModelJUnitTestBatch6" name="[49] ptolemy/domains/ptides/demo/PrintingPress/PrintingPress.xml (RunExportModel)" time="61.038" />
  <testcase classname="ptolemy.vergil.basic.export.test.junit.ExportModelJUnitTestBatch6" name="[50] ptolemy/domains/ptides/demo/PrintingPress/PrintingPress_AnimationsOnly.xml (RunExportModel)" time="18.14" />
  <testcase classname="ptolemy.vergil.basic.export.test.junit.ExportModelJUnitTestBatch6" name="[51] ptolemy/domains/ptides/demo/PtidesSynchrophasor/PtidesSynchrophasor.xml (RunExportModel)" time="7.797" />
  <testcase classname="ptolemy.vergil.basic.export.test.junit.ExportModelJUnitTestBatch6" name="[52] ptolemy/domains/ptides/demo/SRinPtides/SRinPtides.xml (RunExportModel)" time="5.854" />
  <testcase classname="ptolemy.vergil.basic.export.test.junit.ExportModelJUnitTestBatch6" name="[53] ptolemy/domains/ptides/demo/TREX/TREX.xml (RunExportModel)" time="40.465" />
  <testcase classname="ptolemy.vergil.basic.export.test.junit.ExportModelJUnitTestBatch6" name="[54] ptolemy/domains/ptides/demo/TTE/TTE.xml (RunExportModel)" time="6.591" />
  <testcase classname="ptolemy.vergil.basic.export.test.junit.ExportModelJUnitTestBatch6" name="[55] ptolemy/domains/qss/demo/BouncingBall/BouncingBall.xml (RunExportModel)" time="4.279" />
  <testcase classname="ptolemy.vergil.basic.export.test.junit.ExportModelJUnitTestBatch6" name="[56] ptolemy/domains/qss/demo/FirstOrder/FirstOrder.xml (RunExportModel)" time="4.139" />
  <testcase classname="ptolemy.vergil.basic.export.test.junit.ExportModelJUnitTestBatch6" name="[57] ptolemy/domains/qss/demo/FirstOrder/FirstOrderOscillating.xml (RunExportModel)" time="4.137" />
  <testcase classname="ptolemy.vergil.basic.export.test.junit.ExportModelJUnitTestBatch6" name="[58] ptolemy/domains/qss/demo/HelloWorld/HelloWorld.xml (RunExportModel)" time="4.279" />
  <testcase classname="ptolemy.vergil.basic.export.test.junit.ExportModelJUnitTestBatch6" name="[59] ptolemy/domains/qss/demo/HelloWorld/HelloWorldComputationallyExact.xml (RunExportModel)" time="4.21" />
  <testcase classname="ptolemy.vergil.basic.export.test.junit.ExportModelJUnitTestBatch6" name="[60] ptolemy/domains/qss/demo/HelloWorld/HelloWorldContinuous.xml (RunExportModel)" time="4.125" />
  <testcase classname="ptolemy.vergil.basic.export.test.junit.ExportModelJUnitTestBatch6" name="[61] ptolemy/domains/qss/demo/HelloWorld/HelloWorldPropagate.xml (RunExportModel)" time="4.162" />
  <testcase classname="ptolemy.vergil.basic.export.test.junit.ExportModelJUnitTestBatch6" name="[62] ptolemy/domains/qss/demo/HelloWorld/HelloWorldQSS1.xml (RunExportModel)" time="4.19" />
  <testcase classname="ptolemy.vergil.basic.export.test.junit.ExportModelJUnitTestBatch6" name="[63] ptolemy/domains/qss/demo/HelloWorld/HelloWorldQSS2.xml (RunExportModel)" time="4.166" />
  <testcase classname="ptolemy.vergil.basic.export.test.junit.ExportModelJUnitTestBatch6" name="[64] ptolemy/domains/qss/demo/Lorenz/Lorenz.xml (RunExportModel)" time="5.751" />
  <testcase classname="ptolemy.vergil.basic.export.test.junit.ExportModelJUnitTestBatch6" name="[65] ptolemy/domains/qss/demo/RLC/RLC.xml (RunExportModel)" time="4.28" />
  <testcase classname="ptolemy.vergil.basic.export.test.junit.ExportModelJUnitTestBatch6" name="[66] ptolemy/domains/qss/demo/SecondOrder/SecondOrder.xml (RunExportModel)" time="5.0" />
  <testcase classname="ptolemy.vergil.basic.export.test.junit.ExportModelJUnitTestBatch6" name="[67] ptolemy/domains/qss/demo/SecondOrder/SecondOrderContinuous.xml (RunExportModel)" time="4.36" />
  <testcase classname="ptolemy.vergil.basic.export.test.junit.ExportModelJUnitTestBatch6" name="[68] ptolemy/domains/qss/demo/SmoothToken/SmoothToken.xml (RunExportModel)" time="4.167" />
  <testcase classname="ptolemy.vergil.basic.export.test.junit.ExportModelJUnitTestBatch6" name="[69] ptolemy/domains/qss/demo/Thermal/Thermal.xml (RunExportModel)" time="4.228" />
  <testcase classname="ptolemy.vergil.basic.export.test.junit.ExportModelJUnitTestBatch6" name="[70] ptolemy/domains/rendezvous/demo/Barrier/Barrier.xml (RunExportModel)" time="35.1" />
  <testcase classname="ptolemy.vergil.basic.export.test.junit.ExportModelJUnitTestBatch6" name="[71] ptolemy/domains/rendezvous/demo/ResourcePool/ResourcePool.xml (RunExportModel)" time="34.179" />
  <testcase classname="ptolemy.vergil.basic.export.test.junit.ExportModelJUnitTestBatch6" name="[72] ptolemy/domains/rendezvous/demo/Sequencing/Sequencing.xml (RunExportModel)" time="4.179" />
  <testcase classname="ptolemy.vergil.basic.export.test.junit.ExportModelJUnitTestBatch6" name="[73] ptolemy/domains/rendezvous/demo/WriteRegulator/WriteRegulator.xml (RunExportModel)" time="35.246" />
  <testcase classname="ptolemy.vergil.basic.export.test.junit.ExportModelJUnitTestBatch6" name="[74] ptolemy/domains/scr/demo/FuelSystemSCR/FuelSystemSCR.xml (RunExportModel)" time="14.86" />
  <testcase classname="ptolemy.vergil.basic.export.test.junit.ExportModelJUnitTestBatch6" name="[75] ptolemy/domains/scr/demo/HelloWorldSCR/HelloWorldSCR.xml (RunExportModel)" time="4.283" />
  <testcase classname="ptolemy.vergil.basic.export.test.junit.ExportModelJUnitTestBatch6" name="[76] ptolemy/domains/scr/demo/SafetyInjection/SafetyInjection.xml (RunExportModel)" time="7.348" />
  <testcase classname="ptolemy.vergil.basic.export.test.junit.ExportModelJUnitTestBatch6" name="[77] ptolemy/domains/scr/demo/TrafficLight/TrafficLight.xml (RunExportModel)" time="4.42" />
  <testcase classname="ptolemy.vergil.basic.export.test.junit.ExportModelJUnitTestBatch6" name="[78] ptolemy/domains/sdf/demo/Array/Array.xml (RunExportModel)" time="4.261" />
  <testcase classname="ptolemy.vergil.basic.export.test.junit.ExportModelJUnitTestBatch6" name="[79] ptolemy/domains/sdf/demo/Butterfly/Butterfly.xml (RunExportModel)" time="4.557" />
  <testcase classname="ptolemy.vergil.basic.export.test.junit.ExportModelJUnitTestBatch6" name="[80] ptolemy/domains/sdf/demo/Expression/Expression.xml (RunExportModel)" time="4.161" />
  <testcase classname="ptolemy.vergil.basic.export.test.junit.ExportModelJUnitTestBatch6" name="[81] ptolemy/domains/sdf/demo/Eye/Eye.xml (RunExportModel)" time="4.532" />
  <testcase classname="ptolemy.vergil.basic.export.test.junit.ExportModelJUnitTestBatch6" name="[82] ptolemy/domains/sdf/demo/FixFIR/FixFIR.xml (RunExportModel)" time="4.266" />
  <testcase classname="ptolemy.vergil.basic.export.test.junit.ExportModelJUnitTestBatch6" name="[83] ptolemy/domains/sdf/demo/FixPoint/FixPoint.xml (RunExportModel)" time="4.159" />
  <testcase classname="ptolemy.vergil.basic.export.test.junit.ExportModelJUnitTestBatch6" name="[84] ptolemy/domains/sdf/demo/FourierSeries/FourierSeries.xml (RunExportModel)" time="4.19" />
  <testcase classname="ptolemy.vergil.basic.export.test.junit.ExportModelJUnitTestBatch6" name="[85] ptolemy/domains/sdf/demo/Gravitation/Gravitation.xml (RunExportModel)" time="16.182" />
  <testcase classname="ptolemy.vergil.basic.export.test.junit.ExportModelJUnitTestBatch6" name="[86] ptolemy/domains/sdf/demo/Gravitation/GravitationWithCollisionDetection.xml (RunExportModel)" time="34.322" />
  <testcase classname="ptolemy.vergil.basic.export.test.junit.ExportModelJUnitTestBatch6" name="[87] ptolemy/domains/sdf/demo/HTVQ/HTVQ.xml (RunExportModel)" time="4.639" />
  <testcase classname="ptolemy.vergil.basic.export.test.junit.ExportModelJUnitTestBatch6" name="[88] ptolemy/domains/sdf/demo/LMSAdaptive/LMSAdaptive.xml (RunExportModel)" time="34.189" />
  <testcase classname="ptolemy.vergil.basic.export.test.junit.ExportModelJUnitTestBatch6" name="[89] ptolemy/domains/sdf/demo/LogisticMap/LogisticMap.xml (RunExportModel)" time="34.185" />
  <testcase classname="ptolemy.vergil.basic.export.test.junit.ExportModelJUnitTestBatch6" name="[90] ptolemy/domains/sdf/demo/MaximumEntropySpectrum/MaximumEntropySpectrum.xml (RunExportModel)" time="4.582" />
  <testcase classname="ptolemy.vergil.basic.export.test.junit.ExportModelJUnitTestBatch6" name="[91] ptolemy/domains/sdf/demo/ModelDisplay/ModelDisplay.xml (RunExportModel)" time="34.281" />
  <testcase classname="ptolemy.vergil.basic.export.test.junit.ExportModelJUnitTestBatch6" name="[92] ptolemy/domains/sdf/demo/MultipleRuns/MultipleRuns.xml (RunExportModel)" time="4.34" />
  <testcase classname="ptolemy.vergil.basic.export.test.junit.ExportModelJUnitTestBatch6" name="[93] ptolemy/domains/sdf/demo/NoisySinewave/NoisySinewave.xml (RunExportModel)" time="4.327" />
  <testcase classname="ptolemy.vergil.basic.export.test.junit.ExportModelJUnitTestBatch6" name="[94] ptolemy/domains/sdf/demo/OrthogonalCom/OrthogonalCom.xml (RunExportModel)" time="4.248" />
  <testcase classname="ptolemy.vergil.basic.export.test.junit.ExportModelJUnitTestBatch6" name="[95] ptolemy/domains/sdf/demo/RijndaelEncryption/RijndaelEncryption.xml (RunExportModel)" time="5.526" />
  <testcase classname="ptolemy.vergil.basic.export.test.junit.ExportModelJUnitTestBatch6" name="[96] ptolemy/domains/sdf/demo/Sketch/Sketch.xml (RunExportModel)" time="4.217" />
  <testcase classname="ptolemy.vergil.basic.export.test.junit.ExportModelJUnitTestBatch6" name="[97] ptolemy/domains/sdf/demo/SoundSpectrum/SoundSpectrum.xml (RunExportModel)" time="3.17" />
  <testcase classname="ptolemy.vergil.basic.export.test.junit.ExportModelJUnitTestBatch6" name="[98] ptolemy/domains/sdf/demo/Spectrum/Spectrum.xml (RunExportModel)" time="4.291" />
  <testcase classname="ptolemy.vergil.basic.export.test.junit.ExportModelJUnitTestBatch6" name="[99] ptolemy/domains/sdf/demo/SynthesizedVoice/SynthesizedVoice.xml (RunExportModel)" time="3.141" />
  <system-out><![CDATA[ExportModeJUnitTestBatch: There are 756 demos. Exporting demos: 591 to 690.
####### 1 Mon Jul 16 02:19:59 UTC 2018 $PTII/bin/ptinvoke ptolemy.vergil.basic.export.ExportModel -force htm  -openComposites -timeOut 30000 -whiteBackground ptolemy/domains/modal/demo/SystemLevelType/PNDomain.xml $PTII/ptolemy/domains/modal/demo/SystemLevelType/PNDomain
Warning: not running ptolemy/domains/modal/demo/SystemLevelType/PNDomain.xml. See ptolemy/vergil/basic/export/test/junit/ExportModelJUnitTest.java
Exported /home/travis/build/icyphy/ptII/ptolemy/domains/modal/demo/SystemLevelType/PNDomain/index.html
6334 ms. Memory: 153600K Free: 132004K (86%)
####### 2 Mon Jul 16 02:20:05 UTC 2018 $PTII/bin/ptinvoke ptolemy.vergil.basic.export.ExportModel -force htm  -openComposites -timeOut 30000 -whiteBackground ptolemy/domains/modal/demo/SystemLevelType/PNDomain_PolyActor.xml $PTII/ptolemy/domains/modal/demo/SystemLevelType/PNDomain_PolyActor
Warning: not running ptolemy/domains/modal/demo/SystemLevelType/PNDomain_PolyActor.xml. See ptolemy/vergil/basic/export/test/junit/ExportModelJUnitTest.java
Exported /home/travis/build/icyphy/ptII/ptolemy/domains/modal/demo/SystemLevelType/PNDomain_PolyActor/index.html
3570 ms. Memory: 176128K Free: 132561K (75%)
####### 3 Mon Jul 16 02:20:09 UTC 2018 $PTII/bin/ptinvoke ptolemy.vergil.basic.export.ExportModel -force htm  -openComposites -timeOut 30000 -whiteBackground ptolemy/domains/modal/demo/SystemLevelType/PNDomain_SDFActor.xml $PTII/ptolemy/domains/modal/demo/SystemLevelType/PNDomain_SDFActor
Warning: not running ptolemy/domains/modal/demo/SystemLevelType/PNDomain_SDFActor.xml. See ptolemy/vergil/basic/export/test/junit/ExportModelJUnitTest.java
Exported /home/travis/build/icyphy/ptII/ptolemy/domains/modal/demo/SystemLevelType/PNDomain_SDFActor/index.html
3483 ms. Memory: 210944K Free: 166070K (79%)
####### 4 Mon Jul 16 02:20:12 UTC 2018 $PTII/bin/ptinvoke ptolemy.vergil.basic.export.ExportModel -force htm  -openComposites -timeOut 30000 -whiteBackground ptolemy/domains/modal/demo/SystemLevelType/PolyActor.xml $PTII/ptolemy/domains/modal/demo/SystemLevelType/PolyActor
Warning: not running ptolemy/domains/modal/demo/SystemLevelType/PolyActor.xml. See ptolemy/vergil/basic/export/test/junit/ExportModelJUnitTest.java
Exported /home/travis/build/icyphy/ptII/ptolemy/domains/modal/demo/SystemLevelType/PolyActor/index.html
3305 ms. Memory: 210944K Free: 185445K (88%)
####### 5 Mon Jul 16 02:20:16 UTC 2018 $PTII/bin/ptinvoke ptolemy.vergil.basic.export.ExportModel -force htm  -openComposites -timeOut 30000 -whiteBackground ptolemy/domains/modal/demo/SystemLevelType/SDFActor.xml $PTII/ptolemy/domains/modal/demo/SystemLevelType/SDFActor
Warning: not running ptolemy/domains/modal/demo/SystemLevelType/SDFActor.xml. See ptolemy/vergil/basic/export/test/junit/ExportModelJUnitTest.java
Exported /home/travis/build/icyphy/ptII/ptolemy/domains/modal/demo/SystemLevelType/SDFActor/index.html
3328 ms. Memory: 210944K Free: 64645K (31%)
####### 6 Mon Jul 16 02:20:19 UTC 2018 $PTII/bin/ptinvoke ptolemy.vergil.basic.export.ExportModel -force htm  -openComposites -timeOut 30000 -whiteBackground ptolemy/domains/modal/demo/SystemLevelType/SDFDomain.xml $PTII/ptolemy/domains/modal/demo/SystemLevelType/SDFDomain
Warning: not running ptolemy/domains/modal/demo/SystemLevelType/SDFDomain.xml. See ptolemy/vergil/basic/export/test/junit/ExportModelJUnitTest.java
Exported /home/travis/build/icyphy/ptII/ptolemy/domains/modal/demo/SystemLevelType/SDFDomain/index.html
3333 ms. Memory: 250368K Free: 127703K (51%)
####### 7 Mon Jul 16 02:20:22 UTC 2018 $PTII/bin/ptinvoke ptolemy.vergil.basic.export.ExportModel -force htm  -openComposites -timeOut 30000 -whiteBackground ptolemy/domains/modal/demo/SystemLevelType/SDFDomain_PolyActor.xml $PTII/ptolemy/domains/modal/demo/SystemLevelType/SDFDomain_PolyActor
Warning: not running ptolemy/domains/modal/demo/SystemLevelType/SDFDomain_PolyActor.xml. See ptolemy/vergil/basic/export/test/junit/ExportModelJUnitTest.java
Exported /home/travis/build/icyphy/ptII/ptolemy/domains/modal/demo/SystemLevelType/SDFDomain_PolyActor/index.html
3331 ms. Memory: 254464K Free: 192550K (76%)
####### 8 Mon Jul 16 02:20:26 UTC 2018 $PTII/bin/ptinvoke ptolemy.vergil.basic.export.ExportModel -force htm  -openComposites -timeOut 30000 -whiteBackground ptolemy/domains/modal/demo/SystemLevelType/SDFDomain_SDFActor.xml $PTII/ptolemy/domains/modal/demo/SystemLevelType/SDFDomain_SDFActor
Warning: not running ptolemy/domains/modal/demo/SystemLevelType/SDFDomain_SDFActor.xml. See ptolemy/vergil/basic/export/test/junit/ExportModelJUnitTest.java
Exported /home/travis/build/icyphy/ptII/ptolemy/domains/modal/demo/SystemLevelType/SDFDomain_SDFActor/index.html
3254 ms. Memory: 254464K Free: 63004K (25%)
####### 9 Mon Jul 16 02:20:29 UTC 2018 $PTII/bin/ptinvoke ptolemy.vergil.basic.export.ExportModel -force htm  -openComposites -timeOut 30000 -whiteBackground ptolemy/domains/modal/demo/SystemLevelType/ThreadA.xml $PTII/ptolemy/domains/modal/demo/SystemLevelType/ThreadA
Warning: not running ptolemy/domains/modal/demo/SystemLevelType/ThreadA.xml. See ptolemy/vergil/basic/export/test/junit/ExportModelJUnitTest.java
Exported /home/travis/build/icyphy/ptII/ptolemy/domains/modal/demo/SystemLevelType/ThreadA/index.html
3257 ms. Memory: 291328K Free: 185563K (64%)
####### 10 Mon Jul 16 02:20:32 UTC 2018 $PTII/bin/ptinvoke ptolemy.vergil.basic.export.ExportModel -force htm  -openComposites -timeOut 30000 -whiteBackground ptolemy/domains/modal/demo/SystemLevelType/ThreadA_Monitor_ThreadB.xml $PTII/ptolemy/domains/modal/demo/SystemLevelType/ThreadA_Monitor_ThreadB
Warning: not running ptolemy/domains/modal/demo/SystemLevelType/ThreadA_Monitor_ThreadB.xml. See ptolemy/vergil/basic/export/test/junit/ExportModelJUnitTest.java
Exported /home/travis/build/icyphy/ptII/ptolemy/domains/modal/demo/SystemLevelType/ThreadA_Monitor_ThreadB/index.html
3297 ms. Memory: 291328K Free: 41244K (14%)
####### 11 Mon Jul 16 02:20:36 UTC 2018 $PTII/bin/ptinvoke ptolemy.vergil.basic.export.ExportModel -force htm  -openComposites -timeOut 30000 -whiteBackground ptolemy/domains/modal/demo/SystemLevelType/ThreadB.xml $PTII/ptolemy/domains/modal/demo/SystemLevelType/ThreadB
Warning: not running ptolemy/domains/modal/demo/SystemLevelType/ThreadB.xml. See ptolemy/vergil/basic/export/test/junit/ExportModelJUnitTest.java
Exported /home/travis/build/icyphy/ptII/ptolemy/domains/modal/demo/SystemLevelType/ThreadB/index.html
3261 ms. Memory: 292864K Free: 164024K (56%)
####### 12 Mon Jul 16 02:20:39 UTC 2018 $PTII/bin/ptinvoke ptolemy.vergil.basic.export.ExportModel -force htm  -openComposites -timeOut 30000 -whiteBackground ptolemy/domains/modal/demo/SystemLevelType/ThreadBNotifies.xml $PTII/ptolemy/domains/modal/demo/SystemLevelType/ThreadBNotifies
Warning: not running ptolemy/domains/modal/demo/SystemLevelType/ThreadBNotifies.xml. See ptolemy/vergil/basic/export/test/junit/ExportModelJUnitTest.java
Exported /home/travis/build/icyphy/ptII/ptolemy/domains/modal/demo/SystemLevelType/ThreadBNotifies/index.html
3255 ms. Memory: 292864K Free: 51508K (18%)
####### 13 Mon Jul 16 02:20:42 UTC 2018 $PTII/bin/ptinvoke ptolemy.vergil.basic.export.ExportModel -force htm  -openComposites -timeOut 30000 -whiteBackground ptolemy/domains/modal/demo/SystemLevelType/Trigger.xml $PTII/ptolemy/domains/modal/demo/SystemLevelType/Trigger
Warning: not running ptolemy/domains/modal/demo/SystemLevelType/Trigger.xml. See ptolemy/vergil/basic/export/test/junit/ExportModelJUnitTest.java
Exported /home/travis/build/icyphy/ptII/ptolemy/domains/modal/demo/SystemLevelType/Trigger/index.html
3167 ms. Memory: 322560K Free: 206650K (64%)
####### 14 Mon Jul 16 02:20:45 UTC 2018 $PTII/bin/ptinvoke ptolemy.vergil.basic.export.ExportModel -force htm  -openComposites -timeOut 30000 -whiteBackground ptolemy/domains/modal/demo/SystemLevelType/UNKNOWN.xml $PTII/ptolemy/domains/modal/demo/SystemLevelType/UNKNOWN
Warning: not running ptolemy/domains/modal/demo/SystemLevelType/UNKNOWN.xml. See ptolemy/vergil/basic/export/test/junit/ExportModelJUnitTest.java
Exported /home/travis/build/icyphy/ptII/ptolemy/domains/modal/demo/SystemLevelType/UNKNOWN/index.html
3130 ms. Memory: 322560K Free: 85240K (26%)
####### 15 Mon Jul 16 02:20:48 UTC 2018 $PTII/bin/ptinvoke ptolemy.vergil.basic.export.ExportModel -force htm  -openComposites -timeOut 30000 -whiteBackground ptolemy/domains/openmodelica/demo/OpenModelica/OpenModelicaInteractive.xml $PTII/ptolemy/domains/openmodelica/demo/OpenModelica/OpenModelicaInteractive
Warning: not running ptolemy/domains/openmodelica/demo/OpenModelica/OpenModelicaInteractive.xml. See ptolemy/vergil/basic/export/test/junit/ExportModelJUnitTest.java
Exported /home/travis/build/icyphy/ptII/ptolemy/domains/openmodelica/demo/OpenModelica/OpenModelicaInteractive/index.html
3296 ms. Memory: 328704K Free: 135344K (41%)
####### 16 Mon Jul 16 02:20:52 UTC 2018 $PTII/bin/ptinvoke ptolemy.vergil.basic.export.ExportModel -force htm -run -openComposites -timeOut 30000 -whiteBackground ptolemy/domains/petrinet/demo/PetriNetDiningPhilosophers/PetriNetDiningPhilosophers.xml $PTII/ptolemy/domains/petrinet/demo/PetriNetDiningPhilosophers/PetriNetDiningPhilosophers
Running .PetriNetDiningPhilosophers
51 ms. Memory: 357888K Free: 296564K (83%)
Exported /home/travis/build/icyphy/ptII/ptolemy/domains/petrinet/demo/PetriNetDiningPhilosophers/PetriNetDiningPhilosophers/index.html
4803 ms. Memory: 358400K Free: 266416K (74%)
####### 17 Mon Jul 16 02:20:56 UTC 2018 $PTII/bin/ptinvoke ptolemy.vergil.basic.export.ExportModel -force htm -run -openComposites -timeOut 30000 -whiteBackground ptolemy/domains/petrinet/demo/PetriNetSimple/PetriNetSimple.xml $PTII/ptolemy/domains/petrinet/demo/PetriNetSimple/PetriNetSimple
Running .PetriNetSimple
19 ms. Memory: 358400K Free: 175074K (49%)
Exported /home/travis/build/icyphy/ptII/ptolemy/domains/petrinet/demo/PetriNetSimple/PetriNetSimple/index.html
4260 ms. Memory: 358400K Free: 122339K (34%)
####### 18 Mon Jul 16 02:21:01 UTC 2018 $PTII/bin/ptinvoke ptolemy.vergil.basic.export.ExportModel -force htm -run -openComposites -timeOut 30000 -whiteBackground ptolemy/domains/pn/demo/BrockAckerman/BrockAckerman.xml $PTII/ptolemy/domains/pn/demo/BrockAckerman/BrockAckerman
Running .BrockAckerman
68 ms. Memory: 391680K Free: 245161K (63%)
Exported /home/travis/build/icyphy/ptII/ptolemy/domains/pn/demo/BrockAckerman/BrockAckerman/index.html
4840 ms. Memory: 391680K Free: 73327K (19%)
####### 19 Mon Jul 16 02:21:06 UTC 2018 $PTII/bin/ptinvoke ptolemy.vergil.basic.export.ExportModel -force htm -run -openComposites -timeOut 30000 -whiteBackground ptolemy/domains/pn/demo/CounterMachine/CounterMachine.xml $PTII/ptolemy/domains/pn/demo/CounterMachine/CounterMachine
Running .CounterMachine
ExportHTMLTimer went off after 30000 ms., calling getDirector().finish and getDirector().stopFire()
30018 ms. Memory: 512000K Free: 231053K (45%)
Exported /home/travis/build/icyphy/ptII/ptolemy/domains/pn/demo/CounterMachine/CounterMachine/index.html
39545 ms. Memory: 673280K Free: 511063K (76%)
####### 20 Mon Jul 16 02:21:45 UTC 2018 $PTII/bin/ptinvoke ptolemy.vergil.basic.export.ExportModel -force htm -run -openComposites -timeOut 30000 -whiteBackground ptolemy/domains/pn/demo/CounterMachine/CounterMachinePrelim.xml $PTII/ptolemy/domains/pn/demo/CounterMachine/CounterMachinePrelim
Running .CounterMachinePrelim
120 ms. Memory: 673280K Free: 187407K (28%)
Exported /home/travis/build/icyphy/ptII/ptolemy/domains/pn/demo/CounterMachine/CounterMachinePrelim/index.html
6483 ms. Memory: 720896K Free: 263351K (37%)
####### 21 Mon Jul 16 02:21:52 UTC 2018 $PTII/bin/ptinvoke ptolemy.vergil.basic.export.ExportModel -force htm -run -openComposites -timeOut 30000 -whiteBackground ptolemy/domains/pn/demo/CounterMachine/CounterMachineWithException.xml $PTII/ptolemy/domains/pn/demo/CounterMachine/CounterMachineWithException
Running .CounterMachineWithException
336 ms. Memory: 815104K Free: 694951K (85%)
Exported /home/travis/build/icyphy/ptII/ptolemy/domains/pn/demo/CounterMachine/CounterMachineWithException/index.html
9466 ms. Memory: 931840K Free: 168542K (18%)
####### 22 Mon Jul 16 02:22:01 UTC 2018 $PTII/bin/ptinvoke ptolemy.vergil.basic.export.ExportModel -force htm -run -openComposites -timeOut 30000 -whiteBackground ptolemy/domains/pn/demo/NondeterministicMerge/NondeterministicMerge.xml $PTII/ptolemy/domains/pn/demo/NondeterministicMerge/NondeterministicMerge
Running .NondeterministicMerge
ExportHTMLTimer went off after 30000 ms., calling getDirector().finish and getDirector().stopFire()
30011 ms. Memory: 936960K Free: 874038K (93%)
Exported /home/travis/build/icyphy/ptII/ptolemy/domains/pn/demo/NondeterministicMerge/NondeterministicMerge/index.html
34256 ms. Memory: 936960K Free: 816492K (87%)
####### 23 Mon Jul 16 02:22:35 UTC 2018 $PTII/bin/ptinvoke ptolemy.vergil.basic.export.ExportModel -force htm -run -openComposites -timeOut 30000 -whiteBackground ptolemy/domains/pn/demo/NondeterministicMergeWithFeedback/NondeterministicMergeWithFeedback.xml $PTII/ptolemy/domains/pn/demo/NondeterministicMergeWithFeedback/NondeterministicMergeWithFeedback
Running .NondeterministicMergeWithFeedback
88 ms. Memory: 936960K Free: 704657K (75%)
Exported /home/travis/build/icyphy/ptII/ptolemy/domains/pn/demo/NondeterministicMergeWithFeedback/NondeterministicMergeWithFeedback/index.html
4282 ms. Memory: 936960K Free: 628361K (67%)
####### 24 Mon Jul 16 02:22:40 UTC 2018 $PTII/bin/ptinvoke ptolemy.vergil.basic.export.ExportModel -force htm -run -openComposites -timeOut 30000 -whiteBackground ptolemy/domains/pn/demo/OrderedMerge/OrderedMerge.xml $PTII/ptolemy/domains/pn/demo/OrderedMerge/OrderedMerge
Running .OrderedMerge
184 ms. Memory: 936960K Free: 505973K (54%)
Exported /home/travis/build/icyphy/ptII/ptolemy/domains/pn/demo/OrderedMerge/OrderedMerge/index.html
4371 ms. Memory: 936960K Free: 471519K (50%)
####### 25 Mon Jul 16 02:22:44 UTC 2018 $PTII/bin/ptinvoke ptolemy.vergil.basic.export.ExportModel -force htm -run -openComposites -timeOut 30000 -whiteBackground ptolemy/domains/pn/demo/QR/QR.xml $PTII/ptolemy/domains/pn/demo/QR/QR
Running .QR
39 ms. Memory: 936960K Free: 362369K (39%)
Exported /home/travis/build/icyphy/ptII/ptolemy/domains/pn/demo/QR/QR/index.html
4187 ms. Memory: 936960K Free: 325004K (35%)
####### 26 Mon Jul 16 02:22:48 UTC 2018 $PTII/bin/ptinvoke ptolemy.vergil.basic.export.ExportModel -force htm -run -openComposites -timeOut 30000 -whiteBackground ptolemy/domains/pn/demo/RemoveNilTokens/RemoveNilTokens.xml $PTII/ptolemy/domains/pn/demo/RemoveNilTokens/RemoveNilTokens
Running .RemoveNilTokens
27 ms. Memory: 936960K Free: 200167K (21%)
Exported /home/travis/build/icyphy/ptII/ptolemy/domains/pn/demo/RemoveNilTokens/RemoveNilTokens/index.html
4229 ms. Memory: 936960K Free: 173612K (19%)
####### 27 Mon Jul 16 02:22:52 UTC 2018 $PTII/bin/ptinvoke ptolemy.vergil.basic.export.ExportModel -force htm -run -openComposites -timeOut 30000 -whiteBackground ptolemy/domains/pn/demo/Stack/Stack.xml $PTII/ptolemy/domains/pn/demo/Stack/Stack
Running .Stack
99 ms. Memory: 1049088K Free: 803437K (77%)
Exported /home/travis/build/icyphy/ptII/ptolemy/domains/pn/demo/Stack/Stack/index.html
4529 ms. Memory: 1049088K Free: 685634K (65%)
####### 28 Mon Jul 16 02:22:57 UTC 2018 $PTII/bin/ptinvoke ptolemy.vergil.basic.export.ExportModel -force htm -run -openComposites -timeOut 30000 -whiteBackground ptolemy/domains/psdf/demo/BlindCommunication/BlindCommunication.xml $PTII/ptolemy/domains/psdf/demo/BlindCommunication/BlindCommunication
Running .BlindCommunication
1886 ms. Memory: 1049088K Free: 149505K (14%)
Exported /home/travis/build/icyphy/ptII/ptolemy/domains/psdf/demo/BlindCommunication/BlindCommunication/index.html
7460 ms. Memory: 1064960K Free: 676889K (64%)
####### 29 Mon Jul 16 02:23:04 UTC 2018 $PTII/bin/ptinvoke ptolemy.vergil.basic.export.ExportModel -force htm -run -openComposites -timeOut 30000 -whiteBackground ptolemy/domains/psdf/demo/Speech/Speech.xml $PTII/ptolemy/domains/psdf/demo/Speech/Speech
Running .Speech
393 ms. Memory: 1064960K Free: 465115K (44%)
Exported /home/travis/build/icyphy/ptII/ptolemy/domains/psdf/demo/Speech/Speech/index.html
4755 ms. Memory: 1064960K Free: 353375K (33%)
####### 30 Mon Jul 16 02:23:09 UTC 2018 $PTII/bin/ptinvoke ptolemy.vergil.basic.export.ExportModel -force htm -run -openComposites -timeOut 30000 -whiteBackground ptolemy/domains/ptera/demo/AdaptiveCarWash/AdaptiveCarWash.xml $PTII/ptolemy/domains/ptera/demo/AdaptiveCarWash/AdaptiveCarWash
Running .AdaptiveCarWash
709 ms. Memory: 1064960K Free: 72651K (7%)
Exported /home/travis/build/icyphy/ptII/ptolemy/domains/ptera/demo/AdaptiveCarWash/AdaptiveCarWash/index.html
6857 ms. Memory: 1166336K Free: 557695K (48%)
####### 31 Mon Jul 16 02:23:16 UTC 2018 $PTII/bin/ptinvoke ptolemy.vergil.basic.export.ExportModel -force htm -run -openComposites -timeOut 30000 -whiteBackground ptolemy/domains/ptera/demo/AdaptiveCarWash/AdaptiveCarWashFSM.xml $PTII/ptolemy/domains/ptera/demo/AdaptiveCarWash/AdaptiveCarWashFSM
Running .AdaptiveCarWashFSM
423 ms. Memory: 1166336K Free: 317012K (27%)
Exported /home/travis/build/icyphy/ptII/ptolemy/domains/ptera/demo/AdaptiveCarWash/AdaptiveCarWashFSM/index.html
4876 ms. Memory: 1166336K Free: 155377K (13%)
####### 32 Mon Jul 16 02:23:21 UTC 2018 $PTII/bin/ptinvoke ptolemy.vergil.basic.export.ExportModel -force htm -run -openComposites -timeOut 30000 -whiteBackground ptolemy/domains/ptera/demo/CarWash/CarWash.xml $PTII/ptolemy/domains/ptera/demo/CarWash/CarWash
Running .CarWash
154 ms. Memory: 1176576K Free: 1003644K (85%)
Exported /home/travis/build/icyphy/ptII/ptolemy/domains/ptera/demo/CarWash/CarWash/index.html
4550 ms. Memory: 1176576K Free: 970441K (82%)
####### 33 Mon Jul 16 02:23:25 UTC 2018 $PTII/bin/ptinvoke ptolemy.vergil.basic.export.ExportModel -force htm -run -openComposites -timeOut 30000 -whiteBackground ptolemy/domains/ptera/demo/CarWash/CarWashDE.xml $PTII/ptolemy/domains/ptera/demo/CarWash/CarWashDE
Running .CarWashDE
176 ms. Memory: 1176576K Free: 814867K (69%)
Exported /home/travis/build/icyphy/ptII/ptolemy/domains/ptera/demo/CarWash/CarWashDE/index.html
4489 ms. Memory: 1176576K Free: 680800K (58%)
####### 34 Mon Jul 16 02:23:30 UTC 2018 $PTII/bin/ptinvoke ptolemy.vergil.basic.export.ExportModel -force htm -run -openComposites -timeOut 30000 -whiteBackground ptolemy/domains/ptera/demo/SimultaneousCarWash/SimultaneousCarWash.xml $PTII/ptolemy/domains/ptera/demo/SimultaneousCarWash/SimultaneousCarWash
Running .SimultaneousCarWash
295 ms. Memory: 1176576K Free: 469487K (40%)
Exported /home/travis/build/icyphy/ptII/ptolemy/domains/ptera/demo/SimultaneousCarWash/SimultaneousCarWash/index.html
4609 ms. Memory: 1176576K Free: 283096K (24%)
####### 35 Mon Jul 16 02:23:35 UTC 2018 $PTII/bin/ptinvoke ptolemy.vergil.basic.export.ExportModel -force htm -run -openComposites -timeOut 30000 -whiteBackground ptolemy/domains/ptera/demo/TrafficLight/TrafficLight.xml $PTII/ptolemy/domains/ptera/demo/TrafficLight/TrafficLight
Running .TrafficLight
ExportHTMLTimer went off after 30000 ms., calling getDirector().finish and getDirector().stopFire()
30001 ms. Memory: 1176576K Free: 106325K (9%)
Exported /home/travis/build/icyphy/ptII/ptolemy/domains/ptera/demo/TrafficLight/TrafficLight/index.html
34588 ms. Memory: 1261056K Free: 903039K (72%)
####### 36 Mon Jul 16 02:24:09 UTC 2018 $PTII/bin/ptinvoke ptolemy.vergil.basic.export.ExportModel -force htm -run -openComposites -timeOut 30000 -whiteBackground ptolemy/domains/pthales/demo/AdaptiveBeamForming/AdaptiveBeamForming.xml $PTII/ptolemy/domains/pthales/demo/AdaptiveBeamForming/AdaptiveBeamForming
Running .AdaptiveBeamForming
1958 ms. Memory: 1259008K Free: 724997K (58%)
Exported /home/travis/build/icyphy/ptII/ptolemy/domains/pthales/demo/AdaptiveBeamForming/AdaptiveBeamForming/index.html
6204 ms. Memory: 1259008K Free: 663229K (53%)
####### 37 Mon Jul 16 02:24:15 UTC 2018 $PTII/bin/ptinvoke ptolemy.vergil.basic.export.ExportModel -force htm -run -openComposites -timeOut 30000 -whiteBackground ptolemy/domains/pthales/demo/FFT/FFT.xml $PTII/ptolemy/domains/pthales/demo/FFT/FFT
Running .FFT
210 ms. Memory: 1273856K Free: 1237562K (97%)
Exported /home/travis/build/icyphy/ptII/ptolemy/domains/pthales/demo/FFT/FFT/index.html
4666 ms. Memory: 1273856K Free: 1024092K (80%)
####### 38 Mon Jul 16 02:24:20 UTC 2018 $PTII/bin/ptinvoke ptolemy.vergil.basic.export.ExportModel -force htm -run -openComposites -timeOut 30000 -whiteBackground ptolemy/domains/pthales/demo/HelloWorld/HelloWorld.xml $PTII/ptolemy/domains/pthales/demo/HelloWorld/HelloWorld
Running .HelloWorld
159 ms. Memory: 1274880K Free: 1242973K (97%)
Exported /home/travis/build/icyphy/ptII/ptolemy/domains/pthales/demo/HelloWorld/HelloWorld/index.html
4381 ms. Memory: 1274880K Free: 1163871K (91%)
####### 39 Mon Jul 16 02:24:24 UTC 2018 $PTII/bin/ptinvoke ptolemy.vergil.basic.export.ExportModel -force htm -run -openComposites -timeOut 30000 -whiteBackground ptolemy/domains/pthales/demo/Illustrative/Illustrative.xml $PTII/ptolemy/domains/pthales/demo/Illustrative/Illustrative
Running .Illustrative
204 ms. Memory: 1274880K Free: 1189384K (93%)
Exported /home/travis/build/icyphy/ptII/ptolemy/domains/pthales/demo/Illustrative/Illustrative/index.html
4600 ms. Memory: 1274880K Free: 945132K (74%)
####### 40 Mon Jul 16 02:24:29 UTC 2018 $PTII/bin/ptinvoke ptolemy.vergil.basic.export.ExportModel -force htm -run -openComposites -timeOut 30000 -whiteBackground ptolemy/domains/ptides/demo/ActuatorPattern/ActuatorPattern.xml $PTII/ptolemy/domains/ptides/demo/ActuatorPattern/ActuatorPattern
Running .ActuatorPattern
38 ms. Memory: 1274880K Free: 816824K (64%)
Exported /home/travis/build/icyphy/ptII/ptolemy/domains/ptides/demo/ActuatorPattern/ActuatorPattern/index.html
4349 ms. Memory: 1274880K Free: 667621K (52%)
####### 41 Mon Jul 16 02:24:33 UTC 2018 $PTII/bin/ptinvoke ptolemy.vergil.basic.export.ExportModel -force htm -run -openComposites -timeOut 30000 -whiteBackground ptolemy/domains/ptides/demo/Controller/Controller.xml $PTII/ptolemy/domains/ptides/demo/Controller/Controller
Running .Controller
WARNING: The execution aspects in this model can influence the timing of actors by delaying the 
execution, potentially changing the behavior. There is no guarantee that actors fire at the 
time they request to be fired. 
Use Ptides for deterministic DE behavior that is not influenced by execution aspects. 

ExportHTMLTimer went off after 30000 ms., calling getDirector().finish and getDirector().stopFire()
30014 ms. Memory: 1365504K Free: 610046K (45%)
Exported /home/travis/build/icyphy/ptII/ptolemy/domains/ptides/demo/Controller/Controller/index.html
37060 ms. Memory: 1457152K Free: 810364K (56%)
####### 42 Mon Jul 16 02:25:10 UTC 2018 $PTII/bin/ptinvoke ptolemy.vergil.basic.export.ExportModel -force htm -run -openComposites -timeOut 30000 -whiteBackground ptolemy/domains/ptides/demo/CoSimulation/CoSimulation.xml $PTII/ptolemy/domains/ptides/demo/CoSimulation/CoSimulation
Running .CoSimulation
938 ms. Memory: 1457152K Free: 278610K (19%)
Exported /home/travis/build/icyphy/ptII/ptolemy/domains/ptides/demo/CoSimulation/CoSimulation/index.html
7949 ms. Memory: 1459712K Free: 911123K (62%)
####### 43 Mon Jul 16 02:25:18 UTC 2018 $PTII/bin/ptinvoke ptolemy.vergil.basic.export.ExportModel -force htm -run -openComposites -timeOut 30000 -whiteBackground ptolemy/domains/ptides/demo/DistributedPowerPlant/DistributedPowerPlant.xml $PTII/ptolemy/domains/ptides/demo/DistributedPowerPlant/DistributedPowerPlant
Running .DistributedPowerPlant
303 ms. Memory: 1459712K Free: 627630K (43%)
Exported /home/travis/build/icyphy/ptII/ptolemy/domains/ptides/demo/DistributedPowerPlant/DistributedPowerPlant/index.html
6830 ms. Memory: 1567232K Free: 1183153K (75%)
####### 44 Mon Jul 16 02:25:25 UTC 2018 $PTII/bin/ptinvoke ptolemy.vergil.basic.export.ExportModel -force htm -run -openComposites -timeOut 30000 -whiteBackground ptolemy/domains/ptides/demo/LocalSource/LocalSource.xml $PTII/ptolemy/domains/ptides/demo/LocalSource/LocalSource
Running .LocalSource
13 ms. Memory: 1567232K Free: 1071923K (68%)
Exported /home/travis/build/icyphy/ptII/ptolemy/domains/ptides/demo/LocalSource/LocalSource/index.html
4185 ms. Memory: 1567232K Free: 999741K (64%)
####### 45 Mon Jul 16 02:25:29 UTC 2018 $PTII/bin/ptinvoke ptolemy.vergil.basic.export.ExportModel -force htm -run -openComposites -timeOut 30000 -whiteBackground ptolemy/domains/ptides/demo/MixedSimulator/MixedSimulator.xml $PTII/ptolemy/domains/ptides/demo/MixedSimulator/MixedSimulator
Running .MixedSimulator
63 ms. Memory: 1567232K Free: 845080K (54%)
Exported /home/travis/build/icyphy/ptII/ptolemy/domains/ptides/demo/MixedSimulator/MixedSimulator/index.html
4331 ms. Memory: 1567232K Free: 693257K (44%)
####### 46 Mon Jul 16 02:25:34 UTC 2018 $PTII/bin/ptinvoke ptolemy.vergil.basic.export.ExportModel -force htm -run -openComposites -timeOut 30000 -whiteBackground ptolemy/domains/ptides/demo/MultiPlatformTDMA/MultiPlatformTDMA.xml $PTII/ptolemy/domains/ptides/demo/MultiPlatformTDMA/MultiPlatformTDMA
Running .MultiPlatformTDMA
173 ms. Memory: 1567232K Free: 441967K (28%)
Exported /home/travis/build/icyphy/ptII/ptolemy/domains/ptides/demo/MultiPlatformTDMA/MultiPlatformTDMA/index.html
4853 ms. Memory: 1567232K Free: 147675K (9%)
####### 47 Mon Jul 16 02:25:39 UTC 2018 $PTII/bin/ptinvoke ptolemy.vergil.basic.export.ExportModel -force htm -run -openComposites -timeOut 30000 -whiteBackground ptolemy/domains/ptides/demo/MultipleCores/MultipleCores.xml $PTII/ptolemy/domains/ptides/demo/MultipleCores/MultipleCores
Running .MultipleCores
26 ms. Memory: 1572352K Free: 1452878K (92%)
Exported /home/travis/build/icyphy/ptII/ptolemy/domains/ptides/demo/MultipleCores/MultipleCores/index.html
4319 ms. Memory: 1572352K Free: 1373881K (87%)
####### 48 Mon Jul 16 02:25:43 UTC 2018 $PTII/bin/ptinvoke ptolemy.vergil.basic.export.ExportModel -force htm -run -openComposites -timeOut 30000 -whiteBackground ptolemy/domains/ptides/demo/PowerManagementUnitSamplingWithoutCurrentLocalTime/PowerManagementUnitSamplingWithoutCurrentLocalTime.xml $PTII/ptolemy/domains/ptides/demo/PowerManagementUnitSamplingWithoutCurrentLocalTime/PowerManagementUnitSamplingWithoutCurrentLocalTime
Running .PowerManagementUnitSamplingWithoutCurrentLocalTime
100 ms. Memory: 1572352K Free: 1086798K (69%)
Exported /home/travis/build/icyphy/ptII/ptolemy/domains/ptides/demo/PowerManagementUnitSamplingWithoutCurrentLocalTime/PowerManagementUnitSamplingWithoutCurrentLocalTime/index.html
6896 ms. Memory: 1687040K Free: 1345225K (80%)
####### 49 Mon Jul 16 02:25:50 UTC 2018 $PTII/bin/ptinvoke ptolemy.vergil.basic.export.ExportModel -force htm -run -openComposites -timeOut 30000 -whiteBackground ptolemy/domains/ptides/demo/PowerPlant/PowerPlant.xml $PTII/ptolemy/domains/ptides/demo/PowerPlant/PowerPlant
Running .PowerPlant
226 ms. Memory: 1687040K Free: 1086987K (64%)
Exported /home/travis/build/icyphy/ptII/ptolemy/domains/ptides/demo/PowerPlant/PowerPlant/index.html
6204 ms. Memory: 1687040K Free: 350230K (21%)
####### 50 Mon Jul 16 02:25:56 UTC 2018 $PTII/bin/ptinvoke ptolemy.vergil.basic.export.ExportModel -force htm -run -openComposites -timeOut 30000 -whiteBackground ptolemy/domains/ptides/demo/PrintingPress/PrintingPress.xml $PTII/ptolemy/domains/ptides/demo/PrintingPress/PrintingPress
Running .PrintingPress
ExportHTMLTimer went off after 30000 ms., calling getDirector().finish and getDirector().stopFire()
30005 ms. Memory: 1739776K Free: 1570720K (90%)
Exported /home/travis/build/icyphy/ptII/ptolemy/domains/ptides/demo/PrintingPress/PrintingPress/index.html
61037 ms. Memory: 1721856K Free: 1372715K (80%)
####### 51 Mon Jul 16 02:26:57 UTC 2018 $PTII/bin/ptinvoke ptolemy.vergil.basic.export.ExportModel -force htm -run -openComposites -timeOut 30000 -whiteBackground ptolemy/domains/ptides/demo/PrintingPress/PrintingPress_AnimationsOnly.xml $PTII/ptolemy/domains/ptides/demo/PrintingPress/PrintingPress_AnimationsOnly
Running .PrintingPress_AnimationsOnly
12342 ms. Memory: 1718784K Free: 1095416K (64%)
Exported /home/travis/build/icyphy/ptII/ptolemy/domains/ptides/demo/PrintingPress/PrintingPress_AnimationsOnly/index.html
18140 ms. Memory: 1718784K Free: 378862K (22%)
####### 52 Mon Jul 16 02:27:15 UTC 2018 $PTII/bin/ptinvoke ptolemy.vergil.basic.export.ExportModel -force htm -run -openComposites -timeOut 30000 -whiteBackground ptolemy/domains/ptides/demo/PtidesSynchrophasor/PtidesSynchrophasor.xml $PTII/ptolemy/domains/ptides/demo/PtidesSynchrophasor/PtidesSynchrophasor
Running .PtidesSynchrophasor
1826 ms. Memory: 1721344K Free: 1356795K (79%)
Exported /home/travis/build/icyphy/ptII/ptolemy/domains/ptides/demo/PtidesSynchrophasor/PtidesSynchrophasor/index.html
7797 ms. Memory: 1721344K Free: 453461K (26%)
####### 53 Mon Jul 16 02:27:23 UTC 2018 $PTII/bin/ptinvoke ptolemy.vergil.basic.export.ExportModel -force htm -run -openComposites -timeOut 30000 -whiteBackground ptolemy/domains/ptides/demo/SRinPtides/SRinPtides.xml $PTII/ptolemy/domains/ptides/demo/SRinPtides/SRinPtides
Running .SRinPtides
41 ms. Memory: 1721344K Free: 211819K (12%)
Exported /home/travis/build/icyphy/ptII/ptolemy/domains/ptides/demo/SRinPtides/SRinPtides/index.html
5854 ms. Memory: 1720320K Free: 1084076K (63%)
####### 54 Mon Jul 16 02:27:29 UTC 2018 $PTII/bin/ptinvoke ptolemy.vergil.basic.export.ExportModel -force htm -run -openComposites -timeOut 30000 -whiteBackground ptolemy/domains/ptides/demo/TREX/TREX.xml $PTII/ptolemy/domains/ptides/demo/TREX/TREX
Running .TREX
ExportHTMLTimer went off after 30000 ms., calling getDirector().finish and getDirector().stopFire()
30002 ms. Memory: 1747968K Free: 140172K (8%)
Exported /home/travis/build/icyphy/ptII/ptolemy/domains/ptides/demo/TREX/TREX/index.html
40465 ms. Memory: 1747456K Free: 555570K (32%)
####### 55 Mon Jul 16 02:28:09 UTC 2018 $PTII/bin/ptinvoke ptolemy.vergil.basic.export.ExportModel -force htm -run -openComposites -timeOut 30000 -whiteBackground ptolemy/domains/ptides/demo/TTE/TTE.xml $PTII/ptolemy/domains/ptides/demo/TTE/TTE
Running .TTE
42 ms. Memory: 1747456K Free: 250955K (14%)
Exported /home/travis/build/icyphy/ptII/ptolemy/domains/ptides/demo/TTE/TTE/index.html
6590 ms. Memory: 1725952K Free: 698915K (40%)
####### 56 Mon Jul 16 02:28:16 UTC 2018 $PTII/bin/ptinvoke ptolemy.vergil.basic.export.ExportModel -force htm -run -openComposites -timeOut 30000 -whiteBackground ptolemy/domains/qss/demo/BouncingBall/BouncingBall.xml $PTII/ptolemy/domains/qss/demo/BouncingBall/BouncingBall
Running .BouncingBall
93 ms. Memory: 1725952K Free: 532983K (31%)
Exported /home/travis/build/icyphy/ptII/ptolemy/domains/qss/demo/BouncingBall/BouncingBall/index.html
4279 ms. Memory: 1725952K Free: 442151K (26%)
####### 57 Mon Jul 16 02:28:20 UTC 2018 $PTII/bin/ptinvoke ptolemy.vergil.basic.export.ExportModel -force htm -run -openComposites -timeOut 30000 -whiteBackground ptolemy/domains/qss/demo/FirstOrder/FirstOrder.xml $PTII/ptolemy/domains/qss/demo/FirstOrder/FirstOrder
Running .FirstOrder
12 ms. Memory: 1725952K Free: 333747K (19%)
Exported /home/travis/build/icyphy/ptII/ptolemy/domains/qss/demo/FirstOrder/FirstOrder/index.html
4139 ms. Memory: 1725952K Free: 280458K (16%)
####### 58 Mon Jul 16 02:28:24 UTC 2018 $PTII/bin/ptinvoke ptolemy.vergil.basic.export.ExportModel -force htm -run -openComposites -timeOut 30000 -whiteBackground ptolemy/domains/qss/demo/FirstOrder/FirstOrderOscillating.xml $PTII/ptolemy/domains/qss/demo/FirstOrder/FirstOrderOscillating
Running .FirstOrderOscillating
17 ms. Memory: 1725952K Free: 166911K (10%)
Exported /home/travis/build/icyphy/ptII/ptolemy/domains/qss/demo/FirstOrder/FirstOrderOscillating/index.html
4136 ms. Memory: 1725952K Free: 115602K (7%)
####### 59 Mon Jul 16 02:28:28 UTC 2018 $PTII/bin/ptinvoke ptolemy.vergil.basic.export.ExportModel -force htm -run -openComposites -timeOut 30000 -whiteBackground ptolemy/domains/qss/demo/HelloWorld/HelloWorld.xml $PTII/ptolemy/domains/qss/demo/HelloWorld/HelloWorld
Running .HelloWorld
17 ms. Memory: 1697280K Free: 1558078K (92%)
Exported /home/travis/build/icyphy/ptII/ptolemy/domains/qss/demo/HelloWorld/HelloWorld/index.html
4279 ms. Memory: 1697280K Free: 1500571K (88%)
####### 60 Mon Jul 16 02:28:33 UTC 2018 $PTII/bin/ptinvoke ptolemy.vergil.basic.export.ExportModel -force htm -run -openComposites -timeOut 30000 -whiteBackground ptolemy/domains/qss/demo/HelloWorld/HelloWorldComputationallyExact.xml $PTII/ptolemy/domains/qss/demo/HelloWorld/HelloWorldComputationallyExact
Running .HelloWorldComputationallyExact
35 ms. Memory: 1697280K Free: 1319049K (78%)
Exported /home/travis/build/icyphy/ptII/ptolemy/domains/qss/demo/HelloWorld/HelloWorldComputationallyExact/index.html
4210 ms. Memory: 1697280K Free: 1189112K (70%)
####### 61 Mon Jul 16 02:28:37 UTC 2018 $PTII/bin/ptinvoke ptolemy.vergil.basic.export.ExportModel -force htm -run -openComposites -timeOut 30000 -whiteBackground ptolemy/domains/qss/demo/HelloWorld/HelloWorldContinuous.xml $PTII/ptolemy/domains/qss/demo/HelloWorld/HelloWorldContinuous
Running .HelloWorldContinuous
6 ms. Memory: 1697280K Free: 1060879K (63%)
Exported /home/travis/build/icyphy/ptII/ptolemy/domains/qss/demo/HelloWorld/HelloWorldContinuous/index.html
4125 ms. Memory: 1697280K Free: 994598K (59%)
####### 62 Mon Jul 16 02:28:41 UTC 2018 $PTII/bin/ptinvoke ptolemy.vergil.basic.export.ExportModel -force htm -run -openComposites -timeOut 30000 -whiteBackground ptolemy/domains/qss/demo/HelloWorld/HelloWorldPropagate.xml $PTII/ptolemy/domains/qss/demo/HelloWorld/HelloWorldPropagate
Running .HelloWorldPropagate
13 ms. Memory: 1697280K Free: 799741K (47%)
Exported /home/travis/build/icyphy/ptII/ptolemy/domains/qss/demo/HelloWorld/HelloWorldPropagate/index.html
4161 ms. Memory: 1697280K Free: 707476K (42%)
####### 63 Mon Jul 16 02:28:45 UTC 2018 $PTII/bin/ptinvoke ptolemy.vergil.basic.export.ExportModel -force htm -run -openComposites -timeOut 30000 -whiteBackground ptolemy/domains/qss/demo/HelloWorld/HelloWorldQSS1.xml $PTII/ptolemy/domains/qss/demo/HelloWorld/HelloWorldQSS1
Running .HelloWorldQSS1
30 ms. Memory: 1697280K Free: 548230K (32%)
Exported /home/travis/build/icyphy/ptII/ptolemy/domains/qss/demo/HelloWorld/HelloWorldQSS1/index.html
4189 ms. Memory: 1697280K Free: 461426K (27%)
####### 64 Mon Jul 16 02:28:49 UTC 2018 $PTII/bin/ptinvoke ptolemy.vergil.basic.export.ExportModel -force htm -run -openComposites -timeOut 30000 -whiteBackground ptolemy/domains/qss/demo/HelloWorld/HelloWorldQSS2.xml $PTII/ptolemy/domains/qss/demo/HelloWorld/HelloWorldQSS2
Running .HelloWorldQSS2
11 ms. Memory: 1697280K Free: 293256K (17%)
Exported /home/travis/build/icyphy/ptII/ptolemy/domains/qss/demo/HelloWorld/HelloWorldQSS2/index.html
4166 ms. Memory: 1697280K Free: 197930K (12%)
####### 65 Mon Jul 16 02:28:54 UTC 2018 $PTII/bin/ptinvoke ptolemy.vergil.basic.export.ExportModel -force htm -run -openComposites -timeOut 30000 -whiteBackground ptolemy/domains/qss/demo/Lorenz/Lorenz.xml $PTII/ptolemy/domains/qss/demo/Lorenz/Lorenz
Running .Lorenz
1575 ms. Memory: 1772544K Free: 1245652K (70%)
Exported /home/travis/build/icyphy/ptII/ptolemy/domains/qss/demo/Lorenz/Lorenz/index.html
5751 ms. Memory: 1772544K Free: 1202903K (68%)
####### 66 Mon Jul 16 02:28:59 UTC 2018 $PTII/bin/ptinvoke ptolemy.vergil.basic.export.ExportModel -force htm -run -openComposites -timeOut 30000 -whiteBackground ptolemy/domains/qss/demo/RLC/RLC.xml $PTII/ptolemy/domains/qss/demo/RLC/RLC
Running .RLC
33 ms. Memory: 1772544K Free: 1052093K (59%)
Exported /home/travis/build/icyphy/ptII/ptolemy/domains/qss/demo/RLC/RLC/index.html
4280 ms. Memory: 1772544K Free: 939021K (53%)
####### 67 Mon Jul 16 02:29:04 UTC 2018 $PTII/bin/ptinvoke ptolemy.vergil.basic.export.ExportModel -force htm -run -openComposites -timeOut 30000 -whiteBackground ptolemy/domains/qss/demo/SecondOrder/SecondOrder.xml $PTII/ptolemy/domains/qss/demo/SecondOrder/SecondOrder
Running .SecondOrder
842 ms. Memory: 1772544K Free: 715152K (40%)
Exported /home/travis/build/icyphy/ptII/ptolemy/domains/qss/demo/SecondOrder/SecondOrder/index.html
4999 ms. Memory: 1772544K Free: 675439K (38%)
####### 68 Mon Jul 16 02:29:09 UTC 2018 $PTII/bin/ptinvoke ptolemy.vergil.basic.export.ExportModel -force htm -run -openComposites -timeOut 30000 -whiteBackground ptolemy/domains/qss/demo/SecondOrder/SecondOrderContinuous.xml $PTII/ptolemy/domains/qss/demo/SecondOrder/SecondOrderContinuous
Running .SecondOrderContinuous
224 ms. Memory: 1772544K Free: 551648K (31%)
Exported /home/travis/build/icyphy/ptII/ptolemy/domains/qss/demo/SecondOrder/SecondOrderContinuous/index.html
4359 ms. Memory: 1772544K Free: 499030K (28%)
####### 69 Mon Jul 16 02:29:13 UTC 2018 $PTII/bin/ptinvoke ptolemy.vergil.basic.export.ExportModel -force htm -run -openComposites -timeOut 30000 -whiteBackground ptolemy/domains/qss/demo/SmoothToken/SmoothToken.xml $PTII/ptolemy/domains/qss/demo/SmoothToken/SmoothToken
Running .SmoothToken
36 ms. Memory: 1772544K Free: 394381K (22%)
Exported /home/travis/build/icyphy/ptII/ptolemy/domains/qss/demo/SmoothToken/SmoothToken/index.html
4167 ms. Memory: 1772544K Free: 350417K (20%)
####### 70 Mon Jul 16 02:29:17 UTC 2018 $PTII/bin/ptinvoke ptolemy.vergil.basic.export.ExportModel -force htm -run -openComposites -timeOut 30000 -whiteBackground ptolemy/domains/qss/demo/Thermal/Thermal.xml $PTII/ptolemy/domains/qss/demo/Thermal/Thermal
Running .Thermal
41 ms. Memory: 1699328K Free: 1581823K (93%)
Exported /home/travis/build/icyphy/ptII/ptolemy/domains/qss/demo/Thermal/Thermal/index.html
4228 ms. Memory: 1699328K Free: 1501498K (88%)
####### 71 Mon Jul 16 02:29:21 UTC 2018 $PTII/bin/ptinvoke ptolemy.vergil.basic.export.ExportModel -force htm -run -openComposites -timeOut 30000 -whiteBackground ptolemy/domains/rendezvous/demo/Barrier/Barrier.xml $PTII/ptolemy/domains/rendezvous/demo/Barrier/Barrier
Running .Barrier
ExportHTMLTimer went off after 30000 ms., calling getDirector().finish and getDirector().stopFire()
30946 ms. Memory: 1699328K Free: 1325311K (78%)
Exported /home/travis/build/icyphy/ptII/ptolemy/domains/rendezvous/demo/Barrier/Barrier/index.html
35100 ms. Memory: 1699328K Free: 1288097K (76%)
####### 72 Mon Jul 16 02:29:56 UTC 2018 $PTII/bin/ptinvoke ptolemy.vergil.basic.export.ExportModel -force htm -run -openComposites -timeOut 30000 -whiteBackground ptolemy/domains/rendezvous/demo/ResourcePool/ResourcePool.xml $PTII/ptolemy/domains/rendezvous/demo/ResourcePool/ResourcePool
Running .ResourcePool
ExportHTMLTimer went off after 30000 ms., calling getDirector().finish and getDirector().stopFire()
30030 ms. Memory: 1699328K Free: 1146554K (67%)
Exported /home/travis/build/icyphy/ptII/ptolemy/domains/rendezvous/demo/ResourcePool/ResourcePool/index.html
34178 ms. Memory: 1699328K Free: 1113050K (65%)
####### 73 Mon Jul 16 02:30:31 UTC 2018 $PTII/bin/ptinvoke ptolemy.vergil.basic.export.ExportModel -force htm -run -openComposites -timeOut 30000 -whiteBackground ptolemy/domains/rendezvous/demo/Sequencing/Sequencing.xml $PTII/ptolemy/domains/rendezvous/demo/Sequencing/Sequencing
Running .Sequencing
10 ms. Memory: 1699328K Free: 948139K (56%)
Exported /home/travis/build/icyphy/ptII/ptolemy/domains/rendezvous/demo/Sequencing/Sequencing/index.html
4178 ms. Memory: 1699328K Free: 910654K (54%)
####### 74 Mon Jul 16 02:30:35 UTC 2018 $PTII/bin/ptinvoke ptolemy.vergil.basic.export.ExportModel -force htm -run -openComposites -timeOut 30000 -whiteBackground ptolemy/domains/rendezvous/demo/WriteRegulator/WriteRegulator.xml $PTII/ptolemy/domains/rendezvous/demo/WriteRegulator/WriteRegulator
Running .WriteRegulator
ExportHTMLTimer went off after 30000 ms., calling getDirector().finish and getDirector().stopFire()
31096 ms. Memory: 1699328K Free: 765682K (45%)
Exported /home/travis/build/icyphy/ptII/ptolemy/domains/rendezvous/demo/WriteRegulator/WriteRegulator/index.html
35246 ms. Memory: 1699328K Free: 731927K (43%)
####### 75 Mon Jul 16 02:31:10 UTC 2018 $PTII/bin/ptinvoke ptolemy.vergil.basic.export.ExportModel -force htm -run -openComposites -timeOut 30000 -whiteBackground ptolemy/domains/scr/demo/FuelSystemSCR/FuelSystemSCR.xml $PTII/ptolemy/domains/scr/demo/FuelSystemSCR/FuelSystemSCR
Running .FuelSystemSCR
10025 ms. Memory: 1699328K Free: 343804K (20%)
Exported /home/travis/build/icyphy/ptII/ptolemy/domains/scr/demo/FuelSystemSCR/FuelSystemSCR/index.html
14860 ms. Memory: 1630208K Free: 1555240K (95%)
####### 76 Mon Jul 16 02:31:25 UTC 2018 $PTII/bin/ptinvoke ptolemy.vergil.basic.export.ExportModel -force htm -run -openComposites -timeOut 30000 -whiteBackground ptolemy/domains/scr/demo/HelloWorldSCR/HelloWorldSCR.xml $PTII/ptolemy/domains/scr/demo/HelloWorldSCR/HelloWorldSCR
Running .HelloWorldSCR
48 ms. Memory: 1630208K Free: 1416901K (87%)
Exported /home/travis/build/icyphy/ptII/ptolemy/domains/scr/demo/HelloWorldSCR/HelloWorldSCR/index.html
4281 ms. Memory: 1630208K Free: 1368453K (84%)
####### 77 Mon Jul 16 02:31:29 UTC 2018 $PTII/bin/ptinvoke ptolemy.vergil.basic.export.ExportModel -force htm -run -openComposites -timeOut 30000 -whiteBackground ptolemy/domains/scr/demo/SafetyInjection/SafetyInjection.xml $PTII/ptolemy/domains/scr/demo/SafetyInjection/SafetyInjection
Running .SafetyInjection
3015 ms. Memory: 1630208K Free: 1143945K (70%)
Exported /home/travis/build/icyphy/ptII/ptolemy/domains/scr/demo/SafetyInjection/SafetyInjection/index.html
7348 ms. Memory: 1630208K Free: 1021297K (63%)
####### 78 Mon Jul 16 02:31:37 UTC 2018 $PTII/bin/ptinvoke ptolemy.vergil.basic.export.ExportModel -force htm -run -openComposites -timeOut 30000 -whiteBackground ptolemy/domains/scr/demo/TrafficLight/TrafficLight.xml $PTII/ptolemy/domains/scr/demo/TrafficLight/TrafficLight
Running .TrafficLight
176 ms. Memory: 1630208K Free: 800341K (49%)
Exported /home/travis/build/icyphy/ptII/ptolemy/domains/scr/demo/TrafficLight/TrafficLight/index.html
4420 ms. Memory: 1630208K Free: 742656K (46%)
####### 79 Mon Jul 16 02:31:41 UTC 2018 $PTII/bin/ptinvoke ptolemy.vergil.basic.export.ExportModel -force htm -run -openComposites -timeOut 30000 -whiteBackground ptolemy/domains/sdf/demo/Array/Array.xml $PTII/ptolemy/domains/sdf/demo/Array/Array
Running .Array
52 ms. Memory: 1630208K Free: 587803K (36%)
Exported /home/travis/build/icyphy/ptII/ptolemy/domains/sdf/demo/Array/Array/index.html
4261 ms. Memory: 1630208K Free: 530827K (33%)
####### 80 Mon Jul 16 02:31:45 UTC 2018 $PTII/bin/ptinvoke ptolemy.vergil.basic.export.ExportModel -force htm -run -openComposites -timeOut 30000 -whiteBackground ptolemy/domains/sdf/demo/Butterfly/Butterfly.xml $PTII/ptolemy/domains/sdf/demo/Butterfly/Butterfly
Running .Butterfly
109 ms. Memory: 1630208K Free: 412849K (25%)
Exported /home/travis/build/icyphy/ptII/ptolemy/domains/sdf/demo/Butterfly/Butterfly/index.html
4557 ms. Memory: 1630208K Free: 371335K (23%)
####### 81 Mon Jul 16 02:31:50 UTC 2018 $PTII/bin/ptinvoke ptolemy.vergil.basic.export.ExportModel -force htm -run -openComposites -timeOut 30000 -whiteBackground ptolemy/domains/sdf/demo/Expression/Expression.xml $PTII/ptolemy/domains/sdf/demo/Expression/Expression
Running .Expression
13 ms. Memory: 1630208K Free: 267896K (16%)
Exported /home/travis/build/icyphy/ptII/ptolemy/domains/sdf/demo/Expression/Expression/index.html
4161 ms. Memory: 1630208K Free: 229313K (14%)
####### 82 Mon Jul 16 02:31:54 UTC 2018 $PTII/bin/ptinvoke ptolemy.vergil.basic.export.ExportModel -force htm -run -openComposites -timeOut 30000 -whiteBackground ptolemy/domains/sdf/demo/Eye/Eye.xml $PTII/ptolemy/domains/sdf/demo/Eye/Eye
Running .Eye
369 ms. Memory: 1561600K Free: 1321529K (85%)
Exported /home/travis/build/icyphy/ptII/ptolemy/domains/sdf/demo/Eye/Eye/index.html
4532 ms. Memory: 1561600K Free: 1280966K (82%)
####### 83 Mon Jul 16 02:31:59 UTC 2018 $PTII/bin/ptinvoke ptolemy.vergil.basic.export.ExportModel -force htm -run -openComposites -timeOut 30000 -whiteBackground ptolemy/domains/sdf/demo/FixFIR/FixFIR.xml $PTII/ptolemy/domains/sdf/demo/FixFIR/FixFIR
Running .FixFIR
76 ms. Memory: 1561600K Free: 1068027K (68%)
Exported /home/travis/build/icyphy/ptII/ptolemy/domains/sdf/demo/FixFIR/FixFIR/index.html
4265 ms. Memory: 1561600K Free: 1000732K (64%)
####### 84 Mon Jul 16 02:32:03 UTC 2018 $PTII/bin/ptinvoke ptolemy.vergil.basic.export.ExportModel -force htm -run -openComposites -timeOut 30000 -whiteBackground ptolemy/domains/sdf/demo/FixPoint/FixPoint.xml $PTII/ptolemy/domains/sdf/demo/FixPoint/FixPoint
Running .FixPoint
14 ms. Memory: 1561600K Free: 906703K (58%)
Exported /home/travis/build/icyphy/ptII/ptolemy/domains/sdf/demo/FixPoint/FixPoint/index.html
4159 ms. Memory: 1561600K Free: 870259K (56%)
####### 85 Mon Jul 16 02:32:07 UTC 2018 $PTII/bin/ptinvoke ptolemy.vergil.basic.export.ExportModel -force htm -run -openComposites -timeOut 30000 -whiteBackground ptolemy/domains/sdf/demo/FourierSeries/FourierSeries.xml $PTII/ptolemy/domains/sdf/demo/FourierSeries/FourierSeries
Running .FourierSeries
28 ms. Memory: 1561600K Free: 760747K (49%)
Exported /home/travis/build/icyphy/ptII/ptolemy/domains/sdf/demo/FourierSeries/FourierSeries/index.html
4190 ms. Memory: 1561600K Free: 720375K (46%)
####### 86 Mon Jul 16 02:32:11 UTC 2018 $PTII/bin/ptinvoke ptolemy.vergil.basic.export.ExportModel -force htm -run  -timeOut 30000 -whiteBackground ptolemy/domains/sdf/demo/Gravitation/Gravitation.xml $PTII/ptolemy/domains/sdf/demo/Gravitation/Gravitation
Warning: not opening composites for ptolemy/domains/sdf/demo/Gravitation/Gravitation.xml. See ptolemy/vergil/basic/export/test/junit/ExportModelJUnitTest.java
Running .Gravitation
creating preferred configuration... 
11782 ms. Memory: 1530880K Free: 1370247K (90%)
Exported /home/travis/build/icyphy/ptII/ptolemy/domains/sdf/demo/Gravitation/Gravitation/index.html
16182 ms. Memory: 1530880K Free: 1320287K (86%)
####### 87 Mon Jul 16 02:32:27 UTC 2018 $PTII/bin/ptinvoke ptolemy.vergil.basic.export.ExportModel -force htm -run  -timeOut 30000 -whiteBackground ptolemy/domains/sdf/demo/Gravitation/GravitationWithCollisionDetection.xml $PTII/ptolemy/domains/sdf/demo/Gravitation/GravitationWithCollisionDetection
Warning: not opening composites for ptolemy/domains/sdf/demo/Gravitation/GravitationWithCollisionDetection.xml. See ptolemy/vergil/basic/export/test/junit/ExportModelJUnitTest.java
Running .GravitationWithCollisionDetection
creating preferred configuration... 
ExportHTMLTimer went off after 30000 ms., calling getDirector().finish and getDirector().stopFire()
30004 ms. Memory: 1460224K Free: 833016K (57%)
Exported /home/travis/build/icyphy/ptII/ptolemy/domains/sdf/demo/Gravitation/GravitationWithCollisionDetection/index.html
34322 ms. Memory: 1460224K Free: 772198K (53%)
####### 88 Mon Jul 16 02:33:02 UTC 2018 $PTII/bin/ptinvoke ptolemy.vergil.basic.export.ExportModel -force htm -run -openComposites -timeOut 30000 -whiteBackground ptolemy/domains/sdf/demo/HTVQ/HTVQ.xml $PTII/ptolemy/domains/sdf/demo/HTVQ/HTVQ
Running .HTVQ
472 ms. Memory: 1460224K Free: 531732K (36%)
Exported /home/travis/build/icyphy/ptII/ptolemy/domains/sdf/demo/HTVQ/HTVQ/index.html
4639 ms. Memory: 1460224K Free: 431655K (30%)
####### 89 Mon Jul 16 02:33:06 UTC 2018 $PTII/bin/ptinvoke ptolemy.vergil.basic.export.ExportModel -force htm -run -openComposites -timeOut 30000 -whiteBackground ptolemy/domains/sdf/demo/LMSAdaptive/LMSAdaptive.xml $PTII/ptolemy/domains/sdf/demo/LMSAdaptive/LMSAdaptive
Running .LMSAdaptive
ExportHTMLTimer went off after 30000 ms., calling getDirector().finish and getDirector().stopFire()
30001 ms. Memory: 1577984K Free: 783049K (50%)
Exported /home/travis/build/icyphy/ptII/ptolemy/domains/sdf/demo/LMSAdaptive/LMSAdaptive/index.html
34188 ms. Memory: 1577984K Free: 716968K (45%)
####### 90 Mon Jul 16 02:33:40 UTC 2018 $PTII/bin/ptinvoke ptolemy.vergil.basic.export.ExportModel -force htm -run -openComposites -timeOut 30000 -whiteBackground ptolemy/domains/sdf/demo/LogisticMap/LogisticMap.xml $PTII/ptolemy/domains/sdf/demo/LogisticMap/LogisticMap
Running .LogisticMap
ExportHTMLTimer went off after 30000 ms., calling getDirector().finish and getDirector().stopFire()
30025 ms. Memory: 1577984K Free: 585636K (37%)
Exported /home/travis/build/icyphy/ptII/ptolemy/domains/sdf/demo/LogisticMap/LogisticMap/index.html
34185 ms. Memory: 1577984K Free: 520268K (33%)
####### 91 Mon Jul 16 02:34:15 UTC 2018 $PTII/bin/ptinvoke ptolemy.vergil.basic.export.ExportModel -force htm -run -openComposites -timeOut 30000 -whiteBackground ptolemy/domains/sdf/demo/MaximumEntropySpectrum/MaximumEntropySpectrum.xml $PTII/ptolemy/domains/sdf/demo/MaximumEntropySpectrum/MaximumEntropySpectrum
Running .MaximumEntropySpectrum
80 ms. Memory: 1577984K Free: 62729K (4%)
Exported /home/travis/build/icyphy/ptII/ptolemy/domains/sdf/demo/MaximumEntropySpectrum/MaximumEntropySpectrum/index.html
4582 ms. Memory: 1585664K Free: 1320050K (83%)
####### 92 Mon Jul 16 02:34:19 UTC 2018 $PTII/bin/ptinvoke ptolemy.vergil.basic.export.ExportModel -force htm -run -openComposites -timeOut 30000 -whiteBackground ptolemy/domains/sdf/demo/ModelDisplay/ModelDisplay.xml $PTII/ptolemy/domains/sdf/demo/ModelDisplay/ModelDisplay
Running .ModelDisplay
ExportHTMLTimer went off after 30000 ms., calling getDirector().finish and getDirector().stopFire()
30031 ms. Memory: 1585664K Free: 1087525K (69%)
Exported /home/travis/build/icyphy/ptII/ptolemy/domains/sdf/demo/ModelDisplay/ModelDisplay/index.html
34281 ms. Memory: 1585664K Free: 1056010K (67%)
####### 93 Mon Jul 16 02:34:54 UTC 2018 $PTII/bin/ptinvoke ptolemy.vergil.basic.export.ExportModel -force htm -run -openComposites -timeOut 30000 -whiteBackground ptolemy/domains/sdf/demo/MultipleRuns/MultipleRuns.xml $PTII/ptolemy/domains/sdf/demo/MultipleRuns/MultipleRuns
Running .MultipleRuns
119 ms. Memory: 1585664K Free: 914316K (58%)
Exported /home/travis/build/icyphy/ptII/ptolemy/domains/sdf/demo/MultipleRuns/MultipleRuns/index.html
4340 ms. Memory: 1585664K Free: 804628K (51%)
####### 94 Mon Jul 16 02:34:58 UTC 2018 $PTII/bin/ptinvoke ptolemy.vergil.basic.export.ExportModel -force htm -run -openComposites -timeOut 30000 -whiteBackground ptolemy/domains/sdf/demo/NoisySinewave/NoisySinewave.xml $PTII/ptolemy/domains/sdf/demo/NoisySinewave/NoisySinewave
Running .NoisySinewave
34 ms. Memory: 1585664K Free: 647774K (41%)
Exported /home/travis/build/icyphy/ptII/ptolemy/domains/sdf/demo/NoisySinewave/NoisySinewave/index.html
4326 ms. Memory: 1585664K Free: 532640K (34%)
####### 95 Mon Jul 16 02:35:02 UTC 2018 $PTII/bin/ptinvoke ptolemy.vergil.basic.export.ExportModel -force htm -run -openComposites -timeOut 30000 -whiteBackground ptolemy/domains/sdf/demo/OrthogonalCom/OrthogonalCom.xml $PTII/ptolemy/domains/sdf/demo/OrthogonalCom/OrthogonalCom
Running .OrthogonalCom
0
0
1
0
1
0
0
0
0
0
0
0
0
0
0
0
0
0
0
0
24 ms. Memory: 1585664K Free: 396368K (25%)
Exported /home/travis/build/icyphy/ptII/ptolemy/domains/sdf/demo/OrthogonalCom/OrthogonalCom/index.html
4248 ms. Memory: 1585664K Free: 336891K (21%)
####### 96 Mon Jul 16 02:35:06 UTC 2018 $PTII/bin/ptinvoke ptolemy.vergil.basic.export.ExportModel -force htm  -openComposites -timeOut 30000 -whiteBackground ptolemy/domains/sdf/demo/RijndaelEncryption/RijndaelEncryption.xml $PTII/ptolemy/domains/sdf/demo/RijndaelEncryption/RijndaelEncryption
Warning: not running ptolemy/domains/sdf/demo/RijndaelEncryption/RijndaelEncryption.xml. See ptolemy/vergil/basic/export/test/junit/ExportModelJUnitTest.java
Exported /home/travis/build/icyphy/ptII/ptolemy/domains/sdf/demo/RijndaelEncryption/RijndaelEncryption/index.html
5526 ms. Memory: 1459712K Free: 215622K (15%)
####### 97 Mon Jul 16 02:35:12 UTC 2018 $PTII/bin/ptinvoke ptolemy.vergil.basic.export.ExportModel -force htm -run -openComposites -timeOut 30000 -whiteBackground ptolemy/domains/sdf/demo/Sketch/Sketch.xml $PTII/ptolemy/domains/sdf/demo/Sketch/Sketch
Running .Sketch
36 ms. Memory: 1459712K Free: 104318K (7%)
Exported /home/travis/build/icyphy/ptII/ptolemy/domains/sdf/demo/Sketch/Sketch/index.html
4216 ms. Memory: 1395200K Free: 1267441K (91%)
####### 98 Mon Jul 16 02:35:16 UTC 2018 $PTII/bin/ptinvoke ptolemy.vergil.basic.export.ExportModel -force htm  -openComposites -timeOut 30000 -whiteBackground ptolemy/domains/sdf/demo/SoundSpectrum/SoundSpectrum.xml $PTII/ptolemy/domains/sdf/demo/SoundSpectrum/SoundSpectrum
Warning: not running ptolemy/domains/sdf/demo/SoundSpectrum/SoundSpectrum.xml. See ptolemy/vergil/basic/export/test/junit/ExportModelJUnitTest.java
Exported /home/travis/build/icyphy/ptII/ptolemy/domains/sdf/demo/SoundSpectrum/SoundSpectrum/index.html
3170 ms. Memory: 1395200K Free: 1091751K (78%)
####### 99 Mon Jul 16 02:35:19 UTC 2018 $PTII/bin/ptinvoke ptolemy.vergil.basic.export.ExportModel -force htm -run -openComposites -timeOut 30000 -whiteBackground ptolemy/domains/sdf/demo/Spectrum/Spectrum.xml $PTII/ptolemy/domains/sdf/demo/Spectrum/Spectrum
Running .Spectrum
64 ms. Memory: 1395200K Free: 876372K (63%)
Exported /home/travis/build/icyphy/ptII/ptolemy/domains/sdf/demo/Spectrum/Spectrum/index.html
4291 ms. Memory: 1395200K Free: 775215K (56%)
####### 100 Mon Jul 16 02:35:24 UTC 2018 $PTII/bin/ptinvoke ptolemy.vergil.basic.export.ExportModel -force htm  -openComposites -timeOut 30000 -whiteBackground ptolemy/domains/sdf/demo/SynthesizedVoice/SynthesizedVoice.xml $PTII/ptolemy/domains/sdf/demo/SynthesizedVoice/SynthesizedVoice
Warning: not running ptolemy/domains/sdf/demo/SynthesizedVoice/SynthesizedVoice.xml. See ptolemy/vergil/basic/export/test/junit/ExportModelJUnitTest.java
Exported /home/travis/build/icyphy/ptII/ptolemy/domains/sdf/demo/SynthesizedVoice/SynthesizedVoice/index.html
3141 ms. Memory: 1395200K Free: 651424K (47%)
]]></system-out>
  <system-err><![CDATA[TransformationEditor: Ignoring clone of .Utilities beause we don't known how to import it. Exception was: ptolemy.kernel.util.NameDuplicationException: Attempt to insert object named "Utilities" into container named ".library", which already contains an object with that name.
TransformationEditor: Ignoring clone of .Directors beause we don't known how to import it. Exception was: ptolemy.kernel.util.NameDuplicationException: Attempt to insert object named "Directors" into container named ".library", which already contains an object with that name.
TransformationEditor: Ignoring clone of .Actors beause we don't known how to import it. Exception was: ptolemy.kernel.util.NameDuplicationException: Attempt to insert object named "Actors" into container named ".library", which already contains an object with that name.
TransformationEditor: Ignoring clone of .MoreLibraries beause we don't known how to import it. Exception was: ptolemy.kernel.util.NameDuplicationException: Attempt to insert object named "MoreLibraries" into container named ".library", which already contains an object with that name.
TransformationEditor: Ignoring clone of .Utilities beause we don't known how to import it. Exception was: ptolemy.kernel.util.NameDuplicationException: Attempt to insert object named "Utilities" into container named ".library", which already contains an object with that name.
TransformationEditor: Ignoring clone of .Directors beause we don't known how to import it. Exception was: ptolemy.kernel.util.NameDuplicationException: Attempt to insert object named "Directors" into container named ".library", which already contains an object with that name.
TransformationEditor: Ignoring clone of .Actors beause we don't known how to import it. Exception was: ptolemy.kernel.util.NameDuplicationException: Attempt to insert object named "Actors" into container named ".library", which already contains an object with that name.
TransformationEditor: Ignoring clone of .MoreLibraries beause we don't known how to import it. Exception was: ptolemy.kernel.util.NameDuplicationException: Attempt to insert object named "MoreLibraries" into container named ".library", which already contains an object with that name.
TransformationEditor: Ignoring clone of .Utilities beause we don't known how to import it. Exception was: ptolemy.kernel.util.NameDuplicationException: Attempt to insert object named "Utilities" into container named ".library", which already contains an object with that name.
TransformationEditor: Ignoring clone of .Directors beause we don't known how to import it. Exception was: ptolemy.kernel.util.NameDuplicationException: Attempt to insert object named "Directors" into container named ".library", which already contains an object with that name.
TransformationEditor: Ignoring clone of .Actors beause we don't known how to import it. Exception was: ptolemy.kernel.util.NameDuplicationException: Attempt to insert object named "Actors" into container named ".library", which already contains an object with that name.
TransformationEditor: Ignoring clone of .MoreLibraries beause we don't known how to import it. Exception was: ptolemy.kernel.util.NameDuplicationException: Attempt to insert object named "MoreLibraries" into container named ".library", which already contains an object with that name.
TransformationEditor: Ignoring clone of .Utilities beause we don't known how to import it. Exception was: ptolemy.kernel.util.NameDuplicationException: Attempt to insert object named "Utilities" into container named ".library", which already contains an object with that name.
TransformationEditor: Ignoring clone of .Directors beause we don't known how to import it. Exception was: ptolemy.kernel.util.NameDuplicationException: Attempt to insert object named "Directors" into container named ".library", which already contains an object with that name.
TransformationEditor: Ignoring clone of .Actors beause we don't known how to import it. Exception was: ptolemy.kernel.util.NameDuplicationException: Attempt to insert object named "Actors" into container named ".library", which already contains an object with that name.
TransformationEditor: Ignoring clone of .MoreLibraries beause we don't known how to import it. Exception was: ptolemy.kernel.util.NameDuplicationException: Attempt to insert object named "MoreLibraries" into container named ".library", which already contains an object with that name.
TransformationEditor: Ignoring clone of .Utilities beause we don't known how to import it. Exception was: ptolemy.kernel.util.NameDuplicationException: Attempt to insert object named "Utilities" into container named ".library", which already contains an object with that name.
TransformationEditor: Ignoring clone of .Directors beause we don't known how to import it. Exception was: ptolemy.kernel.util.NameDuplicationException: Attempt to insert object named "Directors" into container named ".library", which already contains an object with that name.
TransformationEditor: Ignoring clone of .Actors beause we don't known how to import it. Exception was: ptolemy.kernel.util.NameDuplicationException: Attempt to insert object named "Actors" into container named ".library", which already contains an object with that name.
TransformationEditor: Ignoring clone of .MoreLibraries beause we don't known how to import it. Exception was: ptolemy.kernel.util.NameDuplicationException: Attempt to insert object named "MoreLibraries" into container named ".library", which already contains an object with that name.
Warning: '.PrintingPress.reserveFeedMonitor.NonStrictTest' The test produced only 1176 tokens, yet the correctValues parameter was expecting 1876 tokens.
Warning: '.PrintingPress.reserveFeedMonitor.NonStrictTest2' The test produced only 941 tokens, yet the correctValues parameter was expecting 1501 tokens.
Warning: '.PrintingPress.reserveFeedMonitor.NonStrictTest3' The test produced only 941 tokens, yet the correctValues parameter was expecting 1501 tokens.
Jul 16, 2018 2:31:39 AM sun.awt.X11.XToolkit processException
WARNING: Exception on Toolkit thread
java.lang.NullPointerException
	at java.awt.Component$BltBufferStrategy.contentsLost(Component.java:4479)
	at java.awt.Component$BltSubRegionBufferStrategy.showIfNotLost(Component.java:4542)
	at javax.swing.BufferStrategyPaintManager.show(BufferStrategyPaintManager.java:252)
	at javax.swing.RepaintManager.show(RepaintManager.java:1379)
	at javax.swing.SwingPaintEventDispatcher.createPaintEvent(SwingPaintEventDispatcher.java:61)
	at sun.awt.X11.XWindow.postPaintEvent(XWindow.java:564)
	at sun.awt.X11.XContentWindow.postPaintEvent(XContentWindow.java:163)
	at sun.awt.X11.XWindow.handleExposeEvent(XWindow.java:558)
	at sun.awt.X11.XContentWindow.handleExposeEvent(XContentWindow.java:45)
	at sun.awt.X11.XBaseWindow.dispatchEvent(XBaseWindow.java:1110)
	at sun.awt.X11.XBaseWindow.dispatchToWindow(XBaseWindow.java:1086)
	at sun.awt.X11.XToolkit.dispatchEvent(XToolkit.java:502)
	at sun.awt.X11.XToolkit.run(XToolkit.java:616)
	at sun.awt.X11.XToolkit.run(XToolkit.java:532)
	at java.lang.Thread.run(Thread.java:748)

]]></system-err>
</testsuite>
