<?xml version="1.0" encoding="UTF-8" ?>
<testsuite errors="0" failures="0" hostname="travis-job-c118c03c-cb46-4dcc-a95e-3a31ef2bb1f8" name="ptolemy.domains.modal.test.junit.JUnitTclTest" skipped="0" tests="148" time="11.658" timestamp="2019-08-09T05:20:48">
  <properties>
[...]
</properties>
  <testcase classname="ptolemy.util.test.junit.TclTests" name="[0] /home/travis/build/icyphy/ptII/ptolemy/domains/modal/test/SystemLevelType.tcl (RunTclFile)" time="2.285" />
  <testcase classname="ptolemy.util.test.junit.AutoKnownFailedTests" name="[0] /home/travis/build/icyphy/ptII/ptolemy/domains/modal/test/auto/knownFailedTests/CannotAnalysisWithPreemption.xml (RunModel)" time="0.324" />
  <testcase classname="ptolemy.util.test.junit.AutoNameArchTests" name="[0] ThereAreNoAutoArchTests (RunModel)" time="0.007" />
  <testcase classname="ptolemy.util.test.junit.AutoTests" name="[0] /home/travis/build/icyphy/ptII/ptolemy/domains/modal/test/auto/ABPTest.xml (RunModel)" time="0.801" />
  <testcase classname="ptolemy.util.test.junit.AutoTests" name="[1] /home/travis/build/icyphy/ptII/ptolemy/domains/modal/test/auto/ABROFlat.xml (RunModel)" time="0.068" />
  <testcase classname="ptolemy.util.test.junit.AutoTests" name="[2] /home/travis/build/icyphy/ptII/ptolemy/domains/modal/test/auto/ABROFlat2.xml (RunModel)" time="0.055" />
  <testcase classname="ptolemy.util.test.junit.AutoTests" name="[3] /home/travis/build/icyphy/ptII/ptolemy/domains/modal/test/auto/ABRO_present_hmm.xml (RunModel)" time="0.121" />
  <testcase classname="ptolemy.util.test.junit.AutoTests" name="[4] /home/travis/build/icyphy/ptII/ptolemy/domains/modal/test/auto/AMICoderExample.xml (RunModel)" time="0.063" />
  <testcase classname="ptolemy.util.test.junit.AutoTests" name="[5] /home/travis/build/icyphy/ptII/ptolemy/domains/modal/test/auto/AbsentToPresent.xml (RunModel)" time="0.033" />
  <testcase classname="ptolemy.util.test.junit.AutoTests" name="[6] /home/travis/build/icyphy/ptII/ptolemy/domains/modal/test/auto/Blending.xml (RunModel)" time="0.358" />
  <testcase classname="ptolemy.util.test.junit.AutoTests" name="[7] /home/travis/build/icyphy/ptII/ptolemy/domains/modal/test/auto/Broadcast.xml (RunModel)" time="0.065" />
  <testcase classname="ptolemy.util.test.junit.AutoTests" name="[8] /home/travis/build/icyphy/ptII/ptolemy/domains/modal/test/auto/BroadcastHierarchy.xml (RunModel)" time="0.08" />
  <testcase classname="ptolemy.util.test.junit.AutoTests" name="[9] /home/travis/build/icyphy/ptII/ptolemy/domains/modal/test/auto/BroadcastHierarchy2.xml (RunModel)" time="0.1" />
  <testcase classname="ptolemy.util.test.junit.AutoTests" name="[10] /home/travis/build/icyphy/ptII/ptolemy/domains/modal/test/auto/BroadcastHierarchy3.xml (RunModel)" time="0.082" />
  <testcase classname="ptolemy.util.test.junit.AutoTests" name="[11] /home/travis/build/icyphy/ptII/ptolemy/domains/modal/test/auto/BroadcastHierarchy4.xml (RunModel)" time="0.087" />
  <testcase classname="ptolemy.util.test.junit.AutoTests" name="[12] /home/travis/build/icyphy/ptII/ptolemy/domains/modal/test/auto/CannotAnalysisWithPreemption2.xml (RunModel)" time="0.029" />
  <testcase classname="ptolemy.util.test.junit.AutoTests" name="[13] /home/travis/build/icyphy/ptII/ptolemy/domains/modal/test/auto/CannotAnalysisWithPreemption3.xml (RunModel)" time="0.038" />
  <testcase classname="ptolemy.util.test.junit.AutoTests" name="[14] /home/travis/build/icyphy/ptII/ptolemy/domains/modal/test/auto/CannotProduce.xml (RunModel)" time="0.032" />
  <testcase classname="ptolemy.util.test.junit.AutoTests" name="[15] /home/travis/build/icyphy/ptII/ptolemy/domains/modal/test/auto/CannotProduceModal.xml (RunModel)" time="0.029" />
  <testcase classname="ptolemy.util.test.junit.AutoTests" name="[16] /home/travis/build/icyphy/ptII/ptolemy/domains/modal/test/auto/Case.xml (RunModel)" time="0.088" />
  <testcase classname="ptolemy.util.test.junit.AutoTests" name="[17] /home/travis/build/icyphy/ptII/ptolemy/domains/modal/test/auto/Case1.xml (RunModel)" time="0.034" />
  <testcase classname="ptolemy.util.test.junit.AutoTests" name="[18] /home/travis/build/icyphy/ptII/ptolemy/domains/modal/test/auto/Case2.xml (RunModel)" time="0.064" />
  <testcase classname="ptolemy.util.test.junit.AutoTests" name="[19] /home/travis/build/icyphy/ptII/ptolemy/domains/modal/test/auto/CausalityInterface1.xml (RunModel)" time="0.034" />
  <testcase classname="ptolemy.util.test.junit.AutoTests" name="[20] /home/travis/build/icyphy/ptII/ptolemy/domains/modal/test/auto/CausalityInterface10.xml (RunModel)" time="0.074" />
  <testcase classname="ptolemy.util.test.junit.AutoTests" name="[21] /home/travis/build/icyphy/ptII/ptolemy/domains/modal/test/auto/CausalityInterface11.xml (RunModel)" time="0.074" />
  <testcase classname="ptolemy.util.test.junit.AutoTests" name="[22] /home/travis/build/icyphy/ptII/ptolemy/domains/modal/test/auto/CausalityInterface12.xml (RunModel)" time="0.048" />
  <testcase classname="ptolemy.util.test.junit.AutoTests" name="[23] /home/travis/build/icyphy/ptII/ptolemy/domains/modal/test/auto/CausalityInterface13.xml (RunModel)" time="0.072" />
  <testcase classname="ptolemy.util.test.junit.AutoTests" name="[24] /home/travis/build/icyphy/ptII/ptolemy/domains/modal/test/auto/CausalityInterface14.xml (RunModel)" time="0.052" />
  <testcase classname="ptolemy.util.test.junit.AutoTests" name="[25] /home/travis/build/icyphy/ptII/ptolemy/domains/modal/test/auto/CausalityInterface2.xml (RunModel)" time="0.033" />
  <testcase classname="ptolemy.util.test.junit.AutoTests" name="[26] /home/travis/build/icyphy/ptII/ptolemy/domains/modal/test/auto/CausalityInterface3.xml (RunModel)" time="0.027" />
  <testcase classname="ptolemy.util.test.junit.AutoTests" name="[27] /home/travis/build/icyphy/ptII/ptolemy/domains/modal/test/auto/CausalityInterface4.xml (RunModel)" time="0.031" />
  <testcase classname="ptolemy.util.test.junit.AutoTests" name="[28] /home/travis/build/icyphy/ptII/ptolemy/domains/modal/test/auto/CausalityInterface5.xml (RunModel)" time="0.034" />
  <testcase classname="ptolemy.util.test.junit.AutoTests" name="[29] /home/travis/build/icyphy/ptII/ptolemy/domains/modal/test/auto/CausalityInterface6.xml (RunModel)" time="0.042" />
  <testcase classname="ptolemy.util.test.junit.AutoTests" name="[30] /home/travis/build/icyphy/ptII/ptolemy/domains/modal/test/auto/CausalityInterface7.xml (RunModel)" time="0.037" />
  <testcase classname="ptolemy.util.test.junit.AutoTests" name="[31] /home/travis/build/icyphy/ptII/ptolemy/domains/modal/test/auto/CausalityInterface8.xml (RunModel)" time="0.04" />
  <testcase classname="ptolemy.util.test.junit.AutoTests" name="[32] /home/travis/build/icyphy/ptII/ptolemy/domains/modal/test/auto/CausalityInterface9.xml (RunModel)" time="0.046" />
  <testcase classname="ptolemy.util.test.junit.AutoTests" name="[33] /home/travis/build/icyphy/ptII/ptolemy/domains/modal/test/auto/ChainedTransitions.xml (RunModel)" time="0.164" />
  <testcase classname="ptolemy.util.test.junit.AutoTests" name="[34] /home/travis/build/icyphy/ptII/ptolemy/domains/modal/test/auto/CycleOfImmediateTransitionsFSM.xml (RunModel)" time="0.02" />
  <testcase classname="ptolemy.util.test.junit.AutoTests" name="[35] /home/travis/build/icyphy/ptII/ptolemy/domains/modal/test/auto/CycleOfImmediateTransitionsModal.xml (RunModel)" time="0.021" />
  <testcase classname="ptolemy.util.test.junit.AutoTests" name="[36] /home/travis/build/icyphy/ptII/ptolemy/domains/modal/test/auto/CycleOfImmediateTransitionsModal2.xml (RunModel)" time="0.021" />
  <testcase classname="ptolemy.util.test.junit.AutoTests" name="[37] /home/travis/build/icyphy/ptII/ptolemy/domains/modal/test/auto/CycleOfImmediateTransitionsModal3.xml (RunModel)" time="0.062" />
  <testcase classname="ptolemy.util.test.junit.AutoTests" name="[38] /home/travis/build/icyphy/ptII/ptolemy/domains/modal/test/auto/DeepModal1.xml (RunModel)" time="0.066" />
  <testcase classname="ptolemy.util.test.junit.AutoTests" name="[39] /home/travis/build/icyphy/ptII/ptolemy/domains/modal/test/auto/DeepModal2.xml (RunModel)" time="0.092" />
  <testcase classname="ptolemy.util.test.junit.AutoTests" name="[40] /home/travis/build/icyphy/ptII/ptolemy/domains/modal/test/auto/DeepModal3.xml (RunModel)" time="0.079" />
  <testcase classname="ptolemy.util.test.junit.AutoTests" name="[41] /home/travis/build/icyphy/ptII/ptolemy/domains/modal/test/auto/DeepModal4.xml (RunModel)" time="0.086" />
  <testcase classname="ptolemy.util.test.junit.AutoTests" name="[42] /home/travis/build/icyphy/ptII/ptolemy/domains/modal/test/auto/Default1.xml (RunModel)" time="0.017" />
  <testcase classname="ptolemy.util.test.junit.AutoTests" name="[43] /home/travis/build/icyphy/ptII/ptolemy/domains/modal/test/auto/Default2.xml (RunModel)" time="0.022" />
  <testcase classname="ptolemy.util.test.junit.AutoTests" name="[44] /home/travis/build/icyphy/ptII/ptolemy/domains/modal/test/auto/Default3.xml (RunModel)" time="0.021" />
  <testcase classname="ptolemy.util.test.junit.AutoTests" name="[45] /home/travis/build/icyphy/ptII/ptolemy/domains/modal/test/auto/Default4.xml (RunModel)" time="0.023" />
  <testcase classname="ptolemy.util.test.junit.AutoTests" name="[46] /home/travis/build/icyphy/ptII/ptolemy/domains/modal/test/auto/Default5.xml (RunModel)" time="0.026" />
  <testcase classname="ptolemy.util.test.junit.AutoTests" name="[47] /home/travis/build/icyphy/ptII/ptolemy/domains/modal/test/auto/EmptyGuard.xml (RunModel)" time="0.043" />
  <testcase classname="ptolemy.util.test.junit.AutoTests" name="[48] /home/travis/build/icyphy/ptII/ptolemy/domains/modal/test/auto/ErrorTransition1.xml (RunModel)" time="0.04" />
  <testcase classname="ptolemy.util.test.junit.AutoTests" name="[49] /home/travis/build/icyphy/ptII/ptolemy/domains/modal/test/auto/ErrorTransition10.xml (RunModel)" time="0.051" />
  <testcase classname="ptolemy.util.test.junit.AutoTests" name="[50] /home/travis/build/icyphy/ptII/ptolemy/domains/modal/test/auto/ErrorTransition11.xml (RunModel)" time="0.039" />
  <testcase classname="ptolemy.util.test.junit.AutoTests" name="[51] /home/travis/build/icyphy/ptII/ptolemy/domains/modal/test/auto/ErrorTransition2.xml (RunModel)" time="0.024" />
  <testcase classname="ptolemy.util.test.junit.AutoTests" name="[52] /home/travis/build/icyphy/ptII/ptolemy/domains/modal/test/auto/ErrorTransition3.xml (RunModel)" time="0.062" />
  <testcase classname="ptolemy.util.test.junit.AutoTests" name="[53] /home/travis/build/icyphy/ptII/ptolemy/domains/modal/test/auto/ErrorTransition4.xml (RunModel)" time="0.043" />
  <testcase classname="ptolemy.util.test.junit.AutoTests" name="[54] /home/travis/build/icyphy/ptII/ptolemy/domains/modal/test/auto/ErrorTransition5.xml (RunModel)" time="0.028" />
  <testcase classname="ptolemy.util.test.junit.AutoTests" name="[55] /home/travis/build/icyphy/ptII/ptolemy/domains/modal/test/auto/ErrorTransition6.xml (RunModel)" time="0.034" />
  <testcase classname="ptolemy.util.test.junit.AutoTests" name="[56] /home/travis/build/icyphy/ptII/ptolemy/domains/modal/test/auto/ErrorTransition7.xml (RunModel)" time="0.057" />
  <testcase classname="ptolemy.util.test.junit.AutoTests" name="[57] /home/travis/build/icyphy/ptII/ptolemy/domains/modal/test/auto/ErrorTransition8.xml (RunModel)" time="0.062" />
  <testcase classname="ptolemy.util.test.junit.AutoTests" name="[58] /home/travis/build/icyphy/ptII/ptolemy/domains/modal/test/auto/ErrorTransition9.xml (RunModel)" time="0.051" />
  <testcase classname="ptolemy.util.test.junit.AutoTests" name="[59] /home/travis/build/icyphy/ptII/ptolemy/domains/modal/test/auto/ExtendedFSM.xml (RunModel)" time="0.029" />
  <testcase classname="ptolemy.util.test.junit.AutoTests" name="[60] /home/travis/build/icyphy/ptII/ptolemy/domains/modal/test/auto/FinalStates.xml (RunModel)" time="0.024" />
  <testcase classname="ptolemy.util.test.junit.AutoTests" name="[61] /home/travis/build/icyphy/ptII/ptolemy/domains/modal/test/auto/FixedPointFSM.xml (RunModel)" time="0.05" />
  <testcase classname="ptolemy.util.test.junit.AutoTests" name="[62] /home/travis/build/icyphy/ptII/ptolemy/domains/modal/test/auto/FixedPointIterationFSMActor.xml (RunModel)" time="0.032" />
  <testcase classname="ptolemy.util.test.junit.AutoTests" name="[63] /home/travis/build/icyphy/ptII/ptolemy/domains/modal/test/auto/FixedPointIterationFSMActor2.xml (RunModel)" time="0.044" />
  <testcase classname="ptolemy.util.test.junit.AutoTests" name="[64] /home/travis/build/icyphy/ptII/ptolemy/domains/modal/test/auto/ForbiddenInstantanousLoop.xml (RunModel)" time="0.044" />
  <testcase classname="ptolemy.util.test.junit.AutoTests" name="[65] /home/travis/build/icyphy/ptII/ptolemy/domains/modal/test/auto/FunctionDependencyOfFSMActorTest.xml (RunModel)" time="0.031" />
  <testcase classname="ptolemy.util.test.junit.AutoTests" name="[66] /home/travis/build/icyphy/ptII/ptolemy/domains/modal/test/auto/GuardExpression.xml (RunModel)" time="0.017" />
  <testcase classname="ptolemy.util.test.junit.AutoTests" name="[67] /home/travis/build/icyphy/ptII/ptolemy/domains/modal/test/auto/GuardNotEvaluated.xml (RunModel)" time="0.034" />
  <testcase classname="ptolemy.util.test.junit.AutoTests" name="[68] /home/travis/build/icyphy/ptII/ptolemy/domains/modal/test/auto/GuardNotEvaluated2.xml (RunModel)" time="0.025" />
  <testcase classname="ptolemy.util.test.junit.AutoTests" name="[69] /home/travis/build/icyphy/ptII/ptolemy/domains/modal/test/auto/GuardOnAbsent.xml (RunModel)" time="0.024" />
  <testcase classname="ptolemy.util.test.junit.AutoTests" name="[70] /home/travis/build/icyphy/ptII/ptolemy/domains/modal/test/auto/HierarchicalFSMTypeInference.xml (RunModel)" time="0.031" />
  <testcase classname="ptolemy.util.test.junit.AutoTests" name="[71] /home/travis/build/icyphy/ptII/ptolemy/domains/modal/test/auto/Hysteresis.xml (RunModel)" time="0.048" />
  <testcase classname="ptolemy.util.test.junit.AutoTests" name="[72] /home/travis/build/icyphy/ptII/ptolemy/domains/modal/test/auto/HysteresisWithDefault.xml (RunModel)" time="0.069" />
  <testcase classname="ptolemy.util.test.junit.AutoTests" name="[73] /home/travis/build/icyphy/ptII/ptolemy/domains/modal/test/auto/HysteresisWithDefault2.xml (RunModel)" time="0.092" />
  <testcase classname="ptolemy.util.test.junit.AutoTests" name="[74] /home/travis/build/icyphy/ptII/ptolemy/domains/modal/test/auto/ImmediateNonConstructiveness.xml (RunModel)" time="0.04" />
  <testcase classname="ptolemy.util.test.junit.AutoTests" name="[75] /home/travis/build/icyphy/ptII/ptolemy/domains/modal/test/auto/ImmediateNonConstructiveness2.xml (RunModel)" time="0.021" />
  <testcase classname="ptolemy.util.test.junit.AutoTests" name="[76] /home/travis/build/icyphy/ptII/ptolemy/domains/modal/test/auto/ImmediateTransitionReset.xml (RunModel)" time="0.044" />
  <testcase classname="ptolemy.util.test.junit.AutoTests" name="[77] /home/travis/build/icyphy/ptII/ptolemy/domains/modal/test/auto/ImmediateTransitions1.xml (RunModel)" time="0.016" />
  <testcase classname="ptolemy.util.test.junit.AutoTests" name="[78] /home/travis/build/icyphy/ptII/ptolemy/domains/modal/test/auto/ImmediateTransitionsInstantaneousCommunication.xml (RunModel)" time="0.036" />
  <testcase classname="ptolemy.util.test.junit.AutoTests" name="[79] /home/travis/build/icyphy/ptII/ptolemy/domains/modal/test/auto/InitialImmediateTransition.xml (RunModel)" time="0.02" />
  <testcase classname="ptolemy.util.test.junit.AutoTests" name="[80] /home/travis/build/icyphy/ptII/ptolemy/domains/modal/test/auto/InitialOutputs.xml (RunModel)" time="0.019" />
  <testcase classname="ptolemy.util.test.junit.AutoTests" name="[81] /home/travis/build/icyphy/ptII/ptolemy/domains/modal/test/auto/InitialStateTransition1.xml (RunModel)" time="0.026" />
  <testcase classname="ptolemy.util.test.junit.AutoTests" name="[82] /home/travis/build/icyphy/ptII/ptolemy/domains/modal/test/auto/InitialStateTransition2.xml (RunModel)" time="0.023" />
  <testcase classname="ptolemy.util.test.junit.AutoTests" name="[83] /home/travis/build/icyphy/ptII/ptolemy/domains/modal/test/auto/InitialStateTransition3.xml (RunModel)" time="0.026" />
  <testcase classname="ptolemy.util.test.junit.AutoTests" name="[84] /home/travis/build/icyphy/ptII/ptolemy/domains/modal/test/auto/InitialStateTransition4.xml (RunModel)" time="0.027" />
  <testcase classname="ptolemy.util.test.junit.AutoTests" name="[85] /home/travis/build/icyphy/ptII/ptolemy/domains/modal/test/auto/MalformedGuardExpressionNotCaught.xml (RunModel)" time="0.027" />
  <testcase classname="ptolemy.util.test.junit.AutoTests" name="[86] /home/travis/build/icyphy/ptII/ptolemy/domains/modal/test/auto/ModalBSC.xml (RunModel)" time="0.121" />
  <testcase classname="ptolemy.util.test.junit.AutoTests" name="[87] /home/travis/build/icyphy/ptII/ptolemy/domains/modal/test/auto/ModalClocks.xml (RunModel)" time="0.111" />
  <testcase classname="ptolemy.util.test.junit.AutoTests" name="[88] /home/travis/build/icyphy/ptII/ptolemy/domains/modal/test/auto/ModalDelay.xml (RunModel)" time="0.068" />
  <testcase classname="ptolemy.util.test.junit.AutoTests" name="[89] /home/travis/build/icyphy/ptII/ptolemy/domains/modal/test/auto/ModalDelay2.xml (RunModel)" time="0.053" />
  <testcase classname="ptolemy.util.test.junit.AutoTests" name="[90] /home/travis/build/icyphy/ptII/ptolemy/domains/modal/test/auto/ModalModelFromMemo.xml (RunModel)" time="0.06" />
  <testcase classname="ptolemy.util.test.junit.AutoTests" name="[91] /home/travis/build/icyphy/ptII/ptolemy/domains/modal/test/auto/ModalModelWithMultirateTransient.xml (RunModel)" time="0.06" />
  <testcase classname="ptolemy.util.test.junit.AutoTests" name="[92] /home/travis/build/icyphy/ptII/ptolemy/domains/modal/test/auto/ModalModelWithReset.xml (RunModel)" time="0.054" />
  <testcase classname="ptolemy.util.test.junit.AutoTests" name="[93] /home/travis/build/icyphy/ptII/ptolemy/domains/modal/test/auto/MouseClickFSM.xml (RunModel)" time="0.05" />
  <testcase classname="ptolemy.util.test.junit.AutoTests" name="[94] /home/travis/build/icyphy/ptII/ptolemy/domains/modal/test/auto/MouseClickFSMModal.xml (RunModel)" time="0.038" />
  <testcase classname="ptolemy.util.test.junit.AutoTests" name="[95] /home/travis/build/icyphy/ptII/ptolemy/domains/modal/test/auto/NonStrictFSM_FeedbackLoop.xml (RunModel)" time="0.051" />
  <testcase classname="ptolemy.util.test.junit.AutoTests" name="[96] /home/travis/build/icyphy/ptII/ptolemy/domains/modal/test/auto/NonStrictFSM_FeedbackLoop_Refinement.xml (RunModel)" time="0.108" />
  <testcase classname="ptolemy.util.test.junit.AutoTests" name="[97] /home/travis/build/icyphy/ptII/ptolemy/domains/modal/test/auto/NonStrictFSM_FeedbackLoop_preemptive.xml (RunModel)" time="0.052" />
  <testcase classname="ptolemy.util.test.junit.AutoTests" name="[98] /home/travis/build/icyphy/ptII/ptolemy/domains/modal/test/auto/NormalTermination.xml (RunModel)" time="0.043" />
  <testcase classname="ptolemy.util.test.junit.AutoTests" name="[99] /home/travis/build/icyphy/ptII/ptolemy/domains/modal/test/auto/Pong.xml (RunModel)" time="0.078" />
  <testcase classname="ptolemy.util.test.junit.AutoTests" name="[100] /home/travis/build/icyphy/ptII/ptolemy/domains/modal/test/auto/Pong_test.xml (RunModel)" time="0.111" />
  <testcase classname="ptolemy.util.test.junit.AutoTests" name="[101] /home/travis/build/icyphy/ptII/ptolemy/domains/modal/test/auto/PreemptionHierarchy.xml (RunModel)" time="0.028" />
  <testcase classname="ptolemy.util.test.junit.AutoTests" name="[102] /home/travis/build/icyphy/ptII/ptolemy/domains/modal/test/auto/PreemptionHierarchy2.xml (RunModel)" time="0.032" />
  <testcase classname="ptolemy.util.test.junit.AutoTests" name="[103] /home/travis/build/icyphy/ptII/ptolemy/domains/modal/test/auto/PreemptiveTransition.xml (RunModel)" time="0.032" />
  <testcase classname="ptolemy.util.test.junit.AutoTests" name="[104] /home/travis/build/icyphy/ptII/ptolemy/domains/modal/test/auto/Priorities.xml (RunModel)" time="0.109" />
  <testcase classname="ptolemy.util.test.junit.AutoTests" name="[105] /home/travis/build/icyphy/ptII/ptolemy/domains/modal/test/auto/ResetFinal.xml (RunModel)" time="0.045" />
  <testcase classname="ptolemy.util.test.junit.AutoTests" name="[106] /home/travis/build/icyphy/ptII/ptolemy/domains/modal/test/auto/ResetFinal2.xml (RunModel)" time="0.033" />
  <testcase classname="ptolemy.util.test.junit.AutoTests" name="[107] /home/travis/build/icyphy/ptII/ptolemy/domains/modal/test/auto/ResetTransitionWithStartTime.xml (RunModel)" time="0.032" />
  <testcase classname="ptolemy.util.test.junit.AutoTests" name="[108] /home/travis/build/icyphy/ptII/ptolemy/domains/modal/test/auto/SDF-FSMComposite.xml (RunModel)" time="0.022" />
  <testcase classname="ptolemy.util.test.junit.AutoTests" name="[109] /home/travis/build/icyphy/ptII/ptolemy/domains/modal/test/auto/SeeminglyNondeterminate.xml (RunModel)" time="0.081" />
  <testcase classname="ptolemy.util.test.junit.AutoTests" name="[110] /home/travis/build/icyphy/ptII/ptolemy/domains/modal/test/auto/SeeminglyNondeterminate2.xml (RunModel)" time="0.078" />
  <testcase classname="ptolemy.util.test.junit.AutoTests" name="[111] /home/travis/build/icyphy/ptII/ptolemy/domains/modal/test/auto/SpontaneousFSM.xml (RunModel)" time="0.043" />
  <testcase classname="ptolemy.util.test.junit.AutoTests" name="[112] /home/travis/build/icyphy/ptII/ptolemy/domains/modal/test/auto/SpontaneousFSM2.xml (RunModel)" time="0.04" />
  <testcase classname="ptolemy.util.test.junit.AutoTests" name="[113] /home/travis/build/icyphy/ptII/ptolemy/domains/modal/test/auto/SpontaneousFSM3.xml (RunModel)" time="0.053" />
  <testcase classname="ptolemy.util.test.junit.AutoTests" name="[114] /home/travis/build/icyphy/ptII/ptolemy/domains/modal/test/auto/SpontaneousFSM4.xml (RunModel)" time="0.053" />
  <testcase classname="ptolemy.util.test.junit.AutoTests" name="[115] /home/travis/build/icyphy/ptII/ptolemy/domains/modal/test/auto/StateTrackerTest.xml (RunModel)" time="0.083" />
  <testcase classname="ptolemy.util.test.junit.AutoTests" name="[116] /home/travis/build/icyphy/ptII/ptolemy/domains/modal/test/auto/StrongImmediateTransition.xml (RunModel)" time="0.024" />
  <testcase classname="ptolemy.util.test.junit.AutoTests" name="[117] /home/travis/build/icyphy/ptII/ptolemy/domains/modal/test/auto/SustainHierarchy.xml (RunModel)" time="0.031" />
  <testcase classname="ptolemy.util.test.junit.AutoTests" name="[118] /home/travis/build/icyphy/ptII/ptolemy/domains/modal/test/auto/TerminationTransition1.xml (RunModel)" time="0.02" />
  <testcase classname="ptolemy.util.test.junit.AutoTests" name="[119] /home/travis/build/icyphy/ptII/ptolemy/domains/modal/test/auto/TerminationTransition2.xml (RunModel)" time="0.028" />
  <testcase classname="ptolemy.util.test.junit.AutoTests" name="[120] /home/travis/build/icyphy/ptII/ptolemy/domains/modal/test/auto/TerminationTransition3.xml (RunModel)" time="0.024" />
  <testcase classname="ptolemy.util.test.junit.AutoTests" name="[121] /home/travis/build/icyphy/ptII/ptolemy/domains/modal/test/auto/TerminationTransition4.xml (RunModel)" time="0.035" />
  <testcase classname="ptolemy.util.test.junit.AutoTests" name="[122] /home/travis/build/icyphy/ptII/ptolemy/domains/modal/test/auto/TerminationTransition5.xml (RunModel)" time="0.032" />
  <testcase classname="ptolemy.util.test.junit.AutoTests" name="[123] /home/travis/build/icyphy/ptII/ptolemy/domains/modal/test/auto/TerminationTransition6.xml (RunModel)" time="0.022" />
  <testcase classname="ptolemy.util.test.junit.AutoTests" name="[124] /home/travis/build/icyphy/ptII/ptolemy/domains/modal/test/auto/TerminationTransition7.xml (RunModel)" time="0.022" />
  <testcase classname="ptolemy.util.test.junit.AutoTests" name="[125] /home/travis/build/icyphy/ptII/ptolemy/domains/modal/test/auto/TerminationTransition8.xml (RunModel)" time="0.026" />
  <testcase classname="ptolemy.util.test.junit.AutoTests" name="[126] /home/travis/build/icyphy/ptII/ptolemy/domains/modal/test/auto/Thermostat_NoHysteresis.xml (RunModel)" time="0.073" />
  <testcase classname="ptolemy.util.test.junit.AutoTests" name="[127] /home/travis/build/icyphy/ptII/ptolemy/domains/modal/test/auto/TimedFSM.xml (RunModel)" time="0.045" />
  <testcase classname="ptolemy.util.test.junit.AutoTests" name="[128] /home/travis/build/icyphy/ptII/ptolemy/domains/modal/test/auto/Timeout1.xml (RunModel)" time="0.02" />
  <testcase classname="ptolemy.util.test.junit.AutoTests" name="[129] /home/travis/build/icyphy/ptII/ptolemy/domains/modal/test/auto/Timeout2.xml (RunModel)" time="0.028" />
  <testcase classname="ptolemy.util.test.junit.AutoTests" name="[130] /home/travis/build/icyphy/ptII/ptolemy/domains/modal/test/auto/Timeout3.xml (RunModel)" time="0.018" />
  <testcase classname="ptolemy.util.test.junit.AutoTests" name="[131] /home/travis/build/icyphy/ptII/ptolemy/domains/modal/test/auto/Timeout4.xml (RunModel)" time="0.016" />
  <testcase classname="ptolemy.util.test.junit.AutoTests" name="[132] /home/travis/build/icyphy/ptII/ptolemy/domains/modal/test/auto/TransientstateModelAdvanced.xml (RunModel)" time="0.029" />
  <testcase classname="ptolemy.util.test.junit.AutoTests" name="[133] /home/travis/build/icyphy/ptII/ptolemy/domains/modal/test/auto/TransientstateModelAdvanced2.xml (RunModel)" time="0.031" />
  <testcase classname="ptolemy.util.test.junit.AutoTests" name="[134] /home/travis/build/icyphy/ptII/ptolemy/domains/modal/test/auto/TransitionRefinements.xml (RunModel)" time="0.027" />
  <testcase classname="ptolemy.util.test.junit.AutoTests" name="[135] /home/travis/build/icyphy/ptII/ptolemy/domains/modal/test/auto/TwoRefinements1.xml (RunModel)" time="0.028" />
  <testcase classname="ptolemy.util.test.junit.AutoTests" name="[136] /home/travis/build/icyphy/ptII/ptolemy/domains/modal/test/auto/TwoRefinements2.xml (RunModel)" time="0.025" />
  <testcase classname="ptolemy.util.test.junit.AutoTests" name="[137] /home/travis/build/icyphy/ptII/ptolemy/domains/modal/test/auto/WeakImmediateTransition.xml (RunModel)" time="0.03" />
  <testcase classname="ptolemy.util.test.junit.AutoTests" name="[138] /home/travis/build/icyphy/ptII/ptolemy/domains/modal/test/auto/booleanSelect.xml (RunModel)" time="0.055" />
  <testcase classname="ptolemy.util.test.junit.AutoTests" name="[139] /home/travis/build/icyphy/ptII/ptolemy/domains/modal/test/auto/modalChangingParams.xml (RunModel)" time="0.299" />
  <testcase classname="ptolemy.util.test.junit.AutoTests" name="[140] /home/travis/build/icyphy/ptII/ptolemy/domains/modal/test/auto/modalModel.xml (RunModel)" time="0.029" />
  <testcase classname="ptolemy.util.test.junit.AutoTests" name="[141] /home/travis/build/icyphy/ptII/ptolemy/domains/modal/test/auto/modalModel2.xml (RunModel)" time="0.037" />
  <testcase classname="ptolemy.util.test.junit.AutoTests" name="[142] /home/travis/build/icyphy/ptII/ptolemy/domains/modal/test/auto/modalModel3.xml (RunModel)" time="0.046" />
  <testcase classname="ptolemy.util.test.junit.AutoTests" name="[143] /home/travis/build/icyphy/ptII/ptolemy/domains/modal/test/auto/model1.xml (RunModel)" time="0.021" />
  <testcase classname="ptolemy.util.test.junit.AutoTests" name="[144] /home/travis/build/icyphy/ptII/ptolemy/domains/modal/test/auto/test-direct-in-out.xml (RunModel)" time="0.027" />
  <system-out><![CDATA[/home/travis/build/icyphy/ptII/ptolemy/domains/modal/test/SystemLevelType.tcl
testDefs.tcl: setting time out to 9000 seconds at Fri Aug 09 05:20:48 UTC 2019
08/09/19 05:20:50
Failed: 0  Total Tests: 1  ((Passed: 1, Newly Passed: 0)  Known Failed: 0) /home/travis/build/icyphy/ptII/ptolemy/domains/modal/test
----------------- testing (KnownFailure) /home/travis/build/icyphy/ptII/ptolemy/domains/modal/test/auto/knownFailedTests/CannotAnalysisWithPreemption.xml
157 ms. Memory: 120832K Free: 45510K (38%)
Known Failure: java.lang.reflect.InvocationTargetException
No auto/linux-amd64/*.xml tests in /home/travis/build/icyphy/ptII/ptolemy/domains/modal/test
AutoTests.java: About to close Vertx.
AutoTests.java: Vertx closed.

===========================================================================================
----------------- testing Fri Aug 09 05:20:51 UTC 2019 /home/travis/build/icyphy/ptII/ptolemy/domains/modal/test/auto/ABPTest.xml
----------------- Instantiating /home/travis/build/icyphy/ptII/ptolemy/domains/modal/test/auto/ABPTest.xml
381 ms. Memory: 145408K Free: 91322K (63%)
----------------- Invoking toplevel() on ptolemy.moml.MoMLSimpleApplication@c1d4517
----------------- Done invoking toplevel() on ptolemy.moml.MoMLSimpleApplication@c1d4517
reloadAllAccessors: .ABPTest

===========================================================================================
----------------- testing Fri Aug 09 05:20:52 UTC 2019 /home/travis/build/icyphy/ptII/ptolemy/domains/modal/test/auto/ABROFlat.xml
----------------- Instantiating /home/travis/build/icyphy/ptII/ptolemy/domains/modal/test/auto/ABROFlat.xml
19 ms. Memory: 145408K Free: 75278K (52%)
----------------- Invoking toplevel() on ptolemy.moml.MoMLSimpleApplication@7e71e3a3
----------------- Done invoking toplevel() on ptolemy.moml.MoMLSimpleApplication@7e71e3a3
reloadAllAccessors: .ABROFlat

===========================================================================================
----------------- testing Fri Aug 09 05:20:52 UTC 2019 /home/travis/build/icyphy/ptII/ptolemy/domains/modal/test/auto/ABROFlat2.xml
----------------- Instantiating /home/travis/build/icyphy/ptII/ptolemy/domains/modal/test/auto/ABROFlat2.xml
13 ms. Memory: 145408K Free: 58428K (40%)
----------------- Invoking toplevel() on ptolemy.moml.MoMLSimpleApplication@3f8f07b
----------------- Done invoking toplevel() on ptolemy.moml.MoMLSimpleApplication@3f8f07b
reloadAllAccessors: .ABROFlat2

===========================================================================================
----------------- testing Fri Aug 09 05:20:52 UTC 2019 /home/travis/build/icyphy/ptII/ptolemy/domains/modal/test/auto/ABRO_present_hmm.xml
----------------- Instantiating /home/travis/build/icyphy/ptII/ptolemy/domains/modal/test/auto/ABRO_present_hmm.xml
25 ms. Memory: 145408K Free: 102102K (70%)
----------------- Invoking toplevel() on ptolemy.moml.MoMLSimpleApplication@419dc425
----------------- Done invoking toplevel() on ptolemy.moml.MoMLSimpleApplication@419dc425
reloadAllAccessors: .ABRO_present_hmm

===========================================================================================
----------------- testing Fri Aug 09 05:20:52 UTC 2019 /home/travis/build/icyphy/ptII/ptolemy/domains/modal/test/auto/AMICoderExample.xml
----------------- Instantiating /home/travis/build/icyphy/ptII/ptolemy/domains/modal/test/auto/AMICoderExample.xml
31 ms. Memory: 145408K Free: 91840K (63%)
----------------- Invoking toplevel() on ptolemy.moml.MoMLSimpleApplication@1ce691a
----------------- Done invoking toplevel() on ptolemy.moml.MoMLSimpleApplication@1ce691a
reloadAllAccessors: .AMICoderExample

===========================================================================================
----------------- testing Fri Aug 09 05:20:52 UTC 2019 /home/travis/build/icyphy/ptII/ptolemy/domains/modal/test/auto/AbsentToPresent.xml
----------------- Instantiating /home/travis/build/icyphy/ptII/ptolemy/domains/modal/test/auto/AbsentToPresent.xml
10 ms. Memory: 145408K Free: 87252K (60%)
----------------- Invoking toplevel() on ptolemy.moml.MoMLSimpleApplication@34ec16c6
----------------- Done invoking toplevel() on ptolemy.moml.MoMLSimpleApplication@34ec16c6
reloadAllAccessors: .AbsentToPresent

===========================================================================================
----------------- testing Fri Aug 09 05:20:52 UTC 2019 /home/travis/build/icyphy/ptII/ptolemy/domains/modal/test/auto/Blending.xml
----------------- Instantiating /home/travis/build/icyphy/ptII/ptolemy/domains/modal/test/auto/Blending.xml
231 ms. Memory: 181248K Free: 151334K (83%)
----------------- Invoking toplevel() on ptolemy.moml.MoMLSimpleApplication@4c3e5f51
----------------- Done invoking toplevel() on ptolemy.moml.MoMLSimpleApplication@4c3e5f51
reloadAllAccessors: .Blending

===========================================================================================
----------------- testing Fri Aug 09 05:20:52 UTC 2019 /home/travis/build/icyphy/ptII/ptolemy/domains/modal/test/auto/Broadcast.xml
----------------- Instantiating /home/travis/build/icyphy/ptII/ptolemy/domains/modal/test/auto/Broadcast.xml
19 ms. Memory: 181248K Free: 140566K (78%)
----------------- Invoking toplevel() on ptolemy.moml.MoMLSimpleApplication@79cfc5a6
----------------- Done invoking toplevel() on ptolemy.moml.MoMLSimpleApplication@79cfc5a6
reloadAllAccessors: .Broadcast

===========================================================================================
----------------- testing Fri Aug 09 05:20:52 UTC 2019 /home/travis/build/icyphy/ptII/ptolemy/domains/modal/test/auto/BroadcastHierarchy.xml
----------------- Instantiating /home/travis/build/icyphy/ptII/ptolemy/domains/modal/test/auto/BroadcastHierarchy.xml
19 ms. Memory: 181248K Free: 126758K (70%)
----------------- Invoking toplevel() on ptolemy.moml.MoMLSimpleApplication@647e1681
----------------- Done invoking toplevel() on ptolemy.moml.MoMLSimpleApplication@647e1681
reloadAllAccessors: .BroadcastHierarchy

===========================================================================================
----------------- testing Fri Aug 09 05:20:52 UTC 2019 /home/travis/build/icyphy/ptII/ptolemy/domains/modal/test/auto/BroadcastHierarchy2.xml
----------------- Instantiating /home/travis/build/icyphy/ptII/ptolemy/domains/modal/test/auto/BroadcastHierarchy2.xml
23 ms. Memory: 181248K Free: 99606K (55%)
----------------- Invoking toplevel() on ptolemy.moml.MoMLSimpleApplication@490dd633
----------------- Done invoking toplevel() on ptolemy.moml.MoMLSimpleApplication@490dd633
reloadAllAccessors: .BroadcastHierarchy2

===========================================================================================
----------------- testing Fri Aug 09 05:20:53 UTC 2019 /home/travis/build/icyphy/ptII/ptolemy/domains/modal/test/auto/BroadcastHierarchy3.xml
----------------- Instantiating /home/travis/build/icyphy/ptII/ptolemy/domains/modal/test/auto/BroadcastHierarchy3.xml
14 ms. Memory: 181248K Free: 78630K (43%)
----------------- Invoking toplevel() on ptolemy.moml.MoMLSimpleApplication@123fafec
----------------- Done invoking toplevel() on ptolemy.moml.MoMLSimpleApplication@123fafec
reloadAllAccessors: .BroadcastHierarchy3

===========================================================================================
----------------- testing Fri Aug 09 05:20:53 UTC 2019 /home/travis/build/icyphy/ptII/ptolemy/domains/modal/test/auto/BroadcastHierarchy4.xml
----------------- Instantiating /home/travis/build/icyphy/ptII/ptolemy/domains/modal/test/auto/BroadcastHierarchy4.xml
13 ms. Memory: 181248K Free: 141689K (78%)
----------------- Invoking toplevel() on ptolemy.moml.MoMLSimpleApplication@1ae748ec
----------------- Done invoking toplevel() on ptolemy.moml.MoMLSimpleApplication@1ae748ec
reloadAllAccessors: .BroadcastHierarchy4

===========================================================================================
----------------- testing Fri Aug 09 05:20:53 UTC 2019 /home/travis/build/icyphy/ptII/ptolemy/domains/modal/test/auto/CannotAnalysisWithPreemption2.xml
----------------- Instantiating /home/travis/build/icyphy/ptII/ptolemy/domains/modal/test/auto/CannotAnalysisWithPreemption2.xml
4 ms. Memory: 181248K Free: 133993K (74%)
----------------- Invoking toplevel() on ptolemy.moml.MoMLSimpleApplication@11b7824
----------------- Done invoking toplevel() on ptolemy.moml.MoMLSimpleApplication@11b7824
reloadAllAccessors: .CannotAnalysisWithPreemption2

===========================================================================================
----------------- testing Fri Aug 09 05:20:53 UTC 2019 /home/travis/build/icyphy/ptII/ptolemy/domains/modal/test/auto/CannotAnalysisWithPreemption3.xml
----------------- Instantiating /home/travis/build/icyphy/ptII/ptolemy/domains/modal/test/auto/CannotAnalysisWithPreemption3.xml
5 ms. Memory: 181248K Free: 123753K (68%)
----------------- Invoking toplevel() on ptolemy.moml.MoMLSimpleApplication@56a1bb7c
----------------- Done invoking toplevel() on ptolemy.moml.MoMLSimpleApplication@56a1bb7c
reloadAllAccessors: .CannotAnalysisWithPreemption3

===========================================================================================
----------------- testing Fri Aug 09 05:20:53 UTC 2019 /home/travis/build/icyphy/ptII/ptolemy/domains/modal/test/auto/CannotProduce.xml
----------------- Instantiating /home/travis/build/icyphy/ptII/ptolemy/domains/modal/test/auto/CannotProduce.xml
15 ms. Memory: 181248K Free: 117113K (65%)
----------------- Invoking toplevel() on ptolemy.moml.MoMLSimpleApplication@8577ff2
----------------- Done invoking toplevel() on ptolemy.moml.MoMLSimpleApplication@8577ff2
reloadAllAccessors: .CannotProduce

===========================================================================================
----------------- testing Fri Aug 09 05:20:53 UTC 2019 /home/travis/build/icyphy/ptII/ptolemy/domains/modal/test/auto/CannotProduceModal.xml
----------------- Instantiating /home/travis/build/icyphy/ptII/ptolemy/domains/modal/test/auto/CannotProduceModal.xml
6 ms. Memory: 181248K Free: 110449K (61%)
----------------- Invoking toplevel() on ptolemy.moml.MoMLSimpleApplication@4af5eb51
----------------- Done invoking toplevel() on ptolemy.moml.MoMLSimpleApplication@4af5eb51
reloadAllAccessors: .CannotProduceModal

===========================================================================================
----------------- testing Fri Aug 09 05:20:53 UTC 2019 /home/travis/build/icyphy/ptII/ptolemy/domains/modal/test/auto/Case.xml
----------------- Instantiating /home/travis/build/icyphy/ptII/ptolemy/domains/modal/test/auto/Case.xml
35 ms. Memory: 181248K Free: 99191K (55%)
----------------- Invoking toplevel() on ptolemy.moml.MoMLSimpleApplication@647c8e3c
----------------- Done invoking toplevel() on ptolemy.moml.MoMLSimpleApplication@647c8e3c
reloadAllAccessors: .Case

===========================================================================================
----------------- testing Fri Aug 09 05:20:53 UTC 2019 /home/travis/build/icyphy/ptII/ptolemy/domains/modal/test/auto/Case1.xml
----------------- Instantiating /home/travis/build/icyphy/ptII/ptolemy/domains/modal/test/auto/Case1.xml
6 ms. Memory: 181248K Free: 92023K (51%)
----------------- Invoking toplevel() on ptolemy.moml.MoMLSimpleApplication@506632f5
----------------- Done invoking toplevel() on ptolemy.moml.MoMLSimpleApplication@506632f5
reloadAllAccessors: .Case1

===========================================================================================
----------------- testing Fri Aug 09 05:20:53 UTC 2019 /home/travis/build/icyphy/ptII/ptolemy/domains/modal/test/auto/Case2.xml
----------------- Instantiating /home/travis/build/icyphy/ptII/ptolemy/domains/modal/test/auto/Case2.xml
29 ms. Memory: 181248K Free: 81273K (45%)
----------------- Invoking toplevel() on ptolemy.moml.MoMLSimpleApplication@40c2f6e9
----------------- Done invoking toplevel() on ptolemy.moml.MoMLSimpleApplication@40c2f6e9
reloadAllAccessors: .Case2

===========================================================================================
----------------- testing Fri Aug 09 05:20:53 UTC 2019 /home/travis/build/icyphy/ptII/ptolemy/domains/modal/test/auto/CausalityInterface1.xml
----------------- Instantiating /home/travis/build/icyphy/ptII/ptolemy/domains/modal/test/auto/CausalityInterface1.xml
5 ms. Memory: 181248K Free: 76153K (42%)
----------------- Invoking toplevel() on ptolemy.moml.MoMLSimpleApplication@37fea69c
----------------- Done invoking toplevel() on ptolemy.moml.MoMLSimpleApplication@37fea69c
reloadAllAccessors: .CausalityInterface1

===========================================================================================
----------------- testing Fri Aug 09 05:20:53 UTC 2019 /home/travis/build/icyphy/ptII/ptolemy/domains/modal/test/auto/CausalityInterface10.xml
----------------- Instantiating /home/travis/build/icyphy/ptII/ptolemy/domains/modal/test/auto/CausalityInterface10.xml
19 ms. Memory: 181248K Free: 62841K (35%)
----------------- Invoking toplevel() on ptolemy.moml.MoMLSimpleApplication@78114965
----------------- Done invoking toplevel() on ptolemy.moml.MoMLSimpleApplication@78114965
reloadAllAccessors: .CausalityInterface10

===========================================================================================
----------------- testing Fri Aug 09 05:20:53 UTC 2019 /home/travis/build/icyphy/ptII/ptolemy/domains/modal/test/auto/CausalityInterface11.xml
----------------- Instantiating /home/travis/build/icyphy/ptII/ptolemy/domains/modal/test/auto/CausalityInterface11.xml
8 ms. Memory: 181248K Free: 153915K (85%)
----------------- Invoking toplevel() on ptolemy.moml.MoMLSimpleApplication@17105b14
----------------- Done invoking toplevel() on ptolemy.moml.MoMLSimpleApplication@17105b14
reloadAllAccessors: .CausalityInterface11

===========================================================================================
----------------- testing Fri Aug 09 05:20:53 UTC 2019 /home/travis/build/icyphy/ptII/ptolemy/domains/modal/test/auto/CausalityInterface12.xml
----------------- Instantiating /home/travis/build/icyphy/ptII/ptolemy/domains/modal/test/auto/CausalityInterface12.xml
6 ms. Memory: 181248K Free: 140573K (78%)
----------------- Invoking toplevel() on ptolemy.moml.MoMLSimpleApplication@6952239c
----------------- Done invoking toplevel() on ptolemy.moml.MoMLSimpleApplication@6952239c
reloadAllAccessors: .CausalityInterface12

===========================================================================================
----------------- testing Fri Aug 09 05:20:53 UTC 2019 /home/travis/build/icyphy/ptII/ptolemy/domains/modal/test/auto/CausalityInterface13.xml
----------------- Instantiating /home/travis/build/icyphy/ptII/ptolemy/domains/modal/test/auto/CausalityInterface13.xml
13 ms. Memory: 181248K Free: 126781K (70%)
----------------- Invoking toplevel() on ptolemy.moml.MoMLSimpleApplication@1f3af84
----------------- Done invoking toplevel() on ptolemy.moml.MoMLSimpleApplication@1f3af84
reloadAllAccessors: .CausalityInterface13

===========================================================================================
----------------- testing Fri Aug 09 05:20:53 UTC 2019 /home/travis/build/icyphy/ptII/ptolemy/domains/modal/test/auto/CausalityInterface14.xml
----------------- Instantiating /home/travis/build/icyphy/ptII/ptolemy/domains/modal/test/auto/CausalityInterface14.xml
9 ms. Memory: 181248K Free: 112941K (62%)
----------------- Invoking toplevel() on ptolemy.moml.MoMLSimpleApplication@6d3963af
----------------- Done invoking toplevel() on ptolemy.moml.MoMLSimpleApplication@6d3963af
reloadAllAccessors: .CausalityInterface14

===========================================================================================
----------------- testing Fri Aug 09 05:20:53 UTC 2019 /home/travis/build/icyphy/ptII/ptolemy/domains/modal/test/auto/CausalityInterface2.xml
----------------- Instantiating /home/travis/build/icyphy/ptII/ptolemy/domains/modal/test/auto/CausalityInterface2.xml
7 ms. Memory: 181248K Free: 106797K (59%)
----------------- Invoking toplevel() on ptolemy.moml.MoMLSimpleApplication@3d757bf5
----------------- Done invoking toplevel() on ptolemy.moml.MoMLSimpleApplication@3d757bf5
reloadAllAccessors: .CausalityInterface2

===========================================================================================
----------------- testing Fri Aug 09 05:20:54 UTC 2019 /home/travis/build/icyphy/ptII/ptolemy/domains/modal/test/auto/CausalityInterface3.xml
----------------- Instantiating /home/travis/build/icyphy/ptII/ptolemy/domains/modal/test/auto/CausalityInterface3.xml
4 ms. Memory: 181248K Free: 100157K (55%)
----------------- Invoking toplevel() on ptolemy.moml.MoMLSimpleApplication@3024c664
----------------- Done invoking toplevel() on ptolemy.moml.MoMLSimpleApplication@3024c664
reloadAllAccessors: .CausalityInterface3

===========================================================================================
----------------- testing Fri Aug 09 05:20:54 UTC 2019 /home/travis/build/icyphy/ptII/ptolemy/domains/modal/test/auto/CausalityInterface4.xml
----------------- Instantiating /home/travis/build/icyphy/ptII/ptolemy/domains/modal/test/auto/CausalityInterface4.xml
5 ms. Memory: 181248K Free: 94013K (52%)
----------------- Invoking toplevel() on ptolemy.moml.MoMLSimpleApplication@1af740e9
----------------- Done invoking toplevel() on ptolemy.moml.MoMLSimpleApplication@1af740e9
reloadAllAccessors: .CausalityInterface4

===========================================================================================
----------------- testing Fri Aug 09 05:20:54 UTC 2019 /home/travis/build/icyphy/ptII/ptolemy/domains/modal/test/auto/CausalityInterface5.xml
----------------- Instantiating /home/travis/build/icyphy/ptII/ptolemy/domains/modal/test/auto/CausalityInterface5.xml
9 ms. Memory: 181248K Free: 85293K (47%)
----------------- Invoking toplevel() on ptolemy.moml.MoMLSimpleApplication@10082ee9
----------------- Done invoking toplevel() on ptolemy.moml.MoMLSimpleApplication@10082ee9
reloadAllAccessors: .CausalityInterface5

===========================================================================================
----------------- testing Fri Aug 09 05:20:54 UTC 2019 /home/travis/build/icyphy/ptII/ptolemy/domains/modal/test/auto/CausalityInterface6.xml
----------------- Instantiating /home/travis/build/icyphy/ptII/ptolemy/domains/modal/test/auto/CausalityInterface6.xml
11 ms. Memory: 181248K Free: 77085K (43%)
----------------- Invoking toplevel() on ptolemy.moml.MoMLSimpleApplication@1f822562
----------------- Done invoking toplevel() on ptolemy.moml.MoMLSimpleApplication@1f822562
reloadAllAccessors: .CausalityInterface6

===========================================================================================
----------------- testing Fri Aug 09 05:20:54 UTC 2019 /home/travis/build/icyphy/ptII/ptolemy/domains/modal/test/auto/CausalityInterface7.xml
----------------- Instantiating /home/travis/build/icyphy/ptII/ptolemy/domains/modal/test/auto/CausalityInterface7.xml
5 ms. Memory: 181248K Free: 68923K (38%)
----------------- Invoking toplevel() on ptolemy.moml.MoMLSimpleApplication@6d00443c
----------------- Done invoking toplevel() on ptolemy.moml.MoMLSimpleApplication@6d00443c
reloadAllAccessors: .CausalityInterface7

===========================================================================================
----------------- testing Fri Aug 09 05:20:54 UTC 2019 /home/travis/build/icyphy/ptII/ptolemy/domains/modal/test/auto/CausalityInterface8.xml
----------------- Instantiating /home/travis/build/icyphy/ptII/ptolemy/domains/modal/test/auto/CausalityInterface8.xml
7 ms. Memory: 181248K Free: 60221K (33%)
----------------- Invoking toplevel() on ptolemy.moml.MoMLSimpleApplication@14aa4d85
----------------- Done invoking toplevel() on ptolemy.moml.MoMLSimpleApplication@14aa4d85
reloadAllAccessors: .CausalityInterface8

===========================================================================================
----------------- testing Fri Aug 09 05:20:54 UTC 2019 /home/travis/build/icyphy/ptII/ptolemy/domains/modal/test/auto/CausalityInterface9.xml
----------------- Instantiating /home/travis/build/icyphy/ptII/ptolemy/domains/modal/test/auto/CausalityInterface9.xml
4 ms. Memory: 181248K Free: 155069K (86%)
----------------- Invoking toplevel() on ptolemy.moml.MoMLSimpleApplication@74cf804b
----------------- Done invoking toplevel() on ptolemy.moml.MoMLSimpleApplication@74cf804b
reloadAllAccessors: .CausalityInterface9

===========================================================================================
----------------- testing Fri Aug 09 05:20:54 UTC 2019 /home/travis/build/icyphy/ptII/ptolemy/domains/modal/test/auto/ChainedTransitions.xml
----------------- Instantiating /home/travis/build/icyphy/ptII/ptolemy/domains/modal/test/auto/ChainedTransitions.xml
95 ms. Memory: 181248K Free: 129965K (72%)
----------------- Invoking toplevel() on ptolemy.moml.MoMLSimpleApplication@79ff445b
----------------- Done invoking toplevel() on ptolemy.moml.MoMLSimpleApplication@79ff445b
reloadAllAccessors: .ChainedTransitions

===========================================================================================
----------------- testing Fri Aug 09 05:20:54 UTC 2019 /home/travis/build/icyphy/ptII/ptolemy/domains/modal/test/auto/CycleOfImmediateTransitionsFSM.xml
----------------- Instantiating /home/travis/build/icyphy/ptII/ptolemy/domains/modal/test/auto/CycleOfImmediateTransitionsFSM.xml
3 ms. Memory: 181248K Free: 124349K (69%)
----------------- Invoking toplevel() on ptolemy.moml.MoMLSimpleApplication@69b0e75f
----------------- Done invoking toplevel() on ptolemy.moml.MoMLSimpleApplication@69b0e75f
reloadAllAccessors: .CycleOfImmediateTransitionsFSM

===========================================================================================
----------------- testing Fri Aug 09 05:20:54 UTC 2019 /home/travis/build/icyphy/ptII/ptolemy/domains/modal/test/auto/CycleOfImmediateTransitionsModal.xml
----------------- Instantiating /home/travis/build/icyphy/ptII/ptolemy/domains/modal/test/auto/CycleOfImmediateTransitionsModal.xml
3 ms. Memory: 181248K Free: 118205K (65%)
----------------- Invoking toplevel() on ptolemy.moml.MoMLSimpleApplication@20fa176e
----------------- Done invoking toplevel() on ptolemy.moml.MoMLSimpleApplication@20fa176e
reloadAllAccessors: .CycleOfImmediateTransitionsModal

===========================================================================================
----------------- testing Fri Aug 09 05:20:54 UTC 2019 /home/travis/build/icyphy/ptII/ptolemy/domains/modal/test/auto/CycleOfImmediateTransitionsModal2.xml
----------------- Instantiating /home/travis/build/icyphy/ptII/ptolemy/domains/modal/test/auto/CycleOfImmediateTransitionsModal2.xml
2 ms. Memory: 181248K Free: 112061K (62%)
----------------- Invoking toplevel() on ptolemy.moml.MoMLSimpleApplication@2ef8d271
----------------- Done invoking toplevel() on ptolemy.moml.MoMLSimpleApplication@2ef8d271
reloadAllAccessors: .CycleOfImmediateTransitionsModal2

===========================================================================================
----------------- testing Fri Aug 09 05:20:54 UTC 2019 /home/travis/build/icyphy/ptII/ptolemy/domains/modal/test/auto/CycleOfImmediateTransitionsModal3.xml
----------------- Instantiating /home/travis/build/icyphy/ptII/ptolemy/domains/modal/test/auto/CycleOfImmediateTransitionsModal3.xml
8 ms. Memory: 181248K Free: 89533K (49%)
----------------- Invoking toplevel() on ptolemy.moml.MoMLSimpleApplication@242b4106
----------------- Done invoking toplevel() on ptolemy.moml.MoMLSimpleApplication@242b4106
reloadAllAccessors: .CycleOfImmediateTransitionsModal3

===========================================================================================
----------------- testing Fri Aug 09 05:20:54 UTC 2019 /home/travis/build/icyphy/ptII/ptolemy/domains/modal/test/auto/DeepModal1.xml
----------------- Instantiating /home/travis/build/icyphy/ptII/ptolemy/domains/modal/test/auto/DeepModal1.xml
39 ms. Memory: 181248K Free: 75197K (41%)
----------------- Invoking toplevel() on ptolemy.moml.MoMLSimpleApplication@275fd563
----------------- Done invoking toplevel() on ptolemy.moml.MoMLSimpleApplication@275fd563
reloadAllAccessors: .DeepModal1

===========================================================================================
----------------- testing Fri Aug 09 05:20:54 UTC 2019 /home/travis/build/icyphy/ptII/ptolemy/domains/modal/test/auto/DeepModal2.xml
----------------- Instantiating /home/travis/build/icyphy/ptII/ptolemy/domains/modal/test/auto/DeepModal2.xml
46 ms. Memory: 218112K Free: 197106K (90%)
----------------- Invoking toplevel() on ptolemy.moml.MoMLSimpleApplication@22af3c66
----------------- Done invoking toplevel() on ptolemy.moml.MoMLSimpleApplication@22af3c66
reloadAllAccessors: .DeepModal2

===========================================================================================
----------------- testing Fri Aug 09 05:20:54 UTC 2019 /home/travis/build/icyphy/ptII/ptolemy/domains/modal/test/auto/DeepModal3.xml
----------------- Instantiating /home/travis/build/icyphy/ptII/ptolemy/domains/modal/test/auto/DeepModal3.xml
32 ms. Memory: 218112K Free: 177481K (81%)
----------------- Invoking toplevel() on ptolemy.moml.MoMLSimpleApplication@8acaecb
----------------- Done invoking toplevel() on ptolemy.moml.MoMLSimpleApplication@8acaecb
reloadAllAccessors: .DeepModal3

===========================================================================================
----------------- testing Fri Aug 09 05:20:54 UTC 2019 /home/travis/build/icyphy/ptII/ptolemy/domains/modal/test/auto/DeepModal4.xml
----------------- Instantiating /home/travis/build/icyphy/ptII/ptolemy/domains/modal/test/auto/DeepModal4.xml
36 ms. Memory: 218112K Free: 158011K (72%)
----------------- Invoking toplevel() on ptolemy.moml.MoMLSimpleApplication@b18c469
----------------- Done invoking toplevel() on ptolemy.moml.MoMLSimpleApplication@b18c469
reloadAllAccessors: .DeepModal4

===========================================================================================
----------------- testing Fri Aug 09 05:20:54 UTC 2019 /home/travis/build/icyphy/ptII/ptolemy/domains/modal/test/auto/Default1.xml
----------------- Instantiating /home/travis/build/icyphy/ptII/ptolemy/domains/modal/test/auto/Default1.xml
3 ms. Memory: 218112K Free: 151881K (70%)
----------------- Invoking toplevel() on ptolemy.moml.MoMLSimpleApplication@55b1823f
----------------- Done invoking toplevel() on ptolemy.moml.MoMLSimpleApplication@55b1823f
reloadAllAccessors: .Default1

===========================================================================================
----------------- testing Fri Aug 09 05:20:54 UTC 2019 /home/travis/build/icyphy/ptII/ptolemy/domains/modal/test/auto/Default2.xml
----------------- Instantiating /home/travis/build/icyphy/ptII/ptolemy/domains/modal/test/auto/Default2.xml
9 ms. Memory: 218112K Free: 146249K (67%)
----------------- Invoking toplevel() on ptolemy.moml.MoMLSimpleApplication@b74de2
----------------- Done invoking toplevel() on ptolemy.moml.MoMLSimpleApplication@b74de2
reloadAllAccessors: .Default2

===========================================================================================
----------------- testing Fri Aug 09 05:20:54 UTC 2019 /home/travis/build/icyphy/ptII/ptolemy/domains/modal/test/auto/Default3.xml
----------------- Instantiating /home/travis/build/icyphy/ptII/ptolemy/domains/modal/test/auto/Default3.xml
6 ms. Memory: 218112K Free: 140617K (64%)
----------------- Invoking toplevel() on ptolemy.moml.MoMLSimpleApplication@40a5d761
----------------- Done invoking toplevel() on ptolemy.moml.MoMLSimpleApplication@40a5d761
reloadAllAccessors: .Default3

===========================================================================================
----------------- testing Fri Aug 09 05:20:54 UTC 2019 /home/travis/build/icyphy/ptII/ptolemy/domains/modal/test/auto/Default4.xml
----------------- Instantiating /home/travis/build/icyphy/ptII/ptolemy/domains/modal/test/auto/Default4.xml
2 ms. Memory: 218112K Free: 134473K (62%)
----------------- Invoking toplevel() on ptolemy.moml.MoMLSimpleApplication@7781329
----------------- Done invoking toplevel() on ptolemy.moml.MoMLSimpleApplication@7781329
reloadAllAccessors: .Default4

===========================================================================================
----------------- testing Fri Aug 09 05:20:55 UTC 2019 /home/travis/build/icyphy/ptII/ptolemy/domains/modal/test/auto/Default5.xml
----------------- Instantiating /home/travis/build/icyphy/ptII/ptolemy/domains/modal/test/auto/Default5.xml
7 ms. Memory: 218112K Free: 126267K (58%)
----------------- Invoking toplevel() on ptolemy.moml.MoMLSimpleApplication@60269dcc
----------------- Done invoking toplevel() on ptolemy.moml.MoMLSimpleApplication@60269dcc
reloadAllAccessors: .Default5

===========================================================================================
----------------- testing Fri Aug 09 05:20:55 UTC 2019 /home/travis/build/icyphy/ptII/ptolemy/domains/modal/test/auto/EmptyGuard.xml
----------------- Instantiating /home/travis/build/icyphy/ptII/ptolemy/domains/modal/test/auto/EmptyGuard.xml
18 ms. Memory: 218112K Free: 118083K (54%)
----------------- Invoking toplevel() on ptolemy.moml.MoMLSimpleApplication@3587908f
----------------- Done invoking toplevel() on ptolemy.moml.MoMLSimpleApplication@3587908f
reloadAllAccessors: .EmptyGuard

===========================================================================================
----------------- testing Fri Aug 09 05:20:55 UTC 2019 /home/travis/build/icyphy/ptII/ptolemy/domains/modal/test/auto/ErrorTransition1.xml
----------------- Instantiating /home/travis/build/icyphy/ptII/ptolemy/domains/modal/test/auto/ErrorTransition1.xml
12 ms. Memory: 218112K Free: 109387K (50%)
----------------- Invoking toplevel() on ptolemy.moml.MoMLSimpleApplication@12e05809
----------------- Done invoking toplevel() on ptolemy.moml.MoMLSimpleApplication@12e05809
reloadAllAccessors: .ErrorTransition1

===========================================================================================
----------------- testing Fri Aug 09 05:20:55 UTC 2019 /home/travis/build/icyphy/ptII/ptolemy/domains/modal/test/auto/ErrorTransition10.xml
----------------- Instantiating /home/travis/build/icyphy/ptII/ptolemy/domains/modal/test/auto/ErrorTransition10.xml
16 ms. Memory: 218112K Free: 96075K (44%)
----------------- Invoking toplevel() on ptolemy.moml.MoMLSimpleApplication@14c00e20
----------------- Done invoking toplevel() on ptolemy.moml.MoMLSimpleApplication@14c00e20
reloadAllAccessors: .ErrorTransition10

===========================================================================================
----------------- testing Fri Aug 09 05:20:55 UTC 2019 /home/travis/build/icyphy/ptII/ptolemy/domains/modal/test/auto/ErrorTransition11.xml
----------------- Instantiating /home/travis/build/icyphy/ptII/ptolemy/domains/modal/test/auto/ErrorTransition11.xml
7 ms. Memory: 218112K Free: 84811K (39%)
----------------- Invoking toplevel() on ptolemy.moml.MoMLSimpleApplication@2b211a9
----------------- Done invoking toplevel() on ptolemy.moml.MoMLSimpleApplication@2b211a9
reloadAllAccessors: .ErrorTransition11

===========================================================================================
----------------- testing Fri Aug 09 05:20:55 UTC 2019 /home/travis/build/icyphy/ptII/ptolemy/domains/modal/test/auto/ErrorTransition2.xml
----------------- Instantiating /home/travis/build/icyphy/ptII/ptolemy/domains/modal/test/auto/ErrorTransition2.xml
5 ms. Memory: 218112K Free: 76105K (35%)
----------------- Invoking toplevel() on ptolemy.moml.MoMLSimpleApplication@2678ec22
----------------- Done invoking toplevel() on ptolemy.moml.MoMLSimpleApplication@2678ec22
reloadAllAccessors: .ErrorTransition2

===========================================================================================
----------------- testing Fri Aug 09 05:20:55 UTC 2019 /home/travis/build/icyphy/ptII/ptolemy/domains/modal/test/auto/ErrorTransition3.xml
----------------- Instantiating /home/travis/build/icyphy/ptII/ptolemy/domains/modal/test/auto/ErrorTransition3.xml
22 ms. Memory: 218112K Free: 191684K (88%)
----------------- Invoking toplevel() on ptolemy.moml.MoMLSimpleApplication@46b53764
----------------- Done invoking toplevel() on ptolemy.moml.MoMLSimpleApplication@46b53764
reloadAllAccessors: .ErrorTransition3

===========================================================================================
----------------- testing Fri Aug 09 05:20:55 UTC 2019 /home/travis/build/icyphy/ptII/ptolemy/domains/modal/test/auto/ErrorTransition4.xml
----------------- Instantiating /home/travis/build/icyphy/ptII/ptolemy/domains/modal/test/auto/ErrorTransition4.xml
16 ms. Memory: 218112K Free: 180420K (83%)
----------------- Invoking toplevel() on ptolemy.moml.MoMLSimpleApplication@4c12a0e4
----------------- Done invoking toplevel() on ptolemy.moml.MoMLSimpleApplication@4c12a0e4
reloadAllAccessors: .ErrorTransition4

===========================================================================================
----------------- testing Fri Aug 09 05:20:55 UTC 2019 /home/travis/build/icyphy/ptII/ptolemy/domains/modal/test/auto/ErrorTransition5.xml
----------------- Instantiating /home/travis/build/icyphy/ptII/ptolemy/domains/modal/test/auto/ErrorTransition5.xml
6 ms. Memory: 218112K Free: 170180K (78%)
----------------- Invoking toplevel() on ptolemy.moml.MoMLSimpleApplication@1ca53693
----------------- Done invoking toplevel() on ptolemy.moml.MoMLSimpleApplication@1ca53693
reloadAllAccessors: .ErrorTransition5

===========================================================================================
----------------- testing Fri Aug 09 05:20:55 UTC 2019 /home/travis/build/icyphy/ptII/ptolemy/domains/modal/test/auto/ErrorTransition6.xml
----------------- Instantiating /home/travis/build/icyphy/ptII/ptolemy/domains/modal/test/auto/ErrorTransition6.xml
9 ms. Memory: 218112K Free: 159426K (73%)
----------------- Invoking toplevel() on ptolemy.moml.MoMLSimpleApplication@1db67c74
----------------- Done invoking toplevel() on ptolemy.moml.MoMLSimpleApplication@1db67c74
reloadAllAccessors: .ErrorTransition6

===========================================================================================
----------------- testing Fri Aug 09 05:20:55 UTC 2019 /home/travis/build/icyphy/ptII/ptolemy/domains/modal/test/auto/ErrorTransition7.xml
----------------- Instantiating /home/travis/build/icyphy/ptII/ptolemy/domains/modal/test/auto/ErrorTransition7.xml
24 ms. Memory: 218112K Free: 147131K (67%)
----------------- Invoking toplevel() on ptolemy.moml.MoMLSimpleApplication@2763fa11
----------------- Done invoking toplevel() on ptolemy.moml.MoMLSimpleApplication@2763fa11
reloadAllAccessors: .ErrorTransition7

===========================================================================================
----------------- testing Fri Aug 09 05:20:55 UTC 2019 /home/travis/build/icyphy/ptII/ptolemy/domains/modal/test/auto/ErrorTransition8.xml
----------------- Instantiating /home/travis/build/icyphy/ptII/ptolemy/domains/modal/test/auto/ErrorTransition8.xml
25 ms. Memory: 218112K Free: 133826K (61%)
----------------- Invoking toplevel() on ptolemy.moml.MoMLSimpleApplication@15e373a5
----------------- Done invoking toplevel() on ptolemy.moml.MoMLSimpleApplication@15e373a5
reloadAllAccessors: .ErrorTransition8

===========================================================================================
----------------- testing Fri Aug 09 05:20:55 UTC 2019 /home/travis/build/icyphy/ptII/ptolemy/domains/modal/test/auto/ErrorTransition9.xml
----------------- Instantiating /home/travis/build/icyphy/ptII/ptolemy/domains/modal/test/auto/ErrorTransition9.xml
19 ms. Memory: 218112K Free: 120499K (55%)
----------------- Invoking toplevel() on ptolemy.moml.MoMLSimpleApplication@2ac37af3
----------------- Done invoking toplevel() on ptolemy.moml.MoMLSimpleApplication@2ac37af3
reloadAllAccessors: .ErrorTransition9

===========================================================================================
----------------- testing Fri Aug 09 05:20:55 UTC 2019 /home/travis/build/icyphy/ptII/ptolemy/domains/modal/test/auto/ExtendedFSM.xml
----------------- Instantiating /home/travis/build/icyphy/ptII/ptolemy/domains/modal/test/auto/ExtendedFSM.xml
9 ms. Memory: 218112K Free: 111812K (51%)
----------------- Invoking toplevel() on ptolemy.moml.MoMLSimpleApplication@76db74aa
----------------- Done invoking toplevel() on ptolemy.moml.MoMLSimpleApplication@76db74aa
reloadAllAccessors: .ExtendedFSM

===========================================================================================
----------------- testing Fri Aug 09 05:20:55 UTC 2019 /home/travis/build/icyphy/ptII/ptolemy/domains/modal/test/auto/FinalStates.xml
----------------- Instantiating /home/travis/build/icyphy/ptII/ptolemy/domains/modal/test/auto/FinalStates.xml
8 ms. Memory: 218112K Free: 103620K (48%)
----------------- Invoking toplevel() on ptolemy.moml.MoMLSimpleApplication@37e35f06
----------------- Done invoking toplevel() on ptolemy.moml.MoMLSimpleApplication@37e35f06
reloadAllAccessors: .FinalStates

===========================================================================================
----------------- testing Fri Aug 09 05:20:55 UTC 2019 /home/travis/build/icyphy/ptII/ptolemy/domains/modal/test/auto/FixedPointFSM.xml
----------------- Instantiating /home/travis/build/icyphy/ptII/ptolemy/domains/modal/test/auto/FixedPointFSM.xml
22 ms. Memory: 218112K Free: 88770K (41%)
----------------- Invoking toplevel() on ptolemy.moml.MoMLSimpleApplication@14a352cb
----------------- Done invoking toplevel() on ptolemy.moml.MoMLSimpleApplication@14a352cb
reloadAllAccessors: .FixedPointFSM

===========================================================================================
----------------- testing Fri Aug 09 05:20:55 UTC 2019 /home/travis/build/icyphy/ptII/ptolemy/domains/modal/test/auto/FixedPointIterationFSMActor.xml
----------------- Instantiating /home/travis/build/icyphy/ptII/ptolemy/domains/modal/test/auto/FixedPointIterationFSMActor.xml
8 ms. Memory: 218112K Free: 78523K (36%)
----------------- Invoking toplevel() on ptolemy.moml.MoMLSimpleApplication@3c7df530
----------------- Done invoking toplevel() on ptolemy.moml.MoMLSimpleApplication@3c7df530
reloadAllAccessors: .FixedPointIterationFSMActor

===========================================================================================
----------------- testing Fri Aug 09 05:20:55 UTC 2019 /home/travis/build/icyphy/ptII/ptolemy/domains/modal/test/auto/FixedPointIterationFSMActor2.xml
----------------- Instantiating /home/travis/build/icyphy/ptII/ptolemy/domains/modal/test/auto/FixedPointIterationFSMActor2.xml
12 ms. Memory: 218112K Free: 191390K (88%)
----------------- Invoking toplevel() on ptolemy.moml.MoMLSimpleApplication@e2b9bdf
----------------- Done invoking toplevel() on ptolemy.moml.MoMLSimpleApplication@e2b9bdf
reloadAllAccessors: .FixedPointIterationFSMActor2

===========================================================================================
----------------- testing Fri Aug 09 05:20:55 UTC 2019 /home/travis/build/icyphy/ptII/ptolemy/domains/modal/test/auto/ForbiddenInstantanousLoop.xml
----------------- Instantiating /home/travis/build/icyphy/ptII/ptolemy/domains/modal/test/auto/ForbiddenInstantanousLoop.xml
12 ms. Memory: 218112K Free: 179102K (82%)
----------------- Invoking toplevel() on ptolemy.moml.MoMLSimpleApplication@73643678
----------------- Done invoking toplevel() on ptolemy.moml.MoMLSimpleApplication@73643678
reloadAllAccessors: .ForbiddenInstantanousLoop

===========================================================================================
----------------- testing Fri Aug 09 05:20:55 UTC 2019 /home/travis/build/icyphy/ptII/ptolemy/domains/modal/test/auto/FunctionDependencyOfFSMActorTest.xml
----------------- Instantiating /home/travis/build/icyphy/ptII/ptolemy/domains/modal/test/auto/FunctionDependencyOfFSMActorTest.xml
14 ms. Memory: 218112K Free: 171934K (79%)
----------------- Invoking toplevel() on ptolemy.moml.MoMLSimpleApplication@347ea2b9
----------------- Done invoking toplevel() on ptolemy.moml.MoMLSimpleApplication@347ea2b9
reloadAllAccessors: .FunctionDependencyOfFSMActorTest

===========================================================================================
----------------- testing Fri Aug 09 05:20:55 UTC 2019 /home/travis/build/icyphy/ptII/ptolemy/domains/modal/test/auto/GuardExpression.xml
----------------- Instantiating /home/travis/build/icyphy/ptII/ptolemy/domains/modal/test/auto/GuardExpression.xml
2 ms. Memory: 218112K Free: 166828K (76%)
----------------- Invoking toplevel() on ptolemy.moml.MoMLSimpleApplication@619ab010
----------------- Done invoking toplevel() on ptolemy.moml.MoMLSimpleApplication@619ab010
reloadAllAccessors: .GuardExpression

===========================================================================================
----------------- testing Fri Aug 09 05:20:55 UTC 2019 /home/travis/build/icyphy/ptII/ptolemy/domains/modal/test/auto/GuardNotEvaluated.xml
----------------- Instantiating /home/travis/build/icyphy/ptII/ptolemy/domains/modal/test/auto/GuardNotEvaluated.xml
6 ms. Memory: 218112K Free: 158126K (72%)
----------------- Invoking toplevel() on ptolemy.moml.MoMLSimpleApplication@5227b5e
----------------- Done invoking toplevel() on ptolemy.moml.MoMLSimpleApplication@5227b5e
reloadAllAccessors: .GuardNotEvaluated

===========================================================================================
----------------- testing Fri Aug 09 05:20:55 UTC 2019 /home/travis/build/icyphy/ptII/ptolemy/domains/modal/test/auto/GuardNotEvaluated2.xml
----------------- Instantiating /home/travis/build/icyphy/ptII/ptolemy/domains/modal/test/auto/GuardNotEvaluated2.xml
7 ms. Memory: 218112K Free: 148396K (68%)
----------------- Invoking toplevel() on ptolemy.moml.MoMLSimpleApplication@29fc6d79
----------------- Done invoking toplevel() on ptolemy.moml.MoMLSimpleApplication@29fc6d79
reloadAllAccessors: .GuardNotEvaluated2

===========================================================================================
----------------- testing Fri Aug 09 05:20:55 UTC 2019 /home/travis/build/icyphy/ptII/ptolemy/domains/modal/test/auto/GuardOnAbsent.xml
----------------- Instantiating /home/travis/build/icyphy/ptII/ptolemy/domains/modal/test/auto/GuardOnAbsent.xml
9 ms. Memory: 218112K Free: 140718K (65%)
----------------- Invoking toplevel() on ptolemy.moml.MoMLSimpleApplication@3a05be36
----------------- Done invoking toplevel() on ptolemy.moml.MoMLSimpleApplication@3a05be36
reloadAllAccessors: .GuardOnAbsent

===========================================================================================
----------------- testing Fri Aug 09 05:20:55 UTC 2019 /home/travis/build/icyphy/ptII/ptolemy/domains/modal/test/auto/HierarchicalFSMTypeInference.xml
----------------- Instantiating /home/travis/build/icyphy/ptII/ptolemy/domains/modal/test/auto/HierarchicalFSMTypeInference.xml
5 ms. Memory: 218112K Free: 130478K (60%)
----------------- Invoking toplevel() on ptolemy.moml.MoMLSimpleApplication@4b5881d2
----------------- Done invoking toplevel() on ptolemy.moml.MoMLSimpleApplication@4b5881d2
reloadAllAccessors: .HierarchicalFSMTypeInference

===========================================================================================
----------------- testing Fri Aug 09 05:20:56 UTC 2019 /home/travis/build/icyphy/ptII/ptolemy/domains/modal/test/auto/Hysteresis.xml
----------------- Instantiating /home/travis/build/icyphy/ptII/ptolemy/domains/modal/test/auto/Hysteresis.xml
13 ms. Memory: 218112K Free: 117166K (54%)
----------------- Invoking toplevel() on ptolemy.moml.MoMLSimpleApplication@42bccaac
----------------- Done invoking toplevel() on ptolemy.moml.MoMLSimpleApplication@42bccaac
reloadAllAccessors: .Hysteresis

===========================================================================================
----------------- testing Fri Aug 09 05:20:56 UTC 2019 /home/travis/build/icyphy/ptII/ptolemy/domains/modal/test/auto/HysteresisWithDefault.xml
----------------- Instantiating /home/travis/build/icyphy/ptII/ptolemy/domains/modal/test/auto/HysteresisWithDefault.xml
38 ms. Memory: 218112K Free: 94110K (43%)
----------------- Invoking toplevel() on ptolemy.moml.MoMLSimpleApplication@76756112
----------------- Done invoking toplevel() on ptolemy.moml.MoMLSimpleApplication@76756112
reloadAllAccessors: .HysteresisWithDefault

===========================================================================================
----------------- testing Fri Aug 09 05:20:56 UTC 2019 /home/travis/build/icyphy/ptII/ptolemy/domains/modal/test/auto/HysteresisWithDefault2.xml
----------------- Instantiating /home/travis/build/icyphy/ptII/ptolemy/domains/modal/test/auto/HysteresisWithDefault2.xml
62 ms. Memory: 218112K Free: 189802K (87%)
----------------- Invoking toplevel() on ptolemy.moml.MoMLSimpleApplication@3defcf3e
----------------- Done invoking toplevel() on ptolemy.moml.MoMLSimpleApplication@3defcf3e
reloadAllAccessors: .HysteresisWithDefault2

===========================================================================================
----------------- testing Fri Aug 09 05:20:56 UTC 2019 /home/travis/build/icyphy/ptII/ptolemy/domains/modal/test/auto/ImmediateNonConstructiveness.xml
----------------- Instantiating /home/travis/build/icyphy/ptII/ptolemy/domains/modal/test/auto/ImmediateNonConstructiveness.xml
4 ms. Memory: 218112K Free: 182636K (84%)
----------------- Invoking toplevel() on ptolemy.moml.MoMLSimpleApplication@14a71938
----------------- Done invoking toplevel() on ptolemy.moml.MoMLSimpleApplication@14a71938
reloadAllAccessors: .ImmediateNonConstructiveness

===========================================================================================
----------------- testing Fri Aug 09 05:20:56 UTC 2019 /home/travis/build/icyphy/ptII/ptolemy/domains/modal/test/auto/ImmediateNonConstructiveness2.xml
----------------- Instantiating /home/travis/build/icyphy/ptII/ptolemy/domains/modal/test/auto/ImmediateNonConstructiveness2.xml
3 ms. Memory: 218112K Free: 175978K (81%)
----------------- Invoking toplevel() on ptolemy.moml.MoMLSimpleApplication@1807d15c
----------------- Done invoking toplevel() on ptolemy.moml.MoMLSimpleApplication@1807d15c
reloadAllAccessors: .ImmediateNonConstructiveness2

===========================================================================================
----------------- testing Fri Aug 09 05:20:56 UTC 2019 /home/travis/build/icyphy/ptII/ptolemy/domains/modal/test/auto/ImmediateTransitionReset.xml
----------------- Instantiating /home/travis/build/icyphy/ptII/ptolemy/domains/modal/test/auto/ImmediateTransitionReset.xml
6 ms. Memory: 218112K Free: 163690K (75%)
----------------- Invoking toplevel() on ptolemy.moml.MoMLSimpleApplication@5e896c62
----------------- Done invoking toplevel() on ptolemy.moml.MoMLSimpleApplication@5e896c62
reloadAllAccessors: .ImmediateTransitionReset

===========================================================================================
----------------- testing Fri Aug 09 05:20:56 UTC 2019 /home/travis/build/icyphy/ptII/ptolemy/domains/modal/test/auto/ImmediateTransitions1.xml
----------------- Instantiating /home/travis/build/icyphy/ptII/ptolemy/domains/modal/test/auto/ImmediateTransitions1.xml
1 ms. Memory: 218112K Free: 158570K (73%)
----------------- Invoking toplevel() on ptolemy.moml.MoMLSimpleApplication@11109e6
----------------- Done invoking toplevel() on ptolemy.moml.MoMLSimpleApplication@11109e6
reloadAllAccessors: .ImmediateTransitions1

===========================================================================================
----------------- testing Fri Aug 09 05:20:56 UTC 2019 /home/travis/build/icyphy/ptII/ptolemy/domains/modal/test/auto/ImmediateTransitionsInstantaneousCommunication.xml
----------------- Instantiating /home/travis/build/icyphy/ptII/ptolemy/domains/modal/test/auto/ImmediateTransitionsInstantaneousCommunication.xml
4 ms. Memory: 218112K Free: 146282K (67%)
----------------- Invoking toplevel() on ptolemy.moml.MoMLSimpleApplication@2a3a0fa2
----------------- Done invoking toplevel() on ptolemy.moml.MoMLSimpleApplication@2a3a0fa2
reloadAllAccessors: .ImmediateTransitionsInstantaneousCommunication

===========================================================================================
----------------- testing Fri Aug 09 05:20:56 UTC 2019 /home/travis/build/icyphy/ptII/ptolemy/domains/modal/test/auto/InitialImmediateTransition.xml
----------------- Instantiating /home/travis/build/icyphy/ptII/ptolemy/domains/modal/test/auto/InitialImmediateTransition.xml
5 ms. Memory: 218112K Free: 139108K (64%)
----------------- Invoking toplevel() on ptolemy.moml.MoMLSimpleApplication@4ff0fec6
----------------- Done invoking toplevel() on ptolemy.moml.MoMLSimpleApplication@4ff0fec6
reloadAllAccessors: .InitialImmediateTransition

===========================================================================================
----------------- testing Fri Aug 09 05:20:56 UTC 2019 /home/travis/build/icyphy/ptII/ptolemy/domains/modal/test/auto/InitialOutputs.xml
----------------- Instantiating /home/travis/build/icyphy/ptII/ptolemy/domains/modal/test/auto/InitialOutputs.xml
5 ms. Memory: 218112K Free: 132964K (61%)
----------------- Invoking toplevel() on ptolemy.moml.MoMLSimpleApplication@37b7d2c7
----------------- Done invoking toplevel() on ptolemy.moml.MoMLSimpleApplication@37b7d2c7
reloadAllAccessors: .InitialOutputs

===========================================================================================
----------------- testing Fri Aug 09 05:20:56 UTC 2019 /home/travis/build/icyphy/ptII/ptolemy/domains/modal/test/auto/InitialStateTransition1.xml
----------------- Instantiating /home/travis/build/icyphy/ptII/ptolemy/domains/modal/test/auto/InitialStateTransition1.xml
4 ms. Memory: 218112K Free: 125802K (58%)
----------------- Invoking toplevel() on ptolemy.moml.MoMLSimpleApplication@4365d470
----------------- Done invoking toplevel() on ptolemy.moml.MoMLSimpleApplication@4365d470
reloadAllAccessors: .InitialStateTransition1

===========================================================================================
----------------- testing Fri Aug 09 05:20:56 UTC 2019 /home/travis/build/icyphy/ptII/ptolemy/domains/modal/test/auto/InitialStateTransition2.xml
----------------- Instantiating /home/travis/build/icyphy/ptII/ptolemy/domains/modal/test/auto/InitialStateTransition2.xml
.InitialStateTransition2.TestExceptionAttributeNonConstructive: initialize() was not invoked, but wrapup() was.  This is unusual, but not always a problem.  For example, exporting JNLP will do this.
2 ms. Memory: 218112K Free: 118634K (54%)
----------------- Invoking toplevel() on ptolemy.moml.MoMLSimpleApplication@4433caa3
----------------- Done invoking toplevel() on ptolemy.moml.MoMLSimpleApplication@4433caa3
reloadAllAccessors: .InitialStateTransition2

===========================================================================================
----------------- testing Fri Aug 09 05:20:56 UTC 2019 /home/travis/build/icyphy/ptII/ptolemy/domains/modal/test/auto/InitialStateTransition3.xml
----------------- Instantiating /home/travis/build/icyphy/ptII/ptolemy/domains/modal/test/auto/InitialStateTransition3.xml
5 ms. Memory: 218112K Free: 110442K (51%)
----------------- Invoking toplevel() on ptolemy.moml.MoMLSimpleApplication@5d5b60c7
----------------- Done invoking toplevel() on ptolemy.moml.MoMLSimpleApplication@5d5b60c7
reloadAllAccessors: .InitialStateTransition3

===========================================================================================
----------------- testing Fri Aug 09 05:20:56 UTC 2019 /home/travis/build/icyphy/ptII/ptolemy/domains/modal/test/auto/InitialStateTransition4.xml
----------------- Instantiating /home/travis/build/icyphy/ptII/ptolemy/domains/modal/test/auto/InitialStateTransition4.xml
4 ms. Memory: 218112K Free: 100716K (46%)
----------------- Invoking toplevel() on ptolemy.moml.MoMLSimpleApplication@b5c4c3b
----------------- Done invoking toplevel() on ptolemy.moml.MoMLSimpleApplication@b5c4c3b
[...]
reloadAllAccessors: .TerminationTransition3

===========================================================================================
----------------- testing Fri Aug 09 05:20:58 UTC 2019 /home/travis/build/icyphy/ptII/ptolemy/domains/modal/test/auto/TerminationTransition4.xml
----------------- Instantiating /home/travis/build/icyphy/ptII/ptolemy/domains/modal/test/auto/TerminationTransition4.xml
2 ms. Memory: 262144K Free: 137927K (53%)
----------------- Invoking toplevel() on ptolemy.moml.MoMLSimpleApplication@2fe5fcc0
----------------- Done invoking toplevel() on ptolemy.moml.MoMLSimpleApplication@2fe5fcc0
reloadAllAccessors: .TerminationTransition4

===========================================================================================
----------------- testing Fri Aug 09 05:20:58 UTC 2019 /home/travis/build/icyphy/ptII/ptolemy/domains/modal/test/auto/TerminationTransition5.xml
----------------- Instantiating /home/travis/build/icyphy/ptII/ptolemy/domains/modal/test/auto/TerminationTransition5.xml
2 ms. Memory: 262144K Free: 124105K (47%)
----------------- Invoking toplevel() on ptolemy.moml.MoMLSimpleApplication@1d295430
----------------- Done invoking toplevel() on ptolemy.moml.MoMLSimpleApplication@1d295430
reloadAllAccessors: .TerminationTransition5

===========================================================================================
----------------- testing Fri Aug 09 05:20:58 UTC 2019 /home/travis/build/icyphy/ptII/ptolemy/domains/modal/test/auto/TerminationTransition6.xml
----------------- Instantiating /home/travis/build/icyphy/ptII/ptolemy/domains/modal/test/auto/TerminationTransition6.xml
2 ms. Memory: 262144K Free: 115399K (44%)
----------------- Invoking toplevel() on ptolemy.moml.MoMLSimpleApplication@17ead5b3
----------------- Done invoking toplevel() on ptolemy.moml.MoMLSimpleApplication@17ead5b3
reloadAllAccessors: .TerminationTransition6

===========================================================================================
----------------- testing Fri Aug 09 05:20:58 UTC 2019 /home/travis/build/icyphy/ptII/ptolemy/domains/modal/test/auto/TerminationTransition7.xml
----------------- Instantiating /home/travis/build/icyphy/ptII/ptolemy/domains/modal/test/auto/TerminationTransition7.xml
2 ms. Memory: 262144K Free: 106183K (41%)
----------------- Invoking toplevel() on ptolemy.moml.MoMLSimpleApplication@5ffcb4ee
----------------- Done invoking toplevel() on ptolemy.moml.MoMLSimpleApplication@5ffcb4ee
reloadAllAccessors: .TerminationTransition7

===========================================================================================
----------------- testing Fri Aug 09 05:20:58 UTC 2019 /home/travis/build/icyphy/ptII/ptolemy/domains/modal/test/auto/TerminationTransition8.xml
----------------- Instantiating /home/travis/build/icyphy/ptII/ptolemy/domains/modal/test/auto/TerminationTransition8.xml
2 ms. Memory: 262144K Free: 96967K (37%)
----------------- Invoking toplevel() on ptolemy.moml.MoMLSimpleApplication@71c7a983
----------------- Done invoking toplevel() on ptolemy.moml.MoMLSimpleApplication@71c7a983
reloadAllAccessors: .TerminationTransition8

===========================================================================================
----------------- testing Fri Aug 09 05:20:58 UTC 2019 /home/travis/build/icyphy/ptII/ptolemy/domains/modal/test/auto/Thermostat_NoHysteresis.xml
----------------- Instantiating /home/travis/build/icyphy/ptII/ptolemy/domains/modal/test/auto/Thermostat_NoHysteresis.xml
34 ms. Memory: 315392K Free: 278815K (88%)
----------------- Invoking toplevel() on ptolemy.moml.MoMLSimpleApplication@e55f760
----------------- Done invoking toplevel() on ptolemy.moml.MoMLSimpleApplication@e55f760
reloadAllAccessors: .Thermostat_NoHysteresis

===========================================================================================
----------------- testing Fri Aug 09 05:20:58 UTC 2019 /home/travis/build/icyphy/ptII/ptolemy/domains/modal/test/auto/TimedFSM.xml
----------------- Instantiating /home/travis/build/icyphy/ptII/ptolemy/domains/modal/test/auto/TimedFSM.xml
11 ms. Memory: 315392K Free: 267055K (85%)
----------------- Invoking toplevel() on ptolemy.moml.MoMLSimpleApplication@41251fa1
----------------- Done invoking toplevel() on ptolemy.moml.MoMLSimpleApplication@41251fa1
reloadAllAccessors: .TimedFSM

===========================================================================================
----------------- testing Fri Aug 09 05:20:58 UTC 2019 /home/travis/build/icyphy/ptII/ptolemy/domains/modal/test/auto/Timeout1.xml
----------------- Instantiating /home/travis/build/icyphy/ptII/ptolemy/domains/modal/test/auto/Timeout1.xml
4 ms. Memory: 315392K Free: 261407K (83%)
----------------- Invoking toplevel() on ptolemy.moml.MoMLSimpleApplication@15449b8c
----------------- Done invoking toplevel() on ptolemy.moml.MoMLSimpleApplication@15449b8c
reloadAllAccessors: .Timeout1

===========================================================================================
----------------- testing Fri Aug 09 05:20:58 UTC 2019 /home/travis/build/icyphy/ptII/ptolemy/domains/modal/test/auto/Timeout2.xml
----------------- Instantiating /home/travis/build/icyphy/ptII/ptolemy/domains/modal/test/auto/Timeout2.xml
9 ms. Memory: 315392K Free: 252719K (80%)
----------------- Invoking toplevel() on ptolemy.moml.MoMLSimpleApplication@74f908a8
----------------- Done invoking toplevel() on ptolemy.moml.MoMLSimpleApplication@74f908a8
reloadAllAccessors: .Timeout2

===========================================================================================
----------------- testing Fri Aug 09 05:20:58 UTC 2019 /home/travis/build/icyphy/ptII/ptolemy/domains/modal/test/auto/Timeout3.xml
----------------- Instantiating /home/travis/build/icyphy/ptII/ptolemy/domains/modal/test/auto/Timeout3.xml
2 ms. Memory: 315392K Free: 247599K (79%)
----------------- Invoking toplevel() on ptolemy.moml.MoMLSimpleApplication@702814b7
----------------- Done invoking toplevel() on ptolemy.moml.MoMLSimpleApplication@702814b7
reloadAllAccessors: .Timeout3

===========================================================================================
----------------- testing Fri Aug 09 05:20:59 UTC 2019 /home/travis/build/icyphy/ptII/ptolemy/domains/modal/test/auto/Timeout4.xml
----------------- Instantiating /home/travis/build/icyphy/ptII/ptolemy/domains/modal/test/auto/Timeout4.xml
2 ms. Memory: 315392K Free: 242479K (77%)
----------------- Invoking toplevel() on ptolemy.moml.MoMLSimpleApplication@539de9e1
----------------- Done invoking toplevel() on ptolemy.moml.MoMLSimpleApplication@539de9e1
reloadAllAccessors: .Timeout4

===========================================================================================
----------------- testing Fri Aug 09 05:20:59 UTC 2019 /home/travis/build/icyphy/ptII/ptolemy/domains/modal/test/auto/TransientstateModelAdvanced.xml
----------------- Instantiating /home/travis/build/icyphy/ptII/ptolemy/domains/modal/test/auto/TransientstateModelAdvanced.xml
4 ms. Memory: 315392K Free: 230191K (73%)
----------------- Invoking toplevel() on ptolemy.moml.MoMLSimpleApplication@7a032e5e
----------------- Done invoking toplevel() on ptolemy.moml.MoMLSimpleApplication@7a032e5e
reloadAllAccessors: .TransientstateModelAdvanced

===========================================================================================
----------------- testing Fri Aug 09 05:20:59 UTC 2019 /home/travis/build/icyphy/ptII/ptolemy/domains/modal/test/auto/TransientstateModelAdvanced2.xml
----------------- Instantiating /home/travis/build/icyphy/ptII/ptolemy/domains/modal/test/auto/TransientstateModelAdvanced2.xml
3 ms. Memory: 315392K Free: 215855K (68%)
----------------- Invoking toplevel() on ptolemy.moml.MoMLSimpleApplication@3341715a
----------------- Done invoking toplevel() on ptolemy.moml.MoMLSimpleApplication@3341715a
reloadAllAccessors: .transientstatemodelAdvanced

===========================================================================================
----------------- testing Fri Aug 09 05:20:59 UTC 2019 /home/travis/build/icyphy/ptII/ptolemy/domains/modal/test/auto/TransitionRefinements.xml
----------------- Instantiating /home/travis/build/icyphy/ptII/ptolemy/domains/modal/test/auto/TransitionRefinements.xml
7 ms. Memory: 315392K Free: 206111K (65%)
----------------- Invoking toplevel() on ptolemy.moml.MoMLSimpleApplication@39b77aa
----------------- Done invoking toplevel() on ptolemy.moml.MoMLSimpleApplication@39b77aa
reloadAllAccessors: .TransitionRefinements

===========================================================================================
----------------- testing Fri Aug 09 05:20:59 UTC 2019 /home/travis/build/icyphy/ptII/ptolemy/domains/modal/test/auto/TwoRefinements1.xml
----------------- Instantiating /home/travis/build/icyphy/ptII/ptolemy/domains/modal/test/auto/TwoRefinements1.xml
3 ms. Memory: 315392K Free: 196399K (62%)
----------------- Invoking toplevel() on ptolemy.moml.MoMLSimpleApplication@5e36dad8
----------------- Done invoking toplevel() on ptolemy.moml.MoMLSimpleApplication@5e36dad8
reloadAllAccessors: .TwoRefinements1

===========================================================================================
----------------- testing Fri Aug 09 05:20:59 UTC 2019 /home/travis/build/icyphy/ptII/ptolemy/domains/modal/test/auto/TwoRefinements2.xml
----------------- Instantiating /home/travis/build/icyphy/ptII/ptolemy/domains/modal/test/auto/TwoRefinements2.xml
3 ms. Memory: 315392K Free: 186159K (59%)
----------------- Invoking toplevel() on ptolemy.moml.MoMLSimpleApplication@29b4270b
----------------- Done invoking toplevel() on ptolemy.moml.MoMLSimpleApplication@29b4270b
reloadAllAccessors: .TwoRefinements2

===========================================================================================
----------------- testing Fri Aug 09 05:20:59 UTC 2019 /home/travis/build/icyphy/ptII/ptolemy/domains/modal/test/auto/WeakImmediateTransition.xml
----------------- Instantiating /home/travis/build/icyphy/ptII/ptolemy/domains/modal/test/auto/WeakImmediateTransition.xml
7 ms. Memory: 315392K Free: 177453K (56%)
----------------- Invoking toplevel() on ptolemy.moml.MoMLSimpleApplication@4cb46d97
----------------- Done invoking toplevel() on ptolemy.moml.MoMLSimpleApplication@4cb46d97
reloadAllAccessors: .WeakImmediateTransition

===========================================================================================
----------------- testing Fri Aug 09 05:20:59 UTC 2019 /home/travis/build/icyphy/ptII/ptolemy/domains/modal/test/auto/booleanSelect.xml
----------------- Instantiating /home/travis/build/icyphy/ptII/ptolemy/domains/modal/test/auto/booleanSelect.xml
28 ms. Memory: 315392K Free: 159535K (51%)
----------------- Invoking toplevel() on ptolemy.moml.MoMLSimpleApplication@567b1fb
----------------- Done invoking toplevel() on ptolemy.moml.MoMLSimpleApplication@567b1fb
reloadAllAccessors: .booleanSelect

===========================================================================================
----------------- testing Fri Aug 09 05:20:59 UTC 2019 /home/travis/build/icyphy/ptII/ptolemy/domains/modal/test/auto/modalChangingParams.xml
----------------- Instantiating /home/travis/build/icyphy/ptII/ptolemy/domains/modal/test/auto/modalChangingParams.xml
0
1
0
2
4
6
8
7
0
2
4
6
8
13
0
2
4
6
8
19
0
2
4
6
8
25
0
2
4
6
8
31
0
2
4
6
8
37
0
2
4
6
8
43
0
2
4
6
8
49
0
2
4
6
8
55
0
2
4
6
8
61
0
2
4
6
8
67
0
2
4
6
8
73
0
2
4
6
8
79
0
2
4
6
8
85
0
2
4
6
8
91
0
2
4
6
8
97
0
2
4
6
8
103
0
2
4
6
8
109
0
2
4
6
8
115
0
2
4
6
8
121
0
2
4
6
8
127
0
2
4
6
8
133
0
2
4
6
8
139
0
2
4
6
8
145
0
2
4
6
8
151
0
2
4
6
8
157
0
2
4
6
8
163
0
2
4
6
8
169
0
2
4
6
8
175
0
2
4
6
8
181
0
2
4
6
8
187
0
2
4
6
8
193
0
2
4
6
8
199
0
2
4
6
8
205
0
2
4
6
8
211
0
2
4
6
8
217
0
2
4
6
8
223
0
2
4
6
8
229
0
2
4
6
8
235
0
2
4
6
8
241
0
2
4
6
8
247
0
2
4
6
8
253
0
2
4
6
8
259
0
2
4
6
8
265
0
2
4
6
8
271
0
2
4
6
8
277
0
2
4
6
8
283
0
2
4
6
8
289
0
2
4
6
8
295
0
2
4
6
8
301
0
2
4
6
8
307
0
2
4
6
8
313
0
2
4
6
8
319
0
2
4
6
8
325
0
2
4
6
8
331
0
2
4
6
8
337
0
2
4
6
8
343
0
2
4
6
8
349
0
2
4
6
8
355
0
2
4
6
8
361
0
2
4
6
8
367
0
2
4
6
8
373
0
2
4
6
8
379
0
2
4
6
8
385
0
2
4
6
8
391
0
2
4
6
8
397
0
2
4
6
8
403
0
2
4
6
8
409
0
2
4
6
8
415
0
2
4
6
8
421
0
2
4
6
8
427
0
2
4
6
8
433
0
2
4
6
8
439
0
2
4
6
8
445
0
2
4
6
8
451
0
2
4
6
8
457
0
2
4
6
8
463
0
2
4
6
8
469
0
2
4
6
8
475
0
2
4
6
8
481
0
2
4
6
8
487
0
2
4
6
8
493
0
2
4
6
8
499
0
2
4
6
8
505
0
2
4
6
8
511
0
2
4
6
8
517
0
2
4
6
8
523
0
2
4
6
8
529
0
2
4
6
8
535
0
2
4
6
8
541
0
2
4
6
8
547
0
2
4
6
8
553
0
2
4
6
8
559
0
2
4
6
8
565
0
2
4
6
8
571
0
2
4
6
8
577
0
2
4
6
8
583
0
2
4
6
8
589
0
2
4
6
8
595
0
2
4
6
8
601
0
2
4
6
8
607
0
2
4
6
8
613
0
2
4
6
8
619
0
2
4
6
8
625
0
2
4
6
8
631
0
2
4
6
8
637
0
2
4
6
8
643
0
2
4
6
8
649
0
2
4
6
8
655
0
2
4
6
8
661
0
2
4
6
8
667
0
2
4
6
8
673
0
2
4
6
8
679
0
2
4
6
8
685
0
2
4
6
8
691
0
2
4
6
8
697
0
2
4
6
8
703
0
2
4
6
8
709
0
2
4
6
8
715
0
2
4
6
8
721
0
2
4
6
8
727
0
2
4
6
8
733
0
2
4
6
8
739
0
2
4
6
8
745
0
2
4
6
8
751
0
2
4
6
8
757
0
2
4
6
8
763
0
2
4
6
8
769
0
2
4
6
8
775
0
2
4
6
8
781
0
2
4
6
8
787
0
2
4
6
8
793
0
2
4
6
8
799
0
2
4
6
8
805
0
2
4
6
8
811
0
2
4
6
8
817
0
2
4
6
8
823
0
2
4
6
8
829
0
2
4
6
8
835
0
2
4
6
8
841
0
2
4
6
8
847
0
2
4
6
8
853
0
2
4
6
8
859
0
2
4
6
8
865
0
2
4
6
8
871
0
2
4
6
8
877
0
2
4
6
8
883
0
2
4
6
8
889
0
2
4
6
8
895
0
2
4
6
8
901
0
2
4
6
8
907
0
2
4
6
8
913
0
2
4
6
8
919
0
2
4
6
8
925
0
2
4
6
8
931
0
2
4
6
8
937
0
2
4
6
8
943
0
2
4
6
8
949
0
2
4
6
8
955
0
2
4
6
8
961
0
2
4
6
8
967
0
2
4
6
8
973
0
2
4
6
8
979
0
2
4
6
8
985
0
2
4
6
8
991
0
2
4
6
8
997
0
2
272 ms. Memory: 315392K Free: 229677K (73%)
----------------- Invoking toplevel() on ptolemy.moml.MoMLSimpleApplication@7cb34fe4
----------------- Done invoking toplevel() on ptolemy.moml.MoMLSimpleApplication@7cb34fe4
reloadAllAccessors: .modalChangingParams

===========================================================================================
----------------- testing Fri Aug 09 05:20:59 UTC 2019 /home/travis/build/icyphy/ptII/ptolemy/domains/modal/test/auto/modalModel.xml
----------------- Instantiating /home/travis/build/icyphy/ptII/ptolemy/domains/modal/test/auto/modalModel.xml
12 ms. Memory: 315392K Free: 220447K (70%)
----------------- Invoking toplevel() on ptolemy.moml.MoMLSimpleApplication@7128b39b
----------------- Done invoking toplevel() on ptolemy.moml.MoMLSimpleApplication@7128b39b
reloadAllAccessors: .modalModel

===========================================================================================
----------------- testing Fri Aug 09 05:20:59 UTC 2019 /home/travis/build/icyphy/ptII/ptolemy/domains/modal/test/auto/modalModel2.xml
----------------- Instantiating /home/travis/build/icyphy/ptII/ptolemy/domains/modal/test/auto/modalModel2.xml
11 ms. Memory: 315392K Free: 209711K (66%)
----------------- Invoking toplevel() on ptolemy.moml.MoMLSimpleApplication@602d348c
----------------- Done invoking toplevel() on ptolemy.moml.MoMLSimpleApplication@602d348c
reloadAllAccessors: .modalModel2

===========================================================================================
----------------- testing Fri Aug 09 05:20:59 UTC 2019 /home/travis/build/icyphy/ptII/ptolemy/domains/modal/test/auto/modalModel3.xml
----------------- Instantiating /home/travis/build/icyphy/ptII/ptolemy/domains/modal/test/auto/modalModel3.xml
0	0	0
3	2	1
6	4	2
9	6	3
4	0	4
7	2	5
10	4	6
13	6	7
8	0	8
11	2	9
14	4	10
17	6	11
12	0	12
15	2	13
18	4	14
18 ms. Memory: 315392K Free: 194847K (62%)
----------------- Invoking toplevel() on ptolemy.moml.MoMLSimpleApplication@3cc07e21
----------------- Done invoking toplevel() on ptolemy.moml.MoMLSimpleApplication@3cc07e21
reloadAllAccessors: .modalModel3

===========================================================================================
----------------- testing Fri Aug 09 05:20:59 UTC 2019 /home/travis/build/icyphy/ptII/ptolemy/domains/modal/test/auto/model1.xml
----------------- Instantiating /home/travis/build/icyphy/ptII/ptolemy/domains/modal/test/auto/model1.xml
12 ms. Memory: 315392K Free: 188703K (60%)
----------------- Invoking toplevel() on ptolemy.moml.MoMLSimpleApplication@168505a2
----------------- Done invoking toplevel() on ptolemy.moml.MoMLSimpleApplication@168505a2
reloadAllAccessors: .model1

===========================================================================================
----------------- testing Fri Aug 09 05:20:59 UTC 2019 /home/travis/build/icyphy/ptII/ptolemy/domains/modal/test/auto/test-direct-in-out.xml
----------------- Instantiating /home/travis/build/icyphy/ptII/ptolemy/domains/modal/test/auto/test-direct-in-out.xml
5 ms. Memory: 315392K Free: 181039K (57%)
----------------- Invoking toplevel() on ptolemy.moml.MoMLSimpleApplication@78551bfe
----------------- Done invoking toplevel() on ptolemy.moml.MoMLSimpleApplication@78551bfe
reloadAllAccessors: .test-direct-in-out
AutoTests.java: About to close Vertx.
AutoTests.java: Vertx closed.
]]></system-out>
  <system-err><![CDATA[java.lang.RuntimeException: Execution failed
	at ptolemy.moml.MoMLSimpleApplication$UnloadThread.run(MoMLSimpleApplication.java:402)
Caused by: ptolemy.kernel.util.IllegalActionException: Unknown inputs remain. Possible causality loop:
L_model_1893289564i

  in .CannotAnalysisWithPreemption.model_1893289564_region_1 and .CannotAnalysisWithPreemption.model_1893289564_region_1.L_model_1893289564i
	at ptolemy.actor.sched.FixedPointDirector.postfire(FixedPointDirector.java:515)
	at ptolemy.domains.sr.kernel.SRDirector.postfire(SRDirector.java:417)
	at ptolemy.actor.CompositeActor.postfire(CompositeActor.java:1668)
	at ptolemy.actor.Manager.iterate(Manager.java:852)
	at ptolemy.actor.Manager.execute(Manager.java:369)
	at ptolemy.actor.Manager.run(Manager.java:1263)
	at ptolemy.actor.Manager$PtolemyRunThread.run(Manager.java:1933)
java.lang.reflect.InvocationTargetException
	at java.base/jdk.internal.reflect.NativeConstructorAccessorImpl.newInstance0(Native Method)
	at java.base/jdk.internal.reflect.NativeConstructorAccessorImpl.newInstance(NativeConstructorAccessorImpl.java:62)
	at java.base/jdk.internal.reflect.DelegatingConstructorAccessorImpl.newInstance(DelegatingConstructorAccessorImpl.java:45)
	at java.base/java.lang.reflect.Constructor.newInstance(Constructor.java:490)
	at ptolemy.util.test.junit.AutoKnownFailedTests.RunModel(AutoKnownFailedTests.java:105)
	at java.base/jdk.internal.reflect.NativeMethodAccessorImpl.invoke0(Native Method)
	at java.base/jdk.internal.reflect.NativeMethodAccessorImpl.invoke(NativeMethodAccessorImpl.java:62)
	at java.base/jdk.internal.reflect.DelegatingMethodAccessorImpl.invoke(DelegatingMethodAccessorImpl.java:43)
	at java.base/java.lang.reflect.Method.invoke(Method.java:566)
	at org.junit.runners.model.FrameworkMethod$1.runReflectiveCall(FrameworkMethod.java:44)
	at org.junit.internal.runners.model.ReflectiveCallable.run(ReflectiveCallable.java:15)
	at org.junit.runners.model.FrameworkMethod.invokeExplosively(FrameworkMethod.java:41)
	at junitparams.internal.InvokeParameterisedMethod.evaluate(InvokeParameterisedMethod.java:102)
	at org.junit.internal.runners.statements.FailOnTimeout$1.run(FailOnTimeout.java:28)
Caused by: ptolemy.kernel.util.IllegalActionException: Unknown inputs remain. Possible causality loop:
L_model_1893289564i

  in .CannotAnalysisWithPreemption.model_1893289564_region_1 and .CannotAnalysisWithPreemption.model_1893289564_region_1.L_model_1893289564i
	at ptolemy.actor.sched.FixedPointDirector.postfire(FixedPointDirector.java:515)
	at ptolemy.domains.sr.kernel.SRDirector.postfire(SRDirector.java:417)
	at ptolemy.actor.CompositeActor.postfire(CompositeActor.java:1668)
	at ptolemy.actor.Manager.iterate(Manager.java:852)
	at ptolemy.actor.Manager.execute(Manager.java:369)
	at ptolemy.actor.Manager.run(Manager.java:1263)
	at ptolemy.actor.Manager$PtolemyRunThread.run(Manager.java:1933)
]]></system-err>
</testsuite>
