<?xml version="1.0" encoding="UTF-8" ?>
<testsuite errors="0" failures="0" hostname="travis-job-5b6379cf-e597-4e39-a791-81732d11da28" name="ptolemy.domains.de.test.junit.JUnitTclTest" skipped="0" tests="101" time="121.447" timestamp="2020-09-10T15:39:25">
  <properties>
[...]
</properties>
  <testcase classname="ptolemy.util.test.junit.TclTests" name="[0] /home/travis/build/icyphy/ptII/ptolemy/domains/de/test/DependencyLoop.tcl (RunTclFile)" time="1.072" />
  <testcase classname="ptolemy.util.test.junit.TclTests" name="[1] /home/travis/build/icyphy/ptII/ptolemy/domains/de/test/RunDETestsAsQSS.tcl (RunTclFile)" time="81.684" />
  <testcase classname="ptolemy.util.test.junit.AutoKnownFailedTests" name="[0] /home/travis/build/icyphy/ptII/ptolemy/domains/de/test/auto/knownFailedTests/DESDFClockTest.xml (RunModel)" time="2.047" />
  <testcase classname="ptolemy.util.test.junit.AutoKnownFailedTests" name="[1] /home/travis/build/icyphy/ptII/ptolemy/domains/de/test/auto/knownFailedTests/DirectFeedback.xml (RunModel)" time="0.017" />
  <testcase classname="ptolemy.util.test.junit.AutoKnownFailedTests" name="[2] /home/travis/build/icyphy/ptII/ptolemy/domains/de/test/auto/knownFailedTests/FSMSource.xml (RunModel)" time="0.031" />
  <testcase classname="ptolemy.util.test.junit.AutoKnownFailedTests" name="[3] /home/travis/build/icyphy/ptII/ptolemy/domains/de/test/auto/knownFailedTests/HierarchicalModel.xml (RunModel)" time="0.047" />
  <testcase classname="ptolemy.util.test.junit.AutoKnownFailedTests" name="[4] /home/travis/build/icyphy/ptII/ptolemy/domains/de/test/auto/knownFailedTests/dependencyLoop.xml (RunModel)" time="0.041" />
  <testcase classname="ptolemy.util.test.junit.AutoKnownFailedTests" name="[5] /home/travis/build/icyphy/ptII/ptolemy/domains/de/test/auto/knownFailedTests/dependencyLoop2.xml (RunModel)" time="0.047" />
  <testcase classname="ptolemy.util.test.junit.AutoNameArchTests" name="[0] ThereAreNoAutoArchTests (RunModel)" time="0.001" />
  <testcase classname="ptolemy.util.test.junit.AutoTests" name="[0] /home/travis/build/icyphy/ptII/ptolemy/domains/de/test/auto/ActorDepthCalculation_actorWithoutPorts.xml (RunModel)" time="0.017" />
  <testcase classname="ptolemy.util.test.junit.AutoTests" name="[1] /home/travis/build/icyphy/ptII/ptolemy/domains/de/test/auto/AssemblyLine.xml (RunModel)" time="0.026" />
  <testcase classname="ptolemy.util.test.junit.AutoTests" name="[2] /home/travis/build/icyphy/ptII/ptolemy/domains/de/test/auto/CQBug1.xml (RunModel)" time="0.013" />
  <testcase classname="ptolemy.util.test.junit.AutoTests" name="[3] /home/travis/build/icyphy/ptII/ptolemy/domains/de/test/auto/CancelFireAt.xml (RunModel)" time="0.013" />
  <testcase classname="ptolemy.util.test.junit.AutoTests" name="[4] /home/travis/build/icyphy/ptII/ptolemy/domains/de/test/auto/CausalityAndComposabilityAnalysis.xml (RunModel)" time="0.011" />
  <testcase classname="ptolemy.util.test.junit.AutoTests" name="[5] /home/travis/build/icyphy/ptII/ptolemy/domains/de/test/auto/CausalityInterface1.xml (RunModel)" time="0.016" />
  <testcase classname="ptolemy.util.test.junit.AutoTests" name="[6] /home/travis/build/icyphy/ptII/ptolemy/domains/de/test/auto/CausalityInterface15.xml (RunModel)" time="0.016" />
  <testcase classname="ptolemy.util.test.junit.AutoTests" name="[7] /home/travis/build/icyphy/ptII/ptolemy/domains/de/test/auto/CausalityInterface2.xml (RunModel)" time="0.015" />
  <testcase classname="ptolemy.util.test.junit.AutoTests" name="[8] /home/travis/build/icyphy/ptII/ptolemy/domains/de/test/auto/CausalityInterface3.xml (RunModel)" time="0.012" />
  <testcase classname="ptolemy.util.test.junit.AutoTests" name="[9] /home/travis/build/icyphy/ptII/ptolemy/domains/de/test/auto/ClockDrift.xml (RunModel)" time="0.039" />
  <testcase classname="ptolemy.util.test.junit.AutoTests" name="[10] /home/travis/build/icyphy/ptII/ptolemy/domains/de/test/auto/ClockDriftAndValueChange.xml (RunModel)" time="0.027" />
  <testcase classname="ptolemy.util.test.junit.AutoTests" name="[11] /home/travis/build/icyphy/ptII/ptolemy/domains/de/test/auto/ClockDriftChange.xml (RunModel)" time="0.037" />
  <testcase classname="ptolemy.util.test.junit.AutoTests" name="[12] /home/travis/build/icyphy/ptII/ptolemy/domains/de/test/auto/ComposableCausalityAnalysis.xml (RunModel)" time="0.02" />
  <testcase classname="ptolemy.util.test.junit.AutoTests" name="[13] /home/travis/build/icyphy/ptII/ptolemy/domains/de/test/auto/DEFixedPointLimitation.xml (RunModel)" time="0.01" />
  <testcase classname="ptolemy.util.test.junit.AutoTests" name="[14] /home/travis/build/icyphy/ptII/ptolemy/domains/de/test/auto/DEScheduleTest.xml (RunModel)" time="0.013" />
  <testcase classname="ptolemy.util.test.junit.AutoTests" name="[15] /home/travis/build/icyphy/ptII/ptolemy/domains/de/test/auto/DEinDEwithStartTimes.xml (RunModel)" time="0.015" />
  <testcase classname="ptolemy.util.test.junit.AutoTests" name="[16] /home/travis/build/icyphy/ptII/ptolemy/domains/de/test/auto/DEinDEwithStartTimes2.xml (RunModel)" time="0.018" />
  <testcase classname="ptolemy.util.test.junit.AutoTests" name="[17] /home/travis/build/icyphy/ptII/ptolemy/domains/de/test/auto/DateDemo.xml (RunModel)" time="0.034" />
  <testcase classname="ptolemy.util.test.junit.AutoTests" name="[18] /home/travis/build/icyphy/ptII/ptolemy/domains/de/test/auto/DateToEvent.xml (RunModel)" time="2.044" />
  <testcase classname="ptolemy.util.test.junit.AutoTests" name="[19] /home/travis/build/icyphy/ptII/ptolemy/domains/de/test/auto/DepthTest1.xml (RunModel)" time="0.009" />
  <testcase classname="ptolemy.util.test.junit.AutoTests" name="[20] /home/travis/build/icyphy/ptII/ptolemy/domains/de/test/auto/DepthTest2.xml (RunModel)" time="0.018" />
  <testcase classname="ptolemy.util.test.junit.AutoTests" name="[21] /home/travis/build/icyphy/ptII/ptolemy/domains/de/test/auto/DepthTest3.xml (RunModel)" time="0.009" />
  <testcase classname="ptolemy.util.test.junit.AutoTests" name="[22] /home/travis/build/icyphy/ptII/ptolemy/domains/de/test/auto/DepthTest4.xml (RunModel)" time="0.021" />
  <testcase classname="ptolemy.util.test.junit.AutoTests" name="[23] /home/travis/build/icyphy/ptII/ptolemy/domains/de/test/auto/DepthTest5.xml (RunModel)" time="0.013" />
  <testcase classname="ptolemy.util.test.junit.AutoTests" name="[24] /home/travis/build/icyphy/ptII/ptolemy/domains/de/test/auto/DepthTest6.xml (RunModel)" time="0.013" />
  <testcase classname="ptolemy.util.test.junit.AutoTests" name="[25] /home/travis/build/icyphy/ptII/ptolemy/domains/de/test/auto/DepthTest7.xml (RunModel)" time="0.01" />
  <testcase classname="ptolemy.util.test.junit.AutoTests" name="[26] /home/travis/build/icyphy/ptII/ptolemy/domains/de/test/auto/EventToDate.xml (RunModel)" time="3.041" />
  <testcase classname="ptolemy.util.test.junit.AutoTests" name="[27] /home/travis/build/icyphy/ptII/ptolemy/domains/de/test/auto/FSM1.xml (RunModel)" time="0.043" />
  <testcase classname="ptolemy.util.test.junit.AutoTests" name="[28] /home/travis/build/icyphy/ptII/ptolemy/domains/de/test/auto/FSM7.xml (RunModel)" time="0.042" />
  <testcase classname="ptolemy.util.test.junit.AutoTests" name="[29] /home/travis/build/icyphy/ptII/ptolemy/domains/de/test/auto/Inspection.xml (RunModel)" time="0.042" />
  <testcase classname="ptolemy.util.test.junit.AutoTests" name="[30] /home/travis/build/icyphy/ptII/ptolemy/domains/de/test/auto/Iteration.xml (RunModel)" time="0.024" />
  <testcase classname="ptolemy.util.test.junit.AutoTests" name="[31] /home/travis/build/icyphy/ptII/ptolemy/domains/de/test/auto/LineFault.xml (RunModel)" time="0.505" />
  <testcase classname="ptolemy.util.test.junit.AutoTests" name="[32] /home/travis/build/icyphy/ptII/ptolemy/domains/de/test/auto/MergeModel1Add.xml (RunModel)" time="0.054" />
  <testcase classname="ptolemy.util.test.junit.AutoTests" name="[33] /home/travis/build/icyphy/ptII/ptolemy/domains/de/test/auto/MergeModel2Add.xml (RunModel)" time="0.033" />
  <testcase classname="ptolemy.util.test.junit.AutoTests" name="[34] /home/travis/build/icyphy/ptII/ptolemy/domains/de/test/auto/MergeModel3Add.xml (RunModel)" time="0.041" />
  <testcase classname="ptolemy.util.test.junit.AutoTests" name="[35] /home/travis/build/icyphy/ptII/ptolemy/domains/de/test/auto/MergeWithoutDiscard.xml (RunModel)" time="0.013" />
  <testcase classname="ptolemy.util.test.junit.AutoTests" name="[36] /home/travis/build/icyphy/ptII/ptolemy/domains/de/test/auto/Modal1.xml (RunModel)" time="0.055" />
  <testcase classname="ptolemy.util.test.junit.AutoTests" name="[37] /home/travis/build/icyphy/ptII/ptolemy/domains/de/test/auto/Modal2.xml (RunModel)" time="0.025" />
  <testcase classname="ptolemy.util.test.junit.AutoTests" name="[38] /home/travis/build/icyphy/ptII/ptolemy/domains/de/test/auto/Modal3.xml (RunModel)" time="0.034" />
  <testcase classname="ptolemy.util.test.junit.AutoTests" name="[39] /home/travis/build/icyphy/ptII/ptolemy/domains/de/test/auto/Modal4.xml (RunModel)" time="0.025" />
  <testcase classname="ptolemy.util.test.junit.AutoTests" name="[40] /home/travis/build/icyphy/ptII/ptolemy/domains/de/test/auto/Modal5.xml (RunModel)" time="0.035" />
  <testcase classname="ptolemy.util.test.junit.AutoTests" name="[41] /home/travis/build/icyphy/ptII/ptolemy/domains/de/test/auto/Modal6.xml (RunModel)" time="0.025" />
  <testcase classname="ptolemy.util.test.junit.AutoTests" name="[42] /home/travis/build/icyphy/ptII/ptolemy/domains/de/test/auto/Modal7.xml (RunModel)" time="0.033" />
  <testcase classname="ptolemy.util.test.junit.AutoTests" name="[43] /home/travis/build/icyphy/ptII/ptolemy/domains/de/test/auto/ModalModel.xml (RunModel)" time="0.165" />
  <testcase classname="ptolemy.util.test.junit.AutoTests" name="[44] /home/travis/build/icyphy/ptII/ptolemy/domains/de/test/auto/ModalSource.xml (RunModel)" time="0.021" />
  <testcase classname="ptolemy.util.test.junit.AutoTests" name="[45] /home/travis/build/icyphy/ptII/ptolemy/domains/de/test/auto/NonInterruptibleTimerZeroDelay.xml (RunModel)" time="0.01" />
  <testcase classname="ptolemy.util.test.junit.AutoTests" name="[46] /home/travis/build/icyphy/ptII/ptolemy/domains/de/test/auto/OpenQueueingNetwork.xml (RunModel)" time="2.158" />
  <testcase classname="ptolemy.util.test.junit.AutoTests" name="[47] /home/travis/build/icyphy/ptII/ptolemy/domains/de/test/auto/OpenQueuingNetwork.xml (RunModel)" time="0.325" />
  <testcase classname="ptolemy.util.test.junit.AutoTests" name="[48] /home/travis/build/icyphy/ptII/ptolemy/domains/de/test/auto/PeriodicSampler.xml (RunModel)" time="0.01" />
  <testcase classname="ptolemy.util.test.junit.AutoTests" name="[49] /home/travis/build/icyphy/ptII/ptolemy/domains/de/test/auto/PersistentIO.xml (RunModel)" time="0.025" />
  <testcase classname="ptolemy.util.test.junit.AutoTests" name="[50] /home/travis/build/icyphy/ptII/ptolemy/domains/de/test/auto/PortParameterResetOnInitialize.xml (RunModel)" time="0.012" />
  <testcase classname="ptolemy.util.test.junit.AutoTests" name="[51] /home/travis/build/icyphy/ptII/ptolemy/domains/de/test/auto/PortParameterUpdates.xml (RunModel)" time="0.014" />
  <testcase classname="ptolemy.util.test.junit.AutoTests" name="[52] /home/travis/build/icyphy/ptII/ptolemy/domains/de/test/auto/QueueAndServer.xml (RunModel)" time="0.019" />
  <testcase classname="ptolemy.util.test.junit.AutoTests" name="[53] /home/travis/build/icyphy/ptII/ptolemy/domains/de/test/auto/Records.xml (RunModel)" time="0.02" />
  <testcase classname="ptolemy.util.test.junit.AutoTests" name="[54] /home/travis/build/icyphy/ptII/ptolemy/domains/de/test/auto/ResetTransitionWithStartTime1.xml (RunModel)" time="0.018" />
  <testcase classname="ptolemy.util.test.junit.AutoTests" name="[55] /home/travis/build/icyphy/ptII/ptolemy/domains/de/test/auto/ResetTransitionWithStartTime2.xml (RunModel)" time="0.02" />
  <testcase classname="ptolemy.util.test.junit.AutoTests" name="[56] /home/travis/build/icyphy/ptII/ptolemy/domains/de/test/auto/ResetTransitionWithStartTime3.xml (RunModel)" time="0.019" />
  <testcase classname="ptolemy.util.test.junit.AutoTests" name="[57] /home/travis/build/icyphy/ptII/ptolemy/domains/de/test/auto/ResetTransitionWithStartTime4.xml (RunModel)" time="0.017" />
  <testcase classname="ptolemy.util.test.junit.AutoTests" name="[58] /home/travis/build/icyphy/ptII/ptolemy/domains/de/test/auto/ResettableTimer1.xml (RunModel)" time="0.016" />
  <testcase classname="ptolemy.util.test.junit.AutoTests" name="[59] /home/travis/build/icyphy/ptII/ptolemy/domains/de/test/auto/ResettableTimer2.xml (RunModel)" time="0.011" />
  <testcase classname="ptolemy.util.test.junit.AutoTests" name="[60] /home/travis/build/icyphy/ptII/ptolemy/domains/de/test/auto/ResettableTimer3.xml (RunModel)" time="0.011" />
  <testcase classname="ptolemy.util.test.junit.AutoTests" name="[61] /home/travis/build/icyphy/ptII/ptolemy/domains/de/test/auto/ResettableTimer4.xml (RunModel)" time="0.009" />
  <testcase classname="ptolemy.util.test.junit.AutoTests" name="[62] /home/travis/build/icyphy/ptII/ptolemy/domains/de/test/auto/ResettableTimer5.xml (RunModel)" time="0.015" />
  <testcase classname="ptolemy.util.test.junit.AutoTests" name="[63] /home/travis/build/icyphy/ptII/ptolemy/domains/de/test/auto/ResettableTimer6.xml (RunModel)" time="0.016" />
  <testcase classname="ptolemy.util.test.junit.AutoTests" name="[64] /home/travis/build/icyphy/ptII/ptolemy/domains/de/test/auto/ServerZeroDelay.xml (RunModel)" time="0.009" />
  <testcase classname="ptolemy.util.test.junit.AutoTests" name="[65] /home/travis/build/icyphy/ptII/ptolemy/domains/de/test/auto/SmartSender.xml (RunModel)" time="3.009" />
  <testcase classname="ptolemy.util.test.junit.AutoTests" name="[66] /home/travis/build/icyphy/ptII/ptolemy/domains/de/test/auto/ThreadedComposite.xml (RunModel)" time="0.104" />
  <testcase classname="ptolemy.util.test.junit.AutoTests" name="[67] /home/travis/build/icyphy/ptII/ptolemy/domains/de/test/auto/Time.xml (RunModel)" time="0.338" />
  <testcase classname="ptolemy.util.test.junit.AutoTests" name="[68] /home/travis/build/icyphy/ptII/ptolemy/domains/de/test/auto/TimeDelayZeroDelay.xml (RunModel)" time="0.015" />
  <testcase classname="ptolemy.util.test.junit.AutoTests" name="[69] /home/travis/build/icyphy/ptII/ptolemy/domains/de/test/auto/TimerZeroDelay.xml (RunModel)" time="0.009" />
  <testcase classname="ptolemy.util.test.junit.AutoTests" name="[70] /home/travis/build/icyphy/ptII/ptolemy/domains/de/test/auto/TimingParadox.xml (RunModel)" time="0.298" />
  <testcase classname="ptolemy.util.test.junit.AutoTests" name="[71] /home/travis/build/icyphy/ptII/ptolemy/domains/de/test/auto/TransferInputs.xml (RunModel)" time="0.028" />
  <testcase classname="ptolemy.util.test.junit.AutoTests" name="[72] /home/travis/build/icyphy/ptII/ptolemy/domains/de/test/auto/TransferOutputs2.xml (RunModel)" time="0.042" />
  <testcase classname="ptolemy.util.test.junit.AutoTests" name="[73] /home/travis/build/icyphy/ptII/ptolemy/domains/de/test/auto/Trilateration.xml (RunModel)" time="10.647" />
  <testcase classname="ptolemy.util.test.junit.AutoTests" name="[74] /home/travis/build/icyphy/ptII/ptolemy/domains/de/test/auto/TwoSigmaDelta.xml (RunModel)" time="1.88" />
  <testcase classname="ptolemy.util.test.junit.AutoTests" name="[75] /home/travis/build/icyphy/ptII/ptolemy/domains/de/test/auto/VariableDelay.xml (RunModel)" time="0.012" />
  <testcase classname="ptolemy.util.test.junit.AutoTests" name="[76] /home/travis/build/icyphy/ptII/ptolemy/domains/de/test/auto/VariableDelay2.xml (RunModel)" time="0.014" />
  <testcase classname="ptolemy.util.test.junit.AutoTests" name="[77] /home/travis/build/icyphy/ptII/ptolemy/domains/de/test/auto/VariableDelayZeroDelay.xml (RunModel)" time="0.017" />
  <testcase classname="ptolemy.util.test.junit.AutoTests" name="[78] /home/travis/build/icyphy/ptII/ptolemy/domains/de/test/auto/VariableDelayZeroDelay2.xml (RunModel)" time="0.016" />
  <testcase classname="ptolemy.util.test.junit.AutoTests" name="[79] /home/travis/build/icyphy/ptII/ptolemy/domains/de/test/auto/deInCt.xml (RunModel)" time="0.022" />
  <testcase classname="ptolemy.util.test.junit.AutoTests" name="[80] /home/travis/build/icyphy/ptII/ptolemy/domains/de/test/auto/deInCt2.xml (RunModel)" time="0.014" />
  <testcase classname="ptolemy.util.test.junit.AutoTests" name="[81] /home/travis/build/icyphy/ptII/ptolemy/domains/de/test/auto/dynamicCausalityInterface1.xml (RunModel)" time="0.016" />
  <testcase classname="ptolemy.util.test.junit.AutoTests" name="[82] /home/travis/build/icyphy/ptII/ptolemy/domains/de/test/auto/fsm_de_test.xml (RunModel)" time="0.024" />
  <testcase classname="ptolemy.util.test.junit.AutoTests" name="[83] /home/travis/build/icyphy/ptII/ptolemy/domains/de/test/auto/functionDependencyReconstruction.xml (RunModel)" time="0.027" />
  <testcase classname="ptolemy.util.test.junit.AutoTests" name="[84] /home/travis/build/icyphy/ptII/ptolemy/domains/de/test/auto/multirate.xml (RunModel)" time="0.013" />
  <testcase classname="ptolemy.util.test.junit.AutoTests" name="[85] /home/travis/build/icyphy/ptII/ptolemy/domains/de/test/auto/multirate2.xml (RunModel)" time="0.015" />
  <testcase classname="ptolemy.util.test.junit.AutoTests" name="[86] /home/travis/build/icyphy/ptII/ptolemy/domains/de/test/auto/realtime.xml (RunModel)" time="10.009" />
  <testcase classname="ptolemy.util.test.junit.AutoTests" name="[87] /home/travis/build/icyphy/ptII/ptolemy/domains/de/test/auto/relationGroup.xml (RunModel)" time="0.013" />
  <testcase classname="ptolemy.util.test.junit.AutoTests" name="[88] /home/travis/build/icyphy/ptII/ptolemy/domains/de/test/auto/relationGroup2.xml (RunModel)" time="0.009" />
  <testcase classname="ptolemy.util.test.junit.AutoTests" name="[89] /home/travis/build/icyphy/ptII/ptolemy/domains/de/test/auto/sortWithOpaquePorts.xml (RunModel)" time="0.007" />
  <testcase classname="ptolemy.util.test.junit.AutoTests" name="[90] /home/travis/build/icyphy/ptII/ptolemy/domains/de/test/auto/transferInputsandOutputs.xml (RunModel)" time="0.018" />
  <testcase classname="ptolemy.util.test.junit.AutoTests" name="[91] /home/travis/build/icyphy/ptII/ptolemy/domains/de/test/auto/triggerType.xml (RunModel)" time="0.013" />
  <system-out><![CDATA[/home/travis/build/icyphy/ptII/ptolemy/domains/de/test/DependencyLoop.tcl
testDefs.tcl: setting time out to 9000 seconds at Thu Sep 10 15:39:26 UTC 2020
104 ms. Memory: 129024K Free: 78278K (61%)
20 ms. Memory: 129024K Free: 60855K (47%)
/home/travis/build/icyphy/ptII/ptolemy/domains/de/test/RunDETestsAsQSS.tcl
Run the DE tests using ptolemy.domains.qss.test.QSSDirectorTest, which extends QSSDirector and prints a message in the constructors.
------------------ testing $PTII/ptolemy/domains/de/test/auto/knownFailedTests/DirectFeedback.xml (Known Failure) 
36 ms. Memory: 129024K Free: 55240K (43%)


==== $PTIIhome/travis/build/icyphy/ptII/ptolemy/domains/de/test/../../../../: Auto Automatic test in file $PTII/ptolemy/domains/de/test/auto/knownFailedTests/DirectFeedback.xml
==== Contents of test case:

	    # FIXME: we should use $relativeFilename here, but it
	    # might have backslashes under Windows, which causes no end
	    # of trouble.
	    createAndExecute $file
	    list {}
	
.... Test generated KNOWN error:
    while executing
ptolemy.kernel.util.IllegalActionException: Test fails in iteration 1.
Value was: 1.0. Should have been: 2.0
  in .DirectFeedback.Test
	at ptolemy.actor.lib.Test.fire(Test.java:268)
	at ptolemy.domains.de.kernel.DEDirector._fire(DEDirector.java:1949)
	at ptolemy.domains.de.kernel.DEDirector.fire(DEDirector.java:502)
	at ptolemy.actor.CompositeActor.fire(CompositeActor.java:455)
	at ptolemy.actor.Manager.iterate(Manager.java:851)
	at ptolemy.actor.Manager.execute(Manager.java:369)
	at ptolemy.actor.Manager.run(Manager.java:1263)
	at ptolemy.actor.Manager$PtolemyRunThread.run(Manager.java:1933)

    while executing
ptolemy.kernel.util.IllegalActionException: Test fails in iteration 1.
Value was: 1.0. Should have been: 2.0
  in .DirectFeedback.Test
    while executing
"java::new ptolemy.moml.MoMLSimpleApplication $file
"
    (procedure "createAndExecute" line 2)
    invoked from within
"createAndExecute $file"
    ("uplevel" body line 5)
    invoked from within
"uplevel $contents_of_test"
------------------ testing $PTII/ptolemy/domains/de/test/auto/knownFailedTests/dependencyLoop.xml (Known Failure) 
13 ms. Memory: 129024K Free: 52168K (40%)


==== $PTIIhome/travis/build/icyphy/ptII/ptolemy/domains/de/test/../../../../: Auto Automatic test in file $PTII/ptolemy/domains/de/test/auto/knownFailedTests/dependencyLoop.xml
==== Contents of test case:

	    # FIXME: we should use $relativeFilename here, but it
	    # might have backslashes under Windows, which causes no end
	    # of trouble.
	    createAndExecute $file
	    list {}
	
.... Test generated KNOWN error:
    while executing
ptolemy.kernel.util.IllegalActionException: Found a zero delay loop containing .dependencyLoop.original
  in .dependencyLoop and .dependencyLoop.original
	at ptolemy.actor.util.CausalityInterfaceForComposites._computeOutputPortDepth(CausalityInterfaceForComposites.java:759)
	at ptolemy.actor.util.CausalityInterfaceForComposites._computeInputDepth(CausalityInterfaceForComposites.java:696)
	at ptolemy.actor.util.CausalityInterfaceForComposites._computeOutputPortDepth(CausalityInterfaceForComposites.java:765)
	at ptolemy.actor.util.CausalityInterfaceForComposites._computeInputDepth(CausalityInterfaceForComposites.java:696)
	at ptolemy.actor.util.CausalityInterfaceForComposites._computeOutputPortDepth(CausalityInterfaceForComposites.java:765)
	at ptolemy.actor.util.CausalityInterfaceForComposites._computeInputDepth(CausalityInterfaceForComposites.java:696)
	at ptolemy.actor.util.CausalityInterfaceForComposites._computeActorDepth(CausalityInterfaceForComposites.java:532)
	at ptolemy.actor.util.CausalityInterfaceForComposites.checkForCycles(CausalityInterfaceForComposites.java:96)
	at ptolemy.domains.de.kernel.DEDirector.preinitialize(DEDirector.java:1338)
	at ptolemy.actor.CompositeActor.preinitialize(CompositeActor.java:1828)
	at ptolemy.actor.Manager.preinitializeAndResolveTypes(Manager.java:1040)
	at ptolemy.actor.Manager.initialize(Manager.java:710)
	at ptolemy.actor.Manager.execute(Manager.java:356)
	at ptolemy.actor.Manager.run(Manager.java:1263)
	at ptolemy.actor.Manager$PtolemyRunThread.run(Manager.java:1933)

    while executing
ptolemy.kernel.util.IllegalActionException: Found a zero delay loop containing .dependencyLoop.original
  in .dependencyLoop and .dependencyLoop.original
    while executing
"java::new ptolemy.moml.MoMLSimpleApplication $file
"
    (procedure "createAndExecute" line 2)
    invoked from within
"createAndExecute $file"
    ("uplevel" body line 5)
    invoked from within
"uplevel $contents_of_test"
------------------ testing $PTII/ptolemy/domains/de/test/auto/knownFailedTests/FSMSource.xml (Known Failure) 
73 ms. Memory: 129024K Free: 110336K (86%)
!!!! Auto was marked as failing, but now passes
------------------ testing $PTII/ptolemy/domains/de/test/auto/knownFailedTests/HierarchicalModel.xml (Known Failure) 
5 ms. Memory: 129024K Free: 93269K (72%)


==== $PTIIhome/travis/build/icyphy/ptII/ptolemy/domains/de/test/../../../../: Auto Automatic test in file $PTII/ptolemy/domains/de/test/auto/knownFailedTests/HierarchicalModel.xml
==== Contents of test case:

	    # FIXME: we should use $relativeFilename here, but it
	    # might have backslashes under Windows, which causes no end
	    # of trouble.
	    createAndExecute $file
	    list {}
	
.... Test generated KNOWN error:
    while executing
ptolemy.kernel.util.IllegalActionException: Found a zero delay loop containing .HierarchicalModel.A
  in .HierarchicalModel and .HierarchicalModel.A
	at ptolemy.actor.util.CausalityInterfaceForComposites._computeOutputPortDepth(CausalityInterfaceForComposites.java:759)
	at ptolemy.actor.util.CausalityInterfaceForComposites._computeInputDepth(CausalityInterfaceForComposites.java:696)
	at ptolemy.actor.util.CausalityInterfaceForComposites._computeOutputPortDepth(CausalityInterfaceForComposites.java:765)
	at ptolemy.actor.util.CausalityInterfaceForComposites._computeInputDepth(CausalityInterfaceForComposites.java:696)
	at ptolemy.actor.util.CausalityInterfaceForComposites._computeOutputPortDepth(CausalityInterfaceForComposites.java:765)
	at ptolemy.actor.util.CausalityInterfaceForComposites._computeInputDepth(CausalityInterfaceForComposites.java:696)
	at ptolemy.actor.util.CausalityInterfaceForComposites._computeActorDepth(CausalityInterfaceForComposites.java:532)
	at ptolemy.actor.util.CausalityInterfaceForComposites.checkForCycles(CausalityInterfaceForComposites.java:96)
	at ptolemy.domains.de.kernel.DEDirector.preinitialize(DEDirector.java:1338)
	at ptolemy.actor.CompositeActor.preinitialize(CompositeActor.java:1828)
	at ptolemy.actor.Manager.preinitializeAndResolveTypes(Manager.java:1040)
	at ptolemy.actor.Manager.initialize(Manager.java:710)
	at ptolemy.actor.Manager.execute(Manager.java:356)
	at ptolemy.actor.Manager.run(Manager.java:1263)
	at ptolemy.actor.Manager$PtolemyRunThread.run(Manager.java:1933)

    while executing
ptolemy.kernel.util.IllegalActionException: Found a zero delay loop containing .HierarchicalModel.A
  in .HierarchicalModel and .HierarchicalModel.A
    while executing
"java::new ptolemy.moml.MoMLSimpleApplication $file
"
    (procedure "createAndExecute" line 2)
    invoked from within
"createAndExecute $file"
    ("uplevel" body line 5)
    invoked from within
"uplevel $contents_of_test"
------------------ testing $PTII/ptolemy/domains/de/test/auto/knownFailedTests/dependencyLoop2.xml (Known Failure) 
12 ms. Memory: 129024K Free: 77179K (60%)


==== $PTIIhome/travis/build/icyphy/ptII/ptolemy/domains/de/test/../../../../: Auto Automatic test in file $PTII/ptolemy/domains/de/test/auto/knownFailedTests/dependencyLoop2.xml
==== Contents of test case:

	    # FIXME: we should use $relativeFilename here, but it
	    # might have backslashes under Windows, which causes no end
	    # of trouble.
	    createAndExecute $file
	    list {}
	
.... Test generated KNOWN error:
    while executing
ptolemy.kernel.util.IllegalActionException: Found a zero delay loop containing .dependencyLoop2.original
  in .dependencyLoop2 and .dependencyLoop2.original
	at ptolemy.actor.util.CausalityInterfaceForComposites._computeOutputPortDepth(CausalityInterfaceForComposites.java:759)
	at ptolemy.actor.util.CausalityInterfaceForComposites._computeInputDepth(CausalityInterfaceForComposites.java:696)
	at ptolemy.actor.util.CausalityInterfaceForComposites._computeOutputPortDepth(CausalityInterfaceForComposites.java:765)
	at ptolemy.actor.util.CausalityInterfaceForComposites._computeInputDepth(CausalityInterfaceForComposites.java:696)
	at ptolemy.actor.util.CausalityInterfaceForComposites._computeOutputPortDepth(CausalityInterfaceForComposites.java:765)
	at ptolemy.actor.util.CausalityInterfaceForComposites._computeInputDepth(CausalityInterfaceForComposites.java:696)
	at ptolemy.actor.util.CausalityInterfaceForComposites._computeActorDepth(CausalityInterfaceForComposites.java:532)
	at ptolemy.actor.util.CausalityInterfaceForComposites.checkForCycles(CausalityInterfaceForComposites.java:96)
	at ptolemy.domains.de.kernel.DEDirector.preinitialize(DEDirector.java:1338)
	at ptolemy.actor.CompositeActor.preinitialize(CompositeActor.java:1828)
	at ptolemy.actor.Manager.preinitializeAndResolveTypes(Manager.java:1040)
	at ptolemy.actor.Manager.initialize(Manager.java:710)
	at ptolemy.actor.Manager.execute(Manager.java:356)
	at ptolemy.actor.Manager.run(Manager.java:1263)
	at ptolemy.actor.Manager$PtolemyRunThread.run(Manager.java:1933)

    while executing
ptolemy.kernel.util.IllegalActionException: Found a zero delay loop containing .dependencyLoop2.original
  in .dependencyLoop2 and .dependencyLoop2.original
    while executing
"java::new ptolemy.moml.MoMLSimpleApplication $file
"
    (procedure "createAndExecute" line 2)
    invoked from within
"createAndExecute $file"
    ("uplevel" body line 5)
    invoked from within
"uplevel $contents_of_test"
------------------ testing $PTII/ptolemy/domains/de/test/auto/knownFailedTests/DESDFClockTest.xml (Known Failure) 
2071 ms. Memory: 129024K Free: 107329K (83%)


==== $PTIIhome/travis/build/icyphy/ptII/ptolemy/domains/de/test/../../../../: Auto Automatic test in file $PTII/ptolemy/domains/de/test/auto/knownFailedTests/DESDFClockTest.xml
==== Contents of test case:

	    # FIXME: we should use $relativeFilename here, but it
	    # might have backslashes under Windows, which causes no end
	    # of trouble.
	    createAndExecute $file
	    list {}
	
.... Test generated KNOWN error:
    while executing
ptolemy.kernel.util.IllegalActionException: Actor is not ready to fire.  Perhaps UpSample.prefire() returned false? Try debugging the actor by selecting "Listen to Actor".  Also, for SDF check moml for tokenConsumptionRate on input.
  in .DESDFClockTest.Play Bell.Copy1:SDF Director and .DESDFClockTest.Play Bell.UpSample
	at ptolemy.actor.sched.StaticSchedulingDirector.fire(StaticSchedulingDirector.java:227)
	at ptolemy.domains.sdf.kernel.SDFDirector.fire(SDFDirector.java:500)
	at ptolemy.actor.CompositeActor.fire(CompositeActor.java:455)
	at ptolemy.domains.de.kernel.DEDirector._fire(DEDirector.java:1949)
	at ptolemy.domains.de.kernel.DEDirector.fire(DEDirector.java:502)
	at ptolemy.actor.CompositeActor.fire(CompositeActor.java:455)
	at ptolemy.actor.Manager.iterate(Manager.java:851)
	at ptolemy.actor.Manager.execute(Manager.java:369)
	at ptolemy.actor.Manager.run(Manager.java:1263)
	at ptolemy.actor.Manager$PtolemyRunThread.run(Manager.java:1933)

    while executing
ptolemy.kernel.util.IllegalActionException: Actor is not ready to fire.  Perhaps UpSample.prefire() returned false? Try debugging the actor by selecting "Listen to Actor".  Also, for SDF check moml for tokenConsumptionRate on input.
  in .DESDFClockTest.Play Bell.Copy1:SDF Director and .DESDFClockTest.Play Bell.UpSample
    while executing
"java::new ptolemy.moml.MoMLSimpleApplication $file
"
    (procedure "createAndExecute" line 2)
    invoked from within
"createAndExecute $file"
    ("uplevel" body line 5)
    invoked from within
"uplevel $contents_of_test"
------------------ testing $PTII/ptolemy/domains/de/test/auto/ActorDepthCalculation_actorWithoutPorts.xml
auto.tcl: Setting watchdog for 200 seconds at Thu Sep 10 15:39:29 UTC 2020
7 ms. Memory: 129024K Free: 99651K (77%)
ptolemy.util.test.WatchDog.cancel(): canceling Thu Sep 10 15:39:29 UTC 2020
auto.tcl: Setting watchdog for 200 seconds at Thu Sep 10 15:39:29 UTC 2020
7 ms. Memory: 129024K Free: 98099K (76%)
ptolemy.util.test.WatchDog.cancel(): canceling Thu Sep 10 15:39:29 UTC 2020
------------------ testing $PTII/ptolemy/domains/de/test/auto/AssemblyLine.xml
auto.tcl: Setting watchdog for 200 seconds at Thu Sep 10 15:39:30 UTC 2020
31 ms. Memory: 51200K Free: 27918K (55%)
ptolemy.util.test.WatchDog.cancel(): canceling Thu Sep 10 15:39:30 UTC 2020
auto.tcl: Setting watchdog for 200 seconds at Thu Sep 10 15:39:30 UTC 2020
9 ms. Memory: 51200K Free: 27277K (53%)
ptolemy.util.test.WatchDog.cancel(): canceling Thu Sep 10 15:39:30 UTC 2020
------------------ testing $PTII/ptolemy/domains/de/test/auto/CQBug1.xml
auto.tcl: Setting watchdog for 200 seconds at Thu Sep 10 15:39:30 UTC 2020
7 ms. Memory: 51200K Free: 33306K (65%)
ptolemy.util.test.WatchDog.cancel(): canceling Thu Sep 10 15:39:30 UTC 2020
auto.tcl: Setting watchdog for 200 seconds at Thu Sep 10 15:39:30 UTC 2020
1 ms. Memory: 51200K Free: 32837K (64%)
ptolemy.util.test.WatchDog.cancel(): canceling Thu Sep 10 15:39:30 UTC 2020
------------------ testing $PTII/ptolemy/domains/de/test/auto/CancelFireAt.xml
auto.tcl: Setting watchdog for 200 seconds at Thu Sep 10 15:39:30 UTC 2020
4 ms. Memory: 51200K Free: 34470K (67%)
ptolemy.util.test.WatchDog.cancel(): canceling Thu Sep 10 15:39:30 UTC 2020
auto.tcl: Setting watchdog for 200 seconds at Thu Sep 10 15:39:30 UTC 2020
2 ms. Memory: 51200K Free: 33996K (66%)
ptolemy.util.test.WatchDog.cancel(): canceling Thu Sep 10 15:39:30 UTC 2020
------------------ testing $PTII/ptolemy/domains/de/test/auto/CausalityAndComposabilityAnalysis.xml
auto.tcl: Setting watchdog for 200 seconds at Thu Sep 10 15:39:30 UTC 2020
6 ms. Memory: 51200K Free: 32712K (64%)
ptolemy.util.test.WatchDog.cancel(): canceling Thu Sep 10 15:39:30 UTC 2020
auto.tcl: Setting watchdog for 200 seconds at Thu Sep 10 15:39:30 UTC 2020
8 ms. Memory: 51200K Free: 31956K (62%)
ptolemy.util.test.WatchDog.cancel(): canceling Thu Sep 10 15:39:30 UTC 2020
------------------ testing $PTII/ptolemy/domains/de/test/auto/CausalityInterface1.xml
auto.tcl: Setting watchdog for 200 seconds at Thu Sep 10 15:39:30 UTC 2020
31 ms. Memory: 51200K Free: 31063K (61%)
ptolemy.util.test.WatchDog.cancel(): canceling Thu Sep 10 15:39:30 UTC 2020
auto.tcl: Setting watchdog for 200 seconds at Thu Sep 10 15:39:30 UTC 2020
5 ms. Memory: 51200K Free: 30369K (59%)
ptolemy.util.test.WatchDog.cancel(): canceling Thu Sep 10 15:39:30 UTC 2020
------------------ testing $PTII/ptolemy/domains/de/test/auto/CausalityInterface15.xml
auto.tcl: Setting watchdog for 200 seconds at Thu Sep 10 15:39:30 UTC 2020
5 ms. Memory: 51200K Free: 31541K (62%)
ptolemy.util.test.WatchDog.cancel(): canceling Thu Sep 10 15:39:31 UTC 2020
auto.tcl: Setting watchdog for 200 seconds at Thu Sep 10 15:39:31 UTC 2020
5 ms. Memory: 51200K Free: 30334K (59%)
ptolemy.util.test.WatchDog.cancel(): canceling Thu Sep 10 15:39:31 UTC 2020
------------------ testing $PTII/ptolemy/domains/de/test/auto/CausalityInterface2.xml
auto.tcl: Setting watchdog for 200 seconds at Thu Sep 10 15:39:31 UTC 2020
5 ms. Memory: 51200K Free: 31948K (62%)
ptolemy.util.test.WatchDog.cancel(): canceling Thu Sep 10 15:39:31 UTC 2020
auto.tcl: Setting watchdog for 200 seconds at Thu Sep 10 15:39:31 UTC 2020
3 ms. Memory: 51200K Free: 31263K (61%)
ptolemy.util.test.WatchDog.cancel(): canceling Thu Sep 10 15:39:31 UTC 2020
------------------ testing $PTII/ptolemy/domains/de/test/auto/CausalityInterface3.xml
auto.tcl: Setting watchdog for 200 seconds at Thu Sep 10 15:39:31 UTC 2020
4 ms. Memory: 51200K Free: 31451K (61%)
ptolemy.util.test.WatchDog.cancel(): canceling Thu Sep 10 15:39:31 UTC 2020
auto.tcl: Setting watchdog for 200 seconds at Thu Sep 10 15:39:31 UTC 2020
3 ms. Memory: 51200K Free: 30718K (60%)
ptolemy.util.test.WatchDog.cancel(): canceling Thu Sep 10 15:39:31 UTC 2020
------------------ testing $PTII/ptolemy/domains/de/test/auto/ClockDrift.xml
auto.tcl: Setting watchdog for 200 seconds at Thu Sep 10 15:39:31 UTC 2020
96 ms. Memory: 51200K Free: 24027K (47%)
ptolemy.util.test.WatchDog.cancel(): canceling Thu Sep 10 15:39:31 UTC 2020
auto.tcl: Setting watchdog for 200 seconds at Thu Sep 10 15:39:31 UTC 2020
45 ms. Memory: 51200K Free: 21017K (41%)
ptolemy.util.test.WatchDog.cancel(): canceling Thu Sep 10 15:39:31 UTC 2020
------------------ testing $PTII/ptolemy/domains/de/test/auto/ClockDriftAndValueChange.xml
auto.tcl: Setting watchdog for 200 seconds at Thu Sep 10 15:39:31 UTC 2020
20 ms. Memory: 51200K Free: 23888K (47%)
ptolemy.util.test.WatchDog.cancel(): canceling Thu Sep 10 15:39:31 UTC 2020
auto.tcl: Setting watchdog for 200 seconds at Thu Sep 10 15:39:31 UTC 2020
32 ms. Memory: 51200K Free: 20896K (41%)
ptolemy.util.test.WatchDog.cancel(): canceling Thu Sep 10 15:39:31 UTC 2020
------------------ testing $PTII/ptolemy/domains/de/test/auto/ClockDriftChange.xml
auto.tcl: Setting watchdog for 200 seconds at Thu Sep 10 15:39:31 UTC 2020
17 ms. Memory: 51200K Free: 25917K (51%)
ptolemy.util.test.WatchDog.cancel(): canceling Thu Sep 10 15:39:31 UTC 2020
auto.tcl: Setting watchdog for 200 seconds at Thu Sep 10 15:39:31 UTC 2020
15 ms. Memory: 51200K Free: 23538K (46%)
ptolemy.util.test.WatchDog.cancel(): canceling Thu Sep 10 15:39:31 UTC 2020
------------------ testing $PTII/ptolemy/domains/de/test/auto/ComposableCausalityAnalysis.xml
auto.tcl: Setting watchdog for 200 seconds at Thu Sep 10 15:39:31 UTC 2020
2 ms. Memory: 51200K Free: 30699K (60%)
ptolemy.util.test.WatchDog.cancel(): canceling Thu Sep 10 15:39:31 UTC 2020
auto.tcl: Setting watchdog for 200 seconds at Thu Sep 10 15:39:31 UTC 2020
5 ms. Memory: 51200K Free: 29688K (58%)
ptolemy.util.test.WatchDog.cancel(): canceling Thu Sep 10 15:39:31 UTC 2020
------------------ testing $PTII/ptolemy/domains/de/test/auto/DEFixedPointLimitation.xml
auto.tcl: Setting watchdog for 200 seconds at Thu Sep 10 15:39:31 UTC 2020
2 ms. Memory: 51200K Free: 32157K (63%)
ptolemy.util.test.WatchDog.cancel(): canceling Thu Sep 10 15:39:31 UTC 2020
auto.tcl: Setting watchdog for 200 seconds at Thu Sep 10 15:39:31 UTC 2020
2 ms. Memory: 51200K Free: 31251K (61%)
ptolemy.util.test.WatchDog.cancel(): canceling Thu Sep 10 15:39:31 UTC 2020
------------------ testing $PTII/ptolemy/domains/de/test/auto/DEScheduleTest.xml
auto.tcl: Setting watchdog for 200 seconds at Thu Sep 10 15:39:31 UTC 2020
6 ms. Memory: 51200K Free: 32480K (63%)
ptolemy.util.test.WatchDog.cancel(): canceling Thu Sep 10 15:39:31 UTC 2020
auto.tcl: Setting watchdog for 200 seconds at Thu Sep 10 15:39:31 UTC 2020
4 ms. Memory: 51200K Free: 31724K (62%)
ptolemy.util.test.WatchDog.cancel(): canceling Thu Sep 10 15:39:31 UTC 2020
------------------ testing $PTII/ptolemy/domains/de/test/auto/DEinDEwithStartTimes.xml
auto.tcl: Setting watchdog for 200 seconds at Thu Sep 10 15:39:31 UTC 2020
6 ms. Memory: 51200K Free: 30651K (60%)
ptolemy.util.test.WatchDog.cancel(): canceling Thu Sep 10 15:39:32 UTC 2020
auto.tcl: Setting watchdog for 200 seconds at Thu Sep 10 15:39:32 UTC 2020
5 ms. Memory: 51200K Free: 29762K (58%)
ptolemy.util.test.WatchDog.cancel(): canceling Thu Sep 10 15:39:32 UTC 2020
------------------ testing $PTII/ptolemy/domains/de/test/auto/DEinDEwithStartTimes2.xml
auto.tcl: Setting watchdog for 200 seconds at Thu Sep 10 15:39:32 UTC 2020
7 ms. Memory: 51200K Free: 29751K (58%)
ptolemy.util.test.WatchDog.cancel(): canceling Thu Sep 10 15:39:32 UTC 2020
auto.tcl: Setting watchdog for 200 seconds at Thu Sep 10 15:39:32 UTC 2020
4 ms. Memory: 51200K Free: 28582K (56%)
ptolemy.util.test.WatchDog.cancel(): canceling Thu Sep 10 15:39:32 UTC 2020
------------------ testing $PTII/ptolemy/domains/de/test/auto/DateDemo.xml
auto.tcl: Setting watchdog for 200 seconds at Thu Sep 10 15:39:32 UTC 2020
16 ms. Memory: 51200K Free: 24194K (47%)
ptolemy.util.test.WatchDog.cancel(): canceling Thu Sep 10 15:39:32 UTC 2020
auto.tcl: Setting watchdog for 200 seconds at Thu Sep 10 15:39:32 UTC 2020
11 ms. Memory: 51200K Free: 22556K (44%)
ptolemy.util.test.WatchDog.cancel(): canceling Thu Sep 10 15:39:32 UTC 2020
------------------ testing $PTII/ptolemy/domains/de/test/auto/DateToEvent.xml
auto.tcl: Setting watchdog for 200 seconds at Thu Sep 10 15:39:32 UTC 2020
2010 ms. Memory: 51200K Free: 20147K (39%)
ptolemy.util.test.WatchDog.cancel(): canceling Thu Sep 10 15:39:34 UTC 2020
auto.tcl: Setting watchdog for 200 seconds at Thu Sep 10 15:39:34 UTC 2020
2006 ms. Memory: 51200K Free: 19322K (38%)
ptolemy.util.test.WatchDog.cancel(): canceling Thu Sep 10 15:39:36 UTC 2020
------------------ testing $PTII/ptolemy/domains/de/test/auto/DepthTest1.xml
auto.tcl: Setting watchdog for 200 seconds at Thu Sep 10 15:39:36 UTC 2020
3 ms. Memory: 51200K Free: 33307K (65%)
ptolemy.util.test.WatchDog.cancel(): canceling Thu Sep 10 15:39:36 UTC 2020
auto.tcl: Setting watchdog for 200 seconds at Thu Sep 10 15:39:36 UTC 2020
2 ms. Memory: 51200K Free: 32815K (64%)
ptolemy.util.test.WatchDog.cancel(): canceling Thu Sep 10 15:39:36 UTC 2020
------------------ testing $PTII/ptolemy/domains/de/test/auto/DepthTest2.xml
auto.tcl: Setting watchdog for 200 seconds at Thu Sep 10 15:39:36 UTC 2020
3 ms. Memory: 51200K Free: 30095K (59%)
ptolemy.util.test.WatchDog.cancel(): canceling Thu Sep 10 15:39:36 UTC 2020
auto.tcl: Setting watchdog for 200 seconds at Thu Sep 10 15:39:36 UTC 2020
3 ms. Memory: 51200K Free: 29633K (58%)
ptolemy.util.test.WatchDog.cancel(): canceling Thu Sep 10 15:39:36 UTC 2020
------------------ testing $PTII/ptolemy/domains/de/test/auto/DepthTest3.xml
auto.tcl: Setting watchdog for 200 seconds at Thu Sep 10 15:39:36 UTC 2020
3 ms. Memory: 51200K Free: 33649K (66%)
ptolemy.util.test.WatchDog.cancel(): canceling Thu Sep 10 15:39:36 UTC 2020
auto.tcl: Setting watchdog for 200 seconds at Thu Sep 10 15:39:36 UTC 2020
2 ms. Memory: 51200K Free: 33161K (65%)
ptolemy.util.test.WatchDog.cancel(): canceling Thu Sep 10 15:39:36 UTC 2020
------------------ testing $PTII/ptolemy/domains/de/test/auto/DepthTest4.xml
auto.tcl: Setting watchdog for 200 seconds at Thu Sep 10 15:39:36 UTC 2020
4 ms. Memory: 51200K Free: 31872K (62%)
ptolemy.util.test.WatchDog.cancel(): canceling Thu Sep 10 15:39:36 UTC 2020
auto.tcl: Setting watchdog for 200 seconds at Thu Sep 10 15:39:36 UTC 2020
3 ms. Memory: 51200K Free: 30790K (60%)
ptolemy.util.test.WatchDog.cancel(): canceling Thu Sep 10 15:39:36 UTC 2020
------------------ testing $PTII/ptolemy/domains/de/test/auto/DepthTest5.xml
auto.tcl: Setting watchdog for 200 seconds at Thu Sep 10 15:39:36 UTC 2020
5 ms. Memory: 51200K Free: 31321K (61%)
ptolemy.util.test.WatchDog.cancel(): canceling Thu Sep 10 15:39:36 UTC 2020
auto.tcl: Setting watchdog for 200 seconds at Thu Sep 10 15:39:36 UTC 2020
3 ms. Memory: 51200K Free: 30585K (60%)
ptolemy.util.test.WatchDog.cancel(): canceling Thu Sep 10 15:39:36 UTC 2020
------------------ testing $PTII/ptolemy/domains/de/test/auto/DepthTest6.xml
auto.tcl: Setting watchdog for 200 seconds at Thu Sep 10 15:39:36 UTC 2020
4 ms. Memory: 51200K Free: 31049K (61%)
ptolemy.util.test.WatchDog.cancel(): canceling Thu Sep 10 15:39:36 UTC 2020
auto.tcl: Setting watchdog for 200 seconds at Thu Sep 10 15:39:36 UTC 2020
3 ms. Memory: 51200K Free: 30612K (60%)
ptolemy.util.test.WatchDog.cancel(): canceling Thu Sep 10 15:39:36 UTC 2020
------------------ testing $PTII/ptolemy/domains/de/test/auto/DepthTest7.xml
auto.tcl: Setting watchdog for 200 seconds at Thu Sep 10 15:39:36 UTC 2020
2 ms. Memory: 51200K Free: 31796K (62%)
ptolemy.util.test.WatchDog.cancel(): canceling Thu Sep 10 15:39:36 UTC 2020
auto.tcl: Setting watchdog for 200 seconds at Thu Sep 10 15:39:36 UTC 2020
2 ms. Memory: 51200K Free: 31143K (61%)
ptolemy.util.test.WatchDog.cancel(): canceling Thu Sep 10 15:39:36 UTC 2020
------------------ testing $PTII/ptolemy/domains/de/test/auto/EventToDate.xml
auto.tcl: Setting watchdog for 200 seconds at Thu Sep 10 15:39:36 UTC 2020
3005 ms. Memory: 51200K Free: 22586K (44%)
ptolemy.util.test.WatchDog.cancel(): canceling Thu Sep 10 15:39:39 UTC 2020
auto.tcl: Setting watchdog for 200 seconds at Thu Sep 10 15:39:39 UTC 2020
3005 ms. Memory: 51200K Free: 21955K (43%)
ptolemy.util.test.WatchDog.cancel(): canceling Thu Sep 10 15:39:42 UTC 2020
------------------ testing $PTII/ptolemy/domains/de/test/auto/FSM1.xml
auto.tcl: Setting watchdog for 200 seconds at Thu Sep 10 15:39:43 UTC 2020
18 ms. Memory: 51200K Free: 23869K (47%)
ptolemy.util.test.WatchDog.cancel(): canceling Thu Sep 10 15:39:43 UTC 2020
auto.tcl: Setting watchdog for 200 seconds at Thu Sep 10 15:39:43 UTC 2020
18 ms. Memory: 51200K Free: 20589K (40%)
ptolemy.util.test.WatchDog.cancel(): canceling Thu Sep 10 15:39:43 UTC 2020
------------------ testing $PTII/ptolemy/domains/de/test/auto/FSM7.xml
auto.tcl: Setting watchdog for 200 seconds at Thu Sep 10 15:39:43 UTC 2020
26 ms. Memory: 51200K Free: 23518K (46%)
ptolemy.util.test.WatchDog.cancel(): canceling Thu Sep 10 15:39:43 UTC 2020
auto.tcl: Setting watchdog for 200 seconds at Thu Sep 10 15:39:43 UTC 2020
23 ms. Memory: 51200K Free: 20393K (40%)
ptolemy.util.test.WatchDog.cancel(): canceling Thu Sep 10 15:39:43 UTC 2020
------------------ testing $PTII/ptolemy/domains/de/test/auto/Inspection.xml
auto.tcl: Setting watchdog for 200 seconds at Thu Sep 10 15:39:43 UTC 2020
19 ms. Memory: 51200K Free: 23545K (46%)
ptolemy.util.test.WatchDog.cancel(): canceling Thu Sep 10 15:39:43 UTC 2020
auto.tcl: Setting watchdog for 200 seconds at Thu Sep 10 15:39:43 UTC 2020
16 ms. Memory: 51200K Free: 21850K (43%)
ptolemy.util.test.WatchDog.cancel(): canceling Thu Sep 10 15:39:43 UTC 2020
------------------ testing $PTII/ptolemy/domains/de/test/auto/Iteration.xml
auto.tcl: Setting watchdog for 200 seconds at Thu Sep 10 15:39:43 UTC 2020
11 ms. Memory: 51200K Free: 29091K (57%)
ptolemy.util.test.WatchDog.cancel(): canceling Thu Sep 10 15:39:43 UTC 2020
auto.tcl: Setting watchdog for 200 seconds at Thu Sep 10 15:39:43 UTC 2020
9 ms. Memory: 51200K Free: 27905K (55%)
ptolemy.util.test.WatchDog.cancel(): canceling Thu Sep 10 15:39:43 UTC 2020
------------------ testing $PTII/ptolemy/domains/de/test/auto/LineFault.xml
auto.tcl: Setting watchdog for 200 seconds at Thu Sep 10 15:39:43 UTC 2020
548 ms. Memory: 61440K Free: 19328K (31%)
ptolemy.util.test.WatchDog.cancel(): canceling Thu Sep 10 15:39:44 UTC 2020
auto.tcl: Setting watchdog for 200 seconds at Thu Sep 10 15:39:44 UTC 2020
463 ms. Memory: 61440K Free: 27603K (45%)
ptolemy.util.test.WatchDog.cancel(): canceling Thu Sep 10 15:39:44 UTC 2020
------------------ testing $PTII/ptolemy/domains/de/test/auto/MergeModel1Add.xml
auto.tcl: Setting watchdog for 200 seconds at Thu Sep 10 15:39:44 UTC 2020
17 ms. Memory: 58368K Free: 22443K (38%)
ptolemy.util.test.WatchDog.cancel(): canceling Thu Sep 10 15:39:44 UTC 2020
auto.tcl: Setting watchdog for 200 seconds at Thu Sep 10 15:39:44 UTC 2020
15 ms. Memory: 58368K Free: 20767K (36%)
ptolemy.util.test.WatchDog.cancel(): canceling Thu Sep 10 15:39:44 UTC 2020
------------------ testing $PTII/ptolemy/domains/de/test/auto/MergeModel2Add.xml
auto.tcl: Setting watchdog for 200 seconds at Thu Sep 10 15:39:44 UTC 2020
9 ms. Memory: 55296K Free: 21392K (39%)
ptolemy.util.test.WatchDog.cancel(): canceling Thu Sep 10 15:39:45 UTC 2020
auto.tcl: Setting watchdog for 200 seconds at Thu Sep 10 15:39:45 UTC 2020
7 ms. Memory: 55296K Free: 19458K (35%)
ptolemy.util.test.WatchDog.cancel(): canceling Thu Sep 10 15:39:45 UTC 2020
------------------ testing $PTII/ptolemy/domains/de/test/auto/MergeModel3Add.xml
auto.tcl: Setting watchdog for 200 seconds at Thu Sep 10 15:39:45 UTC 2020
7 ms. Memory: 51200K Free: 17332K (34%)
ptolemy.util.test.WatchDog.cancel(): canceling Thu Sep 10 15:39:45 UTC 2020
auto.tcl: Setting watchdog for 200 seconds at Thu Sep 10 15:39:45 UTC 2020
7 ms. Memory: 51200K Free: 15892K (31%)
ptolemy.util.test.WatchDog.cancel(): canceling Thu Sep 10 15:39:45 UTC 2020
------------------ testing $PTII/ptolemy/domains/de/test/auto/MergeWithoutDiscard.xml
auto.tcl: Setting watchdog for 200 seconds at Thu Sep 10 15:39:45 UTC 2020
2 ms. Memory: 51200K Free: 32256K (63%)
ptolemy.util.test.WatchDog.cancel(): canceling Thu Sep 10 15:39:45 UTC 2020
auto.tcl: Setting watchdog for 200 seconds at Thu Sep 10 15:39:45 UTC 2020
1 ms. Memory: 51200K Free: 31765K (62%)
ptolemy.util.test.WatchDog.cancel(): canceling Thu Sep 10 15:39:45 UTC 2020
------------------ testing $PTII/ptolemy/domains/de/test/auto/Modal1.xml
auto.tcl: Setting watchdog for 200 seconds at Thu Sep 10 15:39:45 UTC 2020
13 ms. Memory: 51200K Free: 23845K (47%)
ptolemy.util.test.WatchDog.cancel(): canceling Thu Sep 10 15:39:45 UTC 2020
auto.tcl: Setting watchdog for 200 seconds at Thu Sep 10 15:39:45 UTC 2020
14 ms. Memory: 51200K Free: 20326K (40%)
ptolemy.util.test.WatchDog.cancel(): canceling Thu Sep 10 15:39:45 UTC 2020
------------------ testing $PTII/ptolemy/domains/de/test/auto/Modal2.xml
auto.tcl: Setting watchdog for 200 seconds at Thu Sep 10 15:39:45 UTC 2020
18 ms. Memory: 51200K Free: 23962K (47%)
ptolemy.util.test.WatchDog.cancel(): canceling Thu Sep 10 15:39:45 UTC 2020
auto.tcl: Setting watchdog for 200 seconds at Thu Sep 10 15:39:45 UTC 2020
23 ms. Memory: 51200K Free: 20709K (40%)
ptolemy.util.test.WatchDog.cancel(): canceling Thu Sep 10 15:39:45 UTC 2020
------------------ testing $PTII/ptolemy/domains/de/test/auto/Modal3.xml
auto.tcl: Setting watchdog for 200 seconds at Thu Sep 10 15:39:45 UTC 2020
17 ms. Memory: 51200K Free: 23678K (46%)
ptolemy.util.test.WatchDog.cancel(): canceling Thu Sep 10 15:39:45 UTC 2020
auto.tcl: Setting watchdog for 200 seconds at Thu Sep 10 15:39:45 UTC 2020
19 ms. Memory: 51200K Free: 20719K (40%)
ptolemy.util.test.WatchDog.cancel(): canceling Thu Sep 10 15:39:45 UTC 2020
------------------ testing $PTII/ptolemy/domains/de/test/auto/Modal4.xml
auto.tcl: Setting watchdog for 200 seconds at Thu Sep 10 15:39:45 UTC 2020
35 ms. Memory: 51200K Free: 22922K (45%)
ptolemy.util.test.WatchDog.cancel(): canceling Thu Sep 10 15:39:45 UTC 2020
auto.tcl: Setting watchdog for 200 seconds at Thu Sep 10 15:39:45 UTC 2020
19 ms. Memory: 51200K Free: 19126K (37%)
ptolemy.util.test.WatchDog.cancel(): canceling Thu Sep 10 15:39:45 UTC 2020
------------------ testing $PTII/ptolemy/domains/de/test/auto/Modal5.xml
auto.tcl: Setting watchdog for 200 seconds at Thu Sep 10 15:39:45 UTC 2020
21 ms. Memory: 51200K Free: 22920K (45%)
ptolemy.util.test.WatchDog.cancel(): canceling Thu Sep 10 15:39:45 UTC 2020
auto.tcl: Setting watchdog for 200 seconds at Thu Sep 10 15:39:45 UTC 2020
16 ms. Memory: 51200K Free: 19221K (38%)
ptolemy.util.test.WatchDog.cancel(): canceling Thu Sep 10 15:39:45 UTC 2020
------------------ testing $PTII/ptolemy/domains/de/test/auto/Modal6.xml
auto.tcl: Setting watchdog for 200 seconds at Thu Sep 10 15:39:45 UTC 2020
14 ms. Memory: 51200K Free: 23606K (46%)
ptolemy.util.test.WatchDog.cancel(): canceling Thu Sep 10 15:39:45 UTC 2020
auto.tcl: Setting watchdog for 200 seconds at Thu Sep 10 15:39:45 UTC 2020
15 ms. Memory: 51200K Free: 19700K (38%)
ptolemy.util.test.WatchDog.cancel(): canceling Thu Sep 10 15:39:45 UTC 2020
------------------ testing $PTII/ptolemy/domains/de/test/auto/Modal7.xml
auto.tcl: Setting watchdog for 200 seconds at Thu Sep 10 15:39:45 UTC 2020
11 ms. Memory: 51200K Free: 22889K (45%)
ptolemy.util.test.WatchDog.cancel(): canceling Thu Sep 10 15:39:45 UTC 2020
auto.tcl: Setting watchdog for 200 seconds at Thu Sep 10 15:39:45 UTC 2020
12 ms. Memory: 51200K Free: 19225K (38%)
ptolemy.util.test.WatchDog.cancel(): canceling Thu Sep 10 15:39:45 UTC 2020
------------------ testing $PTII/ptolemy/domains/de/test/auto/ModalModel.xml
auto.tcl: Setting watchdog for 200 seconds at Thu Sep 10 15:39:46 UTC 2020
238 ms. Memory: 51200K Free: 20274K (40%)
ptolemy.util.test.WatchDog.cancel(): canceling Thu Sep 10 15:39:46 UTC 2020
auto.tcl: Setting watchdog for 200 seconds at Thu Sep 10 15:39:46 UTC 2020
190 ms. Memory: 51200K Free: 14173K (28%)
ptolemy.util.test.WatchDog.cancel(): canceling Thu Sep 10 15:39:46 UTC 2020
------------------ testing $PTII/ptolemy/domains/de/test/auto/ModalSource.xml
auto.tcl: Setting watchdog for 200 seconds at Thu Sep 10 15:39:46 UTC 2020
7 ms. Memory: 51200K Free: 27785K (54%)
ptolemy.util.test.WatchDog.cancel(): canceling Thu Sep 10 15:39:46 UTC 2020
auto.tcl: Setting watchdog for 200 seconds at Thu Sep 10 15:39:46 UTC 2020
5 ms. Memory: 51200K Free: 25737K (50%)
ptolemy.util.test.WatchDog.cancel(): canceling Thu Sep 10 15:39:46 UTC 2020
------------------ testing $PTII/ptolemy/domains/de/test/auto/NonInterruptibleTimerZeroDelay.xml
auto.tcl: Setting watchdog for 200 seconds at Thu Sep 10 15:39:46 UTC 2020
3 ms. Memory: 51200K Free: 32659K (64%)
ptolemy.util.test.WatchDog.cancel(): canceling Thu Sep 10 15:39:46 UTC 2020
auto.tcl: Setting watchdog for 200 seconds at Thu Sep 10 15:39:46 UTC 2020
2 ms. Memory: 51200K Free: 32032K (63%)
ptolemy.util.test.WatchDog.cancel(): canceling Thu Sep 10 15:39:46 UTC 2020
------------------ testing $PTII/ptolemy/domains/de/test/auto/OpenQueueingNetwork.xml
auto.tcl: Setting watchdog for 200 seconds at Thu Sep 10 15:39:46 UTC 2020
3038 ms. Memory: 108544K Free: 70758K (65%)
ptolemy.util.test.WatchDog.cancel(): canceling Thu Sep 10 15:39:49 UTC 2020
auto.tcl: Setting watchdog for 200 seconds at Thu Sep 10 15:39:49 UTC 2020
2458 ms. Memory: 157696K Free: 92240K (58%)
ptolemy.util.test.WatchDog.cancel(): canceling Thu Sep 10 15:39:52 UTC 2020
------------------ testing $PTII/ptolemy/domains/de/test/auto/OpenQueuingNetwork.xml
auto.tcl: Setting watchdog for 200 seconds at Thu Sep 10 15:39:52 UTC 2020
236 ms. Memory: 55296K Free: 24785K (45%)
ptolemy.util.test.WatchDog.cancel(): canceling Thu Sep 10 15:39:52 UTC 2020
auto.tcl: Setting watchdog for 200 seconds at Thu Sep 10 15:39:52 UTC 2020
228 ms. Memory: 55296K Free: 33861K (61%)
ptolemy.util.test.WatchDog.cancel(): canceling Thu Sep 10 15:39:52 UTC 2020
------------------ testing $PTII/ptolemy/domains/de/test/auto/PeriodicSampler.xml
auto.tcl: Setting watchdog for 200 seconds at Thu Sep 10 15:39:53 UTC 2020
3 ms. Memory: 55296K Free: 36015K (65%)
ptolemy.util.test.WatchDog.cancel(): canceling Thu Sep 10 15:39:53 UTC 2020
auto.tcl: Setting watchdog for 200 seconds at Thu Sep 10 15:39:53 UTC 2020
2 ms. Memory: 55296K Free: 35495K (64%)
ptolemy.util.test.WatchDog.cancel(): canceling Thu Sep 10 15:39:53 UTC 2020
------------------ testing $PTII/ptolemy/domains/de/test/auto/PersistentIO.xml
auto.tcl: Setting watchdog for 200 seconds at Thu Sep 10 15:39:53 UTC 2020
17 ms. Memory: 51200K Free: 26844K (52%)
ptolemy.util.test.WatchDog.cancel(): canceling Thu Sep 10 15:39:53 UTC 2020
auto.tcl: Setting watchdog for 200 seconds at Thu Sep 10 15:39:53 UTC 2020
4 ms. Memory: 51200K Free: 25337K (49%)
ptolemy.util.test.WatchDog.cancel(): canceling Thu Sep 10 15:39:53 UTC 2020
------------------ testing $PTII/ptolemy/domains/de/test/auto/PortParameterResetOnInitialize.xml
auto.tcl: Setting watchdog for 200 seconds at Thu Sep 10 15:39:53 UTC 2020
1 ms. Memory: 51200K Free: 31818K (62%)
ptolemy.util.test.WatchDog.cancel(): canceling Thu Sep 10 15:39:53 UTC 2020
auto.tcl: Setting watchdog for 200 seconds at Thu Sep 10 15:39:53 UTC 2020
2 ms. Memory: 51200K Free: 31338K (61%)
ptolemy.util.test.WatchDog.cancel(): canceling Thu Sep 10 15:39:53 UTC 2020
------------------ testing $PTII/ptolemy/domains/de/test/auto/PortParameterUpdates.xml
auto.tcl: Setting watchdog for 200 seconds at Thu Sep 10 15:39:53 UTC 2020
5 ms. Memory: 51200K Free: 29926K (58%)
ptolemy.util.test.WatchDog.cancel(): canceling Thu Sep 10 15:39:53 UTC 2020
auto.tcl: Setting watchdog for 200 seconds at Thu Sep 10 15:39:53 UTC 2020
4 ms. Memory: 51200K Free: 28910K (56%)
ptolemy.util.test.WatchDog.cancel(): canceling Thu Sep 10 15:39:53 UTC 2020
------------------ testing $PTII/ptolemy/domains/de/test/auto/QueueAndServer.xml
auto.tcl: Setting watchdog for 200 seconds at Thu Sep 10 15:39:53 UTC 2020
10 ms. Memory: 51200K Free: 28867K (56%)
ptolemy.util.test.WatchDog.cancel(): canceling Thu Sep 10 15:39:53 UTC 2020
auto.tcl: Setting watchdog for 200 seconds at Thu Sep 10 15:39:53 UTC 2020
8 ms. Memory: 51200K Free: 27346K (53%)
ptolemy.util.test.WatchDog.cancel(): canceling Thu Sep 10 15:39:53 UTC 2020
------------------ testing $PTII/ptolemy/domains/de/test/auto/Records.xml
auto.tcl: Setting watchdog for 200 seconds at Thu Sep 10 15:39:53 UTC 2020
4 ms. Memory: 51200K Free: 31372K (61%)
ptolemy.util.test.WatchDog.cancel(): canceling Thu Sep 10 15:39:53 UTC 2020
auto.tcl: Setting watchdog for 200 seconds at Thu Sep 10 15:39:53 UTC 2020
3 ms. Memory: 51200K Free: 30872K (60%)
ptolemy.util.test.WatchDog.cancel(): canceling Thu Sep 10 15:39:53 UTC 2020
------------------ testing $PTII/ptolemy/domains/de/test/auto/ResetTransitionWithStartTime1.xml
auto.tcl: Setting watchdog for 200 seconds at Thu Sep 10 15:39:53 UTC 2020
13 ms. Memory: 51200K Free: 28167K (55%)
ptolemy.util.test.WatchDog.cancel(): canceling Thu Sep 10 15:39:53 UTC 2020
auto.tcl: Setting watchdog for 200 seconds at Thu Sep 10 15:39:53 UTC 2020
6 ms. Memory: 51200K Free: 25627K (50%)
ptolemy.util.test.WatchDog.cancel(): canceling Thu Sep 10 15:39:53 UTC 2020
------------------ testing $PTII/ptolemy/domains/de/test/auto/ResetTransitionWithStartTime2.xml
auto.tcl: Setting watchdog for 200 seconds at Thu Sep 10 15:39:53 UTC 2020
8 ms. Memory: 51200K Free: 28120K (55%)
ptolemy.util.test.WatchDog.cancel(): canceling Thu Sep 10 15:39:53 UTC 2020
auto.tcl: Setting watchdog for 200 seconds at Thu Sep 10 15:39:53 UTC 2020
7 ms. Memory: 51200K Free: 26072K (51%)
ptolemy.util.test.WatchDog.cancel(): canceling Thu Sep 10 15:39:53 UTC 2020
------------------ testing $PTII/ptolemy/domains/de/test/auto/ResetTransitionWithStartTime3.xml
auto.tcl: Setting watchdog for 200 seconds at Thu Sep 10 15:39:53 UTC 2020
9 ms. Memory: 51200K Free: 28119K (55%)
ptolemy.util.test.WatchDog.cancel(): canceling Thu Sep 10 15:39:53 UTC 2020
auto.tcl: Setting watchdog for 200 seconds at Thu Sep 10 15:39:53 UTC 2020
7 ms. Memory: 51200K Free: 26084K (51%)
ptolemy.util.test.WatchDog.cancel(): canceling Thu Sep 10 15:39:53 UTC 2020
------------------ testing $PTII/ptolemy/domains/de/test/auto/ResetTransitionWithStartTime4.xml
auto.tcl: Setting watchdog for 200 seconds at Thu Sep 10 15:39:53 UTC 2020
10 ms. Memory: 51200K Free: 28783K (56%)
ptolemy.util.test.WatchDog.cancel(): canceling Thu Sep 10 15:39:53 UTC 2020
auto.tcl: Setting watchdog for 200 seconds at Thu Sep 10 15:39:53 UTC 2020
4 ms. Memory: 51200K Free: 27129K (53%)
ptolemy.util.test.WatchDog.cancel(): canceling Thu Sep 10 15:39:53 UTC 2020
------------------ testing $PTII/ptolemy/domains/de/test/auto/ResettableTimer1.xml
auto.tcl: Setting watchdog for 200 seconds at Thu Sep 10 15:39:53 UTC 2020
3 ms. Memory: 51200K Free: 32304K (63%)
ptolemy.util.test.WatchDog.cancel(): canceling Thu Sep 10 15:39:53 UTC 2020
auto.tcl: Setting watchdog for 200 seconds at Thu Sep 10 15:39:53 UTC 2020
2 ms. Memory: 51200K Free: 31667K (62%)
ptolemy.util.test.WatchDog.cancel(): canceling Thu Sep 10 15:39:53 UTC 2020
------------------ testing $PTII/ptolemy/domains/de/test/auto/ResettableTimer2.xml
auto.tcl: Setting watchdog for 200 seconds at Thu Sep 10 15:39:53 UTC 2020
3 ms. Memory: 51200K Free: 32253K (63%)
ptolemy.util.test.WatchDog.cancel(): canceling Thu Sep 10 15:39:53 UTC 2020
auto.tcl: Setting watchdog for 200 seconds at Thu Sep 10 15:39:53 UTC 2020
2 ms. Memory: 51200K Free: 31232K (61%)
ptolemy.util.test.WatchDog.cancel(): canceling Thu Sep 10 15:39:53 UTC 2020
------------------ testing $PTII/ptolemy/domains/de/test/auto/ResettableTimer3.xml
auto.tcl: Setting watchdog for 200 seconds at Thu Sep 10 15:39:53 UTC 2020
2 ms. Memory: 51200K Free: 32748K (64%)
ptolemy.util.test.WatchDog.cancel(): canceling Thu Sep 10 15:39:53 UTC 2020
auto.tcl: Setting watchdog for 200 seconds at Thu Sep 10 15:39:53 UTC 2020
1 ms. Memory: 51200K Free: 32258K (63%)
ptolemy.util.test.WatchDog.cancel(): canceling Thu Sep 10 15:39:53 UTC 2020
------------------ testing $PTII/ptolemy/domains/de/test/auto/ResettableTimer4.xml
auto.tcl: Setting watchdog for 200 seconds at Thu Sep 10 15:39:53 UTC 2020
1 ms. Memory: 51200K Free: 32272K (63%)
ptolemy.util.test.WatchDog.cancel(): canceling Thu Sep 10 15:39:54 UTC 2020
auto.tcl: Setting watchdog for 200 seconds at Thu Sep 10 15:39:54 UTC 2020
1 ms. Memory: 51200K Free: 31774K (62%)
ptolemy.util.test.WatchDog.cancel(): canceling Thu Sep 10 15:39:54 UTC 2020
------------------ testing $PTII/ptolemy/domains/de/test/auto/ResettableTimer5.xml
auto.tcl: Setting watchdog for 200 seconds at Thu Sep 10 15:39:54 UTC 2020
1 ms. Memory: 51200K Free: 31748K (62%)
ptolemy.util.test.WatchDog.cancel(): canceling Thu Sep 10 15:39:54 UTC 2020
auto.tcl: Setting watchdog for 200 seconds at Thu Sep 10 15:39:54 UTC 2020
2 ms. Memory: 51200K Free: 31254K (61%)
ptolemy.util.test.WatchDog.cancel(): canceling Thu Sep 10 15:39:54 UTC 2020
------------------ testing $PTII/ptolemy/domains/de/test/auto/ResettableTimer6.xml
auto.tcl: Setting watchdog for 200 seconds at Thu Sep 10 15:39:54 UTC 2020
2 ms. Memory: 51200K Free: 31726K (62%)
ptolemy.util.test.WatchDog.cancel(): canceling Thu Sep 10 15:39:54 UTC 2020
auto.tcl: Setting watchdog for 200 seconds at Thu Sep 10 15:39:54 UTC 2020
1 ms. Memory: 51200K Free: 31237K (61%)
ptolemy.util.test.WatchDog.cancel(): canceling Thu Sep 10 15:39:54 UTC 2020
------------------ testing $PTII/ptolemy/domains/de/test/auto/ServerZeroDelay.xml
auto.tcl: Setting watchdog for 200 seconds at Thu Sep 10 15:39:54 UTC 2020
6 ms. Memory: 51200K Free: 32246K (63%)
ptolemy.util.test.WatchDog.cancel(): canceling Thu Sep 10 15:39:54 UTC 2020
auto.tcl: Setting watchdog for 200 seconds at Thu Sep 10 15:39:54 UTC 2020
2 ms. Memory: 51200K Free: 31232K (61%)
ptolemy.util.test.WatchDog.cancel(): canceling Thu Sep 10 15:39:54 UTC 2020
------------------ testing $PTII/ptolemy/domains/de/test/auto/SmartSender.xml
auto.tcl: Setting watchdog for 200 seconds at Thu Sep 10 15:39:54 UTC 2020
3001 ms. Memory: 51200K Free: 32239K (63%)
ptolemy.util.test.WatchDog.cancel(): canceling Thu Sep 10 15:39:57 UTC 2020
auto.tcl: Setting watchdog for 200 seconds at Thu Sep 10 15:39:57 UTC 2020
3001 ms. Memory: 51200K Free: 31734K (62%)
ptolemy.util.test.WatchDog.cancel(): canceling Thu Sep 10 15:40:00 UTC 2020
------------------ testing $PTII/ptolemy/domains/de/test/auto/ThreadedComposite.xml
auto.tcl: Setting watchdog for 200 seconds at Thu Sep 10 15:40:00 UTC 2020
204 ms. Memory: 51200K Free: 12798K (25%)
ptolemy.util.test.WatchDog.cancel(): canceling Thu Sep 10 15:40:00 UTC 2020
auto.tcl: Setting watchdog for 200 seconds at Thu Sep 10 15:40:00 UTC 2020
120 ms. Memory: 51200K Free: 27776K (54%)
ptolemy.util.test.WatchDog.cancel(): canceling Thu Sep 10 15:40:00 UTC 2020
------------------ testing $PTII/ptolemy/domains/de/test/auto/Time.xml
auto.tcl: Setting watchdog for 200 seconds at Thu Sep 10 15:40:00 UTC 2020
461 ms. Memory: 51200K Free: 33416K (65%)
ptolemy.util.test.WatchDog.cancel(): canceling Thu Sep 10 15:40:01 UTC 2020
auto.tcl: Setting watchdog for 200 seconds at Thu Sep 10 15:40:01 UTC 2020
472 ms. Memory: 51200K Free: 35495K (69%)
ptolemy.util.test.WatchDog.cancel(): canceling Thu Sep 10 15:40:01 UTC 2020
------------------ testing $PTII/ptolemy/domains/de/test/auto/TimeDelayZeroDelay.xml
auto.tcl: Setting watchdog for 200 seconds at Thu Sep 10 15:40:01 UTC 2020
3 ms. Memory: 51200K Free: 32169K (63%)
ptolemy.util.test.WatchDog.cancel(): canceling Thu Sep 10 15:40:01 UTC 2020
auto.tcl: Setting watchdog for 200 seconds at Thu Sep 10 15:40:01 UTC 2020
2 ms. Memory: 51200K Free: 31685K (62%)
ptolemy.util.test.WatchDog.cancel(): canceling Thu Sep 10 15:40:01 UTC 2020
------------------ testing $PTII/ptolemy/domains/de/test/auto/TimerZeroDelay.xml
auto.tcl: Setting watchdog for 200 seconds at Thu Sep 10 15:40:01 UTC 2020
5 ms. Memory: 51200K Free: 32212K (63%)
ptolemy.util.test.WatchDog.cancel(): canceling Thu Sep 10 15:40:01 UTC 2020
auto.tcl: Setting watchdog for 200 seconds at Thu Sep 10 15:40:01 UTC 2020
2 ms. Memory: 51200K Free: 31736K (62%)
ptolemy.util.test.WatchDog.cancel(): canceling Thu Sep 10 15:40:01 UTC 2020
------------------ testing $PTII/ptolemy/domains/de/test/auto/TimingParadox.xml
auto.tcl: Setting watchdog for 200 seconds at Thu Sep 10 15:40:01 UTC 2020
286 ms. Memory: 61440K Free: 36589K (60%)
ptolemy.util.test.WatchDog.cancel(): canceling Thu Sep 10 15:40:02 UTC 2020
auto.tcl: Setting watchdog for 200 seconds at Thu Sep 10 15:40:02 UTC 2020
275 ms. Memory: 61440K Free: 35218K (57%)
ptolemy.util.test.WatchDog.cancel(): canceling Thu Sep 10 15:40:02 UTC 2020
------------------ testing $PTII/ptolemy/domains/de/test/auto/TransferInputs.xml
auto.tcl: Setting watchdog for 200 seconds at Thu Sep 10 15:40:02 UTC 2020
8 ms. Memory: 55296K Free: 34774K (63%)
ptolemy.util.test.WatchDog.cancel(): canceling Thu Sep 10 15:40:02 UTC 2020
auto.tcl: Setting watchdog for 200 seconds at Thu Sep 10 15:40:02 UTC 2020
2 ms. Memory: 55296K Free: 33844K (61%)
ptolemy.util.test.WatchDog.cancel(): canceling Thu Sep 10 15:40:02 UTC 2020
------------------ testing $PTII/ptolemy/domains/de/test/auto/TransferOutputs2.xml
auto.tcl: Setting watchdog for 200 seconds at Thu Sep 10 15:40:02 UTC 2020
2 ms. Memory: 51200K Free: 28121K (55%)
ptolemy.util.test.WatchDog.cancel(): canceling Thu Sep 10 15:40:02 UTC 2020
auto.tcl: Setting watchdog for 200 seconds at Thu Sep 10 15:40:02 UTC 2020
3 ms. Memory: 51200K Free: 26719K (52%)
ptolemy.util.test.WatchDog.cancel(): canceling Thu Sep 10 15:40:02 UTC 2020
------------------ testing $PTII/ptolemy/domains/de/test/auto/Trilateration.xml
auto.tcl: Setting watchdog for 200 seconds at Thu Sep 10 15:40:02 UTC 2020
11038 ms. Memory: 404480K Free: 222468K (55%)
ptolemy.util.test.WatchDog.cancel(): canceling Thu Sep 10 15:40:14 UTC 2020
auto.tcl: Setting watchdog for 200 seconds at Thu Sep 10 15:40:14 UTC 2020
8701 ms. Memory: 404480K Free: 233594K (58%)
ptolemy.util.test.WatchDog.cancel(): canceling Thu Sep 10 15:40:23 UTC 2020
------------------ testing $PTII/ptolemy/domains/de/test/auto/TwoSigmaDelta.xml
auto.tcl: Setting watchdog for 200 seconds at Thu Sep 10 15:40:23 UTC 2020
2172 ms. Memory: 92160K Free: 24244K (26%)
ptolemy.util.test.WatchDog.cancel(): canceling Thu Sep 10 15:40:25 UTC 2020
auto.tcl: Setting watchdog for 200 seconds at Thu Sep 10 15:40:25 UTC 2020
1637 ms. Memory: 92160K Free: 26270K (29%)
ptolemy.util.test.WatchDog.cancel(): canceling Thu Sep 10 15:40:27 UTC 2020
------------------ testing $PTII/ptolemy/domains/de/test/auto/VariableDelay.xml
auto.tcl: Setting watchdog for 200 seconds at Thu Sep 10 15:40:27 UTC 2020
2 ms. Memory: 55296K Free: 35253K (64%)
ptolemy.util.test.WatchDog.cancel(): canceling Thu Sep 10 15:40:27 UTC 2020
auto.tcl: Setting watchdog for 200 seconds at Thu Sep 10 15:40:27 UTC 2020
2 ms. Memory: 55296K Free: 34259K (62%)
ptolemy.util.test.WatchDog.cancel(): canceling Thu Sep 10 15:40:27 UTC 2020
------------------ testing $PTII/ptolemy/domains/de/test/auto/VariableDelay2.xml
auto.tcl: Setting watchdog for 200 seconds at Thu Sep 10 15:40:27 UTC 2020
3 ms. Memory: 55296K Free: 35862K (65%)
ptolemy.util.test.WatchDog.cancel(): canceling Thu Sep 10 15:40:27 UTC 2020
auto.tcl: Setting watchdog for 200 seconds at Thu Sep 10 15:40:27 UTC 2020
2 ms. Memory: 55296K Free: 35334K (64%)
ptolemy.util.test.WatchDog.cancel(): canceling Thu Sep 10 15:40:27 UTC 2020
------------------ testing $PTII/ptolemy/domains/de/test/auto/VariableDelayZeroDelay.xml
auto.tcl: Setting watchdog for 200 seconds at Thu Sep 10 15:40:27 UTC 2020
2 ms. Memory: 55296K Free: 36232K (66%)
ptolemy.util.test.WatchDog.cancel(): canceling Thu Sep 10 15:40:27 UTC 2020
auto.tcl: Setting watchdog for 200 seconds at Thu Sep 10 15:40:27 UTC 2020
2 ms. Memory: 55296K Free: 35680K (65%)
ptolemy.util.test.WatchDog.cancel(): canceling Thu Sep 10 15:40:27 UTC 2020
------------------ testing $PTII/ptolemy/domains/de/test/auto/VariableDelayZeroDelay2.xml
auto.tcl: Setting watchdog for 200 seconds at Thu Sep 10 15:40:27 UTC 2020
2 ms. Memory: 55296K Free: 36239K (66%)
ptolemy.util.test.WatchDog.cancel(): canceling Thu Sep 10 15:40:27 UTC 2020
auto.tcl: Setting watchdog for 200 seconds at Thu Sep 10 15:40:27 UTC 2020
3 ms. Memory: 55296K Free: 35170K (64%)
ptolemy.util.test.WatchDog.cancel(): canceling Thu Sep 10 15:40:27 UTC 2020
------------------ testing $PTII/ptolemy/domains/de/test/auto/deInCt.xml
auto.tcl: Setting watchdog for 200 seconds at Thu Sep 10 15:40:27 UTC 2020
0
1
1
1
0
0
0
0
1
1
1
0
0
0
0
0
1
1
1
0
0
0
1
1
1
0
0
0
1
1
1
0
0
0
1
1
1
1
0
0
0
0
13 ms. Memory: 55296K Free: 35167K (64%)
ptolemy.util.test.WatchDog.cancel(): canceling Thu Sep 10 15:40:27 UTC 2020
auto.tcl: Setting watchdog for 200 seconds at Thu Sep 10 15:40:27 UTC 2020
0
1
1
1
1
1
0
0
0
1
1
0
0
1
1
1
0
0
1
1
1
1
1
1
1
0
0
0
1
1
1
0
0
0
0
0
7 ms. Memory: 55296K Free: 33629K (61%)
ptolemy.util.test.WatchDog.cancel(): canceling Thu Sep 10 15:40:27 UTC 2020
------------------ testing $PTII/ptolemy/domains/de/test/auto/deInCt2.xml
auto.tcl: Setting watchdog for 200 seconds at Thu Sep 10 15:40:27 UTC 2020
0
1
1
1
0
0
1
1
1
0
0
1
1
1
0
0
1
1
1
0
0
1
1
1
0
0
1
1
1
0
0
1
1
1
0
0
1
1
1
0
0
0
13 ms. Memory: 51200K Free: 31072K (61%)
ptolemy.util.test.WatchDog.cancel(): canceling Thu Sep 10 15:40:27 UTC 2020
auto.tcl: Setting watchdog for 200 seconds at Thu Sep 10 15:40:27 UTC 2020
0
1
1
1
0
0
1
1
1
0
0
1
1
1
0
0
1
1
1
0
0
1
1
1
0
0
1
1
1
0
0
1
1
1
0
0
1
1
1
0
0
0
8 ms. Memory: 51200K Free: 29520K (58%)
ptolemy.util.test.WatchDog.cancel(): canceling Thu Sep 10 15:40:27 UTC 2020
------------------ testing $PTII/ptolemy/domains/de/test/auto/dynamicCausalityInterface1.xml
auto.tcl: Setting watchdog for 200 seconds at Thu Sep 10 15:40:27 UTC 2020
1 ms. Memory: 51200K Free: 26349K (51%)
ptolemy.util.test.WatchDog.cancel(): canceling Thu Sep 10 15:40:27 UTC 2020
auto.tcl: Setting watchdog for 200 seconds at Thu Sep 10 15:40:27 UTC 2020
1 ms. Memory: 51200K Free: 25946K (51%)
ptolemy.util.test.WatchDog.cancel(): canceling Thu Sep 10 15:40:27 UTC 2020
------------------ testing $PTII/ptolemy/domains/de/test/auto/fsm_de_test.xml
auto.tcl: Setting watchdog for 200 seconds at Thu Sep 10 15:40:28 UTC 2020
14 ms. Memory: 51200K Free: 26869K (52%)
ptolemy.util.test.WatchDog.cancel(): canceling Thu Sep 10 15:40:28 UTC 2020
auto.tcl: Setting watchdog for 200 seconds at Thu Sep 10 15:40:28 UTC 2020
5 ms. Memory: 51200K Free: 24821K (48%)
ptolemy.util.test.WatchDog.cancel(): canceling Thu Sep 10 15:40:28 UTC 2020
------------------ testing $PTII/ptolemy/domains/de/test/auto/functionDependencyReconstruction.xml
auto.tcl: Setting watchdog for 200 seconds at Thu Sep 10 15:40:28 UTC 2020
7 ms. Memory: 51200K Free: 20804K (41%)
ptolemy.util.test.WatchDog.cancel(): canceling Thu Sep 10 15:40:28 UTC 2020
auto.tcl: Setting watchdog for 200 seconds at Thu Sep 10 15:40:28 UTC 2020
3 ms. Memory: 51200K Free: 18667K (36%)
ptolemy.util.test.WatchDog.cancel(): canceling Thu Sep 10 15:40:28 UTC 2020
------------------ testing $PTII/ptolemy/domains/de/test/auto/multirate.xml
auto.tcl: Setting watchdog for 200 seconds at Thu Sep 10 15:40:28 UTC 2020
5 ms. Memory: 51200K Free: 29493K (58%)
ptolemy.util.test.WatchDog.cancel(): canceling Thu Sep 10 15:40:28 UTC 2020
auto.tcl: Setting watchdog for 200 seconds at Thu Sep 10 15:40:28 UTC 2020
3 ms. Memory: 51200K Free: 27764K (54%)
ptolemy.util.test.WatchDog.cancel(): canceling Thu Sep 10 15:40:28 UTC 2020
------------------ testing $PTII/ptolemy/domains/de/test/auto/multirate2.xml
auto.tcl: Setting watchdog for 200 seconds at Thu Sep 10 15:40:28 UTC 2020
3 ms. Memory: 51200K Free: 29704K (58%)
ptolemy.util.test.WatchDog.cancel(): canceling Thu Sep 10 15:40:28 UTC 2020
auto.tcl: Setting watchdog for 200 seconds at Thu Sep 10 15:40:28 UTC 2020
3 ms. Memory: 51200K Free: 27973K (55%)
ptolemy.util.test.WatchDog.cancel(): canceling Thu Sep 10 15:40:28 UTC 2020
------------------ testing $PTII/ptolemy/domains/de/test/auto/realtime.xml
auto.tcl: Setting watchdog for 200 seconds at Thu Sep 10 15:40:28 UTC 2020
10002 ms. Memory: 51200K Free: 31728K (62%)
ptolemy.util.test.WatchDog.cancel(): canceling Thu Sep 10 15:40:38 UTC 2020
auto.tcl: Setting watchdog for 200 seconds at Thu Sep 10 15:40:38 UTC 2020
10002 ms. Memory: 51200K Free: 31015K (61%)
ptolemy.util.test.WatchDog.cancel(): canceling Thu Sep 10 15:40:48 UTC 2020
------------------ testing $PTII/ptolemy/domains/de/test/auto/relationGroup.xml
auto.tcl: Setting watchdog for 200 seconds at Thu Sep 10 15:40:48 UTC 2020
2 ms. Memory: 51200K Free: 32800K (64%)
ptolemy.util.test.WatchDog.cancel(): canceling Thu Sep 10 15:40:48 UTC 2020
auto.tcl: Setting watchdog for 200 seconds at Thu Sep 10 15:40:48 UTC 2020
2 ms. Memory: 51200K Free: 32065K (63%)
ptolemy.util.test.WatchDog.cancel(): canceling Thu Sep 10 15:40:48 UTC 2020
------------------ testing $PTII/ptolemy/domains/de/test/auto/relationGroup2.xml
auto.tcl: Setting watchdog for 200 seconds at Thu Sep 10 15:40:48 UTC 2020
1 ms. Memory: 51200K Free: 32847K (64%)
ptolemy.util.test.WatchDog.cancel(): canceling Thu Sep 10 15:40:48 UTC 2020
auto.tcl: Setting watchdog for 200 seconds at Thu Sep 10 15:40:48 UTC 2020
1 ms. Memory: 51200K Free: 32303K (63%)
ptolemy.util.test.WatchDog.cancel(): canceling Thu Sep 10 15:40:48 UTC 2020
------------------ testing $PTII/ptolemy/domains/de/test/auto/sortWithOpaquePorts.xml
auto.tcl: Setting watchdog for 200 seconds at Thu Sep 10 15:40:48 UTC 2020
2 ms. Memory: 51200K Free: 31595K (62%)
ptolemy.util.test.WatchDog.cancel(): canceling Thu Sep 10 15:40:48 UTC 2020
auto.tcl: Setting watchdog for 200 seconds at Thu Sep 10 15:40:48 UTC 2020
2 ms. Memory: 51200K Free: 30570K (60%)
ptolemy.util.test.WatchDog.cancel(): canceling Thu Sep 10 15:40:48 UTC 2020
------------------ testing $PTII/ptolemy/domains/de/test/auto/transferInputsandOutputs.xml
auto.tcl: Setting watchdog for 200 seconds at Thu Sep 10 15:40:48 UTC 2020
2 ms. Memory: 51200K Free: 29038K (57%)
ptolemy.util.test.WatchDog.cancel(): canceling Thu Sep 10 15:40:48 UTC 2020
auto.tcl: Setting watchdog for 200 seconds at Thu Sep 10 15:40:48 UTC 2020
3 ms. Memory: 51200K Free: 28014K (55%)
ptolemy.util.test.WatchDog.cancel(): canceling Thu Sep 10 15:40:48 UTC 2020
------------------ testing $PTII/ptolemy/domains/de/test/auto/triggerType.xml
auto.tcl: Setting watchdog for 200 seconds at Thu Sep 10 15:40:48 UTC 2020
1 ms. Memory: 51200K Free: 32063K (63%)
ptolemy.util.test.WatchDog.cancel(): canceling Thu Sep 10 15:40:48 UTC 2020
auto.tcl: Setting watchdog for 200 seconds at Thu Sep 10 15:40:48 UTC 2020
2 ms. Memory: 51200K Free: 31039K (61%)
ptolemy.util.test.WatchDog.cancel(): canceling Thu Sep 10 15:40:48 UTC 2020
09/10/20 03:40:48
Failed: 0  Total Tests: 192  ((Passed: 187, Newly Passed: 1)  Known Failed: 5) /home/travis/build/icyphy/ptII/ptolemy/domains/de/test
09/10/20 03:40:48
Failed: 0  Total Tests: 192  ((Passed: 187, Newly Passed: 1)  Known Failed: 5) /home/travis/build/icyphy/ptII/ptolemy/domains/de/test
----------------- testing (KnownFailure) /home/travis/build/icyphy/ptII/ptolemy/domains/de/test/auto/knownFailedTests/DESDFClockTest.xml
2011 ms. Memory: 51200K Free: 24948K (49%)
Known Failure: java.lang.reflect.InvocationTargetException
----------------- testing (KnownFailure) /home/travis/build/icyphy/ptII/ptolemy/domains/de/test/auto/knownFailedTests/DirectFeedback.xml
2 ms. Memory: 51200K Free: 20852K (41%)
Known Failure: java.lang.reflect.InvocationTargetException
----------------- testing (KnownFailure) /home/travis/build/icyphy/ptII/ptolemy/domains/de/test/auto/knownFailedTests/FSMSource.xml
12 ms. Memory: 51200K Free: 13684K (27%)
----------------- testing (KnownFailure) /home/travis/build/icyphy/ptII/ptolemy/domains/de/test/auto/knownFailedTests/HierarchicalModel.xml
3 ms. Memory: 51200K Free: 26889K (53%)
Known Failure: java.lang.reflect.InvocationTargetException
----------------- testing (KnownFailure) /home/travis/build/icyphy/ptII/ptolemy/domains/de/test/auto/knownFailedTests/dependencyLoop.xml
8 ms. Memory: 51200K Free: 11567K (23%)
Known Failure: java.lang.reflect.InvocationTargetException
----------------- testing (KnownFailure) /home/travis/build/icyphy/ptII/ptolemy/domains/de/test/auto/knownFailedTests/dependencyLoop2.xml
7 ms. Memory: 51200K Free: 25474K (50%)
Known Failure: java.lang.reflect.InvocationTargetException
No auto/linux-amd64/*.xml tests in /home/travis/build/icyphy/ptII/ptolemy/domains/de/test
AutoTests.java: About to close Vertx.
AutoTests.java: Vertx closed.

===========================================================================================
----------------- testing Thu Sep 10 15:40:51 UTC 2020 /home/travis/build/icyphy/ptII/ptolemy/domains/de/test/auto/ActorDepthCalculation_actorWithoutPorts.xml
----------------- Instantiating /home/travis/build/icyphy/ptII/ptolemy/domains/de/test/auto/ActorDepthCalculation_actorWithoutPorts.xml
3 ms. Memory: 51200K Free: 18660K (36%)
----------------- Invoking toplevel() on ptolemy.moml.MoMLSimpleApplication@7378ea47
----------------- Done invoking toplevel() on ptolemy.moml.MoMLSimpleApplication@7378ea47
reloadAllAccessors: .ActorDepthCalculation_actorWithoutPorts

===========================================================================================
----------------- testing Thu Sep 10 15:40:51 UTC 2020 /home/travis/build/icyphy/ptII/ptolemy/domains/de/test/auto/AssemblyLine.xml
----------------- Instantiating /home/travis/build/icyphy/ptII/ptolemy/domains/de/test/auto/AssemblyLine.xml
5 ms. Memory: 51200K Free: 11556K (23%)
----------------- Invoking toplevel() on ptolemy.moml.MoMLSimpleApplication@f335d6e
----------------- Done invoking toplevel() on ptolemy.moml.MoMLSimpleApplication@f335d6e
reloadAllAccessors: .AssemblyLine

===========================================================================================
----------------- testing Thu Sep 10 15:40:51 UTC 2020 /home/travis/build/icyphy/ptII/ptolemy/domains/de/test/auto/CQBug1.xml
----------------- Instantiating /home/travis/build/icyphy/ptII/ptolemy/domains/de/test/auto/CQBug1.xml
1 ms. Memory: 51200K Free: 8779K (17%)
----------------- Invoking toplevel() on ptolemy.moml.MoMLSimpleApplication@4829b29d
----------------- Done invoking toplevel() on ptolemy.moml.MoMLSimpleApplication@4829b29d
reloadAllAccessors: .CQBug1

===========================================================================================
----------------- testing Thu Sep 10 15:40:51 UTC 2020 /home/travis/build/icyphy/ptII/ptolemy/domains/de/test/auto/CancelFireAt.xml
----------------- Instantiating /home/travis/build/icyphy/ptII/ptolemy/domains/de/test/auto/CancelFireAt.xml
2 ms. Memory: 51200K Free: 35150K (69%)
----------------- Invoking toplevel() on ptolemy.moml.MoMLSimpleApplication@4ae22fe5
----------------- Done invoking toplevel() on ptolemy.moml.MoMLSimpleApplication@4ae22fe5
reloadAllAccessors: .CancelFireAt

===========================================================================================
----------------- testing Thu Sep 10 15:40:51 UTC 2020 /home/travis/build/icyphy/ptII/ptolemy/domains/de/test/auto/CausalityAndComposabilityAnalysis.xml
----------------- Instantiating /home/travis/build/icyphy/ptII/ptolemy/domains/de/test/auto/CausalityAndComposabilityAnalysis.xml
2 ms. Memory: 51200K Free: 30941K (60%)
----------------- Invoking toplevel() on ptolemy.moml.MoMLSimpleApplication@63131b37
----------------- Done invoking toplevel() on ptolemy.moml.MoMLSimpleApplication@63131b37
reloadAllAccessors: .CausalityAndComposabilityAnalysis

===========================================================================================
----------------- testing Thu Sep 10 15:40:51 UTC 2020 /home/travis/build/icyphy/ptII/ptolemy/domains/de/test/auto/CausalityInterface1.xml
----------------- Instantiating /home/travis/build/icyphy/ptII/ptolemy/domains/de/test/auto/CausalityInterface1.xml
5 ms. Memory: 51200K Free: 25789K (50%)
----------------- Invoking toplevel() on ptolemy.moml.MoMLSimpleApplication@30030bc
----------------- Done invoking toplevel() on ptolemy.moml.MoMLSimpleApplication@30030bc
reloadAllAccessors: .CausalityInterface1

===========================================================================================
----------------- testing Thu Sep 10 15:40:51 UTC 2020 /home/travis/build/icyphy/ptII/ptolemy/domains/de/test/auto/CausalityInterface15.xml
----------------- Instantiating /home/travis/build/icyphy/ptII/ptolemy/domains/de/test/auto/CausalityInterface15.xml
2 ms. Memory: 51200K Free: 20243K (40%)
----------------- Invoking toplevel() on ptolemy.moml.MoMLSimpleApplication@4b2730a4
----------------- Done invoking toplevel() on ptolemy.moml.MoMLSimpleApplication@4b2730a4
reloadAllAccessors: .CausalityInterface15

===========================================================================================
----------------- testing Thu Sep 10 15:40:51 UTC 2020 /home/travis/build/icyphy/ptII/ptolemy/domains/de/test/auto/CausalityInterface2.xml
----------------- Instantiating /home/travis/build/icyphy/ptII/ptolemy/domains/de/test/auto/CausalityInterface2.xml
1 ms. Memory: 51200K Free: 15595K (30%)
[...]
	at ptolemy.actor.Manager.run(Manager.java:1263)
	at ptolemy.actor.Manager$PtolemyRunThread.run(Manager.java:1933)
java.lang.RuntimeException: Execution failed
	at ptolemy.moml.MoMLSimpleApplication$UnloadThread.run(MoMLSimpleApplication.java:402)
Caused by: ptolemy.kernel.util.IllegalActionException: Actor is not ready to fire.  Perhaps UpSample.prefire() returned false? Try debugging the actor by selecting "Listen to Actor".  Also, for SDF check moml for tokenConsumptionRate on input.
  in .DESDFClockTest.Play Bell.Copy1:SDF Director and .DESDFClockTest.Play Bell.UpSample
	at ptolemy.actor.sched.StaticSchedulingDirector.fire(StaticSchedulingDirector.java:227)
	at ptolemy.domains.sdf.kernel.SDFDirector.fire(SDFDirector.java:500)
	at ptolemy.actor.CompositeActor.fire(CompositeActor.java:455)
	at ptolemy.domains.de.kernel.DEDirector._fire(DEDirector.java:1949)
	at ptolemy.domains.de.kernel.DEDirector.fire(DEDirector.java:502)
	at ptolemy.actor.CompositeActor.fire(CompositeActor.java:455)
	at ptolemy.actor.Manager.iterate(Manager.java:851)
	at ptolemy.actor.Manager.execute(Manager.java:369)
	at ptolemy.actor.Manager.run(Manager.java:1263)
	at ptolemy.actor.Manager$PtolemyRunThread.run(Manager.java:1933)
java.lang.reflect.InvocationTargetException
	at java.base/jdk.internal.reflect.NativeConstructorAccessorImpl.newInstance0(Native Method)
	at java.base/jdk.internal.reflect.NativeConstructorAccessorImpl.newInstance(NativeConstructorAccessorImpl.java:62)
	at java.base/jdk.internal.reflect.DelegatingConstructorAccessorImpl.newInstance(DelegatingConstructorAccessorImpl.java:45)
	at java.base/java.lang.reflect.Constructor.newInstance(Constructor.java:490)
	at ptolemy.util.test.junit.AutoKnownFailedTests.RunModel(AutoKnownFailedTests.java:105)
	at java.base/jdk.internal.reflect.NativeMethodAccessorImpl.invoke0(Native Method)
	at java.base/jdk.internal.reflect.NativeMethodAccessorImpl.invoke(NativeMethodAccessorImpl.java:62)
	at java.base/jdk.internal.reflect.DelegatingMethodAccessorImpl.invoke(DelegatingMethodAccessorImpl.java:43)
	at java.base/java.lang.reflect.Method.invoke(Method.java:566)
	at org.junit.runners.model.FrameworkMethod$1.runReflectiveCall(FrameworkMethod.java:44)
	at org.junit.internal.runners.model.ReflectiveCallable.run(ReflectiveCallable.java:15)
	at org.junit.runners.model.FrameworkMethod.invokeExplosively(FrameworkMethod.java:41)
	at junitparams.internal.InvokeParameterisedMethod.evaluate(InvokeParameterisedMethod.java:102)
	at org.junit.internal.runners.statements.FailOnTimeout$1.run(FailOnTimeout.java:28)
Caused by: ptolemy.kernel.util.IllegalActionException: Actor is not ready to fire.  Perhaps UpSample.prefire() returned false? Try debugging the actor by selecting "Listen to Actor".  Also, for SDF check moml for tokenConsumptionRate on input.
  in .DESDFClockTest.Play Bell.Copy1:SDF Director and .DESDFClockTest.Play Bell.UpSample
	at ptolemy.actor.sched.StaticSchedulingDirector.fire(StaticSchedulingDirector.java:227)
	at ptolemy.domains.sdf.kernel.SDFDirector.fire(SDFDirector.java:500)
	at ptolemy.actor.CompositeActor.fire(CompositeActor.java:455)
	at ptolemy.domains.de.kernel.DEDirector._fire(DEDirector.java:1949)
	at ptolemy.domains.de.kernel.DEDirector.fire(DEDirector.java:502)
	at ptolemy.actor.CompositeActor.fire(CompositeActor.java:455)
	at ptolemy.actor.Manager.iterate(Manager.java:851)
	at ptolemy.actor.Manager.execute(Manager.java:369)
	at ptolemy.actor.Manager.run(Manager.java:1263)
	at ptolemy.actor.Manager$PtolemyRunThread.run(Manager.java:1933)
java.lang.RuntimeException: Execution failed
	at ptolemy.moml.MoMLSimpleApplication$UnloadThread.run(MoMLSimpleApplication.java:402)
Caused by: ptolemy.kernel.util.IllegalActionException: Test fails in iteration 1.
Value was: 1.0. Should have been: 2.0
  in .DirectFeedback.Test
	at ptolemy.actor.lib.Test.fire(Test.java:268)
	at ptolemy.domains.de.kernel.DEDirector._fire(DEDirector.java:1949)
	at ptolemy.domains.de.kernel.DEDirector.fire(DEDirector.java:502)
	at ptolemy.actor.CompositeActor.fire(CompositeActor.java:455)
	at ptolemy.actor.Manager.iterate(Manager.java:851)
	at ptolemy.actor.Manager.execute(Manager.java:369)
	at ptolemy.actor.Manager.run(Manager.java:1263)
	at ptolemy.actor.Manager$PtolemyRunThread.run(Manager.java:1933)
java.lang.reflect.InvocationTargetException
	at java.base/jdk.internal.reflect.NativeConstructorAccessorImpl.newInstance0(Native Method)
	at java.base/jdk.internal.reflect.NativeConstructorAccessorImpl.newInstance(NativeConstructorAccessorImpl.java:62)
	at java.base/jdk.internal.reflect.DelegatingConstructorAccessorImpl.newInstance(DelegatingConstructorAccessorImpl.java:45)
	at java.base/java.lang.reflect.Constructor.newInstance(Constructor.java:490)
	at ptolemy.util.test.junit.AutoKnownFailedTests.RunModel(AutoKnownFailedTests.java:105)
	at java.base/jdk.internal.reflect.NativeMethodAccessorImpl.invoke0(Native Method)
	at java.base/jdk.internal.reflect.NativeMethodAccessorImpl.invoke(NativeMethodAccessorImpl.java:62)
	at java.base/jdk.internal.reflect.DelegatingMethodAccessorImpl.invoke(DelegatingMethodAccessorImpl.java:43)
	at java.base/java.lang.reflect.Method.invoke(Method.java:566)
	at org.junit.runners.model.FrameworkMethod$1.runReflectiveCall(FrameworkMethod.java:44)
	at org.junit.internal.runners.model.ReflectiveCallable.run(ReflectiveCallable.java:15)
	at org.junit.runners.model.FrameworkMethod.invokeExplosively(FrameworkMethod.java:41)
	at junitparams.internal.InvokeParameterisedMethod.evaluate(InvokeParameterisedMethod.java:102)
	at org.junit.internal.runners.statements.FailOnTimeout$1.run(FailOnTimeout.java:28)
Caused by: ptolemy.kernel.util.IllegalActionException: Test fails in iteration 1.
Value was: 1.0. Should have been: 2.0
  in .DirectFeedback.Test
	at ptolemy.actor.lib.Test.fire(Test.java:268)
	at ptolemy.domains.de.kernel.DEDirector._fire(DEDirector.java:1949)
	at ptolemy.domains.de.kernel.DEDirector.fire(DEDirector.java:502)
	at ptolemy.actor.CompositeActor.fire(CompositeActor.java:455)
	at ptolemy.actor.Manager.iterate(Manager.java:851)
	at ptolemy.actor.Manager.execute(Manager.java:369)
	at ptolemy.actor.Manager.run(Manager.java:1263)
	at ptolemy.actor.Manager$PtolemyRunThread.run(Manager.java:1933)
java.lang.RuntimeException: Execution failed
	at ptolemy.moml.MoMLSimpleApplication$UnloadThread.run(MoMLSimpleApplication.java:402)
Caused by: ptolemy.kernel.util.IllegalActionException: Found a zero delay loop containing .HierarchicalModel.A
  in .HierarchicalModel and .HierarchicalModel.A
	at ptolemy.actor.util.CausalityInterfaceForComposites._computeOutputPortDepth(CausalityInterfaceForComposites.java:759)
	at ptolemy.actor.util.CausalityInterfaceForComposites._computeInputDepth(CausalityInterfaceForComposites.java:696)
	at ptolemy.actor.util.CausalityInterfaceForComposites._computeOutputPortDepth(CausalityInterfaceForComposites.java:765)
	at ptolemy.actor.util.CausalityInterfaceForComposites._computeInputDepth(CausalityInterfaceForComposites.java:696)
	at ptolemy.actor.util.CausalityInterfaceForComposites._computeOutputPortDepth(CausalityInterfaceForComposites.java:765)
	at ptolemy.actor.util.CausalityInterfaceForComposites._computeInputDepth(CausalityInterfaceForComposites.java:696)
	at ptolemy.actor.util.CausalityInterfaceForComposites._computeActorDepth(CausalityInterfaceForComposites.java:532)
	at ptolemy.actor.util.CausalityInterfaceForComposites.checkForCycles(CausalityInterfaceForComposites.java:96)
	at ptolemy.domains.de.kernel.DEDirector.preinitialize(DEDirector.java:1338)
	at ptolemy.actor.CompositeActor.preinitialize(CompositeActor.java:1828)
	at ptolemy.actor.Manager.preinitializeAndResolveTypes(Manager.java:1040)
	at ptolemy.actor.Manager.initialize(Manager.java:710)
	at ptolemy.actor.Manager.execute(Manager.java:356)
	at ptolemy.actor.Manager.run(Manager.java:1263)
	at ptolemy.actor.Manager$PtolemyRunThread.run(Manager.java:1933)
java.lang.reflect.InvocationTargetException
	at java.base/jdk.internal.reflect.NativeConstructorAccessorImpl.newInstance0(Native Method)
	at java.base/jdk.internal.reflect.NativeConstructorAccessorImpl.newInstance(NativeConstructorAccessorImpl.java:62)
	at java.base/jdk.internal.reflect.DelegatingConstructorAccessorImpl.newInstance(DelegatingConstructorAccessorImpl.java:45)
	at java.base/java.lang.reflect.Constructor.newInstance(Constructor.java:490)
	at ptolemy.util.test.junit.AutoKnownFailedTests.RunModel(AutoKnownFailedTests.java:105)
	at java.base/jdk.internal.reflect.NativeMethodAccessorImpl.invoke0(Native Method)
	at java.base/jdk.internal.reflect.NativeMethodAccessorImpl.invoke(NativeMethodAccessorImpl.java:62)
	at java.base/jdk.internal.reflect.DelegatingMethodAccessorImpl.invoke(DelegatingMethodAccessorImpl.java:43)
	at java.base/java.lang.reflect.Method.invoke(Method.java:566)
	at org.junit.runners.model.FrameworkMethod$1.runReflectiveCall(FrameworkMethod.java:44)
	at org.junit.internal.runners.model.ReflectiveCallable.run(ReflectiveCallable.java:15)
	at org.junit.runners.model.FrameworkMethod.invokeExplosively(FrameworkMethod.java:41)
	at junitparams.internal.InvokeParameterisedMethod.evaluate(InvokeParameterisedMethod.java:102)
	at org.junit.internal.runners.statements.FailOnTimeout$1.run(FailOnTimeout.java:28)
Caused by: ptolemy.kernel.util.IllegalActionException: Found a zero delay loop containing .HierarchicalModel.A
  in .HierarchicalModel and .HierarchicalModel.A
	at ptolemy.actor.util.CausalityInterfaceForComposites._computeOutputPortDepth(CausalityInterfaceForComposites.java:759)
	at ptolemy.actor.util.CausalityInterfaceForComposites._computeInputDepth(CausalityInterfaceForComposites.java:696)
	at ptolemy.actor.util.CausalityInterfaceForComposites._computeOutputPortDepth(CausalityInterfaceForComposites.java:765)
	at ptolemy.actor.util.CausalityInterfaceForComposites._computeInputDepth(CausalityInterfaceForComposites.java:696)
	at ptolemy.actor.util.CausalityInterfaceForComposites._computeOutputPortDepth(CausalityInterfaceForComposites.java:765)
	at ptolemy.actor.util.CausalityInterfaceForComposites._computeInputDepth(CausalityInterfaceForComposites.java:696)
	at ptolemy.actor.util.CausalityInterfaceForComposites._computeActorDepth(CausalityInterfaceForComposites.java:532)
	at ptolemy.actor.util.CausalityInterfaceForComposites.checkForCycles(CausalityInterfaceForComposites.java:96)
	at ptolemy.domains.de.kernel.DEDirector.preinitialize(DEDirector.java:1338)
	at ptolemy.actor.CompositeActor.preinitialize(CompositeActor.java:1828)
	at ptolemy.actor.Manager.preinitializeAndResolveTypes(Manager.java:1040)
	at ptolemy.actor.Manager.initialize(Manager.java:710)
	at ptolemy.actor.Manager.execute(Manager.java:356)
	at ptolemy.actor.Manager.run(Manager.java:1263)
	at ptolemy.actor.Manager$PtolemyRunThread.run(Manager.java:1933)
java.lang.RuntimeException: Execution failed
	at ptolemy.moml.MoMLSimpleApplication$UnloadThread.run(MoMLSimpleApplication.java:402)
Caused by: ptolemy.kernel.util.IllegalActionException: Found a zero delay loop containing .dependencyLoop.original
  in .dependencyLoop and .dependencyLoop.original
	at ptolemy.actor.util.CausalityInterfaceForComposites._computeOutputPortDepth(CausalityInterfaceForComposites.java:759)
	at ptolemy.actor.util.CausalityInterfaceForComposites._computeInputDepth(CausalityInterfaceForComposites.java:696)
	at ptolemy.actor.util.CausalityInterfaceForComposites._computeOutputPortDepth(CausalityInterfaceForComposites.java:765)
	at ptolemy.actor.util.CausalityInterfaceForComposites._computeInputDepth(CausalityInterfaceForComposites.java:696)
	at ptolemy.actor.util.CausalityInterfaceForComposites._computeOutputPortDepth(CausalityInterfaceForComposites.java:765)
	at ptolemy.actor.util.CausalityInterfaceForComposites._computeInputDepth(CausalityInterfaceForComposites.java:696)
	at ptolemy.actor.util.CausalityInterfaceForComposites._computeActorDepth(CausalityInterfaceForComposites.java:532)
	at ptolemy.actor.util.CausalityInterfaceForComposites.checkForCycles(CausalityInterfaceForComposites.java:96)
	at ptolemy.domains.de.kernel.DEDirector.preinitialize(DEDirector.java:1338)
	at ptolemy.actor.CompositeActor.preinitialize(CompositeActor.java:1828)
	at ptolemy.actor.Manager.preinitializeAndResolveTypes(Manager.java:1040)
	at ptolemy.actor.Manager.initialize(Manager.java:710)
	at ptolemy.actor.Manager.execute(Manager.java:356)
	at ptolemy.actor.Manager.run(Manager.java:1263)
	at ptolemy.actor.Manager$PtolemyRunThread.run(Manager.java:1933)
java.lang.reflect.InvocationTargetException
	at java.base/jdk.internal.reflect.NativeConstructorAccessorImpl.newInstance0(Native Method)
	at java.base/jdk.internal.reflect.NativeConstructorAccessorImpl.newInstance(NativeConstructorAccessorImpl.java:62)
	at java.base/jdk.internal.reflect.DelegatingConstructorAccessorImpl.newInstance(DelegatingConstructorAccessorImpl.java:45)
	at java.base/java.lang.reflect.Constructor.newInstance(Constructor.java:490)
	at ptolemy.util.test.junit.AutoKnownFailedTests.RunModel(AutoKnownFailedTests.java:105)
	at java.base/jdk.internal.reflect.NativeMethodAccessorImpl.invoke0(Native Method)
	at java.base/jdk.internal.reflect.NativeMethodAccessorImpl.invoke(NativeMethodAccessorImpl.java:62)
	at java.base/jdk.internal.reflect.DelegatingMethodAccessorImpl.invoke(DelegatingMethodAccessorImpl.java:43)
	at java.base/java.lang.reflect.Method.invoke(Method.java:566)
	at org.junit.runners.model.FrameworkMethod$1.runReflectiveCall(FrameworkMethod.java:44)
	at org.junit.internal.runners.model.ReflectiveCallable.run(ReflectiveCallable.java:15)
	at org.junit.runners.model.FrameworkMethod.invokeExplosively(FrameworkMethod.java:41)
	at junitparams.internal.InvokeParameterisedMethod.evaluate(InvokeParameterisedMethod.java:102)
	at org.junit.internal.runners.statements.FailOnTimeout$1.run(FailOnTimeout.java:28)
Caused by: ptolemy.kernel.util.IllegalActionException: Found a zero delay loop containing .dependencyLoop.original
  in .dependencyLoop and .dependencyLoop.original
	at ptolemy.actor.util.CausalityInterfaceForComposites._computeOutputPortDepth(CausalityInterfaceForComposites.java:759)
	at ptolemy.actor.util.CausalityInterfaceForComposites._computeInputDepth(CausalityInterfaceForComposites.java:696)
	at ptolemy.actor.util.CausalityInterfaceForComposites._computeOutputPortDepth(CausalityInterfaceForComposites.java:765)
	at ptolemy.actor.util.CausalityInterfaceForComposites._computeInputDepth(CausalityInterfaceForComposites.java:696)
	at ptolemy.actor.util.CausalityInterfaceForComposites._computeOutputPortDepth(CausalityInterfaceForComposites.java:765)
	at ptolemy.actor.util.CausalityInterfaceForComposites._computeInputDepth(CausalityInterfaceForComposites.java:696)
	at ptolemy.actor.util.CausalityInterfaceForComposites._computeActorDepth(CausalityInterfaceForComposites.java:532)
	at ptolemy.actor.util.CausalityInterfaceForComposites.checkForCycles(CausalityInterfaceForComposites.java:96)
	at ptolemy.domains.de.kernel.DEDirector.preinitialize(DEDirector.java:1338)
	at ptolemy.actor.CompositeActor.preinitialize(CompositeActor.java:1828)
	at ptolemy.actor.Manager.preinitializeAndResolveTypes(Manager.java:1040)
	at ptolemy.actor.Manager.initialize(Manager.java:710)
	at ptolemy.actor.Manager.execute(Manager.java:356)
	at ptolemy.actor.Manager.run(Manager.java:1263)
	at ptolemy.actor.Manager$PtolemyRunThread.run(Manager.java:1933)
java.lang.RuntimeException: Execution failed
	at ptolemy.moml.MoMLSimpleApplication$UnloadThread.run(MoMLSimpleApplication.java:402)
Caused by: ptolemy.kernel.util.IllegalActionException: Found a zero delay loop containing .dependencyLoop2.original
  in .dependencyLoop2 and .dependencyLoop2.original
	at ptolemy.actor.util.CausalityInterfaceForComposites._computeOutputPortDepth(CausalityInterfaceForComposites.java:759)
	at ptolemy.actor.util.CausalityInterfaceForComposites._computeInputDepth(CausalityInterfaceForComposites.java:696)
	at ptolemy.actor.util.CausalityInterfaceForComposites._computeOutputPortDepth(CausalityInterfaceForComposites.java:765)
	at ptolemy.actor.util.CausalityInterfaceForComposites._computeInputDepth(CausalityInterfaceForComposites.java:696)
	at ptolemy.actor.util.CausalityInterfaceForComposites._computeOutputPortDepth(CausalityInterfaceForComposites.java:765)
	at ptolemy.actor.util.CausalityInterfaceForComposites._computeInputDepth(CausalityInterfaceForComposites.java:696)
	at ptolemy.actor.util.CausalityInterfaceForComposites._computeActorDepth(CausalityInterfaceForComposites.java:532)
	at ptolemy.actor.util.CausalityInterfaceForComposites.checkForCycles(CausalityInterfaceForComposites.java:96)
	at ptolemy.domains.de.kernel.DEDirector.preinitialize(DEDirector.java:1338)
	at ptolemy.actor.CompositeActor.preinitialize(CompositeActor.java:1828)
	at ptolemy.actor.Manager.preinitializeAndResolveTypes(Manager.java:1040)
	at ptolemy.actor.Manager.initialize(Manager.java:710)
	at ptolemy.actor.Manager.execute(Manager.java:356)
	at ptolemy.actor.Manager.run(Manager.java:1263)
	at ptolemy.actor.Manager$PtolemyRunThread.run(Manager.java:1933)
java.lang.reflect.InvocationTargetException
	at java.base/jdk.internal.reflect.NativeConstructorAccessorImpl.newInstance0(Native Method)
	at java.base/jdk.internal.reflect.NativeConstructorAccessorImpl.newInstance(NativeConstructorAccessorImpl.java:62)
	at java.base/jdk.internal.reflect.DelegatingConstructorAccessorImpl.newInstance(DelegatingConstructorAccessorImpl.java:45)
	at java.base/java.lang.reflect.Constructor.newInstance(Constructor.java:490)
	at ptolemy.util.test.junit.AutoKnownFailedTests.RunModel(AutoKnownFailedTests.java:105)
	at java.base/jdk.internal.reflect.NativeMethodAccessorImpl.invoke0(Native Method)
	at java.base/jdk.internal.reflect.NativeMethodAccessorImpl.invoke(NativeMethodAccessorImpl.java:62)
	at java.base/jdk.internal.reflect.DelegatingMethodAccessorImpl.invoke(DelegatingMethodAccessorImpl.java:43)
	at java.base/java.lang.reflect.Method.invoke(Method.java:566)
	at org.junit.runners.model.FrameworkMethod$1.runReflectiveCall(FrameworkMethod.java:44)
	at org.junit.internal.runners.model.ReflectiveCallable.run(ReflectiveCallable.java:15)
	at org.junit.runners.model.FrameworkMethod.invokeExplosively(FrameworkMethod.java:41)
	at junitparams.internal.InvokeParameterisedMethod.evaluate(InvokeParameterisedMethod.java:102)
	at org.junit.internal.runners.statements.FailOnTimeout$1.run(FailOnTimeout.java:28)
Caused by: ptolemy.kernel.util.IllegalActionException: Found a zero delay loop containing .dependencyLoop2.original
  in .dependencyLoop2 and .dependencyLoop2.original
	at ptolemy.actor.util.CausalityInterfaceForComposites._computeOutputPortDepth(CausalityInterfaceForComposites.java:759)
	at ptolemy.actor.util.CausalityInterfaceForComposites._computeInputDepth(CausalityInterfaceForComposites.java:696)
	at ptolemy.actor.util.CausalityInterfaceForComposites._computeOutputPortDepth(CausalityInterfaceForComposites.java:765)
	at ptolemy.actor.util.CausalityInterfaceForComposites._computeInputDepth(CausalityInterfaceForComposites.java:696)
	at ptolemy.actor.util.CausalityInterfaceForComposites._computeOutputPortDepth(CausalityInterfaceForComposites.java:765)
	at ptolemy.actor.util.CausalityInterfaceForComposites._computeInputDepth(CausalityInterfaceForComposites.java:696)
	at ptolemy.actor.util.CausalityInterfaceForComposites._computeActorDepth(CausalityInterfaceForComposites.java:532)
	at ptolemy.actor.util.CausalityInterfaceForComposites.checkForCycles(CausalityInterfaceForComposites.java:96)
	at ptolemy.domains.de.kernel.DEDirector.preinitialize(DEDirector.java:1338)
	at ptolemy.actor.CompositeActor.preinitialize(CompositeActor.java:1828)
	at ptolemy.actor.Manager.preinitializeAndResolveTypes(Manager.java:1040)
	at ptolemy.actor.Manager.initialize(Manager.java:710)
	at ptolemy.actor.Manager.execute(Manager.java:356)
	at ptolemy.actor.Manager.run(Manager.java:1263)
	at ptolemy.actor.Manager$PtolemyRunThread.run(Manager.java:1933)
]]></system-err>
</testsuite>
