<?xml version="1.0" encoding="UTF-8" ?>
<testsuite errors="0" failures="0" hostname="travis-job-3caf2c3c-3d08-4f8c-bd57-ac9461ffec27" name="ptolemy.domains.sdf.lib.test.junit.JUnitTclTest" skipped="0" tests="82" time="8.476" timestamp="2020-07-25T07:32:53">
  <properties>
[...]
</properties>
  <testcase classname="ptolemy.util.test.junit.TclTests" name="[0] /home/travis/build/icyphy/ptII/ptolemy/domains/sdf/lib/test/ArrayToSequence.tcl (RunTclFile)" time="0.618" />
  <testcase classname="ptolemy.util.test.junit.TclTests" name="[1] /home/travis/build/icyphy/ptII/ptolemy/domains/sdf/lib/test/BitsToInt.tcl (RunTclFile)" time="0.067" />
  <testcase classname="ptolemy.util.test.junit.TclTests" name="[2] /home/travis/build/icyphy/ptII/ptolemy/domains/sdf/lib/test/DelayLine.tcl (RunTclFile)" time="0.047" />
  <testcase classname="ptolemy.util.test.junit.TclTests" name="[3] /home/travis/build/icyphy/ptII/ptolemy/domains/sdf/lib/test/FFT.tcl (RunTclFile)" time="0.015" />
  <testcase classname="ptolemy.util.test.junit.TclTests" name="[4] /home/travis/build/icyphy/ptII/ptolemy/domains/sdf/lib/test/FIR.tcl (RunTclFile)" time="0.179" />
  <testcase classname="ptolemy.util.test.junit.TclTests" name="[5] /home/travis/build/icyphy/ptII/ptolemy/domains/sdf/lib/test/IntToBits.tcl (RunTclFile)" time="0.027" />
  <testcase classname="ptolemy.util.test.junit.TclTests" name="[6] /home/travis/build/icyphy/ptII/ptolemy/domains/sdf/lib/test/MaximumEntropySpectrum.tcl (RunTclFile)" time="0.281" />
  <testcase classname="ptolemy.util.test.junit.TclTests" name="[7] /home/travis/build/icyphy/ptII/ptolemy/domains/sdf/lib/test/Repeat.tcl (RunTclFile)" time="0.071" />
  <testcase classname="ptolemy.util.test.junit.TclTests" name="[8] /home/travis/build/icyphy/ptII/ptolemy/domains/sdf/lib/test/SampleDelay.tcl (RunTclFile)" time="0.07" />
  <testcase classname="ptolemy.util.test.junit.TclTests" name="[9] /home/travis/build/icyphy/ptII/ptolemy/domains/sdf/lib/test/SequenceToArray.tcl (RunTclFile)" time="0.034" />
  <testcase classname="ptolemy.util.test.junit.AutoKnownFailedTests" name="[0] ThereAreNoKnowFailedTests (RunModel)" time="0.004" />
  <testcase classname="ptolemy.util.test.junit.AutoNameArchTests" name="[0] ThereAreNoAutoArchTests (RunModel)" time="0.002" />
  <testcase classname="ptolemy.util.test.junit.AutoTests" name="[0] /home/travis/build/icyphy/ptII/ptolemy/domains/sdf/lib/test/auto/ArrayToSequence.xml (RunModel)" time="0.223" />
  <testcase classname="ptolemy.util.test.junit.AutoTests" name="[1] /home/travis/build/icyphy/ptII/ptolemy/domains/sdf/lib/test/auto/ArrayToSequenceTest.xml (RunModel)" time="0.103" />
  <testcase classname="ptolemy.util.test.junit.AutoTests" name="[2] /home/travis/build/icyphy/ptII/ptolemy/domains/sdf/lib/test/auto/Autocorrelation.xml (RunModel)" time="0.055" />
  <testcase classname="ptolemy.util.test.junit.AutoTests" name="[3] /home/travis/build/icyphy/ptII/ptolemy/domains/sdf/lib/test/auto/Autocorrelation2.xml (RunModel)" time="0.042" />
  <testcase classname="ptolemy.util.test.junit.AutoTests" name="[4] /home/travis/build/icyphy/ptII/ptolemy/domains/sdf/lib/test/auto/Autocorrelation3.xml (RunModel)" time="0.042" />
  <testcase classname="ptolemy.util.test.junit.AutoTests" name="[5] /home/travis/build/icyphy/ptII/ptolemy/domains/sdf/lib/test/auto/Autocorrelation4.xml (RunModel)" time="0.05" />
  <testcase classname="ptolemy.util.test.junit.AutoTests" name="[6] /home/travis/build/icyphy/ptII/ptolemy/domains/sdf/lib/test/auto/Autocorrelation5.xml (RunModel)" time="0.083" />
  <testcase classname="ptolemy.util.test.junit.AutoTests" name="[7] /home/travis/build/icyphy/ptII/ptolemy/domains/sdf/lib/test/auto/BitsToInt.xml (RunModel)" time="0.017" />
  <testcase classname="ptolemy.util.test.junit.AutoTests" name="[8] /home/travis/build/icyphy/ptII/ptolemy/domains/sdf/lib/test/auto/BooleanJoin.xml (RunModel)" time="0.037" />
  <testcase classname="ptolemy.util.test.junit.AutoTests" name="[9] /home/travis/build/icyphy/ptII/ptolemy/domains/sdf/lib/test/auto/BootstrapSampleDelay.xml (RunModel)" time="0.038" />
  <testcase classname="ptolemy.util.test.junit.AutoTests" name="[10] /home/travis/build/icyphy/ptII/ptolemy/domains/sdf/lib/test/auto/Chop.xml (RunModel)" time="0.058" />
  <testcase classname="ptolemy.util.test.junit.AutoTests" name="[11] /home/travis/build/icyphy/ptII/ptolemy/domains/sdf/lib/test/auto/Chop2.xml (RunModel)" time="0.043" />
  <testcase classname="ptolemy.util.test.junit.AutoTests" name="[12] /home/travis/build/icyphy/ptII/ptolemy/domains/sdf/lib/test/auto/ComplexJoin.xml (RunModel)" time="0.056" />
  <testcase classname="ptolemy.util.test.junit.AutoTests" name="[13] /home/travis/build/icyphy/ptII/ptolemy/domains/sdf/lib/test/auto/CountTrues.xml (RunModel)" time="0.044" />
  <testcase classname="ptolemy.util.test.junit.AutoTests" name="[14] /home/travis/build/icyphy/ptII/ptolemy/domains/sdf/lib/test/auto/DelayLine.xml (RunModel)" time="0.039" />
  <testcase classname="ptolemy.util.test.junit.AutoTests" name="[15] /home/travis/build/icyphy/ptII/ptolemy/domains/sdf/lib/test/auto/DotProduct.xml (RunModel)" time="0.017" />
  <testcase classname="ptolemy.util.test.junit.AutoTests" name="[16] /home/travis/build/icyphy/ptII/ptolemy/domains/sdf/lib/test/auto/DotProductMatrix.xml (RunModel)" time="0.015" />
  <testcase classname="ptolemy.util.test.junit.AutoTests" name="[17] /home/travis/build/icyphy/ptII/ptolemy/domains/sdf/lib/test/auto/DownSample1.xml (RunModel)" time="0.013" />
  <testcase classname="ptolemy.util.test.junit.AutoTests" name="[18] /home/travis/build/icyphy/ptII/ptolemy/domains/sdf/lib/test/auto/DynamicRateChange.xml (RunModel)" time="0.04" />
  <testcase classname="ptolemy.util.test.junit.AutoTests" name="[19] /home/travis/build/icyphy/ptII/ptolemy/domains/sdf/lib/test/auto/DynamicRates.xml (RunModel)" time="0.041" />
  <testcase classname="ptolemy.util.test.junit.AutoTests" name="[20] /home/travis/build/icyphy/ptII/ptolemy/domains/sdf/lib/test/auto/FFT1.xml (RunModel)" time="0.032" />
  <testcase classname="ptolemy.util.test.junit.AutoTests" name="[21] /home/travis/build/icyphy/ptII/ptolemy/domains/sdf/lib/test/auto/FIR1.xml (RunModel)" time="0.058" />
  <testcase classname="ptolemy.util.test.junit.AutoTests" name="[22] /home/travis/build/icyphy/ptII/ptolemy/domains/sdf/lib/test/auto/FIR2.xml (RunModel)" time="0.022" />
  <testcase classname="ptolemy.util.test.junit.AutoTests" name="[23] /home/travis/build/icyphy/ptII/ptolemy/domains/sdf/lib/test/auto/FIR4.xml (RunModel)" time="0.051" />
  <testcase classname="ptolemy.util.test.junit.AutoTests" name="[24] /home/travis/build/icyphy/ptII/ptolemy/domains/sdf/lib/test/auto/FixJoin.xml (RunModel)" time="0.049" />
  <testcase classname="ptolemy.util.test.junit.AutoTests" name="[25] /home/travis/build/icyphy/ptII/ptolemy/domains/sdf/lib/test/auto/IntJoin1.xml (RunModel)" time="0.027" />
  <testcase classname="ptolemy.util.test.junit.AutoTests" name="[26] /home/travis/build/icyphy/ptII/ptolemy/domains/sdf/lib/test/auto/IntJoin2.xml (RunModel)" time="0.02" />
  <testcase classname="ptolemy.util.test.junit.AutoTests" name="[27] /home/travis/build/icyphy/ptII/ptolemy/domains/sdf/lib/test/auto/IntJoin3.xml (RunModel)" time="0.04" />
  <testcase classname="ptolemy.util.test.junit.AutoTests" name="[28] /home/travis/build/icyphy/ptII/ptolemy/domains/sdf/lib/test/auto/IntJoin4.xml (RunModel)" time="0.029" />
  <testcase classname="ptolemy.util.test.junit.AutoTests" name="[29] /home/travis/build/icyphy/ptII/ptolemy/domains/sdf/lib/test/auto/IntJoin5.xml (RunModel)" time="0.027" />
  <testcase classname="ptolemy.util.test.junit.AutoTests" name="[30] /home/travis/build/icyphy/ptII/ptolemy/domains/sdf/lib/test/auto/IntToBits.xml (RunModel)" time="0.03" />
  <testcase classname="ptolemy.util.test.junit.AutoTests" name="[31] /home/travis/build/icyphy/ptII/ptolemy/domains/sdf/lib/test/auto/LMSAdaptive.xml (RunModel)" time="0.091" />
  <testcase classname="ptolemy.util.test.junit.AutoTests" name="[32] /home/travis/build/icyphy/ptII/ptolemy/domains/sdf/lib/test/auto/LMSAdaptiveFIR.xml (RunModel)" time="0.366" />
  <testcase classname="ptolemy.util.test.junit.AutoTests" name="[33] /home/travis/build/icyphy/ptII/ptolemy/domains/sdf/lib/test/auto/LMSAdaptiveFIR2.xml (RunModel)" time="0.456" />
  <testcase classname="ptolemy.util.test.junit.AutoTests" name="[34] /home/travis/build/icyphy/ptII/ptolemy/domains/sdf/lib/test/auto/LongJoin.xml (RunModel)" time="0.029" />
  <testcase classname="ptolemy.util.test.junit.AutoTests" name="[35] /home/travis/build/icyphy/ptII/ptolemy/domains/sdf/lib/test/auto/Matrix1.xml (RunModel)" time="0.019" />
  <testcase classname="ptolemy.util.test.junit.AutoTests" name="[36] /home/travis/build/icyphy/ptII/ptolemy/domains/sdf/lib/test/auto/Matrix2.xml (RunModel)" time="0.023" />
  <testcase classname="ptolemy.util.test.junit.AutoTests" name="[37] /home/travis/build/icyphy/ptII/ptolemy/domains/sdf/lib/test/auto/MatrixJoin1.xml (RunModel)" time="0.034" />
  <testcase classname="ptolemy.util.test.junit.AutoTests" name="[38] /home/travis/build/icyphy/ptII/ptolemy/domains/sdf/lib/test/auto/MatrixJoin2.xml (RunModel)" time="0.025" />
  <testcase classname="ptolemy.util.test.junit.AutoTests" name="[39] /home/travis/build/icyphy/ptII/ptolemy/domains/sdf/lib/test/auto/MatrixJoin3.xml (RunModel)" time="0.023" />
  <testcase classname="ptolemy.util.test.junit.AutoTests" name="[40] /home/travis/build/icyphy/ptII/ptolemy/domains/sdf/lib/test/auto/MatrixJoin4.xml (RunModel)" time="0.016" />
  <testcase classname="ptolemy.util.test.junit.AutoTests" name="[41] /home/travis/build/icyphy/ptII/ptolemy/domains/sdf/lib/test/auto/MatrixJoin5.xml (RunModel)" time="0.013" />
  <testcase classname="ptolemy.util.test.junit.AutoTests" name="[42] /home/travis/build/icyphy/ptII/ptolemy/domains/sdf/lib/test/auto/MatrixSplit1.xml (RunModel)" time="0.023" />
  <testcase classname="ptolemy.util.test.junit.AutoTests" name="[43] /home/travis/build/icyphy/ptII/ptolemy/domains/sdf/lib/test/auto/MatrixSplit10.xml (RunModel)" time="0.018" />
  <testcase classname="ptolemy.util.test.junit.AutoTests" name="[44] /home/travis/build/icyphy/ptII/ptolemy/domains/sdf/lib/test/auto/MatrixSplit11.xml (RunModel)" time="0.012" />
  <testcase classname="ptolemy.util.test.junit.AutoTests" name="[45] /home/travis/build/icyphy/ptII/ptolemy/domains/sdf/lib/test/auto/MatrixSplit12.xml (RunModel)" time="0.02" />
  <testcase classname="ptolemy.util.test.junit.AutoTests" name="[46] /home/travis/build/icyphy/ptII/ptolemy/domains/sdf/lib/test/auto/MatrixSplit13.xml (RunModel)" time="0.021" />
  <testcase classname="ptolemy.util.test.junit.AutoTests" name="[47] /home/travis/build/icyphy/ptII/ptolemy/domains/sdf/lib/test/auto/MatrixSplit14.xml (RunModel)" time="0.013" />
  <testcase classname="ptolemy.util.test.junit.AutoTests" name="[48] /home/travis/build/icyphy/ptII/ptolemy/domains/sdf/lib/test/auto/MatrixSplit2.xml (RunModel)" time="0.011" />
  <testcase classname="ptolemy.util.test.junit.AutoTests" name="[49] /home/travis/build/icyphy/ptII/ptolemy/domains/sdf/lib/test/auto/MatrixSplit3.xml (RunModel)" time="0.011" />
  <testcase classname="ptolemy.util.test.junit.AutoTests" name="[50] /home/travis/build/icyphy/ptII/ptolemy/domains/sdf/lib/test/auto/MatrixSplit4.xml (RunModel)" time="0.013" />
  <testcase classname="ptolemy.util.test.junit.AutoTests" name="[51] /home/travis/build/icyphy/ptII/ptolemy/domains/sdf/lib/test/auto/MatrixSplit5.xml (RunModel)" time="0.022" />
  <testcase classname="ptolemy.util.test.junit.AutoTests" name="[52] /home/travis/build/icyphy/ptII/ptolemy/domains/sdf/lib/test/auto/MatrixSplit6.xml (RunModel)" time="0.011" />
  <testcase classname="ptolemy.util.test.junit.AutoTests" name="[53] /home/travis/build/icyphy/ptII/ptolemy/domains/sdf/lib/test/auto/MatrixSplit7.xml (RunModel)" time="0.011" />
  <testcase classname="ptolemy.util.test.junit.AutoTests" name="[54] /home/travis/build/icyphy/ptII/ptolemy/domains/sdf/lib/test/auto/MatrixSplit8.xml (RunModel)" time="0.013" />
  <testcase classname="ptolemy.util.test.junit.AutoTests" name="[55] /home/travis/build/icyphy/ptII/ptolemy/domains/sdf/lib/test/auto/MatrixSplit9.xml (RunModel)" time="0.026" />
  <testcase classname="ptolemy.util.test.junit.AutoTests" name="[56] /home/travis/build/icyphy/ptII/ptolemy/domains/sdf/lib/test/auto/MatrixToSequence.xml (RunModel)" time="0.036" />
  <testcase classname="ptolemy.util.test.junit.AutoTests" name="[57] /home/travis/build/icyphy/ptII/ptolemy/domains/sdf/lib/test/auto/MaximumEntropySpectrum.xml (RunModel)" time="0.071" />
  <testcase classname="ptolemy.util.test.junit.AutoTests" name="[58] /home/travis/build/icyphy/ptII/ptolemy/domains/sdf/lib/test/auto/SampleDelayConversion.xml (RunModel)" time="0.015" />
  <testcase classname="ptolemy.util.test.junit.AutoTests" name="[59] /home/travis/build/icyphy/ptII/ptolemy/domains/sdf/lib/test/auto/SequenceToArray.xml (RunModel)" time="0.04" />
  <testcase classname="ptolemy.util.test.junit.AutoTests" name="[60] /home/travis/build/icyphy/ptII/ptolemy/domains/sdf/lib/test/auto/SequenceToMatrix.xml (RunModel)" time="3.343" />
  <testcase classname="ptolemy.util.test.junit.AutoTests" name="[61] /home/travis/build/icyphy/ptII/ptolemy/domains/sdf/lib/test/auto/SmoothedPeriodogram.xml (RunModel)" time="0.053" />
  <testcase classname="ptolemy.util.test.junit.AutoTests" name="[62] /home/travis/build/icyphy/ptII/ptolemy/domains/sdf/lib/test/auto/UpDownSample1.xml (RunModel)" time="0.025" />
  <testcase classname="ptolemy.util.test.junit.AutoTests" name="[63] /home/travis/build/icyphy/ptII/ptolemy/domains/sdf/lib/test/auto/UpSample1.xml (RunModel)" time="0.011" />
  <testcase classname="ptolemy.util.test.junit.AutoTests" name="[64] /home/travis/build/icyphy/ptII/ptolemy/domains/sdf/lib/test/auto/VariableFIR.xml (RunModel)" time="0.016" />
  <testcase classname="ptolemy.util.test.junit.AutoTests" name="[65] /home/travis/build/icyphy/ptII/ptolemy/domains/sdf/lib/test/auto/VariableFIR2.xml (RunModel)" time="0.019" />
  <testcase classname="ptolemy.util.test.junit.AutoTests" name="[66] /home/travis/build/icyphy/ptII/ptolemy/domains/sdf/lib/test/auto/VariableLattice.xml (RunModel)" time="0.03" />
  <testcase classname="ptolemy.util.test.junit.AutoTests" name="[67] /home/travis/build/icyphy/ptII/ptolemy/domains/sdf/lib/test/auto/VariableLattice2.xml (RunModel)" time="0.016" />
  <testcase classname="ptolemy.util.test.junit.AutoTests" name="[68] /home/travis/build/icyphy/ptII/ptolemy/domains/sdf/lib/test/auto/VariableRecursiveLattice.xml (RunModel)" time="0.014" />
  <testcase classname="ptolemy.util.test.junit.AutoTests" name="[69] /home/travis/build/icyphy/ptII/ptolemy/domains/sdf/lib/test/auto/VariableRecursiveLattice2.xml (RunModel)" time="0.012" />
  <system-out><![CDATA[/home/travis/build/icyphy/ptII/ptolemy/domains/sdf/lib/test/ArrayToSequence.tcl
testDefs.tcl: setting time out to 9000 seconds at Sat Jul 25 07:32:53 UTC 2020
100 ms. Memory: 129024K Free: 93607K (73%)
20 ms. Memory: 129024K Free: 91590K (71%)
23 ms. Memory: 129024K Free: 89511K (69%)
22 ms. Memory: 129024K Free: 88518K (69%)
/home/travis/build/icyphy/ptII/ptolemy/domains/sdf/lib/test/BitsToInt.tcl
28 ms. Memory: 129024K Free: 86455K (67%)
15 ms. Memory: 129024K Free: 84422K (65%)
/home/travis/build/icyphy/ptII/ptolemy/domains/sdf/lib/test/DelayLine.tcl
11 ms. Memory: 129024K Free: 82888K (64%)
/home/travis/build/icyphy/ptII/ptolemy/domains/sdf/lib/test/FFT.tcl
5 ms. Memory: 129024K Free: 81335K (63%)
/home/travis/build/icyphy/ptII/ptolemy/domains/sdf/lib/test/FIR.tcl
12 ms. Memory: 129024K Free: 79295K (61%)
80 ms. Memory: 129024K Free: 75206K (58%)
ptolemy.kernel.util.IllegalActionException: multiplyReverse method not supported between ptolemy.data.FixToken 'fix(-0.0625,6,2)' and ptolemy.data.IntToken '1' because the types are incomparable.
  in .top.FIRclone
Because:
multiplyReverse method not supported between ptolemy.data.FixToken 'fix(-0.0625,6,2)' and ptolemy.data.IntToken '1' because the types are incomparable.
29 ms. Memory: 129024K Free: 72648K (56%)
/home/travis/build/icyphy/ptII/ptolemy/domains/sdf/lib/test/IntToBits.tcl
5 ms. Memory: 129024K Free: 71095K (55%)
6 ms. Memory: 129024K Free: 69576K (54%)
/home/travis/build/icyphy/ptII/ptolemy/domains/sdf/lib/test/MaximumEntropySpectrum.tcl
/home/travis/build/icyphy/ptII/ptolemy/domains/sdf/lib/test/Repeat.tcl
13 ms. Memory: 129024K Free: 48072K (37%)
/home/travis/build/icyphy/ptII/ptolemy/domains/sdf/lib/test/SampleDelay.tcl
4 ms. Memory: 129024K Free: 112834K (87%)
6 ms. Memory: 129024K Free: 111810K (87%)
3 ms. Memory: 129024K Free: 111266K (86%)
16 ms. Memory: 129024K Free: 110258K (85%)
4 ms. Memory: 129024K Free: 109762K (85%)
1 ms. Memory: 129024K Free: 109234K (85%)
/home/travis/build/icyphy/ptII/ptolemy/domains/sdf/lib/test/SequenceToArray.tcl
5 ms. Memory: 129024K Free: 107712K (83%)
4 ms. Memory: 129024K Free: 106690K (83%)
5 ms. Memory: 129024K Free: 105138K (81%)
5 ms. Memory: 129024K Free: 104114K (81%)
07/25/20 07:32:55
Failed: 0  Total Tests: 41  ((Passed: 41, Newly Passed: 0)  Known Failed: 0) /home/travis/build/icyphy/ptII/ptolemy/domains/sdf/lib/test
No auto/knownFailedTests/*.xml tests in /home/travis/build/icyphy/ptII/ptolemy/domains/sdf/lib/test
No auto/linux-amd64/*.xml tests in /home/travis/build/icyphy/ptII/ptolemy/domains/sdf/lib/test
AutoTests.java: About to close Vertx.
AutoTests.java: Vertx closed.

===========================================================================================
----------------- testing Sat Jul 25 07:32:55 UTC 2020 /home/travis/build/icyphy/ptII/ptolemy/domains/sdf/lib/test/auto/ArrayToSequence.xml
----------------- Instantiating /home/travis/build/icyphy/ptII/ptolemy/domains/sdf/lib/test/auto/ArrayToSequence.xml
47 ms. Memory: 129024K Free: 93096K (72%)
----------------- Invoking toplevel() on ptolemy.moml.MoMLSimpleApplication@211b8398
----------------- Done invoking toplevel() on ptolemy.moml.MoMLSimpleApplication@211b8398
reloadAllAccessors: .ArrayToSequence

===========================================================================================
----------------- testing Sat Jul 25 07:32:55 UTC 2020 /home/travis/build/icyphy/ptII/ptolemy/domains/sdf/lib/test/auto/ArrayToSequenceTest.xml
----------------- Instantiating /home/travis/build/icyphy/ptII/ptolemy/domains/sdf/lib/test/auto/ArrayToSequenceTest.xml
16 ms. Memory: 129024K Free: 86666K (67%)
----------------- Invoking toplevel() on ptolemy.moml.MoMLSimpleApplication@ce3067b
----------------- Done invoking toplevel() on ptolemy.moml.MoMLSimpleApplication@ce3067b
reloadAllAccessors: .ArrayToSequenceTest

===========================================================================================
----------------- testing Sat Jul 25 07:32:56 UTC 2020 /home/travis/build/icyphy/ptII/ptolemy/domains/sdf/lib/test/auto/Autocorrelation.xml
----------------- Instantiating /home/travis/build/icyphy/ptII/ptolemy/domains/sdf/lib/test/auto/Autocorrelation.xml
5 ms. Memory: 129024K Free: 82778K (64%)
----------------- Invoking toplevel() on ptolemy.moml.MoMLSimpleApplication@1b301aaa
----------------- Done invoking toplevel() on ptolemy.moml.MoMLSimpleApplication@1b301aaa
reloadAllAccessors: .Autocorrelation

===========================================================================================
----------------- testing Sat Jul 25 07:32:56 UTC 2020 /home/travis/build/icyphy/ptII/ptolemy/domains/sdf/lib/test/auto/Autocorrelation2.xml
----------------- Instantiating /home/travis/build/icyphy/ptII/ptolemy/domains/sdf/lib/test/auto/Autocorrelation2.xml
10 ms. Memory: 129024K Free: 112282K (87%)
----------------- Invoking toplevel() on ptolemy.moml.MoMLSimpleApplication@3a4abea2
----------------- Done invoking toplevel() on ptolemy.moml.MoMLSimpleApplication@3a4abea2
reloadAllAccessors: .Autocorrelation2

===========================================================================================
----------------- testing Sat Jul 25 07:32:56 UTC 2020 /home/travis/build/icyphy/ptII/ptolemy/domains/sdf/lib/test/auto/Autocorrelation3.xml
----------------- Instantiating /home/travis/build/icyphy/ptII/ptolemy/domains/sdf/lib/test/auto/Autocorrelation3.xml
5 ms. Memory: 129024K Free: 108186K (84%)
----------------- Invoking toplevel() on ptolemy.moml.MoMLSimpleApplication@403dcd26
----------------- Done invoking toplevel() on ptolemy.moml.MoMLSimpleApplication@403dcd26
reloadAllAccessors: .Autocorrelation3

===========================================================================================
----------------- testing Sat Jul 25 07:32:56 UTC 2020 /home/travis/build/icyphy/ptII/ptolemy/domains/sdf/lib/test/auto/Autocorrelation4.xml
----------------- Instantiating /home/travis/build/icyphy/ptII/ptolemy/domains/sdf/lib/test/auto/Autocorrelation4.xml
9 ms. Memory: 129024K Free: 104090K (81%)
----------------- Invoking toplevel() on ptolemy.moml.MoMLSimpleApplication@34658fed
----------------- Done invoking toplevel() on ptolemy.moml.MoMLSimpleApplication@34658fed
reloadAllAccessors: .Autocorrelation4

===========================================================================================
----------------- testing Sat Jul 25 07:32:56 UTC 2020 /home/travis/build/icyphy/ptII/ptolemy/domains/sdf/lib/test/auto/Autocorrelation5.xml
----------------- Instantiating /home/travis/build/icyphy/ptII/ptolemy/domains/sdf/lib/test/auto/Autocorrelation5.xml
30 ms. Memory: 129024K Free: 96922K (75%)
----------------- Invoking toplevel() on ptolemy.moml.MoMLSimpleApplication@46f3e1ea
----------------- Done invoking toplevel() on ptolemy.moml.MoMLSimpleApplication@46f3e1ea
reloadAllAccessors: .Autocorrelation5

===========================================================================================
----------------- testing Sat Jul 25 07:32:56 UTC 2020 /home/travis/build/icyphy/ptII/ptolemy/domains/sdf/lib/test/auto/BitsToInt.xml
----------------- Instantiating /home/travis/build/icyphy/ptII/ptolemy/domains/sdf/lib/test/auto/BitsToInt.xml
2 ms. Memory: 129024K Free: 93859K (73%)
----------------- Invoking toplevel() on ptolemy.moml.MoMLSimpleApplication@3d9a28a2
----------------- Done invoking toplevel() on ptolemy.moml.MoMLSimpleApplication@3d9a28a2
reloadAllAccessors: .BitsToInt

===========================================================================================
----------------- testing Sat Jul 25 07:32:56 UTC 2020 /home/travis/build/icyphy/ptII/ptolemy/domains/sdf/lib/test/auto/BooleanJoin.xml
----------------- Instantiating /home/travis/build/icyphy/ptII/ptolemy/domains/sdf/lib/test/auto/BooleanJoin.xml
8 ms. Memory: 129024K Free: 89096K (69%)
----------------- Invoking toplevel() on ptolemy.moml.MoMLSimpleApplication@414db702
----------------- Done invoking toplevel() on ptolemy.moml.MoMLSimpleApplication@414db702
reloadAllAccessors: .BooleanJoin

===========================================================================================
----------------- testing Sat Jul 25 07:32:56 UTC 2020 /home/travis/build/icyphy/ptII/ptolemy/domains/sdf/lib/test/auto/BootstrapSampleDelay.xml
----------------- Instantiating /home/travis/build/icyphy/ptII/ptolemy/domains/sdf/lib/test/auto/BootstrapSampleDelay.xml
11 ms. Memory: 129024K Free: 85306K (66%)
----------------- Invoking toplevel() on ptolemy.moml.MoMLSimpleApplication@45b592bb
----------------- Done invoking toplevel() on ptolemy.moml.MoMLSimpleApplication@45b592bb
reloadAllAccessors: .BootstrapSampleDelay

===========================================================================================
----------------- testing Sat Jul 25 07:32:56 UTC 2020 /home/travis/build/icyphy/ptII/ptolemy/domains/sdf/lib/test/auto/Chop.xml
----------------- Instantiating /home/travis/build/icyphy/ptII/ptolemy/domains/sdf/lib/test/auto/Chop.xml
5 ms. Memory: 129024K Free: 78160K (61%)
----------------- Invoking toplevel() on ptolemy.moml.MoMLSimpleApplication@612b29ed
----------------- Done invoking toplevel() on ptolemy.moml.MoMLSimpleApplication@612b29ed
reloadAllAccessors: .Chop

===========================================================================================
----------------- testing Sat Jul 25 07:32:56 UTC 2020 /home/travis/build/icyphy/ptII/ptolemy/domains/sdf/lib/test/auto/Chop2.xml
----------------- Instantiating /home/travis/build/icyphy/ptII/ptolemy/domains/sdf/lib/test/auto/Chop2.xml
9 ms. Memory: 129024K Free: 71686K (56%)
----------------- Invoking toplevel() on ptolemy.moml.MoMLSimpleApplication@47f38ab1
----------------- Done invoking toplevel() on ptolemy.moml.MoMLSimpleApplication@47f38ab1
reloadAllAccessors: .Chop2

===========================================================================================
----------------- testing Sat Jul 25 07:32:56 UTC 2020 /home/travis/build/icyphy/ptII/ptolemy/domains/sdf/lib/test/auto/ComplexJoin.xml
----------------- Instantiating /home/travis/build/icyphy/ptII/ptolemy/domains/sdf/lib/test/auto/ComplexJoin.xml
7 ms. Memory: 129024K Free: 67604K (52%)
----------------- Invoking toplevel() on ptolemy.moml.MoMLSimpleApplication@16871ff3
----------------- Done invoking toplevel() on ptolemy.moml.MoMLSimpleApplication@16871ff3
reloadAllAccessors: .ComplexJoin

===========================================================================================
----------------- testing Sat Jul 25 07:32:56 UTC 2020 /home/travis/build/icyphy/ptII/ptolemy/domains/sdf/lib/test/auto/CountTrues.xml
----------------- Instantiating /home/travis/build/icyphy/ptII/ptolemy/domains/sdf/lib/test/auto/CountTrues.xml
5 ms. Memory: 129024K Free: 111449K (86%)
----------------- Invoking toplevel() on ptolemy.moml.MoMLSimpleApplication@1e4dd5a1
----------------- Done invoking toplevel() on ptolemy.moml.MoMLSimpleApplication@1e4dd5a1
reloadAllAccessors: .CountTrues

===========================================================================================
----------------- testing Sat Jul 25 07:32:56 UTC 2020 /home/travis/build/icyphy/ptII/ptolemy/domains/sdf/lib/test/auto/DelayLine.xml
----------------- Instantiating /home/travis/build/icyphy/ptII/ptolemy/domains/sdf/lib/test/auto/DelayLine.xml
6 ms. Memory: 129024K Free: 106216K (82%)
----------------- Invoking toplevel() on ptolemy.moml.MoMLSimpleApplication@76873314
----------------- Done invoking toplevel() on ptolemy.moml.MoMLSimpleApplication@76873314
reloadAllAccessors: .DelayLine

===========================================================================================
----------------- testing Sat Jul 25 07:32:56 UTC 2020 /home/travis/build/icyphy/ptII/ptolemy/domains/sdf/lib/test/auto/DotProduct.xml
----------------- Instantiating /home/travis/build/icyphy/ptII/ptolemy/domains/sdf/lib/test/auto/DotProduct.xml
2 ms. Memory: 129024K Free: 102579K (80%)
----------------- Invoking toplevel() on ptolemy.moml.MoMLSimpleApplication@3e240e2f
----------------- Done invoking toplevel() on ptolemy.moml.MoMLSimpleApplication@3e240e2f
reloadAllAccessors: .DotProduct

===========================================================================================
----------------- testing Sat Jul 25 07:32:56 UTC 2020 /home/travis/build/icyphy/ptII/ptolemy/domains/sdf/lib/test/auto/DotProductMatrix.xml
----------------- Instantiating /home/travis/build/icyphy/ptII/ptolemy/domains/sdf/lib/test/auto/DotProductMatrix.xml
3 ms. Memory: 129024K Free: 100064K (78%)
----------------- Invoking toplevel() on ptolemy.moml.MoMLSimpleApplication@5f494552
----------------- Done invoking toplevel() on ptolemy.moml.MoMLSimpleApplication@5f494552
reloadAllAccessors: .DotProductMatrix

===========================================================================================
----------------- testing Sat Jul 25 07:32:56 UTC 2020 /home/travis/build/icyphy/ptII/ptolemy/domains/sdf/lib/test/auto/DownSample1.xml
----------------- Instantiating /home/travis/build/icyphy/ptII/ptolemy/domains/sdf/lib/test/auto/DownSample1.xml
3 ms. Memory: 129024K Free: 95944K (74%)
----------------- Invoking toplevel() on ptolemy.moml.MoMLSimpleApplication@28f5d9c8
----------------- Done invoking toplevel() on ptolemy.moml.MoMLSimpleApplication@28f5d9c8
reloadAllAccessors: .DownSample1

===========================================================================================
----------------- testing Sat Jul 25 07:32:56 UTC 2020 /home/travis/build/icyphy/ptII/ptolemy/domains/sdf/lib/test/auto/DynamicRateChange.xml
----------------- Instantiating /home/travis/build/icyphy/ptII/ptolemy/domains/sdf/lib/test/auto/DynamicRateChange.xml
15 ms. Memory: 129024K Free: 90291K (70%)
----------------- Invoking toplevel() on ptolemy.moml.MoMLSimpleApplication@256aa000
----------------- Done invoking toplevel() on ptolemy.moml.MoMLSimpleApplication@256aa000
reloadAllAccessors: .DynamicRateChange

===========================================================================================
----------------- testing Sat Jul 25 07:32:56 UTC 2020 /home/travis/build/icyphy/ptII/ptolemy/domains/sdf/lib/test/auto/DynamicRates.xml
----------------- Instantiating /home/travis/build/icyphy/ptII/ptolemy/domains/sdf/lib/test/auto/DynamicRates.xml
12 ms. Memory: 129024K Free: 85610K (66%)
----------------- Invoking toplevel() on ptolemy.moml.MoMLSimpleApplication@6386ad46
----------------- Done invoking toplevel() on ptolemy.moml.MoMLSimpleApplication@6386ad46
reloadAllAccessors: .DynamicRates

===========================================================================================
----------------- testing Sat Jul 25 07:32:56 UTC 2020 /home/travis/build/icyphy/ptII/ptolemy/domains/sdf/lib/test/auto/FFT1.xml
----------------- Instantiating /home/travis/build/icyphy/ptII/ptolemy/domains/sdf/lib/test/auto/FFT1.xml
9 ms. Memory: 129024K Free: 80635K (62%)
----------------- Invoking toplevel() on ptolemy.moml.MoMLSimpleApplication@7f746258
----------------- Done invoking toplevel() on ptolemy.moml.MoMLSimpleApplication@7f746258
reloadAllAccessors: .FFT1

===========================================================================================
----------------- testing Sat Jul 25 07:32:56 UTC 2020 /home/travis/build/icyphy/ptII/ptolemy/domains/sdf/lib/test/auto/FIR1.xml
----------------- Instantiating /home/travis/build/icyphy/ptII/ptolemy/domains/sdf/lib/test/auto/FIR1.xml
23 ms. Memory: 129024K Free: 73907K (57%)
----------------- Invoking toplevel() on ptolemy.moml.MoMLSimpleApplication@223bf486
----------------- Done invoking toplevel() on ptolemy.moml.MoMLSimpleApplication@223bf486
reloadAllAccessors: .FIR1

===========================================================================================
----------------- testing Sat Jul 25 07:32:56 UTC 2020 /home/travis/build/icyphy/ptII/ptolemy/domains/sdf/lib/test/auto/FIR2.xml
----------------- Instantiating /home/travis/build/icyphy/ptII/ptolemy/domains/sdf/lib/test/auto/FIR2.xml
4 ms. Memory: 129024K Free: 70384K (55%)
----------------- Invoking toplevel() on ptolemy.moml.MoMLSimpleApplication@1d5ad5d5
----------------- Done invoking toplevel() on ptolemy.moml.MoMLSimpleApplication@1d5ad5d5
reloadAllAccessors: .FIR2

===========================================================================================
----------------- testing Sat Jul 25 07:32:56 UTC 2020 /home/travis/build/icyphy/ptII/ptolemy/domains/sdf/lib/test/auto/FIR4.xml
----------------- Instantiating /home/travis/build/icyphy/ptII/ptolemy/domains/sdf/lib/test/auto/FIR4.xml
5 ms. Memory: 129024K Free: 63208K (49%)
----------------- Invoking toplevel() on ptolemy.moml.MoMLSimpleApplication@2bed2df8
----------------- Done invoking toplevel() on ptolemy.moml.MoMLSimpleApplication@2bed2df8
reloadAllAccessors: .FIR4

===========================================================================================
----------------- testing Sat Jul 25 07:32:56 UTC 2020 /home/travis/build/icyphy/ptII/ptolemy/domains/sdf/lib/test/auto/FixJoin.xml
----------------- Instantiating /home/travis/build/icyphy/ptII/ptolemy/domains/sdf/lib/test/auto/FixJoin.xml
3 ms. Memory: 129024K Free: 58509K (45%)
----------------- Invoking toplevel() on ptolemy.moml.MoMLSimpleApplication@31c79cf5
----------------- Done invoking toplevel() on ptolemy.moml.MoMLSimpleApplication@31c79cf5
reloadAllAccessors: .FixJoin

===========================================================================================
----------------- testing Sat Jul 25 07:32:57 UTC 2020 /home/travis/build/icyphy/ptII/ptolemy/domains/sdf/lib/test/auto/IntJoin1.xml
----------------- Instantiating /home/travis/build/icyphy/ptII/ptolemy/domains/sdf/lib/test/auto/IntJoin1.xml
6 ms. Memory: 129024K Free: 53866K (42%)
----------------- Invoking toplevel() on ptolemy.moml.MoMLSimpleApplication@5bd4f1f2
----------------- Done invoking toplevel() on ptolemy.moml.MoMLSimpleApplication@5bd4f1f2
reloadAllAccessors: .IntJoin1

===========================================================================================
----------------- testing Sat Jul 25 07:32:57 UTC 2020 /home/travis/build/icyphy/ptII/ptolemy/domains/sdf/lib/test/auto/IntJoin2.xml
----------------- Instantiating /home/travis/build/icyphy/ptII/ptolemy/domains/sdf/lib/test/auto/IntJoin2.xml
3 ms. Memory: 129024K Free: 49770K (39%)
----------------- Invoking toplevel() on ptolemy.moml.MoMLSimpleApplication@6faa6099
----------------- Done invoking toplevel() on ptolemy.moml.MoMLSimpleApplication@6faa6099
reloadAllAccessors: .IntJoin2

===========================================================================================
----------------- testing Sat Jul 25 07:32:57 UTC 2020 /home/travis/build/icyphy/ptII/ptolemy/domains/sdf/lib/test/auto/IntJoin3.xml
----------------- Instantiating /home/travis/build/icyphy/ptII/ptolemy/domains/sdf/lib/test/auto/IntJoin3.xml
9 ms. Memory: 156672K Free: 138243K (88%)
----------------- Invoking toplevel() on ptolemy.moml.MoMLSimpleApplication@2faa19cc
----------------- Done invoking toplevel() on ptolemy.moml.MoMLSimpleApplication@2faa19cc
reloadAllAccessors: .IntJoin3

===========================================================================================
----------------- testing Sat Jul 25 07:32:57 UTC 2020 /home/travis/build/icyphy/ptII/ptolemy/domains/sdf/lib/test/auto/IntJoin4.xml
----------------- Instantiating /home/travis/build/icyphy/ptII/ptolemy/domains/sdf/lib/test/auto/IntJoin4.xml
3 ms. Memory: 156672K Free: 133651K (85%)
----------------- Invoking toplevel() on ptolemy.moml.MoMLSimpleApplication@41e93a1d
----------------- Done invoking toplevel() on ptolemy.moml.MoMLSimpleApplication@41e93a1d
reloadAllAccessors: .IntJoin4

===========================================================================================
----------------- testing Sat Jul 25 07:32:57 UTC 2020 /home/travis/build/icyphy/ptII/ptolemy/domains/sdf/lib/test/auto/IntJoin5.xml
----------------- Instantiating /home/travis/build/icyphy/ptII/ptolemy/domains/sdf/lib/test/auto/IntJoin5.xml
2 ms. Memory: 156672K Free: 129555K (83%)
----------------- Invoking toplevel() on ptolemy.moml.MoMLSimpleApplication@3476175b
----------------- Done invoking toplevel() on ptolemy.moml.MoMLSimpleApplication@3476175b
reloadAllAccessors: .IntJoin5

===========================================================================================
----------------- testing Sat Jul 25 07:32:57 UTC 2020 /home/travis/build/icyphy/ptII/ptolemy/domains/sdf/lib/test/auto/IntToBits.xml
----------------- Instantiating /home/travis/build/icyphy/ptII/ptolemy/domains/sdf/lib/test/auto/IntToBits.xml
8 ms. Memory: 156672K Free: 125969K (80%)
----------------- Invoking toplevel() on ptolemy.moml.MoMLSimpleApplication@245a6dab
----------------- Done invoking toplevel() on ptolemy.moml.MoMLSimpleApplication@245a6dab
reloadAllAccessors: .IntToBits

===========================================================================================
----------------- testing Sat Jul 25 07:32:57 UTC 2020 /home/travis/build/icyphy/ptII/ptolemy/domains/sdf/lib/test/auto/LMSAdaptive.xml
----------------- Instantiating /home/travis/build/icyphy/ptII/ptolemy/domains/sdf/lib/test/auto/LMSAdaptive.xml
12 ms. Memory: 156672K Free: 117763K (75%)
----------------- Invoking toplevel() on ptolemy.moml.MoMLSimpleApplication@75819ad3
----------------- Done invoking toplevel() on ptolemy.moml.MoMLSimpleApplication@75819ad3
reloadAllAccessors: .LMSAdaptive

===========================================================================================
----------------- testing Sat Jul 25 07:32:57 UTC 2020 /home/travis/build/icyphy/ptII/ptolemy/domains/sdf/lib/test/auto/LMSAdaptiveFIR.xml
----------------- Instantiating /home/travis/build/icyphy/ptII/ptolemy/domains/sdf/lib/test/auto/LMSAdaptiveFIR.xml
257 ms. Memory: 156672K Free: 85523K (55%)
----------------- Invoking toplevel() on ptolemy.moml.MoMLSimpleApplication@7606320f
----------------- Done invoking toplevel() on ptolemy.moml.MoMLSimpleApplication@7606320f
reloadAllAccessors: .LMSAdaptiveFIR

===========================================================================================
----------------- testing Sat Jul 25 07:32:57 UTC 2020 /home/travis/build/icyphy/ptII/ptolemy/domains/sdf/lib/test/auto/LMSAdaptiveFIR2.xml
----------------- Instantiating /home/travis/build/icyphy/ptII/ptolemy/domains/sdf/lib/test/auto/LMSAdaptiveFIR2.xml
346 ms. Memory: 156672K Free: 107268K (68%)
----------------- Invoking toplevel() on ptolemy.moml.MoMLSimpleApplication@1e8987d
----------------- Done invoking toplevel() on ptolemy.moml.MoMLSimpleApplication@1e8987d
reloadAllAccessors: .LMSAdaptiveFIR2

===========================================================================================
----------------- testing Sat Jul 25 07:32:58 UTC 2020 /home/travis/build/icyphy/ptII/ptolemy/domains/sdf/lib/test/auto/LongJoin.xml
----------------- Instantiating /home/travis/build/icyphy/ptII/ptolemy/domains/sdf/lib/test/auto/LongJoin.xml
4 ms. Memory: 156672K Free: 102380K (65%)
----------------- Invoking toplevel() on ptolemy.moml.MoMLSimpleApplication@24de6ea0
----------------- Done invoking toplevel() on ptolemy.moml.MoMLSimpleApplication@24de6ea0
reloadAllAccessors: .LongJoin

===========================================================================================
----------------- testing Sat Jul 25 07:32:58 UTC 2020 /home/travis/build/icyphy/ptII/ptolemy/domains/sdf/lib/test/auto/Matrix1.xml
----------------- Instantiating /home/travis/build/icyphy/ptII/ptolemy/domains/sdf/lib/test/auto/Matrix1.xml
4 ms. Memory: 156672K Free: 98284K (63%)
----------------- Invoking toplevel() on ptolemy.moml.MoMLSimpleApplication@53cb8728
----------------- Done invoking toplevel() on ptolemy.moml.MoMLSimpleApplication@53cb8728
reloadAllAccessors: .Matrix1

===========================================================================================
----------------- testing Sat Jul 25 07:32:58 UTC 2020 /home/travis/build/icyphy/ptII/ptolemy/domains/sdf/lib/test/auto/Matrix2.xml
----------------- Instantiating /home/travis/build/icyphy/ptII/ptolemy/domains/sdf/lib/test/auto/Matrix2.xml
5 ms. Memory: 156672K Free: 94188K (60%)
----------------- Invoking toplevel() on ptolemy.moml.MoMLSimpleApplication@5285db67
----------------- Done invoking toplevel() on ptolemy.moml.MoMLSimpleApplication@5285db67
reloadAllAccessors: .Matrix2

===========================================================================================
----------------- testing Sat Jul 25 07:32:58 UTC 2020 /home/travis/build/icyphy/ptII/ptolemy/domains/sdf/lib/test/auto/MatrixJoin1.xml
----------------- Instantiating /home/travis/build/icyphy/ptII/ptolemy/domains/sdf/lib/test/auto/MatrixJoin1.xml
2 ms. Memory: 156672K Free: 90092K (58%)
----------------- Invoking toplevel() on ptolemy.moml.MoMLSimpleApplication@423d5116
----------------- Done invoking toplevel() on ptolemy.moml.MoMLSimpleApplication@423d5116
reloadAllAccessors: .MatrixJoin1

===========================================================================================
----------------- testing Sat Jul 25 07:32:58 UTC 2020 /home/travis/build/icyphy/ptII/ptolemy/domains/sdf/lib/test/auto/MatrixJoin2.xml
----------------- Instantiating /home/travis/build/icyphy/ptII/ptolemy/domains/sdf/lib/test/auto/MatrixJoin2.xml
2 ms. Memory: 156672K Free: 85486K (55%)
----------------- Invoking toplevel() on ptolemy.moml.MoMLSimpleApplication@2db5e8f3
----------------- Done invoking toplevel() on ptolemy.moml.MoMLSimpleApplication@2db5e8f3
reloadAllAccessors: .MatrixJoin2

===========================================================================================
----------------- testing Sat Jul 25 07:32:58 UTC 2020 /home/travis/build/icyphy/ptII/ptolemy/domains/sdf/lib/test/auto/MatrixJoin3.xml
----------------- Instantiating /home/travis/build/icyphy/ptII/ptolemy/domains/sdf/lib/test/auto/MatrixJoin3.xml
5 ms. Memory: 156672K Free: 80876K (52%)
----------------- Invoking toplevel() on ptolemy.moml.MoMLSimpleApplication@5325e6a9
----------------- Done invoking toplevel() on ptolemy.moml.MoMLSimpleApplication@5325e6a9
reloadAllAccessors: .MatrixJoin3

===========================================================================================
----------------- testing Sat Jul 25 07:32:58 UTC 2020 /home/travis/build/icyphy/ptII/ptolemy/domains/sdf/lib/test/auto/MatrixJoin4.xml
----------------- Instantiating /home/travis/build/icyphy/ptII/ptolemy/domains/sdf/lib/test/auto/MatrixJoin4.xml
2 ms. Memory: 156672K Free: 76780K (49%)
----------------- Invoking toplevel() on ptolemy.moml.MoMLSimpleApplication@5c85d9e5
----------------- Done invoking toplevel() on ptolemy.moml.MoMLSimpleApplication@5c85d9e5
reloadAllAccessors: .MatrixJoin4

===========================================================================================
----------------- testing Sat Jul 25 07:32:58 UTC 2020 /home/travis/build/icyphy/ptII/ptolemy/domains/sdf/lib/test/auto/MatrixJoin5.xml
----------------- Instantiating /home/travis/build/icyphy/ptII/ptolemy/domains/sdf/lib/test/auto/MatrixJoin5.xml
1 ms. Memory: 156672K Free: 72654K (46%)
----------------- Invoking toplevel() on ptolemy.moml.MoMLSimpleApplication@9a91d4f
----------------- Done invoking toplevel() on ptolemy.moml.MoMLSimpleApplication@9a91d4f
reloadAllAccessors: .MatrixJoin5

===========================================================================================
----------------- testing Sat Jul 25 07:32:58 UTC 2020 /home/travis/build/icyphy/ptII/ptolemy/domains/sdf/lib/test/auto/MatrixSplit1.xml
----------------- Instantiating /home/travis/build/icyphy/ptII/ptolemy/domains/sdf/lib/test/auto/MatrixSplit1.xml
2 ms. Memory: 156672K Free: 67054K (43%)
----------------- Invoking toplevel() on ptolemy.moml.MoMLSimpleApplication@94191e2
----------------- Done invoking toplevel() on ptolemy.moml.MoMLSimpleApplication@94191e2
reloadAllAccessors: .MatrixSplit1

===========================================================================================
----------------- testing Sat Jul 25 07:32:58 UTC 2020 /home/travis/build/icyphy/ptII/ptolemy/domains/sdf/lib/test/auto/MatrixSplit10.xml
----------------- Instantiating /home/travis/build/icyphy/ptII/ptolemy/domains/sdf/lib/test/auto/MatrixSplit10.xml
2 ms. Memory: 156672K Free: 63468K (41%)
----------------- Invoking toplevel() on ptolemy.moml.MoMLSimpleApplication@67ec1315
----------------- Done invoking toplevel() on ptolemy.moml.MoMLSimpleApplication@67ec1315
reloadAllAccessors: .MatrixSplit10

===========================================================================================
----------------- testing Sat Jul 25 07:32:58 UTC 2020 /home/travis/build/icyphy/ptII/ptolemy/domains/sdf/lib/test/auto/MatrixSplit11.xml
----------------- Instantiating /home/travis/build/icyphy/ptII/ptolemy/domains/sdf/lib/test/auto/MatrixSplit11.xml
1 ms. Memory: 156672K Free: 60396K (39%)
----------------- Invoking toplevel() on ptolemy.moml.MoMLSimpleApplication@6a53b364
----------------- Done invoking toplevel() on ptolemy.moml.MoMLSimpleApplication@6a53b364
reloadAllAccessors: .MatrixSplit11

===========================================================================================
----------------- testing Sat Jul 25 07:32:58 UTC 2020 /home/travis/build/icyphy/ptII/ptolemy/domains/sdf/lib/test/auto/MatrixSplit12.xml
----------------- Instantiating /home/travis/build/icyphy/ptII/ptolemy/domains/sdf/lib/test/auto/MatrixSplit12.xml
2 ms. Memory: 156672K Free: 138978K (89%)
----------------- Invoking toplevel() on ptolemy.moml.MoMLSimpleApplication@769c3230
----------------- Done invoking toplevel() on ptolemy.moml.MoMLSimpleApplication@769c3230
reloadAllAccessors: .MatrixSplit12

===========================================================================================
----------------- testing Sat Jul 25 07:32:58 UTC 2020 /home/travis/build/icyphy/ptII/ptolemy/domains/sdf/lib/test/auto/MatrixSplit13.xml
----------------- Instantiating /home/travis/build/icyphy/ptII/ptolemy/domains/sdf/lib/test/auto/MatrixSplit13.xml
3 ms. Memory: 156672K Free: 135315K (86%)
----------------- Invoking toplevel() on ptolemy.moml.MoMLSimpleApplication@3fbfcaec
----------------- Done invoking toplevel() on ptolemy.moml.MoMLSimpleApplication@3fbfcaec
reloadAllAccessors: .MatrixSplit13

===========================================================================================
----------------- testing Sat Jul 25 07:32:58 UTC 2020 /home/travis/build/icyphy/ptII/ptolemy/domains/sdf/lib/test/auto/MatrixSplit14.xml
----------------- Instantiating /home/travis/build/icyphy/ptII/ptolemy/domains/sdf/lib/test/auto/MatrixSplit14.xml
2 ms. Memory: 156672K Free: 131810K (84%)
----------------- Invoking toplevel() on ptolemy.moml.MoMLSimpleApplication@4dbaec7f
----------------- Done invoking toplevel() on ptolemy.moml.MoMLSimpleApplication@4dbaec7f
reloadAllAccessors: .MatrixSplit14

===========================================================================================
----------------- testing Sat Jul 25 07:32:58 UTC 2020 /home/travis/build/icyphy/ptII/ptolemy/domains/sdf/lib/test/auto/MatrixSplit2.xml
----------------- Instantiating /home/travis/build/icyphy/ptII/ptolemy/domains/sdf/lib/test/auto/MatrixSplit2.xml
1 ms. Memory: 156672K Free: 128308K (82%)
----------------- Invoking toplevel() on ptolemy.moml.MoMLSimpleApplication@6cb61add
----------------- Done invoking toplevel() on ptolemy.moml.MoMLSimpleApplication@6cb61add
reloadAllAccessors: .MatrixSplit2

===========================================================================================
----------------- testing Sat Jul 25 07:32:58 UTC 2020 /home/travis/build/icyphy/ptII/ptolemy/domains/sdf/lib/test/auto/MatrixSplit3.xml
----------------- Instantiating /home/travis/build/icyphy/ptII/ptolemy/domains/sdf/lib/test/auto/MatrixSplit3.xml
2 ms. Memory: 156672K Free: 124620K (80%)
----------------- Invoking toplevel() on ptolemy.moml.MoMLSimpleApplication@24b0bf36
----------------- Done invoking toplevel() on ptolemy.moml.MoMLSimpleApplication@24b0bf36
reloadAllAccessors: .MatrixSplit3

===========================================================================================
----------------- testing Sat Jul 25 07:32:58 UTC 2020 /home/travis/build/icyphy/ptII/ptolemy/domains/sdf/lib/test/auto/MatrixSplit4.xml
----------------- Instantiating /home/travis/build/icyphy/ptII/ptolemy/domains/sdf/lib/test/auto/MatrixSplit4.xml
2 ms. Memory: 156672K Free: 121110K (77%)
----------------- Invoking toplevel() on ptolemy.moml.MoMLSimpleApplication@721b183d
----------------- Done invoking toplevel() on ptolemy.moml.MoMLSimpleApplication@721b183d
reloadAllAccessors: .MatrixSplit4

===========================================================================================
----------------- testing Sat Jul 25 07:32:58 UTC 2020 /home/travis/build/icyphy/ptII/ptolemy/domains/sdf/lib/test/auto/MatrixSplit5.xml
----------------- Instantiating /home/travis/build/icyphy/ptII/ptolemy/domains/sdf/lib/test/auto/MatrixSplit5.xml
9 ms. Memory: 156672K Free: 118030K (75%)
----------------- Invoking toplevel() on ptolemy.moml.MoMLSimpleApplication@55fe3e42
----------------- Done invoking toplevel() on ptolemy.moml.MoMLSimpleApplication@55fe3e42
reloadAllAccessors: .MatrixSplit5

===========================================================================================
----------------- testing Sat Jul 25 07:32:58 UTC 2020 /home/travis/build/icyphy/ptII/ptolemy/domains/sdf/lib/test/auto/MatrixSplit6.xml
----------------- Instantiating /home/travis/build/icyphy/ptII/ptolemy/domains/sdf/lib/test/auto/MatrixSplit6.xml
1 ms. Memory: 156672K Free: 114364K (73%)
----------------- Invoking toplevel() on ptolemy.moml.MoMLSimpleApplication@31113cc2
----------------- Done invoking toplevel() on ptolemy.moml.MoMLSimpleApplication@31113cc2
reloadAllAccessors: .MatrixSplit6

===========================================================================================
----------------- testing Sat Jul 25 07:32:58 UTC 2020 /home/travis/build/icyphy/ptII/ptolemy/domains/sdf/lib/test/auto/MatrixSplit7.xml
----------------- Instantiating /home/travis/build/icyphy/ptII/ptolemy/domains/sdf/lib/test/auto/MatrixSplit7.xml
1 ms. Memory: 156672K Free: 111330K (71%)
----------------- Invoking toplevel() on ptolemy.moml.MoMLSimpleApplication@58089c4d
----------------- Done invoking toplevel() on ptolemy.moml.MoMLSimpleApplication@58089c4d
reloadAllAccessors: .MatrixSplit7

===========================================================================================
----------------- testing Sat Jul 25 07:32:58 UTC 2020 /home/travis/build/icyphy/ptII/ptolemy/domains/sdf/lib/test/auto/MatrixSplit8.xml
----------------- Instantiating /home/travis/build/icyphy/ptII/ptolemy/domains/sdf/lib/test/auto/MatrixSplit8.xml
2 ms. Memory: 156672K Free: 107790K (69%)
----------------- Invoking toplevel() on ptolemy.moml.MoMLSimpleApplication@7ef381dc
----------------- Done invoking toplevel() on ptolemy.moml.MoMLSimpleApplication@7ef381dc
reloadAllAccessors: .MatrixSplit8

===========================================================================================
----------------- testing Sat Jul 25 07:32:58 UTC 2020 /home/travis/build/icyphy/ptII/ptolemy/domains/sdf/lib/test/auto/MatrixSplit9.xml
----------------- Instantiating /home/travis/build/icyphy/ptII/ptolemy/domains/sdf/lib/test/auto/MatrixSplit9.xml
5 ms. Memory: 156672K Free: 104148K (66%)
----------------- Invoking toplevel() on ptolemy.moml.MoMLSimpleApplication@37f1d6cf
----------------- Done invoking toplevel() on ptolemy.moml.MoMLSimpleApplication@37f1d6cf
reloadAllAccessors: .MatrixSplit9

===========================================================================================
----------------- testing Sat Jul 25 07:32:58 UTC 2020 /home/travis/build/icyphy/ptII/ptolemy/domains/sdf/lib/test/auto/MatrixToSequence.xml
----------------- Instantiating /home/travis/build/icyphy/ptII/ptolemy/domains/sdf/lib/test/auto/MatrixToSequence.xml
11 ms. Memory: 156672K Free: 95540K (61%)
----------------- Invoking toplevel() on ptolemy.moml.MoMLSimpleApplication@3568b6b3
----------------- Done invoking toplevel() on ptolemy.moml.MoMLSimpleApplication@3568b6b3
reloadAllAccessors: .MatrixToSequence

===========================================================================================
----------------- testing Sat Jul 25 07:32:58 UTC 2020 /home/travis/build/icyphy/ptII/ptolemy/domains/sdf/lib/test/auto/MaximumEntropySpectrum.xml
----------------- Instantiating /home/travis/build/icyphy/ptII/ptolemy/domains/sdf/lib/test/auto/MaximumEntropySpectrum.xml
11 ms. Memory: 156672K Free: 75060K (48%)
----------------- Invoking toplevel() on ptolemy.moml.MoMLSimpleApplication@50377fef
----------------- Done invoking toplevel() on ptolemy.moml.MoMLSimpleApplication@50377fef
reloadAllAccessors: .MaximumEntropySpectrum

===========================================================================================
----------------- testing Sat Jul 25 07:32:58 UTC 2020 /home/travis/build/icyphy/ptII/ptolemy/domains/sdf/lib/test/auto/SampleDelayConversion.xml
----------------- Instantiating /home/travis/build/icyphy/ptII/ptolemy/domains/sdf/lib/test/auto/SampleDelayConversion.xml
2 ms. Memory: 156672K Free: 71372K (46%)
----------------- Invoking toplevel() on ptolemy.moml.MoMLSimpleApplication@6f5ea26f
----------------- Done invoking toplevel() on ptolemy.moml.MoMLSimpleApplication@6f5ea26f
reloadAllAccessors: .SampleDelayConversion

===========================================================================================
----------------- testing Sat Jul 25 07:32:58 UTC 2020 /home/travis/build/icyphy/ptII/ptolemy/domains/sdf/lib/test/auto/SequenceToArray.xml
----------------- Instantiating /home/travis/build/icyphy/ptII/ptolemy/domains/sdf/lib/test/auto/SequenceToArray.xml
8 ms. Memory: 156672K Free: 60130K (38%)
----------------- Invoking toplevel() on ptolemy.moml.MoMLSimpleApplication@77fcffaa
----------------- Done invoking toplevel() on ptolemy.moml.MoMLSimpleApplication@77fcffaa
reloadAllAccessors: .SequenceToArray

===========================================================================================
----------------- testing Sat Jul 25 07:32:58 UTC 2020 /home/travis/build/icyphy/ptII/ptolemy/domains/sdf/lib/test/auto/SequenceToMatrix.xml
----------------- Instantiating /home/travis/build/icyphy/ptII/ptolemy/domains/sdf/lib/test/auto/SequenceToMatrix.xml
3317 ms. Memory: 156672K Free: 66193K (42%)
----------------- Invoking toplevel() on ptolemy.moml.MoMLSimpleApplication@1f4c231b
----------------- Done invoking toplevel() on ptolemy.moml.MoMLSimpleApplication@1f4c231b
reloadAllAccessors: .SequenceToMatrix

===========================================================================================
----------------- testing Sat Jul 25 07:33:02 UTC 2020 /home/travis/build/icyphy/ptII/ptolemy/domains/sdf/lib/test/auto/SmoothedPeriodogram.xml
----------------- Instantiating /home/travis/build/icyphy/ptII/ptolemy/domains/sdf/lib/test/auto/SmoothedPeriodogram.xml
9 ms. Memory: 156672K Free: 50833K (32%)
----------------- Invoking toplevel() on ptolemy.moml.MoMLSimpleApplication@1739c663
----------------- Done invoking toplevel() on ptolemy.moml.MoMLSimpleApplication@1739c663
reloadAllAccessors: .SmoothedPeriodogram

===========================================================================================
----------------- testing Sat Jul 25 07:33:02 UTC 2020 /home/travis/build/icyphy/ptII/ptolemy/domains/sdf/lib/test/auto/UpDownSample1.xml
----------------- Instantiating /home/travis/build/icyphy/ptII/ptolemy/domains/sdf/lib/test/auto/UpDownSample1.xml
2 ms. Memory: 156672K Free: 137944K (88%)
----------------- Invoking toplevel() on ptolemy.moml.MoMLSimpleApplication@2f03f515
----------------- Done invoking toplevel() on ptolemy.moml.MoMLSimpleApplication@2f03f515
reloadAllAccessors: .UpDownSample1

===========================================================================================
----------------- testing Sat Jul 25 07:33:02 UTC 2020 /home/travis/build/icyphy/ptII/ptolemy/domains/sdf/lib/test/auto/UpSample1.xml
----------------- Instantiating /home/travis/build/icyphy/ptII/ptolemy/domains/sdf/lib/test/auto/UpSample1.xml
2 ms. Memory: 156672K Free: 134362K (86%)
----------------- Invoking toplevel() on ptolemy.moml.MoMLSimpleApplication@7726aca2
----------------- Done invoking toplevel() on ptolemy.moml.MoMLSimpleApplication@7726aca2
reloadAllAccessors: .UpSample1

===========================================================================================
----------------- testing Sat Jul 25 07:33:02 UTC 2020 /home/travis/build/icyphy/ptII/ptolemy/domains/sdf/lib/test/auto/VariableFIR.xml
----------------- Instantiating /home/travis/build/icyphy/ptII/ptolemy/domains/sdf/lib/test/auto/VariableFIR.xml
3 ms. Memory: 156672K Free: 129242K (82%)
----------------- Invoking toplevel() on ptolemy.moml.MoMLSimpleApplication@5bbb4b75
----------------- Done invoking toplevel() on ptolemy.moml.MoMLSimpleApplication@5bbb4b75
reloadAllAccessors: .VariableFIR

===========================================================================================
----------------- testing Sat Jul 25 07:33:02 UTC 2020 /home/travis/build/icyphy/ptII/ptolemy/domains/sdf/lib/test/auto/VariableFIR2.xml
----------------- Instantiating /home/travis/build/icyphy/ptII/ptolemy/domains/sdf/lib/test/auto/VariableFIR2.xml
3 ms. Memory: 156672K Free: 124122K (79%)
----------------- Invoking toplevel() on ptolemy.moml.MoMLSimpleApplication@2d8115af
----------------- Done invoking toplevel() on ptolemy.moml.MoMLSimpleApplication@2d8115af
reloadAllAccessors: .VariableFIR2

===========================================================================================
----------------- testing Sat Jul 25 07:33:02 UTC 2020 /home/travis/build/icyphy/ptII/ptolemy/domains/sdf/lib/test/auto/VariableLattice.xml
----------------- Instantiating /home/travis/build/icyphy/ptII/ptolemy/domains/sdf/lib/test/auto/VariableLattice.xml
5 ms. Memory: 156672K Free: 117464K (75%)
----------------- Invoking toplevel() on ptolemy.moml.MoMLSimpleApplication@5f5569db
----------------- Done invoking toplevel() on ptolemy.moml.MoMLSimpleApplication@5f5569db
reloadAllAccessors: .VariableLattice

===========================================================================================
----------------- testing Sat Jul 25 07:33:02 UTC 2020 /home/travis/build/icyphy/ptII/ptolemy/domains/sdf/lib/test/auto/VariableLattice2.xml
----------------- Instantiating /home/travis/build/icyphy/ptII/ptolemy/domains/sdf/lib/test/auto/VariableLattice2.xml
1.0
-1.999999602036
1.9099998677481
-0.9099996420674
0.205
0.0
0.0
1.0
-0.25
-0.5
0.0
0.0
0.0
0.0
3 ms. Memory: 156672K Free: 112858K (72%)
----------------- Invoking toplevel() on ptolemy.moml.MoMLSimpleApplication@502e9ff9
----------------- Done invoking toplevel() on ptolemy.moml.MoMLSimpleApplication@502e9ff9
reloadAllAccessors: .VariableLattice2

===========================================================================================
----------------- testing Sat Jul 25 07:33:02 UTC 2020 /home/travis/build/icyphy/ptII/ptolemy/domains/sdf/lib/test/auto/VariableRecursiveLattice.xml
----------------- Instantiating /home/travis/build/icyphy/ptII/ptolemy/domains/sdf/lib/test/auto/VariableRecursiveLattice.xml
4 ms. Memory: 156672K Free: 108248K (69%)
----------------- Invoking toplevel() on ptolemy.moml.MoMLSimpleApplication@2abf16e2
----------------- Done invoking toplevel() on ptolemy.moml.MoMLSimpleApplication@2abf16e2
reloadAllAccessors: .VariableRecursiveLattice

===========================================================================================
----------------- testing Sat Jul 25 07:33:02 UTC 2020 /home/travis/build/icyphy/ptII/ptolemy/domains/sdf/lib/test/auto/VariableRecursiveLattice2.xml
----------------- Instantiating /home/travis/build/icyphy/ptII/ptolemy/domains/sdf/lib/test/auto/VariableRecursiveLattice2.xml
3 ms. Memory: 156672K Free: 104152K (66%)
----------------- Invoking toplevel() on ptolemy.moml.MoMLSimpleApplication@49de0fd7
----------------- Done invoking toplevel() on ptolemy.moml.MoMLSimpleApplication@49de0fd7
reloadAllAccessors: .VariableRecursiveLattice2
AutoTests.java: About to close Vertx.
AutoTests.java: Vertx closed.
]]></system-out>
  <system-err><![CDATA[]]></system-err>
</testsuite>
