<?xml version="1.0" encoding="UTF-8" ?>
<testsuite errors="0" failures="0" hostname="travis-job-38ea5fe3-ff45-42c9-9055-c869d02ab988" name="ptolemy.domains.de.test.junit.JUnitTclTest" skipped="0" tests="101" time="135.034" timestamp="2019-08-26T05:48:00">
  <properties>
[...]
</properties>
  <testcase classname="ptolemy.util.test.junit.TclTests" name="[0] /home/travis/build/icyphy/ptII/ptolemy/domains/de/test/DependencyLoop.tcl (RunTclFile)" time="1.296" />
  <testcase classname="ptolemy.util.test.junit.TclTests" name="[1] /home/travis/build/icyphy/ptII/ptolemy/domains/de/test/RunDETestsAsQSS.tcl (RunTclFile)" time="90.849" />
  <testcase classname="ptolemy.util.test.junit.AutoKnownFailedTests" name="[0] /home/travis/build/icyphy/ptII/ptolemy/domains/de/test/auto/knownFailedTests/DESDFClockTest.xml (RunModel)" time="2.047" />
  <testcase classname="ptolemy.util.test.junit.AutoKnownFailedTests" name="[1] /home/travis/build/icyphy/ptII/ptolemy/domains/de/test/auto/knownFailedTests/DirectFeedback.xml (RunModel)" time="0.01" />
  <testcase classname="ptolemy.util.test.junit.AutoKnownFailedTests" name="[2] /home/travis/build/icyphy/ptII/ptolemy/domains/de/test/auto/knownFailedTests/FSMSource.xml (RunModel)" time="0.034" />
  <testcase classname="ptolemy.util.test.junit.AutoKnownFailedTests" name="[3] /home/travis/build/icyphy/ptII/ptolemy/domains/de/test/auto/knownFailedTests/HierarchicalModel.xml (RunModel)" time="0.078" />
  <testcase classname="ptolemy.util.test.junit.AutoKnownFailedTests" name="[4] /home/travis/build/icyphy/ptII/ptolemy/domains/de/test/auto/knownFailedTests/dependencyLoop.xml (RunModel)" time="0.037" />
  <testcase classname="ptolemy.util.test.junit.AutoKnownFailedTests" name="[5] /home/travis/build/icyphy/ptII/ptolemy/domains/de/test/auto/knownFailedTests/dependencyLoop2.xml (RunModel)" time="0.044" />
  <testcase classname="ptolemy.util.test.junit.AutoNameArchTests" name="[0] ThereAreNoAutoArchTests (RunModel)" time="0.001" />
  <testcase classname="ptolemy.util.test.junit.AutoTests" name="[0] /home/travis/build/icyphy/ptII/ptolemy/domains/de/test/auto/ActorDepthCalculation_actorWithoutPorts.xml (RunModel)" time="0.023" />
  <testcase classname="ptolemy.util.test.junit.AutoTests" name="[1] /home/travis/build/icyphy/ptII/ptolemy/domains/de/test/auto/AssemblyLine.xml (RunModel)" time="0.029" />
  <testcase classname="ptolemy.util.test.junit.AutoTests" name="[2] /home/travis/build/icyphy/ptII/ptolemy/domains/de/test/auto/CQBug1.xml (RunModel)" time="0.012" />
  <testcase classname="ptolemy.util.test.junit.AutoTests" name="[3] /home/travis/build/icyphy/ptII/ptolemy/domains/de/test/auto/CancelFireAt.xml (RunModel)" time="0.018" />
  <testcase classname="ptolemy.util.test.junit.AutoTests" name="[4] /home/travis/build/icyphy/ptII/ptolemy/domains/de/test/auto/CausalityAndComposabilityAnalysis.xml (RunModel)" time="0.025" />
  <testcase classname="ptolemy.util.test.junit.AutoTests" name="[5] /home/travis/build/icyphy/ptII/ptolemy/domains/de/test/auto/CausalityInterface1.xml (RunModel)" time="0.019" />
  <testcase classname="ptolemy.util.test.junit.AutoTests" name="[6] /home/travis/build/icyphy/ptII/ptolemy/domains/de/test/auto/CausalityInterface15.xml (RunModel)" time="0.017" />
  <testcase classname="ptolemy.util.test.junit.AutoTests" name="[7] /home/travis/build/icyphy/ptII/ptolemy/domains/de/test/auto/CausalityInterface2.xml (RunModel)" time="0.018" />
  <testcase classname="ptolemy.util.test.junit.AutoTests" name="[8] /home/travis/build/icyphy/ptII/ptolemy/domains/de/test/auto/CausalityInterface3.xml (RunModel)" time="0.014" />
  <testcase classname="ptolemy.util.test.junit.AutoTests" name="[9] /home/travis/build/icyphy/ptII/ptolemy/domains/de/test/auto/ClockDrift.xml (RunModel)" time="0.043" />
  <testcase classname="ptolemy.util.test.junit.AutoTests" name="[10] /home/travis/build/icyphy/ptII/ptolemy/domains/de/test/auto/ClockDriftAndValueChange.xml (RunModel)" time="0.037" />
  <testcase classname="ptolemy.util.test.junit.AutoTests" name="[11] /home/travis/build/icyphy/ptII/ptolemy/domains/de/test/auto/ClockDriftChange.xml (RunModel)" time="0.04" />
  <testcase classname="ptolemy.util.test.junit.AutoTests" name="[12] /home/travis/build/icyphy/ptII/ptolemy/domains/de/test/auto/ComposableCausalityAnalysis.xml (RunModel)" time="0.018" />
  <testcase classname="ptolemy.util.test.junit.AutoTests" name="[13] /home/travis/build/icyphy/ptII/ptolemy/domains/de/test/auto/DEFixedPointLimitation.xml (RunModel)" time="0.01" />
  <testcase classname="ptolemy.util.test.junit.AutoTests" name="[14] /home/travis/build/icyphy/ptII/ptolemy/domains/de/test/auto/DEScheduleTest.xml (RunModel)" time="0.016" />
  <testcase classname="ptolemy.util.test.junit.AutoTests" name="[15] /home/travis/build/icyphy/ptII/ptolemy/domains/de/test/auto/DEinDEwithStartTimes.xml (RunModel)" time="0.015" />
  <testcase classname="ptolemy.util.test.junit.AutoTests" name="[16] /home/travis/build/icyphy/ptII/ptolemy/domains/de/test/auto/DEinDEwithStartTimes2.xml (RunModel)" time="0.023" />
  <testcase classname="ptolemy.util.test.junit.AutoTests" name="[17] /home/travis/build/icyphy/ptII/ptolemy/domains/de/test/auto/DateDemo.xml (RunModel)" time="0.043" />
  <testcase classname="ptolemy.util.test.junit.AutoTests" name="[18] /home/travis/build/icyphy/ptII/ptolemy/domains/de/test/auto/DateToEvent.xml (RunModel)" time="2.044" />
  <testcase classname="ptolemy.util.test.junit.AutoTests" name="[19] /home/travis/build/icyphy/ptII/ptolemy/domains/de/test/auto/DepthTest1.xml (RunModel)" time="0.016" />
  <testcase classname="ptolemy.util.test.junit.AutoTests" name="[20] /home/travis/build/icyphy/ptII/ptolemy/domains/de/test/auto/DepthTest2.xml (RunModel)" time="0.022" />
  <testcase classname="ptolemy.util.test.junit.AutoTests" name="[21] /home/travis/build/icyphy/ptII/ptolemy/domains/de/test/auto/DepthTest3.xml (RunModel)" time="0.009" />
  <testcase classname="ptolemy.util.test.junit.AutoTests" name="[22] /home/travis/build/icyphy/ptII/ptolemy/domains/de/test/auto/DepthTest4.xml (RunModel)" time="0.012" />
  <testcase classname="ptolemy.util.test.junit.AutoTests" name="[23] /home/travis/build/icyphy/ptII/ptolemy/domains/de/test/auto/DepthTest5.xml (RunModel)" time="0.017" />
  <testcase classname="ptolemy.util.test.junit.AutoTests" name="[24] /home/travis/build/icyphy/ptII/ptolemy/domains/de/test/auto/DepthTest6.xml (RunModel)" time="0.013" />
  <testcase classname="ptolemy.util.test.junit.AutoTests" name="[25] /home/travis/build/icyphy/ptII/ptolemy/domains/de/test/auto/DepthTest7.xml (RunModel)" time="0.017" />
  <testcase classname="ptolemy.util.test.junit.AutoTests" name="[26] /home/travis/build/icyphy/ptII/ptolemy/domains/de/test/auto/EventToDate.xml (RunModel)" time="3.048" />
  <testcase classname="ptolemy.util.test.junit.AutoTests" name="[27] /home/travis/build/icyphy/ptII/ptolemy/domains/de/test/auto/FSM1.xml (RunModel)" time="0.031" />
  <testcase classname="ptolemy.util.test.junit.AutoTests" name="[28] /home/travis/build/icyphy/ptII/ptolemy/domains/de/test/auto/FSM7.xml (RunModel)" time="0.049" />
  <testcase classname="ptolemy.util.test.junit.AutoTests" name="[29] /home/travis/build/icyphy/ptII/ptolemy/domains/de/test/auto/Inspection.xml (RunModel)" time="0.051" />
  <testcase classname="ptolemy.util.test.junit.AutoTests" name="[30] /home/travis/build/icyphy/ptII/ptolemy/domains/de/test/auto/Iteration.xml (RunModel)" time="0.019" />
  <testcase classname="ptolemy.util.test.junit.AutoTests" name="[31] /home/travis/build/icyphy/ptII/ptolemy/domains/de/test/auto/LineFault.xml (RunModel)" time="0.678" />
  <testcase classname="ptolemy.util.test.junit.AutoTests" name="[32] /home/travis/build/icyphy/ptII/ptolemy/domains/de/test/auto/MergeModel1Add.xml (RunModel)" time="0.039" />
  <testcase classname="ptolemy.util.test.junit.AutoTests" name="[33] /home/travis/build/icyphy/ptII/ptolemy/domains/de/test/auto/MergeModel2Add.xml (RunModel)" time="0.047" />
  <testcase classname="ptolemy.util.test.junit.AutoTests" name="[34] /home/travis/build/icyphy/ptII/ptolemy/domains/de/test/auto/MergeModel3Add.xml (RunModel)" time="0.041" />
  <testcase classname="ptolemy.util.test.junit.AutoTests" name="[35] /home/travis/build/icyphy/ptII/ptolemy/domains/de/test/auto/MergeWithoutDiscard.xml (RunModel)" time="0.015" />
  <testcase classname="ptolemy.util.test.junit.AutoTests" name="[36] /home/travis/build/icyphy/ptII/ptolemy/domains/de/test/auto/Modal1.xml (RunModel)" time="0.03" />
  <testcase classname="ptolemy.util.test.junit.AutoTests" name="[37] /home/travis/build/icyphy/ptII/ptolemy/domains/de/test/auto/Modal2.xml (RunModel)" time="0.029" />
  <testcase classname="ptolemy.util.test.junit.AutoTests" name="[38] /home/travis/build/icyphy/ptII/ptolemy/domains/de/test/auto/Modal3.xml (RunModel)" time="0.035" />
  <testcase classname="ptolemy.util.test.junit.AutoTests" name="[39] /home/travis/build/icyphy/ptII/ptolemy/domains/de/test/auto/Modal4.xml (RunModel)" time="0.032" />
  <testcase classname="ptolemy.util.test.junit.AutoTests" name="[40] /home/travis/build/icyphy/ptII/ptolemy/domains/de/test/auto/Modal5.xml (RunModel)" time="0.033" />
  <testcase classname="ptolemy.util.test.junit.AutoTests" name="[41] /home/travis/build/icyphy/ptII/ptolemy/domains/de/test/auto/Modal6.xml (RunModel)" time="0.029" />
  <testcase classname="ptolemy.util.test.junit.AutoTests" name="[42] /home/travis/build/icyphy/ptII/ptolemy/domains/de/test/auto/Modal7.xml (RunModel)" time="0.035" />
  <testcase classname="ptolemy.util.test.junit.AutoTests" name="[43] /home/travis/build/icyphy/ptII/ptolemy/domains/de/test/auto/ModalModel.xml (RunModel)" time="0.182" />
  <testcase classname="ptolemy.util.test.junit.AutoTests" name="[44] /home/travis/build/icyphy/ptII/ptolemy/domains/de/test/auto/ModalSource.xml (RunModel)" time="0.023" />
  <testcase classname="ptolemy.util.test.junit.AutoTests" name="[45] /home/travis/build/icyphy/ptII/ptolemy/domains/de/test/auto/NonInterruptibleTimerZeroDelay.xml (RunModel)" time="0.014" />
  <testcase classname="ptolemy.util.test.junit.AutoTests" name="[46] /home/travis/build/icyphy/ptII/ptolemy/domains/de/test/auto/OpenQueueingNetwork.xml (RunModel)" time="2.583" />
  <testcase classname="ptolemy.util.test.junit.AutoTests" name="[47] /home/travis/build/icyphy/ptII/ptolemy/domains/de/test/auto/OpenQueuingNetwork.xml (RunModel)" time="0.264" />
  <testcase classname="ptolemy.util.test.junit.AutoTests" name="[48] /home/travis/build/icyphy/ptII/ptolemy/domains/de/test/auto/PeriodicSampler.xml (RunModel)" time="0.016" />
  <testcase classname="ptolemy.util.test.junit.AutoTests" name="[49] /home/travis/build/icyphy/ptII/ptolemy/domains/de/test/auto/PersistentIO.xml (RunModel)" time="0.024" />
  <testcase classname="ptolemy.util.test.junit.AutoTests" name="[50] /home/travis/build/icyphy/ptII/ptolemy/domains/de/test/auto/PortParameterResetOnInitialize.xml (RunModel)" time="0.017" />
  <testcase classname="ptolemy.util.test.junit.AutoTests" name="[51] /home/travis/build/icyphy/ptII/ptolemy/domains/de/test/auto/PortParameterUpdates.xml (RunModel)" time="0.019" />
  <testcase classname="ptolemy.util.test.junit.AutoTests" name="[52] /home/travis/build/icyphy/ptII/ptolemy/domains/de/test/auto/QueueAndServer.xml (RunModel)" time="0.023" />
  <testcase classname="ptolemy.util.test.junit.AutoTests" name="[53] /home/travis/build/icyphy/ptII/ptolemy/domains/de/test/auto/Records.xml (RunModel)" time="0.014" />
  <testcase classname="ptolemy.util.test.junit.AutoTests" name="[54] /home/travis/build/icyphy/ptII/ptolemy/domains/de/test/auto/ResetTransitionWithStartTime1.xml (RunModel)" time="0.018" />
  <testcase classname="ptolemy.util.test.junit.AutoTests" name="[55] /home/travis/build/icyphy/ptII/ptolemy/domains/de/test/auto/ResetTransitionWithStartTime2.xml (RunModel)" time="0.018" />
  <testcase classname="ptolemy.util.test.junit.AutoTests" name="[56] /home/travis/build/icyphy/ptII/ptolemy/domains/de/test/auto/ResetTransitionWithStartTime3.xml (RunModel)" time="0.017" />
  <testcase classname="ptolemy.util.test.junit.AutoTests" name="[57] /home/travis/build/icyphy/ptII/ptolemy/domains/de/test/auto/ResetTransitionWithStartTime4.xml (RunModel)" time="0.016" />
  <testcase classname="ptolemy.util.test.junit.AutoTests" name="[58] /home/travis/build/icyphy/ptII/ptolemy/domains/de/test/auto/ResettableTimer1.xml (RunModel)" time="0.01" />
  <testcase classname="ptolemy.util.test.junit.AutoTests" name="[59] /home/travis/build/icyphy/ptII/ptolemy/domains/de/test/auto/ResettableTimer2.xml (RunModel)" time="0.014" />
  <testcase classname="ptolemy.util.test.junit.AutoTests" name="[60] /home/travis/build/icyphy/ptII/ptolemy/domains/de/test/auto/ResettableTimer3.xml (RunModel)" time="0.009" />
  <testcase classname="ptolemy.util.test.junit.AutoTests" name="[61] /home/travis/build/icyphy/ptII/ptolemy/domains/de/test/auto/ResettableTimer4.xml (RunModel)" time="0.012" />
  <testcase classname="ptolemy.util.test.junit.AutoTests" name="[62] /home/travis/build/icyphy/ptII/ptolemy/domains/de/test/auto/ResettableTimer5.xml (RunModel)" time="0.009" />
  <testcase classname="ptolemy.util.test.junit.AutoTests" name="[63] /home/travis/build/icyphy/ptII/ptolemy/domains/de/test/auto/ResettableTimer6.xml (RunModel)" time="0.014" />
  <testcase classname="ptolemy.util.test.junit.AutoTests" name="[64] /home/travis/build/icyphy/ptII/ptolemy/domains/de/test/auto/ServerZeroDelay.xml (RunModel)" time="0.009" />
  <testcase classname="ptolemy.util.test.junit.AutoTests" name="[65] /home/travis/build/icyphy/ptII/ptolemy/domains/de/test/auto/SmartSender.xml (RunModel)" time="3.009" />
  <testcase classname="ptolemy.util.test.junit.AutoTests" name="[66] /home/travis/build/icyphy/ptII/ptolemy/domains/de/test/auto/ThreadedComposite.xml (RunModel)" time="0.143" />
  <testcase classname="ptolemy.util.test.junit.AutoTests" name="[67] /home/travis/build/icyphy/ptII/ptolemy/domains/de/test/auto/Time.xml (RunModel)" time="0.504" />
  <testcase classname="ptolemy.util.test.junit.AutoTests" name="[68] /home/travis/build/icyphy/ptII/ptolemy/domains/de/test/auto/TimeDelayZeroDelay.xml (RunModel)" time="0.011" />
  <testcase classname="ptolemy.util.test.junit.AutoTests" name="[69] /home/travis/build/icyphy/ptII/ptolemy/domains/de/test/auto/TimerZeroDelay.xml (RunModel)" time="0.011" />
  <testcase classname="ptolemy.util.test.junit.AutoTests" name="[70] /home/travis/build/icyphy/ptII/ptolemy/domains/de/test/auto/TimingParadox.xml (RunModel)" time="0.396" />
  <testcase classname="ptolemy.util.test.junit.AutoTests" name="[71] /home/travis/build/icyphy/ptII/ptolemy/domains/de/test/auto/TransferInputs.xml (RunModel)" time="0.017" />
  <testcase classname="ptolemy.util.test.junit.AutoTests" name="[72] /home/travis/build/icyphy/ptII/ptolemy/domains/de/test/auto/TransferOutputs2.xml (RunModel)" time="0.017" />
  <testcase classname="ptolemy.util.test.junit.AutoTests" name="[73] /home/travis/build/icyphy/ptII/ptolemy/domains/de/test/auto/Trilateration.xml (RunModel)" time="13.433" />
  <testcase classname="ptolemy.util.test.junit.AutoTests" name="[74] /home/travis/build/icyphy/ptII/ptolemy/domains/de/test/auto/TwoSigmaDelta.xml (RunModel)" time="2.316" />
  <testcase classname="ptolemy.util.test.junit.AutoTests" name="[75] /home/travis/build/icyphy/ptII/ptolemy/domains/de/test/auto/VariableDelay.xml (RunModel)" time="0.021" />
  <testcase classname="ptolemy.util.test.junit.AutoTests" name="[76] /home/travis/build/icyphy/ptII/ptolemy/domains/de/test/auto/VariableDelay2.xml (RunModel)" time="0.011" />
  <testcase classname="ptolemy.util.test.junit.AutoTests" name="[77] /home/travis/build/icyphy/ptII/ptolemy/domains/de/test/auto/VariableDelayZeroDelay.xml (RunModel)" time="0.013" />
  <testcase classname="ptolemy.util.test.junit.AutoTests" name="[78] /home/travis/build/icyphy/ptII/ptolemy/domains/de/test/auto/VariableDelayZeroDelay2.xml (RunModel)" time="0.013" />
  <testcase classname="ptolemy.util.test.junit.AutoTests" name="[79] /home/travis/build/icyphy/ptII/ptolemy/domains/de/test/auto/deInCt.xml (RunModel)" time="0.018" />
  <testcase classname="ptolemy.util.test.junit.AutoTests" name="[80] /home/travis/build/icyphy/ptII/ptolemy/domains/de/test/auto/deInCt2.xml (RunModel)" time="0.016" />
  <testcase classname="ptolemy.util.test.junit.AutoTests" name="[81] /home/travis/build/icyphy/ptII/ptolemy/domains/de/test/auto/dynamicCausalityInterface1.xml (RunModel)" time="0.018" />
  <testcase classname="ptolemy.util.test.junit.AutoTests" name="[82] /home/travis/build/icyphy/ptII/ptolemy/domains/de/test/auto/fsm_de_test.xml (RunModel)" time="0.026" />
  <testcase classname="ptolemy.util.test.junit.AutoTests" name="[83] /home/travis/build/icyphy/ptII/ptolemy/domains/de/test/auto/functionDependencyReconstruction.xml (RunModel)" time="0.03" />
  <testcase classname="ptolemy.util.test.junit.AutoTests" name="[84] /home/travis/build/icyphy/ptII/ptolemy/domains/de/test/auto/multirate.xml (RunModel)" time="0.014" />
  <testcase classname="ptolemy.util.test.junit.AutoTests" name="[85] /home/travis/build/icyphy/ptII/ptolemy/domains/de/test/auto/multirate2.xml (RunModel)" time="0.019" />
  <testcase classname="ptolemy.util.test.junit.AutoTests" name="[86] /home/travis/build/icyphy/ptII/ptolemy/domains/de/test/auto/realtime.xml (RunModel)" time="10.012" />
  <testcase classname="ptolemy.util.test.junit.AutoTests" name="[87] /home/travis/build/icyphy/ptII/ptolemy/domains/de/test/auto/relationGroup.xml (RunModel)" time="0.013" />
  <testcase classname="ptolemy.util.test.junit.AutoTests" name="[88] /home/travis/build/icyphy/ptII/ptolemy/domains/de/test/auto/relationGroup2.xml (RunModel)" time="0.008" />
  <testcase classname="ptolemy.util.test.junit.AutoTests" name="[89] /home/travis/build/icyphy/ptII/ptolemy/domains/de/test/auto/sortWithOpaquePorts.xml (RunModel)" time="0.014" />
  <testcase classname="ptolemy.util.test.junit.AutoTests" name="[90] /home/travis/build/icyphy/ptII/ptolemy/domains/de/test/auto/transferInputsandOutputs.xml (RunModel)" time="0.017" />
  <testcase classname="ptolemy.util.test.junit.AutoTests" name="[91] /home/travis/build/icyphy/ptII/ptolemy/domains/de/test/auto/triggerType.xml (RunModel)" time="0.011" />
  <system-out><![CDATA[/home/travis/build/icyphy/ptII/ptolemy/domains/de/test/DependencyLoop.tcl
testDefs.tcl: setting time out to 9000 seconds at Mon Aug 26 05:48:00 UTC 2019
87 ms. Memory: 120832K Free: 72012K (60%)
37 ms. Memory: 120832K Free: 54590K (45%)
/home/travis/build/icyphy/ptII/ptolemy/domains/de/test/RunDETestsAsQSS.tcl
Run the DE tests using ptolemy.domains.qss.test.QSSDirectorTest, which extends QSSDirector and prints a message in the constructors.
------------------ testing $PTII/ptolemy/domains/de/test/auto/knownFailedTests/DirectFeedback.xml (Known Failure) 
61 ms. Memory: 120832K Free: 48974K (41%)


==== $PTIIhome/travis/build/icyphy/ptII/ptolemy/domains/de/test/../../../../: Auto Automatic test in file $PTII/ptolemy/domains/de/test/auto/knownFailedTests/DirectFeedback.xml
==== Contents of test case:

	    # FIXME: we should use $relativeFilename here, but it
	    # might have backslashes under Windows, which causes no end
	    # of trouble.
	    createAndExecute $file
	    list {}
	
.... Test generated KNOWN error:
    while executing
ptolemy.kernel.util.IllegalActionException: Test fails in iteration 1.
Value was: 1.0. Should have been: 2.0
  in .DirectFeedback.Test
	at ptolemy.actor.lib.Test.fire(Test.java:268)
	at ptolemy.domains.de.kernel.DEDirector._fire(DEDirector.java:1949)
	at ptolemy.domains.de.kernel.DEDirector.fire(DEDirector.java:502)
	at ptolemy.actor.CompositeActor.fire(CompositeActor.java:455)
	at ptolemy.actor.Manager.iterate(Manager.java:851)
	at ptolemy.actor.Manager.execute(Manager.java:369)
	at ptolemy.actor.Manager.run(Manager.java:1263)
	at ptolemy.actor.Manager$PtolemyRunThread.run(Manager.java:1933)

    while executing
ptolemy.kernel.util.IllegalActionException: Test fails in iteration 1.
Value was: 1.0. Should have been: 2.0
  in .DirectFeedback.Test
    while executing
"java::new ptolemy.moml.MoMLSimpleApplication $file
"
    (procedure "createAndExecute" line 2)
    invoked from within
"createAndExecute $file"
    ("uplevel" body line 5)
    invoked from within
"uplevel $contents_of_test"
------------------ testing $PTII/ptolemy/domains/de/test/auto/knownFailedTests/dependencyLoop.xml (Known Failure) 
23 ms. Memory: 120832K Free: 45902K (38%)


==== $PTIIhome/travis/build/icyphy/ptII/ptolemy/domains/de/test/../../../../: Auto Automatic test in file $PTII/ptolemy/domains/de/test/auto/knownFailedTests/dependencyLoop.xml
==== Contents of test case:

	    # FIXME: we should use $relativeFilename here, but it
	    # might have backslashes under Windows, which causes no end
	    # of trouble.
	    createAndExecute $file
	    list {}
	
.... Test generated KNOWN error:
    while executing
ptolemy.kernel.util.IllegalActionException: Found a zero delay loop containing .dependencyLoop.original
  in .dependencyLoop and .dependencyLoop.original
	at ptolemy.actor.util.CausalityInterfaceForComposites._computeOutputPortDepth(CausalityInterfaceForComposites.java:759)
	at ptolemy.actor.util.CausalityInterfaceForComposites._computeInputDepth(CausalityInterfaceForComposites.java:696)
	at ptolemy.actor.util.CausalityInterfaceForComposites._computeOutputPortDepth(CausalityInterfaceForComposites.java:765)
	at ptolemy.actor.util.CausalityInterfaceForComposites._computeInputDepth(CausalityInterfaceForComposites.java:696)
	at ptolemy.actor.util.CausalityInterfaceForComposites._computeOutputPortDepth(CausalityInterfaceForComposites.java:765)
	at ptolemy.actor.util.CausalityInterfaceForComposites._computeInputDepth(CausalityInterfaceForComposites.java:696)
	at ptolemy.actor.util.CausalityInterfaceForComposites._computeActorDepth(CausalityInterfaceForComposites.java:532)
	at ptolemy.actor.util.CausalityInterfaceForComposites.checkForCycles(CausalityInterfaceForComposites.java:96)
	at ptolemy.domains.de.kernel.DEDirector.preinitialize(DEDirector.java:1338)
	at ptolemy.actor.CompositeActor.preinitialize(CompositeActor.java:1828)
	at ptolemy.actor.Manager.preinitializeAndResolveTypes(Manager.java:1040)
	at ptolemy.actor.Manager.initialize(Manager.java:710)
	at ptolemy.actor.Manager.execute(Manager.java:356)
	at ptolemy.actor.Manager.run(Manager.java:1263)
	at ptolemy.actor.Manager$PtolemyRunThread.run(Manager.java:1933)

    while executing
ptolemy.kernel.util.IllegalActionException: Found a zero delay loop containing .dependencyLoop.original
  in .dependencyLoop and .dependencyLoop.original
    while executing
"java::new ptolemy.moml.MoMLSimpleApplication $file
"
    (procedure "createAndExecute" line 2)
    invoked from within
"createAndExecute $file"
    ("uplevel" body line 5)
    invoked from within
"uplevel $contents_of_test"
------------------ testing $PTII/ptolemy/domains/de/test/auto/knownFailedTests/FSMSource.xml (Known Failure) 
78 ms. Memory: 120832K Free: 99794K (83%)
!!!! Auto was marked as failing, but now passes
------------------ testing $PTII/ptolemy/domains/de/test/auto/knownFailedTests/HierarchicalModel.xml (Known Failure) 
10 ms. Memory: 120832K Free: 81908K (68%)


==== $PTIIhome/travis/build/icyphy/ptII/ptolemy/domains/de/test/../../../../: Auto Automatic test in file $PTII/ptolemy/domains/de/test/auto/knownFailedTests/HierarchicalModel.xml
==== Contents of test case:

	    # FIXME: we should use $relativeFilename here, but it
	    # might have backslashes under Windows, which causes no end
	    # of trouble.
	    createAndExecute $file
	    list {}
	
.... Test generated KNOWN error:
    while executing
ptolemy.kernel.util.IllegalActionException: Found a zero delay loop containing .HierarchicalModel.A
  in .HierarchicalModel and .HierarchicalModel.A
	at ptolemy.actor.util.CausalityInterfaceForComposites._computeOutputPortDepth(CausalityInterfaceForComposites.java:759)
	at ptolemy.actor.util.CausalityInterfaceForComposites._computeInputDepth(CausalityInterfaceForComposites.java:696)
	at ptolemy.actor.util.CausalityInterfaceForComposites._computeOutputPortDepth(CausalityInterfaceForComposites.java:765)
	at ptolemy.actor.util.CausalityInterfaceForComposites._computeInputDepth(CausalityInterfaceForComposites.java:696)
	at ptolemy.actor.util.CausalityInterfaceForComposites._computeOutputPortDepth(CausalityInterfaceForComposites.java:765)
	at ptolemy.actor.util.CausalityInterfaceForComposites._computeInputDepth(CausalityInterfaceForComposites.java:696)
	at ptolemy.actor.util.CausalityInterfaceForComposites._computeActorDepth(CausalityInterfaceForComposites.java:532)
	at ptolemy.actor.util.CausalityInterfaceForComposites.checkForCycles(CausalityInterfaceForComposites.java:96)
	at ptolemy.domains.de.kernel.DEDirector.preinitialize(DEDirector.java:1338)
	at ptolemy.actor.CompositeActor.preinitialize(CompositeActor.java:1828)
	at ptolemy.actor.Manager.preinitializeAndResolveTypes(Manager.java:1040)
	at ptolemy.actor.Manager.initialize(Manager.java:710)
	at ptolemy.actor.Manager.execute(Manager.java:356)
	at ptolemy.actor.Manager.run(Manager.java:1263)
	at ptolemy.actor.Manager$PtolemyRunThread.run(Manager.java:1933)

    while executing
ptolemy.kernel.util.IllegalActionException: Found a zero delay loop containing .HierarchicalModel.A
  in .HierarchicalModel and .HierarchicalModel.A
    while executing
"java::new ptolemy.moml.MoMLSimpleApplication $file
"
    (procedure "createAndExecute" line 2)
    invoked from within
"createAndExecute $file"
    ("uplevel" body line 5)
    invoked from within
"uplevel $contents_of_test"
------------------ testing $PTII/ptolemy/domains/de/test/auto/knownFailedTests/dependencyLoop2.xml (Known Failure) 
7 ms. Memory: 120832K Free: 65978K (55%)


==== $PTIIhome/travis/build/icyphy/ptII/ptolemy/domains/de/test/../../../../: Auto Automatic test in file $PTII/ptolemy/domains/de/test/auto/knownFailedTests/dependencyLoop2.xml
==== Contents of test case:

	    # FIXME: we should use $relativeFilename here, but it
	    # might have backslashes under Windows, which causes no end
	    # of trouble.
	    createAndExecute $file
	    list {}
	
.... Test generated KNOWN error:
    while executing
ptolemy.kernel.util.IllegalActionException: Found a zero delay loop containing .dependencyLoop2.original
  in .dependencyLoop2 and .dependencyLoop2.original
	at ptolemy.actor.util.CausalityInterfaceForComposites._computeOutputPortDepth(CausalityInterfaceForComposites.java:759)
	at ptolemy.actor.util.CausalityInterfaceForComposites._computeInputDepth(CausalityInterfaceForComposites.java:696)
	at ptolemy.actor.util.CausalityInterfaceForComposites._computeOutputPortDepth(CausalityInterfaceForComposites.java:765)
	at ptolemy.actor.util.CausalityInterfaceForComposites._computeInputDepth(CausalityInterfaceForComposites.java:696)
	at ptolemy.actor.util.CausalityInterfaceForComposites._computeOutputPortDepth(CausalityInterfaceForComposites.java:765)
	at ptolemy.actor.util.CausalityInterfaceForComposites._computeInputDepth(CausalityInterfaceForComposites.java:696)
	at ptolemy.actor.util.CausalityInterfaceForComposites._computeActorDepth(CausalityInterfaceForComposites.java:532)
	at ptolemy.actor.util.CausalityInterfaceForComposites.checkForCycles(CausalityInterfaceForComposites.java:96)
	at ptolemy.domains.de.kernel.DEDirector.preinitialize(DEDirector.java:1338)
	at ptolemy.actor.CompositeActor.preinitialize(CompositeActor.java:1828)
	at ptolemy.actor.Manager.preinitializeAndResolveTypes(Manager.java:1040)
	at ptolemy.actor.Manager.initialize(Manager.java:710)
	at ptolemy.actor.Manager.execute(Manager.java:356)
	at ptolemy.actor.Manager.run(Manager.java:1263)
	at ptolemy.actor.Manager$PtolemyRunThread.run(Manager.java:1933)

    while executing
ptolemy.kernel.util.IllegalActionException: Found a zero delay loop containing .dependencyLoop2.original
  in .dependencyLoop2 and .dependencyLoop2.original
    while executing
"java::new ptolemy.moml.MoMLSimpleApplication $file
"
    (procedure "createAndExecute" line 2)
    invoked from within
"createAndExecute $file"
    ("uplevel" body line 5)
    invoked from within
"uplevel $contents_of_test"
------------------ testing $PTII/ptolemy/domains/de/test/auto/knownFailedTests/DESDFClockTest.xml (Known Failure) 
2045 ms. Memory: 120832K Free: 95312K (79%)


==== $PTIIhome/travis/build/icyphy/ptII/ptolemy/domains/de/test/../../../../: Auto Automatic test in file $PTII/ptolemy/domains/de/test/auto/knownFailedTests/DESDFClockTest.xml
==== Contents of test case:

	    # FIXME: we should use $relativeFilename here, but it
	    # might have backslashes under Windows, which causes no end
	    # of trouble.
	    createAndExecute $file
	    list {}
	
.... Test generated KNOWN error:
    while executing
ptolemy.kernel.util.IllegalActionException: Actor is not ready to fire.  Perhaps UpSample.prefire() returned false? Try debugging the actor by selecting "Listen to Actor".  Also, for SDF check moml for tokenConsumptionRate on input.
  in .DESDFClockTest.Play Bell.Copy1:SDF Director and .DESDFClockTest.Play Bell.UpSample
	at ptolemy.actor.sched.StaticSchedulingDirector.fire(StaticSchedulingDirector.java:227)
	at ptolemy.domains.sdf.kernel.SDFDirector.fire(SDFDirector.java:500)
	at ptolemy.actor.CompositeActor.fire(CompositeActor.java:455)
	at ptolemy.domains.de.kernel.DEDirector._fire(DEDirector.java:1949)
	at ptolemy.domains.de.kernel.DEDirector.fire(DEDirector.java:502)
	at ptolemy.actor.CompositeActor.fire(CompositeActor.java:455)
	at ptolemy.actor.Manager.iterate(Manager.java:851)
	at ptolemy.actor.Manager.execute(Manager.java:369)
	at ptolemy.actor.Manager.run(Manager.java:1263)
	at ptolemy.actor.Manager$PtolemyRunThread.run(Manager.java:1933)

    while executing
ptolemy.kernel.util.IllegalActionException: Actor is not ready to fire.  Perhaps UpSample.prefire() returned false? Try debugging the actor by selecting "Listen to Actor".  Also, for SDF check moml for tokenConsumptionRate on input.
  in .DESDFClockTest.Play Bell.Copy1:SDF Director and .DESDFClockTest.Play Bell.UpSample
    while executing
"java::new ptolemy.moml.MoMLSimpleApplication $file
"
    (procedure "createAndExecute" line 2)
    invoked from within
"createAndExecute $file"
    ("uplevel" body line 5)
    invoked from within
"uplevel $contents_of_test"
------------------ testing $PTII/ptolemy/domains/de/test/auto/ActorDepthCalculation_actorWithoutPorts.xml
auto.tcl: Setting watchdog for 200 seconds at Mon Aug 26 05:48:04 UTC 2019
9 ms. Memory: 120832K Free: 88144K (73%)
ptolemy.util.test.WatchDog.cancel(): canceling Mon Aug 26 05:48:04 UTC 2019
auto.tcl: Setting watchdog for 200 seconds at Mon Aug 26 05:48:04 UTC 2019
8 ms. Memory: 120832K Free: 86606K (72%)
ptolemy.util.test.WatchDog.cancel(): canceling Mon Aug 26 05:48:04 UTC 2019
------------------ testing $PTII/ptolemy/domains/de/test/auto/AssemblyLine.xml
auto.tcl: Setting watchdog for 200 seconds at Mon Aug 26 05:48:04 UTC 2019
9 ms. Memory: 48128K Free: 25765K (54%)
ptolemy.util.test.WatchDog.cancel(): canceling Mon Aug 26 05:48:04 UTC 2019
auto.tcl: Setting watchdog for 200 seconds at Mon Aug 26 05:48:04 UTC 2019
7 ms. Memory: 48128K Free: 24880K (52%)
ptolemy.util.test.WatchDog.cancel(): canceling Mon Aug 26 05:48:04 UTC 2019
------------------ testing $PTII/ptolemy/domains/de/test/auto/CQBug1.xml
auto.tcl: Setting watchdog for 200 seconds at Mon Aug 26 05:48:05 UTC 2019
2 ms. Memory: 48128K Free: 31340K (65%)
ptolemy.util.test.WatchDog.cancel(): canceling Mon Aug 26 05:48:05 UTC 2019
auto.tcl: Setting watchdog for 200 seconds at Mon Aug 26 05:48:05 UTC 2019
2 ms. Memory: 48128K Free: 30890K (64%)
ptolemy.util.test.WatchDog.cancel(): canceling Mon Aug 26 05:48:05 UTC 2019
------------------ testing $PTII/ptolemy/domains/de/test/auto/CancelFireAt.xml
auto.tcl: Setting watchdog for 200 seconds at Mon Aug 26 05:48:05 UTC 2019
3 ms. Memory: 48128K Free: 32772K (68%)
ptolemy.util.test.WatchDog.cancel(): canceling Mon Aug 26 05:48:05 UTC 2019
auto.tcl: Setting watchdog for 200 seconds at Mon Aug 26 05:48:05 UTC 2019
2 ms. Memory: 48128K Free: 32315K (67%)
ptolemy.util.test.WatchDog.cancel(): canceling Mon Aug 26 05:48:05 UTC 2019
------------------ testing $PTII/ptolemy/domains/de/test/auto/CausalityAndComposabilityAnalysis.xml
auto.tcl: Setting watchdog for 200 seconds at Mon Aug 26 05:48:05 UTC 2019
7 ms. Memory: 48128K Free: 30485K (63%)
ptolemy.util.test.WatchDog.cancel(): canceling Mon Aug 26 05:48:05 UTC 2019
auto.tcl: Setting watchdog for 200 seconds at Mon Aug 26 05:48:05 UTC 2019
6 ms. Memory: 48128K Free: 30051K (62%)
ptolemy.util.test.WatchDog.cancel(): canceling Mon Aug 26 05:48:05 UTC 2019
------------------ testing $PTII/ptolemy/domains/de/test/auto/CausalityInterface1.xml
auto.tcl: Setting watchdog for 200 seconds at Mon Aug 26 05:48:05 UTC 2019
22 ms. Memory: 48128K Free: 29435K (61%)
ptolemy.util.test.WatchDog.cancel(): canceling Mon Aug 26 05:48:05 UTC 2019
auto.tcl: Setting watchdog for 200 seconds at Mon Aug 26 05:48:05 UTC 2019
5 ms. Memory: 48128K Free: 28467K (59%)
ptolemy.util.test.WatchDog.cancel(): canceling Mon Aug 26 05:48:05 UTC 2019
------------------ testing $PTII/ptolemy/domains/de/test/auto/CausalityInterface15.xml
auto.tcl: Setting watchdog for 200 seconds at Mon Aug 26 05:48:05 UTC 2019
11 ms. Memory: 48128K Free: 29089K (60%)
ptolemy.util.test.WatchDog.cancel(): canceling Mon Aug 26 05:48:05 UTC 2019
auto.tcl: Setting watchdog for 200 seconds at Mon Aug 26 05:48:05 UTC 2019
5 ms. Memory: 48128K Free: 28384K (59%)
ptolemy.util.test.WatchDog.cancel(): canceling Mon Aug 26 05:48:05 UTC 2019
------------------ testing $PTII/ptolemy/domains/de/test/auto/CausalityInterface2.xml
auto.tcl: Setting watchdog for 200 seconds at Mon Aug 26 05:48:05 UTC 2019
7 ms. Memory: 48128K Free: 30111K (63%)
ptolemy.util.test.WatchDog.cancel(): canceling Mon Aug 26 05:48:05 UTC 2019
auto.tcl: Setting watchdog for 200 seconds at Mon Aug 26 05:48:05 UTC 2019
4 ms. Memory: 48128K Free: 28997K (60%)
ptolemy.util.test.WatchDog.cancel(): canceling Mon Aug 26 05:48:05 UTC 2019
------------------ testing $PTII/ptolemy/domains/de/test/auto/CausalityInterface3.xml
auto.tcl: Setting watchdog for 200 seconds at Mon Aug 26 05:48:05 UTC 2019
4 ms. Memory: 48128K Free: 29617K (62%)
ptolemy.util.test.WatchDog.cancel(): canceling Mon Aug 26 05:48:05 UTC 2019
auto.tcl: Setting watchdog for 200 seconds at Mon Aug 26 05:48:05 UTC 2019
3 ms. Memory: 48128K Free: 29086K (60%)
ptolemy.util.test.WatchDog.cancel(): canceling Mon Aug 26 05:48:05 UTC 2019
------------------ testing $PTII/ptolemy/domains/de/test/auto/ClockDrift.xml
auto.tcl: Setting watchdog for 200 seconds at Mon Aug 26 05:48:05 UTC 2019
69 ms. Memory: 48128K Free: 21689K (45%)
ptolemy.util.test.WatchDog.cancel(): canceling Mon Aug 26 05:48:05 UTC 2019
auto.tcl: Setting watchdog for 200 seconds at Mon Aug 26 05:48:05 UTC 2019
37 ms. Memory: 48128K Free: 18733K (39%)
ptolemy.util.test.WatchDog.cancel(): canceling Mon Aug 26 05:48:05 UTC 2019
------------------ testing $PTII/ptolemy/domains/de/test/auto/ClockDriftAndValueChange.xml
auto.tcl: Setting watchdog for 200 seconds at Mon Aug 26 05:48:05 UTC 2019
48 ms. Memory: 48128K Free: 22599K (47%)
ptolemy.util.test.WatchDog.cancel(): canceling Mon Aug 26 05:48:06 UTC 2019
auto.tcl: Setting watchdog for 200 seconds at Mon Aug 26 05:48:06 UTC 2019
21 ms. Memory: 48128K Free: 19447K (40%)
ptolemy.util.test.WatchDog.cancel(): canceling Mon Aug 26 05:48:06 UTC 2019
------------------ testing $PTII/ptolemy/domains/de/test/auto/ClockDriftChange.xml
auto.tcl: Setting watchdog for 200 seconds at Mon Aug 26 05:48:06 UTC 2019
30 ms. Memory: 48128K Free: 24327K (51%)
ptolemy.util.test.WatchDog.cancel(): canceling Mon Aug 26 05:48:06 UTC 2019
auto.tcl: Setting watchdog for 200 seconds at Mon Aug 26 05:48:06 UTC 2019
30 ms. Memory: 48128K Free: 21738K (45%)
ptolemy.util.test.WatchDog.cancel(): canceling Mon Aug 26 05:48:06 UTC 2019
------------------ testing $PTII/ptolemy/domains/de/test/auto/ComposableCausalityAnalysis.xml
auto.tcl: Setting watchdog for 200 seconds at Mon Aug 26 05:48:06 UTC 2019
2 ms. Memory: 48128K Free: 28674K (60%)
ptolemy.util.test.WatchDog.cancel(): canceling Mon Aug 26 05:48:06 UTC 2019
auto.tcl: Setting watchdog for 200 seconds at Mon Aug 26 05:48:06 UTC 2019
5 ms. Memory: 48128K Free: 27642K (57%)
ptolemy.util.test.WatchDog.cancel(): canceling Mon Aug 26 05:48:06 UTC 2019
------------------ testing $PTII/ptolemy/domains/de/test/auto/DEFixedPointLimitation.xml
auto.tcl: Setting watchdog for 200 seconds at Mon Aug 26 05:48:06 UTC 2019
2 ms. Memory: 48128K Free: 29649K (62%)
ptolemy.util.test.WatchDog.cancel(): canceling Mon Aug 26 05:48:06 UTC 2019
auto.tcl: Setting watchdog for 200 seconds at Mon Aug 26 05:48:06 UTC 2019
1 ms. Memory: 48128K Free: 28952K (60%)
ptolemy.util.test.WatchDog.cancel(): canceling Mon Aug 26 05:48:06 UTC 2019
------------------ testing $PTII/ptolemy/domains/de/test/auto/DEScheduleTest.xml
auto.tcl: Setting watchdog for 200 seconds at Mon Aug 26 05:48:06 UTC 2019
9 ms. Memory: 48128K Free: 30176K (63%)
ptolemy.util.test.WatchDog.cancel(): canceling Mon Aug 26 05:48:06 UTC 2019
auto.tcl: Setting watchdog for 200 seconds at Mon Aug 26 05:48:06 UTC 2019
3 ms. Memory: 48128K Free: 29399K (61%)
ptolemy.util.test.WatchDog.cancel(): canceling Mon Aug 26 05:48:06 UTC 2019
------------------ testing $PTII/ptolemy/domains/de/test/auto/DEinDEwithStartTimes.xml
auto.tcl: Setting watchdog for 200 seconds at Mon Aug 26 05:48:06 UTC 2019
4 ms. Memory: 48128K Free: 28326K (59%)
ptolemy.util.test.WatchDog.cancel(): canceling Mon Aug 26 05:48:06 UTC 2019
auto.tcl: Setting watchdog for 200 seconds at Mon Aug 26 05:48:06 UTC 2019
4 ms. Memory: 48128K Free: 27302K (57%)
ptolemy.util.test.WatchDog.cancel(): canceling Mon Aug 26 05:48:06 UTC 2019
------------------ testing $PTII/ptolemy/domains/de/test/auto/DEinDEwithStartTimes2.xml
auto.tcl: Setting watchdog for 200 seconds at Mon Aug 26 05:48:06 UTC 2019
5 ms. Memory: 48128K Free: 27580K (57%)
ptolemy.util.test.WatchDog.cancel(): canceling Mon Aug 26 05:48:06 UTC 2019
auto.tcl: Setting watchdog for 200 seconds at Mon Aug 26 05:48:06 UTC 2019
4 ms. Memory: 48128K Free: 26257K (55%)
ptolemy.util.test.WatchDog.cancel(): canceling Mon Aug 26 05:48:06 UTC 2019
------------------ testing $PTII/ptolemy/domains/de/test/auto/DateDemo.xml
auto.tcl: Setting watchdog for 200 seconds at Mon Aug 26 05:48:06 UTC 2019
15 ms. Memory: 48128K Free: 22405K (47%)
ptolemy.util.test.WatchDog.cancel(): canceling Mon Aug 26 05:48:06 UTC 2019
auto.tcl: Setting watchdog for 200 seconds at Mon Aug 26 05:48:06 UTC 2019
10 ms. Memory: 48128K Free: 20714K (43%)
ptolemy.util.test.WatchDog.cancel(): canceling Mon Aug 26 05:48:06 UTC 2019
------------------ testing $PTII/ptolemy/domains/de/test/auto/DateToEvent.xml
auto.tcl: Setting watchdog for 200 seconds at Mon Aug 26 05:48:06 UTC 2019
2010 ms. Memory: 48128K Free: 17328K (36%)
ptolemy.util.test.WatchDog.cancel(): canceling Mon Aug 26 05:48:08 UTC 2019
auto.tcl: Setting watchdog for 200 seconds at Mon Aug 26 05:48:08 UTC 2019
2009 ms. Memory: 48128K Free: 16919K (35%)
ptolemy.util.test.WatchDog.cancel(): canceling Mon Aug 26 05:48:11 UTC 2019
------------------ testing $PTII/ptolemy/domains/de/test/auto/DepthTest1.xml
auto.tcl: Setting watchdog for 200 seconds at Mon Aug 26 05:48:11 UTC 2019
5 ms. Memory: 48128K Free: 30968K (64%)
ptolemy.util.test.WatchDog.cancel(): canceling Mon Aug 26 05:48:11 UTC 2019
auto.tcl: Setting watchdog for 200 seconds at Mon Aug 26 05:48:11 UTC 2019
1 ms. Memory: 48128K Free: 30548K (63%)
ptolemy.util.test.WatchDog.cancel(): canceling Mon Aug 26 05:48:11 UTC 2019
------------------ testing $PTII/ptolemy/domains/de/test/auto/DepthTest2.xml
auto.tcl: Setting watchdog for 200 seconds at Mon Aug 26 05:48:11 UTC 2019
6 ms. Memory: 48128K Free: 27827K (58%)
ptolemy.util.test.WatchDog.cancel(): canceling Mon Aug 26 05:48:11 UTC 2019
auto.tcl: Setting watchdog for 200 seconds at Mon Aug 26 05:48:11 UTC 2019
3 ms. Memory: 48128K Free: 27392K (57%)
ptolemy.util.test.WatchDog.cancel(): canceling Mon Aug 26 05:48:11 UTC 2019
------------------ testing $PTII/ptolemy/domains/de/test/auto/DepthTest3.xml
auto.tcl: Setting watchdog for 200 seconds at Mon Aug 26 05:48:11 UTC 2019
3 ms. Memory: 48128K Free: 31298K (65%)
ptolemy.util.test.WatchDog.cancel(): canceling Mon Aug 26 05:48:11 UTC 2019
auto.tcl: Setting watchdog for 200 seconds at Mon Aug 26 05:48:11 UTC 2019
1 ms. Memory: 48128K Free: 30871K (64%)
ptolemy.util.test.WatchDog.cancel(): canceling Mon Aug 26 05:48:11 UTC 2019
------------------ testing $PTII/ptolemy/domains/de/test/auto/DepthTest4.xml
auto.tcl: Setting watchdog for 200 seconds at Mon Aug 26 05:48:11 UTC 2019
10 ms. Memory: 48128K Free: 29649K (62%)
ptolemy.util.test.WatchDog.cancel(): canceling Mon Aug 26 05:48:11 UTC 2019
auto.tcl: Setting watchdog for 200 seconds at Mon Aug 26 05:48:11 UTC 2019
2 ms. Memory: 48128K Free: 28906K (60%)
ptolemy.util.test.WatchDog.cancel(): canceling Mon Aug 26 05:48:11 UTC 2019
------------------ testing $PTII/ptolemy/domains/de/test/auto/DepthTest5.xml
auto.tcl: Setting watchdog for 200 seconds at Mon Aug 26 05:48:11 UTC 2019
6 ms. Memory: 48128K Free: 29006K (60%)
ptolemy.util.test.WatchDog.cancel(): canceling Mon Aug 26 05:48:11 UTC 2019
auto.tcl: Setting watchdog for 200 seconds at Mon Aug 26 05:48:11 UTC 2019
3 ms. Memory: 48128K Free: 28260K (59%)
ptolemy.util.test.WatchDog.cancel(): canceling Mon Aug 26 05:48:11 UTC 2019
------------------ testing $PTII/ptolemy/domains/de/test/auto/DepthTest6.xml
auto.tcl: Setting watchdog for 200 seconds at Mon Aug 26 05:48:11 UTC 2019
4 ms. Memory: 48128K Free: 28746K (60%)
ptolemy.util.test.WatchDog.cancel(): canceling Mon Aug 26 05:48:11 UTC 2019
auto.tcl: Setting watchdog for 200 seconds at Mon Aug 26 05:48:11 UTC 2019
2 ms. Memory: 48128K Free: 28293K (59%)
ptolemy.util.test.WatchDog.cancel(): canceling Mon Aug 26 05:48:11 UTC 2019
------------------ testing $PTII/ptolemy/domains/de/test/auto/DepthTest7.xml
auto.tcl: Setting watchdog for 200 seconds at Mon Aug 26 05:48:11 UTC 2019
3 ms. Memory: 48128K Free: 29258K (61%)
ptolemy.util.test.WatchDog.cancel(): canceling Mon Aug 26 05:48:11 UTC 2019
auto.tcl: Setting watchdog for 200 seconds at Mon Aug 26 05:48:11 UTC 2019
2 ms. Memory: 48128K Free: 28831K (60%)
ptolemy.util.test.WatchDog.cancel(): canceling Mon Aug 26 05:48:11 UTC 2019
------------------ testing $PTII/ptolemy/domains/de/test/auto/EventToDate.xml
auto.tcl: Setting watchdog for 200 seconds at Mon Aug 26 05:48:11 UTC 2019
3007 ms. Memory: 48128K Free: 20346K (42%)
ptolemy.util.test.WatchDog.cancel(): canceling Mon Aug 26 05:48:14 UTC 2019
auto.tcl: Setting watchdog for 200 seconds at Mon Aug 26 05:48:14 UTC 2019
3004 ms. Memory: 48128K Free: 19664K (41%)
ptolemy.util.test.WatchDog.cancel(): canceling Mon Aug 26 05:48:17 UTC 2019
------------------ testing $PTII/ptolemy/domains/de/test/auto/FSM1.xml
auto.tcl: Setting watchdog for 200 seconds at Mon Aug 26 05:48:17 UTC 2019
48 ms. Memory: 48128K Free: 21565K (45%)
ptolemy.util.test.WatchDog.cancel(): canceling Mon Aug 26 05:48:17 UTC 2019
auto.tcl: Setting watchdog for 200 seconds at Mon Aug 26 05:48:17 UTC 2019
30 ms. Memory: 48128K Free: 18293K (38%)
ptolemy.util.test.WatchDog.cancel(): canceling Mon Aug 26 05:48:17 UTC 2019
------------------ testing $PTII/ptolemy/domains/de/test/auto/FSM7.xml
auto.tcl: Setting watchdog for 200 seconds at Mon Aug 26 05:48:17 UTC 2019
33 ms. Memory: 48128K Free: 21251K (44%)
ptolemy.util.test.WatchDog.cancel(): canceling Mon Aug 26 05:48:18 UTC 2019
auto.tcl: Setting watchdog for 200 seconds at Mon Aug 26 05:48:18 UTC 2019
25 ms. Memory: 48128K Free: 18084K (38%)
ptolemy.util.test.WatchDog.cancel(): canceling Mon Aug 26 05:48:18 UTC 2019
------------------ testing $PTII/ptolemy/domains/de/test/auto/Inspection.xml
auto.tcl: Setting watchdog for 200 seconds at Mon Aug 26 05:48:18 UTC 2019
43 ms. Memory: 48128K Free: 20843K (43%)
ptolemy.util.test.WatchDog.cancel(): canceling Mon Aug 26 05:48:18 UTC 2019
auto.tcl: Setting watchdog for 200 seconds at Mon Aug 26 05:48:18 UTC 2019
45 ms. Memory: 48128K Free: 18979K (39%)
ptolemy.util.test.WatchDog.cancel(): canceling Mon Aug 26 05:48:18 UTC 2019
------------------ testing $PTII/ptolemy/domains/de/test/auto/Iteration.xml
auto.tcl: Setting watchdog for 200 seconds at Mon Aug 26 05:48:18 UTC 2019
7 ms. Memory: 48128K Free: 26630K (55%)
ptolemy.util.test.WatchDog.cancel(): canceling Mon Aug 26 05:48:18 UTC 2019
auto.tcl: Setting watchdog for 200 seconds at Mon Aug 26 05:48:18 UTC 2019
7 ms. Memory: 48128K Free: 25209K (52%)
ptolemy.util.test.WatchDog.cancel(): canceling Mon Aug 26 05:48:18 UTC 2019
------------------ testing $PTII/ptolemy/domains/de/test/auto/LineFault.xml
auto.tcl: Setting watchdog for 200 seconds at Mon Aug 26 05:48:18 UTC 2019
776 ms. Memory: 48128K Free: 17831K (37%)
ptolemy.util.test.WatchDog.cancel(): canceling Mon Aug 26 05:48:19 UTC 2019
auto.tcl: Setting watchdog for 200 seconds at Mon Aug 26 05:48:19 UTC 2019
628 ms. Memory: 58368K Free: 36402K (62%)
ptolemy.util.test.WatchDog.cancel(): canceling Mon Aug 26 05:48:20 UTC 2019
------------------ testing $PTII/ptolemy/domains/de/test/auto/MergeModel1Add.xml
auto.tcl: Setting watchdog for 200 seconds at Mon Aug 26 05:48:20 UTC 2019
20 ms. Memory: 58368K Free: 22243K (38%)
ptolemy.util.test.WatchDog.cancel(): canceling Mon Aug 26 05:48:20 UTC 2019
auto.tcl: Setting watchdog for 200 seconds at Mon Aug 26 05:48:20 UTC 2019
11 ms. Memory: 58368K Free: 20825K (36%)
ptolemy.util.test.WatchDog.cancel(): canceling Mon Aug 26 05:48:20 UTC 2019
------------------ testing $PTII/ptolemy/domains/de/test/auto/MergeModel2Add.xml
auto.tcl: Setting watchdog for 200 seconds at Mon Aug 26 05:48:20 UTC 2019
9 ms. Memory: 51200K Free: 17701K (35%)
ptolemy.util.test.WatchDog.cancel(): canceling Mon Aug 26 05:48:20 UTC 2019
auto.tcl: Setting watchdog for 200 seconds at Mon Aug 26 05:48:20 UTC 2019
9 ms. Memory: 51200K Free: 16061K (31%)
ptolemy.util.test.WatchDog.cancel(): canceling Mon Aug 26 05:48:20 UTC 2019
------------------ testing $PTII/ptolemy/domains/de/test/auto/MergeModel3Add.xml
auto.tcl: Setting watchdog for 200 seconds at Mon Aug 26 05:48:20 UTC 2019
10 ms. Memory: 51200K Free: 17436K (34%)
ptolemy.util.test.WatchDog.cancel(): canceling Mon Aug 26 05:48:20 UTC 2019
auto.tcl: Setting watchdog for 200 seconds at Mon Aug 26 05:48:20 UTC 2019
7 ms. Memory: 51200K Free: 16096K (31%)
ptolemy.util.test.WatchDog.cancel(): canceling Mon Aug 26 05:48:20 UTC 2019
------------------ testing $PTII/ptolemy/domains/de/test/auto/MergeWithoutDiscard.xml
auto.tcl: Setting watchdog for 200 seconds at Mon Aug 26 05:48:20 UTC 2019
2 ms. Memory: 51200K Free: 31754K (62%)
ptolemy.util.test.WatchDog.cancel(): canceling Mon Aug 26 05:48:20 UTC 2019
auto.tcl: Setting watchdog for 200 seconds at Mon Aug 26 05:48:20 UTC 2019
2 ms. Memory: 51200K Free: 31318K (61%)
ptolemy.util.test.WatchDog.cancel(): canceling Mon Aug 26 05:48:20 UTC 2019
------------------ testing $PTII/ptolemy/domains/de/test/auto/Modal1.xml
auto.tcl: Setting watchdog for 200 seconds at Mon Aug 26 05:48:20 UTC 2019
25 ms. Memory: 51200K Free: 23926K (47%)
ptolemy.util.test.WatchDog.cancel(): canceling Mon Aug 26 05:48:20 UTC 2019
auto.tcl: Setting watchdog for 200 seconds at Mon Aug 26 05:48:20 UTC 2019
20 ms. Memory: 51200K Free: 20470K (40%)
ptolemy.util.test.WatchDog.cancel(): canceling Mon Aug 26 05:48:20 UTC 2019
------------------ testing $PTII/ptolemy/domains/de/test/auto/Modal2.xml
auto.tcl: Setting watchdog for 200 seconds at Mon Aug 26 05:48:20 UTC 2019
12 ms. Memory: 51200K Free: 23756K (46%)
ptolemy.util.test.WatchDog.cancel(): canceling Mon Aug 26 05:48:20 UTC 2019
auto.tcl: Setting watchdog for 200 seconds at Mon Aug 26 05:48:20 UTC 2019
19 ms. Memory: 51200K Free: 20406K (40%)
ptolemy.util.test.WatchDog.cancel(): canceling Mon Aug 26 05:48:20 UTC 2019
------------------ testing $PTII/ptolemy/domains/de/test/auto/Modal3.xml
auto.tcl: Setting watchdog for 200 seconds at Mon Aug 26 05:48:20 UTC 2019
11 ms. Memory: 51200K Free: 23565K (46%)
ptolemy.util.test.WatchDog.cancel(): canceling Mon Aug 26 05:48:20 UTC 2019
auto.tcl: Setting watchdog for 200 seconds at Mon Aug 26 05:48:20 UTC 2019
13 ms. Memory: 51200K Free: 20392K (40%)
ptolemy.util.test.WatchDog.cancel(): canceling Mon Aug 26 05:48:20 UTC 2019
------------------ testing $PTII/ptolemy/domains/de/test/auto/Modal4.xml
auto.tcl: Setting watchdog for 200 seconds at Mon Aug 26 05:48:21 UTC 2019
14 ms. Memory: 51200K Free: 23009K (45%)
ptolemy.util.test.WatchDog.cancel(): canceling Mon Aug 26 05:48:21 UTC 2019
auto.tcl: Setting watchdog for 200 seconds at Mon Aug 26 05:48:21 UTC 2019
16 ms. Memory: 51200K Free: 19151K (37%)
ptolemy.util.test.WatchDog.cancel(): canceling Mon Aug 26 05:48:21 UTC 2019
------------------ testing $PTII/ptolemy/domains/de/test/auto/Modal5.xml
auto.tcl: Setting watchdog for 200 seconds at Mon Aug 26 05:48:21 UTC 2019
16 ms. Memory: 51200K Free: 22968K (45%)
ptolemy.util.test.WatchDog.cancel(): canceling Mon Aug 26 05:48:21 UTC 2019
auto.tcl: Setting watchdog for 200 seconds at Mon Aug 26 05:48:21 UTC 2019
16 ms. Memory: 51200K Free: 19139K (37%)
ptolemy.util.test.WatchDog.cancel(): canceling Mon Aug 26 05:48:21 UTC 2019
------------------ testing $PTII/ptolemy/domains/de/test/auto/Modal6.xml
auto.tcl: Setting watchdog for 200 seconds at Mon Aug 26 05:48:21 UTC 2019
18 ms. Memory: 51200K Free: 23737K (46%)
ptolemy.util.test.WatchDog.cancel(): canceling Mon Aug 26 05:48:21 UTC 2019
auto.tcl: Setting watchdog for 200 seconds at Mon Aug 26 05:48:21 UTC 2019
17 ms. Memory: 51200K Free: 19794K (39%)
ptolemy.util.test.WatchDog.cancel(): canceling Mon Aug 26 05:48:21 UTC 2019
------------------ testing $PTII/ptolemy/domains/de/test/auto/Modal7.xml
auto.tcl: Setting watchdog for 200 seconds at Mon Aug 26 05:48:21 UTC 2019
16 ms. Memory: 51200K Free: 22950K (45%)
ptolemy.util.test.WatchDog.cancel(): canceling Mon Aug 26 05:48:21 UTC 2019
auto.tcl: Setting watchdog for 200 seconds at Mon Aug 26 05:48:21 UTC 2019
11 ms. Memory: 51200K Free: 19424K (38%)
ptolemy.util.test.WatchDog.cancel(): canceling Mon Aug 26 05:48:21 UTC 2019
------------------ testing $PTII/ptolemy/domains/de/test/auto/ModalModel.xml
auto.tcl: Setting watchdog for 200 seconds at Mon Aug 26 05:48:21 UTC 2019
218 ms. Memory: 51200K Free: 12540K (24%)
ptolemy.util.test.WatchDog.cancel(): canceling Mon Aug 26 05:48:21 UTC 2019
auto.tcl: Setting watchdog for 200 seconds at Mon Aug 26 05:48:21 UTC 2019
227 ms. Memory: 61440K Free: 45016K (73%)
ptolemy.util.test.WatchDog.cancel(): canceling Mon Aug 26 05:48:21 UTC 2019
------------------ testing $PTII/ptolemy/domains/de/test/auto/ModalSource.xml
auto.tcl: Setting watchdog for 200 seconds at Mon Aug 26 05:48:22 UTC 2019
6 ms. Memory: 55296K Free: 31907K (58%)
ptolemy.util.test.WatchDog.cancel(): canceling Mon Aug 26 05:48:22 UTC 2019
auto.tcl: Setting watchdog for 200 seconds at Mon Aug 26 05:48:22 UTC 2019
6 ms. Memory: 55296K Free: 29859K (54%)
ptolemy.util.test.WatchDog.cancel(): canceling Mon Aug 26 05:48:22 UTC 2019
------------------ testing $PTII/ptolemy/domains/de/test/auto/NonInterruptibleTimerZeroDelay.xml
auto.tcl: Setting watchdog for 200 seconds at Mon Aug 26 05:48:22 UTC 2019
3 ms. Memory: 51200K Free: 33025K (65%)
ptolemy.util.test.WatchDog.cancel(): canceling Mon Aug 26 05:48:22 UTC 2019
auto.tcl: Setting watchdog for 200 seconds at Mon Aug 26 05:48:22 UTC 2019
2 ms. Memory: 51200K Free: 32119K (63%)
ptolemy.util.test.WatchDog.cancel(): canceling Mon Aug 26 05:48:22 UTC 2019
------------------ testing $PTII/ptolemy/domains/de/test/auto/OpenQueueingNetwork.xml
auto.tcl: Setting watchdog for 200 seconds at Mon Aug 26 05:48:22 UTC 2019
3097 ms. Memory: 146432K Free: 90559K (62%)
ptolemy.util.test.WatchDog.cancel(): canceling Mon Aug 26 05:48:25 UTC 2019
auto.tcl: Setting watchdog for 200 seconds at Mon Aug 26 05:48:25 UTC 2019
2433 ms. Memory: 176128K Free: 78847K (45%)
ptolemy.util.test.WatchDog.cancel(): canceling Mon Aug 26 05:48:27 UTC 2019
------------------ testing $PTII/ptolemy/domains/de/test/auto/OpenQueuingNetwork.xml
auto.tcl: Setting watchdog for 200 seconds at Mon Aug 26 05:48:27 UTC 2019
294 ms. Memory: 58368K Free: 29871K (51%)
ptolemy.util.test.WatchDog.cancel(): canceling Mon Aug 26 05:48:28 UTC 2019
auto.tcl: Setting watchdog for 200 seconds at Mon Aug 26 05:48:28 UTC 2019
268 ms. Memory: 58368K Free: 10327K (18%)
ptolemy.util.test.WatchDog.cancel(): canceling Mon Aug 26 05:48:28 UTC 2019
------------------ testing $PTII/ptolemy/domains/de/test/auto/PeriodicSampler.xml
auto.tcl: Setting watchdog for 200 seconds at Mon Aug 26 05:48:28 UTC 2019
2 ms. Memory: 55296K Free: 36041K (65%)
ptolemy.util.test.WatchDog.cancel(): canceling Mon Aug 26 05:48:28 UTC 2019
auto.tcl: Setting watchdog for 200 seconds at Mon Aug 26 05:48:28 UTC 2019
2 ms. Memory: 55296K Free: 35527K (64%)
ptolemy.util.test.WatchDog.cancel(): canceling Mon Aug 26 05:48:28 UTC 2019
------------------ testing $PTII/ptolemy/domains/de/test/auto/PersistentIO.xml
auto.tcl: Setting watchdog for 200 seconds at Mon Aug 26 05:48:28 UTC 2019
12 ms. Memory: 51200K Free: 26869K (52%)
ptolemy.util.test.WatchDog.cancel(): canceling Mon Aug 26 05:48:28 UTC 2019
auto.tcl: Setting watchdog for 200 seconds at Mon Aug 26 05:48:28 UTC 2019
4 ms. Memory: 51200K Free: 25349K (50%)
ptolemy.util.test.WatchDog.cancel(): canceling Mon Aug 26 05:48:28 UTC 2019
------------------ testing $PTII/ptolemy/domains/de/test/auto/PortParameterResetOnInitialize.xml
auto.tcl: Setting watchdog for 200 seconds at Mon Aug 26 05:48:28 UTC 2019
8 ms. Memory: 51200K Free: 31835K (62%)
ptolemy.util.test.WatchDog.cancel(): canceling Mon Aug 26 05:48:28 UTC 2019
auto.tcl: Setting watchdog for 200 seconds at Mon Aug 26 05:48:28 UTC 2019
2 ms. Memory: 51200K Free: 31357K (61%)
ptolemy.util.test.WatchDog.cancel(): canceling Mon Aug 26 05:48:28 UTC 2019
------------------ testing $PTII/ptolemy/domains/de/test/auto/PortParameterUpdates.xml
auto.tcl: Setting watchdog for 200 seconds at Mon Aug 26 05:48:28 UTC 2019
6 ms. Memory: 51200K Free: 30162K (59%)
ptolemy.util.test.WatchDog.cancel(): canceling Mon Aug 26 05:48:28 UTC 2019
auto.tcl: Setting watchdog for 200 seconds at Mon Aug 26 05:48:28 UTC 2019
5 ms. Memory: 51200K Free: 28942K (57%)
ptolemy.util.test.WatchDog.cancel(): canceling Mon Aug 26 05:48:28 UTC 2019
------------------ testing $PTII/ptolemy/domains/de/test/auto/QueueAndServer.xml
auto.tcl: Setting watchdog for 200 seconds at Mon Aug 26 05:48:29 UTC 2019
17 ms. Memory: 51200K Free: 28809K (56%)
ptolemy.util.test.WatchDog.cancel(): canceling Mon Aug 26 05:48:29 UTC 2019
auto.tcl: Setting watchdog for 200 seconds at Mon Aug 26 05:48:29 UTC 2019
8 ms. Memory: 51200K Free: 27357K (53%)
ptolemy.util.test.WatchDog.cancel(): canceling Mon Aug 26 05:48:29 UTC 2019
------------------ testing $PTII/ptolemy/domains/de/test/auto/Records.xml
auto.tcl: Setting watchdog for 200 seconds at Mon Aug 26 05:48:29 UTC 2019
5 ms. Memory: 51200K Free: 31106K (61%)
ptolemy.util.test.WatchDog.cancel(): canceling Mon Aug 26 05:48:29 UTC 2019
auto.tcl: Setting watchdog for 200 seconds at Mon Aug 26 05:48:29 UTC 2019
6 ms. Memory: 51200K Free: 30604K (60%)
ptolemy.util.test.WatchDog.cancel(): canceling Mon Aug 26 05:48:29 UTC 2019
------------------ testing $PTII/ptolemy/domains/de/test/auto/ResetTransitionWithStartTime1.xml
auto.tcl: Setting watchdog for 200 seconds at Mon Aug 26 05:48:29 UTC 2019
13 ms. Memory: 51200K Free: 28353K (55%)
ptolemy.util.test.WatchDog.cancel(): canceling Mon Aug 26 05:48:29 UTC 2019
auto.tcl: Setting watchdog for 200 seconds at Mon Aug 26 05:48:29 UTC 2019
7 ms. Memory: 51200K Free: 25790K (50%)
ptolemy.util.test.WatchDog.cancel(): canceling Mon Aug 26 05:48:29 UTC 2019
------------------ testing $PTII/ptolemy/domains/de/test/auto/ResetTransitionWithStartTime2.xml
auto.tcl: Setting watchdog for 200 seconds at Mon Aug 26 05:48:29 UTC 2019
10 ms. Memory: 51200K Free: 28308K (55%)
ptolemy.util.test.WatchDog.cancel(): canceling Mon Aug 26 05:48:29 UTC 2019
auto.tcl: Setting watchdog for 200 seconds at Mon Aug 26 05:48:29 UTC 2019
8 ms. Memory: 51200K Free: 25750K (50%)
ptolemy.util.test.WatchDog.cancel(): canceling Mon Aug 26 05:48:29 UTC 2019
------------------ testing $PTII/ptolemy/domains/de/test/auto/ResetTransitionWithStartTime3.xml
auto.tcl: Setting watchdog for 200 seconds at Mon Aug 26 05:48:29 UTC 2019
10 ms. Memory: 51200K Free: 28307K (55%)
ptolemy.util.test.WatchDog.cancel(): canceling Mon Aug 26 05:48:29 UTC 2019
auto.tcl: Setting watchdog for 200 seconds at Mon Aug 26 05:48:29 UTC 2019
6 ms. Memory: 51200K Free: 25745K (50%)
ptolemy.util.test.WatchDog.cancel(): canceling Mon Aug 26 05:48:29 UTC 2019
------------------ testing $PTII/ptolemy/domains/de/test/auto/ResetTransitionWithStartTime4.xml
auto.tcl: Setting watchdog for 200 seconds at Mon Aug 26 05:48:29 UTC 2019
10 ms. Memory: 51200K Free: 28734K (56%)
ptolemy.util.test.WatchDog.cancel(): canceling Mon Aug 26 05:48:29 UTC 2019
auto.tcl: Setting watchdog for 200 seconds at Mon Aug 26 05:48:29 UTC 2019
4 ms. Memory: 51200K Free: 27282K (53%)
ptolemy.util.test.WatchDog.cancel(): canceling Mon Aug 26 05:48:29 UTC 2019
------------------ testing $PTII/ptolemy/domains/de/test/auto/ResettableTimer1.xml
auto.tcl: Setting watchdog for 200 seconds at Mon Aug 26 05:48:29 UTC 2019
2 ms. Memory: 51200K Free: 32519K (64%)
ptolemy.util.test.WatchDog.cancel(): canceling Mon Aug 26 05:48:29 UTC 2019
auto.tcl: Setting watchdog for 200 seconds at Mon Aug 26 05:48:29 UTC 2019
2 ms. Memory: 51200K Free: 31856K (62%)
ptolemy.util.test.WatchDog.cancel(): canceling Mon Aug 26 05:48:29 UTC 2019
------------------ testing $PTII/ptolemy/domains/de/test/auto/ResettableTimer2.xml
auto.tcl: Setting watchdog for 200 seconds at Mon Aug 26 05:48:29 UTC 2019
3 ms. Memory: 51200K Free: 32539K (64%)
ptolemy.util.test.WatchDog.cancel(): canceling Mon Aug 26 05:48:29 UTC 2019
auto.tcl: Setting watchdog for 200 seconds at Mon Aug 26 05:48:29 UTC 2019
2 ms. Memory: 51200K Free: 31920K (62%)
ptolemy.util.test.WatchDog.cancel(): canceling Mon Aug 26 05:48:29 UTC 2019
------------------ testing $PTII/ptolemy/domains/de/test/auto/ResettableTimer3.xml
auto.tcl: Setting watchdog for 200 seconds at Mon Aug 26 05:48:29 UTC 2019
1 ms. Memory: 51200K Free: 32950K (64%)
ptolemy.util.test.WatchDog.cancel(): canceling Mon Aug 26 05:48:29 UTC 2019
auto.tcl: Setting watchdog for 200 seconds at Mon Aug 26 05:48:29 UTC 2019
1 ms. Memory: 51200K Free: 32440K (63%)
ptolemy.util.test.WatchDog.cancel(): canceling Mon Aug 26 05:48:29 UTC 2019
------------------ testing $PTII/ptolemy/domains/de/test/auto/ResettableTimer4.xml
auto.tcl: Setting watchdog for 200 seconds at Mon Aug 26 05:48:29 UTC 2019
3 ms. Memory: 51200K Free: 32455K (63%)
ptolemy.util.test.WatchDog.cancel(): canceling Mon Aug 26 05:48:29 UTC 2019
auto.tcl: Setting watchdog for 200 seconds at Mon Aug 26 05:48:29 UTC 2019
1 ms. Memory: 51200K Free: 32455K (63%)
ptolemy.util.test.WatchDog.cancel(): canceling Mon Aug 26 05:48:29 UTC 2019
------------------ testing $PTII/ptolemy/domains/de/test/auto/ResettableTimer5.xml
auto.tcl: Setting watchdog for 200 seconds at Mon Aug 26 05:48:29 UTC 2019
2 ms. Memory: 51200K Free: 32451K (63%)
ptolemy.util.test.WatchDog.cancel(): canceling Mon Aug 26 05:48:29 UTC 2019
auto.tcl: Setting watchdog for 200 seconds at Mon Aug 26 05:48:29 UTC 2019
1 ms. Memory: 51200K Free: 31937K (62%)
ptolemy.util.test.WatchDog.cancel(): canceling Mon Aug 26 05:48:29 UTC 2019
------------------ testing $PTII/ptolemy/domains/de/test/auto/ResettableTimer6.xml
auto.tcl: Setting watchdog for 200 seconds at Mon Aug 26 05:48:29 UTC 2019
1 ms. Memory: 51200K Free: 31928K (62%)
ptolemy.util.test.WatchDog.cancel(): canceling Mon Aug 26 05:48:29 UTC 2019
auto.tcl: Setting watchdog for 200 seconds at Mon Aug 26 05:48:29 UTC 2019
2 ms. Memory: 51200K Free: 31418K (61%)
ptolemy.util.test.WatchDog.cancel(): canceling Mon Aug 26 05:48:29 UTC 2019
------------------ testing $PTII/ptolemy/domains/de/test/auto/ServerZeroDelay.xml
auto.tcl: Setting watchdog for 200 seconds at Mon Aug 26 05:48:29 UTC 2019
3 ms. Memory: 51200K Free: 32434K (63%)
ptolemy.util.test.WatchDog.cancel(): canceling Mon Aug 26 05:48:29 UTC 2019
auto.tcl: Setting watchdog for 200 seconds at Mon Aug 26 05:48:29 UTC 2019
2 ms. Memory: 51200K Free: 31410K (61%)
ptolemy.util.test.WatchDog.cancel(): canceling Mon Aug 26 05:48:30 UTC 2019
------------------ testing $PTII/ptolemy/domains/de/test/auto/SmartSender.xml
auto.tcl: Setting watchdog for 200 seconds at Mon Aug 26 05:48:30 UTC 2019
3002 ms. Memory: 51200K Free: 32428K (63%)
ptolemy.util.test.WatchDog.cancel(): canceling Mon Aug 26 05:48:33 UTC 2019
auto.tcl: Setting watchdog for 200 seconds at Mon Aug 26 05:48:33 UTC 2019
3002 ms. Memory: 51200K Free: 31932K (62%)
ptolemy.util.test.WatchDog.cancel(): canceling Mon Aug 26 05:48:36 UTC 2019
------------------ testing $PTII/ptolemy/domains/de/test/auto/ThreadedComposite.xml
auto.tcl: Setting watchdog for 200 seconds at Mon Aug 26 05:48:36 UTC 2019
203 ms. Memory: 51200K Free: 13495K (26%)
ptolemy.util.test.WatchDog.cancel(): canceling Mon Aug 26 05:48:36 UTC 2019
auto.tcl: Setting watchdog for 200 seconds at Mon Aug 26 05:48:36 UTC 2019
139 ms. Memory: 51200K Free: 29223K (57%)
ptolemy.util.test.WatchDog.cancel(): canceling Mon Aug 26 05:48:36 UTC 2019
------------------ testing $PTII/ptolemy/domains/de/test/auto/Time.xml
auto.tcl: Setting watchdog for 200 seconds at Mon Aug 26 05:48:36 UTC 2019
568 ms. Memory: 51200K Free: 10687K (21%)
ptolemy.util.test.WatchDog.cancel(): canceling Mon Aug 26 05:48:37 UTC 2019
auto.tcl: Setting watchdog for 200 seconds at Mon Aug 26 05:48:37 UTC 2019
494 ms. Memory: 51200K Free: 16642K (33%)
ptolemy.util.test.WatchDog.cancel(): canceling Mon Aug 26 05:48:37 UTC 2019
------------------ testing $PTII/ptolemy/domains/de/test/auto/TimeDelayZeroDelay.xml
auto.tcl: Setting watchdog for 200 seconds at Mon Aug 26 05:48:37 UTC 2019
3 ms. Memory: 51200K Free: 32357K (63%)
ptolemy.util.test.WatchDog.cancel(): canceling Mon Aug 26 05:48:37 UTC 2019
auto.tcl: Setting watchdog for 200 seconds at Mon Aug 26 05:48:37 UTC 2019
2 ms. Memory: 51200K Free: 31502K (62%)
ptolemy.util.test.WatchDog.cancel(): canceling Mon Aug 26 05:48:37 UTC 2019
------------------ testing $PTII/ptolemy/domains/de/test/auto/TimerZeroDelay.xml
auto.tcl: Setting watchdog for 200 seconds at Mon Aug 26 05:48:37 UTC 2019
1 ms. Memory: 51200K Free: 32782K (64%)
ptolemy.util.test.WatchDog.cancel(): canceling Mon Aug 26 05:48:37 UTC 2019
auto.tcl: Setting watchdog for 200 seconds at Mon Aug 26 05:48:37 UTC 2019
2 ms. Memory: 51200K Free: 31971K (62%)
ptolemy.util.test.WatchDog.cancel(): canceling Mon Aug 26 05:48:37 UTC 2019
------------------ testing $PTII/ptolemy/domains/de/test/auto/TimingParadox.xml
auto.tcl: Setting watchdog for 200 seconds at Mon Aug 26 05:48:37 UTC 2019
367 ms. Memory: 68608K Free: 38413K (56%)
ptolemy.util.test.WatchDog.cancel(): canceling Mon Aug 26 05:48:38 UTC 2019
auto.tcl: Setting watchdog for 200 seconds at Mon Aug 26 05:48:38 UTC 2019
339 ms. Memory: 68608K Free: 41968K (61%)
ptolemy.util.test.WatchDog.cancel(): canceling Mon Aug 26 05:48:38 UTC 2019
------------------ testing $PTII/ptolemy/domains/de/test/auto/TransferInputs.xml
auto.tcl: Setting watchdog for 200 seconds at Mon Aug 26 05:48:38 UTC 2019
2 ms. Memory: 58368K Free: 38036K (65%)
ptolemy.util.test.WatchDog.cancel(): canceling Mon Aug 26 05:48:38 UTC 2019
auto.tcl: Setting watchdog for 200 seconds at Mon Aug 26 05:48:38 UTC 2019
2 ms. Memory: 58368K Free: 37124K (64%)
ptolemy.util.test.WatchDog.cancel(): canceling Mon Aug 26 05:48:38 UTC 2019
------------------ testing $PTII/ptolemy/domains/de/test/auto/TransferOutputs2.xml
auto.tcl: Setting watchdog for 200 seconds at Mon Aug 26 05:48:38 UTC 2019
3 ms. Memory: 51200K Free: 28310K (55%)
ptolemy.util.test.WatchDog.cancel(): canceling Mon Aug 26 05:48:38 UTC 2019
auto.tcl: Setting watchdog for 200 seconds at Mon Aug 26 05:48:38 UTC 2019
3 ms. Memory: 51200K Free: 26904K (53%)
ptolemy.util.test.WatchDog.cancel(): canceling Mon Aug 26 05:48:38 UTC 2019
------------------ testing $PTII/ptolemy/domains/de/test/auto/Trilateration.xml
auto.tcl: Setting watchdog for 200 seconds at Mon Aug 26 05:48:38 UTC 2019
13908 ms. Memory: 415744K Free: 197375K (47%)
ptolemy.util.test.WatchDog.cancel(): canceling Mon Aug 26 05:48:54 UTC 2019
auto.tcl: Setting watchdog for 200 seconds at Mon Aug 26 05:48:54 UTC 2019
11550 ms. Memory: 415744K Free: 254963K (61%)
ptolemy.util.test.WatchDog.cancel(): canceling Mon Aug 26 05:49:05 UTC 2019
------------------ testing $PTII/ptolemy/domains/de/test/auto/TwoSigmaDelta.xml
auto.tcl: Setting watchdog for 200 seconds at Mon Aug 26 05:49:05 UTC 2019
2704 ms. Memory: 92160K Free: 31085K (34%)
ptolemy.util.test.WatchDog.cancel(): canceling Mon Aug 26 05:49:08 UTC 2019
auto.tcl: Setting watchdog for 200 seconds at Mon Aug 26 05:49:08 UTC 2019
2295 ms. Memory: 92160K Free: 32597K (35%)
ptolemy.util.test.WatchDog.cancel(): canceling Mon Aug 26 05:49:10 UTC 2019
------------------ testing $PTII/ptolemy/domains/de/test/auto/VariableDelay.xml
auto.tcl: Setting watchdog for 200 seconds at Mon Aug 26 05:49:10 UTC 2019
2 ms. Memory: 58368K Free: 38523K (66%)
ptolemy.util.test.WatchDog.cancel(): canceling Mon Aug 26 05:49:10 UTC 2019
auto.tcl: Setting watchdog for 200 seconds at Mon Aug 26 05:49:10 UTC 2019
2 ms. Memory: 58368K Free: 37513K (64%)
ptolemy.util.test.WatchDog.cancel(): canceling Mon Aug 26 05:49:10 UTC 2019
------------------ testing $PTII/ptolemy/domains/de/test/auto/VariableDelay2.xml
auto.tcl: Setting watchdog for 200 seconds at Mon Aug 26 05:49:11 UTC 2019
2 ms. Memory: 55296K Free: 36415K (66%)
ptolemy.util.test.WatchDog.cancel(): canceling Mon Aug 26 05:49:11 UTC 2019
auto.tcl: Setting watchdog for 200 seconds at Mon Aug 26 05:49:11 UTC 2019
2 ms. Memory: 55296K Free: 35353K (64%)
ptolemy.util.test.WatchDog.cancel(): canceling Mon Aug 26 05:49:11 UTC 2019
------------------ testing $PTII/ptolemy/domains/de/test/auto/VariableDelayZeroDelay.xml
auto.tcl: Setting watchdog for 200 seconds at Mon Aug 26 05:49:11 UTC 2019
2 ms. Memory: 55296K Free: 36377K (66%)
ptolemy.util.test.WatchDog.cancel(): canceling Mon Aug 26 05:49:11 UTC 2019
auto.tcl: Setting watchdog for 200 seconds at Mon Aug 26 05:49:11 UTC 2019
2 ms. Memory: 55296K Free: 35849K (65%)
ptolemy.util.test.WatchDog.cancel(): canceling Mon Aug 26 05:49:11 UTC 2019
------------------ testing $PTII/ptolemy/domains/de/test/auto/VariableDelayZeroDelay2.xml
auto.tcl: Setting watchdog for 200 seconds at Mon Aug 26 05:49:11 UTC 2019
2 ms. Memory: 51200K Free: 32279K (63%)
ptolemy.util.test.WatchDog.cancel(): canceling Mon Aug 26 05:49:11 UTC 2019
auto.tcl: Setting watchdog for 200 seconds at Mon Aug 26 05:49:11 UTC 2019
2 ms. Memory: 51200K Free: 31255K (61%)
ptolemy.util.test.WatchDog.cancel(): canceling Mon Aug 26 05:49:11 UTC 2019
------------------ testing $PTII/ptolemy/domains/de/test/auto/deInCt.xml
auto.tcl: Setting watchdog for 200 seconds at Mon Aug 26 05:49:11 UTC 2019
0
1
1
1
0
0
0
1
1
1
0
0
0
0
1
1
1
0
0
1
1
1
1
0
0
0
1
1
1
0
0
0
1
1
0
0
0
0
1
1
1
1
20 ms. Memory: 51200K Free: 31253K (61%)
ptolemy.util.test.WatchDog.cancel(): canceling Mon Aug 26 05:49:11 UTC 2019
auto.tcl: Setting watchdog for 200 seconds at Mon Aug 26 05:49:11 UTC 2019
0
1
1
1
1
0
0
0
1
1
1
1
0
0
0
0
0
0
1
1
1
0
0
0
0
1
1
1
0
0
1
1
1
1
8 ms. Memory: 51200K Free: 29720K (58%)
ptolemy.util.test.WatchDog.cancel(): canceling Mon Aug 26 05:49:11 UTC 2019
------------------ testing $PTII/ptolemy/domains/de/test/auto/deInCt2.xml
auto.tcl: Setting watchdog for 200 seconds at Mon Aug 26 05:49:11 UTC 2019
0
1
1
1
0
0
1
1
1
0
0
1
1
1
0
0
1
1
1
0
0
1
1
1
0
0
1
1
1
0
0
1
1
1
0
0
1
1
1
0
0
0
8 ms. Memory: 51200K Free: 31254K (61%)
ptolemy.util.test.WatchDog.cancel(): canceling Mon Aug 26 05:49:11 UTC 2019
auto.tcl: Setting watchdog for 200 seconds at Mon Aug 26 05:49:11 UTC 2019
0
1
1
1
0
0
1
1
1
0
0
1
1
1
0
0
1
1
1
0
0
1
1
1
0
0
1
1
1
0
0
1
1
1
0
0
1
1
1
0
0
0
11 ms. Memory: 51200K Free: 29710K (58%)
ptolemy.util.test.WatchDog.cancel(): canceling Mon Aug 26 05:49:11 UTC 2019
------------------ testing $PTII/ptolemy/domains/de/test/auto/dynamicCausalityInterface1.xml
auto.tcl: Setting watchdog for 200 seconds at Mon Aug 26 05:49:11 UTC 2019
1 ms. Memory: 51200K Free: 27154K (53%)
ptolemy.util.test.WatchDog.cancel(): canceling Mon Aug 26 05:49:11 UTC 2019
auto.tcl: Setting watchdog for 200 seconds at Mon Aug 26 05:49:11 UTC 2019
1 ms. Memory: 51200K Free: 26645K (52%)
ptolemy.util.test.WatchDog.cancel(): canceling Mon Aug 26 05:49:11 UTC 2019
------------------ testing $PTII/ptolemy/domains/de/test/auto/fsm_de_test.xml
auto.tcl: Setting watchdog for 200 seconds at Mon Aug 26 05:49:11 UTC 2019
8 ms. Memory: 51200K Free: 27176K (53%)
ptolemy.util.test.WatchDog.cancel(): canceling Mon Aug 26 05:49:11 UTC 2019
auto.tcl: Setting watchdog for 200 seconds at Mon Aug 26 05:49:11 UTC 2019
6 ms. Memory: 51200K Free: 25004K (49%)
ptolemy.util.test.WatchDog.cancel(): canceling Mon Aug 26 05:49:11 UTC 2019
------------------ testing $PTII/ptolemy/domains/de/test/auto/functionDependencyReconstruction.xml
auto.tcl: Setting watchdog for 200 seconds at Mon Aug 26 05:49:11 UTC 2019
3 ms. Memory: 51200K Free: 20898K (41%)
ptolemy.util.test.WatchDog.cancel(): canceling Mon Aug 26 05:49:11 UTC 2019
auto.tcl: Setting watchdog for 200 seconds at Mon Aug 26 05:49:11 UTC 2019
3 ms. Memory: 51200K Free: 18850K (37%)
ptolemy.util.test.WatchDog.cancel(): canceling Mon Aug 26 05:49:11 UTC 2019
------------------ testing $PTII/ptolemy/domains/de/test/auto/multirate.xml
auto.tcl: Setting watchdog for 200 seconds at Mon Aug 26 05:49:11 UTC 2019
4 ms. Memory: 51200K Free: 29627K (58%)
ptolemy.util.test.WatchDog.cancel(): canceling Mon Aug 26 05:49:11 UTC 2019
auto.tcl: Setting watchdog for 200 seconds at Mon Aug 26 05:49:11 UTC 2019
4 ms. Memory: 51200K Free: 27948K (55%)
ptolemy.util.test.WatchDog.cancel(): canceling Mon Aug 26 05:49:11 UTC 2019
------------------ testing $PTII/ptolemy/domains/de/test/auto/multirate2.xml
auto.tcl: Setting watchdog for 200 seconds at Mon Aug 26 05:49:11 UTC 2019
5 ms. Memory: 51200K Free: 29649K (58%)
ptolemy.util.test.WatchDog.cancel(): canceling Mon Aug 26 05:49:11 UTC 2019
auto.tcl: Setting watchdog for 200 seconds at Mon Aug 26 05:49:11 UTC 2019
3 ms. Memory: 51200K Free: 28129K (55%)
ptolemy.util.test.WatchDog.cancel(): canceling Mon Aug 26 05:49:11 UTC 2019
------------------ testing $PTII/ptolemy/domains/de/test/auto/realtime.xml
auto.tcl: Setting watchdog for 200 seconds at Mon Aug 26 05:49:11 UTC 2019
10001 ms. Memory: 51200K Free: 31897K (62%)
ptolemy.util.test.WatchDog.cancel(): canceling Mon Aug 26 05:49:21 UTC 2019
auto.tcl: Setting watchdog for 200 seconds at Mon Aug 26 05:49:21 UTC 2019
10001 ms. Memory: 51200K Free: 31199K (61%)
ptolemy.util.test.WatchDog.cancel(): canceling Mon Aug 26 05:49:31 UTC 2019
------------------ testing $PTII/ptolemy/domains/de/test/auto/relationGroup.xml
auto.tcl: Setting watchdog for 200 seconds at Mon Aug 26 05:49:31 UTC 2019
1 ms. Memory: 51200K Free: 33016K (64%)
ptolemy.util.test.WatchDog.cancel(): canceling Mon Aug 26 05:49:31 UTC 2019
auto.tcl: Setting watchdog for 200 seconds at Mon Aug 26 05:49:31 UTC 2019
1 ms. Memory: 51200K Free: 32281K (63%)
ptolemy.util.test.WatchDog.cancel(): canceling Mon Aug 26 05:49:31 UTC 2019
------------------ testing $PTII/ptolemy/domains/de/test/auto/relationGroup2.xml
auto.tcl: Setting watchdog for 200 seconds at Mon Aug 26 05:49:32 UTC 2019
2 ms. Memory: 51200K Free: 32816K (64%)
ptolemy.util.test.WatchDog.cancel(): canceling Mon Aug 26 05:49:32 UTC 2019
auto.tcl: Setting watchdog for 200 seconds at Mon Aug 26 05:49:32 UTC 2019
1 ms. Memory: 51200K Free: 31792K (62%)
ptolemy.util.test.WatchDog.cancel(): canceling Mon Aug 26 05:49:32 UTC 2019
------------------ testing $PTII/ptolemy/domains/de/test/auto/sortWithOpaquePorts.xml
auto.tcl: Setting watchdog for 200 seconds at Mon Aug 26 05:49:32 UTC 2019
1 ms. Memory: 51200K Free: 31785K (62%)
ptolemy.util.test.WatchDog.cancel(): canceling Mon Aug 26 05:49:32 UTC 2019
auto.tcl: Setting watchdog for 200 seconds at Mon Aug 26 05:49:32 UTC 2019
2 ms. Memory: 51200K Free: 30763K (60%)
ptolemy.util.test.WatchDog.cancel(): canceling Mon Aug 26 05:49:32 UTC 2019
------------------ testing $PTII/ptolemy/domains/de/test/auto/transferInputsandOutputs.xml
auto.tcl: Setting watchdog for 200 seconds at Mon Aug 26 05:49:32 UTC 2019
2 ms. Memory: 51200K Free: 29223K (57%)
ptolemy.util.test.WatchDog.cancel(): canceling Mon Aug 26 05:49:32 UTC 2019
auto.tcl: Setting watchdog for 200 seconds at Mon Aug 26 05:49:32 UTC 2019
3 ms. Memory: 51200K Free: 28199K (55%)
ptolemy.util.test.WatchDog.cancel(): canceling Mon Aug 26 05:49:32 UTC 2019
------------------ testing $PTII/ptolemy/domains/de/test/auto/triggerType.xml
auto.tcl: Setting watchdog for 200 seconds at Mon Aug 26 05:49:32 UTC 2019
1 ms. Memory: 51200K Free: 32248K (63%)
ptolemy.util.test.WatchDog.cancel(): canceling Mon Aug 26 05:49:32 UTC 2019
auto.tcl: Setting watchdog for 200 seconds at Mon Aug 26 05:49:32 UTC 2019
2 ms. Memory: 51200K Free: 31224K (61%)
ptolemy.util.test.WatchDog.cancel(): canceling Mon Aug 26 05:49:32 UTC 2019
08/26/19 05:49:32
Failed: 0  Total Tests: 192  ((Passed: 187, Newly Passed: 1)  Known Failed: 5) /home/travis/build/icyphy/ptII/ptolemy/domains/de/test
08/26/19 05:49:32
Failed: 0  Total Tests: 192  ((Passed: 187, Newly Passed: 1)  Known Failed: 5) /home/travis/build/icyphy/ptII/ptolemy/domains/de/test
----------------- testing (KnownFailure) /home/travis/build/icyphy/ptII/ptolemy/domains/de/test/auto/knownFailedTests/DESDFClockTest.xml
2010 ms. Memory: 51200K Free: 25643K (50%)
Known Failure: java.lang.reflect.InvocationTargetException
----------------- testing (KnownFailure) /home/travis/build/icyphy/ptII/ptolemy/domains/de/test/auto/knownFailedTests/DirectFeedback.xml
1 ms. Memory: 51200K Free: 22061K (43%)
Known Failure: java.lang.reflect.InvocationTargetException
----------------- testing (KnownFailure) /home/travis/build/icyphy/ptII/ptolemy/domains/de/test/auto/knownFailedTests/FSMSource.xml
8 ms. Memory: 51200K Free: 14365K (28%)
----------------- testing (KnownFailure) /home/travis/build/icyphy/ptII/ptolemy/domains/de/test/auto/knownFailedTests/HierarchicalModel.xml
2 ms. Memory: 51200K Free: 27450K (54%)
Known Failure: java.lang.reflect.InvocationTargetException
----------------- testing (KnownFailure) /home/travis/build/icyphy/ptII/ptolemy/domains/de/test/auto/knownFailedTests/dependencyLoop.xml
2 ms. Memory: 51200K Free: 12098K (24%)
Known Failure: java.lang.reflect.InvocationTargetException
----------------- testing (KnownFailure) /home/travis/build/icyphy/ptII/ptolemy/domains/de/test/auto/knownFailedTests/dependencyLoop2.xml
3 ms. Memory: 51200K Free: 25799K (50%)
Known Failure: java.lang.reflect.InvocationTargetException
No auto/linux-amd64/*.xml tests in /home/travis/build/icyphy/ptII/ptolemy/domains/de/test
AutoTests.java: About to close Vertx.
AutoTests.java: Vertx closed.

===========================================================================================
----------------- testing Mon Aug 26 05:49:34 UTC 2019 /home/travis/build/icyphy/ptII/ptolemy/domains/de/test/auto/ActorDepthCalculation_actorWithoutPorts.xml
----------------- Instantiating /home/travis/build/icyphy/ptII/ptolemy/domains/de/test/auto/ActorDepthCalculation_actorWithoutPorts.xml
2 ms. Memory: 51200K Free: 18880K (37%)
----------------- Invoking toplevel() on ptolemy.moml.MoMLSimpleApplication@4cfe7df7
----------------- Done invoking toplevel() on ptolemy.moml.MoMLSimpleApplication@4cfe7df7
reloadAllAccessors: .ActorDepthCalculation_actorWithoutPorts

===========================================================================================
----------------- testing Mon Aug 26 05:49:34 UTC 2019 /home/travis/build/icyphy/ptII/ptolemy/domains/de/test/auto/AssemblyLine.xml
----------------- Instantiating /home/travis/build/icyphy/ptII/ptolemy/domains/de/test/auto/AssemblyLine.xml
5 ms. Memory: 51200K Free: 11480K (22%)
----------------- Invoking toplevel() on ptolemy.moml.MoMLSimpleApplication@2ac44f7f
----------------- Done invoking toplevel() on ptolemy.moml.MoMLSimpleApplication@2ac44f7f
reloadAllAccessors: .AssemblyLine

===========================================================================================
----------------- testing Mon Aug 26 05:49:34 UTC 2019 /home/travis/build/icyphy/ptII/ptolemy/domains/de/test/auto/CQBug1.xml
----------------- Instantiating /home/travis/build/icyphy/ptII/ptolemy/domains/de/test/auto/CQBug1.xml
1 ms. Memory: 51200K Free: 8385K (16%)
----------------- Invoking toplevel() on ptolemy.moml.MoMLSimpleApplication@129e28c6
----------------- Done invoking toplevel() on ptolemy.moml.MoMLSimpleApplication@129e28c6
reloadAllAccessors: .CQBug1

===========================================================================================
----------------- testing Mon Aug 26 05:49:34 UTC 2019 /home/travis/build/icyphy/ptII/ptolemy/domains/de/test/auto/CancelFireAt.xml
----------------- Instantiating /home/travis/build/icyphy/ptII/ptolemy/domains/de/test/auto/CancelFireAt.xml
1 ms. Memory: 51200K Free: 34694K (68%)
----------------- Invoking toplevel() on ptolemy.moml.MoMLSimpleApplication@8b2ba31
----------------- Done invoking toplevel() on ptolemy.moml.MoMLSimpleApplication@8b2ba31
reloadAllAccessors: .CancelFireAt

===========================================================================================
----------------- testing Mon Aug 26 05:49:34 UTC 2019 /home/travis/build/icyphy/ptII/ptolemy/domains/de/test/auto/CausalityAndComposabilityAnalysis.xml
----------------- Instantiating /home/travis/build/icyphy/ptII/ptolemy/domains/de/test/auto/CausalityAndComposabilityAnalysis.xml
13 ms. Memory: 51200K Free: 30349K (59%)
----------------- Invoking toplevel() on ptolemy.moml.MoMLSimpleApplication@4e140676
----------------- Done invoking toplevel() on ptolemy.moml.MoMLSimpleApplication@4e140676
reloadAllAccessors: .CausalityAndComposabilityAnalysis

===========================================================================================
----------------- testing Mon Aug 26 05:49:34 UTC 2019 /home/travis/build/icyphy/ptII/ptolemy/domains/de/test/auto/CausalityInterface1.xml
----------------- Instantiating /home/travis/build/icyphy/ptII/ptolemy/domains/de/test/auto/CausalityInterface1.xml
5 ms. Memory: 51200K Free: 25248K (49%)
----------------- Invoking toplevel() on ptolemy.moml.MoMLSimpleApplication@15db2bbd
----------------- Done invoking toplevel() on ptolemy.moml.MoMLSimpleApplication@15db2bbd
reloadAllAccessors: .CausalityInterface1

===========================================================================================
----------------- testing Mon Aug 26 05:49:34 UTC 2019 /home/travis/build/icyphy/ptII/ptolemy/domains/de/test/auto/CausalityInterface15.xml
----------------- Instantiating /home/travis/build/icyphy/ptII/ptolemy/domains/de/test/auto/CausalityInterface15.xml
2 ms. Memory: 51200K Free: 19801K (39%)
----------------- Invoking toplevel() on ptolemy.moml.MoMLSimpleApplication@71874c52
----------------- Done invoking toplevel() on ptolemy.moml.MoMLSimpleApplication@71874c52
reloadAllAccessors: .CausalityInterface15

===========================================================================================
----------------- testing Mon Aug 26 05:49:34 UTC 2019 /home/travis/build/icyphy/ptII/ptolemy/domains/de/test/auto/CausalityInterface2.xml
----------------- Instantiating /home/travis/build/icyphy/ptII/ptolemy/domains/de/test/auto/CausalityInterface2.xml
6 ms. Memory: 51200K Free: 15279K (30%)
[...]
	at ptolemy.actor.Manager.run(Manager.java:1263)
	at ptolemy.actor.Manager$PtolemyRunThread.run(Manager.java:1933)
java.lang.RuntimeException: Execution failed
	at ptolemy.moml.MoMLSimpleApplication$UnloadThread.run(MoMLSimpleApplication.java:402)
Caused by: ptolemy.kernel.util.IllegalActionException: Actor is not ready to fire.  Perhaps UpSample.prefire() returned false? Try debugging the actor by selecting "Listen to Actor".  Also, for SDF check moml for tokenConsumptionRate on input.
  in .DESDFClockTest.Play Bell.Copy1:SDF Director and .DESDFClockTest.Play Bell.UpSample
	at ptolemy.actor.sched.StaticSchedulingDirector.fire(StaticSchedulingDirector.java:227)
	at ptolemy.domains.sdf.kernel.SDFDirector.fire(SDFDirector.java:500)
	at ptolemy.actor.CompositeActor.fire(CompositeActor.java:455)
	at ptolemy.domains.de.kernel.DEDirector._fire(DEDirector.java:1949)
	at ptolemy.domains.de.kernel.DEDirector.fire(DEDirector.java:502)
	at ptolemy.actor.CompositeActor.fire(CompositeActor.java:455)
	at ptolemy.actor.Manager.iterate(Manager.java:851)
	at ptolemy.actor.Manager.execute(Manager.java:369)
	at ptolemy.actor.Manager.run(Manager.java:1263)
	at ptolemy.actor.Manager$PtolemyRunThread.run(Manager.java:1933)
java.lang.reflect.InvocationTargetException
	at java.base/jdk.internal.reflect.NativeConstructorAccessorImpl.newInstance0(Native Method)
	at java.base/jdk.internal.reflect.NativeConstructorAccessorImpl.newInstance(NativeConstructorAccessorImpl.java:62)
	at java.base/jdk.internal.reflect.DelegatingConstructorAccessorImpl.newInstance(DelegatingConstructorAccessorImpl.java:45)
	at java.base/java.lang.reflect.Constructor.newInstance(Constructor.java:490)
	at ptolemy.util.test.junit.AutoKnownFailedTests.RunModel(AutoKnownFailedTests.java:105)
	at java.base/jdk.internal.reflect.NativeMethodAccessorImpl.invoke0(Native Method)
	at java.base/jdk.internal.reflect.NativeMethodAccessorImpl.invoke(NativeMethodAccessorImpl.java:62)
	at java.base/jdk.internal.reflect.DelegatingMethodAccessorImpl.invoke(DelegatingMethodAccessorImpl.java:43)
	at java.base/java.lang.reflect.Method.invoke(Method.java:566)
	at org.junit.runners.model.FrameworkMethod$1.runReflectiveCall(FrameworkMethod.java:44)
	at org.junit.internal.runners.model.ReflectiveCallable.run(ReflectiveCallable.java:15)
	at org.junit.runners.model.FrameworkMethod.invokeExplosively(FrameworkMethod.java:41)
	at junitparams.internal.InvokeParameterisedMethod.evaluate(InvokeParameterisedMethod.java:102)
	at org.junit.internal.runners.statements.FailOnTimeout$1.run(FailOnTimeout.java:28)
Caused by: ptolemy.kernel.util.IllegalActionException: Actor is not ready to fire.  Perhaps UpSample.prefire() returned false? Try debugging the actor by selecting "Listen to Actor".  Also, for SDF check moml for tokenConsumptionRate on input.
  in .DESDFClockTest.Play Bell.Copy1:SDF Director and .DESDFClockTest.Play Bell.UpSample
	at ptolemy.actor.sched.StaticSchedulingDirector.fire(StaticSchedulingDirector.java:227)
	at ptolemy.domains.sdf.kernel.SDFDirector.fire(SDFDirector.java:500)
	at ptolemy.actor.CompositeActor.fire(CompositeActor.java:455)
	at ptolemy.domains.de.kernel.DEDirector._fire(DEDirector.java:1949)
	at ptolemy.domains.de.kernel.DEDirector.fire(DEDirector.java:502)
	at ptolemy.actor.CompositeActor.fire(CompositeActor.java:455)
	at ptolemy.actor.Manager.iterate(Manager.java:851)
	at ptolemy.actor.Manager.execute(Manager.java:369)
	at ptolemy.actor.Manager.run(Manager.java:1263)
	at ptolemy.actor.Manager$PtolemyRunThread.run(Manager.java:1933)
java.lang.RuntimeException: Execution failed
	at ptolemy.moml.MoMLSimpleApplication$UnloadThread.run(MoMLSimpleApplication.java:402)
Caused by: ptolemy.kernel.util.IllegalActionException: Test fails in iteration 1.
Value was: 1.0. Should have been: 2.0
  in .DirectFeedback.Test
	at ptolemy.actor.lib.Test.fire(Test.java:268)
	at ptolemy.domains.de.kernel.DEDirector._fire(DEDirector.java:1949)
	at ptolemy.domains.de.kernel.DEDirector.fire(DEDirector.java:502)
	at ptolemy.actor.CompositeActor.fire(CompositeActor.java:455)
	at ptolemy.actor.Manager.iterate(Manager.java:851)
	at ptolemy.actor.Manager.execute(Manager.java:369)
	at ptolemy.actor.Manager.run(Manager.java:1263)
	at ptolemy.actor.Manager$PtolemyRunThread.run(Manager.java:1933)
java.lang.reflect.InvocationTargetException
	at java.base/jdk.internal.reflect.NativeConstructorAccessorImpl.newInstance0(Native Method)
	at java.base/jdk.internal.reflect.NativeConstructorAccessorImpl.newInstance(NativeConstructorAccessorImpl.java:62)
	at java.base/jdk.internal.reflect.DelegatingConstructorAccessorImpl.newInstance(DelegatingConstructorAccessorImpl.java:45)
	at java.base/java.lang.reflect.Constructor.newInstance(Constructor.java:490)
	at ptolemy.util.test.junit.AutoKnownFailedTests.RunModel(AutoKnownFailedTests.java:105)
	at java.base/jdk.internal.reflect.NativeMethodAccessorImpl.invoke0(Native Method)
	at java.base/jdk.internal.reflect.NativeMethodAccessorImpl.invoke(NativeMethodAccessorImpl.java:62)
	at java.base/jdk.internal.reflect.DelegatingMethodAccessorImpl.invoke(DelegatingMethodAccessorImpl.java:43)
	at java.base/java.lang.reflect.Method.invoke(Method.java:566)
	at org.junit.runners.model.FrameworkMethod$1.runReflectiveCall(FrameworkMethod.java:44)
	at org.junit.internal.runners.model.ReflectiveCallable.run(ReflectiveCallable.java:15)
	at org.junit.runners.model.FrameworkMethod.invokeExplosively(FrameworkMethod.java:41)
	at junitparams.internal.InvokeParameterisedMethod.evaluate(InvokeParameterisedMethod.java:102)
	at org.junit.internal.runners.statements.FailOnTimeout$1.run(FailOnTimeout.java:28)
Caused by: ptolemy.kernel.util.IllegalActionException: Test fails in iteration 1.
Value was: 1.0. Should have been: 2.0
  in .DirectFeedback.Test
	at ptolemy.actor.lib.Test.fire(Test.java:268)
	at ptolemy.domains.de.kernel.DEDirector._fire(DEDirector.java:1949)
	at ptolemy.domains.de.kernel.DEDirector.fire(DEDirector.java:502)
	at ptolemy.actor.CompositeActor.fire(CompositeActor.java:455)
	at ptolemy.actor.Manager.iterate(Manager.java:851)
	at ptolemy.actor.Manager.execute(Manager.java:369)
	at ptolemy.actor.Manager.run(Manager.java:1263)
	at ptolemy.actor.Manager$PtolemyRunThread.run(Manager.java:1933)
java.lang.RuntimeException: Execution failed
	at ptolemy.moml.MoMLSimpleApplication$UnloadThread.run(MoMLSimpleApplication.java:402)
Caused by: ptolemy.kernel.util.IllegalActionException: Found a zero delay loop containing .HierarchicalModel.A
  in .HierarchicalModel and .HierarchicalModel.A
	at ptolemy.actor.util.CausalityInterfaceForComposites._computeOutputPortDepth(CausalityInterfaceForComposites.java:759)
	at ptolemy.actor.util.CausalityInterfaceForComposites._computeInputDepth(CausalityInterfaceForComposites.java:696)
	at ptolemy.actor.util.CausalityInterfaceForComposites._computeOutputPortDepth(CausalityInterfaceForComposites.java:765)
	at ptolemy.actor.util.CausalityInterfaceForComposites._computeInputDepth(CausalityInterfaceForComposites.java:696)
	at ptolemy.actor.util.CausalityInterfaceForComposites._computeOutputPortDepth(CausalityInterfaceForComposites.java:765)
	at ptolemy.actor.util.CausalityInterfaceForComposites._computeInputDepth(CausalityInterfaceForComposites.java:696)
	at ptolemy.actor.util.CausalityInterfaceForComposites._computeActorDepth(CausalityInterfaceForComposites.java:532)
	at ptolemy.actor.util.CausalityInterfaceForComposites.checkForCycles(CausalityInterfaceForComposites.java:96)
	at ptolemy.domains.de.kernel.DEDirector.preinitialize(DEDirector.java:1338)
	at ptolemy.actor.CompositeActor.preinitialize(CompositeActor.java:1828)
	at ptolemy.actor.Manager.preinitializeAndResolveTypes(Manager.java:1040)
	at ptolemy.actor.Manager.initialize(Manager.java:710)
	at ptolemy.actor.Manager.execute(Manager.java:356)
	at ptolemy.actor.Manager.run(Manager.java:1263)
	at ptolemy.actor.Manager$PtolemyRunThread.run(Manager.java:1933)
java.lang.reflect.InvocationTargetException
	at java.base/jdk.internal.reflect.NativeConstructorAccessorImpl.newInstance0(Native Method)
	at java.base/jdk.internal.reflect.NativeConstructorAccessorImpl.newInstance(NativeConstructorAccessorImpl.java:62)
	at java.base/jdk.internal.reflect.DelegatingConstructorAccessorImpl.newInstance(DelegatingConstructorAccessorImpl.java:45)
	at java.base/java.lang.reflect.Constructor.newInstance(Constructor.java:490)
	at ptolemy.util.test.junit.AutoKnownFailedTests.RunModel(AutoKnownFailedTests.java:105)
	at java.base/jdk.internal.reflect.NativeMethodAccessorImpl.invoke0(Native Method)
	at java.base/jdk.internal.reflect.NativeMethodAccessorImpl.invoke(NativeMethodAccessorImpl.java:62)
	at java.base/jdk.internal.reflect.DelegatingMethodAccessorImpl.invoke(DelegatingMethodAccessorImpl.java:43)
	at java.base/java.lang.reflect.Method.invoke(Method.java:566)
	at org.junit.runners.model.FrameworkMethod$1.runReflectiveCall(FrameworkMethod.java:44)
	at org.junit.internal.runners.model.ReflectiveCallable.run(ReflectiveCallable.java:15)
	at org.junit.runners.model.FrameworkMethod.invokeExplosively(FrameworkMethod.java:41)
	at junitparams.internal.InvokeParameterisedMethod.evaluate(InvokeParameterisedMethod.java:102)
	at org.junit.internal.runners.statements.FailOnTimeout$1.run(FailOnTimeout.java:28)
Caused by: ptolemy.kernel.util.IllegalActionException: Found a zero delay loop containing .HierarchicalModel.A
  in .HierarchicalModel and .HierarchicalModel.A
	at ptolemy.actor.util.CausalityInterfaceForComposites._computeOutputPortDepth(CausalityInterfaceForComposites.java:759)
	at ptolemy.actor.util.CausalityInterfaceForComposites._computeInputDepth(CausalityInterfaceForComposites.java:696)
	at ptolemy.actor.util.CausalityInterfaceForComposites._computeOutputPortDepth(CausalityInterfaceForComposites.java:765)
	at ptolemy.actor.util.CausalityInterfaceForComposites._computeInputDepth(CausalityInterfaceForComposites.java:696)
	at ptolemy.actor.util.CausalityInterfaceForComposites._computeOutputPortDepth(CausalityInterfaceForComposites.java:765)
	at ptolemy.actor.util.CausalityInterfaceForComposites._computeInputDepth(CausalityInterfaceForComposites.java:696)
	at ptolemy.actor.util.CausalityInterfaceForComposites._computeActorDepth(CausalityInterfaceForComposites.java:532)
	at ptolemy.actor.util.CausalityInterfaceForComposites.checkForCycles(CausalityInterfaceForComposites.java:96)
	at ptolemy.domains.de.kernel.DEDirector.preinitialize(DEDirector.java:1338)
	at ptolemy.actor.CompositeActor.preinitialize(CompositeActor.java:1828)
	at ptolemy.actor.Manager.preinitializeAndResolveTypes(Manager.java:1040)
	at ptolemy.actor.Manager.initialize(Manager.java:710)
	at ptolemy.actor.Manager.execute(Manager.java:356)
	at ptolemy.actor.Manager.run(Manager.java:1263)
	at ptolemy.actor.Manager$PtolemyRunThread.run(Manager.java:1933)
java.lang.RuntimeException: Execution failed
	at ptolemy.moml.MoMLSimpleApplication$UnloadThread.run(MoMLSimpleApplication.java:402)
Caused by: ptolemy.kernel.util.IllegalActionException: Found a zero delay loop containing .dependencyLoop.original
  in .dependencyLoop and .dependencyLoop.original
	at ptolemy.actor.util.CausalityInterfaceForComposites._computeOutputPortDepth(CausalityInterfaceForComposites.java:759)
	at ptolemy.actor.util.CausalityInterfaceForComposites._computeInputDepth(CausalityInterfaceForComposites.java:696)
	at ptolemy.actor.util.CausalityInterfaceForComposites._computeOutputPortDepth(CausalityInterfaceForComposites.java:765)
	at ptolemy.actor.util.CausalityInterfaceForComposites._computeInputDepth(CausalityInterfaceForComposites.java:696)
	at ptolemy.actor.util.CausalityInterfaceForComposites._computeOutputPortDepth(CausalityInterfaceForComposites.java:765)
	at ptolemy.actor.util.CausalityInterfaceForComposites._computeInputDepth(CausalityInterfaceForComposites.java:696)
	at ptolemy.actor.util.CausalityInterfaceForComposites._computeActorDepth(CausalityInterfaceForComposites.java:532)
	at ptolemy.actor.util.CausalityInterfaceForComposites.checkForCycles(CausalityInterfaceForComposites.java:96)
	at ptolemy.domains.de.kernel.DEDirector.preinitialize(DEDirector.java:1338)
	at ptolemy.actor.CompositeActor.preinitialize(CompositeActor.java:1828)
	at ptolemy.actor.Manager.preinitializeAndResolveTypes(Manager.java:1040)
	at ptolemy.actor.Manager.initialize(Manager.java:710)
	at ptolemy.actor.Manager.execute(Manager.java:356)
	at ptolemy.actor.Manager.run(Manager.java:1263)
	at ptolemy.actor.Manager$PtolemyRunThread.run(Manager.java:1933)
java.lang.reflect.InvocationTargetException
	at java.base/jdk.internal.reflect.NativeConstructorAccessorImpl.newInstance0(Native Method)
	at java.base/jdk.internal.reflect.NativeConstructorAccessorImpl.newInstance(NativeConstructorAccessorImpl.java:62)
	at java.base/jdk.internal.reflect.DelegatingConstructorAccessorImpl.newInstance(DelegatingConstructorAccessorImpl.java:45)
	at java.base/java.lang.reflect.Constructor.newInstance(Constructor.java:490)
	at ptolemy.util.test.junit.AutoKnownFailedTests.RunModel(AutoKnownFailedTests.java:105)
	at java.base/jdk.internal.reflect.NativeMethodAccessorImpl.invoke0(Native Method)
	at java.base/jdk.internal.reflect.NativeMethodAccessorImpl.invoke(NativeMethodAccessorImpl.java:62)
	at java.base/jdk.internal.reflect.DelegatingMethodAccessorImpl.invoke(DelegatingMethodAccessorImpl.java:43)
	at java.base/java.lang.reflect.Method.invoke(Method.java:566)
	at org.junit.runners.model.FrameworkMethod$1.runReflectiveCall(FrameworkMethod.java:44)
	at org.junit.internal.runners.model.ReflectiveCallable.run(ReflectiveCallable.java:15)
	at org.junit.runners.model.FrameworkMethod.invokeExplosively(FrameworkMethod.java:41)
	at junitparams.internal.InvokeParameterisedMethod.evaluate(InvokeParameterisedMethod.java:102)
	at org.junit.internal.runners.statements.FailOnTimeout$1.run(FailOnTimeout.java:28)
Caused by: ptolemy.kernel.util.IllegalActionException: Found a zero delay loop containing .dependencyLoop.original
  in .dependencyLoop and .dependencyLoop.original
	at ptolemy.actor.util.CausalityInterfaceForComposites._computeOutputPortDepth(CausalityInterfaceForComposites.java:759)
	at ptolemy.actor.util.CausalityInterfaceForComposites._computeInputDepth(CausalityInterfaceForComposites.java:696)
	at ptolemy.actor.util.CausalityInterfaceForComposites._computeOutputPortDepth(CausalityInterfaceForComposites.java:765)
	at ptolemy.actor.util.CausalityInterfaceForComposites._computeInputDepth(CausalityInterfaceForComposites.java:696)
	at ptolemy.actor.util.CausalityInterfaceForComposites._computeOutputPortDepth(CausalityInterfaceForComposites.java:765)
	at ptolemy.actor.util.CausalityInterfaceForComposites._computeInputDepth(CausalityInterfaceForComposites.java:696)
	at ptolemy.actor.util.CausalityInterfaceForComposites._computeActorDepth(CausalityInterfaceForComposites.java:532)
	at ptolemy.actor.util.CausalityInterfaceForComposites.checkForCycles(CausalityInterfaceForComposites.java:96)
	at ptolemy.domains.de.kernel.DEDirector.preinitialize(DEDirector.java:1338)
	at ptolemy.actor.CompositeActor.preinitialize(CompositeActor.java:1828)
	at ptolemy.actor.Manager.preinitializeAndResolveTypes(Manager.java:1040)
	at ptolemy.actor.Manager.initialize(Manager.java:710)
	at ptolemy.actor.Manager.execute(Manager.java:356)
	at ptolemy.actor.Manager.run(Manager.java:1263)
	at ptolemy.actor.Manager$PtolemyRunThread.run(Manager.java:1933)
java.lang.RuntimeException: Execution failed
	at ptolemy.moml.MoMLSimpleApplication$UnloadThread.run(MoMLSimpleApplication.java:402)
Caused by: ptolemy.kernel.util.IllegalActionException: Found a zero delay loop containing .dependencyLoop2.original
  in .dependencyLoop2 and .dependencyLoop2.original
	at ptolemy.actor.util.CausalityInterfaceForComposites._computeOutputPortDepth(CausalityInterfaceForComposites.java:759)
	at ptolemy.actor.util.CausalityInterfaceForComposites._computeInputDepth(CausalityInterfaceForComposites.java:696)
	at ptolemy.actor.util.CausalityInterfaceForComposites._computeOutputPortDepth(CausalityInterfaceForComposites.java:765)
	at ptolemy.actor.util.CausalityInterfaceForComposites._computeInputDepth(CausalityInterfaceForComposites.java:696)
	at ptolemy.actor.util.CausalityInterfaceForComposites._computeOutputPortDepth(CausalityInterfaceForComposites.java:765)
	at ptolemy.actor.util.CausalityInterfaceForComposites._computeInputDepth(CausalityInterfaceForComposites.java:696)
	at ptolemy.actor.util.CausalityInterfaceForComposites._computeActorDepth(CausalityInterfaceForComposites.java:532)
	at ptolemy.actor.util.CausalityInterfaceForComposites.checkForCycles(CausalityInterfaceForComposites.java:96)
	at ptolemy.domains.de.kernel.DEDirector.preinitialize(DEDirector.java:1338)
	at ptolemy.actor.CompositeActor.preinitialize(CompositeActor.java:1828)
	at ptolemy.actor.Manager.preinitializeAndResolveTypes(Manager.java:1040)
	at ptolemy.actor.Manager.initialize(Manager.java:710)
	at ptolemy.actor.Manager.execute(Manager.java:356)
	at ptolemy.actor.Manager.run(Manager.java:1263)
	at ptolemy.actor.Manager$PtolemyRunThread.run(Manager.java:1933)
java.lang.reflect.InvocationTargetException
	at java.base/jdk.internal.reflect.NativeConstructorAccessorImpl.newInstance0(Native Method)
	at java.base/jdk.internal.reflect.NativeConstructorAccessorImpl.newInstance(NativeConstructorAccessorImpl.java:62)
	at java.base/jdk.internal.reflect.DelegatingConstructorAccessorImpl.newInstance(DelegatingConstructorAccessorImpl.java:45)
	at java.base/java.lang.reflect.Constructor.newInstance(Constructor.java:490)
	at ptolemy.util.test.junit.AutoKnownFailedTests.RunModel(AutoKnownFailedTests.java:105)
	at java.base/jdk.internal.reflect.NativeMethodAccessorImpl.invoke0(Native Method)
	at java.base/jdk.internal.reflect.NativeMethodAccessorImpl.invoke(NativeMethodAccessorImpl.java:62)
	at java.base/jdk.internal.reflect.DelegatingMethodAccessorImpl.invoke(DelegatingMethodAccessorImpl.java:43)
	at java.base/java.lang.reflect.Method.invoke(Method.java:566)
	at org.junit.runners.model.FrameworkMethod$1.runReflectiveCall(FrameworkMethod.java:44)
	at org.junit.internal.runners.model.ReflectiveCallable.run(ReflectiveCallable.java:15)
	at org.junit.runners.model.FrameworkMethod.invokeExplosively(FrameworkMethod.java:41)
	at junitparams.internal.InvokeParameterisedMethod.evaluate(InvokeParameterisedMethod.java:102)
	at org.junit.internal.runners.statements.FailOnTimeout$1.run(FailOnTimeout.java:28)
Caused by: ptolemy.kernel.util.IllegalActionException: Found a zero delay loop containing .dependencyLoop2.original
  in .dependencyLoop2 and .dependencyLoop2.original
	at ptolemy.actor.util.CausalityInterfaceForComposites._computeOutputPortDepth(CausalityInterfaceForComposites.java:759)
	at ptolemy.actor.util.CausalityInterfaceForComposites._computeInputDepth(CausalityInterfaceForComposites.java:696)
	at ptolemy.actor.util.CausalityInterfaceForComposites._computeOutputPortDepth(CausalityInterfaceForComposites.java:765)
	at ptolemy.actor.util.CausalityInterfaceForComposites._computeInputDepth(CausalityInterfaceForComposites.java:696)
	at ptolemy.actor.util.CausalityInterfaceForComposites._computeOutputPortDepth(CausalityInterfaceForComposites.java:765)
	at ptolemy.actor.util.CausalityInterfaceForComposites._computeInputDepth(CausalityInterfaceForComposites.java:696)
	at ptolemy.actor.util.CausalityInterfaceForComposites._computeActorDepth(CausalityInterfaceForComposites.java:532)
	at ptolemy.actor.util.CausalityInterfaceForComposites.checkForCycles(CausalityInterfaceForComposites.java:96)
	at ptolemy.domains.de.kernel.DEDirector.preinitialize(DEDirector.java:1338)
	at ptolemy.actor.CompositeActor.preinitialize(CompositeActor.java:1828)
	at ptolemy.actor.Manager.preinitializeAndResolveTypes(Manager.java:1040)
	at ptolemy.actor.Manager.initialize(Manager.java:710)
	at ptolemy.actor.Manager.execute(Manager.java:356)
	at ptolemy.actor.Manager.run(Manager.java:1263)
	at ptolemy.actor.Manager$PtolemyRunThread.run(Manager.java:1933)
]]></system-err>
</testsuite>
