<?xml version="1.0" encoding="UTF-8" ?>
<testsuite errors="0" failures="0" hostname="travis-job-027106ce-c016-408c-a2a6-66d0a0682e0f" name="ptolemy.actor.lib.hoc.test.junit.JUnitTclTest" skipped="0" tests="58" time="24.523" timestamp="2018-06-20T16:34:16">
  <properties>
[...]
</properties>
  <testcase classname="ptolemy.util.test.junit.TclTests" name="[0] /home/travis/build/icyphy/ptII/ptolemy/actor/lib/hoc/test/IterateOverArray.tcl (RunTclFile)" time="0.255" />
  <testcase classname="ptolemy.util.test.junit.AutoKnownFailedTests" name="[0] /home/travis/build/icyphy/ptII/ptolemy/actor/lib/hoc/test/auto/knownFailedTests/PreinitializeMustBeInvokedRunComposite.xml (RunModel)" time="0.205" />
  <testcase classname="ptolemy.util.test.junit.AutoNameArchTests" name="[0] ThereAreNoAutoArchTests (RunModel)" time="0.001" />
  <testcase classname="ptolemy.util.test.junit.AutoTests" name="[0] /home/travis/build/icyphy/ptII/ptolemy/actor/lib/hoc/test/auto/AllToAllMultiInstanceComposite.xml (RunModel)" time="0.269" />
  <testcase classname="ptolemy.util.test.junit.AutoTests" name="[1] /home/travis/build/icyphy/ptII/ptolemy/actor/lib/hoc/test/auto/ApplyFFTTest.xml (RunModel)" time="0.219" />
  <testcase classname="ptolemy.util.test.junit.AutoTests" name="[2] /home/travis/build/icyphy/ptII/ptolemy/actor/lib/hoc/test/auto/ApplyFunction.xml (RunModel)" time="0.024" />
  <testcase classname="ptolemy.util.test.junit.AutoTests" name="[3] /home/travis/build/icyphy/ptII/ptolemy/actor/lib/hoc/test/auto/BackgroundExecution.xml (RunModel)" time="0.74" />
  <testcase classname="ptolemy.util.test.junit.AutoTests" name="[4] /home/travis/build/icyphy/ptII/ptolemy/actor/lib/hoc/test/auto/Case.xml (RunModel)" time="0.058" />
  <testcase classname="ptolemy.util.test.junit.AutoTests" name="[5] /home/travis/build/icyphy/ptII/ptolemy/actor/lib/hoc/test/auto/Case1.xml (RunModel)" time="0.034" />
  <testcase classname="ptolemy.util.test.junit.AutoTests" name="[6] /home/travis/build/icyphy/ptII/ptolemy/actor/lib/hoc/test/auto/Case2.xml (RunModel)" time="0.146" />
  <testcase classname="ptolemy.util.test.junit.AutoTests" name="[7] /home/travis/build/icyphy/ptII/ptolemy/actor/lib/hoc/test/auto/Case3.xml (RunModel)" time="0.065" />
  <testcase classname="ptolemy.util.test.junit.AutoTests" name="[8] /home/travis/build/icyphy/ptII/ptolemy/actor/lib/hoc/test/auto/Case4.xml (RunModel)" time="0.065" />
  <testcase classname="ptolemy.util.test.junit.AutoTests" name="[9] /home/travis/build/icyphy/ptII/ptolemy/actor/lib/hoc/test/auto/Case5.xml (RunModel)" time="0.06" />
  <testcase classname="ptolemy.util.test.junit.AutoTests" name="[10] /home/travis/build/icyphy/ptII/ptolemy/actor/lib/hoc/test/auto/Case6.xml (RunModel)" time="0.121" />
  <testcase classname="ptolemy.util.test.junit.AutoTests" name="[11] /home/travis/build/icyphy/ptII/ptolemy/actor/lib/hoc/test/auto/CaseString2.xml (RunModel)" time="0.039" />
  <testcase classname="ptolemy.util.test.junit.AutoTests" name="[12] /home/travis/build/icyphy/ptII/ptolemy/actor/lib/hoc/test/auto/CatchUpComposite1.xml (RunModel)" time="0.072" />
  <testcase classname="ptolemy.util.test.junit.AutoTests" name="[13] /home/travis/build/icyphy/ptII/ptolemy/actor/lib/hoc/test/auto/CatchUpComposite2.xml (RunModel)" time="0.056" />
  <testcase classname="ptolemy.util.test.junit.AutoTests" name="[14] /home/travis/build/icyphy/ptII/ptolemy/actor/lib/hoc/test/auto/CatchUpComposite3.xml (RunModel)" time="0.057" />
  <testcase classname="ptolemy.util.test.junit.AutoTests" name="[15] /home/travis/build/icyphy/ptII/ptolemy/actor/lib/hoc/test/auto/CatchUpComposite4.xml (RunModel)" time="0.056" />
  <testcase classname="ptolemy.util.test.junit.AutoTests" name="[16] /home/travis/build/icyphy/ptII/ptolemy/actor/lib/hoc/test/auto/CatchUpComposite5.xml (RunModel)" time="0.038" />
  <testcase classname="ptolemy.util.test.junit.AutoTests" name="[17] /home/travis/build/icyphy/ptII/ptolemy/actor/lib/hoc/test/auto/CatchUpComposite6.xml (RunModel)" time="0.171" />
  <testcase classname="ptolemy.util.test.junit.AutoTests" name="[18] /home/travis/build/icyphy/ptII/ptolemy/actor/lib/hoc/test/auto/CatchUpComposite7.xml (RunModel)" time="0.101" />
  <testcase classname="ptolemy.util.test.junit.AutoTests" name="[19] /home/travis/build/icyphy/ptII/ptolemy/actor/lib/hoc/test/auto/ConcurrentExecutionTimeSDF.xml (RunModel)" time="1.68" />
  <testcase classname="ptolemy.util.test.junit.AutoTests" name="[20] /home/travis/build/icyphy/ptII/ptolemy/actor/lib/hoc/test/auto/ConcurrentSleep.xml (RunModel)" time="0.781" />
  <testcase classname="ptolemy.util.test.junit.AutoTests" name="[21] /home/travis/build/icyphy/ptII/ptolemy/actor/lib/hoc/test/auto/DEInPNInRunCompositeActor.xml (RunModel)" time="0.054" />
  <testcase classname="ptolemy.util.test.junit.AutoTests" name="[22] /home/travis/build/icyphy/ptII/ptolemy/actor/lib/hoc/test/auto/DFTSubSetTest.xml (RunModel)" time="0.228" />
  <testcase classname="ptolemy.util.test.junit.AutoTests" name="[23] /home/travis/build/icyphy/ptII/ptolemy/actor/lib/hoc/test/auto/HocDE.xml (RunModel)" time="0.192" />
  <testcase classname="ptolemy.util.test.junit.AutoTests" name="[24] /home/travis/build/icyphy/ptII/ptolemy/actor/lib/hoc/test/auto/IterateOverArray.xml (RunModel)" time="0.024" />
  <testcase classname="ptolemy.util.test.junit.AutoTests" name="[25] /home/travis/build/icyphy/ptII/ptolemy/actor/lib/hoc/test/auto/IterateOverArray10.xml (RunModel)" time="0.02" />
  <testcase classname="ptolemy.util.test.junit.AutoTests" name="[26] /home/travis/build/icyphy/ptII/ptolemy/actor/lib/hoc/test/auto/IterateOverArray11.xml (RunModel)" time="0.023" />
  <testcase classname="ptolemy.util.test.junit.AutoTests" name="[27] /home/travis/build/icyphy/ptII/ptolemy/actor/lib/hoc/test/auto/IterateOverArray12.xml (RunModel)" time="0.051" />
  <testcase classname="ptolemy.util.test.junit.AutoTests" name="[28] /home/travis/build/icyphy/ptII/ptolemy/actor/lib/hoc/test/auto/IterateOverArray13.xml (RunModel)" time="0.195" />
  <testcase classname="ptolemy.util.test.junit.AutoTests" name="[29] /home/travis/build/icyphy/ptII/ptolemy/actor/lib/hoc/test/auto/IterateOverArray14.xml (RunModel)" time="0.135" />
  <testcase classname="ptolemy.util.test.junit.AutoTests" name="[30] /home/travis/build/icyphy/ptII/ptolemy/actor/lib/hoc/test/auto/IterateOverArray2.xml (RunModel)" time="0.029" />
  <testcase classname="ptolemy.util.test.junit.AutoTests" name="[31] /home/travis/build/icyphy/ptII/ptolemy/actor/lib/hoc/test/auto/IterateOverArray3.xml (RunModel)" time="0.036" />
  <testcase classname="ptolemy.util.test.junit.AutoTests" name="[32] /home/travis/build/icyphy/ptII/ptolemy/actor/lib/hoc/test/auto/IterateOverArray4.xml (RunModel)" time="0.023" />
  <testcase classname="ptolemy.util.test.junit.AutoTests" name="[33] /home/travis/build/icyphy/ptII/ptolemy/actor/lib/hoc/test/auto/IterateOverArray5.xml (RunModel)" time="0.016" />
  <testcase classname="ptolemy.util.test.junit.AutoTests" name="[34] /home/travis/build/icyphy/ptII/ptolemy/actor/lib/hoc/test/auto/IterateOverArray6.xml (RunModel)" time="0.012" />
  <testcase classname="ptolemy.util.test.junit.AutoTests" name="[35] /home/travis/build/icyphy/ptII/ptolemy/actor/lib/hoc/test/auto/IterateOverArray7.xml (RunModel)" time="0.022" />
  <testcase classname="ptolemy.util.test.junit.AutoTests" name="[36] /home/travis/build/icyphy/ptII/ptolemy/actor/lib/hoc/test/auto/IterateOverArray8.xml (RunModel)" time="0.02" />
  <testcase classname="ptolemy.util.test.junit.AutoTests" name="[37] /home/travis/build/icyphy/ptII/ptolemy/actor/lib/hoc/test/auto/IterateOverArray9.xml (RunModel)" time="0.023" />
  <testcase classname="ptolemy.util.test.junit.AutoTests" name="[38] /home/travis/build/icyphy/ptII/ptolemy/actor/lib/hoc/test/auto/IterateOverArrayCoercedOutputType.xml (RunModel)" time="0.033" />
  <testcase classname="ptolemy.util.test.junit.AutoTests" name="[39] /home/travis/build/icyphy/ptII/ptolemy/actor/lib/hoc/test/auto/IterateOverArrayInferredOutputType.xml (RunModel)" time="0.03" />
  <testcase classname="ptolemy.util.test.junit.AutoTests" name="[40] /home/travis/build/icyphy/ptII/ptolemy/actor/lib/hoc/test/auto/MobileFunctionTest.xml (RunModel)" time="0.022" />
  <testcase classname="ptolemy.util.test.junit.AutoTests" name="[41] /home/travis/build/icyphy/ptII/ptolemy/actor/lib/hoc/test/auto/MobileModelTest.xml (RunModel)" time="0.109" />
  <testcase classname="ptolemy.util.test.junit.AutoTests" name="[42] /home/travis/build/icyphy/ptII/ptolemy/actor/lib/hoc/test/auto/ModelReference.xml (RunModel)" time="0.055" />
  <testcase classname="ptolemy.util.test.junit.AutoTests" name="[43] /home/travis/build/icyphy/ptII/ptolemy/actor/lib/hoc/test/auto/ModelReference3.xml (RunModel)" time="0.063" />
  <testcase classname="ptolemy.util.test.junit.AutoTests" name="[44] /home/travis/build/icyphy/ptII/ptolemy/actor/lib/hoc/test/auto/ModelReference4.xml (RunModel)" time="10.032" />
  <testcase classname="ptolemy.util.test.junit.AutoTests" name="[45] /home/travis/build/icyphy/ptII/ptolemy/actor/lib/hoc/test/auto/MultiInstanceComposite.xml (RunModel)" time="0.06" />
  <testcase classname="ptolemy.util.test.junit.AutoTests" name="[46] /home/travis/build/icyphy/ptII/ptolemy/actor/lib/hoc/test/auto/MultiInstanceComposite2.xml (RunModel)" time="0.047" />
  <testcase classname="ptolemy.util.test.junit.AutoTests" name="[47] /home/travis/build/icyphy/ptII/ptolemy/actor/lib/hoc/test/auto/MulticoreExecution.xml (RunModel)" time="1.085" />
  <testcase classname="ptolemy.util.test.junit.AutoTests" name="[48] /home/travis/build/icyphy/ptII/ptolemy/actor/lib/hoc/test/auto/ParallelExecution.xml (RunModel)" time="0.945" />
  <testcase classname="ptolemy.util.test.junit.AutoTests" name="[49] /home/travis/build/icyphy/ptII/ptolemy/actor/lib/hoc/test/auto/RunCompositeActor.xml (RunModel)" time="0.022" />
  <testcase classname="ptolemy.util.test.junit.AutoTests" name="[50] /home/travis/build/icyphy/ptII/ptolemy/actor/lib/hoc/test/auto/RunCompositeActor2.xml (RunModel)" time="0.028" />
  <testcase classname="ptolemy.util.test.junit.AutoTests" name="[51] /home/travis/build/icyphy/ptII/ptolemy/actor/lib/hoc/test/auto/RunCompositeActor3.xml (RunModel)" time="0.021" />
  <testcase classname="ptolemy.util.test.junit.AutoTests" name="[52] /home/travis/build/icyphy/ptII/ptolemy/actor/lib/hoc/test/auto/RunCompositeActor4.xml (RunModel)" time="0.027" />
  <testcase classname="ptolemy.util.test.junit.AutoTests" name="[53] /home/travis/build/icyphy/ptII/ptolemy/actor/lib/hoc/test/auto/RunCompositeIterateOverArray.xml (RunModel)" time="0.024" />
  <testcase classname="ptolemy.util.test.junit.AutoTests" name="[54] /home/travis/build/icyphy/ptII/ptolemy/actor/lib/hoc/test/auto/ThreadedJS.xml (RunModel)" time="5.013" />
  <system-out><![CDATA[/home/travis/build/icyphy/ptII/ptolemy/actor/lib/hoc/test/IterateOverArray.tcl
testDefs.tcl: setting time out to 9000 seconds at Wed Jun 20 16:34:16 UTC 2018
06/20/18 04:34:16
Failed: 0  Total Tests: 2  ((Passed: 2, Newly Passed: 0)  Known Failed: 0) /home/travis/build/icyphy/ptII/ptolemy/actor/lib/hoc/test
----------------- testing (KnownFailure) /home/travis/build/icyphy/ptII/ptolemy/actor/lib/hoc/test/auto/knownFailedTests/PreinitializeMustBeInvokedRunComposite.xml
33 ms. Memory: 116224K Free: 103677K (89%)
Known Failure: java.lang.reflect.InvocationTargetException
No auto/linux-amd64/*.xml tests in /home/travis/build/icyphy/ptII/ptolemy/actor/lib/hoc/test
AutoTests.java: About to close Vertx.
AutoTests.java: Vertx closed.

===========================================================================================
----------------- testing Wed Jun 20 16:34:16 UTC 2018 /home/travis/build/icyphy/ptII/ptolemy/actor/lib/hoc/test/auto/AllToAllMultiInstanceComposite.xml
----------------- Instantiating /home/travis/build/icyphy/ptII/ptolemy/actor/lib/hoc/test/auto/AllToAllMultiInstanceComposite.xml
100 ms. Memory: 146944K Free: 108145K (74%)
----------------- Invoking toplevel() on ptolemy.moml.MoMLSimpleApplication@349041d1
----------------- Done invoking toplevel() on ptolemy.moml.MoMLSimpleApplication@349041d1
reloadAllAccessors: .AllToAllMultiInstanceComposite

===========================================================================================
----------------- testing Wed Jun 20 16:34:17 UTC 2018 /home/travis/build/icyphy/ptII/ptolemy/actor/lib/hoc/test/auto/ApplyFFTTest.xml
----------------- Instantiating /home/travis/build/icyphy/ptII/ptolemy/actor/lib/hoc/test/auto/ApplyFFTTest.xml
92 ms. Memory: 146944K Free: 88259K (60%)
----------------- Invoking toplevel() on ptolemy.moml.MoMLSimpleApplication@2b0ccd05
----------------- Done invoking toplevel() on ptolemy.moml.MoMLSimpleApplication@2b0ccd05
reloadAllAccessors: .ApplyFFTTest

===========================================================================================
----------------- testing Wed Jun 20 16:34:17 UTC 2018 /home/travis/build/icyphy/ptII/ptolemy/actor/lib/hoc/test/auto/ApplyFunction.xml
----------------- Instantiating /home/travis/build/icyphy/ptII/ptolemy/actor/lib/hoc/test/auto/ApplyFunction.xml
4 ms. Memory: 146944K Free: 84556K (58%)
----------------- Invoking toplevel() on ptolemy.moml.MoMLSimpleApplication@20c10718
----------------- Done invoking toplevel() on ptolemy.moml.MoMLSimpleApplication@20c10718
reloadAllAccessors: .ApplyFunction

===========================================================================================
----------------- testing Wed Jun 20 16:34:17 UTC 2018 /home/travis/build/icyphy/ptII/ptolemy/actor/lib/hoc/test/auto/BackgroundExecution.xml
----------------- Instantiating /home/travis/build/icyphy/ptII/ptolemy/actor/lib/hoc/test/auto/BackgroundExecution.xml
635 ms. Memory: 146944K Free: 137292K (93%)
----------------- Invoking toplevel() on ptolemy.moml.MoMLSimpleApplication@4413a888
----------------- Done invoking toplevel() on ptolemy.moml.MoMLSimpleApplication@4413a888
reloadAllAccessors: .BackgroundExecution

===========================================================================================
----------------- testing Wed Jun 20 16:34:18 UTC 2018 /home/travis/build/icyphy/ptII/ptolemy/actor/lib/hoc/test/auto/Case.xml
----------------- Instantiating /home/travis/build/icyphy/ptII/ptolemy/actor/lib/hoc/test/auto/Case.xml
15 ms. Memory: 146944K Free: 128973K (88%)
----------------- Invoking toplevel() on ptolemy.moml.MoMLSimpleApplication@2e72cd4d
----------------- Done invoking toplevel() on ptolemy.moml.MoMLSimpleApplication@2e72cd4d
reloadAllAccessors: .Case

===========================================================================================
----------------- testing Wed Jun 20 16:34:18 UTC 2018 /home/travis/build/icyphy/ptII/ptolemy/actor/lib/hoc/test/auto/Case1.xml
----------------- Instantiating /home/travis/build/icyphy/ptII/ptolemy/actor/lib/hoc/test/auto/Case1.xml
10 ms. Memory: 146944K Free: 121817K (83%)
----------------- Invoking toplevel() on ptolemy.moml.MoMLSimpleApplication@1d1b95d9
----------------- Done invoking toplevel() on ptolemy.moml.MoMLSimpleApplication@1d1b95d9
reloadAllAccessors: .Case1

===========================================================================================
----------------- testing Wed Jun 20 16:34:18 UTC 2018 /home/travis/build/icyphy/ptII/ptolemy/actor/lib/hoc/test/auto/Case2.xml
----------------- Instantiating /home/travis/build/icyphy/ptII/ptolemy/actor/lib/hoc/test/auto/Case2.xml
56 ms. Memory: 146944K Free: 110117K (75%)
----------------- Invoking toplevel() on ptolemy.moml.MoMLSimpleApplication@446f1bea
----------------- Done invoking toplevel() on ptolemy.moml.MoMLSimpleApplication@446f1bea
reloadAllAccessors: .Case2

===========================================================================================
----------------- testing Wed Jun 20 16:34:18 UTC 2018 /home/travis/build/icyphy/ptII/ptolemy/actor/lib/hoc/test/auto/Case3.xml
----------------- Instantiating /home/travis/build/icyphy/ptII/ptolemy/actor/lib/hoc/test/auto/Case3.xml
19 ms. Memory: 146944K Free: 103418K (70%)
----------------- Invoking toplevel() on ptolemy.moml.MoMLSimpleApplication@1efa84dd
----------------- Done invoking toplevel() on ptolemy.moml.MoMLSimpleApplication@1efa84dd
reloadAllAccessors: .Case3

===========================================================================================
----------------- testing Wed Jun 20 16:34:18 UTC 2018 /home/travis/build/icyphy/ptII/ptolemy/actor/lib/hoc/test/auto/Case4.xml
----------------- Instantiating /home/travis/build/icyphy/ptII/ptolemy/actor/lib/hoc/test/auto/Case4.xml
16 ms. Memory: 146944K Free: 94336K (64%)
----------------- Invoking toplevel() on ptolemy.moml.MoMLSimpleApplication@2d887e29
----------------- Done invoking toplevel() on ptolemy.moml.MoMLSimpleApplication@2d887e29
reloadAllAccessors: .Case4

===========================================================================================
----------------- testing Wed Jun 20 16:34:18 UTC 2018 /home/travis/build/icyphy/ptII/ptolemy/actor/lib/hoc/test/auto/Case5.xml
----------------- Instantiating /home/travis/build/icyphy/ptII/ptolemy/actor/lib/hoc/test/auto/Case5.xml
36 ms. Memory: 146944K Free: 87244K (59%)
----------------- Invoking toplevel() on ptolemy.moml.MoMLSimpleApplication@35991a74
----------------- Done invoking toplevel() on ptolemy.moml.MoMLSimpleApplication@35991a74
reloadAllAccessors: .junk

===========================================================================================
----------------- testing Wed Jun 20 16:34:18 UTC 2018 /home/travis/build/icyphy/ptII/ptolemy/actor/lib/hoc/test/auto/Case6.xml
----------------- Instantiating /home/travis/build/icyphy/ptII/ptolemy/actor/lib/hoc/test/auto/Case6.xml
39 ms. Memory: 208384K Free: 196529K (94%)
----------------- Invoking toplevel() on ptolemy.moml.MoMLSimpleApplication@45ed16e0
----------------- Done invoking toplevel() on ptolemy.moml.MoMLSimpleApplication@45ed16e0
reloadAllAccessors: .Case6

===========================================================================================
----------------- testing Wed Jun 20 16:34:18 UTC 2018 /home/travis/build/icyphy/ptII/ptolemy/actor/lib/hoc/test/auto/CaseString2.xml
----------------- Instantiating /home/travis/build/icyphy/ptII/ptolemy/actor/lib/hoc/test/auto/CaseString2.xml
9 ms. Memory: 208384K Free: 186967K (90%)
----------------- Invoking toplevel() on ptolemy.moml.MoMLSimpleApplication@5bbc871a
----------------- Done invoking toplevel() on ptolemy.moml.MoMLSimpleApplication@5bbc871a
reloadAllAccessors: .CaseString2

===========================================================================================
----------------- testing Wed Jun 20 16:34:18 UTC 2018 /home/travis/build/icyphy/ptII/ptolemy/actor/lib/hoc/test/auto/CatchUpComposite1.xml
----------------- Instantiating /home/travis/build/icyphy/ptII/ptolemy/actor/lib/hoc/test/auto/CatchUpComposite1.xml
23 ms. Memory: 208384K Free: 177104K (85%)
----------------- Invoking toplevel() on ptolemy.moml.MoMLSimpleApplication@1a04e5cc
----------------- Done invoking toplevel() on ptolemy.moml.MoMLSimpleApplication@1a04e5cc
reloadAllAccessors: .CatchUpComposite1

===========================================================================================
----------------- testing Wed Jun 20 16:34:18 UTC 2018 /home/travis/build/icyphy/ptII/ptolemy/actor/lib/hoc/test/auto/CatchUpComposite2.xml
----------------- Instantiating /home/travis/build/icyphy/ptII/ptolemy/actor/lib/hoc/test/auto/CatchUpComposite2.xml
17 ms. Memory: 208384K Free: 167840K (81%)
----------------- Invoking toplevel() on ptolemy.moml.MoMLSimpleApplication@5c307dd5
----------------- Done invoking toplevel() on ptolemy.moml.MoMLSimpleApplication@5c307dd5
reloadAllAccessors: .CatchUpComposite2

===========================================================================================
----------------- testing Wed Jun 20 16:34:18 UTC 2018 /home/travis/build/icyphy/ptII/ptolemy/actor/lib/hoc/test/auto/CatchUpComposite3.xml
----------------- Instantiating /home/travis/build/icyphy/ptII/ptolemy/actor/lib/hoc/test/auto/CatchUpComposite3.xml
12 ms. Memory: 208384K Free: 157033K (75%)
----------------- Invoking toplevel() on ptolemy.moml.MoMLSimpleApplication@39d1c49
----------------- Done invoking toplevel() on ptolemy.moml.MoMLSimpleApplication@39d1c49
reloadAllAccessors: .CatchUpComposite3

===========================================================================================
----------------- testing Wed Jun 20 16:34:18 UTC 2018 /home/travis/build/icyphy/ptII/ptolemy/actor/lib/hoc/test/auto/CatchUpComposite4.xml
----------------- Instantiating /home/travis/build/icyphy/ptII/ptolemy/actor/lib/hoc/test/auto/CatchUpComposite4.xml
18 ms. Memory: 208384K Free: 147768K (71%)
----------------- Invoking toplevel() on ptolemy.moml.MoMLSimpleApplication@3563eaee
----------------- Done invoking toplevel() on ptolemy.moml.MoMLSimpleApplication@3563eaee
reloadAllAccessors: .CatchUpComposite4

===========================================================================================
----------------- testing Wed Jun 20 16:34:18 UTC 2018 /home/travis/build/icyphy/ptII/ptolemy/actor/lib/hoc/test/auto/CatchUpComposite5.xml
----------------- Instantiating /home/travis/build/icyphy/ptII/ptolemy/actor/lib/hoc/test/auto/CatchUpComposite5.xml
9 ms. Memory: 208384K Free: 139134K (67%)
----------------- Invoking toplevel() on ptolemy.moml.MoMLSimpleApplication@75b80043
----------------- Done invoking toplevel() on ptolemy.moml.MoMLSimpleApplication@75b80043
reloadAllAccessors: .CatchUpComposite5

===========================================================================================
----------------- testing Wed Jun 20 16:34:18 UTC 2018 /home/travis/build/icyphy/ptII/ptolemy/actor/lib/hoc/test/auto/CatchUpComposite6.xml
----------------- Instantiating /home/travis/build/icyphy/ptII/ptolemy/actor/lib/hoc/test/auto/CatchUpComposite6.xml
WARNING: The execution aspects in this model can influence the timing of actors by delaying the 
execution, potentially changing the behavior. There is no guarantee that actors fire at the 
time they request to be fired. 
Use Ptides for deterministic DE behavior that is not influenced by execution aspects. 

95 ms. Memory: 208384K Free: 120275K (58%)
----------------- Invoking toplevel() on ptolemy.moml.MoMLSimpleApplication@46c8ad4e
----------------- Done invoking toplevel() on ptolemy.moml.MoMLSimpleApplication@46c8ad4e
reloadAllAccessors: .CatchUpComposite6

===========================================================================================
----------------- testing Wed Jun 20 16:34:19 UTC 2018 /home/travis/build/icyphy/ptII/ptolemy/actor/lib/hoc/test/auto/CatchUpComposite7.xml
----------------- Instantiating /home/travis/build/icyphy/ptII/ptolemy/actor/lib/hoc/test/auto/CatchUpComposite7.xml
WARNING: The execution aspects in this model can influence the timing of actors by delaying the 
execution, potentially changing the behavior. There is no guarantee that actors fire at the 
time they request to be fired. 
Use Ptides for deterministic DE behavior that is not influenced by execution aspects. 

40 ms. Memory: 208384K Free: 103508K (50%)
----------------- Invoking toplevel() on ptolemy.moml.MoMLSimpleApplication@4554d86
----------------- Done invoking toplevel() on ptolemy.moml.MoMLSimpleApplication@4554d86
reloadAllAccessors: .CatchUpComposite7

===========================================================================================
----------------- testing Wed Jun 20 16:34:19 UTC 2018 /home/travis/build/icyphy/ptII/ptolemy/actor/lib/hoc/test/auto/ConcurrentExecutionTimeSDF.xml
----------------- Instantiating /home/travis/build/icyphy/ptII/ptolemy/actor/lib/hoc/test/auto/ConcurrentExecutionTimeSDF.xml
Fired ExecutionTime: 40400000
Fired ExecutionTime: 40400000
Fired ExecutionTime: 40400000
Fired ExecutionTime: 40400000
Fired ExecutionTime: 40400000
Fired ExecutionTime: 40400000
Fired ExecutionTime: 40400000
Fired ExecutionTime: 40400000
Fired ExecutionTime: 40400000
Fired ExecutionTime: 40400000
Fired ExecutionTime: 40400000
Fired ExecutionTime: 40400000
Fired ExecutionTime: 40400000
Fired ExecutionTime: 40400000
Fired ExecutionTime: 40400000
Fired ExecutionTime: 40400000
Fired ExecutionTime: 40400000
Fired ExecutionTime: 40400000
Fired ExecutionTime: 40400000
Fired ExecutionTime: 40400000
1639 ms. Memory: 208384K Free: 94874K (46%)
----------------- Invoking toplevel() on ptolemy.moml.MoMLSimpleApplication@10e49941
----------------- Done invoking toplevel() on ptolemy.moml.MoMLSimpleApplication@10e49941
reloadAllAccessors: .ConcurrentExecutionTimeSDF

===========================================================================================
----------------- testing Wed Jun 20 16:34:20 UTC 2018 /home/travis/build/icyphy/ptII/ptolemy/actor/lib/hoc/test/auto/ConcurrentSleep.xml
----------------- Instantiating /home/travis/build/icyphy/ptII/ptolemy/actor/lib/hoc/test/auto/ConcurrentSleep.xml
741 ms. Memory: 208384K Free: 80466K (39%)
----------------- Invoking toplevel() on ptolemy.moml.MoMLSimpleApplication@24fa43f8
----------------- Done invoking toplevel() on ptolemy.moml.MoMLSimpleApplication@24fa43f8
reloadAllAccessors: .ConcurrentSleep

===========================================================================================
----------------- testing Wed Jun 20 16:34:21 UTC 2018 /home/travis/build/icyphy/ptII/ptolemy/actor/lib/hoc/test/auto/DEInPNInRunCompositeActor.xml
----------------- Instantiating /home/travis/build/icyphy/ptII/ptolemy/actor/lib/hoc/test/auto/DEInPNInRunCompositeActor.xml
16 ms. Memory: 208384K Free: 195721K (94%)
----------------- Invoking toplevel() on ptolemy.moml.MoMLSimpleApplication@51391aa3
----------------- Done invoking toplevel() on ptolemy.moml.MoMLSimpleApplication@51391aa3
reloadAllAccessors: .DEInPNInRunCompositeActor

===========================================================================================
----------------- testing Wed Jun 20 16:34:21 UTC 2018 /home/travis/build/icyphy/ptII/ptolemy/actor/lib/hoc/test/auto/DFTSubSetTest.xml
----------------- Instantiating /home/travis/build/icyphy/ptII/ptolemy/actor/lib/hoc/test/auto/DFTSubSetTest.xml
125 ms. Memory: 208384K Free: 147451K (71%)
----------------- Invoking toplevel() on ptolemy.moml.MoMLSimpleApplication@12cad80b
----------------- Done invoking toplevel() on ptolemy.moml.MoMLSimpleApplication@12cad80b
reloadAllAccessors: .DFTSubSetTest

===========================================================================================
----------------- testing Wed Jun 20 16:34:22 UTC 2018 /home/travis/build/icyphy/ptII/ptolemy/actor/lib/hoc/test/auto/HocDE.xml
----------------- Instantiating /home/travis/build/icyphy/ptII/ptolemy/actor/lib/hoc/test/auto/HocDE.xml
149 ms. Memory: 208384K Free: 120401K (58%)
----------------- Invoking toplevel() on ptolemy.moml.MoMLSimpleApplication@7272dbd2
----------------- Done invoking toplevel() on ptolemy.moml.MoMLSimpleApplication@7272dbd2
reloadAllAccessors: .HocDE

===========================================================================================
----------------- testing Wed Jun 20 16:34:22 UTC 2018 /home/travis/build/icyphy/ptII/ptolemy/actor/lib/hoc/test/auto/IterateOverArray.xml
----------------- Instantiating /home/travis/build/icyphy/ptII/ptolemy/actor/lib/hoc/test/auto/IterateOverArray.xml
6 ms. Memory: 208384K Free: 114015K (55%)
----------------- Invoking toplevel() on ptolemy.moml.MoMLSimpleApplication@4d161170
----------------- Done invoking toplevel() on ptolemy.moml.MoMLSimpleApplication@4d161170
reloadAllAccessors: .IterateOverArray

===========================================================================================
----------------- testing Wed Jun 20 16:34:22 UTC 2018 /home/travis/build/icyphy/ptII/ptolemy/actor/lib/hoc/test/auto/IterateOverArray10.xml
----------------- Instantiating /home/travis/build/icyphy/ptII/ptolemy/actor/lib/hoc/test/auto/IterateOverArray10.xml
3 ms. Memory: 208384K Free: 109919K (53%)
----------------- Invoking toplevel() on ptolemy.moml.MoMLSimpleApplication@131bb316
----------------- Done invoking toplevel() on ptolemy.moml.MoMLSimpleApplication@131bb316
reloadAllAccessors: .IterateOverArray10

===========================================================================================
----------------- testing Wed Jun 20 16:34:22 UTC 2018 /home/travis/build/icyphy/ptII/ptolemy/actor/lib/hoc/test/auto/IterateOverArray11.xml
----------------- Instantiating /home/travis/build/icyphy/ptII/ptolemy/actor/lib/hoc/test/auto/IterateOverArray11.xml
5 ms. Memory: 208384K Free: 104369K (50%)
----------------- Invoking toplevel() on ptolemy.moml.MoMLSimpleApplication@8086472
----------------- Done invoking toplevel() on ptolemy.moml.MoMLSimpleApplication@8086472
reloadAllAccessors: .IterateOverArray11

===========================================================================================
----------------- testing Wed Jun 20 16:34:22 UTC 2018 /home/travis/build/icyphy/ptII/ptolemy/actor/lib/hoc/test/auto/IterateOverArray12.xml
----------------- Instantiating /home/travis/build/icyphy/ptII/ptolemy/actor/lib/hoc/test/auto/IterateOverArray12.xml
20 ms. Memory: 208384K Free: 97814K (47%)
----------------- Invoking toplevel() on ptolemy.moml.MoMLSimpleApplication@3a4b3615
----------------- Done invoking toplevel() on ptolemy.moml.MoMLSimpleApplication@3a4b3615
reloadAllAccessors: .IterateOverArray12

===========================================================================================
----------------- testing Wed Jun 20 16:34:22 UTC 2018 /home/travis/build/icyphy/ptII/ptolemy/actor/lib/hoc/test/auto/IterateOverArray13.xml
----------------- Instantiating /home/travis/build/icyphy/ptII/ptolemy/actor/lib/hoc/test/auto/IterateOverArray13.xml
83 ms. Memory: 331264K Free: 311804K (94%)
----------------- Invoking toplevel() on ptolemy.moml.MoMLSimpleApplication@722b2dfb
----------------- Done invoking toplevel() on ptolemy.moml.MoMLSimpleApplication@722b2dfb
reloadAllAccessors: .IterateOverArray13

===========================================================================================
----------------- testing Wed Jun 20 16:34:22 UTC 2018 /home/travis/build/icyphy/ptII/ptolemy/actor/lib/hoc/test/auto/IterateOverArray14.xml
----------------- Instantiating /home/travis/build/icyphy/ptII/ptolemy/actor/lib/hoc/test/auto/IterateOverArray14.xml
59 ms. Memory: 331264K Free: 275064K (83%)
----------------- Invoking toplevel() on ptolemy.moml.MoMLSimpleApplication@383d0b4f
----------------- Done invoking toplevel() on ptolemy.moml.MoMLSimpleApplication@383d0b4f
reloadAllAccessors: .IterateOverArray14

===========================================================================================
----------------- testing Wed Jun 20 16:34:22 UTC 2018 /home/travis/build/icyphy/ptII/ptolemy/actor/lib/hoc/test/auto/IterateOverArray2.xml
----------------- Instantiating /home/travis/build/icyphy/ptII/ptolemy/actor/lib/hoc/test/auto/IterateOverArray2.xml
8 ms. Memory: 331264K Free: 268538K (81%)
----------------- Invoking toplevel() on ptolemy.moml.MoMLSimpleApplication@3f32d273
----------------- Done invoking toplevel() on ptolemy.moml.MoMLSimpleApplication@3f32d273
reloadAllAccessors: .IterateOverArray2

===========================================================================================
----------------- testing Wed Jun 20 16:34:22 UTC 2018 /home/travis/build/icyphy/ptII/ptolemy/actor/lib/hoc/test/auto/IterateOverArray3.xml
----------------- Instantiating /home/travis/build/icyphy/ptII/ptolemy/actor/lib/hoc/test/auto/IterateOverArray3.xml
10 ms. Memory: 331264K Free: 259534K (78%)
----------------- Invoking toplevel() on ptolemy.moml.MoMLSimpleApplication@3a505b90
----------------- Done invoking toplevel() on ptolemy.moml.MoMLSimpleApplication@3a505b90
reloadAllAccessors: .IterateOverArray3

===========================================================================================
----------------- testing Wed Jun 20 16:34:22 UTC 2018 /home/travis/build/icyphy/ptII/ptolemy/actor/lib/hoc/test/auto/IterateOverArray4.xml
----------------- Instantiating /home/travis/build/icyphy/ptII/ptolemy/actor/lib/hoc/test/auto/IterateOverArray4.xml
4 ms. Memory: 331264K Free: 254640K (77%)
----------------- Invoking toplevel() on ptolemy.moml.MoMLSimpleApplication@13e6fe6c
----------------- Done invoking toplevel() on ptolemy.moml.MoMLSimpleApplication@13e6fe6c
reloadAllAccessors: .IterateOverArray4

===========================================================================================
----------------- testing Wed Jun 20 16:34:22 UTC 2018 /home/travis/build/icyphy/ptII/ptolemy/actor/lib/hoc/test/auto/IterateOverArray5.xml
----------------- Instantiating /home/travis/build/icyphy/ptII/ptolemy/actor/lib/hoc/test/auto/IterateOverArray5.xml
3 ms. Memory: 331264K Free: 249745K (75%)
----------------- Invoking toplevel() on ptolemy.moml.MoMLSimpleApplication@23a45c38
----------------- Done invoking toplevel() on ptolemy.moml.MoMLSimpleApplication@23a45c38
reloadAllAccessors: .IterateOverArray5

===========================================================================================
----------------- testing Wed Jun 20 16:34:22 UTC 2018 /home/travis/build/icyphy/ptII/ptolemy/actor/lib/hoc/test/auto/IterateOverArray6.xml
----------------- Instantiating /home/travis/build/icyphy/ptII/ptolemy/actor/lib/hoc/test/auto/IterateOverArray6.xml
2 ms. Memory: 331264K Free: 244005K (74%)
----------------- Invoking toplevel() on ptolemy.moml.MoMLSimpleApplication@320ea574
----------------- Done invoking toplevel() on ptolemy.moml.MoMLSimpleApplication@320ea574
reloadAllAccessors: .IterateOverArray6

===========================================================================================
----------------- testing Wed Jun 20 16:34:22 UTC 2018 /home/travis/build/icyphy/ptII/ptolemy/actor/lib/hoc/test/auto/IterateOverArray7.xml
----------------- Instantiating /home/travis/build/icyphy/ptII/ptolemy/actor/lib/hoc/test/auto/IterateOverArray7.xml
4 ms. Memory: 331264K Free: 239110K (72%)
----------------- Invoking toplevel() on ptolemy.moml.MoMLSimpleApplication@22105257
----------------- Done invoking toplevel() on ptolemy.moml.MoMLSimpleApplication@22105257
reloadAllAccessors: .IterateOverArray7

===========================================================================================
----------------- testing Wed Jun 20 16:34:22 UTC 2018 /home/travis/build/icyphy/ptII/ptolemy/actor/lib/hoc/test/auto/IterateOverArray8.xml
----------------- Instantiating /home/travis/build/icyphy/ptII/ptolemy/actor/lib/hoc/test/auto/IterateOverArray8.xml
3 ms. Memory: 331264K Free: 233371K (70%)
----------------- Invoking toplevel() on ptolemy.moml.MoMLSimpleApplication@67b197d7
----------------- Done invoking toplevel() on ptolemy.moml.MoMLSimpleApplication@67b197d7
reloadAllAccessors: .IterateOverArray8

===========================================================================================
----------------- testing Wed Jun 20 16:34:22 UTC 2018 /home/travis/build/icyphy/ptII/ptolemy/actor/lib/hoc/test/auto/IterateOverArray9.xml
----------------- Instantiating /home/travis/build/icyphy/ptII/ptolemy/actor/lib/hoc/test/auto/IterateOverArray9.xml
6 ms. Memory: 331264K Free: 228476K (69%)
----------------- Invoking toplevel() on ptolemy.moml.MoMLSimpleApplication@13ae527f
----------------- Done invoking toplevel() on ptolemy.moml.MoMLSimpleApplication@13ae527f
reloadAllAccessors: .IterateOverArray9

===========================================================================================
----------------- testing Wed Jun 20 16:34:22 UTC 2018 /home/travis/build/icyphy/ptII/ptolemy/actor/lib/hoc/test/auto/IterateOverArrayCoercedOutputType.xml
----------------- Instantiating /home/travis/build/icyphy/ptII/ptolemy/actor/lib/hoc/test/auto/IterateOverArrayCoercedOutputType.xml
4 ms. Memory: 331264K Free: 221949K (67%)
----------------- Invoking toplevel() on ptolemy.moml.MoMLSimpleApplication@216f9d54
----------------- Done invoking toplevel() on ptolemy.moml.MoMLSimpleApplication@216f9d54
reloadAllAccessors: .IterateOverArrayCoercedOutputType

===========================================================================================
----------------- testing Wed Jun 20 16:34:22 UTC 2018 /home/travis/build/icyphy/ptII/ptolemy/actor/lib/hoc/test/auto/IterateOverArrayInferredOutputType.xml
----------------- Instantiating /home/travis/build/icyphy/ptII/ptolemy/actor/lib/hoc/test/auto/IterateOverArrayInferredOutputType.xml
8 ms. Memory: 331264K Free: 214578K (65%)
----------------- Invoking toplevel() on ptolemy.moml.MoMLSimpleApplication@76ddbcd1
----------------- Done invoking toplevel() on ptolemy.moml.MoMLSimpleApplication@76ddbcd1
reloadAllAccessors: .IterateOverArrayInferredOutputType

===========================================================================================
----------------- testing Wed Jun 20 16:34:22 UTC 2018 /home/travis/build/icyphy/ptII/ptolemy/actor/lib/hoc/test/auto/MobileFunctionTest.xml
----------------- Instantiating /home/travis/build/icyphy/ptII/ptolemy/actor/lib/hoc/test/auto/MobileFunctionTest.xml
3 ms. Memory: 331264K Free: 208020K (63%)
----------------- Invoking toplevel() on ptolemy.moml.MoMLSimpleApplication@22c5a807
----------------- Done invoking toplevel() on ptolemy.moml.MoMLSimpleApplication@22c5a807
reloadAllAccessors: .MobileFunctionTest

===========================================================================================
----------------- testing Wed Jun 20 16:34:22 UTC 2018 /home/travis/build/icyphy/ptII/ptolemy/actor/lib/hoc/test/auto/MobileModelTest.xml
----------------- Instantiating /home/travis/build/icyphy/ptII/ptolemy/actor/lib/hoc/test/auto/MobileModelTest.xml
70 ms. Memory: 331264K Free: 186791K (56%)
----------------- Invoking toplevel() on ptolemy.moml.MoMLSimpleApplication@a178e6d
----------------- Done invoking toplevel() on ptolemy.moml.MoMLSimpleApplication@a178e6d
reloadAllAccessors: .MobileModelTest

===========================================================================================
----------------- testing Wed Jun 20 16:34:23 UTC 2018 /home/travis/build/icyphy/ptII/ptolemy/actor/lib/hoc/test/auto/ModelReference.xml
----------------- Instantiating /home/travis/build/icyphy/ptII/ptolemy/actor/lib/hoc/test/auto/ModelReference.xml
3 ms. Memory: 331264K Free: 176157K (53%)
2 ms. Memory: 331264K Free: 176157K (53%)
3 ms. Memory: 331264K Free: 174525K (53%)
1 ms. Memory: 331264K Free: 174525K (53%)
1 ms. Memory: 331264K Free: 172893K (52%)
2 ms. Memory: 331264K Free: 172893K (52%)
2 ms. Memory: 331264K Free: 171262K (52%)
2 ms. Memory: 331264K Free: 171262K (52%)
6 ms. Memory: 331264K Free: 169630K (51%)
4 ms. Memory: 331264K Free: 169630K (51%)
32 ms. Memory: 331264K Free: 169630K (51%)
----------------- Invoking toplevel() on ptolemy.moml.MoMLSimpleApplication@f8a2e5
----------------- Done invoking toplevel() on ptolemy.moml.MoMLSimpleApplication@f8a2e5
reloadAllAccessors: .ModelReference

===========================================================================================
----------------- testing Wed Jun 20 16:34:23 UTC 2018 /home/travis/build/icyphy/ptII/ptolemy/actor/lib/hoc/test/auto/ModelReference3.xml
----------------- Instantiating /home/travis/build/icyphy/ptII/ptolemy/actor/lib/hoc/test/auto/ModelReference3.xml
1 ms. Memory: 331264K Free: 164736K (50%)
5 ms. Memory: 331264K Free: 163104K (49%)
1 ms. Memory: 331264K Free: 163104K (49%)
3 ms. Memory: 331264K Free: 161472K (49%)
2 ms. Memory: 331264K Free: 161472K (49%)
1 ms. Memory: 331264K Free: 159841K (48%)
2 ms. Memory: 331264K Free: 159841K (48%)
3 ms. Memory: 331264K Free: 158209K (48%)
4 ms. Memory: 331264K Free: 158209K (48%)
2 ms. Memory: 331264K Free: 156578K (47%)
32 ms. Memory: 331264K Free: 156578K (47%)
----------------- Invoking toplevel() on ptolemy.moml.MoMLSimpleApplication@38a2c061
----------------- Done invoking toplevel() on ptolemy.moml.MoMLSimpleApplication@38a2c061
reloadAllAccessors: .ModelReference3

===========================================================================================
----------------- testing Wed Jun 20 16:34:23 UTC 2018 /home/travis/build/icyphy/ptII/ptolemy/actor/lib/hoc/test/auto/ModelReference4.xml
----------------- Instantiating /home/travis/build/icyphy/ptII/ptolemy/actor/lib/hoc/test/auto/ModelReference4.xml
2 ms. Memory: 331264K Free: 149207K (45%)
3 ms. Memory: 331264K Free: 142680K (43%)
2 ms. Memory: 331264K Free: 141049K (43%)
2 ms. Memory: 331264K Free: 139417K (42%)
4 ms. Memory: 331264K Free: 136138K (41%)
8 ms. Memory: 331264K Free: 134506K (41%)
3 ms. Memory: 331264K Free: 132875K (40%)
2 ms. Memory: 331264K Free: 131243K (40%)
2 ms. Memory: 331264K Free: 129612K (39%)
2 ms. Memory: 331264K Free: 127980K (39%)
10014 ms. Memory: 331264K Free: 127980K (39%)
----------------- Invoking toplevel() on ptolemy.moml.MoMLSimpleApplication@337b147
----------------- Done invoking toplevel() on ptolemy.moml.MoMLSimpleApplication@337b147
reloadAllAccessors: .ModelReference4

===========================================================================================
----------------- testing Wed Jun 20 16:34:33 UTC 2018 /home/travis/build/icyphy/ptII/ptolemy/actor/lib/hoc/test/auto/MultiInstanceComposite.xml
----------------- Instantiating /home/travis/build/icyphy/ptII/ptolemy/actor/lib/hoc/test/auto/MultiInstanceComposite.xml
24 ms. Memory: 331264K Free: 109984K (33%)
----------------- Invoking toplevel() on ptolemy.moml.MoMLSimpleApplication@5192fc4e
----------------- Done invoking toplevel() on ptolemy.moml.MoMLSimpleApplication@5192fc4e
reloadAllAccessors: .MultiInstanceComposite

===========================================================================================
----------------- testing Wed Jun 20 16:34:33 UTC 2018 /home/travis/build/icyphy/ptII/ptolemy/actor/lib/hoc/test/auto/MultiInstanceComposite2.xml
----------------- Instantiating /home/travis/build/icyphy/ptII/ptolemy/actor/lib/hoc/test/auto/MultiInstanceComposite2.xml
27 ms. Memory: 331264K Free: 96851K (29%)
----------------- Invoking toplevel() on ptolemy.moml.MoMLSimpleApplication@7949c938
----------------- Done invoking toplevel() on ptolemy.moml.MoMLSimpleApplication@7949c938
reloadAllAccessors: .MultiInstanceComposite2

===========================================================================================
----------------- testing Wed Jun 20 16:34:33 UTC 2018 /home/travis/build/icyphy/ptII/ptolemy/actor/lib/hoc/test/auto/MulticoreExecution.xml
----------------- Instantiating /home/travis/build/icyphy/ptII/ptolemy/actor/lib/hoc/test/auto/MulticoreExecution.xml
Fired ExecutionTime: 10400000
Fired ExecutionTime: 15200000
Fired ExecutionTime: 33600000
Fired ExecutionTime: 51600000
Fired ExecutionTime: 66800000
Fired ExecutionTime: 67200000
Fired ExecutionTime: 65600000
Fired ExecutionTime: 67200000
Fired ExecutionTime: 66800000
Fired ExecutionTime: 66800000
Fired ExecutionTime: 66400000
Fired ExecutionTime: 66400000
Fired ExecutionTime: 66400000
Fired ExecutionTime: 66800000
Fired ExecutionTime: 64400000
Fired ExecutionTime: 73200000
Fired ExecutionTime: 105200000
Fired ExecutionTime: 104400000
Fired ExecutionTime: 108000000
Fired ExecutionTime: 110800000
1060 ms. Memory: 331264K Free: 81290K (25%)
----------------- Invoking toplevel() on ptolemy.moml.MoMLSimpleApplication@ac9dbdf
----------------- Done invoking toplevel() on ptolemy.moml.MoMLSimpleApplication@ac9dbdf
reloadAllAccessors: .MulticoreExecution

===========================================================================================
----------------- testing Wed Jun 20 16:34:34 UTC 2018 /home/travis/build/icyphy/ptII/ptolemy/actor/lib/hoc/test/auto/ParallelExecution.xml
----------------- Instantiating /home/travis/build/icyphy/ptII/ptolemy/actor/lib/hoc/test/auto/ParallelExecution.xml
911 ms. Memory: 332288K Free: 313949K (94%)
----------------- Invoking toplevel() on ptolemy.moml.MoMLSimpleApplication@36469f9b
----------------- Done invoking toplevel() on ptolemy.moml.MoMLSimpleApplication@36469f9b
reloadAllAccessors: .ParallelExecution

===========================================================================================
----------------- testing Wed Jun 20 16:34:35 UTC 2018 /home/travis/build/icyphy/ptII/ptolemy/actor/lib/hoc/test/auto/RunCompositeActor.xml
----------------- Instantiating /home/travis/build/icyphy/ptII/ptolemy/actor/lib/hoc/test/auto/RunCompositeActor.xml
7 ms. Memory: 332288K Free: 305166K (92%)
----------------- Invoking toplevel() on ptolemy.moml.MoMLSimpleApplication@3e4433bf
----------------- Done invoking toplevel() on ptolemy.moml.MoMLSimpleApplication@3e4433bf
reloadAllAccessors: .RunCompositeActor

===========================================================================================
----------------- testing Wed Jun 20 16:34:35 UTC 2018 /home/travis/build/icyphy/ptII/ptolemy/actor/lib/hoc/test/auto/RunCompositeActor2.xml
----------------- Instantiating /home/travis/build/icyphy/ptII/ptolemy/actor/lib/hoc/test/auto/RunCompositeActor2.xml
4 ms. Memory: 332288K Free: 296415K (89%)
----------------- Invoking toplevel() on ptolemy.moml.MoMLSimpleApplication@46dd45e3
----------------- Done invoking toplevel() on ptolemy.moml.MoMLSimpleApplication@46dd45e3
reloadAllAccessors: .RunCompositeActor2

===========================================================================================
----------------- testing Wed Jun 20 16:34:35 UTC 2018 /home/travis/build/icyphy/ptII/ptolemy/actor/lib/hoc/test/auto/RunCompositeActor3.xml
----------------- Instantiating /home/travis/build/icyphy/ptII/ptolemy/actor/lib/hoc/test/auto/RunCompositeActor3.xml
3 ms. Memory: 332288K Free: 289881K (87%)
----------------- Invoking toplevel() on ptolemy.moml.MoMLSimpleApplication@4e010e8d
----------------- Done invoking toplevel() on ptolemy.moml.MoMLSimpleApplication@4e010e8d
reloadAllAccessors: .RunCompositeActor3

===========================================================================================
----------------- testing Wed Jun 20 16:34:35 UTC 2018 /home/travis/build/icyphy/ptII/ptolemy/actor/lib/hoc/test/auto/RunCompositeActor4.xml
----------------- Instantiating /home/travis/build/icyphy/ptII/ptolemy/actor/lib/hoc/test/auto/RunCompositeActor4.xml
9 ms. Memory: 332288K Free: 280921K (85%)
----------------- Invoking toplevel() on ptolemy.moml.MoMLSimpleApplication@10e1573
----------------- Done invoking toplevel() on ptolemy.moml.MoMLSimpleApplication@10e1573
reloadAllAccessors: .RunCompositeActor4

===========================================================================================
----------------- testing Wed Jun 20 16:34:35 UTC 2018 /home/travis/build/icyphy/ptII/ptolemy/actor/lib/hoc/test/auto/RunCompositeIterateOverArray.xml
----------------- Instantiating /home/travis/build/icyphy/ptII/ptolemy/actor/lib/hoc/test/auto/RunCompositeIterateOverArray.xml
5 ms. Memory: 332288K Free: 272747K (82%)
----------------- Invoking toplevel() on ptolemy.moml.MoMLSimpleApplication@13085404
----------------- Done invoking toplevel() on ptolemy.moml.MoMLSimpleApplication@13085404
reloadAllAccessors: .RunCompositeIterateOverArray

===========================================================================================
----------------- testing Wed Jun 20 16:34:35 UTC 2018 /home/travis/build/icyphy/ptII/ptolemy/actor/lib/hoc/test/auto/ThreadedJS.xml
----------------- Instantiating /home/travis/build/icyphy/ptII/ptolemy/actor/lib/hoc/test/auto/ThreadedJS.xml
1971 ms. Memory: 540672K Free: 169656K (31%)
----------------- Invoking toplevel() on ptolemy.moml.MoMLSimpleApplication@1ae3996e
----------------- Done invoking toplevel() on ptolemy.moml.MoMLSimpleApplication@1ae3996e
reloadAllAccessors: .ThreadedJS
AutoTests.java: About to close Vertx.
AutoTests.java: Vertx closed.
]]></system-out>
  <system-err><![CDATA[java.lang.RuntimeException: Execution failed
	at ptolemy.moml.MoMLSimpleApplication$UnloadThread.run(MoMLSimpleApplication.java:402)
Caused by: ptolemy.kernel.util.IllegalActionException: initialize() was called after wrapup() was called but preinitialize() was not called after wrapup().
	at ptolemy.actor.lib.hoc.test.PreinitializeMustBeInvoked.initialize(PreinitializeMustBeInvoked.java:78)
	at ptolemy.actor.Director.initialize(Director.java:938)
	at ptolemy.actor.Director.initialize(Director.java:907)
	at ptolemy.actor.sched.StaticSchedulingDirector.initialize(StaticSchedulingDirector.java:159)
	at ptolemy.domains.sdf.kernel.SDFDirector.initialize(SDFDirector.java:544)
	at ptolemy.actor.CompositeActor.initialize(CompositeActor.java:935)
	at ptolemy.actor.lib.hoc.LifeCycleManager._executeInsideModel(LifeCycleManager.java:339)
	at ptolemy.actor.lib.hoc.RunCompositeActor.fire(RunCompositeActor.java:205)
	at ptolemy.actor.CompositeActor.iterate(CompositeActor.java:1146)
	at ptolemy.actor.sched.StaticSchedulingDirector.fire(StaticSchedulingDirector.java:216)
	at ptolemy.domains.sdf.kernel.SDFDirector.fire(SDFDirector.java:500)
	at ptolemy.actor.CompositeActor.fire(CompositeActor.java:455)
	at ptolemy.actor.Manager.iterate(Manager.java:851)
	at ptolemy.actor.Manager.execute(Manager.java:369)
	at ptolemy.actor.Manager.run(Manager.java:1263)
	at ptolemy.actor.Manager$PtolemyRunThread.run(Manager.java:1915)
java.lang.reflect.InvocationTargetException
	at sun.reflect.NativeConstructorAccessorImpl.newInstance0(Native Method)
	at sun.reflect.NativeConstructorAccessorImpl.newInstance(NativeConstructorAccessorImpl.java:62)
	at sun.reflect.DelegatingConstructorAccessorImpl.newInstance(DelegatingConstructorAccessorImpl.java:45)
	at java.lang.reflect.Constructor.newInstance(Constructor.java:423)
	at ptolemy.util.test.junit.AutoKnownFailedTests.RunModel(AutoKnownFailedTests.java:107)
	at sun.reflect.NativeMethodAccessorImpl.invoke0(Native Method)
	at sun.reflect.NativeMethodAccessorImpl.invoke(NativeMethodAccessorImpl.java:62)
	at sun.reflect.DelegatingMethodAccessorImpl.invoke(DelegatingMethodAccessorImpl.java:43)
	at java.lang.reflect.Method.invoke(Method.java:498)
	at org.junit.runners.model.FrameworkMethod$1.runReflectiveCall(FrameworkMethod.java:44)
	at org.junit.internal.runners.model.ReflectiveCallable.run(ReflectiveCallable.java:15)
	at org.junit.runners.model.FrameworkMethod.invokeExplosively(FrameworkMethod.java:41)
	at junitparams.internal.InvokeParameterisedMethod.evaluate(InvokeParameterisedMethod.java:102)
	at org.junit.internal.runners.statements.FailOnTimeout$1.run(FailOnTimeout.java:28)
Caused by: ptolemy.kernel.util.IllegalActionException: initialize() was called after wrapup() was called but preinitialize() was not called after wrapup().
	at ptolemy.actor.lib.hoc.test.PreinitializeMustBeInvoked.initialize(PreinitializeMustBeInvoked.java:78)
	at ptolemy.actor.Director.initialize(Director.java:938)
	at ptolemy.actor.Director.initialize(Director.java:907)
	at ptolemy.actor.sched.StaticSchedulingDirector.initialize(StaticSchedulingDirector.java:159)
	at ptolemy.domains.sdf.kernel.SDFDirector.initialize(SDFDirector.java:544)
	at ptolemy.actor.CompositeActor.initialize(CompositeActor.java:935)
	at ptolemy.actor.lib.hoc.LifeCycleManager._executeInsideModel(LifeCycleManager.java:339)
	at ptolemy.actor.lib.hoc.RunCompositeActor.fire(RunCompositeActor.java:205)
	at ptolemy.actor.CompositeActor.iterate(CompositeActor.java:1146)
	at ptolemy.actor.sched.StaticSchedulingDirector.fire(StaticSchedulingDirector.java:216)
	at ptolemy.domains.sdf.kernel.SDFDirector.fire(SDFDirector.java:500)
	at ptolemy.actor.CompositeActor.fire(CompositeActor.java:455)
	at ptolemy.actor.Manager.iterate(Manager.java:851)
	at ptolemy.actor.Manager.execute(Manager.java:369)
	at ptolemy.actor.Manager.run(Manager.java:1263)
	at ptolemy.actor.Manager$PtolemyRunThread.run(Manager.java:1915)
]]></system-err>
</testsuite>
