<?xml version="1.0" encoding="UTF-8" ?>
<testsuite errors="0" failures="0" hostname="travis-job-a6add808-cf66-4b17-9e6e-1a311b822e34" name="ptolemy.domains.de.test.junit.JUnitTclTest" skipped="0" tests="101" time="119.544" timestamp="2020-10-10T15:46:12">
  <properties>
[...]
</properties>
  <testcase classname="ptolemy.util.test.junit.TclTests" name="[0] /home/travis/build/icyphy/ptII/ptolemy/domains/de/test/DependencyLoop.tcl (RunTclFile)" time="0.923" />
  <testcase classname="ptolemy.util.test.junit.TclTests" name="[1] /home/travis/build/icyphy/ptII/ptolemy/domains/de/test/RunDETestsAsQSS.tcl (RunTclFile)" time="80.503" />
  <testcase classname="ptolemy.util.test.junit.AutoKnownFailedTests" name="[0] /home/travis/build/icyphy/ptII/ptolemy/domains/de/test/auto/knownFailedTests/DESDFClockTest.xml (RunModel)" time="2.033" />
  <testcase classname="ptolemy.util.test.junit.AutoKnownFailedTests" name="[1] /home/travis/build/icyphy/ptII/ptolemy/domains/de/test/auto/knownFailedTests/DirectFeedback.xml (RunModel)" time="0.012" />
  <testcase classname="ptolemy.util.test.junit.AutoKnownFailedTests" name="[2] /home/travis/build/icyphy/ptII/ptolemy/domains/de/test/auto/knownFailedTests/FSMSource.xml (RunModel)" time="0.031" />
  <testcase classname="ptolemy.util.test.junit.AutoKnownFailedTests" name="[3] /home/travis/build/icyphy/ptII/ptolemy/domains/de/test/auto/knownFailedTests/HierarchicalModel.xml (RunModel)" time="0.038" />
  <testcase classname="ptolemy.util.test.junit.AutoKnownFailedTests" name="[4] /home/travis/build/icyphy/ptII/ptolemy/domains/de/test/auto/knownFailedTests/dependencyLoop.xml (RunModel)" time="0.045" />
  <testcase classname="ptolemy.util.test.junit.AutoKnownFailedTests" name="[5] /home/travis/build/icyphy/ptII/ptolemy/domains/de/test/auto/knownFailedTests/dependencyLoop2.xml (RunModel)" time="0.047" />
  <testcase classname="ptolemy.util.test.junit.AutoNameArchTests" name="[0] ThereAreNoAutoArchTests (RunModel)" time="0.001" />
  <testcase classname="ptolemy.util.test.junit.AutoTests" name="[0] /home/travis/build/icyphy/ptII/ptolemy/domains/de/test/auto/ActorDepthCalculation_actorWithoutPorts.xml (RunModel)" time="0.02" />
  <testcase classname="ptolemy.util.test.junit.AutoTests" name="[1] /home/travis/build/icyphy/ptII/ptolemy/domains/de/test/auto/AssemblyLine.xml (RunModel)" time="0.021" />
  <testcase classname="ptolemy.util.test.junit.AutoTests" name="[2] /home/travis/build/icyphy/ptII/ptolemy/domains/de/test/auto/CQBug1.xml (RunModel)" time="0.008" />
  <testcase classname="ptolemy.util.test.junit.AutoTests" name="[3] /home/travis/build/icyphy/ptII/ptolemy/domains/de/test/auto/CancelFireAt.xml (RunModel)" time="0.007" />
  <testcase classname="ptolemy.util.test.junit.AutoTests" name="[4] /home/travis/build/icyphy/ptII/ptolemy/domains/de/test/auto/CausalityAndComposabilityAnalysis.xml (RunModel)" time="0.019" />
  <testcase classname="ptolemy.util.test.junit.AutoTests" name="[5] /home/travis/build/icyphy/ptII/ptolemy/domains/de/test/auto/CausalityInterface1.xml (RunModel)" time="0.026" />
  <testcase classname="ptolemy.util.test.junit.AutoTests" name="[6] /home/travis/build/icyphy/ptII/ptolemy/domains/de/test/auto/CausalityInterface15.xml (RunModel)" time="0.015" />
  <testcase classname="ptolemy.util.test.junit.AutoTests" name="[7] /home/travis/build/icyphy/ptII/ptolemy/domains/de/test/auto/CausalityInterface2.xml (RunModel)" time="0.016" />
  <testcase classname="ptolemy.util.test.junit.AutoTests" name="[8] /home/travis/build/icyphy/ptII/ptolemy/domains/de/test/auto/CausalityInterface3.xml (RunModel)" time="0.017" />
  <testcase classname="ptolemy.util.test.junit.AutoTests" name="[9] /home/travis/build/icyphy/ptII/ptolemy/domains/de/test/auto/ClockDrift.xml (RunModel)" time="0.033" />
  <testcase classname="ptolemy.util.test.junit.AutoTests" name="[10] /home/travis/build/icyphy/ptII/ptolemy/domains/de/test/auto/ClockDriftAndValueChange.xml (RunModel)" time="0.026" />
  <testcase classname="ptolemy.util.test.junit.AutoTests" name="[11] /home/travis/build/icyphy/ptII/ptolemy/domains/de/test/auto/ClockDriftChange.xml (RunModel)" time="0.023" />
  <testcase classname="ptolemy.util.test.junit.AutoTests" name="[12] /home/travis/build/icyphy/ptII/ptolemy/domains/de/test/auto/ComposableCausalityAnalysis.xml (RunModel)" time="0.014" />
  <testcase classname="ptolemy.util.test.junit.AutoTests" name="[13] /home/travis/build/icyphy/ptII/ptolemy/domains/de/test/auto/DEFixedPointLimitation.xml (RunModel)" time="0.008" />
  <testcase classname="ptolemy.util.test.junit.AutoTests" name="[14] /home/travis/build/icyphy/ptII/ptolemy/domains/de/test/auto/DEScheduleTest.xml (RunModel)" time="0.015" />
  <testcase classname="ptolemy.util.test.junit.AutoTests" name="[15] /home/travis/build/icyphy/ptII/ptolemy/domains/de/test/auto/DEinDEwithStartTimes.xml (RunModel)" time="0.014" />
  <testcase classname="ptolemy.util.test.junit.AutoTests" name="[16] /home/travis/build/icyphy/ptII/ptolemy/domains/de/test/auto/DEinDEwithStartTimes2.xml (RunModel)" time="0.021" />
  <testcase classname="ptolemy.util.test.junit.AutoTests" name="[17] /home/travis/build/icyphy/ptII/ptolemy/domains/de/test/auto/DateDemo.xml (RunModel)" time="0.036" />
  <testcase classname="ptolemy.util.test.junit.AutoTests" name="[18] /home/travis/build/icyphy/ptII/ptolemy/domains/de/test/auto/DateToEvent.xml (RunModel)" time="2.044" />
  <testcase classname="ptolemy.util.test.junit.AutoTests" name="[19] /home/travis/build/icyphy/ptII/ptolemy/domains/de/test/auto/DepthTest1.xml (RunModel)" time="0.006" />
  <testcase classname="ptolemy.util.test.junit.AutoTests" name="[20] /home/travis/build/icyphy/ptII/ptolemy/domains/de/test/auto/DepthTest2.xml (RunModel)" time="0.019" />
  <testcase classname="ptolemy.util.test.junit.AutoTests" name="[21] /home/travis/build/icyphy/ptII/ptolemy/domains/de/test/auto/DepthTest3.xml (RunModel)" time="0.01" />
  <testcase classname="ptolemy.util.test.junit.AutoTests" name="[22] /home/travis/build/icyphy/ptII/ptolemy/domains/de/test/auto/DepthTest4.xml (RunModel)" time="0.018" />
  <testcase classname="ptolemy.util.test.junit.AutoTests" name="[23] /home/travis/build/icyphy/ptII/ptolemy/domains/de/test/auto/DepthTest5.xml (RunModel)" time="0.018" />
  <testcase classname="ptolemy.util.test.junit.AutoTests" name="[24] /home/travis/build/icyphy/ptII/ptolemy/domains/de/test/auto/DepthTest6.xml (RunModel)" time="0.011" />
  <testcase classname="ptolemy.util.test.junit.AutoTests" name="[25] /home/travis/build/icyphy/ptII/ptolemy/domains/de/test/auto/DepthTest7.xml (RunModel)" time="0.011" />
  <testcase classname="ptolemy.util.test.junit.AutoTests" name="[26] /home/travis/build/icyphy/ptII/ptolemy/domains/de/test/auto/EventToDate.xml (RunModel)" time="3.047" />
  <testcase classname="ptolemy.util.test.junit.AutoTests" name="[27] /home/travis/build/icyphy/ptII/ptolemy/domains/de/test/auto/FSM1.xml (RunModel)" time="0.047" />
  <testcase classname="ptolemy.util.test.junit.AutoTests" name="[28] /home/travis/build/icyphy/ptII/ptolemy/domains/de/test/auto/FSM7.xml (RunModel)" time="0.034" />
  <testcase classname="ptolemy.util.test.junit.AutoTests" name="[29] /home/travis/build/icyphy/ptII/ptolemy/domains/de/test/auto/Inspection.xml (RunModel)" time="0.044" />
  <testcase classname="ptolemy.util.test.junit.AutoTests" name="[30] /home/travis/build/icyphy/ptII/ptolemy/domains/de/test/auto/Iteration.xml (RunModel)" time="0.023" />
  <testcase classname="ptolemy.util.test.junit.AutoTests" name="[31] /home/travis/build/icyphy/ptII/ptolemy/domains/de/test/auto/LineFault.xml (RunModel)" time="0.532" />
  <testcase classname="ptolemy.util.test.junit.AutoTests" name="[32] /home/travis/build/icyphy/ptII/ptolemy/domains/de/test/auto/MergeModel1Add.xml (RunModel)" time="0.05" />
  <testcase classname="ptolemy.util.test.junit.AutoTests" name="[33] /home/travis/build/icyphy/ptII/ptolemy/domains/de/test/auto/MergeModel2Add.xml (RunModel)" time="0.035" />
  <testcase classname="ptolemy.util.test.junit.AutoTests" name="[34] /home/travis/build/icyphy/ptII/ptolemy/domains/de/test/auto/MergeModel3Add.xml (RunModel)" time="0.042" />
  <testcase classname="ptolemy.util.test.junit.AutoTests" name="[35] /home/travis/build/icyphy/ptII/ptolemy/domains/de/test/auto/MergeWithoutDiscard.xml (RunModel)" time="0.01" />
  <testcase classname="ptolemy.util.test.junit.AutoTests" name="[36] /home/travis/build/icyphy/ptII/ptolemy/domains/de/test/auto/Modal1.xml (RunModel)" time="0.03" />
  <testcase classname="ptolemy.util.test.junit.AutoTests" name="[37] /home/travis/build/icyphy/ptII/ptolemy/domains/de/test/auto/Modal2.xml (RunModel)" time="0.026" />
  <testcase classname="ptolemy.util.test.junit.AutoTests" name="[38] /home/travis/build/icyphy/ptII/ptolemy/domains/de/test/auto/Modal3.xml (RunModel)" time="0.031" />
  <testcase classname="ptolemy.util.test.junit.AutoTests" name="[39] /home/travis/build/icyphy/ptII/ptolemy/domains/de/test/auto/Modal4.xml (RunModel)" time="0.029" />
  <testcase classname="ptolemy.util.test.junit.AutoTests" name="[40] /home/travis/build/icyphy/ptII/ptolemy/domains/de/test/auto/Modal5.xml (RunModel)" time="0.034" />
  <testcase classname="ptolemy.util.test.junit.AutoTests" name="[41] /home/travis/build/icyphy/ptII/ptolemy/domains/de/test/auto/Modal6.xml (RunModel)" time="0.033" />
  <testcase classname="ptolemy.util.test.junit.AutoTests" name="[42] /home/travis/build/icyphy/ptII/ptolemy/domains/de/test/auto/Modal7.xml (RunModel)" time="0.03" />
  <testcase classname="ptolemy.util.test.junit.AutoTests" name="[43] /home/travis/build/icyphy/ptII/ptolemy/domains/de/test/auto/ModalModel.xml (RunModel)" time="0.175" />
  <testcase classname="ptolemy.util.test.junit.AutoTests" name="[44] /home/travis/build/icyphy/ptII/ptolemy/domains/de/test/auto/ModalSource.xml (RunModel)" time="0.022" />
  <testcase classname="ptolemy.util.test.junit.AutoTests" name="[45] /home/travis/build/icyphy/ptII/ptolemy/domains/de/test/auto/NonInterruptibleTimerZeroDelay.xml (RunModel)" time="0.011" />
  <testcase classname="ptolemy.util.test.junit.AutoTests" name="[46] /home/travis/build/icyphy/ptII/ptolemy/domains/de/test/auto/OpenQueueingNetwork.xml (RunModel)" time="2.186" />
  <testcase classname="ptolemy.util.test.junit.AutoTests" name="[47] /home/travis/build/icyphy/ptII/ptolemy/domains/de/test/auto/OpenQueuingNetwork.xml (RunModel)" time="0.219" />
  <testcase classname="ptolemy.util.test.junit.AutoTests" name="[48] /home/travis/build/icyphy/ptII/ptolemy/domains/de/test/auto/PeriodicSampler.xml (RunModel)" time="0.011" />
  <testcase classname="ptolemy.util.test.junit.AutoTests" name="[49] /home/travis/build/icyphy/ptII/ptolemy/domains/de/test/auto/PersistentIO.xml (RunModel)" time="0.029" />
  <testcase classname="ptolemy.util.test.junit.AutoTests" name="[50] /home/travis/build/icyphy/ptII/ptolemy/domains/de/test/auto/PortParameterResetOnInitialize.xml (RunModel)" time="0.012" />
  <testcase classname="ptolemy.util.test.junit.AutoTests" name="[51] /home/travis/build/icyphy/ptII/ptolemy/domains/de/test/auto/PortParameterUpdates.xml (RunModel)" time="0.025" />
  <testcase classname="ptolemy.util.test.junit.AutoTests" name="[52] /home/travis/build/icyphy/ptII/ptolemy/domains/de/test/auto/QueueAndServer.xml (RunModel)" time="0.019" />
  <testcase classname="ptolemy.util.test.junit.AutoTests" name="[53] /home/travis/build/icyphy/ptII/ptolemy/domains/de/test/auto/Records.xml (RunModel)" time="0.013" />
  <testcase classname="ptolemy.util.test.junit.AutoTests" name="[54] /home/travis/build/icyphy/ptII/ptolemy/domains/de/test/auto/ResetTransitionWithStartTime1.xml (RunModel)" time="0.025" />
  <testcase classname="ptolemy.util.test.junit.AutoTests" name="[55] /home/travis/build/icyphy/ptII/ptolemy/domains/de/test/auto/ResetTransitionWithStartTime2.xml (RunModel)" time="0.019" />
  <testcase classname="ptolemy.util.test.junit.AutoTests" name="[56] /home/travis/build/icyphy/ptII/ptolemy/domains/de/test/auto/ResetTransitionWithStartTime3.xml (RunModel)" time="0.018" />
  <testcase classname="ptolemy.util.test.junit.AutoTests" name="[57] /home/travis/build/icyphy/ptII/ptolemy/domains/de/test/auto/ResetTransitionWithStartTime4.xml (RunModel)" time="0.017" />
  <testcase classname="ptolemy.util.test.junit.AutoTests" name="[58] /home/travis/build/icyphy/ptII/ptolemy/domains/de/test/auto/ResettableTimer1.xml (RunModel)" time="0.009" />
  <testcase classname="ptolemy.util.test.junit.AutoTests" name="[59] /home/travis/build/icyphy/ptII/ptolemy/domains/de/test/auto/ResettableTimer2.xml (RunModel)" time="0.008" />
  <testcase classname="ptolemy.util.test.junit.AutoTests" name="[60] /home/travis/build/icyphy/ptII/ptolemy/domains/de/test/auto/ResettableTimer3.xml (RunModel)" time="0.008" />
  <testcase classname="ptolemy.util.test.junit.AutoTests" name="[61] /home/travis/build/icyphy/ptII/ptolemy/domains/de/test/auto/ResettableTimer4.xml (RunModel)" time="0.013" />
  <testcase classname="ptolemy.util.test.junit.AutoTests" name="[62] /home/travis/build/icyphy/ptII/ptolemy/domains/de/test/auto/ResettableTimer5.xml (RunModel)" time="0.012" />
  <testcase classname="ptolemy.util.test.junit.AutoTests" name="[63] /home/travis/build/icyphy/ptII/ptolemy/domains/de/test/auto/ResettableTimer6.xml (RunModel)" time="0.016" />
  <testcase classname="ptolemy.util.test.junit.AutoTests" name="[64] /home/travis/build/icyphy/ptII/ptolemy/domains/de/test/auto/ServerZeroDelay.xml (RunModel)" time="0.012" />
  <testcase classname="ptolemy.util.test.junit.AutoTests" name="[65] /home/travis/build/icyphy/ptII/ptolemy/domains/de/test/auto/SmartSender.xml (RunModel)" time="3.009" />
  <testcase classname="ptolemy.util.test.junit.AutoTests" name="[66] /home/travis/build/icyphy/ptII/ptolemy/domains/de/test/auto/ThreadedComposite.xml (RunModel)" time="0.164" />
  <testcase classname="ptolemy.util.test.junit.AutoTests" name="[67] /home/travis/build/icyphy/ptII/ptolemy/domains/de/test/auto/Time.xml (RunModel)" time="0.315" />
  <testcase classname="ptolemy.util.test.junit.AutoTests" name="[68] /home/travis/build/icyphy/ptII/ptolemy/domains/de/test/auto/TimeDelayZeroDelay.xml (RunModel)" time="0.012" />
  <testcase classname="ptolemy.util.test.junit.AutoTests" name="[69] /home/travis/build/icyphy/ptII/ptolemy/domains/de/test/auto/TimerZeroDelay.xml (RunModel)" time="0.008" />
  <testcase classname="ptolemy.util.test.junit.AutoTests" name="[70] /home/travis/build/icyphy/ptII/ptolemy/domains/de/test/auto/TimingParadox.xml (RunModel)" time="0.29" />
  <testcase classname="ptolemy.util.test.junit.AutoTests" name="[71] /home/travis/build/icyphy/ptII/ptolemy/domains/de/test/auto/TransferInputs.xml (RunModel)" time="0.017" />
  <testcase classname="ptolemy.util.test.junit.AutoTests" name="[72] /home/travis/build/icyphy/ptII/ptolemy/domains/de/test/auto/TransferOutputs2.xml (RunModel)" time="0.015" />
  <testcase classname="ptolemy.util.test.junit.AutoTests" name="[73] /home/travis/build/icyphy/ptII/ptolemy/domains/de/test/auto/Trilateration.xml (RunModel)" time="10.402" />
  <testcase classname="ptolemy.util.test.junit.AutoTests" name="[74] /home/travis/build/icyphy/ptII/ptolemy/domains/de/test/auto/TwoSigmaDelta.xml (RunModel)" time="1.704" />
  <testcase classname="ptolemy.util.test.junit.AutoTests" name="[75] /home/travis/build/icyphy/ptII/ptolemy/domains/de/test/auto/VariableDelay.xml (RunModel)" time="0.01" />
  <testcase classname="ptolemy.util.test.junit.AutoTests" name="[76] /home/travis/build/icyphy/ptII/ptolemy/domains/de/test/auto/VariableDelay2.xml (RunModel)" time="0.012" />
  <testcase classname="ptolemy.util.test.junit.AutoTests" name="[77] /home/travis/build/icyphy/ptII/ptolemy/domains/de/test/auto/VariableDelayZeroDelay.xml (RunModel)" time="0.015" />
  <testcase classname="ptolemy.util.test.junit.AutoTests" name="[78] /home/travis/build/icyphy/ptII/ptolemy/domains/de/test/auto/VariableDelayZeroDelay2.xml (RunModel)" time="0.015" />
  <testcase classname="ptolemy.util.test.junit.AutoTests" name="[79] /home/travis/build/icyphy/ptII/ptolemy/domains/de/test/auto/deInCt.xml (RunModel)" time="0.015" />
  <testcase classname="ptolemy.util.test.junit.AutoTests" name="[80] /home/travis/build/icyphy/ptII/ptolemy/domains/de/test/auto/deInCt2.xml (RunModel)" time="0.013" />
  <testcase classname="ptolemy.util.test.junit.AutoTests" name="[81] /home/travis/build/icyphy/ptII/ptolemy/domains/de/test/auto/dynamicCausalityInterface1.xml (RunModel)" time="0.017" />
  <testcase classname="ptolemy.util.test.junit.AutoTests" name="[82] /home/travis/build/icyphy/ptII/ptolemy/domains/de/test/auto/fsm_de_test.xml (RunModel)" time="0.027" />
  <testcase classname="ptolemy.util.test.junit.AutoTests" name="[83] /home/travis/build/icyphy/ptII/ptolemy/domains/de/test/auto/functionDependencyReconstruction.xml (RunModel)" time="0.037" />
  <testcase classname="ptolemy.util.test.junit.AutoTests" name="[84] /home/travis/build/icyphy/ptII/ptolemy/domains/de/test/auto/multirate.xml (RunModel)" time="0.013" />
  <testcase classname="ptolemy.util.test.junit.AutoTests" name="[85] /home/travis/build/icyphy/ptII/ptolemy/domains/de/test/auto/multirate2.xml (RunModel)" time="0.013" />
  <testcase classname="ptolemy.util.test.junit.AutoTests" name="[86] /home/travis/build/icyphy/ptII/ptolemy/domains/de/test/auto/realtime.xml (RunModel)" time="10.01" />
  <testcase classname="ptolemy.util.test.junit.AutoTests" name="[87] /home/travis/build/icyphy/ptII/ptolemy/domains/de/test/auto/relationGroup.xml (RunModel)" time="0.007" />
  <testcase classname="ptolemy.util.test.junit.AutoTests" name="[88] /home/travis/build/icyphy/ptII/ptolemy/domains/de/test/auto/relationGroup2.xml (RunModel)" time="0.013" />
  <testcase classname="ptolemy.util.test.junit.AutoTests" name="[89] /home/travis/build/icyphy/ptII/ptolemy/domains/de/test/auto/sortWithOpaquePorts.xml (RunModel)" time="0.01" />
  <testcase classname="ptolemy.util.test.junit.AutoTests" name="[90] /home/travis/build/icyphy/ptII/ptolemy/domains/de/test/auto/transferInputsandOutputs.xml (RunModel)" time="0.017" />
  <testcase classname="ptolemy.util.test.junit.AutoTests" name="[91] /home/travis/build/icyphy/ptII/ptolemy/domains/de/test/auto/triggerType.xml (RunModel)" time="0.01" />
  <system-out><![CDATA[/home/travis/build/icyphy/ptII/ptolemy/domains/de/test/DependencyLoop.tcl
testDefs.tcl: setting time out to 9000 seconds at Sat Oct 10 15:46:12 UTC 2020
69 ms. Memory: 129024K Free: 79180K (61%)
29 ms. Memory: 129024K Free: 61757K (48%)
/home/travis/build/icyphy/ptII/ptolemy/domains/de/test/RunDETestsAsQSS.tcl
Run the DE tests using ptolemy.domains.qss.test.QSSDirectorTest, which extends QSSDirector and prints a message in the constructors.
------------------ testing $PTII/ptolemy/domains/de/test/auto/knownFailedTests/DirectFeedback.xml (Known Failure) 
50 ms. Memory: 129024K Free: 56142K (44%)


==== $PTIIhome/travis/build/icyphy/ptII/ptolemy/domains/de/test/../../../../: Auto Automatic test in file $PTII/ptolemy/domains/de/test/auto/knownFailedTests/DirectFeedback.xml
==== Contents of test case:

	    # FIXME: we should use $relativeFilename here, but it
	    # might have backslashes under Windows, which causes no end
	    # of trouble.
	    createAndExecute $file
	    list {}
	
.... Test generated KNOWN error:
    while executing
ptolemy.kernel.util.IllegalActionException: Test fails in iteration 1.
Value was: 1.0. Should have been: 2.0
  in .DirectFeedback.Test
	at ptolemy.actor.lib.Test.fire(Test.java:268)
	at ptolemy.domains.de.kernel.DEDirector._fire(DEDirector.java:1949)
	at ptolemy.domains.de.kernel.DEDirector.fire(DEDirector.java:502)
	at ptolemy.actor.CompositeActor.fire(CompositeActor.java:455)
	at ptolemy.actor.Manager.iterate(Manager.java:851)
	at ptolemy.actor.Manager.execute(Manager.java:369)
	at ptolemy.actor.Manager.run(Manager.java:1263)
	at ptolemy.actor.Manager$PtolemyRunThread.run(Manager.java:1933)

    while executing
ptolemy.kernel.util.IllegalActionException: Test fails in iteration 1.
Value was: 1.0. Should have been: 2.0
  in .DirectFeedback.Test
    while executing
"java::new ptolemy.moml.MoMLSimpleApplication $file
"
    (procedure "createAndExecute" line 2)
    invoked from within
"createAndExecute $file"
    ("uplevel" body line 5)
    invoked from within
"uplevel $contents_of_test"
------------------ testing $PTII/ptolemy/domains/de/test/auto/knownFailedTests/dependencyLoop.xml (Known Failure) 
26 ms. Memory: 129024K Free: 53070K (41%)


==== $PTIIhome/travis/build/icyphy/ptII/ptolemy/domains/de/test/../../../../: Auto Automatic test in file $PTII/ptolemy/domains/de/test/auto/knownFailedTests/dependencyLoop.xml
==== Contents of test case:

	    # FIXME: we should use $relativeFilename here, but it
	    # might have backslashes under Windows, which causes no end
	    # of trouble.
	    createAndExecute $file
	    list {}
	
.... Test generated KNOWN error:
    while executing
ptolemy.kernel.util.IllegalActionException: Found a zero delay loop containing .dependencyLoop.original
  in .dependencyLoop and .dependencyLoop.original
	at ptolemy.actor.util.CausalityInterfaceForComposites._computeOutputPortDepth(CausalityInterfaceForComposites.java:759)
	at ptolemy.actor.util.CausalityInterfaceForComposites._computeInputDepth(CausalityInterfaceForComposites.java:696)
	at ptolemy.actor.util.CausalityInterfaceForComposites._computeOutputPortDepth(CausalityInterfaceForComposites.java:765)
	at ptolemy.actor.util.CausalityInterfaceForComposites._computeInputDepth(CausalityInterfaceForComposites.java:696)
	at ptolemy.actor.util.CausalityInterfaceForComposites._computeOutputPortDepth(CausalityInterfaceForComposites.java:765)
	at ptolemy.actor.util.CausalityInterfaceForComposites._computeInputDepth(CausalityInterfaceForComposites.java:696)
	at ptolemy.actor.util.CausalityInterfaceForComposites._computeActorDepth(CausalityInterfaceForComposites.java:532)
	at ptolemy.actor.util.CausalityInterfaceForComposites.checkForCycles(CausalityInterfaceForComposites.java:96)
	at ptolemy.domains.de.kernel.DEDirector.preinitialize(DEDirector.java:1338)
	at ptolemy.actor.CompositeActor.preinitialize(CompositeActor.java:1828)
	at ptolemy.actor.Manager.preinitializeAndResolveTypes(Manager.java:1040)
	at ptolemy.actor.Manager.initialize(Manager.java:710)
	at ptolemy.actor.Manager.execute(Manager.java:356)
	at ptolemy.actor.Manager.run(Manager.java:1263)
	at ptolemy.actor.Manager$PtolemyRunThread.run(Manager.java:1933)

    while executing
ptolemy.kernel.util.IllegalActionException: Found a zero delay loop containing .dependencyLoop.original
  in .dependencyLoop and .dependencyLoop.original
    while executing
"java::new ptolemy.moml.MoMLSimpleApplication $file
"
    (procedure "createAndExecute" line 2)
    invoked from within
"createAndExecute $file"
    ("uplevel" body line 5)
    invoked from within
"uplevel $contents_of_test"
------------------ testing $PTII/ptolemy/domains/de/test/auto/knownFailedTests/FSMSource.xml (Known Failure) 
39 ms. Memory: 129024K Free: 112130K (87%)
!!!! Auto was marked as failing, but now passes
------------------ testing $PTII/ptolemy/domains/de/test/auto/knownFailedTests/HierarchicalModel.xml (Known Failure) 
11 ms. Memory: 129024K Free: 94232K (73%)


==== $PTIIhome/travis/build/icyphy/ptII/ptolemy/domains/de/test/../../../../: Auto Automatic test in file $PTII/ptolemy/domains/de/test/auto/knownFailedTests/HierarchicalModel.xml
==== Contents of test case:

	    # FIXME: we should use $relativeFilename here, but it
	    # might have backslashes under Windows, which causes no end
	    # of trouble.
	    createAndExecute $file
	    list {}
	
.... Test generated KNOWN error:
    while executing
ptolemy.kernel.util.IllegalActionException: Found a zero delay loop containing .HierarchicalModel.A
  in .HierarchicalModel and .HierarchicalModel.A
	at ptolemy.actor.util.CausalityInterfaceForComposites._computeOutputPortDepth(CausalityInterfaceForComposites.java:759)
	at ptolemy.actor.util.CausalityInterfaceForComposites._computeInputDepth(CausalityInterfaceForComposites.java:696)
	at ptolemy.actor.util.CausalityInterfaceForComposites._computeOutputPortDepth(CausalityInterfaceForComposites.java:765)
	at ptolemy.actor.util.CausalityInterfaceForComposites._computeInputDepth(CausalityInterfaceForComposites.java:696)
	at ptolemy.actor.util.CausalityInterfaceForComposites._computeOutputPortDepth(CausalityInterfaceForComposites.java:765)
	at ptolemy.actor.util.CausalityInterfaceForComposites._computeInputDepth(CausalityInterfaceForComposites.java:696)
	at ptolemy.actor.util.CausalityInterfaceForComposites._computeActorDepth(CausalityInterfaceForComposites.java:532)
	at ptolemy.actor.util.CausalityInterfaceForComposites.checkForCycles(CausalityInterfaceForComposites.java:96)
	at ptolemy.domains.de.kernel.DEDirector.preinitialize(DEDirector.java:1338)
	at ptolemy.actor.CompositeActor.preinitialize(CompositeActor.java:1828)
	at ptolemy.actor.Manager.preinitializeAndResolveTypes(Manager.java:1040)
	at ptolemy.actor.Manager.initialize(Manager.java:710)
	at ptolemy.actor.Manager.execute(Manager.java:356)
	at ptolemy.actor.Manager.run(Manager.java:1263)
	at ptolemy.actor.Manager$PtolemyRunThread.run(Manager.java:1933)

    while executing
ptolemy.kernel.util.IllegalActionException: Found a zero delay loop containing .HierarchicalModel.A
  in .HierarchicalModel and .HierarchicalModel.A
    while executing
"java::new ptolemy.moml.MoMLSimpleApplication $file
"
    (procedure "createAndExecute" line 2)
    invoked from within
"createAndExecute $file"
    ("uplevel" body line 5)
    invoked from within
"uplevel $contents_of_test"
------------------ testing $PTII/ptolemy/domains/de/test/auto/knownFailedTests/dependencyLoop2.xml (Known Failure) 
10 ms. Memory: 129024K Free: 78331K (61%)


==== $PTIIhome/travis/build/icyphy/ptII/ptolemy/domains/de/test/../../../../: Auto Automatic test in file $PTII/ptolemy/domains/de/test/auto/knownFailedTests/dependencyLoop2.xml
==== Contents of test case:

	    # FIXME: we should use $relativeFilename here, but it
	    # might have backslashes under Windows, which causes no end
	    # of trouble.
	    createAndExecute $file
	    list {}
	
.... Test generated KNOWN error:
    while executing
ptolemy.kernel.util.IllegalActionException: Found a zero delay loop containing .dependencyLoop2.original
  in .dependencyLoop2 and .dependencyLoop2.original
	at ptolemy.actor.util.CausalityInterfaceForComposites._computeOutputPortDepth(CausalityInterfaceForComposites.java:759)
	at ptolemy.actor.util.CausalityInterfaceForComposites._computeInputDepth(CausalityInterfaceForComposites.java:696)
	at ptolemy.actor.util.CausalityInterfaceForComposites._computeOutputPortDepth(CausalityInterfaceForComposites.java:765)
	at ptolemy.actor.util.CausalityInterfaceForComposites._computeInputDepth(CausalityInterfaceForComposites.java:696)
	at ptolemy.actor.util.CausalityInterfaceForComposites._computeOutputPortDepth(CausalityInterfaceForComposites.java:765)
	at ptolemy.actor.util.CausalityInterfaceForComposites._computeInputDepth(CausalityInterfaceForComposites.java:696)
	at ptolemy.actor.util.CausalityInterfaceForComposites._computeActorDepth(CausalityInterfaceForComposites.java:532)
	at ptolemy.actor.util.CausalityInterfaceForComposites.checkForCycles(CausalityInterfaceForComposites.java:96)
	at ptolemy.domains.de.kernel.DEDirector.preinitialize(DEDirector.java:1338)
	at ptolemy.actor.CompositeActor.preinitialize(CompositeActor.java:1828)
	at ptolemy.actor.Manager.preinitializeAndResolveTypes(Manager.java:1040)
	at ptolemy.actor.Manager.initialize(Manager.java:710)
	at ptolemy.actor.Manager.execute(Manager.java:356)
	at ptolemy.actor.Manager.run(Manager.java:1263)
	at ptolemy.actor.Manager$PtolemyRunThread.run(Manager.java:1933)

    while executing
ptolemy.kernel.util.IllegalActionException: Found a zero delay loop containing .dependencyLoop2.original
  in .dependencyLoop2 and .dependencyLoop2.original
    while executing
"java::new ptolemy.moml.MoMLSimpleApplication $file
"
    (procedure "createAndExecute" line 2)
    invoked from within
"createAndExecute $file"
    ("uplevel" body line 5)
    invoked from within
"uplevel $contents_of_test"
------------------ testing $PTII/ptolemy/domains/de/test/auto/knownFailedTests/DESDFClockTest.xml (Known Failure) 
2035 ms. Memory: 129024K Free: 108411K (84%)


==== $PTIIhome/travis/build/icyphy/ptII/ptolemy/domains/de/test/../../../../: Auto Automatic test in file $PTII/ptolemy/domains/de/test/auto/knownFailedTests/DESDFClockTest.xml
==== Contents of test case:

	    # FIXME: we should use $relativeFilename here, but it
	    # might have backslashes under Windows, which causes no end
	    # of trouble.
	    createAndExecute $file
	    list {}
	
.... Test generated KNOWN error:
    while executing
ptolemy.kernel.util.IllegalActionException: Actor is not ready to fire.  Perhaps UpSample.prefire() returned false? Try debugging the actor by selecting "Listen to Actor".  Also, for SDF check moml for tokenConsumptionRate on input.
  in .DESDFClockTest.Play Bell.Copy1:SDF Director and .DESDFClockTest.Play Bell.UpSample
	at ptolemy.actor.sched.StaticSchedulingDirector.fire(StaticSchedulingDirector.java:227)
	at ptolemy.domains.sdf.kernel.SDFDirector.fire(SDFDirector.java:500)
	at ptolemy.actor.CompositeActor.fire(CompositeActor.java:455)
	at ptolemy.domains.de.kernel.DEDirector._fire(DEDirector.java:1949)
	at ptolemy.domains.de.kernel.DEDirector.fire(DEDirector.java:502)
	at ptolemy.actor.CompositeActor.fire(CompositeActor.java:455)
	at ptolemy.actor.Manager.iterate(Manager.java:851)
	at ptolemy.actor.Manager.execute(Manager.java:369)
	at ptolemy.actor.Manager.run(Manager.java:1263)
	at ptolemy.actor.Manager$PtolemyRunThread.run(Manager.java:1933)

    while executing
ptolemy.kernel.util.IllegalActionException: Actor is not ready to fire.  Perhaps UpSample.prefire() returned false? Try debugging the actor by selecting "Listen to Actor".  Also, for SDF check moml for tokenConsumptionRate on input.
  in .DESDFClockTest.Play Bell.Copy1:SDF Director and .DESDFClockTest.Play Bell.UpSample
    while executing
"java::new ptolemy.moml.MoMLSimpleApplication $file
"
    (procedure "createAndExecute" line 2)
    invoked from within
"createAndExecute $file"
    ("uplevel" body line 5)
    invoked from within
"uplevel $contents_of_test"
------------------ testing $PTII/ptolemy/domains/de/test/auto/ActorDepthCalculation_actorWithoutPorts.xml
auto.tcl: Setting watchdog for 200 seconds at Sat Oct 10 15:46:16 UTC 2020
4 ms. Memory: 129024K Free: 100733K (78%)
ptolemy.util.test.WatchDog.cancel(): canceling Sat Oct 10 15:46:16 UTC 2020
auto.tcl: Setting watchdog for 200 seconds at Sat Oct 10 15:46:16 UTC 2020
4 ms. Memory: 129024K Free: 99181K (77%)
ptolemy.util.test.WatchDog.cancel(): canceling Sat Oct 10 15:46:16 UTC 2020
------------------ testing $PTII/ptolemy/domains/de/test/auto/AssemblyLine.xml
auto.tcl: Setting watchdog for 200 seconds at Sat Oct 10 15:46:16 UTC 2020
19 ms. Memory: 51200K Free: 27491K (54%)
ptolemy.util.test.WatchDog.cancel(): canceling Sat Oct 10 15:46:16 UTC 2020
auto.tcl: Setting watchdog for 200 seconds at Sat Oct 10 15:46:16 UTC 2020
6 ms. Memory: 51200K Free: 26993K (53%)
ptolemy.util.test.WatchDog.cancel(): canceling Sat Oct 10 15:46:16 UTC 2020
------------------ testing $PTII/ptolemy/domains/de/test/auto/CQBug1.xml
auto.tcl: Setting watchdog for 200 seconds at Sat Oct 10 15:46:16 UTC 2020
3 ms. Memory: 51200K Free: 33255K (65%)
ptolemy.util.test.WatchDog.cancel(): canceling Sat Oct 10 15:46:16 UTC 2020
auto.tcl: Setting watchdog for 200 seconds at Sat Oct 10 15:46:16 UTC 2020
2 ms. Memory: 51200K Free: 32804K (64%)
ptolemy.util.test.WatchDog.cancel(): canceling Sat Oct 10 15:46:16 UTC 2020
------------------ testing $PTII/ptolemy/domains/de/test/auto/CancelFireAt.xml
auto.tcl: Setting watchdog for 200 seconds at Sat Oct 10 15:46:16 UTC 2020
11 ms. Memory: 51200K Free: 34682K (68%)
ptolemy.util.test.WatchDog.cancel(): canceling Sat Oct 10 15:46:16 UTC 2020
auto.tcl: Setting watchdog for 200 seconds at Sat Oct 10 15:46:16 UTC 2020
2 ms. Memory: 51200K Free: 34191K (67%)
ptolemy.util.test.WatchDog.cancel(): canceling Sat Oct 10 15:46:16 UTC 2020
------------------ testing $PTII/ptolemy/domains/de/test/auto/CausalityAndComposabilityAnalysis.xml
auto.tcl: Setting watchdog for 200 seconds at Sat Oct 10 15:46:17 UTC 2020
8 ms. Memory: 51200K Free: 32383K (63%)
ptolemy.util.test.WatchDog.cancel(): canceling Sat Oct 10 15:46:17 UTC 2020
auto.tcl: Setting watchdog for 200 seconds at Sat Oct 10 15:46:17 UTC 2020
4 ms. Memory: 51200K Free: 31963K (62%)
ptolemy.util.test.WatchDog.cancel(): canceling Sat Oct 10 15:46:17 UTC 2020
------------------ testing $PTII/ptolemy/domains/de/test/auto/CausalityInterface1.xml
auto.tcl: Setting watchdog for 200 seconds at Sat Oct 10 15:46:17 UTC 2020
30 ms. Memory: 51200K Free: 31368K (61%)
ptolemy.util.test.WatchDog.cancel(): canceling Sat Oct 10 15:46:17 UTC 2020
auto.tcl: Setting watchdog for 200 seconds at Sat Oct 10 15:46:17 UTC 2020
4 ms. Memory: 51200K Free: 30380K (59%)
ptolemy.util.test.WatchDog.cancel(): canceling Sat Oct 10 15:46:17 UTC 2020
------------------ testing $PTII/ptolemy/domains/de/test/auto/CausalityInterface15.xml
auto.tcl: Setting watchdog for 200 seconds at Sat Oct 10 15:46:17 UTC 2020
13 ms. Memory: 51200K Free: 31280K (61%)
ptolemy.util.test.WatchDog.cancel(): canceling Sat Oct 10 15:46:17 UTC 2020
auto.tcl: Setting watchdog for 200 seconds at Sat Oct 10 15:46:17 UTC 2020
4 ms. Memory: 51200K Free: 30344K (59%)
ptolemy.util.test.WatchDog.cancel(): canceling Sat Oct 10 15:46:17 UTC 2020
------------------ testing $PTII/ptolemy/domains/de/test/auto/CausalityInterface2.xml
auto.tcl: Setting watchdog for 200 seconds at Sat Oct 10 15:46:17 UTC 2020
4 ms. Memory: 51200K Free: 32030K (63%)
ptolemy.util.test.WatchDog.cancel(): canceling Sat Oct 10 15:46:17 UTC 2020
auto.tcl: Setting watchdog for 200 seconds at Sat Oct 10 15:46:17 UTC 2020
3 ms. Memory: 51200K Free: 31366K (61%)
ptolemy.util.test.WatchDog.cancel(): canceling Sat Oct 10 15:46:17 UTC 2020
------------------ testing $PTII/ptolemy/domains/de/test/auto/CausalityInterface3.xml
auto.tcl: Setting watchdog for 200 seconds at Sat Oct 10 15:46:17 UTC 2020
5 ms. Memory: 51200K Free: 31551K (62%)
ptolemy.util.test.WatchDog.cancel(): canceling Sat Oct 10 15:46:17 UTC 2020
auto.tcl: Setting watchdog for 200 seconds at Sat Oct 10 15:46:17 UTC 2020
3 ms. Memory: 51200K Free: 31076K (61%)
ptolemy.util.test.WatchDog.cancel(): canceling Sat Oct 10 15:46:17 UTC 2020
------------------ testing $PTII/ptolemy/domains/de/test/auto/ClockDrift.xml
auto.tcl: Setting watchdog for 200 seconds at Sat Oct 10 15:46:17 UTC 2020
82 ms. Memory: 51200K Free: 24154K (47%)
ptolemy.util.test.WatchDog.cancel(): canceling Sat Oct 10 15:46:17 UTC 2020
auto.tcl: Setting watchdog for 200 seconds at Sat Oct 10 15:46:17 UTC 2020
41 ms. Memory: 51200K Free: 21138K (41%)
ptolemy.util.test.WatchDog.cancel(): canceling Sat Oct 10 15:46:17 UTC 2020
------------------ testing $PTII/ptolemy/domains/de/test/auto/ClockDriftAndValueChange.xml
auto.tcl: Setting watchdog for 200 seconds at Sat Oct 10 15:46:17 UTC 2020
40 ms. Memory: 51200K Free: 24502K (48%)
ptolemy.util.test.WatchDog.cancel(): canceling Sat Oct 10 15:46:17 UTC 2020
auto.tcl: Setting watchdog for 200 seconds at Sat Oct 10 15:46:17 UTC 2020
23 ms. Memory: 51200K Free: 21430K (42%)
ptolemy.util.test.WatchDog.cancel(): canceling Sat Oct 10 15:46:17 UTC 2020
------------------ testing $PTII/ptolemy/domains/de/test/auto/ClockDriftChange.xml
auto.tcl: Setting watchdog for 200 seconds at Sat Oct 10 15:46:17 UTC 2020
19 ms. Memory: 51200K Free: 26037K (51%)
ptolemy.util.test.WatchDog.cancel(): canceling Sat Oct 10 15:46:17 UTC 2020
auto.tcl: Setting watchdog for 200 seconds at Sat Oct 10 15:46:17 UTC 2020
14 ms. Memory: 51200K Free: 23665K (46%)
ptolemy.util.test.WatchDog.cancel(): canceling Sat Oct 10 15:46:17 UTC 2020
------------------ testing $PTII/ptolemy/domains/de/test/auto/ComposableCausalityAnalysis.xml
auto.tcl: Setting watchdog for 200 seconds at Sat Oct 10 15:46:18 UTC 2020
2 ms. Memory: 51200K Free: 30806K (60%)
ptolemy.util.test.WatchDog.cancel(): canceling Sat Oct 10 15:46:18 UTC 2020
auto.tcl: Setting watchdog for 200 seconds at Sat Oct 10 15:46:18 UTC 2020
5 ms. Memory: 51200K Free: 29804K (58%)
ptolemy.util.test.WatchDog.cancel(): canceling Sat Oct 10 15:46:18 UTC 2020
------------------ testing $PTII/ptolemy/domains/de/test/auto/DEFixedPointLimitation.xml
auto.tcl: Setting watchdog for 200 seconds at Sat Oct 10 15:46:18 UTC 2020
3 ms. Memory: 51200K Free: 31970K (62%)
ptolemy.util.test.WatchDog.cancel(): canceling Sat Oct 10 15:46:18 UTC 2020
auto.tcl: Setting watchdog for 200 seconds at Sat Oct 10 15:46:18 UTC 2020
1 ms. Memory: 51200K Free: 31140K (61%)
ptolemy.util.test.WatchDog.cancel(): canceling Sat Oct 10 15:46:18 UTC 2020
------------------ testing $PTII/ptolemy/domains/de/test/auto/DEScheduleTest.xml
auto.tcl: Setting watchdog for 200 seconds at Sat Oct 10 15:46:18 UTC 2020
14 ms. Memory: 51200K Free: 32392K (63%)
ptolemy.util.test.WatchDog.cancel(): canceling Sat Oct 10 15:46:18 UTC 2020
auto.tcl: Setting watchdog for 200 seconds at Sat Oct 10 15:46:18 UTC 2020
3 ms. Memory: 51200K Free: 31626K (62%)
ptolemy.util.test.WatchDog.cancel(): canceling Sat Oct 10 15:46:18 UTC 2020
------------------ testing $PTII/ptolemy/domains/de/test/auto/DEinDEwithStartTimes.xml
auto.tcl: Setting watchdog for 200 seconds at Sat Oct 10 15:46:18 UTC 2020
3 ms. Memory: 51200K Free: 30553K (60%)
ptolemy.util.test.WatchDog.cancel(): canceling Sat Oct 10 15:46:18 UTC 2020
auto.tcl: Setting watchdog for 200 seconds at Sat Oct 10 15:46:18 UTC 2020
3 ms. Memory: 51200K Free: 29529K (58%)
ptolemy.util.test.WatchDog.cancel(): canceling Sat Oct 10 15:46:18 UTC 2020
------------------ testing $PTII/ptolemy/domains/de/test/auto/DEinDEwithStartTimes2.xml
auto.tcl: Setting watchdog for 200 seconds at Sat Oct 10 15:46:18 UTC 2020
4 ms. Memory: 51200K Free: 29669K (58%)
ptolemy.util.test.WatchDog.cancel(): canceling Sat Oct 10 15:46:18 UTC 2020
auto.tcl: Setting watchdog for 200 seconds at Sat Oct 10 15:46:18 UTC 2020
3 ms. Memory: 51200K Free: 28484K (56%)
ptolemy.util.test.WatchDog.cancel(): canceling Sat Oct 10 15:46:18 UTC 2020
------------------ testing $PTII/ptolemy/domains/de/test/auto/DateDemo.xml
auto.tcl: Setting watchdog for 200 seconds at Sat Oct 10 15:46:18 UTC 2020
14 ms. Memory: 51200K Free: 24587K (48%)
ptolemy.util.test.WatchDog.cancel(): canceling Sat Oct 10 15:46:18 UTC 2020
auto.tcl: Setting watchdog for 200 seconds at Sat Oct 10 15:46:18 UTC 2020
9 ms. Memory: 51200K Free: 22904K (45%)
ptolemy.util.test.WatchDog.cancel(): canceling Sat Oct 10 15:46:18 UTC 2020
------------------ testing $PTII/ptolemy/domains/de/test/auto/DateToEvent.xml
auto.tcl: Setting watchdog for 200 seconds at Sat Oct 10 15:46:18 UTC 2020
2020 ms. Memory: 51200K Free: 19534K (38%)
ptolemy.util.test.WatchDog.cancel(): canceling Sat Oct 10 15:46:20 UTC 2020
auto.tcl: Setting watchdog for 200 seconds at Sat Oct 10 15:46:20 UTC 2020
2004 ms. Memory: 51200K Free: 19088K (37%)
ptolemy.util.test.WatchDog.cancel(): canceling Sat Oct 10 15:46:22 UTC 2020
------------------ testing $PTII/ptolemy/domains/de/test/auto/DepthTest1.xml
auto.tcl: Setting watchdog for 200 seconds at Sat Oct 10 15:46:22 UTC 2020
2 ms. Memory: 51200K Free: 33209K (65%)
ptolemy.util.test.WatchDog.cancel(): canceling Sat Oct 10 15:46:22 UTC 2020
auto.tcl: Setting watchdog for 200 seconds at Sat Oct 10 15:46:22 UTC 2020
2 ms. Memory: 51200K Free: 32734K (64%)
ptolemy.util.test.WatchDog.cancel(): canceling Sat Oct 10 15:46:22 UTC 2020
------------------ testing $PTII/ptolemy/domains/de/test/auto/DepthTest2.xml
auto.tcl: Setting watchdog for 200 seconds at Sat Oct 10 15:46:22 UTC 2020
4 ms. Memory: 51200K Free: 29977K (59%)
ptolemy.util.test.WatchDog.cancel(): canceling Sat Oct 10 15:46:22 UTC 2020
auto.tcl: Setting watchdog for 200 seconds at Sat Oct 10 15:46:22 UTC 2020
3 ms. Memory: 51200K Free: 29522K (58%)
ptolemy.util.test.WatchDog.cancel(): canceling Sat Oct 10 15:46:22 UTC 2020
------------------ testing $PTII/ptolemy/domains/de/test/auto/DepthTest3.xml
auto.tcl: Setting watchdog for 200 seconds at Sat Oct 10 15:46:22 UTC 2020
2 ms. Memory: 51200K Free: 33565K (66%)
ptolemy.util.test.WatchDog.cancel(): canceling Sat Oct 10 15:46:22 UTC 2020
auto.tcl: Setting watchdog for 200 seconds at Sat Oct 10 15:46:22 UTC 2020
2 ms. Memory: 51200K Free: 33056K (65%)
ptolemy.util.test.WatchDog.cancel(): canceling Sat Oct 10 15:46:22 UTC 2020
------------------ testing $PTII/ptolemy/domains/de/test/auto/DepthTest4.xml
auto.tcl: Setting watchdog for 200 seconds at Sat Oct 10 15:46:22 UTC 2020
5 ms. Memory: 51200K Free: 31766K (62%)
ptolemy.util.test.WatchDog.cancel(): canceling Sat Oct 10 15:46:22 UTC 2020
auto.tcl: Setting watchdog for 200 seconds at Sat Oct 10 15:46:22 UTC 2020
2 ms. Memory: 51200K Free: 31104K (61%)
ptolemy.util.test.WatchDog.cancel(): canceling Sat Oct 10 15:46:22 UTC 2020
------------------ testing $PTII/ptolemy/domains/de/test/auto/DepthTest5.xml
auto.tcl: Setting watchdog for 200 seconds at Sat Oct 10 15:46:22 UTC 2020
3 ms. Memory: 51200K Free: 31238K (61%)
ptolemy.util.test.WatchDog.cancel(): canceling Sat Oct 10 15:46:22 UTC 2020
auto.tcl: Setting watchdog for 200 seconds at Sat Oct 10 15:46:22 UTC 2020
6 ms. Memory: 51200K Free: 30486K (60%)
ptolemy.util.test.WatchDog.cancel(): canceling Sat Oct 10 15:46:22 UTC 2020
------------------ testing $PTII/ptolemy/domains/de/test/auto/DepthTest6.xml
auto.tcl: Setting watchdog for 200 seconds at Sat Oct 10 15:46:22 UTC 2020
4 ms. Memory: 51200K Free: 30907K (60%)
ptolemy.util.test.WatchDog.cancel(): canceling Sat Oct 10 15:46:23 UTC 2020
auto.tcl: Setting watchdog for 200 seconds at Sat Oct 10 15:46:23 UTC 2020
2 ms. Memory: 51200K Free: 30464K (60%)
ptolemy.util.test.WatchDog.cancel(): canceling Sat Oct 10 15:46:23 UTC 2020
------------------ testing $PTII/ptolemy/domains/de/test/auto/DepthTest7.xml
auto.tcl: Setting watchdog for 200 seconds at Sat Oct 10 15:46:23 UTC 2020
2 ms. Memory: 51200K Free: 31189K (61%)
ptolemy.util.test.WatchDog.cancel(): canceling Sat Oct 10 15:46:23 UTC 2020
auto.tcl: Setting watchdog for 200 seconds at Sat Oct 10 15:46:23 UTC 2020
2 ms. Memory: 51200K Free: 30744K (60%)
ptolemy.util.test.WatchDog.cancel(): canceling Sat Oct 10 15:46:23 UTC 2020
------------------ testing $PTII/ptolemy/domains/de/test/auto/EventToDate.xml
auto.tcl: Setting watchdog for 200 seconds at Sat Oct 10 15:46:23 UTC 2020
3008 ms. Memory: 51200K Free: 22289K (44%)
ptolemy.util.test.WatchDog.cancel(): canceling Sat Oct 10 15:46:26 UTC 2020
auto.tcl: Setting watchdog for 200 seconds at Sat Oct 10 15:46:26 UTC 2020
3005 ms. Memory: 51200K Free: 21812K (43%)
ptolemy.util.test.WatchDog.cancel(): canceling Sat Oct 10 15:46:29 UTC 2020
------------------ testing $PTII/ptolemy/domains/de/test/auto/FSM1.xml
auto.tcl: Setting watchdog for 200 seconds at Sat Oct 10 15:46:29 UTC 2020
18 ms. Memory: 51200K Free: 23452K (46%)
ptolemy.util.test.WatchDog.cancel(): canceling Sat Oct 10 15:46:29 UTC 2020
auto.tcl: Setting watchdog for 200 seconds at Sat Oct 10 15:46:29 UTC 2020
17 ms. Memory: 51200K Free: 20024K (39%)
ptolemy.util.test.WatchDog.cancel(): canceling Sat Oct 10 15:46:29 UTC 2020
------------------ testing $PTII/ptolemy/domains/de/test/auto/FSM7.xml
auto.tcl: Setting watchdog for 200 seconds at Sat Oct 10 15:46:29 UTC 2020
22 ms. Memory: 51200K Free: 23650K (46%)
ptolemy.util.test.WatchDog.cancel(): canceling Sat Oct 10 15:46:29 UTC 2020
auto.tcl: Setting watchdog for 200 seconds at Sat Oct 10 15:46:29 UTC 2020
25 ms. Memory: 51200K Free: 20683K (40%)
ptolemy.util.test.WatchDog.cancel(): canceling Sat Oct 10 15:46:29 UTC 2020
------------------ testing $PTII/ptolemy/domains/de/test/auto/Inspection.xml
auto.tcl: Setting watchdog for 200 seconds at Sat Oct 10 15:46:29 UTC 2020
20 ms. Memory: 51200K Free: 23416K (46%)
ptolemy.util.test.WatchDog.cancel(): canceling Sat Oct 10 15:46:29 UTC 2020
auto.tcl: Setting watchdog for 200 seconds at Sat Oct 10 15:46:29 UTC 2020
30 ms. Memory: 51200K Free: 21300K (42%)
ptolemy.util.test.WatchDog.cancel(): canceling Sat Oct 10 15:46:29 UTC 2020
------------------ testing $PTII/ptolemy/domains/de/test/auto/Iteration.xml
auto.tcl: Setting watchdog for 200 seconds at Sat Oct 10 15:46:29 UTC 2020
8 ms. Memory: 51200K Free: 28994K (57%)
ptolemy.util.test.WatchDog.cancel(): canceling Sat Oct 10 15:46:29 UTC 2020
auto.tcl: Setting watchdog for 200 seconds at Sat Oct 10 15:46:29 UTC 2020
6 ms. Memory: 51200K Free: 27806K (54%)
ptolemy.util.test.WatchDog.cancel(): canceling Sat Oct 10 15:46:29 UTC 2020
------------------ testing $PTII/ptolemy/domains/de/test/auto/LineFault.xml
auto.tcl: Setting watchdog for 200 seconds at Sat Oct 10 15:46:29 UTC 2020
596 ms. Memory: 51200K Free: 12371K (24%)
ptolemy.util.test.WatchDog.cancel(): canceling Sat Oct 10 15:46:30 UTC 2020
auto.tcl: Setting watchdog for 200 seconds at Sat Oct 10 15:46:30 UTC 2020
485 ms. Memory: 61440K Free: 36251K (59%)
ptolemy.util.test.WatchDog.cancel(): canceling Sat Oct 10 15:46:31 UTC 2020
------------------ testing $PTII/ptolemy/domains/de/test/auto/MergeModel1Add.xml
auto.tcl: Setting watchdog for 200 seconds at Sat Oct 10 15:46:31 UTC 2020
31 ms. Memory: 58368K Free: 22107K (38%)
ptolemy.util.test.WatchDog.cancel(): canceling Sat Oct 10 15:46:31 UTC 2020
auto.tcl: Setting watchdog for 200 seconds at Sat Oct 10 15:46:31 UTC 2020
11 ms. Memory: 58368K Free: 20616K (35%)
ptolemy.util.test.WatchDog.cancel(): canceling Sat Oct 10 15:46:31 UTC 2020
------------------ testing $PTII/ptolemy/domains/de/test/auto/MergeModel2Add.xml
auto.tcl: Setting watchdog for 200 seconds at Sat Oct 10 15:46:31 UTC 2020
7 ms. Memory: 51200K Free: 17566K (34%)
ptolemy.util.test.WatchDog.cancel(): canceling Sat Oct 10 15:46:31 UTC 2020
auto.tcl: Setting watchdog for 200 seconds at Sat Oct 10 15:46:31 UTC 2020
8 ms. Memory: 51200K Free: 15978K (31%)
ptolemy.util.test.WatchDog.cancel(): canceling Sat Oct 10 15:46:31 UTC 2020
------------------ testing $PTII/ptolemy/domains/de/test/auto/MergeModel3Add.xml
auto.tcl: Setting watchdog for 200 seconds at Sat Oct 10 15:46:31 UTC 2020
9 ms. Memory: 51200K Free: 17290K (34%)
ptolemy.util.test.WatchDog.cancel(): canceling Sat Oct 10 15:46:31 UTC 2020
auto.tcl: Setting watchdog for 200 seconds at Sat Oct 10 15:46:31 UTC 2020
10 ms. Memory: 51200K Free: 15959K (31%)
ptolemy.util.test.WatchDog.cancel(): canceling Sat Oct 10 15:46:31 UTC 2020
------------------ testing $PTII/ptolemy/domains/de/test/auto/MergeWithoutDiscard.xml
auto.tcl: Setting watchdog for 200 seconds at Sat Oct 10 15:46:31 UTC 2020
2 ms. Memory: 51200K Free: 32173K (63%)
ptolemy.util.test.WatchDog.cancel(): canceling Sat Oct 10 15:46:31 UTC 2020
auto.tcl: Setting watchdog for 200 seconds at Sat Oct 10 15:46:31 UTC 2020
1 ms. Memory: 51200K Free: 31299K (61%)
ptolemy.util.test.WatchDog.cancel(): canceling Sat Oct 10 15:46:31 UTC 2020
------------------ testing $PTII/ptolemy/domains/de/test/auto/Modal1.xml
auto.tcl: Setting watchdog for 200 seconds at Sat Oct 10 15:46:31 UTC 2020
16 ms. Memory: 51200K Free: 23759K (46%)
ptolemy.util.test.WatchDog.cancel(): canceling Sat Oct 10 15:46:31 UTC 2020
auto.tcl: Setting watchdog for 200 seconds at Sat Oct 10 15:46:31 UTC 2020
13 ms. Memory: 51200K Free: 20328K (40%)
ptolemy.util.test.WatchDog.cancel(): canceling Sat Oct 10 15:46:31 UTC 2020
------------------ testing $PTII/ptolemy/domains/de/test/auto/Modal2.xml
auto.tcl: Setting watchdog for 200 seconds at Sat Oct 10 15:46:31 UTC 2020
14 ms. Memory: 51200K Free: 23904K (47%)
ptolemy.util.test.WatchDog.cancel(): canceling Sat Oct 10 15:46:31 UTC 2020
auto.tcl: Setting watchdog for 200 seconds at Sat Oct 10 15:46:31 UTC 2020
19 ms. Memory: 51200K Free: 20640K (40%)
ptolemy.util.test.WatchDog.cancel(): canceling Sat Oct 10 15:46:31 UTC 2020
------------------ testing $PTII/ptolemy/domains/de/test/auto/Modal3.xml
auto.tcl: Setting watchdog for 200 seconds at Sat Oct 10 15:46:31 UTC 2020
13 ms. Memory: 51200K Free: 23643K (46%)
ptolemy.util.test.WatchDog.cancel(): canceling Sat Oct 10 15:46:31 UTC 2020
auto.tcl: Setting watchdog for 200 seconds at Sat Oct 10 15:46:31 UTC 2020
16 ms. Memory: 51200K Free: 20648K (40%)
ptolemy.util.test.WatchDog.cancel(): canceling Sat Oct 10 15:46:31 UTC 2020
------------------ testing $PTII/ptolemy/domains/de/test/auto/Modal4.xml
auto.tcl: Setting watchdog for 200 seconds at Sat Oct 10 15:46:31 UTC 2020
12 ms. Memory: 51200K Free: 22861K (45%)
ptolemy.util.test.WatchDog.cancel(): canceling Sat Oct 10 15:46:31 UTC 2020
auto.tcl: Setting watchdog for 200 seconds at Sat Oct 10 15:46:31 UTC 2020
12 ms. Memory: 51200K Free: 19027K (37%)
ptolemy.util.test.WatchDog.cancel(): canceling Sat Oct 10 15:46:31 UTC 2020
------------------ testing $PTII/ptolemy/domains/de/test/auto/Modal5.xml
auto.tcl: Setting watchdog for 200 seconds at Sat Oct 10 15:46:31 UTC 2020
14 ms. Memory: 51200K Free: 22862K (45%)
ptolemy.util.test.WatchDog.cancel(): canceling Sat Oct 10 15:46:32 UTC 2020
auto.tcl: Setting watchdog for 200 seconds at Sat Oct 10 15:46:32 UTC 2020
14 ms. Memory: 51200K Free: 19014K (37%)
ptolemy.util.test.WatchDog.cancel(): canceling Sat Oct 10 15:46:32 UTC 2020
------------------ testing $PTII/ptolemy/domains/de/test/auto/Modal6.xml
auto.tcl: Setting watchdog for 200 seconds at Sat Oct 10 15:46:32 UTC 2020
11 ms. Memory: 51200K Free: 23638K (46%)
ptolemy.util.test.WatchDog.cancel(): canceling Sat Oct 10 15:46:32 UTC 2020
auto.tcl: Setting watchdog for 200 seconds at Sat Oct 10 15:46:32 UTC 2020
14 ms. Memory: 51200K Free: 19639K (38%)
ptolemy.util.test.WatchDog.cancel(): canceling Sat Oct 10 15:46:32 UTC 2020
------------------ testing $PTII/ptolemy/domains/de/test/auto/Modal7.xml
auto.tcl: Setting watchdog for 200 seconds at Sat Oct 10 15:46:32 UTC 2020
9 ms. Memory: 51200K Free: 22823K (45%)
ptolemy.util.test.WatchDog.cancel(): canceling Sat Oct 10 15:46:32 UTC 2020
auto.tcl: Setting watchdog for 200 seconds at Sat Oct 10 15:46:32 UTC 2020
10 ms. Memory: 51200K Free: 19260K (38%)
ptolemy.util.test.WatchDog.cancel(): canceling Sat Oct 10 15:46:32 UTC 2020
------------------ testing $PTII/ptolemy/domains/de/test/auto/ModalModel.xml
auto.tcl: Setting watchdog for 200 seconds at Sat Oct 10 15:46:32 UTC 2020
202 ms. Memory: 51200K Free: 14475K (28%)
ptolemy.util.test.WatchDog.cancel(): canceling Sat Oct 10 15:46:32 UTC 2020
auto.tcl: Setting watchdog for 200 seconds at Sat Oct 10 15:46:32 UTC 2020
210 ms. Memory: 72704K Free: 27452K (38%)
ptolemy.util.test.WatchDog.cancel(): canceling Sat Oct 10 15:46:32 UTC 2020
------------------ testing $PTII/ptolemy/domains/de/test/auto/ModalSource.xml
auto.tcl: Setting watchdog for 200 seconds at Sat Oct 10 15:46:32 UTC 2020
6 ms. Memory: 58368K Free: 34855K (60%)
ptolemy.util.test.WatchDog.cancel(): canceling Sat Oct 10 15:46:32 UTC 2020
auto.tcl: Setting watchdog for 200 seconds at Sat Oct 10 15:46:32 UTC 2020
6 ms. Memory: 58368K Free: 32807K (56%)
ptolemy.util.test.WatchDog.cancel(): canceling Sat Oct 10 15:46:32 UTC 2020
------------------ testing $PTII/ptolemy/domains/de/test/auto/NonInterruptibleTimerZeroDelay.xml
auto.tcl: Setting watchdog for 200 seconds at Sat Oct 10 15:46:32 UTC 2020
4 ms. Memory: 51200K Free: 32880K (64%)
ptolemy.util.test.WatchDog.cancel(): canceling Sat Oct 10 15:46:32 UTC 2020
auto.tcl: Setting watchdog for 200 seconds at Sat Oct 10 15:46:32 UTC 2020
2 ms. Memory: 51200K Free: 31991K (62%)
ptolemy.util.test.WatchDog.cancel(): canceling Sat Oct 10 15:46:32 UTC 2020
------------------ testing $PTII/ptolemy/domains/de/test/auto/OpenQueueingNetwork.xml
auto.tcl: Setting watchdog for 200 seconds at Sat Oct 10 15:46:32 UTC 2020
2680 ms. Memory: 99328K Free: 33256K (33%)
ptolemy.util.test.WatchDog.cancel(): canceling Sat Oct 10 15:46:35 UTC 2020
auto.tcl: Setting watchdog for 200 seconds at Sat Oct 10 15:46:35 UTC 2020
2292 ms. Memory: 119808K Free: 89587K (75%)
ptolemy.util.test.WatchDog.cancel(): canceling Sat Oct 10 15:46:38 UTC 2020
------------------ testing $PTII/ptolemy/domains/de/test/auto/OpenQueuingNetwork.xml
auto.tcl: Setting watchdog for 200 seconds at Sat Oct 10 15:46:38 UTC 2020
235 ms. Memory: 58368K Free: 30222K (52%)
ptolemy.util.test.WatchDog.cancel(): canceling Sat Oct 10 15:46:38 UTC 2020
auto.tcl: Setting watchdog for 200 seconds at Sat Oct 10 15:46:38 UTC 2020
226 ms. Memory: 58368K Free: 11268K (19%)
ptolemy.util.test.WatchDog.cancel(): canceling Sat Oct 10 15:46:38 UTC 2020
------------------ testing $PTII/ptolemy/domains/de/test/auto/PeriodicSampler.xml
auto.tcl: Setting watchdog for 200 seconds at Sat Oct 10 15:46:38 UTC 2020
2 ms. Memory: 58368K Free: 38991K (67%)
ptolemy.util.test.WatchDog.cancel(): canceling Sat Oct 10 15:46:38 UTC 2020
auto.tcl: Setting watchdog for 200 seconds at Sat Oct 10 15:46:38 UTC 2020
2 ms. Memory: 58368K Free: 38471K (66%)
ptolemy.util.test.WatchDog.cancel(): canceling Sat Oct 10 15:46:38 UTC 2020
------------------ testing $PTII/ptolemy/domains/de/test/auto/PersistentIO.xml
auto.tcl: Setting watchdog for 200 seconds at Sat Oct 10 15:46:38 UTC 2020
9 ms. Memory: 55296K Free: 30851K (56%)
ptolemy.util.test.WatchDog.cancel(): canceling Sat Oct 10 15:46:38 UTC 2020
auto.tcl: Setting watchdog for 200 seconds at Sat Oct 10 15:46:38 UTC 2020
8 ms. Memory: 55296K Free: 29323K (53%)
ptolemy.util.test.WatchDog.cancel(): canceling Sat Oct 10 15:46:38 UTC 2020
------------------ testing $PTII/ptolemy/domains/de/test/auto/PortParameterResetOnInitialize.xml
auto.tcl: Setting watchdog for 200 seconds at Sat Oct 10 15:46:38 UTC 2020
7 ms. Memory: 51200K Free: 31742K (62%)
ptolemy.util.test.WatchDog.cancel(): canceling Sat Oct 10 15:46:38 UTC 2020
auto.tcl: Setting watchdog for 200 seconds at Sat Oct 10 15:46:38 UTC 2020
2 ms. Memory: 51200K Free: 31234K (61%)
ptolemy.util.test.WatchDog.cancel(): canceling Sat Oct 10 15:46:38 UTC 2020
------------------ testing $PTII/ptolemy/domains/de/test/auto/PortParameterUpdates.xml
auto.tcl: Setting watchdog for 200 seconds at Sat Oct 10 15:46:38 UTC 2020
3 ms. Memory: 51200K Free: 29814K (58%)
ptolemy.util.test.WatchDog.cancel(): canceling Sat Oct 10 15:46:38 UTC 2020
auto.tcl: Setting watchdog for 200 seconds at Sat Oct 10 15:46:38 UTC 2020
4 ms. Memory: 51200K Free: 28800K (56%)
ptolemy.util.test.WatchDog.cancel(): canceling Sat Oct 10 15:46:38 UTC 2020
------------------ testing $PTII/ptolemy/domains/de/test/auto/QueueAndServer.xml
auto.tcl: Setting watchdog for 200 seconds at Sat Oct 10 15:46:38 UTC 2020
13 ms. Memory: 51200K Free: 28708K (56%)
ptolemy.util.test.WatchDog.cancel(): canceling Sat Oct 10 15:46:38 UTC 2020
auto.tcl: Setting watchdog for 200 seconds at Sat Oct 10 15:46:38 UTC 2020
5 ms. Memory: 51200K Free: 27253K (53%)
ptolemy.util.test.WatchDog.cancel(): canceling Sat Oct 10 15:46:38 UTC 2020
------------------ testing $PTII/ptolemy/domains/de/test/auto/Records.xml
auto.tcl: Setting watchdog for 200 seconds at Sat Oct 10 15:46:39 UTC 2020
4 ms. Memory: 51200K Free: 30984K (61%)
ptolemy.util.test.WatchDog.cancel(): canceling Sat Oct 10 15:46:39 UTC 2020
auto.tcl: Setting watchdog for 200 seconds at Sat Oct 10 15:46:39 UTC 2020
2 ms. Memory: 51200K Free: 30472K (60%)
ptolemy.util.test.WatchDog.cancel(): canceling Sat Oct 10 15:46:39 UTC 2020
------------------ testing $PTII/ptolemy/domains/de/test/auto/ResetTransitionWithStartTime1.xml
auto.tcl: Setting watchdog for 200 seconds at Sat Oct 10 15:46:39 UTC 2020
10 ms. Memory: 51200K Free: 28231K (55%)
ptolemy.util.test.WatchDog.cancel(): canceling Sat Oct 10 15:46:39 UTC 2020
auto.tcl: Setting watchdog for 200 seconds at Sat Oct 10 15:46:39 UTC 2020
6 ms. Memory: 51200K Free: 25669K (50%)
ptolemy.util.test.WatchDog.cancel(): canceling Sat Oct 10 15:46:39 UTC 2020
------------------ testing $PTII/ptolemy/domains/de/test/auto/ResetTransitionWithStartTime2.xml
auto.tcl: Setting watchdog for 200 seconds at Sat Oct 10 15:46:39 UTC 2020
5 ms. Memory: 51200K Free: 28186K (55%)
ptolemy.util.test.WatchDog.cancel(): canceling Sat Oct 10 15:46:39 UTC 2020
auto.tcl: Setting watchdog for 200 seconds at Sat Oct 10 15:46:39 UTC 2020
6 ms. Memory: 51200K Free: 26138K (51%)
ptolemy.util.test.WatchDog.cancel(): canceling Sat Oct 10 15:46:39 UTC 2020
------------------ testing $PTII/ptolemy/domains/de/test/auto/ResetTransitionWithStartTime3.xml
auto.tcl: Setting watchdog for 200 seconds at Sat Oct 10 15:46:39 UTC 2020
6 ms. Memory: 51200K Free: 28185K (55%)
ptolemy.util.test.WatchDog.cancel(): canceling Sat Oct 10 15:46:39 UTC 2020
auto.tcl: Setting watchdog for 200 seconds at Sat Oct 10 15:46:39 UTC 2020
5 ms. Memory: 51200K Free: 25613K (50%)
ptolemy.util.test.WatchDog.cancel(): canceling Sat Oct 10 15:46:39 UTC 2020
------------------ testing $PTII/ptolemy/domains/de/test/auto/ResetTransitionWithStartTime4.xml
auto.tcl: Setting watchdog for 200 seconds at Sat Oct 10 15:46:39 UTC 2020
6 ms. Memory: 51200K Free: 28629K (56%)
ptolemy.util.test.WatchDog.cancel(): canceling Sat Oct 10 15:46:39 UTC 2020
auto.tcl: Setting watchdog for 200 seconds at Sat Oct 10 15:46:39 UTC 2020
3 ms. Memory: 51200K Free: 27162K (53%)
ptolemy.util.test.WatchDog.cancel(): canceling Sat Oct 10 15:46:39 UTC 2020
------------------ testing $PTII/ptolemy/domains/de/test/auto/ResettableTimer1.xml
auto.tcl: Setting watchdog for 200 seconds at Sat Oct 10 15:46:39 UTC 2020
3 ms. Memory: 51200K Free: 32351K (63%)
ptolemy.util.test.WatchDog.cancel(): canceling Sat Oct 10 15:46:39 UTC 2020
auto.tcl: Setting watchdog for 200 seconds at Sat Oct 10 15:46:39 UTC 2020
1 ms. Memory: 51200K Free: 31731K (62%)
ptolemy.util.test.WatchDog.cancel(): canceling Sat Oct 10 15:46:39 UTC 2020
------------------ testing $PTII/ptolemy/domains/de/test/auto/ResettableTimer2.xml
auto.tcl: Setting watchdog for 200 seconds at Sat Oct 10 15:46:39 UTC 2020
2 ms. Memory: 51200K Free: 32418K (63%)
ptolemy.util.test.WatchDog.cancel(): canceling Sat Oct 10 15:46:39 UTC 2020
auto.tcl: Setting watchdog for 200 seconds at Sat Oct 10 15:46:39 UTC 2020
2 ms. Memory: 51200K Free: 31805K (62%)
ptolemy.util.test.WatchDog.cancel(): canceling Sat Oct 10 15:46:39 UTC 2020
------------------ testing $PTII/ptolemy/domains/de/test/auto/ResettableTimer3.xml
auto.tcl: Setting watchdog for 200 seconds at Sat Oct 10 15:46:39 UTC 2020
1 ms. Memory: 51200K Free: 32827K (64%)
ptolemy.util.test.WatchDog.cancel(): canceling Sat Oct 10 15:46:39 UTC 2020
auto.tcl: Setting watchdog for 200 seconds at Sat Oct 10 15:46:39 UTC 2020
1 ms. Memory: 51200K Free: 32317K (63%)
ptolemy.util.test.WatchDog.cancel(): canceling Sat Oct 10 15:46:39 UTC 2020
------------------ testing $PTII/ptolemy/domains/de/test/auto/ResettableTimer4.xml
auto.tcl: Setting watchdog for 200 seconds at Sat Oct 10 15:46:39 UTC 2020
2 ms. Memory: 51200K Free: 32331K (63%)
ptolemy.util.test.WatchDog.cancel(): canceling Sat Oct 10 15:46:39 UTC 2020
auto.tcl: Setting watchdog for 200 seconds at Sat Oct 10 15:46:39 UTC 2020
1 ms. Memory: 51200K Free: 32331K (63%)
ptolemy.util.test.WatchDog.cancel(): canceling Sat Oct 10 15:46:39 UTC 2020
------------------ testing $PTII/ptolemy/domains/de/test/auto/ResettableTimer5.xml
auto.tcl: Setting watchdog for 200 seconds at Sat Oct 10 15:46:39 UTC 2020
3 ms. Memory: 51200K Free: 32329K (63%)
ptolemy.util.test.WatchDog.cancel(): canceling Sat Oct 10 15:46:39 UTC 2020
auto.tcl: Setting watchdog for 200 seconds at Sat Oct 10 15:46:39 UTC 2020
1 ms. Memory: 51200K Free: 31825K (62%)
ptolemy.util.test.WatchDog.cancel(): canceling Sat Oct 10 15:46:39 UTC 2020
------------------ testing $PTII/ptolemy/domains/de/test/auto/ResettableTimer6.xml
auto.tcl: Setting watchdog for 200 seconds at Sat Oct 10 15:46:39 UTC 2020
1 ms. Memory: 51200K Free: 31806K (62%)
ptolemy.util.test.WatchDog.cancel(): canceling Sat Oct 10 15:46:39 UTC 2020
auto.tcl: Setting watchdog for 200 seconds at Sat Oct 10 15:46:39 UTC 2020
1 ms. Memory: 51200K Free: 31296K (61%)
ptolemy.util.test.WatchDog.cancel(): canceling Sat Oct 10 15:46:39 UTC 2020
------------------ testing $PTII/ptolemy/domains/de/test/auto/ServerZeroDelay.xml
auto.tcl: Setting watchdog for 200 seconds at Sat Oct 10 15:46:39 UTC 2020
4 ms. Memory: 51200K Free: 32311K (63%)
ptolemy.util.test.WatchDog.cancel(): canceling Sat Oct 10 15:46:39 UTC 2020
auto.tcl: Setting watchdog for 200 seconds at Sat Oct 10 15:46:39 UTC 2020
2 ms. Memory: 51200K Free: 31287K (61%)
ptolemy.util.test.WatchDog.cancel(): canceling Sat Oct 10 15:46:39 UTC 2020
------------------ testing $PTII/ptolemy/domains/de/test/auto/SmartSender.xml
auto.tcl: Setting watchdog for 200 seconds at Sat Oct 10 15:46:39 UTC 2020
3001 ms. Memory: 51200K Free: 32305K (63%)
ptolemy.util.test.WatchDog.cancel(): canceling Sat Oct 10 15:46:42 UTC 2020
auto.tcl: Setting watchdog for 200 seconds at Sat Oct 10 15:46:42 UTC 2020
3001 ms. Memory: 51200K Free: 31801K (62%)
ptolemy.util.test.WatchDog.cancel(): canceling Sat Oct 10 15:46:45 UTC 2020
------------------ testing $PTII/ptolemy/domains/de/test/auto/ThreadedComposite.xml
auto.tcl: Setting watchdog for 200 seconds at Sat Oct 10 15:46:45 UTC 2020
184 ms. Memory: 51200K Free: 13374K (26%)
ptolemy.util.test.WatchDog.cancel(): canceling Sat Oct 10 15:46:46 UTC 2020
auto.tcl: Setting watchdog for 200 seconds at Sat Oct 10 15:46:46 UTC 2020
211 ms. Memory: 51200K Free: 24159K (47%)
ptolemy.util.test.WatchDog.cancel(): canceling Sat Oct 10 15:46:46 UTC 2020
------------------ testing $PTII/ptolemy/domains/de/test/auto/Time.xml
auto.tcl: Setting watchdog for 200 seconds at Sat Oct 10 15:46:46 UTC 2020
444 ms. Memory: 79872K Free: 35973K (45%)
ptolemy.util.test.WatchDog.cancel(): canceling Sat Oct 10 15:46:46 UTC 2020
auto.tcl: Setting watchdog for 200 seconds at Sat Oct 10 15:46:46 UTC 2020
377 ms. Memory: 79872K Free: 26902K (34%)
ptolemy.util.test.WatchDog.cancel(): canceling Sat Oct 10 15:46:47 UTC 2020
------------------ testing $PTII/ptolemy/domains/de/test/auto/TimeDelayZeroDelay.xml
auto.tcl: Setting watchdog for 200 seconds at Sat Oct 10 15:46:47 UTC 2020
2 ms. Memory: 55296K Free: 36657K (66%)
ptolemy.util.test.WatchDog.cancel(): canceling Sat Oct 10 15:46:47 UTC 2020
auto.tcl: Setting watchdog for 200 seconds at Sat Oct 10 15:46:47 UTC 2020
2 ms. Memory: 55296K Free: 35915K (65%)
ptolemy.util.test.WatchDog.cancel(): canceling Sat Oct 10 15:46:47 UTC 2020
------------------ testing $PTII/ptolemy/domains/de/test/auto/TimerZeroDelay.xml
auto.tcl: Setting watchdog for 200 seconds at Sat Oct 10 15:46:47 UTC 2020
3 ms. Memory: 55296K Free: 36739K (66%)
ptolemy.util.test.WatchDog.cancel(): canceling Sat Oct 10 15:46:47 UTC 2020
auto.tcl: Setting watchdog for 200 seconds at Sat Oct 10 15:46:47 UTC 2020
2 ms. Memory: 55296K Free: 35943K (65%)
ptolemy.util.test.WatchDog.cancel(): canceling Sat Oct 10 15:46:47 UTC 2020
------------------ testing $PTII/ptolemy/domains/de/test/auto/TimingParadox.xml
auto.tcl: Setting watchdog for 200 seconds at Sat Oct 10 15:46:47 UTC 2020
342 ms. Memory: 51200K Free: 18854K (37%)
ptolemy.util.test.WatchDog.cancel(): canceling Sat Oct 10 15:46:47 UTC 2020
auto.tcl: Setting watchdog for 200 seconds at Sat Oct 10 15:46:47 UTC 2020
290 ms. Memory: 51200K Free: 8628K (17%)
ptolemy.util.test.WatchDog.cancel(): canceling Sat Oct 10 15:46:48 UTC 2020
------------------ testing $PTII/ptolemy/domains/de/test/auto/TransferInputs.xml
auto.tcl: Setting watchdog for 200 seconds at Sat Oct 10 15:46:48 UTC 2020
2 ms. Memory: 51200K Free: 30761K (60%)
ptolemy.util.test.WatchDog.cancel(): canceling Sat Oct 10 15:46:48 UTC 2020
auto.tcl: Setting watchdog for 200 seconds at Sat Oct 10 15:46:48 UTC 2020
2 ms. Memory: 51200K Free: 29844K (58%)
ptolemy.util.test.WatchDog.cancel(): canceling Sat Oct 10 15:46:48 UTC 2020
------------------ testing $PTII/ptolemy/domains/de/test/auto/TransferOutputs2.xml
auto.tcl: Setting watchdog for 200 seconds at Sat Oct 10 15:46:48 UTC 2020
3 ms. Memory: 51200K Free: 28188K (55%)
ptolemy.util.test.WatchDog.cancel(): canceling Sat Oct 10 15:46:48 UTC 2020
auto.tcl: Setting watchdog for 200 seconds at Sat Oct 10 15:46:48 UTC 2020
3 ms. Memory: 51200K Free: 26787K (52%)
ptolemy.util.test.WatchDog.cancel(): canceling Sat Oct 10 15:46:48 UTC 2020
------------------ testing $PTII/ptolemy/domains/de/test/auto/Trilateration.xml
auto.tcl: Setting watchdog for 200 seconds at Sat Oct 10 15:46:48 UTC 2020
10722 ms. Memory: 452608K Free: 262915K (58%)
ptolemy.util.test.WatchDog.cancel(): canceling Sat Oct 10 15:47:00 UTC 2020
auto.tcl: Setting watchdog for 200 seconds at Sat Oct 10 15:47:00 UTC 2020
8523 ms. Memory: 452608K Free: 310261K (69%)
ptolemy.util.test.WatchDog.cancel(): canceling Sat Oct 10 15:47:08 UTC 2020
------------------ testing $PTII/ptolemy/domains/de/test/auto/TwoSigmaDelta.xml
auto.tcl: Setting watchdog for 200 seconds at Sat Oct 10 15:47:08 UTC 2020
2173 ms. Memory: 89088K Free: 19705K (22%)
ptolemy.util.test.WatchDog.cancel(): canceling Sat Oct 10 15:47:11 UTC 2020
auto.tcl: Setting watchdog for 200 seconds at Sat Oct 10 15:47:11 UTC 2020
1694 ms. Memory: 89088K Free: 15581K (17%)
ptolemy.util.test.WatchDog.cancel(): canceling Sat Oct 10 15:47:12 UTC 2020
------------------ testing $PTII/ptolemy/domains/de/test/auto/VariableDelay.xml
auto.tcl: Setting watchdog for 200 seconds at Sat Oct 10 15:47:12 UTC 2020
2 ms. Memory: 55296K Free: 35320K (64%)
ptolemy.util.test.WatchDog.cancel(): canceling Sat Oct 10 15:47:12 UTC 2020
auto.tcl: Setting watchdog for 200 seconds at Sat Oct 10 15:47:12 UTC 2020
1 ms. Memory: 55296K Free: 34312K (62%)
ptolemy.util.test.WatchDog.cancel(): canceling Sat Oct 10 15:47:12 UTC 2020
------------------ testing $PTII/ptolemy/domains/de/test/auto/VariableDelay2.xml
auto.tcl: Setting watchdog for 200 seconds at Sat Oct 10 15:47:12 UTC 2020
3 ms. Memory: 55296K Free: 36268K (66%)
ptolemy.util.test.WatchDog.cancel(): canceling Sat Oct 10 15:47:12 UTC 2020
auto.tcl: Setting watchdog for 200 seconds at Sat Oct 10 15:47:12 UTC 2020
2 ms. Memory: 55296K Free: 35239K (64%)
ptolemy.util.test.WatchDog.cancel(): canceling Sat Oct 10 15:47:12 UTC 2020
------------------ testing $PTII/ptolemy/domains/de/test/auto/VariableDelayZeroDelay.xml
auto.tcl: Setting watchdog for 200 seconds at Sat Oct 10 15:47:12 UTC 2020
2 ms. Memory: 55296K Free: 36262K (66%)
ptolemy.util.test.WatchDog.cancel(): canceling Sat Oct 10 15:47:12 UTC 2020
auto.tcl: Setting watchdog for 200 seconds at Sat Oct 10 15:47:12 UTC 2020
2 ms. Memory: 55296K Free: 35734K (65%)
ptolemy.util.test.WatchDog.cancel(): canceling Sat Oct 10 15:47:12 UTC 2020
------------------ testing $PTII/ptolemy/domains/de/test/auto/VariableDelayZeroDelay2.xml
auto.tcl: Setting watchdog for 200 seconds at Sat Oct 10 15:47:12 UTC 2020
2 ms. Memory: 51200K Free: 32165K (63%)
ptolemy.util.test.WatchDog.cancel(): canceling Sat Oct 10 15:47:12 UTC 2020
auto.tcl: Setting watchdog for 200 seconds at Sat Oct 10 15:47:12 UTC 2020
2 ms. Memory: 51200K Free: 31141K (61%)
ptolemy.util.test.WatchDog.cancel(): canceling Sat Oct 10 15:47:12 UTC 2020
------------------ testing $PTII/ptolemy/domains/de/test/auto/deInCt.xml
auto.tcl: Setting watchdog for 200 seconds at Sat Oct 10 15:47:13 UTC 2020
0
1
1
1
1
0
0
0
1
1
0
0
0
1
1
1
1
0
0
0
1
1
1
1
0
0
0
0
1
1
1
0
0
0
1
1
1
0
0
0
1
1
1
1
15 ms. Memory: 51200K Free: 31138K (61%)
ptolemy.util.test.WatchDog.cancel(): canceling Sat Oct 10 15:47:13 UTC 2020
auto.tcl: Setting watchdog for 200 seconds at Sat Oct 10 15:47:13 UTC 2020
0
1
1
1
0
0
0
1
1
1
1
1
0
0
0
0
1
1
1
0
0
0
0
0
1
1
1
1
0
0
0
1
1
1
0
0
0
1
1
1
1
7 ms. Memory: 51200K Free: 29612K (58%)
ptolemy.util.test.WatchDog.cancel(): canceling Sat Oct 10 15:47:13 UTC 2020
------------------ testing $PTII/ptolemy/domains/de/test/auto/deInCt2.xml
auto.tcl: Setting watchdog for 200 seconds at Sat Oct 10 15:47:13 UTC 2020
0
1
1
1
0
0
1
1
1
0
0
1
1
1
0
0
1
1
1
0
0
1
1
1
0
0
1
1
1
0
0
1
1
1
0
0
1
1
1
0
0
0
7 ms. Memory: 51200K Free: 31139K (61%)
ptolemy.util.test.WatchDog.cancel(): canceling Sat Oct 10 15:47:13 UTC 2020
auto.tcl: Setting watchdog for 200 seconds at Sat Oct 10 15:47:13 UTC 2020
0
1
1
1
0
0
1
1
1
0
0
1
1
1
0
0
1
1
1
0
0
1
1
1
0
0
1
1
1
0
0
1
1
1
0
0
1
1
1
0
0
0
8 ms. Memory: 51200K Free: 29587K (58%)
ptolemy.util.test.WatchDog.cancel(): canceling Sat Oct 10 15:47:13 UTC 2020
------------------ testing $PTII/ptolemy/domains/de/test/auto/dynamicCausalityInterface1.xml
auto.tcl: Setting watchdog for 200 seconds at Sat Oct 10 15:47:13 UTC 2020
1 ms. Memory: 51200K Free: 27037K (53%)
ptolemy.util.test.WatchDog.cancel(): canceling Sat Oct 10 15:47:13 UTC 2020
auto.tcl: Setting watchdog for 200 seconds at Sat Oct 10 15:47:13 UTC 2020
1 ms. Memory: 51200K Free: 26523K (52%)
ptolemy.util.test.WatchDog.cancel(): canceling Sat Oct 10 15:47:13 UTC 2020
------------------ testing $PTII/ptolemy/domains/de/test/auto/fsm_de_test.xml
auto.tcl: Setting watchdog for 200 seconds at Sat Oct 10 15:47:13 UTC 2020
11 ms. Memory: 51200K Free: 26936K (53%)
ptolemy.util.test.WatchDog.cancel(): canceling Sat Oct 10 15:47:13 UTC 2020
auto.tcl: Setting watchdog for 200 seconds at Sat Oct 10 15:47:13 UTC 2020
9 ms. Memory: 51200K Free: 24888K (49%)
ptolemy.util.test.WatchDog.cancel(): canceling Sat Oct 10 15:47:13 UTC 2020
------------------ testing $PTII/ptolemy/domains/de/test/auto/functionDependencyReconstruction.xml
auto.tcl: Setting watchdog for 200 seconds at Sat Oct 10 15:47:13 UTC 2020
3 ms. Memory: 51200K Free: 20781K (41%)
ptolemy.util.test.WatchDog.cancel(): canceling Sat Oct 10 15:47:13 UTC 2020
auto.tcl: Setting watchdog for 200 seconds at Sat Oct 10 15:47:13 UTC 2020
3 ms. Memory: 51200K Free: 18733K (37%)
ptolemy.util.test.WatchDog.cancel(): canceling Sat Oct 10 15:47:13 UTC 2020
------------------ testing $PTII/ptolemy/domains/de/test/auto/multirate.xml
auto.tcl: Setting watchdog for 200 seconds at Sat Oct 10 15:47:13 UTC 2020
4 ms. Memory: 51200K Free: 29575K (58%)
ptolemy.util.test.WatchDog.cancel(): canceling Sat Oct 10 15:47:13 UTC 2020
auto.tcl: Setting watchdog for 200 seconds at Sat Oct 10 15:47:13 UTC 2020
3 ms. Memory: 51200K Free: 27846K (54%)
ptolemy.util.test.WatchDog.cancel(): canceling Sat Oct 10 15:47:13 UTC 2020
------------------ testing $PTII/ptolemy/domains/de/test/auto/multirate2.xml
auto.tcl: Setting watchdog for 200 seconds at Sat Oct 10 15:47:13 UTC 2020
5 ms. Memory: 51200K Free: 29730K (58%)
ptolemy.util.test.WatchDog.cancel(): canceling Sat Oct 10 15:47:13 UTC 2020
auto.tcl: Setting watchdog for 200 seconds at Sat Oct 10 15:47:13 UTC 2020
3 ms. Memory: 51200K Free: 28491K (56%)
ptolemy.util.test.WatchDog.cancel(): canceling Sat Oct 10 15:47:13 UTC 2020
------------------ testing $PTII/ptolemy/domains/de/test/auto/realtime.xml
auto.tcl: Setting watchdog for 200 seconds at Sat Oct 10 15:47:13 UTC 2020
10001 ms. Memory: 51200K Free: 31817K (62%)
ptolemy.util.test.WatchDog.cancel(): canceling Sat Oct 10 15:47:23 UTC 2020
auto.tcl: Setting watchdog for 200 seconds at Sat Oct 10 15:47:23 UTC 2020
10003 ms. Memory: 51200K Free: 31082K (61%)
ptolemy.util.test.WatchDog.cancel(): canceling Sat Oct 10 15:47:33 UTC 2020
------------------ testing $PTII/ptolemy/domains/de/test/auto/relationGroup.xml
auto.tcl: Setting watchdog for 200 seconds at Sat Oct 10 15:47:33 UTC 2020
2 ms. Memory: 51200K Free: 32867K (64%)
ptolemy.util.test.WatchDog.cancel(): canceling Sat Oct 10 15:47:33 UTC 2020
auto.tcl: Setting watchdog for 200 seconds at Sat Oct 10 15:47:33 UTC 2020
1 ms. Memory: 51200K Free: 32132K (63%)
ptolemy.util.test.WatchDog.cancel(): canceling Sat Oct 10 15:47:33 UTC 2020
------------------ testing $PTII/ptolemy/domains/de/test/auto/relationGroup2.xml
auto.tcl: Setting watchdog for 200 seconds at Sat Oct 10 15:47:33 UTC 2020
1 ms. Memory: 51200K Free: 32924K (64%)
ptolemy.util.test.WatchDog.cancel(): canceling Sat Oct 10 15:47:33 UTC 2020
auto.tcl: Setting watchdog for 200 seconds at Sat Oct 10 15:47:33 UTC 2020
2 ms. Memory: 51200K Free: 32189K (63%)
ptolemy.util.test.WatchDog.cancel(): canceling Sat Oct 10 15:47:33 UTC 2020
------------------ testing $PTII/ptolemy/domains/de/test/auto/sortWithOpaquePorts.xml
auto.tcl: Setting watchdog for 200 seconds at Sat Oct 10 15:47:33 UTC 2020
1 ms. Memory: 51200K Free: 31662K (62%)
ptolemy.util.test.WatchDog.cancel(): canceling Sat Oct 10 15:47:33 UTC 2020
auto.tcl: Setting watchdog for 200 seconds at Sat Oct 10 15:47:33 UTC 2020
2 ms. Memory: 51200K Free: 30638K (60%)
ptolemy.util.test.WatchDog.cancel(): canceling Sat Oct 10 15:47:33 UTC 2020
------------------ testing $PTII/ptolemy/domains/de/test/auto/transferInputsandOutputs.xml
auto.tcl: Setting watchdog for 200 seconds at Sat Oct 10 15:47:33 UTC 2020
2 ms. Memory: 51200K Free: 29105K (57%)
ptolemy.util.test.WatchDog.cancel(): canceling Sat Oct 10 15:47:33 UTC 2020
auto.tcl: Setting watchdog for 200 seconds at Sat Oct 10 15:47:33 UTC 2020
2 ms. Memory: 51200K Free: 28081K (55%)
ptolemy.util.test.WatchDog.cancel(): canceling Sat Oct 10 15:47:33 UTC 2020
------------------ testing $PTII/ptolemy/domains/de/test/auto/triggerType.xml
auto.tcl: Setting watchdog for 200 seconds at Sat Oct 10 15:47:33 UTC 2020
1 ms. Memory: 51200K Free: 32129K (63%)
ptolemy.util.test.WatchDog.cancel(): canceling Sat Oct 10 15:47:33 UTC 2020
auto.tcl: Setting watchdog for 200 seconds at Sat Oct 10 15:47:33 UTC 2020
2 ms. Memory: 51200K Free: 31113K (61%)
ptolemy.util.test.WatchDog.cancel(): canceling Sat Oct 10 15:47:33 UTC 2020
10/10/20 03:47:33
Failed: 0  Total Tests: 192  ((Passed: 187, Newly Passed: 1)  Known Failed: 5) /home/travis/build/icyphy/ptII/ptolemy/domains/de/test
10/10/20 03:47:33
Failed: 0  Total Tests: 192  ((Passed: 187, Newly Passed: 1)  Known Failed: 5) /home/travis/build/icyphy/ptII/ptolemy/domains/de/test
----------------- testing (KnownFailure) /home/travis/build/icyphy/ptII/ptolemy/domains/de/test/auto/knownFailedTests/DESDFClockTest.xml
2011 ms. Memory: 51200K Free: 25014K (49%)
Known Failure: java.lang.reflect.InvocationTargetException
----------------- testing (KnownFailure) /home/travis/build/icyphy/ptII/ptolemy/domains/de/test/auto/knownFailedTests/DirectFeedback.xml
2 ms. Memory: 51200K Free: 20918K (41%)
Known Failure: java.lang.reflect.InvocationTargetException
----------------- testing (KnownFailure) /home/travis/build/icyphy/ptII/ptolemy/domains/de/test/auto/knownFailedTests/FSMSource.xml
5 ms. Memory: 51200K Free: 13750K (27%)
----------------- testing (KnownFailure) /home/travis/build/icyphy/ptII/ptolemy/domains/de/test/auto/knownFailedTests/HierarchicalModel.xml
2 ms. Memory: 51200K Free: 25981K (51%)
Known Failure: java.lang.reflect.InvocationTargetException
----------------- testing (KnownFailure) /home/travis/build/icyphy/ptII/ptolemy/domains/de/test/auto/knownFailedTests/dependencyLoop.xml
3 ms. Memory: 51200K Free: 10669K (21%)
Known Failure: java.lang.reflect.InvocationTargetException
----------------- testing (KnownFailure) /home/travis/build/icyphy/ptII/ptolemy/domains/de/test/auto/knownFailedTests/dependencyLoop2.xml
10 ms. Memory: 51200K Free: 23501K (46%)
Known Failure: java.lang.reflect.InvocationTargetException
No auto/linux-amd64/*.xml tests in /home/travis/build/icyphy/ptII/ptolemy/domains/de/test
AutoTests.java: About to close Vertx.
AutoTests.java: Vertx closed.

===========================================================================================
----------------- testing Sat Oct 10 15:47:36 UTC 2020 /home/travis/build/icyphy/ptII/ptolemy/domains/de/test/auto/ActorDepthCalculation_actorWithoutPorts.xml
----------------- Instantiating /home/travis/build/icyphy/ptII/ptolemy/domains/de/test/auto/ActorDepthCalculation_actorWithoutPorts.xml
3 ms. Memory: 51200K Free: 17048K (33%)
----------------- Invoking toplevel() on ptolemy.moml.MoMLSimpleApplication@209bb545
----------------- Done invoking toplevel() on ptolemy.moml.MoMLSimpleApplication@209bb545
reloadAllAccessors: .ActorDepthCalculation_actorWithoutPorts

===========================================================================================
----------------- testing Sat Oct 10 15:47:36 UTC 2020 /home/travis/build/icyphy/ptII/ptolemy/domains/de/test/auto/AssemblyLine.xml
----------------- Instantiating /home/travis/build/icyphy/ptII/ptolemy/domains/de/test/auto/AssemblyLine.xml
3 ms. Memory: 51200K Free: 9880K (19%)
----------------- Invoking toplevel() on ptolemy.moml.MoMLSimpleApplication@39e64b1b
----------------- Done invoking toplevel() on ptolemy.moml.MoMLSimpleApplication@39e64b1b
reloadAllAccessors: .AssemblyLine

===========================================================================================
----------------- testing Sat Oct 10 15:47:36 UTC 2020 /home/travis/build/icyphy/ptII/ptolemy/domains/de/test/auto/CQBug1.xml
----------------- Instantiating /home/travis/build/icyphy/ptII/ptolemy/domains/de/test/auto/CQBug1.xml
1 ms. Memory: 51200K Free: 34674K (68%)
----------------- Invoking toplevel() on ptolemy.moml.MoMLSimpleApplication@58326ba2
----------------- Done invoking toplevel() on ptolemy.moml.MoMLSimpleApplication@58326ba2
reloadAllAccessors: .CQBug1

===========================================================================================
----------------- testing Sat Oct 10 15:47:36 UTC 2020 /home/travis/build/icyphy/ptII/ptolemy/domains/de/test/auto/CancelFireAt.xml
----------------- Instantiating /home/travis/build/icyphy/ptII/ptolemy/domains/de/test/auto/CancelFireAt.xml
1 ms. Memory: 51200K Free: 32043K (63%)
----------------- Invoking toplevel() on ptolemy.moml.MoMLSimpleApplication@75ee2e12
----------------- Done invoking toplevel() on ptolemy.moml.MoMLSimpleApplication@75ee2e12
reloadAllAccessors: .CancelFireAt

===========================================================================================
----------------- testing Sat Oct 10 15:47:36 UTC 2020 /home/travis/build/icyphy/ptII/ptolemy/domains/de/test/auto/CausalityAndComposabilityAnalysis.xml
----------------- Instantiating /home/travis/build/icyphy/ptII/ptolemy/domains/de/test/auto/CausalityAndComposabilityAnalysis.xml
8 ms. Memory: 51200K Free: 27880K (54%)
----------------- Invoking toplevel() on ptolemy.moml.MoMLSimpleApplication@67fda9c3
----------------- Done invoking toplevel() on ptolemy.moml.MoMLSimpleApplication@67fda9c3
reloadAllAccessors: .CausalityAndComposabilityAnalysis

===========================================================================================
----------------- testing Sat Oct 10 15:47:36 UTC 2020 /home/travis/build/icyphy/ptII/ptolemy/domains/de/test/auto/CausalityInterface1.xml
----------------- Instantiating /home/travis/build/icyphy/ptII/ptolemy/domains/de/test/auto/CausalityInterface1.xml
5 ms. Memory: 51200K Free: 22787K (45%)
----------------- Invoking toplevel() on ptolemy.moml.MoMLSimpleApplication@723a15e
----------------- Done invoking toplevel() on ptolemy.moml.MoMLSimpleApplication@723a15e
reloadAllAccessors: .CausalityInterface1

===========================================================================================
----------------- testing Sat Oct 10 15:47:36 UTC 2020 /home/travis/build/icyphy/ptII/ptolemy/domains/de/test/auto/CausalityInterface15.xml
----------------- Instantiating /home/travis/build/icyphy/ptII/ptolemy/domains/de/test/auto/CausalityInterface15.xml
2 ms. Memory: 51200K Free: 17236K (34%)
----------------- Invoking toplevel() on ptolemy.moml.MoMLSimpleApplication@6fc49d59
----------------- Done invoking toplevel() on ptolemy.moml.MoMLSimpleApplication@6fc49d59
reloadAllAccessors: .CausalityInterface15

===========================================================================================
----------------- testing Sat Oct 10 15:47:36 UTC 2020 /home/travis/build/icyphy/ptII/ptolemy/domains/de/test/auto/CausalityInterface2.xml
----------------- Instantiating /home/travis/build/icyphy/ptII/ptolemy/domains/de/test/auto/CausalityInterface2.xml
1 ms. Memory: 51200K Free: 12593K (25%)
[...]
	at ptolemy.actor.Manager.run(Manager.java:1263)
	at ptolemy.actor.Manager$PtolemyRunThread.run(Manager.java:1933)
java.lang.RuntimeException: Execution failed
	at ptolemy.moml.MoMLSimpleApplication$UnloadThread.run(MoMLSimpleApplication.java:402)
Caused by: ptolemy.kernel.util.IllegalActionException: Actor is not ready to fire.  Perhaps UpSample.prefire() returned false? Try debugging the actor by selecting "Listen to Actor".  Also, for SDF check moml for tokenConsumptionRate on input.
  in .DESDFClockTest.Play Bell.Copy1:SDF Director and .DESDFClockTest.Play Bell.UpSample
	at ptolemy.actor.sched.StaticSchedulingDirector.fire(StaticSchedulingDirector.java:227)
	at ptolemy.domains.sdf.kernel.SDFDirector.fire(SDFDirector.java:500)
	at ptolemy.actor.CompositeActor.fire(CompositeActor.java:455)
	at ptolemy.domains.de.kernel.DEDirector._fire(DEDirector.java:1949)
	at ptolemy.domains.de.kernel.DEDirector.fire(DEDirector.java:502)
	at ptolemy.actor.CompositeActor.fire(CompositeActor.java:455)
	at ptolemy.actor.Manager.iterate(Manager.java:851)
	at ptolemy.actor.Manager.execute(Manager.java:369)
	at ptolemy.actor.Manager.run(Manager.java:1263)
	at ptolemy.actor.Manager$PtolemyRunThread.run(Manager.java:1933)
java.lang.reflect.InvocationTargetException
	at java.base/jdk.internal.reflect.NativeConstructorAccessorImpl.newInstance0(Native Method)
	at java.base/jdk.internal.reflect.NativeConstructorAccessorImpl.newInstance(NativeConstructorAccessorImpl.java:62)
	at java.base/jdk.internal.reflect.DelegatingConstructorAccessorImpl.newInstance(DelegatingConstructorAccessorImpl.java:45)
	at java.base/java.lang.reflect.Constructor.newInstance(Constructor.java:490)
	at ptolemy.util.test.junit.AutoKnownFailedTests.RunModel(AutoKnownFailedTests.java:105)
	at java.base/jdk.internal.reflect.NativeMethodAccessorImpl.invoke0(Native Method)
	at java.base/jdk.internal.reflect.NativeMethodAccessorImpl.invoke(NativeMethodAccessorImpl.java:62)
	at java.base/jdk.internal.reflect.DelegatingMethodAccessorImpl.invoke(DelegatingMethodAccessorImpl.java:43)
	at java.base/java.lang.reflect.Method.invoke(Method.java:566)
	at org.junit.runners.model.FrameworkMethod$1.runReflectiveCall(FrameworkMethod.java:44)
	at org.junit.internal.runners.model.ReflectiveCallable.run(ReflectiveCallable.java:15)
	at org.junit.runners.model.FrameworkMethod.invokeExplosively(FrameworkMethod.java:41)
	at junitparams.internal.InvokeParameterisedMethod.evaluate(InvokeParameterisedMethod.java:102)
	at org.junit.internal.runners.statements.FailOnTimeout$1.run(FailOnTimeout.java:28)
Caused by: ptolemy.kernel.util.IllegalActionException: Actor is not ready to fire.  Perhaps UpSample.prefire() returned false? Try debugging the actor by selecting "Listen to Actor".  Also, for SDF check moml for tokenConsumptionRate on input.
  in .DESDFClockTest.Play Bell.Copy1:SDF Director and .DESDFClockTest.Play Bell.UpSample
	at ptolemy.actor.sched.StaticSchedulingDirector.fire(StaticSchedulingDirector.java:227)
	at ptolemy.domains.sdf.kernel.SDFDirector.fire(SDFDirector.java:500)
	at ptolemy.actor.CompositeActor.fire(CompositeActor.java:455)
	at ptolemy.domains.de.kernel.DEDirector._fire(DEDirector.java:1949)
	at ptolemy.domains.de.kernel.DEDirector.fire(DEDirector.java:502)
	at ptolemy.actor.CompositeActor.fire(CompositeActor.java:455)
	at ptolemy.actor.Manager.iterate(Manager.java:851)
	at ptolemy.actor.Manager.execute(Manager.java:369)
	at ptolemy.actor.Manager.run(Manager.java:1263)
	at ptolemy.actor.Manager$PtolemyRunThread.run(Manager.java:1933)
java.lang.RuntimeException: Execution failed
	at ptolemy.moml.MoMLSimpleApplication$UnloadThread.run(MoMLSimpleApplication.java:402)
Caused by: ptolemy.kernel.util.IllegalActionException: Test fails in iteration 1.
Value was: 1.0. Should have been: 2.0
  in .DirectFeedback.Test
	at ptolemy.actor.lib.Test.fire(Test.java:268)
	at ptolemy.domains.de.kernel.DEDirector._fire(DEDirector.java:1949)
	at ptolemy.domains.de.kernel.DEDirector.fire(DEDirector.java:502)
	at ptolemy.actor.CompositeActor.fire(CompositeActor.java:455)
	at ptolemy.actor.Manager.iterate(Manager.java:851)
	at ptolemy.actor.Manager.execute(Manager.java:369)
	at ptolemy.actor.Manager.run(Manager.java:1263)
	at ptolemy.actor.Manager$PtolemyRunThread.run(Manager.java:1933)
java.lang.reflect.InvocationTargetException
	at java.base/jdk.internal.reflect.NativeConstructorAccessorImpl.newInstance0(Native Method)
	at java.base/jdk.internal.reflect.NativeConstructorAccessorImpl.newInstance(NativeConstructorAccessorImpl.java:62)
	at java.base/jdk.internal.reflect.DelegatingConstructorAccessorImpl.newInstance(DelegatingConstructorAccessorImpl.java:45)
	at java.base/java.lang.reflect.Constructor.newInstance(Constructor.java:490)
	at ptolemy.util.test.junit.AutoKnownFailedTests.RunModel(AutoKnownFailedTests.java:105)
	at java.base/jdk.internal.reflect.NativeMethodAccessorImpl.invoke0(Native Method)
	at java.base/jdk.internal.reflect.NativeMethodAccessorImpl.invoke(NativeMethodAccessorImpl.java:62)
	at java.base/jdk.internal.reflect.DelegatingMethodAccessorImpl.invoke(DelegatingMethodAccessorImpl.java:43)
	at java.base/java.lang.reflect.Method.invoke(Method.java:566)
	at org.junit.runners.model.FrameworkMethod$1.runReflectiveCall(FrameworkMethod.java:44)
	at org.junit.internal.runners.model.ReflectiveCallable.run(ReflectiveCallable.java:15)
	at org.junit.runners.model.FrameworkMethod.invokeExplosively(FrameworkMethod.java:41)
	at junitparams.internal.InvokeParameterisedMethod.evaluate(InvokeParameterisedMethod.java:102)
	at org.junit.internal.runners.statements.FailOnTimeout$1.run(FailOnTimeout.java:28)
Caused by: ptolemy.kernel.util.IllegalActionException: Test fails in iteration 1.
Value was: 1.0. Should have been: 2.0
  in .DirectFeedback.Test
	at ptolemy.actor.lib.Test.fire(Test.java:268)
	at ptolemy.domains.de.kernel.DEDirector._fire(DEDirector.java:1949)
	at ptolemy.domains.de.kernel.DEDirector.fire(DEDirector.java:502)
	at ptolemy.actor.CompositeActor.fire(CompositeActor.java:455)
	at ptolemy.actor.Manager.iterate(Manager.java:851)
	at ptolemy.actor.Manager.execute(Manager.java:369)
	at ptolemy.actor.Manager.run(Manager.java:1263)
	at ptolemy.actor.Manager$PtolemyRunThread.run(Manager.java:1933)
java.lang.RuntimeException: Execution failed
	at ptolemy.moml.MoMLSimpleApplication$UnloadThread.run(MoMLSimpleApplication.java:402)
Caused by: ptolemy.kernel.util.IllegalActionException: Found a zero delay loop containing .HierarchicalModel.A
  in .HierarchicalModel and .HierarchicalModel.A
	at ptolemy.actor.util.CausalityInterfaceForComposites._computeOutputPortDepth(CausalityInterfaceForComposites.java:759)
	at ptolemy.actor.util.CausalityInterfaceForComposites._computeInputDepth(CausalityInterfaceForComposites.java:696)
	at ptolemy.actor.util.CausalityInterfaceForComposites._computeOutputPortDepth(CausalityInterfaceForComposites.java:765)
	at ptolemy.actor.util.CausalityInterfaceForComposites._computeInputDepth(CausalityInterfaceForComposites.java:696)
	at ptolemy.actor.util.CausalityInterfaceForComposites._computeOutputPortDepth(CausalityInterfaceForComposites.java:765)
	at ptolemy.actor.util.CausalityInterfaceForComposites._computeInputDepth(CausalityInterfaceForComposites.java:696)
	at ptolemy.actor.util.CausalityInterfaceForComposites._computeActorDepth(CausalityInterfaceForComposites.java:532)
	at ptolemy.actor.util.CausalityInterfaceForComposites.checkForCycles(CausalityInterfaceForComposites.java:96)
	at ptolemy.domains.de.kernel.DEDirector.preinitialize(DEDirector.java:1338)
	at ptolemy.actor.CompositeActor.preinitialize(CompositeActor.java:1828)
	at ptolemy.actor.Manager.preinitializeAndResolveTypes(Manager.java:1040)
	at ptolemy.actor.Manager.initialize(Manager.java:710)
	at ptolemy.actor.Manager.execute(Manager.java:356)
	at ptolemy.actor.Manager.run(Manager.java:1263)
	at ptolemy.actor.Manager$PtolemyRunThread.run(Manager.java:1933)
java.lang.reflect.InvocationTargetException
	at java.base/jdk.internal.reflect.NativeConstructorAccessorImpl.newInstance0(Native Method)
	at java.base/jdk.internal.reflect.NativeConstructorAccessorImpl.newInstance(NativeConstructorAccessorImpl.java:62)
	at java.base/jdk.internal.reflect.DelegatingConstructorAccessorImpl.newInstance(DelegatingConstructorAccessorImpl.java:45)
	at java.base/java.lang.reflect.Constructor.newInstance(Constructor.java:490)
	at ptolemy.util.test.junit.AutoKnownFailedTests.RunModel(AutoKnownFailedTests.java:105)
	at java.base/jdk.internal.reflect.NativeMethodAccessorImpl.invoke0(Native Method)
	at java.base/jdk.internal.reflect.NativeMethodAccessorImpl.invoke(NativeMethodAccessorImpl.java:62)
	at java.base/jdk.internal.reflect.DelegatingMethodAccessorImpl.invoke(DelegatingMethodAccessorImpl.java:43)
	at java.base/java.lang.reflect.Method.invoke(Method.java:566)
	at org.junit.runners.model.FrameworkMethod$1.runReflectiveCall(FrameworkMethod.java:44)
	at org.junit.internal.runners.model.ReflectiveCallable.run(ReflectiveCallable.java:15)
	at org.junit.runners.model.FrameworkMethod.invokeExplosively(FrameworkMethod.java:41)
	at junitparams.internal.InvokeParameterisedMethod.evaluate(InvokeParameterisedMethod.java:102)
	at org.junit.internal.runners.statements.FailOnTimeout$1.run(FailOnTimeout.java:28)
Caused by: ptolemy.kernel.util.IllegalActionException: Found a zero delay loop containing .HierarchicalModel.A
  in .HierarchicalModel and .HierarchicalModel.A
	at ptolemy.actor.util.CausalityInterfaceForComposites._computeOutputPortDepth(CausalityInterfaceForComposites.java:759)
	at ptolemy.actor.util.CausalityInterfaceForComposites._computeInputDepth(CausalityInterfaceForComposites.java:696)
	at ptolemy.actor.util.CausalityInterfaceForComposites._computeOutputPortDepth(CausalityInterfaceForComposites.java:765)
	at ptolemy.actor.util.CausalityInterfaceForComposites._computeInputDepth(CausalityInterfaceForComposites.java:696)
	at ptolemy.actor.util.CausalityInterfaceForComposites._computeOutputPortDepth(CausalityInterfaceForComposites.java:765)
	at ptolemy.actor.util.CausalityInterfaceForComposites._computeInputDepth(CausalityInterfaceForComposites.java:696)
	at ptolemy.actor.util.CausalityInterfaceForComposites._computeActorDepth(CausalityInterfaceForComposites.java:532)
	at ptolemy.actor.util.CausalityInterfaceForComposites.checkForCycles(CausalityInterfaceForComposites.java:96)
	at ptolemy.domains.de.kernel.DEDirector.preinitialize(DEDirector.java:1338)
	at ptolemy.actor.CompositeActor.preinitialize(CompositeActor.java:1828)
	at ptolemy.actor.Manager.preinitializeAndResolveTypes(Manager.java:1040)
	at ptolemy.actor.Manager.initialize(Manager.java:710)
	at ptolemy.actor.Manager.execute(Manager.java:356)
	at ptolemy.actor.Manager.run(Manager.java:1263)
	at ptolemy.actor.Manager$PtolemyRunThread.run(Manager.java:1933)
java.lang.RuntimeException: Execution failed
	at ptolemy.moml.MoMLSimpleApplication$UnloadThread.run(MoMLSimpleApplication.java:402)
Caused by: ptolemy.kernel.util.IllegalActionException: Found a zero delay loop containing .dependencyLoop.original
  in .dependencyLoop and .dependencyLoop.original
	at ptolemy.actor.util.CausalityInterfaceForComposites._computeOutputPortDepth(CausalityInterfaceForComposites.java:759)
	at ptolemy.actor.util.CausalityInterfaceForComposites._computeInputDepth(CausalityInterfaceForComposites.java:696)
	at ptolemy.actor.util.CausalityInterfaceForComposites._computeOutputPortDepth(CausalityInterfaceForComposites.java:765)
	at ptolemy.actor.util.CausalityInterfaceForComposites._computeInputDepth(CausalityInterfaceForComposites.java:696)
	at ptolemy.actor.util.CausalityInterfaceForComposites._computeOutputPortDepth(CausalityInterfaceForComposites.java:765)
	at ptolemy.actor.util.CausalityInterfaceForComposites._computeInputDepth(CausalityInterfaceForComposites.java:696)
	at ptolemy.actor.util.CausalityInterfaceForComposites._computeActorDepth(CausalityInterfaceForComposites.java:532)
	at ptolemy.actor.util.CausalityInterfaceForComposites.checkForCycles(CausalityInterfaceForComposites.java:96)
	at ptolemy.domains.de.kernel.DEDirector.preinitialize(DEDirector.java:1338)
	at ptolemy.actor.CompositeActor.preinitialize(CompositeActor.java:1828)
	at ptolemy.actor.Manager.preinitializeAndResolveTypes(Manager.java:1040)
	at ptolemy.actor.Manager.initialize(Manager.java:710)
	at ptolemy.actor.Manager.execute(Manager.java:356)
	at ptolemy.actor.Manager.run(Manager.java:1263)
	at ptolemy.actor.Manager$PtolemyRunThread.run(Manager.java:1933)
java.lang.reflect.InvocationTargetException
	at java.base/jdk.internal.reflect.NativeConstructorAccessorImpl.newInstance0(Native Method)
	at java.base/jdk.internal.reflect.NativeConstructorAccessorImpl.newInstance(NativeConstructorAccessorImpl.java:62)
	at java.base/jdk.internal.reflect.DelegatingConstructorAccessorImpl.newInstance(DelegatingConstructorAccessorImpl.java:45)
	at java.base/java.lang.reflect.Constructor.newInstance(Constructor.java:490)
	at ptolemy.util.test.junit.AutoKnownFailedTests.RunModel(AutoKnownFailedTests.java:105)
	at java.base/jdk.internal.reflect.NativeMethodAccessorImpl.invoke0(Native Method)
	at java.base/jdk.internal.reflect.NativeMethodAccessorImpl.invoke(NativeMethodAccessorImpl.java:62)
	at java.base/jdk.internal.reflect.DelegatingMethodAccessorImpl.invoke(DelegatingMethodAccessorImpl.java:43)
	at java.base/java.lang.reflect.Method.invoke(Method.java:566)
	at org.junit.runners.model.FrameworkMethod$1.runReflectiveCall(FrameworkMethod.java:44)
	at org.junit.internal.runners.model.ReflectiveCallable.run(ReflectiveCallable.java:15)
	at org.junit.runners.model.FrameworkMethod.invokeExplosively(FrameworkMethod.java:41)
	at junitparams.internal.InvokeParameterisedMethod.evaluate(InvokeParameterisedMethod.java:102)
	at org.junit.internal.runners.statements.FailOnTimeout$1.run(FailOnTimeout.java:28)
Caused by: ptolemy.kernel.util.IllegalActionException: Found a zero delay loop containing .dependencyLoop.original
  in .dependencyLoop and .dependencyLoop.original
	at ptolemy.actor.util.CausalityInterfaceForComposites._computeOutputPortDepth(CausalityInterfaceForComposites.java:759)
	at ptolemy.actor.util.CausalityInterfaceForComposites._computeInputDepth(CausalityInterfaceForComposites.java:696)
	at ptolemy.actor.util.CausalityInterfaceForComposites._computeOutputPortDepth(CausalityInterfaceForComposites.java:765)
	at ptolemy.actor.util.CausalityInterfaceForComposites._computeInputDepth(CausalityInterfaceForComposites.java:696)
	at ptolemy.actor.util.CausalityInterfaceForComposites._computeOutputPortDepth(CausalityInterfaceForComposites.java:765)
	at ptolemy.actor.util.CausalityInterfaceForComposites._computeInputDepth(CausalityInterfaceForComposites.java:696)
	at ptolemy.actor.util.CausalityInterfaceForComposites._computeActorDepth(CausalityInterfaceForComposites.java:532)
	at ptolemy.actor.util.CausalityInterfaceForComposites.checkForCycles(CausalityInterfaceForComposites.java:96)
	at ptolemy.domains.de.kernel.DEDirector.preinitialize(DEDirector.java:1338)
	at ptolemy.actor.CompositeActor.preinitialize(CompositeActor.java:1828)
	at ptolemy.actor.Manager.preinitializeAndResolveTypes(Manager.java:1040)
	at ptolemy.actor.Manager.initialize(Manager.java:710)
	at ptolemy.actor.Manager.execute(Manager.java:356)
	at ptolemy.actor.Manager.run(Manager.java:1263)
	at ptolemy.actor.Manager$PtolemyRunThread.run(Manager.java:1933)
java.lang.RuntimeException: Execution failed
	at ptolemy.moml.MoMLSimpleApplication$UnloadThread.run(MoMLSimpleApplication.java:402)
Caused by: ptolemy.kernel.util.IllegalActionException: Found a zero delay loop containing .dependencyLoop2.original
  in .dependencyLoop2 and .dependencyLoop2.original
	at ptolemy.actor.util.CausalityInterfaceForComposites._computeOutputPortDepth(CausalityInterfaceForComposites.java:759)
	at ptolemy.actor.util.CausalityInterfaceForComposites._computeInputDepth(CausalityInterfaceForComposites.java:696)
	at ptolemy.actor.util.CausalityInterfaceForComposites._computeOutputPortDepth(CausalityInterfaceForComposites.java:765)
	at ptolemy.actor.util.CausalityInterfaceForComposites._computeInputDepth(CausalityInterfaceForComposites.java:696)
	at ptolemy.actor.util.CausalityInterfaceForComposites._computeOutputPortDepth(CausalityInterfaceForComposites.java:765)
	at ptolemy.actor.util.CausalityInterfaceForComposites._computeInputDepth(CausalityInterfaceForComposites.java:696)
	at ptolemy.actor.util.CausalityInterfaceForComposites._computeActorDepth(CausalityInterfaceForComposites.java:532)
	at ptolemy.actor.util.CausalityInterfaceForComposites.checkForCycles(CausalityInterfaceForComposites.java:96)
	at ptolemy.domains.de.kernel.DEDirector.preinitialize(DEDirector.java:1338)
	at ptolemy.actor.CompositeActor.preinitialize(CompositeActor.java:1828)
	at ptolemy.actor.Manager.preinitializeAndResolveTypes(Manager.java:1040)
	at ptolemy.actor.Manager.initialize(Manager.java:710)
	at ptolemy.actor.Manager.execute(Manager.java:356)
	at ptolemy.actor.Manager.run(Manager.java:1263)
	at ptolemy.actor.Manager$PtolemyRunThread.run(Manager.java:1933)
java.lang.reflect.InvocationTargetException
	at java.base/jdk.internal.reflect.NativeConstructorAccessorImpl.newInstance0(Native Method)
	at java.base/jdk.internal.reflect.NativeConstructorAccessorImpl.newInstance(NativeConstructorAccessorImpl.java:62)
	at java.base/jdk.internal.reflect.DelegatingConstructorAccessorImpl.newInstance(DelegatingConstructorAccessorImpl.java:45)
	at java.base/java.lang.reflect.Constructor.newInstance(Constructor.java:490)
	at ptolemy.util.test.junit.AutoKnownFailedTests.RunModel(AutoKnownFailedTests.java:105)
	at java.base/jdk.internal.reflect.NativeMethodAccessorImpl.invoke0(Native Method)
	at java.base/jdk.internal.reflect.NativeMethodAccessorImpl.invoke(NativeMethodAccessorImpl.java:62)
	at java.base/jdk.internal.reflect.DelegatingMethodAccessorImpl.invoke(DelegatingMethodAccessorImpl.java:43)
	at java.base/java.lang.reflect.Method.invoke(Method.java:566)
	at org.junit.runners.model.FrameworkMethod$1.runReflectiveCall(FrameworkMethod.java:44)
	at org.junit.internal.runners.model.ReflectiveCallable.run(ReflectiveCallable.java:15)
	at org.junit.runners.model.FrameworkMethod.invokeExplosively(FrameworkMethod.java:41)
	at junitparams.internal.InvokeParameterisedMethod.evaluate(InvokeParameterisedMethod.java:102)
	at org.junit.internal.runners.statements.FailOnTimeout$1.run(FailOnTimeout.java:28)
Caused by: ptolemy.kernel.util.IllegalActionException: Found a zero delay loop containing .dependencyLoop2.original
  in .dependencyLoop2 and .dependencyLoop2.original
	at ptolemy.actor.util.CausalityInterfaceForComposites._computeOutputPortDepth(CausalityInterfaceForComposites.java:759)
	at ptolemy.actor.util.CausalityInterfaceForComposites._computeInputDepth(CausalityInterfaceForComposites.java:696)
	at ptolemy.actor.util.CausalityInterfaceForComposites._computeOutputPortDepth(CausalityInterfaceForComposites.java:765)
	at ptolemy.actor.util.CausalityInterfaceForComposites._computeInputDepth(CausalityInterfaceForComposites.java:696)
	at ptolemy.actor.util.CausalityInterfaceForComposites._computeOutputPortDepth(CausalityInterfaceForComposites.java:765)
	at ptolemy.actor.util.CausalityInterfaceForComposites._computeInputDepth(CausalityInterfaceForComposites.java:696)
	at ptolemy.actor.util.CausalityInterfaceForComposites._computeActorDepth(CausalityInterfaceForComposites.java:532)
	at ptolemy.actor.util.CausalityInterfaceForComposites.checkForCycles(CausalityInterfaceForComposites.java:96)
	at ptolemy.domains.de.kernel.DEDirector.preinitialize(DEDirector.java:1338)
	at ptolemy.actor.CompositeActor.preinitialize(CompositeActor.java:1828)
	at ptolemy.actor.Manager.preinitializeAndResolveTypes(Manager.java:1040)
	at ptolemy.actor.Manager.initialize(Manager.java:710)
	at ptolemy.actor.Manager.execute(Manager.java:356)
	at ptolemy.actor.Manager.run(Manager.java:1263)
	at ptolemy.actor.Manager$PtolemyRunThread.run(Manager.java:1933)
]]></system-err>
</testsuite>
