<?xml version="1.0" encoding="UTF-8" ?>
<testsuite errors="0" failures="0" hostname="travis-job-f0a731fa-a25b-4110-b5da-32d3bcf9603b" name="org.terraswarm.accessor.test.junit.JUnitTclTest" skipped="0" tests="30" time="138.188" timestamp="2019-04-13T03:49:04">
  <properties>
[...]
</properties>
  <testcase classname="ptolemy.util.test.junit.TclTests" name="[0] /home/travis/build/icyphy/ptII/org/terraswarm/accessor/test/JSAccessor.tcl (RunTclFile)" time="14.968" />
  <testcase classname="ptolemy.util.test.junit.AutoKnownFailedTests" name="[0] ThereAreNoKnowFailedTests (RunModel)" time="0.0" />
  <testcase classname="ptolemy.util.test.junit.AutoNameArchTests" name="[0] ThereAreNoAutoArchTests (RunModel)" time="0.002" />
  <testcase classname="ptolemy.util.test.junit.AutoTests" name="[0] /home/travis/build/icyphy/ptII/org/terraswarm/accessor/test/auto/AccessViolation.xml (RunModel)" time="2.746" />
  <testcase classname="ptolemy.util.test.junit.AutoTests" name="[1] /home/travis/build/icyphy/ptII/org/terraswarm/accessor/test/auto/AccessViolation2.xml (RunModel)" time="2.378" />
  <testcase classname="ptolemy.util.test.junit.AutoTests" name="[2] /home/travis/build/icyphy/ptII/org/terraswarm/accessor/test/auto/Accessor1.xml (RunModel)" time="4.579" />
  <testcase classname="ptolemy.util.test.junit.AutoTests" name="[3] /home/travis/build/icyphy/ptII/org/terraswarm/accessor/test/auto/Accessor2.xml (RunModel)" time="1.958" />
  <testcase classname="ptolemy.util.test.junit.AutoTests" name="[4] /home/travis/build/icyphy/ptII/org/terraswarm/accessor/test/auto/CallbackWithSuppress.xml (RunModel)" time="24.005" />
  <testcase classname="ptolemy.util.test.junit.AutoTests" name="[5] /home/travis/build/icyphy/ptII/org/terraswarm/accessor/test/auto/Derived.xml (RunModel)" time="2.439" />
  <testcase classname="ptolemy.util.test.junit.AutoTests" name="[6] /home/travis/build/icyphy/ptII/org/terraswarm/accessor/test/auto/Derived2.xml (RunModel)" time="2.289" />
  <testcase classname="ptolemy.util.test.junit.AutoTests" name="[7] /home/travis/build/icyphy/ptII/org/terraswarm/accessor/test/auto/Derived3.xml (RunModel)" time="1.678" />
  <testcase classname="ptolemy.util.test.junit.AutoTests" name="[8] /home/travis/build/icyphy/ptII/org/terraswarm/accessor/test/auto/Derived4.xml (RunModel)" time="1.762" />
  <testcase classname="ptolemy.util.test.junit.AutoTests" name="[9] /home/travis/build/icyphy/ptII/org/terraswarm/accessor/test/auto/Derived5.xml (RunModel)" time="1.736" />
  <testcase classname="ptolemy.util.test.junit.AutoTests" name="[10] /home/travis/build/icyphy/ptII/org/terraswarm/accessor/test/auto/Derived6.xml (RunModel)" time="1.699" />
  <testcase classname="ptolemy.util.test.junit.AutoTests" name="[11] /home/travis/build/icyphy/ptII/org/terraswarm/accessor/test/auto/Derived8.xml (RunModel)" time="2.072" />
  <testcase classname="ptolemy.util.test.junit.AutoTests" name="[12] /home/travis/build/icyphy/ptII/org/terraswarm/accessor/test/auto/Derived9.xml (RunModel)" time="1.717" />
  <testcase classname="ptolemy.util.test.junit.AutoTests" name="[13] /home/travis/build/icyphy/ptII/org/terraswarm/accessor/test/auto/DerivedAgain.xml (RunModel)" time="2.909" />
  <testcase classname="ptolemy.util.test.junit.AutoTests" name="[14] /home/travis/build/icyphy/ptII/org/terraswarm/accessor/test/auto/DerivedAgain2.xml (RunModel)" time="2.668" />
  <testcase classname="ptolemy.util.test.junit.AutoTests" name="[15] /home/travis/build/icyphy/ptII/org/terraswarm/accessor/test/auto/DerivedAgain4.xml (RunModel)" time="1.512" />
  <testcase classname="ptolemy.util.test.junit.AutoTests" name="[16] /home/travis/build/icyphy/ptII/org/terraswarm/accessor/test/auto/DerivedAgain5.xml (RunModel)" time="2.146" />
  <testcase classname="ptolemy.util.test.junit.AutoTests" name="[17] /home/travis/build/icyphy/ptII/org/terraswarm/accessor/test/auto/DerivedAgain6.xml (RunModel)" time="1.877" />
  <testcase classname="ptolemy.util.test.junit.AutoTests" name="[18] /home/travis/build/icyphy/ptII/org/terraswarm/accessor/test/auto/DerivedAgain7.xml (RunModel)" time="2.331" />
  <testcase classname="ptolemy.util.test.junit.AutoTests" name="[19] /home/travis/build/icyphy/ptII/org/terraswarm/accessor/test/auto/GetDate.xml (RunModel)" time="0.0" />
  <testcase classname="ptolemy.util.test.junit.AutoTests" name="[20] /home/travis/build/icyphy/ptII/org/terraswarm/accessor/test/auto/HandlerWithSuppress.xml (RunModel)" time="22.846" />
  <testcase classname="ptolemy.util.test.junit.AutoTests" name="[21] /home/travis/build/icyphy/ptII/org/terraswarm/accessor/test/auto/HttpRequest.xml (RunModel)" time="1.417" />
  <testcase classname="ptolemy.util.test.junit.AutoTests" name="[22] /home/travis/build/icyphy/ptII/org/terraswarm/accessor/test/auto/JSON.xml (RunModel)" time="3.653" />
  <testcase classname="ptolemy.util.test.junit.AutoTests" name="[23] /home/travis/build/icyphy/ptII/org/terraswarm/accessor/test/auto/ReadURL.xml (RunModel)" time="14.265" />
  <testcase classname="ptolemy.util.test.junit.AutoTests" name="[24] /home/travis/build/icyphy/ptII/org/terraswarm/accessor/test/auto/SendNullToOwnInput.xml (RunModel)" time="2.892" />
  <testcase classname="ptolemy.util.test.junit.AutoTests" name="[25] /home/travis/build/icyphy/ptII/org/terraswarm/accessor/test/auto/Stop.xml (RunModel)" time="9.847" />
  <testcase classname="ptolemy.util.test.junit.AutoTests" name="[26] /home/travis/build/icyphy/ptII/org/terraswarm/accessor/test/auto/Stop2.xml (RunModel)" time="3.4" />
  <system-out><![CDATA[/home/travis/build/icyphy/ptII/org/terraswarm/accessor/test/JSAccessor.tcl
testDefs.tcl: setting time out to 9000 seconds at Sat Apr 13 03:49:04 UTC 2019
JSAccessor: PT_NO_NET environment variable is set, so git pull and ptdoc are not being run.
04/13/19 03:49:19
Failed: 0  Total Tests: 13  ((Passed: 13, Newly Passed: 0)  Known Failed: 0) /home/travis/build/icyphy/ptII/org/terraswarm/accessor/test
No auto/knownFailedTests/*.xml tests in /home/travis/build/icyphy/ptII/org/terraswarm/accessor/test
No auto/linux-amd64/*.xml tests in /home/travis/build/icyphy/ptII/org/terraswarm/accessor/test
AutoTests.java: About to close Vertx.
AutoTests.java: Vertx closed.

===========================================================================================
----------------- testing Sat Apr 13 03:49:20 UTC 2019 /home/travis/build/icyphy/ptII/org/terraswarm/accessor/test/auto/AccessViolation.xml
----------------- Instantiating /home/travis/build/icyphy/ptII/org/terraswarm/accessor/test/auto/AccessViolation.xml
1134 ms. Memory: 511488K Free: 222267K (43%)
----------------- Invoking toplevel() on ptolemy.moml.MoMLSimpleApplication@485aed05
----------------- Done invoking toplevel() on ptolemy.moml.MoMLSimpleApplication@485aed05
reloadAllAccessors: .AccessViolation
This is the first time that the reloadAllAccessors method has been invoked in this JVM, so the the accessors repo will be checked out or updated and JSDoc invoked. Note that running the tests may end up invoking a new JVM for each directory, so the repo may be checked out or updated and JSDoc invoked more than once when the tests are run.
-------------- Reloaded accessors, but skipping rerun for now. Sat Apr 13 03:49:22 UTC 2019 /home/travis/build/icyphy/ptII/org/terraswarm/accessor/test/auto/AccessViolation.xml

===========================================================================================
----------------- testing Sat Apr 13 03:49:22 UTC 2019 /home/travis/build/icyphy/ptII/org/terraswarm/accessor/test/auto/AccessViolation2.xml
----------------- Instantiating /home/travis/build/icyphy/ptII/org/terraswarm/accessor/test/auto/AccessViolation2.xml
1122 ms. Memory: 650240K Free: 283636K (44%)
----------------- Invoking toplevel() on ptolemy.moml.MoMLSimpleApplication@78977786
----------------- Done invoking toplevel() on ptolemy.moml.MoMLSimpleApplication@78977786
reloadAllAccessors: .AccessViolation2
-------------- Reloaded accessors, but skipping rerun for now. Sat Apr 13 03:49:25 UTC 2019 /home/travis/build/icyphy/ptII/org/terraswarm/accessor/test/auto/AccessViolation2.xml

===========================================================================================
----------------- testing Sat Apr 13 03:49:25 UTC 2019 /home/travis/build/icyphy/ptII/org/terraswarm/accessor/test/auto/Accessor1.xml
----------------- Instantiating /home/travis/build/icyphy/ptII/org/terraswarm/accessor/test/auto/Accessor1.xml
2318 ms. Memory: 875008K Free: 783569K (90%)
----------------- Invoking toplevel() on ptolemy.moml.MoMLSimpleApplication@7e57ba48
----------------- Done invoking toplevel() on ptolemy.moml.MoMLSimpleApplication@7e57ba48
reloadAllAccessors: .Accessor1
-------------- Reloaded accessors, but skipping rerun for now. Sat Apr 13 03:49:29 UTC 2019 /home/travis/build/icyphy/ptII/org/terraswarm/accessor/test/auto/Accessor1.xml

===========================================================================================
----------------- testing Sat Apr 13 03:49:29 UTC 2019 /home/travis/build/icyphy/ptII/org/terraswarm/accessor/test/auto/Accessor2.xml
----------------- Instantiating /home/travis/build/icyphy/ptII/org/terraswarm/accessor/test/auto/Accessor2.xml
978 ms. Memory: 875008K Free: 283405K (32%)
----------------- Invoking toplevel() on ptolemy.moml.MoMLSimpleApplication@3a7b5009
----------------- Done invoking toplevel() on ptolemy.moml.MoMLSimpleApplication@3a7b5009
reloadAllAccessors: .Accessor2
-------------- Reloaded accessors, but skipping rerun for now. Sat Apr 13 03:49:31 UTC 2019 /home/travis/build/icyphy/ptII/org/terraswarm/accessor/test/auto/Accessor2.xml

===========================================================================================
----------------- testing Sat Apr 13 03:49:31 UTC 2019 /home/travis/build/icyphy/ptII/org/terraswarm/accessor/test/auto/CallbackWithSuppress.xml
----------------- Instantiating /home/travis/build/icyphy/ptII/org/terraswarm/accessor/test/auto/CallbackWithSuppress.xml
21838 ms. Memory: 880128K Free: 196702K (22%)
----------------- Invoking toplevel() on ptolemy.moml.MoMLSimpleApplication@53f9fa64
----------------- Done invoking toplevel() on ptolemy.moml.MoMLSimpleApplication@53f9fa64
reloadAllAccessors: .CallbackWithSuppress
Accessors in test/auto do not typically have documentation, so we are not running jsdoc on file:/home/travis/build/icyphy/ptII/org/terraswarm/accessor/test/auto/accessors/CallbackWithSuppress.js
-------------- Reloaded accessors, but skipping rerun for now. Sat Apr 13 03:49:55 UTC 2019 /home/travis/build/icyphy/ptII/org/terraswarm/accessor/test/auto/CallbackWithSuppress.xml

===========================================================================================
----------------- testing Sat Apr 13 03:49:55 UTC 2019 /home/travis/build/icyphy/ptII/org/terraswarm/accessor/test/auto/Derived.xml
----------------- Instantiating /home/travis/build/icyphy/ptII/org/terraswarm/accessor/test/auto/Derived.xml
DerivedA: base set up (Thread[Thread-23,5,main])
DerivedA: derived set up (Thread[Thread-23,5,main])
DerivedA: base set up (Thread[Thread-23,5,main])
DerivedA: derived set up (Thread[Thread-23,5,main])
DerivedA: base set up (Thread[Derived,1,main])
DerivedA: derived set up (Thread[Derived,1,main])
DerivedA: base set up (Thread[Derived,1,main])
DerivedA: derived set up (Thread[Derived,1,main])
DerivedA: base set up (Thread[Derived,1,main])
DerivedA: derived set up (Thread[Derived,1,main])
DerivedA: base set up (Thread[Derived,1,main])
DerivedA: derived set up (Thread[Derived,1,main])
DerivedA: base set up (Thread[Derived,1,main])
DerivedA: derived set up (Thread[Derived,1,main])
DerivedA: base init (Thread[Derived,1,main])
DerivedA: derived init (Thread[Derived,1,main])
DerivedA: derived wrapped up (Thread[Derived,1,main])
1290 ms. Memory: 1036288K Free: 480778K (46%)
----------------- Invoking toplevel() on ptolemy.moml.MoMLSimpleApplication@2c786258
----------------- Done invoking toplevel() on ptolemy.moml.MoMLSimpleApplication@2c786258
reloadAllAccessors: .Derived
Accessors in test/auto do not typically have documentation, so we are not running jsdoc on file:/home/travis/build/icyphy/ptII/org/terraswarm/accessor/test/auto/accessors/DerivedA.js
DerivedA: base set up (Thread[Thread-23,5,main])
DerivedA: derived set up (Thread[Thread-23,5,main])
DerivedA: base set up (Thread[Thread-23,5,main])
DerivedA: derived set up (Thread[Thread-23,5,main])
-------------- Reloaded accessors, but skipping rerun for now. Sat Apr 13 03:49:58 UTC 2019 /home/travis/build/icyphy/ptII/org/terraswarm/accessor/test/auto/Derived.xml

===========================================================================================
----------------- testing Sat Apr 13 03:49:58 UTC 2019 /home/travis/build/icyphy/ptII/org/terraswarm/accessor/test/auto/Derived2.xml
----------------- Instantiating /home/travis/build/icyphy/ptII/org/terraswarm/accessor/test/auto/Derived2.xml
DerivedB2: printing non-prototype properties (Thread[Derived2,1,main])
DerivedB2: ssuper: [object Object] (Thread[Derived2,1,main])
DerivedB2: setup: function () {
        this.extend('BaseB');
    } (Thread[Derived2,1,main])
DerivedB2: inputHandler: function () {
    console.log('sending false');
    this.send('output', false);
} (Thread[Derived2,1,main])
DerivedB2: initialize: function () {
    exports.ssuper.initialize.call(this);
    printProperties(exports);
} (Thread[Derived2,1,main])
DerivedB2: printing protoytpe (Thread[Derived2,1,main])
DerivedB2: ssuper: [object Object] (Thread[Derived2,1,main])
DerivedB2: setup: function () {
        this.extend('BaseB');
    } (Thread[Derived2,1,main])
DerivedB2: initialize: function () {
    exports.ssuper.initialize.call(this);
    printProperties(exports);
} (Thread[Derived2,1,main])
DerivedB2: inputHandler: function () {
    console.log('sending false');
    this.send('output', false);
} (Thread[Derived2,1,main])
DerivedB2: sending false (Thread[Derived2,1,main])
1291 ms. Memory: 1075712K Free: 1031406K (96%)
----------------- Invoking toplevel() on ptolemy.moml.MoMLSimpleApplication@5e85ffcc
----------------- Done invoking toplevel() on ptolemy.moml.MoMLSimpleApplication@5e85ffcc
reloadAllAccessors: .Derived2
Accessors in test/auto do not typically have documentation, so we are not running jsdoc on file:/home/travis/build/icyphy/ptII/org/terraswarm/accessor/test/auto/accessors/DerivedB.js
-------------- Reloaded accessors, but skipping rerun for now. Sat Apr 13 03:50:00 UTC 2019 /home/travis/build/icyphy/ptII/org/terraswarm/accessor/test/auto/Derived2.xml

===========================================================================================
----------------- testing Sat Apr 13 03:50:00 UTC 2019 /home/travis/build/icyphy/ptII/org/terraswarm/accessor/test/auto/Derived3.xml
----------------- Instantiating /home/travis/build/icyphy/ptII/org/terraswarm/accessor/test/auto/Derived3.xml
895 ms. Memory: 1075712K Free: 617296K (57%)
----------------- Invoking toplevel() on ptolemy.moml.MoMLSimpleApplication@4c3b837c
----------------- Done invoking toplevel() on ptolemy.moml.MoMLSimpleApplication@4c3b837c
reloadAllAccessors: .Derived3
Accessors in test/auto do not typically have documentation, so we are not running jsdoc on file:/home/travis/build/icyphy/ptII/org/terraswarm/accessor/test/auto/accessors/DerivedC.js
-------------- Reloaded accessors, but skipping rerun for now. Sat Apr 13 03:50:02 UTC 2019 /home/travis/build/icyphy/ptII/org/terraswarm/accessor/test/auto/Derived3.xml

===========================================================================================
----------------- testing Sat Apr 13 03:50:02 UTC 2019 /home/travis/build/icyphy/ptII/org/terraswarm/accessor/test/auto/Derived4.xml
----------------- Instantiating /home/travis/build/icyphy/ptII/org/terraswarm/accessor/test/auto/Derived4.xml
936 ms. Memory: 1263616K Free: 1152271K (91%)
----------------- Invoking toplevel() on ptolemy.moml.MoMLSimpleApplication@22b93f98
----------------- Done invoking toplevel() on ptolemy.moml.MoMLSimpleApplication@22b93f98
reloadAllAccessors: .Derived4
Accessors in test/auto do not typically have documentation, so we are not running jsdoc on file:/home/travis/build/icyphy/ptII/org/terraswarm/accessor/test/auto/accessors/DerivedD.js
-------------- Reloaded accessors, but skipping rerun for now. Sat Apr 13 03:50:03 UTC 2019 /home/travis/build/icyphy/ptII/org/terraswarm/accessor/test/auto/Derived4.xml

===========================================================================================
----------------- testing Sat Apr 13 03:50:03 UTC 2019 /home/travis/build/icyphy/ptII/org/terraswarm/accessor/test/auto/Derived5.xml
----------------- Instantiating /home/travis/build/icyphy/ptII/org/terraswarm/accessor/test/auto/Derived5.xml
927 ms. Memory: 1263616K Free: 735608K (58%)
----------------- Invoking toplevel() on ptolemy.moml.MoMLSimpleApplication@6b5aaea1
----------------- Done invoking toplevel() on ptolemy.moml.MoMLSimpleApplication@6b5aaea1
reloadAllAccessors: .Derived5
Accessors in test/auto do not typically have documentation, so we are not running jsdoc on file:/home/travis/build/icyphy/ptII/org/terraswarm/accessor/test/auto/accessors/DerivedE.js
-------------- Reloaded accessors, but skipping rerun for now. Sat Apr 13 03:50:05 UTC 2019 /home/travis/build/icyphy/ptII/org/terraswarm/accessor/test/auto/Derived5.xml

===========================================================================================
----------------- testing Sat Apr 13 03:50:05 UTC 2019 /home/travis/build/icyphy/ptII/org/terraswarm/accessor/test/auto/Derived6.xml
----------------- Instantiating /home/travis/build/icyphy/ptII/org/terraswarm/accessor/test/auto/Derived6.xml
821 ms. Memory: 1263616K Free: 318931K (25%)
----------------- Invoking toplevel() on ptolemy.moml.MoMLSimpleApplication@420a0e1
----------------- Done invoking toplevel() on ptolemy.moml.MoMLSimpleApplication@420a0e1
reloadAllAccessors: .Derived6
Accessors in test/auto do not typically have documentation, so we are not running jsdoc on file:/home/travis/build/icyphy/ptII/org/terraswarm/accessor/test/auto/accessors/DerivedF.js
-------------- Reloaded accessors, but skipping rerun for now. Sat Apr 13 03:50:07 UTC 2019 /home/travis/build/icyphy/ptII/org/terraswarm/accessor/test/auto/Derived6.xml

===========================================================================================
----------------- testing Sat Apr 13 03:50:07 UTC 2019 /home/travis/build/icyphy/ptII/org/terraswarm/accessor/test/auto/Derived8.xml
----------------- Instantiating /home/travis/build/icyphy/ptII/org/terraswarm/accessor/test/auto/Derived8.xml
937 ms. Memory: 1271296K Free: 835333K (66%)
----------------- Invoking toplevel() on ptolemy.moml.MoMLSimpleApplication@586f2c27
----------------- Done invoking toplevel() on ptolemy.moml.MoMLSimpleApplication@586f2c27
reloadAllAccessors: .Derived8
Accessors in test/auto do not typically have documentation, so we are not running jsdoc on file:/home/travis/build/icyphy/ptII/org/terraswarm/accessor/test/auto/accessors/DerivedH.js
-------------- Reloaded accessors, but skipping rerun for now. Sat Apr 13 03:50:09 UTC 2019 /home/travis/build/icyphy/ptII/org/terraswarm/accessor/test/auto/Derived8.xml

===========================================================================================
----------------- testing Sat Apr 13 03:50:09 UTC 2019 /home/travis/build/icyphy/ptII/org/terraswarm/accessor/test/auto/Derived9.xml
----------------- Instantiating /home/travis/build/icyphy/ptII/org/terraswarm/accessor/test/auto/Derived9.xml
899 ms. Memory: 1271296K Free: 404545K (32%)
----------------- Invoking toplevel() on ptolemy.moml.MoMLSimpleApplication@19c0a9dc
----------------- Done invoking toplevel() on ptolemy.moml.MoMLSimpleApplication@19c0a9dc
reloadAllAccessors: .Derived9
Accessors in test/auto do not typically have documentation, so we are not running jsdoc on file:/home/travis/build/icyphy/ptII/org/terraswarm/accessor/test/auto/accessors/DerivedI.js
-------------- Reloaded accessors, but skipping rerun for now. Sat Apr 13 03:50:11 UTC 2019 /home/travis/build/icyphy/ptII/org/terraswarm/accessor/test/auto/Derived9.xml

===========================================================================================
----------------- testing Sat Apr 13 03:50:11 UTC 2019 /home/travis/build/icyphy/ptII/org/terraswarm/accessor/test/auto/DerivedAgain.xml
----------------- Instantiating /home/travis/build/icyphy/ptII/org/terraswarm/accessor/test/auto/DerivedAgain.xml
2129 ms. Memory: 1576448K Free: 1421311K (90%)
----------------- Invoking toplevel() on ptolemy.moml.MoMLSimpleApplication@3d7cfd09
----------------- Done invoking toplevel() on ptolemy.moml.MoMLSimpleApplication@3d7cfd09
reloadAllAccessors: .DerivedAgain
Accessors in test/auto do not typically have documentation, so we are not running jsdoc on file:/home/travis/build/icyphy/ptII/org/terraswarm/accessor/test/auto/accessors/DerivedAgainA.js
-------------- Reloaded accessors, but skipping rerun for now. Sat Apr 13 03:50:14 UTC 2019 /home/travis/build/icyphy/ptII/org/terraswarm/accessor/test/auto/DerivedAgain.xml

===========================================================================================
----------------- testing Sat Apr 13 03:50:14 UTC 2019 /home/travis/build/icyphy/ptII/org/terraswarm/accessor/test/auto/DerivedAgain2.xml
----------------- Instantiating /home/travis/build/icyphy/ptII/org/terraswarm/accessor/test/auto/DerivedAgain2.xml
1858 ms. Memory: 1576448K Free: 998696K (63%)
----------------- Invoking toplevel() on ptolemy.moml.MoMLSimpleApplication@47af5f2
----------------- Done invoking toplevel() on ptolemy.moml.MoMLSimpleApplication@47af5f2
reloadAllAccessors: .DerivedAgain2
Accessors in test/auto do not typically have documentation, so we are not running jsdoc on file:/home/travis/build/icyphy/ptII/org/terraswarm/accessor/test/auto/accessors/DerivedAgainB.js
-------------- Reloaded accessors, but skipping rerun for now. Sat Apr 13 03:50:16 UTC 2019 /home/travis/build/icyphy/ptII/org/terraswarm/accessor/test/auto/DerivedAgain2.xml

===========================================================================================
----------------- testing Sat Apr 13 03:50:16 UTC 2019 /home/travis/build/icyphy/ptII/org/terraswarm/accessor/test/auto/DerivedAgain4.xml
----------------- Instantiating /home/travis/build/icyphy/ptII/org/terraswarm/accessor/test/auto/DerivedAgain4.xml
763 ms. Memory: 1576448K Free: 575274K (36%)
----------------- Invoking toplevel() on ptolemy.moml.MoMLSimpleApplication@74d6ad42
----------------- Done invoking toplevel() on ptolemy.moml.MoMLSimpleApplication@74d6ad42
reloadAllAccessors: .DerivedAgain4
Accessors in test/auto do not typically have documentation, so we are not running jsdoc on file:/home/travis/build/icyphy/ptII/org/terraswarm/accessor/test/auto/accessors/DerivedAgainD.js
-------------- Reloaded accessors, but skipping rerun for now. Sat Apr 13 03:50:18 UTC 2019 /home/travis/build/icyphy/ptII/org/terraswarm/accessor/test/auto/DerivedAgain4.xml

===========================================================================================
----------------- testing Sat Apr 13 03:50:18 UTC 2019 /home/travis/build/icyphy/ptII/org/terraswarm/accessor/test/auto/DerivedAgain5.xml
----------------- Instantiating /home/travis/build/icyphy/ptII/org/terraswarm/accessor/test/auto/DerivedAgain5.xml
1261 ms. Memory: 1585152K Free: 1314911K (83%)
----------------- Invoking toplevel() on ptolemy.moml.MoMLSimpleApplication@5f89c875
----------------- Done invoking toplevel() on ptolemy.moml.MoMLSimpleApplication@5f89c875
reloadAllAccessors: .DerivedAgain5
Accessors in test/auto do not typically have documentation, so we are not running jsdoc on file:/home/travis/build/icyphy/ptII/org/terraswarm/accessor/test/auto/accessors/DerivedAgainE.js
-------------- Reloaded accessors, but skipping rerun for now. Sat Apr 13 03:50:20 UTC 2019 /home/travis/build/icyphy/ptII/org/terraswarm/accessor/test/auto/DerivedAgain5.xml

===========================================================================================
----------------- testing Sat Apr 13 03:50:20 UTC 2019 /home/travis/build/icyphy/ptII/org/terraswarm/accessor/test/auto/DerivedAgain6.xml
----------------- Instantiating /home/travis/build/icyphy/ptII/org/terraswarm/accessor/test/auto/DerivedAgain6.xml
764 ms. Memory: 1585152K Free: 798213K (50%)
----------------- Invoking toplevel() on ptolemy.moml.MoMLSimpleApplication@71830291
----------------- Done invoking toplevel() on ptolemy.moml.MoMLSimpleApplication@71830291
reloadAllAccessors: .DerivedAgain6
Accessors in test/auto do not typically have documentation, so we are not running jsdoc on file:/home/travis/build/icyphy/ptII/org/terraswarm/accessor/test/auto/accessors/DerivedAgainD.js
-------------- Reloaded accessors, but skipping rerun for now. Sat Apr 13 03:50:22 UTC 2019 /home/travis/build/icyphy/ptII/org/terraswarm/accessor/test/auto/DerivedAgain6.xml

===========================================================================================
----------------- testing Sat Apr 13 03:50:22 UTC 2019 /home/travis/build/icyphy/ptII/org/terraswarm/accessor/test/auto/DerivedAgain7.xml
----------------- Instantiating /home/travis/build/icyphy/ptII/org/terraswarm/accessor/test/auto/DerivedAgain7.xml
732 ms. Memory: 1585152K Free: 198255K (13%)
----------------- Invoking toplevel() on ptolemy.moml.MoMLSimpleApplication@53ac33d0
----------------- Done invoking toplevel() on ptolemy.moml.MoMLSimpleApplication@53ac33d0
reloadAllAccessors: .DerivedAgain7
Accessors in test/auto do not typically have documentation, so we are not running jsdoc on file:/home/travis/build/icyphy/ptII/org/terraswarm/accessor/test/auto/accessors/DerivedAgainD.js
-------------- Reloaded accessors, but skipping rerun for now. Sat Apr 13 03:50:24 UTC 2019 /home/travis/build/icyphy/ptII/org/terraswarm/accessor/test/auto/DerivedAgain7.xml

===========================================================================================
----------------- *** Skipping testing of /home/travis/build/icyphy/ptII/org/terraswarm/accessor/test/auto/GetDate.xml because it does fails under Travis.  To updated this list, edit ptolemy/util/test/junit/AutoTests.java

===========================================================================================
----------------- testing Sat Apr 13 03:50:24 UTC 2019 /home/travis/build/icyphy/ptII/org/terraswarm/accessor/test/auto/HandlerWithSuppress.xml
----------------- Instantiating /home/travis/build/icyphy/ptII/org/terraswarm/accessor/test/auto/HandlerWithSuppress.xml
21594 ms. Memory: 1805824K Free: 852746K (47%)
----------------- Invoking toplevel() on ptolemy.moml.MoMLSimpleApplication@20524748
----------------- Done invoking toplevel() on ptolemy.moml.MoMLSimpleApplication@20524748
reloadAllAccessors: .HandlerWithSuppress
Accessors in test/auto do not typically have documentation, so we are not running jsdoc on file:/home/travis/build/icyphy/ptII/org/terraswarm/accessor/test/auto/accessors/HandlerWithSuppress.js
-------------- Reloaded accessors, but skipping rerun for now. Sat Apr 13 03:50:47 UTC 2019 /home/travis/build/icyphy/ptII/org/terraswarm/accessor/test/auto/HandlerWithSuppress.xml

===========================================================================================
----------------- testing Sat Apr 13 03:50:47 UTC 2019 /home/travis/build/icyphy/ptII/org/terraswarm/accessor/test/auto/HttpRequest.xml
----------------- Instantiating /home/travis/build/icyphy/ptII/org/terraswarm/accessor/test/auto/HttpRequest.xml
766 ms. Memory: 1805824K Free: 370499K (21%)
----------------- Invoking toplevel() on ptolemy.moml.MoMLSimpleApplication@7bee1f03
----------------- Done invoking toplevel() on ptolemy.moml.MoMLSimpleApplication@7bee1f03
reloadAllAccessors: .HttpRequest
-------------- Reloaded accessors, but skipping rerun for now. Sat Apr 13 03:50:48 UTC 2019 /home/travis/build/icyphy/ptII/org/terraswarm/accessor/test/auto/HttpRequest.xml

===========================================================================================
----------------- testing Sat Apr 13 03:50:48 UTC 2019 /home/travis/build/icyphy/ptII/org/terraswarm/accessor/test/auto/JSON.xml
----------------- Instantiating /home/travis/build/icyphy/ptII/org/terraswarm/accessor/test/auto/JSON.xml
JavaScript: { data: 1 } (Thread[JSON,1,main])
JavaScript3: 1 (Thread[JSON,1,main])
2360 ms. Memory: 1850880K Free: 1338269K (72%)
----------------- Invoking toplevel() on ptolemy.moml.MoMLSimpleApplication@31fe980d
----------------- Done invoking toplevel() on ptolemy.moml.MoMLSimpleApplication@31fe980d
reloadAllAccessors: .JSON

===========================================================================================
----------------- testing Sat Apr 13 03:50:52 UTC 2019 /home/travis/build/icyphy/ptII/org/terraswarm/accessor/test/auto/ReadURL.xml
----------------- Instantiating /home/travis/build/icyphy/ptII/org/terraswarm/accessor/test/auto/ReadURL.xml
12027 ms. Memory: 1850880K Free: 364508K (20%)
----------------- Invoking toplevel() on ptolemy.moml.MoMLSimpleApplication@76a59f36
----------------- Done invoking toplevel() on ptolemy.moml.MoMLSimpleApplication@76a59f36
reloadAllAccessors: .ReadURL
-------------- Reloaded accessors, but skipping rerun for now. Sat Apr 13 03:51:06 UTC 2019 /home/travis/build/icyphy/ptII/org/terraswarm/accessor/test/auto/ReadURL.xml

===========================================================================================
----------------- testing Sat Apr 13 03:51:06 UTC 2019 /home/travis/build/icyphy/ptII/org/terraswarm/accessor/test/auto/SendNullToOwnInput.xml
----------------- Instantiating /home/travis/build/icyphy/ptII/org/terraswarm/accessor/test/auto/SendNullToOwnInput.xml
1428 ms. Memory: 1827328K Free: 902615K (49%)
----------------- Invoking toplevel() on ptolemy.moml.MoMLSimpleApplication@744bda7d
----------------- Done invoking toplevel() on ptolemy.moml.MoMLSimpleApplication@744bda7d
reloadAllAccessors: .SendNullToOwnInput
-------------- Reloaded accessors, but skipping rerun for now. Sat Apr 13 03:51:09 UTC 2019 /home/travis/build/icyphy/ptII/org/terraswarm/accessor/test/auto/SendNullToOwnInput.xml

===========================================================================================
----------------- testing Sat Apr 13 03:51:09 UTC 2019 /home/travis/build/icyphy/ptII/org/terraswarm/accessor/test/auto/Stop.xml
----------------- Instantiating /home/travis/build/icyphy/ptII/org/terraswarm/accessor/test/auto/Stop.xml
TextDisplayHelper: 0
TextDisplayHelper: 1
TextDisplayHelper: 2
TextDisplayHelper: 3
7145 ms. Memory: 1831424K Free: 948974K (52%)
----------------- Invoking toplevel() on ptolemy.moml.MoMLSimpleApplication@5c5a4ec2
----------------- Done invoking toplevel() on ptolemy.moml.MoMLSimpleApplication@5c5a4ec2
reloadAllAccessors: .Stop
-------------- Reloaded accessors, but skipping rerun for now. Sat Apr 13 03:51:19 UTC 2019 /home/travis/build/icyphy/ptII/org/terraswarm/accessor/test/auto/Stop.xml

===========================================================================================
----------------- testing Sat Apr 13 03:51:19 UTC 2019 /home/travis/build/icyphy/ptII/org/terraswarm/accessor/test/auto/Stop2.xml
----------------- Instantiating /home/travis/build/icyphy/ptII/org/terraswarm/accessor/test/auto/Stop2.xml
2599 ms. Memory: 1831424K Free: 377053K (21%)
----------------- Invoking toplevel() on ptolemy.moml.MoMLSimpleApplication@23954946
----------------- Done invoking toplevel() on ptolemy.moml.MoMLSimpleApplication@23954946
reloadAllAccessors: .Stop2
-------------- Reloaded accessors, but skipping rerun for now. Sat Apr 13 03:51:22 UTC 2019 /home/travis/build/icyphy/ptII/org/terraswarm/accessor/test/auto/Stop2.xml
AutoTests.java: About to close Vertx.
AutoTests.java: Vertx closed.
]]></system-out>
  <system-err><![CDATA[WARNING: CallbackWithSuppress: Model stopped before executing actions (e.g. producing outputs) scheduled for execution at times [21.0]
WARNING: HandlerWithSuppress: Model stopped before executing actions (e.g. producing outputs) scheduled for execution at times [21.0]
WARNING: TestSpontaneous: Model stopped before executing actions (e.g. producing outputs) scheduled for execution at times [5.0]
]]></system-err>
</testsuite>
