<?xml version="1.0" encoding="UTF-8" ?>
<testsuite errors="0" failures="0" hostname="travis-job-26c5a32f-742c-4189-9c38-11c6abce5aba" name="ptolemy.domains.de.test.junit.JUnitTclTest" skipped="0" tests="101" time="126.494" timestamp="2018-07-13T02:04:58">
  <properties>
[...]
</properties>
  <testcase classname="ptolemy.util.test.junit.TclTests" name="[0] /home/travis/build/icyphy/ptII/ptolemy/domains/de/test/DependencyLoop.tcl (RunTclFile)" time="0.669" />
  <testcase classname="ptolemy.util.test.junit.TclTests" name="[1] /home/travis/build/icyphy/ptII/ptolemy/domains/de/test/RunDETestsAsQSS.tcl (RunTclFile)" time="85.933" />
  <testcase classname="ptolemy.util.test.junit.AutoKnownFailedTests" name="[0] /home/travis/build/icyphy/ptII/ptolemy/domains/de/test/auto/knownFailedTests/DESDFClockTest.xml (RunModel)" time="2.039" />
  <testcase classname="ptolemy.util.test.junit.AutoKnownFailedTests" name="[1] /home/travis/build/icyphy/ptII/ptolemy/domains/de/test/auto/knownFailedTests/DirectFeedback.xml (RunModel)" time="0.019" />
  <testcase classname="ptolemy.util.test.junit.AutoKnownFailedTests" name="[2] /home/travis/build/icyphy/ptII/ptolemy/domains/de/test/auto/knownFailedTests/FSMSource.xml (RunModel)" time="0.018" />
  <testcase classname="ptolemy.util.test.junit.AutoKnownFailedTests" name="[3] /home/travis/build/icyphy/ptII/ptolemy/domains/de/test/auto/knownFailedTests/HierarchicalModel.xml (RunModel)" time="0.035" />
  <testcase classname="ptolemy.util.test.junit.AutoKnownFailedTests" name="[4] /home/travis/build/icyphy/ptII/ptolemy/domains/de/test/auto/knownFailedTests/dependencyLoop.xml (RunModel)" time="0.033" />
  <testcase classname="ptolemy.util.test.junit.AutoKnownFailedTests" name="[5] /home/travis/build/icyphy/ptII/ptolemy/domains/de/test/auto/knownFailedTests/dependencyLoop2.xml (RunModel)" time="0.034" />
  <testcase classname="ptolemy.util.test.junit.AutoNameArchTests" name="[0] ThereAreNoAutoArchTests (RunModel)" time="0.0" />
  <testcase classname="ptolemy.util.test.junit.AutoTests" name="[0] /home/travis/build/icyphy/ptII/ptolemy/domains/de/test/auto/ActorDepthCalculation_actorWithoutPorts.xml (RunModel)" time="0.011" />
  <testcase classname="ptolemy.util.test.junit.AutoTests" name="[1] /home/travis/build/icyphy/ptII/ptolemy/domains/de/test/auto/AssemblyLine.xml (RunModel)" time="0.014" />
  <testcase classname="ptolemy.util.test.junit.AutoTests" name="[2] /home/travis/build/icyphy/ptII/ptolemy/domains/de/test/auto/CQBug1.xml (RunModel)" time="0.007" />
  <testcase classname="ptolemy.util.test.junit.AutoTests" name="[3] /home/travis/build/icyphy/ptII/ptolemy/domains/de/test/auto/CancelFireAt.xml (RunModel)" time="0.005" />
  <testcase classname="ptolemy.util.test.junit.AutoTests" name="[4] /home/travis/build/icyphy/ptII/ptolemy/domains/de/test/auto/CausalityAndComposabilityAnalysis.xml (RunModel)" time="0.011" />
  <testcase classname="ptolemy.util.test.junit.AutoTests" name="[5] /home/travis/build/icyphy/ptII/ptolemy/domains/de/test/auto/CausalityInterface1.xml (RunModel)" time="0.012" />
  <testcase classname="ptolemy.util.test.junit.AutoTests" name="[6] /home/travis/build/icyphy/ptII/ptolemy/domains/de/test/auto/CausalityInterface15.xml (RunModel)" time="0.013" />
  <testcase classname="ptolemy.util.test.junit.AutoTests" name="[7] /home/travis/build/icyphy/ptII/ptolemy/domains/de/test/auto/CausalityInterface2.xml (RunModel)" time="0.01" />
  <testcase classname="ptolemy.util.test.junit.AutoTests" name="[8] /home/travis/build/icyphy/ptII/ptolemy/domains/de/test/auto/CausalityInterface3.xml (RunModel)" time="0.01" />
  <testcase classname="ptolemy.util.test.junit.AutoTests" name="[9] /home/travis/build/icyphy/ptII/ptolemy/domains/de/test/auto/ClockDrift.xml (RunModel)" time="0.029" />
  <testcase classname="ptolemy.util.test.junit.AutoTests" name="[10] /home/travis/build/icyphy/ptII/ptolemy/domains/de/test/auto/ClockDriftAndValueChange.xml (RunModel)" time="0.03" />
  <testcase classname="ptolemy.util.test.junit.AutoTests" name="[11] /home/travis/build/icyphy/ptII/ptolemy/domains/de/test/auto/ClockDriftChange.xml (RunModel)" time="0.025" />
  <testcase classname="ptolemy.util.test.junit.AutoTests" name="[12] /home/travis/build/icyphy/ptII/ptolemy/domains/de/test/auto/ComposableCausalityAnalysis.xml (RunModel)" time="0.02" />
  <testcase classname="ptolemy.util.test.junit.AutoTests" name="[13] /home/travis/build/icyphy/ptII/ptolemy/domains/de/test/auto/DEFixedPointLimitation.xml (RunModel)" time="0.009" />
  <testcase classname="ptolemy.util.test.junit.AutoTests" name="[14] /home/travis/build/icyphy/ptII/ptolemy/domains/de/test/auto/DEScheduleTest.xml (RunModel)" time="0.036" />
  <testcase classname="ptolemy.util.test.junit.AutoTests" name="[15] /home/travis/build/icyphy/ptII/ptolemy/domains/de/test/auto/DEinDEwithStartTimes.xml (RunModel)" time="0.013" />
  <testcase classname="ptolemy.util.test.junit.AutoTests" name="[16] /home/travis/build/icyphy/ptII/ptolemy/domains/de/test/auto/DEinDEwithStartTimes2.xml (RunModel)" time="0.016" />
  <testcase classname="ptolemy.util.test.junit.AutoTests" name="[17] /home/travis/build/icyphy/ptII/ptolemy/domains/de/test/auto/DateDemo.xml (RunModel)" time="0.025" />
  <testcase classname="ptolemy.util.test.junit.AutoTests" name="[18] /home/travis/build/icyphy/ptII/ptolemy/domains/de/test/auto/DateToEvent.xml (RunModel)" time="2.036" />
  <testcase classname="ptolemy.util.test.junit.AutoTests" name="[19] /home/travis/build/icyphy/ptII/ptolemy/domains/de/test/auto/DepthTest1.xml (RunModel)" time="0.01" />
  <testcase classname="ptolemy.util.test.junit.AutoTests" name="[20] /home/travis/build/icyphy/ptII/ptolemy/domains/de/test/auto/DepthTest2.xml (RunModel)" time="0.014" />
  <testcase classname="ptolemy.util.test.junit.AutoTests" name="[21] /home/travis/build/icyphy/ptII/ptolemy/domains/de/test/auto/DepthTest3.xml (RunModel)" time="0.006" />
  <testcase classname="ptolemy.util.test.junit.AutoTests" name="[22] /home/travis/build/icyphy/ptII/ptolemy/domains/de/test/auto/DepthTest4.xml (RunModel)" time="0.011" />
  <testcase classname="ptolemy.util.test.junit.AutoTests" name="[23] /home/travis/build/icyphy/ptII/ptolemy/domains/de/test/auto/DepthTest5.xml (RunModel)" time="0.011" />
  <testcase classname="ptolemy.util.test.junit.AutoTests" name="[24] /home/travis/build/icyphy/ptII/ptolemy/domains/de/test/auto/DepthTest6.xml (RunModel)" time="0.012" />
  <testcase classname="ptolemy.util.test.junit.AutoTests" name="[25] /home/travis/build/icyphy/ptII/ptolemy/domains/de/test/auto/DepthTest7.xml (RunModel)" time="0.011" />
  <testcase classname="ptolemy.util.test.junit.AutoTests" name="[26] /home/travis/build/icyphy/ptII/ptolemy/domains/de/test/auto/EventToDate.xml (RunModel)" time="3.028" />
  <testcase classname="ptolemy.util.test.junit.AutoTests" name="[27] /home/travis/build/icyphy/ptII/ptolemy/domains/de/test/auto/FSM1.xml (RunModel)" time="0.024" />
  <testcase classname="ptolemy.util.test.junit.AutoTests" name="[28] /home/travis/build/icyphy/ptII/ptolemy/domains/de/test/auto/FSM7.xml (RunModel)" time="0.023" />
  <testcase classname="ptolemy.util.test.junit.AutoTests" name="[29] /home/travis/build/icyphy/ptII/ptolemy/domains/de/test/auto/Inspection.xml (RunModel)" time="0.028" />
  <testcase classname="ptolemy.util.test.junit.AutoTests" name="[30] /home/travis/build/icyphy/ptII/ptolemy/domains/de/test/auto/Iteration.xml (RunModel)" time="0.014" />
  <testcase classname="ptolemy.util.test.junit.AutoTests" name="[31] /home/travis/build/icyphy/ptII/ptolemy/domains/de/test/auto/LineFault.xml (RunModel)" time="0.422" />
  <testcase classname="ptolemy.util.test.junit.AutoTests" name="[32] /home/travis/build/icyphy/ptII/ptolemy/domains/de/test/auto/MergeModel1Add.xml (RunModel)" time="0.037" />
  <testcase classname="ptolemy.util.test.junit.AutoTests" name="[33] /home/travis/build/icyphy/ptII/ptolemy/domains/de/test/auto/MergeModel2Add.xml (RunModel)" time="0.023" />
  <testcase classname="ptolemy.util.test.junit.AutoTests" name="[34] /home/travis/build/icyphy/ptII/ptolemy/domains/de/test/auto/MergeModel3Add.xml (RunModel)" time="0.032" />
  <testcase classname="ptolemy.util.test.junit.AutoTests" name="[35] /home/travis/build/icyphy/ptII/ptolemy/domains/de/test/auto/MergeWithoutDiscard.xml (RunModel)" time="0.008" />
  <testcase classname="ptolemy.util.test.junit.AutoTests" name="[36] /home/travis/build/icyphy/ptII/ptolemy/domains/de/test/auto/Modal1.xml (RunModel)" time="0.021" />
  <testcase classname="ptolemy.util.test.junit.AutoTests" name="[37] /home/travis/build/icyphy/ptII/ptolemy/domains/de/test/auto/Modal2.xml (RunModel)" time="0.02" />
  <testcase classname="ptolemy.util.test.junit.AutoTests" name="[38] /home/travis/build/icyphy/ptII/ptolemy/domains/de/test/auto/Modal3.xml (RunModel)" time="0.023" />
  <testcase classname="ptolemy.util.test.junit.AutoTests" name="[39] /home/travis/build/icyphy/ptII/ptolemy/domains/de/test/auto/Modal4.xml (RunModel)" time="0.02" />
  <testcase classname="ptolemy.util.test.junit.AutoTests" name="[40] /home/travis/build/icyphy/ptII/ptolemy/domains/de/test/auto/Modal5.xml (RunModel)" time="0.019" />
  <testcase classname="ptolemy.util.test.junit.AutoTests" name="[41] /home/travis/build/icyphy/ptII/ptolemy/domains/de/test/auto/Modal6.xml (RunModel)" time="0.019" />
  <testcase classname="ptolemy.util.test.junit.AutoTests" name="[42] /home/travis/build/icyphy/ptII/ptolemy/domains/de/test/auto/Modal7.xml (RunModel)" time="0.019" />
  <testcase classname="ptolemy.util.test.junit.AutoTests" name="[43] /home/travis/build/icyphy/ptII/ptolemy/domains/de/test/auto/ModalModel.xml (RunModel)" time="0.103" />
  <testcase classname="ptolemy.util.test.junit.AutoTests" name="[44] /home/travis/build/icyphy/ptII/ptolemy/domains/de/test/auto/ModalSource.xml (RunModel)" time="0.011" />
  <testcase classname="ptolemy.util.test.junit.AutoTests" name="[45] /home/travis/build/icyphy/ptII/ptolemy/domains/de/test/auto/NonInterruptibleTimerZeroDelay.xml (RunModel)" time="0.006" />
  <testcase classname="ptolemy.util.test.junit.AutoTests" name="[46] /home/travis/build/icyphy/ptII/ptolemy/domains/de/test/auto/OpenQueueingNetwork.xml (RunModel)" time="1.957" />
  <testcase classname="ptolemy.util.test.junit.AutoTests" name="[47] /home/travis/build/icyphy/ptII/ptolemy/domains/de/test/auto/OpenQueuingNetwork.xml (RunModel)" time="0.243" />
  <testcase classname="ptolemy.util.test.junit.AutoTests" name="[48] /home/travis/build/icyphy/ptII/ptolemy/domains/de/test/auto/PeriodicSampler.xml (RunModel)" time="0.011" />
  <testcase classname="ptolemy.util.test.junit.AutoTests" name="[49] /home/travis/build/icyphy/ptII/ptolemy/domains/de/test/auto/PersistentIO.xml (RunModel)" time="0.028" />
  <testcase classname="ptolemy.util.test.junit.AutoTests" name="[50] /home/travis/build/icyphy/ptII/ptolemy/domains/de/test/auto/PortParameterResetOnInitialize.xml (RunModel)" time="0.017" />
  <testcase classname="ptolemy.util.test.junit.AutoTests" name="[51] /home/travis/build/icyphy/ptII/ptolemy/domains/de/test/auto/PortParameterUpdates.xml (RunModel)" time="0.012" />
  <testcase classname="ptolemy.util.test.junit.AutoTests" name="[52] /home/travis/build/icyphy/ptII/ptolemy/domains/de/test/auto/QueueAndServer.xml (RunModel)" time="0.019" />
  <testcase classname="ptolemy.util.test.junit.AutoTests" name="[53] /home/travis/build/icyphy/ptII/ptolemy/domains/de/test/auto/Records.xml (RunModel)" time="0.016" />
  <testcase classname="ptolemy.util.test.junit.AutoTests" name="[54] /home/travis/build/icyphy/ptII/ptolemy/domains/de/test/auto/ResetTransitionWithStartTime1.xml (RunModel)" time="0.017" />
  <testcase classname="ptolemy.util.test.junit.AutoTests" name="[55] /home/travis/build/icyphy/ptII/ptolemy/domains/de/test/auto/ResetTransitionWithStartTime2.xml (RunModel)" time="0.021" />
  <testcase classname="ptolemy.util.test.junit.AutoTests" name="[56] /home/travis/build/icyphy/ptII/ptolemy/domains/de/test/auto/ResetTransitionWithStartTime3.xml (RunModel)" time="0.016" />
  <testcase classname="ptolemy.util.test.junit.AutoTests" name="[57] /home/travis/build/icyphy/ptII/ptolemy/domains/de/test/auto/ResetTransitionWithStartTime4.xml (RunModel)" time="0.017" />
  <testcase classname="ptolemy.util.test.junit.AutoTests" name="[58] /home/travis/build/icyphy/ptII/ptolemy/domains/de/test/auto/ResettableTimer1.xml (RunModel)" time="0.01" />
  <testcase classname="ptolemy.util.test.junit.AutoTests" name="[59] /home/travis/build/icyphy/ptII/ptolemy/domains/de/test/auto/ResettableTimer2.xml (RunModel)" time="0.008" />
  <testcase classname="ptolemy.util.test.junit.AutoTests" name="[60] /home/travis/build/icyphy/ptII/ptolemy/domains/de/test/auto/ResettableTimer3.xml (RunModel)" time="0.008" />
  <testcase classname="ptolemy.util.test.junit.AutoTests" name="[61] /home/travis/build/icyphy/ptII/ptolemy/domains/de/test/auto/ResettableTimer4.xml (RunModel)" time="0.007" />
  <testcase classname="ptolemy.util.test.junit.AutoTests" name="[62] /home/travis/build/icyphy/ptII/ptolemy/domains/de/test/auto/ResettableTimer5.xml (RunModel)" time="0.008" />
  <testcase classname="ptolemy.util.test.junit.AutoTests" name="[63] /home/travis/build/icyphy/ptII/ptolemy/domains/de/test/auto/ResettableTimer6.xml (RunModel)" time="0.019" />
  <testcase classname="ptolemy.util.test.junit.AutoTests" name="[64] /home/travis/build/icyphy/ptII/ptolemy/domains/de/test/auto/ServerZeroDelay.xml (RunModel)" time="0.014" />
  <testcase classname="ptolemy.util.test.junit.AutoTests" name="[65] /home/travis/build/icyphy/ptII/ptolemy/domains/de/test/auto/SmartSender.xml (RunModel)" time="3.008" />
  <testcase classname="ptolemy.util.test.junit.AutoTests" name="[66] /home/travis/build/icyphy/ptII/ptolemy/domains/de/test/auto/ThreadedComposite.xml (RunModel)" time="0.109" />
  <testcase classname="ptolemy.util.test.junit.AutoTests" name="[67] /home/travis/build/icyphy/ptII/ptolemy/domains/de/test/auto/Time.xml (RunModel)" time="0.427" />
  <testcase classname="ptolemy.util.test.junit.AutoTests" name="[68] /home/travis/build/icyphy/ptII/ptolemy/domains/de/test/auto/TimeDelayZeroDelay.xml (RunModel)" time="0.009" />
  <testcase classname="ptolemy.util.test.junit.AutoTests" name="[69] /home/travis/build/icyphy/ptII/ptolemy/domains/de/test/auto/TimerZeroDelay.xml (RunModel)" time="0.007" />
  <testcase classname="ptolemy.util.test.junit.AutoTests" name="[70] /home/travis/build/icyphy/ptII/ptolemy/domains/de/test/auto/TimingParadox.xml (RunModel)" time="0.323" />
  <testcase classname="ptolemy.util.test.junit.AutoTests" name="[71] /home/travis/build/icyphy/ptII/ptolemy/domains/de/test/auto/TransferInputs.xml (RunModel)" time="0.008" />
  <testcase classname="ptolemy.util.test.junit.AutoTests" name="[72] /home/travis/build/icyphy/ptII/ptolemy/domains/de/test/auto/TransferOutputs2.xml (RunModel)" time="0.013" />
  <testcase classname="ptolemy.util.test.junit.AutoTests" name="[73] /home/travis/build/icyphy/ptII/ptolemy/domains/de/test/auto/Trilateration.xml (RunModel)" time="12.616" />
  <testcase classname="ptolemy.util.test.junit.AutoTests" name="[74] /home/travis/build/icyphy/ptII/ptolemy/domains/de/test/auto/TwoSigmaDelta.xml (RunModel)" time="2.001" />
  <testcase classname="ptolemy.util.test.junit.AutoTests" name="[75] /home/travis/build/icyphy/ptII/ptolemy/domains/de/test/auto/VariableDelay.xml (RunModel)" time="0.009" />
  <testcase classname="ptolemy.util.test.junit.AutoTests" name="[76] /home/travis/build/icyphy/ptII/ptolemy/domains/de/test/auto/VariableDelay2.xml (RunModel)" time="0.008" />
  <testcase classname="ptolemy.util.test.junit.AutoTests" name="[77] /home/travis/build/icyphy/ptII/ptolemy/domains/de/test/auto/VariableDelayZeroDelay.xml (RunModel)" time="0.008" />
  <testcase classname="ptolemy.util.test.junit.AutoTests" name="[78] /home/travis/build/icyphy/ptII/ptolemy/domains/de/test/auto/VariableDelayZeroDelay2.xml (RunModel)" time="0.008" />
  <testcase classname="ptolemy.util.test.junit.AutoTests" name="[79] /home/travis/build/icyphy/ptII/ptolemy/domains/de/test/auto/deInCt.xml (RunModel)" time="0.013" />
  <testcase classname="ptolemy.util.test.junit.AutoTests" name="[80] /home/travis/build/icyphy/ptII/ptolemy/domains/de/test/auto/deInCt2.xml (RunModel)" time="0.025" />
  <testcase classname="ptolemy.util.test.junit.AutoTests" name="[81] /home/travis/build/icyphy/ptII/ptolemy/domains/de/test/auto/dynamicCausalityInterface1.xml (RunModel)" time="0.017" />
  <testcase classname="ptolemy.util.test.junit.AutoTests" name="[82] /home/travis/build/icyphy/ptII/ptolemy/domains/de/test/auto/fsm_de_test.xml (RunModel)" time="0.021" />
  <testcase classname="ptolemy.util.test.junit.AutoTests" name="[83] /home/travis/build/icyphy/ptII/ptolemy/domains/de/test/auto/functionDependencyReconstruction.xml (RunModel)" time="0.03" />
  <testcase classname="ptolemy.util.test.junit.AutoTests" name="[84] /home/travis/build/icyphy/ptII/ptolemy/domains/de/test/auto/multirate.xml (RunModel)" time="0.016" />
  <testcase classname="ptolemy.util.test.junit.AutoTests" name="[85] /home/travis/build/icyphy/ptII/ptolemy/domains/de/test/auto/multirate2.xml (RunModel)" time="0.013" />
  <testcase classname="ptolemy.util.test.junit.AutoTests" name="[86] /home/travis/build/icyphy/ptII/ptolemy/domains/de/test/auto/realtime.xml (RunModel)" time="10.009" />
  <testcase classname="ptolemy.util.test.junit.AutoTests" name="[87] /home/travis/build/icyphy/ptII/ptolemy/domains/de/test/auto/relationGroup.xml (RunModel)" time="0.007" />
  <testcase classname="ptolemy.util.test.junit.AutoTests" name="[88] /home/travis/build/icyphy/ptII/ptolemy/domains/de/test/auto/relationGroup2.xml (RunModel)" time="0.006" />
  <testcase classname="ptolemy.util.test.junit.AutoTests" name="[89] /home/travis/build/icyphy/ptII/ptolemy/domains/de/test/auto/sortWithOpaquePorts.xml (RunModel)" time="0.007" />
  <testcase classname="ptolemy.util.test.junit.AutoTests" name="[90] /home/travis/build/icyphy/ptII/ptolemy/domains/de/test/auto/transferInputsandOutputs.xml (RunModel)" time="0.013" />
  <testcase classname="ptolemy.util.test.junit.AutoTests" name="[91] /home/travis/build/icyphy/ptII/ptolemy/domains/de/test/auto/triggerType.xml (RunModel)" time="0.007" />
  <system-out><![CDATA[/home/travis/build/icyphy/ptII/ptolemy/domains/de/test/DependencyLoop.tcl
testDefs.tcl: setting time out to 9000 seconds at Fri Jul 13 02:04:58 UTC 2018
17 ms. Memory: 116224K Free: 93906K (81%)
5 ms. Memory: 146944K Free: 135025K (92%)
/home/travis/build/icyphy/ptII/ptolemy/domains/de/test/RunDETestsAsQSS.tcl
Run the DE tests using ptolemy.domains.qss.test.QSSDirectorTest, which extends QSSDirector and prints a message in the constructors.
------------------ testing $PTII/ptolemy/domains/de/test/auto/knownFailedTests/dependencyLoop.xml (Known Failure) 
14 ms. Memory: 146944K Free: 131904K (90%)


==== $PTIIhome/travis/build/icyphy/ptII/ptolemy/domains/de/test/../../../../: Auto Automatic test in file $PTII/ptolemy/domains/de/test/auto/knownFailedTests/dependencyLoop.xml
==== Contents of test case:

	    # FIXME: we should use $relativeFilename here, but it
	    # might have backslashes under Windows, which causes no end
	    # of trouble.
	    createAndExecute $file
	    list {}
	
.... Test generated KNOWN error:
    while executing
ptolemy.kernel.util.IllegalActionException: Found a zero delay loop containing .dependencyLoop.original
  in .dependencyLoop and .dependencyLoop.original
	at ptolemy.actor.util.CausalityInterfaceForComposites._computeOutputPortDepth(CausalityInterfaceForComposites.java:759)
	at ptolemy.actor.util.CausalityInterfaceForComposites._computeInputDepth(CausalityInterfaceForComposites.java:696)
	at ptolemy.actor.util.CausalityInterfaceForComposites._computeOutputPortDepth(CausalityInterfaceForComposites.java:765)
	at ptolemy.actor.util.CausalityInterfaceForComposites._computeInputDepth(CausalityInterfaceForComposites.java:696)
	at ptolemy.actor.util.CausalityInterfaceForComposites._computeOutputPortDepth(CausalityInterfaceForComposites.java:765)
	at ptolemy.actor.util.CausalityInterfaceForComposites._computeInputDepth(CausalityInterfaceForComposites.java:696)
	at ptolemy.actor.util.CausalityInterfaceForComposites._computeActorDepth(CausalityInterfaceForComposites.java:532)
	at ptolemy.actor.util.CausalityInterfaceForComposites.checkForCycles(CausalityInterfaceForComposites.java:96)
	at ptolemy.domains.de.kernel.DEDirector.preinitialize(DEDirector.java:1338)
	at ptolemy.actor.CompositeActor.preinitialize(CompositeActor.java:1828)
	at ptolemy.actor.Manager.preinitializeAndResolveTypes(Manager.java:1040)
	at ptolemy.actor.Manager.initialize(Manager.java:710)
	at ptolemy.actor.Manager.execute(Manager.java:356)
	at ptolemy.actor.Manager.run(Manager.java:1263)
	at ptolemy.actor.Manager$PtolemyRunThread.run(Manager.java:1915)

    while executing
ptolemy.kernel.util.IllegalActionException: Found a zero delay loop containing .dependencyLoop.original
  in .dependencyLoop and .dependencyLoop.original
    while executing
"java::new ptolemy.moml.MoMLSimpleApplication $file
"
    (procedure "createAndExecute" line 2)
    invoked from within
"createAndExecute $file"
    ("uplevel" body line 5)
    invoked from within
"uplevel $contents_of_test"
------------------ testing $PTII/ptolemy/domains/de/test/auto/knownFailedTests/DESDFClockTest.xml (Known Failure) 
2057 ms. Memory: 146944K Free: 116444K (79%)


==== $PTIIhome/travis/build/icyphy/ptII/ptolemy/domains/de/test/../../../../: Auto Automatic test in file $PTII/ptolemy/domains/de/test/auto/knownFailedTests/DESDFClockTest.xml
==== Contents of test case:

	    # FIXME: we should use $relativeFilename here, but it
	    # might have backslashes under Windows, which causes no end
	    # of trouble.
	    createAndExecute $file
	    list {}
	
.... Test generated KNOWN error:
    while executing
ptolemy.kernel.util.IllegalActionException: Actor is not ready to fire.  Perhaps UpSample.prefire() returned false? Try debugging the actor by selecting "Listen to Actor".  Also, for SDF check moml for tokenConsumptionRate on input.
  in .DESDFClockTest.Play Bell.Copy1:SDF Director and .DESDFClockTest.Play Bell.UpSample
	at ptolemy.actor.sched.StaticSchedulingDirector.fire(StaticSchedulingDirector.java:227)
	at ptolemy.domains.sdf.kernel.SDFDirector.fire(SDFDirector.java:500)
	at ptolemy.actor.CompositeActor.fire(CompositeActor.java:455)
	at ptolemy.domains.de.kernel.DEDirector._fire(DEDirector.java:1949)
	at ptolemy.domains.de.kernel.DEDirector.fire(DEDirector.java:502)
	at ptolemy.actor.CompositeActor.fire(CompositeActor.java:455)
	at ptolemy.actor.Manager.iterate(Manager.java:851)
	at ptolemy.actor.Manager.execute(Manager.java:369)
	at ptolemy.actor.Manager.run(Manager.java:1263)
	at ptolemy.actor.Manager$PtolemyRunThread.run(Manager.java:1915)

    while executing
ptolemy.kernel.util.IllegalActionException: Actor is not ready to fire.  Perhaps UpSample.prefire() returned false? Try debugging the actor by selecting "Listen to Actor".  Also, for SDF check moml for tokenConsumptionRate on input.
  in .DESDFClockTest.Play Bell.Copy1:SDF Director and .DESDFClockTest.Play Bell.UpSample
    while executing
"java::new ptolemy.moml.MoMLSimpleApplication $file
"
    (procedure "createAndExecute" line 2)
    invoked from within
"createAndExecute $file"
    ("uplevel" body line 5)
    invoked from within
"uplevel $contents_of_test"
------------------ testing $PTII/ptolemy/domains/de/test/auto/knownFailedTests/FSMSource.xml (Known Failure) 
34 ms. Memory: 146944K Free: 106844K (73%)
!!!! Auto was marked as failing, but now passes
------------------ testing $PTII/ptolemy/domains/de/test/auto/knownFailedTests/dependencyLoop2.xml (Known Failure) 
7 ms. Memory: 146944K Free: 104985K (71%)


==== $PTIIhome/travis/build/icyphy/ptII/ptolemy/domains/de/test/../../../../: Auto Automatic test in file $PTII/ptolemy/domains/de/test/auto/knownFailedTests/dependencyLoop2.xml
==== Contents of test case:

	    # FIXME: we should use $relativeFilename here, but it
	    # might have backslashes under Windows, which causes no end
	    # of trouble.
	    createAndExecute $file
	    list {}
	
.... Test generated KNOWN error:
    while executing
ptolemy.kernel.util.IllegalActionException: Found a zero delay loop containing .dependencyLoop2.original
  in .dependencyLoop2 and .dependencyLoop2.original
	at ptolemy.actor.util.CausalityInterfaceForComposites._computeOutputPortDepth(CausalityInterfaceForComposites.java:759)
	at ptolemy.actor.util.CausalityInterfaceForComposites._computeInputDepth(CausalityInterfaceForComposites.java:696)
	at ptolemy.actor.util.CausalityInterfaceForComposites._computeOutputPortDepth(CausalityInterfaceForComposites.java:765)
	at ptolemy.actor.util.CausalityInterfaceForComposites._computeInputDepth(CausalityInterfaceForComposites.java:696)
	at ptolemy.actor.util.CausalityInterfaceForComposites._computeOutputPortDepth(CausalityInterfaceForComposites.java:765)
	at ptolemy.actor.util.CausalityInterfaceForComposites._computeInputDepth(CausalityInterfaceForComposites.java:696)
	at ptolemy.actor.util.CausalityInterfaceForComposites._computeActorDepth(CausalityInterfaceForComposites.java:532)
	at ptolemy.actor.util.CausalityInterfaceForComposites.checkForCycles(CausalityInterfaceForComposites.java:96)
	at ptolemy.domains.de.kernel.DEDirector.preinitialize(DEDirector.java:1338)
	at ptolemy.actor.CompositeActor.preinitialize(CompositeActor.java:1828)
	at ptolemy.actor.Manager.preinitializeAndResolveTypes(Manager.java:1040)
	at ptolemy.actor.Manager.initialize(Manager.java:710)
	at ptolemy.actor.Manager.execute(Manager.java:356)
	at ptolemy.actor.Manager.run(Manager.java:1263)
	at ptolemy.actor.Manager$PtolemyRunThread.run(Manager.java:1915)

    while executing
ptolemy.kernel.util.IllegalActionException: Found a zero delay loop containing .dependencyLoop2.original
  in .dependencyLoop2 and .dependencyLoop2.original
    while executing
"java::new ptolemy.moml.MoMLSimpleApplication $file
"
    (procedure "createAndExecute" line 2)
    invoked from within
"createAndExecute $file"
    ("uplevel" body line 5)
    invoked from within
"uplevel $contents_of_test"
------------------ testing $PTII/ptolemy/domains/de/test/auto/knownFailedTests/HierarchicalModel.xml (Known Failure) 
4 ms. Memory: 146944K Free: 84349K (57%)


==== $PTIIhome/travis/build/icyphy/ptII/ptolemy/domains/de/test/../../../../: Auto Automatic test in file $PTII/ptolemy/domains/de/test/auto/knownFailedTests/HierarchicalModel.xml
==== Contents of test case:

	    # FIXME: we should use $relativeFilename here, but it
	    # might have backslashes under Windows, which causes no end
	    # of trouble.
	    createAndExecute $file
	    list {}
	
.... Test generated KNOWN error:
    while executing
ptolemy.kernel.util.IllegalActionException: Found a zero delay loop containing .HierarchicalModel.A
  in .HierarchicalModel and .HierarchicalModel.A
	at ptolemy.actor.util.CausalityInterfaceForComposites._computeOutputPortDepth(CausalityInterfaceForComposites.java:759)
	at ptolemy.actor.util.CausalityInterfaceForComposites._computeInputDepth(CausalityInterfaceForComposites.java:696)
	at ptolemy.actor.util.CausalityInterfaceForComposites._computeOutputPortDepth(CausalityInterfaceForComposites.java:765)
	at ptolemy.actor.util.CausalityInterfaceForComposites._computeInputDepth(CausalityInterfaceForComposites.java:696)
	at ptolemy.actor.util.CausalityInterfaceForComposites._computeOutputPortDepth(CausalityInterfaceForComposites.java:765)
	at ptolemy.actor.util.CausalityInterfaceForComposites._computeInputDepth(CausalityInterfaceForComposites.java:696)
	at ptolemy.actor.util.CausalityInterfaceForComposites._computeActorDepth(CausalityInterfaceForComposites.java:532)
	at ptolemy.actor.util.CausalityInterfaceForComposites.checkForCycles(CausalityInterfaceForComposites.java:96)
	at ptolemy.domains.de.kernel.DEDirector.preinitialize(DEDirector.java:1338)
	at ptolemy.actor.CompositeActor.preinitialize(CompositeActor.java:1828)
	at ptolemy.actor.Manager.preinitializeAndResolveTypes(Manager.java:1040)
	at ptolemy.actor.Manager.initialize(Manager.java:710)
	at ptolemy.actor.Manager.execute(Manager.java:356)
	at ptolemy.actor.Manager.run(Manager.java:1263)
	at ptolemy.actor.Manager$PtolemyRunThread.run(Manager.java:1915)

    while executing
ptolemy.kernel.util.IllegalActionException: Found a zero delay loop containing .HierarchicalModel.A
  in .HierarchicalModel and .HierarchicalModel.A
    while executing
"java::new ptolemy.moml.MoMLSimpleApplication $file
"
    (procedure "createAndExecute" line 2)
    invoked from within
"createAndExecute $file"
    ("uplevel" body line 5)
    invoked from within
"uplevel $contents_of_test"
------------------ testing $PTII/ptolemy/domains/de/test/auto/knownFailedTests/DirectFeedback.xml (Known Failure) 
3 ms. Memory: 146944K Free: 141401K (96%)


==== $PTIIhome/travis/build/icyphy/ptII/ptolemy/domains/de/test/../../../../: Auto Automatic test in file $PTII/ptolemy/domains/de/test/auto/knownFailedTests/DirectFeedback.xml
==== Contents of test case:

	    # FIXME: we should use $relativeFilename here, but it
	    # might have backslashes under Windows, which causes no end
	    # of trouble.
	    createAndExecute $file
	    list {}
	
.... Test generated KNOWN error:
    while executing
ptolemy.kernel.util.IllegalActionException: Test fails in iteration 1.
Value was: 1.0. Should have been: 2.0
  in .DirectFeedback.Test
	at ptolemy.actor.lib.Test.fire(Test.java:268)
	at ptolemy.domains.de.kernel.DEDirector._fire(DEDirector.java:1949)
	at ptolemy.domains.de.kernel.DEDirector.fire(DEDirector.java:502)
	at ptolemy.actor.CompositeActor.fire(CompositeActor.java:455)
	at ptolemy.actor.Manager.iterate(Manager.java:851)
	at ptolemy.actor.Manager.execute(Manager.java:369)
	at ptolemy.actor.Manager.run(Manager.java:1263)
	at ptolemy.actor.Manager$PtolemyRunThread.run(Manager.java:1915)

    while executing
ptolemy.kernel.util.IllegalActionException: Test fails in iteration 1.
Value was: 1.0. Should have been: 2.0
  in .DirectFeedback.Test
    while executing
"java::new ptolemy.moml.MoMLSimpleApplication $file
"
    (procedure "createAndExecute" line 2)
    invoked from within
"createAndExecute $file"
    ("uplevel" body line 5)
    invoked from within
"uplevel $contents_of_test"
------------------ testing $PTII/ptolemy/domains/de/test/auto/ActorDepthCalculation_actorWithoutPorts.xml
auto.tcl: Setting watchdog for 200 seconds at Fri Jul 13 02:05:01 UTC 2018
4 ms. Memory: 146944K Free: 132411K (90%)
ptolemy.util.test.WatchDog.cancel(): canceling Fri Jul 13 02:05:01 UTC 2018
auto.tcl: Setting watchdog for 200 seconds at Fri Jul 13 02:05:01 UTC 2018
4 ms. Memory: 146944K Free: 131371K (89%)
ptolemy.util.test.WatchDog.cancel(): canceling Fri Jul 13 02:05:01 UTC 2018
------------------ testing $PTII/ptolemy/domains/de/test/auto/AssemblyLine.xml
auto.tcl: Setting watchdog for 200 seconds at Fri Jul 13 02:05:01 UTC 2018
7 ms. Memory: 208384K Free: 182848K (88%)
ptolemy.util.test.WatchDog.cancel(): canceling Fri Jul 13 02:05:02 UTC 2018
auto.tcl: Setting watchdog for 200 seconds at Fri Jul 13 02:05:02 UTC 2018
6 ms. Memory: 208384K Free: 182848K (88%)
ptolemy.util.test.WatchDog.cancel(): canceling Fri Jul 13 02:05:02 UTC 2018
------------------ testing $PTII/ptolemy/domains/de/test/auto/CQBug1.xml
auto.tcl: Setting watchdog for 200 seconds at Fri Jul 13 02:05:02 UTC 2018
11 ms. Memory: 208384K Free: 197724K (95%)
ptolemy.util.test.WatchDog.cancel(): canceling Fri Jul 13 02:05:02 UTC 2018
auto.tcl: Setting watchdog for 200 seconds at Fri Jul 13 02:05:02 UTC 2018
7 ms. Memory: 208384K Free: 197724K (95%)
ptolemy.util.test.WatchDog.cancel(): canceling Fri Jul 13 02:05:02 UTC 2018
------------------ testing $PTII/ptolemy/domains/de/test/auto/CancelFireAt.xml
auto.tcl: Setting watchdog for 200 seconds at Fri Jul 13 02:05:02 UTC 2018
4 ms. Memory: 208384K Free: 201446K (97%)
ptolemy.util.test.WatchDog.cancel(): canceling Fri Jul 13 02:05:02 UTC 2018
auto.tcl: Setting watchdog for 200 seconds at Fri Jul 13 02:05:02 UTC 2018
7 ms. Memory: 208384K Free: 199343K (96%)
ptolemy.util.test.WatchDog.cancel(): canceling Fri Jul 13 02:05:02 UTC 2018
------------------ testing $PTII/ptolemy/domains/de/test/auto/CausalityAndComposabilityAnalysis.xml
auto.tcl: Setting watchdog for 200 seconds at Fri Jul 13 02:05:02 UTC 2018
15 ms. Memory: 208384K Free: 196503K (94%)
ptolemy.util.test.WatchDog.cancel(): canceling Fri Jul 13 02:05:02 UTC 2018
auto.tcl: Setting watchdog for 200 seconds at Fri Jul 13 02:05:02 UTC 2018
9 ms. Memory: 208384K Free: 196503K (94%)
ptolemy.util.test.WatchDog.cancel(): canceling Fri Jul 13 02:05:02 UTC 2018
------------------ testing $PTII/ptolemy/domains/de/test/auto/CausalityInterface1.xml
auto.tcl: Setting watchdog for 200 seconds at Fri Jul 13 02:05:02 UTC 2018
23 ms. Memory: 208384K Free: 196439K (94%)
ptolemy.util.test.WatchDog.cancel(): canceling Fri Jul 13 02:05:02 UTC 2018
auto.tcl: Setting watchdog for 200 seconds at Fri Jul 13 02:05:02 UTC 2018
5 ms. Memory: 208384K Free: 196439K (94%)
ptolemy.util.test.WatchDog.cancel(): canceling Fri Jul 13 02:05:02 UTC 2018
------------------ testing $PTII/ptolemy/domains/de/test/auto/CausalityInterface15.xml
auto.tcl: Setting watchdog for 200 seconds at Fri Jul 13 02:05:02 UTC 2018
21 ms. Memory: 208384K Free: 196430K (94%)
ptolemy.util.test.WatchDog.cancel(): canceling Fri Jul 13 02:05:02 UTC 2018
auto.tcl: Setting watchdog for 200 seconds at Fri Jul 13 02:05:02 UTC 2018
4 ms. Memory: 208384K Free: 196430K (94%)
ptolemy.util.test.WatchDog.cancel(): canceling Fri Jul 13 02:05:02 UTC 2018
------------------ testing $PTII/ptolemy/domains/de/test/auto/CausalityInterface2.xml
auto.tcl: Setting watchdog for 200 seconds at Fri Jul 13 02:05:02 UTC 2018
7 ms. Memory: 208384K Free: 196412K (94%)
ptolemy.util.test.WatchDog.cancel(): canceling Fri Jul 13 02:05:02 UTC 2018
auto.tcl: Setting watchdog for 200 seconds at Fri Jul 13 02:05:02 UTC 2018
3 ms. Memory: 208384K Free: 196412K (94%)
ptolemy.util.test.WatchDog.cancel(): canceling Fri Jul 13 02:05:02 UTC 2018
------------------ testing $PTII/ptolemy/domains/de/test/auto/CausalityInterface3.xml
auto.tcl: Setting watchdog for 200 seconds at Fri Jul 13 02:05:02 UTC 2018
7 ms. Memory: 208384K Free: 196425K (94%)
ptolemy.util.test.WatchDog.cancel(): canceling Fri Jul 13 02:05:02 UTC 2018
auto.tcl: Setting watchdog for 200 seconds at Fri Jul 13 02:05:02 UTC 2018
6 ms. Memory: 208384K Free: 196425K (94%)
ptolemy.util.test.WatchDog.cancel(): canceling Fri Jul 13 02:05:02 UTC 2018
------------------ testing $PTII/ptolemy/domains/de/test/auto/ClockDrift.xml
auto.tcl: Setting watchdog for 200 seconds at Fri Jul 13 02:05:02 UTC 2018
61 ms. Memory: 208384K Free: 187652K (90%)
ptolemy.util.test.WatchDog.cancel(): canceling Fri Jul 13 02:05:03 UTC 2018
auto.tcl: Setting watchdog for 200 seconds at Fri Jul 13 02:05:03 UTC 2018
64 ms. Memory: 208384K Free: 185551K (89%)
ptolemy.util.test.WatchDog.cancel(): canceling Fri Jul 13 02:05:03 UTC 2018
------------------ testing $PTII/ptolemy/domains/de/test/auto/ClockDriftAndValueChange.xml
auto.tcl: Setting watchdog for 200 seconds at Fri Jul 13 02:05:03 UTC 2018
43 ms. Memory: 208384K Free: 187480K (90%)
ptolemy.util.test.WatchDog.cancel(): canceling Fri Jul 13 02:05:03 UTC 2018
auto.tcl: Setting watchdog for 200 seconds at Fri Jul 13 02:05:03 UTC 2018
31 ms. Memory: 208384K Free: 185379K (89%)
ptolemy.util.test.WatchDog.cancel(): canceling Fri Jul 13 02:05:03 UTC 2018
------------------ testing $PTII/ptolemy/domains/de/test/auto/ClockDriftChange.xml
auto.tcl: Setting watchdog for 200 seconds at Fri Jul 13 02:05:03 UTC 2018
30 ms. Memory: 208384K Free: 190557K (91%)
ptolemy.util.test.WatchDog.cancel(): canceling Fri Jul 13 02:05:03 UTC 2018
auto.tcl: Setting watchdog for 200 seconds at Fri Jul 13 02:05:03 UTC 2018
26 ms. Memory: 208384K Free: 188455K (90%)
ptolemy.util.test.WatchDog.cancel(): canceling Fri Jul 13 02:05:03 UTC 2018
------------------ testing $PTII/ptolemy/domains/de/test/auto/ComposableCausalityAnalysis.xml
auto.tcl: Setting watchdog for 200 seconds at Fri Jul 13 02:05:03 UTC 2018
2 ms. Memory: 208384K Free: 196019K (94%)
ptolemy.util.test.WatchDog.cancel(): canceling Fri Jul 13 02:05:03 UTC 2018
auto.tcl: Setting watchdog for 200 seconds at Fri Jul 13 02:05:03 UTC 2018
2 ms. Memory: 208384K Free: 193918K (93%)
ptolemy.util.test.WatchDog.cancel(): canceling Fri Jul 13 02:05:03 UTC 2018
------------------ testing $PTII/ptolemy/domains/de/test/auto/DEFixedPointLimitation.xml
auto.tcl: Setting watchdog for 200 seconds at Fri Jul 13 02:05:03 UTC 2018
2 ms. Memory: 208384K Free: 196100K (94%)
ptolemy.util.test.WatchDog.cancel(): canceling Fri Jul 13 02:05:03 UTC 2018
auto.tcl: Setting watchdog for 200 seconds at Fri Jul 13 02:05:03 UTC 2018
1 ms. Memory: 208384K Free: 196100K (94%)
ptolemy.util.test.WatchDog.cancel(): canceling Fri Jul 13 02:05:03 UTC 2018
------------------ testing $PTII/ptolemy/domains/de/test/auto/DEScheduleTest.xml
auto.tcl: Setting watchdog for 200 seconds at Fri Jul 13 02:05:03 UTC 2018
4 ms. Memory: 208384K Free: 198237K (95%)
ptolemy.util.test.WatchDog.cancel(): canceling Fri Jul 13 02:05:03 UTC 2018
auto.tcl: Setting watchdog for 200 seconds at Fri Jul 13 02:05:03 UTC 2018
3 ms. Memory: 208384K Free: 196135K (94%)
ptolemy.util.test.WatchDog.cancel(): canceling Fri Jul 13 02:05:03 UTC 2018
------------------ testing $PTII/ptolemy/domains/de/test/auto/DEinDEwithStartTimes.xml
auto.tcl: Setting watchdog for 200 seconds at Fri Jul 13 02:05:03 UTC 2018
7 ms. Memory: 208384K Free: 196105K (94%)
ptolemy.util.test.WatchDog.cancel(): canceling Fri Jul 13 02:05:03 UTC 2018
auto.tcl: Setting watchdog for 200 seconds at Fri Jul 13 02:05:03 UTC 2018
3 ms. Memory: 208384K Free: 194004K (93%)
ptolemy.util.test.WatchDog.cancel(): canceling Fri Jul 13 02:05:03 UTC 2018
------------------ testing $PTII/ptolemy/domains/de/test/auto/DEinDEwithStartTimes2.xml
auto.tcl: Setting watchdog for 200 seconds at Fri Jul 13 02:05:03 UTC 2018
7 ms. Memory: 208384K Free: 196422K (94%)
ptolemy.util.test.WatchDog.cancel(): canceling Fri Jul 13 02:05:03 UTC 2018
auto.tcl: Setting watchdog for 200 seconds at Fri Jul 13 02:05:03 UTC 2018
4 ms. Memory: 208384K Free: 193983K (93%)
ptolemy.util.test.WatchDog.cancel(): canceling Fri Jul 13 02:05:03 UTC 2018
------------------ testing $PTII/ptolemy/domains/de/test/auto/DateDemo.xml
auto.tcl: Setting watchdog for 200 seconds at Fri Jul 13 02:05:03 UTC 2018
12 ms. Memory: 208384K Free: 188516K (90%)
ptolemy.util.test.WatchDog.cancel(): canceling Fri Jul 13 02:05:04 UTC 2018
auto.tcl: Setting watchdog for 200 seconds at Fri Jul 13 02:05:04 UTC 2018
6 ms. Memory: 208384K Free: 186415K (89%)
ptolemy.util.test.WatchDog.cancel(): canceling Fri Jul 13 02:05:04 UTC 2018
------------------ testing $PTII/ptolemy/domains/de/test/auto/DateToEvent.xml
auto.tcl: Setting watchdog for 200 seconds at Fri Jul 13 02:05:04 UTC 2018
2009 ms. Memory: 208384K Free: 183226K (88%)
ptolemy.util.test.WatchDog.cancel(): canceling Fri Jul 13 02:05:06 UTC 2018
auto.tcl: Setting watchdog for 200 seconds at Fri Jul 13 02:05:06 UTC 2018
2006 ms. Memory: 208384K Free: 183226K (88%)
ptolemy.util.test.WatchDog.cancel(): canceling Fri Jul 13 02:05:08 UTC 2018
------------------ testing $PTII/ptolemy/domains/de/test/auto/DepthTest1.xml
auto.tcl: Setting watchdog for 200 seconds at Fri Jul 13 02:05:08 UTC 2018
2 ms. Memory: 208384K Free: 197765K (95%)
ptolemy.util.test.WatchDog.cancel(): canceling Fri Jul 13 02:05:08 UTC 2018
auto.tcl: Setting watchdog for 200 seconds at Fri Jul 13 02:05:08 UTC 2018
1 ms. Memory: 208384K Free: 197765K (95%)
ptolemy.util.test.WatchDog.cancel(): canceling Fri Jul 13 02:05:08 UTC 2018
------------------ testing $PTII/ptolemy/domains/de/test/auto/DepthTest2.xml
auto.tcl: Setting watchdog for 200 seconds at Fri Jul 13 02:05:08 UTC 2018
4 ms. Memory: 208384K Free: 193964K (93%)
ptolemy.util.test.WatchDog.cancel(): canceling Fri Jul 13 02:05:08 UTC 2018
auto.tcl: Setting watchdog for 200 seconds at Fri Jul 13 02:05:08 UTC 2018
2 ms. Memory: 208384K Free: 193964K (93%)
ptolemy.util.test.WatchDog.cancel(): canceling Fri Jul 13 02:05:08 UTC 2018
------------------ testing $PTII/ptolemy/domains/de/test/auto/DepthTest3.xml
auto.tcl: Setting watchdog for 200 seconds at Fri Jul 13 02:05:08 UTC 2018
3 ms. Memory: 208384K Free: 198100K (95%)
ptolemy.util.test.WatchDog.cancel(): canceling Fri Jul 13 02:05:08 UTC 2018
auto.tcl: Setting watchdog for 200 seconds at Fri Jul 13 02:05:08 UTC 2018
3 ms. Memory: 208384K Free: 198100K (95%)
ptolemy.util.test.WatchDog.cancel(): canceling Fri Jul 13 02:05:08 UTC 2018
------------------ testing $PTII/ptolemy/domains/de/test/auto/DepthTest4.xml
auto.tcl: Setting watchdog for 200 seconds at Fri Jul 13 02:05:08 UTC 2018
6 ms. Memory: 208384K Free: 196085K (94%)
ptolemy.util.test.WatchDog.cancel(): canceling Fri Jul 13 02:05:08 UTC 2018
auto.tcl: Setting watchdog for 200 seconds at Fri Jul 13 02:05:08 UTC 2018
2 ms. Memory: 208384K Free: 196085K (94%)
ptolemy.util.test.WatchDog.cancel(): canceling Fri Jul 13 02:05:08 UTC 2018
------------------ testing $PTII/ptolemy/domains/de/test/auto/DepthTest5.xml
auto.tcl: Setting watchdog for 200 seconds at Fri Jul 13 02:05:08 UTC 2018
2 ms. Memory: 208384K Free: 196370K (94%)
ptolemy.util.test.WatchDog.cancel(): canceling Fri Jul 13 02:05:08 UTC 2018
auto.tcl: Setting watchdog for 200 seconds at Fri Jul 13 02:05:08 UTC 2018
2 ms. Memory: 208384K Free: 196370K (94%)
ptolemy.util.test.WatchDog.cancel(): canceling Fri Jul 13 02:05:08 UTC 2018
------------------ testing $PTII/ptolemy/domains/de/test/auto/DepthTest6.xml
auto.tcl: Setting watchdog for 200 seconds at Fri Jul 13 02:05:08 UTC 2018
5 ms. Memory: 208384K Free: 196002K (94%)
ptolemy.util.test.WatchDog.cancel(): canceling Fri Jul 13 02:05:08 UTC 2018
auto.tcl: Setting watchdog for 200 seconds at Fri Jul 13 02:05:08 UTC 2018
2 ms. Memory: 208384K Free: 196002K (94%)
ptolemy.util.test.WatchDog.cancel(): canceling Fri Jul 13 02:05:08 UTC 2018
------------------ testing $PTII/ptolemy/domains/de/test/auto/DepthTest7.xml
auto.tcl: Setting watchdog for 200 seconds at Fri Jul 13 02:05:08 UTC 2018
2 ms. Memory: 208384K Free: 195989K (94%)
ptolemy.util.test.WatchDog.cancel(): canceling Fri Jul 13 02:05:08 UTC 2018
auto.tcl: Setting watchdog for 200 seconds at Fri Jul 13 02:05:08 UTC 2018
2 ms. Memory: 208384K Free: 195989K (94%)
ptolemy.util.test.WatchDog.cancel(): canceling Fri Jul 13 02:05:08 UTC 2018
------------------ testing $PTII/ptolemy/domains/de/test/auto/EventToDate.xml
auto.tcl: Setting watchdog for 200 seconds at Fri Jul 13 02:05:08 UTC 2018
3011 ms. Memory: 208384K Free: 185503K (89%)
ptolemy.util.test.WatchDog.cancel(): canceling Fri Jul 13 02:05:11 UTC 2018
auto.tcl: Setting watchdog for 200 seconds at Fri Jul 13 02:05:11 UTC 2018
3004 ms. Memory: 208384K Free: 185503K (89%)
ptolemy.util.test.WatchDog.cancel(): canceling Fri Jul 13 02:05:14 UTC 2018
------------------ testing $PTII/ptolemy/domains/de/test/auto/FSM1.xml
auto.tcl: Setting watchdog for 200 seconds at Fri Jul 13 02:05:14 UTC 2018
23 ms. Memory: 208384K Free: 189039K (91%)
ptolemy.util.test.WatchDog.cancel(): canceling Fri Jul 13 02:05:14 UTC 2018
auto.tcl: Setting watchdog for 200 seconds at Fri Jul 13 02:05:14 UTC 2018
20 ms. Memory: 208384K Free: 182378K (88%)
ptolemy.util.test.WatchDog.cancel(): canceling Fri Jul 13 02:05:14 UTC 2018
------------------ testing $PTII/ptolemy/domains/de/test/auto/FSM7.xml
auto.tcl: Setting watchdog for 200 seconds at Fri Jul 13 02:05:14 UTC 2018
15 ms. Memory: 208384K Free: 187141K (90%)
ptolemy.util.test.WatchDog.cancel(): canceling Fri Jul 13 02:05:14 UTC 2018
auto.tcl: Setting watchdog for 200 seconds at Fri Jul 13 02:05:14 UTC 2018
14 ms. Memory: 208384K Free: 185040K (89%)
ptolemy.util.test.WatchDog.cancel(): canceling Fri Jul 13 02:05:14 UTC 2018
------------------ testing $PTII/ptolemy/domains/de/test/auto/Inspection.xml
auto.tcl: Setting watchdog for 200 seconds at Fri Jul 13 02:05:14 UTC 2018
22 ms. Memory: 208384K Free: 188355K (90%)
ptolemy.util.test.WatchDog.cancel(): canceling Fri Jul 13 02:05:15 UTC 2018
auto.tcl: Setting watchdog for 200 seconds at Fri Jul 13 02:05:15 UTC 2018
24 ms. Memory: 208384K Free: 186254K (89%)
ptolemy.util.test.WatchDog.cancel(): canceling Fri Jul 13 02:05:15 UTC 2018
------------------ testing $PTII/ptolemy/domains/de/test/auto/Iteration.xml
auto.tcl: Setting watchdog for 200 seconds at Fri Jul 13 02:05:15 UTC 2018
7 ms. Memory: 208384K Free: 195797K (94%)
ptolemy.util.test.WatchDog.cancel(): canceling Fri Jul 13 02:05:15 UTC 2018
auto.tcl: Setting watchdog for 200 seconds at Fri Jul 13 02:05:15 UTC 2018
6 ms. Memory: 208384K Free: 193696K (93%)
ptolemy.util.test.WatchDog.cancel(): canceling Fri Jul 13 02:05:15 UTC 2018
------------------ testing $PTII/ptolemy/domains/de/test/auto/LineFault.xml
auto.tcl: Setting watchdog for 200 seconds at Fri Jul 13 02:05:15 UTC 2018
706 ms. Memory: 208384K Free: 195900K (94%)
ptolemy.util.test.WatchDog.cancel(): canceling Fri Jul 13 02:05:16 UTC 2018
auto.tcl: Setting watchdog for 200 seconds at Fri Jul 13 02:05:16 UTC 2018
570 ms. Memory: 208384K Free: 138521K (66%)
ptolemy.util.test.WatchDog.cancel(): canceling Fri Jul 13 02:05:16 UTC 2018
------------------ testing $PTII/ptolemy/domains/de/test/auto/MergeModel1Add.xml
auto.tcl: Setting watchdog for 200 seconds at Fri Jul 13 02:05:16 UTC 2018
26 ms. Memory: 331264K Free: 298629K (90%)
ptolemy.util.test.WatchDog.cancel(): canceling Fri Jul 13 02:05:16 UTC 2018
auto.tcl: Setting watchdog for 200 seconds at Fri Jul 13 02:05:16 UTC 2018
9 ms. Memory: 331264K Free: 298629K (90%)
ptolemy.util.test.WatchDog.cancel(): canceling Fri Jul 13 02:05:16 UTC 2018
------------------ testing $PTII/ptolemy/domains/de/test/auto/MergeModel2Add.xml
auto.tcl: Setting watchdog for 200 seconds at Fri Jul 13 02:05:16 UTC 2018
9 ms. Memory: 331264K Free: 303912K (92%)
ptolemy.util.test.WatchDog.cancel(): canceling Fri Jul 13 02:05:16 UTC 2018
auto.tcl: Setting watchdog for 200 seconds at Fri Jul 13 02:05:16 UTC 2018
11 ms. Memory: 331264K Free: 299966K (91%)
ptolemy.util.test.WatchDog.cancel(): canceling Fri Jul 13 02:05:17 UTC 2018
------------------ testing $PTII/ptolemy/domains/de/test/auto/MergeModel3Add.xml
auto.tcl: Setting watchdog for 200 seconds at Fri Jul 13 02:05:17 UTC 2018
9 ms. Memory: 331264K Free: 303922K (92%)
ptolemy.util.test.WatchDog.cancel(): canceling Fri Jul 13 02:05:17 UTC 2018
auto.tcl: Setting watchdog for 200 seconds at Fri Jul 13 02:05:17 UTC 2018
6 ms. Memory: 331264K Free: 299977K (91%)
ptolemy.util.test.WatchDog.cancel(): canceling Fri Jul 13 02:05:17 UTC 2018
------------------ testing $PTII/ptolemy/domains/de/test/auto/MergeWithoutDiscard.xml
auto.tcl: Setting watchdog for 200 seconds at Fri Jul 13 02:05:17 UTC 2018
1 ms. Memory: 331264K Free: 319987K (97%)
ptolemy.util.test.WatchDog.cancel(): canceling Fri Jul 13 02:05:17 UTC 2018
auto.tcl: Setting watchdog for 200 seconds at Fri Jul 13 02:05:17 UTC 2018
1 ms. Memory: 331264K Free: 316041K (95%)
ptolemy.util.test.WatchDog.cancel(): canceling Fri Jul 13 02:05:17 UTC 2018
------------------ testing $PTII/ptolemy/domains/de/test/auto/Modal1.xml
auto.tcl: Setting watchdog for 200 seconds at Fri Jul 13 02:05:17 UTC 2018
21 ms. Memory: 331264K Free: 309667K (93%)
ptolemy.util.test.WatchDog.cancel(): canceling Fri Jul 13 02:05:17 UTC 2018
auto.tcl: Setting watchdog for 200 seconds at Fri Jul 13 02:05:17 UTC 2018
22 ms. Memory: 331264K Free: 305722K (92%)
ptolemy.util.test.WatchDog.cancel(): canceling Fri Jul 13 02:05:17 UTC 2018
------------------ testing $PTII/ptolemy/domains/de/test/auto/Modal2.xml
auto.tcl: Setting watchdog for 200 seconds at Fri Jul 13 02:05:17 UTC 2018
16 ms. Memory: 331264K Free: 309538K (93%)
ptolemy.util.test.WatchDog.cancel(): canceling Fri Jul 13 02:05:17 UTC 2018
auto.tcl: Setting watchdog for 200 seconds at Fri Jul 13 02:05:17 UTC 2018
16 ms. Memory: 331264K Free: 305593K (92%)
ptolemy.util.test.WatchDog.cancel(): canceling Fri Jul 13 02:05:17 UTC 2018
------------------ testing $PTII/ptolemy/domains/de/test/auto/Modal3.xml
auto.tcl: Setting watchdog for 200 seconds at Fri Jul 13 02:05:17 UTC 2018
9 ms. Memory: 331264K Free: 309807K (94%)
ptolemy.util.test.WatchDog.cancel(): canceling Fri Jul 13 02:05:17 UTC 2018
auto.tcl: Setting watchdog for 200 seconds at Fri Jul 13 02:05:17 UTC 2018
10 ms. Memory: 331264K Free: 305576K (92%)
ptolemy.util.test.WatchDog.cancel(): canceling Fri Jul 13 02:05:17 UTC 2018
------------------ testing $PTII/ptolemy/domains/de/test/auto/Modal4.xml
auto.tcl: Setting watchdog for 200 seconds at Fri Jul 13 02:05:17 UTC 2018
15 ms. Memory: 331264K Free: 309535K (93%)
ptolemy.util.test.WatchDog.cancel(): canceling Fri Jul 13 02:05:17 UTC 2018
auto.tcl: Setting watchdog for 200 seconds at Fri Jul 13 02:05:17 UTC 2018
15 ms. Memory: 331264K Free: 305590K (92%)
ptolemy.util.test.WatchDog.cancel(): canceling Fri Jul 13 02:05:17 UTC 2018
------------------ testing $PTII/ptolemy/domains/de/test/auto/Modal5.xml
auto.tcl: Setting watchdog for 200 seconds at Fri Jul 13 02:05:17 UTC 2018
15 ms. Memory: 331264K Free: 309522K (93%)
ptolemy.util.test.WatchDog.cancel(): canceling Fri Jul 13 02:05:17 UTC 2018
auto.tcl: Setting watchdog for 200 seconds at Fri Jul 13 02:05:17 UTC 2018
14 ms. Memory: 331264K Free: 305577K (92%)
ptolemy.util.test.WatchDog.cancel(): canceling Fri Jul 13 02:05:17 UTC 2018
------------------ testing $PTII/ptolemy/domains/de/test/auto/Modal6.xml
auto.tcl: Setting watchdog for 200 seconds at Fri Jul 13 02:05:17 UTC 2018
17 ms. Memory: 331264K Free: 309520K (93%)
ptolemy.util.test.WatchDog.cancel(): canceling Fri Jul 13 02:05:17 UTC 2018
auto.tcl: Setting watchdog for 200 seconds at Fri Jul 13 02:05:17 UTC 2018
12 ms. Memory: 331264K Free: 305575K (92%)
ptolemy.util.test.WatchDog.cancel(): canceling Fri Jul 13 02:05:17 UTC 2018
------------------ testing $PTII/ptolemy/domains/de/test/auto/Modal7.xml
auto.tcl: Setting watchdog for 200 seconds at Fri Jul 13 02:05:17 UTC 2018
9 ms. Memory: 331264K Free: 309521K (93%)
ptolemy.util.test.WatchDog.cancel(): canceling Fri Jul 13 02:05:17 UTC 2018
auto.tcl: Setting watchdog for 200 seconds at Fri Jul 13 02:05:17 UTC 2018
10 ms. Memory: 331264K Free: 305575K (92%)
ptolemy.util.test.WatchDog.cancel(): canceling Fri Jul 13 02:05:17 UTC 2018
------------------ testing $PTII/ptolemy/domains/de/test/auto/ModalModel.xml
auto.tcl: Setting watchdog for 200 seconds at Fri Jul 13 02:05:17 UTC 2018
192 ms. Memory: 331264K Free: 246003K (74%)
ptolemy.util.test.WatchDog.cancel(): canceling Fri Jul 13 02:05:18 UTC 2018
auto.tcl: Setting watchdog for 200 seconds at Fri Jul 13 02:05:18 UTC 2018
176 ms. Memory: 331264K Free: 190599K (58%)
ptolemy.util.test.WatchDog.cancel(): canceling Fri Jul 13 02:05:18 UTC 2018
------------------ testing $PTII/ptolemy/domains/de/test/auto/ModalSource.xml
auto.tcl: Setting watchdog for 200 seconds at Fri Jul 13 02:05:18 UTC 2018
5 ms. Memory: 331264K Free: 316286K (95%)
ptolemy.util.test.WatchDog.cancel(): canceling Fri Jul 13 02:05:18 UTC 2018
auto.tcl: Setting watchdog for 200 seconds at Fri Jul 13 02:05:18 UTC 2018
6 ms. Memory: 331264K Free: 312755K (94%)
ptolemy.util.test.WatchDog.cancel(): canceling Fri Jul 13 02:05:18 UTC 2018
------------------ testing $PTII/ptolemy/domains/de/test/auto/NonInterruptibleTimerZeroDelay.xml
auto.tcl: Setting watchdog for 200 seconds at Fri Jul 13 02:05:18 UTC 2018
4 ms. Memory: 331264K Free: 320655K (97%)
ptolemy.util.test.WatchDog.cancel(): canceling Fri Jul 13 02:05:18 UTC 2018
auto.tcl: Setting watchdog for 200 seconds at Fri Jul 13 02:05:18 UTC 2018
2 ms. Memory: 331264K Free: 317124K (96%)
ptolemy.util.test.WatchDog.cancel(): canceling Fri Jul 13 02:05:18 UTC 2018
------------------ testing $PTII/ptolemy/domains/de/test/auto/OpenQueueingNetwork.xml
auto.tcl: Setting watchdog for 200 seconds at Fri Jul 13 02:05:18 UTC 2018
2491 ms. Memory: 573952K Free: 414057K (72%)
ptolemy.util.test.WatchDog.cancel(): canceling Fri Jul 13 02:05:21 UTC 2018
auto.tcl: Setting watchdog for 200 seconds at Fri Jul 13 02:05:21 UTC 2018
2361 ms. Memory: 550912K Free: 295277K (54%)
ptolemy.util.test.WatchDog.cancel(): canceling Fri Jul 13 02:05:23 UTC 2018
------------------ testing $PTII/ptolemy/domains/de/test/auto/OpenQueuingNetwork.xml
auto.tcl: Setting watchdog for 200 seconds at Fri Jul 13 02:05:23 UTC 2018
229 ms. Memory: 549888K Free: 444397K (81%)
ptolemy.util.test.WatchDog.cancel(): canceling Fri Jul 13 02:05:23 UTC 2018
auto.tcl: Setting watchdog for 200 seconds at Fri Jul 13 02:05:23 UTC 2018
234 ms. Memory: 549888K Free: 383873K (70%)
ptolemy.util.test.WatchDog.cancel(): canceling Fri Jul 13 02:05:24 UTC 2018
------------------ testing $PTII/ptolemy/domains/de/test/auto/PeriodicSampler.xml
auto.tcl: Setting watchdog for 200 seconds at Fri Jul 13 02:05:24 UTC 2018
2 ms. Memory: 551936K Free: 530607K (96%)
ptolemy.util.test.WatchDog.cancel(): canceling Fri Jul 13 02:05:24 UTC 2018
auto.tcl: Setting watchdog for 200 seconds at Fri Jul 13 02:05:24 UTC 2018
2 ms. Memory: 551936K Free: 530607K (96%)
ptolemy.util.test.WatchDog.cancel(): canceling Fri Jul 13 02:05:24 UTC 2018
------------------ testing $PTII/ptolemy/domains/de/test/auto/PersistentIO.xml
auto.tcl: Setting watchdog for 200 seconds at Fri Jul 13 02:05:24 UTC 2018
4 ms. Memory: 549376K Free: 521905K (95%)
ptolemy.util.test.WatchDog.cancel(): canceling Fri Jul 13 02:05:24 UTC 2018
auto.tcl: Setting watchdog for 200 seconds at Fri Jul 13 02:05:24 UTC 2018
3 ms. Memory: 549376K Free: 521905K (95%)
ptolemy.util.test.WatchDog.cancel(): canceling Fri Jul 13 02:05:24 UTC 2018
------------------ testing $PTII/ptolemy/domains/de/test/auto/PortParameterResetOnInitialize.xml
auto.tcl: Setting watchdog for 200 seconds at Fri Jul 13 02:05:24 UTC 2018
2 ms. Memory: 551424K Free: 530556K (96%)
ptolemy.util.test.WatchDog.cancel(): canceling Fri Jul 13 02:05:24 UTC 2018
auto.tcl: Setting watchdog for 200 seconds at Fri Jul 13 02:05:24 UTC 2018
1 ms. Memory: 551424K Free: 530327K (96%)
ptolemy.util.test.WatchDog.cancel(): canceling Fri Jul 13 02:05:24 UTC 2018
------------------ testing $PTII/ptolemy/domains/de/test/auto/PortParameterUpdates.xml
auto.tcl: Setting watchdog for 200 seconds at Fri Jul 13 02:05:24 UTC 2018
3 ms. Memory: 549376K Free: 528412K (96%)
ptolemy.util.test.WatchDog.cancel(): canceling Fri Jul 13 02:05:24 UTC 2018
auto.tcl: Setting watchdog for 200 seconds at Fri Jul 13 02:05:24 UTC 2018
7 ms. Memory: 549376K Free: 521687K (95%)
ptolemy.util.test.WatchDog.cancel(): canceling Fri Jul 13 02:05:24 UTC 2018
------------------ testing $PTII/ptolemy/domains/de/test/auto/QueueAndServer.xml
auto.tcl: Setting watchdog for 200 seconds at Fri Jul 13 02:05:24 UTC 2018
10 ms. Memory: 551424K Free: 535331K (97%)
ptolemy.util.test.WatchDog.cancel(): canceling Fri Jul 13 02:05:24 UTC 2018
auto.tcl: Setting watchdog for 200 seconds at Fri Jul 13 02:05:24 UTC 2018
6 ms. Memory: 551424K Free: 528360K (96%)
ptolemy.util.test.WatchDog.cancel(): canceling Fri Jul 13 02:05:24 UTC 2018
------------------ testing $PTII/ptolemy/domains/de/test/auto/Records.xml
auto.tcl: Setting watchdog for 200 seconds at Fri Jul 13 02:05:24 UTC 2018
8 ms. Memory: 549376K Free: 532996K (97%)
ptolemy.util.test.WatchDog.cancel(): canceling Fri Jul 13 02:05:24 UTC 2018
auto.tcl: Setting watchdog for 200 seconds at Fri Jul 13 02:05:24 UTC 2018
2 ms. Memory: 549376K Free: 532996K (97%)
ptolemy.util.test.WatchDog.cancel(): canceling Fri Jul 13 02:05:24 UTC 2018
------------------ testing $PTII/ptolemy/domains/de/test/auto/ResetTransitionWithStartTime1.xml
auto.tcl: Setting watchdog for 200 seconds at Fri Jul 13 02:05:24 UTC 2018
10 ms. Memory: 551424K Free: 528567K (96%)
ptolemy.util.test.WatchDog.cancel(): canceling Fri Jul 13 02:05:24 UTC 2018
auto.tcl: Setting watchdog for 200 seconds at Fri Jul 13 02:05:24 UTC 2018
5 ms. Memory: 551424K Free: 528337K (96%)
ptolemy.util.test.WatchDog.cancel(): canceling Fri Jul 13 02:05:24 UTC 2018
------------------ testing $PTII/ptolemy/domains/de/test/auto/ResetTransitionWithStartTime2.xml
auto.tcl: Setting watchdog for 200 seconds at Fri Jul 13 02:05:24 UTC 2018
5 ms. Memory: 549376K Free: 526517K (96%)
ptolemy.util.test.WatchDog.cancel(): canceling Fri Jul 13 02:05:24 UTC 2018
auto.tcl: Setting watchdog for 200 seconds at Fri Jul 13 02:05:24 UTC 2018
5 ms. Memory: 549376K Free: 526517K (96%)
ptolemy.util.test.WatchDog.cancel(): canceling Fri Jul 13 02:05:24 UTC 2018
------------------ testing $PTII/ptolemy/domains/de/test/auto/ResetTransitionWithStartTime3.xml
auto.tcl: Setting watchdog for 200 seconds at Fri Jul 13 02:05:24 UTC 2018
5 ms. Memory: 550912K Free: 527822K (96%)
ptolemy.util.test.WatchDog.cancel(): canceling Fri Jul 13 02:05:24 UTC 2018
auto.tcl: Setting watchdog for 200 seconds at Fri Jul 13 02:05:24 UTC 2018
5 ms. Memory: 550912K Free: 527822K (96%)
ptolemy.util.test.WatchDog.cancel(): canceling Fri Jul 13 02:05:24 UTC 2018
------------------ testing $PTII/ptolemy/domains/de/test/auto/ResetTransitionWithStartTime4.xml
auto.tcl: Setting watchdog for 200 seconds at Fri Jul 13 02:05:24 UTC 2018
3 ms. Memory: 549376K Free: 526507K (96%)
ptolemy.util.test.WatchDog.cancel(): canceling Fri Jul 13 02:05:24 UTC 2018
auto.tcl: Setting watchdog for 200 seconds at Fri Jul 13 02:05:24 UTC 2018
4 ms. Memory: 549376K Free: 526507K (96%)
ptolemy.util.test.WatchDog.cancel(): canceling Fri Jul 13 02:05:24 UTC 2018
------------------ testing $PTII/ptolemy/domains/de/test/auto/ResettableTimer1.xml
auto.tcl: Setting watchdog for 200 seconds at Fri Jul 13 02:05:25 UTC 2018
2 ms. Memory: 550912K Free: 529862K (96%)
ptolemy.util.test.WatchDog.cancel(): canceling Fri Jul 13 02:05:25 UTC 2018
auto.tcl: Setting watchdog for 200 seconds at Fri Jul 13 02:05:25 UTC 2018
2 ms. Memory: 550912K Free: 529862K (96%)
ptolemy.util.test.WatchDog.cancel(): canceling Fri Jul 13 02:05:25 UTC 2018
------------------ testing $PTII/ptolemy/domains/de/test/auto/ResettableTimer2.xml
auto.tcl: Setting watchdog for 200 seconds at Fri Jul 13 02:05:25 UTC 2018
1 ms. Memory: 549376K Free: 533293K (97%)
ptolemy.util.test.WatchDog.cancel(): canceling Fri Jul 13 02:05:25 UTC 2018
auto.tcl: Setting watchdog for 200 seconds at Fri Jul 13 02:05:25 UTC 2018
2 ms. Memory: 549376K Free: 533293K (97%)
ptolemy.util.test.WatchDog.cancel(): canceling Fri Jul 13 02:05:25 UTC 2018
------------------ testing $PTII/ptolemy/domains/de/test/auto/ResettableTimer3.xml
auto.tcl: Setting watchdog for 200 seconds at Fri Jul 13 02:05:25 UTC 2018
1 ms. Memory: 550912K Free: 529919K (96%)
ptolemy.util.test.WatchDog.cancel(): canceling Fri Jul 13 02:05:25 UTC 2018
auto.tcl: Setting watchdog for 200 seconds at Fri Jul 13 02:05:25 UTC 2018
1 ms. Memory: 550912K Free: 529919K (96%)
ptolemy.util.test.WatchDog.cancel(): canceling Fri Jul 13 02:05:25 UTC 2018
------------------ testing $PTII/ptolemy/domains/de/test/auto/ResettableTimer4.xml
auto.tcl: Setting watchdog for 200 seconds at Fri Jul 13 02:05:25 UTC 2018
2 ms. Memory: 549376K Free: 533306K (97%)
ptolemy.util.test.WatchDog.cancel(): canceling Fri Jul 13 02:05:25 UTC 2018
auto.tcl: Setting watchdog for 200 seconds at Fri Jul 13 02:05:25 UTC 2018
1 ms. Memory: 549376K Free: 533306K (97%)
ptolemy.util.test.WatchDog.cancel(): canceling Fri Jul 13 02:05:25 UTC 2018
------------------ testing $PTII/ptolemy/domains/de/test/auto/ResettableTimer5.xml
auto.tcl: Setting watchdog for 200 seconds at Fri Jul 13 02:05:25 UTC 2018
2 ms. Memory: 550400K Free: 529648K (96%)
ptolemy.util.test.WatchDog.cancel(): canceling Fri Jul 13 02:05:25 UTC 2018
auto.tcl: Setting watchdog for 200 seconds at Fri Jul 13 02:05:25 UTC 2018
1 ms. Memory: 550400K Free: 529648K (96%)
ptolemy.util.test.WatchDog.cancel(): canceling Fri Jul 13 02:05:25 UTC 2018
------------------ testing $PTII/ptolemy/domains/de/test/auto/ResettableTimer6.xml
auto.tcl: Setting watchdog for 200 seconds at Fri Jul 13 02:05:25 UTC 2018
1 ms. Memory: 549376K Free: 528344K (96%)
ptolemy.util.test.WatchDog.cancel(): canceling Fri Jul 13 02:05:25 UTC 2018
auto.tcl: Setting watchdog for 200 seconds at Fri Jul 13 02:05:25 UTC 2018
1 ms. Memory: 549376K Free: 528344K (96%)
ptolemy.util.test.WatchDog.cancel(): canceling Fri Jul 13 02:05:25 UTC 2018
------------------ testing $PTII/ptolemy/domains/de/test/auto/ServerZeroDelay.xml
auto.tcl: Setting watchdog for 200 seconds at Fri Jul 13 02:05:25 UTC 2018
3 ms. Memory: 550400K Free: 534268K (97%)
ptolemy.util.test.WatchDog.cancel(): canceling Fri Jul 13 02:05:25 UTC 2018
auto.tcl: Setting watchdog for 200 seconds at Fri Jul 13 02:05:25 UTC 2018
2 ms. Memory: 550400K Free: 534268K (97%)
ptolemy.util.test.WatchDog.cancel(): canceling Fri Jul 13 02:05:25 UTC 2018
------------------ testing $PTII/ptolemy/domains/de/test/auto/SmartSender.xml
auto.tcl: Setting watchdog for 200 seconds at Fri Jul 13 02:05:25 UTC 2018
3001 ms. Memory: 549376K Free: 528560K (96%)
ptolemy.util.test.WatchDog.cancel(): canceling Fri Jul 13 02:05:28 UTC 2018
auto.tcl: Setting watchdog for 200 seconds at Fri Jul 13 02:05:28 UTC 2018
3001 ms. Memory: 549376K Free: 528560K (96%)
ptolemy.util.test.WatchDog.cancel(): canceling Fri Jul 13 02:05:31 UTC 2018
------------------ testing $PTII/ptolemy/domains/de/test/auto/ThreadedComposite.xml
auto.tcl: Setting watchdog for 200 seconds at Fri Jul 13 02:05:31 UTC 2018
278 ms. Memory: 550400K Free: 513283K (93%)
ptolemy.util.test.WatchDog.cancel(): canceling Fri Jul 13 02:05:31 UTC 2018
auto.tcl: Setting watchdog for 200 seconds at Fri Jul 13 02:05:31 UTC 2018
158 ms. Memory: 550400K Free: 497199K (90%)
ptolemy.util.test.WatchDog.cancel(): canceling Fri Jul 13 02:05:31 UTC 2018
------------------ testing $PTII/ptolemy/domains/de/test/auto/Time.xml
auto.tcl: Setting watchdog for 200 seconds at Fri Jul 13 02:05:31 UTC 2018
491 ms. Memory: 549376K Free: 467218K (85%)
ptolemy.util.test.WatchDog.cancel(): canceling Fri Jul 13 02:05:32 UTC 2018
auto.tcl: Setting watchdog for 200 seconds at Fri Jul 13 02:05:32 UTC 2018
467 ms. Memory: 549376K Free: 406693K (74%)
ptolemy.util.test.WatchDog.cancel(): canceling Fri Jul 13 02:05:32 UTC 2018
------------------ testing $PTII/ptolemy/domains/de/test/auto/TimeDelayZeroDelay.xml
auto.tcl: Setting watchdog for 200 seconds at Fri Jul 13 02:05:32 UTC 2018
1 ms. Memory: 550400K Free: 533954K (97%)
ptolemy.util.test.WatchDog.cancel(): canceling Fri Jul 13 02:05:33 UTC 2018
auto.tcl: Setting watchdog for 200 seconds at Fri Jul 13 02:05:33 UTC 2018
2 ms. Memory: 550400K Free: 533954K (97%)
ptolemy.util.test.WatchDog.cancel(): canceling Fri Jul 13 02:05:33 UTC 2018
------------------ testing $PTII/ptolemy/domains/de/test/auto/TimerZeroDelay.xml
auto.tcl: Setting watchdog for 200 seconds at Fri Jul 13 02:05:33 UTC 2018
1 ms. Memory: 549376K Free: 533203K (97%)
ptolemy.util.test.WatchDog.cancel(): canceling Fri Jul 13 02:05:33 UTC 2018
auto.tcl: Setting watchdog for 200 seconds at Fri Jul 13 02:05:33 UTC 2018
2 ms. Memory: 549376K Free: 533203K (97%)
ptolemy.util.test.WatchDog.cancel(): canceling Fri Jul 13 02:05:33 UTC 2018
------------------ testing $PTII/ptolemy/domains/de/test/auto/TimingParadox.xml
auto.tcl: Setting watchdog for 200 seconds at Fri Jul 13 02:05:33 UTC 2018
296 ms. Memory: 549888K Free: 462383K (84%)
ptolemy.util.test.WatchDog.cancel(): canceling Fri Jul 13 02:05:33 UTC 2018
auto.tcl: Setting watchdog for 200 seconds at Fri Jul 13 02:05:33 UTC 2018
293 ms. Memory: 549888K Free: 428758K (78%)
ptolemy.util.test.WatchDog.cancel(): canceling Fri Jul 13 02:05:33 UTC 2018
------------------ testing $PTII/ptolemy/domains/de/test/auto/TransferInputs.xml
auto.tcl: Setting watchdog for 200 seconds at Fri Jul 13 02:05:33 UTC 2018
1 ms. Memory: 549888K Free: 532619K (97%)
ptolemy.util.test.WatchDog.cancel(): canceling Fri Jul 13 02:05:33 UTC 2018
auto.tcl: Setting watchdog for 200 seconds at Fri Jul 13 02:05:33 UTC 2018
2 ms. Memory: 549888K Free: 532619K (97%)
ptolemy.util.test.WatchDog.cancel(): canceling Fri Jul 13 02:05:33 UTC 2018
------------------ testing $PTII/ptolemy/domains/de/test/auto/TransferOutputs2.xml
auto.tcl: Setting watchdog for 200 seconds at Fri Jul 13 02:05:33 UTC 2018
3 ms. Memory: 549376K Free: 526484K (96%)
ptolemy.util.test.WatchDog.cancel(): canceling Fri Jul 13 02:05:33 UTC 2018
auto.tcl: Setting watchdog for 200 seconds at Fri Jul 13 02:05:33 UTC 2018
2 ms. Memory: 549376K Free: 526484K (96%)
ptolemy.util.test.WatchDog.cancel(): canceling Fri Jul 13 02:05:33 UTC 2018
------------------ testing $PTII/ptolemy/domains/de/test/auto/Trilateration.xml
auto.tcl: Setting watchdog for 200 seconds at Fri Jul 13 02:05:34 UTC 2018
13469 ms. Memory: 766976K Free: 133313K (17%)
ptolemy.util.test.WatchDog.cancel(): canceling Fri Jul 13 02:05:48 UTC 2018
auto.tcl: Setting watchdog for 200 seconds at Fri Jul 13 02:05:48 UTC 2018
10394 ms. Memory: 623104K Free: 526698K (85%)
ptolemy.util.test.WatchDog.cancel(): canceling Fri Jul 13 02:05:58 UTC 2018
------------------ testing $PTII/ptolemy/domains/de/test/auto/TwoSigmaDelta.xml
auto.tcl: Setting watchdog for 200 seconds at Fri Jul 13 02:05:58 UTC 2018
2584 ms. Memory: 619520K Free: 303990K (49%)
ptolemy.util.test.WatchDog.cancel(): canceling Fri Jul 13 02:06:01 UTC 2018
auto.tcl: Setting watchdog for 200 seconds at Fri Jul 13 02:06:01 UTC 2018
2138 ms. Memory: 619520K Free: 77212K (12%)
ptolemy.util.test.WatchDog.cancel(): canceling Fri Jul 13 02:06:03 UTC 2018
------------------ testing $PTII/ptolemy/domains/de/test/auto/VariableDelay.xml
auto.tcl: Setting watchdog for 200 seconds at Fri Jul 13 02:06:03 UTC 2018
2 ms. Memory: 623104K Free: 598821K (96%)
ptolemy.util.test.WatchDog.cancel(): canceling Fri Jul 13 02:06:03 UTC 2018
auto.tcl: Setting watchdog for 200 seconds at Fri Jul 13 02:06:03 UTC 2018
2 ms. Memory: 623104K Free: 598821K (96%)
ptolemy.util.test.WatchDog.cancel(): canceling Fri Jul 13 02:06:03 UTC 2018
------------------ testing $PTII/ptolemy/domains/de/test/auto/VariableDelay2.xml
auto.tcl: Setting watchdog for 200 seconds at Fri Jul 13 02:06:03 UTC 2018
2 ms. Memory: 619520K Free: 601062K (97%)
ptolemy.util.test.WatchDog.cancel(): canceling Fri Jul 13 02:06:03 UTC 2018
auto.tcl: Setting watchdog for 200 seconds at Fri Jul 13 02:06:03 UTC 2018
2 ms. Memory: 619520K Free: 601062K (97%)
ptolemy.util.test.WatchDog.cancel(): canceling Fri Jul 13 02:06:03 UTC 2018
------------------ testing $PTII/ptolemy/domains/de/test/auto/VariableDelayZeroDelay.xml
auto.tcl: Setting watchdog for 200 seconds at Fri Jul 13 02:06:03 UTC 2018
3 ms. Memory: 622592K Free: 598752K (96%)
ptolemy.util.test.WatchDog.cancel(): canceling Fri Jul 13 02:06:04 UTC 2018
auto.tcl: Setting watchdog for 200 seconds at Fri Jul 13 02:06:04 UTC 2018
1 ms. Memory: 622592K Free: 598752K (96%)
ptolemy.util.test.WatchDog.cancel(): canceling Fri Jul 13 02:06:04 UTC 2018
------------------ testing $PTII/ptolemy/domains/de/test/auto/VariableDelayZeroDelay2.xml
auto.tcl: Setting watchdog for 200 seconds at Fri Jul 13 02:06:04 UTC 2018
2 ms. Memory: 619520K Free: 595678K (96%)
ptolemy.util.test.WatchDog.cancel(): canceling Fri Jul 13 02:06:04 UTC 2018
auto.tcl: Setting watchdog for 200 seconds at Fri Jul 13 02:06:04 UTC 2018
2 ms. Memory: 619520K Free: 595678K (96%)
ptolemy.util.test.WatchDog.cancel(): canceling Fri Jul 13 02:06:04 UTC 2018
------------------ testing $PTII/ptolemy/domains/de/test/auto/deInCt.xml
auto.tcl: Setting watchdog for 200 seconds at Fri Jul 13 02:06:04 UTC 2018
0
1
1
1
0
0
0
0
1
1
0
0
0
1
1
1
0
0
0
1
1
1
0
0
1
1
1
0
0
0
0
1
1
1
0
0
0
1
1
1
0
0
0
0
0
11 ms. Memory: 622080K Free: 598205K (96%)
ptolemy.util.test.WatchDog.cancel(): canceling Fri Jul 13 02:06:04 UTC 2018
auto.tcl: Setting watchdog for 200 seconds at Fri Jul 13 02:06:04 UTC 2018
0
1
1
1
0
0
0
0
0
0
1
1
1
0
0
0
1
1
1
0
0
0
1
1
1
0
0
0
0
1
1
1
1
0
0
0
0
7 ms. Memory: 622080K Free: 598205K (96%)
ptolemy.util.test.WatchDog.cancel(): canceling Fri Jul 13 02:06:04 UTC 2018
------------------ testing $PTII/ptolemy/domains/de/test/auto/deInCt2.xml
auto.tcl: Setting watchdog for 200 seconds at Fri Jul 13 02:06:04 UTC 2018
0
1
1
1
0
0
1
1
1
0
0
1
1
1
0
0
1
1
1
0
0
1
1
1
0
0
1
1
1
0
0
1
1
1
0
0
1
1
1
0
0
0
8 ms. Memory: 619520K Free: 595675K (96%)
ptolemy.util.test.WatchDog.cancel(): canceling Fri Jul 13 02:06:04 UTC 2018
auto.tcl: Setting watchdog for 200 seconds at Fri Jul 13 02:06:04 UTC 2018
0
1
1
1
0
0
1
1
1
0
0
1
1
1
0
0
1
1
1
0
0
1
1
1
0
0
1
1
1
0
0
1
1
1
0
0
1
1
1
0
0
0
4 ms. Memory: 619520K Free: 595675K (96%)
ptolemy.util.test.WatchDog.cancel(): canceling Fri Jul 13 02:06:04 UTC 2018
------------------ testing $PTII/ptolemy/domains/de/test/auto/dynamicCausalityInterface1.xml
auto.tcl: Setting watchdog for 200 seconds at Fri Jul 13 02:06:04 UTC 2018
1 ms. Memory: 621568K Free: 589543K (95%)
ptolemy.util.test.WatchDog.cancel(): canceling Fri Jul 13 02:06:04 UTC 2018
auto.tcl: Setting watchdog for 200 seconds at Fri Jul 13 02:06:04 UTC 2018
1 ms. Memory: 621568K Free: 589543K (95%)
ptolemy.util.test.WatchDog.cancel(): canceling Fri Jul 13 02:06:04 UTC 2018
------------------ testing $PTII/ptolemy/domains/de/test/auto/fsm_de_test.xml
auto.tcl: Setting watchdog for 200 seconds at Fri Jul 13 02:06:04 UTC 2018
13 ms. Memory: 619520K Free: 595566K (96%)
ptolemy.util.test.WatchDog.cancel(): canceling Fri Jul 13 02:06:04 UTC 2018
auto.tcl: Setting watchdog for 200 seconds at Fri Jul 13 02:06:04 UTC 2018
4 ms. Memory: 619520K Free: 587382K (95%)
ptolemy.util.test.WatchDog.cancel(): canceling Fri Jul 13 02:06:04 UTC 2018
------------------ testing $PTII/ptolemy/domains/de/test/auto/functionDependencyReconstruction.xml
auto.tcl: Setting watchdog for 200 seconds at Fri Jul 13 02:06:04 UTC 2018
2 ms. Memory: 621568K Free: 589421K (95%)
ptolemy.util.test.WatchDog.cancel(): canceling Fri Jul 13 02:06:04 UTC 2018
auto.tcl: Setting watchdog for 200 seconds at Fri Jul 13 02:06:04 UTC 2018
2 ms. Memory: 621568K Free: 581229K (94%)
ptolemy.util.test.WatchDog.cancel(): canceling Fri Jul 13 02:06:04 UTC 2018
------------------ testing $PTII/ptolemy/domains/de/test/auto/multirate.xml
auto.tcl: Setting watchdog for 200 seconds at Fri Jul 13 02:06:04 UTC 2018
3 ms. Memory: 619520K Free: 595433K (96%)
ptolemy.util.test.WatchDog.cancel(): canceling Fri Jul 13 02:06:04 UTC 2018
auto.tcl: Setting watchdog for 200 seconds at Fri Jul 13 02:06:04 UTC 2018
3 ms. Memory: 619520K Free: 595433K (96%)
ptolemy.util.test.WatchDog.cancel(): canceling Fri Jul 13 02:06:04 UTC 2018
------------------ testing $PTII/ptolemy/domains/de/test/auto/multirate2.xml
auto.tcl: Setting watchdog for 200 seconds at Fri Jul 13 02:06:04 UTC 2018
5 ms. Memory: 621056K Free: 597158K (96%)
ptolemy.util.test.WatchDog.cancel(): canceling Fri Jul 13 02:06:04 UTC 2018
auto.tcl: Setting watchdog for 200 seconds at Fri Jul 13 02:06:04 UTC 2018
3 ms. Memory: 621056K Free: 597158K (96%)
ptolemy.util.test.WatchDog.cancel(): canceling Fri Jul 13 02:06:04 UTC 2018
------------------ testing $PTII/ptolemy/domains/de/test/auto/realtime.xml
auto.tcl: Setting watchdog for 200 seconds at Fri Jul 13 02:06:04 UTC 2018
10001 ms. Memory: 619520K Free: 595589K (96%)
ptolemy.util.test.WatchDog.cancel(): canceling Fri Jul 13 02:06:14 UTC 2018
auto.tcl: Setting watchdog for 200 seconds at Fri Jul 13 02:06:14 UTC 2018
10001 ms. Memory: 619520K Free: 595589K (96%)
ptolemy.util.test.WatchDog.cancel(): canceling Fri Jul 13 02:06:24 UTC 2018
------------------ testing $PTII/ptolemy/domains/de/test/auto/relationGroup.xml
auto.tcl: Setting watchdog for 200 seconds at Fri Jul 13 02:06:24 UTC 2018
1 ms. Memory: 621056K Free: 597182K (96%)
ptolemy.util.test.WatchDog.cancel(): canceling Fri Jul 13 02:06:24 UTC 2018
auto.tcl: Setting watchdog for 200 seconds at Fri Jul 13 02:06:24 UTC 2018
1 ms. Memory: 621056K Free: 597182K (96%)
ptolemy.util.test.WatchDog.cancel(): canceling Fri Jul 13 02:06:24 UTC 2018
------------------ testing $PTII/ptolemy/domains/de/test/auto/relationGroup2.xml
auto.tcl: Setting watchdog for 200 seconds at Fri Jul 13 02:06:24 UTC 2018
2 ms. Memory: 619520K Free: 595672K (96%)
ptolemy.util.test.WatchDog.cancel(): canceling Fri Jul 13 02:06:24 UTC 2018
auto.tcl: Setting watchdog for 200 seconds at Fri Jul 13 02:06:24 UTC 2018
1 ms. Memory: 619520K Free: 595672K (96%)
ptolemy.util.test.WatchDog.cancel(): canceling Fri Jul 13 02:06:24 UTC 2018
------------------ testing $PTII/ptolemy/domains/de/test/auto/sortWithOpaquePorts.xml
auto.tcl: Setting watchdog for 200 seconds at Fri Jul 13 02:06:24 UTC 2018
1 ms. Memory: 620544K Free: 596697K (96%)
ptolemy.util.test.WatchDog.cancel(): canceling Fri Jul 13 02:06:24 UTC 2018
auto.tcl: Setting watchdog for 200 seconds at Fri Jul 13 02:06:24 UTC 2018
2 ms. Memory: 620544K Free: 596697K (96%)
ptolemy.util.test.WatchDog.cancel(): canceling Fri Jul 13 02:06:24 UTC 2018
------------------ testing $PTII/ptolemy/domains/de/test/auto/transferInputsandOutputs.xml
auto.tcl: Setting watchdog for 200 seconds at Fri Jul 13 02:06:24 UTC 2018
2 ms. Memory: 619520K Free: 595660K (96%)
ptolemy.util.test.WatchDog.cancel(): canceling Fri Jul 13 02:06:24 UTC 2018
auto.tcl: Setting watchdog for 200 seconds at Fri Jul 13 02:06:24 UTC 2018
2 ms. Memory: 619520K Free: 595660K (96%)
ptolemy.util.test.WatchDog.cancel(): canceling Fri Jul 13 02:06:24 UTC 2018
------------------ testing $PTII/ptolemy/domains/de/test/auto/triggerType.xml
auto.tcl: Setting watchdog for 200 seconds at Fri Jul 13 02:06:24 UTC 2018
1 ms. Memory: 620544K Free: 596634K (96%)
ptolemy.util.test.WatchDog.cancel(): canceling Fri Jul 13 02:06:24 UTC 2018
auto.tcl: Setting watchdog for 200 seconds at Fri Jul 13 02:06:24 UTC 2018
1 ms. Memory: 620544K Free: 596634K (96%)
ptolemy.util.test.WatchDog.cancel(): canceling Fri Jul 13 02:06:24 UTC 2018
07/13/18 02:06:25
Failed: 0  Total Tests: 192  ((Passed: 187, Newly Passed: 1)  Known Failed: 5) /home/travis/build/icyphy/ptII/ptolemy/domains/de/test
07/13/18 02:06:25
Failed: 0  Total Tests: 192  ((Passed: 187, Newly Passed: 1)  Known Failed: 5) /home/travis/build/icyphy/ptII/ptolemy/domains/de/test
----------------- testing (KnownFailure) /home/travis/build/icyphy/ptII/ptolemy/domains/de/test/auto/knownFailedTests/DESDFClockTest.xml
2012 ms. Memory: 619520K Free: 584902K (94%)
Known Failure: java.lang.reflect.InvocationTargetException
----------------- testing (KnownFailure) /home/travis/build/icyphy/ptII/ptolemy/domains/de/test/auto/knownFailedTests/DirectFeedback.xml
1 ms. Memory: 619520K Free: 541822K (87%)
Known Failure: java.lang.reflect.InvocationTargetException
----------------- testing (KnownFailure) /home/travis/build/icyphy/ptII/ptolemy/domains/de/test/auto/knownFailedTests/FSMSource.xml
5 ms. Memory: 619520K Free: 498772K (81%)
----------------- testing (KnownFailure) /home/travis/build/icyphy/ptII/ptolemy/domains/de/test/auto/knownFailedTests/HierarchicalModel.xml
2 ms. Memory: 619520K Free: 466470K (75%)
Known Failure: java.lang.reflect.InvocationTargetException
----------------- testing (KnownFailure) /home/travis/build/icyphy/ptII/ptolemy/domains/de/test/auto/knownFailedTests/dependencyLoop.xml
2 ms. Memory: 619520K Free: 412650K (67%)
Known Failure: java.lang.reflect.InvocationTargetException
----------------- testing (KnownFailure) /home/travis/build/icyphy/ptII/ptolemy/domains/de/test/auto/knownFailedTests/dependencyLoop2.xml
2 ms. Memory: 619520K Free: 358839K (58%)
Known Failure: java.lang.reflect.InvocationTargetException
No auto/linux-amd64/*.xml tests in /home/travis/build/icyphy/ptII/ptolemy/domains/de/test
AutoTests.java: About to close Vertx.
AutoTests.java: Vertx closed.

===========================================================================================
----------------- testing Fri Jul 13 02:06:27 UTC 2018 /home/travis/build/icyphy/ptII/ptolemy/domains/de/test/auto/ActorDepthCalculation_actorWithoutPorts.xml
----------------- Instantiating /home/travis/build/icyphy/ptII/ptolemy/domains/de/test/auto/ActorDepthCalculation_actorWithoutPorts.xml
2 ms. Memory: 619520K Free: 305027K (49%)
----------------- Invoking toplevel() on ptolemy.moml.MoMLSimpleApplication@3a82e501
----------------- Done invoking toplevel() on ptolemy.moml.MoMLSimpleApplication@3a82e501
reloadAllAccessors: .ActorDepthCalculation_actorWithoutPorts

===========================================================================================
----------------- testing Fri Jul 13 02:06:27 UTC 2018 /home/travis/build/icyphy/ptII/ptolemy/domains/de/test/auto/AssemblyLine.xml
----------------- Instantiating /home/travis/build/icyphy/ptII/ptolemy/domains/de/test/auto/AssemblyLine.xml
2 ms. Memory: 619520K Free: 283503K (46%)
----------------- Invoking toplevel() on ptolemy.moml.MoMLSimpleApplication@1f73b2fc
----------------- Done invoking toplevel() on ptolemy.moml.MoMLSimpleApplication@1f73b2fc
reloadAllAccessors: .AssemblyLine

===========================================================================================
----------------- testing Fri Jul 13 02:06:27 UTC 2018 /home/travis/build/icyphy/ptII/ptolemy/domains/de/test/auto/CQBug1.xml
----------------- Instantiating /home/travis/build/icyphy/ptII/ptolemy/domains/de/test/auto/CQBug1.xml
1 ms. Memory: 619520K Free: 261978K (42%)
----------------- Invoking toplevel() on ptolemy.moml.MoMLSimpleApplication@6aadf0a2
----------------- Done invoking toplevel() on ptolemy.moml.MoMLSimpleApplication@6aadf0a2
reloadAllAccessors: .CQBug1

===========================================================================================
----------------- testing Fri Jul 13 02:06:27 UTC 2018 /home/travis/build/icyphy/ptII/ptolemy/domains/de/test/auto/CancelFireAt.xml
----------------- Instantiating /home/travis/build/icyphy/ptII/ptolemy/domains/de/test/auto/CancelFireAt.xml
1 ms. Memory: 619520K Free: 240454K (39%)
----------------- Invoking toplevel() on ptolemy.moml.MoMLSimpleApplication@7f0cc578
----------------- Done invoking toplevel() on ptolemy.moml.MoMLSimpleApplication@7f0cc578
reloadAllAccessors: .CancelFireAt

===========================================================================================
----------------- testing Fri Jul 13 02:06:27 UTC 2018 /home/travis/build/icyphy/ptII/ptolemy/domains/de/test/auto/CausalityAndComposabilityAnalysis.xml
----------------- Instantiating /home/travis/build/icyphy/ptII/ptolemy/domains/de/test/auto/CausalityAndComposabilityAnalysis.xml
1 ms. Memory: 619520K Free: 218929K (35%)
----------------- Invoking toplevel() on ptolemy.moml.MoMLSimpleApplication@2f650f32
----------------- Done invoking toplevel() on ptolemy.moml.MoMLSimpleApplication@2f650f32
reloadAllAccessors: .CausalityAndComposabilityAnalysis

===========================================================================================
----------------- testing Fri Jul 13 02:06:27 UTC 2018 /home/travis/build/icyphy/ptII/ptolemy/domains/de/test/auto/CausalityInterface1.xml
----------------- Instantiating /home/travis/build/icyphy/ptII/ptolemy/domains/de/test/auto/CausalityInterface1.xml
4 ms. Memory: 619520K Free: 197405K (32%)
----------------- Invoking toplevel() on ptolemy.moml.MoMLSimpleApplication@6bb757b1
----------------- Done invoking toplevel() on ptolemy.moml.MoMLSimpleApplication@6bb757b1
reloadAllAccessors: .CausalityInterface1

===========================================================================================
----------------- testing Fri Jul 13 02:06:27 UTC 2018 /home/travis/build/icyphy/ptII/ptolemy/domains/de/test/auto/CausalityInterface15.xml
----------------- Instantiating /home/travis/build/icyphy/ptII/ptolemy/domains/de/test/auto/CausalityInterface15.xml
1 ms. Memory: 619520K Free: 175880K (28%)
----------------- Invoking toplevel() on ptolemy.moml.MoMLSimpleApplication@73fc0668
----------------- Done invoking toplevel() on ptolemy.moml.MoMLSimpleApplication@73fc0668
reloadAllAccessors: .CausalityInterface15

[...]
java.lang.RuntimeException: Execution failed
	at ptolemy.moml.MoMLSimpleApplication$UnloadThread.run(MoMLSimpleApplication.java:402)
Caused by: ptolemy.kernel.util.IllegalActionException: Test fails in iteration 1.
Value was: 1.0. Should have been: 2.0
  in .DirectFeedback.Test
	at ptolemy.actor.lib.Test.fire(Test.java:268)
	at ptolemy.domains.de.kernel.DEDirector._fire(DEDirector.java:1949)
	at ptolemy.domains.de.kernel.DEDirector.fire(DEDirector.java:502)
	at ptolemy.actor.CompositeActor.fire(CompositeActor.java:455)
	at ptolemy.actor.Manager.iterate(Manager.java:851)
	at ptolemy.actor.Manager.execute(Manager.java:369)
	at ptolemy.actor.Manager.run(Manager.java:1263)
	at ptolemy.actor.Manager$PtolemyRunThread.run(Manager.java:1915)
java.lang.RuntimeException: Execution failed
	at ptolemy.moml.MoMLSimpleApplication$UnloadThread.run(MoMLSimpleApplication.java:402)
Caused by: ptolemy.kernel.util.IllegalActionException: Actor is not ready to fire.  Perhaps UpSample.prefire() returned false? Try debugging the actor by selecting "Listen to Actor".  Also, for SDF check moml for tokenConsumptionRate on input.
  in .DESDFClockTest.Play Bell.Copy1:SDF Director and .DESDFClockTest.Play Bell.UpSample
	at ptolemy.actor.sched.StaticSchedulingDirector.fire(StaticSchedulingDirector.java:227)
	at ptolemy.domains.sdf.kernel.SDFDirector.fire(SDFDirector.java:500)
	at ptolemy.actor.CompositeActor.fire(CompositeActor.java:455)
	at ptolemy.domains.de.kernel.DEDirector._fire(DEDirector.java:1949)
	at ptolemy.domains.de.kernel.DEDirector.fire(DEDirector.java:502)
	at ptolemy.actor.CompositeActor.fire(CompositeActor.java:455)
	at ptolemy.actor.Manager.iterate(Manager.java:851)
	at ptolemy.actor.Manager.execute(Manager.java:369)
	at ptolemy.actor.Manager.run(Manager.java:1263)
	at ptolemy.actor.Manager$PtolemyRunThread.run(Manager.java:1915)
java.lang.reflect.InvocationTargetException
	at sun.reflect.NativeConstructorAccessorImpl.newInstance0(Native Method)
	at sun.reflect.NativeConstructorAccessorImpl.newInstance(NativeConstructorAccessorImpl.java:62)
	at sun.reflect.DelegatingConstructorAccessorImpl.newInstance(DelegatingConstructorAccessorImpl.java:45)
	at java.lang.reflect.Constructor.newInstance(Constructor.java:423)
	at ptolemy.util.test.junit.AutoKnownFailedTests.RunModel(AutoKnownFailedTests.java:107)
	at sun.reflect.NativeMethodAccessorImpl.invoke0(Native Method)
	at sun.reflect.NativeMethodAccessorImpl.invoke(NativeMethodAccessorImpl.java:62)
	at sun.reflect.DelegatingMethodAccessorImpl.invoke(DelegatingMethodAccessorImpl.java:43)
	at java.lang.reflect.Method.invoke(Method.java:498)
	at org.junit.runners.model.FrameworkMethod$1.runReflectiveCall(FrameworkMethod.java:44)
	at org.junit.internal.runners.model.ReflectiveCallable.run(ReflectiveCallable.java:15)
	at org.junit.runners.model.FrameworkMethod.invokeExplosively(FrameworkMethod.java:41)
	at junitparams.internal.InvokeParameterisedMethod.evaluate(InvokeParameterisedMethod.java:102)
	at org.junit.internal.runners.statements.FailOnTimeout$1.run(FailOnTimeout.java:28)
Caused by: ptolemy.kernel.util.IllegalActionException: Actor is not ready to fire.  Perhaps UpSample.prefire() returned false? Try debugging the actor by selecting "Listen to Actor".  Also, for SDF check moml for tokenConsumptionRate on input.
  in .DESDFClockTest.Play Bell.Copy1:SDF Director and .DESDFClockTest.Play Bell.UpSample
	at ptolemy.actor.sched.StaticSchedulingDirector.fire(StaticSchedulingDirector.java:227)
	at ptolemy.domains.sdf.kernel.SDFDirector.fire(SDFDirector.java:500)
	at ptolemy.actor.CompositeActor.fire(CompositeActor.java:455)
	at ptolemy.domains.de.kernel.DEDirector._fire(DEDirector.java:1949)
	at ptolemy.domains.de.kernel.DEDirector.fire(DEDirector.java:502)
	at ptolemy.actor.CompositeActor.fire(CompositeActor.java:455)
	at ptolemy.actor.Manager.iterate(Manager.java:851)
	at ptolemy.actor.Manager.execute(Manager.java:369)
	at ptolemy.actor.Manager.run(Manager.java:1263)
	at ptolemy.actor.Manager$PtolemyRunThread.run(Manager.java:1915)
java.lang.RuntimeException: Execution failed
	at ptolemy.moml.MoMLSimpleApplication$UnloadThread.run(MoMLSimpleApplication.java:402)
Caused by: ptolemy.kernel.util.IllegalActionException: Test fails in iteration 1.
Value was: 1.0. Should have been: 2.0
  in .DirectFeedback.Test
	at ptolemy.actor.lib.Test.fire(Test.java:268)
	at ptolemy.domains.de.kernel.DEDirector._fire(DEDirector.java:1949)
	at ptolemy.domains.de.kernel.DEDirector.fire(DEDirector.java:502)
	at ptolemy.actor.CompositeActor.fire(CompositeActor.java:455)
	at ptolemy.actor.Manager.iterate(Manager.java:851)
	at ptolemy.actor.Manager.execute(Manager.java:369)
	at ptolemy.actor.Manager.run(Manager.java:1263)
	at ptolemy.actor.Manager$PtolemyRunThread.run(Manager.java:1915)
java.lang.reflect.InvocationTargetException
	at sun.reflect.NativeConstructorAccessorImpl.newInstance0(Native Method)
	at sun.reflect.NativeConstructorAccessorImpl.newInstance(NativeConstructorAccessorImpl.java:62)
	at sun.reflect.DelegatingConstructorAccessorImpl.newInstance(DelegatingConstructorAccessorImpl.java:45)
	at java.lang.reflect.Constructor.newInstance(Constructor.java:423)
	at ptolemy.util.test.junit.AutoKnownFailedTests.RunModel(AutoKnownFailedTests.java:107)
	at sun.reflect.NativeMethodAccessorImpl.invoke0(Native Method)
	at sun.reflect.NativeMethodAccessorImpl.invoke(NativeMethodAccessorImpl.java:62)
	at sun.reflect.DelegatingMethodAccessorImpl.invoke(DelegatingMethodAccessorImpl.java:43)
	at java.lang.reflect.Method.invoke(Method.java:498)
	at org.junit.runners.model.FrameworkMethod$1.runReflectiveCall(FrameworkMethod.java:44)
	at org.junit.internal.runners.model.ReflectiveCallable.run(ReflectiveCallable.java:15)
	at org.junit.runners.model.FrameworkMethod.invokeExplosively(FrameworkMethod.java:41)
	at junitparams.internal.InvokeParameterisedMethod.evaluate(InvokeParameterisedMethod.java:102)
	at org.junit.internal.runners.statements.FailOnTimeout$1.run(FailOnTimeout.java:28)
Caused by: ptolemy.kernel.util.IllegalActionException: Test fails in iteration 1.
Value was: 1.0. Should have been: 2.0
  in .DirectFeedback.Test
	at ptolemy.actor.lib.Test.fire(Test.java:268)
	at ptolemy.domains.de.kernel.DEDirector._fire(DEDirector.java:1949)
	at ptolemy.domains.de.kernel.DEDirector.fire(DEDirector.java:502)
	at ptolemy.actor.CompositeActor.fire(CompositeActor.java:455)
	at ptolemy.actor.Manager.iterate(Manager.java:851)
	at ptolemy.actor.Manager.execute(Manager.java:369)
	at ptolemy.actor.Manager.run(Manager.java:1263)
	at ptolemy.actor.Manager$PtolemyRunThread.run(Manager.java:1915)
java.lang.RuntimeException: Execution failed
	at ptolemy.moml.MoMLSimpleApplication$UnloadThread.run(MoMLSimpleApplication.java:402)
Caused by: ptolemy.kernel.util.IllegalActionException: Found a zero delay loop containing .HierarchicalModel.A
  in .HierarchicalModel and .HierarchicalModel.A
	at ptolemy.actor.util.CausalityInterfaceForComposites._computeOutputPortDepth(CausalityInterfaceForComposites.java:759)
	at ptolemy.actor.util.CausalityInterfaceForComposites._computeInputDepth(CausalityInterfaceForComposites.java:696)
	at ptolemy.actor.util.CausalityInterfaceForComposites._computeOutputPortDepth(CausalityInterfaceForComposites.java:765)
	at ptolemy.actor.util.CausalityInterfaceForComposites._computeInputDepth(CausalityInterfaceForComposites.java:696)
	at ptolemy.actor.util.CausalityInterfaceForComposites._computeOutputPortDepth(CausalityInterfaceForComposites.java:765)
	at ptolemy.actor.util.CausalityInterfaceForComposites._computeInputDepth(CausalityInterfaceForComposites.java:696)
	at ptolemy.actor.util.CausalityInterfaceForComposites._computeActorDepth(CausalityInterfaceForComposites.java:532)
	at ptolemy.actor.util.CausalityInterfaceForComposites.checkForCycles(CausalityInterfaceForComposites.java:96)
	at ptolemy.domains.de.kernel.DEDirector.preinitialize(DEDirector.java:1338)
	at ptolemy.actor.CompositeActor.preinitialize(CompositeActor.java:1828)
	at ptolemy.actor.Manager.preinitializeAndResolveTypes(Manager.java:1040)
	at ptolemy.actor.Manager.initialize(Manager.java:710)
	at ptolemy.actor.Manager.execute(Manager.java:356)
	at ptolemy.actor.Manager.run(Manager.java:1263)
	at ptolemy.actor.Manager$PtolemyRunThread.run(Manager.java:1915)
java.lang.reflect.InvocationTargetException
	at sun.reflect.NativeConstructorAccessorImpl.newInstance0(Native Method)
	at sun.reflect.NativeConstructorAccessorImpl.newInstance(NativeConstructorAccessorImpl.java:62)
	at sun.reflect.DelegatingConstructorAccessorImpl.newInstance(DelegatingConstructorAccessorImpl.java:45)
	at java.lang.reflect.Constructor.newInstance(Constructor.java:423)
	at ptolemy.util.test.junit.AutoKnownFailedTests.RunModel(AutoKnownFailedTests.java:107)
	at sun.reflect.NativeMethodAccessorImpl.invoke0(Native Method)
	at sun.reflect.NativeMethodAccessorImpl.invoke(NativeMethodAccessorImpl.java:62)
	at sun.reflect.DelegatingMethodAccessorImpl.invoke(DelegatingMethodAccessorImpl.java:43)
	at java.lang.reflect.Method.invoke(Method.java:498)
	at org.junit.runners.model.FrameworkMethod$1.runReflectiveCall(FrameworkMethod.java:44)
	at org.junit.internal.runners.model.ReflectiveCallable.run(ReflectiveCallable.java:15)
	at org.junit.runners.model.FrameworkMethod.invokeExplosively(FrameworkMethod.java:41)
	at junitparams.internal.InvokeParameterisedMethod.evaluate(InvokeParameterisedMethod.java:102)
	at org.junit.internal.runners.statements.FailOnTimeout$1.run(FailOnTimeout.java:28)
Caused by: ptolemy.kernel.util.IllegalActionException: Found a zero delay loop containing .HierarchicalModel.A
  in .HierarchicalModel and .HierarchicalModel.A
	at ptolemy.actor.util.CausalityInterfaceForComposites._computeOutputPortDepth(CausalityInterfaceForComposites.java:759)
	at ptolemy.actor.util.CausalityInterfaceForComposites._computeInputDepth(CausalityInterfaceForComposites.java:696)
	at ptolemy.actor.util.CausalityInterfaceForComposites._computeOutputPortDepth(CausalityInterfaceForComposites.java:765)
	at ptolemy.actor.util.CausalityInterfaceForComposites._computeInputDepth(CausalityInterfaceForComposites.java:696)
	at ptolemy.actor.util.CausalityInterfaceForComposites._computeOutputPortDepth(CausalityInterfaceForComposites.java:765)
	at ptolemy.actor.util.CausalityInterfaceForComposites._computeInputDepth(CausalityInterfaceForComposites.java:696)
	at ptolemy.actor.util.CausalityInterfaceForComposites._computeActorDepth(CausalityInterfaceForComposites.java:532)
	at ptolemy.actor.util.CausalityInterfaceForComposites.checkForCycles(CausalityInterfaceForComposites.java:96)
	at ptolemy.domains.de.kernel.DEDirector.preinitialize(DEDirector.java:1338)
	at ptolemy.actor.CompositeActor.preinitialize(CompositeActor.java:1828)
	at ptolemy.actor.Manager.preinitializeAndResolveTypes(Manager.java:1040)
	at ptolemy.actor.Manager.initialize(Manager.java:710)
	at ptolemy.actor.Manager.execute(Manager.java:356)
	at ptolemy.actor.Manager.run(Manager.java:1263)
	at ptolemy.actor.Manager$PtolemyRunThread.run(Manager.java:1915)
java.lang.RuntimeException: Execution failed
	at ptolemy.moml.MoMLSimpleApplication$UnloadThread.run(MoMLSimpleApplication.java:402)
Caused by: ptolemy.kernel.util.IllegalActionException: Found a zero delay loop containing .dependencyLoop.original
  in .dependencyLoop and .dependencyLoop.original
	at ptolemy.actor.util.CausalityInterfaceForComposites._computeOutputPortDepth(CausalityInterfaceForComposites.java:759)
	at ptolemy.actor.util.CausalityInterfaceForComposites._computeInputDepth(CausalityInterfaceForComposites.java:696)
	at ptolemy.actor.util.CausalityInterfaceForComposites._computeOutputPortDepth(CausalityInterfaceForComposites.java:765)
	at ptolemy.actor.util.CausalityInterfaceForComposites._computeInputDepth(CausalityInterfaceForComposites.java:696)
	at ptolemy.actor.util.CausalityInterfaceForComposites._computeOutputPortDepth(CausalityInterfaceForComposites.java:765)
	at ptolemy.actor.util.CausalityInterfaceForComposites._computeInputDepth(CausalityInterfaceForComposites.java:696)
	at ptolemy.actor.util.CausalityInterfaceForComposites._computeActorDepth(CausalityInterfaceForComposites.java:532)
	at ptolemy.actor.util.CausalityInterfaceForComposites.checkForCycles(CausalityInterfaceForComposites.java:96)
	at ptolemy.domains.de.kernel.DEDirector.preinitialize(DEDirector.java:1338)
	at ptolemy.actor.CompositeActor.preinitialize(CompositeActor.java:1828)
	at ptolemy.actor.Manager.preinitializeAndResolveTypes(Manager.java:1040)
	at ptolemy.actor.Manager.initialize(Manager.java:710)
	at ptolemy.actor.Manager.execute(Manager.java:356)
	at ptolemy.actor.Manager.run(Manager.java:1263)
	at ptolemy.actor.Manager$PtolemyRunThread.run(Manager.java:1915)
java.lang.reflect.InvocationTargetException
	at sun.reflect.NativeConstructorAccessorImpl.newInstance0(Native Method)
	at sun.reflect.NativeConstructorAccessorImpl.newInstance(NativeConstructorAccessorImpl.java:62)
	at sun.reflect.DelegatingConstructorAccessorImpl.newInstance(DelegatingConstructorAccessorImpl.java:45)
	at java.lang.reflect.Constructor.newInstance(Constructor.java:423)
	at ptolemy.util.test.junit.AutoKnownFailedTests.RunModel(AutoKnownFailedTests.java:107)
	at sun.reflect.NativeMethodAccessorImpl.invoke0(Native Method)
	at sun.reflect.NativeMethodAccessorImpl.invoke(NativeMethodAccessorImpl.java:62)
	at sun.reflect.DelegatingMethodAccessorImpl.invoke(DelegatingMethodAccessorImpl.java:43)
	at java.lang.reflect.Method.invoke(Method.java:498)
	at org.junit.runners.model.FrameworkMethod$1.runReflectiveCall(FrameworkMethod.java:44)
	at org.junit.internal.runners.model.ReflectiveCallable.run(ReflectiveCallable.java:15)
	at org.junit.runners.model.FrameworkMethod.invokeExplosively(FrameworkMethod.java:41)
	at junitparams.internal.InvokeParameterisedMethod.evaluate(InvokeParameterisedMethod.java:102)
	at org.junit.internal.runners.statements.FailOnTimeout$1.run(FailOnTimeout.java:28)
Caused by: ptolemy.kernel.util.IllegalActionException: Found a zero delay loop containing .dependencyLoop.original
  in .dependencyLoop and .dependencyLoop.original
	at ptolemy.actor.util.CausalityInterfaceForComposites._computeOutputPortDepth(CausalityInterfaceForComposites.java:759)
	at ptolemy.actor.util.CausalityInterfaceForComposites._computeInputDepth(CausalityInterfaceForComposites.java:696)
	at ptolemy.actor.util.CausalityInterfaceForComposites._computeOutputPortDepth(CausalityInterfaceForComposites.java:765)
	at ptolemy.actor.util.CausalityInterfaceForComposites._computeInputDepth(CausalityInterfaceForComposites.java:696)
	at ptolemy.actor.util.CausalityInterfaceForComposites._computeOutputPortDepth(CausalityInterfaceForComposites.java:765)
	at ptolemy.actor.util.CausalityInterfaceForComposites._computeInputDepth(CausalityInterfaceForComposites.java:696)
	at ptolemy.actor.util.CausalityInterfaceForComposites._computeActorDepth(CausalityInterfaceForComposites.java:532)
	at ptolemy.actor.util.CausalityInterfaceForComposites.checkForCycles(CausalityInterfaceForComposites.java:96)
	at ptolemy.domains.de.kernel.DEDirector.preinitialize(DEDirector.java:1338)
	at ptolemy.actor.CompositeActor.preinitialize(CompositeActor.java:1828)
	at ptolemy.actor.Manager.preinitializeAndResolveTypes(Manager.java:1040)
	at ptolemy.actor.Manager.initialize(Manager.java:710)
	at ptolemy.actor.Manager.execute(Manager.java:356)
	at ptolemy.actor.Manager.run(Manager.java:1263)
	at ptolemy.actor.Manager$PtolemyRunThread.run(Manager.java:1915)
java.lang.RuntimeException: Execution failed
	at ptolemy.moml.MoMLSimpleApplication$UnloadThread.run(MoMLSimpleApplication.java:402)
Caused by: ptolemy.kernel.util.IllegalActionException: Found a zero delay loop containing .dependencyLoop2.original
  in .dependencyLoop2 and .dependencyLoop2.original
	at ptolemy.actor.util.CausalityInterfaceForComposites._computeOutputPortDepth(CausalityInterfaceForComposites.java:759)
	at ptolemy.actor.util.CausalityInterfaceForComposites._computeInputDepth(CausalityInterfaceForComposites.java:696)
	at ptolemy.actor.util.CausalityInterfaceForComposites._computeOutputPortDepth(CausalityInterfaceForComposites.java:765)
	at ptolemy.actor.util.CausalityInterfaceForComposites._computeInputDepth(CausalityInterfaceForComposites.java:696)
	at ptolemy.actor.util.CausalityInterfaceForComposites._computeOutputPortDepth(CausalityInterfaceForComposites.java:765)
	at ptolemy.actor.util.CausalityInterfaceForComposites._computeInputDepth(CausalityInterfaceForComposites.java:696)
	at ptolemy.actor.util.CausalityInterfaceForComposites._computeActorDepth(CausalityInterfaceForComposites.java:532)
	at ptolemy.actor.util.CausalityInterfaceForComposites.checkForCycles(CausalityInterfaceForComposites.java:96)
	at ptolemy.domains.de.kernel.DEDirector.preinitialize(DEDirector.java:1338)
	at ptolemy.actor.CompositeActor.preinitialize(CompositeActor.java:1828)
	at ptolemy.actor.Manager.preinitializeAndResolveTypes(Manager.java:1040)
	at ptolemy.actor.Manager.initialize(Manager.java:710)
	at ptolemy.actor.Manager.execute(Manager.java:356)
	at ptolemy.actor.Manager.run(Manager.java:1263)
	at ptolemy.actor.Manager$PtolemyRunThread.run(Manager.java:1915)
java.lang.reflect.InvocationTargetException
	at sun.reflect.NativeConstructorAccessorImpl.newInstance0(Native Method)
	at sun.reflect.NativeConstructorAccessorImpl.newInstance(NativeConstructorAccessorImpl.java:62)
	at sun.reflect.DelegatingConstructorAccessorImpl.newInstance(DelegatingConstructorAccessorImpl.java:45)
	at java.lang.reflect.Constructor.newInstance(Constructor.java:423)
	at ptolemy.util.test.junit.AutoKnownFailedTests.RunModel(AutoKnownFailedTests.java:107)
	at sun.reflect.NativeMethodAccessorImpl.invoke0(Native Method)
	at sun.reflect.NativeMethodAccessorImpl.invoke(NativeMethodAccessorImpl.java:62)
	at sun.reflect.DelegatingMethodAccessorImpl.invoke(DelegatingMethodAccessorImpl.java:43)
	at java.lang.reflect.Method.invoke(Method.java:498)
	at org.junit.runners.model.FrameworkMethod$1.runReflectiveCall(FrameworkMethod.java:44)
	at org.junit.internal.runners.model.ReflectiveCallable.run(ReflectiveCallable.java:15)
	at org.junit.runners.model.FrameworkMethod.invokeExplosively(FrameworkMethod.java:41)
	at junitparams.internal.InvokeParameterisedMethod.evaluate(InvokeParameterisedMethod.java:102)
	at org.junit.internal.runners.statements.FailOnTimeout$1.run(FailOnTimeout.java:28)
Caused by: ptolemy.kernel.util.IllegalActionException: Found a zero delay loop containing .dependencyLoop2.original
  in .dependencyLoop2 and .dependencyLoop2.original
	at ptolemy.actor.util.CausalityInterfaceForComposites._computeOutputPortDepth(CausalityInterfaceForComposites.java:759)
	at ptolemy.actor.util.CausalityInterfaceForComposites._computeInputDepth(CausalityInterfaceForComposites.java:696)
	at ptolemy.actor.util.CausalityInterfaceForComposites._computeOutputPortDepth(CausalityInterfaceForComposites.java:765)
	at ptolemy.actor.util.CausalityInterfaceForComposites._computeInputDepth(CausalityInterfaceForComposites.java:696)
	at ptolemy.actor.util.CausalityInterfaceForComposites._computeOutputPortDepth(CausalityInterfaceForComposites.java:765)
	at ptolemy.actor.util.CausalityInterfaceForComposites._computeInputDepth(CausalityInterfaceForComposites.java:696)
	at ptolemy.actor.util.CausalityInterfaceForComposites._computeActorDepth(CausalityInterfaceForComposites.java:532)
	at ptolemy.actor.util.CausalityInterfaceForComposites.checkForCycles(CausalityInterfaceForComposites.java:96)
	at ptolemy.domains.de.kernel.DEDirector.preinitialize(DEDirector.java:1338)
	at ptolemy.actor.CompositeActor.preinitialize(CompositeActor.java:1828)
	at ptolemy.actor.Manager.preinitializeAndResolveTypes(Manager.java:1040)
	at ptolemy.actor.Manager.initialize(Manager.java:710)
	at ptolemy.actor.Manager.execute(Manager.java:356)
	at ptolemy.actor.Manager.run(Manager.java:1263)
	at ptolemy.actor.Manager$PtolemyRunThread.run(Manager.java:1915)
]]></system-err>
</testsuite>
