<?xml version="1.0" encoding="UTF-8" ?>
<testsuite errors="0" failures="0" hostname="travis-job-57d5dedb-18c0-4477-b011-f73388b1597d" name="ptolemy.actor.lib.hoc.test.junit.JUnitTclTest" skipped="0" tests="58" time="23.295" timestamp="2018-10-09T02:55:43">
  <properties>
[...]
</properties>
  <testcase classname="ptolemy.util.test.junit.TclTests" name="[0] /home/travis/build/icyphy/ptII/ptolemy/actor/lib/hoc/test/IterateOverArray.tcl (RunTclFile)" time="0.279" />
  <testcase classname="ptolemy.util.test.junit.AutoKnownFailedTests" name="[0] /home/travis/build/icyphy/ptII/ptolemy/actor/lib/hoc/test/auto/knownFailedTests/PreinitializeMustBeInvokedRunComposite.xml (RunModel)" time="0.217" />
  <testcase classname="ptolemy.util.test.junit.AutoNameArchTests" name="[0] ThereAreNoAutoArchTests (RunModel)" time="0.0" />
  <testcase classname="ptolemy.util.test.junit.AutoTests" name="[0] /home/travis/build/icyphy/ptII/ptolemy/actor/lib/hoc/test/auto/AllToAllMultiInstanceComposite.xml (RunModel)" time="0.319" />
  <testcase classname="ptolemy.util.test.junit.AutoTests" name="[1] /home/travis/build/icyphy/ptII/ptolemy/actor/lib/hoc/test/auto/ApplyFFTTest.xml (RunModel)" time="0.28" />
  <testcase classname="ptolemy.util.test.junit.AutoTests" name="[2] /home/travis/build/icyphy/ptII/ptolemy/actor/lib/hoc/test/auto/ApplyFunction.xml (RunModel)" time="0.06" />
  <testcase classname="ptolemy.util.test.junit.AutoTests" name="[3] /home/travis/build/icyphy/ptII/ptolemy/actor/lib/hoc/test/auto/BackgroundExecution.xml (RunModel)" time="0.73" />
  <testcase classname="ptolemy.util.test.junit.AutoTests" name="[4] /home/travis/build/icyphy/ptII/ptolemy/actor/lib/hoc/test/auto/Case.xml (RunModel)" time="0.043" />
  <testcase classname="ptolemy.util.test.junit.AutoTests" name="[5] /home/travis/build/icyphy/ptII/ptolemy/actor/lib/hoc/test/auto/Case1.xml (RunModel)" time="0.029" />
  <testcase classname="ptolemy.util.test.junit.AutoTests" name="[6] /home/travis/build/icyphy/ptII/ptolemy/actor/lib/hoc/test/auto/Case2.xml (RunModel)" time="0.076" />
  <testcase classname="ptolemy.util.test.junit.AutoTests" name="[7] /home/travis/build/icyphy/ptII/ptolemy/actor/lib/hoc/test/auto/Case3.xml (RunModel)" time="0.033" />
  <testcase classname="ptolemy.util.test.junit.AutoTests" name="[8] /home/travis/build/icyphy/ptII/ptolemy/actor/lib/hoc/test/auto/Case4.xml (RunModel)" time="0.057" />
  <testcase classname="ptolemy.util.test.junit.AutoTests" name="[9] /home/travis/build/icyphy/ptII/ptolemy/actor/lib/hoc/test/auto/Case5.xml (RunModel)" time="0.095" />
  <testcase classname="ptolemy.util.test.junit.AutoTests" name="[10] /home/travis/build/icyphy/ptII/ptolemy/actor/lib/hoc/test/auto/Case6.xml (RunModel)" time="0.104" />
  <testcase classname="ptolemy.util.test.junit.AutoTests" name="[11] /home/travis/build/icyphy/ptII/ptolemy/actor/lib/hoc/test/auto/CaseString2.xml (RunModel)" time="0.07" />
  <testcase classname="ptolemy.util.test.junit.AutoTests" name="[12] /home/travis/build/icyphy/ptII/ptolemy/actor/lib/hoc/test/auto/CatchUpComposite1.xml (RunModel)" time="0.082" />
  <testcase classname="ptolemy.util.test.junit.AutoTests" name="[13] /home/travis/build/icyphy/ptII/ptolemy/actor/lib/hoc/test/auto/CatchUpComposite2.xml (RunModel)" time="0.063" />
  <testcase classname="ptolemy.util.test.junit.AutoTests" name="[14] /home/travis/build/icyphy/ptII/ptolemy/actor/lib/hoc/test/auto/CatchUpComposite3.xml (RunModel)" time="0.048" />
  <testcase classname="ptolemy.util.test.junit.AutoTests" name="[15] /home/travis/build/icyphy/ptII/ptolemy/actor/lib/hoc/test/auto/CatchUpComposite4.xml (RunModel)" time="0.056" />
  <testcase classname="ptolemy.util.test.junit.AutoTests" name="[16] /home/travis/build/icyphy/ptII/ptolemy/actor/lib/hoc/test/auto/CatchUpComposite5.xml (RunModel)" time="0.034" />
  <testcase classname="ptolemy.util.test.junit.AutoTests" name="[17] /home/travis/build/icyphy/ptII/ptolemy/actor/lib/hoc/test/auto/CatchUpComposite6.xml (RunModel)" time="0.155" />
  <testcase classname="ptolemy.util.test.junit.AutoTests" name="[18] /home/travis/build/icyphy/ptII/ptolemy/actor/lib/hoc/test/auto/CatchUpComposite7.xml (RunModel)" time="0.098" />
  <testcase classname="ptolemy.util.test.junit.AutoTests" name="[19] /home/travis/build/icyphy/ptII/ptolemy/actor/lib/hoc/test/auto/ConcurrentExecutionTimeSDF.xml (RunModel)" time="0.907" />
  <testcase classname="ptolemy.util.test.junit.AutoTests" name="[20] /home/travis/build/icyphy/ptII/ptolemy/actor/lib/hoc/test/auto/ConcurrentSleep.xml (RunModel)" time="0.806" />
  <testcase classname="ptolemy.util.test.junit.AutoTests" name="[21] /home/travis/build/icyphy/ptII/ptolemy/actor/lib/hoc/test/auto/DEInPNInRunCompositeActor.xml (RunModel)" time="0.029" />
  <testcase classname="ptolemy.util.test.junit.AutoTests" name="[22] /home/travis/build/icyphy/ptII/ptolemy/actor/lib/hoc/test/auto/DFTSubSetTest.xml (RunModel)" time="0.275" />
  <testcase classname="ptolemy.util.test.junit.AutoTests" name="[23] /home/travis/build/icyphy/ptII/ptolemy/actor/lib/hoc/test/auto/HocDE.xml (RunModel)" time="0.162" />
  <testcase classname="ptolemy.util.test.junit.AutoTests" name="[24] /home/travis/build/icyphy/ptII/ptolemy/actor/lib/hoc/test/auto/IterateOverArray.xml (RunModel)" time="0.036" />
  <testcase classname="ptolemy.util.test.junit.AutoTests" name="[25] /home/travis/build/icyphy/ptII/ptolemy/actor/lib/hoc/test/auto/IterateOverArray10.xml (RunModel)" time="0.021" />
  <testcase classname="ptolemy.util.test.junit.AutoTests" name="[26] /home/travis/build/icyphy/ptII/ptolemy/actor/lib/hoc/test/auto/IterateOverArray11.xml (RunModel)" time="0.031" />
  <testcase classname="ptolemy.util.test.junit.AutoTests" name="[27] /home/travis/build/icyphy/ptII/ptolemy/actor/lib/hoc/test/auto/IterateOverArray12.xml (RunModel)" time="0.043" />
  <testcase classname="ptolemy.util.test.junit.AutoTests" name="[28] /home/travis/build/icyphy/ptII/ptolemy/actor/lib/hoc/test/auto/IterateOverArray13.xml (RunModel)" time="0.158" />
  <testcase classname="ptolemy.util.test.junit.AutoTests" name="[29] /home/travis/build/icyphy/ptII/ptolemy/actor/lib/hoc/test/auto/IterateOverArray14.xml (RunModel)" time="0.121" />
  <testcase classname="ptolemy.util.test.junit.AutoTests" name="[30] /home/travis/build/icyphy/ptII/ptolemy/actor/lib/hoc/test/auto/IterateOverArray2.xml (RunModel)" time="0.024" />
  <testcase classname="ptolemy.util.test.junit.AutoTests" name="[31] /home/travis/build/icyphy/ptII/ptolemy/actor/lib/hoc/test/auto/IterateOverArray3.xml (RunModel)" time="0.045" />
  <testcase classname="ptolemy.util.test.junit.AutoTests" name="[32] /home/travis/build/icyphy/ptII/ptolemy/actor/lib/hoc/test/auto/IterateOverArray4.xml (RunModel)" time="0.017" />
  <testcase classname="ptolemy.util.test.junit.AutoTests" name="[33] /home/travis/build/icyphy/ptII/ptolemy/actor/lib/hoc/test/auto/IterateOverArray5.xml (RunModel)" time="0.017" />
  <testcase classname="ptolemy.util.test.junit.AutoTests" name="[34] /home/travis/build/icyphy/ptII/ptolemy/actor/lib/hoc/test/auto/IterateOverArray6.xml (RunModel)" time="0.023" />
  <testcase classname="ptolemy.util.test.junit.AutoTests" name="[35] /home/travis/build/icyphy/ptII/ptolemy/actor/lib/hoc/test/auto/IterateOverArray7.xml (RunModel)" time="0.016" />
  <testcase classname="ptolemy.util.test.junit.AutoTests" name="[36] /home/travis/build/icyphy/ptII/ptolemy/actor/lib/hoc/test/auto/IterateOverArray8.xml (RunModel)" time="0.016" />
  <testcase classname="ptolemy.util.test.junit.AutoTests" name="[37] /home/travis/build/icyphy/ptII/ptolemy/actor/lib/hoc/test/auto/IterateOverArray9.xml (RunModel)" time="0.027" />
  <testcase classname="ptolemy.util.test.junit.AutoTests" name="[38] /home/travis/build/icyphy/ptII/ptolemy/actor/lib/hoc/test/auto/IterateOverArrayCoercedOutputType.xml (RunModel)" time="0.034" />
  <testcase classname="ptolemy.util.test.junit.AutoTests" name="[39] /home/travis/build/icyphy/ptII/ptolemy/actor/lib/hoc/test/auto/IterateOverArrayInferredOutputType.xml (RunModel)" time="0.038" />
  <testcase classname="ptolemy.util.test.junit.AutoTests" name="[40] /home/travis/build/icyphy/ptII/ptolemy/actor/lib/hoc/test/auto/MobileFunctionTest.xml (RunModel)" time="0.026" />
  <testcase classname="ptolemy.util.test.junit.AutoTests" name="[41] /home/travis/build/icyphy/ptII/ptolemy/actor/lib/hoc/test/auto/MobileModelTest.xml (RunModel)" time="0.111" />
  <testcase classname="ptolemy.util.test.junit.AutoTests" name="[42] /home/travis/build/icyphy/ptII/ptolemy/actor/lib/hoc/test/auto/ModelReference.xml (RunModel)" time="0.077" />
  <testcase classname="ptolemy.util.test.junit.AutoTests" name="[43] /home/travis/build/icyphy/ptII/ptolemy/actor/lib/hoc/test/auto/ModelReference3.xml (RunModel)" time="0.051" />
  <testcase classname="ptolemy.util.test.junit.AutoTests" name="[44] /home/travis/build/icyphy/ptII/ptolemy/actor/lib/hoc/test/auto/ModelReference4.xml (RunModel)" time="10.037" />
  <testcase classname="ptolemy.util.test.junit.AutoTests" name="[45] /home/travis/build/icyphy/ptII/ptolemy/actor/lib/hoc/test/auto/MultiInstanceComposite.xml (RunModel)" time="0.044" />
  <testcase classname="ptolemy.util.test.junit.AutoTests" name="[46] /home/travis/build/icyphy/ptII/ptolemy/actor/lib/hoc/test/auto/MultiInstanceComposite2.xml (RunModel)" time="0.046" />
  <testcase classname="ptolemy.util.test.junit.AutoTests" name="[47] /home/travis/build/icyphy/ptII/ptolemy/actor/lib/hoc/test/auto/MulticoreExecution.xml (RunModel)" time="1.086" />
  <testcase classname="ptolemy.util.test.junit.AutoTests" name="[48] /home/travis/build/icyphy/ptII/ptolemy/actor/lib/hoc/test/auto/ParallelExecution.xml (RunModel)" time="0.942" />
  <testcase classname="ptolemy.util.test.junit.AutoTests" name="[49] /home/travis/build/icyphy/ptII/ptolemy/actor/lib/hoc/test/auto/RunCompositeActor.xml (RunModel)" time="0.034" />
  <testcase classname="ptolemy.util.test.junit.AutoTests" name="[50] /home/travis/build/icyphy/ptII/ptolemy/actor/lib/hoc/test/auto/RunCompositeActor2.xml (RunModel)" time="0.031" />
  <testcase classname="ptolemy.util.test.junit.AutoTests" name="[51] /home/travis/build/icyphy/ptII/ptolemy/actor/lib/hoc/test/auto/RunCompositeActor3.xml (RunModel)" time="0.021" />
  <testcase classname="ptolemy.util.test.junit.AutoTests" name="[52] /home/travis/build/icyphy/ptII/ptolemy/actor/lib/hoc/test/auto/RunCompositeActor4.xml (RunModel)" time="0.033" />
  <testcase classname="ptolemy.util.test.junit.AutoTests" name="[53] /home/travis/build/icyphy/ptII/ptolemy/actor/lib/hoc/test/auto/RunCompositeIterateOverArray.xml (RunModel)" time="0.027" />
  <testcase classname="ptolemy.util.test.junit.AutoTests" name="[54] /home/travis/build/icyphy/ptII/ptolemy/actor/lib/hoc/test/auto/ThreadedJS.xml (RunModel)" time="4.494" />
  <system-out><![CDATA[/home/travis/build/icyphy/ptII/ptolemy/actor/lib/hoc/test/IterateOverArray.tcl
testDefs.tcl: setting time out to 9000 seconds at Tue Oct 09 02:55:43 UTC 2018
10/09/18 02:55:43
Failed: 0  Total Tests: 2  ((Passed: 2, Newly Passed: 0)  Known Failed: 0) /home/travis/build/icyphy/ptII/ptolemy/actor/lib/hoc/test
----------------- testing (KnownFailure) /home/travis/build/icyphy/ptII/ptolemy/actor/lib/hoc/test/auto/knownFailedTests/PreinitializeMustBeInvokedRunComposite.xml
34 ms. Memory: 116224K Free: 103533K (89%)
Known Failure: java.lang.reflect.InvocationTargetException
No auto/linux-amd64/*.xml tests in /home/travis/build/icyphy/ptII/ptolemy/actor/lib/hoc/test
AutoTests.java: About to close Vertx.
AutoTests.java: Vertx closed.

===========================================================================================
----------------- testing Tue Oct 09 02:55:44 UTC 2018 /home/travis/build/icyphy/ptII/ptolemy/actor/lib/hoc/test/auto/AllToAllMultiInstanceComposite.xml
----------------- Instantiating /home/travis/build/icyphy/ptII/ptolemy/actor/lib/hoc/test/auto/AllToAllMultiInstanceComposite.xml
112 ms. Memory: 146944K Free: 107581K (73%)
----------------- Invoking toplevel() on ptolemy.moml.MoMLSimpleApplication@51ae7c2a
----------------- Done invoking toplevel() on ptolemy.moml.MoMLSimpleApplication@51ae7c2a
reloadAllAccessors: .AllToAllMultiInstanceComposite

===========================================================================================
----------------- testing Tue Oct 09 02:55:44 UTC 2018 /home/travis/build/icyphy/ptII/ptolemy/actor/lib/hoc/test/auto/ApplyFFTTest.xml
----------------- Instantiating /home/travis/build/icyphy/ptII/ptolemy/actor/lib/hoc/test/auto/ApplyFFTTest.xml
118 ms. Memory: 146944K Free: 87636K (60%)
----------------- Invoking toplevel() on ptolemy.moml.MoMLSimpleApplication@43c7d833
----------------- Done invoking toplevel() on ptolemy.moml.MoMLSimpleApplication@43c7d833
reloadAllAccessors: .ApplyFFTTest

===========================================================================================
----------------- testing Tue Oct 09 02:55:44 UTC 2018 /home/travis/build/icyphy/ptII/ptolemy/actor/lib/hoc/test/auto/ApplyFunction.xml
----------------- Instantiating /home/travis/build/icyphy/ptII/ptolemy/actor/lib/hoc/test/auto/ApplyFunction.xml
13 ms. Memory: 146944K Free: 83933K (57%)
----------------- Invoking toplevel() on ptolemy.moml.MoMLSimpleApplication@6f1b4e15
----------------- Done invoking toplevel() on ptolemy.moml.MoMLSimpleApplication@6f1b4e15
reloadAllAccessors: .ApplyFunction

===========================================================================================
----------------- testing Tue Oct 09 02:55:45 UTC 2018 /home/travis/build/icyphy/ptII/ptolemy/actor/lib/hoc/test/auto/BackgroundExecution.xml
----------------- Instantiating /home/travis/build/icyphy/ptII/ptolemy/actor/lib/hoc/test/auto/BackgroundExecution.xml
630 ms. Memory: 146944K Free: 136872K (93%)
----------------- Invoking toplevel() on ptolemy.moml.MoMLSimpleApplication@4ce7fe08
----------------- Done invoking toplevel() on ptolemy.moml.MoMLSimpleApplication@4ce7fe08
reloadAllAccessors: .BackgroundExecution

===========================================================================================
----------------- testing Tue Oct 09 02:55:45 UTC 2018 /home/travis/build/icyphy/ptII/ptolemy/actor/lib/hoc/test/auto/Case.xml
----------------- Instantiating /home/travis/build/icyphy/ptII/ptolemy/actor/lib/hoc/test/auto/Case.xml
14 ms. Memory: 146944K Free: 127792K (87%)
----------------- Invoking toplevel() on ptolemy.moml.MoMLSimpleApplication@3f99cf03
----------------- Done invoking toplevel() on ptolemy.moml.MoMLSimpleApplication@3f99cf03
reloadAllAccessors: .Case

===========================================================================================
----------------- testing Tue Oct 09 02:55:45 UTC 2018 /home/travis/build/icyphy/ptII/ptolemy/actor/lib/hoc/test/auto/Case1.xml
----------------- Instantiating /home/travis/build/icyphy/ptII/ptolemy/actor/lib/hoc/test/auto/Case1.xml
8 ms. Memory: 146944K Free: 120997K (82%)
----------------- Invoking toplevel() on ptolemy.moml.MoMLSimpleApplication@3a14e9a6
----------------- Done invoking toplevel() on ptolemy.moml.MoMLSimpleApplication@3a14e9a6
reloadAllAccessors: .Case1

===========================================================================================
----------------- testing Tue Oct 09 02:55:45 UTC 2018 /home/travis/build/icyphy/ptII/ptolemy/actor/lib/hoc/test/auto/Case2.xml
----------------- Instantiating /home/travis/build/icyphy/ptII/ptolemy/actor/lib/hoc/test/auto/Case2.xml
23 ms. Memory: 146944K Free: 108928K (74%)
----------------- Invoking toplevel() on ptolemy.moml.MoMLSimpleApplication@1a1fdf8a
----------------- Done invoking toplevel() on ptolemy.moml.MoMLSimpleApplication@1a1fdf8a
reloadAllAccessors: .Case2

===========================================================================================
----------------- testing Tue Oct 09 02:55:45 UTC 2018 /home/travis/build/icyphy/ptII/ptolemy/actor/lib/hoc/test/auto/Case3.xml
----------------- Instantiating /home/travis/build/icyphy/ptII/ptolemy/actor/lib/hoc/test/auto/Case3.xml
8 ms. Memory: 146944K Free: 102646K (70%)
----------------- Invoking toplevel() on ptolemy.moml.MoMLSimpleApplication@1d035c4b
----------------- Done invoking toplevel() on ptolemy.moml.MoMLSimpleApplication@1d035c4b
reloadAllAccessors: .Case3

===========================================================================================
----------------- testing Tue Oct 09 02:55:45 UTC 2018 /home/travis/build/icyphy/ptII/ptolemy/actor/lib/hoc/test/auto/Case4.xml
----------------- Instantiating /home/travis/build/icyphy/ptII/ptolemy/actor/lib/hoc/test/auto/Case4.xml
8 ms. Memory: 146944K Free: 93685K (64%)
----------------- Invoking toplevel() on ptolemy.moml.MoMLSimpleApplication@12e1a443
----------------- Done invoking toplevel() on ptolemy.moml.MoMLSimpleApplication@12e1a443
reloadAllAccessors: .Case4

===========================================================================================
----------------- testing Tue Oct 09 02:55:46 UTC 2018 /home/travis/build/icyphy/ptII/ptolemy/actor/lib/hoc/test/auto/Case5.xml
----------------- Instantiating /home/travis/build/icyphy/ptII/ptolemy/actor/lib/hoc/test/auto/Case5.xml
46 ms. Memory: 146944K Free: 86577K (59%)
----------------- Invoking toplevel() on ptolemy.moml.MoMLSimpleApplication@66d03ef6
----------------- Done invoking toplevel() on ptolemy.moml.MoMLSimpleApplication@66d03ef6
reloadAllAccessors: .junk

===========================================================================================
----------------- testing Tue Oct 09 02:55:46 UTC 2018 /home/travis/build/icyphy/ptII/ptolemy/actor/lib/hoc/test/auto/Case6.xml
----------------- Instantiating /home/travis/build/icyphy/ptII/ptolemy/actor/lib/hoc/test/auto/Case6.xml
37 ms. Memory: 208384K Free: 195973K (94%)
----------------- Invoking toplevel() on ptolemy.moml.MoMLSimpleApplication@487f97a8
----------------- Done invoking toplevel() on ptolemy.moml.MoMLSimpleApplication@487f97a8
reloadAllAccessors: .Case6

===========================================================================================
----------------- testing Tue Oct 09 02:55:46 UTC 2018 /home/travis/build/icyphy/ptII/ptolemy/actor/lib/hoc/test/auto/CaseString2.xml
----------------- Instantiating /home/travis/build/icyphy/ptII/ptolemy/actor/lib/hoc/test/auto/CaseString2.xml
19 ms. Memory: 208384K Free: 186379K (89%)
----------------- Invoking toplevel() on ptolemy.moml.MoMLSimpleApplication@3eaf8d3a
----------------- Done invoking toplevel() on ptolemy.moml.MoMLSimpleApplication@3eaf8d3a
reloadAllAccessors: .CaseString2

===========================================================================================
----------------- testing Tue Oct 09 02:55:46 UTC 2018 /home/travis/build/icyphy/ptII/ptolemy/actor/lib/hoc/test/auto/CatchUpComposite1.xml
----------------- Instantiating /home/travis/build/icyphy/ptII/ptolemy/actor/lib/hoc/test/auto/CatchUpComposite1.xml
19 ms. Memory: 208384K Free: 176483K (85%)
----------------- Invoking toplevel() on ptolemy.moml.MoMLSimpleApplication@3bb54b13
----------------- Done invoking toplevel() on ptolemy.moml.MoMLSimpleApplication@3bb54b13
reloadAllAccessors: .CatchUpComposite1

===========================================================================================
----------------- testing Tue Oct 09 02:55:46 UTC 2018 /home/travis/build/icyphy/ptII/ptolemy/actor/lib/hoc/test/auto/CatchUpComposite2.xml
----------------- Instantiating /home/travis/build/icyphy/ptII/ptolemy/actor/lib/hoc/test/auto/CatchUpComposite2.xml
17 ms. Memory: 208384K Free: 166636K (80%)
----------------- Invoking toplevel() on ptolemy.moml.MoMLSimpleApplication@7af08295
----------------- Done invoking toplevel() on ptolemy.moml.MoMLSimpleApplication@7af08295
reloadAllAccessors: .CatchUpComposite2

===========================================================================================
----------------- testing Tue Oct 09 02:55:46 UTC 2018 /home/travis/build/icyphy/ptII/ptolemy/actor/lib/hoc/test/auto/CatchUpComposite3.xml
----------------- Instantiating /home/travis/build/icyphy/ptII/ptolemy/actor/lib/hoc/test/auto/CatchUpComposite3.xml
9 ms. Memory: 208384K Free: 155845K (75%)
----------------- Invoking toplevel() on ptolemy.moml.MoMLSimpleApplication@d40d6b6
----------------- Done invoking toplevel() on ptolemy.moml.MoMLSimpleApplication@d40d6b6
reloadAllAccessors: .CatchUpComposite3

===========================================================================================
----------------- testing Tue Oct 09 02:55:46 UTC 2018 /home/travis/build/icyphy/ptII/ptolemy/actor/lib/hoc/test/auto/CatchUpComposite4.xml
----------------- Instantiating /home/travis/build/icyphy/ptII/ptolemy/actor/lib/hoc/test/auto/CatchUpComposite4.xml
18 ms. Memory: 208384K Free: 146629K (70%)
----------------- Invoking toplevel() on ptolemy.moml.MoMLSimpleApplication@36307f94
----------------- Done invoking toplevel() on ptolemy.moml.MoMLSimpleApplication@36307f94
reloadAllAccessors: .CatchUpComposite4

===========================================================================================
----------------- testing Tue Oct 09 02:55:46 UTC 2018 /home/travis/build/icyphy/ptII/ptolemy/actor/lib/hoc/test/auto/CatchUpComposite5.xml
----------------- Instantiating /home/travis/build/icyphy/ptII/ptolemy/actor/lib/hoc/test/auto/CatchUpComposite5.xml
6 ms. Memory: 208384K Free: 137995K (66%)
----------------- Invoking toplevel() on ptolemy.moml.MoMLSimpleApplication@4c9c934f
----------------- Done invoking toplevel() on ptolemy.moml.MoMLSimpleApplication@4c9c934f
reloadAllAccessors: .CatchUpComposite5

===========================================================================================
----------------- testing Tue Oct 09 02:55:46 UTC 2018 /home/travis/build/icyphy/ptII/ptolemy/actor/lib/hoc/test/auto/CatchUpComposite6.xml
----------------- Instantiating /home/travis/build/icyphy/ptII/ptolemy/actor/lib/hoc/test/auto/CatchUpComposite6.xml
WARNING: The execution aspects in this model can influence the timing of actors by delaying the 
execution, potentially changing the behavior. There is no guarantee that actors fire at the 
time they request to be fired. 
Use Ptides for deterministic DE behavior that is not influenced by execution aspects. 

82 ms. Memory: 208384K Free: 119119K (57%)
----------------- Invoking toplevel() on ptolemy.moml.MoMLSimpleApplication@36bc01f8
----------------- Done invoking toplevel() on ptolemy.moml.MoMLSimpleApplication@36bc01f8
reloadAllAccessors: .CatchUpComposite6

===========================================================================================
----------------- testing Tue Oct 09 02:55:46 UTC 2018 /home/travis/build/icyphy/ptII/ptolemy/actor/lib/hoc/test/auto/CatchUpComposite7.xml
----------------- Instantiating /home/travis/build/icyphy/ptII/ptolemy/actor/lib/hoc/test/auto/CatchUpComposite7.xml
WARNING: The execution aspects in this model can influence the timing of actors by delaying the 
execution, potentially changing the behavior. There is no guarantee that actors fire at the 
time they request to be fired. 
Use Ptides for deterministic DE behavior that is not influenced by execution aspects. 

44 ms. Memory: 208384K Free: 102369K (49%)
----------------- Invoking toplevel() on ptolemy.moml.MoMLSimpleApplication@5c61efbe
----------------- Done invoking toplevel() on ptolemy.moml.MoMLSimpleApplication@5c61efbe
reloadAllAccessors: .CatchUpComposite7

===========================================================================================
----------------- testing Tue Oct 09 02:55:46 UTC 2018 /home/travis/build/icyphy/ptII/ptolemy/actor/lib/hoc/test/auto/ConcurrentExecutionTimeSDF.xml
----------------- Instantiating /home/travis/build/icyphy/ptII/ptolemy/actor/lib/hoc/test/auto/ConcurrentExecutionTimeSDF.xml
Fired ExecutionTime: 40400000
Fired ExecutionTime: 40400000
Fired ExecutionTime: 40400000
Fired ExecutionTime: 40400000
Fired ExecutionTime: 40400000
Fired ExecutionTime: 40400000
Fired ExecutionTime: 40400000
Fired ExecutionTime: 40400000
Fired ExecutionTime: 40400000
Fired ExecutionTime: 40400000
Fired ExecutionTime: 40400000
Fired ExecutionTime: 40400000
Fired ExecutionTime: 40400000
Fired ExecutionTime: 40400000
Fired ExecutionTime: 40400000
Fired ExecutionTime: 40400000
Fired ExecutionTime: 40400000
Fired ExecutionTime: 40400000
Fired ExecutionTime: 40400000
Fired ExecutionTime: 40400000
876 ms. Memory: 208384K Free: 93671K (45%)
----------------- Invoking toplevel() on ptolemy.moml.MoMLSimpleApplication@d149104
----------------- Done invoking toplevel() on ptolemy.moml.MoMLSimpleApplication@d149104
reloadAllAccessors: .ConcurrentExecutionTimeSDF

===========================================================================================
----------------- testing Tue Oct 09 02:55:47 UTC 2018 /home/travis/build/icyphy/ptII/ptolemy/actor/lib/hoc/test/auto/ConcurrentSleep.xml
----------------- Instantiating /home/travis/build/icyphy/ptII/ptolemy/actor/lib/hoc/test/auto/ConcurrentSleep.xml
752 ms. Memory: 208384K Free: 200257K (96%)
----------------- Invoking toplevel() on ptolemy.moml.MoMLSimpleApplication@4a134210
----------------- Done invoking toplevel() on ptolemy.moml.MoMLSimpleApplication@4a134210
reloadAllAccessors: .ConcurrentSleep

===========================================================================================
----------------- testing Tue Oct 09 02:55:48 UTC 2018 /home/travis/build/icyphy/ptII/ptolemy/actor/lib/hoc/test/auto/DEInPNInRunCompositeActor.xml
----------------- Instantiating /home/travis/build/icyphy/ptII/ptolemy/actor/lib/hoc/test/auto/DEInPNInRunCompositeActor.xml
9 ms. Memory: 208384K Free: 192468K (92%)
----------------- Invoking toplevel() on ptolemy.moml.MoMLSimpleApplication@5b496abe
----------------- Done invoking toplevel() on ptolemy.moml.MoMLSimpleApplication@5b496abe
reloadAllAccessors: .DEInPNInRunCompositeActor

===========================================================================================
----------------- testing Tue Oct 09 02:55:48 UTC 2018 /home/travis/build/icyphy/ptII/ptolemy/actor/lib/hoc/test/auto/DFTSubSetTest.xml
----------------- Instantiating /home/travis/build/icyphy/ptII/ptolemy/actor/lib/hoc/test/auto/DFTSubSetTest.xml
172 ms. Memory: 208384K Free: 145466K (70%)
----------------- Invoking toplevel() on ptolemy.moml.MoMLSimpleApplication@6066d01f
----------------- Done invoking toplevel() on ptolemy.moml.MoMLSimpleApplication@6066d01f
reloadAllAccessors: .DFTSubSetTest

===========================================================================================
----------------- testing Tue Oct 09 02:55:48 UTC 2018 /home/travis/build/icyphy/ptII/ptolemy/actor/lib/hoc/test/auto/HocDE.xml
----------------- Instantiating /home/travis/build/icyphy/ptII/ptolemy/actor/lib/hoc/test/auto/HocDE.xml
124 ms. Memory: 208384K Free: 117676K (56%)
----------------- Invoking toplevel() on ptolemy.moml.MoMLSimpleApplication@2b6610ea
----------------- Done invoking toplevel() on ptolemy.moml.MoMLSimpleApplication@2b6610ea
reloadAllAccessors: .HocDE

===========================================================================================
----------------- testing Tue Oct 09 02:55:49 UTC 2018 /home/travis/build/icyphy/ptII/ptolemy/actor/lib/hoc/test/auto/IterateOverArray.xml
----------------- Instantiating /home/travis/build/icyphy/ptII/ptolemy/actor/lib/hoc/test/auto/IterateOverArray.xml
6 ms. Memory: 208384K Free: 112729K (54%)
----------------- Invoking toplevel() on ptolemy.moml.MoMLSimpleApplication@25a1d807
----------------- Done invoking toplevel() on ptolemy.moml.MoMLSimpleApplication@25a1d807
reloadAllAccessors: .IterateOverArray

===========================================================================================
----------------- testing Tue Oct 09 02:55:49 UTC 2018 /home/travis/build/icyphy/ptII/ptolemy/actor/lib/hoc/test/auto/IterateOverArray10.xml
----------------- Instantiating /home/travis/build/icyphy/ptII/ptolemy/actor/lib/hoc/test/auto/IterateOverArray10.xml
2 ms. Memory: 208384K Free: 108415K (52%)
----------------- Invoking toplevel() on ptolemy.moml.MoMLSimpleApplication@26acaca0
----------------- Done invoking toplevel() on ptolemy.moml.MoMLSimpleApplication@26acaca0
reloadAllAccessors: .IterateOverArray10

===========================================================================================
----------------- testing Tue Oct 09 02:55:49 UTC 2018 /home/travis/build/icyphy/ptII/ptolemy/actor/lib/hoc/test/auto/IterateOverArray11.xml
----------------- Instantiating /home/travis/build/icyphy/ptII/ptolemy/actor/lib/hoc/test/auto/IterateOverArray11.xml
7 ms. Memory: 208384K Free: 104082K (50%)
----------------- Invoking toplevel() on ptolemy.moml.MoMLSimpleApplication@64d2ef3b
----------------- Done invoking toplevel() on ptolemy.moml.MoMLSimpleApplication@64d2ef3b
reloadAllAccessors: .IterateOverArray11

===========================================================================================
----------------- testing Tue Oct 09 02:55:49 UTC 2018 /home/travis/build/icyphy/ptII/ptolemy/actor/lib/hoc/test/auto/IterateOverArray12.xml
----------------- Instantiating /home/travis/build/icyphy/ptII/ptolemy/actor/lib/hoc/test/auto/IterateOverArray12.xml
18 ms. Memory: 208384K Free: 96679K (46%)
----------------- Invoking toplevel() on ptolemy.moml.MoMLSimpleApplication@7990152d
----------------- Done invoking toplevel() on ptolemy.moml.MoMLSimpleApplication@7990152d
reloadAllAccessors: .IterateOverArray12

===========================================================================================
----------------- testing Tue Oct 09 02:55:49 UTC 2018 /home/travis/build/icyphy/ptII/ptolemy/actor/lib/hoc/test/auto/IterateOverArray13.xml
----------------- Instantiating /home/travis/build/icyphy/ptII/ptolemy/actor/lib/hoc/test/auto/IterateOverArray13.xml
72 ms. Memory: 331264K Free: 312197K (94%)
----------------- Invoking toplevel() on ptolemy.moml.MoMLSimpleApplication@5d5ebbf5
----------------- Done invoking toplevel() on ptolemy.moml.MoMLSimpleApplication@5d5ebbf5
reloadAllAccessors: .IterateOverArray13

===========================================================================================
----------------- testing Tue Oct 09 02:55:49 UTC 2018 /home/travis/build/icyphy/ptII/ptolemy/actor/lib/hoc/test/auto/IterateOverArray14.xml
----------------- Instantiating /home/travis/build/icyphy/ptII/ptolemy/actor/lib/hoc/test/auto/IterateOverArray14.xml
60 ms. Memory: 331264K Free: 275869K (83%)
----------------- Invoking toplevel() on ptolemy.moml.MoMLSimpleApplication@e9214df
----------------- Done invoking toplevel() on ptolemy.moml.MoMLSimpleApplication@e9214df
reloadAllAccessors: .IterateOverArray14

===========================================================================================
----------------- testing Tue Oct 09 02:55:49 UTC 2018 /home/travis/build/icyphy/ptII/ptolemy/actor/lib/hoc/test/auto/IterateOverArray2.xml
----------------- Instantiating /home/travis/build/icyphy/ptII/ptolemy/actor/lib/hoc/test/auto/IterateOverArray2.xml
4 ms. Memory: 331264K Free: 270974K (82%)
----------------- Invoking toplevel() on ptolemy.moml.MoMLSimpleApplication@bf6c152
----------------- Done invoking toplevel() on ptolemy.moml.MoMLSimpleApplication@bf6c152
reloadAllAccessors: .IterateOverArray2

===========================================================================================
----------------- testing Tue Oct 09 02:55:49 UTC 2018 /home/travis/build/icyphy/ptII/ptolemy/actor/lib/hoc/test/auto/IterateOverArray3.xml
----------------- Instantiating /home/travis/build/icyphy/ptII/ptolemy/actor/lib/hoc/test/auto/IterateOverArray3.xml
16 ms. Memory: 331264K Free: 261567K (79%)
----------------- Invoking toplevel() on ptolemy.moml.MoMLSimpleApplication@649a2c9c
----------------- Done invoking toplevel() on ptolemy.moml.MoMLSimpleApplication@649a2c9c
reloadAllAccessors: .IterateOverArray3

===========================================================================================
----------------- testing Tue Oct 09 02:55:49 UTC 2018 /home/travis/build/icyphy/ptII/ptolemy/actor/lib/hoc/test/auto/IterateOverArray4.xml
----------------- Instantiating /home/travis/build/icyphy/ptII/ptolemy/actor/lib/hoc/test/auto/IterateOverArray4.xml
4 ms. Memory: 331264K Free: 256672K (77%)
----------------- Invoking toplevel() on ptolemy.moml.MoMLSimpleApplication@3a001fb7
----------------- Done invoking toplevel() on ptolemy.moml.MoMLSimpleApplication@3a001fb7
reloadAllAccessors: .IterateOverArray4

===========================================================================================
----------------- testing Tue Oct 09 02:55:49 UTC 2018 /home/travis/build/icyphy/ptII/ptolemy/actor/lib/hoc/test/auto/IterateOverArray5.xml
----------------- Instantiating /home/travis/build/icyphy/ptII/ptolemy/actor/lib/hoc/test/auto/IterateOverArray5.xml
4 ms. Memory: 331264K Free: 251777K (76%)
----------------- Invoking toplevel() on ptolemy.moml.MoMLSimpleApplication@509e217a
----------------- Done invoking toplevel() on ptolemy.moml.MoMLSimpleApplication@509e217a
reloadAllAccessors: .IterateOverArray5

===========================================================================================
----------------- testing Tue Oct 09 02:55:49 UTC 2018 /home/travis/build/icyphy/ptII/ptolemy/actor/lib/hoc/test/auto/IterateOverArray6.xml
----------------- Instantiating /home/travis/build/icyphy/ptII/ptolemy/actor/lib/hoc/test/auto/IterateOverArray6.xml
2 ms. Memory: 331264K Free: 247265K (75%)
----------------- Invoking toplevel() on ptolemy.moml.MoMLSimpleApplication@47fb0aa0
----------------- Done invoking toplevel() on ptolemy.moml.MoMLSimpleApplication@47fb0aa0
reloadAllAccessors: .IterateOverArray6

===========================================================================================
----------------- testing Tue Oct 09 02:55:49 UTC 2018 /home/travis/build/icyphy/ptII/ptolemy/actor/lib/hoc/test/auto/IterateOverArray7.xml
----------------- Instantiating /home/travis/build/icyphy/ptII/ptolemy/actor/lib/hoc/test/auto/IterateOverArray7.xml
2 ms. Memory: 331264K Free: 242370K (73%)
----------------- Invoking toplevel() on ptolemy.moml.MoMLSimpleApplication@52e2c251
----------------- Done invoking toplevel() on ptolemy.moml.MoMLSimpleApplication@52e2c251
reloadAllAccessors: .IterateOverArray7

===========================================================================================
----------------- testing Tue Oct 09 02:55:49 UTC 2018 /home/travis/build/icyphy/ptII/ptolemy/actor/lib/hoc/test/auto/IterateOverArray8.xml
----------------- Instantiating /home/travis/build/icyphy/ptII/ptolemy/actor/lib/hoc/test/auto/IterateOverArray8.xml
2 ms. Memory: 331264K Free: 236634K (71%)
----------------- Invoking toplevel() on ptolemy.moml.MoMLSimpleApplication@5cfe1023
----------------- Done invoking toplevel() on ptolemy.moml.MoMLSimpleApplication@5cfe1023
reloadAllAccessors: .IterateOverArray8

===========================================================================================
----------------- testing Tue Oct 09 02:55:49 UTC 2018 /home/travis/build/icyphy/ptII/ptolemy/actor/lib/hoc/test/auto/IterateOverArray9.xml
----------------- Instantiating /home/travis/build/icyphy/ptII/ptolemy/actor/lib/hoc/test/auto/IterateOverArray9.xml
10 ms. Memory: 331264K Free: 231739K (70%)
----------------- Invoking toplevel() on ptolemy.moml.MoMLSimpleApplication@af66120
----------------- Done invoking toplevel() on ptolemy.moml.MoMLSimpleApplication@af66120
reloadAllAccessors: .IterateOverArray9

===========================================================================================
----------------- testing Tue Oct 09 02:55:49 UTC 2018 /home/travis/build/icyphy/ptII/ptolemy/actor/lib/hoc/test/auto/IterateOverArrayCoercedOutputType.xml
----------------- Instantiating /home/travis/build/icyphy/ptII/ptolemy/actor/lib/hoc/test/auto/IterateOverArrayCoercedOutputType.xml
3 ms. Memory: 331264K Free: 225621K (68%)
----------------- Invoking toplevel() on ptolemy.moml.MoMLSimpleApplication@4a56cf91
----------------- Done invoking toplevel() on ptolemy.moml.MoMLSimpleApplication@4a56cf91
reloadAllAccessors: .IterateOverArrayCoercedOutputType

===========================================================================================
----------------- testing Tue Oct 09 02:55:49 UTC 2018 /home/travis/build/icyphy/ptII/ptolemy/actor/lib/hoc/test/auto/IterateOverArrayInferredOutputType.xml
----------------- Instantiating /home/travis/build/icyphy/ptII/ptolemy/actor/lib/hoc/test/auto/IterateOverArrayInferredOutputType.xml
9 ms. Memory: 331264K Free: 218661K (66%)
----------------- Invoking toplevel() on ptolemy.moml.MoMLSimpleApplication@395308c0
----------------- Done invoking toplevel() on ptolemy.moml.MoMLSimpleApplication@395308c0
reloadAllAccessors: .IterateOverArrayInferredOutputType

===========================================================================================
----------------- testing Tue Oct 09 02:55:49 UTC 2018 /home/travis/build/icyphy/ptII/ptolemy/actor/lib/hoc/test/auto/MobileFunctionTest.xml
----------------- Instantiating /home/travis/build/icyphy/ptII/ptolemy/actor/lib/hoc/test/auto/MobileFunctionTest.xml
7 ms. Memory: 331264K Free: 213766K (65%)
----------------- Invoking toplevel() on ptolemy.moml.MoMLSimpleApplication@6c6e85c6
----------------- Done invoking toplevel() on ptolemy.moml.MoMLSimpleApplication@6c6e85c6
reloadAllAccessors: .MobileFunctionTest

===========================================================================================
----------------- testing Tue Oct 09 02:55:49 UTC 2018 /home/travis/build/icyphy/ptII/ptolemy/actor/lib/hoc/test/auto/MobileModelTest.xml
----------------- Instantiating /home/travis/build/icyphy/ptII/ptolemy/actor/lib/hoc/test/auto/MobileModelTest.xml
80 ms. Memory: 331264K Free: 192122K (58%)
----------------- Invoking toplevel() on ptolemy.moml.MoMLSimpleApplication@3fd80f93
----------------- Done invoking toplevel() on ptolemy.moml.MoMLSimpleApplication@3fd80f93
reloadAllAccessors: .MobileModelTest

===========================================================================================
----------------- testing Tue Oct 09 02:55:49 UTC 2018 /home/travis/build/icyphy/ptII/ptolemy/actor/lib/hoc/test/auto/ModelReference.xml
----------------- Instantiating /home/travis/build/icyphy/ptII/ptolemy/actor/lib/hoc/test/auto/ModelReference.xml
5 ms. Memory: 331264K Free: 183557K (55%)
4 ms. Memory: 331264K Free: 182333K (55%)
2 ms. Memory: 331264K Free: 182333K (55%)
3 ms. Memory: 331264K Free: 181109K (55%)
1 ms. Memory: 331264K Free: 179886K (54%)
2 ms. Memory: 331264K Free: 179886K (54%)
2 ms. Memory: 331264K Free: 178662K (54%)
1 ms. Memory: 331264K Free: 177438K (54%)
3 ms. Memory: 331264K Free: 177438K (54%)
1 ms. Memory: 331264K Free: 176215K (53%)
36 ms. Memory: 331264K Free: 176215K (53%)
----------------- Invoking toplevel() on ptolemy.moml.MoMLSimpleApplication@5aae420c
----------------- Done invoking toplevel() on ptolemy.moml.MoMLSimpleApplication@5aae420c
reloadAllAccessors: .ModelReference

===========================================================================================
----------------- testing Tue Oct 09 02:55:49 UTC 2018 /home/travis/build/icyphy/ptII/ptolemy/actor/lib/hoc/test/auto/ModelReference3.xml
----------------- Instantiating /home/travis/build/icyphy/ptII/ptolemy/actor/lib/hoc/test/auto/ModelReference3.xml
2 ms. Memory: 331264K Free: 170096K (51%)
5 ms. Memory: 331264K Free: 170096K (51%)
1 ms. Memory: 331264K Free: 168872K (51%)
4 ms. Memory: 331264K Free: 167649K (51%)
3 ms. Memory: 331264K Free: 167649K (51%)
1 ms. Memory: 331264K Free: 166425K (50%)
1 ms. Memory: 331264K Free: 165201K (50%)
3 ms. Memory: 331264K Free: 165201K (50%)
1 ms. Memory: 331264K Free: 163978K (50%)
3 ms. Memory: 331264K Free: 162754K (49%)
31 ms. Memory: 331264K Free: 162754K (49%)
----------------- Invoking toplevel() on ptolemy.moml.MoMLSimpleApplication@6fb523d9
----------------- Done invoking toplevel() on ptolemy.moml.MoMLSimpleApplication@6fb523d9
reloadAllAccessors: .ModelReference3

===========================================================================================
----------------- testing Tue Oct 09 02:55:49 UTC 2018 /home/travis/build/icyphy/ptII/ptolemy/actor/lib/hoc/test/auto/ModelReference4.xml
----------------- Instantiating /home/travis/build/icyphy/ptII/ptolemy/actor/lib/hoc/test/auto/ModelReference4.xml
3 ms. Memory: 331264K Free: 155794K (47%)
4 ms. Memory: 331264K Free: 154571K (47%)
3 ms. Memory: 331264K Free: 152123K (46%)
4 ms. Memory: 331264K Free: 150900K (46%)
3 ms. Memory: 331264K Free: 149676K (45%)
6 ms. Memory: 331264K Free: 148452K (45%)
2 ms. Memory: 331264K Free: 147229K (44%)
2 ms. Memory: 331264K Free: 146005K (44%)
5 ms. Memory: 331264K Free: 143542K (43%)
2 ms. Memory: 331264K Free: 142318K (43%)
10021 ms. Memory: 331264K Free: 142318K (43%)
----------------- Invoking toplevel() on ptolemy.moml.MoMLSimpleApplication@337b147
----------------- Done invoking toplevel() on ptolemy.moml.MoMLSimpleApplication@337b147
reloadAllAccessors: .ModelReference4

===========================================================================================
----------------- testing Tue Oct 09 02:56:00 UTC 2018 /home/travis/build/icyphy/ptII/ptolemy/actor/lib/hoc/test/auto/MultiInstanceComposite.xml
----------------- Instantiating /home/travis/build/icyphy/ptII/ptolemy/actor/lib/hoc/test/auto/MultiInstanceComposite.xml
27 ms. Memory: 331264K Free: 125066K (38%)
----------------- Invoking toplevel() on ptolemy.moml.MoMLSimpleApplication@5661341a
----------------- Done invoking toplevel() on ptolemy.moml.MoMLSimpleApplication@5661341a
reloadAllAccessors: .MultiInstanceComposite

===========================================================================================
----------------- testing Tue Oct 09 02:56:00 UTC 2018 /home/travis/build/icyphy/ptII/ptolemy/actor/lib/hoc/test/auto/MultiInstanceComposite2.xml
----------------- Instantiating /home/travis/build/icyphy/ptII/ptolemy/actor/lib/hoc/test/auto/MultiInstanceComposite2.xml
21 ms. Memory: 331264K Free: 110676K (33%)
----------------- Invoking toplevel() on ptolemy.moml.MoMLSimpleApplication@4607b033
----------------- Done invoking toplevel() on ptolemy.moml.MoMLSimpleApplication@4607b033
reloadAllAccessors: .MultiInstanceComposite2

===========================================================================================
----------------- testing Tue Oct 09 02:56:00 UTC 2018 /home/travis/build/icyphy/ptII/ptolemy/actor/lib/hoc/test/auto/MulticoreExecution.xml
----------------- Instantiating /home/travis/build/icyphy/ptII/ptolemy/actor/lib/hoc/test/auto/MulticoreExecution.xml
Fired ExecutionTime: 1600000
Fired ExecutionTime: 4400000
Fired ExecutionTime: 10800000
Fired ExecutionTime: 18400000
Fired ExecutionTime: 32000000
Fired ExecutionTime: 38400000
Fired ExecutionTime: 51200000
Fired ExecutionTime: 49600000
Fired ExecutionTime: 50800000
Fired ExecutionTime: 50800000
Fired ExecutionTime: 30000000
Fired ExecutionTime: 51200000
Fired ExecutionTime: 66000000
Fired ExecutionTime: 66800000
Fired ExecutionTime: 65200000
Fired ExecutionTime: 65600000
Fired ExecutionTime: 62800000
Fired ExecutionTime: 67600000
Fired ExecutionTime: 64400000
Fired ExecutionTime: 64800000
1060 ms. Memory: 331264K Free: 97159K (29%)
----------------- Invoking toplevel() on ptolemy.moml.MoMLSimpleApplication@186575db
----------------- Done invoking toplevel() on ptolemy.moml.MoMLSimpleApplication@186575db
reloadAllAccessors: .MulticoreExecution

===========================================================================================
----------------- testing Tue Oct 09 02:56:01 UTC 2018 /home/travis/build/icyphy/ptII/ptolemy/actor/lib/hoc/test/auto/ParallelExecution.xml
----------------- Instantiating /home/travis/build/icyphy/ptII/ptolemy/actor/lib/hoc/test/auto/ParallelExecution.xml
920 ms. Memory: 331264K Free: 86129K (26%)
----------------- Invoking toplevel() on ptolemy.moml.MoMLSimpleApplication@791c1cad
----------------- Done invoking toplevel() on ptolemy.moml.MoMLSimpleApplication@791c1cad
reloadAllAccessors: .ParallelExecution

===========================================================================================
----------------- testing Tue Oct 09 02:56:02 UTC 2018 /home/travis/build/icyphy/ptII/ptolemy/actor/lib/hoc/test/auto/RunCompositeActor.xml
----------------- Instantiating /home/travis/build/icyphy/ptII/ptolemy/actor/lib/hoc/test/auto/RunCompositeActor.xml
21 ms. Memory: 332288K Free: 322749K (97%)
----------------- Invoking toplevel() on ptolemy.moml.MoMLSimpleApplication@17de2bd7
----------------- Done invoking toplevel() on ptolemy.moml.MoMLSimpleApplication@17de2bd7
reloadAllAccessors: .RunCompositeActor

===========================================================================================
----------------- testing Tue Oct 09 02:56:02 UTC 2018 /home/travis/build/icyphy/ptII/ptolemy/actor/lib/hoc/test/auto/RunCompositeActor2.xml
----------------- Instantiating /home/travis/build/icyphy/ptII/ptolemy/actor/lib/hoc/test/auto/RunCompositeActor2.xml
3 ms. Memory: 332288K Free: 312881K (94%)
----------------- Invoking toplevel() on ptolemy.moml.MoMLSimpleApplication@5d9593e2
----------------- Done invoking toplevel() on ptolemy.moml.MoMLSimpleApplication@5d9593e2
reloadAllAccessors: .RunCompositeActor2

===========================================================================================
----------------- testing Tue Oct 09 02:56:02 UTC 2018 /home/travis/build/icyphy/ptII/ptolemy/actor/lib/hoc/test/auto/RunCompositeActor3.xml
----------------- Instantiating /home/travis/build/icyphy/ptII/ptolemy/actor/lib/hoc/test/auto/RunCompositeActor3.xml
4 ms. Memory: 332288K Free: 306148K (92%)
----------------- Invoking toplevel() on ptolemy.moml.MoMLSimpleApplication@536fcefb
----------------- Done invoking toplevel() on ptolemy.moml.MoMLSimpleApplication@536fcefb
reloadAllAccessors: .RunCompositeActor3

===========================================================================================
----------------- testing Tue Oct 09 02:56:02 UTC 2018 /home/travis/build/icyphy/ptII/ptolemy/actor/lib/hoc/test/auto/RunCompositeActor4.xml
----------------- Instantiating /home/travis/build/icyphy/ptII/ptolemy/actor/lib/hoc/test/auto/RunCompositeActor4.xml
12 ms. Memory: 332288K Free: 296117K (89%)
----------------- Invoking toplevel() on ptolemy.moml.MoMLSimpleApplication@304a7b93
----------------- Done invoking toplevel() on ptolemy.moml.MoMLSimpleApplication@304a7b93
reloadAllAccessors: .RunCompositeActor4

===========================================================================================
----------------- testing Tue Oct 09 02:56:02 UTC 2018 /home/travis/build/icyphy/ptII/ptolemy/actor/lib/hoc/test/auto/RunCompositeIterateOverArray.xml
----------------- Instantiating /home/travis/build/icyphy/ptII/ptolemy/actor/lib/hoc/test/auto/RunCompositeIterateOverArray.xml
7 ms. Memory: 332288K Free: 288121K (87%)
----------------- Invoking toplevel() on ptolemy.moml.MoMLSimpleApplication@603666cb
----------------- Done invoking toplevel() on ptolemy.moml.MoMLSimpleApplication@603666cb
reloadAllAccessors: .RunCompositeIterateOverArray

===========================================================================================
----------------- testing Tue Oct 09 02:56:02 UTC 2018 /home/travis/build/icyphy/ptII/ptolemy/actor/lib/hoc/test/auto/ThreadedJS.xml
----------------- Instantiating /home/travis/build/icyphy/ptII/ptolemy/actor/lib/hoc/test/auto/ThreadedJS.xml
1732 ms. Memory: 541184K Free: 158489K (29%)
----------------- Invoking toplevel() on ptolemy.moml.MoMLSimpleApplication@1cb1da8b
----------------- Done invoking toplevel() on ptolemy.moml.MoMLSimpleApplication@1cb1da8b
reloadAllAccessors: .ThreadedJS
AutoTests.java: About to close Vertx.
AutoTests.java: Vertx closed.
]]></system-out>
  <system-err><![CDATA[java.lang.RuntimeException: Execution failed
	at ptolemy.moml.MoMLSimpleApplication$UnloadThread.run(MoMLSimpleApplication.java:402)
Caused by: ptolemy.kernel.util.IllegalActionException: initialize() was called after wrapup() was called but preinitialize() was not called after wrapup().
	at ptolemy.actor.lib.hoc.test.PreinitializeMustBeInvoked.initialize(PreinitializeMustBeInvoked.java:78)
	at ptolemy.actor.Director.initialize(Director.java:938)
	at ptolemy.actor.Director.initialize(Director.java:907)
	at ptolemy.actor.sched.StaticSchedulingDirector.initialize(StaticSchedulingDirector.java:159)
	at ptolemy.domains.sdf.kernel.SDFDirector.initialize(SDFDirector.java:544)
	at ptolemy.actor.CompositeActor.initialize(CompositeActor.java:935)
	at ptolemy.actor.lib.hoc.LifeCycleManager._executeInsideModel(LifeCycleManager.java:339)
	at ptolemy.actor.lib.hoc.RunCompositeActor.fire(RunCompositeActor.java:205)
	at ptolemy.actor.CompositeActor.iterate(CompositeActor.java:1146)
	at ptolemy.actor.sched.StaticSchedulingDirector.fire(StaticSchedulingDirector.java:216)
	at ptolemy.domains.sdf.kernel.SDFDirector.fire(SDFDirector.java:500)
	at ptolemy.actor.CompositeActor.fire(CompositeActor.java:455)
	at ptolemy.actor.Manager.iterate(Manager.java:851)
	at ptolemy.actor.Manager.execute(Manager.java:369)
	at ptolemy.actor.Manager.run(Manager.java:1263)
	at ptolemy.actor.Manager$PtolemyRunThread.run(Manager.java:1915)
java.lang.reflect.InvocationTargetException
	at sun.reflect.NativeConstructorAccessorImpl.newInstance0(Native Method)
	at sun.reflect.NativeConstructorAccessorImpl.newInstance(NativeConstructorAccessorImpl.java:62)
	at sun.reflect.DelegatingConstructorAccessorImpl.newInstance(DelegatingConstructorAccessorImpl.java:45)
	at java.lang.reflect.Constructor.newInstance(Constructor.java:423)
	at ptolemy.util.test.junit.AutoKnownFailedTests.RunModel(AutoKnownFailedTests.java:107)
	at sun.reflect.NativeMethodAccessorImpl.invoke0(Native Method)
	at sun.reflect.NativeMethodAccessorImpl.invoke(NativeMethodAccessorImpl.java:62)
	at sun.reflect.DelegatingMethodAccessorImpl.invoke(DelegatingMethodAccessorImpl.java:43)
	at java.lang.reflect.Method.invoke(Method.java:498)
	at org.junit.runners.model.FrameworkMethod$1.runReflectiveCall(FrameworkMethod.java:44)
	at org.junit.internal.runners.model.ReflectiveCallable.run(ReflectiveCallable.java:15)
	at org.junit.runners.model.FrameworkMethod.invokeExplosively(FrameworkMethod.java:41)
	at junitparams.internal.InvokeParameterisedMethod.evaluate(InvokeParameterisedMethod.java:102)
	at org.junit.internal.runners.statements.FailOnTimeout$1.run(FailOnTimeout.java:28)
Caused by: ptolemy.kernel.util.IllegalActionException: initialize() was called after wrapup() was called but preinitialize() was not called after wrapup().
	at ptolemy.actor.lib.hoc.test.PreinitializeMustBeInvoked.initialize(PreinitializeMustBeInvoked.java:78)
	at ptolemy.actor.Director.initialize(Director.java:938)
	at ptolemy.actor.Director.initialize(Director.java:907)
	at ptolemy.actor.sched.StaticSchedulingDirector.initialize(StaticSchedulingDirector.java:159)
	at ptolemy.domains.sdf.kernel.SDFDirector.initialize(SDFDirector.java:544)
	at ptolemy.actor.CompositeActor.initialize(CompositeActor.java:935)
	at ptolemy.actor.lib.hoc.LifeCycleManager._executeInsideModel(LifeCycleManager.java:339)
	at ptolemy.actor.lib.hoc.RunCompositeActor.fire(RunCompositeActor.java:205)
	at ptolemy.actor.CompositeActor.iterate(CompositeActor.java:1146)
	at ptolemy.actor.sched.StaticSchedulingDirector.fire(StaticSchedulingDirector.java:216)
	at ptolemy.domains.sdf.kernel.SDFDirector.fire(SDFDirector.java:500)
	at ptolemy.actor.CompositeActor.fire(CompositeActor.java:455)
	at ptolemy.actor.Manager.iterate(Manager.java:851)
	at ptolemy.actor.Manager.execute(Manager.java:369)
	at ptolemy.actor.Manager.run(Manager.java:1263)
	at ptolemy.actor.Manager$PtolemyRunThread.run(Manager.java:1915)
]]></system-err>
</testsuite>
