<?xml version="1.0" encoding="UTF-8" ?>
<testsuite errors="0" failures="0" hostname="travis-job-da24e4a4-2ff0-492a-87c1-3b32e1990b3f" name="ptolemy.domains.de.test.junit.JUnitTclTest" skipped="0" tests="101" time="123.764" timestamp="2018-06-15T00:08:57">
  <properties>
[...]
</properties>
  <testcase classname="ptolemy.util.test.junit.TclTests" name="[0] /home/travis/build/icyphy/ptII/ptolemy/domains/de/test/DependencyLoop.tcl (RunTclFile)" time="0.686" />
  <testcase classname="ptolemy.util.test.junit.TclTests" name="[1] /home/travis/build/icyphy/ptII/ptolemy/domains/de/test/RunDETestsAsQSS.tcl (RunTclFile)" time="84.599" />
  <testcase classname="ptolemy.util.test.junit.AutoKnownFailedTests" name="[0] /home/travis/build/icyphy/ptII/ptolemy/domains/de/test/auto/knownFailedTests/DESDFClockTest.xml (RunModel)" time="2.024" />
  <testcase classname="ptolemy.util.test.junit.AutoKnownFailedTests" name="[1] /home/travis/build/icyphy/ptII/ptolemy/domains/de/test/auto/knownFailedTests/DirectFeedback.xml (RunModel)" time="0.011" />
  <testcase classname="ptolemy.util.test.junit.AutoKnownFailedTests" name="[2] /home/travis/build/icyphy/ptII/ptolemy/domains/de/test/auto/knownFailedTests/FSMSource.xml (RunModel)" time="0.017" />
  <testcase classname="ptolemy.util.test.junit.AutoKnownFailedTests" name="[3] /home/travis/build/icyphy/ptII/ptolemy/domains/de/test/auto/knownFailedTests/HierarchicalModel.xml (RunModel)" time="0.032" />
  <testcase classname="ptolemy.util.test.junit.AutoKnownFailedTests" name="[4] /home/travis/build/icyphy/ptII/ptolemy/domains/de/test/auto/knownFailedTests/dependencyLoop.xml (RunModel)" time="0.077" />
  <testcase classname="ptolemy.util.test.junit.AutoKnownFailedTests" name="[5] /home/travis/build/icyphy/ptII/ptolemy/domains/de/test/auto/knownFailedTests/dependencyLoop2.xml (RunModel)" time="0.069" />
  <testcase classname="ptolemy.util.test.junit.AutoNameArchTests" name="[0] ThereAreNoAutoArchTests (RunModel)" time="0.005" />
  <testcase classname="ptolemy.util.test.junit.AutoTests" name="[0] /home/travis/build/icyphy/ptII/ptolemy/domains/de/test/auto/ActorDepthCalculation_actorWithoutPorts.xml (RunModel)" time="0.015" />
  <testcase classname="ptolemy.util.test.junit.AutoTests" name="[1] /home/travis/build/icyphy/ptII/ptolemy/domains/de/test/auto/AssemblyLine.xml (RunModel)" time="0.019" />
  <testcase classname="ptolemy.util.test.junit.AutoTests" name="[2] /home/travis/build/icyphy/ptII/ptolemy/domains/de/test/auto/CQBug1.xml (RunModel)" time="0.012" />
  <testcase classname="ptolemy.util.test.junit.AutoTests" name="[3] /home/travis/build/icyphy/ptII/ptolemy/domains/de/test/auto/CancelFireAt.xml (RunModel)" time="0.012" />
  <testcase classname="ptolemy.util.test.junit.AutoTests" name="[4] /home/travis/build/icyphy/ptII/ptolemy/domains/de/test/auto/CausalityAndComposabilityAnalysis.xml (RunModel)" time="0.012" />
  <testcase classname="ptolemy.util.test.junit.AutoTests" name="[5] /home/travis/build/icyphy/ptII/ptolemy/domains/de/test/auto/CausalityInterface1.xml (RunModel)" time="0.014" />
  <testcase classname="ptolemy.util.test.junit.AutoTests" name="[6] /home/travis/build/icyphy/ptII/ptolemy/domains/de/test/auto/CausalityInterface15.xml (RunModel)" time="0.013" />
  <testcase classname="ptolemy.util.test.junit.AutoTests" name="[7] /home/travis/build/icyphy/ptII/ptolemy/domains/de/test/auto/CausalityInterface2.xml (RunModel)" time="0.011" />
  <testcase classname="ptolemy.util.test.junit.AutoTests" name="[8] /home/travis/build/icyphy/ptII/ptolemy/domains/de/test/auto/CausalityInterface3.xml (RunModel)" time="0.017" />
  <testcase classname="ptolemy.util.test.junit.AutoTests" name="[9] /home/travis/build/icyphy/ptII/ptolemy/domains/de/test/auto/ClockDrift.xml (RunModel)" time="0.034" />
  <testcase classname="ptolemy.util.test.junit.AutoTests" name="[10] /home/travis/build/icyphy/ptII/ptolemy/domains/de/test/auto/ClockDriftAndValueChange.xml (RunModel)" time="0.026" />
  <testcase classname="ptolemy.util.test.junit.AutoTests" name="[11] /home/travis/build/icyphy/ptII/ptolemy/domains/de/test/auto/ClockDriftChange.xml (RunModel)" time="0.021" />
  <testcase classname="ptolemy.util.test.junit.AutoTests" name="[12] /home/travis/build/icyphy/ptII/ptolemy/domains/de/test/auto/ComposableCausalityAnalysis.xml (RunModel)" time="0.015" />
  <testcase classname="ptolemy.util.test.junit.AutoTests" name="[13] /home/travis/build/icyphy/ptII/ptolemy/domains/de/test/auto/DEFixedPointLimitation.xml (RunModel)" time="0.008" />
  <testcase classname="ptolemy.util.test.junit.AutoTests" name="[14] /home/travis/build/icyphy/ptII/ptolemy/domains/de/test/auto/DEScheduleTest.xml (RunModel)" time="0.01" />
  <testcase classname="ptolemy.util.test.junit.AutoTests" name="[15] /home/travis/build/icyphy/ptII/ptolemy/domains/de/test/auto/DEinDEwithStartTimes.xml (RunModel)" time="0.012" />
  <testcase classname="ptolemy.util.test.junit.AutoTests" name="[16] /home/travis/build/icyphy/ptII/ptolemy/domains/de/test/auto/DEinDEwithStartTimes2.xml (RunModel)" time="0.012" />
  <testcase classname="ptolemy.util.test.junit.AutoTests" name="[17] /home/travis/build/icyphy/ptII/ptolemy/domains/de/test/auto/DateDemo.xml (RunModel)" time="0.023" />
  <testcase classname="ptolemy.util.test.junit.AutoTests" name="[18] /home/travis/build/icyphy/ptII/ptolemy/domains/de/test/auto/DateToEvent.xml (RunModel)" time="2.034" />
  <testcase classname="ptolemy.util.test.junit.AutoTests" name="[19] /home/travis/build/icyphy/ptII/ptolemy/domains/de/test/auto/DepthTest1.xml (RunModel)" time="0.013" />
  <testcase classname="ptolemy.util.test.junit.AutoTests" name="[20] /home/travis/build/icyphy/ptII/ptolemy/domains/de/test/auto/DepthTest2.xml (RunModel)" time="0.018" />
  <testcase classname="ptolemy.util.test.junit.AutoTests" name="[21] /home/travis/build/icyphy/ptII/ptolemy/domains/de/test/auto/DepthTest3.xml (RunModel)" time="0.007" />
  <testcase classname="ptolemy.util.test.junit.AutoTests" name="[22] /home/travis/build/icyphy/ptII/ptolemy/domains/de/test/auto/DepthTest4.xml (RunModel)" time="0.01" />
  <testcase classname="ptolemy.util.test.junit.AutoTests" name="[23] /home/travis/build/icyphy/ptII/ptolemy/domains/de/test/auto/DepthTest5.xml (RunModel)" time="0.013" />
  <testcase classname="ptolemy.util.test.junit.AutoTests" name="[24] /home/travis/build/icyphy/ptII/ptolemy/domains/de/test/auto/DepthTest6.xml (RunModel)" time="0.014" />
  <testcase classname="ptolemy.util.test.junit.AutoTests" name="[25] /home/travis/build/icyphy/ptII/ptolemy/domains/de/test/auto/DepthTest7.xml (RunModel)" time="0.009" />
  <testcase classname="ptolemy.util.test.junit.AutoTests" name="[26] /home/travis/build/icyphy/ptII/ptolemy/domains/de/test/auto/EventToDate.xml (RunModel)" time="3.027" />
  <testcase classname="ptolemy.util.test.junit.AutoTests" name="[27] /home/travis/build/icyphy/ptII/ptolemy/domains/de/test/auto/FSM1.xml (RunModel)" time="0.023" />
  <testcase classname="ptolemy.util.test.junit.AutoTests" name="[28] /home/travis/build/icyphy/ptII/ptolemy/domains/de/test/auto/FSM7.xml (RunModel)" time="0.042" />
  <testcase classname="ptolemy.util.test.junit.AutoTests" name="[29] /home/travis/build/icyphy/ptII/ptolemy/domains/de/test/auto/Inspection.xml (RunModel)" time="0.051" />
  <testcase classname="ptolemy.util.test.junit.AutoTests" name="[30] /home/travis/build/icyphy/ptII/ptolemy/domains/de/test/auto/Iteration.xml (RunModel)" time="0.026" />
  <testcase classname="ptolemy.util.test.junit.AutoTests" name="[31] /home/travis/build/icyphy/ptII/ptolemy/domains/de/test/auto/LineFault.xml (RunModel)" time="0.47" />
  <testcase classname="ptolemy.util.test.junit.AutoTests" name="[32] /home/travis/build/icyphy/ptII/ptolemy/domains/de/test/auto/MergeModel1Add.xml (RunModel)" time="0.035" />
  <testcase classname="ptolemy.util.test.junit.AutoTests" name="[33] /home/travis/build/icyphy/ptII/ptolemy/domains/de/test/auto/MergeModel2Add.xml (RunModel)" time="0.042" />
  <testcase classname="ptolemy.util.test.junit.AutoTests" name="[34] /home/travis/build/icyphy/ptII/ptolemy/domains/de/test/auto/MergeModel3Add.xml (RunModel)" time="0.048" />
  <testcase classname="ptolemy.util.test.junit.AutoTests" name="[35] /home/travis/build/icyphy/ptII/ptolemy/domains/de/test/auto/MergeWithoutDiscard.xml (RunModel)" time="0.016" />
  <testcase classname="ptolemy.util.test.junit.AutoTests" name="[36] /home/travis/build/icyphy/ptII/ptolemy/domains/de/test/auto/Modal1.xml (RunModel)" time="0.031" />
  <testcase classname="ptolemy.util.test.junit.AutoTests" name="[37] /home/travis/build/icyphy/ptII/ptolemy/domains/de/test/auto/Modal2.xml (RunModel)" time="0.038" />
  <testcase classname="ptolemy.util.test.junit.AutoTests" name="[38] /home/travis/build/icyphy/ptII/ptolemy/domains/de/test/auto/Modal3.xml (RunModel)" time="0.021" />
  <testcase classname="ptolemy.util.test.junit.AutoTests" name="[39] /home/travis/build/icyphy/ptII/ptolemy/domains/de/test/auto/Modal4.xml (RunModel)" time="0.035" />
  <testcase classname="ptolemy.util.test.junit.AutoTests" name="[40] /home/travis/build/icyphy/ptII/ptolemy/domains/de/test/auto/Modal5.xml (RunModel)" time="0.024" />
  <testcase classname="ptolemy.util.test.junit.AutoTests" name="[41] /home/travis/build/icyphy/ptII/ptolemy/domains/de/test/auto/Modal6.xml (RunModel)" time="0.029" />
  <testcase classname="ptolemy.util.test.junit.AutoTests" name="[42] /home/travis/build/icyphy/ptII/ptolemy/domains/de/test/auto/Modal7.xml (RunModel)" time="0.03" />
  <testcase classname="ptolemy.util.test.junit.AutoTests" name="[43] /home/travis/build/icyphy/ptII/ptolemy/domains/de/test/auto/ModalModel.xml (RunModel)" time="0.172" />
  <testcase classname="ptolemy.util.test.junit.AutoTests" name="[44] /home/travis/build/icyphy/ptII/ptolemy/domains/de/test/auto/ModalSource.xml (RunModel)" time="0.017" />
  <testcase classname="ptolemy.util.test.junit.AutoTests" name="[45] /home/travis/build/icyphy/ptII/ptolemy/domains/de/test/auto/NonInterruptibleTimerZeroDelay.xml (RunModel)" time="0.008" />
  <testcase classname="ptolemy.util.test.junit.AutoTests" name="[46] /home/travis/build/icyphy/ptII/ptolemy/domains/de/test/auto/OpenQueueingNetwork.xml (RunModel)" time="1.784" />
  <testcase classname="ptolemy.util.test.junit.AutoTests" name="[47] /home/travis/build/icyphy/ptII/ptolemy/domains/de/test/auto/OpenQueuingNetwork.xml (RunModel)" time="0.222" />
  <testcase classname="ptolemy.util.test.junit.AutoTests" name="[48] /home/travis/build/icyphy/ptII/ptolemy/domains/de/test/auto/PeriodicSampler.xml (RunModel)" time="0.008" />
  <testcase classname="ptolemy.util.test.junit.AutoTests" name="[49] /home/travis/build/icyphy/ptII/ptolemy/domains/de/test/auto/PersistentIO.xml (RunModel)" time="0.017" />
  <testcase classname="ptolemy.util.test.junit.AutoTests" name="[50] /home/travis/build/icyphy/ptII/ptolemy/domains/de/test/auto/PortParameterResetOnInitialize.xml (RunModel)" time="0.008" />
  <testcase classname="ptolemy.util.test.junit.AutoTests" name="[51] /home/travis/build/icyphy/ptII/ptolemy/domains/de/test/auto/PortParameterUpdates.xml (RunModel)" time="0.013" />
  <testcase classname="ptolemy.util.test.junit.AutoTests" name="[52] /home/travis/build/icyphy/ptII/ptolemy/domains/de/test/auto/QueueAndServer.xml (RunModel)" time="0.018" />
  <testcase classname="ptolemy.util.test.junit.AutoTests" name="[53] /home/travis/build/icyphy/ptII/ptolemy/domains/de/test/auto/Records.xml (RunModel)" time="0.012" />
  <testcase classname="ptolemy.util.test.junit.AutoTests" name="[54] /home/travis/build/icyphy/ptII/ptolemy/domains/de/test/auto/ResetTransitionWithStartTime1.xml (RunModel)" time="0.016" />
  <testcase classname="ptolemy.util.test.junit.AutoTests" name="[55] /home/travis/build/icyphy/ptII/ptolemy/domains/de/test/auto/ResetTransitionWithStartTime2.xml (RunModel)" time="0.015" />
  <testcase classname="ptolemy.util.test.junit.AutoTests" name="[56] /home/travis/build/icyphy/ptII/ptolemy/domains/de/test/auto/ResetTransitionWithStartTime3.xml (RunModel)" time="0.016" />
  <testcase classname="ptolemy.util.test.junit.AutoTests" name="[57] /home/travis/build/icyphy/ptII/ptolemy/domains/de/test/auto/ResetTransitionWithStartTime4.xml (RunModel)" time="0.015" />
  <testcase classname="ptolemy.util.test.junit.AutoTests" name="[58] /home/travis/build/icyphy/ptII/ptolemy/domains/de/test/auto/ResettableTimer1.xml (RunModel)" time="0.009" />
  <testcase classname="ptolemy.util.test.junit.AutoTests" name="[59] /home/travis/build/icyphy/ptII/ptolemy/domains/de/test/auto/ResettableTimer2.xml (RunModel)" time="0.009" />
  <testcase classname="ptolemy.util.test.junit.AutoTests" name="[60] /home/travis/build/icyphy/ptII/ptolemy/domains/de/test/auto/ResettableTimer3.xml (RunModel)" time="0.008" />
  <testcase classname="ptolemy.util.test.junit.AutoTests" name="[61] /home/travis/build/icyphy/ptII/ptolemy/domains/de/test/auto/ResettableTimer4.xml (RunModel)" time="0.008" />
  <testcase classname="ptolemy.util.test.junit.AutoTests" name="[62] /home/travis/build/icyphy/ptII/ptolemy/domains/de/test/auto/ResettableTimer5.xml (RunModel)" time="0.009" />
  <testcase classname="ptolemy.util.test.junit.AutoTests" name="[63] /home/travis/build/icyphy/ptII/ptolemy/domains/de/test/auto/ResettableTimer6.xml (RunModel)" time="0.01" />
  <testcase classname="ptolemy.util.test.junit.AutoTests" name="[64] /home/travis/build/icyphy/ptII/ptolemy/domains/de/test/auto/ServerZeroDelay.xml (RunModel)" time="0.009" />
  <testcase classname="ptolemy.util.test.junit.AutoTests" name="[65] /home/travis/build/icyphy/ptII/ptolemy/domains/de/test/auto/SmartSender.xml (RunModel)" time="3.009" />
  <testcase classname="ptolemy.util.test.junit.AutoTests" name="[66] /home/travis/build/icyphy/ptII/ptolemy/domains/de/test/auto/ThreadedComposite.xml (RunModel)" time="0.129" />
  <testcase classname="ptolemy.util.test.junit.AutoTests" name="[67] /home/travis/build/icyphy/ptII/ptolemy/domains/de/test/auto/Time.xml (RunModel)" time="0.396" />
  <testcase classname="ptolemy.util.test.junit.AutoTests" name="[68] /home/travis/build/icyphy/ptII/ptolemy/domains/de/test/auto/TimeDelayZeroDelay.xml (RunModel)" time="0.01" />
  <testcase classname="ptolemy.util.test.junit.AutoTests" name="[69] /home/travis/build/icyphy/ptII/ptolemy/domains/de/test/auto/TimerZeroDelay.xml (RunModel)" time="0.009" />
  <testcase classname="ptolemy.util.test.junit.AutoTests" name="[70] /home/travis/build/icyphy/ptII/ptolemy/domains/de/test/auto/TimingParadox.xml (RunModel)" time="0.34" />
  <testcase classname="ptolemy.util.test.junit.AutoTests" name="[71] /home/travis/build/icyphy/ptII/ptolemy/domains/de/test/auto/TransferInputs.xml (RunModel)" time="0.009" />
  <testcase classname="ptolemy.util.test.junit.AutoTests" name="[72] /home/travis/build/icyphy/ptII/ptolemy/domains/de/test/auto/TransferOutputs2.xml (RunModel)" time="0.014" />
  <testcase classname="ptolemy.util.test.junit.AutoTests" name="[73] /home/travis/build/icyphy/ptII/ptolemy/domains/de/test/auto/Trilateration.xml (RunModel)" time="11.008" />
  <testcase classname="ptolemy.util.test.junit.AutoTests" name="[74] /home/travis/build/icyphy/ptII/ptolemy/domains/de/test/auto/TwoSigmaDelta.xml (RunModel)" time="1.987" />
  <testcase classname="ptolemy.util.test.junit.AutoTests" name="[75] /home/travis/build/icyphy/ptII/ptolemy/domains/de/test/auto/VariableDelay.xml (RunModel)" time="0.018" />
  <testcase classname="ptolemy.util.test.junit.AutoTests" name="[76] /home/travis/build/icyphy/ptII/ptolemy/domains/de/test/auto/VariableDelay2.xml (RunModel)" time="0.006" />
  <testcase classname="ptolemy.util.test.junit.AutoTests" name="[77] /home/travis/build/icyphy/ptII/ptolemy/domains/de/test/auto/VariableDelayZeroDelay.xml (RunModel)" time="0.011" />
  <testcase classname="ptolemy.util.test.junit.AutoTests" name="[78] /home/travis/build/icyphy/ptII/ptolemy/domains/de/test/auto/VariableDelayZeroDelay2.xml (RunModel)" time="0.008" />
  <testcase classname="ptolemy.util.test.junit.AutoTests" name="[79] /home/travis/build/icyphy/ptII/ptolemy/domains/de/test/auto/deInCt.xml (RunModel)" time="0.017" />
  <testcase classname="ptolemy.util.test.junit.AutoTests" name="[80] /home/travis/build/icyphy/ptII/ptolemy/domains/de/test/auto/deInCt2.xml (RunModel)" time="0.024" />
  <testcase classname="ptolemy.util.test.junit.AutoTests" name="[81] /home/travis/build/icyphy/ptII/ptolemy/domains/de/test/auto/dynamicCausalityInterface1.xml (RunModel)" time="0.017" />
  <testcase classname="ptolemy.util.test.junit.AutoTests" name="[82] /home/travis/build/icyphy/ptII/ptolemy/domains/de/test/auto/fsm_de_test.xml (RunModel)" time="0.025" />
  <testcase classname="ptolemy.util.test.junit.AutoTests" name="[83] /home/travis/build/icyphy/ptII/ptolemy/domains/de/test/auto/functionDependencyReconstruction.xml (RunModel)" time="0.04" />
  <testcase classname="ptolemy.util.test.junit.AutoTests" name="[84] /home/travis/build/icyphy/ptII/ptolemy/domains/de/test/auto/multirate.xml (RunModel)" time="0.017" />
  <testcase classname="ptolemy.util.test.junit.AutoTests" name="[85] /home/travis/build/icyphy/ptII/ptolemy/domains/de/test/auto/multirate2.xml (RunModel)" time="0.023" />
  <testcase classname="ptolemy.util.test.junit.AutoTests" name="[86] /home/travis/build/icyphy/ptII/ptolemy/domains/de/test/auto/realtime.xml (RunModel)" time="10.01" />
  <testcase classname="ptolemy.util.test.junit.AutoTests" name="[87] /home/travis/build/icyphy/ptII/ptolemy/domains/de/test/auto/relationGroup.xml (RunModel)" time="0.016" />
  <testcase classname="ptolemy.util.test.junit.AutoTests" name="[88] /home/travis/build/icyphy/ptII/ptolemy/domains/de/test/auto/relationGroup2.xml (RunModel)" time="0.008" />
  <testcase classname="ptolemy.util.test.junit.AutoTests" name="[89] /home/travis/build/icyphy/ptII/ptolemy/domains/de/test/auto/sortWithOpaquePorts.xml (RunModel)" time="0.007" />
  <testcase classname="ptolemy.util.test.junit.AutoTests" name="[90] /home/travis/build/icyphy/ptII/ptolemy/domains/de/test/auto/transferInputsandOutputs.xml (RunModel)" time="0.018" />
  <testcase classname="ptolemy.util.test.junit.AutoTests" name="[91] /home/travis/build/icyphy/ptII/ptolemy/domains/de/test/auto/triggerType.xml (RunModel)" time="0.006" />
  <system-out><![CDATA[/home/travis/build/icyphy/ptII/ptolemy/domains/de/test/DependencyLoop.tcl
testDefs.tcl: setting time out to 9000 seconds at Fri Jun 15 00:08:57 UTC 2018
27 ms. Memory: 116224K Free: 93867K (81%)
6 ms. Memory: 146944K Free: 135072K (92%)
/home/travis/build/icyphy/ptII/ptolemy/domains/de/test/RunDETestsAsQSS.tcl
Run the DE tests using ptolemy.domains.qss.test.QSSDirectorTest, which extends QSSDirector and prints a message in the constructors.
------------------ testing $PTII/ptolemy/domains/de/test/auto/knownFailedTests/dependencyLoop.xml (Known Failure) 
12 ms. Memory: 146944K Free: 131960K (90%)


==== $PTIIhome/travis/build/icyphy/ptII/ptolemy/domains/de/test/../../../../: Auto Automatic test in file $PTII/ptolemy/domains/de/test/auto/knownFailedTests/dependencyLoop.xml
==== Contents of test case:

	    # FIXME: we should use $relativeFilename here, but it
	    # might have backslashes under Windows, which causes no end
	    # of trouble.
	    createAndExecute $file
	    list {}
	
.... Test generated KNOWN error:
    while executing
ptolemy.kernel.util.IllegalActionException: Found a zero delay loop containing .dependencyLoop.original
  in .dependencyLoop and .dependencyLoop.original
	at ptolemy.actor.util.CausalityInterfaceForComposites._computeOutputPortDepth(CausalityInterfaceForComposites.java:759)
	at ptolemy.actor.util.CausalityInterfaceForComposites._computeInputDepth(CausalityInterfaceForComposites.java:696)
	at ptolemy.actor.util.CausalityInterfaceForComposites._computeOutputPortDepth(CausalityInterfaceForComposites.java:765)
	at ptolemy.actor.util.CausalityInterfaceForComposites._computeInputDepth(CausalityInterfaceForComposites.java:696)
	at ptolemy.actor.util.CausalityInterfaceForComposites._computeOutputPortDepth(CausalityInterfaceForComposites.java:765)
	at ptolemy.actor.util.CausalityInterfaceForComposites._computeInputDepth(CausalityInterfaceForComposites.java:696)
	at ptolemy.actor.util.CausalityInterfaceForComposites._computeActorDepth(CausalityInterfaceForComposites.java:532)
	at ptolemy.actor.util.CausalityInterfaceForComposites.checkForCycles(CausalityInterfaceForComposites.java:96)
	at ptolemy.domains.de.kernel.DEDirector.preinitialize(DEDirector.java:1338)
	at ptolemy.actor.CompositeActor.preinitialize(CompositeActor.java:1828)
	at ptolemy.actor.Manager.preinitializeAndResolveTypes(Manager.java:1040)
	at ptolemy.actor.Manager.initialize(Manager.java:710)
	at ptolemy.actor.Manager.execute(Manager.java:356)
	at ptolemy.actor.Manager.run(Manager.java:1263)
	at ptolemy.actor.Manager$PtolemyRunThread.run(Manager.java:1915)

    while executing
ptolemy.kernel.util.IllegalActionException: Found a zero delay loop containing .dependencyLoop.original
  in .dependencyLoop and .dependencyLoop.original
    while executing
"java::new ptolemy.moml.MoMLSimpleApplication $file
"
    (procedure "createAndExecute" line 2)
    invoked from within
"createAndExecute $file"
    ("uplevel" body line 5)
    invoked from within
"uplevel $contents_of_test"
------------------ testing $PTII/ptolemy/domains/de/test/auto/knownFailedTests/DESDFClockTest.xml (Known Failure) 
2053 ms. Memory: 146944K Free: 116442K (79%)


==== $PTIIhome/travis/build/icyphy/ptII/ptolemy/domains/de/test/../../../../: Auto Automatic test in file $PTII/ptolemy/domains/de/test/auto/knownFailedTests/DESDFClockTest.xml
==== Contents of test case:

	    # FIXME: we should use $relativeFilename here, but it
	    # might have backslashes under Windows, which causes no end
	    # of trouble.
	    createAndExecute $file
	    list {}
	
.... Test generated KNOWN error:
    while executing
ptolemy.kernel.util.IllegalActionException: Actor is not ready to fire.  Perhaps UpSample.prefire() returned false? Try debugging the actor by selecting "Listen to Actor".  Also, for SDF check moml for tokenConsumptionRate on input.
  in .DESDFClockTest.Play Bell.Copy1:SDF Director and .DESDFClockTest.Play Bell.UpSample
	at ptolemy.actor.sched.StaticSchedulingDirector.fire(StaticSchedulingDirector.java:227)
	at ptolemy.domains.sdf.kernel.SDFDirector.fire(SDFDirector.java:500)
	at ptolemy.actor.CompositeActor.fire(CompositeActor.java:455)
	at ptolemy.domains.de.kernel.DEDirector._fire(DEDirector.java:1949)
	at ptolemy.domains.de.kernel.DEDirector.fire(DEDirector.java:502)
	at ptolemy.actor.CompositeActor.fire(CompositeActor.java:455)
	at ptolemy.actor.Manager.iterate(Manager.java:851)
	at ptolemy.actor.Manager.execute(Manager.java:369)
	at ptolemy.actor.Manager.run(Manager.java:1263)
	at ptolemy.actor.Manager$PtolemyRunThread.run(Manager.java:1915)

    while executing
ptolemy.kernel.util.IllegalActionException: Actor is not ready to fire.  Perhaps UpSample.prefire() returned false? Try debugging the actor by selecting "Listen to Actor".  Also, for SDF check moml for tokenConsumptionRate on input.
  in .DESDFClockTest.Play Bell.Copy1:SDF Director and .DESDFClockTest.Play Bell.UpSample
    while executing
"java::new ptolemy.moml.MoMLSimpleApplication $file
"
    (procedure "createAndExecute" line 2)
    invoked from within
"createAndExecute $file"
    ("uplevel" body line 5)
    invoked from within
"uplevel $contents_of_test"
------------------ testing $PTII/ptolemy/domains/de/test/auto/knownFailedTests/FSMSource.xml (Known Failure) 
36 ms. Memory: 146944K Free: 106793K (73%)
!!!! Auto was marked as failing, but now passes
------------------ testing $PTII/ptolemy/domains/de/test/auto/knownFailedTests/dependencyLoop2.xml (Known Failure) 
5 ms. Memory: 146944K Free: 104934K (71%)


==== $PTIIhome/travis/build/icyphy/ptII/ptolemy/domains/de/test/../../../../: Auto Automatic test in file $PTII/ptolemy/domains/de/test/auto/knownFailedTests/dependencyLoop2.xml
==== Contents of test case:

	    # FIXME: we should use $relativeFilename here, but it
	    # might have backslashes under Windows, which causes no end
	    # of trouble.
	    createAndExecute $file
	    list {}
	
.... Test generated KNOWN error:
    while executing
ptolemy.kernel.util.IllegalActionException: Found a zero delay loop containing .dependencyLoop2.original
  in .dependencyLoop2 and .dependencyLoop2.original
	at ptolemy.actor.util.CausalityInterfaceForComposites._computeOutputPortDepth(CausalityInterfaceForComposites.java:759)
	at ptolemy.actor.util.CausalityInterfaceForComposites._computeInputDepth(CausalityInterfaceForComposites.java:696)
	at ptolemy.actor.util.CausalityInterfaceForComposites._computeOutputPortDepth(CausalityInterfaceForComposites.java:765)
	at ptolemy.actor.util.CausalityInterfaceForComposites._computeInputDepth(CausalityInterfaceForComposites.java:696)
	at ptolemy.actor.util.CausalityInterfaceForComposites._computeOutputPortDepth(CausalityInterfaceForComposites.java:765)
	at ptolemy.actor.util.CausalityInterfaceForComposites._computeInputDepth(CausalityInterfaceForComposites.java:696)
	at ptolemy.actor.util.CausalityInterfaceForComposites._computeActorDepth(CausalityInterfaceForComposites.java:532)
	at ptolemy.actor.util.CausalityInterfaceForComposites.checkForCycles(CausalityInterfaceForComposites.java:96)
	at ptolemy.domains.de.kernel.DEDirector.preinitialize(DEDirector.java:1338)
	at ptolemy.actor.CompositeActor.preinitialize(CompositeActor.java:1828)
	at ptolemy.actor.Manager.preinitializeAndResolveTypes(Manager.java:1040)
	at ptolemy.actor.Manager.initialize(Manager.java:710)
	at ptolemy.actor.Manager.execute(Manager.java:356)
	at ptolemy.actor.Manager.run(Manager.java:1263)
	at ptolemy.actor.Manager$PtolemyRunThread.run(Manager.java:1915)

    while executing
ptolemy.kernel.util.IllegalActionException: Found a zero delay loop containing .dependencyLoop2.original
  in .dependencyLoop2 and .dependencyLoop2.original
    while executing
"java::new ptolemy.moml.MoMLSimpleApplication $file
"
    (procedure "createAndExecute" line 2)
    invoked from within
"createAndExecute $file"
    ("uplevel" body line 5)
    invoked from within
"uplevel $contents_of_test"
------------------ testing $PTII/ptolemy/domains/de/test/auto/knownFailedTests/HierarchicalModel.xml (Known Failure) 
9 ms. Memory: 146944K Free: 84262K (57%)


==== $PTIIhome/travis/build/icyphy/ptII/ptolemy/domains/de/test/../../../../: Auto Automatic test in file $PTII/ptolemy/domains/de/test/auto/knownFailedTests/HierarchicalModel.xml
==== Contents of test case:

	    # FIXME: we should use $relativeFilename here, but it
	    # might have backslashes under Windows, which causes no end
	    # of trouble.
	    createAndExecute $file
	    list {}
	
.... Test generated KNOWN error:
    while executing
ptolemy.kernel.util.IllegalActionException: Found a zero delay loop containing .HierarchicalModel.A
  in .HierarchicalModel and .HierarchicalModel.A
	at ptolemy.actor.util.CausalityInterfaceForComposites._computeOutputPortDepth(CausalityInterfaceForComposites.java:759)
	at ptolemy.actor.util.CausalityInterfaceForComposites._computeInputDepth(CausalityInterfaceForComposites.java:696)
	at ptolemy.actor.util.CausalityInterfaceForComposites._computeOutputPortDepth(CausalityInterfaceForComposites.java:765)
	at ptolemy.actor.util.CausalityInterfaceForComposites._computeInputDepth(CausalityInterfaceForComposites.java:696)
	at ptolemy.actor.util.CausalityInterfaceForComposites._computeOutputPortDepth(CausalityInterfaceForComposites.java:765)
	at ptolemy.actor.util.CausalityInterfaceForComposites._computeInputDepth(CausalityInterfaceForComposites.java:696)
	at ptolemy.actor.util.CausalityInterfaceForComposites._computeActorDepth(CausalityInterfaceForComposites.java:532)
	at ptolemy.actor.util.CausalityInterfaceForComposites.checkForCycles(CausalityInterfaceForComposites.java:96)
	at ptolemy.domains.de.kernel.DEDirector.preinitialize(DEDirector.java:1338)
	at ptolemy.actor.CompositeActor.preinitialize(CompositeActor.java:1828)
	at ptolemy.actor.Manager.preinitializeAndResolveTypes(Manager.java:1040)
	at ptolemy.actor.Manager.initialize(Manager.java:710)
	at ptolemy.actor.Manager.execute(Manager.java:356)
	at ptolemy.actor.Manager.run(Manager.java:1263)
	at ptolemy.actor.Manager$PtolemyRunThread.run(Manager.java:1915)

    while executing
ptolemy.kernel.util.IllegalActionException: Found a zero delay loop containing .HierarchicalModel.A
  in .HierarchicalModel and .HierarchicalModel.A
    while executing
"java::new ptolemy.moml.MoMLSimpleApplication $file
"
    (procedure "createAndExecute" line 2)
    invoked from within
"createAndExecute $file"
    ("uplevel" body line 5)
    invoked from within
"uplevel $contents_of_test"
------------------ testing $PTII/ptolemy/domains/de/test/auto/knownFailedTests/DirectFeedback.xml (Known Failure) 
4 ms. Memory: 146944K Free: 140319K (95%)


==== $PTIIhome/travis/build/icyphy/ptII/ptolemy/domains/de/test/../../../../: Auto Automatic test in file $PTII/ptolemy/domains/de/test/auto/knownFailedTests/DirectFeedback.xml
==== Contents of test case:

	    # FIXME: we should use $relativeFilename here, but it
	    # might have backslashes under Windows, which causes no end
	    # of trouble.
	    createAndExecute $file
	    list {}
	
.... Test generated KNOWN error:
    while executing
ptolemy.kernel.util.IllegalActionException: Test fails in iteration 1.
Value was: 1.0. Should have been: 2.0
  in .DirectFeedback.Test
	at ptolemy.actor.lib.Test.fire(Test.java:268)
	at ptolemy.domains.de.kernel.DEDirector._fire(DEDirector.java:1949)
	at ptolemy.domains.de.kernel.DEDirector.fire(DEDirector.java:502)
	at ptolemy.actor.CompositeActor.fire(CompositeActor.java:455)
	at ptolemy.actor.Manager.iterate(Manager.java:851)
	at ptolemy.actor.Manager.execute(Manager.java:369)
	at ptolemy.actor.Manager.run(Manager.java:1263)
	at ptolemy.actor.Manager$PtolemyRunThread.run(Manager.java:1915)

    while executing
ptolemy.kernel.util.IllegalActionException: Test fails in iteration 1.
Value was: 1.0. Should have been: 2.0
  in .DirectFeedback.Test
    while executing
"java::new ptolemy.moml.MoMLSimpleApplication $file
"
    (procedure "createAndExecute" line 2)
    invoked from within
"createAndExecute $file"
    ("uplevel" body line 5)
    invoked from within
"uplevel $contents_of_test"
------------------ testing $PTII/ptolemy/domains/de/test/auto/ActorDepthCalculation_actorWithoutPorts.xml
auto.tcl: Setting watchdog for 200 seconds at Fri Jun 15 00:09:00 UTC 2018
8 ms. Memory: 146944K Free: 132364K (90%)
ptolemy.util.test.WatchDog.cancel(): canceling Fri Jun 15 00:09:00 UTC 2018
auto.tcl: Setting watchdog for 200 seconds at Fri Jun 15 00:09:00 UTC 2018
3 ms. Memory: 146944K Free: 130268K (89%)
ptolemy.util.test.WatchDog.cancel(): canceling Fri Jun 15 00:09:00 UTC 2018
------------------ testing $PTII/ptolemy/domains/de/test/auto/AssemblyLine.xml
auto.tcl: Setting watchdog for 200 seconds at Fri Jun 15 00:09:01 UTC 2018
20 ms. Memory: 208384K Free: 182803K (88%)
ptolemy.util.test.WatchDog.cancel(): canceling Fri Jun 15 00:09:01 UTC 2018
auto.tcl: Setting watchdog for 200 seconds at Fri Jun 15 00:09:01 UTC 2018
11 ms. Memory: 208384K Free: 182803K (88%)
ptolemy.util.test.WatchDog.cancel(): canceling Fri Jun 15 00:09:01 UTC 2018
------------------ testing $PTII/ptolemy/domains/de/test/auto/CQBug1.xml
auto.tcl: Setting watchdog for 200 seconds at Fri Jun 15 00:09:01 UTC 2018
11 ms. Memory: 208384K Free: 197365K (95%)
ptolemy.util.test.WatchDog.cancel(): canceling Fri Jun 15 00:09:01 UTC 2018
auto.tcl: Setting watchdog for 200 seconds at Fri Jun 15 00:09:01 UTC 2018
6 ms. Memory: 208384K Free: 197365K (95%)
ptolemy.util.test.WatchDog.cancel(): canceling Fri Jun 15 00:09:01 UTC 2018
------------------ testing $PTII/ptolemy/domains/de/test/auto/CancelFireAt.xml
auto.tcl: Setting watchdog for 200 seconds at Fri Jun 15 00:09:01 UTC 2018
18 ms. Memory: 208384K Free: 201098K (97%)
ptolemy.util.test.WatchDog.cancel(): canceling Fri Jun 15 00:09:01 UTC 2018
auto.tcl: Setting watchdog for 200 seconds at Fri Jun 15 00:09:01 UTC 2018
16 ms. Memory: 208384K Free: 198985K (95%)
ptolemy.util.test.WatchDog.cancel(): canceling Fri Jun 15 00:09:01 UTC 2018
------------------ testing $PTII/ptolemy/domains/de/test/auto/CausalityAndComposabilityAnalysis.xml
auto.tcl: Setting watchdog for 200 seconds at Fri Jun 15 00:09:01 UTC 2018
8 ms. Memory: 208384K Free: 196879K (94%)
ptolemy.util.test.WatchDog.cancel(): canceling Fri Jun 15 00:09:01 UTC 2018
auto.tcl: Setting watchdog for 200 seconds at Fri Jun 15 00:09:01 UTC 2018
5 ms. Memory: 208384K Free: 196879K (94%)
ptolemy.util.test.WatchDog.cancel(): canceling Fri Jun 15 00:09:01 UTC 2018
------------------ testing $PTII/ptolemy/domains/de/test/auto/CausalityInterface1.xml
auto.tcl: Setting watchdog for 200 seconds at Fri Jun 15 00:09:01 UTC 2018
15 ms. Memory: 208384K Free: 196405K (94%)
ptolemy.util.test.WatchDog.cancel(): canceling Fri Jun 15 00:09:01 UTC 2018
auto.tcl: Setting watchdog for 200 seconds at Fri Jun 15 00:09:01 UTC 2018
4 ms. Memory: 208384K Free: 196405K (94%)
ptolemy.util.test.WatchDog.cancel(): canceling Fri Jun 15 00:09:01 UTC 2018
------------------ testing $PTII/ptolemy/domains/de/test/auto/CausalityInterface15.xml
auto.tcl: Setting watchdog for 200 seconds at Fri Jun 15 00:09:01 UTC 2018
11 ms. Memory: 208384K Free: 196397K (94%)
ptolemy.util.test.WatchDog.cancel(): canceling Fri Jun 15 00:09:01 UTC 2018
auto.tcl: Setting watchdog for 200 seconds at Fri Jun 15 00:09:01 UTC 2018
7 ms. Memory: 208384K Free: 196397K (94%)
ptolemy.util.test.WatchDog.cancel(): canceling Fri Jun 15 00:09:01 UTC 2018
------------------ testing $PTII/ptolemy/domains/de/test/auto/CausalityInterface2.xml
auto.tcl: Setting watchdog for 200 seconds at Fri Jun 15 00:09:01 UTC 2018
8 ms. Memory: 208384K Free: 196380K (94%)
ptolemy.util.test.WatchDog.cancel(): canceling Fri Jun 15 00:09:01 UTC 2018
auto.tcl: Setting watchdog for 200 seconds at Fri Jun 15 00:09:01 UTC 2018
7 ms. Memory: 208384K Free: 196380K (94%)
ptolemy.util.test.WatchDog.cancel(): canceling Fri Jun 15 00:09:01 UTC 2018
------------------ testing $PTII/ptolemy/domains/de/test/auto/CausalityInterface3.xml
auto.tcl: Setting watchdog for 200 seconds at Fri Jun 15 00:09:01 UTC 2018
3 ms. Memory: 208384K Free: 196393K (94%)
ptolemy.util.test.WatchDog.cancel(): canceling Fri Jun 15 00:09:02 UTC 2018
auto.tcl: Setting watchdog for 200 seconds at Fri Jun 15 00:09:02 UTC 2018
6 ms. Memory: 208384K Free: 196393K (94%)
ptolemy.util.test.WatchDog.cancel(): canceling Fri Jun 15 00:09:02 UTC 2018
------------------ testing $PTII/ptolemy/domains/de/test/auto/ClockDrift.xml
auto.tcl: Setting watchdog for 200 seconds at Fri Jun 15 00:09:02 UTC 2018
70 ms. Memory: 208384K Free: 187585K (90%)
ptolemy.util.test.WatchDog.cancel(): canceling Fri Jun 15 00:09:02 UTC 2018
auto.tcl: Setting watchdog for 200 seconds at Fri Jun 15 00:09:02 UTC 2018
47 ms. Memory: 208384K Free: 185472K (89%)
ptolemy.util.test.WatchDog.cancel(): canceling Fri Jun 15 00:09:02 UTC 2018
------------------ testing $PTII/ptolemy/domains/de/test/auto/ClockDriftAndValueChange.xml
auto.tcl: Setting watchdog for 200 seconds at Fri Jun 15 00:09:02 UTC 2018
43 ms. Memory: 208384K Free: 187420K (90%)
ptolemy.util.test.WatchDog.cancel(): canceling Fri Jun 15 00:09:02 UTC 2018
auto.tcl: Setting watchdog for 200 seconds at Fri Jun 15 00:09:02 UTC 2018
21 ms. Memory: 208384K Free: 185307K (89%)
ptolemy.util.test.WatchDog.cancel(): canceling Fri Jun 15 00:09:02 UTC 2018
------------------ testing $PTII/ptolemy/domains/de/test/auto/ClockDriftChange.xml
auto.tcl: Setting watchdog for 200 seconds at Fri Jun 15 00:09:02 UTC 2018
23 ms. Memory: 208384K Free: 190754K (92%)
ptolemy.util.test.WatchDog.cancel(): canceling Fri Jun 15 00:09:02 UTC 2018
auto.tcl: Setting watchdog for 200 seconds at Fri Jun 15 00:09:02 UTC 2018
19 ms. Memory: 208384K Free: 188640K (91%)
ptolemy.util.test.WatchDog.cancel(): canceling Fri Jun 15 00:09:02 UTC 2018
------------------ testing $PTII/ptolemy/domains/de/test/auto/ComposableCausalityAnalysis.xml
auto.tcl: Setting watchdog for 200 seconds at Fri Jun 15 00:09:02 UTC 2018
2 ms. Memory: 208384K Free: 196241K (94%)
ptolemy.util.test.WatchDog.cancel(): canceling Fri Jun 15 00:09:02 UTC 2018
auto.tcl: Setting watchdog for 200 seconds at Fri Jun 15 00:09:02 UTC 2018
1 ms. Memory: 208384K Free: 194127K (93%)
ptolemy.util.test.WatchDog.cancel(): canceling Fri Jun 15 00:09:02 UTC 2018
------------------ testing $PTII/ptolemy/domains/de/test/auto/DEFixedPointLimitation.xml
auto.tcl: Setting watchdog for 200 seconds at Fri Jun 15 00:09:02 UTC 2018
2 ms. Memory: 208384K Free: 196322K (94%)
ptolemy.util.test.WatchDog.cancel(): canceling Fri Jun 15 00:09:02 UTC 2018
auto.tcl: Setting watchdog for 200 seconds at Fri Jun 15 00:09:02 UTC 2018
1 ms. Memory: 208384K Free: 196322K (94%)
ptolemy.util.test.WatchDog.cancel(): canceling Fri Jun 15 00:09:02 UTC 2018
------------------ testing $PTII/ptolemy/domains/de/test/auto/DEScheduleTest.xml
auto.tcl: Setting watchdog for 200 seconds at Fri Jun 15 00:09:02 UTC 2018
5 ms. Memory: 208384K Free: 198470K (95%)
ptolemy.util.test.WatchDog.cancel(): canceling Fri Jun 15 00:09:02 UTC 2018
auto.tcl: Setting watchdog for 200 seconds at Fri Jun 15 00:09:02 UTC 2018
5 ms. Memory: 208384K Free: 196357K (94%)
ptolemy.util.test.WatchDog.cancel(): canceling Fri Jun 15 00:09:02 UTC 2018
------------------ testing $PTII/ptolemy/domains/de/test/auto/DEinDEwithStartTimes.xml
auto.tcl: Setting watchdog for 200 seconds at Fri Jun 15 00:09:02 UTC 2018
7 ms. Memory: 208384K Free: 196327K (94%)
ptolemy.util.test.WatchDog.cancel(): canceling Fri Jun 15 00:09:02 UTC 2018
auto.tcl: Setting watchdog for 200 seconds at Fri Jun 15 00:09:02 UTC 2018
5 ms. Memory: 208384K Free: 194213K (93%)
ptolemy.util.test.WatchDog.cancel(): canceling Fri Jun 15 00:09:02 UTC 2018
------------------ testing $PTII/ptolemy/domains/de/test/auto/DEinDEwithStartTimes2.xml
auto.tcl: Setting watchdog for 200 seconds at Fri Jun 15 00:09:02 UTC 2018
7 ms. Memory: 208384K Free: 196305K (94%)
ptolemy.util.test.WatchDog.cancel(): canceling Fri Jun 15 00:09:02 UTC 2018
auto.tcl: Setting watchdog for 200 seconds at Fri Jun 15 00:09:02 UTC 2018
4 ms. Memory: 208384K Free: 194192K (93%)
ptolemy.util.test.WatchDog.cancel(): canceling Fri Jun 15 00:09:02 UTC 2018
------------------ testing $PTII/ptolemy/domains/de/test/auto/DateDemo.xml
auto.tcl: Setting watchdog for 200 seconds at Fri Jun 15 00:09:02 UTC 2018
12 ms. Memory: 208384K Free: 188695K (91%)
ptolemy.util.test.WatchDog.cancel(): canceling Fri Jun 15 00:09:03 UTC 2018
auto.tcl: Setting watchdog for 200 seconds at Fri Jun 15 00:09:03 UTC 2018
10 ms. Memory: 208384K Free: 186582K (90%)
ptolemy.util.test.WatchDog.cancel(): canceling Fri Jun 15 00:09:03 UTC 2018
------------------ testing $PTII/ptolemy/domains/de/test/auto/DateToEvent.xml
auto.tcl: Setting watchdog for 200 seconds at Fri Jun 15 00:09:03 UTC 2018
2011 ms. Memory: 208384K Free: 183362K (88%)
ptolemy.util.test.WatchDog.cancel(): canceling Fri Jun 15 00:09:05 UTC 2018
auto.tcl: Setting watchdog for 200 seconds at Fri Jun 15 00:09:05 UTC 2018
2005 ms. Memory: 208384K Free: 180905K (87%)
ptolemy.util.test.WatchDog.cancel(): canceling Fri Jun 15 00:09:07 UTC 2018
------------------ testing $PTII/ptolemy/domains/de/test/auto/DepthTest1.xml
auto.tcl: Setting watchdog for 200 seconds at Fri Jun 15 00:09:07 UTC 2018
3 ms. Memory: 208384K Free: 197998K (95%)
ptolemy.util.test.WatchDog.cancel(): canceling Fri Jun 15 00:09:07 UTC 2018
auto.tcl: Setting watchdog for 200 seconds at Fri Jun 15 00:09:07 UTC 2018
5 ms. Memory: 208384K Free: 197998K (95%)
ptolemy.util.test.WatchDog.cancel(): canceling Fri Jun 15 00:09:07 UTC 2018
------------------ testing $PTII/ptolemy/domains/de/test/auto/DepthTest2.xml
auto.tcl: Setting watchdog for 200 seconds at Fri Jun 15 00:09:07 UTC 2018
11 ms. Memory: 208384K Free: 194173K (93%)
ptolemy.util.test.WatchDog.cancel(): canceling Fri Jun 15 00:09:07 UTC 2018
auto.tcl: Setting watchdog for 200 seconds at Fri Jun 15 00:09:07 UTC 2018
4 ms. Memory: 208384K Free: 194173K (93%)
ptolemy.util.test.WatchDog.cancel(): canceling Fri Jun 15 00:09:07 UTC 2018
------------------ testing $PTII/ptolemy/domains/de/test/auto/DepthTest3.xml
auto.tcl: Setting watchdog for 200 seconds at Fri Jun 15 00:09:07 UTC 2018
6 ms. Memory: 208384K Free: 198671K (95%)
ptolemy.util.test.WatchDog.cancel(): canceling Fri Jun 15 00:09:07 UTC 2018
auto.tcl: Setting watchdog for 200 seconds at Fri Jun 15 00:09:07 UTC 2018
2 ms. Memory: 208384K Free: 198671K (95%)
ptolemy.util.test.WatchDog.cancel(): canceling Fri Jun 15 00:09:07 UTC 2018
------------------ testing $PTII/ptolemy/domains/de/test/auto/DepthTest4.xml
auto.tcl: Setting watchdog for 200 seconds at Fri Jun 15 00:09:07 UTC 2018
14 ms. Memory: 208384K Free: 196308K (94%)
ptolemy.util.test.WatchDog.cancel(): canceling Fri Jun 15 00:09:07 UTC 2018
auto.tcl: Setting watchdog for 200 seconds at Fri Jun 15 00:09:07 UTC 2018
3 ms. Memory: 208384K Free: 196308K (94%)
ptolemy.util.test.WatchDog.cancel(): canceling Fri Jun 15 00:09:07 UTC 2018
------------------ testing $PTII/ptolemy/domains/de/test/auto/DepthTest5.xml
auto.tcl: Setting watchdog for 200 seconds at Fri Jun 15 00:09:07 UTC 2018
4 ms. Memory: 208384K Free: 196593K (94%)
ptolemy.util.test.WatchDog.cancel(): canceling Fri Jun 15 00:09:07 UTC 2018
auto.tcl: Setting watchdog for 200 seconds at Fri Jun 15 00:09:07 UTC 2018
3 ms. Memory: 208384K Free: 196593K (94%)
ptolemy.util.test.WatchDog.cancel(): canceling Fri Jun 15 00:09:07 UTC 2018
------------------ testing $PTII/ptolemy/domains/de/test/auto/DepthTest6.xml
auto.tcl: Setting watchdog for 200 seconds at Fri Jun 15 00:09:07 UTC 2018
7 ms. Memory: 208384K Free: 196215K (94%)
ptolemy.util.test.WatchDog.cancel(): canceling Fri Jun 15 00:09:07 UTC 2018
auto.tcl: Setting watchdog for 200 seconds at Fri Jun 15 00:09:07 UTC 2018
2 ms. Memory: 208384K Free: 196215K (94%)
ptolemy.util.test.WatchDog.cancel(): canceling Fri Jun 15 00:09:07 UTC 2018
------------------ testing $PTII/ptolemy/domains/de/test/auto/DepthTest7.xml
auto.tcl: Setting watchdog for 200 seconds at Fri Jun 15 00:09:07 UTC 2018
3 ms. Memory: 208384K Free: 196212K (94%)
ptolemy.util.test.WatchDog.cancel(): canceling Fri Jun 15 00:09:07 UTC 2018
auto.tcl: Setting watchdog for 200 seconds at Fri Jun 15 00:09:07 UTC 2018
2 ms. Memory: 208384K Free: 196212K (94%)
ptolemy.util.test.WatchDog.cancel(): canceling Fri Jun 15 00:09:07 UTC 2018
------------------ testing $PTII/ptolemy/domains/de/test/auto/EventToDate.xml
auto.tcl: Setting watchdog for 200 seconds at Fri Jun 15 00:09:07 UTC 2018
3005 ms. Memory: 208384K Free: 185667K (89%)
ptolemy.util.test.WatchDog.cancel(): canceling Fri Jun 15 00:09:10 UTC 2018
auto.tcl: Setting watchdog for 200 seconds at Fri Jun 15 00:09:10 UTC 2018
3005 ms. Memory: 208384K Free: 185667K (89%)
ptolemy.util.test.WatchDog.cancel(): canceling Fri Jun 15 00:09:13 UTC 2018
------------------ testing $PTII/ptolemy/domains/de/test/auto/FSM1.xml
auto.tcl: Setting watchdog for 200 seconds at Fri Jun 15 00:09:13 UTC 2018
33 ms. Memory: 208384K Free: 189238K (91%)
ptolemy.util.test.WatchDog.cancel(): canceling Fri Jun 15 00:09:13 UTC 2018
auto.tcl: Setting watchdog for 200 seconds at Fri Jun 15 00:09:13 UTC 2018
13 ms. Memory: 208384K Free: 185011K (89%)
ptolemy.util.test.WatchDog.cancel(): canceling Fri Jun 15 00:09:13 UTC 2018
------------------ testing $PTII/ptolemy/domains/de/test/auto/FSM7.xml
auto.tcl: Setting watchdog for 200 seconds at Fri Jun 15 00:09:13 UTC 2018
31 ms. Memory: 208384K Free: 187326K (90%)
ptolemy.util.test.WatchDog.cancel(): canceling Fri Jun 15 00:09:14 UTC 2018
auto.tcl: Setting watchdog for 200 seconds at Fri Jun 15 00:09:14 UTC 2018
20 ms. Memory: 208384K Free: 185213K (89%)
ptolemy.util.test.WatchDog.cancel(): canceling Fri Jun 15 00:09:14 UTC 2018
------------------ testing $PTII/ptolemy/domains/de/test/auto/Inspection.xml
auto.tcl: Setting watchdog for 200 seconds at Fri Jun 15 00:09:14 UTC 2018
44 ms. Memory: 208384K Free: 188878K (91%)
ptolemy.util.test.WatchDog.cancel(): canceling Fri Jun 15 00:09:14 UTC 2018
auto.tcl: Setting watchdog for 200 seconds at Fri Jun 15 00:09:14 UTC 2018
28 ms. Memory: 208384K Free: 186764K (90%)
ptolemy.util.test.WatchDog.cancel(): canceling Fri Jun 15 00:09:14 UTC 2018
------------------ testing $PTII/ptolemy/domains/de/test/auto/Iteration.xml
auto.tcl: Setting watchdog for 200 seconds at Fri Jun 15 00:09:14 UTC 2018
11 ms. Memory: 208384K Free: 196355K (94%)
ptolemy.util.test.WatchDog.cancel(): canceling Fri Jun 15 00:09:14 UTC 2018
auto.tcl: Setting watchdog for 200 seconds at Fri Jun 15 00:09:14 UTC 2018
6 ms. Memory: 208384K Free: 194242K (93%)
ptolemy.util.test.WatchDog.cancel(): canceling Fri Jun 15 00:09:14 UTC 2018
------------------ testing $PTII/ptolemy/domains/de/test/auto/LineFault.xml
auto.tcl: Setting watchdog for 200 seconds at Fri Jun 15 00:09:14 UTC 2018
730 ms. Memory: 208384K Free: 194885K (94%)
ptolemy.util.test.WatchDog.cancel(): canceling Fri Jun 15 00:09:15 UTC 2018
auto.tcl: Setting watchdog for 200 seconds at Fri Jun 15 00:09:15 UTC 2018
584 ms. Memory: 208384K Free: 139000K (67%)
ptolemy.util.test.WatchDog.cancel(): canceling Fri Jun 15 00:09:15 UTC 2018
------------------ testing $PTII/ptolemy/domains/de/test/auto/MergeModel1Add.xml
auto.tcl: Setting watchdog for 200 seconds at Fri Jun 15 00:09:16 UTC 2018
29 ms. Memory: 331264K Free: 299008K (90%)
ptolemy.util.test.WatchDog.cancel(): canceling Fri Jun 15 00:09:16 UTC 2018
auto.tcl: Setting watchdog for 200 seconds at Fri Jun 15 00:09:16 UTC 2018
12 ms. Memory: 331264K Free: 299008K (90%)
ptolemy.util.test.WatchDog.cancel(): canceling Fri Jun 15 00:09:16 UTC 2018
------------------ testing $PTII/ptolemy/domains/de/test/auto/MergeModel2Add.xml
auto.tcl: Setting watchdog for 200 seconds at Fri Jun 15 00:09:16 UTC 2018
12 ms. Memory: 331264K Free: 304288K (92%)
ptolemy.util.test.WatchDog.cancel(): canceling Fri Jun 15 00:09:16 UTC 2018
auto.tcl: Setting watchdog for 200 seconds at Fri Jun 15 00:09:16 UTC 2018
12 ms. Memory: 331264K Free: 300370K (91%)
ptolemy.util.test.WatchDog.cancel(): canceling Fri Jun 15 00:09:16 UTC 2018
------------------ testing $PTII/ptolemy/domains/de/test/auto/MergeModel3Add.xml
auto.tcl: Setting watchdog for 200 seconds at Fri Jun 15 00:09:16 UTC 2018
11 ms. Memory: 331264K Free: 304299K (92%)
ptolemy.util.test.WatchDog.cancel(): canceling Fri Jun 15 00:09:16 UTC 2018
auto.tcl: Setting watchdog for 200 seconds at Fri Jun 15 00:09:16 UTC 2018
9 ms. Memory: 331264K Free: 300381K (91%)
ptolemy.util.test.WatchDog.cancel(): canceling Fri Jun 15 00:09:16 UTC 2018
------------------ testing $PTII/ptolemy/domains/de/test/auto/MergeWithoutDiscard.xml
auto.tcl: Setting watchdog for 200 seconds at Fri Jun 15 00:09:16 UTC 2018
5 ms. Memory: 331264K Free: 319982K (97%)
ptolemy.util.test.WatchDog.cancel(): canceling Fri Jun 15 00:09:16 UTC 2018
auto.tcl: Setting watchdog for 200 seconds at Fri Jun 15 00:09:16 UTC 2018
2 ms. Memory: 331264K Free: 316065K (95%)
ptolemy.util.test.WatchDog.cancel(): canceling Fri Jun 15 00:09:16 UTC 2018
------------------ testing $PTII/ptolemy/domains/de/test/auto/Modal1.xml
auto.tcl: Setting watchdog for 200 seconds at Fri Jun 15 00:09:16 UTC 2018
18 ms. Memory: 331264K Free: 309979K (94%)
ptolemy.util.test.WatchDog.cancel(): canceling Fri Jun 15 00:09:16 UTC 2018
auto.tcl: Setting watchdog for 200 seconds at Fri Jun 15 00:09:16 UTC 2018
23 ms. Memory: 331264K Free: 306046K (92%)
ptolemy.util.test.WatchDog.cancel(): canceling Fri Jun 15 00:09:16 UTC 2018
------------------ testing $PTII/ptolemy/domains/de/test/auto/Modal2.xml
auto.tcl: Setting watchdog for 200 seconds at Fri Jun 15 00:09:16 UTC 2018
17 ms. Memory: 331264K Free: 309860K (94%)
ptolemy.util.test.WatchDog.cancel(): canceling Fri Jun 15 00:09:16 UTC 2018
auto.tcl: Setting watchdog for 200 seconds at Fri Jun 15 00:09:16 UTC 2018
19 ms. Memory: 331264K Free: 305927K (92%)
ptolemy.util.test.WatchDog.cancel(): canceling Fri Jun 15 00:09:16 UTC 2018
------------------ testing $PTII/ptolemy/domains/de/test/auto/Modal3.xml
auto.tcl: Setting watchdog for 200 seconds at Fri Jun 15 00:09:16 UTC 2018
15 ms. Memory: 331264K Free: 310120K (94%)
ptolemy.util.test.WatchDog.cancel(): canceling Fri Jun 15 00:09:16 UTC 2018
auto.tcl: Setting watchdog for 200 seconds at Fri Jun 15 00:09:16 UTC 2018
15 ms. Memory: 331264K Free: 305901K (92%)
ptolemy.util.test.WatchDog.cancel(): canceling Fri Jun 15 00:09:16 UTC 2018
------------------ testing $PTII/ptolemy/domains/de/test/auto/Modal4.xml
auto.tcl: Setting watchdog for 200 seconds at Fri Jun 15 00:09:16 UTC 2018
25 ms. Memory: 331264K Free: 309856K (94%)
ptolemy.util.test.WatchDog.cancel(): canceling Fri Jun 15 00:09:16 UTC 2018
auto.tcl: Setting watchdog for 200 seconds at Fri Jun 15 00:09:16 UTC 2018
14 ms. Memory: 331264K Free: 305922K (92%)
ptolemy.util.test.WatchDog.cancel(): canceling Fri Jun 15 00:09:16 UTC 2018
------------------ testing $PTII/ptolemy/domains/de/test/auto/Modal5.xml
auto.tcl: Setting watchdog for 200 seconds at Fri Jun 15 00:09:17 UTC 2018
17 ms. Memory: 331264K Free: 309852K (94%)
ptolemy.util.test.WatchDog.cancel(): canceling Fri Jun 15 00:09:17 UTC 2018
auto.tcl: Setting watchdog for 200 seconds at Fri Jun 15 00:09:17 UTC 2018
14 ms. Memory: 331264K Free: 305918K (92%)
ptolemy.util.test.WatchDog.cancel(): canceling Fri Jun 15 00:09:17 UTC 2018
------------------ testing $PTII/ptolemy/domains/de/test/auto/Modal6.xml
auto.tcl: Setting watchdog for 200 seconds at Fri Jun 15 00:09:17 UTC 2018
11 ms. Memory: 331264K Free: 304918K (92%)
ptolemy.util.test.WatchDog.cancel(): canceling Fri Jun 15 00:09:17 UTC 2018
auto.tcl: Setting watchdog for 200 seconds at Fri Jun 15 00:09:17 UTC 2018
13 ms. Memory: 331264K Free: 300984K (91%)
ptolemy.util.test.WatchDog.cancel(): canceling Fri Jun 15 00:09:17 UTC 2018
------------------ testing $PTII/ptolemy/domains/de/test/auto/Modal7.xml
auto.tcl: Setting watchdog for 200 seconds at Fri Jun 15 00:09:17 UTC 2018
19 ms. Memory: 331264K Free: 305916K (92%)
ptolemy.util.test.WatchDog.cancel(): canceling Fri Jun 15 00:09:17 UTC 2018
auto.tcl: Setting watchdog for 200 seconds at Fri Jun 15 00:09:17 UTC 2018
11 ms. Memory: 331264K Free: 305916K (92%)
ptolemy.util.test.WatchDog.cancel(): canceling Fri Jun 15 00:09:17 UTC 2018
------------------ testing $PTII/ptolemy/domains/de/test/auto/ModalModel.xml
auto.tcl: Setting watchdog for 200 seconds at Fri Jun 15 00:09:17 UTC 2018
214 ms. Memory: 331264K Free: 246150K (74%)
ptolemy.util.test.WatchDog.cancel(): canceling Fri Jun 15 00:09:17 UTC 2018
auto.tcl: Setting watchdog for 200 seconds at Fri Jun 15 00:09:17 UTC 2018
173 ms. Memory: 331264K Free: 191196K (58%)
ptolemy.util.test.WatchDog.cancel(): canceling Fri Jun 15 00:09:17 UTC 2018
------------------ testing $PTII/ptolemy/domains/de/test/auto/ModalSource.xml
auto.tcl: Setting watchdog for 200 seconds at Fri Jun 15 00:09:17 UTC 2018
9 ms. Memory: 331264K Free: 316787K (96%)
ptolemy.util.test.WatchDog.cancel(): canceling Fri Jun 15 00:09:17 UTC 2018
auto.tcl: Setting watchdog for 200 seconds at Fri Jun 15 00:09:17 UTC 2018
5 ms. Memory: 331264K Free: 313280K (95%)
ptolemy.util.test.WatchDog.cancel(): canceling Fri Jun 15 00:09:17 UTC 2018
------------------ testing $PTII/ptolemy/domains/de/test/auto/NonInterruptibleTimerZeroDelay.xml
auto.tcl: Setting watchdog for 200 seconds at Fri Jun 15 00:09:17 UTC 2018
4 ms. Memory: 331264K Free: 320932K (97%)
ptolemy.util.test.WatchDog.cancel(): canceling Fri Jun 15 00:09:17 UTC 2018
auto.tcl: Setting watchdog for 200 seconds at Fri Jun 15 00:09:17 UTC 2018
2 ms. Memory: 331264K Free: 317424K (96%)
ptolemy.util.test.WatchDog.cancel(): canceling Fri Jun 15 00:09:17 UTC 2018
------------------ testing $PTII/ptolemy/domains/de/test/auto/OpenQueueingNetwork.xml
auto.tcl: Setting watchdog for 200 seconds at Fri Jun 15 00:09:18 UTC 2018
2616 ms. Memory: 317952K Free: 159809K (50%)
ptolemy.util.test.WatchDog.cancel(): canceling Fri Jun 15 00:09:20 UTC 2018
auto.tcl: Setting watchdog for 200 seconds at Fri Jun 15 00:09:20 UTC 2018
2041 ms. Memory: 287232K Free: 242900K (85%)
ptolemy.util.test.WatchDog.cancel(): canceling Fri Jun 15 00:09:22 UTC 2018
------------------ testing $PTII/ptolemy/domains/de/test/auto/OpenQueuingNetwork.xml
auto.tcl: Setting watchdog for 200 seconds at Fri Jun 15 00:09:22 UTC 2018
216 ms. Memory: 287232K Free: 187581K (65%)
ptolemy.util.test.WatchDog.cancel(): canceling Fri Jun 15 00:09:23 UTC 2018
auto.tcl: Setting watchdog for 200 seconds at Fri Jun 15 00:09:23 UTC 2018
205 ms. Memory: 287232K Free: 130402K (45%)
ptolemy.util.test.WatchDog.cancel(): canceling Fri Jun 15 00:09:23 UTC 2018
------------------ testing $PTII/ptolemy/domains/de/test/auto/PeriodicSampler.xml
auto.tcl: Setting watchdog for 200 seconds at Fri Jun 15 00:09:23 UTC 2018
3 ms. Memory: 289792K Free: 274889K (95%)
ptolemy.util.test.WatchDog.cancel(): canceling Fri Jun 15 00:09:23 UTC 2018
auto.tcl: Setting watchdog for 200 seconds at Fri Jun 15 00:09:23 UTC 2018
2 ms. Memory: 289792K Free: 274889K (95%)
ptolemy.util.test.WatchDog.cancel(): canceling Fri Jun 15 00:09:23 UTC 2018
------------------ testing $PTII/ptolemy/domains/de/test/auto/PersistentIO.xml
auto.tcl: Setting watchdog for 200 seconds at Fri Jun 15 00:09:23 UTC 2018
5 ms. Memory: 287232K Free: 267143K (93%)
ptolemy.util.test.WatchDog.cancel(): canceling Fri Jun 15 00:09:23 UTC 2018
auto.tcl: Setting watchdog for 200 seconds at Fri Jun 15 00:09:23 UTC 2018
3 ms. Memory: 287232K Free: 267143K (93%)
ptolemy.util.test.WatchDog.cancel(): canceling Fri Jun 15 00:09:23 UTC 2018
------------------ testing $PTII/ptolemy/domains/de/test/auto/PortParameterResetOnInitialize.xml
auto.tcl: Setting watchdog for 200 seconds at Fri Jun 15 00:09:23 UTC 2018
2 ms. Memory: 289280K Free: 274838K (95%)
ptolemy.util.test.WatchDog.cancel(): canceling Fri Jun 15 00:09:23 UTC 2018
auto.tcl: Setting watchdog for 200 seconds at Fri Jun 15 00:09:23 UTC 2018
2 ms. Memory: 289280K Free: 274838K (95%)
ptolemy.util.test.WatchDog.cancel(): canceling Fri Jun 15 00:09:23 UTC 2018
------------------ testing $PTII/ptolemy/domains/de/test/auto/PortParameterUpdates.xml
auto.tcl: Setting watchdog for 200 seconds at Fri Jun 15 00:09:23 UTC 2018
4 ms. Memory: 287232K Free: 272822K (95%)
ptolemy.util.test.WatchDog.cancel(): canceling Fri Jun 15 00:09:23 UTC 2018
auto.tcl: Setting watchdog for 200 seconds at Fri Jun 15 00:09:23 UTC 2018
3 ms. Memory: 287232K Free: 269937K (94%)
ptolemy.util.test.WatchDog.cancel(): canceling Fri Jun 15 00:09:23 UTC 2018
------------------ testing $PTII/ptolemy/domains/de/test/auto/QueueAndServer.xml
auto.tcl: Setting watchdog for 200 seconds at Fri Jun 15 00:09:23 UTC 2018
10 ms. Memory: 289280K Free: 274092K (95%)
ptolemy.util.test.WatchDog.cancel(): canceling Fri Jun 15 00:09:23 UTC 2018
auto.tcl: Setting watchdog for 200 seconds at Fri Jun 15 00:09:23 UTC 2018
6 ms. Memory: 289280K Free: 274092K (95%)
ptolemy.util.test.WatchDog.cancel(): canceling Fri Jun 15 00:09:23 UTC 2018
------------------ testing $PTII/ptolemy/domains/de/test/auto/Records.xml
auto.tcl: Setting watchdog for 200 seconds at Fri Jun 15 00:09:23 UTC 2018
9 ms. Memory: 287232K Free: 274795K (96%)
ptolemy.util.test.WatchDog.cancel(): canceling Fri Jun 15 00:09:23 UTC 2018
auto.tcl: Setting watchdog for 200 seconds at Fri Jun 15 00:09:23 UTC 2018
2 ms. Memory: 287232K Free: 274795K (96%)
ptolemy.util.test.WatchDog.cancel(): canceling Fri Jun 15 00:09:23 UTC 2018
------------------ testing $PTII/ptolemy/domains/de/test/auto/ResetTransitionWithStartTime1.xml
auto.tcl: Setting watchdog for 200 seconds at Fri Jun 15 00:09:23 UTC 2018
7 ms. Memory: 288768K Free: 273456K (95%)
ptolemy.util.test.WatchDog.cancel(): canceling Fri Jun 15 00:09:23 UTC 2018
auto.tcl: Setting watchdog for 200 seconds at Fri Jun 15 00:09:23 UTC 2018
5 ms. Memory: 288768K Free: 270555K (94%)
ptolemy.util.test.WatchDog.cancel(): canceling Fri Jun 15 00:09:23 UTC 2018
------------------ testing $PTII/ptolemy/domains/de/test/auto/ResetTransitionWithStartTime2.xml
auto.tcl: Setting watchdog for 200 seconds at Fri Jun 15 00:09:23 UTC 2018
5 ms. Memory: 287232K Free: 272012K (95%)
ptolemy.util.test.WatchDog.cancel(): canceling Fri Jun 15 00:09:24 UTC 2018
auto.tcl: Setting watchdog for 200 seconds at Fri Jun 15 00:09:24 UTC 2018
6 ms. Memory: 287232K Free: 269111K (94%)
ptolemy.util.test.WatchDog.cancel(): canceling Fri Jun 15 00:09:24 UTC 2018
------------------ testing $PTII/ptolemy/domains/de/test/auto/ResetTransitionWithStartTime3.xml
auto.tcl: Setting watchdog for 200 seconds at Fri Jun 15 00:09:24 UTC 2018
5 ms. Memory: 288768K Free: 273446K (95%)
ptolemy.util.test.WatchDog.cancel(): canceling Fri Jun 15 00:09:24 UTC 2018
auto.tcl: Setting watchdog for 200 seconds at Fri Jun 15 00:09:24 UTC 2018
5 ms. Memory: 288768K Free: 270545K (94%)
ptolemy.util.test.WatchDog.cancel(): canceling Fri Jun 15 00:09:24 UTC 2018
------------------ testing $PTII/ptolemy/domains/de/test/auto/ResetTransitionWithStartTime4.xml
auto.tcl: Setting watchdog for 200 seconds at Fri Jun 15 00:09:24 UTC 2018
4 ms. Memory: 287232K Free: 271916K (95%)
ptolemy.util.test.WatchDog.cancel(): canceling Fri Jun 15 00:09:24 UTC 2018
auto.tcl: Setting watchdog for 200 seconds at Fri Jun 15 00:09:24 UTC 2018
3 ms. Memory: 287232K Free: 271916K (95%)
ptolemy.util.test.WatchDog.cancel(): canceling Fri Jun 15 00:09:24 UTC 2018
------------------ testing $PTII/ptolemy/domains/de/test/auto/ResettableTimer1.xml
auto.tcl: Setting watchdog for 200 seconds at Fri Jun 15 00:09:24 UTC 2018
3 ms. Memory: 288768K Free: 276332K (96%)
ptolemy.util.test.WatchDog.cancel(): canceling Fri Jun 15 00:09:24 UTC 2018
auto.tcl: Setting watchdog for 200 seconds at Fri Jun 15 00:09:24 UTC 2018
2 ms. Memory: 288768K Free: 276332K (96%)
ptolemy.util.test.WatchDog.cancel(): canceling Fri Jun 15 00:09:24 UTC 2018
------------------ testing $PTII/ptolemy/domains/de/test/auto/ResettableTimer2.xml
auto.tcl: Setting watchdog for 200 seconds at Fri Jun 15 00:09:24 UTC 2018
3 ms. Memory: 287232K Free: 274955K (96%)
ptolemy.util.test.WatchDog.cancel(): canceling Fri Jun 15 00:09:24 UTC 2018
auto.tcl: Setting watchdog for 200 seconds at Fri Jun 15 00:09:24 UTC 2018
2 ms. Memory: 287232K Free: 274955K (96%)
ptolemy.util.test.WatchDog.cancel(): canceling Fri Jun 15 00:09:24 UTC 2018
------------------ testing $PTII/ptolemy/domains/de/test/auto/ResettableTimer3.xml
auto.tcl: Setting watchdog for 200 seconds at Fri Jun 15 00:09:24 UTC 2018
1 ms. Memory: 288256K Free: 275893K (96%)
ptolemy.util.test.WatchDog.cancel(): canceling Fri Jun 15 00:09:24 UTC 2018
auto.tcl: Setting watchdog for 200 seconds at Fri Jun 15 00:09:24 UTC 2018
1 ms. Memory: 288256K Free: 275893K (96%)
ptolemy.util.test.WatchDog.cancel(): canceling Fri Jun 15 00:09:24 UTC 2018
------------------ testing $PTII/ptolemy/domains/de/test/auto/ResettableTimer4.xml
auto.tcl: Setting watchdog for 200 seconds at Fri Jun 15 00:09:24 UTC 2018
1 ms. Memory: 287232K Free: 274976K (96%)
ptolemy.util.test.WatchDog.cancel(): canceling Fri Jun 15 00:09:24 UTC 2018
auto.tcl: Setting watchdog for 200 seconds at Fri Jun 15 00:09:24 UTC 2018
1 ms. Memory: 287232K Free: 274976K (96%)
ptolemy.util.test.WatchDog.cancel(): canceling Fri Jun 15 00:09:24 UTC 2018
------------------ testing $PTII/ptolemy/domains/de/test/auto/ResettableTimer5.xml
auto.tcl: Setting watchdog for 200 seconds at Fri Jun 15 00:09:24 UTC 2018
1 ms. Memory: 288256K Free: 273932K (95%)
ptolemy.util.test.WatchDog.cancel(): canceling Fri Jun 15 00:09:24 UTC 2018
auto.tcl: Setting watchdog for 200 seconds at Fri Jun 15 00:09:24 UTC 2018
1 ms. Memory: 288256K Free: 273932K (95%)
ptolemy.util.test.WatchDog.cancel(): canceling Fri Jun 15 00:09:24 UTC 2018
------------------ testing $PTII/ptolemy/domains/de/test/auto/ResettableTimer6.xml
auto.tcl: Setting watchdog for 200 seconds at Fri Jun 15 00:09:24 UTC 2018
1 ms. Memory: 287232K Free: 272771K (95%)
ptolemy.util.test.WatchDog.cancel(): canceling Fri Jun 15 00:09:24 UTC 2018
auto.tcl: Setting watchdog for 200 seconds at Fri Jun 15 00:09:24 UTC 2018
1 ms. Memory: 287232K Free: 272771K (95%)
ptolemy.util.test.WatchDog.cancel(): canceling Fri Jun 15 00:09:24 UTC 2018
------------------ testing $PTII/ptolemy/domains/de/test/auto/ServerZeroDelay.xml
auto.tcl: Setting watchdog for 200 seconds at Fri Jun 15 00:09:24 UTC 2018
4 ms. Memory: 288256K Free: 275929K (96%)
ptolemy.util.test.WatchDog.cancel(): canceling Fri Jun 15 00:09:24 UTC 2018
auto.tcl: Setting watchdog for 200 seconds at Fri Jun 15 00:09:24 UTC 2018
2 ms. Memory: 288256K Free: 275929K (96%)
ptolemy.util.test.WatchDog.cancel(): canceling Fri Jun 15 00:09:24 UTC 2018
------------------ testing $PTII/ptolemy/domains/de/test/auto/SmartSender.xml
auto.tcl: Setting watchdog for 200 seconds at Fri Jun 15 00:09:24 UTC 2018
3001 ms. Memory: 287232K Free: 272843K (95%)
ptolemy.util.test.WatchDog.cancel(): canceling Fri Jun 15 00:09:27 UTC 2018
auto.tcl: Setting watchdog for 200 seconds at Fri Jun 15 00:09:27 UTC 2018
3001 ms. Memory: 287232K Free: 272843K (95%)
ptolemy.util.test.WatchDog.cancel(): canceling Fri Jun 15 00:09:30 UTC 2018
------------------ testing $PTII/ptolemy/domains/de/test/auto/ThreadedComposite.xml
auto.tcl: Setting watchdog for 200 seconds at Fri Jun 15 00:09:30 UTC 2018
160 ms. Memory: 288256K Free: 252775K (88%)
ptolemy.util.test.WatchDog.cancel(): canceling Fri Jun 15 00:09:30 UTC 2018
auto.tcl: Setting watchdog for 200 seconds at Fri Jun 15 00:09:30 UTC 2018
114 ms. Memory: 288256K Free: 234656K (81%)
ptolemy.util.test.WatchDog.cancel(): canceling Fri Jun 15 00:09:30 UTC 2018
------------------ testing $PTII/ptolemy/domains/de/test/auto/Time.xml
auto.tcl: Setting watchdog for 200 seconds at Fri Jun 15 00:09:31 UTC 2018
498 ms. Memory: 287232K Free: 218950K (76%)
ptolemy.util.test.WatchDog.cancel(): canceling Fri Jun 15 00:09:31 UTC 2018
auto.tcl: Setting watchdog for 200 seconds at Fri Jun 15 00:09:31 UTC 2018
494 ms. Memory: 287232K Free: 164142K (57%)
ptolemy.util.test.WatchDog.cancel(): canceling Fri Jun 15 00:09:32 UTC 2018
------------------ testing $PTII/ptolemy/domains/de/test/auto/TimeDelayZeroDelay.xml
auto.tcl: Setting watchdog for 200 seconds at Fri Jun 15 00:09:32 UTC 2018
4 ms. Memory: 287744K Free: 275882K (96%)
ptolemy.util.test.WatchDog.cancel(): canceling Fri Jun 15 00:09:32 UTC 2018
auto.tcl: Setting watchdog for 200 seconds at Fri Jun 15 00:09:32 UTC 2018
2 ms. Memory: 287744K Free: 275882K (96%)
ptolemy.util.test.WatchDog.cancel(): canceling Fri Jun 15 00:09:32 UTC 2018
------------------ testing $PTII/ptolemy/domains/de/test/auto/TimerZeroDelay.xml
auto.tcl: Setting watchdog for 200 seconds at Fri Jun 15 00:09:32 UTC 2018
4 ms. Memory: 287232K Free: 275479K (96%)
ptolemy.util.test.WatchDog.cancel(): canceling Fri Jun 15 00:09:32 UTC 2018
auto.tcl: Setting watchdog for 200 seconds at Fri Jun 15 00:09:32 UTC 2018
1 ms. Memory: 287232K Free: 275479K (96%)
ptolemy.util.test.WatchDog.cancel(): canceling Fri Jun 15 00:09:32 UTC 2018
------------------ testing $PTII/ptolemy/domains/de/test/auto/TimingParadox.xml
auto.tcl: Setting watchdog for 200 seconds at Fri Jun 15 00:09:32 UTC 2018
375 ms. Memory: 287744K Free: 209932K (73%)
ptolemy.util.test.WatchDog.cancel(): canceling Fri Jun 15 00:09:32 UTC 2018
auto.tcl: Setting watchdog for 200 seconds at Fri Jun 15 00:09:32 UTC 2018
332 ms. Memory: 287744K Free: 173845K (60%)
ptolemy.util.test.WatchDog.cancel(): canceling Fri Jun 15 00:09:33 UTC 2018
------------------ testing $PTII/ptolemy/domains/de/test/auto/TransferInputs.xml
auto.tcl: Setting watchdog for 200 seconds at Fri Jun 15 00:09:33 UTC 2018
2 ms. Memory: 287744K Free: 274882K (96%)
ptolemy.util.test.WatchDog.cancel(): canceling Fri Jun 15 00:09:33 UTC 2018
auto.tcl: Setting watchdog for 200 seconds at Fri Jun 15 00:09:33 UTC 2018
2 ms. Memory: 287744K Free: 274882K (96%)
ptolemy.util.test.WatchDog.cancel(): canceling Fri Jun 15 00:09:33 UTC 2018
------------------ testing $PTII/ptolemy/domains/de/test/auto/TransferOutputs2.xml
auto.tcl: Setting watchdog for 200 seconds at Fri Jun 15 00:09:33 UTC 2018
3 ms. Memory: 287232K Free: 270806K (94%)
ptolemy.util.test.WatchDog.cancel(): canceling Fri Jun 15 00:09:33 UTC 2018
auto.tcl: Setting watchdog for 200 seconds at Fri Jun 15 00:09:33 UTC 2018
3 ms. Memory: 287232K Free: 268198K (93%)
ptolemy.util.test.WatchDog.cancel(): canceling Fri Jun 15 00:09:33 UTC 2018
------------------ testing $PTII/ptolemy/domains/de/test/auto/Trilateration.xml
auto.tcl: Setting watchdog for 200 seconds at Fri Jun 15 00:09:33 UTC 2018
12039 ms. Memory: 473088K Free: 281563K (60%)
ptolemy.util.test.WatchDog.cancel(): canceling Fri Jun 15 00:09:46 UTC 2018
auto.tcl: Setting watchdog for 200 seconds at Fri Jun 15 00:09:46 UTC 2018
10286 ms. Memory: 352256K Free: 229273K (65%)
ptolemy.util.test.WatchDog.cancel(): canceling Fri Jun 15 00:09:56 UTC 2018
------------------ testing $PTII/ptolemy/domains/de/test/auto/TwoSigmaDelta.xml
auto.tcl: Setting watchdog for 200 seconds at Fri Jun 15 00:09:56 UTC 2018
2511 ms. Memory: 339968K Free: 303305K (89%)
ptolemy.util.test.WatchDog.cancel(): canceling Fri Jun 15 00:09:59 UTC 2018
auto.tcl: Setting watchdog for 200 seconds at Fri Jun 15 00:09:59 UTC 2018
2089 ms. Memory: 339968K Free: 71491K (21%)
ptolemy.util.test.WatchDog.cancel(): canceling Fri Jun 15 00:10:01 UTC 2018
------------------ testing $PTII/ptolemy/domains/de/test/auto/VariableDelay.xml
auto.tcl: Setting watchdog for 200 seconds at Fri Jun 15 00:10:01 UTC 2018
2 ms. Memory: 337408K Free: 325938K (97%)
ptolemy.util.test.WatchDog.cancel(): canceling Fri Jun 15 00:10:01 UTC 2018
auto.tcl: Setting watchdog for 200 seconds at Fri Jun 15 00:10:01 UTC 2018
2 ms. Memory: 337408K Free: 322077K (95%)
ptolemy.util.test.WatchDog.cancel(): canceling Fri Jun 15 00:10:01 UTC 2018
------------------ testing $PTII/ptolemy/domains/de/test/auto/VariableDelay2.xml
auto.tcl: Setting watchdog for 200 seconds at Fri Jun 15 00:10:01 UTC 2018
5 ms. Memory: 339456K Free: 328397K (97%)
ptolemy.util.test.WatchDog.cancel(): canceling Fri Jun 15 00:10:01 UTC 2018
auto.tcl: Setting watchdog for 200 seconds at Fri Jun 15 00:10:01 UTC 2018
2 ms. Memory: 339456K Free: 324536K (96%)
ptolemy.util.test.WatchDog.cancel(): canceling Fri Jun 15 00:10:01 UTC 2018
------------------ testing $PTII/ptolemy/domains/de/test/auto/VariableDelayZeroDelay.xml
auto.tcl: Setting watchdog for 200 seconds at Fri Jun 15 00:10:01 UTC 2018
2 ms. Memory: 337408K Free: 323788K (96%)
ptolemy.util.test.WatchDog.cancel(): canceling Fri Jun 15 00:10:01 UTC 2018
auto.tcl: Setting watchdog for 200 seconds at Fri Jun 15 00:10:01 UTC 2018
2 ms. Memory: 337408K Free: 319942K (95%)
ptolemy.util.test.WatchDog.cancel(): canceling Fri Jun 15 00:10:01 UTC 2018
------------------ testing $PTII/ptolemy/domains/de/test/auto/VariableDelayZeroDelay2.xml
auto.tcl: Setting watchdog for 200 seconds at Fri Jun 15 00:10:01 UTC 2018
2 ms. Memory: 339456K Free: 325834K (96%)
ptolemy.util.test.WatchDog.cancel(): canceling Fri Jun 15 00:10:01 UTC 2018
auto.tcl: Setting watchdog for 200 seconds at Fri Jun 15 00:10:01 UTC 2018
4 ms. Memory: 339456K Free: 321980K (95%)
ptolemy.util.test.WatchDog.cancel(): canceling Fri Jun 15 00:10:01 UTC 2018
------------------ testing $PTII/ptolemy/domains/de/test/auto/deInCt.xml
auto.tcl: Setting watchdog for 200 seconds at Fri Jun 15 00:10:01 UTC 2018
0
1
1
1
1
1
1
0
0
0
1
1
1
0
0
1
1
1
0
0
0
1
1
1
1
0
0
0
1
1
1
0
0
0
1
1
1
0
0
0
0
11 ms. Memory: 337408K Free: 319918K (95%)
ptolemy.util.test.WatchDog.cancel(): canceling Fri Jun 15 00:10:01 UTC 2018
auto.tcl: Setting watchdog for 200 seconds at Fri Jun 15 00:10:01 UTC 2018
0
1
1
1
0
0
1
1
1
0
0
0
1
1
1
0
0
0
1
1
1
0
0
0
1
1
1
0
0
1
1
1
0
0
0
1
1
1
1
1
1
0
0
0
0
6 ms. Memory: 337408K Free: 319918K (95%)
ptolemy.util.test.WatchDog.cancel(): canceling Fri Jun 15 00:10:01 UTC 2018
------------------ testing $PTII/ptolemy/domains/de/test/auto/deInCt2.xml
auto.tcl: Setting watchdog for 200 seconds at Fri Jun 15 00:10:01 UTC 2018
0
1
1
1
0
0
1
1
1
0
0
1
1
1
0
0
1
1
1
0
0
1
1
1
0
0
1
1
1
0
0
1
1
1
0
0
1
1
1
0
0
0
11 ms. Memory: 338944K Free: 321454K (95%)
ptolemy.util.test.WatchDog.cancel(): canceling Fri Jun 15 00:10:01 UTC 2018
auto.tcl: Setting watchdog for 200 seconds at Fri Jun 15 00:10:01 UTC 2018
0
1
1
1
0
0
1
1
1
0
0
1
1
1
0
0
1
1
1
0
0
1
1
1
0
0
1
1
1
0
0
1
1
1
0
0
1
1
1
0
0
0
6 ms. Memory: 338944K Free: 321454K (95%)
ptolemy.util.test.WatchDog.cancel(): canceling Fri Jun 15 00:10:01 UTC 2018
------------------ testing $PTII/ptolemy/domains/de/test/auto/dynamicCausalityInterface1.xml
auto.tcl: Setting watchdog for 200 seconds at Fri Jun 15 00:10:01 UTC 2018
3 ms. Memory: 337408K Free: 318632K (94%)
ptolemy.util.test.WatchDog.cancel(): canceling Fri Jun 15 00:10:01 UTC 2018
auto.tcl: Setting watchdog for 200 seconds at Fri Jun 15 00:10:01 UTC 2018
1 ms. Memory: 337408K Free: 318632K (94%)
ptolemy.util.test.WatchDog.cancel(): canceling Fri Jun 15 00:10:01 UTC 2018
------------------ testing $PTII/ptolemy/domains/de/test/auto/fsm_de_test.xml
auto.tcl: Setting watchdog for 200 seconds at Fri Jun 15 00:10:01 UTC 2018
13 ms. Memory: 338944K Free: 317486K (94%)
ptolemy.util.test.WatchDog.cancel(): canceling Fri Jun 15 00:10:02 UTC 2018
auto.tcl: Setting watchdog for 200 seconds at Fri Jun 15 00:10:02 UTC 2018
6 ms. Memory: 338944K Free: 317486K (94%)
ptolemy.util.test.WatchDog.cancel(): canceling Fri Jun 15 00:10:02 UTC 2018
------------------ testing $PTII/ptolemy/domains/de/test/auto/functionDependencyReconstruction.xml
auto.tcl: Setting watchdog for 200 seconds at Fri Jun 15 00:10:02 UTC 2018
3 ms. Memory: 337408K Free: 312127K (93%)
ptolemy.util.test.WatchDog.cancel(): canceling Fri Jun 15 00:10:02 UTC 2018
auto.tcl: Setting watchdog for 200 seconds at Fri Jun 15 00:10:02 UTC 2018
2 ms. Memory: 337408K Free: 308282K (91%)
ptolemy.util.test.WatchDog.cancel(): canceling Fri Jun 15 00:10:02 UTC 2018
------------------ testing $PTII/ptolemy/domains/de/test/auto/multirate.xml
auto.tcl: Setting watchdog for 200 seconds at Fri Jun 15 00:10:02 UTC 2018
3 ms. Memory: 338432K Free: 323262K (96%)
ptolemy.util.test.WatchDog.cancel(): canceling Fri Jun 15 00:10:02 UTC 2018
auto.tcl: Setting watchdog for 200 seconds at Fri Jun 15 00:10:02 UTC 2018
4 ms. Memory: 338432K Free: 323258K (96%)
ptolemy.util.test.WatchDog.cancel(): canceling Fri Jun 15 00:10:02 UTC 2018
------------------ testing $PTII/ptolemy/domains/de/test/auto/multirate2.xml
auto.tcl: Setting watchdog for 200 seconds at Fri Jun 15 00:10:02 UTC 2018
6 ms. Memory: 337408K Free: 322442K (96%)
ptolemy.util.test.WatchDog.cancel(): canceling Fri Jun 15 00:10:02 UTC 2018
auto.tcl: Setting watchdog for 200 seconds at Fri Jun 15 00:10:02 UTC 2018
4 ms. Memory: 337408K Free: 322442K (96%)
ptolemy.util.test.WatchDog.cancel(): canceling Fri Jun 15 00:10:02 UTC 2018
------------------ testing $PTII/ptolemy/domains/de/test/auto/realtime.xml
auto.tcl: Setting watchdog for 200 seconds at Fri Jun 15 00:10:02 UTC 2018
10002 ms. Memory: 338432K Free: 315773K (93%)
ptolemy.util.test.WatchDog.cancel(): canceling Fri Jun 15 00:10:12 UTC 2018
auto.tcl: Setting watchdog for 200 seconds at Fri Jun 15 00:10:12 UTC 2018
10001 ms. Memory: 338432K Free: 315773K (93%)
ptolemy.util.test.WatchDog.cancel(): canceling Fri Jun 15 00:10:22 UTC 2018
------------------ testing $PTII/ptolemy/domains/de/test/auto/relationGroup.xml
auto.tcl: Setting watchdog for 200 seconds at Fri Jun 15 00:10:22 UTC 2018
8 ms. Memory: 337408K Free: 326311K (97%)
ptolemy.util.test.WatchDog.cancel(): canceling Fri Jun 15 00:10:22 UTC 2018
auto.tcl: Setting watchdog for 200 seconds at Fri Jun 15 00:10:22 UTC 2018
1 ms. Memory: 337408K Free: 326311K (97%)
ptolemy.util.test.WatchDog.cancel(): canceling Fri Jun 15 00:10:22 UTC 2018
------------------ testing $PTII/ptolemy/domains/de/test/auto/relationGroup2.xml
auto.tcl: Setting watchdog for 200 seconds at Fri Jun 15 00:10:22 UTC 2018
1 ms. Memory: 338432K Free: 327362K (97%)
ptolemy.util.test.WatchDog.cancel(): canceling Fri Jun 15 00:10:22 UTC 2018
auto.tcl: Setting watchdog for 200 seconds at Fri Jun 15 00:10:22 UTC 2018
1 ms. Memory: 338432K Free: 327362K (97%)
ptolemy.util.test.WatchDog.cancel(): canceling Fri Jun 15 00:10:22 UTC 2018
------------------ testing $PTII/ptolemy/domains/de/test/auto/sortWithOpaquePorts.xml
auto.tcl: Setting watchdog for 200 seconds at Fri Jun 15 00:10:22 UTC 2018
1 ms. Memory: 337408K Free: 323778K (96%)
ptolemy.util.test.WatchDog.cancel(): canceling Fri Jun 15 00:10:22 UTC 2018
auto.tcl: Setting watchdog for 200 seconds at Fri Jun 15 00:10:22 UTC 2018
1 ms. Memory: 337408K Free: 319925K (95%)
ptolemy.util.test.WatchDog.cancel(): canceling Fri Jun 15 00:10:22 UTC 2018
------------------ testing $PTII/ptolemy/domains/de/test/auto/transferInputsandOutputs.xml
auto.tcl: Setting watchdog for 200 seconds at Fri Jun 15 00:10:22 UTC 2018
5 ms. Memory: 337920K Free: 320416K (95%)
ptolemy.util.test.WatchDog.cancel(): canceling Fri Jun 15 00:10:22 UTC 2018
auto.tcl: Setting watchdog for 200 seconds at Fri Jun 15 00:10:22 UTC 2018
3 ms. Memory: 337920K Free: 320416K (95%)
ptolemy.util.test.WatchDog.cancel(): canceling Fri Jun 15 00:10:22 UTC 2018
------------------ testing $PTII/ptolemy/domains/de/test/auto/triggerType.xml
auto.tcl: Setting watchdog for 200 seconds at Fri Jun 15 00:10:22 UTC 2018
3 ms. Memory: 337408K Free: 323716K (96%)
ptolemy.util.test.WatchDog.cancel(): canceling Fri Jun 15 00:10:22 UTC 2018
auto.tcl: Setting watchdog for 200 seconds at Fri Jun 15 00:10:22 UTC 2018
1 ms. Memory: 337408K Free: 319854K (95%)
ptolemy.util.test.WatchDog.cancel(): canceling Fri Jun 15 00:10:22 UTC 2018
06/15/18 12:10:22
Failed: 0  Total Tests: 192  ((Passed: 187, Newly Passed: 1)  Known Failed: 5) /home/travis/build/icyphy/ptII/ptolemy/domains/de/test
06/15/18 12:10:22
Failed: 0  Total Tests: 192  ((Passed: 187, Newly Passed: 1)  Known Failed: 5) /home/travis/build/icyphy/ptII/ptolemy/domains/de/test
----------------- testing (KnownFailure) /home/travis/build/icyphy/ptII/ptolemy/domains/de/test/auto/knownFailedTests/DESDFClockTest.xml
2008 ms. Memory: 337920K Free: 314025K (93%)
Known Failure: java.lang.reflect.InvocationTargetException
----------------- testing (KnownFailure) /home/travis/build/icyphy/ptII/ptolemy/domains/de/test/auto/knownFailedTests/DirectFeedback.xml
1 ms. Memory: 337920K Free: 293545K (87%)
Known Failure: java.lang.reflect.InvocationTargetException
----------------- testing (KnownFailure) /home/travis/build/icyphy/ptII/ptolemy/domains/de/test/auto/knownFailedTests/FSMSource.xml
4 ms. Memory: 337920K Free: 267929K (79%)
----------------- testing (KnownFailure) /home/travis/build/icyphy/ptII/ptolemy/domains/de/test/auto/knownFailedTests/HierarchicalModel.xml
1 ms. Memory: 337920K Free: 242305K (72%)
Known Failure: java.lang.reflect.InvocationTargetException
----------------- testing (KnownFailure) /home/travis/build/icyphy/ptII/ptolemy/domains/de/test/auto/knownFailedTests/dependencyLoop.xml
2 ms. Memory: 337920K Free: 211568K (63%)
Known Failure: java.lang.reflect.InvocationTargetException
----------------- testing (KnownFailure) /home/travis/build/icyphy/ptII/ptolemy/domains/de/test/auto/knownFailedTests/dependencyLoop2.xml
2 ms. Memory: 337920K Free: 180832K (54%)
Known Failure: java.lang.reflect.InvocationTargetException
No auto/linux-amd64/*.xml tests in /home/travis/build/icyphy/ptII/ptolemy/domains/de/test
AutoTests.java: About to close Vertx.
AutoTests.java: Vertx closed.

===========================================================================================
----------------- testing Fri Jun 15 00:10:24 UTC 2018 /home/travis/build/icyphy/ptII/ptolemy/domains/de/test/auto/ActorDepthCalculation_actorWithoutPorts.xml
----------------- Instantiating /home/travis/build/icyphy/ptII/ptolemy/domains/de/test/auto/ActorDepthCalculation_actorWithoutPorts.xml
1 ms. Memory: 337920K Free: 155231K (46%)
----------------- Invoking toplevel() on ptolemy.moml.MoMLSimpleApplication@38f75ae9
----------------- Done invoking toplevel() on ptolemy.moml.MoMLSimpleApplication@38f75ae9
reloadAllAccessors: .ActorDepthCalculation_actorWithoutPorts

===========================================================================================
----------------- testing Fri Jun 15 00:10:24 UTC 2018 /home/travis/build/icyphy/ptII/ptolemy/domains/de/test/auto/AssemblyLine.xml
----------------- Instantiating /home/travis/build/icyphy/ptII/ptolemy/domains/de/test/auto/AssemblyLine.xml
1 ms. Memory: 337920K Free: 139871K (41%)
----------------- Invoking toplevel() on ptolemy.moml.MoMLSimpleApplication@6f19615e
----------------- Done invoking toplevel() on ptolemy.moml.MoMLSimpleApplication@6f19615e
reloadAllAccessors: .AssemblyLine

===========================================================================================
----------------- testing Fri Jun 15 00:10:25 UTC 2018 /home/travis/build/icyphy/ptII/ptolemy/domains/de/test/auto/CQBug1.xml
----------------- Instantiating /home/travis/build/icyphy/ptII/ptolemy/domains/de/test/auto/CQBug1.xml
1 ms. Memory: 337920K Free: 129631K (38%)
----------------- Invoking toplevel() on ptolemy.moml.MoMLSimpleApplication@72471611
----------------- Done invoking toplevel() on ptolemy.moml.MoMLSimpleApplication@72471611
reloadAllAccessors: .CQBug1

===========================================================================================
----------------- testing Fri Jun 15 00:10:25 UTC 2018 /home/travis/build/icyphy/ptII/ptolemy/domains/de/test/auto/CancelFireAt.xml
----------------- Instantiating /home/travis/build/icyphy/ptII/ptolemy/domains/de/test/auto/CancelFireAt.xml
2 ms. Memory: 337920K Free: 119391K (35%)
----------------- Invoking toplevel() on ptolemy.moml.MoMLSimpleApplication@18deed7a
----------------- Done invoking toplevel() on ptolemy.moml.MoMLSimpleApplication@18deed7a
reloadAllAccessors: .CancelFireAt

===========================================================================================
----------------- testing Fri Jun 15 00:10:25 UTC 2018 /home/travis/build/icyphy/ptII/ptolemy/domains/de/test/auto/CausalityAndComposabilityAnalysis.xml
----------------- Instantiating /home/travis/build/icyphy/ptII/ptolemy/domains/de/test/auto/CausalityAndComposabilityAnalysis.xml
1 ms. Memory: 337920K Free: 109151K (32%)
----------------- Invoking toplevel() on ptolemy.moml.MoMLSimpleApplication@7bf58bf
----------------- Done invoking toplevel() on ptolemy.moml.MoMLSimpleApplication@7bf58bf
reloadAllAccessors: .CausalityAndComposabilityAnalysis

===========================================================================================
----------------- testing Fri Jun 15 00:10:25 UTC 2018 /home/travis/build/icyphy/ptII/ptolemy/domains/de/test/auto/CausalityInterface1.xml
----------------- Instantiating /home/travis/build/icyphy/ptII/ptolemy/domains/de/test/auto/CausalityInterface1.xml
4 ms. Memory: 337920K Free: 98911K (29%)
----------------- Invoking toplevel() on ptolemy.moml.MoMLSimpleApplication@35974126
----------------- Done invoking toplevel() on ptolemy.moml.MoMLSimpleApplication@35974126
reloadAllAccessors: .CausalityInterface1

===========================================================================================
----------------- testing Fri Jun 15 00:10:25 UTC 2018 /home/travis/build/icyphy/ptII/ptolemy/domains/de/test/auto/CausalityInterface15.xml
----------------- Instantiating /home/travis/build/icyphy/ptII/ptolemy/domains/de/test/auto/CausalityInterface15.xml
2 ms. Memory: 337920K Free: 84825K (25%)
----------------- Invoking toplevel() on ptolemy.moml.MoMLSimpleApplication@3e0e134f
----------------- Done invoking toplevel() on ptolemy.moml.MoMLSimpleApplication@3e0e134f
reloadAllAccessors: .CausalityInterface15

[...]
java.lang.RuntimeException: Execution failed
	at ptolemy.moml.MoMLSimpleApplication$UnloadThread.run(MoMLSimpleApplication.java:402)
Caused by: ptolemy.kernel.util.IllegalActionException: Test fails in iteration 1.
Value was: 1.0. Should have been: 2.0
  in .DirectFeedback.Test
	at ptolemy.actor.lib.Test.fire(Test.java:268)
	at ptolemy.domains.de.kernel.DEDirector._fire(DEDirector.java:1949)
	at ptolemy.domains.de.kernel.DEDirector.fire(DEDirector.java:502)
	at ptolemy.actor.CompositeActor.fire(CompositeActor.java:455)
	at ptolemy.actor.Manager.iterate(Manager.java:851)
	at ptolemy.actor.Manager.execute(Manager.java:369)
	at ptolemy.actor.Manager.run(Manager.java:1263)
	at ptolemy.actor.Manager$PtolemyRunThread.run(Manager.java:1915)
java.lang.RuntimeException: Execution failed
	at ptolemy.moml.MoMLSimpleApplication$UnloadThread.run(MoMLSimpleApplication.java:402)
Caused by: ptolemy.kernel.util.IllegalActionException: Actor is not ready to fire.  Perhaps UpSample.prefire() returned false? Try debugging the actor by selecting "Listen to Actor".  Also, for SDF check moml for tokenConsumptionRate on input.
  in .DESDFClockTest.Play Bell.Copy1:SDF Director and .DESDFClockTest.Play Bell.UpSample
	at ptolemy.actor.sched.StaticSchedulingDirector.fire(StaticSchedulingDirector.java:227)
	at ptolemy.domains.sdf.kernel.SDFDirector.fire(SDFDirector.java:500)
	at ptolemy.actor.CompositeActor.fire(CompositeActor.java:455)
	at ptolemy.domains.de.kernel.DEDirector._fire(DEDirector.java:1949)
	at ptolemy.domains.de.kernel.DEDirector.fire(DEDirector.java:502)
	at ptolemy.actor.CompositeActor.fire(CompositeActor.java:455)
	at ptolemy.actor.Manager.iterate(Manager.java:851)
	at ptolemy.actor.Manager.execute(Manager.java:369)
	at ptolemy.actor.Manager.run(Manager.java:1263)
	at ptolemy.actor.Manager$PtolemyRunThread.run(Manager.java:1915)
java.lang.reflect.InvocationTargetException
	at sun.reflect.NativeConstructorAccessorImpl.newInstance0(Native Method)
	at sun.reflect.NativeConstructorAccessorImpl.newInstance(NativeConstructorAccessorImpl.java:62)
	at sun.reflect.DelegatingConstructorAccessorImpl.newInstance(DelegatingConstructorAccessorImpl.java:45)
	at java.lang.reflect.Constructor.newInstance(Constructor.java:423)
	at ptolemy.util.test.junit.AutoKnownFailedTests.RunModel(AutoKnownFailedTests.java:107)
	at sun.reflect.NativeMethodAccessorImpl.invoke0(Native Method)
	at sun.reflect.NativeMethodAccessorImpl.invoke(NativeMethodAccessorImpl.java:62)
	at sun.reflect.DelegatingMethodAccessorImpl.invoke(DelegatingMethodAccessorImpl.java:43)
	at java.lang.reflect.Method.invoke(Method.java:498)
	at org.junit.runners.model.FrameworkMethod$1.runReflectiveCall(FrameworkMethod.java:44)
	at org.junit.internal.runners.model.ReflectiveCallable.run(ReflectiveCallable.java:15)
	at org.junit.runners.model.FrameworkMethod.invokeExplosively(FrameworkMethod.java:41)
	at junitparams.internal.InvokeParameterisedMethod.evaluate(InvokeParameterisedMethod.java:102)
	at org.junit.internal.runners.statements.FailOnTimeout$1.run(FailOnTimeout.java:28)
Caused by: ptolemy.kernel.util.IllegalActionException: Actor is not ready to fire.  Perhaps UpSample.prefire() returned false? Try debugging the actor by selecting "Listen to Actor".  Also, for SDF check moml for tokenConsumptionRate on input.
  in .DESDFClockTest.Play Bell.Copy1:SDF Director and .DESDFClockTest.Play Bell.UpSample
	at ptolemy.actor.sched.StaticSchedulingDirector.fire(StaticSchedulingDirector.java:227)
	at ptolemy.domains.sdf.kernel.SDFDirector.fire(SDFDirector.java:500)
	at ptolemy.actor.CompositeActor.fire(CompositeActor.java:455)
	at ptolemy.domains.de.kernel.DEDirector._fire(DEDirector.java:1949)
	at ptolemy.domains.de.kernel.DEDirector.fire(DEDirector.java:502)
	at ptolemy.actor.CompositeActor.fire(CompositeActor.java:455)
	at ptolemy.actor.Manager.iterate(Manager.java:851)
	at ptolemy.actor.Manager.execute(Manager.java:369)
	at ptolemy.actor.Manager.run(Manager.java:1263)
	at ptolemy.actor.Manager$PtolemyRunThread.run(Manager.java:1915)
java.lang.RuntimeException: Execution failed
	at ptolemy.moml.MoMLSimpleApplication$UnloadThread.run(MoMLSimpleApplication.java:402)
Caused by: ptolemy.kernel.util.IllegalActionException: Test fails in iteration 1.
Value was: 1.0. Should have been: 2.0
  in .DirectFeedback.Test
	at ptolemy.actor.lib.Test.fire(Test.java:268)
	at ptolemy.domains.de.kernel.DEDirector._fire(DEDirector.java:1949)
	at ptolemy.domains.de.kernel.DEDirector.fire(DEDirector.java:502)
	at ptolemy.actor.CompositeActor.fire(CompositeActor.java:455)
	at ptolemy.actor.Manager.iterate(Manager.java:851)
	at ptolemy.actor.Manager.execute(Manager.java:369)
	at ptolemy.actor.Manager.run(Manager.java:1263)
	at ptolemy.actor.Manager$PtolemyRunThread.run(Manager.java:1915)
java.lang.reflect.InvocationTargetException
	at sun.reflect.NativeConstructorAccessorImpl.newInstance0(Native Method)
	at sun.reflect.NativeConstructorAccessorImpl.newInstance(NativeConstructorAccessorImpl.java:62)
	at sun.reflect.DelegatingConstructorAccessorImpl.newInstance(DelegatingConstructorAccessorImpl.java:45)
	at java.lang.reflect.Constructor.newInstance(Constructor.java:423)
	at ptolemy.util.test.junit.AutoKnownFailedTests.RunModel(AutoKnownFailedTests.java:107)
	at sun.reflect.NativeMethodAccessorImpl.invoke0(Native Method)
	at sun.reflect.NativeMethodAccessorImpl.invoke(NativeMethodAccessorImpl.java:62)
	at sun.reflect.DelegatingMethodAccessorImpl.invoke(DelegatingMethodAccessorImpl.java:43)
	at java.lang.reflect.Method.invoke(Method.java:498)
	at org.junit.runners.model.FrameworkMethod$1.runReflectiveCall(FrameworkMethod.java:44)
	at org.junit.internal.runners.model.ReflectiveCallable.run(ReflectiveCallable.java:15)
	at org.junit.runners.model.FrameworkMethod.invokeExplosively(FrameworkMethod.java:41)
	at junitparams.internal.InvokeParameterisedMethod.evaluate(InvokeParameterisedMethod.java:102)
	at org.junit.internal.runners.statements.FailOnTimeout$1.run(FailOnTimeout.java:28)
Caused by: ptolemy.kernel.util.IllegalActionException: Test fails in iteration 1.
Value was: 1.0. Should have been: 2.0
  in .DirectFeedback.Test
	at ptolemy.actor.lib.Test.fire(Test.java:268)
	at ptolemy.domains.de.kernel.DEDirector._fire(DEDirector.java:1949)
	at ptolemy.domains.de.kernel.DEDirector.fire(DEDirector.java:502)
	at ptolemy.actor.CompositeActor.fire(CompositeActor.java:455)
	at ptolemy.actor.Manager.iterate(Manager.java:851)
	at ptolemy.actor.Manager.execute(Manager.java:369)
	at ptolemy.actor.Manager.run(Manager.java:1263)
	at ptolemy.actor.Manager$PtolemyRunThread.run(Manager.java:1915)
java.lang.RuntimeException: Execution failed
	at ptolemy.moml.MoMLSimpleApplication$UnloadThread.run(MoMLSimpleApplication.java:402)
Caused by: ptolemy.kernel.util.IllegalActionException: Found a zero delay loop containing .HierarchicalModel.A
  in .HierarchicalModel and .HierarchicalModel.A
	at ptolemy.actor.util.CausalityInterfaceForComposites._computeOutputPortDepth(CausalityInterfaceForComposites.java:759)
	at ptolemy.actor.util.CausalityInterfaceForComposites._computeInputDepth(CausalityInterfaceForComposites.java:696)
	at ptolemy.actor.util.CausalityInterfaceForComposites._computeOutputPortDepth(CausalityInterfaceForComposites.java:765)
	at ptolemy.actor.util.CausalityInterfaceForComposites._computeInputDepth(CausalityInterfaceForComposites.java:696)
	at ptolemy.actor.util.CausalityInterfaceForComposites._computeOutputPortDepth(CausalityInterfaceForComposites.java:765)
	at ptolemy.actor.util.CausalityInterfaceForComposites._computeInputDepth(CausalityInterfaceForComposites.java:696)
	at ptolemy.actor.util.CausalityInterfaceForComposites._computeActorDepth(CausalityInterfaceForComposites.java:532)
	at ptolemy.actor.util.CausalityInterfaceForComposites.checkForCycles(CausalityInterfaceForComposites.java:96)
	at ptolemy.domains.de.kernel.DEDirector.preinitialize(DEDirector.java:1338)
	at ptolemy.actor.CompositeActor.preinitialize(CompositeActor.java:1828)
	at ptolemy.actor.Manager.preinitializeAndResolveTypes(Manager.java:1040)
	at ptolemy.actor.Manager.initialize(Manager.java:710)
	at ptolemy.actor.Manager.execute(Manager.java:356)
	at ptolemy.actor.Manager.run(Manager.java:1263)
	at ptolemy.actor.Manager$PtolemyRunThread.run(Manager.java:1915)
java.lang.reflect.InvocationTargetException
	at sun.reflect.NativeConstructorAccessorImpl.newInstance0(Native Method)
	at sun.reflect.NativeConstructorAccessorImpl.newInstance(NativeConstructorAccessorImpl.java:62)
	at sun.reflect.DelegatingConstructorAccessorImpl.newInstance(DelegatingConstructorAccessorImpl.java:45)
	at java.lang.reflect.Constructor.newInstance(Constructor.java:423)
	at ptolemy.util.test.junit.AutoKnownFailedTests.RunModel(AutoKnownFailedTests.java:107)
	at sun.reflect.NativeMethodAccessorImpl.invoke0(Native Method)
	at sun.reflect.NativeMethodAccessorImpl.invoke(NativeMethodAccessorImpl.java:62)
	at sun.reflect.DelegatingMethodAccessorImpl.invoke(DelegatingMethodAccessorImpl.java:43)
	at java.lang.reflect.Method.invoke(Method.java:498)
	at org.junit.runners.model.FrameworkMethod$1.runReflectiveCall(FrameworkMethod.java:44)
	at org.junit.internal.runners.model.ReflectiveCallable.run(ReflectiveCallable.java:15)
	at org.junit.runners.model.FrameworkMethod.invokeExplosively(FrameworkMethod.java:41)
	at junitparams.internal.InvokeParameterisedMethod.evaluate(InvokeParameterisedMethod.java:102)
	at org.junit.internal.runners.statements.FailOnTimeout$1.run(FailOnTimeout.java:28)
Caused by: ptolemy.kernel.util.IllegalActionException: Found a zero delay loop containing .HierarchicalModel.A
  in .HierarchicalModel and .HierarchicalModel.A
	at ptolemy.actor.util.CausalityInterfaceForComposites._computeOutputPortDepth(CausalityInterfaceForComposites.java:759)
	at ptolemy.actor.util.CausalityInterfaceForComposites._computeInputDepth(CausalityInterfaceForComposites.java:696)
	at ptolemy.actor.util.CausalityInterfaceForComposites._computeOutputPortDepth(CausalityInterfaceForComposites.java:765)
	at ptolemy.actor.util.CausalityInterfaceForComposites._computeInputDepth(CausalityInterfaceForComposites.java:696)
	at ptolemy.actor.util.CausalityInterfaceForComposites._computeOutputPortDepth(CausalityInterfaceForComposites.java:765)
	at ptolemy.actor.util.CausalityInterfaceForComposites._computeInputDepth(CausalityInterfaceForComposites.java:696)
	at ptolemy.actor.util.CausalityInterfaceForComposites._computeActorDepth(CausalityInterfaceForComposites.java:532)
	at ptolemy.actor.util.CausalityInterfaceForComposites.checkForCycles(CausalityInterfaceForComposites.java:96)
	at ptolemy.domains.de.kernel.DEDirector.preinitialize(DEDirector.java:1338)
	at ptolemy.actor.CompositeActor.preinitialize(CompositeActor.java:1828)
	at ptolemy.actor.Manager.preinitializeAndResolveTypes(Manager.java:1040)
	at ptolemy.actor.Manager.initialize(Manager.java:710)
	at ptolemy.actor.Manager.execute(Manager.java:356)
	at ptolemy.actor.Manager.run(Manager.java:1263)
	at ptolemy.actor.Manager$PtolemyRunThread.run(Manager.java:1915)
java.lang.RuntimeException: Execution failed
	at ptolemy.moml.MoMLSimpleApplication$UnloadThread.run(MoMLSimpleApplication.java:402)
Caused by: ptolemy.kernel.util.IllegalActionException: Found a zero delay loop containing .dependencyLoop.original
  in .dependencyLoop and .dependencyLoop.original
	at ptolemy.actor.util.CausalityInterfaceForComposites._computeOutputPortDepth(CausalityInterfaceForComposites.java:759)
	at ptolemy.actor.util.CausalityInterfaceForComposites._computeInputDepth(CausalityInterfaceForComposites.java:696)
	at ptolemy.actor.util.CausalityInterfaceForComposites._computeOutputPortDepth(CausalityInterfaceForComposites.java:765)
	at ptolemy.actor.util.CausalityInterfaceForComposites._computeInputDepth(CausalityInterfaceForComposites.java:696)
	at ptolemy.actor.util.CausalityInterfaceForComposites._computeOutputPortDepth(CausalityInterfaceForComposites.java:765)
	at ptolemy.actor.util.CausalityInterfaceForComposites._computeInputDepth(CausalityInterfaceForComposites.java:696)
	at ptolemy.actor.util.CausalityInterfaceForComposites._computeActorDepth(CausalityInterfaceForComposites.java:532)
	at ptolemy.actor.util.CausalityInterfaceForComposites.checkForCycles(CausalityInterfaceForComposites.java:96)
	at ptolemy.domains.de.kernel.DEDirector.preinitialize(DEDirector.java:1338)
	at ptolemy.actor.CompositeActor.preinitialize(CompositeActor.java:1828)
	at ptolemy.actor.Manager.preinitializeAndResolveTypes(Manager.java:1040)
	at ptolemy.actor.Manager.initialize(Manager.java:710)
	at ptolemy.actor.Manager.execute(Manager.java:356)
	at ptolemy.actor.Manager.run(Manager.java:1263)
	at ptolemy.actor.Manager$PtolemyRunThread.run(Manager.java:1915)
java.lang.reflect.InvocationTargetException
	at sun.reflect.NativeConstructorAccessorImpl.newInstance0(Native Method)
	at sun.reflect.NativeConstructorAccessorImpl.newInstance(NativeConstructorAccessorImpl.java:62)
	at sun.reflect.DelegatingConstructorAccessorImpl.newInstance(DelegatingConstructorAccessorImpl.java:45)
	at java.lang.reflect.Constructor.newInstance(Constructor.java:423)
	at ptolemy.util.test.junit.AutoKnownFailedTests.RunModel(AutoKnownFailedTests.java:107)
	at sun.reflect.NativeMethodAccessorImpl.invoke0(Native Method)
	at sun.reflect.NativeMethodAccessorImpl.invoke(NativeMethodAccessorImpl.java:62)
	at sun.reflect.DelegatingMethodAccessorImpl.invoke(DelegatingMethodAccessorImpl.java:43)
	at java.lang.reflect.Method.invoke(Method.java:498)
	at org.junit.runners.model.FrameworkMethod$1.runReflectiveCall(FrameworkMethod.java:44)
	at org.junit.internal.runners.model.ReflectiveCallable.run(ReflectiveCallable.java:15)
	at org.junit.runners.model.FrameworkMethod.invokeExplosively(FrameworkMethod.java:41)
	at junitparams.internal.InvokeParameterisedMethod.evaluate(InvokeParameterisedMethod.java:102)
	at org.junit.internal.runners.statements.FailOnTimeout$1.run(FailOnTimeout.java:28)
Caused by: ptolemy.kernel.util.IllegalActionException: Found a zero delay loop containing .dependencyLoop.original
  in .dependencyLoop and .dependencyLoop.original
	at ptolemy.actor.util.CausalityInterfaceForComposites._computeOutputPortDepth(CausalityInterfaceForComposites.java:759)
	at ptolemy.actor.util.CausalityInterfaceForComposites._computeInputDepth(CausalityInterfaceForComposites.java:696)
	at ptolemy.actor.util.CausalityInterfaceForComposites._computeOutputPortDepth(CausalityInterfaceForComposites.java:765)
	at ptolemy.actor.util.CausalityInterfaceForComposites._computeInputDepth(CausalityInterfaceForComposites.java:696)
	at ptolemy.actor.util.CausalityInterfaceForComposites._computeOutputPortDepth(CausalityInterfaceForComposites.java:765)
	at ptolemy.actor.util.CausalityInterfaceForComposites._computeInputDepth(CausalityInterfaceForComposites.java:696)
	at ptolemy.actor.util.CausalityInterfaceForComposites._computeActorDepth(CausalityInterfaceForComposites.java:532)
	at ptolemy.actor.util.CausalityInterfaceForComposites.checkForCycles(CausalityInterfaceForComposites.java:96)
	at ptolemy.domains.de.kernel.DEDirector.preinitialize(DEDirector.java:1338)
	at ptolemy.actor.CompositeActor.preinitialize(CompositeActor.java:1828)
	at ptolemy.actor.Manager.preinitializeAndResolveTypes(Manager.java:1040)
	at ptolemy.actor.Manager.initialize(Manager.java:710)
	at ptolemy.actor.Manager.execute(Manager.java:356)
	at ptolemy.actor.Manager.run(Manager.java:1263)
	at ptolemy.actor.Manager$PtolemyRunThread.run(Manager.java:1915)
java.lang.RuntimeException: Execution failed
	at ptolemy.moml.MoMLSimpleApplication$UnloadThread.run(MoMLSimpleApplication.java:402)
Caused by: ptolemy.kernel.util.IllegalActionException: Found a zero delay loop containing .dependencyLoop2.original
  in .dependencyLoop2 and .dependencyLoop2.original
	at ptolemy.actor.util.CausalityInterfaceForComposites._computeOutputPortDepth(CausalityInterfaceForComposites.java:759)
	at ptolemy.actor.util.CausalityInterfaceForComposites._computeInputDepth(CausalityInterfaceForComposites.java:696)
	at ptolemy.actor.util.CausalityInterfaceForComposites._computeOutputPortDepth(CausalityInterfaceForComposites.java:765)
	at ptolemy.actor.util.CausalityInterfaceForComposites._computeInputDepth(CausalityInterfaceForComposites.java:696)
	at ptolemy.actor.util.CausalityInterfaceForComposites._computeOutputPortDepth(CausalityInterfaceForComposites.java:765)
	at ptolemy.actor.util.CausalityInterfaceForComposites._computeInputDepth(CausalityInterfaceForComposites.java:696)
	at ptolemy.actor.util.CausalityInterfaceForComposites._computeActorDepth(CausalityInterfaceForComposites.java:532)
	at ptolemy.actor.util.CausalityInterfaceForComposites.checkForCycles(CausalityInterfaceForComposites.java:96)
	at ptolemy.domains.de.kernel.DEDirector.preinitialize(DEDirector.java:1338)
	at ptolemy.actor.CompositeActor.preinitialize(CompositeActor.java:1828)
	at ptolemy.actor.Manager.preinitializeAndResolveTypes(Manager.java:1040)
	at ptolemy.actor.Manager.initialize(Manager.java:710)
	at ptolemy.actor.Manager.execute(Manager.java:356)
	at ptolemy.actor.Manager.run(Manager.java:1263)
	at ptolemy.actor.Manager$PtolemyRunThread.run(Manager.java:1915)
java.lang.reflect.InvocationTargetException
	at sun.reflect.NativeConstructorAccessorImpl.newInstance0(Native Method)
	at sun.reflect.NativeConstructorAccessorImpl.newInstance(NativeConstructorAccessorImpl.java:62)
	at sun.reflect.DelegatingConstructorAccessorImpl.newInstance(DelegatingConstructorAccessorImpl.java:45)
	at java.lang.reflect.Constructor.newInstance(Constructor.java:423)
	at ptolemy.util.test.junit.AutoKnownFailedTests.RunModel(AutoKnownFailedTests.java:107)
	at sun.reflect.NativeMethodAccessorImpl.invoke0(Native Method)
	at sun.reflect.NativeMethodAccessorImpl.invoke(NativeMethodAccessorImpl.java:62)
	at sun.reflect.DelegatingMethodAccessorImpl.invoke(DelegatingMethodAccessorImpl.java:43)
	at java.lang.reflect.Method.invoke(Method.java:498)
	at org.junit.runners.model.FrameworkMethod$1.runReflectiveCall(FrameworkMethod.java:44)
	at org.junit.internal.runners.model.ReflectiveCallable.run(ReflectiveCallable.java:15)
	at org.junit.runners.model.FrameworkMethod.invokeExplosively(FrameworkMethod.java:41)
	at junitparams.internal.InvokeParameterisedMethod.evaluate(InvokeParameterisedMethod.java:102)
	at org.junit.internal.runners.statements.FailOnTimeout$1.run(FailOnTimeout.java:28)
Caused by: ptolemy.kernel.util.IllegalActionException: Found a zero delay loop containing .dependencyLoop2.original
  in .dependencyLoop2 and .dependencyLoop2.original
	at ptolemy.actor.util.CausalityInterfaceForComposites._computeOutputPortDepth(CausalityInterfaceForComposites.java:759)
	at ptolemy.actor.util.CausalityInterfaceForComposites._computeInputDepth(CausalityInterfaceForComposites.java:696)
	at ptolemy.actor.util.CausalityInterfaceForComposites._computeOutputPortDepth(CausalityInterfaceForComposites.java:765)
	at ptolemy.actor.util.CausalityInterfaceForComposites._computeInputDepth(CausalityInterfaceForComposites.java:696)
	at ptolemy.actor.util.CausalityInterfaceForComposites._computeOutputPortDepth(CausalityInterfaceForComposites.java:765)
	at ptolemy.actor.util.CausalityInterfaceForComposites._computeInputDepth(CausalityInterfaceForComposites.java:696)
	at ptolemy.actor.util.CausalityInterfaceForComposites._computeActorDepth(CausalityInterfaceForComposites.java:532)
	at ptolemy.actor.util.CausalityInterfaceForComposites.checkForCycles(CausalityInterfaceForComposites.java:96)
	at ptolemy.domains.de.kernel.DEDirector.preinitialize(DEDirector.java:1338)
	at ptolemy.actor.CompositeActor.preinitialize(CompositeActor.java:1828)
	at ptolemy.actor.Manager.preinitializeAndResolveTypes(Manager.java:1040)
	at ptolemy.actor.Manager.initialize(Manager.java:710)
	at ptolemy.actor.Manager.execute(Manager.java:356)
	at ptolemy.actor.Manager.run(Manager.java:1263)
	at ptolemy.actor.Manager$PtolemyRunThread.run(Manager.java:1915)
]]></system-err>
</testsuite>
