<?xml version="1.0" encoding="UTF-8" ?>
<testsuite errors="0" failures="0" hostname="travis-job-5aaa255b-fa99-4bde-b56a-175ec9747f87" name="ptolemy.domains.de.test.junit.JUnitTclTest" skipped="0" tests="101" time="119.339" timestamp="2021-07-08T02:41:49">
  <properties>
[...]
</properties>
  <testcase classname="ptolemy.util.test.junit.TclTests" name="[0] /home/travis/build/icyphy/ptII/ptolemy/domains/de/test/DependencyLoop.tcl (RunTclFile)" time="0.972" />
  <testcase classname="ptolemy.util.test.junit.TclTests" name="[1] /home/travis/build/icyphy/ptII/ptolemy/domains/de/test/RunDETestsAsQSS.tcl (RunTclFile)" time="80.303" />
  <testcase classname="ptolemy.util.test.junit.AutoKnownFailedTests" name="[0] /home/travis/build/icyphy/ptII/ptolemy/domains/de/test/auto/knownFailedTests/DESDFClockTest.xml (RunModel)" time="2.033" />
  <testcase classname="ptolemy.util.test.junit.AutoKnownFailedTests" name="[1] /home/travis/build/icyphy/ptII/ptolemy/domains/de/test/auto/knownFailedTests/DirectFeedback.xml (RunModel)" time="0.022" />
  <testcase classname="ptolemy.util.test.junit.AutoKnownFailedTests" name="[2] /home/travis/build/icyphy/ptII/ptolemy/domains/de/test/auto/knownFailedTests/FSMSource.xml (RunModel)" time="0.016" />
  <testcase classname="ptolemy.util.test.junit.AutoKnownFailedTests" name="[3] /home/travis/build/icyphy/ptII/ptolemy/domains/de/test/auto/knownFailedTests/HierarchicalModel.xml (RunModel)" time="0.049" />
  <testcase classname="ptolemy.util.test.junit.AutoKnownFailedTests" name="[4] /home/travis/build/icyphy/ptII/ptolemy/domains/de/test/auto/knownFailedTests/dependencyLoop.xml (RunModel)" time="0.039" />
  <testcase classname="ptolemy.util.test.junit.AutoKnownFailedTests" name="[5] /home/travis/build/icyphy/ptII/ptolemy/domains/de/test/auto/knownFailedTests/dependencyLoop2.xml (RunModel)" time="0.035" />
  <testcase classname="ptolemy.util.test.junit.AutoNameArchTests" name="[0] ThereAreNoAutoArchTests (RunModel)" time="0.001" />
  <testcase classname="ptolemy.util.test.junit.AutoTests" name="[0] /home/travis/build/icyphy/ptII/ptolemy/domains/de/test/auto/ActorDepthCalculation_actorWithoutPorts.xml (RunModel)" time="0.014" />
  <testcase classname="ptolemy.util.test.junit.AutoTests" name="[1] /home/travis/build/icyphy/ptII/ptolemy/domains/de/test/auto/AssemblyLine.xml (RunModel)" time="0.022" />
  <testcase classname="ptolemy.util.test.junit.AutoTests" name="[2] /home/travis/build/icyphy/ptII/ptolemy/domains/de/test/auto/CQBug1.xml (RunModel)" time="0.019" />
  <testcase classname="ptolemy.util.test.junit.AutoTests" name="[3] /home/travis/build/icyphy/ptII/ptolemy/domains/de/test/auto/CancelFireAt.xml (RunModel)" time="0.007" />
  <testcase classname="ptolemy.util.test.junit.AutoTests" name="[4] /home/travis/build/icyphy/ptII/ptolemy/domains/de/test/auto/CausalityAndComposabilityAnalysis.xml (RunModel)" time="0.009" />
  <testcase classname="ptolemy.util.test.junit.AutoTests" name="[5] /home/travis/build/icyphy/ptII/ptolemy/domains/de/test/auto/CausalityInterface1.xml (RunModel)" time="0.013" />
  <testcase classname="ptolemy.util.test.junit.AutoTests" name="[6] /home/travis/build/icyphy/ptII/ptolemy/domains/de/test/auto/CausalityInterface15.xml (RunModel)" time="0.013" />
  <testcase classname="ptolemy.util.test.junit.AutoTests" name="[7] /home/travis/build/icyphy/ptII/ptolemy/domains/de/test/auto/CausalityInterface2.xml (RunModel)" time="0.014" />
  <testcase classname="ptolemy.util.test.junit.AutoTests" name="[8] /home/travis/build/icyphy/ptII/ptolemy/domains/de/test/auto/CausalityInterface3.xml (RunModel)" time="0.014" />
  <testcase classname="ptolemy.util.test.junit.AutoTests" name="[9] /home/travis/build/icyphy/ptII/ptolemy/domains/de/test/auto/ClockDrift.xml (RunModel)" time="0.032" />
  <testcase classname="ptolemy.util.test.junit.AutoTests" name="[10] /home/travis/build/icyphy/ptII/ptolemy/domains/de/test/auto/ClockDriftAndValueChange.xml (RunModel)" time="0.027" />
  <testcase classname="ptolemy.util.test.junit.AutoTests" name="[11] /home/travis/build/icyphy/ptII/ptolemy/domains/de/test/auto/ClockDriftChange.xml (RunModel)" time="0.032" />
  <testcase classname="ptolemy.util.test.junit.AutoTests" name="[12] /home/travis/build/icyphy/ptII/ptolemy/domains/de/test/auto/ComposableCausalityAnalysis.xml (RunModel)" time="0.016" />
  <testcase classname="ptolemy.util.test.junit.AutoTests" name="[13] /home/travis/build/icyphy/ptII/ptolemy/domains/de/test/auto/DEFixedPointLimitation.xml (RunModel)" time="0.008" />
  <testcase classname="ptolemy.util.test.junit.AutoTests" name="[14] /home/travis/build/icyphy/ptII/ptolemy/domains/de/test/auto/DEScheduleTest.xml (RunModel)" time="0.014" />
  <testcase classname="ptolemy.util.test.junit.AutoTests" name="[15] /home/travis/build/icyphy/ptII/ptolemy/domains/de/test/auto/DEinDEwithStartTimes.xml (RunModel)" time="0.016" />
  <testcase classname="ptolemy.util.test.junit.AutoTests" name="[16] /home/travis/build/icyphy/ptII/ptolemy/domains/de/test/auto/DEinDEwithStartTimes2.xml (RunModel)" time="0.019" />
  <testcase classname="ptolemy.util.test.junit.AutoTests" name="[17] /home/travis/build/icyphy/ptII/ptolemy/domains/de/test/auto/DateDemo.xml (RunModel)" time="0.03" />
  <testcase classname="ptolemy.util.test.junit.AutoTests" name="[18] /home/travis/build/icyphy/ptII/ptolemy/domains/de/test/auto/DateToEvent.xml (RunModel)" time="2.042" />
  <testcase classname="ptolemy.util.test.junit.AutoTests" name="[19] /home/travis/build/icyphy/ptII/ptolemy/domains/de/test/auto/DepthTest1.xml (RunModel)" time="0.007" />
  <testcase classname="ptolemy.util.test.junit.AutoTests" name="[20] /home/travis/build/icyphy/ptII/ptolemy/domains/de/test/auto/DepthTest2.xml (RunModel)" time="0.018" />
  <testcase classname="ptolemy.util.test.junit.AutoTests" name="[21] /home/travis/build/icyphy/ptII/ptolemy/domains/de/test/auto/DepthTest3.xml (RunModel)" time="0.008" />
  <testcase classname="ptolemy.util.test.junit.AutoTests" name="[22] /home/travis/build/icyphy/ptII/ptolemy/domains/de/test/auto/DepthTest4.xml (RunModel)" time="0.016" />
  <testcase classname="ptolemy.util.test.junit.AutoTests" name="[23] /home/travis/build/icyphy/ptII/ptolemy/domains/de/test/auto/DepthTest5.xml (RunModel)" time="0.013" />
  <testcase classname="ptolemy.util.test.junit.AutoTests" name="[24] /home/travis/build/icyphy/ptII/ptolemy/domains/de/test/auto/DepthTest6.xml (RunModel)" time="0.012" />
  <testcase classname="ptolemy.util.test.junit.AutoTests" name="[25] /home/travis/build/icyphy/ptII/ptolemy/domains/de/test/auto/DepthTest7.xml (RunModel)" time="0.01" />
  <testcase classname="ptolemy.util.test.junit.AutoTests" name="[26] /home/travis/build/icyphy/ptII/ptolemy/domains/de/test/auto/EventToDate.xml (RunModel)" time="3.042" />
  <testcase classname="ptolemy.util.test.junit.AutoTests" name="[27] /home/travis/build/icyphy/ptII/ptolemy/domains/de/test/auto/FSM1.xml (RunModel)" time="0.046" />
  <testcase classname="ptolemy.util.test.junit.AutoTests" name="[28] /home/travis/build/icyphy/ptII/ptolemy/domains/de/test/auto/FSM7.xml (RunModel)" time="0.031" />
  <testcase classname="ptolemy.util.test.junit.AutoTests" name="[29] /home/travis/build/icyphy/ptII/ptolemy/domains/de/test/auto/Inspection.xml (RunModel)" time="0.042" />
  <testcase classname="ptolemy.util.test.junit.AutoTests" name="[30] /home/travis/build/icyphy/ptII/ptolemy/domains/de/test/auto/Iteration.xml (RunModel)" time="0.02" />
  <testcase classname="ptolemy.util.test.junit.AutoTests" name="[31] /home/travis/build/icyphy/ptII/ptolemy/domains/de/test/auto/LineFault.xml (RunModel)" time="0.541" />
  <testcase classname="ptolemy.util.test.junit.AutoTests" name="[32] /home/travis/build/icyphy/ptII/ptolemy/domains/de/test/auto/MergeModel1Add.xml (RunModel)" time="0.05" />
  <testcase classname="ptolemy.util.test.junit.AutoTests" name="[33] /home/travis/build/icyphy/ptII/ptolemy/domains/de/test/auto/MergeModel2Add.xml (RunModel)" time="0.037" />
  <testcase classname="ptolemy.util.test.junit.AutoTests" name="[34] /home/travis/build/icyphy/ptII/ptolemy/domains/de/test/auto/MergeModel3Add.xml (RunModel)" time="0.043" />
  <testcase classname="ptolemy.util.test.junit.AutoTests" name="[35] /home/travis/build/icyphy/ptII/ptolemy/domains/de/test/auto/MergeWithoutDiscard.xml (RunModel)" time="0.009" />
  <testcase classname="ptolemy.util.test.junit.AutoTests" name="[36] /home/travis/build/icyphy/ptII/ptolemy/domains/de/test/auto/Modal1.xml (RunModel)" time="0.035" />
  <testcase classname="ptolemy.util.test.junit.AutoTests" name="[37] /home/travis/build/icyphy/ptII/ptolemy/domains/de/test/auto/Modal2.xml (RunModel)" time="0.023" />
  <testcase classname="ptolemy.util.test.junit.AutoTests" name="[38] /home/travis/build/icyphy/ptII/ptolemy/domains/de/test/auto/Modal3.xml (RunModel)" time="0.029" />
  <testcase classname="ptolemy.util.test.junit.AutoTests" name="[39] /home/travis/build/icyphy/ptII/ptolemy/domains/de/test/auto/Modal4.xml (RunModel)" time="0.025" />
  <testcase classname="ptolemy.util.test.junit.AutoTests" name="[40] /home/travis/build/icyphy/ptII/ptolemy/domains/de/test/auto/Modal5.xml (RunModel)" time="0.028" />
  <testcase classname="ptolemy.util.test.junit.AutoTests" name="[41] /home/travis/build/icyphy/ptII/ptolemy/domains/de/test/auto/Modal6.xml (RunModel)" time="0.022" />
  <testcase classname="ptolemy.util.test.junit.AutoTests" name="[42] /home/travis/build/icyphy/ptII/ptolemy/domains/de/test/auto/Modal7.xml (RunModel)" time="0.028" />
  <testcase classname="ptolemy.util.test.junit.AutoTests" name="[43] /home/travis/build/icyphy/ptII/ptolemy/domains/de/test/auto/ModalModel.xml (RunModel)" time="0.166" />
  <testcase classname="ptolemy.util.test.junit.AutoTests" name="[44] /home/travis/build/icyphy/ptII/ptolemy/domains/de/test/auto/ModalSource.xml (RunModel)" time="0.02" />
  <testcase classname="ptolemy.util.test.junit.AutoTests" name="[45] /home/travis/build/icyphy/ptII/ptolemy/domains/de/test/auto/NonInterruptibleTimerZeroDelay.xml (RunModel)" time="0.007" />
  <testcase classname="ptolemy.util.test.junit.AutoTests" name="[46] /home/travis/build/icyphy/ptII/ptolemy/domains/de/test/auto/OpenQueueingNetwork.xml (RunModel)" time="2.222" />
  <testcase classname="ptolemy.util.test.junit.AutoTests" name="[47] /home/travis/build/icyphy/ptII/ptolemy/domains/de/test/auto/OpenQueuingNetwork.xml (RunModel)" time="0.256" />
  <testcase classname="ptolemy.util.test.junit.AutoTests" name="[48] /home/travis/build/icyphy/ptII/ptolemy/domains/de/test/auto/PeriodicSampler.xml (RunModel)" time="0.011" />
  <testcase classname="ptolemy.util.test.junit.AutoTests" name="[49] /home/travis/build/icyphy/ptII/ptolemy/domains/de/test/auto/PersistentIO.xml (RunModel)" time="0.018" />
  <testcase classname="ptolemy.util.test.junit.AutoTests" name="[50] /home/travis/build/icyphy/ptII/ptolemy/domains/de/test/auto/PortParameterResetOnInitialize.xml (RunModel)" time="0.008" />
  <testcase classname="ptolemy.util.test.junit.AutoTests" name="[51] /home/travis/build/icyphy/ptII/ptolemy/domains/de/test/auto/PortParameterUpdates.xml (RunModel)" time="0.011" />
  <testcase classname="ptolemy.util.test.junit.AutoTests" name="[52] /home/travis/build/icyphy/ptII/ptolemy/domains/de/test/auto/QueueAndServer.xml (RunModel)" time="0.023" />
  <testcase classname="ptolemy.util.test.junit.AutoTests" name="[53] /home/travis/build/icyphy/ptII/ptolemy/domains/de/test/auto/Records.xml (RunModel)" time="0.018" />
  <testcase classname="ptolemy.util.test.junit.AutoTests" name="[54] /home/travis/build/icyphy/ptII/ptolemy/domains/de/test/auto/ResetTransitionWithStartTime1.xml (RunModel)" time="0.023" />
  <testcase classname="ptolemy.util.test.junit.AutoTests" name="[55] /home/travis/build/icyphy/ptII/ptolemy/domains/de/test/auto/ResetTransitionWithStartTime2.xml (RunModel)" time="0.022" />
  <testcase classname="ptolemy.util.test.junit.AutoTests" name="[56] /home/travis/build/icyphy/ptII/ptolemy/domains/de/test/auto/ResetTransitionWithStartTime3.xml (RunModel)" time="0.017" />
  <testcase classname="ptolemy.util.test.junit.AutoTests" name="[57] /home/travis/build/icyphy/ptII/ptolemy/domains/de/test/auto/ResetTransitionWithStartTime4.xml (RunModel)" time="0.013" />
  <testcase classname="ptolemy.util.test.junit.AutoTests" name="[58] /home/travis/build/icyphy/ptII/ptolemy/domains/de/test/auto/ResettableTimer1.xml (RunModel)" time="0.008" />
  <testcase classname="ptolemy.util.test.junit.AutoTests" name="[59] /home/travis/build/icyphy/ptII/ptolemy/domains/de/test/auto/ResettableTimer2.xml (RunModel)" time="0.01" />
  <testcase classname="ptolemy.util.test.junit.AutoTests" name="[60] /home/travis/build/icyphy/ptII/ptolemy/domains/de/test/auto/ResettableTimer3.xml (RunModel)" time="0.007" />
  <testcase classname="ptolemy.util.test.junit.AutoTests" name="[61] /home/travis/build/icyphy/ptII/ptolemy/domains/de/test/auto/ResettableTimer4.xml (RunModel)" time="0.007" />
  <testcase classname="ptolemy.util.test.junit.AutoTests" name="[62] /home/travis/build/icyphy/ptII/ptolemy/domains/de/test/auto/ResettableTimer5.xml (RunModel)" time="0.008" />
  <testcase classname="ptolemy.util.test.junit.AutoTests" name="[63] /home/travis/build/icyphy/ptII/ptolemy/domains/de/test/auto/ResettableTimer6.xml (RunModel)" time="0.013" />
  <testcase classname="ptolemy.util.test.junit.AutoTests" name="[64] /home/travis/build/icyphy/ptII/ptolemy/domains/de/test/auto/ServerZeroDelay.xml (RunModel)" time="0.01" />
  <testcase classname="ptolemy.util.test.junit.AutoTests" name="[65] /home/travis/build/icyphy/ptII/ptolemy/domains/de/test/auto/SmartSender.xml (RunModel)" time="3.005" />
  <testcase classname="ptolemy.util.test.junit.AutoTests" name="[66] /home/travis/build/icyphy/ptII/ptolemy/domains/de/test/auto/ThreadedComposite.xml (RunModel)" time="0.104" />
  <testcase classname="ptolemy.util.test.junit.AutoTests" name="[67] /home/travis/build/icyphy/ptII/ptolemy/domains/de/test/auto/Time.xml (RunModel)" time="0.349" />
  <testcase classname="ptolemy.util.test.junit.AutoTests" name="[68] /home/travis/build/icyphy/ptII/ptolemy/domains/de/test/auto/TimeDelayZeroDelay.xml (RunModel)" time="0.009" />
  <testcase classname="ptolemy.util.test.junit.AutoTests" name="[69] /home/travis/build/icyphy/ptII/ptolemy/domains/de/test/auto/TimerZeroDelay.xml (RunModel)" time="0.008" />
  <testcase classname="ptolemy.util.test.junit.AutoTests" name="[70] /home/travis/build/icyphy/ptII/ptolemy/domains/de/test/auto/TimingParadox.xml (RunModel)" time="0.304" />
  <testcase classname="ptolemy.util.test.junit.AutoTests" name="[71] /home/travis/build/icyphy/ptII/ptolemy/domains/de/test/auto/TransferInputs.xml (RunModel)" time="0.012" />
  <testcase classname="ptolemy.util.test.junit.AutoTests" name="[72] /home/travis/build/icyphy/ptII/ptolemy/domains/de/test/auto/TransferOutputs2.xml (RunModel)" time="0.013" />
  <testcase classname="ptolemy.util.test.junit.AutoTests" name="[73] /home/travis/build/icyphy/ptII/ptolemy/domains/de/test/auto/Trilateration.xml (RunModel)" time="10.516" />
  <testcase classname="ptolemy.util.test.junit.AutoTests" name="[74] /home/travis/build/icyphy/ptII/ptolemy/domains/de/test/auto/TwoSigmaDelta.xml (RunModel)" time="1.591" />
  <testcase classname="ptolemy.util.test.junit.AutoTests" name="[75] /home/travis/build/icyphy/ptII/ptolemy/domains/de/test/auto/VariableDelay.xml (RunModel)" time="0.014" />
  <testcase classname="ptolemy.util.test.junit.AutoTests" name="[76] /home/travis/build/icyphy/ptII/ptolemy/domains/de/test/auto/VariableDelay2.xml (RunModel)" time="0.009" />
  <testcase classname="ptolemy.util.test.junit.AutoTests" name="[77] /home/travis/build/icyphy/ptII/ptolemy/domains/de/test/auto/VariableDelayZeroDelay.xml (RunModel)" time="0.011" />
  <testcase classname="ptolemy.util.test.junit.AutoTests" name="[78] /home/travis/build/icyphy/ptII/ptolemy/domains/de/test/auto/VariableDelayZeroDelay2.xml (RunModel)" time="0.009" />
  <testcase classname="ptolemy.util.test.junit.AutoTests" name="[79] /home/travis/build/icyphy/ptII/ptolemy/domains/de/test/auto/deInCt.xml (RunModel)" time="0.016" />
  <testcase classname="ptolemy.util.test.junit.AutoTests" name="[80] /home/travis/build/icyphy/ptII/ptolemy/domains/de/test/auto/deInCt2.xml (RunModel)" time="0.012" />
  <testcase classname="ptolemy.util.test.junit.AutoTests" name="[81] /home/travis/build/icyphy/ptII/ptolemy/domains/de/test/auto/dynamicCausalityInterface1.xml (RunModel)" time="0.014" />
  <testcase classname="ptolemy.util.test.junit.AutoTests" name="[82] /home/travis/build/icyphy/ptII/ptolemy/domains/de/test/auto/fsm_de_test.xml (RunModel)" time="0.017" />
  <testcase classname="ptolemy.util.test.junit.AutoTests" name="[83] /home/travis/build/icyphy/ptII/ptolemy/domains/de/test/auto/functionDependencyReconstruction.xml (RunModel)" time="0.024" />
  <testcase classname="ptolemy.util.test.junit.AutoTests" name="[84] /home/travis/build/icyphy/ptII/ptolemy/domains/de/test/auto/multirate.xml (RunModel)" time="0.014" />
  <testcase classname="ptolemy.util.test.junit.AutoTests" name="[85] /home/travis/build/icyphy/ptII/ptolemy/domains/de/test/auto/multirate2.xml (RunModel)" time="0.015" />
  <testcase classname="ptolemy.util.test.junit.AutoTests" name="[86] /home/travis/build/icyphy/ptII/ptolemy/domains/de/test/auto/realtime.xml (RunModel)" time="10.009" />
  <testcase classname="ptolemy.util.test.junit.AutoTests" name="[87] /home/travis/build/icyphy/ptII/ptolemy/domains/de/test/auto/relationGroup.xml (RunModel)" time="0.014" />
  <testcase classname="ptolemy.util.test.junit.AutoTests" name="[88] /home/travis/build/icyphy/ptII/ptolemy/domains/de/test/auto/relationGroup2.xml (RunModel)" time="0.012" />
  <testcase classname="ptolemy.util.test.junit.AutoTests" name="[89] /home/travis/build/icyphy/ptII/ptolemy/domains/de/test/auto/sortWithOpaquePorts.xml (RunModel)" time="0.014" />
  <testcase classname="ptolemy.util.test.junit.AutoTests" name="[90] /home/travis/build/icyphy/ptII/ptolemy/domains/de/test/auto/transferInputsandOutputs.xml (RunModel)" time="0.022" />
  <testcase classname="ptolemy.util.test.junit.AutoTests" name="[91] /home/travis/build/icyphy/ptII/ptolemy/domains/de/test/auto/triggerType.xml (RunModel)" time="0.008" />
  <system-out><![CDATA[/home/travis/build/icyphy/ptII/ptolemy/domains/de/test/DependencyLoop.tcl
testDefs.tcl: setting time out to 9000 seconds at Thu Jul 08 02:41:49 UTC 2021
56 ms. Memory: 129024K Free: 78791K (61%)
12 ms. Memory: 129024K Free: 61383K (48%)
/home/travis/build/icyphy/ptII/ptolemy/domains/de/test/RunDETestsAsQSS.tcl
Run the DE tests using ptolemy.domains.qss.test.QSSDirectorTest, which extends QSSDirector and prints a message in the constructors.
------------------ testing $PTII/ptolemy/domains/de/test/auto/knownFailedTests/DirectFeedback.xml (Known Failure) 
44 ms. Memory: 129024K Free: 56263K (44%)


==== $PTIIhome/travis/build/icyphy/ptII/ptolemy/domains/de/test/../../../../: Auto Automatic test in file $PTII/ptolemy/domains/de/test/auto/knownFailedTests/DirectFeedback.xml
==== Contents of test case:

	    # FIXME: we should use $relativeFilename here, but it
	    # might have backslashes under Windows, which causes no end
	    # of trouble.
	    createAndExecute $file
	    list {}
	
.... Test generated KNOWN error:
    while executing
ptolemy.kernel.util.IllegalActionException: Test fails in iteration 1.
Value was: 1.0. Should have been: 2.0
  in .DirectFeedback.Test
	at ptolemy.actor.lib.Test.fire(Test.java:268)
	at ptolemy.domains.de.kernel.DEDirector._fire(DEDirector.java:1949)
	at ptolemy.domains.de.kernel.DEDirector.fire(DEDirector.java:502)
	at ptolemy.actor.CompositeActor.fire(CompositeActor.java:455)
	at ptolemy.actor.Manager.iterate(Manager.java:851)
	at ptolemy.actor.Manager.execute(Manager.java:369)
	at ptolemy.actor.Manager.run(Manager.java:1263)
	at ptolemy.actor.Manager$PtolemyRunThread.run(Manager.java:1933)

    while executing
ptolemy.kernel.util.IllegalActionException: Test fails in iteration 1.
Value was: 1.0. Should have been: 2.0
  in .DirectFeedback.Test
    while executing
"java::new ptolemy.moml.MoMLSimpleApplication $file
"
    (procedure "createAndExecute" line 2)
    invoked from within
"createAndExecute $file"
    ("uplevel" body line 5)
    invoked from within
"uplevel $contents_of_test"
------------------ testing $PTII/ptolemy/domains/de/test/auto/knownFailedTests/dependencyLoop.xml (Known Failure) 
11 ms. Memory: 129024K Free: 53191K (41%)


==== $PTIIhome/travis/build/icyphy/ptII/ptolemy/domains/de/test/../../../../: Auto Automatic test in file $PTII/ptolemy/domains/de/test/auto/knownFailedTests/dependencyLoop.xml
==== Contents of test case:

	    # FIXME: we should use $relativeFilename here, but it
	    # might have backslashes under Windows, which causes no end
	    # of trouble.
	    createAndExecute $file
	    list {}
	
.... Test generated KNOWN error:
    while executing
ptolemy.kernel.util.IllegalActionException: Found a zero delay loop containing .dependencyLoop.original
  in .dependencyLoop and .dependencyLoop.original
	at ptolemy.actor.util.CausalityInterfaceForComposites._computeOutputPortDepth(CausalityInterfaceForComposites.java:759)
	at ptolemy.actor.util.CausalityInterfaceForComposites._computeInputDepth(CausalityInterfaceForComposites.java:696)
	at ptolemy.actor.util.CausalityInterfaceForComposites._computeOutputPortDepth(CausalityInterfaceForComposites.java:765)
	at ptolemy.actor.util.CausalityInterfaceForComposites._computeInputDepth(CausalityInterfaceForComposites.java:696)
	at ptolemy.actor.util.CausalityInterfaceForComposites._computeOutputPortDepth(CausalityInterfaceForComposites.java:765)
	at ptolemy.actor.util.CausalityInterfaceForComposites._computeInputDepth(CausalityInterfaceForComposites.java:696)
	at ptolemy.actor.util.CausalityInterfaceForComposites._computeActorDepth(CausalityInterfaceForComposites.java:532)
	at ptolemy.actor.util.CausalityInterfaceForComposites.checkForCycles(CausalityInterfaceForComposites.java:96)
	at ptolemy.domains.de.kernel.DEDirector.preinitialize(DEDirector.java:1338)
	at ptolemy.actor.CompositeActor.preinitialize(CompositeActor.java:1828)
	at ptolemy.actor.Manager.preinitializeAndResolveTypes(Manager.java:1040)
	at ptolemy.actor.Manager.initialize(Manager.java:710)
	at ptolemy.actor.Manager.execute(Manager.java:356)
	at ptolemy.actor.Manager.run(Manager.java:1263)
	at ptolemy.actor.Manager$PtolemyRunThread.run(Manager.java:1933)

    while executing
ptolemy.kernel.util.IllegalActionException: Found a zero delay loop containing .dependencyLoop.original
  in .dependencyLoop and .dependencyLoop.original
    while executing
"java::new ptolemy.moml.MoMLSimpleApplication $file
"
    (procedure "createAndExecute" line 2)
    invoked from within
"createAndExecute $file"
    ("uplevel" body line 5)
    invoked from within
"uplevel $contents_of_test"
------------------ testing $PTII/ptolemy/domains/de/test/auto/knownFailedTests/FSMSource.xml (Known Failure) 
52 ms. Memory: 129024K Free: 112031K (87%)
!!!! Auto was marked as failing, but now passes
------------------ testing $PTII/ptolemy/domains/de/test/auto/knownFailedTests/HierarchicalModel.xml (Known Failure) 
6 ms. Memory: 129024K Free: 94132K (73%)


==== $PTIIhome/travis/build/icyphy/ptII/ptolemy/domains/de/test/../../../../: Auto Automatic test in file $PTII/ptolemy/domains/de/test/auto/knownFailedTests/HierarchicalModel.xml
==== Contents of test case:

	    # FIXME: we should use $relativeFilename here, but it
	    # might have backslashes under Windows, which causes no end
	    # of trouble.
	    createAndExecute $file
	    list {}
	
.... Test generated KNOWN error:
    while executing
ptolemy.kernel.util.IllegalActionException: Found a zero delay loop containing .HierarchicalModel.A
  in .HierarchicalModel and .HierarchicalModel.A
	at ptolemy.actor.util.CausalityInterfaceForComposites._computeOutputPortDepth(CausalityInterfaceForComposites.java:759)
	at ptolemy.actor.util.CausalityInterfaceForComposites._computeInputDepth(CausalityInterfaceForComposites.java:696)
	at ptolemy.actor.util.CausalityInterfaceForComposites._computeOutputPortDepth(CausalityInterfaceForComposites.java:765)
	at ptolemy.actor.util.CausalityInterfaceForComposites._computeInputDepth(CausalityInterfaceForComposites.java:696)
	at ptolemy.actor.util.CausalityInterfaceForComposites._computeOutputPortDepth(CausalityInterfaceForComposites.java:765)
	at ptolemy.actor.util.CausalityInterfaceForComposites._computeInputDepth(CausalityInterfaceForComposites.java:696)
	at ptolemy.actor.util.CausalityInterfaceForComposites._computeActorDepth(CausalityInterfaceForComposites.java:532)
	at ptolemy.actor.util.CausalityInterfaceForComposites.checkForCycles(CausalityInterfaceForComposites.java:96)
	at ptolemy.domains.de.kernel.DEDirector.preinitialize(DEDirector.java:1338)
	at ptolemy.actor.CompositeActor.preinitialize(CompositeActor.java:1828)
	at ptolemy.actor.Manager.preinitializeAndResolveTypes(Manager.java:1040)
	at ptolemy.actor.Manager.initialize(Manager.java:710)
	at ptolemy.actor.Manager.execute(Manager.java:356)
	at ptolemy.actor.Manager.run(Manager.java:1263)
	at ptolemy.actor.Manager$PtolemyRunThread.run(Manager.java:1933)

    while executing
ptolemy.kernel.util.IllegalActionException: Found a zero delay loop containing .HierarchicalModel.A
  in .HierarchicalModel and .HierarchicalModel.A
    while executing
"java::new ptolemy.moml.MoMLSimpleApplication $file
"
    (procedure "createAndExecute" line 2)
    invoked from within
"createAndExecute $file"
    ("uplevel" body line 5)
    invoked from within
"uplevel $contents_of_test"
------------------ testing $PTII/ptolemy/domains/de/test/auto/knownFailedTests/dependencyLoop2.xml (Known Failure) 
4 ms. Memory: 129024K Free: 77746K (60%)


==== $PTIIhome/travis/build/icyphy/ptII/ptolemy/domains/de/test/../../../../: Auto Automatic test in file $PTII/ptolemy/domains/de/test/auto/knownFailedTests/dependencyLoop2.xml
==== Contents of test case:

	    # FIXME: we should use $relativeFilename here, but it
	    # might have backslashes under Windows, which causes no end
	    # of trouble.
	    createAndExecute $file
	    list {}
	
.... Test generated KNOWN error:
    while executing
ptolemy.kernel.util.IllegalActionException: Found a zero delay loop containing .dependencyLoop2.original
  in .dependencyLoop2 and .dependencyLoop2.original
	at ptolemy.actor.util.CausalityInterfaceForComposites._computeOutputPortDepth(CausalityInterfaceForComposites.java:759)
	at ptolemy.actor.util.CausalityInterfaceForComposites._computeInputDepth(CausalityInterfaceForComposites.java:696)
	at ptolemy.actor.util.CausalityInterfaceForComposites._computeOutputPortDepth(CausalityInterfaceForComposites.java:765)
	at ptolemy.actor.util.CausalityInterfaceForComposites._computeInputDepth(CausalityInterfaceForComposites.java:696)
	at ptolemy.actor.util.CausalityInterfaceForComposites._computeOutputPortDepth(CausalityInterfaceForComposites.java:765)
	at ptolemy.actor.util.CausalityInterfaceForComposites._computeInputDepth(CausalityInterfaceForComposites.java:696)
	at ptolemy.actor.util.CausalityInterfaceForComposites._computeActorDepth(CausalityInterfaceForComposites.java:532)
	at ptolemy.actor.util.CausalityInterfaceForComposites.checkForCycles(CausalityInterfaceForComposites.java:96)
	at ptolemy.domains.de.kernel.DEDirector.preinitialize(DEDirector.java:1338)
	at ptolemy.actor.CompositeActor.preinitialize(CompositeActor.java:1828)
	at ptolemy.actor.Manager.preinitializeAndResolveTypes(Manager.java:1040)
	at ptolemy.actor.Manager.initialize(Manager.java:710)
	at ptolemy.actor.Manager.execute(Manager.java:356)
	at ptolemy.actor.Manager.run(Manager.java:1263)
	at ptolemy.actor.Manager$PtolemyRunThread.run(Manager.java:1933)

    while executing
ptolemy.kernel.util.IllegalActionException: Found a zero delay loop containing .dependencyLoop2.original
  in .dependencyLoop2 and .dependencyLoop2.original
    while executing
"java::new ptolemy.moml.MoMLSimpleApplication $file
"
    (procedure "createAndExecute" line 2)
    invoked from within
"createAndExecute $file"
    ("uplevel" body line 5)
    invoked from within
"uplevel $contents_of_test"
------------------ testing $PTII/ptolemy/domains/de/test/auto/knownFailedTests/DESDFClockTest.xml (Known Failure) 
2044 ms. Memory: 129024K Free: 108500K (84%)


==== $PTIIhome/travis/build/icyphy/ptII/ptolemy/domains/de/test/../../../../: Auto Automatic test in file $PTII/ptolemy/domains/de/test/auto/knownFailedTests/DESDFClockTest.xml
==== Contents of test case:

	    # FIXME: we should use $relativeFilename here, but it
	    # might have backslashes under Windows, which causes no end
	    # of trouble.
	    createAndExecute $file
	    list {}
	
.... Test generated KNOWN error:
    while executing
ptolemy.kernel.util.IllegalActionException: Actor is not ready to fire.  Perhaps UpSample.prefire() returned false? Try debugging the actor by selecting "Listen to Actor".  Also, for SDF check moml for tokenConsumptionRate on input.
  in .DESDFClockTest.Play Bell.Copy1:SDF Director and .DESDFClockTest.Play Bell.UpSample
	at ptolemy.actor.sched.StaticSchedulingDirector.fire(StaticSchedulingDirector.java:227)
	at ptolemy.domains.sdf.kernel.SDFDirector.fire(SDFDirector.java:500)
	at ptolemy.actor.CompositeActor.fire(CompositeActor.java:455)
	at ptolemy.domains.de.kernel.DEDirector._fire(DEDirector.java:1949)
	at ptolemy.domains.de.kernel.DEDirector.fire(DEDirector.java:502)
	at ptolemy.actor.CompositeActor.fire(CompositeActor.java:455)
	at ptolemy.actor.Manager.iterate(Manager.java:851)
	at ptolemy.actor.Manager.execute(Manager.java:369)
	at ptolemy.actor.Manager.run(Manager.java:1263)
	at ptolemy.actor.Manager$PtolemyRunThread.run(Manager.java:1933)

    while executing
ptolemy.kernel.util.IllegalActionException: Actor is not ready to fire.  Perhaps UpSample.prefire() returned false? Try debugging the actor by selecting "Listen to Actor".  Also, for SDF check moml for tokenConsumptionRate on input.
  in .DESDFClockTest.Play Bell.Copy1:SDF Director and .DESDFClockTest.Play Bell.UpSample
    while executing
"java::new ptolemy.moml.MoMLSimpleApplication $file
"
    (procedure "createAndExecute" line 2)
    invoked from within
"createAndExecute $file"
    ("uplevel" body line 5)
    invoked from within
"uplevel $contents_of_test"
------------------ testing $PTII/ptolemy/domains/de/test/auto/ActorDepthCalculation_actorWithoutPorts.xml
auto.tcl: Setting watchdog for 200 seconds at Thu Jul 08 02:41:53 UTC 2021
9 ms. Memory: 129024K Free: 100822K (78%)
ptolemy.util.test.WatchDog.cancel(): canceling Thu Jul 08 02:41:53 UTC 2021
auto.tcl: Setting watchdog for 200 seconds at Thu Jul 08 02:41:53 UTC 2021
8 ms. Memory: 129024K Free: 99278K (77%)
ptolemy.util.test.WatchDog.cancel(): canceling Thu Jul 08 02:41:53 UTC 2021
------------------ testing $PTII/ptolemy/domains/de/test/auto/AssemblyLine.xml
auto.tcl: Setting watchdog for 200 seconds at Thu Jul 08 02:41:53 UTC 2021
16 ms. Memory: 51200K Free: 27147K (53%)
ptolemy.util.test.WatchDog.cancel(): canceling Thu Jul 08 02:41:53 UTC 2021
auto.tcl: Setting watchdog for 200 seconds at Thu Jul 08 02:41:53 UTC 2021
7 ms. Memory: 51200K Free: 26242K (51%)
ptolemy.util.test.WatchDog.cancel(): canceling Thu Jul 08 02:41:53 UTC 2021
------------------ testing $PTII/ptolemy/domains/de/test/auto/CQBug1.xml
auto.tcl: Setting watchdog for 200 seconds at Thu Jul 08 02:41:53 UTC 2021
2 ms. Memory: 51200K Free: 33277K (65%)
ptolemy.util.test.WatchDog.cancel(): canceling Thu Jul 08 02:41:53 UTC 2021
auto.tcl: Setting watchdog for 200 seconds at Thu Jul 08 02:41:53 UTC 2021
2 ms. Memory: 51200K Free: 32826K (64%)
ptolemy.util.test.WatchDog.cancel(): canceling Thu Jul 08 02:41:53 UTC 2021
------------------ testing $PTII/ptolemy/domains/de/test/auto/CancelFireAt.xml
auto.tcl: Setting watchdog for 200 seconds at Thu Jul 08 02:41:53 UTC 2021
2 ms. Memory: 48128K Free: 31664K (66%)
ptolemy.util.test.WatchDog.cancel(): canceling Thu Jul 08 02:41:53 UTC 2021
auto.tcl: Setting watchdog for 200 seconds at Thu Jul 08 02:41:53 UTC 2021
2 ms. Memory: 48128K Free: 31223K (65%)
ptolemy.util.test.WatchDog.cancel(): canceling Thu Jul 08 02:41:53 UTC 2021
------------------ testing $PTII/ptolemy/domains/de/test/auto/CausalityAndComposabilityAnalysis.xml
auto.tcl: Setting watchdog for 200 seconds at Thu Jul 08 02:41:53 UTC 2021
7 ms. Memory: 48128K Free: 29662K (62%)
ptolemy.util.test.WatchDog.cancel(): canceling Thu Jul 08 02:41:53 UTC 2021
auto.tcl: Setting watchdog for 200 seconds at Thu Jul 08 02:41:53 UTC 2021
4 ms. Memory: 48128K Free: 28886K (60%)
ptolemy.util.test.WatchDog.cancel(): canceling Thu Jul 08 02:41:53 UTC 2021
------------------ testing $PTII/ptolemy/domains/de/test/auto/CausalityInterface1.xml
auto.tcl: Setting watchdog for 200 seconds at Thu Jul 08 02:41:53 UTC 2021
20 ms. Memory: 48128K Free: 28331K (59%)
ptolemy.util.test.WatchDog.cancel(): canceling Thu Jul 08 02:41:53 UTC 2021
auto.tcl: Setting watchdog for 200 seconds at Thu Jul 08 02:41:53 UTC 2021
4 ms. Memory: 48128K Free: 27351K (57%)
ptolemy.util.test.WatchDog.cancel(): canceling Thu Jul 08 02:41:53 UTC 2021
------------------ testing $PTII/ptolemy/domains/de/test/auto/CausalityInterface15.xml
auto.tcl: Setting watchdog for 200 seconds at Thu Jul 08 02:41:53 UTC 2021
4 ms. Memory: 48128K Free: 28258K (59%)
ptolemy.util.test.WatchDog.cancel(): canceling Thu Jul 08 02:41:53 UTC 2021
auto.tcl: Setting watchdog for 200 seconds at Thu Jul 08 02:41:53 UTC 2021
6 ms. Memory: 48128K Free: 27276K (57%)
ptolemy.util.test.WatchDog.cancel(): canceling Thu Jul 08 02:41:53 UTC 2021
------------------ testing $PTII/ptolemy/domains/de/test/auto/CausalityInterface2.xml
auto.tcl: Setting watchdog for 200 seconds at Thu Jul 08 02:41:54 UTC 2021
4 ms. Memory: 48128K Free: 28927K (60%)
ptolemy.util.test.WatchDog.cancel(): canceling Thu Jul 08 02:41:54 UTC 2021
auto.tcl: Setting watchdog for 200 seconds at Thu Jul 08 02:41:54 UTC 2021
2 ms. Memory: 48128K Free: 27913K (58%)
ptolemy.util.test.WatchDog.cancel(): canceling Thu Jul 08 02:41:54 UTC 2021
------------------ testing $PTII/ptolemy/domains/de/test/auto/CausalityInterface3.xml
auto.tcl: Setting watchdog for 200 seconds at Thu Jul 08 02:41:54 UTC 2021
3 ms. Memory: 48128K Free: 28509K (59%)
ptolemy.util.test.WatchDog.cancel(): canceling Thu Jul 08 02:41:54 UTC 2021
auto.tcl: Setting watchdog for 200 seconds at Thu Jul 08 02:41:54 UTC 2021
3 ms. Memory: 48128K Free: 28059K (58%)
ptolemy.util.test.WatchDog.cancel(): canceling Thu Jul 08 02:41:54 UTC 2021
------------------ testing $PTII/ptolemy/domains/de/test/auto/ClockDrift.xml
auto.tcl: Setting watchdog for 200 seconds at Thu Jul 08 02:41:54 UTC 2021
80 ms. Memory: 48128K Free: 21095K (44%)
ptolemy.util.test.WatchDog.cancel(): canceling Thu Jul 08 02:41:54 UTC 2021
auto.tcl: Setting watchdog for 200 seconds at Thu Jul 08 02:41:54 UTC 2021
47 ms. Memory: 48128K Free: 18081K (38%)
ptolemy.util.test.WatchDog.cancel(): canceling Thu Jul 08 02:41:54 UTC 2021
------------------ testing $PTII/ptolemy/domains/de/test/auto/ClockDriftAndValueChange.xml
auto.tcl: Setting watchdog for 200 seconds at Thu Jul 08 02:41:54 UTC 2021
37 ms. Memory: 48128K Free: 21192K (44%)
ptolemy.util.test.WatchDog.cancel(): canceling Thu Jul 08 02:41:54 UTC 2021
auto.tcl: Setting watchdog for 200 seconds at Thu Jul 08 02:41:54 UTC 2021
36 ms. Memory: 48128K Free: 18358K (38%)
ptolemy.util.test.WatchDog.cancel(): canceling Thu Jul 08 02:41:54 UTC 2021
------------------ testing $PTII/ptolemy/domains/de/test/auto/ClockDriftChange.xml
auto.tcl: Setting watchdog for 200 seconds at Thu Jul 08 02:41:54 UTC 2021
16 ms. Memory: 48128K Free: 23241K (48%)
ptolemy.util.test.WatchDog.cancel(): canceling Thu Jul 08 02:41:54 UTC 2021
auto.tcl: Setting watchdog for 200 seconds at Thu Jul 08 02:41:54 UTC 2021
13 ms. Memory: 48128K Free: 20664K (43%)
ptolemy.util.test.WatchDog.cancel(): canceling Thu Jul 08 02:41:54 UTC 2021
------------------ testing $PTII/ptolemy/domains/de/test/auto/ComposableCausalityAnalysis.xml
auto.tcl: Setting watchdog for 200 seconds at Thu Jul 08 02:41:54 UTC 2021
2 ms. Memory: 48128K Free: 27834K (58%)
ptolemy.util.test.WatchDog.cancel(): canceling Thu Jul 08 02:41:54 UTC 2021
auto.tcl: Setting watchdog for 200 seconds at Thu Jul 08 02:41:54 UTC 2021
5 ms. Memory: 48128K Free: 26844K (56%)
ptolemy.util.test.WatchDog.cancel(): canceling Thu Jul 08 02:41:54 UTC 2021
------------------ testing $PTII/ptolemy/domains/de/test/auto/DEFixedPointLimitation.xml
auto.tcl: Setting watchdog for 200 seconds at Thu Jul 08 02:41:54 UTC 2021
3 ms. Memory: 48128K Free: 29222K (61%)
ptolemy.util.test.WatchDog.cancel(): canceling Thu Jul 08 02:41:54 UTC 2021
auto.tcl: Setting watchdog for 200 seconds at Thu Jul 08 02:41:54 UTC 2021
2 ms. Memory: 48128K Free: 28305K (59%)
ptolemy.util.test.WatchDog.cancel(): canceling Thu Jul 08 02:41:54 UTC 2021
------------------ testing $PTII/ptolemy/domains/de/test/auto/DEScheduleTest.xml
auto.tcl: Setting watchdog for 200 seconds at Thu Jul 08 02:41:54 UTC 2021
9 ms. Memory: 48128K Free: 29516K (61%)
ptolemy.util.test.WatchDog.cancel(): canceling Thu Jul 08 02:41:54 UTC 2021
auto.tcl: Setting watchdog for 200 seconds at Thu Jul 08 02:41:54 UTC 2021
3 ms. Memory: 48128K Free: 28752K (60%)
ptolemy.util.test.WatchDog.cancel(): canceling Thu Jul 08 02:41:54 UTC 2021
------------------ testing $PTII/ptolemy/domains/de/test/auto/DEinDEwithStartTimes.xml
auto.tcl: Setting watchdog for 200 seconds at Thu Jul 08 02:41:54 UTC 2021
5 ms. Memory: 48128K Free: 27679K (58%)
ptolemy.util.test.WatchDog.cancel(): canceling Thu Jul 08 02:41:54 UTC 2021
auto.tcl: Setting watchdog for 200 seconds at Thu Jul 08 02:41:54 UTC 2021
3 ms. Memory: 48128K Free: 26655K (55%)
ptolemy.util.test.WatchDog.cancel(): canceling Thu Jul 08 02:41:54 UTC 2021
------------------ testing $PTII/ptolemy/domains/de/test/auto/DEinDEwithStartTimes2.xml
auto.tcl: Setting watchdog for 200 seconds at Thu Jul 08 02:41:54 UTC 2021
4 ms. Memory: 48128K Free: 26862K (56%)
ptolemy.util.test.WatchDog.cancel(): canceling Thu Jul 08 02:41:54 UTC 2021
auto.tcl: Setting watchdog for 200 seconds at Thu Jul 08 02:41:54 UTC 2021
2 ms. Memory: 48128K Free: 25609K (53%)
ptolemy.util.test.WatchDog.cancel(): canceling Thu Jul 08 02:41:54 UTC 2021
------------------ testing $PTII/ptolemy/domains/de/test/auto/DateDemo.xml
auto.tcl: Setting watchdog for 200 seconds at Thu Jul 08 02:41:54 UTC 2021
11 ms. Memory: 48128K Free: 21247K (44%)
ptolemy.util.test.WatchDog.cancel(): canceling Thu Jul 08 02:41:55 UTC 2021
auto.tcl: Setting watchdog for 200 seconds at Thu Jul 08 02:41:55 UTC 2021
4 ms. Memory: 48128K Free: 19630K (41%)
ptolemy.util.test.WatchDog.cancel(): canceling Thu Jul 08 02:41:55 UTC 2021
------------------ testing $PTII/ptolemy/domains/de/test/auto/DateToEvent.xml
auto.tcl: Setting watchdog for 200 seconds at Thu Jul 08 02:41:55 UTC 2021
2017 ms. Memory: 48128K Free: 16943K (35%)
ptolemy.util.test.WatchDog.cancel(): canceling Thu Jul 08 02:41:57 UTC 2021
auto.tcl: Setting watchdog for 200 seconds at Thu Jul 08 02:41:57 UTC 2021
2004 ms. Memory: 48128K Free: 16207K (34%)
ptolemy.util.test.WatchDog.cancel(): canceling Thu Jul 08 02:41:59 UTC 2021
------------------ testing $PTII/ptolemy/domains/de/test/auto/DepthTest1.xml
auto.tcl: Setting watchdog for 200 seconds at Thu Jul 08 02:41:59 UTC 2021
3 ms. Memory: 48128K Free: 30317K (63%)
ptolemy.util.test.WatchDog.cancel(): canceling Thu Jul 08 02:41:59 UTC 2021
auto.tcl: Setting watchdog for 200 seconds at Thu Jul 08 02:41:59 UTC 2021
2 ms. Memory: 48128K Free: 29913K (62%)
ptolemy.util.test.WatchDog.cancel(): canceling Thu Jul 08 02:41:59 UTC 2021
------------------ testing $PTII/ptolemy/domains/de/test/auto/DepthTest2.xml
auto.tcl: Setting watchdog for 200 seconds at Thu Jul 08 02:41:59 UTC 2021
4 ms. Memory: 48128K Free: 27195K (57%)
ptolemy.util.test.WatchDog.cancel(): canceling Thu Jul 08 02:41:59 UTC 2021
auto.tcl: Setting watchdog for 200 seconds at Thu Jul 08 02:41:59 UTC 2021
2 ms. Memory: 48128K Free: 26783K (56%)
ptolemy.util.test.WatchDog.cancel(): canceling Thu Jul 08 02:41:59 UTC 2021
------------------ testing $PTII/ptolemy/domains/de/test/auto/DepthTest3.xml
auto.tcl: Setting watchdog for 200 seconds at Thu Jul 08 02:41:59 UTC 2021
5 ms. Memory: 48128K Free: 30646K (64%)
ptolemy.util.test.WatchDog.cancel(): canceling Thu Jul 08 02:41:59 UTC 2021
auto.tcl: Setting watchdog for 200 seconds at Thu Jul 08 02:41:59 UTC 2021
2 ms. Memory: 48128K Free: 30264K (63%)
ptolemy.util.test.WatchDog.cancel(): canceling Thu Jul 08 02:41:59 UTC 2021
------------------ testing $PTII/ptolemy/domains/de/test/auto/DepthTest4.xml
auto.tcl: Setting watchdog for 200 seconds at Thu Jul 08 02:41:59 UTC 2021
3 ms. Memory: 48128K Free: 28997K (60%)
ptolemy.util.test.WatchDog.cancel(): canceling Thu Jul 08 02:41:59 UTC 2021
auto.tcl: Setting watchdog for 200 seconds at Thu Jul 08 02:41:59 UTC 2021
1 ms. Memory: 48128K Free: 28245K (59%)
ptolemy.util.test.WatchDog.cancel(): canceling Thu Jul 08 02:41:59 UTC 2021
------------------ testing $PTII/ptolemy/domains/de/test/auto/DepthTest5.xml
auto.tcl: Setting watchdog for 200 seconds at Thu Jul 08 02:41:59 UTC 2021
4 ms. Memory: 48128K Free: 28155K (59%)
ptolemy.util.test.WatchDog.cancel(): canceling Thu Jul 08 02:41:59 UTC 2021
auto.tcl: Setting watchdog for 200 seconds at Thu Jul 08 02:41:59 UTC 2021
2 ms. Memory: 48128K Free: 27775K (58%)
ptolemy.util.test.WatchDog.cancel(): canceling Thu Jul 08 02:41:59 UTC 2021
------------------ testing $PTII/ptolemy/domains/de/test/auto/DepthTest6.xml
auto.tcl: Setting watchdog for 200 seconds at Thu Jul 08 02:41:59 UTC 2021
3 ms. Memory: 48128K Free: 28106K (58%)
ptolemy.util.test.WatchDog.cancel(): canceling Thu Jul 08 02:41:59 UTC 2021
auto.tcl: Setting watchdog for 200 seconds at Thu Jul 08 02:41:59 UTC 2021
2 ms. Memory: 48128K Free: 27685K (58%)
ptolemy.util.test.WatchDog.cancel(): canceling Thu Jul 08 02:41:59 UTC 2021
------------------ testing $PTII/ptolemy/domains/de/test/auto/DepthTest7.xml
auto.tcl: Setting watchdog for 200 seconds at Thu Jul 08 02:41:59 UTC 2021
2 ms. Memory: 48128K Free: 28687K (60%)
ptolemy.util.test.WatchDog.cancel(): canceling Thu Jul 08 02:41:59 UTC 2021
auto.tcl: Setting watchdog for 200 seconds at Thu Jul 08 02:41:59 UTC 2021
2 ms. Memory: 48128K Free: 27765K (58%)
ptolemy.util.test.WatchDog.cancel(): canceling Thu Jul 08 02:41:59 UTC 2021
------------------ testing $PTII/ptolemy/domains/de/test/auto/EventToDate.xml
auto.tcl: Setting watchdog for 200 seconds at Thu Jul 08 02:41:59 UTC 2021
3007 ms. Memory: 48128K Free: 19726K (41%)
ptolemy.util.test.WatchDog.cancel(): canceling Thu Jul 08 02:42:02 UTC 2021
auto.tcl: Setting watchdog for 200 seconds at Thu Jul 08 02:42:02 UTC 2021
3005 ms. Memory: 48128K Free: 19012K (40%)
ptolemy.util.test.WatchDog.cancel(): canceling Thu Jul 08 02:42:05 UTC 2021
------------------ testing $PTII/ptolemy/domains/de/test/auto/FSM1.xml
auto.tcl: Setting watchdog for 200 seconds at Thu Jul 08 02:42:05 UTC 2021
23 ms. Memory: 48128K Free: 20412K (42%)
ptolemy.util.test.WatchDog.cancel(): canceling Thu Jul 08 02:42:05 UTC 2021
auto.tcl: Setting watchdog for 200 seconds at Thu Jul 08 02:42:05 UTC 2021
21 ms. Memory: 48128K Free: 17245K (36%)
ptolemy.util.test.WatchDog.cancel(): canceling Thu Jul 08 02:42:05 UTC 2021
------------------ testing $PTII/ptolemy/domains/de/test/auto/FSM7.xml
auto.tcl: Setting watchdog for 200 seconds at Thu Jul 08 02:42:05 UTC 2021
14 ms. Memory: 48128K Free: 20597K (43%)
ptolemy.util.test.WatchDog.cancel(): canceling Thu Jul 08 02:42:05 UTC 2021
auto.tcl: Setting watchdog for 200 seconds at Thu Jul 08 02:42:05 UTC 2021
16 ms. Memory: 48128K Free: 17454K (36%)
ptolemy.util.test.WatchDog.cancel(): canceling Thu Jul 08 02:42:05 UTC 2021
------------------ testing $PTII/ptolemy/domains/de/test/auto/Inspection.xml
auto.tcl: Setting watchdog for 200 seconds at Thu Jul 08 02:42:05 UTC 2021
27 ms. Memory: 48128K Free: 20661K (43%)
ptolemy.util.test.WatchDog.cancel(): canceling Thu Jul 08 02:42:06 UTC 2021
auto.tcl: Setting watchdog for 200 seconds at Thu Jul 08 02:42:06 UTC 2021
25 ms. Memory: 48128K Free: 18922K (39%)
ptolemy.util.test.WatchDog.cancel(): canceling Thu Jul 08 02:42:06 UTC 2021
------------------ testing $PTII/ptolemy/domains/de/test/auto/Iteration.xml
auto.tcl: Setting watchdog for 200 seconds at Thu Jul 08 02:42:06 UTC 2021
7 ms. Memory: 48128K Free: 26377K (55%)
ptolemy.util.test.WatchDog.cancel(): canceling Thu Jul 08 02:42:06 UTC 2021
auto.tcl: Setting watchdog for 200 seconds at Thu Jul 08 02:42:06 UTC 2021
5 ms. Memory: 48128K Free: 24978K (52%)
ptolemy.util.test.WatchDog.cancel(): canceling Thu Jul 08 02:42:06 UTC 2021
------------------ testing $PTII/ptolemy/domains/de/test/auto/LineFault.xml
auto.tcl: Setting watchdog for 200 seconds at Thu Jul 08 02:42:06 UTC 2021
594 ms. Memory: 58368K Free: 28617K (49%)
ptolemy.util.test.WatchDog.cancel(): canceling Thu Jul 08 02:42:06 UTC 2021
auto.tcl: Setting watchdog for 200 seconds at Thu Jul 08 02:42:06 UTC 2021
512 ms. Memory: 58368K Free: 20746K (36%)
ptolemy.util.test.WatchDog.cancel(): canceling Thu Jul 08 02:42:07 UTC 2021
------------------ testing $PTII/ptolemy/domains/de/test/auto/MergeModel1Add.xml
auto.tcl: Setting watchdog for 200 seconds at Thu Jul 08 02:42:07 UTC 2021
28 ms. Memory: 55296K Free: 19530K (35%)
ptolemy.util.test.WatchDog.cancel(): canceling Thu Jul 08 02:42:07 UTC 2021
auto.tcl: Setting watchdog for 200 seconds at Thu Jul 08 02:42:07 UTC 2021
11 ms. Memory: 55296K Free: 17870K (32%)
ptolemy.util.test.WatchDog.cancel(): canceling Thu Jul 08 02:42:07 UTC 2021
------------------ testing $PTII/ptolemy/domains/de/test/auto/MergeModel2Add.xml
auto.tcl: Setting watchdog for 200 seconds at Thu Jul 08 02:42:07 UTC 2021
8 ms. Memory: 55296K Free: 21579K (39%)
ptolemy.util.test.WatchDog.cancel(): canceling Thu Jul 08 02:42:07 UTC 2021
auto.tcl: Setting watchdog for 200 seconds at Thu Jul 08 02:42:07 UTC 2021
9 ms. Memory: 55296K Free: 19602K (35%)
ptolemy.util.test.WatchDog.cancel(): canceling Thu Jul 08 02:42:07 UTC 2021
------------------ testing $PTII/ptolemy/domains/de/test/auto/MergeModel3Add.xml
auto.tcl: Setting watchdog for 200 seconds at Thu Jul 08 02:42:07 UTC 2021
9 ms. Memory: 51200K Free: 17526K (34%)
ptolemy.util.test.WatchDog.cancel(): canceling Thu Jul 08 02:42:07 UTC 2021
auto.tcl: Setting watchdog for 200 seconds at Thu Jul 08 02:42:07 UTC 2021
6 ms. Memory: 51200K Free: 16110K (31%)
ptolemy.util.test.WatchDog.cancel(): canceling Thu Jul 08 02:42:07 UTC 2021
------------------ testing $PTII/ptolemy/domains/de/test/auto/MergeWithoutDiscard.xml
auto.tcl: Setting watchdog for 200 seconds at Thu Jul 08 02:42:07 UTC 2021
1 ms. Memory: 51200K Free: 32027K (63%)
ptolemy.util.test.WatchDog.cancel(): canceling Thu Jul 08 02:42:07 UTC 2021
auto.tcl: Setting watchdog for 200 seconds at Thu Jul 08 02:42:07 UTC 2021
1 ms. Memory: 51200K Free: 31592K (62%)
ptolemy.util.test.WatchDog.cancel(): canceling Thu Jul 08 02:42:07 UTC 2021
------------------ testing $PTII/ptolemy/domains/de/test/auto/Modal1.xml
auto.tcl: Setting watchdog for 200 seconds at Thu Jul 08 02:42:07 UTC 2021
17 ms. Memory: 51200K Free: 24223K (47%)
ptolemy.util.test.WatchDog.cancel(): canceling Thu Jul 08 02:42:07 UTC 2021
auto.tcl: Setting watchdog for 200 seconds at Thu Jul 08 02:42:07 UTC 2021
21 ms. Memory: 51200K Free: 20962K (41%)
ptolemy.util.test.WatchDog.cancel(): canceling Thu Jul 08 02:42:08 UTC 2021
------------------ testing $PTII/ptolemy/domains/de/test/auto/Modal2.xml
auto.tcl: Setting watchdog for 200 seconds at Thu Jul 08 02:42:08 UTC 2021
14 ms. Memory: 51200K Free: 24086K (47%)
ptolemy.util.test.WatchDog.cancel(): canceling Thu Jul 08 02:42:08 UTC 2021
auto.tcl: Setting watchdog for 200 seconds at Thu Jul 08 02:42:08 UTC 2021
18 ms. Memory: 51200K Free: 20859K (41%)
ptolemy.util.test.WatchDog.cancel(): canceling Thu Jul 08 02:42:08 UTC 2021
------------------ testing $PTII/ptolemy/domains/de/test/auto/Modal3.xml
auto.tcl: Setting watchdog for 200 seconds at Thu Jul 08 02:42:08 UTC 2021
9 ms. Memory: 51200K Free: 23607K (46%)
ptolemy.util.test.WatchDog.cancel(): canceling Thu Jul 08 02:42:08 UTC 2021
auto.tcl: Setting watchdog for 200 seconds at Thu Jul 08 02:42:08 UTC 2021
11 ms. Memory: 51200K Free: 20471K (40%)
ptolemy.util.test.WatchDog.cancel(): canceling Thu Jul 08 02:42:08 UTC 2021
------------------ testing $PTII/ptolemy/domains/de/test/auto/Modal4.xml
auto.tcl: Setting watchdog for 200 seconds at Thu Jul 08 02:42:08 UTC 2021
12 ms. Memory: 51200K Free: 23040K (45%)
ptolemy.util.test.WatchDog.cancel(): canceling Thu Jul 08 02:42:08 UTC 2021
auto.tcl: Setting watchdog for 200 seconds at Thu Jul 08 02:42:08 UTC 2021
13 ms. Memory: 51200K Free: 19222K (38%)
ptolemy.util.test.WatchDog.cancel(): canceling Thu Jul 08 02:42:08 UTC 2021
------------------ testing $PTII/ptolemy/domains/de/test/auto/Modal5.xml
auto.tcl: Setting watchdog for 200 seconds at Thu Jul 08 02:42:08 UTC 2021
13 ms. Memory: 51200K Free: 23035K (45%)
ptolemy.util.test.WatchDog.cancel(): canceling Thu Jul 08 02:42:08 UTC 2021
auto.tcl: Setting watchdog for 200 seconds at Thu Jul 08 02:42:08 UTC 2021
13 ms. Memory: 51200K Free: 19209K (38%)
ptolemy.util.test.WatchDog.cancel(): canceling Thu Jul 08 02:42:08 UTC 2021
------------------ testing $PTII/ptolemy/domains/de/test/auto/Modal6.xml
auto.tcl: Setting watchdog for 200 seconds at Thu Jul 08 02:42:08 UTC 2021
15 ms. Memory: 51200K Free: 23819K (47%)
ptolemy.util.test.WatchDog.cancel(): canceling Thu Jul 08 02:42:08 UTC 2021
auto.tcl: Setting watchdog for 200 seconds at Thu Jul 08 02:42:08 UTC 2021
13 ms. Memory: 51200K Free: 19834K (39%)
ptolemy.util.test.WatchDog.cancel(): canceling Thu Jul 08 02:42:08 UTC 2021
------------------ testing $PTII/ptolemy/domains/de/test/auto/Modal7.xml
auto.tcl: Setting watchdog for 200 seconds at Thu Jul 08 02:42:08 UTC 2021
14 ms. Memory: 51200K Free: 22789K (45%)
ptolemy.util.test.WatchDog.cancel(): canceling Thu Jul 08 02:42:08 UTC 2021
auto.tcl: Setting watchdog for 200 seconds at Thu Jul 08 02:42:08 UTC 2021
10 ms. Memory: 51200K Free: 19208K (38%)
ptolemy.util.test.WatchDog.cancel(): canceling Thu Jul 08 02:42:08 UTC 2021
------------------ testing $PTII/ptolemy/domains/de/test/auto/ModalModel.xml
auto.tcl: Setting watchdog for 200 seconds at Thu Jul 08 02:42:08 UTC 2021
215 ms. Memory: 51200K Free: 14203K (28%)
ptolemy.util.test.WatchDog.cancel(): canceling Thu Jul 08 02:42:08 UTC 2021
auto.tcl: Setting watchdog for 200 seconds at Thu Jul 08 02:42:08 UTC 2021
198 ms. Memory: 61440K Free: 17941K (29%)
ptolemy.util.test.WatchDog.cancel(): canceling Thu Jul 08 02:42:09 UTC 2021
------------------ testing $PTII/ptolemy/domains/de/test/auto/ModalSource.xml
auto.tcl: Setting watchdog for 200 seconds at Thu Jul 08 02:42:09 UTC 2021
8 ms. Memory: 51200K Free: 27882K (54%)
ptolemy.util.test.WatchDog.cancel(): canceling Thu Jul 08 02:42:09 UTC 2021
auto.tcl: Setting watchdog for 200 seconds at Thu Jul 08 02:42:09 UTC 2021
5 ms. Memory: 51200K Free: 25834K (50%)
ptolemy.util.test.WatchDog.cancel(): canceling Thu Jul 08 02:42:09 UTC 2021
------------------ testing $PTII/ptolemy/domains/de/test/auto/NonInterruptibleTimerZeroDelay.xml
auto.tcl: Setting watchdog for 200 seconds at Thu Jul 08 02:42:09 UTC 2021
3 ms. Memory: 51200K Free: 33094K (65%)
ptolemy.util.test.WatchDog.cancel(): canceling Thu Jul 08 02:42:09 UTC 2021
auto.tcl: Setting watchdog for 200 seconds at Thu Jul 08 02:42:09 UTC 2021
2 ms. Memory: 51200K Free: 32210K (63%)
ptolemy.util.test.WatchDog.cancel(): canceling Thu Jul 08 02:42:09 UTC 2021
------------------ testing $PTII/ptolemy/domains/de/test/auto/OpenQueueingNetwork.xml
auto.tcl: Setting watchdog for 200 seconds at Thu Jul 08 02:42:09 UTC 2021
2606 ms. Memory: 111616K Free: 67217K (60%)
ptolemy.util.test.WatchDog.cancel(): canceling Thu Jul 08 02:42:12 UTC 2021
auto.tcl: Setting watchdog for 200 seconds at Thu Jul 08 02:42:12 UTC 2021
2305 ms. Memory: 134144K Free: 48308K (36%)
ptolemy.util.test.WatchDog.cancel(): canceling Thu Jul 08 02:42:14 UTC 2021
------------------ testing $PTII/ptolemy/domains/de/test/auto/OpenQueuingNetwork.xml
auto.tcl: Setting watchdog for 200 seconds at Thu Jul 08 02:42:14 UTC 2021
219 ms. Memory: 58368K Free: 32636K (56%)
ptolemy.util.test.WatchDog.cancel(): canceling Thu Jul 08 02:42:14 UTC 2021
auto.tcl: Setting watchdog for 200 seconds at Thu Jul 08 02:42:14 UTC 2021
216 ms. Memory: 70656K Free: 26774K (38%)
ptolemy.util.test.WatchDog.cancel(): canceling Thu Jul 08 02:42:14 UTC 2021
------------------ testing $PTII/ptolemy/domains/de/test/auto/PeriodicSampler.xml
auto.tcl: Setting watchdog for 200 seconds at Thu Jul 08 02:42:14 UTC 2021
2 ms. Memory: 51200K Free: 32018K (63%)
ptolemy.util.test.WatchDog.cancel(): canceling Thu Jul 08 02:42:14 UTC 2021
auto.tcl: Setting watchdog for 200 seconds at Thu Jul 08 02:42:14 UTC 2021
2 ms. Memory: 51200K Free: 31498K (62%)
ptolemy.util.test.WatchDog.cancel(): canceling Thu Jul 08 02:42:14 UTC 2021
------------------ testing $PTII/ptolemy/domains/de/test/auto/PersistentIO.xml
auto.tcl: Setting watchdog for 200 seconds at Thu Jul 08 02:42:14 UTC 2021
4 ms. Memory: 51200K Free: 26942K (53%)
ptolemy.util.test.WatchDog.cancel(): canceling Thu Jul 08 02:42:15 UTC 2021
auto.tcl: Setting watchdog for 200 seconds at Thu Jul 08 02:42:15 UTC 2021
3 ms. Memory: 51200K Free: 25422K (50%)
ptolemy.util.test.WatchDog.cancel(): canceling Thu Jul 08 02:42:15 UTC 2021
------------------ testing $PTII/ptolemy/domains/de/test/auto/PortParameterResetOnInitialize.xml
auto.tcl: Setting watchdog for 200 seconds at Thu Jul 08 02:42:15 UTC 2021
2 ms. Memory: 51200K Free: 32132K (63%)
ptolemy.util.test.WatchDog.cancel(): canceling Thu Jul 08 02:42:15 UTC 2021
auto.tcl: Setting watchdog for 200 seconds at Thu Jul 08 02:42:15 UTC 2021
2 ms. Memory: 51200K Free: 31623K (62%)
ptolemy.util.test.WatchDog.cancel(): canceling Thu Jul 08 02:42:15 UTC 2021
------------------ testing $PTII/ptolemy/domains/de/test/auto/PortParameterUpdates.xml
auto.tcl: Setting watchdog for 200 seconds at Thu Jul 08 02:42:15 UTC 2021
4 ms. Memory: 51200K Free: 30235K (59%)
ptolemy.util.test.WatchDog.cancel(): canceling Thu Jul 08 02:42:15 UTC 2021
auto.tcl: Setting watchdog for 200 seconds at Thu Jul 08 02:42:15 UTC 2021
3 ms. Memory: 51200K Free: 28994K (57%)
ptolemy.util.test.WatchDog.cancel(): canceling Thu Jul 08 02:42:15 UTC 2021
------------------ testing $PTII/ptolemy/domains/de/test/auto/QueueAndServer.xml
auto.tcl: Setting watchdog for 200 seconds at Thu Jul 08 02:42:15 UTC 2021
12 ms. Memory: 51200K Free: 28961K (57%)
ptolemy.util.test.WatchDog.cancel(): canceling Thu Jul 08 02:42:15 UTC 2021
auto.tcl: Setting watchdog for 200 seconds at Thu Jul 08 02:42:15 UTC 2021
7 ms. Memory: 51200K Free: 27427K (54%)
ptolemy.util.test.WatchDog.cancel(): canceling Thu Jul 08 02:42:15 UTC 2021
------------------ testing $PTII/ptolemy/domains/de/test/auto/Records.xml
auto.tcl: Setting watchdog for 200 seconds at Thu Jul 08 02:42:15 UTC 2021
5 ms. Memory: 51200K Free: 31177K (61%)
ptolemy.util.test.WatchDog.cancel(): canceling Thu Jul 08 02:42:15 UTC 2021
auto.tcl: Setting watchdog for 200 seconds at Thu Jul 08 02:42:15 UTC 2021
1 ms. Memory: 51200K Free: 30665K (60%)
ptolemy.util.test.WatchDog.cancel(): canceling Thu Jul 08 02:42:15 UTC 2021
------------------ testing $PTII/ptolemy/domains/de/test/auto/ResetTransitionWithStartTime1.xml
auto.tcl: Setting watchdog for 200 seconds at Thu Jul 08 02:42:15 UTC 2021
13 ms. Memory: 51200K Free: 28424K (56%)
ptolemy.util.test.WatchDog.cancel(): canceling Thu Jul 08 02:42:15 UTC 2021
auto.tcl: Setting watchdog for 200 seconds at Thu Jul 08 02:42:15 UTC 2021
6 ms. Memory: 51200K Free: 25873K (51%)
ptolemy.util.test.WatchDog.cancel(): canceling Thu Jul 08 02:42:15 UTC 2021
------------------ testing $PTII/ptolemy/domains/de/test/auto/ResetTransitionWithStartTime2.xml
auto.tcl: Setting watchdog for 200 seconds at Thu Jul 08 02:42:15 UTC 2021
5 ms. Memory: 51200K Free: 28380K (55%)
ptolemy.util.test.WatchDog.cancel(): canceling Thu Jul 08 02:42:15 UTC 2021
auto.tcl: Setting watchdog for 200 seconds at Thu Jul 08 02:42:15 UTC 2021
3 ms. Memory: 51200K Free: 25828K (50%)
ptolemy.util.test.WatchDog.cancel(): canceling Thu Jul 08 02:42:15 UTC 2021
------------------ testing $PTII/ptolemy/domains/de/test/auto/ResetTransitionWithStartTime3.xml
auto.tcl: Setting watchdog for 200 seconds at Thu Jul 08 02:42:15 UTC 2021
7 ms. Memory: 51200K Free: 28381K (55%)
ptolemy.util.test.WatchDog.cancel(): canceling Thu Jul 08 02:42:15 UTC 2021
auto.tcl: Setting watchdog for 200 seconds at Thu Jul 08 02:42:15 UTC 2021
3 ms. Memory: 51200K Free: 26333K (51%)
ptolemy.util.test.WatchDog.cancel(): canceling Thu Jul 08 02:42:15 UTC 2021
------------------ testing $PTII/ptolemy/domains/de/test/auto/ResetTransitionWithStartTime4.xml
auto.tcl: Setting watchdog for 200 seconds at Thu Jul 08 02:42:15 UTC 2021
8 ms. Memory: 51200K Free: 28818K (56%)
ptolemy.util.test.WatchDog.cancel(): canceling Thu Jul 08 02:42:15 UTC 2021
auto.tcl: Setting watchdog for 200 seconds at Thu Jul 08 02:42:15 UTC 2021
4 ms. Memory: 51200K Free: 27354K (53%)
ptolemy.util.test.WatchDog.cancel(): canceling Thu Jul 08 02:42:15 UTC 2021
------------------ testing $PTII/ptolemy/domains/de/test/auto/ResettableTimer1.xml
auto.tcl: Setting watchdog for 200 seconds at Thu Jul 08 02:42:15 UTC 2021
5 ms. Memory: 51200K Free: 32456K (63%)
ptolemy.util.test.WatchDog.cancel(): canceling Thu Jul 08 02:42:15 UTC 2021
auto.tcl: Setting watchdog for 200 seconds at Thu Jul 08 02:42:15 UTC 2021
1 ms. Memory: 51200K Free: 31434K (61%)
ptolemy.util.test.WatchDog.cancel(): canceling Thu Jul 08 02:42:15 UTC 2021
------------------ testing $PTII/ptolemy/domains/de/test/auto/ResettableTimer2.xml
auto.tcl: Setting watchdog for 200 seconds at Thu Jul 08 02:42:15 UTC 2021
2 ms. Memory: 51200K Free: 32512K (64%)
ptolemy.util.test.WatchDog.cancel(): canceling Thu Jul 08 02:42:15 UTC 2021
auto.tcl: Setting watchdog for 200 seconds at Thu Jul 08 02:42:15 UTC 2021
2 ms. Memory: 51200K Free: 31488K (62%)
ptolemy.util.test.WatchDog.cancel(): canceling Thu Jul 08 02:42:15 UTC 2021
------------------ testing $PTII/ptolemy/domains/de/test/auto/ResettableTimer3.xml
auto.tcl: Setting watchdog for 200 seconds at Thu Jul 08 02:42:15 UTC 2021
1 ms. Memory: 51200K Free: 32511K (63%)
ptolemy.util.test.WatchDog.cancel(): canceling Thu Jul 08 02:42:15 UTC 2021
auto.tcl: Setting watchdog for 200 seconds at Thu Jul 08 02:42:15 UTC 2021
1 ms. Memory: 51200K Free: 32511K (63%)
ptolemy.util.test.WatchDog.cancel(): canceling Thu Jul 08 02:42:15 UTC 2021
------------------ testing $PTII/ptolemy/domains/de/test/auto/ResettableTimer4.xml
auto.tcl: Setting watchdog for 200 seconds at Thu Jul 08 02:42:15 UTC 2021
1 ms. Memory: 51200K Free: 32525K (64%)
ptolemy.util.test.WatchDog.cancel(): canceling Thu Jul 08 02:42:15 UTC 2021
auto.tcl: Setting watchdog for 200 seconds at Thu Jul 08 02:42:15 UTC 2021
1 ms. Memory: 51200K Free: 32021K (63%)
ptolemy.util.test.WatchDog.cancel(): canceling Thu Jul 08 02:42:15 UTC 2021
------------------ testing $PTII/ptolemy/domains/de/test/auto/ResettableTimer5.xml
auto.tcl: Setting watchdog for 200 seconds at Thu Jul 08 02:42:15 UTC 2021
1 ms. Memory: 51200K Free: 32003K (63%)
ptolemy.util.test.WatchDog.cancel(): canceling Thu Jul 08 02:42:15 UTC 2021
auto.tcl: Setting watchdog for 200 seconds at Thu Jul 08 02:42:15 UTC 2021
1 ms. Memory: 51200K Free: 31501K (62%)
ptolemy.util.test.WatchDog.cancel(): canceling Thu Jul 08 02:42:15 UTC 2021
------------------ testing $PTII/ptolemy/domains/de/test/auto/ResettableTimer6.xml
auto.tcl: Setting watchdog for 200 seconds at Thu Jul 08 02:42:15 UTC 2021
1 ms. Memory: 51200K Free: 32000K (63%)
ptolemy.util.test.WatchDog.cancel(): canceling Thu Jul 08 02:42:15 UTC 2021
auto.tcl: Setting watchdog for 200 seconds at Thu Jul 08 02:42:15 UTC 2021
1 ms. Memory: 51200K Free: 31490K (62%)
ptolemy.util.test.WatchDog.cancel(): canceling Thu Jul 08 02:42:15 UTC 2021
------------------ testing $PTII/ptolemy/domains/de/test/auto/ServerZeroDelay.xml
auto.tcl: Setting watchdog for 200 seconds at Thu Jul 08 02:42:15 UTC 2021
3 ms. Memory: 51200K Free: 32505K (63%)
ptolemy.util.test.WatchDog.cancel(): canceling Thu Jul 08 02:42:15 UTC 2021
auto.tcl: Setting watchdog for 200 seconds at Thu Jul 08 02:42:15 UTC 2021
2 ms. Memory: 51200K Free: 31481K (61%)
ptolemy.util.test.WatchDog.cancel(): canceling Thu Jul 08 02:42:15 UTC 2021
------------------ testing $PTII/ptolemy/domains/de/test/auto/SmartSender.xml
auto.tcl: Setting watchdog for 200 seconds at Thu Jul 08 02:42:15 UTC 2021
3001 ms. Memory: 51200K Free: 32201K (63%)
ptolemy.util.test.WatchDog.cancel(): canceling Thu Jul 08 02:42:18 UTC 2021
auto.tcl: Setting watchdog for 200 seconds at Thu Jul 08 02:42:18 UTC 2021
3001 ms. Memory: 51200K Free: 31689K (62%)
ptolemy.util.test.WatchDog.cancel(): canceling Thu Jul 08 02:42:21 UTC 2021
------------------ testing $PTII/ptolemy/domains/de/test/auto/ThreadedComposite.xml
auto.tcl: Setting watchdog for 200 seconds at Thu Jul 08 02:42:22 UTC 2021
135 ms. Memory: 51200K Free: 14081K (28%)
ptolemy.util.test.WatchDog.cancel(): canceling Thu Jul 08 02:42:22 UTC 2021
auto.tcl: Setting watchdog for 200 seconds at Thu Jul 08 02:42:22 UTC 2021
106 ms. Memory: 51200K Free: 29032K (57%)
ptolemy.util.test.WatchDog.cancel(): canceling Thu Jul 08 02:42:22 UTC 2021
------------------ testing $PTII/ptolemy/domains/de/test/auto/Time.xml
auto.tcl: Setting watchdog for 200 seconds at Thu Jul 08 02:42:22 UTC 2021
427 ms. Memory: 51200K Free: 7735K (15%)
ptolemy.util.test.WatchDog.cancel(): canceling Thu Jul 08 02:42:22 UTC 2021
auto.tcl: Setting watchdog for 200 seconds at Thu Jul 08 02:42:22 UTC 2021
356 ms. Memory: 51200K Free: 11620K (23%)
ptolemy.util.test.WatchDog.cancel(): canceling Thu Jul 08 02:42:23 UTC 2021
------------------ testing $PTII/ptolemy/domains/de/test/auto/TimeDelayZeroDelay.xml
auto.tcl: Setting watchdog for 200 seconds at Thu Jul 08 02:42:23 UTC 2021
2 ms. Memory: 51200K Free: 32835K (64%)
ptolemy.util.test.WatchDog.cancel(): canceling Thu Jul 08 02:42:23 UTC 2021
auto.tcl: Setting watchdog for 200 seconds at Thu Jul 08 02:42:23 UTC 2021
1 ms. Memory: 51200K Free: 31992K (62%)
ptolemy.util.test.WatchDog.cancel(): canceling Thu Jul 08 02:42:23 UTC 2021
------------------ testing $PTII/ptolemy/domains/de/test/auto/TimerZeroDelay.xml
auto.tcl: Setting watchdog for 200 seconds at Thu Jul 08 02:42:23 UTC 2021
2 ms. Memory: 51200K Free: 32846K (64%)
ptolemy.util.test.WatchDog.cancel(): canceling Thu Jul 08 02:42:23 UTC 2021
auto.tcl: Setting watchdog for 200 seconds at Thu Jul 08 02:42:23 UTC 2021
2 ms. Memory: 51200K Free: 32049K (63%)
ptolemy.util.test.WatchDog.cancel(): canceling Thu Jul 08 02:42:23 UTC 2021
------------------ testing $PTII/ptolemy/domains/de/test/auto/TimingParadox.xml
auto.tcl: Setting watchdog for 200 seconds at Thu Jul 08 02:42:23 UTC 2021
275 ms. Memory: 51200K Free: 20098K (39%)
ptolemy.util.test.WatchDog.cancel(): canceling Thu Jul 08 02:42:23 UTC 2021
auto.tcl: Setting watchdog for 200 seconds at Thu Jul 08 02:42:23 UTC 2021
270 ms. Memory: 51200K Free: 9844K (19%)
ptolemy.util.test.WatchDog.cancel(): canceling Thu Jul 08 02:42:23 UTC 2021
------------------ testing $PTII/ptolemy/domains/de/test/auto/TransferInputs.xml
auto.tcl: Setting watchdog for 200 seconds at Thu Jul 08 02:42:23 UTC 2021
1 ms. Memory: 51200K Free: 30950K (60%)
ptolemy.util.test.WatchDog.cancel(): canceling Thu Jul 08 02:42:24 UTC 2021
auto.tcl: Setting watchdog for 200 seconds at Thu Jul 08 02:42:24 UTC 2021
2 ms. Memory: 51200K Free: 30046K (59%)
ptolemy.util.test.WatchDog.cancel(): canceling Thu Jul 08 02:42:24 UTC 2021
------------------ testing $PTII/ptolemy/domains/de/test/auto/TransferOutputs2.xml
auto.tcl: Setting watchdog for 200 seconds at Thu Jul 08 02:42:24 UTC 2021
2 ms. Memory: 51200K Free: 28378K (55%)
ptolemy.util.test.WatchDog.cancel(): canceling Thu Jul 08 02:42:24 UTC 2021
auto.tcl: Setting watchdog for 200 seconds at Thu Jul 08 02:42:24 UTC 2021
3 ms. Memory: 51200K Free: 26961K (53%)
ptolemy.util.test.WatchDog.cancel(): canceling Thu Jul 08 02:42:24 UTC 2021
------------------ testing $PTII/ptolemy/domains/de/test/auto/Trilateration.xml
auto.tcl: Setting watchdog for 200 seconds at Thu Jul 08 02:42:24 UTC 2021
11634 ms. Memory: 532480K Free: 361143K (68%)
ptolemy.util.test.WatchDog.cancel(): canceling Thu Jul 08 02:42:36 UTC 2021
auto.tcl: Setting watchdog for 200 seconds at Thu Jul 08 02:42:36 UTC 2021
8615 ms. Memory: 532480K Free: 187048K (35%)
ptolemy.util.test.WatchDog.cancel(): canceling Thu Jul 08 02:42:45 UTC 2021
------------------ testing $PTII/ptolemy/domains/de/test/auto/TwoSigmaDelta.xml
auto.tcl: Setting watchdog for 200 seconds at Thu Jul 08 02:42:45 UTC 2021
2275 ms. Memory: 92160K Free: 24504K (27%)
ptolemy.util.test.WatchDog.cancel(): canceling Thu Jul 08 02:42:47 UTC 2021
auto.tcl: Setting watchdog for 200 seconds at Thu Jul 08 02:42:47 UTC 2021
1672 ms. Memory: 92160K Free: 28062K (30%)
ptolemy.util.test.WatchDog.cancel(): canceling Thu Jul 08 02:42:49 UTC 2021
------------------ testing $PTII/ptolemy/domains/de/test/auto/VariableDelay.xml
auto.tcl: Setting watchdog for 200 seconds at Thu Jul 08 02:42:49 UTC 2021
5 ms. Memory: 51200K Free: 31418K (61%)
ptolemy.util.test.WatchDog.cancel(): canceling Thu Jul 08 02:42:49 UTC 2021
auto.tcl: Setting watchdog for 200 seconds at Thu Jul 08 02:42:49 UTC 2021
1 ms. Memory: 51200K Free: 30424K (59%)
ptolemy.util.test.WatchDog.cancel(): canceling Thu Jul 08 02:42:49 UTC 2021
------------------ testing $PTII/ptolemy/domains/de/test/auto/VariableDelay2.xml
auto.tcl: Setting watchdog for 200 seconds at Thu Jul 08 02:42:49 UTC 2021
2 ms. Memory: 51200K Free: 32042K (63%)
ptolemy.util.test.WatchDog.cancel(): canceling Thu Jul 08 02:42:49 UTC 2021
auto.tcl: Setting watchdog for 200 seconds at Thu Jul 08 02:42:49 UTC 2021
1 ms. Memory: 51200K Free: 31532K (62%)
ptolemy.util.test.WatchDog.cancel(): canceling Thu Jul 08 02:42:49 UTC 2021
------------------ testing $PTII/ptolemy/domains/de/test/auto/VariableDelayZeroDelay.xml
auto.tcl: Setting watchdog for 200 seconds at Thu Jul 08 02:42:49 UTC 2021
2 ms. Memory: 51200K Free: 32360K (63%)
ptolemy.util.test.WatchDog.cancel(): canceling Thu Jul 08 02:42:49 UTC 2021
auto.tcl: Setting watchdog for 200 seconds at Thu Jul 08 02:42:49 UTC 2021
2 ms. Memory: 51200K Free: 31818K (62%)
ptolemy.util.test.WatchDog.cancel(): canceling Thu Jul 08 02:42:49 UTC 2021
------------------ testing $PTII/ptolemy/domains/de/test/auto/VariableDelayZeroDelay2.xml
auto.tcl: Setting watchdog for 200 seconds at Thu Jul 08 02:42:49 UTC 2021
1 ms. Memory: 51200K Free: 32359K (63%)
ptolemy.util.test.WatchDog.cancel(): canceling Thu Jul 08 02:42:49 UTC 2021
auto.tcl: Setting watchdog for 200 seconds at Thu Jul 08 02:42:49 UTC 2021
2 ms. Memory: 51200K Free: 31337K (61%)
ptolemy.util.test.WatchDog.cancel(): canceling Thu Jul 08 02:42:49 UTC 2021
------------------ testing $PTII/ptolemy/domains/de/test/auto/deInCt.xml
auto.tcl: Setting watchdog for 200 seconds at Thu Jul 08 02:42:49 UTC 2021
0
1
1
1
1
0
0
0
1
1
0
0
0
1
1
1
0
0
0
1
1
1
1
1
0
0
0
0
1
1
1
1
1
6 ms. Memory: 51200K Free: 31330K (61%)
ptolemy.util.test.WatchDog.cancel(): canceling Thu Jul 08 02:42:49 UTC 2021
auto.tcl: Setting watchdog for 200 seconds at Thu Jul 08 02:42:49 UTC 2021
0
1
1
1
0
0
0
1
1
0
0
0
1
1
1
0
0
0
0
0
1
1
1
0
0
0
1
1
0
0
0
0
0
1
1
1
1
6 ms. Memory: 51200K Free: 29792K (58%)
ptolemy.util.test.WatchDog.cancel(): canceling Thu Jul 08 02:42:49 UTC 2021
------------------ testing $PTII/ptolemy/domains/de/test/auto/deInCt2.xml
auto.tcl: Setting watchdog for 200 seconds at Thu Jul 08 02:42:49 UTC 2021
0
1
1
1
0
0
1
1
1
0
0
1
1
1
0
0
1
1
1
0
0
1
1
1
0
0
1
1
1
0
0
1
1
1
0
0
1
1
1
0
0
0
10 ms. Memory: 51200K Free: 31332K (61%)
ptolemy.util.test.WatchDog.cancel(): canceling Thu Jul 08 02:42:49 UTC 2021
auto.tcl: Setting watchdog for 200 seconds at Thu Jul 08 02:42:49 UTC 2021
0
1
1
1
0
0
1
1
1
0
0
1
1
1
0
0
1
1
1
0
0
1
1
1
0
0
1
1
1
0
0
1
1
1
0
0
1
1
1
0
0
0
9 ms. Memory: 51200K Free: 29788K (58%)
ptolemy.util.test.WatchDog.cancel(): canceling Thu Jul 08 02:42:49 UTC 2021
------------------ testing $PTII/ptolemy/domains/de/test/auto/dynamicCausalityInterface1.xml
auto.tcl: Setting watchdog for 200 seconds at Thu Jul 08 02:42:49 UTC 2021
1 ms. Memory: 51200K Free: 26617K (52%)
ptolemy.util.test.WatchDog.cancel(): canceling Thu Jul 08 02:42:49 UTC 2021
auto.tcl: Setting watchdog for 200 seconds at Thu Jul 08 02:42:49 UTC 2021
1 ms. Memory: 51200K Free: 26207K (51%)
ptolemy.util.test.WatchDog.cancel(): canceling Thu Jul 08 02:42:49 UTC 2021
------------------ testing $PTII/ptolemy/domains/de/test/auto/fsm_de_test.xml
auto.tcl: Setting watchdog for 200 seconds at Thu Jul 08 02:42:50 UTC 2021
7 ms. Memory: 51200K Free: 27130K (53%)
ptolemy.util.test.WatchDog.cancel(): canceling Thu Jul 08 02:42:50 UTC 2021
auto.tcl: Setting watchdog for 200 seconds at Thu Jul 08 02:42:50 UTC 2021
4 ms. Memory: 51200K Free: 25082K (49%)
ptolemy.util.test.WatchDog.cancel(): canceling Thu Jul 08 02:42:50 UTC 2021
------------------ testing $PTII/ptolemy/domains/de/test/auto/functionDependencyReconstruction.xml
auto.tcl: Setting watchdog for 200 seconds at Thu Jul 08 02:42:50 UTC 2021
2 ms. Memory: 51200K Free: 20975K (41%)
ptolemy.util.test.WatchDog.cancel(): canceling Thu Jul 08 02:42:50 UTC 2021
auto.tcl: Setting watchdog for 200 seconds at Thu Jul 08 02:42:50 UTC 2021
3 ms. Memory: 51200K Free: 18927K (37%)
ptolemy.util.test.WatchDog.cancel(): canceling Thu Jul 08 02:42:50 UTC 2021
------------------ testing $PTII/ptolemy/domains/de/test/auto/multirate.xml
auto.tcl: Setting watchdog for 200 seconds at Thu Jul 08 02:42:50 UTC 2021
5 ms. Memory: 51200K Free: 29754K (58%)
ptolemy.util.test.WatchDog.cancel(): canceling Thu Jul 08 02:42:50 UTC 2021
auto.tcl: Setting watchdog for 200 seconds at Thu Jul 08 02:42:50 UTC 2021
2 ms. Memory: 51200K Free: 28025K (55%)
ptolemy.util.test.WatchDog.cancel(): canceling Thu Jul 08 02:42:50 UTC 2021
------------------ testing $PTII/ptolemy/domains/de/test/auto/multirate2.xml
auto.tcl: Setting watchdog for 200 seconds at Thu Jul 08 02:42:50 UTC 2021
3 ms. Memory: 51200K Free: 29934K (58%)
ptolemy.util.test.WatchDog.cancel(): canceling Thu Jul 08 02:42:50 UTC 2021
auto.tcl: Setting watchdog for 200 seconds at Thu Jul 08 02:42:50 UTC 2021
2 ms. Memory: 51200K Free: 28219K (55%)
ptolemy.util.test.WatchDog.cancel(): canceling Thu Jul 08 02:42:50 UTC 2021
------------------ testing $PTII/ptolemy/domains/de/test/auto/realtime.xml
auto.tcl: Setting watchdog for 200 seconds at Thu Jul 08 02:42:50 UTC 2021
10001 ms. Memory: 51200K Free: 31919K (62%)
ptolemy.util.test.WatchDog.cancel(): canceling Thu Jul 08 02:43:00 UTC 2021
auto.tcl: Setting watchdog for 200 seconds at Thu Jul 08 02:43:00 UTC 2021
10001 ms. Memory: 51200K Free: 31275K (61%)
ptolemy.util.test.WatchDog.cancel(): canceling Thu Jul 08 02:43:10 UTC 2021
------------------ testing $PTII/ptolemy/domains/de/test/auto/relationGroup.xml
auto.tcl: Setting watchdog for 200 seconds at Thu Jul 08 02:43:10 UTC 2021
1 ms. Memory: 51200K Free: 33061K (65%)
ptolemy.util.test.WatchDog.cancel(): canceling Thu Jul 08 02:43:10 UTC 2021
auto.tcl: Setting watchdog for 200 seconds at Thu Jul 08 02:43:10 UTC 2021
2 ms. Memory: 51200K Free: 32325K (63%)
ptolemy.util.test.WatchDog.cancel(): canceling Thu Jul 08 02:43:10 UTC 2021
------------------ testing $PTII/ptolemy/domains/de/test/auto/relationGroup2.xml
auto.tcl: Setting watchdog for 200 seconds at Thu Jul 08 02:43:10 UTC 2021
1 ms. Memory: 51200K Free: 33107K (65%)
ptolemy.util.test.WatchDog.cancel(): canceling Thu Jul 08 02:43:10 UTC 2021
auto.tcl: Setting watchdog for 200 seconds at Thu Jul 08 02:43:10 UTC 2021
1 ms. Memory: 51200K Free: 32563K (64%)
ptolemy.util.test.WatchDog.cancel(): canceling Thu Jul 08 02:43:10 UTC 2021
------------------ testing $PTII/ptolemy/domains/de/test/auto/sortWithOpaquePorts.xml
auto.tcl: Setting watchdog for 200 seconds at Thu Jul 08 02:43:10 UTC 2021
2 ms. Memory: 51200K Free: 32095K (63%)
ptolemy.util.test.WatchDog.cancel(): canceling Thu Jul 08 02:43:10 UTC 2021
auto.tcl: Setting watchdog for 200 seconds at Thu Jul 08 02:43:10 UTC 2021
1 ms. Memory: 51200K Free: 30846K (60%)
ptolemy.util.test.WatchDog.cancel(): canceling Thu Jul 08 02:43:10 UTC 2021
------------------ testing $PTII/ptolemy/domains/de/test/auto/transferInputsandOutputs.xml
auto.tcl: Setting watchdog for 200 seconds at Thu Jul 08 02:43:10 UTC 2021
2 ms. Memory: 51200K Free: 29298K (57%)
ptolemy.util.test.WatchDog.cancel(): canceling Thu Jul 08 02:43:10 UTC 2021
auto.tcl: Setting watchdog for 200 seconds at Thu Jul 08 02:43:10 UTC 2021
2 ms. Memory: 51200K Free: 28274K (55%)
ptolemy.util.test.WatchDog.cancel(): canceling Thu Jul 08 02:43:10 UTC 2021
------------------ testing $PTII/ptolemy/domains/de/test/auto/triggerType.xml
auto.tcl: Setting watchdog for 200 seconds at Thu Jul 08 02:43:10 UTC 2021
2 ms. Memory: 51200K Free: 32323K (63%)
ptolemy.util.test.WatchDog.cancel(): canceling Thu Jul 08 02:43:10 UTC 2021
auto.tcl: Setting watchdog for 200 seconds at Thu Jul 08 02:43:10 UTC 2021
1 ms. Memory: 51200K Free: 31299K (61%)
ptolemy.util.test.WatchDog.cancel(): canceling Thu Jul 08 02:43:10 UTC 2021
07/08/21 02:43:10
Failed: 0  Total Tests: 192  ((Passed: 187, Newly Passed: 1)  Known Failed: 5) /home/travis/build/icyphy/ptII/ptolemy/domains/de/test
07/08/21 02:43:10
Failed: 0  Total Tests: 192  ((Passed: 187, Newly Passed: 1)  Known Failed: 5) /home/travis/build/icyphy/ptII/ptolemy/domains/de/test
----------------- testing (KnownFailure) /home/travis/build/icyphy/ptII/ptolemy/domains/de/test/auto/knownFailedTests/DESDFClockTest.xml
2009 ms. Memory: 51200K Free: 25718K (50%)
Known Failure: java.lang.reflect.InvocationTargetException
----------------- testing (KnownFailure) /home/travis/build/icyphy/ptII/ptolemy/domains/de/test/auto/knownFailedTests/DirectFeedback.xml
2 ms. Memory: 51200K Free: 21622K (42%)
Known Failure: java.lang.reflect.InvocationTargetException
----------------- testing (KnownFailure) /home/travis/build/icyphy/ptII/ptolemy/domains/de/test/auto/knownFailedTests/FSMSource.xml
6 ms. Memory: 51200K Free: 13416K (26%)
----------------- testing (KnownFailure) /home/travis/build/icyphy/ptII/ptolemy/domains/de/test/auto/knownFailedTests/HierarchicalModel.xml
3 ms. Memory: 51200K Free: 25417K (50%)
Known Failure: java.lang.reflect.InvocationTargetException
----------------- testing (KnownFailure) /home/travis/build/icyphy/ptII/ptolemy/domains/de/test/auto/knownFailedTests/dependencyLoop.xml
3 ms. Memory: 51200K Free: 10027K (20%)
Known Failure: java.lang.reflect.InvocationTargetException
----------------- testing (KnownFailure) /home/travis/build/icyphy/ptII/ptolemy/domains/de/test/auto/knownFailedTests/dependencyLoop2.xml
3 ms. Memory: 51200K Free: 22896K (45%)
Known Failure: java.lang.reflect.InvocationTargetException
No auto/linux-amd64/*.xml tests in /home/travis/build/icyphy/ptII/ptolemy/domains/de/test
AutoTests.java: About to close Vertx.
AutoTests.java: Vertx closed.

===========================================================================================
----------------- testing Thu Jul 08 02:43:12 UTC 2021 /home/travis/build/icyphy/ptII/ptolemy/domains/de/test/auto/ActorDepthCalculation_actorWithoutPorts.xml
----------------- Instantiating /home/travis/build/icyphy/ptII/ptolemy/domains/de/test/auto/ActorDepthCalculation_actorWithoutPorts.xml
2 ms. Memory: 51200K Free: 16339K (32%)
----------------- Invoking toplevel() on ptolemy.moml.MoMLSimpleApplication@436c13d1
----------------- Done invoking toplevel() on ptolemy.moml.MoMLSimpleApplication@436c13d1
reloadAllAccessors: .ActorDepthCalculation_actorWithoutPorts

===========================================================================================
----------------- testing Thu Jul 08 02:43:12 UTC 2021 /home/travis/build/icyphy/ptII/ptolemy/domains/de/test/auto/AssemblyLine.xml
----------------- Instantiating /home/travis/build/icyphy/ptII/ptolemy/domains/de/test/auto/AssemblyLine.xml
3 ms. Memory: 51200K Free: 9209K (18%)
----------------- Invoking toplevel() on ptolemy.moml.MoMLSimpleApplication@6149d5dc
----------------- Done invoking toplevel() on ptolemy.moml.MoMLSimpleApplication@6149d5dc
reloadAllAccessors: .AssemblyLine

===========================================================================================
----------------- testing Thu Jul 08 02:43:12 UTC 2021 /home/travis/build/icyphy/ptII/ptolemy/domains/de/test/auto/CQBug1.xml
----------------- Instantiating /home/travis/build/icyphy/ptII/ptolemy/domains/de/test/auto/CQBug1.xml
1 ms. Memory: 51200K Free: 33841K (66%)
----------------- Invoking toplevel() on ptolemy.moml.MoMLSimpleApplication@51349242
----------------- Done invoking toplevel() on ptolemy.moml.MoMLSimpleApplication@51349242
reloadAllAccessors: .CQBug1

===========================================================================================
----------------- testing Thu Jul 08 02:43:12 UTC 2021 /home/travis/build/icyphy/ptII/ptolemy/domains/de/test/auto/CancelFireAt.xml
----------------- Instantiating /home/travis/build/icyphy/ptII/ptolemy/domains/de/test/auto/CancelFireAt.xml
2 ms. Memory: 51200K Free: 31153K (61%)
----------------- Invoking toplevel() on ptolemy.moml.MoMLSimpleApplication@29cb5db0
----------------- Done invoking toplevel() on ptolemy.moml.MoMLSimpleApplication@29cb5db0
reloadAllAccessors: .CancelFireAt

===========================================================================================
----------------- testing Thu Jul 08 02:43:12 UTC 2021 /home/travis/build/icyphy/ptII/ptolemy/domains/de/test/auto/CausalityAndComposabilityAnalysis.xml
----------------- Instantiating /home/travis/build/icyphy/ptII/ptolemy/domains/de/test/auto/CausalityAndComposabilityAnalysis.xml
2 ms. Memory: 51200K Free: 27017K (53%)
----------------- Invoking toplevel() on ptolemy.moml.MoMLSimpleApplication@57bed36b
----------------- Done invoking toplevel() on ptolemy.moml.MoMLSimpleApplication@57bed36b
reloadAllAccessors: .CausalityAndComposabilityAnalysis

===========================================================================================
----------------- testing Thu Jul 08 02:43:12 UTC 2021 /home/travis/build/icyphy/ptII/ptolemy/domains/de/test/auto/CausalityInterface1.xml
----------------- Instantiating /home/travis/build/icyphy/ptII/ptolemy/domains/de/test/auto/CausalityInterface1.xml
4 ms. Memory: 51200K Free: 21985K (43%)
----------------- Invoking toplevel() on ptolemy.moml.MoMLSimpleApplication@4d3b21f2
----------------- Done invoking toplevel() on ptolemy.moml.MoMLSimpleApplication@4d3b21f2
reloadAllAccessors: .CausalityInterface1

===========================================================================================
----------------- testing Thu Jul 08 02:43:12 UTC 2021 /home/travis/build/icyphy/ptII/ptolemy/domains/de/test/auto/CausalityInterface15.xml
----------------- Instantiating /home/travis/build/icyphy/ptII/ptolemy/domains/de/test/auto/CausalityInterface15.xml
2 ms. Memory: 51200K Free: 16411K (32%)
----------------- Invoking toplevel() on ptolemy.moml.MoMLSimpleApplication@7d70ab23
----------------- Done invoking toplevel() on ptolemy.moml.MoMLSimpleApplication@7d70ab23
reloadAllAccessors: .CausalityInterface15

===========================================================================================
----------------- testing Thu Jul 08 02:43:12 UTC 2021 /home/travis/build/icyphy/ptII/ptolemy/domains/de/test/auto/CausalityInterface2.xml
----------------- Instantiating /home/travis/build/icyphy/ptII/ptolemy/domains/de/test/auto/CausalityInterface2.xml
2 ms. Memory: 51200K Free: 11760K (23%)
[...]
	at ptolemy.actor.Manager.run(Manager.java:1263)
	at ptolemy.actor.Manager$PtolemyRunThread.run(Manager.java:1933)
java.lang.RuntimeException: Execution failed
	at ptolemy.moml.MoMLSimpleApplication$UnloadThread.run(MoMLSimpleApplication.java:402)
Caused by: ptolemy.kernel.util.IllegalActionException: Actor is not ready to fire.  Perhaps UpSample.prefire() returned false? Try debugging the actor by selecting "Listen to Actor".  Also, for SDF check moml for tokenConsumptionRate on input.
  in .DESDFClockTest.Play Bell.Copy1:SDF Director and .DESDFClockTest.Play Bell.UpSample
	at ptolemy.actor.sched.StaticSchedulingDirector.fire(StaticSchedulingDirector.java:227)
	at ptolemy.domains.sdf.kernel.SDFDirector.fire(SDFDirector.java:500)
	at ptolemy.actor.CompositeActor.fire(CompositeActor.java:455)
	at ptolemy.domains.de.kernel.DEDirector._fire(DEDirector.java:1949)
	at ptolemy.domains.de.kernel.DEDirector.fire(DEDirector.java:502)
	at ptolemy.actor.CompositeActor.fire(CompositeActor.java:455)
	at ptolemy.actor.Manager.iterate(Manager.java:851)
	at ptolemy.actor.Manager.execute(Manager.java:369)
	at ptolemy.actor.Manager.run(Manager.java:1263)
	at ptolemy.actor.Manager$PtolemyRunThread.run(Manager.java:1933)
java.lang.reflect.InvocationTargetException
	at java.base/jdk.internal.reflect.NativeConstructorAccessorImpl.newInstance0(Native Method)
	at java.base/jdk.internal.reflect.NativeConstructorAccessorImpl.newInstance(NativeConstructorAccessorImpl.java:62)
	at java.base/jdk.internal.reflect.DelegatingConstructorAccessorImpl.newInstance(DelegatingConstructorAccessorImpl.java:45)
	at java.base/java.lang.reflect.Constructor.newInstance(Constructor.java:490)
	at ptolemy.util.test.junit.AutoKnownFailedTests.RunModel(AutoKnownFailedTests.java:105)
	at java.base/jdk.internal.reflect.NativeMethodAccessorImpl.invoke0(Native Method)
	at java.base/jdk.internal.reflect.NativeMethodAccessorImpl.invoke(NativeMethodAccessorImpl.java:62)
	at java.base/jdk.internal.reflect.DelegatingMethodAccessorImpl.invoke(DelegatingMethodAccessorImpl.java:43)
	at java.base/java.lang.reflect.Method.invoke(Method.java:566)
	at org.junit.runners.model.FrameworkMethod$1.runReflectiveCall(FrameworkMethod.java:44)
	at org.junit.internal.runners.model.ReflectiveCallable.run(ReflectiveCallable.java:15)
	at org.junit.runners.model.FrameworkMethod.invokeExplosively(FrameworkMethod.java:41)
	at junitparams.internal.InvokeParameterisedMethod.evaluate(InvokeParameterisedMethod.java:102)
	at org.junit.internal.runners.statements.FailOnTimeout$1.run(FailOnTimeout.java:28)
Caused by: ptolemy.kernel.util.IllegalActionException: Actor is not ready to fire.  Perhaps UpSample.prefire() returned false? Try debugging the actor by selecting "Listen to Actor".  Also, for SDF check moml for tokenConsumptionRate on input.
  in .DESDFClockTest.Play Bell.Copy1:SDF Director and .DESDFClockTest.Play Bell.UpSample
	at ptolemy.actor.sched.StaticSchedulingDirector.fire(StaticSchedulingDirector.java:227)
	at ptolemy.domains.sdf.kernel.SDFDirector.fire(SDFDirector.java:500)
	at ptolemy.actor.CompositeActor.fire(CompositeActor.java:455)
	at ptolemy.domains.de.kernel.DEDirector._fire(DEDirector.java:1949)
	at ptolemy.domains.de.kernel.DEDirector.fire(DEDirector.java:502)
	at ptolemy.actor.CompositeActor.fire(CompositeActor.java:455)
	at ptolemy.actor.Manager.iterate(Manager.java:851)
	at ptolemy.actor.Manager.execute(Manager.java:369)
	at ptolemy.actor.Manager.run(Manager.java:1263)
	at ptolemy.actor.Manager$PtolemyRunThread.run(Manager.java:1933)
java.lang.RuntimeException: Execution failed
	at ptolemy.moml.MoMLSimpleApplication$UnloadThread.run(MoMLSimpleApplication.java:402)
Caused by: ptolemy.kernel.util.IllegalActionException: Test fails in iteration 1.
Value was: 1.0. Should have been: 2.0
  in .DirectFeedback.Test
	at ptolemy.actor.lib.Test.fire(Test.java:268)
	at ptolemy.domains.de.kernel.DEDirector._fire(DEDirector.java:1949)
	at ptolemy.domains.de.kernel.DEDirector.fire(DEDirector.java:502)
	at ptolemy.actor.CompositeActor.fire(CompositeActor.java:455)
	at ptolemy.actor.Manager.iterate(Manager.java:851)
	at ptolemy.actor.Manager.execute(Manager.java:369)
	at ptolemy.actor.Manager.run(Manager.java:1263)
	at ptolemy.actor.Manager$PtolemyRunThread.run(Manager.java:1933)
java.lang.reflect.InvocationTargetException
	at java.base/jdk.internal.reflect.NativeConstructorAccessorImpl.newInstance0(Native Method)
	at java.base/jdk.internal.reflect.NativeConstructorAccessorImpl.newInstance(NativeConstructorAccessorImpl.java:62)
	at java.base/jdk.internal.reflect.DelegatingConstructorAccessorImpl.newInstance(DelegatingConstructorAccessorImpl.java:45)
	at java.base/java.lang.reflect.Constructor.newInstance(Constructor.java:490)
	at ptolemy.util.test.junit.AutoKnownFailedTests.RunModel(AutoKnownFailedTests.java:105)
	at java.base/jdk.internal.reflect.NativeMethodAccessorImpl.invoke0(Native Method)
	at java.base/jdk.internal.reflect.NativeMethodAccessorImpl.invoke(NativeMethodAccessorImpl.java:62)
	at java.base/jdk.internal.reflect.DelegatingMethodAccessorImpl.invoke(DelegatingMethodAccessorImpl.java:43)
	at java.base/java.lang.reflect.Method.invoke(Method.java:566)
	at org.junit.runners.model.FrameworkMethod$1.runReflectiveCall(FrameworkMethod.java:44)
	at org.junit.internal.runners.model.ReflectiveCallable.run(ReflectiveCallable.java:15)
	at org.junit.runners.model.FrameworkMethod.invokeExplosively(FrameworkMethod.java:41)
	at junitparams.internal.InvokeParameterisedMethod.evaluate(InvokeParameterisedMethod.java:102)
	at org.junit.internal.runners.statements.FailOnTimeout$1.run(FailOnTimeout.java:28)
Caused by: ptolemy.kernel.util.IllegalActionException: Test fails in iteration 1.
Value was: 1.0. Should have been: 2.0
  in .DirectFeedback.Test
	at ptolemy.actor.lib.Test.fire(Test.java:268)
	at ptolemy.domains.de.kernel.DEDirector._fire(DEDirector.java:1949)
	at ptolemy.domains.de.kernel.DEDirector.fire(DEDirector.java:502)
	at ptolemy.actor.CompositeActor.fire(CompositeActor.java:455)
	at ptolemy.actor.Manager.iterate(Manager.java:851)
	at ptolemy.actor.Manager.execute(Manager.java:369)
	at ptolemy.actor.Manager.run(Manager.java:1263)
	at ptolemy.actor.Manager$PtolemyRunThread.run(Manager.java:1933)
java.lang.RuntimeException: Execution failed
	at ptolemy.moml.MoMLSimpleApplication$UnloadThread.run(MoMLSimpleApplication.java:402)
Caused by: ptolemy.kernel.util.IllegalActionException: Found a zero delay loop containing .HierarchicalModel.A
  in .HierarchicalModel and .HierarchicalModel.A
	at ptolemy.actor.util.CausalityInterfaceForComposites._computeOutputPortDepth(CausalityInterfaceForComposites.java:759)
	at ptolemy.actor.util.CausalityInterfaceForComposites._computeInputDepth(CausalityInterfaceForComposites.java:696)
	at ptolemy.actor.util.CausalityInterfaceForComposites._computeOutputPortDepth(CausalityInterfaceForComposites.java:765)
	at ptolemy.actor.util.CausalityInterfaceForComposites._computeInputDepth(CausalityInterfaceForComposites.java:696)
	at ptolemy.actor.util.CausalityInterfaceForComposites._computeOutputPortDepth(CausalityInterfaceForComposites.java:765)
	at ptolemy.actor.util.CausalityInterfaceForComposites._computeInputDepth(CausalityInterfaceForComposites.java:696)
	at ptolemy.actor.util.CausalityInterfaceForComposites._computeActorDepth(CausalityInterfaceForComposites.java:532)
	at ptolemy.actor.util.CausalityInterfaceForComposites.checkForCycles(CausalityInterfaceForComposites.java:96)
	at ptolemy.domains.de.kernel.DEDirector.preinitialize(DEDirector.java:1338)
	at ptolemy.actor.CompositeActor.preinitialize(CompositeActor.java:1828)
	at ptolemy.actor.Manager.preinitializeAndResolveTypes(Manager.java:1040)
	at ptolemy.actor.Manager.initialize(Manager.java:710)
	at ptolemy.actor.Manager.execute(Manager.java:356)
	at ptolemy.actor.Manager.run(Manager.java:1263)
	at ptolemy.actor.Manager$PtolemyRunThread.run(Manager.java:1933)
java.lang.reflect.InvocationTargetException
	at java.base/jdk.internal.reflect.NativeConstructorAccessorImpl.newInstance0(Native Method)
	at java.base/jdk.internal.reflect.NativeConstructorAccessorImpl.newInstance(NativeConstructorAccessorImpl.java:62)
	at java.base/jdk.internal.reflect.DelegatingConstructorAccessorImpl.newInstance(DelegatingConstructorAccessorImpl.java:45)
	at java.base/java.lang.reflect.Constructor.newInstance(Constructor.java:490)
	at ptolemy.util.test.junit.AutoKnownFailedTests.RunModel(AutoKnownFailedTests.java:105)
	at java.base/jdk.internal.reflect.NativeMethodAccessorImpl.invoke0(Native Method)
	at java.base/jdk.internal.reflect.NativeMethodAccessorImpl.invoke(NativeMethodAccessorImpl.java:62)
	at java.base/jdk.internal.reflect.DelegatingMethodAccessorImpl.invoke(DelegatingMethodAccessorImpl.java:43)
	at java.base/java.lang.reflect.Method.invoke(Method.java:566)
	at org.junit.runners.model.FrameworkMethod$1.runReflectiveCall(FrameworkMethod.java:44)
	at org.junit.internal.runners.model.ReflectiveCallable.run(ReflectiveCallable.java:15)
	at org.junit.runners.model.FrameworkMethod.invokeExplosively(FrameworkMethod.java:41)
	at junitparams.internal.InvokeParameterisedMethod.evaluate(InvokeParameterisedMethod.java:102)
	at org.junit.internal.runners.statements.FailOnTimeout$1.run(FailOnTimeout.java:28)
Caused by: ptolemy.kernel.util.IllegalActionException: Found a zero delay loop containing .HierarchicalModel.A
  in .HierarchicalModel and .HierarchicalModel.A
	at ptolemy.actor.util.CausalityInterfaceForComposites._computeOutputPortDepth(CausalityInterfaceForComposites.java:759)
	at ptolemy.actor.util.CausalityInterfaceForComposites._computeInputDepth(CausalityInterfaceForComposites.java:696)
	at ptolemy.actor.util.CausalityInterfaceForComposites._computeOutputPortDepth(CausalityInterfaceForComposites.java:765)
	at ptolemy.actor.util.CausalityInterfaceForComposites._computeInputDepth(CausalityInterfaceForComposites.java:696)
	at ptolemy.actor.util.CausalityInterfaceForComposites._computeOutputPortDepth(CausalityInterfaceForComposites.java:765)
	at ptolemy.actor.util.CausalityInterfaceForComposites._computeInputDepth(CausalityInterfaceForComposites.java:696)
	at ptolemy.actor.util.CausalityInterfaceForComposites._computeActorDepth(CausalityInterfaceForComposites.java:532)
	at ptolemy.actor.util.CausalityInterfaceForComposites.checkForCycles(CausalityInterfaceForComposites.java:96)
	at ptolemy.domains.de.kernel.DEDirector.preinitialize(DEDirector.java:1338)
	at ptolemy.actor.CompositeActor.preinitialize(CompositeActor.java:1828)
	at ptolemy.actor.Manager.preinitializeAndResolveTypes(Manager.java:1040)
	at ptolemy.actor.Manager.initialize(Manager.java:710)
	at ptolemy.actor.Manager.execute(Manager.java:356)
	at ptolemy.actor.Manager.run(Manager.java:1263)
	at ptolemy.actor.Manager$PtolemyRunThread.run(Manager.java:1933)
java.lang.RuntimeException: Execution failed
	at ptolemy.moml.MoMLSimpleApplication$UnloadThread.run(MoMLSimpleApplication.java:402)
Caused by: ptolemy.kernel.util.IllegalActionException: Found a zero delay loop containing .dependencyLoop.original
  in .dependencyLoop and .dependencyLoop.original
	at ptolemy.actor.util.CausalityInterfaceForComposites._computeOutputPortDepth(CausalityInterfaceForComposites.java:759)
	at ptolemy.actor.util.CausalityInterfaceForComposites._computeInputDepth(CausalityInterfaceForComposites.java:696)
	at ptolemy.actor.util.CausalityInterfaceForComposites._computeOutputPortDepth(CausalityInterfaceForComposites.java:765)
	at ptolemy.actor.util.CausalityInterfaceForComposites._computeInputDepth(CausalityInterfaceForComposites.java:696)
	at ptolemy.actor.util.CausalityInterfaceForComposites._computeOutputPortDepth(CausalityInterfaceForComposites.java:765)
	at ptolemy.actor.util.CausalityInterfaceForComposites._computeInputDepth(CausalityInterfaceForComposites.java:696)
	at ptolemy.actor.util.CausalityInterfaceForComposites._computeActorDepth(CausalityInterfaceForComposites.java:532)
	at ptolemy.actor.util.CausalityInterfaceForComposites.checkForCycles(CausalityInterfaceForComposites.java:96)
	at ptolemy.domains.de.kernel.DEDirector.preinitialize(DEDirector.java:1338)
	at ptolemy.actor.CompositeActor.preinitialize(CompositeActor.java:1828)
	at ptolemy.actor.Manager.preinitializeAndResolveTypes(Manager.java:1040)
	at ptolemy.actor.Manager.initialize(Manager.java:710)
	at ptolemy.actor.Manager.execute(Manager.java:356)
	at ptolemy.actor.Manager.run(Manager.java:1263)
	at ptolemy.actor.Manager$PtolemyRunThread.run(Manager.java:1933)
java.lang.reflect.InvocationTargetException
	at java.base/jdk.internal.reflect.NativeConstructorAccessorImpl.newInstance0(Native Method)
	at java.base/jdk.internal.reflect.NativeConstructorAccessorImpl.newInstance(NativeConstructorAccessorImpl.java:62)
	at java.base/jdk.internal.reflect.DelegatingConstructorAccessorImpl.newInstance(DelegatingConstructorAccessorImpl.java:45)
	at java.base/java.lang.reflect.Constructor.newInstance(Constructor.java:490)
	at ptolemy.util.test.junit.AutoKnownFailedTests.RunModel(AutoKnownFailedTests.java:105)
	at java.base/jdk.internal.reflect.NativeMethodAccessorImpl.invoke0(Native Method)
	at java.base/jdk.internal.reflect.NativeMethodAccessorImpl.invoke(NativeMethodAccessorImpl.java:62)
	at java.base/jdk.internal.reflect.DelegatingMethodAccessorImpl.invoke(DelegatingMethodAccessorImpl.java:43)
	at java.base/java.lang.reflect.Method.invoke(Method.java:566)
	at org.junit.runners.model.FrameworkMethod$1.runReflectiveCall(FrameworkMethod.java:44)
	at org.junit.internal.runners.model.ReflectiveCallable.run(ReflectiveCallable.java:15)
	at org.junit.runners.model.FrameworkMethod.invokeExplosively(FrameworkMethod.java:41)
	at junitparams.internal.InvokeParameterisedMethod.evaluate(InvokeParameterisedMethod.java:102)
	at org.junit.internal.runners.statements.FailOnTimeout$1.run(FailOnTimeout.java:28)
Caused by: ptolemy.kernel.util.IllegalActionException: Found a zero delay loop containing .dependencyLoop.original
  in .dependencyLoop and .dependencyLoop.original
	at ptolemy.actor.util.CausalityInterfaceForComposites._computeOutputPortDepth(CausalityInterfaceForComposites.java:759)
	at ptolemy.actor.util.CausalityInterfaceForComposites._computeInputDepth(CausalityInterfaceForComposites.java:696)
	at ptolemy.actor.util.CausalityInterfaceForComposites._computeOutputPortDepth(CausalityInterfaceForComposites.java:765)
	at ptolemy.actor.util.CausalityInterfaceForComposites._computeInputDepth(CausalityInterfaceForComposites.java:696)
	at ptolemy.actor.util.CausalityInterfaceForComposites._computeOutputPortDepth(CausalityInterfaceForComposites.java:765)
	at ptolemy.actor.util.CausalityInterfaceForComposites._computeInputDepth(CausalityInterfaceForComposites.java:696)
	at ptolemy.actor.util.CausalityInterfaceForComposites._computeActorDepth(CausalityInterfaceForComposites.java:532)
	at ptolemy.actor.util.CausalityInterfaceForComposites.checkForCycles(CausalityInterfaceForComposites.java:96)
	at ptolemy.domains.de.kernel.DEDirector.preinitialize(DEDirector.java:1338)
	at ptolemy.actor.CompositeActor.preinitialize(CompositeActor.java:1828)
	at ptolemy.actor.Manager.preinitializeAndResolveTypes(Manager.java:1040)
	at ptolemy.actor.Manager.initialize(Manager.java:710)
	at ptolemy.actor.Manager.execute(Manager.java:356)
	at ptolemy.actor.Manager.run(Manager.java:1263)
	at ptolemy.actor.Manager$PtolemyRunThread.run(Manager.java:1933)
java.lang.RuntimeException: Execution failed
	at ptolemy.moml.MoMLSimpleApplication$UnloadThread.run(MoMLSimpleApplication.java:402)
Caused by: ptolemy.kernel.util.IllegalActionException: Found a zero delay loop containing .dependencyLoop2.original
  in .dependencyLoop2 and .dependencyLoop2.original
	at ptolemy.actor.util.CausalityInterfaceForComposites._computeOutputPortDepth(CausalityInterfaceForComposites.java:759)
	at ptolemy.actor.util.CausalityInterfaceForComposites._computeInputDepth(CausalityInterfaceForComposites.java:696)
	at ptolemy.actor.util.CausalityInterfaceForComposites._computeOutputPortDepth(CausalityInterfaceForComposites.java:765)
	at ptolemy.actor.util.CausalityInterfaceForComposites._computeInputDepth(CausalityInterfaceForComposites.java:696)
	at ptolemy.actor.util.CausalityInterfaceForComposites._computeOutputPortDepth(CausalityInterfaceForComposites.java:765)
	at ptolemy.actor.util.CausalityInterfaceForComposites._computeInputDepth(CausalityInterfaceForComposites.java:696)
	at ptolemy.actor.util.CausalityInterfaceForComposites._computeActorDepth(CausalityInterfaceForComposites.java:532)
	at ptolemy.actor.util.CausalityInterfaceForComposites.checkForCycles(CausalityInterfaceForComposites.java:96)
	at ptolemy.domains.de.kernel.DEDirector.preinitialize(DEDirector.java:1338)
	at ptolemy.actor.CompositeActor.preinitialize(CompositeActor.java:1828)
	at ptolemy.actor.Manager.preinitializeAndResolveTypes(Manager.java:1040)
	at ptolemy.actor.Manager.initialize(Manager.java:710)
	at ptolemy.actor.Manager.execute(Manager.java:356)
	at ptolemy.actor.Manager.run(Manager.java:1263)
	at ptolemy.actor.Manager$PtolemyRunThread.run(Manager.java:1933)
java.lang.reflect.InvocationTargetException
	at java.base/jdk.internal.reflect.NativeConstructorAccessorImpl.newInstance0(Native Method)
	at java.base/jdk.internal.reflect.NativeConstructorAccessorImpl.newInstance(NativeConstructorAccessorImpl.java:62)
	at java.base/jdk.internal.reflect.DelegatingConstructorAccessorImpl.newInstance(DelegatingConstructorAccessorImpl.java:45)
	at java.base/java.lang.reflect.Constructor.newInstance(Constructor.java:490)
	at ptolemy.util.test.junit.AutoKnownFailedTests.RunModel(AutoKnownFailedTests.java:105)
	at java.base/jdk.internal.reflect.NativeMethodAccessorImpl.invoke0(Native Method)
	at java.base/jdk.internal.reflect.NativeMethodAccessorImpl.invoke(NativeMethodAccessorImpl.java:62)
	at java.base/jdk.internal.reflect.DelegatingMethodAccessorImpl.invoke(DelegatingMethodAccessorImpl.java:43)
	at java.base/java.lang.reflect.Method.invoke(Method.java:566)
	at org.junit.runners.model.FrameworkMethod$1.runReflectiveCall(FrameworkMethod.java:44)
	at org.junit.internal.runners.model.ReflectiveCallable.run(ReflectiveCallable.java:15)
	at org.junit.runners.model.FrameworkMethod.invokeExplosively(FrameworkMethod.java:41)
	at junitparams.internal.InvokeParameterisedMethod.evaluate(InvokeParameterisedMethod.java:102)
	at org.junit.internal.runners.statements.FailOnTimeout$1.run(FailOnTimeout.java:28)
Caused by: ptolemy.kernel.util.IllegalActionException: Found a zero delay loop containing .dependencyLoop2.original
  in .dependencyLoop2 and .dependencyLoop2.original
	at ptolemy.actor.util.CausalityInterfaceForComposites._computeOutputPortDepth(CausalityInterfaceForComposites.java:759)
	at ptolemy.actor.util.CausalityInterfaceForComposites._computeInputDepth(CausalityInterfaceForComposites.java:696)
	at ptolemy.actor.util.CausalityInterfaceForComposites._computeOutputPortDepth(CausalityInterfaceForComposites.java:765)
	at ptolemy.actor.util.CausalityInterfaceForComposites._computeInputDepth(CausalityInterfaceForComposites.java:696)
	at ptolemy.actor.util.CausalityInterfaceForComposites._computeOutputPortDepth(CausalityInterfaceForComposites.java:765)
	at ptolemy.actor.util.CausalityInterfaceForComposites._computeInputDepth(CausalityInterfaceForComposites.java:696)
	at ptolemy.actor.util.CausalityInterfaceForComposites._computeActorDepth(CausalityInterfaceForComposites.java:532)
	at ptolemy.actor.util.CausalityInterfaceForComposites.checkForCycles(CausalityInterfaceForComposites.java:96)
	at ptolemy.domains.de.kernel.DEDirector.preinitialize(DEDirector.java:1338)
	at ptolemy.actor.CompositeActor.preinitialize(CompositeActor.java:1828)
	at ptolemy.actor.Manager.preinitializeAndResolveTypes(Manager.java:1040)
	at ptolemy.actor.Manager.initialize(Manager.java:710)
	at ptolemy.actor.Manager.execute(Manager.java:356)
	at ptolemy.actor.Manager.run(Manager.java:1263)
	at ptolemy.actor.Manager$PtolemyRunThread.run(Manager.java:1933)
]]></system-err>
</testsuite>
