<?xml version="1.0" encoding="UTF-8" ?>
<testsuite errors="0" failures="0" hostname="travis-job-0fedf185-add2-42a9-9632-fb41f3b504d8" name="ptolemy.domains.de.test.junit.JUnitTclTest" skipped="0" tests="101" time="131.896" timestamp="2019-08-05T16:19:51">
  <properties>
[...]
</properties>
  <testcase classname="ptolemy.util.test.junit.TclTests" name="[0] /home/travis/build/icyphy/ptII/ptolemy/domains/de/test/DependencyLoop.tcl (RunTclFile)" time="0.97" />
  <testcase classname="ptolemy.util.test.junit.TclTests" name="[1] /home/travis/build/icyphy/ptII/ptolemy/domains/de/test/RunDETestsAsQSS.tcl (RunTclFile)" time="89.275" />
  <testcase classname="ptolemy.util.test.junit.AutoKnownFailedTests" name="[0] /home/travis/build/icyphy/ptII/ptolemy/domains/de/test/auto/knownFailedTests/DESDFClockTest.xml (RunModel)" time="2.052" />
  <testcase classname="ptolemy.util.test.junit.AutoKnownFailedTests" name="[1] /home/travis/build/icyphy/ptII/ptolemy/domains/de/test/auto/knownFailedTests/DirectFeedback.xml (RunModel)" time="0.02" />
  <testcase classname="ptolemy.util.test.junit.AutoKnownFailedTests" name="[2] /home/travis/build/icyphy/ptII/ptolemy/domains/de/test/auto/knownFailedTests/FSMSource.xml (RunModel)" time="0.023" />
  <testcase classname="ptolemy.util.test.junit.AutoKnownFailedTests" name="[3] /home/travis/build/icyphy/ptII/ptolemy/domains/de/test/auto/knownFailedTests/HierarchicalModel.xml (RunModel)" time="0.059" />
  <testcase classname="ptolemy.util.test.junit.AutoKnownFailedTests" name="[4] /home/travis/build/icyphy/ptII/ptolemy/domains/de/test/auto/knownFailedTests/dependencyLoop.xml (RunModel)" time="0.044" />
  <testcase classname="ptolemy.util.test.junit.AutoKnownFailedTests" name="[5] /home/travis/build/icyphy/ptII/ptolemy/domains/de/test/auto/knownFailedTests/dependencyLoop2.xml (RunModel)" time="0.052" />
  <testcase classname="ptolemy.util.test.junit.AutoNameArchTests" name="[0] ThereAreNoAutoArchTests (RunModel)" time="0.001" />
  <testcase classname="ptolemy.util.test.junit.AutoTests" name="[0] /home/travis/build/icyphy/ptII/ptolemy/domains/de/test/auto/ActorDepthCalculation_actorWithoutPorts.xml (RunModel)" time="0.02" />
  <testcase classname="ptolemy.util.test.junit.AutoTests" name="[1] /home/travis/build/icyphy/ptII/ptolemy/domains/de/test/auto/AssemblyLine.xml (RunModel)" time="0.024" />
  <testcase classname="ptolemy.util.test.junit.AutoTests" name="[2] /home/travis/build/icyphy/ptII/ptolemy/domains/de/test/auto/CQBug1.xml (RunModel)" time="0.01" />
  <testcase classname="ptolemy.util.test.junit.AutoTests" name="[3] /home/travis/build/icyphy/ptII/ptolemy/domains/de/test/auto/CancelFireAt.xml (RunModel)" time="0.015" />
  <testcase classname="ptolemy.util.test.junit.AutoTests" name="[4] /home/travis/build/icyphy/ptII/ptolemy/domains/de/test/auto/CausalityAndComposabilityAnalysis.xml (RunModel)" time="0.013" />
  <testcase classname="ptolemy.util.test.junit.AutoTests" name="[5] /home/travis/build/icyphy/ptII/ptolemy/domains/de/test/auto/CausalityInterface1.xml (RunModel)" time="0.015" />
  <testcase classname="ptolemy.util.test.junit.AutoTests" name="[6] /home/travis/build/icyphy/ptII/ptolemy/domains/de/test/auto/CausalityInterface15.xml (RunModel)" time="0.016" />
  <testcase classname="ptolemy.util.test.junit.AutoTests" name="[7] /home/travis/build/icyphy/ptII/ptolemy/domains/de/test/auto/CausalityInterface2.xml (RunModel)" time="0.014" />
  <testcase classname="ptolemy.util.test.junit.AutoTests" name="[8] /home/travis/build/icyphy/ptII/ptolemy/domains/de/test/auto/CausalityInterface3.xml (RunModel)" time="0.012" />
  <testcase classname="ptolemy.util.test.junit.AutoTests" name="[9] /home/travis/build/icyphy/ptII/ptolemy/domains/de/test/auto/ClockDrift.xml (RunModel)" time="0.042" />
  <testcase classname="ptolemy.util.test.junit.AutoTests" name="[10] /home/travis/build/icyphy/ptII/ptolemy/domains/de/test/auto/ClockDriftAndValueChange.xml (RunModel)" time="0.031" />
  <testcase classname="ptolemy.util.test.junit.AutoTests" name="[11] /home/travis/build/icyphy/ptII/ptolemy/domains/de/test/auto/ClockDriftChange.xml (RunModel)" time="0.036" />
  <testcase classname="ptolemy.util.test.junit.AutoTests" name="[12] /home/travis/build/icyphy/ptII/ptolemy/domains/de/test/auto/ComposableCausalityAnalysis.xml (RunModel)" time="0.014" />
  <testcase classname="ptolemy.util.test.junit.AutoTests" name="[13] /home/travis/build/icyphy/ptII/ptolemy/domains/de/test/auto/DEFixedPointLimitation.xml (RunModel)" time="0.01" />
  <testcase classname="ptolemy.util.test.junit.AutoTests" name="[14] /home/travis/build/icyphy/ptII/ptolemy/domains/de/test/auto/DEScheduleTest.xml (RunModel)" time="0.013" />
  <testcase classname="ptolemy.util.test.junit.AutoTests" name="[15] /home/travis/build/icyphy/ptII/ptolemy/domains/de/test/auto/DEinDEwithStartTimes.xml (RunModel)" time="0.014" />
  <testcase classname="ptolemy.util.test.junit.AutoTests" name="[16] /home/travis/build/icyphy/ptII/ptolemy/domains/de/test/auto/DEinDEwithStartTimes2.xml (RunModel)" time="0.02" />
  <testcase classname="ptolemy.util.test.junit.AutoTests" name="[17] /home/travis/build/icyphy/ptII/ptolemy/domains/de/test/auto/DateDemo.xml (RunModel)" time="0.03" />
  <testcase classname="ptolemy.util.test.junit.AutoTests" name="[18] /home/travis/build/icyphy/ptII/ptolemy/domains/de/test/auto/DateToEvent.xml (RunModel)" time="2.042" />
  <testcase classname="ptolemy.util.test.junit.AutoTests" name="[19] /home/travis/build/icyphy/ptII/ptolemy/domains/de/test/auto/DepthTest1.xml (RunModel)" time="0.009" />
  <testcase classname="ptolemy.util.test.junit.AutoTests" name="[20] /home/travis/build/icyphy/ptII/ptolemy/domains/de/test/auto/DepthTest2.xml (RunModel)" time="0.025" />
  <testcase classname="ptolemy.util.test.junit.AutoTests" name="[21] /home/travis/build/icyphy/ptII/ptolemy/domains/de/test/auto/DepthTest3.xml (RunModel)" time="0.009" />
  <testcase classname="ptolemy.util.test.junit.AutoTests" name="[22] /home/travis/build/icyphy/ptII/ptolemy/domains/de/test/auto/DepthTest4.xml (RunModel)" time="0.018" />
  <testcase classname="ptolemy.util.test.junit.AutoTests" name="[23] /home/travis/build/icyphy/ptII/ptolemy/domains/de/test/auto/DepthTest5.xml (RunModel)" time="0.022" />
  <testcase classname="ptolemy.util.test.junit.AutoTests" name="[24] /home/travis/build/icyphy/ptII/ptolemy/domains/de/test/auto/DepthTest6.xml (RunModel)" time="0.014" />
  <testcase classname="ptolemy.util.test.junit.AutoTests" name="[25] /home/travis/build/icyphy/ptII/ptolemy/domains/de/test/auto/DepthTest7.xml (RunModel)" time="0.015" />
  <testcase classname="ptolemy.util.test.junit.AutoTests" name="[26] /home/travis/build/icyphy/ptII/ptolemy/domains/de/test/auto/EventToDate.xml (RunModel)" time="3.032" />
  <testcase classname="ptolemy.util.test.junit.AutoTests" name="[27] /home/travis/build/icyphy/ptII/ptolemy/domains/de/test/auto/FSM1.xml (RunModel)" time="0.048" />
  <testcase classname="ptolemy.util.test.junit.AutoTests" name="[28] /home/travis/build/icyphy/ptII/ptolemy/domains/de/test/auto/FSM7.xml (RunModel)" time="0.04" />
  <testcase classname="ptolemy.util.test.junit.AutoTests" name="[29] /home/travis/build/icyphy/ptII/ptolemy/domains/de/test/auto/Inspection.xml (RunModel)" time="0.038" />
  <testcase classname="ptolemy.util.test.junit.AutoTests" name="[30] /home/travis/build/icyphy/ptII/ptolemy/domains/de/test/auto/Iteration.xml (RunModel)" time="0.026" />
  <testcase classname="ptolemy.util.test.junit.AutoTests" name="[31] /home/travis/build/icyphy/ptII/ptolemy/domains/de/test/auto/LineFault.xml (RunModel)" time="0.622" />
  <testcase classname="ptolemy.util.test.junit.AutoTests" name="[32] /home/travis/build/icyphy/ptII/ptolemy/domains/de/test/auto/MergeModel1Add.xml (RunModel)" time="0.05" />
  <testcase classname="ptolemy.util.test.junit.AutoTests" name="[33] /home/travis/build/icyphy/ptII/ptolemy/domains/de/test/auto/MergeModel2Add.xml (RunModel)" time="0.033" />
  <testcase classname="ptolemy.util.test.junit.AutoTests" name="[34] /home/travis/build/icyphy/ptII/ptolemy/domains/de/test/auto/MergeModel3Add.xml (RunModel)" time="0.039" />
  <testcase classname="ptolemy.util.test.junit.AutoTests" name="[35] /home/travis/build/icyphy/ptII/ptolemy/domains/de/test/auto/MergeWithoutDiscard.xml (RunModel)" time="0.01" />
  <testcase classname="ptolemy.util.test.junit.AutoTests" name="[36] /home/travis/build/icyphy/ptII/ptolemy/domains/de/test/auto/Modal1.xml (RunModel)" time="0.027" />
  <testcase classname="ptolemy.util.test.junit.AutoTests" name="[37] /home/travis/build/icyphy/ptII/ptolemy/domains/de/test/auto/Modal2.xml (RunModel)" time="0.028" />
  <testcase classname="ptolemy.util.test.junit.AutoTests" name="[38] /home/travis/build/icyphy/ptII/ptolemy/domains/de/test/auto/Modal3.xml (RunModel)" time="0.029" />
  <testcase classname="ptolemy.util.test.junit.AutoTests" name="[39] /home/travis/build/icyphy/ptII/ptolemy/domains/de/test/auto/Modal4.xml (RunModel)" time="0.034" />
  <testcase classname="ptolemy.util.test.junit.AutoTests" name="[40] /home/travis/build/icyphy/ptII/ptolemy/domains/de/test/auto/Modal5.xml (RunModel)" time="0.031" />
  <testcase classname="ptolemy.util.test.junit.AutoTests" name="[41] /home/travis/build/icyphy/ptII/ptolemy/domains/de/test/auto/Modal6.xml (RunModel)" time="0.028" />
  <testcase classname="ptolemy.util.test.junit.AutoTests" name="[42] /home/travis/build/icyphy/ptII/ptolemy/domains/de/test/auto/Modal7.xml (RunModel)" time="0.032" />
  <testcase classname="ptolemy.util.test.junit.AutoTests" name="[43] /home/travis/build/icyphy/ptII/ptolemy/domains/de/test/auto/ModalModel.xml (RunModel)" time="0.186" />
  <testcase classname="ptolemy.util.test.junit.AutoTests" name="[44] /home/travis/build/icyphy/ptII/ptolemy/domains/de/test/auto/ModalSource.xml (RunModel)" time="0.025" />
  <testcase classname="ptolemy.util.test.junit.AutoTests" name="[45] /home/travis/build/icyphy/ptII/ptolemy/domains/de/test/auto/NonInterruptibleTimerZeroDelay.xml (RunModel)" time="0.011" />
  <testcase classname="ptolemy.util.test.junit.AutoTests" name="[46] /home/travis/build/icyphy/ptII/ptolemy/domains/de/test/auto/OpenQueueingNetwork.xml (RunModel)" time="2.396" />
  <testcase classname="ptolemy.util.test.junit.AutoTests" name="[47] /home/travis/build/icyphy/ptII/ptolemy/domains/de/test/auto/OpenQueuingNetwork.xml (RunModel)" time="0.307" />
  <testcase classname="ptolemy.util.test.junit.AutoTests" name="[48] /home/travis/build/icyphy/ptII/ptolemy/domains/de/test/auto/PeriodicSampler.xml (RunModel)" time="0.01" />
  <testcase classname="ptolemy.util.test.junit.AutoTests" name="[49] /home/travis/build/icyphy/ptII/ptolemy/domains/de/test/auto/PersistentIO.xml (RunModel)" time="0.025" />
  <testcase classname="ptolemy.util.test.junit.AutoTests" name="[50] /home/travis/build/icyphy/ptII/ptolemy/domains/de/test/auto/PortParameterResetOnInitialize.xml (RunModel)" time="0.013" />
  <testcase classname="ptolemy.util.test.junit.AutoTests" name="[51] /home/travis/build/icyphy/ptII/ptolemy/domains/de/test/auto/PortParameterUpdates.xml (RunModel)" time="0.017" />
  <testcase classname="ptolemy.util.test.junit.AutoTests" name="[52] /home/travis/build/icyphy/ptII/ptolemy/domains/de/test/auto/QueueAndServer.xml (RunModel)" time="0.019" />
  <testcase classname="ptolemy.util.test.junit.AutoTests" name="[53] /home/travis/build/icyphy/ptII/ptolemy/domains/de/test/auto/Records.xml (RunModel)" time="0.013" />
  <testcase classname="ptolemy.util.test.junit.AutoTests" name="[54] /home/travis/build/icyphy/ptII/ptolemy/domains/de/test/auto/ResetTransitionWithStartTime1.xml (RunModel)" time="0.016" />
  <testcase classname="ptolemy.util.test.junit.AutoTests" name="[55] /home/travis/build/icyphy/ptII/ptolemy/domains/de/test/auto/ResetTransitionWithStartTime2.xml (RunModel)" time="0.018" />
  <testcase classname="ptolemy.util.test.junit.AutoTests" name="[56] /home/travis/build/icyphy/ptII/ptolemy/domains/de/test/auto/ResetTransitionWithStartTime3.xml (RunModel)" time="0.016" />
  <testcase classname="ptolemy.util.test.junit.AutoTests" name="[57] /home/travis/build/icyphy/ptII/ptolemy/domains/de/test/auto/ResetTransitionWithStartTime4.xml (RunModel)" time="0.016" />
  <testcase classname="ptolemy.util.test.junit.AutoTests" name="[58] /home/travis/build/icyphy/ptII/ptolemy/domains/de/test/auto/ResettableTimer1.xml (RunModel)" time="0.011" />
  <testcase classname="ptolemy.util.test.junit.AutoTests" name="[59] /home/travis/build/icyphy/ptII/ptolemy/domains/de/test/auto/ResettableTimer2.xml (RunModel)" time="0.009" />
  <testcase classname="ptolemy.util.test.junit.AutoTests" name="[60] /home/travis/build/icyphy/ptII/ptolemy/domains/de/test/auto/ResettableTimer3.xml (RunModel)" time="0.009" />
  <testcase classname="ptolemy.util.test.junit.AutoTests" name="[61] /home/travis/build/icyphy/ptII/ptolemy/domains/de/test/auto/ResettableTimer4.xml (RunModel)" time="0.01" />
  <testcase classname="ptolemy.util.test.junit.AutoTests" name="[62] /home/travis/build/icyphy/ptII/ptolemy/domains/de/test/auto/ResettableTimer5.xml (RunModel)" time="0.008" />
  <testcase classname="ptolemy.util.test.junit.AutoTests" name="[63] /home/travis/build/icyphy/ptII/ptolemy/domains/de/test/auto/ResettableTimer6.xml (RunModel)" time="0.015" />
  <testcase classname="ptolemy.util.test.junit.AutoTests" name="[64] /home/travis/build/icyphy/ptII/ptolemy/domains/de/test/auto/ServerZeroDelay.xml (RunModel)" time="0.01" />
  <testcase classname="ptolemy.util.test.junit.AutoTests" name="[65] /home/travis/build/icyphy/ptII/ptolemy/domains/de/test/auto/SmartSender.xml (RunModel)" time="3.009" />
  <testcase classname="ptolemy.util.test.junit.AutoTests" name="[66] /home/travis/build/icyphy/ptII/ptolemy/domains/de/test/auto/ThreadedComposite.xml (RunModel)" time="0.399" />
  <testcase classname="ptolemy.util.test.junit.AutoTests" name="[67] /home/travis/build/icyphy/ptII/ptolemy/domains/de/test/auto/Time.xml (RunModel)" time="0.446" />
  <testcase classname="ptolemy.util.test.junit.AutoTests" name="[68] /home/travis/build/icyphy/ptII/ptolemy/domains/de/test/auto/TimeDelayZeroDelay.xml (RunModel)" time="0.014" />
  <testcase classname="ptolemy.util.test.junit.AutoTests" name="[69] /home/travis/build/icyphy/ptII/ptolemy/domains/de/test/auto/TimerZeroDelay.xml (RunModel)" time="0.009" />
  <testcase classname="ptolemy.util.test.junit.AutoTests" name="[70] /home/travis/build/icyphy/ptII/ptolemy/domains/de/test/auto/TimingParadox.xml (RunModel)" time="0.386" />
  <testcase classname="ptolemy.util.test.junit.AutoTests" name="[71] /home/travis/build/icyphy/ptII/ptolemy/domains/de/test/auto/TransferInputs.xml (RunModel)" time="0.015" />
  <testcase classname="ptolemy.util.test.junit.AutoTests" name="[72] /home/travis/build/icyphy/ptII/ptolemy/domains/de/test/auto/TransferOutputs2.xml (RunModel)" time="0.015" />
  <testcase classname="ptolemy.util.test.junit.AutoTests" name="[73] /home/travis/build/icyphy/ptII/ptolemy/domains/de/test/auto/Trilateration.xml (RunModel)" time="12.616" />
  <testcase classname="ptolemy.util.test.junit.AutoTests" name="[74] /home/travis/build/icyphy/ptII/ptolemy/domains/de/test/auto/TwoSigmaDelta.xml (RunModel)" time="2.003" />
  <testcase classname="ptolemy.util.test.junit.AutoTests" name="[75] /home/travis/build/icyphy/ptII/ptolemy/domains/de/test/auto/VariableDelay.xml (RunModel)" time="0.017" />
  <testcase classname="ptolemy.util.test.junit.AutoTests" name="[76] /home/travis/build/icyphy/ptII/ptolemy/domains/de/test/auto/VariableDelay2.xml (RunModel)" time="0.014" />
  <testcase classname="ptolemy.util.test.junit.AutoTests" name="[77] /home/travis/build/icyphy/ptII/ptolemy/domains/de/test/auto/VariableDelayZeroDelay.xml (RunModel)" time="0.017" />
  <testcase classname="ptolemy.util.test.junit.AutoTests" name="[78] /home/travis/build/icyphy/ptII/ptolemy/domains/de/test/auto/VariableDelayZeroDelay2.xml (RunModel)" time="0.008" />
  <testcase classname="ptolemy.util.test.junit.AutoTests" name="[79] /home/travis/build/icyphy/ptII/ptolemy/domains/de/test/auto/deInCt.xml (RunModel)" time="0.015" />
  <testcase classname="ptolemy.util.test.junit.AutoTests" name="[80] /home/travis/build/icyphy/ptII/ptolemy/domains/de/test/auto/deInCt2.xml (RunModel)" time="0.015" />
  <testcase classname="ptolemy.util.test.junit.AutoTests" name="[81] /home/travis/build/icyphy/ptII/ptolemy/domains/de/test/auto/dynamicCausalityInterface1.xml (RunModel)" time="0.016" />
  <testcase classname="ptolemy.util.test.junit.AutoTests" name="[82] /home/travis/build/icyphy/ptII/ptolemy/domains/de/test/auto/fsm_de_test.xml (RunModel)" time="0.022" />
  <testcase classname="ptolemy.util.test.junit.AutoTests" name="[83] /home/travis/build/icyphy/ptII/ptolemy/domains/de/test/auto/functionDependencyReconstruction.xml (RunModel)" time="0.028" />
  <testcase classname="ptolemy.util.test.junit.AutoTests" name="[84] /home/travis/build/icyphy/ptII/ptolemy/domains/de/test/auto/multirate.xml (RunModel)" time="0.014" />
  <testcase classname="ptolemy.util.test.junit.AutoTests" name="[85] /home/travis/build/icyphy/ptII/ptolemy/domains/de/test/auto/multirate2.xml (RunModel)" time="0.018" />
  <testcase classname="ptolemy.util.test.junit.AutoTests" name="[86] /home/travis/build/icyphy/ptII/ptolemy/domains/de/test/auto/realtime.xml (RunModel)" time="10.01" />
  <testcase classname="ptolemy.util.test.junit.AutoTests" name="[87] /home/travis/build/icyphy/ptII/ptolemy/domains/de/test/auto/relationGroup.xml (RunModel)" time="0.011" />
  <testcase classname="ptolemy.util.test.junit.AutoTests" name="[88] /home/travis/build/icyphy/ptII/ptolemy/domains/de/test/auto/relationGroup2.xml (RunModel)" time="0.009" />
  <testcase classname="ptolemy.util.test.junit.AutoTests" name="[89] /home/travis/build/icyphy/ptII/ptolemy/domains/de/test/auto/sortWithOpaquePorts.xml (RunModel)" time="0.008" />
  <testcase classname="ptolemy.util.test.junit.AutoTests" name="[90] /home/travis/build/icyphy/ptII/ptolemy/domains/de/test/auto/transferInputsandOutputs.xml (RunModel)" time="0.015" />
  <testcase classname="ptolemy.util.test.junit.AutoTests" name="[91] /home/travis/build/icyphy/ptII/ptolemy/domains/de/test/auto/triggerType.xml (RunModel)" time="0.012" />
  <system-out><![CDATA[/home/travis/build/icyphy/ptII/ptolemy/domains/de/test/DependencyLoop.tcl
testDefs.tcl: setting time out to 9000 seconds at Mon Aug 05 16:19:51 UTC 2019
74 ms. Memory: 120832K Free: 72134K (60%)
26 ms. Memory: 120832K Free: 54711K (45%)
/home/travis/build/icyphy/ptII/ptolemy/domains/de/test/RunDETestsAsQSS.tcl
Run the DE tests using ptolemy.domains.qss.test.QSSDirectorTest, which extends QSSDirector and prints a message in the constructors.
------------------ testing $PTII/ptolemy/domains/de/test/auto/knownFailedTests/DirectFeedback.xml (Known Failure) 
47 ms. Memory: 120832K Free: 49096K (41%)


==== $PTIIhome/travis/build/icyphy/ptII/ptolemy/domains/de/test/../../../../: Auto Automatic test in file $PTII/ptolemy/domains/de/test/auto/knownFailedTests/DirectFeedback.xml
==== Contents of test case:

	    # FIXME: we should use $relativeFilename here, but it
	    # might have backslashes under Windows, which causes no end
	    # of trouble.
	    createAndExecute $file
	    list {}
	
.... Test generated KNOWN error:
    while executing
ptolemy.kernel.util.IllegalActionException: Test fails in iteration 1.
Value was: 1.0. Should have been: 2.0
  in .DirectFeedback.Test
	at ptolemy.actor.lib.Test.fire(Test.java:268)
	at ptolemy.domains.de.kernel.DEDirector._fire(DEDirector.java:1949)
	at ptolemy.domains.de.kernel.DEDirector.fire(DEDirector.java:502)
	at ptolemy.actor.CompositeActor.fire(CompositeActor.java:455)
	at ptolemy.actor.Manager.iterate(Manager.java:851)
	at ptolemy.actor.Manager.execute(Manager.java:369)
	at ptolemy.actor.Manager.run(Manager.java:1263)
	at ptolemy.actor.Manager$PtolemyRunThread.run(Manager.java:1933)

    while executing
ptolemy.kernel.util.IllegalActionException: Test fails in iteration 1.
Value was: 1.0. Should have been: 2.0
  in .DirectFeedback.Test
    while executing
"java::new ptolemy.moml.MoMLSimpleApplication $file
"
    (procedure "createAndExecute" line 2)
    invoked from within
"createAndExecute $file"
    ("uplevel" body line 5)
    invoked from within
"uplevel $contents_of_test"
------------------ testing $PTII/ptolemy/domains/de/test/auto/knownFailedTests/dependencyLoop.xml (Known Failure) 
16 ms. Memory: 120832K Free: 46024K (38%)


==== $PTIIhome/travis/build/icyphy/ptII/ptolemy/domains/de/test/../../../../: Auto Automatic test in file $PTII/ptolemy/domains/de/test/auto/knownFailedTests/dependencyLoop.xml
==== Contents of test case:

	    # FIXME: we should use $relativeFilename here, but it
	    # might have backslashes under Windows, which causes no end
	    # of trouble.
	    createAndExecute $file
	    list {}
	
.... Test generated KNOWN error:
    while executing
ptolemy.kernel.util.IllegalActionException: Found a zero delay loop containing .dependencyLoop.original
  in .dependencyLoop and .dependencyLoop.original
	at ptolemy.actor.util.CausalityInterfaceForComposites._computeOutputPortDepth(CausalityInterfaceForComposites.java:759)
	at ptolemy.actor.util.CausalityInterfaceForComposites._computeInputDepth(CausalityInterfaceForComposites.java:696)
	at ptolemy.actor.util.CausalityInterfaceForComposites._computeOutputPortDepth(CausalityInterfaceForComposites.java:765)
	at ptolemy.actor.util.CausalityInterfaceForComposites._computeInputDepth(CausalityInterfaceForComposites.java:696)
	at ptolemy.actor.util.CausalityInterfaceForComposites._computeOutputPortDepth(CausalityInterfaceForComposites.java:765)
	at ptolemy.actor.util.CausalityInterfaceForComposites._computeInputDepth(CausalityInterfaceForComposites.java:696)
	at ptolemy.actor.util.CausalityInterfaceForComposites._computeActorDepth(CausalityInterfaceForComposites.java:532)
	at ptolemy.actor.util.CausalityInterfaceForComposites.checkForCycles(CausalityInterfaceForComposites.java:96)
	at ptolemy.domains.de.kernel.DEDirector.preinitialize(DEDirector.java:1338)
	at ptolemy.actor.CompositeActor.preinitialize(CompositeActor.java:1828)
	at ptolemy.actor.Manager.preinitializeAndResolveTypes(Manager.java:1040)
	at ptolemy.actor.Manager.initialize(Manager.java:710)
	at ptolemy.actor.Manager.execute(Manager.java:356)
	at ptolemy.actor.Manager.run(Manager.java:1263)
	at ptolemy.actor.Manager$PtolemyRunThread.run(Manager.java:1933)

    while executing
ptolemy.kernel.util.IllegalActionException: Found a zero delay loop containing .dependencyLoop.original
  in .dependencyLoop and .dependencyLoop.original
    while executing
"java::new ptolemy.moml.MoMLSimpleApplication $file
"
    (procedure "createAndExecute" line 2)
    invoked from within
"createAndExecute $file"
    ("uplevel" body line 5)
    invoked from within
"uplevel $contents_of_test"
------------------ testing $PTII/ptolemy/domains/de/test/auto/knownFailedTests/FSMSource.xml (Known Failure) 
65 ms. Memory: 120832K Free: 99574K (82%)
!!!! Auto was marked as failing, but now passes
------------------ testing $PTII/ptolemy/domains/de/test/auto/knownFailedTests/HierarchicalModel.xml (Known Failure) 
9 ms. Memory: 120832K Free: 82397K (68%)


==== $PTIIhome/travis/build/icyphy/ptII/ptolemy/domains/de/test/../../../../: Auto Automatic test in file $PTII/ptolemy/domains/de/test/auto/knownFailedTests/HierarchicalModel.xml
==== Contents of test case:

	    # FIXME: we should use $relativeFilename here, but it
	    # might have backslashes under Windows, which causes no end
	    # of trouble.
	    createAndExecute $file
	    list {}
	
.... Test generated KNOWN error:
    while executing
ptolemy.kernel.util.IllegalActionException: Found a zero delay loop containing .HierarchicalModel.A
  in .HierarchicalModel and .HierarchicalModel.A
	at ptolemy.actor.util.CausalityInterfaceForComposites._computeOutputPortDepth(CausalityInterfaceForComposites.java:759)
	at ptolemy.actor.util.CausalityInterfaceForComposites._computeInputDepth(CausalityInterfaceForComposites.java:696)
	at ptolemy.actor.util.CausalityInterfaceForComposites._computeOutputPortDepth(CausalityInterfaceForComposites.java:765)
	at ptolemy.actor.util.CausalityInterfaceForComposites._computeInputDepth(CausalityInterfaceForComposites.java:696)
	at ptolemy.actor.util.CausalityInterfaceForComposites._computeOutputPortDepth(CausalityInterfaceForComposites.java:765)
	at ptolemy.actor.util.CausalityInterfaceForComposites._computeInputDepth(CausalityInterfaceForComposites.java:696)
	at ptolemy.actor.util.CausalityInterfaceForComposites._computeActorDepth(CausalityInterfaceForComposites.java:532)
	at ptolemy.actor.util.CausalityInterfaceForComposites.checkForCycles(CausalityInterfaceForComposites.java:96)
	at ptolemy.domains.de.kernel.DEDirector.preinitialize(DEDirector.java:1338)
	at ptolemy.actor.CompositeActor.preinitialize(CompositeActor.java:1828)
	at ptolemy.actor.Manager.preinitializeAndResolveTypes(Manager.java:1040)
	at ptolemy.actor.Manager.initialize(Manager.java:710)
	at ptolemy.actor.Manager.execute(Manager.java:356)
	at ptolemy.actor.Manager.run(Manager.java:1263)
	at ptolemy.actor.Manager$PtolemyRunThread.run(Manager.java:1933)

    while executing
ptolemy.kernel.util.IllegalActionException: Found a zero delay loop containing .HierarchicalModel.A
  in .HierarchicalModel and .HierarchicalModel.A
    while executing
"java::new ptolemy.moml.MoMLSimpleApplication $file
"
    (procedure "createAndExecute" line 2)
    invoked from within
"createAndExecute $file"
    ("uplevel" body line 5)
    invoked from within
"uplevel $contents_of_test"
------------------ testing $PTII/ptolemy/domains/de/test/auto/knownFailedTests/dependencyLoop2.xml (Known Failure) 
11 ms. Memory: 120832K Free: 66820K (55%)


==== $PTIIhome/travis/build/icyphy/ptII/ptolemy/domains/de/test/../../../../: Auto Automatic test in file $PTII/ptolemy/domains/de/test/auto/knownFailedTests/dependencyLoop2.xml
==== Contents of test case:

	    # FIXME: we should use $relativeFilename here, but it
	    # might have backslashes under Windows, which causes no end
	    # of trouble.
	    createAndExecute $file
	    list {}
	
.... Test generated KNOWN error:
    while executing
ptolemy.kernel.util.IllegalActionException: Found a zero delay loop containing .dependencyLoop2.original
  in .dependencyLoop2 and .dependencyLoop2.original
	at ptolemy.actor.util.CausalityInterfaceForComposites._computeOutputPortDepth(CausalityInterfaceForComposites.java:759)
	at ptolemy.actor.util.CausalityInterfaceForComposites._computeInputDepth(CausalityInterfaceForComposites.java:696)
	at ptolemy.actor.util.CausalityInterfaceForComposites._computeOutputPortDepth(CausalityInterfaceForComposites.java:765)
	at ptolemy.actor.util.CausalityInterfaceForComposites._computeInputDepth(CausalityInterfaceForComposites.java:696)
	at ptolemy.actor.util.CausalityInterfaceForComposites._computeOutputPortDepth(CausalityInterfaceForComposites.java:765)
	at ptolemy.actor.util.CausalityInterfaceForComposites._computeInputDepth(CausalityInterfaceForComposites.java:696)
	at ptolemy.actor.util.CausalityInterfaceForComposites._computeActorDepth(CausalityInterfaceForComposites.java:532)
	at ptolemy.actor.util.CausalityInterfaceForComposites.checkForCycles(CausalityInterfaceForComposites.java:96)
	at ptolemy.domains.de.kernel.DEDirector.preinitialize(DEDirector.java:1338)
	at ptolemy.actor.CompositeActor.preinitialize(CompositeActor.java:1828)
	at ptolemy.actor.Manager.preinitializeAndResolveTypes(Manager.java:1040)
	at ptolemy.actor.Manager.initialize(Manager.java:710)
	at ptolemy.actor.Manager.execute(Manager.java:356)
	at ptolemy.actor.Manager.run(Manager.java:1263)
	at ptolemy.actor.Manager$PtolemyRunThread.run(Manager.java:1933)

    while executing
ptolemy.kernel.util.IllegalActionException: Found a zero delay loop containing .dependencyLoop2.original
  in .dependencyLoop2 and .dependencyLoop2.original
    while executing
"java::new ptolemy.moml.MoMLSimpleApplication $file
"
    (procedure "createAndExecute" line 2)
    invoked from within
"createAndExecute $file"
    ("uplevel" body line 5)
    invoked from within
"uplevel $contents_of_test"
------------------ testing $PTII/ptolemy/domains/de/test/auto/knownFailedTests/DESDFClockTest.xml (Known Failure) 
2057 ms. Memory: 120832K Free: 95995K (79%)


==== $PTIIhome/travis/build/icyphy/ptII/ptolemy/domains/de/test/../../../../: Auto Automatic test in file $PTII/ptolemy/domains/de/test/auto/knownFailedTests/DESDFClockTest.xml
==== Contents of test case:

	    # FIXME: we should use $relativeFilename here, but it
	    # might have backslashes under Windows, which causes no end
	    # of trouble.
	    createAndExecute $file
	    list {}
	
.... Test generated KNOWN error:
    while executing
ptolemy.kernel.util.IllegalActionException: Actor is not ready to fire.  Perhaps UpSample.prefire() returned false? Try debugging the actor by selecting "Listen to Actor".  Also, for SDF check moml for tokenConsumptionRate on input.
  in .DESDFClockTest.Play Bell.Copy1:SDF Director and .DESDFClockTest.Play Bell.UpSample
	at ptolemy.actor.sched.StaticSchedulingDirector.fire(StaticSchedulingDirector.java:227)
	at ptolemy.domains.sdf.kernel.SDFDirector.fire(SDFDirector.java:500)
	at ptolemy.actor.CompositeActor.fire(CompositeActor.java:455)
	at ptolemy.domains.de.kernel.DEDirector._fire(DEDirector.java:1949)
	at ptolemy.domains.de.kernel.DEDirector.fire(DEDirector.java:502)
	at ptolemy.actor.CompositeActor.fire(CompositeActor.java:455)
	at ptolemy.actor.Manager.iterate(Manager.java:851)
	at ptolemy.actor.Manager.execute(Manager.java:369)
	at ptolemy.actor.Manager.run(Manager.java:1263)
	at ptolemy.actor.Manager$PtolemyRunThread.run(Manager.java:1933)

    while executing
ptolemy.kernel.util.IllegalActionException: Actor is not ready to fire.  Perhaps UpSample.prefire() returned false? Try debugging the actor by selecting "Listen to Actor".  Also, for SDF check moml for tokenConsumptionRate on input.
  in .DESDFClockTest.Play Bell.Copy1:SDF Director and .DESDFClockTest.Play Bell.UpSample
    while executing
"java::new ptolemy.moml.MoMLSimpleApplication $file
"
    (procedure "createAndExecute" line 2)
    invoked from within
"createAndExecute $file"
    ("uplevel" body line 5)
    invoked from within
"uplevel $contents_of_test"
------------------ testing $PTII/ptolemy/domains/de/test/auto/ActorDepthCalculation_actorWithoutPorts.xml
auto.tcl: Setting watchdog for 200 seconds at Mon Aug 05 16:19:55 UTC 2019
12 ms. Memory: 120832K Free: 88317K (73%)
ptolemy.util.test.WatchDog.cancel(): canceling Mon Aug 05 16:19:55 UTC 2019
auto.tcl: Setting watchdog for 200 seconds at Mon Aug 05 16:19:55 UTC 2019
2 ms. Memory: 120832K Free: 86764K (72%)
ptolemy.util.test.WatchDog.cancel(): canceling Mon Aug 05 16:19:55 UTC 2019
------------------ testing $PTII/ptolemy/domains/de/test/auto/AssemblyLine.xml
auto.tcl: Setting watchdog for 200 seconds at Mon Aug 05 16:19:55 UTC 2019
8 ms. Memory: 48128K Free: 26017K (54%)
ptolemy.util.test.WatchDog.cancel(): canceling Mon Aug 05 16:19:55 UTC 2019
auto.tcl: Setting watchdog for 200 seconds at Mon Aug 05 16:19:55 UTC 2019
7 ms. Memory: 48128K Free: 25315K (53%)
ptolemy.util.test.WatchDog.cancel(): canceling Mon Aug 05 16:19:55 UTC 2019
------------------ testing $PTII/ptolemy/domains/de/test/auto/CQBug1.xml
auto.tcl: Setting watchdog for 200 seconds at Mon Aug 05 16:19:56 UTC 2019
3 ms. Memory: 48128K Free: 31530K (66%)
ptolemy.util.test.WatchDog.cancel(): canceling Mon Aug 05 16:19:56 UTC 2019
auto.tcl: Setting watchdog for 200 seconds at Mon Aug 05 16:19:56 UTC 2019
3 ms. Memory: 48128K Free: 31082K (65%)
ptolemy.util.test.WatchDog.cancel(): canceling Mon Aug 05 16:19:56 UTC 2019
------------------ testing $PTII/ptolemy/domains/de/test/auto/CancelFireAt.xml
auto.tcl: Setting watchdog for 200 seconds at Mon Aug 05 16:19:56 UTC 2019
2 ms. Memory: 45056K Free: 29703K (66%)
ptolemy.util.test.WatchDog.cancel(): canceling Mon Aug 05 16:19:56 UTC 2019
auto.tcl: Setting watchdog for 200 seconds at Mon Aug 05 16:19:56 UTC 2019
5 ms. Memory: 45056K Free: 29299K (65%)
ptolemy.util.test.WatchDog.cancel(): canceling Mon Aug 05 16:19:56 UTC 2019
------------------ testing $PTII/ptolemy/domains/de/test/auto/CausalityAndComposabilityAnalysis.xml
auto.tcl: Setting watchdog for 200 seconds at Mon Aug 05 16:19:56 UTC 2019
11 ms. Memory: 45056K Free: 27459K (61%)
ptolemy.util.test.WatchDog.cancel(): canceling Mon Aug 05 16:19:56 UTC 2019
auto.tcl: Setting watchdog for 200 seconds at Mon Aug 05 16:19:56 UTC 2019
5 ms. Memory: 45056K Free: 27048K (60%)
ptolemy.util.test.WatchDog.cancel(): canceling Mon Aug 05 16:19:56 UTC 2019
------------------ testing $PTII/ptolemy/domains/de/test/auto/CausalityInterface1.xml
auto.tcl: Setting watchdog for 200 seconds at Mon Aug 05 16:19:56 UTC 2019
15 ms. Memory: 45056K Free: 26365K (59%)
ptolemy.util.test.WatchDog.cancel(): canceling Mon Aug 05 16:19:56 UTC 2019
auto.tcl: Setting watchdog for 200 seconds at Mon Aug 05 16:19:56 UTC 2019
8 ms. Memory: 45056K Free: 25412K (56%)
ptolemy.util.test.WatchDog.cancel(): canceling Mon Aug 05 16:19:56 UTC 2019
------------------ testing $PTII/ptolemy/domains/de/test/auto/CausalityInterface15.xml
auto.tcl: Setting watchdog for 200 seconds at Mon Aug 05 16:19:56 UTC 2019
10 ms. Memory: 45056K Free: 25941K (58%)
ptolemy.util.test.WatchDog.cancel(): canceling Mon Aug 05 16:19:56 UTC 2019
auto.tcl: Setting watchdog for 200 seconds at Mon Aug 05 16:19:56 UTC 2019
7 ms. Memory: 45056K Free: 25249K (56%)
ptolemy.util.test.WatchDog.cancel(): canceling Mon Aug 05 16:19:56 UTC 2019
------------------ testing $PTII/ptolemy/domains/de/test/auto/CausalityInterface2.xml
auto.tcl: Setting watchdog for 200 seconds at Mon Aug 05 16:19:56 UTC 2019
3 ms. Memory: 45056K Free: 27177K (60%)
ptolemy.util.test.WatchDog.cancel(): canceling Mon Aug 05 16:19:56 UTC 2019
auto.tcl: Setting watchdog for 200 seconds at Mon Aug 05 16:19:56 UTC 2019
3 ms. Memory: 45056K Free: 26249K (58%)
ptolemy.util.test.WatchDog.cancel(): canceling Mon Aug 05 16:19:56 UTC 2019
------------------ testing $PTII/ptolemy/domains/de/test/auto/CausalityInterface3.xml
auto.tcl: Setting watchdog for 200 seconds at Mon Aug 05 16:19:56 UTC 2019
7 ms. Memory: 45056K Free: 26462K (59%)
ptolemy.util.test.WatchDog.cancel(): canceling Mon Aug 05 16:19:56 UTC 2019
auto.tcl: Setting watchdog for 200 seconds at Mon Aug 05 16:19:56 UTC 2019
3 ms. Memory: 45056K Free: 25699K (57%)
ptolemy.util.test.WatchDog.cancel(): canceling Mon Aug 05 16:19:56 UTC 2019
------------------ testing $PTII/ptolemy/domains/de/test/auto/ClockDrift.xml
auto.tcl: Setting watchdog for 200 seconds at Mon Aug 05 16:19:56 UTC 2019
83 ms. Memory: 45056K Free: 19046K (42%)
ptolemy.util.test.WatchDog.cancel(): canceling Mon Aug 05 16:19:56 UTC 2019
auto.tcl: Setting watchdog for 200 seconds at Mon Aug 05 16:19:56 UTC 2019
33 ms. Memory: 45056K Free: 16029K (36%)
ptolemy.util.test.WatchDog.cancel(): canceling Mon Aug 05 16:19:56 UTC 2019
------------------ testing $PTII/ptolemy/domains/de/test/auto/ClockDriftAndValueChange.xml
auto.tcl: Setting watchdog for 200 seconds at Mon Aug 05 16:19:56 UTC 2019
41 ms. Memory: 45056K Free: 19504K (43%)
ptolemy.util.test.WatchDog.cancel(): canceling Mon Aug 05 16:19:56 UTC 2019
auto.tcl: Setting watchdog for 200 seconds at Mon Aug 05 16:19:56 UTC 2019
36 ms. Memory: 45056K Free: 16270K (36%)
ptolemy.util.test.WatchDog.cancel(): canceling Mon Aug 05 16:19:57 UTC 2019
------------------ testing $PTII/ptolemy/domains/de/test/auto/ClockDriftChange.xml
auto.tcl: Setting watchdog for 200 seconds at Mon Aug 05 16:19:57 UTC 2019
19 ms. Memory: 45056K Free: 21162K (47%)
ptolemy.util.test.WatchDog.cancel(): canceling Mon Aug 05 16:19:57 UTC 2019
auto.tcl: Setting watchdog for 200 seconds at Mon Aug 05 16:19:57 UTC 2019
18 ms. Memory: 45056K Free: 18596K (41%)
ptolemy.util.test.WatchDog.cancel(): canceling Mon Aug 05 16:19:57 UTC 2019
------------------ testing $PTII/ptolemy/domains/de/test/auto/ComposableCausalityAnalysis.xml
auto.tcl: Setting watchdog for 200 seconds at Mon Aug 05 16:19:57 UTC 2019
5 ms. Memory: 45056K Free: 25791K (57%)
ptolemy.util.test.WatchDog.cancel(): canceling Mon Aug 05 16:19:57 UTC 2019
auto.tcl: Setting watchdog for 200 seconds at Mon Aug 05 16:19:57 UTC 2019
2 ms. Memory: 45056K Free: 24754K (55%)
ptolemy.util.test.WatchDog.cancel(): canceling Mon Aug 05 16:19:57 UTC 2019
------------------ testing $PTII/ptolemy/domains/de/test/auto/DEFixedPointLimitation.xml
auto.tcl: Setting watchdog for 200 seconds at Mon Aug 05 16:19:57 UTC 2019
3 ms. Memory: 45056K Free: 27144K (60%)
ptolemy.util.test.WatchDog.cancel(): canceling Mon Aug 05 16:19:57 UTC 2019
auto.tcl: Setting watchdog for 200 seconds at Mon Aug 05 16:19:57 UTC 2019
2 ms. Memory: 45056K Free: 26226K (58%)
ptolemy.util.test.WatchDog.cancel(): canceling Mon Aug 05 16:19:57 UTC 2019
------------------ testing $PTII/ptolemy/domains/de/test/auto/DEScheduleTest.xml
auto.tcl: Setting watchdog for 200 seconds at Mon Aug 05 16:19:57 UTC 2019
11 ms. Memory: 45056K Free: 27437K (61%)
ptolemy.util.test.WatchDog.cancel(): canceling Mon Aug 05 16:19:57 UTC 2019
auto.tcl: Setting watchdog for 200 seconds at Mon Aug 05 16:19:57 UTC 2019
2 ms. Memory: 45056K Free: 26677K (59%)
ptolemy.util.test.WatchDog.cancel(): canceling Mon Aug 05 16:19:57 UTC 2019
------------------ testing $PTII/ptolemy/domains/de/test/auto/DEinDEwithStartTimes.xml
auto.tcl: Setting watchdog for 200 seconds at Mon Aug 05 16:19:57 UTC 2019
5 ms. Memory: 45056K Free: 25631K (57%)
ptolemy.util.test.WatchDog.cancel(): canceling Mon Aug 05 16:19:57 UTC 2019
auto.tcl: Setting watchdog for 200 seconds at Mon Aug 05 16:19:57 UTC 2019
5 ms. Memory: 45056K Free: 24565K (55%)
ptolemy.util.test.WatchDog.cancel(): canceling Mon Aug 05 16:19:57 UTC 2019
------------------ testing $PTII/ptolemy/domains/de/test/auto/DEinDEwithStartTimes2.xml
auto.tcl: Setting watchdog for 200 seconds at Mon Aug 05 16:19:57 UTC 2019
8 ms. Memory: 45056K Free: 24820K (55%)
ptolemy.util.test.WatchDog.cancel(): canceling Mon Aug 05 16:19:57 UTC 2019
auto.tcl: Setting watchdog for 200 seconds at Mon Aug 05 16:19:57 UTC 2019
5 ms. Memory: 45056K Free: 23520K (52%)
ptolemy.util.test.WatchDog.cancel(): canceling Mon Aug 05 16:19:57 UTC 2019
------------------ testing $PTII/ptolemy/domains/de/test/auto/DateDemo.xml
auto.tcl: Setting watchdog for 200 seconds at Mon Aug 05 16:19:57 UTC 2019
17 ms. Memory: 45056K Free: 19473K (43%)
ptolemy.util.test.WatchDog.cancel(): canceling Mon Aug 05 16:19:57 UTC 2019
auto.tcl: Setting watchdog for 200 seconds at Mon Aug 05 16:19:57 UTC 2019
7 ms. Memory: 45056K Free: 17623K (39%)
ptolemy.util.test.WatchDog.cancel(): canceling Mon Aug 05 16:19:57 UTC 2019
------------------ testing $PTII/ptolemy/domains/de/test/auto/DateToEvent.xml
auto.tcl: Setting watchdog for 200 seconds at Mon Aug 05 16:19:57 UTC 2019
2014 ms. Memory: 45056K Free: 15085K (33%)
ptolemy.util.test.WatchDog.cancel(): canceling Mon Aug 05 16:19:59 UTC 2019
auto.tcl: Setting watchdog for 200 seconds at Mon Aug 05 16:19:59 UTC 2019
2004 ms. Memory: 45056K Free: 14335K (32%)
ptolemy.util.test.WatchDog.cancel(): canceling Mon Aug 05 16:20:01 UTC 2019
------------------ testing $PTII/ptolemy/domains/de/test/auto/DepthTest1.xml
auto.tcl: Setting watchdog for 200 seconds at Mon Aug 05 16:20:01 UTC 2019
3 ms. Memory: 45056K Free: 28371K (63%)
ptolemy.util.test.WatchDog.cancel(): canceling Mon Aug 05 16:20:01 UTC 2019
auto.tcl: Setting watchdog for 200 seconds at Mon Aug 05 16:20:01 UTC 2019
1 ms. Memory: 45056K Free: 27851K (62%)
ptolemy.util.test.WatchDog.cancel(): canceling Mon Aug 05 16:20:01 UTC 2019
------------------ testing $PTII/ptolemy/domains/de/test/auto/DepthTest2.xml
auto.tcl: Setting watchdog for 200 seconds at Mon Aug 05 16:20:01 UTC 2019
5 ms. Memory: 45056K Free: 25110K (56%)
ptolemy.util.test.WatchDog.cancel(): canceling Mon Aug 05 16:20:02 UTC 2019
auto.tcl: Setting watchdog for 200 seconds at Mon Aug 05 16:20:02 UTC 2019
2 ms. Memory: 45056K Free: 24706K (55%)
ptolemy.util.test.WatchDog.cancel(): canceling Mon Aug 05 16:20:02 UTC 2019
------------------ testing $PTII/ptolemy/domains/de/test/auto/DepthTest3.xml
auto.tcl: Setting watchdog for 200 seconds at Mon Aug 05 16:20:02 UTC 2019
2 ms. Memory: 45056K Free: 28690K (64%)
ptolemy.util.test.WatchDog.cancel(): canceling Mon Aug 05 16:20:02 UTC 2019
auto.tcl: Setting watchdog for 200 seconds at Mon Aug 05 16:20:02 UTC 2019
2 ms. Memory: 45056K Free: 28168K (63%)
ptolemy.util.test.WatchDog.cancel(): canceling Mon Aug 05 16:20:02 UTC 2019
------------------ testing $PTII/ptolemy/domains/de/test/auto/DepthTest4.xml
auto.tcl: Setting watchdog for 200 seconds at Mon Aug 05 16:20:02 UTC 2019
6 ms. Memory: 45056K Free: 26928K (60%)
ptolemy.util.test.WatchDog.cancel(): canceling Mon Aug 05 16:20:02 UTC 2019
auto.tcl: Setting watchdog for 200 seconds at Mon Aug 05 16:20:02 UTC 2019
2 ms. Memory: 45056K Free: 26204K (58%)
ptolemy.util.test.WatchDog.cancel(): canceling Mon Aug 05 16:20:02 UTC 2019
------------------ testing $PTII/ptolemy/domains/de/test/auto/DepthTest5.xml
auto.tcl: Setting watchdog for 200 seconds at Mon Aug 05 16:20:02 UTC 2019
7 ms. Memory: 45056K Free: 26321K (58%)
ptolemy.util.test.WatchDog.cancel(): canceling Mon Aug 05 16:20:02 UTC 2019
auto.tcl: Setting watchdog for 200 seconds at Mon Aug 05 16:20:02 UTC 2019
3 ms. Memory: 45056K Free: 25527K (57%)
ptolemy.util.test.WatchDog.cancel(): canceling Mon Aug 05 16:20:02 UTC 2019
------------------ testing $PTII/ptolemy/domains/de/test/auto/DepthTest6.xml
auto.tcl: Setting watchdog for 200 seconds at Mon Aug 05 16:20:02 UTC 2019
4 ms. Memory: 45056K Free: 26043K (58%)
ptolemy.util.test.WatchDog.cancel(): canceling Mon Aug 05 16:20:02 UTC 2019
auto.tcl: Setting watchdog for 200 seconds at Mon Aug 05 16:20:02 UTC 2019
2 ms. Memory: 45056K Free: 25615K (57%)
ptolemy.util.test.WatchDog.cancel(): canceling Mon Aug 05 16:20:02 UTC 2019
------------------ testing $PTII/ptolemy/domains/de/test/auto/DepthTest7.xml
auto.tcl: Setting watchdog for 200 seconds at Mon Aug 05 16:20:02 UTC 2019
3 ms. Memory: 45056K Free: 26845K (60%)
ptolemy.util.test.WatchDog.cancel(): canceling Mon Aug 05 16:20:02 UTC 2019
auto.tcl: Setting watchdog for 200 seconds at Mon Aug 05 16:20:02 UTC 2019
2 ms. Memory: 45056K Free: 26118K (58%)
ptolemy.util.test.WatchDog.cancel(): canceling Mon Aug 05 16:20:02 UTC 2019
------------------ testing $PTII/ptolemy/domains/de/test/auto/EventToDate.xml
auto.tcl: Setting watchdog for 200 seconds at Mon Aug 05 16:20:02 UTC 2019
3009 ms. Memory: 45056K Free: 17642K (39%)
ptolemy.util.test.WatchDog.cancel(): canceling Mon Aug 05 16:20:05 UTC 2019
auto.tcl: Setting watchdog for 200 seconds at Mon Aug 05 16:20:05 UTC 2019
3005 ms. Memory: 45056K Free: 16937K (38%)
ptolemy.util.test.WatchDog.cancel(): canceling Mon Aug 05 16:20:08 UTC 2019
------------------ testing $PTII/ptolemy/domains/de/test/auto/FSM1.xml
auto.tcl: Setting watchdog for 200 seconds at Mon Aug 05 16:20:08 UTC 2019
36 ms. Memory: 45056K Free: 18851K (42%)
ptolemy.util.test.WatchDog.cancel(): canceling Mon Aug 05 16:20:08 UTC 2019
auto.tcl: Setting watchdog for 200 seconds at Mon Aug 05 16:20:08 UTC 2019
25 ms. Memory: 45056K Free: 15583K (35%)
ptolemy.util.test.WatchDog.cancel(): canceling Mon Aug 05 16:20:08 UTC 2019
------------------ testing $PTII/ptolemy/domains/de/test/auto/FSM7.xml
auto.tcl: Setting watchdog for 200 seconds at Mon Aug 05 16:20:08 UTC 2019
18 ms. Memory: 45056K Free: 18559K (41%)
ptolemy.util.test.WatchDog.cancel(): canceling Mon Aug 05 16:20:08 UTC 2019
auto.tcl: Setting watchdog for 200 seconds at Mon Aug 05 16:20:08 UTC 2019
22 ms. Memory: 45056K Free: 15433K (34%)
ptolemy.util.test.WatchDog.cancel(): canceling Mon Aug 05 16:20:08 UTC 2019
------------------ testing $PTII/ptolemy/domains/de/test/auto/Inspection.xml
auto.tcl: Setting watchdog for 200 seconds at Mon Aug 05 16:20:08 UTC 2019
35 ms. Memory: 45056K Free: 18610K (41%)
ptolemy.util.test.WatchDog.cancel(): canceling Mon Aug 05 16:20:08 UTC 2019
auto.tcl: Setting watchdog for 200 seconds at Mon Aug 05 16:20:08 UTC 2019
31 ms. Memory: 45056K Free: 16857K (37%)
ptolemy.util.test.WatchDog.cancel(): canceling Mon Aug 05 16:20:08 UTC 2019
------------------ testing $PTII/ptolemy/domains/de/test/auto/Iteration.xml
auto.tcl: Setting watchdog for 200 seconds at Mon Aug 05 16:20:08 UTC 2019
9 ms. Memory: 45056K Free: 24294K (54%)
ptolemy.util.test.WatchDog.cancel(): canceling Mon Aug 05 16:20:09 UTC 2019
auto.tcl: Setting watchdog for 200 seconds at Mon Aug 05 16:20:09 UTC 2019
7 ms. Memory: 45056K Free: 22900K (51%)
ptolemy.util.test.WatchDog.cancel(): canceling Mon Aug 05 16:20:09 UTC 2019
------------------ testing $PTII/ptolemy/domains/de/test/auto/LineFault.xml
auto.tcl: Setting watchdog for 200 seconds at Mon Aug 05 16:20:09 UTC 2019
772 ms. Memory: 54272K Free: 14294K (26%)
ptolemy.util.test.WatchDog.cancel(): canceling Mon Aug 05 16:20:10 UTC 2019
auto.tcl: Setting watchdog for 200 seconds at Mon Aug 05 16:20:10 UTC 2019
655 ms. Memory: 54272K Free: 34965K (64%)
ptolemy.util.test.WatchDog.cancel(): canceling Mon Aug 05 16:20:10 UTC 2019
------------------ testing $PTII/ptolemy/domains/de/test/auto/MergeModel1Add.xml
auto.tcl: Setting watchdog for 200 seconds at Mon Aug 05 16:20:10 UTC 2019
16 ms. Memory: 54272K Free: 19185K (35%)
ptolemy.util.test.WatchDog.cancel(): canceling Mon Aug 05 16:20:10 UTC 2019
auto.tcl: Setting watchdog for 200 seconds at Mon Aug 05 16:20:10 UTC 2019
10 ms. Memory: 54272K Free: 17561K (32%)
ptolemy.util.test.WatchDog.cancel(): canceling Mon Aug 05 16:20:10 UTC 2019
------------------ testing $PTII/ptolemy/domains/de/test/auto/MergeModel2Add.xml
auto.tcl: Setting watchdog for 200 seconds at Mon Aug 05 16:20:11 UTC 2019
9 ms. Memory: 48128K Free: 15042K (31%)
ptolemy.util.test.WatchDog.cancel(): canceling Mon Aug 05 16:20:11 UTC 2019
auto.tcl: Setting watchdog for 200 seconds at Mon Aug 05 16:20:11 UTC 2019
8 ms. Memory: 48128K Free: 13144K (27%)
ptolemy.util.test.WatchDog.cancel(): canceling Mon Aug 05 16:20:11 UTC 2019
------------------ testing $PTII/ptolemy/domains/de/test/auto/MergeModel3Add.xml
auto.tcl: Setting watchdog for 200 seconds at Mon Aug 05 16:20:11 UTC 2019
10 ms. Memory: 48128K Free: 15120K (31%)
ptolemy.util.test.WatchDog.cancel(): canceling Mon Aug 05 16:20:11 UTC 2019
auto.tcl: Setting watchdog for 200 seconds at Mon Aug 05 16:20:11 UTC 2019
10 ms. Memory: 48128K Free: 13764K (29%)
ptolemy.util.test.WatchDog.cancel(): canceling Mon Aug 05 16:20:11 UTC 2019
------------------ testing $PTII/ptolemy/domains/de/test/auto/MergeWithoutDiscard.xml
auto.tcl: Setting watchdog for 200 seconds at Mon Aug 05 16:20:11 UTC 2019
1 ms. Memory: 48128K Free: 29683K (62%)
ptolemy.util.test.WatchDog.cancel(): canceling Mon Aug 05 16:20:11 UTC 2019
auto.tcl: Setting watchdog for 200 seconds at Mon Aug 05 16:20:11 UTC 2019
1 ms. Memory: 48128K Free: 29257K (61%)
ptolemy.util.test.WatchDog.cancel(): canceling Mon Aug 05 16:20:11 UTC 2019
------------------ testing $PTII/ptolemy/domains/de/test/auto/Modal1.xml
auto.tcl: Setting watchdog for 200 seconds at Mon Aug 05 16:20:11 UTC 2019
17 ms. Memory: 48128K Free: 21572K (45%)
ptolemy.util.test.WatchDog.cancel(): canceling Mon Aug 05 16:20:11 UTC 2019
auto.tcl: Setting watchdog for 200 seconds at Mon Aug 05 16:20:11 UTC 2019
23 ms. Memory: 48128K Free: 18129K (38%)
ptolemy.util.test.WatchDog.cancel(): canceling Mon Aug 05 16:20:11 UTC 2019
------------------ testing $PTII/ptolemy/domains/de/test/auto/Modal2.xml
auto.tcl: Setting watchdog for 200 seconds at Mon Aug 05 16:20:11 UTC 2019
19 ms. Memory: 48128K Free: 21964K (46%)
ptolemy.util.test.WatchDog.cancel(): canceling Mon Aug 05 16:20:11 UTC 2019
auto.tcl: Setting watchdog for 200 seconds at Mon Aug 05 16:20:11 UTC 2019
18 ms. Memory: 48128K Free: 18436K (38%)
ptolemy.util.test.WatchDog.cancel(): canceling Mon Aug 05 16:20:11 UTC 2019
------------------ testing $PTII/ptolemy/domains/de/test/auto/Modal3.xml
auto.tcl: Setting watchdog for 200 seconds at Mon Aug 05 16:20:11 UTC 2019
13 ms. Memory: 48128K Free: 21691K (45%)
ptolemy.util.test.WatchDog.cancel(): canceling Mon Aug 05 16:20:11 UTC 2019
auto.tcl: Setting watchdog for 200 seconds at Mon Aug 05 16:20:11 UTC 2019
14 ms. Memory: 48128K Free: 18449K (38%)
ptolemy.util.test.WatchDog.cancel(): canceling Mon Aug 05 16:20:11 UTC 2019
------------------ testing $PTII/ptolemy/domains/de/test/auto/Modal4.xml
auto.tcl: Setting watchdog for 200 seconds at Mon Aug 05 16:20:11 UTC 2019
22 ms. Memory: 48128K Free: 20648K (43%)
ptolemy.util.test.WatchDog.cancel(): canceling Mon Aug 05 16:20:11 UTC 2019
auto.tcl: Setting watchdog for 200 seconds at Mon Aug 05 16:20:11 UTC 2019
18 ms. Memory: 48128K Free: 16840K (35%)
ptolemy.util.test.WatchDog.cancel(): canceling Mon Aug 05 16:20:11 UTC 2019
------------------ testing $PTII/ptolemy/domains/de/test/auto/Modal5.xml
auto.tcl: Setting watchdog for 200 seconds at Mon Aug 05 16:20:11 UTC 2019
14 ms. Memory: 48128K Free: 20635K (43%)
ptolemy.util.test.WatchDog.cancel(): canceling Mon Aug 05 16:20:11 UTC 2019
auto.tcl: Setting watchdog for 200 seconds at Mon Aug 05 16:20:11 UTC 2019
14 ms. Memory: 48128K Free: 16827K (35%)
ptolemy.util.test.WatchDog.cancel(): canceling Mon Aug 05 16:20:11 UTC 2019
------------------ testing $PTII/ptolemy/domains/de/test/auto/Modal6.xml
auto.tcl: Setting watchdog for 200 seconds at Mon Aug 05 16:20:11 UTC 2019
19 ms. Memory: 48128K Free: 21135K (44%)
ptolemy.util.test.WatchDog.cancel(): canceling Mon Aug 05 16:20:11 UTC 2019
auto.tcl: Setting watchdog for 200 seconds at Mon Aug 05 16:20:11 UTC 2019
15 ms. Memory: 48128K Free: 17447K (36%)
ptolemy.util.test.WatchDog.cancel(): canceling Mon Aug 05 16:20:12 UTC 2019
------------------ testing $PTII/ptolemy/domains/de/test/auto/Modal7.xml
auto.tcl: Setting watchdog for 200 seconds at Mon Aug 05 16:20:12 UTC 2019
11 ms. Memory: 48128K Free: 20376K (42%)
ptolemy.util.test.WatchDog.cancel(): canceling Mon Aug 05 16:20:12 UTC 2019
auto.tcl: Setting watchdog for 200 seconds at Mon Aug 05 16:20:12 UTC 2019
11 ms. Memory: 48128K Free: 17046K (35%)
ptolemy.util.test.WatchDog.cancel(): canceling Mon Aug 05 16:20:12 UTC 2019
------------------ testing $PTII/ptolemy/domains/de/test/auto/ModalModel.xml
auto.tcl: Setting watchdog for 200 seconds at Mon Aug 05 16:20:12 UTC 2019
214 ms. Memory: 62464K Free: 27214K (44%)
ptolemy.util.test.WatchDog.cancel(): canceling Mon Aug 05 16:20:12 UTC 2019
auto.tcl: Setting watchdog for 200 seconds at Mon Aug 05 16:20:12 UTC 2019
200 ms. Memory: 62464K Free: 27710K (44%)
ptolemy.util.test.WatchDog.cancel(): canceling Mon Aug 05 16:20:12 UTC 2019
------------------ testing $PTII/ptolemy/domains/de/test/auto/ModalSource.xml
auto.tcl: Setting watchdog for 200 seconds at Mon Aug 05 16:20:12 UTC 2019
8 ms. Memory: 51200K Free: 28572K (56%)
ptolemy.util.test.WatchDog.cancel(): canceling Mon Aug 05 16:20:12 UTC 2019
auto.tcl: Setting watchdog for 200 seconds at Mon Aug 05 16:20:12 UTC 2019
6 ms. Memory: 51200K Free: 26524K (52%)
ptolemy.util.test.WatchDog.cancel(): canceling Mon Aug 05 16:20:12 UTC 2019
------------------ testing $PTII/ptolemy/domains/de/test/auto/NonInterruptibleTimerZeroDelay.xml
auto.tcl: Setting watchdog for 200 seconds at Mon Aug 05 16:20:12 UTC 2019
3 ms. Memory: 51200K Free: 33720K (66%)
ptolemy.util.test.WatchDog.cancel(): canceling Mon Aug 05 16:20:12 UTC 2019
auto.tcl: Setting watchdog for 200 seconds at Mon Aug 05 16:20:12 UTC 2019
2 ms. Memory: 51200K Free: 32855K (64%)
ptolemy.util.test.WatchDog.cancel(): canceling Mon Aug 05 16:20:12 UTC 2019
------------------ testing $PTII/ptolemy/domains/de/test/auto/OpenQueueingNetwork.xml
auto.tcl: Setting watchdog for 200 seconds at Mon Aug 05 16:20:12 UTC 2019
3178 ms. Memory: 116736K Free: 55756K (48%)
ptolemy.util.test.WatchDog.cancel(): canceling Mon Aug 05 16:20:16 UTC 2019
auto.tcl: Setting watchdog for 200 seconds at Mon Aug 05 16:20:16 UTC 2019
2364 ms. Memory: 140288K Free: 73447K (52%)
ptolemy.util.test.WatchDog.cancel(): canceling Mon Aug 05 16:20:18 UTC 2019
------------------ testing $PTII/ptolemy/domains/de/test/auto/OpenQueuingNetwork.xml
auto.tcl: Setting watchdog for 200 seconds at Mon Aug 05 16:20:18 UTC 2019
315 ms. Memory: 70656K Free: 46441K (66%)
ptolemy.util.test.WatchDog.cancel(): canceling Mon Aug 05 16:20:19 UTC 2019
auto.tcl: Setting watchdog for 200 seconds at Mon Aug 05 16:20:19 UTC 2019
281 ms. Memory: 70656K Free: 36211K (51%)
ptolemy.util.test.WatchDog.cancel(): canceling Mon Aug 05 16:20:19 UTC 2019
------------------ testing $PTII/ptolemy/domains/de/test/auto/PeriodicSampler.xml
auto.tcl: Setting watchdog for 200 seconds at Mon Aug 05 16:20:19 UTC 2019
4 ms. Memory: 51200K Free: 32702K (64%)
ptolemy.util.test.WatchDog.cancel(): canceling Mon Aug 05 16:20:19 UTC 2019
auto.tcl: Setting watchdog for 200 seconds at Mon Aug 05 16:20:19 UTC 2019
2 ms. Memory: 51200K Free: 32158K (63%)
ptolemy.util.test.WatchDog.cancel(): canceling Mon Aug 05 16:20:19 UTC 2019
------------------ testing $PTII/ptolemy/domains/de/test/auto/PersistentIO.xml
auto.tcl: Setting watchdog for 200 seconds at Mon Aug 05 16:20:19 UTC 2019
5 ms. Memory: 51200K Free: 27626K (54%)
ptolemy.util.test.WatchDog.cancel(): canceling Mon Aug 05 16:20:19 UTC 2019
auto.tcl: Setting watchdog for 200 seconds at Mon Aug 05 16:20:19 UTC 2019
5 ms. Memory: 51200K Free: 26106K (51%)
ptolemy.util.test.WatchDog.cancel(): canceling Mon Aug 05 16:20:19 UTC 2019
------------------ testing $PTII/ptolemy/domains/de/test/auto/PortParameterResetOnInitialize.xml
auto.tcl: Setting watchdog for 200 seconds at Mon Aug 05 16:20:19 UTC 2019
7 ms. Memory: 51200K Free: 32624K (64%)
ptolemy.util.test.WatchDog.cancel(): canceling Mon Aug 05 16:20:19 UTC 2019
auto.tcl: Setting watchdog for 200 seconds at Mon Aug 05 16:20:19 UTC 2019
3 ms. Memory: 51200K Free: 32114K (63%)
ptolemy.util.test.WatchDog.cancel(): canceling Mon Aug 05 16:20:19 UTC 2019
------------------ testing $PTII/ptolemy/domains/de/test/auto/PortParameterUpdates.xml
auto.tcl: Setting watchdog for 200 seconds at Mon Aug 05 16:20:19 UTC 2019
5 ms. Memory: 51200K Free: 30694K (60%)
ptolemy.util.test.WatchDog.cancel(): canceling Mon Aug 05 16:20:19 UTC 2019
auto.tcl: Setting watchdog for 200 seconds at Mon Aug 05 16:20:19 UTC 2019
3 ms. Memory: 51200K Free: 29677K (58%)
ptolemy.util.test.WatchDog.cancel(): canceling Mon Aug 05 16:20:19 UTC 2019
------------------ testing $PTII/ptolemy/domains/de/test/auto/QueueAndServer.xml
auto.tcl: Setting watchdog for 200 seconds at Mon Aug 05 16:20:19 UTC 2019
15 ms. Memory: 51200K Free: 29648K (58%)
ptolemy.util.test.WatchDog.cancel(): canceling Mon Aug 05 16:20:19 UTC 2019
auto.tcl: Setting watchdog for 200 seconds at Mon Aug 05 16:20:19 UTC 2019
9 ms. Memory: 51200K Free: 28114K (55%)
ptolemy.util.test.WatchDog.cancel(): canceling Mon Aug 05 16:20:19 UTC 2019
------------------ testing $PTII/ptolemy/domains/de/test/auto/Records.xml
auto.tcl: Setting watchdog for 200 seconds at Mon Aug 05 16:20:19 UTC 2019
3 ms. Memory: 51200K Free: 31856K (62%)
ptolemy.util.test.WatchDog.cancel(): canceling Mon Aug 05 16:20:19 UTC 2019
auto.tcl: Setting watchdog for 200 seconds at Mon Aug 05 16:20:19 UTC 2019
3 ms. Memory: 51200K Free: 31341K (61%)
ptolemy.util.test.WatchDog.cancel(): canceling Mon Aug 05 16:20:19 UTC 2019
------------------ testing $PTII/ptolemy/domains/de/test/auto/ResetTransitionWithStartTime1.xml
auto.tcl: Setting watchdog for 200 seconds at Mon Aug 05 16:20:19 UTC 2019
14 ms. Memory: 51200K Free: 29111K (57%)
ptolemy.util.test.WatchDog.cancel(): canceling Mon Aug 05 16:20:19 UTC 2019
auto.tcl: Setting watchdog for 200 seconds at Mon Aug 05 16:20:19 UTC 2019
5 ms. Memory: 51200K Free: 27068K (53%)
ptolemy.util.test.WatchDog.cancel(): canceling Mon Aug 05 16:20:19 UTC 2019
------------------ testing $PTII/ptolemy/domains/de/test/auto/ResetTransitionWithStartTime2.xml
auto.tcl: Setting watchdog for 200 seconds at Mon Aug 05 16:20:19 UTC 2019
5 ms. Memory: 51200K Free: 29103K (57%)
ptolemy.util.test.WatchDog.cancel(): canceling Mon Aug 05 16:20:20 UTC 2019
auto.tcl: Setting watchdog for 200 seconds at Mon Aug 05 16:20:20 UTC 2019
5 ms. Memory: 51200K Free: 27023K (53%)
ptolemy.util.test.WatchDog.cancel(): canceling Mon Aug 05 16:20:20 UTC 2019
------------------ testing $PTII/ptolemy/domains/de/test/auto/ResetTransitionWithStartTime3.xml
auto.tcl: Setting watchdog for 200 seconds at Mon Aug 05 16:20:20 UTC 2019
6 ms. Memory: 51200K Free: 29101K (57%)
ptolemy.util.test.WatchDog.cancel(): canceling Mon Aug 05 16:20:20 UTC 2019
auto.tcl: Setting watchdog for 200 seconds at Mon Aug 05 16:20:20 UTC 2019
4 ms. Memory: 51200K Free: 27017K (53%)
ptolemy.util.test.WatchDog.cancel(): canceling Mon Aug 05 16:20:20 UTC 2019
------------------ testing $PTII/ptolemy/domains/de/test/auto/ResetTransitionWithStartTime4.xml
auto.tcl: Setting watchdog for 200 seconds at Mon Aug 05 16:20:20 UTC 2019
10 ms. Memory: 48128K Free: 26460K (55%)
ptolemy.util.test.WatchDog.cancel(): canceling Mon Aug 05 16:20:20 UTC 2019
auto.tcl: Setting watchdog for 200 seconds at Mon Aug 05 16:20:20 UTC 2019
3 ms. Memory: 48128K Free: 25020K (52%)
ptolemy.util.test.WatchDog.cancel(): canceling Mon Aug 05 16:20:20 UTC 2019
------------------ testing $PTII/ptolemy/domains/de/test/auto/ResettableTimer1.xml
auto.tcl: Setting watchdog for 200 seconds at Mon Aug 05 16:20:20 UTC 2019
3 ms. Memory: 48128K Free: 30071K (62%)
ptolemy.util.test.WatchDog.cancel(): canceling Mon Aug 05 16:20:20 UTC 2019
auto.tcl: Setting watchdog for 200 seconds at Mon Aug 05 16:20:20 UTC 2019
2 ms. Memory: 48128K Free: 29117K (60%)
ptolemy.util.test.WatchDog.cancel(): canceling Mon Aug 05 16:20:20 UTC 2019
------------------ testing $PTII/ptolemy/domains/de/test/auto/ResettableTimer2.xml
auto.tcl: Setting watchdog for 200 seconds at Mon Aug 05 16:20:20 UTC 2019
2 ms. Memory: 48128K Free: 30127K (63%)
ptolemy.util.test.WatchDog.cancel(): canceling Mon Aug 05 16:20:20 UTC 2019
auto.tcl: Setting watchdog for 200 seconds at Mon Aug 05 16:20:20 UTC 2019
3 ms. Memory: 48128K Free: 29197K (61%)
ptolemy.util.test.WatchDog.cancel(): canceling Mon Aug 05 16:20:20 UTC 2019
------------------ testing $PTII/ptolemy/domains/de/test/auto/ResettableTimer3.xml
auto.tcl: Setting watchdog for 200 seconds at Mon Aug 05 16:20:20 UTC 2019
2 ms. Memory: 48128K Free: 30183K (63%)
ptolemy.util.test.WatchDog.cancel(): canceling Mon Aug 05 16:20:20 UTC 2019
auto.tcl: Setting watchdog for 200 seconds at Mon Aug 05 16:20:20 UTC 2019
2 ms. Memory: 48128K Free: 30126K (63%)
ptolemy.util.test.WatchDog.cancel(): canceling Mon Aug 05 16:20:20 UTC 2019
------------------ testing $PTII/ptolemy/domains/de/test/auto/ResettableTimer4.xml
auto.tcl: Setting watchdog for 200 seconds at Mon Aug 05 16:20:20 UTC 2019
2 ms. Memory: 48128K Free: 30179K (63%)
ptolemy.util.test.WatchDog.cancel(): canceling Mon Aug 05 16:20:20 UTC 2019
auto.tcl: Setting watchdog for 200 seconds at Mon Aug 05 16:20:20 UTC 2019
2 ms. Memory: 48128K Free: 29667K (62%)
ptolemy.util.test.WatchDog.cancel(): canceling Mon Aug 05 16:20:20 UTC 2019
------------------ testing $PTII/ptolemy/domains/de/test/auto/ResettableTimer5.xml
auto.tcl: Setting watchdog for 200 seconds at Mon Aug 05 16:20:20 UTC 2019
1 ms. Memory: 48128K Free: 29610K (62%)
ptolemy.util.test.WatchDog.cancel(): canceling Mon Aug 05 16:20:20 UTC 2019
auto.tcl: Setting watchdog for 200 seconds at Mon Aug 05 16:20:20 UTC 2019
1 ms. Memory: 48128K Free: 29141K (61%)
ptolemy.util.test.WatchDog.cancel(): canceling Mon Aug 05 16:20:20 UTC 2019
------------------ testing $PTII/ptolemy/domains/de/test/auto/ResettableTimer6.xml
auto.tcl: Setting watchdog for 200 seconds at Mon Aug 05 16:20:20 UTC 2019
1 ms. Memory: 48128K Free: 29584K (61%)
ptolemy.util.test.WatchDog.cancel(): canceling Mon Aug 05 16:20:20 UTC 2019
auto.tcl: Setting watchdog for 200 seconds at Mon Aug 05 16:20:20 UTC 2019
1 ms. Memory: 48128K Free: 29115K (60%)
ptolemy.util.test.WatchDog.cancel(): canceling Mon Aug 05 16:20:20 UTC 2019
------------------ testing $PTII/ptolemy/domains/de/test/auto/ServerZeroDelay.xml
auto.tcl: Setting watchdog for 200 seconds at Mon Aug 05 16:20:20 UTC 2019
5 ms. Memory: 48128K Free: 30119K (63%)
ptolemy.util.test.WatchDog.cancel(): canceling Mon Aug 05 16:20:20 UTC 2019
auto.tcl: Setting watchdog for 200 seconds at Mon Aug 05 16:20:20 UTC 2019
2 ms. Memory: 48128K Free: 29182K (61%)
ptolemy.util.test.WatchDog.cancel(): canceling Mon Aug 05 16:20:20 UTC 2019
------------------ testing $PTII/ptolemy/domains/de/test/auto/SmartSender.xml
auto.tcl: Setting watchdog for 200 seconds at Mon Aug 05 16:20:20 UTC 2019
3000 ms. Memory: 48128K Free: 30171K (63%)
ptolemy.util.test.WatchDog.cancel(): canceling Mon Aug 05 16:20:23 UTC 2019
auto.tcl: Setting watchdog for 200 seconds at Mon Aug 05 16:20:23 UTC 2019
3001 ms. Memory: 48128K Free: 29629K (62%)
ptolemy.util.test.WatchDog.cancel(): canceling Mon Aug 05 16:20:26 UTC 2019
------------------ testing $PTII/ptolemy/domains/de/test/auto/ThreadedComposite.xml
auto.tcl: Setting watchdog for 200 seconds at Mon Aug 05 16:20:26 UTC 2019
401 ms. Memory: 48128K Free: 28002K (58%)
ptolemy.util.test.WatchDog.cancel(): canceling Mon Aug 05 16:20:27 UTC 2019
auto.tcl: Setting watchdog for 200 seconds at Mon Aug 05 16:20:27 UTC 2019
282 ms. Memory: 48128K Free: 8314K (17%)
ptolemy.util.test.WatchDog.cancel(): canceling Mon Aug 05 16:20:27 UTC 2019
------------------ testing $PTII/ptolemy/domains/de/test/auto/Time.xml
auto.tcl: Setting watchdog for 200 seconds at Mon Aug 05 16:20:27 UTC 2019
584 ms. Memory: 48128K Free: 30298K (63%)
ptolemy.util.test.WatchDog.cancel(): canceling Mon Aug 05 16:20:28 UTC 2019
auto.tcl: Setting watchdog for 200 seconds at Mon Aug 05 16:20:28 UTC 2019
570 ms. Memory: 48128K Free: 29701K (62%)
ptolemy.util.test.WatchDog.cancel(): canceling Mon Aug 05 16:20:28 UTC 2019
------------------ testing $PTII/ptolemy/domains/de/test/auto/TimeDelayZeroDelay.xml
auto.tcl: Setting watchdog for 200 seconds at Mon Aug 05 16:20:28 UTC 2019
3 ms. Memory: 48128K Free: 30539K (63%)
ptolemy.util.test.WatchDog.cancel(): canceling Mon Aug 05 16:20:28 UTC 2019
auto.tcl: Setting watchdog for 200 seconds at Mon Aug 05 16:20:28 UTC 2019
2 ms. Memory: 48128K Free: 29659K (62%)
ptolemy.util.test.WatchDog.cancel(): canceling Mon Aug 05 16:20:28 UTC 2019
------------------ testing $PTII/ptolemy/domains/de/test/auto/TimerZeroDelay.xml
auto.tcl: Setting watchdog for 200 seconds at Mon Aug 05 16:20:28 UTC 2019
2 ms. Memory: 48128K Free: 30545K (63%)
ptolemy.util.test.WatchDog.cancel(): canceling Mon Aug 05 16:20:28 UTC 2019
auto.tcl: Setting watchdog for 200 seconds at Mon Aug 05 16:20:28 UTC 2019
2 ms. Memory: 48128K Free: 29701K (62%)
ptolemy.util.test.WatchDog.cancel(): canceling Mon Aug 05 16:20:28 UTC 2019
------------------ testing $PTII/ptolemy/domains/de/test/auto/TimingParadox.xml
auto.tcl: Setting watchdog for 200 seconds at Mon Aug 05 16:20:28 UTC 2019
426 ms. Memory: 48128K Free: 12998K (27%)
ptolemy.util.test.WatchDog.cancel(): canceling Mon Aug 05 16:20:29 UTC 2019
auto.tcl: Setting watchdog for 200 seconds at Mon Aug 05 16:20:29 UTC 2019
419 ms. Memory: 58368K Free: 42875K (73%)
ptolemy.util.test.WatchDog.cancel(): canceling Mon Aug 05 16:20:29 UTC 2019
------------------ testing $PTII/ptolemy/domains/de/test/auto/TransferInputs.xml
auto.tcl: Setting watchdog for 200 seconds at Mon Aug 05 16:20:29 UTC 2019
2 ms. Memory: 55296K Free: 35722K (65%)
ptolemy.util.test.WatchDog.cancel(): canceling Mon Aug 05 16:20:29 UTC 2019
auto.tcl: Setting watchdog for 200 seconds at Mon Aug 05 16:20:29 UTC 2019
2 ms. Memory: 55296K Free: 34823K (63%)
ptolemy.util.test.WatchDog.cancel(): canceling Mon Aug 05 16:20:29 UTC 2019
------------------ testing $PTII/ptolemy/domains/de/test/auto/TransferOutputs2.xml
auto.tcl: Setting watchdog for 200 seconds at Mon Aug 05 16:20:29 UTC 2019
3 ms. Memory: 51200K Free: 29068K (57%)
ptolemy.util.test.WatchDog.cancel(): canceling Mon Aug 05 16:20:29 UTC 2019
auto.tcl: Setting watchdog for 200 seconds at Mon Aug 05 16:20:29 UTC 2019
3 ms. Memory: 51200K Free: 27668K (54%)
ptolemy.util.test.WatchDog.cancel(): canceling Mon Aug 05 16:20:29 UTC 2019
------------------ testing $PTII/ptolemy/domains/de/test/auto/Trilateration.xml
auto.tcl: Setting watchdog for 200 seconds at Mon Aug 05 16:20:29 UTC 2019
13419 ms. Memory: 515072K Free: 282381K (55%)
ptolemy.util.test.WatchDog.cancel(): canceling Mon Aug 05 16:20:44 UTC 2019
auto.tcl: Setting watchdog for 200 seconds at Mon Aug 05 16:20:44 UTC 2019
10868 ms. Memory: 515072K Free: 388098K (75%)
ptolemy.util.test.WatchDog.cancel(): canceling Mon Aug 05 16:20:55 UTC 2019
------------------ testing $PTII/ptolemy/domains/de/test/auto/TwoSigmaDelta.xml
auto.tcl: Setting watchdog for 200 seconds at Mon Aug 05 16:20:55 UTC 2019
2747 ms. Memory: 89088K Free: 62550K (70%)
ptolemy.util.test.WatchDog.cancel(): canceling Mon Aug 05 16:20:58 UTC 2019
auto.tcl: Setting watchdog for 200 seconds at Mon Aug 05 16:20:58 UTC 2019
2088 ms. Memory: 89088K Free: 58959K (66%)
ptolemy.util.test.WatchDog.cancel(): canceling Mon Aug 05 16:21:00 UTC 2019
------------------ testing $PTII/ptolemy/domains/de/test/auto/VariableDelay.xml
auto.tcl: Setting watchdog for 200 seconds at Mon Aug 05 16:21:00 UTC 2019
2 ms. Memory: 55296K Free: 36201K (65%)
ptolemy.util.test.WatchDog.cancel(): canceling Mon Aug 05 16:21:00 UTC 2019
auto.tcl: Setting watchdog for 200 seconds at Mon Aug 05 16:21:00 UTC 2019
2 ms. Memory: 55296K Free: 35177K (64%)
ptolemy.util.test.WatchDog.cancel(): canceling Mon Aug 05 16:21:00 UTC 2019
------------------ testing $PTII/ptolemy/domains/de/test/auto/VariableDelay2.xml
auto.tcl: Setting watchdog for 200 seconds at Mon Aug 05 16:21:00 UTC 2019
2 ms. Memory: 51200K Free: 32052K (63%)
ptolemy.util.test.WatchDog.cancel(): canceling Mon Aug 05 16:21:00 UTC 2019
auto.tcl: Setting watchdog for 200 seconds at Mon Aug 05 16:21:00 UTC 2019
2 ms. Memory: 51200K Free: 31548K (62%)
ptolemy.util.test.WatchDog.cancel(): canceling Mon Aug 05 16:21:00 UTC 2019
------------------ testing $PTII/ptolemy/domains/de/test/auto/VariableDelayZeroDelay.xml
auto.tcl: Setting watchdog for 200 seconds at Mon Aug 05 16:21:00 UTC 2019
2 ms. Memory: 51200K Free: 32571K (64%)
ptolemy.util.test.WatchDog.cancel(): canceling Mon Aug 05 16:21:00 UTC 2019
auto.tcl: Setting watchdog for 200 seconds at Mon Aug 05 16:21:00 UTC 2019
2 ms. Memory: 51200K Free: 32057K (63%)
ptolemy.util.test.WatchDog.cancel(): canceling Mon Aug 05 16:21:00 UTC 2019
------------------ testing $PTII/ptolemy/domains/de/test/auto/VariableDelayZeroDelay2.xml
auto.tcl: Setting watchdog for 200 seconds at Mon Aug 05 16:21:00 UTC 2019
2 ms. Memory: 51200K Free: 32570K (64%)
ptolemy.util.test.WatchDog.cancel(): canceling Mon Aug 05 16:21:00 UTC 2019
auto.tcl: Setting watchdog for 200 seconds at Mon Aug 05 16:21:00 UTC 2019
2 ms. Memory: 51200K Free: 31546K (62%)
ptolemy.util.test.WatchDog.cancel(): canceling Mon Aug 05 16:21:00 UTC 2019
------------------ testing $PTII/ptolemy/domains/de/test/auto/deInCt.xml
auto.tcl: Setting watchdog for 200 seconds at Mon Aug 05 16:21:00 UTC 2019
0
1
1
1
1
1
0
0
1
1
1
0
0
0
1
1
1
0
0
0
1
1
0
0
0
0
0
1
1
1
0
0
0
0
0
15 ms. Memory: 51200K Free: 31543K (62%)
ptolemy.util.test.WatchDog.cancel(): canceling Mon Aug 05 16:21:00 UTC 2019
auto.tcl: Setting watchdog for 200 seconds at Mon Aug 05 16:21:00 UTC 2019
0
1
1
1
0
0
0
0
1
1
1
1
1
0
0
0
1
1
1
0
0
0
1
1
1
1
0
0
0
1
1
1
1
1
9 ms. Memory: 51200K Free: 30005K (59%)
ptolemy.util.test.WatchDog.cancel(): canceling Mon Aug 05 16:21:00 UTC 2019
------------------ testing $PTII/ptolemy/domains/de/test/auto/deInCt2.xml
auto.tcl: Setting watchdog for 200 seconds at Mon Aug 05 16:21:00 UTC 2019
0
1
1
1
0
0
1
1
1
0
0
1
1
1
0
0
1
1
1
0
0
1
1
1
0
0
1
1
1
0
0
1
1
1
0
0
1
1
1
0
0
0
6 ms. Memory: 51200K Free: 31546K (62%)
ptolemy.util.test.WatchDog.cancel(): canceling Mon Aug 05 16:21:00 UTC 2019
auto.tcl: Setting watchdog for 200 seconds at Mon Aug 05 16:21:00 UTC 2019
0
1
1
1
0
0
1
1
1
0
0
1
1
1
0
0
1
1
1
0
0
1
1
1
0
0
1
1
1
0
0
1
1
1
0
0
1
1
1
0
0
0
6 ms. Memory: 51200K Free: 30008K (59%)
ptolemy.util.test.WatchDog.cancel(): canceling Mon Aug 05 16:21:00 UTC 2019
------------------ testing $PTII/ptolemy/domains/de/test/auto/dynamicCausalityInterface1.xml
auto.tcl: Setting watchdog for 200 seconds at Mon Aug 05 16:21:00 UTC 2019
3 ms. Memory: 51200K Free: 27444K (54%)
ptolemy.util.test.WatchDog.cancel(): canceling Mon Aug 05 16:21:00 UTC 2019
auto.tcl: Setting watchdog for 200 seconds at Mon Aug 05 16:21:00 UTC 2019
1 ms. Memory: 51200K Free: 26930K (53%)
ptolemy.util.test.WatchDog.cancel(): canceling Mon Aug 05 16:21:00 UTC 2019
------------------ testing $PTII/ptolemy/domains/de/test/auto/fsm_de_test.xml
auto.tcl: Setting watchdog for 200 seconds at Mon Aug 05 16:21:01 UTC 2019
11 ms. Memory: 51200K Free: 27342K (53%)
ptolemy.util.test.WatchDog.cancel(): canceling Mon Aug 05 16:21:01 UTC 2019
auto.tcl: Setting watchdog for 200 seconds at Mon Aug 05 16:21:01 UTC 2019
7 ms. Memory: 51200K Free: 25294K (49%)
ptolemy.util.test.WatchDog.cancel(): canceling Mon Aug 05 16:21:01 UTC 2019
------------------ testing $PTII/ptolemy/domains/de/test/auto/functionDependencyReconstruction.xml
auto.tcl: Setting watchdog for 200 seconds at Mon Aug 05 16:21:01 UTC 2019
3 ms. Memory: 51200K Free: 21278K (42%)
ptolemy.util.test.WatchDog.cancel(): canceling Mon Aug 05 16:21:01 UTC 2019
auto.tcl: Setting watchdog for 200 seconds at Mon Aug 05 16:21:01 UTC 2019
3 ms. Memory: 51200K Free: 19140K (37%)
ptolemy.util.test.WatchDog.cancel(): canceling Mon Aug 05 16:21:01 UTC 2019
------------------ testing $PTII/ptolemy/domains/de/test/auto/multirate.xml
auto.tcl: Setting watchdog for 200 seconds at Mon Aug 05 16:21:01 UTC 2019
3 ms. Memory: 51200K Free: 29982K (59%)
ptolemy.util.test.WatchDog.cancel(): canceling Mon Aug 05 16:21:01 UTC 2019
auto.tcl: Setting watchdog for 200 seconds at Mon Aug 05 16:21:01 UTC 2019
2 ms. Memory: 51200K Free: 28717K (56%)
ptolemy.util.test.WatchDog.cancel(): canceling Mon Aug 05 16:21:01 UTC 2019
------------------ testing $PTII/ptolemy/domains/de/test/auto/multirate2.xml
auto.tcl: Setting watchdog for 200 seconds at Mon Aug 05 16:21:01 UTC 2019
2 ms. Memory: 51200K Free: 29938K (58%)
ptolemy.util.test.WatchDog.cancel(): canceling Mon Aug 05 16:21:01 UTC 2019
auto.tcl: Setting watchdog for 200 seconds at Mon Aug 05 16:21:01 UTC 2019
3 ms. Memory: 51200K Free: 28418K (56%)
ptolemy.util.test.WatchDog.cancel(): canceling Mon Aug 05 16:21:01 UTC 2019
------------------ testing $PTII/ptolemy/domains/de/test/auto/realtime.xml
auto.tcl: Setting watchdog for 200 seconds at Mon Aug 05 16:21:01 UTC 2019
10001 ms. Memory: 51200K Free: 32213K (63%)
ptolemy.util.test.WatchDog.cancel(): canceling Mon Aug 05 16:21:11 UTC 2019
auto.tcl: Setting watchdog for 200 seconds at Mon Aug 05 16:21:11 UTC 2019
10001 ms. Memory: 51200K Free: 31488K (62%)
ptolemy.util.test.WatchDog.cancel(): canceling Mon Aug 05 16:21:21 UTC 2019
------------------ testing $PTII/ptolemy/domains/de/test/auto/relationGroup.xml
auto.tcl: Setting watchdog for 200 seconds at Mon Aug 05 16:21:21 UTC 2019
1 ms. Memory: 51200K Free: 33294K (65%)
ptolemy.util.test.WatchDog.cancel(): canceling Mon Aug 05 16:21:21 UTC 2019
auto.tcl: Setting watchdog for 200 seconds at Mon Aug 05 16:21:21 UTC 2019
1 ms. Memory: 51200K Free: 32782K (64%)
ptolemy.util.test.WatchDog.cancel(): canceling Mon Aug 05 16:21:21 UTC 2019
------------------ testing $PTII/ptolemy/domains/de/test/auto/relationGroup2.xml
auto.tcl: Setting watchdog for 200 seconds at Mon Aug 05 16:21:21 UTC 2019
1 ms. Memory: 51200K Free: 33320K (65%)
ptolemy.util.test.WatchDog.cancel(): canceling Mon Aug 05 16:21:21 UTC 2019
auto.tcl: Setting watchdog for 200 seconds at Mon Aug 05 16:21:21 UTC 2019
1 ms. Memory: 51200K Free: 32808K (64%)
ptolemy.util.test.WatchDog.cancel(): canceling Mon Aug 05 16:21:21 UTC 2019
------------------ testing $PTII/ptolemy/domains/de/test/auto/sortWithOpaquePorts.xml
auto.tcl: Setting watchdog for 200 seconds at Mon Aug 05 16:21:21 UTC 2019
2 ms. Memory: 51200K Free: 32595K (64%)
ptolemy.util.test.WatchDog.cancel(): canceling Mon Aug 05 16:21:21 UTC 2019
auto.tcl: Setting watchdog for 200 seconds at Mon Aug 05 16:21:21 UTC 2019
2 ms. Memory: 51200K Free: 31057K (61%)
ptolemy.util.test.WatchDog.cancel(): canceling Mon Aug 05 16:21:21 UTC 2019
------------------ testing $PTII/ptolemy/domains/de/test/auto/transferInputsandOutputs.xml
auto.tcl: Setting watchdog for 200 seconds at Mon Aug 05 16:21:21 UTC 2019
4 ms. Memory: 51200K Free: 29511K (58%)
ptolemy.util.test.WatchDog.cancel(): canceling Mon Aug 05 16:21:21 UTC 2019
auto.tcl: Setting watchdog for 200 seconds at Mon Aug 05 16:21:21 UTC 2019
2 ms. Memory: 51200K Free: 28487K (56%)
ptolemy.util.test.WatchDog.cancel(): canceling Mon Aug 05 16:21:21 UTC 2019
------------------ testing $PTII/ptolemy/domains/de/test/auto/triggerType.xml
auto.tcl: Setting watchdog for 200 seconds at Mon Aug 05 16:21:21 UTC 2019
1 ms. Memory: 51200K Free: 32536K (64%)
ptolemy.util.test.WatchDog.cancel(): canceling Mon Aug 05 16:21:21 UTC 2019
auto.tcl: Setting watchdog for 200 seconds at Mon Aug 05 16:21:21 UTC 2019
2 ms. Memory: 51200K Free: 31512K (62%)
ptolemy.util.test.WatchDog.cancel(): canceling Mon Aug 05 16:21:21 UTC 2019
08/05/19 04:21:21
Failed: 0  Total Tests: 192  ((Passed: 187, Newly Passed: 1)  Known Failed: 5) /home/travis/build/icyphy/ptII/ptolemy/domains/de/test
08/05/19 04:21:21
Failed: 0  Total Tests: 192  ((Passed: 187, Newly Passed: 1)  Known Failed: 5) /home/travis/build/icyphy/ptII/ptolemy/domains/de/test
----------------- testing (KnownFailure) /home/travis/build/icyphy/ptII/ptolemy/domains/de/test/auto/knownFailedTests/DESDFClockTest.xml
2009 ms. Memory: 51200K Free: 25420K (50%)
Known Failure: java.lang.reflect.InvocationTargetException
----------------- testing (KnownFailure) /home/travis/build/icyphy/ptII/ptolemy/domains/de/test/auto/knownFailedTests/DirectFeedback.xml
2 ms. Memory: 51200K Free: 21834K (43%)
Known Failure: java.lang.reflect.InvocationTargetException
----------------- testing (KnownFailure) /home/travis/build/icyphy/ptII/ptolemy/domains/de/test/auto/knownFailedTests/FSMSource.xml
9 ms. Memory: 51200K Free: 13642K (27%)
----------------- testing (KnownFailure) /home/travis/build/icyphy/ptII/ptolemy/domains/de/test/auto/knownFailedTests/HierarchicalModel.xml
4 ms. Memory: 51200K Free: 27093K (53%)
Known Failure: java.lang.reflect.InvocationTargetException
----------------- testing (KnownFailure) /home/travis/build/icyphy/ptII/ptolemy/domains/de/test/auto/knownFailedTests/dependencyLoop.xml
2 ms. Memory: 51200K Free: 12022K (23%)
Known Failure: java.lang.reflect.InvocationTargetException
----------------- testing (KnownFailure) /home/travis/build/icyphy/ptII/ptolemy/domains/de/test/auto/knownFailedTests/dependencyLoop2.xml
7 ms. Memory: 51200K Free: 25624K (50%)
Known Failure: java.lang.reflect.InvocationTargetException
No auto/linux-amd64/*.xml tests in /home/travis/build/icyphy/ptII/ptolemy/domains/de/test
AutoTests.java: About to close Vertx.
AutoTests.java: Vertx closed.

===========================================================================================
----------------- testing Mon Aug 05 16:21:24 UTC 2019 /home/travis/build/icyphy/ptII/ptolemy/domains/de/test/auto/ActorDepthCalculation_actorWithoutPorts.xml
----------------- Instantiating /home/travis/build/icyphy/ptII/ptolemy/domains/de/test/auto/ActorDepthCalculation_actorWithoutPorts.xml
2 ms. Memory: 51200K Free: 18866K (37%)
----------------- Invoking toplevel() on ptolemy.moml.MoMLSimpleApplication@15b733be
----------------- Done invoking toplevel() on ptolemy.moml.MoMLSimpleApplication@15b733be
reloadAllAccessors: .ActorDepthCalculation_actorWithoutPorts

===========================================================================================
----------------- testing Mon Aug 05 16:21:24 UTC 2019 /home/travis/build/icyphy/ptII/ptolemy/domains/de/test/auto/AssemblyLine.xml
----------------- Instantiating /home/travis/build/icyphy/ptII/ptolemy/domains/de/test/auto/AssemblyLine.xml
3 ms. Memory: 51200K Free: 11615K (23%)
----------------- Invoking toplevel() on ptolemy.moml.MoMLSimpleApplication@19c00348
----------------- Done invoking toplevel() on ptolemy.moml.MoMLSimpleApplication@19c00348
reloadAllAccessors: .AssemblyLine

===========================================================================================
----------------- testing Mon Aug 05 16:21:24 UTC 2019 /home/travis/build/icyphy/ptII/ptolemy/domains/de/test/auto/CQBug1.xml
----------------- Instantiating /home/travis/build/icyphy/ptII/ptolemy/domains/de/test/auto/CQBug1.xml
1 ms. Memory: 51200K Free: 8682K (17%)
----------------- Invoking toplevel() on ptolemy.moml.MoMLSimpleApplication@1f8a81ca
----------------- Done invoking toplevel() on ptolemy.moml.MoMLSimpleApplication@1f8a81ca
reloadAllAccessors: .CQBug1

===========================================================================================
----------------- testing Mon Aug 05 16:21:24 UTC 2019 /home/travis/build/icyphy/ptII/ptolemy/domains/de/test/auto/CancelFireAt.xml
----------------- Instantiating /home/travis/build/icyphy/ptII/ptolemy/domains/de/test/auto/CancelFireAt.xml
2 ms. Memory: 51200K Free: 35336K (69%)
----------------- Invoking toplevel() on ptolemy.moml.MoMLSimpleApplication@699eebfb
----------------- Done invoking toplevel() on ptolemy.moml.MoMLSimpleApplication@699eebfb
reloadAllAccessors: .CancelFireAt

===========================================================================================
----------------- testing Mon Aug 05 16:21:24 UTC 2019 /home/travis/build/icyphy/ptII/ptolemy/domains/de/test/auto/CausalityAndComposabilityAnalysis.xml
----------------- Instantiating /home/travis/build/icyphy/ptII/ptolemy/domains/de/test/auto/CausalityAndComposabilityAnalysis.xml
2 ms. Memory: 51200K Free: 30937K (60%)
----------------- Invoking toplevel() on ptolemy.moml.MoMLSimpleApplication@6f44638f
----------------- Done invoking toplevel() on ptolemy.moml.MoMLSimpleApplication@6f44638f
reloadAllAccessors: .CausalityAndComposabilityAnalysis

===========================================================================================
----------------- testing Mon Aug 05 16:21:24 UTC 2019 /home/travis/build/icyphy/ptII/ptolemy/domains/de/test/auto/CausalityInterface1.xml
----------------- Instantiating /home/travis/build/icyphy/ptII/ptolemy/domains/de/test/auto/CausalityInterface1.xml
5 ms. Memory: 51200K Free: 26120K (51%)
----------------- Invoking toplevel() on ptolemy.moml.MoMLSimpleApplication@13348a0c
----------------- Done invoking toplevel() on ptolemy.moml.MoMLSimpleApplication@13348a0c
reloadAllAccessors: .CausalityInterface1

===========================================================================================
----------------- testing Mon Aug 05 16:21:24 UTC 2019 /home/travis/build/icyphy/ptII/ptolemy/domains/de/test/auto/CausalityInterface15.xml
----------------- Instantiating /home/travis/build/icyphy/ptII/ptolemy/domains/de/test/auto/CausalityInterface15.xml
2 ms. Memory: 51200K Free: 20681K (40%)
----------------- Invoking toplevel() on ptolemy.moml.MoMLSimpleApplication@6f15822b
----------------- Done invoking toplevel() on ptolemy.moml.MoMLSimpleApplication@6f15822b
reloadAllAccessors: .CausalityInterface15

===========================================================================================
----------------- testing Mon Aug 05 16:21:24 UTC 2019 /home/travis/build/icyphy/ptII/ptolemy/domains/de/test/auto/CausalityInterface2.xml
----------------- Instantiating /home/travis/build/icyphy/ptII/ptolemy/domains/de/test/auto/CausalityInterface2.xml
2 ms. Memory: 51200K Free: 16041K (31%)
[...]
	at ptolemy.actor.Manager.run(Manager.java:1263)
	at ptolemy.actor.Manager$PtolemyRunThread.run(Manager.java:1933)
java.lang.RuntimeException: Execution failed
	at ptolemy.moml.MoMLSimpleApplication$UnloadThread.run(MoMLSimpleApplication.java:402)
Caused by: ptolemy.kernel.util.IllegalActionException: Actor is not ready to fire.  Perhaps UpSample.prefire() returned false? Try debugging the actor by selecting "Listen to Actor".  Also, for SDF check moml for tokenConsumptionRate on input.
  in .DESDFClockTest.Play Bell.Copy1:SDF Director and .DESDFClockTest.Play Bell.UpSample
	at ptolemy.actor.sched.StaticSchedulingDirector.fire(StaticSchedulingDirector.java:227)
	at ptolemy.domains.sdf.kernel.SDFDirector.fire(SDFDirector.java:500)
	at ptolemy.actor.CompositeActor.fire(CompositeActor.java:455)
	at ptolemy.domains.de.kernel.DEDirector._fire(DEDirector.java:1949)
	at ptolemy.domains.de.kernel.DEDirector.fire(DEDirector.java:502)
	at ptolemy.actor.CompositeActor.fire(CompositeActor.java:455)
	at ptolemy.actor.Manager.iterate(Manager.java:851)
	at ptolemy.actor.Manager.execute(Manager.java:369)
	at ptolemy.actor.Manager.run(Manager.java:1263)
	at ptolemy.actor.Manager$PtolemyRunThread.run(Manager.java:1933)
java.lang.reflect.InvocationTargetException
	at java.base/jdk.internal.reflect.NativeConstructorAccessorImpl.newInstance0(Native Method)
	at java.base/jdk.internal.reflect.NativeConstructorAccessorImpl.newInstance(NativeConstructorAccessorImpl.java:62)
	at java.base/jdk.internal.reflect.DelegatingConstructorAccessorImpl.newInstance(DelegatingConstructorAccessorImpl.java:45)
	at java.base/java.lang.reflect.Constructor.newInstance(Constructor.java:490)
	at ptolemy.util.test.junit.AutoKnownFailedTests.RunModel(AutoKnownFailedTests.java:105)
	at java.base/jdk.internal.reflect.NativeMethodAccessorImpl.invoke0(Native Method)
	at java.base/jdk.internal.reflect.NativeMethodAccessorImpl.invoke(NativeMethodAccessorImpl.java:62)
	at java.base/jdk.internal.reflect.DelegatingMethodAccessorImpl.invoke(DelegatingMethodAccessorImpl.java:43)
	at java.base/java.lang.reflect.Method.invoke(Method.java:566)
	at org.junit.runners.model.FrameworkMethod$1.runReflectiveCall(FrameworkMethod.java:44)
	at org.junit.internal.runners.model.ReflectiveCallable.run(ReflectiveCallable.java:15)
	at org.junit.runners.model.FrameworkMethod.invokeExplosively(FrameworkMethod.java:41)
	at junitparams.internal.InvokeParameterisedMethod.evaluate(InvokeParameterisedMethod.java:102)
	at org.junit.internal.runners.statements.FailOnTimeout$1.run(FailOnTimeout.java:28)
Caused by: ptolemy.kernel.util.IllegalActionException: Actor is not ready to fire.  Perhaps UpSample.prefire() returned false? Try debugging the actor by selecting "Listen to Actor".  Also, for SDF check moml for tokenConsumptionRate on input.
  in .DESDFClockTest.Play Bell.Copy1:SDF Director and .DESDFClockTest.Play Bell.UpSample
	at ptolemy.actor.sched.StaticSchedulingDirector.fire(StaticSchedulingDirector.java:227)
	at ptolemy.domains.sdf.kernel.SDFDirector.fire(SDFDirector.java:500)
	at ptolemy.actor.CompositeActor.fire(CompositeActor.java:455)
	at ptolemy.domains.de.kernel.DEDirector._fire(DEDirector.java:1949)
	at ptolemy.domains.de.kernel.DEDirector.fire(DEDirector.java:502)
	at ptolemy.actor.CompositeActor.fire(CompositeActor.java:455)
	at ptolemy.actor.Manager.iterate(Manager.java:851)
	at ptolemy.actor.Manager.execute(Manager.java:369)
	at ptolemy.actor.Manager.run(Manager.java:1263)
	at ptolemy.actor.Manager$PtolemyRunThread.run(Manager.java:1933)
java.lang.RuntimeException: Execution failed
	at ptolemy.moml.MoMLSimpleApplication$UnloadThread.run(MoMLSimpleApplication.java:402)
Caused by: ptolemy.kernel.util.IllegalActionException: Test fails in iteration 1.
Value was: 1.0. Should have been: 2.0
  in .DirectFeedback.Test
	at ptolemy.actor.lib.Test.fire(Test.java:268)
	at ptolemy.domains.de.kernel.DEDirector._fire(DEDirector.java:1949)
	at ptolemy.domains.de.kernel.DEDirector.fire(DEDirector.java:502)
	at ptolemy.actor.CompositeActor.fire(CompositeActor.java:455)
	at ptolemy.actor.Manager.iterate(Manager.java:851)
	at ptolemy.actor.Manager.execute(Manager.java:369)
	at ptolemy.actor.Manager.run(Manager.java:1263)
	at ptolemy.actor.Manager$PtolemyRunThread.run(Manager.java:1933)
java.lang.reflect.InvocationTargetException
	at java.base/jdk.internal.reflect.NativeConstructorAccessorImpl.newInstance0(Native Method)
	at java.base/jdk.internal.reflect.NativeConstructorAccessorImpl.newInstance(NativeConstructorAccessorImpl.java:62)
	at java.base/jdk.internal.reflect.DelegatingConstructorAccessorImpl.newInstance(DelegatingConstructorAccessorImpl.java:45)
	at java.base/java.lang.reflect.Constructor.newInstance(Constructor.java:490)
	at ptolemy.util.test.junit.AutoKnownFailedTests.RunModel(AutoKnownFailedTests.java:105)
	at java.base/jdk.internal.reflect.NativeMethodAccessorImpl.invoke0(Native Method)
	at java.base/jdk.internal.reflect.NativeMethodAccessorImpl.invoke(NativeMethodAccessorImpl.java:62)
	at java.base/jdk.internal.reflect.DelegatingMethodAccessorImpl.invoke(DelegatingMethodAccessorImpl.java:43)
	at java.base/java.lang.reflect.Method.invoke(Method.java:566)
	at org.junit.runners.model.FrameworkMethod$1.runReflectiveCall(FrameworkMethod.java:44)
	at org.junit.internal.runners.model.ReflectiveCallable.run(ReflectiveCallable.java:15)
	at org.junit.runners.model.FrameworkMethod.invokeExplosively(FrameworkMethod.java:41)
	at junitparams.internal.InvokeParameterisedMethod.evaluate(InvokeParameterisedMethod.java:102)
	at org.junit.internal.runners.statements.FailOnTimeout$1.run(FailOnTimeout.java:28)
Caused by: ptolemy.kernel.util.IllegalActionException: Test fails in iteration 1.
Value was: 1.0. Should have been: 2.0
  in .DirectFeedback.Test
	at ptolemy.actor.lib.Test.fire(Test.java:268)
	at ptolemy.domains.de.kernel.DEDirector._fire(DEDirector.java:1949)
	at ptolemy.domains.de.kernel.DEDirector.fire(DEDirector.java:502)
	at ptolemy.actor.CompositeActor.fire(CompositeActor.java:455)
	at ptolemy.actor.Manager.iterate(Manager.java:851)
	at ptolemy.actor.Manager.execute(Manager.java:369)
	at ptolemy.actor.Manager.run(Manager.java:1263)
	at ptolemy.actor.Manager$PtolemyRunThread.run(Manager.java:1933)
java.lang.RuntimeException: Execution failed
	at ptolemy.moml.MoMLSimpleApplication$UnloadThread.run(MoMLSimpleApplication.java:402)
Caused by: ptolemy.kernel.util.IllegalActionException: Found a zero delay loop containing .HierarchicalModel.A
  in .HierarchicalModel and .HierarchicalModel.A
	at ptolemy.actor.util.CausalityInterfaceForComposites._computeOutputPortDepth(CausalityInterfaceForComposites.java:759)
	at ptolemy.actor.util.CausalityInterfaceForComposites._computeInputDepth(CausalityInterfaceForComposites.java:696)
	at ptolemy.actor.util.CausalityInterfaceForComposites._computeOutputPortDepth(CausalityInterfaceForComposites.java:765)
	at ptolemy.actor.util.CausalityInterfaceForComposites._computeInputDepth(CausalityInterfaceForComposites.java:696)
	at ptolemy.actor.util.CausalityInterfaceForComposites._computeOutputPortDepth(CausalityInterfaceForComposites.java:765)
	at ptolemy.actor.util.CausalityInterfaceForComposites._computeInputDepth(CausalityInterfaceForComposites.java:696)
	at ptolemy.actor.util.CausalityInterfaceForComposites._computeActorDepth(CausalityInterfaceForComposites.java:532)
	at ptolemy.actor.util.CausalityInterfaceForComposites.checkForCycles(CausalityInterfaceForComposites.java:96)
	at ptolemy.domains.de.kernel.DEDirector.preinitialize(DEDirector.java:1338)
	at ptolemy.actor.CompositeActor.preinitialize(CompositeActor.java:1828)
	at ptolemy.actor.Manager.preinitializeAndResolveTypes(Manager.java:1040)
	at ptolemy.actor.Manager.initialize(Manager.java:710)
	at ptolemy.actor.Manager.execute(Manager.java:356)
	at ptolemy.actor.Manager.run(Manager.java:1263)
	at ptolemy.actor.Manager$PtolemyRunThread.run(Manager.java:1933)
java.lang.reflect.InvocationTargetException
	at java.base/jdk.internal.reflect.NativeConstructorAccessorImpl.newInstance0(Native Method)
	at java.base/jdk.internal.reflect.NativeConstructorAccessorImpl.newInstance(NativeConstructorAccessorImpl.java:62)
	at java.base/jdk.internal.reflect.DelegatingConstructorAccessorImpl.newInstance(DelegatingConstructorAccessorImpl.java:45)
	at java.base/java.lang.reflect.Constructor.newInstance(Constructor.java:490)
	at ptolemy.util.test.junit.AutoKnownFailedTests.RunModel(AutoKnownFailedTests.java:105)
	at java.base/jdk.internal.reflect.NativeMethodAccessorImpl.invoke0(Native Method)
	at java.base/jdk.internal.reflect.NativeMethodAccessorImpl.invoke(NativeMethodAccessorImpl.java:62)
	at java.base/jdk.internal.reflect.DelegatingMethodAccessorImpl.invoke(DelegatingMethodAccessorImpl.java:43)
	at java.base/java.lang.reflect.Method.invoke(Method.java:566)
	at org.junit.runners.model.FrameworkMethod$1.runReflectiveCall(FrameworkMethod.java:44)
	at org.junit.internal.runners.model.ReflectiveCallable.run(ReflectiveCallable.java:15)
	at org.junit.runners.model.FrameworkMethod.invokeExplosively(FrameworkMethod.java:41)
	at junitparams.internal.InvokeParameterisedMethod.evaluate(InvokeParameterisedMethod.java:102)
	at org.junit.internal.runners.statements.FailOnTimeout$1.run(FailOnTimeout.java:28)
Caused by: ptolemy.kernel.util.IllegalActionException: Found a zero delay loop containing .HierarchicalModel.A
  in .HierarchicalModel and .HierarchicalModel.A
	at ptolemy.actor.util.CausalityInterfaceForComposites._computeOutputPortDepth(CausalityInterfaceForComposites.java:759)
	at ptolemy.actor.util.CausalityInterfaceForComposites._computeInputDepth(CausalityInterfaceForComposites.java:696)
	at ptolemy.actor.util.CausalityInterfaceForComposites._computeOutputPortDepth(CausalityInterfaceForComposites.java:765)
	at ptolemy.actor.util.CausalityInterfaceForComposites._computeInputDepth(CausalityInterfaceForComposites.java:696)
	at ptolemy.actor.util.CausalityInterfaceForComposites._computeOutputPortDepth(CausalityInterfaceForComposites.java:765)
	at ptolemy.actor.util.CausalityInterfaceForComposites._computeInputDepth(CausalityInterfaceForComposites.java:696)
	at ptolemy.actor.util.CausalityInterfaceForComposites._computeActorDepth(CausalityInterfaceForComposites.java:532)
	at ptolemy.actor.util.CausalityInterfaceForComposites.checkForCycles(CausalityInterfaceForComposites.java:96)
	at ptolemy.domains.de.kernel.DEDirector.preinitialize(DEDirector.java:1338)
	at ptolemy.actor.CompositeActor.preinitialize(CompositeActor.java:1828)
	at ptolemy.actor.Manager.preinitializeAndResolveTypes(Manager.java:1040)
	at ptolemy.actor.Manager.initialize(Manager.java:710)
	at ptolemy.actor.Manager.execute(Manager.java:356)
	at ptolemy.actor.Manager.run(Manager.java:1263)
	at ptolemy.actor.Manager$PtolemyRunThread.run(Manager.java:1933)
java.lang.RuntimeException: Execution failed
	at ptolemy.moml.MoMLSimpleApplication$UnloadThread.run(MoMLSimpleApplication.java:402)
Caused by: ptolemy.kernel.util.IllegalActionException: Found a zero delay loop containing .dependencyLoop.original
  in .dependencyLoop and .dependencyLoop.original
	at ptolemy.actor.util.CausalityInterfaceForComposites._computeOutputPortDepth(CausalityInterfaceForComposites.java:759)
	at ptolemy.actor.util.CausalityInterfaceForComposites._computeInputDepth(CausalityInterfaceForComposites.java:696)
	at ptolemy.actor.util.CausalityInterfaceForComposites._computeOutputPortDepth(CausalityInterfaceForComposites.java:765)
	at ptolemy.actor.util.CausalityInterfaceForComposites._computeInputDepth(CausalityInterfaceForComposites.java:696)
	at ptolemy.actor.util.CausalityInterfaceForComposites._computeOutputPortDepth(CausalityInterfaceForComposites.java:765)
	at ptolemy.actor.util.CausalityInterfaceForComposites._computeInputDepth(CausalityInterfaceForComposites.java:696)
	at ptolemy.actor.util.CausalityInterfaceForComposites._computeActorDepth(CausalityInterfaceForComposites.java:532)
	at ptolemy.actor.util.CausalityInterfaceForComposites.checkForCycles(CausalityInterfaceForComposites.java:96)
	at ptolemy.domains.de.kernel.DEDirector.preinitialize(DEDirector.java:1338)
	at ptolemy.actor.CompositeActor.preinitialize(CompositeActor.java:1828)
	at ptolemy.actor.Manager.preinitializeAndResolveTypes(Manager.java:1040)
	at ptolemy.actor.Manager.initialize(Manager.java:710)
	at ptolemy.actor.Manager.execute(Manager.java:356)
	at ptolemy.actor.Manager.run(Manager.java:1263)
	at ptolemy.actor.Manager$PtolemyRunThread.run(Manager.java:1933)
java.lang.reflect.InvocationTargetException
	at java.base/jdk.internal.reflect.NativeConstructorAccessorImpl.newInstance0(Native Method)
	at java.base/jdk.internal.reflect.NativeConstructorAccessorImpl.newInstance(NativeConstructorAccessorImpl.java:62)
	at java.base/jdk.internal.reflect.DelegatingConstructorAccessorImpl.newInstance(DelegatingConstructorAccessorImpl.java:45)
	at java.base/java.lang.reflect.Constructor.newInstance(Constructor.java:490)
	at ptolemy.util.test.junit.AutoKnownFailedTests.RunModel(AutoKnownFailedTests.java:105)
	at java.base/jdk.internal.reflect.NativeMethodAccessorImpl.invoke0(Native Method)
	at java.base/jdk.internal.reflect.NativeMethodAccessorImpl.invoke(NativeMethodAccessorImpl.java:62)
	at java.base/jdk.internal.reflect.DelegatingMethodAccessorImpl.invoke(DelegatingMethodAccessorImpl.java:43)
	at java.base/java.lang.reflect.Method.invoke(Method.java:566)
	at org.junit.runners.model.FrameworkMethod$1.runReflectiveCall(FrameworkMethod.java:44)
	at org.junit.internal.runners.model.ReflectiveCallable.run(ReflectiveCallable.java:15)
	at org.junit.runners.model.FrameworkMethod.invokeExplosively(FrameworkMethod.java:41)
	at junitparams.internal.InvokeParameterisedMethod.evaluate(InvokeParameterisedMethod.java:102)
	at org.junit.internal.runners.statements.FailOnTimeout$1.run(FailOnTimeout.java:28)
Caused by: ptolemy.kernel.util.IllegalActionException: Found a zero delay loop containing .dependencyLoop.original
  in .dependencyLoop and .dependencyLoop.original
	at ptolemy.actor.util.CausalityInterfaceForComposites._computeOutputPortDepth(CausalityInterfaceForComposites.java:759)
	at ptolemy.actor.util.CausalityInterfaceForComposites._computeInputDepth(CausalityInterfaceForComposites.java:696)
	at ptolemy.actor.util.CausalityInterfaceForComposites._computeOutputPortDepth(CausalityInterfaceForComposites.java:765)
	at ptolemy.actor.util.CausalityInterfaceForComposites._computeInputDepth(CausalityInterfaceForComposites.java:696)
	at ptolemy.actor.util.CausalityInterfaceForComposites._computeOutputPortDepth(CausalityInterfaceForComposites.java:765)
	at ptolemy.actor.util.CausalityInterfaceForComposites._computeInputDepth(CausalityInterfaceForComposites.java:696)
	at ptolemy.actor.util.CausalityInterfaceForComposites._computeActorDepth(CausalityInterfaceForComposites.java:532)
	at ptolemy.actor.util.CausalityInterfaceForComposites.checkForCycles(CausalityInterfaceForComposites.java:96)
	at ptolemy.domains.de.kernel.DEDirector.preinitialize(DEDirector.java:1338)
	at ptolemy.actor.CompositeActor.preinitialize(CompositeActor.java:1828)
	at ptolemy.actor.Manager.preinitializeAndResolveTypes(Manager.java:1040)
	at ptolemy.actor.Manager.initialize(Manager.java:710)
	at ptolemy.actor.Manager.execute(Manager.java:356)
	at ptolemy.actor.Manager.run(Manager.java:1263)
	at ptolemy.actor.Manager$PtolemyRunThread.run(Manager.java:1933)
java.lang.RuntimeException: Execution failed
	at ptolemy.moml.MoMLSimpleApplication$UnloadThread.run(MoMLSimpleApplication.java:402)
Caused by: ptolemy.kernel.util.IllegalActionException: Found a zero delay loop containing .dependencyLoop2.original
  in .dependencyLoop2 and .dependencyLoop2.original
	at ptolemy.actor.util.CausalityInterfaceForComposites._computeOutputPortDepth(CausalityInterfaceForComposites.java:759)
	at ptolemy.actor.util.CausalityInterfaceForComposites._computeInputDepth(CausalityInterfaceForComposites.java:696)
	at ptolemy.actor.util.CausalityInterfaceForComposites._computeOutputPortDepth(CausalityInterfaceForComposites.java:765)
	at ptolemy.actor.util.CausalityInterfaceForComposites._computeInputDepth(CausalityInterfaceForComposites.java:696)
	at ptolemy.actor.util.CausalityInterfaceForComposites._computeOutputPortDepth(CausalityInterfaceForComposites.java:765)
	at ptolemy.actor.util.CausalityInterfaceForComposites._computeInputDepth(CausalityInterfaceForComposites.java:696)
	at ptolemy.actor.util.CausalityInterfaceForComposites._computeActorDepth(CausalityInterfaceForComposites.java:532)
	at ptolemy.actor.util.CausalityInterfaceForComposites.checkForCycles(CausalityInterfaceForComposites.java:96)
	at ptolemy.domains.de.kernel.DEDirector.preinitialize(DEDirector.java:1338)
	at ptolemy.actor.CompositeActor.preinitialize(CompositeActor.java:1828)
	at ptolemy.actor.Manager.preinitializeAndResolveTypes(Manager.java:1040)
	at ptolemy.actor.Manager.initialize(Manager.java:710)
	at ptolemy.actor.Manager.execute(Manager.java:356)
	at ptolemy.actor.Manager.run(Manager.java:1263)
	at ptolemy.actor.Manager$PtolemyRunThread.run(Manager.java:1933)
java.lang.reflect.InvocationTargetException
	at java.base/jdk.internal.reflect.NativeConstructorAccessorImpl.newInstance0(Native Method)
	at java.base/jdk.internal.reflect.NativeConstructorAccessorImpl.newInstance(NativeConstructorAccessorImpl.java:62)
	at java.base/jdk.internal.reflect.DelegatingConstructorAccessorImpl.newInstance(DelegatingConstructorAccessorImpl.java:45)
	at java.base/java.lang.reflect.Constructor.newInstance(Constructor.java:490)
	at ptolemy.util.test.junit.AutoKnownFailedTests.RunModel(AutoKnownFailedTests.java:105)
	at java.base/jdk.internal.reflect.NativeMethodAccessorImpl.invoke0(Native Method)
	at java.base/jdk.internal.reflect.NativeMethodAccessorImpl.invoke(NativeMethodAccessorImpl.java:62)
	at java.base/jdk.internal.reflect.DelegatingMethodAccessorImpl.invoke(DelegatingMethodAccessorImpl.java:43)
	at java.base/java.lang.reflect.Method.invoke(Method.java:566)
	at org.junit.runners.model.FrameworkMethod$1.runReflectiveCall(FrameworkMethod.java:44)
	at org.junit.internal.runners.model.ReflectiveCallable.run(ReflectiveCallable.java:15)
	at org.junit.runners.model.FrameworkMethod.invokeExplosively(FrameworkMethod.java:41)
	at junitparams.internal.InvokeParameterisedMethod.evaluate(InvokeParameterisedMethod.java:102)
	at org.junit.internal.runners.statements.FailOnTimeout$1.run(FailOnTimeout.java:28)
Caused by: ptolemy.kernel.util.IllegalActionException: Found a zero delay loop containing .dependencyLoop2.original
  in .dependencyLoop2 and .dependencyLoop2.original
	at ptolemy.actor.util.CausalityInterfaceForComposites._computeOutputPortDepth(CausalityInterfaceForComposites.java:759)
	at ptolemy.actor.util.CausalityInterfaceForComposites._computeInputDepth(CausalityInterfaceForComposites.java:696)
	at ptolemy.actor.util.CausalityInterfaceForComposites._computeOutputPortDepth(CausalityInterfaceForComposites.java:765)
	at ptolemy.actor.util.CausalityInterfaceForComposites._computeInputDepth(CausalityInterfaceForComposites.java:696)
	at ptolemy.actor.util.CausalityInterfaceForComposites._computeOutputPortDepth(CausalityInterfaceForComposites.java:765)
	at ptolemy.actor.util.CausalityInterfaceForComposites._computeInputDepth(CausalityInterfaceForComposites.java:696)
	at ptolemy.actor.util.CausalityInterfaceForComposites._computeActorDepth(CausalityInterfaceForComposites.java:532)
	at ptolemy.actor.util.CausalityInterfaceForComposites.checkForCycles(CausalityInterfaceForComposites.java:96)
	at ptolemy.domains.de.kernel.DEDirector.preinitialize(DEDirector.java:1338)
	at ptolemy.actor.CompositeActor.preinitialize(CompositeActor.java:1828)
	at ptolemy.actor.Manager.preinitializeAndResolveTypes(Manager.java:1040)
	at ptolemy.actor.Manager.initialize(Manager.java:710)
	at ptolemy.actor.Manager.execute(Manager.java:356)
	at ptolemy.actor.Manager.run(Manager.java:1263)
	at ptolemy.actor.Manager$PtolemyRunThread.run(Manager.java:1933)
]]></system-err>
</testsuite>
