<?xml version="1.0" encoding="UTF-8" ?>
<testsuite errors="0" failures="0" hostname="travis-job-3cae4418-bcd0-4141-92c6-888cf46995e6" name="ptolemy.domains.modal.test.junit.JUnitTclTest" skipped="0" tests="148" time="11.313" timestamp="2019-07-02T04:45:28">
  <properties>
[...]
</properties>
  <testcase classname="ptolemy.util.test.junit.TclTests" name="[0] /home/travis/build/icyphy/ptII/ptolemy/domains/modal/test/SystemLevelType.tcl (RunTclFile)" time="2.051" />
  <testcase classname="ptolemy.util.test.junit.AutoKnownFailedTests" name="[0] /home/travis/build/icyphy/ptII/ptolemy/domains/modal/test/auto/knownFailedTests/CannotAnalysisWithPreemption.xml (RunModel)" time="0.254" />
  <testcase classname="ptolemy.util.test.junit.AutoNameArchTests" name="[0] ThereAreNoAutoArchTests (RunModel)" time="0.008" />
  <testcase classname="ptolemy.util.test.junit.AutoTests" name="[0] /home/travis/build/icyphy/ptII/ptolemy/domains/modal/test/auto/ABPTest.xml (RunModel)" time="0.854" />
  <testcase classname="ptolemy.util.test.junit.AutoTests" name="[1] /home/travis/build/icyphy/ptII/ptolemy/domains/modal/test/auto/ABROFlat.xml (RunModel)" time="0.093" />
  <testcase classname="ptolemy.util.test.junit.AutoTests" name="[2] /home/travis/build/icyphy/ptII/ptolemy/domains/modal/test/auto/ABROFlat2.xml (RunModel)" time="0.111" />
  <testcase classname="ptolemy.util.test.junit.AutoTests" name="[3] /home/travis/build/icyphy/ptII/ptolemy/domains/modal/test/auto/ABRO_present_hmm.xml (RunModel)" time="0.15" />
  <testcase classname="ptolemy.util.test.junit.AutoTests" name="[4] /home/travis/build/icyphy/ptII/ptolemy/domains/modal/test/auto/AMICoderExample.xml (RunModel)" time="0.061" />
  <testcase classname="ptolemy.util.test.junit.AutoTests" name="[5] /home/travis/build/icyphy/ptII/ptolemy/domains/modal/test/auto/AbsentToPresent.xml (RunModel)" time="0.018" />
  <testcase classname="ptolemy.util.test.junit.AutoTests" name="[6] /home/travis/build/icyphy/ptII/ptolemy/domains/modal/test/auto/Blending.xml (RunModel)" time="0.193" />
  <testcase classname="ptolemy.util.test.junit.AutoTests" name="[7] /home/travis/build/icyphy/ptII/ptolemy/domains/modal/test/auto/Broadcast.xml (RunModel)" time="0.037" />
  <testcase classname="ptolemy.util.test.junit.AutoTests" name="[8] /home/travis/build/icyphy/ptII/ptolemy/domains/modal/test/auto/BroadcastHierarchy.xml (RunModel)" time="0.058" />
  <testcase classname="ptolemy.util.test.junit.AutoTests" name="[9] /home/travis/build/icyphy/ptII/ptolemy/domains/modal/test/auto/BroadcastHierarchy2.xml (RunModel)" time="0.138" />
  <testcase classname="ptolemy.util.test.junit.AutoTests" name="[10] /home/travis/build/icyphy/ptII/ptolemy/domains/modal/test/auto/BroadcastHierarchy3.xml (RunModel)" time="0.088" />
  <testcase classname="ptolemy.util.test.junit.AutoTests" name="[11] /home/travis/build/icyphy/ptII/ptolemy/domains/modal/test/auto/BroadcastHierarchy4.xml (RunModel)" time="0.098" />
  <testcase classname="ptolemy.util.test.junit.AutoTests" name="[12] /home/travis/build/icyphy/ptII/ptolemy/domains/modal/test/auto/CannotAnalysisWithPreemption2.xml (RunModel)" time="0.033" />
  <testcase classname="ptolemy.util.test.junit.AutoTests" name="[13] /home/travis/build/icyphy/ptII/ptolemy/domains/modal/test/auto/CannotAnalysisWithPreemption3.xml (RunModel)" time="0.046" />
  <testcase classname="ptolemy.util.test.junit.AutoTests" name="[14] /home/travis/build/icyphy/ptII/ptolemy/domains/modal/test/auto/CannotProduce.xml (RunModel)" time="0.035" />
  <testcase classname="ptolemy.util.test.junit.AutoTests" name="[15] /home/travis/build/icyphy/ptII/ptolemy/domains/modal/test/auto/CannotProduceModal.xml (RunModel)" time="0.038" />
  <testcase classname="ptolemy.util.test.junit.AutoTests" name="[16] /home/travis/build/icyphy/ptII/ptolemy/domains/modal/test/auto/Case.xml (RunModel)" time="0.08" />
  <testcase classname="ptolemy.util.test.junit.AutoTests" name="[17] /home/travis/build/icyphy/ptII/ptolemy/domains/modal/test/auto/Case1.xml (RunModel)" time="0.027" />
  <testcase classname="ptolemy.util.test.junit.AutoTests" name="[18] /home/travis/build/icyphy/ptII/ptolemy/domains/modal/test/auto/Case2.xml (RunModel)" time="0.061" />
  <testcase classname="ptolemy.util.test.junit.AutoTests" name="[19] /home/travis/build/icyphy/ptII/ptolemy/domains/modal/test/auto/CausalityInterface1.xml (RunModel)" time="0.065" />
  <testcase classname="ptolemy.util.test.junit.AutoTests" name="[20] /home/travis/build/icyphy/ptII/ptolemy/domains/modal/test/auto/CausalityInterface10.xml (RunModel)" time="0.062" />
  <testcase classname="ptolemy.util.test.junit.AutoTests" name="[21] /home/travis/build/icyphy/ptII/ptolemy/domains/modal/test/auto/CausalityInterface11.xml (RunModel)" time="0.054" />
  <testcase classname="ptolemy.util.test.junit.AutoTests" name="[22] /home/travis/build/icyphy/ptII/ptolemy/domains/modal/test/auto/CausalityInterface12.xml (RunModel)" time="0.049" />
  <testcase classname="ptolemy.util.test.junit.AutoTests" name="[23] /home/travis/build/icyphy/ptII/ptolemy/domains/modal/test/auto/CausalityInterface13.xml (RunModel)" time="0.059" />
  <testcase classname="ptolemy.util.test.junit.AutoTests" name="[24] /home/travis/build/icyphy/ptII/ptolemy/domains/modal/test/auto/CausalityInterface14.xml (RunModel)" time="0.054" />
  <testcase classname="ptolemy.util.test.junit.AutoTests" name="[25] /home/travis/build/icyphy/ptII/ptolemy/domains/modal/test/auto/CausalityInterface2.xml (RunModel)" time="0.028" />
  <testcase classname="ptolemy.util.test.junit.AutoTests" name="[26] /home/travis/build/icyphy/ptII/ptolemy/domains/modal/test/auto/CausalityInterface3.xml (RunModel)" time="0.021" />
  <testcase classname="ptolemy.util.test.junit.AutoTests" name="[27] /home/travis/build/icyphy/ptII/ptolemy/domains/modal/test/auto/CausalityInterface4.xml (RunModel)" time="0.023" />
  <testcase classname="ptolemy.util.test.junit.AutoTests" name="[28] /home/travis/build/icyphy/ptII/ptolemy/domains/modal/test/auto/CausalityInterface5.xml (RunModel)" time="0.034" />
  <testcase classname="ptolemy.util.test.junit.AutoTests" name="[29] /home/travis/build/icyphy/ptII/ptolemy/domains/modal/test/auto/CausalityInterface6.xml (RunModel)" time="0.037" />
  <testcase classname="ptolemy.util.test.junit.AutoTests" name="[30] /home/travis/build/icyphy/ptII/ptolemy/domains/modal/test/auto/CausalityInterface7.xml (RunModel)" time="0.033" />
  <testcase classname="ptolemy.util.test.junit.AutoTests" name="[31] /home/travis/build/icyphy/ptII/ptolemy/domains/modal/test/auto/CausalityInterface8.xml (RunModel)" time="0.04" />
  <testcase classname="ptolemy.util.test.junit.AutoTests" name="[32] /home/travis/build/icyphy/ptII/ptolemy/domains/modal/test/auto/CausalityInterface9.xml (RunModel)" time="0.064" />
  <testcase classname="ptolemy.util.test.junit.AutoTests" name="[33] /home/travis/build/icyphy/ptII/ptolemy/domains/modal/test/auto/ChainedTransitions.xml (RunModel)" time="0.152" />
  <testcase classname="ptolemy.util.test.junit.AutoTests" name="[34] /home/travis/build/icyphy/ptII/ptolemy/domains/modal/test/auto/CycleOfImmediateTransitionsFSM.xml (RunModel)" time="0.024" />
  <testcase classname="ptolemy.util.test.junit.AutoTests" name="[35] /home/travis/build/icyphy/ptII/ptolemy/domains/modal/test/auto/CycleOfImmediateTransitionsModal.xml (RunModel)" time="0.027" />
  <testcase classname="ptolemy.util.test.junit.AutoTests" name="[36] /home/travis/build/icyphy/ptII/ptolemy/domains/modal/test/auto/CycleOfImmediateTransitionsModal2.xml (RunModel)" time="0.037" />
  <testcase classname="ptolemy.util.test.junit.AutoTests" name="[37] /home/travis/build/icyphy/ptII/ptolemy/domains/modal/test/auto/CycleOfImmediateTransitionsModal3.xml (RunModel)" time="0.097" />
  <testcase classname="ptolemy.util.test.junit.AutoTests" name="[38] /home/travis/build/icyphy/ptII/ptolemy/domains/modal/test/auto/DeepModal1.xml (RunModel)" time="0.076" />
  <testcase classname="ptolemy.util.test.junit.AutoTests" name="[39] /home/travis/build/icyphy/ptII/ptolemy/domains/modal/test/auto/DeepModal2.xml (RunModel)" time="0.097" />
  <testcase classname="ptolemy.util.test.junit.AutoTests" name="[40] /home/travis/build/icyphy/ptII/ptolemy/domains/modal/test/auto/DeepModal3.xml (RunModel)" time="0.081" />
  <testcase classname="ptolemy.util.test.junit.AutoTests" name="[41] /home/travis/build/icyphy/ptII/ptolemy/domains/modal/test/auto/DeepModal4.xml (RunModel)" time="0.073" />
  <testcase classname="ptolemy.util.test.junit.AutoTests" name="[42] /home/travis/build/icyphy/ptII/ptolemy/domains/modal/test/auto/Default1.xml (RunModel)" time="0.019" />
  <testcase classname="ptolemy.util.test.junit.AutoTests" name="[43] /home/travis/build/icyphy/ptII/ptolemy/domains/modal/test/auto/Default2.xml (RunModel)" time="0.016" />
  <testcase classname="ptolemy.util.test.junit.AutoTests" name="[44] /home/travis/build/icyphy/ptII/ptolemy/domains/modal/test/auto/Default3.xml (RunModel)" time="0.017" />
  <testcase classname="ptolemy.util.test.junit.AutoTests" name="[45] /home/travis/build/icyphy/ptII/ptolemy/domains/modal/test/auto/Default4.xml (RunModel)" time="0.015" />
  <testcase classname="ptolemy.util.test.junit.AutoTests" name="[46] /home/travis/build/icyphy/ptII/ptolemy/domains/modal/test/auto/Default5.xml (RunModel)" time="0.027" />
  <testcase classname="ptolemy.util.test.junit.AutoTests" name="[47] /home/travis/build/icyphy/ptII/ptolemy/domains/modal/test/auto/EmptyGuard.xml (RunModel)" time="0.048" />
  <testcase classname="ptolemy.util.test.junit.AutoTests" name="[48] /home/travis/build/icyphy/ptII/ptolemy/domains/modal/test/auto/ErrorTransition1.xml (RunModel)" time="0.04" />
  <testcase classname="ptolemy.util.test.junit.AutoTests" name="[49] /home/travis/build/icyphy/ptII/ptolemy/domains/modal/test/auto/ErrorTransition10.xml (RunModel)" time="0.038" />
  <testcase classname="ptolemy.util.test.junit.AutoTests" name="[50] /home/travis/build/icyphy/ptII/ptolemy/domains/modal/test/auto/ErrorTransition11.xml (RunModel)" time="0.038" />
  <testcase classname="ptolemy.util.test.junit.AutoTests" name="[51] /home/travis/build/icyphy/ptII/ptolemy/domains/modal/test/auto/ErrorTransition2.xml (RunModel)" time="0.029" />
  <testcase classname="ptolemy.util.test.junit.AutoTests" name="[52] /home/travis/build/icyphy/ptII/ptolemy/domains/modal/test/auto/ErrorTransition3.xml (RunModel)" time="0.042" />
  <testcase classname="ptolemy.util.test.junit.AutoTests" name="[53] /home/travis/build/icyphy/ptII/ptolemy/domains/modal/test/auto/ErrorTransition4.xml (RunModel)" time="0.038" />
  <testcase classname="ptolemy.util.test.junit.AutoTests" name="[54] /home/travis/build/icyphy/ptII/ptolemy/domains/modal/test/auto/ErrorTransition5.xml (RunModel)" time="0.033" />
  <testcase classname="ptolemy.util.test.junit.AutoTests" name="[55] /home/travis/build/icyphy/ptII/ptolemy/domains/modal/test/auto/ErrorTransition6.xml (RunModel)" time="0.04" />
  <testcase classname="ptolemy.util.test.junit.AutoTests" name="[56] /home/travis/build/icyphy/ptII/ptolemy/domains/modal/test/auto/ErrorTransition7.xml (RunModel)" time="0.06" />
  <testcase classname="ptolemy.util.test.junit.AutoTests" name="[57] /home/travis/build/icyphy/ptII/ptolemy/domains/modal/test/auto/ErrorTransition8.xml (RunModel)" time="0.069" />
  <testcase classname="ptolemy.util.test.junit.AutoTests" name="[58] /home/travis/build/icyphy/ptII/ptolemy/domains/modal/test/auto/ErrorTransition9.xml (RunModel)" time="0.047" />
  <testcase classname="ptolemy.util.test.junit.AutoTests" name="[59] /home/travis/build/icyphy/ptII/ptolemy/domains/modal/test/auto/ExtendedFSM.xml (RunModel)" time="0.026" />
  <testcase classname="ptolemy.util.test.junit.AutoTests" name="[60] /home/travis/build/icyphy/ptII/ptolemy/domains/modal/test/auto/FinalStates.xml (RunModel)" time="0.034" />
  <testcase classname="ptolemy.util.test.junit.AutoTests" name="[61] /home/travis/build/icyphy/ptII/ptolemy/domains/modal/test/auto/FixedPointFSM.xml (RunModel)" time="0.055" />
  <testcase classname="ptolemy.util.test.junit.AutoTests" name="[62] /home/travis/build/icyphy/ptII/ptolemy/domains/modal/test/auto/FixedPointIterationFSMActor.xml (RunModel)" time="0.037" />
  <testcase classname="ptolemy.util.test.junit.AutoTests" name="[63] /home/travis/build/icyphy/ptII/ptolemy/domains/modal/test/auto/FixedPointIterationFSMActor2.xml (RunModel)" time="0.041" />
  <testcase classname="ptolemy.util.test.junit.AutoTests" name="[64] /home/travis/build/icyphy/ptII/ptolemy/domains/modal/test/auto/ForbiddenInstantanousLoop.xml (RunModel)" time="0.052" />
  <testcase classname="ptolemy.util.test.junit.AutoTests" name="[65] /home/travis/build/icyphy/ptII/ptolemy/domains/modal/test/auto/FunctionDependencyOfFSMActorTest.xml (RunModel)" time="0.032" />
  <testcase classname="ptolemy.util.test.junit.AutoTests" name="[66] /home/travis/build/icyphy/ptII/ptolemy/domains/modal/test/auto/GuardExpression.xml (RunModel)" time="0.021" />
  <testcase classname="ptolemy.util.test.junit.AutoTests" name="[67] /home/travis/build/icyphy/ptII/ptolemy/domains/modal/test/auto/GuardNotEvaluated.xml (RunModel)" time="0.03" />
  <testcase classname="ptolemy.util.test.junit.AutoTests" name="[68] /home/travis/build/icyphy/ptII/ptolemy/domains/modal/test/auto/GuardNotEvaluated2.xml (RunModel)" time="0.027" />
  <testcase classname="ptolemy.util.test.junit.AutoTests" name="[69] /home/travis/build/icyphy/ptII/ptolemy/domains/modal/test/auto/GuardOnAbsent.xml (RunModel)" time="0.023" />
  <testcase classname="ptolemy.util.test.junit.AutoTests" name="[70] /home/travis/build/icyphy/ptII/ptolemy/domains/modal/test/auto/HierarchicalFSMTypeInference.xml (RunModel)" time="0.034" />
  <testcase classname="ptolemy.util.test.junit.AutoTests" name="[71] /home/travis/build/icyphy/ptII/ptolemy/domains/modal/test/auto/Hysteresis.xml (RunModel)" time="0.048" />
  <testcase classname="ptolemy.util.test.junit.AutoTests" name="[72] /home/travis/build/icyphy/ptII/ptolemy/domains/modal/test/auto/HysteresisWithDefault.xml (RunModel)" time="0.068" />
  <testcase classname="ptolemy.util.test.junit.AutoTests" name="[73] /home/travis/build/icyphy/ptII/ptolemy/domains/modal/test/auto/HysteresisWithDefault2.xml (RunModel)" time="0.074" />
  <testcase classname="ptolemy.util.test.junit.AutoTests" name="[74] /home/travis/build/icyphy/ptII/ptolemy/domains/modal/test/auto/ImmediateNonConstructiveness.xml (RunModel)" time="0.023" />
  <testcase classname="ptolemy.util.test.junit.AutoTests" name="[75] /home/travis/build/icyphy/ptII/ptolemy/domains/modal/test/auto/ImmediateNonConstructiveness2.xml (RunModel)" time="0.017" />
  <testcase classname="ptolemy.util.test.junit.AutoTests" name="[76] /home/travis/build/icyphy/ptII/ptolemy/domains/modal/test/auto/ImmediateTransitionReset.xml (RunModel)" time="0.03" />
  <testcase classname="ptolemy.util.test.junit.AutoTests" name="[77] /home/travis/build/icyphy/ptII/ptolemy/domains/modal/test/auto/ImmediateTransitions1.xml (RunModel)" time="0.016" />
  <testcase classname="ptolemy.util.test.junit.AutoTests" name="[78] /home/travis/build/icyphy/ptII/ptolemy/domains/modal/test/auto/ImmediateTransitionsInstantaneousCommunication.xml (RunModel)" time="0.033" />
  <testcase classname="ptolemy.util.test.junit.AutoTests" name="[79] /home/travis/build/icyphy/ptII/ptolemy/domains/modal/test/auto/InitialImmediateTransition.xml (RunModel)" time="0.016" />
  <testcase classname="ptolemy.util.test.junit.AutoTests" name="[80] /home/travis/build/icyphy/ptII/ptolemy/domains/modal/test/auto/InitialOutputs.xml (RunModel)" time="0.015" />
  <testcase classname="ptolemy.util.test.junit.AutoTests" name="[81] /home/travis/build/icyphy/ptII/ptolemy/domains/modal/test/auto/InitialStateTransition1.xml (RunModel)" time="0.021" />
  <testcase classname="ptolemy.util.test.junit.AutoTests" name="[82] /home/travis/build/icyphy/ptII/ptolemy/domains/modal/test/auto/InitialStateTransition2.xml (RunModel)" time="0.028" />
  <testcase classname="ptolemy.util.test.junit.AutoTests" name="[83] /home/travis/build/icyphy/ptII/ptolemy/domains/modal/test/auto/InitialStateTransition3.xml (RunModel)" time="0.066" />
  <testcase classname="ptolemy.util.test.junit.AutoTests" name="[84] /home/travis/build/icyphy/ptII/ptolemy/domains/modal/test/auto/InitialStateTransition4.xml (RunModel)" time="0.027" />
  <testcase classname="ptolemy.util.test.junit.AutoTests" name="[85] /home/travis/build/icyphy/ptII/ptolemy/domains/modal/test/auto/MalformedGuardExpressionNotCaught.xml (RunModel)" time="0.028" />
  <testcase classname="ptolemy.util.test.junit.AutoTests" name="[86] /home/travis/build/icyphy/ptII/ptolemy/domains/modal/test/auto/ModalBSC.xml (RunModel)" time="0.103" />
  <testcase classname="ptolemy.util.test.junit.AutoTests" name="[87] /home/travis/build/icyphy/ptII/ptolemy/domains/modal/test/auto/ModalClocks.xml (RunModel)" time="0.08" />
  <testcase classname="ptolemy.util.test.junit.AutoTests" name="[88] /home/travis/build/icyphy/ptII/ptolemy/domains/modal/test/auto/ModalDelay.xml (RunModel)" time="0.043" />
  <testcase classname="ptolemy.util.test.junit.AutoTests" name="[89] /home/travis/build/icyphy/ptII/ptolemy/domains/modal/test/auto/ModalDelay2.xml (RunModel)" time="0.046" />
  <testcase classname="ptolemy.util.test.junit.AutoTests" name="[90] /home/travis/build/icyphy/ptII/ptolemy/domains/modal/test/auto/ModalModelFromMemo.xml (RunModel)" time="0.06" />
  <testcase classname="ptolemy.util.test.junit.AutoTests" name="[91] /home/travis/build/icyphy/ptII/ptolemy/domains/modal/test/auto/ModalModelWithMultirateTransient.xml (RunModel)" time="0.055" />
  <testcase classname="ptolemy.util.test.junit.AutoTests" name="[92] /home/travis/build/icyphy/ptII/ptolemy/domains/modal/test/auto/ModalModelWithReset.xml (RunModel)" time="0.056" />
  <testcase classname="ptolemy.util.test.junit.AutoTests" name="[93] /home/travis/build/icyphy/ptII/ptolemy/domains/modal/test/auto/MouseClickFSM.xml (RunModel)" time="0.04" />
  <testcase classname="ptolemy.util.test.junit.AutoTests" name="[94] /home/travis/build/icyphy/ptII/ptolemy/domains/modal/test/auto/MouseClickFSMModal.xml (RunModel)" time="0.035" />
  <testcase classname="ptolemy.util.test.junit.AutoTests" name="[95] /home/travis/build/icyphy/ptII/ptolemy/domains/modal/test/auto/NonStrictFSM_FeedbackLoop.xml (RunModel)" time="0.045" />
  <testcase classname="ptolemy.util.test.junit.AutoTests" name="[96] /home/travis/build/icyphy/ptII/ptolemy/domains/modal/test/auto/NonStrictFSM_FeedbackLoop_Refinement.xml (RunModel)" time="0.084" />
  <testcase classname="ptolemy.util.test.junit.AutoTests" name="[97] /home/travis/build/icyphy/ptII/ptolemy/domains/modal/test/auto/NonStrictFSM_FeedbackLoop_preemptive.xml (RunModel)" time="0.063" />
  <testcase classname="ptolemy.util.test.junit.AutoTests" name="[98] /home/travis/build/icyphy/ptII/ptolemy/domains/modal/test/auto/NormalTermination.xml (RunModel)" time="0.054" />
  <testcase classname="ptolemy.util.test.junit.AutoTests" name="[99] /home/travis/build/icyphy/ptII/ptolemy/domains/modal/test/auto/Pong.xml (RunModel)" time="0.093" />
  <testcase classname="ptolemy.util.test.junit.AutoTests" name="[100] /home/travis/build/icyphy/ptII/ptolemy/domains/modal/test/auto/Pong_test.xml (RunModel)" time="0.134" />
  <testcase classname="ptolemy.util.test.junit.AutoTests" name="[101] /home/travis/build/icyphy/ptII/ptolemy/domains/modal/test/auto/PreemptionHierarchy.xml (RunModel)" time="0.026" />
  <testcase classname="ptolemy.util.test.junit.AutoTests" name="[102] /home/travis/build/icyphy/ptII/ptolemy/domains/modal/test/auto/PreemptionHierarchy2.xml (RunModel)" time="0.033" />
  <testcase classname="ptolemy.util.test.junit.AutoTests" name="[103] /home/travis/build/icyphy/ptII/ptolemy/domains/modal/test/auto/PreemptiveTransition.xml (RunModel)" time="0.025" />
  <testcase classname="ptolemy.util.test.junit.AutoTests" name="[104] /home/travis/build/icyphy/ptII/ptolemy/domains/modal/test/auto/Priorities.xml (RunModel)" time="0.097" />
  <testcase classname="ptolemy.util.test.junit.AutoTests" name="[105] /home/travis/build/icyphy/ptII/ptolemy/domains/modal/test/auto/ResetFinal.xml (RunModel)" time="0.039" />
  <testcase classname="ptolemy.util.test.junit.AutoTests" name="[106] /home/travis/build/icyphy/ptII/ptolemy/domains/modal/test/auto/ResetFinal2.xml (RunModel)" time="0.033" />
  <testcase classname="ptolemy.util.test.junit.AutoTests" name="[107] /home/travis/build/icyphy/ptII/ptolemy/domains/modal/test/auto/ResetTransitionWithStartTime.xml (RunModel)" time="0.034" />
  <testcase classname="ptolemy.util.test.junit.AutoTests" name="[108] /home/travis/build/icyphy/ptII/ptolemy/domains/modal/test/auto/SDF-FSMComposite.xml (RunModel)" time="0.026" />
  <testcase classname="ptolemy.util.test.junit.AutoTests" name="[109] /home/travis/build/icyphy/ptII/ptolemy/domains/modal/test/auto/SeeminglyNondeterminate.xml (RunModel)" time="0.078" />
  <testcase classname="ptolemy.util.test.junit.AutoTests" name="[110] /home/travis/build/icyphy/ptII/ptolemy/domains/modal/test/auto/SeeminglyNondeterminate2.xml (RunModel)" time="0.114" />
  <testcase classname="ptolemy.util.test.junit.AutoTests" name="[111] /home/travis/build/icyphy/ptII/ptolemy/domains/modal/test/auto/SpontaneousFSM.xml (RunModel)" time="0.045" />
  <testcase classname="ptolemy.util.test.junit.AutoTests" name="[112] /home/travis/build/icyphy/ptII/ptolemy/domains/modal/test/auto/SpontaneousFSM2.xml (RunModel)" time="0.044" />
  <testcase classname="ptolemy.util.test.junit.AutoTests" name="[113] /home/travis/build/icyphy/ptII/ptolemy/domains/modal/test/auto/SpontaneousFSM3.xml (RunModel)" time="0.053" />
  <testcase classname="ptolemy.util.test.junit.AutoTests" name="[114] /home/travis/build/icyphy/ptII/ptolemy/domains/modal/test/auto/SpontaneousFSM4.xml (RunModel)" time="0.043" />
  <testcase classname="ptolemy.util.test.junit.AutoTests" name="[115] /home/travis/build/icyphy/ptII/ptolemy/domains/modal/test/auto/StateTrackerTest.xml (RunModel)" time="0.048" />
  <testcase classname="ptolemy.util.test.junit.AutoTests" name="[116] /home/travis/build/icyphy/ptII/ptolemy/domains/modal/test/auto/StrongImmediateTransition.xml (RunModel)" time="0.04" />
  <testcase classname="ptolemy.util.test.junit.AutoTests" name="[117] /home/travis/build/icyphy/ptII/ptolemy/domains/modal/test/auto/SustainHierarchy.xml (RunModel)" time="0.032" />
  <testcase classname="ptolemy.util.test.junit.AutoTests" name="[118] /home/travis/build/icyphy/ptII/ptolemy/domains/modal/test/auto/TerminationTransition1.xml (RunModel)" time="0.02" />
  <testcase classname="ptolemy.util.test.junit.AutoTests" name="[119] /home/travis/build/icyphy/ptII/ptolemy/domains/modal/test/auto/TerminationTransition2.xml (RunModel)" time="0.028" />
  <testcase classname="ptolemy.util.test.junit.AutoTests" name="[120] /home/travis/build/icyphy/ptII/ptolemy/domains/modal/test/auto/TerminationTransition3.xml (RunModel)" time="0.023" />
  <testcase classname="ptolemy.util.test.junit.AutoTests" name="[121] /home/travis/build/icyphy/ptII/ptolemy/domains/modal/test/auto/TerminationTransition4.xml (RunModel)" time="0.036" />
  <testcase classname="ptolemy.util.test.junit.AutoTests" name="[122] /home/travis/build/icyphy/ptII/ptolemy/domains/modal/test/auto/TerminationTransition5.xml (RunModel)" time="0.032" />
  <testcase classname="ptolemy.util.test.junit.AutoTests" name="[123] /home/travis/build/icyphy/ptII/ptolemy/domains/modal/test/auto/TerminationTransition6.xml (RunModel)" time="0.022" />
  <testcase classname="ptolemy.util.test.junit.AutoTests" name="[124] /home/travis/build/icyphy/ptII/ptolemy/domains/modal/test/auto/TerminationTransition7.xml (RunModel)" time="0.022" />
  <testcase classname="ptolemy.util.test.junit.AutoTests" name="[125] /home/travis/build/icyphy/ptII/ptolemy/domains/modal/test/auto/TerminationTransition8.xml (RunModel)" time="0.025" />
  <testcase classname="ptolemy.util.test.junit.AutoTests" name="[126] /home/travis/build/icyphy/ptII/ptolemy/domains/modal/test/auto/Thermostat_NoHysteresis.xml (RunModel)" time="0.062" />
  <testcase classname="ptolemy.util.test.junit.AutoTests" name="[127] /home/travis/build/icyphy/ptII/ptolemy/domains/modal/test/auto/TimedFSM.xml (RunModel)" time="0.033" />
  <testcase classname="ptolemy.util.test.junit.AutoTests" name="[128] /home/travis/build/icyphy/ptII/ptolemy/domains/modal/test/auto/Timeout1.xml (RunModel)" time="0.014" />
  <testcase classname="ptolemy.util.test.junit.AutoTests" name="[129] /home/travis/build/icyphy/ptII/ptolemy/domains/modal/test/auto/Timeout2.xml (RunModel)" time="0.045" />
  <testcase classname="ptolemy.util.test.junit.AutoTests" name="[130] /home/travis/build/icyphy/ptII/ptolemy/domains/modal/test/auto/Timeout3.xml (RunModel)" time="0.011" />
  <testcase classname="ptolemy.util.test.junit.AutoTests" name="[131] /home/travis/build/icyphy/ptII/ptolemy/domains/modal/test/auto/Timeout4.xml (RunModel)" time="0.015" />
  <testcase classname="ptolemy.util.test.junit.AutoTests" name="[132] /home/travis/build/icyphy/ptII/ptolemy/domains/modal/test/auto/TransientstateModelAdvanced.xml (RunModel)" time="0.03" />
  <testcase classname="ptolemy.util.test.junit.AutoTests" name="[133] /home/travis/build/icyphy/ptII/ptolemy/domains/modal/test/auto/TransientstateModelAdvanced2.xml (RunModel)" time="0.035" />
  <testcase classname="ptolemy.util.test.junit.AutoTests" name="[134] /home/travis/build/icyphy/ptII/ptolemy/domains/modal/test/auto/TransitionRefinements.xml (RunModel)" time="0.026" />
  <testcase classname="ptolemy.util.test.junit.AutoTests" name="[135] /home/travis/build/icyphy/ptII/ptolemy/domains/modal/test/auto/TwoRefinements1.xml (RunModel)" time="0.027" />
  <testcase classname="ptolemy.util.test.junit.AutoTests" name="[136] /home/travis/build/icyphy/ptII/ptolemy/domains/modal/test/auto/TwoRefinements2.xml (RunModel)" time="0.031" />
  <testcase classname="ptolemy.util.test.junit.AutoTests" name="[137] /home/travis/build/icyphy/ptII/ptolemy/domains/modal/test/auto/WeakImmediateTransition.xml (RunModel)" time="0.03" />
  <testcase classname="ptolemy.util.test.junit.AutoTests" name="[138] /home/travis/build/icyphy/ptII/ptolemy/domains/modal/test/auto/booleanSelect.xml (RunModel)" time="0.067" />
  <testcase classname="ptolemy.util.test.junit.AutoTests" name="[139] /home/travis/build/icyphy/ptII/ptolemy/domains/modal/test/auto/modalChangingParams.xml (RunModel)" time="0.339" />
  <testcase classname="ptolemy.util.test.junit.AutoTests" name="[140] /home/travis/build/icyphy/ptII/ptolemy/domains/modal/test/auto/modalModel.xml (RunModel)" time="0.025" />
  <testcase classname="ptolemy.util.test.junit.AutoTests" name="[141] /home/travis/build/icyphy/ptII/ptolemy/domains/modal/test/auto/modalModel2.xml (RunModel)" time="0.031" />
  <testcase classname="ptolemy.util.test.junit.AutoTests" name="[142] /home/travis/build/icyphy/ptII/ptolemy/domains/modal/test/auto/modalModel3.xml (RunModel)" time="0.043" />
  <testcase classname="ptolemy.util.test.junit.AutoTests" name="[143] /home/travis/build/icyphy/ptII/ptolemy/domains/modal/test/auto/model1.xml (RunModel)" time="0.023" />
  <testcase classname="ptolemy.util.test.junit.AutoTests" name="[144] /home/travis/build/icyphy/ptII/ptolemy/domains/modal/test/auto/test-direct-in-out.xml (RunModel)" time="0.03" />
  <system-out><![CDATA[/home/travis/build/icyphy/ptII/ptolemy/domains/modal/test/SystemLevelType.tcl
testDefs.tcl: setting time out to 9000 seconds at Tue Jul 02 04:45:29 UTC 2019
07/02/19 04:45:31
Failed: 0  Total Tests: 1  ((Passed: 1, Newly Passed: 0)  Known Failed: 0) /home/travis/build/icyphy/ptII/ptolemy/domains/modal/test
----------------- testing (KnownFailure) /home/travis/build/icyphy/ptII/ptolemy/domains/modal/test/auto/knownFailedTests/CannotAnalysisWithPreemption.xml
97 ms. Memory: 166912K Free: 130165K (78%)
Known Failure: java.lang.reflect.InvocationTargetException
No auto/linux-amd64/*.xml tests in /home/travis/build/icyphy/ptII/ptolemy/domains/modal/test
AutoTests.java: About to close Vertx.
AutoTests.java: Vertx closed.

===========================================================================================
----------------- testing Tue Jul 02 04:45:31 UTC 2019 /home/travis/build/icyphy/ptII/ptolemy/domains/modal/test/auto/ABPTest.xml
----------------- Instantiating /home/travis/build/icyphy/ptII/ptolemy/domains/modal/test/auto/ABPTest.xml
404 ms. Memory: 221184K Free: 102792K (46%)
----------------- Invoking toplevel() on ptolemy.moml.MoMLSimpleApplication@7dad6edf
----------------- Done invoking toplevel() on ptolemy.moml.MoMLSimpleApplication@7dad6edf
reloadAllAccessors: .ABPTest

===========================================================================================
----------------- testing Tue Jul 02 04:45:32 UTC 2019 /home/travis/build/icyphy/ptII/ptolemy/domains/modal/test/auto/ABROFlat.xml
----------------- Instantiating /home/travis/build/icyphy/ptII/ptolemy/domains/modal/test/auto/ABROFlat.xml
32 ms. Memory: 221184K Free: 87975K (40%)
----------------- Invoking toplevel() on ptolemy.moml.MoMLSimpleApplication@7eba5e89
----------------- Done invoking toplevel() on ptolemy.moml.MoMLSimpleApplication@7eba5e89
reloadAllAccessors: .ABROFlat

===========================================================================================
----------------- testing Tue Jul 02 04:45:32 UTC 2019 /home/travis/build/icyphy/ptII/ptolemy/domains/modal/test/auto/ABROFlat2.xml
----------------- Instantiating /home/travis/build/icyphy/ptII/ptolemy/domains/modal/test/auto/ABROFlat2.xml
23 ms. Memory: 221184K Free: 196521K (89%)
----------------- Invoking toplevel() on ptolemy.moml.MoMLSimpleApplication@3a205f90
----------------- Done invoking toplevel() on ptolemy.moml.MoMLSimpleApplication@3a205f90
reloadAllAccessors: .ABROFlat2

===========================================================================================
----------------- testing Tue Jul 02 04:45:32 UTC 2019 /home/travis/build/icyphy/ptII/ptolemy/domains/modal/test/auto/ABRO_present_hmm.xml
----------------- Instantiating /home/travis/build/icyphy/ptII/ptolemy/domains/modal/test/auto/ABRO_present_hmm.xml
30 ms. Memory: 221184K Free: 169897K (77%)
----------------- Invoking toplevel() on ptolemy.moml.MoMLSimpleApplication@4b8d697f
----------------- Done invoking toplevel() on ptolemy.moml.MoMLSimpleApplication@4b8d697f
reloadAllAccessors: .ABRO_present_hmm

===========================================================================================
----------------- testing Tue Jul 02 04:45:33 UTC 2019 /home/travis/build/icyphy/ptII/ptolemy/domains/modal/test/auto/AMICoderExample.xml
----------------- Instantiating /home/travis/build/icyphy/ptII/ptolemy/domains/modal/test/auto/AMICoderExample.xml
25 ms. Memory: 221184K Free: 159657K (72%)
----------------- Invoking toplevel() on ptolemy.moml.MoMLSimpleApplication@29cc99fa
----------------- Done invoking toplevel() on ptolemy.moml.MoMLSimpleApplication@29cc99fa
reloadAllAccessors: .AMICoderExample

===========================================================================================
----------------- testing Tue Jul 02 04:45:33 UTC 2019 /home/travis/build/icyphy/ptII/ptolemy/domains/modal/test/auto/AbsentToPresent.xml
----------------- Instantiating /home/travis/build/icyphy/ptII/ptolemy/domains/modal/test/auto/AbsentToPresent.xml
4 ms. Memory: 221184K Free: 155032K (70%)
----------------- Invoking toplevel() on ptolemy.moml.MoMLSimpleApplication@66842775
----------------- Done invoking toplevel() on ptolemy.moml.MoMLSimpleApplication@66842775
reloadAllAccessors: .AbsentToPresent

===========================================================================================
----------------- testing Tue Jul 02 04:45:33 UTC 2019 /home/travis/build/icyphy/ptII/ptolemy/domains/modal/test/auto/Blending.xml
----------------- Instantiating /home/travis/build/icyphy/ptII/ptolemy/domains/modal/test/auto/Blending.xml
101 ms. Memory: 221184K Free: 110505K (50%)
----------------- Invoking toplevel() on ptolemy.moml.MoMLSimpleApplication@10ccf5fa
----------------- Done invoking toplevel() on ptolemy.moml.MoMLSimpleApplication@10ccf5fa
reloadAllAccessors: .Blending

===========================================================================================
----------------- testing Tue Jul 02 04:45:33 UTC 2019 /home/travis/build/icyphy/ptII/ptolemy/domains/modal/test/auto/Broadcast.xml
----------------- Instantiating /home/travis/build/icyphy/ptII/ptolemy/domains/modal/test/auto/Broadcast.xml
7 ms. Memory: 221184K Free: 101289K (46%)
----------------- Invoking toplevel() on ptolemy.moml.MoMLSimpleApplication@69408f94
----------------- Done invoking toplevel() on ptolemy.moml.MoMLSimpleApplication@69408f94
reloadAllAccessors: .Broadcast

===========================================================================================
----------------- testing Tue Jul 02 04:45:33 UTC 2019 /home/travis/build/icyphy/ptII/ptolemy/domains/modal/test/auto/BroadcastHierarchy.xml
----------------- Instantiating /home/travis/build/icyphy/ptII/ptolemy/domains/modal/test/auto/BroadcastHierarchy.xml
16 ms. Memory: 221184K Free: 87448K (40%)
----------------- Invoking toplevel() on ptolemy.moml.MoMLSimpleApplication@5eec09d4
----------------- Done invoking toplevel() on ptolemy.moml.MoMLSimpleApplication@5eec09d4
reloadAllAccessors: .BroadcastHierarchy

===========================================================================================
----------------- testing Tue Jul 02 04:45:33 UTC 2019 /home/travis/build/icyphy/ptII/ptolemy/domains/modal/test/auto/BroadcastHierarchy2.xml
----------------- Instantiating /home/travis/build/icyphy/ptII/ptolemy/domains/modal/test/auto/BroadcastHierarchy2.xml
31 ms. Memory: 221184K Free: 185240K (84%)
----------------- Invoking toplevel() on ptolemy.moml.MoMLSimpleApplication@34f3bb5b
----------------- Done invoking toplevel() on ptolemy.moml.MoMLSimpleApplication@34f3bb5b
reloadAllAccessors: .BroadcastHierarchy2

===========================================================================================
----------------- testing Tue Jul 02 04:45:33 UTC 2019 /home/travis/build/icyphy/ptII/ptolemy/domains/modal/test/auto/BroadcastHierarchy3.xml
----------------- Instantiating /home/travis/build/icyphy/ptII/ptolemy/domains/modal/test/auto/BroadcastHierarchy3.xml
21 ms. Memory: 221184K Free: 165289K (75%)
----------------- Invoking toplevel() on ptolemy.moml.MoMLSimpleApplication@132a8ca9
----------------- Done invoking toplevel() on ptolemy.moml.MoMLSimpleApplication@132a8ca9
reloadAllAccessors: .BroadcastHierarchy3

===========================================================================================
----------------- testing Tue Jul 02 04:45:33 UTC 2019 /home/travis/build/icyphy/ptII/ptolemy/domains/modal/test/auto/BroadcastHierarchy4.xml
----------------- Instantiating /home/travis/build/icyphy/ptII/ptolemy/domains/modal/test/auto/BroadcastHierarchy4.xml
24 ms. Memory: 221184K Free: 141223K (64%)
----------------- Invoking toplevel() on ptolemy.moml.MoMLSimpleApplication@6f67aa84
----------------- Done invoking toplevel() on ptolemy.moml.MoMLSimpleApplication@6f67aa84
reloadAllAccessors: .BroadcastHierarchy4

===========================================================================================
----------------- testing Tue Jul 02 04:45:33 UTC 2019 /home/travis/build/icyphy/ptII/ptolemy/domains/modal/test/auto/CannotAnalysisWithPreemption2.xml
----------------- Instantiating /home/travis/build/icyphy/ptII/ptolemy/domains/modal/test/auto/CannotAnalysisWithPreemption2.xml
5 ms. Memory: 221184K Free: 134552K (61%)
----------------- Invoking toplevel() on ptolemy.moml.MoMLSimpleApplication@61840acc
----------------- Done invoking toplevel() on ptolemy.moml.MoMLSimpleApplication@61840acc
reloadAllAccessors: .CannotAnalysisWithPreemption2

===========================================================================================
----------------- testing Tue Jul 02 04:45:33 UTC 2019 /home/travis/build/icyphy/ptII/ptolemy/domains/modal/test/auto/CannotAnalysisWithPreemption3.xml
----------------- Instantiating /home/travis/build/icyphy/ptII/ptolemy/domains/modal/test/auto/CannotAnalysisWithPreemption3.xml
7 ms. Memory: 221184K Free: 124329K (56%)
----------------- Invoking toplevel() on ptolemy.moml.MoMLSimpleApplication@14b24e18
----------------- Done invoking toplevel() on ptolemy.moml.MoMLSimpleApplication@14b24e18
reloadAllAccessors: .CannotAnalysisWithPreemption3

===========================================================================================
----------------- testing Tue Jul 02 04:45:33 UTC 2019 /home/travis/build/icyphy/ptII/ptolemy/domains/modal/test/auto/CannotProduce.xml
----------------- Instantiating /home/travis/build/icyphy/ptII/ptolemy/domains/modal/test/auto/CannotProduce.xml
15 ms. Memory: 221184K Free: 117671K (53%)
----------------- Invoking toplevel() on ptolemy.moml.MoMLSimpleApplication@1b55e6f6
----------------- Done invoking toplevel() on ptolemy.moml.MoMLSimpleApplication@1b55e6f6
reloadAllAccessors: .CannotProduce

===========================================================================================
----------------- testing Tue Jul 02 04:45:33 UTC 2019 /home/travis/build/icyphy/ptII/ptolemy/domains/modal/test/auto/CannotProduceModal.xml
----------------- Instantiating /home/travis/build/icyphy/ptII/ptolemy/domains/modal/test/auto/CannotProduceModal.xml
5 ms. Memory: 221184K Free: 111017K (50%)
----------------- Invoking toplevel() on ptolemy.moml.MoMLSimpleApplication@7958f148
----------------- Done invoking toplevel() on ptolemy.moml.MoMLSimpleApplication@7958f148
reloadAllAccessors: .CannotProduceModal

===========================================================================================
----------------- testing Tue Jul 02 04:45:33 UTC 2019 /home/travis/build/icyphy/ptII/ptolemy/domains/modal/test/auto/Case.xml
----------------- Instantiating /home/travis/build/icyphy/ptII/ptolemy/domains/modal/test/auto/Case.xml
35 ms. Memory: 221184K Free: 99753K (45%)
----------------- Invoking toplevel() on ptolemy.moml.MoMLSimpleApplication@5d2bcb32
----------------- Done invoking toplevel() on ptolemy.moml.MoMLSimpleApplication@5d2bcb32
reloadAllAccessors: .Case

===========================================================================================
----------------- testing Tue Jul 02 04:45:33 UTC 2019 /home/travis/build/icyphy/ptII/ptolemy/domains/modal/test/auto/Case1.xml
----------------- Instantiating /home/travis/build/icyphy/ptII/ptolemy/domains/modal/test/auto/Case1.xml
6 ms. Memory: 221184K Free: 92585K (42%)
----------------- Invoking toplevel() on ptolemy.moml.MoMLSimpleApplication@4fc41245
----------------- Done invoking toplevel() on ptolemy.moml.MoMLSimpleApplication@4fc41245
reloadAllAccessors: .Case1

===========================================================================================
----------------- testing Tue Jul 02 04:45:33 UTC 2019 /home/travis/build/icyphy/ptII/ptolemy/domains/modal/test/auto/Case2.xml
----------------- Instantiating /home/travis/build/icyphy/ptII/ptolemy/domains/modal/test/auto/Case2.xml
27 ms. Memory: 221184K Free: 80807K (37%)
----------------- Invoking toplevel() on ptolemy.moml.MoMLSimpleApplication@13b05af
----------------- Done invoking toplevel() on ptolemy.moml.MoMLSimpleApplication@13b05af
reloadAllAccessors: .Case2

===========================================================================================
----------------- testing Tue Jul 02 04:45:34 UTC 2019 /home/travis/build/icyphy/ptII/ptolemy/domains/modal/test/auto/CausalityInterface1.xml
----------------- Instantiating /home/travis/build/icyphy/ptII/ptolemy/domains/modal/test/auto/CausalityInterface1.xml
6 ms. Memory: 221184K Free: 200096K (90%)
----------------- Invoking toplevel() on ptolemy.moml.MoMLSimpleApplication@1957d76
----------------- Done invoking toplevel() on ptolemy.moml.MoMLSimpleApplication@1957d76
reloadAllAccessors: .CausalityInterface1

===========================================================================================
----------------- testing Tue Jul 02 04:45:34 UTC 2019 /home/travis/build/icyphy/ptII/ptolemy/domains/modal/test/auto/CausalityInterface10.xml
----------------- Instantiating /home/travis/build/icyphy/ptII/ptolemy/domains/modal/test/auto/CausalityInterface10.xml
14 ms. Memory: 221184K Free: 186776K (84%)
----------------- Invoking toplevel() on ptolemy.moml.MoMLSimpleApplication@106878bb
----------------- Done invoking toplevel() on ptolemy.moml.MoMLSimpleApplication@106878bb
reloadAllAccessors: .CausalityInterface10

===========================================================================================
----------------- testing Tue Jul 02 04:45:34 UTC 2019 /home/travis/build/icyphy/ptII/ptolemy/domains/modal/test/auto/CausalityInterface11.xml
----------------- Instantiating /home/travis/build/icyphy/ptII/ptolemy/domains/modal/test/auto/CausalityInterface11.xml
10 ms. Memory: 221184K Free: 173448K (78%)
----------------- Invoking toplevel() on ptolemy.moml.MoMLSimpleApplication@4c3b7d89
----------------- Done invoking toplevel() on ptolemy.moml.MoMLSimpleApplication@4c3b7d89
reloadAllAccessors: .CausalityInterface11

===========================================================================================
----------------- testing Tue Jul 02 04:45:34 UTC 2019 /home/travis/build/icyphy/ptII/ptolemy/domains/modal/test/auto/CausalityInterface12.xml
----------------- Instantiating /home/travis/build/icyphy/ptII/ptolemy/domains/modal/test/auto/CausalityInterface12.xml
10 ms. Memory: 221184K Free: 160136K (72%)
----------------- Invoking toplevel() on ptolemy.moml.MoMLSimpleApplication@7efd314f
----------------- Done invoking toplevel() on ptolemy.moml.MoMLSimpleApplication@7efd314f
reloadAllAccessors: .CausalityInterface12

===========================================================================================
----------------- testing Tue Jul 02 04:45:34 UTC 2019 /home/travis/build/icyphy/ptII/ptolemy/domains/modal/test/auto/CausalityInterface13.xml
----------------- Instantiating /home/travis/build/icyphy/ptII/ptolemy/domains/modal/test/auto/CausalityInterface13.xml
12 ms. Memory: 221184K Free: 146345K (66%)
----------------- Invoking toplevel() on ptolemy.moml.MoMLSimpleApplication@e36e5d0
----------------- Done invoking toplevel() on ptolemy.moml.MoMLSimpleApplication@e36e5d0
reloadAllAccessors: .CausalityInterface13

===========================================================================================
----------------- testing Tue Jul 02 04:45:34 UTC 2019 /home/travis/build/icyphy/ptII/ptolemy/domains/modal/test/auto/CausalityInterface14.xml
----------------- Instantiating /home/travis/build/icyphy/ptII/ptolemy/domains/modal/test/auto/CausalityInterface14.xml
10 ms. Memory: 221184K Free: 132504K (60%)
----------------- Invoking toplevel() on ptolemy.moml.MoMLSimpleApplication@11b8118d
----------------- Done invoking toplevel() on ptolemy.moml.MoMLSimpleApplication@11b8118d
reloadAllAccessors: .CausalityInterface14

===========================================================================================
----------------- testing Tue Jul 02 04:45:34 UTC 2019 /home/travis/build/icyphy/ptII/ptolemy/domains/modal/test/auto/CausalityInterface2.xml
----------------- Instantiating /home/travis/build/icyphy/ptII/ptolemy/domains/modal/test/auto/CausalityInterface2.xml
4 ms. Memory: 221184K Free: 126375K (57%)
----------------- Invoking toplevel() on ptolemy.moml.MoMLSimpleApplication@23828d87
----------------- Done invoking toplevel() on ptolemy.moml.MoMLSimpleApplication@23828d87
reloadAllAccessors: .CausalityInterface2

===========================================================================================
----------------- testing Tue Jul 02 04:45:34 UTC 2019 /home/travis/build/icyphy/ptII/ptolemy/domains/modal/test/auto/CausalityInterface3.xml
----------------- Instantiating /home/travis/build/icyphy/ptII/ptolemy/domains/modal/test/auto/CausalityInterface3.xml
3 ms. Memory: 221184K Free: 120231K (54%)
----------------- Invoking toplevel() on ptolemy.moml.MoMLSimpleApplication@73da1258
----------------- Done invoking toplevel() on ptolemy.moml.MoMLSimpleApplication@73da1258
reloadAllAccessors: .CausalityInterface3

===========================================================================================
----------------- testing Tue Jul 02 04:45:34 UTC 2019 /home/travis/build/icyphy/ptII/ptolemy/domains/modal/test/auto/CausalityInterface4.xml
----------------- Instantiating /home/travis/build/icyphy/ptII/ptolemy/domains/modal/test/auto/CausalityInterface4.xml
3 ms. Memory: 221184K Free: 114601K (52%)
----------------- Invoking toplevel() on ptolemy.moml.MoMLSimpleApplication@2778c1c2
----------------- Done invoking toplevel() on ptolemy.moml.MoMLSimpleApplication@2778c1c2
reloadAllAccessors: .CausalityInterface4

===========================================================================================
----------------- testing Tue Jul 02 04:45:34 UTC 2019 /home/travis/build/icyphy/ptII/ptolemy/domains/modal/test/auto/CausalityInterface5.xml
----------------- Instantiating /home/travis/build/icyphy/ptII/ptolemy/domains/modal/test/auto/CausalityInterface5.xml
6 ms. Memory: 221184K Free: 106409K (48%)
----------------- Invoking toplevel() on ptolemy.moml.MoMLSimpleApplication@3b5ebc02
----------------- Done invoking toplevel() on ptolemy.moml.MoMLSimpleApplication@3b5ebc02
reloadAllAccessors: .CausalityInterface5

===========================================================================================
----------------- testing Tue Jul 02 04:45:34 UTC 2019 /home/travis/build/icyphy/ptII/ptolemy/domains/modal/test/auto/CausalityInterface6.xml
----------------- Instantiating /home/travis/build/icyphy/ptII/ptolemy/domains/modal/test/auto/CausalityInterface6.xml
5 ms. Memory: 221184K Free: 98217K (44%)
----------------- Invoking toplevel() on ptolemy.moml.MoMLSimpleApplication@62987f04
----------------- Done invoking toplevel() on ptolemy.moml.MoMLSimpleApplication@62987f04
reloadAllAccessors: .CausalityInterface6

===========================================================================================
----------------- testing Tue Jul 02 04:45:34 UTC 2019 /home/travis/build/icyphy/ptII/ptolemy/domains/modal/test/auto/CausalityInterface7.xml
----------------- Instantiating /home/travis/build/icyphy/ptII/ptolemy/domains/modal/test/auto/CausalityInterface7.xml
3 ms. Memory: 221184K Free: 90025K (41%)
----------------- Invoking toplevel() on ptolemy.moml.MoMLSimpleApplication@31cbeb0b
----------------- Done invoking toplevel() on ptolemy.moml.MoMLSimpleApplication@31cbeb0b
reloadAllAccessors: .CausalityInterface7

===========================================================================================
----------------- testing Tue Jul 02 04:45:34 UTC 2019 /home/travis/build/icyphy/ptII/ptolemy/domains/modal/test/auto/CausalityInterface8.xml
----------------- Instantiating /home/travis/build/icyphy/ptII/ptolemy/domains/modal/test/auto/CausalityInterface8.xml
5 ms. Memory: 221184K Free: 81319K (37%)
----------------- Invoking toplevel() on ptolemy.moml.MoMLSimpleApplication@69ec1826
----------------- Done invoking toplevel() on ptolemy.moml.MoMLSimpleApplication@69ec1826
reloadAllAccessors: .CausalityInterface8

===========================================================================================
----------------- testing Tue Jul 02 04:45:34 UTC 2019 /home/travis/build/icyphy/ptII/ptolemy/domains/modal/test/auto/CausalityInterface9.xml
----------------- Instantiating /home/travis/build/icyphy/ptII/ptolemy/domains/modal/test/auto/CausalityInterface9.xml
9 ms. Memory: 331776K Free: 307111K (93%)
----------------- Invoking toplevel() on ptolemy.moml.MoMLSimpleApplication@19615cd
----------------- Done invoking toplevel() on ptolemy.moml.MoMLSimpleApplication@19615cd
reloadAllAccessors: .CausalityInterface9

===========================================================================================
----------------- testing Tue Jul 02 04:45:34 UTC 2019 /home/travis/build/icyphy/ptII/ptolemy/domains/modal/test/auto/ChainedTransitions.xml
----------------- Instantiating /home/travis/build/icyphy/ptII/ptolemy/domains/modal/test/auto/ChainedTransitions.xml
75 ms. Memory: 331776K Free: 282520K (85%)
----------------- Invoking toplevel() on ptolemy.moml.MoMLSimpleApplication@47b5db84
----------------- Done invoking toplevel() on ptolemy.moml.MoMLSimpleApplication@47b5db84
reloadAllAccessors: .ChainedTransitions

===========================================================================================
----------------- testing Tue Jul 02 04:45:34 UTC 2019 /home/travis/build/icyphy/ptII/ptolemy/domains/modal/test/auto/CycleOfImmediateTransitionsFSM.xml
----------------- Instantiating /home/travis/build/icyphy/ptII/ptolemy/domains/modal/test/auto/CycleOfImmediateTransitionsFSM.xml
2 ms. Memory: 331776K Free: 276391K (83%)
----------------- Invoking toplevel() on ptolemy.moml.MoMLSimpleApplication@20daf157
----------------- Done invoking toplevel() on ptolemy.moml.MoMLSimpleApplication@20daf157
reloadAllAccessors: .CycleOfImmediateTransitionsFSM

===========================================================================================
----------------- testing Tue Jul 02 04:45:34 UTC 2019 /home/travis/build/icyphy/ptII/ptolemy/domains/modal/test/auto/CycleOfImmediateTransitionsModal.xml
----------------- Instantiating /home/travis/build/icyphy/ptII/ptolemy/domains/modal/test/auto/CycleOfImmediateTransitionsModal.xml
2 ms. Memory: 331776K Free: 270247K (81%)
----------------- Invoking toplevel() on ptolemy.moml.MoMLSimpleApplication@276a9d18
----------------- Done invoking toplevel() on ptolemy.moml.MoMLSimpleApplication@276a9d18
reloadAllAccessors: .CycleOfImmediateTransitionsModal

===========================================================================================
----------------- testing Tue Jul 02 04:45:34 UTC 2019 /home/travis/build/icyphy/ptII/ptolemy/domains/modal/test/auto/CycleOfImmediateTransitionsModal2.xml
----------------- Instantiating /home/travis/build/icyphy/ptII/ptolemy/domains/modal/test/auto/CycleOfImmediateTransitionsModal2.xml
15 ms. Memory: 331776K Free: 263593K (79%)
----------------- Invoking toplevel() on ptolemy.moml.MoMLSimpleApplication@3c79b44c
----------------- Done invoking toplevel() on ptolemy.moml.MoMLSimpleApplication@3c79b44c
reloadAllAccessors: .CycleOfImmediateTransitionsModal2

===========================================================================================
----------------- testing Tue Jul 02 04:45:34 UTC 2019 /home/travis/build/icyphy/ptII/ptolemy/domains/modal/test/auto/CycleOfImmediateTransitionsModal3.xml
----------------- Instantiating /home/travis/build/icyphy/ptII/ptolemy/domains/modal/test/auto/CycleOfImmediateTransitionsModal3.xml
12 ms. Memory: 331776K Free: 241065K (73%)
----------------- Invoking toplevel() on ptolemy.moml.MoMLSimpleApplication@33143dde
----------------- Done invoking toplevel() on ptolemy.moml.MoMLSimpleApplication@33143dde
reloadAllAccessors: .CycleOfImmediateTransitionsModal3

===========================================================================================
----------------- testing Tue Jul 02 04:45:35 UTC 2019 /home/travis/build/icyphy/ptII/ptolemy/domains/modal/test/auto/DeepModal1.xml
----------------- Instantiating /home/travis/build/icyphy/ptII/ptolemy/domains/modal/test/auto/DeepModal1.xml
43 ms. Memory: 331776K Free: 227193K (68%)
----------------- Invoking toplevel() on ptolemy.moml.MoMLSimpleApplication@3fff93cf
----------------- Done invoking toplevel() on ptolemy.moml.MoMLSimpleApplication@3fff93cf
reloadAllAccessors: .DeepModal1

===========================================================================================
----------------- testing Tue Jul 02 04:45:35 UTC 2019 /home/travis/build/icyphy/ptII/ptolemy/domains/modal/test/auto/DeepModal2.xml
----------------- Instantiating /home/travis/build/icyphy/ptII/ptolemy/domains/modal/test/auto/DeepModal2.xml
28 ms. Memory: 331776K Free: 208807K (63%)
----------------- Invoking toplevel() on ptolemy.moml.MoMLSimpleApplication@32a71ce2
----------------- Done invoking toplevel() on ptolemy.moml.MoMLSimpleApplication@32a71ce2
reloadAllAccessors: .DeepModal2

===========================================================================================
----------------- testing Tue Jul 02 04:45:35 UTC 2019 /home/travis/build/icyphy/ptII/ptolemy/domains/modal/test/auto/DeepModal3.xml
----------------- Instantiating /home/travis/build/icyphy/ptII/ptolemy/domains/modal/test/auto/DeepModal3.xml
36 ms. Memory: 331776K Free: 189351K (57%)
----------------- Invoking toplevel() on ptolemy.moml.MoMLSimpleApplication@263cb5c9
----------------- Done invoking toplevel() on ptolemy.moml.MoMLSimpleApplication@263cb5c9
reloadAllAccessors: .DeepModal3

===========================================================================================
----------------- testing Tue Jul 02 04:45:35 UTC 2019 /home/travis/build/icyphy/ptII/ptolemy/domains/modal/test/auto/DeepModal4.xml
----------------- Instantiating /home/travis/build/icyphy/ptII/ptolemy/domains/modal/test/auto/DeepModal4.xml
29 ms. Memory: 331776K Free: 170409K (51%)
----------------- Invoking toplevel() on ptolemy.moml.MoMLSimpleApplication@6524dda8
----------------- Done invoking toplevel() on ptolemy.moml.MoMLSimpleApplication@6524dda8
reloadAllAccessors: .DeepModal4

===========================================================================================
----------------- testing Tue Jul 02 04:45:35 UTC 2019 /home/travis/build/icyphy/ptII/ptolemy/domains/modal/test/auto/Default1.xml
----------------- Instantiating /home/travis/build/icyphy/ptII/ptolemy/domains/modal/test/auto/Default1.xml
4 ms. Memory: 331776K Free: 164775K (50%)
----------------- Invoking toplevel() on ptolemy.moml.MoMLSimpleApplication@a4c0291
----------------- Done invoking toplevel() on ptolemy.moml.MoMLSimpleApplication@a4c0291
reloadAllAccessors: .Default1

===========================================================================================
----------------- testing Tue Jul 02 04:45:35 UTC 2019 /home/travis/build/icyphy/ptII/ptolemy/domains/modal/test/auto/Default2.xml
----------------- Instantiating /home/travis/build/icyphy/ptII/ptolemy/domains/modal/test/auto/Default2.xml
2 ms. Memory: 331776K Free: 159145K (48%)
----------------- Invoking toplevel() on ptolemy.moml.MoMLSimpleApplication@12e983ef
----------------- Done invoking toplevel() on ptolemy.moml.MoMLSimpleApplication@12e983ef
reloadAllAccessors: .Default2

===========================================================================================
----------------- testing Tue Jul 02 04:45:35 UTC 2019 /home/travis/build/icyphy/ptII/ptolemy/domains/modal/test/auto/Default3.xml
----------------- Instantiating /home/travis/build/icyphy/ptII/ptolemy/domains/modal/test/auto/Default3.xml
2 ms. Memory: 331776K Free: 153001K (46%)
----------------- Invoking toplevel() on ptolemy.moml.MoMLSimpleApplication@16822240
----------------- Done invoking toplevel() on ptolemy.moml.MoMLSimpleApplication@16822240
reloadAllAccessors: .Default3

===========================================================================================
----------------- testing Tue Jul 02 04:45:35 UTC 2019 /home/travis/build/icyphy/ptII/ptolemy/domains/modal/test/auto/Default4.xml
----------------- Instantiating /home/travis/build/icyphy/ptII/ptolemy/domains/modal/test/auto/Default4.xml
2 ms. Memory: 331776K Free: 146857K (44%)
----------------- Invoking toplevel() on ptolemy.moml.MoMLSimpleApplication@45516640
----------------- Done invoking toplevel() on ptolemy.moml.MoMLSimpleApplication@45516640
reloadAllAccessors: .Default4

===========================================================================================
----------------- testing Tue Jul 02 04:45:35 UTC 2019 /home/travis/build/icyphy/ptII/ptolemy/domains/modal/test/auto/Default5.xml
----------------- Instantiating /home/travis/build/icyphy/ptII/ptolemy/domains/modal/test/auto/Default5.xml
4 ms. Memory: 331776K Free: 138665K (42%)
----------------- Invoking toplevel() on ptolemy.moml.MoMLSimpleApplication@d412367
----------------- Done invoking toplevel() on ptolemy.moml.MoMLSimpleApplication@d412367
reloadAllAccessors: .Default5

===========================================================================================
----------------- testing Tue Jul 02 04:45:35 UTC 2019 /home/travis/build/icyphy/ptII/ptolemy/domains/modal/test/auto/EmptyGuard.xml
----------------- Instantiating /home/travis/build/icyphy/ptII/ptolemy/domains/modal/test/auto/EmptyGuard.xml
6 ms. Memory: 331776K Free: 310183K (93%)
----------------- Invoking toplevel() on ptolemy.moml.MoMLSimpleApplication@fb72221
----------------- Done invoking toplevel() on ptolemy.moml.MoMLSimpleApplication@fb72221
reloadAllAccessors: .EmptyGuard

===========================================================================================
----------------- testing Tue Jul 02 04:45:35 UTC 2019 /home/travis/build/icyphy/ptII/ptolemy/domains/modal/test/auto/ErrorTransition1.xml
----------------- Instantiating /home/travis/build/icyphy/ptII/ptolemy/domains/modal/test/auto/ErrorTransition1.xml
11 ms. Memory: 331776K Free: 301481K (91%)
----------------- Invoking toplevel() on ptolemy.moml.MoMLSimpleApplication@3c840162
----------------- Done invoking toplevel() on ptolemy.moml.MoMLSimpleApplication@3c840162
reloadAllAccessors: .ErrorTransition1

===========================================================================================
----------------- testing Tue Jul 02 04:45:35 UTC 2019 /home/travis/build/icyphy/ptII/ptolemy/domains/modal/test/auto/ErrorTransition10.xml
----------------- Instantiating /home/travis/build/icyphy/ptII/ptolemy/domains/modal/test/auto/ErrorTransition10.xml
12 ms. Memory: 331776K Free: 287640K (87%)
----------------- Invoking toplevel() on ptolemy.moml.MoMLSimpleApplication@634d4d5c
----------------- Done invoking toplevel() on ptolemy.moml.MoMLSimpleApplication@634d4d5c
reloadAllAccessors: .ErrorTransition10

===========================================================================================
----------------- testing Tue Jul 02 04:45:35 UTC 2019 /home/travis/build/icyphy/ptII/ptolemy/domains/modal/test/auto/ErrorTransition11.xml
----------------- Instantiating /home/travis/build/icyphy/ptII/ptolemy/domains/modal/test/auto/ErrorTransition11.xml
5 ms. Memory: 331776K Free: 276391K (83%)
----------------- Invoking toplevel() on ptolemy.moml.MoMLSimpleApplication@d0335c6
----------------- Done invoking toplevel() on ptolemy.moml.MoMLSimpleApplication@d0335c6
reloadAllAccessors: .ErrorTransition11

===========================================================================================
----------------- testing Tue Jul 02 04:45:35 UTC 2019 /home/travis/build/icyphy/ptII/ptolemy/domains/modal/test/auto/ErrorTransition2.xml
----------------- Instantiating /home/travis/build/icyphy/ptII/ptolemy/domains/modal/test/auto/ErrorTransition2.xml
8 ms. Memory: 331776K Free: 267689K (81%)
----------------- Invoking toplevel() on ptolemy.moml.MoMLSimpleApplication@2055b64b
----------------- Done invoking toplevel() on ptolemy.moml.MoMLSimpleApplication@2055b64b
reloadAllAccessors: .ErrorTransition2

===========================================================================================
----------------- testing Tue Jul 02 04:45:35 UTC 2019 /home/travis/build/icyphy/ptII/ptolemy/domains/modal/test/auto/ErrorTransition3.xml
----------------- Instantiating /home/travis/build/icyphy/ptII/ptolemy/domains/modal/test/auto/ErrorTransition3.xml
14 ms. Memory: 331776K Free: 257959K (78%)
----------------- Invoking toplevel() on ptolemy.moml.MoMLSimpleApplication@5323c6f6
----------------- Done invoking toplevel() on ptolemy.moml.MoMLSimpleApplication@5323c6f6
reloadAllAccessors: .ErrorTransition3

===========================================================================================
----------------- testing Tue Jul 02 04:45:35 UTC 2019 /home/travis/build/icyphy/ptII/ptolemy/domains/modal/test/auto/ErrorTransition4.xml
----------------- Instantiating /home/travis/build/icyphy/ptII/ptolemy/domains/modal/test/auto/ErrorTransition4.xml
13 ms. Memory: 331776K Free: 246680K (74%)
----------------- Invoking toplevel() on ptolemy.moml.MoMLSimpleApplication@7fa8971c
----------------- Done invoking toplevel() on ptolemy.moml.MoMLSimpleApplication@7fa8971c
reloadAllAccessors: .ErrorTransition4

===========================================================================================
----------------- testing Tue Jul 02 04:45:35 UTC 2019 /home/travis/build/icyphy/ptII/ptolemy/domains/modal/test/auto/ErrorTransition5.xml
----------------- Instantiating /home/travis/build/icyphy/ptII/ptolemy/domains/modal/test/auto/ErrorTransition5.xml
7 ms. Memory: 331776K Free: 236424K (71%)
----------------- Invoking toplevel() on ptolemy.moml.MoMLSimpleApplication@79d85bda
----------------- Done invoking toplevel() on ptolemy.moml.MoMLSimpleApplication@79d85bda
reloadAllAccessors: .ErrorTransition5

===========================================================================================
----------------- testing Tue Jul 02 04:45:35 UTC 2019 /home/travis/build/icyphy/ptII/ptolemy/domains/modal/test/auto/ErrorTransition6.xml
----------------- Instantiating /home/travis/build/icyphy/ptII/ptolemy/domains/modal/test/auto/ErrorTransition6.xml
11 ms. Memory: 331776K Free: 225705K (68%)
----------------- Invoking toplevel() on ptolemy.moml.MoMLSimpleApplication@4008b701
----------------- Done invoking toplevel() on ptolemy.moml.MoMLSimpleApplication@4008b701
reloadAllAccessors: .ErrorTransition6

===========================================================================================
----------------- testing Tue Jul 02 04:45:35 UTC 2019 /home/travis/build/icyphy/ptII/ptolemy/domains/modal/test/auto/ErrorTransition7.xml
----------------- Instantiating /home/travis/build/icyphy/ptII/ptolemy/domains/modal/test/auto/ErrorTransition7.xml
22 ms. Memory: 331776K Free: 212896K (64%)
----------------- Invoking toplevel() on ptolemy.moml.MoMLSimpleApplication@582fa93c
----------------- Done invoking toplevel() on ptolemy.moml.MoMLSimpleApplication@582fa93c
reloadAllAccessors: .ErrorTransition7

===========================================================================================
----------------- testing Tue Jul 02 04:45:35 UTC 2019 /home/travis/build/icyphy/ptII/ptolemy/domains/modal/test/auto/ErrorTransition8.xml
----------------- Instantiating /home/travis/build/icyphy/ptII/ptolemy/domains/modal/test/auto/ErrorTransition8.xml
35 ms. Memory: 331776K Free: 199591K (60%)
----------------- Invoking toplevel() on ptolemy.moml.MoMLSimpleApplication@6229d42d
----------------- Done invoking toplevel() on ptolemy.moml.MoMLSimpleApplication@6229d42d
reloadAllAccessors: .ErrorTransition8

===========================================================================================
----------------- testing Tue Jul 02 04:45:36 UTC 2019 /home/travis/build/icyphy/ptII/ptolemy/domains/modal/test/auto/ErrorTransition9.xml
----------------- Instantiating /home/travis/build/icyphy/ptII/ptolemy/domains/modal/test/auto/ErrorTransition9.xml
11 ms. Memory: 331776K Free: 186279K (56%)
----------------- Invoking toplevel() on ptolemy.moml.MoMLSimpleApplication@9935790
----------------- Done invoking toplevel() on ptolemy.moml.MoMLSimpleApplication@9935790
reloadAllAccessors: .ErrorTransition9

===========================================================================================
----------------- testing Tue Jul 02 04:45:36 UTC 2019 /home/travis/build/icyphy/ptII/ptolemy/domains/modal/test/auto/ExtendedFSM.xml
----------------- Instantiating /home/travis/build/icyphy/ptII/ptolemy/domains/modal/test/auto/ExtendedFSM.xml
10 ms. Memory: 331776K Free: 178072K (54%)
----------------- Invoking toplevel() on ptolemy.moml.MoMLSimpleApplication@e002081
----------------- Done invoking toplevel() on ptolemy.moml.MoMLSimpleApplication@e002081
reloadAllAccessors: .ExtendedFSM

===========================================================================================
----------------- testing Tue Jul 02 04:45:36 UTC 2019 /home/travis/build/icyphy/ptII/ptolemy/domains/modal/test/auto/FinalStates.xml
----------------- Instantiating /home/travis/build/icyphy/ptII/ptolemy/domains/modal/test/auto/FinalStates.xml
7 ms. Memory: 331776K Free: 169864K (51%)
----------------- Invoking toplevel() on ptolemy.moml.MoMLSimpleApplication@6cbf9c51
----------------- Done invoking toplevel() on ptolemy.moml.MoMLSimpleApplication@6cbf9c51
reloadAllAccessors: .FinalStates

===========================================================================================
----------------- testing Tue Jul 02 04:45:36 UTC 2019 /home/travis/build/icyphy/ptII/ptolemy/domains/modal/test/auto/FixedPointFSM.xml
----------------- Instantiating /home/travis/build/icyphy/ptII/ptolemy/domains/modal/test/auto/FixedPointFSM.xml
25 ms. Memory: 331776K Free: 155049K (47%)
----------------- Invoking toplevel() on ptolemy.moml.MoMLSimpleApplication@792d1596
----------------- Done invoking toplevel() on ptolemy.moml.MoMLSimpleApplication@792d1596
reloadAllAccessors: .FixedPointFSM

===========================================================================================
----------------- testing Tue Jul 02 04:45:36 UTC 2019 /home/travis/build/icyphy/ptII/ptolemy/domains/modal/test/auto/FixedPointIterationFSMActor.xml
----------------- Instantiating /home/travis/build/icyphy/ptII/ptolemy/domains/modal/test/auto/FixedPointIterationFSMActor.xml
8 ms. Memory: 331776K Free: 144288K (43%)
----------------- Invoking toplevel() on ptolemy.moml.MoMLSimpleApplication@6ee69054
----------------- Done invoking toplevel() on ptolemy.moml.MoMLSimpleApplication@6ee69054
reloadAllAccessors: .FixedPointIterationFSMActor

===========================================================================================
----------------- testing Tue Jul 02 04:45:36 UTC 2019 /home/travis/build/icyphy/ptII/ptolemy/domains/modal/test/auto/FixedPointIterationFSMActor2.xml
----------------- Instantiating /home/travis/build/icyphy/ptII/ptolemy/domains/modal/test/auto/FixedPointIterationFSMActor2.xml
18 ms. Memory: 331776K Free: 132000K (40%)
----------------- Invoking toplevel() on ptolemy.moml.MoMLSimpleApplication@147b08f7
----------------- Done invoking toplevel() on ptolemy.moml.MoMLSimpleApplication@147b08f7
reloadAllAccessors: .FixedPointIterationFSMActor2

===========================================================================================
----------------- testing Tue Jul 02 04:45:36 UTC 2019 /home/travis/build/icyphy/ptII/ptolemy/domains/modal/test/auto/ForbiddenInstantanousLoop.xml
----------------- Instantiating /home/travis/build/icyphy/ptII/ptolemy/domains/modal/test/auto/ForbiddenInstantanousLoop.xml
7 ms. Memory: 331776K Free: 310185K (93%)
----------------- Invoking toplevel() on ptolemy.moml.MoMLSimpleApplication@29e68f2
----------------- Done invoking toplevel() on ptolemy.moml.MoMLSimpleApplication@29e68f2
reloadAllAccessors: .ForbiddenInstantanousLoop

===========================================================================================
----------------- testing Tue Jul 02 04:45:36 UTC 2019 /home/travis/build/icyphy/ptII/ptolemy/domains/modal/test/auto/FunctionDependencyOfFSMActorTest.xml
----------------- Instantiating /home/travis/build/icyphy/ptII/ptolemy/domains/modal/test/auto/FunctionDependencyOfFSMActorTest.xml
16 ms. Memory: 331776K Free: 303017K (91%)
----------------- Invoking toplevel() on ptolemy.moml.MoMLSimpleApplication@58e52fa7
----------------- Done invoking toplevel() on ptolemy.moml.MoMLSimpleApplication@58e52fa7
reloadAllAccessors: .FunctionDependencyOfFSMActorTest

===========================================================================================
----------------- testing Tue Jul 02 04:45:36 UTC 2019 /home/travis/build/icyphy/ptII/ptolemy/domains/modal/test/auto/GuardExpression.xml
----------------- Instantiating /home/travis/build/icyphy/ptII/ptolemy/domains/modal/test/auto/GuardExpression.xml
2 ms. Memory: 331776K Free: 297897K (90%)
----------------- Invoking toplevel() on ptolemy.moml.MoMLSimpleApplication@27afd2bf
----------------- Done invoking toplevel() on ptolemy.moml.MoMLSimpleApplication@27afd2bf
reloadAllAccessors: .GuardExpression

===========================================================================================
----------------- testing Tue Jul 02 04:45:36 UTC 2019 /home/travis/build/icyphy/ptII/ptolemy/domains/modal/test/auto/GuardNotEvaluated.xml
----------------- Instantiating /home/travis/build/icyphy/ptII/ptolemy/domains/modal/test/auto/GuardNotEvaluated.xml
7 ms. Memory: 331776K Free: 289176K (87%)
----------------- Invoking toplevel() on ptolemy.moml.MoMLSimpleApplication@b11fee4
----------------- Done invoking toplevel() on ptolemy.moml.MoMLSimpleApplication@b11fee4
reloadAllAccessors: .GuardNotEvaluated

===========================================================================================
----------------- testing Tue Jul 02 04:45:36 UTC 2019 /home/travis/build/icyphy/ptII/ptolemy/domains/modal/test/auto/GuardNotEvaluated2.xml
----------------- Instantiating /home/travis/build/icyphy/ptII/ptolemy/domains/modal/test/auto/GuardNotEvaluated2.xml
11 ms. Memory: 331776K Free: 279465K (84%)
----------------- Invoking toplevel() on ptolemy.moml.MoMLSimpleApplication@169b4fd7
----------------- Done invoking toplevel() on ptolemy.moml.MoMLSimpleApplication@169b4fd7
reloadAllAccessors: .GuardNotEvaluated2

===========================================================================================
----------------- testing Tue Jul 02 04:45:36 UTC 2019 /home/travis/build/icyphy/ptII/ptolemy/domains/modal/test/auto/GuardOnAbsent.xml
----------------- Instantiating /home/travis/build/icyphy/ptII/ptolemy/domains/modal/test/auto/GuardOnAbsent.xml
10 ms. Memory: 331776K Free: 272297K (82%)
----------------- Invoking toplevel() on ptolemy.moml.MoMLSimpleApplication@237541da
----------------- Done invoking toplevel() on ptolemy.moml.MoMLSimpleApplication@237541da
reloadAllAccessors: .GuardOnAbsent

===========================================================================================
----------------- testing Tue Jul 02 04:45:36 UTC 2019 /home/travis/build/icyphy/ptII/ptolemy/domains/modal/test/auto/HierarchicalFSMTypeInference.xml
----------------- Instantiating /home/travis/build/icyphy/ptII/ptolemy/domains/modal/test/auto/HierarchicalFSMTypeInference.xml
8 ms. Memory: 331776K Free: 262057K (79%)
----------------- Invoking toplevel() on ptolemy.moml.MoMLSimpleApplication@3ce75cef
----------------- Done invoking toplevel() on ptolemy.moml.MoMLSimpleApplication@3ce75cef
reloadAllAccessors: .HierarchicalFSMTypeInference

===========================================================================================
----------------- testing Tue Jul 02 04:45:36 UTC 2019 /home/travis/build/icyphy/ptII/ptolemy/domains/modal/test/auto/Hysteresis.xml
----------------- Instantiating /home/travis/build/icyphy/ptII/ptolemy/domains/modal/test/auto/Hysteresis.xml
18 ms. Memory: 331776K Free: 248216K (75%)
----------------- Invoking toplevel() on ptolemy.moml.MoMLSimpleApplication@44bf2cf
----------------- Done invoking toplevel() on ptolemy.moml.MoMLSimpleApplication@44bf2cf
reloadAllAccessors: .Hysteresis

===========================================================================================
----------------- testing Tue Jul 02 04:45:36 UTC 2019 /home/travis/build/icyphy/ptII/ptolemy/domains/modal/test/auto/HysteresisWithDefault.xml
----------------- Instantiating /home/travis/build/icyphy/ptII/ptolemy/domains/modal/test/auto/HysteresisWithDefault.xml
39 ms. Memory: 331776K Free: 225193K (68%)
----------------- Invoking toplevel() on ptolemy.moml.MoMLSimpleApplication@381312df
----------------- Done invoking toplevel() on ptolemy.moml.MoMLSimpleApplication@381312df
reloadAllAccessors: .HysteresisWithDefault

===========================================================================================
----------------- testing Tue Jul 02 04:45:36 UTC 2019 /home/travis/build/icyphy/ptII/ptolemy/domains/modal/test/auto/HysteresisWithDefault2.xml
----------------- Instantiating /home/travis/build/icyphy/ptII/ptolemy/domains/modal/test/auto/HysteresisWithDefault2.xml
41 ms. Memory: 331776K Free: 196007K (59%)
----------------- Invoking toplevel() on ptolemy.moml.MoMLSimpleApplication@7a1c5be5
----------------- Done invoking toplevel() on ptolemy.moml.MoMLSimpleApplication@7a1c5be5
reloadAllAccessors: .HysteresisWithDefault2

===========================================================================================
----------------- testing Tue Jul 02 04:45:36 UTC 2019 /home/travis/build/icyphy/ptII/ptolemy/domains/modal/test/auto/ImmediateNonConstructiveness.xml
----------------- Instantiating /home/travis/build/icyphy/ptII/ptolemy/domains/modal/test/auto/ImmediateNonConstructiveness.xml
2 ms. Memory: 331776K Free: 189353K (57%)
----------------- Invoking toplevel() on ptolemy.moml.MoMLSimpleApplication@1c4847f5
----------------- Done invoking toplevel() on ptolemy.moml.MoMLSimpleApplication@1c4847f5
reloadAllAccessors: .ImmediateNonConstructiveness

===========================================================================================
----------------- testing Tue Jul 02 04:45:36 UTC 2019 /home/travis/build/icyphy/ptII/ptolemy/domains/modal/test/auto/ImmediateNonConstructiveness2.xml
----------------- Instantiating /home/travis/build/icyphy/ptII/ptolemy/domains/modal/test/auto/ImmediateNonConstructiveness2.xml
2 ms. Memory: 331776K Free: 183209K (55%)
----------------- Invoking toplevel() on ptolemy.moml.MoMLSimpleApplication@7b926ec2
----------------- Done invoking toplevel() on ptolemy.moml.MoMLSimpleApplication@7b926ec2
reloadAllAccessors: .ImmediateNonConstructiveness2

===========================================================================================
----------------- testing Tue Jul 02 04:45:36 UTC 2019 /home/travis/build/icyphy/ptII/ptolemy/domains/modal/test/auto/ImmediateTransitionReset.xml
----------------- Instantiating /home/travis/build/icyphy/ptII/ptolemy/domains/modal/test/auto/ImmediateTransitionReset.xml
4 ms. Memory: 331776K Free: 171431K (52%)
----------------- Invoking toplevel() on ptolemy.moml.MoMLSimpleApplication@4224a319
----------------- Done invoking toplevel() on ptolemy.moml.MoMLSimpleApplication@4224a319
reloadAllAccessors: .ImmediateTransitionReset

===========================================================================================
----------------- testing Tue Jul 02 04:45:36 UTC 2019 /home/travis/build/icyphy/ptII/ptolemy/domains/modal/test/auto/ImmediateTransitions1.xml
----------------- Instantiating /home/travis/build/icyphy/ptII/ptolemy/domains/modal/test/auto/ImmediateTransitions1.xml
1 ms. Memory: 331776K Free: 166311K (50%)
----------------- Invoking toplevel() on ptolemy.moml.MoMLSimpleApplication@b7c66eb
----------------- Done invoking toplevel() on ptolemy.moml.MoMLSimpleApplication@b7c66eb
reloadAllAccessors: .ImmediateTransitions1

===========================================================================================
----------------- testing Tue Jul 02 04:45:36 UTC 2019 /home/travis/build/icyphy/ptII/ptolemy/domains/modal/test/auto/ImmediateTransitionsInstantaneousCommunication.xml
----------------- Instantiating /home/travis/build/icyphy/ptII/ptolemy/domains/modal/test/auto/ImmediateTransitionsInstantaneousCommunication.xml
4 ms. Memory: 331776K Free: 154023K (46%)
----------------- Invoking toplevel() on ptolemy.moml.MoMLSimpleApplication@3b87abaa
----------------- Done invoking toplevel() on ptolemy.moml.MoMLSimpleApplication@3b87abaa
reloadAllAccessors: .ImmediateTransitionsInstantaneousCommunication

===========================================================================================
----------------- testing Tue Jul 02 04:45:36 UTC 2019 /home/travis/build/icyphy/ptII/ptolemy/domains/modal/test/auto/InitialImmediateTransition.xml
----------------- Instantiating /home/travis/build/icyphy/ptII/ptolemy/domains/modal/test/auto/InitialImmediateTransition.xml
3 ms. Memory: 331776K Free: 146848K (44%)
----------------- Invoking toplevel() on ptolemy.moml.MoMLSimpleApplication@546a963f
----------------- Done invoking toplevel() on ptolemy.moml.MoMLSimpleApplication@546a963f
reloadAllAccessors: .InitialImmediateTransition

===========================================================================================
----------------- testing Tue Jul 02 04:45:36 UTC 2019 /home/travis/build/icyphy/ptII/ptolemy/domains/modal/test/auto/InitialOutputs.xml
----------------- Instantiating /home/travis/build/icyphy/ptII/ptolemy/domains/modal/test/auto/InitialOutputs.xml
3 ms. Memory: 331776K Free: 140711K (42%)
----------------- Invoking toplevel() on ptolemy.moml.MoMLSimpleApplication@148a4076
----------------- Done invoking toplevel() on ptolemy.moml.MoMLSimpleApplication@148a4076
reloadAllAccessors: .InitialOutputs

===========================================================================================
----------------- testing Tue Jul 02 04:45:36 UTC 2019 /home/travis/build/icyphy/ptII/ptolemy/domains/modal/test/auto/InitialStateTransition1.xml
----------------- Instantiating /home/travis/build/icyphy/ptII/ptolemy/domains/modal/test/auto/InitialStateTransition1.xml
3 ms. Memory: 331776K Free: 133543K (40%)
----------------- Invoking toplevel() on ptolemy.moml.MoMLSimpleApplication@166c7225
----------------- Done invoking toplevel() on ptolemy.moml.MoMLSimpleApplication@166c7225
reloadAllAccessors: .InitialStateTransition1

===========================================================================================
----------------- testing Tue Jul 02 04:45:36 UTC 2019 /home/travis/build/icyphy/ptII/ptolemy/domains/modal/test/auto/InitialStateTransition2.xml
----------------- Instantiating /home/travis/build/icyphy/ptII/ptolemy/domains/modal/test/auto/InitialStateTransition2.xml
.InitialStateTransition2.TestExceptionAttributeNonConstructive: initialize() was not invoked, but wrapup() was.  This is unusual, but not always a problem.  For example, exporting JNLP will do this.
2 ms. Memory: 331776K Free: 125865K (38%)
----------------- Invoking toplevel() on ptolemy.moml.MoMLSimpleApplication@3b9a6c67
----------------- Done invoking toplevel() on ptolemy.moml.MoMLSimpleApplication@3b9a6c67
reloadAllAccessors: .InitialStateTransition2

===========================================================================================
----------------- testing Tue Jul 02 04:45:36 UTC 2019 /home/travis/build/icyphy/ptII/ptolemy/domains/modal/test/auto/InitialStateTransition3.xml
----------------- Instantiating /home/travis/build/icyphy/ptII/ptolemy/domains/modal/test/auto/InitialStateTransition3.xml
4 ms. Memory: 331776K Free: 308356K (93%)
----------------- Invoking toplevel() on ptolemy.moml.MoMLSimpleApplication@4d387435
----------------- Done invoking toplevel() on ptolemy.moml.MoMLSimpleApplication@4d387435
reloadAllAccessors: .InitialStateTransition3

===========================================================================================
----------------- testing Tue Jul 02 04:45:37 UTC 2019 /home/travis/build/icyphy/ptII/ptolemy/domains/modal/test/auto/InitialStateTransition4.xml
----------------- Instantiating /home/travis/build/icyphy/ptII/ptolemy/domains/modal/test/auto/InitialStateTransition4.xml
4 ms. Memory: 331776K Free: 298921K (90%)
----------------- Invoking toplevel() on ptolemy.moml.MoMLSimpleApplication@3396660b
----------------- Done invoking toplevel() on ptolemy.moml.MoMLSimpleApplication@3396660b
[...]
reloadAllAccessors: .TerminationTransition3

===========================================================================================
----------------- testing Tue Jul 02 04:45:39 UTC 2019 /home/travis/build/icyphy/ptII/ptolemy/domains/modal/test/auto/TerminationTransition4.xml
----------------- Instantiating /home/travis/build/icyphy/ptII/ptolemy/domains/modal/test/auto/TerminationTransition4.xml
7 ms. Memory: 424960K Free: 247209K (58%)
----------------- Invoking toplevel() on ptolemy.moml.MoMLSimpleApplication@14fe840f
----------------- Done invoking toplevel() on ptolemy.moml.MoMLSimpleApplication@14fe840f
reloadAllAccessors: .TerminationTransition4

===========================================================================================
----------------- testing Tue Jul 02 04:45:39 UTC 2019 /home/travis/build/icyphy/ptII/ptolemy/domains/modal/test/auto/TerminationTransition5.xml
----------------- Instantiating /home/travis/build/icyphy/ptII/ptolemy/domains/modal/test/auto/TerminationTransition5.xml
2 ms. Memory: 424960K Free: 233383K (55%)
----------------- Invoking toplevel() on ptolemy.moml.MoMLSimpleApplication@3b031c58
----------------- Done invoking toplevel() on ptolemy.moml.MoMLSimpleApplication@3b031c58
reloadAllAccessors: .TerminationTransition5

===========================================================================================
----------------- testing Tue Jul 02 04:45:39 UTC 2019 /home/travis/build/icyphy/ptII/ptolemy/domains/modal/test/auto/TerminationTransition6.xml
----------------- Instantiating /home/travis/build/icyphy/ptII/ptolemy/domains/modal/test/auto/TerminationTransition6.xml
2 ms. Memory: 424960K Free: 224681K (53%)
----------------- Invoking toplevel() on ptolemy.moml.MoMLSimpleApplication@3d169cc
----------------- Done invoking toplevel() on ptolemy.moml.MoMLSimpleApplication@3d169cc
reloadAllAccessors: .TerminationTransition6

===========================================================================================
----------------- testing Tue Jul 02 04:45:39 UTC 2019 /home/travis/build/icyphy/ptII/ptolemy/domains/modal/test/auto/TerminationTransition7.xml
----------------- Instantiating /home/travis/build/icyphy/ptII/ptolemy/domains/modal/test/auto/TerminationTransition7.xml
2 ms. Memory: 424960K Free: 215465K (51%)
----------------- Invoking toplevel() on ptolemy.moml.MoMLSimpleApplication@17ef3b43
----------------- Done invoking toplevel() on ptolemy.moml.MoMLSimpleApplication@17ef3b43
reloadAllAccessors: .TerminationTransition7

===========================================================================================
----------------- testing Tue Jul 02 04:45:39 UTC 2019 /home/travis/build/icyphy/ptII/ptolemy/domains/modal/test/auto/TerminationTransition8.xml
----------------- Instantiating /home/travis/build/icyphy/ptII/ptolemy/domains/modal/test/auto/TerminationTransition8.xml
2 ms. Memory: 424960K Free: 205735K (48%)
----------------- Invoking toplevel() on ptolemy.moml.MoMLSimpleApplication@520ba558
----------------- Done invoking toplevel() on ptolemy.moml.MoMLSimpleApplication@520ba558
reloadAllAccessors: .TerminationTransition8

===========================================================================================
----------------- testing Tue Jul 02 04:45:39 UTC 2019 /home/travis/build/icyphy/ptII/ptolemy/domains/modal/test/auto/Thermostat_NoHysteresis.xml
----------------- Instantiating /home/travis/build/icyphy/ptII/ptolemy/domains/modal/test/auto/Thermostat_NoHysteresis.xml
29 ms. Memory: 424960K Free: 181159K (43%)
----------------- Invoking toplevel() on ptolemy.moml.MoMLSimpleApplication@165e970b
----------------- Done invoking toplevel() on ptolemy.moml.MoMLSimpleApplication@165e970b
reloadAllAccessors: .Thermostat_NoHysteresis

===========================================================================================
----------------- testing Tue Jul 02 04:45:39 UTC 2019 /home/travis/build/icyphy/ptII/ptolemy/domains/modal/test/auto/TimedFSM.xml
----------------- Instantiating /home/travis/build/icyphy/ptII/ptolemy/domains/modal/test/auto/TimedFSM.xml
9 ms. Memory: 424960K Free: 169385K (40%)
----------------- Invoking toplevel() on ptolemy.moml.MoMLSimpleApplication@6b542e33
----------------- Done invoking toplevel() on ptolemy.moml.MoMLSimpleApplication@6b542e33
reloadAllAccessors: .TimedFSM

===========================================================================================
----------------- testing Tue Jul 02 04:45:39 UTC 2019 /home/travis/build/icyphy/ptII/ptolemy/domains/modal/test/auto/Timeout1.xml
----------------- Instantiating /home/travis/build/icyphy/ptII/ptolemy/domains/modal/test/auto/Timeout1.xml
3 ms. Memory: 424960K Free: 163736K (39%)
----------------- Invoking toplevel() on ptolemy.moml.MoMLSimpleApplication@2db7d514
----------------- Done invoking toplevel() on ptolemy.moml.MoMLSimpleApplication@2db7d514
reloadAllAccessors: .Timeout1

===========================================================================================
----------------- testing Tue Jul 02 04:45:39 UTC 2019 /home/travis/build/icyphy/ptII/ptolemy/domains/modal/test/auto/Timeout2.xml
----------------- Instantiating /home/travis/build/icyphy/ptII/ptolemy/domains/modal/test/auto/Timeout2.xml
11 ms. Memory: 424960K Free: 401175K (94%)
----------------- Invoking toplevel() on ptolemy.moml.MoMLSimpleApplication@6695f79c
----------------- Done invoking toplevel() on ptolemy.moml.MoMLSimpleApplication@6695f79c
reloadAllAccessors: .Timeout2

===========================================================================================
----------------- testing Tue Jul 02 04:45:39 UTC 2019 /home/travis/build/icyphy/ptII/ptolemy/domains/modal/test/auto/Timeout3.xml
----------------- Instantiating /home/travis/build/icyphy/ptII/ptolemy/domains/modal/test/auto/Timeout3.xml
2 ms. Memory: 424960K Free: 396055K (93%)
----------------- Invoking toplevel() on ptolemy.moml.MoMLSimpleApplication@40c06f04
----------------- Done invoking toplevel() on ptolemy.moml.MoMLSimpleApplication@40c06f04
reloadAllAccessors: .Timeout3

===========================================================================================
----------------- testing Tue Jul 02 04:45:39 UTC 2019 /home/travis/build/icyphy/ptII/ptolemy/domains/modal/test/auto/Timeout4.xml
----------------- Instantiating /home/travis/build/icyphy/ptII/ptolemy/domains/modal/test/auto/Timeout4.xml
2 ms. Memory: 424960K Free: 390935K (92%)
----------------- Invoking toplevel() on ptolemy.moml.MoMLSimpleApplication@4dc3f186
----------------- Done invoking toplevel() on ptolemy.moml.MoMLSimpleApplication@4dc3f186
reloadAllAccessors: .Timeout4

===========================================================================================
----------------- testing Tue Jul 02 04:45:39 UTC 2019 /home/travis/build/icyphy/ptII/ptolemy/domains/modal/test/auto/TransientstateModelAdvanced.xml
----------------- Instantiating /home/travis/build/icyphy/ptII/ptolemy/domains/modal/test/auto/TransientstateModelAdvanced.xml
4 ms. Memory: 424960K Free: 378647K (89%)
----------------- Invoking toplevel() on ptolemy.moml.MoMLSimpleApplication@616be93d
----------------- Done invoking toplevel() on ptolemy.moml.MoMLSimpleApplication@616be93d
reloadAllAccessors: .TransientstateModelAdvanced

===========================================================================================
----------------- testing Tue Jul 02 04:45:39 UTC 2019 /home/travis/build/icyphy/ptII/ptolemy/domains/modal/test/auto/TransientstateModelAdvanced2.xml
----------------- Instantiating /home/travis/build/icyphy/ptII/ptolemy/domains/modal/test/auto/TransientstateModelAdvanced2.xml
3 ms. Memory: 424960K Free: 364311K (86%)
----------------- Invoking toplevel() on ptolemy.moml.MoMLSimpleApplication@ec1ad9c
----------------- Done invoking toplevel() on ptolemy.moml.MoMLSimpleApplication@ec1ad9c
reloadAllAccessors: .transientstatemodelAdvanced

===========================================================================================
----------------- testing Tue Jul 02 04:45:39 UTC 2019 /home/travis/build/icyphy/ptII/ptolemy/domains/modal/test/auto/TransitionRefinements.xml
----------------- Instantiating /home/travis/build/icyphy/ptII/ptolemy/domains/modal/test/auto/TransitionRefinements.xml
7 ms. Memory: 424960K Free: 354567K (83%)
----------------- Invoking toplevel() on ptolemy.moml.MoMLSimpleApplication@290db6c0
----------------- Done invoking toplevel() on ptolemy.moml.MoMLSimpleApplication@290db6c0
reloadAllAccessors: .TransitionRefinements

===========================================================================================
----------------- testing Tue Jul 02 04:45:39 UTC 2019 /home/travis/build/icyphy/ptII/ptolemy/domains/modal/test/auto/TwoRefinements1.xml
----------------- Instantiating /home/travis/build/icyphy/ptII/ptolemy/domains/modal/test/auto/TwoRefinements1.xml
3 ms. Memory: 424960K Free: 344855K (81%)
----------------- Invoking toplevel() on ptolemy.moml.MoMLSimpleApplication@6d710159
----------------- Done invoking toplevel() on ptolemy.moml.MoMLSimpleApplication@6d710159
reloadAllAccessors: .TwoRefinements1

===========================================================================================
----------------- testing Tue Jul 02 04:45:39 UTC 2019 /home/travis/build/icyphy/ptII/ptolemy/domains/modal/test/auto/TwoRefinements2.xml
----------------- Instantiating /home/travis/build/icyphy/ptII/ptolemy/domains/modal/test/auto/TwoRefinements2.xml
4 ms. Memory: 424960K Free: 335125K (79%)
----------------- Invoking toplevel() on ptolemy.moml.MoMLSimpleApplication@6d20c11f
----------------- Done invoking toplevel() on ptolemy.moml.MoMLSimpleApplication@6d20c11f
reloadAllAccessors: .TwoRefinements2

===========================================================================================
----------------- testing Tue Jul 02 04:45:39 UTC 2019 /home/travis/build/icyphy/ptII/ptolemy/domains/modal/test/auto/WeakImmediateTransition.xml
----------------- Instantiating /home/travis/build/icyphy/ptII/ptolemy/domains/modal/test/auto/WeakImmediateTransition.xml
4 ms. Memory: 424960K Free: 326423K (77%)
----------------- Invoking toplevel() on ptolemy.moml.MoMLSimpleApplication@6c592998
----------------- Done invoking toplevel() on ptolemy.moml.MoMLSimpleApplication@6c592998
reloadAllAccessors: .WeakImmediateTransition

===========================================================================================
----------------- testing Tue Jul 02 04:45:39 UTC 2019 /home/travis/build/icyphy/ptII/ptolemy/domains/modal/test/auto/booleanSelect.xml
----------------- Instantiating /home/travis/build/icyphy/ptII/ptolemy/domains/modal/test/auto/booleanSelect.xml
27 ms. Memory: 424960K Free: 308487K (73%)
----------------- Invoking toplevel() on ptolemy.moml.MoMLSimpleApplication@1e25720b
----------------- Done invoking toplevel() on ptolemy.moml.MoMLSimpleApplication@1e25720b
reloadAllAccessors: .booleanSelect

===========================================================================================
----------------- testing Tue Jul 02 04:45:39 UTC 2019 /home/travis/build/icyphy/ptII/ptolemy/domains/modal/test/auto/modalChangingParams.xml
----------------- Instantiating /home/travis/build/icyphy/ptII/ptolemy/domains/modal/test/auto/modalChangingParams.xml
0
1
0
2
4
6
8
7
0
2
4
6
8
13
0
2
4
6
8
19
0
2
4
6
8
25
0
2
4
6
8
31
0
2
4
6
8
37
0
2
4
6
8
43
0
2
4
6
8
49
0
2
4
6
8
55
0
2
4
6
8
61
0
2
4
6
8
67
0
2
4
6
8
73
0
2
4
6
8
79
0
2
4
6
8
85
0
2
4
6
8
91
0
2
4
6
8
97
0
2
4
6
8
103
0
2
4
6
8
109
0
2
4
6
8
115
0
2
4
6
8
121
0
2
4
6
8
127
0
2
4
6
8
133
0
2
4
6
8
139
0
2
4
6
8
145
0
2
4
6
8
151
0
2
4
6
8
157
0
2
4
6
8
163
0
2
4
6
8
169
0
2
4
6
8
175
0
2
4
6
8
181
0
2
4
6
8
187
0
2
4
6
8
193
0
2
4
6
8
199
0
2
4
6
8
205
0
2
4
6
8
211
0
2
4
6
8
217
0
2
4
6
8
223
0
2
4
6
8
229
0
2
4
6
8
235
0
2
4
6
8
241
0
2
4
6
8
247
0
2
4
6
8
253
0
2
4
6
8
259
0
2
4
6
8
265
0
2
4
6
8
271
0
2
4
6
8
277
0
2
4
6
8
283
0
2
4
6
8
289
0
2
4
6
8
295
0
2
4
6
8
301
0
2
4
6
8
307
0
2
4
6
8
313
0
2
4
6
8
319
0
2
4
6
8
325
0
2
4
6
8
331
0
2
4
6
8
337
0
2
4
6
8
343
0
2
4
6
8
349
0
2
4
6
8
355
0
2
4
6
8
361
0
2
4
6
8
367
0
2
4
6
8
373
0
2
4
6
8
379
0
2
4
6
8
385
0
2
4
6
8
391
0
2
4
6
8
397
0
2
4
6
8
403
0
2
4
6
8
409
0
2
4
6
8
415
0
2
4
6
8
421
0
2
4
6
8
427
0
2
4
6
8
433
0
2
4
6
8
439
0
2
4
6
8
445
0
2
4
6
8
451
0
2
4
6
8
457
0
2
4
6
8
463
0
2
4
6
8
469
0
2
4
6
8
475
0
2
4
6
8
481
0
2
4
6
8
487
0
2
4
6
8
493
0
2
4
6
8
499
0
2
4
6
8
505
0
2
4
6
8
511
0
2
4
6
8
517
0
2
4
6
8
523
0
2
4
6
8
529
0
2
4
6
8
535
0
2
4
6
8
541
0
2
4
6
8
547
0
2
4
6
8
553
0
2
4
6
8
559
0
2
4
6
8
565
0
2
4
6
8
571
0
2
4
6
8
577
0
2
4
6
8
583
0
2
4
6
8
589
0
2
4
6
8
595
0
2
4
6
8
601
0
2
4
6
8
607
0
2
4
6
8
613
0
2
4
6
8
619
0
2
4
6
8
625
0
2
4
6
8
631
0
2
4
6
8
637
0
2
4
6
8
643
0
2
4
6
8
649
0
2
4
6
8
655
0
2
4
6
8
661
0
2
4
6
8
667
0
2
4
6
8
673
0
2
4
6
8
679
0
2
4
6
8
685
0
2
4
6
8
691
0
2
4
6
8
697
0
2
4
6
8
703
0
2
4
6
8
709
0
2
4
6
8
715
0
2
4
6
8
721
0
2
4
6
8
727
0
2
4
6
8
733
0
2
4
6
8
739
0
2
4
6
8
745
0
2
4
6
8
751
0
2
4
6
8
757
0
2
4
6
8
763
0
2
4
6
8
769
0
2
4
6
8
775
0
2
4
6
8
781
0
2
4
6
8
787
0
2
4
6
8
793
0
2
4
6
8
799
0
2
4
6
8
805
0
2
4
6
8
811
0
2
4
6
8
817
0
2
4
6
8
823
0
2
4
6
8
829
0
2
4
6
8
835
0
2
4
6
8
841
0
2
4
6
8
847
0
2
4
6
8
853
0
2
4
6
8
859
0
2
4
6
8
865
0
2
4
6
8
871
0
2
4
6
8
877
0
2
4
6
8
883
0
2
4
6
8
889
0
2
4
6
8
895
0
2
4
6
8
901
0
2
4
6
8
907
0
2
4
6
8
913
0
2
4
6
8
919
0
2
4
6
8
925
0
2
4
6
8
931
0
2
4
6
8
937
0
2
4
6
8
943
0
2
4
6
8
949
0
2
4
6
8
955
0
2
4
6
8
961
0
2
4
6
8
967
0
2
4
6
8
973
0
2
4
6
8
979
0
2
4
6
8
985
0
2
4
6
8
991
0
2
4
6
8
997
0
2
279 ms. Memory: 424960K Free: 193799K (46%)
----------------- Invoking toplevel() on ptolemy.moml.MoMLSimpleApplication@41c7ebcc
----------------- Done invoking toplevel() on ptolemy.moml.MoMLSimpleApplication@41c7ebcc
reloadAllAccessors: .modalChangingParams

===========================================================================================
----------------- testing Tue Jul 02 04:45:40 UTC 2019 /home/travis/build/icyphy/ptII/ptolemy/domains/modal/test/auto/modalModel.xml
----------------- Instantiating /home/travis/build/icyphy/ptII/ptolemy/domains/modal/test/auto/modalModel.xml
6 ms. Memory: 424960K Free: 185111K (44%)
----------------- Invoking toplevel() on ptolemy.moml.MoMLSimpleApplication@134ca107
----------------- Done invoking toplevel() on ptolemy.moml.MoMLSimpleApplication@134ca107
reloadAllAccessors: .modalModel

===========================================================================================
----------------- testing Tue Jul 02 04:45:40 UTC 2019 /home/travis/build/icyphy/ptII/ptolemy/domains/modal/test/auto/modalModel2.xml
----------------- Instantiating /home/travis/build/icyphy/ptII/ptolemy/domains/modal/test/auto/modalModel2.xml
9 ms. Memory: 424960K Free: 174343K (41%)
----------------- Invoking toplevel() on ptolemy.moml.MoMLSimpleApplication@8c0f249
----------------- Done invoking toplevel() on ptolemy.moml.MoMLSimpleApplication@8c0f249
reloadAllAccessors: .modalModel2

===========================================================================================
----------------- testing Tue Jul 02 04:45:40 UTC 2019 /home/travis/build/icyphy/ptII/ptolemy/domains/modal/test/auto/modalModel3.xml
----------------- Instantiating /home/travis/build/icyphy/ptII/ptolemy/domains/modal/test/auto/modalModel3.xml
0	0	0
3	2	1
6	4	2
9	6	3
4	0	4
7	2	5
10	4	6
13	6	7
8	0	8
11	2	9
14	4	10
17	6	11
12	0	12
15	2	13
18	4	14
18 ms. Memory: 424960K Free: 160015K (38%)
----------------- Invoking toplevel() on ptolemy.moml.MoMLSimpleApplication@611b9e74
----------------- Done invoking toplevel() on ptolemy.moml.MoMLSimpleApplication@611b9e74
reloadAllAccessors: .modalModel3

===========================================================================================
----------------- testing Tue Jul 02 04:45:40 UTC 2019 /home/travis/build/icyphy/ptII/ptolemy/domains/modal/test/auto/model1.xml
----------------- Instantiating /home/travis/build/icyphy/ptII/ptolemy/domains/modal/test/auto/model1.xml
12 ms. Memory: 424960K Free: 400611K (94%)
----------------- Invoking toplevel() on ptolemy.moml.MoMLSimpleApplication@4be8f47b
----------------- Done invoking toplevel() on ptolemy.moml.MoMLSimpleApplication@4be8f47b
reloadAllAccessors: .model1

===========================================================================================
----------------- testing Tue Jul 02 04:45:40 UTC 2019 /home/travis/build/icyphy/ptII/ptolemy/domains/modal/test/auto/test-direct-in-out.xml
----------------- Instantiating /home/travis/build/icyphy/ptII/ptolemy/domains/modal/test/auto/test-direct-in-out.xml
5 ms. Memory: 424960K Free: 392933K (92%)
----------------- Invoking toplevel() on ptolemy.moml.MoMLSimpleApplication@220c139a
----------------- Done invoking toplevel() on ptolemy.moml.MoMLSimpleApplication@220c139a
reloadAllAccessors: .test-direct-in-out
AutoTests.java: About to close Vertx.
AutoTests.java: Vertx closed.
]]></system-out>
  <system-err><![CDATA[java.lang.RuntimeException: Execution failed
	at ptolemy.moml.MoMLSimpleApplication$UnloadThread.run(MoMLSimpleApplication.java:402)
Caused by: ptolemy.kernel.util.IllegalActionException: Unknown inputs remain. Possible causality loop:
L_model_1893289564i

  in .CannotAnalysisWithPreemption.model_1893289564_region_1 and .CannotAnalysisWithPreemption.model_1893289564_region_1.L_model_1893289564i
	at ptolemy.actor.sched.FixedPointDirector.postfire(FixedPointDirector.java:515)
	at ptolemy.domains.sr.kernel.SRDirector.postfire(SRDirector.java:417)
	at ptolemy.actor.CompositeActor.postfire(CompositeActor.java:1668)
	at ptolemy.actor.Manager.iterate(Manager.java:852)
	at ptolemy.actor.Manager.execute(Manager.java:369)
	at ptolemy.actor.Manager.run(Manager.java:1263)
	at ptolemy.actor.Manager$PtolemyRunThread.run(Manager.java:1915)
java.lang.reflect.InvocationTargetException
	at java.base/jdk.internal.reflect.NativeConstructorAccessorImpl.newInstance0(Native Method)
	at java.base/jdk.internal.reflect.NativeConstructorAccessorImpl.newInstance(NativeConstructorAccessorImpl.java:62)
	at java.base/jdk.internal.reflect.DelegatingConstructorAccessorImpl.newInstance(DelegatingConstructorAccessorImpl.java:45)
	at java.base/java.lang.reflect.Constructor.newInstance(Constructor.java:490)
	at ptolemy.util.test.junit.AutoKnownFailedTests.RunModel(AutoKnownFailedTests.java:105)
	at java.base/jdk.internal.reflect.NativeMethodAccessorImpl.invoke0(Native Method)
	at java.base/jdk.internal.reflect.NativeMethodAccessorImpl.invoke(NativeMethodAccessorImpl.java:62)
	at java.base/jdk.internal.reflect.DelegatingMethodAccessorImpl.invoke(DelegatingMethodAccessorImpl.java:43)
	at java.base/java.lang.reflect.Method.invoke(Method.java:566)
	at org.junit.runners.model.FrameworkMethod$1.runReflectiveCall(FrameworkMethod.java:44)
	at org.junit.internal.runners.model.ReflectiveCallable.run(ReflectiveCallable.java:15)
	at org.junit.runners.model.FrameworkMethod.invokeExplosively(FrameworkMethod.java:41)
	at junitparams.internal.InvokeParameterisedMethod.evaluate(InvokeParameterisedMethod.java:102)
	at org.junit.internal.runners.statements.FailOnTimeout$1.run(FailOnTimeout.java:28)
Caused by: ptolemy.kernel.util.IllegalActionException: Unknown inputs remain. Possible causality loop:
L_model_1893289564i

  in .CannotAnalysisWithPreemption.model_1893289564_region_1 and .CannotAnalysisWithPreemption.model_1893289564_region_1.L_model_1893289564i
	at ptolemy.actor.sched.FixedPointDirector.postfire(FixedPointDirector.java:515)
	at ptolemy.domains.sr.kernel.SRDirector.postfire(SRDirector.java:417)
	at ptolemy.actor.CompositeActor.postfire(CompositeActor.java:1668)
	at ptolemy.actor.Manager.iterate(Manager.java:852)
	at ptolemy.actor.Manager.execute(Manager.java:369)
	at ptolemy.actor.Manager.run(Manager.java:1263)
	at ptolemy.actor.Manager$PtolemyRunThread.run(Manager.java:1915)
]]></system-err>
</testsuite>
