<?xml version="1.0" encoding="UTF-8" ?>
<testsuite errors="0" failures="0" hostname="travis-job-34196e9f-c8c7-4734-9a46-4cea7c993f42" name="ptolemy.domains.de.test.junit.JUnitTclTest" skipped="0" tests="101" time="126.329" timestamp="2020-10-20T15:58:58">
  <properties>
[...]
</properties>
  <testcase classname="ptolemy.util.test.junit.TclTests" name="[0] /home/travis/build/icyphy/ptII/ptolemy/domains/de/test/DependencyLoop.tcl (RunTclFile)" time="1.056" />
  <testcase classname="ptolemy.util.test.junit.TclTests" name="[1] /home/travis/build/icyphy/ptII/ptolemy/domains/de/test/RunDETestsAsQSS.tcl (RunTclFile)" time="85.728" />
  <testcase classname="ptolemy.util.test.junit.AutoKnownFailedTests" name="[0] /home/travis/build/icyphy/ptII/ptolemy/domains/de/test/auto/knownFailedTests/DESDFClockTest.xml (RunModel)" time="2.06" />
  <testcase classname="ptolemy.util.test.junit.AutoKnownFailedTests" name="[1] /home/travis/build/icyphy/ptII/ptolemy/domains/de/test/auto/knownFailedTests/DirectFeedback.xml (RunModel)" time="0.028" />
  <testcase classname="ptolemy.util.test.junit.AutoKnownFailedTests" name="[2] /home/travis/build/icyphy/ptII/ptolemy/domains/de/test/auto/knownFailedTests/FSMSource.xml (RunModel)" time="0.046" />
  <testcase classname="ptolemy.util.test.junit.AutoKnownFailedTests" name="[3] /home/travis/build/icyphy/ptII/ptolemy/domains/de/test/auto/knownFailedTests/HierarchicalModel.xml (RunModel)" time="0.05" />
  <testcase classname="ptolemy.util.test.junit.AutoKnownFailedTests" name="[4] /home/travis/build/icyphy/ptII/ptolemy/domains/de/test/auto/knownFailedTests/dependencyLoop.xml (RunModel)" time="0.038" />
  <testcase classname="ptolemy.util.test.junit.AutoKnownFailedTests" name="[5] /home/travis/build/icyphy/ptII/ptolemy/domains/de/test/auto/knownFailedTests/dependencyLoop2.xml (RunModel)" time="0.05" />
  <testcase classname="ptolemy.util.test.junit.AutoNameArchTests" name="[0] ThereAreNoAutoArchTests (RunModel)" time="0.002" />
  <testcase classname="ptolemy.util.test.junit.AutoTests" name="[0] /home/travis/build/icyphy/ptII/ptolemy/domains/de/test/auto/ActorDepthCalculation_actorWithoutPorts.xml (RunModel)" time="0.02" />
  <testcase classname="ptolemy.util.test.junit.AutoTests" name="[1] /home/travis/build/icyphy/ptII/ptolemy/domains/de/test/auto/AssemblyLine.xml (RunModel)" time="0.026" />
  <testcase classname="ptolemy.util.test.junit.AutoTests" name="[2] /home/travis/build/icyphy/ptII/ptolemy/domains/de/test/auto/CQBug1.xml (RunModel)" time="0.018" />
  <testcase classname="ptolemy.util.test.junit.AutoTests" name="[3] /home/travis/build/icyphy/ptII/ptolemy/domains/de/test/auto/CancelFireAt.xml (RunModel)" time="0.015" />
  <testcase classname="ptolemy.util.test.junit.AutoTests" name="[4] /home/travis/build/icyphy/ptII/ptolemy/domains/de/test/auto/CausalityAndComposabilityAnalysis.xml (RunModel)" time="0.014" />
  <testcase classname="ptolemy.util.test.junit.AutoTests" name="[5] /home/travis/build/icyphy/ptII/ptolemy/domains/de/test/auto/CausalityInterface1.xml (RunModel)" time="0.016" />
  <testcase classname="ptolemy.util.test.junit.AutoTests" name="[6] /home/travis/build/icyphy/ptII/ptolemy/domains/de/test/auto/CausalityInterface15.xml (RunModel)" time="0.016" />
  <testcase classname="ptolemy.util.test.junit.AutoTests" name="[7] /home/travis/build/icyphy/ptII/ptolemy/domains/de/test/auto/CausalityInterface2.xml (RunModel)" time="0.014" />
  <testcase classname="ptolemy.util.test.junit.AutoTests" name="[8] /home/travis/build/icyphy/ptII/ptolemy/domains/de/test/auto/CausalityInterface3.xml (RunModel)" time="0.014" />
  <testcase classname="ptolemy.util.test.junit.AutoTests" name="[9] /home/travis/build/icyphy/ptII/ptolemy/domains/de/test/auto/ClockDrift.xml (RunModel)" time="0.039" />
  <testcase classname="ptolemy.util.test.junit.AutoTests" name="[10] /home/travis/build/icyphy/ptII/ptolemy/domains/de/test/auto/ClockDriftAndValueChange.xml (RunModel)" time="0.035" />
  <testcase classname="ptolemy.util.test.junit.AutoTests" name="[11] /home/travis/build/icyphy/ptII/ptolemy/domains/de/test/auto/ClockDriftChange.xml (RunModel)" time="0.033" />
  <testcase classname="ptolemy.util.test.junit.AutoTests" name="[12] /home/travis/build/icyphy/ptII/ptolemy/domains/de/test/auto/ComposableCausalityAnalysis.xml (RunModel)" time="0.02" />
  <testcase classname="ptolemy.util.test.junit.AutoTests" name="[13] /home/travis/build/icyphy/ptII/ptolemy/domains/de/test/auto/DEFixedPointLimitation.xml (RunModel)" time="0.011" />
  <testcase classname="ptolemy.util.test.junit.AutoTests" name="[14] /home/travis/build/icyphy/ptII/ptolemy/domains/de/test/auto/DEScheduleTest.xml (RunModel)" time="0.022" />
  <testcase classname="ptolemy.util.test.junit.AutoTests" name="[15] /home/travis/build/icyphy/ptII/ptolemy/domains/de/test/auto/DEinDEwithStartTimes.xml (RunModel)" time="0.018" />
  <testcase classname="ptolemy.util.test.junit.AutoTests" name="[16] /home/travis/build/icyphy/ptII/ptolemy/domains/de/test/auto/DEinDEwithStartTimes2.xml (RunModel)" time="0.019" />
  <testcase classname="ptolemy.util.test.junit.AutoTests" name="[17] /home/travis/build/icyphy/ptII/ptolemy/domains/de/test/auto/DateDemo.xml (RunModel)" time="0.031" />
  <testcase classname="ptolemy.util.test.junit.AutoTests" name="[18] /home/travis/build/icyphy/ptII/ptolemy/domains/de/test/auto/DateToEvent.xml (RunModel)" time="2.045" />
  <testcase classname="ptolemy.util.test.junit.AutoTests" name="[19] /home/travis/build/icyphy/ptII/ptolemy/domains/de/test/auto/DepthTest1.xml (RunModel)" time="0.018" />
  <testcase classname="ptolemy.util.test.junit.AutoTests" name="[20] /home/travis/build/icyphy/ptII/ptolemy/domains/de/test/auto/DepthTest2.xml (RunModel)" time="0.017" />
  <testcase classname="ptolemy.util.test.junit.AutoTests" name="[21] /home/travis/build/icyphy/ptII/ptolemy/domains/de/test/auto/DepthTest3.xml (RunModel)" time="0.008" />
  <testcase classname="ptolemy.util.test.junit.AutoTests" name="[22] /home/travis/build/icyphy/ptII/ptolemy/domains/de/test/auto/DepthTest4.xml (RunModel)" time="0.012" />
  <testcase classname="ptolemy.util.test.junit.AutoTests" name="[23] /home/travis/build/icyphy/ptII/ptolemy/domains/de/test/auto/DepthTest5.xml (RunModel)" time="0.023" />
  <testcase classname="ptolemy.util.test.junit.AutoTests" name="[24] /home/travis/build/icyphy/ptII/ptolemy/domains/de/test/auto/DepthTest6.xml (RunModel)" time="0.017" />
  <testcase classname="ptolemy.util.test.junit.AutoTests" name="[25] /home/travis/build/icyphy/ptII/ptolemy/domains/de/test/auto/DepthTest7.xml (RunModel)" time="0.012" />
  <testcase classname="ptolemy.util.test.junit.AutoTests" name="[26] /home/travis/build/icyphy/ptII/ptolemy/domains/de/test/auto/EventToDate.xml (RunModel)" time="3.047" />
  <testcase classname="ptolemy.util.test.junit.AutoTests" name="[27] /home/travis/build/icyphy/ptII/ptolemy/domains/de/test/auto/FSM1.xml (RunModel)" time="0.047" />
  <testcase classname="ptolemy.util.test.junit.AutoTests" name="[28] /home/travis/build/icyphy/ptII/ptolemy/domains/de/test/auto/FSM7.xml (RunModel)" time="0.036" />
  <testcase classname="ptolemy.util.test.junit.AutoTests" name="[29] /home/travis/build/icyphy/ptII/ptolemy/domains/de/test/auto/Inspection.xml (RunModel)" time="0.041" />
  <testcase classname="ptolemy.util.test.junit.AutoTests" name="[30] /home/travis/build/icyphy/ptII/ptolemy/domains/de/test/auto/Iteration.xml (RunModel)" time="0.024" />
  <testcase classname="ptolemy.util.test.junit.AutoTests" name="[31] /home/travis/build/icyphy/ptII/ptolemy/domains/de/test/auto/LineFault.xml (RunModel)" time="0.529" />
  <testcase classname="ptolemy.util.test.junit.AutoTests" name="[32] /home/travis/build/icyphy/ptII/ptolemy/domains/de/test/auto/MergeModel1Add.xml (RunModel)" time="0.05" />
  <testcase classname="ptolemy.util.test.junit.AutoTests" name="[33] /home/travis/build/icyphy/ptII/ptolemy/domains/de/test/auto/MergeModel2Add.xml (RunModel)" time="0.043" />
  <testcase classname="ptolemy.util.test.junit.AutoTests" name="[34] /home/travis/build/icyphy/ptII/ptolemy/domains/de/test/auto/MergeModel3Add.xml (RunModel)" time="0.043" />
  <testcase classname="ptolemy.util.test.junit.AutoTests" name="[35] /home/travis/build/icyphy/ptII/ptolemy/domains/de/test/auto/MergeWithoutDiscard.xml (RunModel)" time="0.015" />
  <testcase classname="ptolemy.util.test.junit.AutoTests" name="[36] /home/travis/build/icyphy/ptII/ptolemy/domains/de/test/auto/Modal1.xml (RunModel)" time="0.029" />
  <testcase classname="ptolemy.util.test.junit.AutoTests" name="[37] /home/travis/build/icyphy/ptII/ptolemy/domains/de/test/auto/Modal2.xml (RunModel)" time="0.032" />
  <testcase classname="ptolemy.util.test.junit.AutoTests" name="[38] /home/travis/build/icyphy/ptII/ptolemy/domains/de/test/auto/Modal3.xml (RunModel)" time="0.031" />
  <testcase classname="ptolemy.util.test.junit.AutoTests" name="[39] /home/travis/build/icyphy/ptII/ptolemy/domains/de/test/auto/Modal4.xml (RunModel)" time="0.033" />
  <testcase classname="ptolemy.util.test.junit.AutoTests" name="[40] /home/travis/build/icyphy/ptII/ptolemy/domains/de/test/auto/Modal5.xml (RunModel)" time="0.031" />
  <testcase classname="ptolemy.util.test.junit.AutoTests" name="[41] /home/travis/build/icyphy/ptII/ptolemy/domains/de/test/auto/Modal6.xml (RunModel)" time="0.033" />
  <testcase classname="ptolemy.util.test.junit.AutoTests" name="[42] /home/travis/build/icyphy/ptII/ptolemy/domains/de/test/auto/Modal7.xml (RunModel)" time="0.03" />
  <testcase classname="ptolemy.util.test.junit.AutoTests" name="[43] /home/travis/build/icyphy/ptII/ptolemy/domains/de/test/auto/ModalModel.xml (RunModel)" time="0.176" />
  <testcase classname="ptolemy.util.test.junit.AutoTests" name="[44] /home/travis/build/icyphy/ptII/ptolemy/domains/de/test/auto/ModalSource.xml (RunModel)" time="0.019" />
  <testcase classname="ptolemy.util.test.junit.AutoTests" name="[45] /home/travis/build/icyphy/ptII/ptolemy/domains/de/test/auto/NonInterruptibleTimerZeroDelay.xml (RunModel)" time="0.01" />
  <testcase classname="ptolemy.util.test.junit.AutoTests" name="[46] /home/travis/build/icyphy/ptII/ptolemy/domains/de/test/auto/OpenQueueingNetwork.xml (RunModel)" time="2.171" />
  <testcase classname="ptolemy.util.test.junit.AutoTests" name="[47] /home/travis/build/icyphy/ptII/ptolemy/domains/de/test/auto/OpenQueuingNetwork.xml (RunModel)" time="0.229" />
  <testcase classname="ptolemy.util.test.junit.AutoTests" name="[48] /home/travis/build/icyphy/ptII/ptolemy/domains/de/test/auto/PeriodicSampler.xml (RunModel)" time="0.019" />
  <testcase classname="ptolemy.util.test.junit.AutoTests" name="[49] /home/travis/build/icyphy/ptII/ptolemy/domains/de/test/auto/PersistentIO.xml (RunModel)" time="0.034" />
  <testcase classname="ptolemy.util.test.junit.AutoTests" name="[50] /home/travis/build/icyphy/ptII/ptolemy/domains/de/test/auto/PortParameterResetOnInitialize.xml (RunModel)" time="0.015" />
  <testcase classname="ptolemy.util.test.junit.AutoTests" name="[51] /home/travis/build/icyphy/ptII/ptolemy/domains/de/test/auto/PortParameterUpdates.xml (RunModel)" time="0.015" />
  <testcase classname="ptolemy.util.test.junit.AutoTests" name="[52] /home/travis/build/icyphy/ptII/ptolemy/domains/de/test/auto/QueueAndServer.xml (RunModel)" time="0.031" />
  <testcase classname="ptolemy.util.test.junit.AutoTests" name="[53] /home/travis/build/icyphy/ptII/ptolemy/domains/de/test/auto/Records.xml (RunModel)" time="0.045" />
  <testcase classname="ptolemy.util.test.junit.AutoTests" name="[54] /home/travis/build/icyphy/ptII/ptolemy/domains/de/test/auto/ResetTransitionWithStartTime1.xml (RunModel)" time="0.024" />
  <testcase classname="ptolemy.util.test.junit.AutoTests" name="[55] /home/travis/build/icyphy/ptII/ptolemy/domains/de/test/auto/ResetTransitionWithStartTime2.xml (RunModel)" time="0.019" />
  <testcase classname="ptolemy.util.test.junit.AutoTests" name="[56] /home/travis/build/icyphy/ptII/ptolemy/domains/de/test/auto/ResetTransitionWithStartTime3.xml (RunModel)" time="0.019" />
  <testcase classname="ptolemy.util.test.junit.AutoTests" name="[57] /home/travis/build/icyphy/ptII/ptolemy/domains/de/test/auto/ResetTransitionWithStartTime4.xml (RunModel)" time="0.019" />
  <testcase classname="ptolemy.util.test.junit.AutoTests" name="[58] /home/travis/build/icyphy/ptII/ptolemy/domains/de/test/auto/ResettableTimer1.xml (RunModel)" time="0.01" />
  <testcase classname="ptolemy.util.test.junit.AutoTests" name="[59] /home/travis/build/icyphy/ptII/ptolemy/domains/de/test/auto/ResettableTimer2.xml (RunModel)" time="0.012" />
  <testcase classname="ptolemy.util.test.junit.AutoTests" name="[60] /home/travis/build/icyphy/ptII/ptolemy/domains/de/test/auto/ResettableTimer3.xml (RunModel)" time="0.01" />
  <testcase classname="ptolemy.util.test.junit.AutoTests" name="[61] /home/travis/build/icyphy/ptII/ptolemy/domains/de/test/auto/ResettableTimer4.xml (RunModel)" time="0.01" />
  <testcase classname="ptolemy.util.test.junit.AutoTests" name="[62] /home/travis/build/icyphy/ptII/ptolemy/domains/de/test/auto/ResettableTimer5.xml (RunModel)" time="0.01" />
  <testcase classname="ptolemy.util.test.junit.AutoTests" name="[63] /home/travis/build/icyphy/ptII/ptolemy/domains/de/test/auto/ResettableTimer6.xml (RunModel)" time="0.02" />
  <testcase classname="ptolemy.util.test.junit.AutoTests" name="[64] /home/travis/build/icyphy/ptII/ptolemy/domains/de/test/auto/ServerZeroDelay.xml (RunModel)" time="0.013" />
  <testcase classname="ptolemy.util.test.junit.AutoTests" name="[65] /home/travis/build/icyphy/ptII/ptolemy/domains/de/test/auto/SmartSender.xml (RunModel)" time="3.008" />
  <testcase classname="ptolemy.util.test.junit.AutoTests" name="[66] /home/travis/build/icyphy/ptII/ptolemy/domains/de/test/auto/ThreadedComposite.xml (RunModel)" time="0.201" />
  <testcase classname="ptolemy.util.test.junit.AutoTests" name="[67] /home/travis/build/icyphy/ptII/ptolemy/domains/de/test/auto/Time.xml (RunModel)" time="0.357" />
  <testcase classname="ptolemy.util.test.junit.AutoTests" name="[68] /home/travis/build/icyphy/ptII/ptolemy/domains/de/test/auto/TimeDelayZeroDelay.xml (RunModel)" time="0.014" />
  <testcase classname="ptolemy.util.test.junit.AutoTests" name="[69] /home/travis/build/icyphy/ptII/ptolemy/domains/de/test/auto/TimerZeroDelay.xml (RunModel)" time="0.012" />
  <testcase classname="ptolemy.util.test.junit.AutoTests" name="[70] /home/travis/build/icyphy/ptII/ptolemy/domains/de/test/auto/TimingParadox.xml (RunModel)" time="0.297" />
  <testcase classname="ptolemy.util.test.junit.AutoTests" name="[71] /home/travis/build/icyphy/ptII/ptolemy/domains/de/test/auto/TransferInputs.xml (RunModel)" time="0.01" />
  <testcase classname="ptolemy.util.test.junit.AutoTests" name="[72] /home/travis/build/icyphy/ptII/ptolemy/domains/de/test/auto/TransferOutputs2.xml (RunModel)" time="0.014" />
  <testcase classname="ptolemy.util.test.junit.AutoTests" name="[73] /home/travis/build/icyphy/ptII/ptolemy/domains/de/test/auto/Trilateration.xml (RunModel)" time="11.263" />
  <testcase classname="ptolemy.util.test.junit.AutoTests" name="[74] /home/travis/build/icyphy/ptII/ptolemy/domains/de/test/auto/TwoSigmaDelta.xml (RunModel)" time="1.92" />
  <testcase classname="ptolemy.util.test.junit.AutoTests" name="[75] /home/travis/build/icyphy/ptII/ptolemy/domains/de/test/auto/VariableDelay.xml (RunModel)" time="0.015" />
  <testcase classname="ptolemy.util.test.junit.AutoTests" name="[76] /home/travis/build/icyphy/ptII/ptolemy/domains/de/test/auto/VariableDelay2.xml (RunModel)" time="0.012" />
  <testcase classname="ptolemy.util.test.junit.AutoTests" name="[77] /home/travis/build/icyphy/ptII/ptolemy/domains/de/test/auto/VariableDelayZeroDelay.xml (RunModel)" time="0.016" />
  <testcase classname="ptolemy.util.test.junit.AutoTests" name="[78] /home/travis/build/icyphy/ptII/ptolemy/domains/de/test/auto/VariableDelayZeroDelay2.xml (RunModel)" time="0.018" />
  <testcase classname="ptolemy.util.test.junit.AutoTests" name="[79] /home/travis/build/icyphy/ptII/ptolemy/domains/de/test/auto/deInCt.xml (RunModel)" time="0.016" />
  <testcase classname="ptolemy.util.test.junit.AutoTests" name="[80] /home/travis/build/icyphy/ptII/ptolemy/domains/de/test/auto/deInCt2.xml (RunModel)" time="0.015" />
  <testcase classname="ptolemy.util.test.junit.AutoTests" name="[81] /home/travis/build/icyphy/ptII/ptolemy/domains/de/test/auto/dynamicCausalityInterface1.xml (RunModel)" time="0.023" />
  <testcase classname="ptolemy.util.test.junit.AutoTests" name="[82] /home/travis/build/icyphy/ptII/ptolemy/domains/de/test/auto/fsm_de_test.xml (RunModel)" time="0.024" />
  <testcase classname="ptolemy.util.test.junit.AutoTests" name="[83] /home/travis/build/icyphy/ptII/ptolemy/domains/de/test/auto/functionDependencyReconstruction.xml (RunModel)" time="0.033" />
  <testcase classname="ptolemy.util.test.junit.AutoTests" name="[84] /home/travis/build/icyphy/ptII/ptolemy/domains/de/test/auto/multirate.xml (RunModel)" time="0.015" />
  <testcase classname="ptolemy.util.test.junit.AutoTests" name="[85] /home/travis/build/icyphy/ptII/ptolemy/domains/de/test/auto/multirate2.xml (RunModel)" time="0.018" />
  <testcase classname="ptolemy.util.test.junit.AutoTests" name="[86] /home/travis/build/icyphy/ptII/ptolemy/domains/de/test/auto/realtime.xml (RunModel)" time="10.01" />
  <testcase classname="ptolemy.util.test.junit.AutoTests" name="[87] /home/travis/build/icyphy/ptII/ptolemy/domains/de/test/auto/relationGroup.xml (RunModel)" time="0.008" />
  <testcase classname="ptolemy.util.test.junit.AutoTests" name="[88] /home/travis/build/icyphy/ptII/ptolemy/domains/de/test/auto/relationGroup2.xml (RunModel)" time="0.011" />
  <testcase classname="ptolemy.util.test.junit.AutoTests" name="[89] /home/travis/build/icyphy/ptII/ptolemy/domains/de/test/auto/sortWithOpaquePorts.xml (RunModel)" time="0.009" />
  <testcase classname="ptolemy.util.test.junit.AutoTests" name="[90] /home/travis/build/icyphy/ptII/ptolemy/domains/de/test/auto/transferInputsandOutputs.xml (RunModel)" time="0.016" />
  <testcase classname="ptolemy.util.test.junit.AutoTests" name="[91] /home/travis/build/icyphy/ptII/ptolemy/domains/de/test/auto/triggerType.xml (RunModel)" time="0.008" />
  <system-out><![CDATA[/home/travis/build/icyphy/ptII/ptolemy/domains/de/test/DependencyLoop.tcl
testDefs.tcl: setting time out to 9000 seconds at Tue Oct 20 15:58:58 UTC 2020
87 ms. Memory: 129024K Free: 79180K (61%)
17 ms. Memory: 129024K Free: 61772K (48%)
/home/travis/build/icyphy/ptII/ptolemy/domains/de/test/RunDETestsAsQSS.tcl
Run the DE tests using ptolemy.domains.qss.test.QSSDirectorTest, which extends QSSDirector and prints a message in the constructors.
------------------ testing $PTII/ptolemy/domains/de/test/auto/knownFailedTests/DirectFeedback.xml (Known Failure) 
67 ms. Memory: 129024K Free: 55628K (43%)


==== $PTIIhome/travis/build/icyphy/ptII/ptolemy/domains/de/test/../../../../: Auto Automatic test in file $PTII/ptolemy/domains/de/test/auto/knownFailedTests/DirectFeedback.xml
==== Contents of test case:

	    # FIXME: we should use $relativeFilename here, but it
	    # might have backslashes under Windows, which causes no end
	    # of trouble.
	    createAndExecute $file
	    list {}
	
.... Test generated KNOWN error:
    while executing
ptolemy.kernel.util.IllegalActionException: Test fails in iteration 1.
Value was: 1.0. Should have been: 2.0
  in .DirectFeedback.Test
	at ptolemy.actor.lib.Test.fire(Test.java:268)
	at ptolemy.domains.de.kernel.DEDirector._fire(DEDirector.java:1949)
	at ptolemy.domains.de.kernel.DEDirector.fire(DEDirector.java:502)
	at ptolemy.actor.CompositeActor.fire(CompositeActor.java:455)
	at ptolemy.actor.Manager.iterate(Manager.java:851)
	at ptolemy.actor.Manager.execute(Manager.java:369)
	at ptolemy.actor.Manager.run(Manager.java:1263)
	at ptolemy.actor.Manager$PtolemyRunThread.run(Manager.java:1933)

    while executing
ptolemy.kernel.util.IllegalActionException: Test fails in iteration 1.
Value was: 1.0. Should have been: 2.0
  in .DirectFeedback.Test
    while executing
"java::new ptolemy.moml.MoMLSimpleApplication $file
"
    (procedure "createAndExecute" line 2)
    invoked from within
"createAndExecute $file"
    ("uplevel" body line 5)
    invoked from within
"uplevel $contents_of_test"
------------------ testing $PTII/ptolemy/domains/de/test/auto/knownFailedTests/dependencyLoop.xml (Known Failure) 
23 ms. Memory: 129024K Free: 52556K (41%)


==== $PTIIhome/travis/build/icyphy/ptII/ptolemy/domains/de/test/../../../../: Auto Automatic test in file $PTII/ptolemy/domains/de/test/auto/knownFailedTests/dependencyLoop.xml
==== Contents of test case:

	    # FIXME: we should use $relativeFilename here, but it
	    # might have backslashes under Windows, which causes no end
	    # of trouble.
	    createAndExecute $file
	    list {}
	
.... Test generated KNOWN error:
    while executing
ptolemy.kernel.util.IllegalActionException: Found a zero delay loop containing .dependencyLoop.original
  in .dependencyLoop and .dependencyLoop.original
	at ptolemy.actor.util.CausalityInterfaceForComposites._computeOutputPortDepth(CausalityInterfaceForComposites.java:759)
	at ptolemy.actor.util.CausalityInterfaceForComposites._computeInputDepth(CausalityInterfaceForComposites.java:696)
	at ptolemy.actor.util.CausalityInterfaceForComposites._computeOutputPortDepth(CausalityInterfaceForComposites.java:765)
	at ptolemy.actor.util.CausalityInterfaceForComposites._computeInputDepth(CausalityInterfaceForComposites.java:696)
	at ptolemy.actor.util.CausalityInterfaceForComposites._computeOutputPortDepth(CausalityInterfaceForComposites.java:765)
	at ptolemy.actor.util.CausalityInterfaceForComposites._computeInputDepth(CausalityInterfaceForComposites.java:696)
	at ptolemy.actor.util.CausalityInterfaceForComposites._computeActorDepth(CausalityInterfaceForComposites.java:532)
	at ptolemy.actor.util.CausalityInterfaceForComposites.checkForCycles(CausalityInterfaceForComposites.java:96)
	at ptolemy.domains.de.kernel.DEDirector.preinitialize(DEDirector.java:1338)
	at ptolemy.actor.CompositeActor.preinitialize(CompositeActor.java:1828)
	at ptolemy.actor.Manager.preinitializeAndResolveTypes(Manager.java:1040)
	at ptolemy.actor.Manager.initialize(Manager.java:710)
	at ptolemy.actor.Manager.execute(Manager.java:356)
	at ptolemy.actor.Manager.run(Manager.java:1263)
	at ptolemy.actor.Manager$PtolemyRunThread.run(Manager.java:1933)

    while executing
ptolemy.kernel.util.IllegalActionException: Found a zero delay loop containing .dependencyLoop.original
  in .dependencyLoop and .dependencyLoop.original
    while executing
"java::new ptolemy.moml.MoMLSimpleApplication $file
"
    (procedure "createAndExecute" line 2)
    invoked from within
"createAndExecute $file"
    ("uplevel" body line 5)
    invoked from within
"uplevel $contents_of_test"
------------------ testing $PTII/ptolemy/domains/de/test/auto/knownFailedTests/FSMSource.xml (Known Failure) 
55 ms. Memory: 129024K Free: 110617K (86%)
!!!! Auto was marked as failing, but now passes
------------------ testing $PTII/ptolemy/domains/de/test/auto/knownFailedTests/HierarchicalModel.xml (Known Failure) 
9 ms. Memory: 129024K Free: 93197K (72%)


==== $PTIIhome/travis/build/icyphy/ptII/ptolemy/domains/de/test/../../../../: Auto Automatic test in file $PTII/ptolemy/domains/de/test/auto/knownFailedTests/HierarchicalModel.xml
==== Contents of test case:

	    # FIXME: we should use $relativeFilename here, but it
	    # might have backslashes under Windows, which causes no end
	    # of trouble.
	    createAndExecute $file
	    list {}
	
.... Test generated KNOWN error:
    while executing
ptolemy.kernel.util.IllegalActionException: Found a zero delay loop containing .HierarchicalModel.A
  in .HierarchicalModel and .HierarchicalModel.A
	at ptolemy.actor.util.CausalityInterfaceForComposites._computeOutputPortDepth(CausalityInterfaceForComposites.java:759)
	at ptolemy.actor.util.CausalityInterfaceForComposites._computeInputDepth(CausalityInterfaceForComposites.java:696)
	at ptolemy.actor.util.CausalityInterfaceForComposites._computeOutputPortDepth(CausalityInterfaceForComposites.java:765)
	at ptolemy.actor.util.CausalityInterfaceForComposites._computeInputDepth(CausalityInterfaceForComposites.java:696)
	at ptolemy.actor.util.CausalityInterfaceForComposites._computeOutputPortDepth(CausalityInterfaceForComposites.java:765)
	at ptolemy.actor.util.CausalityInterfaceForComposites._computeInputDepth(CausalityInterfaceForComposites.java:696)
	at ptolemy.actor.util.CausalityInterfaceForComposites._computeActorDepth(CausalityInterfaceForComposites.java:532)
	at ptolemy.actor.util.CausalityInterfaceForComposites.checkForCycles(CausalityInterfaceForComposites.java:96)
	at ptolemy.domains.de.kernel.DEDirector.preinitialize(DEDirector.java:1338)
	at ptolemy.actor.CompositeActor.preinitialize(CompositeActor.java:1828)
	at ptolemy.actor.Manager.preinitializeAndResolveTypes(Manager.java:1040)
	at ptolemy.actor.Manager.initialize(Manager.java:710)
	at ptolemy.actor.Manager.execute(Manager.java:356)
	at ptolemy.actor.Manager.run(Manager.java:1263)
	at ptolemy.actor.Manager$PtolemyRunThread.run(Manager.java:1933)

    while executing
ptolemy.kernel.util.IllegalActionException: Found a zero delay loop containing .HierarchicalModel.A
  in .HierarchicalModel and .HierarchicalModel.A
    while executing
"java::new ptolemy.moml.MoMLSimpleApplication $file
"
    (procedure "createAndExecute" line 2)
    invoked from within
"createAndExecute $file"
    ("uplevel" body line 5)
    invoked from within
"uplevel $contents_of_test"
------------------ testing $PTII/ptolemy/domains/de/test/auto/knownFailedTests/dependencyLoop2.xml (Known Failure) 
5 ms. Memory: 129024K Free: 77304K (60%)


==== $PTIIhome/travis/build/icyphy/ptII/ptolemy/domains/de/test/../../../../: Auto Automatic test in file $PTII/ptolemy/domains/de/test/auto/knownFailedTests/dependencyLoop2.xml
==== Contents of test case:

	    # FIXME: we should use $relativeFilename here, but it
	    # might have backslashes under Windows, which causes no end
	    # of trouble.
	    createAndExecute $file
	    list {}
	
.... Test generated KNOWN error:
    while executing
ptolemy.kernel.util.IllegalActionException: Found a zero delay loop containing .dependencyLoop2.original
  in .dependencyLoop2 and .dependencyLoop2.original
	at ptolemy.actor.util.CausalityInterfaceForComposites._computeOutputPortDepth(CausalityInterfaceForComposites.java:759)
	at ptolemy.actor.util.CausalityInterfaceForComposites._computeInputDepth(CausalityInterfaceForComposites.java:696)
	at ptolemy.actor.util.CausalityInterfaceForComposites._computeOutputPortDepth(CausalityInterfaceForComposites.java:765)
	at ptolemy.actor.util.CausalityInterfaceForComposites._computeInputDepth(CausalityInterfaceForComposites.java:696)
	at ptolemy.actor.util.CausalityInterfaceForComposites._computeOutputPortDepth(CausalityInterfaceForComposites.java:765)
	at ptolemy.actor.util.CausalityInterfaceForComposites._computeInputDepth(CausalityInterfaceForComposites.java:696)
	at ptolemy.actor.util.CausalityInterfaceForComposites._computeActorDepth(CausalityInterfaceForComposites.java:532)
	at ptolemy.actor.util.CausalityInterfaceForComposites.checkForCycles(CausalityInterfaceForComposites.java:96)
	at ptolemy.domains.de.kernel.DEDirector.preinitialize(DEDirector.java:1338)
	at ptolemy.actor.CompositeActor.preinitialize(CompositeActor.java:1828)
	at ptolemy.actor.Manager.preinitializeAndResolveTypes(Manager.java:1040)
	at ptolemy.actor.Manager.initialize(Manager.java:710)
	at ptolemy.actor.Manager.execute(Manager.java:356)
	at ptolemy.actor.Manager.run(Manager.java:1263)
	at ptolemy.actor.Manager$PtolemyRunThread.run(Manager.java:1933)

    while executing
ptolemy.kernel.util.IllegalActionException: Found a zero delay loop containing .dependencyLoop2.original
  in .dependencyLoop2 and .dependencyLoop2.original
    while executing
"java::new ptolemy.moml.MoMLSimpleApplication $file
"
    (procedure "createAndExecute" line 2)
    invoked from within
"createAndExecute $file"
    ("uplevel" body line 5)
    invoked from within
"uplevel $contents_of_test"
------------------ testing $PTII/ptolemy/domains/de/test/auto/knownFailedTests/DESDFClockTest.xml (Known Failure) 
2055 ms. Memory: 129024K Free: 108205K (84%)


==== $PTIIhome/travis/build/icyphy/ptII/ptolemy/domains/de/test/../../../../: Auto Automatic test in file $PTII/ptolemy/domains/de/test/auto/knownFailedTests/DESDFClockTest.xml
==== Contents of test case:

	    # FIXME: we should use $relativeFilename here, but it
	    # might have backslashes under Windows, which causes no end
	    # of trouble.
	    createAndExecute $file
	    list {}
	
.... Test generated KNOWN error:
    while executing
ptolemy.kernel.util.IllegalActionException: Actor is not ready to fire.  Perhaps UpSample.prefire() returned false? Try debugging the actor by selecting "Listen to Actor".  Also, for SDF check moml for tokenConsumptionRate on input.
  in .DESDFClockTest.Play Bell.Copy1:SDF Director and .DESDFClockTest.Play Bell.UpSample
	at ptolemy.actor.sched.StaticSchedulingDirector.fire(StaticSchedulingDirector.java:227)
	at ptolemy.domains.sdf.kernel.SDFDirector.fire(SDFDirector.java:500)
	at ptolemy.actor.CompositeActor.fire(CompositeActor.java:455)
	at ptolemy.domains.de.kernel.DEDirector._fire(DEDirector.java:1949)
	at ptolemy.domains.de.kernel.DEDirector.fire(DEDirector.java:502)
	at ptolemy.actor.CompositeActor.fire(CompositeActor.java:455)
	at ptolemy.actor.Manager.iterate(Manager.java:851)
	at ptolemy.actor.Manager.execute(Manager.java:369)
	at ptolemy.actor.Manager.run(Manager.java:1263)
	at ptolemy.actor.Manager$PtolemyRunThread.run(Manager.java:1933)

    while executing
ptolemy.kernel.util.IllegalActionException: Actor is not ready to fire.  Perhaps UpSample.prefire() returned false? Try debugging the actor by selecting "Listen to Actor".  Also, for SDF check moml for tokenConsumptionRate on input.
  in .DESDFClockTest.Play Bell.Copy1:SDF Director and .DESDFClockTest.Play Bell.UpSample
    while executing
"java::new ptolemy.moml.MoMLSimpleApplication $file
"
    (procedure "createAndExecute" line 2)
    invoked from within
"createAndExecute $file"
    ("uplevel" body line 5)
    invoked from within
"uplevel $contents_of_test"
------------------ testing $PTII/ptolemy/domains/de/test/auto/ActorDepthCalculation_actorWithoutPorts.xml
auto.tcl: Setting watchdog for 200 seconds at Tue Oct 20 15:59:02 UTC 2020
5 ms. Memory: 129024K Free: 100509K (78%)
ptolemy.util.test.WatchDog.cancel(): canceling Tue Oct 20 15:59:02 UTC 2020
auto.tcl: Setting watchdog for 200 seconds at Tue Oct 20 15:59:02 UTC 2020
9 ms. Memory: 129024K Free: 98989K (77%)
ptolemy.util.test.WatchDog.cancel(): canceling Tue Oct 20 15:59:02 UTC 2020
------------------ testing $PTII/ptolemy/domains/de/test/auto/AssemblyLine.xml
auto.tcl: Setting watchdog for 200 seconds at Tue Oct 20 15:59:02 UTC 2020
16 ms. Memory: 51200K Free: 27486K (54%)
ptolemy.util.test.WatchDog.cancel(): canceling Tue Oct 20 15:59:03 UTC 2020
auto.tcl: Setting watchdog for 200 seconds at Tue Oct 20 15:59:03 UTC 2020
7 ms. Memory: 51200K Free: 26730K (52%)
ptolemy.util.test.WatchDog.cancel(): canceling Tue Oct 20 15:59:03 UTC 2020
------------------ testing $PTII/ptolemy/domains/de/test/auto/CQBug1.xml
auto.tcl: Setting watchdog for 200 seconds at Tue Oct 20 15:59:03 UTC 2020
3 ms. Memory: 51200K Free: 33301K (65%)
ptolemy.util.test.WatchDog.cancel(): canceling Tue Oct 20 15:59:03 UTC 2020
auto.tcl: Setting watchdog for 200 seconds at Tue Oct 20 15:59:03 UTC 2020
3 ms. Memory: 51200K Free: 32848K (64%)
ptolemy.util.test.WatchDog.cancel(): canceling Tue Oct 20 15:59:03 UTC 2020
------------------ testing $PTII/ptolemy/domains/de/test/auto/CancelFireAt.xml
auto.tcl: Setting watchdog for 200 seconds at Tue Oct 20 15:59:03 UTC 2020
11 ms. Memory: 51200K Free: 34476K (67%)
ptolemy.util.test.WatchDog.cancel(): canceling Tue Oct 20 15:59:03 UTC 2020
auto.tcl: Setting watchdog for 200 seconds at Tue Oct 20 15:59:03 UTC 2020
2 ms. Memory: 51200K Free: 34000K (66%)
ptolemy.util.test.WatchDog.cancel(): canceling Tue Oct 20 15:59:03 UTC 2020
------------------ testing $PTII/ptolemy/domains/de/test/auto/CausalityAndComposabilityAnalysis.xml
auto.tcl: Setting watchdog for 200 seconds at Tue Oct 20 15:59:03 UTC 2020
8 ms. Memory: 48128K Free: 29348K (61%)
ptolemy.util.test.WatchDog.cancel(): canceling Tue Oct 20 15:59:03 UTC 2020
auto.tcl: Setting watchdog for 200 seconds at Tue Oct 20 15:59:03 UTC 2020
5 ms. Memory: 48128K Free: 28912K (60%)
ptolemy.util.test.WatchDog.cancel(): canceling Tue Oct 20 15:59:03 UTC 2020
------------------ testing $PTII/ptolemy/domains/de/test/auto/CausalityInterface1.xml
auto.tcl: Setting watchdog for 200 seconds at Tue Oct 20 15:59:03 UTC 2020
26 ms. Memory: 48128K Free: 28352K (59%)
ptolemy.util.test.WatchDog.cancel(): canceling Tue Oct 20 15:59:03 UTC 2020
auto.tcl: Setting watchdog for 200 seconds at Tue Oct 20 15:59:03 UTC 2020
4 ms. Memory: 48128K Free: 27359K (57%)
ptolemy.util.test.WatchDog.cancel(): canceling Tue Oct 20 15:59:03 UTC 2020
------------------ testing $PTII/ptolemy/domains/de/test/auto/CausalityInterface15.xml
auto.tcl: Setting watchdog for 200 seconds at Tue Oct 20 15:59:03 UTC 2020
13 ms. Memory: 48128K Free: 28028K (58%)
ptolemy.util.test.WatchDog.cancel(): canceling Tue Oct 20 15:59:03 UTC 2020
auto.tcl: Setting watchdog for 200 seconds at Tue Oct 20 15:59:03 UTC 2020
4 ms. Memory: 48128K Free: 27316K (57%)
ptolemy.util.test.WatchDog.cancel(): canceling Tue Oct 20 15:59:03 UTC 2020
------------------ testing $PTII/ptolemy/domains/de/test/auto/CausalityInterface2.xml
auto.tcl: Setting watchdog for 200 seconds at Tue Oct 20 15:59:03 UTC 2020
5 ms. Memory: 48128K Free: 29224K (61%)
ptolemy.util.test.WatchDog.cancel(): canceling Tue Oct 20 15:59:03 UTC 2020
auto.tcl: Setting watchdog for 200 seconds at Tue Oct 20 15:59:03 UTC 2020
3 ms. Memory: 48128K Free: 28339K (59%)
ptolemy.util.test.WatchDog.cancel(): canceling Tue Oct 20 15:59:03 UTC 2020
------------------ testing $PTII/ptolemy/domains/de/test/auto/CausalityInterface3.xml
auto.tcl: Setting watchdog for 200 seconds at Tue Oct 20 15:59:03 UTC 2020
3 ms. Memory: 48128K Free: 28530K (59%)
ptolemy.util.test.WatchDog.cancel(): canceling Tue Oct 20 15:59:03 UTC 2020
auto.tcl: Setting watchdog for 200 seconds at Tue Oct 20 15:59:03 UTC 2020
3 ms. Memory: 48128K Free: 27744K (58%)
ptolemy.util.test.WatchDog.cancel(): canceling Tue Oct 20 15:59:03 UTC 2020
------------------ testing $PTII/ptolemy/domains/de/test/auto/ClockDrift.xml
auto.tcl: Setting watchdog for 200 seconds at Tue Oct 20 15:59:03 UTC 2020
70 ms. Memory: 48128K Free: 20642K (43%)
ptolemy.util.test.WatchDog.cancel(): canceling Tue Oct 20 15:59:03 UTC 2020
auto.tcl: Setting watchdog for 200 seconds at Tue Oct 20 15:59:03 UTC 2020
43 ms. Memory: 48128K Free: 17677K (37%)
ptolemy.util.test.WatchDog.cancel(): canceling Tue Oct 20 15:59:03 UTC 2020
------------------ testing $PTII/ptolemy/domains/de/test/auto/ClockDriftAndValueChange.xml
auto.tcl: Setting watchdog for 200 seconds at Tue Oct 20 15:59:03 UTC 2020
46 ms. Memory: 48128K Free: 21552K (45%)
ptolemy.util.test.WatchDog.cancel(): canceling Tue Oct 20 15:59:04 UTC 2020
auto.tcl: Setting watchdog for 200 seconds at Tue Oct 20 15:59:04 UTC 2020
36 ms. Memory: 48128K Free: 18614K (39%)
ptolemy.util.test.WatchDog.cancel(): canceling Tue Oct 20 15:59:04 UTC 2020
------------------ testing $PTII/ptolemy/domains/de/test/auto/ClockDriftChange.xml
auto.tcl: Setting watchdog for 200 seconds at Tue Oct 20 15:59:04 UTC 2020
22 ms. Memory: 48128K Free: 23242K (48%)
ptolemy.util.test.WatchDog.cancel(): canceling Tue Oct 20 15:59:04 UTC 2020
auto.tcl: Setting watchdog for 200 seconds at Tue Oct 20 15:59:04 UTC 2020
20 ms. Memory: 48128K Free: 20649K (43%)
ptolemy.util.test.WatchDog.cancel(): canceling Tue Oct 20 15:59:04 UTC 2020
------------------ testing $PTII/ptolemy/domains/de/test/auto/ComposableCausalityAnalysis.xml
auto.tcl: Setting watchdog for 200 seconds at Tue Oct 20 15:59:04 UTC 2020
3 ms. Memory: 48128K Free: 27874K (58%)
ptolemy.util.test.WatchDog.cancel(): canceling Tue Oct 20 15:59:04 UTC 2020
auto.tcl: Setting watchdog for 200 seconds at Tue Oct 20 15:59:04 UTC 2020
7 ms. Memory: 48128K Free: 26854K (56%)
ptolemy.util.test.WatchDog.cancel(): canceling Tue Oct 20 15:59:04 UTC 2020
------------------ testing $PTII/ptolemy/domains/de/test/auto/DEFixedPointLimitation.xml
auto.tcl: Setting watchdog for 200 seconds at Tue Oct 20 15:59:04 UTC 2020
2 ms. Memory: 48128K Free: 29190K (61%)
ptolemy.util.test.WatchDog.cancel(): canceling Tue Oct 20 15:59:04 UTC 2020
auto.tcl: Setting watchdog for 200 seconds at Tue Oct 20 15:59:04 UTC 2020
2 ms. Memory: 48128K Free: 28320K (59%)
ptolemy.util.test.WatchDog.cancel(): canceling Tue Oct 20 15:59:04 UTC 2020
------------------ testing $PTII/ptolemy/domains/de/test/auto/DEScheduleTest.xml
auto.tcl: Setting watchdog for 200 seconds at Tue Oct 20 15:59:04 UTC 2020
7 ms. Memory: 48128K Free: 29511K (61%)
ptolemy.util.test.WatchDog.cancel(): canceling Tue Oct 20 15:59:04 UTC 2020
auto.tcl: Setting watchdog for 200 seconds at Tue Oct 20 15:59:04 UTC 2020
3 ms. Memory: 48128K Free: 28752K (60%)
ptolemy.util.test.WatchDog.cancel(): canceling Tue Oct 20 15:59:04 UTC 2020
------------------ testing $PTII/ptolemy/domains/de/test/auto/DEinDEwithStartTimes.xml
auto.tcl: Setting watchdog for 200 seconds at Tue Oct 20 15:59:04 UTC 2020
5 ms. Memory: 48128K Free: 27868K (58%)
ptolemy.util.test.WatchDog.cancel(): canceling Tue Oct 20 15:59:04 UTC 2020
auto.tcl: Setting watchdog for 200 seconds at Tue Oct 20 15:59:04 UTC 2020
4 ms. Memory: 48128K Free: 26655K (55%)
ptolemy.util.test.WatchDog.cancel(): canceling Tue Oct 20 15:59:04 UTC 2020
------------------ testing $PTII/ptolemy/domains/de/test/auto/DEinDEwithStartTimes2.xml
auto.tcl: Setting watchdog for 200 seconds at Tue Oct 20 15:59:04 UTC 2020
6 ms. Memory: 48128K Free: 26934K (56%)
ptolemy.util.test.WatchDog.cancel(): canceling Tue Oct 20 15:59:04 UTC 2020
auto.tcl: Setting watchdog for 200 seconds at Tue Oct 20 15:59:04 UTC 2020
5 ms. Memory: 48128K Free: 25610K (53%)
ptolemy.util.test.WatchDog.cancel(): canceling Tue Oct 20 15:59:04 UTC 2020
------------------ testing $PTII/ptolemy/domains/de/test/auto/DateDemo.xml
auto.tcl: Setting watchdog for 200 seconds at Tue Oct 20 15:59:04 UTC 2020
20 ms. Memory: 48128K Free: 21791K (45%)
ptolemy.util.test.WatchDog.cancel(): canceling Tue Oct 20 15:59:04 UTC 2020
auto.tcl: Setting watchdog for 200 seconds at Tue Oct 20 15:59:04 UTC 2020
8 ms. Memory: 48128K Free: 20093K (42%)
ptolemy.util.test.WatchDog.cancel(): canceling Tue Oct 20 15:59:04 UTC 2020
------------------ testing $PTII/ptolemy/domains/de/test/auto/DateToEvent.xml
auto.tcl: Setting watchdog for 200 seconds at Tue Oct 20 15:59:04 UTC 2020
2013 ms. Memory: 48128K Free: 16497K (34%)
ptolemy.util.test.WatchDog.cancel(): canceling Tue Oct 20 15:59:06 UTC 2020
auto.tcl: Setting watchdog for 200 seconds at Tue Oct 20 15:59:06 UTC 2020
2005 ms. Memory: 48128K Free: 16151K (34%)
ptolemy.util.test.WatchDog.cancel(): canceling Tue Oct 20 15:59:08 UTC 2020
------------------ testing $PTII/ptolemy/domains/de/test/auto/DepthTest1.xml
auto.tcl: Setting watchdog for 200 seconds at Tue Oct 20 15:59:08 UTC 2020
6 ms. Memory: 48128K Free: 30322K (63%)
ptolemy.util.test.WatchDog.cancel(): canceling Tue Oct 20 15:59:08 UTC 2020
auto.tcl: Setting watchdog for 200 seconds at Tue Oct 20 15:59:08 UTC 2020
2 ms. Memory: 48128K Free: 29933K (62%)
ptolemy.util.test.WatchDog.cancel(): canceling Tue Oct 20 15:59:08 UTC 2020
------------------ testing $PTII/ptolemy/domains/de/test/auto/DepthTest2.xml
auto.tcl: Setting watchdog for 200 seconds at Tue Oct 20 15:59:09 UTC 2020
11 ms. Memory: 48128K Free: 27172K (56%)
ptolemy.util.test.WatchDog.cancel(): canceling Tue Oct 20 15:59:09 UTC 2020
auto.tcl: Setting watchdog for 200 seconds at Tue Oct 20 15:59:09 UTC 2020
2 ms. Memory: 48128K Free: 26752K (56%)
ptolemy.util.test.WatchDog.cancel(): canceling Tue Oct 20 15:59:09 UTC 2020
------------------ testing $PTII/ptolemy/domains/de/test/auto/DepthTest3.xml
auto.tcl: Setting watchdog for 200 seconds at Tue Oct 20 15:59:09 UTC 2020
7 ms. Memory: 48128K Free: 30652K (64%)
ptolemy.util.test.WatchDog.cancel(): canceling Tue Oct 20 15:59:09 UTC 2020
auto.tcl: Setting watchdog for 200 seconds at Tue Oct 20 15:59:09 UTC 2020
2 ms. Memory: 48128K Free: 30223K (63%)
ptolemy.util.test.WatchDog.cancel(): canceling Tue Oct 20 15:59:09 UTC 2020
------------------ testing $PTII/ptolemy/domains/de/test/auto/DepthTest4.xml
auto.tcl: Setting watchdog for 200 seconds at Tue Oct 20 15:59:09 UTC 2020
3 ms. Memory: 48128K Free: 29009K (60%)
ptolemy.util.test.WatchDog.cancel(): canceling Tue Oct 20 15:59:09 UTC 2020
auto.tcl: Setting watchdog for 200 seconds at Tue Oct 20 15:59:09 UTC 2020
1 ms. Memory: 48128K Free: 28275K (59%)
ptolemy.util.test.WatchDog.cancel(): canceling Tue Oct 20 15:59:09 UTC 2020
------------------ testing $PTII/ptolemy/domains/de/test/auto/DepthTest5.xml
auto.tcl: Setting watchdog for 200 seconds at Tue Oct 20 15:59:09 UTC 2020
4 ms. Memory: 48128K Free: 28162K (59%)
ptolemy.util.test.WatchDog.cancel(): canceling Tue Oct 20 15:59:09 UTC 2020
auto.tcl: Setting watchdog for 200 seconds at Tue Oct 20 15:59:09 UTC 2020
2 ms. Memory: 48128K Free: 27782K (58%)
ptolemy.util.test.WatchDog.cancel(): canceling Tue Oct 20 15:59:09 UTC 2020
------------------ testing $PTII/ptolemy/domains/de/test/auto/DepthTest6.xml
auto.tcl: Setting watchdog for 200 seconds at Tue Oct 20 15:59:09 UTC 2020
7 ms. Memory: 48128K Free: 28091K (58%)
ptolemy.util.test.WatchDog.cancel(): canceling Tue Oct 20 15:59:09 UTC 2020
auto.tcl: Setting watchdog for 200 seconds at Tue Oct 20 15:59:09 UTC 2020
3 ms. Memory: 48128K Free: 27590K (57%)
ptolemy.util.test.WatchDog.cancel(): canceling Tue Oct 20 15:59:09 UTC 2020
------------------ testing $PTII/ptolemy/domains/de/test/auto/DepthTest7.xml
auto.tcl: Setting watchdog for 200 seconds at Tue Oct 20 15:59:09 UTC 2020
5 ms. Memory: 48128K Free: 28611K (59%)
ptolemy.util.test.WatchDog.cancel(): canceling Tue Oct 20 15:59:09 UTC 2020
auto.tcl: Setting watchdog for 200 seconds at Tue Oct 20 15:59:09 UTC 2020
2 ms. Memory: 48128K Free: 28215K (59%)
ptolemy.util.test.WatchDog.cancel(): canceling Tue Oct 20 15:59:09 UTC 2020
------------------ testing $PTII/ptolemy/domains/de/test/auto/EventToDate.xml
auto.tcl: Setting watchdog for 200 seconds at Tue Oct 20 15:59:09 UTC 2020
3009 ms. Memory: 48128K Free: 19700K (41%)
ptolemy.util.test.WatchDog.cancel(): canceling Tue Oct 20 15:59:12 UTC 2020
auto.tcl: Setting watchdog for 200 seconds at Tue Oct 20 15:59:12 UTC 2020
3004 ms. Memory: 48128K Free: 19016K (40%)
ptolemy.util.test.WatchDog.cancel(): canceling Tue Oct 20 15:59:15 UTC 2020
------------------ testing $PTII/ptolemy/domains/de/test/auto/FSM1.xml
auto.tcl: Setting watchdog for 200 seconds at Tue Oct 20 15:59:15 UTC 2020
26 ms. Memory: 48128K Free: 20443K (42%)
ptolemy.util.test.WatchDog.cancel(): canceling Tue Oct 20 15:59:15 UTC 2020
auto.tcl: Setting watchdog for 200 seconds at Tue Oct 20 15:59:15 UTC 2020
24 ms. Memory: 48128K Free: 17301K (36%)
ptolemy.util.test.WatchDog.cancel(): canceling Tue Oct 20 15:59:15 UTC 2020
------------------ testing $PTII/ptolemy/domains/de/test/auto/FSM7.xml
auto.tcl: Setting watchdog for 200 seconds at Tue Oct 20 15:59:15 UTC 2020
25 ms. Memory: 48128K Free: 20645K (43%)
ptolemy.util.test.WatchDog.cancel(): canceling Tue Oct 20 15:59:15 UTC 2020
auto.tcl: Setting watchdog for 200 seconds at Tue Oct 20 15:59:15 UTC 2020
23 ms. Memory: 48128K Free: 17490K (36%)
ptolemy.util.test.WatchDog.cancel(): canceling Tue Oct 20 15:59:15 UTC 2020
------------------ testing $PTII/ptolemy/domains/de/test/auto/Inspection.xml
auto.tcl: Setting watchdog for 200 seconds at Tue Oct 20 15:59:15 UTC 2020
35 ms. Memory: 48128K Free: 20191K (42%)
ptolemy.util.test.WatchDog.cancel(): canceling Tue Oct 20 15:59:15 UTC 2020
auto.tcl: Setting watchdog for 200 seconds at Tue Oct 20 15:59:15 UTC 2020
18 ms. Memory: 48128K Free: 18325K (38%)
ptolemy.util.test.WatchDog.cancel(): canceling Tue Oct 20 15:59:15 UTC 2020
------------------ testing $PTII/ptolemy/domains/de/test/auto/Iteration.xml
auto.tcl: Setting watchdog for 200 seconds at Tue Oct 20 15:59:15 UTC 2020
8 ms. Memory: 48128K Free: 26188K (54%)
ptolemy.util.test.WatchDog.cancel(): canceling Tue Oct 20 15:59:15 UTC 2020
auto.tcl: Setting watchdog for 200 seconds at Tue Oct 20 15:59:15 UTC 2020
7 ms. Memory: 48128K Free: 25146K (52%)
ptolemy.util.test.WatchDog.cancel(): canceling Tue Oct 20 15:59:16 UTC 2020
------------------ testing $PTII/ptolemy/domains/de/test/auto/LineFault.xml
auto.tcl: Setting watchdog for 200 seconds at Tue Oct 20 15:59:16 UTC 2020
668 ms. Memory: 48128K Free: 17695K (37%)
ptolemy.util.test.WatchDog.cancel(): canceling Tue Oct 20 15:59:16 UTC 2020
auto.tcl: Setting watchdog for 200 seconds at Tue Oct 20 15:59:16 UTC 2020
552 ms. Memory: 59392K Free: 37270K (63%)
ptolemy.util.test.WatchDog.cancel(): canceling Tue Oct 20 15:59:17 UTC 2020
------------------ testing $PTII/ptolemy/domains/de/test/auto/MergeModel1Add.xml
auto.tcl: Setting watchdog for 200 seconds at Tue Oct 20 15:59:17 UTC 2020
28 ms. Memory: 58368K Free: 22098K (38%)
ptolemy.util.test.WatchDog.cancel(): canceling Tue Oct 20 15:59:17 UTC 2020
auto.tcl: Setting watchdog for 200 seconds at Tue Oct 20 15:59:17 UTC 2020
11 ms. Memory: 58368K Free: 20688K (35%)
ptolemy.util.test.WatchDog.cancel(): canceling Tue Oct 20 15:59:17 UTC 2020
------------------ testing $PTII/ptolemy/domains/de/test/auto/MergeModel2Add.xml
auto.tcl: Setting watchdog for 200 seconds at Tue Oct 20 15:59:17 UTC 2020
13 ms. Memory: 51200K Free: 17564K (34%)
ptolemy.util.test.WatchDog.cancel(): canceling Tue Oct 20 15:59:17 UTC 2020
auto.tcl: Setting watchdog for 200 seconds at Tue Oct 20 15:59:17 UTC 2020
10 ms. Memory: 51200K Free: 15920K (31%)
ptolemy.util.test.WatchDog.cancel(): canceling Tue Oct 20 15:59:17 UTC 2020
------------------ testing $PTII/ptolemy/domains/de/test/auto/MergeModel3Add.xml
auto.tcl: Setting watchdog for 200 seconds at Tue Oct 20 15:59:17 UTC 2020
8 ms. Memory: 51200K Free: 17337K (34%)
ptolemy.util.test.WatchDog.cancel(): canceling Tue Oct 20 15:59:17 UTC 2020
auto.tcl: Setting watchdog for 200 seconds at Tue Oct 20 15:59:17 UTC 2020
11 ms. Memory: 51200K Free: 15956K (31%)
ptolemy.util.test.WatchDog.cancel(): canceling Tue Oct 20 15:59:17 UTC 2020
------------------ testing $PTII/ptolemy/domains/de/test/auto/MergeWithoutDiscard.xml
auto.tcl: Setting watchdog for 200 seconds at Tue Oct 20 15:59:17 UTC 2020
1 ms. Memory: 51200K Free: 31649K (62%)
ptolemy.util.test.WatchDog.cancel(): canceling Tue Oct 20 15:59:17 UTC 2020
auto.tcl: Setting watchdog for 200 seconds at Tue Oct 20 15:59:17 UTC 2020
1 ms. Memory: 51200K Free: 31212K (61%)
ptolemy.util.test.WatchDog.cancel(): canceling Tue Oct 20 15:59:17 UTC 2020
------------------ testing $PTII/ptolemy/domains/de/test/auto/Modal1.xml
auto.tcl: Setting watchdog for 200 seconds at Tue Oct 20 15:59:18 UTC 2020
15 ms. Memory: 51200K Free: 23775K (46%)
ptolemy.util.test.WatchDog.cancel(): canceling Tue Oct 20 15:59:18 UTC 2020
auto.tcl: Setting watchdog for 200 seconds at Tue Oct 20 15:59:18 UTC 2020
20 ms. Memory: 51200K Free: 20315K (40%)
ptolemy.util.test.WatchDog.cancel(): canceling Tue Oct 20 15:59:18 UTC 2020
------------------ testing $PTII/ptolemy/domains/de/test/auto/Modal2.xml
auto.tcl: Setting watchdog for 200 seconds at Tue Oct 20 15:59:18 UTC 2020
15 ms. Memory: 51200K Free: 23888K (47%)
ptolemy.util.test.WatchDog.cancel(): canceling Tue Oct 20 15:59:18 UTC 2020
auto.tcl: Setting watchdog for 200 seconds at Tue Oct 20 15:59:18 UTC 2020
20 ms. Memory: 51200K Free: 20645K (40%)
ptolemy.util.test.WatchDog.cancel(): canceling Tue Oct 20 15:59:18 UTC 2020
------------------ testing $PTII/ptolemy/domains/de/test/auto/Modal3.xml
auto.tcl: Setting watchdog for 200 seconds at Tue Oct 20 15:59:18 UTC 2020
15 ms. Memory: 51200K Free: 23427K (46%)
ptolemy.util.test.WatchDog.cancel(): canceling Tue Oct 20 15:59:18 UTC 2020
auto.tcl: Setting watchdog for 200 seconds at Tue Oct 20 15:59:18 UTC 2020
17 ms. Memory: 51200K Free: 20291K (40%)
ptolemy.util.test.WatchDog.cancel(): canceling Tue Oct 20 15:59:18 UTC 2020
------------------ testing $PTII/ptolemy/domains/de/test/auto/Modal4.xml
auto.tcl: Setting watchdog for 200 seconds at Tue Oct 20 15:59:18 UTC 2020
24 ms. Memory: 51200K Free: 22873K (45%)
ptolemy.util.test.WatchDog.cancel(): canceling Tue Oct 20 15:59:18 UTC 2020
auto.tcl: Setting watchdog for 200 seconds at Tue Oct 20 15:59:18 UTC 2020
20 ms. Memory: 51200K Free: 19015K (37%)
ptolemy.util.test.WatchDog.cancel(): canceling Tue Oct 20 15:59:18 UTC 2020
------------------ testing $PTII/ptolemy/domains/de/test/auto/Modal5.xml
auto.tcl: Setting watchdog for 200 seconds at Tue Oct 20 15:59:18 UTC 2020
16 ms. Memory: 51200K Free: 22822K (45%)
ptolemy.util.test.WatchDog.cancel(): canceling Tue Oct 20 15:59:18 UTC 2020
auto.tcl: Setting watchdog for 200 seconds at Tue Oct 20 15:59:18 UTC 2020
14 ms. Memory: 51200K Free: 19002K (37%)
ptolemy.util.test.WatchDog.cancel(): canceling Tue Oct 20 15:59:18 UTC 2020
------------------ testing $PTII/ptolemy/domains/de/test/auto/Modal6.xml
auto.tcl: Setting watchdog for 200 seconds at Tue Oct 20 15:59:18 UTC 2020
16 ms. Memory: 51200K Free: 23647K (46%)
ptolemy.util.test.WatchDog.cancel(): canceling Tue Oct 20 15:59:18 UTC 2020
auto.tcl: Setting watchdog for 200 seconds at Tue Oct 20 15:59:18 UTC 2020
16 ms. Memory: 51200K Free: 19633K (38%)
ptolemy.util.test.WatchDog.cancel(): canceling Tue Oct 20 15:59:18 UTC 2020
------------------ testing $PTII/ptolemy/domains/de/test/auto/Modal7.xml
auto.tcl: Setting watchdog for 200 seconds at Tue Oct 20 15:59:18 UTC 2020
14 ms. Memory: 51200K Free: 22602K (44%)
ptolemy.util.test.WatchDog.cancel(): canceling Tue Oct 20 15:59:18 UTC 2020
auto.tcl: Setting watchdog for 200 seconds at Tue Oct 20 15:59:18 UTC 2020
10 ms. Memory: 51200K Free: 19248K (38%)
ptolemy.util.test.WatchDog.cancel(): canceling Tue Oct 20 15:59:18 UTC 2020
------------------ testing $PTII/ptolemy/domains/de/test/auto/ModalModel.xml
auto.tcl: Setting watchdog for 200 seconds at Tue Oct 20 15:59:18 UTC 2020
176 ms. Memory: 51200K Free: 12404K (24%)
ptolemy.util.test.WatchDog.cancel(): canceling Tue Oct 20 15:59:19 UTC 2020
auto.tcl: Setting watchdog for 200 seconds at Tue Oct 20 15:59:19 UTC 2020
199 ms. Memory: 67584K Free: 24457K (36%)
ptolemy.util.test.WatchDog.cancel(): canceling Tue Oct 20 15:59:19 UTC 2020
------------------ testing $PTII/ptolemy/domains/de/test/auto/ModalSource.xml
auto.tcl: Setting watchdog for 200 seconds at Tue Oct 20 15:59:19 UTC 2020
11 ms. Memory: 55296K Free: 31770K (57%)
ptolemy.util.test.WatchDog.cancel(): canceling Tue Oct 20 15:59:19 UTC 2020
auto.tcl: Setting watchdog for 200 seconds at Tue Oct 20 15:59:19 UTC 2020
6 ms. Memory: 55296K Free: 29722K (54%)
ptolemy.util.test.WatchDog.cancel(): canceling Tue Oct 20 15:59:19 UTC 2020
------------------ testing $PTII/ptolemy/domains/de/test/auto/NonInterruptibleTimerZeroDelay.xml
auto.tcl: Setting watchdog for 200 seconds at Tue Oct 20 15:59:19 UTC 2020
3 ms. Memory: 55296K Free: 36736K (66%)
ptolemy.util.test.WatchDog.cancel(): canceling Tue Oct 20 15:59:19 UTC 2020
auto.tcl: Setting watchdog for 200 seconds at Tue Oct 20 15:59:19 UTC 2020
2 ms. Memory: 55296K Free: 36053K (65%)
ptolemy.util.test.WatchDog.cancel(): canceling Tue Oct 20 15:59:19 UTC 2020
------------------ testing $PTII/ptolemy/domains/de/test/auto/OpenQueueingNetwork.xml
auto.tcl: Setting watchdog for 200 seconds at Tue Oct 20 15:59:19 UTC 2020
2735 ms. Memory: 129024K Free: 72120K (56%)
ptolemy.util.test.WatchDog.cancel(): canceling Tue Oct 20 15:59:22 UTC 2020
auto.tcl: Setting watchdog for 200 seconds at Tue Oct 20 15:59:22 UTC 2020
2293 ms. Memory: 155648K Free: 113506K (73%)
ptolemy.util.test.WatchDog.cancel(): canceling Tue Oct 20 15:59:24 UTC 2020
------------------ testing $PTII/ptolemy/domains/de/test/auto/OpenQueuingNetwork.xml
auto.tcl: Setting watchdog for 200 seconds at Tue Oct 20 15:59:24 UTC 2020
229 ms. Memory: 61440K Free: 37490K (61%)
ptolemy.util.test.WatchDog.cancel(): canceling Tue Oct 20 15:59:24 UTC 2020
auto.tcl: Setting watchdog for 200 seconds at Tue Oct 20 15:59:24 UTC 2020
223 ms. Memory: 61440K Free: 21435K (35%)
ptolemy.util.test.WatchDog.cancel(): canceling Tue Oct 20 15:59:25 UTC 2020
------------------ testing $PTII/ptolemy/domains/de/test/auto/PeriodicSampler.xml
auto.tcl: Setting watchdog for 200 seconds at Tue Oct 20 15:59:25 UTC 2020
2 ms. Memory: 55296K Free: 35903K (65%)
ptolemy.util.test.WatchDog.cancel(): canceling Tue Oct 20 15:59:25 UTC 2020
auto.tcl: Setting watchdog for 200 seconds at Tue Oct 20 15:59:25 UTC 2020
2 ms. Memory: 55296K Free: 35383K (64%)
ptolemy.util.test.WatchDog.cancel(): canceling Tue Oct 20 15:59:25 UTC 2020
------------------ testing $PTII/ptolemy/domains/de/test/auto/PersistentIO.xml
auto.tcl: Setting watchdog for 200 seconds at Tue Oct 20 15:59:25 UTC 2020
6 ms. Memory: 55296K Free: 30827K (56%)
ptolemy.util.test.WatchDog.cancel(): canceling Tue Oct 20 15:59:25 UTC 2020
auto.tcl: Setting watchdog for 200 seconds at Tue Oct 20 15:59:25 UTC 2020
5 ms. Memory: 55296K Free: 29307K (53%)
ptolemy.util.test.WatchDog.cancel(): canceling Tue Oct 20 15:59:25 UTC 2020
------------------ testing $PTII/ptolemy/domains/de/test/auto/PortParameterResetOnInitialize.xml
auto.tcl: Setting watchdog for 200 seconds at Tue Oct 20 15:59:25 UTC 2020
2 ms. Memory: 55296K Free: 35820K (65%)
ptolemy.util.test.WatchDog.cancel(): canceling Tue Oct 20 15:59:25 UTC 2020
auto.tcl: Setting watchdog for 200 seconds at Tue Oct 20 15:59:25 UTC 2020
2 ms. Memory: 55296K Free: 35316K (64%)
ptolemy.util.test.WatchDog.cancel(): canceling Tue Oct 20 15:59:25 UTC 2020
------------------ testing $PTII/ptolemy/domains/de/test/auto/PortParameterUpdates.xml
auto.tcl: Setting watchdog for 200 seconds at Tue Oct 20 15:59:25 UTC 2020
3 ms. Memory: 55296K Free: 33896K (61%)
ptolemy.util.test.WatchDog.cancel(): canceling Tue Oct 20 15:59:25 UTC 2020
auto.tcl: Setting watchdog for 200 seconds at Tue Oct 20 15:59:25 UTC 2020
4 ms. Memory: 55296K Free: 32886K (59%)
ptolemy.util.test.WatchDog.cancel(): canceling Tue Oct 20 15:59:25 UTC 2020
------------------ testing $PTII/ptolemy/domains/de/test/auto/QueueAndServer.xml
auto.tcl: Setting watchdog for 200 seconds at Tue Oct 20 15:59:25 UTC 2020
14 ms. Memory: 51200K Free: 28754K (56%)
ptolemy.util.test.WatchDog.cancel(): canceling Tue Oct 20 15:59:25 UTC 2020
auto.tcl: Setting watchdog for 200 seconds at Tue Oct 20 15:59:25 UTC 2020
8 ms. Memory: 51200K Free: 27220K (53%)
ptolemy.util.test.WatchDog.cancel(): canceling Tue Oct 20 15:59:25 UTC 2020
------------------ testing $PTII/ptolemy/domains/de/test/auto/Records.xml
auto.tcl: Setting watchdog for 200 seconds at Tue Oct 20 15:59:25 UTC 2020
10 ms. Memory: 51200K Free: 30959K (60%)
ptolemy.util.test.WatchDog.cancel(): canceling Tue Oct 20 15:59:25 UTC 2020
auto.tcl: Setting watchdog for 200 seconds at Tue Oct 20 15:59:25 UTC 2020
3 ms. Memory: 51200K Free: 30447K (59%)
ptolemy.util.test.WatchDog.cancel(): canceling Tue Oct 20 15:59:25 UTC 2020
------------------ testing $PTII/ptolemy/domains/de/test/auto/ResetTransitionWithStartTime1.xml
auto.tcl: Setting watchdog for 200 seconds at Tue Oct 20 15:59:25 UTC 2020
7 ms. Memory: 51200K Free: 28215K (55%)
ptolemy.util.test.WatchDog.cancel(): canceling Tue Oct 20 15:59:25 UTC 2020
auto.tcl: Setting watchdog for 200 seconds at Tue Oct 20 15:59:25 UTC 2020
7 ms. Memory: 51200K Free: 25623K (50%)
ptolemy.util.test.WatchDog.cancel(): canceling Tue Oct 20 15:59:25 UTC 2020
------------------ testing $PTII/ptolemy/domains/de/test/auto/ResetTransitionWithStartTime2.xml
auto.tcl: Setting watchdog for 200 seconds at Tue Oct 20 15:59:25 UTC 2020
6 ms. Memory: 51200K Free: 28171K (55%)
ptolemy.util.test.WatchDog.cancel(): canceling Tue Oct 20 15:59:25 UTC 2020
auto.tcl: Setting watchdog for 200 seconds at Tue Oct 20 15:59:25 UTC 2020
6 ms. Memory: 51200K Free: 26123K (51%)
ptolemy.util.test.WatchDog.cancel(): canceling Tue Oct 20 15:59:25 UTC 2020
------------------ testing $PTII/ptolemy/domains/de/test/auto/ResetTransitionWithStartTime3.xml
auto.tcl: Setting watchdog for 200 seconds at Tue Oct 20 15:59:25 UTC 2020
7 ms. Memory: 51200K Free: 28169K (55%)
ptolemy.util.test.WatchDog.cancel(): canceling Tue Oct 20 15:59:25 UTC 2020
auto.tcl: Setting watchdog for 200 seconds at Tue Oct 20 15:59:25 UTC 2020
7 ms. Memory: 51200K Free: 25593K (50%)
ptolemy.util.test.WatchDog.cancel(): canceling Tue Oct 20 15:59:25 UTC 2020
------------------ testing $PTII/ptolemy/domains/de/test/auto/ResetTransitionWithStartTime4.xml
auto.tcl: Setting watchdog for 200 seconds at Tue Oct 20 15:59:25 UTC 2020
7 ms. Memory: 51200K Free: 28616K (56%)
ptolemy.util.test.WatchDog.cancel(): canceling Tue Oct 20 15:59:25 UTC 2020
auto.tcl: Setting watchdog for 200 seconds at Tue Oct 20 15:59:25 UTC 2020
4 ms. Memory: 51200K Free: 27144K (53%)
ptolemy.util.test.WatchDog.cancel(): canceling Tue Oct 20 15:59:25 UTC 2020
------------------ testing $PTII/ptolemy/domains/de/test/auto/ResettableTimer1.xml
auto.tcl: Setting watchdog for 200 seconds at Tue Oct 20 15:59:25 UTC 2020
3 ms. Memory: 51200K Free: 32384K (63%)
ptolemy.util.test.WatchDog.cancel(): canceling Tue Oct 20 15:59:26 UTC 2020
auto.tcl: Setting watchdog for 200 seconds at Tue Oct 20 15:59:26 UTC 2020
3 ms. Memory: 51200K Free: 31703K (62%)
ptolemy.util.test.WatchDog.cancel(): canceling Tue Oct 20 15:59:26 UTC 2020
------------------ testing $PTII/ptolemy/domains/de/test/auto/ResettableTimer2.xml
auto.tcl: Setting watchdog for 200 seconds at Tue Oct 20 15:59:26 UTC 2020
2 ms. Memory: 51200K Free: 32441K (63%)
ptolemy.util.test.WatchDog.cancel(): canceling Tue Oct 20 15:59:26 UTC 2020
auto.tcl: Setting watchdog for 200 seconds at Tue Oct 20 15:59:26 UTC 2020
2 ms. Memory: 51200K Free: 31792K (62%)
ptolemy.util.test.WatchDog.cancel(): canceling Tue Oct 20 15:59:26 UTC 2020
------------------ testing $PTII/ptolemy/domains/de/test/auto/ResettableTimer3.xml
auto.tcl: Setting watchdog for 200 seconds at Tue Oct 20 15:59:26 UTC 2020
1 ms. Memory: 51200K Free: 32812K (64%)
ptolemy.util.test.WatchDog.cancel(): canceling Tue Oct 20 15:59:26 UTC 2020
auto.tcl: Setting watchdog for 200 seconds at Tue Oct 20 15:59:26 UTC 2020
1 ms. Memory: 51200K Free: 32302K (63%)
ptolemy.util.test.WatchDog.cancel(): canceling Tue Oct 20 15:59:26 UTC 2020
------------------ testing $PTII/ptolemy/domains/de/test/auto/ResettableTimer4.xml
auto.tcl: Setting watchdog for 200 seconds at Tue Oct 20 15:59:26 UTC 2020
4 ms. Memory: 51200K Free: 32812K (64%)
ptolemy.util.test.WatchDog.cancel(): canceling Tue Oct 20 15:59:26 UTC 2020
auto.tcl: Setting watchdog for 200 seconds at Tue Oct 20 15:59:26 UTC 2020
1 ms. Memory: 51200K Free: 32316K (63%)
ptolemy.util.test.WatchDog.cancel(): canceling Tue Oct 20 15:59:26 UTC 2020
------------------ testing $PTII/ptolemy/domains/de/test/auto/ResettableTimer5.xml
auto.tcl: Setting watchdog for 200 seconds at Tue Oct 20 15:59:26 UTC 2020
2 ms. Memory: 51200K Free: 32314K (63%)
ptolemy.util.test.WatchDog.cancel(): canceling Tue Oct 20 15:59:26 UTC 2020
auto.tcl: Setting watchdog for 200 seconds at Tue Oct 20 15:59:26 UTC 2020
1 ms. Memory: 51200K Free: 31803K (62%)
ptolemy.util.test.WatchDog.cancel(): canceling Tue Oct 20 15:59:26 UTC 2020
------------------ testing $PTII/ptolemy/domains/de/test/auto/ResettableTimer6.xml
auto.tcl: Setting watchdog for 200 seconds at Tue Oct 20 15:59:26 UTC 2020
1 ms. Memory: 51200K Free: 31790K (62%)
ptolemy.util.test.WatchDog.cancel(): canceling Tue Oct 20 15:59:26 UTC 2020
auto.tcl: Setting watchdog for 200 seconds at Tue Oct 20 15:59:26 UTC 2020
1 ms. Memory: 51200K Free: 31280K (61%)
ptolemy.util.test.WatchDog.cancel(): canceling Tue Oct 20 15:59:26 UTC 2020
------------------ testing $PTII/ptolemy/domains/de/test/auto/ServerZeroDelay.xml
auto.tcl: Setting watchdog for 200 seconds at Tue Oct 20 15:59:26 UTC 2020
5 ms. Memory: 51200K Free: 32295K (63%)
ptolemy.util.test.WatchDog.cancel(): canceling Tue Oct 20 15:59:26 UTC 2020
auto.tcl: Setting watchdog for 200 seconds at Tue Oct 20 15:59:26 UTC 2020
2 ms. Memory: 51200K Free: 31271K (61%)
ptolemy.util.test.WatchDog.cancel(): canceling Tue Oct 20 15:59:26 UTC 2020
------------------ testing $PTII/ptolemy/domains/de/test/auto/SmartSender.xml
auto.tcl: Setting watchdog for 200 seconds at Tue Oct 20 15:59:26 UTC 2020
3001 ms. Memory: 51200K Free: 32290K (63%)
ptolemy.util.test.WatchDog.cancel(): canceling Tue Oct 20 15:59:29 UTC 2020
auto.tcl: Setting watchdog for 200 seconds at Tue Oct 20 15:59:29 UTC 2020
3002 ms. Memory: 51200K Free: 31779K (62%)
ptolemy.util.test.WatchDog.cancel(): canceling Tue Oct 20 15:59:32 UTC 2020
------------------ testing $PTII/ptolemy/domains/de/test/auto/ThreadedComposite.xml
auto.tcl: Setting watchdog for 200 seconds at Tue Oct 20 15:59:32 UTC 2020
223 ms. Memory: 51200K Free: 12334K (24%)
ptolemy.util.test.WatchDog.cancel(): canceling Tue Oct 20 15:59:32 UTC 2020
auto.tcl: Setting watchdog for 200 seconds at Tue Oct 20 15:59:32 UTC 2020
294 ms. Memory: 51200K Free: 14223K (28%)
ptolemy.util.test.WatchDog.cancel(): canceling Tue Oct 20 15:59:33 UTC 2020
------------------ testing $PTII/ptolemy/domains/de/test/auto/Time.xml
auto.tcl: Setting watchdog for 200 seconds at Tue Oct 20 15:59:33 UTC 2020
423 ms. Memory: 51200K Free: 9335K (18%)
ptolemy.util.test.WatchDog.cancel(): canceling Tue Oct 20 15:59:33 UTC 2020
auto.tcl: Setting watchdog for 200 seconds at Tue Oct 20 15:59:33 UTC 2020
406 ms. Memory: 51200K Free: 14159K (28%)
ptolemy.util.test.WatchDog.cancel(): canceling Tue Oct 20 15:59:33 UTC 2020
------------------ testing $PTII/ptolemy/domains/de/test/auto/TimeDelayZeroDelay.xml
auto.tcl: Setting watchdog for 200 seconds at Tue Oct 20 15:59:34 UTC 2020
3 ms. Memory: 51200K Free: 32716K (64%)
ptolemy.util.test.WatchDog.cancel(): canceling Tue Oct 20 15:59:34 UTC 2020
auto.tcl: Setting watchdog for 200 seconds at Tue Oct 20 15:59:34 UTC 2020
2 ms. Memory: 51200K Free: 31821K (62%)
ptolemy.util.test.WatchDog.cancel(): canceling Tue Oct 20 15:59:34 UTC 2020
------------------ testing $PTII/ptolemy/domains/de/test/auto/TimerZeroDelay.xml
auto.tcl: Setting watchdog for 200 seconds at Tue Oct 20 15:59:34 UTC 2020
3 ms. Memory: 51200K Free: 32689K (64%)
ptolemy.util.test.WatchDog.cancel(): canceling Tue Oct 20 15:59:34 UTC 2020
auto.tcl: Setting watchdog for 200 seconds at Tue Oct 20 15:59:34 UTC 2020
2 ms. Memory: 51200K Free: 31863K (62%)
ptolemy.util.test.WatchDog.cancel(): canceling Tue Oct 20 15:59:34 UTC 2020
------------------ testing $PTII/ptolemy/domains/de/test/auto/TimingParadox.xml
auto.tcl: Setting watchdog for 200 seconds at Tue Oct 20 15:59:34 UTC 2020
295 ms. Memory: 66560K Free: 45446K (68%)
ptolemy.util.test.WatchDog.cancel(): canceling Tue Oct 20 15:59:34 UTC 2020
auto.tcl: Setting watchdog for 200 seconds at Tue Oct 20 15:59:34 UTC 2020
279 ms. Memory: 66560K Free: 46914K (70%)
ptolemy.util.test.WatchDog.cancel(): canceling Tue Oct 20 15:59:34 UTC 2020
------------------ testing $PTII/ptolemy/domains/de/test/auto/TransferInputs.xml
auto.tcl: Setting watchdog for 200 seconds at Tue Oct 20 15:59:34 UTC 2020
2 ms. Memory: 55296K Free: 34811K (63%)
ptolemy.util.test.WatchDog.cancel(): canceling Tue Oct 20 15:59:34 UTC 2020
auto.tcl: Setting watchdog for 200 seconds at Tue Oct 20 15:59:34 UTC 2020
2 ms. Memory: 55296K Free: 33898K (61%)
ptolemy.util.test.WatchDog.cancel(): canceling Tue Oct 20 15:59:34 UTC 2020
------------------ testing $PTII/ptolemy/domains/de/test/auto/TransferOutputs2.xml
auto.tcl: Setting watchdog for 200 seconds at Tue Oct 20 15:59:34 UTC 2020
12 ms. Memory: 55296K Free: 32269K (58%)
ptolemy.util.test.WatchDog.cancel(): canceling Tue Oct 20 15:59:35 UTC 2020
auto.tcl: Setting watchdog for 200 seconds at Tue Oct 20 15:59:35 UTC 2020
3 ms. Memory: 55296K Free: 30826K (56%)
ptolemy.util.test.WatchDog.cancel(): canceling Tue Oct 20 15:59:35 UTC 2020
------------------ testing $PTII/ptolemy/domains/de/test/auto/Trilateration.xml
auto.tcl: Setting watchdog for 200 seconds at Tue Oct 20 15:59:35 UTC 2020
13391 ms. Memory: 490496K Free: 244712K (50%)
ptolemy.util.test.WatchDog.cancel(): canceling Tue Oct 20 15:59:49 UTC 2020
auto.tcl: Setting watchdog for 200 seconds at Tue Oct 20 15:59:49 UTC 2020
9867 ms. Memory: 490496K Free: 233676K (48%)
ptolemy.util.test.WatchDog.cancel(): canceling Tue Oct 20 15:59:59 UTC 2020
------------------ testing $PTII/ptolemy/domains/de/test/auto/TwoSigmaDelta.xml
auto.tcl: Setting watchdog for 200 seconds at Tue Oct 20 15:59:59 UTC 2020
2252 ms. Memory: 92160K Free: 19182K (21%)
ptolemy.util.test.WatchDog.cancel(): canceling Tue Oct 20 16:00:01 UTC 2020
auto.tcl: Setting watchdog for 200 seconds at Tue Oct 20 16:00:01 UTC 2020
2038 ms. Memory: 92160K Free: 14553K (16%)
ptolemy.util.test.WatchDog.cancel(): canceling Tue Oct 20 16:00:03 UTC 2020
------------------ testing $PTII/ptolemy/domains/de/test/auto/VariableDelay.xml
auto.tcl: Setting watchdog for 200 seconds at Tue Oct 20 16:00:03 UTC 2020
2 ms. Memory: 55296K Free: 35311K (64%)
ptolemy.util.test.WatchDog.cancel(): canceling Tue Oct 20 16:00:04 UTC 2020
auto.tcl: Setting watchdog for 200 seconds at Tue Oct 20 16:00:04 UTC 2020
2 ms. Memory: 55296K Free: 34303K (62%)
ptolemy.util.test.WatchDog.cancel(): canceling Tue Oct 20 16:00:04 UTC 2020
------------------ testing $PTII/ptolemy/domains/de/test/auto/VariableDelay2.xml
auto.tcl: Setting watchdog for 200 seconds at Tue Oct 20 16:00:04 UTC 2020
3 ms. Memory: 55296K Free: 36253K (66%)
ptolemy.util.test.WatchDog.cancel(): canceling Tue Oct 20 16:00:04 UTC 2020
auto.tcl: Setting watchdog for 200 seconds at Tue Oct 20 16:00:04 UTC 2020
2 ms. Memory: 55296K Free: 35229K (64%)
ptolemy.util.test.WatchDog.cancel(): canceling Tue Oct 20 16:00:04 UTC 2020
------------------ testing $PTII/ptolemy/domains/de/test/auto/VariableDelayZeroDelay.xml
auto.tcl: Setting watchdog for 200 seconds at Tue Oct 20 16:00:04 UTC 2020
2 ms. Memory: 55296K Free: 36253K (66%)
ptolemy.util.test.WatchDog.cancel(): canceling Tue Oct 20 16:00:04 UTC 2020
auto.tcl: Setting watchdog for 200 seconds at Tue Oct 20 16:00:04 UTC 2020
2 ms. Memory: 55296K Free: 35725K (65%)
ptolemy.util.test.WatchDog.cancel(): canceling Tue Oct 20 16:00:04 UTC 2020
------------------ testing $PTII/ptolemy/domains/de/test/auto/VariableDelayZeroDelay2.xml
auto.tcl: Setting watchdog for 200 seconds at Tue Oct 20 16:00:04 UTC 2020
2 ms. Memory: 55296K Free: 36252K (66%)
ptolemy.util.test.WatchDog.cancel(): canceling Tue Oct 20 16:00:04 UTC 2020
auto.tcl: Setting watchdog for 200 seconds at Tue Oct 20 16:00:04 UTC 2020
2 ms. Memory: 55296K Free: 35228K (64%)
ptolemy.util.test.WatchDog.cancel(): canceling Tue Oct 20 16:00:04 UTC 2020
------------------ testing $PTII/ptolemy/domains/de/test/auto/deInCt.xml
auto.tcl: Setting watchdog for 200 seconds at Tue Oct 20 16:00:04 UTC 2020
0
1
1
1
0
0
0
1
1
1
0
0
1
1
0
0
0
1
1
1
0
0
0
0
1
1
1
0
0
0
1
1
1
0
0
0
0
1
1
1
0
0
0
1
1
1
0
0
0
1
1
1
1
9 ms. Memory: 55296K Free: 35224K (64%)
ptolemy.util.test.WatchDog.cancel(): canceling Tue Oct 20 16:00:04 UTC 2020
auto.tcl: Setting watchdog for 200 seconds at Tue Oct 20 16:00:04 UTC 2020
0
1
1
1
0
0
0
0
1
1
1
0
0
0
1
1
1
0
0
0
0
0
1
1
1
1
1
0
0
0
0
1
1
1
0
0
0
1
1
1
1
8 ms. Memory: 55296K Free: 33686K (61%)
ptolemy.util.test.WatchDog.cancel(): canceling Tue Oct 20 16:00:04 UTC 2020
------------------ testing $PTII/ptolemy/domains/de/test/auto/deInCt2.xml
auto.tcl: Setting watchdog for 200 seconds at Tue Oct 20 16:00:04 UTC 2020
0
1
1
1
0
0
1
1
1
0
0
1
1
1
0
0
1
1
1
0
0
1
1
1
0
0
1
1
1
0
0
1
1
1
0
0
1
1
1
0
0
0
12 ms. Memory: 55296K Free: 35227K (64%)
ptolemy.util.test.WatchDog.cancel(): canceling Tue Oct 20 16:00:04 UTC 2020
auto.tcl: Setting watchdog for 200 seconds at Tue Oct 20 16:00:04 UTC 2020
0
1
1
1
0
0
1
1
1
0
0
1
1
1
0
0
1
1
1
0
0
1
1
1
0
0
1
1
1
0
0
1
1
1
0
0
1
1
1
0
0
0
5 ms. Memory: 55296K Free: 33675K (61%)
ptolemy.util.test.WatchDog.cancel(): canceling Tue Oct 20 16:00:04 UTC 2020
------------------ testing $PTII/ptolemy/domains/de/test/auto/dynamicCausalityInterface1.xml
auto.tcl: Setting watchdog for 200 seconds at Tue Oct 20 16:00:04 UTC 2020
1 ms. Memory: 55296K Free: 31125K (56%)
ptolemy.util.test.WatchDog.cancel(): canceling Tue Oct 20 16:00:04 UTC 2020
auto.tcl: Setting watchdog for 200 seconds at Tue Oct 20 16:00:04 UTC 2020
1 ms. Memory: 55296K Free: 30611K (55%)
ptolemy.util.test.WatchDog.cancel(): canceling Tue Oct 20 16:00:04 UTC 2020
------------------ testing $PTII/ptolemy/domains/de/test/auto/fsm_de_test.xml
auto.tcl: Setting watchdog for 200 seconds at Tue Oct 20 16:00:04 UTC 2020
11 ms. Memory: 55296K Free: 31023K (56%)
ptolemy.util.test.WatchDog.cancel(): canceling Tue Oct 20 16:00:04 UTC 2020
auto.tcl: Setting watchdog for 200 seconds at Tue Oct 20 16:00:04 UTC 2020
10 ms. Memory: 55296K Free: 28975K (52%)
ptolemy.util.test.WatchDog.cancel(): canceling Tue Oct 20 16:00:04 UTC 2020
------------------ testing $PTII/ptolemy/domains/de/test/auto/functionDependencyReconstruction.xml
auto.tcl: Setting watchdog for 200 seconds at Tue Oct 20 16:00:04 UTC 2020
3 ms. Memory: 55296K Free: 24891K (45%)
ptolemy.util.test.WatchDog.cancel(): canceling Tue Oct 20 16:00:04 UTC 2020
auto.tcl: Setting watchdog for 200 seconds at Tue Oct 20 16:00:04 UTC 2020
3 ms. Memory: 55296K Free: 22821K (41%)
ptolemy.util.test.WatchDog.cancel(): canceling Tue Oct 20 16:00:04 UTC 2020
------------------ testing $PTII/ptolemy/domains/de/test/auto/multirate.xml
auto.tcl: Setting watchdog for 200 seconds at Tue Oct 20 16:00:04 UTC 2020
3 ms. Memory: 55296K Free: 33633K (61%)
ptolemy.util.test.WatchDog.cancel(): canceling Tue Oct 20 16:00:04 UTC 2020
auto.tcl: Setting watchdog for 200 seconds at Tue Oct 20 16:00:04 UTC 2020
2 ms. Memory: 55296K Free: 31919K (58%)
ptolemy.util.test.WatchDog.cancel(): canceling Tue Oct 20 16:00:04 UTC 2020
------------------ testing $PTII/ptolemy/domains/de/test/auto/multirate2.xml
auto.tcl: Setting watchdog for 200 seconds at Tue Oct 20 16:00:04 UTC 2020
5 ms. Memory: 55296K Free: 33782K (61%)
ptolemy.util.test.WatchDog.cancel(): canceling Tue Oct 20 16:00:04 UTC 2020
auto.tcl: Setting watchdog for 200 seconds at Tue Oct 20 16:00:04 UTC 2020
3 ms. Memory: 55296K Free: 32100K (58%)
ptolemy.util.test.WatchDog.cancel(): canceling Tue Oct 20 16:00:04 UTC 2020
------------------ testing $PTII/ptolemy/domains/de/test/auto/realtime.xml
auto.tcl: Setting watchdog for 200 seconds at Tue Oct 20 16:00:04 UTC 2020
10001 ms. Memory: 55296K Free: 35875K (65%)
ptolemy.util.test.WatchDog.cancel(): canceling Tue Oct 20 16:00:14 UTC 2020
auto.tcl: Setting watchdog for 200 seconds at Tue Oct 20 16:00:14 UTC 2020
10001 ms. Memory: 55296K Free: 35170K (64%)
ptolemy.util.test.WatchDog.cancel(): canceling Tue Oct 20 16:00:24 UTC 2020
------------------ testing $PTII/ptolemy/domains/de/test/auto/relationGroup.xml
auto.tcl: Setting watchdog for 200 seconds at Tue Oct 20 16:00:24 UTC 2020
2 ms. Memory: 55296K Free: 36955K (67%)
ptolemy.util.test.WatchDog.cancel(): canceling Tue Oct 20 16:00:24 UTC 2020
auto.tcl: Setting watchdog for 200 seconds at Tue Oct 20 16:00:24 UTC 2020
3 ms. Memory: 55296K Free: 36250K (66%)
ptolemy.util.test.WatchDog.cancel(): canceling Tue Oct 20 16:00:24 UTC 2020
------------------ testing $PTII/ptolemy/domains/de/test/auto/relationGroup2.xml
auto.tcl: Setting watchdog for 200 seconds at Tue Oct 20 16:00:24 UTC 2020
2 ms. Memory: 55296K Free: 36981K (67%)
ptolemy.util.test.WatchDog.cancel(): canceling Tue Oct 20 16:00:24 UTC 2020
auto.tcl: Setting watchdog for 200 seconds at Tue Oct 20 16:00:24 UTC 2020
2 ms. Memory: 55296K Free: 36276K (66%)
ptolemy.util.test.WatchDog.cancel(): canceling Tue Oct 20 16:00:24 UTC 2020
------------------ testing $PTII/ptolemy/domains/de/test/auto/sortWithOpaquePorts.xml
auto.tcl: Setting watchdog for 200 seconds at Tue Oct 20 16:00:25 UTC 2020
2 ms. Memory: 55296K Free: 35749K (65%)
ptolemy.util.test.WatchDog.cancel(): canceling Tue Oct 20 16:00:25 UTC 2020
auto.tcl: Setting watchdog for 200 seconds at Tue Oct 20 16:00:25 UTC 2020
3 ms. Memory: 55296K Free: 34725K (63%)
ptolemy.util.test.WatchDog.cancel(): canceling Tue Oct 20 16:00:25 UTC 2020
------------------ testing $PTII/ptolemy/domains/de/test/auto/transferInputsandOutputs.xml
auto.tcl: Setting watchdog for 200 seconds at Tue Oct 20 16:00:25 UTC 2020
6 ms. Memory: 55296K Free: 33193K (60%)
ptolemy.util.test.WatchDog.cancel(): canceling Tue Oct 20 16:00:25 UTC 2020
auto.tcl: Setting watchdog for 200 seconds at Tue Oct 20 16:00:25 UTC 2020
4 ms. Memory: 55296K Free: 32169K (58%)
ptolemy.util.test.WatchDog.cancel(): canceling Tue Oct 20 16:00:25 UTC 2020
------------------ testing $PTII/ptolemy/domains/de/test/auto/triggerType.xml
auto.tcl: Setting watchdog for 200 seconds at Tue Oct 20 16:00:25 UTC 2020
2 ms. Memory: 51200K Free: 32122K (63%)
ptolemy.util.test.WatchDog.cancel(): canceling Tue Oct 20 16:00:25 UTC 2020
auto.tcl: Setting watchdog for 200 seconds at Tue Oct 20 16:00:25 UTC 2020
2 ms. Memory: 51200K Free: 31098K (61%)
ptolemy.util.test.WatchDog.cancel(): canceling Tue Oct 20 16:00:25 UTC 2020
10/20/20 04:00:25
Failed: 0  Total Tests: 192  ((Passed: 187, Newly Passed: 1)  Known Failed: 5) /home/travis/build/icyphy/ptII/ptolemy/domains/de/test
10/20/20 04:00:25
Failed: 0  Total Tests: 192  ((Passed: 187, Newly Passed: 1)  Known Failed: 5) /home/travis/build/icyphy/ptII/ptolemy/domains/de/test
----------------- testing (KnownFailure) /home/travis/build/icyphy/ptII/ptolemy/domains/de/test/auto/knownFailedTests/DESDFClockTest.xml
2014 ms. Memory: 51200K Free: 25517K (50%)
Known Failure: java.lang.reflect.InvocationTargetException
----------------- testing (KnownFailure) /home/travis/build/icyphy/ptII/ptolemy/domains/de/test/auto/knownFailedTests/DirectFeedback.xml
5 ms. Memory: 51200K Free: 21935K (43%)
Known Failure: java.lang.reflect.InvocationTargetException
----------------- testing (KnownFailure) /home/travis/build/icyphy/ptII/ptolemy/domains/de/test/auto/knownFailedTests/FSMSource.xml
23 ms. Memory: 51200K Free: 14239K (28%)
----------------- testing (KnownFailure) /home/travis/build/icyphy/ptII/ptolemy/domains/de/test/auto/knownFailedTests/HierarchicalModel.xml
3 ms. Memory: 51200K Free: 26549K (52%)
Known Failure: java.lang.reflect.InvocationTargetException
----------------- testing (KnownFailure) /home/travis/build/icyphy/ptII/ptolemy/domains/de/test/auto/knownFailedTests/dependencyLoop.xml
3 ms. Memory: 51200K Free: 11319K (22%)
Known Failure: java.lang.reflect.InvocationTargetException
----------------- testing (KnownFailure) /home/travis/build/icyphy/ptII/ptolemy/domains/de/test/auto/knownFailedTests/dependencyLoop2.xml
6 ms. Memory: 51200K Free: 24219K (47%)
Known Failure: java.lang.reflect.InvocationTargetException
No auto/linux-amd64/*.xml tests in /home/travis/build/icyphy/ptII/ptolemy/domains/de/test
AutoTests.java: About to close Vertx.
AutoTests.java: Vertx closed.

===========================================================================================
----------------- testing Tue Oct 20 16:00:27 UTC 2020 /home/travis/build/icyphy/ptII/ptolemy/domains/de/test/auto/ActorDepthCalculation_actorWithoutPorts.xml
----------------- Instantiating /home/travis/build/icyphy/ptII/ptolemy/domains/de/test/auto/ActorDepthCalculation_actorWithoutPorts.xml
1 ms. Memory: 51200K Free: 17490K (34%)
----------------- Invoking toplevel() on ptolemy.moml.MoMLSimpleApplication@cc509cc
----------------- Done invoking toplevel() on ptolemy.moml.MoMLSimpleApplication@cc509cc
reloadAllAccessors: .ActorDepthCalculation_actorWithoutPorts

===========================================================================================
----------------- testing Tue Oct 20 16:00:27 UTC 2020 /home/travis/build/icyphy/ptII/ptolemy/domains/de/test/auto/AssemblyLine.xml
----------------- Instantiating /home/travis/build/icyphy/ptII/ptolemy/domains/de/test/auto/AssemblyLine.xml
3 ms. Memory: 51200K Free: 10607K (21%)
----------------- Invoking toplevel() on ptolemy.moml.MoMLSimpleApplication@f8989b9
----------------- Done invoking toplevel() on ptolemy.moml.MoMLSimpleApplication@f8989b9
reloadAllAccessors: .AssemblyLine

===========================================================================================
----------------- testing Tue Oct 20 16:00:27 UTC 2020 /home/travis/build/icyphy/ptII/ptolemy/domains/de/test/auto/CQBug1.xml
----------------- Instantiating /home/travis/build/icyphy/ptII/ptolemy/domains/de/test/auto/CQBug1.xml
1 ms. Memory: 51200K Free: 35170K (69%)
----------------- Invoking toplevel() on ptolemy.moml.MoMLSimpleApplication@571cfd21
----------------- Done invoking toplevel() on ptolemy.moml.MoMLSimpleApplication@571cfd21
reloadAllAccessors: .CQBug1

===========================================================================================
----------------- testing Tue Oct 20 16:00:27 UTC 2020 /home/travis/build/icyphy/ptII/ptolemy/domains/de/test/auto/CancelFireAt.xml
----------------- Instantiating /home/travis/build/icyphy/ptII/ptolemy/domains/de/test/auto/CancelFireAt.xml
2 ms. Memory: 51200K Free: 32604K (64%)
----------------- Invoking toplevel() on ptolemy.moml.MoMLSimpleApplication@47294cbe
----------------- Done invoking toplevel() on ptolemy.moml.MoMLSimpleApplication@47294cbe
reloadAllAccessors: .CancelFireAt

===========================================================================================
----------------- testing Tue Oct 20 16:00:27 UTC 2020 /home/travis/build/icyphy/ptII/ptolemy/domains/de/test/auto/CausalityAndComposabilityAnalysis.xml
----------------- Instantiating /home/travis/build/icyphy/ptII/ptolemy/domains/de/test/auto/CausalityAndComposabilityAnalysis.xml
2 ms. Memory: 51200K Free: 28176K (55%)
----------------- Invoking toplevel() on ptolemy.moml.MoMLSimpleApplication@1323afca
----------------- Done invoking toplevel() on ptolemy.moml.MoMLSimpleApplication@1323afca
reloadAllAccessors: .CausalityAndComposabilityAnalysis

===========================================================================================
----------------- testing Tue Oct 20 16:00:27 UTC 2020 /home/travis/build/icyphy/ptII/ptolemy/domains/de/test/auto/CausalityInterface1.xml
----------------- Instantiating /home/travis/build/icyphy/ptII/ptolemy/domains/de/test/auto/CausalityInterface1.xml
6 ms. Memory: 51200K Free: 23112K (45%)
----------------- Invoking toplevel() on ptolemy.moml.MoMLSimpleApplication@52746ff
----------------- Done invoking toplevel() on ptolemy.moml.MoMLSimpleApplication@52746ff
reloadAllAccessors: .CausalityInterface1

===========================================================================================
----------------- testing Tue Oct 20 16:00:27 UTC 2020 /home/travis/build/icyphy/ptII/ptolemy/domains/de/test/auto/CausalityInterface15.xml
----------------- Instantiating /home/travis/build/icyphy/ptII/ptolemy/domains/de/test/auto/CausalityInterface15.xml
1 ms. Memory: 51200K Free: 17691K (35%)
----------------- Invoking toplevel() on ptolemy.moml.MoMLSimpleApplication@38b08f54
----------------- Done invoking toplevel() on ptolemy.moml.MoMLSimpleApplication@38b08f54
reloadAllAccessors: .CausalityInterface15

===========================================================================================
----------------- testing Tue Oct 20 16:00:27 UTC 2020 /home/travis/build/icyphy/ptII/ptolemy/domains/de/test/auto/CausalityInterface2.xml
----------------- Instantiating /home/travis/build/icyphy/ptII/ptolemy/domains/de/test/auto/CausalityInterface2.xml
2 ms. Memory: 51200K Free: 13108K (26%)
[...]
	at ptolemy.actor.Manager.run(Manager.java:1263)
	at ptolemy.actor.Manager$PtolemyRunThread.run(Manager.java:1933)
java.lang.RuntimeException: Execution failed
	at ptolemy.moml.MoMLSimpleApplication$UnloadThread.run(MoMLSimpleApplication.java:402)
Caused by: ptolemy.kernel.util.IllegalActionException: Actor is not ready to fire.  Perhaps UpSample.prefire() returned false? Try debugging the actor by selecting "Listen to Actor".  Also, for SDF check moml for tokenConsumptionRate on input.
  in .DESDFClockTest.Play Bell.Copy1:SDF Director and .DESDFClockTest.Play Bell.UpSample
	at ptolemy.actor.sched.StaticSchedulingDirector.fire(StaticSchedulingDirector.java:227)
	at ptolemy.domains.sdf.kernel.SDFDirector.fire(SDFDirector.java:500)
	at ptolemy.actor.CompositeActor.fire(CompositeActor.java:455)
	at ptolemy.domains.de.kernel.DEDirector._fire(DEDirector.java:1949)
	at ptolemy.domains.de.kernel.DEDirector.fire(DEDirector.java:502)
	at ptolemy.actor.CompositeActor.fire(CompositeActor.java:455)
	at ptolemy.actor.Manager.iterate(Manager.java:851)
	at ptolemy.actor.Manager.execute(Manager.java:369)
	at ptolemy.actor.Manager.run(Manager.java:1263)
	at ptolemy.actor.Manager$PtolemyRunThread.run(Manager.java:1933)
java.lang.reflect.InvocationTargetException
	at java.base/jdk.internal.reflect.NativeConstructorAccessorImpl.newInstance0(Native Method)
	at java.base/jdk.internal.reflect.NativeConstructorAccessorImpl.newInstance(NativeConstructorAccessorImpl.java:62)
	at java.base/jdk.internal.reflect.DelegatingConstructorAccessorImpl.newInstance(DelegatingConstructorAccessorImpl.java:45)
	at java.base/java.lang.reflect.Constructor.newInstance(Constructor.java:490)
	at ptolemy.util.test.junit.AutoKnownFailedTests.RunModel(AutoKnownFailedTests.java:105)
	at java.base/jdk.internal.reflect.NativeMethodAccessorImpl.invoke0(Native Method)
	at java.base/jdk.internal.reflect.NativeMethodAccessorImpl.invoke(NativeMethodAccessorImpl.java:62)
	at java.base/jdk.internal.reflect.DelegatingMethodAccessorImpl.invoke(DelegatingMethodAccessorImpl.java:43)
	at java.base/java.lang.reflect.Method.invoke(Method.java:566)
	at org.junit.runners.model.FrameworkMethod$1.runReflectiveCall(FrameworkMethod.java:44)
	at org.junit.internal.runners.model.ReflectiveCallable.run(ReflectiveCallable.java:15)
	at org.junit.runners.model.FrameworkMethod.invokeExplosively(FrameworkMethod.java:41)
	at junitparams.internal.InvokeParameterisedMethod.evaluate(InvokeParameterisedMethod.java:102)
	at org.junit.internal.runners.statements.FailOnTimeout$1.run(FailOnTimeout.java:28)
Caused by: ptolemy.kernel.util.IllegalActionException: Actor is not ready to fire.  Perhaps UpSample.prefire() returned false? Try debugging the actor by selecting "Listen to Actor".  Also, for SDF check moml for tokenConsumptionRate on input.
  in .DESDFClockTest.Play Bell.Copy1:SDF Director and .DESDFClockTest.Play Bell.UpSample
	at ptolemy.actor.sched.StaticSchedulingDirector.fire(StaticSchedulingDirector.java:227)
	at ptolemy.domains.sdf.kernel.SDFDirector.fire(SDFDirector.java:500)
	at ptolemy.actor.CompositeActor.fire(CompositeActor.java:455)
	at ptolemy.domains.de.kernel.DEDirector._fire(DEDirector.java:1949)
	at ptolemy.domains.de.kernel.DEDirector.fire(DEDirector.java:502)
	at ptolemy.actor.CompositeActor.fire(CompositeActor.java:455)
	at ptolemy.actor.Manager.iterate(Manager.java:851)
	at ptolemy.actor.Manager.execute(Manager.java:369)
	at ptolemy.actor.Manager.run(Manager.java:1263)
	at ptolemy.actor.Manager$PtolemyRunThread.run(Manager.java:1933)
java.lang.RuntimeException: Execution failed
	at ptolemy.moml.MoMLSimpleApplication$UnloadThread.run(MoMLSimpleApplication.java:402)
Caused by: ptolemy.kernel.util.IllegalActionException: Test fails in iteration 1.
Value was: 1.0. Should have been: 2.0
  in .DirectFeedback.Test
	at ptolemy.actor.lib.Test.fire(Test.java:268)
	at ptolemy.domains.de.kernel.DEDirector._fire(DEDirector.java:1949)
	at ptolemy.domains.de.kernel.DEDirector.fire(DEDirector.java:502)
	at ptolemy.actor.CompositeActor.fire(CompositeActor.java:455)
	at ptolemy.actor.Manager.iterate(Manager.java:851)
	at ptolemy.actor.Manager.execute(Manager.java:369)
	at ptolemy.actor.Manager.run(Manager.java:1263)
	at ptolemy.actor.Manager$PtolemyRunThread.run(Manager.java:1933)
java.lang.reflect.InvocationTargetException
	at java.base/jdk.internal.reflect.NativeConstructorAccessorImpl.newInstance0(Native Method)
	at java.base/jdk.internal.reflect.NativeConstructorAccessorImpl.newInstance(NativeConstructorAccessorImpl.java:62)
	at java.base/jdk.internal.reflect.DelegatingConstructorAccessorImpl.newInstance(DelegatingConstructorAccessorImpl.java:45)
	at java.base/java.lang.reflect.Constructor.newInstance(Constructor.java:490)
	at ptolemy.util.test.junit.AutoKnownFailedTests.RunModel(AutoKnownFailedTests.java:105)
	at java.base/jdk.internal.reflect.NativeMethodAccessorImpl.invoke0(Native Method)
	at java.base/jdk.internal.reflect.NativeMethodAccessorImpl.invoke(NativeMethodAccessorImpl.java:62)
	at java.base/jdk.internal.reflect.DelegatingMethodAccessorImpl.invoke(DelegatingMethodAccessorImpl.java:43)
	at java.base/java.lang.reflect.Method.invoke(Method.java:566)
	at org.junit.runners.model.FrameworkMethod$1.runReflectiveCall(FrameworkMethod.java:44)
	at org.junit.internal.runners.model.ReflectiveCallable.run(ReflectiveCallable.java:15)
	at org.junit.runners.model.FrameworkMethod.invokeExplosively(FrameworkMethod.java:41)
	at junitparams.internal.InvokeParameterisedMethod.evaluate(InvokeParameterisedMethod.java:102)
	at org.junit.internal.runners.statements.FailOnTimeout$1.run(FailOnTimeout.java:28)
Caused by: ptolemy.kernel.util.IllegalActionException: Test fails in iteration 1.
Value was: 1.0. Should have been: 2.0
  in .DirectFeedback.Test
	at ptolemy.actor.lib.Test.fire(Test.java:268)
	at ptolemy.domains.de.kernel.DEDirector._fire(DEDirector.java:1949)
	at ptolemy.domains.de.kernel.DEDirector.fire(DEDirector.java:502)
	at ptolemy.actor.CompositeActor.fire(CompositeActor.java:455)
	at ptolemy.actor.Manager.iterate(Manager.java:851)
	at ptolemy.actor.Manager.execute(Manager.java:369)
	at ptolemy.actor.Manager.run(Manager.java:1263)
	at ptolemy.actor.Manager$PtolemyRunThread.run(Manager.java:1933)
java.lang.RuntimeException: Execution failed
	at ptolemy.moml.MoMLSimpleApplication$UnloadThread.run(MoMLSimpleApplication.java:402)
Caused by: ptolemy.kernel.util.IllegalActionException: Found a zero delay loop containing .HierarchicalModel.A
  in .HierarchicalModel and .HierarchicalModel.A
	at ptolemy.actor.util.CausalityInterfaceForComposites._computeOutputPortDepth(CausalityInterfaceForComposites.java:759)
	at ptolemy.actor.util.CausalityInterfaceForComposites._computeInputDepth(CausalityInterfaceForComposites.java:696)
	at ptolemy.actor.util.CausalityInterfaceForComposites._computeOutputPortDepth(CausalityInterfaceForComposites.java:765)
	at ptolemy.actor.util.CausalityInterfaceForComposites._computeInputDepth(CausalityInterfaceForComposites.java:696)
	at ptolemy.actor.util.CausalityInterfaceForComposites._computeOutputPortDepth(CausalityInterfaceForComposites.java:765)
	at ptolemy.actor.util.CausalityInterfaceForComposites._computeInputDepth(CausalityInterfaceForComposites.java:696)
	at ptolemy.actor.util.CausalityInterfaceForComposites._computeActorDepth(CausalityInterfaceForComposites.java:532)
	at ptolemy.actor.util.CausalityInterfaceForComposites.checkForCycles(CausalityInterfaceForComposites.java:96)
	at ptolemy.domains.de.kernel.DEDirector.preinitialize(DEDirector.java:1338)
	at ptolemy.actor.CompositeActor.preinitialize(CompositeActor.java:1828)
	at ptolemy.actor.Manager.preinitializeAndResolveTypes(Manager.java:1040)
	at ptolemy.actor.Manager.initialize(Manager.java:710)
	at ptolemy.actor.Manager.execute(Manager.java:356)
	at ptolemy.actor.Manager.run(Manager.java:1263)
	at ptolemy.actor.Manager$PtolemyRunThread.run(Manager.java:1933)
java.lang.reflect.InvocationTargetException
	at java.base/jdk.internal.reflect.NativeConstructorAccessorImpl.newInstance0(Native Method)
	at java.base/jdk.internal.reflect.NativeConstructorAccessorImpl.newInstance(NativeConstructorAccessorImpl.java:62)
	at java.base/jdk.internal.reflect.DelegatingConstructorAccessorImpl.newInstance(DelegatingConstructorAccessorImpl.java:45)
	at java.base/java.lang.reflect.Constructor.newInstance(Constructor.java:490)
	at ptolemy.util.test.junit.AutoKnownFailedTests.RunModel(AutoKnownFailedTests.java:105)
	at java.base/jdk.internal.reflect.NativeMethodAccessorImpl.invoke0(Native Method)
	at java.base/jdk.internal.reflect.NativeMethodAccessorImpl.invoke(NativeMethodAccessorImpl.java:62)
	at java.base/jdk.internal.reflect.DelegatingMethodAccessorImpl.invoke(DelegatingMethodAccessorImpl.java:43)
	at java.base/java.lang.reflect.Method.invoke(Method.java:566)
	at org.junit.runners.model.FrameworkMethod$1.runReflectiveCall(FrameworkMethod.java:44)
	at org.junit.internal.runners.model.ReflectiveCallable.run(ReflectiveCallable.java:15)
	at org.junit.runners.model.FrameworkMethod.invokeExplosively(FrameworkMethod.java:41)
	at junitparams.internal.InvokeParameterisedMethod.evaluate(InvokeParameterisedMethod.java:102)
	at org.junit.internal.runners.statements.FailOnTimeout$1.run(FailOnTimeout.java:28)
Caused by: ptolemy.kernel.util.IllegalActionException: Found a zero delay loop containing .HierarchicalModel.A
  in .HierarchicalModel and .HierarchicalModel.A
	at ptolemy.actor.util.CausalityInterfaceForComposites._computeOutputPortDepth(CausalityInterfaceForComposites.java:759)
	at ptolemy.actor.util.CausalityInterfaceForComposites._computeInputDepth(CausalityInterfaceForComposites.java:696)
	at ptolemy.actor.util.CausalityInterfaceForComposites._computeOutputPortDepth(CausalityInterfaceForComposites.java:765)
	at ptolemy.actor.util.CausalityInterfaceForComposites._computeInputDepth(CausalityInterfaceForComposites.java:696)
	at ptolemy.actor.util.CausalityInterfaceForComposites._computeOutputPortDepth(CausalityInterfaceForComposites.java:765)
	at ptolemy.actor.util.CausalityInterfaceForComposites._computeInputDepth(CausalityInterfaceForComposites.java:696)
	at ptolemy.actor.util.CausalityInterfaceForComposites._computeActorDepth(CausalityInterfaceForComposites.java:532)
	at ptolemy.actor.util.CausalityInterfaceForComposites.checkForCycles(CausalityInterfaceForComposites.java:96)
	at ptolemy.domains.de.kernel.DEDirector.preinitialize(DEDirector.java:1338)
	at ptolemy.actor.CompositeActor.preinitialize(CompositeActor.java:1828)
	at ptolemy.actor.Manager.preinitializeAndResolveTypes(Manager.java:1040)
	at ptolemy.actor.Manager.initialize(Manager.java:710)
	at ptolemy.actor.Manager.execute(Manager.java:356)
	at ptolemy.actor.Manager.run(Manager.java:1263)
	at ptolemy.actor.Manager$PtolemyRunThread.run(Manager.java:1933)
java.lang.RuntimeException: Execution failed
	at ptolemy.moml.MoMLSimpleApplication$UnloadThread.run(MoMLSimpleApplication.java:402)
Caused by: ptolemy.kernel.util.IllegalActionException: Found a zero delay loop containing .dependencyLoop.original
  in .dependencyLoop and .dependencyLoop.original
	at ptolemy.actor.util.CausalityInterfaceForComposites._computeOutputPortDepth(CausalityInterfaceForComposites.java:759)
	at ptolemy.actor.util.CausalityInterfaceForComposites._computeInputDepth(CausalityInterfaceForComposites.java:696)
	at ptolemy.actor.util.CausalityInterfaceForComposites._computeOutputPortDepth(CausalityInterfaceForComposites.java:765)
	at ptolemy.actor.util.CausalityInterfaceForComposites._computeInputDepth(CausalityInterfaceForComposites.java:696)
	at ptolemy.actor.util.CausalityInterfaceForComposites._computeOutputPortDepth(CausalityInterfaceForComposites.java:765)
	at ptolemy.actor.util.CausalityInterfaceForComposites._computeInputDepth(CausalityInterfaceForComposites.java:696)
	at ptolemy.actor.util.CausalityInterfaceForComposites._computeActorDepth(CausalityInterfaceForComposites.java:532)
	at ptolemy.actor.util.CausalityInterfaceForComposites.checkForCycles(CausalityInterfaceForComposites.java:96)
	at ptolemy.domains.de.kernel.DEDirector.preinitialize(DEDirector.java:1338)
	at ptolemy.actor.CompositeActor.preinitialize(CompositeActor.java:1828)
	at ptolemy.actor.Manager.preinitializeAndResolveTypes(Manager.java:1040)
	at ptolemy.actor.Manager.initialize(Manager.java:710)
	at ptolemy.actor.Manager.execute(Manager.java:356)
	at ptolemy.actor.Manager.run(Manager.java:1263)
	at ptolemy.actor.Manager$PtolemyRunThread.run(Manager.java:1933)
java.lang.reflect.InvocationTargetException
	at java.base/jdk.internal.reflect.NativeConstructorAccessorImpl.newInstance0(Native Method)
	at java.base/jdk.internal.reflect.NativeConstructorAccessorImpl.newInstance(NativeConstructorAccessorImpl.java:62)
	at java.base/jdk.internal.reflect.DelegatingConstructorAccessorImpl.newInstance(DelegatingConstructorAccessorImpl.java:45)
	at java.base/java.lang.reflect.Constructor.newInstance(Constructor.java:490)
	at ptolemy.util.test.junit.AutoKnownFailedTests.RunModel(AutoKnownFailedTests.java:105)
	at java.base/jdk.internal.reflect.NativeMethodAccessorImpl.invoke0(Native Method)
	at java.base/jdk.internal.reflect.NativeMethodAccessorImpl.invoke(NativeMethodAccessorImpl.java:62)
	at java.base/jdk.internal.reflect.DelegatingMethodAccessorImpl.invoke(DelegatingMethodAccessorImpl.java:43)
	at java.base/java.lang.reflect.Method.invoke(Method.java:566)
	at org.junit.runners.model.FrameworkMethod$1.runReflectiveCall(FrameworkMethod.java:44)
	at org.junit.internal.runners.model.ReflectiveCallable.run(ReflectiveCallable.java:15)
	at org.junit.runners.model.FrameworkMethod.invokeExplosively(FrameworkMethod.java:41)
	at junitparams.internal.InvokeParameterisedMethod.evaluate(InvokeParameterisedMethod.java:102)
	at org.junit.internal.runners.statements.FailOnTimeout$1.run(FailOnTimeout.java:28)
Caused by: ptolemy.kernel.util.IllegalActionException: Found a zero delay loop containing .dependencyLoop.original
  in .dependencyLoop and .dependencyLoop.original
	at ptolemy.actor.util.CausalityInterfaceForComposites._computeOutputPortDepth(CausalityInterfaceForComposites.java:759)
	at ptolemy.actor.util.CausalityInterfaceForComposites._computeInputDepth(CausalityInterfaceForComposites.java:696)
	at ptolemy.actor.util.CausalityInterfaceForComposites._computeOutputPortDepth(CausalityInterfaceForComposites.java:765)
	at ptolemy.actor.util.CausalityInterfaceForComposites._computeInputDepth(CausalityInterfaceForComposites.java:696)
	at ptolemy.actor.util.CausalityInterfaceForComposites._computeOutputPortDepth(CausalityInterfaceForComposites.java:765)
	at ptolemy.actor.util.CausalityInterfaceForComposites._computeInputDepth(CausalityInterfaceForComposites.java:696)
	at ptolemy.actor.util.CausalityInterfaceForComposites._computeActorDepth(CausalityInterfaceForComposites.java:532)
	at ptolemy.actor.util.CausalityInterfaceForComposites.checkForCycles(CausalityInterfaceForComposites.java:96)
	at ptolemy.domains.de.kernel.DEDirector.preinitialize(DEDirector.java:1338)
	at ptolemy.actor.CompositeActor.preinitialize(CompositeActor.java:1828)
	at ptolemy.actor.Manager.preinitializeAndResolveTypes(Manager.java:1040)
	at ptolemy.actor.Manager.initialize(Manager.java:710)
	at ptolemy.actor.Manager.execute(Manager.java:356)
	at ptolemy.actor.Manager.run(Manager.java:1263)
	at ptolemy.actor.Manager$PtolemyRunThread.run(Manager.java:1933)
java.lang.RuntimeException: Execution failed
	at ptolemy.moml.MoMLSimpleApplication$UnloadThread.run(MoMLSimpleApplication.java:402)
Caused by: ptolemy.kernel.util.IllegalActionException: Found a zero delay loop containing .dependencyLoop2.original
  in .dependencyLoop2 and .dependencyLoop2.original
	at ptolemy.actor.util.CausalityInterfaceForComposites._computeOutputPortDepth(CausalityInterfaceForComposites.java:759)
	at ptolemy.actor.util.CausalityInterfaceForComposites._computeInputDepth(CausalityInterfaceForComposites.java:696)
	at ptolemy.actor.util.CausalityInterfaceForComposites._computeOutputPortDepth(CausalityInterfaceForComposites.java:765)
	at ptolemy.actor.util.CausalityInterfaceForComposites._computeInputDepth(CausalityInterfaceForComposites.java:696)
	at ptolemy.actor.util.CausalityInterfaceForComposites._computeOutputPortDepth(CausalityInterfaceForComposites.java:765)
	at ptolemy.actor.util.CausalityInterfaceForComposites._computeInputDepth(CausalityInterfaceForComposites.java:696)
	at ptolemy.actor.util.CausalityInterfaceForComposites._computeActorDepth(CausalityInterfaceForComposites.java:532)
	at ptolemy.actor.util.CausalityInterfaceForComposites.checkForCycles(CausalityInterfaceForComposites.java:96)
	at ptolemy.domains.de.kernel.DEDirector.preinitialize(DEDirector.java:1338)
	at ptolemy.actor.CompositeActor.preinitialize(CompositeActor.java:1828)
	at ptolemy.actor.Manager.preinitializeAndResolveTypes(Manager.java:1040)
	at ptolemy.actor.Manager.initialize(Manager.java:710)
	at ptolemy.actor.Manager.execute(Manager.java:356)
	at ptolemy.actor.Manager.run(Manager.java:1263)
	at ptolemy.actor.Manager$PtolemyRunThread.run(Manager.java:1933)
java.lang.reflect.InvocationTargetException
	at java.base/jdk.internal.reflect.NativeConstructorAccessorImpl.newInstance0(Native Method)
	at java.base/jdk.internal.reflect.NativeConstructorAccessorImpl.newInstance(NativeConstructorAccessorImpl.java:62)
	at java.base/jdk.internal.reflect.DelegatingConstructorAccessorImpl.newInstance(DelegatingConstructorAccessorImpl.java:45)
	at java.base/java.lang.reflect.Constructor.newInstance(Constructor.java:490)
	at ptolemy.util.test.junit.AutoKnownFailedTests.RunModel(AutoKnownFailedTests.java:105)
	at java.base/jdk.internal.reflect.NativeMethodAccessorImpl.invoke0(Native Method)
	at java.base/jdk.internal.reflect.NativeMethodAccessorImpl.invoke(NativeMethodAccessorImpl.java:62)
	at java.base/jdk.internal.reflect.DelegatingMethodAccessorImpl.invoke(DelegatingMethodAccessorImpl.java:43)
	at java.base/java.lang.reflect.Method.invoke(Method.java:566)
	at org.junit.runners.model.FrameworkMethod$1.runReflectiveCall(FrameworkMethod.java:44)
	at org.junit.internal.runners.model.ReflectiveCallable.run(ReflectiveCallable.java:15)
	at org.junit.runners.model.FrameworkMethod.invokeExplosively(FrameworkMethod.java:41)
	at junitparams.internal.InvokeParameterisedMethod.evaluate(InvokeParameterisedMethod.java:102)
	at org.junit.internal.runners.statements.FailOnTimeout$1.run(FailOnTimeout.java:28)
Caused by: ptolemy.kernel.util.IllegalActionException: Found a zero delay loop containing .dependencyLoop2.original
  in .dependencyLoop2 and .dependencyLoop2.original
	at ptolemy.actor.util.CausalityInterfaceForComposites._computeOutputPortDepth(CausalityInterfaceForComposites.java:759)
	at ptolemy.actor.util.CausalityInterfaceForComposites._computeInputDepth(CausalityInterfaceForComposites.java:696)
	at ptolemy.actor.util.CausalityInterfaceForComposites._computeOutputPortDepth(CausalityInterfaceForComposites.java:765)
	at ptolemy.actor.util.CausalityInterfaceForComposites._computeInputDepth(CausalityInterfaceForComposites.java:696)
	at ptolemy.actor.util.CausalityInterfaceForComposites._computeOutputPortDepth(CausalityInterfaceForComposites.java:765)
	at ptolemy.actor.util.CausalityInterfaceForComposites._computeInputDepth(CausalityInterfaceForComposites.java:696)
	at ptolemy.actor.util.CausalityInterfaceForComposites._computeActorDepth(CausalityInterfaceForComposites.java:532)
	at ptolemy.actor.util.CausalityInterfaceForComposites.checkForCycles(CausalityInterfaceForComposites.java:96)
	at ptolemy.domains.de.kernel.DEDirector.preinitialize(DEDirector.java:1338)
	at ptolemy.actor.CompositeActor.preinitialize(CompositeActor.java:1828)
	at ptolemy.actor.Manager.preinitializeAndResolveTypes(Manager.java:1040)
	at ptolemy.actor.Manager.initialize(Manager.java:710)
	at ptolemy.actor.Manager.execute(Manager.java:356)
	at ptolemy.actor.Manager.run(Manager.java:1263)
	at ptolemy.actor.Manager$PtolemyRunThread.run(Manager.java:1933)
]]></system-err>
</testsuite>
