<?xml version="1.0" encoding="UTF-8" ?>
<testsuite errors="0" failures="0" hostname="travis-job-4fe8ae9f-d35e-4503-b7b5-8ad31aa76a2e" name="ptolemy.domains.de.test.junit.JUnitTclTest" skipped="0" tests="101" time="134.488" timestamp="2018-08-24T01:58:50">
  <properties>
[...]
</properties>
  <testcase classname="ptolemy.util.test.junit.TclTests" name="[0] /home/travis/build/icyphy/ptII/ptolemy/domains/de/test/DependencyLoop.tcl (RunTclFile)" time="0.767" />
  <testcase classname="ptolemy.util.test.junit.TclTests" name="[1] /home/travis/build/icyphy/ptII/ptolemy/domains/de/test/RunDETestsAsQSS.tcl (RunTclFile)" time="93.415" />
  <testcase classname="ptolemy.util.test.junit.AutoKnownFailedTests" name="[0] /home/travis/build/icyphy/ptII/ptolemy/domains/de/test/auto/knownFailedTests/DESDFClockTest.xml (RunModel)" time="2.027" />
  <testcase classname="ptolemy.util.test.junit.AutoKnownFailedTests" name="[1] /home/travis/build/icyphy/ptII/ptolemy/domains/de/test/auto/knownFailedTests/DirectFeedback.xml (RunModel)" time="0.013" />
  <testcase classname="ptolemy.util.test.junit.AutoKnownFailedTests" name="[2] /home/travis/build/icyphy/ptII/ptolemy/domains/de/test/auto/knownFailedTests/FSMSource.xml (RunModel)" time="0.013" />
  <testcase classname="ptolemy.util.test.junit.AutoKnownFailedTests" name="[3] /home/travis/build/icyphy/ptII/ptolemy/domains/de/test/auto/knownFailedTests/HierarchicalModel.xml (RunModel)" time="0.032" />
  <testcase classname="ptolemy.util.test.junit.AutoKnownFailedTests" name="[4] /home/travis/build/icyphy/ptII/ptolemy/domains/de/test/auto/knownFailedTests/dependencyLoop.xml (RunModel)" time="0.041" />
  <testcase classname="ptolemy.util.test.junit.AutoKnownFailedTests" name="[5] /home/travis/build/icyphy/ptII/ptolemy/domains/de/test/auto/knownFailedTests/dependencyLoop2.xml (RunModel)" time="0.028" />
  <testcase classname="ptolemy.util.test.junit.AutoNameArchTests" name="[0] ThereAreNoAutoArchTests (RunModel)" time="0.001" />
  <testcase classname="ptolemy.util.test.junit.AutoTests" name="[0] /home/travis/build/icyphy/ptII/ptolemy/domains/de/test/auto/ActorDepthCalculation_actorWithoutPorts.xml (RunModel)" time="0.009" />
  <testcase classname="ptolemy.util.test.junit.AutoTests" name="[1] /home/travis/build/icyphy/ptII/ptolemy/domains/de/test/auto/AssemblyLine.xml (RunModel)" time="0.011" />
  <testcase classname="ptolemy.util.test.junit.AutoTests" name="[2] /home/travis/build/icyphy/ptII/ptolemy/domains/de/test/auto/CQBug1.xml (RunModel)" time="0.004" />
  <testcase classname="ptolemy.util.test.junit.AutoTests" name="[3] /home/travis/build/icyphy/ptII/ptolemy/domains/de/test/auto/CancelFireAt.xml (RunModel)" time="0.004" />
  <testcase classname="ptolemy.util.test.junit.AutoTests" name="[4] /home/travis/build/icyphy/ptII/ptolemy/domains/de/test/auto/CausalityAndComposabilityAnalysis.xml (RunModel)" time="0.008" />
  <testcase classname="ptolemy.util.test.junit.AutoTests" name="[5] /home/travis/build/icyphy/ptII/ptolemy/domains/de/test/auto/CausalityInterface1.xml (RunModel)" time="0.008" />
  <testcase classname="ptolemy.util.test.junit.AutoTests" name="[6] /home/travis/build/icyphy/ptII/ptolemy/domains/de/test/auto/CausalityInterface15.xml (RunModel)" time="0.009" />
  <testcase classname="ptolemy.util.test.junit.AutoTests" name="[7] /home/travis/build/icyphy/ptII/ptolemy/domains/de/test/auto/CausalityInterface2.xml (RunModel)" time="0.008" />
  <testcase classname="ptolemy.util.test.junit.AutoTests" name="[8] /home/travis/build/icyphy/ptII/ptolemy/domains/de/test/auto/CausalityInterface3.xml (RunModel)" time="0.014" />
  <testcase classname="ptolemy.util.test.junit.AutoTests" name="[9] /home/travis/build/icyphy/ptII/ptolemy/domains/de/test/auto/ClockDrift.xml (RunModel)" time="0.026" />
  <testcase classname="ptolemy.util.test.junit.AutoTests" name="[10] /home/travis/build/icyphy/ptII/ptolemy/domains/de/test/auto/ClockDriftAndValueChange.xml (RunModel)" time="0.032" />
  <testcase classname="ptolemy.util.test.junit.AutoTests" name="[11] /home/travis/build/icyphy/ptII/ptolemy/domains/de/test/auto/ClockDriftChange.xml (RunModel)" time="0.019" />
  <testcase classname="ptolemy.util.test.junit.AutoTests" name="[12] /home/travis/build/icyphy/ptII/ptolemy/domains/de/test/auto/ComposableCausalityAnalysis.xml (RunModel)" time="0.012" />
  <testcase classname="ptolemy.util.test.junit.AutoTests" name="[13] /home/travis/build/icyphy/ptII/ptolemy/domains/de/test/auto/DEFixedPointLimitation.xml (RunModel)" time="0.007" />
  <testcase classname="ptolemy.util.test.junit.AutoTests" name="[14] /home/travis/build/icyphy/ptII/ptolemy/domains/de/test/auto/DEScheduleTest.xml (RunModel)" time="0.028" />
  <testcase classname="ptolemy.util.test.junit.AutoTests" name="[15] /home/travis/build/icyphy/ptII/ptolemy/domains/de/test/auto/DEinDEwithStartTimes.xml (RunModel)" time="0.013" />
  <testcase classname="ptolemy.util.test.junit.AutoTests" name="[16] /home/travis/build/icyphy/ptII/ptolemy/domains/de/test/auto/DEinDEwithStartTimes2.xml (RunModel)" time="0.013" />
  <testcase classname="ptolemy.util.test.junit.AutoTests" name="[17] /home/travis/build/icyphy/ptII/ptolemy/domains/de/test/auto/DateDemo.xml (RunModel)" time="0.031" />
  <testcase classname="ptolemy.util.test.junit.AutoTests" name="[18] /home/travis/build/icyphy/ptII/ptolemy/domains/de/test/auto/DateToEvent.xml (RunModel)" time="2.033" />
  <testcase classname="ptolemy.util.test.junit.AutoTests" name="[19] /home/travis/build/icyphy/ptII/ptolemy/domains/de/test/auto/DepthTest1.xml (RunModel)" time="0.007" />
  <testcase classname="ptolemy.util.test.junit.AutoTests" name="[20] /home/travis/build/icyphy/ptII/ptolemy/domains/de/test/auto/DepthTest2.xml (RunModel)" time="0.018" />
  <testcase classname="ptolemy.util.test.junit.AutoTests" name="[21] /home/travis/build/icyphy/ptII/ptolemy/domains/de/test/auto/DepthTest3.xml (RunModel)" time="0.008" />
  <testcase classname="ptolemy.util.test.junit.AutoTests" name="[22] /home/travis/build/icyphy/ptII/ptolemy/domains/de/test/auto/DepthTest4.xml (RunModel)" time="0.013" />
  <testcase classname="ptolemy.util.test.junit.AutoTests" name="[23] /home/travis/build/icyphy/ptII/ptolemy/domains/de/test/auto/DepthTest5.xml (RunModel)" time="0.014" />
  <testcase classname="ptolemy.util.test.junit.AutoTests" name="[24] /home/travis/build/icyphy/ptII/ptolemy/domains/de/test/auto/DepthTest6.xml (RunModel)" time="0.02" />
  <testcase classname="ptolemy.util.test.junit.AutoTests" name="[25] /home/travis/build/icyphy/ptII/ptolemy/domains/de/test/auto/DepthTest7.xml (RunModel)" time="0.013" />
  <testcase classname="ptolemy.util.test.junit.AutoTests" name="[26] /home/travis/build/icyphy/ptII/ptolemy/domains/de/test/auto/EventToDate.xml (RunModel)" time="3.038" />
  <testcase classname="ptolemy.util.test.junit.AutoTests" name="[27] /home/travis/build/icyphy/ptII/ptolemy/domains/de/test/auto/FSM1.xml (RunModel)" time="0.032" />
  <testcase classname="ptolemy.util.test.junit.AutoTests" name="[28] /home/travis/build/icyphy/ptII/ptolemy/domains/de/test/auto/FSM7.xml (RunModel)" time="0.033" />
  <testcase classname="ptolemy.util.test.junit.AutoTests" name="[29] /home/travis/build/icyphy/ptII/ptolemy/domains/de/test/auto/Inspection.xml (RunModel)" time="0.042" />
  <testcase classname="ptolemy.util.test.junit.AutoTests" name="[30] /home/travis/build/icyphy/ptII/ptolemy/domains/de/test/auto/Iteration.xml (RunModel)" time="0.028" />
  <testcase classname="ptolemy.util.test.junit.AutoTests" name="[31] /home/travis/build/icyphy/ptII/ptolemy/domains/de/test/auto/LineFault.xml (RunModel)" time="0.599" />
  <testcase classname="ptolemy.util.test.junit.AutoTests" name="[32] /home/travis/build/icyphy/ptII/ptolemy/domains/de/test/auto/MergeModel1Add.xml (RunModel)" time="0.046" />
  <testcase classname="ptolemy.util.test.junit.AutoTests" name="[33] /home/travis/build/icyphy/ptII/ptolemy/domains/de/test/auto/MergeModel2Add.xml (RunModel)" time="0.04" />
  <testcase classname="ptolemy.util.test.junit.AutoTests" name="[34] /home/travis/build/icyphy/ptII/ptolemy/domains/de/test/auto/MergeModel3Add.xml (RunModel)" time="0.038" />
  <testcase classname="ptolemy.util.test.junit.AutoTests" name="[35] /home/travis/build/icyphy/ptII/ptolemy/domains/de/test/auto/MergeWithoutDiscard.xml (RunModel)" time="0.009" />
  <testcase classname="ptolemy.util.test.junit.AutoTests" name="[36] /home/travis/build/icyphy/ptII/ptolemy/domains/de/test/auto/Modal1.xml (RunModel)" time="0.028" />
  <testcase classname="ptolemy.util.test.junit.AutoTests" name="[37] /home/travis/build/icyphy/ptII/ptolemy/domains/de/test/auto/Modal2.xml (RunModel)" time="0.03" />
  <testcase classname="ptolemy.util.test.junit.AutoTests" name="[38] /home/travis/build/icyphy/ptII/ptolemy/domains/de/test/auto/Modal3.xml (RunModel)" time="0.029" />
  <testcase classname="ptolemy.util.test.junit.AutoTests" name="[39] /home/travis/build/icyphy/ptII/ptolemy/domains/de/test/auto/Modal4.xml (RunModel)" time="0.03" />
  <testcase classname="ptolemy.util.test.junit.AutoTests" name="[40] /home/travis/build/icyphy/ptII/ptolemy/domains/de/test/auto/Modal5.xml (RunModel)" time="0.032" />
  <testcase classname="ptolemy.util.test.junit.AutoTests" name="[41] /home/travis/build/icyphy/ptII/ptolemy/domains/de/test/auto/Modal6.xml (RunModel)" time="0.031" />
  <testcase classname="ptolemy.util.test.junit.AutoTests" name="[42] /home/travis/build/icyphy/ptII/ptolemy/domains/de/test/auto/Modal7.xml (RunModel)" time="0.03" />
  <testcase classname="ptolemy.util.test.junit.AutoTests" name="[43] /home/travis/build/icyphy/ptII/ptolemy/domains/de/test/auto/ModalModel.xml (RunModel)" time="0.211" />
  <testcase classname="ptolemy.util.test.junit.AutoTests" name="[44] /home/travis/build/icyphy/ptII/ptolemy/domains/de/test/auto/ModalSource.xml (RunModel)" time="0.02" />
  <testcase classname="ptolemy.util.test.junit.AutoTests" name="[45] /home/travis/build/icyphy/ptII/ptolemy/domains/de/test/auto/NonInterruptibleTimerZeroDelay.xml (RunModel)" time="0.012" />
  <testcase classname="ptolemy.util.test.junit.AutoTests" name="[46] /home/travis/build/icyphy/ptII/ptolemy/domains/de/test/auto/OpenQueueingNetwork.xml (RunModel)" time="2.657" />
  <testcase classname="ptolemy.util.test.junit.AutoTests" name="[47] /home/travis/build/icyphy/ptII/ptolemy/domains/de/test/auto/OpenQueuingNetwork.xml (RunModel)" time="0.264" />
  <testcase classname="ptolemy.util.test.junit.AutoTests" name="[48] /home/travis/build/icyphy/ptII/ptolemy/domains/de/test/auto/PeriodicSampler.xml (RunModel)" time="0.009" />
  <testcase classname="ptolemy.util.test.junit.AutoTests" name="[49] /home/travis/build/icyphy/ptII/ptolemy/domains/de/test/auto/PersistentIO.xml (RunModel)" time="0.02" />
  <testcase classname="ptolemy.util.test.junit.AutoTests" name="[50] /home/travis/build/icyphy/ptII/ptolemy/domains/de/test/auto/PortParameterResetOnInitialize.xml (RunModel)" time="0.009" />
  <testcase classname="ptolemy.util.test.junit.AutoTests" name="[51] /home/travis/build/icyphy/ptII/ptolemy/domains/de/test/auto/PortParameterUpdates.xml (RunModel)" time="0.015" />
  <testcase classname="ptolemy.util.test.junit.AutoTests" name="[52] /home/travis/build/icyphy/ptII/ptolemy/domains/de/test/auto/QueueAndServer.xml (RunModel)" time="0.019" />
  <testcase classname="ptolemy.util.test.junit.AutoTests" name="[53] /home/travis/build/icyphy/ptII/ptolemy/domains/de/test/auto/Records.xml (RunModel)" time="0.013" />
  <testcase classname="ptolemy.util.test.junit.AutoTests" name="[54] /home/travis/build/icyphy/ptII/ptolemy/domains/de/test/auto/ResetTransitionWithStartTime1.xml (RunModel)" time="0.02" />
  <testcase classname="ptolemy.util.test.junit.AutoTests" name="[55] /home/travis/build/icyphy/ptII/ptolemy/domains/de/test/auto/ResetTransitionWithStartTime2.xml (RunModel)" time="0.019" />
  <testcase classname="ptolemy.util.test.junit.AutoTests" name="[56] /home/travis/build/icyphy/ptII/ptolemy/domains/de/test/auto/ResetTransitionWithStartTime3.xml (RunModel)" time="0.019" />
  <testcase classname="ptolemy.util.test.junit.AutoTests" name="[57] /home/travis/build/icyphy/ptII/ptolemy/domains/de/test/auto/ResetTransitionWithStartTime4.xml (RunModel)" time="0.019" />
  <testcase classname="ptolemy.util.test.junit.AutoTests" name="[58] /home/travis/build/icyphy/ptII/ptolemy/domains/de/test/auto/ResettableTimer1.xml (RunModel)" time="0.01" />
  <testcase classname="ptolemy.util.test.junit.AutoTests" name="[59] /home/travis/build/icyphy/ptII/ptolemy/domains/de/test/auto/ResettableTimer2.xml (RunModel)" time="0.015" />
  <testcase classname="ptolemy.util.test.junit.AutoTests" name="[60] /home/travis/build/icyphy/ptII/ptolemy/domains/de/test/auto/ResettableTimer3.xml (RunModel)" time="0.009" />
  <testcase classname="ptolemy.util.test.junit.AutoTests" name="[61] /home/travis/build/icyphy/ptII/ptolemy/domains/de/test/auto/ResettableTimer4.xml (RunModel)" time="0.008" />
  <testcase classname="ptolemy.util.test.junit.AutoTests" name="[62] /home/travis/build/icyphy/ptII/ptolemy/domains/de/test/auto/ResettableTimer5.xml (RunModel)" time="0.009" />
  <testcase classname="ptolemy.util.test.junit.AutoTests" name="[63] /home/travis/build/icyphy/ptII/ptolemy/domains/de/test/auto/ResettableTimer6.xml (RunModel)" time="0.011" />
  <testcase classname="ptolemy.util.test.junit.AutoTests" name="[64] /home/travis/build/icyphy/ptII/ptolemy/domains/de/test/auto/ServerZeroDelay.xml (RunModel)" time="0.01" />
  <testcase classname="ptolemy.util.test.junit.AutoTests" name="[65] /home/travis/build/icyphy/ptII/ptolemy/domains/de/test/auto/SmartSender.xml (RunModel)" time="3.009" />
  <testcase classname="ptolemy.util.test.junit.AutoTests" name="[66] /home/travis/build/icyphy/ptII/ptolemy/domains/de/test/auto/ThreadedComposite.xml (RunModel)" time="0.155" />
  <testcase classname="ptolemy.util.test.junit.AutoTests" name="[67] /home/travis/build/icyphy/ptII/ptolemy/domains/de/test/auto/Time.xml (RunModel)" time="0.499" />
  <testcase classname="ptolemy.util.test.junit.AutoTests" name="[68] /home/travis/build/icyphy/ptII/ptolemy/domains/de/test/auto/TimeDelayZeroDelay.xml (RunModel)" time="0.015" />
  <testcase classname="ptolemy.util.test.junit.AutoTests" name="[69] /home/travis/build/icyphy/ptII/ptolemy/domains/de/test/auto/TimerZeroDelay.xml (RunModel)" time="0.01" />
  <testcase classname="ptolemy.util.test.junit.AutoTests" name="[70] /home/travis/build/icyphy/ptII/ptolemy/domains/de/test/auto/TimingParadox.xml (RunModel)" time="0.388" />
  <testcase classname="ptolemy.util.test.junit.AutoTests" name="[71] /home/travis/build/icyphy/ptII/ptolemy/domains/de/test/auto/TransferInputs.xml (RunModel)" time="0.023" />
  <testcase classname="ptolemy.util.test.junit.AutoTests" name="[72] /home/travis/build/icyphy/ptII/ptolemy/domains/de/test/auto/TransferOutputs2.xml (RunModel)" time="0.025" />
  <testcase classname="ptolemy.util.test.junit.AutoTests" name="[73] /home/travis/build/icyphy/ptII/ptolemy/domains/de/test/auto/Trilateration.xml (RunModel)" time="11.626" />
  <testcase classname="ptolemy.util.test.junit.AutoTests" name="[74] /home/travis/build/icyphy/ptII/ptolemy/domains/de/test/auto/TwoSigmaDelta.xml (RunModel)" time="1.977" />
  <testcase classname="ptolemy.util.test.junit.AutoTests" name="[75] /home/travis/build/icyphy/ptII/ptolemy/domains/de/test/auto/VariableDelay.xml (RunModel)" time="0.021" />
  <testcase classname="ptolemy.util.test.junit.AutoTests" name="[76] /home/travis/build/icyphy/ptII/ptolemy/domains/de/test/auto/VariableDelay2.xml (RunModel)" time="0.013" />
  <testcase classname="ptolemy.util.test.junit.AutoTests" name="[77] /home/travis/build/icyphy/ptII/ptolemy/domains/de/test/auto/VariableDelayZeroDelay.xml (RunModel)" time="0.013" />
  <testcase classname="ptolemy.util.test.junit.AutoTests" name="[78] /home/travis/build/icyphy/ptII/ptolemy/domains/de/test/auto/VariableDelayZeroDelay2.xml (RunModel)" time="0.015" />
  <testcase classname="ptolemy.util.test.junit.AutoTests" name="[79] /home/travis/build/icyphy/ptII/ptolemy/domains/de/test/auto/deInCt.xml (RunModel)" time="0.015" />
  <testcase classname="ptolemy.util.test.junit.AutoTests" name="[80] /home/travis/build/icyphy/ptII/ptolemy/domains/de/test/auto/deInCt2.xml (RunModel)" time="0.015" />
  <testcase classname="ptolemy.util.test.junit.AutoTests" name="[81] /home/travis/build/icyphy/ptII/ptolemy/domains/de/test/auto/dynamicCausalityInterface1.xml (RunModel)" time="0.019" />
  <testcase classname="ptolemy.util.test.junit.AutoTests" name="[82] /home/travis/build/icyphy/ptII/ptolemy/domains/de/test/auto/fsm_de_test.xml (RunModel)" time="0.023" />
  <testcase classname="ptolemy.util.test.junit.AutoTests" name="[83] /home/travis/build/icyphy/ptII/ptolemy/domains/de/test/auto/functionDependencyReconstruction.xml (RunModel)" time="0.036" />
  <testcase classname="ptolemy.util.test.junit.AutoTests" name="[84] /home/travis/build/icyphy/ptII/ptolemy/domains/de/test/auto/multirate.xml (RunModel)" time="0.017" />
  <testcase classname="ptolemy.util.test.junit.AutoTests" name="[85] /home/travis/build/icyphy/ptII/ptolemy/domains/de/test/auto/multirate2.xml (RunModel)" time="0.015" />
  <testcase classname="ptolemy.util.test.junit.AutoTests" name="[86] /home/travis/build/icyphy/ptII/ptolemy/domains/de/test/auto/realtime.xml (RunModel)" time="10.011" />
  <testcase classname="ptolemy.util.test.junit.AutoTests" name="[87] /home/travis/build/icyphy/ptII/ptolemy/domains/de/test/auto/relationGroup.xml (RunModel)" time="0.008" />
  <testcase classname="ptolemy.util.test.junit.AutoTests" name="[88] /home/travis/build/icyphy/ptII/ptolemy/domains/de/test/auto/relationGroup2.xml (RunModel)" time="0.008" />
  <testcase classname="ptolemy.util.test.junit.AutoTests" name="[89] /home/travis/build/icyphy/ptII/ptolemy/domains/de/test/auto/sortWithOpaquePorts.xml (RunModel)" time="0.007" />
  <testcase classname="ptolemy.util.test.junit.AutoTests" name="[90] /home/travis/build/icyphy/ptII/ptolemy/domains/de/test/auto/transferInputsandOutputs.xml (RunModel)" time="0.017" />
  <testcase classname="ptolemy.util.test.junit.AutoTests" name="[91] /home/travis/build/icyphy/ptII/ptolemy/domains/de/test/auto/triggerType.xml (RunModel)" time="0.009" />
  <system-out><![CDATA[/home/travis/build/icyphy/ptII/ptolemy/domains/de/test/DependencyLoop.tcl
testDefs.tcl: setting time out to 9000 seconds at Fri Aug 24 01:58:50 UTC 2018
18 ms. Memory: 116224K Free: 93905K (81%)
6 ms. Memory: 146944K Free: 135440K (92%)
/home/travis/build/icyphy/ptII/ptolemy/domains/de/test/RunDETestsAsQSS.tcl
Run the DE tests using ptolemy.domains.qss.test.QSSDirectorTest, which extends QSSDirector and prints a message in the constructors.
------------------ testing $PTII/ptolemy/domains/de/test/auto/knownFailedTests/dependencyLoop.xml (Known Failure) 
12 ms. Memory: 146944K Free: 132328K (90%)


==== $PTIIhome/travis/build/icyphy/ptII/ptolemy/domains/de/test/../../../../: Auto Automatic test in file $PTII/ptolemy/domains/de/test/auto/knownFailedTests/dependencyLoop.xml
==== Contents of test case:

	    # FIXME: we should use $relativeFilename here, but it
	    # might have backslashes under Windows, which causes no end
	    # of trouble.
	    createAndExecute $file
	    list {}
	
.... Test generated KNOWN error:
    while executing
ptolemy.kernel.util.IllegalActionException: Found a zero delay loop containing .dependencyLoop.original
  in .dependencyLoop and .dependencyLoop.original
	at ptolemy.actor.util.CausalityInterfaceForComposites._computeOutputPortDepth(CausalityInterfaceForComposites.java:759)
	at ptolemy.actor.util.CausalityInterfaceForComposites._computeInputDepth(CausalityInterfaceForComposites.java:696)
	at ptolemy.actor.util.CausalityInterfaceForComposites._computeOutputPortDepth(CausalityInterfaceForComposites.java:765)
	at ptolemy.actor.util.CausalityInterfaceForComposites._computeInputDepth(CausalityInterfaceForComposites.java:696)
	at ptolemy.actor.util.CausalityInterfaceForComposites._computeOutputPortDepth(CausalityInterfaceForComposites.java:765)
	at ptolemy.actor.util.CausalityInterfaceForComposites._computeInputDepth(CausalityInterfaceForComposites.java:696)
	at ptolemy.actor.util.CausalityInterfaceForComposites._computeActorDepth(CausalityInterfaceForComposites.java:532)
	at ptolemy.actor.util.CausalityInterfaceForComposites.checkForCycles(CausalityInterfaceForComposites.java:96)
	at ptolemy.domains.de.kernel.DEDirector.preinitialize(DEDirector.java:1338)
	at ptolemy.actor.CompositeActor.preinitialize(CompositeActor.java:1828)
	at ptolemy.actor.Manager.preinitializeAndResolveTypes(Manager.java:1040)
	at ptolemy.actor.Manager.initialize(Manager.java:710)
	at ptolemy.actor.Manager.execute(Manager.java:356)
	at ptolemy.actor.Manager.run(Manager.java:1263)
	at ptolemy.actor.Manager$PtolemyRunThread.run(Manager.java:1915)

    while executing
ptolemy.kernel.util.IllegalActionException: Found a zero delay loop containing .dependencyLoop.original
  in .dependencyLoop and .dependencyLoop.original
    while executing
"java::new ptolemy.moml.MoMLSimpleApplication $file
"
    (procedure "createAndExecute" line 2)
    invoked from within
"createAndExecute $file"
    ("uplevel" body line 5)
    invoked from within
"uplevel $contents_of_test"
------------------ testing $PTII/ptolemy/domains/de/test/auto/knownFailedTests/DESDFClockTest.xml (Known Failure) 
2070 ms. Memory: 146944K Free: 116419K (79%)


==== $PTIIhome/travis/build/icyphy/ptII/ptolemy/domains/de/test/../../../../: Auto Automatic test in file $PTII/ptolemy/domains/de/test/auto/knownFailedTests/DESDFClockTest.xml
==== Contents of test case:

	    # FIXME: we should use $relativeFilename here, but it
	    # might have backslashes under Windows, which causes no end
	    # of trouble.
	    createAndExecute $file
	    list {}
	
.... Test generated KNOWN error:
    while executing
ptolemy.kernel.util.IllegalActionException: Actor is not ready to fire.  Perhaps UpSample.prefire() returned false? Try debugging the actor by selecting "Listen to Actor".  Also, for SDF check moml for tokenConsumptionRate on input.
  in .DESDFClockTest.Play Bell.Copy1:SDF Director and .DESDFClockTest.Play Bell.UpSample
	at ptolemy.actor.sched.StaticSchedulingDirector.fire(StaticSchedulingDirector.java:227)
	at ptolemy.domains.sdf.kernel.SDFDirector.fire(SDFDirector.java:500)
	at ptolemy.actor.CompositeActor.fire(CompositeActor.java:455)
	at ptolemy.domains.de.kernel.DEDirector._fire(DEDirector.java:1949)
	at ptolemy.domains.de.kernel.DEDirector.fire(DEDirector.java:502)
	at ptolemy.actor.CompositeActor.fire(CompositeActor.java:455)
	at ptolemy.actor.Manager.iterate(Manager.java:851)
	at ptolemy.actor.Manager.execute(Manager.java:369)
	at ptolemy.actor.Manager.run(Manager.java:1263)
	at ptolemy.actor.Manager$PtolemyRunThread.run(Manager.java:1915)

    while executing
ptolemy.kernel.util.IllegalActionException: Actor is not ready to fire.  Perhaps UpSample.prefire() returned false? Try debugging the actor by selecting "Listen to Actor".  Also, for SDF check moml for tokenConsumptionRate on input.
  in .DESDFClockTest.Play Bell.Copy1:SDF Director and .DESDFClockTest.Play Bell.UpSample
    while executing
"java::new ptolemy.moml.MoMLSimpleApplication $file
"
    (procedure "createAndExecute" line 2)
    invoked from within
"createAndExecute $file"
    ("uplevel" body line 5)
    invoked from within
"uplevel $contents_of_test"
------------------ testing $PTII/ptolemy/domains/de/test/auto/knownFailedTests/FSMSource.xml (Known Failure) 
32 ms. Memory: 146944K Free: 107402K (73%)
!!!! Auto was marked as failing, but now passes
------------------ testing $PTII/ptolemy/domains/de/test/auto/knownFailedTests/dependencyLoop2.xml (Known Failure) 
7 ms. Memory: 146944K Free: 105518K (72%)


==== $PTIIhome/travis/build/icyphy/ptII/ptolemy/domains/de/test/../../../../: Auto Automatic test in file $PTII/ptolemy/domains/de/test/auto/knownFailedTests/dependencyLoop2.xml
==== Contents of test case:

	    # FIXME: we should use $relativeFilename here, but it
	    # might have backslashes under Windows, which causes no end
	    # of trouble.
	    createAndExecute $file
	    list {}
	
.... Test generated KNOWN error:
    while executing
ptolemy.kernel.util.IllegalActionException: Found a zero delay loop containing .dependencyLoop2.original
  in .dependencyLoop2 and .dependencyLoop2.original
	at ptolemy.actor.util.CausalityInterfaceForComposites._computeOutputPortDepth(CausalityInterfaceForComposites.java:759)
	at ptolemy.actor.util.CausalityInterfaceForComposites._computeInputDepth(CausalityInterfaceForComposites.java:696)
	at ptolemy.actor.util.CausalityInterfaceForComposites._computeOutputPortDepth(CausalityInterfaceForComposites.java:765)
	at ptolemy.actor.util.CausalityInterfaceForComposites._computeInputDepth(CausalityInterfaceForComposites.java:696)
	at ptolemy.actor.util.CausalityInterfaceForComposites._computeOutputPortDepth(CausalityInterfaceForComposites.java:765)
	at ptolemy.actor.util.CausalityInterfaceForComposites._computeInputDepth(CausalityInterfaceForComposites.java:696)
	at ptolemy.actor.util.CausalityInterfaceForComposites._computeActorDepth(CausalityInterfaceForComposites.java:532)
	at ptolemy.actor.util.CausalityInterfaceForComposites.checkForCycles(CausalityInterfaceForComposites.java:96)
	at ptolemy.domains.de.kernel.DEDirector.preinitialize(DEDirector.java:1338)
	at ptolemy.actor.CompositeActor.preinitialize(CompositeActor.java:1828)
	at ptolemy.actor.Manager.preinitializeAndResolveTypes(Manager.java:1040)
	at ptolemy.actor.Manager.initialize(Manager.java:710)
	at ptolemy.actor.Manager.execute(Manager.java:356)
	at ptolemy.actor.Manager.run(Manager.java:1263)
	at ptolemy.actor.Manager$PtolemyRunThread.run(Manager.java:1915)

    while executing
ptolemy.kernel.util.IllegalActionException: Found a zero delay loop containing .dependencyLoop2.original
  in .dependencyLoop2 and .dependencyLoop2.original
    while executing
"java::new ptolemy.moml.MoMLSimpleApplication $file
"
    (procedure "createAndExecute" line 2)
    invoked from within
"createAndExecute $file"
    ("uplevel" body line 5)
    invoked from within
"uplevel $contents_of_test"
------------------ testing $PTII/ptolemy/domains/de/test/auto/knownFailedTests/HierarchicalModel.xml (Known Failure) 
6 ms. Memory: 146944K Free: 84777K (58%)


==== $PTIIhome/travis/build/icyphy/ptII/ptolemy/domains/de/test/../../../../: Auto Automatic test in file $PTII/ptolemy/domains/de/test/auto/knownFailedTests/HierarchicalModel.xml
==== Contents of test case:

	    # FIXME: we should use $relativeFilename here, but it
	    # might have backslashes under Windows, which causes no end
	    # of trouble.
	    createAndExecute $file
	    list {}
	
.... Test generated KNOWN error:
    while executing
ptolemy.kernel.util.IllegalActionException: Found a zero delay loop containing .HierarchicalModel.A
  in .HierarchicalModel and .HierarchicalModel.A
	at ptolemy.actor.util.CausalityInterfaceForComposites._computeOutputPortDepth(CausalityInterfaceForComposites.java:759)
	at ptolemy.actor.util.CausalityInterfaceForComposites._computeInputDepth(CausalityInterfaceForComposites.java:696)
	at ptolemy.actor.util.CausalityInterfaceForComposites._computeOutputPortDepth(CausalityInterfaceForComposites.java:765)
	at ptolemy.actor.util.CausalityInterfaceForComposites._computeInputDepth(CausalityInterfaceForComposites.java:696)
	at ptolemy.actor.util.CausalityInterfaceForComposites._computeOutputPortDepth(CausalityInterfaceForComposites.java:765)
	at ptolemy.actor.util.CausalityInterfaceForComposites._computeInputDepth(CausalityInterfaceForComposites.java:696)
	at ptolemy.actor.util.CausalityInterfaceForComposites._computeActorDepth(CausalityInterfaceForComposites.java:532)
	at ptolemy.actor.util.CausalityInterfaceForComposites.checkForCycles(CausalityInterfaceForComposites.java:96)
	at ptolemy.domains.de.kernel.DEDirector.preinitialize(DEDirector.java:1338)
	at ptolemy.actor.CompositeActor.preinitialize(CompositeActor.java:1828)
	at ptolemy.actor.Manager.preinitializeAndResolveTypes(Manager.java:1040)
	at ptolemy.actor.Manager.initialize(Manager.java:710)
	at ptolemy.actor.Manager.execute(Manager.java:356)
	at ptolemy.actor.Manager.run(Manager.java:1263)
	at ptolemy.actor.Manager$PtolemyRunThread.run(Manager.java:1915)

    while executing
ptolemy.kernel.util.IllegalActionException: Found a zero delay loop containing .HierarchicalModel.A
  in .HierarchicalModel and .HierarchicalModel.A
    while executing
"java::new ptolemy.moml.MoMLSimpleApplication $file
"
    (procedure "createAndExecute" line 2)
    invoked from within
"createAndExecute $file"
    ("uplevel" body line 5)
    invoked from within
"uplevel $contents_of_test"
------------------ testing $PTII/ptolemy/domains/de/test/auto/knownFailedTests/DirectFeedback.xml (Known Failure) 
10 ms. Memory: 146944K Free: 141116K (96%)


==== $PTIIhome/travis/build/icyphy/ptII/ptolemy/domains/de/test/../../../../: Auto Automatic test in file $PTII/ptolemy/domains/de/test/auto/knownFailedTests/DirectFeedback.xml
==== Contents of test case:

	    # FIXME: we should use $relativeFilename here, but it
	    # might have backslashes under Windows, which causes no end
	    # of trouble.
	    createAndExecute $file
	    list {}
	
.... Test generated KNOWN error:
    while executing
ptolemy.kernel.util.IllegalActionException: Test fails in iteration 1.
Value was: 1.0. Should have been: 2.0
  in .DirectFeedback.Test
	at ptolemy.actor.lib.Test.fire(Test.java:268)
	at ptolemy.domains.de.kernel.DEDirector._fire(DEDirector.java:1949)
	at ptolemy.domains.de.kernel.DEDirector.fire(DEDirector.java:502)
	at ptolemy.actor.CompositeActor.fire(CompositeActor.java:455)
	at ptolemy.actor.Manager.iterate(Manager.java:851)
	at ptolemy.actor.Manager.execute(Manager.java:369)
	at ptolemy.actor.Manager.run(Manager.java:1263)
	at ptolemy.actor.Manager$PtolemyRunThread.run(Manager.java:1915)

    while executing
ptolemy.kernel.util.IllegalActionException: Test fails in iteration 1.
Value was: 1.0. Should have been: 2.0
  in .DirectFeedback.Test
    while executing
"java::new ptolemy.moml.MoMLSimpleApplication $file
"
    (procedure "createAndExecute" line 2)
    invoked from within
"createAndExecute $file"
    ("uplevel" body line 5)
    invoked from within
"uplevel $contents_of_test"
------------------ testing $PTII/ptolemy/domains/de/test/auto/ActorDepthCalculation_actorWithoutPorts.xml
auto.tcl: Setting watchdog for 200 seconds at Fri Aug 24 01:58:53 UTC 2018
9 ms. Memory: 146944K Free: 132397K (90%)
ptolemy.util.test.WatchDog.cancel(): canceling Fri Aug 24 01:58:53 UTC 2018
auto.tcl: Setting watchdog for 200 seconds at Fri Aug 24 01:58:53 UTC 2018
5 ms. Memory: 146944K Free: 131354K (89%)
ptolemy.util.test.WatchDog.cancel(): canceling Fri Aug 24 01:58:53 UTC 2018
------------------ testing $PTII/ptolemy/domains/de/test/auto/AssemblyLine.xml
auto.tcl: Setting watchdog for 200 seconds at Fri Aug 24 01:58:54 UTC 2018
34 ms. Memory: 208384K Free: 182819K (88%)
ptolemy.util.test.WatchDog.cancel(): canceling Fri Aug 24 01:58:54 UTC 2018
auto.tcl: Setting watchdog for 200 seconds at Fri Aug 24 01:58:54 UTC 2018
8 ms. Memory: 208384K Free: 182819K (88%)
ptolemy.util.test.WatchDog.cancel(): canceling Fri Aug 24 01:58:54 UTC 2018
------------------ testing $PTII/ptolemy/domains/de/test/auto/CQBug1.xml
auto.tcl: Setting watchdog for 200 seconds at Fri Aug 24 01:58:54 UTC 2018
9 ms. Memory: 208384K Free: 197707K (95%)
ptolemy.util.test.WatchDog.cancel(): canceling Fri Aug 24 01:58:54 UTC 2018
auto.tcl: Setting watchdog for 200 seconds at Fri Aug 24 01:58:54 UTC 2018
3 ms. Memory: 208384K Free: 197707K (95%)
ptolemy.util.test.WatchDog.cancel(): canceling Fri Aug 24 01:58:54 UTC 2018
------------------ testing $PTII/ptolemy/domains/de/test/auto/CancelFireAt.xml
auto.tcl: Setting watchdog for 200 seconds at Fri Aug 24 01:58:54 UTC 2018
4 ms. Memory: 208384K Free: 201434K (97%)
ptolemy.util.test.WatchDog.cancel(): canceling Fri Aug 24 01:58:54 UTC 2018
auto.tcl: Setting watchdog for 200 seconds at Fri Aug 24 01:58:54 UTC 2018
11 ms. Memory: 208384K Free: 199327K (96%)
ptolemy.util.test.WatchDog.cancel(): canceling Fri Aug 24 01:58:54 UTC 2018
------------------ testing $PTII/ptolemy/domains/de/test/auto/CausalityAndComposabilityAnalysis.xml
auto.tcl: Setting watchdog for 200 seconds at Fri Aug 24 01:58:54 UTC 2018
23 ms. Memory: 208384K Free: 196480K (94%)
ptolemy.util.test.WatchDog.cancel(): canceling Fri Aug 24 01:58:54 UTC 2018
auto.tcl: Setting watchdog for 200 seconds at Fri Aug 24 01:58:54 UTC 2018
16 ms. Memory: 208384K Free: 196480K (94%)
ptolemy.util.test.WatchDog.cancel(): canceling Fri Aug 24 01:58:54 UTC 2018
------------------ testing $PTII/ptolemy/domains/de/test/auto/CausalityInterface1.xml
auto.tcl: Setting watchdog for 200 seconds at Fri Aug 24 01:58:54 UTC 2018
25 ms. Memory: 208384K Free: 196417K (94%)
ptolemy.util.test.WatchDog.cancel(): canceling Fri Aug 24 01:58:54 UTC 2018
auto.tcl: Setting watchdog for 200 seconds at Fri Aug 24 01:58:54 UTC 2018
8 ms. Memory: 208384K Free: 196417K (94%)
ptolemy.util.test.WatchDog.cancel(): canceling Fri Aug 24 01:58:54 UTC 2018
------------------ testing $PTII/ptolemy/domains/de/test/auto/CausalityInterface15.xml
auto.tcl: Setting watchdog for 200 seconds at Fri Aug 24 01:58:55 UTC 2018
22 ms. Memory: 208384K Free: 196407K (94%)
ptolemy.util.test.WatchDog.cancel(): canceling Fri Aug 24 01:58:55 UTC 2018
auto.tcl: Setting watchdog for 200 seconds at Fri Aug 24 01:58:55 UTC 2018
5 ms. Memory: 208384K Free: 196407K (94%)
ptolemy.util.test.WatchDog.cancel(): canceling Fri Aug 24 01:58:55 UTC 2018
------------------ testing $PTII/ptolemy/domains/de/test/auto/CausalityInterface2.xml
auto.tcl: Setting watchdog for 200 seconds at Fri Aug 24 01:58:55 UTC 2018
10 ms. Memory: 208384K Free: 196391K (94%)
ptolemy.util.test.WatchDog.cancel(): canceling Fri Aug 24 01:58:55 UTC 2018
auto.tcl: Setting watchdog for 200 seconds at Fri Aug 24 01:58:55 UTC 2018
3 ms. Memory: 208384K Free: 196391K (94%)
ptolemy.util.test.WatchDog.cancel(): canceling Fri Aug 24 01:58:55 UTC 2018
------------------ testing $PTII/ptolemy/domains/de/test/auto/CausalityInterface3.xml
auto.tcl: Setting watchdog for 200 seconds at Fri Aug 24 01:58:55 UTC 2018
3 ms. Memory: 208384K Free: 196403K (94%)
ptolemy.util.test.WatchDog.cancel(): canceling Fri Aug 24 01:58:55 UTC 2018
auto.tcl: Setting watchdog for 200 seconds at Fri Aug 24 01:58:55 UTC 2018
6 ms. Memory: 208384K Free: 196403K (94%)
ptolemy.util.test.WatchDog.cancel(): canceling Fri Aug 24 01:58:55 UTC 2018
------------------ testing $PTII/ptolemy/domains/de/test/auto/ClockDrift.xml
auto.tcl: Setting watchdog for 200 seconds at Fri Aug 24 01:58:55 UTC 2018
106 ms. Memory: 208384K Free: 187613K (90%)
ptolemy.util.test.WatchDog.cancel(): canceling Fri Aug 24 01:58:55 UTC 2018
auto.tcl: Setting watchdog for 200 seconds at Fri Aug 24 01:58:55 UTC 2018
79 ms. Memory: 208384K Free: 185506K (89%)
ptolemy.util.test.WatchDog.cancel(): canceling Fri Aug 24 01:58:55 UTC 2018
------------------ testing $PTII/ptolemy/domains/de/test/auto/ClockDriftAndValueChange.xml
auto.tcl: Setting watchdog for 200 seconds at Fri Aug 24 01:58:55 UTC 2018
53 ms. Memory: 208384K Free: 187446K (90%)
ptolemy.util.test.WatchDog.cancel(): canceling Fri Aug 24 01:58:55 UTC 2018
auto.tcl: Setting watchdog for 200 seconds at Fri Aug 24 01:58:55 UTC 2018
34 ms. Memory: 208384K Free: 185339K (89%)
ptolemy.util.test.WatchDog.cancel(): canceling Fri Aug 24 01:58:55 UTC 2018
------------------ testing $PTII/ptolemy/domains/de/test/auto/ClockDriftChange.xml
auto.tcl: Setting watchdog for 200 seconds at Fri Aug 24 01:58:55 UTC 2018
37 ms. Memory: 208384K Free: 190775K (92%)
ptolemy.util.test.WatchDog.cancel(): canceling Fri Aug 24 01:58:55 UTC 2018
auto.tcl: Setting watchdog for 200 seconds at Fri Aug 24 01:58:55 UTC 2018
29 ms. Memory: 208384K Free: 188668K (91%)
ptolemy.util.test.WatchDog.cancel(): canceling Fri Aug 24 01:58:55 UTC 2018
------------------ testing $PTII/ptolemy/domains/de/test/auto/ComposableCausalityAnalysis.xml
auto.tcl: Setting watchdog for 200 seconds at Fri Aug 24 01:58:56 UTC 2018
2 ms. Memory: 208384K Free: 196011K (94%)
ptolemy.util.test.WatchDog.cancel(): canceling Fri Aug 24 01:58:56 UTC 2018
auto.tcl: Setting watchdog for 200 seconds at Fri Aug 24 01:58:56 UTC 2018
2 ms. Memory: 208384K Free: 193904K (93%)
ptolemy.util.test.WatchDog.cancel(): canceling Fri Aug 24 01:58:56 UTC 2018
------------------ testing $PTII/ptolemy/domains/de/test/auto/DEFixedPointLimitation.xml
auto.tcl: Setting watchdog for 200 seconds at Fri Aug 24 01:58:56 UTC 2018
1 ms. Memory: 208384K Free: 196091K (94%)
ptolemy.util.test.WatchDog.cancel(): canceling Fri Aug 24 01:58:56 UTC 2018
auto.tcl: Setting watchdog for 200 seconds at Fri Aug 24 01:58:56 UTC 2018
2 ms. Memory: 208384K Free: 196091K (94%)
ptolemy.util.test.WatchDog.cancel(): canceling Fri Aug 24 01:58:56 UTC 2018
------------------ testing $PTII/ptolemy/domains/de/test/auto/DEScheduleTest.xml
auto.tcl: Setting watchdog for 200 seconds at Fri Aug 24 01:58:56 UTC 2018
4 ms. Memory: 208384K Free: 198234K (95%)
ptolemy.util.test.WatchDog.cancel(): canceling Fri Aug 24 01:58:56 UTC 2018
auto.tcl: Setting watchdog for 200 seconds at Fri Aug 24 01:58:56 UTC 2018
6 ms. Memory: 208384K Free: 196127K (94%)
ptolemy.util.test.WatchDog.cancel(): canceling Fri Aug 24 01:58:56 UTC 2018
------------------ testing $PTII/ptolemy/domains/de/test/auto/DEinDEwithStartTimes.xml
auto.tcl: Setting watchdog for 200 seconds at Fri Aug 24 01:58:56 UTC 2018
6 ms. Memory: 208384K Free: 196096K (94%)
ptolemy.util.test.WatchDog.cancel(): canceling Fri Aug 24 01:58:56 UTC 2018
auto.tcl: Setting watchdog for 200 seconds at Fri Aug 24 01:58:56 UTC 2018
3 ms. Memory: 208384K Free: 193989K (93%)
ptolemy.util.test.WatchDog.cancel(): canceling Fri Aug 24 01:58:56 UTC 2018
------------------ testing $PTII/ptolemy/domains/de/test/auto/DEinDEwithStartTimes2.xml
auto.tcl: Setting watchdog for 200 seconds at Fri Aug 24 01:58:56 UTC 2018
6 ms. Memory: 208384K Free: 196414K (94%)
ptolemy.util.test.WatchDog.cancel(): canceling Fri Aug 24 01:58:56 UTC 2018
auto.tcl: Setting watchdog for 200 seconds at Fri Aug 24 01:58:56 UTC 2018
13 ms. Memory: 208384K Free: 193969K (93%)
ptolemy.util.test.WatchDog.cancel(): canceling Fri Aug 24 01:58:56 UTC 2018
------------------ testing $PTII/ptolemy/domains/de/test/auto/DateDemo.xml
auto.tcl: Setting watchdog for 200 seconds at Fri Aug 24 01:58:56 UTC 2018
17 ms. Memory: 208384K Free: 188485K (90%)
ptolemy.util.test.WatchDog.cancel(): canceling Fri Aug 24 01:58:56 UTC 2018
auto.tcl: Setting watchdog for 200 seconds at Fri Aug 24 01:58:56 UTC 2018
8 ms. Memory: 208384K Free: 186378K (89%)
ptolemy.util.test.WatchDog.cancel(): canceling Fri Aug 24 01:58:56 UTC 2018
------------------ testing $PTII/ptolemy/domains/de/test/auto/DateToEvent.xml
auto.tcl: Setting watchdog for 200 seconds at Fri Aug 24 01:58:56 UTC 2018
2011 ms. Memory: 208384K Free: 183185K (88%)
ptolemy.util.test.WatchDog.cancel(): canceling Fri Aug 24 01:58:58 UTC 2018
auto.tcl: Setting watchdog for 200 seconds at Fri Aug 24 01:58:58 UTC 2018
2005 ms. Memory: 208384K Free: 183185K (88%)
ptolemy.util.test.WatchDog.cancel(): canceling Fri Aug 24 01:59:00 UTC 2018
------------------ testing $PTII/ptolemy/domains/de/test/auto/DepthTest1.xml
auto.tcl: Setting watchdog for 200 seconds at Fri Aug 24 01:59:00 UTC 2018
3 ms. Memory: 208384K Free: 197437K (95%)
ptolemy.util.test.WatchDog.cancel(): canceling Fri Aug 24 01:59:00 UTC 2018
auto.tcl: Setting watchdog for 200 seconds at Fri Aug 24 01:59:00 UTC 2018
2 ms. Memory: 208384K Free: 197437K (95%)
ptolemy.util.test.WatchDog.cancel(): canceling Fri Aug 24 01:59:00 UTC 2018
------------------ testing $PTII/ptolemy/domains/de/test/auto/DepthTest2.xml
auto.tcl: Setting watchdog for 200 seconds at Fri Aug 24 01:59:00 UTC 2018
9 ms. Memory: 208384K Free: 193622K (93%)
ptolemy.util.test.WatchDog.cancel(): canceling Fri Aug 24 01:59:00 UTC 2018
auto.tcl: Setting watchdog for 200 seconds at Fri Aug 24 01:59:00 UTC 2018
4 ms. Memory: 208384K Free: 193622K (93%)
ptolemy.util.test.WatchDog.cancel(): canceling Fri Aug 24 01:59:00 UTC 2018
------------------ testing $PTII/ptolemy/domains/de/test/auto/DepthTest3.xml
auto.tcl: Setting watchdog for 200 seconds at Fri Aug 24 01:59:00 UTC 2018
2 ms. Memory: 208384K Free: 198108K (95%)
ptolemy.util.test.WatchDog.cancel(): canceling Fri Aug 24 01:59:00 UTC 2018
auto.tcl: Setting watchdog for 200 seconds at Fri Aug 24 01:59:00 UTC 2018
2 ms. Memory: 208384K Free: 198108K (95%)
ptolemy.util.test.WatchDog.cancel(): canceling Fri Aug 24 01:59:00 UTC 2018
------------------ testing $PTII/ptolemy/domains/de/test/auto/DepthTest4.xml
auto.tcl: Setting watchdog for 200 seconds at Fri Aug 24 01:59:01 UTC 2018
6 ms. Memory: 208384K Free: 195751K (94%)
ptolemy.util.test.WatchDog.cancel(): canceling Fri Aug 24 01:59:01 UTC 2018
auto.tcl: Setting watchdog for 200 seconds at Fri Aug 24 01:59:01 UTC 2018
2 ms. Memory: 208384K Free: 195751K (94%)
ptolemy.util.test.WatchDog.cancel(): canceling Fri Aug 24 01:59:01 UTC 2018
------------------ testing $PTII/ptolemy/domains/de/test/auto/DepthTest5.xml
auto.tcl: Setting watchdog for 200 seconds at Fri Aug 24 01:59:01 UTC 2018
6 ms. Memory: 208384K Free: 196035K (94%)
ptolemy.util.test.WatchDog.cancel(): canceling Fri Aug 24 01:59:01 UTC 2018
auto.tcl: Setting watchdog for 200 seconds at Fri Aug 24 01:59:01 UTC 2018
2 ms. Memory: 208384K Free: 196035K (94%)
ptolemy.util.test.WatchDog.cancel(): canceling Fri Aug 24 01:59:01 UTC 2018
------------------ testing $PTII/ptolemy/domains/de/test/auto/DepthTest6.xml
auto.tcl: Setting watchdog for 200 seconds at Fri Aug 24 01:59:01 UTC 2018
8 ms. Memory: 208384K Free: 196003K (94%)
ptolemy.util.test.WatchDog.cancel(): canceling Fri Aug 24 01:59:01 UTC 2018
auto.tcl: Setting watchdog for 200 seconds at Fri Aug 24 01:59:01 UTC 2018
2 ms. Memory: 208384K Free: 196003K (94%)
ptolemy.util.test.WatchDog.cancel(): canceling Fri Aug 24 01:59:01 UTC 2018
------------------ testing $PTII/ptolemy/domains/de/test/auto/DepthTest7.xml
auto.tcl: Setting watchdog for 200 seconds at Fri Aug 24 01:59:01 UTC 2018
3 ms. Memory: 208384K Free: 194426K (93%)
ptolemy.util.test.WatchDog.cancel(): canceling Fri Aug 24 01:59:01 UTC 2018
auto.tcl: Setting watchdog for 200 seconds at Fri Aug 24 01:59:01 UTC 2018
3 ms. Memory: 208384K Free: 194426K (93%)
ptolemy.util.test.WatchDog.cancel(): canceling Fri Aug 24 01:59:01 UTC 2018
------------------ testing $PTII/ptolemy/domains/de/test/auto/EventToDate.xml
auto.tcl: Setting watchdog for 200 seconds at Fri Aug 24 01:59:01 UTC 2018
3005 ms. Memory: 208384K Free: 182684K (88%)
ptolemy.util.test.WatchDog.cancel(): canceling Fri Aug 24 01:59:04 UTC 2018
auto.tcl: Setting watchdog for 200 seconds at Fri Aug 24 01:59:04 UTC 2018
3004 ms. Memory: 208384K Free: 182684K (88%)
ptolemy.util.test.WatchDog.cancel(): canceling Fri Aug 24 01:59:07 UTC 2018
------------------ testing $PTII/ptolemy/domains/de/test/auto/FSM1.xml
auto.tcl: Setting watchdog for 200 seconds at Fri Aug 24 01:59:07 UTC 2018
21 ms. Memory: 208384K Free: 189030K (91%)
ptolemy.util.test.WatchDog.cancel(): canceling Fri Aug 24 01:59:07 UTC 2018
auto.tcl: Setting watchdog for 200 seconds at Fri Aug 24 01:59:07 UTC 2018
17 ms. Memory: 208384K Free: 184478K (89%)
ptolemy.util.test.WatchDog.cancel(): canceling Fri Aug 24 01:59:07 UTC 2018
------------------ testing $PTII/ptolemy/domains/de/test/auto/FSM7.xml
auto.tcl: Setting watchdog for 200 seconds at Fri Aug 24 01:59:07 UTC 2018
27 ms. Memory: 208384K Free: 186788K (90%)
ptolemy.util.test.WatchDog.cancel(): canceling Fri Aug 24 01:59:07 UTC 2018
auto.tcl: Setting watchdog for 200 seconds at Fri Aug 24 01:59:07 UTC 2018
21 ms. Memory: 208384K Free: 184681K (89%)
ptolemy.util.test.WatchDog.cancel(): canceling Fri Aug 24 01:59:07 UTC 2018
------------------ testing $PTII/ptolemy/domains/de/test/auto/Inspection.xml
auto.tcl: Setting watchdog for 200 seconds at Fri Aug 24 01:59:07 UTC 2018
47 ms. Memory: 208384K Free: 188339K (90%)
ptolemy.util.test.WatchDog.cancel(): canceling Fri Aug 24 01:59:07 UTC 2018
auto.tcl: Setting watchdog for 200 seconds at Fri Aug 24 01:59:07 UTC 2018
38 ms. Memory: 208384K Free: 186232K (89%)
ptolemy.util.test.WatchDog.cancel(): canceling Fri Aug 24 01:59:07 UTC 2018
------------------ testing $PTII/ptolemy/domains/de/test/auto/Iteration.xml
auto.tcl: Setting watchdog for 200 seconds at Fri Aug 24 01:59:07 UTC 2018
9 ms. Memory: 208384K Free: 195460K (94%)
ptolemy.util.test.WatchDog.cancel(): canceling Fri Aug 24 01:59:07 UTC 2018
auto.tcl: Setting watchdog for 200 seconds at Fri Aug 24 01:59:07 UTC 2018
10 ms. Memory: 208384K Free: 193353K (93%)
ptolemy.util.test.WatchDog.cancel(): canceling Fri Aug 24 01:59:07 UTC 2018
------------------ testing $PTII/ptolemy/domains/de/test/auto/LineFault.xml
auto.tcl: Setting watchdog for 200 seconds at Fri Aug 24 01:59:08 UTC 2018
882 ms. Memory: 208384K Free: 195703K (94%)
ptolemy.util.test.WatchDog.cancel(): canceling Fri Aug 24 01:59:09 UTC 2018
auto.tcl: Setting watchdog for 200 seconds at Fri Aug 24 01:59:09 UTC 2018
621 ms. Memory: 208384K Free: 140039K (67%)
ptolemy.util.test.WatchDog.cancel(): canceling Fri Aug 24 01:59:09 UTC 2018
------------------ testing $PTII/ptolemy/domains/de/test/auto/MergeModel1Add.xml
auto.tcl: Setting watchdog for 200 seconds at Fri Aug 24 01:59:09 UTC 2018
20 ms. Memory: 331264K Free: 293335K (89%)
ptolemy.util.test.WatchDog.cancel(): canceling Fri Aug 24 01:59:10 UTC 2018
auto.tcl: Setting watchdog for 200 seconds at Fri Aug 24 01:59:10 UTC 2018
14 ms. Memory: 331264K Free: 293335K (89%)
ptolemy.util.test.WatchDog.cancel(): canceling Fri Aug 24 01:59:10 UTC 2018
------------------ testing $PTII/ptolemy/domains/de/test/auto/MergeModel2Add.xml
auto.tcl: Setting watchdog for 200 seconds at Fri Aug 24 01:59:10 UTC 2018
9 ms. Memory: 331264K Free: 302717K (91%)
ptolemy.util.test.WatchDog.cancel(): canceling Fri Aug 24 01:59:10 UTC 2018
auto.tcl: Setting watchdog for 200 seconds at Fri Aug 24 01:59:10 UTC 2018
16 ms. Memory: 331264K Free: 298760K (90%)
ptolemy.util.test.WatchDog.cancel(): canceling Fri Aug 24 01:59:10 UTC 2018
------------------ testing $PTII/ptolemy/domains/de/test/auto/MergeModel3Add.xml
auto.tcl: Setting watchdog for 200 seconds at Fri Aug 24 01:59:10 UTC 2018
15 ms. Memory: 331264K Free: 302743K (91%)
ptolemy.util.test.WatchDog.cancel(): canceling Fri Aug 24 01:59:10 UTC 2018
auto.tcl: Setting watchdog for 200 seconds at Fri Aug 24 01:59:10 UTC 2018
10 ms. Memory: 331264K Free: 298795K (90%)
ptolemy.util.test.WatchDog.cancel(): canceling Fri Aug 24 01:59:10 UTC 2018
------------------ testing $PTII/ptolemy/domains/de/test/auto/MergeWithoutDiscard.xml
auto.tcl: Setting watchdog for 200 seconds at Fri Aug 24 01:59:10 UTC 2018
2 ms. Memory: 331264K Free: 319655K (96%)
ptolemy.util.test.WatchDog.cancel(): canceling Fri Aug 24 01:59:10 UTC 2018
auto.tcl: Setting watchdog for 200 seconds at Fri Aug 24 01:59:10 UTC 2018
2 ms. Memory: 331264K Free: 315706K (95%)
ptolemy.util.test.WatchDog.cancel(): canceling Fri Aug 24 01:59:10 UTC 2018
------------------ testing $PTII/ptolemy/domains/de/test/auto/Modal1.xml
auto.tcl: Setting watchdog for 200 seconds at Fri Aug 24 01:59:10 UTC 2018
21 ms. Memory: 331264K Free: 308912K (93%)
ptolemy.util.test.WatchDog.cancel(): canceling Fri Aug 24 01:59:10 UTC 2018
auto.tcl: Setting watchdog for 200 seconds at Fri Aug 24 01:59:10 UTC 2018
22 ms. Memory: 331264K Free: 304964K (92%)
ptolemy.util.test.WatchDog.cancel(): canceling Fri Aug 24 01:59:10 UTC 2018
------------------ testing $PTII/ptolemy/domains/de/test/auto/Modal2.xml
auto.tcl: Setting watchdog for 200 seconds at Fri Aug 24 01:59:10 UTC 2018
15 ms. Memory: 331264K Free: 308781K (93%)
ptolemy.util.test.WatchDog.cancel(): canceling Fri Aug 24 01:59:10 UTC 2018
auto.tcl: Setting watchdog for 200 seconds at Fri Aug 24 01:59:10 UTC 2018
12 ms. Memory: 331264K Free: 304832K (92%)
ptolemy.util.test.WatchDog.cancel(): canceling Fri Aug 24 01:59:10 UTC 2018
------------------ testing $PTII/ptolemy/domains/de/test/auto/Modal3.xml
auto.tcl: Setting watchdog for 200 seconds at Fri Aug 24 01:59:10 UTC 2018
17 ms. Memory: 331264K Free: 308559K (93%)
ptolemy.util.test.WatchDog.cancel(): canceling Fri Aug 24 01:59:10 UTC 2018
auto.tcl: Setting watchdog for 200 seconds at Fri Aug 24 01:59:10 UTC 2018
16 ms. Memory: 331264K Free: 304602K (92%)
ptolemy.util.test.WatchDog.cancel(): canceling Fri Aug 24 01:59:10 UTC 2018
------------------ testing $PTII/ptolemy/domains/de/test/auto/Modal4.xml
auto.tcl: Setting watchdog for 200 seconds at Fri Aug 24 01:59:10 UTC 2018
28 ms. Memory: 331264K Free: 308571K (93%)
ptolemy.util.test.WatchDog.cancel(): canceling Fri Aug 24 01:59:10 UTC 2018
auto.tcl: Setting watchdog for 200 seconds at Fri Aug 24 01:59:10 UTC 2018
18 ms. Memory: 331264K Free: 304606K (92%)
ptolemy.util.test.WatchDog.cancel(): canceling Fri Aug 24 01:59:10 UTC 2018
------------------ testing $PTII/ptolemy/domains/de/test/auto/Modal5.xml
auto.tcl: Setting watchdog for 200 seconds at Fri Aug 24 01:59:10 UTC 2018
21 ms. Memory: 331264K Free: 308557K (93%)
ptolemy.util.test.WatchDog.cancel(): canceling Fri Aug 24 01:59:11 UTC 2018
auto.tcl: Setting watchdog for 200 seconds at Fri Aug 24 01:59:11 UTC 2018
12 ms. Memory: 331264K Free: 304593K (92%)
ptolemy.util.test.WatchDog.cancel(): canceling Fri Aug 24 01:59:11 UTC 2018
------------------ testing $PTII/ptolemy/domains/de/test/auto/Modal6.xml
auto.tcl: Setting watchdog for 200 seconds at Fri Aug 24 01:59:11 UTC 2018
15 ms. Memory: 331264K Free: 308555K (93%)
ptolemy.util.test.WatchDog.cancel(): canceling Fri Aug 24 01:59:11 UTC 2018
auto.tcl: Setting watchdog for 200 seconds at Fri Aug 24 01:59:11 UTC 2018
18 ms. Memory: 331264K Free: 304590K (92%)
ptolemy.util.test.WatchDog.cancel(): canceling Fri Aug 24 01:59:11 UTC 2018
------------------ testing $PTII/ptolemy/domains/de/test/auto/Modal7.xml
auto.tcl: Setting watchdog for 200 seconds at Fri Aug 24 01:59:11 UTC 2018
19 ms. Memory: 331264K Free: 308539K (93%)
ptolemy.util.test.WatchDog.cancel(): canceling Fri Aug 24 01:59:11 UTC 2018
auto.tcl: Setting watchdog for 200 seconds at Fri Aug 24 01:59:11 UTC 2018
11 ms. Memory: 331264K Free: 304575K (92%)
ptolemy.util.test.WatchDog.cancel(): canceling Fri Aug 24 01:59:11 UTC 2018
------------------ testing $PTII/ptolemy/domains/de/test/auto/ModalModel.xml
auto.tcl: Setting watchdog for 200 seconds at Fri Aug 24 01:59:11 UTC 2018
247 ms. Memory: 331264K Free: 247324K (75%)
ptolemy.util.test.WatchDog.cancel(): canceling Fri Aug 24 01:59:11 UTC 2018
auto.tcl: Setting watchdog for 200 seconds at Fri Aug 24 01:59:11 UTC 2018
222 ms. Memory: 331264K Free: 191844K (58%)
ptolemy.util.test.WatchDog.cancel(): canceling Fri Aug 24 01:59:11 UTC 2018
------------------ testing $PTII/ptolemy/domains/de/test/auto/ModalSource.xml
auto.tcl: Setting watchdog for 200 seconds at Fri Aug 24 01:59:11 UTC 2018
10 ms. Memory: 331264K Free: 315309K (95%)
ptolemy.util.test.WatchDog.cancel(): canceling Fri Aug 24 01:59:11 UTC 2018
auto.tcl: Setting watchdog for 200 seconds at Fri Aug 24 01:59:11 UTC 2018
8 ms. Memory: 331264K Free: 311777K (94%)
ptolemy.util.test.WatchDog.cancel(): canceling Fri Aug 24 01:59:11 UTC 2018
------------------ testing $PTII/ptolemy/domains/de/test/auto/NonInterruptibleTimerZeroDelay.xml
auto.tcl: Setting watchdog for 200 seconds at Fri Aug 24 01:59:12 UTC 2018
4 ms. Memory: 331264K Free: 319696K (97%)
ptolemy.util.test.WatchDog.cancel(): canceling Fri Aug 24 01:59:12 UTC 2018
auto.tcl: Setting watchdog for 200 seconds at Fri Aug 24 01:59:12 UTC 2018
2 ms. Memory: 331264K Free: 316163K (95%)
ptolemy.util.test.WatchDog.cancel(): canceling Fri Aug 24 01:59:12 UTC 2018
------------------ testing $PTII/ptolemy/domains/de/test/auto/OpenQueueingNetwork.xml
auto.tcl: Setting watchdog for 200 seconds at Fri Aug 24 01:59:12 UTC 2018
3419 ms. Memory: 317952K Free: 152409K (48%)
ptolemy.util.test.WatchDog.cancel(): canceling Fri Aug 24 01:59:15 UTC 2018
auto.tcl: Setting watchdog for 200 seconds at Fri Aug 24 01:59:15 UTC 2018
2637 ms. Memory: 287232K Free: 232198K (81%)
ptolemy.util.test.WatchDog.cancel(): canceling Fri Aug 24 01:59:18 UTC 2018
------------------ testing $PTII/ptolemy/domains/de/test/auto/OpenQueuingNetwork.xml
auto.tcl: Setting watchdog for 200 seconds at Fri Aug 24 01:59:18 UTC 2018
319 ms. Memory: 287232K Free: 186413K (65%)
ptolemy.util.test.WatchDog.cancel(): canceling Fri Aug 24 01:59:18 UTC 2018
auto.tcl: Setting watchdog for 200 seconds at Fri Aug 24 01:59:18 UTC 2018
289 ms. Memory: 287232K Free: 126105K (44%)
ptolemy.util.test.WatchDog.cancel(): canceling Fri Aug 24 01:59:19 UTC 2018
------------------ testing $PTII/ptolemy/domains/de/test/auto/PeriodicSampler.xml
auto.tcl: Setting watchdog for 200 seconds at Fri Aug 24 01:59:19 UTC 2018
2 ms. Memory: 289792K Free: 273678K (94%)
ptolemy.util.test.WatchDog.cancel(): canceling Fri Aug 24 01:59:19 UTC 2018
auto.tcl: Setting watchdog for 200 seconds at Fri Aug 24 01:59:19 UTC 2018
2 ms. Memory: 289792K Free: 273678K (94%)
ptolemy.util.test.WatchDog.cancel(): canceling Fri Aug 24 01:59:19 UTC 2018
------------------ testing $PTII/ptolemy/domains/de/test/auto/PersistentIO.xml
auto.tcl: Setting watchdog for 200 seconds at Fri Aug 24 01:59:19 UTC 2018
6 ms. Memory: 287232K Free: 265910K (93%)
ptolemy.util.test.WatchDog.cancel(): canceling Fri Aug 24 01:59:19 UTC 2018
auto.tcl: Setting watchdog for 200 seconds at Fri Aug 24 01:59:19 UTC 2018
4 ms. Memory: 287232K Free: 265910K (93%)
ptolemy.util.test.WatchDog.cancel(): canceling Fri Aug 24 01:59:19 UTC 2018
------------------ testing $PTII/ptolemy/domains/de/test/auto/PortParameterResetOnInitialize.xml
auto.tcl: Setting watchdog for 200 seconds at Fri Aug 24 01:59:19 UTC 2018
2 ms. Memory: 289280K Free: 273627K (95%)
ptolemy.util.test.WatchDog.cancel(): canceling Fri Aug 24 01:59:19 UTC 2018
auto.tcl: Setting watchdog for 200 seconds at Fri Aug 24 01:59:19 UTC 2018
1 ms. Memory: 289280K Free: 273627K (95%)
ptolemy.util.test.WatchDog.cancel(): canceling Fri Aug 24 01:59:19 UTC 2018
------------------ testing $PTII/ptolemy/domains/de/test/auto/PortParameterUpdates.xml
auto.tcl: Setting watchdog for 200 seconds at Fri Aug 24 01:59:19 UTC 2018
5 ms. Memory: 287232K Free: 271626K (95%)
ptolemy.util.test.WatchDog.cancel(): canceling Fri Aug 24 01:59:19 UTC 2018
auto.tcl: Setting watchdog for 200 seconds at Fri Aug 24 01:59:19 UTC 2018
6 ms. Memory: 287232K Free: 268714K (94%)
ptolemy.util.test.WatchDog.cancel(): canceling Fri Aug 24 01:59:19 UTC 2018
------------------ testing $PTII/ptolemy/domains/de/test/auto/QueueAndServer.xml
auto.tcl: Setting watchdog for 200 seconds at Fri Aug 24 01:59:19 UTC 2018
18 ms. Memory: 289280K Free: 270735K (94%)
ptolemy.util.test.WatchDog.cancel(): canceling Fri Aug 24 01:59:19 UTC 2018
auto.tcl: Setting watchdog for 200 seconds at Fri Aug 24 01:59:19 UTC 2018
7 ms. Memory: 289280K Free: 270735K (94%)
ptolemy.util.test.WatchDog.cancel(): canceling Fri Aug 24 01:59:19 UTC 2018
------------------ testing $PTII/ptolemy/domains/de/test/auto/Records.xml
auto.tcl: Setting watchdog for 200 seconds at Fri Aug 24 01:59:19 UTC 2018
4 ms. Memory: 287232K Free: 273575K (95%)
ptolemy.util.test.WatchDog.cancel(): canceling Fri Aug 24 01:59:19 UTC 2018
auto.tcl: Setting watchdog for 200 seconds at Fri Aug 24 01:59:19 UTC 2018
2 ms. Memory: 287232K Free: 273575K (95%)
ptolemy.util.test.WatchDog.cancel(): canceling Fri Aug 24 01:59:19 UTC 2018
------------------ testing $PTII/ptolemy/domains/de/test/auto/ResetTransitionWithStartTime1.xml
auto.tcl: Setting watchdog for 200 seconds at Fri Aug 24 01:59:19 UTC 2018
18 ms. Memory: 288768K Free: 272233K (94%)
ptolemy.util.test.WatchDog.cancel(): canceling Fri Aug 24 01:59:19 UTC 2018
auto.tcl: Setting watchdog for 200 seconds at Fri Aug 24 01:59:19 UTC 2018
7 ms. Memory: 288768K Free: 269337K (93%)
ptolemy.util.test.WatchDog.cancel(): canceling Fri Aug 24 01:59:19 UTC 2018
------------------ testing $PTII/ptolemy/domains/de/test/auto/ResetTransitionWithStartTime2.xml
auto.tcl: Setting watchdog for 200 seconds at Fri Aug 24 01:59:19 UTC 2018
6 ms. Memory: 287232K Free: 270789K (94%)
ptolemy.util.test.WatchDog.cancel(): canceling Fri Aug 24 01:59:19 UTC 2018
auto.tcl: Setting watchdog for 200 seconds at Fri Aug 24 01:59:19 UTC 2018
6 ms. Memory: 287232K Free: 267877K (93%)
ptolemy.util.test.WatchDog.cancel(): canceling Fri Aug 24 01:59:19 UTC 2018
------------------ testing $PTII/ptolemy/domains/de/test/auto/ResetTransitionWithStartTime3.xml
auto.tcl: Setting watchdog for 200 seconds at Fri Aug 24 01:59:19 UTC 2018
6 ms. Memory: 288768K Free: 272230K (94%)
ptolemy.util.test.WatchDog.cancel(): canceling Fri Aug 24 01:59:19 UTC 2018
auto.tcl: Setting watchdog for 200 seconds at Fri Aug 24 01:59:19 UTC 2018
7 ms. Memory: 288768K Free: 269319K (93%)
ptolemy.util.test.WatchDog.cancel(): canceling Fri Aug 24 01:59:19 UTC 2018
------------------ testing $PTII/ptolemy/domains/de/test/auto/ResetTransitionWithStartTime4.xml
auto.tcl: Setting watchdog for 200 seconds at Fri Aug 24 01:59:19 UTC 2018
5 ms. Memory: 287232K Free: 266576K (93%)
ptolemy.util.test.WatchDog.cancel(): canceling Fri Aug 24 01:59:19 UTC 2018
auto.tcl: Setting watchdog for 200 seconds at Fri Aug 24 01:59:19 UTC 2018
4 ms. Memory: 287232K Free: 266576K (93%)
ptolemy.util.test.WatchDog.cancel(): canceling Fri Aug 24 01:59:19 UTC 2018
------------------ testing $PTII/ptolemy/domains/de/test/auto/ResettableTimer1.xml
auto.tcl: Setting watchdog for 200 seconds at Fri Aug 24 01:59:19 UTC 2018
3 ms. Memory: 288768K Free: 275119K (95%)
ptolemy.util.test.WatchDog.cancel(): canceling Fri Aug 24 01:59:19 UTC 2018
auto.tcl: Setting watchdog for 200 seconds at Fri Aug 24 01:59:19 UTC 2018
2 ms. Memory: 288768K Free: 275119K (95%)
ptolemy.util.test.WatchDog.cancel(): canceling Fri Aug 24 01:59:19 UTC 2018
------------------ testing $PTII/ptolemy/domains/de/test/auto/ResettableTimer2.xml
auto.tcl: Setting watchdog for 200 seconds at Fri Aug 24 01:59:20 UTC 2018
8 ms. Memory: 287232K Free: 273749K (95%)
ptolemy.util.test.WatchDog.cancel(): canceling Fri Aug 24 01:59:20 UTC 2018
auto.tcl: Setting watchdog for 200 seconds at Fri Aug 24 01:59:20 UTC 2018
2 ms. Memory: 287232K Free: 273749K (95%)
ptolemy.util.test.WatchDog.cancel(): canceling Fri Aug 24 01:59:20 UTC 2018
------------------ testing $PTII/ptolemy/domains/de/test/auto/ResettableTimer3.xml
auto.tcl: Setting watchdog for 200 seconds at Fri Aug 24 01:59:20 UTC 2018
1 ms. Memory: 288256K Free: 274663K (95%)
ptolemy.util.test.WatchDog.cancel(): canceling Fri Aug 24 01:59:20 UTC 2018
auto.tcl: Setting watchdog for 200 seconds at Fri Aug 24 01:59:20 UTC 2018
2 ms. Memory: 288256K Free: 274663K (95%)
ptolemy.util.test.WatchDog.cancel(): canceling Fri Aug 24 01:59:20 UTC 2018
------------------ testing $PTII/ptolemy/domains/de/test/auto/ResettableTimer4.xml
auto.tcl: Setting watchdog for 200 seconds at Fri Aug 24 01:59:20 UTC 2018
1 ms. Memory: 287232K Free: 273753K (95%)
ptolemy.util.test.WatchDog.cancel(): canceling Fri Aug 24 01:59:20 UTC 2018
auto.tcl: Setting watchdog for 200 seconds at Fri Aug 24 01:59:20 UTC 2018
1 ms. Memory: 287232K Free: 273753K (95%)
ptolemy.util.test.WatchDog.cancel(): canceling Fri Aug 24 01:59:20 UTC 2018
------------------ testing $PTII/ptolemy/domains/de/test/auto/ResettableTimer5.xml
auto.tcl: Setting watchdog for 200 seconds at Fri Aug 24 01:59:20 UTC 2018
3 ms. Memory: 288256K Free: 274791K (95%)
ptolemy.util.test.WatchDog.cancel(): canceling Fri Aug 24 01:59:20 UTC 2018
auto.tcl: Setting watchdog for 200 seconds at Fri Aug 24 01:59:20 UTC 2018
2 ms. Memory: 288256K Free: 274791K (95%)
ptolemy.util.test.WatchDog.cancel(): canceling Fri Aug 24 01:59:20 UTC 2018
------------------ testing $PTII/ptolemy/domains/de/test/auto/ResettableTimer6.xml
auto.tcl: Setting watchdog for 200 seconds at Fri Aug 24 01:59:20 UTC 2018
2 ms. Memory: 287232K Free: 271541K (95%)
ptolemy.util.test.WatchDog.cancel(): canceling Fri Aug 24 01:59:20 UTC 2018
auto.tcl: Setting watchdog for 200 seconds at Fri Aug 24 01:59:20 UTC 2018
2 ms. Memory: 287232K Free: 271541K (95%)
ptolemy.util.test.WatchDog.cancel(): canceling Fri Aug 24 01:59:20 UTC 2018
------------------ testing $PTII/ptolemy/domains/de/test/auto/ServerZeroDelay.xml
auto.tcl: Setting watchdog for 200 seconds at Fri Aug 24 01:59:20 UTC 2018
3 ms. Memory: 288256K Free: 274724K (95%)
ptolemy.util.test.WatchDog.cancel(): canceling Fri Aug 24 01:59:20 UTC 2018
auto.tcl: Setting watchdog for 200 seconds at Fri Aug 24 01:59:20 UTC 2018
3 ms. Memory: 288256K Free: 274724K (95%)
ptolemy.util.test.WatchDog.cancel(): canceling Fri Aug 24 01:59:20 UTC 2018
------------------ testing $PTII/ptolemy/domains/de/test/auto/SmartSender.xml
auto.tcl: Setting watchdog for 200 seconds at Fri Aug 24 01:59:20 UTC 2018
3002 ms. Memory: 287232K Free: 271644K (95%)
ptolemy.util.test.WatchDog.cancel(): canceling Fri Aug 24 01:59:23 UTC 2018
auto.tcl: Setting watchdog for 200 seconds at Fri Aug 24 01:59:23 UTC 2018
3002 ms. Memory: 287232K Free: 271644K (95%)
ptolemy.util.test.WatchDog.cancel(): canceling Fri Aug 24 01:59:26 UTC 2018
------------------ testing $PTII/ptolemy/domains/de/test/auto/ThreadedComposite.xml
auto.tcl: Setting watchdog for 200 seconds at Fri Aug 24 01:59:26 UTC 2018
258 ms. Memory: 288256K Free: 251529K (87%)
ptolemy.util.test.WatchDog.cancel(): canceling Fri Aug 24 01:59:26 UTC 2018
auto.tcl: Setting watchdog for 200 seconds at Fri Aug 24 01:59:26 UTC 2018
147 ms. Memory: 288256K Free: 233387K (81%)
ptolemy.util.test.WatchDog.cancel(): canceling Fri Aug 24 01:59:26 UTC 2018
------------------ testing $PTII/ptolemy/domains/de/test/auto/Time.xml
auto.tcl: Setting watchdog for 200 seconds at Fri Aug 24 01:59:27 UTC 2018
673 ms. Memory: 287232K Free: 217737K (76%)
ptolemy.util.test.WatchDog.cancel(): canceling Fri Aug 24 01:59:27 UTC 2018
auto.tcl: Setting watchdog for 200 seconds at Fri Aug 24 01:59:27 UTC 2018
659 ms. Memory: 287232K Free: 162721K (57%)
ptolemy.util.test.WatchDog.cancel(): canceling Fri Aug 24 01:59:28 UTC 2018
------------------ testing $PTII/ptolemy/domains/de/test/auto/TimeDelayZeroDelay.xml
auto.tcl: Setting watchdog for 200 seconds at Fri Aug 24 01:59:28 UTC 2018
2 ms. Memory: 287744K Free: 274690K (95%)
ptolemy.util.test.WatchDog.cancel(): canceling Fri Aug 24 01:59:28 UTC 2018
auto.tcl: Setting watchdog for 200 seconds at Fri Aug 24 01:59:28 UTC 2018
2 ms. Memory: 287744K Free: 274690K (95%)
ptolemy.util.test.WatchDog.cancel(): canceling Fri Aug 24 01:59:28 UTC 2018
------------------ testing $PTII/ptolemy/domains/de/test/auto/TimerZeroDelay.xml
auto.tcl: Setting watchdog for 200 seconds at Fri Aug 24 01:59:28 UTC 2018
5 ms. Memory: 287232K Free: 274287K (95%)
ptolemy.util.test.WatchDog.cancel(): canceling Fri Aug 24 01:59:28 UTC 2018
auto.tcl: Setting watchdog for 200 seconds at Fri Aug 24 01:59:28 UTC 2018
3 ms. Memory: 287232K Free: 274287K (95%)
ptolemy.util.test.WatchDog.cancel(): canceling Fri Aug 24 01:59:28 UTC 2018
------------------ testing $PTII/ptolemy/domains/de/test/auto/TimingParadox.xml
auto.tcl: Setting watchdog for 200 seconds at Fri Aug 24 01:59:28 UTC 2018
531 ms. Memory: 287744K Free: 208602K (72%)
ptolemy.util.test.WatchDog.cancel(): canceling Fri Aug 24 01:59:29 UTC 2018
auto.tcl: Setting watchdog for 200 seconds at Fri Aug 24 01:59:29 UTC 2018
500 ms. Memory: 287744K Free: 170323K (59%)
ptolemy.util.test.WatchDog.cancel(): canceling Fri Aug 24 01:59:29 UTC 2018
------------------ testing $PTII/ptolemy/domains/de/test/auto/TransferInputs.xml
auto.tcl: Setting watchdog for 200 seconds at Fri Aug 24 01:59:29 UTC 2018
2 ms. Memory: 287744K Free: 273671K (95%)
ptolemy.util.test.WatchDog.cancel(): canceling Fri Aug 24 01:59:29 UTC 2018
auto.tcl: Setting watchdog for 200 seconds at Fri Aug 24 01:59:29 UTC 2018
2 ms. Memory: 287744K Free: 273671K (95%)
ptolemy.util.test.WatchDog.cancel(): canceling Fri Aug 24 01:59:29 UTC 2018
------------------ testing $PTII/ptolemy/domains/de/test/auto/TransferOutputs2.xml
auto.tcl: Setting watchdog for 200 seconds at Fri Aug 24 01:59:29 UTC 2018
4 ms. Memory: 287232K Free: 269608K (94%)
ptolemy.util.test.WatchDog.cancel(): canceling Fri Aug 24 01:59:29 UTC 2018
auto.tcl: Setting watchdog for 200 seconds at Fri Aug 24 01:59:29 UTC 2018
4 ms. Memory: 287232K Free: 266998K (93%)
ptolemy.util.test.WatchDog.cancel(): canceling Fri Aug 24 01:59:29 UTC 2018
------------------ testing $PTII/ptolemy/domains/de/test/auto/Trilateration.xml
auto.tcl: Setting watchdog for 200 seconds at Fri Aug 24 01:59:30 UTC 2018
15299 ms. Memory: 473088K Free: 236548K (50%)
ptolemy.util.test.WatchDog.cancel(): canceling Fri Aug 24 01:59:46 UTC 2018
auto.tcl: Setting watchdog for 200 seconds at Fri Aug 24 01:59:46 UTC 2018
11205 ms. Memory: 352256K Free: 181040K (51%)
ptolemy.util.test.WatchDog.cancel(): canceling Fri Aug 24 01:59:57 UTC 2018
------------------ testing $PTII/ptolemy/domains/de/test/auto/TwoSigmaDelta.xml
auto.tcl: Setting watchdog for 200 seconds at Fri Aug 24 01:59:57 UTC 2018
2971 ms. Memory: 339968K Free: 311848K (92%)
ptolemy.util.test.WatchDog.cancel(): canceling Fri Aug 24 02:00:00 UTC 2018
auto.tcl: Setting watchdog for 200 seconds at Fri Aug 24 02:00:00 UTC 2018
2254 ms. Memory: 339968K Free: 85032K (25%)
ptolemy.util.test.WatchDog.cancel(): canceling Fri Aug 24 02:00:03 UTC 2018
------------------ testing $PTII/ptolemy/domains/de/test/auto/VariableDelay.xml
auto.tcl: Setting watchdog for 200 seconds at Fri Aug 24 02:00:03 UTC 2018
2 ms. Memory: 337408K Free: 324697K (96%)
ptolemy.util.test.WatchDog.cancel(): canceling Fri Aug 24 02:00:03 UTC 2018
auto.tcl: Setting watchdog for 200 seconds at Fri Aug 24 02:00:03 UTC 2018
2 ms. Memory: 337408K Free: 320784K (95%)
ptolemy.util.test.WatchDog.cancel(): canceling Fri Aug 24 02:00:03 UTC 2018
------------------ testing $PTII/ptolemy/domains/de/test/auto/VariableDelay2.xml
auto.tcl: Setting watchdog for 200 seconds at Fri Aug 24 02:00:03 UTC 2018
2 ms. Memory: 339456K Free: 327157K (96%)
ptolemy.util.test.WatchDog.cancel(): canceling Fri Aug 24 02:00:03 UTC 2018
auto.tcl: Setting watchdog for 200 seconds at Fri Aug 24 02:00:03 UTC 2018
2 ms. Memory: 339456K Free: 323245K (95%)
ptolemy.util.test.WatchDog.cancel(): canceling Fri Aug 24 02:00:03 UTC 2018
------------------ testing $PTII/ptolemy/domains/de/test/auto/VariableDelayZeroDelay.xml
auto.tcl: Setting watchdog for 200 seconds at Fri Aug 24 02:00:03 UTC 2018
2 ms. Memory: 337408K Free: 322548K (96%)
ptolemy.util.test.WatchDog.cancel(): canceling Fri Aug 24 02:00:03 UTC 2018
auto.tcl: Setting watchdog for 200 seconds at Fri Aug 24 02:00:03 UTC 2018
2 ms. Memory: 337408K Free: 322548K (96%)
ptolemy.util.test.WatchDog.cancel(): canceling Fri Aug 24 02:00:03 UTC 2018
------------------ testing $PTII/ptolemy/domains/de/test/auto/VariableDelayZeroDelay2.xml
auto.tcl: Setting watchdog for 200 seconds at Fri Aug 24 02:00:03 UTC 2018
2 ms. Memory: 339456K Free: 324595K (96%)
ptolemy.util.test.WatchDog.cancel(): canceling Fri Aug 24 02:00:03 UTC 2018
auto.tcl: Setting watchdog for 200 seconds at Fri Aug 24 02:00:03 UTC 2018
2 ms. Memory: 339456K Free: 320690K (94%)
ptolemy.util.test.WatchDog.cancel(): canceling Fri Aug 24 02:00:03 UTC 2018
------------------ testing $PTII/ptolemy/domains/de/test/auto/deInCt.xml
auto.tcl: Setting watchdog for 200 seconds at Fri Aug 24 02:00:03 UTC 2018
0
1
1
1
1
0
0
0
1
1
1
0
0
0
1
1
1
1
0
0
0
1
1
1
0
0
1
1
1
0
0
0
0
0
1
1
1
1
8 ms. Memory: 337408K Free: 318631K (94%)
ptolemy.util.test.WatchDog.cancel(): canceling Fri Aug 24 02:00:03 UTC 2018
auto.tcl: Setting watchdog for 200 seconds at Fri Aug 24 02:00:03 UTC 2018
0
1
1
1
1
1
0
0
1
1
0
0
0
1
1
1
0
0
0
1
1
1
1
0
0
0
1
1
1
0
0
0
0
0
0
6 ms. Memory: 337408K Free: 318631K (94%)
ptolemy.util.test.WatchDog.cancel(): canceling Fri Aug 24 02:00:03 UTC 2018
------------------ testing $PTII/ptolemy/domains/de/test/auto/deInCt2.xml
auto.tcl: Setting watchdog for 200 seconds at Fri Aug 24 02:00:03 UTC 2018
0
1
1
1
0
0
1
1
1
0
0
1
1
1
0
0
1
1
1
0
0
1
1
1
0
0
1
1
1
0
0
1
1
1
0
0
1
1
1
0
0
0
17 ms. Memory: 338944K Free: 320161K (94%)
ptolemy.util.test.WatchDog.cancel(): canceling Fri Aug 24 02:00:03 UTC 2018
auto.tcl: Setting watchdog for 200 seconds at Fri Aug 24 02:00:03 UTC 2018
0
1
1
1
0
0
1
1
1
0
0
1
1
1
0
0
1
1
1
0
0
1
1
1
0
0
1
1
1
0
0
1
1
1
0
0
1
1
1
0
0
0
9 ms. Memory: 338944K Free: 320161K (94%)
ptolemy.util.test.WatchDog.cancel(): canceling Fri Aug 24 02:00:03 UTC 2018
------------------ testing $PTII/ptolemy/domains/de/test/auto/dynamicCausalityInterface1.xml
auto.tcl: Setting watchdog for 200 seconds at Fri Aug 24 02:00:03 UTC 2018
1 ms. Memory: 337408K Free: 314730K (93%)
ptolemy.util.test.WatchDog.cancel(): canceling Fri Aug 24 02:00:03 UTC 2018
auto.tcl: Setting watchdog for 200 seconds at Fri Aug 24 02:00:03 UTC 2018
1 ms. Memory: 337408K Free: 314730K (93%)
ptolemy.util.test.WatchDog.cancel(): canceling Fri Aug 24 02:00:03 UTC 2018
------------------ testing $PTII/ptolemy/domains/de/test/auto/fsm_de_test.xml
auto.tcl: Setting watchdog for 200 seconds at Fri Aug 24 02:00:03 UTC 2018
8 ms. Memory: 338944K Free: 316145K (93%)
ptolemy.util.test.WatchDog.cancel(): canceling Fri Aug 24 02:00:03 UTC 2018
auto.tcl: Setting watchdog for 200 seconds at Fri Aug 24 02:00:03 UTC 2018
5 ms. Memory: 338944K Free: 316145K (93%)
ptolemy.util.test.WatchDog.cancel(): canceling Fri Aug 24 02:00:03 UTC 2018
------------------ testing $PTII/ptolemy/domains/de/test/auto/functionDependencyReconstruction.xml
auto.tcl: Setting watchdog for 200 seconds at Fri Aug 24 02:00:03 UTC 2018
6 ms. Memory: 337408K Free: 313280K (93%)
ptolemy.util.test.WatchDog.cancel(): canceling Fri Aug 24 02:00:04 UTC 2018
auto.tcl: Setting watchdog for 200 seconds at Fri Aug 24 02:00:04 UTC 2018
2 ms. Memory: 337408K Free: 309367K (92%)
ptolemy.util.test.WatchDog.cancel(): canceling Fri Aug 24 02:00:04 UTC 2018
------------------ testing $PTII/ptolemy/domains/de/test/auto/multirate.xml
auto.tcl: Setting watchdog for 200 seconds at Fri Aug 24 02:00:04 UTC 2018
4 ms. Memory: 338432K Free: 319413K (94%)
ptolemy.util.test.WatchDog.cancel(): canceling Fri Aug 24 02:00:04 UTC 2018
auto.tcl: Setting watchdog for 200 seconds at Fri Aug 24 02:00:04 UTC 2018
4 ms. Memory: 338432K Free: 319407K (94%)
ptolemy.util.test.WatchDog.cancel(): canceling Fri Aug 24 02:00:04 UTC 2018
------------------ testing $PTII/ptolemy/domains/de/test/auto/multirate2.xml
auto.tcl: Setting watchdog for 200 seconds at Fri Aug 24 02:00:04 UTC 2018
3 ms. Memory: 337408K Free: 321153K (95%)
ptolemy.util.test.WatchDog.cancel(): canceling Fri Aug 24 02:00:04 UTC 2018
auto.tcl: Setting watchdog for 200 seconds at Fri Aug 24 02:00:04 UTC 2018
3 ms. Memory: 337408K Free: 321153K (95%)
ptolemy.util.test.WatchDog.cancel(): canceling Fri Aug 24 02:00:04 UTC 2018
------------------ testing $PTII/ptolemy/domains/de/test/auto/realtime.xml
auto.tcl: Setting watchdog for 200 seconds at Fri Aug 24 02:00:04 UTC 2018
10002 ms. Memory: 338432K Free: 319609K (94%)
ptolemy.util.test.WatchDog.cancel(): canceling Fri Aug 24 02:00:14 UTC 2018
auto.tcl: Setting watchdog for 200 seconds at Fri Aug 24 02:00:14 UTC 2018
10002 ms. Memory: 338432K Free: 319609K (94%)
ptolemy.util.test.WatchDog.cancel(): canceling Fri Aug 24 02:00:24 UTC 2018
------------------ testing $PTII/ptolemy/domains/de/test/auto/relationGroup.xml
auto.tcl: Setting watchdog for 200 seconds at Fri Aug 24 02:00:24 UTC 2018
2 ms. Memory: 337408K Free: 325073K (96%)
ptolemy.util.test.WatchDog.cancel(): canceling Fri Aug 24 02:00:24 UTC 2018
auto.tcl: Setting watchdog for 200 seconds at Fri Aug 24 02:00:24 UTC 2018
1 ms. Memory: 337408K Free: 325073K (96%)
ptolemy.util.test.WatchDog.cancel(): canceling Fri Aug 24 02:00:24 UTC 2018
------------------ testing $PTII/ptolemy/domains/de/test/auto/relationGroup2.xml
auto.tcl: Setting watchdog for 200 seconds at Fri Aug 24 02:00:24 UTC 2018
1 ms. Memory: 338432K Free: 323565K (96%)
ptolemy.util.test.WatchDog.cancel(): canceling Fri Aug 24 02:00:24 UTC 2018
auto.tcl: Setting watchdog for 200 seconds at Fri Aug 24 02:00:24 UTC 2018
1 ms. Memory: 338432K Free: 323565K (96%)
ptolemy.util.test.WatchDog.cancel(): canceling Fri Aug 24 02:00:24 UTC 2018
------------------ testing $PTII/ptolemy/domains/de/test/auto/sortWithOpaquePorts.xml
auto.tcl: Setting watchdog for 200 seconds at Fri Aug 24 02:00:24 UTC 2018
1 ms. Memory: 337408K Free: 322541K (96%)
ptolemy.util.test.WatchDog.cancel(): canceling Fri Aug 24 02:00:24 UTC 2018
auto.tcl: Setting watchdog for 200 seconds at Fri Aug 24 02:00:24 UTC 2018
2 ms. Memory: 337408K Free: 318628K (94%)
ptolemy.util.test.WatchDog.cancel(): canceling Fri Aug 24 02:00:24 UTC 2018
------------------ testing $PTII/ptolemy/domains/de/test/auto/transferInputsandOutputs.xml
auto.tcl: Setting watchdog for 200 seconds at Fri Aug 24 02:00:24 UTC 2018
3 ms. Memory: 337920K Free: 319128K (94%)
ptolemy.util.test.WatchDog.cancel(): canceling Fri Aug 24 02:00:24 UTC 2018
auto.tcl: Setting watchdog for 200 seconds at Fri Aug 24 02:00:24 UTC 2018
2 ms. Memory: 337920K Free: 319128K (94%)
ptolemy.util.test.WatchDog.cancel(): canceling Fri Aug 24 02:00:24 UTC 2018
------------------ testing $PTII/ptolemy/domains/de/test/auto/triggerType.xml
auto.tcl: Setting watchdog for 200 seconds at Fri Aug 24 02:00:24 UTC 2018
2 ms. Memory: 337408K Free: 322478K (96%)
ptolemy.util.test.WatchDog.cancel(): canceling Fri Aug 24 02:00:24 UTC 2018
auto.tcl: Setting watchdog for 200 seconds at Fri Aug 24 02:00:24 UTC 2018
1 ms. Memory: 337408K Free: 318566K (94%)
ptolemy.util.test.WatchDog.cancel(): canceling Fri Aug 24 02:00:24 UTC 2018
08/24/18 02:00:24
Failed: 0  Total Tests: 192  ((Passed: 187, Newly Passed: 1)  Known Failed: 5) /home/travis/build/icyphy/ptII/ptolemy/domains/de/test
08/24/18 02:00:24
Failed: 0  Total Tests: 192  ((Passed: 187, Newly Passed: 1)  Known Failed: 5) /home/travis/build/icyphy/ptII/ptolemy/domains/de/test
----------------- testing (KnownFailure) /home/travis/build/icyphy/ptII/ptolemy/domains/de/test/auto/knownFailedTests/DESDFClockTest.xml
2009 ms. Memory: 337920K Free: 312789K (93%)
Known Failure: java.lang.reflect.InvocationTargetException
----------------- testing (KnownFailure) /home/travis/build/icyphy/ptII/ptolemy/domains/de/test/auto/knownFailedTests/DirectFeedback.xml
1 ms. Memory: 337920K Free: 292308K (87%)
Known Failure: java.lang.reflect.InvocationTargetException
----------------- testing (KnownFailure) /home/travis/build/icyphy/ptII/ptolemy/domains/de/test/auto/knownFailedTests/FSMSource.xml
5 ms. Memory: 337920K Free: 266692K (79%)
----------------- testing (KnownFailure) /home/travis/build/icyphy/ptII/ptolemy/domains/de/test/auto/knownFailedTests/HierarchicalModel.xml
1 ms. Memory: 337920K Free: 241054K (71%)
Known Failure: java.lang.reflect.InvocationTargetException
----------------- testing (KnownFailure) /home/travis/build/icyphy/ptII/ptolemy/domains/de/test/auto/knownFailedTests/dependencyLoop.xml
2 ms. Memory: 337920K Free: 210317K (62%)
Known Failure: java.lang.reflect.InvocationTargetException
----------------- testing (KnownFailure) /home/travis/build/icyphy/ptII/ptolemy/domains/de/test/auto/knownFailedTests/dependencyLoop2.xml
1 ms. Memory: 337920K Free: 179596K (53%)
Known Failure: java.lang.reflect.InvocationTargetException
No auto/linux-amd64/*.xml tests in /home/travis/build/icyphy/ptII/ptolemy/domains/de/test
AutoTests.java: About to close Vertx.
AutoTests.java: Vertx closed.

===========================================================================================
----------------- testing Fri Aug 24 02:00:26 UTC 2018 /home/travis/build/icyphy/ptII/ptolemy/domains/de/test/auto/ActorDepthCalculation_actorWithoutPorts.xml
----------------- Instantiating /home/travis/build/icyphy/ptII/ptolemy/domains/de/test/auto/ActorDepthCalculation_actorWithoutPorts.xml
2 ms. Memory: 337920K Free: 153996K (46%)
----------------- Invoking toplevel() on ptolemy.moml.MoMLSimpleApplication@1de3c7d4
----------------- Done invoking toplevel() on ptolemy.moml.MoMLSimpleApplication@1de3c7d4
reloadAllAccessors: .ActorDepthCalculation_actorWithoutPorts

===========================================================================================
----------------- testing Fri Aug 24 02:00:26 UTC 2018 /home/travis/build/icyphy/ptII/ptolemy/domains/de/test/auto/AssemblyLine.xml
----------------- Instantiating /home/travis/build/icyphy/ptII/ptolemy/domains/de/test/auto/AssemblyLine.xml
1 ms. Memory: 337920K Free: 138636K (41%)
----------------- Invoking toplevel() on ptolemy.moml.MoMLSimpleApplication@66640359
----------------- Done invoking toplevel() on ptolemy.moml.MoMLSimpleApplication@66640359
reloadAllAccessors: .AssemblyLine

===========================================================================================
----------------- testing Fri Aug 24 02:00:26 UTC 2018 /home/travis/build/icyphy/ptII/ptolemy/domains/de/test/auto/CQBug1.xml
----------------- Instantiating /home/travis/build/icyphy/ptII/ptolemy/domains/de/test/auto/CQBug1.xml
1 ms. Memory: 337920K Free: 128396K (38%)
----------------- Invoking toplevel() on ptolemy.moml.MoMLSimpleApplication@168265c
----------------- Done invoking toplevel() on ptolemy.moml.MoMLSimpleApplication@168265c
reloadAllAccessors: .CQBug1

===========================================================================================
----------------- testing Fri Aug 24 02:00:26 UTC 2018 /home/travis/build/icyphy/ptII/ptolemy/domains/de/test/auto/CancelFireAt.xml
----------------- Instantiating /home/travis/build/icyphy/ptII/ptolemy/domains/de/test/auto/CancelFireAt.xml
0 ms. Memory: 337920K Free: 118156K (35%)
----------------- Invoking toplevel() on ptolemy.moml.MoMLSimpleApplication@1226347d
----------------- Done invoking toplevel() on ptolemy.moml.MoMLSimpleApplication@1226347d
reloadAllAccessors: .CancelFireAt

===========================================================================================
----------------- testing Fri Aug 24 02:00:26 UTC 2018 /home/travis/build/icyphy/ptII/ptolemy/domains/de/test/auto/CausalityAndComposabilityAnalysis.xml
----------------- Instantiating /home/travis/build/icyphy/ptII/ptolemy/domains/de/test/auto/CausalityAndComposabilityAnalysis.xml
1 ms. Memory: 337920K Free: 107916K (32%)
----------------- Invoking toplevel() on ptolemy.moml.MoMLSimpleApplication@733f83f7
----------------- Done invoking toplevel() on ptolemy.moml.MoMLSimpleApplication@733f83f7
reloadAllAccessors: .CausalityAndComposabilityAnalysis

===========================================================================================
----------------- testing Fri Aug 24 02:00:26 UTC 2018 /home/travis/build/icyphy/ptII/ptolemy/domains/de/test/auto/CausalityInterface1.xml
----------------- Instantiating /home/travis/build/icyphy/ptII/ptolemy/domains/de/test/auto/CausalityInterface1.xml
3 ms. Memory: 337920K Free: 97676K (29%)
----------------- Invoking toplevel() on ptolemy.moml.MoMLSimpleApplication@7994fc98
----------------- Done invoking toplevel() on ptolemy.moml.MoMLSimpleApplication@7994fc98
reloadAllAccessors: .CausalityInterface1

===========================================================================================
----------------- testing Fri Aug 24 02:00:26 UTC 2018 /home/travis/build/icyphy/ptII/ptolemy/domains/de/test/auto/CausalityInterface15.xml
----------------- Instantiating /home/travis/build/icyphy/ptII/ptolemy/domains/de/test/auto/CausalityInterface15.xml
1 ms. Memory: 337920K Free: 83539K (25%)
----------------- Invoking toplevel() on ptolemy.moml.MoMLSimpleApplication@74069681
----------------- Done invoking toplevel() on ptolemy.moml.MoMLSimpleApplication@74069681
reloadAllAccessors: .CausalityInterface15

[...]
java.lang.RuntimeException: Execution failed
	at ptolemy.moml.MoMLSimpleApplication$UnloadThread.run(MoMLSimpleApplication.java:402)
Caused by: ptolemy.kernel.util.IllegalActionException: Test fails in iteration 1.
Value was: 1.0. Should have been: 2.0
  in .DirectFeedback.Test
	at ptolemy.actor.lib.Test.fire(Test.java:268)
	at ptolemy.domains.de.kernel.DEDirector._fire(DEDirector.java:1949)
	at ptolemy.domains.de.kernel.DEDirector.fire(DEDirector.java:502)
	at ptolemy.actor.CompositeActor.fire(CompositeActor.java:455)
	at ptolemy.actor.Manager.iterate(Manager.java:851)
	at ptolemy.actor.Manager.execute(Manager.java:369)
	at ptolemy.actor.Manager.run(Manager.java:1263)
	at ptolemy.actor.Manager$PtolemyRunThread.run(Manager.java:1915)
java.lang.RuntimeException: Execution failed
	at ptolemy.moml.MoMLSimpleApplication$UnloadThread.run(MoMLSimpleApplication.java:402)
Caused by: ptolemy.kernel.util.IllegalActionException: Actor is not ready to fire.  Perhaps UpSample.prefire() returned false? Try debugging the actor by selecting "Listen to Actor".  Also, for SDF check moml for tokenConsumptionRate on input.
  in .DESDFClockTest.Play Bell.Copy1:SDF Director and .DESDFClockTest.Play Bell.UpSample
	at ptolemy.actor.sched.StaticSchedulingDirector.fire(StaticSchedulingDirector.java:227)
	at ptolemy.domains.sdf.kernel.SDFDirector.fire(SDFDirector.java:500)
	at ptolemy.actor.CompositeActor.fire(CompositeActor.java:455)
	at ptolemy.domains.de.kernel.DEDirector._fire(DEDirector.java:1949)
	at ptolemy.domains.de.kernel.DEDirector.fire(DEDirector.java:502)
	at ptolemy.actor.CompositeActor.fire(CompositeActor.java:455)
	at ptolemy.actor.Manager.iterate(Manager.java:851)
	at ptolemy.actor.Manager.execute(Manager.java:369)
	at ptolemy.actor.Manager.run(Manager.java:1263)
	at ptolemy.actor.Manager$PtolemyRunThread.run(Manager.java:1915)
java.lang.reflect.InvocationTargetException
	at sun.reflect.NativeConstructorAccessorImpl.newInstance0(Native Method)
	at sun.reflect.NativeConstructorAccessorImpl.newInstance(NativeConstructorAccessorImpl.java:62)
	at sun.reflect.DelegatingConstructorAccessorImpl.newInstance(DelegatingConstructorAccessorImpl.java:45)
	at java.lang.reflect.Constructor.newInstance(Constructor.java:423)
	at ptolemy.util.test.junit.AutoKnownFailedTests.RunModel(AutoKnownFailedTests.java:107)
	at sun.reflect.NativeMethodAccessorImpl.invoke0(Native Method)
	at sun.reflect.NativeMethodAccessorImpl.invoke(NativeMethodAccessorImpl.java:62)
	at sun.reflect.DelegatingMethodAccessorImpl.invoke(DelegatingMethodAccessorImpl.java:43)
	at java.lang.reflect.Method.invoke(Method.java:498)
	at org.junit.runners.model.FrameworkMethod$1.runReflectiveCall(FrameworkMethod.java:44)
	at org.junit.internal.runners.model.ReflectiveCallable.run(ReflectiveCallable.java:15)
	at org.junit.runners.model.FrameworkMethod.invokeExplosively(FrameworkMethod.java:41)
	at junitparams.internal.InvokeParameterisedMethod.evaluate(InvokeParameterisedMethod.java:102)
	at org.junit.internal.runners.statements.FailOnTimeout$1.run(FailOnTimeout.java:28)
Caused by: ptolemy.kernel.util.IllegalActionException: Actor is not ready to fire.  Perhaps UpSample.prefire() returned false? Try debugging the actor by selecting "Listen to Actor".  Also, for SDF check moml for tokenConsumptionRate on input.
  in .DESDFClockTest.Play Bell.Copy1:SDF Director and .DESDFClockTest.Play Bell.UpSample
	at ptolemy.actor.sched.StaticSchedulingDirector.fire(StaticSchedulingDirector.java:227)
	at ptolemy.domains.sdf.kernel.SDFDirector.fire(SDFDirector.java:500)
	at ptolemy.actor.CompositeActor.fire(CompositeActor.java:455)
	at ptolemy.domains.de.kernel.DEDirector._fire(DEDirector.java:1949)
	at ptolemy.domains.de.kernel.DEDirector.fire(DEDirector.java:502)
	at ptolemy.actor.CompositeActor.fire(CompositeActor.java:455)
	at ptolemy.actor.Manager.iterate(Manager.java:851)
	at ptolemy.actor.Manager.execute(Manager.java:369)
	at ptolemy.actor.Manager.run(Manager.java:1263)
	at ptolemy.actor.Manager$PtolemyRunThread.run(Manager.java:1915)
java.lang.RuntimeException: Execution failed
	at ptolemy.moml.MoMLSimpleApplication$UnloadThread.run(MoMLSimpleApplication.java:402)
Caused by: ptolemy.kernel.util.IllegalActionException: Test fails in iteration 1.
Value was: 1.0. Should have been: 2.0
  in .DirectFeedback.Test
	at ptolemy.actor.lib.Test.fire(Test.java:268)
	at ptolemy.domains.de.kernel.DEDirector._fire(DEDirector.java:1949)
	at ptolemy.domains.de.kernel.DEDirector.fire(DEDirector.java:502)
	at ptolemy.actor.CompositeActor.fire(CompositeActor.java:455)
	at ptolemy.actor.Manager.iterate(Manager.java:851)
	at ptolemy.actor.Manager.execute(Manager.java:369)
	at ptolemy.actor.Manager.run(Manager.java:1263)
	at ptolemy.actor.Manager$PtolemyRunThread.run(Manager.java:1915)
java.lang.reflect.InvocationTargetException
	at sun.reflect.NativeConstructorAccessorImpl.newInstance0(Native Method)
	at sun.reflect.NativeConstructorAccessorImpl.newInstance(NativeConstructorAccessorImpl.java:62)
	at sun.reflect.DelegatingConstructorAccessorImpl.newInstance(DelegatingConstructorAccessorImpl.java:45)
	at java.lang.reflect.Constructor.newInstance(Constructor.java:423)
	at ptolemy.util.test.junit.AutoKnownFailedTests.RunModel(AutoKnownFailedTests.java:107)
	at sun.reflect.NativeMethodAccessorImpl.invoke0(Native Method)
	at sun.reflect.NativeMethodAccessorImpl.invoke(NativeMethodAccessorImpl.java:62)
	at sun.reflect.DelegatingMethodAccessorImpl.invoke(DelegatingMethodAccessorImpl.java:43)
	at java.lang.reflect.Method.invoke(Method.java:498)
	at org.junit.runners.model.FrameworkMethod$1.runReflectiveCall(FrameworkMethod.java:44)
	at org.junit.internal.runners.model.ReflectiveCallable.run(ReflectiveCallable.java:15)
	at org.junit.runners.model.FrameworkMethod.invokeExplosively(FrameworkMethod.java:41)
	at junitparams.internal.InvokeParameterisedMethod.evaluate(InvokeParameterisedMethod.java:102)
	at org.junit.internal.runners.statements.FailOnTimeout$1.run(FailOnTimeout.java:28)
Caused by: ptolemy.kernel.util.IllegalActionException: Test fails in iteration 1.
Value was: 1.0. Should have been: 2.0
  in .DirectFeedback.Test
	at ptolemy.actor.lib.Test.fire(Test.java:268)
	at ptolemy.domains.de.kernel.DEDirector._fire(DEDirector.java:1949)
	at ptolemy.domains.de.kernel.DEDirector.fire(DEDirector.java:502)
	at ptolemy.actor.CompositeActor.fire(CompositeActor.java:455)
	at ptolemy.actor.Manager.iterate(Manager.java:851)
	at ptolemy.actor.Manager.execute(Manager.java:369)
	at ptolemy.actor.Manager.run(Manager.java:1263)
	at ptolemy.actor.Manager$PtolemyRunThread.run(Manager.java:1915)
java.lang.RuntimeException: Execution failed
	at ptolemy.moml.MoMLSimpleApplication$UnloadThread.run(MoMLSimpleApplication.java:402)
Caused by: ptolemy.kernel.util.IllegalActionException: Found a zero delay loop containing .HierarchicalModel.A
  in .HierarchicalModel and .HierarchicalModel.A
	at ptolemy.actor.util.CausalityInterfaceForComposites._computeOutputPortDepth(CausalityInterfaceForComposites.java:759)
	at ptolemy.actor.util.CausalityInterfaceForComposites._computeInputDepth(CausalityInterfaceForComposites.java:696)
	at ptolemy.actor.util.CausalityInterfaceForComposites._computeOutputPortDepth(CausalityInterfaceForComposites.java:765)
	at ptolemy.actor.util.CausalityInterfaceForComposites._computeInputDepth(CausalityInterfaceForComposites.java:696)
	at ptolemy.actor.util.CausalityInterfaceForComposites._computeOutputPortDepth(CausalityInterfaceForComposites.java:765)
	at ptolemy.actor.util.CausalityInterfaceForComposites._computeInputDepth(CausalityInterfaceForComposites.java:696)
	at ptolemy.actor.util.CausalityInterfaceForComposites._computeActorDepth(CausalityInterfaceForComposites.java:532)
	at ptolemy.actor.util.CausalityInterfaceForComposites.checkForCycles(CausalityInterfaceForComposites.java:96)
	at ptolemy.domains.de.kernel.DEDirector.preinitialize(DEDirector.java:1338)
	at ptolemy.actor.CompositeActor.preinitialize(CompositeActor.java:1828)
	at ptolemy.actor.Manager.preinitializeAndResolveTypes(Manager.java:1040)
	at ptolemy.actor.Manager.initialize(Manager.java:710)
	at ptolemy.actor.Manager.execute(Manager.java:356)
	at ptolemy.actor.Manager.run(Manager.java:1263)
	at ptolemy.actor.Manager$PtolemyRunThread.run(Manager.java:1915)
java.lang.reflect.InvocationTargetException
	at sun.reflect.NativeConstructorAccessorImpl.newInstance0(Native Method)
	at sun.reflect.NativeConstructorAccessorImpl.newInstance(NativeConstructorAccessorImpl.java:62)
	at sun.reflect.DelegatingConstructorAccessorImpl.newInstance(DelegatingConstructorAccessorImpl.java:45)
	at java.lang.reflect.Constructor.newInstance(Constructor.java:423)
	at ptolemy.util.test.junit.AutoKnownFailedTests.RunModel(AutoKnownFailedTests.java:107)
	at sun.reflect.NativeMethodAccessorImpl.invoke0(Native Method)
	at sun.reflect.NativeMethodAccessorImpl.invoke(NativeMethodAccessorImpl.java:62)
	at sun.reflect.DelegatingMethodAccessorImpl.invoke(DelegatingMethodAccessorImpl.java:43)
	at java.lang.reflect.Method.invoke(Method.java:498)
	at org.junit.runners.model.FrameworkMethod$1.runReflectiveCall(FrameworkMethod.java:44)
	at org.junit.internal.runners.model.ReflectiveCallable.run(ReflectiveCallable.java:15)
	at org.junit.runners.model.FrameworkMethod.invokeExplosively(FrameworkMethod.java:41)
	at junitparams.internal.InvokeParameterisedMethod.evaluate(InvokeParameterisedMethod.java:102)
	at org.junit.internal.runners.statements.FailOnTimeout$1.run(FailOnTimeout.java:28)
Caused by: ptolemy.kernel.util.IllegalActionException: Found a zero delay loop containing .HierarchicalModel.A
  in .HierarchicalModel and .HierarchicalModel.A
	at ptolemy.actor.util.CausalityInterfaceForComposites._computeOutputPortDepth(CausalityInterfaceForComposites.java:759)
	at ptolemy.actor.util.CausalityInterfaceForComposites._computeInputDepth(CausalityInterfaceForComposites.java:696)
	at ptolemy.actor.util.CausalityInterfaceForComposites._computeOutputPortDepth(CausalityInterfaceForComposites.java:765)
	at ptolemy.actor.util.CausalityInterfaceForComposites._computeInputDepth(CausalityInterfaceForComposites.java:696)
	at ptolemy.actor.util.CausalityInterfaceForComposites._computeOutputPortDepth(CausalityInterfaceForComposites.java:765)
	at ptolemy.actor.util.CausalityInterfaceForComposites._computeInputDepth(CausalityInterfaceForComposites.java:696)
	at ptolemy.actor.util.CausalityInterfaceForComposites._computeActorDepth(CausalityInterfaceForComposites.java:532)
	at ptolemy.actor.util.CausalityInterfaceForComposites.checkForCycles(CausalityInterfaceForComposites.java:96)
	at ptolemy.domains.de.kernel.DEDirector.preinitialize(DEDirector.java:1338)
	at ptolemy.actor.CompositeActor.preinitialize(CompositeActor.java:1828)
	at ptolemy.actor.Manager.preinitializeAndResolveTypes(Manager.java:1040)
	at ptolemy.actor.Manager.initialize(Manager.java:710)
	at ptolemy.actor.Manager.execute(Manager.java:356)
	at ptolemy.actor.Manager.run(Manager.java:1263)
	at ptolemy.actor.Manager$PtolemyRunThread.run(Manager.java:1915)
java.lang.RuntimeException: Execution failed
	at ptolemy.moml.MoMLSimpleApplication$UnloadThread.run(MoMLSimpleApplication.java:402)
Caused by: ptolemy.kernel.util.IllegalActionException: Found a zero delay loop containing .dependencyLoop.original
  in .dependencyLoop and .dependencyLoop.original
	at ptolemy.actor.util.CausalityInterfaceForComposites._computeOutputPortDepth(CausalityInterfaceForComposites.java:759)
	at ptolemy.actor.util.CausalityInterfaceForComposites._computeInputDepth(CausalityInterfaceForComposites.java:696)
	at ptolemy.actor.util.CausalityInterfaceForComposites._computeOutputPortDepth(CausalityInterfaceForComposites.java:765)
	at ptolemy.actor.util.CausalityInterfaceForComposites._computeInputDepth(CausalityInterfaceForComposites.java:696)
	at ptolemy.actor.util.CausalityInterfaceForComposites._computeOutputPortDepth(CausalityInterfaceForComposites.java:765)
	at ptolemy.actor.util.CausalityInterfaceForComposites._computeInputDepth(CausalityInterfaceForComposites.java:696)
	at ptolemy.actor.util.CausalityInterfaceForComposites._computeActorDepth(CausalityInterfaceForComposites.java:532)
	at ptolemy.actor.util.CausalityInterfaceForComposites.checkForCycles(CausalityInterfaceForComposites.java:96)
	at ptolemy.domains.de.kernel.DEDirector.preinitialize(DEDirector.java:1338)
	at ptolemy.actor.CompositeActor.preinitialize(CompositeActor.java:1828)
	at ptolemy.actor.Manager.preinitializeAndResolveTypes(Manager.java:1040)
	at ptolemy.actor.Manager.initialize(Manager.java:710)
	at ptolemy.actor.Manager.execute(Manager.java:356)
	at ptolemy.actor.Manager.run(Manager.java:1263)
	at ptolemy.actor.Manager$PtolemyRunThread.run(Manager.java:1915)
java.lang.reflect.InvocationTargetException
	at sun.reflect.NativeConstructorAccessorImpl.newInstance0(Native Method)
	at sun.reflect.NativeConstructorAccessorImpl.newInstance(NativeConstructorAccessorImpl.java:62)
	at sun.reflect.DelegatingConstructorAccessorImpl.newInstance(DelegatingConstructorAccessorImpl.java:45)
	at java.lang.reflect.Constructor.newInstance(Constructor.java:423)
	at ptolemy.util.test.junit.AutoKnownFailedTests.RunModel(AutoKnownFailedTests.java:107)
	at sun.reflect.NativeMethodAccessorImpl.invoke0(Native Method)
	at sun.reflect.NativeMethodAccessorImpl.invoke(NativeMethodAccessorImpl.java:62)
	at sun.reflect.DelegatingMethodAccessorImpl.invoke(DelegatingMethodAccessorImpl.java:43)
	at java.lang.reflect.Method.invoke(Method.java:498)
	at org.junit.runners.model.FrameworkMethod$1.runReflectiveCall(FrameworkMethod.java:44)
	at org.junit.internal.runners.model.ReflectiveCallable.run(ReflectiveCallable.java:15)
	at org.junit.runners.model.FrameworkMethod.invokeExplosively(FrameworkMethod.java:41)
	at junitparams.internal.InvokeParameterisedMethod.evaluate(InvokeParameterisedMethod.java:102)
	at org.junit.internal.runners.statements.FailOnTimeout$1.run(FailOnTimeout.java:28)
Caused by: ptolemy.kernel.util.IllegalActionException: Found a zero delay loop containing .dependencyLoop.original
  in .dependencyLoop and .dependencyLoop.original
	at ptolemy.actor.util.CausalityInterfaceForComposites._computeOutputPortDepth(CausalityInterfaceForComposites.java:759)
	at ptolemy.actor.util.CausalityInterfaceForComposites._computeInputDepth(CausalityInterfaceForComposites.java:696)
	at ptolemy.actor.util.CausalityInterfaceForComposites._computeOutputPortDepth(CausalityInterfaceForComposites.java:765)
	at ptolemy.actor.util.CausalityInterfaceForComposites._computeInputDepth(CausalityInterfaceForComposites.java:696)
	at ptolemy.actor.util.CausalityInterfaceForComposites._computeOutputPortDepth(CausalityInterfaceForComposites.java:765)
	at ptolemy.actor.util.CausalityInterfaceForComposites._computeInputDepth(CausalityInterfaceForComposites.java:696)
	at ptolemy.actor.util.CausalityInterfaceForComposites._computeActorDepth(CausalityInterfaceForComposites.java:532)
	at ptolemy.actor.util.CausalityInterfaceForComposites.checkForCycles(CausalityInterfaceForComposites.java:96)
	at ptolemy.domains.de.kernel.DEDirector.preinitialize(DEDirector.java:1338)
	at ptolemy.actor.CompositeActor.preinitialize(CompositeActor.java:1828)
	at ptolemy.actor.Manager.preinitializeAndResolveTypes(Manager.java:1040)
	at ptolemy.actor.Manager.initialize(Manager.java:710)
	at ptolemy.actor.Manager.execute(Manager.java:356)
	at ptolemy.actor.Manager.run(Manager.java:1263)
	at ptolemy.actor.Manager$PtolemyRunThread.run(Manager.java:1915)
java.lang.RuntimeException: Execution failed
	at ptolemy.moml.MoMLSimpleApplication$UnloadThread.run(MoMLSimpleApplication.java:402)
Caused by: ptolemy.kernel.util.IllegalActionException: Found a zero delay loop containing .dependencyLoop2.original
  in .dependencyLoop2 and .dependencyLoop2.original
	at ptolemy.actor.util.CausalityInterfaceForComposites._computeOutputPortDepth(CausalityInterfaceForComposites.java:759)
	at ptolemy.actor.util.CausalityInterfaceForComposites._computeInputDepth(CausalityInterfaceForComposites.java:696)
	at ptolemy.actor.util.CausalityInterfaceForComposites._computeOutputPortDepth(CausalityInterfaceForComposites.java:765)
	at ptolemy.actor.util.CausalityInterfaceForComposites._computeInputDepth(CausalityInterfaceForComposites.java:696)
	at ptolemy.actor.util.CausalityInterfaceForComposites._computeOutputPortDepth(CausalityInterfaceForComposites.java:765)
	at ptolemy.actor.util.CausalityInterfaceForComposites._computeInputDepth(CausalityInterfaceForComposites.java:696)
	at ptolemy.actor.util.CausalityInterfaceForComposites._computeActorDepth(CausalityInterfaceForComposites.java:532)
	at ptolemy.actor.util.CausalityInterfaceForComposites.checkForCycles(CausalityInterfaceForComposites.java:96)
	at ptolemy.domains.de.kernel.DEDirector.preinitialize(DEDirector.java:1338)
	at ptolemy.actor.CompositeActor.preinitialize(CompositeActor.java:1828)
	at ptolemy.actor.Manager.preinitializeAndResolveTypes(Manager.java:1040)
	at ptolemy.actor.Manager.initialize(Manager.java:710)
	at ptolemy.actor.Manager.execute(Manager.java:356)
	at ptolemy.actor.Manager.run(Manager.java:1263)
	at ptolemy.actor.Manager$PtolemyRunThread.run(Manager.java:1915)
java.lang.reflect.InvocationTargetException
	at sun.reflect.NativeConstructorAccessorImpl.newInstance0(Native Method)
	at sun.reflect.NativeConstructorAccessorImpl.newInstance(NativeConstructorAccessorImpl.java:62)
	at sun.reflect.DelegatingConstructorAccessorImpl.newInstance(DelegatingConstructorAccessorImpl.java:45)
	at java.lang.reflect.Constructor.newInstance(Constructor.java:423)
	at ptolemy.util.test.junit.AutoKnownFailedTests.RunModel(AutoKnownFailedTests.java:107)
	at sun.reflect.NativeMethodAccessorImpl.invoke0(Native Method)
	at sun.reflect.NativeMethodAccessorImpl.invoke(NativeMethodAccessorImpl.java:62)
	at sun.reflect.DelegatingMethodAccessorImpl.invoke(DelegatingMethodAccessorImpl.java:43)
	at java.lang.reflect.Method.invoke(Method.java:498)
	at org.junit.runners.model.FrameworkMethod$1.runReflectiveCall(FrameworkMethod.java:44)
	at org.junit.internal.runners.model.ReflectiveCallable.run(ReflectiveCallable.java:15)
	at org.junit.runners.model.FrameworkMethod.invokeExplosively(FrameworkMethod.java:41)
	at junitparams.internal.InvokeParameterisedMethod.evaluate(InvokeParameterisedMethod.java:102)
	at org.junit.internal.runners.statements.FailOnTimeout$1.run(FailOnTimeout.java:28)
Caused by: ptolemy.kernel.util.IllegalActionException: Found a zero delay loop containing .dependencyLoop2.original
  in .dependencyLoop2 and .dependencyLoop2.original
	at ptolemy.actor.util.CausalityInterfaceForComposites._computeOutputPortDepth(CausalityInterfaceForComposites.java:759)
	at ptolemy.actor.util.CausalityInterfaceForComposites._computeInputDepth(CausalityInterfaceForComposites.java:696)
	at ptolemy.actor.util.CausalityInterfaceForComposites._computeOutputPortDepth(CausalityInterfaceForComposites.java:765)
	at ptolemy.actor.util.CausalityInterfaceForComposites._computeInputDepth(CausalityInterfaceForComposites.java:696)
	at ptolemy.actor.util.CausalityInterfaceForComposites._computeOutputPortDepth(CausalityInterfaceForComposites.java:765)
	at ptolemy.actor.util.CausalityInterfaceForComposites._computeInputDepth(CausalityInterfaceForComposites.java:696)
	at ptolemy.actor.util.CausalityInterfaceForComposites._computeActorDepth(CausalityInterfaceForComposites.java:532)
	at ptolemy.actor.util.CausalityInterfaceForComposites.checkForCycles(CausalityInterfaceForComposites.java:96)
	at ptolemy.domains.de.kernel.DEDirector.preinitialize(DEDirector.java:1338)
	at ptolemy.actor.CompositeActor.preinitialize(CompositeActor.java:1828)
	at ptolemy.actor.Manager.preinitializeAndResolveTypes(Manager.java:1040)
	at ptolemy.actor.Manager.initialize(Manager.java:710)
	at ptolemy.actor.Manager.execute(Manager.java:356)
	at ptolemy.actor.Manager.run(Manager.java:1263)
	at ptolemy.actor.Manager$PtolemyRunThread.run(Manager.java:1915)
]]></system-err>
</testsuite>
