<?xml version="1.0" encoding="UTF-8" ?>
<testsuite errors="0" failures="0" hostname="travis-job-c4e72700-c808-4d87-9cd5-1d3f09c7aa4c" name="ptolemy.domains.continuous.test.junit.JUnitTclTest" skipped="0" tests="155" time="78.756" timestamp="2018-06-03T20:24:48">
  <properties>
[...]
</properties>
  <testcase classname="ptolemy.util.test.junit.TclTests" name="[0] ThereAreNoTclTests (RunTclFile)" time="0.001" />
  <testcase classname="ptolemy.util.test.junit.AutoKnownFailedTests" name="[0] ThereAreNoKnowFailedTests (RunModel)" time="0.0" />
  <testcase classname="ptolemy.util.test.junit.AutoNameArchTests" name="[0] ThereAreNoAutoArchTests (RunModel)" time="0.0" />
  <testcase classname="ptolemy.util.test.junit.AutoTests" name="[0] /home/travis/build/icyphy/ptII/ptolemy/domains/continuous/test/auto/BouncingBall.xml (RunModel)" time="3.022" />
  <testcase classname="ptolemy.util.test.junit.AutoTests" name="[1] /home/travis/build/icyphy/ptII/ptolemy/domains/continuous/test/auto/BouncingBallWithoutGR.xml (RunModel)" time="0.986" />
  <testcase classname="ptolemy.util.test.junit.AutoTests" name="[2] /home/travis/build/icyphy/ptII/ptolemy/domains/continuous/test/auto/Brownian.xml (RunModel)" time="0.124" />
  <testcase classname="ptolemy.util.test.junit.AutoTests" name="[3] /home/travis/build/icyphy/ptII/ptolemy/domains/continuous/test/auto/CarTracking.xml (RunModel)" time="4.572" />
  <testcase classname="ptolemy.util.test.junit.AutoTests" name="[4] /home/travis/build/icyphy/ptII/ptolemy/domains/continuous/test/auto/CartPendulum.xml (RunModel)" time="0.535" />
  <testcase classname="ptolemy.util.test.junit.AutoTests" name="[5] /home/travis/build/icyphy/ptII/ptolemy/domains/continuous/test/auto/CausalityInterface10.xml (RunModel)" time="0.058" />
  <testcase classname="ptolemy.util.test.junit.AutoTests" name="[6] /home/travis/build/icyphy/ptII/ptolemy/domains/continuous/test/auto/CausalityInterface11.xml (RunModel)" time="0.028" />
  <testcase classname="ptolemy.util.test.junit.AutoTests" name="[7] /home/travis/build/icyphy/ptII/ptolemy/domains/continuous/test/auto/CausalityInterface12.xml (RunModel)" time="0.036" />
  <testcase classname="ptolemy.util.test.junit.AutoTests" name="[8] /home/travis/build/icyphy/ptII/ptolemy/domains/continuous/test/auto/CausalityInterface13.xml (RunModel)" time="0.047" />
  <testcase classname="ptolemy.util.test.junit.AutoTests" name="[9] /home/travis/build/icyphy/ptII/ptolemy/domains/continuous/test/auto/CausalityInterface14.xml (RunModel)" time="0.034" />
  <testcase classname="ptolemy.util.test.junit.AutoTests" name="[10] /home/travis/build/icyphy/ptII/ptolemy/domains/continuous/test/auto/CausalityInterface4.xml (RunModel)" time="0.034" />
  <testcase classname="ptolemy.util.test.junit.AutoTests" name="[11] /home/travis/build/icyphy/ptII/ptolemy/domains/continuous/test/auto/CausalityInterface5.xml (RunModel)" time="0.052" />
  <testcase classname="ptolemy.util.test.junit.AutoTests" name="[12] /home/travis/build/icyphy/ptII/ptolemy/domains/continuous/test/auto/CausalityInterface6.xml (RunModel)" time="0.027" />
  <testcase classname="ptolemy.util.test.junit.AutoTests" name="[13] /home/travis/build/icyphy/ptII/ptolemy/domains/continuous/test/auto/CausalityInterface7.xml (RunModel)" time="0.049" />
  <testcase classname="ptolemy.util.test.junit.AutoTests" name="[14] /home/travis/build/icyphy/ptII/ptolemy/domains/continuous/test/auto/CausalityInterface8.xml (RunModel)" time="0.036" />
  <testcase classname="ptolemy.util.test.junit.AutoTests" name="[15] /home/travis/build/icyphy/ptII/ptolemy/domains/continuous/test/auto/CausalityInterface9.xml (RunModel)" time="0.065" />
  <testcase classname="ptolemy.util.test.junit.AutoTests" name="[16] /home/travis/build/icyphy/ptII/ptolemy/domains/continuous/test/auto/CausalityInterfaceFeedback1.xml (RunModel)" time="0.038" />
  <testcase classname="ptolemy.util.test.junit.AutoTests" name="[17] /home/travis/build/icyphy/ptII/ptolemy/domains/continuous/test/auto/CausalityInterfaceFeedback2.xml (RunModel)" time="0.039" />
  <testcase classname="ptolemy.util.test.junit.AutoTests" name="[18] /home/travis/build/icyphy/ptII/ptolemy/domains/continuous/test/auto/CompareWithCurrentTime.xml (RunModel)" time="0.027" />
  <testcase classname="ptolemy.util.test.junit.AutoTests" name="[19] /home/travis/build/icyphy/ptII/ptolemy/domains/continuous/test/auto/ComparedClocks.xml (RunModel)" time="0.086" />
  <testcase classname="ptolemy.util.test.junit.AutoTests" name="[20] /home/travis/build/icyphy/ptII/ptolemy/domains/continuous/test/auto/ContinuousAOCClone.xml (RunModel)" time="2.9" />
  <testcase classname="ptolemy.util.test.junit.AutoTests" name="[21] /home/travis/build/icyphy/ptII/ptolemy/domains/continuous/test/auto/ContinuousClock.xml (RunModel)" time="0.117" />
  <testcase classname="ptolemy.util.test.junit.AutoTests" name="[22] /home/travis/build/icyphy/ptII/ptolemy/domains/continuous/test/auto/ContinuousInContinuous.xml (RunModel)" time="0.099" />
  <testcase classname="ptolemy.util.test.junit.AutoTests" name="[23] /home/travis/build/icyphy/ptII/ptolemy/domains/continuous/test/auto/ContinuousInContinuousInContinuous.xml (RunModel)" time="0.03" />
  <testcase classname="ptolemy.util.test.junit.AutoTests" name="[24] /home/travis/build/icyphy/ptII/ptolemy/domains/continuous/test/auto/ContinuousInDE.xml (RunModel)" time="0.122" />
  <testcase classname="ptolemy.util.test.junit.AutoTests" name="[25] /home/travis/build/icyphy/ptII/ptolemy/domains/continuous/test/auto/ContinuousInDE2.xml (RunModel)" time="0.077" />
  <testcase classname="ptolemy.util.test.junit.AutoTests" name="[26] /home/travis/build/icyphy/ptII/ptolemy/domains/continuous/test/auto/ContinuousInDE3.xml (RunModel)" time="0.065" />
  <testcase classname="ptolemy.util.test.junit.AutoTests" name="[27] /home/travis/build/icyphy/ptII/ptolemy/domains/continuous/test/auto/ContinuousInDE4.xml (RunModel)" time="0.03" />
  <testcase classname="ptolemy.util.test.junit.AutoTests" name="[28] /home/travis/build/icyphy/ptII/ptolemy/domains/continuous/test/auto/ContinuousInDEDifferentRefinements.xml (RunModel)" time="0.103" />
  <testcase classname="ptolemy.util.test.junit.AutoTests" name="[29] /home/travis/build/icyphy/ptII/ptolemy/domains/continuous/test/auto/ContinuousInDEDifferentRefinementsPreemptive.xml (RunModel)" time="0.114" />
  <testcase classname="ptolemy.util.test.junit.AutoTests" name="[30] /home/travis/build/icyphy/ptII/ptolemy/domains/continuous/test/auto/ContinuousInDEInContinuous2.xml (RunModel)" time="0.067" />
  <testcase classname="ptolemy.util.test.junit.AutoTests" name="[31] /home/travis/build/icyphy/ptII/ptolemy/domains/continuous/test/auto/ContinuousInDEInContinuous3.xml (RunModel)" time="0.068" />
  <testcase classname="ptolemy.util.test.junit.AutoTests" name="[32] /home/travis/build/icyphy/ptII/ptolemy/domains/continuous/test/auto/ContinuousInDEInput.xml (RunModel)" time="0.044" />
  <testcase classname="ptolemy.util.test.junit.AutoTests" name="[33] /home/travis/build/icyphy/ptII/ptolemy/domains/continuous/test/auto/ContinuousInDEInput2.xml (RunModel)" time="0.042" />
  <testcase classname="ptolemy.util.test.junit.AutoTests" name="[34] /home/travis/build/icyphy/ptII/ptolemy/domains/continuous/test/auto/ContinuousInDEInput3.xml (RunModel)" time="0.041" />
  <testcase classname="ptolemy.util.test.junit.AutoTests" name="[35] /home/travis/build/icyphy/ptII/ptolemy/domains/continuous/test/auto/ContinuousInDESharingRefinement.xml (RunModel)" time="0.233" />
  <testcase classname="ptolemy.util.test.junit.AutoTests" name="[36] /home/travis/build/icyphy/ptII/ptolemy/domains/continuous/test/auto/ContinuousInDEwithNoPorts.xml (RunModel)" time="0.02" />
  <testcase classname="ptolemy.util.test.junit.AutoTests" name="[37] /home/travis/build/icyphy/ptII/ptolemy/domains/continuous/test/auto/ContinuousInsideDE.xml (RunModel)" time="0.1" />
  <testcase classname="ptolemy.util.test.junit.AutoTests" name="[38] /home/travis/build/icyphy/ptII/ptolemy/domains/continuous/test/auto/ContinuousMerge1.xml (RunModel)" time="0.016" />
  <testcase classname="ptolemy.util.test.junit.AutoTests" name="[39] /home/travis/build/icyphy/ptII/ptolemy/domains/continuous/test/auto/ContinuousMerge2.xml (RunModel)" time="0.05" />
  <testcase classname="ptolemy.util.test.junit.AutoTests" name="[40] /home/travis/build/icyphy/ptII/ptolemy/domains/continuous/test/auto/ContinuousMerge3.xml (RunModel)" time="0.078" />
  <testcase classname="ptolemy.util.test.junit.AutoTests" name="[41] /home/travis/build/icyphy/ptII/ptolemy/domains/continuous/test/auto/ContinuousWithinContinuous.xml (RunModel)" time="0.076" />
  <testcase classname="ptolemy.util.test.junit.AutoTests" name="[42] /home/travis/build/icyphy/ptII/ptolemy/domains/continuous/test/auto/ContinuousWithinContinuous2.xml (RunModel)" time="0.117" />
  <testcase classname="ptolemy.util.test.junit.AutoTests" name="[43] /home/travis/build/icyphy/ptII/ptolemy/domains/continuous/test/auto/ContinuousWithinContinuous3.xml (RunModel)" time="0.042" />
  <testcase classname="ptolemy.util.test.junit.AutoTests" name="[44] /home/travis/build/icyphy/ptII/ptolemy/domains/continuous/test/auto/ContinuousWithinContinuous4.xml (RunModel)" time="0.114" />
  <testcase classname="ptolemy.util.test.junit.AutoTests" name="[45] /home/travis/build/icyphy/ptII/ptolemy/domains/continuous/test/auto/ContinuousWithinContinuous5.xml (RunModel)" time="0.039" />
  <testcase classname="ptolemy.util.test.junit.AutoTests" name="[46] /home/travis/build/icyphy/ptII/ptolemy/domains/continuous/test/auto/ContinuousWithinContinuous6.xml (RunModel)" time="0.035" />
  <testcase classname="ptolemy.util.test.junit.AutoTests" name="[47] /home/travis/build/icyphy/ptII/ptolemy/domains/continuous/test/auto/ContinuousWithinContinuous7.xml (RunModel)" time="0.1" />
  <testcase classname="ptolemy.util.test.junit.AutoTests" name="[48] /home/travis/build/icyphy/ptII/ptolemy/domains/continuous/test/auto/DCMotor.xml (RunModel)" time="16.114" />
  <testcase classname="ptolemy.util.test.junit.AutoTests" name="[49] /home/travis/build/icyphy/ptII/ptolemy/domains/continuous/test/auto/DEInContinuous.xml (RunModel)" time="0.043" />
  <testcase classname="ptolemy.util.test.junit.AutoTests" name="[50] /home/travis/build/icyphy/ptII/ptolemy/domains/continuous/test/auto/DEinContinuous2.xml (RunModel)" time="0.03" />
  <testcase classname="ptolemy.util.test.junit.AutoTests" name="[51] /home/travis/build/icyphy/ptII/ptolemy/domains/continuous/test/auto/Derivative.xml (RunModel)" time="0.213" />
  <testcase classname="ptolemy.util.test.junit.AutoTests" name="[52] /home/travis/build/icyphy/ptII/ptolemy/domains/continuous/test/auto/Derivative1.xml (RunModel)" time="0.066" />
  <testcase classname="ptolemy.util.test.junit.AutoTests" name="[53] /home/travis/build/icyphy/ptII/ptolemy/domains/continuous/test/auto/DiscreteClock.xml (RunModel)" time="0.019" />
  <testcase classname="ptolemy.util.test.junit.AutoTests" name="[54] /home/travis/build/icyphy/ptII/ptolemy/domains/continuous/test/auto/EfficiencyCurve.xml (RunModel)" time="0.112" />
  <testcase classname="ptolemy.util.test.junit.AutoTests" name="[55] /home/travis/build/icyphy/ptII/ptolemy/domains/continuous/test/auto/ExponentialResponse.xml (RunModel)" time="0.134" />
  <testcase classname="ptolemy.util.test.junit.AutoTests" name="[56] /home/travis/build/icyphy/ptII/ptolemy/domains/continuous/test/auto/ExponentialResponseRK45.xml (RunModel)" time="0.039" />
  <testcase classname="ptolemy.util.test.junit.AutoTests" name="[57] /home/travis/build/icyphy/ptII/ptolemy/domains/continuous/test/auto/Friction.xml (RunModel)" time="1.601" />
  <testcase classname="ptolemy.util.test.junit.AutoTests" name="[58] /home/travis/build/icyphy/ptII/ptolemy/domains/continuous/test/auto/FurutaPendulum.xml (RunModel)" time="3.055" />
  <testcase classname="ptolemy.util.test.junit.AutoTests" name="[59] /home/travis/build/icyphy/ptII/ptolemy/domains/continuous/test/auto/HierarchicalExecution.xml (RunModel)" time="2.068" />
  <testcase classname="ptolemy.util.test.junit.AutoTests" name="[60] /home/travis/build/icyphy/ptII/ptolemy/domains/continuous/test/auto/HybridPlant.xml (RunModel)" time="0.633" />
  <testcase classname="ptolemy.util.test.junit.AutoTests" name="[61] /home/travis/build/icyphy/ptII/ptolemy/domains/continuous/test/auto/Hysteresis.xml (RunModel)" time="0.203" />
  <testcase classname="ptolemy.util.test.junit.AutoTests" name="[62] /home/travis/build/icyphy/ptII/ptolemy/domains/continuous/test/auto/HysteresisWithRandomDelay.xml (RunModel)" time="0.247" />
  <testcase classname="ptolemy.util.test.junit.AutoTests" name="[63] /home/travis/build/icyphy/ptII/ptolemy/domains/continuous/test/auto/HysteresisWithRandomLosses.xml (RunModel)" time="2.597" />
  <testcase classname="ptolemy.util.test.junit.AutoTests" name="[64] /home/travis/build/icyphy/ptII/ptolemy/domains/continuous/test/auto/ImmediateTransitions.xml (RunModel)" time="0.028" />
  <testcase classname="ptolemy.util.test.junit.AutoTests" name="[65] /home/travis/build/icyphy/ptII/ptolemy/domains/continuous/test/auto/ImpulseFeedback.xml (RunModel)" time="0.018" />
  <testcase classname="ptolemy.util.test.junit.AutoTests" name="[66] /home/travis/build/icyphy/ptII/ptolemy/domains/continuous/test/auto/ImpulseFeedback2.xml (RunModel)" time="0.016" />
  <testcase classname="ptolemy.util.test.junit.AutoTests" name="[67] /home/travis/build/icyphy/ptII/ptolemy/domains/continuous/test/auto/IncreasingRatePoisson.xml (RunModel)" time="0.771" />
  <testcase classname="ptolemy.util.test.junit.AutoTests" name="[68] /home/travis/build/icyphy/ptII/ptolemy/domains/continuous/test/auto/InitialStateFeedback.xml (RunModel)" time="0.019" />
  <testcase classname="ptolemy.util.test.junit.AutoTests" name="[69] /home/travis/build/icyphy/ptII/ptolemy/domains/continuous/test/auto/Integration.xml (RunModel)" time="0.024" />
  <testcase classname="ptolemy.util.test.junit.AutoTests" name="[70] /home/travis/build/icyphy/ptII/ptolemy/domains/continuous/test/auto/Integration2.xml (RunModel)" time="0.098" />
  <testcase classname="ptolemy.util.test.junit.AutoTests" name="[71] /home/travis/build/icyphy/ptII/ptolemy/domains/continuous/test/auto/Integration3.xml (RunModel)" time="0.013" />
  <testcase classname="ptolemy.util.test.junit.AutoTests" name="[72] /home/travis/build/icyphy/ptII/ptolemy/domains/continuous/test/auto/Integration5.xml (RunModel)" time="0.032" />
  <testcase classname="ptolemy.util.test.junit.AutoTests" name="[73] /home/travis/build/icyphy/ptII/ptolemy/domains/continuous/test/auto/IntegratorImpulse.xml (RunModel)" time="0.012" />
  <testcase classname="ptolemy.util.test.junit.AutoTests" name="[74] /home/travis/build/icyphy/ptII/ptolemy/domains/continuous/test/auto/IntegratorImpulse2.xml (RunModel)" time="0.019" />
  <testcase classname="ptolemy.util.test.junit.AutoTests" name="[75] /home/travis/build/icyphy/ptII/ptolemy/domains/continuous/test/auto/LevelCrossing1.xml (RunModel)" time="0.013" />
  <testcase classname="ptolemy.util.test.junit.AutoTests" name="[76] /home/travis/build/icyphy/ptII/ptolemy/domains/continuous/test/auto/LevelCrossing2.xml (RunModel)" time="0.014" />
  <testcase classname="ptolemy.util.test.junit.AutoTests" name="[77] /home/travis/build/icyphy/ptII/ptolemy/domains/continuous/test/auto/LevelCrossing3.xml (RunModel)" time="0.014" />
  <testcase classname="ptolemy.util.test.junit.AutoTests" name="[78] /home/travis/build/icyphy/ptII/ptolemy/domains/continuous/test/auto/LevelCrossing4.xml (RunModel)" time="0.015" />
  <testcase classname="ptolemy.util.test.junit.AutoTests" name="[79] /home/travis/build/icyphy/ptII/ptolemy/domains/continuous/test/auto/LevelCrossing5.xml (RunModel)" time="0.016" />
  <testcase classname="ptolemy.util.test.junit.AutoTests" name="[80] /home/travis/build/icyphy/ptII/ptolemy/domains/continuous/test/auto/LevelCrossing6.xml (RunModel)" time="0.015" />
  <testcase classname="ptolemy.util.test.junit.AutoTests" name="[81] /home/travis/build/icyphy/ptII/ptolemy/domains/continuous/test/auto/LevelCrossingDetector.xml (RunModel)" time="0.058" />
  <testcase classname="ptolemy.util.test.junit.AutoTests" name="[82] /home/travis/build/icyphy/ptII/ptolemy/domains/continuous/test/auto/LevelCrossingDetectorDetectingDirections.xml (RunModel)" time="0.083" />
  <testcase classname="ptolemy.util.test.junit.AutoTests" name="[83] /home/travis/build/icyphy/ptII/ptolemy/domains/continuous/test/auto/LevelCrossingDetectorDetectsGlitches.xml (RunModel)" time="0.071" />
  <testcase classname="ptolemy.util.test.junit.AutoTests" name="[84] /home/travis/build/icyphy/ptII/ptolemy/domains/continuous/test/auto/LevelCrossingNoInitialOuput.xml (RunModel)" time="0.012" />
  <testcase classname="ptolemy.util.test.junit.AutoTests" name="[85] /home/travis/build/icyphy/ptII/ptolemy/domains/continuous/test/auto/LinearStateSpaceExample.xml (RunModel)" time="0.066" />
  <testcase classname="ptolemy.util.test.junit.AutoTests" name="[86] /home/travis/build/icyphy/ptII/ptolemy/domains/continuous/test/auto/Lorenz.xml (RunModel)" time="4.312" />
  <testcase classname="ptolemy.util.test.junit.AutoTests" name="[87] /home/travis/build/icyphy/ptII/ptolemy/domains/continuous/test/auto/LorenzDifferentialSystem.xml (RunModel)" time="1.129" />
  <testcase classname="ptolemy.util.test.junit.AutoTests" name="[88] /home/travis/build/icyphy/ptII/ptolemy/domains/continuous/test/auto/LorenzDifferentialSystemWithInput.xml (RunModel)" time="1.299" />
  <testcase classname="ptolemy.util.test.junit.AutoTests" name="[89] /home/travis/build/icyphy/ptII/ptolemy/domains/continuous/test/auto/LorenzDifferentialSystemWithTime.xml (RunModel)" time="0.763" />
  <testcase classname="ptolemy.util.test.junit.AutoTests" name="[90] /home/travis/build/icyphy/ptII/ptolemy/domains/continuous/test/auto/Microsteps.xml (RunModel)" time="0.032" />
  <testcase classname="ptolemy.util.test.junit.AutoTests" name="[91] /home/travis/build/icyphy/ptII/ptolemy/domains/continuous/test/auto/Modal1.xml (RunModel)" time="0.036" />
  <testcase classname="ptolemy.util.test.junit.AutoTests" name="[92] /home/travis/build/icyphy/ptII/ptolemy/domains/continuous/test/auto/Modal2.xml (RunModel)" time="0.049" />
  <testcase classname="ptolemy.util.test.junit.AutoTests" name="[93] /home/travis/build/icyphy/ptII/ptolemy/domains/continuous/test/auto/ModalTransitionGuardWithReset.xml (RunModel)" time="0.049" />
  <testcase classname="ptolemy.util.test.junit.AutoTests" name="[94] /home/travis/build/icyphy/ptII/ptolemy/domains/continuous/test/auto/ModalTransitionGuardWithResetUsingPreemptiveTransition.xml (RunModel)" time="0.038" />
  <testcase classname="ptolemy.util.test.junit.AutoTests" name="[95] /home/travis/build/icyphy/ptII/ptolemy/domains/continuous/test/auto/ModalTransitionGuardWithResetUsingPreemptiveTransition2.xml (RunModel)" time="0.026" />
  <testcase classname="ptolemy.util.test.junit.AutoTests" name="[96] /home/travis/build/icyphy/ptII/ptolemy/domains/continuous/test/auto/ModalTransitionGuardWithResetUsingPreemptiveTransition3.xml (RunModel)" time="0.033" />
  <testcase classname="ptolemy.util.test.junit.AutoTests" name="[97] /home/travis/build/icyphy/ptII/ptolemy/domains/continuous/test/auto/NewtonsCradle.xml (RunModel)" time="0.775" />
  <testcase classname="ptolemy.util.test.junit.AutoTests" name="[98] /home/travis/build/icyphy/ptII/ptolemy/domains/continuous/test/auto/NewtonsCradleAnimated.xml (RunModel)" time="1.139" />
  <testcase classname="ptolemy.util.test.junit.AutoTests" name="[99] /home/travis/build/icyphy/ptII/ptolemy/domains/continuous/test/auto/NewtonsCradleComplicated.xml (RunModel)" time="0.844" />
  <testcase classname="ptolemy.util.test.junit.AutoTests" name="[100] /home/travis/build/icyphy/ptII/ptolemy/domains/continuous/test/auto/NewtonsCradleNondeterministic.xml (RunModel)" time="0.669" />
  <testcase classname="ptolemy.util.test.junit.AutoTests" name="[101] /home/travis/build/icyphy/ptII/ptolemy/domains/continuous/test/auto/NewtonsCradlePerfectlyInelastic1.xml (RunModel)" time="1.14" />
  <testcase classname="ptolemy.util.test.junit.AutoTests" name="[102] /home/travis/build/icyphy/ptII/ptolemy/domains/continuous/test/auto/Noise.xml (RunModel)" time="0.207" />
  <testcase classname="ptolemy.util.test.junit.AutoTests" name="[103] /home/travis/build/icyphy/ptII/ptolemy/domains/continuous/test/auto/NoiseSpectrum.xml (RunModel)" time="0.924" />
  <testcase classname="ptolemy.util.test.junit.AutoTests" name="[104] /home/travis/build/icyphy/ptII/ptolemy/domains/continuous/test/auto/ParameterizedNewtonsCradleAnimated.xml (RunModel)" time="0.374" />
  <testcase classname="ptolemy.util.test.junit.AutoTests" name="[105] /home/travis/build/icyphy/ptII/ptolemy/domains/continuous/test/auto/ParameterizedNewtonsCradleAnimatedNondeterministic.xml (RunModel)" time="1.137" />
  <testcase classname="ptolemy.util.test.junit.AutoTests" name="[106] /home/travis/build/icyphy/ptII/ptolemy/domains/continuous/test/auto/Pendulum3D.xml (RunModel)" time="0.187" />
  <testcase classname="ptolemy.util.test.junit.AutoTests" name="[107] /home/travis/build/icyphy/ptII/ptolemy/domains/continuous/test/auto/PeriodicSampler.xml (RunModel)" time="0.011" />
  <testcase classname="ptolemy.util.test.junit.AutoTests" name="[108] /home/travis/build/icyphy/ptII/ptolemy/domains/continuous/test/auto/PeriodicSampler1.xml (RunModel)" time="0.051" />
  <testcase classname="ptolemy.util.test.junit.AutoTests" name="[109] /home/travis/build/icyphy/ptII/ptolemy/domains/continuous/test/auto/PeriodicSampler2.xml (RunModel)" time="0.093" />
  <testcase classname="ptolemy.util.test.junit.AutoTests" name="[110] /home/travis/build/icyphy/ptII/ptolemy/domains/continuous/test/auto/Poisson.xml (RunModel)" time="0.525" />
  <testcase classname="ptolemy.util.test.junit.AutoTests" name="[111] /home/travis/build/icyphy/ptII/ptolemy/domains/continuous/test/auto/PoissonClock.xml (RunModel)" time="0.012" />
  <testcase classname="ptolemy.util.test.junit.AutoTests" name="[112] /home/travis/build/icyphy/ptII/ptolemy/domains/continuous/test/auto/PoissonClock2.xml (RunModel)" time="0.015" />
  <testcase classname="ptolemy.util.test.junit.AutoTests" name="[113] /home/travis/build/icyphy/ptII/ptolemy/domains/continuous/test/auto/PortParameterHierarchy.xml (RunModel)" time="0.019" />
  <testcase classname="ptolemy.util.test.junit.AutoTests" name="[114] /home/travis/build/icyphy/ptII/ptolemy/domains/continuous/test/auto/RandomHybridPlant.xml (RunModel)" time="0.758" />
  <testcase classname="ptolemy.util.test.junit.AutoTests" name="[115] /home/travis/build/icyphy/ptII/ptolemy/domains/continuous/test/auto/ResetTransitionWithStartTime1.xml (RunModel)" time="0.03" />
  <testcase classname="ptolemy.util.test.junit.AutoTests" name="[116] /home/travis/build/icyphy/ptII/ptolemy/domains/continuous/test/auto/ResetTransitionWithStartTime2.xml (RunModel)" time="0.039" />
  <testcase classname="ptolemy.util.test.junit.AutoTests" name="[117] /home/travis/build/icyphy/ptII/ptolemy/domains/continuous/test/auto/ResetTransitionWithStartTime3.xml (RunModel)" time="0.042" />
  <testcase classname="ptolemy.util.test.junit.AutoTests" name="[118] /home/travis/build/icyphy/ptII/ptolemy/domains/continuous/test/auto/ResetTransitionWithStartTime4.xml (RunModel)" time="0.026" />
  <testcase classname="ptolemy.util.test.junit.AutoTests" name="[119] /home/travis/build/icyphy/ptII/ptolemy/domains/continuous/test/auto/ResetTransitionWithStartTime5.xml (RunModel)" time="0.036" />
  <testcase classname="ptolemy.util.test.junit.AutoTests" name="[120] /home/travis/build/icyphy/ptII/ptolemy/domains/continuous/test/auto/ResetTransitionWithStartTime6.xml (RunModel)" time="0.031" />
  <testcase classname="ptolemy.util.test.junit.AutoTests" name="[121] /home/travis/build/icyphy/ptII/ptolemy/domains/continuous/test/auto/SRinContinuous.xml (RunModel)" time="0.031" />
  <testcase classname="ptolemy.util.test.junit.AutoTests" name="[122] /home/travis/build/icyphy/ptII/ptolemy/domains/continuous/test/auto/SampledClocks.xml (RunModel)" time="0.026" />
  <testcase classname="ptolemy.util.test.junit.AutoTests" name="[123] /home/travis/build/icyphy/ptII/ptolemy/domains/continuous/test/auto/Satellite.xml (RunModel)" time="0.894" />
  <testcase classname="ptolemy.util.test.junit.AutoTests" name="[124] /home/travis/build/icyphy/ptII/ptolemy/domains/continuous/test/auto/SigmaDelta.xml (RunModel)" time="2.692" />
  <testcase classname="ptolemy.util.test.junit.AutoTests" name="[125] /home/travis/build/icyphy/ptII/ptolemy/domains/continuous/test/auto/SinuBouncingBall.xml (RunModel)" time="0.791" />
  <testcase classname="ptolemy.util.test.junit.AutoTests" name="[126] /home/travis/build/icyphy/ptII/ptolemy/domains/continuous/test/auto/Sinusoid.xml (RunModel)" time="0.017" />
  <testcase classname="ptolemy.util.test.junit.AutoTests" name="[127] /home/travis/build/icyphy/ptII/ptolemy/domains/continuous/test/auto/SinusoidInNoise.xml (RunModel)" time="0.961" />
  <testcase classname="ptolemy.util.test.junit.AutoTests" name="[128] /home/travis/build/icyphy/ptII/ptolemy/domains/continuous/test/auto/SinusoidRK45.xml (RunModel)" time="0.013" />
  <testcase classname="ptolemy.util.test.junit.AutoTests" name="[129] /home/travis/build/icyphy/ptII/ptolemy/domains/continuous/test/auto/SinusoidWithMultipleImpulses.xml (RunModel)" time="0.012" />
  <testcase classname="ptolemy.util.test.junit.AutoTests" name="[130] /home/travis/build/icyphy/ptII/ptolemy/domains/continuous/test/auto/SquareWave.xml (RunModel)" time="0.187" />
  <testcase classname="ptolemy.util.test.junit.AutoTests" name="[131] /home/travis/build/icyphy/ptII/ptolemy/domains/continuous/test/auto/Starmac.xml (RunModel)" time="3.6" />
  <testcase classname="ptolemy.util.test.junit.AutoTests" name="[132] /home/travis/build/icyphy/ptII/ptolemy/domains/continuous/test/auto/StaticUnits.xml (RunModel)" time="2.598" />
  <testcase classname="ptolemy.util.test.junit.AutoTests" name="[133] /home/travis/build/icyphy/ptII/ptolemy/domains/continuous/test/auto/StickyMasses.xml (RunModel)" time="0.193" />
  <testcase classname="ptolemy.util.test.junit.AutoTests" name="[134] /home/travis/build/icyphy/ptII/ptolemy/domains/continuous/test/auto/StopTime.xml (RunModel)" time="0.071" />
  <testcase classname="ptolemy.util.test.junit.AutoTests" name="[135] /home/travis/build/icyphy/ptII/ptolemy/domains/continuous/test/auto/StopTime2.xml (RunModel)" time="0.071" />
  <testcase classname="ptolemy.util.test.junit.AutoTests" name="[136] /home/travis/build/icyphy/ptII/ptolemy/domains/continuous/test/auto/Switch.xml (RunModel)" time="0.078" />
  <testcase classname="ptolemy.util.test.junit.AutoTests" name="[137] /home/travis/build/icyphy/ptII/ptolemy/domains/continuous/test/auto/Thermostat.xml (RunModel)" time="0.238" />
  <testcase classname="ptolemy.util.test.junit.AutoTests" name="[138] /home/travis/build/icyphy/ptII/ptolemy/domains/continuous/test/auto/TimeDelay.xml (RunModel)" time="0.014" />
  <testcase classname="ptolemy.util.test.junit.AutoTests" name="[139] /home/travis/build/icyphy/ptII/ptolemy/domains/continuous/test/auto/TimeDelay2.xml (RunModel)" time="0.029" />
  <testcase classname="ptolemy.util.test.junit.AutoTests" name="[140] /home/travis/build/icyphy/ptII/ptolemy/domains/continuous/test/auto/TimeDelay3.xml (RunModel)" time="0.014" />
  <testcase classname="ptolemy.util.test.junit.AutoTests" name="[141] /home/travis/build/icyphy/ptII/ptolemy/domains/continuous/test/auto/TransferAbsentToInside.xml (RunModel)" time="0.128" />
  <testcase classname="ptolemy.util.test.junit.AutoTests" name="[142] /home/travis/build/icyphy/ptII/ptolemy/domains/continuous/test/auto/Transmission.xml (RunModel)" time="0.866" />
  <testcase classname="ptolemy.util.test.junit.AutoTests" name="[143] /home/travis/build/icyphy/ptII/ptolemy/domains/continuous/test/auto/TriggeredContinuousClock.xml (RunModel)" time="0.082" />
  <testcase classname="ptolemy.util.test.junit.AutoTests" name="[144] /home/travis/build/icyphy/ptII/ptolemy/domains/continuous/test/auto/TwoMachineInfiniteBusControl.xml (RunModel)" time="2.786" />
  <testcase classname="ptolemy.util.test.junit.AutoTests" name="[145] /home/travis/build/icyphy/ptII/ptolemy/domains/continuous/test/auto/V2V.xml (RunModel)" time="0.854" />
  <testcase classname="ptolemy.util.test.junit.AutoTests" name="[146] /home/travis/build/icyphy/ptII/ptolemy/domains/continuous/test/auto/hierarchicalModalModel.xml (RunModel)" time="0.044" />
  <testcase classname="ptolemy.util.test.junit.AutoTests" name="[147] /home/travis/build/icyphy/ptII/ptolemy/domains/continuous/test/auto/hierarchicalModalModel1.xml (RunModel)" time="0.035" />
  <testcase classname="ptolemy.util.test.junit.AutoTests" name="[148] /home/travis/build/icyphy/ptII/ptolemy/domains/continuous/test/auto/hierarchicalModalModel2.xml (RunModel)" time="0.031" />
  <testcase classname="ptolemy.util.test.junit.AutoTests" name="[149] /home/travis/build/icyphy/ptII/ptolemy/domains/continuous/test/auto/hierarchicalModalModel3.xml (RunModel)" time="0.024" />
  <testcase classname="ptolemy.util.test.junit.AutoTests" name="[150] /home/travis/build/icyphy/ptII/ptolemy/domains/continuous/test/auto/hierarchicalModalModel4.xml (RunModel)" time="0.037" />
  <testcase classname="ptolemy.util.test.junit.AutoTests" name="[151] /home/travis/build/icyphy/ptII/ptolemy/domains/continuous/test/auto/junk.xml (RunModel)" time="0.186" />
  <system-out><![CDATA[No tcl tests in /home/travis/build/icyphy/ptII/ptolemy/domains/continuous/test
No auto/knownFailedTests/*.xml tests in /home/travis/build/icyphy/ptII/ptolemy/domains/continuous/test
No auto/linux-amd64/*.xml tests in /home/travis/build/icyphy/ptII/ptolemy/domains/continuous/test
AutoTests.java: About to close Vertx.
AutoTests.java: Vertx closed.

===========================================================================================
----------------- testing Sun Jun 03 20:24:49 UTC 2018 /home/travis/build/icyphy/ptII/ptolemy/domains/continuous/test/auto/BouncingBall.xml
----------------- Instantiating /home/travis/build/icyphy/ptII/ptolemy/domains/continuous/test/auto/BouncingBall.xml
2497 ms. Memory: 331776K Free: 322467K (97%)
----------------- Invoking toplevel() on ptolemy.moml.MoMLSimpleApplication@221b87b3
----------------- Done invoking toplevel() on ptolemy.moml.MoMLSimpleApplication@221b87b3
reloadAllAccessors: .BouncingBall

===========================================================================================
----------------- testing Sun Jun 03 20:24:51 UTC 2018 /home/travis/build/icyphy/ptII/ptolemy/domains/continuous/test/auto/BouncingBallWithoutGR.xml
----------------- Instantiating /home/travis/build/icyphy/ptII/ptolemy/domains/continuous/test/auto/BouncingBallWithoutGR.xml
858 ms. Memory: 331776K Free: 132615K (40%)
----------------- Invoking toplevel() on ptolemy.moml.MoMLSimpleApplication@240036a1
----------------- Done invoking toplevel() on ptolemy.moml.MoMLSimpleApplication@240036a1
reloadAllAccessors: .BouncingBallWithoutGR

===========================================================================================
----------------- testing Sun Jun 03 20:24:52 UTC 2018 /home/travis/build/icyphy/ptII/ptolemy/domains/continuous/test/auto/Brownian.xml
----------------- Instantiating /home/travis/build/icyphy/ptII/ptolemy/domains/continuous/test/auto/Brownian.xml
48 ms. Memory: 331776K Free: 120353K (36%)
----------------- Invoking toplevel() on ptolemy.moml.MoMLSimpleApplication@2a415ed7
----------------- Done invoking toplevel() on ptolemy.moml.MoMLSimpleApplication@2a415ed7
reloadAllAccessors: .Brownian

===========================================================================================
----------------- testing Sun Jun 03 20:24:53 UTC 2018 /home/travis/build/icyphy/ptII/ptolemy/domains/continuous/test/auto/CarTracking.xml
----------------- Instantiating /home/travis/build/icyphy/ptII/ptolemy/domains/continuous/test/auto/CarTracking.xml
4068 ms. Memory: 479744K Free: 307769K (64%)
----------------- Invoking toplevel() on ptolemy.moml.MoMLSimpleApplication@4bed1a24
----------------- Done invoking toplevel() on ptolemy.moml.MoMLSimpleApplication@4bed1a24
reloadAllAccessors: .CarTracking

===========================================================================================
----------------- testing Sun Jun 03 20:24:57 UTC 2018 /home/travis/build/icyphy/ptII/ptolemy/domains/continuous/test/auto/CartPendulum.xml
----------------- Instantiating /home/travis/build/icyphy/ptII/ptolemy/domains/continuous/test/auto/CartPendulum.xml
414 ms. Memory: 479744K Free: 204881K (43%)
----------------- Invoking toplevel() on ptolemy.moml.MoMLSimpleApplication@46bfbcd6
----------------- Done invoking toplevel() on ptolemy.moml.MoMLSimpleApplication@46bfbcd6
reloadAllAccessors: .CartPendulum

===========================================================================================
----------------- testing Sun Jun 03 20:24:58 UTC 2018 /home/travis/build/icyphy/ptII/ptolemy/domains/continuous/test/auto/CausalityInterface10.xml
----------------- Instantiating /home/travis/build/icyphy/ptII/ptolemy/domains/continuous/test/auto/CausalityInterface10.xml
12 ms. Memory: 479744K Free: 191774K (40%)
----------------- Invoking toplevel() on ptolemy.moml.MoMLSimpleApplication@7589950b
----------------- Done invoking toplevel() on ptolemy.moml.MoMLSimpleApplication@7589950b
reloadAllAccessors: .CausalityInterface10

===========================================================================================
----------------- testing Sun Jun 03 20:24:58 UTC 2018 /home/travis/build/icyphy/ptII/ptolemy/domains/continuous/test/auto/CausalityInterface11.xml
----------------- Instantiating /home/travis/build/icyphy/ptII/ptolemy/domains/continuous/test/auto/CausalityInterface11.xml
4 ms. Memory: 479744K Free: 183904K (38%)
----------------- Invoking toplevel() on ptolemy.moml.MoMLSimpleApplication@5c339a20
----------------- Done invoking toplevel() on ptolemy.moml.MoMLSimpleApplication@5c339a20
reloadAllAccessors: .CausalityInterface11

===========================================================================================
----------------- testing Sun Jun 03 20:24:58 UTC 2018 /home/travis/build/icyphy/ptII/ptolemy/domains/continuous/test/auto/CausalityInterface12.xml
----------------- Instantiating /home/travis/build/icyphy/ptII/ptolemy/domains/continuous/test/auto/CausalityInterface12.xml
11 ms. Memory: 479744K Free: 173384K (36%)
----------------- Invoking toplevel() on ptolemy.moml.MoMLSimpleApplication@5be3d20b
----------------- Done invoking toplevel() on ptolemy.moml.MoMLSimpleApplication@5be3d20b
reloadAllAccessors: .CausalityInterface12

===========================================================================================
----------------- testing Sun Jun 03 20:24:58 UTC 2018 /home/travis/build/icyphy/ptII/ptolemy/domains/continuous/test/auto/CausalityInterface13.xml
----------------- Instantiating /home/travis/build/icyphy/ptII/ptolemy/domains/continuous/test/auto/CausalityInterface13.xml
7 ms. Memory: 479744K Free: 162896K (34%)
----------------- Invoking toplevel() on ptolemy.moml.MoMLSimpleApplication@2dddbc2a
----------------- Done invoking toplevel() on ptolemy.moml.MoMLSimpleApplication@2dddbc2a
reloadAllAccessors: .CausalityInterface13

===========================================================================================
----------------- testing Sun Jun 03 20:24:58 UTC 2018 /home/travis/build/icyphy/ptII/ptolemy/domains/continuous/test/auto/CausalityInterface14.xml
----------------- Instantiating /home/travis/build/icyphy/ptII/ptolemy/domains/continuous/test/auto/CausalityInterface14.xml
10 ms. Memory: 479744K Free: 151199K (32%)
----------------- Invoking toplevel() on ptolemy.moml.MoMLSimpleApplication@1cdd3551
----------------- Done invoking toplevel() on ptolemy.moml.MoMLSimpleApplication@1cdd3551
reloadAllAccessors: .CausalityInterface14

===========================================================================================
----------------- testing Sun Jun 03 20:24:58 UTC 2018 /home/travis/build/icyphy/ptII/ptolemy/domains/continuous/test/auto/CausalityInterface4.xml
----------------- Instantiating /home/travis/build/icyphy/ptII/ptolemy/domains/continuous/test/auto/CausalityInterface4.xml
6 ms. Memory: 479744K Free: 140727K (29%)
----------------- Invoking toplevel() on ptolemy.moml.MoMLSimpleApplication@6c1226c3
----------------- Done invoking toplevel() on ptolemy.moml.MoMLSimpleApplication@6c1226c3
reloadAllAccessors: .CausalityInterface4

===========================================================================================
----------------- testing Sun Jun 03 20:24:58 UTC 2018 /home/travis/build/icyphy/ptII/ptolemy/domains/continuous/test/auto/CausalityInterface5.xml
----------------- Instantiating /home/travis/build/icyphy/ptII/ptolemy/domains/continuous/test/auto/CausalityInterface5.xml
9 ms. Memory: 479744K Free: 130247K (27%)
----------------- Invoking toplevel() on ptolemy.moml.MoMLSimpleApplication@135f982
----------------- Done invoking toplevel() on ptolemy.moml.MoMLSimpleApplication@135f982
reloadAllAccessors: .CausalityInterface5

===========================================================================================
----------------- testing Sun Jun 03 20:24:58 UTC 2018 /home/travis/build/icyphy/ptII/ptolemy/domains/continuous/test/auto/CausalityInterface6.xml
----------------- Instantiating /home/travis/build/icyphy/ptII/ptolemy/domains/continuous/test/auto/CausalityInterface6.xml
6 ms. Memory: 479744K Free: 122384K (26%)
----------------- Invoking toplevel() on ptolemy.moml.MoMLSimpleApplication@4e113d7e
----------------- Done invoking toplevel() on ptolemy.moml.MoMLSimpleApplication@4e113d7e
reloadAllAccessors: .CausalityInterface6

===========================================================================================
----------------- testing Sun Jun 03 20:24:58 UTC 2018 /home/travis/build/icyphy/ptII/ptolemy/domains/continuous/test/auto/CausalityInterface7.xml
----------------- Instantiating /home/travis/build/icyphy/ptII/ptolemy/domains/continuous/test/auto/CausalityInterface7.xml
6 ms. Memory: 479744K Free: 105443K (22%)
----------------- Invoking toplevel() on ptolemy.moml.MoMLSimpleApplication@6874f49
----------------- Done invoking toplevel() on ptolemy.moml.MoMLSimpleApplication@6874f49
reloadAllAccessors: .CausalityInterface7

===========================================================================================
----------------- testing Sun Jun 03 20:24:58 UTC 2018 /home/travis/build/icyphy/ptII/ptolemy/domains/continuous/test/auto/CausalityInterface8.xml
----------------- Instantiating /home/travis/build/icyphy/ptII/ptolemy/domains/continuous/test/auto/CausalityInterface8.xml
3 ms. Memory: 479744K Free: 92321K (19%)
----------------- Invoking toplevel() on ptolemy.moml.MoMLSimpleApplication@d7b0ff
----------------- Done invoking toplevel() on ptolemy.moml.MoMLSimpleApplication@d7b0ff
reloadAllAccessors: .CausalityInterface8

===========================================================================================
----------------- testing Sun Jun 03 20:24:58 UTC 2018 /home/travis/build/icyphy/ptII/ptolemy/domains/continuous/test/auto/CausalityInterface9.xml
----------------- Instantiating /home/travis/build/icyphy/ptII/ptolemy/domains/continuous/test/auto/CausalityInterface9.xml
16 ms. Memory: 456192K Free: 446306K (98%)
----------------- Invoking toplevel() on ptolemy.moml.MoMLSimpleApplication@663cdba8
----------------- Done invoking toplevel() on ptolemy.moml.MoMLSimpleApplication@663cdba8
reloadAllAccessors: .CausalityInterface9

===========================================================================================
----------------- testing Sun Jun 03 20:24:58 UTC 2018 /home/travis/build/icyphy/ptII/ptolemy/domains/continuous/test/auto/CausalityInterfaceFeedback1.xml
----------------- Instantiating /home/travis/build/icyphy/ptII/ptolemy/domains/continuous/test/auto/CausalityInterfaceFeedback1.xml
7 ms. Memory: 456192K Free: 432529K (95%)
----------------- Invoking toplevel() on ptolemy.moml.MoMLSimpleApplication@4c09d4db
----------------- Done invoking toplevel() on ptolemy.moml.MoMLSimpleApplication@4c09d4db
reloadAllAccessors: .CausalityInterfaceFeedback1

===========================================================================================
----------------- testing Sun Jun 03 20:24:58 UTC 2018 /home/travis/build/icyphy/ptII/ptolemy/domains/continuous/test/auto/CausalityInterfaceFeedback2.xml
----------------- Instantiating /home/travis/build/icyphy/ptII/ptolemy/domains/continuous/test/auto/CausalityInterfaceFeedback2.xml
4 ms. Memory: 456192K Free: 422534K (93%)
----------------- Invoking toplevel() on ptolemy.moml.MoMLSimpleApplication@79fcf9c0
----------------- Done invoking toplevel() on ptolemy.moml.MoMLSimpleApplication@79fcf9c0
reloadAllAccessors: .CausalityInterfaceFeedback2

===========================================================================================
----------------- testing Sun Jun 03 20:24:58 UTC 2018 /home/travis/build/icyphy/ptII/ptolemy/domains/continuous/test/auto/CompareWithCurrentTime.xml
----------------- Instantiating /home/travis/build/icyphy/ptII/ptolemy/domains/continuous/test/auto/CompareWithCurrentTime.xml
4 ms. Memory: 456192K Free: 415023K (91%)
----------------- Invoking toplevel() on ptolemy.moml.MoMLSimpleApplication@74e3b8a6
----------------- Done invoking toplevel() on ptolemy.moml.MoMLSimpleApplication@74e3b8a6
reloadAllAccessors: .CompareWithCurrentTime

===========================================================================================
----------------- testing Sun Jun 03 20:24:58 UTC 2018 /home/travis/build/icyphy/ptII/ptolemy/domains/continuous/test/auto/ComparedClocks.xml
----------------- Instantiating /home/travis/build/icyphy/ptII/ptolemy/domains/continuous/test/auto/ComparedClocks.xml
8 ms. Memory: 456192K Free: 392561K (86%)
----------------- Invoking toplevel() on ptolemy.moml.MoMLSimpleApplication@7ee2f755
----------------- Done invoking toplevel() on ptolemy.moml.MoMLSimpleApplication@7ee2f755
reloadAllAccessors: .ComparedClocks

===========================================================================================
----------------- testing Sun Jun 03 20:24:58 UTC 2018 /home/travis/build/icyphy/ptII/ptolemy/domains/continuous/test/auto/ContinuousAOCClone.xml
----------------- Instantiating /home/travis/build/icyphy/ptII/ptolemy/domains/continuous/test/auto/ContinuousAOCClone.xml
2623 ms. Memory: 444416K Free: 228127K (51%)
----------------- Invoking toplevel() on ptolemy.moml.MoMLSimpleApplication@46c1f8c3
----------------- Done invoking toplevel() on ptolemy.moml.MoMLSimpleApplication@46c1f8c3
reloadAllAccessors: .ContinuousAOCClone

===========================================================================================
----------------- testing Sun Jun 03 20:25:01 UTC 2018 /home/travis/build/icyphy/ptII/ptolemy/domains/continuous/test/auto/ContinuousClock.xml
----------------- Instantiating /home/travis/build/icyphy/ptII/ptolemy/domains/continuous/test/auto/ContinuousClock.xml
40 ms. Memory: 444416K Free: 200903K (45%)
----------------- Invoking toplevel() on ptolemy.moml.MoMLSimpleApplication@4bcc11c
----------------- Done invoking toplevel() on ptolemy.moml.MoMLSimpleApplication@4bcc11c
reloadAllAccessors: .ContinuousClock

===========================================================================================
----------------- testing Sun Jun 03 20:25:01 UTC 2018 /home/travis/build/icyphy/ptII/ptolemy/domains/continuous/test/auto/ContinuousInContinuous.xml
----------------- Instantiating /home/travis/build/icyphy/ptII/ptolemy/domains/continuous/test/auto/ContinuousInContinuous.xml
43 ms. Memory: 444416K Free: 173094K (39%)
----------------- Invoking toplevel() on ptolemy.moml.MoMLSimpleApplication@59e17ef5
----------------- Done invoking toplevel() on ptolemy.moml.MoMLSimpleApplication@59e17ef5
reloadAllAccessors: .ContinuousInContinuous

===========================================================================================
----------------- testing Sun Jun 03 20:25:02 UTC 2018 /home/travis/build/icyphy/ptII/ptolemy/domains/continuous/test/auto/ContinuousInContinuousInContinuous.xml
----------------- Instantiating /home/travis/build/icyphy/ptII/ptolemy/domains/continuous/test/auto/ContinuousInContinuousInContinuous.xml
7 ms. Memory: 444416K Free: 163542K (37%)
----------------- Invoking toplevel() on ptolemy.moml.MoMLSimpleApplication@414a829f
----------------- Done invoking toplevel() on ptolemy.moml.MoMLSimpleApplication@414a829f
reloadAllAccessors: .ContinuousInContinuousInContinuous

===========================================================================================
----------------- testing Sun Jun 03 20:25:02 UTC 2018 /home/travis/build/icyphy/ptII/ptolemy/domains/continuous/test/auto/ContinuousInDE.xml
----------------- Instantiating /home/travis/build/icyphy/ptII/ptolemy/domains/continuous/test/auto/ContinuousInDE.xml
90 ms. Memory: 444416K Free: 147679K (33%)
----------------- Invoking toplevel() on ptolemy.moml.MoMLSimpleApplication@7cccc88a
----------------- Done invoking toplevel() on ptolemy.moml.MoMLSimpleApplication@7cccc88a
reloadAllAccessors: .ContinuousInDE

===========================================================================================
----------------- testing Sun Jun 03 20:25:02 UTC 2018 /home/travis/build/icyphy/ptII/ptolemy/domains/continuous/test/auto/ContinuousInDE2.xml
----------------- Instantiating /home/travis/build/icyphy/ptII/ptolemy/domains/continuous/test/auto/ContinuousInDE2.xml
48 ms. Memory: 444416K Free: 135733K (31%)
----------------- Invoking toplevel() on ptolemy.moml.MoMLSimpleApplication@37684fb7
----------------- Done invoking toplevel() on ptolemy.moml.MoMLSimpleApplication@37684fb7
reloadAllAccessors: .ContinuousInDE2

===========================================================================================
----------------- testing Sun Jun 03 20:25:02 UTC 2018 /home/travis/build/icyphy/ptII/ptolemy/domains/continuous/test/auto/ContinuousInDE3.xml
----------------- Instantiating /home/travis/build/icyphy/ptII/ptolemy/domains/continuous/test/auto/ContinuousInDE3.xml
49 ms. Memory: 444416K Free: 122264K (28%)
----------------- Invoking toplevel() on ptolemy.moml.MoMLSimpleApplication@31d4dc68
----------------- Done invoking toplevel() on ptolemy.moml.MoMLSimpleApplication@31d4dc68
reloadAllAccessors: .ContinuousInDE3

===========================================================================================
----------------- testing Sun Jun 03 20:25:02 UTC 2018 /home/travis/build/icyphy/ptII/ptolemy/domains/continuous/test/auto/ContinuousInDE4.xml
----------------- Instantiating /home/travis/build/icyphy/ptII/ptolemy/domains/continuous/test/auto/ContinuousInDE4.xml
12 ms. Memory: 444416K Free: 115090K (26%)
----------------- Invoking toplevel() on ptolemy.moml.MoMLSimpleApplication@172e5e22
----------------- Done invoking toplevel() on ptolemy.moml.MoMLSimpleApplication@172e5e22
reloadAllAccessors: .ContinuousInDE4

===========================================================================================
----------------- testing Sun Jun 03 20:25:02 UTC 2018 /home/travis/build/icyphy/ptII/ptolemy/domains/continuous/test/auto/ContinuousInDEDifferentRefinements.xml
----------------- Instantiating /home/travis/build/icyphy/ptII/ptolemy/domains/continuous/test/auto/ContinuousInDEDifferentRefinements.xml
55 ms. Memory: 444416K Free: 77664K (17%)
----------------- Invoking toplevel() on ptolemy.moml.MoMLSimpleApplication@79de59b0
----------------- Done invoking toplevel() on ptolemy.moml.MoMLSimpleApplication@79de59b0
reloadAllAccessors: .ContinuousInDEDifferentRefinements

===========================================================================================
----------------- testing Sun Jun 03 20:25:02 UTC 2018 /home/travis/build/icyphy/ptII/ptolemy/domains/continuous/test/auto/ContinuousInDEDifferentRefinementsPreemptive.xml
----------------- Instantiating /home/travis/build/icyphy/ptII/ptolemy/domains/continuous/test/auto/ContinuousInDEDifferentRefinementsPreemptive.xml
52 ms. Memory: 423424K Free: 379879K (90%)
----------------- Invoking toplevel() on ptolemy.moml.MoMLSimpleApplication@25637ebe
----------------- Done invoking toplevel() on ptolemy.moml.MoMLSimpleApplication@25637ebe
reloadAllAccessors: .ContinuousInDEDifferentRefinementsPreemptive

===========================================================================================
----------------- testing Sun Jun 03 20:25:02 UTC 2018 /home/travis/build/icyphy/ptII/ptolemy/domains/continuous/test/auto/ContinuousInDEInContinuous2.xml
----------------- Instantiating /home/travis/build/icyphy/ptII/ptolemy/domains/continuous/test/auto/ContinuousInDEInContinuous2.xml
40 ms. Memory: 423424K Free: 362924K (86%)
----------------- Invoking toplevel() on ptolemy.moml.MoMLSimpleApplication@37a5e1ba
----------------- Done invoking toplevel() on ptolemy.moml.MoMLSimpleApplication@37a5e1ba
reloadAllAccessors: .ContinuousInDEInContinuous2

===========================================================================================
----------------- testing Sun Jun 03 20:25:02 UTC 2018 /home/travis/build/icyphy/ptII/ptolemy/domains/continuous/test/auto/ContinuousInDEInContinuous3.xml
----------------- Instantiating /home/travis/build/icyphy/ptII/ptolemy/domains/continuous/test/auto/ContinuousInDEInContinuous3.xml
40 ms. Memory: 423424K Free: 345970K (82%)
----------------- Invoking toplevel() on ptolemy.moml.MoMLSimpleApplication@4dabb8d4
----------------- Done invoking toplevel() on ptolemy.moml.MoMLSimpleApplication@4dabb8d4
reloadAllAccessors: .ContinuousInDEInContinuous3

===========================================================================================
----------------- testing Sun Jun 03 20:25:02 UTC 2018 /home/travis/build/icyphy/ptII/ptolemy/domains/continuous/test/auto/ContinuousInDEInput.xml
----------------- Instantiating /home/travis/build/icyphy/ptII/ptolemy/domains/continuous/test/auto/ContinuousInDEInput.xml
24 ms. Memory: 423424K Free: 335862K (79%)
----------------- Invoking toplevel() on ptolemy.moml.MoMLSimpleApplication@324ab87a
----------------- Done invoking toplevel() on ptolemy.moml.MoMLSimpleApplication@324ab87a
reloadAllAccessors: .ContinuousInDEInput

===========================================================================================
----------------- testing Sun Jun 03 20:25:02 UTC 2018 /home/travis/build/icyphy/ptII/ptolemy/domains/continuous/test/auto/ContinuousInDEInput2.xml
----------------- Instantiating /home/travis/build/icyphy/ptII/ptolemy/domains/continuous/test/auto/ContinuousInDEInput2.xml
21 ms. Memory: 423424K Free: 325755K (77%)
----------------- Invoking toplevel() on ptolemy.moml.MoMLSimpleApplication@4e3c83d7
----------------- Done invoking toplevel() on ptolemy.moml.MoMLSimpleApplication@4e3c83d7
reloadAllAccessors: .ContinuousInDEInput2

===========================================================================================
----------------- testing Sun Jun 03 20:25:02 UTC 2018 /home/travis/build/icyphy/ptII/ptolemy/domains/continuous/test/auto/ContinuousInDEInput3.xml
----------------- Instantiating /home/travis/build/icyphy/ptII/ptolemy/domains/continuous/test/auto/ContinuousInDEInput3.xml
21 ms. Memory: 423424K Free: 316631K (75%)
----------------- Invoking toplevel() on ptolemy.moml.MoMLSimpleApplication@7238dd1c
----------------- Done invoking toplevel() on ptolemy.moml.MoMLSimpleApplication@7238dd1c
reloadAllAccessors: .ContinuousInDEInput3

===========================================================================================
----------------- testing Sun Jun 03 20:25:02 UTC 2018 /home/travis/build/icyphy/ptII/ptolemy/domains/continuous/test/auto/ContinuousInDESharingRefinement.xml
----------------- Instantiating /home/travis/build/icyphy/ptII/ptolemy/domains/continuous/test/auto/ContinuousInDESharingRefinement.xml
196 ms. Memory: 423424K Free: 219441K (52%)
----------------- Invoking toplevel() on ptolemy.moml.MoMLSimpleApplication@59b82d4a
----------------- Done invoking toplevel() on ptolemy.moml.MoMLSimpleApplication@59b82d4a
reloadAllAccessors: .ContinuousInDESharingRefinement

===========================================================================================
----------------- testing Sun Jun 03 20:25:03 UTC 2018 /home/travis/build/icyphy/ptII/ptolemy/domains/continuous/test/auto/ContinuousInDEwithNoPorts.xml
----------------- Instantiating /home/travis/build/icyphy/ptII/ptolemy/domains/continuous/test/auto/ContinuousInDEwithNoPorts.xml
5 ms. Memory: 423424K Free: 211602K (50%)
----------------- Invoking toplevel() on ptolemy.moml.MoMLSimpleApplication@323d7403
----------------- Done invoking toplevel() on ptolemy.moml.MoMLSimpleApplication@323d7403
reloadAllAccessors: .ContinuousInDEwithNoPorts

===========================================================================================
----------------- testing Sun Jun 03 20:25:03 UTC 2018 /home/travis/build/icyphy/ptII/ptolemy/domains/continuous/test/auto/ContinuousInsideDE.xml
----------------- Instantiating /home/travis/build/icyphy/ptII/ptolemy/domains/continuous/test/auto/ContinuousInsideDE.xml
51 ms. Memory: 423424K Free: 196908K (47%)
----------------- Invoking toplevel() on ptolemy.moml.MoMLSimpleApplication@4ed23c5e
----------------- Done invoking toplevel() on ptolemy.moml.MoMLSimpleApplication@4ed23c5e
reloadAllAccessors: .ContinuousInsideDE

===========================================================================================
----------------- testing Sun Jun 03 20:25:03 UTC 2018 /home/travis/build/icyphy/ptII/ptolemy/domains/continuous/test/auto/ContinuousMerge1.xml
----------------- Instantiating /home/travis/build/icyphy/ptII/ptolemy/domains/continuous/test/auto/ContinuousMerge1.xml
3 ms. Memory: 423424K Free: 189077K (45%)
----------------- Invoking toplevel() on ptolemy.moml.MoMLSimpleApplication@e234ae9
----------------- Done invoking toplevel() on ptolemy.moml.MoMLSimpleApplication@e234ae9
reloadAllAccessors: .ContinuousMerge1

===========================================================================================
----------------- testing Sun Jun 03 20:25:03 UTC 2018 /home/travis/build/icyphy/ptII/ptolemy/domains/continuous/test/auto/ContinuousMerge2.xml
----------------- Instantiating /home/travis/build/icyphy/ptII/ptolemy/domains/continuous/test/auto/ContinuousMerge2.xml
17 ms. Memory: 423424K Free: 174384K (41%)
----------------- Invoking toplevel() on ptolemy.moml.MoMLSimpleApplication@7753a9b1
----------------- Done invoking toplevel() on ptolemy.moml.MoMLSimpleApplication@7753a9b1
reloadAllAccessors: .ContinuousMerge2

===========================================================================================
----------------- testing Sun Jun 03 20:25:03 UTC 2018 /home/travis/build/icyphy/ptII/ptolemy/domains/continuous/test/auto/ContinuousMerge3.xml
----------------- Instantiating /home/travis/build/icyphy/ptII/ptolemy/domains/continuous/test/auto/ContinuousMerge3.xml
53 ms. Memory: 423424K Free: 160692K (38%)
----------------- Invoking toplevel() on ptolemy.moml.MoMLSimpleApplication@66e5378f
----------------- Done invoking toplevel() on ptolemy.moml.MoMLSimpleApplication@66e5378f
reloadAllAccessors: .ContinuousMerge3

===========================================================================================
----------------- testing Sun Jun 03 20:25:03 UTC 2018 /home/travis/build/icyphy/ptII/ptolemy/domains/continuous/test/auto/ContinuousWithinContinuous.xml
----------------- Instantiating /home/travis/build/icyphy/ptII/ptolemy/domains/continuous/test/auto/ContinuousWithinContinuous.xml
53 ms. Memory: 423424K Free: 148295K (35%)
----------------- Invoking toplevel() on ptolemy.moml.MoMLSimpleApplication@189a8ab2
----------------- Done invoking toplevel() on ptolemy.moml.MoMLSimpleApplication@189a8ab2
reloadAllAccessors: .ContinuousWithinContinuous

===========================================================================================
----------------- testing Sun Jun 03 20:25:03 UTC 2018 /home/travis/build/icyphy/ptII/ptolemy/domains/continuous/test/auto/ContinuousWithinContinuous2.xml
----------------- Instantiating /home/travis/build/icyphy/ptII/ptolemy/domains/continuous/test/auto/ContinuousWithinContinuous2.xml
101 ms. Memory: 423424K Free: 133618K (32%)
----------------- Invoking toplevel() on ptolemy.moml.MoMLSimpleApplication@66923ec4
----------------- Done invoking toplevel() on ptolemy.moml.MoMLSimpleApplication@66923ec4
reloadAllAccessors: .ContinuousWithinContinuous2

===========================================================================================
----------------- testing Sun Jun 03 20:25:03 UTC 2018 /home/travis/build/icyphy/ptII/ptolemy/domains/continuous/test/auto/ContinuousWithinContinuous3.xml
----------------- Instantiating /home/travis/build/icyphy/ptII/ptolemy/domains/continuous/test/auto/ContinuousWithinContinuous3.xml
20 ms. Memory: 423424K Free: 123490K (29%)
----------------- Invoking toplevel() on ptolemy.moml.MoMLSimpleApplication@472c88ef
----------------- Done invoking toplevel() on ptolemy.moml.MoMLSimpleApplication@472c88ef
reloadAllAccessors: .ContinuousWithinContinuous3

===========================================================================================
----------------- testing Sun Jun 03 20:25:03 UTC 2018 /home/travis/build/icyphy/ptII/ptolemy/domains/continuous/test/auto/ContinuousWithinContinuous4.xml
----------------- Instantiating /home/travis/build/icyphy/ptII/ptolemy/domains/continuous/test/auto/ContinuousWithinContinuous4.xml
97 ms. Memory: 423424K Free: 108813K (26%)
----------------- Invoking toplevel() on ptolemy.moml.MoMLSimpleApplication@45a01924
----------------- Done invoking toplevel() on ptolemy.moml.MoMLSimpleApplication@45a01924
reloadAllAccessors: .ContinuousWithinContinuous4

===========================================================================================
----------------- testing Sun Jun 03 20:25:03 UTC 2018 /home/travis/build/icyphy/ptII/ptolemy/domains/continuous/test/auto/ContinuousWithinContinuous5.xml
----------------- Instantiating /home/travis/build/icyphy/ptII/ptolemy/domains/continuous/test/auto/ContinuousWithinContinuous5.xml
18 ms. Memory: 423424K Free: 99690K (24%)
----------------- Invoking toplevel() on ptolemy.moml.MoMLSimpleApplication@602a760e
----------------- Done invoking toplevel() on ptolemy.moml.MoMLSimpleApplication@602a760e
reloadAllAccessors: .ContinuousWithinContinuous5

===========================================================================================
----------------- testing Sun Jun 03 20:25:03 UTC 2018 /home/travis/build/icyphy/ptII/ptolemy/domains/continuous/test/auto/ContinuousWithinContinuous6.xml
----------------- Instantiating /home/travis/build/icyphy/ptII/ptolemy/domains/continuous/test/auto/ContinuousWithinContinuous6.xml
16 ms. Memory: 423424K Free: 89565K (21%)
----------------- Invoking toplevel() on ptolemy.moml.MoMLSimpleApplication@28caaf08
----------------- Done invoking toplevel() on ptolemy.moml.MoMLSimpleApplication@28caaf08
reloadAllAccessors: .ContinuousWithinContinuous6

===========================================================================================
----------------- testing Sun Jun 03 20:25:03 UTC 2018 /home/travis/build/icyphy/ptII/ptolemy/domains/continuous/test/auto/ContinuousWithinContinuous7.xml
----------------- Instantiating /home/travis/build/icyphy/ptII/ptolemy/domains/continuous/test/auto/ContinuousWithinContinuous7.xml
85 ms. Memory: 423424K Free: 74896K (18%)
----------------- Invoking toplevel() on ptolemy.moml.MoMLSimpleApplication@700aa6ac
----------------- Done invoking toplevel() on ptolemy.moml.MoMLSimpleApplication@700aa6ac
reloadAllAccessors: .ContinuousWithinContinuous7

===========================================================================================
----------------- testing Sun Jun 03 20:25:03 UTC 2018 /home/travis/build/icyphy/ptII/ptolemy/domains/continuous/test/auto/DCMotor.xml
----------------- Instantiating /home/travis/build/icyphy/ptII/ptolemy/domains/continuous/test/auto/DCMotor.xml
16003 ms. Memory: 277504K Free: 72400K (26%)
----------------- Invoking toplevel() on ptolemy.moml.MoMLSimpleApplication@50715f7e
----------------- Done invoking toplevel() on ptolemy.moml.MoMLSimpleApplication@50715f7e
reloadAllAccessors: .DCMotor

===========================================================================================
----------------- testing Sun Jun 03 20:25:20 UTC 2018 /home/travis/build/icyphy/ptII/ptolemy/domains/continuous/test/auto/DEInContinuous.xml
----------------- Instantiating /home/travis/build/icyphy/ptII/ptolemy/domains/continuous/test/auto/DEInContinuous.xml
17 ms. Memory: 264704K Free: 238438K (90%)
----------------- Invoking toplevel() on ptolemy.moml.MoMLSimpleApplication@fa4188f
----------------- Done invoking toplevel() on ptolemy.moml.MoMLSimpleApplication@fa4188f
reloadAllAccessors: .DEInContinuous

===========================================================================================
----------------- testing Sun Jun 03 20:25:20 UTC 2018 /home/travis/build/icyphy/ptII/ptolemy/domains/continuous/test/auto/DEinContinuous2.xml
----------------- Instantiating /home/travis/build/icyphy/ptII/ptolemy/domains/continuous/test/auto/DEinContinuous2.xml
7 ms. Memory: 264704K Free: 226606K (86%)
----------------- Invoking toplevel() on ptolemy.moml.MoMLSimpleApplication@726cb2e4
----------------- Done invoking toplevel() on ptolemy.moml.MoMLSimpleApplication@726cb2e4
reloadAllAccessors: .DEinContinuous2

===========================================================================================
----------------- testing Sun Jun 03 20:25:20 UTC 2018 /home/travis/build/icyphy/ptII/ptolemy/domains/continuous/test/auto/Derivative.xml
----------------- Instantiating /home/travis/build/icyphy/ptII/ptolemy/domains/continuous/test/auto/Derivative.xml
160 ms. Memory: 264704K Free: 189115K (71%)
----------------- Invoking toplevel() on ptolemy.moml.MoMLSimpleApplication@3024ce6e
----------------- Done invoking toplevel() on ptolemy.moml.MoMLSimpleApplication@3024ce6e
reloadAllAccessors: .Derivative2

===========================================================================================
----------------- testing Sun Jun 03 20:25:20 UTC 2018 /home/travis/build/icyphy/ptII/ptolemy/domains/continuous/test/auto/Derivative1.xml
----------------- Instantiating /home/travis/build/icyphy/ptII/ptolemy/domains/continuous/test/auto/Derivative1.xml
31 ms. Memory: 264704K Free: 169950K (64%)
----------------- Invoking toplevel() on ptolemy.moml.MoMLSimpleApplication@30d7b479
----------------- Done invoking toplevel() on ptolemy.moml.MoMLSimpleApplication@30d7b479
reloadAllAccessors: .Derivative1

===========================================================================================
----------------- testing Sun Jun 03 20:25:20 UTC 2018 /home/travis/build/icyphy/ptII/ptolemy/domains/continuous/test/auto/DiscreteClock.xml
----------------- Instantiating /home/travis/build/icyphy/ptII/ptolemy/domains/continuous/test/auto/DiscreteClock.xml
4 ms. Memory: 264704K Free: 158118K (60%)
----------------- Invoking toplevel() on ptolemy.moml.MoMLSimpleApplication@4eb1d913
----------------- Done invoking toplevel() on ptolemy.moml.MoMLSimpleApplication@4eb1d913
reloadAllAccessors: .DiscreteClock

===========================================================================================
----------------- testing Sun Jun 03 20:25:20 UTC 2018 /home/travis/build/icyphy/ptII/ptolemy/domains/continuous/test/auto/EfficiencyCurve.xml
----------------- Instantiating /home/travis/build/icyphy/ptII/ptolemy/domains/continuous/test/auto/EfficiencyCurve.xml
71 ms. Memory: 264704K Free: 141428K (53%)
----------------- Invoking toplevel() on ptolemy.moml.MoMLSimpleApplication@77b0c004
----------------- Done invoking toplevel() on ptolemy.moml.MoMLSimpleApplication@77b0c004
reloadAllAccessors: .EfficiencyCurve

===========================================================================================
----------------- testing Sun Jun 03 20:25:20 UTC 2018 /home/travis/build/icyphy/ptII/ptolemy/domains/continuous/test/auto/ExponentialResponse.xml
----------------- Instantiating /home/travis/build/icyphy/ptII/ptolemy/domains/continuous/test/auto/ExponentialResponse.xml
118 ms. Memory: 264704K Free: 122280K (46%)
----------------- Invoking toplevel() on ptolemy.moml.MoMLSimpleApplication@6a170225
----------------- Done invoking toplevel() on ptolemy.moml.MoMLSimpleApplication@6a170225
reloadAllAccessors: .ExponentialResponse

===========================================================================================
----------------- testing Sun Jun 03 20:25:20 UTC 2018 /home/travis/build/icyphy/ptII/ptolemy/domains/continuous/test/auto/ExponentialResponseRK45.xml
----------------- Instantiating /home/travis/build/icyphy/ptII/ptolemy/domains/continuous/test/auto/ExponentialResponseRK45.xml
31 ms. Memory: 264704K Free: 114129K (43%)
----------------- Invoking toplevel() on ptolemy.moml.MoMLSimpleApplication@77d47632
----------------- Done invoking toplevel() on ptolemy.moml.MoMLSimpleApplication@77d47632
reloadAllAccessors: .ExponentialResponseRK45

===========================================================================================
----------------- testing Sun Jun 03 20:25:20 UTC 2018 /home/travis/build/icyphy/ptII/ptolemy/domains/continuous/test/auto/Friction.xml
----------------- Instantiating /home/travis/build/icyphy/ptII/ptolemy/domains/continuous/test/auto/Friction.xml
1485 ms. Memory: 246784K Free: 178833K (72%)
----------------- Invoking toplevel() on ptolemy.moml.MoMLSimpleApplication@3fa97511
----------------- Done invoking toplevel() on ptolemy.moml.MoMLSimpleApplication@3fa97511
reloadAllAccessors: .Friction

===========================================================================================
----------------- testing Sun Jun 03 20:25:22 UTC 2018 /home/travis/build/icyphy/ptII/ptolemy/domains/continuous/test/auto/FurutaPendulum.xml
----------------- Instantiating /home/travis/build/icyphy/ptII/ptolemy/domains/continuous/test/auto/FurutaPendulum.xml
2883 ms. Memory: 224256K Free: 131012K (58%)
----------------- Invoking toplevel() on ptolemy.moml.MoMLSimpleApplication@4d3b5d00
----------------- Done invoking toplevel() on ptolemy.moml.MoMLSimpleApplication@4d3b5d00
reloadAllAccessors: .FurutaPendulum

===========================================================================================
----------------- testing Sun Jun 03 20:25:25 UTC 2018 /home/travis/build/icyphy/ptII/ptolemy/domains/continuous/test/auto/HierarchicalExecution.xml
----------------- Instantiating /home/travis/build/icyphy/ptII/ptolemy/domains/continuous/test/auto/HierarchicalExecution.xml
1797 ms. Memory: 306176K Free: 224175K (73%)
----------------- Invoking toplevel() on ptolemy.moml.MoMLSimpleApplication@123bb5b
----------------- Done invoking toplevel() on ptolemy.moml.MoMLSimpleApplication@123bb5b
reloadAllAccessors: .HierarchicalExecution

===========================================================================================
----------------- testing Sun Jun 03 20:25:27 UTC 2018 /home/travis/build/icyphy/ptII/ptolemy/domains/continuous/test/auto/HybridPlant.xml
----------------- Instantiating /home/travis/build/icyphy/ptII/ptolemy/domains/continuous/test/auto/HybridPlant.xml
567 ms. Memory: 295936K Free: 158731K (54%)
----------------- Invoking toplevel() on ptolemy.moml.MoMLSimpleApplication@851eb96
----------------- Done invoking toplevel() on ptolemy.moml.MoMLSimpleApplication@851eb96
reloadAllAccessors: .HybridPlant

===========================================================================================
----------------- testing Sun Jun 03 20:25:28 UTC 2018 /home/travis/build/icyphy/ptII/ptolemy/domains/continuous/test/auto/Hysteresis.xml
----------------- Instantiating /home/travis/build/icyphy/ptII/ptolemy/domains/continuous/test/auto/Hysteresis.xml
163 ms. Memory: 295936K Free: 93331K (32%)
----------------- Invoking toplevel() on ptolemy.moml.MoMLSimpleApplication@4139055e
----------------- Done invoking toplevel() on ptolemy.moml.MoMLSimpleApplication@4139055e
reloadAllAccessors: .Hysteresis

===========================================================================================
----------------- testing Sun Jun 03 20:25:28 UTC 2018 /home/travis/build/icyphy/ptII/ptolemy/domains/continuous/test/auto/HysteresisWithRandomDelay.xml
----------------- Instantiating /home/travis/build/icyphy/ptII/ptolemy/domains/continuous/test/auto/HysteresisWithRandomDelay.xml
185 ms. Memory: 349696K Free: 283747K (81%)
----------------- Invoking toplevel() on ptolemy.moml.MoMLSimpleApplication@59bcb54f
----------------- Done invoking toplevel() on ptolemy.moml.MoMLSimpleApplication@59bcb54f
reloadAllAccessors: .HysteresisWithRandomDelay

===========================================================================================
----------------- testing Sun Jun 03 20:25:28 UTC 2018 /home/travis/build/icyphy/ptII/ptolemy/domains/continuous/test/auto/HysteresisWithRandomLosses.xml
----------------- Instantiating /home/travis/build/icyphy/ptII/ptolemy/domains/continuous/test/auto/HysteresisWithRandomLosses.xml
2522 ms. Memory: 401408K Free: 171571K (43%)
----------------- Invoking toplevel() on ptolemy.moml.MoMLSimpleApplication@3fd0e4df
----------------- Done invoking toplevel() on ptolemy.moml.MoMLSimpleApplication@3fd0e4df
reloadAllAccessors: .HysteresisWithRandomLosses

===========================================================================================
----------------- testing Sun Jun 03 20:25:31 UTC 2018 /home/travis/build/icyphy/ptII/ptolemy/domains/continuous/test/auto/ImmediateTransitions.xml
----------------- Instantiating /home/travis/build/icyphy/ptII/ptolemy/domains/continuous/test/auto/ImmediateTransitions.xml
9 ms. Memory: 401408K Free: 153245K (38%)
----------------- Invoking toplevel() on ptolemy.moml.MoMLSimpleApplication@6437b6b4
----------------- Done invoking toplevel() on ptolemy.moml.MoMLSimpleApplication@6437b6b4
reloadAllAccessors: .ImmediateTransitions

===========================================================================================
----------------- testing Sun Jun 03 20:25:31 UTC 2018 /home/travis/build/icyphy/ptII/ptolemy/domains/continuous/test/auto/ImpulseFeedback.xml
----------------- Instantiating /home/travis/build/icyphy/ptII/ptolemy/domains/continuous/test/auto/ImpulseFeedback.xml
6 ms. Memory: 401408K Free: 142815K (36%)
----------------- Invoking toplevel() on ptolemy.moml.MoMLSimpleApplication@baf2455
----------------- Done invoking toplevel() on ptolemy.moml.MoMLSimpleApplication@baf2455
reloadAllAccessors: .ImpulseFeedback

===========================================================================================
----------------- testing Sun Jun 03 20:25:31 UTC 2018 /home/travis/build/icyphy/ptII/ptolemy/domains/continuous/test/auto/ImpulseFeedback2.xml
----------------- Instantiating /home/travis/build/icyphy/ptII/ptolemy/domains/continuous/test/auto/ImpulseFeedback2.xml
5 ms. Memory: 401408K Free: 132379K (33%)
----------------- Invoking toplevel() on ptolemy.moml.MoMLSimpleApplication@5e08c861
----------------- Done invoking toplevel() on ptolemy.moml.MoMLSimpleApplication@5e08c861
reloadAllAccessors: .ImpulseFeedback2

===========================================================================================
----------------- testing Sun Jun 03 20:25:31 UTC 2018 /home/travis/build/icyphy/ptII/ptolemy/domains/continuous/test/auto/IncreasingRatePoisson.xml
----------------- Instantiating /home/travis/build/icyphy/ptII/ptolemy/domains/continuous/test/auto/IncreasingRatePoisson.xml
744 ms. Memory: 392192K Free: 114100K (29%)
----------------- Invoking toplevel() on ptolemy.moml.MoMLSimpleApplication@c29ebb0
----------------- Done invoking toplevel() on ptolemy.moml.MoMLSimpleApplication@c29ebb0
reloadAllAccessors: .IncreasingRatePoisson

===========================================================================================
----------------- testing Sun Jun 03 20:25:32 UTC 2018 /home/travis/build/icyphy/ptII/ptolemy/domains/continuous/test/auto/InitialStateFeedback.xml
----------------- Instantiating /home/travis/build/icyphy/ptII/ptolemy/domains/continuous/test/auto/InitialStateFeedback.xml
3 ms. Memory: 392192K Free: 105517K (27%)
----------------- Invoking toplevel() on ptolemy.moml.MoMLSimpleApplication@5962f6d7
----------------- Done invoking toplevel() on ptolemy.moml.MoMLSimpleApplication@5962f6d7
reloadAllAccessors: .InitialStateFeedback

===========================================================================================
----------------- testing Sun Jun 03 20:25:32 UTC 2018 /home/travis/build/icyphy/ptII/ptolemy/domains/continuous/test/auto/Integration.xml
----------------- Instantiating /home/travis/build/icyphy/ptII/ptolemy/domains/continuous/test/auto/Integration.xml
9 ms. Memory: 392192K Free: 98521K (25%)
----------------- Invoking toplevel() on ptolemy.moml.MoMLSimpleApplication@726bdaa3
----------------- Done invoking toplevel() on ptolemy.moml.MoMLSimpleApplication@726bdaa3
reloadAllAccessors: .Integration

===========================================================================================
----------------- testing Sun Jun 03 20:25:32 UTC 2018 /home/travis/build/icyphy/ptII/ptolemy/domains/continuous/test/auto/Integration2.xml
----------------- Instantiating /home/travis/build/icyphy/ptII/ptolemy/domains/continuous/test/auto/Integration2.xml
87 ms. Memory: 392192K Free: 81354K (21%)
----------------- Invoking toplevel() on ptolemy.moml.MoMLSimpleApplication@43fee9c1
----------------- Done invoking toplevel() on ptolemy.moml.MoMLSimpleApplication@43fee9c1
reloadAllAccessors: .Integration2

===========================================================================================
----------------- testing Sun Jun 03 20:25:32 UTC 2018 /home/travis/build/icyphy/ptII/ptolemy/domains/continuous/test/auto/Integration3.xml
----------------- Instantiating /home/travis/build/icyphy/ptII/ptolemy/domains/continuous/test/auto/Integration3.xml
3 ms. Memory: 392192K Free: 74368K (19%)
----------------- Invoking toplevel() on ptolemy.moml.MoMLSimpleApplication@2a8504df
----------------- Done invoking toplevel() on ptolemy.moml.MoMLSimpleApplication@2a8504df
reloadAllAccessors: .Integration3

===========================================================================================
----------------- testing Sun Jun 03 20:25:32 UTC 2018 /home/travis/build/icyphy/ptII/ptolemy/domains/continuous/test/auto/Integration5.xml
----------------- Instantiating /home/travis/build/icyphy/ptII/ptolemy/domains/continuous/test/auto/Integration5.xml
2 ms. Memory: 392192K Free: 67375K (17%)
----------------- Invoking toplevel() on ptolemy.moml.MoMLSimpleApplication@3e55e440
----------------- Done invoking toplevel() on ptolemy.moml.MoMLSimpleApplication@3e55e440
reloadAllAccessors: .Integration5

===========================================================================================
----------------- testing Sun Jun 03 20:25:32 UTC 2018 /home/travis/build/icyphy/ptII/ptolemy/domains/continuous/test/auto/IntegratorImpulse.xml
----------------- Instantiating /home/travis/build/icyphy/ptII/ptolemy/domains/continuous/test/auto/IntegratorImpulse.xml
2 ms. Memory: 392192K Free: 60388K (15%)
----------------- Invoking toplevel() on ptolemy.moml.MoMLSimpleApplication@79a01de5
----------------- Done invoking toplevel() on ptolemy.moml.MoMLSimpleApplication@79a01de5
reloadAllAccessors: .IntegratorImpulse

===========================================================================================
----------------- testing Sun Jun 03 20:25:32 UTC 2018 /home/travis/build/icyphy/ptII/ptolemy/domains/continuous/test/auto/IntegratorImpulse2.xml
----------------- Instantiating /home/travis/build/icyphy/ptII/ptolemy/domains/continuous/test/auto/IntegratorImpulse2.xml
12 ms. Memory: 373248K Free: 340310K (91%)
----------------- Invoking toplevel() on ptolemy.moml.MoMLSimpleApplication@e31e63
----------------- Done invoking toplevel() on ptolemy.moml.MoMLSimpleApplication@e31e63
reloadAllAccessors: .IntegratorImpulse2

===========================================================================================
----------------- testing Sun Jun 03 20:25:32 UTC 2018 /home/travis/build/icyphy/ptII/ptolemy/domains/continuous/test/auto/LevelCrossing1.xml
----------------- Instantiating /home/travis/build/icyphy/ptII/ptolemy/domains/continuous/test/auto/LevelCrossing1.xml
2 ms. Memory: 373248K Free: 332576K (89%)
----------------- Invoking toplevel() on ptolemy.moml.MoMLSimpleApplication@3d2e83ee
----------------- Done invoking toplevel() on ptolemy.moml.MoMLSimpleApplication@3d2e83ee
reloadAllAccessors: .LevelCrossing1

===========================================================================================
----------------- testing Sun Jun 03 20:25:32 UTC 2018 /home/travis/build/icyphy/ptII/ptolemy/domains/continuous/test/auto/LevelCrossing2.xml
----------------- Instantiating /home/travis/build/icyphy/ptII/ptolemy/domains/continuous/test/auto/LevelCrossing2.xml
3 ms. Memory: 373248K Free: 325836K (87%)
----------------- Invoking toplevel() on ptolemy.moml.MoMLSimpleApplication@2f29b216
----------------- Done invoking toplevel() on ptolemy.moml.MoMLSimpleApplication@2f29b216
reloadAllAccessors: .LevelCrossing2

===========================================================================================
----------------- testing Sun Jun 03 20:25:32 UTC 2018 /home/travis/build/icyphy/ptII/ptolemy/domains/continuous/test/auto/LevelCrossing3.xml
----------------- Instantiating /home/travis/build/icyphy/ptII/ptolemy/domains/continuous/test/auto/LevelCrossing3.xml
2 ms. Memory: 373248K Free: 319183K (86%)
----------------- Invoking toplevel() on ptolemy.moml.MoMLSimpleApplication@78768549
----------------- Done invoking toplevel() on ptolemy.moml.MoMLSimpleApplication@78768549
reloadAllAccessors: .LevelCrossing3

===========================================================================================
----------------- testing Sun Jun 03 20:25:32 UTC 2018 /home/travis/build/icyphy/ptII/ptolemy/domains/continuous/test/auto/LevelCrossing4.xml
----------------- Instantiating /home/travis/build/icyphy/ptII/ptolemy/domains/continuous/test/auto/LevelCrossing4.xml
3 ms. Memory: 373248K Free: 312442K (84%)
----------------- Invoking toplevel() on ptolemy.moml.MoMLSimpleApplication@1b394400
----------------- Done invoking toplevel() on ptolemy.moml.MoMLSimpleApplication@1b394400
reloadAllAccessors: .LevelCrossing4

===========================================================================================
----------------- testing Sun Jun 03 20:25:32 UTC 2018 /home/travis/build/icyphy/ptII/ptolemy/domains/continuous/test/auto/LevelCrossing5.xml
----------------- Instantiating /home/travis/build/icyphy/ptII/ptolemy/domains/continuous/test/auto/LevelCrossing5.xml
4 ms. Memory: 373248K Free: 305699K (82%)
----------------- Invoking toplevel() on ptolemy.moml.MoMLSimpleApplication@5d04a7da
----------------- Done invoking toplevel() on ptolemy.moml.MoMLSimpleApplication@5d04a7da
reloadAllAccessors: .LevelCrossing5

===========================================================================================
----------------- testing Sun Jun 03 20:25:32 UTC 2018 /home/travis/build/icyphy/ptII/ptolemy/domains/continuous/test/auto/LevelCrossing6.xml
----------------- Instantiating /home/travis/build/icyphy/ptII/ptolemy/domains/continuous/test/auto/LevelCrossing6.xml
3 ms. Memory: 373248K Free: 298958K (80%)
[...]
reloadAllAccessors: .ResetTransitionWithStartTime5

===========================================================================================
----------------- testing Sun Jun 03 20:25:49 UTC 2018 /home/travis/build/icyphy/ptII/ptolemy/domains/continuous/test/auto/ResetTransitionWithStartTime6.xml
----------------- Instantiating /home/travis/build/icyphy/ptII/ptolemy/domains/continuous/test/auto/ResetTransitionWithStartTime6.xml
14 ms. Memory: 481792K Free: 105012K (22%)
----------------- Invoking toplevel() on ptolemy.moml.MoMLSimpleApplication@77a2e6a6
----------------- Done invoking toplevel() on ptolemy.moml.MoMLSimpleApplication@77a2e6a6
reloadAllAccessors: .ResetTransitionWithStartTime6

===========================================================================================
----------------- testing Sun Jun 03 20:25:49 UTC 2018 /home/travis/build/icyphy/ptII/ptolemy/domains/continuous/test/auto/SRinContinuous.xml
----------------- Instantiating /home/travis/build/icyphy/ptII/ptolemy/domains/continuous/test/auto/SRinContinuous.xml
8 ms. Memory: 481792K Free: 94051K (20%)
----------------- Invoking toplevel() on ptolemy.moml.MoMLSimpleApplication@33e69185
----------------- Done invoking toplevel() on ptolemy.moml.MoMLSimpleApplication@33e69185
reloadAllAccessors: .SRinContinuous

===========================================================================================
----------------- testing Sun Jun 03 20:25:49 UTC 2018 /home/travis/build/icyphy/ptII/ptolemy/domains/continuous/test/auto/SampledClocks.xml
----------------- Instantiating /home/travis/build/icyphy/ptII/ptolemy/domains/continuous/test/auto/SampledClocks.xml
5 ms. Memory: 481792K Free: 83091K (17%)
----------------- Invoking toplevel() on ptolemy.moml.MoMLSimpleApplication@7dbf1015
----------------- Done invoking toplevel() on ptolemy.moml.MoMLSimpleApplication@7dbf1015
reloadAllAccessors: .SampledClocks

===========================================================================================
----------------- testing Sun Jun 03 20:25:49 UTC 2018 /home/travis/build/icyphy/ptII/ptolemy/domains/continuous/test/auto/Satellite.xml
----------------- Instantiating /home/travis/build/icyphy/ptII/ptolemy/domains/continuous/test/auto/Satellite.xml
869 ms. Memory: 463360K Free: 281826K (61%)
----------------- Invoking toplevel() on ptolemy.moml.MoMLSimpleApplication@104757d5
----------------- Done invoking toplevel() on ptolemy.moml.MoMLSimpleApplication@104757d5
reloadAllAccessors: .Satellite

===========================================================================================
----------------- testing Sun Jun 03 20:25:50 UTC 2018 /home/travis/build/icyphy/ptII/ptolemy/domains/continuous/test/auto/SigmaDelta.xml
----------------- Instantiating /home/travis/build/icyphy/ptII/ptolemy/domains/continuous/test/auto/SigmaDelta.xml
2570 ms. Memory: 450048K Free: 270022K (60%)
----------------- Invoking toplevel() on ptolemy.moml.MoMLSimpleApplication@145d2ee
----------------- Done invoking toplevel() on ptolemy.moml.MoMLSimpleApplication@145d2ee
reloadAllAccessors: .SigmaDelta

===========================================================================================
----------------- testing Sun Jun 03 20:25:53 UTC 2018 /home/travis/build/icyphy/ptII/ptolemy/domains/continuous/test/auto/SinuBouncingBall.xml
----------------- Instantiating /home/travis/build/icyphy/ptII/ptolemy/domains/continuous/test/auto/SinuBouncingBall.xml
692 ms. Memory: 450048K Free: 46787K (10%)
----------------- Invoking toplevel() on ptolemy.moml.MoMLSimpleApplication@5801da7b
----------------- Done invoking toplevel() on ptolemy.moml.MoMLSimpleApplication@5801da7b
reloadAllAccessors: .SinuBouncingBall

===========================================================================================
----------------- testing Sun Jun 03 20:25:54 UTC 2018 /home/travis/build/icyphy/ptII/ptolemy/domains/continuous/test/auto/Sinusoid.xml
----------------- Instantiating /home/travis/build/icyphy/ptII/ptolemy/domains/continuous/test/auto/Sinusoid.xml
6 ms. Memory: 450048K Free: 40401K (9%)
----------------- Invoking toplevel() on ptolemy.moml.MoMLSimpleApplication@2f1bc4c7
----------------- Done invoking toplevel() on ptolemy.moml.MoMLSimpleApplication@2f1bc4c7
reloadAllAccessors: .Sinusoid

===========================================================================================
----------------- testing Sun Jun 03 20:25:54 UTC 2018 /home/travis/build/icyphy/ptII/ptolemy/domains/continuous/test/auto/SinusoidInNoise.xml
----------------- Instantiating /home/travis/build/icyphy/ptII/ptolemy/domains/continuous/test/auto/SinusoidInNoise.xml
917 ms. Memory: 430592K Free: 186545K (43%)
----------------- Invoking toplevel() on ptolemy.moml.MoMLSimpleApplication@41f5f58d
----------------- Done invoking toplevel() on ptolemy.moml.MoMLSimpleApplication@41f5f58d
reloadAllAccessors: .SinusoidInNoise

===========================================================================================
----------------- testing Sun Jun 03 20:25:54 UTC 2018 /home/travis/build/icyphy/ptII/ptolemy/domains/continuous/test/auto/SinusoidRK45.xml
----------------- Instantiating /home/travis/build/icyphy/ptII/ptolemy/domains/continuous/test/auto/SinusoidRK45.xml
2 ms. Memory: 430592K Free: 179386K (42%)
----------------- Invoking toplevel() on ptolemy.moml.MoMLSimpleApplication@3ef9a261
----------------- Done invoking toplevel() on ptolemy.moml.MoMLSimpleApplication@3ef9a261
reloadAllAccessors: .SinusoidRK45

===========================================================================================
----------------- testing Sun Jun 03 20:25:55 UTC 2018 /home/travis/build/icyphy/ptII/ptolemy/domains/continuous/test/auto/SinusoidWithMultipleImpulses.xml
----------------- Instantiating /home/travis/build/icyphy/ptII/ptolemy/domains/continuous/test/auto/SinusoidWithMultipleImpulses.xml
3 ms. Memory: 430592K Free: 173227K (40%)
----------------- Invoking toplevel() on ptolemy.moml.MoMLSimpleApplication@5ddd1f4e
----------------- Done invoking toplevel() on ptolemy.moml.MoMLSimpleApplication@5ddd1f4e
reloadAllAccessors: .SinusoidWithMultipleImpulses

===========================================================================================
----------------- testing Sun Jun 03 20:25:55 UTC 2018 /home/travis/build/icyphy/ptII/ptolemy/domains/continuous/test/auto/SquareWave.xml
----------------- Instantiating /home/travis/build/icyphy/ptII/ptolemy/domains/continuous/test/auto/SquareWave.xml
165 ms. Memory: 430592K Free: 144431K (34%)
----------------- Invoking toplevel() on ptolemy.moml.MoMLSimpleApplication@50d17045
----------------- Done invoking toplevel() on ptolemy.moml.MoMLSimpleApplication@50d17045
reloadAllAccessors: .SquareWave

===========================================================================================
----------------- testing Sun Jun 03 20:25:55 UTC 2018 /home/travis/build/icyphy/ptII/ptolemy/domains/continuous/test/auto/Starmac.xml
----------------- Instantiating /home/travis/build/icyphy/ptII/ptolemy/domains/continuous/test/auto/Starmac.xml
3071 ms. Memory: 416256K Free: 106751K (26%)
----------------- Invoking toplevel() on ptolemy.moml.MoMLSimpleApplication@2b998583
----------------- Done invoking toplevel() on ptolemy.moml.MoMLSimpleApplication@2b998583
reloadAllAccessors: .Starmac

===========================================================================================
----------------- testing Sun Jun 03 20:25:58 UTC 2018 /home/travis/build/icyphy/ptII/ptolemy/domains/continuous/test/auto/StaticUnits.xml
----------------- Instantiating /home/travis/build/icyphy/ptII/ptolemy/domains/continuous/test/auto/StaticUnits.xml
2153 ms. Memory: 355328K Free: 292647K (82%)
----------------- Invoking toplevel() on ptolemy.moml.MoMLSimpleApplication@64eaf786
----------------- Done invoking toplevel() on ptolemy.moml.MoMLSimpleApplication@64eaf786
reloadAllAccessors: .StaticUnits

===========================================================================================
----------------- testing Sun Jun 03 20:26:01 UTC 2018 /home/travis/build/icyphy/ptII/ptolemy/domains/continuous/test/auto/StickyMasses.xml
----------------- Instantiating /home/travis/build/icyphy/ptII/ptolemy/domains/continuous/test/auto/StickyMasses.xml
134 ms. Memory: 355328K Free: 233249K (66%)
----------------- Invoking toplevel() on ptolemy.moml.MoMLSimpleApplication@3f119bd6
----------------- Done invoking toplevel() on ptolemy.moml.MoMLSimpleApplication@3f119bd6
reloadAllAccessors: .StickyMasses

===========================================================================================
----------------- testing Sun Jun 03 20:26:01 UTC 2018 /home/travis/build/icyphy/ptII/ptolemy/domains/continuous/test/auto/StopTime.xml
----------------- Instantiating /home/travis/build/icyphy/ptII/ptolemy/domains/continuous/test/auto/StopTime.xml
46 ms. Memory: 355328K Free: 203974K (57%)
----------------- Invoking toplevel() on ptolemy.moml.MoMLSimpleApplication@504effa6
----------------- Done invoking toplevel() on ptolemy.moml.MoMLSimpleApplication@504effa6
reloadAllAccessors: .StopTime

===========================================================================================
----------------- testing Sun Jun 03 20:26:01 UTC 2018 /home/travis/build/icyphy/ptII/ptolemy/domains/continuous/test/auto/StopTime2.xml
----------------- Instantiating /home/travis/build/icyphy/ptII/ptolemy/domains/continuous/test/auto/StopTime2.xml
46 ms. Memory: 355328K Free: 176825K (50%)
----------------- Invoking toplevel() on ptolemy.moml.MoMLSimpleApplication@31905ebc
----------------- Done invoking toplevel() on ptolemy.moml.MoMLSimpleApplication@31905ebc
reloadAllAccessors: .StopTime2

===========================================================================================
----------------- testing Sun Jun 03 20:26:01 UTC 2018 /home/travis/build/icyphy/ptII/ptolemy/domains/continuous/test/auto/Switch.xml
----------------- Instantiating /home/travis/build/icyphy/ptII/ptolemy/domains/continuous/test/auto/Switch.xml
48 ms. Memory: 355328K Free: 147518K (42%)
----------------- Invoking toplevel() on ptolemy.moml.MoMLSimpleApplication@40ce16d9
----------------- Done invoking toplevel() on ptolemy.moml.MoMLSimpleApplication@40ce16d9
reloadAllAccessors: .Switch

===========================================================================================
----------------- testing Sun Jun 03 20:26:01 UTC 2018 /home/travis/build/icyphy/ptII/ptolemy/domains/continuous/test/auto/Thermostat.xml
----------------- Instantiating /home/travis/build/icyphy/ptII/ptolemy/domains/continuous/test/auto/Thermostat.xml
211 ms. Memory: 355328K Free: 71736K (20%)
----------------- Invoking toplevel() on ptolemy.moml.MoMLSimpleApplication@3157060b
----------------- Done invoking toplevel() on ptolemy.moml.MoMLSimpleApplication@3157060b
reloadAllAccessors: .Thermostat

===========================================================================================
----------------- testing Sun Jun 03 20:26:02 UTC 2018 /home/travis/build/icyphy/ptII/ptolemy/domains/continuous/test/auto/TimeDelay.xml
----------------- Instantiating /home/travis/build/icyphy/ptII/ptolemy/domains/continuous/test/auto/TimeDelay.xml
6 ms. Memory: 355328K Free: 64784K (18%)
----------------- Invoking toplevel() on ptolemy.moml.MoMLSimpleApplication@36c2fa05
----------------- Done invoking toplevel() on ptolemy.moml.MoMLSimpleApplication@36c2fa05
reloadAllAccessors: .TimeDelay

===========================================================================================
----------------- testing Sun Jun 03 20:26:02 UTC 2018 /home/travis/build/icyphy/ptII/ptolemy/domains/continuous/test/auto/TimeDelay2.xml
----------------- Instantiating /home/travis/build/icyphy/ptII/ptolemy/domains/continuous/test/auto/TimeDelay2.xml
7 ms. Memory: 355328K Free: 51771K (15%)
----------------- Invoking toplevel() on ptolemy.moml.MoMLSimpleApplication@a985dca
----------------- Done invoking toplevel() on ptolemy.moml.MoMLSimpleApplication@a985dca
reloadAllAccessors: .TimeDelay2

===========================================================================================
----------------- testing Sun Jun 03 20:26:02 UTC 2018 /home/travis/build/icyphy/ptII/ptolemy/domains/continuous/test/auto/TimeDelay3.xml
----------------- Instantiating /home/travis/build/icyphy/ptII/ptolemy/domains/continuous/test/auto/TimeDelay3.xml
7 ms. Memory: 355328K Free: 44826K (13%)
----------------- Invoking toplevel() on ptolemy.moml.MoMLSimpleApplication@73a12f0
----------------- Done invoking toplevel() on ptolemy.moml.MoMLSimpleApplication@73a12f0
reloadAllAccessors: .TimeDelay3

===========================================================================================
----------------- testing Sun Jun 03 20:26:02 UTC 2018 /home/travis/build/icyphy/ptII/ptolemy/domains/continuous/test/auto/TransferAbsentToInside.xml
----------------- Instantiating /home/travis/build/icyphy/ptII/ptolemy/domains/continuous/test/auto/TransferAbsentToInside.xml
35 ms. Memory: 349184K Free: 283090K (81%)
----------------- Invoking toplevel() on ptolemy.moml.MoMLSimpleApplication@7b0a6326
----------------- Done invoking toplevel() on ptolemy.moml.MoMLSimpleApplication@7b0a6326
reloadAllAccessors: .TransferAbsentToInside

===========================================================================================
----------------- testing Sun Jun 03 20:26:02 UTC 2018 /home/travis/build/icyphy/ptII/ptolemy/domains/continuous/test/auto/Transmission.xml
----------------- Instantiating /home/travis/build/icyphy/ptII/ptolemy/domains/continuous/test/auto/Transmission.xml
824 ms. Memory: 349184K Free: 45944K (13%)
----------------- Invoking toplevel() on ptolemy.moml.MoMLSimpleApplication@5c4723e1
----------------- Done invoking toplevel() on ptolemy.moml.MoMLSimpleApplication@5c4723e1
reloadAllAccessors: .Transmission

===========================================================================================
----------------- testing Sun Jun 03 20:26:03 UTC 2018 /home/travis/build/icyphy/ptII/ptolemy/domains/continuous/test/auto/TriggeredContinuousClock.xml
----------------- Instantiating /home/travis/build/icyphy/ptII/ptolemy/domains/continuous/test/auto/TriggeredContinuousClock.xml
39 ms. Memory: 329728K Free: 283274K (86%)
----------------- Invoking toplevel() on ptolemy.moml.MoMLSimpleApplication@631caa51
----------------- Done invoking toplevel() on ptolemy.moml.MoMLSimpleApplication@631caa51
reloadAllAccessors: .TriggeredContinuousClock

===========================================================================================
----------------- testing Sun Jun 03 20:26:03 UTC 2018 /home/travis/build/icyphy/ptII/ptolemy/domains/continuous/test/auto/TwoMachineInfiniteBusControl.xml
----------------- Instantiating /home/travis/build/icyphy/ptII/ptolemy/domains/continuous/test/auto/TwoMachineInfiniteBusControl.xml
2635 ms. Memory: 305152K Free: 243667K (80%)
----------------- Invoking toplevel() on ptolemy.moml.MoMLSimpleApplication@ea0f076
----------------- Done invoking toplevel() on ptolemy.moml.MoMLSimpleApplication@ea0f076
reloadAllAccessors: .TwoMachineInfiniteBusControl

===========================================================================================
----------------- testing Sun Jun 03 20:26:06 UTC 2018 /home/travis/build/icyphy/ptII/ptolemy/domains/continuous/test/auto/V2V.xml
----------------- Instantiating /home/travis/build/icyphy/ptII/ptolemy/domains/continuous/test/auto/V2V.xml
752 ms. Memory: 305152K Free: 45335K (15%)
----------------- Invoking toplevel() on ptolemy.moml.MoMLSimpleApplication@523d21fd
----------------- Done invoking toplevel() on ptolemy.moml.MoMLSimpleApplication@523d21fd
reloadAllAccessors: .V2V

===========================================================================================
----------------- testing Sun Jun 03 20:26:06 UTC 2018 /home/travis/build/icyphy/ptII/ptolemy/domains/continuous/test/auto/hierarchicalModalModel.xml
----------------- Instantiating /home/travis/build/icyphy/ptII/ptolemy/domains/continuous/test/auto/hierarchicalModalModel.xml
13 ms. Memory: 300544K Free: 275491K (92%)
----------------- Invoking toplevel() on ptolemy.moml.MoMLSimpleApplication@659d91a4
----------------- Done invoking toplevel() on ptolemy.moml.MoMLSimpleApplication@659d91a4
reloadAllAccessors: .hierarchicalModalModel

===========================================================================================
----------------- testing Sun Jun 03 20:26:06 UTC 2018 /home/travis/build/icyphy/ptII/ptolemy/domains/continuous/test/auto/hierarchicalModalModel1.xml
----------------- Instantiating /home/travis/build/icyphy/ptII/ptolemy/domains/continuous/test/auto/hierarchicalModalModel1.xml
9 ms. Memory: 300544K Free: 256800K (85%)
----------------- Invoking toplevel() on ptolemy.moml.MoMLSimpleApplication@46b9b354
----------------- Done invoking toplevel() on ptolemy.moml.MoMLSimpleApplication@46b9b354
reloadAllAccessors: .hierarchicalModalModel1

===========================================================================================
----------------- testing Sun Jun 03 20:26:06 UTC 2018 /home/travis/build/icyphy/ptII/ptolemy/domains/continuous/test/auto/hierarchicalModalModel2.xml
----------------- Instantiating /home/travis/build/icyphy/ptII/ptolemy/domains/continuous/test/auto/hierarchicalModalModel2.xml
6 ms. Memory: 300544K Free: 241369K (80%)
----------------- Invoking toplevel() on ptolemy.moml.MoMLSimpleApplication@43730795
----------------- Done invoking toplevel() on ptolemy.moml.MoMLSimpleApplication@43730795
reloadAllAccessors: .hierarchicalModalModel2

===========================================================================================
----------------- testing Sun Jun 03 20:26:06 UTC 2018 /home/travis/build/icyphy/ptII/ptolemy/domains/continuous/test/auto/hierarchicalModalModel3.xml
----------------- Instantiating /home/travis/build/icyphy/ptII/ptolemy/domains/continuous/test/auto/hierarchicalModalModel3.xml
6 ms. Memory: 300544K Free: 227542K (76%)
----------------- Invoking toplevel() on ptolemy.moml.MoMLSimpleApplication@4f9ab6e3
----------------- Done invoking toplevel() on ptolemy.moml.MoMLSimpleApplication@4f9ab6e3
reloadAllAccessors: .hierarchicalModalModel3

===========================================================================================
----------------- testing Sun Jun 03 20:26:07 UTC 2018 /home/travis/build/icyphy/ptII/ptolemy/domains/continuous/test/auto/hierarchicalModalModel4.xml
----------------- Instantiating /home/travis/build/icyphy/ptII/ptolemy/domains/continuous/test/auto/hierarchicalModalModel4.xml
5 ms. Memory: 300544K Free: 212118K (71%)
----------------- Invoking toplevel() on ptolemy.moml.MoMLSimpleApplication@a340b67
----------------- Done invoking toplevel() on ptolemy.moml.MoMLSimpleApplication@a340b67
reloadAllAccessors: .hierarchicalModalModel4

===========================================================================================
----------------- testing Sun Jun 03 20:26:07 UTC 2018 /home/travis/build/icyphy/ptII/ptolemy/domains/continuous/test/auto/junk.xml
----------------- Instantiating /home/travis/build/icyphy/ptII/ptolemy/domains/continuous/test/auto/junk.xml
156 ms. Memory: 300544K Free: 175703K (58%)
----------------- Invoking toplevel() on ptolemy.moml.MoMLSimpleApplication@1c1262ef
----------------- Done invoking toplevel() on ptolemy.moml.MoMLSimpleApplication@1c1262ef
reloadAllAccessors: .junk
AutoTests.java: About to close Vertx.
AutoTests.java: Vertx closed.
]]></system-out>
  <system-err><![CDATA[Warning: '.HysteresisWithRandomDelay.NonStrictTest3' The test produced only 22 tokens, yet the correctValues parameter was expecting 30 tokens.
Warning: '.Poisson.NonStrictTest' The test produced only 404 tokens, yet the correctValues parameter was expecting 430 tokens.
]]></system-err>
</testsuite>
