<?xml version="1.0" encoding="UTF-8" ?>
<testsuite errors="0" failures="0" hostname="travis-job-409a2925-8446-4c99-8562-261f8a9fc98e" name="ptolemy.domains.de.test.junit.JUnitTclTest" skipped="0" tests="101" time="121.385" timestamp="2020-05-21T14:22:51">
  <properties>
[...]
</properties>
  <testcase classname="ptolemy.util.test.junit.TclTests" name="[0] /home/travis/build/icyphy/ptII/ptolemy/domains/de/test/DependencyLoop.tcl (RunTclFile)" time="0.965" />
  <testcase classname="ptolemy.util.test.junit.TclTests" name="[1] /home/travis/build/icyphy/ptII/ptolemy/domains/de/test/RunDETestsAsQSS.tcl (RunTclFile)" time="81.802" />
  <testcase classname="ptolemy.util.test.junit.AutoKnownFailedTests" name="[0] /home/travis/build/icyphy/ptII/ptolemy/domains/de/test/auto/knownFailedTests/DESDFClockTest.xml (RunModel)" time="2.041" />
  <testcase classname="ptolemy.util.test.junit.AutoKnownFailedTests" name="[1] /home/travis/build/icyphy/ptII/ptolemy/domains/de/test/auto/knownFailedTests/DirectFeedback.xml (RunModel)" time="0.015" />
  <testcase classname="ptolemy.util.test.junit.AutoKnownFailedTests" name="[2] /home/travis/build/icyphy/ptII/ptolemy/domains/de/test/auto/knownFailedTests/FSMSource.xml (RunModel)" time="0.024" />
  <testcase classname="ptolemy.util.test.junit.AutoKnownFailedTests" name="[3] /home/travis/build/icyphy/ptII/ptolemy/domains/de/test/auto/knownFailedTests/HierarchicalModel.xml (RunModel)" time="0.046" />
  <testcase classname="ptolemy.util.test.junit.AutoKnownFailedTests" name="[4] /home/travis/build/icyphy/ptII/ptolemy/domains/de/test/auto/knownFailedTests/dependencyLoop.xml (RunModel)" time="0.039" />
  <testcase classname="ptolemy.util.test.junit.AutoKnownFailedTests" name="[5] /home/travis/build/icyphy/ptII/ptolemy/domains/de/test/auto/knownFailedTests/dependencyLoop2.xml (RunModel)" time="0.043" />
  <testcase classname="ptolemy.util.test.junit.AutoNameArchTests" name="[0] ThereAreNoAutoArchTests (RunModel)" time="0.002" />
  <testcase classname="ptolemy.util.test.junit.AutoTests" name="[0] /home/travis/build/icyphy/ptII/ptolemy/domains/de/test/auto/ActorDepthCalculation_actorWithoutPorts.xml (RunModel)" time="0.02" />
  <testcase classname="ptolemy.util.test.junit.AutoTests" name="[1] /home/travis/build/icyphy/ptII/ptolemy/domains/de/test/auto/AssemblyLine.xml (RunModel)" time="0.024" />
  <testcase classname="ptolemy.util.test.junit.AutoTests" name="[2] /home/travis/build/icyphy/ptII/ptolemy/domains/de/test/auto/CQBug1.xml (RunModel)" time="0.011" />
  <testcase classname="ptolemy.util.test.junit.AutoTests" name="[3] /home/travis/build/icyphy/ptII/ptolemy/domains/de/test/auto/CancelFireAt.xml (RunModel)" time="0.02" />
  <testcase classname="ptolemy.util.test.junit.AutoTests" name="[4] /home/travis/build/icyphy/ptII/ptolemy/domains/de/test/auto/CausalityAndComposabilityAnalysis.xml (RunModel)" time="0.018" />
  <testcase classname="ptolemy.util.test.junit.AutoTests" name="[5] /home/travis/build/icyphy/ptII/ptolemy/domains/de/test/auto/CausalityInterface1.xml (RunModel)" time="0.013" />
  <testcase classname="ptolemy.util.test.junit.AutoTests" name="[6] /home/travis/build/icyphy/ptII/ptolemy/domains/de/test/auto/CausalityInterface15.xml (RunModel)" time="0.017" />
  <testcase classname="ptolemy.util.test.junit.AutoTests" name="[7] /home/travis/build/icyphy/ptII/ptolemy/domains/de/test/auto/CausalityInterface2.xml (RunModel)" time="0.014" />
  <testcase classname="ptolemy.util.test.junit.AutoTests" name="[8] /home/travis/build/icyphy/ptII/ptolemy/domains/de/test/auto/CausalityInterface3.xml (RunModel)" time="0.017" />
  <testcase classname="ptolemy.util.test.junit.AutoTests" name="[9] /home/travis/build/icyphy/ptII/ptolemy/domains/de/test/auto/ClockDrift.xml (RunModel)" time="0.031" />
  <testcase classname="ptolemy.util.test.junit.AutoTests" name="[10] /home/travis/build/icyphy/ptII/ptolemy/domains/de/test/auto/ClockDriftAndValueChange.xml (RunModel)" time="0.028" />
  <testcase classname="ptolemy.util.test.junit.AutoTests" name="[11] /home/travis/build/icyphy/ptII/ptolemy/domains/de/test/auto/ClockDriftChange.xml (RunModel)" time="0.033" />
  <testcase classname="ptolemy.util.test.junit.AutoTests" name="[12] /home/travis/build/icyphy/ptII/ptolemy/domains/de/test/auto/ComposableCausalityAnalysis.xml (RunModel)" time="0.013" />
  <testcase classname="ptolemy.util.test.junit.AutoTests" name="[13] /home/travis/build/icyphy/ptII/ptolemy/domains/de/test/auto/DEFixedPointLimitation.xml (RunModel)" time="0.008" />
  <testcase classname="ptolemy.util.test.junit.AutoTests" name="[14] /home/travis/build/icyphy/ptII/ptolemy/domains/de/test/auto/DEScheduleTest.xml (RunModel)" time="0.017" />
  <testcase classname="ptolemy.util.test.junit.AutoTests" name="[15] /home/travis/build/icyphy/ptII/ptolemy/domains/de/test/auto/DEinDEwithStartTimes.xml (RunModel)" time="0.013" />
  <testcase classname="ptolemy.util.test.junit.AutoTests" name="[16] /home/travis/build/icyphy/ptII/ptolemy/domains/de/test/auto/DEinDEwithStartTimes2.xml (RunModel)" time="0.018" />
  <testcase classname="ptolemy.util.test.junit.AutoTests" name="[17] /home/travis/build/icyphy/ptII/ptolemy/domains/de/test/auto/DateDemo.xml (RunModel)" time="0.027" />
  <testcase classname="ptolemy.util.test.junit.AutoTests" name="[18] /home/travis/build/icyphy/ptII/ptolemy/domains/de/test/auto/DateToEvent.xml (RunModel)" time="2.04" />
  <testcase classname="ptolemy.util.test.junit.AutoTests" name="[19] /home/travis/build/icyphy/ptII/ptolemy/domains/de/test/auto/DepthTest1.xml (RunModel)" time="0.016" />
  <testcase classname="ptolemy.util.test.junit.AutoTests" name="[20] /home/travis/build/icyphy/ptII/ptolemy/domains/de/test/auto/DepthTest2.xml (RunModel)" time="0.016" />
  <testcase classname="ptolemy.util.test.junit.AutoTests" name="[21] /home/travis/build/icyphy/ptII/ptolemy/domains/de/test/auto/DepthTest3.xml (RunModel)" time="0.008" />
  <testcase classname="ptolemy.util.test.junit.AutoTests" name="[22] /home/travis/build/icyphy/ptII/ptolemy/domains/de/test/auto/DepthTest4.xml (RunModel)" time="0.018" />
  <testcase classname="ptolemy.util.test.junit.AutoTests" name="[23] /home/travis/build/icyphy/ptII/ptolemy/domains/de/test/auto/DepthTest5.xml (RunModel)" time="0.014" />
  <testcase classname="ptolemy.util.test.junit.AutoTests" name="[24] /home/travis/build/icyphy/ptII/ptolemy/domains/de/test/auto/DepthTest6.xml (RunModel)" time="0.01" />
  <testcase classname="ptolemy.util.test.junit.AutoTests" name="[25] /home/travis/build/icyphy/ptII/ptolemy/domains/de/test/auto/DepthTest7.xml (RunModel)" time="0.01" />
  <testcase classname="ptolemy.util.test.junit.AutoTests" name="[26] /home/travis/build/icyphy/ptII/ptolemy/domains/de/test/auto/EventToDate.xml (RunModel)" time="3.037" />
  <testcase classname="ptolemy.util.test.junit.AutoTests" name="[27] /home/travis/build/icyphy/ptII/ptolemy/domains/de/test/auto/FSM1.xml (RunModel)" time="0.041" />
  <testcase classname="ptolemy.util.test.junit.AutoTests" name="[28] /home/travis/build/icyphy/ptII/ptolemy/domains/de/test/auto/FSM7.xml (RunModel)" time="0.039" />
  <testcase classname="ptolemy.util.test.junit.AutoTests" name="[29] /home/travis/build/icyphy/ptII/ptolemy/domains/de/test/auto/Inspection.xml (RunModel)" time="0.049" />
  <testcase classname="ptolemy.util.test.junit.AutoTests" name="[30] /home/travis/build/icyphy/ptII/ptolemy/domains/de/test/auto/Iteration.xml (RunModel)" time="0.046" />
  <testcase classname="ptolemy.util.test.junit.AutoTests" name="[31] /home/travis/build/icyphy/ptII/ptolemy/domains/de/test/auto/LineFault.xml (RunModel)" time="0.469" />
  <testcase classname="ptolemy.util.test.junit.AutoTests" name="[32] /home/travis/build/icyphy/ptII/ptolemy/domains/de/test/auto/MergeModel1Add.xml (RunModel)" time="0.041" />
  <testcase classname="ptolemy.util.test.junit.AutoTests" name="[33] /home/travis/build/icyphy/ptII/ptolemy/domains/de/test/auto/MergeModel2Add.xml (RunModel)" time="0.035" />
  <testcase classname="ptolemy.util.test.junit.AutoTests" name="[34] /home/travis/build/icyphy/ptII/ptolemy/domains/de/test/auto/MergeModel3Add.xml (RunModel)" time="0.044" />
  <testcase classname="ptolemy.util.test.junit.AutoTests" name="[35] /home/travis/build/icyphy/ptII/ptolemy/domains/de/test/auto/MergeWithoutDiscard.xml (RunModel)" time="0.011" />
  <testcase classname="ptolemy.util.test.junit.AutoTests" name="[36] /home/travis/build/icyphy/ptII/ptolemy/domains/de/test/auto/Modal1.xml (RunModel)" time="0.025" />
  <testcase classname="ptolemy.util.test.junit.AutoTests" name="[37] /home/travis/build/icyphy/ptII/ptolemy/domains/de/test/auto/Modal2.xml (RunModel)" time="0.029" />
  <testcase classname="ptolemy.util.test.junit.AutoTests" name="[38] /home/travis/build/icyphy/ptII/ptolemy/domains/de/test/auto/Modal3.xml (RunModel)" time="0.025" />
  <testcase classname="ptolemy.util.test.junit.AutoTests" name="[39] /home/travis/build/icyphy/ptII/ptolemy/domains/de/test/auto/Modal4.xml (RunModel)" time="0.028" />
  <testcase classname="ptolemy.util.test.junit.AutoTests" name="[40] /home/travis/build/icyphy/ptII/ptolemy/domains/de/test/auto/Modal5.xml (RunModel)" time="0.032" />
  <testcase classname="ptolemy.util.test.junit.AutoTests" name="[41] /home/travis/build/icyphy/ptII/ptolemy/domains/de/test/auto/Modal6.xml (RunModel)" time="0.027" />
  <testcase classname="ptolemy.util.test.junit.AutoTests" name="[42] /home/travis/build/icyphy/ptII/ptolemy/domains/de/test/auto/Modal7.xml (RunModel)" time="0.031" />
  <testcase classname="ptolemy.util.test.junit.AutoTests" name="[43] /home/travis/build/icyphy/ptII/ptolemy/domains/de/test/auto/ModalModel.xml (RunModel)" time="0.154" />
  <testcase classname="ptolemy.util.test.junit.AutoTests" name="[44] /home/travis/build/icyphy/ptII/ptolemy/domains/de/test/auto/ModalSource.xml (RunModel)" time="0.019" />
  <testcase classname="ptolemy.util.test.junit.AutoTests" name="[45] /home/travis/build/icyphy/ptII/ptolemy/domains/de/test/auto/NonInterruptibleTimerZeroDelay.xml (RunModel)" time="0.011" />
  <testcase classname="ptolemy.util.test.junit.AutoTests" name="[46] /home/travis/build/icyphy/ptII/ptolemy/domains/de/test/auto/OpenQueueingNetwork.xml (RunModel)" time="2.228" />
  <testcase classname="ptolemy.util.test.junit.AutoTests" name="[47] /home/travis/build/icyphy/ptII/ptolemy/domains/de/test/auto/OpenQueuingNetwork.xml (RunModel)" time="0.258" />
  <testcase classname="ptolemy.util.test.junit.AutoTests" name="[48] /home/travis/build/icyphy/ptII/ptolemy/domains/de/test/auto/PeriodicSampler.xml (RunModel)" time="0.009" />
  <testcase classname="ptolemy.util.test.junit.AutoTests" name="[49] /home/travis/build/icyphy/ptII/ptolemy/domains/de/test/auto/PersistentIO.xml (RunModel)" time="0.021" />
  <testcase classname="ptolemy.util.test.junit.AutoTests" name="[50] /home/travis/build/icyphy/ptII/ptolemy/domains/de/test/auto/PortParameterResetOnInitialize.xml (RunModel)" time="0.008" />
  <testcase classname="ptolemy.util.test.junit.AutoTests" name="[51] /home/travis/build/icyphy/ptII/ptolemy/domains/de/test/auto/PortParameterUpdates.xml (RunModel)" time="0.021" />
  <testcase classname="ptolemy.util.test.junit.AutoTests" name="[52] /home/travis/build/icyphy/ptII/ptolemy/domains/de/test/auto/QueueAndServer.xml (RunModel)" time="0.022" />
  <testcase classname="ptolemy.util.test.junit.AutoTests" name="[53] /home/travis/build/icyphy/ptII/ptolemy/domains/de/test/auto/Records.xml (RunModel)" time="0.015" />
  <testcase classname="ptolemy.util.test.junit.AutoTests" name="[54] /home/travis/build/icyphy/ptII/ptolemy/domains/de/test/auto/ResetTransitionWithStartTime1.xml (RunModel)" time="0.019" />
  <testcase classname="ptolemy.util.test.junit.AutoTests" name="[55] /home/travis/build/icyphy/ptII/ptolemy/domains/de/test/auto/ResetTransitionWithStartTime2.xml (RunModel)" time="0.02" />
  <testcase classname="ptolemy.util.test.junit.AutoTests" name="[56] /home/travis/build/icyphy/ptII/ptolemy/domains/de/test/auto/ResetTransitionWithStartTime3.xml (RunModel)" time="0.017" />
  <testcase classname="ptolemy.util.test.junit.AutoTests" name="[57] /home/travis/build/icyphy/ptII/ptolemy/domains/de/test/auto/ResetTransitionWithStartTime4.xml (RunModel)" time="0.018" />
  <testcase classname="ptolemy.util.test.junit.AutoTests" name="[58] /home/travis/build/icyphy/ptII/ptolemy/domains/de/test/auto/ResettableTimer1.xml (RunModel)" time="0.008" />
  <testcase classname="ptolemy.util.test.junit.AutoTests" name="[59] /home/travis/build/icyphy/ptII/ptolemy/domains/de/test/auto/ResettableTimer2.xml (RunModel)" time="0.01" />
  <testcase classname="ptolemy.util.test.junit.AutoTests" name="[60] /home/travis/build/icyphy/ptII/ptolemy/domains/de/test/auto/ResettableTimer3.xml (RunModel)" time="0.008" />
  <testcase classname="ptolemy.util.test.junit.AutoTests" name="[61] /home/travis/build/icyphy/ptII/ptolemy/domains/de/test/auto/ResettableTimer4.xml (RunModel)" time="0.008" />
  <testcase classname="ptolemy.util.test.junit.AutoTests" name="[62] /home/travis/build/icyphy/ptII/ptolemy/domains/de/test/auto/ResettableTimer5.xml (RunModel)" time="0.008" />
  <testcase classname="ptolemy.util.test.junit.AutoTests" name="[63] /home/travis/build/icyphy/ptII/ptolemy/domains/de/test/auto/ResettableTimer6.xml (RunModel)" time="0.016" />
  <testcase classname="ptolemy.util.test.junit.AutoTests" name="[64] /home/travis/build/icyphy/ptII/ptolemy/domains/de/test/auto/ServerZeroDelay.xml (RunModel)" time="0.008" />
  <testcase classname="ptolemy.util.test.junit.AutoTests" name="[65] /home/travis/build/icyphy/ptII/ptolemy/domains/de/test/auto/SmartSender.xml (RunModel)" time="3.009" />
  <testcase classname="ptolemy.util.test.junit.AutoTests" name="[66] /home/travis/build/icyphy/ptII/ptolemy/domains/de/test/auto/ThreadedComposite.xml (RunModel)" time="0.113" />
  <testcase classname="ptolemy.util.test.junit.AutoTests" name="[67] /home/travis/build/icyphy/ptII/ptolemy/domains/de/test/auto/Time.xml (RunModel)" time="0.359" />
  <testcase classname="ptolemy.util.test.junit.AutoTests" name="[68] /home/travis/build/icyphy/ptII/ptolemy/domains/de/test/auto/TimeDelayZeroDelay.xml (RunModel)" time="0.014" />
  <testcase classname="ptolemy.util.test.junit.AutoTests" name="[69] /home/travis/build/icyphy/ptII/ptolemy/domains/de/test/auto/TimerZeroDelay.xml (RunModel)" time="0.011" />
  <testcase classname="ptolemy.util.test.junit.AutoTests" name="[70] /home/travis/build/icyphy/ptII/ptolemy/domains/de/test/auto/TimingParadox.xml (RunModel)" time="0.304" />
  <testcase classname="ptolemy.util.test.junit.AutoTests" name="[71] /home/travis/build/icyphy/ptII/ptolemy/domains/de/test/auto/TransferInputs.xml (RunModel)" time="0.015" />
  <testcase classname="ptolemy.util.test.junit.AutoTests" name="[72] /home/travis/build/icyphy/ptII/ptolemy/domains/de/test/auto/TransferOutputs2.xml (RunModel)" time="0.013" />
  <testcase classname="ptolemy.util.test.junit.AutoTests" name="[73] /home/travis/build/icyphy/ptII/ptolemy/domains/de/test/auto/Trilateration.xml (RunModel)" time="10.817" />
  <testcase classname="ptolemy.util.test.junit.AutoTests" name="[74] /home/travis/build/icyphy/ptII/ptolemy/domains/de/test/auto/TwoSigmaDelta.xml (RunModel)" time="1.787" />
  <testcase classname="ptolemy.util.test.junit.AutoTests" name="[75] /home/travis/build/icyphy/ptII/ptolemy/domains/de/test/auto/VariableDelay.xml (RunModel)" time="0.02" />
  <testcase classname="ptolemy.util.test.junit.AutoTests" name="[76] /home/travis/build/icyphy/ptII/ptolemy/domains/de/test/auto/VariableDelay2.xml (RunModel)" time="0.011" />
  <testcase classname="ptolemy.util.test.junit.AutoTests" name="[77] /home/travis/build/icyphy/ptII/ptolemy/domains/de/test/auto/VariableDelayZeroDelay.xml (RunModel)" time="0.013" />
  <testcase classname="ptolemy.util.test.junit.AutoTests" name="[78] /home/travis/build/icyphy/ptII/ptolemy/domains/de/test/auto/VariableDelayZeroDelay2.xml (RunModel)" time="0.008" />
  <testcase classname="ptolemy.util.test.junit.AutoTests" name="[79] /home/travis/build/icyphy/ptII/ptolemy/domains/de/test/auto/deInCt.xml (RunModel)" time="0.012" />
  <testcase classname="ptolemy.util.test.junit.AutoTests" name="[80] /home/travis/build/icyphy/ptII/ptolemy/domains/de/test/auto/deInCt2.xml (RunModel)" time="0.017" />
  <testcase classname="ptolemy.util.test.junit.AutoTests" name="[81] /home/travis/build/icyphy/ptII/ptolemy/domains/de/test/auto/dynamicCausalityInterface1.xml (RunModel)" time="0.015" />
  <testcase classname="ptolemy.util.test.junit.AutoTests" name="[82] /home/travis/build/icyphy/ptII/ptolemy/domains/de/test/auto/fsm_de_test.xml (RunModel)" time="0.024" />
  <testcase classname="ptolemy.util.test.junit.AutoTests" name="[83] /home/travis/build/icyphy/ptII/ptolemy/domains/de/test/auto/functionDependencyReconstruction.xml (RunModel)" time="0.025" />
  <testcase classname="ptolemy.util.test.junit.AutoTests" name="[84] /home/travis/build/icyphy/ptII/ptolemy/domains/de/test/auto/multirate.xml (RunModel)" time="0.014" />
  <testcase classname="ptolemy.util.test.junit.AutoTests" name="[85] /home/travis/build/icyphy/ptII/ptolemy/domains/de/test/auto/multirate2.xml (RunModel)" time="0.015" />
  <testcase classname="ptolemy.util.test.junit.AutoTests" name="[86] /home/travis/build/icyphy/ptII/ptolemy/domains/de/test/auto/realtime.xml (RunModel)" time="10.009" />
  <testcase classname="ptolemy.util.test.junit.AutoTests" name="[87] /home/travis/build/icyphy/ptII/ptolemy/domains/de/test/auto/relationGroup.xml (RunModel)" time="0.008" />
  <testcase classname="ptolemy.util.test.junit.AutoTests" name="[88] /home/travis/build/icyphy/ptII/ptolemy/domains/de/test/auto/relationGroup2.xml (RunModel)" time="0.012" />
  <testcase classname="ptolemy.util.test.junit.AutoTests" name="[89] /home/travis/build/icyphy/ptII/ptolemy/domains/de/test/auto/sortWithOpaquePorts.xml (RunModel)" time="0.013" />
  <testcase classname="ptolemy.util.test.junit.AutoTests" name="[90] /home/travis/build/icyphy/ptII/ptolemy/domains/de/test/auto/transferInputsandOutputs.xml (RunModel)" time="0.016" />
  <testcase classname="ptolemy.util.test.junit.AutoTests" name="[91] /home/travis/build/icyphy/ptII/ptolemy/domains/de/test/auto/triggerType.xml (RunModel)" time="0.01" />
  <system-out><![CDATA[/home/travis/build/icyphy/ptII/ptolemy/domains/de/test/DependencyLoop.tcl
testDefs.tcl: setting time out to 9000 seconds at Thu May 21 14:22:51 UTC 2020
83 ms. Memory: 129024K Free: 78792K (61%)
14 ms. Memory: 129024K Free: 61879K (48%)
/home/travis/build/icyphy/ptII/ptolemy/domains/de/test/RunDETestsAsQSS.tcl
Run the DE tests using ptolemy.domains.qss.test.QSSDirectorTest, which extends QSSDirector and prints a message in the constructors.
------------------ testing $PTII/ptolemy/domains/de/test/auto/knownFailedTests/DirectFeedback.xml (Known Failure) 
33 ms. Memory: 129024K Free: 55750K (43%)


==== $PTIIhome/travis/build/icyphy/ptII/ptolemy/domains/de/test/../../../../: Auto Automatic test in file $PTII/ptolemy/domains/de/test/auto/knownFailedTests/DirectFeedback.xml
==== Contents of test case:

	    # FIXME: we should use $relativeFilename here, but it
	    # might have backslashes under Windows, which causes no end
	    # of trouble.
	    createAndExecute $file
	    list {}
	
.... Test generated KNOWN error:
    while executing
ptolemy.kernel.util.IllegalActionException: Test fails in iteration 1.
Value was: 1.0. Should have been: 2.0
  in .DirectFeedback.Test
	at ptolemy.actor.lib.Test.fire(Test.java:268)
	at ptolemy.domains.de.kernel.DEDirector._fire(DEDirector.java:1949)
	at ptolemy.domains.de.kernel.DEDirector.fire(DEDirector.java:502)
	at ptolemy.actor.CompositeActor.fire(CompositeActor.java:455)
	at ptolemy.actor.Manager.iterate(Manager.java:851)
	at ptolemy.actor.Manager.execute(Manager.java:369)
	at ptolemy.actor.Manager.run(Manager.java:1263)
	at ptolemy.actor.Manager$PtolemyRunThread.run(Manager.java:1933)

    while executing
ptolemy.kernel.util.IllegalActionException: Test fails in iteration 1.
Value was: 1.0. Should have been: 2.0
  in .DirectFeedback.Test
    while executing
"java::new ptolemy.moml.MoMLSimpleApplication $file
"
    (procedure "createAndExecute" line 2)
    invoked from within
"createAndExecute $file"
    ("uplevel" body line 5)
    invoked from within
"uplevel $contents_of_test"
------------------ testing $PTII/ptolemy/domains/de/test/auto/knownFailedTests/dependencyLoop.xml (Known Failure) 
11 ms. Memory: 129024K Free: 52168K (40%)


==== $PTIIhome/travis/build/icyphy/ptII/ptolemy/domains/de/test/../../../../: Auto Automatic test in file $PTII/ptolemy/domains/de/test/auto/knownFailedTests/dependencyLoop.xml
==== Contents of test case:

	    # FIXME: we should use $relativeFilename here, but it
	    # might have backslashes under Windows, which causes no end
	    # of trouble.
	    createAndExecute $file
	    list {}
	
.... Test generated KNOWN error:
    while executing
ptolemy.kernel.util.IllegalActionException: Found a zero delay loop containing .dependencyLoop.original
  in .dependencyLoop and .dependencyLoop.original
	at ptolemy.actor.util.CausalityInterfaceForComposites._computeOutputPortDepth(CausalityInterfaceForComposites.java:759)
	at ptolemy.actor.util.CausalityInterfaceForComposites._computeInputDepth(CausalityInterfaceForComposites.java:696)
	at ptolemy.actor.util.CausalityInterfaceForComposites._computeOutputPortDepth(CausalityInterfaceForComposites.java:765)
	at ptolemy.actor.util.CausalityInterfaceForComposites._computeInputDepth(CausalityInterfaceForComposites.java:696)
	at ptolemy.actor.util.CausalityInterfaceForComposites._computeOutputPortDepth(CausalityInterfaceForComposites.java:765)
	at ptolemy.actor.util.CausalityInterfaceForComposites._computeInputDepth(CausalityInterfaceForComposites.java:696)
	at ptolemy.actor.util.CausalityInterfaceForComposites._computeActorDepth(CausalityInterfaceForComposites.java:532)
	at ptolemy.actor.util.CausalityInterfaceForComposites.checkForCycles(CausalityInterfaceForComposites.java:96)
	at ptolemy.domains.de.kernel.DEDirector.preinitialize(DEDirector.java:1338)
	at ptolemy.actor.CompositeActor.preinitialize(CompositeActor.java:1828)
	at ptolemy.actor.Manager.preinitializeAndResolveTypes(Manager.java:1040)
	at ptolemy.actor.Manager.initialize(Manager.java:710)
	at ptolemy.actor.Manager.execute(Manager.java:356)
	at ptolemy.actor.Manager.run(Manager.java:1263)
	at ptolemy.actor.Manager$PtolemyRunThread.run(Manager.java:1933)

    while executing
ptolemy.kernel.util.IllegalActionException: Found a zero delay loop containing .dependencyLoop.original
  in .dependencyLoop and .dependencyLoop.original
    while executing
"java::new ptolemy.moml.MoMLSimpleApplication $file
"
    (procedure "createAndExecute" line 2)
    invoked from within
"createAndExecute $file"
    ("uplevel" body line 5)
    invoked from within
"uplevel $contents_of_test"
------------------ testing $PTII/ptolemy/domains/de/test/auto/knownFailedTests/FSMSource.xml (Known Failure) 
60 ms. Memory: 129024K Free: 111093K (86%)
!!!! Auto was marked as failing, but now passes
------------------ testing $PTII/ptolemy/domains/de/test/auto/knownFailedTests/HierarchicalModel.xml (Known Failure) 
11 ms. Memory: 129024K Free: 93170K (72%)


==== $PTIIhome/travis/build/icyphy/ptII/ptolemy/domains/de/test/../../../../: Auto Automatic test in file $PTII/ptolemy/domains/de/test/auto/knownFailedTests/HierarchicalModel.xml
==== Contents of test case:

	    # FIXME: we should use $relativeFilename here, but it
	    # might have backslashes under Windows, which causes no end
	    # of trouble.
	    createAndExecute $file
	    list {}
	
.... Test generated KNOWN error:
    while executing
ptolemy.kernel.util.IllegalActionException: Found a zero delay loop containing .HierarchicalModel.A
  in .HierarchicalModel and .HierarchicalModel.A
	at ptolemy.actor.util.CausalityInterfaceForComposites._computeOutputPortDepth(CausalityInterfaceForComposites.java:759)
	at ptolemy.actor.util.CausalityInterfaceForComposites._computeInputDepth(CausalityInterfaceForComposites.java:696)
	at ptolemy.actor.util.CausalityInterfaceForComposites._computeOutputPortDepth(CausalityInterfaceForComposites.java:765)
	at ptolemy.actor.util.CausalityInterfaceForComposites._computeInputDepth(CausalityInterfaceForComposites.java:696)
	at ptolemy.actor.util.CausalityInterfaceForComposites._computeOutputPortDepth(CausalityInterfaceForComposites.java:765)
	at ptolemy.actor.util.CausalityInterfaceForComposites._computeInputDepth(CausalityInterfaceForComposites.java:696)
	at ptolemy.actor.util.CausalityInterfaceForComposites._computeActorDepth(CausalityInterfaceForComposites.java:532)
	at ptolemy.actor.util.CausalityInterfaceForComposites.checkForCycles(CausalityInterfaceForComposites.java:96)
	at ptolemy.domains.de.kernel.DEDirector.preinitialize(DEDirector.java:1338)
	at ptolemy.actor.CompositeActor.preinitialize(CompositeActor.java:1828)
	at ptolemy.actor.Manager.preinitializeAndResolveTypes(Manager.java:1040)
	at ptolemy.actor.Manager.initialize(Manager.java:710)
	at ptolemy.actor.Manager.execute(Manager.java:356)
	at ptolemy.actor.Manager.run(Manager.java:1263)
	at ptolemy.actor.Manager$PtolemyRunThread.run(Manager.java:1933)

    while executing
ptolemy.kernel.util.IllegalActionException: Found a zero delay loop containing .HierarchicalModel.A
  in .HierarchicalModel and .HierarchicalModel.A
    while executing
"java::new ptolemy.moml.MoMLSimpleApplication $file
"
    (procedure "createAndExecute" line 2)
    invoked from within
"createAndExecute $file"
    ("uplevel" body line 5)
    invoked from within
"uplevel $contents_of_test"
------------------ testing $PTII/ptolemy/domains/de/test/auto/knownFailedTests/dependencyLoop2.xml (Known Failure) 
4 ms. Memory: 129024K Free: 77293K (60%)


==== $PTIIhome/travis/build/icyphy/ptII/ptolemy/domains/de/test/../../../../: Auto Automatic test in file $PTII/ptolemy/domains/de/test/auto/knownFailedTests/dependencyLoop2.xml
==== Contents of test case:

	    # FIXME: we should use $relativeFilename here, but it
	    # might have backslashes under Windows, which causes no end
	    # of trouble.
	    createAndExecute $file
	    list {}
	
.... Test generated KNOWN error:
    while executing
ptolemy.kernel.util.IllegalActionException: Found a zero delay loop containing .dependencyLoop2.original
  in .dependencyLoop2 and .dependencyLoop2.original
	at ptolemy.actor.util.CausalityInterfaceForComposites._computeOutputPortDepth(CausalityInterfaceForComposites.java:759)
	at ptolemy.actor.util.CausalityInterfaceForComposites._computeInputDepth(CausalityInterfaceForComposites.java:696)
	at ptolemy.actor.util.CausalityInterfaceForComposites._computeOutputPortDepth(CausalityInterfaceForComposites.java:765)
	at ptolemy.actor.util.CausalityInterfaceForComposites._computeInputDepth(CausalityInterfaceForComposites.java:696)
	at ptolemy.actor.util.CausalityInterfaceForComposites._computeOutputPortDepth(CausalityInterfaceForComposites.java:765)
	at ptolemy.actor.util.CausalityInterfaceForComposites._computeInputDepth(CausalityInterfaceForComposites.java:696)
	at ptolemy.actor.util.CausalityInterfaceForComposites._computeActorDepth(CausalityInterfaceForComposites.java:532)
	at ptolemy.actor.util.CausalityInterfaceForComposites.checkForCycles(CausalityInterfaceForComposites.java:96)
	at ptolemy.domains.de.kernel.DEDirector.preinitialize(DEDirector.java:1338)
	at ptolemy.actor.CompositeActor.preinitialize(CompositeActor.java:1828)
	at ptolemy.actor.Manager.preinitializeAndResolveTypes(Manager.java:1040)
	at ptolemy.actor.Manager.initialize(Manager.java:710)
	at ptolemy.actor.Manager.execute(Manager.java:356)
	at ptolemy.actor.Manager.run(Manager.java:1263)
	at ptolemy.actor.Manager$PtolemyRunThread.run(Manager.java:1933)

    while executing
ptolemy.kernel.util.IllegalActionException: Found a zero delay loop containing .dependencyLoop2.original
  in .dependencyLoop2 and .dependencyLoop2.original
    while executing
"java::new ptolemy.moml.MoMLSimpleApplication $file
"
    (procedure "createAndExecute" line 2)
    invoked from within
"createAndExecute $file"
    ("uplevel" body line 5)
    invoked from within
"uplevel $contents_of_test"
------------------ testing $PTII/ptolemy/domains/de/test/auto/knownFailedTests/DESDFClockTest.xml (Known Failure) 
2038 ms. Memory: 129024K Free: 107940K (84%)


==== $PTIIhome/travis/build/icyphy/ptII/ptolemy/domains/de/test/../../../../: Auto Automatic test in file $PTII/ptolemy/domains/de/test/auto/knownFailedTests/DESDFClockTest.xml
==== Contents of test case:

	    # FIXME: we should use $relativeFilename here, but it
	    # might have backslashes under Windows, which causes no end
	    # of trouble.
	    createAndExecute $file
	    list {}
	
.... Test generated KNOWN error:
    while executing
ptolemy.kernel.util.IllegalActionException: Actor is not ready to fire.  Perhaps UpSample.prefire() returned false? Try debugging the actor by selecting "Listen to Actor".  Also, for SDF check moml for tokenConsumptionRate on input.
  in .DESDFClockTest.Play Bell.Copy1:SDF Director and .DESDFClockTest.Play Bell.UpSample
	at ptolemy.actor.sched.StaticSchedulingDirector.fire(StaticSchedulingDirector.java:227)
	at ptolemy.domains.sdf.kernel.SDFDirector.fire(SDFDirector.java:500)
	at ptolemy.actor.CompositeActor.fire(CompositeActor.java:455)
	at ptolemy.domains.de.kernel.DEDirector._fire(DEDirector.java:1949)
	at ptolemy.domains.de.kernel.DEDirector.fire(DEDirector.java:502)
	at ptolemy.actor.CompositeActor.fire(CompositeActor.java:455)
	at ptolemy.actor.Manager.iterate(Manager.java:851)
	at ptolemy.actor.Manager.execute(Manager.java:369)
	at ptolemy.actor.Manager.run(Manager.java:1263)
	at ptolemy.actor.Manager$PtolemyRunThread.run(Manager.java:1933)

    while executing
ptolemy.kernel.util.IllegalActionException: Actor is not ready to fire.  Perhaps UpSample.prefire() returned false? Try debugging the actor by selecting "Listen to Actor".  Also, for SDF check moml for tokenConsumptionRate on input.
  in .DESDFClockTest.Play Bell.Copy1:SDF Director and .DESDFClockTest.Play Bell.UpSample
    while executing
"java::new ptolemy.moml.MoMLSimpleApplication $file
"
    (procedure "createAndExecute" line 2)
    invoked from within
"createAndExecute $file"
    ("uplevel" body line 5)
    invoked from within
"uplevel $contents_of_test"
------------------ testing $PTII/ptolemy/domains/de/test/auto/ActorDepthCalculation_actorWithoutPorts.xml
auto.tcl: Setting watchdog for 200 seconds at Thu May 21 14:22:55 UTC 2020
9 ms. Memory: 129024K Free: 100244K (78%)
ptolemy.util.test.WatchDog.cancel(): canceling Thu May 21 14:22:55 UTC 2020
auto.tcl: Setting watchdog for 200 seconds at Thu May 21 14:22:55 UTC 2020
8 ms. Memory: 129024K Free: 98724K (77%)
ptolemy.util.test.WatchDog.cancel(): canceling Thu May 21 14:22:55 UTC 2020
------------------ testing $PTII/ptolemy/domains/de/test/auto/AssemblyLine.xml
auto.tcl: Setting watchdog for 200 seconds at Thu May 21 14:22:55 UTC 2020
20 ms. Memory: 51200K Free: 27159K (53%)
ptolemy.util.test.WatchDog.cancel(): canceling Thu May 21 14:22:55 UTC 2020
auto.tcl: Setting watchdog for 200 seconds at Thu May 21 14:22:55 UTC 2020
9 ms. Memory: 51200K Free: 26723K (52%)
ptolemy.util.test.WatchDog.cancel(): canceling Thu May 21 14:22:55 UTC 2020
------------------ testing $PTII/ptolemy/domains/de/test/auto/CQBug1.xml
auto.tcl: Setting watchdog for 200 seconds at Thu May 21 14:22:55 UTC 2020
2 ms. Memory: 51200K Free: 33244K (65%)
ptolemy.util.test.WatchDog.cancel(): canceling Thu May 21 14:22:56 UTC 2020
auto.tcl: Setting watchdog for 200 seconds at Thu May 21 14:22:56 UTC 2020
2 ms. Memory: 51200K Free: 33244K (65%)
ptolemy.util.test.WatchDog.cancel(): canceling Thu May 21 14:22:56 UTC 2020
------------------ testing $PTII/ptolemy/domains/de/test/auto/CancelFireAt.xml
auto.tcl: Setting watchdog for 200 seconds at Thu May 21 14:22:56 UTC 2020
3 ms. Memory: 48128K Free: 31628K (66%)
ptolemy.util.test.WatchDog.cancel(): canceling Thu May 21 14:22:56 UTC 2020
auto.tcl: Setting watchdog for 200 seconds at Thu May 21 14:22:56 UTC 2020
2 ms. Memory: 48128K Free: 31195K (65%)
ptolemy.util.test.WatchDog.cancel(): canceling Thu May 21 14:22:56 UTC 2020
------------------ testing $PTII/ptolemy/domains/de/test/auto/CausalityAndComposabilityAnalysis.xml
auto.tcl: Setting watchdog for 200 seconds at Thu May 21 14:22:56 UTC 2020
5 ms. Memory: 48128K Free: 29394K (61%)
ptolemy.util.test.WatchDog.cancel(): canceling Thu May 21 14:22:56 UTC 2020
auto.tcl: Setting watchdog for 200 seconds at Thu May 21 14:22:56 UTC 2020
7 ms. Memory: 48128K Free: 28964K (60%)
ptolemy.util.test.WatchDog.cancel(): canceling Thu May 21 14:22:56 UTC 2020
------------------ testing $PTII/ptolemy/domains/de/test/auto/CausalityInterface1.xml
auto.tcl: Setting watchdog for 200 seconds at Thu May 21 14:22:56 UTC 2020
27 ms. Memory: 48128K Free: 28327K (59%)
ptolemy.util.test.WatchDog.cancel(): canceling Thu May 21 14:22:56 UTC 2020
auto.tcl: Setting watchdog for 200 seconds at Thu May 21 14:22:56 UTC 2020
4 ms. Memory: 48128K Free: 27332K (57%)
ptolemy.util.test.WatchDog.cancel(): canceling Thu May 21 14:22:56 UTC 2020
------------------ testing $PTII/ptolemy/domains/de/test/auto/CausalityInterface15.xml
auto.tcl: Setting watchdog for 200 seconds at Thu May 21 14:22:56 UTC 2020
5 ms. Memory: 48128K Free: 28280K (59%)
ptolemy.util.test.WatchDog.cancel(): canceling Thu May 21 14:22:56 UTC 2020
auto.tcl: Setting watchdog for 200 seconds at Thu May 21 14:22:56 UTC 2020
4 ms. Memory: 48128K Free: 27329K (57%)
ptolemy.util.test.WatchDog.cancel(): canceling Thu May 21 14:22:56 UTC 2020
------------------ testing $PTII/ptolemy/domains/de/test/auto/CausalityInterface2.xml
auto.tcl: Setting watchdog for 200 seconds at Thu May 21 14:22:56 UTC 2020
6 ms. Memory: 48128K Free: 29228K (61%)
ptolemy.util.test.WatchDog.cancel(): canceling Thu May 21 14:22:56 UTC 2020
auto.tcl: Setting watchdog for 200 seconds at Thu May 21 14:22:56 UTC 2020
2 ms. Memory: 48128K Free: 28332K (59%)
ptolemy.util.test.WatchDog.cancel(): canceling Thu May 21 14:22:56 UTC 2020
------------------ testing $PTII/ptolemy/domains/de/test/auto/CausalityInterface3.xml
auto.tcl: Setting watchdog for 200 seconds at Thu May 21 14:22:56 UTC 2020
6 ms. Memory: 48128K Free: 28528K (59%)
ptolemy.util.test.WatchDog.cancel(): canceling Thu May 21 14:22:56 UTC 2020
auto.tcl: Setting watchdog for 200 seconds at Thu May 21 14:22:56 UTC 2020
3 ms. Memory: 48128K Free: 27741K (58%)
ptolemy.util.test.WatchDog.cancel(): canceling Thu May 21 14:22:56 UTC 2020
------------------ testing $PTII/ptolemy/domains/de/test/auto/ClockDrift.xml
auto.tcl: Setting watchdog for 200 seconds at Thu May 21 14:22:56 UTC 2020
49 ms. Memory: 48128K Free: 21112K (44%)
ptolemy.util.test.WatchDog.cancel(): canceling Thu May 21 14:22:56 UTC 2020
auto.tcl: Setting watchdog for 200 seconds at Thu May 21 14:22:56 UTC 2020
37 ms. Memory: 48128K Free: 17683K (37%)
ptolemy.util.test.WatchDog.cancel(): canceling Thu May 21 14:22:56 UTC 2020
------------------ testing $PTII/ptolemy/domains/de/test/auto/ClockDriftAndValueChange.xml
auto.tcl: Setting watchdog for 200 seconds at Thu May 21 14:22:56 UTC 2020
45 ms. Memory: 48128K Free: 21194K (44%)
ptolemy.util.test.WatchDog.cancel(): canceling Thu May 21 14:22:56 UTC 2020
auto.tcl: Setting watchdog for 200 seconds at Thu May 21 14:22:56 UTC 2020
37 ms. Memory: 48128K Free: 18360K (38%)
ptolemy.util.test.WatchDog.cancel(): canceling Thu May 21 14:22:56 UTC 2020
------------------ testing $PTII/ptolemy/domains/de/test/auto/ClockDriftChange.xml
auto.tcl: Setting watchdog for 200 seconds at Thu May 21 14:22:56 UTC 2020
25 ms. Memory: 48128K Free: 23242K (48%)
ptolemy.util.test.WatchDog.cancel(): canceling Thu May 21 14:22:57 UTC 2020
auto.tcl: Setting watchdog for 200 seconds at Thu May 21 14:22:57 UTC 2020
18 ms. Memory: 48128K Free: 20663K (43%)
ptolemy.util.test.WatchDog.cancel(): canceling Thu May 21 14:22:57 UTC 2020
------------------ testing $PTII/ptolemy/domains/de/test/auto/ComposableCausalityAnalysis.xml
auto.tcl: Setting watchdog for 200 seconds at Thu May 21 14:22:57 UTC 2020
2 ms. Memory: 48128K Free: 27885K (58%)
ptolemy.util.test.WatchDog.cancel(): canceling Thu May 21 14:22:57 UTC 2020
auto.tcl: Setting watchdog for 200 seconds at Thu May 21 14:22:57 UTC 2020
4 ms. Memory: 48128K Free: 26858K (56%)
ptolemy.util.test.WatchDog.cancel(): canceling Thu May 21 14:22:57 UTC 2020
------------------ testing $PTII/ptolemy/domains/de/test/auto/DEFixedPointLimitation.xml
auto.tcl: Setting watchdog for 200 seconds at Thu May 21 14:22:57 UTC 2020
2 ms. Memory: 48128K Free: 29256K (61%)
ptolemy.util.test.WatchDog.cancel(): canceling Thu May 21 14:22:57 UTC 2020
auto.tcl: Setting watchdog for 200 seconds at Thu May 21 14:22:57 UTC 2020
1 ms. Memory: 48128K Free: 28300K (59%)
ptolemy.util.test.WatchDog.cancel(): canceling Thu May 21 14:22:57 UTC 2020
------------------ testing $PTII/ptolemy/domains/de/test/auto/DEScheduleTest.xml
auto.tcl: Setting watchdog for 200 seconds at Thu May 21 14:22:57 UTC 2020
3 ms. Memory: 48128K Free: 29278K (61%)
ptolemy.util.test.WatchDog.cancel(): canceling Thu May 21 14:22:57 UTC 2020
auto.tcl: Setting watchdog for 200 seconds at Thu May 21 14:22:57 UTC 2020
2 ms. Memory: 48128K Free: 28311K (59%)
ptolemy.util.test.WatchDog.cancel(): canceling Thu May 21 14:22:57 UTC 2020
------------------ testing $PTII/ptolemy/domains/de/test/auto/DEinDEwithStartTimes.xml
auto.tcl: Setting watchdog for 200 seconds at Thu May 21 14:22:57 UTC 2020
4 ms. Memory: 48128K Free: 27693K (58%)
ptolemy.util.test.WatchDog.cancel(): canceling Thu May 21 14:22:57 UTC 2020
auto.tcl: Setting watchdog for 200 seconds at Thu May 21 14:22:57 UTC 2020
3 ms. Memory: 48128K Free: 26651K (55%)
ptolemy.util.test.WatchDog.cancel(): canceling Thu May 21 14:22:57 UTC 2020
------------------ testing $PTII/ptolemy/domains/de/test/auto/DEinDEwithStartTimes2.xml
auto.tcl: Setting watchdog for 200 seconds at Thu May 21 14:22:57 UTC 2020
8 ms. Memory: 48128K Free: 26962K (56%)
ptolemy.util.test.WatchDog.cancel(): canceling Thu May 21 14:22:57 UTC 2020
auto.tcl: Setting watchdog for 200 seconds at Thu May 21 14:22:57 UTC 2020
4 ms. Memory: 48128K Free: 25606K (53%)
ptolemy.util.test.WatchDog.cancel(): canceling Thu May 21 14:22:57 UTC 2020
------------------ testing $PTII/ptolemy/domains/de/test/auto/DateDemo.xml
auto.tcl: Setting watchdog for 200 seconds at Thu May 21 14:22:57 UTC 2020
15 ms. Memory: 48128K Free: 21248K (44%)
ptolemy.util.test.WatchDog.cancel(): canceling Thu May 21 14:22:57 UTC 2020
auto.tcl: Setting watchdog for 200 seconds at Thu May 21 14:22:57 UTC 2020
6 ms. Memory: 48128K Free: 19654K (41%)
ptolemy.util.test.WatchDog.cancel(): canceling Thu May 21 14:22:57 UTC 2020
------------------ testing $PTII/ptolemy/domains/de/test/auto/DateToEvent.xml
auto.tcl: Setting watchdog for 200 seconds at Thu May 21 14:22:57 UTC 2020
2014 ms. Memory: 48128K Free: 16943K (35%)
ptolemy.util.test.WatchDog.cancel(): canceling Thu May 21 14:22:59 UTC 2020
auto.tcl: Setting watchdog for 200 seconds at Thu May 21 14:22:59 UTC 2020
2005 ms. Memory: 48128K Free: 16191K (34%)
ptolemy.util.test.WatchDog.cancel(): canceling Thu May 21 14:23:01 UTC 2020
------------------ testing $PTII/ptolemy/domains/de/test/auto/DepthTest1.xml
auto.tcl: Setting watchdog for 200 seconds at Thu May 21 14:23:01 UTC 2020
2 ms. Memory: 48128K Free: 30317K (63%)
ptolemy.util.test.WatchDog.cancel(): canceling Thu May 21 14:23:01 UTC 2020
auto.tcl: Setting watchdog for 200 seconds at Thu May 21 14:23:01 UTC 2020
2 ms. Memory: 48128K Free: 29927K (62%)
ptolemy.util.test.WatchDog.cancel(): canceling Thu May 21 14:23:01 UTC 2020
------------------ testing $PTII/ptolemy/domains/de/test/auto/DepthTest2.xml
auto.tcl: Setting watchdog for 200 seconds at Thu May 21 14:23:01 UTC 2020
3 ms. Memory: 48128K Free: 27158K (56%)
ptolemy.util.test.WatchDog.cancel(): canceling Thu May 21 14:23:01 UTC 2020
auto.tcl: Setting watchdog for 200 seconds at Thu May 21 14:23:01 UTC 2020
2 ms. Memory: 48128K Free: 26745K (56%)
ptolemy.util.test.WatchDog.cancel(): canceling Thu May 21 14:23:01 UTC 2020
------------------ testing $PTII/ptolemy/domains/de/test/auto/DepthTest3.xml
auto.tcl: Setting watchdog for 200 seconds at Thu May 21 14:23:01 UTC 2020
2 ms. Memory: 48128K Free: 30647K (64%)
ptolemy.util.test.WatchDog.cancel(): canceling Thu May 21 14:23:01 UTC 2020
auto.tcl: Setting watchdog for 200 seconds at Thu May 21 14:23:01 UTC 2020
1 ms. Memory: 48128K Free: 30265K (63%)
ptolemy.util.test.WatchDog.cancel(): canceling Thu May 21 14:23:01 UTC 2020
------------------ testing $PTII/ptolemy/domains/de/test/auto/DepthTest4.xml
auto.tcl: Setting watchdog for 200 seconds at Thu May 21 14:23:01 UTC 2020
5 ms. Memory: 48128K Free: 29004K (60%)
ptolemy.util.test.WatchDog.cancel(): canceling Thu May 21 14:23:01 UTC 2020
auto.tcl: Setting watchdog for 200 seconds at Thu May 21 14:23:01 UTC 2020
2 ms. Memory: 48128K Free: 28270K (59%)
ptolemy.util.test.WatchDog.cancel(): canceling Thu May 21 14:23:01 UTC 2020
------------------ testing $PTII/ptolemy/domains/de/test/auto/DepthTest5.xml
auto.tcl: Setting watchdog for 200 seconds at Thu May 21 14:23:01 UTC 2020
7 ms. Memory: 48128K Free: 28380K (59%)
ptolemy.util.test.WatchDog.cancel(): canceling Thu May 21 14:23:02 UTC 2020
auto.tcl: Setting watchdog for 200 seconds at Thu May 21 14:23:02 UTC 2020
2 ms. Memory: 48128K Free: 27608K (57%)
ptolemy.util.test.WatchDog.cancel(): canceling Thu May 21 14:23:02 UTC 2020
------------------ testing $PTII/ptolemy/domains/de/test/auto/DepthTest6.xml
auto.tcl: Setting watchdog for 200 seconds at Thu May 21 14:23:02 UTC 2020
3 ms. Memory: 48128K Free: 27887K (58%)
ptolemy.util.test.WatchDog.cancel(): canceling Thu May 21 14:23:02 UTC 2020
auto.tcl: Setting watchdog for 200 seconds at Thu May 21 14:23:02 UTC 2020
2 ms. Memory: 48128K Free: 27173K (56%)
ptolemy.util.test.WatchDog.cancel(): canceling Thu May 21 14:23:02 UTC 2020
------------------ testing $PTII/ptolemy/domains/de/test/auto/DepthTest7.xml
auto.tcl: Setting watchdog for 200 seconds at Thu May 21 14:23:02 UTC 2020
2 ms. Memory: 48128K Free: 28920K (60%)
ptolemy.util.test.WatchDog.cancel(): canceling Thu May 21 14:23:02 UTC 2020
auto.tcl: Setting watchdog for 200 seconds at Thu May 21 14:23:02 UTC 2020
2 ms. Memory: 48128K Free: 28183K (59%)
ptolemy.util.test.WatchDog.cancel(): canceling Thu May 21 14:23:02 UTC 2020
------------------ testing $PTII/ptolemy/domains/de/test/auto/EventToDate.xml
auto.tcl: Setting watchdog for 200 seconds at Thu May 21 14:23:02 UTC 2020
3007 ms. Memory: 48128K Free: 19724K (41%)
ptolemy.util.test.WatchDog.cancel(): canceling Thu May 21 14:23:05 UTC 2020
auto.tcl: Setting watchdog for 200 seconds at Thu May 21 14:23:05 UTC 2020
3003 ms. Memory: 48128K Free: 19010K (39%)
ptolemy.util.test.WatchDog.cancel(): canceling Thu May 21 14:23:08 UTC 2020
------------------ testing $PTII/ptolemy/domains/de/test/auto/FSM1.xml
auto.tcl: Setting watchdog for 200 seconds at Thu May 21 14:23:08 UTC 2020
34 ms. Memory: 48128K Free: 20921K (43%)
ptolemy.util.test.WatchDog.cancel(): canceling Thu May 21 14:23:08 UTC 2020
auto.tcl: Setting watchdog for 200 seconds at Thu May 21 14:23:08 UTC 2020
19 ms. Memory: 48128K Free: 17686K (37%)
ptolemy.util.test.WatchDog.cancel(): canceling Thu May 21 14:23:08 UTC 2020
------------------ testing $PTII/ptolemy/domains/de/test/auto/FSM7.xml
auto.tcl: Setting watchdog for 200 seconds at Thu May 21 14:23:08 UTC 2020
27 ms. Memory: 48128K Free: 20611K (43%)
ptolemy.util.test.WatchDog.cancel(): canceling Thu May 21 14:23:08 UTC 2020
auto.tcl: Setting watchdog for 200 seconds at Thu May 21 14:23:08 UTC 2020
24 ms. Memory: 48128K Free: 17515K (36%)
ptolemy.util.test.WatchDog.cancel(): canceling Thu May 21 14:23:08 UTC 2020
------------------ testing $PTII/ptolemy/domains/de/test/auto/Inspection.xml
auto.tcl: Setting watchdog for 200 seconds at Thu May 21 14:23:08 UTC 2020
25 ms. Memory: 48128K Free: 20659K (43%)
ptolemy.util.test.WatchDog.cancel(): canceling Thu May 21 14:23:08 UTC 2020
auto.tcl: Setting watchdog for 200 seconds at Thu May 21 14:23:08 UTC 2020
27 ms. Memory: 48128K Free: 18923K (39%)
ptolemy.util.test.WatchDog.cancel(): canceling Thu May 21 14:23:08 UTC 2020
------------------ testing $PTII/ptolemy/domains/de/test/auto/Iteration.xml
auto.tcl: Setting watchdog for 200 seconds at Thu May 21 14:23:08 UTC 2020
6 ms. Memory: 48128K Free: 26372K (55%)
ptolemy.util.test.WatchDog.cancel(): canceling Thu May 21 14:23:08 UTC 2020
auto.tcl: Setting watchdog for 200 seconds at Thu May 21 14:23:08 UTC 2020
6 ms. Memory: 48128K Free: 24960K (52%)
ptolemy.util.test.WatchDog.cancel(): canceling Thu May 21 14:23:08 UTC 2020
------------------ testing $PTII/ptolemy/domains/de/test/auto/LineFault.xml
auto.tcl: Setting watchdog for 200 seconds at Thu May 21 14:23:08 UTC 2020
514 ms. Memory: 48128K Free: 23386K (49%)
ptolemy.util.test.WatchDog.cancel(): canceling Thu May 21 14:23:09 UTC 2020
auto.tcl: Setting watchdog for 200 seconds at Thu May 21 14:23:09 UTC 2020
484 ms. Memory: 58368K Free: 19846K (34%)
ptolemy.util.test.WatchDog.cancel(): canceling Thu May 21 14:23:09 UTC 2020
------------------ testing $PTII/ptolemy/domains/de/test/auto/MergeModel1Add.xml
auto.tcl: Setting watchdog for 200 seconds at Thu May 21 14:23:10 UTC 2020
28 ms. Memory: 58368K Free: 22298K (38%)
ptolemy.util.test.WatchDog.cancel(): canceling Thu May 21 14:23:10 UTC 2020
auto.tcl: Setting watchdog for 200 seconds at Thu May 21 14:23:10 UTC 2020
9 ms. Memory: 58368K Free: 20627K (35%)
ptolemy.util.test.WatchDog.cancel(): canceling Thu May 21 14:23:10 UTC 2020
------------------ testing $PTII/ptolemy/domains/de/test/auto/MergeModel2Add.xml
auto.tcl: Setting watchdog for 200 seconds at Thu May 21 14:23:10 UTC 2020
10 ms. Memory: 51200K Free: 16951K (33%)
ptolemy.util.test.WatchDog.cancel(): canceling Thu May 21 14:23:10 UTC 2020
auto.tcl: Setting watchdog for 200 seconds at Thu May 21 14:23:10 UTC 2020
9 ms. Memory: 51200K Free: 15219K (30%)
ptolemy.util.test.WatchDog.cancel(): canceling Thu May 21 14:23:10 UTC 2020
------------------ testing $PTII/ptolemy/domains/de/test/auto/MergeModel3Add.xml
auto.tcl: Setting watchdog for 200 seconds at Thu May 21 14:23:10 UTC 2020
9 ms. Memory: 51200K Free: 17242K (34%)
ptolemy.util.test.WatchDog.cancel(): canceling Thu May 21 14:23:10 UTC 2020
auto.tcl: Setting watchdog for 200 seconds at Thu May 21 14:23:10 UTC 2020
9 ms. Memory: 51200K Free: 15668K (31%)
ptolemy.util.test.WatchDog.cancel(): canceling Thu May 21 14:23:10 UTC 2020
------------------ testing $PTII/ptolemy/domains/de/test/auto/MergeWithoutDiscard.xml
auto.tcl: Setting watchdog for 200 seconds at Thu May 21 14:23:10 UTC 2020
3 ms. Memory: 51200K Free: 31577K (62%)
ptolemy.util.test.WatchDog.cancel(): canceling Thu May 21 14:23:10 UTC 2020
auto.tcl: Setting watchdog for 200 seconds at Thu May 21 14:23:10 UTC 2020
1 ms. Memory: 51200K Free: 31144K (61%)
ptolemy.util.test.WatchDog.cancel(): canceling Thu May 21 14:23:10 UTC 2020
------------------ testing $PTII/ptolemy/domains/de/test/auto/Modal1.xml
auto.tcl: Setting watchdog for 200 seconds at Thu May 21 14:23:10 UTC 2020
19 ms. Memory: 51200K Free: 23694K (46%)
ptolemy.util.test.WatchDog.cancel(): canceling Thu May 21 14:23:10 UTC 2020
auto.tcl: Setting watchdog for 200 seconds at Thu May 21 14:23:10 UTC 2020
19 ms. Memory: 51200K Free: 20261K (40%)
ptolemy.util.test.WatchDog.cancel(): canceling Thu May 21 14:23:10 UTC 2020
------------------ testing $PTII/ptolemy/domains/de/test/auto/Modal2.xml
auto.tcl: Setting watchdog for 200 seconds at Thu May 21 14:23:10 UTC 2020
10 ms. Memory: 51200K Free: 23807K (46%)
ptolemy.util.test.WatchDog.cancel(): canceling Thu May 21 14:23:10 UTC 2020
auto.tcl: Setting watchdog for 200 seconds at Thu May 21 14:23:10 UTC 2020
12 ms. Memory: 51200K Free: 20576K (40%)
ptolemy.util.test.WatchDog.cancel(): canceling Thu May 21 14:23:10 UTC 2020
------------------ testing $PTII/ptolemy/domains/de/test/auto/Modal3.xml
auto.tcl: Setting watchdog for 200 seconds at Thu May 21 14:23:10 UTC 2020
12 ms. Memory: 51200K Free: 23550K (46%)
ptolemy.util.test.WatchDog.cancel(): canceling Thu May 21 14:23:10 UTC 2020
auto.tcl: Setting watchdog for 200 seconds at Thu May 21 14:23:10 UTC 2020
16 ms. Memory: 51200K Free: 20553K (40%)
ptolemy.util.test.WatchDog.cancel(): canceling Thu May 21 14:23:10 UTC 2020
------------------ testing $PTII/ptolemy/domains/de/test/auto/Modal4.xml
auto.tcl: Setting watchdog for 200 seconds at Thu May 21 14:23:10 UTC 2020
23 ms. Memory: 51200K Free: 22749K (44%)
ptolemy.util.test.WatchDog.cancel(): canceling Thu May 21 14:23:10 UTC 2020
auto.tcl: Setting watchdog for 200 seconds at Thu May 21 14:23:10 UTC 2020
16 ms. Memory: 51200K Free: 18920K (37%)
ptolemy.util.test.WatchDog.cancel(): canceling Thu May 21 14:23:10 UTC 2020
------------------ testing $PTII/ptolemy/domains/de/test/auto/Modal5.xml
auto.tcl: Setting watchdog for 200 seconds at Thu May 21 14:23:10 UTC 2020
14 ms. Memory: 51200K Free: 22755K (44%)
ptolemy.util.test.WatchDog.cancel(): canceling Thu May 21 14:23:10 UTC 2020
auto.tcl: Setting watchdog for 200 seconds at Thu May 21 14:23:10 UTC 2020
22 ms. Memory: 51200K Free: 18907K (37%)
ptolemy.util.test.WatchDog.cancel(): canceling Thu May 21 14:23:10 UTC 2020
------------------ testing $PTII/ptolemy/domains/de/test/auto/Modal6.xml
auto.tcl: Setting watchdog for 200 seconds at Thu May 21 14:23:11 UTC 2020
11 ms. Memory: 51200K Free: 23518K (46%)
ptolemy.util.test.WatchDog.cancel(): canceling Thu May 21 14:23:11 UTC 2020
auto.tcl: Setting watchdog for 200 seconds at Thu May 21 14:23:11 UTC 2020
14 ms. Memory: 51200K Free: 19533K (38%)
ptolemy.util.test.WatchDog.cancel(): canceling Thu May 21 14:23:11 UTC 2020
------------------ testing $PTII/ptolemy/domains/de/test/auto/Modal7.xml
auto.tcl: Setting watchdog for 200 seconds at Thu May 21 14:23:11 UTC 2020
12 ms. Memory: 51200K Free: 22499K (44%)
ptolemy.util.test.WatchDog.cancel(): canceling Thu May 21 14:23:11 UTC 2020
auto.tcl: Setting watchdog for 200 seconds at Thu May 21 14:23:11 UTC 2020
9 ms. Memory: 51200K Free: 18906K (37%)
ptolemy.util.test.WatchDog.cancel(): canceling Thu May 21 14:23:11 UTC 2020
------------------ testing $PTII/ptolemy/domains/de/test/auto/ModalModel.xml
auto.tcl: Setting watchdog for 200 seconds at Thu May 21 14:23:11 UTC 2020
200 ms. Memory: 51200K Free: 13066K (26%)
ptolemy.util.test.WatchDog.cancel(): canceling Thu May 21 14:23:11 UTC 2020
auto.tcl: Setting watchdog for 200 seconds at Thu May 21 14:23:11 UTC 2020
193 ms. Memory: 65536K Free: 45708K (70%)
ptolemy.util.test.WatchDog.cancel(): canceling Thu May 21 14:23:11 UTC 2020
------------------ testing $PTII/ptolemy/domains/de/test/auto/ModalSource.xml
auto.tcl: Setting watchdog for 200 seconds at Thu May 21 14:23:11 UTC 2020
6 ms. Memory: 58368K Free: 34748K (60%)
ptolemy.util.test.WatchDog.cancel(): canceling Thu May 21 14:23:11 UTC 2020
auto.tcl: Setting watchdog for 200 seconds at Thu May 21 14:23:11 UTC 2020
5 ms. Memory: 58368K Free: 32700K (56%)
ptolemy.util.test.WatchDog.cancel(): canceling Thu May 21 14:23:11 UTC 2020
------------------ testing $PTII/ptolemy/domains/de/test/auto/NonInterruptibleTimerZeroDelay.xml
auto.tcl: Setting watchdog for 200 seconds at Thu May 21 14:23:11 UTC 2020
3 ms. Memory: 51200K Free: 32525K (64%)
ptolemy.util.test.WatchDog.cancel(): canceling Thu May 21 14:23:11 UTC 2020
auto.tcl: Setting watchdog for 200 seconds at Thu May 21 14:23:11 UTC 2020
2 ms. Memory: 51200K Free: 31874K (62%)
ptolemy.util.test.WatchDog.cancel(): canceling Thu May 21 14:23:11 UTC 2020
------------------ testing $PTII/ptolemy/domains/de/test/auto/OpenQueueingNetwork.xml
auto.tcl: Setting watchdog for 200 seconds at Thu May 21 14:23:11 UTC 2020
2742 ms. Memory: 123904K Free: 76184K (61%)
ptolemy.util.test.WatchDog.cancel(): canceling Thu May 21 14:23:14 UTC 2020
auto.tcl: Setting watchdog for 200 seconds at Thu May 21 14:23:14 UTC 2020
2561 ms. Memory: 151552K Free: 102751K (68%)
ptolemy.util.test.WatchDog.cancel(): canceling Thu May 21 14:23:17 UTC 2020
------------------ testing $PTII/ptolemy/domains/de/test/auto/OpenQueuingNetwork.xml
auto.tcl: Setting watchdog for 200 seconds at Thu May 21 14:23:17 UTC 2020
241 ms. Memory: 55296K Free: 24594K (44%)
ptolemy.util.test.WatchDog.cancel(): canceling Thu May 21 14:23:17 UTC 2020
auto.tcl: Setting watchdog for 200 seconds at Thu May 21 14:23:17 UTC 2020
225 ms. Memory: 55296K Free: 33676K (61%)
ptolemy.util.test.WatchDog.cancel(): canceling Thu May 21 14:23:17 UTC 2020
------------------ testing $PTII/ptolemy/domains/de/test/auto/PeriodicSampler.xml
auto.tcl: Setting watchdog for 200 seconds at Thu May 21 14:23:17 UTC 2020
3 ms. Memory: 55296K Free: 35814K (65%)
ptolemy.util.test.WatchDog.cancel(): canceling Thu May 21 14:23:17 UTC 2020
auto.tcl: Setting watchdog for 200 seconds at Thu May 21 14:23:17 UTC 2020
2 ms. Memory: 55296K Free: 35294K (64%)
ptolemy.util.test.WatchDog.cancel(): canceling Thu May 21 14:23:17 UTC 2020
------------------ testing $PTII/ptolemy/domains/de/test/auto/PersistentIO.xml
auto.tcl: Setting watchdog for 200 seconds at Thu May 21 14:23:17 UTC 2020
13 ms. Memory: 55296K Free: 30738K (56%)
ptolemy.util.test.WatchDog.cancel(): canceling Thu May 21 14:23:17 UTC 2020
auto.tcl: Setting watchdog for 200 seconds at Thu May 21 14:23:17 UTC 2020
4 ms. Memory: 55296K Free: 29218K (53%)
ptolemy.util.test.WatchDog.cancel(): canceling Thu May 21 14:23:17 UTC 2020
------------------ testing $PTII/ptolemy/domains/de/test/auto/PortParameterResetOnInitialize.xml
auto.tcl: Setting watchdog for 200 seconds at Thu May 21 14:23:18 UTC 2020
2 ms. Memory: 55296K Free: 35719K (65%)
ptolemy.util.test.WatchDog.cancel(): canceling Thu May 21 14:23:18 UTC 2020
auto.tcl: Setting watchdog for 200 seconds at Thu May 21 14:23:18 UTC 2020
1 ms. Memory: 55296K Free: 35225K (64%)
ptolemy.util.test.WatchDog.cancel(): canceling Thu May 21 14:23:18 UTC 2020
------------------ testing $PTII/ptolemy/domains/de/test/auto/PortParameterUpdates.xml
auto.tcl: Setting watchdog for 200 seconds at Thu May 21 14:23:18 UTC 2020
3 ms. Memory: 55296K Free: 34022K (62%)
ptolemy.util.test.WatchDog.cancel(): canceling Thu May 21 14:23:18 UTC 2020
auto.tcl: Setting watchdog for 200 seconds at Thu May 21 14:23:18 UTC 2020
3 ms. Memory: 55296K Free: 32799K (59%)
ptolemy.util.test.WatchDog.cancel(): canceling Thu May 21 14:23:18 UTC 2020
------------------ testing $PTII/ptolemy/domains/de/test/auto/QueueAndServer.xml
auto.tcl: Setting watchdog for 200 seconds at Thu May 21 14:23:18 UTC 2020
12 ms. Memory: 55296K Free: 32678K (59%)
ptolemy.util.test.WatchDog.cancel(): canceling Thu May 21 14:23:18 UTC 2020
auto.tcl: Setting watchdog for 200 seconds at Thu May 21 14:23:18 UTC 2020
7 ms. Memory: 55296K Free: 31226K (56%)
ptolemy.util.test.WatchDog.cancel(): canceling Thu May 21 14:23:18 UTC 2020
------------------ testing $PTII/ptolemy/domains/de/test/auto/Records.xml
auto.tcl: Setting watchdog for 200 seconds at Thu May 21 14:23:18 UTC 2020
5 ms. Memory: 51200K Free: 30879K (60%)
ptolemy.util.test.WatchDog.cancel(): canceling Thu May 21 14:23:18 UTC 2020
auto.tcl: Setting watchdog for 200 seconds at Thu May 21 14:23:18 UTC 2020
3 ms. Memory: 51200K Free: 30382K (59%)
ptolemy.util.test.WatchDog.cancel(): canceling Thu May 21 14:23:18 UTC 2020
------------------ testing $PTII/ptolemy/domains/de/test/auto/ResetTransitionWithStartTime1.xml
auto.tcl: Setting watchdog for 200 seconds at Thu May 21 14:23:18 UTC 2020
14 ms. Memory: 51200K Free: 28126K (55%)
ptolemy.util.test.WatchDog.cancel(): canceling Thu May 21 14:23:18 UTC 2020
auto.tcl: Setting watchdog for 200 seconds at Thu May 21 14:23:18 UTC 2020
8 ms. Memory: 51200K Free: 25587K (50%)
ptolemy.util.test.WatchDog.cancel(): canceling Thu May 21 14:23:18 UTC 2020
------------------ testing $PTII/ptolemy/domains/de/test/auto/ResetTransitionWithStartTime2.xml
auto.tcl: Setting watchdog for 200 seconds at Thu May 21 14:23:18 UTC 2020
9 ms. Memory: 51200K Free: 28081K (55%)
ptolemy.util.test.WatchDog.cancel(): canceling Thu May 21 14:23:18 UTC 2020
auto.tcl: Setting watchdog for 200 seconds at Thu May 21 14:23:18 UTC 2020
7 ms. Memory: 51200K Free: 26046K (51%)
ptolemy.util.test.WatchDog.cancel(): canceling Thu May 21 14:23:18 UTC 2020
------------------ testing $PTII/ptolemy/domains/de/test/auto/ResetTransitionWithStartTime3.xml
auto.tcl: Setting watchdog for 200 seconds at Thu May 21 14:23:18 UTC 2020
12 ms. Memory: 51200K Free: 28080K (55%)
ptolemy.util.test.WatchDog.cancel(): canceling Thu May 21 14:23:18 UTC 2020
auto.tcl: Setting watchdog for 200 seconds at Thu May 21 14:23:18 UTC 2020
5 ms. Memory: 51200K Free: 26062K (51%)
ptolemy.util.test.WatchDog.cancel(): canceling Thu May 21 14:23:18 UTC 2020
------------------ testing $PTII/ptolemy/domains/de/test/auto/ResetTransitionWithStartTime4.xml
auto.tcl: Setting watchdog for 200 seconds at Thu May 21 14:23:18 UTC 2020
10 ms. Memory: 51200K Free: 28495K (56%)
ptolemy.util.test.WatchDog.cancel(): canceling Thu May 21 14:23:18 UTC 2020
auto.tcl: Setting watchdog for 200 seconds at Thu May 21 14:23:18 UTC 2020
4 ms. Memory: 51200K Free: 27055K (53%)
ptolemy.util.test.WatchDog.cancel(): canceling Thu May 21 14:23:18 UTC 2020
------------------ testing $PTII/ptolemy/domains/de/test/auto/ResettableTimer1.xml
auto.tcl: Setting watchdog for 200 seconds at Thu May 21 14:23:18 UTC 2020
2 ms. Memory: 51200K Free: 32249K (63%)
ptolemy.util.test.WatchDog.cancel(): canceling Thu May 21 14:23:18 UTC 2020
auto.tcl: Setting watchdog for 200 seconds at Thu May 21 14:23:18 UTC 2020
2 ms. Memory: 51200K Free: 31628K (62%)
ptolemy.util.test.WatchDog.cancel(): canceling Thu May 21 14:23:18 UTC 2020
------------------ testing $PTII/ptolemy/domains/de/test/auto/ResettableTimer2.xml
auto.tcl: Setting watchdog for 200 seconds at Thu May 21 14:23:18 UTC 2020
3 ms. Memory: 51200K Free: 32330K (63%)
ptolemy.util.test.WatchDog.cancel(): canceling Thu May 21 14:23:18 UTC 2020
auto.tcl: Setting watchdog for 200 seconds at Thu May 21 14:23:18 UTC 2020
3 ms. Memory: 51200K Free: 31225K (61%)
ptolemy.util.test.WatchDog.cancel(): canceling Thu May 21 14:23:18 UTC 2020
------------------ testing $PTII/ptolemy/domains/de/test/auto/ResettableTimer3.xml
auto.tcl: Setting watchdog for 200 seconds at Thu May 21 14:23:18 UTC 2020
1 ms. Memory: 51200K Free: 32709K (64%)
ptolemy.util.test.WatchDog.cancel(): canceling Thu May 21 14:23:18 UTC 2020
auto.tcl: Setting watchdog for 200 seconds at Thu May 21 14:23:18 UTC 2020
1 ms. Memory: 51200K Free: 32219K (63%)
ptolemy.util.test.WatchDog.cancel(): canceling Thu May 21 14:23:18 UTC 2020
------------------ testing $PTII/ptolemy/domains/de/test/auto/ResettableTimer4.xml
auto.tcl: Setting watchdog for 200 seconds at Thu May 21 14:23:18 UTC 2020
1 ms. Memory: 51200K Free: 32233K (63%)
ptolemy.util.test.WatchDog.cancel(): canceling Thu May 21 14:23:18 UTC 2020
auto.tcl: Setting watchdog for 200 seconds at Thu May 21 14:23:18 UTC 2020
1 ms. Memory: 51200K Free: 31735K (62%)
ptolemy.util.test.WatchDog.cancel(): canceling Thu May 21 14:23:18 UTC 2020
------------------ testing $PTII/ptolemy/domains/de/test/auto/ResettableTimer5.xml
auto.tcl: Setting watchdog for 200 seconds at Thu May 21 14:23:18 UTC 2020
1 ms. Memory: 51200K Free: 31696K (62%)
ptolemy.util.test.WatchDog.cancel(): canceling Thu May 21 14:23:18 UTC 2020
auto.tcl: Setting watchdog for 200 seconds at Thu May 21 14:23:18 UTC 2020
2 ms. Memory: 51200K Free: 31207K (61%)
ptolemy.util.test.WatchDog.cancel(): canceling Thu May 21 14:23:18 UTC 2020
------------------ testing $PTII/ptolemy/domains/de/test/auto/ResettableTimer6.xml
auto.tcl: Setting watchdog for 200 seconds at Thu May 21 14:23:18 UTC 2020
1 ms. Memory: 51200K Free: 31686K (62%)
ptolemy.util.test.WatchDog.cancel(): canceling Thu May 21 14:23:18 UTC 2020
auto.tcl: Setting watchdog for 200 seconds at Thu May 21 14:23:18 UTC 2020
2 ms. Memory: 51200K Free: 31197K (61%)
ptolemy.util.test.WatchDog.cancel(): canceling Thu May 21 14:23:18 UTC 2020
------------------ testing $PTII/ptolemy/domains/de/test/auto/ServerZeroDelay.xml
auto.tcl: Setting watchdog for 200 seconds at Thu May 21 14:23:18 UTC 2020
3 ms. Memory: 51200K Free: 32206K (63%)
ptolemy.util.test.WatchDog.cancel(): canceling Thu May 21 14:23:18 UTC 2020
auto.tcl: Setting watchdog for 200 seconds at Thu May 21 14:23:18 UTC 2020
2 ms. Memory: 51200K Free: 31185K (61%)
ptolemy.util.test.WatchDog.cancel(): canceling Thu May 21 14:23:18 UTC 2020
------------------ testing $PTII/ptolemy/domains/de/test/auto/SmartSender.xml
auto.tcl: Setting watchdog for 200 seconds at Thu May 21 14:23:19 UTC 2020
3001 ms. Memory: 51200K Free: 32200K (63%)
ptolemy.util.test.WatchDog.cancel(): canceling Thu May 21 14:23:22 UTC 2020
auto.tcl: Setting watchdog for 200 seconds at Thu May 21 14:23:22 UTC 2020
3002 ms. Memory: 51200K Free: 31695K (62%)
ptolemy.util.test.WatchDog.cancel(): canceling Thu May 21 14:23:25 UTC 2020
------------------ testing $PTII/ptolemy/domains/de/test/auto/ThreadedComposite.xml
auto.tcl: Setting watchdog for 200 seconds at Thu May 21 14:23:25 UTC 2020
557 ms. Memory: 51200K Free: 15784K (31%)
ptolemy.util.test.WatchDog.cancel(): canceling Thu May 21 14:23:25 UTC 2020
auto.tcl: Setting watchdog for 200 seconds at Thu May 21 14:23:25 UTC 2020
100 ms. Memory: 51200K Free: 30978K (61%)
ptolemy.util.test.WatchDog.cancel(): canceling Thu May 21 14:23:25 UTC 2020
------------------ testing $PTII/ptolemy/domains/de/test/auto/Time.xml
auto.tcl: Setting watchdog for 200 seconds at Thu May 21 14:23:25 UTC 2020
417 ms. Memory: 71680K Free: 26159K (36%)
ptolemy.util.test.WatchDog.cancel(): canceling Thu May 21 14:23:26 UTC 2020
auto.tcl: Setting watchdog for 200 seconds at Thu May 21 14:23:26 UTC 2020
370 ms. Memory: 71680K Free: 51346K (72%)
ptolemy.util.test.WatchDog.cancel(): canceling Thu May 21 14:23:26 UTC 2020
------------------ testing $PTII/ptolemy/domains/de/test/auto/TimeDelayZeroDelay.xml
auto.tcl: Setting watchdog for 200 seconds at Thu May 21 14:23:26 UTC 2020
2 ms. Memory: 55296K Free: 36722K (66%)
ptolemy.util.test.WatchDog.cancel(): canceling Thu May 21 14:23:26 UTC 2020
auto.tcl: Setting watchdog for 200 seconds at Thu May 21 14:23:26 UTC 2020
2 ms. Memory: 55296K Free: 35875K (65%)
ptolemy.util.test.WatchDog.cancel(): canceling Thu May 21 14:23:26 UTC 2020
------------------ testing $PTII/ptolemy/domains/de/test/auto/TimerZeroDelay.xml
auto.tcl: Setting watchdog for 200 seconds at Thu May 21 14:23:26 UTC 2020
3 ms. Memory: 51200K Free: 32578K (64%)
ptolemy.util.test.WatchDog.cancel(): canceling Thu May 21 14:23:26 UTC 2020
auto.tcl: Setting watchdog for 200 seconds at Thu May 21 14:23:26 UTC 2020
2 ms. Memory: 51200K Free: 31811K (62%)
ptolemy.util.test.WatchDog.cancel(): canceling Thu May 21 14:23:26 UTC 2020
------------------ testing $PTII/ptolemy/domains/de/test/auto/TimingParadox.xml
auto.tcl: Setting watchdog for 200 seconds at Thu May 21 14:23:26 UTC 2020
282 ms. Memory: 51200K Free: 17791K (35%)
ptolemy.util.test.WatchDog.cancel(): canceling Thu May 21 14:23:27 UTC 2020
auto.tcl: Setting watchdog for 200 seconds at Thu May 21 14:23:27 UTC 2020
296 ms. Memory: 51200K Free: 31988K (62%)
ptolemy.util.test.WatchDog.cancel(): canceling Thu May 21 14:23:27 UTC 2020
------------------ testing $PTII/ptolemy/domains/de/test/auto/TransferInputs.xml
auto.tcl: Setting watchdog for 200 seconds at Thu May 21 14:23:27 UTC 2020
1 ms. Memory: 51200K Free: 30640K (60%)
ptolemy.util.test.WatchDog.cancel(): canceling Thu May 21 14:23:27 UTC 2020
auto.tcl: Setting watchdog for 200 seconds at Thu May 21 14:23:27 UTC 2020
1 ms. Memory: 51200K Free: 29771K (58%)
ptolemy.util.test.WatchDog.cancel(): canceling Thu May 21 14:23:27 UTC 2020
------------------ testing $PTII/ptolemy/domains/de/test/auto/TransferOutputs2.xml
auto.tcl: Setting watchdog for 200 seconds at Thu May 21 14:23:27 UTC 2020
3 ms. Memory: 51200K Free: 28083K (55%)
ptolemy.util.test.WatchDog.cancel(): canceling Thu May 21 14:23:27 UTC 2020
auto.tcl: Setting watchdog for 200 seconds at Thu May 21 14:23:27 UTC 2020
3 ms. Memory: 51200K Free: 26685K (52%)
ptolemy.util.test.WatchDog.cancel(): canceling Thu May 21 14:23:27 UTC 2020
------------------ testing $PTII/ptolemy/domains/de/test/auto/Trilateration.xml
auto.tcl: Setting watchdog for 200 seconds at Thu May 21 14:23:27 UTC 2020
11680 ms. Memory: 448512K Free: 168624K (38%)
ptolemy.util.test.WatchDog.cancel(): canceling Thu May 21 14:23:40 UTC 2020
auto.tcl: Setting watchdog for 200 seconds at Thu May 21 14:23:40 UTC 2020
8879 ms. Memory: 448512K Free: 183588K (41%)
ptolemy.util.test.WatchDog.cancel(): canceling Thu May 21 14:23:49 UTC 2020
------------------ testing $PTII/ptolemy/domains/de/test/auto/TwoSigmaDelta.xml
auto.tcl: Setting watchdog for 200 seconds at Thu May 21 14:23:49 UTC 2020
2136 ms. Memory: 89088K Free: 17545K (20%)
ptolemy.util.test.WatchDog.cancel(): canceling Thu May 21 14:23:51 UTC 2020
auto.tcl: Setting watchdog for 200 seconds at Thu May 21 14:23:51 UTC 2020
1721 ms. Memory: 89088K Free: 17064K (19%)
ptolemy.util.test.WatchDog.cancel(): canceling Thu May 21 14:23:53 UTC 2020
------------------ testing $PTII/ptolemy/domains/de/test/auto/VariableDelay.xml
auto.tcl: Setting watchdog for 200 seconds at Thu May 21 14:23:53 UTC 2020
3 ms. Memory: 55296K Free: 35214K (64%)
ptolemy.util.test.WatchDog.cancel(): canceling Thu May 21 14:23:53 UTC 2020
auto.tcl: Setting watchdog for 200 seconds at Thu May 21 14:23:53 UTC 2020
2 ms. Memory: 55296K Free: 34220K (62%)
ptolemy.util.test.WatchDog.cancel(): canceling Thu May 21 14:23:53 UTC 2020
------------------ testing $PTII/ptolemy/domains/de/test/auto/VariableDelay2.xml
auto.tcl: Setting watchdog for 200 seconds at Thu May 21 14:23:53 UTC 2020
6 ms. Memory: 55296K Free: 35807K (65%)
ptolemy.util.test.WatchDog.cancel(): canceling Thu May 21 14:23:53 UTC 2020
auto.tcl: Setting watchdog for 200 seconds at Thu May 21 14:23:53 UTC 2020
2 ms. Memory: 55296K Free: 35295K (64%)
ptolemy.util.test.WatchDog.cancel(): canceling Thu May 21 14:23:53 UTC 2020
------------------ testing $PTII/ptolemy/domains/de/test/auto/VariableDelayZeroDelay.xml
auto.tcl: Setting watchdog for 200 seconds at Thu May 21 14:23:53 UTC 2020
1 ms. Memory: 55296K Free: 36169K (65%)
ptolemy.util.test.WatchDog.cancel(): canceling Thu May 21 14:23:53 UTC 2020
auto.tcl: Setting watchdog for 200 seconds at Thu May 21 14:23:53 UTC 2020
1 ms. Memory: 55296K Free: 35612K (64%)
ptolemy.util.test.WatchDog.cancel(): canceling Thu May 21 14:23:53 UTC 2020
------------------ testing $PTII/ptolemy/domains/de/test/auto/VariableDelayZeroDelay2.xml
auto.tcl: Setting watchdog for 200 seconds at Thu May 21 14:23:53 UTC 2020
2 ms. Memory: 51200K Free: 32059K (63%)
ptolemy.util.test.WatchDog.cancel(): canceling Thu May 21 14:23:53 UTC 2020
auto.tcl: Setting watchdog for 200 seconds at Thu May 21 14:23:53 UTC 2020
2 ms. Memory: 51200K Free: 31035K (61%)
ptolemy.util.test.WatchDog.cancel(): canceling Thu May 21 14:23:53 UTC 2020
------------------ testing $PTII/ptolemy/domains/de/test/auto/deInCt.xml
auto.tcl: Setting watchdog for 200 seconds at Thu May 21 14:23:53 UTC 2020
0
1
1
1
0
0
0
1
1
1
1
0
0
0
1
1
1
0
0
1
1
1
0
0
0
1
1
1
0
0
0
0
1
1
1
1
1
0
0
0
1
1
1
1
13 ms. Memory: 51200K Free: 31032K (61%)
ptolemy.util.test.WatchDog.cancel(): canceling Thu May 21 14:23:53 UTC 2020
auto.tcl: Setting watchdog for 200 seconds at Thu May 21 14:23:53 UTC 2020
0
1
1
1
1
0
0
0
0
1
1
1
0
0
0
0
1
1
1
0
0
0
0
0
0
1
1
1
0
0
0
1
1
1
0
0
0
1
1
1
0
0
0
0
6 ms. Memory: 51200K Free: 29497K (58%)
ptolemy.util.test.WatchDog.cancel(): canceling Thu May 21 14:23:53 UTC 2020
------------------ testing $PTII/ptolemy/domains/de/test/auto/deInCt2.xml
auto.tcl: Setting watchdog for 200 seconds at Thu May 21 14:23:53 UTC 2020
0
1
1
1
0
0
1
1
1
0
0
1
1
1
0
0
1
1
1
0
0
1
1
1
0
0
1
1
1
0
0
1
1
1
0
0
1
1
1
0
0
0
11 ms. Memory: 51200K Free: 31033K (61%)
ptolemy.util.test.WatchDog.cancel(): canceling Thu May 21 14:23:53 UTC 2020
auto.tcl: Setting watchdog for 200 seconds at Thu May 21 14:23:53 UTC 2020
0
1
1
1
0
0
1
1
1
0
0
1
1
1
0
0
1
1
1
0
0
1
1
1
0
0
1
1
1
0
0
1
1
1
0
0
1
1
1
0
0
0
8 ms. Memory: 51200K Free: 29481K (58%)
ptolemy.util.test.WatchDog.cancel(): canceling Thu May 21 14:23:53 UTC 2020
------------------ testing $PTII/ptolemy/domains/de/test/auto/dynamicCausalityInterface1.xml
auto.tcl: Setting watchdog for 200 seconds at Thu May 21 14:23:53 UTC 2020
1 ms. Memory: 51200K Free: 26931K (53%)
ptolemy.util.test.WatchDog.cancel(): canceling Thu May 21 14:23:53 UTC 2020
auto.tcl: Setting watchdog for 200 seconds at Thu May 21 14:23:53 UTC 2020
1 ms. Memory: 51200K Free: 26434K (52%)
ptolemy.util.test.WatchDog.cancel(): canceling Thu May 21 14:23:53 UTC 2020
------------------ testing $PTII/ptolemy/domains/de/test/auto/fsm_de_test.xml
auto.tcl: Setting watchdog for 200 seconds at Thu May 21 14:23:53 UTC 2020
7 ms. Memory: 51200K Free: 26830K (52%)
ptolemy.util.test.WatchDog.cancel(): canceling Thu May 21 14:23:53 UTC 2020
auto.tcl: Setting watchdog for 200 seconds at Thu May 21 14:23:53 UTC 2020
4 ms. Memory: 51200K Free: 24782K (48%)
ptolemy.util.test.WatchDog.cancel(): canceling Thu May 21 14:23:53 UTC 2020
------------------ testing $PTII/ptolemy/domains/de/test/auto/functionDependencyReconstruction.xml
auto.tcl: Setting watchdog for 200 seconds at Thu May 21 14:23:53 UTC 2020
6 ms. Memory: 51200K Free: 20676K (40%)
ptolemy.util.test.WatchDog.cancel(): canceling Thu May 21 14:23:53 UTC 2020
auto.tcl: Setting watchdog for 200 seconds at Thu May 21 14:23:53 UTC 2020
2 ms. Memory: 51200K Free: 18628K (36%)
ptolemy.util.test.WatchDog.cancel(): canceling Thu May 21 14:23:53 UTC 2020
------------------ testing $PTII/ptolemy/domains/de/test/auto/multirate.xml
auto.tcl: Setting watchdog for 200 seconds at Thu May 21 14:23:53 UTC 2020
4 ms. Memory: 51200K Free: 29246K (57%)
ptolemy.util.test.WatchDog.cancel(): canceling Thu May 21 14:23:54 UTC 2020
auto.tcl: Setting watchdog for 200 seconds at Thu May 21 14:23:54 UTC 2020
4 ms. Memory: 51200K Free: 27726K (54%)
ptolemy.util.test.WatchDog.cancel(): canceling Thu May 21 14:23:54 UTC 2020
------------------ testing $PTII/ptolemy/domains/de/test/auto/multirate2.xml
auto.tcl: Setting watchdog for 200 seconds at Thu May 21 14:23:54 UTC 2020
4 ms. Memory: 51200K Free: 29428K (57%)
ptolemy.util.test.WatchDog.cancel(): canceling Thu May 21 14:23:54 UTC 2020
auto.tcl: Setting watchdog for 200 seconds at Thu May 21 14:23:54 UTC 2020
2 ms. Memory: 51200K Free: 27944K (55%)
ptolemy.util.test.WatchDog.cancel(): canceling Thu May 21 14:23:54 UTC 2020
------------------ testing $PTII/ptolemy/domains/de/test/auto/realtime.xml
auto.tcl: Setting watchdog for 200 seconds at Thu May 21 14:23:54 UTC 2020
10001 ms. Memory: 51200K Free: 31690K (62%)
ptolemy.util.test.WatchDog.cancel(): canceling Thu May 21 14:24:04 UTC 2020
auto.tcl: Setting watchdog for 200 seconds at Thu May 21 14:24:04 UTC 2020
10001 ms. Memory: 51200K Free: 30977K (61%)
ptolemy.util.test.WatchDog.cancel(): canceling Thu May 21 14:24:14 UTC 2020
------------------ testing $PTII/ptolemy/domains/de/test/auto/relationGroup.xml
auto.tcl: Setting watchdog for 200 seconds at Thu May 21 14:24:14 UTC 2020
1 ms. Memory: 51200K Free: 32741K (64%)
ptolemy.util.test.WatchDog.cancel(): canceling Thu May 21 14:24:14 UTC 2020
auto.tcl: Setting watchdog for 200 seconds at Thu May 21 14:24:14 UTC 2020
1 ms. Memory: 51200K Free: 32027K (63%)
ptolemy.util.test.WatchDog.cancel(): canceling Thu May 21 14:24:14 UTC 2020
------------------ testing $PTII/ptolemy/domains/de/test/auto/relationGroup2.xml
auto.tcl: Setting watchdog for 200 seconds at Thu May 21 14:24:14 UTC 2020
1 ms. Memory: 51200K Free: 32595K (64%)
ptolemy.util.test.WatchDog.cancel(): canceling Thu May 21 14:24:14 UTC 2020
auto.tcl: Setting watchdog for 200 seconds at Thu May 21 14:24:14 UTC 2020
2 ms. Memory: 51200K Free: 32094K (63%)
ptolemy.util.test.WatchDog.cancel(): canceling Thu May 21 14:24:14 UTC 2020
------------------ testing $PTII/ptolemy/domains/de/test/auto/sortWithOpaquePorts.xml
auto.tcl: Setting watchdog for 200 seconds at Thu May 21 14:24:14 UTC 2020
1 ms. Memory: 51200K Free: 31560K (62%)
ptolemy.util.test.WatchDog.cancel(): canceling Thu May 21 14:24:14 UTC 2020
auto.tcl: Setting watchdog for 200 seconds at Thu May 21 14:24:14 UTC 2020
2 ms. Memory: 51200K Free: 30552K (60%)
ptolemy.util.test.WatchDog.cancel(): canceling Thu May 21 14:24:14 UTC 2020
------------------ testing $PTII/ptolemy/domains/de/test/auto/transferInputsandOutputs.xml
auto.tcl: Setting watchdog for 200 seconds at Thu May 21 14:24:14 UTC 2020
4 ms. Memory: 51200K Free: 29001K (57%)
ptolemy.util.test.WatchDog.cancel(): canceling Thu May 21 14:24:14 UTC 2020
auto.tcl: Setting watchdog for 200 seconds at Thu May 21 14:24:14 UTC 2020
2 ms. Memory: 51200K Free: 27977K (55%)
ptolemy.util.test.WatchDog.cancel(): canceling Thu May 21 14:24:14 UTC 2020
------------------ testing $PTII/ptolemy/domains/de/test/auto/triggerType.xml
auto.tcl: Setting watchdog for 200 seconds at Thu May 21 14:24:14 UTC 2020
2 ms. Memory: 51200K Free: 32025K (63%)
ptolemy.util.test.WatchDog.cancel(): canceling Thu May 21 14:24:14 UTC 2020
auto.tcl: Setting watchdog for 200 seconds at Thu May 21 14:24:14 UTC 2020
1 ms. Memory: 51200K Free: 31014K (61%)
ptolemy.util.test.WatchDog.cancel(): canceling Thu May 21 14:24:14 UTC 2020
05/21/20 02:24:14
Failed: 0  Total Tests: 192  ((Passed: 187, Newly Passed: 1)  Known Failed: 5) /home/travis/build/icyphy/ptII/ptolemy/domains/de/test
05/21/20 02:24:14
Failed: 0  Total Tests: 192  ((Passed: 187, Newly Passed: 1)  Known Failed: 5) /home/travis/build/icyphy/ptII/ptolemy/domains/de/test
----------------- testing (KnownFailure) /home/travis/build/icyphy/ptII/ptolemy/domains/de/test/auto/knownFailedTests/DESDFClockTest.xml
2013 ms. Memory: 51200K Free: 25421K (50%)
Known Failure: java.lang.reflect.InvocationTargetException
----------------- testing (KnownFailure) /home/travis/build/icyphy/ptII/ptolemy/domains/de/test/auto/knownFailedTests/DirectFeedback.xml
3 ms. Memory: 51200K Free: 21325K (42%)
Known Failure: java.lang.reflect.InvocationTargetException
----------------- testing (KnownFailure) /home/travis/build/icyphy/ptII/ptolemy/domains/de/test/auto/knownFailedTests/FSMSource.xml
15 ms. Memory: 51200K Free: 13119K (26%)
----------------- testing (KnownFailure) /home/travis/build/icyphy/ptII/ptolemy/domains/de/test/auto/knownFailedTests/HierarchicalModel.xml
2 ms. Memory: 51200K Free: 25163K (49%)
Known Failure: java.lang.reflect.InvocationTargetException
----------------- testing (KnownFailure) /home/travis/build/icyphy/ptII/ptolemy/domains/de/test/auto/knownFailedTests/dependencyLoop.xml
2 ms. Memory: 51200K Free: 9811K (19%)
Known Failure: java.lang.reflect.InvocationTargetException
----------------- testing (KnownFailure) /home/travis/build/icyphy/ptII/ptolemy/domains/de/test/auto/knownFailedTests/dependencyLoop2.xml
3 ms. Memory: 51200K Free: 22624K (44%)
Known Failure: java.lang.reflect.InvocationTargetException
No auto/linux-amd64/*.xml tests in /home/travis/build/icyphy/ptII/ptolemy/domains/de/test
AutoTests.java: About to close Vertx.
AutoTests.java: Vertx closed.

===========================================================================================
----------------- testing Thu May 21 14:24:16 UTC 2020 /home/travis/build/icyphy/ptII/ptolemy/domains/de/test/auto/ActorDepthCalculation_actorWithoutPorts.xml
----------------- Instantiating /home/travis/build/icyphy/ptII/ptolemy/domains/de/test/auto/ActorDepthCalculation_actorWithoutPorts.xml
2 ms. Memory: 51200K Free: 16033K (31%)
----------------- Invoking toplevel() on ptolemy.moml.MoMLSimpleApplication@16ad8c33
----------------- Done invoking toplevel() on ptolemy.moml.MoMLSimpleApplication@16ad8c33
reloadAllAccessors: .ActorDepthCalculation_actorWithoutPorts

===========================================================================================
----------------- testing Thu May 21 14:24:16 UTC 2020 /home/travis/build/icyphy/ptII/ptolemy/domains/de/test/auto/AssemblyLine.xml
----------------- Instantiating /home/travis/build/icyphy/ptII/ptolemy/domains/de/test/auto/AssemblyLine.xml
4 ms. Memory: 51200K Free: 8881K (17%)
----------------- Invoking toplevel() on ptolemy.moml.MoMLSimpleApplication@6ef60b75
----------------- Done invoking toplevel() on ptolemy.moml.MoMLSimpleApplication@6ef60b75
reloadAllAccessors: .AssemblyLine

===========================================================================================
----------------- testing Thu May 21 14:24:16 UTC 2020 /home/travis/build/icyphy/ptII/ptolemy/domains/de/test/auto/CQBug1.xml
----------------- Instantiating /home/travis/build/icyphy/ptII/ptolemy/domains/de/test/auto/CQBug1.xml
0 ms. Memory: 51200K Free: 33850K (66%)
----------------- Invoking toplevel() on ptolemy.moml.MoMLSimpleApplication@3128e637
----------------- Done invoking toplevel() on ptolemy.moml.MoMLSimpleApplication@3128e637
reloadAllAccessors: .CQBug1

===========================================================================================
----------------- testing Thu May 21 14:24:16 UTC 2020 /home/travis/build/icyphy/ptII/ptolemy/domains/de/test/auto/CancelFireAt.xml
----------------- Instantiating /home/travis/build/icyphy/ptII/ptolemy/domains/de/test/auto/CancelFireAt.xml
10 ms. Memory: 51200K Free: 31493K (62%)
----------------- Invoking toplevel() on ptolemy.moml.MoMLSimpleApplication@5ac9416f
----------------- Done invoking toplevel() on ptolemy.moml.MoMLSimpleApplication@5ac9416f
reloadAllAccessors: .CancelFireAt

===========================================================================================
----------------- testing Thu May 21 14:24:16 UTC 2020 /home/travis/build/icyphy/ptII/ptolemy/domains/de/test/auto/CausalityAndComposabilityAnalysis.xml
----------------- Instantiating /home/travis/build/icyphy/ptII/ptolemy/domains/de/test/auto/CausalityAndComposabilityAnalysis.xml
1 ms. Memory: 51200K Free: 27081K (53%)
----------------- Invoking toplevel() on ptolemy.moml.MoMLSimpleApplication@4534517d
----------------- Done invoking toplevel() on ptolemy.moml.MoMLSimpleApplication@4534517d
reloadAllAccessors: .CausalityAndComposabilityAnalysis

===========================================================================================
----------------- testing Thu May 21 14:24:16 UTC 2020 /home/travis/build/icyphy/ptII/ptolemy/domains/de/test/auto/CausalityInterface1.xml
----------------- Instantiating /home/travis/build/icyphy/ptII/ptolemy/domains/de/test/auto/CausalityInterface1.xml
3 ms. Memory: 51200K Free: 22017K (43%)
----------------- Invoking toplevel() on ptolemy.moml.MoMLSimpleApplication@282cc7d8
----------------- Done invoking toplevel() on ptolemy.moml.MoMLSimpleApplication@282cc7d8
reloadAllAccessors: .CausalityInterface1

===========================================================================================
----------------- testing Thu May 21 14:24:16 UTC 2020 /home/travis/build/icyphy/ptII/ptolemy/domains/de/test/auto/CausalityInterface15.xml
----------------- Instantiating /home/travis/build/icyphy/ptII/ptolemy/domains/de/test/auto/CausalityInterface15.xml
1 ms. Memory: 51200K Free: 16588K (32%)
----------------- Invoking toplevel() on ptolemy.moml.MoMLSimpleApplication@41cc55d8
----------------- Done invoking toplevel() on ptolemy.moml.MoMLSimpleApplication@41cc55d8
reloadAllAccessors: .CausalityInterface15

===========================================================================================
----------------- testing Thu May 21 14:24:16 UTC 2020 /home/travis/build/icyphy/ptII/ptolemy/domains/de/test/auto/CausalityInterface2.xml
----------------- Instantiating /home/travis/build/icyphy/ptII/ptolemy/domains/de/test/auto/CausalityInterface2.xml
1 ms. Memory: 51200K Free: 12037K (24%)
[...]
	at ptolemy.actor.Manager.run(Manager.java:1263)
	at ptolemy.actor.Manager$PtolemyRunThread.run(Manager.java:1933)
java.lang.RuntimeException: Execution failed
	at ptolemy.moml.MoMLSimpleApplication$UnloadThread.run(MoMLSimpleApplication.java:402)
Caused by: ptolemy.kernel.util.IllegalActionException: Actor is not ready to fire.  Perhaps UpSample.prefire() returned false? Try debugging the actor by selecting "Listen to Actor".  Also, for SDF check moml for tokenConsumptionRate on input.
  in .DESDFClockTest.Play Bell.Copy1:SDF Director and .DESDFClockTest.Play Bell.UpSample
	at ptolemy.actor.sched.StaticSchedulingDirector.fire(StaticSchedulingDirector.java:227)
	at ptolemy.domains.sdf.kernel.SDFDirector.fire(SDFDirector.java:500)
	at ptolemy.actor.CompositeActor.fire(CompositeActor.java:455)
	at ptolemy.domains.de.kernel.DEDirector._fire(DEDirector.java:1949)
	at ptolemy.domains.de.kernel.DEDirector.fire(DEDirector.java:502)
	at ptolemy.actor.CompositeActor.fire(CompositeActor.java:455)
	at ptolemy.actor.Manager.iterate(Manager.java:851)
	at ptolemy.actor.Manager.execute(Manager.java:369)
	at ptolemy.actor.Manager.run(Manager.java:1263)
	at ptolemy.actor.Manager$PtolemyRunThread.run(Manager.java:1933)
java.lang.reflect.InvocationTargetException
	at java.base/jdk.internal.reflect.NativeConstructorAccessorImpl.newInstance0(Native Method)
	at java.base/jdk.internal.reflect.NativeConstructorAccessorImpl.newInstance(NativeConstructorAccessorImpl.java:62)
	at java.base/jdk.internal.reflect.DelegatingConstructorAccessorImpl.newInstance(DelegatingConstructorAccessorImpl.java:45)
	at java.base/java.lang.reflect.Constructor.newInstance(Constructor.java:490)
	at ptolemy.util.test.junit.AutoKnownFailedTests.RunModel(AutoKnownFailedTests.java:105)
	at java.base/jdk.internal.reflect.NativeMethodAccessorImpl.invoke0(Native Method)
	at java.base/jdk.internal.reflect.NativeMethodAccessorImpl.invoke(NativeMethodAccessorImpl.java:62)
	at java.base/jdk.internal.reflect.DelegatingMethodAccessorImpl.invoke(DelegatingMethodAccessorImpl.java:43)
	at java.base/java.lang.reflect.Method.invoke(Method.java:566)
	at org.junit.runners.model.FrameworkMethod$1.runReflectiveCall(FrameworkMethod.java:44)
	at org.junit.internal.runners.model.ReflectiveCallable.run(ReflectiveCallable.java:15)
	at org.junit.runners.model.FrameworkMethod.invokeExplosively(FrameworkMethod.java:41)
	at junitparams.internal.InvokeParameterisedMethod.evaluate(InvokeParameterisedMethod.java:102)
	at org.junit.internal.runners.statements.FailOnTimeout$1.run(FailOnTimeout.java:28)
Caused by: ptolemy.kernel.util.IllegalActionException: Actor is not ready to fire.  Perhaps UpSample.prefire() returned false? Try debugging the actor by selecting "Listen to Actor".  Also, for SDF check moml for tokenConsumptionRate on input.
  in .DESDFClockTest.Play Bell.Copy1:SDF Director and .DESDFClockTest.Play Bell.UpSample
	at ptolemy.actor.sched.StaticSchedulingDirector.fire(StaticSchedulingDirector.java:227)
	at ptolemy.domains.sdf.kernel.SDFDirector.fire(SDFDirector.java:500)
	at ptolemy.actor.CompositeActor.fire(CompositeActor.java:455)
	at ptolemy.domains.de.kernel.DEDirector._fire(DEDirector.java:1949)
	at ptolemy.domains.de.kernel.DEDirector.fire(DEDirector.java:502)
	at ptolemy.actor.CompositeActor.fire(CompositeActor.java:455)
	at ptolemy.actor.Manager.iterate(Manager.java:851)
	at ptolemy.actor.Manager.execute(Manager.java:369)
	at ptolemy.actor.Manager.run(Manager.java:1263)
	at ptolemy.actor.Manager$PtolemyRunThread.run(Manager.java:1933)
java.lang.RuntimeException: Execution failed
	at ptolemy.moml.MoMLSimpleApplication$UnloadThread.run(MoMLSimpleApplication.java:402)
Caused by: ptolemy.kernel.util.IllegalActionException: Test fails in iteration 1.
Value was: 1.0. Should have been: 2.0
  in .DirectFeedback.Test
	at ptolemy.actor.lib.Test.fire(Test.java:268)
	at ptolemy.domains.de.kernel.DEDirector._fire(DEDirector.java:1949)
	at ptolemy.domains.de.kernel.DEDirector.fire(DEDirector.java:502)
	at ptolemy.actor.CompositeActor.fire(CompositeActor.java:455)
	at ptolemy.actor.Manager.iterate(Manager.java:851)
	at ptolemy.actor.Manager.execute(Manager.java:369)
	at ptolemy.actor.Manager.run(Manager.java:1263)
	at ptolemy.actor.Manager$PtolemyRunThread.run(Manager.java:1933)
java.lang.reflect.InvocationTargetException
	at java.base/jdk.internal.reflect.NativeConstructorAccessorImpl.newInstance0(Native Method)
	at java.base/jdk.internal.reflect.NativeConstructorAccessorImpl.newInstance(NativeConstructorAccessorImpl.java:62)
	at java.base/jdk.internal.reflect.DelegatingConstructorAccessorImpl.newInstance(DelegatingConstructorAccessorImpl.java:45)
	at java.base/java.lang.reflect.Constructor.newInstance(Constructor.java:490)
	at ptolemy.util.test.junit.AutoKnownFailedTests.RunModel(AutoKnownFailedTests.java:105)
	at java.base/jdk.internal.reflect.NativeMethodAccessorImpl.invoke0(Native Method)
	at java.base/jdk.internal.reflect.NativeMethodAccessorImpl.invoke(NativeMethodAccessorImpl.java:62)
	at java.base/jdk.internal.reflect.DelegatingMethodAccessorImpl.invoke(DelegatingMethodAccessorImpl.java:43)
	at java.base/java.lang.reflect.Method.invoke(Method.java:566)
	at org.junit.runners.model.FrameworkMethod$1.runReflectiveCall(FrameworkMethod.java:44)
	at org.junit.internal.runners.model.ReflectiveCallable.run(ReflectiveCallable.java:15)
	at org.junit.runners.model.FrameworkMethod.invokeExplosively(FrameworkMethod.java:41)
	at junitparams.internal.InvokeParameterisedMethod.evaluate(InvokeParameterisedMethod.java:102)
	at org.junit.internal.runners.statements.FailOnTimeout$1.run(FailOnTimeout.java:28)
Caused by: ptolemy.kernel.util.IllegalActionException: Test fails in iteration 1.
Value was: 1.0. Should have been: 2.0
  in .DirectFeedback.Test
	at ptolemy.actor.lib.Test.fire(Test.java:268)
	at ptolemy.domains.de.kernel.DEDirector._fire(DEDirector.java:1949)
	at ptolemy.domains.de.kernel.DEDirector.fire(DEDirector.java:502)
	at ptolemy.actor.CompositeActor.fire(CompositeActor.java:455)
	at ptolemy.actor.Manager.iterate(Manager.java:851)
	at ptolemy.actor.Manager.execute(Manager.java:369)
	at ptolemy.actor.Manager.run(Manager.java:1263)
	at ptolemy.actor.Manager$PtolemyRunThread.run(Manager.java:1933)
java.lang.RuntimeException: Execution failed
	at ptolemy.moml.MoMLSimpleApplication$UnloadThread.run(MoMLSimpleApplication.java:402)
Caused by: ptolemy.kernel.util.IllegalActionException: Found a zero delay loop containing .HierarchicalModel.A
  in .HierarchicalModel and .HierarchicalModel.A
	at ptolemy.actor.util.CausalityInterfaceForComposites._computeOutputPortDepth(CausalityInterfaceForComposites.java:759)
	at ptolemy.actor.util.CausalityInterfaceForComposites._computeInputDepth(CausalityInterfaceForComposites.java:696)
	at ptolemy.actor.util.CausalityInterfaceForComposites._computeOutputPortDepth(CausalityInterfaceForComposites.java:765)
	at ptolemy.actor.util.CausalityInterfaceForComposites._computeInputDepth(CausalityInterfaceForComposites.java:696)
	at ptolemy.actor.util.CausalityInterfaceForComposites._computeOutputPortDepth(CausalityInterfaceForComposites.java:765)
	at ptolemy.actor.util.CausalityInterfaceForComposites._computeInputDepth(CausalityInterfaceForComposites.java:696)
	at ptolemy.actor.util.CausalityInterfaceForComposites._computeActorDepth(CausalityInterfaceForComposites.java:532)
	at ptolemy.actor.util.CausalityInterfaceForComposites.checkForCycles(CausalityInterfaceForComposites.java:96)
	at ptolemy.domains.de.kernel.DEDirector.preinitialize(DEDirector.java:1338)
	at ptolemy.actor.CompositeActor.preinitialize(CompositeActor.java:1828)
	at ptolemy.actor.Manager.preinitializeAndResolveTypes(Manager.java:1040)
	at ptolemy.actor.Manager.initialize(Manager.java:710)
	at ptolemy.actor.Manager.execute(Manager.java:356)
	at ptolemy.actor.Manager.run(Manager.java:1263)
	at ptolemy.actor.Manager$PtolemyRunThread.run(Manager.java:1933)
java.lang.reflect.InvocationTargetException
	at java.base/jdk.internal.reflect.NativeConstructorAccessorImpl.newInstance0(Native Method)
	at java.base/jdk.internal.reflect.NativeConstructorAccessorImpl.newInstance(NativeConstructorAccessorImpl.java:62)
	at java.base/jdk.internal.reflect.DelegatingConstructorAccessorImpl.newInstance(DelegatingConstructorAccessorImpl.java:45)
	at java.base/java.lang.reflect.Constructor.newInstance(Constructor.java:490)
	at ptolemy.util.test.junit.AutoKnownFailedTests.RunModel(AutoKnownFailedTests.java:105)
	at java.base/jdk.internal.reflect.NativeMethodAccessorImpl.invoke0(Native Method)
	at java.base/jdk.internal.reflect.NativeMethodAccessorImpl.invoke(NativeMethodAccessorImpl.java:62)
	at java.base/jdk.internal.reflect.DelegatingMethodAccessorImpl.invoke(DelegatingMethodAccessorImpl.java:43)
	at java.base/java.lang.reflect.Method.invoke(Method.java:566)
	at org.junit.runners.model.FrameworkMethod$1.runReflectiveCall(FrameworkMethod.java:44)
	at org.junit.internal.runners.model.ReflectiveCallable.run(ReflectiveCallable.java:15)
	at org.junit.runners.model.FrameworkMethod.invokeExplosively(FrameworkMethod.java:41)
	at junitparams.internal.InvokeParameterisedMethod.evaluate(InvokeParameterisedMethod.java:102)
	at org.junit.internal.runners.statements.FailOnTimeout$1.run(FailOnTimeout.java:28)
Caused by: ptolemy.kernel.util.IllegalActionException: Found a zero delay loop containing .HierarchicalModel.A
  in .HierarchicalModel and .HierarchicalModel.A
	at ptolemy.actor.util.CausalityInterfaceForComposites._computeOutputPortDepth(CausalityInterfaceForComposites.java:759)
	at ptolemy.actor.util.CausalityInterfaceForComposites._computeInputDepth(CausalityInterfaceForComposites.java:696)
	at ptolemy.actor.util.CausalityInterfaceForComposites._computeOutputPortDepth(CausalityInterfaceForComposites.java:765)
	at ptolemy.actor.util.CausalityInterfaceForComposites._computeInputDepth(CausalityInterfaceForComposites.java:696)
	at ptolemy.actor.util.CausalityInterfaceForComposites._computeOutputPortDepth(CausalityInterfaceForComposites.java:765)
	at ptolemy.actor.util.CausalityInterfaceForComposites._computeInputDepth(CausalityInterfaceForComposites.java:696)
	at ptolemy.actor.util.CausalityInterfaceForComposites._computeActorDepth(CausalityInterfaceForComposites.java:532)
	at ptolemy.actor.util.CausalityInterfaceForComposites.checkForCycles(CausalityInterfaceForComposites.java:96)
	at ptolemy.domains.de.kernel.DEDirector.preinitialize(DEDirector.java:1338)
	at ptolemy.actor.CompositeActor.preinitialize(CompositeActor.java:1828)
	at ptolemy.actor.Manager.preinitializeAndResolveTypes(Manager.java:1040)
	at ptolemy.actor.Manager.initialize(Manager.java:710)
	at ptolemy.actor.Manager.execute(Manager.java:356)
	at ptolemy.actor.Manager.run(Manager.java:1263)
	at ptolemy.actor.Manager$PtolemyRunThread.run(Manager.java:1933)
java.lang.RuntimeException: Execution failed
	at ptolemy.moml.MoMLSimpleApplication$UnloadThread.run(MoMLSimpleApplication.java:402)
Caused by: ptolemy.kernel.util.IllegalActionException: Found a zero delay loop containing .dependencyLoop.original
  in .dependencyLoop and .dependencyLoop.original
	at ptolemy.actor.util.CausalityInterfaceForComposites._computeOutputPortDepth(CausalityInterfaceForComposites.java:759)
	at ptolemy.actor.util.CausalityInterfaceForComposites._computeInputDepth(CausalityInterfaceForComposites.java:696)
	at ptolemy.actor.util.CausalityInterfaceForComposites._computeOutputPortDepth(CausalityInterfaceForComposites.java:765)
	at ptolemy.actor.util.CausalityInterfaceForComposites._computeInputDepth(CausalityInterfaceForComposites.java:696)
	at ptolemy.actor.util.CausalityInterfaceForComposites._computeOutputPortDepth(CausalityInterfaceForComposites.java:765)
	at ptolemy.actor.util.CausalityInterfaceForComposites._computeInputDepth(CausalityInterfaceForComposites.java:696)
	at ptolemy.actor.util.CausalityInterfaceForComposites._computeActorDepth(CausalityInterfaceForComposites.java:532)
	at ptolemy.actor.util.CausalityInterfaceForComposites.checkForCycles(CausalityInterfaceForComposites.java:96)
	at ptolemy.domains.de.kernel.DEDirector.preinitialize(DEDirector.java:1338)
	at ptolemy.actor.CompositeActor.preinitialize(CompositeActor.java:1828)
	at ptolemy.actor.Manager.preinitializeAndResolveTypes(Manager.java:1040)
	at ptolemy.actor.Manager.initialize(Manager.java:710)
	at ptolemy.actor.Manager.execute(Manager.java:356)
	at ptolemy.actor.Manager.run(Manager.java:1263)
	at ptolemy.actor.Manager$PtolemyRunThread.run(Manager.java:1933)
java.lang.reflect.InvocationTargetException
	at java.base/jdk.internal.reflect.NativeConstructorAccessorImpl.newInstance0(Native Method)
	at java.base/jdk.internal.reflect.NativeConstructorAccessorImpl.newInstance(NativeConstructorAccessorImpl.java:62)
	at java.base/jdk.internal.reflect.DelegatingConstructorAccessorImpl.newInstance(DelegatingConstructorAccessorImpl.java:45)
	at java.base/java.lang.reflect.Constructor.newInstance(Constructor.java:490)
	at ptolemy.util.test.junit.AutoKnownFailedTests.RunModel(AutoKnownFailedTests.java:105)
	at java.base/jdk.internal.reflect.NativeMethodAccessorImpl.invoke0(Native Method)
	at java.base/jdk.internal.reflect.NativeMethodAccessorImpl.invoke(NativeMethodAccessorImpl.java:62)
	at java.base/jdk.internal.reflect.DelegatingMethodAccessorImpl.invoke(DelegatingMethodAccessorImpl.java:43)
	at java.base/java.lang.reflect.Method.invoke(Method.java:566)
	at org.junit.runners.model.FrameworkMethod$1.runReflectiveCall(FrameworkMethod.java:44)
	at org.junit.internal.runners.model.ReflectiveCallable.run(ReflectiveCallable.java:15)
	at org.junit.runners.model.FrameworkMethod.invokeExplosively(FrameworkMethod.java:41)
	at junitparams.internal.InvokeParameterisedMethod.evaluate(InvokeParameterisedMethod.java:102)
	at org.junit.internal.runners.statements.FailOnTimeout$1.run(FailOnTimeout.java:28)
Caused by: ptolemy.kernel.util.IllegalActionException: Found a zero delay loop containing .dependencyLoop.original
  in .dependencyLoop and .dependencyLoop.original
	at ptolemy.actor.util.CausalityInterfaceForComposites._computeOutputPortDepth(CausalityInterfaceForComposites.java:759)
	at ptolemy.actor.util.CausalityInterfaceForComposites._computeInputDepth(CausalityInterfaceForComposites.java:696)
	at ptolemy.actor.util.CausalityInterfaceForComposites._computeOutputPortDepth(CausalityInterfaceForComposites.java:765)
	at ptolemy.actor.util.CausalityInterfaceForComposites._computeInputDepth(CausalityInterfaceForComposites.java:696)
	at ptolemy.actor.util.CausalityInterfaceForComposites._computeOutputPortDepth(CausalityInterfaceForComposites.java:765)
	at ptolemy.actor.util.CausalityInterfaceForComposites._computeInputDepth(CausalityInterfaceForComposites.java:696)
	at ptolemy.actor.util.CausalityInterfaceForComposites._computeActorDepth(CausalityInterfaceForComposites.java:532)
	at ptolemy.actor.util.CausalityInterfaceForComposites.checkForCycles(CausalityInterfaceForComposites.java:96)
	at ptolemy.domains.de.kernel.DEDirector.preinitialize(DEDirector.java:1338)
	at ptolemy.actor.CompositeActor.preinitialize(CompositeActor.java:1828)
	at ptolemy.actor.Manager.preinitializeAndResolveTypes(Manager.java:1040)
	at ptolemy.actor.Manager.initialize(Manager.java:710)
	at ptolemy.actor.Manager.execute(Manager.java:356)
	at ptolemy.actor.Manager.run(Manager.java:1263)
	at ptolemy.actor.Manager$PtolemyRunThread.run(Manager.java:1933)
java.lang.RuntimeException: Execution failed
	at ptolemy.moml.MoMLSimpleApplication$UnloadThread.run(MoMLSimpleApplication.java:402)
Caused by: ptolemy.kernel.util.IllegalActionException: Found a zero delay loop containing .dependencyLoop2.original
  in .dependencyLoop2 and .dependencyLoop2.original
	at ptolemy.actor.util.CausalityInterfaceForComposites._computeOutputPortDepth(CausalityInterfaceForComposites.java:759)
	at ptolemy.actor.util.CausalityInterfaceForComposites._computeInputDepth(CausalityInterfaceForComposites.java:696)
	at ptolemy.actor.util.CausalityInterfaceForComposites._computeOutputPortDepth(CausalityInterfaceForComposites.java:765)
	at ptolemy.actor.util.CausalityInterfaceForComposites._computeInputDepth(CausalityInterfaceForComposites.java:696)
	at ptolemy.actor.util.CausalityInterfaceForComposites._computeOutputPortDepth(CausalityInterfaceForComposites.java:765)
	at ptolemy.actor.util.CausalityInterfaceForComposites._computeInputDepth(CausalityInterfaceForComposites.java:696)
	at ptolemy.actor.util.CausalityInterfaceForComposites._computeActorDepth(CausalityInterfaceForComposites.java:532)
	at ptolemy.actor.util.CausalityInterfaceForComposites.checkForCycles(CausalityInterfaceForComposites.java:96)
	at ptolemy.domains.de.kernel.DEDirector.preinitialize(DEDirector.java:1338)
	at ptolemy.actor.CompositeActor.preinitialize(CompositeActor.java:1828)
	at ptolemy.actor.Manager.preinitializeAndResolveTypes(Manager.java:1040)
	at ptolemy.actor.Manager.initialize(Manager.java:710)
	at ptolemy.actor.Manager.execute(Manager.java:356)
	at ptolemy.actor.Manager.run(Manager.java:1263)
	at ptolemy.actor.Manager$PtolemyRunThread.run(Manager.java:1933)
java.lang.reflect.InvocationTargetException
	at java.base/jdk.internal.reflect.NativeConstructorAccessorImpl.newInstance0(Native Method)
	at java.base/jdk.internal.reflect.NativeConstructorAccessorImpl.newInstance(NativeConstructorAccessorImpl.java:62)
	at java.base/jdk.internal.reflect.DelegatingConstructorAccessorImpl.newInstance(DelegatingConstructorAccessorImpl.java:45)
	at java.base/java.lang.reflect.Constructor.newInstance(Constructor.java:490)
	at ptolemy.util.test.junit.AutoKnownFailedTests.RunModel(AutoKnownFailedTests.java:105)
	at java.base/jdk.internal.reflect.NativeMethodAccessorImpl.invoke0(Native Method)
	at java.base/jdk.internal.reflect.NativeMethodAccessorImpl.invoke(NativeMethodAccessorImpl.java:62)
	at java.base/jdk.internal.reflect.DelegatingMethodAccessorImpl.invoke(DelegatingMethodAccessorImpl.java:43)
	at java.base/java.lang.reflect.Method.invoke(Method.java:566)
	at org.junit.runners.model.FrameworkMethod$1.runReflectiveCall(FrameworkMethod.java:44)
	at org.junit.internal.runners.model.ReflectiveCallable.run(ReflectiveCallable.java:15)
	at org.junit.runners.model.FrameworkMethod.invokeExplosively(FrameworkMethod.java:41)
	at junitparams.internal.InvokeParameterisedMethod.evaluate(InvokeParameterisedMethod.java:102)
	at org.junit.internal.runners.statements.FailOnTimeout$1.run(FailOnTimeout.java:28)
Caused by: ptolemy.kernel.util.IllegalActionException: Found a zero delay loop containing .dependencyLoop2.original
  in .dependencyLoop2 and .dependencyLoop2.original
	at ptolemy.actor.util.CausalityInterfaceForComposites._computeOutputPortDepth(CausalityInterfaceForComposites.java:759)
	at ptolemy.actor.util.CausalityInterfaceForComposites._computeInputDepth(CausalityInterfaceForComposites.java:696)
	at ptolemy.actor.util.CausalityInterfaceForComposites._computeOutputPortDepth(CausalityInterfaceForComposites.java:765)
	at ptolemy.actor.util.CausalityInterfaceForComposites._computeInputDepth(CausalityInterfaceForComposites.java:696)
	at ptolemy.actor.util.CausalityInterfaceForComposites._computeOutputPortDepth(CausalityInterfaceForComposites.java:765)
	at ptolemy.actor.util.CausalityInterfaceForComposites._computeInputDepth(CausalityInterfaceForComposites.java:696)
	at ptolemy.actor.util.CausalityInterfaceForComposites._computeActorDepth(CausalityInterfaceForComposites.java:532)
	at ptolemy.actor.util.CausalityInterfaceForComposites.checkForCycles(CausalityInterfaceForComposites.java:96)
	at ptolemy.domains.de.kernel.DEDirector.preinitialize(DEDirector.java:1338)
	at ptolemy.actor.CompositeActor.preinitialize(CompositeActor.java:1828)
	at ptolemy.actor.Manager.preinitializeAndResolveTypes(Manager.java:1040)
	at ptolemy.actor.Manager.initialize(Manager.java:710)
	at ptolemy.actor.Manager.execute(Manager.java:356)
	at ptolemy.actor.Manager.run(Manager.java:1263)
	at ptolemy.actor.Manager$PtolemyRunThread.run(Manager.java:1933)
]]></system-err>
</testsuite>
