<?xml version="1.0" encoding="UTF-8" ?>
<testsuite errors="0" failures="0" hostname="travis-job-30461151-07e5-4f3d-9e5c-ac86bba06c12" name="ptolemy.domains.de.test.junit.JUnitTclTest" skipped="0" tests="101" time="127.278" timestamp="2019-05-24T04:25:43">
  <properties>
[...]
</properties>
  <testcase classname="ptolemy.util.test.junit.TclTests" name="[0] /home/travis/build/icyphy/ptII/ptolemy/domains/de/test/DependencyLoop.tcl (RunTclFile)" time="0.766" />
  <testcase classname="ptolemy.util.test.junit.TclTests" name="[1] /home/travis/build/icyphy/ptII/ptolemy/domains/de/test/RunDETestsAsQSS.tcl (RunTclFile)" time="86.919" />
  <testcase classname="ptolemy.util.test.junit.AutoKnownFailedTests" name="[0] /home/travis/build/icyphy/ptII/ptolemy/domains/de/test/auto/knownFailedTests/DESDFClockTest.xml (RunModel)" time="2.045" />
  <testcase classname="ptolemy.util.test.junit.AutoKnownFailedTests" name="[1] /home/travis/build/icyphy/ptII/ptolemy/domains/de/test/auto/knownFailedTests/DirectFeedback.xml (RunModel)" time="0.02" />
  <testcase classname="ptolemy.util.test.junit.AutoKnownFailedTests" name="[2] /home/travis/build/icyphy/ptII/ptolemy/domains/de/test/auto/knownFailedTests/FSMSource.xml (RunModel)" time="0.018" />
  <testcase classname="ptolemy.util.test.junit.AutoKnownFailedTests" name="[3] /home/travis/build/icyphy/ptII/ptolemy/domains/de/test/auto/knownFailedTests/HierarchicalModel.xml (RunModel)" time="0.049" />
  <testcase classname="ptolemy.util.test.junit.AutoKnownFailedTests" name="[4] /home/travis/build/icyphy/ptII/ptolemy/domains/de/test/auto/knownFailedTests/dependencyLoop.xml (RunModel)" time="0.045" />
  <testcase classname="ptolemy.util.test.junit.AutoKnownFailedTests" name="[5] /home/travis/build/icyphy/ptII/ptolemy/domains/de/test/auto/knownFailedTests/dependencyLoop2.xml (RunModel)" time="0.045" />
  <testcase classname="ptolemy.util.test.junit.AutoNameArchTests" name="[0] ThereAreNoAutoArchTests (RunModel)" time="0.0" />
  <testcase classname="ptolemy.util.test.junit.AutoTests" name="[0] /home/travis/build/icyphy/ptII/ptolemy/domains/de/test/auto/ActorDepthCalculation_actorWithoutPorts.xml (RunModel)" time="0.018" />
  <testcase classname="ptolemy.util.test.junit.AutoTests" name="[1] /home/travis/build/icyphy/ptII/ptolemy/domains/de/test/auto/AssemblyLine.xml (RunModel)" time="0.019" />
  <testcase classname="ptolemy.util.test.junit.AutoTests" name="[2] /home/travis/build/icyphy/ptII/ptolemy/domains/de/test/auto/CQBug1.xml (RunModel)" time="0.009" />
  <testcase classname="ptolemy.util.test.junit.AutoTests" name="[3] /home/travis/build/icyphy/ptII/ptolemy/domains/de/test/auto/CancelFireAt.xml (RunModel)" time="0.012" />
  <testcase classname="ptolemy.util.test.junit.AutoTests" name="[4] /home/travis/build/icyphy/ptII/ptolemy/domains/de/test/auto/CausalityAndComposabilityAnalysis.xml (RunModel)" time="0.011" />
  <testcase classname="ptolemy.util.test.junit.AutoTests" name="[5] /home/travis/build/icyphy/ptII/ptolemy/domains/de/test/auto/CausalityInterface1.xml (RunModel)" time="0.012" />
  <testcase classname="ptolemy.util.test.junit.AutoTests" name="[6] /home/travis/build/icyphy/ptII/ptolemy/domains/de/test/auto/CausalityInterface15.xml (RunModel)" time="0.013" />
  <testcase classname="ptolemy.util.test.junit.AutoTests" name="[7] /home/travis/build/icyphy/ptII/ptolemy/domains/de/test/auto/CausalityInterface2.xml (RunModel)" time="0.012" />
  <testcase classname="ptolemy.util.test.junit.AutoTests" name="[8] /home/travis/build/icyphy/ptII/ptolemy/domains/de/test/auto/CausalityInterface3.xml (RunModel)" time="0.012" />
  <testcase classname="ptolemy.util.test.junit.AutoTests" name="[9] /home/travis/build/icyphy/ptII/ptolemy/domains/de/test/auto/ClockDrift.xml (RunModel)" time="0.033" />
  <testcase classname="ptolemy.util.test.junit.AutoTests" name="[10] /home/travis/build/icyphy/ptII/ptolemy/domains/de/test/auto/ClockDriftAndValueChange.xml (RunModel)" time="0.021" />
  <testcase classname="ptolemy.util.test.junit.AutoTests" name="[11] /home/travis/build/icyphy/ptII/ptolemy/domains/de/test/auto/ClockDriftChange.xml (RunModel)" time="0.018" />
  <testcase classname="ptolemy.util.test.junit.AutoTests" name="[12] /home/travis/build/icyphy/ptII/ptolemy/domains/de/test/auto/ComposableCausalityAnalysis.xml (RunModel)" time="0.018" />
  <testcase classname="ptolemy.util.test.junit.AutoTests" name="[13] /home/travis/build/icyphy/ptII/ptolemy/domains/de/test/auto/DEFixedPointLimitation.xml (RunModel)" time="0.01" />
  <testcase classname="ptolemy.util.test.junit.AutoTests" name="[14] /home/travis/build/icyphy/ptII/ptolemy/domains/de/test/auto/DEScheduleTest.xml (RunModel)" time="0.011" />
  <testcase classname="ptolemy.util.test.junit.AutoTests" name="[15] /home/travis/build/icyphy/ptII/ptolemy/domains/de/test/auto/DEinDEwithStartTimes.xml (RunModel)" time="0.014" />
  <testcase classname="ptolemy.util.test.junit.AutoTests" name="[16] /home/travis/build/icyphy/ptII/ptolemy/domains/de/test/auto/DEinDEwithStartTimes2.xml (RunModel)" time="0.014" />
  <testcase classname="ptolemy.util.test.junit.AutoTests" name="[17] /home/travis/build/icyphy/ptII/ptolemy/domains/de/test/auto/DateDemo.xml (RunModel)" time="0.027" />
  <testcase classname="ptolemy.util.test.junit.AutoTests" name="[18] /home/travis/build/icyphy/ptII/ptolemy/domains/de/test/auto/DateToEvent.xml (RunModel)" time="2.041" />
  <testcase classname="ptolemy.util.test.junit.AutoTests" name="[19] /home/travis/build/icyphy/ptII/ptolemy/domains/de/test/auto/DepthTest1.xml (RunModel)" time="0.008" />
  <testcase classname="ptolemy.util.test.junit.AutoTests" name="[20] /home/travis/build/icyphy/ptII/ptolemy/domains/de/test/auto/DepthTest2.xml (RunModel)" time="0.017" />
  <testcase classname="ptolemy.util.test.junit.AutoTests" name="[21] /home/travis/build/icyphy/ptII/ptolemy/domains/de/test/auto/DepthTest3.xml (RunModel)" time="0.008" />
  <testcase classname="ptolemy.util.test.junit.AutoTests" name="[22] /home/travis/build/icyphy/ptII/ptolemy/domains/de/test/auto/DepthTest4.xml (RunModel)" time="0.013" />
  <testcase classname="ptolemy.util.test.junit.AutoTests" name="[23] /home/travis/build/icyphy/ptII/ptolemy/domains/de/test/auto/DepthTest5.xml (RunModel)" time="0.014" />
  <testcase classname="ptolemy.util.test.junit.AutoTests" name="[24] /home/travis/build/icyphy/ptII/ptolemy/domains/de/test/auto/DepthTest6.xml (RunModel)" time="0.013" />
  <testcase classname="ptolemy.util.test.junit.AutoTests" name="[25] /home/travis/build/icyphy/ptII/ptolemy/domains/de/test/auto/DepthTest7.xml (RunModel)" time="0.012" />
  <testcase classname="ptolemy.util.test.junit.AutoTests" name="[26] /home/travis/build/icyphy/ptII/ptolemy/domains/de/test/auto/EventToDate.xml (RunModel)" time="3.031" />
  <testcase classname="ptolemy.util.test.junit.AutoTests" name="[27] /home/travis/build/icyphy/ptII/ptolemy/domains/de/test/auto/FSM1.xml (RunModel)" time="0.029" />
  <testcase classname="ptolemy.util.test.junit.AutoTests" name="[28] /home/travis/build/icyphy/ptII/ptolemy/domains/de/test/auto/FSM7.xml (RunModel)" time="0.032" />
  <testcase classname="ptolemy.util.test.junit.AutoTests" name="[29] /home/travis/build/icyphy/ptII/ptolemy/domains/de/test/auto/Inspection.xml (RunModel)" time="0.047" />
  <testcase classname="ptolemy.util.test.junit.AutoTests" name="[30] /home/travis/build/icyphy/ptII/ptolemy/domains/de/test/auto/Iteration.xml (RunModel)" time="0.018" />
  <testcase classname="ptolemy.util.test.junit.AutoTests" name="[31] /home/travis/build/icyphy/ptII/ptolemy/domains/de/test/auto/LineFault.xml (RunModel)" time="0.554" />
  <testcase classname="ptolemy.util.test.junit.AutoTests" name="[32] /home/travis/build/icyphy/ptII/ptolemy/domains/de/test/auto/MergeModel1Add.xml (RunModel)" time="0.04" />
  <testcase classname="ptolemy.util.test.junit.AutoTests" name="[33] /home/travis/build/icyphy/ptII/ptolemy/domains/de/test/auto/MergeModel2Add.xml (RunModel)" time="0.034" />
  <testcase classname="ptolemy.util.test.junit.AutoTests" name="[34] /home/travis/build/icyphy/ptII/ptolemy/domains/de/test/auto/MergeModel3Add.xml (RunModel)" time="0.034" />
  <testcase classname="ptolemy.util.test.junit.AutoTests" name="[35] /home/travis/build/icyphy/ptII/ptolemy/domains/de/test/auto/MergeWithoutDiscard.xml (RunModel)" time="0.009" />
  <testcase classname="ptolemy.util.test.junit.AutoTests" name="[36] /home/travis/build/icyphy/ptII/ptolemy/domains/de/test/auto/Modal1.xml (RunModel)" time="0.028" />
  <testcase classname="ptolemy.util.test.junit.AutoTests" name="[37] /home/travis/build/icyphy/ptII/ptolemy/domains/de/test/auto/Modal2.xml (RunModel)" time="0.027" />
  <testcase classname="ptolemy.util.test.junit.AutoTests" name="[38] /home/travis/build/icyphy/ptII/ptolemy/domains/de/test/auto/Modal3.xml (RunModel)" time="0.026" />
  <testcase classname="ptolemy.util.test.junit.AutoTests" name="[39] /home/travis/build/icyphy/ptII/ptolemy/domains/de/test/auto/Modal4.xml (RunModel)" time="0.028" />
  <testcase classname="ptolemy.util.test.junit.AutoTests" name="[40] /home/travis/build/icyphy/ptII/ptolemy/domains/de/test/auto/Modal5.xml (RunModel)" time="0.028" />
  <testcase classname="ptolemy.util.test.junit.AutoTests" name="[41] /home/travis/build/icyphy/ptII/ptolemy/domains/de/test/auto/Modal6.xml (RunModel)" time="0.025" />
  <testcase classname="ptolemy.util.test.junit.AutoTests" name="[42] /home/travis/build/icyphy/ptII/ptolemy/domains/de/test/auto/Modal7.xml (RunModel)" time="0.026" />
  <testcase classname="ptolemy.util.test.junit.AutoTests" name="[43] /home/travis/build/icyphy/ptII/ptolemy/domains/de/test/auto/ModalModel.xml (RunModel)" time="0.158" />
  <testcase classname="ptolemy.util.test.junit.AutoTests" name="[44] /home/travis/build/icyphy/ptII/ptolemy/domains/de/test/auto/ModalSource.xml (RunModel)" time="0.016" />
  <testcase classname="ptolemy.util.test.junit.AutoTests" name="[45] /home/travis/build/icyphy/ptII/ptolemy/domains/de/test/auto/NonInterruptibleTimerZeroDelay.xml (RunModel)" time="0.01" />
  <testcase classname="ptolemy.util.test.junit.AutoTests" name="[46] /home/travis/build/icyphy/ptII/ptolemy/domains/de/test/auto/OpenQueueingNetwork.xml (RunModel)" time="2.295" />
  <testcase classname="ptolemy.util.test.junit.AutoTests" name="[47] /home/travis/build/icyphy/ptII/ptolemy/domains/de/test/auto/OpenQueuingNetwork.xml (RunModel)" time="0.269" />
  <testcase classname="ptolemy.util.test.junit.AutoTests" name="[48] /home/travis/build/icyphy/ptII/ptolemy/domains/de/test/auto/PeriodicSampler.xml (RunModel)" time="0.011" />
  <testcase classname="ptolemy.util.test.junit.AutoTests" name="[49] /home/travis/build/icyphy/ptII/ptolemy/domains/de/test/auto/PersistentIO.xml (RunModel)" time="0.02" />
  <testcase classname="ptolemy.util.test.junit.AutoTests" name="[50] /home/travis/build/icyphy/ptII/ptolemy/domains/de/test/auto/PortParameterResetOnInitialize.xml (RunModel)" time="0.01" />
  <testcase classname="ptolemy.util.test.junit.AutoTests" name="[51] /home/travis/build/icyphy/ptII/ptolemy/domains/de/test/auto/PortParameterUpdates.xml (RunModel)" time="0.018" />
  <testcase classname="ptolemy.util.test.junit.AutoTests" name="[52] /home/travis/build/icyphy/ptII/ptolemy/domains/de/test/auto/QueueAndServer.xml (RunModel)" time="0.021" />
  <testcase classname="ptolemy.util.test.junit.AutoTests" name="[53] /home/travis/build/icyphy/ptII/ptolemy/domains/de/test/auto/Records.xml (RunModel)" time="0.014" />
  <testcase classname="ptolemy.util.test.junit.AutoTests" name="[54] /home/travis/build/icyphy/ptII/ptolemy/domains/de/test/auto/ResetTransitionWithStartTime1.xml (RunModel)" time="0.018" />
  <testcase classname="ptolemy.util.test.junit.AutoTests" name="[55] /home/travis/build/icyphy/ptII/ptolemy/domains/de/test/auto/ResetTransitionWithStartTime2.xml (RunModel)" time="0.017" />
  <testcase classname="ptolemy.util.test.junit.AutoTests" name="[56] /home/travis/build/icyphy/ptII/ptolemy/domains/de/test/auto/ResetTransitionWithStartTime3.xml (RunModel)" time="0.018" />
  <testcase classname="ptolemy.util.test.junit.AutoTests" name="[57] /home/travis/build/icyphy/ptII/ptolemy/domains/de/test/auto/ResetTransitionWithStartTime4.xml (RunModel)" time="0.018" />
  <testcase classname="ptolemy.util.test.junit.AutoTests" name="[58] /home/travis/build/icyphy/ptII/ptolemy/domains/de/test/auto/ResettableTimer1.xml (RunModel)" time="0.011" />
  <testcase classname="ptolemy.util.test.junit.AutoTests" name="[59] /home/travis/build/icyphy/ptII/ptolemy/domains/de/test/auto/ResettableTimer2.xml (RunModel)" time="0.01" />
  <testcase classname="ptolemy.util.test.junit.AutoTests" name="[60] /home/travis/build/icyphy/ptII/ptolemy/domains/de/test/auto/ResettableTimer3.xml (RunModel)" time="0.008" />
  <testcase classname="ptolemy.util.test.junit.AutoTests" name="[61] /home/travis/build/icyphy/ptII/ptolemy/domains/de/test/auto/ResettableTimer4.xml (RunModel)" time="0.009" />
  <testcase classname="ptolemy.util.test.junit.AutoTests" name="[62] /home/travis/build/icyphy/ptII/ptolemy/domains/de/test/auto/ResettableTimer5.xml (RunModel)" time="0.01" />
  <testcase classname="ptolemy.util.test.junit.AutoTests" name="[63] /home/travis/build/icyphy/ptII/ptolemy/domains/de/test/auto/ResettableTimer6.xml (RunModel)" time="0.01" />
  <testcase classname="ptolemy.util.test.junit.AutoTests" name="[64] /home/travis/build/icyphy/ptII/ptolemy/domains/de/test/auto/ServerZeroDelay.xml (RunModel)" time="0.01" />
  <testcase classname="ptolemy.util.test.junit.AutoTests" name="[65] /home/travis/build/icyphy/ptII/ptolemy/domains/de/test/auto/SmartSender.xml (RunModel)" time="3.008" />
  <testcase classname="ptolemy.util.test.junit.AutoTests" name="[66] /home/travis/build/icyphy/ptII/ptolemy/domains/de/test/auto/ThreadedComposite.xml (RunModel)" time="0.155" />
  <testcase classname="ptolemy.util.test.junit.AutoTests" name="[67] /home/travis/build/icyphy/ptII/ptolemy/domains/de/test/auto/Time.xml (RunModel)" time="0.415" />
  <testcase classname="ptolemy.util.test.junit.AutoTests" name="[68] /home/travis/build/icyphy/ptII/ptolemy/domains/de/test/auto/TimeDelayZeroDelay.xml (RunModel)" time="0.011" />
  <testcase classname="ptolemy.util.test.junit.AutoTests" name="[69] /home/travis/build/icyphy/ptII/ptolemy/domains/de/test/auto/TimerZeroDelay.xml (RunModel)" time="0.012" />
  <testcase classname="ptolemy.util.test.junit.AutoTests" name="[70] /home/travis/build/icyphy/ptII/ptolemy/domains/de/test/auto/TimingParadox.xml (RunModel)" time="0.356" />
  <testcase classname="ptolemy.util.test.junit.AutoTests" name="[71] /home/travis/build/icyphy/ptII/ptolemy/domains/de/test/auto/TransferInputs.xml (RunModel)" time="0.018" />
  <testcase classname="ptolemy.util.test.junit.AutoTests" name="[72] /home/travis/build/icyphy/ptII/ptolemy/domains/de/test/auto/TransferOutputs2.xml (RunModel)" time="0.016" />
  <testcase classname="ptolemy.util.test.junit.AutoTests" name="[73] /home/travis/build/icyphy/ptII/ptolemy/domains/de/test/auto/Trilateration.xml (RunModel)" time="11.289" />
  <testcase classname="ptolemy.util.test.junit.AutoTests" name="[74] /home/travis/build/icyphy/ptII/ptolemy/domains/de/test/auto/TwoSigmaDelta.xml (RunModel)" time="2.148" />
  <testcase classname="ptolemy.util.test.junit.AutoTests" name="[75] /home/travis/build/icyphy/ptII/ptolemy/domains/de/test/auto/VariableDelay.xml (RunModel)" time="0.018" />
  <testcase classname="ptolemy.util.test.junit.AutoTests" name="[76] /home/travis/build/icyphy/ptII/ptolemy/domains/de/test/auto/VariableDelay2.xml (RunModel)" time="0.009" />
  <testcase classname="ptolemy.util.test.junit.AutoTests" name="[77] /home/travis/build/icyphy/ptII/ptolemy/domains/de/test/auto/VariableDelayZeroDelay.xml (RunModel)" time="0.011" />
  <testcase classname="ptolemy.util.test.junit.AutoTests" name="[78] /home/travis/build/icyphy/ptII/ptolemy/domains/de/test/auto/VariableDelayZeroDelay2.xml (RunModel)" time="0.01" />
  <testcase classname="ptolemy.util.test.junit.AutoTests" name="[79] /home/travis/build/icyphy/ptII/ptolemy/domains/de/test/auto/deInCt.xml (RunModel)" time="0.014" />
  <testcase classname="ptolemy.util.test.junit.AutoTests" name="[80] /home/travis/build/icyphy/ptII/ptolemy/domains/de/test/auto/deInCt2.xml (RunModel)" time="0.013" />
  <testcase classname="ptolemy.util.test.junit.AutoTests" name="[81] /home/travis/build/icyphy/ptII/ptolemy/domains/de/test/auto/dynamicCausalityInterface1.xml (RunModel)" time="0.025" />
  <testcase classname="ptolemy.util.test.junit.AutoTests" name="[82] /home/travis/build/icyphy/ptII/ptolemy/domains/de/test/auto/fsm_de_test.xml (RunModel)" time="0.031" />
  <testcase classname="ptolemy.util.test.junit.AutoTests" name="[83] /home/travis/build/icyphy/ptII/ptolemy/domains/de/test/auto/functionDependencyReconstruction.xml (RunModel)" time="0.038" />
  <testcase classname="ptolemy.util.test.junit.AutoTests" name="[84] /home/travis/build/icyphy/ptII/ptolemy/domains/de/test/auto/multirate.xml (RunModel)" time="0.015" />
  <testcase classname="ptolemy.util.test.junit.AutoTests" name="[85] /home/travis/build/icyphy/ptII/ptolemy/domains/de/test/auto/multirate2.xml (RunModel)" time="0.015" />
  <testcase classname="ptolemy.util.test.junit.AutoTests" name="[86] /home/travis/build/icyphy/ptII/ptolemy/domains/de/test/auto/realtime.xml (RunModel)" time="10.01" />
  <testcase classname="ptolemy.util.test.junit.AutoTests" name="[87] /home/travis/build/icyphy/ptII/ptolemy/domains/de/test/auto/relationGroup.xml (RunModel)" time="0.009" />
  <testcase classname="ptolemy.util.test.junit.AutoTests" name="[88] /home/travis/build/icyphy/ptII/ptolemy/domains/de/test/auto/relationGroup2.xml (RunModel)" time="0.007" />
  <testcase classname="ptolemy.util.test.junit.AutoTests" name="[89] /home/travis/build/icyphy/ptII/ptolemy/domains/de/test/auto/sortWithOpaquePorts.xml (RunModel)" time="0.009" />
  <testcase classname="ptolemy.util.test.junit.AutoTests" name="[90] /home/travis/build/icyphy/ptII/ptolemy/domains/de/test/auto/transferInputsandOutputs.xml (RunModel)" time="0.015" />
  <testcase classname="ptolemy.util.test.junit.AutoTests" name="[91] /home/travis/build/icyphy/ptII/ptolemy/domains/de/test/auto/triggerType.xml (RunModel)" time="0.008" />
  <system-out><![CDATA[/home/travis/build/icyphy/ptII/ptolemy/domains/de/test/DependencyLoop.tcl
testDefs.tcl: setting time out to 9000 seconds at Fri May 24 04:25:43 UTC 2019
14 ms. Memory: 116224K Free: 97524K (84%)
19 ms. Memory: 146944K Free: 141142K (96%)
/home/travis/build/icyphy/ptII/ptolemy/domains/de/test/RunDETestsAsQSS.tcl
Run the DE tests using ptolemy.domains.qss.test.QSSDirectorTest, which extends QSSDirector and prints a message in the constructors.
------------------ testing $PTII/ptolemy/domains/de/test/auto/knownFailedTests/dependencyLoop.xml (Known Failure) 
12 ms. Memory: 146944K Free: 136895K (93%)


==== $PTIIhome/travis/build/icyphy/ptII/ptolemy/domains/de/test/../../../../: Auto Automatic test in file $PTII/ptolemy/domains/de/test/auto/knownFailedTests/dependencyLoop.xml
==== Contents of test case:

	    # FIXME: we should use $relativeFilename here, but it
	    # might have backslashes under Windows, which causes no end
	    # of trouble.
	    createAndExecute $file
	    list {}
	
.... Test generated KNOWN error:
    while executing
ptolemy.kernel.util.IllegalActionException: Found a zero delay loop containing .dependencyLoop.original
  in .dependencyLoop and .dependencyLoop.original
	at ptolemy.actor.util.CausalityInterfaceForComposites._computeOutputPortDepth(CausalityInterfaceForComposites.java:759)
	at ptolemy.actor.util.CausalityInterfaceForComposites._computeInputDepth(CausalityInterfaceForComposites.java:696)
	at ptolemy.actor.util.CausalityInterfaceForComposites._computeOutputPortDepth(CausalityInterfaceForComposites.java:765)
	at ptolemy.actor.util.CausalityInterfaceForComposites._computeInputDepth(CausalityInterfaceForComposites.java:696)
	at ptolemy.actor.util.CausalityInterfaceForComposites._computeOutputPortDepth(CausalityInterfaceForComposites.java:765)
	at ptolemy.actor.util.CausalityInterfaceForComposites._computeInputDepth(CausalityInterfaceForComposites.java:696)
	at ptolemy.actor.util.CausalityInterfaceForComposites._computeActorDepth(CausalityInterfaceForComposites.java:532)
	at ptolemy.actor.util.CausalityInterfaceForComposites.checkForCycles(CausalityInterfaceForComposites.java:96)
	at ptolemy.domains.de.kernel.DEDirector.preinitialize(DEDirector.java:1338)
	at ptolemy.actor.CompositeActor.preinitialize(CompositeActor.java:1828)
	at ptolemy.actor.Manager.preinitializeAndResolveTypes(Manager.java:1040)
	at ptolemy.actor.Manager.initialize(Manager.java:710)
	at ptolemy.actor.Manager.execute(Manager.java:356)
	at ptolemy.actor.Manager.run(Manager.java:1263)
	at ptolemy.actor.Manager$PtolemyRunThread.run(Manager.java:1915)

    while executing
ptolemy.kernel.util.IllegalActionException: Found a zero delay loop containing .dependencyLoop.original
  in .dependencyLoop and .dependencyLoop.original
    while executing
"java::new ptolemy.moml.MoMLSimpleApplication $file
"
    (procedure "createAndExecute" line 2)
    invoked from within
"createAndExecute $file"
    ("uplevel" body line 5)
    invoked from within
"uplevel $contents_of_test"
------------------ testing $PTII/ptolemy/domains/de/test/auto/knownFailedTests/DESDFClockTest.xml (Known Failure) 
2052 ms. Memory: 146944K Free: 121303K (83%)


==== $PTIIhome/travis/build/icyphy/ptII/ptolemy/domains/de/test/../../../../: Auto Automatic test in file $PTII/ptolemy/domains/de/test/auto/knownFailedTests/DESDFClockTest.xml
==== Contents of test case:

	    # FIXME: we should use $relativeFilename here, but it
	    # might have backslashes under Windows, which causes no end
	    # of trouble.
	    createAndExecute $file
	    list {}
	
.... Test generated KNOWN error:
    while executing
ptolemy.kernel.util.IllegalActionException: Actor is not ready to fire.  Perhaps UpSample.prefire() returned false? Try debugging the actor by selecting "Listen to Actor".  Also, for SDF check moml for tokenConsumptionRate on input.
  in .DESDFClockTest.Play Bell.Copy1:SDF Director and .DESDFClockTest.Play Bell.UpSample
	at ptolemy.actor.sched.StaticSchedulingDirector.fire(StaticSchedulingDirector.java:227)
	at ptolemy.domains.sdf.kernel.SDFDirector.fire(SDFDirector.java:500)
	at ptolemy.actor.CompositeActor.fire(CompositeActor.java:455)
	at ptolemy.domains.de.kernel.DEDirector._fire(DEDirector.java:1949)
	at ptolemy.domains.de.kernel.DEDirector.fire(DEDirector.java:502)
	at ptolemy.actor.CompositeActor.fire(CompositeActor.java:455)
	at ptolemy.actor.Manager.iterate(Manager.java:851)
	at ptolemy.actor.Manager.execute(Manager.java:369)
	at ptolemy.actor.Manager.run(Manager.java:1263)
	at ptolemy.actor.Manager$PtolemyRunThread.run(Manager.java:1915)

    while executing
ptolemy.kernel.util.IllegalActionException: Actor is not ready to fire.  Perhaps UpSample.prefire() returned false? Try debugging the actor by selecting "Listen to Actor".  Also, for SDF check moml for tokenConsumptionRate on input.
  in .DESDFClockTest.Play Bell.Copy1:SDF Director and .DESDFClockTest.Play Bell.UpSample
    while executing
"java::new ptolemy.moml.MoMLSimpleApplication $file
"
    (procedure "createAndExecute" line 2)
    invoked from within
"createAndExecute $file"
    ("uplevel" body line 5)
    invoked from within
"uplevel $contents_of_test"
------------------ testing $PTII/ptolemy/domains/de/test/auto/knownFailedTests/FSMSource.xml (Known Failure) 
45 ms. Memory: 146944K Free: 112429K (77%)
!!!! Auto was marked as failing, but now passes
------------------ testing $PTII/ptolemy/domains/de/test/auto/knownFailedTests/dependencyLoop2.xml (Known Failure) 
10 ms. Memory: 146944K Free: 110546K (75%)


==== $PTIIhome/travis/build/icyphy/ptII/ptolemy/domains/de/test/../../../../: Auto Automatic test in file $PTII/ptolemy/domains/de/test/auto/knownFailedTests/dependencyLoop2.xml
==== Contents of test case:

	    # FIXME: we should use $relativeFilename here, but it
	    # might have backslashes under Windows, which causes no end
	    # of trouble.
	    createAndExecute $file
	    list {}
	
.... Test generated KNOWN error:
    while executing
ptolemy.kernel.util.IllegalActionException: Found a zero delay loop containing .dependencyLoop2.original
  in .dependencyLoop2 and .dependencyLoop2.original
	at ptolemy.actor.util.CausalityInterfaceForComposites._computeOutputPortDepth(CausalityInterfaceForComposites.java:759)
	at ptolemy.actor.util.CausalityInterfaceForComposites._computeInputDepth(CausalityInterfaceForComposites.java:696)
	at ptolemy.actor.util.CausalityInterfaceForComposites._computeOutputPortDepth(CausalityInterfaceForComposites.java:765)
	at ptolemy.actor.util.CausalityInterfaceForComposites._computeInputDepth(CausalityInterfaceForComposites.java:696)
	at ptolemy.actor.util.CausalityInterfaceForComposites._computeOutputPortDepth(CausalityInterfaceForComposites.java:765)
	at ptolemy.actor.util.CausalityInterfaceForComposites._computeInputDepth(CausalityInterfaceForComposites.java:696)
	at ptolemy.actor.util.CausalityInterfaceForComposites._computeActorDepth(CausalityInterfaceForComposites.java:532)
	at ptolemy.actor.util.CausalityInterfaceForComposites.checkForCycles(CausalityInterfaceForComposites.java:96)
	at ptolemy.domains.de.kernel.DEDirector.preinitialize(DEDirector.java:1338)
	at ptolemy.actor.CompositeActor.preinitialize(CompositeActor.java:1828)
	at ptolemy.actor.Manager.preinitializeAndResolveTypes(Manager.java:1040)
	at ptolemy.actor.Manager.initialize(Manager.java:710)
	at ptolemy.actor.Manager.execute(Manager.java:356)
	at ptolemy.actor.Manager.run(Manager.java:1263)
	at ptolemy.actor.Manager$PtolemyRunThread.run(Manager.java:1915)

    while executing
ptolemy.kernel.util.IllegalActionException: Found a zero delay loop containing .dependencyLoop2.original
  in .dependencyLoop2 and .dependencyLoop2.original
    while executing
"java::new ptolemy.moml.MoMLSimpleApplication $file
"
    (procedure "createAndExecute" line 2)
    invoked from within
"createAndExecute $file"
    ("uplevel" body line 5)
    invoked from within
"uplevel $contents_of_test"
------------------ testing $PTII/ptolemy/domains/de/test/auto/knownFailedTests/HierarchicalModel.xml (Known Failure) 
5 ms. Memory: 146944K Free: 90420K (62%)


==== $PTIIhome/travis/build/icyphy/ptII/ptolemy/domains/de/test/../../../../: Auto Automatic test in file $PTII/ptolemy/domains/de/test/auto/knownFailedTests/HierarchicalModel.xml
==== Contents of test case:

	    # FIXME: we should use $relativeFilename here, but it
	    # might have backslashes under Windows, which causes no end
	    # of trouble.
	    createAndExecute $file
	    list {}
	
.... Test generated KNOWN error:
    while executing
ptolemy.kernel.util.IllegalActionException: Found a zero delay loop containing .HierarchicalModel.A
  in .HierarchicalModel and .HierarchicalModel.A
	at ptolemy.actor.util.CausalityInterfaceForComposites._computeOutputPortDepth(CausalityInterfaceForComposites.java:759)
	at ptolemy.actor.util.CausalityInterfaceForComposites._computeInputDepth(CausalityInterfaceForComposites.java:696)
	at ptolemy.actor.util.CausalityInterfaceForComposites._computeOutputPortDepth(CausalityInterfaceForComposites.java:765)
	at ptolemy.actor.util.CausalityInterfaceForComposites._computeInputDepth(CausalityInterfaceForComposites.java:696)
	at ptolemy.actor.util.CausalityInterfaceForComposites._computeOutputPortDepth(CausalityInterfaceForComposites.java:765)
	at ptolemy.actor.util.CausalityInterfaceForComposites._computeInputDepth(CausalityInterfaceForComposites.java:696)
	at ptolemy.actor.util.CausalityInterfaceForComposites._computeActorDepth(CausalityInterfaceForComposites.java:532)
	at ptolemy.actor.util.CausalityInterfaceForComposites.checkForCycles(CausalityInterfaceForComposites.java:96)
	at ptolemy.domains.de.kernel.DEDirector.preinitialize(DEDirector.java:1338)
	at ptolemy.actor.CompositeActor.preinitialize(CompositeActor.java:1828)
	at ptolemy.actor.Manager.preinitializeAndResolveTypes(Manager.java:1040)
	at ptolemy.actor.Manager.initialize(Manager.java:710)
	at ptolemy.actor.Manager.execute(Manager.java:356)
	at ptolemy.actor.Manager.run(Manager.java:1263)
	at ptolemy.actor.Manager$PtolemyRunThread.run(Manager.java:1915)

    while executing
ptolemy.kernel.util.IllegalActionException: Found a zero delay loop containing .HierarchicalModel.A
  in .HierarchicalModel and .HierarchicalModel.A
    while executing
"java::new ptolemy.moml.MoMLSimpleApplication $file
"
    (procedure "createAndExecute" line 2)
    invoked from within
"createAndExecute $file"
    ("uplevel" body line 5)
    invoked from within
"uplevel $contents_of_test"
------------------ testing $PTII/ptolemy/domains/de/test/auto/knownFailedTests/DirectFeedback.xml (Known Failure) 
6 ms. Memory: 146944K Free: 86307K (59%)


==== $PTIIhome/travis/build/icyphy/ptII/ptolemy/domains/de/test/../../../../: Auto Automatic test in file $PTII/ptolemy/domains/de/test/auto/knownFailedTests/DirectFeedback.xml
==== Contents of test case:

	    # FIXME: we should use $relativeFilename here, but it
	    # might have backslashes under Windows, which causes no end
	    # of trouble.
	    createAndExecute $file
	    list {}
	
.... Test generated KNOWN error:
    while executing
ptolemy.kernel.util.IllegalActionException: Test fails in iteration 1.
Value was: 1.0. Should have been: 2.0
  in .DirectFeedback.Test
	at ptolemy.actor.lib.Test.fire(Test.java:268)
	at ptolemy.domains.de.kernel.DEDirector._fire(DEDirector.java:1949)
	at ptolemy.domains.de.kernel.DEDirector.fire(DEDirector.java:502)
	at ptolemy.actor.CompositeActor.fire(CompositeActor.java:455)
	at ptolemy.actor.Manager.iterate(Manager.java:851)
	at ptolemy.actor.Manager.execute(Manager.java:369)
	at ptolemy.actor.Manager.run(Manager.java:1263)
	at ptolemy.actor.Manager$PtolemyRunThread.run(Manager.java:1915)

    while executing
ptolemy.kernel.util.IllegalActionException: Test fails in iteration 1.
Value was: 1.0. Should have been: 2.0
  in .DirectFeedback.Test
    while executing
"java::new ptolemy.moml.MoMLSimpleApplication $file
"
    (procedure "createAndExecute" line 2)
    invoked from within
"createAndExecute $file"
    ("uplevel" body line 5)
    invoked from within
"uplevel $contents_of_test"
------------------ testing $PTII/ptolemy/domains/de/test/auto/ActorDepthCalculation_actorWithoutPorts.xml
auto.tcl: Setting watchdog for 200 seconds at Fri May 24 04:25:47 UTC 2019
8 ms. Memory: 146944K Free: 138706K (94%)
ptolemy.util.test.WatchDog.cancel(): canceling Fri May 24 04:25:47 UTC 2019
auto.tcl: Setting watchdog for 200 seconds at Fri May 24 04:25:47 UTC 2019
4 ms. Memory: 146944K Free: 137686K (94%)
ptolemy.util.test.WatchDog.cancel(): canceling Fri May 24 04:25:47 UTC 2019
------------------ testing $PTII/ptolemy/domains/de/test/auto/AssemblyLine.xml
auto.tcl: Setting watchdog for 200 seconds at Fri May 24 04:25:47 UTC 2019
40 ms. Memory: 208384K Free: 183404K (88%)
ptolemy.util.test.WatchDog.cancel(): canceling Fri May 24 04:25:47 UTC 2019
auto.tcl: Setting watchdog for 200 seconds at Fri May 24 04:25:47 UTC 2019
15 ms. Memory: 208384K Free: 183404K (88%)
ptolemy.util.test.WatchDog.cancel(): canceling Fri May 24 04:25:47 UTC 2019
------------------ testing $PTII/ptolemy/domains/de/test/auto/CQBug1.xml
auto.tcl: Setting watchdog for 200 seconds at Fri May 24 04:25:48 UTC 2019
8 ms. Memory: 208384K Free: 197909K (95%)
ptolemy.util.test.WatchDog.cancel(): canceling Fri May 24 04:25:48 UTC 2019
auto.tcl: Setting watchdog for 200 seconds at Fri May 24 04:25:48 UTC 2019
2 ms. Memory: 208384K Free: 197909K (95%)
ptolemy.util.test.WatchDog.cancel(): canceling Fri May 24 04:25:48 UTC 2019
------------------ testing $PTII/ptolemy/domains/de/test/auto/CancelFireAt.xml
auto.tcl: Setting watchdog for 200 seconds at Fri May 24 04:25:48 UTC 2019
11 ms. Memory: 208384K Free: 201050K (96%)
ptolemy.util.test.WatchDog.cancel(): canceling Fri May 24 04:25:48 UTC 2019
auto.tcl: Setting watchdog for 200 seconds at Fri May 24 04:25:48 UTC 2019
6 ms. Memory: 208384K Free: 199010K (96%)
ptolemy.util.test.WatchDog.cancel(): canceling Fri May 24 04:25:48 UTC 2019
------------------ testing $PTII/ptolemy/domains/de/test/auto/CausalityAndComposabilityAnalysis.xml
auto.tcl: Setting watchdog for 200 seconds at Fri May 24 04:25:48 UTC 2019
8 ms. Memory: 208384K Free: 198607K (95%)
ptolemy.util.test.WatchDog.cancel(): canceling Fri May 24 04:25:48 UTC 2019
auto.tcl: Setting watchdog for 200 seconds at Fri May 24 04:25:48 UTC 2019
7 ms. Memory: 208384K Free: 196567K (94%)
ptolemy.util.test.WatchDog.cancel(): canceling Fri May 24 04:25:48 UTC 2019
------------------ testing $PTII/ptolemy/domains/de/test/auto/CausalityInterface1.xml
auto.tcl: Setting watchdog for 200 seconds at Fri May 24 04:25:48 UTC 2019
18 ms. Memory: 208384K Free: 196504K (94%)
ptolemy.util.test.WatchDog.cancel(): canceling Fri May 24 04:25:48 UTC 2019
auto.tcl: Setting watchdog for 200 seconds at Fri May 24 04:25:48 UTC 2019
4 ms. Memory: 208384K Free: 196504K (94%)
ptolemy.util.test.WatchDog.cancel(): canceling Fri May 24 04:25:48 UTC 2019
------------------ testing $PTII/ptolemy/domains/de/test/auto/CausalityInterface15.xml
auto.tcl: Setting watchdog for 200 seconds at Fri May 24 04:25:48 UTC 2019
5 ms. Memory: 208384K Free: 196463K (94%)
ptolemy.util.test.WatchDog.cancel(): canceling Fri May 24 04:25:48 UTC 2019
auto.tcl: Setting watchdog for 200 seconds at Fri May 24 04:25:48 UTC 2019
4 ms. Memory: 208384K Free: 196463K (94%)
ptolemy.util.test.WatchDog.cancel(): canceling Fri May 24 04:25:48 UTC 2019
------------------ testing $PTII/ptolemy/domains/de/test/auto/CausalityInterface2.xml
auto.tcl: Setting watchdog for 200 seconds at Fri May 24 04:25:48 UTC 2019
8 ms. Memory: 208384K Free: 196479K (94%)
ptolemy.util.test.WatchDog.cancel(): canceling Fri May 24 04:25:48 UTC 2019
auto.tcl: Setting watchdog for 200 seconds at Fri May 24 04:25:48 UTC 2019
5 ms. Memory: 208384K Free: 196479K (94%)
ptolemy.util.test.WatchDog.cancel(): canceling Fri May 24 04:25:48 UTC 2019
------------------ testing $PTII/ptolemy/domains/de/test/auto/CausalityInterface3.xml
auto.tcl: Setting watchdog for 200 seconds at Fri May 24 04:25:48 UTC 2019
7 ms. Memory: 208384K Free: 196492K (94%)
ptolemy.util.test.WatchDog.cancel(): canceling Fri May 24 04:25:48 UTC 2019
auto.tcl: Setting watchdog for 200 seconds at Fri May 24 04:25:48 UTC 2019
8 ms. Memory: 208384K Free: 196492K (94%)
ptolemy.util.test.WatchDog.cancel(): canceling Fri May 24 04:25:48 UTC 2019
------------------ testing $PTII/ptolemy/domains/de/test/auto/ClockDrift.xml
auto.tcl: Setting watchdog for 200 seconds at Fri May 24 04:25:48 UTC 2019
95 ms. Memory: 208384K Free: 187902K (90%)
ptolemy.util.test.WatchDog.cancel(): canceling Fri May 24 04:25:48 UTC 2019
auto.tcl: Setting watchdog for 200 seconds at Fri May 24 04:25:48 UTC 2019
64 ms. Memory: 208384K Free: 185862K (89%)
ptolemy.util.test.WatchDog.cancel(): canceling Fri May 24 04:25:49 UTC 2019
------------------ testing $PTII/ptolemy/domains/de/test/auto/ClockDriftAndValueChange.xml
auto.tcl: Setting watchdog for 200 seconds at Fri May 24 04:25:49 UTC 2019
42 ms. Memory: 208384K Free: 187736K (90%)
ptolemy.util.test.WatchDog.cancel(): canceling Fri May 24 04:25:49 UTC 2019
auto.tcl: Setting watchdog for 200 seconds at Fri May 24 04:25:49 UTC 2019
30 ms. Memory: 208384K Free: 185696K (89%)
ptolemy.util.test.WatchDog.cancel(): canceling Fri May 24 04:25:49 UTC 2019
------------------ testing $PTII/ptolemy/domains/de/test/auto/ClockDriftChange.xml
auto.tcl: Setting watchdog for 200 seconds at Fri May 24 04:25:49 UTC 2019
21 ms. Memory: 208384K Free: 190998K (92%)
ptolemy.util.test.WatchDog.cancel(): canceling Fri May 24 04:25:49 UTC 2019
auto.tcl: Setting watchdog for 200 seconds at Fri May 24 04:25:49 UTC 2019
24 ms. Memory: 208384K Free: 188957K (91%)
ptolemy.util.test.WatchDog.cancel(): canceling Fri May 24 04:25:49 UTC 2019
------------------ testing $PTII/ptolemy/domains/de/test/auto/ComposableCausalityAnalysis.xml
auto.tcl: Setting watchdog for 200 seconds at Fri May 24 04:25:49 UTC 2019
2 ms. Memory: 208384K Free: 196346K (94%)
ptolemy.util.test.WatchDog.cancel(): canceling Fri May 24 04:25:49 UTC 2019
auto.tcl: Setting watchdog for 200 seconds at Fri May 24 04:25:49 UTC 2019
2 ms. Memory: 208384K Free: 194306K (93%)
ptolemy.util.test.WatchDog.cancel(): canceling Fri May 24 04:25:49 UTC 2019
------------------ testing $PTII/ptolemy/domains/de/test/auto/DEFixedPointLimitation.xml
auto.tcl: Setting watchdog for 200 seconds at Fri May 24 04:25:49 UTC 2019
2 ms. Memory: 208384K Free: 198467K (95%)
ptolemy.util.test.WatchDog.cancel(): canceling Fri May 24 04:25:49 UTC 2019
auto.tcl: Setting watchdog for 200 seconds at Fri May 24 04:25:49 UTC 2019
1 ms. Memory: 208384K Free: 196427K (94%)
ptolemy.util.test.WatchDog.cancel(): canceling Fri May 24 04:25:49 UTC 2019
------------------ testing $PTII/ptolemy/domains/de/test/auto/DEScheduleTest.xml
auto.tcl: Setting watchdog for 200 seconds at Fri May 24 04:25:49 UTC 2019
4 ms. Memory: 208384K Free: 199022K (96%)
ptolemy.util.test.WatchDog.cancel(): canceling Fri May 24 04:25:49 UTC 2019
auto.tcl: Setting watchdog for 200 seconds at Fri May 24 04:25:49 UTC 2019
6 ms. Memory: 208384K Free: 196463K (94%)
ptolemy.util.test.WatchDog.cancel(): canceling Fri May 24 04:25:49 UTC 2019
------------------ testing $PTII/ptolemy/domains/de/test/auto/DEinDEwithStartTimes.xml
auto.tcl: Setting watchdog for 200 seconds at Fri May 24 04:25:49 UTC 2019
4 ms. Memory: 208384K Free: 196432K (94%)
ptolemy.util.test.WatchDog.cancel(): canceling Fri May 24 04:25:49 UTC 2019
auto.tcl: Setting watchdog for 200 seconds at Fri May 24 04:25:49 UTC 2019
4 ms. Memory: 208384K Free: 196432K (94%)
ptolemy.util.test.WatchDog.cancel(): canceling Fri May 24 04:25:49 UTC 2019
------------------ testing $PTII/ptolemy/domains/de/test/auto/DEinDEwithStartTimes2.xml
auto.tcl: Setting watchdog for 200 seconds at Fri May 24 04:25:49 UTC 2019
4 ms. Memory: 208384K Free: 196932K (95%)
ptolemy.util.test.WatchDog.cancel(): canceling Fri May 24 04:25:49 UTC 2019
auto.tcl: Setting watchdog for 200 seconds at Fri May 24 04:25:49 UTC 2019
5 ms. Memory: 208384K Free: 194372K (93%)
ptolemy.util.test.WatchDog.cancel(): canceling Fri May 24 04:25:49 UTC 2019
------------------ testing $PTII/ptolemy/domains/de/test/auto/DateDemo.xml
auto.tcl: Setting watchdog for 200 seconds at Fri May 24 04:25:49 UTC 2019
15 ms. Memory: 208384K Free: 189021K (91%)
ptolemy.util.test.WatchDog.cancel(): canceling Fri May 24 04:25:49 UTC 2019
auto.tcl: Setting watchdog for 200 seconds at Fri May 24 04:25:49 UTC 2019
8 ms. Memory: 208384K Free: 186981K (90%)
ptolemy.util.test.WatchDog.cancel(): canceling Fri May 24 04:25:49 UTC 2019
------------------ testing $PTII/ptolemy/domains/de/test/auto/DateToEvent.xml
auto.tcl: Setting watchdog for 200 seconds at Fri May 24 04:25:49 UTC 2019
2010 ms. Memory: 208384K Free: 183906K (88%)
ptolemy.util.test.WatchDog.cancel(): canceling Fri May 24 04:25:52 UTC 2019
auto.tcl: Setting watchdog for 200 seconds at Fri May 24 04:25:52 UTC 2019
2005 ms. Memory: 208384K Free: 183906K (88%)
ptolemy.util.test.WatchDog.cancel(): canceling Fri May 24 04:25:54 UTC 2019
------------------ testing $PTII/ptolemy/domains/de/test/auto/DepthTest1.xml
auto.tcl: Setting watchdog for 200 seconds at Fri May 24 04:25:54 UTC 2019
2 ms. Memory: 208384K Free: 198227K (95%)
ptolemy.util.test.WatchDog.cancel(): canceling Fri May 24 04:25:54 UTC 2019
auto.tcl: Setting watchdog for 200 seconds at Fri May 24 04:25:54 UTC 2019
6 ms. Memory: 208384K Free: 198227K (95%)
ptolemy.util.test.WatchDog.cancel(): canceling Fri May 24 04:25:54 UTC 2019
------------------ testing $PTII/ptolemy/domains/de/test/auto/DepthTest2.xml
auto.tcl: Setting watchdog for 200 seconds at Fri May 24 04:25:54 UTC 2019
7 ms. Memory: 208384K Free: 194059K (93%)
ptolemy.util.test.WatchDog.cancel(): canceling Fri May 24 04:25:54 UTC 2019
auto.tcl: Setting watchdog for 200 seconds at Fri May 24 04:25:54 UTC 2019
4 ms. Memory: 208384K Free: 194059K (93%)
ptolemy.util.test.WatchDog.cancel(): canceling Fri May 24 04:25:54 UTC 2019
------------------ testing $PTII/ptolemy/domains/de/test/auto/DepthTest3.xml
auto.tcl: Setting watchdog for 200 seconds at Fri May 24 04:25:54 UTC 2019
2 ms. Memory: 208384K Free: 198041K (95%)
ptolemy.util.test.WatchDog.cancel(): canceling Fri May 24 04:25:54 UTC 2019
auto.tcl: Setting watchdog for 200 seconds at Fri May 24 04:25:54 UTC 2019
2 ms. Memory: 208384K Free: 198041K (95%)
ptolemy.util.test.WatchDog.cancel(): canceling Fri May 24 04:25:54 UTC 2019
------------------ testing $PTII/ptolemy/domains/de/test/auto/DepthTest4.xml
auto.tcl: Setting watchdog for 200 seconds at Fri May 24 04:25:54 UTC 2019
10 ms. Memory: 208384K Free: 196088K (94%)
ptolemy.util.test.WatchDog.cancel(): canceling Fri May 24 04:25:54 UTC 2019
auto.tcl: Setting watchdog for 200 seconds at Fri May 24 04:25:54 UTC 2019
2 ms. Memory: 208384K Free: 196088K (94%)
ptolemy.util.test.WatchDog.cancel(): canceling Fri May 24 04:25:54 UTC 2019
------------------ testing $PTII/ptolemy/domains/de/test/auto/DepthTest5.xml
auto.tcl: Setting watchdog for 200 seconds at Fri May 24 04:25:54 UTC 2019
3 ms. Memory: 208384K Free: 196035K (94%)
ptolemy.util.test.WatchDog.cancel(): canceling Fri May 24 04:25:54 UTC 2019
auto.tcl: Setting watchdog for 200 seconds at Fri May 24 04:25:54 UTC 2019
2 ms. Memory: 208384K Free: 196035K (94%)
ptolemy.util.test.WatchDog.cancel(): canceling Fri May 24 04:25:54 UTC 2019
------------------ testing $PTII/ptolemy/domains/de/test/auto/DepthTest6.xml
auto.tcl: Setting watchdog for 200 seconds at Fri May 24 04:25:54 UTC 2019
12 ms. Memory: 208384K Free: 196531K (94%)
ptolemy.util.test.WatchDog.cancel(): canceling Fri May 24 04:25:54 UTC 2019
auto.tcl: Setting watchdog for 200 seconds at Fri May 24 04:25:54 UTC 2019
3 ms. Memory: 208384K Free: 196531K (94%)
ptolemy.util.test.WatchDog.cancel(): canceling Fri May 24 04:25:54 UTC 2019
------------------ testing $PTII/ptolemy/domains/de/test/auto/DepthTest7.xml
auto.tcl: Setting watchdog for 200 seconds at Fri May 24 04:25:54 UTC 2019
3 ms. Memory: 208384K Free: 195993K (94%)
ptolemy.util.test.WatchDog.cancel(): canceling Fri May 24 04:25:54 UTC 2019
auto.tcl: Setting watchdog for 200 seconds at Fri May 24 04:25:54 UTC 2019
2 ms. Memory: 208384K Free: 195993K (94%)
ptolemy.util.test.WatchDog.cancel(): canceling Fri May 24 04:25:54 UTC 2019
------------------ testing $PTII/ptolemy/domains/de/test/auto/EventToDate.xml
auto.tcl: Setting watchdog for 200 seconds at Fri May 24 04:25:54 UTC 2019
3007 ms. Memory: 208384K Free: 185804K (89%)
ptolemy.util.test.WatchDog.cancel(): canceling Fri May 24 04:25:57 UTC 2019
auto.tcl: Setting watchdog for 200 seconds at Fri May 24 04:25:57 UTC 2019
3006 ms. Memory: 208384K Free: 185804K (89%)
ptolemy.util.test.WatchDog.cancel(): canceling Fri May 24 04:26:00 UTC 2019
------------------ testing $PTII/ptolemy/domains/de/test/auto/FSM1.xml
auto.tcl: Setting watchdog for 200 seconds at Fri May 24 04:26:00 UTC 2019
31 ms. Memory: 208384K Free: 189163K (91%)
ptolemy.util.test.WatchDog.cancel(): canceling Fri May 24 04:26:00 UTC 2019
auto.tcl: Setting watchdog for 200 seconds at Fri May 24 04:26:00 UTC 2019
16 ms. Memory: 208384K Free: 185082K (89%)
ptolemy.util.test.WatchDog.cancel(): canceling Fri May 24 04:26:00 UTC 2019
------------------ testing $PTII/ptolemy/domains/de/test/auto/FSM7.xml
auto.tcl: Setting watchdog for 200 seconds at Fri May 24 04:26:00 UTC 2019
30 ms. Memory: 208384K Free: 189366K (91%)
ptolemy.util.test.WatchDog.cancel(): canceling Fri May 24 04:26:00 UTC 2019
auto.tcl: Setting watchdog for 200 seconds at Fri May 24 04:26:00 UTC 2019
14 ms. Memory: 208384K Free: 185285K (89%)
ptolemy.util.test.WatchDog.cancel(): canceling Fri May 24 04:26:00 UTC 2019
------------------ testing $PTII/ptolemy/domains/de/test/auto/Inspection.xml
auto.tcl: Setting watchdog for 200 seconds at Fri May 24 04:26:00 UTC 2019
35 ms. Memory: 208384K Free: 189058K (91%)
ptolemy.util.test.WatchDog.cancel(): canceling Fri May 24 04:26:01 UTC 2019
auto.tcl: Setting watchdog for 200 seconds at Fri May 24 04:26:01 UTC 2019
30 ms. Memory: 208384K Free: 187018K (90%)
ptolemy.util.test.WatchDog.cancel(): canceling Fri May 24 04:26:01 UTC 2019
------------------ testing $PTII/ptolemy/domains/de/test/auto/Iteration.xml
auto.tcl: Setting watchdog for 200 seconds at Fri May 24 04:26:01 UTC 2019
12 ms. Memory: 208384K Free: 196317K (94%)
ptolemy.util.test.WatchDog.cancel(): canceling Fri May 24 04:26:01 UTC 2019
auto.tcl: Setting watchdog for 200 seconds at Fri May 24 04:26:01 UTC 2019
11 ms. Memory: 208384K Free: 193757K (93%)
ptolemy.util.test.WatchDog.cancel(): canceling Fri May 24 04:26:01 UTC 2019
------------------ testing $PTII/ptolemy/domains/de/test/auto/LineFault.xml
auto.tcl: Setting watchdog for 200 seconds at Fri May 24 04:26:01 UTC 2019
831 ms. Memory: 208384K Free: 196945K (95%)
ptolemy.util.test.WatchDog.cancel(): canceling Fri May 24 04:26:02 UTC 2019
auto.tcl: Setting watchdog for 200 seconds at Fri May 24 04:26:02 UTC 2019
555 ms. Memory: 208384K Free: 139852K (67%)
ptolemy.util.test.WatchDog.cancel(): canceling Fri May 24 04:26:02 UTC 2019
------------------ testing $PTII/ptolemy/domains/de/test/auto/MergeModel1Add.xml
auto.tcl: Setting watchdog for 200 seconds at Fri May 24 04:26:03 UTC 2019
37 ms. Memory: 331264K Free: 302697K (91%)
ptolemy.util.test.WatchDog.cancel(): canceling Fri May 24 04:26:03 UTC 2019
auto.tcl: Setting watchdog for 200 seconds at Fri May 24 04:26:03 UTC 2019
7 ms. Memory: 331264K Free: 298799K (90%)
ptolemy.util.test.WatchDog.cancel(): canceling Fri May 24 04:26:03 UTC 2019
------------------ testing $PTII/ptolemy/domains/de/test/auto/MergeModel2Add.xml
auto.tcl: Setting watchdog for 200 seconds at Fri May 24 04:26:03 UTC 2019
7 ms. Memory: 331264K Free: 304020K (92%)
ptolemy.util.test.WatchDog.cancel(): canceling Fri May 24 04:26:03 UTC 2019
auto.tcl: Setting watchdog for 200 seconds at Fri May 24 04:26:03 UTC 2019
13 ms. Memory: 331264K Free: 304020K (92%)
ptolemy.util.test.WatchDog.cancel(): canceling Fri May 24 04:26:03 UTC 2019
------------------ testing $PTII/ptolemy/domains/de/test/auto/MergeModel3Add.xml
auto.tcl: Setting watchdog for 200 seconds at Fri May 24 04:26:03 UTC 2019
18 ms. Memory: 331264K Free: 304046K (92%)
ptolemy.util.test.WatchDog.cancel(): canceling Fri May 24 04:26:03 UTC 2019
auto.tcl: Setting watchdog for 200 seconds at Fri May 24 04:26:03 UTC 2019
7 ms. Memory: 331264K Free: 304046K (92%)
ptolemy.util.test.WatchDog.cancel(): canceling Fri May 24 04:26:03 UTC 2019
------------------ testing $PTII/ptolemy/domains/de/test/auto/MergeWithoutDiscard.xml
auto.tcl: Setting watchdog for 200 seconds at Fri May 24 04:26:03 UTC 2019
2 ms. Memory: 331264K Free: 320044K (97%)
ptolemy.util.test.WatchDog.cancel(): canceling Fri May 24 04:26:03 UTC 2019
auto.tcl: Setting watchdog for 200 seconds at Fri May 24 04:26:03 UTC 2019
1 ms. Memory: 331264K Free: 316145K (95%)
ptolemy.util.test.WatchDog.cancel(): canceling Fri May 24 04:26:03 UTC 2019
------------------ testing $PTII/ptolemy/domains/de/test/auto/Modal1.xml
auto.tcl: Setting watchdog for 200 seconds at Fri May 24 04:26:03 UTC 2019
23 ms. Memory: 331264K Free: 309688K (93%)
ptolemy.util.test.WatchDog.cancel(): canceling Fri May 24 04:26:03 UTC 2019
auto.tcl: Setting watchdog for 200 seconds at Fri May 24 04:26:03 UTC 2019
24 ms. Memory: 331264K Free: 305790K (92%)
ptolemy.util.test.WatchDog.cancel(): canceling Fri May 24 04:26:03 UTC 2019
------------------ testing $PTII/ptolemy/domains/de/test/auto/Modal2.xml
auto.tcl: Setting watchdog for 200 seconds at Fri May 24 04:26:03 UTC 2019
16 ms. Memory: 331264K Free: 309553K (93%)
ptolemy.util.test.WatchDog.cancel(): canceling Fri May 24 04:26:03 UTC 2019
auto.tcl: Setting watchdog for 200 seconds at Fri May 24 04:26:03 UTC 2019
24 ms. Memory: 331264K Free: 305670K (92%)
ptolemy.util.test.WatchDog.cancel(): canceling Fri May 24 04:26:03 UTC 2019
------------------ testing $PTII/ptolemy/domains/de/test/auto/Modal3.xml
auto.tcl: Setting watchdog for 200 seconds at Fri May 24 04:26:03 UTC 2019
17 ms. Memory: 331264K Free: 307549K (93%)
ptolemy.util.test.WatchDog.cancel(): canceling Fri May 24 04:26:03 UTC 2019
auto.tcl: Setting watchdog for 200 seconds at Fri May 24 04:26:03 UTC 2019
16 ms. Memory: 331264K Free: 303227K (92%)
ptolemy.util.test.WatchDog.cancel(): canceling Fri May 24 04:26:03 UTC 2019
------------------ testing $PTII/ptolemy/domains/de/test/auto/Modal4.xml
auto.tcl: Setting watchdog for 200 seconds at Fri May 24 04:26:04 UTC 2019
27 ms. Memory: 331264K Free: 309565K (93%)
ptolemy.util.test.WatchDog.cancel(): canceling Fri May 24 04:26:04 UTC 2019
auto.tcl: Setting watchdog for 200 seconds at Fri May 24 04:26:04 UTC 2019
12 ms. Memory: 331264K Free: 305682K (92%)
ptolemy.util.test.WatchDog.cancel(): canceling Fri May 24 04:26:04 UTC 2019
------------------ testing $PTII/ptolemy/domains/de/test/auto/Modal5.xml
auto.tcl: Setting watchdog for 200 seconds at Fri May 24 04:26:04 UTC 2019
14 ms. Memory: 331264K Free: 309536K (93%)
ptolemy.util.test.WatchDog.cancel(): canceling Fri May 24 04:26:04 UTC 2019
auto.tcl: Setting watchdog for 200 seconds at Fri May 24 04:26:04 UTC 2019
13 ms. Memory: 331264K Free: 305653K (92%)
ptolemy.util.test.WatchDog.cancel(): canceling Fri May 24 04:26:04 UTC 2019
------------------ testing $PTII/ptolemy/domains/de/test/auto/Modal6.xml
auto.tcl: Setting watchdog for 200 seconds at Fri May 24 04:26:04 UTC 2019
19 ms. Memory: 331264K Free: 309518K (93%)
ptolemy.util.test.WatchDog.cancel(): canceling Fri May 24 04:26:04 UTC 2019
auto.tcl: Setting watchdog for 200 seconds at Fri May 24 04:26:04 UTC 2019
15 ms. Memory: 331264K Free: 305627K (92%)
ptolemy.util.test.WatchDog.cancel(): canceling Fri May 24 04:26:04 UTC 2019
------------------ testing $PTII/ptolemy/domains/de/test/auto/Modal7.xml
auto.tcl: Setting watchdog for 200 seconds at Fri May 24 04:26:04 UTC 2019
9 ms. Memory: 331264K Free: 309493K (93%)
ptolemy.util.test.WatchDog.cancel(): canceling Fri May 24 04:26:04 UTC 2019
auto.tcl: Setting watchdog for 200 seconds at Fri May 24 04:26:04 UTC 2019
10 ms. Memory: 331264K Free: 305595K (92%)
ptolemy.util.test.WatchDog.cancel(): canceling Fri May 24 04:26:04 UTC 2019
------------------ testing $PTII/ptolemy/domains/de/test/auto/ModalModel.xml
auto.tcl: Setting watchdog for 200 seconds at Fri May 24 04:26:04 UTC 2019
200 ms. Memory: 331264K Free: 252415K (76%)
ptolemy.util.test.WatchDog.cancel(): canceling Fri May 24 04:26:04 UTC 2019
auto.tcl: Setting watchdog for 200 seconds at Fri May 24 04:26:04 UTC 2019
174 ms. Memory: 331264K Free: 193998K (59%)
ptolemy.util.test.WatchDog.cancel(): canceling Fri May 24 04:26:04 UTC 2019
------------------ testing $PTII/ptolemy/domains/de/test/auto/ModalSource.xml
auto.tcl: Setting watchdog for 200 seconds at Fri May 24 04:26:04 UTC 2019
6 ms. Memory: 331264K Free: 316244K (95%)
ptolemy.util.test.WatchDog.cancel(): canceling Fri May 24 04:26:04 UTC 2019
auto.tcl: Setting watchdog for 200 seconds at Fri May 24 04:26:04 UTC 2019
6 ms. Memory: 331264K Free: 312762K (94%)
ptolemy.util.test.WatchDog.cancel(): canceling Fri May 24 04:26:04 UTC 2019
------------------ testing $PTII/ptolemy/domains/de/test/auto/NonInterruptibleTimerZeroDelay.xml
auto.tcl: Setting watchdog for 200 seconds at Fri May 24 04:26:05 UTC 2019
3 ms. Memory: 331264K Free: 320680K (97%)
ptolemy.util.test.WatchDog.cancel(): canceling Fri May 24 04:26:05 UTC 2019
auto.tcl: Setting watchdog for 200 seconds at Fri May 24 04:26:05 UTC 2019
2 ms. Memory: 331264K Free: 317198K (96%)
ptolemy.util.test.WatchDog.cancel(): canceling Fri May 24 04:26:05 UTC 2019
------------------ testing $PTII/ptolemy/domains/de/test/auto/OpenQueueingNetwork.xml
auto.tcl: Setting watchdog for 200 seconds at Fri May 24 04:26:05 UTC 2019
2779 ms. Memory: 573952K Free: 406273K (71%)
ptolemy.util.test.WatchDog.cancel(): canceling Fri May 24 04:26:08 UTC 2019
auto.tcl: Setting watchdog for 200 seconds at Fri May 24 04:26:08 UTC 2019
2312 ms. Memory: 550912K Free: 309623K (56%)
ptolemy.util.test.WatchDog.cancel(): canceling Fri May 24 04:26:10 UTC 2019
------------------ testing $PTII/ptolemy/domains/de/test/auto/OpenQueuingNetwork.xml
auto.tcl: Setting watchdog for 200 seconds at Fri May 24 04:26:10 UTC 2019
255 ms. Memory: 549888K Free: 444326K (81%)
ptolemy.util.test.WatchDog.cancel(): canceling Fri May 24 04:26:10 UTC 2019
auto.tcl: Setting watchdog for 200 seconds at Fri May 24 04:26:10 UTC 2019
233 ms. Memory: 549888K Free: 384302K (70%)
ptolemy.util.test.WatchDog.cancel(): canceling Fri May 24 04:26:10 UTC 2019
------------------ testing $PTII/ptolemy/domains/de/test/auto/PeriodicSampler.xml
auto.tcl: Setting watchdog for 200 seconds at Fri May 24 04:26:11 UTC 2019
3 ms. Memory: 551936K Free: 535322K (97%)
ptolemy.util.test.WatchDog.cancel(): canceling Fri May 24 04:26:11 UTC 2019
auto.tcl: Setting watchdog for 200 seconds at Fri May 24 04:26:11 UTC 2019
2 ms. Memory: 551936K Free: 535322K (97%)
ptolemy.util.test.WatchDog.cancel(): canceling Fri May 24 04:26:11 UTC 2019
------------------ testing $PTII/ptolemy/domains/de/test/auto/PersistentIO.xml
auto.tcl: Setting watchdog for 200 seconds at Fri May 24 04:26:11 UTC 2019
6 ms. Memory: 549376K Free: 522006K (95%)
ptolemy.util.test.WatchDog.cancel(): canceling Fri May 24 04:26:11 UTC 2019
auto.tcl: Setting watchdog for 200 seconds at Fri May 24 04:26:11 UTC 2019
4 ms. Memory: 549376K Free: 522006K (95%)
ptolemy.util.test.WatchDog.cancel(): canceling Fri May 24 04:26:11 UTC 2019
------------------ testing $PTII/ptolemy/domains/de/test/auto/PortParameterResetOnInitialize.xml
auto.tcl: Setting watchdog for 200 seconds at Fri May 24 04:26:11 UTC 2019
3 ms. Memory: 551424K Free: 530593K (96%)
ptolemy.util.test.WatchDog.cancel(): canceling Fri May 24 04:26:11 UTC 2019
auto.tcl: Setting watchdog for 200 seconds at Fri May 24 04:26:11 UTC 2019
2 ms. Memory: 551424K Free: 530593K (96%)
ptolemy.util.test.WatchDog.cancel(): canceling Fri May 24 04:26:11 UTC 2019
------------------ testing $PTII/ptolemy/domains/de/test/auto/PortParameterUpdates.xml
auto.tcl: Setting watchdog for 200 seconds at Fri May 24 04:26:11 UTC 2019
4 ms. Memory: 549376K Free: 528325K (96%)
ptolemy.util.test.WatchDog.cancel(): canceling Fri May 24 04:26:11 UTC 2019
auto.tcl: Setting watchdog for 200 seconds at Fri May 24 04:26:11 UTC 2019
4 ms. Memory: 549376K Free: 528325K (96%)
ptolemy.util.test.WatchDog.cancel(): canceling Fri May 24 04:26:11 UTC 2019
------------------ testing $PTII/ptolemy/domains/de/test/auto/QueueAndServer.xml
auto.tcl: Setting watchdog for 200 seconds at Fri May 24 04:26:11 UTC 2019
18 ms. Memory: 551424K Free: 530337K (96%)
ptolemy.util.test.WatchDog.cancel(): canceling Fri May 24 04:26:11 UTC 2019
auto.tcl: Setting watchdog for 200 seconds at Fri May 24 04:26:11 UTC 2019
6 ms. Memory: 551424K Free: 523667K (95%)
ptolemy.util.test.WatchDog.cancel(): canceling Fri May 24 04:26:11 UTC 2019
------------------ testing $PTII/ptolemy/domains/de/test/auto/Records.xml
auto.tcl: Setting watchdog for 200 seconds at Fri May 24 04:26:11 UTC 2019
5 ms. Memory: 549376K Free: 532909K (97%)
ptolemy.util.test.WatchDog.cancel(): canceling Fri May 24 04:26:11 UTC 2019
auto.tcl: Setting watchdog for 200 seconds at Fri May 24 04:26:11 UTC 2019
2 ms. Memory: 549376K Free: 532909K (97%)
ptolemy.util.test.WatchDog.cancel(): canceling Fri May 24 04:26:11 UTC 2019
------------------ testing $PTII/ptolemy/domains/de/test/auto/ResetTransitionWithStartTime1.xml
auto.tcl: Setting watchdog for 200 seconds at Fri May 24 04:26:11 UTC 2019
7 ms. Memory: 551424K Free: 534982K (97%)
ptolemy.util.test.WatchDog.cancel(): canceling Fri May 24 04:26:11 UTC 2019
auto.tcl: Setting watchdog for 200 seconds at Fri May 24 04:26:11 UTC 2019
6 ms. Memory: 551424K Free: 528297K (96%)
ptolemy.util.test.WatchDog.cancel(): canceling Fri May 24 04:26:11 UTC 2019
------------------ testing $PTII/ptolemy/domains/de/test/auto/ResetTransitionWithStartTime2.xml
auto.tcl: Setting watchdog for 200 seconds at Fri May 24 04:26:11 UTC 2019
5 ms. Memory: 549376K Free: 533279K (97%)
ptolemy.util.test.WatchDog.cancel(): canceling Fri May 24 04:26:11 UTC 2019
auto.tcl: Setting watchdog for 200 seconds at Fri May 24 04:26:11 UTC 2019
6 ms. Memory: 549376K Free: 526593K (96%)
ptolemy.util.test.WatchDog.cancel(): canceling Fri May 24 04:26:11 UTC 2019
------------------ testing $PTII/ptolemy/domains/de/test/auto/ResetTransitionWithStartTime3.xml
auto.tcl: Setting watchdog for 200 seconds at Fri May 24 04:26:11 UTC 2019
5 ms. Memory: 550912K Free: 534460K (97%)
ptolemy.util.test.WatchDog.cancel(): canceling Fri May 24 04:26:11 UTC 2019
auto.tcl: Setting watchdog for 200 seconds at Fri May 24 04:26:11 UTC 2019
6 ms. Memory: 550912K Free: 527775K (96%)
ptolemy.util.test.WatchDog.cancel(): canceling Fri May 24 04:26:11 UTC 2019
------------------ testing $PTII/ptolemy/domains/de/test/auto/ResetTransitionWithStartTime4.xml
auto.tcl: Setting watchdog for 200 seconds at Fri May 24 04:26:11 UTC 2019
4 ms. Memory: 549376K Free: 532923K (97%)
ptolemy.util.test.WatchDog.cancel(): canceling Fri May 24 04:26:11 UTC 2019
auto.tcl: Setting watchdog for 200 seconds at Fri May 24 04:26:11 UTC 2019
4 ms. Memory: 549376K Free: 526254K (96%)
ptolemy.util.test.WatchDog.cancel(): canceling Fri May 24 04:26:11 UTC 2019
------------------ testing $PTII/ptolemy/domains/de/test/auto/ResettableTimer1.xml
auto.tcl: Setting watchdog for 200 seconds at Fri May 24 04:26:11 UTC 2019
3 ms. Memory: 550912K Free: 534454K (97%)
ptolemy.util.test.WatchDog.cancel(): canceling Fri May 24 04:26:11 UTC 2019
auto.tcl: Setting watchdog for 200 seconds at Fri May 24 04:26:11 UTC 2019
2 ms. Memory: 550912K Free: 534454K (97%)
ptolemy.util.test.WatchDog.cancel(): canceling Fri May 24 04:26:11 UTC 2019
------------------ testing $PTII/ptolemy/domains/de/test/auto/ResettableTimer2.xml
auto.tcl: Setting watchdog for 200 seconds at Fri May 24 04:26:11 UTC 2019
3 ms. Memory: 549376K Free: 533329K (97%)
ptolemy.util.test.WatchDog.cancel(): canceling Fri May 24 04:26:11 UTC 2019
auto.tcl: Setting watchdog for 200 seconds at Fri May 24 04:26:11 UTC 2019
4 ms. Memory: 549376K Free: 533329K (97%)
ptolemy.util.test.WatchDog.cancel(): canceling Fri May 24 04:26:11 UTC 2019
------------------ testing $PTII/ptolemy/domains/de/test/auto/ResettableTimer3.xml
auto.tcl: Setting watchdog for 200 seconds at Fri May 24 04:26:11 UTC 2019
2 ms. Memory: 550912K Free: 534512K (97%)
ptolemy.util.test.WatchDog.cancel(): canceling Fri May 24 04:26:11 UTC 2019
auto.tcl: Setting watchdog for 200 seconds at Fri May 24 04:26:11 UTC 2019
2 ms. Memory: 550912K Free: 534512K (97%)
ptolemy.util.test.WatchDog.cancel(): canceling Fri May 24 04:26:11 UTC 2019
------------------ testing $PTII/ptolemy/domains/de/test/auto/ResettableTimer4.xml
auto.tcl: Setting watchdog for 200 seconds at Fri May 24 04:26:12 UTC 2019
1 ms. Memory: 549376K Free: 533342K (97%)
ptolemy.util.test.WatchDog.cancel(): canceling Fri May 24 04:26:12 UTC 2019
auto.tcl: Setting watchdog for 200 seconds at Fri May 24 04:26:12 UTC 2019
1 ms. Memory: 549376K Free: 533342K (97%)
ptolemy.util.test.WatchDog.cancel(): canceling Fri May 24 04:26:12 UTC 2019
------------------ testing $PTII/ptolemy/domains/de/test/auto/ResettableTimer5.xml
auto.tcl: Setting watchdog for 200 seconds at Fri May 24 04:26:12 UTC 2019
2 ms. Memory: 550400K Free: 529684K (96%)
ptolemy.util.test.WatchDog.cancel(): canceling Fri May 24 04:26:12 UTC 2019
auto.tcl: Setting watchdog for 200 seconds at Fri May 24 04:26:12 UTC 2019
1 ms. Memory: 550400K Free: 529684K (96%)
ptolemy.util.test.WatchDog.cancel(): canceling Fri May 24 04:26:12 UTC 2019
------------------ testing $PTII/ptolemy/domains/de/test/auto/ResettableTimer6.xml
auto.tcl: Setting watchdog for 200 seconds at Fri May 24 04:26:12 UTC 2019
1 ms. Memory: 549376K Free: 528257K (96%)
ptolemy.util.test.WatchDog.cancel(): canceling Fri May 24 04:26:12 UTC 2019
auto.tcl: Setting watchdog for 200 seconds at Fri May 24 04:26:12 UTC 2019
2 ms. Memory: 549376K Free: 528257K (96%)
ptolemy.util.test.WatchDog.cancel(): canceling Fri May 24 04:26:12 UTC 2019
------------------ testing $PTII/ptolemy/domains/de/test/auto/ServerZeroDelay.xml
auto.tcl: Setting watchdog for 200 seconds at Fri May 24 04:26:12 UTC 2019
5 ms. Memory: 550400K Free: 534304K (97%)
ptolemy.util.test.WatchDog.cancel(): canceling Fri May 24 04:26:12 UTC 2019
auto.tcl: Setting watchdog for 200 seconds at Fri May 24 04:26:12 UTC 2019
3 ms. Memory: 550400K Free: 534304K (97%)
ptolemy.util.test.WatchDog.cancel(): canceling Fri May 24 04:26:12 UTC 2019
------------------ testing $PTII/ptolemy/domains/de/test/auto/SmartSender.xml
auto.tcl: Setting watchdog for 200 seconds at Fri May 24 04:26:12 UTC 2019
3002 ms. Memory: 549376K Free: 528596K (96%)
ptolemy.util.test.WatchDog.cancel(): canceling Fri May 24 04:26:15 UTC 2019
auto.tcl: Setting watchdog for 200 seconds at Fri May 24 04:26:15 UTC 2019
3002 ms. Memory: 549376K Free: 528596K (96%)
ptolemy.util.test.WatchDog.cancel(): canceling Fri May 24 04:26:18 UTC 2019
------------------ testing $PTII/ptolemy/domains/de/test/auto/ThreadedComposite.xml
auto.tcl: Setting watchdog for 200 seconds at Fri May 24 04:26:18 UTC 2019
269 ms. Memory: 550400K Free: 513251K (93%)
ptolemy.util.test.WatchDog.cancel(): canceling Fri May 24 04:26:18 UTC 2019
auto.tcl: Setting watchdog for 200 seconds at Fri May 24 04:26:18 UTC 2019
204 ms. Memory: 550400K Free: 487855K (89%)
ptolemy.util.test.WatchDog.cancel(): canceling Fri May 24 04:26:18 UTC 2019
------------------ testing $PTII/ptolemy/domains/de/test/auto/Time.xml
auto.tcl: Setting watchdog for 200 seconds at Fri May 24 04:26:18 UTC 2019
525 ms. Memory: 549376K Free: 481171K (88%)
ptolemy.util.test.WatchDog.cancel(): canceling Fri May 24 04:26:19 UTC 2019
auto.tcl: Setting watchdog for 200 seconds at Fri May 24 04:26:19 UTC 2019
486 ms. Memory: 549376K Free: 427816K (78%)
ptolemy.util.test.WatchDog.cancel(): canceling Fri May 24 04:26:19 UTC 2019
------------------ testing $PTII/ptolemy/domains/de/test/auto/TimeDelayZeroDelay.xml
auto.tcl: Setting watchdog for 200 seconds at Fri May 24 04:26:20 UTC 2019
2 ms. Memory: 550400K Free: 533869K (97%)
ptolemy.util.test.WatchDog.cancel(): canceling Fri May 24 04:26:20 UTC 2019
auto.tcl: Setting watchdog for 200 seconds at Fri May 24 04:26:20 UTC 2019
2 ms. Memory: 550400K Free: 533869K (97%)
ptolemy.util.test.WatchDog.cancel(): canceling Fri May 24 04:26:20 UTC 2019
------------------ testing $PTII/ptolemy/domains/de/test/auto/TimerZeroDelay.xml
auto.tcl: Setting watchdog for 200 seconds at Fri May 24 04:26:20 UTC 2019
2 ms. Memory: 549376K Free: 533242K (97%)
ptolemy.util.test.WatchDog.cancel(): canceling Fri May 24 04:26:20 UTC 2019
auto.tcl: Setting watchdog for 200 seconds at Fri May 24 04:26:20 UTC 2019
1 ms. Memory: 549376K Free: 533242K (97%)
ptolemy.util.test.WatchDog.cancel(): canceling Fri May 24 04:26:20 UTC 2019
------------------ testing $PTII/ptolemy/domains/de/test/auto/TimingParadox.xml
auto.tcl: Setting watchdog for 200 seconds at Fri May 24 04:26:20 UTC 2019
347 ms. Memory: 549888K Free: 467265K (85%)
ptolemy.util.test.WatchDog.cancel(): canceling Fri May 24 04:26:20 UTC 2019
auto.tcl: Setting watchdog for 200 seconds at Fri May 24 04:26:20 UTC 2019
297 ms. Memory: 549888K Free: 433918K (79%)
ptolemy.util.test.WatchDog.cancel(): canceling Fri May 24 04:26:20 UTC 2019
------------------ testing $PTII/ptolemy/domains/de/test/auto/TransferInputs.xml
auto.tcl: Setting watchdog for 200 seconds at Fri May 24 04:26:20 UTC 2019
2 ms. Memory: 549888K Free: 532716K (97%)
ptolemy.util.test.WatchDog.cancel(): canceling Fri May 24 04:26:20 UTC 2019
auto.tcl: Setting watchdog for 200 seconds at Fri May 24 04:26:20 UTC 2019
2 ms. Memory: 549888K Free: 532716K (97%)
ptolemy.util.test.WatchDog.cancel(): canceling Fri May 24 04:26:20 UTC 2019
------------------ testing $PTII/ptolemy/domains/de/test/auto/TransferOutputs2.xml
auto.tcl: Setting watchdog for 200 seconds at Fri May 24 04:26:21 UTC 2019
3 ms. Memory: 549376K Free: 521956K (95%)
ptolemy.util.test.WatchDog.cancel(): canceling Fri May 24 04:26:21 UTC 2019
auto.tcl: Setting watchdog for 200 seconds at Fri May 24 04:26:21 UTC 2019
2 ms. Memory: 549376K Free: 521956K (95%)
ptolemy.util.test.WatchDog.cancel(): canceling Fri May 24 04:26:21 UTC 2019
------------------ testing $PTII/ptolemy/domains/de/test/auto/Trilateration.xml
auto.tcl: Setting watchdog for 200 seconds at Fri May 24 04:26:21 UTC 2019
12815 ms. Memory: 766976K Free: 224847K (29%)
ptolemy.util.test.WatchDog.cancel(): canceling Fri May 24 04:26:34 UTC 2019
auto.tcl: Setting watchdog for 200 seconds at Fri May 24 04:26:34 UTC 2019
10543 ms. Memory: 646144K Free: 72405K (11%)
ptolemy.util.test.WatchDog.cancel(): canceling Fri May 24 04:26:45 UTC 2019
------------------ testing $PTII/ptolemy/domains/de/test/auto/TwoSigmaDelta.xml
auto.tcl: Setting watchdog for 200 seconds at Fri May 24 04:26:45 UTC 2019
2665 ms. Memory: 649728K Free: 363730K (56%)
ptolemy.util.test.WatchDog.cancel(): canceling Fri May 24 04:26:48 UTC 2019
auto.tcl: Setting watchdog for 200 seconds at Fri May 24 04:26:48 UTC 2019
2055 ms. Memory: 649728K Free: 125970K (19%)
ptolemy.util.test.WatchDog.cancel(): canceling Fri May 24 04:26:50 UTC 2019
------------------ testing $PTII/ptolemy/domains/de/test/auto/VariableDelay.xml
auto.tcl: Setting watchdog for 200 seconds at Fri May 24 04:26:50 UTC 2019
2 ms. Memory: 646656K Free: 627048K (97%)
ptolemy.util.test.WatchDog.cancel(): canceling Fri May 24 04:26:50 UTC 2019
auto.tcl: Setting watchdog for 200 seconds at Fri May 24 04:26:50 UTC 2019
2 ms. Memory: 646656K Free: 627048K (97%)
ptolemy.util.test.WatchDog.cancel(): canceling Fri May 24 04:26:50 UTC 2019
------------------ testing $PTII/ptolemy/domains/de/test/auto/VariableDelay2.xml
auto.tcl: Setting watchdog for 200 seconds at Fri May 24 04:26:50 UTC 2019
6 ms. Memory: 646144K Free: 626999K (97%)
ptolemy.util.test.WatchDog.cancel(): canceling Fri May 24 04:26:50 UTC 2019
auto.tcl: Setting watchdog for 200 seconds at Fri May 24 04:26:50 UTC 2019
2 ms. Memory: 646144K Free: 626999K (97%)
ptolemy.util.test.WatchDog.cancel(): canceling Fri May 24 04:26:50 UTC 2019
------------------ testing $PTII/ptolemy/domains/de/test/auto/VariableDelayZeroDelay.xml
auto.tcl: Setting watchdog for 200 seconds at Fri May 24 04:26:50 UTC 2019
2 ms. Memory: 646144K Free: 621350K (96%)
ptolemy.util.test.WatchDog.cancel(): canceling Fri May 24 04:26:50 UTC 2019
auto.tcl: Setting watchdog for 200 seconds at Fri May 24 04:26:50 UTC 2019
2 ms. Memory: 646144K Free: 621350K (96%)
ptolemy.util.test.WatchDog.cancel(): canceling Fri May 24 04:26:50 UTC 2019
------------------ testing $PTII/ptolemy/domains/de/test/auto/VariableDelayZeroDelay2.xml
auto.tcl: Setting watchdog for 200 seconds at Fri May 24 04:26:50 UTC 2019
2 ms. Memory: 649216K Free: 624421K (96%)
ptolemy.util.test.WatchDog.cancel(): canceling Fri May 24 04:26:50 UTC 2019
auto.tcl: Setting watchdog for 200 seconds at Fri May 24 04:26:50 UTC 2019
2 ms. Memory: 649216K Free: 624421K (96%)
ptolemy.util.test.WatchDog.cancel(): canceling Fri May 24 04:26:50 UTC 2019
------------------ testing $PTII/ptolemy/domains/de/test/auto/deInCt.xml
auto.tcl: Setting watchdog for 200 seconds at Fri May 24 04:26:50 UTC 2019
0
1
1
1
0
0
0
1
1
1
0
0
0
0
0
1
1
1
0
0
0
1
1
1
0
0
0
1
1
1
0
0
0
0
1
1
1
0
0
0
0
18 ms. Memory: 646144K Free: 621296K (96%)
ptolemy.util.test.WatchDog.cancel(): canceling Fri May 24 04:26:50 UTC 2019
auto.tcl: Setting watchdog for 200 seconds at Fri May 24 04:26:50 UTC 2019
0
1
1
1
0
0
0
0
1
1
1
0
0
1
1
1
0
0
0
0
0
0
0
0
0
0
6 ms. Memory: 646144K Free: 621296K (96%)
ptolemy.util.test.WatchDog.cancel(): canceling Fri May 24 04:26:50 UTC 2019
------------------ testing $PTII/ptolemy/domains/de/test/auto/deInCt2.xml
auto.tcl: Setting watchdog for 200 seconds at Fri May 24 04:26:50 UTC 2019
0
1
1
1
0
0
1
1
1
0
0
1
1
1
0
0
1
1
1
0
0
1
1
1
0
0
1
1
1
0
0
1
1
1
0
0
1
1
1
0
0
0
10 ms. Memory: 648704K Free: 623905K (96%)
ptolemy.util.test.WatchDog.cancel(): canceling Fri May 24 04:26:50 UTC 2019
auto.tcl: Setting watchdog for 200 seconds at Fri May 24 04:26:50 UTC 2019
0
1
1
1
0
0
1
1
1
0
0
1
1
1
0
0
1
1
1
0
0
1
1
1
0
0
1
1
1
0
0
1
1
1
0
0
1
1
1
0
0
0
4 ms. Memory: 648704K Free: 623905K (96%)
ptolemy.util.test.WatchDog.cancel(): canceling Fri May 24 04:26:50 UTC 2019
------------------ testing $PTII/ptolemy/domains/de/test/auto/dynamicCausalityInterface1.xml
auto.tcl: Setting watchdog for 200 seconds at Fri May 24 04:26:50 UTC 2019
2 ms. Memory: 646144K Free: 612688K (95%)
ptolemy.util.test.WatchDog.cancel(): canceling Fri May 24 04:26:50 UTC 2019
auto.tcl: Setting watchdog for 200 seconds at Fri May 24 04:26:50 UTC 2019
1 ms. Memory: 646144K Free: 612688K (95%)
ptolemy.util.test.WatchDog.cancel(): canceling Fri May 24 04:26:50 UTC 2019
------------------ testing $PTII/ptolemy/domains/de/test/auto/fsm_de_test.xml
auto.tcl: Setting watchdog for 200 seconds at Fri May 24 04:26:50 UTC 2019
7 ms. Memory: 648192K Free: 623284K (96%)
ptolemy.util.test.WatchDog.cancel(): canceling Fri May 24 04:26:50 UTC 2019
auto.tcl: Setting watchdog for 200 seconds at Fri May 24 04:26:50 UTC 2019
5 ms. Memory: 648192K Free: 614615K (95%)
ptolemy.util.test.WatchDog.cancel(): canceling Fri May 24 04:26:50 UTC 2019
------------------ testing $PTII/ptolemy/domains/de/test/auto/functionDependencyReconstruction.xml
auto.tcl: Setting watchdog for 200 seconds at Fri May 24 04:26:51 UTC 2019
3 ms. Memory: 646144K Free: 612557K (95%)
ptolemy.util.test.WatchDog.cancel(): canceling Fri May 24 04:26:51 UTC 2019
auto.tcl: Setting watchdog for 200 seconds at Fri May 24 04:26:51 UTC 2019
2 ms. Memory: 646144K Free: 612557K (95%)
ptolemy.util.test.WatchDog.cancel(): canceling Fri May 24 04:26:51 UTC 2019
------------------ testing $PTII/ptolemy/domains/de/test/auto/multirate.xml
auto.tcl: Setting watchdog for 200 seconds at Fri May 24 04:26:51 UTC 2019
3 ms. Memory: 648192K Free: 623150K (96%)
ptolemy.util.test.WatchDog.cancel(): canceling Fri May 24 04:26:51 UTC 2019
auto.tcl: Setting watchdog for 200 seconds at Fri May 24 04:26:51 UTC 2019
3 ms. Memory: 648192K Free: 623101K (96%)
ptolemy.util.test.WatchDog.cancel(): canceling Fri May 24 04:26:51 UTC 2019
------------------ testing $PTII/ptolemy/domains/de/test/auto/multirate2.xml
auto.tcl: Setting watchdog for 200 seconds at Fri May 24 04:26:51 UTC 2019
7 ms. Memory: 646144K Free: 621290K (96%)
ptolemy.util.test.WatchDog.cancel(): canceling Fri May 24 04:26:51 UTC 2019
auto.tcl: Setting watchdog for 200 seconds at Fri May 24 04:26:51 UTC 2019
4 ms. Memory: 646144K Free: 621290K (96%)
ptolemy.util.test.WatchDog.cancel(): canceling Fri May 24 04:26:51 UTC 2019
------------------ testing $PTII/ptolemy/domains/de/test/auto/realtime.xml
auto.tcl: Setting watchdog for 200 seconds at Fri May 24 04:26:51 UTC 2019
10001 ms. Memory: 647680K Free: 622775K (96%)
ptolemy.util.test.WatchDog.cancel(): canceling Fri May 24 04:27:01 UTC 2019
auto.tcl: Setting watchdog for 200 seconds at Fri May 24 04:27:01 UTC 2019
10002 ms. Memory: 647680K Free: 622775K (96%)
ptolemy.util.test.WatchDog.cancel(): canceling Fri May 24 04:27:11 UTC 2019
------------------ testing $PTII/ptolemy/domains/de/test/auto/relationGroup.xml
auto.tcl: Setting watchdog for 200 seconds at Fri May 24 04:27:11 UTC 2019
2 ms. Memory: 646144K Free: 626961K (97%)
ptolemy.util.test.WatchDog.cancel(): canceling Fri May 24 04:27:11 UTC 2019
auto.tcl: Setting watchdog for 200 seconds at Fri May 24 04:27:11 UTC 2019
1 ms. Memory: 646144K Free: 626961K (97%)
ptolemy.util.test.WatchDog.cancel(): canceling Fri May 24 04:27:11 UTC 2019
------------------ testing $PTII/ptolemy/domains/de/test/auto/relationGroup2.xml
auto.tcl: Setting watchdog for 200 seconds at Fri May 24 04:27:11 UTC 2019
1 ms. Memory: 647680K Free: 622877K (96%)
ptolemy.util.test.WatchDog.cancel(): canceling Fri May 24 04:27:11 UTC 2019
auto.tcl: Setting watchdog for 200 seconds at Fri May 24 04:27:11 UTC 2019
1 ms. Memory: 647680K Free: 622877K (96%)
ptolemy.util.test.WatchDog.cancel(): canceling Fri May 24 04:27:11 UTC 2019
------------------ testing $PTII/ptolemy/domains/de/test/auto/sortWithOpaquePorts.xml
auto.tcl: Setting watchdog for 200 seconds at Fri May 24 04:27:11 UTC 2019
1 ms. Memory: 646144K Free: 621341K (96%)
ptolemy.util.test.WatchDog.cancel(): canceling Fri May 24 04:27:11 UTC 2019
auto.tcl: Setting watchdog for 200 seconds at Fri May 24 04:27:11 UTC 2019
2 ms. Memory: 646144K Free: 621341K (96%)
ptolemy.util.test.WatchDog.cancel(): canceling Fri May 24 04:27:11 UTC 2019
------------------ testing $PTII/ptolemy/domains/de/test/auto/transferInputsandOutputs.xml
auto.tcl: Setting watchdog for 200 seconds at Fri May 24 04:27:11 UTC 2019
2 ms. Memory: 647168K Free: 622353K (96%)
ptolemy.util.test.WatchDog.cancel(): canceling Fri May 24 04:27:11 UTC 2019
auto.tcl: Setting watchdog for 200 seconds at Fri May 24 04:27:11 UTC 2019
2 ms. Memory: 647168K Free: 622353K (96%)
ptolemy.util.test.WatchDog.cancel(): canceling Fri May 24 04:27:11 UTC 2019
------------------ testing $PTII/ptolemy/domains/de/test/auto/triggerType.xml
auto.tcl: Setting watchdog for 200 seconds at Fri May 24 04:27:11 UTC 2019
2 ms. Memory: 646144K Free: 621279K (96%)
ptolemy.util.test.WatchDog.cancel(): canceling Fri May 24 04:27:11 UTC 2019
auto.tcl: Setting watchdog for 200 seconds at Fri May 24 04:27:11 UTC 2019
2 ms. Memory: 646144K Free: 621279K (96%)
ptolemy.util.test.WatchDog.cancel(): canceling Fri May 24 04:27:11 UTC 2019
05/24/19 04:27:11
Failed: 0  Total Tests: 192  ((Passed: 187, Newly Passed: 1)  Known Failed: 5) /home/travis/build/icyphy/ptII/ptolemy/domains/de/test
05/24/19 04:27:11
Failed: 0  Total Tests: 192  ((Passed: 187, Newly Passed: 1)  Known Failed: 5) /home/travis/build/icyphy/ptII/ptolemy/domains/de/test
----------------- testing (KnownFailure) /home/travis/build/icyphy/ptII/ptolemy/domains/de/test/auto/knownFailedTests/DESDFClockTest.xml
2017 ms. Memory: 647168K Free: 611062K (94%)
Known Failure: java.lang.reflect.InvocationTargetException
----------------- testing (KnownFailure) /home/travis/build/icyphy/ptII/ptolemy/domains/de/test/auto/knownFailedTests/DirectFeedback.xml
2 ms. Memory: 647168K Free: 565883K (87%)
Known Failure: java.lang.reflect.InvocationTargetException
----------------- testing (KnownFailure) /home/travis/build/icyphy/ptII/ptolemy/domains/de/test/auto/knownFailedTests/FSMSource.xml
6 ms. Memory: 647168K Free: 520703K (80%)
----------------- testing (KnownFailure) /home/travis/build/icyphy/ptII/ptolemy/domains/de/test/auto/knownFailedTests/HierarchicalModel.xml
3 ms. Memory: 647168K Free: 486754K (75%)
Known Failure: java.lang.reflect.InvocationTargetException
----------------- testing (KnownFailure) /home/travis/build/icyphy/ptII/ptolemy/domains/de/test/auto/knownFailedTests/dependencyLoop.xml
2 ms. Memory: 647168K Free: 430264K (66%)
Known Failure: java.lang.reflect.InvocationTargetException
----------------- testing (KnownFailure) /home/travis/build/icyphy/ptII/ptolemy/domains/de/test/auto/knownFailedTests/dependencyLoop2.xml
4 ms. Memory: 647168K Free: 373774K (58%)
Known Failure: java.lang.reflect.InvocationTargetException
No auto/linux-amd64/*.xml tests in /home/travis/build/icyphy/ptII/ptolemy/domains/de/test
AutoTests.java: About to close Vertx.
AutoTests.java: Vertx closed.

===========================================================================================
----------------- testing Fri May 24 04:27:13 UTC 2019 /home/travis/build/icyphy/ptII/ptolemy/domains/de/test/auto/ActorDepthCalculation_actorWithoutPorts.xml
----------------- Instantiating /home/travis/build/icyphy/ptII/ptolemy/domains/de/test/auto/ActorDepthCalculation_actorWithoutPorts.xml
3 ms. Memory: 647168K Free: 317300K (49%)
----------------- Invoking toplevel() on ptolemy.moml.MoMLSimpleApplication@5eeb09b1
----------------- Done invoking toplevel() on ptolemy.moml.MoMLSimpleApplication@5eeb09b1
reloadAllAccessors: .ActorDepthCalculation_actorWithoutPorts

===========================================================================================
----------------- testing Fri May 24 04:27:13 UTC 2019 /home/travis/build/icyphy/ptII/ptolemy/domains/de/test/auto/AssemblyLine.xml
----------------- Instantiating /home/travis/build/icyphy/ptII/ptolemy/domains/de/test/auto/AssemblyLine.xml
2 ms. Memory: 647168K Free: 294711K (46%)
----------------- Invoking toplevel() on ptolemy.moml.MoMLSimpleApplication@7d5674e5
----------------- Done invoking toplevel() on ptolemy.moml.MoMLSimpleApplication@7d5674e5
reloadAllAccessors: .AssemblyLine

===========================================================================================
----------------- testing Fri May 24 04:27:13 UTC 2019 /home/travis/build/icyphy/ptII/ptolemy/domains/de/test/auto/CQBug1.xml
----------------- Instantiating /home/travis/build/icyphy/ptII/ptolemy/domains/de/test/auto/CQBug1.xml
1 ms. Memory: 647168K Free: 272121K (42%)
----------------- Invoking toplevel() on ptolemy.moml.MoMLSimpleApplication@27fc6731
----------------- Done invoking toplevel() on ptolemy.moml.MoMLSimpleApplication@27fc6731
reloadAllAccessors: .CQBug1

===========================================================================================
----------------- testing Fri May 24 04:27:13 UTC 2019 /home/travis/build/icyphy/ptII/ptolemy/domains/de/test/auto/CancelFireAt.xml
----------------- Instantiating /home/travis/build/icyphy/ptII/ptolemy/domains/de/test/auto/CancelFireAt.xml
0 ms. Memory: 647168K Free: 249532K (39%)
----------------- Invoking toplevel() on ptolemy.moml.MoMLSimpleApplication@471ab58b
----------------- Done invoking toplevel() on ptolemy.moml.MoMLSimpleApplication@471ab58b
reloadAllAccessors: .CancelFireAt

===========================================================================================
----------------- testing Fri May 24 04:27:13 UTC 2019 /home/travis/build/icyphy/ptII/ptolemy/domains/de/test/auto/CausalityAndComposabilityAnalysis.xml
----------------- Instantiating /home/travis/build/icyphy/ptII/ptolemy/domains/de/test/auto/CausalityAndComposabilityAnalysis.xml
1 ms. Memory: 647168K Free: 226942K (35%)
----------------- Invoking toplevel() on ptolemy.moml.MoMLSimpleApplication@175eac77
----------------- Done invoking toplevel() on ptolemy.moml.MoMLSimpleApplication@175eac77
reloadAllAccessors: .CausalityAndComposabilityAnalysis

===========================================================================================
----------------- testing Fri May 24 04:27:13 UTC 2019 /home/travis/build/icyphy/ptII/ptolemy/domains/de/test/auto/CausalityInterface1.xml
----------------- Instantiating /home/travis/build/icyphy/ptII/ptolemy/domains/de/test/auto/CausalityInterface1.xml
4 ms. Memory: 647168K Free: 204353K (32%)
----------------- Invoking toplevel() on ptolemy.moml.MoMLSimpleApplication@7439057b
----------------- Done invoking toplevel() on ptolemy.moml.MoMLSimpleApplication@7439057b
reloadAllAccessors: .CausalityInterface1

===========================================================================================
----------------- testing Fri May 24 04:27:13 UTC 2019 /home/travis/build/icyphy/ptII/ptolemy/domains/de/test/auto/CausalityInterface15.xml
----------------- Instantiating /home/travis/build/icyphy/ptII/ptolemy/domains/de/test/auto/CausalityInterface15.xml
2 ms. Memory: 647168K Free: 181763K (28%)
----------------- Invoking toplevel() on ptolemy.moml.MoMLSimpleApplication@57ab084a
----------------- Done invoking toplevel() on ptolemy.moml.MoMLSimpleApplication@57ab084a
reloadAllAccessors: .CausalityInterface15

[...]
java.lang.RuntimeException: Execution failed
	at ptolemy.moml.MoMLSimpleApplication$UnloadThread.run(MoMLSimpleApplication.java:402)
Caused by: ptolemy.kernel.util.IllegalActionException: Test fails in iteration 1.
Value was: 1.0. Should have been: 2.0
  in .DirectFeedback.Test
	at ptolemy.actor.lib.Test.fire(Test.java:268)
	at ptolemy.domains.de.kernel.DEDirector._fire(DEDirector.java:1949)
	at ptolemy.domains.de.kernel.DEDirector.fire(DEDirector.java:502)
	at ptolemy.actor.CompositeActor.fire(CompositeActor.java:455)
	at ptolemy.actor.Manager.iterate(Manager.java:851)
	at ptolemy.actor.Manager.execute(Manager.java:369)
	at ptolemy.actor.Manager.run(Manager.java:1263)
	at ptolemy.actor.Manager$PtolemyRunThread.run(Manager.java:1915)
java.lang.RuntimeException: Execution failed
	at ptolemy.moml.MoMLSimpleApplication$UnloadThread.run(MoMLSimpleApplication.java:402)
Caused by: ptolemy.kernel.util.IllegalActionException: Actor is not ready to fire.  Perhaps UpSample.prefire() returned false? Try debugging the actor by selecting "Listen to Actor".  Also, for SDF check moml for tokenConsumptionRate on input.
  in .DESDFClockTest.Play Bell.Copy1:SDF Director and .DESDFClockTest.Play Bell.UpSample
	at ptolemy.actor.sched.StaticSchedulingDirector.fire(StaticSchedulingDirector.java:227)
	at ptolemy.domains.sdf.kernel.SDFDirector.fire(SDFDirector.java:500)
	at ptolemy.actor.CompositeActor.fire(CompositeActor.java:455)
	at ptolemy.domains.de.kernel.DEDirector._fire(DEDirector.java:1949)
	at ptolemy.domains.de.kernel.DEDirector.fire(DEDirector.java:502)
	at ptolemy.actor.CompositeActor.fire(CompositeActor.java:455)
	at ptolemy.actor.Manager.iterate(Manager.java:851)
	at ptolemy.actor.Manager.execute(Manager.java:369)
	at ptolemy.actor.Manager.run(Manager.java:1263)
	at ptolemy.actor.Manager$PtolemyRunThread.run(Manager.java:1915)
java.lang.reflect.InvocationTargetException
	at sun.reflect.NativeConstructorAccessorImpl.newInstance0(Native Method)
	at sun.reflect.NativeConstructorAccessorImpl.newInstance(NativeConstructorAccessorImpl.java:62)
	at sun.reflect.DelegatingConstructorAccessorImpl.newInstance(DelegatingConstructorAccessorImpl.java:45)
	at java.lang.reflect.Constructor.newInstance(Constructor.java:423)
	at ptolemy.util.test.junit.AutoKnownFailedTests.RunModel(AutoKnownFailedTests.java:105)
	at sun.reflect.NativeMethodAccessorImpl.invoke0(Native Method)
	at sun.reflect.NativeMethodAccessorImpl.invoke(NativeMethodAccessorImpl.java:62)
	at sun.reflect.DelegatingMethodAccessorImpl.invoke(DelegatingMethodAccessorImpl.java:43)
	at java.lang.reflect.Method.invoke(Method.java:498)
	at org.junit.runners.model.FrameworkMethod$1.runReflectiveCall(FrameworkMethod.java:44)
	at org.junit.internal.runners.model.ReflectiveCallable.run(ReflectiveCallable.java:15)
	at org.junit.runners.model.FrameworkMethod.invokeExplosively(FrameworkMethod.java:41)
	at junitparams.internal.InvokeParameterisedMethod.evaluate(InvokeParameterisedMethod.java:102)
	at org.junit.internal.runners.statements.FailOnTimeout$1.run(FailOnTimeout.java:28)
Caused by: ptolemy.kernel.util.IllegalActionException: Actor is not ready to fire.  Perhaps UpSample.prefire() returned false? Try debugging the actor by selecting "Listen to Actor".  Also, for SDF check moml for tokenConsumptionRate on input.
  in .DESDFClockTest.Play Bell.Copy1:SDF Director and .DESDFClockTest.Play Bell.UpSample
	at ptolemy.actor.sched.StaticSchedulingDirector.fire(StaticSchedulingDirector.java:227)
	at ptolemy.domains.sdf.kernel.SDFDirector.fire(SDFDirector.java:500)
	at ptolemy.actor.CompositeActor.fire(CompositeActor.java:455)
	at ptolemy.domains.de.kernel.DEDirector._fire(DEDirector.java:1949)
	at ptolemy.domains.de.kernel.DEDirector.fire(DEDirector.java:502)
	at ptolemy.actor.CompositeActor.fire(CompositeActor.java:455)
	at ptolemy.actor.Manager.iterate(Manager.java:851)
	at ptolemy.actor.Manager.execute(Manager.java:369)
	at ptolemy.actor.Manager.run(Manager.java:1263)
	at ptolemy.actor.Manager$PtolemyRunThread.run(Manager.java:1915)
java.lang.RuntimeException: Execution failed
	at ptolemy.moml.MoMLSimpleApplication$UnloadThread.run(MoMLSimpleApplication.java:402)
Caused by: ptolemy.kernel.util.IllegalActionException: Test fails in iteration 1.
Value was: 1.0. Should have been: 2.0
  in .DirectFeedback.Test
	at ptolemy.actor.lib.Test.fire(Test.java:268)
	at ptolemy.domains.de.kernel.DEDirector._fire(DEDirector.java:1949)
	at ptolemy.domains.de.kernel.DEDirector.fire(DEDirector.java:502)
	at ptolemy.actor.CompositeActor.fire(CompositeActor.java:455)
	at ptolemy.actor.Manager.iterate(Manager.java:851)
	at ptolemy.actor.Manager.execute(Manager.java:369)
	at ptolemy.actor.Manager.run(Manager.java:1263)
	at ptolemy.actor.Manager$PtolemyRunThread.run(Manager.java:1915)
java.lang.reflect.InvocationTargetException
	at sun.reflect.NativeConstructorAccessorImpl.newInstance0(Native Method)
	at sun.reflect.NativeConstructorAccessorImpl.newInstance(NativeConstructorAccessorImpl.java:62)
	at sun.reflect.DelegatingConstructorAccessorImpl.newInstance(DelegatingConstructorAccessorImpl.java:45)
	at java.lang.reflect.Constructor.newInstance(Constructor.java:423)
	at ptolemy.util.test.junit.AutoKnownFailedTests.RunModel(AutoKnownFailedTests.java:105)
	at sun.reflect.NativeMethodAccessorImpl.invoke0(Native Method)
	at sun.reflect.NativeMethodAccessorImpl.invoke(NativeMethodAccessorImpl.java:62)
	at sun.reflect.DelegatingMethodAccessorImpl.invoke(DelegatingMethodAccessorImpl.java:43)
	at java.lang.reflect.Method.invoke(Method.java:498)
	at org.junit.runners.model.FrameworkMethod$1.runReflectiveCall(FrameworkMethod.java:44)
	at org.junit.internal.runners.model.ReflectiveCallable.run(ReflectiveCallable.java:15)
	at org.junit.runners.model.FrameworkMethod.invokeExplosively(FrameworkMethod.java:41)
	at junitparams.internal.InvokeParameterisedMethod.evaluate(InvokeParameterisedMethod.java:102)
	at org.junit.internal.runners.statements.FailOnTimeout$1.run(FailOnTimeout.java:28)
Caused by: ptolemy.kernel.util.IllegalActionException: Test fails in iteration 1.
Value was: 1.0. Should have been: 2.0
  in .DirectFeedback.Test
	at ptolemy.actor.lib.Test.fire(Test.java:268)
	at ptolemy.domains.de.kernel.DEDirector._fire(DEDirector.java:1949)
	at ptolemy.domains.de.kernel.DEDirector.fire(DEDirector.java:502)
	at ptolemy.actor.CompositeActor.fire(CompositeActor.java:455)
	at ptolemy.actor.Manager.iterate(Manager.java:851)
	at ptolemy.actor.Manager.execute(Manager.java:369)
	at ptolemy.actor.Manager.run(Manager.java:1263)
	at ptolemy.actor.Manager$PtolemyRunThread.run(Manager.java:1915)
java.lang.RuntimeException: Execution failed
	at ptolemy.moml.MoMLSimpleApplication$UnloadThread.run(MoMLSimpleApplication.java:402)
Caused by: ptolemy.kernel.util.IllegalActionException: Found a zero delay loop containing .HierarchicalModel.A
  in .HierarchicalModel and .HierarchicalModel.A
	at ptolemy.actor.util.CausalityInterfaceForComposites._computeOutputPortDepth(CausalityInterfaceForComposites.java:759)
	at ptolemy.actor.util.CausalityInterfaceForComposites._computeInputDepth(CausalityInterfaceForComposites.java:696)
	at ptolemy.actor.util.CausalityInterfaceForComposites._computeOutputPortDepth(CausalityInterfaceForComposites.java:765)
	at ptolemy.actor.util.CausalityInterfaceForComposites._computeInputDepth(CausalityInterfaceForComposites.java:696)
	at ptolemy.actor.util.CausalityInterfaceForComposites._computeOutputPortDepth(CausalityInterfaceForComposites.java:765)
	at ptolemy.actor.util.CausalityInterfaceForComposites._computeInputDepth(CausalityInterfaceForComposites.java:696)
	at ptolemy.actor.util.CausalityInterfaceForComposites._computeActorDepth(CausalityInterfaceForComposites.java:532)
	at ptolemy.actor.util.CausalityInterfaceForComposites.checkForCycles(CausalityInterfaceForComposites.java:96)
	at ptolemy.domains.de.kernel.DEDirector.preinitialize(DEDirector.java:1338)
	at ptolemy.actor.CompositeActor.preinitialize(CompositeActor.java:1828)
	at ptolemy.actor.Manager.preinitializeAndResolveTypes(Manager.java:1040)
	at ptolemy.actor.Manager.initialize(Manager.java:710)
	at ptolemy.actor.Manager.execute(Manager.java:356)
	at ptolemy.actor.Manager.run(Manager.java:1263)
	at ptolemy.actor.Manager$PtolemyRunThread.run(Manager.java:1915)
java.lang.reflect.InvocationTargetException
	at sun.reflect.NativeConstructorAccessorImpl.newInstance0(Native Method)
	at sun.reflect.NativeConstructorAccessorImpl.newInstance(NativeConstructorAccessorImpl.java:62)
	at sun.reflect.DelegatingConstructorAccessorImpl.newInstance(DelegatingConstructorAccessorImpl.java:45)
	at java.lang.reflect.Constructor.newInstance(Constructor.java:423)
	at ptolemy.util.test.junit.AutoKnownFailedTests.RunModel(AutoKnownFailedTests.java:105)
	at sun.reflect.NativeMethodAccessorImpl.invoke0(Native Method)
	at sun.reflect.NativeMethodAccessorImpl.invoke(NativeMethodAccessorImpl.java:62)
	at sun.reflect.DelegatingMethodAccessorImpl.invoke(DelegatingMethodAccessorImpl.java:43)
	at java.lang.reflect.Method.invoke(Method.java:498)
	at org.junit.runners.model.FrameworkMethod$1.runReflectiveCall(FrameworkMethod.java:44)
	at org.junit.internal.runners.model.ReflectiveCallable.run(ReflectiveCallable.java:15)
	at org.junit.runners.model.FrameworkMethod.invokeExplosively(FrameworkMethod.java:41)
	at junitparams.internal.InvokeParameterisedMethod.evaluate(InvokeParameterisedMethod.java:102)
	at org.junit.internal.runners.statements.FailOnTimeout$1.run(FailOnTimeout.java:28)
Caused by: ptolemy.kernel.util.IllegalActionException: Found a zero delay loop containing .HierarchicalModel.A
  in .HierarchicalModel and .HierarchicalModel.A
	at ptolemy.actor.util.CausalityInterfaceForComposites._computeOutputPortDepth(CausalityInterfaceForComposites.java:759)
	at ptolemy.actor.util.CausalityInterfaceForComposites._computeInputDepth(CausalityInterfaceForComposites.java:696)
	at ptolemy.actor.util.CausalityInterfaceForComposites._computeOutputPortDepth(CausalityInterfaceForComposites.java:765)
	at ptolemy.actor.util.CausalityInterfaceForComposites._computeInputDepth(CausalityInterfaceForComposites.java:696)
	at ptolemy.actor.util.CausalityInterfaceForComposites._computeOutputPortDepth(CausalityInterfaceForComposites.java:765)
	at ptolemy.actor.util.CausalityInterfaceForComposites._computeInputDepth(CausalityInterfaceForComposites.java:696)
	at ptolemy.actor.util.CausalityInterfaceForComposites._computeActorDepth(CausalityInterfaceForComposites.java:532)
	at ptolemy.actor.util.CausalityInterfaceForComposites.checkForCycles(CausalityInterfaceForComposites.java:96)
	at ptolemy.domains.de.kernel.DEDirector.preinitialize(DEDirector.java:1338)
	at ptolemy.actor.CompositeActor.preinitialize(CompositeActor.java:1828)
	at ptolemy.actor.Manager.preinitializeAndResolveTypes(Manager.java:1040)
	at ptolemy.actor.Manager.initialize(Manager.java:710)
	at ptolemy.actor.Manager.execute(Manager.java:356)
	at ptolemy.actor.Manager.run(Manager.java:1263)
	at ptolemy.actor.Manager$PtolemyRunThread.run(Manager.java:1915)
java.lang.RuntimeException: Execution failed
	at ptolemy.moml.MoMLSimpleApplication$UnloadThread.run(MoMLSimpleApplication.java:402)
Caused by: ptolemy.kernel.util.IllegalActionException: Found a zero delay loop containing .dependencyLoop.original
  in .dependencyLoop and .dependencyLoop.original
	at ptolemy.actor.util.CausalityInterfaceForComposites._computeOutputPortDepth(CausalityInterfaceForComposites.java:759)
	at ptolemy.actor.util.CausalityInterfaceForComposites._computeInputDepth(CausalityInterfaceForComposites.java:696)
	at ptolemy.actor.util.CausalityInterfaceForComposites._computeOutputPortDepth(CausalityInterfaceForComposites.java:765)
	at ptolemy.actor.util.CausalityInterfaceForComposites._computeInputDepth(CausalityInterfaceForComposites.java:696)
	at ptolemy.actor.util.CausalityInterfaceForComposites._computeOutputPortDepth(CausalityInterfaceForComposites.java:765)
	at ptolemy.actor.util.CausalityInterfaceForComposites._computeInputDepth(CausalityInterfaceForComposites.java:696)
	at ptolemy.actor.util.CausalityInterfaceForComposites._computeActorDepth(CausalityInterfaceForComposites.java:532)
	at ptolemy.actor.util.CausalityInterfaceForComposites.checkForCycles(CausalityInterfaceForComposites.java:96)
	at ptolemy.domains.de.kernel.DEDirector.preinitialize(DEDirector.java:1338)
	at ptolemy.actor.CompositeActor.preinitialize(CompositeActor.java:1828)
	at ptolemy.actor.Manager.preinitializeAndResolveTypes(Manager.java:1040)
	at ptolemy.actor.Manager.initialize(Manager.java:710)
	at ptolemy.actor.Manager.execute(Manager.java:356)
	at ptolemy.actor.Manager.run(Manager.java:1263)
	at ptolemy.actor.Manager$PtolemyRunThread.run(Manager.java:1915)
java.lang.reflect.InvocationTargetException
	at sun.reflect.NativeConstructorAccessorImpl.newInstance0(Native Method)
	at sun.reflect.NativeConstructorAccessorImpl.newInstance(NativeConstructorAccessorImpl.java:62)
	at sun.reflect.DelegatingConstructorAccessorImpl.newInstance(DelegatingConstructorAccessorImpl.java:45)
	at java.lang.reflect.Constructor.newInstance(Constructor.java:423)
	at ptolemy.util.test.junit.AutoKnownFailedTests.RunModel(AutoKnownFailedTests.java:105)
	at sun.reflect.NativeMethodAccessorImpl.invoke0(Native Method)
	at sun.reflect.NativeMethodAccessorImpl.invoke(NativeMethodAccessorImpl.java:62)
	at sun.reflect.DelegatingMethodAccessorImpl.invoke(DelegatingMethodAccessorImpl.java:43)
	at java.lang.reflect.Method.invoke(Method.java:498)
	at org.junit.runners.model.FrameworkMethod$1.runReflectiveCall(FrameworkMethod.java:44)
	at org.junit.internal.runners.model.ReflectiveCallable.run(ReflectiveCallable.java:15)
	at org.junit.runners.model.FrameworkMethod.invokeExplosively(FrameworkMethod.java:41)
	at junitparams.internal.InvokeParameterisedMethod.evaluate(InvokeParameterisedMethod.java:102)
	at org.junit.internal.runners.statements.FailOnTimeout$1.run(FailOnTimeout.java:28)
Caused by: ptolemy.kernel.util.IllegalActionException: Found a zero delay loop containing .dependencyLoop.original
  in .dependencyLoop and .dependencyLoop.original
	at ptolemy.actor.util.CausalityInterfaceForComposites._computeOutputPortDepth(CausalityInterfaceForComposites.java:759)
	at ptolemy.actor.util.CausalityInterfaceForComposites._computeInputDepth(CausalityInterfaceForComposites.java:696)
	at ptolemy.actor.util.CausalityInterfaceForComposites._computeOutputPortDepth(CausalityInterfaceForComposites.java:765)
	at ptolemy.actor.util.CausalityInterfaceForComposites._computeInputDepth(CausalityInterfaceForComposites.java:696)
	at ptolemy.actor.util.CausalityInterfaceForComposites._computeOutputPortDepth(CausalityInterfaceForComposites.java:765)
	at ptolemy.actor.util.CausalityInterfaceForComposites._computeInputDepth(CausalityInterfaceForComposites.java:696)
	at ptolemy.actor.util.CausalityInterfaceForComposites._computeActorDepth(CausalityInterfaceForComposites.java:532)
	at ptolemy.actor.util.CausalityInterfaceForComposites.checkForCycles(CausalityInterfaceForComposites.java:96)
	at ptolemy.domains.de.kernel.DEDirector.preinitialize(DEDirector.java:1338)
	at ptolemy.actor.CompositeActor.preinitialize(CompositeActor.java:1828)
	at ptolemy.actor.Manager.preinitializeAndResolveTypes(Manager.java:1040)
	at ptolemy.actor.Manager.initialize(Manager.java:710)
	at ptolemy.actor.Manager.execute(Manager.java:356)
	at ptolemy.actor.Manager.run(Manager.java:1263)
	at ptolemy.actor.Manager$PtolemyRunThread.run(Manager.java:1915)
java.lang.RuntimeException: Execution failed
	at ptolemy.moml.MoMLSimpleApplication$UnloadThread.run(MoMLSimpleApplication.java:402)
Caused by: ptolemy.kernel.util.IllegalActionException: Found a zero delay loop containing .dependencyLoop2.original
  in .dependencyLoop2 and .dependencyLoop2.original
	at ptolemy.actor.util.CausalityInterfaceForComposites._computeOutputPortDepth(CausalityInterfaceForComposites.java:759)
	at ptolemy.actor.util.CausalityInterfaceForComposites._computeInputDepth(CausalityInterfaceForComposites.java:696)
	at ptolemy.actor.util.CausalityInterfaceForComposites._computeOutputPortDepth(CausalityInterfaceForComposites.java:765)
	at ptolemy.actor.util.CausalityInterfaceForComposites._computeInputDepth(CausalityInterfaceForComposites.java:696)
	at ptolemy.actor.util.CausalityInterfaceForComposites._computeOutputPortDepth(CausalityInterfaceForComposites.java:765)
	at ptolemy.actor.util.CausalityInterfaceForComposites._computeInputDepth(CausalityInterfaceForComposites.java:696)
	at ptolemy.actor.util.CausalityInterfaceForComposites._computeActorDepth(CausalityInterfaceForComposites.java:532)
	at ptolemy.actor.util.CausalityInterfaceForComposites.checkForCycles(CausalityInterfaceForComposites.java:96)
	at ptolemy.domains.de.kernel.DEDirector.preinitialize(DEDirector.java:1338)
	at ptolemy.actor.CompositeActor.preinitialize(CompositeActor.java:1828)
	at ptolemy.actor.Manager.preinitializeAndResolveTypes(Manager.java:1040)
	at ptolemy.actor.Manager.initialize(Manager.java:710)
	at ptolemy.actor.Manager.execute(Manager.java:356)
	at ptolemy.actor.Manager.run(Manager.java:1263)
	at ptolemy.actor.Manager$PtolemyRunThread.run(Manager.java:1915)
java.lang.reflect.InvocationTargetException
	at sun.reflect.NativeConstructorAccessorImpl.newInstance0(Native Method)
	at sun.reflect.NativeConstructorAccessorImpl.newInstance(NativeConstructorAccessorImpl.java:62)
	at sun.reflect.DelegatingConstructorAccessorImpl.newInstance(DelegatingConstructorAccessorImpl.java:45)
	at java.lang.reflect.Constructor.newInstance(Constructor.java:423)
	at ptolemy.util.test.junit.AutoKnownFailedTests.RunModel(AutoKnownFailedTests.java:105)
	at sun.reflect.NativeMethodAccessorImpl.invoke0(Native Method)
	at sun.reflect.NativeMethodAccessorImpl.invoke(NativeMethodAccessorImpl.java:62)
	at sun.reflect.DelegatingMethodAccessorImpl.invoke(DelegatingMethodAccessorImpl.java:43)
	at java.lang.reflect.Method.invoke(Method.java:498)
	at org.junit.runners.model.FrameworkMethod$1.runReflectiveCall(FrameworkMethod.java:44)
	at org.junit.internal.runners.model.ReflectiveCallable.run(ReflectiveCallable.java:15)
	at org.junit.runners.model.FrameworkMethod.invokeExplosively(FrameworkMethod.java:41)
	at junitparams.internal.InvokeParameterisedMethod.evaluate(InvokeParameterisedMethod.java:102)
	at org.junit.internal.runners.statements.FailOnTimeout$1.run(FailOnTimeout.java:28)
Caused by: ptolemy.kernel.util.IllegalActionException: Found a zero delay loop containing .dependencyLoop2.original
  in .dependencyLoop2 and .dependencyLoop2.original
	at ptolemy.actor.util.CausalityInterfaceForComposites._computeOutputPortDepth(CausalityInterfaceForComposites.java:759)
	at ptolemy.actor.util.CausalityInterfaceForComposites._computeInputDepth(CausalityInterfaceForComposites.java:696)
	at ptolemy.actor.util.CausalityInterfaceForComposites._computeOutputPortDepth(CausalityInterfaceForComposites.java:765)
	at ptolemy.actor.util.CausalityInterfaceForComposites._computeInputDepth(CausalityInterfaceForComposites.java:696)
	at ptolemy.actor.util.CausalityInterfaceForComposites._computeOutputPortDepth(CausalityInterfaceForComposites.java:765)
	at ptolemy.actor.util.CausalityInterfaceForComposites._computeInputDepth(CausalityInterfaceForComposites.java:696)
	at ptolemy.actor.util.CausalityInterfaceForComposites._computeActorDepth(CausalityInterfaceForComposites.java:532)
	at ptolemy.actor.util.CausalityInterfaceForComposites.checkForCycles(CausalityInterfaceForComposites.java:96)
	at ptolemy.domains.de.kernel.DEDirector.preinitialize(DEDirector.java:1338)
	at ptolemy.actor.CompositeActor.preinitialize(CompositeActor.java:1828)
	at ptolemy.actor.Manager.preinitializeAndResolveTypes(Manager.java:1040)
	at ptolemy.actor.Manager.initialize(Manager.java:710)
	at ptolemy.actor.Manager.execute(Manager.java:356)
	at ptolemy.actor.Manager.run(Manager.java:1263)
	at ptolemy.actor.Manager$PtolemyRunThread.run(Manager.java:1915)
]]></system-err>
</testsuite>
