<?xml version="1.0" encoding="UTF-8" ?>
<testsuite errors="0" failures="0" hostname="travis-job-a0223c48-37c9-46b5-ad97-2bb6c9e5df33" name="ptolemy.domains.de.test.junit.JUnitTclTest" skipped="0" tests="101" time="120.233" timestamp="2020-03-08T07:08:15">
  <properties>
[...]
</properties>
  <testcase classname="ptolemy.util.test.junit.TclTests" name="[0] /home/travis/build/icyphy/ptII/ptolemy/domains/de/test/DependencyLoop.tcl (RunTclFile)" time="0.93" />
  <testcase classname="ptolemy.util.test.junit.TclTests" name="[1] /home/travis/build/icyphy/ptII/ptolemy/domains/de/test/RunDETestsAsQSS.tcl (RunTclFile)" time="81.599" />
  <testcase classname="ptolemy.util.test.junit.AutoKnownFailedTests" name="[0] /home/travis/build/icyphy/ptII/ptolemy/domains/de/test/auto/knownFailedTests/DESDFClockTest.xml (RunModel)" time="2.042" />
  <testcase classname="ptolemy.util.test.junit.AutoKnownFailedTests" name="[1] /home/travis/build/icyphy/ptII/ptolemy/domains/de/test/auto/knownFailedTests/DirectFeedback.xml (RunModel)" time="0.024" />
  <testcase classname="ptolemy.util.test.junit.AutoKnownFailedTests" name="[2] /home/travis/build/icyphy/ptII/ptolemy/domains/de/test/auto/knownFailedTests/FSMSource.xml (RunModel)" time="0.026" />
  <testcase classname="ptolemy.util.test.junit.AutoKnownFailedTests" name="[3] /home/travis/build/icyphy/ptII/ptolemy/domains/de/test/auto/knownFailedTests/HierarchicalModel.xml (RunModel)" time="0.044" />
  <testcase classname="ptolemy.util.test.junit.AutoKnownFailedTests" name="[4] /home/travis/build/icyphy/ptII/ptolemy/domains/de/test/auto/knownFailedTests/dependencyLoop.xml (RunModel)" time="0.046" />
  <testcase classname="ptolemy.util.test.junit.AutoKnownFailedTests" name="[5] /home/travis/build/icyphy/ptII/ptolemy/domains/de/test/auto/knownFailedTests/dependencyLoop2.xml (RunModel)" time="0.039" />
  <testcase classname="ptolemy.util.test.junit.AutoNameArchTests" name="[0] ThereAreNoAutoArchTests (RunModel)" time="0.001" />
  <testcase classname="ptolemy.util.test.junit.AutoTests" name="[0] /home/travis/build/icyphy/ptII/ptolemy/domains/de/test/auto/ActorDepthCalculation_actorWithoutPorts.xml (RunModel)" time="0.018" />
  <testcase classname="ptolemy.util.test.junit.AutoTests" name="[1] /home/travis/build/icyphy/ptII/ptolemy/domains/de/test/auto/AssemblyLine.xml (RunModel)" time="0.021" />
  <testcase classname="ptolemy.util.test.junit.AutoTests" name="[2] /home/travis/build/icyphy/ptII/ptolemy/domains/de/test/auto/CQBug1.xml (RunModel)" time="0.015" />
  <testcase classname="ptolemy.util.test.junit.AutoTests" name="[3] /home/travis/build/icyphy/ptII/ptolemy/domains/de/test/auto/CancelFireAt.xml (RunModel)" time="0.012" />
  <testcase classname="ptolemy.util.test.junit.AutoTests" name="[4] /home/travis/build/icyphy/ptII/ptolemy/domains/de/test/auto/CausalityAndComposabilityAnalysis.xml (RunModel)" time="0.011" />
  <testcase classname="ptolemy.util.test.junit.AutoTests" name="[5] /home/travis/build/icyphy/ptII/ptolemy/domains/de/test/auto/CausalityInterface1.xml (RunModel)" time="0.017" />
  <testcase classname="ptolemy.util.test.junit.AutoTests" name="[6] /home/travis/build/icyphy/ptII/ptolemy/domains/de/test/auto/CausalityInterface15.xml (RunModel)" time="0.013" />
  <testcase classname="ptolemy.util.test.junit.AutoTests" name="[7] /home/travis/build/icyphy/ptII/ptolemy/domains/de/test/auto/CausalityInterface2.xml (RunModel)" time="0.011" />
  <testcase classname="ptolemy.util.test.junit.AutoTests" name="[8] /home/travis/build/icyphy/ptII/ptolemy/domains/de/test/auto/CausalityInterface3.xml (RunModel)" time="0.023" />
  <testcase classname="ptolemy.util.test.junit.AutoTests" name="[9] /home/travis/build/icyphy/ptII/ptolemy/domains/de/test/auto/ClockDrift.xml (RunModel)" time="0.033" />
  <testcase classname="ptolemy.util.test.junit.AutoTests" name="[10] /home/travis/build/icyphy/ptII/ptolemy/domains/de/test/auto/ClockDriftAndValueChange.xml (RunModel)" time="0.03" />
  <testcase classname="ptolemy.util.test.junit.AutoTests" name="[11] /home/travis/build/icyphy/ptII/ptolemy/domains/de/test/auto/ClockDriftChange.xml (RunModel)" time="0.035" />
  <testcase classname="ptolemy.util.test.junit.AutoTests" name="[12] /home/travis/build/icyphy/ptII/ptolemy/domains/de/test/auto/ComposableCausalityAnalysis.xml (RunModel)" time="0.013" />
  <testcase classname="ptolemy.util.test.junit.AutoTests" name="[13] /home/travis/build/icyphy/ptII/ptolemy/domains/de/test/auto/DEFixedPointLimitation.xml (RunModel)" time="0.008" />
  <testcase classname="ptolemy.util.test.junit.AutoTests" name="[14] /home/travis/build/icyphy/ptII/ptolemy/domains/de/test/auto/DEScheduleTest.xml (RunModel)" time="0.012" />
  <testcase classname="ptolemy.util.test.junit.AutoTests" name="[15] /home/travis/build/icyphy/ptII/ptolemy/domains/de/test/auto/DEinDEwithStartTimes.xml (RunModel)" time="0.014" />
  <testcase classname="ptolemy.util.test.junit.AutoTests" name="[16] /home/travis/build/icyphy/ptII/ptolemy/domains/de/test/auto/DEinDEwithStartTimes2.xml (RunModel)" time="0.02" />
  <testcase classname="ptolemy.util.test.junit.AutoTests" name="[17] /home/travis/build/icyphy/ptII/ptolemy/domains/de/test/auto/DateDemo.xml (RunModel)" time="0.031" />
  <testcase classname="ptolemy.util.test.junit.AutoTests" name="[18] /home/travis/build/icyphy/ptII/ptolemy/domains/de/test/auto/DateToEvent.xml (RunModel)" time="2.039" />
  <testcase classname="ptolemy.util.test.junit.AutoTests" name="[19] /home/travis/build/icyphy/ptII/ptolemy/domains/de/test/auto/DepthTest1.xml (RunModel)" time="0.011" />
  <testcase classname="ptolemy.util.test.junit.AutoTests" name="[20] /home/travis/build/icyphy/ptII/ptolemy/domains/de/test/auto/DepthTest2.xml (RunModel)" time="0.018" />
  <testcase classname="ptolemy.util.test.junit.AutoTests" name="[21] /home/travis/build/icyphy/ptII/ptolemy/domains/de/test/auto/DepthTest3.xml (RunModel)" time="0.007" />
  <testcase classname="ptolemy.util.test.junit.AutoTests" name="[22] /home/travis/build/icyphy/ptII/ptolemy/domains/de/test/auto/DepthTest4.xml (RunModel)" time="0.02" />
  <testcase classname="ptolemy.util.test.junit.AutoTests" name="[23] /home/travis/build/icyphy/ptII/ptolemy/domains/de/test/auto/DepthTest5.xml (RunModel)" time="0.024" />
  <testcase classname="ptolemy.util.test.junit.AutoTests" name="[24] /home/travis/build/icyphy/ptII/ptolemy/domains/de/test/auto/DepthTest6.xml (RunModel)" time="0.015" />
  <testcase classname="ptolemy.util.test.junit.AutoTests" name="[25] /home/travis/build/icyphy/ptII/ptolemy/domains/de/test/auto/DepthTest7.xml (RunModel)" time="0.011" />
  <testcase classname="ptolemy.util.test.junit.AutoTests" name="[26] /home/travis/build/icyphy/ptII/ptolemy/domains/de/test/auto/EventToDate.xml (RunModel)" time="3.05" />
  <testcase classname="ptolemy.util.test.junit.AutoTests" name="[27] /home/travis/build/icyphy/ptII/ptolemy/domains/de/test/auto/FSM1.xml (RunModel)" time="0.045" />
  <testcase classname="ptolemy.util.test.junit.AutoTests" name="[28] /home/travis/build/icyphy/ptII/ptolemy/domains/de/test/auto/FSM7.xml (RunModel)" time="0.041" />
  <testcase classname="ptolemy.util.test.junit.AutoTests" name="[29] /home/travis/build/icyphy/ptII/ptolemy/domains/de/test/auto/Inspection.xml (RunModel)" time="0.042" />
  <testcase classname="ptolemy.util.test.junit.AutoTests" name="[30] /home/travis/build/icyphy/ptII/ptolemy/domains/de/test/auto/Iteration.xml (RunModel)" time="0.025" />
  <testcase classname="ptolemy.util.test.junit.AutoTests" name="[31] /home/travis/build/icyphy/ptII/ptolemy/domains/de/test/auto/LineFault.xml (RunModel)" time="0.517" />
  <testcase classname="ptolemy.util.test.junit.AutoTests" name="[32] /home/travis/build/icyphy/ptII/ptolemy/domains/de/test/auto/MergeModel1Add.xml (RunModel)" time="0.053" />
  <testcase classname="ptolemy.util.test.junit.AutoTests" name="[33] /home/travis/build/icyphy/ptII/ptolemy/domains/de/test/auto/MergeModel2Add.xml (RunModel)" time="0.034" />
  <testcase classname="ptolemy.util.test.junit.AutoTests" name="[34] /home/travis/build/icyphy/ptII/ptolemy/domains/de/test/auto/MergeModel3Add.xml (RunModel)" time="0.049" />
  <testcase classname="ptolemy.util.test.junit.AutoTests" name="[35] /home/travis/build/icyphy/ptII/ptolemy/domains/de/test/auto/MergeWithoutDiscard.xml (RunModel)" time="0.01" />
  <testcase classname="ptolemy.util.test.junit.AutoTests" name="[36] /home/travis/build/icyphy/ptII/ptolemy/domains/de/test/auto/Modal1.xml (RunModel)" time="0.024" />
  <testcase classname="ptolemy.util.test.junit.AutoTests" name="[37] /home/travis/build/icyphy/ptII/ptolemy/domains/de/test/auto/Modal2.xml (RunModel)" time="0.027" />
  <testcase classname="ptolemy.util.test.junit.AutoTests" name="[38] /home/travis/build/icyphy/ptII/ptolemy/domains/de/test/auto/Modal3.xml (RunModel)" time="0.025" />
  <testcase classname="ptolemy.util.test.junit.AutoTests" name="[39] /home/travis/build/icyphy/ptII/ptolemy/domains/de/test/auto/Modal4.xml (RunModel)" time="0.028" />
  <testcase classname="ptolemy.util.test.junit.AutoTests" name="[40] /home/travis/build/icyphy/ptII/ptolemy/domains/de/test/auto/Modal5.xml (RunModel)" time="0.029" />
  <testcase classname="ptolemy.util.test.junit.AutoTests" name="[41] /home/travis/build/icyphy/ptII/ptolemy/domains/de/test/auto/Modal6.xml (RunModel)" time="0.025" />
  <testcase classname="ptolemy.util.test.junit.AutoTests" name="[42] /home/travis/build/icyphy/ptII/ptolemy/domains/de/test/auto/Modal7.xml (RunModel)" time="0.029" />
  <testcase classname="ptolemy.util.test.junit.AutoTests" name="[43] /home/travis/build/icyphy/ptII/ptolemy/domains/de/test/auto/ModalModel.xml (RunModel)" time="0.165" />
  <testcase classname="ptolemy.util.test.junit.AutoTests" name="[44] /home/travis/build/icyphy/ptII/ptolemy/domains/de/test/auto/ModalSource.xml (RunModel)" time="0.024" />
  <testcase classname="ptolemy.util.test.junit.AutoTests" name="[45] /home/travis/build/icyphy/ptII/ptolemy/domains/de/test/auto/NonInterruptibleTimerZeroDelay.xml (RunModel)" time="0.009" />
  <testcase classname="ptolemy.util.test.junit.AutoTests" name="[46] /home/travis/build/icyphy/ptII/ptolemy/domains/de/test/auto/OpenQueueingNetwork.xml (RunModel)" time="2.196" />
  <testcase classname="ptolemy.util.test.junit.AutoTests" name="[47] /home/travis/build/icyphy/ptII/ptolemy/domains/de/test/auto/OpenQueuingNetwork.xml (RunModel)" time="0.269" />
  <testcase classname="ptolemy.util.test.junit.AutoTests" name="[48] /home/travis/build/icyphy/ptII/ptolemy/domains/de/test/auto/PeriodicSampler.xml (RunModel)" time="0.008" />
  <testcase classname="ptolemy.util.test.junit.AutoTests" name="[49] /home/travis/build/icyphy/ptII/ptolemy/domains/de/test/auto/PersistentIO.xml (RunModel)" time="0.019" />
  <testcase classname="ptolemy.util.test.junit.AutoTests" name="[50] /home/travis/build/icyphy/ptII/ptolemy/domains/de/test/auto/PortParameterResetOnInitialize.xml (RunModel)" time="0.009" />
  <testcase classname="ptolemy.util.test.junit.AutoTests" name="[51] /home/travis/build/icyphy/ptII/ptolemy/domains/de/test/auto/PortParameterUpdates.xml (RunModel)" time="0.014" />
  <testcase classname="ptolemy.util.test.junit.AutoTests" name="[52] /home/travis/build/icyphy/ptII/ptolemy/domains/de/test/auto/QueueAndServer.xml (RunModel)" time="0.017" />
  <testcase classname="ptolemy.util.test.junit.AutoTests" name="[53] /home/travis/build/icyphy/ptII/ptolemy/domains/de/test/auto/Records.xml (RunModel)" time="0.017" />
  <testcase classname="ptolemy.util.test.junit.AutoTests" name="[54] /home/travis/build/icyphy/ptII/ptolemy/domains/de/test/auto/ResetTransitionWithStartTime1.xml (RunModel)" time="0.015" />
  <testcase classname="ptolemy.util.test.junit.AutoTests" name="[55] /home/travis/build/icyphy/ptII/ptolemy/domains/de/test/auto/ResetTransitionWithStartTime2.xml (RunModel)" time="0.019" />
  <testcase classname="ptolemy.util.test.junit.AutoTests" name="[56] /home/travis/build/icyphy/ptII/ptolemy/domains/de/test/auto/ResetTransitionWithStartTime3.xml (RunModel)" time="0.016" />
  <testcase classname="ptolemy.util.test.junit.AutoTests" name="[57] /home/travis/build/icyphy/ptII/ptolemy/domains/de/test/auto/ResetTransitionWithStartTime4.xml (RunModel)" time="0.016" />
  <testcase classname="ptolemy.util.test.junit.AutoTests" name="[58] /home/travis/build/icyphy/ptII/ptolemy/domains/de/test/auto/ResettableTimer1.xml (RunModel)" time="0.008" />
  <testcase classname="ptolemy.util.test.junit.AutoTests" name="[59] /home/travis/build/icyphy/ptII/ptolemy/domains/de/test/auto/ResettableTimer2.xml (RunModel)" time="0.007" />
  <testcase classname="ptolemy.util.test.junit.AutoTests" name="[60] /home/travis/build/icyphy/ptII/ptolemy/domains/de/test/auto/ResettableTimer3.xml (RunModel)" time="0.007" />
  <testcase classname="ptolemy.util.test.junit.AutoTests" name="[61] /home/travis/build/icyphy/ptII/ptolemy/domains/de/test/auto/ResettableTimer4.xml (RunModel)" time="0.007" />
  <testcase classname="ptolemy.util.test.junit.AutoTests" name="[62] /home/travis/build/icyphy/ptII/ptolemy/domains/de/test/auto/ResettableTimer5.xml (RunModel)" time="0.008" />
  <testcase classname="ptolemy.util.test.junit.AutoTests" name="[63] /home/travis/build/icyphy/ptII/ptolemy/domains/de/test/auto/ResettableTimer6.xml (RunModel)" time="0.019" />
  <testcase classname="ptolemy.util.test.junit.AutoTests" name="[64] /home/travis/build/icyphy/ptII/ptolemy/domains/de/test/auto/ServerZeroDelay.xml (RunModel)" time="0.008" />
  <testcase classname="ptolemy.util.test.junit.AutoTests" name="[65] /home/travis/build/icyphy/ptII/ptolemy/domains/de/test/auto/SmartSender.xml (RunModel)" time="3.006" />
  <testcase classname="ptolemy.util.test.junit.AutoTests" name="[66] /home/travis/build/icyphy/ptII/ptolemy/domains/de/test/auto/ThreadedComposite.xml (RunModel)" time="0.102" />
  <testcase classname="ptolemy.util.test.junit.AutoTests" name="[67] /home/travis/build/icyphy/ptII/ptolemy/domains/de/test/auto/Time.xml (RunModel)" time="0.343" />
  <testcase classname="ptolemy.util.test.junit.AutoTests" name="[68] /home/travis/build/icyphy/ptII/ptolemy/domains/de/test/auto/TimeDelayZeroDelay.xml (RunModel)" time="0.01" />
  <testcase classname="ptolemy.util.test.junit.AutoTests" name="[69] /home/travis/build/icyphy/ptII/ptolemy/domains/de/test/auto/TimerZeroDelay.xml (RunModel)" time="0.017" />
  <testcase classname="ptolemy.util.test.junit.AutoTests" name="[70] /home/travis/build/icyphy/ptII/ptolemy/domains/de/test/auto/TimingParadox.xml (RunModel)" time="0.321" />
  <testcase classname="ptolemy.util.test.junit.AutoTests" name="[71] /home/travis/build/icyphy/ptII/ptolemy/domains/de/test/auto/TransferInputs.xml (RunModel)" time="0.016" />
  <testcase classname="ptolemy.util.test.junit.AutoTests" name="[72] /home/travis/build/icyphy/ptII/ptolemy/domains/de/test/auto/TransferOutputs2.xml (RunModel)" time="0.014" />
  <testcase classname="ptolemy.util.test.junit.AutoTests" name="[73] /home/travis/build/icyphy/ptII/ptolemy/domains/de/test/auto/Trilateration.xml (RunModel)" time="9.929" />
  <testcase classname="ptolemy.util.test.junit.AutoTests" name="[74] /home/travis/build/icyphy/ptII/ptolemy/domains/de/test/auto/TwoSigmaDelta.xml (RunModel)" time="1.708" />
  <testcase classname="ptolemy.util.test.junit.AutoTests" name="[75] /home/travis/build/icyphy/ptII/ptolemy/domains/de/test/auto/VariableDelay.xml (RunModel)" time="0.018" />
  <testcase classname="ptolemy.util.test.junit.AutoTests" name="[76] /home/travis/build/icyphy/ptII/ptolemy/domains/de/test/auto/VariableDelay2.xml (RunModel)" time="0.01" />
  <testcase classname="ptolemy.util.test.junit.AutoTests" name="[77] /home/travis/build/icyphy/ptII/ptolemy/domains/de/test/auto/VariableDelayZeroDelay.xml (RunModel)" time="0.012" />
  <testcase classname="ptolemy.util.test.junit.AutoTests" name="[78] /home/travis/build/icyphy/ptII/ptolemy/domains/de/test/auto/VariableDelayZeroDelay2.xml (RunModel)" time="0.008" />
  <testcase classname="ptolemy.util.test.junit.AutoTests" name="[79] /home/travis/build/icyphy/ptII/ptolemy/domains/de/test/auto/deInCt.xml (RunModel)" time="0.014" />
  <testcase classname="ptolemy.util.test.junit.AutoTests" name="[80] /home/travis/build/icyphy/ptII/ptolemy/domains/de/test/auto/deInCt2.xml (RunModel)" time="0.012" />
  <testcase classname="ptolemy.util.test.junit.AutoTests" name="[81] /home/travis/build/icyphy/ptII/ptolemy/domains/de/test/auto/dynamicCausalityInterface1.xml (RunModel)" time="0.016" />
  <testcase classname="ptolemy.util.test.junit.AutoTests" name="[82] /home/travis/build/icyphy/ptII/ptolemy/domains/de/test/auto/fsm_de_test.xml (RunModel)" time="0.021" />
  <testcase classname="ptolemy.util.test.junit.AutoTests" name="[83] /home/travis/build/icyphy/ptII/ptolemy/domains/de/test/auto/functionDependencyReconstruction.xml (RunModel)" time="0.027" />
  <testcase classname="ptolemy.util.test.junit.AutoTests" name="[84] /home/travis/build/icyphy/ptII/ptolemy/domains/de/test/auto/multirate.xml (RunModel)" time="0.014" />
  <testcase classname="ptolemy.util.test.junit.AutoTests" name="[85] /home/travis/build/icyphy/ptII/ptolemy/domains/de/test/auto/multirate2.xml (RunModel)" time="0.015" />
  <testcase classname="ptolemy.util.test.junit.AutoTests" name="[86] /home/travis/build/icyphy/ptII/ptolemy/domains/de/test/auto/realtime.xml (RunModel)" time="10.009" />
  <testcase classname="ptolemy.util.test.junit.AutoTests" name="[87] /home/travis/build/icyphy/ptII/ptolemy/domains/de/test/auto/relationGroup.xml (RunModel)" time="0.01" />
  <testcase classname="ptolemy.util.test.junit.AutoTests" name="[88] /home/travis/build/icyphy/ptII/ptolemy/domains/de/test/auto/relationGroup2.xml (RunModel)" time="0.004" />
  <testcase classname="ptolemy.util.test.junit.AutoTests" name="[89] /home/travis/build/icyphy/ptII/ptolemy/domains/de/test/auto/sortWithOpaquePorts.xml (RunModel)" time="0.012" />
  <testcase classname="ptolemy.util.test.junit.AutoTests" name="[90] /home/travis/build/icyphy/ptII/ptolemy/domains/de/test/auto/transferInputsandOutputs.xml (RunModel)" time="0.027" />
  <testcase classname="ptolemy.util.test.junit.AutoTests" name="[91] /home/travis/build/icyphy/ptII/ptolemy/domains/de/test/auto/triggerType.xml (RunModel)" time="0.022" />
  <system-out><![CDATA[/home/travis/build/icyphy/ptII/ptolemy/domains/de/test/DependencyLoop.tcl
testDefs.tcl: setting time out to 9000 seconds at Sun Mar 08 07:08:15 UTC 2020
85 ms. Memory: 129024K Free: 78278K (61%)
17 ms. Memory: 129024K Free: 60855K (47%)
/home/travis/build/icyphy/ptII/ptolemy/domains/de/test/RunDETestsAsQSS.tcl
Run the DE tests using ptolemy.domains.qss.test.QSSDirectorTest, which extends QSSDirector and prints a message in the constructors.
------------------ testing $PTII/ptolemy/domains/de/test/auto/knownFailedTests/DirectFeedback.xml (Known Failure) 
31 ms. Memory: 129024K Free: 55240K (43%)


==== $PTIIhome/travis/build/icyphy/ptII/ptolemy/domains/de/test/../../../../: Auto Automatic test in file $PTII/ptolemy/domains/de/test/auto/knownFailedTests/DirectFeedback.xml
==== Contents of test case:

	    # FIXME: we should use $relativeFilename here, but it
	    # might have backslashes under Windows, which causes no end
	    # of trouble.
	    createAndExecute $file
	    list {}
	
.... Test generated KNOWN error:
    while executing
ptolemy.kernel.util.IllegalActionException: Test fails in iteration 1.
Value was: 1.0. Should have been: 2.0
  in .DirectFeedback.Test
	at ptolemy.actor.lib.Test.fire(Test.java:268)
	at ptolemy.domains.de.kernel.DEDirector._fire(DEDirector.java:1949)
	at ptolemy.domains.de.kernel.DEDirector.fire(DEDirector.java:502)
	at ptolemy.actor.CompositeActor.fire(CompositeActor.java:455)
	at ptolemy.actor.Manager.iterate(Manager.java:851)
	at ptolemy.actor.Manager.execute(Manager.java:369)
	at ptolemy.actor.Manager.run(Manager.java:1263)
	at ptolemy.actor.Manager$PtolemyRunThread.run(Manager.java:1933)

    while executing
ptolemy.kernel.util.IllegalActionException: Test fails in iteration 1.
Value was: 1.0. Should have been: 2.0
  in .DirectFeedback.Test
    while executing
"java::new ptolemy.moml.MoMLSimpleApplication $file
"
    (procedure "createAndExecute" line 2)
    invoked from within
"createAndExecute $file"
    ("uplevel" body line 5)
    invoked from within
"uplevel $contents_of_test"
------------------ testing $PTII/ptolemy/domains/de/test/auto/knownFailedTests/dependencyLoop.xml (Known Failure) 
12 ms. Memory: 129024K Free: 52168K (40%)


==== $PTIIhome/travis/build/icyphy/ptII/ptolemy/domains/de/test/../../../../: Auto Automatic test in file $PTII/ptolemy/domains/de/test/auto/knownFailedTests/dependencyLoop.xml
==== Contents of test case:

	    # FIXME: we should use $relativeFilename here, but it
	    # might have backslashes under Windows, which causes no end
	    # of trouble.
	    createAndExecute $file
	    list {}
	
.... Test generated KNOWN error:
    while executing
ptolemy.kernel.util.IllegalActionException: Found a zero delay loop containing .dependencyLoop.original
  in .dependencyLoop and .dependencyLoop.original
	at ptolemy.actor.util.CausalityInterfaceForComposites._computeOutputPortDepth(CausalityInterfaceForComposites.java:759)
	at ptolemy.actor.util.CausalityInterfaceForComposites._computeInputDepth(CausalityInterfaceForComposites.java:696)
	at ptolemy.actor.util.CausalityInterfaceForComposites._computeOutputPortDepth(CausalityInterfaceForComposites.java:765)
	at ptolemy.actor.util.CausalityInterfaceForComposites._computeInputDepth(CausalityInterfaceForComposites.java:696)
	at ptolemy.actor.util.CausalityInterfaceForComposites._computeOutputPortDepth(CausalityInterfaceForComposites.java:765)
	at ptolemy.actor.util.CausalityInterfaceForComposites._computeInputDepth(CausalityInterfaceForComposites.java:696)
	at ptolemy.actor.util.CausalityInterfaceForComposites._computeActorDepth(CausalityInterfaceForComposites.java:532)
	at ptolemy.actor.util.CausalityInterfaceForComposites.checkForCycles(CausalityInterfaceForComposites.java:96)
	at ptolemy.domains.de.kernel.DEDirector.preinitialize(DEDirector.java:1338)
	at ptolemy.actor.CompositeActor.preinitialize(CompositeActor.java:1828)
	at ptolemy.actor.Manager.preinitializeAndResolveTypes(Manager.java:1040)
	at ptolemy.actor.Manager.initialize(Manager.java:710)
	at ptolemy.actor.Manager.execute(Manager.java:356)
	at ptolemy.actor.Manager.run(Manager.java:1263)
	at ptolemy.actor.Manager$PtolemyRunThread.run(Manager.java:1933)

    while executing
ptolemy.kernel.util.IllegalActionException: Found a zero delay loop containing .dependencyLoop.original
  in .dependencyLoop and .dependencyLoop.original
    while executing
"java::new ptolemy.moml.MoMLSimpleApplication $file
"
    (procedure "createAndExecute" line 2)
    invoked from within
"createAndExecute $file"
    ("uplevel" body line 5)
    invoked from within
"uplevel $contents_of_test"
------------------ testing $PTII/ptolemy/domains/de/test/auto/knownFailedTests/FSMSource.xml (Known Failure) 
41 ms. Memory: 129024K Free: 111049K (86%)
!!!! Auto was marked as failing, but now passes
------------------ testing $PTII/ptolemy/domains/de/test/auto/knownFailedTests/HierarchicalModel.xml (Known Failure) 
7 ms. Memory: 129024K Free: 93332K (72%)


==== $PTIIhome/travis/build/icyphy/ptII/ptolemy/domains/de/test/../../../../: Auto Automatic test in file $PTII/ptolemy/domains/de/test/auto/knownFailedTests/HierarchicalModel.xml
==== Contents of test case:

	    # FIXME: we should use $relativeFilename here, but it
	    # might have backslashes under Windows, which causes no end
	    # of trouble.
	    createAndExecute $file
	    list {}
	
.... Test generated KNOWN error:
    while executing
ptolemy.kernel.util.IllegalActionException: Found a zero delay loop containing .HierarchicalModel.A
  in .HierarchicalModel and .HierarchicalModel.A
	at ptolemy.actor.util.CausalityInterfaceForComposites._computeOutputPortDepth(CausalityInterfaceForComposites.java:759)
	at ptolemy.actor.util.CausalityInterfaceForComposites._computeInputDepth(CausalityInterfaceForComposites.java:696)
	at ptolemy.actor.util.CausalityInterfaceForComposites._computeOutputPortDepth(CausalityInterfaceForComposites.java:765)
	at ptolemy.actor.util.CausalityInterfaceForComposites._computeInputDepth(CausalityInterfaceForComposites.java:696)
	at ptolemy.actor.util.CausalityInterfaceForComposites._computeOutputPortDepth(CausalityInterfaceForComposites.java:765)
	at ptolemy.actor.util.CausalityInterfaceForComposites._computeInputDepth(CausalityInterfaceForComposites.java:696)
	at ptolemy.actor.util.CausalityInterfaceForComposites._computeActorDepth(CausalityInterfaceForComposites.java:532)
	at ptolemy.actor.util.CausalityInterfaceForComposites.checkForCycles(CausalityInterfaceForComposites.java:96)
	at ptolemy.domains.de.kernel.DEDirector.preinitialize(DEDirector.java:1338)
	at ptolemy.actor.CompositeActor.preinitialize(CompositeActor.java:1828)
	at ptolemy.actor.Manager.preinitializeAndResolveTypes(Manager.java:1040)
	at ptolemy.actor.Manager.initialize(Manager.java:710)
	at ptolemy.actor.Manager.execute(Manager.java:356)
	at ptolemy.actor.Manager.run(Manager.java:1263)
	at ptolemy.actor.Manager$PtolemyRunThread.run(Manager.java:1933)

    while executing
ptolemy.kernel.util.IllegalActionException: Found a zero delay loop containing .HierarchicalModel.A
  in .HierarchicalModel and .HierarchicalModel.A
    while executing
"java::new ptolemy.moml.MoMLSimpleApplication $file
"
    (procedure "createAndExecute" line 2)
    invoked from within
"createAndExecute $file"
    ("uplevel" body line 5)
    invoked from within
"uplevel $contents_of_test"
------------------ testing $PTII/ptolemy/domains/de/test/auto/knownFailedTests/dependencyLoop2.xml (Known Failure) 
8 ms. Memory: 129024K Free: 77677K (60%)


==== $PTIIhome/travis/build/icyphy/ptII/ptolemy/domains/de/test/../../../../: Auto Automatic test in file $PTII/ptolemy/domains/de/test/auto/knownFailedTests/dependencyLoop2.xml
==== Contents of test case:

	    # FIXME: we should use $relativeFilename here, but it
	    # might have backslashes under Windows, which causes no end
	    # of trouble.
	    createAndExecute $file
	    list {}
	
.... Test generated KNOWN error:
    while executing
ptolemy.kernel.util.IllegalActionException: Found a zero delay loop containing .dependencyLoop2.original
  in .dependencyLoop2 and .dependencyLoop2.original
	at ptolemy.actor.util.CausalityInterfaceForComposites._computeOutputPortDepth(CausalityInterfaceForComposites.java:759)
	at ptolemy.actor.util.CausalityInterfaceForComposites._computeInputDepth(CausalityInterfaceForComposites.java:696)
	at ptolemy.actor.util.CausalityInterfaceForComposites._computeOutputPortDepth(CausalityInterfaceForComposites.java:765)
	at ptolemy.actor.util.CausalityInterfaceForComposites._computeInputDepth(CausalityInterfaceForComposites.java:696)
	at ptolemy.actor.util.CausalityInterfaceForComposites._computeOutputPortDepth(CausalityInterfaceForComposites.java:765)
	at ptolemy.actor.util.CausalityInterfaceForComposites._computeInputDepth(CausalityInterfaceForComposites.java:696)
	at ptolemy.actor.util.CausalityInterfaceForComposites._computeActorDepth(CausalityInterfaceForComposites.java:532)
	at ptolemy.actor.util.CausalityInterfaceForComposites.checkForCycles(CausalityInterfaceForComposites.java:96)
	at ptolemy.domains.de.kernel.DEDirector.preinitialize(DEDirector.java:1338)
	at ptolemy.actor.CompositeActor.preinitialize(CompositeActor.java:1828)
	at ptolemy.actor.Manager.preinitializeAndResolveTypes(Manager.java:1040)
	at ptolemy.actor.Manager.initialize(Manager.java:710)
	at ptolemy.actor.Manager.execute(Manager.java:356)
	at ptolemy.actor.Manager.run(Manager.java:1263)
	at ptolemy.actor.Manager$PtolemyRunThread.run(Manager.java:1933)

    while executing
ptolemy.kernel.util.IllegalActionException: Found a zero delay loop containing .dependencyLoop2.original
  in .dependencyLoop2 and .dependencyLoop2.original
    while executing
"java::new ptolemy.moml.MoMLSimpleApplication $file
"
    (procedure "createAndExecute" line 2)
    invoked from within
"createAndExecute $file"
    ("uplevel" body line 5)
    invoked from within
"uplevel $contents_of_test"
------------------ testing $PTII/ptolemy/domains/de/test/auto/knownFailedTests/DESDFClockTest.xml (Known Failure) 
2069 ms. Memory: 129024K Free: 108410K (84%)


==== $PTIIhome/travis/build/icyphy/ptII/ptolemy/domains/de/test/../../../../: Auto Automatic test in file $PTII/ptolemy/domains/de/test/auto/knownFailedTests/DESDFClockTest.xml
==== Contents of test case:

	    # FIXME: we should use $relativeFilename here, but it
	    # might have backslashes under Windows, which causes no end
	    # of trouble.
	    createAndExecute $file
	    list {}
	
.... Test generated KNOWN error:
    while executing
ptolemy.kernel.util.IllegalActionException: Actor is not ready to fire.  Perhaps UpSample.prefire() returned false? Try debugging the actor by selecting "Listen to Actor".  Also, for SDF check moml for tokenConsumptionRate on input.
  in .DESDFClockTest.Play Bell.Copy1:SDF Director and .DESDFClockTest.Play Bell.UpSample
	at ptolemy.actor.sched.StaticSchedulingDirector.fire(StaticSchedulingDirector.java:227)
	at ptolemy.domains.sdf.kernel.SDFDirector.fire(SDFDirector.java:500)
	at ptolemy.actor.CompositeActor.fire(CompositeActor.java:455)
	at ptolemy.domains.de.kernel.DEDirector._fire(DEDirector.java:1949)
	at ptolemy.domains.de.kernel.DEDirector.fire(DEDirector.java:502)
	at ptolemy.actor.CompositeActor.fire(CompositeActor.java:455)
	at ptolemy.actor.Manager.iterate(Manager.java:851)
	at ptolemy.actor.Manager.execute(Manager.java:369)
	at ptolemy.actor.Manager.run(Manager.java:1263)
	at ptolemy.actor.Manager$PtolemyRunThread.run(Manager.java:1933)

    while executing
ptolemy.kernel.util.IllegalActionException: Actor is not ready to fire.  Perhaps UpSample.prefire() returned false? Try debugging the actor by selecting "Listen to Actor".  Also, for SDF check moml for tokenConsumptionRate on input.
  in .DESDFClockTest.Play Bell.Copy1:SDF Director and .DESDFClockTest.Play Bell.UpSample
    while executing
"java::new ptolemy.moml.MoMLSimpleApplication $file
"
    (procedure "createAndExecute" line 2)
    invoked from within
"createAndExecute $file"
    ("uplevel" body line 5)
    invoked from within
"uplevel $contents_of_test"
------------------ testing $PTII/ptolemy/domains/de/test/auto/ActorDepthCalculation_actorWithoutPorts.xml
auto.tcl: Setting watchdog for 200 seconds at Sun Mar 08 07:08:19 UTC 2020
5 ms. Memory: 129024K Free: 100714K (78%)
ptolemy.util.test.WatchDog.cancel(): canceling Sun Mar 08 07:08:19 UTC 2020
auto.tcl: Setting watchdog for 200 seconds at Sun Mar 08 07:08:19 UTC 2020
4 ms. Memory: 129024K Free: 99194K (77%)
ptolemy.util.test.WatchDog.cancel(): canceling Sun Mar 08 07:08:19 UTC 2020
------------------ testing $PTII/ptolemy/domains/de/test/auto/AssemblyLine.xml
auto.tcl: Setting watchdog for 200 seconds at Sun Mar 08 07:08:19 UTC 2020
13 ms. Memory: 51200K Free: 27758K (54%)
ptolemy.util.test.WatchDog.cancel(): canceling Sun Mar 08 07:08:19 UTC 2020
auto.tcl: Setting watchdog for 200 seconds at Sun Mar 08 07:08:19 UTC 2020
5 ms. Memory: 51200K Free: 27287K (53%)
ptolemy.util.test.WatchDog.cancel(): canceling Sun Mar 08 07:08:19 UTC 2020
------------------ testing $PTII/ptolemy/domains/de/test/auto/CQBug1.xml
auto.tcl: Setting watchdog for 200 seconds at Sun Mar 08 07:08:19 UTC 2020
3 ms. Memory: 51200K Free: 33279K (65%)
ptolemy.util.test.WatchDog.cancel(): canceling Sun Mar 08 07:08:20 UTC 2020
auto.tcl: Setting watchdog for 200 seconds at Sun Mar 08 07:08:20 UTC 2020
2 ms. Memory: 51200K Free: 32806K (64%)
ptolemy.util.test.WatchDog.cancel(): canceling Sun Mar 08 07:08:20 UTC 2020
------------------ testing $PTII/ptolemy/domains/de/test/auto/CancelFireAt.xml
auto.tcl: Setting watchdog for 200 seconds at Sun Mar 08 07:08:20 UTC 2020
2 ms. Memory: 51200K Free: 34642K (68%)
ptolemy.util.test.WatchDog.cancel(): canceling Sun Mar 08 07:08:20 UTC 2020
auto.tcl: Setting watchdog for 200 seconds at Sun Mar 08 07:08:20 UTC 2020
1 ms. Memory: 51200K Free: 34036K (66%)
ptolemy.util.test.WatchDog.cancel(): canceling Sun Mar 08 07:08:20 UTC 2020
------------------ testing $PTII/ptolemy/domains/de/test/auto/CausalityAndComposabilityAnalysis.xml
auto.tcl: Setting watchdog for 200 seconds at Sun Mar 08 07:08:20 UTC 2020
7 ms. Memory: 51200K Free: 32360K (63%)
ptolemy.util.test.WatchDog.cancel(): canceling Sun Mar 08 07:08:20 UTC 2020
auto.tcl: Setting watchdog for 200 seconds at Sun Mar 08 07:08:20 UTC 2020
5 ms. Memory: 51200K Free: 31965K (62%)
ptolemy.util.test.WatchDog.cancel(): canceling Sun Mar 08 07:08:20 UTC 2020
------------------ testing $PTII/ptolemy/domains/de/test/auto/CausalityInterface1.xml
auto.tcl: Setting watchdog for 200 seconds at Sun Mar 08 07:08:20 UTC 2020
14 ms. Memory: 51200K Free: 31369K (61%)
ptolemy.util.test.WatchDog.cancel(): canceling Sun Mar 08 07:08:20 UTC 2020
auto.tcl: Setting watchdog for 200 seconds at Sun Mar 08 07:08:20 UTC 2020
4 ms. Memory: 51200K Free: 30394K (59%)
ptolemy.util.test.WatchDog.cancel(): canceling Sun Mar 08 07:08:20 UTC 2020
------------------ testing $PTII/ptolemy/domains/de/test/auto/CausalityInterface15.xml
auto.tcl: Setting watchdog for 200 seconds at Sun Mar 08 07:08:20 UTC 2020
10 ms. Memory: 51200K Free: 31426K (61%)
ptolemy.util.test.WatchDog.cancel(): canceling Sun Mar 08 07:08:20 UTC 2020
auto.tcl: Setting watchdog for 200 seconds at Sun Mar 08 07:08:20 UTC 2020
4 ms. Memory: 51200K Free: 30327K (59%)
ptolemy.util.test.WatchDog.cancel(): canceling Sun Mar 08 07:08:20 UTC 2020
------------------ testing $PTII/ptolemy/domains/de/test/auto/CausalityInterface2.xml
auto.tcl: Setting watchdog for 200 seconds at Sun Mar 08 07:08:20 UTC 2020
4 ms. Memory: 51200K Free: 31999K (62%)
ptolemy.util.test.WatchDog.cancel(): canceling Sun Mar 08 07:08:20 UTC 2020
auto.tcl: Setting watchdog for 200 seconds at Sun Mar 08 07:08:20 UTC 2020
3 ms. Memory: 51200K Free: 31337K (61%)
ptolemy.util.test.WatchDog.cancel(): canceling Sun Mar 08 07:08:20 UTC 2020
------------------ testing $PTII/ptolemy/domains/de/test/auto/CausalityInterface3.xml
auto.tcl: Setting watchdog for 200 seconds at Sun Mar 08 07:08:20 UTC 2020
4 ms. Memory: 51200K Free: 31550K (62%)
ptolemy.util.test.WatchDog.cancel(): canceling Sun Mar 08 07:08:20 UTC 2020
auto.tcl: Setting watchdog for 200 seconds at Sun Mar 08 07:08:20 UTC 2020
3 ms. Memory: 51200K Free: 31065K (61%)
ptolemy.util.test.WatchDog.cancel(): canceling Sun Mar 08 07:08:20 UTC 2020
------------------ testing $PTII/ptolemy/domains/de/test/auto/ClockDrift.xml
auto.tcl: Setting watchdog for 200 seconds at Sun Mar 08 07:08:20 UTC 2020
65 ms. Memory: 51200K Free: 24133K (47%)
ptolemy.util.test.WatchDog.cancel(): canceling Sun Mar 08 07:08:20 UTC 2020
auto.tcl: Setting watchdog for 200 seconds at Sun Mar 08 07:08:20 UTC 2020
51 ms. Memory: 51200K Free: 21124K (41%)
ptolemy.util.test.WatchDog.cancel(): canceling Sun Mar 08 07:08:20 UTC 2020
------------------ testing $PTII/ptolemy/domains/de/test/auto/ClockDriftAndValueChange.xml
auto.tcl: Setting watchdog for 200 seconds at Sun Mar 08 07:08:20 UTC 2020
34 ms. Memory: 51200K Free: 23970K (47%)
ptolemy.util.test.WatchDog.cancel(): canceling Sun Mar 08 07:08:20 UTC 2020
auto.tcl: Setting watchdog for 200 seconds at Sun Mar 08 07:08:20 UTC 2020
23 ms. Memory: 51200K Free: 20982K (41%)
ptolemy.util.test.WatchDog.cancel(): canceling Sun Mar 08 07:08:20 UTC 2020
------------------ testing $PTII/ptolemy/domains/de/test/auto/ClockDriftChange.xml
auto.tcl: Setting watchdog for 200 seconds at Sun Mar 08 07:08:20 UTC 2020
21 ms. Memory: 51200K Free: 26020K (51%)
ptolemy.util.test.WatchDog.cancel(): canceling Sun Mar 08 07:08:20 UTC 2020
auto.tcl: Setting watchdog for 200 seconds at Sun Mar 08 07:08:20 UTC 2020
20 ms. Memory: 51200K Free: 23641K (46%)
ptolemy.util.test.WatchDog.cancel(): canceling Sun Mar 08 07:08:20 UTC 2020
------------------ testing $PTII/ptolemy/domains/de/test/auto/ComposableCausalityAnalysis.xml
auto.tcl: Setting watchdog for 200 seconds at Sun Mar 08 07:08:20 UTC 2020
2 ms. Memory: 51200K Free: 30855K (60%)
ptolemy.util.test.WatchDog.cancel(): canceling Sun Mar 08 07:08:20 UTC 2020
auto.tcl: Setting watchdog for 200 seconds at Sun Mar 08 07:08:20 UTC 2020
4 ms. Memory: 51200K Free: 29831K (58%)
ptolemy.util.test.WatchDog.cancel(): canceling Sun Mar 08 07:08:20 UTC 2020
------------------ testing $PTII/ptolemy/domains/de/test/auto/DEFixedPointLimitation.xml
auto.tcl: Setting watchdog for 200 seconds at Sun Mar 08 07:08:20 UTC 2020
5 ms. Memory: 51200K Free: 32247K (63%)
ptolemy.util.test.WatchDog.cancel(): canceling Sun Mar 08 07:08:20 UTC 2020
auto.tcl: Setting watchdog for 200 seconds at Sun Mar 08 07:08:20 UTC 2020
1 ms. Memory: 51200K Free: 31342K (61%)
ptolemy.util.test.WatchDog.cancel(): canceling Sun Mar 08 07:08:20 UTC 2020
------------------ testing $PTII/ptolemy/domains/de/test/auto/DEScheduleTest.xml
auto.tcl: Setting watchdog for 200 seconds at Sun Mar 08 07:08:21 UTC 2020
5 ms. Memory: 51200K Free: 32581K (64%)
ptolemy.util.test.WatchDog.cancel(): canceling Sun Mar 08 07:08:21 UTC 2020
auto.tcl: Setting watchdog for 200 seconds at Sun Mar 08 07:08:21 UTC 2020
2 ms. Memory: 51200K Free: 31825K (62%)
ptolemy.util.test.WatchDog.cancel(): canceling Sun Mar 08 07:08:21 UTC 2020
------------------ testing $PTII/ptolemy/domains/de/test/auto/DEinDEwithStartTimes.xml
auto.tcl: Setting watchdog for 200 seconds at Sun Mar 08 07:08:21 UTC 2020
5 ms. Memory: 51200K Free: 30752K (60%)
ptolemy.util.test.WatchDog.cancel(): canceling Sun Mar 08 07:08:21 UTC 2020
auto.tcl: Setting watchdog for 200 seconds at Sun Mar 08 07:08:21 UTC 2020
5 ms. Memory: 51200K Free: 29728K (58%)
ptolemy.util.test.WatchDog.cancel(): canceling Sun Mar 08 07:08:21 UTC 2020
------------------ testing $PTII/ptolemy/domains/de/test/auto/DEinDEwithStartTimes2.xml
auto.tcl: Setting watchdog for 200 seconds at Sun Mar 08 07:08:21 UTC 2020
9 ms. Memory: 51200K Free: 29813K (58%)
ptolemy.util.test.WatchDog.cancel(): canceling Sun Mar 08 07:08:21 UTC 2020
auto.tcl: Setting watchdog for 200 seconds at Sun Mar 08 07:08:21 UTC 2020
3 ms. Memory: 51200K Free: 28683K (56%)
ptolemy.util.test.WatchDog.cancel(): canceling Sun Mar 08 07:08:21 UTC 2020
------------------ testing $PTII/ptolemy/domains/de/test/auto/DateDemo.xml
auto.tcl: Setting watchdog for 200 seconds at Sun Mar 08 07:08:21 UTC 2020
27 ms. Memory: 51200K Free: 24028K (47%)
ptolemy.util.test.WatchDog.cancel(): canceling Sun Mar 08 07:08:21 UTC 2020
auto.tcl: Setting watchdog for 200 seconds at Sun Mar 08 07:08:21 UTC 2020
7 ms. Memory: 51200K Free: 22643K (44%)
ptolemy.util.test.WatchDog.cancel(): canceling Sun Mar 08 07:08:21 UTC 2020
------------------ testing $PTII/ptolemy/domains/de/test/auto/DateToEvent.xml
auto.tcl: Setting watchdog for 200 seconds at Sun Mar 08 07:08:21 UTC 2020
2011 ms. Memory: 51200K Free: 20240K (40%)
ptolemy.util.test.WatchDog.cancel(): canceling Sun Mar 08 07:08:23 UTC 2020
auto.tcl: Setting watchdog for 200 seconds at Sun Mar 08 07:08:23 UTC 2020
2004 ms. Memory: 51200K Free: 19416K (38%)
ptolemy.util.test.WatchDog.cancel(): canceling Sun Mar 08 07:08:25 UTC 2020
------------------ testing $PTII/ptolemy/domains/de/test/auto/DepthTest1.xml
auto.tcl: Setting watchdog for 200 seconds at Sun Mar 08 07:08:25 UTC 2020
3 ms. Memory: 51200K Free: 33394K (65%)
ptolemy.util.test.WatchDog.cancel(): canceling Sun Mar 08 07:08:25 UTC 2020
auto.tcl: Setting watchdog for 200 seconds at Sun Mar 08 07:08:25 UTC 2020
2 ms. Memory: 51200K Free: 32960K (64%)
ptolemy.util.test.WatchDog.cancel(): canceling Sun Mar 08 07:08:25 UTC 2020
------------------ testing $PTII/ptolemy/domains/de/test/auto/DepthTest2.xml
auto.tcl: Setting watchdog for 200 seconds at Sun Mar 08 07:08:25 UTC 2020
2 ms. Memory: 51200K Free: 30157K (59%)
ptolemy.util.test.WatchDog.cancel(): canceling Sun Mar 08 07:08:25 UTC 2020
auto.tcl: Setting watchdog for 200 seconds at Sun Mar 08 07:08:25 UTC 2020
2 ms. Memory: 51200K Free: 29717K (58%)
ptolemy.util.test.WatchDog.cancel(): canceling Sun Mar 08 07:08:25 UTC 2020
------------------ testing $PTII/ptolemy/domains/de/test/auto/DepthTest3.xml
auto.tcl: Setting watchdog for 200 seconds at Sun Mar 08 07:08:25 UTC 2020
4 ms. Memory: 51200K Free: 33727K (66%)
ptolemy.util.test.WatchDog.cancel(): canceling Sun Mar 08 07:08:25 UTC 2020
auto.tcl: Setting watchdog for 200 seconds at Sun Mar 08 07:08:25 UTC 2020
1 ms. Memory: 51200K Free: 33243K (65%)
ptolemy.util.test.WatchDog.cancel(): canceling Sun Mar 08 07:08:25 UTC 2020
------------------ testing $PTII/ptolemy/domains/de/test/auto/DepthTest4.xml
auto.tcl: Setting watchdog for 200 seconds at Sun Mar 08 07:08:25 UTC 2020
2 ms. Memory: 51200K Free: 31933K (62%)
ptolemy.util.test.WatchDog.cancel(): canceling Sun Mar 08 07:08:25 UTC 2020
auto.tcl: Setting watchdog for 200 seconds at Sun Mar 08 07:08:25 UTC 2020
2 ms. Memory: 51200K Free: 30835K (60%)
ptolemy.util.test.WatchDog.cancel(): canceling Sun Mar 08 07:08:25 UTC 2020
------------------ testing $PTII/ptolemy/domains/de/test/auto/DepthTest5.xml
auto.tcl: Setting watchdog for 200 seconds at Sun Mar 08 07:08:25 UTC 2020
3 ms. Memory: 51200K Free: 31416K (61%)
ptolemy.util.test.WatchDog.cancel(): canceling Sun Mar 08 07:08:25 UTC 2020
auto.tcl: Setting watchdog for 200 seconds at Sun Mar 08 07:08:25 UTC 2020
2 ms. Memory: 51200K Free: 30682K (60%)
ptolemy.util.test.WatchDog.cancel(): canceling Sun Mar 08 07:08:25 UTC 2020
------------------ testing $PTII/ptolemy/domains/de/test/auto/DepthTest6.xml
auto.tcl: Setting watchdog for 200 seconds at Sun Mar 08 07:08:25 UTC 2020
4 ms. Memory: 51200K Free: 30861K (60%)
ptolemy.util.test.WatchDog.cancel(): canceling Sun Mar 08 07:08:25 UTC 2020
auto.tcl: Setting watchdog for 200 seconds at Sun Mar 08 07:08:25 UTC 2020
2 ms. Memory: 51200K Free: 30213K (59%)
ptolemy.util.test.WatchDog.cancel(): canceling Sun Mar 08 07:08:25 UTC 2020
------------------ testing $PTII/ptolemy/domains/de/test/auto/DepthTest7.xml
auto.tcl: Setting watchdog for 200 seconds at Sun Mar 08 07:08:25 UTC 2020
2 ms. Memory: 51200K Free: 31894K (62%)
ptolemy.util.test.WatchDog.cancel(): canceling Sun Mar 08 07:08:25 UTC 2020
auto.tcl: Setting watchdog for 200 seconds at Sun Mar 08 07:08:25 UTC 2020
2 ms. Memory: 51200K Free: 31221K (61%)
ptolemy.util.test.WatchDog.cancel(): canceling Sun Mar 08 07:08:25 UTC 2020
------------------ testing $PTII/ptolemy/domains/de/test/auto/EventToDate.xml
auto.tcl: Setting watchdog for 200 seconds at Sun Mar 08 07:08:25 UTC 2020
3008 ms. Memory: 51200K Free: 22485K (44%)
ptolemy.util.test.WatchDog.cancel(): canceling Sun Mar 08 07:08:28 UTC 2020
auto.tcl: Setting watchdog for 200 seconds at Sun Mar 08 07:08:28 UTC 2020
3004 ms. Memory: 51200K Free: 22017K (43%)
ptolemy.util.test.WatchDog.cancel(): canceling Sun Mar 08 07:08:31 UTC 2020
------------------ testing $PTII/ptolemy/domains/de/test/auto/FSM1.xml
auto.tcl: Setting watchdog for 200 seconds at Sun Mar 08 07:08:32 UTC 2020
20 ms. Memory: 51200K Free: 23956K (47%)
ptolemy.util.test.WatchDog.cancel(): canceling Sun Mar 08 07:08:32 UTC 2020
auto.tcl: Setting watchdog for 200 seconds at Sun Mar 08 07:08:32 UTC 2020
16 ms. Memory: 51200K Free: 20694K (40%)
ptolemy.util.test.WatchDog.cancel(): canceling Sun Mar 08 07:08:32 UTC 2020
------------------ testing $PTII/ptolemy/domains/de/test/auto/FSM7.xml
auto.tcl: Setting watchdog for 200 seconds at Sun Mar 08 07:08:32 UTC 2020
27 ms. Memory: 51200K Free: 23871K (47%)
ptolemy.util.test.WatchDog.cancel(): canceling Sun Mar 08 07:08:32 UTC 2020
auto.tcl: Setting watchdog for 200 seconds at Sun Mar 08 07:08:32 UTC 2020
26 ms. Memory: 51200K Free: 20488K (40%)
ptolemy.util.test.WatchDog.cancel(): canceling Sun Mar 08 07:08:32 UTC 2020
------------------ testing $PTII/ptolemy/domains/de/test/auto/Inspection.xml
auto.tcl: Setting watchdog for 200 seconds at Sun Mar 08 07:08:32 UTC 2020
30 ms. Memory: 51200K Free: 23608K (46%)
ptolemy.util.test.WatchDog.cancel(): canceling Sun Mar 08 07:08:32 UTC 2020
auto.tcl: Setting watchdog for 200 seconds at Sun Mar 08 07:08:32 UTC 2020
15 ms. Memory: 51200K Free: 21928K (43%)
ptolemy.util.test.WatchDog.cancel(): canceling Sun Mar 08 07:08:32 UTC 2020
------------------ testing $PTII/ptolemy/domains/de/test/auto/Iteration.xml
auto.tcl: Setting watchdog for 200 seconds at Sun Mar 08 07:08:32 UTC 2020
7 ms. Memory: 51200K Free: 29175K (57%)
ptolemy.util.test.WatchDog.cancel(): canceling Sun Mar 08 07:08:32 UTC 2020
auto.tcl: Setting watchdog for 200 seconds at Sun Mar 08 07:08:32 UTC 2020
7 ms. Memory: 51200K Free: 27985K (55%)
ptolemy.util.test.WatchDog.cancel(): canceling Sun Mar 08 07:08:32 UTC 2020
------------------ testing $PTII/ptolemy/domains/de/test/auto/LineFault.xml
auto.tcl: Setting watchdog for 200 seconds at Sun Mar 08 07:08:32 UTC 2020
553 ms. Memory: 51200K Free: 17465K (34%)
ptolemy.util.test.WatchDog.cancel(): canceling Sun Mar 08 07:08:33 UTC 2020
auto.tcl: Setting watchdog for 200 seconds at Sun Mar 08 07:08:33 UTC 2020
536 ms. Memory: 62464K Free: 45150K (72%)
ptolemy.util.test.WatchDog.cancel(): canceling Sun Mar 08 07:08:33 UTC 2020
------------------ testing $PTII/ptolemy/domains/de/test/auto/MergeModel1Add.xml
auto.tcl: Setting watchdog for 200 seconds at Sun Mar 08 07:08:33 UTC 2020
30 ms. Memory: 55296K Free: 19514K (35%)
ptolemy.util.test.WatchDog.cancel(): canceling Sun Mar 08 07:08:34 UTC 2020
auto.tcl: Setting watchdog for 200 seconds at Sun Mar 08 07:08:34 UTC 2020
10 ms. Memory: 55296K Free: 17886K (32%)
ptolemy.util.test.WatchDog.cancel(): canceling Sun Mar 08 07:08:34 UTC 2020
------------------ testing $PTII/ptolemy/domains/de/test/auto/MergeModel2Add.xml
auto.tcl: Setting watchdog for 200 seconds at Sun Mar 08 07:08:34 UTC 2020
11 ms. Memory: 55296K Free: 21527K (39%)
ptolemy.util.test.WatchDog.cancel(): canceling Sun Mar 08 07:08:34 UTC 2020
auto.tcl: Setting watchdog for 200 seconds at Sun Mar 08 07:08:34 UTC 2020
9 ms. Memory: 55296K Free: 19595K (35%)
ptolemy.util.test.WatchDog.cancel(): canceling Sun Mar 08 07:08:34 UTC 2020
------------------ testing $PTII/ptolemy/domains/de/test/auto/MergeModel3Add.xml
auto.tcl: Setting watchdog for 200 seconds at Sun Mar 08 07:08:34 UTC 2020
9 ms. Memory: 51200K Free: 17461K (34%)
ptolemy.util.test.WatchDog.cancel(): canceling Sun Mar 08 07:08:34 UTC 2020
auto.tcl: Setting watchdog for 200 seconds at Sun Mar 08 07:08:34 UTC 2020
8 ms. Memory: 51200K Free: 16050K (31%)
ptolemy.util.test.WatchDog.cancel(): canceling Sun Mar 08 07:08:34 UTC 2020
------------------ testing $PTII/ptolemy/domains/de/test/auto/MergeWithoutDiscard.xml
auto.tcl: Setting watchdog for 200 seconds at Sun Mar 08 07:08:34 UTC 2020
3 ms. Memory: 51200K Free: 32347K (63%)
ptolemy.util.test.WatchDog.cancel(): canceling Sun Mar 08 07:08:34 UTC 2020
auto.tcl: Setting watchdog for 200 seconds at Sun Mar 08 07:08:34 UTC 2020
1 ms. Memory: 51200K Free: 31452K (61%)
ptolemy.util.test.WatchDog.cancel(): canceling Sun Mar 08 07:08:34 UTC 2020
------------------ testing $PTII/ptolemy/domains/de/test/auto/Modal1.xml
auto.tcl: Setting watchdog for 200 seconds at Sun Mar 08 07:08:34 UTC 2020
19 ms. Memory: 51200K Free: 23937K (47%)
ptolemy.util.test.WatchDog.cancel(): canceling Sun Mar 08 07:08:34 UTC 2020
auto.tcl: Setting watchdog for 200 seconds at Sun Mar 08 07:08:34 UTC 2020
22 ms. Memory: 51200K Free: 20486K (40%)
ptolemy.util.test.WatchDog.cancel(): canceling Sun Mar 08 07:08:34 UTC 2020
------------------ testing $PTII/ptolemy/domains/de/test/auto/Modal2.xml
auto.tcl: Setting watchdog for 200 seconds at Sun Mar 08 07:08:34 UTC 2020
11 ms. Memory: 51200K Free: 24094K (47%)
ptolemy.util.test.WatchDog.cancel(): canceling Sun Mar 08 07:08:34 UTC 2020
auto.tcl: Setting watchdog for 200 seconds at Sun Mar 08 07:08:34 UTC 2020
12 ms. Memory: 51200K Free: 20860K (41%)
ptolemy.util.test.WatchDog.cancel(): canceling Sun Mar 08 07:08:34 UTC 2020
------------------ testing $PTII/ptolemy/domains/de/test/auto/Modal3.xml
auto.tcl: Setting watchdog for 200 seconds at Sun Mar 08 07:08:34 UTC 2020
13 ms. Memory: 51200K Free: 24063K (47%)
ptolemy.util.test.WatchDog.cancel(): canceling Sun Mar 08 07:08:34 UTC 2020
auto.tcl: Setting watchdog for 200 seconds at Sun Mar 08 07:08:34 UTC 2020
15 ms. Memory: 51200K Free: 20456K (40%)
ptolemy.util.test.WatchDog.cancel(): canceling Sun Mar 08 07:08:34 UTC 2020
------------------ testing $PTII/ptolemy/domains/de/test/auto/Modal4.xml
auto.tcl: Setting watchdog for 200 seconds at Sun Mar 08 07:08:34 UTC 2020
24 ms. Memory: 51200K Free: 22790K (45%)
ptolemy.util.test.WatchDog.cancel(): canceling Sun Mar 08 07:08:34 UTC 2020
auto.tcl: Setting watchdog for 200 seconds at Sun Mar 08 07:08:34 UTC 2020
19 ms. Memory: 51200K Free: 18812K (37%)
ptolemy.util.test.WatchDog.cancel(): canceling Sun Mar 08 07:08:34 UTC 2020
------------------ testing $PTII/ptolemy/domains/de/test/auto/Modal5.xml
auto.tcl: Setting watchdog for 200 seconds at Sun Mar 08 07:08:34 UTC 2020
16 ms. Memory: 51200K Free: 23052K (45%)
ptolemy.util.test.WatchDog.cancel(): canceling Sun Mar 08 07:08:34 UTC 2020
auto.tcl: Setting watchdog for 200 seconds at Sun Mar 08 07:08:34 UTC 2020
14 ms. Memory: 51200K Free: 19204K (38%)
ptolemy.util.test.WatchDog.cancel(): canceling Sun Mar 08 07:08:34 UTC 2020
------------------ testing $PTII/ptolemy/domains/de/test/auto/Modal6.xml
auto.tcl: Setting watchdog for 200 seconds at Sun Mar 08 07:08:34 UTC 2020
16 ms. Memory: 51200K Free: 23814K (47%)
ptolemy.util.test.WatchDog.cancel(): canceling Sun Mar 08 07:08:34 UTC 2020
auto.tcl: Setting watchdog for 200 seconds at Sun Mar 08 07:08:34 UTC 2020
15 ms. Memory: 51200K Free: 19815K (39%)
ptolemy.util.test.WatchDog.cancel(): canceling Sun Mar 08 07:08:34 UTC 2020
------------------ testing $PTII/ptolemy/domains/de/test/auto/Modal7.xml
auto.tcl: Setting watchdog for 200 seconds at Sun Mar 08 07:08:34 UTC 2020
9 ms. Memory: 51200K Free: 22768K (44%)
ptolemy.util.test.WatchDog.cancel(): canceling Sun Mar 08 07:08:34 UTC 2020
auto.tcl: Setting watchdog for 200 seconds at Sun Mar 08 07:08:34 UTC 2020
10 ms. Memory: 51200K Free: 19203K (38%)
ptolemy.util.test.WatchDog.cancel(): canceling Sun Mar 08 07:08:34 UTC 2020
------------------ testing $PTII/ptolemy/domains/de/test/auto/ModalModel.xml
auto.tcl: Setting watchdog for 200 seconds at Sun Mar 08 07:08:35 UTC 2020
221 ms. Memory: 51200K Free: 17200K (34%)
ptolemy.util.test.WatchDog.cancel(): canceling Sun Mar 08 07:08:35 UTC 2020
auto.tcl: Setting watchdog for 200 seconds at Sun Mar 08 07:08:35 UTC 2020
202 ms. Memory: 69632K Free: 29143K (42%)
ptolemy.util.test.WatchDog.cancel(): canceling Sun Mar 08 07:08:35 UTC 2020
------------------ testing $PTII/ptolemy/domains/de/test/auto/ModalSource.xml
auto.tcl: Setting watchdog for 200 seconds at Sun Mar 08 07:08:35 UTC 2020
8 ms. Memory: 51200K Free: 27877K (54%)
ptolemy.util.test.WatchDog.cancel(): canceling Sun Mar 08 07:08:35 UTC 2020
auto.tcl: Setting watchdog for 200 seconds at Sun Mar 08 07:08:35 UTC 2020
6 ms. Memory: 51200K Free: 25829K (50%)
ptolemy.util.test.WatchDog.cancel(): canceling Sun Mar 08 07:08:35 UTC 2020
------------------ testing $PTII/ptolemy/domains/de/test/auto/NonInterruptibleTimerZeroDelay.xml
auto.tcl: Setting watchdog for 200 seconds at Sun Mar 08 07:08:35 UTC 2020
3 ms. Memory: 51200K Free: 32811K (64%)
ptolemy.util.test.WatchDog.cancel(): canceling Sun Mar 08 07:08:35 UTC 2020
auto.tcl: Setting watchdog for 200 seconds at Sun Mar 08 07:08:35 UTC 2020
2 ms. Memory: 51200K Free: 32163K (63%)
ptolemy.util.test.WatchDog.cancel(): canceling Sun Mar 08 07:08:35 UTC 2020
------------------ testing $PTII/ptolemy/domains/de/test/auto/OpenQueueingNetwork.xml
auto.tcl: Setting watchdog for 200 seconds at Sun Mar 08 07:08:35 UTC 2020
2562 ms. Memory: 110592K Free: 71355K (65%)
ptolemy.util.test.WatchDog.cancel(): canceling Sun Mar 08 07:08:38 UTC 2020
auto.tcl: Setting watchdog for 200 seconds at Sun Mar 08 07:08:38 UTC 2020
2355 ms. Memory: 133120K Free: 42603K (32%)
ptolemy.util.test.WatchDog.cancel(): canceling Sun Mar 08 07:08:40 UTC 2020
------------------ testing $PTII/ptolemy/domains/de/test/auto/OpenQueuingNetwork.xml
auto.tcl: Setting watchdog for 200 seconds at Sun Mar 08 07:08:40 UTC 2020
230 ms. Memory: 58368K Free: 33604K (58%)
ptolemy.util.test.WatchDog.cancel(): canceling Sun Mar 08 07:08:41 UTC 2020
auto.tcl: Setting watchdog for 200 seconds at Sun Mar 08 07:08:41 UTC 2020
223 ms. Memory: 58368K Free: 16590K (28%)
ptolemy.util.test.WatchDog.cancel(): canceling Sun Mar 08 07:08:41 UTC 2020
------------------ testing $PTII/ptolemy/domains/de/test/auto/PeriodicSampler.xml
auto.tcl: Setting watchdog for 200 seconds at Sun Mar 08 07:08:41 UTC 2020
3 ms. Memory: 55296K Free: 36111K (65%)
ptolemy.util.test.WatchDog.cancel(): canceling Sun Mar 08 07:08:41 UTC 2020
auto.tcl: Setting watchdog for 200 seconds at Sun Mar 08 07:08:41 UTC 2020
2 ms. Memory: 55296K Free: 35591K (64%)
ptolemy.util.test.WatchDog.cancel(): canceling Sun Mar 08 07:08:41 UTC 2020
------------------ testing $PTII/ptolemy/domains/de/test/auto/PersistentIO.xml
auto.tcl: Setting watchdog for 200 seconds at Sun Mar 08 07:08:41 UTC 2020
16 ms. Memory: 55296K Free: 31035K (56%)
ptolemy.util.test.WatchDog.cancel(): canceling Sun Mar 08 07:08:41 UTC 2020
auto.tcl: Setting watchdog for 200 seconds at Sun Mar 08 07:08:41 UTC 2020
4 ms. Memory: 55296K Free: 29515K (53%)
ptolemy.util.test.WatchDog.cancel(): canceling Sun Mar 08 07:08:41 UTC 2020
------------------ testing $PTII/ptolemy/domains/de/test/auto/PortParameterResetOnInitialize.xml
auto.tcl: Setting watchdog for 200 seconds at Sun Mar 08 07:08:41 UTC 2020
6 ms. Memory: 51200K Free: 31935K (62%)
ptolemy.util.test.WatchDog.cancel(): canceling Sun Mar 08 07:08:41 UTC 2020
auto.tcl: Setting watchdog for 200 seconds at Sun Mar 08 07:08:41 UTC 2020
1 ms. Memory: 51200K Free: 31428K (61%)
ptolemy.util.test.WatchDog.cancel(): canceling Sun Mar 08 07:08:41 UTC 2020
------------------ testing $PTII/ptolemy/domains/de/test/auto/PortParameterUpdates.xml
auto.tcl: Setting watchdog for 200 seconds at Sun Mar 08 07:08:41 UTC 2020
3 ms. Memory: 51200K Free: 30008K (59%)
ptolemy.util.test.WatchDog.cancel(): canceling Sun Mar 08 07:08:41 UTC 2020
auto.tcl: Setting watchdog for 200 seconds at Sun Mar 08 07:08:41 UTC 2020
3 ms. Memory: 51200K Free: 28984K (57%)
ptolemy.util.test.WatchDog.cancel(): canceling Sun Mar 08 07:08:41 UTC 2020
------------------ testing $PTII/ptolemy/domains/de/test/auto/QueueAndServer.xml
auto.tcl: Setting watchdog for 200 seconds at Sun Mar 08 07:08:41 UTC 2020
12 ms. Memory: 51200K Free: 28900K (56%)
ptolemy.util.test.WatchDog.cancel(): canceling Sun Mar 08 07:08:41 UTC 2020
auto.tcl: Setting watchdog for 200 seconds at Sun Mar 08 07:08:41 UTC 2020
7 ms. Memory: 51200K Free: 27428K (54%)
ptolemy.util.test.WatchDog.cancel(): canceling Sun Mar 08 07:08:41 UTC 2020
------------------ testing $PTII/ptolemy/domains/de/test/auto/Records.xml
auto.tcl: Setting watchdog for 200 seconds at Sun Mar 08 07:08:41 UTC 2020
3 ms. Memory: 51200K Free: 31179K (61%)
ptolemy.util.test.WatchDog.cancel(): canceling Sun Mar 08 07:08:41 UTC 2020
auto.tcl: Setting watchdog for 200 seconds at Sun Mar 08 07:08:41 UTC 2020
2 ms. Memory: 51200K Free: 30632K (60%)
ptolemy.util.test.WatchDog.cancel(): canceling Sun Mar 08 07:08:41 UTC 2020
------------------ testing $PTII/ptolemy/domains/de/test/auto/ResetTransitionWithStartTime1.xml
auto.tcl: Setting watchdog for 200 seconds at Sun Mar 08 07:08:41 UTC 2020
8 ms. Memory: 51200K Free: 28423K (56%)
ptolemy.util.test.WatchDog.cancel(): canceling Sun Mar 08 07:08:41 UTC 2020
auto.tcl: Setting watchdog for 200 seconds at Sun Mar 08 07:08:41 UTC 2020
6 ms. Memory: 51200K Free: 26375K (52%)
ptolemy.util.test.WatchDog.cancel(): canceling Sun Mar 08 07:08:41 UTC 2020
------------------ testing $PTII/ptolemy/domains/de/test/auto/ResetTransitionWithStartTime2.xml
auto.tcl: Setting watchdog for 200 seconds at Sun Mar 08 07:08:41 UTC 2020
4 ms. Memory: 51200K Free: 28378K (55%)
ptolemy.util.test.WatchDog.cancel(): canceling Sun Mar 08 07:08:41 UTC 2020
auto.tcl: Setting watchdog for 200 seconds at Sun Mar 08 07:08:41 UTC 2020
5 ms. Memory: 51200K Free: 26330K (51%)
ptolemy.util.test.WatchDog.cancel(): canceling Sun Mar 08 07:08:41 UTC 2020
------------------ testing $PTII/ptolemy/domains/de/test/auto/ResetTransitionWithStartTime3.xml
auto.tcl: Setting watchdog for 200 seconds at Sun Mar 08 07:08:41 UTC 2020
6 ms. Memory: 51200K Free: 28377K (55%)
ptolemy.util.test.WatchDog.cancel(): canceling Sun Mar 08 07:08:41 UTC 2020
auto.tcl: Setting watchdog for 200 seconds at Sun Mar 08 07:08:41 UTC 2020
6 ms. Memory: 51200K Free: 26329K (51%)
ptolemy.util.test.WatchDog.cancel(): canceling Sun Mar 08 07:08:41 UTC 2020
------------------ testing $PTII/ptolemy/domains/de/test/auto/ResetTransitionWithStartTime4.xml
auto.tcl: Setting watchdog for 200 seconds at Sun Mar 08 07:08:42 UTC 2020
11 ms. Memory: 51200K Free: 28801K (56%)
ptolemy.util.test.WatchDog.cancel(): canceling Sun Mar 08 07:08:42 UTC 2020
auto.tcl: Setting watchdog for 200 seconds at Sun Mar 08 07:08:42 UTC 2020
4 ms. Memory: 51200K Free: 27352K (53%)
ptolemy.util.test.WatchDog.cancel(): canceling Sun Mar 08 07:08:42 UTC 2020
------------------ testing $PTII/ptolemy/domains/de/test/auto/ResettableTimer1.xml
auto.tcl: Setting watchdog for 200 seconds at Sun Mar 08 07:08:42 UTC 2020
3 ms. Memory: 51200K Free: 32592K (64%)
ptolemy.util.test.WatchDog.cancel(): canceling Sun Mar 08 07:08:42 UTC 2020
auto.tcl: Setting watchdog for 200 seconds at Sun Mar 08 07:08:42 UTC 2020
2 ms. Memory: 51200K Free: 31911K (62%)
ptolemy.util.test.WatchDog.cancel(): canceling Sun Mar 08 07:08:42 UTC 2020
------------------ testing $PTII/ptolemy/domains/de/test/auto/ResettableTimer2.xml
auto.tcl: Setting watchdog for 200 seconds at Sun Mar 08 07:08:42 UTC 2020
3 ms. Memory: 51200K Free: 32648K (64%)
ptolemy.util.test.WatchDog.cancel(): canceling Sun Mar 08 07:08:42 UTC 2020
auto.tcl: Setting watchdog for 200 seconds at Sun Mar 08 07:08:42 UTC 2020
2 ms. Memory: 51200K Free: 31998K (62%)
ptolemy.util.test.WatchDog.cancel(): canceling Sun Mar 08 07:08:42 UTC 2020
------------------ testing $PTII/ptolemy/domains/de/test/auto/ResettableTimer3.xml
auto.tcl: Setting watchdog for 200 seconds at Sun Mar 08 07:08:42 UTC 2020
1 ms. Memory: 51200K Free: 32509K (63%)
ptolemy.util.test.WatchDog.cancel(): canceling Sun Mar 08 07:08:42 UTC 2020
auto.tcl: Setting watchdog for 200 seconds at Sun Mar 08 07:08:42 UTC 2020
1 ms. Memory: 51200K Free: 32509K (63%)
ptolemy.util.test.WatchDog.cancel(): canceling Sun Mar 08 07:08:42 UTC 2020
------------------ testing $PTII/ptolemy/domains/de/test/auto/ResettableTimer4.xml
auto.tcl: Setting watchdog for 200 seconds at Sun Mar 08 07:08:42 UTC 2020
2 ms. Memory: 51200K Free: 32523K (64%)
ptolemy.util.test.WatchDog.cancel(): canceling Sun Mar 08 07:08:42 UTC 2020
auto.tcl: Setting watchdog for 200 seconds at Sun Mar 08 07:08:42 UTC 2020
1 ms. Memory: 51200K Free: 32010K (63%)
ptolemy.util.test.WatchDog.cancel(): canceling Sun Mar 08 07:08:42 UTC 2020
------------------ testing $PTII/ptolemy/domains/de/test/auto/ResettableTimer5.xml
auto.tcl: Setting watchdog for 200 seconds at Sun Mar 08 07:08:42 UTC 2020
2 ms. Memory: 51200K Free: 32007K (63%)
ptolemy.util.test.WatchDog.cancel(): canceling Sun Mar 08 07:08:42 UTC 2020
auto.tcl: Setting watchdog for 200 seconds at Sun Mar 08 07:08:42 UTC 2020
1 ms. Memory: 51200K Free: 31497K (62%)
ptolemy.util.test.WatchDog.cancel(): canceling Sun Mar 08 07:08:42 UTC 2020
------------------ testing $PTII/ptolemy/domains/de/test/auto/ResettableTimer6.xml
auto.tcl: Setting watchdog for 200 seconds at Sun Mar 08 07:08:42 UTC 2020
1 ms. Memory: 51200K Free: 31998K (62%)
ptolemy.util.test.WatchDog.cancel(): canceling Sun Mar 08 07:08:42 UTC 2020
auto.tcl: Setting watchdog for 200 seconds at Sun Mar 08 07:08:42 UTC 2020
2 ms. Memory: 51200K Free: 31488K (62%)
ptolemy.util.test.WatchDog.cancel(): canceling Sun Mar 08 07:08:42 UTC 2020
------------------ testing $PTII/ptolemy/domains/de/test/auto/ServerZeroDelay.xml
auto.tcl: Setting watchdog for 200 seconds at Sun Mar 08 07:08:42 UTC 2020
6 ms. Memory: 51200K Free: 32503K (63%)
ptolemy.util.test.WatchDog.cancel(): canceling Sun Mar 08 07:08:42 UTC 2020
auto.tcl: Setting watchdog for 200 seconds at Sun Mar 08 07:08:42 UTC 2020
3 ms. Memory: 51200K Free: 31479K (61%)
ptolemy.util.test.WatchDog.cancel(): canceling Sun Mar 08 07:08:42 UTC 2020
------------------ testing $PTII/ptolemy/domains/de/test/auto/SmartSender.xml
auto.tcl: Setting watchdog for 200 seconds at Sun Mar 08 07:08:42 UTC 2020
3002 ms. Memory: 51200K Free: 32497K (63%)
ptolemy.util.test.WatchDog.cancel(): canceling Sun Mar 08 07:08:45 UTC 2020
auto.tcl: Setting watchdog for 200 seconds at Sun Mar 08 07:08:45 UTC 2020
3001 ms. Memory: 51200K Free: 31971K (62%)
ptolemy.util.test.WatchDog.cancel(): canceling Sun Mar 08 07:08:48 UTC 2020
------------------ testing $PTII/ptolemy/domains/de/test/auto/ThreadedComposite.xml
auto.tcl: Setting watchdog for 200 seconds at Sun Mar 08 07:08:48 UTC 2020
141 ms. Memory: 51200K Free: 13566K (26%)
ptolemy.util.test.WatchDog.cancel(): canceling Sun Mar 08 07:08:48 UTC 2020
auto.tcl: Setting watchdog for 200 seconds at Sun Mar 08 07:08:48 UTC 2020
133 ms. Memory: 51200K Free: 28081K (55%)
ptolemy.util.test.WatchDog.cancel(): canceling Sun Mar 08 07:08:48 UTC 2020
------------------ testing $PTII/ptolemy/domains/de/test/auto/Time.xml
auto.tcl: Setting watchdog for 200 seconds at Sun Mar 08 07:08:48 UTC 2020
441 ms. Memory: 51200K Free: 10567K (21%)
ptolemy.util.test.WatchDog.cancel(): canceling Sun Mar 08 07:08:49 UTC 2020
auto.tcl: Setting watchdog for 200 seconds at Sun Mar 08 07:08:49 UTC 2020
482 ms. Memory: 51200K Free: 16713K (33%)
ptolemy.util.test.WatchDog.cancel(): canceling Sun Mar 08 07:08:49 UTC 2020
------------------ testing $PTII/ptolemy/domains/de/test/auto/TimeDelayZeroDelay.xml
auto.tcl: Setting watchdog for 200 seconds at Sun Mar 08 07:08:49 UTC 2020
3 ms. Memory: 51200K Free: 32428K (63%)
ptolemy.util.test.WatchDog.cancel(): canceling Sun Mar 08 07:08:49 UTC 2020
auto.tcl: Setting watchdog for 200 seconds at Sun Mar 08 07:08:49 UTC 2020
3 ms. Memory: 51200K Free: 31561K (62%)
ptolemy.util.test.WatchDog.cancel(): canceling Sun Mar 08 07:08:49 UTC 2020
------------------ testing $PTII/ptolemy/domains/de/test/auto/TimerZeroDelay.xml
auto.tcl: Setting watchdog for 200 seconds at Sun Mar 08 07:08:49 UTC 2020
3 ms. Memory: 51200K Free: 32861K (64%)
ptolemy.util.test.WatchDog.cancel(): canceling Sun Mar 08 07:08:49 UTC 2020
auto.tcl: Setting watchdog for 200 seconds at Sun Mar 08 07:08:49 UTC 2020
2 ms. Memory: 51200K Free: 32040K (63%)
ptolemy.util.test.WatchDog.cancel(): canceling Sun Mar 08 07:08:49 UTC 2020
------------------ testing $PTII/ptolemy/domains/de/test/auto/TimingParadox.xml
auto.tcl: Setting watchdog for 200 seconds at Sun Mar 08 07:08:50 UTC 2020
350 ms. Memory: 67584K Free: 46138K (68%)
ptolemy.util.test.WatchDog.cancel(): canceling Sun Mar 08 07:08:50 UTC 2020
auto.tcl: Setting watchdog for 200 seconds at Sun Mar 08 07:08:50 UTC 2020
314 ms. Memory: 67584K Free: 47731K (71%)
ptolemy.util.test.WatchDog.cancel(): canceling Sun Mar 08 07:08:50 UTC 2020
------------------ testing $PTII/ptolemy/domains/de/test/auto/TransferInputs.xml
auto.tcl: Setting watchdog for 200 seconds at Sun Mar 08 07:08:50 UTC 2020
2 ms. Memory: 55296K Free: 35035K (63%)
ptolemy.util.test.WatchDog.cancel(): canceling Sun Mar 08 07:08:50 UTC 2020
auto.tcl: Setting watchdog for 200 seconds at Sun Mar 08 07:08:50 UTC 2020
2 ms. Memory: 55296K Free: 34122K (62%)
ptolemy.util.test.WatchDog.cancel(): canceling Sun Mar 08 07:08:50 UTC 2020
------------------ testing $PTII/ptolemy/domains/de/test/auto/TransferOutputs2.xml
auto.tcl: Setting watchdog for 200 seconds at Sun Mar 08 07:08:50 UTC 2020
2 ms. Memory: 55296K Free: 32477K (59%)
ptolemy.util.test.WatchDog.cancel(): canceling Sun Mar 08 07:08:50 UTC 2020
auto.tcl: Setting watchdog for 200 seconds at Sun Mar 08 07:08:50 UTC 2020
3 ms. Memory: 55296K Free: 31036K (56%)
ptolemy.util.test.WatchDog.cancel(): canceling Sun Mar 08 07:08:50 UTC 2020
------------------ testing $PTII/ptolemy/domains/de/test/auto/Trilateration.xml
auto.tcl: Setting watchdog for 200 seconds at Sun Mar 08 07:08:50 UTC 2020
11855 ms. Memory: 418816K Free: 385609K (92%)
ptolemy.util.test.WatchDog.cancel(): canceling Sun Mar 08 07:09:03 UTC 2020
auto.tcl: Setting watchdog for 200 seconds at Sun Mar 08 07:09:03 UTC 2020
9087 ms. Memory: 418816K Free: 223799K (53%)
ptolemy.util.test.WatchDog.cancel(): canceling Sun Mar 08 07:09:12 UTC 2020
------------------ testing $PTII/ptolemy/domains/de/test/auto/TwoSigmaDelta.xml
auto.tcl: Setting watchdog for 200 seconds at Sun Mar 08 07:09:13 UTC 2020
2198 ms. Memory: 89088K Free: 58789K (66%)
ptolemy.util.test.WatchDog.cancel(): canceling Sun Mar 08 07:09:15 UTC 2020
auto.tcl: Setting watchdog for 200 seconds at Sun Mar 08 07:09:15 UTC 2020
1721 ms. Memory: 89088K Free: 49054K (55%)
ptolemy.util.test.WatchDog.cancel(): canceling Sun Mar 08 07:09:17 UTC 2020
------------------ testing $PTII/ptolemy/domains/de/test/auto/VariableDelay.xml
auto.tcl: Setting watchdog for 200 seconds at Sun Mar 08 07:09:17 UTC 2020
3 ms. Memory: 55296K Free: 35512K (64%)
ptolemy.util.test.WatchDog.cancel(): canceling Sun Mar 08 07:09:17 UTC 2020
auto.tcl: Setting watchdog for 200 seconds at Sun Mar 08 07:09:17 UTC 2020
2 ms. Memory: 55296K Free: 34518K (62%)
ptolemy.util.test.WatchDog.cancel(): canceling Sun Mar 08 07:09:17 UTC 2020
------------------ testing $PTII/ptolemy/domains/de/test/auto/VariableDelay2.xml
auto.tcl: Setting watchdog for 200 seconds at Sun Mar 08 07:09:17 UTC 2020
2 ms. Memory: 51200K Free: 31831K (62%)
ptolemy.util.test.WatchDog.cancel(): canceling Sun Mar 08 07:09:17 UTC 2020
auto.tcl: Setting watchdog for 200 seconds at Sun Mar 08 07:09:17 UTC 2020
1 ms. Memory: 51200K Free: 31335K (61%)
ptolemy.util.test.WatchDog.cancel(): canceling Sun Mar 08 07:09:17 UTC 2020
------------------ testing $PTII/ptolemy/domains/de/test/auto/VariableDelayZeroDelay.xml
auto.tcl: Setting watchdog for 200 seconds at Sun Mar 08 07:09:17 UTC 2020
2 ms. Memory: 51200K Free: 32358K (63%)
ptolemy.util.test.WatchDog.cancel(): canceling Sun Mar 08 07:09:17 UTC 2020
auto.tcl: Setting watchdog for 200 seconds at Sun Mar 08 07:09:17 UTC 2020
2 ms. Memory: 51200K Free: 31814K (62%)
ptolemy.util.test.WatchDog.cancel(): canceling Sun Mar 08 07:09:17 UTC 2020
------------------ testing $PTII/ptolemy/domains/de/test/auto/VariableDelayZeroDelay2.xml
auto.tcl: Setting watchdog for 200 seconds at Sun Mar 08 07:09:17 UTC 2020
4 ms. Memory: 51200K Free: 32357K (63%)
ptolemy.util.test.WatchDog.cancel(): canceling Sun Mar 08 07:09:17 UTC 2020
auto.tcl: Setting watchdog for 200 seconds at Sun Mar 08 07:09:17 UTC 2020
1 ms. Memory: 51200K Free: 31333K (61%)
ptolemy.util.test.WatchDog.cancel(): canceling Sun Mar 08 07:09:17 UTC 2020
------------------ testing $PTII/ptolemy/domains/de/test/auto/deInCt.xml
auto.tcl: Setting watchdog for 200 seconds at Sun Mar 08 07:09:17 UTC 2020
0
1
1
1
0
0
0
1
1
1
1
0
0
1
1
1
1
1
0
0
0
0
1
1
1
1
0
0
0
0
0
1
1
1
10 ms. Memory: 51200K Free: 31330K (61%)
ptolemy.util.test.WatchDog.cancel(): canceling Sun Mar 08 07:09:17 UTC 2020
auto.tcl: Setting watchdog for 200 seconds at Sun Mar 08 07:09:17 UTC 2020
0
1
1
1
1
1
1
1
1
0
0
0
0
0
0
1
1
1
0
0
0
0
7 ms. Memory: 51200K Free: 29792K (58%)
ptolemy.util.test.WatchDog.cancel(): canceling Sun Mar 08 07:09:17 UTC 2020
------------------ testing $PTII/ptolemy/domains/de/test/auto/deInCt2.xml
auto.tcl: Setting watchdog for 200 seconds at Sun Mar 08 07:09:17 UTC 2020
0
1
1
1
0
0
1
1
1
0
0
1
1
1
0
0
1
1
1
0
0
1
1
1
0
0
1
1
1
0
0
1
1
1
0
0
1
1
1
0
0
0
11 ms. Memory: 51200K Free: 31331K (61%)
ptolemy.util.test.WatchDog.cancel(): canceling Sun Mar 08 07:09:17 UTC 2020
auto.tcl: Setting watchdog for 200 seconds at Sun Mar 08 07:09:17 UTC 2020
0
1
1
1
0
0
1
1
1
0
0
1
1
1
0
0
1
1
1
0
0
1
1
1
0
0
1
1
1
0
0
1
1
1
0
0
1
1
1
0
0
0
7 ms. Memory: 51200K Free: 29779K (58%)
ptolemy.util.test.WatchDog.cancel(): canceling Sun Mar 08 07:09:17 UTC 2020
------------------ testing $PTII/ptolemy/domains/de/test/auto/dynamicCausalityInterface1.xml
auto.tcl: Setting watchdog for 200 seconds at Sun Mar 08 07:09:17 UTC 2020
2 ms. Memory: 51200K Free: 27229K (53%)
ptolemy.util.test.WatchDog.cancel(): canceling Sun Mar 08 07:09:17 UTC 2020
auto.tcl: Setting watchdog for 200 seconds at Sun Mar 08 07:09:17 UTC 2020
1 ms. Memory: 51200K Free: 26715K (52%)
ptolemy.util.test.WatchDog.cancel(): canceling Sun Mar 08 07:09:17 UTC 2020
------------------ testing $PTII/ptolemy/domains/de/test/auto/fsm_de_test.xml
auto.tcl: Setting watchdog for 200 seconds at Sun Mar 08 07:09:17 UTC 2020
8 ms. Memory: 51200K Free: 27128K (53%)
ptolemy.util.test.WatchDog.cancel(): canceling Sun Mar 08 07:09:17 UTC 2020
auto.tcl: Setting watchdog for 200 seconds at Sun Mar 08 07:09:17 UTC 2020
4 ms. Memory: 51200K Free: 25080K (49%)
ptolemy.util.test.WatchDog.cancel(): canceling Sun Mar 08 07:09:17 UTC 2020
------------------ testing $PTII/ptolemy/domains/de/test/auto/functionDependencyReconstruction.xml
auto.tcl: Setting watchdog for 200 seconds at Sun Mar 08 07:09:17 UTC 2020
3 ms. Memory: 51200K Free: 21096K (41%)
ptolemy.util.test.WatchDog.cancel(): canceling Sun Mar 08 07:09:17 UTC 2020
auto.tcl: Setting watchdog for 200 seconds at Sun Mar 08 07:09:17 UTC 2020
3 ms. Memory: 51200K Free: 18925K (37%)
ptolemy.util.test.WatchDog.cancel(): canceling Sun Mar 08 07:09:17 UTC 2020
------------------ testing $PTII/ptolemy/domains/de/test/auto/multirate.xml
auto.tcl: Setting watchdog for 200 seconds at Sun Mar 08 07:09:17 UTC 2020
9 ms. Memory: 51200K Free: 29769K (58%)
ptolemy.util.test.WatchDog.cancel(): canceling Sun Mar 08 07:09:17 UTC 2020
auto.tcl: Setting watchdog for 200 seconds at Sun Mar 08 07:09:17 UTC 2020
2 ms. Memory: 51200K Free: 28023K (55%)
ptolemy.util.test.WatchDog.cancel(): canceling Sun Mar 08 07:09:17 UTC 2020
------------------ testing $PTII/ptolemy/domains/de/test/auto/multirate2.xml
auto.tcl: Setting watchdog for 200 seconds at Sun Mar 08 07:09:17 UTC 2020
6 ms. Memory: 51200K Free: 29933K (58%)
ptolemy.util.test.WatchDog.cancel(): canceling Sun Mar 08 07:09:17 UTC 2020
auto.tcl: Setting watchdog for 200 seconds at Sun Mar 08 07:09:17 UTC 2020
2 ms. Memory: 51200K Free: 28204K (55%)
ptolemy.util.test.WatchDog.cancel(): canceling Sun Mar 08 07:09:17 UTC 2020
------------------ testing $PTII/ptolemy/domains/de/test/auto/realtime.xml
auto.tcl: Setting watchdog for 200 seconds at Sun Mar 08 07:09:17 UTC 2020
10001 ms. Memory: 51200K Free: 32009K (63%)
ptolemy.util.test.WatchDog.cancel(): canceling Sun Mar 08 07:09:27 UTC 2020
auto.tcl: Setting watchdog for 200 seconds at Sun Mar 08 07:09:27 UTC 2020
10001 ms. Memory: 51200K Free: 31274K (61%)
ptolemy.util.test.WatchDog.cancel(): canceling Sun Mar 08 07:09:37 UTC 2020
------------------ testing $PTII/ptolemy/domains/de/test/auto/relationGroup.xml
auto.tcl: Setting watchdog for 200 seconds at Sun Mar 08 07:09:37 UTC 2020
2 ms. Memory: 51200K Free: 33059K (65%)
ptolemy.util.test.WatchDog.cancel(): canceling Sun Mar 08 07:09:37 UTC 2020
auto.tcl: Setting watchdog for 200 seconds at Sun Mar 08 07:09:37 UTC 2020
2 ms. Memory: 51200K Free: 32547K (64%)
ptolemy.util.test.WatchDog.cancel(): canceling Sun Mar 08 07:09:37 UTC 2020
------------------ testing $PTII/ptolemy/domains/de/test/auto/relationGroup2.xml
auto.tcl: Setting watchdog for 200 seconds at Sun Mar 08 07:09:38 UTC 2020
1 ms. Memory: 51200K Free: 33115K (65%)
ptolemy.util.test.WatchDog.cancel(): canceling Sun Mar 08 07:09:38 UTC 2020
auto.tcl: Setting watchdog for 200 seconds at Sun Mar 08 07:09:38 UTC 2020
2 ms. Memory: 51200K Free: 32571K (64%)
ptolemy.util.test.WatchDog.cancel(): canceling Sun Mar 08 07:09:38 UTC 2020
------------------ testing $PTII/ptolemy/domains/de/test/auto/sortWithOpaquePorts.xml
auto.tcl: Setting watchdog for 200 seconds at Sun Mar 08 07:09:38 UTC 2020
1 ms. Memory: 51200K Free: 31853K (62%)
ptolemy.util.test.WatchDog.cancel(): canceling Sun Mar 08 07:09:38 UTC 2020
auto.tcl: Setting watchdog for 200 seconds at Sun Mar 08 07:09:38 UTC 2020
2 ms. Memory: 51200K Free: 30829K (60%)
ptolemy.util.test.WatchDog.cancel(): canceling Sun Mar 08 07:09:38 UTC 2020
------------------ testing $PTII/ptolemy/domains/de/test/auto/transferInputsandOutputs.xml
auto.tcl: Setting watchdog for 200 seconds at Sun Mar 08 07:09:38 UTC 2020
2 ms. Memory: 51200K Free: 29297K (57%)
ptolemy.util.test.WatchDog.cancel(): canceling Sun Mar 08 07:09:38 UTC 2020
auto.tcl: Setting watchdog for 200 seconds at Sun Mar 08 07:09:38 UTC 2020
1 ms. Memory: 51200K Free: 28273K (55%)
ptolemy.util.test.WatchDog.cancel(): canceling Sun Mar 08 07:09:38 UTC 2020
------------------ testing $PTII/ptolemy/domains/de/test/auto/triggerType.xml
auto.tcl: Setting watchdog for 200 seconds at Sun Mar 08 07:09:38 UTC 2020
1 ms. Memory: 51200K Free: 32322K (63%)
ptolemy.util.test.WatchDog.cancel(): canceling Sun Mar 08 07:09:38 UTC 2020
auto.tcl: Setting watchdog for 200 seconds at Sun Mar 08 07:09:38 UTC 2020
2 ms. Memory: 51200K Free: 31298K (61%)
ptolemy.util.test.WatchDog.cancel(): canceling Sun Mar 08 07:09:38 UTC 2020
03/08/20 07:09:38
Failed: 0  Total Tests: 192  ((Passed: 187, Newly Passed: 1)  Known Failed: 5) /home/travis/build/icyphy/ptII/ptolemy/domains/de/test
03/08/20 07:09:38
Failed: 0  Total Tests: 192  ((Passed: 187, Newly Passed: 1)  Known Failed: 5) /home/travis/build/icyphy/ptII/ptolemy/domains/de/test
----------------- testing (KnownFailure) /home/travis/build/icyphy/ptII/ptolemy/domains/de/test/auto/knownFailedTests/DESDFClockTest.xml
2011 ms. Memory: 51200K Free: 25206K (49%)
Known Failure: java.lang.reflect.InvocationTargetException
----------------- testing (KnownFailure) /home/travis/build/icyphy/ptII/ptolemy/domains/de/test/auto/knownFailedTests/DirectFeedback.xml
4 ms. Memory: 51200K Free: 21110K (41%)
Known Failure: java.lang.reflect.InvocationTargetException
----------------- testing (KnownFailure) /home/travis/build/icyphy/ptII/ptolemy/domains/de/test/auto/knownFailedTests/FSMSource.xml
9 ms. Memory: 51200K Free: 13942K (27%)
----------------- testing (KnownFailure) /home/travis/build/icyphy/ptII/ptolemy/domains/de/test/auto/knownFailedTests/HierarchicalModel.xml
3 ms. Memory: 51200K Free: 26157K (51%)
Known Failure: java.lang.reflect.InvocationTargetException
----------------- testing (KnownFailure) /home/travis/build/icyphy/ptII/ptolemy/domains/de/test/auto/knownFailedTests/dependencyLoop.xml
3 ms. Memory: 51200K Free: 10821K (21%)
Known Failure: java.lang.reflect.InvocationTargetException
----------------- testing (KnownFailure) /home/travis/build/icyphy/ptII/ptolemy/domains/de/test/auto/knownFailedTests/dependencyLoop2.xml
7 ms. Memory: 51200K Free: 23696K (46%)
Known Failure: java.lang.reflect.InvocationTargetException
No auto/linux-amd64/*.xml tests in /home/travis/build/icyphy/ptII/ptolemy/domains/de/test
AutoTests.java: About to close Vertx.
AutoTests.java: Vertx closed.

===========================================================================================
----------------- testing Sun Mar 08 07:09:40 UTC 2020 /home/travis/build/icyphy/ptII/ptolemy/domains/de/test/auto/ActorDepthCalculation_actorWithoutPorts.xml
----------------- Instantiating /home/travis/build/icyphy/ptII/ptolemy/domains/de/test/auto/ActorDepthCalculation_actorWithoutPorts.xml
2 ms. Memory: 51200K Free: 16989K (33%)
----------------- Invoking toplevel() on ptolemy.moml.MoMLSimpleApplication@5094f6f2
----------------- Done invoking toplevel() on ptolemy.moml.MoMLSimpleApplication@5094f6f2
reloadAllAccessors: .ActorDepthCalculation_actorWithoutPorts

===========================================================================================
----------------- testing Sun Mar 08 07:09:40 UTC 2020 /home/travis/build/icyphy/ptII/ptolemy/domains/de/test/auto/AssemblyLine.xml
----------------- Instantiating /home/travis/build/icyphy/ptII/ptolemy/domains/de/test/auto/AssemblyLine.xml
3 ms. Memory: 51200K Free: 10105K (20%)
----------------- Invoking toplevel() on ptolemy.moml.MoMLSimpleApplication@dc617d9
----------------- Done invoking toplevel() on ptolemy.moml.MoMLSimpleApplication@dc617d9
reloadAllAccessors: .AssemblyLine

===========================================================================================
----------------- testing Sun Mar 08 07:09:40 UTC 2020 /home/travis/build/icyphy/ptII/ptolemy/domains/de/test/auto/CQBug1.xml
----------------- Instantiating /home/travis/build/icyphy/ptII/ptolemy/domains/de/test/auto/CQBug1.xml
1 ms. Memory: 51200K Free: 34775K (68%)
----------------- Invoking toplevel() on ptolemy.moml.MoMLSimpleApplication@3a5e0af8
----------------- Done invoking toplevel() on ptolemy.moml.MoMLSimpleApplication@3a5e0af8
reloadAllAccessors: .CQBug1

===========================================================================================
----------------- testing Sun Mar 08 07:09:40 UTC 2020 /home/travis/build/icyphy/ptII/ptolemy/domains/de/test/auto/CancelFireAt.xml
----------------- Instantiating /home/travis/build/icyphy/ptII/ptolemy/domains/de/test/auto/CancelFireAt.xml
2 ms. Memory: 51200K Free: 32174K (63%)
----------------- Invoking toplevel() on ptolemy.moml.MoMLSimpleApplication@1eea46b2
----------------- Done invoking toplevel() on ptolemy.moml.MoMLSimpleApplication@1eea46b2
reloadAllAccessors: .CancelFireAt

===========================================================================================
----------------- testing Sun Mar 08 07:09:40 UTC 2020 /home/travis/build/icyphy/ptII/ptolemy/domains/de/test/auto/CausalityAndComposabilityAnalysis.xml
----------------- Instantiating /home/travis/build/icyphy/ptII/ptolemy/domains/de/test/auto/CausalityAndComposabilityAnalysis.xml
2 ms. Memory: 51200K Free: 27653K (54%)
----------------- Invoking toplevel() on ptolemy.moml.MoMLSimpleApplication@294a041e
----------------- Done invoking toplevel() on ptolemy.moml.MoMLSimpleApplication@294a041e
reloadAllAccessors: .CausalityAndComposabilityAnalysis

===========================================================================================
----------------- testing Sun Mar 08 07:09:40 UTC 2020 /home/travis/build/icyphy/ptII/ptolemy/domains/de/test/auto/CausalityInterface1.xml
----------------- Instantiating /home/travis/build/icyphy/ptII/ptolemy/domains/de/test/auto/CausalityInterface1.xml
4 ms. Memory: 51200K Free: 22812K (45%)
----------------- Invoking toplevel() on ptolemy.moml.MoMLSimpleApplication@37b41e3
----------------- Done invoking toplevel() on ptolemy.moml.MoMLSimpleApplication@37b41e3
reloadAllAccessors: .CausalityInterface1

===========================================================================================
----------------- testing Sun Mar 08 07:09:40 UTC 2020 /home/travis/build/icyphy/ptII/ptolemy/domains/de/test/auto/CausalityInterface15.xml
----------------- Instantiating /home/travis/build/icyphy/ptII/ptolemy/domains/de/test/auto/CausalityInterface15.xml
2 ms. Memory: 51200K Free: 17413K (34%)
----------------- Invoking toplevel() on ptolemy.moml.MoMLSimpleApplication@3824af04
----------------- Done invoking toplevel() on ptolemy.moml.MoMLSimpleApplication@3824af04
reloadAllAccessors: .CausalityInterface15

===========================================================================================
----------------- testing Sun Mar 08 07:09:40 UTC 2020 /home/travis/build/icyphy/ptII/ptolemy/domains/de/test/auto/CausalityInterface2.xml
----------------- Instantiating /home/travis/build/icyphy/ptII/ptolemy/domains/de/test/auto/CausalityInterface2.xml
1 ms. Memory: 51200K Free: 12740K (25%)
----------------- Invoking toplevel() on ptolemy.moml.MoMLSimpleApplication@5a4f43fc
[...]
	at ptolemy.actor.Manager.run(Manager.java:1263)
	at ptolemy.actor.Manager$PtolemyRunThread.run(Manager.java:1933)
java.lang.RuntimeException: Execution failed
	at ptolemy.moml.MoMLSimpleApplication$UnloadThread.run(MoMLSimpleApplication.java:402)
Caused by: ptolemy.kernel.util.IllegalActionException: Actor is not ready to fire.  Perhaps UpSample.prefire() returned false? Try debugging the actor by selecting "Listen to Actor".  Also, for SDF check moml for tokenConsumptionRate on input.
  in .DESDFClockTest.Play Bell.Copy1:SDF Director and .DESDFClockTest.Play Bell.UpSample
	at ptolemy.actor.sched.StaticSchedulingDirector.fire(StaticSchedulingDirector.java:227)
	at ptolemy.domains.sdf.kernel.SDFDirector.fire(SDFDirector.java:500)
	at ptolemy.actor.CompositeActor.fire(CompositeActor.java:455)
	at ptolemy.domains.de.kernel.DEDirector._fire(DEDirector.java:1949)
	at ptolemy.domains.de.kernel.DEDirector.fire(DEDirector.java:502)
	at ptolemy.actor.CompositeActor.fire(CompositeActor.java:455)
	at ptolemy.actor.Manager.iterate(Manager.java:851)
	at ptolemy.actor.Manager.execute(Manager.java:369)
	at ptolemy.actor.Manager.run(Manager.java:1263)
	at ptolemy.actor.Manager$PtolemyRunThread.run(Manager.java:1933)
java.lang.reflect.InvocationTargetException
	at java.base/jdk.internal.reflect.NativeConstructorAccessorImpl.newInstance0(Native Method)
	at java.base/jdk.internal.reflect.NativeConstructorAccessorImpl.newInstance(NativeConstructorAccessorImpl.java:62)
	at java.base/jdk.internal.reflect.DelegatingConstructorAccessorImpl.newInstance(DelegatingConstructorAccessorImpl.java:45)
	at java.base/java.lang.reflect.Constructor.newInstance(Constructor.java:490)
	at ptolemy.util.test.junit.AutoKnownFailedTests.RunModel(AutoKnownFailedTests.java:105)
	at java.base/jdk.internal.reflect.NativeMethodAccessorImpl.invoke0(Native Method)
	at java.base/jdk.internal.reflect.NativeMethodAccessorImpl.invoke(NativeMethodAccessorImpl.java:62)
	at java.base/jdk.internal.reflect.DelegatingMethodAccessorImpl.invoke(DelegatingMethodAccessorImpl.java:43)
	at java.base/java.lang.reflect.Method.invoke(Method.java:566)
	at org.junit.runners.model.FrameworkMethod$1.runReflectiveCall(FrameworkMethod.java:44)
	at org.junit.internal.runners.model.ReflectiveCallable.run(ReflectiveCallable.java:15)
	at org.junit.runners.model.FrameworkMethod.invokeExplosively(FrameworkMethod.java:41)
	at junitparams.internal.InvokeParameterisedMethod.evaluate(InvokeParameterisedMethod.java:102)
	at org.junit.internal.runners.statements.FailOnTimeout$1.run(FailOnTimeout.java:28)
Caused by: ptolemy.kernel.util.IllegalActionException: Actor is not ready to fire.  Perhaps UpSample.prefire() returned false? Try debugging the actor by selecting "Listen to Actor".  Also, for SDF check moml for tokenConsumptionRate on input.
  in .DESDFClockTest.Play Bell.Copy1:SDF Director and .DESDFClockTest.Play Bell.UpSample
	at ptolemy.actor.sched.StaticSchedulingDirector.fire(StaticSchedulingDirector.java:227)
	at ptolemy.domains.sdf.kernel.SDFDirector.fire(SDFDirector.java:500)
	at ptolemy.actor.CompositeActor.fire(CompositeActor.java:455)
	at ptolemy.domains.de.kernel.DEDirector._fire(DEDirector.java:1949)
	at ptolemy.domains.de.kernel.DEDirector.fire(DEDirector.java:502)
	at ptolemy.actor.CompositeActor.fire(CompositeActor.java:455)
	at ptolemy.actor.Manager.iterate(Manager.java:851)
	at ptolemy.actor.Manager.execute(Manager.java:369)
	at ptolemy.actor.Manager.run(Manager.java:1263)
	at ptolemy.actor.Manager$PtolemyRunThread.run(Manager.java:1933)
java.lang.RuntimeException: Execution failed
	at ptolemy.moml.MoMLSimpleApplication$UnloadThread.run(MoMLSimpleApplication.java:402)
Caused by: ptolemy.kernel.util.IllegalActionException: Test fails in iteration 1.
Value was: 1.0. Should have been: 2.0
  in .DirectFeedback.Test
	at ptolemy.actor.lib.Test.fire(Test.java:268)
	at ptolemy.domains.de.kernel.DEDirector._fire(DEDirector.java:1949)
	at ptolemy.domains.de.kernel.DEDirector.fire(DEDirector.java:502)
	at ptolemy.actor.CompositeActor.fire(CompositeActor.java:455)
	at ptolemy.actor.Manager.iterate(Manager.java:851)
	at ptolemy.actor.Manager.execute(Manager.java:369)
	at ptolemy.actor.Manager.run(Manager.java:1263)
	at ptolemy.actor.Manager$PtolemyRunThread.run(Manager.java:1933)
java.lang.reflect.InvocationTargetException
	at java.base/jdk.internal.reflect.NativeConstructorAccessorImpl.newInstance0(Native Method)
	at java.base/jdk.internal.reflect.NativeConstructorAccessorImpl.newInstance(NativeConstructorAccessorImpl.java:62)
	at java.base/jdk.internal.reflect.DelegatingConstructorAccessorImpl.newInstance(DelegatingConstructorAccessorImpl.java:45)
	at java.base/java.lang.reflect.Constructor.newInstance(Constructor.java:490)
	at ptolemy.util.test.junit.AutoKnownFailedTests.RunModel(AutoKnownFailedTests.java:105)
	at java.base/jdk.internal.reflect.NativeMethodAccessorImpl.invoke0(Native Method)
	at java.base/jdk.internal.reflect.NativeMethodAccessorImpl.invoke(NativeMethodAccessorImpl.java:62)
	at java.base/jdk.internal.reflect.DelegatingMethodAccessorImpl.invoke(DelegatingMethodAccessorImpl.java:43)
	at java.base/java.lang.reflect.Method.invoke(Method.java:566)
	at org.junit.runners.model.FrameworkMethod$1.runReflectiveCall(FrameworkMethod.java:44)
	at org.junit.internal.runners.model.ReflectiveCallable.run(ReflectiveCallable.java:15)
	at org.junit.runners.model.FrameworkMethod.invokeExplosively(FrameworkMethod.java:41)
	at junitparams.internal.InvokeParameterisedMethod.evaluate(InvokeParameterisedMethod.java:102)
	at org.junit.internal.runners.statements.FailOnTimeout$1.run(FailOnTimeout.java:28)
Caused by: ptolemy.kernel.util.IllegalActionException: Test fails in iteration 1.
Value was: 1.0. Should have been: 2.0
  in .DirectFeedback.Test
	at ptolemy.actor.lib.Test.fire(Test.java:268)
	at ptolemy.domains.de.kernel.DEDirector._fire(DEDirector.java:1949)
	at ptolemy.domains.de.kernel.DEDirector.fire(DEDirector.java:502)
	at ptolemy.actor.CompositeActor.fire(CompositeActor.java:455)
	at ptolemy.actor.Manager.iterate(Manager.java:851)
	at ptolemy.actor.Manager.execute(Manager.java:369)
	at ptolemy.actor.Manager.run(Manager.java:1263)
	at ptolemy.actor.Manager$PtolemyRunThread.run(Manager.java:1933)
java.lang.RuntimeException: Execution failed
	at ptolemy.moml.MoMLSimpleApplication$UnloadThread.run(MoMLSimpleApplication.java:402)
Caused by: ptolemy.kernel.util.IllegalActionException: Found a zero delay loop containing .HierarchicalModel.A
  in .HierarchicalModel and .HierarchicalModel.A
	at ptolemy.actor.util.CausalityInterfaceForComposites._computeOutputPortDepth(CausalityInterfaceForComposites.java:759)
	at ptolemy.actor.util.CausalityInterfaceForComposites._computeInputDepth(CausalityInterfaceForComposites.java:696)
	at ptolemy.actor.util.CausalityInterfaceForComposites._computeOutputPortDepth(CausalityInterfaceForComposites.java:765)
	at ptolemy.actor.util.CausalityInterfaceForComposites._computeInputDepth(CausalityInterfaceForComposites.java:696)
	at ptolemy.actor.util.CausalityInterfaceForComposites._computeOutputPortDepth(CausalityInterfaceForComposites.java:765)
	at ptolemy.actor.util.CausalityInterfaceForComposites._computeInputDepth(CausalityInterfaceForComposites.java:696)
	at ptolemy.actor.util.CausalityInterfaceForComposites._computeActorDepth(CausalityInterfaceForComposites.java:532)
	at ptolemy.actor.util.CausalityInterfaceForComposites.checkForCycles(CausalityInterfaceForComposites.java:96)
	at ptolemy.domains.de.kernel.DEDirector.preinitialize(DEDirector.java:1338)
	at ptolemy.actor.CompositeActor.preinitialize(CompositeActor.java:1828)
	at ptolemy.actor.Manager.preinitializeAndResolveTypes(Manager.java:1040)
	at ptolemy.actor.Manager.initialize(Manager.java:710)
	at ptolemy.actor.Manager.execute(Manager.java:356)
	at ptolemy.actor.Manager.run(Manager.java:1263)
	at ptolemy.actor.Manager$PtolemyRunThread.run(Manager.java:1933)
java.lang.reflect.InvocationTargetException
	at java.base/jdk.internal.reflect.NativeConstructorAccessorImpl.newInstance0(Native Method)
	at java.base/jdk.internal.reflect.NativeConstructorAccessorImpl.newInstance(NativeConstructorAccessorImpl.java:62)
	at java.base/jdk.internal.reflect.DelegatingConstructorAccessorImpl.newInstance(DelegatingConstructorAccessorImpl.java:45)
	at java.base/java.lang.reflect.Constructor.newInstance(Constructor.java:490)
	at ptolemy.util.test.junit.AutoKnownFailedTests.RunModel(AutoKnownFailedTests.java:105)
	at java.base/jdk.internal.reflect.NativeMethodAccessorImpl.invoke0(Native Method)
	at java.base/jdk.internal.reflect.NativeMethodAccessorImpl.invoke(NativeMethodAccessorImpl.java:62)
	at java.base/jdk.internal.reflect.DelegatingMethodAccessorImpl.invoke(DelegatingMethodAccessorImpl.java:43)
	at java.base/java.lang.reflect.Method.invoke(Method.java:566)
	at org.junit.runners.model.FrameworkMethod$1.runReflectiveCall(FrameworkMethod.java:44)
	at org.junit.internal.runners.model.ReflectiveCallable.run(ReflectiveCallable.java:15)
	at org.junit.runners.model.FrameworkMethod.invokeExplosively(FrameworkMethod.java:41)
	at junitparams.internal.InvokeParameterisedMethod.evaluate(InvokeParameterisedMethod.java:102)
	at org.junit.internal.runners.statements.FailOnTimeout$1.run(FailOnTimeout.java:28)
Caused by: ptolemy.kernel.util.IllegalActionException: Found a zero delay loop containing .HierarchicalModel.A
  in .HierarchicalModel and .HierarchicalModel.A
	at ptolemy.actor.util.CausalityInterfaceForComposites._computeOutputPortDepth(CausalityInterfaceForComposites.java:759)
	at ptolemy.actor.util.CausalityInterfaceForComposites._computeInputDepth(CausalityInterfaceForComposites.java:696)
	at ptolemy.actor.util.CausalityInterfaceForComposites._computeOutputPortDepth(CausalityInterfaceForComposites.java:765)
	at ptolemy.actor.util.CausalityInterfaceForComposites._computeInputDepth(CausalityInterfaceForComposites.java:696)
	at ptolemy.actor.util.CausalityInterfaceForComposites._computeOutputPortDepth(CausalityInterfaceForComposites.java:765)
	at ptolemy.actor.util.CausalityInterfaceForComposites._computeInputDepth(CausalityInterfaceForComposites.java:696)
	at ptolemy.actor.util.CausalityInterfaceForComposites._computeActorDepth(CausalityInterfaceForComposites.java:532)
	at ptolemy.actor.util.CausalityInterfaceForComposites.checkForCycles(CausalityInterfaceForComposites.java:96)
	at ptolemy.domains.de.kernel.DEDirector.preinitialize(DEDirector.java:1338)
	at ptolemy.actor.CompositeActor.preinitialize(CompositeActor.java:1828)
	at ptolemy.actor.Manager.preinitializeAndResolveTypes(Manager.java:1040)
	at ptolemy.actor.Manager.initialize(Manager.java:710)
	at ptolemy.actor.Manager.execute(Manager.java:356)
	at ptolemy.actor.Manager.run(Manager.java:1263)
	at ptolemy.actor.Manager$PtolemyRunThread.run(Manager.java:1933)
java.lang.RuntimeException: Execution failed
	at ptolemy.moml.MoMLSimpleApplication$UnloadThread.run(MoMLSimpleApplication.java:402)
Caused by: ptolemy.kernel.util.IllegalActionException: Found a zero delay loop containing .dependencyLoop.original
  in .dependencyLoop and .dependencyLoop.original
	at ptolemy.actor.util.CausalityInterfaceForComposites._computeOutputPortDepth(CausalityInterfaceForComposites.java:759)
	at ptolemy.actor.util.CausalityInterfaceForComposites._computeInputDepth(CausalityInterfaceForComposites.java:696)
	at ptolemy.actor.util.CausalityInterfaceForComposites._computeOutputPortDepth(CausalityInterfaceForComposites.java:765)
	at ptolemy.actor.util.CausalityInterfaceForComposites._computeInputDepth(CausalityInterfaceForComposites.java:696)
	at ptolemy.actor.util.CausalityInterfaceForComposites._computeOutputPortDepth(CausalityInterfaceForComposites.java:765)
	at ptolemy.actor.util.CausalityInterfaceForComposites._computeInputDepth(CausalityInterfaceForComposites.java:696)
	at ptolemy.actor.util.CausalityInterfaceForComposites._computeActorDepth(CausalityInterfaceForComposites.java:532)
	at ptolemy.actor.util.CausalityInterfaceForComposites.checkForCycles(CausalityInterfaceForComposites.java:96)
	at ptolemy.domains.de.kernel.DEDirector.preinitialize(DEDirector.java:1338)
	at ptolemy.actor.CompositeActor.preinitialize(CompositeActor.java:1828)
	at ptolemy.actor.Manager.preinitializeAndResolveTypes(Manager.java:1040)
	at ptolemy.actor.Manager.initialize(Manager.java:710)
	at ptolemy.actor.Manager.execute(Manager.java:356)
	at ptolemy.actor.Manager.run(Manager.java:1263)
	at ptolemy.actor.Manager$PtolemyRunThread.run(Manager.java:1933)
java.lang.reflect.InvocationTargetException
	at java.base/jdk.internal.reflect.NativeConstructorAccessorImpl.newInstance0(Native Method)
	at java.base/jdk.internal.reflect.NativeConstructorAccessorImpl.newInstance(NativeConstructorAccessorImpl.java:62)
	at java.base/jdk.internal.reflect.DelegatingConstructorAccessorImpl.newInstance(DelegatingConstructorAccessorImpl.java:45)
	at java.base/java.lang.reflect.Constructor.newInstance(Constructor.java:490)
	at ptolemy.util.test.junit.AutoKnownFailedTests.RunModel(AutoKnownFailedTests.java:105)
	at java.base/jdk.internal.reflect.NativeMethodAccessorImpl.invoke0(Native Method)
	at java.base/jdk.internal.reflect.NativeMethodAccessorImpl.invoke(NativeMethodAccessorImpl.java:62)
	at java.base/jdk.internal.reflect.DelegatingMethodAccessorImpl.invoke(DelegatingMethodAccessorImpl.java:43)
	at java.base/java.lang.reflect.Method.invoke(Method.java:566)
	at org.junit.runners.model.FrameworkMethod$1.runReflectiveCall(FrameworkMethod.java:44)
	at org.junit.internal.runners.model.ReflectiveCallable.run(ReflectiveCallable.java:15)
	at org.junit.runners.model.FrameworkMethod.invokeExplosively(FrameworkMethod.java:41)
	at junitparams.internal.InvokeParameterisedMethod.evaluate(InvokeParameterisedMethod.java:102)
	at org.junit.internal.runners.statements.FailOnTimeout$1.run(FailOnTimeout.java:28)
Caused by: ptolemy.kernel.util.IllegalActionException: Found a zero delay loop containing .dependencyLoop.original
  in .dependencyLoop and .dependencyLoop.original
	at ptolemy.actor.util.CausalityInterfaceForComposites._computeOutputPortDepth(CausalityInterfaceForComposites.java:759)
	at ptolemy.actor.util.CausalityInterfaceForComposites._computeInputDepth(CausalityInterfaceForComposites.java:696)
	at ptolemy.actor.util.CausalityInterfaceForComposites._computeOutputPortDepth(CausalityInterfaceForComposites.java:765)
	at ptolemy.actor.util.CausalityInterfaceForComposites._computeInputDepth(CausalityInterfaceForComposites.java:696)
	at ptolemy.actor.util.CausalityInterfaceForComposites._computeOutputPortDepth(CausalityInterfaceForComposites.java:765)
	at ptolemy.actor.util.CausalityInterfaceForComposites._computeInputDepth(CausalityInterfaceForComposites.java:696)
	at ptolemy.actor.util.CausalityInterfaceForComposites._computeActorDepth(CausalityInterfaceForComposites.java:532)
	at ptolemy.actor.util.CausalityInterfaceForComposites.checkForCycles(CausalityInterfaceForComposites.java:96)
	at ptolemy.domains.de.kernel.DEDirector.preinitialize(DEDirector.java:1338)
	at ptolemy.actor.CompositeActor.preinitialize(CompositeActor.java:1828)
	at ptolemy.actor.Manager.preinitializeAndResolveTypes(Manager.java:1040)
	at ptolemy.actor.Manager.initialize(Manager.java:710)
	at ptolemy.actor.Manager.execute(Manager.java:356)
	at ptolemy.actor.Manager.run(Manager.java:1263)
	at ptolemy.actor.Manager$PtolemyRunThread.run(Manager.java:1933)
java.lang.RuntimeException: Execution failed
	at ptolemy.moml.MoMLSimpleApplication$UnloadThread.run(MoMLSimpleApplication.java:402)
Caused by: ptolemy.kernel.util.IllegalActionException: Found a zero delay loop containing .dependencyLoop2.original
  in .dependencyLoop2 and .dependencyLoop2.original
	at ptolemy.actor.util.CausalityInterfaceForComposites._computeOutputPortDepth(CausalityInterfaceForComposites.java:759)
	at ptolemy.actor.util.CausalityInterfaceForComposites._computeInputDepth(CausalityInterfaceForComposites.java:696)
	at ptolemy.actor.util.CausalityInterfaceForComposites._computeOutputPortDepth(CausalityInterfaceForComposites.java:765)
	at ptolemy.actor.util.CausalityInterfaceForComposites._computeInputDepth(CausalityInterfaceForComposites.java:696)
	at ptolemy.actor.util.CausalityInterfaceForComposites._computeOutputPortDepth(CausalityInterfaceForComposites.java:765)
	at ptolemy.actor.util.CausalityInterfaceForComposites._computeInputDepth(CausalityInterfaceForComposites.java:696)
	at ptolemy.actor.util.CausalityInterfaceForComposites._computeActorDepth(CausalityInterfaceForComposites.java:532)
	at ptolemy.actor.util.CausalityInterfaceForComposites.checkForCycles(CausalityInterfaceForComposites.java:96)
	at ptolemy.domains.de.kernel.DEDirector.preinitialize(DEDirector.java:1338)
	at ptolemy.actor.CompositeActor.preinitialize(CompositeActor.java:1828)
	at ptolemy.actor.Manager.preinitializeAndResolveTypes(Manager.java:1040)
	at ptolemy.actor.Manager.initialize(Manager.java:710)
	at ptolemy.actor.Manager.execute(Manager.java:356)
	at ptolemy.actor.Manager.run(Manager.java:1263)
	at ptolemy.actor.Manager$PtolemyRunThread.run(Manager.java:1933)
java.lang.reflect.InvocationTargetException
	at java.base/jdk.internal.reflect.NativeConstructorAccessorImpl.newInstance0(Native Method)
	at java.base/jdk.internal.reflect.NativeConstructorAccessorImpl.newInstance(NativeConstructorAccessorImpl.java:62)
	at java.base/jdk.internal.reflect.DelegatingConstructorAccessorImpl.newInstance(DelegatingConstructorAccessorImpl.java:45)
	at java.base/java.lang.reflect.Constructor.newInstance(Constructor.java:490)
	at ptolemy.util.test.junit.AutoKnownFailedTests.RunModel(AutoKnownFailedTests.java:105)
	at java.base/jdk.internal.reflect.NativeMethodAccessorImpl.invoke0(Native Method)
	at java.base/jdk.internal.reflect.NativeMethodAccessorImpl.invoke(NativeMethodAccessorImpl.java:62)
	at java.base/jdk.internal.reflect.DelegatingMethodAccessorImpl.invoke(DelegatingMethodAccessorImpl.java:43)
	at java.base/java.lang.reflect.Method.invoke(Method.java:566)
	at org.junit.runners.model.FrameworkMethod$1.runReflectiveCall(FrameworkMethod.java:44)
	at org.junit.internal.runners.model.ReflectiveCallable.run(ReflectiveCallable.java:15)
	at org.junit.runners.model.FrameworkMethod.invokeExplosively(FrameworkMethod.java:41)
	at junitparams.internal.InvokeParameterisedMethod.evaluate(InvokeParameterisedMethod.java:102)
	at org.junit.internal.runners.statements.FailOnTimeout$1.run(FailOnTimeout.java:28)
Caused by: ptolemy.kernel.util.IllegalActionException: Found a zero delay loop containing .dependencyLoop2.original
  in .dependencyLoop2 and .dependencyLoop2.original
	at ptolemy.actor.util.CausalityInterfaceForComposites._computeOutputPortDepth(CausalityInterfaceForComposites.java:759)
	at ptolemy.actor.util.CausalityInterfaceForComposites._computeInputDepth(CausalityInterfaceForComposites.java:696)
	at ptolemy.actor.util.CausalityInterfaceForComposites._computeOutputPortDepth(CausalityInterfaceForComposites.java:765)
	at ptolemy.actor.util.CausalityInterfaceForComposites._computeInputDepth(CausalityInterfaceForComposites.java:696)
	at ptolemy.actor.util.CausalityInterfaceForComposites._computeOutputPortDepth(CausalityInterfaceForComposites.java:765)
	at ptolemy.actor.util.CausalityInterfaceForComposites._computeInputDepth(CausalityInterfaceForComposites.java:696)
	at ptolemy.actor.util.CausalityInterfaceForComposites._computeActorDepth(CausalityInterfaceForComposites.java:532)
	at ptolemy.actor.util.CausalityInterfaceForComposites.checkForCycles(CausalityInterfaceForComposites.java:96)
	at ptolemy.domains.de.kernel.DEDirector.preinitialize(DEDirector.java:1338)
	at ptolemy.actor.CompositeActor.preinitialize(CompositeActor.java:1828)
	at ptolemy.actor.Manager.preinitializeAndResolveTypes(Manager.java:1040)
	at ptolemy.actor.Manager.initialize(Manager.java:710)
	at ptolemy.actor.Manager.execute(Manager.java:356)
	at ptolemy.actor.Manager.run(Manager.java:1263)
	at ptolemy.actor.Manager$PtolemyRunThread.run(Manager.java:1933)
]]></system-err>
</testsuite>
