<?xml version="1.0" encoding="UTF-8" ?>
<testsuite errors="0" failures="0" hostname="travis-job-3758f286-3079-43ff-8c72-9b9496ae718e" name="ptolemy.domains.modal.test.junit.JUnitTclTest" skipped="0" tests="148" time="10.479" timestamp="2019-12-07T06:24:11">
  <properties>
[...]
</properties>
  <testcase classname="ptolemy.util.test.junit.TclTests" name="[0] /home/travis/build/icyphy/ptII/ptolemy/domains/modal/test/SystemLevelType.tcl (RunTclFile)" time="1.801" />
  <testcase classname="ptolemy.util.test.junit.AutoKnownFailedTests" name="[0] /home/travis/build/icyphy/ptII/ptolemy/domains/modal/test/auto/knownFailedTests/CannotAnalysisWithPreemption.xml (RunModel)" time="0.224" />
  <testcase classname="ptolemy.util.test.junit.AutoNameArchTests" name="[0] ThereAreNoAutoArchTests (RunModel)" time="0.001" />
  <testcase classname="ptolemy.util.test.junit.AutoTests" name="[0] /home/travis/build/icyphy/ptII/ptolemy/domains/modal/test/auto/ABPTest.xml (RunModel)" time="0.758" />
  <testcase classname="ptolemy.util.test.junit.AutoTests" name="[1] /home/travis/build/icyphy/ptII/ptolemy/domains/modal/test/auto/ABROFlat.xml (RunModel)" time="0.072" />
  <testcase classname="ptolemy.util.test.junit.AutoTests" name="[2] /home/travis/build/icyphy/ptII/ptolemy/domains/modal/test/auto/ABROFlat2.xml (RunModel)" time="0.096" />
  <testcase classname="ptolemy.util.test.junit.AutoTests" name="[3] /home/travis/build/icyphy/ptII/ptolemy/domains/modal/test/auto/ABRO_present_hmm.xml (RunModel)" time="0.151" />
  <testcase classname="ptolemy.util.test.junit.AutoTests" name="[4] /home/travis/build/icyphy/ptII/ptolemy/domains/modal/test/auto/AMICoderExample.xml (RunModel)" time="0.075" />
  <testcase classname="ptolemy.util.test.junit.AutoTests" name="[5] /home/travis/build/icyphy/ptII/ptolemy/domains/modal/test/auto/AbsentToPresent.xml (RunModel)" time="0.027" />
  <testcase classname="ptolemy.util.test.junit.AutoTests" name="[6] /home/travis/build/icyphy/ptII/ptolemy/domains/modal/test/auto/Blending.xml (RunModel)" time="0.344" />
  <testcase classname="ptolemy.util.test.junit.AutoTests" name="[7] /home/travis/build/icyphy/ptII/ptolemy/domains/modal/test/auto/Broadcast.xml (RunModel)" time="0.037" />
  <testcase classname="ptolemy.util.test.junit.AutoTests" name="[8] /home/travis/build/icyphy/ptII/ptolemy/domains/modal/test/auto/BroadcastHierarchy.xml (RunModel)" time="0.046" />
  <testcase classname="ptolemy.util.test.junit.AutoTests" name="[9] /home/travis/build/icyphy/ptII/ptolemy/domains/modal/test/auto/BroadcastHierarchy2.xml (RunModel)" time="0.122" />
  <testcase classname="ptolemy.util.test.junit.AutoTests" name="[10] /home/travis/build/icyphy/ptII/ptolemy/domains/modal/test/auto/BroadcastHierarchy3.xml (RunModel)" time="0.078" />
  <testcase classname="ptolemy.util.test.junit.AutoTests" name="[11] /home/travis/build/icyphy/ptII/ptolemy/domains/modal/test/auto/BroadcastHierarchy4.xml (RunModel)" time="0.083" />
  <testcase classname="ptolemy.util.test.junit.AutoTests" name="[12] /home/travis/build/icyphy/ptII/ptolemy/domains/modal/test/auto/CannotAnalysisWithPreemption2.xml (RunModel)" time="0.034" />
  <testcase classname="ptolemy.util.test.junit.AutoTests" name="[13] /home/travis/build/icyphy/ptII/ptolemy/domains/modal/test/auto/CannotAnalysisWithPreemption3.xml (RunModel)" time="0.035" />
  <testcase classname="ptolemy.util.test.junit.AutoTests" name="[14] /home/travis/build/icyphy/ptII/ptolemy/domains/modal/test/auto/CannotProduce.xml (RunModel)" time="0.037" />
  <testcase classname="ptolemy.util.test.junit.AutoTests" name="[15] /home/travis/build/icyphy/ptII/ptolemy/domains/modal/test/auto/CannotProduceModal.xml (RunModel)" time="0.019" />
  <testcase classname="ptolemy.util.test.junit.AutoTests" name="[16] /home/travis/build/icyphy/ptII/ptolemy/domains/modal/test/auto/Case.xml (RunModel)" time="0.048" />
  <testcase classname="ptolemy.util.test.junit.AutoTests" name="[17] /home/travis/build/icyphy/ptII/ptolemy/domains/modal/test/auto/Case1.xml (RunModel)" time="0.044" />
  <testcase classname="ptolemy.util.test.junit.AutoTests" name="[18] /home/travis/build/icyphy/ptII/ptolemy/domains/modal/test/auto/Case2.xml (RunModel)" time="0.061" />
  <testcase classname="ptolemy.util.test.junit.AutoTests" name="[19] /home/travis/build/icyphy/ptII/ptolemy/domains/modal/test/auto/CausalityInterface1.xml (RunModel)" time="0.054" />
  <testcase classname="ptolemy.util.test.junit.AutoTests" name="[20] /home/travis/build/icyphy/ptII/ptolemy/domains/modal/test/auto/CausalityInterface10.xml (RunModel)" time="0.067" />
  <testcase classname="ptolemy.util.test.junit.AutoTests" name="[21] /home/travis/build/icyphy/ptII/ptolemy/domains/modal/test/auto/CausalityInterface11.xml (RunModel)" time="0.039" />
  <testcase classname="ptolemy.util.test.junit.AutoTests" name="[22] /home/travis/build/icyphy/ptII/ptolemy/domains/modal/test/auto/CausalityInterface12.xml (RunModel)" time="0.041" />
  <testcase classname="ptolemy.util.test.junit.AutoTests" name="[23] /home/travis/build/icyphy/ptII/ptolemy/domains/modal/test/auto/CausalityInterface13.xml (RunModel)" time="0.044" />
  <testcase classname="ptolemy.util.test.junit.AutoTests" name="[24] /home/travis/build/icyphy/ptII/ptolemy/domains/modal/test/auto/CausalityInterface14.xml (RunModel)" time="0.037" />
  <testcase classname="ptolemy.util.test.junit.AutoTests" name="[25] /home/travis/build/icyphy/ptII/ptolemy/domains/modal/test/auto/CausalityInterface2.xml (RunModel)" time="0.019" />
  <testcase classname="ptolemy.util.test.junit.AutoTests" name="[26] /home/travis/build/icyphy/ptII/ptolemy/domains/modal/test/auto/CausalityInterface3.xml (RunModel)" time="0.018" />
  <testcase classname="ptolemy.util.test.junit.AutoTests" name="[27] /home/travis/build/icyphy/ptII/ptolemy/domains/modal/test/auto/CausalityInterface4.xml (RunModel)" time="0.018" />
  <testcase classname="ptolemy.util.test.junit.AutoTests" name="[28] /home/travis/build/icyphy/ptII/ptolemy/domains/modal/test/auto/CausalityInterface5.xml (RunModel)" time="0.043" />
  <testcase classname="ptolemy.util.test.junit.AutoTests" name="[29] /home/travis/build/icyphy/ptII/ptolemy/domains/modal/test/auto/CausalityInterface6.xml (RunModel)" time="0.028" />
  <testcase classname="ptolemy.util.test.junit.AutoTests" name="[30] /home/travis/build/icyphy/ptII/ptolemy/domains/modal/test/auto/CausalityInterface7.xml (RunModel)" time="0.031" />
  <testcase classname="ptolemy.util.test.junit.AutoTests" name="[31] /home/travis/build/icyphy/ptII/ptolemy/domains/modal/test/auto/CausalityInterface8.xml (RunModel)" time="0.029" />
  <testcase classname="ptolemy.util.test.junit.AutoTests" name="[32] /home/travis/build/icyphy/ptII/ptolemy/domains/modal/test/auto/CausalityInterface9.xml (RunModel)" time="0.04" />
  <testcase classname="ptolemy.util.test.junit.AutoTests" name="[33] /home/travis/build/icyphy/ptII/ptolemy/domains/modal/test/auto/ChainedTransitions.xml (RunModel)" time="0.144" />
  <testcase classname="ptolemy.util.test.junit.AutoTests" name="[34] /home/travis/build/icyphy/ptII/ptolemy/domains/modal/test/auto/CycleOfImmediateTransitionsFSM.xml (RunModel)" time="0.021" />
  <testcase classname="ptolemy.util.test.junit.AutoTests" name="[35] /home/travis/build/icyphy/ptII/ptolemy/domains/modal/test/auto/CycleOfImmediateTransitionsModal.xml (RunModel)" time="0.02" />
  <testcase classname="ptolemy.util.test.junit.AutoTests" name="[36] /home/travis/build/icyphy/ptII/ptolemy/domains/modal/test/auto/CycleOfImmediateTransitionsModal2.xml (RunModel)" time="0.029" />
  <testcase classname="ptolemy.util.test.junit.AutoTests" name="[37] /home/travis/build/icyphy/ptII/ptolemy/domains/modal/test/auto/CycleOfImmediateTransitionsModal3.xml (RunModel)" time="0.06" />
  <testcase classname="ptolemy.util.test.junit.AutoTests" name="[38] /home/travis/build/icyphy/ptII/ptolemy/domains/modal/test/auto/DeepModal1.xml (RunModel)" time="0.071" />
  <testcase classname="ptolemy.util.test.junit.AutoTests" name="[39] /home/travis/build/icyphy/ptII/ptolemy/domains/modal/test/auto/DeepModal2.xml (RunModel)" time="0.054" />
  <testcase classname="ptolemy.util.test.junit.AutoTests" name="[40] /home/travis/build/icyphy/ptII/ptolemy/domains/modal/test/auto/DeepModal3.xml (RunModel)" time="0.063" />
  <testcase classname="ptolemy.util.test.junit.AutoTests" name="[41] /home/travis/build/icyphy/ptII/ptolemy/domains/modal/test/auto/DeepModal4.xml (RunModel)" time="0.07" />
  <testcase classname="ptolemy.util.test.junit.AutoTests" name="[42] /home/travis/build/icyphy/ptII/ptolemy/domains/modal/test/auto/Default1.xml (RunModel)" time="0.02" />
  <testcase classname="ptolemy.util.test.junit.AutoTests" name="[43] /home/travis/build/icyphy/ptII/ptolemy/domains/modal/test/auto/Default2.xml (RunModel)" time="0.018" />
  <testcase classname="ptolemy.util.test.junit.AutoTests" name="[44] /home/travis/build/icyphy/ptII/ptolemy/domains/modal/test/auto/Default3.xml (RunModel)" time="0.018" />
  <testcase classname="ptolemy.util.test.junit.AutoTests" name="[45] /home/travis/build/icyphy/ptII/ptolemy/domains/modal/test/auto/Default4.xml (RunModel)" time="0.016" />
  <testcase classname="ptolemy.util.test.junit.AutoTests" name="[46] /home/travis/build/icyphy/ptII/ptolemy/domains/modal/test/auto/Default5.xml (RunModel)" time="0.02" />
  <testcase classname="ptolemy.util.test.junit.AutoTests" name="[47] /home/travis/build/icyphy/ptII/ptolemy/domains/modal/test/auto/EmptyGuard.xml (RunModel)" time="0.028" />
  <testcase classname="ptolemy.util.test.junit.AutoTests" name="[48] /home/travis/build/icyphy/ptII/ptolemy/domains/modal/test/auto/ErrorTransition1.xml (RunModel)" time="0.045" />
  <testcase classname="ptolemy.util.test.junit.AutoTests" name="[49] /home/travis/build/icyphy/ptII/ptolemy/domains/modal/test/auto/ErrorTransition10.xml (RunModel)" time="0.041" />
  <testcase classname="ptolemy.util.test.junit.AutoTests" name="[50] /home/travis/build/icyphy/ptII/ptolemy/domains/modal/test/auto/ErrorTransition11.xml (RunModel)" time="0.032" />
  <testcase classname="ptolemy.util.test.junit.AutoTests" name="[51] /home/travis/build/icyphy/ptII/ptolemy/domains/modal/test/auto/ErrorTransition2.xml (RunModel)" time="0.025" />
  <testcase classname="ptolemy.util.test.junit.AutoTests" name="[52] /home/travis/build/icyphy/ptII/ptolemy/domains/modal/test/auto/ErrorTransition3.xml (RunModel)" time="0.037" />
  <testcase classname="ptolemy.util.test.junit.AutoTests" name="[53] /home/travis/build/icyphy/ptII/ptolemy/domains/modal/test/auto/ErrorTransition4.xml (RunModel)" time="0.036" />
  <testcase classname="ptolemy.util.test.junit.AutoTests" name="[54] /home/travis/build/icyphy/ptII/ptolemy/domains/modal/test/auto/ErrorTransition5.xml (RunModel)" time="0.028" />
  <testcase classname="ptolemy.util.test.junit.AutoTests" name="[55] /home/travis/build/icyphy/ptII/ptolemy/domains/modal/test/auto/ErrorTransition6.xml (RunModel)" time="0.03" />
  <testcase classname="ptolemy.util.test.junit.AutoTests" name="[56] /home/travis/build/icyphy/ptII/ptolemy/domains/modal/test/auto/ErrorTransition7.xml (RunModel)" time="0.045" />
  <testcase classname="ptolemy.util.test.junit.AutoTests" name="[57] /home/travis/build/icyphy/ptII/ptolemy/domains/modal/test/auto/ErrorTransition8.xml (RunModel)" time="0.05" />
  <testcase classname="ptolemy.util.test.junit.AutoTests" name="[58] /home/travis/build/icyphy/ptII/ptolemy/domains/modal/test/auto/ErrorTransition9.xml (RunModel)" time="0.063" />
  <testcase classname="ptolemy.util.test.junit.AutoTests" name="[59] /home/travis/build/icyphy/ptII/ptolemy/domains/modal/test/auto/ExtendedFSM.xml (RunModel)" time="0.034" />
  <testcase classname="ptolemy.util.test.junit.AutoTests" name="[60] /home/travis/build/icyphy/ptII/ptolemy/domains/modal/test/auto/FinalStates.xml (RunModel)" time="0.025" />
  <testcase classname="ptolemy.util.test.junit.AutoTests" name="[61] /home/travis/build/icyphy/ptII/ptolemy/domains/modal/test/auto/FixedPointFSM.xml (RunModel)" time="0.051" />
  <testcase classname="ptolemy.util.test.junit.AutoTests" name="[62] /home/travis/build/icyphy/ptII/ptolemy/domains/modal/test/auto/FixedPointIterationFSMActor.xml (RunModel)" time="0.03" />
  <testcase classname="ptolemy.util.test.junit.AutoTests" name="[63] /home/travis/build/icyphy/ptII/ptolemy/domains/modal/test/auto/FixedPointIterationFSMActor2.xml (RunModel)" time="0.032" />
  <testcase classname="ptolemy.util.test.junit.AutoTests" name="[64] /home/travis/build/icyphy/ptII/ptolemy/domains/modal/test/auto/ForbiddenInstantanousLoop.xml (RunModel)" time="0.035" />
  <testcase classname="ptolemy.util.test.junit.AutoTests" name="[65] /home/travis/build/icyphy/ptII/ptolemy/domains/modal/test/auto/FunctionDependencyOfFSMActorTest.xml (RunModel)" time="0.024" />
  <testcase classname="ptolemy.util.test.junit.AutoTests" name="[66] /home/travis/build/icyphy/ptII/ptolemy/domains/modal/test/auto/GuardExpression.xml (RunModel)" time="0.013" />
  <testcase classname="ptolemy.util.test.junit.AutoTests" name="[67] /home/travis/build/icyphy/ptII/ptolemy/domains/modal/test/auto/GuardNotEvaluated.xml (RunModel)" time="0.03" />
  <testcase classname="ptolemy.util.test.junit.AutoTests" name="[68] /home/travis/build/icyphy/ptII/ptolemy/domains/modal/test/auto/GuardNotEvaluated2.xml (RunModel)" time="0.027" />
  <testcase classname="ptolemy.util.test.junit.AutoTests" name="[69] /home/travis/build/icyphy/ptII/ptolemy/domains/modal/test/auto/GuardOnAbsent.xml (RunModel)" time="0.023" />
  <testcase classname="ptolemy.util.test.junit.AutoTests" name="[70] /home/travis/build/icyphy/ptII/ptolemy/domains/modal/test/auto/HierarchicalFSMTypeInference.xml (RunModel)" time="0.028" />
  <testcase classname="ptolemy.util.test.junit.AutoTests" name="[71] /home/travis/build/icyphy/ptII/ptolemy/domains/modal/test/auto/Hysteresis.xml (RunModel)" time="0.068" />
  <testcase classname="ptolemy.util.test.junit.AutoTests" name="[72] /home/travis/build/icyphy/ptII/ptolemy/domains/modal/test/auto/HysteresisWithDefault.xml (RunModel)" time="0.066" />
  <testcase classname="ptolemy.util.test.junit.AutoTests" name="[73] /home/travis/build/icyphy/ptII/ptolemy/domains/modal/test/auto/HysteresisWithDefault2.xml (RunModel)" time="0.1" />
  <testcase classname="ptolemy.util.test.junit.AutoTests" name="[74] /home/travis/build/icyphy/ptII/ptolemy/domains/modal/test/auto/ImmediateNonConstructiveness.xml (RunModel)" time="0.029" />
  <testcase classname="ptolemy.util.test.junit.AutoTests" name="[75] /home/travis/build/icyphy/ptII/ptolemy/domains/modal/test/auto/ImmediateNonConstructiveness2.xml (RunModel)" time="0.026" />
  <testcase classname="ptolemy.util.test.junit.AutoTests" name="[76] /home/travis/build/icyphy/ptII/ptolemy/domains/modal/test/auto/ImmediateTransitionReset.xml (RunModel)" time="0.043" />
  <testcase classname="ptolemy.util.test.junit.AutoTests" name="[77] /home/travis/build/icyphy/ptII/ptolemy/domains/modal/test/auto/ImmediateTransitions1.xml (RunModel)" time="0.016" />
  <testcase classname="ptolemy.util.test.junit.AutoTests" name="[78] /home/travis/build/icyphy/ptII/ptolemy/domains/modal/test/auto/ImmediateTransitionsInstantaneousCommunication.xml (RunModel)" time="0.04" />
  <testcase classname="ptolemy.util.test.junit.AutoTests" name="[79] /home/travis/build/icyphy/ptII/ptolemy/domains/modal/test/auto/InitialImmediateTransition.xml (RunModel)" time="0.018" />
  <testcase classname="ptolemy.util.test.junit.AutoTests" name="[80] /home/travis/build/icyphy/ptII/ptolemy/domains/modal/test/auto/InitialOutputs.xml (RunModel)" time="0.017" />
  <testcase classname="ptolemy.util.test.junit.AutoTests" name="[81] /home/travis/build/icyphy/ptII/ptolemy/domains/modal/test/auto/InitialStateTransition1.xml (RunModel)" time="0.018" />
  <testcase classname="ptolemy.util.test.junit.AutoTests" name="[82] /home/travis/build/icyphy/ptII/ptolemy/domains/modal/test/auto/InitialStateTransition2.xml (RunModel)" time="0.021" />
  <testcase classname="ptolemy.util.test.junit.AutoTests" name="[83] /home/travis/build/icyphy/ptII/ptolemy/domains/modal/test/auto/InitialStateTransition3.xml (RunModel)" time="0.032" />
  <testcase classname="ptolemy.util.test.junit.AutoTests" name="[84] /home/travis/build/icyphy/ptII/ptolemy/domains/modal/test/auto/InitialStateTransition4.xml (RunModel)" time="0.024" />
  <testcase classname="ptolemy.util.test.junit.AutoTests" name="[85] /home/travis/build/icyphy/ptII/ptolemy/domains/modal/test/auto/MalformedGuardExpressionNotCaught.xml (RunModel)" time="0.025" />
  <testcase classname="ptolemy.util.test.junit.AutoTests" name="[86] /home/travis/build/icyphy/ptII/ptolemy/domains/modal/test/auto/ModalBSC.xml (RunModel)" time="0.086" />
  <testcase classname="ptolemy.util.test.junit.AutoTests" name="[87] /home/travis/build/icyphy/ptII/ptolemy/domains/modal/test/auto/ModalClocks.xml (RunModel)" time="0.076" />
  <testcase classname="ptolemy.util.test.junit.AutoTests" name="[88] /home/travis/build/icyphy/ptII/ptolemy/domains/modal/test/auto/ModalDelay.xml (RunModel)" time="0.045" />
  <testcase classname="ptolemy.util.test.junit.AutoTests" name="[89] /home/travis/build/icyphy/ptII/ptolemy/domains/modal/test/auto/ModalDelay2.xml (RunModel)" time="0.042" />
  <testcase classname="ptolemy.util.test.junit.AutoTests" name="[90] /home/travis/build/icyphy/ptII/ptolemy/domains/modal/test/auto/ModalModelFromMemo.xml (RunModel)" time="0.046" />
  <testcase classname="ptolemy.util.test.junit.AutoTests" name="[91] /home/travis/build/icyphy/ptII/ptolemy/domains/modal/test/auto/ModalModelWithMultirateTransient.xml (RunModel)" time="0.048" />
  <testcase classname="ptolemy.util.test.junit.AutoTests" name="[92] /home/travis/build/icyphy/ptII/ptolemy/domains/modal/test/auto/ModalModelWithReset.xml (RunModel)" time="0.059" />
  <testcase classname="ptolemy.util.test.junit.AutoTests" name="[93] /home/travis/build/icyphy/ptII/ptolemy/domains/modal/test/auto/MouseClickFSM.xml (RunModel)" time="0.034" />
  <testcase classname="ptolemy.util.test.junit.AutoTests" name="[94] /home/travis/build/icyphy/ptII/ptolemy/domains/modal/test/auto/MouseClickFSMModal.xml (RunModel)" time="0.03" />
  <testcase classname="ptolemy.util.test.junit.AutoTests" name="[95] /home/travis/build/icyphy/ptII/ptolemy/domains/modal/test/auto/NonStrictFSM_FeedbackLoop.xml (RunModel)" time="0.042" />
  <testcase classname="ptolemy.util.test.junit.AutoTests" name="[96] /home/travis/build/icyphy/ptII/ptolemy/domains/modal/test/auto/NonStrictFSM_FeedbackLoop_Refinement.xml (RunModel)" time="0.078" />
  <testcase classname="ptolemy.util.test.junit.AutoTests" name="[97] /home/travis/build/icyphy/ptII/ptolemy/domains/modal/test/auto/NonStrictFSM_FeedbackLoop_preemptive.xml (RunModel)" time="0.04" />
  <testcase classname="ptolemy.util.test.junit.AutoTests" name="[98] /home/travis/build/icyphy/ptII/ptolemy/domains/modal/test/auto/NormalTermination.xml (RunModel)" time="0.044" />
  <testcase classname="ptolemy.util.test.junit.AutoTests" name="[99] /home/travis/build/icyphy/ptII/ptolemy/domains/modal/test/auto/Pong.xml (RunModel)" time="0.08" />
  <testcase classname="ptolemy.util.test.junit.AutoTests" name="[100] /home/travis/build/icyphy/ptII/ptolemy/domains/modal/test/auto/Pong_test.xml (RunModel)" time="0.137" />
  <testcase classname="ptolemy.util.test.junit.AutoTests" name="[101] /home/travis/build/icyphy/ptII/ptolemy/domains/modal/test/auto/PreemptionHierarchy.xml (RunModel)" time="0.033" />
  <testcase classname="ptolemy.util.test.junit.AutoTests" name="[102] /home/travis/build/icyphy/ptII/ptolemy/domains/modal/test/auto/PreemptionHierarchy2.xml (RunModel)" time="0.037" />
  <testcase classname="ptolemy.util.test.junit.AutoTests" name="[103] /home/travis/build/icyphy/ptII/ptolemy/domains/modal/test/auto/PreemptiveTransition.xml (RunModel)" time="0.053" />
  <testcase classname="ptolemy.util.test.junit.AutoTests" name="[104] /home/travis/build/icyphy/ptII/ptolemy/domains/modal/test/auto/Priorities.xml (RunModel)" time="0.133" />
  <testcase classname="ptolemy.util.test.junit.AutoTests" name="[105] /home/travis/build/icyphy/ptII/ptolemy/domains/modal/test/auto/ResetFinal.xml (RunModel)" time="0.053" />
  <testcase classname="ptolemy.util.test.junit.AutoTests" name="[106] /home/travis/build/icyphy/ptII/ptolemy/domains/modal/test/auto/ResetFinal2.xml (RunModel)" time="0.045" />
  <testcase classname="ptolemy.util.test.junit.AutoTests" name="[107] /home/travis/build/icyphy/ptII/ptolemy/domains/modal/test/auto/ResetTransitionWithStartTime.xml (RunModel)" time="0.032" />
  <testcase classname="ptolemy.util.test.junit.AutoTests" name="[108] /home/travis/build/icyphy/ptII/ptolemy/domains/modal/test/auto/SDF-FSMComposite.xml (RunModel)" time="0.022" />
  <testcase classname="ptolemy.util.test.junit.AutoTests" name="[109] /home/travis/build/icyphy/ptII/ptolemy/domains/modal/test/auto/SeeminglyNondeterminate.xml (RunModel)" time="0.067" />
  <testcase classname="ptolemy.util.test.junit.AutoTests" name="[110] /home/travis/build/icyphy/ptII/ptolemy/domains/modal/test/auto/SeeminglyNondeterminate2.xml (RunModel)" time="0.084" />
  <testcase classname="ptolemy.util.test.junit.AutoTests" name="[111] /home/travis/build/icyphy/ptII/ptolemy/domains/modal/test/auto/SpontaneousFSM.xml (RunModel)" time="0.046" />
  <testcase classname="ptolemy.util.test.junit.AutoTests" name="[112] /home/travis/build/icyphy/ptII/ptolemy/domains/modal/test/auto/SpontaneousFSM2.xml (RunModel)" time="0.025" />
  <testcase classname="ptolemy.util.test.junit.AutoTests" name="[113] /home/travis/build/icyphy/ptII/ptolemy/domains/modal/test/auto/SpontaneousFSM3.xml (RunModel)" time="0.039" />
  <testcase classname="ptolemy.util.test.junit.AutoTests" name="[114] /home/travis/build/icyphy/ptII/ptolemy/domains/modal/test/auto/SpontaneousFSM4.xml (RunModel)" time="0.043" />
  <testcase classname="ptolemy.util.test.junit.AutoTests" name="[115] /home/travis/build/icyphy/ptII/ptolemy/domains/modal/test/auto/StateTrackerTest.xml (RunModel)" time="0.058" />
  <testcase classname="ptolemy.util.test.junit.AutoTests" name="[116] /home/travis/build/icyphy/ptII/ptolemy/domains/modal/test/auto/StrongImmediateTransition.xml (RunModel)" time="0.025" />
  <testcase classname="ptolemy.util.test.junit.AutoTests" name="[117] /home/travis/build/icyphy/ptII/ptolemy/domains/modal/test/auto/SustainHierarchy.xml (RunModel)" time="0.032" />
  <testcase classname="ptolemy.util.test.junit.AutoTests" name="[118] /home/travis/build/icyphy/ptII/ptolemy/domains/modal/test/auto/TerminationTransition1.xml (RunModel)" time="0.022" />
  <testcase classname="ptolemy.util.test.junit.AutoTests" name="[119] /home/travis/build/icyphy/ptII/ptolemy/domains/modal/test/auto/TerminationTransition2.xml (RunModel)" time="0.028" />
  <testcase classname="ptolemy.util.test.junit.AutoTests" name="[120] /home/travis/build/icyphy/ptII/ptolemy/domains/modal/test/auto/TerminationTransition3.xml (RunModel)" time="0.025" />
  <testcase classname="ptolemy.util.test.junit.AutoTests" name="[121] /home/travis/build/icyphy/ptII/ptolemy/domains/modal/test/auto/TerminationTransition4.xml (RunModel)" time="0.038" />
  <testcase classname="ptolemy.util.test.junit.AutoTests" name="[122] /home/travis/build/icyphy/ptII/ptolemy/domains/modal/test/auto/TerminationTransition5.xml (RunModel)" time="0.035" />
  <testcase classname="ptolemy.util.test.junit.AutoTests" name="[123] /home/travis/build/icyphy/ptII/ptolemy/domains/modal/test/auto/TerminationTransition6.xml (RunModel)" time="0.022" />
  <testcase classname="ptolemy.util.test.junit.AutoTests" name="[124] /home/travis/build/icyphy/ptII/ptolemy/domains/modal/test/auto/TerminationTransition7.xml (RunModel)" time="0.024" />
  <testcase classname="ptolemy.util.test.junit.AutoTests" name="[125] /home/travis/build/icyphy/ptII/ptolemy/domains/modal/test/auto/TerminationTransition8.xml (RunModel)" time="0.046" />
  <testcase classname="ptolemy.util.test.junit.AutoTests" name="[126] /home/travis/build/icyphy/ptII/ptolemy/domains/modal/test/auto/Thermostat_NoHysteresis.xml (RunModel)" time="0.062" />
  <testcase classname="ptolemy.util.test.junit.AutoTests" name="[127] /home/travis/build/icyphy/ptII/ptolemy/domains/modal/test/auto/TimedFSM.xml (RunModel)" time="0.036" />
  <testcase classname="ptolemy.util.test.junit.AutoTests" name="[128] /home/travis/build/icyphy/ptII/ptolemy/domains/modal/test/auto/Timeout1.xml (RunModel)" time="0.012" />
  <testcase classname="ptolemy.util.test.junit.AutoTests" name="[129] /home/travis/build/icyphy/ptII/ptolemy/domains/modal/test/auto/Timeout2.xml (RunModel)" time="0.02" />
  <testcase classname="ptolemy.util.test.junit.AutoTests" name="[130] /home/travis/build/icyphy/ptII/ptolemy/domains/modal/test/auto/Timeout3.xml (RunModel)" time="0.012" />
  <testcase classname="ptolemy.util.test.junit.AutoTests" name="[131] /home/travis/build/icyphy/ptII/ptolemy/domains/modal/test/auto/Timeout4.xml (RunModel)" time="0.012" />
  <testcase classname="ptolemy.util.test.junit.AutoTests" name="[132] /home/travis/build/icyphy/ptII/ptolemy/domains/modal/test/auto/TransientstateModelAdvanced.xml (RunModel)" time="0.027" />
  <testcase classname="ptolemy.util.test.junit.AutoTests" name="[133] /home/travis/build/icyphy/ptII/ptolemy/domains/modal/test/auto/TransientstateModelAdvanced2.xml (RunModel)" time="0.03" />
  <testcase classname="ptolemy.util.test.junit.AutoTests" name="[134] /home/travis/build/icyphy/ptII/ptolemy/domains/modal/test/auto/TransitionRefinements.xml (RunModel)" time="0.024" />
  <testcase classname="ptolemy.util.test.junit.AutoTests" name="[135] /home/travis/build/icyphy/ptII/ptolemy/domains/modal/test/auto/TwoRefinements1.xml (RunModel)" time="0.022" />
  <testcase classname="ptolemy.util.test.junit.AutoTests" name="[136] /home/travis/build/icyphy/ptII/ptolemy/domains/modal/test/auto/TwoRefinements2.xml (RunModel)" time="0.024" />
  <testcase classname="ptolemy.util.test.junit.AutoTests" name="[137] /home/travis/build/icyphy/ptII/ptolemy/domains/modal/test/auto/WeakImmediateTransition.xml (RunModel)" time="0.024" />
  <testcase classname="ptolemy.util.test.junit.AutoTests" name="[138] /home/travis/build/icyphy/ptII/ptolemy/domains/modal/test/auto/booleanSelect.xml (RunModel)" time="0.066" />
  <testcase classname="ptolemy.util.test.junit.AutoTests" name="[139] /home/travis/build/icyphy/ptII/ptolemy/domains/modal/test/auto/modalChangingParams.xml (RunModel)" time="0.304" />
  <testcase classname="ptolemy.util.test.junit.AutoTests" name="[140] /home/travis/build/icyphy/ptII/ptolemy/domains/modal/test/auto/modalModel.xml (RunModel)" time="0.024" />
  <testcase classname="ptolemy.util.test.junit.AutoTests" name="[141] /home/travis/build/icyphy/ptII/ptolemy/domains/modal/test/auto/modalModel2.xml (RunModel)" time="0.031" />
  <testcase classname="ptolemy.util.test.junit.AutoTests" name="[142] /home/travis/build/icyphy/ptII/ptolemy/domains/modal/test/auto/modalModel3.xml (RunModel)" time="0.044" />
  <testcase classname="ptolemy.util.test.junit.AutoTests" name="[143] /home/travis/build/icyphy/ptII/ptolemy/domains/modal/test/auto/model1.xml (RunModel)" time="0.022" />
  <testcase classname="ptolemy.util.test.junit.AutoTests" name="[144] /home/travis/build/icyphy/ptII/ptolemy/domains/modal/test/auto/test-direct-in-out.xml (RunModel)" time="0.019" />
  <system-out><![CDATA[/home/travis/build/icyphy/ptII/ptolemy/domains/modal/test/SystemLevelType.tcl
testDefs.tcl: setting time out to 9000 seconds at Sat Dec 07 06:24:11 UTC 2019
12/07/19 06:24:13
Failed: 0  Total Tests: 1  ((Passed: 1, Newly Passed: 0)  Known Failed: 0) /home/travis/build/icyphy/ptII/ptolemy/domains/modal/test
----------------- testing (KnownFailure) /home/travis/build/icyphy/ptII/ptolemy/domains/modal/test/auto/knownFailedTests/CannotAnalysisWithPreemption.xml
105 ms. Memory: 129024K Free: 87579K (68%)
Known Failure: java.lang.reflect.InvocationTargetException
No auto/linux-amd64/*.xml tests in /home/travis/build/icyphy/ptII/ptolemy/domains/modal/test
AutoTests.java: About to close Vertx.
AutoTests.java: Vertx closed.

===========================================================================================
----------------- testing Sat Dec 07 06:24:14 UTC 2019 /home/travis/build/icyphy/ptII/ptolemy/domains/modal/test/auto/ABPTest.xml
----------------- Instantiating /home/travis/build/icyphy/ptII/ptolemy/domains/modal/test/auto/ABPTest.xml
351 ms. Memory: 161792K Free: 128288K (79%)
----------------- Invoking toplevel() on ptolemy.moml.MoMLSimpleApplication@622d6686
----------------- Done invoking toplevel() on ptolemy.moml.MoMLSimpleApplication@622d6686
reloadAllAccessors: .ABPTest

===========================================================================================
----------------- testing Sat Dec 07 06:24:14 UTC 2019 /home/travis/build/icyphy/ptII/ptolemy/domains/modal/test/auto/ABROFlat.xml
----------------- Instantiating /home/travis/build/icyphy/ptII/ptolemy/domains/modal/test/auto/ABROFlat.xml
28 ms. Memory: 161792K Free: 112401K (69%)
----------------- Invoking toplevel() on ptolemy.moml.MoMLSimpleApplication@7649a70
----------------- Done invoking toplevel() on ptolemy.moml.MoMLSimpleApplication@7649a70
reloadAllAccessors: .ABROFlat

===========================================================================================
----------------- testing Sat Dec 07 06:24:15 UTC 2019 /home/travis/build/icyphy/ptII/ptolemy/domains/modal/test/auto/ABROFlat2.xml
----------------- Instantiating /home/travis/build/icyphy/ptII/ptolemy/domains/modal/test/auto/ABROFlat2.xml
25 ms. Memory: 161792K Free: 95503K (59%)
----------------- Invoking toplevel() on ptolemy.moml.MoMLSimpleApplication@55251ad8
----------------- Done invoking toplevel() on ptolemy.moml.MoMLSimpleApplication@55251ad8
reloadAllAccessors: .ABROFlat2

===========================================================================================
----------------- testing Sat Dec 07 06:24:15 UTC 2019 /home/travis/build/icyphy/ptII/ptolemy/domains/modal/test/auto/ABRO_present_hmm.xml
----------------- Instantiating /home/travis/build/icyphy/ptII/ptolemy/domains/modal/test/auto/ABRO_present_hmm.xml
39 ms. Memory: 161792K Free: 68849K (43%)
----------------- Invoking toplevel() on ptolemy.moml.MoMLSimpleApplication@7adc81e0
----------------- Done invoking toplevel() on ptolemy.moml.MoMLSimpleApplication@7adc81e0
reloadAllAccessors: .ABRO_present_hmm

===========================================================================================
----------------- testing Sat Dec 07 06:24:15 UTC 2019 /home/travis/build/icyphy/ptII/ptolemy/domains/modal/test/auto/AMICoderExample.xml
----------------- Instantiating /home/travis/build/icyphy/ptII/ptolemy/domains/modal/test/auto/AMICoderExample.xml
41 ms. Memory: 161792K Free: 58609K (36%)
----------------- Invoking toplevel() on ptolemy.moml.MoMLSimpleApplication@c726ecd
----------------- Done invoking toplevel() on ptolemy.moml.MoMLSimpleApplication@c726ecd
reloadAllAccessors: .AMICoderExample

===========================================================================================
----------------- testing Sat Dec 07 06:24:15 UTC 2019 /home/travis/build/icyphy/ptII/ptolemy/domains/modal/test/auto/AbsentToPresent.xml
----------------- Instantiating /home/travis/build/icyphy/ptII/ptolemy/domains/modal/test/auto/AbsentToPresent.xml
7 ms. Memory: 161792K Free: 54529K (34%)
----------------- Invoking toplevel() on ptolemy.moml.MoMLSimpleApplication@4625f11c
----------------- Done invoking toplevel() on ptolemy.moml.MoMLSimpleApplication@4625f11c
reloadAllAccessors: .AbsentToPresent

===========================================================================================
----------------- testing Sat Dec 07 06:24:15 UTC 2019 /home/travis/build/icyphy/ptII/ptolemy/domains/modal/test/auto/Blending.xml
----------------- Instantiating /home/travis/build/icyphy/ptII/ptolemy/domains/modal/test/auto/Blending.xml
173 ms. Memory: 161792K Free: 100518K (62%)
----------------- Invoking toplevel() on ptolemy.moml.MoMLSimpleApplication@9a78286
----------------- Done invoking toplevel() on ptolemy.moml.MoMLSimpleApplication@9a78286
reloadAllAccessors: .Blending

===========================================================================================
----------------- testing Sat Dec 07 06:24:15 UTC 2019 /home/travis/build/icyphy/ptII/ptolemy/domains/modal/test/auto/Broadcast.xml
----------------- Instantiating /home/travis/build/icyphy/ptII/ptolemy/domains/modal/test/auto/Broadcast.xml
5 ms. Memory: 161792K Free: 90278K (56%)
----------------- Invoking toplevel() on ptolemy.moml.MoMLSimpleApplication@2a0b8b45
----------------- Done invoking toplevel() on ptolemy.moml.MoMLSimpleApplication@2a0b8b45
reloadAllAccessors: .Broadcast

===========================================================================================
----------------- testing Sat Dec 07 06:24:15 UTC 2019 /home/travis/build/icyphy/ptII/ptolemy/domains/modal/test/auto/BroadcastHierarchy.xml
----------------- Instantiating /home/travis/build/icyphy/ptII/ptolemy/domains/modal/test/auto/BroadcastHierarchy.xml
9 ms. Memory: 161792K Free: 76438K (47%)
----------------- Invoking toplevel() on ptolemy.moml.MoMLSimpleApplication@3a58951c
----------------- Done invoking toplevel() on ptolemy.moml.MoMLSimpleApplication@3a58951c
reloadAllAccessors: .BroadcastHierarchy

===========================================================================================
----------------- testing Sat Dec 07 06:24:15 UTC 2019 /home/travis/build/icyphy/ptII/ptolemy/domains/modal/test/auto/BroadcastHierarchy2.xml
----------------- Instantiating /home/travis/build/icyphy/ptII/ptolemy/domains/modal/test/auto/BroadcastHierarchy2.xml
30 ms. Memory: 161792K Free: 139882K (86%)
----------------- Invoking toplevel() on ptolemy.moml.MoMLSimpleApplication@4511d2da
----------------- Done invoking toplevel() on ptolemy.moml.MoMLSimpleApplication@4511d2da
reloadAllAccessors: .BroadcastHierarchy2

===========================================================================================
----------------- testing Sat Dec 07 06:24:15 UTC 2019 /home/travis/build/icyphy/ptII/ptolemy/domains/modal/test/auto/BroadcastHierarchy3.xml
----------------- Instantiating /home/travis/build/icyphy/ptII/ptolemy/domains/modal/test/auto/BroadcastHierarchy3.xml
20 ms. Memory: 161792K Free: 119974K (74%)
----------------- Invoking toplevel() on ptolemy.moml.MoMLSimpleApplication@56f3b19
----------------- Done invoking toplevel() on ptolemy.moml.MoMLSimpleApplication@56f3b19
reloadAllAccessors: .BroadcastHierarchy3

===========================================================================================
----------------- testing Sat Dec 07 06:24:16 UTC 2019 /home/travis/build/icyphy/ptII/ptolemy/domains/modal/test/auto/BroadcastHierarchy4.xml
----------------- Instantiating /home/travis/build/icyphy/ptII/ptolemy/domains/modal/test/auto/BroadcastHierarchy4.xml
17 ms. Memory: 161792K Free: 95908K (59%)
----------------- Invoking toplevel() on ptolemy.moml.MoMLSimpleApplication@ac9c585
----------------- Done invoking toplevel() on ptolemy.moml.MoMLSimpleApplication@ac9c585
reloadAllAccessors: .BroadcastHierarchy4

===========================================================================================
----------------- testing Sat Dec 07 06:24:16 UTC 2019 /home/travis/build/icyphy/ptII/ptolemy/domains/modal/test/auto/CannotAnalysisWithPreemption2.xml
----------------- Instantiating /home/travis/build/icyphy/ptII/ptolemy/domains/modal/test/auto/CannotAnalysisWithPreemption2.xml
5 ms. Memory: 161792K Free: 88726K (55%)
----------------- Invoking toplevel() on ptolemy.moml.MoMLSimpleApplication@7fc90adf
----------------- Done invoking toplevel() on ptolemy.moml.MoMLSimpleApplication@7fc90adf
reloadAllAccessors: .CannotAnalysisWithPreemption2

===========================================================================================
----------------- testing Sat Dec 07 06:24:16 UTC 2019 /home/travis/build/icyphy/ptII/ptolemy/domains/modal/test/auto/CannotAnalysisWithPreemption3.xml
----------------- Instantiating /home/travis/build/icyphy/ptII/ptolemy/domains/modal/test/auto/CannotAnalysisWithPreemption3.xml
5 ms. Memory: 161792K Free: 79014K (49%)
----------------- Invoking toplevel() on ptolemy.moml.MoMLSimpleApplication@5ba75fab
----------------- Done invoking toplevel() on ptolemy.moml.MoMLSimpleApplication@5ba75fab
reloadAllAccessors: .CannotAnalysisWithPreemption3

===========================================================================================
----------------- testing Sat Dec 07 06:24:16 UTC 2019 /home/travis/build/icyphy/ptII/ptolemy/domains/modal/test/auto/CannotProduce.xml
----------------- Instantiating /home/travis/build/icyphy/ptII/ptolemy/domains/modal/test/auto/CannotProduce.xml
15 ms. Memory: 161792K Free: 72356K (45%)
----------------- Invoking toplevel() on ptolemy.moml.MoMLSimpleApplication@2d681efb
----------------- Done invoking toplevel() on ptolemy.moml.MoMLSimpleApplication@2d681efb
reloadAllAccessors: .CannotProduce

===========================================================================================
----------------- testing Sat Dec 07 06:24:16 UTC 2019 /home/travis/build/icyphy/ptII/ptolemy/domains/modal/test/auto/CannotProduceModal.xml
----------------- Instantiating /home/travis/build/icyphy/ptII/ptolemy/domains/modal/test/auto/CannotProduceModal.xml
5 ms. Memory: 161792K Free: 65702K (41%)
----------------- Invoking toplevel() on ptolemy.moml.MoMLSimpleApplication@687acd63
----------------- Done invoking toplevel() on ptolemy.moml.MoMLSimpleApplication@687acd63
reloadAllAccessors: .CannotProduceModal

===========================================================================================
----------------- testing Sat Dec 07 06:24:16 UTC 2019 /home/travis/build/icyphy/ptII/ptolemy/domains/modal/test/auto/Case.xml
----------------- Instantiating /home/travis/build/icyphy/ptII/ptolemy/domains/modal/test/auto/Case.xml
21 ms. Memory: 161792K Free: 54948K (34%)
----------------- Invoking toplevel() on ptolemy.moml.MoMLSimpleApplication@1846a63f
----------------- Done invoking toplevel() on ptolemy.moml.MoMLSimpleApplication@1846a63f
reloadAllAccessors: .Case

===========================================================================================
----------------- testing Sat Dec 07 06:24:16 UTC 2019 /home/travis/build/icyphy/ptII/ptolemy/domains/modal/test/auto/Case1.xml
----------------- Instantiating /home/travis/build/icyphy/ptII/ptolemy/domains/modal/test/auto/Case1.xml
7 ms. Memory: 195584K Free: 172182K (88%)
----------------- Invoking toplevel() on ptolemy.moml.MoMLSimpleApplication@21c0c082
----------------- Done invoking toplevel() on ptolemy.moml.MoMLSimpleApplication@21c0c082
reloadAllAccessors: .Case1

===========================================================================================
----------------- testing Sat Dec 07 06:24:16 UTC 2019 /home/travis/build/icyphy/ptII/ptolemy/domains/modal/test/auto/Case2.xml
----------------- Instantiating /home/travis/build/icyphy/ptII/ptolemy/domains/modal/test/auto/Case2.xml
29 ms. Memory: 195584K Free: 161446K (83%)
----------------- Invoking toplevel() on ptolemy.moml.MoMLSimpleApplication@535928b4
----------------- Done invoking toplevel() on ptolemy.moml.MoMLSimpleApplication@535928b4
reloadAllAccessors: .Case2

===========================================================================================
----------------- testing Sat Dec 07 06:24:16 UTC 2019 /home/travis/build/icyphy/ptII/ptolemy/domains/modal/test/auto/CausalityInterface1.xml
----------------- Instantiating /home/travis/build/icyphy/ptII/ptolemy/domains/modal/test/auto/CausalityInterface1.xml
11 ms. Memory: 195584K Free: 156326K (80%)
----------------- Invoking toplevel() on ptolemy.moml.MoMLSimpleApplication@333f8869
----------------- Done invoking toplevel() on ptolemy.moml.MoMLSimpleApplication@333f8869
reloadAllAccessors: .CausalityInterface1

===========================================================================================
----------------- testing Sat Dec 07 06:24:16 UTC 2019 /home/travis/build/icyphy/ptII/ptolemy/domains/modal/test/auto/CausalityInterface10.xml
----------------- Instantiating /home/travis/build/icyphy/ptII/ptolemy/domains/modal/test/auto/CausalityInterface10.xml
14 ms. Memory: 195584K Free: 143014K (73%)
----------------- Invoking toplevel() on ptolemy.moml.MoMLSimpleApplication@72401c3
----------------- Done invoking toplevel() on ptolemy.moml.MoMLSimpleApplication@72401c3
reloadAllAccessors: .CausalityInterface10

===========================================================================================
----------------- testing Sat Dec 07 06:24:16 UTC 2019 /home/travis/build/icyphy/ptII/ptolemy/domains/modal/test/auto/CausalityInterface11.xml
----------------- Instantiating /home/travis/build/icyphy/ptII/ptolemy/domains/modal/test/auto/CausalityInterface11.xml
5 ms. Memory: 195584K Free: 129702K (66%)
----------------- Invoking toplevel() on ptolemy.moml.MoMLSimpleApplication@36a32f6
----------------- Done invoking toplevel() on ptolemy.moml.MoMLSimpleApplication@36a32f6
reloadAllAccessors: .CausalityInterface11

===========================================================================================
----------------- testing Sat Dec 07 06:24:16 UTC 2019 /home/travis/build/icyphy/ptII/ptolemy/domains/modal/test/auto/CausalityInterface12.xml
----------------- Instantiating /home/travis/build/icyphy/ptII/ptolemy/domains/modal/test/auto/CausalityInterface12.xml
5 ms. Memory: 195584K Free: 116390K (60%)
----------------- Invoking toplevel() on ptolemy.moml.MoMLSimpleApplication@5c3501f6
----------------- Done invoking toplevel() on ptolemy.moml.MoMLSimpleApplication@5c3501f6
reloadAllAccessors: .CausalityInterface12

===========================================================================================
----------------- testing Sat Dec 07 06:24:16 UTC 2019 /home/travis/build/icyphy/ptII/ptolemy/domains/modal/test/auto/CausalityInterface13.xml
----------------- Instantiating /home/travis/build/icyphy/ptII/ptolemy/domains/modal/test/auto/CausalityInterface13.xml
5 ms. Memory: 195584K Free: 103078K (53%)
----------------- Invoking toplevel() on ptolemy.moml.MoMLSimpleApplication@73e4d90f
----------------- Done invoking toplevel() on ptolemy.moml.MoMLSimpleApplication@73e4d90f
reloadAllAccessors: .CausalityInterface13

===========================================================================================
----------------- testing Sat Dec 07 06:24:16 UTC 2019 /home/travis/build/icyphy/ptII/ptolemy/domains/modal/test/auto/CausalityInterface14.xml
----------------- Instantiating /home/travis/build/icyphy/ptII/ptolemy/domains/modal/test/auto/CausalityInterface14.xml
5 ms. Memory: 195584K Free: 89222K (46%)
----------------- Invoking toplevel() on ptolemy.moml.MoMLSimpleApplication@3332287e
----------------- Done invoking toplevel() on ptolemy.moml.MoMLSimpleApplication@3332287e
reloadAllAccessors: .CausalityInterface14

===========================================================================================
----------------- testing Sat Dec 07 06:24:16 UTC 2019 /home/travis/build/icyphy/ptII/ptolemy/domains/modal/test/auto/CausalityInterface2.xml
----------------- Instantiating /home/travis/build/icyphy/ptII/ptolemy/domains/modal/test/auto/CausalityInterface2.xml
3 ms. Memory: 195584K Free: 83078K (42%)
----------------- Invoking toplevel() on ptolemy.moml.MoMLSimpleApplication@7886c965
----------------- Done invoking toplevel() on ptolemy.moml.MoMLSimpleApplication@7886c965
reloadAllAccessors: .CausalityInterface2

===========================================================================================
----------------- testing Sat Dec 07 06:24:16 UTC 2019 /home/travis/build/icyphy/ptII/ptolemy/domains/modal/test/auto/CausalityInterface3.xml
----------------- Instantiating /home/travis/build/icyphy/ptII/ptolemy/domains/modal/test/auto/CausalityInterface3.xml
3 ms. Memory: 195584K Free: 76950K (39%)
----------------- Invoking toplevel() on ptolemy.moml.MoMLSimpleApplication@687c0666
----------------- Done invoking toplevel() on ptolemy.moml.MoMLSimpleApplication@687c0666
reloadAllAccessors: .CausalityInterface3

===========================================================================================
----------------- testing Sat Dec 07 06:24:16 UTC 2019 /home/travis/build/icyphy/ptII/ptolemy/domains/modal/test/auto/CausalityInterface4.xml
----------------- Instantiating /home/travis/build/icyphy/ptII/ptolemy/domains/modal/test/auto/CausalityInterface4.xml
3 ms. Memory: 195584K Free: 70814K (36%)
----------------- Invoking toplevel() on ptolemy.moml.MoMLSimpleApplication@4afd2078
----------------- Done invoking toplevel() on ptolemy.moml.MoMLSimpleApplication@4afd2078
reloadAllAccessors: .CausalityInterface4

===========================================================================================
----------------- testing Sat Dec 07 06:24:16 UTC 2019 /home/travis/build/icyphy/ptII/ptolemy/domains/modal/test/auto/CausalityInterface5.xml
----------------- Instantiating /home/travis/build/icyphy/ptII/ptolemy/domains/modal/test/auto/CausalityInterface5.xml
3 ms. Memory: 195584K Free: 170134K (87%)
----------------- Invoking toplevel() on ptolemy.moml.MoMLSimpleApplication@100a6af8
----------------- Done invoking toplevel() on ptolemy.moml.MoMLSimpleApplication@100a6af8
reloadAllAccessors: .CausalityInterface5

===========================================================================================
----------------- testing Sat Dec 07 06:24:16 UTC 2019 /home/travis/build/icyphy/ptII/ptolemy/domains/modal/test/auto/CausalityInterface6.xml
----------------- Instantiating /home/travis/build/icyphy/ptII/ptolemy/domains/modal/test/auto/CausalityInterface6.xml
4 ms. Memory: 195584K Free: 161942K (83%)
----------------- Invoking toplevel() on ptolemy.moml.MoMLSimpleApplication@2be94008
----------------- Done invoking toplevel() on ptolemy.moml.MoMLSimpleApplication@2be94008
reloadAllAccessors: .CausalityInterface6

===========================================================================================
----------------- testing Sat Dec 07 06:24:16 UTC 2019 /home/travis/build/icyphy/ptII/ptolemy/domains/modal/test/auto/CausalityInterface7.xml
----------------- Instantiating /home/travis/build/icyphy/ptII/ptolemy/domains/modal/test/auto/CausalityInterface7.xml
3 ms. Memory: 195584K Free: 153764K (79%)
----------------- Invoking toplevel() on ptolemy.moml.MoMLSimpleApplication@33fd7765
----------------- Done invoking toplevel() on ptolemy.moml.MoMLSimpleApplication@33fd7765
reloadAllAccessors: .CausalityInterface7

===========================================================================================
----------------- testing Sat Dec 07 06:24:16 UTC 2019 /home/travis/build/icyphy/ptII/ptolemy/domains/modal/test/auto/CausalityInterface8.xml
----------------- Instantiating /home/travis/build/icyphy/ptII/ptolemy/domains/modal/test/auto/CausalityInterface8.xml
4 ms. Memory: 195584K Free: 145062K (74%)
----------------- Invoking toplevel() on ptolemy.moml.MoMLSimpleApplication@65faaaca
----------------- Done invoking toplevel() on ptolemy.moml.MoMLSimpleApplication@65faaaca
reloadAllAccessors: .CausalityInterface8

===========================================================================================
----------------- testing Sat Dec 07 06:24:16 UTC 2019 /home/travis/build/icyphy/ptII/ptolemy/domains/modal/test/auto/CausalityInterface9.xml
----------------- Instantiating /home/travis/build/icyphy/ptII/ptolemy/domains/modal/test/auto/CausalityInterface9.xml
5 ms. Memory: 195584K Free: 135846K (69%)
----------------- Invoking toplevel() on ptolemy.moml.MoMLSimpleApplication@3e8f6294
----------------- Done invoking toplevel() on ptolemy.moml.MoMLSimpleApplication@3e8f6294
reloadAllAccessors: .CausalityInterface9

===========================================================================================
----------------- testing Sat Dec 07 06:24:16 UTC 2019 /home/travis/build/icyphy/ptII/ptolemy/domains/modal/test/auto/ChainedTransitions.xml
----------------- Instantiating /home/travis/build/icyphy/ptII/ptolemy/domains/modal/test/auto/ChainedTransitions.xml
93 ms. Memory: 195584K Free: 110756K (57%)
----------------- Invoking toplevel() on ptolemy.moml.MoMLSimpleApplication@194528e3
----------------- Done invoking toplevel() on ptolemy.moml.MoMLSimpleApplication@194528e3
reloadAllAccessors: .ChainedTransitions

===========================================================================================
----------------- testing Sat Dec 07 06:24:17 UTC 2019 /home/travis/build/icyphy/ptII/ptolemy/domains/modal/test/auto/CycleOfImmediateTransitionsFSM.xml
----------------- Instantiating /home/travis/build/icyphy/ptII/ptolemy/domains/modal/test/auto/CycleOfImmediateTransitionsFSM.xml
3 ms. Memory: 195584K Free: 105126K (54%)
----------------- Invoking toplevel() on ptolemy.moml.MoMLSimpleApplication@f1ffff4
----------------- Done invoking toplevel() on ptolemy.moml.MoMLSimpleApplication@f1ffff4
reloadAllAccessors: .CycleOfImmediateTransitionsFSM

===========================================================================================
----------------- testing Sat Dec 07 06:24:17 UTC 2019 /home/travis/build/icyphy/ptII/ptolemy/domains/modal/test/auto/CycleOfImmediateTransitionsModal.xml
----------------- Instantiating /home/travis/build/icyphy/ptII/ptolemy/domains/modal/test/auto/CycleOfImmediateTransitionsModal.xml
3 ms. Memory: 195584K Free: 98982K (51%)
----------------- Invoking toplevel() on ptolemy.moml.MoMLSimpleApplication@41172bb4
----------------- Done invoking toplevel() on ptolemy.moml.MoMLSimpleApplication@41172bb4
reloadAllAccessors: .CycleOfImmediateTransitionsModal

===========================================================================================
----------------- testing Sat Dec 07 06:24:17 UTC 2019 /home/travis/build/icyphy/ptII/ptolemy/domains/modal/test/auto/CycleOfImmediateTransitionsModal2.xml
----------------- Instantiating /home/travis/build/icyphy/ptII/ptolemy/domains/modal/test/auto/CycleOfImmediateTransitionsModal2.xml
4 ms. Memory: 195584K Free: 92324K (47%)
----------------- Invoking toplevel() on ptolemy.moml.MoMLSimpleApplication@70c68133
----------------- Done invoking toplevel() on ptolemy.moml.MoMLSimpleApplication@70c68133
reloadAllAccessors: .CycleOfImmediateTransitionsModal2

===========================================================================================
----------------- testing Sat Dec 07 06:24:17 UTC 2019 /home/travis/build/icyphy/ptII/ptolemy/domains/modal/test/auto/CycleOfImmediateTransitionsModal3.xml
----------------- Instantiating /home/travis/build/icyphy/ptII/ptolemy/domains/modal/test/auto/CycleOfImmediateTransitionsModal3.xml
8 ms. Memory: 195584K Free: 70310K (36%)
----------------- Invoking toplevel() on ptolemy.moml.MoMLSimpleApplication@6f0ab044
----------------- Done invoking toplevel() on ptolemy.moml.MoMLSimpleApplication@6f0ab044
reloadAllAccessors: .CycleOfImmediateTransitionsModal3

===========================================================================================
----------------- testing Sat Dec 07 06:24:17 UTC 2019 /home/travis/build/icyphy/ptII/ptolemy/domains/modal/test/auto/DeepModal1.xml
----------------- Instantiating /home/travis/build/icyphy/ptII/ptolemy/domains/modal/test/auto/DeepModal1.xml
31 ms. Memory: 195584K Free: 166550K (85%)
----------------- Invoking toplevel() on ptolemy.moml.MoMLSimpleApplication@75fc46c0
----------------- Done invoking toplevel() on ptolemy.moml.MoMLSimpleApplication@75fc46c0
reloadAllAccessors: .DeepModal1

===========================================================================================
----------------- testing Sat Dec 07 06:24:17 UTC 2019 /home/travis/build/icyphy/ptII/ptolemy/domains/modal/test/auto/DeepModal2.xml
----------------- Instantiating /home/travis/build/icyphy/ptII/ptolemy/domains/modal/test/auto/DeepModal2.xml
20 ms. Memory: 195584K Free: 148132K (76%)
----------------- Invoking toplevel() on ptolemy.moml.MoMLSimpleApplication@2a034895
----------------- Done invoking toplevel() on ptolemy.moml.MoMLSimpleApplication@2a034895
reloadAllAccessors: .DeepModal2

===========================================================================================
----------------- testing Sat Dec 07 06:24:17 UTC 2019 /home/travis/build/icyphy/ptII/ptolemy/domains/modal/test/auto/DeepModal3.xml
----------------- Instantiating /home/travis/build/icyphy/ptII/ptolemy/domains/modal/test/auto/DeepModal3.xml
25 ms. Memory: 195584K Free: 128662K (66%)
----------------- Invoking toplevel() on ptolemy.moml.MoMLSimpleApplication@62d71639
----------------- Done invoking toplevel() on ptolemy.moml.MoMLSimpleApplication@62d71639
reloadAllAccessors: .DeepModal3

===========================================================================================
----------------- testing Sat Dec 07 06:24:17 UTC 2019 /home/travis/build/icyphy/ptII/ptolemy/domains/modal/test/auto/DeepModal4.xml
----------------- Instantiating /home/travis/build/icyphy/ptII/ptolemy/domains/modal/test/auto/DeepModal4.xml
29 ms. Memory: 195584K Free: 109206K (56%)
----------------- Invoking toplevel() on ptolemy.moml.MoMLSimpleApplication@488bbdb0
----------------- Done invoking toplevel() on ptolemy.moml.MoMLSimpleApplication@488bbdb0
reloadAllAccessors: .DeepModal4

===========================================================================================
----------------- testing Sat Dec 07 06:24:17 UTC 2019 /home/travis/build/icyphy/ptII/ptolemy/domains/modal/test/auto/Default1.xml
----------------- Instantiating /home/travis/build/icyphy/ptII/ptolemy/domains/modal/test/auto/Default1.xml
2 ms. Memory: 195584K Free: 103076K (53%)
----------------- Invoking toplevel() on ptolemy.moml.MoMLSimpleApplication@5059dae8
----------------- Done invoking toplevel() on ptolemy.moml.MoMLSimpleApplication@5059dae8
reloadAllAccessors: .Default1

===========================================================================================
----------------- testing Sat Dec 07 06:24:17 UTC 2019 /home/travis/build/icyphy/ptII/ptolemy/domains/modal/test/auto/Default2.xml
----------------- Instantiating /home/travis/build/icyphy/ptII/ptolemy/domains/modal/test/auto/Default2.xml
8 ms. Memory: 195584K Free: 97446K (50%)
----------------- Invoking toplevel() on ptolemy.moml.MoMLSimpleApplication@585ed750
----------------- Done invoking toplevel() on ptolemy.moml.MoMLSimpleApplication@585ed750
reloadAllAccessors: .Default2

===========================================================================================
----------------- testing Sat Dec 07 06:24:17 UTC 2019 /home/travis/build/icyphy/ptII/ptolemy/domains/modal/test/auto/Default3.xml
----------------- Instantiating /home/travis/build/icyphy/ptII/ptolemy/domains/modal/test/auto/Default3.xml
5 ms. Memory: 195584K Free: 91812K (47%)
----------------- Invoking toplevel() on ptolemy.moml.MoMLSimpleApplication@7f11591c
----------------- Done invoking toplevel() on ptolemy.moml.MoMLSimpleApplication@7f11591c
reloadAllAccessors: .Default3

===========================================================================================
----------------- testing Sat Dec 07 06:24:17 UTC 2019 /home/travis/build/icyphy/ptII/ptolemy/domains/modal/test/auto/Default4.xml
----------------- Instantiating /home/travis/build/icyphy/ptII/ptolemy/domains/modal/test/auto/Default4.xml
4 ms. Memory: 195584K Free: 85668K (44%)
----------------- Invoking toplevel() on ptolemy.moml.MoMLSimpleApplication@1aff554
----------------- Done invoking toplevel() on ptolemy.moml.MoMLSimpleApplication@1aff554
reloadAllAccessors: .Default4

===========================================================================================
----------------- testing Sat Dec 07 06:24:17 UTC 2019 /home/travis/build/icyphy/ptII/ptolemy/domains/modal/test/auto/Default5.xml
----------------- Instantiating /home/travis/build/icyphy/ptII/ptolemy/domains/modal/test/auto/Default5.xml
6 ms. Memory: 195584K Free: 77476K (40%)
----------------- Invoking toplevel() on ptolemy.moml.MoMLSimpleApplication@4a9eb43d
----------------- Done invoking toplevel() on ptolemy.moml.MoMLSimpleApplication@4a9eb43d
reloadAllAccessors: .Default5

===========================================================================================
----------------- testing Sat Dec 07 06:24:17 UTC 2019 /home/travis/build/icyphy/ptII/ptolemy/domains/modal/test/auto/EmptyGuard.xml
----------------- Instantiating /home/travis/build/icyphy/ptII/ptolemy/domains/modal/test/auto/EmptyGuard.xml
13 ms. Memory: 195584K Free: 69798K (36%)
----------------- Invoking toplevel() on ptolemy.moml.MoMLSimpleApplication@38cd72ed
----------------- Done invoking toplevel() on ptolemy.moml.MoMLSimpleApplication@38cd72ed
reloadAllAccessors: .EmptyGuard

===========================================================================================
----------------- testing Sat Dec 07 06:24:17 UTC 2019 /home/travis/build/icyphy/ptII/ptolemy/domains/modal/test/auto/ErrorTransition1.xml
----------------- Instantiating /home/travis/build/icyphy/ptII/ptolemy/domains/modal/test/auto/ErrorTransition1.xml
12 ms. Memory: 195584K Free: 172196K (88%)
----------------- Invoking toplevel() on ptolemy.moml.MoMLSimpleApplication@7d391cb3
----------------- Done invoking toplevel() on ptolemy.moml.MoMLSimpleApplication@7d391cb3
reloadAllAccessors: .ErrorTransition1

===========================================================================================
----------------- testing Sat Dec 07 06:24:17 UTC 2019 /home/travis/build/icyphy/ptII/ptolemy/domains/modal/test/auto/ErrorTransition10.xml
----------------- Instantiating /home/travis/build/icyphy/ptII/ptolemy/domains/modal/test/auto/ErrorTransition10.xml
16 ms. Memory: 195584K Free: 158374K (81%)
----------------- Invoking toplevel() on ptolemy.moml.MoMLSimpleApplication@26e95cda
----------------- Done invoking toplevel() on ptolemy.moml.MoMLSimpleApplication@26e95cda
reloadAllAccessors: .ErrorTransition10

===========================================================================================
----------------- testing Sat Dec 07 06:24:17 UTC 2019 /home/travis/build/icyphy/ptII/ptolemy/domains/modal/test/auto/ErrorTransition11.xml
----------------- Instantiating /home/travis/build/icyphy/ptII/ptolemy/domains/modal/test/auto/ErrorTransition11.xml
4 ms. Memory: 195584K Free: 147110K (75%)
----------------- Invoking toplevel() on ptolemy.moml.MoMLSimpleApplication@5b86bc0c
----------------- Done invoking toplevel() on ptolemy.moml.MoMLSimpleApplication@5b86bc0c
reloadAllAccessors: .ErrorTransition11

===========================================================================================
----------------- testing Sat Dec 07 06:24:17 UTC 2019 /home/travis/build/icyphy/ptII/ptolemy/domains/modal/test/auto/ErrorTransition2.xml
----------------- Instantiating /home/travis/build/icyphy/ptII/ptolemy/domains/modal/test/auto/ErrorTransition2.xml
8 ms. Memory: 195584K Free: 138404K (71%)
----------------- Invoking toplevel() on ptolemy.moml.MoMLSimpleApplication@1a71454a
----------------- Done invoking toplevel() on ptolemy.moml.MoMLSimpleApplication@1a71454a
reloadAllAccessors: .ErrorTransition2

===========================================================================================
----------------- testing Sat Dec 07 06:24:17 UTC 2019 /home/travis/build/icyphy/ptII/ptolemy/domains/modal/test/auto/ErrorTransition3.xml
----------------- Instantiating /home/travis/build/icyphy/ptII/ptolemy/domains/modal/test/auto/ErrorTransition3.xml
18 ms. Memory: 195584K Free: 128164K (66%)
----------------- Invoking toplevel() on ptolemy.moml.MoMLSimpleApplication@79a085
----------------- Done invoking toplevel() on ptolemy.moml.MoMLSimpleApplication@79a085
reloadAllAccessors: .ErrorTransition3

===========================================================================================
----------------- testing Sat Dec 07 06:24:17 UTC 2019 /home/travis/build/icyphy/ptII/ptolemy/domains/modal/test/auto/ErrorTransition4.xml
----------------- Instantiating /home/travis/build/icyphy/ptII/ptolemy/domains/modal/test/auto/ErrorTransition4.xml
13 ms. Memory: 195584K Free: 116886K (60%)
----------------- Invoking toplevel() on ptolemy.moml.MoMLSimpleApplication@75a4efcc
----------------- Done invoking toplevel() on ptolemy.moml.MoMLSimpleApplication@75a4efcc
reloadAllAccessors: .ErrorTransition4

===========================================================================================
----------------- testing Sat Dec 07 06:24:17 UTC 2019 /home/travis/build/icyphy/ptII/ptolemy/domains/modal/test/auto/ErrorTransition5.xml
----------------- Instantiating /home/travis/build/icyphy/ptII/ptolemy/domains/modal/test/auto/ErrorTransition5.xml
8 ms. Memory: 195584K Free: 106630K (55%)
----------------- Invoking toplevel() on ptolemy.moml.MoMLSimpleApplication@4b4e086
----------------- Done invoking toplevel() on ptolemy.moml.MoMLSimpleApplication@4b4e086
reloadAllAccessors: .ErrorTransition5

===========================================================================================
----------------- testing Sat Dec 07 06:24:17 UTC 2019 /home/travis/build/icyphy/ptII/ptolemy/domains/modal/test/auto/ErrorTransition6.xml
----------------- Instantiating /home/travis/build/icyphy/ptII/ptolemy/domains/modal/test/auto/ErrorTransition6.xml
9 ms. Memory: 195584K Free: 95910K (49%)
----------------- Invoking toplevel() on ptolemy.moml.MoMLSimpleApplication@39840be4
----------------- Done invoking toplevel() on ptolemy.moml.MoMLSimpleApplication@39840be4
reloadAllAccessors: .ErrorTransition6

===========================================================================================
----------------- testing Sat Dec 07 06:24:17 UTC 2019 /home/travis/build/icyphy/ptII/ptolemy/domains/modal/test/auto/ErrorTransition7.xml
----------------- Instantiating /home/travis/build/icyphy/ptII/ptolemy/domains/modal/test/auto/ErrorTransition7.xml
17 ms. Memory: 195584K Free: 83102K (42%)
----------------- Invoking toplevel() on ptolemy.moml.MoMLSimpleApplication@1db3a373
----------------- Done invoking toplevel() on ptolemy.moml.MoMLSimpleApplication@1db3a373
reloadAllAccessors: .ErrorTransition7

===========================================================================================
----------------- testing Sat Dec 07 06:24:18 UTC 2019 /home/travis/build/icyphy/ptII/ptolemy/domains/modal/test/auto/ErrorTransition8.xml
----------------- Instantiating /home/travis/build/icyphy/ptII/ptolemy/domains/modal/test/auto/ErrorTransition8.xml
27 ms. Memory: 195584K Free: 70310K (36%)
----------------- Invoking toplevel() on ptolemy.moml.MoMLSimpleApplication@4f06a4e1
----------------- Done invoking toplevel() on ptolemy.moml.MoMLSimpleApplication@4f06a4e1
reloadAllAccessors: .ErrorTransition8

===========================================================================================
----------------- testing Sat Dec 07 06:24:18 UTC 2019 /home/travis/build/icyphy/ptII/ptolemy/domains/modal/test/auto/ErrorTransition9.xml
----------------- Instantiating /home/travis/build/icyphy/ptII/ptolemy/domains/modal/test/auto/ErrorTransition9.xml
12 ms. Memory: 235520K Free: 206502K (88%)
----------------- Invoking toplevel() on ptolemy.moml.MoMLSimpleApplication@32a058b7
----------------- Done invoking toplevel() on ptolemy.moml.MoMLSimpleApplication@32a058b7
reloadAllAccessors: .ErrorTransition9

===========================================================================================
----------------- testing Sat Dec 07 06:24:18 UTC 2019 /home/travis/build/icyphy/ptII/ptolemy/domains/modal/test/auto/ExtendedFSM.xml
----------------- Instantiating /home/travis/build/icyphy/ptII/ptolemy/domains/modal/test/auto/ExtendedFSM.xml
11 ms. Memory: 235520K Free: 197782K (84%)
----------------- Invoking toplevel() on ptolemy.moml.MoMLSimpleApplication@6334d37a
----------------- Done invoking toplevel() on ptolemy.moml.MoMLSimpleApplication@6334d37a
reloadAllAccessors: .ExtendedFSM

===========================================================================================
----------------- testing Sat Dec 07 06:24:18 UTC 2019 /home/travis/build/icyphy/ptII/ptolemy/domains/modal/test/auto/FinalStates.xml
----------------- Instantiating /home/travis/build/icyphy/ptII/ptolemy/domains/modal/test/auto/FinalStates.xml
8 ms. Memory: 235520K Free: 189590K (80%)
----------------- Invoking toplevel() on ptolemy.moml.MoMLSimpleApplication@2f5cbfae
----------------- Done invoking toplevel() on ptolemy.moml.MoMLSimpleApplication@2f5cbfae
reloadAllAccessors: .FinalStates

===========================================================================================
----------------- testing Sat Dec 07 06:24:18 UTC 2019 /home/travis/build/icyphy/ptII/ptolemy/domains/modal/test/auto/FixedPointFSM.xml
----------------- Instantiating /home/travis/build/icyphy/ptII/ptolemy/domains/modal/test/auto/FixedPointFSM.xml
21 ms. Memory: 235520K Free: 174758K (74%)
----------------- Invoking toplevel() on ptolemy.moml.MoMLSimpleApplication@5bc8feff
----------------- Done invoking toplevel() on ptolemy.moml.MoMLSimpleApplication@5bc8feff
reloadAllAccessors: .FixedPointFSM

===========================================================================================
----------------- testing Sat Dec 07 06:24:18 UTC 2019 /home/travis/build/icyphy/ptII/ptolemy/domains/modal/test/auto/FixedPointIterationFSMActor.xml
----------------- Instantiating /home/travis/build/icyphy/ptII/ptolemy/domains/modal/test/auto/FixedPointIterationFSMActor.xml
7 ms. Memory: 235520K Free: 163998K (70%)
----------------- Invoking toplevel() on ptolemy.moml.MoMLSimpleApplication@2064e975
----------------- Done invoking toplevel() on ptolemy.moml.MoMLSimpleApplication@2064e975
reloadAllAccessors: .FixedPointIterationFSMActor

===========================================================================================
----------------- testing Sat Dec 07 06:24:18 UTC 2019 /home/travis/build/icyphy/ptII/ptolemy/domains/modal/test/auto/FixedPointIterationFSMActor2.xml
----------------- Instantiating /home/travis/build/icyphy/ptII/ptolemy/domains/modal/test/auto/FixedPointIterationFSMActor2.xml
9 ms. Memory: 235520K Free: 152230K (65%)
----------------- Invoking toplevel() on ptolemy.moml.MoMLSimpleApplication@46b7d22
----------------- Done invoking toplevel() on ptolemy.moml.MoMLSimpleApplication@46b7d22
reloadAllAccessors: .FixedPointIterationFSMActor2

===========================================================================================
----------------- testing Sat Dec 07 06:24:18 UTC 2019 /home/travis/build/icyphy/ptII/ptolemy/domains/modal/test/auto/ForbiddenInstantanousLoop.xml
----------------- Instantiating /home/travis/build/icyphy/ptII/ptolemy/domains/modal/test/auto/ForbiddenInstantanousLoop.xml
9 ms. Memory: 235520K Free: 139942K (59%)
----------------- Invoking toplevel() on ptolemy.moml.MoMLSimpleApplication@35d56cc5
----------------- Done invoking toplevel() on ptolemy.moml.MoMLSimpleApplication@35d56cc5
reloadAllAccessors: .ForbiddenInstantanousLoop

===========================================================================================
----------------- testing Sat Dec 07 06:24:18 UTC 2019 /home/travis/build/icyphy/ptII/ptolemy/domains/modal/test/auto/FunctionDependencyOfFSMActorTest.xml
----------------- Instantiating /home/travis/build/icyphy/ptII/ptolemy/domains/modal/test/auto/FunctionDependencyOfFSMActorTest.xml
11 ms. Memory: 235520K Free: 132774K (56%)
----------------- Invoking toplevel() on ptolemy.moml.MoMLSimpleApplication@7d1d7f82
----------------- Done invoking toplevel() on ptolemy.moml.MoMLSimpleApplication@7d1d7f82
reloadAllAccessors: .FunctionDependencyOfFSMActorTest

===========================================================================================
----------------- testing Sat Dec 07 06:24:18 UTC 2019 /home/travis/build/icyphy/ptII/ptolemy/domains/modal/test/auto/GuardExpression.xml
----------------- Instantiating /home/travis/build/icyphy/ptII/ptolemy/domains/modal/test/auto/GuardExpression.xml
1 ms. Memory: 235520K Free: 127654K (54%)
----------------- Invoking toplevel() on ptolemy.moml.MoMLSimpleApplication@3ecef350
----------------- Done invoking toplevel() on ptolemy.moml.MoMLSimpleApplication@3ecef350
reloadAllAccessors: .GuardExpression

===========================================================================================
----------------- testing Sat Dec 07 06:24:18 UTC 2019 /home/travis/build/icyphy/ptII/ptolemy/domains/modal/test/auto/GuardNotEvaluated.xml
----------------- Instantiating /home/travis/build/icyphy/ptII/ptolemy/domains/modal/test/auto/GuardNotEvaluated.xml
6 ms. Memory: 235520K Free: 118934K (50%)
----------------- Invoking toplevel() on ptolemy.moml.MoMLSimpleApplication@1dbc98b1
----------------- Done invoking toplevel() on ptolemy.moml.MoMLSimpleApplication@1dbc98b1
reloadAllAccessors: .GuardNotEvaluated

===========================================================================================
----------------- testing Sat Dec 07 06:24:18 UTC 2019 /home/travis/build/icyphy/ptII/ptolemy/domains/modal/test/auto/GuardNotEvaluated2.xml
----------------- Instantiating /home/travis/build/icyphy/ptII/ptolemy/domains/modal/test/auto/GuardNotEvaluated2.xml
9 ms. Memory: 235520K Free: 109222K (46%)
----------------- Invoking toplevel() on ptolemy.moml.MoMLSimpleApplication@33857f94
----------------- Done invoking toplevel() on ptolemy.moml.MoMLSimpleApplication@33857f94
reloadAllAccessors: .GuardNotEvaluated2

===========================================================================================
----------------- testing Sat Dec 07 06:24:18 UTC 2019 /home/travis/build/icyphy/ptII/ptolemy/domains/modal/test/auto/GuardOnAbsent.xml
----------------- Instantiating /home/travis/build/icyphy/ptII/ptolemy/domains/modal/test/auto/GuardOnAbsent.xml
9 ms. Memory: 235520K Free: 101510K (43%)
----------------- Invoking toplevel() on ptolemy.moml.MoMLSimpleApplication@275793fd
----------------- Done invoking toplevel() on ptolemy.moml.MoMLSimpleApplication@275793fd
reloadAllAccessors: .GuardOnAbsent

===========================================================================================
----------------- testing Sat Dec 07 06:24:18 UTC 2019 /home/travis/build/icyphy/ptII/ptolemy/domains/modal/test/auto/HierarchicalFSMTypeInference.xml
----------------- Instantiating /home/travis/build/icyphy/ptII/ptolemy/domains/modal/test/auto/HierarchicalFSMTypeInference.xml
5 ms. Memory: 235520K Free: 91300K (39%)
----------------- Invoking toplevel() on ptolemy.moml.MoMLSimpleApplication@1f542ddf
----------------- Done invoking toplevel() on ptolemy.moml.MoMLSimpleApplication@1f542ddf
reloadAllAccessors: .HierarchicalFSMTypeInference

===========================================================================================
----------------- testing Sat Dec 07 06:24:18 UTC 2019 /home/travis/build/icyphy/ptII/ptolemy/domains/modal/test/auto/Hysteresis.xml
----------------- Instantiating /home/travis/build/icyphy/ptII/ptolemy/domains/modal/test/auto/Hysteresis.xml
14 ms. Memory: 235520K Free: 212118K (90%)
----------------- Invoking toplevel() on ptolemy.moml.MoMLSimpleApplication@3f1e1825
----------------- Done invoking toplevel() on ptolemy.moml.MoMLSimpleApplication@3f1e1825
reloadAllAccessors: .Hysteresis

===========================================================================================
----------------- testing Sat Dec 07 06:24:18 UTC 2019 /home/travis/build/icyphy/ptII/ptolemy/domains/modal/test/auto/HysteresisWithDefault.xml
----------------- Instantiating /home/travis/build/icyphy/ptII/ptolemy/domains/modal/test/auto/HysteresisWithDefault.xml
38 ms. Memory: 235520K Free: 189094K (80%)
----------------- Invoking toplevel() on ptolemy.moml.MoMLSimpleApplication@25bad450
----------------- Done invoking toplevel() on ptolemy.moml.MoMLSimpleApplication@25bad450
reloadAllAccessors: .HysteresisWithDefault

===========================================================================================
----------------- testing Sat Dec 07 06:24:18 UTC 2019 /home/travis/build/icyphy/ptII/ptolemy/domains/modal/test/auto/HysteresisWithDefault2.xml
----------------- Instantiating /home/travis/build/icyphy/ptII/ptolemy/domains/modal/test/auto/HysteresisWithDefault2.xml
70 ms. Memory: 235520K Free: 159903K (68%)
----------------- Invoking toplevel() on ptolemy.moml.MoMLSimpleApplication@1a39656e
----------------- Done invoking toplevel() on ptolemy.moml.MoMLSimpleApplication@1a39656e
reloadAllAccessors: .HysteresisWithDefault2

===========================================================================================
----------------- testing Sat Dec 07 06:24:18 UTC 2019 /home/travis/build/icyphy/ptII/ptolemy/domains/modal/test/auto/ImmediateNonConstructiveness.xml
----------------- Instantiating /home/travis/build/icyphy/ptII/ptolemy/domains/modal/test/auto/ImmediateNonConstructiveness.xml
5 ms. Memory: 235520K Free: 152726K (65%)
----------------- Invoking toplevel() on ptolemy.moml.MoMLSimpleApplication@613c6034
----------------- Done invoking toplevel() on ptolemy.moml.MoMLSimpleApplication@613c6034
reloadAllAccessors: .ImmediateNonConstructiveness

===========================================================================================
----------------- testing Sat Dec 07 06:24:18 UTC 2019 /home/travis/build/icyphy/ptII/ptolemy/domains/modal/test/auto/ImmediateNonConstructiveness2.xml
----------------- Instantiating /home/travis/build/icyphy/ptII/ptolemy/domains/modal/test/auto/ImmediateNonConstructiveness2.xml
3 ms. Memory: 235520K Free: 146086K (62%)
----------------- Invoking toplevel() on ptolemy.moml.MoMLSimpleApplication@342be8ed
----------------- Done invoking toplevel() on ptolemy.moml.MoMLSimpleApplication@342be8ed
reloadAllAccessors: .ImmediateNonConstructiveness2

===========================================================================================
----------------- testing Sat Dec 07 06:24:18 UTC 2019 /home/travis/build/icyphy/ptII/ptolemy/domains/modal/test/auto/ImmediateTransitionReset.xml
----------------- Instantiating /home/travis/build/icyphy/ptII/ptolemy/domains/modal/test/auto/ImmediateTransitionReset.xml
6 ms. Memory: 235520K Free: 134308K (57%)
----------------- Invoking toplevel() on ptolemy.moml.MoMLSimpleApplication@62c5ed7a
----------------- Done invoking toplevel() on ptolemy.moml.MoMLSimpleApplication@62c5ed7a
reloadAllAccessors: .ImmediateTransitionReset

===========================================================================================
----------------- testing Sat Dec 07 06:24:18 UTC 2019 /home/travis/build/icyphy/ptII/ptolemy/domains/modal/test/auto/ImmediateTransitions1.xml
----------------- Instantiating /home/travis/build/icyphy/ptII/ptolemy/domains/modal/test/auto/ImmediateTransitions1.xml
1 ms. Memory: 235520K Free: 129188K (55%)
----------------- Invoking toplevel() on ptolemy.moml.MoMLSimpleApplication@86f0a0f
----------------- Done invoking toplevel() on ptolemy.moml.MoMLSimpleApplication@86f0a0f
reloadAllAccessors: .ImmediateTransitions1

===========================================================================================
----------------- testing Sat Dec 07 06:24:18 UTC 2019 /home/travis/build/icyphy/ptII/ptolemy/domains/modal/test/auto/ImmediateTransitionsInstantaneousCommunication.xml
----------------- Instantiating /home/travis/build/icyphy/ptII/ptolemy/domains/modal/test/auto/ImmediateTransitionsInstantaneousCommunication.xml
5 ms. Memory: 235520K Free: 116886K (50%)
----------------- Invoking toplevel() on ptolemy.moml.MoMLSimpleApplication@5819bd73
----------------- Done invoking toplevel() on ptolemy.moml.MoMLSimpleApplication@5819bd73
reloadAllAccessors: .ImmediateTransitionsInstantaneousCommunication

===========================================================================================
----------------- testing Sat Dec 07 06:24:18 UTC 2019 /home/travis/build/icyphy/ptII/ptolemy/domains/modal/test/auto/InitialImmediateTransition.xml
----------------- Instantiating /home/travis/build/icyphy/ptII/ptolemy/domains/modal/test/auto/InitialImmediateTransition.xml
4 ms. Memory: 235520K Free: 109726K (47%)
----------------- Invoking toplevel() on ptolemy.moml.MoMLSimpleApplication@60b363ce
----------------- Done invoking toplevel() on ptolemy.moml.MoMLSimpleApplication@60b363ce
reloadAllAccessors: .InitialImmediateTransition

===========================================================================================
----------------- testing Sat Dec 07 06:24:18 UTC 2019 /home/travis/build/icyphy/ptII/ptolemy/domains/modal/test/auto/InitialOutputs.xml
----------------- Instantiating /home/travis/build/icyphy/ptII/ptolemy/domains/modal/test/auto/InitialOutputs.xml
3 ms. Memory: 235520K Free: 103574K (44%)
----------------- Invoking toplevel() on ptolemy.moml.MoMLSimpleApplication@6e80b3b7
----------------- Done invoking toplevel() on ptolemy.moml.MoMLSimpleApplication@6e80b3b7
reloadAllAccessors: .InitialOutputs

===========================================================================================
----------------- testing Sat Dec 07 06:24:18 UTC 2019 /home/travis/build/icyphy/ptII/ptolemy/domains/modal/test/auto/InitialStateTransition1.xml
----------------- Instantiating /home/travis/build/icyphy/ptII/ptolemy/domains/modal/test/auto/InitialStateTransition1.xml
2 ms. Memory: 235520K Free: 96420K (41%)
----------------- Invoking toplevel() on ptolemy.moml.MoMLSimpleApplication@3b70295f
----------------- Done invoking toplevel() on ptolemy.moml.MoMLSimpleApplication@3b70295f
reloadAllAccessors: .InitialStateTransition1

===========================================================================================
----------------- testing Sat Dec 07 06:24:19 UTC 2019 /home/travis/build/icyphy/ptII/ptolemy/domains/modal/test/auto/InitialStateTransition2.xml
----------------- Instantiating /home/travis/build/icyphy/ptII/ptolemy/domains/modal/test/auto/InitialStateTransition2.xml
.InitialStateTransition2.TestExceptionAttributeNonConstructive: initialize() was not invoked, but wrapup() was.  This is unusual, but not always a problem.  For example, exporting JNLP will do this.
2 ms. Memory: 235520K Free: 89252K (38%)
----------------- Invoking toplevel() on ptolemy.moml.MoMLSimpleApplication@287f7b81
----------------- Done invoking toplevel() on ptolemy.moml.MoMLSimpleApplication@287f7b81
reloadAllAccessors: .InitialStateTransition2

===========================================================================================
----------------- testing Sat Dec 07 06:24:19 UTC 2019 /home/travis/build/icyphy/ptII/ptolemy/domains/modal/test/auto/InitialStateTransition3.xml
----------------- Instantiating /home/travis/build/icyphy/ptII/ptolemy/domains/modal/test/auto/InitialStateTransition3.xml
3 ms. Memory: 235520K Free: 215190K (91%)
----------------- Invoking toplevel() on ptolemy.moml.MoMLSimpleApplication@2b0d7d01
----------------- Done invoking toplevel() on ptolemy.moml.MoMLSimpleApplication@2b0d7d01
reloadAllAccessors: .InitialStateTransition3

===========================================================================================
----------------- testing Sat Dec 07 06:24:19 UTC 2019 /home/travis/build/icyphy/ptII/ptolemy/domains/modal/test/auto/InitialStateTransition4.xml
----------------- Instantiating /home/travis/build/icyphy/ptII/ptolemy/domains/modal/test/auto/InitialStateTransition4.xml
3 ms. Memory: 235520K Free: 205478K (87%)
----------------- Invoking toplevel() on ptolemy.moml.MoMLSimpleApplication@292918b6
----------------- Done invoking toplevel() on ptolemy.moml.MoMLSimpleApplication@292918b6
reloadAllAccessors: .InitialStateTransition4

[...]
reloadAllAccessors: .TerminationTransition3

===========================================================================================
----------------- testing Sat Dec 07 06:24:21 UTC 2019 /home/travis/build/icyphy/ptII/ptolemy/domains/modal/test/auto/TerminationTransition4.xml
----------------- Instantiating /home/travis/build/icyphy/ptII/ptolemy/domains/modal/test/auto/TerminationTransition4.xml
6 ms. Memory: 312320K Free: 147564K (47%)
----------------- Invoking toplevel() on ptolemy.moml.MoMLSimpleApplication@42e7b450
----------------- Done invoking toplevel() on ptolemy.moml.MoMLSimpleApplication@42e7b450
reloadAllAccessors: .TerminationTransition4

===========================================================================================
----------------- testing Sat Dec 07 06:24:21 UTC 2019 /home/travis/build/icyphy/ptII/ptolemy/domains/modal/test/auto/TerminationTransition5.xml
----------------- Instantiating /home/travis/build/icyphy/ptII/ptolemy/domains/modal/test/auto/TerminationTransition5.xml
3 ms. Memory: 312320K Free: 133738K (43%)
----------------- Invoking toplevel() on ptolemy.moml.MoMLSimpleApplication@1316b5c5
----------------- Done invoking toplevel() on ptolemy.moml.MoMLSimpleApplication@1316b5c5
reloadAllAccessors: .TerminationTransition5

===========================================================================================
----------------- testing Sat Dec 07 06:24:21 UTC 2019 /home/travis/build/icyphy/ptII/ptolemy/domains/modal/test/auto/TerminationTransition6.xml
----------------- Instantiating /home/travis/build/icyphy/ptII/ptolemy/domains/modal/test/auto/TerminationTransition6.xml
2 ms. Memory: 312320K Free: 125036K (40%)
----------------- Invoking toplevel() on ptolemy.moml.MoMLSimpleApplication@4924e3b8
----------------- Done invoking toplevel() on ptolemy.moml.MoMLSimpleApplication@4924e3b8
reloadAllAccessors: .TerminationTransition6

===========================================================================================
----------------- testing Sat Dec 07 06:24:21 UTC 2019 /home/travis/build/icyphy/ptII/ptolemy/domains/modal/test/auto/TerminationTransition7.xml
----------------- Instantiating /home/travis/build/icyphy/ptII/ptolemy/domains/modal/test/auto/TerminationTransition7.xml
2 ms. Memory: 312320K Free: 115306K (37%)
----------------- Invoking toplevel() on ptolemy.moml.MoMLSimpleApplication@1cb60b11
----------------- Done invoking toplevel() on ptolemy.moml.MoMLSimpleApplication@1cb60b11
reloadAllAccessors: .TerminationTransition7

===========================================================================================
----------------- testing Sat Dec 07 06:24:21 UTC 2019 /home/travis/build/icyphy/ptII/ptolemy/domains/modal/test/auto/TerminationTransition8.xml
----------------- Instantiating /home/travis/build/icyphy/ptII/ptolemy/domains/modal/test/auto/TerminationTransition8.xml
3 ms. Memory: 312320K Free: 288445K (92%)
----------------- Invoking toplevel() on ptolemy.moml.MoMLSimpleApplication@52dba0a5
----------------- Done invoking toplevel() on ptolemy.moml.MoMLSimpleApplication@52dba0a5
reloadAllAccessors: .TerminationTransition8

===========================================================================================
----------------- testing Sat Dec 07 06:24:21 UTC 2019 /home/travis/build/icyphy/ptII/ptolemy/domains/modal/test/auto/Thermostat_NoHysteresis.xml
----------------- Instantiating /home/travis/build/icyphy/ptII/ptolemy/domains/modal/test/auto/Thermostat_NoHysteresis.xml
29 ms. Memory: 312320K Free: 263883K (84%)
----------------- Invoking toplevel() on ptolemy.moml.MoMLSimpleApplication@6fa8eb27
----------------- Done invoking toplevel() on ptolemy.moml.MoMLSimpleApplication@6fa8eb27
reloadAllAccessors: .Thermostat_NoHysteresis

===========================================================================================
----------------- testing Sat Dec 07 06:24:21 UTC 2019 /home/travis/build/icyphy/ptII/ptolemy/domains/modal/test/auto/TimedFSM.xml
----------------- Instantiating /home/travis/build/icyphy/ptII/ptolemy/domains/modal/test/auto/TimedFSM.xml
10 ms. Memory: 312320K Free: 252109K (81%)
----------------- Invoking toplevel() on ptolemy.moml.MoMLSimpleApplication@11f00fc0
----------------- Done invoking toplevel() on ptolemy.moml.MoMLSimpleApplication@11f00fc0
reloadAllAccessors: .TimedFSM

===========================================================================================
----------------- testing Sat Dec 07 06:24:21 UTC 2019 /home/travis/build/icyphy/ptII/ptolemy/domains/modal/test/auto/Timeout1.xml
----------------- Instantiating /home/travis/build/icyphy/ptII/ptolemy/domains/modal/test/auto/Timeout1.xml
3 ms. Memory: 312320K Free: 246461K (79%)
----------------- Invoking toplevel() on ptolemy.moml.MoMLSimpleApplication@281fc8a0
----------------- Done invoking toplevel() on ptolemy.moml.MoMLSimpleApplication@281fc8a0
reloadAllAccessors: .Timeout1

===========================================================================================
----------------- testing Sat Dec 07 06:24:21 UTC 2019 /home/travis/build/icyphy/ptII/ptolemy/domains/modal/test/auto/Timeout2.xml
----------------- Instantiating /home/travis/build/icyphy/ptII/ptolemy/domains/modal/test/auto/Timeout2.xml
7 ms. Memory: 312320K Free: 237773K (76%)
----------------- Invoking toplevel() on ptolemy.moml.MoMLSimpleApplication@6fc85ba8
----------------- Done invoking toplevel() on ptolemy.moml.MoMLSimpleApplication@6fc85ba8
reloadAllAccessors: .Timeout2

===========================================================================================
----------------- testing Sat Dec 07 06:24:21 UTC 2019 /home/travis/build/icyphy/ptII/ptolemy/domains/modal/test/auto/Timeout3.xml
----------------- Instantiating /home/travis/build/icyphy/ptII/ptolemy/domains/modal/test/auto/Timeout3.xml
3 ms. Memory: 312320K Free: 232653K (74%)
----------------- Invoking toplevel() on ptolemy.moml.MoMLSimpleApplication@7feaef68
----------------- Done invoking toplevel() on ptolemy.moml.MoMLSimpleApplication@7feaef68
reloadAllAccessors: .Timeout3

===========================================================================================
----------------- testing Sat Dec 07 06:24:21 UTC 2019 /home/travis/build/icyphy/ptII/ptolemy/domains/modal/test/auto/Timeout4.xml
----------------- Instantiating /home/travis/build/icyphy/ptII/ptolemy/domains/modal/test/auto/Timeout4.xml
2 ms. Memory: 312320K Free: 227533K (73%)
----------------- Invoking toplevel() on ptolemy.moml.MoMLSimpleApplication@43829643
----------------- Done invoking toplevel() on ptolemy.moml.MoMLSimpleApplication@43829643
reloadAllAccessors: .Timeout4

===========================================================================================
----------------- testing Sat Dec 07 06:24:21 UTC 2019 /home/travis/build/icyphy/ptII/ptolemy/domains/modal/test/auto/TransientstateModelAdvanced.xml
----------------- Instantiating /home/travis/build/icyphy/ptII/ptolemy/domains/modal/test/auto/TransientstateModelAdvanced.xml
3 ms. Memory: 312320K Free: 215245K (69%)
----------------- Invoking toplevel() on ptolemy.moml.MoMLSimpleApplication@4767693c
----------------- Done invoking toplevel() on ptolemy.moml.MoMLSimpleApplication@4767693c
reloadAllAccessors: .TransientstateModelAdvanced

===========================================================================================
----------------- testing Sat Dec 07 06:24:21 UTC 2019 /home/travis/build/icyphy/ptII/ptolemy/domains/modal/test/auto/TransientstateModelAdvanced2.xml
----------------- Instantiating /home/travis/build/icyphy/ptII/ptolemy/domains/modal/test/auto/TransientstateModelAdvanced2.xml
3 ms. Memory: 312320K Free: 200909K (64%)
----------------- Invoking toplevel() on ptolemy.moml.MoMLSimpleApplication@620ad88b
----------------- Done invoking toplevel() on ptolemy.moml.MoMLSimpleApplication@620ad88b
reloadAllAccessors: .transientstatemodelAdvanced

===========================================================================================
----------------- testing Sat Dec 07 06:24:21 UTC 2019 /home/travis/build/icyphy/ptII/ptolemy/domains/modal/test/auto/TransitionRefinements.xml
----------------- Instantiating /home/travis/build/icyphy/ptII/ptolemy/domains/modal/test/auto/TransitionRefinements.xml
6 ms. Memory: 312320K Free: 191165K (61%)
----------------- Invoking toplevel() on ptolemy.moml.MoMLSimpleApplication@3c233a0c
----------------- Done invoking toplevel() on ptolemy.moml.MoMLSimpleApplication@3c233a0c
reloadAllAccessors: .TransitionRefinements

===========================================================================================
----------------- testing Sat Dec 07 06:24:21 UTC 2019 /home/travis/build/icyphy/ptII/ptolemy/domains/modal/test/auto/TwoRefinements1.xml
----------------- Instantiating /home/travis/build/icyphy/ptII/ptolemy/domains/modal/test/auto/TwoRefinements1.xml
3 ms. Memory: 312320K Free: 181453K (58%)
----------------- Invoking toplevel() on ptolemy.moml.MoMLSimpleApplication@2675b0ea
----------------- Done invoking toplevel() on ptolemy.moml.MoMLSimpleApplication@2675b0ea
reloadAllAccessors: .TwoRefinements1

===========================================================================================
----------------- testing Sat Dec 07 06:24:21 UTC 2019 /home/travis/build/icyphy/ptII/ptolemy/domains/modal/test/auto/TwoRefinements2.xml
----------------- Instantiating /home/travis/build/icyphy/ptII/ptolemy/domains/modal/test/auto/TwoRefinements2.xml
3 ms. Memory: 312320K Free: 171723K (55%)
----------------- Invoking toplevel() on ptolemy.moml.MoMLSimpleApplication@52c2291d
----------------- Done invoking toplevel() on ptolemy.moml.MoMLSimpleApplication@52c2291d
reloadAllAccessors: .TwoRefinements2

===========================================================================================
----------------- testing Sat Dec 07 06:24:21 UTC 2019 /home/travis/build/icyphy/ptII/ptolemy/domains/modal/test/auto/WeakImmediateTransition.xml
----------------- Instantiating /home/travis/build/icyphy/ptII/ptolemy/domains/modal/test/auto/WeakImmediateTransition.xml
3 ms. Memory: 312320K Free: 163021K (52%)
----------------- Invoking toplevel() on ptolemy.moml.MoMLSimpleApplication@5ef1f659
----------------- Done invoking toplevel() on ptolemy.moml.MoMLSimpleApplication@5ef1f659
reloadAllAccessors: .WeakImmediateTransition

===========================================================================================
----------------- testing Sat Dec 07 06:24:21 UTC 2019 /home/travis/build/icyphy/ptII/ptolemy/domains/modal/test/auto/booleanSelect.xml
----------------- Instantiating /home/travis/build/icyphy/ptII/ptolemy/domains/modal/test/auto/booleanSelect.xml
25 ms. Memory: 312320K Free: 145085K (46%)
----------------- Invoking toplevel() on ptolemy.moml.MoMLSimpleApplication@321790ac
----------------- Done invoking toplevel() on ptolemy.moml.MoMLSimpleApplication@321790ac
reloadAllAccessors: .booleanSelect

===========================================================================================
----------------- testing Sat Dec 07 06:24:21 UTC 2019 /home/travis/build/icyphy/ptII/ptolemy/domains/modal/test/auto/modalChangingParams.xml
----------------- Instantiating /home/travis/build/icyphy/ptII/ptolemy/domains/modal/test/auto/modalChangingParams.xml
0
1
0
2
4
6
8
7
0
2
4
6
8
13
0
2
4
6
8
19
0
2
4
6
8
25
0
2
4
6
8
31
0
2
4
6
8
37
0
2
4
6
8
43
0
2
4
6
8
49
0
2
4
6
8
55
0
2
4
6
8
61
0
2
4
6
8
67
0
2
4
6
8
73
0
2
4
6
8
79
0
2
4
6
8
85
0
2
4
6
8
91
0
2
4
6
8
97
0
2
4
6
8
103
0
2
4
6
8
109
0
2
4
6
8
115
0
2
4
6
8
121
0
2
4
6
8
127
0
2
4
6
8
133
0
2
4
6
8
139
0
2
4
6
8
145
0
2
4
6
8
151
0
2
4
6
8
157
0
2
4
6
8
163
0
2
4
6
8
169
0
2
4
6
8
175
0
2
4
6
8
181
0
2
4
6
8
187
0
2
4
6
8
193
0
2
4
6
8
199
0
2
4
6
8
205
0
2
4
6
8
211
0
2
4
6
8
217
0
2
4
6
8
223
0
2
4
6
8
229
0
2
4
6
8
235
0
2
4
6
8
241
0
2
4
6
8
247
0
2
4
6
8
253
0
2
4
6
8
259
0
2
4
6
8
265
0
2
4
6
8
271
0
2
4
6
8
277
0
2
4
6
8
283
0
2
4
6
8
289
0
2
4
6
8
295
0
2
4
6
8
301
0
2
4
6
8
307
0
2
4
6
8
313
0
2
4
6
8
319
0
2
4
6
8
325
0
2
4
6
8
331
0
2
4
6
8
337
0
2
4
6
8
343
0
2
4
6
8
349
0
2
4
6
8
355
0
2
4
6
8
361
0
2
4
6
8
367
0
2
4
6
8
373
0
2
4
6
8
379
0
2
4
6
8
385
0
2
4
6
8
391
0
2
4
6
8
397
0
2
4
6
8
403
0
2
4
6
8
409
0
2
4
6
8
415
0
2
4
6
8
421
0
2
4
6
8
427
0
2
4
6
8
433
0
2
4
6
8
439
0
2
4
6
8
445
0
2
4
6
8
451
0
2
4
6
8
457
0
2
4
6
8
463
0
2
4
6
8
469
0
2
4
6
8
475
0
2
4
6
8
481
0
2
4
6
8
487
0
2
4
6
8
493
0
2
4
6
8
499
0
2
4
6
8
505
0
2
4
6
8
511
0
2
4
6
8
517
0
2
4
6
8
523
0
2
4
6
8
529
0
2
4
6
8
535
0
2
4
6
8
541
0
2
4
6
8
547
0
2
4
6
8
553
0
2
4
6
8
559
0
2
4
6
8
565
0
2
4
6
8
571
0
2
4
6
8
577
0
2
4
6
8
583
0
2
4
6
8
589
0
2
4
6
8
595
0
2
4
6
8
601
0
2
4
6
8
607
0
2
4
6
8
613
0
2
4
6
8
619
0
2
4
6
8
625
0
2
4
6
8
631
0
2
4
6
8
637
0
2
4
6
8
643
0
2
4
6
8
649
0
2
4
6
8
655
0
2
4
6
8
661
0
2
4
6
8
667
0
2
4
6
8
673
0
2
4
6
8
679
0
2
4
6
8
685
0
2
4
6
8
691
0
2
4
6
8
697
0
2
4
6
8
703
0
2
4
6
8
709
0
2
4
6
8
715
0
2
4
6
8
721
0
2
4
6
8
727
0
2
4
6
8
733
0
2
4
6
8
739
0
2
4
6
8
745
0
2
4
6
8
751
0
2
4
6
8
757
0
2
4
6
8
763
0
2
4
6
8
769
0
2
4
6
8
775
0
2
4
6
8
781
0
2
4
6
8
787
0
2
4
6
8
793
0
2
4
6
8
799
0
2
4
6
8
805
0
2
4
6
8
811
0
2
4
6
8
817
0
2
4
6
8
823
0
2
4
6
8
829
0
2
4
6
8
835
0
2
4
6
8
841
0
2
4
6
8
847
0
2
4
6
8
853
0
2
4
6
8
859
0
2
4
6
8
865
0
2
4
6
8
871
0
2
4
6
8
877
0
2
4
6
8
883
0
2
4
6
8
889
0
2
4
6
8
895
0
2
4
6
8
901
0
2
4
6
8
907
0
2
4
6
8
913
0
2
4
6
8
919
0
2
4
6
8
925
0
2
4
6
8
931
0
2
4
6
8
937
0
2
4
6
8
943
0
2
4
6
8
949
0
2
4
6
8
955
0
2
4
6
8
961
0
2
4
6
8
967
0
2
4
6
8
973
0
2
4
6
8
979
0
2
4
6
8
985
0
2
4
6
8
991
0
2
4
6
8
997
0
2
278 ms. Memory: 312320K Free: 213574K (68%)
----------------- Invoking toplevel() on ptolemy.moml.MoMLSimpleApplication@4052844b
----------------- Done invoking toplevel() on ptolemy.moml.MoMLSimpleApplication@4052844b
reloadAllAccessors: .modalChangingParams

===========================================================================================
----------------- testing Sat Dec 07 06:24:21 UTC 2019 /home/travis/build/icyphy/ptII/ptolemy/domains/modal/test/auto/modalModel.xml
----------------- Instantiating /home/travis/build/icyphy/ptII/ptolemy/domains/modal/test/auto/modalModel.xml
6 ms. Memory: 312320K Free: 204344K (65%)
----------------- Invoking toplevel() on ptolemy.moml.MoMLSimpleApplication@78768851
----------------- Done invoking toplevel() on ptolemy.moml.MoMLSimpleApplication@78768851
reloadAllAccessors: .modalModel

===========================================================================================
----------------- testing Sat Dec 07 06:24:21 UTC 2019 /home/travis/build/icyphy/ptII/ptolemy/domains/modal/test/auto/modalModel2.xml
----------------- Instantiating /home/travis/build/icyphy/ptII/ptolemy/domains/modal/test/auto/modalModel2.xml
11 ms. Memory: 312320K Free: 193608K (62%)
----------------- Invoking toplevel() on ptolemy.moml.MoMLSimpleApplication@39de890f
----------------- Done invoking toplevel() on ptolemy.moml.MoMLSimpleApplication@39de890f
reloadAllAccessors: .modalModel2

===========================================================================================
----------------- testing Sat Dec 07 06:24:22 UTC 2019 /home/travis/build/icyphy/ptII/ptolemy/domains/modal/test/auto/modalModel3.xml
----------------- Instantiating /home/travis/build/icyphy/ptII/ptolemy/domains/modal/test/auto/modalModel3.xml
0	0	0
3	2	1
6	4	2
9	6	3
4	0	4
7	2	5
10	4	6
13	6	7
8	0	8
11	2	9
14	4	10
17	6	11
12	0	12
15	2	13
18	4	14
17 ms. Memory: 312320K Free: 178744K (57%)
----------------- Invoking toplevel() on ptolemy.moml.MoMLSimpleApplication@70ff435
----------------- Done invoking toplevel() on ptolemy.moml.MoMLSimpleApplication@70ff435
reloadAllAccessors: .modalModel3

===========================================================================================
----------------- testing Sat Dec 07 06:24:22 UTC 2019 /home/travis/build/icyphy/ptII/ptolemy/domains/modal/test/auto/model1.xml
----------------- Instantiating /home/travis/build/icyphy/ptII/ptolemy/domains/modal/test/auto/model1.xml
13 ms. Memory: 312320K Free: 173128K (55%)
----------------- Invoking toplevel() on ptolemy.moml.MoMLSimpleApplication@32617557
----------------- Done invoking toplevel() on ptolemy.moml.MoMLSimpleApplication@32617557
reloadAllAccessors: .model1

===========================================================================================
----------------- testing Sat Dec 07 06:24:22 UTC 2019 /home/travis/build/icyphy/ptII/ptolemy/domains/modal/test/auto/test-direct-in-out.xml
----------------- Instantiating /home/travis/build/icyphy/ptII/ptolemy/domains/modal/test/auto/test-direct-in-out.xml
5 ms. Memory: 312320K Free: 165440K (53%)
----------------- Invoking toplevel() on ptolemy.moml.MoMLSimpleApplication@34b25e1f
----------------- Done invoking toplevel() on ptolemy.moml.MoMLSimpleApplication@34b25e1f
reloadAllAccessors: .test-direct-in-out
AutoTests.java: About to close Vertx.
AutoTests.java: Vertx closed.
]]></system-out>
  <system-err><![CDATA[java.lang.RuntimeException: Execution failed
	at ptolemy.moml.MoMLSimpleApplication$UnloadThread.run(MoMLSimpleApplication.java:402)
Caused by: ptolemy.kernel.util.IllegalActionException: Unknown inputs remain. Possible causality loop:
L_model_1893289564i

  in .CannotAnalysisWithPreemption.model_1893289564_region_1 and .CannotAnalysisWithPreemption.model_1893289564_region_1.L_model_1893289564i
	at ptolemy.actor.sched.FixedPointDirector.postfire(FixedPointDirector.java:515)
	at ptolemy.domains.sr.kernel.SRDirector.postfire(SRDirector.java:417)
	at ptolemy.actor.CompositeActor.postfire(CompositeActor.java:1668)
	at ptolemy.actor.Manager.iterate(Manager.java:852)
	at ptolemy.actor.Manager.execute(Manager.java:369)
	at ptolemy.actor.Manager.run(Manager.java:1263)
	at ptolemy.actor.Manager$PtolemyRunThread.run(Manager.java:1933)
java.lang.reflect.InvocationTargetException
	at java.base/jdk.internal.reflect.NativeConstructorAccessorImpl.newInstance0(Native Method)
	at java.base/jdk.internal.reflect.NativeConstructorAccessorImpl.newInstance(NativeConstructorAccessorImpl.java:62)
	at java.base/jdk.internal.reflect.DelegatingConstructorAccessorImpl.newInstance(DelegatingConstructorAccessorImpl.java:45)
	at java.base/java.lang.reflect.Constructor.newInstance(Constructor.java:490)
	at ptolemy.util.test.junit.AutoKnownFailedTests.RunModel(AutoKnownFailedTests.java:105)
	at java.base/jdk.internal.reflect.NativeMethodAccessorImpl.invoke0(Native Method)
	at java.base/jdk.internal.reflect.NativeMethodAccessorImpl.invoke(NativeMethodAccessorImpl.java:62)
	at java.base/jdk.internal.reflect.DelegatingMethodAccessorImpl.invoke(DelegatingMethodAccessorImpl.java:43)
	at java.base/java.lang.reflect.Method.invoke(Method.java:566)
	at org.junit.runners.model.FrameworkMethod$1.runReflectiveCall(FrameworkMethod.java:44)
	at org.junit.internal.runners.model.ReflectiveCallable.run(ReflectiveCallable.java:15)
	at org.junit.runners.model.FrameworkMethod.invokeExplosively(FrameworkMethod.java:41)
	at junitparams.internal.InvokeParameterisedMethod.evaluate(InvokeParameterisedMethod.java:102)
	at org.junit.internal.runners.statements.FailOnTimeout$1.run(FailOnTimeout.java:28)
Caused by: ptolemy.kernel.util.IllegalActionException: Unknown inputs remain. Possible causality loop:
L_model_1893289564i

  in .CannotAnalysisWithPreemption.model_1893289564_region_1 and .CannotAnalysisWithPreemption.model_1893289564_region_1.L_model_1893289564i
	at ptolemy.actor.sched.FixedPointDirector.postfire(FixedPointDirector.java:515)
	at ptolemy.domains.sr.kernel.SRDirector.postfire(SRDirector.java:417)
	at ptolemy.actor.CompositeActor.postfire(CompositeActor.java:1668)
	at ptolemy.actor.Manager.iterate(Manager.java:852)
	at ptolemy.actor.Manager.execute(Manager.java:369)
	at ptolemy.actor.Manager.run(Manager.java:1263)
	at ptolemy.actor.Manager$PtolemyRunThread.run(Manager.java:1933)
]]></system-err>
</testsuite>
