<?xml version="1.0" encoding="UTF-8" ?>
<testsuite errors="0" failures="0" hostname="travis-job-5f914b54-3c5d-4ae6-afdb-be2e1fc72b6e" name="ptolemy.domains.sdf.lib.test.junit.JUnitTclTest" skipped="0" tests="82" time="9.42" timestamp="2019-12-02T06:57:50">
  <properties>
[...]
</properties>
  <testcase classname="ptolemy.util.test.junit.TclTests" name="[0] /home/travis/build/icyphy/ptII/ptolemy/domains/sdf/lib/test/ArrayToSequence.tcl (RunTclFile)" time="0.648" />
  <testcase classname="ptolemy.util.test.junit.TclTests" name="[1] /home/travis/build/icyphy/ptII/ptolemy/domains/sdf/lib/test/BitsToInt.tcl (RunTclFile)" time="0.069" />
  <testcase classname="ptolemy.util.test.junit.TclTests" name="[2] /home/travis/build/icyphy/ptII/ptolemy/domains/sdf/lib/test/DelayLine.tcl (RunTclFile)" time="0.043" />
  <testcase classname="ptolemy.util.test.junit.TclTests" name="[3] /home/travis/build/icyphy/ptII/ptolemy/domains/sdf/lib/test/FFT.tcl (RunTclFile)" time="0.037" />
  <testcase classname="ptolemy.util.test.junit.TclTests" name="[4] /home/travis/build/icyphy/ptII/ptolemy/domains/sdf/lib/test/FIR.tcl (RunTclFile)" time="0.212" />
  <testcase classname="ptolemy.util.test.junit.TclTests" name="[5] /home/travis/build/icyphy/ptII/ptolemy/domains/sdf/lib/test/IntToBits.tcl (RunTclFile)" time="0.03" />
  <testcase classname="ptolemy.util.test.junit.TclTests" name="[6] /home/travis/build/icyphy/ptII/ptolemy/domains/sdf/lib/test/MaximumEntropySpectrum.tcl (RunTclFile)" time="0.31" />
  <testcase classname="ptolemy.util.test.junit.TclTests" name="[7] /home/travis/build/icyphy/ptII/ptolemy/domains/sdf/lib/test/Repeat.tcl (RunTclFile)" time="0.055" />
  <testcase classname="ptolemy.util.test.junit.TclTests" name="[8] /home/travis/build/icyphy/ptII/ptolemy/domains/sdf/lib/test/SampleDelay.tcl (RunTclFile)" time="0.077" />
  <testcase classname="ptolemy.util.test.junit.TclTests" name="[9] /home/travis/build/icyphy/ptII/ptolemy/domains/sdf/lib/test/SequenceToArray.tcl (RunTclFile)" time="0.064" />
  <testcase classname="ptolemy.util.test.junit.AutoKnownFailedTests" name="[0] ThereAreNoKnowFailedTests (RunModel)" time="0.002" />
  <testcase classname="ptolemy.util.test.junit.AutoNameArchTests" name="[0] ThereAreNoAutoArchTests (RunModel)" time="0.002" />
  <testcase classname="ptolemy.util.test.junit.AutoTests" name="[0] /home/travis/build/icyphy/ptII/ptolemy/domains/sdf/lib/test/auto/ArrayToSequence.xml (RunModel)" time="0.245" />
  <testcase classname="ptolemy.util.test.junit.AutoTests" name="[1] /home/travis/build/icyphy/ptII/ptolemy/domains/sdf/lib/test/auto/ArrayToSequenceTest.xml (RunModel)" time="0.093" />
  <testcase classname="ptolemy.util.test.junit.AutoTests" name="[2] /home/travis/build/icyphy/ptII/ptolemy/domains/sdf/lib/test/auto/Autocorrelation.xml (RunModel)" time="0.049" />
  <testcase classname="ptolemy.util.test.junit.AutoTests" name="[3] /home/travis/build/icyphy/ptII/ptolemy/domains/sdf/lib/test/auto/Autocorrelation2.xml (RunModel)" time="0.053" />
  <testcase classname="ptolemy.util.test.junit.AutoTests" name="[4] /home/travis/build/icyphy/ptII/ptolemy/domains/sdf/lib/test/auto/Autocorrelation3.xml (RunModel)" time="0.019" />
  <testcase classname="ptolemy.util.test.junit.AutoTests" name="[5] /home/travis/build/icyphy/ptII/ptolemy/domains/sdf/lib/test/auto/Autocorrelation4.xml (RunModel)" time="0.052" />
  <testcase classname="ptolemy.util.test.junit.AutoTests" name="[6] /home/travis/build/icyphy/ptII/ptolemy/domains/sdf/lib/test/auto/Autocorrelation5.xml (RunModel)" time="0.085" />
  <testcase classname="ptolemy.util.test.junit.AutoTests" name="[7] /home/travis/build/icyphy/ptII/ptolemy/domains/sdf/lib/test/auto/BitsToInt.xml (RunModel)" time="0.027" />
  <testcase classname="ptolemy.util.test.junit.AutoTests" name="[8] /home/travis/build/icyphy/ptII/ptolemy/domains/sdf/lib/test/auto/BooleanJoin.xml (RunModel)" time="0.031" />
  <testcase classname="ptolemy.util.test.junit.AutoTests" name="[9] /home/travis/build/icyphy/ptII/ptolemy/domains/sdf/lib/test/auto/BootstrapSampleDelay.xml (RunModel)" time="0.047" />
  <testcase classname="ptolemy.util.test.junit.AutoTests" name="[10] /home/travis/build/icyphy/ptII/ptolemy/domains/sdf/lib/test/auto/Chop.xml (RunModel)" time="0.064" />
  <testcase classname="ptolemy.util.test.junit.AutoTests" name="[11] /home/travis/build/icyphy/ptII/ptolemy/domains/sdf/lib/test/auto/Chop2.xml (RunModel)" time="0.053" />
  <testcase classname="ptolemy.util.test.junit.AutoTests" name="[12] /home/travis/build/icyphy/ptII/ptolemy/domains/sdf/lib/test/auto/ComplexJoin.xml (RunModel)" time="0.061" />
  <testcase classname="ptolemy.util.test.junit.AutoTests" name="[13] /home/travis/build/icyphy/ptII/ptolemy/domains/sdf/lib/test/auto/CountTrues.xml (RunModel)" time="0.014" />
  <testcase classname="ptolemy.util.test.junit.AutoTests" name="[14] /home/travis/build/icyphy/ptII/ptolemy/domains/sdf/lib/test/auto/DelayLine.xml (RunModel)" time="0.028" />
  <testcase classname="ptolemy.util.test.junit.AutoTests" name="[15] /home/travis/build/icyphy/ptII/ptolemy/domains/sdf/lib/test/auto/DotProduct.xml (RunModel)" time="0.019" />
  <testcase classname="ptolemy.util.test.junit.AutoTests" name="[16] /home/travis/build/icyphy/ptII/ptolemy/domains/sdf/lib/test/auto/DotProductMatrix.xml (RunModel)" time="0.021" />
  <testcase classname="ptolemy.util.test.junit.AutoTests" name="[17] /home/travis/build/icyphy/ptII/ptolemy/domains/sdf/lib/test/auto/DownSample1.xml (RunModel)" time="0.023" />
  <testcase classname="ptolemy.util.test.junit.AutoTests" name="[18] /home/travis/build/icyphy/ptII/ptolemy/domains/sdf/lib/test/auto/DynamicRateChange.xml (RunModel)" time="0.048" />
  <testcase classname="ptolemy.util.test.junit.AutoTests" name="[19] /home/travis/build/icyphy/ptII/ptolemy/domains/sdf/lib/test/auto/DynamicRates.xml (RunModel)" time="0.035" />
  <testcase classname="ptolemy.util.test.junit.AutoTests" name="[20] /home/travis/build/icyphy/ptII/ptolemy/domains/sdf/lib/test/auto/FFT1.xml (RunModel)" time="0.038" />
  <testcase classname="ptolemy.util.test.junit.AutoTests" name="[21] /home/travis/build/icyphy/ptII/ptolemy/domains/sdf/lib/test/auto/FIR1.xml (RunModel)" time="0.053" />
  <testcase classname="ptolemy.util.test.junit.AutoTests" name="[22] /home/travis/build/icyphy/ptII/ptolemy/domains/sdf/lib/test/auto/FIR2.xml (RunModel)" time="0.023" />
  <testcase classname="ptolemy.util.test.junit.AutoTests" name="[23] /home/travis/build/icyphy/ptII/ptolemy/domains/sdf/lib/test/auto/FIR4.xml (RunModel)" time="0.052" />
  <testcase classname="ptolemy.util.test.junit.AutoTests" name="[24] /home/travis/build/icyphy/ptII/ptolemy/domains/sdf/lib/test/auto/FixJoin.xml (RunModel)" time="0.055" />
  <testcase classname="ptolemy.util.test.junit.AutoTests" name="[25] /home/travis/build/icyphy/ptII/ptolemy/domains/sdf/lib/test/auto/IntJoin1.xml (RunModel)" time="0.04" />
  <testcase classname="ptolemy.util.test.junit.AutoTests" name="[26] /home/travis/build/icyphy/ptII/ptolemy/domains/sdf/lib/test/auto/IntJoin2.xml (RunModel)" time="0.025" />
  <testcase classname="ptolemy.util.test.junit.AutoTests" name="[27] /home/travis/build/icyphy/ptII/ptolemy/domains/sdf/lib/test/auto/IntJoin3.xml (RunModel)" time="0.03" />
  <testcase classname="ptolemy.util.test.junit.AutoTests" name="[28] /home/travis/build/icyphy/ptII/ptolemy/domains/sdf/lib/test/auto/IntJoin4.xml (RunModel)" time="0.027" />
  <testcase classname="ptolemy.util.test.junit.AutoTests" name="[29] /home/travis/build/icyphy/ptII/ptolemy/domains/sdf/lib/test/auto/IntJoin5.xml (RunModel)" time="0.019" />
  <testcase classname="ptolemy.util.test.junit.AutoTests" name="[30] /home/travis/build/icyphy/ptII/ptolemy/domains/sdf/lib/test/auto/IntToBits.xml (RunModel)" time="0.015" />
  <testcase classname="ptolemy.util.test.junit.AutoTests" name="[31] /home/travis/build/icyphy/ptII/ptolemy/domains/sdf/lib/test/auto/LMSAdaptive.xml (RunModel)" time="0.06" />
  <testcase classname="ptolemy.util.test.junit.AutoTests" name="[32] /home/travis/build/icyphy/ptII/ptolemy/domains/sdf/lib/test/auto/LMSAdaptiveFIR.xml (RunModel)" time="0.415" />
  <testcase classname="ptolemy.util.test.junit.AutoTests" name="[33] /home/travis/build/icyphy/ptII/ptolemy/domains/sdf/lib/test/auto/LMSAdaptiveFIR2.xml (RunModel)" time="0.521" />
  <testcase classname="ptolemy.util.test.junit.AutoTests" name="[34] /home/travis/build/icyphy/ptII/ptolemy/domains/sdf/lib/test/auto/LongJoin.xml (RunModel)" time="0.027" />
  <testcase classname="ptolemy.util.test.junit.AutoTests" name="[35] /home/travis/build/icyphy/ptII/ptolemy/domains/sdf/lib/test/auto/Matrix1.xml (RunModel)" time="0.023" />
  <testcase classname="ptolemy.util.test.junit.AutoTests" name="[36] /home/travis/build/icyphy/ptII/ptolemy/domains/sdf/lib/test/auto/Matrix2.xml (RunModel)" time="0.029" />
  <testcase classname="ptolemy.util.test.junit.AutoTests" name="[37] /home/travis/build/icyphy/ptII/ptolemy/domains/sdf/lib/test/auto/MatrixJoin1.xml (RunModel)" time="0.03" />
  <testcase classname="ptolemy.util.test.junit.AutoTests" name="[38] /home/travis/build/icyphy/ptII/ptolemy/domains/sdf/lib/test/auto/MatrixJoin2.xml (RunModel)" time="0.017" />
  <testcase classname="ptolemy.util.test.junit.AutoTests" name="[39] /home/travis/build/icyphy/ptII/ptolemy/domains/sdf/lib/test/auto/MatrixJoin3.xml (RunModel)" time="0.02" />
  <testcase classname="ptolemy.util.test.junit.AutoTests" name="[40] /home/travis/build/icyphy/ptII/ptolemy/domains/sdf/lib/test/auto/MatrixJoin4.xml (RunModel)" time="0.018" />
  <testcase classname="ptolemy.util.test.junit.AutoTests" name="[41] /home/travis/build/icyphy/ptII/ptolemy/domains/sdf/lib/test/auto/MatrixJoin5.xml (RunModel)" time="0.013" />
  <testcase classname="ptolemy.util.test.junit.AutoTests" name="[42] /home/travis/build/icyphy/ptII/ptolemy/domains/sdf/lib/test/auto/MatrixSplit1.xml (RunModel)" time="0.022" />
  <testcase classname="ptolemy.util.test.junit.AutoTests" name="[43] /home/travis/build/icyphy/ptII/ptolemy/domains/sdf/lib/test/auto/MatrixSplit10.xml (RunModel)" time="0.014" />
  <testcase classname="ptolemy.util.test.junit.AutoTests" name="[44] /home/travis/build/icyphy/ptII/ptolemy/domains/sdf/lib/test/auto/MatrixSplit11.xml (RunModel)" time="0.013" />
  <testcase classname="ptolemy.util.test.junit.AutoTests" name="[45] /home/travis/build/icyphy/ptII/ptolemy/domains/sdf/lib/test/auto/MatrixSplit12.xml (RunModel)" time="0.017" />
  <testcase classname="ptolemy.util.test.junit.AutoTests" name="[46] /home/travis/build/icyphy/ptII/ptolemy/domains/sdf/lib/test/auto/MatrixSplit13.xml (RunModel)" time="0.028" />
  <testcase classname="ptolemy.util.test.junit.AutoTests" name="[47] /home/travis/build/icyphy/ptII/ptolemy/domains/sdf/lib/test/auto/MatrixSplit14.xml (RunModel)" time="0.014" />
  <testcase classname="ptolemy.util.test.junit.AutoTests" name="[48] /home/travis/build/icyphy/ptII/ptolemy/domains/sdf/lib/test/auto/MatrixSplit2.xml (RunModel)" time="0.012" />
  <testcase classname="ptolemy.util.test.junit.AutoTests" name="[49] /home/travis/build/icyphy/ptII/ptolemy/domains/sdf/lib/test/auto/MatrixSplit3.xml (RunModel)" time="0.013" />
  <testcase classname="ptolemy.util.test.junit.AutoTests" name="[50] /home/travis/build/icyphy/ptII/ptolemy/domains/sdf/lib/test/auto/MatrixSplit4.xml (RunModel)" time="0.013" />
  <testcase classname="ptolemy.util.test.junit.AutoTests" name="[51] /home/travis/build/icyphy/ptII/ptolemy/domains/sdf/lib/test/auto/MatrixSplit5.xml (RunModel)" time="0.021" />
  <testcase classname="ptolemy.util.test.junit.AutoTests" name="[52] /home/travis/build/icyphy/ptII/ptolemy/domains/sdf/lib/test/auto/MatrixSplit6.xml (RunModel)" time="0.014" />
  <testcase classname="ptolemy.util.test.junit.AutoTests" name="[53] /home/travis/build/icyphy/ptII/ptolemy/domains/sdf/lib/test/auto/MatrixSplit7.xml (RunModel)" time="0.019" />
  <testcase classname="ptolemy.util.test.junit.AutoTests" name="[54] /home/travis/build/icyphy/ptII/ptolemy/domains/sdf/lib/test/auto/MatrixSplit8.xml (RunModel)" time="0.015" />
  <testcase classname="ptolemy.util.test.junit.AutoTests" name="[55] /home/travis/build/icyphy/ptII/ptolemy/domains/sdf/lib/test/auto/MatrixSplit9.xml (RunModel)" time="0.03" />
  <testcase classname="ptolemy.util.test.junit.AutoTests" name="[56] /home/travis/build/icyphy/ptII/ptolemy/domains/sdf/lib/test/auto/MatrixToSequence.xml (RunModel)" time="0.041" />
  <testcase classname="ptolemy.util.test.junit.AutoTests" name="[57] /home/travis/build/icyphy/ptII/ptolemy/domains/sdf/lib/test/auto/MaximumEntropySpectrum.xml (RunModel)" time="0.096" />
  <testcase classname="ptolemy.util.test.junit.AutoTests" name="[58] /home/travis/build/icyphy/ptII/ptolemy/domains/sdf/lib/test/auto/SampleDelayConversion.xml (RunModel)" time="0.017" />
  <testcase classname="ptolemy.util.test.junit.AutoTests" name="[59] /home/travis/build/icyphy/ptII/ptolemy/domains/sdf/lib/test/auto/SequenceToArray.xml (RunModel)" time="0.043" />
  <testcase classname="ptolemy.util.test.junit.AutoTests" name="[60] /home/travis/build/icyphy/ptII/ptolemy/domains/sdf/lib/test/auto/SequenceToMatrix.xml (RunModel)" time="3.926" />
  <testcase classname="ptolemy.util.test.junit.AutoTests" name="[61] /home/travis/build/icyphy/ptII/ptolemy/domains/sdf/lib/test/auto/SmoothedPeriodogram.xml (RunModel)" time="0.045" />
  <testcase classname="ptolemy.util.test.junit.AutoTests" name="[62] /home/travis/build/icyphy/ptII/ptolemy/domains/sdf/lib/test/auto/UpDownSample1.xml (RunModel)" time="0.014" />
  <testcase classname="ptolemy.util.test.junit.AutoTests" name="[63] /home/travis/build/icyphy/ptII/ptolemy/domains/sdf/lib/test/auto/UpSample1.xml (RunModel)" time="0.013" />
  <testcase classname="ptolemy.util.test.junit.AutoTests" name="[64] /home/travis/build/icyphy/ptII/ptolemy/domains/sdf/lib/test/auto/VariableFIR.xml (RunModel)" time="0.017" />
  <testcase classname="ptolemy.util.test.junit.AutoTests" name="[65] /home/travis/build/icyphy/ptII/ptolemy/domains/sdf/lib/test/auto/VariableFIR2.xml (RunModel)" time="0.021" />
  <testcase classname="ptolemy.util.test.junit.AutoTests" name="[66] /home/travis/build/icyphy/ptII/ptolemy/domains/sdf/lib/test/auto/VariableLattice.xml (RunModel)" time="0.024" />
  <testcase classname="ptolemy.util.test.junit.AutoTests" name="[67] /home/travis/build/icyphy/ptII/ptolemy/domains/sdf/lib/test/auto/VariableLattice2.xml (RunModel)" time="0.024" />
  <testcase classname="ptolemy.util.test.junit.AutoTests" name="[68] /home/travis/build/icyphy/ptII/ptolemy/domains/sdf/lib/test/auto/VariableRecursiveLattice.xml (RunModel)" time="0.018" />
  <testcase classname="ptolemy.util.test.junit.AutoTests" name="[69] /home/travis/build/icyphy/ptII/ptolemy/domains/sdf/lib/test/auto/VariableRecursiveLattice2.xml (RunModel)" time="0.019" />
  <system-out><![CDATA[/home/travis/build/icyphy/ptII/ptolemy/domains/sdf/lib/test/ArrayToSequence.tcl
testDefs.tcl: setting time out to 9000 seconds at Mon Dec 02 06:57:50 UTC 2019
108 ms. Memory: 120832K Free: 86980K (72%)
25 ms. Memory: 120832K Free: 84932K (70%)
23 ms. Memory: 120832K Free: 82884K (69%)
27 ms. Memory: 120832K Free: 81346K (67%)
/home/travis/build/icyphy/ptII/ptolemy/domains/sdf/lib/test/BitsToInt.tcl
18 ms. Memory: 120832K Free: 79812K (66%)
17 ms. Memory: 120832K Free: 77764K (64%)
/home/travis/build/icyphy/ptII/ptolemy/domains/sdf/lib/test/DelayLine.tcl
12 ms. Memory: 120832K Free: 76219K (63%)
/home/travis/build/icyphy/ptII/ptolemy/domains/sdf/lib/test/FFT.tcl
13 ms. Memory: 120832K Free: 74178K (61%)
/home/travis/build/icyphy/ptII/ptolemy/domains/sdf/lib/test/FIR.tcl
17 ms. Memory: 120832K Free: 72644K (60%)
97 ms. Memory: 120832K Free: 68034K (56%)
ptolemy.kernel.util.IllegalActionException: multiplyReverse method not supported between ptolemy.data.FixToken 'fix(-0.0625,6,2)' and ptolemy.data.IntToken '1' because the types are incomparable.
  in .top.FIRclone
Because:
multiplyReverse method not supported between ptolemy.data.FixToken 'fix(-0.0625,6,2)' and ptolemy.data.IntToken '1' because the types are incomparable.
27 ms. Memory: 120832K Free: 65986K (55%)
/home/travis/build/icyphy/ptII/ptolemy/domains/sdf/lib/test/IntToBits.tcl
5 ms. Memory: 120832K Free: 64452K (53%)
5 ms. Memory: 120832K Free: 62883K (52%)
/home/travis/build/icyphy/ptII/ptolemy/domains/sdf/lib/test/MaximumEntropySpectrum.tcl
/home/travis/build/icyphy/ptII/ptolemy/domains/sdf/lib/test/Repeat.tcl
19 ms. Memory: 120832K Free: 103265K (85%)
/home/travis/build/icyphy/ptII/ptolemy/domains/sdf/lib/test/SampleDelay.tcl
10 ms. Memory: 120832K Free: 101231K (84%)
8 ms. Memory: 120832K Free: 100201K (83%)
11 ms. Memory: 120832K Free: 99697K (83%)
11 ms. Memory: 120832K Free: 98673K (82%)
3 ms. Memory: 120832K Free: 98159K (81%)
1 ms. Memory: 120832K Free: 97649K (81%)
/home/travis/build/icyphy/ptII/ptolemy/domains/sdf/lib/test/SequenceToArray.tcl
5 ms. Memory: 120832K Free: 96105K (80%)
4 ms. Memory: 120832K Free: 95087K (79%)
22 ms. Memory: 120832K Free: 105856K (88%)
12 ms. Memory: 120832K Free: 104832K (87%)
12/02/19 06:57:51
Failed: 0  Total Tests: 41  ((Passed: 41, Newly Passed: 0)  Known Failed: 0) /home/travis/build/icyphy/ptII/ptolemy/domains/sdf/lib/test
No auto/knownFailedTests/*.xml tests in /home/travis/build/icyphy/ptII/ptolemy/domains/sdf/lib/test
No auto/linux-amd64/*.xml tests in /home/travis/build/icyphy/ptII/ptolemy/domains/sdf/lib/test
AutoTests.java: About to close Vertx.
AutoTests.java: Vertx closed.

===========================================================================================
----------------- testing Mon Dec 02 06:57:52 UTC 2019 /home/travis/build/icyphy/ptII/ptolemy/domains/sdf/lib/test/auto/ArrayToSequence.xml
----------------- Instantiating /home/travis/build/icyphy/ptII/ptolemy/domains/sdf/lib/test/auto/ArrayToSequence.xml
28 ms. Memory: 120832K Free: 86682K (72%)
----------------- Invoking toplevel() on ptolemy.moml.MoMLSimpleApplication@411ac26a
----------------- Done invoking toplevel() on ptolemy.moml.MoMLSimpleApplication@411ac26a
reloadAllAccessors: .ArrayToSequence

===========================================================================================
----------------- testing Mon Dec 02 06:57:52 UTC 2019 /home/travis/build/icyphy/ptII/ptolemy/domains/sdf/lib/test/auto/ArrayToSequenceTest.xml
----------------- Instantiating /home/travis/build/icyphy/ptII/ptolemy/domains/sdf/lib/test/auto/ArrayToSequenceTest.xml
37 ms. Memory: 120832K Free: 81014K (67%)
----------------- Invoking toplevel() on ptolemy.moml.MoMLSimpleApplication@3e0513c9
----------------- Done invoking toplevel() on ptolemy.moml.MoMLSimpleApplication@3e0513c9
reloadAllAccessors: .ArrayToSequenceTest

===========================================================================================
----------------- testing Mon Dec 02 06:57:52 UTC 2019 /home/travis/build/icyphy/ptII/ptolemy/domains/sdf/lib/test/auto/Autocorrelation.xml
----------------- Instantiating /home/travis/build/icyphy/ptII/ptolemy/domains/sdf/lib/test/auto/Autocorrelation.xml
4 ms. Memory: 120832K Free: 76451K (63%)
----------------- Invoking toplevel() on ptolemy.moml.MoMLSimpleApplication@38efe9a5
----------------- Done invoking toplevel() on ptolemy.moml.MoMLSimpleApplication@38efe9a5
reloadAllAccessors: .Autocorrelation

===========================================================================================
----------------- testing Mon Dec 02 06:57:52 UTC 2019 /home/travis/build/icyphy/ptII/ptolemy/domains/sdf/lib/test/auto/Autocorrelation2.xml
----------------- Instantiating /home/travis/build/icyphy/ptII/ptolemy/domains/sdf/lib/test/auto/Autocorrelation2.xml
3 ms. Memory: 120832K Free: 105525K (87%)
----------------- Invoking toplevel() on ptolemy.moml.MoMLSimpleApplication@6945def2
----------------- Done invoking toplevel() on ptolemy.moml.MoMLSimpleApplication@6945def2
reloadAllAccessors: .Autocorrelation2

===========================================================================================
----------------- testing Mon Dec 02 06:57:52 UTC 2019 /home/travis/build/icyphy/ptII/ptolemy/domains/sdf/lib/test/auto/Autocorrelation3.xml
----------------- Instantiating /home/travis/build/icyphy/ptII/ptolemy/domains/sdf/lib/test/auto/Autocorrelation3.xml
3 ms. Memory: 120832K Free: 101591K (84%)
----------------- Invoking toplevel() on ptolemy.moml.MoMLSimpleApplication@1477719c
----------------- Done invoking toplevel() on ptolemy.moml.MoMLSimpleApplication@1477719c
reloadAllAccessors: .Autocorrelation3

===========================================================================================
----------------- testing Mon Dec 02 06:57:52 UTC 2019 /home/travis/build/icyphy/ptII/ptolemy/domains/sdf/lib/test/auto/Autocorrelation4.xml
----------------- Instantiating /home/travis/build/icyphy/ptII/ptolemy/domains/sdf/lib/test/auto/Autocorrelation4.xml
8 ms. Memory: 120832K Free: 97211K (80%)
----------------- Invoking toplevel() on ptolemy.moml.MoMLSimpleApplication@2a7032ec
----------------- Done invoking toplevel() on ptolemy.moml.MoMLSimpleApplication@2a7032ec
reloadAllAccessors: .Autocorrelation4

===========================================================================================
----------------- testing Mon Dec 02 06:57:52 UTC 2019 /home/travis/build/icyphy/ptII/ptolemy/domains/sdf/lib/test/auto/Autocorrelation5.xml
----------------- Instantiating /home/travis/build/icyphy/ptII/ptolemy/domains/sdf/lib/test/auto/Autocorrelation5.xml
52 ms. Memory: 120832K Free: 90674K (75%)
----------------- Invoking toplevel() on ptolemy.moml.MoMLSimpleApplication@3d005b95
----------------- Done invoking toplevel() on ptolemy.moml.MoMLSimpleApplication@3d005b95
reloadAllAccessors: .Autocorrelation5

===========================================================================================
----------------- testing Mon Dec 02 06:57:52 UTC 2019 /home/travis/build/icyphy/ptII/ptolemy/domains/sdf/lib/test/auto/BitsToInt.xml
----------------- Instantiating /home/travis/build/icyphy/ptII/ptolemy/domains/sdf/lib/test/auto/BitsToInt.xml
8 ms. Memory: 120832K Free: 87223K (72%)
----------------- Invoking toplevel() on ptolemy.moml.MoMLSimpleApplication@1ddcd5c6
----------------- Done invoking toplevel() on ptolemy.moml.MoMLSimpleApplication@1ddcd5c6
reloadAllAccessors: .BitsToInt

===========================================================================================
----------------- testing Mon Dec 02 06:57:52 UTC 2019 /home/travis/build/icyphy/ptII/ptolemy/domains/sdf/lib/test/auto/BooleanJoin.xml
----------------- Instantiating /home/travis/build/icyphy/ptII/ptolemy/domains/sdf/lib/test/auto/BooleanJoin.xml
8 ms. Memory: 120832K Free: 83183K (69%)
----------------- Invoking toplevel() on ptolemy.moml.MoMLSimpleApplication@5a713731
----------------- Done invoking toplevel() on ptolemy.moml.MoMLSimpleApplication@5a713731
reloadAllAccessors: .BooleanJoin

===========================================================================================
----------------- testing Mon Dec 02 06:57:52 UTC 2019 /home/travis/build/icyphy/ptII/ptolemy/domains/sdf/lib/test/auto/BootstrapSampleDelay.xml
----------------- Instantiating /home/travis/build/icyphy/ptII/ptolemy/domains/sdf/lib/test/auto/BootstrapSampleDelay.xml
8 ms. Memory: 120832K Free: 79077K (65%)
----------------- Invoking toplevel() on ptolemy.moml.MoMLSimpleApplication@59aa5184
----------------- Done invoking toplevel() on ptolemy.moml.MoMLSimpleApplication@59aa5184
reloadAllAccessors: .BootstrapSampleDelay

===========================================================================================
----------------- testing Mon Dec 02 06:57:52 UTC 2019 /home/travis/build/icyphy/ptII/ptolemy/domains/sdf/lib/test/auto/Chop.xml
----------------- Instantiating /home/travis/build/icyphy/ptII/ptolemy/domains/sdf/lib/test/auto/Chop.xml
5 ms. Memory: 120832K Free: 72242K (60%)
----------------- Invoking toplevel() on ptolemy.moml.MoMLSimpleApplication@4daf6389
----------------- Done invoking toplevel() on ptolemy.moml.MoMLSimpleApplication@4daf6389
reloadAllAccessors: .Chop

===========================================================================================
----------------- testing Mon Dec 02 06:57:52 UTC 2019 /home/travis/build/icyphy/ptII/ptolemy/domains/sdf/lib/test/auto/Chop2.xml
----------------- Instantiating /home/travis/build/icyphy/ptII/ptolemy/domains/sdf/lib/test/auto/Chop2.xml
11 ms. Memory: 120832K Free: 65759K (54%)
----------------- Invoking toplevel() on ptolemy.moml.MoMLSimpleApplication@47f38ab1
----------------- Done invoking toplevel() on ptolemy.moml.MoMLSimpleApplication@47f38ab1
reloadAllAccessors: .Chop2

===========================================================================================
----------------- testing Mon Dec 02 06:57:52 UTC 2019 /home/travis/build/icyphy/ptII/ptolemy/domains/sdf/lib/test/auto/ComplexJoin.xml
----------------- Instantiating /home/travis/build/icyphy/ptII/ptolemy/domains/sdf/lib/test/auto/ComplexJoin.xml
5 ms. Memory: 146432K Free: 129703K (89%)
----------------- Invoking toplevel() on ptolemy.moml.MoMLSimpleApplication@29400263
----------------- Done invoking toplevel() on ptolemy.moml.MoMLSimpleApplication@29400263
reloadAllAccessors: .ComplexJoin

===========================================================================================
----------------- testing Mon Dec 02 06:57:52 UTC 2019 /home/travis/build/icyphy/ptII/ptolemy/domains/sdf/lib/test/auto/CountTrues.xml
----------------- Instantiating /home/travis/build/icyphy/ptII/ptolemy/domains/sdf/lib/test/auto/CountTrues.xml
2 ms. Memory: 146432K Free: 126631K (86%)
----------------- Invoking toplevel() on ptolemy.moml.MoMLSimpleApplication@73a8988a
----------------- Done invoking toplevel() on ptolemy.moml.MoMLSimpleApplication@73a8988a
reloadAllAccessors: .CountTrues

===========================================================================================
----------------- testing Mon Dec 02 06:57:53 UTC 2019 /home/travis/build/icyphy/ptII/ptolemy/domains/sdf/lib/test/auto/DelayLine.xml
----------------- Instantiating /home/travis/build/icyphy/ptII/ptolemy/domains/sdf/lib/test/auto/DelayLine.xml
4 ms. Memory: 146432K Free: 121489K (83%)
----------------- Invoking toplevel() on ptolemy.moml.MoMLSimpleApplication@2be1a88e
----------------- Done invoking toplevel() on ptolemy.moml.MoMLSimpleApplication@2be1a88e
reloadAllAccessors: .DelayLine

===========================================================================================
----------------- testing Mon Dec 02 06:57:53 UTC 2019 /home/travis/build/icyphy/ptII/ptolemy/domains/sdf/lib/test/auto/DotProduct.xml
----------------- Instantiating /home/travis/build/icyphy/ptII/ptolemy/domains/sdf/lib/test/auto/DotProduct.xml
3 ms. Memory: 146432K Free: 118209K (81%)
----------------- Invoking toplevel() on ptolemy.moml.MoMLSimpleApplication@5f54d48b
----------------- Done invoking toplevel() on ptolemy.moml.MoMLSimpleApplication@5f54d48b
reloadAllAccessors: .DotProduct

===========================================================================================
----------------- testing Mon Dec 02 06:57:53 UTC 2019 /home/travis/build/icyphy/ptII/ptolemy/domains/sdf/lib/test/auto/DotProductMatrix.xml
----------------- Instantiating /home/travis/build/icyphy/ptII/ptolemy/domains/sdf/lib/test/auto/DotProductMatrix.xml
3 ms. Memory: 146432K Free: 115137K (79%)
----------------- Invoking toplevel() on ptolemy.moml.MoMLSimpleApplication@69452672
----------------- Done invoking toplevel() on ptolemy.moml.MoMLSimpleApplication@69452672
reloadAllAccessors: .DotProductMatrix

===========================================================================================
----------------- testing Mon Dec 02 06:57:53 UTC 2019 /home/travis/build/icyphy/ptII/ptolemy/domains/sdf/lib/test/auto/DownSample1.xml
----------------- Instantiating /home/travis/build/icyphy/ptII/ptolemy/domains/sdf/lib/test/auto/DownSample1.xml
4 ms. Memory: 146432K Free: 112279K (77%)
----------------- Invoking toplevel() on ptolemy.moml.MoMLSimpleApplication@7f18b143
----------------- Done invoking toplevel() on ptolemy.moml.MoMLSimpleApplication@7f18b143
reloadAllAccessors: .DownSample1

===========================================================================================
----------------- testing Mon Dec 02 06:57:53 UTC 2019 /home/travis/build/icyphy/ptII/ptolemy/domains/sdf/lib/test/auto/DynamicRateChange.xml
----------------- Instantiating /home/travis/build/icyphy/ptII/ptolemy/domains/sdf/lib/test/auto/DynamicRateChange.xml
18 ms. Memory: 146432K Free: 106547K (73%)
----------------- Invoking toplevel() on ptolemy.moml.MoMLSimpleApplication@66c75dbc
----------------- Done invoking toplevel() on ptolemy.moml.MoMLSimpleApplication@66c75dbc
reloadAllAccessors: .DynamicRateChange

===========================================================================================
----------------- testing Mon Dec 02 06:57:53 UTC 2019 /home/travis/build/icyphy/ptII/ptolemy/domains/sdf/lib/test/auto/DynamicRates.xml
----------------- Instantiating /home/travis/build/icyphy/ptII/ptolemy/domains/sdf/lib/test/auto/DynamicRates.xml
12 ms. Memory: 146432K Free: 101427K (69%)
----------------- Invoking toplevel() on ptolemy.moml.MoMLSimpleApplication@5aa7e721
----------------- Done invoking toplevel() on ptolemy.moml.MoMLSimpleApplication@5aa7e721
reloadAllAccessors: .DynamicRates

===========================================================================================
----------------- testing Mon Dec 02 06:57:53 UTC 2019 /home/travis/build/icyphy/ptII/ptolemy/domains/sdf/lib/test/auto/FFT1.xml
----------------- Instantiating /home/travis/build/icyphy/ptII/ptolemy/domains/sdf/lib/test/auto/FFT1.xml
15 ms. Memory: 146432K Free: 96935K (66%)
----------------- Invoking toplevel() on ptolemy.moml.MoMLSimpleApplication@3600b76
----------------- Done invoking toplevel() on ptolemy.moml.MoMLSimpleApplication@3600b76
reloadAllAccessors: .FFT1

===========================================================================================
----------------- testing Mon Dec 02 06:57:53 UTC 2019 /home/travis/build/icyphy/ptII/ptolemy/domains/sdf/lib/test/auto/FIR1.xml
----------------- Instantiating /home/travis/build/icyphy/ptII/ptolemy/domains/sdf/lib/test/auto/FIR1.xml
21 ms. Memory: 146432K Free: 89780K (61%)
----------------- Invoking toplevel() on ptolemy.moml.MoMLSimpleApplication@f48de5f
----------------- Done invoking toplevel() on ptolemy.moml.MoMLSimpleApplication@f48de5f
reloadAllAccessors: .FIR1

===========================================================================================
----------------- testing Mon Dec 02 06:57:53 UTC 2019 /home/travis/build/icyphy/ptII/ptolemy/domains/sdf/lib/test/auto/FIR2.xml
----------------- Instantiating /home/travis/build/icyphy/ptII/ptolemy/domains/sdf/lib/test/auto/FIR2.xml
2 ms. Memory: 146432K Free: 86465K (59%)
----------------- Invoking toplevel() on ptolemy.moml.MoMLSimpleApplication@365659c7
----------------- Done invoking toplevel() on ptolemy.moml.MoMLSimpleApplication@365659c7
reloadAllAccessors: .FIR2

===========================================================================================
----------------- testing Mon Dec 02 06:57:53 UTC 2019 /home/travis/build/icyphy/ptII/ptolemy/domains/sdf/lib/test/auto/FIR4.xml
----------------- Instantiating /home/travis/build/icyphy/ptII/ptolemy/domains/sdf/lib/test/auto/FIR4.xml
4 ms. Memory: 146432K Free: 78494K (54%)
----------------- Invoking toplevel() on ptolemy.moml.MoMLSimpleApplication@12c5c994
----------------- Done invoking toplevel() on ptolemy.moml.MoMLSimpleApplication@12c5c994
reloadAllAccessors: .FIR4

===========================================================================================
----------------- testing Mon Dec 02 06:57:53 UTC 2019 /home/travis/build/icyphy/ptII/ptolemy/domains/sdf/lib/test/auto/FixJoin.xml
----------------- Instantiating /home/travis/build/icyphy/ptII/ptolemy/domains/sdf/lib/test/auto/FixJoin.xml
7 ms. Memory: 146432K Free: 74177K (51%)
----------------- Invoking toplevel() on ptolemy.moml.MoMLSimpleApplication@2c06346e
----------------- Done invoking toplevel() on ptolemy.moml.MoMLSimpleApplication@2c06346e
reloadAllAccessors: .FixJoin

===========================================================================================
----------------- testing Mon Dec 02 06:57:53 UTC 2019 /home/travis/build/icyphy/ptII/ptolemy/domains/sdf/lib/test/auto/IntJoin1.xml
----------------- Instantiating /home/travis/build/icyphy/ptII/ptolemy/domains/sdf/lib/test/auto/IntJoin1.xml
6 ms. Memory: 146432K Free: 127797K (87%)
----------------- Invoking toplevel() on ptolemy.moml.MoMLSimpleApplication@132de4d4
----------------- Done invoking toplevel() on ptolemy.moml.MoMLSimpleApplication@132de4d4
reloadAllAccessors: .IntJoin1

===========================================================================================
----------------- testing Mon Dec 02 06:57:53 UTC 2019 /home/travis/build/icyphy/ptII/ptolemy/domains/sdf/lib/test/auto/IntJoin2.xml
----------------- Instantiating /home/travis/build/icyphy/ptII/ptolemy/domains/sdf/lib/test/auto/IntJoin2.xml
3 ms. Memory: 146432K Free: 123300K (84%)
----------------- Invoking toplevel() on ptolemy.moml.MoMLSimpleApplication@2f47491
----------------- Done invoking toplevel() on ptolemy.moml.MoMLSimpleApplication@2f47491
reloadAllAccessors: .IntJoin2

===========================================================================================
----------------- testing Mon Dec 02 06:57:53 UTC 2019 /home/travis/build/icyphy/ptII/ptolemy/domains/sdf/lib/test/auto/IntJoin3.xml
----------------- Instantiating /home/travis/build/icyphy/ptII/ptolemy/domains/sdf/lib/test/auto/IntJoin3.xml
5 ms. Memory: 146432K Free: 119142K (81%)
----------------- Invoking toplevel() on ptolemy.moml.MoMLSimpleApplication@1eacd36b
----------------- Done invoking toplevel() on ptolemy.moml.MoMLSimpleApplication@1eacd36b
reloadAllAccessors: .IntJoin3

===========================================================================================
----------------- testing Mon Dec 02 06:57:53 UTC 2019 /home/travis/build/icyphy/ptII/ptolemy/domains/sdf/lib/test/auto/IntJoin4.xml
----------------- Instantiating /home/travis/build/icyphy/ptII/ptolemy/domains/sdf/lib/test/auto/IntJoin4.xml
2 ms. Memory: 146432K Free: 114549K (78%)
----------------- Invoking toplevel() on ptolemy.moml.MoMLSimpleApplication@78f2e155
----------------- Done invoking toplevel() on ptolemy.moml.MoMLSimpleApplication@78f2e155
reloadAllAccessors: .IntJoin4

===========================================================================================
----------------- testing Mon Dec 02 06:57:53 UTC 2019 /home/travis/build/icyphy/ptII/ptolemy/domains/sdf/lib/test/auto/IntJoin5.xml
----------------- Instantiating /home/travis/build/icyphy/ptII/ptolemy/domains/sdf/lib/test/auto/IntJoin5.xml
2 ms. Memory: 146432K Free: 110477K (75%)
----------------- Invoking toplevel() on ptolemy.moml.MoMLSimpleApplication@ee72ca1
----------------- Done invoking toplevel() on ptolemy.moml.MoMLSimpleApplication@ee72ca1
reloadAllAccessors: .IntJoin5

===========================================================================================
----------------- testing Mon Dec 02 06:57:53 UTC 2019 /home/travis/build/icyphy/ptII/ptolemy/domains/sdf/lib/test/auto/IntToBits.xml
----------------- Instantiating /home/travis/build/icyphy/ptII/ptolemy/domains/sdf/lib/test/auto/IntToBits.xml
2 ms. Memory: 146432K Free: 107411K (73%)
----------------- Invoking toplevel() on ptolemy.moml.MoMLSimpleApplication@3383f2d7
----------------- Done invoking toplevel() on ptolemy.moml.MoMLSimpleApplication@3383f2d7
reloadAllAccessors: .IntToBits

===========================================================================================
----------------- testing Mon Dec 02 06:57:53 UTC 2019 /home/travis/build/icyphy/ptII/ptolemy/domains/sdf/lib/test/auto/LMSAdaptive.xml
----------------- Instantiating /home/travis/build/icyphy/ptII/ptolemy/domains/sdf/lib/test/auto/LMSAdaptive.xml
12 ms. Memory: 146432K Free: 99227K (68%)
----------------- Invoking toplevel() on ptolemy.moml.MoMLSimpleApplication@53d11310
----------------- Done invoking toplevel() on ptolemy.moml.MoMLSimpleApplication@53d11310
reloadAllAccessors: .LMSAdaptive

===========================================================================================
----------------- testing Mon Dec 02 06:57:53 UTC 2019 /home/travis/build/icyphy/ptII/ptolemy/domains/sdf/lib/test/auto/LMSAdaptiveFIR.xml
----------------- Instantiating /home/travis/build/icyphy/ptII/ptolemy/domains/sdf/lib/test/auto/LMSAdaptiveFIR.xml
303 ms. Memory: 146432K Free: 64411K (44%)
----------------- Invoking toplevel() on ptolemy.moml.MoMLSimpleApplication@34a632
----------------- Done invoking toplevel() on ptolemy.moml.MoMLSimpleApplication@34a632
reloadAllAccessors: .LMSAdaptiveFIR

===========================================================================================
----------------- testing Mon Dec 02 06:57:54 UTC 2019 /home/travis/build/icyphy/ptII/ptolemy/domains/sdf/lib/test/auto/LMSAdaptiveFIR2.xml
----------------- Instantiating /home/travis/build/icyphy/ptII/ptolemy/domains/sdf/lib/test/auto/LMSAdaptiveFIR2.xml
413 ms. Memory: 146432K Free: 74395K (51%)
----------------- Invoking toplevel() on ptolemy.moml.MoMLSimpleApplication@60144b74
----------------- Done invoking toplevel() on ptolemy.moml.MoMLSimpleApplication@60144b74
reloadAllAccessors: .LMSAdaptiveFIR2

===========================================================================================
----------------- testing Mon Dec 02 06:57:54 UTC 2019 /home/travis/build/icyphy/ptII/ptolemy/domains/sdf/lib/test/auto/LongJoin.xml
----------------- Instantiating /home/travis/build/icyphy/ptII/ptolemy/domains/sdf/lib/test/auto/LongJoin.xml
5 ms. Memory: 146432K Free: 69784K (48%)
----------------- Invoking toplevel() on ptolemy.moml.MoMLSimpleApplication@52153855
----------------- Done invoking toplevel() on ptolemy.moml.MoMLSimpleApplication@52153855
reloadAllAccessors: .LongJoin

===========================================================================================
----------------- testing Mon Dec 02 06:57:54 UTC 2019 /home/travis/build/icyphy/ptII/ptolemy/domains/sdf/lib/test/auto/Matrix1.xml
----------------- Instantiating /home/travis/build/icyphy/ptII/ptolemy/domains/sdf/lib/test/auto/Matrix1.xml
3 ms. Memory: 146432K Free: 65696K (45%)
----------------- Invoking toplevel() on ptolemy.moml.MoMLSimpleApplication@7637e4ab
----------------- Done invoking toplevel() on ptolemy.moml.MoMLSimpleApplication@7637e4ab
reloadAllAccessors: .Matrix1

===========================================================================================
----------------- testing Mon Dec 02 06:57:54 UTC 2019 /home/travis/build/icyphy/ptII/ptolemy/domains/sdf/lib/test/auto/Matrix2.xml
----------------- Instantiating /home/travis/build/icyphy/ptII/ptolemy/domains/sdf/lib/test/auto/Matrix2.xml
4 ms. Memory: 146432K Free: 61584K (42%)
----------------- Invoking toplevel() on ptolemy.moml.MoMLSimpleApplication@39e3c608
----------------- Done invoking toplevel() on ptolemy.moml.MoMLSimpleApplication@39e3c608
reloadAllAccessors: .Matrix2

===========================================================================================
----------------- testing Mon Dec 02 06:57:54 UTC 2019 /home/travis/build/icyphy/ptII/ptolemy/domains/sdf/lib/test/auto/MatrixJoin1.xml
----------------- Instantiating /home/travis/build/icyphy/ptII/ptolemy/domains/sdf/lib/test/auto/MatrixJoin1.xml
2 ms. Memory: 146432K Free: 130523K (89%)
----------------- Invoking toplevel() on ptolemy.moml.MoMLSimpleApplication@6b0e37fd
----------------- Done invoking toplevel() on ptolemy.moml.MoMLSimpleApplication@6b0e37fd
reloadAllAccessors: .MatrixJoin1

===========================================================================================
----------------- testing Mon Dec 02 06:57:54 UTC 2019 /home/travis/build/icyphy/ptII/ptolemy/domains/sdf/lib/test/auto/MatrixJoin2.xml
----------------- Instantiating /home/travis/build/icyphy/ptII/ptolemy/domains/sdf/lib/test/auto/MatrixJoin2.xml
2 ms. Memory: 146432K Free: 126250K (86%)
----------------- Invoking toplevel() on ptolemy.moml.MoMLSimpleApplication@1138764a
----------------- Done invoking toplevel() on ptolemy.moml.MoMLSimpleApplication@1138764a
reloadAllAccessors: .MatrixJoin2

===========================================================================================
----------------- testing Mon Dec 02 06:57:54 UTC 2019 /home/travis/build/icyphy/ptII/ptolemy/domains/sdf/lib/test/auto/MatrixJoin3.xml
----------------- Instantiating /home/travis/build/icyphy/ptII/ptolemy/domains/sdf/lib/test/auto/MatrixJoin3.xml
6 ms. Memory: 146432K Free: 121640K (83%)
----------------- Invoking toplevel() on ptolemy.moml.MoMLSimpleApplication@95e9ba1
----------------- Done invoking toplevel() on ptolemy.moml.MoMLSimpleApplication@95e9ba1
reloadAllAccessors: .MatrixJoin3

===========================================================================================
----------------- testing Mon Dec 02 06:57:54 UTC 2019 /home/travis/build/icyphy/ptII/ptolemy/domains/sdf/lib/test/auto/MatrixJoin4.xml
----------------- Instantiating /home/travis/build/icyphy/ptII/ptolemy/domains/sdf/lib/test/auto/MatrixJoin4.xml
2 ms. Memory: 146432K Free: 117034K (80%)
----------------- Invoking toplevel() on ptolemy.moml.MoMLSimpleApplication@2978c4d1
----------------- Done invoking toplevel() on ptolemy.moml.MoMLSimpleApplication@2978c4d1
reloadAllAccessors: .MatrixJoin4

===========================================================================================
----------------- testing Mon Dec 02 06:57:54 UTC 2019 /home/travis/build/icyphy/ptII/ptolemy/domains/sdf/lib/test/auto/MatrixJoin5.xml
----------------- Instantiating /home/travis/build/icyphy/ptII/ptolemy/domains/sdf/lib/test/auto/MatrixJoin5.xml
2 ms. Memory: 146432K Free: 112938K (77%)
----------------- Invoking toplevel() on ptolemy.moml.MoMLSimpleApplication@1ecc58ad
----------------- Done invoking toplevel() on ptolemy.moml.MoMLSimpleApplication@1ecc58ad
reloadAllAccessors: .MatrixJoin5

===========================================================================================
----------------- testing Mon Dec 02 06:57:54 UTC 2019 /home/travis/build/icyphy/ptII/ptolemy/domains/sdf/lib/test/auto/MatrixSplit1.xml
----------------- Instantiating /home/travis/build/icyphy/ptII/ptolemy/domains/sdf/lib/test/auto/MatrixSplit1.xml
2 ms. Memory: 146432K Free: 107304K (73%)
----------------- Invoking toplevel() on ptolemy.moml.MoMLSimpleApplication@5290476d
----------------- Done invoking toplevel() on ptolemy.moml.MoMLSimpleApplication@5290476d
reloadAllAccessors: .MatrixSplit1

===========================================================================================
----------------- testing Mon Dec 02 06:57:54 UTC 2019 /home/travis/build/icyphy/ptII/ptolemy/domains/sdf/lib/test/auto/MatrixSplit10.xml
----------------- Instantiating /home/travis/build/icyphy/ptII/ptolemy/domains/sdf/lib/test/auto/MatrixSplit10.xml
3 ms. Memory: 146432K Free: 103722K (71%)
----------------- Invoking toplevel() on ptolemy.moml.MoMLSimpleApplication@55fe3e42
----------------- Done invoking toplevel() on ptolemy.moml.MoMLSimpleApplication@55fe3e42
reloadAllAccessors: .MatrixSplit10

===========================================================================================
----------------- testing Mon Dec 02 06:57:54 UTC 2019 /home/travis/build/icyphy/ptII/ptolemy/domains/sdf/lib/test/auto/MatrixSplit11.xml
----------------- Instantiating /home/travis/build/icyphy/ptII/ptolemy/domains/sdf/lib/test/auto/MatrixSplit11.xml
1 ms. Memory: 146432K Free: 100136K (68%)
----------------- Invoking toplevel() on ptolemy.moml.MoMLSimpleApplication@743d6d7b
----------------- Done invoking toplevel() on ptolemy.moml.MoMLSimpleApplication@743d6d7b
reloadAllAccessors: .MatrixSplit11

===========================================================================================
----------------- testing Mon Dec 02 06:57:54 UTC 2019 /home/travis/build/icyphy/ptII/ptolemy/domains/sdf/lib/test/auto/MatrixSplit12.xml
----------------- Instantiating /home/travis/build/icyphy/ptII/ptolemy/domains/sdf/lib/test/auto/MatrixSplit12.xml
1 ms. Memory: 146432K Free: 96554K (66%)
----------------- Invoking toplevel() on ptolemy.moml.MoMLSimpleApplication@424a55f4
----------------- Done invoking toplevel() on ptolemy.moml.MoMLSimpleApplication@424a55f4
reloadAllAccessors: .MatrixSplit12

===========================================================================================
----------------- testing Mon Dec 02 06:57:54 UTC 2019 /home/travis/build/icyphy/ptII/ptolemy/domains/sdf/lib/test/auto/MatrixSplit13.xml
----------------- Instantiating /home/travis/build/icyphy/ptII/ptolemy/domains/sdf/lib/test/auto/MatrixSplit13.xml
6 ms. Memory: 146432K Free: 92968K (63%)
----------------- Invoking toplevel() on ptolemy.moml.MoMLSimpleApplication@37f1d6cf
----------------- Done invoking toplevel() on ptolemy.moml.MoMLSimpleApplication@37f1d6cf
reloadAllAccessors: .MatrixSplit13

===========================================================================================
----------------- testing Mon Dec 02 06:57:54 UTC 2019 /home/travis/build/icyphy/ptII/ptolemy/domains/sdf/lib/test/auto/MatrixSplit14.xml
----------------- Instantiating /home/travis/build/icyphy/ptII/ptolemy/domains/sdf/lib/test/auto/MatrixSplit14.xml
1 ms. Memory: 146432K Free: 89386K (61%)
----------------- Invoking toplevel() on ptolemy.moml.MoMLSimpleApplication@14b3dc19
----------------- Done invoking toplevel() on ptolemy.moml.MoMLSimpleApplication@14b3dc19
reloadAllAccessors: .MatrixSplit14

===========================================================================================
----------------- testing Mon Dec 02 06:57:54 UTC 2019 /home/travis/build/icyphy/ptII/ptolemy/domains/sdf/lib/test/auto/MatrixSplit2.xml
----------------- Instantiating /home/travis/build/icyphy/ptII/ptolemy/domains/sdf/lib/test/auto/MatrixSplit2.xml
2 ms. Memory: 146432K Free: 86314K (59%)
----------------- Invoking toplevel() on ptolemy.moml.MoMLSimpleApplication@5d02cbbd
----------------- Done invoking toplevel() on ptolemy.moml.MoMLSimpleApplication@5d02cbbd
reloadAllAccessors: .MatrixSplit2

===========================================================================================
----------------- testing Mon Dec 02 06:57:54 UTC 2019 /home/travis/build/icyphy/ptII/ptolemy/domains/sdf/lib/test/auto/MatrixSplit3.xml
----------------- Instantiating /home/travis/build/icyphy/ptII/ptolemy/domains/sdf/lib/test/auto/MatrixSplit3.xml
2 ms. Memory: 146432K Free: 82728K (56%)
----------------- Invoking toplevel() on ptolemy.moml.MoMLSimpleApplication@3b260b5e
----------------- Done invoking toplevel() on ptolemy.moml.MoMLSimpleApplication@3b260b5e
reloadAllAccessors: .MatrixSplit3

===========================================================================================
----------------- testing Mon Dec 02 06:57:54 UTC 2019 /home/travis/build/icyphy/ptII/ptolemy/domains/sdf/lib/test/auto/MatrixSplit4.xml
----------------- Instantiating /home/travis/build/icyphy/ptII/ptolemy/domains/sdf/lib/test/auto/MatrixSplit4.xml
2 ms. Memory: 146432K Free: 79146K (54%)
----------------- Invoking toplevel() on ptolemy.moml.MoMLSimpleApplication@115eda4c
----------------- Done invoking toplevel() on ptolemy.moml.MoMLSimpleApplication@115eda4c
reloadAllAccessors: .MatrixSplit4

===========================================================================================
----------------- testing Mon Dec 02 06:57:54 UTC 2019 /home/travis/build/icyphy/ptII/ptolemy/domains/sdf/lib/test/auto/MatrixSplit5.xml
----------------- Instantiating /home/travis/build/icyphy/ptII/ptolemy/domains/sdf/lib/test/auto/MatrixSplit5.xml
9 ms. Memory: 146432K Free: 75560K (52%)
----------------- Invoking toplevel() on ptolemy.moml.MoMLSimpleApplication@502ef045
----------------- Done invoking toplevel() on ptolemy.moml.MoMLSimpleApplication@502ef045
reloadAllAccessors: .MatrixSplit5

===========================================================================================
----------------- testing Mon Dec 02 06:57:54 UTC 2019 /home/travis/build/icyphy/ptII/ptolemy/domains/sdf/lib/test/auto/MatrixSplit6.xml
----------------- Instantiating /home/travis/build/icyphy/ptII/ptolemy/domains/sdf/lib/test/auto/MatrixSplit6.xml
2 ms. Memory: 146432K Free: 71978K (49%)
----------------- Invoking toplevel() on ptolemy.moml.MoMLSimpleApplication@fb887fe
----------------- Done invoking toplevel() on ptolemy.moml.MoMLSimpleApplication@fb887fe
reloadAllAccessors: .MatrixSplit6

===========================================================================================
----------------- testing Mon Dec 02 06:57:54 UTC 2019 /home/travis/build/icyphy/ptII/ptolemy/domains/sdf/lib/test/auto/MatrixSplit7.xml
----------------- Instantiating /home/travis/build/icyphy/ptII/ptolemy/domains/sdf/lib/test/auto/MatrixSplit7.xml
3 ms. Memory: 146432K Free: 68392K (47%)
----------------- Invoking toplevel() on ptolemy.moml.MoMLSimpleApplication@21da96d9
----------------- Done invoking toplevel() on ptolemy.moml.MoMLSimpleApplication@21da96d9
reloadAllAccessors: .MatrixSplit7

===========================================================================================
----------------- testing Mon Dec 02 06:57:55 UTC 2019 /home/travis/build/icyphy/ptII/ptolemy/domains/sdf/lib/test/auto/MatrixSplit8.xml
----------------- Instantiating /home/travis/build/icyphy/ptII/ptolemy/domains/sdf/lib/test/auto/MatrixSplit8.xml
2 ms. Memory: 146432K Free: 64810K (44%)
----------------- Invoking toplevel() on ptolemy.moml.MoMLSimpleApplication@5f320082
----------------- Done invoking toplevel() on ptolemy.moml.MoMLSimpleApplication@5f320082
reloadAllAccessors: .MatrixSplit8

===========================================================================================
----------------- testing Mon Dec 02 06:57:55 UTC 2019 /home/travis/build/icyphy/ptII/ptolemy/domains/sdf/lib/test/auto/MatrixSplit9.xml
----------------- Instantiating /home/travis/build/icyphy/ptII/ptolemy/domains/sdf/lib/test/auto/MatrixSplit9.xml
3 ms. Memory: 146432K Free: 61224K (42%)
----------------- Invoking toplevel() on ptolemy.moml.MoMLSimpleApplication@76f23718
----------------- Done invoking toplevel() on ptolemy.moml.MoMLSimpleApplication@76f23718
reloadAllAccessors: .MatrixSplit9

===========================================================================================
----------------- testing Mon Dec 02 06:57:55 UTC 2019 /home/travis/build/icyphy/ptII/ptolemy/domains/sdf/lib/test/auto/MatrixToSequence.xml
----------------- Instantiating /home/travis/build/icyphy/ptII/ptolemy/domains/sdf/lib/test/auto/MatrixToSequence.xml
12 ms. Memory: 146432K Free: 52008K (36%)
----------------- Invoking toplevel() on ptolemy.moml.MoMLSimpleApplication@64495b0a
----------------- Done invoking toplevel() on ptolemy.moml.MoMLSimpleApplication@64495b0a
reloadAllAccessors: .MatrixToSequence

===========================================================================================
----------------- testing Mon Dec 02 06:57:55 UTC 2019 /home/travis/build/icyphy/ptII/ptolemy/domains/sdf/lib/test/auto/MaximumEntropySpectrum.xml
----------------- Instantiating /home/travis/build/icyphy/ptII/ptolemy/domains/sdf/lib/test/auto/MaximumEntropySpectrum.xml
14 ms. Memory: 146432K Free: 116135K (79%)
----------------- Invoking toplevel() on ptolemy.moml.MoMLSimpleApplication@65164e59
----------------- Done invoking toplevel() on ptolemy.moml.MoMLSimpleApplication@65164e59
reloadAllAccessors: .MaximumEntropySpectrum

===========================================================================================
----------------- testing Mon Dec 02 06:57:55 UTC 2019 /home/travis/build/icyphy/ptII/ptolemy/domains/sdf/lib/test/auto/SampleDelayConversion.xml
----------------- Instantiating /home/travis/build/icyphy/ptII/ptolemy/domains/sdf/lib/test/auto/SampleDelayConversion.xml
2 ms. Memory: 146432K Free: 112053K (77%)
----------------- Invoking toplevel() on ptolemy.moml.MoMLSimpleApplication@72c4e704
----------------- Done invoking toplevel() on ptolemy.moml.MoMLSimpleApplication@72c4e704
reloadAllAccessors: .SampleDelayConversion

===========================================================================================
----------------- testing Mon Dec 02 06:57:55 UTC 2019 /home/travis/build/icyphy/ptII/ptolemy/domains/sdf/lib/test/auto/SequenceToArray.xml
----------------- Instantiating /home/travis/build/icyphy/ptII/ptolemy/domains/sdf/lib/test/auto/SequenceToArray.xml
11 ms. Memory: 146432K Free: 101303K (69%)
----------------- Invoking toplevel() on ptolemy.moml.MoMLSimpleApplication@3107b612
----------------- Done invoking toplevel() on ptolemy.moml.MoMLSimpleApplication@3107b612
reloadAllAccessors: .SequenceToArray

===========================================================================================
----------------- testing Mon Dec 02 06:57:55 UTC 2019 /home/travis/build/icyphy/ptII/ptolemy/domains/sdf/lib/test/auto/SequenceToMatrix.xml
----------------- Instantiating /home/travis/build/icyphy/ptII/ptolemy/domains/sdf/lib/test/auto/SequenceToMatrix.xml
3883 ms. Memory: 146432K Free: 104035K (71%)
----------------- Invoking toplevel() on ptolemy.moml.MoMLSimpleApplication@586431c1
----------------- Done invoking toplevel() on ptolemy.moml.MoMLSimpleApplication@586431c1
reloadAllAccessors: .SequenceToMatrix

===========================================================================================
----------------- testing Mon Dec 02 06:57:59 UTC 2019 /home/travis/build/icyphy/ptII/ptolemy/domains/sdf/lib/test/auto/SmoothedPeriodogram.xml
----------------- Instantiating /home/travis/build/icyphy/ptII/ptolemy/domains/sdf/lib/test/auto/SmoothedPeriodogram.xml
8 ms. Memory: 146432K Free: 88675K (61%)
----------------- Invoking toplevel() on ptolemy.moml.MoMLSimpleApplication@783e547c
----------------- Done invoking toplevel() on ptolemy.moml.MoMLSimpleApplication@783e547c
reloadAllAccessors: .SmoothedPeriodogram

===========================================================================================
----------------- testing Mon Dec 02 06:57:59 UTC 2019 /home/travis/build/icyphy/ptII/ptolemy/domains/sdf/lib/test/auto/UpDownSample1.xml
----------------- Instantiating /home/travis/build/icyphy/ptII/ptolemy/domains/sdf/lib/test/auto/UpDownSample1.xml
3 ms. Memory: 146432K Free: 84579K (58%)
----------------- Invoking toplevel() on ptolemy.moml.MoMLSimpleApplication@1a89c61c
----------------- Done invoking toplevel() on ptolemy.moml.MoMLSimpleApplication@1a89c61c
reloadAllAccessors: .UpDownSample1

===========================================================================================
----------------- testing Mon Dec 02 06:57:59 UTC 2019 /home/travis/build/icyphy/ptII/ptolemy/domains/sdf/lib/test/auto/UpSample1.xml
----------------- Instantiating /home/travis/build/icyphy/ptII/ptolemy/domains/sdf/lib/test/auto/UpSample1.xml
2 ms. Memory: 146432K Free: 80997K (55%)
----------------- Invoking toplevel() on ptolemy.moml.MoMLSimpleApplication@7cc7a96b
----------------- Done invoking toplevel() on ptolemy.moml.MoMLSimpleApplication@7cc7a96b
reloadAllAccessors: .UpSample1

===========================================================================================
----------------- testing Mon Dec 02 06:57:59 UTC 2019 /home/travis/build/icyphy/ptII/ptolemy/domains/sdf/lib/test/auto/VariableFIR.xml
----------------- Instantiating /home/travis/build/icyphy/ptII/ptolemy/domains/sdf/lib/test/auto/VariableFIR.xml
4 ms. Memory: 146432K Free: 75877K (52%)
----------------- Invoking toplevel() on ptolemy.moml.MoMLSimpleApplication@6ab8d2d4
----------------- Done invoking toplevel() on ptolemy.moml.MoMLSimpleApplication@6ab8d2d4
reloadAllAccessors: .VariableFIR

===========================================================================================
----------------- testing Mon Dec 02 06:57:59 UTC 2019 /home/travis/build/icyphy/ptII/ptolemy/domains/sdf/lib/test/auto/VariableFIR2.xml
----------------- Instantiating /home/travis/build/icyphy/ptII/ptolemy/domains/sdf/lib/test/auto/VariableFIR2.xml
3 ms. Memory: 146432K Free: 70757K (48%)
----------------- Invoking toplevel() on ptolemy.moml.MoMLSimpleApplication@185acf91
----------------- Done invoking toplevel() on ptolemy.moml.MoMLSimpleApplication@185acf91
reloadAllAccessors: .VariableFIR2

===========================================================================================
----------------- testing Mon Dec 02 06:57:59 UTC 2019 /home/travis/build/icyphy/ptII/ptolemy/domains/sdf/lib/test/auto/VariableLattice.xml
----------------- Instantiating /home/travis/build/icyphy/ptII/ptolemy/domains/sdf/lib/test/auto/VariableLattice.xml
6 ms. Memory: 146432K Free: 64099K (44%)
----------------- Invoking toplevel() on ptolemy.moml.MoMLSimpleApplication@7adb9008
----------------- Done invoking toplevel() on ptolemy.moml.MoMLSimpleApplication@7adb9008
reloadAllAccessors: .VariableLattice

===========================================================================================
----------------- testing Mon Dec 02 06:57:59 UTC 2019 /home/travis/build/icyphy/ptII/ptolemy/domains/sdf/lib/test/auto/VariableLattice2.xml
----------------- Instantiating /home/travis/build/icyphy/ptII/ptolemy/domains/sdf/lib/test/auto/VariableLattice2.xml
1.0
-1.999999602036
1.9099998677481
-0.9099996420674
0.205
0.0
0.0
1.0
-0.25
-0.5
0.0
0.0
0.0
0.0
7 ms. Memory: 146432K Free: 59493K (41%)
----------------- Invoking toplevel() on ptolemy.moml.MoMLSimpleApplication@15fbf6e0
----------------- Done invoking toplevel() on ptolemy.moml.MoMLSimpleApplication@15fbf6e0
reloadAllAccessors: .VariableLattice2

===========================================================================================
----------------- testing Mon Dec 02 06:57:59 UTC 2019 /home/travis/build/icyphy/ptII/ptolemy/domains/sdf/lib/test/auto/VariableRecursiveLattice.xml
----------------- Instantiating /home/travis/build/icyphy/ptII/ptolemy/domains/sdf/lib/test/auto/VariableRecursiveLattice.xml
3 ms. Memory: 146432K Free: 54883K (37%)
----------------- Invoking toplevel() on ptolemy.moml.MoMLSimpleApplication@1d19c443
----------------- Done invoking toplevel() on ptolemy.moml.MoMLSimpleApplication@1d19c443
reloadAllAccessors: .VariableRecursiveLattice

===========================================================================================
----------------- testing Mon Dec 02 06:57:59 UTC 2019 /home/travis/build/icyphy/ptII/ptolemy/domains/sdf/lib/test/auto/VariableRecursiveLattice2.xml
----------------- Instantiating /home/travis/build/icyphy/ptII/ptolemy/domains/sdf/lib/test/auto/VariableRecursiveLattice2.xml
2 ms. Memory: 146432K Free: 51299K (35%)
----------------- Invoking toplevel() on ptolemy.moml.MoMLSimpleApplication@70190bdc
----------------- Done invoking toplevel() on ptolemy.moml.MoMLSimpleApplication@70190bdc
reloadAllAccessors: .VariableRecursiveLattice2
AutoTests.java: About to close Vertx.
AutoTests.java: Vertx closed.
]]></system-out>
  <system-err><![CDATA[]]></system-err>
</testsuite>
