<?xml version="1.0" encoding="UTF-8" ?>
<testsuite errors="0" failures="0" hostname="travis-job-41ef3c51-79c3-4079-9384-00c047c0b1f5" name="ptolemy.actor.lib.hoc.test.junit.JUnitTclTest" skipped="0" tests="58" time="28.664" timestamp="2020-01-01T06:37:04">
  <properties>
[...]
</properties>
  <testcase classname="ptolemy.util.test.junit.TclTests" name="[0] /home/travis/build/icyphy/ptII/ptolemy/actor/lib/hoc/test/IterateOverArray.tcl (RunTclFile)" time="0.225" />
  <testcase classname="ptolemy.util.test.junit.AutoKnownFailedTests" name="[0] /home/travis/build/icyphy/ptII/ptolemy/actor/lib/hoc/test/auto/knownFailedTests/PreinitializeMustBeInvokedRunComposite.xml (RunModel)" time="0.385" />
  <testcase classname="ptolemy.util.test.junit.AutoNameArchTests" name="[0] ThereAreNoAutoArchTests (RunModel)" time="0.004" />
  <testcase classname="ptolemy.util.test.junit.AutoTests" name="[0] /home/travis/build/icyphy/ptII/ptolemy/actor/lib/hoc/test/auto/AllToAllMultiInstanceComposite.xml (RunModel)" time="0.461" />
  <testcase classname="ptolemy.util.test.junit.AutoTests" name="[1] /home/travis/build/icyphy/ptII/ptolemy/actor/lib/hoc/test/auto/ApplyFFTTest.xml (RunModel)" time="0.304" />
  <testcase classname="ptolemy.util.test.junit.AutoTests" name="[2] /home/travis/build/icyphy/ptII/ptolemy/actor/lib/hoc/test/auto/ApplyFunction.xml (RunModel)" time="0.029" />
  <testcase classname="ptolemy.util.test.junit.AutoTests" name="[3] /home/travis/build/icyphy/ptII/ptolemy/actor/lib/hoc/test/auto/BackgroundExecution.xml (RunModel)" time="0.697" />
  <testcase classname="ptolemy.util.test.junit.AutoTests" name="[4] /home/travis/build/icyphy/ptII/ptolemy/actor/lib/hoc/test/auto/Case.xml (RunModel)" time="0.06" />
  <testcase classname="ptolemy.util.test.junit.AutoTests" name="[5] /home/travis/build/icyphy/ptII/ptolemy/actor/lib/hoc/test/auto/Case1.xml (RunModel)" time="0.058" />
  <testcase classname="ptolemy.util.test.junit.AutoTests" name="[6] /home/travis/build/icyphy/ptII/ptolemy/actor/lib/hoc/test/auto/Case2.xml (RunModel)" time="0.091" />
  <testcase classname="ptolemy.util.test.junit.AutoTests" name="[7] /home/travis/build/icyphy/ptII/ptolemy/actor/lib/hoc/test/auto/Case3.xml (RunModel)" time="0.046" />
  <testcase classname="ptolemy.util.test.junit.AutoTests" name="[8] /home/travis/build/icyphy/ptII/ptolemy/actor/lib/hoc/test/auto/Case4.xml (RunModel)" time="0.057" />
  <testcase classname="ptolemy.util.test.junit.AutoTests" name="[9] /home/travis/build/icyphy/ptII/ptolemy/actor/lib/hoc/test/auto/Case5.xml (RunModel)" time="0.038" />
  <testcase classname="ptolemy.util.test.junit.AutoTests" name="[10] /home/travis/build/icyphy/ptII/ptolemy/actor/lib/hoc/test/auto/Case6.xml (RunModel)" time="0.083" />
  <testcase classname="ptolemy.util.test.junit.AutoTests" name="[11] /home/travis/build/icyphy/ptII/ptolemy/actor/lib/hoc/test/auto/CaseString2.xml (RunModel)" time="0.036" />
  <testcase classname="ptolemy.util.test.junit.AutoTests" name="[12] /home/travis/build/icyphy/ptII/ptolemy/actor/lib/hoc/test/auto/CatchUpComposite1.xml (RunModel)" time="0.074" />
  <testcase classname="ptolemy.util.test.junit.AutoTests" name="[13] /home/travis/build/icyphy/ptII/ptolemy/actor/lib/hoc/test/auto/CatchUpComposite2.xml (RunModel)" time="0.033" />
  <testcase classname="ptolemy.util.test.junit.AutoTests" name="[14] /home/travis/build/icyphy/ptII/ptolemy/actor/lib/hoc/test/auto/CatchUpComposite3.xml (RunModel)" time="0.037" />
  <testcase classname="ptolemy.util.test.junit.AutoTests" name="[15] /home/travis/build/icyphy/ptII/ptolemy/actor/lib/hoc/test/auto/CatchUpComposite4.xml (RunModel)" time="0.036" />
  <testcase classname="ptolemy.util.test.junit.AutoTests" name="[16] /home/travis/build/icyphy/ptII/ptolemy/actor/lib/hoc/test/auto/CatchUpComposite5.xml (RunModel)" time="0.03" />
  <testcase classname="ptolemy.util.test.junit.AutoTests" name="[17] /home/travis/build/icyphy/ptII/ptolemy/actor/lib/hoc/test/auto/CatchUpComposite6.xml (RunModel)" time="0.184" />
  <testcase classname="ptolemy.util.test.junit.AutoTests" name="[18] /home/travis/build/icyphy/ptII/ptolemy/actor/lib/hoc/test/auto/CatchUpComposite7.xml (RunModel)" time="0.101" />
  <testcase classname="ptolemy.util.test.junit.AutoTests" name="[19] /home/travis/build/icyphy/ptII/ptolemy/actor/lib/hoc/test/auto/ConcurrentExecutionTimeSDF.xml (RunModel)" time="0.68" />
  <testcase classname="ptolemy.util.test.junit.AutoTests" name="[20] /home/travis/build/icyphy/ptII/ptolemy/actor/lib/hoc/test/auto/ConcurrentSleep.xml (RunModel)" time="0.759" />
  <testcase classname="ptolemy.util.test.junit.AutoTests" name="[21] /home/travis/build/icyphy/ptII/ptolemy/actor/lib/hoc/test/auto/DEInPNInRunCompositeActor.xml (RunModel)" time="0.039" />
  <testcase classname="ptolemy.util.test.junit.AutoTests" name="[22] /home/travis/build/icyphy/ptII/ptolemy/actor/lib/hoc/test/auto/DFTSubSetTest.xml (RunModel)" time="0.243" />
  <testcase classname="ptolemy.util.test.junit.AutoTests" name="[23] /home/travis/build/icyphy/ptII/ptolemy/actor/lib/hoc/test/auto/HocDE.xml (RunModel)" time="0.149" />
  <testcase classname="ptolemy.util.test.junit.AutoTests" name="[24] /home/travis/build/icyphy/ptII/ptolemy/actor/lib/hoc/test/auto/IterateOverArray.xml (RunModel)" time="0.03" />
  <testcase classname="ptolemy.util.test.junit.AutoTests" name="[25] /home/travis/build/icyphy/ptII/ptolemy/actor/lib/hoc/test/auto/IterateOverArray10.xml (RunModel)" time="0.014" />
  <testcase classname="ptolemy.util.test.junit.AutoTests" name="[26] /home/travis/build/icyphy/ptII/ptolemy/actor/lib/hoc/test/auto/IterateOverArray11.xml (RunModel)" time="0.02" />
  <testcase classname="ptolemy.util.test.junit.AutoTests" name="[27] /home/travis/build/icyphy/ptII/ptolemy/actor/lib/hoc/test/auto/IterateOverArray12.xml (RunModel)" time="0.041" />
  <testcase classname="ptolemy.util.test.junit.AutoTests" name="[28] /home/travis/build/icyphy/ptII/ptolemy/actor/lib/hoc/test/auto/IterateOverArray13.xml (RunModel)" time="0.117" />
  <testcase classname="ptolemy.util.test.junit.AutoTests" name="[29] /home/travis/build/icyphy/ptII/ptolemy/actor/lib/hoc/test/auto/IterateOverArray14.xml (RunModel)" time="0.117" />
  <testcase classname="ptolemy.util.test.junit.AutoTests" name="[30] /home/travis/build/icyphy/ptII/ptolemy/actor/lib/hoc/test/auto/IterateOverArray2.xml (RunModel)" time="0.025" />
  <testcase classname="ptolemy.util.test.junit.AutoTests" name="[31] /home/travis/build/icyphy/ptII/ptolemy/actor/lib/hoc/test/auto/IterateOverArray3.xml (RunModel)" time="0.037" />
  <testcase classname="ptolemy.util.test.junit.AutoTests" name="[32] /home/travis/build/icyphy/ptII/ptolemy/actor/lib/hoc/test/auto/IterateOverArray4.xml (RunModel)" time="0.015" />
  <testcase classname="ptolemy.util.test.junit.AutoTests" name="[33] /home/travis/build/icyphy/ptII/ptolemy/actor/lib/hoc/test/auto/IterateOverArray5.xml (RunModel)" time="0.016" />
  <testcase classname="ptolemy.util.test.junit.AutoTests" name="[34] /home/travis/build/icyphy/ptII/ptolemy/actor/lib/hoc/test/auto/IterateOverArray6.xml (RunModel)" time="0.014" />
  <testcase classname="ptolemy.util.test.junit.AutoTests" name="[35] /home/travis/build/icyphy/ptII/ptolemy/actor/lib/hoc/test/auto/IterateOverArray7.xml (RunModel)" time="0.021" />
  <testcase classname="ptolemy.util.test.junit.AutoTests" name="[36] /home/travis/build/icyphy/ptII/ptolemy/actor/lib/hoc/test/auto/IterateOverArray8.xml (RunModel)" time="0.017" />
  <testcase classname="ptolemy.util.test.junit.AutoTests" name="[37] /home/travis/build/icyphy/ptII/ptolemy/actor/lib/hoc/test/auto/IterateOverArray9.xml (RunModel)" time="0.02" />
  <testcase classname="ptolemy.util.test.junit.AutoTests" name="[38] /home/travis/build/icyphy/ptII/ptolemy/actor/lib/hoc/test/auto/IterateOverArrayCoercedOutputType.xml (RunModel)" time="0.038" />
  <testcase classname="ptolemy.util.test.junit.AutoTests" name="[39] /home/travis/build/icyphy/ptII/ptolemy/actor/lib/hoc/test/auto/IterateOverArrayInferredOutputType.xml (RunModel)" time="0.021" />
  <testcase classname="ptolemy.util.test.junit.AutoTests" name="[40] /home/travis/build/icyphy/ptII/ptolemy/actor/lib/hoc/test/auto/MobileFunctionTest.xml (RunModel)" time="0.021" />
  <testcase classname="ptolemy.util.test.junit.AutoTests" name="[41] /home/travis/build/icyphy/ptII/ptolemy/actor/lib/hoc/test/auto/MobileModelTest.xml (RunModel)" time="0.152" />
  <testcase classname="ptolemy.util.test.junit.AutoTests" name="[42] /home/travis/build/icyphy/ptII/ptolemy/actor/lib/hoc/test/auto/ModelReference.xml (RunModel)" time="0.05" />
  <testcase classname="ptolemy.util.test.junit.AutoTests" name="[43] /home/travis/build/icyphy/ptII/ptolemy/actor/lib/hoc/test/auto/ModelReference3.xml (RunModel)" time="0.035" />
  <testcase classname="ptolemy.util.test.junit.AutoTests" name="[44] /home/travis/build/icyphy/ptII/ptolemy/actor/lib/hoc/test/auto/ModelReference4.xml (RunModel)" time="10.024" />
  <testcase classname="ptolemy.util.test.junit.AutoTests" name="[45] /home/travis/build/icyphy/ptII/ptolemy/actor/lib/hoc/test/auto/MultiInstanceComposite.xml (RunModel)" time="0.054" />
  <testcase classname="ptolemy.util.test.junit.AutoTests" name="[46] /home/travis/build/icyphy/ptII/ptolemy/actor/lib/hoc/test/auto/MultiInstanceComposite2.xml (RunModel)" time="0.035" />
  <testcase classname="ptolemy.util.test.junit.AutoTests" name="[47] /home/travis/build/icyphy/ptII/ptolemy/actor/lib/hoc/test/auto/MulticoreExecution.xml (RunModel)" time="1.077" />
  <testcase classname="ptolemy.util.test.junit.AutoTests" name="[48] /home/travis/build/icyphy/ptII/ptolemy/actor/lib/hoc/test/auto/ParallelExecution.xml (RunModel)" time="0.944" />
  <testcase classname="ptolemy.util.test.junit.AutoTests" name="[49] /home/travis/build/icyphy/ptII/ptolemy/actor/lib/hoc/test/auto/RunCompositeActor.xml (RunModel)" time="0.027" />
  <testcase classname="ptolemy.util.test.junit.AutoTests" name="[50] /home/travis/build/icyphy/ptII/ptolemy/actor/lib/hoc/test/auto/RunCompositeActor2.xml (RunModel)" time="0.022" />
  <testcase classname="ptolemy.util.test.junit.AutoTests" name="[51] /home/travis/build/icyphy/ptII/ptolemy/actor/lib/hoc/test/auto/RunCompositeActor3.xml (RunModel)" time="0.015" />
  <testcase classname="ptolemy.util.test.junit.AutoTests" name="[52] /home/travis/build/icyphy/ptII/ptolemy/actor/lib/hoc/test/auto/RunCompositeActor4.xml (RunModel)" time="0.02" />
  <testcase classname="ptolemy.util.test.junit.AutoTests" name="[53] /home/travis/build/icyphy/ptII/ptolemy/actor/lib/hoc/test/auto/RunCompositeIterateOverArray.xml (RunModel)" time="0.038" />
  <testcase classname="ptolemy.util.test.junit.AutoTests" name="[54] /home/travis/build/icyphy/ptII/ptolemy/actor/lib/hoc/test/auto/ThreadedJS.xml (RunModel)" time="10.105" />
  <system-out><![CDATA[/home/travis/build/icyphy/ptII/ptolemy/actor/lib/hoc/test/IterateOverArray.tcl
testDefs.tcl: setting time out to 9000 seconds at Wed Jan 01 06:37:04 UTC 2020
01/01/20 06:37:04
Failed: 0  Total Tests: 2  ((Passed: 2, Newly Passed: 0)  Known Failed: 0) /home/travis/build/icyphy/ptII/ptolemy/actor/lib/hoc/test
----------------- testing (KnownFailure) /home/travis/build/icyphy/ptII/ptolemy/actor/lib/hoc/test/auto/knownFailedTests/PreinitializeMustBeInvokedRunComposite.xml
85 ms. Memory: 129024K Free: 88008K (68%)
Known Failure: java.lang.reflect.InvocationTargetException
No auto/linux-amd64/*.xml tests in /home/travis/build/icyphy/ptII/ptolemy/actor/lib/hoc/test
AutoTests.java: About to close Vertx.
AutoTests.java: Vertx closed.

===========================================================================================
----------------- testing Wed Jan 01 06:37:05 UTC 2020 /home/travis/build/icyphy/ptII/ptolemy/actor/lib/hoc/test/auto/AllToAllMultiInstanceComposite.xml
----------------- Instantiating /home/travis/build/icyphy/ptII/ptolemy/actor/lib/hoc/test/auto/AllToAllMultiInstanceComposite.xml
206 ms. Memory: 129024K Free: 103138K (80%)
----------------- Invoking toplevel() on ptolemy.moml.MoMLSimpleApplication@768e911c
----------------- Done invoking toplevel() on ptolemy.moml.MoMLSimpleApplication@768e911c
reloadAllAccessors: .AllToAllMultiInstanceComposite

===========================================================================================
----------------- testing Wed Jan 01 06:37:06 UTC 2020 /home/travis/build/icyphy/ptII/ptolemy/actor/lib/hoc/test/auto/ApplyFFTTest.xml
----------------- Instantiating /home/travis/build/icyphy/ptII/ptolemy/actor/lib/hoc/test/auto/ApplyFFTTest.xml
79 ms. Memory: 129024K Free: 85006K (66%)
----------------- Invoking toplevel() on ptolemy.moml.MoMLSimpleApplication@46f631c8
----------------- Done invoking toplevel() on ptolemy.moml.MoMLSimpleApplication@46f631c8
reloadAllAccessors: .ApplyFFTTest

===========================================================================================
----------------- testing Wed Jan 01 06:37:06 UTC 2020 /home/travis/build/icyphy/ptII/ptolemy/actor/lib/hoc/test/auto/ApplyFunction.xml
----------------- Instantiating /home/travis/build/icyphy/ptII/ptolemy/actor/lib/hoc/test/auto/ApplyFunction.xml
4 ms. Memory: 129024K Free: 81934K (64%)
----------------- Invoking toplevel() on ptolemy.moml.MoMLSimpleApplication@30ef25c1
----------------- Done invoking toplevel() on ptolemy.moml.MoMLSimpleApplication@30ef25c1
reloadAllAccessors: .ApplyFunction

===========================================================================================
----------------- testing Wed Jan 01 06:37:06 UTC 2020 /home/travis/build/icyphy/ptII/ptolemy/actor/lib/hoc/test/auto/BackgroundExecution.xml
----------------- Instantiating /home/travis/build/icyphy/ptII/ptolemy/actor/lib/hoc/test/auto/BackgroundExecution.xml
619 ms. Memory: 129024K Free: 74045K (57%)
----------------- Invoking toplevel() on ptolemy.moml.MoMLSimpleApplication@4ed8fe38
----------------- Done invoking toplevel() on ptolemy.moml.MoMLSimpleApplication@4ed8fe38
reloadAllAccessors: .BackgroundExecution

===========================================================================================
----------------- testing Wed Jan 01 06:37:07 UTC 2020 /home/travis/build/icyphy/ptII/ptolemy/actor/lib/hoc/test/auto/Case.xml
----------------- Instantiating /home/travis/build/icyphy/ptII/ptolemy/actor/lib/hoc/test/auto/Case.xml
18 ms. Memory: 129024K Free: 110101K (85%)
----------------- Invoking toplevel() on ptolemy.moml.MoMLSimpleApplication@64bfb8db
----------------- Done invoking toplevel() on ptolemy.moml.MoMLSimpleApplication@64bfb8db
reloadAllAccessors: .Case

===========================================================================================
----------------- testing Wed Jan 01 06:37:07 UTC 2020 /home/travis/build/icyphy/ptII/ptolemy/actor/lib/hoc/test/auto/Case1.xml
----------------- Instantiating /home/travis/build/icyphy/ptII/ptolemy/actor/lib/hoc/test/auto/Case1.xml
19 ms. Memory: 129024K Free: 103226K (80%)
----------------- Invoking toplevel() on ptolemy.moml.MoMLSimpleApplication@290313de
----------------- Done invoking toplevel() on ptolemy.moml.MoMLSimpleApplication@290313de
reloadAllAccessors: .Case1

===========================================================================================
----------------- testing Wed Jan 01 06:37:07 UTC 2020 /home/travis/build/icyphy/ptII/ptolemy/actor/lib/hoc/test/auto/Case2.xml
----------------- Instantiating /home/travis/build/icyphy/ptII/ptolemy/actor/lib/hoc/test/auto/Case2.xml
25 ms. Memory: 129024K Free: 93032K (72%)
----------------- Invoking toplevel() on ptolemy.moml.MoMLSimpleApplication@624c6973
----------------- Done invoking toplevel() on ptolemy.moml.MoMLSimpleApplication@624c6973
reloadAllAccessors: .Case2

===========================================================================================
----------------- testing Wed Jan 01 06:37:07 UTC 2020 /home/travis/build/icyphy/ptII/ptolemy/actor/lib/hoc/test/auto/Case3.xml
----------------- Instantiating /home/travis/build/icyphy/ptII/ptolemy/actor/lib/hoc/test/auto/Case3.xml
10 ms. Memory: 129024K Free: 86549K (67%)
----------------- Invoking toplevel() on ptolemy.moml.MoMLSimpleApplication@6ebad9b7
----------------- Done invoking toplevel() on ptolemy.moml.MoMLSimpleApplication@6ebad9b7
reloadAllAccessors: .Case3

===========================================================================================
----------------- testing Wed Jan 01 06:37:07 UTC 2020 /home/travis/build/icyphy/ptII/ptolemy/actor/lib/hoc/test/auto/Case4.xml
----------------- Instantiating /home/travis/build/icyphy/ptII/ptolemy/actor/lib/hoc/test/auto/Case4.xml
16 ms. Memory: 129024K Free: 79008K (61%)
----------------- Invoking toplevel() on ptolemy.moml.MoMLSimpleApplication@64cd186
----------------- Done invoking toplevel() on ptolemy.moml.MoMLSimpleApplication@64cd186
reloadAllAccessors: .Case4

===========================================================================================
----------------- testing Wed Jan 01 06:37:07 UTC 2020 /home/travis/build/icyphy/ptII/ptolemy/actor/lib/hoc/test/auto/Case5.xml
----------------- Instantiating /home/travis/build/icyphy/ptII/ptolemy/actor/lib/hoc/test/auto/Case5.xml
20 ms. Memory: 129024K Free: 72213K (56%)
----------------- Invoking toplevel() on ptolemy.moml.MoMLSimpleApplication@7f70a5e
----------------- Done invoking toplevel() on ptolemy.moml.MoMLSimpleApplication@7f70a5e
reloadAllAccessors: .junk

===========================================================================================
----------------- testing Wed Jan 01 06:37:07 UTC 2020 /home/travis/build/icyphy/ptII/ptolemy/actor/lib/hoc/test/auto/Case6.xml
----------------- Instantiating /home/travis/build/icyphy/ptII/ptolemy/actor/lib/hoc/test/auto/Case6.xml
33 ms. Memory: 129024K Free: 110425K (86%)
----------------- Invoking toplevel() on ptolemy.moml.MoMLSimpleApplication@48d218ca
----------------- Done invoking toplevel() on ptolemy.moml.MoMLSimpleApplication@48d218ca
reloadAllAccessors: .Case6

===========================================================================================
----------------- testing Wed Jan 01 06:37:07 UTC 2020 /home/travis/build/icyphy/ptII/ptolemy/actor/lib/hoc/test/auto/CaseString2.xml
----------------- Instantiating /home/travis/build/icyphy/ptII/ptolemy/actor/lib/hoc/test/auto/CaseString2.xml
9 ms. Memory: 129024K Free: 102788K (80%)
----------------- Invoking toplevel() on ptolemy.moml.MoMLSimpleApplication@71b0357f
----------------- Done invoking toplevel() on ptolemy.moml.MoMLSimpleApplication@71b0357f
reloadAllAccessors: .CaseString2

===========================================================================================
----------------- testing Wed Jan 01 06:37:07 UTC 2020 /home/travis/build/icyphy/ptII/ptolemy/actor/lib/hoc/test/auto/CatchUpComposite1.xml
----------------- Instantiating /home/travis/build/icyphy/ptII/ptolemy/actor/lib/hoc/test/auto/CatchUpComposite1.xml
18 ms. Memory: 129024K Free: 93618K (73%)
----------------- Invoking toplevel() on ptolemy.moml.MoMLSimpleApplication@7333510c
----------------- Done invoking toplevel() on ptolemy.moml.MoMLSimpleApplication@7333510c
reloadAllAccessors: .CatchUpComposite1

===========================================================================================
----------------- testing Wed Jan 01 06:37:07 UTC 2020 /home/travis/build/icyphy/ptII/ptolemy/actor/lib/hoc/test/auto/CatchUpComposite2.xml
----------------- Instantiating /home/travis/build/icyphy/ptII/ptolemy/actor/lib/hoc/test/auto/CatchUpComposite2.xml
8 ms. Memory: 129024K Free: 85250K (66%)
----------------- Invoking toplevel() on ptolemy.moml.MoMLSimpleApplication@262ccb44
----------------- Done invoking toplevel() on ptolemy.moml.MoMLSimpleApplication@262ccb44
reloadAllAccessors: .CatchUpComposite2

===========================================================================================
----------------- testing Wed Jan 01 06:37:07 UTC 2020 /home/travis/build/icyphy/ptII/ptolemy/actor/lib/hoc/test/auto/CatchUpComposite3.xml
----------------- Instantiating /home/travis/build/icyphy/ptII/ptolemy/actor/lib/hoc/test/auto/CatchUpComposite3.xml
12 ms. Memory: 129024K Free: 76633K (59%)
----------------- Invoking toplevel() on ptolemy.moml.MoMLSimpleApplication@1bae6629
----------------- Done invoking toplevel() on ptolemy.moml.MoMLSimpleApplication@1bae6629
reloadAllAccessors: .CatchUpComposite3

===========================================================================================
----------------- testing Wed Jan 01 06:37:07 UTC 2020 /home/travis/build/icyphy/ptII/ptolemy/actor/lib/hoc/test/auto/CatchUpComposite4.xml
----------------- Instantiating /home/travis/build/icyphy/ptII/ptolemy/actor/lib/hoc/test/auto/CatchUpComposite4.xml
9 ms. Memory: 129024K Free: 69031K (54%)
----------------- Invoking toplevel() on ptolemy.moml.MoMLSimpleApplication@4149a5b2
----------------- Done invoking toplevel() on ptolemy.moml.MoMLSimpleApplication@4149a5b2
reloadAllAccessors: .CatchUpComposite4

===========================================================================================
----------------- testing Wed Jan 01 06:37:07 UTC 2020 /home/travis/build/icyphy/ptII/ptolemy/actor/lib/hoc/test/auto/CatchUpComposite5.xml
----------------- Instantiating /home/travis/build/icyphy/ptII/ptolemy/actor/lib/hoc/test/auto/CatchUpComposite5.xml
7 ms. Memory: 129024K Free: 61280K (47%)
----------------- Invoking toplevel() on ptolemy.moml.MoMLSimpleApplication@5dc7fe3e
----------------- Done invoking toplevel() on ptolemy.moml.MoMLSimpleApplication@5dc7fe3e
reloadAllAccessors: .CatchUpComposite5

===========================================================================================
----------------- testing Wed Jan 01 06:37:07 UTC 2020 /home/travis/build/icyphy/ptII/ptolemy/actor/lib/hoc/test/auto/CatchUpComposite6.xml
----------------- Instantiating /home/travis/build/icyphy/ptII/ptolemy/actor/lib/hoc/test/auto/CatchUpComposite6.xml
WARNING: The execution aspects in this model can influence the timing of actors by delaying the 
execution, potentially changing the behavior. There is no guarantee that actors fire at the 
time they request to be fired. 
Use Ptides for deterministic DE behavior that is not influenced by execution aspects. 

93 ms. Memory: 162816K Free: 142567K (88%)
----------------- Invoking toplevel() on ptolemy.moml.MoMLSimpleApplication@4fc630e2
----------------- Done invoking toplevel() on ptolemy.moml.MoMLSimpleApplication@4fc630e2
reloadAllAccessors: .CatchUpComposite6

===========================================================================================
----------------- testing Wed Jan 01 06:37:07 UTC 2020 /home/travis/build/icyphy/ptII/ptolemy/actor/lib/hoc/test/auto/CatchUpComposite7.xml
----------------- Instantiating /home/travis/build/icyphy/ptII/ptolemy/actor/lib/hoc/test/auto/CatchUpComposite7.xml
WARNING: The execution aspects in this model can influence the timing of actors by delaying the 
execution, potentially changing the behavior. There is no guarantee that actors fire at the 
time they request to be fired. 
Use Ptides for deterministic DE behavior that is not influenced by execution aspects. 

37 ms. Memory: 162816K Free: 128737K (79%)
----------------- Invoking toplevel() on ptolemy.moml.MoMLSimpleApplication@3735c25b
----------------- Done invoking toplevel() on ptolemy.moml.MoMLSimpleApplication@3735c25b
reloadAllAccessors: .CatchUpComposite7

===========================================================================================
----------------- testing Wed Jan 01 06:37:08 UTC 2020 /home/travis/build/icyphy/ptII/ptolemy/actor/lib/hoc/test/auto/ConcurrentExecutionTimeSDF.xml
----------------- Instantiating /home/travis/build/icyphy/ptII/ptolemy/actor/lib/hoc/test/auto/ConcurrentExecutionTimeSDF.xml
Fired ExecutionTime: 40400000
Fired ExecutionTime: 40400000
Fired ExecutionTime: 40400000
Fired ExecutionTime: 40400000
Fired ExecutionTime: 40400000
Fired ExecutionTime: 40400000
Fired ExecutionTime: 40400000
Fired ExecutionTime: 40400000
Fired ExecutionTime: 40400000
Fired ExecutionTime: 40400000
Fired ExecutionTime: 40400000
Fired ExecutionTime: 40400000
Fired ExecutionTime: 40400000
Fired ExecutionTime: 40400000
Fired ExecutionTime: 40400000
Fired ExecutionTime: 40400000
Fired ExecutionTime: 40400000
Fired ExecutionTime: 40400000
Fired ExecutionTime: 40400000
Fired ExecutionTime: 40400000
653 ms. Memory: 162816K Free: 121569K (75%)
----------------- Invoking toplevel() on ptolemy.moml.MoMLSimpleApplication@1afbc74a
----------------- Done invoking toplevel() on ptolemy.moml.MoMLSimpleApplication@1afbc74a
reloadAllAccessors: .ConcurrentExecutionTimeSDF

===========================================================================================
----------------- testing Wed Jan 01 06:37:08 UTC 2020 /home/travis/build/icyphy/ptII/ptolemy/actor/lib/hoc/test/auto/ConcurrentSleep.xml
----------------- Instantiating /home/travis/build/icyphy/ptII/ptolemy/actor/lib/hoc/test/auto/ConcurrentSleep.xml
719 ms. Memory: 162816K Free: 110823K (68%)
----------------- Invoking toplevel() on ptolemy.moml.MoMLSimpleApplication@5c6b2b26
----------------- Done invoking toplevel() on ptolemy.moml.MoMLSimpleApplication@5c6b2b26
reloadAllAccessors: .ConcurrentSleep

===========================================================================================
----------------- testing Wed Jan 01 06:37:09 UTC 2020 /home/travis/build/icyphy/ptII/ptolemy/actor/lib/hoc/test/auto/DEInPNInRunCompositeActor.xml
----------------- Instantiating /home/travis/build/icyphy/ptII/ptolemy/actor/lib/hoc/test/auto/DEInPNInRunCompositeActor.xml
7 ms. Memory: 162816K Free: 104668K (64%)
----------------- Invoking toplevel() on ptolemy.moml.MoMLSimpleApplication@f5fb8cc
----------------- Done invoking toplevel() on ptolemy.moml.MoMLSimpleApplication@f5fb8cc
reloadAllAccessors: .DEInPNInRunCompositeActor

===========================================================================================
----------------- testing Wed Jan 01 06:37:09 UTC 2020 /home/travis/build/icyphy/ptII/ptolemy/actor/lib/hoc/test/auto/DFTSubSetTest.xml
----------------- Instantiating /home/travis/build/icyphy/ptII/ptolemy/actor/lib/hoc/test/auto/DFTSubSetTest.xml
162 ms. Memory: 162816K Free: 136690K (84%)
----------------- Invoking toplevel() on ptolemy.moml.MoMLSimpleApplication@403c2262
----------------- Done invoking toplevel() on ptolemy.moml.MoMLSimpleApplication@403c2262
reloadAllAccessors: .DFTSubSetTest

===========================================================================================
----------------- testing Wed Jan 01 06:37:09 UTC 2020 /home/travis/build/icyphy/ptII/ptolemy/actor/lib/hoc/test/auto/HocDE.xml
----------------- Instantiating /home/travis/build/icyphy/ptII/ptolemy/actor/lib/hoc/test/auto/HocDE.xml
105 ms. Memory: 162816K Free: 111567K (69%)
----------------- Invoking toplevel() on ptolemy.moml.MoMLSimpleApplication@4aa8588e
----------------- Done invoking toplevel() on ptolemy.moml.MoMLSimpleApplication@4aa8588e
reloadAllAccessors: .HocDE

===========================================================================================
----------------- testing Wed Jan 01 06:37:09 UTC 2020 /home/travis/build/icyphy/ptII/ptolemy/actor/lib/hoc/test/auto/IterateOverArray.xml
----------------- Instantiating /home/travis/build/icyphy/ptII/ptolemy/actor/lib/hoc/test/auto/IterateOverArray.xml
4 ms. Memory: 162816K Free: 106961K (66%)
----------------- Invoking toplevel() on ptolemy.moml.MoMLSimpleApplication@124d89e4
----------------- Done invoking toplevel() on ptolemy.moml.MoMLSimpleApplication@124d89e4
reloadAllAccessors: .IterateOverArray

===========================================================================================
----------------- testing Wed Jan 01 06:37:09 UTC 2020 /home/travis/build/icyphy/ptII/ptolemy/actor/lib/hoc/test/auto/IterateOverArray10.xml
----------------- Instantiating /home/travis/build/icyphy/ptII/ptolemy/actor/lib/hoc/test/auto/IterateOverArray10.xml
3 ms. Memory: 162816K Free: 103889K (64%)
----------------- Invoking toplevel() on ptolemy.moml.MoMLSimpleApplication@2d0a2b1d
----------------- Done invoking toplevel() on ptolemy.moml.MoMLSimpleApplication@2d0a2b1d
reloadAllAccessors: .IterateOverArray10

===========================================================================================
----------------- testing Wed Jan 01 06:37:09 UTC 2020 /home/travis/build/icyphy/ptII/ptolemy/actor/lib/hoc/test/auto/IterateOverArray11.xml
----------------- Instantiating /home/travis/build/icyphy/ptII/ptolemy/actor/lib/hoc/test/auto/IterateOverArray11.xml
5 ms. Memory: 162816K Free: 99793K (61%)
----------------- Invoking toplevel() on ptolemy.moml.MoMLSimpleApplication@7cab25dd
----------------- Done invoking toplevel() on ptolemy.moml.MoMLSimpleApplication@7cab25dd
reloadAllAccessors: .IterateOverArray11

===========================================================================================
----------------- testing Wed Jan 01 06:37:10 UTC 2020 /home/travis/build/icyphy/ptII/ptolemy/actor/lib/hoc/test/auto/IterateOverArray12.xml
----------------- Instantiating /home/travis/build/icyphy/ptII/ptolemy/actor/lib/hoc/test/auto/IterateOverArray12.xml
16 ms. Memory: 162816K Free: 93649K (58%)
----------------- Invoking toplevel() on ptolemy.moml.MoMLSimpleApplication@459d7bba
----------------- Done invoking toplevel() on ptolemy.moml.MoMLSimpleApplication@459d7bba
reloadAllAccessors: .IterateOverArray12

===========================================================================================
----------------- testing Wed Jan 01 06:37:10 UTC 2020 /home/travis/build/icyphy/ptII/ptolemy/actor/lib/hoc/test/auto/IterateOverArray13.xml
----------------- Instantiating /home/travis/build/icyphy/ptII/ptolemy/actor/lib/hoc/test/auto/IterateOverArray13.xml
60 ms. Memory: 162816K Free: 68559K (42%)
----------------- Invoking toplevel() on ptolemy.moml.MoMLSimpleApplication@6ab79b0a
----------------- Done invoking toplevel() on ptolemy.moml.MoMLSimpleApplication@6ab79b0a
reloadAllAccessors: .IterateOverArray13

===========================================================================================
----------------- testing Wed Jan 01 06:37:10 UTC 2020 /home/travis/build/icyphy/ptII/ptolemy/actor/lib/hoc/test/auto/IterateOverArray14.xml
----------------- Instantiating /home/travis/build/icyphy/ptII/ptolemy/actor/lib/hoc/test/auto/IterateOverArray14.xml
41 ms. Memory: 162816K Free: 122575K (75%)
----------------- Invoking toplevel() on ptolemy.moml.MoMLSimpleApplication@3f3d9a55
----------------- Done invoking toplevel() on ptolemy.moml.MoMLSimpleApplication@3f3d9a55
reloadAllAccessors: .IterateOverArray14

===========================================================================================
----------------- testing Wed Jan 01 06:37:10 UTC 2020 /home/travis/build/icyphy/ptII/ptolemy/actor/lib/hoc/test/auto/IterateOverArray2.xml
----------------- Instantiating /home/travis/build/icyphy/ptII/ptolemy/actor/lib/hoc/test/auto/IterateOverArray2.xml
7 ms. Memory: 162816K Free: 117969K (72%)
----------------- Invoking toplevel() on ptolemy.moml.MoMLSimpleApplication@5dceaf1d
----------------- Done invoking toplevel() on ptolemy.moml.MoMLSimpleApplication@5dceaf1d
reloadAllAccessors: .IterateOverArray2

===========================================================================================
----------------- testing Wed Jan 01 06:37:10 UTC 2020 /home/travis/build/icyphy/ptII/ptolemy/actor/lib/hoc/test/auto/IterateOverArray3.xml
----------------- Instantiating /home/travis/build/icyphy/ptII/ptolemy/actor/lib/hoc/test/auto/IterateOverArray3.xml
14 ms. Memory: 162816K Free: 111825K (69%)
----------------- Invoking toplevel() on ptolemy.moml.MoMLSimpleApplication@1e7558
----------------- Done invoking toplevel() on ptolemy.moml.MoMLSimpleApplication@1e7558
reloadAllAccessors: .IterateOverArray3

===========================================================================================
----------------- testing Wed Jan 01 06:37:10 UTC 2020 /home/travis/build/icyphy/ptII/ptolemy/actor/lib/hoc/test/auto/IterateOverArray4.xml
----------------- Instantiating /home/travis/build/icyphy/ptII/ptolemy/actor/lib/hoc/test/auto/IterateOverArray4.xml
3 ms. Memory: 162816K Free: 107729K (66%)
----------------- Invoking toplevel() on ptolemy.moml.MoMLSimpleApplication@6fd670fd
----------------- Done invoking toplevel() on ptolemy.moml.MoMLSimpleApplication@6fd670fd
reloadAllAccessors: .IterateOverArray4

===========================================================================================
----------------- testing Wed Jan 01 06:37:10 UTC 2020 /home/travis/build/icyphy/ptII/ptolemy/actor/lib/hoc/test/auto/IterateOverArray5.xml
----------------- Instantiating /home/travis/build/icyphy/ptII/ptolemy/actor/lib/hoc/test/auto/IterateOverArray5.xml
2 ms. Memory: 162816K Free: 103633K (64%)
----------------- Invoking toplevel() on ptolemy.moml.MoMLSimpleApplication@156bb4ea
----------------- Done invoking toplevel() on ptolemy.moml.MoMLSimpleApplication@156bb4ea
reloadAllAccessors: .IterateOverArray5

===========================================================================================
----------------- testing Wed Jan 01 06:37:10 UTC 2020 /home/travis/build/icyphy/ptII/ptolemy/actor/lib/hoc/test/auto/IterateOverArray6.xml
----------------- Instantiating /home/travis/build/icyphy/ptII/ptolemy/actor/lib/hoc/test/auto/IterateOverArray6.xml
1 ms. Memory: 162816K Free: 100047K (61%)
----------------- Invoking toplevel() on ptolemy.moml.MoMLSimpleApplication@26fdcf67
----------------- Done invoking toplevel() on ptolemy.moml.MoMLSimpleApplication@26fdcf67
reloadAllAccessors: .IterateOverArray6

===========================================================================================
----------------- testing Wed Jan 01 06:37:10 UTC 2020 /home/travis/build/icyphy/ptII/ptolemy/actor/lib/hoc/test/auto/IterateOverArray7.xml
----------------- Instantiating /home/travis/build/icyphy/ptII/ptolemy/actor/lib/hoc/test/auto/IterateOverArray7.xml
3 ms. Memory: 162816K Free: 94927K (58%)
----------------- Invoking toplevel() on ptolemy.moml.MoMLSimpleApplication@314b5d7a
----------------- Done invoking toplevel() on ptolemy.moml.MoMLSimpleApplication@314b5d7a
reloadAllAccessors: .IterateOverArray7

===========================================================================================
----------------- testing Wed Jan 01 06:37:10 UTC 2020 /home/travis/build/icyphy/ptII/ptolemy/actor/lib/hoc/test/auto/IterateOverArray8.xml
----------------- Instantiating /home/travis/build/icyphy/ptII/ptolemy/actor/lib/hoc/test/auto/IterateOverArray8.xml
3 ms. Memory: 162816K Free: 90831K (56%)
----------------- Invoking toplevel() on ptolemy.moml.MoMLSimpleApplication@5e0be42b
----------------- Done invoking toplevel() on ptolemy.moml.MoMLSimpleApplication@5e0be42b
reloadAllAccessors: .IterateOverArray8

===========================================================================================
----------------- testing Wed Jan 01 06:37:10 UTC 2020 /home/travis/build/icyphy/ptII/ptolemy/actor/lib/hoc/test/auto/IterateOverArray9.xml
----------------- Instantiating /home/travis/build/icyphy/ptII/ptolemy/actor/lib/hoc/test/auto/IterateOverArray9.xml
5 ms. Memory: 162816K Free: 86735K (53%)
----------------- Invoking toplevel() on ptolemy.moml.MoMLSimpleApplication@148bc0c7
----------------- Done invoking toplevel() on ptolemy.moml.MoMLSimpleApplication@148bc0c7
reloadAllAccessors: .IterateOverArray9

===========================================================================================
----------------- testing Wed Jan 01 06:37:10 UTC 2020 /home/travis/build/icyphy/ptII/ptolemy/actor/lib/hoc/test/auto/IterateOverArrayCoercedOutputType.xml
----------------- Instantiating /home/travis/build/icyphy/ptII/ptolemy/actor/lib/hoc/test/auto/IterateOverArrayCoercedOutputType.xml
10 ms. Memory: 162816K Free: 81615K (50%)
----------------- Invoking toplevel() on ptolemy.moml.MoMLSimpleApplication@6c3307e2
----------------- Done invoking toplevel() on ptolemy.moml.MoMLSimpleApplication@6c3307e2
reloadAllAccessors: .IterateOverArrayCoercedOutputType

===========================================================================================
----------------- testing Wed Jan 01 06:37:10 UTC 2020 /home/travis/build/icyphy/ptII/ptolemy/actor/lib/hoc/test/auto/IterateOverArrayInferredOutputType.xml
----------------- Instantiating /home/travis/build/icyphy/ptII/ptolemy/actor/lib/hoc/test/auto/IterateOverArrayInferredOutputType.xml
6 ms. Memory: 162816K Free: 77009K (47%)
----------------- Invoking toplevel() on ptolemy.moml.MoMLSimpleApplication@409c6e24
----------------- Done invoking toplevel() on ptolemy.moml.MoMLSimpleApplication@409c6e24
reloadAllAccessors: .IterateOverArrayInferredOutputType

===========================================================================================
----------------- testing Wed Jan 01 06:37:10 UTC 2020 /home/travis/build/icyphy/ptII/ptolemy/actor/lib/hoc/test/auto/MobileFunctionTest.xml
----------------- Instantiating /home/travis/build/icyphy/ptII/ptolemy/actor/lib/hoc/test/auto/MobileFunctionTest.xml
2 ms. Memory: 162816K Free: 72369K (44%)
----------------- Invoking toplevel() on ptolemy.moml.MoMLSimpleApplication@799dfe55
----------------- Done invoking toplevel() on ptolemy.moml.MoMLSimpleApplication@799dfe55
reloadAllAccessors: .MobileFunctionTest

===========================================================================================
----------------- testing Wed Jan 01 06:37:10 UTC 2020 /home/travis/build/icyphy/ptII/ptolemy/actor/lib/hoc/test/auto/MobileModelTest.xml
----------------- Instantiating /home/travis/build/icyphy/ptII/ptolemy/actor/lib/hoc/test/auto/MobileModelTest.xml
130 ms. Memory: 162816K Free: 146102K (90%)
----------------- Invoking toplevel() on ptolemy.moml.MoMLSimpleApplication@6bcce8e4
----------------- Done invoking toplevel() on ptolemy.moml.MoMLSimpleApplication@6bcce8e4
reloadAllAccessors: .MobileModelTest

===========================================================================================
----------------- testing Wed Jan 01 06:37:10 UTC 2020 /home/travis/build/icyphy/ptII/ptolemy/actor/lib/hoc/test/auto/ModelReference.xml
----------------- Instantiating /home/travis/build/icyphy/ptII/ptolemy/actor/lib/hoc/test/auto/ModelReference.xml
3 ms. Memory: 162816K Free: 139241K (86%)
3 ms. Memory: 162816K Free: 138762K (85%)
1 ms. Memory: 162816K Free: 137760K (85%)
1 ms. Memory: 162816K Free: 136720K (84%)
1 ms. Memory: 162816K Free: 136169K (84%)
2 ms. Memory: 162816K Free: 135145K (83%)
1 ms. Memory: 162816K Free: 134674K (83%)
1 ms. Memory: 162816K Free: 133664K (82%)
4 ms. Memory: 162816K Free: 132634K (81%)
1 ms. Memory: 162816K Free: 132089K (81%)
28 ms. Memory: 162816K Free: 132089K (81%)
----------------- Invoking toplevel() on ptolemy.moml.MoMLSimpleApplication@7e23e28a
----------------- Done invoking toplevel() on ptolemy.moml.MoMLSimpleApplication@7e23e28a
reloadAllAccessors: .ModelReference

===========================================================================================
----------------- testing Wed Jan 01 06:37:10 UTC 2020 /home/travis/build/icyphy/ptII/ptolemy/actor/lib/hoc/test/auto/ModelReference3.xml
----------------- Instantiating /home/travis/build/icyphy/ptII/ptolemy/actor/lib/hoc/test/auto/ModelReference3.xml
1 ms. Memory: 162816K Free: 126983K (78%)
3 ms. Memory: 162816K Free: 126442K (78%)
1 ms. Memory: 162816K Free: 125458K (77%)
2 ms. Memory: 162816K Free: 124921K (77%)
1 ms. Memory: 162816K Free: 123889K (76%)
2 ms. Memory: 162816K Free: 122873K (75%)
2 ms. Memory: 162816K Free: 122394K (75%)
1 ms. Memory: 162816K Free: 121362K (75%)
1 ms. Memory: 162816K Free: 120825K (74%)
1 ms. Memory: 162816K Free: 119793K (74%)
25 ms. Memory: 162816K Free: 119793K (74%)
----------------- Invoking toplevel() on ptolemy.moml.MoMLSimpleApplication@54f86fe6
----------------- Done invoking toplevel() on ptolemy.moml.MoMLSimpleApplication@54f86fe6
reloadAllAccessors: .ModelReference3

===========================================================================================
----------------- testing Wed Jan 01 06:37:10 UTC 2020 /home/travis/build/icyphy/ptII/ptolemy/actor/lib/hoc/test/auto/ModelReference4.xml
----------------- Instantiating /home/travis/build/icyphy/ptII/ptolemy/actor/lib/hoc/test/auto/ModelReference4.xml
2 ms. Memory: 162816K Free: 115226K (71%)
4 ms. Memory: 162816K Free: 113641K (70%)
2 ms. Memory: 162816K Free: 112633K (69%)
5 ms. Memory: 162816K Free: 111090K (68%)
2 ms. Memory: 162816K Free: 110128K (68%)
2 ms. Memory: 162816K Free: 109058K (67%)
2 ms. Memory: 162816K Free: 107527K (66%)
3 ms. Memory: 162816K Free: 106473K (65%)
2 ms. Memory: 162816K Free: 104992K (64%)
2 ms. Memory: 162816K Free: 103922K (64%)
10016 ms. Memory: 162816K Free: 103922K (64%)
----------------- Invoking toplevel() on ptolemy.moml.MoMLSimpleApplication@6573aa6c
----------------- Done invoking toplevel() on ptolemy.moml.MoMLSimpleApplication@6573aa6c
reloadAllAccessors: .ModelReference4

===========================================================================================
----------------- testing Wed Jan 01 06:37:20 UTC 2020 /home/travis/build/icyphy/ptII/ptolemy/actor/lib/hoc/test/auto/MultiInstanceComposite.xml
----------------- Instantiating /home/travis/build/icyphy/ptII/ptolemy/actor/lib/hoc/test/auto/MultiInstanceComposite.xml
28 ms. Memory: 162816K Free: 84999K (52%)
----------------- Invoking toplevel() on ptolemy.moml.MoMLSimpleApplication@5d0ec394
----------------- Done invoking toplevel() on ptolemy.moml.MoMLSimpleApplication@5d0ec394
reloadAllAccessors: .MultiInstanceComposite

===========================================================================================
----------------- testing Wed Jan 01 06:37:20 UTC 2020 /home/travis/build/icyphy/ptII/ptolemy/actor/lib/hoc/test/auto/MultiInstanceComposite2.xml
----------------- Instantiating /home/travis/build/icyphy/ptII/ptolemy/actor/lib/hoc/test/auto/MultiInstanceComposite2.xml
20 ms. Memory: 162816K Free: 73721K (45%)
----------------- Invoking toplevel() on ptolemy.moml.MoMLSimpleApplication@2aec191c
----------------- Done invoking toplevel() on ptolemy.moml.MoMLSimpleApplication@2aec191c
reloadAllAccessors: .MultiInstanceComposite2

===========================================================================================
----------------- testing Wed Jan 01 06:37:20 UTC 2020 /home/travis/build/icyphy/ptII/ptolemy/actor/lib/hoc/test/auto/MulticoreExecution.xml
----------------- Instantiating /home/travis/build/icyphy/ptII/ptolemy/actor/lib/hoc/test/auto/MulticoreExecution.xml
Fired ExecutionTime: 2800000
Fired ExecutionTime: 4000000
Fired ExecutionTime: 2400000
Fired ExecutionTime: 2400000
Fired ExecutionTime: 109600000
Fired ExecutionTime: 99200000
Fired ExecutionTime: 108400000
Fired ExecutionTime: 109600000
Fired ExecutionTime: 112000000
Fired ExecutionTime: 112400000
Fired ExecutionTime: 112800000
Fired ExecutionTime: 112400000
Fired ExecutionTime: 108400000
Fired ExecutionTime: 114000000
Fired ExecutionTime: 109200000
Fired ExecutionTime: 109600000
Fired ExecutionTime: 83200000
Fired ExecutionTime: 110400000
Fired ExecutionTime: 109200000
Fired ExecutionTime: 109200000
1061 ms. Memory: 162816K Free: 64992K (40%)
----------------- Invoking toplevel() on ptolemy.moml.MoMLSimpleApplication@1dbab9b3
----------------- Done invoking toplevel() on ptolemy.moml.MoMLSimpleApplication@1dbab9b3
reloadAllAccessors: .MulticoreExecution

===========================================================================================
----------------- testing Wed Jan 01 06:37:21 UTC 2020 /home/travis/build/icyphy/ptII/ptolemy/actor/lib/hoc/test/auto/ParallelExecution.xml
----------------- Instantiating /home/travis/build/icyphy/ptII/ptolemy/actor/lib/hoc/test/auto/ParallelExecution.xml
912 ms. Memory: 162816K Free: 57824K (36%)
----------------- Invoking toplevel() on ptolemy.moml.MoMLSimpleApplication@34739475
----------------- Done invoking toplevel() on ptolemy.moml.MoMLSimpleApplication@34739475
reloadAllAccessors: .ParallelExecution

===========================================================================================
----------------- testing Wed Jan 01 06:37:22 UTC 2020 /home/travis/build/icyphy/ptII/ptolemy/actor/lib/hoc/test/auto/RunCompositeActor.xml
----------------- Instantiating /home/travis/build/icyphy/ptII/ptolemy/actor/lib/hoc/test/auto/RunCompositeActor.xml
14 ms. Memory: 162816K Free: 145307K (89%)
----------------- Invoking toplevel() on ptolemy.moml.MoMLSimpleApplication@3f2abed9
----------------- Done invoking toplevel() on ptolemy.moml.MoMLSimpleApplication@3f2abed9
reloadAllAccessors: .RunCompositeActor

===========================================================================================
----------------- testing Wed Jan 01 06:37:22 UTC 2020 /home/travis/build/icyphy/ptII/ptolemy/actor/lib/hoc/test/auto/RunCompositeActor2.xml
----------------- Instantiating /home/travis/build/icyphy/ptII/ptolemy/actor/lib/hoc/test/auto/RunCompositeActor2.xml
6 ms. Memory: 162816K Free: 139160K (85%)
----------------- Invoking toplevel() on ptolemy.moml.MoMLSimpleApplication@4133c0b8
----------------- Done invoking toplevel() on ptolemy.moml.MoMLSimpleApplication@4133c0b8
reloadAllAccessors: .RunCompositeActor2

===========================================================================================
----------------- testing Wed Jan 01 06:37:22 UTC 2020 /home/travis/build/icyphy/ptII/ptolemy/actor/lib/hoc/test/auto/RunCompositeActor3.xml
----------------- Instantiating /home/travis/build/icyphy/ptII/ptolemy/actor/lib/hoc/test/auto/RunCompositeActor3.xml
3 ms. Memory: 162816K Free: 133519K (82%)
----------------- Invoking toplevel() on ptolemy.moml.MoMLSimpleApplication@78238694
----------------- Done invoking toplevel() on ptolemy.moml.MoMLSimpleApplication@78238694
reloadAllAccessors: .RunCompositeActor3

===========================================================================================
----------------- testing Wed Jan 01 06:37:23 UTC 2020 /home/travis/build/icyphy/ptII/ptolemy/actor/lib/hoc/test/auto/RunCompositeActor4.xml
----------------- Instantiating /home/travis/build/icyphy/ptII/ptolemy/actor/lib/hoc/test/auto/RunCompositeActor4.xml
10 ms. Memory: 162816K Free: 125319K (77%)
----------------- Invoking toplevel() on ptolemy.moml.MoMLSimpleApplication@7cf3e204
----------------- Done invoking toplevel() on ptolemy.moml.MoMLSimpleApplication@7cf3e204
reloadAllAccessors: .RunCompositeActor4

===========================================================================================
----------------- testing Wed Jan 01 06:37:23 UTC 2020 /home/travis/build/icyphy/ptII/ptolemy/actor/lib/hoc/test/auto/RunCompositeIterateOverArray.xml
----------------- Instantiating /home/travis/build/icyphy/ptII/ptolemy/actor/lib/hoc/test/auto/RunCompositeIterateOverArray.xml
8 ms. Memory: 162816K Free: 119676K (74%)
----------------- Invoking toplevel() on ptolemy.moml.MoMLSimpleApplication@36a78e7a
----------------- Done invoking toplevel() on ptolemy.moml.MoMLSimpleApplication@36a78e7a
reloadAllAccessors: .RunCompositeIterateOverArray

===========================================================================================
----------------- testing Wed Jan 01 06:37:23 UTC 2020 /home/travis/build/icyphy/ptII/ptolemy/actor/lib/hoc/test/auto/ThreadedJS.xml
----------------- Instantiating /home/travis/build/icyphy/ptII/ptolemy/actor/lib/hoc/test/auto/ThreadedJS.xml
4782 ms. Memory: 235520K Free: 131641K (56%)
----------------- Invoking toplevel() on ptolemy.moml.MoMLSimpleApplication@6aceb735
----------------- Done invoking toplevel() on ptolemy.moml.MoMLSimpleApplication@6aceb735
reloadAllAccessors: .ThreadedJS
AutoTests.java: About to close Vertx.
AutoTests.java: Vertx closed.
]]></system-out>
  <system-err><![CDATA[java.lang.RuntimeException: Execution failed
	at ptolemy.moml.MoMLSimpleApplication$UnloadThread.run(MoMLSimpleApplication.java:402)
Caused by: ptolemy.kernel.util.IllegalActionException: initialize() was called after wrapup() was called but preinitialize() was not called after wrapup().
	at ptolemy.actor.lib.hoc.test.PreinitializeMustBeInvoked.initialize(PreinitializeMustBeInvoked.java:78)
	at ptolemy.actor.Director.initialize(Director.java:938)
	at ptolemy.actor.Director.initialize(Director.java:907)
	at ptolemy.actor.sched.StaticSchedulingDirector.initialize(StaticSchedulingDirector.java:159)
	at ptolemy.domains.sdf.kernel.SDFDirector.initialize(SDFDirector.java:544)
	at ptolemy.actor.CompositeActor.initialize(CompositeActor.java:935)
	at ptolemy.actor.lib.hoc.LifeCycleManager._executeInsideModel(LifeCycleManager.java:339)
	at ptolemy.actor.lib.hoc.RunCompositeActor.fire(RunCompositeActor.java:205)
	at ptolemy.actor.CompositeActor.iterate(CompositeActor.java:1146)
	at ptolemy.actor.sched.StaticSchedulingDirector.fire(StaticSchedulingDirector.java:216)
	at ptolemy.domains.sdf.kernel.SDFDirector.fire(SDFDirector.java:500)
	at ptolemy.actor.CompositeActor.fire(CompositeActor.java:455)
	at ptolemy.actor.Manager.iterate(Manager.java:851)
	at ptolemy.actor.Manager.execute(Manager.java:369)
	at ptolemy.actor.Manager.run(Manager.java:1263)
	at ptolemy.actor.Manager$PtolemyRunThread.run(Manager.java:1933)
java.lang.reflect.InvocationTargetException
	at java.base/jdk.internal.reflect.NativeConstructorAccessorImpl.newInstance0(Native Method)
	at java.base/jdk.internal.reflect.NativeConstructorAccessorImpl.newInstance(NativeConstructorAccessorImpl.java:62)
	at java.base/jdk.internal.reflect.DelegatingConstructorAccessorImpl.newInstance(DelegatingConstructorAccessorImpl.java:45)
	at java.base/java.lang.reflect.Constructor.newInstance(Constructor.java:490)
	at ptolemy.util.test.junit.AutoKnownFailedTests.RunModel(AutoKnownFailedTests.java:105)
	at java.base/jdk.internal.reflect.NativeMethodAccessorImpl.invoke0(Native Method)
	at java.base/jdk.internal.reflect.NativeMethodAccessorImpl.invoke(NativeMethodAccessorImpl.java:62)
	at java.base/jdk.internal.reflect.DelegatingMethodAccessorImpl.invoke(DelegatingMethodAccessorImpl.java:43)
	at java.base/java.lang.reflect.Method.invoke(Method.java:566)
	at org.junit.runners.model.FrameworkMethod$1.runReflectiveCall(FrameworkMethod.java:44)
	at org.junit.internal.runners.model.ReflectiveCallable.run(ReflectiveCallable.java:15)
	at org.junit.runners.model.FrameworkMethod.invokeExplosively(FrameworkMethod.java:41)
	at junitparams.internal.InvokeParameterisedMethod.evaluate(InvokeParameterisedMethod.java:102)
	at org.junit.internal.runners.statements.FailOnTimeout$1.run(FailOnTimeout.java:28)
Caused by: ptolemy.kernel.util.IllegalActionException: initialize() was called after wrapup() was called but preinitialize() was not called after wrapup().
	at ptolemy.actor.lib.hoc.test.PreinitializeMustBeInvoked.initialize(PreinitializeMustBeInvoked.java:78)
	at ptolemy.actor.Director.initialize(Director.java:938)
	at ptolemy.actor.Director.initialize(Director.java:907)
	at ptolemy.actor.sched.StaticSchedulingDirector.initialize(StaticSchedulingDirector.java:159)
	at ptolemy.domains.sdf.kernel.SDFDirector.initialize(SDFDirector.java:544)
	at ptolemy.actor.CompositeActor.initialize(CompositeActor.java:935)
	at ptolemy.actor.lib.hoc.LifeCycleManager._executeInsideModel(LifeCycleManager.java:339)
	at ptolemy.actor.lib.hoc.RunCompositeActor.fire(RunCompositeActor.java:205)
	at ptolemy.actor.CompositeActor.iterate(CompositeActor.java:1146)
	at ptolemy.actor.sched.StaticSchedulingDirector.fire(StaticSchedulingDirector.java:216)
	at ptolemy.domains.sdf.kernel.SDFDirector.fire(SDFDirector.java:500)
	at ptolemy.actor.CompositeActor.fire(CompositeActor.java:455)
	at ptolemy.actor.Manager.iterate(Manager.java:851)
	at ptolemy.actor.Manager.execute(Manager.java:369)
	at ptolemy.actor.Manager.run(Manager.java:1263)
	at ptolemy.actor.Manager$PtolemyRunThread.run(Manager.java:1933)
Warning: Nashorn engine is planned to be removed from a future JDK release
Warning: Nashorn engine is planned to be removed from a future JDK release
Warning: Nashorn engine is planned to be removed from a future JDK release
Warning: Nashorn engine is planned to be removed from a future JDK release
Warning: Nashorn engine is planned to be removed from a future JDK release
Warning: Nashorn engine is planned to be removed from a future JDK release
Warning: Nashorn engine is planned to be removed from a future JDK release
Warning: Nashorn engine is planned to be removed from a future JDK release
]]></system-err>
</testsuite>
