<?xml version="1.0" encoding="UTF-8" ?>
<testsuite errors="0" failures="0" hostname="travis-job-185ec033-53a4-48de-afd4-60faceb60b8b" name="ptolemy.domains.sdf.test.junit.JUnitTclTest" skipped="0" tests="66" time="19.801" timestamp="2018-06-14T16:50:11">
  <properties>
[...]
</properties>
  <testcase classname="ptolemy.util.test.junit.TclTests" name="[0] /home/travis/build/icyphy/ptII/ptolemy/domains/sdf/test/SDFSchedulerErrors.tcl (RunTclFile)" time="0.666" />
  <testcase classname="ptolemy.util.test.junit.TclTests" name="[1] /home/travis/build/icyphy/ptII/ptolemy/domains/sdf/test/composition.tcl (RunTclFile)" time="0.163" />
  <testcase classname="ptolemy.util.test.junit.TclTests" name="[2] /home/travis/build/icyphy/ptII/ptolemy/domains/sdf/test/cycle.tcl (RunTclFile)" time="0.066" />
  <testcase classname="ptolemy.util.test.junit.AutoKnownFailedTests" name="[0] ThereAreNoKnowFailedTests (RunModel)" time="0.006" />
  <testcase classname="ptolemy.util.test.junit.AutoNameArchTests" name="[0] ThereAreNoAutoArchTests (RunModel)" time="0.002" />
  <testcase classname="ptolemy.util.test.junit.AutoTests" name="[0] /home/travis/build/icyphy/ptII/ptolemy/domains/sdf/test/auto/Array.xml (RunModel)" time="0.15" />
  <testcase classname="ptolemy.util.test.junit.AutoTests" name="[1] /home/travis/build/icyphy/ptII/ptolemy/domains/sdf/test/auto/Butterfly.xml (RunModel)" time="0.196" />
  <testcase classname="ptolemy.util.test.junit.AutoTests" name="[2] /home/travis/build/icyphy/ptII/ptolemy/domains/sdf/test/auto/Expression.xml (RunModel)" time="0.108" />
  <testcase classname="ptolemy.util.test.junit.AutoTests" name="[3] /home/travis/build/icyphy/ptII/ptolemy/domains/sdf/test/auto/Eye.xml (RunModel)" time="0.27" />
  <testcase classname="ptolemy.util.test.junit.AutoTests" name="[4] /home/travis/build/icyphy/ptII/ptolemy/domains/sdf/test/auto/FixFIR.xml (RunModel)" time="0.313" />
  <testcase classname="ptolemy.util.test.junit.AutoTests" name="[5] /home/travis/build/icyphy/ptII/ptolemy/domains/sdf/test/auto/FixPoint.xml (RunModel)" time="0.058" />
  <testcase classname="ptolemy.util.test.junit.AutoTests" name="[6] /home/travis/build/icyphy/ptII/ptolemy/domains/sdf/test/auto/Gravitation.xml (RunModel)" time="3.279" />
  <testcase classname="ptolemy.util.test.junit.AutoTests" name="[7] /home/travis/build/icyphy/ptII/ptolemy/domains/sdf/test/auto/GravitationWithCollisionDetection.xml (RunModel)" time="6.121" />
  <testcase classname="ptolemy.util.test.junit.AutoTests" name="[8] /home/travis/build/icyphy/ptII/ptolemy/domains/sdf/test/auto/HDF.xml (RunModel)" time="0.145" />
  <testcase classname="ptolemy.util.test.junit.AutoTests" name="[9] /home/travis/build/icyphy/ptII/ptolemy/domains/sdf/test/auto/HDFwithTransientStates.xml (RunModel)" time="0.09" />
  <testcase classname="ptolemy.util.test.junit.AutoTests" name="[10] /home/travis/build/icyphy/ptII/ptolemy/domains/sdf/test/auto/HTVQ.xml (RunModel)" time="0.844" />
  <testcase classname="ptolemy.util.test.junit.AutoTests" name="[11] /home/travis/build/icyphy/ptII/ptolemy/domains/sdf/test/auto/InferInitProduction.xml (RunModel)" time="0.031" />
  <testcase classname="ptolemy.util.test.junit.AutoTests" name="[12] /home/travis/build/icyphy/ptII/ptolemy/domains/sdf/test/auto/InferInitProductionDeeper.xml (RunModel)" time="0.032" />
  <testcase classname="ptolemy.util.test.junit.AutoTests" name="[13] /home/travis/build/icyphy/ptII/ptolemy/domains/sdf/test/auto/LMSAdaptive.xml (RunModel)" time="0.089" />
  <testcase classname="ptolemy.util.test.junit.AutoTests" name="[14] /home/travis/build/icyphy/ptII/ptolemy/domains/sdf/test/auto/LogisticMap.xml (RunModel)" time="0.5" />
  <testcase classname="ptolemy.util.test.junit.AutoTests" name="[15] /home/travis/build/icyphy/ptII/ptolemy/domains/sdf/test/auto/MaximumEntropySpectrum.xml (RunModel)" time="0.228" />
  <testcase classname="ptolemy.util.test.junit.AutoTests" name="[16] /home/travis/build/icyphy/ptII/ptolemy/domains/sdf/test/auto/MultirateSDF.xml (RunModel)" time="0.074" />
  <testcase classname="ptolemy.util.test.junit.AutoTests" name="[17] /home/travis/build/icyphy/ptII/ptolemy/domains/sdf/test/auto/MultirateSDFwithTransientStates.xml (RunModel)" time="0.087" />
  <testcase classname="ptolemy.util.test.junit.AutoTests" name="[18] /home/travis/build/icyphy/ptII/ptolemy/domains/sdf/test/auto/NoisySinewave.xml (RunModel)" time="0.06" />
  <testcase classname="ptolemy.util.test.junit.AutoTests" name="[19] /home/travis/build/icyphy/ptII/ptolemy/domains/sdf/test/auto/Objects.xml (RunModel)" time="0.056" />
  <testcase classname="ptolemy.util.test.junit.AutoTests" name="[20] /home/travis/build/icyphy/ptII/ptolemy/domains/sdf/test/auto/OrthogonalCom.xml (RunModel)" time="0.044" />
  <testcase classname="ptolemy.util.test.junit.AutoTests" name="[21] /home/travis/build/icyphy/ptII/ptolemy/domains/sdf/test/auto/RijndaelEncryption.xml (RunModel)" time="0.525" />
  <testcase classname="ptolemy.util.test.junit.AutoTests" name="[22] /home/travis/build/icyphy/ptII/ptolemy/domains/sdf/test/auto/SDFEmptyIterations.xml (RunModel)" time="0.036" />
  <testcase classname="ptolemy.util.test.junit.AutoTests" name="[23] /home/travis/build/icyphy/ptII/ptolemy/domains/sdf/test/auto/Spectrum.xml (RunModel)" time="0.103" />
  <testcase classname="ptolemy.util.test.junit.AutoTests" name="[24] /home/travis/build/icyphy/ptII/ptolemy/domains/sdf/test/auto/de_inside_sdf.xml (RunModel)" time="0.035" />
  <testcase classname="ptolemy.util.test.junit.AutoTests" name="[25] /home/travis/build/icyphy/ptII/ptolemy/domains/sdf/test/auto/disconnectedHierarchicalSDF.xml (RunModel)" time="0.026" />
  <testcase classname="ptolemy.util.test.junit.AutoTests" name="[26] /home/travis/build/icyphy/ptII/ptolemy/domains/sdf/test/auto/disconnectedSDF.xml (RunModel)" time="0.024" />
  <testcase classname="ptolemy.util.test.junit.AutoTests" name="[27] /home/travis/build/icyphy/ptII/ptolemy/domains/sdf/test/auto/emptyRefinement.xml (RunModel)" time="0.021" />
  <testcase classname="ptolemy.util.test.junit.AutoTests" name="[28] /home/travis/build/icyphy/ptII/ptolemy/domains/sdf/test/auto/filePortParameter.xml (RunModel)" time="0.058" />
  <testcase classname="ptolemy.util.test.junit.AutoTests" name="[29] /home/travis/build/icyphy/ptII/ptolemy/domains/sdf/test/auto/inferRelationWidth1.xml (RunModel)" time="0.018" />
  <testcase classname="ptolemy.util.test.junit.AutoTests" name="[30] /home/travis/build/icyphy/ptII/ptolemy/domains/sdf/test/auto/initProductionInference.xml (RunModel)" time="0.023" />
  <testcase classname="ptolemy.util.test.junit.AutoTests" name="[31] /home/travis/build/icyphy/ptII/ptolemy/domains/sdf/test/auto/relationGroup.xml (RunModel)" time="0.017" />
  <testcase classname="ptolemy.util.test.junit.AutoTests" name="[32] /home/travis/build/icyphy/ptII/ptolemy/domains/sdf/test/auto/relationGroup10.xml (RunModel)" time="0.018" />
  <testcase classname="ptolemy.util.test.junit.AutoTests" name="[33] /home/travis/build/icyphy/ptII/ptolemy/domains/sdf/test/auto/relationGroup11.xml (RunModel)" time="0.019" />
  <testcase classname="ptolemy.util.test.junit.AutoTests" name="[34] /home/travis/build/icyphy/ptII/ptolemy/domains/sdf/test/auto/relationGroup12.xml (RunModel)" time="0.018" />
  <testcase classname="ptolemy.util.test.junit.AutoTests" name="[35] /home/travis/build/icyphy/ptII/ptolemy/domains/sdf/test/auto/relationGroup13.xml (RunModel)" time="0.026" />
  <testcase classname="ptolemy.util.test.junit.AutoTests" name="[36] /home/travis/build/icyphy/ptII/ptolemy/domains/sdf/test/auto/relationGroup14.xml (RunModel)" time="0.021" />
  <testcase classname="ptolemy.util.test.junit.AutoTests" name="[37] /home/travis/build/icyphy/ptII/ptolemy/domains/sdf/test/auto/relationGroup15.xml (RunModel)" time="0.018" />
  <testcase classname="ptolemy.util.test.junit.AutoTests" name="[38] /home/travis/build/icyphy/ptII/ptolemy/domains/sdf/test/auto/relationGroup2.xml (RunModel)" time="0.015" />
  <testcase classname="ptolemy.util.test.junit.AutoTests" name="[39] /home/travis/build/icyphy/ptII/ptolemy/domains/sdf/test/auto/relationGroup3.xml (RunModel)" time="0.014" />
  <testcase classname="ptolemy.util.test.junit.AutoTests" name="[40] /home/travis/build/icyphy/ptII/ptolemy/domains/sdf/test/auto/relationGroup4.xml (RunModel)" time="0.016" />
  <testcase classname="ptolemy.util.test.junit.AutoTests" name="[41] /home/travis/build/icyphy/ptII/ptolemy/domains/sdf/test/auto/relationGroup5.xml (RunModel)" time="0.016" />
  <testcase classname="ptolemy.util.test.junit.AutoTests" name="[42] /home/travis/build/icyphy/ptII/ptolemy/domains/sdf/test/auto/relationGroup6.xml (RunModel)" time="0.018" />
  <testcase classname="ptolemy.util.test.junit.AutoTests" name="[43] /home/travis/build/icyphy/ptII/ptolemy/domains/sdf/test/auto/relationGroup7.xml (RunModel)" time="0.014" />
  <testcase classname="ptolemy.util.test.junit.AutoTests" name="[44] /home/travis/build/icyphy/ptII/ptolemy/domains/sdf/test/auto/relationGroup8.xml (RunModel)" time="0.014" />
  <testcase classname="ptolemy.util.test.junit.AutoTests" name="[45] /home/travis/build/icyphy/ptII/ptolemy/domains/sdf/test/auto/relationGroup9.xml (RunModel)" time="0.019" />
  <testcase classname="ptolemy.util.test.junit.AutoTests" name="[46] /home/travis/build/icyphy/ptII/ptolemy/domains/sdf/test/auto/sdf_inside_de.xml (RunModel)" time="0.061" />
  <testcase classname="ptolemy.util.test.junit.AutoTests" name="[47] /home/travis/build/icyphy/ptII/ptolemy/domains/sdf/test/auto/sdf_inside_pn.xml (RunModel)" time="0.07" />
  <testcase classname="ptolemy.util.test.junit.AutoTests" name="[48] /home/travis/build/icyphy/ptII/ptolemy/domains/sdf/test/auto/sdf_sdf1.xml (RunModel)" time="0.024" />
  <testcase classname="ptolemy.util.test.junit.AutoTests" name="[49] /home/travis/build/icyphy/ptII/ptolemy/domains/sdf/test/auto/test1.xml (RunModel)" time="0.015" />
  <testcase classname="ptolemy.util.test.junit.AutoTests" name="[50] /home/travis/build/icyphy/ptII/ptolemy/domains/sdf/test/auto/time1.xml (RunModel)" time="0.01" />
  <testcase classname="ptolemy.util.test.junit.AutoTests" name="[51] /home/travis/build/icyphy/ptII/ptolemy/domains/sdf/test/auto/time2.xml (RunModel)" time="0.011" />
  <testcase classname="ptolemy.util.test.junit.AutoTests" name="[52] /home/travis/build/icyphy/ptII/ptolemy/domains/sdf/test/auto/time3.xml (RunModel)" time="0.022" />
  <testcase classname="ptolemy.util.test.junit.AutoTests" name="[53] /home/travis/build/icyphy/ptII/ptolemy/domains/sdf/test/auto/time4.xml (RunModel)" time="0.023" />
  <testcase classname="ptolemy.util.test.junit.AutoTests" name="[54] /home/travis/build/icyphy/ptII/ptolemy/domains/sdf/test/auto/time5.xml (RunModel)" time="4.012" />
  <testcase classname="ptolemy.util.test.junit.AutoTests" name="[55] /home/travis/build/icyphy/ptII/ptolemy/domains/sdf/test/auto/typeSystem_Const_Integer_smallest_Type.xml (RunModel)" time="0.057" />
  <testcase classname="ptolemy.util.test.junit.AutoTests" name="[56] /home/travis/build/icyphy/ptII/ptolemy/domains/sdf/test/auto/typeSystem_declared_Inports_OutportTypeException.xml (RunModel)" time="0.021" />
  <testcase classname="ptolemy.util.test.junit.AutoTests" name="[57] /home/travis/build/icyphy/ptII/ptolemy/domains/sdf/test/auto/typeSystem_oneDeclaredInportType_wrongTypeOutport.xml (RunModel)" time="0.026" />
  <testcase classname="ptolemy.util.test.junit.AutoTests" name="[58] /home/travis/build/icyphy/ptII/ptolemy/domains/sdf/test/auto/width.xml (RunModel)" time="0.023" />
  <testcase classname="ptolemy.util.test.junit.AutoTests" name="[59] /home/travis/build/icyphy/ptII/ptolemy/domains/sdf/test/auto/width2.xml (RunModel)" time="0.037" />
  <testcase classname="ptolemy.util.test.junit.AutoTests" name="[60] /home/travis/build/icyphy/ptII/ptolemy/domains/sdf/test/auto/width3.xml (RunModel)" time="0.04" />
  <system-out><![CDATA[/home/travis/build/icyphy/ptII/ptolemy/domains/sdf/test/SDFSchedulerErrors.tcl
testDefs.tcl: setting time out to 9000 seconds at Thu Jun 14 16:50:11 UTC 2018
22 ms. Memory: 116224K Free: 105618K (91%)
11 ms. Memory: 116224K Free: 98523K (85%)
7 ms. Memory: 116224K Free: 91523K (79%)
3 ms. Memory: 116224K Free: 88441K (76%)
/home/travis/build/icyphy/ptII/ptolemy/domains/sdf/test/composition.tcl
27 ms. Memory: 116224K Free: 84826K (73%)
9 ms. Memory: 116224K Free: 83021K (71%)
/home/travis/build/icyphy/ptII/ptolemy/domains/sdf/test/cycle.tcl
.Toplevel.Director Preinitializing ...
Invoking preinitialize():  .Toplevel.Actor1
Invoking preinitialize():  .Toplevel.Actor2
Invoking preinitialize():  .Toplevel.Delay
.Toplevel.Director Finished preinitialize().
### Schedule:
Execute Schedule{
Fire Actor ptolemy.domains.sdf.kernel.test.SDFTestDelay {.Toplevel.Actor1}
Fire Actor ptolemy.domains.sdf.kernel.test.SDFTestDelay {.Toplevel.Actor2}
Fire Actor ptolemy.domains.sdf.lib.SampleDelay {.Toplevel.Delay}
}
### End schedule
Called initialize().
Invoking initialize():  .Toplevel.Actor1
Initializing actor: .Toplevel.Actor1.
Invoking initialize():  .Toplevel.Actor2
Initializing actor: .Toplevel.Actor2.
Invoking initialize():  .Toplevel.Delay
Initializing actor: .Toplevel.Delay.
Director: Called prefire().
-- Setting current time to 0.0
Director prefire returns true.
The actor .Toplevel.Actor1 will be iterated.
The actor .Toplevel.Actor1 was iterated.
The actor .Toplevel.Actor2 will be iterated.
The actor .Toplevel.Actor2 was iterated.
The actor .Toplevel.Delay will be iterated.
The actor .Toplevel.Delay was iterated.
Director: Called postfire().
Postfire returns: true
Director: Called prefire().
-- Setting current time to 0.0
Director prefire returns true.
The actor .Toplevel.Actor1 will be iterated.
The actor .Toplevel.Actor1 was iterated.
The actor .Toplevel.Actor2 will be iterated.
The actor .Toplevel.Actor2 was iterated.
The actor .Toplevel.Delay will be iterated.
The actor .Toplevel.Delay was iterated.
Director: Called postfire().
Postfire returns: true
Director: Called prefire().
-- Setting current time to 0.0
Director prefire returns true.
The actor .Toplevel.Actor1 will be iterated.
The actor .Toplevel.Actor1 was iterated.
The actor .Toplevel.Actor2 will be iterated.
The actor .Toplevel.Actor2 was iterated.
The actor .Toplevel.Delay will be iterated.
The actor .Toplevel.Delay was iterated.
Director: Called postfire().
Postfire returns: true
Director: Called prefire().
-- Setting current time to 0.0
Director prefire returns true.
The actor .Toplevel.Actor1 will be iterated.
The actor .Toplevel.Actor1 was iterated.
The actor .Toplevel.Actor2 will be iterated.
The actor .Toplevel.Actor2 was iterated.
The actor .Toplevel.Delay will be iterated.
The actor .Toplevel.Delay was iterated.
Director: Called postfire().
Postfire returns: true
Director: Called prefire().
-- Setting current time to 0.0
Director prefire returns true.
The actor .Toplevel.Actor1 will be iterated.
The actor .Toplevel.Actor1 was iterated.
The actor .Toplevel.Actor2 will be iterated.
The actor .Toplevel.Actor2 was iterated.
The actor .Toplevel.Delay will be iterated.
The actor .Toplevel.Delay was iterated.
Director: Called postfire().
Postfire returns: true
Director: Called prefire().
-- Setting current time to 0.0
Director prefire returns true.
The actor .Toplevel.Actor1 will be iterated.
The actor .Toplevel.Actor1 was iterated.
The actor .Toplevel.Actor2 will be iterated.
The actor .Toplevel.Actor2 was iterated.
The actor .Toplevel.Delay will be iterated.
The actor .Toplevel.Delay was iterated.
Reached specified number of iterations: 6
Director: Called wrapup().
23 ms. Memory: 146944K Free: 142327K (97%)
06/14/18 04:50:12
Failed: 0  Total Tests: 8  ((Passed: 8, Newly Passed: 0)  Known Failed: 0) /home/travis/build/icyphy/ptII/ptolemy/domains/sdf/test
No auto/knownFailedTests/*.xml tests in /home/travis/build/icyphy/ptII/ptolemy/domains/sdf/test
No auto/linux-amd64/*.xml tests in /home/travis/build/icyphy/ptII/ptolemy/domains/sdf/test
AutoTests.java: About to close Vertx.
AutoTests.java: Vertx closed.

===========================================================================================
----------------- testing Thu Jun 14 16:50:12 UTC 2018 /home/travis/build/icyphy/ptII/ptolemy/domains/sdf/test/auto/Array.xml
----------------- Instantiating /home/travis/build/icyphy/ptII/ptolemy/domains/sdf/test/auto/Array.xml
32 ms. Memory: 146944K Free: 102305K (70%)
----------------- Invoking toplevel() on ptolemy.moml.MoMLSimpleApplication@34e1811d
----------------- Done invoking toplevel() on ptolemy.moml.MoMLSimpleApplication@34e1811d
reloadAllAccessors: .Array

===========================================================================================
----------------- testing Thu Jun 14 16:50:12 UTC 2018 /home/travis/build/icyphy/ptII/ptolemy/domains/sdf/test/auto/Butterfly.xml
----------------- Instantiating /home/travis/build/icyphy/ptII/ptolemy/domains/sdf/test/auto/Butterfly.xml
135 ms. Memory: 146944K Free: 96128K (65%)
----------------- Invoking toplevel() on ptolemy.moml.MoMLSimpleApplication@3ad580fc
----------------- Done invoking toplevel() on ptolemy.moml.MoMLSimpleApplication@3ad580fc
reloadAllAccessors: .Butterfly

===========================================================================================
----------------- testing Thu Jun 14 16:50:12 UTC 2018 /home/travis/build/icyphy/ptII/ptolemy/domains/sdf/test/auto/Expression.xml
----------------- Instantiating /home/travis/build/icyphy/ptII/ptolemy/domains/sdf/test/auto/Expression.xml
60 ms. Memory: 146944K Free: 89423K (61%)
----------------- Invoking toplevel() on ptolemy.moml.MoMLSimpleApplication@207dcf2e
----------------- Done invoking toplevel() on ptolemy.moml.MoMLSimpleApplication@207dcf2e
reloadAllAccessors: .Expression

===========================================================================================
----------------- testing Thu Jun 14 16:50:13 UTC 2018 /home/travis/build/icyphy/ptII/ptolemy/domains/sdf/test/auto/Eye.xml
----------------- Instantiating /home/travis/build/icyphy/ptII/ptolemy/domains/sdf/test/auto/Eye.xml
106 ms. Memory: 146944K Free: 119748K (81%)
----------------- Invoking toplevel() on ptolemy.moml.MoMLSimpleApplication@6a937c24
----------------- Done invoking toplevel() on ptolemy.moml.MoMLSimpleApplication@6a937c24
reloadAllAccessors: .Eye

===========================================================================================
----------------- testing Thu Jun 14 16:50:13 UTC 2018 /home/travis/build/icyphy/ptII/ptolemy/domains/sdf/test/auto/FixFIR.xml
----------------- Instantiating /home/travis/build/icyphy/ptII/ptolemy/domains/sdf/test/auto/FixFIR.xml
136 ms. Memory: 146944K Free: 83267K (57%)
----------------- Invoking toplevel() on ptolemy.moml.MoMLSimpleApplication@36c54ad4
----------------- Done invoking toplevel() on ptolemy.moml.MoMLSimpleApplication@36c54ad4
reloadAllAccessors: .FixFIR

===========================================================================================
----------------- testing Thu Jun 14 16:50:13 UTC 2018 /home/travis/build/icyphy/ptII/ptolemy/domains/sdf/test/auto/FixPoint.xml
----------------- Instantiating /home/travis/build/icyphy/ptII/ptolemy/domains/sdf/test/auto/FixPoint.xml
24 ms. Memory: 146944K Free: 78681K (54%)
----------------- Invoking toplevel() on ptolemy.moml.MoMLSimpleApplication@27d87ecb
----------------- Done invoking toplevel() on ptolemy.moml.MoMLSimpleApplication@27d87ecb
reloadAllAccessors: .FixPoint

===========================================================================================
----------------- testing Thu Jun 14 16:50:13 UTC 2018 /home/travis/build/icyphy/ptII/ptolemy/domains/sdf/test/auto/Gravitation.xml
----------------- Instantiating /home/travis/build/icyphy/ptII/ptolemy/domains/sdf/test/auto/Gravitation.xml
3175 ms. Memory: 208384K Free: 110413K (53%)
----------------- Invoking toplevel() on ptolemy.moml.MoMLSimpleApplication@431b0861
----------------- Done invoking toplevel() on ptolemy.moml.MoMLSimpleApplication@431b0861
reloadAllAccessors: .Gravitation

===========================================================================================
----------------- testing Thu Jun 14 16:50:17 UTC 2018 /home/travis/build/icyphy/ptII/ptolemy/domains/sdf/test/auto/GravitationWithCollisionDetection.xml
----------------- Instantiating /home/travis/build/icyphy/ptII/ptolemy/domains/sdf/test/auto/GravitationWithCollisionDetection.xml
5903 ms. Memory: 873984K Free: 354332K (41%)
----------------- Invoking toplevel() on ptolemy.moml.MoMLSimpleApplication@3c88b7c7
----------------- Done invoking toplevel() on ptolemy.moml.MoMLSimpleApplication@3c88b7c7
reloadAllAccessors: .GravitationWithCollisionDetection

===========================================================================================
----------------- testing Thu Jun 14 16:50:23 UTC 2018 /home/travis/build/icyphy/ptII/ptolemy/domains/sdf/test/auto/HDF.xml
----------------- Instantiating /home/travis/build/icyphy/ptII/ptolemy/domains/sdf/test/auto/HDF.xml
50 ms. Memory: 873984K Free: 321314K (37%)
----------------- Invoking toplevel() on ptolemy.moml.MoMLSimpleApplication@36b2cbe5
----------------- Done invoking toplevel() on ptolemy.moml.MoMLSimpleApplication@36b2cbe5
reloadAllAccessors: .HDF

===========================================================================================
----------------- testing Thu Jun 14 16:50:23 UTC 2018 /home/travis/build/icyphy/ptII/ptolemy/domains/sdf/test/auto/HDFwithTransientStates.xml
----------------- Instantiating /home/travis/build/icyphy/ptII/ptolemy/domains/sdf/test/auto/HDFwithTransientStates.xml
35 ms. Memory: 873984K Free: 297720K (34%)
----------------- Invoking toplevel() on ptolemy.moml.MoMLSimpleApplication@43089ed2
----------------- Done invoking toplevel() on ptolemy.moml.MoMLSimpleApplication@43089ed2
reloadAllAccessors: .HDFwithTransientStates

===========================================================================================
----------------- testing Thu Jun 14 16:50:23 UTC 2018 /home/travis/build/icyphy/ptII/ptolemy/domains/sdf/test/auto/HTVQ.xml
----------------- Instantiating /home/travis/build/icyphy/ptII/ptolemy/domains/sdf/test/auto/HTVQ.xml
777 ms. Memory: 873984K Free: 124702K (14%)
----------------- Invoking toplevel() on ptolemy.moml.MoMLSimpleApplication@4380501b
----------------- Done invoking toplevel() on ptolemy.moml.MoMLSimpleApplication@4380501b
reloadAllAccessors: .HTVQ

===========================================================================================
----------------- testing Thu Jun 14 16:50:24 UTC 2018 /home/travis/build/icyphy/ptII/ptolemy/domains/sdf/test/auto/InferInitProduction.xml
----------------- Instantiating /home/travis/build/icyphy/ptII/ptolemy/domains/sdf/test/auto/InferInitProduction.xml
5 ms. Memory: 873984K Free: 108983K (12%)
----------------- Invoking toplevel() on ptolemy.moml.MoMLSimpleApplication@7cc02a87
----------------- Done invoking toplevel() on ptolemy.moml.MoMLSimpleApplication@7cc02a87
reloadAllAccessors: .InferInitProduction

===========================================================================================
----------------- testing Thu Jun 14 16:50:24 UTC 2018 /home/travis/build/icyphy/ptII/ptolemy/domains/sdf/test/auto/InferInitProductionDeeper.xml
----------------- Instantiating /home/travis/build/icyphy/ptII/ptolemy/domains/sdf/test/auto/InferInitProductionDeeper.xml
5 ms. Memory: 873984K Free: 93265K (11%)
----------------- Invoking toplevel() on ptolemy.moml.MoMLSimpleApplication@25d1f3be
----------------- Done invoking toplevel() on ptolemy.moml.MoMLSimpleApplication@25d1f3be
reloadAllAccessors: .InferInitProductionDeeper

===========================================================================================
----------------- testing Thu Jun 14 16:50:24 UTC 2018 /home/travis/build/icyphy/ptII/ptolemy/domains/sdf/test/auto/LMSAdaptive.xml
----------------- Instantiating /home/travis/build/icyphy/ptII/ptolemy/domains/sdf/test/auto/LMSAdaptive.xml
25 ms. Memory: 874496K Free: 854560K (98%)
----------------- Invoking toplevel() on ptolemy.moml.MoMLSimpleApplication@1cb6b790
----------------- Done invoking toplevel() on ptolemy.moml.MoMLSimpleApplication@1cb6b790
reloadAllAccessors: .LMSAdaptive

===========================================================================================
----------------- testing Thu Jun 14 16:50:24 UTC 2018 /home/travis/build/icyphy/ptII/ptolemy/domains/sdf/test/auto/LogisticMap.xml
----------------- Instantiating /home/travis/build/icyphy/ptII/ptolemy/domains/sdf/test/auto/LogisticMap.xml
452 ms. Memory: 874496K Free: 840671K (96%)
----------------- Invoking toplevel() on ptolemy.moml.MoMLSimpleApplication@3bce57ed
----------------- Done invoking toplevel() on ptolemy.moml.MoMLSimpleApplication@3bce57ed
reloadAllAccessors: .LogisticMap

===========================================================================================
----------------- testing Thu Jun 14 16:50:24 UTC 2018 /home/travis/build/icyphy/ptII/ptolemy/domains/sdf/test/auto/MaximumEntropySpectrum.xml
----------------- Instantiating /home/travis/build/icyphy/ptII/ptolemy/domains/sdf/test/auto/MaximumEntropySpectrum.xml
44 ms. Memory: 874496K Free: 772469K (88%)
----------------- Invoking toplevel() on ptolemy.moml.MoMLSimpleApplication@7005ed9e
----------------- Done invoking toplevel() on ptolemy.moml.MoMLSimpleApplication@7005ed9e
reloadAllAccessors: .MaximumEntropySpectrum

===========================================================================================
----------------- testing Thu Jun 14 16:50:25 UTC 2018 /home/travis/build/icyphy/ptII/ptolemy/domains/sdf/test/auto/MultirateSDF.xml
----------------- Instantiating /home/travis/build/icyphy/ptII/ptolemy/domains/sdf/test/auto/MultirateSDF.xml
28 ms. Memory: 874496K Free: 751495K (86%)
----------------- Invoking toplevel() on ptolemy.moml.MoMLSimpleApplication@1f1167ab
----------------- Done invoking toplevel() on ptolemy.moml.MoMLSimpleApplication@1f1167ab
reloadAllAccessors: .MultirateSDF

===========================================================================================
----------------- testing Thu Jun 14 16:50:25 UTC 2018 /home/travis/build/icyphy/ptII/ptolemy/domains/sdf/test/auto/MultirateSDFwithTransientStates.xml
----------------- Instantiating /home/travis/build/icyphy/ptII/ptolemy/domains/sdf/test/auto/MultirateSDFwithTransientStates.xml
20 ms. Memory: 874496K Free: 730521K (84%)
----------------- Invoking toplevel() on ptolemy.moml.MoMLSimpleApplication@6c8df4cf
----------------- Done invoking toplevel() on ptolemy.moml.MoMLSimpleApplication@6c8df4cf
reloadAllAccessors: .MultirateSDFwithTransientStates

===========================================================================================
----------------- testing Thu Jun 14 16:50:25 UTC 2018 /home/travis/build/icyphy/ptII/ptolemy/domains/sdf/test/auto/NoisySinewave.xml
----------------- Instantiating /home/travis/build/icyphy/ptII/ptolemy/domains/sdf/test/auto/NoisySinewave.xml
10 ms. Memory: 874496K Free: 709547K (81%)
----------------- Invoking toplevel() on ptolemy.moml.MoMLSimpleApplication@51757ed9
----------------- Done invoking toplevel() on ptolemy.moml.MoMLSimpleApplication@51757ed9
reloadAllAccessors: .NoisySinewave

===========================================================================================
----------------- testing Thu Jun 14 16:50:25 UTC 2018 /home/travis/build/icyphy/ptII/ptolemy/domains/sdf/test/auto/Objects.xml
----------------- Instantiating /home/travis/build/icyphy/ptII/ptolemy/domains/sdf/test/auto/Objects.xml
3 ms. Memory: 874496K Free: 693829K (79%)
----------------- Invoking toplevel() on ptolemy.moml.MoMLSimpleApplication@1049c923
----------------- Done invoking toplevel() on ptolemy.moml.MoMLSimpleApplication@1049c923
reloadAllAccessors: .Objects

===========================================================================================
----------------- testing Thu Jun 14 16:50:25 UTC 2018 /home/travis/build/icyphy/ptII/ptolemy/domains/sdf/test/auto/OrthogonalCom.xml
----------------- Instantiating /home/travis/build/icyphy/ptII/ptolemy/domains/sdf/test/auto/OrthogonalCom.xml
6 ms. Memory: 874496K Free: 678102K (78%)
----------------- Invoking toplevel() on ptolemy.moml.MoMLSimpleApplication@7a79f66a
----------------- Done invoking toplevel() on ptolemy.moml.MoMLSimpleApplication@7a79f66a
reloadAllAccessors: .OrthogonalCom

===========================================================================================
----------------- testing Thu Jun 14 16:50:25 UTC 2018 /home/travis/build/icyphy/ptII/ptolemy/domains/sdf/test/auto/RijndaelEncryption.xml
----------------- Instantiating /home/travis/build/icyphy/ptII/ptolemy/domains/sdf/test/auto/RijndaelEncryption.xml
268 ms. Memory: 874496K Free: 515398K (59%)
----------------- Invoking toplevel() on ptolemy.moml.MoMLSimpleApplication@15c1360a
----------------- Done invoking toplevel() on ptolemy.moml.MoMLSimpleApplication@15c1360a
reloadAllAccessors: .RijndaelEncryption

===========================================================================================
----------------- testing Thu Jun 14 16:50:25 UTC 2018 /home/travis/build/icyphy/ptII/ptolemy/domains/sdf/test/auto/SDFEmptyIterations.xml
----------------- Instantiating /home/travis/build/icyphy/ptII/ptolemy/domains/sdf/test/auto/SDFEmptyIterations.xml
12 ms. Memory: 874496K Free: 504919K (58%)
----------------- Invoking toplevel() on ptolemy.moml.MoMLSimpleApplication@27de683
----------------- Done invoking toplevel() on ptolemy.moml.MoMLSimpleApplication@27de683
reloadAllAccessors: .SDFEmptyIterations

===========================================================================================
----------------- testing Thu Jun 14 16:50:26 UTC 2018 /home/travis/build/icyphy/ptII/ptolemy/domains/sdf/test/auto/Spectrum.xml
----------------- Instantiating /home/travis/build/icyphy/ptII/ptolemy/domains/sdf/test/auto/Spectrum.xml
44 ms. Memory: 874496K Free: 480794K (55%)
----------------- Invoking toplevel() on ptolemy.moml.MoMLSimpleApplication@29caa7eb
----------------- Done invoking toplevel() on ptolemy.moml.MoMLSimpleApplication@29caa7eb
reloadAllAccessors: .Spectrum

===========================================================================================
----------------- testing Thu Jun 14 16:50:26 UTC 2018 /home/travis/build/icyphy/ptII/ptolemy/domains/sdf/test/auto/de_inside_sdf.xml
----------------- Instantiating /home/travis/build/icyphy/ptII/ptolemy/domains/sdf/test/auto/de_inside_sdf.xml
9 ms. Memory: 874496K Free: 470315K (54%)
----------------- Invoking toplevel() on ptolemy.moml.MoMLSimpleApplication@23079a9c
----------------- Done invoking toplevel() on ptolemy.moml.MoMLSimpleApplication@23079a9c
reloadAllAccessors: .de_inside_sdf

===========================================================================================
----------------- testing Thu Jun 14 16:50:26 UTC 2018 /home/travis/build/icyphy/ptII/ptolemy/domains/sdf/test/auto/disconnectedHierarchicalSDF.xml
----------------- Instantiating /home/travis/build/icyphy/ptII/ptolemy/domains/sdf/test/auto/disconnectedHierarchicalSDF.xml
6 ms. Memory: 874496K Free: 459836K (53%)
----------------- Invoking toplevel() on ptolemy.moml.MoMLSimpleApplication@302905d4
----------------- Done invoking toplevel() on ptolemy.moml.MoMLSimpleApplication@302905d4
reloadAllAccessors: .disconnectedHierarchicalSDF

===========================================================================================
----------------- testing Thu Jun 14 16:50:26 UTC 2018 /home/travis/build/icyphy/ptII/ptolemy/domains/sdf/test/auto/disconnectedSDF.xml
----------------- Instantiating /home/travis/build/icyphy/ptII/ptolemy/domains/sdf/test/auto/disconnectedSDF.xml
6 ms. Memory: 874496K Free: 449357K (51%)
----------------- Invoking toplevel() on ptolemy.moml.MoMLSimpleApplication@6d1f16c8
----------------- Done invoking toplevel() on ptolemy.moml.MoMLSimpleApplication@6d1f16c8
reloadAllAccessors: .disconnectedSDF

===========================================================================================
----------------- testing Thu Jun 14 16:50:26 UTC 2018 /home/travis/build/icyphy/ptII/ptolemy/domains/sdf/test/auto/emptyRefinement.xml
----------------- Instantiating /home/travis/build/icyphy/ptII/ptolemy/domains/sdf/test/auto/emptyRefinement.xml
5 ms. Memory: 874496K Free: 438878K (50%)
----------------- Invoking toplevel() on ptolemy.moml.MoMLSimpleApplication@381c66b2
----------------- Done invoking toplevel() on ptolemy.moml.MoMLSimpleApplication@381c66b2
reloadAllAccessors: .emptyRefinement

===========================================================================================
----------------- testing Thu Jun 14 16:50:26 UTC 2018 /home/travis/build/icyphy/ptII/ptolemy/domains/sdf/test/auto/filePortParameter.xml
----------------- Instantiating /home/travis/build/icyphy/ptII/ptolemy/domains/sdf/test/auto/filePortParameter.xml
16 ms. Memory: 874496K Free: 423152K (48%)
----------------- Invoking toplevel() on ptolemy.moml.MoMLSimpleApplication@4e1e99a4
----------------- Done invoking toplevel() on ptolemy.moml.MoMLSimpleApplication@4e1e99a4
reloadAllAccessors: .filePortParameter

===========================================================================================
----------------- testing Thu Jun 14 16:50:26 UTC 2018 /home/travis/build/icyphy/ptII/ptolemy/domains/sdf/test/auto/inferRelationWidth1.xml
----------------- Instantiating /home/travis/build/icyphy/ptII/ptolemy/domains/sdf/test/auto/inferRelationWidth1.xml
2 ms. Memory: 874496K Free: 412673K (47%)
----------------- Invoking toplevel() on ptolemy.moml.MoMLSimpleApplication@e3482ec
----------------- Done invoking toplevel() on ptolemy.moml.MoMLSimpleApplication@e3482ec
reloadAllAccessors: .inferRelationWidth1

===========================================================================================
----------------- testing Thu Jun 14 16:50:26 UTC 2018 /home/travis/build/icyphy/ptII/ptolemy/domains/sdf/test/auto/initProductionInference.xml
----------------- Instantiating /home/travis/build/icyphy/ptII/ptolemy/domains/sdf/test/auto/initProductionInference.xml
7 ms. Memory: 874496K Free: 402194K (46%)
----------------- Invoking toplevel() on ptolemy.moml.MoMLSimpleApplication@3db11df7
----------------- Done invoking toplevel() on ptolemy.moml.MoMLSimpleApplication@3db11df7
reloadAllAccessors: .initProductionInference

===========================================================================================
----------------- testing Thu Jun 14 16:50:26 UTC 2018 /home/travis/build/icyphy/ptII/ptolemy/domains/sdf/test/auto/relationGroup.xml
----------------- Instantiating /home/travis/build/icyphy/ptII/ptolemy/domains/sdf/test/auto/relationGroup.xml
5 ms. Memory: 874496K Free: 391715K (45%)
----------------- Invoking toplevel() on ptolemy.moml.MoMLSimpleApplication@385903e
----------------- Done invoking toplevel() on ptolemy.moml.MoMLSimpleApplication@385903e
reloadAllAccessors: .relationGroup

===========================================================================================
----------------- testing Thu Jun 14 16:50:26 UTC 2018 /home/travis/build/icyphy/ptII/ptolemy/domains/sdf/test/auto/relationGroup10.xml
----------------- Instantiating /home/travis/build/icyphy/ptII/ptolemy/domains/sdf/test/auto/relationGroup10.xml
2 ms. Memory: 874496K Free: 381236K (44%)
----------------- Invoking toplevel() on ptolemy.moml.MoMLSimpleApplication@3d0daf20
----------------- Done invoking toplevel() on ptolemy.moml.MoMLSimpleApplication@3d0daf20
reloadAllAccessors: .relationGroup10

===========================================================================================
----------------- testing Thu Jun 14 16:50:26 UTC 2018 /home/travis/build/icyphy/ptII/ptolemy/domains/sdf/test/auto/relationGroup11.xml
----------------- Instantiating /home/travis/build/icyphy/ptII/ptolemy/domains/sdf/test/auto/relationGroup11.xml
3 ms. Memory: 874496K Free: 367598K (42%)
----------------- Invoking toplevel() on ptolemy.moml.MoMLSimpleApplication@1e7dc38f
----------------- Done invoking toplevel() on ptolemy.moml.MoMLSimpleApplication@1e7dc38f
reloadAllAccessors: .relationGroup11

===========================================================================================
----------------- testing Thu Jun 14 16:50:26 UTC 2018 /home/travis/build/icyphy/ptII/ptolemy/domains/sdf/test/auto/relationGroup12.xml
----------------- Instantiating /home/travis/build/icyphy/ptII/ptolemy/domains/sdf/test/auto/relationGroup12.xml
2 ms. Memory: 874496K Free: 357119K (41%)
----------------- Invoking toplevel() on ptolemy.moml.MoMLSimpleApplication@2bb6f175
----------------- Done invoking toplevel() on ptolemy.moml.MoMLSimpleApplication@2bb6f175
reloadAllAccessors: .relationGroup12

===========================================================================================
----------------- testing Thu Jun 14 16:50:26 UTC 2018 /home/travis/build/icyphy/ptII/ptolemy/domains/sdf/test/auto/relationGroup13.xml
----------------- Instantiating /home/travis/build/icyphy/ptII/ptolemy/domains/sdf/test/auto/relationGroup13.xml
7 ms. Memory: 874496K Free: 346640K (40%)
----------------- Invoking toplevel() on ptolemy.moml.MoMLSimpleApplication@679bd454
----------------- Done invoking toplevel() on ptolemy.moml.MoMLSimpleApplication@679bd454
reloadAllAccessors: .relationGroup13

===========================================================================================
----------------- testing Thu Jun 14 16:50:26 UTC 2018 /home/travis/build/icyphy/ptII/ptolemy/domains/sdf/test/auto/relationGroup14.xml
----------------- Instantiating /home/travis/build/icyphy/ptII/ptolemy/domains/sdf/test/auto/relationGroup14.xml
3 ms. Memory: 874496K Free: 336161K (38%)
----------------- Invoking toplevel() on ptolemy.moml.MoMLSimpleApplication@4ff84452
----------------- Done invoking toplevel() on ptolemy.moml.MoMLSimpleApplication@4ff84452
reloadAllAccessors: .relationGroup14

===========================================================================================
----------------- testing Thu Jun 14 16:50:26 UTC 2018 /home/travis/build/icyphy/ptII/ptolemy/domains/sdf/test/auto/relationGroup15.xml
----------------- Instantiating /home/travis/build/icyphy/ptII/ptolemy/domains/sdf/test/auto/relationGroup15.xml
2 ms. Memory: 874496K Free: 325682K (37%)
----------------- Invoking toplevel() on ptolemy.moml.MoMLSimpleApplication@88b77b4
----------------- Done invoking toplevel() on ptolemy.moml.MoMLSimpleApplication@88b77b4
reloadAllAccessors: .relationGroup15

===========================================================================================
----------------- testing Thu Jun 14 16:50:26 UTC 2018 /home/travis/build/icyphy/ptII/ptolemy/domains/sdf/test/auto/relationGroup2.xml
----------------- Instantiating /home/travis/build/icyphy/ptII/ptolemy/domains/sdf/test/auto/relationGroup2.xml
2 ms. Memory: 874496K Free: 315203K (36%)
----------------- Invoking toplevel() on ptolemy.moml.MoMLSimpleApplication@7f44e290
----------------- Done invoking toplevel() on ptolemy.moml.MoMLSimpleApplication@7f44e290
reloadAllAccessors: .relationGroup2

===========================================================================================
----------------- testing Thu Jun 14 16:50:26 UTC 2018 /home/travis/build/icyphy/ptII/ptolemy/domains/sdf/test/auto/relationGroup3.xml
----------------- Instantiating /home/travis/build/icyphy/ptII/ptolemy/domains/sdf/test/auto/relationGroup3.xml
2 ms. Memory: 874496K Free: 304724K (35%)
----------------- Invoking toplevel() on ptolemy.moml.MoMLSimpleApplication@2533d3d9
----------------- Done invoking toplevel() on ptolemy.moml.MoMLSimpleApplication@2533d3d9
reloadAllAccessors: .relationGroup3

===========================================================================================
----------------- testing Thu Jun 14 16:50:26 UTC 2018 /home/travis/build/icyphy/ptII/ptolemy/domains/sdf/test/auto/relationGroup4.xml
----------------- Instantiating /home/travis/build/icyphy/ptII/ptolemy/domains/sdf/test/auto/relationGroup4.xml
4 ms. Memory: 874496K Free: 294245K (34%)
----------------- Invoking toplevel() on ptolemy.moml.MoMLSimpleApplication@63d61e52
----------------- Done invoking toplevel() on ptolemy.moml.MoMLSimpleApplication@63d61e52
reloadAllAccessors: .relationGroup4

===========================================================================================
----------------- testing Thu Jun 14 16:50:26 UTC 2018 /home/travis/build/icyphy/ptII/ptolemy/domains/sdf/test/auto/relationGroup5.xml
----------------- Instantiating /home/travis/build/icyphy/ptII/ptolemy/domains/sdf/test/auto/relationGroup5.xml
4 ms. Memory: 874496K Free: 283766K (32%)
----------------- Invoking toplevel() on ptolemy.moml.MoMLSimpleApplication@1b482ddc
----------------- Done invoking toplevel() on ptolemy.moml.MoMLSimpleApplication@1b482ddc
reloadAllAccessors: .relationGroup5

===========================================================================================
----------------- testing Thu Jun 14 16:50:26 UTC 2018 /home/travis/build/icyphy/ptII/ptolemy/domains/sdf/test/auto/relationGroup6.xml
----------------- Instantiating /home/travis/build/icyphy/ptII/ptolemy/domains/sdf/test/auto/relationGroup6.xml
4 ms. Memory: 874496K Free: 270129K (31%)
----------------- Invoking toplevel() on ptolemy.moml.MoMLSimpleApplication@95f40d9
----------------- Done invoking toplevel() on ptolemy.moml.MoMLSimpleApplication@95f40d9
reloadAllAccessors: .relationGroup6

===========================================================================================
----------------- testing Thu Jun 14 16:50:26 UTC 2018 /home/travis/build/icyphy/ptII/ptolemy/domains/sdf/test/auto/relationGroup7.xml
----------------- Instantiating /home/travis/build/icyphy/ptII/ptolemy/domains/sdf/test/auto/relationGroup7.xml
1 ms. Memory: 874496K Free: 259650K (30%)
----------------- Invoking toplevel() on ptolemy.moml.MoMLSimpleApplication@14b1fb40
----------------- Done invoking toplevel() on ptolemy.moml.MoMLSimpleApplication@14b1fb40
reloadAllAccessors: .relationGroup7

===========================================================================================
----------------- testing Thu Jun 14 16:50:26 UTC 2018 /home/travis/build/icyphy/ptII/ptolemy/domains/sdf/test/auto/relationGroup8.xml
----------------- Instantiating /home/travis/build/icyphy/ptII/ptolemy/domains/sdf/test/auto/relationGroup8.xml
2 ms. Memory: 874496K Free: 249171K (28%)
----------------- Invoking toplevel() on ptolemy.moml.MoMLSimpleApplication@4b20c5e7
----------------- Done invoking toplevel() on ptolemy.moml.MoMLSimpleApplication@4b20c5e7
reloadAllAccessors: .relationGroup8

===========================================================================================
----------------- testing Thu Jun 14 16:50:26 UTC 2018 /home/travis/build/icyphy/ptII/ptolemy/domains/sdf/test/auto/relationGroup9.xml
----------------- Instantiating /home/travis/build/icyphy/ptII/ptolemy/domains/sdf/test/auto/relationGroup9.xml
3 ms. Memory: 874496K Free: 238692K (27%)
----------------- Invoking toplevel() on ptolemy.moml.MoMLSimpleApplication@6661342
----------------- Done invoking toplevel() on ptolemy.moml.MoMLSimpleApplication@6661342
reloadAllAccessors: .relationGroup9

===========================================================================================
----------------- testing Thu Jun 14 16:50:26 UTC 2018 /home/travis/build/icyphy/ptII/ptolemy/domains/sdf/test/auto/sdf_inside_de.xml
----------------- Instantiating /home/travis/build/icyphy/ptII/ptolemy/domains/sdf/test/auto/sdf_inside_de.xml
23 ms. Memory: 874496K Free: 222957K (25%)
----------------- Invoking toplevel() on ptolemy.moml.MoMLSimpleApplication@781ac6ac
----------------- Done invoking toplevel() on ptolemy.moml.MoMLSimpleApplication@781ac6ac
reloadAllAccessors: .sdf_inside_de

===========================================================================================
----------------- testing Thu Jun 14 16:50:26 UTC 2018 /home/travis/build/icyphy/ptII/ptolemy/domains/sdf/test/auto/sdf_inside_pn.xml
----------------- Instantiating /home/travis/build/icyphy/ptII/ptolemy/domains/sdf/test/auto/sdf_inside_pn.xml
48 ms. Memory: 874496K Free: 181025K (21%)
----------------- Invoking toplevel() on ptolemy.moml.MoMLSimpleApplication@1d9a7c81
----------------- Done invoking toplevel() on ptolemy.moml.MoMLSimpleApplication@1d9a7c81
reloadAllAccessors: .sdf_inside_pn

===========================================================================================
----------------- testing Thu Jun 14 16:50:26 UTC 2018 /home/travis/build/icyphy/ptII/ptolemy/domains/sdf/test/auto/sdf_sdf1.xml
----------------- Instantiating /home/travis/build/icyphy/ptII/ptolemy/domains/sdf/test/auto/sdf_sdf1.xml
3 ms. Memory: 874496K Free: 170546K (20%)
----------------- Invoking toplevel() on ptolemy.moml.MoMLSimpleApplication@32f2b221
----------------- Done invoking toplevel() on ptolemy.moml.MoMLSimpleApplication@32f2b221
reloadAllAccessors: .sdf_sdf1

===========================================================================================
----------------- testing Thu Jun 14 16:50:26 UTC 2018 /home/travis/build/icyphy/ptII/ptolemy/domains/sdf/test/auto/test1.xml
----------------- Instantiating /home/travis/build/icyphy/ptII/ptolemy/domains/sdf/test/auto/test1.xml
3 ms. Memory: 874496K Free: 160067K (18%)
----------------- Invoking toplevel() on ptolemy.moml.MoMLSimpleApplication@6ca8c531
----------------- Done invoking toplevel() on ptolemy.moml.MoMLSimpleApplication@6ca8c531
reloadAllAccessors: .test1

===========================================================================================
----------------- testing Thu Jun 14 16:50:26 UTC 2018 /home/travis/build/icyphy/ptII/ptolemy/domains/sdf/test/auto/time1.xml
----------------- Instantiating /home/travis/build/icyphy/ptII/ptolemy/domains/sdf/test/auto/time1.xml
1 ms. Memory: 874496K Free: 146430K (17%)
----------------- Invoking toplevel() on ptolemy.moml.MoMLSimpleApplication@7bc56c55
----------------- Done invoking toplevel() on ptolemy.moml.MoMLSimpleApplication@7bc56c55
reloadAllAccessors: .time1

===========================================================================================
----------------- testing Thu Jun 14 16:50:26 UTC 2018 /home/travis/build/icyphy/ptII/ptolemy/domains/sdf/test/auto/time2.xml
----------------- Instantiating /home/travis/build/icyphy/ptII/ptolemy/domains/sdf/test/auto/time2.xml
3 ms. Memory: 874496K Free: 135951K (16%)
----------------- Invoking toplevel() on ptolemy.moml.MoMLSimpleApplication@6a884b85
----------------- Done invoking toplevel() on ptolemy.moml.MoMLSimpleApplication@6a884b85
reloadAllAccessors: .time2

===========================================================================================
----------------- testing Thu Jun 14 16:50:26 UTC 2018 /home/travis/build/icyphy/ptII/ptolemy/domains/sdf/test/auto/time3.xml
----------------- Instantiating /home/travis/build/icyphy/ptII/ptolemy/domains/sdf/test/auto/time3.xml
9 ms. Memory: 874496K Free: 125472K (14%)
----------------- Invoking toplevel() on ptolemy.moml.MoMLSimpleApplication@14768c61
----------------- Done invoking toplevel() on ptolemy.moml.MoMLSimpleApplication@14768c61
reloadAllAccessors: .time3

===========================================================================================
----------------- testing Thu Jun 14 16:50:26 UTC 2018 /home/travis/build/icyphy/ptII/ptolemy/domains/sdf/test/auto/time4.xml
----------------- Instantiating /home/travis/build/icyphy/ptII/ptolemy/domains/sdf/test/auto/time4.xml
6 ms. Memory: 874496K Free: 114993K (13%)
----------------- Invoking toplevel() on ptolemy.moml.MoMLSimpleApplication@6bc0dcee
----------------- Done invoking toplevel() on ptolemy.moml.MoMLSimpleApplication@6bc0dcee
reloadAllAccessors: .time4

===========================================================================================
----------------- testing Thu Jun 14 16:50:26 UTC 2018 /home/travis/build/icyphy/ptII/ptolemy/domains/sdf/test/auto/time5.xml
----------------- Instantiating /home/travis/build/icyphy/ptII/ptolemy/domains/sdf/test/auto/time5.xml
4003 ms. Memory: 874496K Free: 104514K (12%)
----------------- Invoking toplevel() on ptolemy.moml.MoMLSimpleApplication@4285251f
----------------- Done invoking toplevel() on ptolemy.moml.MoMLSimpleApplication@4285251f
reloadAllAccessors: .time5

===========================================================================================
----------------- testing Thu Jun 14 16:50:30 UTC 2018 /home/travis/build/icyphy/ptII/ptolemy/domains/sdf/test/auto/typeSystem_Const_Integer_smallest_Type.xml
----------------- Instantiating /home/travis/build/icyphy/ptII/ptolemy/domains/sdf/test/auto/typeSystem_Const_Integer_smallest_Type.xml
11 ms. Memory: 874496K Free: 94035K (11%)
----------------- Invoking toplevel() on ptolemy.moml.MoMLSimpleApplication@48d3a39b
----------------- Done invoking toplevel() on ptolemy.moml.MoMLSimpleApplication@48d3a39b
reloadAllAccessors: .typeSystem_Const_Integer_smallest_Type

===========================================================================================
----------------- testing Thu Jun 14 16:50:30 UTC 2018 /home/travis/build/icyphy/ptII/ptolemy/domains/sdf/test/auto/typeSystem_declared_Inports_OutportTypeException.xml
----------------- Instantiating /home/travis/build/icyphy/ptII/ptolemy/domains/sdf/test/auto/typeSystem_declared_Inports_OutportTypeException.xml
.typeSystem_declared_Inports_OutportTypeException.TestExceptionAttribute: initialize() was not invoked, but wrapup() was.  This is unusual, but not always a problem.  For example, exporting JNLP will do this.
3 ms. Memory: 874496K Free: 83556K (10%)
----------------- Invoking toplevel() on ptolemy.moml.MoMLSimpleApplication@2049f4ca
----------------- Done invoking toplevel() on ptolemy.moml.MoMLSimpleApplication@2049f4ca
reloadAllAccessors: .typeSystem_declared_Inports_OutportTypeException

===========================================================================================
----------------- testing Thu Jun 14 16:50:30 UTC 2018 /home/travis/build/icyphy/ptII/ptolemy/domains/sdf/test/auto/typeSystem_oneDeclaredInportType_wrongTypeOutport.xml
----------------- Instantiating /home/travis/build/icyphy/ptII/ptolemy/domains/sdf/test/auto/typeSystem_oneDeclaredInportType_wrongTypeOutport.xml
7 ms. Memory: 874496K Free: 76599K (9%)
----------------- Invoking toplevel() on ptolemy.moml.MoMLSimpleApplication@677b1ff8
----------------- Done invoking toplevel() on ptolemy.moml.MoMLSimpleApplication@677b1ff8
reloadAllAccessors: .typeSystem_oneDeclaredInportType_wrongTypeOutport

===========================================================================================
----------------- testing Thu Jun 14 16:50:31 UTC 2018 /home/travis/build/icyphy/ptII/ptolemy/domains/sdf/test/auto/width.xml
----------------- Instantiating /home/travis/build/icyphy/ptII/ptolemy/domains/sdf/test/auto/width.xml
3 ms. Memory: 830464K Free: 807723K (97%)
----------------- Invoking toplevel() on ptolemy.moml.MoMLSimpleApplication@4f5406fa
----------------- Done invoking toplevel() on ptolemy.moml.MoMLSimpleApplication@4f5406fa
reloadAllAccessors: .width

===========================================================================================
----------------- testing Thu Jun 14 16:50:31 UTC 2018 /home/travis/build/icyphy/ptII/ptolemy/domains/sdf/test/auto/width2.xml
----------------- Instantiating /home/travis/build/icyphy/ptII/ptolemy/domains/sdf/test/auto/width2.xml
27 ms. Memory: 830464K Free: 795690K (96%)
----------------- Invoking toplevel() on ptolemy.moml.MoMLSimpleApplication@7a20fbd5
----------------- Done invoking toplevel() on ptolemy.moml.MoMLSimpleApplication@7a20fbd5
reloadAllAccessors: .width2

===========================================================================================
----------------- testing Thu Jun 14 16:50:31 UTC 2018 /home/travis/build/icyphy/ptII/ptolemy/domains/sdf/test/auto/width3.xml
----------------- Instantiating /home/travis/build/icyphy/ptII/ptolemy/domains/sdf/test/auto/width3.xml
28 ms. Memory: 830464K Free: 785554K (95%)
----------------- Invoking toplevel() on ptolemy.moml.MoMLSimpleApplication@202e4b72
----------------- Done invoking toplevel() on ptolemy.moml.MoMLSimpleApplication@202e4b72
reloadAllAccessors: .width3
AutoTests.java: About to close Vertx.
AutoTests.java: Vertx closed.
]]></system-out>
  <system-err><![CDATA[java.lang.RuntimeException: Execution failed
	at ptolemy.moml.MoMLSimpleApplication$UnloadThread.run(MoMLSimpleApplication.java:402)
Caused by: ptolemy.actor.sched.NotSchedulableException: No solution exists for the balance equations.
Graph is not consistent under the SDF domain detected on external port .rateConsistency.actor.port2
  in .rateConsistency.SDF Director.Scheduler
	at ptolemy.domains.sdf.kernel.SDFScheduler._propagatePort(SDFScheduler.java:1425)
	at ptolemy.domains.sdf.kernel.SDFScheduler._solveBalanceEquations(SDFScheduler.java:710)
	at ptolemy.domains.sdf.kernel.SDFScheduler._getSchedule(SDFScheduler.java:566)
	at ptolemy.actor.sched.Scheduler.getSchedule(Scheduler.java:189)
	at ptolemy.domains.sdf.kernel.SDFDirector.createSchedule(SDFDirector.java:408)
	at ptolemy.domains.sdf.kernel.SDFDirector.preinitialize(SDFDirector.java:764)
	at ptolemy.actor.CompositeActor.preinitialize(CompositeActor.java:1828)
	at ptolemy.actor.Manager.preinitializeAndResolveTypes(Manager.java:1040)
	at ptolemy.actor.Manager.initialize(Manager.java:710)
	at ptolemy.actor.Manager.execute(Manager.java:356)
	at ptolemy.actor.Manager.run(Manager.java:1263)
	at ptolemy.actor.Manager$PtolemyRunThread.run(Manager.java:1915)
java.lang.RuntimeException: Execution failed
	at ptolemy.moml.MoMLSimpleApplication$UnloadThread.run(MoMLSimpleApplication.java:402)
Caused by: ptolemy.kernel.util.IllegalActionException: Failed to compute schedule:
  in .badRateChanges.typed composite actor.SDF Director
Because:
The SDF rate parameter may change. This is not allowed in SDF models that will be run through the code generator.  If you don't care about code generation, then you might consider setting the allowRateChanges parameter of the SDF director to false.
  in .badRateChanges.typed composite actor.Repeat.output.tokenProductionRate
	at ptolemy.domains.sdf.kernel.SDFDirector.createSchedule(SDFDirector.java:418)
	at ptolemy.domains.sdf.kernel.SDFDirector.preinitialize(SDFDirector.java:764)
	at ptolemy.actor.CompositeActor.preinitialize(CompositeActor.java:1828)
	at ptolemy.actor.Director.preinitialize(Director.java:1302)
	at ptolemy.actor.Director.preinitialize(Director.java:1257)
	at ptolemy.domains.sdf.kernel.SDFDirector.preinitialize(SDFDirector.java:763)
	at ptolemy.actor.CompositeActor.preinitialize(CompositeActor.java:1828)
	at ptolemy.actor.Manager.preinitializeAndResolveTypes(Manager.java:1040)
	at ptolemy.actor.Manager.initialize(Manager.java:710)
	at ptolemy.actor.Manager.execute(Manager.java:356)
	at ptolemy.actor.Manager.run(Manager.java:1263)
	at ptolemy.actor.Manager$PtolemyRunThread.run(Manager.java:1915)
Caused by: ptolemy.kernel.util.IllegalActionException: The SDF rate parameter may change. This is not allowed in SDF models that will be run through the code generator.  If you don't care about code generation, then you might consider setting the allowRateChanges parameter of the SDF director to false.
  in .badRateChanges.typed composite actor.Repeat.output.tokenProductionRate
	at ptolemy.domains.sdf.kernel.SDFScheduler._assertDynamicRateVariable(SDFScheduler.java:931)
	at ptolemy.domains.sdf.kernel.SDFScheduler._checkDynamicRateVariables(SDFScheduler.java:339)
	at ptolemy.domains.sdf.kernel.SDFScheduler._getSchedule(SDFScheduler.java:527)
	at ptolemy.actor.sched.Scheduler.getSchedule(Scheduler.java:189)
	at ptolemy.domains.sdf.kernel.SDFDirector.createSchedule(SDFDirector.java:408)
	... 11 more
java.lang.RuntimeException: Execution failed
	at ptolemy.moml.MoMLSimpleApplication$UnloadThread.run(MoMLSimpleApplication.java:402)
Caused by: ptolemy.kernel.util.IllegalActionException: Failed to compute schedule:
  in .badRateChanges2.typed composite actor.SDF Director
Because:
The SDF rate parameter may change. This is not allowed in SDF models that will be run through the code generator.  If you don't care about code generation, then you might consider setting the allowRateChanges parameter of the SDF director to false.
  in .badRateChanges2.typed composite actor.Repeat.output.tokenProductionRate
	at ptolemy.domains.sdf.kernel.SDFDirector.createSchedule(SDFDirector.java:418)
	at ptolemy.domains.sdf.kernel.SDFDirector.preinitialize(SDFDirector.java:764)
	at ptolemy.actor.CompositeActor.preinitialize(CompositeActor.java:1828)
	at ptolemy.actor.Director.preinitialize(Director.java:1302)
	at ptolemy.actor.Director.preinitialize(Director.java:1257)
	at ptolemy.domains.sdf.kernel.SDFDirector.preinitialize(SDFDirector.java:763)
	at ptolemy.actor.CompositeActor.preinitialize(CompositeActor.java:1828)
	at ptolemy.actor.Manager.preinitializeAndResolveTypes(Manager.java:1040)
	at ptolemy.actor.Manager.initialize(Manager.java:710)
	at ptolemy.actor.Manager.execute(Manager.java:356)
	at ptolemy.actor.Manager.run(Manager.java:1263)
	at ptolemy.actor.Manager$PtolemyRunThread.run(Manager.java:1915)
Caused by: ptolemy.kernel.util.IllegalActionException: The SDF rate parameter may change. This is not allowed in SDF models that will be run through the code generator.  If you don't care about code generation, then you might consider setting the allowRateChanges parameter of the SDF director to false.
  in .badRateChanges2.typed composite actor.Repeat.output.tokenProductionRate
	at ptolemy.domains.sdf.kernel.SDFScheduler._assertDynamicRateVariable(SDFScheduler.java:931)
	at ptolemy.domains.sdf.kernel.SDFScheduler._checkDynamicRateVariables(SDFScheduler.java:339)
	at ptolemy.domains.sdf.kernel.SDFScheduler._getSchedule(SDFScheduler.java:527)
	at ptolemy.actor.sched.Scheduler.getSchedule(Scheduler.java:189)
	at ptolemy.domains.sdf.kernel.SDFDirector.createSchedule(SDFDirector.java:408)
	... 11 more
java.lang.RuntimeException: Execution failed
	at ptolemy.moml.MoMLSimpleApplication$UnloadThread.run(MoMLSimpleApplication.java:402)
Caused by: ptolemy.actor.sched.NotSchedulableException: Actors remain that cannot be scheduled!

There are several possible reasons:
* SDF Graphs with feedback loops should have an actor with a delay in the loop, such as a SampleDelay.
* The SDF director has an "allowDisconnectedGraphs"parameter, which, when true, permits disconnected SDF graphs.
* The token consumption rate and production rates might be mismatched.
Usually, actors produce one token or consume one token on a port.  To produce or consume multiple tokens per firing, add a "tokenConsumptionRate" or "tokenProductionRate" parameter to the appropriate port.
Unscheduled actors:
.partiallyConnected.Const2 
Scheduled actors:
.partiallyConnected.Const 
  in .partiallyConnected.SDF Director.Scheduler
	at ptolemy.domains.sdf.kernel.SDFScheduler._scheduleConnectedActors(SDFScheduler.java:1828)
	at ptolemy.domains.sdf.kernel.SDFScheduler._getSchedule(SDFScheduler.java:587)
	at ptolemy.actor.sched.Scheduler.getSchedule(Scheduler.java:189)
	at ptolemy.domains.sdf.kernel.SDFDirector.createSchedule(SDFDirector.java:408)
	at ptolemy.domains.sdf.kernel.SDFDirector.preinitialize(SDFDirector.java:764)
	at ptolemy.actor.CompositeActor.preinitialize(CompositeActor.java:1828)
	at ptolemy.actor.Manager.preinitializeAndResolveTypes(Manager.java:1040)
	at ptolemy.actor.Manager.initialize(Manager.java:710)
	at ptolemy.actor.Manager.execute(Manager.java:356)
	at ptolemy.actor.Manager.run(Manager.java:1263)
	at ptolemy.actor.Manager$PtolemyRunThread.run(Manager.java:1915)
]]></system-err>
</testsuite>
