<?xml version="1.0" encoding="UTF-8" ?>
<testsuite errors="0" failures="0" hostname="travis-job-3bf1fdb5-6a0a-4e53-af3d-6075379da51a" name="ptolemy.domains.modal.test.junit.JUnitTclTest" skipped="0" tests="148" time="9.774" timestamp="2018-12-11T03:01:53">
  <properties>
[...]
</properties>
  <testcase classname="ptolemy.util.test.junit.TclTests" name="[0] /home/travis/build/icyphy/ptII/ptolemy/domains/modal/test/SystemLevelType.tcl (RunTclFile)" time="1.741" />
  <testcase classname="ptolemy.util.test.junit.AutoKnownFailedTests" name="[0] /home/travis/build/icyphy/ptII/ptolemy/domains/modal/test/auto/knownFailedTests/CannotAnalysisWithPreemption.xml (RunModel)" time="0.169" />
  <testcase classname="ptolemy.util.test.junit.AutoNameArchTests" name="[0] ThereAreNoAutoArchTests (RunModel)" time="0.013" />
  <testcase classname="ptolemy.util.test.junit.AutoTests" name="[0] /home/travis/build/icyphy/ptII/ptolemy/domains/modal/test/auto/ABPTest.xml (RunModel)" time="0.669" />
  <testcase classname="ptolemy.util.test.junit.AutoTests" name="[1] /home/travis/build/icyphy/ptII/ptolemy/domains/modal/test/auto/ABROFlat.xml (RunModel)" time="0.105" />
  <testcase classname="ptolemy.util.test.junit.AutoTests" name="[2] /home/travis/build/icyphy/ptII/ptolemy/domains/modal/test/auto/ABROFlat2.xml (RunModel)" time="0.084" />
  <testcase classname="ptolemy.util.test.junit.AutoTests" name="[3] /home/travis/build/icyphy/ptII/ptolemy/domains/modal/test/auto/ABRO_present_hmm.xml (RunModel)" time="0.158" />
  <testcase classname="ptolemy.util.test.junit.AutoTests" name="[4] /home/travis/build/icyphy/ptII/ptolemy/domains/modal/test/auto/AMICoderExample.xml (RunModel)" time="0.055" />
  <testcase classname="ptolemy.util.test.junit.AutoTests" name="[5] /home/travis/build/icyphy/ptII/ptolemy/domains/modal/test/auto/AbsentToPresent.xml (RunModel)" time="0.025" />
  <testcase classname="ptolemy.util.test.junit.AutoTests" name="[6] /home/travis/build/icyphy/ptII/ptolemy/domains/modal/test/auto/Blending.xml (RunModel)" time="0.266" />
  <testcase classname="ptolemy.util.test.junit.AutoTests" name="[7] /home/travis/build/icyphy/ptII/ptolemy/domains/modal/test/auto/Broadcast.xml (RunModel)" time="0.058" />
  <testcase classname="ptolemy.util.test.junit.AutoTests" name="[8] /home/travis/build/icyphy/ptII/ptolemy/domains/modal/test/auto/BroadcastHierarchy.xml (RunModel)" time="0.07" />
  <testcase classname="ptolemy.util.test.junit.AutoTests" name="[9] /home/travis/build/icyphy/ptII/ptolemy/domains/modal/test/auto/BroadcastHierarchy2.xml (RunModel)" time="0.105" />
  <testcase classname="ptolemy.util.test.junit.AutoTests" name="[10] /home/travis/build/icyphy/ptII/ptolemy/domains/modal/test/auto/BroadcastHierarchy3.xml (RunModel)" time="0.131" />
  <testcase classname="ptolemy.util.test.junit.AutoTests" name="[11] /home/travis/build/icyphy/ptII/ptolemy/domains/modal/test/auto/BroadcastHierarchy4.xml (RunModel)" time="0.1" />
  <testcase classname="ptolemy.util.test.junit.AutoTests" name="[12] /home/travis/build/icyphy/ptII/ptolemy/domains/modal/test/auto/CannotAnalysisWithPreemption2.xml (RunModel)" time="0.033" />
  <testcase classname="ptolemy.util.test.junit.AutoTests" name="[13] /home/travis/build/icyphy/ptII/ptolemy/domains/modal/test/auto/CannotAnalysisWithPreemption3.xml (RunModel)" time="0.063" />
  <testcase classname="ptolemy.util.test.junit.AutoTests" name="[14] /home/travis/build/icyphy/ptII/ptolemy/domains/modal/test/auto/CannotProduce.xml (RunModel)" time="0.045" />
  <testcase classname="ptolemy.util.test.junit.AutoTests" name="[15] /home/travis/build/icyphy/ptII/ptolemy/domains/modal/test/auto/CannotProduceModal.xml (RunModel)" time="0.038" />
  <testcase classname="ptolemy.util.test.junit.AutoTests" name="[16] /home/travis/build/icyphy/ptII/ptolemy/domains/modal/test/auto/Case.xml (RunModel)" time="0.079" />
  <testcase classname="ptolemy.util.test.junit.AutoTests" name="[17] /home/travis/build/icyphy/ptII/ptolemy/domains/modal/test/auto/Case1.xml (RunModel)" time="0.038" />
  <testcase classname="ptolemy.util.test.junit.AutoTests" name="[18] /home/travis/build/icyphy/ptII/ptolemy/domains/modal/test/auto/Case2.xml (RunModel)" time="0.061" />
  <testcase classname="ptolemy.util.test.junit.AutoTests" name="[19] /home/travis/build/icyphy/ptII/ptolemy/domains/modal/test/auto/CausalityInterface1.xml (RunModel)" time="0.038" />
  <testcase classname="ptolemy.util.test.junit.AutoTests" name="[20] /home/travis/build/icyphy/ptII/ptolemy/domains/modal/test/auto/CausalityInterface10.xml (RunModel)" time="0.048" />
  <testcase classname="ptolemy.util.test.junit.AutoTests" name="[21] /home/travis/build/icyphy/ptII/ptolemy/domains/modal/test/auto/CausalityInterface11.xml (RunModel)" time="0.043" />
  <testcase classname="ptolemy.util.test.junit.AutoTests" name="[22] /home/travis/build/icyphy/ptII/ptolemy/domains/modal/test/auto/CausalityInterface12.xml (RunModel)" time="0.043" />
  <testcase classname="ptolemy.util.test.junit.AutoTests" name="[23] /home/travis/build/icyphy/ptII/ptolemy/domains/modal/test/auto/CausalityInterface13.xml (RunModel)" time="0.058" />
  <testcase classname="ptolemy.util.test.junit.AutoTests" name="[24] /home/travis/build/icyphy/ptII/ptolemy/domains/modal/test/auto/CausalityInterface14.xml (RunModel)" time="0.053" />
  <testcase classname="ptolemy.util.test.junit.AutoTests" name="[25] /home/travis/build/icyphy/ptII/ptolemy/domains/modal/test/auto/CausalityInterface2.xml (RunModel)" time="0.026" />
  <testcase classname="ptolemy.util.test.junit.AutoTests" name="[26] /home/travis/build/icyphy/ptII/ptolemy/domains/modal/test/auto/CausalityInterface3.xml (RunModel)" time="0.024" />
  <testcase classname="ptolemy.util.test.junit.AutoTests" name="[27] /home/travis/build/icyphy/ptII/ptolemy/domains/modal/test/auto/CausalityInterface4.xml (RunModel)" time="0.044" />
  <testcase classname="ptolemy.util.test.junit.AutoTests" name="[28] /home/travis/build/icyphy/ptII/ptolemy/domains/modal/test/auto/CausalityInterface5.xml (RunModel)" time="0.034" />
  <testcase classname="ptolemy.util.test.junit.AutoTests" name="[29] /home/travis/build/icyphy/ptII/ptolemy/domains/modal/test/auto/CausalityInterface6.xml (RunModel)" time="0.039" />
  <testcase classname="ptolemy.util.test.junit.AutoTests" name="[30] /home/travis/build/icyphy/ptII/ptolemy/domains/modal/test/auto/CausalityInterface7.xml (RunModel)" time="0.03" />
  <testcase classname="ptolemy.util.test.junit.AutoTests" name="[31] /home/travis/build/icyphy/ptII/ptolemy/domains/modal/test/auto/CausalityInterface8.xml (RunModel)" time="0.029" />
  <testcase classname="ptolemy.util.test.junit.AutoTests" name="[32] /home/travis/build/icyphy/ptII/ptolemy/domains/modal/test/auto/CausalityInterface9.xml (RunModel)" time="0.039" />
  <testcase classname="ptolemy.util.test.junit.AutoTests" name="[33] /home/travis/build/icyphy/ptII/ptolemy/domains/modal/test/auto/ChainedTransitions.xml (RunModel)" time="0.137" />
  <testcase classname="ptolemy.util.test.junit.AutoTests" name="[34] /home/travis/build/icyphy/ptII/ptolemy/domains/modal/test/auto/CycleOfImmediateTransitionsFSM.xml (RunModel)" time="0.021" />
  <testcase classname="ptolemy.util.test.junit.AutoTests" name="[35] /home/travis/build/icyphy/ptII/ptolemy/domains/modal/test/auto/CycleOfImmediateTransitionsModal.xml (RunModel)" time="0.019" />
  <testcase classname="ptolemy.util.test.junit.AutoTests" name="[36] /home/travis/build/icyphy/ptII/ptolemy/domains/modal/test/auto/CycleOfImmediateTransitionsModal2.xml (RunModel)" time="0.031" />
  <testcase classname="ptolemy.util.test.junit.AutoTests" name="[37] /home/travis/build/icyphy/ptII/ptolemy/domains/modal/test/auto/CycleOfImmediateTransitionsModal3.xml (RunModel)" time="0.076" />
  <testcase classname="ptolemy.util.test.junit.AutoTests" name="[38] /home/travis/build/icyphy/ptII/ptolemy/domains/modal/test/auto/DeepModal1.xml (RunModel)" time="0.058" />
  <testcase classname="ptolemy.util.test.junit.AutoTests" name="[39] /home/travis/build/icyphy/ptII/ptolemy/domains/modal/test/auto/DeepModal2.xml (RunModel)" time="0.064" />
  <testcase classname="ptolemy.util.test.junit.AutoTests" name="[40] /home/travis/build/icyphy/ptII/ptolemy/domains/modal/test/auto/DeepModal3.xml (RunModel)" time="0.067" />
  <testcase classname="ptolemy.util.test.junit.AutoTests" name="[41] /home/travis/build/icyphy/ptII/ptolemy/domains/modal/test/auto/DeepModal4.xml (RunModel)" time="0.062" />
  <testcase classname="ptolemy.util.test.junit.AutoTests" name="[42] /home/travis/build/icyphy/ptII/ptolemy/domains/modal/test/auto/Default1.xml (RunModel)" time="0.032" />
  <testcase classname="ptolemy.util.test.junit.AutoTests" name="[43] /home/travis/build/icyphy/ptII/ptolemy/domains/modal/test/auto/Default2.xml (RunModel)" time="0.014" />
  <testcase classname="ptolemy.util.test.junit.AutoTests" name="[44] /home/travis/build/icyphy/ptII/ptolemy/domains/modal/test/auto/Default3.xml (RunModel)" time="0.016" />
  <testcase classname="ptolemy.util.test.junit.AutoTests" name="[45] /home/travis/build/icyphy/ptII/ptolemy/domains/modal/test/auto/Default4.xml (RunModel)" time="0.015" />
  <testcase classname="ptolemy.util.test.junit.AutoTests" name="[46] /home/travis/build/icyphy/ptII/ptolemy/domains/modal/test/auto/Default5.xml (RunModel)" time="0.021" />
  <testcase classname="ptolemy.util.test.junit.AutoTests" name="[47] /home/travis/build/icyphy/ptII/ptolemy/domains/modal/test/auto/EmptyGuard.xml (RunModel)" time="0.025" />
  <testcase classname="ptolemy.util.test.junit.AutoTests" name="[48] /home/travis/build/icyphy/ptII/ptolemy/domains/modal/test/auto/ErrorTransition1.xml (RunModel)" time="0.028" />
  <testcase classname="ptolemy.util.test.junit.AutoTests" name="[49] /home/travis/build/icyphy/ptII/ptolemy/domains/modal/test/auto/ErrorTransition10.xml (RunModel)" time="0.04" />
  <testcase classname="ptolemy.util.test.junit.AutoTests" name="[50] /home/travis/build/icyphy/ptII/ptolemy/domains/modal/test/auto/ErrorTransition11.xml (RunModel)" time="0.032" />
  <testcase classname="ptolemy.util.test.junit.AutoTests" name="[51] /home/travis/build/icyphy/ptII/ptolemy/domains/modal/test/auto/ErrorTransition2.xml (RunModel)" time="0.024" />
  <testcase classname="ptolemy.util.test.junit.AutoTests" name="[52] /home/travis/build/icyphy/ptII/ptolemy/domains/modal/test/auto/ErrorTransition3.xml (RunModel)" time="0.031" />
  <testcase classname="ptolemy.util.test.junit.AutoTests" name="[53] /home/travis/build/icyphy/ptII/ptolemy/domains/modal/test/auto/ErrorTransition4.xml (RunModel)" time="0.035" />
  <testcase classname="ptolemy.util.test.junit.AutoTests" name="[54] /home/travis/build/icyphy/ptII/ptolemy/domains/modal/test/auto/ErrorTransition5.xml (RunModel)" time="0.024" />
  <testcase classname="ptolemy.util.test.junit.AutoTests" name="[55] /home/travis/build/icyphy/ptII/ptolemy/domains/modal/test/auto/ErrorTransition6.xml (RunModel)" time="0.027" />
  <testcase classname="ptolemy.util.test.junit.AutoTests" name="[56] /home/travis/build/icyphy/ptII/ptolemy/domains/modal/test/auto/ErrorTransition7.xml (RunModel)" time="0.033" />
  <testcase classname="ptolemy.util.test.junit.AutoTests" name="[57] /home/travis/build/icyphy/ptII/ptolemy/domains/modal/test/auto/ErrorTransition8.xml (RunModel)" time="0.069" />
  <testcase classname="ptolemy.util.test.junit.AutoTests" name="[58] /home/travis/build/icyphy/ptII/ptolemy/domains/modal/test/auto/ErrorTransition9.xml (RunModel)" time="0.048" />
  <testcase classname="ptolemy.util.test.junit.AutoTests" name="[59] /home/travis/build/icyphy/ptII/ptolemy/domains/modal/test/auto/ExtendedFSM.xml (RunModel)" time="0.019" />
  <testcase classname="ptolemy.util.test.junit.AutoTests" name="[60] /home/travis/build/icyphy/ptII/ptolemy/domains/modal/test/auto/FinalStates.xml (RunModel)" time="0.02" />
  <testcase classname="ptolemy.util.test.junit.AutoTests" name="[61] /home/travis/build/icyphy/ptII/ptolemy/domains/modal/test/auto/FixedPointFSM.xml (RunModel)" time="0.042" />
  <testcase classname="ptolemy.util.test.junit.AutoTests" name="[62] /home/travis/build/icyphy/ptII/ptolemy/domains/modal/test/auto/FixedPointIterationFSMActor.xml (RunModel)" time="0.027" />
  <testcase classname="ptolemy.util.test.junit.AutoTests" name="[63] /home/travis/build/icyphy/ptII/ptolemy/domains/modal/test/auto/FixedPointIterationFSMActor2.xml (RunModel)" time="0.035" />
  <testcase classname="ptolemy.util.test.junit.AutoTests" name="[64] /home/travis/build/icyphy/ptII/ptolemy/domains/modal/test/auto/ForbiddenInstantanousLoop.xml (RunModel)" time="0.033" />
  <testcase classname="ptolemy.util.test.junit.AutoTests" name="[65] /home/travis/build/icyphy/ptII/ptolemy/domains/modal/test/auto/FunctionDependencyOfFSMActorTest.xml (RunModel)" time="0.029" />
  <testcase classname="ptolemy.util.test.junit.AutoTests" name="[66] /home/travis/build/icyphy/ptII/ptolemy/domains/modal/test/auto/GuardExpression.xml (RunModel)" time="0.018" />
  <testcase classname="ptolemy.util.test.junit.AutoTests" name="[67] /home/travis/build/icyphy/ptII/ptolemy/domains/modal/test/auto/GuardNotEvaluated.xml (RunModel)" time="0.029" />
  <testcase classname="ptolemy.util.test.junit.AutoTests" name="[68] /home/travis/build/icyphy/ptII/ptolemy/domains/modal/test/auto/GuardNotEvaluated2.xml (RunModel)" time="0.025" />
  <testcase classname="ptolemy.util.test.junit.AutoTests" name="[69] /home/travis/build/icyphy/ptII/ptolemy/domains/modal/test/auto/GuardOnAbsent.xml (RunModel)" time="0.036" />
  <testcase classname="ptolemy.util.test.junit.AutoTests" name="[70] /home/travis/build/icyphy/ptII/ptolemy/domains/modal/test/auto/HierarchicalFSMTypeInference.xml (RunModel)" time="0.028" />
  <testcase classname="ptolemy.util.test.junit.AutoTests" name="[71] /home/travis/build/icyphy/ptII/ptolemy/domains/modal/test/auto/Hysteresis.xml (RunModel)" time="0.039" />
  <testcase classname="ptolemy.util.test.junit.AutoTests" name="[72] /home/travis/build/icyphy/ptII/ptolemy/domains/modal/test/auto/HysteresisWithDefault.xml (RunModel)" time="0.061" />
  <testcase classname="ptolemy.util.test.junit.AutoTests" name="[73] /home/travis/build/icyphy/ptII/ptolemy/domains/modal/test/auto/HysteresisWithDefault2.xml (RunModel)" time="0.058" />
  <testcase classname="ptolemy.util.test.junit.AutoTests" name="[74] /home/travis/build/icyphy/ptII/ptolemy/domains/modal/test/auto/ImmediateNonConstructiveness.xml (RunModel)" time="0.015" />
  <testcase classname="ptolemy.util.test.junit.AutoTests" name="[75] /home/travis/build/icyphy/ptII/ptolemy/domains/modal/test/auto/ImmediateNonConstructiveness2.xml (RunModel)" time="0.014" />
  <testcase classname="ptolemy.util.test.junit.AutoTests" name="[76] /home/travis/build/icyphy/ptII/ptolemy/domains/modal/test/auto/ImmediateTransitionReset.xml (RunModel)" time="0.026" />
  <testcase classname="ptolemy.util.test.junit.AutoTests" name="[77] /home/travis/build/icyphy/ptII/ptolemy/domains/modal/test/auto/ImmediateTransitions1.xml (RunModel)" time="0.014" />
  <testcase classname="ptolemy.util.test.junit.AutoTests" name="[78] /home/travis/build/icyphy/ptII/ptolemy/domains/modal/test/auto/ImmediateTransitionsInstantaneousCommunication.xml (RunModel)" time="0.027" />
  <testcase classname="ptolemy.util.test.junit.AutoTests" name="[79] /home/travis/build/icyphy/ptII/ptolemy/domains/modal/test/auto/InitialImmediateTransition.xml (RunModel)" time="0.015" />
  <testcase classname="ptolemy.util.test.junit.AutoTests" name="[80] /home/travis/build/icyphy/ptII/ptolemy/domains/modal/test/auto/InitialOutputs.xml (RunModel)" time="0.016" />
  <testcase classname="ptolemy.util.test.junit.AutoTests" name="[81] /home/travis/build/icyphy/ptII/ptolemy/domains/modal/test/auto/InitialStateTransition1.xml (RunModel)" time="0.016" />
  <testcase classname="ptolemy.util.test.junit.AutoTests" name="[82] /home/travis/build/icyphy/ptII/ptolemy/domains/modal/test/auto/InitialStateTransition2.xml (RunModel)" time="0.016" />
  <testcase classname="ptolemy.util.test.junit.AutoTests" name="[83] /home/travis/build/icyphy/ptII/ptolemy/domains/modal/test/auto/InitialStateTransition3.xml (RunModel)" time="0.019" />
  <testcase classname="ptolemy.util.test.junit.AutoTests" name="[84] /home/travis/build/icyphy/ptII/ptolemy/domains/modal/test/auto/InitialStateTransition4.xml (RunModel)" time="0.026" />
  <testcase classname="ptolemy.util.test.junit.AutoTests" name="[85] /home/travis/build/icyphy/ptII/ptolemy/domains/modal/test/auto/MalformedGuardExpressionNotCaught.xml (RunModel)" time="0.015" />
  <testcase classname="ptolemy.util.test.junit.AutoTests" name="[86] /home/travis/build/icyphy/ptII/ptolemy/domains/modal/test/auto/ModalBSC.xml (RunModel)" time="0.068" />
  <testcase classname="ptolemy.util.test.junit.AutoTests" name="[87] /home/travis/build/icyphy/ptII/ptolemy/domains/modal/test/auto/ModalClocks.xml (RunModel)" time="0.057" />
  <testcase classname="ptolemy.util.test.junit.AutoTests" name="[88] /home/travis/build/icyphy/ptII/ptolemy/domains/modal/test/auto/ModalDelay.xml (RunModel)" time="0.049" />
  <testcase classname="ptolemy.util.test.junit.AutoTests" name="[89] /home/travis/build/icyphy/ptII/ptolemy/domains/modal/test/auto/ModalDelay2.xml (RunModel)" time="0.033" />
  <testcase classname="ptolemy.util.test.junit.AutoTests" name="[90] /home/travis/build/icyphy/ptII/ptolemy/domains/modal/test/auto/ModalModelFromMemo.xml (RunModel)" time="0.06" />
  <testcase classname="ptolemy.util.test.junit.AutoTests" name="[91] /home/travis/build/icyphy/ptII/ptolemy/domains/modal/test/auto/ModalModelWithMultirateTransient.xml (RunModel)" time="0.045" />
  <testcase classname="ptolemy.util.test.junit.AutoTests" name="[92] /home/travis/build/icyphy/ptII/ptolemy/domains/modal/test/auto/ModalModelWithReset.xml (RunModel)" time="0.041" />
  <testcase classname="ptolemy.util.test.junit.AutoTests" name="[93] /home/travis/build/icyphy/ptII/ptolemy/domains/modal/test/auto/MouseClickFSM.xml (RunModel)" time="0.051" />
  <testcase classname="ptolemy.util.test.junit.AutoTests" name="[94] /home/travis/build/icyphy/ptII/ptolemy/domains/modal/test/auto/MouseClickFSMModal.xml (RunModel)" time="0.037" />
  <testcase classname="ptolemy.util.test.junit.AutoTests" name="[95] /home/travis/build/icyphy/ptII/ptolemy/domains/modal/test/auto/NonStrictFSM_FeedbackLoop.xml (RunModel)" time="0.05" />
  <testcase classname="ptolemy.util.test.junit.AutoTests" name="[96] /home/travis/build/icyphy/ptII/ptolemy/domains/modal/test/auto/NonStrictFSM_FeedbackLoop_Refinement.xml (RunModel)" time="0.066" />
  <testcase classname="ptolemy.util.test.junit.AutoTests" name="[97] /home/travis/build/icyphy/ptII/ptolemy/domains/modal/test/auto/NonStrictFSM_FeedbackLoop_preemptive.xml (RunModel)" time="0.056" />
  <testcase classname="ptolemy.util.test.junit.AutoTests" name="[98] /home/travis/build/icyphy/ptII/ptolemy/domains/modal/test/auto/NormalTermination.xml (RunModel)" time="0.047" />
  <testcase classname="ptolemy.util.test.junit.AutoTests" name="[99] /home/travis/build/icyphy/ptII/ptolemy/domains/modal/test/auto/Pong.xml (RunModel)" time="0.069" />
  <testcase classname="ptolemy.util.test.junit.AutoTests" name="[100] /home/travis/build/icyphy/ptII/ptolemy/domains/modal/test/auto/Pong_test.xml (RunModel)" time="0.114" />
  <testcase classname="ptolemy.util.test.junit.AutoTests" name="[101] /home/travis/build/icyphy/ptII/ptolemy/domains/modal/test/auto/PreemptionHierarchy.xml (RunModel)" time="0.027" />
  <testcase classname="ptolemy.util.test.junit.AutoTests" name="[102] /home/travis/build/icyphy/ptII/ptolemy/domains/modal/test/auto/PreemptionHierarchy2.xml (RunModel)" time="0.029" />
  <testcase classname="ptolemy.util.test.junit.AutoTests" name="[103] /home/travis/build/icyphy/ptII/ptolemy/domains/modal/test/auto/PreemptiveTransition.xml (RunModel)" time="0.018" />
  <testcase classname="ptolemy.util.test.junit.AutoTests" name="[104] /home/travis/build/icyphy/ptII/ptolemy/domains/modal/test/auto/Priorities.xml (RunModel)" time="0.061" />
  <testcase classname="ptolemy.util.test.junit.AutoTests" name="[105] /home/travis/build/icyphy/ptII/ptolemy/domains/modal/test/auto/ResetFinal.xml (RunModel)" time="0.046" />
  <testcase classname="ptolemy.util.test.junit.AutoTests" name="[106] /home/travis/build/icyphy/ptII/ptolemy/domains/modal/test/auto/ResetFinal2.xml (RunModel)" time="0.029" />
  <testcase classname="ptolemy.util.test.junit.AutoTests" name="[107] /home/travis/build/icyphy/ptII/ptolemy/domains/modal/test/auto/ResetTransitionWithStartTime.xml (RunModel)" time="0.027" />
  <testcase classname="ptolemy.util.test.junit.AutoTests" name="[108] /home/travis/build/icyphy/ptII/ptolemy/domains/modal/test/auto/SDF-FSMComposite.xml (RunModel)" time="0.021" />
  <testcase classname="ptolemy.util.test.junit.AutoTests" name="[109] /home/travis/build/icyphy/ptII/ptolemy/domains/modal/test/auto/SeeminglyNondeterminate.xml (RunModel)" time="0.072" />
  <testcase classname="ptolemy.util.test.junit.AutoTests" name="[110] /home/travis/build/icyphy/ptII/ptolemy/domains/modal/test/auto/SeeminglyNondeterminate2.xml (RunModel)" time="0.064" />
  <testcase classname="ptolemy.util.test.junit.AutoTests" name="[111] /home/travis/build/icyphy/ptII/ptolemy/domains/modal/test/auto/SpontaneousFSM.xml (RunModel)" time="0.043" />
  <testcase classname="ptolemy.util.test.junit.AutoTests" name="[112] /home/travis/build/icyphy/ptII/ptolemy/domains/modal/test/auto/SpontaneousFSM2.xml (RunModel)" time="0.028" />
  <testcase classname="ptolemy.util.test.junit.AutoTests" name="[113] /home/travis/build/icyphy/ptII/ptolemy/domains/modal/test/auto/SpontaneousFSM3.xml (RunModel)" time="0.041" />
  <testcase classname="ptolemy.util.test.junit.AutoTests" name="[114] /home/travis/build/icyphy/ptII/ptolemy/domains/modal/test/auto/SpontaneousFSM4.xml (RunModel)" time="0.044" />
  <testcase classname="ptolemy.util.test.junit.AutoTests" name="[115] /home/travis/build/icyphy/ptII/ptolemy/domains/modal/test/auto/StateTrackerTest.xml (RunModel)" time="0.049" />
  <testcase classname="ptolemy.util.test.junit.AutoTests" name="[116] /home/travis/build/icyphy/ptII/ptolemy/domains/modal/test/auto/StrongImmediateTransition.xml (RunModel)" time="0.029" />
  <testcase classname="ptolemy.util.test.junit.AutoTests" name="[117] /home/travis/build/icyphy/ptII/ptolemy/domains/modal/test/auto/SustainHierarchy.xml (RunModel)" time="0.032" />
  <testcase classname="ptolemy.util.test.junit.AutoTests" name="[118] /home/travis/build/icyphy/ptII/ptolemy/domains/modal/test/auto/TerminationTransition1.xml (RunModel)" time="0.02" />
  <testcase classname="ptolemy.util.test.junit.AutoTests" name="[119] /home/travis/build/icyphy/ptII/ptolemy/domains/modal/test/auto/TerminationTransition2.xml (RunModel)" time="0.027" />
  <testcase classname="ptolemy.util.test.junit.AutoTests" name="[120] /home/travis/build/icyphy/ptII/ptolemy/domains/modal/test/auto/TerminationTransition3.xml (RunModel)" time="0.022" />
  <testcase classname="ptolemy.util.test.junit.AutoTests" name="[121] /home/travis/build/icyphy/ptII/ptolemy/domains/modal/test/auto/TerminationTransition4.xml (RunModel)" time="0.041" />
  <testcase classname="ptolemy.util.test.junit.AutoTests" name="[122] /home/travis/build/icyphy/ptII/ptolemy/domains/modal/test/auto/TerminationTransition5.xml (RunModel)" time="0.029" />
  <testcase classname="ptolemy.util.test.junit.AutoTests" name="[123] /home/travis/build/icyphy/ptII/ptolemy/domains/modal/test/auto/TerminationTransition6.xml (RunModel)" time="0.02" />
  <testcase classname="ptolemy.util.test.junit.AutoTests" name="[124] /home/travis/build/icyphy/ptII/ptolemy/domains/modal/test/auto/TerminationTransition7.xml (RunModel)" time="0.025" />
  <testcase classname="ptolemy.util.test.junit.AutoTests" name="[125] /home/travis/build/icyphy/ptII/ptolemy/domains/modal/test/auto/TerminationTransition8.xml (RunModel)" time="0.021" />
  <testcase classname="ptolemy.util.test.junit.AutoTests" name="[126] /home/travis/build/icyphy/ptII/ptolemy/domains/modal/test/auto/Thermostat_NoHysteresis.xml (RunModel)" time="0.049" />
  <testcase classname="ptolemy.util.test.junit.AutoTests" name="[127] /home/travis/build/icyphy/ptII/ptolemy/domains/modal/test/auto/TimedFSM.xml (RunModel)" time="0.029" />
  <testcase classname="ptolemy.util.test.junit.AutoTests" name="[128] /home/travis/build/icyphy/ptII/ptolemy/domains/modal/test/auto/Timeout1.xml (RunModel)" time="0.013" />
  <testcase classname="ptolemy.util.test.junit.AutoTests" name="[129] /home/travis/build/icyphy/ptII/ptolemy/domains/modal/test/auto/Timeout2.xml (RunModel)" time="0.016" />
  <testcase classname="ptolemy.util.test.junit.AutoTests" name="[130] /home/travis/build/icyphy/ptII/ptolemy/domains/modal/test/auto/Timeout3.xml (RunModel)" time="0.016" />
  <testcase classname="ptolemy.util.test.junit.AutoTests" name="[131] /home/travis/build/icyphy/ptII/ptolemy/domains/modal/test/auto/Timeout4.xml (RunModel)" time="0.011" />
  <testcase classname="ptolemy.util.test.junit.AutoTests" name="[132] /home/travis/build/icyphy/ptII/ptolemy/domains/modal/test/auto/TransientstateModelAdvanced.xml (RunModel)" time="0.025" />
  <testcase classname="ptolemy.util.test.junit.AutoTests" name="[133] /home/travis/build/icyphy/ptII/ptolemy/domains/modal/test/auto/TransientstateModelAdvanced2.xml (RunModel)" time="0.027" />
  <testcase classname="ptolemy.util.test.junit.AutoTests" name="[134] /home/travis/build/icyphy/ptII/ptolemy/domains/modal/test/auto/TransitionRefinements.xml (RunModel)" time="0.024" />
  <testcase classname="ptolemy.util.test.junit.AutoTests" name="[135] /home/travis/build/icyphy/ptII/ptolemy/domains/modal/test/auto/TwoRefinements1.xml (RunModel)" time="0.022" />
  <testcase classname="ptolemy.util.test.junit.AutoTests" name="[136] /home/travis/build/icyphy/ptII/ptolemy/domains/modal/test/auto/TwoRefinements2.xml (RunModel)" time="0.021" />
  <testcase classname="ptolemy.util.test.junit.AutoTests" name="[137] /home/travis/build/icyphy/ptII/ptolemy/domains/modal/test/auto/WeakImmediateTransition.xml (RunModel)" time="0.034" />
  <testcase classname="ptolemy.util.test.junit.AutoTests" name="[138] /home/travis/build/icyphy/ptII/ptolemy/domains/modal/test/auto/booleanSelect.xml (RunModel)" time="0.065" />
  <testcase classname="ptolemy.util.test.junit.AutoTests" name="[139] /home/travis/build/icyphy/ptII/ptolemy/domains/modal/test/auto/modalChangingParams.xml (RunModel)" time="0.252" />
  <testcase classname="ptolemy.util.test.junit.AutoTests" name="[140] /home/travis/build/icyphy/ptII/ptolemy/domains/modal/test/auto/modalModel.xml (RunModel)" time="0.022" />
  <testcase classname="ptolemy.util.test.junit.AutoTests" name="[141] /home/travis/build/icyphy/ptII/ptolemy/domains/modal/test/auto/modalModel2.xml (RunModel)" time="0.029" />
  <testcase classname="ptolemy.util.test.junit.AutoTests" name="[142] /home/travis/build/icyphy/ptII/ptolemy/domains/modal/test/auto/modalModel3.xml (RunModel)" time="0.051" />
  <testcase classname="ptolemy.util.test.junit.AutoTests" name="[143] /home/travis/build/icyphy/ptII/ptolemy/domains/modal/test/auto/model1.xml (RunModel)" time="0.02" />
  <testcase classname="ptolemy.util.test.junit.AutoTests" name="[144] /home/travis/build/icyphy/ptII/ptolemy/domains/modal/test/auto/test-direct-in-out.xml (RunModel)" time="0.047" />
  <system-out><![CDATA[/home/travis/build/icyphy/ptII/ptolemy/domains/modal/test/SystemLevelType.tcl
testDefs.tcl: setting time out to 9000 seconds at Tue Dec 11 03:01:53 UTC 2018
12/11/18 03:01:54
Failed: 0  Total Tests: 1  ((Passed: 1, Newly Passed: 0)  Known Failed: 0) /home/travis/build/icyphy/ptII/ptolemy/domains/modal/test
----------------- testing (KnownFailure) /home/travis/build/icyphy/ptII/ptolemy/domains/modal/test/auto/knownFailedTests/CannotAnalysisWithPreemption.xml
61 ms. Memory: 208384K Free: 185870K (89%)
Known Failure: java.lang.reflect.InvocationTargetException
No auto/linux-amd64/*.xml tests in /home/travis/build/icyphy/ptII/ptolemy/domains/modal/test
AutoTests.java: About to close Vertx.
AutoTests.java: Vertx closed.

===========================================================================================
----------------- testing Tue Dec 11 03:01:55 UTC 2018 /home/travis/build/icyphy/ptII/ptolemy/domains/modal/test/auto/ABPTest.xml
----------------- Instantiating /home/travis/build/icyphy/ptII/ptolemy/domains/modal/test/auto/ABPTest.xml
312 ms. Memory: 332288K Free: 293942K (88%)
----------------- Invoking toplevel() on ptolemy.moml.MoMLSimpleApplication@54edaf12
----------------- Done invoking toplevel() on ptolemy.moml.MoMLSimpleApplication@54edaf12
reloadAllAccessors: .ABPTest

===========================================================================================
----------------- testing Tue Dec 11 03:01:56 UTC 2018 /home/travis/build/icyphy/ptII/ptolemy/domains/modal/test/auto/ABROFlat.xml
----------------- Instantiating /home/travis/build/icyphy/ptII/ptolemy/domains/modal/test/auto/ABROFlat.xml
23 ms. Memory: 332288K Free: 271773K (82%)
----------------- Invoking toplevel() on ptolemy.moml.MoMLSimpleApplication@476d43b2
----------------- Done invoking toplevel() on ptolemy.moml.MoMLSimpleApplication@476d43b2
reloadAllAccessors: .ABROFlat

===========================================================================================
----------------- testing Tue Dec 11 03:01:56 UTC 2018 /home/travis/build/icyphy/ptII/ptolemy/domains/modal/test/auto/ABROFlat2.xml
----------------- Instantiating /home/travis/build/icyphy/ptII/ptolemy/domains/modal/test/auto/ABROFlat2.xml
19 ms. Memory: 332288K Free: 253767K (76%)
----------------- Invoking toplevel() on ptolemy.moml.MoMLSimpleApplication@223705b2
----------------- Done invoking toplevel() on ptolemy.moml.MoMLSimpleApplication@223705b2
reloadAllAccessors: .ABROFlat2

===========================================================================================
----------------- testing Tue Dec 11 03:01:56 UTC 2018 /home/travis/build/icyphy/ptII/ptolemy/domains/modal/test/auto/ABRO_present_hmm.xml
----------------- Instantiating /home/travis/build/icyphy/ptII/ptolemy/domains/modal/test/auto/ABRO_present_hmm.xml
43 ms. Memory: 332288K Free: 221106K (67%)
----------------- Invoking toplevel() on ptolemy.moml.MoMLSimpleApplication@6fb3b0c0
----------------- Done invoking toplevel() on ptolemy.moml.MoMLSimpleApplication@6fb3b0c0
reloadAllAccessors: .ABRO_present_hmm

===========================================================================================
----------------- testing Tue Dec 11 03:01:56 UTC 2018 /home/travis/build/icyphy/ptII/ptolemy/domains/modal/test/auto/AMICoderExample.xml
----------------- Instantiating /home/travis/build/icyphy/ptII/ptolemy/domains/modal/test/auto/AMICoderExample.xml
19 ms. Memory: 332288K Free: 209661K (63%)
----------------- Invoking toplevel() on ptolemy.moml.MoMLSimpleApplication@61826a4a
----------------- Done invoking toplevel() on ptolemy.moml.MoMLSimpleApplication@61826a4a
reloadAllAccessors: .AMICoderExample

===========================================================================================
----------------- testing Tue Dec 11 03:01:56 UTC 2018 /home/travis/build/icyphy/ptII/ptolemy/domains/modal/test/auto/AbsentToPresent.xml
----------------- Instantiating /home/travis/build/icyphy/ptII/ptolemy/domains/modal/test/auto/AbsentToPresent.xml
5 ms. Memory: 332288K Free: 199684K (60%)
----------------- Invoking toplevel() on ptolemy.moml.MoMLSimpleApplication@2fff2d7f
----------------- Done invoking toplevel() on ptolemy.moml.MoMLSimpleApplication@2fff2d7f
reloadAllAccessors: .AbsentToPresent

===========================================================================================
----------------- testing Tue Dec 11 03:01:56 UTC 2018 /home/travis/build/icyphy/ptII/ptolemy/domains/modal/test/auto/Blending.xml
----------------- Instantiating /home/travis/build/icyphy/ptII/ptolemy/domains/modal/test/auto/Blending.xml
147 ms. Memory: 332288K Free: 148930K (45%)
----------------- Invoking toplevel() on ptolemy.moml.MoMLSimpleApplication@11c4d895
----------------- Done invoking toplevel() on ptolemy.moml.MoMLSimpleApplication@11c4d895
reloadAllAccessors: .Blending

===========================================================================================
----------------- testing Tue Dec 11 03:01:56 UTC 2018 /home/travis/build/icyphy/ptII/ptolemy/domains/modal/test/auto/Broadcast.xml
----------------- Instantiating /home/travis/build/icyphy/ptII/ptolemy/domains/modal/test/auto/Broadcast.xml
17 ms. Memory: 332288K Free: 135856K (41%)
----------------- Invoking toplevel() on ptolemy.moml.MoMLSimpleApplication@3a60d81b
----------------- Done invoking toplevel() on ptolemy.moml.MoMLSimpleApplication@3a60d81b
reloadAllAccessors: .Broadcast

===========================================================================================
----------------- testing Tue Dec 11 03:01:56 UTC 2018 /home/travis/build/icyphy/ptII/ptolemy/domains/modal/test/auto/BroadcastHierarchy.xml
----------------- Instantiating /home/travis/build/icyphy/ptII/ptolemy/domains/modal/test/auto/BroadcastHierarchy.xml
20 ms. Memory: 332288K Free: 117898K (35%)
----------------- Invoking toplevel() on ptolemy.moml.MoMLSimpleApplication@7673d8c7
----------------- Done invoking toplevel() on ptolemy.moml.MoMLSimpleApplication@7673d8c7
reloadAllAccessors: .BroadcastHierarchy

===========================================================================================
----------------- testing Tue Dec 11 03:01:56 UTC 2018 /home/travis/build/icyphy/ptII/ptolemy/domains/modal/test/auto/BroadcastHierarchy2.xml
----------------- Instantiating /home/travis/build/icyphy/ptII/ptolemy/domains/modal/test/auto/BroadcastHierarchy2.xml
20 ms. Memory: 332288K Free: 81925K (25%)
----------------- Invoking toplevel() on ptolemy.moml.MoMLSimpleApplication@5742e30a
----------------- Done invoking toplevel() on ptolemy.moml.MoMLSimpleApplication@5742e30a
reloadAllAccessors: .BroadcastHierarchy2

===========================================================================================
----------------- testing Tue Dec 11 03:01:57 UTC 2018 /home/travis/build/icyphy/ptII/ptolemy/domains/modal/test/auto/BroadcastHierarchy3.xml
----------------- Instantiating /home/travis/build/icyphy/ptII/ptolemy/domains/modal/test/auto/BroadcastHierarchy3.xml
18 ms. Memory: 333824K Free: 299937K (90%)
----------------- Invoking toplevel() on ptolemy.moml.MoMLSimpleApplication@3ee4528d
----------------- Done invoking toplevel() on ptolemy.moml.MoMLSimpleApplication@3ee4528d
reloadAllAccessors: .BroadcastHierarchy3

===========================================================================================
----------------- testing Tue Dec 11 03:01:57 UTC 2018 /home/travis/build/icyphy/ptII/ptolemy/domains/modal/test/auto/BroadcastHierarchy4.xml
----------------- Instantiating /home/travis/build/icyphy/ptII/ptolemy/domains/modal/test/auto/BroadcastHierarchy4.xml
20 ms. Memory: 333824K Free: 264957K (79%)
----------------- Invoking toplevel() on ptolemy.moml.MoMLSimpleApplication@72315405
----------------- Done invoking toplevel() on ptolemy.moml.MoMLSimpleApplication@72315405
reloadAllAccessors: .BroadcastHierarchy4

===========================================================================================
----------------- testing Tue Dec 11 03:01:57 UTC 2018 /home/travis/build/icyphy/ptII/ptolemy/domains/modal/test/auto/CannotAnalysisWithPreemption2.xml
----------------- Instantiating /home/travis/build/icyphy/ptII/ptolemy/domains/modal/test/auto/CannotAnalysisWithPreemption2.xml
3 ms. Memory: 333824K Free: 255140K (76%)
----------------- Invoking toplevel() on ptolemy.moml.MoMLSimpleApplication@5cf319cf
----------------- Done invoking toplevel() on ptolemy.moml.MoMLSimpleApplication@5cf319cf
reloadAllAccessors: .CannotAnalysisWithPreemption2

===========================================================================================
----------------- testing Tue Dec 11 03:01:57 UTC 2018 /home/travis/build/icyphy/ptII/ptolemy/domains/modal/test/auto/CannotAnalysisWithPreemption3.xml
----------------- Instantiating /home/travis/build/icyphy/ptII/ptolemy/domains/modal/test/auto/CannotAnalysisWithPreemption3.xml
4 ms. Memory: 333824K Free: 242066K (73%)
----------------- Invoking toplevel() on ptolemy.moml.MoMLSimpleApplication@31495d08
----------------- Done invoking toplevel() on ptolemy.moml.MoMLSimpleApplication@31495d08
reloadAllAccessors: .CannotAnalysisWithPreemption3

===========================================================================================
----------------- testing Tue Dec 11 03:01:57 UTC 2018 /home/travis/build/icyphy/ptII/ptolemy/domains/modal/test/auto/CannotProduce.xml
----------------- Instantiating /home/travis/build/icyphy/ptII/ptolemy/domains/modal/test/auto/CannotProduce.xml
8 ms. Memory: 333824K Free: 233242K (70%)
----------------- Invoking toplevel() on ptolemy.moml.MoMLSimpleApplication@4fbd2822
----------------- Done invoking toplevel() on ptolemy.moml.MoMLSimpleApplication@4fbd2822
reloadAllAccessors: .CannotProduce

===========================================================================================
----------------- testing Tue Dec 11 03:01:57 UTC 2018 /home/travis/build/icyphy/ptII/ptolemy/domains/modal/test/auto/CannotProduceModal.xml
----------------- Instantiating /home/travis/build/icyphy/ptII/ptolemy/domains/modal/test/auto/CannotProduceModal.xml
12 ms. Memory: 333824K Free: 225077K (67%)
----------------- Invoking toplevel() on ptolemy.moml.MoMLSimpleApplication@b363233
----------------- Done invoking toplevel() on ptolemy.moml.MoMLSimpleApplication@b363233
reloadAllAccessors: .CannotProduceModal

===========================================================================================
----------------- testing Tue Dec 11 03:01:57 UTC 2018 /home/travis/build/icyphy/ptII/ptolemy/domains/modal/test/auto/Case.xml
----------------- Instantiating /home/travis/build/icyphy/ptII/ptolemy/domains/modal/test/auto/Case.xml
28 ms. Memory: 333824K Free: 211987K (64%)
----------------- Invoking toplevel() on ptolemy.moml.MoMLSimpleApplication@2dcbaed2
----------------- Done invoking toplevel() on ptolemy.moml.MoMLSimpleApplication@2dcbaed2
reloadAllAccessors: .Case

===========================================================================================
----------------- testing Tue Dec 11 03:01:57 UTC 2018 /home/travis/build/icyphy/ptII/ptolemy/domains/modal/test/auto/Case1.xml
----------------- Instantiating /home/travis/build/icyphy/ptII/ptolemy/domains/modal/test/auto/Case1.xml
8 ms. Memory: 333824K Free: 201527K (60%)
----------------- Invoking toplevel() on ptolemy.moml.MoMLSimpleApplication@6c4b3418
----------------- Done invoking toplevel() on ptolemy.moml.MoMLSimpleApplication@6c4b3418
reloadAllAccessors: .Case1

===========================================================================================
----------------- testing Tue Dec 11 03:01:57 UTC 2018 /home/travis/build/icyphy/ptII/ptolemy/domains/modal/test/auto/Case2.xml
----------------- Instantiating /home/travis/build/icyphy/ptII/ptolemy/domains/modal/test/auto/Case2.xml
28 ms. Memory: 333824K Free: 190081K (57%)
----------------- Invoking toplevel() on ptolemy.moml.MoMLSimpleApplication@31c3d8a8
----------------- Done invoking toplevel() on ptolemy.moml.MoMLSimpleApplication@31c3d8a8
reloadAllAccessors: .Case2

===========================================================================================
----------------- testing Tue Dec 11 03:01:57 UTC 2018 /home/travis/build/icyphy/ptII/ptolemy/domains/modal/test/auto/CausalityInterface1.xml
----------------- Instantiating /home/travis/build/icyphy/ptII/ptolemy/domains/modal/test/auto/CausalityInterface1.xml
4 ms. Memory: 333824K Free: 183553K (55%)
----------------- Invoking toplevel() on ptolemy.moml.MoMLSimpleApplication@530defc4
----------------- Done invoking toplevel() on ptolemy.moml.MoMLSimpleApplication@530defc4
reloadAllAccessors: .CausalityInterface1

===========================================================================================
----------------- testing Tue Dec 11 03:01:57 UTC 2018 /home/travis/build/icyphy/ptII/ptolemy/domains/modal/test/auto/CausalityInterface10.xml
----------------- Instantiating /home/travis/build/icyphy/ptII/ptolemy/domains/modal/test/auto/CausalityInterface10.xml
6 ms. Memory: 333824K Free: 164927K (49%)
----------------- Invoking toplevel() on ptolemy.moml.MoMLSimpleApplication@1055c94d
----------------- Done invoking toplevel() on ptolemy.moml.MoMLSimpleApplication@1055c94d
reloadAllAccessors: .CausalityInterface10

===========================================================================================
----------------- testing Tue Dec 11 03:01:57 UTC 2018 /home/travis/build/icyphy/ptII/ptolemy/domains/modal/test/auto/CausalityInterface11.xml
----------------- Instantiating /home/travis/build/icyphy/ptII/ptolemy/domains/modal/test/auto/CausalityInterface11.xml
5 ms. Memory: 333824K Free: 148589K (45%)
----------------- Invoking toplevel() on ptolemy.moml.MoMLSimpleApplication@1fc5d7d4
----------------- Done invoking toplevel() on ptolemy.moml.MoMLSimpleApplication@1fc5d7d4
reloadAllAccessors: .CausalityInterface11

===========================================================================================
----------------- testing Tue Dec 11 03:01:57 UTC 2018 /home/travis/build/icyphy/ptII/ptolemy/domains/modal/test/auto/CausalityInterface12.xml
----------------- Instantiating /home/travis/build/icyphy/ptII/ptolemy/domains/modal/test/auto/CausalityInterface12.xml
5 ms. Memory: 333824K Free: 132274K (40%)
----------------- Invoking toplevel() on ptolemy.moml.MoMLSimpleApplication@73fab90a
----------------- Done invoking toplevel() on ptolemy.moml.MoMLSimpleApplication@73fab90a
reloadAllAccessors: .CausalityInterface12

===========================================================================================
----------------- testing Tue Dec 11 03:01:57 UTC 2018 /home/travis/build/icyphy/ptII/ptolemy/domains/modal/test/auto/CausalityInterface13.xml
----------------- Instantiating /home/travis/build/icyphy/ptII/ptolemy/domains/modal/test/auto/CausalityInterface13.xml
12 ms. Memory: 333824K Free: 113641K (34%)
----------------- Invoking toplevel() on ptolemy.moml.MoMLSimpleApplication@5592a5cd
----------------- Done invoking toplevel() on ptolemy.moml.MoMLSimpleApplication@5592a5cd
reloadAllAccessors: .CausalityInterface13

===========================================================================================
----------------- testing Tue Dec 11 03:01:57 UTC 2018 /home/travis/build/icyphy/ptII/ptolemy/domains/modal/test/auto/CausalityInterface14.xml
----------------- Instantiating /home/travis/build/icyphy/ptII/ptolemy/domains/modal/test/auto/CausalityInterface14.xml
12 ms. Memory: 333824K Free: 97310K (29%)
----------------- Invoking toplevel() on ptolemy.moml.MoMLSimpleApplication@3ed134a
----------------- Done invoking toplevel() on ptolemy.moml.MoMLSimpleApplication@3ed134a
reloadAllAccessors: .CausalityInterface14

===========================================================================================
----------------- testing Tue Dec 11 03:01:58 UTC 2018 /home/travis/build/icyphy/ptII/ptolemy/domains/modal/test/auto/CausalityInterface2.xml
----------------- Instantiating /home/travis/build/icyphy/ptII/ptolemy/domains/modal/test/auto/CausalityInterface2.xml
3 ms. Memory: 333824K Free: 89145K (27%)
----------------- Invoking toplevel() on ptolemy.moml.MoMLSimpleApplication@1db9baa4
----------------- Done invoking toplevel() on ptolemy.moml.MoMLSimpleApplication@1db9baa4
reloadAllAccessors: .CausalityInterface2

===========================================================================================
----------------- testing Tue Dec 11 03:01:58 UTC 2018 /home/travis/build/icyphy/ptII/ptolemy/domains/modal/test/auto/CausalityInterface3.xml
----------------- Instantiating /home/travis/build/icyphy/ptII/ptolemy/domains/modal/test/auto/CausalityInterface3.xml
7 ms. Memory: 333824K Free: 79657K (24%)
----------------- Invoking toplevel() on ptolemy.moml.MoMLSimpleApplication@541689ed
----------------- Done invoking toplevel() on ptolemy.moml.MoMLSimpleApplication@541689ed
reloadAllAccessors: .CausalityInterface3

===========================================================================================
----------------- testing Tue Dec 11 03:01:58 UTC 2018 /home/travis/build/icyphy/ptII/ptolemy/domains/modal/test/auto/CausalityInterface4.xml
----------------- Instantiating /home/travis/build/icyphy/ptII/ptolemy/domains/modal/test/auto/CausalityInterface4.xml
3 ms. Memory: 578560K Free: 558744K (97%)
----------------- Invoking toplevel() on ptolemy.moml.MoMLSimpleApplication@4848c663
----------------- Done invoking toplevel() on ptolemy.moml.MoMLSimpleApplication@4848c663
reloadAllAccessors: .CausalityInterface4

===========================================================================================
----------------- testing Tue Dec 11 03:01:58 UTC 2018 /home/travis/build/icyphy/ptII/ptolemy/domains/modal/test/auto/CausalityInterface5.xml
----------------- Instantiating /home/travis/build/icyphy/ptII/ptolemy/domains/modal/test/auto/CausalityInterface5.xml
2 ms. Memory: 578560K Free: 542555K (94%)
----------------- Invoking toplevel() on ptolemy.moml.MoMLSimpleApplication@27c62692
----------------- Done invoking toplevel() on ptolemy.moml.MoMLSimpleApplication@27c62692
reloadAllAccessors: .CausalityInterface5

===========================================================================================
----------------- testing Tue Dec 11 03:01:58 UTC 2018 /home/travis/build/icyphy/ptII/ptolemy/domains/modal/test/auto/CausalityInterface6.xml
----------------- Instantiating /home/travis/build/icyphy/ptII/ptolemy/domains/modal/test/auto/CausalityInterface6.xml
7 ms. Memory: 578560K Free: 529514K (92%)
----------------- Invoking toplevel() on ptolemy.moml.MoMLSimpleApplication@74e5c590
----------------- Done invoking toplevel() on ptolemy.moml.MoMLSimpleApplication@74e5c590
reloadAllAccessors: .CausalityInterface6

===========================================================================================
----------------- testing Tue Dec 11 03:01:58 UTC 2018 /home/travis/build/icyphy/ptII/ptolemy/domains/modal/test/auto/CausalityInterface7.xml
----------------- Instantiating /home/travis/build/icyphy/ptII/ptolemy/domains/modal/test/auto/CausalityInterface7.xml
4 ms. Memory: 578560K Free: 516472K (89%)
----------------- Invoking toplevel() on ptolemy.moml.MoMLSimpleApplication@63b8badf
----------------- Done invoking toplevel() on ptolemy.moml.MoMLSimpleApplication@63b8badf
reloadAllAccessors: .CausalityInterface7

===========================================================================================
----------------- testing Tue Dec 11 03:01:58 UTC 2018 /home/travis/build/icyphy/ptII/ptolemy/domains/modal/test/auto/CausalityInterface8.xml
----------------- Instantiating /home/travis/build/icyphy/ptII/ptolemy/domains/modal/test/auto/CausalityInterface8.xml
4 ms. Memory: 578560K Free: 503431K (87%)
----------------- Invoking toplevel() on ptolemy.moml.MoMLSimpleApplication@27e03a70
----------------- Done invoking toplevel() on ptolemy.moml.MoMLSimpleApplication@27e03a70
reloadAllAccessors: .CausalityInterface8

===========================================================================================
----------------- testing Tue Dec 11 03:01:58 UTC 2018 /home/travis/build/icyphy/ptII/ptolemy/domains/modal/test/auto/CausalityInterface9.xml
----------------- Instantiating /home/travis/build/icyphy/ptII/ptolemy/domains/modal/test/auto/CausalityInterface9.xml
9 ms. Memory: 578560K Free: 487257K (84%)
----------------- Invoking toplevel() on ptolemy.moml.MoMLSimpleApplication@5623cbf2
----------------- Done invoking toplevel() on ptolemy.moml.MoMLSimpleApplication@5623cbf2
reloadAllAccessors: .CausalityInterface9

===========================================================================================
----------------- testing Tue Dec 11 03:01:58 UTC 2018 /home/travis/build/icyphy/ptII/ptolemy/domains/modal/test/auto/ChainedTransitions.xml
----------------- Instantiating /home/travis/build/icyphy/ptII/ptolemy/domains/modal/test/auto/ChainedTransitions.xml
80 ms. Memory: 578560K Free: 457878K (79%)
----------------- Invoking toplevel() on ptolemy.moml.MoMLSimpleApplication@22db48cc
----------------- Done invoking toplevel() on ptolemy.moml.MoMLSimpleApplication@22db48cc
reloadAllAccessors: .ChainedTransitions

===========================================================================================
----------------- testing Tue Dec 11 03:01:58 UTC 2018 /home/travis/build/icyphy/ptII/ptolemy/domains/modal/test/auto/CycleOfImmediateTransitionsFSM.xml
----------------- Instantiating /home/travis/build/icyphy/ptII/ptolemy/domains/modal/test/auto/CycleOfImmediateTransitionsFSM.xml
3 ms. Memory: 578560K Free: 448093K (77%)
----------------- Invoking toplevel() on ptolemy.moml.MoMLSimpleApplication@5100da62
----------------- Done invoking toplevel() on ptolemy.moml.MoMLSimpleApplication@5100da62
reloadAllAccessors: .CycleOfImmediateTransitionsFSM

===========================================================================================
----------------- testing Tue Dec 11 03:01:58 UTC 2018 /home/travis/build/icyphy/ptII/ptolemy/domains/modal/test/auto/CycleOfImmediateTransitionsModal.xml
----------------- Instantiating /home/travis/build/icyphy/ptII/ptolemy/domains/modal/test/auto/CycleOfImmediateTransitionsModal.xml
3 ms. Memory: 578560K Free: 438308K (76%)
----------------- Invoking toplevel() on ptolemy.moml.MoMLSimpleApplication@58d64e8f
----------------- Done invoking toplevel() on ptolemy.moml.MoMLSimpleApplication@58d64e8f
reloadAllAccessors: .CycleOfImmediateTransitionsModal

===========================================================================================
----------------- testing Tue Dec 11 03:01:58 UTC 2018 /home/travis/build/icyphy/ptII/ptolemy/domains/modal/test/auto/CycleOfImmediateTransitionsModal2.xml
----------------- Instantiating /home/travis/build/icyphy/ptII/ptolemy/domains/modal/test/auto/CycleOfImmediateTransitionsModal2.xml
4 ms. Memory: 578560K Free: 425375K (74%)
----------------- Invoking toplevel() on ptolemy.moml.MoMLSimpleApplication@5e8dc4e1
----------------- Done invoking toplevel() on ptolemy.moml.MoMLSimpleApplication@5e8dc4e1
reloadAllAccessors: .CycleOfImmediateTransitionsModal2

===========================================================================================
----------------- testing Tue Dec 11 03:01:58 UTC 2018 /home/travis/build/icyphy/ptII/ptolemy/domains/modal/test/auto/CycleOfImmediateTransitionsModal3.xml
----------------- Instantiating /home/travis/build/icyphy/ptII/ptolemy/domains/modal/test/auto/CycleOfImmediateTransitionsModal3.xml
9 ms. Memory: 578560K Free: 396028K (68%)
----------------- Invoking toplevel() on ptolemy.moml.MoMLSimpleApplication@2321e313
----------------- Done invoking toplevel() on ptolemy.moml.MoMLSimpleApplication@2321e313
reloadAllAccessors: .CycleOfImmediateTransitionsModal3

===========================================================================================
----------------- testing Tue Dec 11 03:01:58 UTC 2018 /home/travis/build/icyphy/ptII/ptolemy/domains/modal/test/auto/DeepModal1.xml
----------------- Instantiating /home/travis/build/icyphy/ptII/ptolemy/domains/modal/test/auto/DeepModal1.xml
23 ms. Memory: 578560K Free: 376458K (65%)
----------------- Invoking toplevel() on ptolemy.moml.MoMLSimpleApplication@649c2b
----------------- Done invoking toplevel() on ptolemy.moml.MoMLSimpleApplication@649c2b
reloadAllAccessors: .DeepModal1

===========================================================================================
----------------- testing Tue Dec 11 03:01:58 UTC 2018 /home/travis/build/icyphy/ptII/ptolemy/domains/modal/test/auto/DeepModal2.xml
----------------- Instantiating /home/travis/build/icyphy/ptII/ptolemy/domains/modal/test/auto/DeepModal2.xml
23 ms. Memory: 578560K Free: 353631K (61%)
----------------- Invoking toplevel() on ptolemy.moml.MoMLSimpleApplication@2e5b14c8
----------------- Done invoking toplevel() on ptolemy.moml.MoMLSimpleApplication@2e5b14c8
reloadAllAccessors: .DeepModal2

===========================================================================================
----------------- testing Tue Dec 11 03:01:58 UTC 2018 /home/travis/build/icyphy/ptII/ptolemy/domains/modal/test/auto/DeepModal3.xml
----------------- Instantiating /home/travis/build/icyphy/ptII/ptolemy/domains/modal/test/auto/DeepModal3.xml
22 ms. Memory: 578560K Free: 327657K (57%)
----------------- Invoking toplevel() on ptolemy.moml.MoMLSimpleApplication@21566707
----------------- Done invoking toplevel() on ptolemy.moml.MoMLSimpleApplication@21566707
reloadAllAccessors: .DeepModal3

===========================================================================================
----------------- testing Tue Dec 11 03:01:58 UTC 2018 /home/travis/build/icyphy/ptII/ptolemy/domains/modal/test/auto/DeepModal4.xml
----------------- Instantiating /home/travis/build/icyphy/ptII/ptolemy/domains/modal/test/auto/DeepModal4.xml
22 ms. Memory: 578560K Free: 304799K (53%)
----------------- Invoking toplevel() on ptolemy.moml.MoMLSimpleApplication@61a11da1
----------------- Done invoking toplevel() on ptolemy.moml.MoMLSimpleApplication@61a11da1
reloadAllAccessors: .DeepModal4

===========================================================================================
----------------- testing Tue Dec 11 03:01:58 UTC 2018 /home/travis/build/icyphy/ptII/ptolemy/domains/modal/test/auto/Default1.xml
----------------- Instantiating /home/travis/build/icyphy/ptII/ptolemy/domains/modal/test/auto/Default1.xml
2 ms. Memory: 578560K Free: 295014K (51%)
----------------- Invoking toplevel() on ptolemy.moml.MoMLSimpleApplication@572c4052
----------------- Done invoking toplevel() on ptolemy.moml.MoMLSimpleApplication@572c4052
reloadAllAccessors: .Default1

===========================================================================================
----------------- testing Tue Dec 11 03:01:58 UTC 2018 /home/travis/build/icyphy/ptII/ptolemy/domains/modal/test/auto/Default2.xml
----------------- Instantiating /home/travis/build/icyphy/ptII/ptolemy/domains/modal/test/auto/Default2.xml
2 ms. Memory: 578560K Free: 285237K (49%)
----------------- Invoking toplevel() on ptolemy.moml.MoMLSimpleApplication@4e29b871
----------------- Done invoking toplevel() on ptolemy.moml.MoMLSimpleApplication@4e29b871
reloadAllAccessors: .Default2

===========================================================================================
----------------- testing Tue Dec 11 03:01:58 UTC 2018 /home/travis/build/icyphy/ptII/ptolemy/domains/modal/test/auto/Default3.xml
----------------- Instantiating /home/travis/build/icyphy/ptII/ptolemy/domains/modal/test/auto/Default3.xml
3 ms. Memory: 578560K Free: 272320K (47%)
----------------- Invoking toplevel() on ptolemy.moml.MoMLSimpleApplication@26e5ddb7
----------------- Done invoking toplevel() on ptolemy.moml.MoMLSimpleApplication@26e5ddb7
reloadAllAccessors: .Default3

===========================================================================================
----------------- testing Tue Dec 11 03:01:58 UTC 2018 /home/travis/build/icyphy/ptII/ptolemy/domains/modal/test/auto/Default4.xml
----------------- Instantiating /home/travis/build/icyphy/ptII/ptolemy/domains/modal/test/auto/Default4.xml
2 ms. Memory: 578560K Free: 262543K (45%)
----------------- Invoking toplevel() on ptolemy.moml.MoMLSimpleApplication@fe933b1
----------------- Done invoking toplevel() on ptolemy.moml.MoMLSimpleApplication@fe933b1
reloadAllAccessors: .Default4

===========================================================================================
----------------- testing Tue Dec 11 03:01:58 UTC 2018 /home/travis/build/icyphy/ptII/ptolemy/domains/modal/test/auto/Default5.xml
----------------- Instantiating /home/travis/build/icyphy/ptII/ptolemy/domains/modal/test/auto/Default5.xml
3 ms. Memory: 578560K Free: 249502K (43%)
----------------- Invoking toplevel() on ptolemy.moml.MoMLSimpleApplication@29b6f48f
----------------- Done invoking toplevel() on ptolemy.moml.MoMLSimpleApplication@29b6f48f
reloadAllAccessors: .Default5

===========================================================================================
----------------- testing Tue Dec 11 03:01:58 UTC 2018 /home/travis/build/icyphy/ptII/ptolemy/domains/modal/test/auto/EmptyGuard.xml
----------------- Instantiating /home/travis/build/icyphy/ptII/ptolemy/domains/modal/test/auto/EmptyGuard.xml
5 ms. Memory: 578560K Free: 236460K (41%)
----------------- Invoking toplevel() on ptolemy.moml.MoMLSimpleApplication@8af919a
----------------- Done invoking toplevel() on ptolemy.moml.MoMLSimpleApplication@8af919a
reloadAllAccessors: .EmptyGuard

===========================================================================================
----------------- testing Tue Dec 11 03:01:58 UTC 2018 /home/travis/build/icyphy/ptII/ptolemy/domains/modal/test/auto/ErrorTransition1.xml
----------------- Instantiating /home/travis/build/icyphy/ptII/ptolemy/domains/modal/test/auto/ErrorTransition1.xml
6 ms. Memory: 578560K Free: 220279K (38%)
----------------- Invoking toplevel() on ptolemy.moml.MoMLSimpleApplication@26e8763a
----------------- Done invoking toplevel() on ptolemy.moml.MoMLSimpleApplication@26e8763a
reloadAllAccessors: .ErrorTransition1

===========================================================================================
----------------- testing Tue Dec 11 03:01:59 UTC 2018 /home/travis/build/icyphy/ptII/ptolemy/domains/modal/test/auto/ErrorTransition10.xml
----------------- Instantiating /home/travis/build/icyphy/ptII/ptolemy/domains/modal/test/auto/ErrorTransition10.xml
13 ms. Memory: 578560K Free: 203974K (35%)
----------------- Invoking toplevel() on ptolemy.moml.MoMLSimpleApplication@6166f3b
----------------- Done invoking toplevel() on ptolemy.moml.MoMLSimpleApplication@6166f3b
reloadAllAccessors: .ErrorTransition10

===========================================================================================
----------------- testing Tue Dec 11 03:01:59 UTC 2018 /home/travis/build/icyphy/ptII/ptolemy/domains/modal/test/auto/ErrorTransition11.xml
----------------- Instantiating /home/travis/build/icyphy/ptII/ptolemy/domains/modal/test/auto/ErrorTransition11.xml
4 ms. Memory: 578560K Free: 187660K (32%)
----------------- Invoking toplevel() on ptolemy.moml.MoMLSimpleApplication@24c8443d
----------------- Done invoking toplevel() on ptolemy.moml.MoMLSimpleApplication@24c8443d
reloadAllAccessors: .ErrorTransition11

===========================================================================================
----------------- testing Tue Dec 11 03:01:59 UTC 2018 /home/travis/build/icyphy/ptII/ptolemy/domains/modal/test/auto/ErrorTransition2.xml
----------------- Instantiating /home/travis/build/icyphy/ptII/ptolemy/domains/modal/test/auto/ErrorTransition2.xml
5 ms. Memory: 578560K Free: 174618K (30%)
----------------- Invoking toplevel() on ptolemy.moml.MoMLSimpleApplication@11e114a7
----------------- Done invoking toplevel() on ptolemy.moml.MoMLSimpleApplication@11e114a7
reloadAllAccessors: .ErrorTransition2

===========================================================================================
----------------- testing Tue Dec 11 03:01:59 UTC 2018 /home/travis/build/icyphy/ptII/ptolemy/domains/modal/test/auto/ErrorTransition3.xml
----------------- Instantiating /home/travis/build/icyphy/ptII/ptolemy/domains/modal/test/auto/ErrorTransition3.xml
9 ms. Memory: 578560K Free: 161577K (28%)
----------------- Invoking toplevel() on ptolemy.moml.MoMLSimpleApplication@497620ba
----------------- Done invoking toplevel() on ptolemy.moml.MoMLSimpleApplication@497620ba
reloadAllAccessors: .ErrorTransition3

===========================================================================================
----------------- testing Tue Dec 11 03:01:59 UTC 2018 /home/travis/build/icyphy/ptII/ptolemy/domains/modal/test/auto/ErrorTransition4.xml
----------------- Instantiating /home/travis/build/icyphy/ptII/ptolemy/domains/modal/test/auto/ErrorTransition4.xml
9 ms. Memory: 578560K Free: 145388K (25%)
----------------- Invoking toplevel() on ptolemy.moml.MoMLSimpleApplication@7ceb9d4
----------------- Done invoking toplevel() on ptolemy.moml.MoMLSimpleApplication@7ceb9d4
reloadAllAccessors: .ErrorTransition4

===========================================================================================
----------------- testing Tue Dec 11 03:01:59 UTC 2018 /home/travis/build/icyphy/ptII/ptolemy/domains/modal/test/auto/ErrorTransition5.xml
----------------- Instantiating /home/travis/build/icyphy/ptII/ptolemy/domains/modal/test/auto/ErrorTransition5.xml
5 ms. Memory: 578560K Free: 132346K (23%)
----------------- Invoking toplevel() on ptolemy.moml.MoMLSimpleApplication@157c6d8b
----------------- Done invoking toplevel() on ptolemy.moml.MoMLSimpleApplication@157c6d8b
reloadAllAccessors: .ErrorTransition5

===========================================================================================
----------------- testing Tue Dec 11 03:01:59 UTC 2018 /home/travis/build/icyphy/ptII/ptolemy/domains/modal/test/auto/ErrorTransition6.xml
----------------- Instantiating /home/travis/build/icyphy/ptII/ptolemy/domains/modal/test/auto/ErrorTransition6.xml
6 ms. Memory: 578560K Free: 119305K (21%)
----------------- Invoking toplevel() on ptolemy.moml.MoMLSimpleApplication@669306cb
----------------- Done invoking toplevel() on ptolemy.moml.MoMLSimpleApplication@669306cb
reloadAllAccessors: .ErrorTransition6

===========================================================================================
----------------- testing Tue Dec 11 03:01:59 UTC 2018 /home/travis/build/icyphy/ptII/ptolemy/domains/modal/test/auto/ErrorTransition7.xml
----------------- Instantiating /home/travis/build/icyphy/ptII/ptolemy/domains/modal/test/auto/ErrorTransition7.xml
9 ms. Memory: 578560K Free: 102999K (18%)
----------------- Invoking toplevel() on ptolemy.moml.MoMLSimpleApplication@236e36b2
----------------- Done invoking toplevel() on ptolemy.moml.MoMLSimpleApplication@236e36b2
reloadAllAccessors: .ErrorTransition7

===========================================================================================
----------------- testing Tue Dec 11 03:01:59 UTC 2018 /home/travis/build/icyphy/ptII/ptolemy/domains/modal/test/auto/ErrorTransition8.xml
----------------- Instantiating /home/travis/build/icyphy/ptII/ptolemy/domains/modal/test/auto/ErrorTransition8.xml
44 ms. Memory: 578560K Free: 83538K (14%)
----------------- Invoking toplevel() on ptolemy.moml.MoMLSimpleApplication@691d5d5d
----------------- Done invoking toplevel() on ptolemy.moml.MoMLSimpleApplication@691d5d5d
reloadAllAccessors: .ErrorTransition8

===========================================================================================
----------------- testing Tue Dec 11 03:01:59 UTC 2018 /home/travis/build/icyphy/ptII/ptolemy/domains/modal/test/auto/ErrorTransition9.xml
----------------- Instantiating /home/travis/build/icyphy/ptII/ptolemy/domains/modal/test/auto/ErrorTransition9.xml
8 ms. Memory: 578560K Free: 556136K (96%)
----------------- Invoking toplevel() on ptolemy.moml.MoMLSimpleApplication@74a4135f
----------------- Done invoking toplevel() on ptolemy.moml.MoMLSimpleApplication@74a4135f
reloadAllAccessors: .ErrorTransition9

===========================================================================================
----------------- testing Tue Dec 11 03:01:59 UTC 2018 /home/travis/build/icyphy/ptII/ptolemy/domains/modal/test/auto/ExtendedFSM.xml
----------------- Instantiating /home/travis/build/icyphy/ptII/ptolemy/domains/modal/test/auto/ExtendedFSM.xml
5 ms. Memory: 578560K Free: 544161K (94%)
----------------- Invoking toplevel() on ptolemy.moml.MoMLSimpleApplication@111e436a
----------------- Done invoking toplevel() on ptolemy.moml.MoMLSimpleApplication@111e436a
reloadAllAccessors: .ExtendedFSM

===========================================================================================
----------------- testing Tue Dec 11 03:01:59 UTC 2018 /home/travis/build/icyphy/ptII/ptolemy/domains/modal/test/auto/FinalStates.xml
----------------- Instantiating /home/travis/build/icyphy/ptII/ptolemy/domains/modal/test/auto/FinalStates.xml
4 ms. Memory: 578560K Free: 534384K (92%)
----------------- Invoking toplevel() on ptolemy.moml.MoMLSimpleApplication@2354f968
----------------- Done invoking toplevel() on ptolemy.moml.MoMLSimpleApplication@2354f968
reloadAllAccessors: .FinalStates

===========================================================================================
----------------- testing Tue Dec 11 03:01:59 UTC 2018 /home/travis/build/icyphy/ptII/ptolemy/domains/modal/test/auto/FixedPointFSM.xml
----------------- Instantiating /home/travis/build/icyphy/ptII/ptolemy/domains/modal/test/auto/FixedPointFSM.xml
17 ms. Memory: 578560K Free: 512608K (89%)
----------------- Invoking toplevel() on ptolemy.moml.MoMLSimpleApplication@61fde7c1
----------------- Done invoking toplevel() on ptolemy.moml.MoMLSimpleApplication@61fde7c1
reloadAllAccessors: .FixedPointFSM

===========================================================================================
----------------- testing Tue Dec 11 03:01:59 UTC 2018 /home/travis/build/icyphy/ptII/ptolemy/domains/modal/test/auto/FixedPointIterationFSMActor.xml
----------------- Instantiating /home/travis/build/icyphy/ptII/ptolemy/domains/modal/test/auto/FixedPointIterationFSMActor.xml
5 ms. Memory: 578560K Free: 499574K (86%)
----------------- Invoking toplevel() on ptolemy.moml.MoMLSimpleApplication@2b203987
----------------- Done invoking toplevel() on ptolemy.moml.MoMLSimpleApplication@2b203987
reloadAllAccessors: .FixedPointIterationFSMActor

===========================================================================================
----------------- testing Tue Dec 11 03:01:59 UTC 2018 /home/travis/build/icyphy/ptII/ptolemy/domains/modal/test/auto/FixedPointIterationFSMActor2.xml
----------------- Instantiating /home/travis/build/icyphy/ptII/ptolemy/domains/modal/test/auto/FixedPointIterationFSMActor2.xml
12 ms. Memory: 578560K Free: 483277K (84%)
----------------- Invoking toplevel() on ptolemy.moml.MoMLSimpleApplication@74808f1c
----------------- Done invoking toplevel() on ptolemy.moml.MoMLSimpleApplication@74808f1c
reloadAllAccessors: .FixedPointIterationFSMActor2

===========================================================================================
----------------- testing Tue Dec 11 03:01:59 UTC 2018 /home/travis/build/icyphy/ptII/ptolemy/domains/modal/test/auto/ForbiddenInstantanousLoop.xml
----------------- Instantiating /home/travis/build/icyphy/ptII/ptolemy/domains/modal/test/auto/ForbiddenInstantanousLoop.xml
5 ms. Memory: 578560K Free: 464756K (80%)
----------------- Invoking toplevel() on ptolemy.moml.MoMLSimpleApplication@7253a478
----------------- Done invoking toplevel() on ptolemy.moml.MoMLSimpleApplication@7253a478
reloadAllAccessors: .ForbiddenInstantanousLoop

===========================================================================================
----------------- testing Tue Dec 11 03:01:59 UTC 2018 /home/travis/build/icyphy/ptII/ptolemy/domains/modal/test/auto/FunctionDependencyOfFSMActorTest.xml
----------------- Instantiating /home/travis/build/icyphy/ptII/ptolemy/domains/modal/test/auto/FunctionDependencyOfFSMActorTest.xml
14 ms. Memory: 578560K Free: 454987K (79%)
----------------- Invoking toplevel() on ptolemy.moml.MoMLSimpleApplication@f1768ed
----------------- Done invoking toplevel() on ptolemy.moml.MoMLSimpleApplication@f1768ed
reloadAllAccessors: .FunctionDependencyOfFSMActorTest

===========================================================================================
----------------- testing Tue Dec 11 03:01:59 UTC 2018 /home/travis/build/icyphy/ptII/ptolemy/domains/modal/test/auto/GuardExpression.xml
----------------- Instantiating /home/travis/build/icyphy/ptII/ptolemy/domains/modal/test/auto/GuardExpression.xml
2 ms. Memory: 578560K Free: 445202K (77%)
----------------- Invoking toplevel() on ptolemy.moml.MoMLSimpleApplication@3a1474c
----------------- Done invoking toplevel() on ptolemy.moml.MoMLSimpleApplication@3a1474c
reloadAllAccessors: .GuardExpression

===========================================================================================
----------------- testing Tue Dec 11 03:01:59 UTC 2018 /home/travis/build/icyphy/ptII/ptolemy/domains/modal/test/auto/GuardNotEvaluated.xml
----------------- Instantiating /home/travis/build/icyphy/ptII/ptolemy/domains/modal/test/auto/GuardNotEvaluated.xml
5 ms. Memory: 578560K Free: 429971K (74%)
----------------- Invoking toplevel() on ptolemy.moml.MoMLSimpleApplication@1a06cec4
----------------- Done invoking toplevel() on ptolemy.moml.MoMLSimpleApplication@1a06cec4
reloadAllAccessors: .GuardNotEvaluated

===========================================================================================
----------------- testing Tue Dec 11 03:01:59 UTC 2018 /home/travis/build/icyphy/ptII/ptolemy/domains/modal/test/auto/GuardNotEvaluated2.xml
----------------- Instantiating /home/travis/build/icyphy/ptII/ptolemy/domains/modal/test/auto/GuardNotEvaluated2.xml
9 ms. Memory: 578560K Free: 416945K (72%)
----------------- Invoking toplevel() on ptolemy.moml.MoMLSimpleApplication@427c2fb
----------------- Done invoking toplevel() on ptolemy.moml.MoMLSimpleApplication@427c2fb
reloadAllAccessors: .GuardNotEvaluated2

===========================================================================================
----------------- testing Tue Dec 11 03:01:59 UTC 2018 /home/travis/build/icyphy/ptII/ptolemy/domains/modal/test/auto/GuardOnAbsent.xml
----------------- Instantiating /home/travis/build/icyphy/ptII/ptolemy/domains/modal/test/auto/GuardOnAbsent.xml
7 ms. Memory: 578560K Free: 407160K (70%)
----------------- Invoking toplevel() on ptolemy.moml.MoMLSimpleApplication@5a6e94bd
----------------- Done invoking toplevel() on ptolemy.moml.MoMLSimpleApplication@5a6e94bd
reloadAllAccessors: .GuardOnAbsent

===========================================================================================
----------------- testing Tue Dec 11 03:01:59 UTC 2018 /home/travis/build/icyphy/ptII/ptolemy/domains/modal/test/auto/HierarchicalFSMTypeInference.xml
----------------- Instantiating /home/travis/build/icyphy/ptII/ptolemy/domains/modal/test/auto/HierarchicalFSMTypeInference.xml
5 ms. Memory: 578560K Free: 388656K (67%)
----------------- Invoking toplevel() on ptolemy.moml.MoMLSimpleApplication@1716a1a9
----------------- Done invoking toplevel() on ptolemy.moml.MoMLSimpleApplication@1716a1a9
reloadAllAccessors: .HierarchicalFSMTypeInference

===========================================================================================
----------------- testing Tue Dec 11 03:01:59 UTC 2018 /home/travis/build/icyphy/ptII/ptolemy/domains/modal/test/auto/Hysteresis.xml
----------------- Instantiating /home/travis/build/icyphy/ptII/ptolemy/domains/modal/test/auto/Hysteresis.xml
10 ms. Memory: 578560K Free: 369070K (64%)
----------------- Invoking toplevel() on ptolemy.moml.MoMLSimpleApplication@22f12312
----------------- Done invoking toplevel() on ptolemy.moml.MoMLSimpleApplication@22f12312
reloadAllAccessors: .Hysteresis

===========================================================================================
----------------- testing Tue Dec 11 03:01:59 UTC 2018 /home/travis/build/icyphy/ptII/ptolemy/domains/modal/test/auto/HysteresisWithDefault.xml
----------------- Instantiating /home/travis/build/icyphy/ptII/ptolemy/domains/modal/test/auto/HysteresisWithDefault.xml
28 ms. Memory: 578560K Free: 342979K (59%)
----------------- Invoking toplevel() on ptolemy.moml.MoMLSimpleApplication@43f0592f
----------------- Done invoking toplevel() on ptolemy.moml.MoMLSimpleApplication@43f0592f
reloadAllAccessors: .HysteresisWithDefault

===========================================================================================
----------------- testing Tue Dec 11 03:01:59 UTC 2018 /home/travis/build/icyphy/ptII/ptolemy/domains/modal/test/auto/HysteresisWithDefault2.xml
----------------- Instantiating /home/travis/build/icyphy/ptII/ptolemy/domains/modal/test/auto/HysteresisWithDefault2.xml
30 ms. Memory: 578560K Free: 308137K (53%)
----------------- Invoking toplevel() on ptolemy.moml.MoMLSimpleApplication@780464d6
----------------- Done invoking toplevel() on ptolemy.moml.MoMLSimpleApplication@780464d6
reloadAllAccessors: .HysteresisWithDefault2

===========================================================================================
----------------- testing Tue Dec 11 03:01:59 UTC 2018 /home/travis/build/icyphy/ptII/ptolemy/domains/modal/test/auto/ImmediateNonConstructiveness.xml
----------------- Instantiating /home/travis/build/icyphy/ptII/ptolemy/domains/modal/test/auto/ImmediateNonConstructiveness.xml
2 ms. Memory: 578560K Free: 298360K (52%)
----------------- Invoking toplevel() on ptolemy.moml.MoMLSimpleApplication@21cc5ac1
----------------- Done invoking toplevel() on ptolemy.moml.MoMLSimpleApplication@21cc5ac1
reloadAllAccessors: .ImmediateNonConstructiveness

===========================================================================================
----------------- testing Tue Dec 11 03:01:59 UTC 2018 /home/travis/build/icyphy/ptII/ptolemy/domains/modal/test/auto/ImmediateNonConstructiveness2.xml
----------------- Instantiating /home/travis/build/icyphy/ptII/ptolemy/domains/modal/test/auto/ImmediateNonConstructiveness2.xml
2 ms. Memory: 578560K Free: 286369K (49%)
----------------- Invoking toplevel() on ptolemy.moml.MoMLSimpleApplication@29816fc5
----------------- Done invoking toplevel() on ptolemy.moml.MoMLSimpleApplication@29816fc5
reloadAllAccessors: .ImmediateNonConstructiveness2

===========================================================================================
----------------- testing Tue Dec 11 03:01:59 UTC 2018 /home/travis/build/icyphy/ptII/ptolemy/domains/modal/test/auto/ImmediateTransitionReset.xml
----------------- Instantiating /home/travis/build/icyphy/ptII/ptolemy/domains/modal/test/auto/ImmediateTransitionReset.xml
3 ms. Memory: 578560K Free: 270072K (47%)
----------------- Invoking toplevel() on ptolemy.moml.MoMLSimpleApplication@29cc889d
----------------- Done invoking toplevel() on ptolemy.moml.MoMLSimpleApplication@29cc889d
reloadAllAccessors: .ImmediateTransitionReset

===========================================================================================
----------------- testing Tue Dec 11 03:02:00 UTC 2018 /home/travis/build/icyphy/ptII/ptolemy/domains/modal/test/auto/ImmediateTransitions1.xml
----------------- Instantiating /home/travis/build/icyphy/ptII/ptolemy/domains/modal/test/auto/ImmediateTransitions1.xml
2 ms. Memory: 578560K Free: 260287K (45%)
----------------- Invoking toplevel() on ptolemy.moml.MoMLSimpleApplication@1459b295
----------------- Done invoking toplevel() on ptolemy.moml.MoMLSimpleApplication@1459b295
reloadAllAccessors: .ImmediateTransitions1

===========================================================================================
----------------- testing Tue Dec 11 03:02:00 UTC 2018 /home/travis/build/icyphy/ptII/ptolemy/domains/modal/test/auto/ImmediateTransitionsInstantaneousCommunication.xml
----------------- Instantiating /home/travis/build/icyphy/ptII/ptolemy/domains/modal/test/auto/ImmediateTransitionsInstantaneousCommunication.xml
3 ms. Memory: 578560K Free: 241767K (42%)
----------------- Invoking toplevel() on ptolemy.moml.MoMLSimpleApplication@78b812d7
----------------- Done invoking toplevel() on ptolemy.moml.MoMLSimpleApplication@78b812d7
reloadAllAccessors: .ImmediateTransitionsInstantaneousCommunication

===========================================================================================
----------------- testing Tue Dec 11 03:02:00 UTC 2018 /home/travis/build/icyphy/ptII/ptolemy/domains/modal/test/auto/InitialImmediateTransition.xml
----------------- Instantiating /home/travis/build/icyphy/ptII/ptolemy/domains/modal/test/auto/InitialImmediateTransition.xml
3 ms. Memory: 578560K Free: 231982K (40%)
----------------- Invoking toplevel() on ptolemy.moml.MoMLSimpleApplication@781b54c
----------------- Done invoking toplevel() on ptolemy.moml.MoMLSimpleApplication@781b54c
reloadAllAccessors: .InitialImmediateTransition

===========================================================================================
----------------- testing Tue Dec 11 03:02:00 UTC 2018 /home/travis/build/icyphy/ptII/ptolemy/domains/modal/test/auto/InitialOutputs.xml
----------------- Instantiating /home/travis/build/icyphy/ptII/ptolemy/domains/modal/test/auto/InitialOutputs.xml
3 ms. Memory: 578560K Free: 222197K (38%)
----------------- Invoking toplevel() on ptolemy.moml.MoMLSimpleApplication@3f9547ce
----------------- Done invoking toplevel() on ptolemy.moml.MoMLSimpleApplication@3f9547ce
reloadAllAccessors: .InitialOutputs

===========================================================================================
----------------- testing Tue Dec 11 03:02:00 UTC 2018 /home/travis/build/icyphy/ptII/ptolemy/domains/modal/test/auto/InitialStateTransition1.xml
----------------- Instantiating /home/travis/build/icyphy/ptII/ptolemy/domains/modal/test/auto/InitialStateTransition1.xml
2 ms. Memory: 578560K Free: 206965K (36%)
----------------- Invoking toplevel() on ptolemy.moml.MoMLSimpleApplication@345ed52f
----------------- Done invoking toplevel() on ptolemy.moml.MoMLSimpleApplication@345ed52f
reloadAllAccessors: .InitialStateTransition1

===========================================================================================
----------------- testing Tue Dec 11 03:02:00 UTC 2018 /home/travis/build/icyphy/ptII/ptolemy/domains/modal/test/auto/InitialStateTransition2.xml
----------------- Instantiating /home/travis/build/icyphy/ptII/ptolemy/domains/modal/test/auto/InitialStateTransition2.xml
.InitialStateTransition2.TestExceptionAttributeNonConstructive: initialize() was not invoked, but wrapup() was.  This is unusual, but not always a problem.  For example, exporting JNLP will do this.
1 ms. Memory: 578560K Free: 193939K (34%)
----------------- Invoking toplevel() on ptolemy.moml.MoMLSimpleApplication@1f786a98
----------------- Done invoking toplevel() on ptolemy.moml.MoMLSimpleApplication@1f786a98
reloadAllAccessors: .InitialStateTransition2

===========================================================================================
----------------- testing Tue Dec 11 03:02:00 UTC 2018 /home/travis/build/icyphy/ptII/ptolemy/domains/modal/test/auto/InitialStateTransition3.xml
----------------- Instantiating /home/travis/build/icyphy/ptII/ptolemy/domains/modal/test/auto/InitialStateTransition3.xml
2 ms. Memory: 578560K Free: 178684K (31%)
----------------- Invoking toplevel() on ptolemy.moml.MoMLSimpleApplication@68d574ef
----------------- Done invoking toplevel() on ptolemy.moml.MoMLSimpleApplication@68d574ef
reloadAllAccessors: .InitialStateTransition3

===========================================================================================
----------------- testing Tue Dec 11 03:02:00 UTC 2018 /home/travis/build/icyphy/ptII/ptolemy/domains/modal/test/auto/InitialStateTransition4.xml
----------------- Instantiating /home/travis/build/icyphy/ptII/ptolemy/domains/modal/test/auto/InitialStateTransition4.xml
2 ms. Memory: 578560K Free: 165642K (29%)
----------------- Invoking toplevel() on ptolemy.moml.MoMLSimpleApplication@20a5597c
----------------- Done invoking toplevel() on ptolemy.moml.MoMLSimpleApplication@20a5597c
[...]
----------------- Done invoking toplevel() on ptolemy.moml.MoMLSimpleApplication@4d1d0e69
reloadAllAccessors: .TerminationTransition3

===========================================================================================
----------------- testing Tue Dec 11 03:02:01 UTC 2018 /home/travis/build/icyphy/ptII/ptolemy/domains/modal/test/auto/TerminationTransition4.xml
----------------- Instantiating /home/travis/build/icyphy/ptII/ptolemy/domains/modal/test/auto/TerminationTransition4.xml
5 ms. Memory: 871936K Free: 847143K (97%)
----------------- Invoking toplevel() on ptolemy.moml.MoMLSimpleApplication@7e559268
----------------- Done invoking toplevel() on ptolemy.moml.MoMLSimpleApplication@7e559268
reloadAllAccessors: .TerminationTransition4

===========================================================================================
----------------- testing Tue Dec 11 03:02:01 UTC 2018 /home/travis/build/icyphy/ptII/ptolemy/domains/modal/test/auto/TerminationTransition5.xml
----------------- Instantiating /home/travis/build/icyphy/ptII/ptolemy/domains/modal/test/auto/TerminationTransition5.xml
2 ms. Memory: 871936K Free: 824438K (95%)
----------------- Invoking toplevel() on ptolemy.moml.MoMLSimpleApplication@58777148
----------------- Done invoking toplevel() on ptolemy.moml.MoMLSimpleApplication@58777148
reloadAllAccessors: .TerminationTransition5

===========================================================================================
----------------- testing Tue Dec 11 03:02:01 UTC 2018 /home/travis/build/icyphy/ptII/ptolemy/domains/modal/test/auto/TerminationTransition6.xml
----------------- Instantiating /home/travis/build/icyphy/ptII/ptolemy/domains/modal/test/auto/TerminationTransition6.xml
1 ms. Memory: 871936K Free: 808812K (93%)
----------------- Invoking toplevel() on ptolemy.moml.MoMLSimpleApplication@18f35072
----------------- Done invoking toplevel() on ptolemy.moml.MoMLSimpleApplication@18f35072
reloadAllAccessors: .TerminationTransition6

===========================================================================================
----------------- testing Tue Dec 11 03:02:01 UTC 2018 /home/travis/build/icyphy/ptII/ptolemy/domains/modal/test/auto/TerminationTransition7.xml
----------------- Instantiating /home/travis/build/icyphy/ptII/ptolemy/domains/modal/test/auto/TerminationTransition7.xml
4 ms. Memory: 871936K Free: 791218K (91%)
----------------- Invoking toplevel() on ptolemy.moml.MoMLSimpleApplication@1fb04dc
----------------- Done invoking toplevel() on ptolemy.moml.MoMLSimpleApplication@1fb04dc
reloadAllAccessors: .TerminationTransition7

===========================================================================================
----------------- testing Tue Dec 11 03:02:02 UTC 2018 /home/travis/build/icyphy/ptII/ptolemy/domains/modal/test/auto/TerminationTransition8.xml
----------------- Instantiating /home/travis/build/icyphy/ptII/ptolemy/domains/modal/test/auto/TerminationTransition8.xml
1 ms. Memory: 871936K Free: 775575K (89%)
----------------- Invoking toplevel() on ptolemy.moml.MoMLSimpleApplication@59d9ed2d
----------------- Done invoking toplevel() on ptolemy.moml.MoMLSimpleApplication@59d9ed2d
reloadAllAccessors: .TerminationTransition8

===========================================================================================
----------------- testing Tue Dec 11 03:02:02 UTC 2018 /home/travis/build/icyphy/ptII/ptolemy/domains/modal/test/auto/Thermostat_NoHysteresis.xml
----------------- Instantiating /home/travis/build/icyphy/ptII/ptolemy/domains/modal/test/auto/Thermostat_NoHysteresis.xml
18 ms. Memory: 871936K Free: 742453K (85%)
----------------- Invoking toplevel() on ptolemy.moml.MoMLSimpleApplication@6b15fc20
----------------- Done invoking toplevel() on ptolemy.moml.MoMLSimpleApplication@6b15fc20
reloadAllAccessors: .Thermostat_NoHysteresis

===========================================================================================
----------------- testing Tue Dec 11 03:02:02 UTC 2018 /home/travis/build/icyphy/ptII/ptolemy/domains/modal/test/auto/TimedFSM.xml
----------------- Instantiating /home/travis/build/icyphy/ptII/ptolemy/domains/modal/test/auto/TimedFSM.xml
6 ms. Memory: 871936K Free: 726810K (83%)
----------------- Invoking toplevel() on ptolemy.moml.MoMLSimpleApplication@14b8fc88
----------------- Done invoking toplevel() on ptolemy.moml.MoMLSimpleApplication@14b8fc88
reloadAllAccessors: .TimedFSM

===========================================================================================
----------------- testing Tue Dec 11 03:02:02 UTC 2018 /home/travis/build/icyphy/ptII/ptolemy/domains/modal/test/auto/Timeout1.xml
----------------- Instantiating /home/travis/build/icyphy/ptII/ptolemy/domains/modal/test/auto/Timeout1.xml
2 ms. Memory: 871936K Free: 714538K (82%)
----------------- Invoking toplevel() on ptolemy.moml.MoMLSimpleApplication@31c081db
----------------- Done invoking toplevel() on ptolemy.moml.MoMLSimpleApplication@31c081db
reloadAllAccessors: .Timeout1

===========================================================================================
----------------- testing Tue Dec 11 03:02:02 UTC 2018 /home/travis/build/icyphy/ptII/ptolemy/domains/modal/test/auto/Timeout2.xml
----------------- Instantiating /home/travis/build/icyphy/ptII/ptolemy/domains/modal/test/auto/Timeout2.xml
4 ms. Memory: 871936K Free: 698896K (80%)
----------------- Invoking toplevel() on ptolemy.moml.MoMLSimpleApplication@2dcea786
----------------- Done invoking toplevel() on ptolemy.moml.MoMLSimpleApplication@2dcea786
reloadAllAccessors: .Timeout2

===========================================================================================
----------------- testing Tue Dec 11 03:02:02 UTC 2018 /home/travis/build/icyphy/ptII/ptolemy/domains/modal/test/auto/Timeout3.xml
----------------- Instantiating /home/travis/build/icyphy/ptII/ptolemy/domains/modal/test/auto/Timeout3.xml
6 ms. Memory: 871936K Free: 686625K (79%)
----------------- Invoking toplevel() on ptolemy.moml.MoMLSimpleApplication@74ab97d1
----------------- Done invoking toplevel() on ptolemy.moml.MoMLSimpleApplication@74ab97d1
reloadAllAccessors: .Timeout3

===========================================================================================
----------------- testing Tue Dec 11 03:02:02 UTC 2018 /home/travis/build/icyphy/ptII/ptolemy/domains/modal/test/auto/Timeout4.xml
----------------- Instantiating /home/travis/build/icyphy/ptII/ptolemy/domains/modal/test/auto/Timeout4.xml
2 ms. Memory: 871936K Free: 676207K (78%)
----------------- Invoking toplevel() on ptolemy.moml.MoMLSimpleApplication@41e76cf8
----------------- Done invoking toplevel() on ptolemy.moml.MoMLSimpleApplication@41e76cf8
reloadAllAccessors: .Timeout4

===========================================================================================
----------------- testing Tue Dec 11 03:02:02 UTC 2018 /home/travis/build/icyphy/ptII/ptolemy/domains/modal/test/auto/TransientstateModelAdvanced.xml
----------------- Instantiating /home/travis/build/icyphy/ptII/ptolemy/domains/modal/test/auto/TransientstateModelAdvanced.xml
2 ms. Memory: 871936K Free: 653502K (75%)
----------------- Invoking toplevel() on ptolemy.moml.MoMLSimpleApplication@6c9fddf0
----------------- Done invoking toplevel() on ptolemy.moml.MoMLSimpleApplication@6c9fddf0
reloadAllAccessors: .TransientstateModelAdvanced

===========================================================================================
----------------- testing Tue Dec 11 03:02:02 UTC 2018 /home/travis/build/icyphy/ptII/ptolemy/domains/modal/test/auto/TransientstateModelAdvanced2.xml
----------------- Instantiating /home/travis/build/icyphy/ptII/ptolemy/domains/modal/test/auto/TransientstateModelAdvanced2.xml
2 ms. Memory: 871936K Free: 632651K (73%)
----------------- Invoking toplevel() on ptolemy.moml.MoMLSimpleApplication@2278f9cb
----------------- Done invoking toplevel() on ptolemy.moml.MoMLSimpleApplication@2278f9cb
reloadAllAccessors: .transientstatemodelAdvanced

===========================================================================================
----------------- testing Tue Dec 11 03:02:02 UTC 2018 /home/travis/build/icyphy/ptII/ptolemy/domains/modal/test/auto/TransitionRefinements.xml
----------------- Instantiating /home/travis/build/icyphy/ptII/ptolemy/domains/modal/test/auto/TransitionRefinements.xml
6 ms. Memory: 871936K Free: 615154K (71%)
----------------- Invoking toplevel() on ptolemy.moml.MoMLSimpleApplication@6d0898c4
----------------- Done invoking toplevel() on ptolemy.moml.MoMLSimpleApplication@6d0898c4
reloadAllAccessors: .TransitionRefinements

===========================================================================================
----------------- testing Tue Dec 11 03:02:02 UTC 2018 /home/travis/build/icyphy/ptII/ptolemy/domains/modal/test/auto/TwoRefinements1.xml
----------------- Instantiating /home/travis/build/icyphy/ptII/ptolemy/domains/modal/test/auto/TwoRefinements1.xml
2 ms. Memory: 871936K Free: 599512K (69%)
----------------- Invoking toplevel() on ptolemy.moml.MoMLSimpleApplication@16699144
----------------- Done invoking toplevel() on ptolemy.moml.MoMLSimpleApplication@16699144
reloadAllAccessors: .TwoRefinements1

===========================================================================================
----------------- testing Tue Dec 11 03:02:02 UTC 2018 /home/travis/build/icyphy/ptII/ptolemy/domains/modal/test/auto/TwoRefinements2.xml
----------------- Instantiating /home/travis/build/icyphy/ptII/ptolemy/domains/modal/test/auto/TwoRefinements2.xml
2 ms. Memory: 871936K Free: 582016K (67%)
----------------- Invoking toplevel() on ptolemy.moml.MoMLSimpleApplication@4c76e960
----------------- Done invoking toplevel() on ptolemy.moml.MoMLSimpleApplication@4c76e960
reloadAllAccessors: .TwoRefinements2

===========================================================================================
----------------- testing Tue Dec 11 03:02:02 UTC 2018 /home/travis/build/icyphy/ptII/ptolemy/domains/modal/test/auto/WeakImmediateTransition.xml
----------------- Instantiating /home/travis/build/icyphy/ptII/ptolemy/domains/modal/test/auto/WeakImmediateTransition.xml
3 ms. Memory: 871936K Free: 566382K (65%)
----------------- Invoking toplevel() on ptolemy.moml.MoMLSimpleApplication@486254bd
----------------- Done invoking toplevel() on ptolemy.moml.MoMLSimpleApplication@486254bd
reloadAllAccessors: .WeakImmediateTransition

===========================================================================================
----------------- testing Tue Dec 11 03:02:02 UTC 2018 /home/travis/build/icyphy/ptII/ptolemy/domains/modal/test/auto/booleanSelect.xml
----------------- Instantiating /home/travis/build/icyphy/ptII/ptolemy/domains/modal/test/auto/booleanSelect.xml
28 ms. Memory: 871936K Free: 538484K (62%)
----------------- Invoking toplevel() on ptolemy.moml.MoMLSimpleApplication@591fba5a
----------------- Done invoking toplevel() on ptolemy.moml.MoMLSimpleApplication@591fba5a
reloadAllAccessors: .booleanSelect

===========================================================================================
----------------- testing Tue Dec 11 03:02:02 UTC 2018 /home/travis/build/icyphy/ptII/ptolemy/domains/modal/test/auto/modalChangingParams.xml
----------------- Instantiating /home/travis/build/icyphy/ptII/ptolemy/domains/modal/test/auto/modalChangingParams.xml
0
1
0
2
4
6
8
7
0
2
4
6
8
13
0
2
4
6
8
19
0
2
4
6
8
25
0
2
4
6
8
31
0
2
4
6
8
37
0
2
4
6
8
43
0
2
4
6
8
49
0
2
4
6
8
55
0
2
4
6
8
61
0
2
4
6
8
67
0
2
4
6
8
73
0
2
4
6
8
79
0
2
4
6
8
85
0
2
4
6
8
91
0
2
4
6
8
97
0
2
4
6
8
103
0
2
4
6
8
109
0
2
4
6
8
115
0
2
4
6
8
121
0
2
4
6
8
127
0
2
4
6
8
133
0
2
4
6
8
139
0
2
4
6
8
145
0
2
4
6
8
151
0
2
4
6
8
157
0
2
4
6
8
163
0
2
4
6
8
169
0
2
4
6
8
175
0
2
4
6
8
181
0
2
4
6
8
187
0
2
4
6
8
193
0
2
4
6
8
199
0
2
4
6
8
205
0
2
4
6
8
211
0
2
4
6
8
217
0
2
4
6
8
223
0
2
4
6
8
229
0
2
4
6
8
235
0
2
4
6
8
241
0
2
4
6
8
247
0
2
4
6
8
253
0
2
4
6
8
259
0
2
4
6
8
265
0
2
4
6
8
271
0
2
4
6
8
277
0
2
4
6
8
283
0
2
4
6
8
289
0
2
4
6
8
295
0
2
4
6
8
301
0
2
4
6
8
307
0
2
4
6
8
313
0
2
4
6
8
319
0
2
4
6
8
325
0
2
4
6
8
331
0
2
4
6
8
337
0
2
4
6
8
343
0
2
4
6
8
349
0
2
4
6
8
355
0
2
4
6
8
361
0
2
4
6
8
367
0
2
4
6
8
373
0
2
4
6
8
379
0
2
4
6
8
385
0
2
4
6
8
391
0
2
4
6
8
397
0
2
4
6
8
403
0
2
4
6
8
409
0
2
4
6
8
415
0
2
4
6
8
421
0
2
4
6
8
427
0
2
4
6
8
433
0
2
4
6
8
439
0
2
4
6
8
445
0
2
4
6
8
451
0
2
4
6
8
457
0
2
4
6
8
463
0
2
4
6
8
469
0
2
4
6
8
475
0
2
4
6
8
481
0
2
4
6
8
487
0
2
4
6
8
493
0
2
4
6
8
499
0
2
4
6
8
505
0
2
4
6
8
511
0
2
4
6
8
517
0
2
4
6
8
523
0
2
4
6
8
529
0
2
4
6
8
535
0
2
4
6
8
541
0
2
4
6
8
547
0
2
4
6
8
553
0
2
4
6
8
559
0
2
4
6
8
565
0
2
4
6
8
571
0
2
4
6
8
577
0
2
4
6
8
583
0
2
4
6
8
589
0
2
4
6
8
595
0
2
4
6
8
601
0
2
4
6
8
607
0
2
4
6
8
613
0
2
4
6
8
619
0
2
4
6
8
625
0
2
4
6
8
631
0
2
4
6
8
637
0
2
4
6
8
643
0
2
4
6
8
649
0
2
4
6
8
655
0
2
4
6
8
661
0
2
4
6
8
667
0
2
4
6
8
673
0
2
4
6
8
679
0
2
4
6
8
685
0
2
4
6
8
691
0
2
4
6
8
697
0
2
4
6
8
703
0
2
4
6
8
709
0
2
4
6
8
715
0
2
4
6
8
721
0
2
4
6
8
727
0
2
4
6
8
733
0
2
4
6
8
739
0
2
4
6
8
745
0
2
4
6
8
751
0
2
4
6
8
757
0
2
4
6
8
763
0
2
4
6
8
769
0
2
4
6
8
775
0
2
4
6
8
781
0
2
4
6
8
787
0
2
4
6
8
793
0
2
4
6
8
799
0
2
4
6
8
805
0
2
4
6
8
811
0
2
4
6
8
817
0
2
4
6
8
823
0
2
4
6
8
829
0
2
4
6
8
835
0
2
4
6
8
841
0
2
4
6
8
847
0
2
4
6
8
853
0
2
4
6
8
859
0
2
4
6
8
865
0
2
4
6
8
871
0
2
4
6
8
877
0
2
4
6
8
883
0
2
4
6
8
889
0
2
4
6
8
895
0
2
4
6
8
901
0
2
4
6
8
907
0
2
4
6
8
913
0
2
4
6
8
919
0
2
4
6
8
925
0
2
4
6
8
931
0
2
4
6
8
937
0
2
4
6
8
943
0
2
4
6
8
949
0
2
4
6
8
955
0
2
4
6
8
961
0
2
4
6
8
967
0
2
4
6
8
973
0
2
4
6
8
979
0
2
4
6
8
985
0
2
4
6
8
991
0
2
4
6
8
997
0
2
224 ms. Memory: 871936K Free: 418505K (48%)
----------------- Invoking toplevel() on ptolemy.moml.MoMLSimpleApplication@733f5c02
----------------- Done invoking toplevel() on ptolemy.moml.MoMLSimpleApplication@733f5c02
reloadAllAccessors: .modalChangingParams

===========================================================================================
----------------- testing Tue Dec 11 03:02:02 UTC 2018 /home/travis/build/icyphy/ptII/ptolemy/domains/modal/test/auto/modalModel.xml
----------------- Instantiating /home/travis/build/icyphy/ptII/ptolemy/domains/modal/test/auto/modalModel.xml
5 ms. Memory: 871936K Free: 402871K (46%)
----------------- Invoking toplevel() on ptolemy.moml.MoMLSimpleApplication@21077242
----------------- Done invoking toplevel() on ptolemy.moml.MoMLSimpleApplication@21077242
reloadAllAccessors: .modalModel

===========================================================================================
----------------- testing Tue Dec 11 03:02:02 UTC 2018 /home/travis/build/icyphy/ptII/ptolemy/domains/modal/test/auto/modalModel2.xml
----------------- Instantiating /home/travis/build/icyphy/ptII/ptolemy/domains/modal/test/auto/modalModel2.xml
10 ms. Memory: 871936K Free: 385375K (44%)
----------------- Invoking toplevel() on ptolemy.moml.MoMLSimpleApplication@6d5bce9d
----------------- Done invoking toplevel() on ptolemy.moml.MoMLSimpleApplication@6d5bce9d
reloadAllAccessors: .modalModel2

===========================================================================================
----------------- testing Tue Dec 11 03:02:02 UTC 2018 /home/travis/build/icyphy/ptII/ptolemy/domains/modal/test/auto/modalModel3.xml
----------------- Instantiating /home/travis/build/icyphy/ptII/ptolemy/domains/modal/test/auto/modalModel3.xml
0	0	0
1	0	1
4	2	2
7	4	3
10	6	4
5	0	5
8	2	6
11	4	7
14	6	8
9	0	9
12	2	10
15	4	11
18	6	12
13	0	13
16	2	14
22 ms. Memory: 871936K Free: 364539K (42%)
----------------- Invoking toplevel() on ptolemy.moml.MoMLSimpleApplication@67cd8759
----------------- Done invoking toplevel() on ptolemy.moml.MoMLSimpleApplication@67cd8759
reloadAllAccessors: .modalModel3

===========================================================================================
----------------- testing Tue Dec 11 03:02:02 UTC 2018 /home/travis/build/icyphy/ptII/ptolemy/domains/modal/test/auto/model1.xml
----------------- Instantiating /home/travis/build/icyphy/ptII/ptolemy/domains/modal/test/auto/model1.xml
11 ms. Memory: 871936K Free: 352267K (40%)
----------------- Invoking toplevel() on ptolemy.moml.MoMLSimpleApplication@4ea52f28
----------------- Done invoking toplevel() on ptolemy.moml.MoMLSimpleApplication@4ea52f28
reloadAllAccessors: .model1

===========================================================================================
----------------- testing Tue Dec 11 03:02:02 UTC 2018 /home/travis/build/icyphy/ptII/ptolemy/domains/modal/test/auto/test-direct-in-out.xml
----------------- Instantiating /home/travis/build/icyphy/ptII/ptolemy/domains/modal/test/auto/test-direct-in-out.xml
13 ms. Memory: 871936K Free: 336641K (39%)
----------------- Invoking toplevel() on ptolemy.moml.MoMLSimpleApplication@4ff71236
----------------- Done invoking toplevel() on ptolemy.moml.MoMLSimpleApplication@4ff71236
reloadAllAccessors: .test-direct-in-out
AutoTests.java: About to close Vertx.
AutoTests.java: Vertx closed.
]]></system-out>
  <system-err><![CDATA[java.lang.RuntimeException: Execution failed
	at ptolemy.moml.MoMLSimpleApplication$UnloadThread.run(MoMLSimpleApplication.java:402)
Caused by: ptolemy.kernel.util.IllegalActionException: Unknown inputs remain. Possible causality loop:
L_model_1893289564i

  in .CannotAnalysisWithPreemption.model_1893289564_region_1 and .CannotAnalysisWithPreemption.model_1893289564_region_1.L_model_1893289564i
	at ptolemy.actor.sched.FixedPointDirector.postfire(FixedPointDirector.java:515)
	at ptolemy.domains.sr.kernel.SRDirector.postfire(SRDirector.java:417)
	at ptolemy.actor.CompositeActor.postfire(CompositeActor.java:1668)
	at ptolemy.actor.Manager.iterate(Manager.java:852)
	at ptolemy.actor.Manager.execute(Manager.java:369)
	at ptolemy.actor.Manager.run(Manager.java:1263)
	at ptolemy.actor.Manager$PtolemyRunThread.run(Manager.java:1915)
java.lang.reflect.InvocationTargetException
	at sun.reflect.NativeConstructorAccessorImpl.newInstance0(Native Method)
	at sun.reflect.NativeConstructorAccessorImpl.newInstance(NativeConstructorAccessorImpl.java:62)
	at sun.reflect.DelegatingConstructorAccessorImpl.newInstance(DelegatingConstructorAccessorImpl.java:45)
	at java.lang.reflect.Constructor.newInstance(Constructor.java:423)
	at ptolemy.util.test.junit.AutoKnownFailedTests.RunModel(AutoKnownFailedTests.java:105)
	at sun.reflect.NativeMethodAccessorImpl.invoke0(Native Method)
	at sun.reflect.NativeMethodAccessorImpl.invoke(NativeMethodAccessorImpl.java:62)
	at sun.reflect.DelegatingMethodAccessorImpl.invoke(DelegatingMethodAccessorImpl.java:43)
	at java.lang.reflect.Method.invoke(Method.java:498)
	at org.junit.runners.model.FrameworkMethod$1.runReflectiveCall(FrameworkMethod.java:44)
	at org.junit.internal.runners.model.ReflectiveCallable.run(ReflectiveCallable.java:15)
	at org.junit.runners.model.FrameworkMethod.invokeExplosively(FrameworkMethod.java:41)
	at junitparams.internal.InvokeParameterisedMethod.evaluate(InvokeParameterisedMethod.java:102)
	at org.junit.internal.runners.statements.FailOnTimeout$1.run(FailOnTimeout.java:28)
Caused by: ptolemy.kernel.util.IllegalActionException: Unknown inputs remain. Possible causality loop:
L_model_1893289564i

  in .CannotAnalysisWithPreemption.model_1893289564_region_1 and .CannotAnalysisWithPreemption.model_1893289564_region_1.L_model_1893289564i
	at ptolemy.actor.sched.FixedPointDirector.postfire(FixedPointDirector.java:515)
	at ptolemy.domains.sr.kernel.SRDirector.postfire(SRDirector.java:417)
	at ptolemy.actor.CompositeActor.postfire(CompositeActor.java:1668)
	at ptolemy.actor.Manager.iterate(Manager.java:852)
	at ptolemy.actor.Manager.execute(Manager.java:369)
	at ptolemy.actor.Manager.run(Manager.java:1263)
	at ptolemy.actor.Manager$PtolemyRunThread.run(Manager.java:1915)
]]></system-err>
</testsuite>
