<?xml version="1.0" encoding="UTF-8" ?>
<testsuite errors="0" failures="0" hostname="travis-job-0382472e-1d4c-4a3e-9c3a-f080e9f22360" name="ptolemy.domains.de.test.junit.JUnitTclTest" skipped="0" tests="101" time="132.777" timestamp="2019-11-06T22:05:41">
  <properties>
[...]
</properties>
  <testcase classname="ptolemy.util.test.junit.TclTests" name="[0] /home/travis/build/icyphy/ptII/ptolemy/domains/de/test/DependencyLoop.tcl (RunTclFile)" time="1.119" />
  <testcase classname="ptolemy.util.test.junit.TclTests" name="[1] /home/travis/build/icyphy/ptII/ptolemy/domains/de/test/RunDETestsAsQSS.tcl (RunTclFile)" time="89.245" />
  <testcase classname="ptolemy.util.test.junit.AutoKnownFailedTests" name="[0] /home/travis/build/icyphy/ptII/ptolemy/domains/de/test/auto/knownFailedTests/DESDFClockTest.xml (RunModel)" time="2.063" />
  <testcase classname="ptolemy.util.test.junit.AutoKnownFailedTests" name="[1] /home/travis/build/icyphy/ptII/ptolemy/domains/de/test/auto/knownFailedTests/DirectFeedback.xml (RunModel)" time="0.01" />
  <testcase classname="ptolemy.util.test.junit.AutoKnownFailedTests" name="[2] /home/travis/build/icyphy/ptII/ptolemy/domains/de/test/auto/knownFailedTests/FSMSource.xml (RunModel)" time="0.029" />
  <testcase classname="ptolemy.util.test.junit.AutoKnownFailedTests" name="[3] /home/travis/build/icyphy/ptII/ptolemy/domains/de/test/auto/knownFailedTests/HierarchicalModel.xml (RunModel)" time="0.051" />
  <testcase classname="ptolemy.util.test.junit.AutoKnownFailedTests" name="[4] /home/travis/build/icyphy/ptII/ptolemy/domains/de/test/auto/knownFailedTests/dependencyLoop.xml (RunModel)" time="0.047" />
  <testcase classname="ptolemy.util.test.junit.AutoKnownFailedTests" name="[5] /home/travis/build/icyphy/ptII/ptolemy/domains/de/test/auto/knownFailedTests/dependencyLoop2.xml (RunModel)" time="0.043" />
  <testcase classname="ptolemy.util.test.junit.AutoNameArchTests" name="[0] ThereAreNoAutoArchTests (RunModel)" time="0.001" />
  <testcase classname="ptolemy.util.test.junit.AutoTests" name="[0] /home/travis/build/icyphy/ptII/ptolemy/domains/de/test/auto/ActorDepthCalculation_actorWithoutPorts.xml (RunModel)" time="0.022" />
  <testcase classname="ptolemy.util.test.junit.AutoTests" name="[1] /home/travis/build/icyphy/ptII/ptolemy/domains/de/test/auto/AssemblyLine.xml (RunModel)" time="0.026" />
  <testcase classname="ptolemy.util.test.junit.AutoTests" name="[2] /home/travis/build/icyphy/ptII/ptolemy/domains/de/test/auto/CQBug1.xml (RunModel)" time="0.011" />
  <testcase classname="ptolemy.util.test.junit.AutoTests" name="[3] /home/travis/build/icyphy/ptII/ptolemy/domains/de/test/auto/CancelFireAt.xml (RunModel)" time="0.014" />
  <testcase classname="ptolemy.util.test.junit.AutoTests" name="[4] /home/travis/build/icyphy/ptII/ptolemy/domains/de/test/auto/CausalityAndComposabilityAnalysis.xml (RunModel)" time="0.011" />
  <testcase classname="ptolemy.util.test.junit.AutoTests" name="[5] /home/travis/build/icyphy/ptII/ptolemy/domains/de/test/auto/CausalityInterface1.xml (RunModel)" time="0.015" />
  <testcase classname="ptolemy.util.test.junit.AutoTests" name="[6] /home/travis/build/icyphy/ptII/ptolemy/domains/de/test/auto/CausalityInterface15.xml (RunModel)" time="0.015" />
  <testcase classname="ptolemy.util.test.junit.AutoTests" name="[7] /home/travis/build/icyphy/ptII/ptolemy/domains/de/test/auto/CausalityInterface2.xml (RunModel)" time="0.019" />
  <testcase classname="ptolemy.util.test.junit.AutoTests" name="[8] /home/travis/build/icyphy/ptII/ptolemy/domains/de/test/auto/CausalityInterface3.xml (RunModel)" time="0.014" />
  <testcase classname="ptolemy.util.test.junit.AutoTests" name="[9] /home/travis/build/icyphy/ptII/ptolemy/domains/de/test/auto/ClockDrift.xml (RunModel)" time="0.037" />
  <testcase classname="ptolemy.util.test.junit.AutoTests" name="[10] /home/travis/build/icyphy/ptII/ptolemy/domains/de/test/auto/ClockDriftAndValueChange.xml (RunModel)" time="0.035" />
  <testcase classname="ptolemy.util.test.junit.AutoTests" name="[11] /home/travis/build/icyphy/ptII/ptolemy/domains/de/test/auto/ClockDriftChange.xml (RunModel)" time="0.037" />
  <testcase classname="ptolemy.util.test.junit.AutoTests" name="[12] /home/travis/build/icyphy/ptII/ptolemy/domains/de/test/auto/ComposableCausalityAnalysis.xml (RunModel)" time="0.015" />
  <testcase classname="ptolemy.util.test.junit.AutoTests" name="[13] /home/travis/build/icyphy/ptII/ptolemy/domains/de/test/auto/DEFixedPointLimitation.xml (RunModel)" time="0.013" />
  <testcase classname="ptolemy.util.test.junit.AutoTests" name="[14] /home/travis/build/icyphy/ptII/ptolemy/domains/de/test/auto/DEScheduleTest.xml (RunModel)" time="0.01" />
  <testcase classname="ptolemy.util.test.junit.AutoTests" name="[15] /home/travis/build/icyphy/ptII/ptolemy/domains/de/test/auto/DEinDEwithStartTimes.xml (RunModel)" time="0.015" />
  <testcase classname="ptolemy.util.test.junit.AutoTests" name="[16] /home/travis/build/icyphy/ptII/ptolemy/domains/de/test/auto/DEinDEwithStartTimes2.xml (RunModel)" time="0.018" />
  <testcase classname="ptolemy.util.test.junit.AutoTests" name="[17] /home/travis/build/icyphy/ptII/ptolemy/domains/de/test/auto/DateDemo.xml (RunModel)" time="0.039" />
  <testcase classname="ptolemy.util.test.junit.AutoTests" name="[18] /home/travis/build/icyphy/ptII/ptolemy/domains/de/test/auto/DateToEvent.xml (RunModel)" time="2.041" />
  <testcase classname="ptolemy.util.test.junit.AutoTests" name="[19] /home/travis/build/icyphy/ptII/ptolemy/domains/de/test/auto/DepthTest1.xml (RunModel)" time="0.008" />
  <testcase classname="ptolemy.util.test.junit.AutoTests" name="[20] /home/travis/build/icyphy/ptII/ptolemy/domains/de/test/auto/DepthTest2.xml (RunModel)" time="0.025" />
  <testcase classname="ptolemy.util.test.junit.AutoTests" name="[21] /home/travis/build/icyphy/ptII/ptolemy/domains/de/test/auto/DepthTest3.xml (RunModel)" time="0.012" />
  <testcase classname="ptolemy.util.test.junit.AutoTests" name="[22] /home/travis/build/icyphy/ptII/ptolemy/domains/de/test/auto/DepthTest4.xml (RunModel)" time="0.029" />
  <testcase classname="ptolemy.util.test.junit.AutoTests" name="[23] /home/travis/build/icyphy/ptII/ptolemy/domains/de/test/auto/DepthTest5.xml (RunModel)" time="0.017" />
  <testcase classname="ptolemy.util.test.junit.AutoTests" name="[24] /home/travis/build/icyphy/ptII/ptolemy/domains/de/test/auto/DepthTest6.xml (RunModel)" time="0.015" />
  <testcase classname="ptolemy.util.test.junit.AutoTests" name="[25] /home/travis/build/icyphy/ptII/ptolemy/domains/de/test/auto/DepthTest7.xml (RunModel)" time="0.02" />
  <testcase classname="ptolemy.util.test.junit.AutoTests" name="[26] /home/travis/build/icyphy/ptII/ptolemy/domains/de/test/auto/EventToDate.xml (RunModel)" time="3.054" />
  <testcase classname="ptolemy.util.test.junit.AutoTests" name="[27] /home/travis/build/icyphy/ptII/ptolemy/domains/de/test/auto/FSM1.xml (RunModel)" time="0.045" />
  <testcase classname="ptolemy.util.test.junit.AutoTests" name="[28] /home/travis/build/icyphy/ptII/ptolemy/domains/de/test/auto/FSM7.xml (RunModel)" time="0.049" />
  <testcase classname="ptolemy.util.test.junit.AutoTests" name="[29] /home/travis/build/icyphy/ptII/ptolemy/domains/de/test/auto/Inspection.xml (RunModel)" time="0.046" />
  <testcase classname="ptolemy.util.test.junit.AutoTests" name="[30] /home/travis/build/icyphy/ptII/ptolemy/domains/de/test/auto/Iteration.xml (RunModel)" time="0.028" />
  <testcase classname="ptolemy.util.test.junit.AutoTests" name="[31] /home/travis/build/icyphy/ptII/ptolemy/domains/de/test/auto/LineFault.xml (RunModel)" time="0.654" />
  <testcase classname="ptolemy.util.test.junit.AutoTests" name="[32] /home/travis/build/icyphy/ptII/ptolemy/domains/de/test/auto/MergeModel1Add.xml (RunModel)" time="0.054" />
  <testcase classname="ptolemy.util.test.junit.AutoTests" name="[33] /home/travis/build/icyphy/ptII/ptolemy/domains/de/test/auto/MergeModel2Add.xml (RunModel)" time="0.038" />
  <testcase classname="ptolemy.util.test.junit.AutoTests" name="[34] /home/travis/build/icyphy/ptII/ptolemy/domains/de/test/auto/MergeModel3Add.xml (RunModel)" time="0.055" />
  <testcase classname="ptolemy.util.test.junit.AutoTests" name="[35] /home/travis/build/icyphy/ptII/ptolemy/domains/de/test/auto/MergeWithoutDiscard.xml (RunModel)" time="0.017" />
  <testcase classname="ptolemy.util.test.junit.AutoTests" name="[36] /home/travis/build/icyphy/ptII/ptolemy/domains/de/test/auto/Modal1.xml (RunModel)" time="0.027" />
  <testcase classname="ptolemy.util.test.junit.AutoTests" name="[37] /home/travis/build/icyphy/ptII/ptolemy/domains/de/test/auto/Modal2.xml (RunModel)" time="0.038" />
  <testcase classname="ptolemy.util.test.junit.AutoTests" name="[38] /home/travis/build/icyphy/ptII/ptolemy/domains/de/test/auto/Modal3.xml (RunModel)" time="0.026" />
  <testcase classname="ptolemy.util.test.junit.AutoTests" name="[39] /home/travis/build/icyphy/ptII/ptolemy/domains/de/test/auto/Modal4.xml (RunModel)" time="0.04" />
  <testcase classname="ptolemy.util.test.junit.AutoTests" name="[40] /home/travis/build/icyphy/ptII/ptolemy/domains/de/test/auto/Modal5.xml (RunModel)" time="0.031" />
  <testcase classname="ptolemy.util.test.junit.AutoTests" name="[41] /home/travis/build/icyphy/ptII/ptolemy/domains/de/test/auto/Modal6.xml (RunModel)" time="0.032" />
  <testcase classname="ptolemy.util.test.junit.AutoTests" name="[42] /home/travis/build/icyphy/ptII/ptolemy/domains/de/test/auto/Modal7.xml (RunModel)" time="0.03" />
  <testcase classname="ptolemy.util.test.junit.AutoTests" name="[43] /home/travis/build/icyphy/ptII/ptolemy/domains/de/test/auto/ModalModel.xml (RunModel)" time="0.179" />
  <testcase classname="ptolemy.util.test.junit.AutoTests" name="[44] /home/travis/build/icyphy/ptII/ptolemy/domains/de/test/auto/ModalSource.xml (RunModel)" time="0.031" />
  <testcase classname="ptolemy.util.test.junit.AutoTests" name="[45] /home/travis/build/icyphy/ptII/ptolemy/domains/de/test/auto/NonInterruptibleTimerZeroDelay.xml (RunModel)" time="0.011" />
  <testcase classname="ptolemy.util.test.junit.AutoTests" name="[46] /home/travis/build/icyphy/ptII/ptolemy/domains/de/test/auto/OpenQueueingNetwork.xml (RunModel)" time="2.435" />
  <testcase classname="ptolemy.util.test.junit.AutoTests" name="[47] /home/travis/build/icyphy/ptII/ptolemy/domains/de/test/auto/OpenQueuingNetwork.xml (RunModel)" time="0.294" />
  <testcase classname="ptolemy.util.test.junit.AutoTests" name="[48] /home/travis/build/icyphy/ptII/ptolemy/domains/de/test/auto/PeriodicSampler.xml (RunModel)" time="0.011" />
  <testcase classname="ptolemy.util.test.junit.AutoTests" name="[49] /home/travis/build/icyphy/ptII/ptolemy/domains/de/test/auto/PersistentIO.xml (RunModel)" time="0.027" />
  <testcase classname="ptolemy.util.test.junit.AutoTests" name="[50] /home/travis/build/icyphy/ptII/ptolemy/domains/de/test/auto/PortParameterResetOnInitialize.xml (RunModel)" time="0.02" />
  <testcase classname="ptolemy.util.test.junit.AutoTests" name="[51] /home/travis/build/icyphy/ptII/ptolemy/domains/de/test/auto/PortParameterUpdates.xml (RunModel)" time="0.017" />
  <testcase classname="ptolemy.util.test.junit.AutoTests" name="[52] /home/travis/build/icyphy/ptII/ptolemy/domains/de/test/auto/QueueAndServer.xml (RunModel)" time="0.025" />
  <testcase classname="ptolemy.util.test.junit.AutoTests" name="[53] /home/travis/build/icyphy/ptII/ptolemy/domains/de/test/auto/Records.xml (RunModel)" time="0.018" />
  <testcase classname="ptolemy.util.test.junit.AutoTests" name="[54] /home/travis/build/icyphy/ptII/ptolemy/domains/de/test/auto/ResetTransitionWithStartTime1.xml (RunModel)" time="0.025" />
  <testcase classname="ptolemy.util.test.junit.AutoTests" name="[55] /home/travis/build/icyphy/ptII/ptolemy/domains/de/test/auto/ResetTransitionWithStartTime2.xml (RunModel)" time="0.023" />
  <testcase classname="ptolemy.util.test.junit.AutoTests" name="[56] /home/travis/build/icyphy/ptII/ptolemy/domains/de/test/auto/ResetTransitionWithStartTime3.xml (RunModel)" time="0.022" />
  <testcase classname="ptolemy.util.test.junit.AutoTests" name="[57] /home/travis/build/icyphy/ptII/ptolemy/domains/de/test/auto/ResetTransitionWithStartTime4.xml (RunModel)" time="0.02" />
  <testcase classname="ptolemy.util.test.junit.AutoTests" name="[58] /home/travis/build/icyphy/ptII/ptolemy/domains/de/test/auto/ResettableTimer1.xml (RunModel)" time="0.011" />
  <testcase classname="ptolemy.util.test.junit.AutoTests" name="[59] /home/travis/build/icyphy/ptII/ptolemy/domains/de/test/auto/ResettableTimer2.xml (RunModel)" time="0.008" />
  <testcase classname="ptolemy.util.test.junit.AutoTests" name="[60] /home/travis/build/icyphy/ptII/ptolemy/domains/de/test/auto/ResettableTimer3.xml (RunModel)" time="0.008" />
  <testcase classname="ptolemy.util.test.junit.AutoTests" name="[61] /home/travis/build/icyphy/ptII/ptolemy/domains/de/test/auto/ResettableTimer4.xml (RunModel)" time="0.008" />
  <testcase classname="ptolemy.util.test.junit.AutoTests" name="[62] /home/travis/build/icyphy/ptII/ptolemy/domains/de/test/auto/ResettableTimer5.xml (RunModel)" time="0.009" />
  <testcase classname="ptolemy.util.test.junit.AutoTests" name="[63] /home/travis/build/icyphy/ptII/ptolemy/domains/de/test/auto/ResettableTimer6.xml (RunModel)" time="0.017" />
  <testcase classname="ptolemy.util.test.junit.AutoTests" name="[64] /home/travis/build/icyphy/ptII/ptolemy/domains/de/test/auto/ServerZeroDelay.xml (RunModel)" time="0.009" />
  <testcase classname="ptolemy.util.test.junit.AutoTests" name="[65] /home/travis/build/icyphy/ptII/ptolemy/domains/de/test/auto/SmartSender.xml (RunModel)" time="3.008" />
  <testcase classname="ptolemy.util.test.junit.AutoTests" name="[66] /home/travis/build/icyphy/ptII/ptolemy/domains/de/test/auto/ThreadedComposite.xml (RunModel)" time="0.212" />
  <testcase classname="ptolemy.util.test.junit.AutoTests" name="[67] /home/travis/build/icyphy/ptII/ptolemy/domains/de/test/auto/Time.xml (RunModel)" time="0.456" />
  <testcase classname="ptolemy.util.test.junit.AutoTests" name="[68] /home/travis/build/icyphy/ptII/ptolemy/domains/de/test/auto/TimeDelayZeroDelay.xml (RunModel)" time="0.012" />
  <testcase classname="ptolemy.util.test.junit.AutoTests" name="[69] /home/travis/build/icyphy/ptII/ptolemy/domains/de/test/auto/TimerZeroDelay.xml (RunModel)" time="0.011" />
  <testcase classname="ptolemy.util.test.junit.AutoTests" name="[70] /home/travis/build/icyphy/ptII/ptolemy/domains/de/test/auto/TimingParadox.xml (RunModel)" time="0.363" />
  <testcase classname="ptolemy.util.test.junit.AutoTests" name="[71] /home/travis/build/icyphy/ptII/ptolemy/domains/de/test/auto/TransferInputs.xml (RunModel)" time="0.014" />
  <testcase classname="ptolemy.util.test.junit.AutoTests" name="[72] /home/travis/build/icyphy/ptII/ptolemy/domains/de/test/auto/TransferOutputs2.xml (RunModel)" time="0.015" />
  <testcase classname="ptolemy.util.test.junit.AutoTests" name="[73] /home/travis/build/icyphy/ptII/ptolemy/domains/de/test/auto/Trilateration.xml (RunModel)" time="13.203" />
  <testcase classname="ptolemy.util.test.junit.AutoTests" name="[74] /home/travis/build/icyphy/ptII/ptolemy/domains/de/test/auto/TwoSigmaDelta.xml (RunModel)" time="2.198" />
  <testcase classname="ptolemy.util.test.junit.AutoTests" name="[75] /home/travis/build/icyphy/ptII/ptolemy/domains/de/test/auto/VariableDelay.xml (RunModel)" time="0.015" />
  <testcase classname="ptolemy.util.test.junit.AutoTests" name="[76] /home/travis/build/icyphy/ptII/ptolemy/domains/de/test/auto/VariableDelay2.xml (RunModel)" time="0.012" />
  <testcase classname="ptolemy.util.test.junit.AutoTests" name="[77] /home/travis/build/icyphy/ptII/ptolemy/domains/de/test/auto/VariableDelayZeroDelay.xml (RunModel)" time="0.012" />
  <testcase classname="ptolemy.util.test.junit.AutoTests" name="[78] /home/travis/build/icyphy/ptII/ptolemy/domains/de/test/auto/VariableDelayZeroDelay2.xml (RunModel)" time="0.009" />
  <testcase classname="ptolemy.util.test.junit.AutoTests" name="[79] /home/travis/build/icyphy/ptII/ptolemy/domains/de/test/auto/deInCt.xml (RunModel)" time="0.015" />
  <testcase classname="ptolemy.util.test.junit.AutoTests" name="[80] /home/travis/build/icyphy/ptII/ptolemy/domains/de/test/auto/deInCt2.xml (RunModel)" time="0.017" />
  <testcase classname="ptolemy.util.test.junit.AutoTests" name="[81] /home/travis/build/icyphy/ptII/ptolemy/domains/de/test/auto/dynamicCausalityInterface1.xml (RunModel)" time="0.021" />
  <testcase classname="ptolemy.util.test.junit.AutoTests" name="[82] /home/travis/build/icyphy/ptII/ptolemy/domains/de/test/auto/fsm_de_test.xml (RunModel)" time="0.027" />
  <testcase classname="ptolemy.util.test.junit.AutoTests" name="[83] /home/travis/build/icyphy/ptII/ptolemy/domains/de/test/auto/functionDependencyReconstruction.xml (RunModel)" time="0.037" />
  <testcase classname="ptolemy.util.test.junit.AutoTests" name="[84] /home/travis/build/icyphy/ptII/ptolemy/domains/de/test/auto/multirate.xml (RunModel)" time="0.015" />
  <testcase classname="ptolemy.util.test.junit.AutoTests" name="[85] /home/travis/build/icyphy/ptII/ptolemy/domains/de/test/auto/multirate2.xml (RunModel)" time="0.019" />
  <testcase classname="ptolemy.util.test.junit.AutoTests" name="[86] /home/travis/build/icyphy/ptII/ptolemy/domains/de/test/auto/realtime.xml (RunModel)" time="10.01" />
  <testcase classname="ptolemy.util.test.junit.AutoTests" name="[87] /home/travis/build/icyphy/ptII/ptolemy/domains/de/test/auto/relationGroup.xml (RunModel)" time="0.022" />
  <testcase classname="ptolemy.util.test.junit.AutoTests" name="[88] /home/travis/build/icyphy/ptII/ptolemy/domains/de/test/auto/relationGroup2.xml (RunModel)" time="0.01" />
  <testcase classname="ptolemy.util.test.junit.AutoTests" name="[89] /home/travis/build/icyphy/ptII/ptolemy/domains/de/test/auto/sortWithOpaquePorts.xml (RunModel)" time="0.008" />
  <testcase classname="ptolemy.util.test.junit.AutoTests" name="[90] /home/travis/build/icyphy/ptII/ptolemy/domains/de/test/auto/transferInputsandOutputs.xml (RunModel)" time="0.013" />
  <testcase classname="ptolemy.util.test.junit.AutoTests" name="[91] /home/travis/build/icyphy/ptII/ptolemy/domains/de/test/auto/triggerType.xml (RunModel)" time="0.008" />
  <system-out><![CDATA[/home/travis/build/icyphy/ptII/ptolemy/domains/de/test/DependencyLoop.tcl
testDefs.tcl: setting time out to 9000 seconds at Wed Nov 06 22:05:41 UTC 2019
96 ms. Memory: 120832K Free: 72130K (60%)
23 ms. Memory: 120832K Free: 54715K (45%)
/home/travis/build/icyphy/ptII/ptolemy/domains/de/test/RunDETestsAsQSS.tcl
Run the DE tests using ptolemy.domains.qss.test.QSSDirectorTest, which extends QSSDirector and prints a message in the constructors.
------------------ testing $PTII/ptolemy/domains/de/test/auto/knownFailedTests/DirectFeedback.xml (Known Failure) 
58 ms. Memory: 120832K Free: 48578K (40%)


==== $PTIIhome/travis/build/icyphy/ptII/ptolemy/domains/de/test/../../../../: Auto Automatic test in file $PTII/ptolemy/domains/de/test/auto/knownFailedTests/DirectFeedback.xml
==== Contents of test case:

	    # FIXME: we should use $relativeFilename here, but it
	    # might have backslashes under Windows, which causes no end
	    # of trouble.
	    createAndExecute $file
	    list {}
	
.... Test generated KNOWN error:
    while executing
ptolemy.kernel.util.IllegalActionException: Test fails in iteration 1.
Value was: 1.0. Should have been: 2.0
  in .DirectFeedback.Test
	at ptolemy.actor.lib.Test.fire(Test.java:268)
	at ptolemy.domains.de.kernel.DEDirector._fire(DEDirector.java:1949)
	at ptolemy.domains.de.kernel.DEDirector.fire(DEDirector.java:502)
	at ptolemy.actor.CompositeActor.fire(CompositeActor.java:455)
	at ptolemy.actor.Manager.iterate(Manager.java:851)
	at ptolemy.actor.Manager.execute(Manager.java:369)
	at ptolemy.actor.Manager.run(Manager.java:1263)
	at ptolemy.actor.Manager$PtolemyRunThread.run(Manager.java:1933)

    while executing
ptolemy.kernel.util.IllegalActionException: Test fails in iteration 1.
Value was: 1.0. Should have been: 2.0
  in .DirectFeedback.Test
    while executing
"java::new ptolemy.moml.MoMLSimpleApplication $file
"
    (procedure "createAndExecute" line 2)
    invoked from within
"createAndExecute $file"
    ("uplevel" body line 5)
    invoked from within
"uplevel $contents_of_test"
------------------ testing $PTII/ptolemy/domains/de/test/auto/knownFailedTests/dependencyLoop.xml (Known Failure) 
31 ms. Memory: 120832K Free: 108313K (90%)


==== $PTIIhome/travis/build/icyphy/ptII/ptolemy/domains/de/test/../../../../: Auto Automatic test in file $PTII/ptolemy/domains/de/test/auto/knownFailedTests/dependencyLoop.xml
==== Contents of test case:

	    # FIXME: we should use $relativeFilename here, but it
	    # might have backslashes under Windows, which causes no end
	    # of trouble.
	    createAndExecute $file
	    list {}
	
.... Test generated KNOWN error:
    while executing
ptolemy.kernel.util.IllegalActionException: Found a zero delay loop containing .dependencyLoop.original
  in .dependencyLoop and .dependencyLoop.original
	at ptolemy.actor.util.CausalityInterfaceForComposites._computeOutputPortDepth(CausalityInterfaceForComposites.java:759)
	at ptolemy.actor.util.CausalityInterfaceForComposites._computeInputDepth(CausalityInterfaceForComposites.java:696)
	at ptolemy.actor.util.CausalityInterfaceForComposites._computeOutputPortDepth(CausalityInterfaceForComposites.java:765)
	at ptolemy.actor.util.CausalityInterfaceForComposites._computeInputDepth(CausalityInterfaceForComposites.java:696)
	at ptolemy.actor.util.CausalityInterfaceForComposites._computeOutputPortDepth(CausalityInterfaceForComposites.java:765)
	at ptolemy.actor.util.CausalityInterfaceForComposites._computeInputDepth(CausalityInterfaceForComposites.java:696)
	at ptolemy.actor.util.CausalityInterfaceForComposites._computeActorDepth(CausalityInterfaceForComposites.java:532)
	at ptolemy.actor.util.CausalityInterfaceForComposites.checkForCycles(CausalityInterfaceForComposites.java:96)
	at ptolemy.domains.de.kernel.DEDirector.preinitialize(DEDirector.java:1338)
	at ptolemy.actor.CompositeActor.preinitialize(CompositeActor.java:1828)
	at ptolemy.actor.Manager.preinitializeAndResolveTypes(Manager.java:1040)
	at ptolemy.actor.Manager.initialize(Manager.java:710)
	at ptolemy.actor.Manager.execute(Manager.java:356)
	at ptolemy.actor.Manager.run(Manager.java:1263)
	at ptolemy.actor.Manager$PtolemyRunThread.run(Manager.java:1933)

    while executing
ptolemy.kernel.util.IllegalActionException: Found a zero delay loop containing .dependencyLoop.original
  in .dependencyLoop and .dependencyLoop.original
    while executing
"java::new ptolemy.moml.MoMLSimpleApplication $file
"
    (procedure "createAndExecute" line 2)
    invoked from within
"createAndExecute $file"
    ("uplevel" body line 5)
    invoked from within
"uplevel $contents_of_test"
------------------ testing $PTII/ptolemy/domains/de/test/auto/knownFailedTests/FSMSource.xml (Known Failure) 
68 ms. Memory: 120832K Free: 99157K (82%)
!!!! Auto was marked as failing, but now passes
------------------ testing $PTII/ptolemy/domains/de/test/auto/knownFailedTests/HierarchicalModel.xml (Known Failure) 
9 ms. Memory: 120832K Free: 81711K (68%)


==== $PTIIhome/travis/build/icyphy/ptII/ptolemy/domains/de/test/../../../../: Auto Automatic test in file $PTII/ptolemy/domains/de/test/auto/knownFailedTests/HierarchicalModel.xml
==== Contents of test case:

	    # FIXME: we should use $relativeFilename here, but it
	    # might have backslashes under Windows, which causes no end
	    # of trouble.
	    createAndExecute $file
	    list {}
	
.... Test generated KNOWN error:
    while executing
ptolemy.kernel.util.IllegalActionException: Found a zero delay loop containing .HierarchicalModel.A
  in .HierarchicalModel and .HierarchicalModel.A
	at ptolemy.actor.util.CausalityInterfaceForComposites._computeOutputPortDepth(CausalityInterfaceForComposites.java:759)
	at ptolemy.actor.util.CausalityInterfaceForComposites._computeInputDepth(CausalityInterfaceForComposites.java:696)
	at ptolemy.actor.util.CausalityInterfaceForComposites._computeOutputPortDepth(CausalityInterfaceForComposites.java:765)
	at ptolemy.actor.util.CausalityInterfaceForComposites._computeInputDepth(CausalityInterfaceForComposites.java:696)
	at ptolemy.actor.util.CausalityInterfaceForComposites._computeOutputPortDepth(CausalityInterfaceForComposites.java:765)
	at ptolemy.actor.util.CausalityInterfaceForComposites._computeInputDepth(CausalityInterfaceForComposites.java:696)
	at ptolemy.actor.util.CausalityInterfaceForComposites._computeActorDepth(CausalityInterfaceForComposites.java:532)
	at ptolemy.actor.util.CausalityInterfaceForComposites.checkForCycles(CausalityInterfaceForComposites.java:96)
	at ptolemy.domains.de.kernel.DEDirector.preinitialize(DEDirector.java:1338)
	at ptolemy.actor.CompositeActor.preinitialize(CompositeActor.java:1828)
	at ptolemy.actor.Manager.preinitializeAndResolveTypes(Manager.java:1040)
	at ptolemy.actor.Manager.initialize(Manager.java:710)
	at ptolemy.actor.Manager.execute(Manager.java:356)
	at ptolemy.actor.Manager.run(Manager.java:1263)
	at ptolemy.actor.Manager$PtolemyRunThread.run(Manager.java:1933)

    while executing
ptolemy.kernel.util.IllegalActionException: Found a zero delay loop containing .HierarchicalModel.A
  in .HierarchicalModel and .HierarchicalModel.A
    while executing
"java::new ptolemy.moml.MoMLSimpleApplication $file
"
    (procedure "createAndExecute" line 2)
    invoked from within
"createAndExecute $file"
    ("uplevel" body line 5)
    invoked from within
"uplevel $contents_of_test"
------------------ testing $PTII/ptolemy/domains/de/test/auto/knownFailedTests/dependencyLoop2.xml (Known Failure) 
4 ms. Memory: 120832K Free: 65802K (54%)


==== $PTIIhome/travis/build/icyphy/ptII/ptolemy/domains/de/test/../../../../: Auto Automatic test in file $PTII/ptolemy/domains/de/test/auto/knownFailedTests/dependencyLoop2.xml
==== Contents of test case:

	    # FIXME: we should use $relativeFilename here, but it
	    # might have backslashes under Windows, which causes no end
	    # of trouble.
	    createAndExecute $file
	    list {}
	
.... Test generated KNOWN error:
    while executing
ptolemy.kernel.util.IllegalActionException: Found a zero delay loop containing .dependencyLoop2.original
  in .dependencyLoop2 and .dependencyLoop2.original
	at ptolemy.actor.util.CausalityInterfaceForComposites._computeOutputPortDepth(CausalityInterfaceForComposites.java:759)
	at ptolemy.actor.util.CausalityInterfaceForComposites._computeInputDepth(CausalityInterfaceForComposites.java:696)
	at ptolemy.actor.util.CausalityInterfaceForComposites._computeOutputPortDepth(CausalityInterfaceForComposites.java:765)
	at ptolemy.actor.util.CausalityInterfaceForComposites._computeInputDepth(CausalityInterfaceForComposites.java:696)
	at ptolemy.actor.util.CausalityInterfaceForComposites._computeOutputPortDepth(CausalityInterfaceForComposites.java:765)
	at ptolemy.actor.util.CausalityInterfaceForComposites._computeInputDepth(CausalityInterfaceForComposites.java:696)
	at ptolemy.actor.util.CausalityInterfaceForComposites._computeActorDepth(CausalityInterfaceForComposites.java:532)
	at ptolemy.actor.util.CausalityInterfaceForComposites.checkForCycles(CausalityInterfaceForComposites.java:96)
	at ptolemy.domains.de.kernel.DEDirector.preinitialize(DEDirector.java:1338)
	at ptolemy.actor.CompositeActor.preinitialize(CompositeActor.java:1828)
	at ptolemy.actor.Manager.preinitializeAndResolveTypes(Manager.java:1040)
	at ptolemy.actor.Manager.initialize(Manager.java:710)
	at ptolemy.actor.Manager.execute(Manager.java:356)
	at ptolemy.actor.Manager.run(Manager.java:1263)
	at ptolemy.actor.Manager$PtolemyRunThread.run(Manager.java:1933)

    while executing
ptolemy.kernel.util.IllegalActionException: Found a zero delay loop containing .dependencyLoop2.original
  in .dependencyLoop2 and .dependencyLoop2.original
    while executing
"java::new ptolemy.moml.MoMLSimpleApplication $file
"
    (procedure "createAndExecute" line 2)
    invoked from within
"createAndExecute $file"
    ("uplevel" body line 5)
    invoked from within
"uplevel $contents_of_test"
------------------ testing $PTII/ptolemy/domains/de/test/auto/knownFailedTests/DESDFClockTest.xml (Known Failure) 
2074 ms. Memory: 120832K Free: 96245K (80%)


==== $PTIIhome/travis/build/icyphy/ptII/ptolemy/domains/de/test/../../../../: Auto Automatic test in file $PTII/ptolemy/domains/de/test/auto/knownFailedTests/DESDFClockTest.xml
==== Contents of test case:

	    # FIXME: we should use $relativeFilename here, but it
	    # might have backslashes under Windows, which causes no end
	    # of trouble.
	    createAndExecute $file
	    list {}
	
.... Test generated KNOWN error:
    while executing
ptolemy.kernel.util.IllegalActionException: Actor is not ready to fire.  Perhaps UpSample.prefire() returned false? Try debugging the actor by selecting "Listen to Actor".  Also, for SDF check moml for tokenConsumptionRate on input.
  in .DESDFClockTest.Play Bell.Copy1:SDF Director and .DESDFClockTest.Play Bell.UpSample
	at ptolemy.actor.sched.StaticSchedulingDirector.fire(StaticSchedulingDirector.java:227)
	at ptolemy.domains.sdf.kernel.SDFDirector.fire(SDFDirector.java:500)
	at ptolemy.actor.CompositeActor.fire(CompositeActor.java:455)
	at ptolemy.domains.de.kernel.DEDirector._fire(DEDirector.java:1949)
	at ptolemy.domains.de.kernel.DEDirector.fire(DEDirector.java:502)
	at ptolemy.actor.CompositeActor.fire(CompositeActor.java:455)
	at ptolemy.actor.Manager.iterate(Manager.java:851)
	at ptolemy.actor.Manager.execute(Manager.java:369)
	at ptolemy.actor.Manager.run(Manager.java:1263)
	at ptolemy.actor.Manager$PtolemyRunThread.run(Manager.java:1933)

    while executing
ptolemy.kernel.util.IllegalActionException: Actor is not ready to fire.  Perhaps UpSample.prefire() returned false? Try debugging the actor by selecting "Listen to Actor".  Also, for SDF check moml for tokenConsumptionRate on input.
  in .DESDFClockTest.Play Bell.Copy1:SDF Director and .DESDFClockTest.Play Bell.UpSample
    while executing
"java::new ptolemy.moml.MoMLSimpleApplication $file
"
    (procedure "createAndExecute" line 2)
    invoked from within
"createAndExecute $file"
    ("uplevel" body line 5)
    invoked from within
"uplevel $contents_of_test"
------------------ testing $PTII/ptolemy/domains/de/test/auto/ActorDepthCalculation_actorWithoutPorts.xml
auto.tcl: Setting watchdog for 200 seconds at Wed Nov 06 22:05:45 UTC 2019
10 ms. Memory: 120832K Free: 89047K (74%)
ptolemy.util.test.WatchDog.cancel(): canceling Wed Nov 06 22:05:45 UTC 2019
auto.tcl: Setting watchdog for 200 seconds at Wed Nov 06 22:05:45 UTC 2019
7 ms. Memory: 120832K Free: 87909K (73%)
ptolemy.util.test.WatchDog.cancel(): canceling Wed Nov 06 22:05:45 UTC 2019
------------------ testing $PTII/ptolemy/domains/de/test/auto/AssemblyLine.xml
auto.tcl: Setting watchdog for 200 seconds at Wed Nov 06 22:05:45 UTC 2019
14 ms. Memory: 45056K Free: 22468K (50%)
ptolemy.util.test.WatchDog.cancel(): canceling Wed Nov 06 22:05:45 UTC 2019
auto.tcl: Setting watchdog for 200 seconds at Wed Nov 06 22:05:45 UTC 2019
7 ms. Memory: 45056K Free: 21679K (48%)
ptolemy.util.test.WatchDog.cancel(): canceling Wed Nov 06 22:05:45 UTC 2019
------------------ testing $PTII/ptolemy/domains/de/test/auto/CQBug1.xml
auto.tcl: Setting watchdog for 200 seconds at Wed Nov 06 22:05:46 UTC 2019
3 ms. Memory: 45056K Free: 28488K (63%)
ptolemy.util.test.WatchDog.cancel(): canceling Wed Nov 06 22:05:46 UTC 2019
auto.tcl: Setting watchdog for 200 seconds at Wed Nov 06 22:05:46 UTC 2019
2 ms. Memory: 45056K Free: 28096K (62%)
ptolemy.util.test.WatchDog.cancel(): canceling Wed Nov 06 22:05:46 UTC 2019
------------------ testing $PTII/ptolemy/domains/de/test/auto/CancelFireAt.xml
auto.tcl: Setting watchdog for 200 seconds at Wed Nov 06 22:05:46 UTC 2019
3 ms. Memory: 45056K Free: 29630K (66%)
ptolemy.util.test.WatchDog.cancel(): canceling Wed Nov 06 22:05:46 UTC 2019
auto.tcl: Setting watchdog for 200 seconds at Wed Nov 06 22:05:46 UTC 2019
2 ms. Memory: 45056K Free: 29228K (65%)
ptolemy.util.test.WatchDog.cancel(): canceling Wed Nov 06 22:05:46 UTC 2019
------------------ testing $PTII/ptolemy/domains/de/test/auto/CausalityAndComposabilityAnalysis.xml
auto.tcl: Setting watchdog for 200 seconds at Wed Nov 06 22:05:46 UTC 2019
11 ms. Memory: 45056K Free: 27337K (61%)
ptolemy.util.test.WatchDog.cancel(): canceling Wed Nov 06 22:05:46 UTC 2019
auto.tcl: Setting watchdog for 200 seconds at Wed Nov 06 22:05:46 UTC 2019
5 ms. Memory: 45056K Free: 26845K (60%)
ptolemy.util.test.WatchDog.cancel(): canceling Wed Nov 06 22:05:46 UTC 2019
------------------ testing $PTII/ptolemy/domains/de/test/auto/CausalityInterface1.xml
auto.tcl: Setting watchdog for 200 seconds at Wed Nov 06 22:05:46 UTC 2019
20 ms. Memory: 45056K Free: 26296K (58%)
ptolemy.util.test.WatchDog.cancel(): canceling Wed Nov 06 22:05:46 UTC 2019
auto.tcl: Setting watchdog for 200 seconds at Wed Nov 06 22:05:46 UTC 2019
5 ms. Memory: 45056K Free: 25304K (56%)
ptolemy.util.test.WatchDog.cancel(): canceling Wed Nov 06 22:05:46 UTC 2019
------------------ testing $PTII/ptolemy/domains/de/test/auto/CausalityInterface15.xml
auto.tcl: Setting watchdog for 200 seconds at Wed Nov 06 22:05:46 UTC 2019
11 ms. Memory: 45056K Free: 25880K (57%)
ptolemy.util.test.WatchDog.cancel(): canceling Wed Nov 06 22:05:46 UTC 2019
auto.tcl: Setting watchdog for 200 seconds at Wed Nov 06 22:05:46 UTC 2019
4 ms. Memory: 45056K Free: 25292K (56%)
ptolemy.util.test.WatchDog.cancel(): canceling Wed Nov 06 22:05:46 UTC 2019
------------------ testing $PTII/ptolemy/domains/de/test/auto/CausalityInterface2.xml
auto.tcl: Setting watchdog for 200 seconds at Wed Nov 06 22:05:46 UTC 2019
3 ms. Memory: 45056K Free: 27007K (60%)
ptolemy.util.test.WatchDog.cancel(): canceling Wed Nov 06 22:05:46 UTC 2019
auto.tcl: Setting watchdog for 200 seconds at Wed Nov 06 22:05:46 UTC 2019
3 ms. Memory: 45056K Free: 26301K (58%)
ptolemy.util.test.WatchDog.cancel(): canceling Wed Nov 06 22:05:46 UTC 2019
------------------ testing $PTII/ptolemy/domains/de/test/auto/CausalityInterface3.xml
auto.tcl: Setting watchdog for 200 seconds at Wed Nov 06 22:05:46 UTC 2019
3 ms. Memory: 45056K Free: 26473K (59%)
ptolemy.util.test.WatchDog.cancel(): canceling Wed Nov 06 22:05:46 UTC 2019
auto.tcl: Setting watchdog for 200 seconds at Wed Nov 06 22:05:46 UTC 2019
3 ms. Memory: 45056K Free: 25696K (57%)
ptolemy.util.test.WatchDog.cancel(): canceling Wed Nov 06 22:05:46 UTC 2019
------------------ testing $PTII/ptolemy/domains/de/test/auto/ClockDrift.xml
auto.tcl: Setting watchdog for 200 seconds at Wed Nov 06 22:05:46 UTC 2019
67 ms. Memory: 45056K Free: 19078K (42%)
ptolemy.util.test.WatchDog.cancel(): canceling Wed Nov 06 22:05:46 UTC 2019
auto.tcl: Setting watchdog for 200 seconds at Wed Nov 06 22:05:46 UTC 2019
72 ms. Memory: 45056K Free: 16060K (36%)
ptolemy.util.test.WatchDog.cancel(): canceling Wed Nov 06 22:05:46 UTC 2019
------------------ testing $PTII/ptolemy/domains/de/test/auto/ClockDriftAndValueChange.xml
auto.tcl: Setting watchdog for 200 seconds at Wed Nov 06 22:05:46 UTC 2019
53 ms. Memory: 45056K Free: 19137K (42%)
ptolemy.util.test.WatchDog.cancel(): canceling Wed Nov 06 22:05:47 UTC 2019
auto.tcl: Setting watchdog for 200 seconds at Wed Nov 06 22:05:47 UTC 2019
26 ms. Memory: 45056K Free: 16282K (36%)
ptolemy.util.test.WatchDog.cancel(): canceling Wed Nov 06 22:05:47 UTC 2019
------------------ testing $PTII/ptolemy/domains/de/test/auto/ClockDriftChange.xml
auto.tcl: Setting watchdog for 200 seconds at Wed Nov 06 22:05:47 UTC 2019
33 ms. Memory: 45056K Free: 21183K (47%)
ptolemy.util.test.WatchDog.cancel(): canceling Wed Nov 06 22:05:47 UTC 2019
auto.tcl: Setting watchdog for 200 seconds at Wed Nov 06 22:05:47 UTC 2019
17 ms. Memory: 45056K Free: 18328K (41%)
ptolemy.util.test.WatchDog.cancel(): canceling Wed Nov 06 22:05:47 UTC 2019
------------------ testing $PTII/ptolemy/domains/de/test/auto/ComposableCausalityAnalysis.xml
auto.tcl: Setting watchdog for 200 seconds at Wed Nov 06 22:05:47 UTC 2019
2 ms. Memory: 45056K Free: 25865K (57%)
ptolemy.util.test.WatchDog.cancel(): canceling Wed Nov 06 22:05:47 UTC 2019
auto.tcl: Setting watchdog for 200 seconds at Wed Nov 06 22:05:47 UTC 2019
5 ms. Memory: 45056K Free: 24778K (55%)
ptolemy.util.test.WatchDog.cancel(): canceling Wed Nov 06 22:05:47 UTC 2019
------------------ testing $PTII/ptolemy/domains/de/test/auto/DEFixedPointLimitation.xml
auto.tcl: Setting watchdog for 200 seconds at Wed Nov 06 22:05:47 UTC 2019
3 ms. Memory: 45056K Free: 27143K (60%)
ptolemy.util.test.WatchDog.cancel(): canceling Wed Nov 06 22:05:47 UTC 2019
auto.tcl: Setting watchdog for 200 seconds at Wed Nov 06 22:05:47 UTC 2019
2 ms. Memory: 45056K Free: 26275K (58%)
ptolemy.util.test.WatchDog.cancel(): canceling Wed Nov 06 22:05:47 UTC 2019
------------------ testing $PTII/ptolemy/domains/de/test/auto/DEScheduleTest.xml
auto.tcl: Setting watchdog for 200 seconds at Wed Nov 06 22:05:47 UTC 2019
6 ms. Memory: 45056K Free: 27410K (61%)
ptolemy.util.test.WatchDog.cancel(): canceling Wed Nov 06 22:05:47 UTC 2019
auto.tcl: Setting watchdog for 200 seconds at Wed Nov 06 22:05:47 UTC 2019
4 ms. Memory: 45056K Free: 26685K (59%)
ptolemy.util.test.WatchDog.cancel(): canceling Wed Nov 06 22:05:47 UTC 2019
------------------ testing $PTII/ptolemy/domains/de/test/auto/DEinDEwithStartTimes.xml
auto.tcl: Setting watchdog for 200 seconds at Wed Nov 06 22:05:47 UTC 2019
16 ms. Memory: 45056K Free: 25635K (57%)
ptolemy.util.test.WatchDog.cancel(): canceling Wed Nov 06 22:05:47 UTC 2019
auto.tcl: Setting watchdog for 200 seconds at Wed Nov 06 22:05:47 UTC 2019
4 ms. Memory: 45056K Free: 24574K (55%)
ptolemy.util.test.WatchDog.cancel(): canceling Wed Nov 06 22:05:47 UTC 2019
------------------ testing $PTII/ptolemy/domains/de/test/auto/DEinDEwithStartTimes2.xml
auto.tcl: Setting watchdog for 200 seconds at Wed Nov 06 22:05:47 UTC 2019
9 ms. Memory: 45056K Free: 24915K (55%)
ptolemy.util.test.WatchDog.cancel(): canceling Wed Nov 06 22:05:47 UTC 2019
auto.tcl: Setting watchdog for 200 seconds at Wed Nov 06 22:05:47 UTC 2019
4 ms. Memory: 45056K Free: 23531K (52%)
ptolemy.util.test.WatchDog.cancel(): canceling Wed Nov 06 22:05:47 UTC 2019
------------------ testing $PTII/ptolemy/domains/de/test/auto/DateDemo.xml
auto.tcl: Setting watchdog for 200 seconds at Wed Nov 06 22:05:47 UTC 2019
11 ms. Memory: 45056K Free: 19193K (43%)
ptolemy.util.test.WatchDog.cancel(): canceling Wed Nov 06 22:05:47 UTC 2019
auto.tcl: Setting watchdog for 200 seconds at Wed Nov 06 22:05:47 UTC 2019
7 ms. Memory: 45056K Free: 17651K (39%)
ptolemy.util.test.WatchDog.cancel(): canceling Wed Nov 06 22:05:47 UTC 2019
------------------ testing $PTII/ptolemy/domains/de/test/auto/DateToEvent.xml
auto.tcl: Setting watchdog for 200 seconds at Wed Nov 06 22:05:47 UTC 2019
2011 ms. Memory: 45056K Free: 15095K (34%)
ptolemy.util.test.WatchDog.cancel(): canceling Wed Nov 06 22:05:49 UTC 2019
auto.tcl: Setting watchdog for 200 seconds at Wed Nov 06 22:05:49 UTC 2019
2005 ms. Memory: 45056K Free: 14385K (32%)
ptolemy.util.test.WatchDog.cancel(): canceling Wed Nov 06 22:05:51 UTC 2019
------------------ testing $PTII/ptolemy/domains/de/test/auto/DepthTest1.xml
auto.tcl: Setting watchdog for 200 seconds at Wed Nov 06 22:05:51 UTC 2019
4 ms. Memory: 45056K Free: 28384K (63%)
ptolemy.util.test.WatchDog.cancel(): canceling Wed Nov 06 22:05:51 UTC 2019
auto.tcl: Setting watchdog for 200 seconds at Wed Nov 06 22:05:51 UTC 2019
2 ms. Memory: 45056K Free: 27876K (62%)
ptolemy.util.test.WatchDog.cancel(): canceling Wed Nov 06 22:05:51 UTC 2019
------------------ testing $PTII/ptolemy/domains/de/test/auto/DepthTest2.xml
auto.tcl: Setting watchdog for 200 seconds at Wed Nov 06 22:05:52 UTC 2019
9 ms. Memory: 45056K Free: 25081K (56%)
ptolemy.util.test.WatchDog.cancel(): canceling Wed Nov 06 22:05:52 UTC 2019
auto.tcl: Setting watchdog for 200 seconds at Wed Nov 06 22:05:52 UTC 2019
2 ms. Memory: 45056K Free: 24570K (55%)
ptolemy.util.test.WatchDog.cancel(): canceling Wed Nov 06 22:05:52 UTC 2019
------------------ testing $PTII/ptolemy/domains/de/test/auto/DepthTest3.xml
auto.tcl: Setting watchdog for 200 seconds at Wed Nov 06 22:05:52 UTC 2019
2 ms. Memory: 45056K Free: 28714K (64%)
ptolemy.util.test.WatchDog.cancel(): canceling Wed Nov 06 22:05:52 UTC 2019
auto.tcl: Setting watchdog for 200 seconds at Wed Nov 06 22:05:52 UTC 2019
2 ms. Memory: 45056K Free: 28176K (63%)
ptolemy.util.test.WatchDog.cancel(): canceling Wed Nov 06 22:05:52 UTC 2019
------------------ testing $PTII/ptolemy/domains/de/test/auto/DepthTest4.xml
auto.tcl: Setting watchdog for 200 seconds at Wed Nov 06 22:05:52 UTC 2019
3 ms. Memory: 45056K Free: 26936K (60%)
ptolemy.util.test.WatchDog.cancel(): canceling Wed Nov 06 22:05:52 UTC 2019
auto.tcl: Setting watchdog for 200 seconds at Wed Nov 06 22:05:52 UTC 2019
2 ms. Memory: 45056K Free: 26211K (58%)
ptolemy.util.test.WatchDog.cancel(): canceling Wed Nov 06 22:05:52 UTC 2019
------------------ testing $PTII/ptolemy/domains/de/test/auto/DepthTest5.xml
auto.tcl: Setting watchdog for 200 seconds at Wed Nov 06 22:05:52 UTC 2019
3 ms. Memory: 45056K Free: 26087K (58%)
ptolemy.util.test.WatchDog.cancel(): canceling Wed Nov 06 22:05:52 UTC 2019
auto.tcl: Setting watchdog for 200 seconds at Wed Nov 06 22:05:52 UTC 2019
2 ms. Memory: 45056K Free: 25723K (57%)
ptolemy.util.test.WatchDog.cancel(): canceling Wed Nov 06 22:05:52 UTC 2019
------------------ testing $PTII/ptolemy/domains/de/test/auto/DepthTest6.xml
auto.tcl: Setting watchdog for 200 seconds at Wed Nov 06 22:05:52 UTC 2019
3 ms. Memory: 45056K Free: 26009K (58%)
ptolemy.util.test.WatchDog.cancel(): canceling Wed Nov 06 22:05:52 UTC 2019
auto.tcl: Setting watchdog for 200 seconds at Wed Nov 06 22:05:52 UTC 2019
2 ms. Memory: 45056K Free: 25511K (57%)
ptolemy.util.test.WatchDog.cancel(): canceling Wed Nov 06 22:05:52 UTC 2019
------------------ testing $PTII/ptolemy/domains/de/test/auto/DepthTest7.xml
auto.tcl: Setting watchdog for 200 seconds at Wed Nov 06 22:05:52 UTC 2019
3 ms. Memory: 45056K Free: 26861K (60%)
ptolemy.util.test.WatchDog.cancel(): canceling Wed Nov 06 22:05:52 UTC 2019
auto.tcl: Setting watchdog for 200 seconds at Wed Nov 06 22:05:52 UTC 2019
2 ms. Memory: 45056K Free: 26128K (58%)
ptolemy.util.test.WatchDog.cancel(): canceling Wed Nov 06 22:05:52 UTC 2019
------------------ testing $PTII/ptolemy/domains/de/test/auto/EventToDate.xml
auto.tcl: Setting watchdog for 200 seconds at Wed Nov 06 22:05:52 UTC 2019
3007 ms. Memory: 45056K Free: 17652K (39%)
ptolemy.util.test.WatchDog.cancel(): canceling Wed Nov 06 22:05:55 UTC 2019
auto.tcl: Setting watchdog for 200 seconds at Wed Nov 06 22:05:55 UTC 2019
3007 ms. Memory: 45056K Free: 16972K (38%)
ptolemy.util.test.WatchDog.cancel(): canceling Wed Nov 06 22:05:58 UTC 2019
------------------ testing $PTII/ptolemy/domains/de/test/auto/FSM1.xml
auto.tcl: Setting watchdog for 200 seconds at Wed Nov 06 22:05:58 UTC 2019
24 ms. Memory: 45056K Free: 18860K (42%)
ptolemy.util.test.WatchDog.cancel(): canceling Wed Nov 06 22:05:58 UTC 2019
auto.tcl: Setting watchdog for 200 seconds at Wed Nov 06 22:05:58 UTC 2019
17 ms. Memory: 45056K Free: 15609K (35%)
ptolemy.util.test.WatchDog.cancel(): canceling Wed Nov 06 22:05:58 UTC 2019
------------------ testing $PTII/ptolemy/domains/de/test/auto/FSM7.xml
auto.tcl: Setting watchdog for 200 seconds at Wed Nov 06 22:05:58 UTC 2019
15 ms. Memory: 45056K Free: 18567K (41%)
ptolemy.util.test.WatchDog.cancel(): canceling Wed Nov 06 22:05:58 UTC 2019
auto.tcl: Setting watchdog for 200 seconds at Wed Nov 06 22:05:58 UTC 2019
18 ms. Memory: 45056K Free: 15452K (34%)
ptolemy.util.test.WatchDog.cancel(): canceling Wed Nov 06 22:05:58 UTC 2019
------------------ testing $PTII/ptolemy/domains/de/test/auto/Inspection.xml
auto.tcl: Setting watchdog for 200 seconds at Wed Nov 06 22:05:58 UTC 2019
25 ms. Memory: 45056K Free: 18618K (41%)
ptolemy.util.test.WatchDog.cancel(): canceling Wed Nov 06 22:05:58 UTC 2019
auto.tcl: Setting watchdog for 200 seconds at Wed Nov 06 22:05:58 UTC 2019
17 ms. Memory: 45056K Free: 16867K (37%)
ptolemy.util.test.WatchDog.cancel(): canceling Wed Nov 06 22:05:58 UTC 2019
------------------ testing $PTII/ptolemy/domains/de/test/auto/Iteration.xml
auto.tcl: Setting watchdog for 200 seconds at Wed Nov 06 22:05:58 UTC 2019
7 ms. Memory: 45056K Free: 24311K (54%)
ptolemy.util.test.WatchDog.cancel(): canceling Wed Nov 06 22:05:58 UTC 2019
auto.tcl: Setting watchdog for 200 seconds at Wed Nov 06 22:05:58 UTC 2019
7 ms. Memory: 45056K Free: 22922K (51%)
ptolemy.util.test.WatchDog.cancel(): canceling Wed Nov 06 22:05:58 UTC 2019
------------------ testing $PTII/ptolemy/domains/de/test/auto/LineFault.xml
auto.tcl: Setting watchdog for 200 seconds at Wed Nov 06 22:05:59 UTC 2019
731 ms. Memory: 45056K Free: 25691K (57%)
ptolemy.util.test.WatchDog.cancel(): canceling Wed Nov 06 22:05:59 UTC 2019
auto.tcl: Setting watchdog for 200 seconds at Wed Nov 06 22:05:59 UTC 2019
660 ms. Memory: 55296K Free: 19768K (36%)
ptolemy.util.test.WatchDog.cancel(): canceling Wed Nov 06 22:06:00 UTC 2019
------------------ testing $PTII/ptolemy/domains/de/test/auto/MergeModel1Add.xml
auto.tcl: Setting watchdog for 200 seconds at Wed Nov 06 22:06:00 UTC 2019
21 ms. Memory: 55296K Free: 20544K (37%)
ptolemy.util.test.WatchDog.cancel(): canceling Wed Nov 06 22:06:00 UTC 2019
auto.tcl: Setting watchdog for 200 seconds at Wed Nov 06 22:06:00 UTC 2019
25 ms. Memory: 55296K Free: 18954K (34%)
ptolemy.util.test.WatchDog.cancel(): canceling Wed Nov 06 22:06:00 UTC 2019
------------------ testing $PTII/ptolemy/domains/de/test/auto/MergeModel2Add.xml
auto.tcl: Setting watchdog for 200 seconds at Wed Nov 06 22:06:00 UTC 2019
20 ms. Memory: 48128K Free: 15254K (32%)
ptolemy.util.test.WatchDog.cancel(): canceling Wed Nov 06 22:06:00 UTC 2019
auto.tcl: Setting watchdog for 200 seconds at Wed Nov 06 22:06:00 UTC 2019
12 ms. Memory: 48128K Free: 13490K (28%)
ptolemy.util.test.WatchDog.cancel(): canceling Wed Nov 06 22:06:00 UTC 2019
------------------ testing $PTII/ptolemy/domains/de/test/auto/MergeModel3Add.xml
auto.tcl: Setting watchdog for 200 seconds at Wed Nov 06 22:06:01 UTC 2019
10 ms. Memory: 48128K Free: 15474K (32%)
ptolemy.util.test.WatchDog.cancel(): canceling Wed Nov 06 22:06:01 UTC 2019
auto.tcl: Setting watchdog for 200 seconds at Wed Nov 06 22:06:01 UTC 2019
10 ms. Memory: 48128K Free: 13893K (29%)
ptolemy.util.test.WatchDog.cancel(): canceling Wed Nov 06 22:06:01 UTC 2019
------------------ testing $PTII/ptolemy/domains/de/test/auto/MergeWithoutDiscard.xml
auto.tcl: Setting watchdog for 200 seconds at Wed Nov 06 22:06:01 UTC 2019
6 ms. Memory: 48128K Free: 29964K (62%)
ptolemy.util.test.WatchDog.cancel(): canceling Wed Nov 06 22:06:01 UTC 2019
auto.tcl: Setting watchdog for 200 seconds at Wed Nov 06 22:06:01 UTC 2019
1 ms. Memory: 48128K Free: 29586K (61%)
ptolemy.util.test.WatchDog.cancel(): canceling Wed Nov 06 22:06:01 UTC 2019
------------------ testing $PTII/ptolemy/domains/de/test/auto/Modal1.xml
auto.tcl: Setting watchdog for 200 seconds at Wed Nov 06 22:06:01 UTC 2019
16 ms. Memory: 48128K Free: 21947K (46%)
ptolemy.util.test.WatchDog.cancel(): canceling Wed Nov 06 22:06:01 UTC 2019
auto.tcl: Setting watchdog for 200 seconds at Wed Nov 06 22:06:01 UTC 2019
20 ms. Memory: 48128K Free: 18518K (38%)
ptolemy.util.test.WatchDog.cancel(): canceling Wed Nov 06 22:06:01 UTC 2019
------------------ testing $PTII/ptolemy/domains/de/test/auto/Modal2.xml
auto.tcl: Setting watchdog for 200 seconds at Wed Nov 06 22:06:01 UTC 2019
21 ms. Memory: 48128K Free: 22029K (46%)
ptolemy.util.test.WatchDog.cancel(): canceling Wed Nov 06 22:06:01 UTC 2019
auto.tcl: Setting watchdog for 200 seconds at Wed Nov 06 22:06:01 UTC 2019
20 ms. Memory: 48128K Free: 18796K (39%)
ptolemy.util.test.WatchDog.cancel(): canceling Wed Nov 06 22:06:01 UTC 2019
------------------ testing $PTII/ptolemy/domains/de/test/auto/Modal3.xml
auto.tcl: Setting watchdog for 200 seconds at Wed Nov 06 22:06:01 UTC 2019
11 ms. Memory: 48128K Free: 22022K (46%)
ptolemy.util.test.WatchDog.cancel(): canceling Wed Nov 06 22:06:01 UTC 2019
auto.tcl: Setting watchdog for 200 seconds at Wed Nov 06 22:06:01 UTC 2019
12 ms. Memory: 48128K Free: 18462K (38%)
ptolemy.util.test.WatchDog.cancel(): canceling Wed Nov 06 22:06:01 UTC 2019
------------------ testing $PTII/ptolemy/domains/de/test/auto/Modal4.xml
auto.tcl: Setting watchdog for 200 seconds at Wed Nov 06 22:06:01 UTC 2019
14 ms. Memory: 48128K Free: 20994K (44%)
ptolemy.util.test.WatchDog.cancel(): canceling Wed Nov 06 22:06:01 UTC 2019
auto.tcl: Setting watchdog for 200 seconds at Wed Nov 06 22:06:01 UTC 2019
14 ms. Memory: 48128K Free: 17145K (36%)
ptolemy.util.test.WatchDog.cancel(): canceling Wed Nov 06 22:06:01 UTC 2019
------------------ testing $PTII/ptolemy/domains/de/test/auto/Modal5.xml
auto.tcl: Setting watchdog for 200 seconds at Wed Nov 06 22:06:01 UTC 2019
13 ms. Memory: 48128K Free: 20981K (44%)
ptolemy.util.test.WatchDog.cancel(): canceling Wed Nov 06 22:06:01 UTC 2019
auto.tcl: Setting watchdog for 200 seconds at Wed Nov 06 22:06:01 UTC 2019
15 ms. Memory: 48128K Free: 17156K (36%)
ptolemy.util.test.WatchDog.cancel(): canceling Wed Nov 06 22:06:01 UTC 2019
------------------ testing $PTII/ptolemy/domains/de/test/auto/Modal6.xml
auto.tcl: Setting watchdog for 200 seconds at Wed Nov 06 22:06:01 UTC 2019
13 ms. Memory: 48128K Free: 21772K (45%)
ptolemy.util.test.WatchDog.cancel(): canceling Wed Nov 06 22:06:01 UTC 2019
auto.tcl: Setting watchdog for 200 seconds at Wed Nov 06 22:06:01 UTC 2019
14 ms. Memory: 48128K Free: 17812K (37%)
ptolemy.util.test.WatchDog.cancel(): canceling Wed Nov 06 22:06:01 UTC 2019
------------------ testing $PTII/ptolemy/domains/de/test/auto/Modal7.xml
auto.tcl: Setting watchdog for 200 seconds at Wed Nov 06 22:06:01 UTC 2019
16 ms. Memory: 48128K Free: 20773K (43%)
ptolemy.util.test.WatchDog.cancel(): canceling Wed Nov 06 22:06:01 UTC 2019
auto.tcl: Setting watchdog for 200 seconds at Wed Nov 06 22:06:01 UTC 2019
12 ms. Memory: 48128K Free: 17181K (36%)
ptolemy.util.test.WatchDog.cancel(): canceling Wed Nov 06 22:06:01 UTC 2019
------------------ testing $PTII/ptolemy/domains/de/test/auto/ModalModel.xml
auto.tcl: Setting watchdog for 200 seconds at Wed Nov 06 22:06:02 UTC 2019
225 ms. Memory: 58368K Free: 38389K (66%)
ptolemy.util.test.WatchDog.cancel(): canceling Wed Nov 06 22:06:02 UTC 2019
auto.tcl: Setting watchdog for 200 seconds at Wed Nov 06 22:06:02 UTC 2019
208 ms. Memory: 58368K Free: 31686K (54%)
ptolemy.util.test.WatchDog.cancel(): canceling Wed Nov 06 22:06:02 UTC 2019
------------------ testing $PTII/ptolemy/domains/de/test/auto/ModalSource.xml
auto.tcl: Setting watchdog for 200 seconds at Wed Nov 06 22:06:02 UTC 2019
7 ms. Memory: 51200K Free: 28370K (55%)
ptolemy.util.test.WatchDog.cancel(): canceling Wed Nov 06 22:06:02 UTC 2019
auto.tcl: Setting watchdog for 200 seconds at Wed Nov 06 22:06:02 UTC 2019
6 ms. Memory: 51200K Free: 26386K (52%)
ptolemy.util.test.WatchDog.cancel(): canceling Wed Nov 06 22:06:02 UTC 2019
------------------ testing $PTII/ptolemy/domains/de/test/auto/NonInterruptibleTimerZeroDelay.xml
auto.tcl: Setting watchdog for 200 seconds at Wed Nov 06 22:06:02 UTC 2019
3 ms. Memory: 48128K Free: 30779K (64%)
ptolemy.util.test.WatchDog.cancel(): canceling Wed Nov 06 22:06:02 UTC 2019
auto.tcl: Setting watchdog for 200 seconds at Wed Nov 06 22:06:02 UTC 2019
2 ms. Memory: 48128K Free: 30084K (63%)
ptolemy.util.test.WatchDog.cancel(): canceling Wed Nov 06 22:06:02 UTC 2019
------------------ testing $PTII/ptolemy/domains/de/test/auto/OpenQueueingNetwork.xml
auto.tcl: Setting watchdog for 200 seconds at Wed Nov 06 22:06:02 UTC 2019
3095 ms. Memory: 84992K Free: 60089K (71%)
ptolemy.util.test.WatchDog.cancel(): canceling Wed Nov 06 22:06:06 UTC 2019
auto.tcl: Setting watchdog for 200 seconds at Wed Nov 06 22:06:06 UTC 2019
2608 ms. Memory: 84992K Free: 40114K (47%)
ptolemy.util.test.WatchDog.cancel(): canceling Wed Nov 06 22:06:08 UTC 2019
------------------ testing $PTII/ptolemy/domains/de/test/auto/OpenQueuingNetwork.xml
auto.tcl: Setting watchdog for 200 seconds at Wed Nov 06 22:06:08 UTC 2019
272 ms. Memory: 51200K Free: 19364K (38%)
ptolemy.util.test.WatchDog.cancel(): canceling Wed Nov 06 22:06:09 UTC 2019
auto.tcl: Setting watchdog for 200 seconds at Wed Nov 06 22:06:09 UTC 2019
253 ms. Memory: 51200K Free: 25796K (50%)
ptolemy.util.test.WatchDog.cancel(): canceling Wed Nov 06 22:06:09 UTC 2019
------------------ testing $PTII/ptolemy/domains/de/test/auto/PeriodicSampler.xml
auto.tcl: Setting watchdog for 200 seconds at Wed Nov 06 22:06:09 UTC 2019
2 ms. Memory: 51200K Free: 33014K (64%)
ptolemy.util.test.WatchDog.cancel(): canceling Wed Nov 06 22:06:09 UTC 2019
auto.tcl: Setting watchdog for 200 seconds at Wed Nov 06 22:06:09 UTC 2019
2 ms. Memory: 51200K Free: 32043K (63%)
ptolemy.util.test.WatchDog.cancel(): canceling Wed Nov 06 22:06:09 UTC 2019
------------------ testing $PTII/ptolemy/domains/de/test/auto/PersistentIO.xml
auto.tcl: Setting watchdog for 200 seconds at Wed Nov 06 22:06:09 UTC 2019
14 ms. Memory: 51200K Free: 27946K (55%)
ptolemy.util.test.WatchDog.cancel(): canceling Wed Nov 06 22:06:09 UTC 2019
auto.tcl: Setting watchdog for 200 seconds at Wed Nov 06 22:06:09 UTC 2019
4 ms. Memory: 51200K Free: 26495K (52%)
ptolemy.util.test.WatchDog.cancel(): canceling Wed Nov 06 22:06:09 UTC 2019
------------------ testing $PTII/ptolemy/domains/de/test/auto/PortParameterResetOnInitialize.xml
auto.tcl: Setting watchdog for 200 seconds at Wed Nov 06 22:06:09 UTC 2019
7 ms. Memory: 48128K Free: 30080K (63%)
ptolemy.util.test.WatchDog.cancel(): canceling Wed Nov 06 22:06:09 UTC 2019
auto.tcl: Setting watchdog for 200 seconds at Wed Nov 06 22:06:09 UTC 2019
2 ms. Memory: 48128K Free: 29624K (62%)
ptolemy.util.test.WatchDog.cancel(): canceling Wed Nov 06 22:06:09 UTC 2019
------------------ testing $PTII/ptolemy/domains/de/test/auto/PortParameterUpdates.xml
auto.tcl: Setting watchdog for 200 seconds at Wed Nov 06 22:06:09 UTC 2019
6 ms. Memory: 48128K Free: 28194K (59%)
ptolemy.util.test.WatchDog.cancel(): canceling Wed Nov 06 22:06:09 UTC 2019
auto.tcl: Setting watchdog for 200 seconds at Wed Nov 06 22:06:09 UTC 2019
5 ms. Memory: 48128K Free: 26988K (56%)
ptolemy.util.test.WatchDog.cancel(): canceling Wed Nov 06 22:06:09 UTC 2019
------------------ testing $PTII/ptolemy/domains/de/test/auto/QueueAndServer.xml
auto.tcl: Setting watchdog for 200 seconds at Wed Nov 06 22:06:09 UTC 2019
15 ms. Memory: 48128K Free: 26867K (56%)
ptolemy.util.test.WatchDog.cancel(): canceling Wed Nov 06 22:06:09 UTC 2019
auto.tcl: Setting watchdog for 200 seconds at Wed Nov 06 22:06:09 UTC 2019
9 ms. Memory: 48128K Free: 25457K (53%)
ptolemy.util.test.WatchDog.cancel(): canceling Wed Nov 06 22:06:09 UTC 2019
------------------ testing $PTII/ptolemy/domains/de/test/auto/Records.xml
auto.tcl: Setting watchdog for 200 seconds at Wed Nov 06 22:06:09 UTC 2019
3 ms. Memory: 48128K Free: 29420K (61%)
ptolemy.util.test.WatchDog.cancel(): canceling Wed Nov 06 22:06:09 UTC 2019
auto.tcl: Setting watchdog for 200 seconds at Wed Nov 06 22:06:09 UTC 2019
2 ms. Memory: 48128K Free: 28906K (60%)
ptolemy.util.test.WatchDog.cancel(): canceling Wed Nov 06 22:06:09 UTC 2019
------------------ testing $PTII/ptolemy/domains/de/test/auto/ResetTransitionWithStartTime1.xml
auto.tcl: Setting watchdog for 200 seconds at Wed Nov 06 22:06:09 UTC 2019
12 ms. Memory: 48128K Free: 26350K (55%)
ptolemy.util.test.WatchDog.cancel(): canceling Wed Nov 06 22:06:09 UTC 2019
auto.tcl: Setting watchdog for 200 seconds at Wed Nov 06 22:06:09 UTC 2019
6 ms. Memory: 48128K Free: 23852K (50%)
ptolemy.util.test.WatchDog.cancel(): canceling Wed Nov 06 22:06:09 UTC 2019
------------------ testing $PTII/ptolemy/domains/de/test/auto/ResetTransitionWithStartTime2.xml
auto.tcl: Setting watchdog for 200 seconds at Wed Nov 06 22:06:10 UTC 2019
6 ms. Memory: 48128K Free: 26305K (55%)
ptolemy.util.test.WatchDog.cancel(): canceling Wed Nov 06 22:06:10 UTC 2019
auto.tcl: Setting watchdog for 200 seconds at Wed Nov 06 22:06:10 UTC 2019
6 ms. Memory: 48128K Free: 23807K (49%)
ptolemy.util.test.WatchDog.cancel(): canceling Wed Nov 06 22:06:10 UTC 2019
------------------ testing $PTII/ptolemy/domains/de/test/auto/ResetTransitionWithStartTime3.xml
auto.tcl: Setting watchdog for 200 seconds at Wed Nov 06 22:06:10 UTC 2019
10 ms. Memory: 48128K Free: 26465K (55%)
ptolemy.util.test.WatchDog.cancel(): canceling Wed Nov 06 22:06:10 UTC 2019
auto.tcl: Setting watchdog for 200 seconds at Wed Nov 06 22:06:10 UTC 2019
6 ms. Memory: 48128K Free: 24349K (51%)
ptolemy.util.test.WatchDog.cancel(): canceling Wed Nov 06 22:06:10 UTC 2019
------------------ testing $PTII/ptolemy/domains/de/test/auto/ResetTransitionWithStartTime4.xml
auto.tcl: Setting watchdog for 200 seconds at Wed Nov 06 22:06:10 UTC 2019
12 ms. Memory: 48128K Free: 26793K (56%)
ptolemy.util.test.WatchDog.cancel(): canceling Wed Nov 06 22:06:10 UTC 2019
auto.tcl: Setting watchdog for 200 seconds at Wed Nov 06 22:06:10 UTC 2019
4 ms. Memory: 48128K Free: 25388K (53%)
ptolemy.util.test.WatchDog.cancel(): canceling Wed Nov 06 22:06:10 UTC 2019
------------------ testing $PTII/ptolemy/domains/de/test/auto/ResettableTimer1.xml
auto.tcl: Setting watchdog for 200 seconds at Wed Nov 06 22:06:10 UTC 2019
3 ms. Memory: 48128K Free: 30809K (64%)
ptolemy.util.test.WatchDog.cancel(): canceling Wed Nov 06 22:06:10 UTC 2019
auto.tcl: Setting watchdog for 200 seconds at Wed Nov 06 22:06:10 UTC 2019
2 ms. Memory: 48128K Free: 29909K (62%)
ptolemy.util.test.WatchDog.cancel(): canceling Wed Nov 06 22:06:10 UTC 2019
------------------ testing $PTII/ptolemy/domains/de/test/auto/ResettableTimer2.xml
auto.tcl: Setting watchdog for 200 seconds at Wed Nov 06 22:06:10 UTC 2019
3 ms. Memory: 48128K Free: 30437K (63%)
ptolemy.util.test.WatchDog.cancel(): canceling Wed Nov 06 22:06:10 UTC 2019
auto.tcl: Setting watchdog for 200 seconds at Wed Nov 06 22:06:10 UTC 2019
3 ms. Memory: 48128K Free: 29522K (61%)
ptolemy.util.test.WatchDog.cancel(): canceling Wed Nov 06 22:06:10 UTC 2019
------------------ testing $PTII/ptolemy/domains/de/test/auto/ResettableTimer3.xml
auto.tcl: Setting watchdog for 200 seconds at Wed Nov 06 22:06:10 UTC 2019
1 ms. Memory: 48128K Free: 30917K (64%)
ptolemy.util.test.WatchDog.cancel(): canceling Wed Nov 06 22:06:10 UTC 2019
auto.tcl: Setting watchdog for 200 seconds at Wed Nov 06 22:06:10 UTC 2019
1 ms. Memory: 48128K Free: 30437K (63%)
ptolemy.util.test.WatchDog.cancel(): canceling Wed Nov 06 22:06:10 UTC 2019
------------------ testing $PTII/ptolemy/domains/de/test/auto/ResettableTimer4.xml
auto.tcl: Setting watchdog for 200 seconds at Wed Nov 06 22:06:10 UTC 2019
2 ms. Memory: 48128K Free: 30481K (63%)
ptolemy.util.test.WatchDog.cancel(): canceling Wed Nov 06 22:06:10 UTC 2019
auto.tcl: Setting watchdog for 200 seconds at Wed Nov 06 22:06:10 UTC 2019
1 ms. Memory: 48128K Free: 29986K (62%)
ptolemy.util.test.WatchDog.cancel(): canceling Wed Nov 06 22:06:10 UTC 2019
------------------ testing $PTII/ptolemy/domains/de/test/auto/ResettableTimer5.xml
auto.tcl: Setting watchdog for 200 seconds at Wed Nov 06 22:06:10 UTC 2019
2 ms. Memory: 48128K Free: 29935K (62%)
ptolemy.util.test.WatchDog.cancel(): canceling Wed Nov 06 22:06:10 UTC 2019
auto.tcl: Setting watchdog for 200 seconds at Wed Nov 06 22:06:10 UTC 2019
2 ms. Memory: 48128K Free: 29486K (61%)
ptolemy.util.test.WatchDog.cancel(): canceling Wed Nov 06 22:06:10 UTC 2019
------------------ testing $PTII/ptolemy/domains/de/test/auto/ResettableTimer6.xml
auto.tcl: Setting watchdog for 200 seconds at Wed Nov 06 22:06:10 UTC 2019
3 ms. Memory: 48128K Free: 29476K (61%)
ptolemy.util.test.WatchDog.cancel(): canceling Wed Nov 06 22:06:10 UTC 2019
auto.tcl: Setting watchdog for 200 seconds at Wed Nov 06 22:06:10 UTC 2019
2 ms. Memory: 48128K Free: 28965K (60%)
ptolemy.util.test.WatchDog.cancel(): canceling Wed Nov 06 22:06:10 UTC 2019
------------------ testing $PTII/ptolemy/domains/de/test/auto/ServerZeroDelay.xml
auto.tcl: Setting watchdog for 200 seconds at Wed Nov 06 22:06:10 UTC 2019
4 ms. Memory: 48128K Free: 30559K (63%)
ptolemy.util.test.WatchDog.cancel(): canceling Wed Nov 06 22:06:10 UTC 2019
auto.tcl: Setting watchdog for 200 seconds at Wed Nov 06 22:06:10 UTC 2019
3 ms. Memory: 48128K Free: 29515K (61%)
ptolemy.util.test.WatchDog.cancel(): canceling Wed Nov 06 22:06:10 UTC 2019
------------------ testing $PTII/ptolemy/domains/de/test/auto/SmartSender.xml
auto.tcl: Setting watchdog for 200 seconds at Wed Nov 06 22:06:10 UTC 2019
3001 ms. Memory: 48128K Free: 30464K (63%)
ptolemy.util.test.WatchDog.cancel(): canceling Wed Nov 06 22:06:13 UTC 2019
auto.tcl: Setting watchdog for 200 seconds at Wed Nov 06 22:06:13 UTC 2019
3002 ms. Memory: 48128K Free: 29936K (62%)
ptolemy.util.test.WatchDog.cancel(): canceling Wed Nov 06 22:06:16 UTC 2019
------------------ testing $PTII/ptolemy/domains/de/test/auto/ThreadedComposite.xml
auto.tcl: Setting watchdog for 200 seconds at Wed Nov 06 22:06:16 UTC 2019
169 ms. Memory: 48128K Free: 12007K (25%)
ptolemy.util.test.WatchDog.cancel(): canceling Wed Nov 06 22:06:17 UTC 2019
auto.tcl: Setting watchdog for 200 seconds at Wed Nov 06 22:06:17 UTC 2019
119 ms. Memory: 48128K Free: 25871K (54%)
ptolemy.util.test.WatchDog.cancel(): canceling Wed Nov 06 22:06:17 UTC 2019
------------------ testing $PTII/ptolemy/domains/de/test/auto/Time.xml
auto.tcl: Setting watchdog for 200 seconds at Wed Nov 06 22:06:17 UTC 2019
600 ms. Memory: 48128K Free: 32657K (68%)
ptolemy.util.test.WatchDog.cancel(): canceling Wed Nov 06 22:06:17 UTC 2019
auto.tcl: Setting watchdog for 200 seconds at Wed Nov 06 22:06:17 UTC 2019
605 ms. Memory: 48128K Free: 33295K (69%)
ptolemy.util.test.WatchDog.cancel(): canceling Wed Nov 06 22:06:18 UTC 2019
------------------ testing $PTII/ptolemy/domains/de/test/auto/TimeDelayZeroDelay.xml
auto.tcl: Setting watchdog for 200 seconds at Wed Nov 06 22:06:18 UTC 2019
2 ms. Memory: 48128K Free: 30354K (63%)
ptolemy.util.test.WatchDog.cancel(): canceling Wed Nov 06 22:06:18 UTC 2019
auto.tcl: Setting watchdog for 200 seconds at Wed Nov 06 22:06:18 UTC 2019
3 ms. Memory: 48128K Free: 29504K (61%)
ptolemy.util.test.WatchDog.cancel(): canceling Wed Nov 06 22:06:18 UTC 2019
------------------ testing $PTII/ptolemy/domains/de/test/auto/TimerZeroDelay.xml
auto.tcl: Setting watchdog for 200 seconds at Wed Nov 06 22:06:18 UTC 2019
2 ms. Memory: 48128K Free: 30604K (64%)
ptolemy.util.test.WatchDog.cancel(): canceling Wed Nov 06 22:06:18 UTC 2019
auto.tcl: Setting watchdog for 200 seconds at Wed Nov 06 22:06:18 UTC 2019
2 ms. Memory: 48128K Free: 29948K (62%)
ptolemy.util.test.WatchDog.cancel(): canceling Wed Nov 06 22:06:18 UTC 2019
------------------ testing $PTII/ptolemy/domains/de/test/auto/TimingParadox.xml
auto.tcl: Setting watchdog for 200 seconds at Wed Nov 06 22:06:18 UTC 2019
381 ms. Memory: 48128K Free: 14883K (31%)
ptolemy.util.test.WatchDog.cancel(): canceling Wed Nov 06 22:06:19 UTC 2019
auto.tcl: Setting watchdog for 200 seconds at Wed Nov 06 22:06:19 UTC 2019
351 ms. Memory: 48128K Free: 28926K (60%)
ptolemy.util.test.WatchDog.cancel(): canceling Wed Nov 06 22:06:19 UTC 2019
------------------ testing $PTII/ptolemy/domains/de/test/auto/TransferInputs.xml
auto.tcl: Setting watchdog for 200 seconds at Wed Nov 06 22:06:19 UTC 2019
2 ms. Memory: 48128K Free: 28885K (60%)
ptolemy.util.test.WatchDog.cancel(): canceling Wed Nov 06 22:06:19 UTC 2019
auto.tcl: Setting watchdog for 200 seconds at Wed Nov 06 22:06:19 UTC 2019
2 ms. Memory: 48128K Free: 28029K (58%)
ptolemy.util.test.WatchDog.cancel(): canceling Wed Nov 06 22:06:19 UTC 2019
------------------ testing $PTII/ptolemy/domains/de/test/auto/TransferOutputs2.xml
auto.tcl: Setting watchdog for 200 seconds at Wed Nov 06 22:06:19 UTC 2019
3 ms. Memory: 48128K Free: 26306K (55%)
ptolemy.util.test.WatchDog.cancel(): canceling Wed Nov 06 22:06:19 UTC 2019
auto.tcl: Setting watchdog for 200 seconds at Wed Nov 06 22:06:19 UTC 2019
3 ms. Memory: 48128K Free: 24901K (52%)
ptolemy.util.test.WatchDog.cancel(): canceling Wed Nov 06 22:06:19 UTC 2019
------------------ testing $PTII/ptolemy/domains/de/test/auto/Trilateration.xml
auto.tcl: Setting watchdog for 200 seconds at Wed Nov 06 22:06:19 UTC 2019
13706 ms. Memory: 388096K Free: 250391K (65%)
ptolemy.util.test.WatchDog.cancel(): canceling Wed Nov 06 22:06:34 UTC 2019
auto.tcl: Setting watchdog for 200 seconds at Wed Nov 06 22:06:34 UTC 2019
10963 ms. Memory: 388096K Free: 154642K (40%)
ptolemy.util.test.WatchDog.cancel(): canceling Wed Nov 06 22:06:45 UTC 2019
------------------ testing $PTII/ptolemy/domains/de/test/auto/TwoSigmaDelta.xml
auto.tcl: Setting watchdog for 200 seconds at Wed Nov 06 22:06:45 UTC 2019
2596 ms. Memory: 89088K Free: 35737K (40%)
ptolemy.util.test.WatchDog.cancel(): canceling Wed Nov 06 22:06:48 UTC 2019
auto.tcl: Setting watchdog for 200 seconds at Wed Nov 06 22:06:48 UTC 2019
2066 ms. Memory: 89088K Free: 34231K (38%)
ptolemy.util.test.WatchDog.cancel(): canceling Wed Nov 06 22:06:50 UTC 2019
------------------ testing $PTII/ptolemy/domains/de/test/auto/VariableDelay.xml
auto.tcl: Setting watchdog for 200 seconds at Wed Nov 06 22:06:50 UTC 2019
3 ms. Memory: 51200K Free: 32410K (63%)
ptolemy.util.test.WatchDog.cancel(): canceling Wed Nov 06 22:06:50 UTC 2019
auto.tcl: Setting watchdog for 200 seconds at Wed Nov 06 22:06:50 UTC 2019
2 ms. Memory: 51200K Free: 31416K (61%)
ptolemy.util.test.WatchDog.cancel(): canceling Wed Nov 06 22:06:50 UTC 2019
------------------ testing $PTII/ptolemy/domains/de/test/auto/VariableDelay2.xml
auto.tcl: Setting watchdog for 200 seconds at Wed Nov 06 22:06:50 UTC 2019
12 ms. Memory: 51200K Free: 33024K (65%)
ptolemy.util.test.WatchDog.cancel(): canceling Wed Nov 06 22:06:50 UTC 2019
auto.tcl: Setting watchdog for 200 seconds at Wed Nov 06 22:06:50 UTC 2019
2 ms. Memory: 51200K Free: 32512K (64%)
ptolemy.util.test.WatchDog.cancel(): canceling Wed Nov 06 22:06:50 UTC 2019
------------------ testing $PTII/ptolemy/domains/de/test/auto/VariableDelayZeroDelay.xml
auto.tcl: Setting watchdog for 200 seconds at Wed Nov 06 22:06:50 UTC 2019
3 ms. Memory: 51200K Free: 33450K (65%)
ptolemy.util.test.WatchDog.cancel(): canceling Wed Nov 06 22:06:50 UTC 2019
auto.tcl: Setting watchdog for 200 seconds at Wed Nov 06 22:06:50 UTC 2019
2 ms. Memory: 51200K Free: 32823K (64%)
ptolemy.util.test.WatchDog.cancel(): canceling Wed Nov 06 22:06:50 UTC 2019
------------------ testing $PTII/ptolemy/domains/de/test/auto/VariableDelayZeroDelay2.xml
auto.tcl: Setting watchdog for 200 seconds at Wed Nov 06 22:06:50 UTC 2019
2 ms. Memory: 51200K Free: 33351K (65%)
ptolemy.util.test.WatchDog.cancel(): canceling Wed Nov 06 22:06:50 UTC 2019
auto.tcl: Setting watchdog for 200 seconds at Wed Nov 06 22:06:50 UTC 2019
2 ms. Memory: 51200K Free: 32327K (63%)
ptolemy.util.test.WatchDog.cancel(): canceling Wed Nov 06 22:06:50 UTC 2019
------------------ testing $PTII/ptolemy/domains/de/test/auto/deInCt.xml
auto.tcl: Setting watchdog for 200 seconds at Wed Nov 06 22:06:50 UTC 2019
0
1
1
1
0
0
0
1
1
1
0
0
0
1
1
1
1
1
0
0
0
1
1
1
1
1
0
0
0
1
1
1
0
0
0
1
1
1
1
13 ms. Memory: 51200K Free: 32324K (63%)
ptolemy.util.test.WatchDog.cancel(): canceling Wed Nov 06 22:06:50 UTC 2019
auto.tcl: Setting watchdog for 200 seconds at Wed Nov 06 22:06:50 UTC 2019
0
1
1
1
0
0
0
0
1
1
1
0
0
0
0
0
1
1
1
0
0
0
0
1
1
1
0
0
0
1
1
0
0
0
1
1
1
0
0
0
0
6 ms. Memory: 51200K Free: 30786K (60%)
ptolemy.util.test.WatchDog.cancel(): canceling Wed Nov 06 22:06:50 UTC 2019
------------------ testing $PTII/ptolemy/domains/de/test/auto/deInCt2.xml
auto.tcl: Setting watchdog for 200 seconds at Wed Nov 06 22:06:50 UTC 2019
0
1
1
1
0
0
1
1
1
0
0
1
1
1
0
0
1
1
1
0
0
1
1
1
0
0
1
1
1
0
0
1
1
1
0
0
1
1
1
0
0
0
16 ms. Memory: 51200K Free: 32371K (63%)
ptolemy.util.test.WatchDog.cancel(): canceling Wed Nov 06 22:06:50 UTC 2019
auto.tcl: Setting watchdog for 200 seconds at Wed Nov 06 22:06:50 UTC 2019
0
1
1
1
0
0
1
1
1
0
0
1
1
1
0
0
1
1
1
0
0
1
1
1
0
0
1
1
1
0
0
1
1
1
0
0
1
1
1
0
0
0
6 ms. Memory: 51200K Free: 30774K (60%)
ptolemy.util.test.WatchDog.cancel(): canceling Wed Nov 06 22:06:50 UTC 2019
------------------ testing $PTII/ptolemy/domains/de/test/auto/dynamicCausalityInterface1.xml
auto.tcl: Setting watchdog for 200 seconds at Wed Nov 06 22:06:50 UTC 2019
2 ms. Memory: 51200K Free: 28225K (55%)
ptolemy.util.test.WatchDog.cancel(): canceling Wed Nov 06 22:06:50 UTC 2019
auto.tcl: Setting watchdog for 200 seconds at Wed Nov 06 22:06:50 UTC 2019
1 ms. Memory: 51200K Free: 27711K (54%)
ptolemy.util.test.WatchDog.cancel(): canceling Wed Nov 06 22:06:50 UTC 2019
------------------ testing $PTII/ptolemy/domains/de/test/auto/fsm_de_test.xml
auto.tcl: Setting watchdog for 200 seconds at Wed Nov 06 22:06:50 UTC 2019
11 ms. Memory: 51200K Free: 28123K (55%)
ptolemy.util.test.WatchDog.cancel(): canceling Wed Nov 06 22:06:50 UTC 2019
auto.tcl: Setting watchdog for 200 seconds at Wed Nov 06 22:06:50 UTC 2019
6 ms. Memory: 51200K Free: 26075K (51%)
ptolemy.util.test.WatchDog.cancel(): canceling Wed Nov 06 22:06:50 UTC 2019
------------------ testing $PTII/ptolemy/domains/de/test/auto/functionDependencyReconstruction.xml
auto.tcl: Setting watchdog for 200 seconds at Wed Nov 06 22:06:51 UTC 2019
3 ms. Memory: 48128K Free: 18897K (39%)
ptolemy.util.test.WatchDog.cancel(): canceling Wed Nov 06 22:06:51 UTC 2019
auto.tcl: Setting watchdog for 200 seconds at Wed Nov 06 22:06:51 UTC 2019
3 ms. Memory: 48128K Free: 16855K (35%)
ptolemy.util.test.WatchDog.cancel(): canceling Wed Nov 06 22:06:51 UTC 2019
------------------ testing $PTII/ptolemy/domains/de/test/auto/multirate.xml
auto.tcl: Setting watchdog for 200 seconds at Wed Nov 06 22:06:51 UTC 2019
3 ms. Memory: 48128K Free: 27116K (56%)
ptolemy.util.test.WatchDog.cancel(): canceling Wed Nov 06 22:06:51 UTC 2019
auto.tcl: Setting watchdog for 200 seconds at Wed Nov 06 22:06:51 UTC 2019
3 ms. Memory: 48128K Free: 25992K (54%)
ptolemy.util.test.WatchDog.cancel(): canceling Wed Nov 06 22:06:51 UTC 2019
------------------ testing $PTII/ptolemy/domains/de/test/auto/multirate2.xml
auto.tcl: Setting watchdog for 200 seconds at Wed Nov 06 22:06:51 UTC 2019
2 ms. Memory: 48128K Free: 27648K (57%)
ptolemy.util.test.WatchDog.cancel(): canceling Wed Nov 06 22:06:51 UTC 2019
auto.tcl: Setting watchdog for 200 seconds at Wed Nov 06 22:06:51 UTC 2019
4 ms. Memory: 48128K Free: 26182K (54%)
ptolemy.util.test.WatchDog.cancel(): canceling Wed Nov 06 22:06:51 UTC 2019
------------------ testing $PTII/ptolemy/domains/de/test/auto/realtime.xml
auto.tcl: Setting watchdog for 200 seconds at Wed Nov 06 22:06:51 UTC 2019
10002 ms. Memory: 48128K Free: 29941K (62%)
ptolemy.util.test.WatchDog.cancel(): canceling Wed Nov 06 22:07:01 UTC 2019
auto.tcl: Setting watchdog for 200 seconds at Wed Nov 06 22:07:01 UTC 2019
10002 ms. Memory: 48128K Free: 29199K (61%)
ptolemy.util.test.WatchDog.cancel(): canceling Wed Nov 06 22:07:11 UTC 2019
------------------ testing $PTII/ptolemy/domains/de/test/auto/relationGroup.xml
auto.tcl: Setting watchdog for 200 seconds at Wed Nov 06 22:07:11 UTC 2019
2 ms. Memory: 48128K Free: 31001K (64%)
ptolemy.util.test.WatchDog.cancel(): canceling Wed Nov 06 22:07:11 UTC 2019
auto.tcl: Setting watchdog for 200 seconds at Wed Nov 06 22:07:11 UTC 2019
1 ms. Memory: 48128K Free: 30284K (63%)
ptolemy.util.test.WatchDog.cancel(): canceling Wed Nov 06 22:07:11 UTC 2019
------------------ testing $PTII/ptolemy/domains/de/test/auto/relationGroup2.xml
auto.tcl: Setting watchdog for 200 seconds at Wed Nov 06 22:07:11 UTC 2019
1 ms. Memory: 48128K Free: 30816K (64%)
ptolemy.util.test.WatchDog.cancel(): canceling Wed Nov 06 22:07:11 UTC 2019
auto.tcl: Setting watchdog for 200 seconds at Wed Nov 06 22:07:11 UTC 2019
1 ms. Memory: 48128K Free: 30306K (63%)
ptolemy.util.test.WatchDog.cancel(): canceling Wed Nov 06 22:07:11 UTC 2019
------------------ testing $PTII/ptolemy/domains/de/test/auto/sortWithOpaquePorts.xml
auto.tcl: Setting watchdog for 200 seconds at Wed Nov 06 22:07:11 UTC 2019
2 ms. Memory: 48128K Free: 29792K (62%)
ptolemy.util.test.WatchDog.cancel(): canceling Wed Nov 06 22:07:11 UTC 2019
auto.tcl: Setting watchdog for 200 seconds at Wed Nov 06 22:07:11 UTC 2019
2 ms. Memory: 48128K Free: 28258K (59%)
ptolemy.util.test.WatchDog.cancel(): canceling Wed Nov 06 22:07:11 UTC 2019
------------------ testing $PTII/ptolemy/domains/de/test/auto/transferInputsandOutputs.xml
auto.tcl: Setting watchdog for 200 seconds at Wed Nov 06 22:07:11 UTC 2019
3 ms. Memory: 48128K Free: 27222K (57%)
ptolemy.util.test.WatchDog.cancel(): canceling Wed Nov 06 22:07:11 UTC 2019
auto.tcl: Setting watchdog for 200 seconds at Wed Nov 06 22:07:11 UTC 2019
2 ms. Memory: 48128K Free: 26265K (55%)
ptolemy.util.test.WatchDog.cancel(): canceling Wed Nov 06 22:07:11 UTC 2019
------------------ testing $PTII/ptolemy/domains/de/test/auto/triggerType.xml
auto.tcl: Setting watchdog for 200 seconds at Wed Nov 06 22:07:11 UTC 2019
1 ms. Memory: 48128K Free: 30247K (63%)
ptolemy.util.test.WatchDog.cancel(): canceling Wed Nov 06 22:07:11 UTC 2019
auto.tcl: Setting watchdog for 200 seconds at Wed Nov 06 22:07:11 UTC 2019
2 ms. Memory: 48128K Free: 29276K (61%)
ptolemy.util.test.WatchDog.cancel(): canceling Wed Nov 06 22:07:11 UTC 2019
11/06/19 10:07:11
Failed: 0  Total Tests: 192  ((Passed: 187, Newly Passed: 1)  Known Failed: 5) /home/travis/build/icyphy/ptII/ptolemy/domains/de/test
11/06/19 10:07:11
Failed: 0  Total Tests: 192  ((Passed: 187, Newly Passed: 1)  Known Failed: 5) /home/travis/build/icyphy/ptII/ptolemy/domains/de/test
----------------- testing (KnownFailure) /home/travis/build/icyphy/ptII/ptolemy/domains/de/test/auto/knownFailedTests/DESDFClockTest.xml
2011 ms. Memory: 48128K Free: 23642K (49%)
Known Failure: java.lang.reflect.InvocationTargetException
----------------- testing (KnownFailure) /home/travis/build/icyphy/ptII/ptolemy/domains/de/test/auto/knownFailedTests/DirectFeedback.xml
1 ms. Memory: 48128K Free: 20060K (42%)
Known Failure: java.lang.reflect.InvocationTargetException
----------------- testing (KnownFailure) /home/travis/build/icyphy/ptII/ptolemy/domains/de/test/auto/knownFailedTests/FSMSource.xml
8 ms. Memory: 48128K Free: 12364K (26%)
----------------- testing (KnownFailure) /home/travis/build/icyphy/ptII/ptolemy/domains/de/test/auto/knownFailedTests/HierarchicalModel.xml
3 ms. Memory: 48128K Free: 22333K (46%)
Known Failure: java.lang.reflect.InvocationTargetException
----------------- testing (KnownFailure) /home/travis/build/icyphy/ptII/ptolemy/domains/de/test/auto/knownFailedTests/dependencyLoop.xml
7 ms. Memory: 48128K Free: 32784K (68%)
Known Failure: java.lang.reflect.InvocationTargetException
----------------- testing (KnownFailure) /home/travis/build/icyphy/ptII/ptolemy/domains/de/test/auto/knownFailedTests/dependencyLoop2.xml
3 ms. Memory: 48128K Free: 17570K (37%)
Known Failure: java.lang.reflect.InvocationTargetException
No auto/linux-amd64/*.xml tests in /home/travis/build/icyphy/ptII/ptolemy/domains/de/test
AutoTests.java: About to close Vertx.
AutoTests.java: Vertx closed.

===========================================================================================
----------------- testing Wed Nov 06 22:07:13 UTC 2019 /home/travis/build/icyphy/ptII/ptolemy/domains/de/test/auto/ActorDepthCalculation_actorWithoutPorts.xml
----------------- Instantiating /home/travis/build/icyphy/ptII/ptolemy/domains/de/test/auto/ActorDepthCalculation_actorWithoutPorts.xml
2 ms. Memory: 48128K Free: 11564K (24%)
----------------- Invoking toplevel() on ptolemy.moml.MoMLSimpleApplication@1f7d975
----------------- Done invoking toplevel() on ptolemy.moml.MoMLSimpleApplication@1f7d975
reloadAllAccessors: .ActorDepthCalculation_actorWithoutPorts

===========================================================================================
----------------- testing Wed Nov 06 22:07:13 UTC 2019 /home/travis/build/icyphy/ptII/ptolemy/domains/de/test/auto/AssemblyLine.xml
----------------- Instantiating /home/travis/build/icyphy/ptII/ptolemy/domains/de/test/auto/AssemblyLine.xml
3 ms. Memory: 48128K Free: 30089K (63%)
----------------- Invoking toplevel() on ptolemy.moml.MoMLSimpleApplication@3ff2ac6d
----------------- Done invoking toplevel() on ptolemy.moml.MoMLSimpleApplication@3ff2ac6d
reloadAllAccessors: .AssemblyLine

===========================================================================================
----------------- testing Wed Nov 06 22:07:14 UTC 2019 /home/travis/build/icyphy/ptII/ptolemy/domains/de/test/auto/CQBug1.xml
----------------- Instantiating /home/travis/build/icyphy/ptII/ptolemy/domains/de/test/auto/CQBug1.xml
1 ms. Memory: 48128K Free: 27154K (56%)
----------------- Invoking toplevel() on ptolemy.moml.MoMLSimpleApplication@33bd4919
----------------- Done invoking toplevel() on ptolemy.moml.MoMLSimpleApplication@33bd4919
reloadAllAccessors: .CQBug1

===========================================================================================
----------------- testing Wed Nov 06 22:07:14 UTC 2019 /home/travis/build/icyphy/ptII/ptolemy/domains/de/test/auto/CancelFireAt.xml
----------------- Instantiating /home/travis/build/icyphy/ptII/ptolemy/domains/de/test/auto/CancelFireAt.xml
2 ms. Memory: 48128K Free: 24855K (52%)
----------------- Invoking toplevel() on ptolemy.moml.MoMLSimpleApplication@3c160055
----------------- Done invoking toplevel() on ptolemy.moml.MoMLSimpleApplication@3c160055
reloadAllAccessors: .CancelFireAt

===========================================================================================
----------------- testing Wed Nov 06 22:07:14 UTC 2019 /home/travis/build/icyphy/ptII/ptolemy/domains/de/test/auto/CausalityAndComposabilityAnalysis.xml
----------------- Instantiating /home/travis/build/icyphy/ptII/ptolemy/domains/de/test/auto/CausalityAndComposabilityAnalysis.xml
2 ms. Memory: 48128K Free: 20552K (43%)
----------------- Invoking toplevel() on ptolemy.moml.MoMLSimpleApplication@7d041765
----------------- Done invoking toplevel() on ptolemy.moml.MoMLSimpleApplication@7d041765
reloadAllAccessors: .CausalityAndComposabilityAnalysis

===========================================================================================
----------------- testing Wed Nov 06 22:07:14 UTC 2019 /home/travis/build/icyphy/ptII/ptolemy/domains/de/test/auto/CausalityInterface1.xml
----------------- Instantiating /home/travis/build/icyphy/ptII/ptolemy/domains/de/test/auto/CausalityInterface1.xml
5 ms. Memory: 48128K Free: 15671K (33%)
----------------- Invoking toplevel() on ptolemy.moml.MoMLSimpleApplication@2b4690b4
----------------- Done invoking toplevel() on ptolemy.moml.MoMLSimpleApplication@2b4690b4
reloadAllAccessors: .CausalityInterface1

===========================================================================================
----------------- testing Wed Nov 06 22:07:14 UTC 2019 /home/travis/build/icyphy/ptII/ptolemy/domains/de/test/auto/CausalityInterface15.xml
----------------- Instantiating /home/travis/build/icyphy/ptII/ptolemy/domains/de/test/auto/CausalityInterface15.xml
1 ms. Memory: 48128K Free: 10282K (21%)
----------------- Invoking toplevel() on ptolemy.moml.MoMLSimpleApplication@4594ee5d
----------------- Done invoking toplevel() on ptolemy.moml.MoMLSimpleApplication@4594ee5d
reloadAllAccessors: .CausalityInterface15

===========================================================================================
----------------- testing Wed Nov 06 22:07:14 UTC 2019 /home/travis/build/icyphy/ptII/ptolemy/domains/de/test/auto/CausalityInterface2.xml
----------------- Instantiating /home/travis/build/icyphy/ptII/ptolemy/domains/de/test/auto/CausalityInterface2.xml
2 ms. Memory: 48128K Free: 31368K (65%)
[...]
	at ptolemy.actor.Manager.run(Manager.java:1263)
	at ptolemy.actor.Manager$PtolemyRunThread.run(Manager.java:1933)
java.lang.RuntimeException: Execution failed
	at ptolemy.moml.MoMLSimpleApplication$UnloadThread.run(MoMLSimpleApplication.java:402)
Caused by: ptolemy.kernel.util.IllegalActionException: Actor is not ready to fire.  Perhaps UpSample.prefire() returned false? Try debugging the actor by selecting "Listen to Actor".  Also, for SDF check moml for tokenConsumptionRate on input.
  in .DESDFClockTest.Play Bell.Copy1:SDF Director and .DESDFClockTest.Play Bell.UpSample
	at ptolemy.actor.sched.StaticSchedulingDirector.fire(StaticSchedulingDirector.java:227)
	at ptolemy.domains.sdf.kernel.SDFDirector.fire(SDFDirector.java:500)
	at ptolemy.actor.CompositeActor.fire(CompositeActor.java:455)
	at ptolemy.domains.de.kernel.DEDirector._fire(DEDirector.java:1949)
	at ptolemy.domains.de.kernel.DEDirector.fire(DEDirector.java:502)
	at ptolemy.actor.CompositeActor.fire(CompositeActor.java:455)
	at ptolemy.actor.Manager.iterate(Manager.java:851)
	at ptolemy.actor.Manager.execute(Manager.java:369)
	at ptolemy.actor.Manager.run(Manager.java:1263)
	at ptolemy.actor.Manager$PtolemyRunThread.run(Manager.java:1933)
java.lang.reflect.InvocationTargetException
	at java.base/jdk.internal.reflect.NativeConstructorAccessorImpl.newInstance0(Native Method)
	at java.base/jdk.internal.reflect.NativeConstructorAccessorImpl.newInstance(NativeConstructorAccessorImpl.java:62)
	at java.base/jdk.internal.reflect.DelegatingConstructorAccessorImpl.newInstance(DelegatingConstructorAccessorImpl.java:45)
	at java.base/java.lang.reflect.Constructor.newInstance(Constructor.java:490)
	at ptolemy.util.test.junit.AutoKnownFailedTests.RunModel(AutoKnownFailedTests.java:105)
	at java.base/jdk.internal.reflect.NativeMethodAccessorImpl.invoke0(Native Method)
	at java.base/jdk.internal.reflect.NativeMethodAccessorImpl.invoke(NativeMethodAccessorImpl.java:62)
	at java.base/jdk.internal.reflect.DelegatingMethodAccessorImpl.invoke(DelegatingMethodAccessorImpl.java:43)
	at java.base/java.lang.reflect.Method.invoke(Method.java:566)
	at org.junit.runners.model.FrameworkMethod$1.runReflectiveCall(FrameworkMethod.java:44)
	at org.junit.internal.runners.model.ReflectiveCallable.run(ReflectiveCallable.java:15)
	at org.junit.runners.model.FrameworkMethod.invokeExplosively(FrameworkMethod.java:41)
	at junitparams.internal.InvokeParameterisedMethod.evaluate(InvokeParameterisedMethod.java:102)
	at org.junit.internal.runners.statements.FailOnTimeout$1.run(FailOnTimeout.java:28)
Caused by: ptolemy.kernel.util.IllegalActionException: Actor is not ready to fire.  Perhaps UpSample.prefire() returned false? Try debugging the actor by selecting "Listen to Actor".  Also, for SDF check moml for tokenConsumptionRate on input.
  in .DESDFClockTest.Play Bell.Copy1:SDF Director and .DESDFClockTest.Play Bell.UpSample
	at ptolemy.actor.sched.StaticSchedulingDirector.fire(StaticSchedulingDirector.java:227)
	at ptolemy.domains.sdf.kernel.SDFDirector.fire(SDFDirector.java:500)
	at ptolemy.actor.CompositeActor.fire(CompositeActor.java:455)
	at ptolemy.domains.de.kernel.DEDirector._fire(DEDirector.java:1949)
	at ptolemy.domains.de.kernel.DEDirector.fire(DEDirector.java:502)
	at ptolemy.actor.CompositeActor.fire(CompositeActor.java:455)
	at ptolemy.actor.Manager.iterate(Manager.java:851)
	at ptolemy.actor.Manager.execute(Manager.java:369)
	at ptolemy.actor.Manager.run(Manager.java:1263)
	at ptolemy.actor.Manager$PtolemyRunThread.run(Manager.java:1933)
java.lang.RuntimeException: Execution failed
	at ptolemy.moml.MoMLSimpleApplication$UnloadThread.run(MoMLSimpleApplication.java:402)
Caused by: ptolemy.kernel.util.IllegalActionException: Test fails in iteration 1.
Value was: 1.0. Should have been: 2.0
  in .DirectFeedback.Test
	at ptolemy.actor.lib.Test.fire(Test.java:268)
	at ptolemy.domains.de.kernel.DEDirector._fire(DEDirector.java:1949)
	at ptolemy.domains.de.kernel.DEDirector.fire(DEDirector.java:502)
	at ptolemy.actor.CompositeActor.fire(CompositeActor.java:455)
	at ptolemy.actor.Manager.iterate(Manager.java:851)
	at ptolemy.actor.Manager.execute(Manager.java:369)
	at ptolemy.actor.Manager.run(Manager.java:1263)
	at ptolemy.actor.Manager$PtolemyRunThread.run(Manager.java:1933)
java.lang.reflect.InvocationTargetException
	at java.base/jdk.internal.reflect.NativeConstructorAccessorImpl.newInstance0(Native Method)
	at java.base/jdk.internal.reflect.NativeConstructorAccessorImpl.newInstance(NativeConstructorAccessorImpl.java:62)
	at java.base/jdk.internal.reflect.DelegatingConstructorAccessorImpl.newInstance(DelegatingConstructorAccessorImpl.java:45)
	at java.base/java.lang.reflect.Constructor.newInstance(Constructor.java:490)
	at ptolemy.util.test.junit.AutoKnownFailedTests.RunModel(AutoKnownFailedTests.java:105)
	at java.base/jdk.internal.reflect.NativeMethodAccessorImpl.invoke0(Native Method)
	at java.base/jdk.internal.reflect.NativeMethodAccessorImpl.invoke(NativeMethodAccessorImpl.java:62)
	at java.base/jdk.internal.reflect.DelegatingMethodAccessorImpl.invoke(DelegatingMethodAccessorImpl.java:43)
	at java.base/java.lang.reflect.Method.invoke(Method.java:566)
	at org.junit.runners.model.FrameworkMethod$1.runReflectiveCall(FrameworkMethod.java:44)
	at org.junit.internal.runners.model.ReflectiveCallable.run(ReflectiveCallable.java:15)
	at org.junit.runners.model.FrameworkMethod.invokeExplosively(FrameworkMethod.java:41)
	at junitparams.internal.InvokeParameterisedMethod.evaluate(InvokeParameterisedMethod.java:102)
	at org.junit.internal.runners.statements.FailOnTimeout$1.run(FailOnTimeout.java:28)
Caused by: ptolemy.kernel.util.IllegalActionException: Test fails in iteration 1.
Value was: 1.0. Should have been: 2.0
  in .DirectFeedback.Test
	at ptolemy.actor.lib.Test.fire(Test.java:268)
	at ptolemy.domains.de.kernel.DEDirector._fire(DEDirector.java:1949)
	at ptolemy.domains.de.kernel.DEDirector.fire(DEDirector.java:502)
	at ptolemy.actor.CompositeActor.fire(CompositeActor.java:455)
	at ptolemy.actor.Manager.iterate(Manager.java:851)
	at ptolemy.actor.Manager.execute(Manager.java:369)
	at ptolemy.actor.Manager.run(Manager.java:1263)
	at ptolemy.actor.Manager$PtolemyRunThread.run(Manager.java:1933)
java.lang.RuntimeException: Execution failed
	at ptolemy.moml.MoMLSimpleApplication$UnloadThread.run(MoMLSimpleApplication.java:402)
Caused by: ptolemy.kernel.util.IllegalActionException: Found a zero delay loop containing .HierarchicalModel.A
  in .HierarchicalModel and .HierarchicalModel.A
	at ptolemy.actor.util.CausalityInterfaceForComposites._computeOutputPortDepth(CausalityInterfaceForComposites.java:759)
	at ptolemy.actor.util.CausalityInterfaceForComposites._computeInputDepth(CausalityInterfaceForComposites.java:696)
	at ptolemy.actor.util.CausalityInterfaceForComposites._computeOutputPortDepth(CausalityInterfaceForComposites.java:765)
	at ptolemy.actor.util.CausalityInterfaceForComposites._computeInputDepth(CausalityInterfaceForComposites.java:696)
	at ptolemy.actor.util.CausalityInterfaceForComposites._computeOutputPortDepth(CausalityInterfaceForComposites.java:765)
	at ptolemy.actor.util.CausalityInterfaceForComposites._computeInputDepth(CausalityInterfaceForComposites.java:696)
	at ptolemy.actor.util.CausalityInterfaceForComposites._computeActorDepth(CausalityInterfaceForComposites.java:532)
	at ptolemy.actor.util.CausalityInterfaceForComposites.checkForCycles(CausalityInterfaceForComposites.java:96)
	at ptolemy.domains.de.kernel.DEDirector.preinitialize(DEDirector.java:1338)
	at ptolemy.actor.CompositeActor.preinitialize(CompositeActor.java:1828)
	at ptolemy.actor.Manager.preinitializeAndResolveTypes(Manager.java:1040)
	at ptolemy.actor.Manager.initialize(Manager.java:710)
	at ptolemy.actor.Manager.execute(Manager.java:356)
	at ptolemy.actor.Manager.run(Manager.java:1263)
	at ptolemy.actor.Manager$PtolemyRunThread.run(Manager.java:1933)
java.lang.reflect.InvocationTargetException
	at java.base/jdk.internal.reflect.NativeConstructorAccessorImpl.newInstance0(Native Method)
	at java.base/jdk.internal.reflect.NativeConstructorAccessorImpl.newInstance(NativeConstructorAccessorImpl.java:62)
	at java.base/jdk.internal.reflect.DelegatingConstructorAccessorImpl.newInstance(DelegatingConstructorAccessorImpl.java:45)
	at java.base/java.lang.reflect.Constructor.newInstance(Constructor.java:490)
	at ptolemy.util.test.junit.AutoKnownFailedTests.RunModel(AutoKnownFailedTests.java:105)
	at java.base/jdk.internal.reflect.NativeMethodAccessorImpl.invoke0(Native Method)
	at java.base/jdk.internal.reflect.NativeMethodAccessorImpl.invoke(NativeMethodAccessorImpl.java:62)
	at java.base/jdk.internal.reflect.DelegatingMethodAccessorImpl.invoke(DelegatingMethodAccessorImpl.java:43)
	at java.base/java.lang.reflect.Method.invoke(Method.java:566)
	at org.junit.runners.model.FrameworkMethod$1.runReflectiveCall(FrameworkMethod.java:44)
	at org.junit.internal.runners.model.ReflectiveCallable.run(ReflectiveCallable.java:15)
	at org.junit.runners.model.FrameworkMethod.invokeExplosively(FrameworkMethod.java:41)
	at junitparams.internal.InvokeParameterisedMethod.evaluate(InvokeParameterisedMethod.java:102)
	at org.junit.internal.runners.statements.FailOnTimeout$1.run(FailOnTimeout.java:28)
Caused by: ptolemy.kernel.util.IllegalActionException: Found a zero delay loop containing .HierarchicalModel.A
  in .HierarchicalModel and .HierarchicalModel.A
	at ptolemy.actor.util.CausalityInterfaceForComposites._computeOutputPortDepth(CausalityInterfaceForComposites.java:759)
	at ptolemy.actor.util.CausalityInterfaceForComposites._computeInputDepth(CausalityInterfaceForComposites.java:696)
	at ptolemy.actor.util.CausalityInterfaceForComposites._computeOutputPortDepth(CausalityInterfaceForComposites.java:765)
	at ptolemy.actor.util.CausalityInterfaceForComposites._computeInputDepth(CausalityInterfaceForComposites.java:696)
	at ptolemy.actor.util.CausalityInterfaceForComposites._computeOutputPortDepth(CausalityInterfaceForComposites.java:765)
	at ptolemy.actor.util.CausalityInterfaceForComposites._computeInputDepth(CausalityInterfaceForComposites.java:696)
	at ptolemy.actor.util.CausalityInterfaceForComposites._computeActorDepth(CausalityInterfaceForComposites.java:532)
	at ptolemy.actor.util.CausalityInterfaceForComposites.checkForCycles(CausalityInterfaceForComposites.java:96)
	at ptolemy.domains.de.kernel.DEDirector.preinitialize(DEDirector.java:1338)
	at ptolemy.actor.CompositeActor.preinitialize(CompositeActor.java:1828)
	at ptolemy.actor.Manager.preinitializeAndResolveTypes(Manager.java:1040)
	at ptolemy.actor.Manager.initialize(Manager.java:710)
	at ptolemy.actor.Manager.execute(Manager.java:356)
	at ptolemy.actor.Manager.run(Manager.java:1263)
	at ptolemy.actor.Manager$PtolemyRunThread.run(Manager.java:1933)
java.lang.RuntimeException: Execution failed
	at ptolemy.moml.MoMLSimpleApplication$UnloadThread.run(MoMLSimpleApplication.java:402)
Caused by: ptolemy.kernel.util.IllegalActionException: Found a zero delay loop containing .dependencyLoop.original
  in .dependencyLoop and .dependencyLoop.original
	at ptolemy.actor.util.CausalityInterfaceForComposites._computeOutputPortDepth(CausalityInterfaceForComposites.java:759)
	at ptolemy.actor.util.CausalityInterfaceForComposites._computeInputDepth(CausalityInterfaceForComposites.java:696)
	at ptolemy.actor.util.CausalityInterfaceForComposites._computeOutputPortDepth(CausalityInterfaceForComposites.java:765)
	at ptolemy.actor.util.CausalityInterfaceForComposites._computeInputDepth(CausalityInterfaceForComposites.java:696)
	at ptolemy.actor.util.CausalityInterfaceForComposites._computeOutputPortDepth(CausalityInterfaceForComposites.java:765)
	at ptolemy.actor.util.CausalityInterfaceForComposites._computeInputDepth(CausalityInterfaceForComposites.java:696)
	at ptolemy.actor.util.CausalityInterfaceForComposites._computeActorDepth(CausalityInterfaceForComposites.java:532)
	at ptolemy.actor.util.CausalityInterfaceForComposites.checkForCycles(CausalityInterfaceForComposites.java:96)
	at ptolemy.domains.de.kernel.DEDirector.preinitialize(DEDirector.java:1338)
	at ptolemy.actor.CompositeActor.preinitialize(CompositeActor.java:1828)
	at ptolemy.actor.Manager.preinitializeAndResolveTypes(Manager.java:1040)
	at ptolemy.actor.Manager.initialize(Manager.java:710)
	at ptolemy.actor.Manager.execute(Manager.java:356)
	at ptolemy.actor.Manager.run(Manager.java:1263)
	at ptolemy.actor.Manager$PtolemyRunThread.run(Manager.java:1933)
java.lang.reflect.InvocationTargetException
	at java.base/jdk.internal.reflect.NativeConstructorAccessorImpl.newInstance0(Native Method)
	at java.base/jdk.internal.reflect.NativeConstructorAccessorImpl.newInstance(NativeConstructorAccessorImpl.java:62)
	at java.base/jdk.internal.reflect.DelegatingConstructorAccessorImpl.newInstance(DelegatingConstructorAccessorImpl.java:45)
	at java.base/java.lang.reflect.Constructor.newInstance(Constructor.java:490)
	at ptolemy.util.test.junit.AutoKnownFailedTests.RunModel(AutoKnownFailedTests.java:105)
	at java.base/jdk.internal.reflect.NativeMethodAccessorImpl.invoke0(Native Method)
	at java.base/jdk.internal.reflect.NativeMethodAccessorImpl.invoke(NativeMethodAccessorImpl.java:62)
	at java.base/jdk.internal.reflect.DelegatingMethodAccessorImpl.invoke(DelegatingMethodAccessorImpl.java:43)
	at java.base/java.lang.reflect.Method.invoke(Method.java:566)
	at org.junit.runners.model.FrameworkMethod$1.runReflectiveCall(FrameworkMethod.java:44)
	at org.junit.internal.runners.model.ReflectiveCallable.run(ReflectiveCallable.java:15)
	at org.junit.runners.model.FrameworkMethod.invokeExplosively(FrameworkMethod.java:41)
	at junitparams.internal.InvokeParameterisedMethod.evaluate(InvokeParameterisedMethod.java:102)
	at org.junit.internal.runners.statements.FailOnTimeout$1.run(FailOnTimeout.java:28)
Caused by: ptolemy.kernel.util.IllegalActionException: Found a zero delay loop containing .dependencyLoop.original
  in .dependencyLoop and .dependencyLoop.original
	at ptolemy.actor.util.CausalityInterfaceForComposites._computeOutputPortDepth(CausalityInterfaceForComposites.java:759)
	at ptolemy.actor.util.CausalityInterfaceForComposites._computeInputDepth(CausalityInterfaceForComposites.java:696)
	at ptolemy.actor.util.CausalityInterfaceForComposites._computeOutputPortDepth(CausalityInterfaceForComposites.java:765)
	at ptolemy.actor.util.CausalityInterfaceForComposites._computeInputDepth(CausalityInterfaceForComposites.java:696)
	at ptolemy.actor.util.CausalityInterfaceForComposites._computeOutputPortDepth(CausalityInterfaceForComposites.java:765)
	at ptolemy.actor.util.CausalityInterfaceForComposites._computeInputDepth(CausalityInterfaceForComposites.java:696)
	at ptolemy.actor.util.CausalityInterfaceForComposites._computeActorDepth(CausalityInterfaceForComposites.java:532)
	at ptolemy.actor.util.CausalityInterfaceForComposites.checkForCycles(CausalityInterfaceForComposites.java:96)
	at ptolemy.domains.de.kernel.DEDirector.preinitialize(DEDirector.java:1338)
	at ptolemy.actor.CompositeActor.preinitialize(CompositeActor.java:1828)
	at ptolemy.actor.Manager.preinitializeAndResolveTypes(Manager.java:1040)
	at ptolemy.actor.Manager.initialize(Manager.java:710)
	at ptolemy.actor.Manager.execute(Manager.java:356)
	at ptolemy.actor.Manager.run(Manager.java:1263)
	at ptolemy.actor.Manager$PtolemyRunThread.run(Manager.java:1933)
java.lang.RuntimeException: Execution failed
	at ptolemy.moml.MoMLSimpleApplication$UnloadThread.run(MoMLSimpleApplication.java:402)
Caused by: ptolemy.kernel.util.IllegalActionException: Found a zero delay loop containing .dependencyLoop2.original
  in .dependencyLoop2 and .dependencyLoop2.original
	at ptolemy.actor.util.CausalityInterfaceForComposites._computeOutputPortDepth(CausalityInterfaceForComposites.java:759)
	at ptolemy.actor.util.CausalityInterfaceForComposites._computeInputDepth(CausalityInterfaceForComposites.java:696)
	at ptolemy.actor.util.CausalityInterfaceForComposites._computeOutputPortDepth(CausalityInterfaceForComposites.java:765)
	at ptolemy.actor.util.CausalityInterfaceForComposites._computeInputDepth(CausalityInterfaceForComposites.java:696)
	at ptolemy.actor.util.CausalityInterfaceForComposites._computeOutputPortDepth(CausalityInterfaceForComposites.java:765)
	at ptolemy.actor.util.CausalityInterfaceForComposites._computeInputDepth(CausalityInterfaceForComposites.java:696)
	at ptolemy.actor.util.CausalityInterfaceForComposites._computeActorDepth(CausalityInterfaceForComposites.java:532)
	at ptolemy.actor.util.CausalityInterfaceForComposites.checkForCycles(CausalityInterfaceForComposites.java:96)
	at ptolemy.domains.de.kernel.DEDirector.preinitialize(DEDirector.java:1338)
	at ptolemy.actor.CompositeActor.preinitialize(CompositeActor.java:1828)
	at ptolemy.actor.Manager.preinitializeAndResolveTypes(Manager.java:1040)
	at ptolemy.actor.Manager.initialize(Manager.java:710)
	at ptolemy.actor.Manager.execute(Manager.java:356)
	at ptolemy.actor.Manager.run(Manager.java:1263)
	at ptolemy.actor.Manager$PtolemyRunThread.run(Manager.java:1933)
java.lang.reflect.InvocationTargetException
	at java.base/jdk.internal.reflect.NativeConstructorAccessorImpl.newInstance0(Native Method)
	at java.base/jdk.internal.reflect.NativeConstructorAccessorImpl.newInstance(NativeConstructorAccessorImpl.java:62)
	at java.base/jdk.internal.reflect.DelegatingConstructorAccessorImpl.newInstance(DelegatingConstructorAccessorImpl.java:45)
	at java.base/java.lang.reflect.Constructor.newInstance(Constructor.java:490)
	at ptolemy.util.test.junit.AutoKnownFailedTests.RunModel(AutoKnownFailedTests.java:105)
	at java.base/jdk.internal.reflect.NativeMethodAccessorImpl.invoke0(Native Method)
	at java.base/jdk.internal.reflect.NativeMethodAccessorImpl.invoke(NativeMethodAccessorImpl.java:62)
	at java.base/jdk.internal.reflect.DelegatingMethodAccessorImpl.invoke(DelegatingMethodAccessorImpl.java:43)
	at java.base/java.lang.reflect.Method.invoke(Method.java:566)
	at org.junit.runners.model.FrameworkMethod$1.runReflectiveCall(FrameworkMethod.java:44)
	at org.junit.internal.runners.model.ReflectiveCallable.run(ReflectiveCallable.java:15)
	at org.junit.runners.model.FrameworkMethod.invokeExplosively(FrameworkMethod.java:41)
	at junitparams.internal.InvokeParameterisedMethod.evaluate(InvokeParameterisedMethod.java:102)
	at org.junit.internal.runners.statements.FailOnTimeout$1.run(FailOnTimeout.java:28)
Caused by: ptolemy.kernel.util.IllegalActionException: Found a zero delay loop containing .dependencyLoop2.original
  in .dependencyLoop2 and .dependencyLoop2.original
	at ptolemy.actor.util.CausalityInterfaceForComposites._computeOutputPortDepth(CausalityInterfaceForComposites.java:759)
	at ptolemy.actor.util.CausalityInterfaceForComposites._computeInputDepth(CausalityInterfaceForComposites.java:696)
	at ptolemy.actor.util.CausalityInterfaceForComposites._computeOutputPortDepth(CausalityInterfaceForComposites.java:765)
	at ptolemy.actor.util.CausalityInterfaceForComposites._computeInputDepth(CausalityInterfaceForComposites.java:696)
	at ptolemy.actor.util.CausalityInterfaceForComposites._computeOutputPortDepth(CausalityInterfaceForComposites.java:765)
	at ptolemy.actor.util.CausalityInterfaceForComposites._computeInputDepth(CausalityInterfaceForComposites.java:696)
	at ptolemy.actor.util.CausalityInterfaceForComposites._computeActorDepth(CausalityInterfaceForComposites.java:532)
	at ptolemy.actor.util.CausalityInterfaceForComposites.checkForCycles(CausalityInterfaceForComposites.java:96)
	at ptolemy.domains.de.kernel.DEDirector.preinitialize(DEDirector.java:1338)
	at ptolemy.actor.CompositeActor.preinitialize(CompositeActor.java:1828)
	at ptolemy.actor.Manager.preinitializeAndResolveTypes(Manager.java:1040)
	at ptolemy.actor.Manager.initialize(Manager.java:710)
	at ptolemy.actor.Manager.execute(Manager.java:356)
	at ptolemy.actor.Manager.run(Manager.java:1263)
	at ptolemy.actor.Manager$PtolemyRunThread.run(Manager.java:1933)
]]></system-err>
</testsuite>
