<?xml version="1.0" encoding="UTF-8" ?>
<testsuite errors="0" failures="0" hostname="travis-job-b483015b-720e-4a8a-9e15-c2b51410432b" name="ptolemy.domains.modal.test.junit.JUnitTclTest" skipped="0" tests="148" time="9.394" timestamp="2020-05-26T14:28:44">
  <properties>
[...]
</properties>
  <testcase classname="ptolemy.util.test.junit.TclTests" name="[0] /home/travis/build/icyphy/ptII/ptolemy/domains/modal/test/SystemLevelType.tcl (RunTclFile)" time="1.691" />
  <testcase classname="ptolemy.util.test.junit.AutoKnownFailedTests" name="[0] /home/travis/build/icyphy/ptII/ptolemy/domains/modal/test/auto/knownFailedTests/CannotAnalysisWithPreemption.xml (RunModel)" time="0.252" />
  <testcase classname="ptolemy.util.test.junit.AutoNameArchTests" name="[0] ThereAreNoAutoArchTests (RunModel)" time="0.003" />
  <testcase classname="ptolemy.util.test.junit.AutoTests" name="[0] /home/travis/build/icyphy/ptII/ptolemy/domains/modal/test/auto/ABPTest.xml (RunModel)" time="0.597" />
  <testcase classname="ptolemy.util.test.junit.AutoTests" name="[1] /home/travis/build/icyphy/ptII/ptolemy/domains/modal/test/auto/ABROFlat.xml (RunModel)" time="0.072" />
  <testcase classname="ptolemy.util.test.junit.AutoTests" name="[2] /home/travis/build/icyphy/ptII/ptolemy/domains/modal/test/auto/ABROFlat2.xml (RunModel)" time="0.09" />
  <testcase classname="ptolemy.util.test.junit.AutoTests" name="[3] /home/travis/build/icyphy/ptII/ptolemy/domains/modal/test/auto/ABRO_present_hmm.xml (RunModel)" time="0.114" />
  <testcase classname="ptolemy.util.test.junit.AutoTests" name="[4] /home/travis/build/icyphy/ptII/ptolemy/domains/modal/test/auto/AMICoderExample.xml (RunModel)" time="0.078" />
  <testcase classname="ptolemy.util.test.junit.AutoTests" name="[5] /home/travis/build/icyphy/ptII/ptolemy/domains/modal/test/auto/AbsentToPresent.xml (RunModel)" time="0.025" />
  <testcase classname="ptolemy.util.test.junit.AutoTests" name="[6] /home/travis/build/icyphy/ptII/ptolemy/domains/modal/test/auto/Blending.xml (RunModel)" time="0.269" />
  <testcase classname="ptolemy.util.test.junit.AutoTests" name="[7] /home/travis/build/icyphy/ptII/ptolemy/domains/modal/test/auto/Broadcast.xml (RunModel)" time="0.054" />
  <testcase classname="ptolemy.util.test.junit.AutoTests" name="[8] /home/travis/build/icyphy/ptII/ptolemy/domains/modal/test/auto/BroadcastHierarchy.xml (RunModel)" time="0.066" />
  <testcase classname="ptolemy.util.test.junit.AutoTests" name="[9] /home/travis/build/icyphy/ptII/ptolemy/domains/modal/test/auto/BroadcastHierarchy2.xml (RunModel)" time="0.121" />
  <testcase classname="ptolemy.util.test.junit.AutoTests" name="[10] /home/travis/build/icyphy/ptII/ptolemy/domains/modal/test/auto/BroadcastHierarchy3.xml (RunModel)" time="0.062" />
  <testcase classname="ptolemy.util.test.junit.AutoTests" name="[11] /home/travis/build/icyphy/ptII/ptolemy/domains/modal/test/auto/BroadcastHierarchy4.xml (RunModel)" time="0.077" />
  <testcase classname="ptolemy.util.test.junit.AutoTests" name="[12] /home/travis/build/icyphy/ptII/ptolemy/domains/modal/test/auto/CannotAnalysisWithPreemption2.xml (RunModel)" time="0.026" />
  <testcase classname="ptolemy.util.test.junit.AutoTests" name="[13] /home/travis/build/icyphy/ptII/ptolemy/domains/modal/test/auto/CannotAnalysisWithPreemption3.xml (RunModel)" time="0.038" />
  <testcase classname="ptolemy.util.test.junit.AutoTests" name="[14] /home/travis/build/icyphy/ptII/ptolemy/domains/modal/test/auto/CannotProduce.xml (RunModel)" time="0.042" />
  <testcase classname="ptolemy.util.test.junit.AutoTests" name="[15] /home/travis/build/icyphy/ptII/ptolemy/domains/modal/test/auto/CannotProduceModal.xml (RunModel)" time="0.038" />
  <testcase classname="ptolemy.util.test.junit.AutoTests" name="[16] /home/travis/build/icyphy/ptII/ptolemy/domains/modal/test/auto/Case.xml (RunModel)" time="0.069" />
  <testcase classname="ptolemy.util.test.junit.AutoTests" name="[17] /home/travis/build/icyphy/ptII/ptolemy/domains/modal/test/auto/Case1.xml (RunModel)" time="0.051" />
  <testcase classname="ptolemy.util.test.junit.AutoTests" name="[18] /home/travis/build/icyphy/ptII/ptolemy/domains/modal/test/auto/Case2.xml (RunModel)" time="0.066" />
  <testcase classname="ptolemy.util.test.junit.AutoTests" name="[19] /home/travis/build/icyphy/ptII/ptolemy/domains/modal/test/auto/CausalityInterface1.xml (RunModel)" time="0.03" />
  <testcase classname="ptolemy.util.test.junit.AutoTests" name="[20] /home/travis/build/icyphy/ptII/ptolemy/domains/modal/test/auto/CausalityInterface10.xml (RunModel)" time="0.065" />
  <testcase classname="ptolemy.util.test.junit.AutoTests" name="[21] /home/travis/build/icyphy/ptII/ptolemy/domains/modal/test/auto/CausalityInterface11.xml (RunModel)" time="0.059" />
  <testcase classname="ptolemy.util.test.junit.AutoTests" name="[22] /home/travis/build/icyphy/ptII/ptolemy/domains/modal/test/auto/CausalityInterface12.xml (RunModel)" time="0.043" />
  <testcase classname="ptolemy.util.test.junit.AutoTests" name="[23] /home/travis/build/icyphy/ptII/ptolemy/domains/modal/test/auto/CausalityInterface13.xml (RunModel)" time="0.054" />
  <testcase classname="ptolemy.util.test.junit.AutoTests" name="[24] /home/travis/build/icyphy/ptII/ptolemy/domains/modal/test/auto/CausalityInterface14.xml (RunModel)" time="0.055" />
  <testcase classname="ptolemy.util.test.junit.AutoTests" name="[25] /home/travis/build/icyphy/ptII/ptolemy/domains/modal/test/auto/CausalityInterface2.xml (RunModel)" time="0.021" />
  <testcase classname="ptolemy.util.test.junit.AutoTests" name="[26] /home/travis/build/icyphy/ptII/ptolemy/domains/modal/test/auto/CausalityInterface3.xml (RunModel)" time="0.019" />
  <testcase classname="ptolemy.util.test.junit.AutoTests" name="[27] /home/travis/build/icyphy/ptII/ptolemy/domains/modal/test/auto/CausalityInterface4.xml (RunModel)" time="0.023" />
  <testcase classname="ptolemy.util.test.junit.AutoTests" name="[28] /home/travis/build/icyphy/ptII/ptolemy/domains/modal/test/auto/CausalityInterface5.xml (RunModel)" time="0.03" />
  <testcase classname="ptolemy.util.test.junit.AutoTests" name="[29] /home/travis/build/icyphy/ptII/ptolemy/domains/modal/test/auto/CausalityInterface6.xml (RunModel)" time="0.058" />
  <testcase classname="ptolemy.util.test.junit.AutoTests" name="[30] /home/travis/build/icyphy/ptII/ptolemy/domains/modal/test/auto/CausalityInterface7.xml (RunModel)" time="0.036" />
  <testcase classname="ptolemy.util.test.junit.AutoTests" name="[31] /home/travis/build/icyphy/ptII/ptolemy/domains/modal/test/auto/CausalityInterface8.xml (RunModel)" time="0.032" />
  <testcase classname="ptolemy.util.test.junit.AutoTests" name="[32] /home/travis/build/icyphy/ptII/ptolemy/domains/modal/test/auto/CausalityInterface9.xml (RunModel)" time="0.032" />
  <testcase classname="ptolemy.util.test.junit.AutoTests" name="[33] /home/travis/build/icyphy/ptII/ptolemy/domains/modal/test/auto/ChainedTransitions.xml (RunModel)" time="0.149" />
  <testcase classname="ptolemy.util.test.junit.AutoTests" name="[34] /home/travis/build/icyphy/ptII/ptolemy/domains/modal/test/auto/CycleOfImmediateTransitionsFSM.xml (RunModel)" time="0.021" />
  <testcase classname="ptolemy.util.test.junit.AutoTests" name="[35] /home/travis/build/icyphy/ptII/ptolemy/domains/modal/test/auto/CycleOfImmediateTransitionsModal.xml (RunModel)" time="0.021" />
  <testcase classname="ptolemy.util.test.junit.AutoTests" name="[36] /home/travis/build/icyphy/ptII/ptolemy/domains/modal/test/auto/CycleOfImmediateTransitionsModal2.xml (RunModel)" time="0.027" />
  <testcase classname="ptolemy.util.test.junit.AutoTests" name="[37] /home/travis/build/icyphy/ptII/ptolemy/domains/modal/test/auto/CycleOfImmediateTransitionsModal3.xml (RunModel)" time="0.067" />
  <testcase classname="ptolemy.util.test.junit.AutoTests" name="[38] /home/travis/build/icyphy/ptII/ptolemy/domains/modal/test/auto/DeepModal1.xml (RunModel)" time="0.034" />
  <testcase classname="ptolemy.util.test.junit.AutoTests" name="[39] /home/travis/build/icyphy/ptII/ptolemy/domains/modal/test/auto/DeepModal2.xml (RunModel)" time="0.055" />
  <testcase classname="ptolemy.util.test.junit.AutoTests" name="[40] /home/travis/build/icyphy/ptII/ptolemy/domains/modal/test/auto/DeepModal3.xml (RunModel)" time="0.054" />
  <testcase classname="ptolemy.util.test.junit.AutoTests" name="[41] /home/travis/build/icyphy/ptII/ptolemy/domains/modal/test/auto/DeepModal4.xml (RunModel)" time="0.057" />
  <testcase classname="ptolemy.util.test.junit.AutoTests" name="[42] /home/travis/build/icyphy/ptII/ptolemy/domains/modal/test/auto/Default1.xml (RunModel)" time="0.017" />
  <testcase classname="ptolemy.util.test.junit.AutoTests" name="[43] /home/travis/build/icyphy/ptII/ptolemy/domains/modal/test/auto/Default2.xml (RunModel)" time="0.02" />
  <testcase classname="ptolemy.util.test.junit.AutoTests" name="[44] /home/travis/build/icyphy/ptII/ptolemy/domains/modal/test/auto/Default3.xml (RunModel)" time="0.016" />
  <testcase classname="ptolemy.util.test.junit.AutoTests" name="[45] /home/travis/build/icyphy/ptII/ptolemy/domains/modal/test/auto/Default4.xml (RunModel)" time="0.021" />
  <testcase classname="ptolemy.util.test.junit.AutoTests" name="[46] /home/travis/build/icyphy/ptII/ptolemy/domains/modal/test/auto/Default5.xml (RunModel)" time="0.025" />
  <testcase classname="ptolemy.util.test.junit.AutoTests" name="[47] /home/travis/build/icyphy/ptII/ptolemy/domains/modal/test/auto/EmptyGuard.xml (RunModel)" time="0.028" />
  <testcase classname="ptolemy.util.test.junit.AutoTests" name="[48] /home/travis/build/icyphy/ptII/ptolemy/domains/modal/test/auto/ErrorTransition1.xml (RunModel)" time="0.038" />
  <testcase classname="ptolemy.util.test.junit.AutoTests" name="[49] /home/travis/build/icyphy/ptII/ptolemy/domains/modal/test/auto/ErrorTransition10.xml (RunModel)" time="0.036" />
  <testcase classname="ptolemy.util.test.junit.AutoTests" name="[50] /home/travis/build/icyphy/ptII/ptolemy/domains/modal/test/auto/ErrorTransition11.xml (RunModel)" time="0.029" />
  <testcase classname="ptolemy.util.test.junit.AutoTests" name="[51] /home/travis/build/icyphy/ptII/ptolemy/domains/modal/test/auto/ErrorTransition2.xml (RunModel)" time="0.048" />
  <testcase classname="ptolemy.util.test.junit.AutoTests" name="[52] /home/travis/build/icyphy/ptII/ptolemy/domains/modal/test/auto/ErrorTransition3.xml (RunModel)" time="0.039" />
  <testcase classname="ptolemy.util.test.junit.AutoTests" name="[53] /home/travis/build/icyphy/ptII/ptolemy/domains/modal/test/auto/ErrorTransition4.xml (RunModel)" time="0.032" />
  <testcase classname="ptolemy.util.test.junit.AutoTests" name="[54] /home/travis/build/icyphy/ptII/ptolemy/domains/modal/test/auto/ErrorTransition5.xml (RunModel)" time="0.023" />
  <testcase classname="ptolemy.util.test.junit.AutoTests" name="[55] /home/travis/build/icyphy/ptII/ptolemy/domains/modal/test/auto/ErrorTransition6.xml (RunModel)" time="0.023" />
  <testcase classname="ptolemy.util.test.junit.AutoTests" name="[56] /home/travis/build/icyphy/ptII/ptolemy/domains/modal/test/auto/ErrorTransition7.xml (RunModel)" time="0.047" />
  <testcase classname="ptolemy.util.test.junit.AutoTests" name="[57] /home/travis/build/icyphy/ptII/ptolemy/domains/modal/test/auto/ErrorTransition8.xml (RunModel)" time="0.049" />
  <testcase classname="ptolemy.util.test.junit.AutoTests" name="[58] /home/travis/build/icyphy/ptII/ptolemy/domains/modal/test/auto/ErrorTransition9.xml (RunModel)" time="0.042" />
  <testcase classname="ptolemy.util.test.junit.AutoTests" name="[59] /home/travis/build/icyphy/ptII/ptolemy/domains/modal/test/auto/ExtendedFSM.xml (RunModel)" time="0.016" />
  <testcase classname="ptolemy.util.test.junit.AutoTests" name="[60] /home/travis/build/icyphy/ptII/ptolemy/domains/modal/test/auto/FinalStates.xml (RunModel)" time="0.019" />
  <testcase classname="ptolemy.util.test.junit.AutoTests" name="[61] /home/travis/build/icyphy/ptII/ptolemy/domains/modal/test/auto/FixedPointFSM.xml (RunModel)" time="0.04" />
  <testcase classname="ptolemy.util.test.junit.AutoTests" name="[62] /home/travis/build/icyphy/ptII/ptolemy/domains/modal/test/auto/FixedPointIterationFSMActor.xml (RunModel)" time="0.041" />
  <testcase classname="ptolemy.util.test.junit.AutoTests" name="[63] /home/travis/build/icyphy/ptII/ptolemy/domains/modal/test/auto/FixedPointIterationFSMActor2.xml (RunModel)" time="0.037" />
  <testcase classname="ptolemy.util.test.junit.AutoTests" name="[64] /home/travis/build/icyphy/ptII/ptolemy/domains/modal/test/auto/ForbiddenInstantanousLoop.xml (RunModel)" time="0.03" />
  <testcase classname="ptolemy.util.test.junit.AutoTests" name="[65] /home/travis/build/icyphy/ptII/ptolemy/domains/modal/test/auto/FunctionDependencyOfFSMActorTest.xml (RunModel)" time="0.029" />
  <testcase classname="ptolemy.util.test.junit.AutoTests" name="[66] /home/travis/build/icyphy/ptII/ptolemy/domains/modal/test/auto/GuardExpression.xml (RunModel)" time="0.015" />
  <testcase classname="ptolemy.util.test.junit.AutoTests" name="[67] /home/travis/build/icyphy/ptII/ptolemy/domains/modal/test/auto/GuardNotEvaluated.xml (RunModel)" time="0.028" />
  <testcase classname="ptolemy.util.test.junit.AutoTests" name="[68] /home/travis/build/icyphy/ptII/ptolemy/domains/modal/test/auto/GuardNotEvaluated2.xml (RunModel)" time="0.025" />
  <testcase classname="ptolemy.util.test.junit.AutoTests" name="[69] /home/travis/build/icyphy/ptII/ptolemy/domains/modal/test/auto/GuardOnAbsent.xml (RunModel)" time="0.026" />
  <testcase classname="ptolemy.util.test.junit.AutoTests" name="[70] /home/travis/build/icyphy/ptII/ptolemy/domains/modal/test/auto/HierarchicalFSMTypeInference.xml (RunModel)" time="0.024" />
  <testcase classname="ptolemy.util.test.junit.AutoTests" name="[71] /home/travis/build/icyphy/ptII/ptolemy/domains/modal/test/auto/Hysteresis.xml (RunModel)" time="0.036" />
  <testcase classname="ptolemy.util.test.junit.AutoTests" name="[72] /home/travis/build/icyphy/ptII/ptolemy/domains/modal/test/auto/HysteresisWithDefault.xml (RunModel)" time="0.056" />
  <testcase classname="ptolemy.util.test.junit.AutoTests" name="[73] /home/travis/build/icyphy/ptII/ptolemy/domains/modal/test/auto/HysteresisWithDefault2.xml (RunModel)" time="0.064" />
  <testcase classname="ptolemy.util.test.junit.AutoTests" name="[74] /home/travis/build/icyphy/ptII/ptolemy/domains/modal/test/auto/ImmediateNonConstructiveness.xml (RunModel)" time="0.015" />
  <testcase classname="ptolemy.util.test.junit.AutoTests" name="[75] /home/travis/build/icyphy/ptII/ptolemy/domains/modal/test/auto/ImmediateNonConstructiveness2.xml (RunModel)" time="0.016" />
  <testcase classname="ptolemy.util.test.junit.AutoTests" name="[76] /home/travis/build/icyphy/ptII/ptolemy/domains/modal/test/auto/ImmediateTransitionReset.xml (RunModel)" time="0.045" />
  <testcase classname="ptolemy.util.test.junit.AutoTests" name="[77] /home/travis/build/icyphy/ptII/ptolemy/domains/modal/test/auto/ImmediateTransitions1.xml (RunModel)" time="0.011" />
  <testcase classname="ptolemy.util.test.junit.AutoTests" name="[78] /home/travis/build/icyphy/ptII/ptolemy/domains/modal/test/auto/ImmediateTransitionsInstantaneousCommunication.xml (RunModel)" time="0.03" />
  <testcase classname="ptolemy.util.test.junit.AutoTests" name="[79] /home/travis/build/icyphy/ptII/ptolemy/domains/modal/test/auto/InitialImmediateTransition.xml (RunModel)" time="0.014" />
  <testcase classname="ptolemy.util.test.junit.AutoTests" name="[80] /home/travis/build/icyphy/ptII/ptolemy/domains/modal/test/auto/InitialOutputs.xml (RunModel)" time="0.026" />
  <testcase classname="ptolemy.util.test.junit.AutoTests" name="[81] /home/travis/build/icyphy/ptII/ptolemy/domains/modal/test/auto/InitialStateTransition1.xml (RunModel)" time="0.017" />
  <testcase classname="ptolemy.util.test.junit.AutoTests" name="[82] /home/travis/build/icyphy/ptII/ptolemy/domains/modal/test/auto/InitialStateTransition2.xml (RunModel)" time="0.02" />
  <testcase classname="ptolemy.util.test.junit.AutoTests" name="[83] /home/travis/build/icyphy/ptII/ptolemy/domains/modal/test/auto/InitialStateTransition3.xml (RunModel)" time="0.02" />
  <testcase classname="ptolemy.util.test.junit.AutoTests" name="[84] /home/travis/build/icyphy/ptII/ptolemy/domains/modal/test/auto/InitialStateTransition4.xml (RunModel)" time="0.022" />
  <testcase classname="ptolemy.util.test.junit.AutoTests" name="[85] /home/travis/build/icyphy/ptII/ptolemy/domains/modal/test/auto/MalformedGuardExpressionNotCaught.xml (RunModel)" time="0.023" />
  <testcase classname="ptolemy.util.test.junit.AutoTests" name="[86] /home/travis/build/icyphy/ptII/ptolemy/domains/modal/test/auto/ModalBSC.xml (RunModel)" time="0.077" />
  <testcase classname="ptolemy.util.test.junit.AutoTests" name="[87] /home/travis/build/icyphy/ptII/ptolemy/domains/modal/test/auto/ModalClocks.xml (RunModel)" time="0.067" />
  <testcase classname="ptolemy.util.test.junit.AutoTests" name="[88] /home/travis/build/icyphy/ptII/ptolemy/domains/modal/test/auto/ModalDelay.xml (RunModel)" time="0.038" />
  <testcase classname="ptolemy.util.test.junit.AutoTests" name="[89] /home/travis/build/icyphy/ptII/ptolemy/domains/modal/test/auto/ModalDelay2.xml (RunModel)" time="0.04" />
  <testcase classname="ptolemy.util.test.junit.AutoTests" name="[90] /home/travis/build/icyphy/ptII/ptolemy/domains/modal/test/auto/ModalModelFromMemo.xml (RunModel)" time="0.063" />
  <testcase classname="ptolemy.util.test.junit.AutoTests" name="[91] /home/travis/build/icyphy/ptII/ptolemy/domains/modal/test/auto/ModalModelWithMultirateTransient.xml (RunModel)" time="0.045" />
  <testcase classname="ptolemy.util.test.junit.AutoTests" name="[92] /home/travis/build/icyphy/ptII/ptolemy/domains/modal/test/auto/ModalModelWithReset.xml (RunModel)" time="0.046" />
  <testcase classname="ptolemy.util.test.junit.AutoTests" name="[93] /home/travis/build/icyphy/ptII/ptolemy/domains/modal/test/auto/MouseClickFSM.xml (RunModel)" time="0.045" />
  <testcase classname="ptolemy.util.test.junit.AutoTests" name="[94] /home/travis/build/icyphy/ptII/ptolemy/domains/modal/test/auto/MouseClickFSMModal.xml (RunModel)" time="0.028" />
  <testcase classname="ptolemy.util.test.junit.AutoTests" name="[95] /home/travis/build/icyphy/ptII/ptolemy/domains/modal/test/auto/NonStrictFSM_FeedbackLoop.xml (RunModel)" time="0.039" />
  <testcase classname="ptolemy.util.test.junit.AutoTests" name="[96] /home/travis/build/icyphy/ptII/ptolemy/domains/modal/test/auto/NonStrictFSM_FeedbackLoop_Refinement.xml (RunModel)" time="0.072" />
  <testcase classname="ptolemy.util.test.junit.AutoTests" name="[97] /home/travis/build/icyphy/ptII/ptolemy/domains/modal/test/auto/NonStrictFSM_FeedbackLoop_preemptive.xml (RunModel)" time="0.042" />
  <testcase classname="ptolemy.util.test.junit.AutoTests" name="[98] /home/travis/build/icyphy/ptII/ptolemy/domains/modal/test/auto/NormalTermination.xml (RunModel)" time="0.037" />
  <testcase classname="ptolemy.util.test.junit.AutoTests" name="[99] /home/travis/build/icyphy/ptII/ptolemy/domains/modal/test/auto/Pong.xml (RunModel)" time="0.095" />
  <testcase classname="ptolemy.util.test.junit.AutoTests" name="[100] /home/travis/build/icyphy/ptII/ptolemy/domains/modal/test/auto/Pong_test.xml (RunModel)" time="0.101" />
  <testcase classname="ptolemy.util.test.junit.AutoTests" name="[101] /home/travis/build/icyphy/ptII/ptolemy/domains/modal/test/auto/PreemptionHierarchy.xml (RunModel)" time="0.021" />
  <testcase classname="ptolemy.util.test.junit.AutoTests" name="[102] /home/travis/build/icyphy/ptII/ptolemy/domains/modal/test/auto/PreemptionHierarchy2.xml (RunModel)" time="0.025" />
  <testcase classname="ptolemy.util.test.junit.AutoTests" name="[103] /home/travis/build/icyphy/ptII/ptolemy/domains/modal/test/auto/PreemptiveTransition.xml (RunModel)" time="0.019" />
  <testcase classname="ptolemy.util.test.junit.AutoTests" name="[104] /home/travis/build/icyphy/ptII/ptolemy/domains/modal/test/auto/Priorities.xml (RunModel)" time="0.065" />
  <testcase classname="ptolemy.util.test.junit.AutoTests" name="[105] /home/travis/build/icyphy/ptII/ptolemy/domains/modal/test/auto/ResetFinal.xml (RunModel)" time="0.038" />
  <testcase classname="ptolemy.util.test.junit.AutoTests" name="[106] /home/travis/build/icyphy/ptII/ptolemy/domains/modal/test/auto/ResetFinal2.xml (RunModel)" time="0.026" />
  <testcase classname="ptolemy.util.test.junit.AutoTests" name="[107] /home/travis/build/icyphy/ptII/ptolemy/domains/modal/test/auto/ResetTransitionWithStartTime.xml (RunModel)" time="0.026" />
  <testcase classname="ptolemy.util.test.junit.AutoTests" name="[108] /home/travis/build/icyphy/ptII/ptolemy/domains/modal/test/auto/SDF-FSMComposite.xml (RunModel)" time="0.022" />
  <testcase classname="ptolemy.util.test.junit.AutoTests" name="[109] /home/travis/build/icyphy/ptII/ptolemy/domains/modal/test/auto/SeeminglyNondeterminate.xml (RunModel)" time="0.078" />
  <testcase classname="ptolemy.util.test.junit.AutoTests" name="[110] /home/travis/build/icyphy/ptII/ptolemy/domains/modal/test/auto/SeeminglyNondeterminate2.xml (RunModel)" time="0.081" />
  <testcase classname="ptolemy.util.test.junit.AutoTests" name="[111] /home/travis/build/icyphy/ptII/ptolemy/domains/modal/test/auto/SpontaneousFSM.xml (RunModel)" time="0.057" />
  <testcase classname="ptolemy.util.test.junit.AutoTests" name="[112] /home/travis/build/icyphy/ptII/ptolemy/domains/modal/test/auto/SpontaneousFSM2.xml (RunModel)" time="0.025" />
  <testcase classname="ptolemy.util.test.junit.AutoTests" name="[113] /home/travis/build/icyphy/ptII/ptolemy/domains/modal/test/auto/SpontaneousFSM3.xml (RunModel)" time="0.033" />
  <testcase classname="ptolemy.util.test.junit.AutoTests" name="[114] /home/travis/build/icyphy/ptII/ptolemy/domains/modal/test/auto/SpontaneousFSM4.xml (RunModel)" time="0.038" />
  <testcase classname="ptolemy.util.test.junit.AutoTests" name="[115] /home/travis/build/icyphy/ptII/ptolemy/domains/modal/test/auto/StateTrackerTest.xml (RunModel)" time="0.058" />
  <testcase classname="ptolemy.util.test.junit.AutoTests" name="[116] /home/travis/build/icyphy/ptII/ptolemy/domains/modal/test/auto/StrongImmediateTransition.xml (RunModel)" time="0.023" />
  <testcase classname="ptolemy.util.test.junit.AutoTests" name="[117] /home/travis/build/icyphy/ptII/ptolemy/domains/modal/test/auto/SustainHierarchy.xml (RunModel)" time="0.024" />
  <testcase classname="ptolemy.util.test.junit.AutoTests" name="[118] /home/travis/build/icyphy/ptII/ptolemy/domains/modal/test/auto/TerminationTransition1.xml (RunModel)" time="0.015" />
  <testcase classname="ptolemy.util.test.junit.AutoTests" name="[119] /home/travis/build/icyphy/ptII/ptolemy/domains/modal/test/auto/TerminationTransition2.xml (RunModel)" time="0.022" />
  <testcase classname="ptolemy.util.test.junit.AutoTests" name="[120] /home/travis/build/icyphy/ptII/ptolemy/domains/modal/test/auto/TerminationTransition3.xml (RunModel)" time="0.018" />
  <testcase classname="ptolemy.util.test.junit.AutoTests" name="[121] /home/travis/build/icyphy/ptII/ptolemy/domains/modal/test/auto/TerminationTransition4.xml (RunModel)" time="0.03" />
  <testcase classname="ptolemy.util.test.junit.AutoTests" name="[122] /home/travis/build/icyphy/ptII/ptolemy/domains/modal/test/auto/TerminationTransition5.xml (RunModel)" time="0.027" />
  <testcase classname="ptolemy.util.test.junit.AutoTests" name="[123] /home/travis/build/icyphy/ptII/ptolemy/domains/modal/test/auto/TerminationTransition6.xml (RunModel)" time="0.034" />
  <testcase classname="ptolemy.util.test.junit.AutoTests" name="[124] /home/travis/build/icyphy/ptII/ptolemy/domains/modal/test/auto/TerminationTransition7.xml (RunModel)" time="0.022" />
  <testcase classname="ptolemy.util.test.junit.AutoTests" name="[125] /home/travis/build/icyphy/ptII/ptolemy/domains/modal/test/auto/TerminationTransition8.xml (RunModel)" time="0.022" />
  <testcase classname="ptolemy.util.test.junit.AutoTests" name="[126] /home/travis/build/icyphy/ptII/ptolemy/domains/modal/test/auto/Thermostat_NoHysteresis.xml (RunModel)" time="0.043" />
  <testcase classname="ptolemy.util.test.junit.AutoTests" name="[127] /home/travis/build/icyphy/ptII/ptolemy/domains/modal/test/auto/TimedFSM.xml (RunModel)" time="0.025" />
  <testcase classname="ptolemy.util.test.junit.AutoTests" name="[128] /home/travis/build/icyphy/ptII/ptolemy/domains/modal/test/auto/Timeout1.xml (RunModel)" time="0.011" />
  <testcase classname="ptolemy.util.test.junit.AutoTests" name="[129] /home/travis/build/icyphy/ptII/ptolemy/domains/modal/test/auto/Timeout2.xml (RunModel)" time="0.015" />
  <testcase classname="ptolemy.util.test.junit.AutoTests" name="[130] /home/travis/build/icyphy/ptII/ptolemy/domains/modal/test/auto/Timeout3.xml (RunModel)" time="0.015" />
  <testcase classname="ptolemy.util.test.junit.AutoTests" name="[131] /home/travis/build/icyphy/ptII/ptolemy/domains/modal/test/auto/Timeout4.xml (RunModel)" time="0.01" />
  <testcase classname="ptolemy.util.test.junit.AutoTests" name="[132] /home/travis/build/icyphy/ptII/ptolemy/domains/modal/test/auto/TransientstateModelAdvanced.xml (RunModel)" time="0.023" />
  <testcase classname="ptolemy.util.test.junit.AutoTests" name="[133] /home/travis/build/icyphy/ptII/ptolemy/domains/modal/test/auto/TransientstateModelAdvanced2.xml (RunModel)" time="0.026" />
  <testcase classname="ptolemy.util.test.junit.AutoTests" name="[134] /home/travis/build/icyphy/ptII/ptolemy/domains/modal/test/auto/TransitionRefinements.xml (RunModel)" time="0.019" />
  <testcase classname="ptolemy.util.test.junit.AutoTests" name="[135] /home/travis/build/icyphy/ptII/ptolemy/domains/modal/test/auto/TwoRefinements1.xml (RunModel)" time="0.02" />
  <testcase classname="ptolemy.util.test.junit.AutoTests" name="[136] /home/travis/build/icyphy/ptII/ptolemy/domains/modal/test/auto/TwoRefinements2.xml (RunModel)" time="0.019" />
  <testcase classname="ptolemy.util.test.junit.AutoTests" name="[137] /home/travis/build/icyphy/ptII/ptolemy/domains/modal/test/auto/WeakImmediateTransition.xml (RunModel)" time="0.017" />
  <testcase classname="ptolemy.util.test.junit.AutoTests" name="[138] /home/travis/build/icyphy/ptII/ptolemy/domains/modal/test/auto/booleanSelect.xml (RunModel)" time="0.045" />
  <testcase classname="ptolemy.util.test.junit.AutoTests" name="[139] /home/travis/build/icyphy/ptII/ptolemy/domains/modal/test/auto/modalChangingParams.xml (RunModel)" time="0.245" />
  <testcase classname="ptolemy.util.test.junit.AutoTests" name="[140] /home/travis/build/icyphy/ptII/ptolemy/domains/modal/test/auto/modalModel.xml (RunModel)" time="0.019" />
  <testcase classname="ptolemy.util.test.junit.AutoTests" name="[141] /home/travis/build/icyphy/ptII/ptolemy/domains/modal/test/auto/modalModel2.xml (RunModel)" time="0.022" />
  <testcase classname="ptolemy.util.test.junit.AutoTests" name="[142] /home/travis/build/icyphy/ptII/ptolemy/domains/modal/test/auto/modalModel3.xml (RunModel)" time="0.029" />
  <testcase classname="ptolemy.util.test.junit.AutoTests" name="[143] /home/travis/build/icyphy/ptII/ptolemy/domains/modal/test/auto/model1.xml (RunModel)" time="0.016" />
  <testcase classname="ptolemy.util.test.junit.AutoTests" name="[144] /home/travis/build/icyphy/ptII/ptolemy/domains/modal/test/auto/test-direct-in-out.xml (RunModel)" time="0.015" />
  <system-out><![CDATA[/home/travis/build/icyphy/ptII/ptolemy/domains/modal/test/SystemLevelType.tcl
testDefs.tcl: setting time out to 9000 seconds at Tue May 26 14:28:44 UTC 2020
05/26/20 02:28:46
Failed: 0  Total Tests: 1  ((Passed: 1, Newly Passed: 0)  Known Failed: 0) /home/travis/build/icyphy/ptII/ptolemy/domains/modal/test
----------------- testing (KnownFailure) /home/travis/build/icyphy/ptII/ptolemy/domains/modal/test/auto/knownFailedTests/CannotAnalysisWithPreemption.xml
123 ms. Memory: 129024K Free: 68380K (53%)
Known Failure: java.lang.reflect.InvocationTargetException
No auto/linux-amd64/*.xml tests in /home/travis/build/icyphy/ptII/ptolemy/domains/modal/test
AutoTests.java: About to close Vertx.
AutoTests.java: Vertx closed.

===========================================================================================
----------------- testing Tue May 26 14:28:46 UTC 2020 /home/travis/build/icyphy/ptII/ptolemy/domains/modal/test/auto/ABPTest.xml
----------------- Instantiating /home/travis/build/icyphy/ptII/ptolemy/domains/modal/test/auto/ABPTest.xml
265 ms. Memory: 167936K Free: 127811K (76%)
----------------- Invoking toplevel() on ptolemy.moml.MoMLSimpleApplication@4d2f12f5
----------------- Done invoking toplevel() on ptolemy.moml.MoMLSimpleApplication@4d2f12f5
reloadAllAccessors: .ABPTest

===========================================================================================
----------------- testing Tue May 26 14:28:47 UTC 2020 /home/travis/build/icyphy/ptII/ptolemy/domains/modal/test/auto/ABROFlat.xml
----------------- Instantiating /home/travis/build/icyphy/ptII/ptolemy/domains/modal/test/auto/ABROFlat.xml
31 ms. Memory: 167936K Free: 112392K (67%)
----------------- Invoking toplevel() on ptolemy.moml.MoMLSimpleApplication@4b6c39a9
----------------- Done invoking toplevel() on ptolemy.moml.MoMLSimpleApplication@4b6c39a9
reloadAllAccessors: .ABROFlat

===========================================================================================
----------------- testing Tue May 26 14:28:47 UTC 2020 /home/travis/build/icyphy/ptII/ptolemy/domains/modal/test/auto/ABROFlat2.xml
----------------- Instantiating /home/travis/build/icyphy/ptII/ptolemy/domains/modal/test/auto/ABROFlat2.xml
23 ms. Memory: 167936K Free: 95488K (57%)
----------------- Invoking toplevel() on ptolemy.moml.MoMLSimpleApplication@25fc99d8
----------------- Done invoking toplevel() on ptolemy.moml.MoMLSimpleApplication@25fc99d8
reloadAllAccessors: .ABROFlat2

===========================================================================================
----------------- testing Tue May 26 14:28:47 UTC 2020 /home/travis/build/icyphy/ptII/ptolemy/domains/modal/test/auto/ABRO_present_hmm.xml
----------------- Instantiating /home/travis/build/icyphy/ptII/ptolemy/domains/modal/test/auto/ABRO_present_hmm.xml
19 ms. Memory: 167936K Free: 68360K (41%)
----------------- Invoking toplevel() on ptolemy.moml.MoMLSimpleApplication@64856186
----------------- Done invoking toplevel() on ptolemy.moml.MoMLSimpleApplication@64856186
reloadAllAccessors: .ABRO_present_hmm

===========================================================================================
----------------- testing Tue May 26 14:28:47 UTC 2020 /home/travis/build/icyphy/ptII/ptolemy/domains/modal/test/auto/AMICoderExample.xml
----------------- Instantiating /home/travis/build/icyphy/ptII/ptolemy/domains/modal/test/auto/AMICoderExample.xml
47 ms. Memory: 167936K Free: 147659K (88%)
----------------- Invoking toplevel() on ptolemy.moml.MoMLSimpleApplication@2da996b6
----------------- Done invoking toplevel() on ptolemy.moml.MoMLSimpleApplication@2da996b6
reloadAllAccessors: .AMICoderExample

===========================================================================================
----------------- testing Tue May 26 14:28:47 UTC 2020 /home/travis/build/icyphy/ptII/ptolemy/domains/modal/test/auto/AbsentToPresent.xml
----------------- Instantiating /home/travis/build/icyphy/ptII/ptolemy/domains/modal/test/auto/AbsentToPresent.xml
7 ms. Memory: 167936K Free: 143023K (85%)
----------------- Invoking toplevel() on ptolemy.moml.MoMLSimpleApplication@19601084
----------------- Done invoking toplevel() on ptolemy.moml.MoMLSimpleApplication@19601084
reloadAllAccessors: .AbsentToPresent

===========================================================================================
----------------- testing Tue May 26 14:28:47 UTC 2020 /home/travis/build/icyphy/ptII/ptolemy/domains/modal/test/auto/Blending.xml
----------------- Instantiating /home/travis/build/icyphy/ptII/ptolemy/domains/modal/test/auto/Blending.xml
142 ms. Memory: 167936K Free: 97959K (58%)
----------------- Invoking toplevel() on ptolemy.moml.MoMLSimpleApplication@2fcceb7f
----------------- Done invoking toplevel() on ptolemy.moml.MoMLSimpleApplication@2fcceb7f
reloadAllAccessors: .Blending

===========================================================================================
----------------- testing Tue May 26 14:28:48 UTC 2020 /home/travis/build/icyphy/ptII/ptolemy/domains/modal/test/auto/Broadcast.xml
----------------- Instantiating /home/travis/build/icyphy/ptII/ptolemy/domains/modal/test/auto/Broadcast.xml
10 ms. Memory: 167936K Free: 87719K (52%)
----------------- Invoking toplevel() on ptolemy.moml.MoMLSimpleApplication@73929bb7
----------------- Done invoking toplevel() on ptolemy.moml.MoMLSimpleApplication@73929bb7
reloadAllAccessors: .Broadcast

===========================================================================================
----------------- testing Tue May 26 14:28:48 UTC 2020 /home/travis/build/icyphy/ptII/ptolemy/domains/modal/test/auto/BroadcastHierarchy.xml
----------------- Instantiating /home/travis/build/icyphy/ptII/ptolemy/domains/modal/test/auto/BroadcastHierarchy.xml
6 ms. Memory: 167936K Free: 73958K (44%)
----------------- Invoking toplevel() on ptolemy.moml.MoMLSimpleApplication@5369128e
----------------- Done invoking toplevel() on ptolemy.moml.MoMLSimpleApplication@5369128e
reloadAllAccessors: .BroadcastHierarchy

===========================================================================================
----------------- testing Tue May 26 14:28:48 UTC 2020 /home/travis/build/icyphy/ptII/ptolemy/domains/modal/test/auto/BroadcastHierarchy2.xml
----------------- Instantiating /home/travis/build/icyphy/ptII/ptolemy/domains/modal/test/auto/BroadcastHierarchy2.xml
26 ms. Memory: 167936K Free: 141550K (84%)
----------------- Invoking toplevel() on ptolemy.moml.MoMLSimpleApplication@306ec5d
----------------- Done invoking toplevel() on ptolemy.moml.MoMLSimpleApplication@306ec5d
reloadAllAccessors: .BroadcastHierarchy2

===========================================================================================
----------------- testing Tue May 26 14:28:48 UTC 2020 /home/travis/build/icyphy/ptII/ptolemy/domains/modal/test/auto/BroadcastHierarchy3.xml
----------------- Instantiating /home/travis/build/icyphy/ptII/ptolemy/domains/modal/test/auto/BroadcastHierarchy3.xml
15 ms. Memory: 167936K Free: 121040K (72%)
----------------- Invoking toplevel() on ptolemy.moml.MoMLSimpleApplication@4d9b07a9
----------------- Done invoking toplevel() on ptolemy.moml.MoMLSimpleApplication@4d9b07a9
reloadAllAccessors: .BroadcastHierarchy3

===========================================================================================
----------------- testing Tue May 26 14:28:48 UTC 2020 /home/travis/build/icyphy/ptII/ptolemy/domains/modal/test/auto/BroadcastHierarchy4.xml
----------------- Instantiating /home/travis/build/icyphy/ptII/ptolemy/domains/modal/test/auto/BroadcastHierarchy4.xml
17 ms. Memory: 167936K Free: 96494K (57%)
----------------- Invoking toplevel() on ptolemy.moml.MoMLSimpleApplication@575e2cd5
----------------- Done invoking toplevel() on ptolemy.moml.MoMLSimpleApplication@575e2cd5
reloadAllAccessors: .BroadcastHierarchy4

===========================================================================================
----------------- testing Tue May 26 14:28:48 UTC 2020 /home/travis/build/icyphy/ptII/ptolemy/domains/modal/test/auto/CannotAnalysisWithPreemption2.xml
----------------- Instantiating /home/travis/build/icyphy/ptII/ptolemy/domains/modal/test/auto/CannotAnalysisWithPreemption2.xml
2 ms. Memory: 167936K Free: 89775K (53%)
----------------- Invoking toplevel() on ptolemy.moml.MoMLSimpleApplication@23e8215e
----------------- Done invoking toplevel() on ptolemy.moml.MoMLSimpleApplication@23e8215e
reloadAllAccessors: .CannotAnalysisWithPreemption2

===========================================================================================
----------------- testing Tue May 26 14:28:48 UTC 2020 /home/travis/build/icyphy/ptII/ptolemy/domains/modal/test/auto/CannotAnalysisWithPreemption3.xml
----------------- Instantiating /home/travis/build/icyphy/ptII/ptolemy/domains/modal/test/auto/CannotAnalysisWithPreemption3.xml
5 ms. Memory: 167936K Free: 80088K (48%)
----------------- Invoking toplevel() on ptolemy.moml.MoMLSimpleApplication@2ee2971d
----------------- Done invoking toplevel() on ptolemy.moml.MoMLSimpleApplication@2ee2971d
reloadAllAccessors: .CannotAnalysisWithPreemption3

===========================================================================================
----------------- testing Tue May 26 14:28:48 UTC 2020 /home/travis/build/icyphy/ptII/ptolemy/domains/modal/test/auto/CannotProduce.xml
----------------- Instantiating /home/travis/build/icyphy/ptII/ptolemy/domains/modal/test/auto/CannotProduce.xml
9 ms. Memory: 167936K Free: 73413K (44%)
----------------- Invoking toplevel() on ptolemy.moml.MoMLSimpleApplication@24107a5
----------------- Done invoking toplevel() on ptolemy.moml.MoMLSimpleApplication@24107a5
reloadAllAccessors: .CannotProduce

===========================================================================================
----------------- testing Tue May 26 14:28:48 UTC 2020 /home/travis/build/icyphy/ptII/ptolemy/domains/modal/test/auto/CannotProduceModal.xml
----------------- Instantiating /home/travis/build/icyphy/ptII/ptolemy/domains/modal/test/auto/CannotProduceModal.xml
12 ms. Memory: 167936K Free: 66245K (39%)
----------------- Invoking toplevel() on ptolemy.moml.MoMLSimpleApplication@6e9ac19
----------------- Done invoking toplevel() on ptolemy.moml.MoMLSimpleApplication@6e9ac19
reloadAllAccessors: .CannotProduceModal

===========================================================================================
----------------- testing Tue May 26 14:28:48 UTC 2020 /home/travis/build/icyphy/ptII/ptolemy/domains/modal/test/auto/Case.xml
----------------- Instantiating /home/travis/build/icyphy/ptII/ptolemy/domains/modal/test/auto/Case.xml
32 ms. Memory: 167936K Free: 54981K (33%)
----------------- Invoking toplevel() on ptolemy.moml.MoMLSimpleApplication@643b789b
----------------- Done invoking toplevel() on ptolemy.moml.MoMLSimpleApplication@643b789b
reloadAllAccessors: .Case

===========================================================================================
----------------- testing Tue May 26 14:28:48 UTC 2020 /home/travis/build/icyphy/ptII/ptolemy/domains/modal/test/auto/Case1.xml
----------------- Instantiating /home/travis/build/icyphy/ptII/ptolemy/domains/modal/test/auto/Case1.xml
6 ms. Memory: 217088K Free: 191630K (88%)
----------------- Invoking toplevel() on ptolemy.moml.MoMLSimpleApplication@708cd1c5
----------------- Done invoking toplevel() on ptolemy.moml.MoMLSimpleApplication@708cd1c5
reloadAllAccessors: .Case1

===========================================================================================
----------------- testing Tue May 26 14:28:48 UTC 2020 /home/travis/build/icyphy/ptII/ptolemy/domains/modal/test/auto/Case2.xml
----------------- Instantiating /home/travis/build/icyphy/ptII/ptolemy/domains/modal/test/auto/Case2.xml
31 ms. Memory: 217088K Free: 180381K (83%)
----------------- Invoking toplevel() on ptolemy.moml.MoMLSimpleApplication@2cb12f2a
----------------- Done invoking toplevel() on ptolemy.moml.MoMLSimpleApplication@2cb12f2a
reloadAllAccessors: .Case2

===========================================================================================
----------------- testing Tue May 26 14:28:48 UTC 2020 /home/travis/build/icyphy/ptII/ptolemy/domains/modal/test/auto/CausalityInterface1.xml
----------------- Instantiating /home/travis/build/icyphy/ptII/ptolemy/domains/modal/test/auto/CausalityInterface1.xml
4 ms. Memory: 217088K Free: 175261K (81%)
----------------- Invoking toplevel() on ptolemy.moml.MoMLSimpleApplication@273388c8
----------------- Done invoking toplevel() on ptolemy.moml.MoMLSimpleApplication@273388c8
reloadAllAccessors: .CausalityInterface1

===========================================================================================
----------------- testing Tue May 26 14:28:48 UTC 2020 /home/travis/build/icyphy/ptII/ptolemy/domains/modal/test/auto/CausalityInterface10.xml
----------------- Instantiating /home/travis/build/icyphy/ptII/ptolemy/domains/modal/test/auto/CausalityInterface10.xml
6 ms. Memory: 217088K Free: 161934K (75%)
----------------- Invoking toplevel() on ptolemy.moml.MoMLSimpleApplication@1a7d105c
----------------- Done invoking toplevel() on ptolemy.moml.MoMLSimpleApplication@1a7d105c
reloadAllAccessors: .CausalityInterface10

===========================================================================================
----------------- testing Tue May 26 14:28:49 UTC 2020 /home/travis/build/icyphy/ptII/ptolemy/domains/modal/test/auto/CausalityInterface11.xml
----------------- Instantiating /home/travis/build/icyphy/ptII/ptolemy/domains/modal/test/auto/CausalityInterface11.xml
11 ms. Memory: 217088K Free: 148606K (68%)
----------------- Invoking toplevel() on ptolemy.moml.MoMLSimpleApplication@2a4a07d0
----------------- Done invoking toplevel() on ptolemy.moml.MoMLSimpleApplication@2a4a07d0
reloadAllAccessors: .CausalityInterface11

===========================================================================================
----------------- testing Tue May 26 14:28:49 UTC 2020 /home/travis/build/icyphy/ptII/ptolemy/domains/modal/test/auto/CausalityInterface12.xml
----------------- Instantiating /home/travis/build/icyphy/ptII/ptolemy/domains/modal/test/auto/CausalityInterface12.xml
7 ms. Memory: 217088K Free: 135294K (62%)
----------------- Invoking toplevel() on ptolemy.moml.MoMLSimpleApplication@55cc0af3
----------------- Done invoking toplevel() on ptolemy.moml.MoMLSimpleApplication@55cc0af3
reloadAllAccessors: .CausalityInterface12

===========================================================================================
----------------- testing Tue May 26 14:28:49 UTC 2020 /home/travis/build/icyphy/ptII/ptolemy/domains/modal/test/auto/CausalityInterface13.xml
----------------- Instantiating /home/travis/build/icyphy/ptII/ptolemy/domains/modal/test/auto/CausalityInterface13.xml
11 ms. Memory: 217088K Free: 121503K (56%)
----------------- Invoking toplevel() on ptolemy.moml.MoMLSimpleApplication@63eea023
----------------- Done invoking toplevel() on ptolemy.moml.MoMLSimpleApplication@63eea023
reloadAllAccessors: .CausalityInterface13

===========================================================================================
----------------- testing Tue May 26 14:28:49 UTC 2020 /home/travis/build/icyphy/ptII/ptolemy/domains/modal/test/auto/CausalityInterface14.xml
----------------- Instantiating /home/travis/build/icyphy/ptII/ptolemy/domains/modal/test/auto/CausalityInterface14.xml
9 ms. Memory: 217088K Free: 107662K (50%)
----------------- Invoking toplevel() on ptolemy.moml.MoMLSimpleApplication@278ee54a
----------------- Done invoking toplevel() on ptolemy.moml.MoMLSimpleApplication@278ee54a
reloadAllAccessors: .CausalityInterface14

===========================================================================================
----------------- testing Tue May 26 14:28:49 UTC 2020 /home/travis/build/icyphy/ptII/ptolemy/domains/modal/test/auto/CausalityInterface2.xml
----------------- Instantiating /home/travis/build/icyphy/ptII/ptolemy/domains/modal/test/auto/CausalityInterface2.xml
5 ms. Memory: 217088K Free: 101023K (47%)
----------------- Invoking toplevel() on ptolemy.moml.MoMLSimpleApplication@4df3702d
----------------- Done invoking toplevel() on ptolemy.moml.MoMLSimpleApplication@4df3702d
reloadAllAccessors: .CausalityInterface2

===========================================================================================
----------------- testing Tue May 26 14:28:49 UTC 2020 /home/travis/build/icyphy/ptII/ptolemy/domains/modal/test/auto/CausalityInterface3.xml
----------------- Instantiating /home/travis/build/icyphy/ptII/ptolemy/domains/modal/test/auto/CausalityInterface3.xml
2 ms. Memory: 217088K Free: 94350K (43%)
----------------- Invoking toplevel() on ptolemy.moml.MoMLSimpleApplication@508107eb
----------------- Done invoking toplevel() on ptolemy.moml.MoMLSimpleApplication@508107eb
reloadAllAccessors: .CausalityInterface3

===========================================================================================
----------------- testing Tue May 26 14:28:49 UTC 2020 /home/travis/build/icyphy/ptII/ptolemy/domains/modal/test/auto/CausalityInterface4.xml
----------------- Instantiating /home/travis/build/icyphy/ptII/ptolemy/domains/modal/test/auto/CausalityInterface4.xml
4 ms. Memory: 217088K Free: 87711K (40%)
----------------- Invoking toplevel() on ptolemy.moml.MoMLSimpleApplication@358e7a3
----------------- Done invoking toplevel() on ptolemy.moml.MoMLSimpleApplication@358e7a3
reloadAllAccessors: .CausalityInterface4

===========================================================================================
----------------- testing Tue May 26 14:28:49 UTC 2020 /home/travis/build/icyphy/ptII/ptolemy/domains/modal/test/auto/CausalityInterface5.xml
----------------- Instantiating /home/travis/build/icyphy/ptII/ptolemy/domains/modal/test/auto/CausalityInterface5.xml
5 ms. Memory: 217088K Free: 79519K (37%)
----------------- Invoking toplevel() on ptolemy.moml.MoMLSimpleApplication@52614f5a
----------------- Done invoking toplevel() on ptolemy.moml.MoMLSimpleApplication@52614f5a
reloadAllAccessors: .CausalityInterface5

===========================================================================================
----------------- testing Tue May 26 14:28:49 UTC 2020 /home/travis/build/icyphy/ptII/ptolemy/domains/modal/test/auto/CausalityInterface6.xml
----------------- Instantiating /home/travis/build/icyphy/ptII/ptolemy/domains/modal/test/auto/CausalityInterface6.xml
4 ms. Memory: 217088K Free: 194719K (90%)
----------------- Invoking toplevel() on ptolemy.moml.MoMLSimpleApplication@650965bd
----------------- Done invoking toplevel() on ptolemy.moml.MoMLSimpleApplication@650965bd
reloadAllAccessors: .CausalityInterface6

===========================================================================================
----------------- testing Tue May 26 14:28:49 UTC 2020 /home/travis/build/icyphy/ptII/ptolemy/domains/modal/test/auto/CausalityInterface7.xml
----------------- Instantiating /home/travis/build/icyphy/ptII/ptolemy/domains/modal/test/auto/CausalityInterface7.xml
7 ms. Memory: 217088K Free: 186013K (86%)
----------------- Invoking toplevel() on ptolemy.moml.MoMLSimpleApplication@79a95023
----------------- Done invoking toplevel() on ptolemy.moml.MoMLSimpleApplication@79a95023
reloadAllAccessors: .CausalityInterface7

===========================================================================================
----------------- testing Tue May 26 14:28:49 UTC 2020 /home/travis/build/icyphy/ptII/ptolemy/domains/modal/test/auto/CausalityInterface8.xml
----------------- Instantiating /home/travis/build/icyphy/ptII/ptolemy/domains/modal/test/auto/CausalityInterface8.xml
4 ms. Memory: 217088K Free: 177806K (82%)
----------------- Invoking toplevel() on ptolemy.moml.MoMLSimpleApplication@557fe834
----------------- Done invoking toplevel() on ptolemy.moml.MoMLSimpleApplication@557fe834
reloadAllAccessors: .CausalityInterface8

===========================================================================================
----------------- testing Tue May 26 14:28:49 UTC 2020 /home/travis/build/icyphy/ptII/ptolemy/domains/modal/test/auto/CausalityInterface9.xml
----------------- Instantiating /home/travis/build/icyphy/ptII/ptolemy/domains/modal/test/auto/CausalityInterface9.xml
4 ms. Memory: 217088K Free: 168095K (77%)
----------------- Invoking toplevel() on ptolemy.moml.MoMLSimpleApplication@2934478e
----------------- Done invoking toplevel() on ptolemy.moml.MoMLSimpleApplication@2934478e
reloadAllAccessors: .CausalityInterface9

===========================================================================================
----------------- testing Tue May 26 14:28:49 UTC 2020 /home/travis/build/icyphy/ptII/ptolemy/domains/modal/test/auto/ChainedTransitions.xml
----------------- Instantiating /home/travis/build/icyphy/ptII/ptolemy/domains/modal/test/auto/ChainedTransitions.xml
95 ms. Memory: 217088K Free: 142990K (66%)
----------------- Invoking toplevel() on ptolemy.moml.MoMLSimpleApplication@7d988b14
----------------- Done invoking toplevel() on ptolemy.moml.MoMLSimpleApplication@7d988b14
reloadAllAccessors: .ChainedTransitions

===========================================================================================
----------------- testing Tue May 26 14:28:49 UTC 2020 /home/travis/build/icyphy/ptII/ptolemy/domains/modal/test/auto/CycleOfImmediateTransitionsFSM.xml
----------------- Instantiating /home/travis/build/icyphy/ptII/ptolemy/domains/modal/test/auto/CycleOfImmediateTransitionsFSM.xml
2 ms. Memory: 217088K Free: 137375K (63%)
----------------- Invoking toplevel() on ptolemy.moml.MoMLSimpleApplication@5f518263
----------------- Done invoking toplevel() on ptolemy.moml.MoMLSimpleApplication@5f518263
reloadAllAccessors: .CycleOfImmediateTransitionsFSM

===========================================================================================
----------------- testing Tue May 26 14:28:49 UTC 2020 /home/travis/build/icyphy/ptII/ptolemy/domains/modal/test/auto/CycleOfImmediateTransitionsModal.xml
----------------- Instantiating /home/travis/build/icyphy/ptII/ptolemy/domains/modal/test/auto/CycleOfImmediateTransitionsModal.xml
2 ms. Memory: 217088K Free: 131231K (60%)
----------------- Invoking toplevel() on ptolemy.moml.MoMLSimpleApplication@12bc3645
----------------- Done invoking toplevel() on ptolemy.moml.MoMLSimpleApplication@12bc3645
reloadAllAccessors: .CycleOfImmediateTransitionsModal

===========================================================================================
----------------- testing Tue May 26 14:28:49 UTC 2020 /home/travis/build/icyphy/ptII/ptolemy/domains/modal/test/auto/CycleOfImmediateTransitionsModal2.xml
----------------- Instantiating /home/travis/build/icyphy/ptII/ptolemy/domains/modal/test/auto/CycleOfImmediateTransitionsModal2.xml
2 ms. Memory: 217088K Free: 124573K (57%)
----------------- Invoking toplevel() on ptolemy.moml.MoMLSimpleApplication@1ba9462d
----------------- Done invoking toplevel() on ptolemy.moml.MoMLSimpleApplication@1ba9462d
reloadAllAccessors: .CycleOfImmediateTransitionsModal2

===========================================================================================
----------------- testing Tue May 26 14:28:49 UTC 2020 /home/travis/build/icyphy/ptII/ptolemy/domains/modal/test/auto/CycleOfImmediateTransitionsModal3.xml
----------------- Instantiating /home/travis/build/icyphy/ptII/ptolemy/domains/modal/test/auto/CycleOfImmediateTransitionsModal3.xml
6 ms. Memory: 217088K Free: 102030K (47%)
----------------- Invoking toplevel() on ptolemy.moml.MoMLSimpleApplication@87af0a9
----------------- Done invoking toplevel() on ptolemy.moml.MoMLSimpleApplication@87af0a9
reloadAllAccessors: .CycleOfImmediateTransitionsModal3

===========================================================================================
----------------- testing Tue May 26 14:28:49 UTC 2020 /home/travis/build/icyphy/ptII/ptolemy/domains/modal/test/auto/DeepModal1.xml
----------------- Instantiating /home/travis/build/icyphy/ptII/ptolemy/domains/modal/test/auto/DeepModal1.xml
14 ms. Memory: 217088K Free: 88223K (41%)
----------------- Invoking toplevel() on ptolemy.moml.MoMLSimpleApplication@77c61188
----------------- Done invoking toplevel() on ptolemy.moml.MoMLSimpleApplication@77c61188
reloadAllAccessors: .DeepModal1

===========================================================================================
----------------- testing Tue May 26 14:28:49 UTC 2020 /home/travis/build/icyphy/ptII/ptolemy/domains/modal/test/auto/DeepModal2.xml
----------------- Instantiating /home/travis/build/icyphy/ptII/ptolemy/domains/modal/test/auto/DeepModal2.xml
29 ms. Memory: 217088K Free: 193412K (89%)
----------------- Invoking toplevel() on ptolemy.moml.MoMLSimpleApplication@7cc06c78
----------------- Done invoking toplevel() on ptolemy.moml.MoMLSimpleApplication@7cc06c78
reloadAllAccessors: .DeepModal2

===========================================================================================
----------------- testing Tue May 26 14:28:49 UTC 2020 /home/travis/build/icyphy/ptII/ptolemy/domains/modal/test/auto/DeepModal3.xml
----------------- Instantiating /home/travis/build/icyphy/ptII/ptolemy/domains/modal/test/auto/DeepModal3.xml
26 ms. Memory: 217088K Free: 173725K (80%)
----------------- Invoking toplevel() on ptolemy.moml.MoMLSimpleApplication@1d21e231
----------------- Done invoking toplevel() on ptolemy.moml.MoMLSimpleApplication@1d21e231
reloadAllAccessors: .DeepModal3

===========================================================================================
----------------- testing Tue May 26 14:28:49 UTC 2020 /home/travis/build/icyphy/ptII/ptolemy/domains/modal/test/auto/DeepModal4.xml
----------------- Instantiating /home/travis/build/icyphy/ptII/ptolemy/domains/modal/test/auto/DeepModal4.xml
30 ms. Memory: 217088K Free: 154254K (71%)
----------------- Invoking toplevel() on ptolemy.moml.MoMLSimpleApplication@72cd3904
----------------- Done invoking toplevel() on ptolemy.moml.MoMLSimpleApplication@72cd3904
reloadAllAccessors: .DeepModal4

===========================================================================================
----------------- testing Tue May 26 14:28:49 UTC 2020 /home/travis/build/icyphy/ptII/ptolemy/domains/modal/test/auto/Default1.xml
----------------- Instantiating /home/travis/build/icyphy/ptII/ptolemy/domains/modal/test/auto/Default1.xml
2 ms. Memory: 217088K Free: 148639K (68%)
----------------- Invoking toplevel() on ptolemy.moml.MoMLSimpleApplication@6e58ce9
----------------- Done invoking toplevel() on ptolemy.moml.MoMLSimpleApplication@6e58ce9
reloadAllAccessors: .Default1

===========================================================================================
----------------- testing Tue May 26 14:28:50 UTC 2020 /home/travis/build/icyphy/ptII/ptolemy/domains/modal/test/auto/Default2.xml
----------------- Instantiating /home/travis/build/icyphy/ptII/ptolemy/domains/modal/test/auto/Default2.xml
7 ms. Memory: 217088K Free: 142994K (66%)
----------------- Invoking toplevel() on ptolemy.moml.MoMLSimpleApplication@57d2bc0f
----------------- Done invoking toplevel() on ptolemy.moml.MoMLSimpleApplication@57d2bc0f
reloadAllAccessors: .Default2

===========================================================================================
----------------- testing Tue May 26 14:28:50 UTC 2020 /home/travis/build/icyphy/ptII/ptolemy/domains/modal/test/auto/Default3.xml
----------------- Instantiating /home/travis/build/icyphy/ptII/ptolemy/domains/modal/test/auto/Default3.xml
5 ms. Memory: 217088K Free: 136861K (63%)
----------------- Invoking toplevel() on ptolemy.moml.MoMLSimpleApplication@74568f7
----------------- Done invoking toplevel() on ptolemy.moml.MoMLSimpleApplication@74568f7
reloadAllAccessors: .Default3

===========================================================================================
----------------- testing Tue May 26 14:28:50 UTC 2020 /home/travis/build/icyphy/ptII/ptolemy/domains/modal/test/auto/Default4.xml
----------------- Instantiating /home/travis/build/icyphy/ptII/ptolemy/domains/modal/test/auto/Default4.xml
4 ms. Memory: 217088K Free: 130717K (60%)
----------------- Invoking toplevel() on ptolemy.moml.MoMLSimpleApplication@482746ae
----------------- Done invoking toplevel() on ptolemy.moml.MoMLSimpleApplication@482746ae
reloadAllAccessors: .Default4

===========================================================================================
----------------- testing Tue May 26 14:28:50 UTC 2020 /home/travis/build/icyphy/ptII/ptolemy/domains/modal/test/auto/Default5.xml
----------------- Instantiating /home/travis/build/icyphy/ptII/ptolemy/domains/modal/test/auto/Default5.xml
6 ms. Memory: 217088K Free: 122510K (56%)
----------------- Invoking toplevel() on ptolemy.moml.MoMLSimpleApplication@665d0b29
----------------- Done invoking toplevel() on ptolemy.moml.MoMLSimpleApplication@665d0b29
reloadAllAccessors: .Default5

===========================================================================================
----------------- testing Tue May 26 14:28:50 UTC 2020 /home/travis/build/icyphy/ptII/ptolemy/domains/modal/test/auto/EmptyGuard.xml
----------------- Instantiating /home/travis/build/icyphy/ptII/ptolemy/domains/modal/test/auto/EmptyGuard.xml
13 ms. Memory: 217088K Free: 114326K (53%)
----------------- Invoking toplevel() on ptolemy.moml.MoMLSimpleApplication@7aa96454
----------------- Done invoking toplevel() on ptolemy.moml.MoMLSimpleApplication@7aa96454
reloadAllAccessors: .EmptyGuard

===========================================================================================
----------------- testing Tue May 26 14:28:50 UTC 2020 /home/travis/build/icyphy/ptII/ptolemy/domains/modal/test/auto/ErrorTransition1.xml
----------------- Instantiating /home/travis/build/icyphy/ptII/ptolemy/domains/modal/test/auto/ErrorTransition1.xml
9 ms. Memory: 217088K Free: 105631K (49%)
----------------- Invoking toplevel() on ptolemy.moml.MoMLSimpleApplication@7db72452
----------------- Done invoking toplevel() on ptolemy.moml.MoMLSimpleApplication@7db72452
reloadAllAccessors: .ErrorTransition1

===========================================================================================
----------------- testing Tue May 26 14:28:50 UTC 2020 /home/travis/build/icyphy/ptII/ptolemy/domains/modal/test/auto/ErrorTransition10.xml
----------------- Instantiating /home/travis/build/icyphy/ptII/ptolemy/domains/modal/test/auto/ErrorTransition10.xml
12 ms. Memory: 217088K Free: 92319K (43%)
----------------- Invoking toplevel() on ptolemy.moml.MoMLSimpleApplication@2edfe253
----------------- Done invoking toplevel() on ptolemy.moml.MoMLSimpleApplication@2edfe253
reloadAllAccessors: .ErrorTransition10

===========================================================================================
----------------- testing Tue May 26 14:28:50 UTC 2020 /home/travis/build/icyphy/ptII/ptolemy/domains/modal/test/auto/ErrorTransition11.xml
----------------- Instantiating /home/travis/build/icyphy/ptII/ptolemy/domains/modal/test/auto/ErrorTransition11.xml
3 ms. Memory: 217088K Free: 81055K (37%)
----------------- Invoking toplevel() on ptolemy.moml.MoMLSimpleApplication@606a4f2
----------------- Done invoking toplevel() on ptolemy.moml.MoMLSimpleApplication@606a4f2
reloadAllAccessors: .ErrorTransition11

===========================================================================================
----------------- testing Tue May 26 14:28:50 UTC 2020 /home/travis/build/icyphy/ptII/ptolemy/domains/modal/test/auto/ErrorTransition2.xml
----------------- Instantiating /home/travis/build/icyphy/ptII/ptolemy/domains/modal/test/auto/ErrorTransition2.xml
32 ms. Memory: 217088K Free: 196253K (90%)
----------------- Invoking toplevel() on ptolemy.moml.MoMLSimpleApplication@3f1e9018
----------------- Done invoking toplevel() on ptolemy.moml.MoMLSimpleApplication@3f1e9018
reloadAllAccessors: .ErrorTransition2

===========================================================================================
----------------- testing Tue May 26 14:28:50 UTC 2020 /home/travis/build/icyphy/ptII/ptolemy/domains/modal/test/auto/ErrorTransition3.xml
----------------- Instantiating /home/travis/build/icyphy/ptII/ptolemy/domains/modal/test/auto/ErrorTransition3.xml
19 ms. Memory: 217088K Free: 186013K (86%)
----------------- Invoking toplevel() on ptolemy.moml.MoMLSimpleApplication@6d6ae9bf
----------------- Done invoking toplevel() on ptolemy.moml.MoMLSimpleApplication@6d6ae9bf
reloadAllAccessors: .ErrorTransition3

===========================================================================================
----------------- testing Tue May 26 14:28:50 UTC 2020 /home/travis/build/icyphy/ptII/ptolemy/domains/modal/test/auto/ErrorTransition4.xml
----------------- Instantiating /home/travis/build/icyphy/ptII/ptolemy/domains/modal/test/auto/ErrorTransition4.xml
6 ms. Memory: 217088K Free: 174734K (80%)
----------------- Invoking toplevel() on ptolemy.moml.MoMLSimpleApplication@4dce3916
----------------- Done invoking toplevel() on ptolemy.moml.MoMLSimpleApplication@4dce3916
reloadAllAccessors: .ErrorTransition4

===========================================================================================
----------------- testing Tue May 26 14:28:50 UTC 2020 /home/travis/build/icyphy/ptII/ptolemy/domains/modal/test/auto/ErrorTransition5.xml
----------------- Instantiating /home/travis/build/icyphy/ptII/ptolemy/domains/modal/test/auto/ErrorTransition5.xml
4 ms. Memory: 217088K Free: 164494K (76%)
----------------- Invoking toplevel() on ptolemy.moml.MoMLSimpleApplication@459886e0
----------------- Done invoking toplevel() on ptolemy.moml.MoMLSimpleApplication@459886e0
reloadAllAccessors: .ErrorTransition5

===========================================================================================
----------------- testing Tue May 26 14:28:50 UTC 2020 /home/travis/build/icyphy/ptII/ptolemy/domains/modal/test/auto/ErrorTransition6.xml
----------------- Instantiating /home/travis/build/icyphy/ptII/ptolemy/domains/modal/test/auto/ErrorTransition6.xml
7 ms. Memory: 217088K Free: 153759K (71%)
----------------- Invoking toplevel() on ptolemy.moml.MoMLSimpleApplication@6c357fae
----------------- Done invoking toplevel() on ptolemy.moml.MoMLSimpleApplication@6c357fae
reloadAllAccessors: .ErrorTransition6

===========================================================================================
----------------- testing Tue May 26 14:28:50 UTC 2020 /home/travis/build/icyphy/ptII/ptolemy/domains/modal/test/auto/ErrorTransition7.xml
----------------- Instantiating /home/travis/build/icyphy/ptII/ptolemy/domains/modal/test/auto/ErrorTransition7.xml
14 ms. Memory: 217088K Free: 140950K (65%)
----------------- Invoking toplevel() on ptolemy.moml.MoMLSimpleApplication@4249be51
----------------- Done invoking toplevel() on ptolemy.moml.MoMLSimpleApplication@4249be51
reloadAllAccessors: .ErrorTransition7

===========================================================================================
----------------- testing Tue May 26 14:28:50 UTC 2020 /home/travis/build/icyphy/ptII/ptolemy/domains/modal/test/auto/ErrorTransition8.xml
----------------- Instantiating /home/travis/build/icyphy/ptII/ptolemy/domains/modal/test/auto/ErrorTransition8.xml
26 ms. Memory: 217088K Free: 127645K (59%)
----------------- Invoking toplevel() on ptolemy.moml.MoMLSimpleApplication@2781f0ed
----------------- Done invoking toplevel() on ptolemy.moml.MoMLSimpleApplication@2781f0ed
reloadAllAccessors: .ErrorTransition8

===========================================================================================
----------------- testing Tue May 26 14:28:50 UTC 2020 /home/travis/build/icyphy/ptII/ptolemy/domains/modal/test/auto/ErrorTransition9.xml
----------------- Instantiating /home/travis/build/icyphy/ptII/ptolemy/domains/modal/test/auto/ErrorTransition9.xml
15 ms. Memory: 217088K Free: 114318K (53%)
----------------- Invoking toplevel() on ptolemy.moml.MoMLSimpleApplication@53b109f6
----------------- Done invoking toplevel() on ptolemy.moml.MoMLSimpleApplication@53b109f6
reloadAllAccessors: .ErrorTransition9

===========================================================================================
----------------- testing Tue May 26 14:28:50 UTC 2020 /home/travis/build/icyphy/ptII/ptolemy/domains/modal/test/auto/ExtendedFSM.xml
----------------- Instantiating /home/travis/build/icyphy/ptII/ptolemy/domains/modal/test/auto/ExtendedFSM.xml
4 ms. Memory: 217088K Free: 105631K (49%)
----------------- Invoking toplevel() on ptolemy.moml.MoMLSimpleApplication@6930a5c8
----------------- Done invoking toplevel() on ptolemy.moml.MoMLSimpleApplication@6930a5c8
reloadAllAccessors: .ExtendedFSM

===========================================================================================
----------------- testing Tue May 26 14:28:50 UTC 2020 /home/travis/build/icyphy/ptII/ptolemy/domains/modal/test/auto/FinalStates.xml
----------------- Instantiating /home/travis/build/icyphy/ptII/ptolemy/domains/modal/test/auto/FinalStates.xml
6 ms. Memory: 217088K Free: 97934K (45%)
----------------- Invoking toplevel() on ptolemy.moml.MoMLSimpleApplication@516ef3da
----------------- Done invoking toplevel() on ptolemy.moml.MoMLSimpleApplication@516ef3da
reloadAllAccessors: .FinalStates

===========================================================================================
----------------- testing Tue May 26 14:28:50 UTC 2020 /home/travis/build/icyphy/ptII/ptolemy/domains/modal/test/auto/FixedPointFSM.xml
----------------- Instantiating /home/travis/build/icyphy/ptII/ptolemy/domains/modal/test/auto/FixedPointFSM.xml
17 ms. Memory: 217088K Free: 83103K (38%)
----------------- Invoking toplevel() on ptolemy.moml.MoMLSimpleApplication@42b4dab7
----------------- Done invoking toplevel() on ptolemy.moml.MoMLSimpleApplication@42b4dab7
reloadAllAccessors: .FixedPointFSM

===========================================================================================
----------------- testing Tue May 26 14:28:50 UTC 2020 /home/travis/build/icyphy/ptII/ptolemy/domains/modal/test/auto/FixedPointIterationFSMActor.xml
----------------- Instantiating /home/travis/build/icyphy/ptII/ptolemy/domains/modal/test/auto/FixedPointIterationFSMActor.xml
20 ms. Memory: 278528K Free: 257327K (92%)
----------------- Invoking toplevel() on ptolemy.moml.MoMLSimpleApplication@498cc207
----------------- Done invoking toplevel() on ptolemy.moml.MoMLSimpleApplication@498cc207
reloadAllAccessors: .FixedPointIterationFSMActor

===========================================================================================
----------------- testing Tue May 26 14:28:50 UTC 2020 /home/travis/build/icyphy/ptII/ptolemy/domains/modal/test/auto/FixedPointIterationFSMActor2.xml
----------------- Instantiating /home/travis/build/icyphy/ptII/ptolemy/domains/modal/test/auto/FixedPointIterationFSMActor2.xml
11 ms. Memory: 278528K Free: 244383K (88%)
----------------- Invoking toplevel() on ptolemy.moml.MoMLSimpleApplication@626dccbd
----------------- Done invoking toplevel() on ptolemy.moml.MoMLSimpleApplication@626dccbd
reloadAllAccessors: .FixedPointIterationFSMActor2

===========================================================================================
----------------- testing Tue May 26 14:28:50 UTC 2020 /home/travis/build/icyphy/ptII/ptolemy/domains/modal/test/auto/ForbiddenInstantanousLoop.xml
----------------- Instantiating /home/travis/build/icyphy/ptII/ptolemy/domains/modal/test/auto/ForbiddenInstantanousLoop.xml
7 ms. Memory: 278528K Free: 232095K (83%)
----------------- Invoking toplevel() on ptolemy.moml.MoMLSimpleApplication@1d2f29c1
----------------- Done invoking toplevel() on ptolemy.moml.MoMLSimpleApplication@1d2f29c1
reloadAllAccessors: .ForbiddenInstantanousLoop

===========================================================================================
----------------- testing Tue May 26 14:28:50 UTC 2020 /home/travis/build/icyphy/ptII/ptolemy/domains/modal/test/auto/FunctionDependencyOfFSMActorTest.xml
----------------- Instantiating /home/travis/build/icyphy/ptII/ptolemy/domains/modal/test/auto/FunctionDependencyOfFSMActorTest.xml
13 ms. Memory: 278528K Free: 224927K (81%)
----------------- Invoking toplevel() on ptolemy.moml.MoMLSimpleApplication@68e10413
----------------- Done invoking toplevel() on ptolemy.moml.MoMLSimpleApplication@68e10413
reloadAllAccessors: .FunctionDependencyOfFSMActorTest

===========================================================================================
----------------- testing Tue May 26 14:28:50 UTC 2020 /home/travis/build/icyphy/ptII/ptolemy/domains/modal/test/auto/GuardExpression.xml
----------------- Instantiating /home/travis/build/icyphy/ptII/ptolemy/domains/modal/test/auto/GuardExpression.xml
1 ms. Memory: 278528K Free: 219807K (79%)
----------------- Invoking toplevel() on ptolemy.moml.MoMLSimpleApplication@3bfbe8d7
----------------- Done invoking toplevel() on ptolemy.moml.MoMLSimpleApplication@3bfbe8d7
reloadAllAccessors: .GuardExpression

===========================================================================================
----------------- testing Tue May 26 14:28:50 UTC 2020 /home/travis/build/icyphy/ptII/ptolemy/domains/modal/test/auto/GuardNotEvaluated.xml
----------------- Instantiating /home/travis/build/icyphy/ptII/ptolemy/domains/modal/test/auto/GuardNotEvaluated.xml
6 ms. Memory: 278528K Free: 211094K (76%)
----------------- Invoking toplevel() on ptolemy.moml.MoMLSimpleApplication@2f5124f3
----------------- Done invoking toplevel() on ptolemy.moml.MoMLSimpleApplication@2f5124f3
reloadAllAccessors: .GuardNotEvaluated

===========================================================================================
----------------- testing Tue May 26 14:28:50 UTC 2020 /home/travis/build/icyphy/ptII/ptolemy/domains/modal/test/auto/GuardNotEvaluated2.xml
----------------- Instantiating /home/travis/build/icyphy/ptII/ptolemy/domains/modal/test/auto/GuardNotEvaluated2.xml
8 ms. Memory: 278528K Free: 201375K (72%)
----------------- Invoking toplevel() on ptolemy.moml.MoMLSimpleApplication@50e77c9e
----------------- Done invoking toplevel() on ptolemy.moml.MoMLSimpleApplication@50e77c9e
reloadAllAccessors: .GuardNotEvaluated2

===========================================================================================
----------------- testing Tue May 26 14:28:50 UTC 2020 /home/travis/build/icyphy/ptII/ptolemy/domains/modal/test/auto/GuardOnAbsent.xml
----------------- Instantiating /home/travis/build/icyphy/ptII/ptolemy/domains/modal/test/auto/GuardOnAbsent.xml
7 ms. Memory: 278528K Free: 193662K (70%)
----------------- Invoking toplevel() on ptolemy.moml.MoMLSimpleApplication@cd96c1b
----------------- Done invoking toplevel() on ptolemy.moml.MoMLSimpleApplication@cd96c1b
reloadAllAccessors: .GuardOnAbsent

===========================================================================================
----------------- testing Tue May 26 14:28:50 UTC 2020 /home/travis/build/icyphy/ptII/ptolemy/domains/modal/test/auto/HierarchicalFSMTypeInference.xml
----------------- Instantiating /home/travis/build/icyphy/ptII/ptolemy/domains/modal/test/auto/HierarchicalFSMTypeInference.xml
4 ms. Memory: 278528K Free: 183453K (66%)
----------------- Invoking toplevel() on ptolemy.moml.MoMLSimpleApplication@4fb97084
----------------- Done invoking toplevel() on ptolemy.moml.MoMLSimpleApplication@4fb97084
reloadAllAccessors: .HierarchicalFSMTypeInference

===========================================================================================
----------------- testing Tue May 26 14:28:50 UTC 2020 /home/travis/build/icyphy/ptII/ptolemy/domains/modal/test/auto/Hysteresis.xml
----------------- Instantiating /home/travis/build/icyphy/ptII/ptolemy/domains/modal/test/auto/Hysteresis.xml
11 ms. Memory: 278528K Free: 170126K (61%)
----------------- Invoking toplevel() on ptolemy.moml.MoMLSimpleApplication@745fe90
----------------- Done invoking toplevel() on ptolemy.moml.MoMLSimpleApplication@745fe90
reloadAllAccessors: .Hysteresis

===========================================================================================
----------------- testing Tue May 26 14:28:50 UTC 2020 /home/travis/build/icyphy/ptII/ptolemy/domains/modal/test/auto/HysteresisWithDefault.xml
----------------- Instantiating /home/travis/build/icyphy/ptII/ptolemy/domains/modal/test/auto/HysteresisWithDefault.xml
33 ms. Memory: 278528K Free: 147103K (53%)
----------------- Invoking toplevel() on ptolemy.moml.MoMLSimpleApplication@768ea6c9
----------------- Done invoking toplevel() on ptolemy.moml.MoMLSimpleApplication@768ea6c9
reloadAllAccessors: .HysteresisWithDefault

===========================================================================================
----------------- testing Tue May 26 14:28:51 UTC 2020 /home/travis/build/icyphy/ptII/ptolemy/domains/modal/test/auto/HysteresisWithDefault2.xml
----------------- Instantiating /home/travis/build/icyphy/ptII/ptolemy/domains/modal/test/auto/HysteresisWithDefault2.xml
38 ms. Memory: 278528K Free: 117407K (42%)
----------------- Invoking toplevel() on ptolemy.moml.MoMLSimpleApplication@5beb7593
----------------- Done invoking toplevel() on ptolemy.moml.MoMLSimpleApplication@5beb7593
reloadAllAccessors: .HysteresisWithDefault2

===========================================================================================
----------------- testing Tue May 26 14:28:51 UTC 2020 /home/travis/build/icyphy/ptII/ptolemy/domains/modal/test/auto/ImmediateNonConstructiveness.xml
----------------- Instantiating /home/travis/build/icyphy/ptII/ptolemy/domains/modal/test/auto/ImmediateNonConstructiveness.xml
2 ms. Memory: 278528K Free: 110239K (40%)
----------------- Invoking toplevel() on ptolemy.moml.MoMLSimpleApplication@27650f9a
----------------- Done invoking toplevel() on ptolemy.moml.MoMLSimpleApplication@27650f9a
reloadAllAccessors: .ImmediateNonConstructiveness

===========================================================================================
----------------- testing Tue May 26 14:28:51 UTC 2020 /home/travis/build/icyphy/ptII/ptolemy/domains/modal/test/auto/ImmediateNonConstructiveness2.xml
----------------- Instantiating /home/travis/build/icyphy/ptII/ptolemy/domains/modal/test/auto/ImmediateNonConstructiveness2.xml
2 ms. Memory: 278528K Free: 103581K (37%)
----------------- Invoking toplevel() on ptolemy.moml.MoMLSimpleApplication@1ae4a156
----------------- Done invoking toplevel() on ptolemy.moml.MoMLSimpleApplication@1ae4a156
reloadAllAccessors: .ImmediateNonConstructiveness2

===========================================================================================
----------------- testing Tue May 26 14:28:51 UTC 2020 /home/travis/build/icyphy/ptII/ptolemy/domains/modal/test/auto/ImmediateTransitionReset.xml
----------------- Instantiating /home/travis/build/icyphy/ptII/ptolemy/domains/modal/test/auto/ImmediateTransitionReset.xml
6 ms. Memory: 278528K Free: 252027K (90%)
----------------- Invoking toplevel() on ptolemy.moml.MoMLSimpleApplication@4c897a47
----------------- Done invoking toplevel() on ptolemy.moml.MoMLSimpleApplication@4c897a47
reloadAllAccessors: .ImmediateTransitionReset

===========================================================================================
----------------- testing Tue May 26 14:28:51 UTC 2020 /home/travis/build/icyphy/ptII/ptolemy/domains/modal/test/auto/ImmediateTransitions1.xml
----------------- Instantiating /home/travis/build/icyphy/ptII/ptolemy/domains/modal/test/auto/ImmediateTransitions1.xml
1 ms. Memory: 278528K Free: 246431K (88%)
----------------- Invoking toplevel() on ptolemy.moml.MoMLSimpleApplication@3d53805f
----------------- Done invoking toplevel() on ptolemy.moml.MoMLSimpleApplication@3d53805f
reloadAllAccessors: .ImmediateTransitions1

===========================================================================================
----------------- testing Tue May 26 14:28:51 UTC 2020 /home/travis/build/icyphy/ptII/ptolemy/domains/modal/test/auto/ImmediateTransitionsInstantaneousCommunication.xml
----------------- Instantiating /home/travis/build/icyphy/ptII/ptolemy/domains/modal/test/auto/ImmediateTransitionsInstantaneousCommunication.xml
3 ms. Memory: 278528K Free: 234143K (84%)
----------------- Invoking toplevel() on ptolemy.moml.MoMLSimpleApplication@262ae752
----------------- Done invoking toplevel() on ptolemy.moml.MoMLSimpleApplication@262ae752
reloadAllAccessors: .ImmediateTransitionsInstantaneousCommunication

===========================================================================================
----------------- testing Tue May 26 14:28:51 UTC 2020 /home/travis/build/icyphy/ptII/ptolemy/domains/modal/test/auto/InitialImmediateTransition.xml
----------------- Instantiating /home/travis/build/icyphy/ptII/ptolemy/domains/modal/test/auto/InitialImmediateTransition.xml
3 ms. Memory: 278528K Free: 226975K (81%)
----------------- Invoking toplevel() on ptolemy.moml.MoMLSimpleApplication@667266df
----------------- Done invoking toplevel() on ptolemy.moml.MoMLSimpleApplication@667266df
reloadAllAccessors: .InitialImmediateTransition

===========================================================================================
----------------- testing Tue May 26 14:28:51 UTC 2020 /home/travis/build/icyphy/ptII/ptolemy/domains/modal/test/auto/InitialOutputs.xml
----------------- Instantiating /home/travis/build/icyphy/ptII/ptolemy/domains/modal/test/auto/InitialOutputs.xml
3 ms. Memory: 278528K Free: 220831K (79%)
----------------- Invoking toplevel() on ptolemy.moml.MoMLSimpleApplication@11a061f5
----------------- Done invoking toplevel() on ptolemy.moml.MoMLSimpleApplication@11a061f5
reloadAllAccessors: .InitialOutputs

===========================================================================================
----------------- testing Tue May 26 14:28:51 UTC 2020 /home/travis/build/icyphy/ptII/ptolemy/domains/modal/test/auto/InitialStateTransition1.xml
----------------- Instantiating /home/travis/build/icyphy/ptII/ptolemy/domains/modal/test/auto/InitialStateTransition1.xml
2 ms. Memory: 278528K Free: 213663K (77%)
----------------- Invoking toplevel() on ptolemy.moml.MoMLSimpleApplication@5266be8f
----------------- Done invoking toplevel() on ptolemy.moml.MoMLSimpleApplication@5266be8f
reloadAllAccessors: .InitialStateTransition1

===========================================================================================
----------------- testing Tue May 26 14:28:51 UTC 2020 /home/travis/build/icyphy/ptII/ptolemy/domains/modal/test/auto/InitialStateTransition2.xml
----------------- Instantiating /home/travis/build/icyphy/ptII/ptolemy/domains/modal/test/auto/InitialStateTransition2.xml
.InitialStateTransition2.TestExceptionAttributeNonConstructive: initialize() was not invoked, but wrapup() was.  This is unusual, but not always a problem.  For example, exporting JNLP will do this.
3 ms. Memory: 278528K Free: 206495K (74%)
----------------- Invoking toplevel() on ptolemy.moml.MoMLSimpleApplication@58c4819b
----------------- Done invoking toplevel() on ptolemy.moml.MoMLSimpleApplication@58c4819b
reloadAllAccessors: .InitialStateTransition2

===========================================================================================
----------------- testing Tue May 26 14:28:51 UTC 2020 /home/travis/build/icyphy/ptII/ptolemy/domains/modal/test/auto/InitialStateTransition3.xml
----------------- Instantiating /home/travis/build/icyphy/ptII/ptolemy/domains/modal/test/auto/InitialStateTransition3.xml
3 ms. Memory: 278528K Free: 197789K (71%)
----------------- Invoking toplevel() on ptolemy.moml.MoMLSimpleApplication@4566a0cb
----------------- Done invoking toplevel() on ptolemy.moml.MoMLSimpleApplication@4566a0cb
reloadAllAccessors: .InitialStateTransition3

===========================================================================================
----------------- testing Tue May 26 14:28:51 UTC 2020 /home/travis/build/icyphy/ptII/ptolemy/domains/modal/test/auto/InitialStateTransition4.xml
----------------- Instantiating /home/travis/build/icyphy/ptII/ptolemy/domains/modal/test/auto/InitialStateTransition4.xml
4 ms. Memory: 278528K Free: 188063K (68%)
----------------- Invoking toplevel() on ptolemy.moml.MoMLSimpleApplication@7c5e79d7
----------------- Done invoking toplevel() on ptolemy.moml.MoMLSimpleApplication@7c5e79d7
[...]
reloadAllAccessors: .TerminationTransition3

===========================================================================================
----------------- testing Tue May 26 14:28:52 UTC 2020 /home/travis/build/icyphy/ptII/ptolemy/domains/modal/test/auto/TerminationTransition4.xml
----------------- Instantiating /home/travis/build/icyphy/ptII/ptolemy/domains/modal/test/auto/TerminationTransition4.xml
5 ms. Memory: 334848K Free: 139105K (42%)
----------------- Invoking toplevel() on ptolemy.moml.MoMLSimpleApplication@aeaee6d
----------------- Done invoking toplevel() on ptolemy.moml.MoMLSimpleApplication@aeaee6d
reloadAllAccessors: .TerminationTransition4

===========================================================================================
----------------- testing Tue May 26 14:28:53 UTC 2020 /home/travis/build/icyphy/ptII/ptolemy/domains/modal/test/auto/TerminationTransition5.xml
----------------- Instantiating /home/travis/build/icyphy/ptII/ptolemy/domains/modal/test/auto/TerminationTransition5.xml
2 ms. Memory: 334848K Free: 125279K (37%)
----------------- Invoking toplevel() on ptolemy.moml.MoMLSimpleApplication@727ee446
----------------- Done invoking toplevel() on ptolemy.moml.MoMLSimpleApplication@727ee446
reloadAllAccessors: .TerminationTransition5

===========================================================================================
----------------- testing Tue May 26 14:28:53 UTC 2020 /home/travis/build/icyphy/ptII/ptolemy/domains/modal/test/auto/TerminationTransition6.xml
----------------- Instantiating /home/travis/build/icyphy/ptII/ptolemy/domains/modal/test/auto/TerminationTransition6.xml
1 ms. Memory: 334848K Free: 310736K (93%)
----------------- Invoking toplevel() on ptolemy.moml.MoMLSimpleApplication@3c20e1e0
----------------- Done invoking toplevel() on ptolemy.moml.MoMLSimpleApplication@3c20e1e0
reloadAllAccessors: .TerminationTransition6

===========================================================================================
----------------- testing Tue May 26 14:28:53 UTC 2020 /home/travis/build/icyphy/ptII/ptolemy/domains/modal/test/auto/TerminationTransition7.xml
----------------- Instantiating /home/travis/build/icyphy/ptII/ptolemy/domains/modal/test/auto/TerminationTransition7.xml
2 ms. Memory: 334848K Free: 301311K (90%)
----------------- Invoking toplevel() on ptolemy.moml.MoMLSimpleApplication@50e52888
----------------- Done invoking toplevel() on ptolemy.moml.MoMLSimpleApplication@50e52888
reloadAllAccessors: .TerminationTransition7

===========================================================================================
----------------- testing Tue May 26 14:28:53 UTC 2020 /home/travis/build/icyphy/ptII/ptolemy/domains/modal/test/auto/TerminationTransition8.xml
----------------- Instantiating /home/travis/build/icyphy/ptII/ptolemy/domains/modal/test/auto/TerminationTransition8.xml
2 ms. Memory: 334848K Free: 291581K (87%)
----------------- Invoking toplevel() on ptolemy.moml.MoMLSimpleApplication@4f6d8534
----------------- Done invoking toplevel() on ptolemy.moml.MoMLSimpleApplication@4f6d8534
reloadAllAccessors: .TerminationTransition8

===========================================================================================
----------------- testing Tue May 26 14:28:53 UTC 2020 /home/travis/build/icyphy/ptII/ptolemy/domains/modal/test/auto/Thermostat_NoHysteresis.xml
----------------- Instantiating /home/travis/build/icyphy/ptII/ptolemy/domains/modal/test/auto/Thermostat_NoHysteresis.xml
21 ms. Memory: 334848K Free: 266998K (80%)
----------------- Invoking toplevel() on ptolemy.moml.MoMLSimpleApplication@2c29ef5f
----------------- Done invoking toplevel() on ptolemy.moml.MoMLSimpleApplication@2c29ef5f
reloadAllAccessors: .Thermostat_NoHysteresis

===========================================================================================
----------------- testing Tue May 26 14:28:53 UTC 2020 /home/travis/build/icyphy/ptII/ptolemy/domains/modal/test/auto/TimedFSM.xml
----------------- Instantiating /home/travis/build/icyphy/ptII/ptolemy/domains/modal/test/auto/TimedFSM.xml
7 ms. Memory: 334848K Free: 255231K (76%)
----------------- Invoking toplevel() on ptolemy.moml.MoMLSimpleApplication@11e7aca1
----------------- Done invoking toplevel() on ptolemy.moml.MoMLSimpleApplication@11e7aca1
reloadAllAccessors: .TimedFSM

===========================================================================================
----------------- testing Tue May 26 14:28:53 UTC 2020 /home/travis/build/icyphy/ptII/ptolemy/domains/modal/test/auto/Timeout1.xml
----------------- Instantiating /home/travis/build/icyphy/ptII/ptolemy/domains/modal/test/auto/Timeout1.xml
3 ms. Memory: 334848K Free: 249582K (75%)
----------------- Invoking toplevel() on ptolemy.moml.MoMLSimpleApplication@355301a1
----------------- Done invoking toplevel() on ptolemy.moml.MoMLSimpleApplication@355301a1
reloadAllAccessors: .Timeout1

===========================================================================================
----------------- testing Tue May 26 14:28:53 UTC 2020 /home/travis/build/icyphy/ptII/ptolemy/domains/modal/test/auto/Timeout2.xml
----------------- Instantiating /home/travis/build/icyphy/ptII/ptolemy/domains/modal/test/auto/Timeout2.xml
5 ms. Memory: 334848K Free: 240895K (72%)
----------------- Invoking toplevel() on ptolemy.moml.MoMLSimpleApplication@7cb409a5
----------------- Done invoking toplevel() on ptolemy.moml.MoMLSimpleApplication@7cb409a5
reloadAllAccessors: .Timeout2

===========================================================================================
----------------- testing Tue May 26 14:28:53 UTC 2020 /home/travis/build/icyphy/ptII/ptolemy/domains/modal/test/auto/Timeout3.xml
----------------- Instantiating /home/travis/build/icyphy/ptII/ptolemy/domains/modal/test/auto/Timeout3.xml
2 ms. Memory: 334848K Free: 235775K (70%)
----------------- Invoking toplevel() on ptolemy.moml.MoMLSimpleApplication@681ecd15
----------------- Done invoking toplevel() on ptolemy.moml.MoMLSimpleApplication@681ecd15
reloadAllAccessors: .Timeout3

===========================================================================================
----------------- testing Tue May 26 14:28:53 UTC 2020 /home/travis/build/icyphy/ptII/ptolemy/domains/modal/test/auto/Timeout4.xml
----------------- Instantiating /home/travis/build/icyphy/ptII/ptolemy/domains/modal/test/auto/Timeout4.xml
2 ms. Memory: 334848K Free: 230655K (69%)
----------------- Invoking toplevel() on ptolemy.moml.MoMLSimpleApplication@418a33fa
----------------- Done invoking toplevel() on ptolemy.moml.MoMLSimpleApplication@418a33fa
reloadAllAccessors: .Timeout4

===========================================================================================
----------------- testing Tue May 26 14:28:53 UTC 2020 /home/travis/build/icyphy/ptII/ptolemy/domains/modal/test/auto/TransientstateModelAdvanced.xml
----------------- Instantiating /home/travis/build/icyphy/ptII/ptolemy/domains/modal/test/auto/TransientstateModelAdvanced.xml
3 ms. Memory: 334848K Free: 218367K (65%)
----------------- Invoking toplevel() on ptolemy.moml.MoMLSimpleApplication@1781ed09
----------------- Done invoking toplevel() on ptolemy.moml.MoMLSimpleApplication@1781ed09
reloadAllAccessors: .TransientstateModelAdvanced

===========================================================================================
----------------- testing Tue May 26 14:28:53 UTC 2020 /home/travis/build/icyphy/ptII/ptolemy/domains/modal/test/auto/TransientstateModelAdvanced2.xml
----------------- Instantiating /home/travis/build/icyphy/ptII/ptolemy/domains/modal/test/auto/TransientstateModelAdvanced2.xml
3 ms. Memory: 334848K Free: 204031K (61%)
----------------- Invoking toplevel() on ptolemy.moml.MoMLSimpleApplication@6f8aaff0
----------------- Done invoking toplevel() on ptolemy.moml.MoMLSimpleApplication@6f8aaff0
reloadAllAccessors: .transientstatemodelAdvanced

===========================================================================================
----------------- testing Tue May 26 14:28:53 UTC 2020 /home/travis/build/icyphy/ptII/ptolemy/domains/modal/test/auto/TransitionRefinements.xml
----------------- Instantiating /home/travis/build/icyphy/ptII/ptolemy/domains/modal/test/auto/TransitionRefinements.xml
5 ms. Memory: 334848K Free: 194286K (58%)
----------------- Invoking toplevel() on ptolemy.moml.MoMLSimpleApplication@332cefd7
----------------- Done invoking toplevel() on ptolemy.moml.MoMLSimpleApplication@332cefd7
reloadAllAccessors: .TransitionRefinements

===========================================================================================
----------------- testing Tue May 26 14:28:53 UTC 2020 /home/travis/build/icyphy/ptII/ptolemy/domains/modal/test/auto/TwoRefinements1.xml
----------------- Instantiating /home/travis/build/icyphy/ptII/ptolemy/domains/modal/test/auto/TwoRefinements1.xml
2 ms. Memory: 334848K Free: 184061K (55%)
----------------- Invoking toplevel() on ptolemy.moml.MoMLSimpleApplication@5fafd6e3
----------------- Done invoking toplevel() on ptolemy.moml.MoMLSimpleApplication@5fafd6e3
reloadAllAccessors: .TwoRefinements1

===========================================================================================
----------------- testing Tue May 26 14:28:53 UTC 2020 /home/travis/build/icyphy/ptII/ptolemy/domains/modal/test/auto/TwoRefinements2.xml
----------------- Instantiating /home/travis/build/icyphy/ptII/ptolemy/domains/modal/test/auto/TwoRefinements2.xml
3 ms. Memory: 334848K Free: 174335K (52%)
----------------- Invoking toplevel() on ptolemy.moml.MoMLSimpleApplication@3fa87c50
----------------- Done invoking toplevel() on ptolemy.moml.MoMLSimpleApplication@3fa87c50
reloadAllAccessors: .TwoRefinements2

===========================================================================================
----------------- testing Tue May 26 14:28:53 UTC 2020 /home/travis/build/icyphy/ptII/ptolemy/domains/modal/test/auto/WeakImmediateTransition.xml
----------------- Instantiating /home/travis/build/icyphy/ptII/ptolemy/domains/modal/test/auto/WeakImmediateTransition.xml
2 ms. Memory: 334848K Free: 165629K (49%)
----------------- Invoking toplevel() on ptolemy.moml.MoMLSimpleApplication@545c4222
----------------- Done invoking toplevel() on ptolemy.moml.MoMLSimpleApplication@545c4222
reloadAllAccessors: .WeakImmediateTransition

===========================================================================================
----------------- testing Tue May 26 14:28:53 UTC 2020 /home/travis/build/icyphy/ptII/ptolemy/domains/modal/test/auto/booleanSelect.xml
----------------- Instantiating /home/travis/build/icyphy/ptII/ptolemy/domains/modal/test/auto/booleanSelect.xml
25 ms. Memory: 334848K Free: 147197K (44%)
----------------- Invoking toplevel() on ptolemy.moml.MoMLSimpleApplication@6433f57d
----------------- Done invoking toplevel() on ptolemy.moml.MoMLSimpleApplication@6433f57d
reloadAllAccessors: .booleanSelect

===========================================================================================
----------------- testing Tue May 26 14:28:53 UTC 2020 /home/travis/build/icyphy/ptII/ptolemy/domains/modal/test/auto/modalChangingParams.xml
----------------- Instantiating /home/travis/build/icyphy/ptII/ptolemy/domains/modal/test/auto/modalChangingParams.xml
0
1
0
2
4
6
8
7
0
2
4
6
8
13
0
2
4
6
8
19
0
2
4
6
8
25
0
2
4
6
8
31
0
2
4
6
8
37
0
2
4
6
8
43
0
2
4
6
8
49
0
2
4
6
8
55
0
2
4
6
8
61
0
2
4
6
8
67
0
2
4
6
8
73
0
2
4
6
8
79
0
2
4
6
8
85
0
2
4
6
8
91
0
2
4
6
8
97
0
2
4
6
8
103
0
2
4
6
8
109
0
2
4
6
8
115
0
2
4
6
8
121
0
2
4
6
8
127
0
2
4
6
8
133
0
2
4
6
8
139
0
2
4
6
8
145
0
2
4
6
8
151
0
2
4
6
8
157
0
2
4
6
8
163
0
2
4
6
8
169
0
2
4
6
8
175
0
2
4
6
8
181
0
2
4
6
8
187
0
2
4
6
8
193
0
2
4
6
8
199
0
2
4
6
8
205
0
2
4
6
8
211
0
2
4
6
8
217
0
2
4
6
8
223
0
2
4
6
8
229
0
2
4
6
8
235
0
2
4
6
8
241
0
2
4
6
8
247
0
2
4
6
8
253
0
2
4
6
8
259
0
2
4
6
8
265
0
2
4
6
8
271
0
2
4
6
8
277
0
2
4
6
8
283
0
2
4
6
8
289
0
2
4
6
8
295
0
2
4
6
8
301
0
2
4
6
8
307
0
2
4
6
8
313
0
2
4
6
8
319
0
2
4
6
8
325
0
2
4
6
8
331
0
2
4
6
8
337
0
2
4
6
8
343
0
2
4
6
8
349
0
2
4
6
8
355
0
2
4
6
8
361
0
2
4
6
8
367
0
2
4
6
8
373
0
2
4
6
8
379
0
2
4
6
8
385
0
2
4
6
8
391
0
2
4
6
8
397
0
2
4
6
8
403
0
2
4
6
8
409
0
2
4
6
8
415
0
2
4
6
8
421
0
2
4
6
8
427
0
2
4
6
8
433
0
2
4
6
8
439
0
2
4
6
8
445
0
2
4
6
8
451
0
2
4
6
8
457
0
2
4
6
8
463
0
2
4
6
8
469
0
2
4
6
8
475
0
2
4
6
8
481
0
2
4
6
8
487
0
2
4
6
8
493
0
2
4
6
8
499
0
2
4
6
8
505
0
2
4
6
8
511
0
2
4
6
8
517
0
2
4
6
8
523
0
2
4
6
8
529
0
2
4
6
8
535
0
2
4
6
8
541
0
2
4
6
8
547
0
2
4
6
8
553
0
2
4
6
8
559
0
2
4
6
8
565
0
2
4
6
8
571
0
2
4
6
8
577
0
2
4
6
8
583
0
2
4
6
8
589
0
2
4
6
8
595
0
2
4
6
8
601
0
2
4
6
8
607
0
2
4
6
8
613
0
2
4
6
8
619
0
2
4
6
8
625
0
2
4
6
8
631
0
2
4
6
8
637
0
2
4
6
8
643
0
2
4
6
8
649
0
2
4
6
8
655
0
2
4
6
8
661
0
2
4
6
8
667
0
2
4
6
8
673
0
2
4
6
8
679
0
2
4
6
8
685
0
2
4
6
8
691
0
2
4
6
8
697
0
2
4
6
8
703
0
2
4
6
8
709
0
2
4
6
8
715
0
2
4
6
8
721
0
2
4
6
8
727
0
2
4
6
8
733
0
2
4
6
8
739
0
2
4
6
8
745
0
2
4
6
8
751
0
2
4
6
8
757
0
2
4
6
8
763
0
2
4
6
8
769
0
2
4
6
8
775
0
2
4
6
8
781
0
2
4
6
8
787
0
2
4
6
8
793
0
2
4
6
8
799
0
2
4
6
8
805
0
2
4
6
8
811
0
2
4
6
8
817
0
2
4
6
8
823
0
2
4
6
8
829
0
2
4
6
8
835
0
2
4
6
8
841
0
2
4
6
8
847
0
2
4
6
8
853
0
2
4
6
8
859
0
2
4
6
8
865
0
2
4
6
8
871
0
2
4
6
8
877
0
2
4
6
8
883
0
2
4
6
8
889
0
2
4
6
8
895
0
2
4
6
8
901
0
2
4
6
8
907
0
2
4
6
8
913
0
2
4
6
8
919
0
2
4
6
8
925
0
2
4
6
8
931
0
2
4
6
8
937
0
2
4
6
8
943
0
2
4
6
8
949
0
2
4
6
8
955
0
2
4
6
8
961
0
2
4
6
8
967
0
2
4
6
8
973
0
2
4
6
8
979
0
2
4
6
8
985
0
2
4
6
8
991
0
2
4
6
8
997
0
2
223 ms. Memory: 334848K Free: 228892K (68%)
----------------- Invoking toplevel() on ptolemy.moml.MoMLSimpleApplication@d61100
----------------- Done invoking toplevel() on ptolemy.moml.MoMLSimpleApplication@d61100
reloadAllAccessors: .modalChangingParams

===========================================================================================
----------------- testing Tue May 26 14:28:53 UTC 2020 /home/travis/build/icyphy/ptII/ptolemy/domains/modal/test/auto/modalModel.xml
----------------- Instantiating /home/travis/build/icyphy/ptII/ptolemy/domains/modal/test/auto/modalModel.xml
5 ms. Memory: 334848K Free: 220072K (66%)
----------------- Invoking toplevel() on ptolemy.moml.MoMLSimpleApplication@345c9cff
----------------- Done invoking toplevel() on ptolemy.moml.MoMLSimpleApplication@345c9cff
reloadAllAccessors: .modalModel

===========================================================================================
----------------- testing Tue May 26 14:28:53 UTC 2020 /home/travis/build/icyphy/ptII/ptolemy/domains/modal/test/auto/modalModel2.xml
----------------- Instantiating /home/travis/build/icyphy/ptII/ptolemy/domains/modal/test/auto/modalModel2.xml
6 ms. Memory: 334848K Free: 209336K (63%)
----------------- Invoking toplevel() on ptolemy.moml.MoMLSimpleApplication@1e2a6d2c
----------------- Done invoking toplevel() on ptolemy.moml.MoMLSimpleApplication@1e2a6d2c
reloadAllAccessors: .modalModel2

===========================================================================================
----------------- testing Tue May 26 14:28:53 UTC 2020 /home/travis/build/icyphy/ptII/ptolemy/domains/modal/test/auto/modalModel3.xml
----------------- Instantiating /home/travis/build/icyphy/ptII/ptolemy/domains/modal/test/auto/modalModel3.xml
0	0	0
1	0	1
4	2	2
7	4	3
10	6	4
5	0	5
8	2	6
11	4	7
14	6	8
9	0	9
12	2	10
15	4	11
18	6	12
13	0	13
16	2	14
11 ms. Memory: 334848K Free: 195000K (58%)
----------------- Invoking toplevel() on ptolemy.moml.MoMLSimpleApplication@18c5a25
----------------- Done invoking toplevel() on ptolemy.moml.MoMLSimpleApplication@18c5a25
reloadAllAccessors: .modalModel3

===========================================================================================
----------------- testing Tue May 26 14:28:53 UTC 2020 /home/travis/build/icyphy/ptII/ptolemy/domains/modal/test/auto/model1.xml
----------------- Instantiating /home/travis/build/icyphy/ptII/ptolemy/domains/modal/test/auto/model1.xml
10 ms. Memory: 334848K Free: 189366K (57%)
----------------- Invoking toplevel() on ptolemy.moml.MoMLSimpleApplication@13a34471
----------------- Done invoking toplevel() on ptolemy.moml.MoMLSimpleApplication@13a34471
reloadAllAccessors: .model1

===========================================================================================
----------------- testing Tue May 26 14:28:53 UTC 2020 /home/travis/build/icyphy/ptII/ptolemy/domains/modal/test/auto/test-direct-in-out.xml
----------------- Instantiating /home/travis/build/icyphy/ptII/ptolemy/domains/modal/test/auto/test-direct-in-out.xml
4 ms. Memory: 334848K Free: 181688K (54%)
----------------- Invoking toplevel() on ptolemy.moml.MoMLSimpleApplication@3347fc0f
----------------- Done invoking toplevel() on ptolemy.moml.MoMLSimpleApplication@3347fc0f
reloadAllAccessors: .test-direct-in-out
AutoTests.java: About to close Vertx.
AutoTests.java: Vertx closed.
]]></system-out>
  <system-err><![CDATA[java.lang.RuntimeException: Execution failed
	at ptolemy.moml.MoMLSimpleApplication$UnloadThread.run(MoMLSimpleApplication.java:402)
Caused by: ptolemy.kernel.util.IllegalActionException: Unknown inputs remain. Possible causality loop:
L_model_1893289564i

  in .CannotAnalysisWithPreemption.model_1893289564_region_1 and .CannotAnalysisWithPreemption.model_1893289564_region_1.L_model_1893289564i
	at ptolemy.actor.sched.FixedPointDirector.postfire(FixedPointDirector.java:515)
	at ptolemy.domains.sr.kernel.SRDirector.postfire(SRDirector.java:417)
	at ptolemy.actor.CompositeActor.postfire(CompositeActor.java:1668)
	at ptolemy.actor.Manager.iterate(Manager.java:852)
	at ptolemy.actor.Manager.execute(Manager.java:369)
	at ptolemy.actor.Manager.run(Manager.java:1263)
	at ptolemy.actor.Manager$PtolemyRunThread.run(Manager.java:1933)
java.lang.reflect.InvocationTargetException
	at java.base/jdk.internal.reflect.NativeConstructorAccessorImpl.newInstance0(Native Method)
	at java.base/jdk.internal.reflect.NativeConstructorAccessorImpl.newInstance(NativeConstructorAccessorImpl.java:62)
	at java.base/jdk.internal.reflect.DelegatingConstructorAccessorImpl.newInstance(DelegatingConstructorAccessorImpl.java:45)
	at java.base/java.lang.reflect.Constructor.newInstance(Constructor.java:490)
	at ptolemy.util.test.junit.AutoKnownFailedTests.RunModel(AutoKnownFailedTests.java:105)
	at java.base/jdk.internal.reflect.NativeMethodAccessorImpl.invoke0(Native Method)
	at java.base/jdk.internal.reflect.NativeMethodAccessorImpl.invoke(NativeMethodAccessorImpl.java:62)
	at java.base/jdk.internal.reflect.DelegatingMethodAccessorImpl.invoke(DelegatingMethodAccessorImpl.java:43)
	at java.base/java.lang.reflect.Method.invoke(Method.java:566)
	at org.junit.runners.model.FrameworkMethod$1.runReflectiveCall(FrameworkMethod.java:44)
	at org.junit.internal.runners.model.ReflectiveCallable.run(ReflectiveCallable.java:15)
	at org.junit.runners.model.FrameworkMethod.invokeExplosively(FrameworkMethod.java:41)
	at junitparams.internal.InvokeParameterisedMethod.evaluate(InvokeParameterisedMethod.java:102)
	at org.junit.internal.runners.statements.FailOnTimeout$1.run(FailOnTimeout.java:28)
Caused by: ptolemy.kernel.util.IllegalActionException: Unknown inputs remain. Possible causality loop:
L_model_1893289564i

  in .CannotAnalysisWithPreemption.model_1893289564_region_1 and .CannotAnalysisWithPreemption.model_1893289564_region_1.L_model_1893289564i
	at ptolemy.actor.sched.FixedPointDirector.postfire(FixedPointDirector.java:515)
	at ptolemy.domains.sr.kernel.SRDirector.postfire(SRDirector.java:417)
	at ptolemy.actor.CompositeActor.postfire(CompositeActor.java:1668)
	at ptolemy.actor.Manager.iterate(Manager.java:852)
	at ptolemy.actor.Manager.execute(Manager.java:369)
	at ptolemy.actor.Manager.run(Manager.java:1263)
	at ptolemy.actor.Manager$PtolemyRunThread.run(Manager.java:1933)
]]></system-err>
</testsuite>
