<?xml version="1.0" encoding="UTF-8" ?>
<testsuite errors="0" failures="0" hostname="travis-job-a026014a-6a2d-47f4-87be-9b2e341ee745" name="ptolemy.domains.de.test.junit.JUnitTclTest" skipped="0" tests="101" time="124.252" timestamp="2020-09-21T15:45:45">
  <properties>
[...]
</properties>
  <testcase classname="ptolemy.util.test.junit.TclTests" name="[0] /home/travis/build/icyphy/ptII/ptolemy/domains/de/test/DependencyLoop.tcl (RunTclFile)" time="1.074" />
  <testcase classname="ptolemy.util.test.junit.TclTests" name="[1] /home/travis/build/icyphy/ptII/ptolemy/domains/de/test/RunDETestsAsQSS.tcl (RunTclFile)" time="83.835" />
  <testcase classname="ptolemy.util.test.junit.AutoKnownFailedTests" name="[0] /home/travis/build/icyphy/ptII/ptolemy/domains/de/test/auto/knownFailedTests/DESDFClockTest.xml (RunModel)" time="2.047" />
  <testcase classname="ptolemy.util.test.junit.AutoKnownFailedTests" name="[1] /home/travis/build/icyphy/ptII/ptolemy/domains/de/test/auto/knownFailedTests/DirectFeedback.xml (RunModel)" time="0.016" />
  <testcase classname="ptolemy.util.test.junit.AutoKnownFailedTests" name="[2] /home/travis/build/icyphy/ptII/ptolemy/domains/de/test/auto/knownFailedTests/FSMSource.xml (RunModel)" time="0.04" />
  <testcase classname="ptolemy.util.test.junit.AutoKnownFailedTests" name="[3] /home/travis/build/icyphy/ptII/ptolemy/domains/de/test/auto/knownFailedTests/HierarchicalModel.xml (RunModel)" time="0.055" />
  <testcase classname="ptolemy.util.test.junit.AutoKnownFailedTests" name="[4] /home/travis/build/icyphy/ptII/ptolemy/domains/de/test/auto/knownFailedTests/dependencyLoop.xml (RunModel)" time="0.089" />
  <testcase classname="ptolemy.util.test.junit.AutoKnownFailedTests" name="[5] /home/travis/build/icyphy/ptII/ptolemy/domains/de/test/auto/knownFailedTests/dependencyLoop2.xml (RunModel)" time="0.086" />
  <testcase classname="ptolemy.util.test.junit.AutoNameArchTests" name="[0] ThereAreNoAutoArchTests (RunModel)" time="0.007" />
  <testcase classname="ptolemy.util.test.junit.AutoTests" name="[0] /home/travis/build/icyphy/ptII/ptolemy/domains/de/test/auto/ActorDepthCalculation_actorWithoutPorts.xml (RunModel)" time="0.03" />
  <testcase classname="ptolemy.util.test.junit.AutoTests" name="[1] /home/travis/build/icyphy/ptII/ptolemy/domains/de/test/auto/AssemblyLine.xml (RunModel)" time="0.025" />
  <testcase classname="ptolemy.util.test.junit.AutoTests" name="[2] /home/travis/build/icyphy/ptII/ptolemy/domains/de/test/auto/CQBug1.xml (RunModel)" time="0.012" />
  <testcase classname="ptolemy.util.test.junit.AutoTests" name="[3] /home/travis/build/icyphy/ptII/ptolemy/domains/de/test/auto/CancelFireAt.xml (RunModel)" time="0.012" />
  <testcase classname="ptolemy.util.test.junit.AutoTests" name="[4] /home/travis/build/icyphy/ptII/ptolemy/domains/de/test/auto/CausalityAndComposabilityAnalysis.xml (RunModel)" time="0.023" />
  <testcase classname="ptolemy.util.test.junit.AutoTests" name="[5] /home/travis/build/icyphy/ptII/ptolemy/domains/de/test/auto/CausalityInterface1.xml (RunModel)" time="0.017" />
  <testcase classname="ptolemy.util.test.junit.AutoTests" name="[6] /home/travis/build/icyphy/ptII/ptolemy/domains/de/test/auto/CausalityInterface15.xml (RunModel)" time="0.018" />
  <testcase classname="ptolemy.util.test.junit.AutoTests" name="[7] /home/travis/build/icyphy/ptII/ptolemy/domains/de/test/auto/CausalityInterface2.xml (RunModel)" time="0.01" />
  <testcase classname="ptolemy.util.test.junit.AutoTests" name="[8] /home/travis/build/icyphy/ptII/ptolemy/domains/de/test/auto/CausalityInterface3.xml (RunModel)" time="0.015" />
  <testcase classname="ptolemy.util.test.junit.AutoTests" name="[9] /home/travis/build/icyphy/ptII/ptolemy/domains/de/test/auto/ClockDrift.xml (RunModel)" time="0.037" />
  <testcase classname="ptolemy.util.test.junit.AutoTests" name="[10] /home/travis/build/icyphy/ptII/ptolemy/domains/de/test/auto/ClockDriftAndValueChange.xml (RunModel)" time="0.029" />
  <testcase classname="ptolemy.util.test.junit.AutoTests" name="[11] /home/travis/build/icyphy/ptII/ptolemy/domains/de/test/auto/ClockDriftChange.xml (RunModel)" time="0.034" />
  <testcase classname="ptolemy.util.test.junit.AutoTests" name="[12] /home/travis/build/icyphy/ptII/ptolemy/domains/de/test/auto/ComposableCausalityAnalysis.xml (RunModel)" time="0.014" />
  <testcase classname="ptolemy.util.test.junit.AutoTests" name="[13] /home/travis/build/icyphy/ptII/ptolemy/domains/de/test/auto/DEFixedPointLimitation.xml (RunModel)" time="0.009" />
  <testcase classname="ptolemy.util.test.junit.AutoTests" name="[14] /home/travis/build/icyphy/ptII/ptolemy/domains/de/test/auto/DEScheduleTest.xml (RunModel)" time="0.014" />
  <testcase classname="ptolemy.util.test.junit.AutoTests" name="[15] /home/travis/build/icyphy/ptII/ptolemy/domains/de/test/auto/DEinDEwithStartTimes.xml (RunModel)" time="0.019" />
  <testcase classname="ptolemy.util.test.junit.AutoTests" name="[16] /home/travis/build/icyphy/ptII/ptolemy/domains/de/test/auto/DEinDEwithStartTimes2.xml (RunModel)" time="0.016" />
  <testcase classname="ptolemy.util.test.junit.AutoTests" name="[17] /home/travis/build/icyphy/ptII/ptolemy/domains/de/test/auto/DateDemo.xml (RunModel)" time="0.032" />
  <testcase classname="ptolemy.util.test.junit.AutoTests" name="[18] /home/travis/build/icyphy/ptII/ptolemy/domains/de/test/auto/DateToEvent.xml (RunModel)" time="2.056" />
  <testcase classname="ptolemy.util.test.junit.AutoTests" name="[19] /home/travis/build/icyphy/ptII/ptolemy/domains/de/test/auto/DepthTest1.xml (RunModel)" time="0.008" />
  <testcase classname="ptolemy.util.test.junit.AutoTests" name="[20] /home/travis/build/icyphy/ptII/ptolemy/domains/de/test/auto/DepthTest2.xml (RunModel)" time="0.02" />
  <testcase classname="ptolemy.util.test.junit.AutoTests" name="[21] /home/travis/build/icyphy/ptII/ptolemy/domains/de/test/auto/DepthTest3.xml (RunModel)" time="0.009" />
  <testcase classname="ptolemy.util.test.junit.AutoTests" name="[22] /home/travis/build/icyphy/ptII/ptolemy/domains/de/test/auto/DepthTest4.xml (RunModel)" time="0.019" />
  <testcase classname="ptolemy.util.test.junit.AutoTests" name="[23] /home/travis/build/icyphy/ptII/ptolemy/domains/de/test/auto/DepthTest5.xml (RunModel)" time="0.02" />
  <testcase classname="ptolemy.util.test.junit.AutoTests" name="[24] /home/travis/build/icyphy/ptII/ptolemy/domains/de/test/auto/DepthTest6.xml (RunModel)" time="0.013" />
  <testcase classname="ptolemy.util.test.junit.AutoTests" name="[25] /home/travis/build/icyphy/ptII/ptolemy/domains/de/test/auto/DepthTest7.xml (RunModel)" time="0.013" />
  <testcase classname="ptolemy.util.test.junit.AutoTests" name="[26] /home/travis/build/icyphy/ptII/ptolemy/domains/de/test/auto/EventToDate.xml (RunModel)" time="3.043" />
  <testcase classname="ptolemy.util.test.junit.AutoTests" name="[27] /home/travis/build/icyphy/ptII/ptolemy/domains/de/test/auto/FSM1.xml (RunModel)" time="0.042" />
  <testcase classname="ptolemy.util.test.junit.AutoTests" name="[28] /home/travis/build/icyphy/ptII/ptolemy/domains/de/test/auto/FSM7.xml (RunModel)" time="0.037" />
  <testcase classname="ptolemy.util.test.junit.AutoTests" name="[29] /home/travis/build/icyphy/ptII/ptolemy/domains/de/test/auto/Inspection.xml (RunModel)" time="0.045" />
  <testcase classname="ptolemy.util.test.junit.AutoTests" name="[30] /home/travis/build/icyphy/ptII/ptolemy/domains/de/test/auto/Iteration.xml (RunModel)" time="0.023" />
  <testcase classname="ptolemy.util.test.junit.AutoTests" name="[31] /home/travis/build/icyphy/ptII/ptolemy/domains/de/test/auto/LineFault.xml (RunModel)" time="0.518" />
  <testcase classname="ptolemy.util.test.junit.AutoTests" name="[32] /home/travis/build/icyphy/ptII/ptolemy/domains/de/test/auto/MergeModel1Add.xml (RunModel)" time="0.042" />
  <testcase classname="ptolemy.util.test.junit.AutoTests" name="[33] /home/travis/build/icyphy/ptII/ptolemy/domains/de/test/auto/MergeModel2Add.xml (RunModel)" time="0.039" />
  <testcase classname="ptolemy.util.test.junit.AutoTests" name="[34] /home/travis/build/icyphy/ptII/ptolemy/domains/de/test/auto/MergeModel3Add.xml (RunModel)" time="0.044" />
  <testcase classname="ptolemy.util.test.junit.AutoTests" name="[35] /home/travis/build/icyphy/ptII/ptolemy/domains/de/test/auto/MergeWithoutDiscard.xml (RunModel)" time="0.011" />
  <testcase classname="ptolemy.util.test.junit.AutoTests" name="[36] /home/travis/build/icyphy/ptII/ptolemy/domains/de/test/auto/Modal1.xml (RunModel)" time="0.026" />
  <testcase classname="ptolemy.util.test.junit.AutoTests" name="[37] /home/travis/build/icyphy/ptII/ptolemy/domains/de/test/auto/Modal2.xml (RunModel)" time="0.031" />
  <testcase classname="ptolemy.util.test.junit.AutoTests" name="[38] /home/travis/build/icyphy/ptII/ptolemy/domains/de/test/auto/Modal3.xml (RunModel)" time="0.029" />
  <testcase classname="ptolemy.util.test.junit.AutoTests" name="[39] /home/travis/build/icyphy/ptII/ptolemy/domains/de/test/auto/Modal4.xml (RunModel)" time="0.028" />
  <testcase classname="ptolemy.util.test.junit.AutoTests" name="[40] /home/travis/build/icyphy/ptII/ptolemy/domains/de/test/auto/Modal5.xml (RunModel)" time="0.035" />
  <testcase classname="ptolemy.util.test.junit.AutoTests" name="[41] /home/travis/build/icyphy/ptII/ptolemy/domains/de/test/auto/Modal6.xml (RunModel)" time="0.025" />
  <testcase classname="ptolemy.util.test.junit.AutoTests" name="[42] /home/travis/build/icyphy/ptII/ptolemy/domains/de/test/auto/Modal7.xml (RunModel)" time="0.032" />
  <testcase classname="ptolemy.util.test.junit.AutoTests" name="[43] /home/travis/build/icyphy/ptII/ptolemy/domains/de/test/auto/ModalModel.xml (RunModel)" time="0.177" />
  <testcase classname="ptolemy.util.test.junit.AutoTests" name="[44] /home/travis/build/icyphy/ptII/ptolemy/domains/de/test/auto/ModalSource.xml (RunModel)" time="0.021" />
  <testcase classname="ptolemy.util.test.junit.AutoTests" name="[45] /home/travis/build/icyphy/ptII/ptolemy/domains/de/test/auto/NonInterruptibleTimerZeroDelay.xml (RunModel)" time="0.01" />
  <testcase classname="ptolemy.util.test.junit.AutoTests" name="[46] /home/travis/build/icyphy/ptII/ptolemy/domains/de/test/auto/OpenQueueingNetwork.xml (RunModel)" time="2.409" />
  <testcase classname="ptolemy.util.test.junit.AutoTests" name="[47] /home/travis/build/icyphy/ptII/ptolemy/domains/de/test/auto/OpenQueuingNetwork.xml (RunModel)" time="0.338" />
  <testcase classname="ptolemy.util.test.junit.AutoTests" name="[48] /home/travis/build/icyphy/ptII/ptolemy/domains/de/test/auto/PeriodicSampler.xml (RunModel)" time="0.01" />
  <testcase classname="ptolemy.util.test.junit.AutoTests" name="[49] /home/travis/build/icyphy/ptII/ptolemy/domains/de/test/auto/PersistentIO.xml (RunModel)" time="0.029" />
  <testcase classname="ptolemy.util.test.junit.AutoTests" name="[50] /home/travis/build/icyphy/ptII/ptolemy/domains/de/test/auto/PortParameterResetOnInitialize.xml (RunModel)" time="0.016" />
  <testcase classname="ptolemy.util.test.junit.AutoTests" name="[51] /home/travis/build/icyphy/ptII/ptolemy/domains/de/test/auto/PortParameterUpdates.xml (RunModel)" time="0.015" />
  <testcase classname="ptolemy.util.test.junit.AutoTests" name="[52] /home/travis/build/icyphy/ptII/ptolemy/domains/de/test/auto/QueueAndServer.xml (RunModel)" time="0.02" />
  <testcase classname="ptolemy.util.test.junit.AutoTests" name="[53] /home/travis/build/icyphy/ptII/ptolemy/domains/de/test/auto/Records.xml (RunModel)" time="0.013" />
  <testcase classname="ptolemy.util.test.junit.AutoTests" name="[54] /home/travis/build/icyphy/ptII/ptolemy/domains/de/test/auto/ResetTransitionWithStartTime1.xml (RunModel)" time="0.016" />
  <testcase classname="ptolemy.util.test.junit.AutoTests" name="[55] /home/travis/build/icyphy/ptII/ptolemy/domains/de/test/auto/ResetTransitionWithStartTime2.xml (RunModel)" time="0.02" />
  <testcase classname="ptolemy.util.test.junit.AutoTests" name="[56] /home/travis/build/icyphy/ptII/ptolemy/domains/de/test/auto/ResetTransitionWithStartTime3.xml (RunModel)" time="0.022" />
  <testcase classname="ptolemy.util.test.junit.AutoTests" name="[57] /home/travis/build/icyphy/ptII/ptolemy/domains/de/test/auto/ResetTransitionWithStartTime4.xml (RunModel)" time="0.016" />
  <testcase classname="ptolemy.util.test.junit.AutoTests" name="[58] /home/travis/build/icyphy/ptII/ptolemy/domains/de/test/auto/ResettableTimer1.xml (RunModel)" time="0.009" />
  <testcase classname="ptolemy.util.test.junit.AutoTests" name="[59] /home/travis/build/icyphy/ptII/ptolemy/domains/de/test/auto/ResettableTimer2.xml (RunModel)" time="0.009" />
  <testcase classname="ptolemy.util.test.junit.AutoTests" name="[60] /home/travis/build/icyphy/ptII/ptolemy/domains/de/test/auto/ResettableTimer3.xml (RunModel)" time="0.008" />
  <testcase classname="ptolemy.util.test.junit.AutoTests" name="[61] /home/travis/build/icyphy/ptII/ptolemy/domains/de/test/auto/ResettableTimer4.xml (RunModel)" time="0.009" />
  <testcase classname="ptolemy.util.test.junit.AutoTests" name="[62] /home/travis/build/icyphy/ptII/ptolemy/domains/de/test/auto/ResettableTimer5.xml (RunModel)" time="0.009" />
  <testcase classname="ptolemy.util.test.junit.AutoTests" name="[63] /home/travis/build/icyphy/ptII/ptolemy/domains/de/test/auto/ResettableTimer6.xml (RunModel)" time="0.014" />
  <testcase classname="ptolemy.util.test.junit.AutoTests" name="[64] /home/travis/build/icyphy/ptII/ptolemy/domains/de/test/auto/ServerZeroDelay.xml (RunModel)" time="0.013" />
  <testcase classname="ptolemy.util.test.junit.AutoTests" name="[65] /home/travis/build/icyphy/ptII/ptolemy/domains/de/test/auto/SmartSender.xml (RunModel)" time="3.009" />
  <testcase classname="ptolemy.util.test.junit.AutoTests" name="[66] /home/travis/build/icyphy/ptII/ptolemy/domains/de/test/auto/ThreadedComposite.xml (RunModel)" time="0.23" />
  <testcase classname="ptolemy.util.test.junit.AutoTests" name="[67] /home/travis/build/icyphy/ptII/ptolemy/domains/de/test/auto/Time.xml (RunModel)" time="0.377" />
  <testcase classname="ptolemy.util.test.junit.AutoTests" name="[68] /home/travis/build/icyphy/ptII/ptolemy/domains/de/test/auto/TimeDelayZeroDelay.xml (RunModel)" time="0.012" />
  <testcase classname="ptolemy.util.test.junit.AutoTests" name="[69] /home/travis/build/icyphy/ptII/ptolemy/domains/de/test/auto/TimerZeroDelay.xml (RunModel)" time="0.011" />
  <testcase classname="ptolemy.util.test.junit.AutoTests" name="[70] /home/travis/build/icyphy/ptII/ptolemy/domains/de/test/auto/TimingParadox.xml (RunModel)" time="0.314" />
  <testcase classname="ptolemy.util.test.junit.AutoTests" name="[71] /home/travis/build/icyphy/ptII/ptolemy/domains/de/test/auto/TransferInputs.xml (RunModel)" time="0.014" />
  <testcase classname="ptolemy.util.test.junit.AutoTests" name="[72] /home/travis/build/icyphy/ptII/ptolemy/domains/de/test/auto/TransferOutputs2.xml (RunModel)" time="0.015" />
  <testcase classname="ptolemy.util.test.junit.AutoTests" name="[73] /home/travis/build/icyphy/ptII/ptolemy/domains/de/test/auto/Trilateration.xml (RunModel)" time="10.503" />
  <testcase classname="ptolemy.util.test.junit.AutoTests" name="[74] /home/travis/build/icyphy/ptII/ptolemy/domains/de/test/auto/TwoSigmaDelta.xml (RunModel)" time="2.083" />
  <testcase classname="ptolemy.util.test.junit.AutoTests" name="[75] /home/travis/build/icyphy/ptII/ptolemy/domains/de/test/auto/VariableDelay.xml (RunModel)" time="0.015" />
  <testcase classname="ptolemy.util.test.junit.AutoTests" name="[76] /home/travis/build/icyphy/ptII/ptolemy/domains/de/test/auto/VariableDelay2.xml (RunModel)" time="0.028" />
  <testcase classname="ptolemy.util.test.junit.AutoTests" name="[77] /home/travis/build/icyphy/ptII/ptolemy/domains/de/test/auto/VariableDelayZeroDelay.xml (RunModel)" time="0.016" />
  <testcase classname="ptolemy.util.test.junit.AutoTests" name="[78] /home/travis/build/icyphy/ptII/ptolemy/domains/de/test/auto/VariableDelayZeroDelay2.xml (RunModel)" time="0.01" />
  <testcase classname="ptolemy.util.test.junit.AutoTests" name="[79] /home/travis/build/icyphy/ptII/ptolemy/domains/de/test/auto/deInCt.xml (RunModel)" time="0.016" />
  <testcase classname="ptolemy.util.test.junit.AutoTests" name="[80] /home/travis/build/icyphy/ptII/ptolemy/domains/de/test/auto/deInCt2.xml (RunModel)" time="0.014" />
  <testcase classname="ptolemy.util.test.junit.AutoTests" name="[81] /home/travis/build/icyphy/ptII/ptolemy/domains/de/test/auto/dynamicCausalityInterface1.xml (RunModel)" time="0.017" />
  <testcase classname="ptolemy.util.test.junit.AutoTests" name="[82] /home/travis/build/icyphy/ptII/ptolemy/domains/de/test/auto/fsm_de_test.xml (RunModel)" time="0.023" />
  <testcase classname="ptolemy.util.test.junit.AutoTests" name="[83] /home/travis/build/icyphy/ptII/ptolemy/domains/de/test/auto/functionDependencyReconstruction.xml (RunModel)" time="0.029" />
  <testcase classname="ptolemy.util.test.junit.AutoTests" name="[84] /home/travis/build/icyphy/ptII/ptolemy/domains/de/test/auto/multirate.xml (RunModel)" time="0.016" />
  <testcase classname="ptolemy.util.test.junit.AutoTests" name="[85] /home/travis/build/icyphy/ptII/ptolemy/domains/de/test/auto/multirate2.xml (RunModel)" time="0.014" />
  <testcase classname="ptolemy.util.test.junit.AutoTests" name="[86] /home/travis/build/icyphy/ptII/ptolemy/domains/de/test/auto/realtime.xml (RunModel)" time="10.01" />
  <testcase classname="ptolemy.util.test.junit.AutoTests" name="[87] /home/travis/build/icyphy/ptII/ptolemy/domains/de/test/auto/relationGroup.xml (RunModel)" time="0.011" />
  <testcase classname="ptolemy.util.test.junit.AutoTests" name="[88] /home/travis/build/icyphy/ptII/ptolemy/domains/de/test/auto/relationGroup2.xml (RunModel)" time="0.01" />
  <testcase classname="ptolemy.util.test.junit.AutoTests" name="[89] /home/travis/build/icyphy/ptII/ptolemy/domains/de/test/auto/sortWithOpaquePorts.xml (RunModel)" time="0.011" />
  <testcase classname="ptolemy.util.test.junit.AutoTests" name="[90] /home/travis/build/icyphy/ptII/ptolemy/domains/de/test/auto/transferInputsandOutputs.xml (RunModel)" time="0.02" />
  <testcase classname="ptolemy.util.test.junit.AutoTests" name="[91] /home/travis/build/icyphy/ptII/ptolemy/domains/de/test/auto/triggerType.xml (RunModel)" time="0.012" />
  <system-out><![CDATA[/home/travis/build/icyphy/ptII/ptolemy/domains/de/test/DependencyLoop.tcl
testDefs.tcl: setting time out to 9000 seconds at Mon Sep 21 15:45:45 UTC 2020
93 ms. Memory: 129024K Free: 79179K (61%)
14 ms. Memory: 129024K Free: 61771K (48%)
/home/travis/build/icyphy/ptII/ptolemy/domains/de/test/RunDETestsAsQSS.tcl
Run the DE tests using ptolemy.domains.qss.test.QSSDirectorTest, which extends QSSDirector and prints a message in the constructors.
------------------ testing $PTII/ptolemy/domains/de/test/auto/knownFailedTests/DirectFeedback.xml (Known Failure) 
30 ms. Memory: 129024K Free: 55627K (43%)


==== $PTIIhome/travis/build/icyphy/ptII/ptolemy/domains/de/test/../../../../: Auto Automatic test in file $PTII/ptolemy/domains/de/test/auto/knownFailedTests/DirectFeedback.xml
==== Contents of test case:

	    # FIXME: we should use $relativeFilename here, but it
	    # might have backslashes under Windows, which causes no end
	    # of trouble.
	    createAndExecute $file
	    list {}
	
.... Test generated KNOWN error:
    while executing
ptolemy.kernel.util.IllegalActionException: Test fails in iteration 1.
Value was: 1.0. Should have been: 2.0
  in .DirectFeedback.Test
	at ptolemy.actor.lib.Test.fire(Test.java:268)
	at ptolemy.domains.de.kernel.DEDirector._fire(DEDirector.java:1949)
	at ptolemy.domains.de.kernel.DEDirector.fire(DEDirector.java:502)
	at ptolemy.actor.CompositeActor.fire(CompositeActor.java:455)
	at ptolemy.actor.Manager.iterate(Manager.java:851)
	at ptolemy.actor.Manager.execute(Manager.java:369)
	at ptolemy.actor.Manager.run(Manager.java:1263)
	at ptolemy.actor.Manager$PtolemyRunThread.run(Manager.java:1933)

    while executing
ptolemy.kernel.util.IllegalActionException: Test fails in iteration 1.
Value was: 1.0. Should have been: 2.0
  in .DirectFeedback.Test
    while executing
"java::new ptolemy.moml.MoMLSimpleApplication $file
"
    (procedure "createAndExecute" line 2)
    invoked from within
"createAndExecute $file"
    ("uplevel" body line 5)
    invoked from within
"uplevel $contents_of_test"
------------------ testing $PTII/ptolemy/domains/de/test/auto/knownFailedTests/dependencyLoop.xml (Known Failure) 
9 ms. Memory: 129024K Free: 52555K (41%)


==== $PTIIhome/travis/build/icyphy/ptII/ptolemy/domains/de/test/../../../../: Auto Automatic test in file $PTII/ptolemy/domains/de/test/auto/knownFailedTests/dependencyLoop.xml
==== Contents of test case:

	    # FIXME: we should use $relativeFilename here, but it
	    # might have backslashes under Windows, which causes no end
	    # of trouble.
	    createAndExecute $file
	    list {}
	
.... Test generated KNOWN error:
    while executing
ptolemy.kernel.util.IllegalActionException: Found a zero delay loop containing .dependencyLoop.original
  in .dependencyLoop and .dependencyLoop.original
	at ptolemy.actor.util.CausalityInterfaceForComposites._computeOutputPortDepth(CausalityInterfaceForComposites.java:759)
	at ptolemy.actor.util.CausalityInterfaceForComposites._computeInputDepth(CausalityInterfaceForComposites.java:696)
	at ptolemy.actor.util.CausalityInterfaceForComposites._computeOutputPortDepth(CausalityInterfaceForComposites.java:765)
	at ptolemy.actor.util.CausalityInterfaceForComposites._computeInputDepth(CausalityInterfaceForComposites.java:696)
	at ptolemy.actor.util.CausalityInterfaceForComposites._computeOutputPortDepth(CausalityInterfaceForComposites.java:765)
	at ptolemy.actor.util.CausalityInterfaceForComposites._computeInputDepth(CausalityInterfaceForComposites.java:696)
	at ptolemy.actor.util.CausalityInterfaceForComposites._computeActorDepth(CausalityInterfaceForComposites.java:532)
	at ptolemy.actor.util.CausalityInterfaceForComposites.checkForCycles(CausalityInterfaceForComposites.java:96)
	at ptolemy.domains.de.kernel.DEDirector.preinitialize(DEDirector.java:1338)
	at ptolemy.actor.CompositeActor.preinitialize(CompositeActor.java:1828)
	at ptolemy.actor.Manager.preinitializeAndResolveTypes(Manager.java:1040)
	at ptolemy.actor.Manager.initialize(Manager.java:710)
	at ptolemy.actor.Manager.execute(Manager.java:356)
	at ptolemy.actor.Manager.run(Manager.java:1263)
	at ptolemy.actor.Manager$PtolemyRunThread.run(Manager.java:1933)

    while executing
ptolemy.kernel.util.IllegalActionException: Found a zero delay loop containing .dependencyLoop.original
  in .dependencyLoop and .dependencyLoop.original
    while executing
"java::new ptolemy.moml.MoMLSimpleApplication $file
"
    (procedure "createAndExecute" line 2)
    invoked from within
"createAndExecute $file"
    ("uplevel" body line 5)
    invoked from within
"uplevel $contents_of_test"
------------------ testing $PTII/ptolemy/domains/de/test/auto/knownFailedTests/FSMSource.xml (Known Failure) 
53 ms. Memory: 129024K Free: 111045K (86%)
!!!! Auto was marked as failing, but now passes
------------------ testing $PTII/ptolemy/domains/de/test/auto/knownFailedTests/HierarchicalModel.xml (Known Failure) 
6 ms. Memory: 129024K Free: 93202K (72%)


==== $PTIIhome/travis/build/icyphy/ptII/ptolemy/domains/de/test/../../../../: Auto Automatic test in file $PTII/ptolemy/domains/de/test/auto/knownFailedTests/HierarchicalModel.xml
==== Contents of test case:

	    # FIXME: we should use $relativeFilename here, but it
	    # might have backslashes under Windows, which causes no end
	    # of trouble.
	    createAndExecute $file
	    list {}
	
.... Test generated KNOWN error:
    while executing
ptolemy.kernel.util.IllegalActionException: Found a zero delay loop containing .HierarchicalModel.A
  in .HierarchicalModel and .HierarchicalModel.A
	at ptolemy.actor.util.CausalityInterfaceForComposites._computeOutputPortDepth(CausalityInterfaceForComposites.java:759)
	at ptolemy.actor.util.CausalityInterfaceForComposites._computeInputDepth(CausalityInterfaceForComposites.java:696)
	at ptolemy.actor.util.CausalityInterfaceForComposites._computeOutputPortDepth(CausalityInterfaceForComposites.java:765)
	at ptolemy.actor.util.CausalityInterfaceForComposites._computeInputDepth(CausalityInterfaceForComposites.java:696)
	at ptolemy.actor.util.CausalityInterfaceForComposites._computeOutputPortDepth(CausalityInterfaceForComposites.java:765)
	at ptolemy.actor.util.CausalityInterfaceForComposites._computeInputDepth(CausalityInterfaceForComposites.java:696)
	at ptolemy.actor.util.CausalityInterfaceForComposites._computeActorDepth(CausalityInterfaceForComposites.java:532)
	at ptolemy.actor.util.CausalityInterfaceForComposites.checkForCycles(CausalityInterfaceForComposites.java:96)
	at ptolemy.domains.de.kernel.DEDirector.preinitialize(DEDirector.java:1338)
	at ptolemy.actor.CompositeActor.preinitialize(CompositeActor.java:1828)
	at ptolemy.actor.Manager.preinitializeAndResolveTypes(Manager.java:1040)
	at ptolemy.actor.Manager.initialize(Manager.java:710)
	at ptolemy.actor.Manager.execute(Manager.java:356)
	at ptolemy.actor.Manager.run(Manager.java:1263)
	at ptolemy.actor.Manager$PtolemyRunThread.run(Manager.java:1933)

    while executing
ptolemy.kernel.util.IllegalActionException: Found a zero delay loop containing .HierarchicalModel.A
  in .HierarchicalModel and .HierarchicalModel.A
    while executing
"java::new ptolemy.moml.MoMLSimpleApplication $file
"
    (procedure "createAndExecute" line 2)
    invoked from within
"createAndExecute $file"
    ("uplevel" body line 5)
    invoked from within
"uplevel $contents_of_test"
------------------ testing $PTII/ptolemy/domains/de/test/auto/knownFailedTests/dependencyLoop2.xml (Known Failure) 
15 ms. Memory: 129024K Free: 77259K (60%)


==== $PTIIhome/travis/build/icyphy/ptII/ptolemy/domains/de/test/../../../../: Auto Automatic test in file $PTII/ptolemy/domains/de/test/auto/knownFailedTests/dependencyLoop2.xml
==== Contents of test case:

	    # FIXME: we should use $relativeFilename here, but it
	    # might have backslashes under Windows, which causes no end
	    # of trouble.
	    createAndExecute $file
	    list {}
	
.... Test generated KNOWN error:
    while executing
ptolemy.kernel.util.IllegalActionException: Found a zero delay loop containing .dependencyLoop2.original
  in .dependencyLoop2 and .dependencyLoop2.original
	at ptolemy.actor.util.CausalityInterfaceForComposites._computeOutputPortDepth(CausalityInterfaceForComposites.java:759)
	at ptolemy.actor.util.CausalityInterfaceForComposites._computeInputDepth(CausalityInterfaceForComposites.java:696)
	at ptolemy.actor.util.CausalityInterfaceForComposites._computeOutputPortDepth(CausalityInterfaceForComposites.java:765)
	at ptolemy.actor.util.CausalityInterfaceForComposites._computeInputDepth(CausalityInterfaceForComposites.java:696)
	at ptolemy.actor.util.CausalityInterfaceForComposites._computeOutputPortDepth(CausalityInterfaceForComposites.java:765)
	at ptolemy.actor.util.CausalityInterfaceForComposites._computeInputDepth(CausalityInterfaceForComposites.java:696)
	at ptolemy.actor.util.CausalityInterfaceForComposites._computeActorDepth(CausalityInterfaceForComposites.java:532)
	at ptolemy.actor.util.CausalityInterfaceForComposites.checkForCycles(CausalityInterfaceForComposites.java:96)
	at ptolemy.domains.de.kernel.DEDirector.preinitialize(DEDirector.java:1338)
	at ptolemy.actor.CompositeActor.preinitialize(CompositeActor.java:1828)
	at ptolemy.actor.Manager.preinitializeAndResolveTypes(Manager.java:1040)
	at ptolemy.actor.Manager.initialize(Manager.java:710)
	at ptolemy.actor.Manager.execute(Manager.java:356)
	at ptolemy.actor.Manager.run(Manager.java:1263)
	at ptolemy.actor.Manager$PtolemyRunThread.run(Manager.java:1933)

    while executing
ptolemy.kernel.util.IllegalActionException: Found a zero delay loop containing .dependencyLoop2.original
  in .dependencyLoop2 and .dependencyLoop2.original
    while executing
"java::new ptolemy.moml.MoMLSimpleApplication $file
"
    (procedure "createAndExecute" line 2)
    invoked from within
"createAndExecute $file"
    ("uplevel" body line 5)
    invoked from within
"uplevel $contents_of_test"
------------------ testing $PTII/ptolemy/domains/de/test/auto/knownFailedTests/DESDFClockTest.xml (Known Failure) 
2058 ms. Memory: 129024K Free: 107245K (83%)


==== $PTIIhome/travis/build/icyphy/ptII/ptolemy/domains/de/test/../../../../: Auto Automatic test in file $PTII/ptolemy/domains/de/test/auto/knownFailedTests/DESDFClockTest.xml
==== Contents of test case:

	    # FIXME: we should use $relativeFilename here, but it
	    # might have backslashes under Windows, which causes no end
	    # of trouble.
	    createAndExecute $file
	    list {}
	
.... Test generated KNOWN error:
    while executing
ptolemy.kernel.util.IllegalActionException: Actor is not ready to fire.  Perhaps UpSample.prefire() returned false? Try debugging the actor by selecting "Listen to Actor".  Also, for SDF check moml for tokenConsumptionRate on input.
  in .DESDFClockTest.Play Bell.Copy1:SDF Director and .DESDFClockTest.Play Bell.UpSample
	at ptolemy.actor.sched.StaticSchedulingDirector.fire(StaticSchedulingDirector.java:227)
	at ptolemy.domains.sdf.kernel.SDFDirector.fire(SDFDirector.java:500)
	at ptolemy.actor.CompositeActor.fire(CompositeActor.java:455)
	at ptolemy.domains.de.kernel.DEDirector._fire(DEDirector.java:1949)
	at ptolemy.domains.de.kernel.DEDirector.fire(DEDirector.java:502)
	at ptolemy.actor.CompositeActor.fire(CompositeActor.java:455)
	at ptolemy.actor.Manager.iterate(Manager.java:851)
	at ptolemy.actor.Manager.execute(Manager.java:369)
	at ptolemy.actor.Manager.run(Manager.java:1263)
	at ptolemy.actor.Manager$PtolemyRunThread.run(Manager.java:1933)

    while executing
ptolemy.kernel.util.IllegalActionException: Actor is not ready to fire.  Perhaps UpSample.prefire() returned false? Try debugging the actor by selecting "Listen to Actor".  Also, for SDF check moml for tokenConsumptionRate on input.
  in .DESDFClockTest.Play Bell.Copy1:SDF Director and .DESDFClockTest.Play Bell.UpSample
    while executing
"java::new ptolemy.moml.MoMLSimpleApplication $file
"
    (procedure "createAndExecute" line 2)
    invoked from within
"createAndExecute $file"
    ("uplevel" body line 5)
    invoked from within
"uplevel $contents_of_test"
------------------ testing $PTII/ptolemy/domains/de/test/auto/ActorDepthCalculation_actorWithoutPorts.xml
auto.tcl: Setting watchdog for 200 seconds at Mon Sep 21 15:45:49 UTC 2020
5 ms. Memory: 129024K Free: 99549K (77%)
ptolemy.util.test.WatchDog.cancel(): canceling Mon Sep 21 15:45:49 UTC 2020
auto.tcl: Setting watchdog for 200 seconds at Mon Sep 21 15:45:49 UTC 2020
5 ms. Memory: 129024K Free: 98029K (76%)
ptolemy.util.test.WatchDog.cancel(): canceling Mon Sep 21 15:45:49 UTC 2020
------------------ testing $PTII/ptolemy/domains/de/test/auto/AssemblyLine.xml
auto.tcl: Setting watchdog for 200 seconds at Mon Sep 21 15:45:49 UTC 2020
17 ms. Memory: 51200K Free: 27925K (55%)
ptolemy.util.test.WatchDog.cancel(): canceling Mon Sep 21 15:45:50 UTC 2020
auto.tcl: Setting watchdog for 200 seconds at Mon Sep 21 15:45:50 UTC 2020
7 ms. Memory: 51200K Free: 27271K (53%)
ptolemy.util.test.WatchDog.cancel(): canceling Mon Sep 21 15:45:50 UTC 2020
------------------ testing $PTII/ptolemy/domains/de/test/auto/CQBug1.xml
auto.tcl: Setting watchdog for 200 seconds at Mon Sep 21 15:45:50 UTC 2020
14 ms. Memory: 51200K Free: 33150K (65%)
ptolemy.util.test.WatchDog.cancel(): canceling Mon Sep 21 15:45:50 UTC 2020
auto.tcl: Setting watchdog for 200 seconds at Mon Sep 21 15:45:50 UTC 2020
3 ms. Memory: 51200K Free: 32803K (64%)
ptolemy.util.test.WatchDog.cancel(): canceling Mon Sep 21 15:45:50 UTC 2020
------------------ testing $PTII/ptolemy/domains/de/test/auto/CancelFireAt.xml
auto.tcl: Setting watchdog for 200 seconds at Mon Sep 21 15:45:50 UTC 2020
3 ms. Memory: 48128K Free: 31588K (66%)
ptolemy.util.test.WatchDog.cancel(): canceling Mon Sep 21 15:45:50 UTC 2020
auto.tcl: Setting watchdog for 200 seconds at Mon Sep 21 15:45:50 UTC 2020
1 ms. Memory: 48128K Free: 31153K (65%)
ptolemy.util.test.WatchDog.cancel(): canceling Mon Sep 21 15:45:50 UTC 2020
------------------ testing $PTII/ptolemy/domains/de/test/auto/CausalityAndComposabilityAnalysis.xml
auto.tcl: Setting watchdog for 200 seconds at Mon Sep 21 15:45:50 UTC 2020
8 ms. Memory: 48128K Free: 29342K (61%)
ptolemy.util.test.WatchDog.cancel(): canceling Mon Sep 21 15:45:50 UTC 2020
auto.tcl: Setting watchdog for 200 seconds at Mon Sep 21 15:45:50 UTC 2020
9 ms. Memory: 48128K Free: 28908K (60%)
ptolemy.util.test.WatchDog.cancel(): canceling Mon Sep 21 15:45:50 UTC 2020
------------------ testing $PTII/ptolemy/domains/de/test/auto/CausalityInterface1.xml
auto.tcl: Setting watchdog for 200 seconds at Mon Sep 21 15:45:50 UTC 2020
28 ms. Memory: 48128K Free: 28335K (59%)
ptolemy.util.test.WatchDog.cancel(): canceling Mon Sep 21 15:45:50 UTC 2020
auto.tcl: Setting watchdog for 200 seconds at Mon Sep 21 15:45:50 UTC 2020
4 ms. Memory: 48128K Free: 27368K (57%)
ptolemy.util.test.WatchDog.cancel(): canceling Mon Sep 21 15:45:50 UTC 2020
------------------ testing $PTII/ptolemy/domains/de/test/auto/CausalityInterface15.xml
auto.tcl: Setting watchdog for 200 seconds at Mon Sep 21 15:45:50 UTC 2020
9 ms. Memory: 48128K Free: 28411K (59%)
ptolemy.util.test.WatchDog.cancel(): canceling Mon Sep 21 15:45:50 UTC 2020
auto.tcl: Setting watchdog for 200 seconds at Mon Sep 21 15:45:50 UTC 2020
7 ms. Memory: 48128K Free: 27322K (57%)
ptolemy.util.test.WatchDog.cancel(): canceling Mon Sep 21 15:45:50 UTC 2020
------------------ testing $PTII/ptolemy/domains/de/test/auto/CausalityInterface2.xml
auto.tcl: Setting watchdog for 200 seconds at Mon Sep 21 15:45:50 UTC 2020
4 ms. Memory: 48128K Free: 29049K (60%)
ptolemy.util.test.WatchDog.cancel(): canceling Mon Sep 21 15:45:50 UTC 2020
auto.tcl: Setting watchdog for 200 seconds at Mon Sep 21 15:45:50 UTC 2020
5 ms. Memory: 48128K Free: 27915K (58%)
ptolemy.util.test.WatchDog.cancel(): canceling Mon Sep 21 15:45:50 UTC 2020
------------------ testing $PTII/ptolemy/domains/de/test/auto/CausalityInterface3.xml
auto.tcl: Setting watchdog for 200 seconds at Mon Sep 21 15:45:50 UTC 2020
4 ms. Memory: 48128K Free: 28537K (59%)
ptolemy.util.test.WatchDog.cancel(): canceling Mon Sep 21 15:45:50 UTC 2020
auto.tcl: Setting watchdog for 200 seconds at Mon Sep 21 15:45:50 UTC 2020
2 ms. Memory: 48128K Free: 27751K (58%)
ptolemy.util.test.WatchDog.cancel(): canceling Mon Sep 21 15:45:50 UTC 2020
------------------ testing $PTII/ptolemy/domains/de/test/auto/ClockDrift.xml
auto.tcl: Setting watchdog for 200 seconds at Mon Sep 21 15:45:50 UTC 2020
80 ms. Memory: 48128K Free: 21138K (44%)
ptolemy.util.test.WatchDog.cancel(): canceling Mon Sep 21 15:45:50 UTC 2020
auto.tcl: Setting watchdog for 200 seconds at Mon Sep 21 15:45:50 UTC 2020
29 ms. Memory: 48128K Free: 18023K (37%)
ptolemy.util.test.WatchDog.cancel(): canceling Mon Sep 21 15:45:50 UTC 2020
------------------ testing $PTII/ptolemy/domains/de/test/auto/ClockDriftAndValueChange.xml
auto.tcl: Setting watchdog for 200 seconds at Mon Sep 21 15:45:50 UTC 2020
22 ms. Memory: 48128K Free: 21558K (45%)
ptolemy.util.test.WatchDog.cancel(): canceling Mon Sep 21 15:45:51 UTC 2020
auto.tcl: Setting watchdog for 200 seconds at Mon Sep 21 15:45:51 UTC 2020
21 ms. Memory: 48128K Free: 18624K (39%)
ptolemy.util.test.WatchDog.cancel(): canceling Mon Sep 21 15:45:51 UTC 2020
------------------ testing $PTII/ptolemy/domains/de/test/auto/ClockDriftChange.xml
auto.tcl: Setting watchdog for 200 seconds at Mon Sep 21 15:45:51 UTC 2020
20 ms. Memory: 48128K Free: 23248K (48%)
ptolemy.util.test.WatchDog.cancel(): canceling Mon Sep 21 15:45:51 UTC 2020
auto.tcl: Setting watchdog for 200 seconds at Mon Sep 21 15:45:51 UTC 2020
18 ms. Memory: 48128K Free: 20657K (43%)
ptolemy.util.test.WatchDog.cancel(): canceling Mon Sep 21 15:45:51 UTC 2020
------------------ testing $PTII/ptolemy/domains/de/test/auto/ComposableCausalityAnalysis.xml
auto.tcl: Setting watchdog for 200 seconds at Mon Sep 21 15:45:51 UTC 2020
1 ms. Memory: 48128K Free: 27891K (58%)
ptolemy.util.test.WatchDog.cancel(): canceling Mon Sep 21 15:45:51 UTC 2020
auto.tcl: Setting watchdog for 200 seconds at Mon Sep 21 15:45:51 UTC 2020
6 ms. Memory: 48128K Free: 26814K (56%)
ptolemy.util.test.WatchDog.cancel(): canceling Mon Sep 21 15:45:51 UTC 2020
------------------ testing $PTII/ptolemy/domains/de/test/auto/DEFixedPointLimitation.xml
auto.tcl: Setting watchdog for 200 seconds at Mon Sep 21 15:45:51 UTC 2020
3 ms. Memory: 48128K Free: 29216K (61%)
ptolemy.util.test.WatchDog.cancel(): canceling Mon Sep 21 15:45:51 UTC 2020
auto.tcl: Setting watchdog for 200 seconds at Mon Sep 21 15:45:51 UTC 2020
1 ms. Memory: 48128K Free: 28306K (59%)
ptolemy.util.test.WatchDog.cancel(): canceling Mon Sep 21 15:45:51 UTC 2020
------------------ testing $PTII/ptolemy/domains/de/test/auto/DEScheduleTest.xml
auto.tcl: Setting watchdog for 200 seconds at Mon Sep 21 15:45:51 UTC 2020
4 ms. Memory: 48128K Free: 29540K (61%)
ptolemy.util.test.WatchDog.cancel(): canceling Mon Sep 21 15:45:51 UTC 2020
auto.tcl: Setting watchdog for 200 seconds at Mon Sep 21 15:45:51 UTC 2020
4 ms. Memory: 48128K Free: 28754K (60%)
ptolemy.util.test.WatchDog.cancel(): canceling Mon Sep 21 15:45:51 UTC 2020
------------------ testing $PTII/ptolemy/domains/de/test/auto/DEinDEwithStartTimes.xml
auto.tcl: Setting watchdog for 200 seconds at Mon Sep 21 15:45:51 UTC 2020
6 ms. Memory: 48128K Free: 27681K (58%)
ptolemy.util.test.WatchDog.cancel(): canceling Mon Sep 21 15:45:51 UTC 2020
auto.tcl: Setting watchdog for 200 seconds at Mon Sep 21 15:45:51 UTC 2020
6 ms. Memory: 48128K Free: 26657K (55%)
ptolemy.util.test.WatchDog.cancel(): canceling Mon Sep 21 15:45:51 UTC 2020
------------------ testing $PTII/ptolemy/domains/de/test/auto/DEinDEwithStartTimes2.xml
auto.tcl: Setting watchdog for 200 seconds at Mon Sep 21 15:45:51 UTC 2020
4 ms. Memory: 48128K Free: 26908K (56%)
ptolemy.util.test.WatchDog.cancel(): canceling Mon Sep 21 15:45:51 UTC 2020
auto.tcl: Setting watchdog for 200 seconds at Mon Sep 21 15:45:51 UTC 2020
3 ms. Memory: 48128K Free: 25612K (53%)
ptolemy.util.test.WatchDog.cancel(): canceling Mon Sep 21 15:45:51 UTC 2020
------------------ testing $PTII/ptolemy/domains/de/test/auto/DateDemo.xml
auto.tcl: Setting watchdog for 200 seconds at Mon Sep 21 15:45:51 UTC 2020
12 ms. Memory: 48128K Free: 21572K (45%)
ptolemy.util.test.WatchDog.cancel(): canceling Mon Sep 21 15:45:51 UTC 2020
auto.tcl: Setting watchdog for 200 seconds at Mon Sep 21 15:45:51 UTC 2020
6 ms. Memory: 48128K Free: 20087K (42%)
ptolemy.util.test.WatchDog.cancel(): canceling Mon Sep 21 15:45:51 UTC 2020
------------------ testing $PTII/ptolemy/domains/de/test/auto/DateToEvent.xml
auto.tcl: Setting watchdog for 200 seconds at Mon Sep 21 15:45:51 UTC 2020
2014 ms. Memory: 48128K Free: 16723K (35%)
ptolemy.util.test.WatchDog.cancel(): canceling Mon Sep 21 15:45:53 UTC 2020
auto.tcl: Setting watchdog for 200 seconds at Mon Sep 21 15:45:53 UTC 2020
2009 ms. Memory: 48128K Free: 16340K (34%)
ptolemy.util.test.WatchDog.cancel(): canceling Mon Sep 21 15:45:55 UTC 2020
------------------ testing $PTII/ptolemy/domains/de/test/auto/DepthTest1.xml
auto.tcl: Setting watchdog for 200 seconds at Mon Sep 21 15:45:55 UTC 2020
3 ms. Memory: 48128K Free: 30323K (63%)
ptolemy.util.test.WatchDog.cancel(): canceling Mon Sep 21 15:45:55 UTC 2020
auto.tcl: Setting watchdog for 200 seconds at Mon Sep 21 15:45:55 UTC 2020
2 ms. Memory: 48128K Free: 29934K (62%)
ptolemy.util.test.WatchDog.cancel(): canceling Mon Sep 21 15:45:55 UTC 2020
------------------ testing $PTII/ptolemy/domains/de/test/auto/DepthTest2.xml
auto.tcl: Setting watchdog for 200 seconds at Mon Sep 21 15:45:55 UTC 2020
3 ms. Memory: 48128K Free: 27136K (56%)
ptolemy.util.test.WatchDog.cancel(): canceling Mon Sep 21 15:45:55 UTC 2020
auto.tcl: Setting watchdog for 200 seconds at Mon Sep 21 15:45:55 UTC 2020
3 ms. Memory: 48128K Free: 26270K (55%)
ptolemy.util.test.WatchDog.cancel(): canceling Mon Sep 21 15:45:55 UTC 2020
------------------ testing $PTII/ptolemy/domains/de/test/auto/DepthTest3.xml
auto.tcl: Setting watchdog for 200 seconds at Mon Sep 21 15:45:56 UTC 2020
2 ms. Memory: 48128K Free: 30653K (64%)
ptolemy.util.test.WatchDog.cancel(): canceling Mon Sep 21 15:45:56 UTC 2020
auto.tcl: Setting watchdog for 200 seconds at Mon Sep 21 15:45:56 UTC 2020
2 ms. Memory: 48128K Free: 30225K (63%)
ptolemy.util.test.WatchDog.cancel(): canceling Mon Sep 21 15:45:56 UTC 2020
------------------ testing $PTII/ptolemy/domains/de/test/auto/DepthTest4.xml
auto.tcl: Setting watchdog for 200 seconds at Mon Sep 21 15:45:56 UTC 2020
10 ms. Memory: 48128K Free: 28997K (60%)
ptolemy.util.test.WatchDog.cancel(): canceling Mon Sep 21 15:45:56 UTC 2020
auto.tcl: Setting watchdog for 200 seconds at Mon Sep 21 15:45:56 UTC 2020
3 ms. Memory: 48128K Free: 28283K (59%)
ptolemy.util.test.WatchDog.cancel(): canceling Mon Sep 21 15:45:56 UTC 2020
------------------ testing $PTII/ptolemy/domains/de/test/auto/DepthTest5.xml
auto.tcl: Setting watchdog for 200 seconds at Mon Sep 21 15:45:56 UTC 2020
3 ms. Memory: 48128K Free: 28411K (59%)
ptolemy.util.test.WatchDog.cancel(): canceling Mon Sep 21 15:45:56 UTC 2020
auto.tcl: Setting watchdog for 200 seconds at Mon Sep 21 15:45:56 UTC 2020
3 ms. Memory: 48128K Free: 27614K (57%)
ptolemy.util.test.WatchDog.cancel(): canceling Mon Sep 21 15:45:56 UTC 2020
------------------ testing $PTII/ptolemy/domains/de/test/auto/DepthTest6.xml
auto.tcl: Setting watchdog for 200 seconds at Mon Sep 21 15:45:56 UTC 2020
4 ms. Memory: 48128K Free: 28081K (58%)
ptolemy.util.test.WatchDog.cancel(): canceling Mon Sep 21 15:45:56 UTC 2020
auto.tcl: Setting watchdog for 200 seconds at Mon Sep 21 15:45:56 UTC 2020
3 ms. Memory: 48128K Free: 27591K (57%)
ptolemy.util.test.WatchDog.cancel(): canceling Mon Sep 21 15:45:56 UTC 2020
------------------ testing $PTII/ptolemy/domains/de/test/auto/DepthTest7.xml
auto.tcl: Setting watchdog for 200 seconds at Mon Sep 21 15:45:56 UTC 2020
3 ms. Memory: 48128K Free: 28612K (59%)
ptolemy.util.test.WatchDog.cancel(): canceling Mon Sep 21 15:45:56 UTC 2020
auto.tcl: Setting watchdog for 200 seconds at Mon Sep 21 15:45:56 UTC 2020
1 ms. Memory: 48128K Free: 28184K (59%)
ptolemy.util.test.WatchDog.cancel(): canceling Mon Sep 21 15:45:56 UTC 2020
------------------ testing $PTII/ptolemy/domains/de/test/auto/EventToDate.xml
auto.tcl: Setting watchdog for 200 seconds at Mon Sep 21 15:45:56 UTC 2020
3009 ms. Memory: 48128K Free: 19491K (40%)
ptolemy.util.test.WatchDog.cancel(): canceling Mon Sep 21 15:45:59 UTC 2020
auto.tcl: Setting watchdog for 200 seconds at Mon Sep 21 15:45:59 UTC 2020
3006 ms. Memory: 48128K Free: 18619K (39%)
ptolemy.util.test.WatchDog.cancel(): canceling Mon Sep 21 15:46:02 UTC 2020
------------------ testing $PTII/ptolemy/domains/de/test/auto/FSM1.xml
auto.tcl: Setting watchdog for 200 seconds at Mon Sep 21 15:46:02 UTC 2020
29 ms. Memory: 48128K Free: 20915K (43%)
ptolemy.util.test.WatchDog.cancel(): canceling Mon Sep 21 15:46:02 UTC 2020
auto.tcl: Setting watchdog for 200 seconds at Mon Sep 21 15:46:02 UTC 2020
38 ms. Memory: 48128K Free: 17693K (37%)
ptolemy.util.test.WatchDog.cancel(): canceling Mon Sep 21 15:46:02 UTC 2020
------------------ testing $PTII/ptolemy/domains/de/test/auto/FSM7.xml
auto.tcl: Setting watchdog for 200 seconds at Mon Sep 21 15:46:02 UTC 2020
16 ms. Memory: 48128K Free: 20620K (43%)
ptolemy.util.test.WatchDog.cancel(): canceling Mon Sep 21 15:46:02 UTC 2020
auto.tcl: Setting watchdog for 200 seconds at Mon Sep 21 15:46:02 UTC 2020
15 ms. Memory: 48128K Free: 17457K (36%)
ptolemy.util.test.WatchDog.cancel(): canceling Mon Sep 21 15:46:02 UTC 2020
------------------ testing $PTII/ptolemy/domains/de/test/auto/Inspection.xml
auto.tcl: Setting watchdog for 200 seconds at Mon Sep 21 15:46:02 UTC 2020
32 ms. Memory: 48128K Free: 20442K (42%)
ptolemy.util.test.WatchDog.cancel(): canceling Mon Sep 21 15:46:02 UTC 2020
auto.tcl: Setting watchdog for 200 seconds at Mon Sep 21 15:46:02 UTC 2020
26 ms. Memory: 48128K Free: 18570K (39%)
ptolemy.util.test.WatchDog.cancel(): canceling Mon Sep 21 15:46:02 UTC 2020
------------------ testing $PTII/ptolemy/domains/de/test/auto/Iteration.xml
auto.tcl: Setting watchdog for 200 seconds at Mon Sep 21 15:46:02 UTC 2020
8 ms. Memory: 48128K Free: 26380K (55%)
ptolemy.util.test.WatchDog.cancel(): canceling Mon Sep 21 15:46:02 UTC 2020
auto.tcl: Setting watchdog for 200 seconds at Mon Sep 21 15:46:02 UTC 2020
6 ms. Memory: 48128K Free: 25356K (53%)
ptolemy.util.test.WatchDog.cancel(): canceling Mon Sep 21 15:46:02 UTC 2020
------------------ testing $PTII/ptolemy/domains/de/test/auto/LineFault.xml
auto.tcl: Setting watchdog for 200 seconds at Mon Sep 21 15:46:02 UTC 2020
571 ms. Memory: 48128K Free: 17903K (37%)
ptolemy.util.test.WatchDog.cancel(): canceling Mon Sep 21 15:46:03 UTC 2020
auto.tcl: Setting watchdog for 200 seconds at Mon Sep 21 15:46:03 UTC 2020
545 ms. Memory: 58368K Free: 36478K (62%)
ptolemy.util.test.WatchDog.cancel(): canceling Mon Sep 21 15:46:04 UTC 2020
------------------ testing $PTII/ptolemy/domains/de/test/auto/MergeModel1Add.xml
auto.tcl: Setting watchdog for 200 seconds at Mon Sep 21 15:46:04 UTC 2020
29 ms. Memory: 55296K Free: 19277K (35%)
ptolemy.util.test.WatchDog.cancel(): canceling Mon Sep 21 15:46:04 UTC 2020
auto.tcl: Setting watchdog for 200 seconds at Mon Sep 21 15:46:04 UTC 2020
10 ms. Memory: 55296K Free: 17850K (32%)
ptolemy.util.test.WatchDog.cancel(): canceling Mon Sep 21 15:46:04 UTC 2020
------------------ testing $PTII/ptolemy/domains/de/test/auto/MergeModel2Add.xml
auto.tcl: Setting watchdog for 200 seconds at Mon Sep 21 15:46:04 UTC 2020
11 ms. Memory: 55296K Free: 21864K (40%)
ptolemy.util.test.WatchDog.cancel(): canceling Mon Sep 21 15:46:04 UTC 2020
auto.tcl: Setting watchdog for 200 seconds at Mon Sep 21 15:46:04 UTC 2020
8 ms. Memory: 55296K Free: 20198K (37%)
ptolemy.util.test.WatchDog.cancel(): canceling Mon Sep 21 15:46:04 UTC 2020
------------------ testing $PTII/ptolemy/domains/de/test/auto/MergeModel3Add.xml
auto.tcl: Setting watchdog for 200 seconds at Mon Sep 21 15:46:04 UTC 2020
7 ms. Memory: 55296K Free: 21597K (39%)
ptolemy.util.test.WatchDog.cancel(): canceling Mon Sep 21 15:46:04 UTC 2020
auto.tcl: Setting watchdog for 200 seconds at Mon Sep 21 15:46:04 UTC 2020
6 ms. Memory: 55296K Free: 20232K (37%)
ptolemy.util.test.WatchDog.cancel(): canceling Mon Sep 21 15:46:04 UTC 2020
------------------ testing $PTII/ptolemy/domains/de/test/auto/MergeWithoutDiscard.xml
auto.tcl: Setting watchdog for 200 seconds at Mon Sep 21 15:46:04 UTC 2020
3 ms. Memory: 55296K Free: 36475K (66%)
ptolemy.util.test.WatchDog.cancel(): canceling Mon Sep 21 15:46:04 UTC 2020
auto.tcl: Setting watchdog for 200 seconds at Mon Sep 21 15:46:04 UTC 2020
1 ms. Memory: 55296K Free: 35573K (64%)
ptolemy.util.test.WatchDog.cancel(): canceling Mon Sep 21 15:46:04 UTC 2020
------------------ testing $PTII/ptolemy/domains/de/test/auto/Modal1.xml
auto.tcl: Setting watchdog for 200 seconds at Mon Sep 21 15:46:04 UTC 2020
15 ms. Memory: 55296K Free: 28325K (51%)
ptolemy.util.test.WatchDog.cancel(): canceling Mon Sep 21 15:46:04 UTC 2020
auto.tcl: Setting watchdog for 200 seconds at Mon Sep 21 15:46:04 UTC 2020
21 ms. Memory: 55296K Free: 25059K (45%)
ptolemy.util.test.WatchDog.cancel(): canceling Mon Sep 21 15:46:04 UTC 2020
------------------ testing $PTII/ptolemy/domains/de/test/auto/Modal2.xml
auto.tcl: Setting watchdog for 200 seconds at Mon Sep 21 15:46:04 UTC 2020
11 ms. Memory: 55296K Free: 28186K (51%)
ptolemy.util.test.WatchDog.cancel(): canceling Mon Sep 21 15:46:04 UTC 2020
auto.tcl: Setting watchdog for 200 seconds at Mon Sep 21 15:46:04 UTC 2020
11 ms. Memory: 55296K Free: 24956K (45%)
ptolemy.util.test.WatchDog.cancel(): canceling Mon Sep 21 15:46:04 UTC 2020
------------------ testing $PTII/ptolemy/domains/de/test/auto/Modal3.xml
auto.tcl: Setting watchdog for 200 seconds at Mon Sep 21 15:46:05 UTC 2020
11 ms. Memory: 51200K Free: 23642K (46%)
ptolemy.util.test.WatchDog.cancel(): canceling Mon Sep 21 15:46:05 UTC 2020
auto.tcl: Setting watchdog for 200 seconds at Mon Sep 21 15:46:05 UTC 2020
11 ms. Memory: 51200K Free: 20489K (40%)
ptolemy.util.test.WatchDog.cancel(): canceling Mon Sep 21 15:46:05 UTC 2020
------------------ testing $PTII/ptolemy/domains/de/test/auto/Modal4.xml
auto.tcl: Setting watchdog for 200 seconds at Mon Sep 21 15:46:05 UTC 2020
24 ms. Memory: 51200K Free: 23086K (45%)
ptolemy.util.test.WatchDog.cancel(): canceling Mon Sep 21 15:46:05 UTC 2020
auto.tcl: Setting watchdog for 200 seconds at Mon Sep 21 15:46:05 UTC 2020
22 ms. Memory: 51200K Free: 19228K (38%)
ptolemy.util.test.WatchDog.cancel(): canceling Mon Sep 21 15:46:05 UTC 2020
------------------ testing $PTII/ptolemy/domains/de/test/auto/Modal5.xml
auto.tcl: Setting watchdog for 200 seconds at Mon Sep 21 15:46:05 UTC 2020
15 ms. Memory: 51200K Free: 23051K (45%)
ptolemy.util.test.WatchDog.cancel(): canceling Mon Sep 21 15:46:05 UTC 2020
auto.tcl: Setting watchdog for 200 seconds at Mon Sep 21 15:46:05 UTC 2020
14 ms. Memory: 51200K Free: 19214K (38%)
ptolemy.util.test.WatchDog.cancel(): canceling Mon Sep 21 15:46:05 UTC 2020
------------------ testing $PTII/ptolemy/domains/de/test/auto/Modal6.xml
auto.tcl: Setting watchdog for 200 seconds at Mon Sep 21 15:46:05 UTC 2020
12 ms. Memory: 51200K Free: 23805K (46%)
ptolemy.util.test.WatchDog.cancel(): canceling Mon Sep 21 15:46:05 UTC 2020
auto.tcl: Setting watchdog for 200 seconds at Mon Sep 21 15:46:05 UTC 2020
13 ms. Memory: 51200K Free: 19856K (39%)
ptolemy.util.test.WatchDog.cancel(): canceling Mon Sep 21 15:46:05 UTC 2020
------------------ testing $PTII/ptolemy/domains/de/test/auto/Modal7.xml
auto.tcl: Setting watchdog for 200 seconds at Mon Sep 21 15:46:05 UTC 2020
26 ms. Memory: 51200K Free: 22798K (45%)
ptolemy.util.test.WatchDog.cancel(): canceling Mon Sep 21 15:46:05 UTC 2020
auto.tcl: Setting watchdog for 200 seconds at Mon Sep 21 15:46:05 UTC 2020
13 ms. Memory: 51200K Free: 19213K (38%)
ptolemy.util.test.WatchDog.cancel(): canceling Mon Sep 21 15:46:05 UTC 2020
------------------ testing $PTII/ptolemy/domains/de/test/auto/ModalModel.xml
auto.tcl: Setting watchdog for 200 seconds at Mon Sep 21 15:46:05 UTC 2020
205 ms. Memory: 51200K Free: 12625K (25%)
ptolemy.util.test.WatchDog.cancel(): canceling Mon Sep 21 15:46:05 UTC 2020
auto.tcl: Setting watchdog for 200 seconds at Mon Sep 21 15:46:05 UTC 2020
194 ms. Memory: 61440K Free: 44014K (72%)
ptolemy.util.test.WatchDog.cancel(): canceling Mon Sep 21 15:46:06 UTC 2020
------------------ testing $PTII/ptolemy/domains/de/test/auto/ModalSource.xml
auto.tcl: Setting watchdog for 200 seconds at Mon Sep 21 15:46:06 UTC 2020
8 ms. Memory: 55296K Free: 31983K (58%)
ptolemy.util.test.WatchDog.cancel(): canceling Mon Sep 21 15:46:06 UTC 2020
auto.tcl: Setting watchdog for 200 seconds at Mon Sep 21 15:46:06 UTC 2020
7 ms. Memory: 55296K Free: 29935K (54%)
ptolemy.util.test.WatchDog.cancel(): canceling Mon Sep 21 15:46:06 UTC 2020
------------------ testing $PTII/ptolemy/domains/de/test/auto/NonInterruptibleTimerZeroDelay.xml
auto.tcl: Setting watchdog for 200 seconds at Mon Sep 21 15:46:06 UTC 2020
3 ms. Memory: 55296K Free: 36889K (67%)
ptolemy.util.test.WatchDog.cancel(): canceling Mon Sep 21 15:46:06 UTC 2020
auto.tcl: Setting watchdog for 200 seconds at Mon Sep 21 15:46:06 UTC 2020
2 ms. Memory: 55296K Free: 36253K (66%)
ptolemy.util.test.WatchDog.cancel(): canceling Mon Sep 21 15:46:06 UTC 2020
------------------ testing $PTII/ptolemy/domains/de/test/auto/OpenQueueingNetwork.xml
auto.tcl: Setting watchdog for 200 seconds at Mon Sep 21 15:46:06 UTC 2020
2820 ms. Memory: 100352K Free: 80125K (80%)
ptolemy.util.test.WatchDog.cancel(): canceling Mon Sep 21 15:46:09 UTC 2020
auto.tcl: Setting watchdog for 200 seconds at Mon Sep 21 15:46:09 UTC 2020
2756 ms. Memory: 145408K Free: 68845K (47%)
ptolemy.util.test.WatchDog.cancel(): canceling Mon Sep 21 15:46:11 UTC 2020
------------------ testing $PTII/ptolemy/domains/de/test/auto/OpenQueuingNetwork.xml
auto.tcl: Setting watchdog for 200 seconds at Mon Sep 21 15:46:11 UTC 2020
253 ms. Memory: 55296K Free: 22226K (40%)
ptolemy.util.test.WatchDog.cancel(): canceling Mon Sep 21 15:46:12 UTC 2020
auto.tcl: Setting watchdog for 200 seconds at Mon Sep 21 15:46:12 UTC 2020
233 ms. Memory: 55296K Free: 29902K (54%)
ptolemy.util.test.WatchDog.cancel(): canceling Mon Sep 21 15:46:12 UTC 2020
------------------ testing $PTII/ptolemy/domains/de/test/auto/PeriodicSampler.xml
auto.tcl: Setting watchdog for 200 seconds at Mon Sep 21 15:46:12 UTC 2020
1 ms. Memory: 55296K Free: 36123K (65%)
ptolemy.util.test.WatchDog.cancel(): canceling Mon Sep 21 15:46:12 UTC 2020
auto.tcl: Setting watchdog for 200 seconds at Mon Sep 21 15:46:12 UTC 2020
1 ms. Memory: 55296K Free: 35611K (64%)
ptolemy.util.test.WatchDog.cancel(): canceling Mon Sep 21 15:46:12 UTC 2020
------------------ testing $PTII/ptolemy/domains/de/test/auto/PersistentIO.xml
auto.tcl: Setting watchdog for 200 seconds at Mon Sep 21 15:46:12 UTC 2020
4 ms. Memory: 55296K Free: 31047K (56%)
ptolemy.util.test.WatchDog.cancel(): canceling Mon Sep 21 15:46:12 UTC 2020
auto.tcl: Setting watchdog for 200 seconds at Mon Sep 21 15:46:12 UTC 2020
3 ms. Memory: 55296K Free: 29527K (53%)
ptolemy.util.test.WatchDog.cancel(): canceling Mon Sep 21 15:46:12 UTC 2020
------------------ testing $PTII/ptolemy/domains/de/test/auto/PortParameterResetOnInitialize.xml
auto.tcl: Setting watchdog for 200 seconds at Mon Sep 21 15:46:12 UTC 2020
2 ms. Memory: 51200K Free: 31919K (62%)
ptolemy.util.test.WatchDog.cancel(): canceling Mon Sep 21 15:46:12 UTC 2020
auto.tcl: Setting watchdog for 200 seconds at Mon Sep 21 15:46:12 UTC 2020
2 ms. Memory: 51200K Free: 31439K (61%)
ptolemy.util.test.WatchDog.cancel(): canceling Mon Sep 21 15:46:12 UTC 2020
------------------ testing $PTII/ptolemy/domains/de/test/auto/PortParameterUpdates.xml
auto.tcl: Setting watchdog for 200 seconds at Mon Sep 21 15:46:12 UTC 2020
3 ms. Memory: 51200K Free: 30004K (59%)
ptolemy.util.test.WatchDog.cancel(): canceling Mon Sep 21 15:46:12 UTC 2020
auto.tcl: Setting watchdog for 200 seconds at Mon Sep 21 15:46:12 UTC 2020
3 ms. Memory: 51200K Free: 29020K (57%)
ptolemy.util.test.WatchDog.cancel(): canceling Mon Sep 21 15:46:12 UTC 2020
------------------ testing $PTII/ptolemy/domains/de/test/auto/QueueAndServer.xml
auto.tcl: Setting watchdog for 200 seconds at Mon Sep 21 15:46:12 UTC 2020
9 ms. Memory: 51200K Free: 28974K (57%)
ptolemy.util.test.WatchDog.cancel(): canceling Mon Sep 21 15:46:12 UTC 2020
auto.tcl: Setting watchdog for 200 seconds at Mon Sep 21 15:46:12 UTC 2020
8 ms. Memory: 51200K Free: 27493K (54%)
ptolemy.util.test.WatchDog.cancel(): canceling Mon Sep 21 15:46:12 UTC 2020
------------------ testing $PTII/ptolemy/domains/de/test/auto/Records.xml
auto.tcl: Setting watchdog for 200 seconds at Mon Sep 21 15:46:12 UTC 2020
2 ms. Memory: 51200K Free: 31191K (61%)
ptolemy.util.test.WatchDog.cancel(): canceling Mon Sep 21 15:46:12 UTC 2020
auto.tcl: Setting watchdog for 200 seconds at Mon Sep 21 15:46:12 UTC 2020
3 ms. Memory: 51200K Free: 30671K (60%)
ptolemy.util.test.WatchDog.cancel(): canceling Mon Sep 21 15:46:12 UTC 2020
------------------ testing $PTII/ptolemy/domains/de/test/auto/ResetTransitionWithStartTime1.xml
auto.tcl: Setting watchdog for 200 seconds at Mon Sep 21 15:46:12 UTC 2020
8 ms. Memory: 51200K Free: 28436K (56%)
ptolemy.util.test.WatchDog.cancel(): canceling Mon Sep 21 15:46:13 UTC 2020
auto.tcl: Setting watchdog for 200 seconds at Mon Sep 21 15:46:13 UTC 2020
4 ms. Memory: 51200K Free: 25901K (51%)
ptolemy.util.test.WatchDog.cancel(): canceling Mon Sep 21 15:46:13 UTC 2020
------------------ testing $PTII/ptolemy/domains/de/test/auto/ResetTransitionWithStartTime2.xml
auto.tcl: Setting watchdog for 200 seconds at Mon Sep 21 15:46:13 UTC 2020
5 ms. Memory: 51200K Free: 28475K (56%)
ptolemy.util.test.WatchDog.cancel(): canceling Mon Sep 21 15:46:13 UTC 2020
auto.tcl: Setting watchdog for 200 seconds at Mon Sep 21 15:46:13 UTC 2020
6 ms. Memory: 51200K Free: 26343K (51%)
ptolemy.util.test.WatchDog.cancel(): canceling Mon Sep 21 15:46:13 UTC 2020
------------------ testing $PTII/ptolemy/domains/de/test/auto/ResetTransitionWithStartTime3.xml
auto.tcl: Setting watchdog for 200 seconds at Mon Sep 21 15:46:13 UTC 2020
4 ms. Memory: 51200K Free: 28390K (55%)
ptolemy.util.test.WatchDog.cancel(): canceling Mon Sep 21 15:46:13 UTC 2020
auto.tcl: Setting watchdog for 200 seconds at Mon Sep 21 15:46:13 UTC 2020
6 ms. Memory: 51200K Free: 25854K (50%)
ptolemy.util.test.WatchDog.cancel(): canceling Mon Sep 21 15:46:13 UTC 2020
------------------ testing $PTII/ptolemy/domains/de/test/auto/ResetTransitionWithStartTime4.xml
auto.tcl: Setting watchdog for 200 seconds at Mon Sep 21 15:46:13 UTC 2020
10 ms. Memory: 51200K Free: 28837K (56%)
ptolemy.util.test.WatchDog.cancel(): canceling Mon Sep 21 15:46:13 UTC 2020
auto.tcl: Setting watchdog for 200 seconds at Mon Sep 21 15:46:13 UTC 2020
4 ms. Memory: 51200K Free: 27416K (54%)
ptolemy.util.test.WatchDog.cancel(): canceling Mon Sep 21 15:46:13 UTC 2020
------------------ testing $PTII/ptolemy/domains/de/test/auto/ResettableTimer1.xml
auto.tcl: Setting watchdog for 200 seconds at Mon Sep 21 15:46:13 UTC 2020
2 ms. Memory: 51200K Free: 32588K (64%)
ptolemy.util.test.WatchDog.cancel(): canceling Mon Sep 21 15:46:13 UTC 2020
auto.tcl: Setting watchdog for 200 seconds at Mon Sep 21 15:46:13 UTC 2020
2 ms. Memory: 51200K Free: 31955K (62%)
ptolemy.util.test.WatchDog.cancel(): canceling Mon Sep 21 15:46:13 UTC 2020
------------------ testing $PTII/ptolemy/domains/de/test/auto/ResettableTimer2.xml
auto.tcl: Setting watchdog for 200 seconds at Mon Sep 21 15:46:13 UTC 2020
2 ms. Memory: 51200K Free: 32630K (64%)
ptolemy.util.test.WatchDog.cancel(): canceling Mon Sep 21 15:46:13 UTC 2020
auto.tcl: Setting watchdog for 200 seconds at Mon Sep 21 15:46:13 UTC 2020
2 ms. Memory: 51200K Free: 31529K (62%)
ptolemy.util.test.WatchDog.cancel(): canceling Mon Sep 21 15:46:13 UTC 2020
------------------ testing $PTII/ptolemy/domains/de/test/auto/ResettableTimer3.xml
auto.tcl: Setting watchdog for 200 seconds at Mon Sep 21 15:46:13 UTC 2020
2 ms. Memory: 51200K Free: 33018K (64%)
ptolemy.util.test.WatchDog.cancel(): canceling Mon Sep 21 15:46:13 UTC 2020
auto.tcl: Setting watchdog for 200 seconds at Mon Sep 21 15:46:13 UTC 2020
1 ms. Memory: 51200K Free: 32533K (64%)
ptolemy.util.test.WatchDog.cancel(): canceling Mon Sep 21 15:46:13 UTC 2020
------------------ testing $PTII/ptolemy/domains/de/test/auto/ResettableTimer4.xml
auto.tcl: Setting watchdog for 200 seconds at Mon Sep 21 15:46:13 UTC 2020
1 ms. Memory: 51200K Free: 32547K (64%)
ptolemy.util.test.WatchDog.cancel(): canceling Mon Sep 21 15:46:13 UTC 2020
auto.tcl: Setting watchdog for 200 seconds at Mon Sep 21 15:46:13 UTC 2020
2 ms. Memory: 51200K Free: 32536K (64%)
ptolemy.util.test.WatchDog.cancel(): canceling Mon Sep 21 15:46:13 UTC 2020
------------------ testing $PTII/ptolemy/domains/de/test/auto/ResettableTimer5.xml
auto.tcl: Setting watchdog for 200 seconds at Mon Sep 21 15:46:13 UTC 2020
2 ms. Memory: 51200K Free: 32006K (63%)
ptolemy.util.test.WatchDog.cancel(): canceling Mon Sep 21 15:46:13 UTC 2020
auto.tcl: Setting watchdog for 200 seconds at Mon Sep 21 15:46:13 UTC 2020
2 ms. Memory: 51200K Free: 31521K (62%)
ptolemy.util.test.WatchDog.cancel(): canceling Mon Sep 21 15:46:13 UTC 2020
------------------ testing $PTII/ptolemy/domains/de/test/auto/ResettableTimer6.xml
auto.tcl: Setting watchdog for 200 seconds at Mon Sep 21 15:46:13 UTC 2020
2 ms. Memory: 51200K Free: 32004K (63%)
ptolemy.util.test.WatchDog.cancel(): canceling Mon Sep 21 15:46:13 UTC 2020
auto.tcl: Setting watchdog for 200 seconds at Mon Sep 21 15:46:13 UTC 2020
2 ms. Memory: 51200K Free: 31519K (62%)
ptolemy.util.test.WatchDog.cancel(): canceling Mon Sep 21 15:46:13 UTC 2020
------------------ testing $PTII/ptolemy/domains/de/test/auto/ServerZeroDelay.xml
auto.tcl: Setting watchdog for 200 seconds at Mon Sep 21 15:46:13 UTC 2020
2 ms. Memory: 51200K Free: 32516K (64%)
ptolemy.util.test.WatchDog.cancel(): canceling Mon Sep 21 15:46:13 UTC 2020
auto.tcl: Setting watchdog for 200 seconds at Mon Sep 21 15:46:13 UTC 2020
2 ms. Memory: 51200K Free: 31498K (62%)
ptolemy.util.test.WatchDog.cancel(): canceling Mon Sep 21 15:46:13 UTC 2020
------------------ testing $PTII/ptolemy/domains/de/test/auto/SmartSender.xml
auto.tcl: Setting watchdog for 200 seconds at Mon Sep 21 15:46:13 UTC 2020
3001 ms. Memory: 51200K Free: 32510K (63%)
ptolemy.util.test.WatchDog.cancel(): canceling Mon Sep 21 15:46:16 UTC 2020
auto.tcl: Setting watchdog for 200 seconds at Mon Sep 21 15:46:16 UTC 2020
3002 ms. Memory: 51200K Free: 32023K (63%)
ptolemy.util.test.WatchDog.cancel(): canceling Mon Sep 21 15:46:19 UTC 2020
------------------ testing $PTII/ptolemy/domains/de/test/auto/ThreadedComposite.xml
auto.tcl: Setting watchdog for 200 seconds at Mon Sep 21 15:46:19 UTC 2020
262 ms. Memory: 51200K Free: 12554K (25%)
ptolemy.util.test.WatchDog.cancel(): canceling Mon Sep 21 15:46:20 UTC 2020
auto.tcl: Setting watchdog for 200 seconds at Mon Sep 21 15:46:20 UTC 2020
149 ms. Memory: 51200K Free: 26935K (53%)
ptolemy.util.test.WatchDog.cancel(): canceling Mon Sep 21 15:46:20 UTC 2020
------------------ testing $PTII/ptolemy/domains/de/test/auto/Time.xml
auto.tcl: Setting watchdog for 200 seconds at Mon Sep 21 15:46:20 UTC 2020
524 ms. Memory: 51200K Free: 30617K (60%)
ptolemy.util.test.WatchDog.cancel(): canceling Mon Sep 21 15:46:20 UTC 2020
auto.tcl: Setting watchdog for 200 seconds at Mon Sep 21 15:46:20 UTC 2020
406 ms. Memory: 51200K Free: 30211K (59%)
ptolemy.util.test.WatchDog.cancel(): canceling Mon Sep 21 15:46:21 UTC 2020
------------------ testing $PTII/ptolemy/domains/de/test/auto/TimeDelayZeroDelay.xml
auto.tcl: Setting watchdog for 200 seconds at Mon Sep 21 15:46:21 UTC 2020
3 ms. Memory: 51200K Free: 32437K (63%)
ptolemy.util.test.WatchDog.cancel(): canceling Mon Sep 21 15:46:21 UTC 2020
auto.tcl: Setting watchdog for 200 seconds at Mon Sep 21 15:46:21 UTC 2020
2 ms. Memory: 51200K Free: 31554K (62%)
ptolemy.util.test.WatchDog.cancel(): canceling Mon Sep 21 15:46:21 UTC 2020
------------------ testing $PTII/ptolemy/domains/de/test/auto/TimerZeroDelay.xml
auto.tcl: Setting watchdog for 200 seconds at Mon Sep 21 15:46:21 UTC 2020
2 ms. Memory: 51200K Free: 32895K (64%)
ptolemy.util.test.WatchDog.cancel(): canceling Mon Sep 21 15:46:21 UTC 2020
auto.tcl: Setting watchdog for 200 seconds at Mon Sep 21 15:46:21 UTC 2020
2 ms. Memory: 51200K Free: 32477K (63%)
ptolemy.util.test.WatchDog.cancel(): canceling Mon Sep 21 15:46:21 UTC 2020
------------------ testing $PTII/ptolemy/domains/de/test/auto/TimingParadox.xml
auto.tcl: Setting watchdog for 200 seconds at Mon Sep 21 15:46:21 UTC 2020
304 ms. Memory: 51200K Free: 17553K (34%)
ptolemy.util.test.WatchDog.cancel(): canceling Mon Sep 21 15:46:21 UTC 2020
auto.tcl: Setting watchdog for 200 seconds at Mon Sep 21 15:46:21 UTC 2020
297 ms. Memory: 51200K Free: 32919K (64%)
ptolemy.util.test.WatchDog.cancel(): canceling Mon Sep 21 15:46:22 UTC 2020
------------------ testing $PTII/ptolemy/domains/de/test/auto/TransferInputs.xml
auto.tcl: Setting watchdog for 200 seconds at Mon Sep 21 15:46:22 UTC 2020
2 ms. Memory: 51200K Free: 30959K (60%)
ptolemy.util.test.WatchDog.cancel(): canceling Mon Sep 21 15:46:22 UTC 2020
auto.tcl: Setting watchdog for 200 seconds at Mon Sep 21 15:46:22 UTC 2020
2 ms. Memory: 51200K Free: 30037K (59%)
ptolemy.util.test.WatchDog.cancel(): canceling Mon Sep 21 15:46:22 UTC 2020
------------------ testing $PTII/ptolemy/domains/de/test/auto/TransferOutputs2.xml
auto.tcl: Setting watchdog for 200 seconds at Mon Sep 21 15:46:22 UTC 2020
5 ms. Memory: 51200K Free: 28387K (55%)
ptolemy.util.test.WatchDog.cancel(): canceling Mon Sep 21 15:46:22 UTC 2020
auto.tcl: Setting watchdog for 200 seconds at Mon Sep 21 15:46:22 UTC 2020
3 ms. Memory: 51200K Free: 26981K (53%)
ptolemy.util.test.WatchDog.cancel(): canceling Mon Sep 21 15:46:22 UTC 2020
------------------ testing $PTII/ptolemy/domains/de/test/auto/Trilateration.xml
auto.tcl: Setting watchdog for 200 seconds at Mon Sep 21 15:46:22 UTC 2020
12372 ms. Memory: 454656K Free: 301845K (66%)
ptolemy.util.test.WatchDog.cancel(): canceling Mon Sep 21 15:46:35 UTC 2020
auto.tcl: Setting watchdog for 200 seconds at Mon Sep 21 15:46:35 UTC 2020
9083 ms. Memory: 454656K Free: 363052K (80%)
ptolemy.util.test.WatchDog.cancel(): canceling Mon Sep 21 15:46:44 UTC 2020
------------------ testing $PTII/ptolemy/domains/de/test/auto/TwoSigmaDelta.xml
auto.tcl: Setting watchdog for 200 seconds at Mon Sep 21 15:46:45 UTC 2020
2292 ms. Memory: 89088K Free: 16315K (18%)
ptolemy.util.test.WatchDog.cancel(): canceling Mon Sep 21 15:46:47 UTC 2020
auto.tcl: Setting watchdog for 200 seconds at Mon Sep 21 15:46:47 UTC 2020
1851 ms. Memory: 89088K Free: 14244K (16%)
ptolemy.util.test.WatchDog.cancel(): canceling Mon Sep 21 15:46:49 UTC 2020
------------------ testing $PTII/ptolemy/domains/de/test/auto/VariableDelay.xml
auto.tcl: Setting watchdog for 200 seconds at Mon Sep 21 15:46:49 UTC 2020
2 ms. Memory: 55296K Free: 35530K (64%)
ptolemy.util.test.WatchDog.cancel(): canceling Mon Sep 21 15:46:49 UTC 2020
auto.tcl: Setting watchdog for 200 seconds at Mon Sep 21 15:46:49 UTC 2020
2 ms. Memory: 55296K Free: 34520K (62%)
ptolemy.util.test.WatchDog.cancel(): canceling Mon Sep 21 15:46:49 UTC 2020
------------------ testing $PTII/ptolemy/domains/de/test/auto/VariableDelay2.xml
auto.tcl: Setting watchdog for 200 seconds at Mon Sep 21 15:46:49 UTC 2020
5 ms. Memory: 55296K Free: 36462K (66%)
ptolemy.util.test.WatchDog.cancel(): canceling Mon Sep 21 15:46:49 UTC 2020
auto.tcl: Setting watchdog for 200 seconds at Mon Sep 21 15:46:49 UTC 2020
2 ms. Memory: 55296K Free: 35433K (64%)
ptolemy.util.test.WatchDog.cancel(): canceling Mon Sep 21 15:46:49 UTC 2020
------------------ testing $PTII/ptolemy/domains/de/test/auto/VariableDelayZeroDelay.xml
auto.tcl: Setting watchdog for 200 seconds at Mon Sep 21 15:46:49 UTC 2020
2 ms. Memory: 55296K Free: 36457K (66%)
ptolemy.util.test.WatchDog.cancel(): canceling Mon Sep 21 15:46:49 UTC 2020
auto.tcl: Setting watchdog for 200 seconds at Mon Sep 21 15:46:49 UTC 2020
1 ms. Memory: 55296K Free: 35929K (65%)
ptolemy.util.test.WatchDog.cancel(): canceling Mon Sep 21 15:46:49 UTC 2020
------------------ testing $PTII/ptolemy/domains/de/test/auto/VariableDelayZeroDelay2.xml
auto.tcl: Setting watchdog for 200 seconds at Mon Sep 21 15:46:49 UTC 2020
3 ms. Memory: 55296K Free: 36455K (66%)
ptolemy.util.test.WatchDog.cancel(): canceling Mon Sep 21 15:46:49 UTC 2020
auto.tcl: Setting watchdog for 200 seconds at Mon Sep 21 15:46:49 UTC 2020
2 ms. Memory: 55296K Free: 35431K (64%)
ptolemy.util.test.WatchDog.cancel(): canceling Mon Sep 21 15:46:49 UTC 2020
------------------ testing $PTII/ptolemy/domains/de/test/auto/deInCt.xml
auto.tcl: Setting watchdog for 200 seconds at Mon Sep 21 15:46:49 UTC 2020
0
1
1
1
1
1
1
0
0
0
1
1
1
1
0
0
0
1
1
1
1
0
0
0
1
1
1
0
0
0
0
1
1
1
1
15 ms. Memory: 55296K Free: 35428K (64%)
ptolemy.util.test.WatchDog.cancel(): canceling Mon Sep 21 15:46:49 UTC 2020
auto.tcl: Setting watchdog for 200 seconds at Mon Sep 21 15:46:49 UTC 2020
0
1
1
1
1
1
1
0
0
0
1
1
1
0
0
0
0
1
1
1
0
0
0
1
1
1
1
1
13 ms. Memory: 55296K Free: 33890K (61%)
ptolemy.util.test.WatchDog.cancel(): canceling Mon Sep 21 15:46:49 UTC 2020
------------------ testing $PTII/ptolemy/domains/de/test/auto/deInCt2.xml
auto.tcl: Setting watchdog for 200 seconds at Mon Sep 21 15:46:49 UTC 2020
0
1
1
1
0
0
1
1
1
0
0
1
1
1
0
0
1
1
1
0
0
1
1
1
0
0
1
1
1
0
0
1
1
1
0
0
1
1
1
0
0
0
10 ms. Memory: 51200K Free: 31333K (61%)
ptolemy.util.test.WatchDog.cancel(): canceling Mon Sep 21 15:46:49 UTC 2020
auto.tcl: Setting watchdog for 200 seconds at Mon Sep 21 15:46:49 UTC 2020
0
1
1
1
0
0
1
1
1
0
0
1
1
1
0
0
1
1
1
0
0
1
1
1
0
0
1
1
1
0
0
1
1
1
0
0
1
1
1
0
0
0
6 ms. Memory: 51200K Free: 29789K (58%)
ptolemy.util.test.WatchDog.cancel(): canceling Mon Sep 21 15:46:49 UTC 2020
------------------ testing $PTII/ptolemy/domains/de/test/auto/dynamicCausalityInterface1.xml
auto.tcl: Setting watchdog for 200 seconds at Mon Sep 21 15:46:49 UTC 2020
2 ms. Memory: 51200K Free: 27232K (53%)
ptolemy.util.test.WatchDog.cancel(): canceling Mon Sep 21 15:46:49 UTC 2020
auto.tcl: Setting watchdog for 200 seconds at Mon Sep 21 15:46:49 UTC 2020
1 ms. Memory: 51200K Free: 26735K (52%)
ptolemy.util.test.WatchDog.cancel(): canceling Mon Sep 21 15:46:49 UTC 2020
------------------ testing $PTII/ptolemy/domains/de/test/auto/fsm_de_test.xml
auto.tcl: Setting watchdog for 200 seconds at Mon Sep 21 15:46:49 UTC 2020
7 ms. Memory: 51200K Free: 27130K (53%)
ptolemy.util.test.WatchDog.cancel(): canceling Mon Sep 21 15:46:49 UTC 2020
auto.tcl: Setting watchdog for 200 seconds at Mon Sep 21 15:46:49 UTC 2020
6 ms. Memory: 51200K Free: 25082K (49%)
ptolemy.util.test.WatchDog.cancel(): canceling Mon Sep 21 15:46:49 UTC 2020
------------------ testing $PTII/ptolemy/domains/de/test/auto/functionDependencyReconstruction.xml
auto.tcl: Setting watchdog for 200 seconds at Mon Sep 21 15:46:49 UTC 2020
3 ms. Memory: 51200K Free: 20976K (41%)
ptolemy.util.test.WatchDog.cancel(): canceling Mon Sep 21 15:46:49 UTC 2020
auto.tcl: Setting watchdog for 200 seconds at Mon Sep 21 15:46:49 UTC 2020
2 ms. Memory: 51200K Free: 18928K (37%)
ptolemy.util.test.WatchDog.cancel(): canceling Mon Sep 21 15:46:49 UTC 2020
------------------ testing $PTII/ptolemy/domains/de/test/auto/multirate.xml
auto.tcl: Setting watchdog for 200 seconds at Mon Sep 21 15:46:50 UTC 2020
4 ms. Memory: 51200K Free: 29704K (58%)
ptolemy.util.test.WatchDog.cancel(): canceling Mon Sep 21 15:46:50 UTC 2020
auto.tcl: Setting watchdog for 200 seconds at Mon Sep 21 15:46:50 UTC 2020
3 ms. Memory: 51200K Free: 28025K (55%)
ptolemy.util.test.WatchDog.cancel(): canceling Mon Sep 21 15:46:50 UTC 2020
------------------ testing $PTII/ptolemy/domains/de/test/auto/multirate2.xml
auto.tcl: Setting watchdog for 200 seconds at Mon Sep 21 15:46:50 UTC 2020
6 ms. Memory: 51200K Free: 29926K (58%)
ptolemy.util.test.WatchDog.cancel(): canceling Mon Sep 21 15:46:50 UTC 2020
auto.tcl: Setting watchdog for 200 seconds at Mon Sep 21 15:46:50 UTC 2020
3 ms. Memory: 51200K Free: 28703K (56%)
ptolemy.util.test.WatchDog.cancel(): canceling Mon Sep 21 15:46:50 UTC 2020
------------------ testing $PTII/ptolemy/domains/de/test/auto/realtime.xml
auto.tcl: Setting watchdog for 200 seconds at Mon Sep 21 15:46:50 UTC 2020
10003 ms. Memory: 51200K Free: 32013K (63%)
ptolemy.util.test.WatchDog.cancel(): canceling Mon Sep 21 15:47:00 UTC 2020
auto.tcl: Setting watchdog for 200 seconds at Mon Sep 21 15:47:00 UTC 2020
10002 ms. Memory: 51200K Free: 31278K (61%)
ptolemy.util.test.WatchDog.cancel(): canceling Mon Sep 21 15:47:10 UTC 2020
------------------ testing $PTII/ptolemy/domains/de/test/auto/relationGroup.xml
auto.tcl: Setting watchdog for 200 seconds at Mon Sep 21 15:47:10 UTC 2020
2 ms. Memory: 51200K Free: 33092K (65%)
ptolemy.util.test.WatchDog.cancel(): canceling Mon Sep 21 15:47:10 UTC 2020
auto.tcl: Setting watchdog for 200 seconds at Mon Sep 21 15:47:10 UTC 2020
1 ms. Memory: 51200K Free: 32357K (63%)
ptolemy.util.test.WatchDog.cancel(): canceling Mon Sep 21 15:47:10 UTC 2020
------------------ testing $PTII/ptolemy/domains/de/test/auto/relationGroup2.xml
auto.tcl: Setting watchdog for 200 seconds at Mon Sep 21 15:47:10 UTC 2020
1 ms. Memory: 51200K Free: 33118K (65%)
ptolemy.util.test.WatchDog.cancel(): canceling Mon Sep 21 15:47:10 UTC 2020
auto.tcl: Setting watchdog for 200 seconds at Mon Sep 21 15:47:10 UTC 2020
1 ms. Memory: 51200K Free: 32382K (63%)
ptolemy.util.test.WatchDog.cancel(): canceling Mon Sep 21 15:47:10 UTC 2020
------------------ testing $PTII/ptolemy/domains/de/test/auto/sortWithOpaquePorts.xml
auto.tcl: Setting watchdog for 200 seconds at Mon Sep 21 15:47:10 UTC 2020
1 ms. Memory: 51200K Free: 31860K (62%)
ptolemy.util.test.WatchDog.cancel(): canceling Mon Sep 21 15:47:10 UTC 2020
auto.tcl: Setting watchdog for 200 seconds at Mon Sep 21 15:47:10 UTC 2020
2 ms. Memory: 51200K Free: 30836K (60%)
ptolemy.util.test.WatchDog.cancel(): canceling Mon Sep 21 15:47:10 UTC 2020
------------------ testing $PTII/ptolemy/domains/de/test/auto/transferInputsandOutputs.xml
auto.tcl: Setting watchdog for 200 seconds at Mon Sep 21 15:47:10 UTC 2020
3 ms. Memory: 51200K Free: 29298K (57%)
ptolemy.util.test.WatchDog.cancel(): canceling Mon Sep 21 15:47:10 UTC 2020
auto.tcl: Setting watchdog for 200 seconds at Mon Sep 21 15:47:10 UTC 2020
2 ms. Memory: 51200K Free: 28274K (55%)
ptolemy.util.test.WatchDog.cancel(): canceling Mon Sep 21 15:47:10 UTC 2020
------------------ testing $PTII/ptolemy/domains/de/test/auto/triggerType.xml
auto.tcl: Setting watchdog for 200 seconds at Mon Sep 21 15:47:10 UTC 2020
2 ms. Memory: 51200K Free: 32323K (63%)
ptolemy.util.test.WatchDog.cancel(): canceling Mon Sep 21 15:47:10 UTC 2020
auto.tcl: Setting watchdog for 200 seconds at Mon Sep 21 15:47:10 UTC 2020
2 ms. Memory: 51200K Free: 31299K (61%)
ptolemy.util.test.WatchDog.cancel(): canceling Mon Sep 21 15:47:10 UTC 2020
09/21/20 03:47:10
Failed: 0  Total Tests: 192  ((Passed: 187, Newly Passed: 1)  Known Failed: 5) /home/travis/build/icyphy/ptII/ptolemy/domains/de/test
09/21/20 03:47:10
Failed: 0  Total Tests: 192  ((Passed: 187, Newly Passed: 1)  Known Failed: 5) /home/travis/build/icyphy/ptII/ptolemy/domains/de/test
----------------- testing (KnownFailure) /home/travis/build/icyphy/ptII/ptolemy/domains/de/test/auto/knownFailedTests/DESDFClockTest.xml
2017 ms. Memory: 51200K Free: 25718K (50%)
Known Failure: java.lang.reflect.InvocationTargetException
----------------- testing (KnownFailure) /home/travis/build/icyphy/ptII/ptolemy/domains/de/test/auto/knownFailedTests/DirectFeedback.xml
2 ms. Memory: 51200K Free: 21622K (42%)
Known Failure: java.lang.reflect.InvocationTargetException
----------------- testing (KnownFailure) /home/travis/build/icyphy/ptII/ptolemy/domains/de/test/auto/knownFailedTests/FSMSource.xml
17 ms. Memory: 51200K Free: 13416K (26%)
----------------- testing (KnownFailure) /home/travis/build/icyphy/ptII/ptolemy/domains/de/test/auto/knownFailedTests/HierarchicalModel.xml
2 ms. Memory: 51200K Free: 25416K (50%)
Known Failure: java.lang.reflect.InvocationTargetException
----------------- testing (KnownFailure) /home/travis/build/icyphy/ptII/ptolemy/domains/de/test/auto/knownFailedTests/dependencyLoop.xml
2 ms. Memory: 51200K Free: 10064K (20%)
Known Failure: java.lang.reflect.InvocationTargetException
----------------- testing (KnownFailure) /home/travis/build/icyphy/ptII/ptolemy/domains/de/test/auto/knownFailedTests/dependencyLoop2.xml
2 ms. Memory: 51200K Free: 22856K (45%)
Known Failure: java.lang.reflect.InvocationTargetException
No auto/linux-amd64/*.xml tests in /home/travis/build/icyphy/ptII/ptolemy/domains/de/test
AutoTests.java: About to close Vertx.
AutoTests.java: Vertx closed.

===========================================================================================
----------------- testing Mon Sep 21 15:47:12 UTC 2020 /home/travis/build/icyphy/ptII/ptolemy/domains/de/test/auto/ActorDepthCalculation_actorWithoutPorts.xml
----------------- Instantiating /home/travis/build/icyphy/ptII/ptolemy/domains/de/test/auto/ActorDepthCalculation_actorWithoutPorts.xml
2 ms. Memory: 51200K Free: 16313K (32%)
----------------- Invoking toplevel() on ptolemy.moml.MoMLSimpleApplication@4fa2d049
----------------- Done invoking toplevel() on ptolemy.moml.MoMLSimpleApplication@4fa2d049
reloadAllAccessors: .ActorDepthCalculation_actorWithoutPorts

===========================================================================================
----------------- testing Mon Sep 21 15:47:12 UTC 2020 /home/travis/build/icyphy/ptII/ptolemy/domains/de/test/auto/AssemblyLine.xml
----------------- Instantiating /home/travis/build/icyphy/ptII/ptolemy/domains/de/test/auto/AssemblyLine.xml
2 ms. Memory: 51200K Free: 9183K (18%)
----------------- Invoking toplevel() on ptolemy.moml.MoMLSimpleApplication@5346a975
----------------- Done invoking toplevel() on ptolemy.moml.MoMLSimpleApplication@5346a975
reloadAllAccessors: .AssemblyLine

===========================================================================================
----------------- testing Mon Sep 21 15:47:12 UTC 2020 /home/travis/build/icyphy/ptII/ptolemy/domains/de/test/auto/CQBug1.xml
----------------- Instantiating /home/travis/build/icyphy/ptII/ptolemy/domains/de/test/auto/CQBug1.xml
1 ms. Memory: 51200K Free: 34108K (67%)
----------------- Invoking toplevel() on ptolemy.moml.MoMLSimpleApplication@4966f8b6
----------------- Done invoking toplevel() on ptolemy.moml.MoMLSimpleApplication@4966f8b6
reloadAllAccessors: .CQBug1

===========================================================================================
----------------- testing Mon Sep 21 15:47:12 UTC 2020 /home/travis/build/icyphy/ptII/ptolemy/domains/de/test/auto/CancelFireAt.xml
----------------- Instantiating /home/travis/build/icyphy/ptII/ptolemy/domains/de/test/auto/CancelFireAt.xml
1 ms. Memory: 51200K Free: 31719K (62%)
----------------- Invoking toplevel() on ptolemy.moml.MoMLSimpleApplication@29c5f9c5
----------------- Done invoking toplevel() on ptolemy.moml.MoMLSimpleApplication@29c5f9c5
reloadAllAccessors: .CancelFireAt

===========================================================================================
----------------- testing Mon Sep 21 15:47:12 UTC 2020 /home/travis/build/icyphy/ptII/ptolemy/domains/de/test/auto/CausalityAndComposabilityAnalysis.xml
----------------- Instantiating /home/travis/build/icyphy/ptII/ptolemy/domains/de/test/auto/CausalityAndComposabilityAnalysis.xml
14 ms. Memory: 51200K Free: 27336K (53%)
----------------- Invoking toplevel() on ptolemy.moml.MoMLSimpleApplication@2da7a58d
----------------- Done invoking toplevel() on ptolemy.moml.MoMLSimpleApplication@2da7a58d
reloadAllAccessors: .CausalityAndComposabilityAnalysis

===========================================================================================
----------------- testing Mon Sep 21 15:47:13 UTC 2020 /home/travis/build/icyphy/ptII/ptolemy/domains/de/test/auto/CausalityInterface1.xml
----------------- Instantiating /home/travis/build/icyphy/ptII/ptolemy/domains/de/test/auto/CausalityInterface1.xml
4 ms. Memory: 51200K Free: 22275K (44%)
----------------- Invoking toplevel() on ptolemy.moml.MoMLSimpleApplication@5386551e
----------------- Done invoking toplevel() on ptolemy.moml.MoMLSimpleApplication@5386551e
reloadAllAccessors: .CausalityInterface1

===========================================================================================
----------------- testing Mon Sep 21 15:47:13 UTC 2020 /home/travis/build/icyphy/ptII/ptolemy/domains/de/test/auto/CausalityInterface15.xml
----------------- Instantiating /home/travis/build/icyphy/ptII/ptolemy/domains/de/test/auto/CausalityInterface15.xml
2 ms. Memory: 51200K Free: 16870K (33%)
----------------- Invoking toplevel() on ptolemy.moml.MoMLSimpleApplication@5aaf1dbc
----------------- Done invoking toplevel() on ptolemy.moml.MoMLSimpleApplication@5aaf1dbc
reloadAllAccessors: .CausalityInterface15

===========================================================================================
----------------- testing Mon Sep 21 15:47:13 UTC 2020 /home/travis/build/icyphy/ptII/ptolemy/domains/de/test/auto/CausalityInterface2.xml
----------------- Instantiating /home/travis/build/icyphy/ptII/ptolemy/domains/de/test/auto/CausalityInterface2.xml
2 ms. Memory: 51200K Free: 12325K (24%)
[...]
	at ptolemy.actor.Manager.run(Manager.java:1263)
	at ptolemy.actor.Manager$PtolemyRunThread.run(Manager.java:1933)
java.lang.RuntimeException: Execution failed
	at ptolemy.moml.MoMLSimpleApplication$UnloadThread.run(MoMLSimpleApplication.java:402)
Caused by: ptolemy.kernel.util.IllegalActionException: Actor is not ready to fire.  Perhaps UpSample.prefire() returned false? Try debugging the actor by selecting "Listen to Actor".  Also, for SDF check moml for tokenConsumptionRate on input.
  in .DESDFClockTest.Play Bell.Copy1:SDF Director and .DESDFClockTest.Play Bell.UpSample
	at ptolemy.actor.sched.StaticSchedulingDirector.fire(StaticSchedulingDirector.java:227)
	at ptolemy.domains.sdf.kernel.SDFDirector.fire(SDFDirector.java:500)
	at ptolemy.actor.CompositeActor.fire(CompositeActor.java:455)
	at ptolemy.domains.de.kernel.DEDirector._fire(DEDirector.java:1949)
	at ptolemy.domains.de.kernel.DEDirector.fire(DEDirector.java:502)
	at ptolemy.actor.CompositeActor.fire(CompositeActor.java:455)
	at ptolemy.actor.Manager.iterate(Manager.java:851)
	at ptolemy.actor.Manager.execute(Manager.java:369)
	at ptolemy.actor.Manager.run(Manager.java:1263)
	at ptolemy.actor.Manager$PtolemyRunThread.run(Manager.java:1933)
java.lang.reflect.InvocationTargetException
	at java.base/jdk.internal.reflect.NativeConstructorAccessorImpl.newInstance0(Native Method)
	at java.base/jdk.internal.reflect.NativeConstructorAccessorImpl.newInstance(NativeConstructorAccessorImpl.java:62)
	at java.base/jdk.internal.reflect.DelegatingConstructorAccessorImpl.newInstance(DelegatingConstructorAccessorImpl.java:45)
	at java.base/java.lang.reflect.Constructor.newInstance(Constructor.java:490)
	at ptolemy.util.test.junit.AutoKnownFailedTests.RunModel(AutoKnownFailedTests.java:105)
	at java.base/jdk.internal.reflect.NativeMethodAccessorImpl.invoke0(Native Method)
	at java.base/jdk.internal.reflect.NativeMethodAccessorImpl.invoke(NativeMethodAccessorImpl.java:62)
	at java.base/jdk.internal.reflect.DelegatingMethodAccessorImpl.invoke(DelegatingMethodAccessorImpl.java:43)
	at java.base/java.lang.reflect.Method.invoke(Method.java:566)
	at org.junit.runners.model.FrameworkMethod$1.runReflectiveCall(FrameworkMethod.java:44)
	at org.junit.internal.runners.model.ReflectiveCallable.run(ReflectiveCallable.java:15)
	at org.junit.runners.model.FrameworkMethod.invokeExplosively(FrameworkMethod.java:41)
	at junitparams.internal.InvokeParameterisedMethod.evaluate(InvokeParameterisedMethod.java:102)
	at org.junit.internal.runners.statements.FailOnTimeout$1.run(FailOnTimeout.java:28)
Caused by: ptolemy.kernel.util.IllegalActionException: Actor is not ready to fire.  Perhaps UpSample.prefire() returned false? Try debugging the actor by selecting "Listen to Actor".  Also, for SDF check moml for tokenConsumptionRate on input.
  in .DESDFClockTest.Play Bell.Copy1:SDF Director and .DESDFClockTest.Play Bell.UpSample
	at ptolemy.actor.sched.StaticSchedulingDirector.fire(StaticSchedulingDirector.java:227)
	at ptolemy.domains.sdf.kernel.SDFDirector.fire(SDFDirector.java:500)
	at ptolemy.actor.CompositeActor.fire(CompositeActor.java:455)
	at ptolemy.domains.de.kernel.DEDirector._fire(DEDirector.java:1949)
	at ptolemy.domains.de.kernel.DEDirector.fire(DEDirector.java:502)
	at ptolemy.actor.CompositeActor.fire(CompositeActor.java:455)
	at ptolemy.actor.Manager.iterate(Manager.java:851)
	at ptolemy.actor.Manager.execute(Manager.java:369)
	at ptolemy.actor.Manager.run(Manager.java:1263)
	at ptolemy.actor.Manager$PtolemyRunThread.run(Manager.java:1933)
java.lang.RuntimeException: Execution failed
	at ptolemy.moml.MoMLSimpleApplication$UnloadThread.run(MoMLSimpleApplication.java:402)
Caused by: ptolemy.kernel.util.IllegalActionException: Test fails in iteration 1.
Value was: 1.0. Should have been: 2.0
  in .DirectFeedback.Test
	at ptolemy.actor.lib.Test.fire(Test.java:268)
	at ptolemy.domains.de.kernel.DEDirector._fire(DEDirector.java:1949)
	at ptolemy.domains.de.kernel.DEDirector.fire(DEDirector.java:502)
	at ptolemy.actor.CompositeActor.fire(CompositeActor.java:455)
	at ptolemy.actor.Manager.iterate(Manager.java:851)
	at ptolemy.actor.Manager.execute(Manager.java:369)
	at ptolemy.actor.Manager.run(Manager.java:1263)
	at ptolemy.actor.Manager$PtolemyRunThread.run(Manager.java:1933)
java.lang.reflect.InvocationTargetException
	at java.base/jdk.internal.reflect.NativeConstructorAccessorImpl.newInstance0(Native Method)
	at java.base/jdk.internal.reflect.NativeConstructorAccessorImpl.newInstance(NativeConstructorAccessorImpl.java:62)
	at java.base/jdk.internal.reflect.DelegatingConstructorAccessorImpl.newInstance(DelegatingConstructorAccessorImpl.java:45)
	at java.base/java.lang.reflect.Constructor.newInstance(Constructor.java:490)
	at ptolemy.util.test.junit.AutoKnownFailedTests.RunModel(AutoKnownFailedTests.java:105)
	at java.base/jdk.internal.reflect.NativeMethodAccessorImpl.invoke0(Native Method)
	at java.base/jdk.internal.reflect.NativeMethodAccessorImpl.invoke(NativeMethodAccessorImpl.java:62)
	at java.base/jdk.internal.reflect.DelegatingMethodAccessorImpl.invoke(DelegatingMethodAccessorImpl.java:43)
	at java.base/java.lang.reflect.Method.invoke(Method.java:566)
	at org.junit.runners.model.FrameworkMethod$1.runReflectiveCall(FrameworkMethod.java:44)
	at org.junit.internal.runners.model.ReflectiveCallable.run(ReflectiveCallable.java:15)
	at org.junit.runners.model.FrameworkMethod.invokeExplosively(FrameworkMethod.java:41)
	at junitparams.internal.InvokeParameterisedMethod.evaluate(InvokeParameterisedMethod.java:102)
	at org.junit.internal.runners.statements.FailOnTimeout$1.run(FailOnTimeout.java:28)
Caused by: ptolemy.kernel.util.IllegalActionException: Test fails in iteration 1.
Value was: 1.0. Should have been: 2.0
  in .DirectFeedback.Test
	at ptolemy.actor.lib.Test.fire(Test.java:268)
	at ptolemy.domains.de.kernel.DEDirector._fire(DEDirector.java:1949)
	at ptolemy.domains.de.kernel.DEDirector.fire(DEDirector.java:502)
	at ptolemy.actor.CompositeActor.fire(CompositeActor.java:455)
	at ptolemy.actor.Manager.iterate(Manager.java:851)
	at ptolemy.actor.Manager.execute(Manager.java:369)
	at ptolemy.actor.Manager.run(Manager.java:1263)
	at ptolemy.actor.Manager$PtolemyRunThread.run(Manager.java:1933)
java.lang.RuntimeException: Execution failed
	at ptolemy.moml.MoMLSimpleApplication$UnloadThread.run(MoMLSimpleApplication.java:402)
Caused by: ptolemy.kernel.util.IllegalActionException: Found a zero delay loop containing .HierarchicalModel.A
  in .HierarchicalModel and .HierarchicalModel.A
	at ptolemy.actor.util.CausalityInterfaceForComposites._computeOutputPortDepth(CausalityInterfaceForComposites.java:759)
	at ptolemy.actor.util.CausalityInterfaceForComposites._computeInputDepth(CausalityInterfaceForComposites.java:696)
	at ptolemy.actor.util.CausalityInterfaceForComposites._computeOutputPortDepth(CausalityInterfaceForComposites.java:765)
	at ptolemy.actor.util.CausalityInterfaceForComposites._computeInputDepth(CausalityInterfaceForComposites.java:696)
	at ptolemy.actor.util.CausalityInterfaceForComposites._computeOutputPortDepth(CausalityInterfaceForComposites.java:765)
	at ptolemy.actor.util.CausalityInterfaceForComposites._computeInputDepth(CausalityInterfaceForComposites.java:696)
	at ptolemy.actor.util.CausalityInterfaceForComposites._computeActorDepth(CausalityInterfaceForComposites.java:532)
	at ptolemy.actor.util.CausalityInterfaceForComposites.checkForCycles(CausalityInterfaceForComposites.java:96)
	at ptolemy.domains.de.kernel.DEDirector.preinitialize(DEDirector.java:1338)
	at ptolemy.actor.CompositeActor.preinitialize(CompositeActor.java:1828)
	at ptolemy.actor.Manager.preinitializeAndResolveTypes(Manager.java:1040)
	at ptolemy.actor.Manager.initialize(Manager.java:710)
	at ptolemy.actor.Manager.execute(Manager.java:356)
	at ptolemy.actor.Manager.run(Manager.java:1263)
	at ptolemy.actor.Manager$PtolemyRunThread.run(Manager.java:1933)
java.lang.reflect.InvocationTargetException
	at java.base/jdk.internal.reflect.NativeConstructorAccessorImpl.newInstance0(Native Method)
	at java.base/jdk.internal.reflect.NativeConstructorAccessorImpl.newInstance(NativeConstructorAccessorImpl.java:62)
	at java.base/jdk.internal.reflect.DelegatingConstructorAccessorImpl.newInstance(DelegatingConstructorAccessorImpl.java:45)
	at java.base/java.lang.reflect.Constructor.newInstance(Constructor.java:490)
	at ptolemy.util.test.junit.AutoKnownFailedTests.RunModel(AutoKnownFailedTests.java:105)
	at java.base/jdk.internal.reflect.NativeMethodAccessorImpl.invoke0(Native Method)
	at java.base/jdk.internal.reflect.NativeMethodAccessorImpl.invoke(NativeMethodAccessorImpl.java:62)
	at java.base/jdk.internal.reflect.DelegatingMethodAccessorImpl.invoke(DelegatingMethodAccessorImpl.java:43)
	at java.base/java.lang.reflect.Method.invoke(Method.java:566)
	at org.junit.runners.model.FrameworkMethod$1.runReflectiveCall(FrameworkMethod.java:44)
	at org.junit.internal.runners.model.ReflectiveCallable.run(ReflectiveCallable.java:15)
	at org.junit.runners.model.FrameworkMethod.invokeExplosively(FrameworkMethod.java:41)
	at junitparams.internal.InvokeParameterisedMethod.evaluate(InvokeParameterisedMethod.java:102)
	at org.junit.internal.runners.statements.FailOnTimeout$1.run(FailOnTimeout.java:28)
Caused by: ptolemy.kernel.util.IllegalActionException: Found a zero delay loop containing .HierarchicalModel.A
  in .HierarchicalModel and .HierarchicalModel.A
	at ptolemy.actor.util.CausalityInterfaceForComposites._computeOutputPortDepth(CausalityInterfaceForComposites.java:759)
	at ptolemy.actor.util.CausalityInterfaceForComposites._computeInputDepth(CausalityInterfaceForComposites.java:696)
	at ptolemy.actor.util.CausalityInterfaceForComposites._computeOutputPortDepth(CausalityInterfaceForComposites.java:765)
	at ptolemy.actor.util.CausalityInterfaceForComposites._computeInputDepth(CausalityInterfaceForComposites.java:696)
	at ptolemy.actor.util.CausalityInterfaceForComposites._computeOutputPortDepth(CausalityInterfaceForComposites.java:765)
	at ptolemy.actor.util.CausalityInterfaceForComposites._computeInputDepth(CausalityInterfaceForComposites.java:696)
	at ptolemy.actor.util.CausalityInterfaceForComposites._computeActorDepth(CausalityInterfaceForComposites.java:532)
	at ptolemy.actor.util.CausalityInterfaceForComposites.checkForCycles(CausalityInterfaceForComposites.java:96)
	at ptolemy.domains.de.kernel.DEDirector.preinitialize(DEDirector.java:1338)
	at ptolemy.actor.CompositeActor.preinitialize(CompositeActor.java:1828)
	at ptolemy.actor.Manager.preinitializeAndResolveTypes(Manager.java:1040)
	at ptolemy.actor.Manager.initialize(Manager.java:710)
	at ptolemy.actor.Manager.execute(Manager.java:356)
	at ptolemy.actor.Manager.run(Manager.java:1263)
	at ptolemy.actor.Manager$PtolemyRunThread.run(Manager.java:1933)
java.lang.RuntimeException: Execution failed
	at ptolemy.moml.MoMLSimpleApplication$UnloadThread.run(MoMLSimpleApplication.java:402)
Caused by: ptolemy.kernel.util.IllegalActionException: Found a zero delay loop containing .dependencyLoop.original
  in .dependencyLoop and .dependencyLoop.original
	at ptolemy.actor.util.CausalityInterfaceForComposites._computeOutputPortDepth(CausalityInterfaceForComposites.java:759)
	at ptolemy.actor.util.CausalityInterfaceForComposites._computeInputDepth(CausalityInterfaceForComposites.java:696)
	at ptolemy.actor.util.CausalityInterfaceForComposites._computeOutputPortDepth(CausalityInterfaceForComposites.java:765)
	at ptolemy.actor.util.CausalityInterfaceForComposites._computeInputDepth(CausalityInterfaceForComposites.java:696)
	at ptolemy.actor.util.CausalityInterfaceForComposites._computeOutputPortDepth(CausalityInterfaceForComposites.java:765)
	at ptolemy.actor.util.CausalityInterfaceForComposites._computeInputDepth(CausalityInterfaceForComposites.java:696)
	at ptolemy.actor.util.CausalityInterfaceForComposites._computeActorDepth(CausalityInterfaceForComposites.java:532)
	at ptolemy.actor.util.CausalityInterfaceForComposites.checkForCycles(CausalityInterfaceForComposites.java:96)
	at ptolemy.domains.de.kernel.DEDirector.preinitialize(DEDirector.java:1338)
	at ptolemy.actor.CompositeActor.preinitialize(CompositeActor.java:1828)
	at ptolemy.actor.Manager.preinitializeAndResolveTypes(Manager.java:1040)
	at ptolemy.actor.Manager.initialize(Manager.java:710)
	at ptolemy.actor.Manager.execute(Manager.java:356)
	at ptolemy.actor.Manager.run(Manager.java:1263)
	at ptolemy.actor.Manager$PtolemyRunThread.run(Manager.java:1933)
java.lang.reflect.InvocationTargetException
	at java.base/jdk.internal.reflect.NativeConstructorAccessorImpl.newInstance0(Native Method)
	at java.base/jdk.internal.reflect.NativeConstructorAccessorImpl.newInstance(NativeConstructorAccessorImpl.java:62)
	at java.base/jdk.internal.reflect.DelegatingConstructorAccessorImpl.newInstance(DelegatingConstructorAccessorImpl.java:45)
	at java.base/java.lang.reflect.Constructor.newInstance(Constructor.java:490)
	at ptolemy.util.test.junit.AutoKnownFailedTests.RunModel(AutoKnownFailedTests.java:105)
	at java.base/jdk.internal.reflect.NativeMethodAccessorImpl.invoke0(Native Method)
	at java.base/jdk.internal.reflect.NativeMethodAccessorImpl.invoke(NativeMethodAccessorImpl.java:62)
	at java.base/jdk.internal.reflect.DelegatingMethodAccessorImpl.invoke(DelegatingMethodAccessorImpl.java:43)
	at java.base/java.lang.reflect.Method.invoke(Method.java:566)
	at org.junit.runners.model.FrameworkMethod$1.runReflectiveCall(FrameworkMethod.java:44)
	at org.junit.internal.runners.model.ReflectiveCallable.run(ReflectiveCallable.java:15)
	at org.junit.runners.model.FrameworkMethod.invokeExplosively(FrameworkMethod.java:41)
	at junitparams.internal.InvokeParameterisedMethod.evaluate(InvokeParameterisedMethod.java:102)
	at org.junit.internal.runners.statements.FailOnTimeout$1.run(FailOnTimeout.java:28)
Caused by: ptolemy.kernel.util.IllegalActionException: Found a zero delay loop containing .dependencyLoop.original
  in .dependencyLoop and .dependencyLoop.original
	at ptolemy.actor.util.CausalityInterfaceForComposites._computeOutputPortDepth(CausalityInterfaceForComposites.java:759)
	at ptolemy.actor.util.CausalityInterfaceForComposites._computeInputDepth(CausalityInterfaceForComposites.java:696)
	at ptolemy.actor.util.CausalityInterfaceForComposites._computeOutputPortDepth(CausalityInterfaceForComposites.java:765)
	at ptolemy.actor.util.CausalityInterfaceForComposites._computeInputDepth(CausalityInterfaceForComposites.java:696)
	at ptolemy.actor.util.CausalityInterfaceForComposites._computeOutputPortDepth(CausalityInterfaceForComposites.java:765)
	at ptolemy.actor.util.CausalityInterfaceForComposites._computeInputDepth(CausalityInterfaceForComposites.java:696)
	at ptolemy.actor.util.CausalityInterfaceForComposites._computeActorDepth(CausalityInterfaceForComposites.java:532)
	at ptolemy.actor.util.CausalityInterfaceForComposites.checkForCycles(CausalityInterfaceForComposites.java:96)
	at ptolemy.domains.de.kernel.DEDirector.preinitialize(DEDirector.java:1338)
	at ptolemy.actor.CompositeActor.preinitialize(CompositeActor.java:1828)
	at ptolemy.actor.Manager.preinitializeAndResolveTypes(Manager.java:1040)
	at ptolemy.actor.Manager.initialize(Manager.java:710)
	at ptolemy.actor.Manager.execute(Manager.java:356)
	at ptolemy.actor.Manager.run(Manager.java:1263)
	at ptolemy.actor.Manager$PtolemyRunThread.run(Manager.java:1933)
java.lang.RuntimeException: Execution failed
	at ptolemy.moml.MoMLSimpleApplication$UnloadThread.run(MoMLSimpleApplication.java:402)
Caused by: ptolemy.kernel.util.IllegalActionException: Found a zero delay loop containing .dependencyLoop2.original
  in .dependencyLoop2 and .dependencyLoop2.original
	at ptolemy.actor.util.CausalityInterfaceForComposites._computeOutputPortDepth(CausalityInterfaceForComposites.java:759)
	at ptolemy.actor.util.CausalityInterfaceForComposites._computeInputDepth(CausalityInterfaceForComposites.java:696)
	at ptolemy.actor.util.CausalityInterfaceForComposites._computeOutputPortDepth(CausalityInterfaceForComposites.java:765)
	at ptolemy.actor.util.CausalityInterfaceForComposites._computeInputDepth(CausalityInterfaceForComposites.java:696)
	at ptolemy.actor.util.CausalityInterfaceForComposites._computeOutputPortDepth(CausalityInterfaceForComposites.java:765)
	at ptolemy.actor.util.CausalityInterfaceForComposites._computeInputDepth(CausalityInterfaceForComposites.java:696)
	at ptolemy.actor.util.CausalityInterfaceForComposites._computeActorDepth(CausalityInterfaceForComposites.java:532)
	at ptolemy.actor.util.CausalityInterfaceForComposites.checkForCycles(CausalityInterfaceForComposites.java:96)
	at ptolemy.domains.de.kernel.DEDirector.preinitialize(DEDirector.java:1338)
	at ptolemy.actor.CompositeActor.preinitialize(CompositeActor.java:1828)
	at ptolemy.actor.Manager.preinitializeAndResolveTypes(Manager.java:1040)
	at ptolemy.actor.Manager.initialize(Manager.java:710)
	at ptolemy.actor.Manager.execute(Manager.java:356)
	at ptolemy.actor.Manager.run(Manager.java:1263)
	at ptolemy.actor.Manager$PtolemyRunThread.run(Manager.java:1933)
java.lang.reflect.InvocationTargetException
	at java.base/jdk.internal.reflect.NativeConstructorAccessorImpl.newInstance0(Native Method)
	at java.base/jdk.internal.reflect.NativeConstructorAccessorImpl.newInstance(NativeConstructorAccessorImpl.java:62)
	at java.base/jdk.internal.reflect.DelegatingConstructorAccessorImpl.newInstance(DelegatingConstructorAccessorImpl.java:45)
	at java.base/java.lang.reflect.Constructor.newInstance(Constructor.java:490)
	at ptolemy.util.test.junit.AutoKnownFailedTests.RunModel(AutoKnownFailedTests.java:105)
	at java.base/jdk.internal.reflect.NativeMethodAccessorImpl.invoke0(Native Method)
	at java.base/jdk.internal.reflect.NativeMethodAccessorImpl.invoke(NativeMethodAccessorImpl.java:62)
	at java.base/jdk.internal.reflect.DelegatingMethodAccessorImpl.invoke(DelegatingMethodAccessorImpl.java:43)
	at java.base/java.lang.reflect.Method.invoke(Method.java:566)
	at org.junit.runners.model.FrameworkMethod$1.runReflectiveCall(FrameworkMethod.java:44)
	at org.junit.internal.runners.model.ReflectiveCallable.run(ReflectiveCallable.java:15)
	at org.junit.runners.model.FrameworkMethod.invokeExplosively(FrameworkMethod.java:41)
	at junitparams.internal.InvokeParameterisedMethod.evaluate(InvokeParameterisedMethod.java:102)
	at org.junit.internal.runners.statements.FailOnTimeout$1.run(FailOnTimeout.java:28)
Caused by: ptolemy.kernel.util.IllegalActionException: Found a zero delay loop containing .dependencyLoop2.original
  in .dependencyLoop2 and .dependencyLoop2.original
	at ptolemy.actor.util.CausalityInterfaceForComposites._computeOutputPortDepth(CausalityInterfaceForComposites.java:759)
	at ptolemy.actor.util.CausalityInterfaceForComposites._computeInputDepth(CausalityInterfaceForComposites.java:696)
	at ptolemy.actor.util.CausalityInterfaceForComposites._computeOutputPortDepth(CausalityInterfaceForComposites.java:765)
	at ptolemy.actor.util.CausalityInterfaceForComposites._computeInputDepth(CausalityInterfaceForComposites.java:696)
	at ptolemy.actor.util.CausalityInterfaceForComposites._computeOutputPortDepth(CausalityInterfaceForComposites.java:765)
	at ptolemy.actor.util.CausalityInterfaceForComposites._computeInputDepth(CausalityInterfaceForComposites.java:696)
	at ptolemy.actor.util.CausalityInterfaceForComposites._computeActorDepth(CausalityInterfaceForComposites.java:532)
	at ptolemy.actor.util.CausalityInterfaceForComposites.checkForCycles(CausalityInterfaceForComposites.java:96)
	at ptolemy.domains.de.kernel.DEDirector.preinitialize(DEDirector.java:1338)
	at ptolemy.actor.CompositeActor.preinitialize(CompositeActor.java:1828)
	at ptolemy.actor.Manager.preinitializeAndResolveTypes(Manager.java:1040)
	at ptolemy.actor.Manager.initialize(Manager.java:710)
	at ptolemy.actor.Manager.execute(Manager.java:356)
	at ptolemy.actor.Manager.run(Manager.java:1263)
	at ptolemy.actor.Manager$PtolemyRunThread.run(Manager.java:1933)
]]></system-err>
</testsuite>
