<?xml version="1.0" encoding="UTF-8" ?>
<testsuite errors="0" failures="0" hostname="travis-job-195a7f7c-e117-4a0f-b4df-225b6c6a3063" name="ptolemy.domains.modal.test.junit.JUnitTclTest" skipped="0" tests="148" time="10.868" timestamp="2020-06-22T14:48:25">
  <properties>
[...]
</properties>
  <testcase classname="ptolemy.util.test.junit.TclTests" name="[0] /home/travis/build/icyphy/ptII/ptolemy/domains/modal/test/SystemLevelType.tcl (RunTclFile)" time="1.923" />
  <testcase classname="ptolemy.util.test.junit.AutoKnownFailedTests" name="[0] /home/travis/build/icyphy/ptII/ptolemy/domains/modal/test/auto/knownFailedTests/CannotAnalysisWithPreemption.xml (RunModel)" time="0.311" />
  <testcase classname="ptolemy.util.test.junit.AutoNameArchTests" name="[0] ThereAreNoAutoArchTests (RunModel)" time="0.001" />
  <testcase classname="ptolemy.util.test.junit.AutoTests" name="[0] /home/travis/build/icyphy/ptII/ptolemy/domains/modal/test/auto/ABPTest.xml (RunModel)" time="0.821" />
  <testcase classname="ptolemy.util.test.junit.AutoTests" name="[1] /home/travis/build/icyphy/ptII/ptolemy/domains/modal/test/auto/ABROFlat.xml (RunModel)" time="0.085" />
  <testcase classname="ptolemy.util.test.junit.AutoTests" name="[2] /home/travis/build/icyphy/ptII/ptolemy/domains/modal/test/auto/ABROFlat2.xml (RunModel)" time="0.056" />
  <testcase classname="ptolemy.util.test.junit.AutoTests" name="[3] /home/travis/build/icyphy/ptII/ptolemy/domains/modal/test/auto/ABRO_present_hmm.xml (RunModel)" time="0.124" />
  <testcase classname="ptolemy.util.test.junit.AutoTests" name="[4] /home/travis/build/icyphy/ptII/ptolemy/domains/modal/test/auto/AMICoderExample.xml (RunModel)" time="0.082" />
  <testcase classname="ptolemy.util.test.junit.AutoTests" name="[5] /home/travis/build/icyphy/ptII/ptolemy/domains/modal/test/auto/AbsentToPresent.xml (RunModel)" time="0.038" />
  <testcase classname="ptolemy.util.test.junit.AutoTests" name="[6] /home/travis/build/icyphy/ptII/ptolemy/domains/modal/test/auto/Blending.xml (RunModel)" time="0.293" />
  <testcase classname="ptolemy.util.test.junit.AutoTests" name="[7] /home/travis/build/icyphy/ptII/ptolemy/domains/modal/test/auto/Broadcast.xml (RunModel)" time="0.052" />
  <testcase classname="ptolemy.util.test.junit.AutoTests" name="[8] /home/travis/build/icyphy/ptII/ptolemy/domains/modal/test/auto/BroadcastHierarchy.xml (RunModel)" time="0.053" />
  <testcase classname="ptolemy.util.test.junit.AutoTests" name="[9] /home/travis/build/icyphy/ptII/ptolemy/domains/modal/test/auto/BroadcastHierarchy2.xml (RunModel)" time="0.102" />
  <testcase classname="ptolemy.util.test.junit.AutoTests" name="[10] /home/travis/build/icyphy/ptII/ptolemy/domains/modal/test/auto/BroadcastHierarchy3.xml (RunModel)" time="0.067" />
  <testcase classname="ptolemy.util.test.junit.AutoTests" name="[11] /home/travis/build/icyphy/ptII/ptolemy/domains/modal/test/auto/BroadcastHierarchy4.xml (RunModel)" time="0.077" />
  <testcase classname="ptolemy.util.test.junit.AutoTests" name="[12] /home/travis/build/icyphy/ptII/ptolemy/domains/modal/test/auto/CannotAnalysisWithPreemption2.xml (RunModel)" time="0.035" />
  <testcase classname="ptolemy.util.test.junit.AutoTests" name="[13] /home/travis/build/icyphy/ptII/ptolemy/domains/modal/test/auto/CannotAnalysisWithPreemption3.xml (RunModel)" time="0.039" />
  <testcase classname="ptolemy.util.test.junit.AutoTests" name="[14] /home/travis/build/icyphy/ptII/ptolemy/domains/modal/test/auto/CannotProduce.xml (RunModel)" time="0.03" />
  <testcase classname="ptolemy.util.test.junit.AutoTests" name="[15] /home/travis/build/icyphy/ptII/ptolemy/domains/modal/test/auto/CannotProduceModal.xml (RunModel)" time="0.03" />
  <testcase classname="ptolemy.util.test.junit.AutoTests" name="[16] /home/travis/build/icyphy/ptII/ptolemy/domains/modal/test/auto/Case.xml (RunModel)" time="0.093" />
  <testcase classname="ptolemy.util.test.junit.AutoTests" name="[17] /home/travis/build/icyphy/ptII/ptolemy/domains/modal/test/auto/Case1.xml (RunModel)" time="0.041" />
  <testcase classname="ptolemy.util.test.junit.AutoTests" name="[18] /home/travis/build/icyphy/ptII/ptolemy/domains/modal/test/auto/Case2.xml (RunModel)" time="0.064" />
  <testcase classname="ptolemy.util.test.junit.AutoTests" name="[19] /home/travis/build/icyphy/ptII/ptolemy/domains/modal/test/auto/CausalityInterface1.xml (RunModel)" time="0.041" />
  <testcase classname="ptolemy.util.test.junit.AutoTests" name="[20] /home/travis/build/icyphy/ptII/ptolemy/domains/modal/test/auto/CausalityInterface10.xml (RunModel)" time="0.062" />
  <testcase classname="ptolemy.util.test.junit.AutoTests" name="[21] /home/travis/build/icyphy/ptII/ptolemy/domains/modal/test/auto/CausalityInterface11.xml (RunModel)" time="0.056" />
  <testcase classname="ptolemy.util.test.junit.AutoTests" name="[22] /home/travis/build/icyphy/ptII/ptolemy/domains/modal/test/auto/CausalityInterface12.xml (RunModel)" time="0.048" />
  <testcase classname="ptolemy.util.test.junit.AutoTests" name="[23] /home/travis/build/icyphy/ptII/ptolemy/domains/modal/test/auto/CausalityInterface13.xml (RunModel)" time="0.062" />
  <testcase classname="ptolemy.util.test.junit.AutoTests" name="[24] /home/travis/build/icyphy/ptII/ptolemy/domains/modal/test/auto/CausalityInterface14.xml (RunModel)" time="0.053" />
  <testcase classname="ptolemy.util.test.junit.AutoTests" name="[25] /home/travis/build/icyphy/ptII/ptolemy/domains/modal/test/auto/CausalityInterface2.xml (RunModel)" time="0.039" />
  <testcase classname="ptolemy.util.test.junit.AutoTests" name="[26] /home/travis/build/icyphy/ptII/ptolemy/domains/modal/test/auto/CausalityInterface3.xml (RunModel)" time="0.028" />
  <testcase classname="ptolemy.util.test.junit.AutoTests" name="[27] /home/travis/build/icyphy/ptII/ptolemy/domains/modal/test/auto/CausalityInterface4.xml (RunModel)" time="0.027" />
  <testcase classname="ptolemy.util.test.junit.AutoTests" name="[28] /home/travis/build/icyphy/ptII/ptolemy/domains/modal/test/auto/CausalityInterface5.xml (RunModel)" time="0.027" />
  <testcase classname="ptolemy.util.test.junit.AutoTests" name="[29] /home/travis/build/icyphy/ptII/ptolemy/domains/modal/test/auto/CausalityInterface6.xml (RunModel)" time="0.028" />
  <testcase classname="ptolemy.util.test.junit.AutoTests" name="[30] /home/travis/build/icyphy/ptII/ptolemy/domains/modal/test/auto/CausalityInterface7.xml (RunModel)" time="0.035" />
  <testcase classname="ptolemy.util.test.junit.AutoTests" name="[31] /home/travis/build/icyphy/ptII/ptolemy/domains/modal/test/auto/CausalityInterface8.xml (RunModel)" time="0.034" />
  <testcase classname="ptolemy.util.test.junit.AutoTests" name="[32] /home/travis/build/icyphy/ptII/ptolemy/domains/modal/test/auto/CausalityInterface9.xml (RunModel)" time="0.052" />
  <testcase classname="ptolemy.util.test.junit.AutoTests" name="[33] /home/travis/build/icyphy/ptII/ptolemy/domains/modal/test/auto/ChainedTransitions.xml (RunModel)" time="0.16" />
  <testcase classname="ptolemy.util.test.junit.AutoTests" name="[34] /home/travis/build/icyphy/ptII/ptolemy/domains/modal/test/auto/CycleOfImmediateTransitionsFSM.xml (RunModel)" time="0.017" />
  <testcase classname="ptolemy.util.test.junit.AutoTests" name="[35] /home/travis/build/icyphy/ptII/ptolemy/domains/modal/test/auto/CycleOfImmediateTransitionsModal.xml (RunModel)" time="0.022" />
  <testcase classname="ptolemy.util.test.junit.AutoTests" name="[36] /home/travis/build/icyphy/ptII/ptolemy/domains/modal/test/auto/CycleOfImmediateTransitionsModal2.xml (RunModel)" time="0.034" />
  <testcase classname="ptolemy.util.test.junit.AutoTests" name="[37] /home/travis/build/icyphy/ptII/ptolemy/domains/modal/test/auto/CycleOfImmediateTransitionsModal3.xml (RunModel)" time="0.098" />
  <testcase classname="ptolemy.util.test.junit.AutoTests" name="[38] /home/travis/build/icyphy/ptII/ptolemy/domains/modal/test/auto/DeepModal1.xml (RunModel)" time="0.052" />
  <testcase classname="ptolemy.util.test.junit.AutoTests" name="[39] /home/travis/build/icyphy/ptII/ptolemy/domains/modal/test/auto/DeepModal2.xml (RunModel)" time="0.059" />
  <testcase classname="ptolemy.util.test.junit.AutoTests" name="[40] /home/travis/build/icyphy/ptII/ptolemy/domains/modal/test/auto/DeepModal3.xml (RunModel)" time="0.053" />
  <testcase classname="ptolemy.util.test.junit.AutoTests" name="[41] /home/travis/build/icyphy/ptII/ptolemy/domains/modal/test/auto/DeepModal4.xml (RunModel)" time="0.074" />
  <testcase classname="ptolemy.util.test.junit.AutoTests" name="[42] /home/travis/build/icyphy/ptII/ptolemy/domains/modal/test/auto/Default1.xml (RunModel)" time="0.017" />
  <testcase classname="ptolemy.util.test.junit.AutoTests" name="[43] /home/travis/build/icyphy/ptII/ptolemy/domains/modal/test/auto/Default2.xml (RunModel)" time="0.022" />
  <testcase classname="ptolemy.util.test.junit.AutoTests" name="[44] /home/travis/build/icyphy/ptII/ptolemy/domains/modal/test/auto/Default3.xml (RunModel)" time="0.024" />
  <testcase classname="ptolemy.util.test.junit.AutoTests" name="[45] /home/travis/build/icyphy/ptII/ptolemy/domains/modal/test/auto/Default4.xml (RunModel)" time="0.035" />
  <testcase classname="ptolemy.util.test.junit.AutoTests" name="[46] /home/travis/build/icyphy/ptII/ptolemy/domains/modal/test/auto/Default5.xml (RunModel)" time="0.026" />
  <testcase classname="ptolemy.util.test.junit.AutoTests" name="[47] /home/travis/build/icyphy/ptII/ptolemy/domains/modal/test/auto/EmptyGuard.xml (RunModel)" time="0.036" />
  <testcase classname="ptolemy.util.test.junit.AutoTests" name="[48] /home/travis/build/icyphy/ptII/ptolemy/domains/modal/test/auto/ErrorTransition1.xml (RunModel)" time="0.037" />
  <testcase classname="ptolemy.util.test.junit.AutoTests" name="[49] /home/travis/build/icyphy/ptII/ptolemy/domains/modal/test/auto/ErrorTransition10.xml (RunModel)" time="0.045" />
  <testcase classname="ptolemy.util.test.junit.AutoTests" name="[50] /home/travis/build/icyphy/ptII/ptolemy/domains/modal/test/auto/ErrorTransition11.xml (RunModel)" time="0.039" />
  <testcase classname="ptolemy.util.test.junit.AutoTests" name="[51] /home/travis/build/icyphy/ptII/ptolemy/domains/modal/test/auto/ErrorTransition2.xml (RunModel)" time="0.024" />
  <testcase classname="ptolemy.util.test.junit.AutoTests" name="[52] /home/travis/build/icyphy/ptII/ptolemy/domains/modal/test/auto/ErrorTransition3.xml (RunModel)" time="0.042" />
  <testcase classname="ptolemy.util.test.junit.AutoTests" name="[53] /home/travis/build/icyphy/ptII/ptolemy/domains/modal/test/auto/ErrorTransition4.xml (RunModel)" time="0.039" />
  <testcase classname="ptolemy.util.test.junit.AutoTests" name="[54] /home/travis/build/icyphy/ptII/ptolemy/domains/modal/test/auto/ErrorTransition5.xml (RunModel)" time="0.028" />
  <testcase classname="ptolemy.util.test.junit.AutoTests" name="[55] /home/travis/build/icyphy/ptII/ptolemy/domains/modal/test/auto/ErrorTransition6.xml (RunModel)" time="0.032" />
  <testcase classname="ptolemy.util.test.junit.AutoTests" name="[56] /home/travis/build/icyphy/ptII/ptolemy/domains/modal/test/auto/ErrorTransition7.xml (RunModel)" time="0.059" />
  <testcase classname="ptolemy.util.test.junit.AutoTests" name="[57] /home/travis/build/icyphy/ptII/ptolemy/domains/modal/test/auto/ErrorTransition8.xml (RunModel)" time="0.058" />
  <testcase classname="ptolemy.util.test.junit.AutoTests" name="[58] /home/travis/build/icyphy/ptII/ptolemy/domains/modal/test/auto/ErrorTransition9.xml (RunModel)" time="0.047" />
  <testcase classname="ptolemy.util.test.junit.AutoTests" name="[59] /home/travis/build/icyphy/ptII/ptolemy/domains/modal/test/auto/ExtendedFSM.xml (RunModel)" time="0.029" />
  <testcase classname="ptolemy.util.test.junit.AutoTests" name="[60] /home/travis/build/icyphy/ptII/ptolemy/domains/modal/test/auto/FinalStates.xml (RunModel)" time="0.031" />
  <testcase classname="ptolemy.util.test.junit.AutoTests" name="[61] /home/travis/build/icyphy/ptII/ptolemy/domains/modal/test/auto/FixedPointFSM.xml (RunModel)" time="0.052" />
  <testcase classname="ptolemy.util.test.junit.AutoTests" name="[62] /home/travis/build/icyphy/ptII/ptolemy/domains/modal/test/auto/FixedPointIterationFSMActor.xml (RunModel)" time="0.032" />
  <testcase classname="ptolemy.util.test.junit.AutoTests" name="[63] /home/travis/build/icyphy/ptII/ptolemy/domains/modal/test/auto/FixedPointIterationFSMActor2.xml (RunModel)" time="0.034" />
  <testcase classname="ptolemy.util.test.junit.AutoTests" name="[64] /home/travis/build/icyphy/ptII/ptolemy/domains/modal/test/auto/ForbiddenInstantanousLoop.xml (RunModel)" time="0.041" />
  <testcase classname="ptolemy.util.test.junit.AutoTests" name="[65] /home/travis/build/icyphy/ptII/ptolemy/domains/modal/test/auto/FunctionDependencyOfFSMActorTest.xml (RunModel)" time="0.028" />
  <testcase classname="ptolemy.util.test.junit.AutoTests" name="[66] /home/travis/build/icyphy/ptII/ptolemy/domains/modal/test/auto/GuardExpression.xml (RunModel)" time="0.015" />
  <testcase classname="ptolemy.util.test.junit.AutoTests" name="[67] /home/travis/build/icyphy/ptII/ptolemy/domains/modal/test/auto/GuardNotEvaluated.xml (RunModel)" time="0.028" />
  <testcase classname="ptolemy.util.test.junit.AutoTests" name="[68] /home/travis/build/icyphy/ptII/ptolemy/domains/modal/test/auto/GuardNotEvaluated2.xml (RunModel)" time="0.051" />
  <testcase classname="ptolemy.util.test.junit.AutoTests" name="[69] /home/travis/build/icyphy/ptII/ptolemy/domains/modal/test/auto/GuardOnAbsent.xml (RunModel)" time="0.024" />
  <testcase classname="ptolemy.util.test.junit.AutoTests" name="[70] /home/travis/build/icyphy/ptII/ptolemy/domains/modal/test/auto/HierarchicalFSMTypeInference.xml (RunModel)" time="0.031" />
  <testcase classname="ptolemy.util.test.junit.AutoTests" name="[71] /home/travis/build/icyphy/ptII/ptolemy/domains/modal/test/auto/Hysteresis.xml (RunModel)" time="0.049" />
  <testcase classname="ptolemy.util.test.junit.AutoTests" name="[72] /home/travis/build/icyphy/ptII/ptolemy/domains/modal/test/auto/HysteresisWithDefault.xml (RunModel)" time="0.092" />
  <testcase classname="ptolemy.util.test.junit.AutoTests" name="[73] /home/travis/build/icyphy/ptII/ptolemy/domains/modal/test/auto/HysteresisWithDefault2.xml (RunModel)" time="0.095" />
  <testcase classname="ptolemy.util.test.junit.AutoTests" name="[74] /home/travis/build/icyphy/ptII/ptolemy/domains/modal/test/auto/ImmediateNonConstructiveness.xml (RunModel)" time="0.024" />
  <testcase classname="ptolemy.util.test.junit.AutoTests" name="[75] /home/travis/build/icyphy/ptII/ptolemy/domains/modal/test/auto/ImmediateNonConstructiveness2.xml (RunModel)" time="0.021" />
  <testcase classname="ptolemy.util.test.junit.AutoTests" name="[76] /home/travis/build/icyphy/ptII/ptolemy/domains/modal/test/auto/ImmediateTransitionReset.xml (RunModel)" time="0.041" />
  <testcase classname="ptolemy.util.test.junit.AutoTests" name="[77] /home/travis/build/icyphy/ptII/ptolemy/domains/modal/test/auto/ImmediateTransitions1.xml (RunModel)" time="0.015" />
  <testcase classname="ptolemy.util.test.junit.AutoTests" name="[78] /home/travis/build/icyphy/ptII/ptolemy/domains/modal/test/auto/ImmediateTransitionsInstantaneousCommunication.xml (RunModel)" time="0.038" />
  <testcase classname="ptolemy.util.test.junit.AutoTests" name="[79] /home/travis/build/icyphy/ptII/ptolemy/domains/modal/test/auto/InitialImmediateTransition.xml (RunModel)" time="0.038" />
  <testcase classname="ptolemy.util.test.junit.AutoTests" name="[80] /home/travis/build/icyphy/ptII/ptolemy/domains/modal/test/auto/InitialOutputs.xml (RunModel)" time="0.018" />
  <testcase classname="ptolemy.util.test.junit.AutoTests" name="[81] /home/travis/build/icyphy/ptII/ptolemy/domains/modal/test/auto/InitialStateTransition1.xml (RunModel)" time="0.023" />
  <testcase classname="ptolemy.util.test.junit.AutoTests" name="[82] /home/travis/build/icyphy/ptII/ptolemy/domains/modal/test/auto/InitialStateTransition2.xml (RunModel)" time="0.021" />
  <testcase classname="ptolemy.util.test.junit.AutoTests" name="[83] /home/travis/build/icyphy/ptII/ptolemy/domains/modal/test/auto/InitialStateTransition3.xml (RunModel)" time="0.031" />
  <testcase classname="ptolemy.util.test.junit.AutoTests" name="[84] /home/travis/build/icyphy/ptII/ptolemy/domains/modal/test/auto/InitialStateTransition4.xml (RunModel)" time="0.026" />
  <testcase classname="ptolemy.util.test.junit.AutoTests" name="[85] /home/travis/build/icyphy/ptII/ptolemy/domains/modal/test/auto/MalformedGuardExpressionNotCaught.xml (RunModel)" time="0.025" />
  <testcase classname="ptolemy.util.test.junit.AutoTests" name="[86] /home/travis/build/icyphy/ptII/ptolemy/domains/modal/test/auto/ModalBSC.xml (RunModel)" time="0.09" />
  <testcase classname="ptolemy.util.test.junit.AutoTests" name="[87] /home/travis/build/icyphy/ptII/ptolemy/domains/modal/test/auto/ModalClocks.xml (RunModel)" time="0.082" />
  <testcase classname="ptolemy.util.test.junit.AutoTests" name="[88] /home/travis/build/icyphy/ptII/ptolemy/domains/modal/test/auto/ModalDelay.xml (RunModel)" time="0.045" />
  <testcase classname="ptolemy.util.test.junit.AutoTests" name="[89] /home/travis/build/icyphy/ptII/ptolemy/domains/modal/test/auto/ModalDelay2.xml (RunModel)" time="0.045" />
  <testcase classname="ptolemy.util.test.junit.AutoTests" name="[90] /home/travis/build/icyphy/ptII/ptolemy/domains/modal/test/auto/ModalModelFromMemo.xml (RunModel)" time="0.066" />
  <testcase classname="ptolemy.util.test.junit.AutoTests" name="[91] /home/travis/build/icyphy/ptII/ptolemy/domains/modal/test/auto/ModalModelWithMultirateTransient.xml (RunModel)" time="0.057" />
  <testcase classname="ptolemy.util.test.junit.AutoTests" name="[92] /home/travis/build/icyphy/ptII/ptolemy/domains/modal/test/auto/ModalModelWithReset.xml (RunModel)" time="0.051" />
  <testcase classname="ptolemy.util.test.junit.AutoTests" name="[93] /home/travis/build/icyphy/ptII/ptolemy/domains/modal/test/auto/MouseClickFSM.xml (RunModel)" time="0.039" />
  <testcase classname="ptolemy.util.test.junit.AutoTests" name="[94] /home/travis/build/icyphy/ptII/ptolemy/domains/modal/test/auto/MouseClickFSMModal.xml (RunModel)" time="0.029" />
  <testcase classname="ptolemy.util.test.junit.AutoTests" name="[95] /home/travis/build/icyphy/ptII/ptolemy/domains/modal/test/auto/NonStrictFSM_FeedbackLoop.xml (RunModel)" time="0.043" />
  <testcase classname="ptolemy.util.test.junit.AutoTests" name="[96] /home/travis/build/icyphy/ptII/ptolemy/domains/modal/test/auto/NonStrictFSM_FeedbackLoop_Refinement.xml (RunModel)" time="0.081" />
  <testcase classname="ptolemy.util.test.junit.AutoTests" name="[97] /home/travis/build/icyphy/ptII/ptolemy/domains/modal/test/auto/NonStrictFSM_FeedbackLoop_preemptive.xml (RunModel)" time="0.043" />
  <testcase classname="ptolemy.util.test.junit.AutoTests" name="[98] /home/travis/build/icyphy/ptII/ptolemy/domains/modal/test/auto/NormalTermination.xml (RunModel)" time="0.065" />
  <testcase classname="ptolemy.util.test.junit.AutoTests" name="[99] /home/travis/build/icyphy/ptII/ptolemy/domains/modal/test/auto/Pong.xml (RunModel)" time="0.109" />
  <testcase classname="ptolemy.util.test.junit.AutoTests" name="[100] /home/travis/build/icyphy/ptII/ptolemy/domains/modal/test/auto/Pong_test.xml (RunModel)" time="0.137" />
  <testcase classname="ptolemy.util.test.junit.AutoTests" name="[101] /home/travis/build/icyphy/ptII/ptolemy/domains/modal/test/auto/PreemptionHierarchy.xml (RunModel)" time="0.032" />
  <testcase classname="ptolemy.util.test.junit.AutoTests" name="[102] /home/travis/build/icyphy/ptII/ptolemy/domains/modal/test/auto/PreemptionHierarchy2.xml (RunModel)" time="0.033" />
  <testcase classname="ptolemy.util.test.junit.AutoTests" name="[103] /home/travis/build/icyphy/ptII/ptolemy/domains/modal/test/auto/PreemptiveTransition.xml (RunModel)" time="0.024" />
  <testcase classname="ptolemy.util.test.junit.AutoTests" name="[104] /home/travis/build/icyphy/ptII/ptolemy/domains/modal/test/auto/Priorities.xml (RunModel)" time="0.08" />
  <testcase classname="ptolemy.util.test.junit.AutoTests" name="[105] /home/travis/build/icyphy/ptII/ptolemy/domains/modal/test/auto/ResetFinal.xml (RunModel)" time="0.042" />
  <testcase classname="ptolemy.util.test.junit.AutoTests" name="[106] /home/travis/build/icyphy/ptII/ptolemy/domains/modal/test/auto/ResetFinal2.xml (RunModel)" time="0.032" />
  <testcase classname="ptolemy.util.test.junit.AutoTests" name="[107] /home/travis/build/icyphy/ptII/ptolemy/domains/modal/test/auto/ResetTransitionWithStartTime.xml (RunModel)" time="0.034" />
  <testcase classname="ptolemy.util.test.junit.AutoTests" name="[108] /home/travis/build/icyphy/ptII/ptolemy/domains/modal/test/auto/SDF-FSMComposite.xml (RunModel)" time="0.027" />
  <testcase classname="ptolemy.util.test.junit.AutoTests" name="[109] /home/travis/build/icyphy/ptII/ptolemy/domains/modal/test/auto/SeeminglyNondeterminate.xml (RunModel)" time="0.078" />
  <testcase classname="ptolemy.util.test.junit.AutoTests" name="[110] /home/travis/build/icyphy/ptII/ptolemy/domains/modal/test/auto/SeeminglyNondeterminate2.xml (RunModel)" time="0.078" />
  <testcase classname="ptolemy.util.test.junit.AutoTests" name="[111] /home/travis/build/icyphy/ptII/ptolemy/domains/modal/test/auto/SpontaneousFSM.xml (RunModel)" time="0.055" />
  <testcase classname="ptolemy.util.test.junit.AutoTests" name="[112] /home/travis/build/icyphy/ptII/ptolemy/domains/modal/test/auto/SpontaneousFSM2.xml (RunModel)" time="0.028" />
  <testcase classname="ptolemy.util.test.junit.AutoTests" name="[113] /home/travis/build/icyphy/ptII/ptolemy/domains/modal/test/auto/SpontaneousFSM3.xml (RunModel)" time="0.044" />
  <testcase classname="ptolemy.util.test.junit.AutoTests" name="[114] /home/travis/build/icyphy/ptII/ptolemy/domains/modal/test/auto/SpontaneousFSM4.xml (RunModel)" time="0.044" />
  <testcase classname="ptolemy.util.test.junit.AutoTests" name="[115] /home/travis/build/icyphy/ptII/ptolemy/domains/modal/test/auto/StateTrackerTest.xml (RunModel)" time="0.07" />
  <testcase classname="ptolemy.util.test.junit.AutoTests" name="[116] /home/travis/build/icyphy/ptII/ptolemy/domains/modal/test/auto/StrongImmediateTransition.xml (RunModel)" time="0.022" />
  <testcase classname="ptolemy.util.test.junit.AutoTests" name="[117] /home/travis/build/icyphy/ptII/ptolemy/domains/modal/test/auto/SustainHierarchy.xml (RunModel)" time="0.031" />
  <testcase classname="ptolemy.util.test.junit.AutoTests" name="[118] /home/travis/build/icyphy/ptII/ptolemy/domains/modal/test/auto/TerminationTransition1.xml (RunModel)" time="0.018" />
  <testcase classname="ptolemy.util.test.junit.AutoTests" name="[119] /home/travis/build/icyphy/ptII/ptolemy/domains/modal/test/auto/TerminationTransition2.xml (RunModel)" time="0.024" />
  <testcase classname="ptolemy.util.test.junit.AutoTests" name="[120] /home/travis/build/icyphy/ptII/ptolemy/domains/modal/test/auto/TerminationTransition3.xml (RunModel)" time="0.04" />
  <testcase classname="ptolemy.util.test.junit.AutoTests" name="[121] /home/travis/build/icyphy/ptII/ptolemy/domains/modal/test/auto/TerminationTransition4.xml (RunModel)" time="0.034" />
  <testcase classname="ptolemy.util.test.junit.AutoTests" name="[122] /home/travis/build/icyphy/ptII/ptolemy/domains/modal/test/auto/TerminationTransition5.xml (RunModel)" time="0.031" />
  <testcase classname="ptolemy.util.test.junit.AutoTests" name="[123] /home/travis/build/icyphy/ptII/ptolemy/domains/modal/test/auto/TerminationTransition6.xml (RunModel)" time="0.025" />
  <testcase classname="ptolemy.util.test.junit.AutoTests" name="[124] /home/travis/build/icyphy/ptII/ptolemy/domains/modal/test/auto/TerminationTransition7.xml (RunModel)" time="0.021" />
  <testcase classname="ptolemy.util.test.junit.AutoTests" name="[125] /home/travis/build/icyphy/ptII/ptolemy/domains/modal/test/auto/TerminationTransition8.xml (RunModel)" time="0.025" />
  <testcase classname="ptolemy.util.test.junit.AutoTests" name="[126] /home/travis/build/icyphy/ptII/ptolemy/domains/modal/test/auto/Thermostat_NoHysteresis.xml (RunModel)" time="0.054" />
  <testcase classname="ptolemy.util.test.junit.AutoTests" name="[127] /home/travis/build/icyphy/ptII/ptolemy/domains/modal/test/auto/TimedFSM.xml (RunModel)" time="0.029" />
  <testcase classname="ptolemy.util.test.junit.AutoTests" name="[128] /home/travis/build/icyphy/ptII/ptolemy/domains/modal/test/auto/Timeout1.xml (RunModel)" time="0.015" />
  <testcase classname="ptolemy.util.test.junit.AutoTests" name="[129] /home/travis/build/icyphy/ptII/ptolemy/domains/modal/test/auto/Timeout2.xml (RunModel)" time="0.021" />
  <testcase classname="ptolemy.util.test.junit.AutoTests" name="[130] /home/travis/build/icyphy/ptII/ptolemy/domains/modal/test/auto/Timeout3.xml (RunModel)" time="0.011" />
  <testcase classname="ptolemy.util.test.junit.AutoTests" name="[131] /home/travis/build/icyphy/ptII/ptolemy/domains/modal/test/auto/Timeout4.xml (RunModel)" time="0.013" />
  <testcase classname="ptolemy.util.test.junit.AutoTests" name="[132] /home/travis/build/icyphy/ptII/ptolemy/domains/modal/test/auto/TransientstateModelAdvanced.xml (RunModel)" time="0.028" />
  <testcase classname="ptolemy.util.test.junit.AutoTests" name="[133] /home/travis/build/icyphy/ptII/ptolemy/domains/modal/test/auto/TransientstateModelAdvanced2.xml (RunModel)" time="0.029" />
  <testcase classname="ptolemy.util.test.junit.AutoTests" name="[134] /home/travis/build/icyphy/ptII/ptolemy/domains/modal/test/auto/TransitionRefinements.xml (RunModel)" time="0.026" />
  <testcase classname="ptolemy.util.test.junit.AutoTests" name="[135] /home/travis/build/icyphy/ptII/ptolemy/domains/modal/test/auto/TwoRefinements1.xml (RunModel)" time="0.026" />
  <testcase classname="ptolemy.util.test.junit.AutoTests" name="[136] /home/travis/build/icyphy/ptII/ptolemy/domains/modal/test/auto/TwoRefinements2.xml (RunModel)" time="0.033" />
  <testcase classname="ptolemy.util.test.junit.AutoTests" name="[137] /home/travis/build/icyphy/ptII/ptolemy/domains/modal/test/auto/WeakImmediateTransition.xml (RunModel)" time="0.028" />
  <testcase classname="ptolemy.util.test.junit.AutoTests" name="[138] /home/travis/build/icyphy/ptII/ptolemy/domains/modal/test/auto/booleanSelect.xml (RunModel)" time="0.104" />
  <testcase classname="ptolemy.util.test.junit.AutoTests" name="[139] /home/travis/build/icyphy/ptII/ptolemy/domains/modal/test/auto/modalChangingParams.xml (RunModel)" time="0.29" />
  <testcase classname="ptolemy.util.test.junit.AutoTests" name="[140] /home/travis/build/icyphy/ptII/ptolemy/domains/modal/test/auto/modalModel.xml (RunModel)" time="0.04" />
  <testcase classname="ptolemy.util.test.junit.AutoTests" name="[141] /home/travis/build/icyphy/ptII/ptolemy/domains/modal/test/auto/modalModel2.xml (RunModel)" time="0.025" />
  <testcase classname="ptolemy.util.test.junit.AutoTests" name="[142] /home/travis/build/icyphy/ptII/ptolemy/domains/modal/test/auto/modalModel3.xml (RunModel)" time="0.051" />
  <testcase classname="ptolemy.util.test.junit.AutoTests" name="[143] /home/travis/build/icyphy/ptII/ptolemy/domains/modal/test/auto/model1.xml (RunModel)" time="0.023" />
  <testcase classname="ptolemy.util.test.junit.AutoTests" name="[144] /home/travis/build/icyphy/ptII/ptolemy/domains/modal/test/auto/test-direct-in-out.xml (RunModel)" time="0.033" />
  <system-out><![CDATA[/home/travis/build/icyphy/ptII/ptolemy/domains/modal/test/SystemLevelType.tcl
testDefs.tcl: setting time out to 9000 seconds at Mon Jun 22 14:48:25 UTC 2020
06/22/20 02:48:27
Failed: 0  Total Tests: 1  ((Passed: 1, Newly Passed: 0)  Known Failed: 0) /home/travis/build/icyphy/ptII/ptolemy/domains/modal/test
----------------- testing (KnownFailure) /home/travis/build/icyphy/ptII/ptolemy/domains/modal/test/auto/knownFailedTests/CannotAnalysisWithPreemption.xml
160 ms. Memory: 129024K Free: 86516K (67%)
Known Failure: java.lang.reflect.InvocationTargetException
No auto/linux-amd64/*.xml tests in /home/travis/build/icyphy/ptII/ptolemy/domains/modal/test
AutoTests.java: About to close Vertx.
AutoTests.java: Vertx closed.

===========================================================================================
----------------- testing Mon Jun 22 14:48:28 UTC 2020 /home/travis/build/icyphy/ptII/ptolemy/domains/modal/test/auto/ABPTest.xml
----------------- Instantiating /home/travis/build/icyphy/ptII/ptolemy/domains/modal/test/auto/ABPTest.xml
414 ms. Memory: 155648K Free: 119027K (76%)
----------------- Invoking toplevel() on ptolemy.moml.MoMLSimpleApplication@6248fa52
----------------- Done invoking toplevel() on ptolemy.moml.MoMLSimpleApplication@6248fa52
reloadAllAccessors: .ABPTest

===========================================================================================
----------------- testing Mon Jun 22 14:48:29 UTC 2020 /home/travis/build/icyphy/ptII/ptolemy/domains/modal/test/auto/ABROFlat.xml
----------------- Instantiating /home/travis/build/icyphy/ptII/ptolemy/domains/modal/test/auto/ABROFlat.xml
27 ms. Memory: 155648K Free: 103600K (67%)
----------------- Invoking toplevel() on ptolemy.moml.MoMLSimpleApplication@97638e6
----------------- Done invoking toplevel() on ptolemy.moml.MoMLSimpleApplication@97638e6
reloadAllAccessors: .ABROFlat

===========================================================================================
----------------- testing Mon Jun 22 14:48:29 UTC 2020 /home/travis/build/icyphy/ptII/ptolemy/domains/modal/test/auto/ABROFlat2.xml
----------------- Instantiating /home/travis/build/icyphy/ptII/ptolemy/domains/modal/test/auto/ABROFlat2.xml
14 ms. Memory: 155648K Free: 86736K (56%)
----------------- Invoking toplevel() on ptolemy.moml.MoMLSimpleApplication@6521a90
----------------- Done invoking toplevel() on ptolemy.moml.MoMLSimpleApplication@6521a90
reloadAllAccessors: .ABROFlat2

===========================================================================================
----------------- testing Mon Jun 22 14:48:29 UTC 2020 /home/travis/build/icyphy/ptII/ptolemy/domains/modal/test/auto/ABRO_present_hmm.xml
----------------- Instantiating /home/travis/build/icyphy/ptII/ptolemy/domains/modal/test/auto/ABRO_present_hmm.xml
36 ms. Memory: 155648K Free: 60112K (39%)
----------------- Invoking toplevel() on ptolemy.moml.MoMLSimpleApplication@5474e461
----------------- Done invoking toplevel() on ptolemy.moml.MoMLSimpleApplication@5474e461
reloadAllAccessors: .ABRO_present_hmm

===========================================================================================
----------------- testing Mon Jun 22 14:48:29 UTC 2020 /home/travis/build/icyphy/ptII/ptolemy/domains/modal/test/auto/AMICoderExample.xml
----------------- Instantiating /home/travis/build/icyphy/ptII/ptolemy/domains/modal/test/auto/AMICoderExample.xml
45 ms. Memory: 155648K Free: 50376K (32%)
----------------- Invoking toplevel() on ptolemy.moml.MoMLSimpleApplication@1fd755ce
----------------- Done invoking toplevel() on ptolemy.moml.MoMLSimpleApplication@1fd755ce
reloadAllAccessors: .AMICoderExample

===========================================================================================
----------------- testing Mon Jun 22 14:48:29 UTC 2020 /home/travis/build/icyphy/ptII/ptolemy/domains/modal/test/auto/AbsentToPresent.xml
----------------- Instantiating /home/travis/build/icyphy/ptII/ptolemy/domains/modal/test/auto/AbsentToPresent.xml
6 ms. Memory: 155648K Free: 133736K (86%)
----------------- Invoking toplevel() on ptolemy.moml.MoMLSimpleApplication@72208c4d
----------------- Done invoking toplevel() on ptolemy.moml.MoMLSimpleApplication@72208c4d
reloadAllAccessors: .AbsentToPresent

===========================================================================================
----------------- testing Mon Jun 22 14:48:29 UTC 2020 /home/travis/build/icyphy/ptII/ptolemy/domains/modal/test/auto/Blending.xml
----------------- Instantiating /home/travis/build/icyphy/ptII/ptolemy/domains/modal/test/auto/Blending.xml
181 ms. Memory: 155648K Free: 89190K (57%)
----------------- Invoking toplevel() on ptolemy.moml.MoMLSimpleApplication@53079ac0
----------------- Done invoking toplevel() on ptolemy.moml.MoMLSimpleApplication@53079ac0
reloadAllAccessors: .Blending

===========================================================================================
----------------- testing Mon Jun 22 14:48:29 UTC 2020 /home/travis/build/icyphy/ptII/ptolemy/domains/modal/test/auto/Broadcast.xml
----------------- Instantiating /home/travis/build/icyphy/ptII/ptolemy/domains/modal/test/auto/Broadcast.xml
7 ms. Memory: 155648K Free: 78950K (51%)
----------------- Invoking toplevel() on ptolemy.moml.MoMLSimpleApplication@71e33c84
----------------- Done invoking toplevel() on ptolemy.moml.MoMLSimpleApplication@71e33c84
reloadAllAccessors: .Broadcast

===========================================================================================
----------------- testing Mon Jun 22 14:48:29 UTC 2020 /home/travis/build/icyphy/ptII/ptolemy/domains/modal/test/auto/BroadcastHierarchy.xml
----------------- Instantiating /home/travis/build/icyphy/ptII/ptolemy/domains/modal/test/auto/BroadcastHierarchy.xml
12 ms. Memory: 155648K Free: 65128K (42%)
----------------- Invoking toplevel() on ptolemy.moml.MoMLSimpleApplication@3d674520
----------------- Done invoking toplevel() on ptolemy.moml.MoMLSimpleApplication@3d674520
reloadAllAccessors: .BroadcastHierarchy

===========================================================================================
----------------- testing Mon Jun 22 14:48:29 UTC 2020 /home/travis/build/icyphy/ptII/ptolemy/domains/modal/test/auto/BroadcastHierarchy2.xml
----------------- Instantiating /home/travis/build/icyphy/ptII/ptolemy/domains/modal/test/auto/BroadcastHierarchy2.xml
15 ms. Memory: 155648K Free: 125032K (80%)
----------------- Invoking toplevel() on ptolemy.moml.MoMLSimpleApplication@7f3eca45
----------------- Done invoking toplevel() on ptolemy.moml.MoMLSimpleApplication@7f3eca45
reloadAllAccessors: .BroadcastHierarchy2

===========================================================================================
----------------- testing Mon Jun 22 14:48:29 UTC 2020 /home/travis/build/icyphy/ptII/ptolemy/domains/modal/test/auto/BroadcastHierarchy3.xml
----------------- Instantiating /home/travis/build/icyphy/ptII/ptolemy/domains/modal/test/auto/BroadcastHierarchy3.xml
16 ms. Memory: 155648K Free: 105062K (67%)
----------------- Invoking toplevel() on ptolemy.moml.MoMLSimpleApplication@7c7b90ba
----------------- Done invoking toplevel() on ptolemy.moml.MoMLSimpleApplication@7c7b90ba
reloadAllAccessors: .BroadcastHierarchy3

===========================================================================================
----------------- testing Mon Jun 22 14:48:29 UTC 2020 /home/travis/build/icyphy/ptII/ptolemy/domains/modal/test/auto/BroadcastHierarchy4.xml
----------------- Instantiating /home/travis/build/icyphy/ptII/ptolemy/domains/modal/test/auto/BroadcastHierarchy4.xml
12 ms. Memory: 155648K Free: 81000K (52%)
----------------- Invoking toplevel() on ptolemy.moml.MoMLSimpleApplication@b36d8ce
----------------- Done invoking toplevel() on ptolemy.moml.MoMLSimpleApplication@b36d8ce
reloadAllAccessors: .BroadcastHierarchy4

===========================================================================================
----------------- testing Mon Jun 22 14:48:30 UTC 2020 /home/travis/build/icyphy/ptII/ptolemy/domains/modal/test/auto/CannotAnalysisWithPreemption2.xml
----------------- Instantiating /home/travis/build/icyphy/ptII/ptolemy/domains/modal/test/auto/CannotAnalysisWithPreemption2.xml
4 ms. Memory: 155648K Free: 73832K (47%)
----------------- Invoking toplevel() on ptolemy.moml.MoMLSimpleApplication@73c9078a
----------------- Done invoking toplevel() on ptolemy.moml.MoMLSimpleApplication@73c9078a
reloadAllAccessors: .CannotAnalysisWithPreemption2

===========================================================================================
----------------- testing Mon Jun 22 14:48:30 UTC 2020 /home/travis/build/icyphy/ptII/ptolemy/domains/modal/test/auto/CannotAnalysisWithPreemption3.xml
----------------- Instantiating /home/travis/build/icyphy/ptII/ptolemy/domains/modal/test/auto/CannotAnalysisWithPreemption3.xml
5 ms. Memory: 155648K Free: 63592K (41%)
----------------- Invoking toplevel() on ptolemy.moml.MoMLSimpleApplication@c3a2d27
----------------- Done invoking toplevel() on ptolemy.moml.MoMLSimpleApplication@c3a2d27
reloadAllAccessors: .CannotAnalysisWithPreemption3

===========================================================================================
----------------- testing Mon Jun 22 14:48:30 UTC 2020 /home/travis/build/icyphy/ptII/ptolemy/domains/modal/test/auto/CannotProduce.xml
----------------- Instantiating /home/travis/build/icyphy/ptII/ptolemy/domains/modal/test/auto/CannotProduce.xml
12 ms. Memory: 155648K Free: 56934K (37%)
----------------- Invoking toplevel() on ptolemy.moml.MoMLSimpleApplication@146278a2
----------------- Done invoking toplevel() on ptolemy.moml.MoMLSimpleApplication@146278a2
reloadAllAccessors: .CannotProduce

===========================================================================================
----------------- testing Mon Jun 22 14:48:30 UTC 2020 /home/travis/build/icyphy/ptII/ptolemy/domains/modal/test/auto/CannotProduceModal.xml
----------------- Instantiating /home/travis/build/icyphy/ptII/ptolemy/domains/modal/test/auto/CannotProduceModal.xml
12 ms. Memory: 155648K Free: 50784K (33%)
----------------- Invoking toplevel() on ptolemy.moml.MoMLSimpleApplication@454ba6ca
----------------- Done invoking toplevel() on ptolemy.moml.MoMLSimpleApplication@454ba6ca
reloadAllAccessors: .CannotProduceModal

===========================================================================================
----------------- testing Mon Jun 22 14:48:30 UTC 2020 /home/travis/build/icyphy/ptII/ptolemy/domains/modal/test/auto/Case.xml
----------------- Instantiating /home/travis/build/icyphy/ptII/ptolemy/domains/modal/test/auto/Case.xml
30 ms. Memory: 187392K Free: 158310K (84%)
----------------- Invoking toplevel() on ptolemy.moml.MoMLSimpleApplication@1c13d806
----------------- Done invoking toplevel() on ptolemy.moml.MoMLSimpleApplication@1c13d806
reloadAllAccessors: .Case

===========================================================================================
----------------- testing Mon Jun 22 14:48:30 UTC 2020 /home/travis/build/icyphy/ptII/ptolemy/domains/modal/test/auto/Case1.xml
----------------- Instantiating /home/travis/build/icyphy/ptII/ptolemy/domains/modal/test/auto/Case1.xml
12 ms. Memory: 187392K Free: 151142K (81%)
----------------- Invoking toplevel() on ptolemy.moml.MoMLSimpleApplication@c43274e
----------------- Done invoking toplevel() on ptolemy.moml.MoMLSimpleApplication@c43274e
reloadAllAccessors: .Case1

===========================================================================================
----------------- testing Mon Jun 22 14:48:30 UTC 2020 /home/travis/build/icyphy/ptII/ptolemy/domains/modal/test/auto/Case2.xml
----------------- Instantiating /home/travis/build/icyphy/ptII/ptolemy/domains/modal/test/auto/Case2.xml
28 ms. Memory: 187392K Free: 140392K (75%)
----------------- Invoking toplevel() on ptolemy.moml.MoMLSimpleApplication@9ba46fa
----------------- Done invoking toplevel() on ptolemy.moml.MoMLSimpleApplication@9ba46fa
reloadAllAccessors: .Case2

===========================================================================================
----------------- testing Mon Jun 22 14:48:30 UTC 2020 /home/travis/build/icyphy/ptII/ptolemy/domains/modal/test/auto/CausalityInterface1.xml
----------------- Instantiating /home/travis/build/icyphy/ptII/ptolemy/domains/modal/test/auto/CausalityInterface1.xml
5 ms. Memory: 187392K Free: 135272K (72%)
----------------- Invoking toplevel() on ptolemy.moml.MoMLSimpleApplication@15b61292
----------------- Done invoking toplevel() on ptolemy.moml.MoMLSimpleApplication@15b61292
reloadAllAccessors: .CausalityInterface1

===========================================================================================
----------------- testing Mon Jun 22 14:48:30 UTC 2020 /home/travis/build/icyphy/ptII/ptolemy/domains/modal/test/auto/CausalityInterface10.xml
----------------- Instantiating /home/travis/build/icyphy/ptII/ptolemy/domains/modal/test/auto/CausalityInterface10.xml
15 ms. Memory: 187392K Free: 121960K (65%)
----------------- Invoking toplevel() on ptolemy.moml.MoMLSimpleApplication@987d0b5
----------------- Done invoking toplevel() on ptolemy.moml.MoMLSimpleApplication@987d0b5
reloadAllAccessors: .CausalityInterface10

===========================================================================================
----------------- testing Mon Jun 22 14:48:30 UTC 2020 /home/travis/build/icyphy/ptII/ptolemy/domains/modal/test/auto/CausalityInterface11.xml
----------------- Instantiating /home/travis/build/icyphy/ptII/ptolemy/domains/modal/test/auto/CausalityInterface11.xml
9 ms. Memory: 187392K Free: 108648K (58%)
----------------- Invoking toplevel() on ptolemy.moml.MoMLSimpleApplication@45d7ad2f
----------------- Done invoking toplevel() on ptolemy.moml.MoMLSimpleApplication@45d7ad2f
reloadAllAccessors: .CausalityInterface11

===========================================================================================
----------------- testing Mon Jun 22 14:48:30 UTC 2020 /home/travis/build/icyphy/ptII/ptolemy/domains/modal/test/auto/CausalityInterface12.xml
----------------- Instantiating /home/travis/build/icyphy/ptII/ptolemy/domains/modal/test/auto/CausalityInterface12.xml
10 ms. Memory: 187392K Free: 95336K (51%)
----------------- Invoking toplevel() on ptolemy.moml.MoMLSimpleApplication@755fc858
----------------- Done invoking toplevel() on ptolemy.moml.MoMLSimpleApplication@755fc858
reloadAllAccessors: .CausalityInterface12

===========================================================================================
----------------- testing Mon Jun 22 14:48:30 UTC 2020 /home/travis/build/icyphy/ptII/ptolemy/domains/modal/test/auto/CausalityInterface13.xml
----------------- Instantiating /home/travis/build/icyphy/ptII/ptolemy/domains/modal/test/auto/CausalityInterface13.xml
10 ms. Memory: 187392K Free: 82024K (44%)
----------------- Invoking toplevel() on ptolemy.moml.MoMLSimpleApplication@76bdfd89
----------------- Done invoking toplevel() on ptolemy.moml.MoMLSimpleApplication@76bdfd89
reloadAllAccessors: .CausalityInterface13

===========================================================================================
----------------- testing Mon Jun 22 14:48:30 UTC 2020 /home/travis/build/icyphy/ptII/ptolemy/domains/modal/test/auto/CausalityInterface14.xml
----------------- Instantiating /home/travis/build/icyphy/ptII/ptolemy/domains/modal/test/auto/CausalityInterface14.xml
13 ms. Memory: 187392K Free: 68168K (36%)
----------------- Invoking toplevel() on ptolemy.moml.MoMLSimpleApplication@6576e3eb
----------------- Done invoking toplevel() on ptolemy.moml.MoMLSimpleApplication@6576e3eb
reloadAllAccessors: .CausalityInterface14

===========================================================================================
----------------- testing Mon Jun 22 14:48:30 UTC 2020 /home/travis/build/icyphy/ptII/ptolemy/domains/modal/test/auto/CausalityInterface2.xml
----------------- Instantiating /home/travis/build/icyphy/ptII/ptolemy/domains/modal/test/auto/CausalityInterface2.xml
16 ms. Memory: 187392K Free: 167725K (90%)
----------------- Invoking toplevel() on ptolemy.moml.MoMLSimpleApplication@54c2bb0a
----------------- Done invoking toplevel() on ptolemy.moml.MoMLSimpleApplication@54c2bb0a
reloadAllAccessors: .CausalityInterface2

===========================================================================================
----------------- testing Mon Jun 22 14:48:30 UTC 2020 /home/travis/build/icyphy/ptII/ptolemy/domains/modal/test/auto/CausalityInterface3.xml
----------------- Instantiating /home/travis/build/icyphy/ptII/ptolemy/domains/modal/test/auto/CausalityInterface3.xml
4 ms. Memory: 187392K Free: 160872K (86%)
----------------- Invoking toplevel() on ptolemy.moml.MoMLSimpleApplication@5a548f7d
----------------- Done invoking toplevel() on ptolemy.moml.MoMLSimpleApplication@5a548f7d
reloadAllAccessors: .CausalityInterface3

===========================================================================================
----------------- testing Mon Jun 22 14:48:30 UTC 2020 /home/travis/build/icyphy/ptII/ptolemy/domains/modal/test/auto/CausalityInterface4.xml
----------------- Instantiating /home/travis/build/icyphy/ptII/ptolemy/domains/modal/test/auto/CausalityInterface4.xml
4 ms. Memory: 187392K Free: 154728K (83%)
----------------- Invoking toplevel() on ptolemy.moml.MoMLSimpleApplication@7086b520
----------------- Done invoking toplevel() on ptolemy.moml.MoMLSimpleApplication@7086b520
reloadAllAccessors: .CausalityInterface4

===========================================================================================
----------------- testing Mon Jun 22 14:48:30 UTC 2020 /home/travis/build/icyphy/ptII/ptolemy/domains/modal/test/auto/CausalityInterface5.xml
----------------- Instantiating /home/travis/build/icyphy/ptII/ptolemy/domains/modal/test/auto/CausalityInterface5.xml
4 ms. Memory: 187392K Free: 146536K (78%)
----------------- Invoking toplevel() on ptolemy.moml.MoMLSimpleApplication@3e9d02c8
----------------- Done invoking toplevel() on ptolemy.moml.MoMLSimpleApplication@3e9d02c8
reloadAllAccessors: .CausalityInterface5

===========================================================================================
----------------- testing Mon Jun 22 14:48:30 UTC 2020 /home/travis/build/icyphy/ptII/ptolemy/domains/modal/test/auto/CausalityInterface6.xml
----------------- Instantiating /home/travis/build/icyphy/ptII/ptolemy/domains/modal/test/auto/CausalityInterface6.xml
3 ms. Memory: 187392K Free: 137830K (74%)
----------------- Invoking toplevel() on ptolemy.moml.MoMLSimpleApplication@7e1a488b
----------------- Done invoking toplevel() on ptolemy.moml.MoMLSimpleApplication@7e1a488b
reloadAllAccessors: .CausalityInterface6

===========================================================================================
----------------- testing Mon Jun 22 14:48:30 UTC 2020 /home/travis/build/icyphy/ptII/ptolemy/domains/modal/test/auto/CausalityInterface7.xml
----------------- Instantiating /home/travis/build/icyphy/ptII/ptolemy/domains/modal/test/auto/CausalityInterface7.xml
6 ms. Memory: 187392K Free: 129638K (69%)
----------------- Invoking toplevel() on ptolemy.moml.MoMLSimpleApplication@7cdec61
----------------- Done invoking toplevel() on ptolemy.moml.MoMLSimpleApplication@7cdec61
reloadAllAccessors: .CausalityInterface7

===========================================================================================
----------------- testing Mon Jun 22 14:48:30 UTC 2020 /home/travis/build/icyphy/ptII/ptolemy/domains/modal/test/auto/CausalityInterface8.xml
----------------- Instantiating /home/travis/build/icyphy/ptII/ptolemy/domains/modal/test/auto/CausalityInterface8.xml
6 ms. Memory: 187392K Free: 120936K (65%)
----------------- Invoking toplevel() on ptolemy.moml.MoMLSimpleApplication@143a57b1
----------------- Done invoking toplevel() on ptolemy.moml.MoMLSimpleApplication@143a57b1
reloadAllAccessors: .CausalityInterface8

===========================================================================================
----------------- testing Mon Jun 22 14:48:30 UTC 2020 /home/travis/build/icyphy/ptII/ptolemy/domains/modal/test/auto/CausalityInterface9.xml
----------------- Instantiating /home/travis/build/icyphy/ptII/ptolemy/domains/modal/test/auto/CausalityInterface9.xml
5 ms. Memory: 187392K Free: 111720K (60%)
----------------- Invoking toplevel() on ptolemy.moml.MoMLSimpleApplication@b9f7015
----------------- Done invoking toplevel() on ptolemy.moml.MoMLSimpleApplication@b9f7015
reloadAllAccessors: .CausalityInterface9

===========================================================================================
----------------- testing Mon Jun 22 14:48:31 UTC 2020 /home/travis/build/icyphy/ptII/ptolemy/domains/modal/test/auto/ChainedTransitions.xml
----------------- Instantiating /home/travis/build/icyphy/ptII/ptolemy/domains/modal/test/auto/ChainedTransitions.xml
95 ms. Memory: 187392K Free: 87144K (47%)
----------------- Invoking toplevel() on ptolemy.moml.MoMLSimpleApplication@49d7a261
----------------- Done invoking toplevel() on ptolemy.moml.MoMLSimpleApplication@49d7a261
reloadAllAccessors: .ChainedTransitions

===========================================================================================
----------------- testing Mon Jun 22 14:48:31 UTC 2020 /home/travis/build/icyphy/ptII/ptolemy/domains/modal/test/auto/CycleOfImmediateTransitionsFSM.xml
----------------- Instantiating /home/travis/build/icyphy/ptII/ptolemy/domains/modal/test/auto/CycleOfImmediateTransitionsFSM.xml
3 ms. Memory: 187392K Free: 81510K (43%)
----------------- Invoking toplevel() on ptolemy.moml.MoMLSimpleApplication@43916367
----------------- Done invoking toplevel() on ptolemy.moml.MoMLSimpleApplication@43916367
reloadAllAccessors: .CycleOfImmediateTransitionsFSM

===========================================================================================
----------------- testing Mon Jun 22 14:48:31 UTC 2020 /home/travis/build/icyphy/ptII/ptolemy/domains/modal/test/auto/CycleOfImmediateTransitionsModal.xml
----------------- Instantiating /home/travis/build/icyphy/ptII/ptolemy/domains/modal/test/auto/CycleOfImmediateTransitionsModal.xml
4 ms. Memory: 187392K Free: 75366K (40%)
----------------- Invoking toplevel() on ptolemy.moml.MoMLSimpleApplication@615a3c1c
----------------- Done invoking toplevel() on ptolemy.moml.MoMLSimpleApplication@615a3c1c
reloadAllAccessors: .CycleOfImmediateTransitionsModal

===========================================================================================
----------------- testing Mon Jun 22 14:48:31 UTC 2020 /home/travis/build/icyphy/ptII/ptolemy/domains/modal/test/auto/CycleOfImmediateTransitionsModal2.xml
----------------- Instantiating /home/travis/build/icyphy/ptII/ptolemy/domains/modal/test/auto/CycleOfImmediateTransitionsModal2.xml
5 ms. Memory: 187392K Free: 68712K (37%)
----------------- Invoking toplevel() on ptolemy.moml.MoMLSimpleApplication@5142c498
----------------- Done invoking toplevel() on ptolemy.moml.MoMLSimpleApplication@5142c498
reloadAllAccessors: .CycleOfImmediateTransitionsModal2

===========================================================================================
----------------- testing Mon Jun 22 14:48:31 UTC 2020 /home/travis/build/icyphy/ptII/ptolemy/domains/modal/test/auto/CycleOfImmediateTransitionsModal3.xml
----------------- Instantiating /home/travis/build/icyphy/ptII/ptolemy/domains/modal/test/auto/CycleOfImmediateTransitionsModal3.xml
14 ms. Memory: 187392K Free: 152152K (81%)
----------------- Invoking toplevel() on ptolemy.moml.MoMLSimpleApplication@4361c4b6
----------------- Done invoking toplevel() on ptolemy.moml.MoMLSimpleApplication@4361c4b6
reloadAllAccessors: .CycleOfImmediateTransitionsModal3

===========================================================================================
----------------- testing Mon Jun 22 14:48:31 UTC 2020 /home/travis/build/icyphy/ptII/ptolemy/domains/modal/test/auto/DeepModal1.xml
----------------- Instantiating /home/travis/build/icyphy/ptII/ptolemy/domains/modal/test/auto/DeepModal1.xml
29 ms. Memory: 187392K Free: 138344K (74%)
----------------- Invoking toplevel() on ptolemy.moml.MoMLSimpleApplication@30bf3a38
----------------- Done invoking toplevel() on ptolemy.moml.MoMLSimpleApplication@30bf3a38
reloadAllAccessors: .DeepModal1

===========================================================================================
----------------- testing Mon Jun 22 14:48:31 UTC 2020 /home/travis/build/icyphy/ptII/ptolemy/domains/modal/test/auto/DeepModal2.xml
----------------- Instantiating /home/travis/build/icyphy/ptII/ptolemy/domains/modal/test/auto/DeepModal2.xml
26 ms. Memory: 187392K Free: 119912K (64%)
----------------- Invoking toplevel() on ptolemy.moml.MoMLSimpleApplication@30fd4a15
----------------- Done invoking toplevel() on ptolemy.moml.MoMLSimpleApplication@30fd4a15
reloadAllAccessors: .DeepModal2

===========================================================================================
----------------- testing Mon Jun 22 14:48:31 UTC 2020 /home/travis/build/icyphy/ptII/ptolemy/domains/modal/test/auto/DeepModal3.xml
----------------- Instantiating /home/travis/build/icyphy/ptII/ptolemy/domains/modal/test/auto/DeepModal3.xml
18 ms. Memory: 187392K Free: 100456K (54%)
----------------- Invoking toplevel() on ptolemy.moml.MoMLSimpleApplication@1cdb49c7
----------------- Done invoking toplevel() on ptolemy.moml.MoMLSimpleApplication@1cdb49c7
reloadAllAccessors: .DeepModal3

===========================================================================================
----------------- testing Mon Jun 22 14:48:31 UTC 2020 /home/travis/build/icyphy/ptII/ptolemy/domains/modal/test/auto/DeepModal4.xml
----------------- Instantiating /home/travis/build/icyphy/ptII/ptolemy/domains/modal/test/auto/DeepModal4.xml
32 ms. Memory: 187392K Free: 81000K (43%)
----------------- Invoking toplevel() on ptolemy.moml.MoMLSimpleApplication@669497df
----------------- Done invoking toplevel() on ptolemy.moml.MoMLSimpleApplication@669497df
reloadAllAccessors: .DeepModal4

===========================================================================================
----------------- testing Mon Jun 22 14:48:31 UTC 2020 /home/travis/build/icyphy/ptII/ptolemy/domains/modal/test/auto/Default1.xml
----------------- Instantiating /home/travis/build/icyphy/ptII/ptolemy/domains/modal/test/auto/Default1.xml
2 ms. Memory: 187392K Free: 74856K (40%)
----------------- Invoking toplevel() on ptolemy.moml.MoMLSimpleApplication@2623078a
----------------- Done invoking toplevel() on ptolemy.moml.MoMLSimpleApplication@2623078a
reloadAllAccessors: .Default1

===========================================================================================
----------------- testing Mon Jun 22 14:48:31 UTC 2020 /home/travis/build/icyphy/ptII/ptolemy/domains/modal/test/auto/Default2.xml
----------------- Instantiating /home/travis/build/icyphy/ptII/ptolemy/domains/modal/test/auto/Default2.xml
9 ms. Memory: 187392K Free: 69222K (37%)
----------------- Invoking toplevel() on ptolemy.moml.MoMLSimpleApplication@5a7abe80
----------------- Done invoking toplevel() on ptolemy.moml.MoMLSimpleApplication@5a7abe80
reloadAllAccessors: .Default2

===========================================================================================
----------------- testing Mon Jun 22 14:48:31 UTC 2020 /home/travis/build/icyphy/ptII/ptolemy/domains/modal/test/auto/Default3.xml
----------------- Instantiating /home/travis/build/icyphy/ptII/ptolemy/domains/modal/test/auto/Default3.xml
5 ms. Memory: 187392K Free: 63078K (34%)
----------------- Invoking toplevel() on ptolemy.moml.MoMLSimpleApplication@6173c0af
----------------- Done invoking toplevel() on ptolemy.moml.MoMLSimpleApplication@6173c0af
reloadAllAccessors: .Default3

===========================================================================================
----------------- testing Mon Jun 22 14:48:31 UTC 2020 /home/travis/build/icyphy/ptII/ptolemy/domains/modal/test/auto/Default4.xml
----------------- Instantiating /home/travis/build/icyphy/ptII/ptolemy/domains/modal/test/auto/Default4.xml
6 ms. Memory: 187392K Free: 162397K (87%)
----------------- Invoking toplevel() on ptolemy.moml.MoMLSimpleApplication@6ce73a54
----------------- Done invoking toplevel() on ptolemy.moml.MoMLSimpleApplication@6ce73a54
reloadAllAccessors: .Default4

===========================================================================================
----------------- testing Mon Jun 22 14:48:31 UTC 2020 /home/travis/build/icyphy/ptII/ptolemy/domains/modal/test/auto/Default5.xml
----------------- Instantiating /home/travis/build/icyphy/ptII/ptolemy/domains/modal/test/auto/Default5.xml
8 ms. Memory: 187392K Free: 154214K (82%)
----------------- Invoking toplevel() on ptolemy.moml.MoMLSimpleApplication@51db3a5d
----------------- Done invoking toplevel() on ptolemy.moml.MoMLSimpleApplication@51db3a5d
reloadAllAccessors: .Default5

===========================================================================================
----------------- testing Mon Jun 22 14:48:31 UTC 2020 /home/travis/build/icyphy/ptII/ptolemy/domains/modal/test/auto/EmptyGuard.xml
----------------- Instantiating /home/travis/build/icyphy/ptII/ptolemy/domains/modal/test/auto/EmptyGuard.xml
17 ms. Memory: 187392K Free: 146536K (78%)
----------------- Invoking toplevel() on ptolemy.moml.MoMLSimpleApplication@77f0c40d
----------------- Done invoking toplevel() on ptolemy.moml.MoMLSimpleApplication@77f0c40d
reloadAllAccessors: .EmptyGuard

===========================================================================================
----------------- testing Mon Jun 22 14:48:31 UTC 2020 /home/travis/build/icyphy/ptII/ptolemy/domains/modal/test/auto/ErrorTransition1.xml
----------------- Instantiating /home/travis/build/icyphy/ptII/ptolemy/domains/modal/test/auto/ErrorTransition1.xml
9 ms. Memory: 187392K Free: 137830K (74%)
----------------- Invoking toplevel() on ptolemy.moml.MoMLSimpleApplication@59ff571d
----------------- Done invoking toplevel() on ptolemy.moml.MoMLSimpleApplication@59ff571d
reloadAllAccessors: .ErrorTransition1

===========================================================================================
----------------- testing Mon Jun 22 14:48:31 UTC 2020 /home/travis/build/icyphy/ptII/ptolemy/domains/modal/test/auto/ErrorTransition10.xml
----------------- Instantiating /home/travis/build/icyphy/ptII/ptolemy/domains/modal/test/auto/ErrorTransition10.xml
18 ms. Memory: 187392K Free: 124504K (66%)
----------------- Invoking toplevel() on ptolemy.moml.MoMLSimpleApplication@57589cd8
----------------- Done invoking toplevel() on ptolemy.moml.MoMLSimpleApplication@57589cd8
reloadAllAccessors: .ErrorTransition10

===========================================================================================
----------------- testing Mon Jun 22 14:48:31 UTC 2020 /home/travis/build/icyphy/ptII/ptolemy/domains/modal/test/auto/ErrorTransition11.xml
----------------- Instantiating /home/travis/build/icyphy/ptII/ptolemy/domains/modal/test/auto/ErrorTransition11.xml
5 ms. Memory: 187392K Free: 113254K (60%)
----------------- Invoking toplevel() on ptolemy.moml.MoMLSimpleApplication@71cf91bf
----------------- Done invoking toplevel() on ptolemy.moml.MoMLSimpleApplication@71cf91bf
reloadAllAccessors: .ErrorTransition11

===========================================================================================
----------------- testing Mon Jun 22 14:48:31 UTC 2020 /home/travis/build/icyphy/ptII/ptolemy/domains/modal/test/auto/ErrorTransition2.xml
----------------- Instantiating /home/travis/build/icyphy/ptII/ptolemy/domains/modal/test/auto/ErrorTransition2.xml
7 ms. Memory: 187392K Free: 104552K (56%)
----------------- Invoking toplevel() on ptolemy.moml.MoMLSimpleApplication@5ee66f47
----------------- Done invoking toplevel() on ptolemy.moml.MoMLSimpleApplication@5ee66f47
reloadAllAccessors: .ErrorTransition2

===========================================================================================
----------------- testing Mon Jun 22 14:48:31 UTC 2020 /home/travis/build/icyphy/ptII/ptolemy/domains/modal/test/auto/ErrorTransition3.xml
----------------- Instantiating /home/travis/build/icyphy/ptII/ptolemy/domains/modal/test/auto/ErrorTransition3.xml
16 ms. Memory: 187392K Free: 94822K (51%)
----------------- Invoking toplevel() on ptolemy.moml.MoMLSimpleApplication@209ceca7
----------------- Done invoking toplevel() on ptolemy.moml.MoMLSimpleApplication@209ceca7
reloadAllAccessors: .ErrorTransition3

===========================================================================================
----------------- testing Mon Jun 22 14:48:32 UTC 2020 /home/travis/build/icyphy/ptII/ptolemy/domains/modal/test/auto/ErrorTransition4.xml
----------------- Instantiating /home/travis/build/icyphy/ptII/ptolemy/domains/modal/test/auto/ErrorTransition4.xml
11 ms. Memory: 187392K Free: 83544K (45%)
----------------- Invoking toplevel() on ptolemy.moml.MoMLSimpleApplication@63546418
----------------- Done invoking toplevel() on ptolemy.moml.MoMLSimpleApplication@63546418
reloadAllAccessors: .ErrorTransition4

===========================================================================================
----------------- testing Mon Jun 22 14:48:32 UTC 2020 /home/travis/build/icyphy/ptII/ptolemy/domains/modal/test/auto/ErrorTransition5.xml
----------------- Instantiating /home/travis/build/icyphy/ptII/ptolemy/domains/modal/test/auto/ErrorTransition5.xml
9 ms. Memory: 187392K Free: 73288K (39%)
----------------- Invoking toplevel() on ptolemy.moml.MoMLSimpleApplication@58e05c98
----------------- Done invoking toplevel() on ptolemy.moml.MoMLSimpleApplication@58e05c98
reloadAllAccessors: .ErrorTransition5

===========================================================================================
----------------- testing Mon Jun 22 14:48:32 UTC 2020 /home/travis/build/icyphy/ptII/ptolemy/domains/modal/test/auto/ErrorTransition6.xml
----------------- Instantiating /home/travis/build/icyphy/ptII/ptolemy/domains/modal/test/auto/ErrorTransition6.xml
8 ms. Memory: 187392K Free: 62568K (33%)
----------------- Invoking toplevel() on ptolemy.moml.MoMLSimpleApplication@3639f7cd
----------------- Done invoking toplevel() on ptolemy.moml.MoMLSimpleApplication@3639f7cd
reloadAllAccessors: .ErrorTransition6

===========================================================================================
----------------- testing Mon Jun 22 14:48:32 UTC 2020 /home/travis/build/icyphy/ptII/ptolemy/domains/modal/test/auto/ErrorTransition7.xml
----------------- Instantiating /home/travis/build/icyphy/ptII/ptolemy/domains/modal/test/auto/ErrorTransition7.xml
17 ms. Memory: 231424K Free: 199264K (86%)
----------------- Invoking toplevel() on ptolemy.moml.MoMLSimpleApplication@7a7e0a80
----------------- Done invoking toplevel() on ptolemy.moml.MoMLSimpleApplication@7a7e0a80
reloadAllAccessors: .ErrorTransition7

===========================================================================================
----------------- testing Mon Jun 22 14:48:32 UTC 2020 /home/travis/build/icyphy/ptII/ptolemy/domains/modal/test/auto/ErrorTransition8.xml
----------------- Instantiating /home/travis/build/icyphy/ptII/ptolemy/domains/modal/test/auto/ErrorTransition8.xml
28 ms. Memory: 231424K Free: 186472K (81%)
----------------- Invoking toplevel() on ptolemy.moml.MoMLSimpleApplication@2e749d4c
----------------- Done invoking toplevel() on ptolemy.moml.MoMLSimpleApplication@2e749d4c
reloadAllAccessors: .ErrorTransition8

===========================================================================================
----------------- testing Mon Jun 22 14:48:32 UTC 2020 /home/travis/build/icyphy/ptII/ptolemy/domains/modal/test/auto/ErrorTransition9.xml
----------------- Instantiating /home/travis/build/icyphy/ptII/ptolemy/domains/modal/test/auto/ErrorTransition9.xml
16 ms. Memory: 231424K Free: 173160K (75%)
----------------- Invoking toplevel() on ptolemy.moml.MoMLSimpleApplication@3bc201f4
----------------- Done invoking toplevel() on ptolemy.moml.MoMLSimpleApplication@3bc201f4
reloadAllAccessors: .ErrorTransition9

===========================================================================================
----------------- testing Mon Jun 22 14:48:32 UTC 2020 /home/travis/build/icyphy/ptII/ptolemy/domains/modal/test/auto/ExtendedFSM.xml
----------------- Instantiating /home/travis/build/icyphy/ptII/ptolemy/domains/modal/test/auto/ExtendedFSM.xml
6 ms. Memory: 231424K Free: 164968K (71%)
----------------- Invoking toplevel() on ptolemy.moml.MoMLSimpleApplication@37d93703
----------------- Done invoking toplevel() on ptolemy.moml.MoMLSimpleApplication@37d93703
reloadAllAccessors: .ExtendedFSM

===========================================================================================
----------------- testing Mon Jun 22 14:48:32 UTC 2020 /home/travis/build/icyphy/ptII/ptolemy/domains/modal/test/auto/FinalStates.xml
----------------- Instantiating /home/travis/build/icyphy/ptII/ptolemy/domains/modal/test/auto/FinalStates.xml
7 ms. Memory: 231424K Free: 156776K (68%)
----------------- Invoking toplevel() on ptolemy.moml.MoMLSimpleApplication@4ec2c75e
----------------- Done invoking toplevel() on ptolemy.moml.MoMLSimpleApplication@4ec2c75e
reloadAllAccessors: .FinalStates

===========================================================================================
----------------- testing Mon Jun 22 14:48:32 UTC 2020 /home/travis/build/icyphy/ptII/ptolemy/domains/modal/test/auto/FixedPointFSM.xml
----------------- Instantiating /home/travis/build/icyphy/ptII/ptolemy/domains/modal/test/auto/FixedPointFSM.xml
23 ms. Memory: 231424K Free: 141920K (61%)
----------------- Invoking toplevel() on ptolemy.moml.MoMLSimpleApplication@12492b3
----------------- Done invoking toplevel() on ptolemy.moml.MoMLSimpleApplication@12492b3
reloadAllAccessors: .FixedPointFSM

===========================================================================================
----------------- testing Mon Jun 22 14:48:32 UTC 2020 /home/travis/build/icyphy/ptII/ptolemy/domains/modal/test/auto/FixedPointIterationFSMActor.xml
----------------- Instantiating /home/travis/build/icyphy/ptII/ptolemy/domains/modal/test/auto/FixedPointIterationFSMActor.xml
9 ms. Memory: 231424K Free: 131680K (57%)
----------------- Invoking toplevel() on ptolemy.moml.MoMLSimpleApplication@50c9b67
----------------- Done invoking toplevel() on ptolemy.moml.MoMLSimpleApplication@50c9b67
reloadAllAccessors: .FixedPointIterationFSMActor

===========================================================================================
----------------- testing Mon Jun 22 14:48:32 UTC 2020 /home/travis/build/icyphy/ptII/ptolemy/domains/modal/test/auto/FixedPointIterationFSMActor2.xml
----------------- Instantiating /home/travis/build/icyphy/ptII/ptolemy/domains/modal/test/auto/FixedPointIterationFSMActor2.xml
10 ms. Memory: 231424K Free: 119912K (52%)
----------------- Invoking toplevel() on ptolemy.moml.MoMLSimpleApplication@71b761d2
----------------- Done invoking toplevel() on ptolemy.moml.MoMLSimpleApplication@71b761d2
reloadAllAccessors: .FixedPointIterationFSMActor2

===========================================================================================
----------------- testing Mon Jun 22 14:48:32 UTC 2020 /home/travis/build/icyphy/ptII/ptolemy/domains/modal/test/auto/ForbiddenInstantanousLoop.xml
----------------- Instantiating /home/travis/build/icyphy/ptII/ptolemy/domains/modal/test/auto/ForbiddenInstantanousLoop.xml
12 ms. Memory: 231424K Free: 107624K (47%)
----------------- Invoking toplevel() on ptolemy.moml.MoMLSimpleApplication@3c722e79
----------------- Done invoking toplevel() on ptolemy.moml.MoMLSimpleApplication@3c722e79
reloadAllAccessors: .ForbiddenInstantanousLoop

===========================================================================================
----------------- testing Mon Jun 22 14:48:32 UTC 2020 /home/travis/build/icyphy/ptII/ptolemy/domains/modal/test/auto/FunctionDependencyOfFSMActorTest.xml
----------------- Instantiating /home/travis/build/icyphy/ptII/ptolemy/domains/modal/test/auto/FunctionDependencyOfFSMActorTest.xml
13 ms. Memory: 231424K Free: 100928K (44%)
----------------- Invoking toplevel() on ptolemy.moml.MoMLSimpleApplication@47e9d768
----------------- Done invoking toplevel() on ptolemy.moml.MoMLSimpleApplication@47e9d768
reloadAllAccessors: .FunctionDependencyOfFSMActorTest

===========================================================================================
----------------- testing Mon Jun 22 14:48:32 UTC 2020 /home/travis/build/icyphy/ptII/ptolemy/domains/modal/test/auto/GuardExpression.xml
----------------- Instantiating /home/travis/build/icyphy/ptII/ptolemy/domains/modal/test/auto/GuardExpression.xml
2 ms. Memory: 231424K Free: 95846K (41%)
----------------- Invoking toplevel() on ptolemy.moml.MoMLSimpleApplication@2ea6cbe2
----------------- Done invoking toplevel() on ptolemy.moml.MoMLSimpleApplication@2ea6cbe2
reloadAllAccessors: .GuardExpression

===========================================================================================
----------------- testing Mon Jun 22 14:48:32 UTC 2020 /home/travis/build/icyphy/ptII/ptolemy/domains/modal/test/auto/GuardNotEvaluated.xml
----------------- Instantiating /home/travis/build/icyphy/ptII/ptolemy/domains/modal/test/auto/GuardNotEvaluated.xml
7 ms. Memory: 231424K Free: 86630K (37%)
----------------- Invoking toplevel() on ptolemy.moml.MoMLSimpleApplication@6e95b546
----------------- Done invoking toplevel() on ptolemy.moml.MoMLSimpleApplication@6e95b546
reloadAllAccessors: .GuardNotEvaluated

===========================================================================================
----------------- testing Mon Jun 22 14:48:32 UTC 2020 /home/travis/build/icyphy/ptII/ptolemy/domains/modal/test/auto/GuardNotEvaluated2.xml
----------------- Instantiating /home/travis/build/icyphy/ptII/ptolemy/domains/modal/test/auto/GuardNotEvaluated2.xml
11 ms. Memory: 231424K Free: 209504K (91%)
----------------- Invoking toplevel() on ptolemy.moml.MoMLSimpleApplication@3dce2974
----------------- Done invoking toplevel() on ptolemy.moml.MoMLSimpleApplication@3dce2974
reloadAllAccessors: .GuardNotEvaluated2

===========================================================================================
----------------- testing Mon Jun 22 14:48:32 UTC 2020 /home/travis/build/icyphy/ptII/ptolemy/domains/modal/test/auto/GuardOnAbsent.xml
----------------- Instantiating /home/travis/build/icyphy/ptII/ptolemy/domains/modal/test/auto/GuardOnAbsent.xml
10 ms. Memory: 231424K Free: 201830K (87%)
----------------- Invoking toplevel() on ptolemy.moml.MoMLSimpleApplication@5edc5be3
----------------- Done invoking toplevel() on ptolemy.moml.MoMLSimpleApplication@5edc5be3
reloadAllAccessors: .GuardOnAbsent

===========================================================================================
----------------- testing Mon Jun 22 14:48:32 UTC 2020 /home/travis/build/icyphy/ptII/ptolemy/domains/modal/test/auto/HierarchicalFSMTypeInference.xml
----------------- Instantiating /home/travis/build/icyphy/ptII/ptolemy/domains/modal/test/auto/HierarchicalFSMTypeInference.xml
6 ms. Memory: 231424K Free: 191078K (83%)
----------------- Invoking toplevel() on ptolemy.moml.MoMLSimpleApplication@40831e2e
----------------- Done invoking toplevel() on ptolemy.moml.MoMLSimpleApplication@40831e2e
reloadAllAccessors: .HierarchicalFSMTypeInference

===========================================================================================
----------------- testing Mon Jun 22 14:48:32 UTC 2020 /home/travis/build/icyphy/ptII/ptolemy/domains/modal/test/auto/Hysteresis.xml
----------------- Instantiating /home/travis/build/icyphy/ptII/ptolemy/domains/modal/test/auto/Hysteresis.xml
16 ms. Memory: 231424K Free: 177752K (77%)
----------------- Invoking toplevel() on ptolemy.moml.MoMLSimpleApplication@10e244be
----------------- Done invoking toplevel() on ptolemy.moml.MoMLSimpleApplication@10e244be
reloadAllAccessors: .Hysteresis

===========================================================================================
----------------- testing Mon Jun 22 14:48:32 UTC 2020 /home/travis/build/icyphy/ptII/ptolemy/domains/modal/test/auto/HysteresisWithDefault.xml
----------------- Instantiating /home/travis/build/icyphy/ptII/ptolemy/domains/modal/test/auto/HysteresisWithDefault.xml
57 ms. Memory: 231424K Free: 154728K (67%)
----------------- Invoking toplevel() on ptolemy.moml.MoMLSimpleApplication@14f55e31
----------------- Done invoking toplevel() on ptolemy.moml.MoMLSimpleApplication@14f55e31
reloadAllAccessors: .HysteresisWithDefault

===========================================================================================
----------------- testing Mon Jun 22 14:48:32 UTC 2020 /home/travis/build/icyphy/ptII/ptolemy/domains/modal/test/auto/HysteresisWithDefault2.xml
----------------- Instantiating /home/travis/build/icyphy/ptII/ptolemy/domains/modal/test/auto/HysteresisWithDefault2.xml
61 ms. Memory: 231424K Free: 125542K (54%)
----------------- Invoking toplevel() on ptolemy.moml.MoMLSimpleApplication@5c743eba
----------------- Done invoking toplevel() on ptolemy.moml.MoMLSimpleApplication@5c743eba
reloadAllAccessors: .HysteresisWithDefault2

===========================================================================================
----------------- testing Mon Jun 22 14:48:32 UTC 2020 /home/travis/build/icyphy/ptII/ptolemy/domains/modal/test/auto/ImmediateNonConstructiveness.xml
----------------- Instantiating /home/travis/build/icyphy/ptII/ptolemy/domains/modal/test/auto/ImmediateNonConstructiveness.xml
4 ms. Memory: 231424K Free: 118374K (51%)
----------------- Invoking toplevel() on ptolemy.moml.MoMLSimpleApplication@54744b4b
----------------- Done invoking toplevel() on ptolemy.moml.MoMLSimpleApplication@54744b4b
reloadAllAccessors: .ImmediateNonConstructiveness

===========================================================================================
----------------- testing Mon Jun 22 14:48:33 UTC 2020 /home/travis/build/icyphy/ptII/ptolemy/domains/modal/test/auto/ImmediateNonConstructiveness2.xml
----------------- Instantiating /home/travis/build/icyphy/ptII/ptolemy/domains/modal/test/auto/ImmediateNonConstructiveness2.xml
3 ms. Memory: 231424K Free: 111720K (48%)
----------------- Invoking toplevel() on ptolemy.moml.MoMLSimpleApplication@78e170a0
----------------- Done invoking toplevel() on ptolemy.moml.MoMLSimpleApplication@78e170a0
reloadAllAccessors: .ImmediateNonConstructiveness2

===========================================================================================
----------------- testing Mon Jun 22 14:48:33 UTC 2020 /home/travis/build/icyphy/ptII/ptolemy/domains/modal/test/auto/ImmediateTransitionReset.xml
----------------- Instantiating /home/travis/build/icyphy/ptII/ptolemy/domains/modal/test/auto/ImmediateTransitionReset.xml
6 ms. Memory: 231424K Free: 99942K (43%)
----------------- Invoking toplevel() on ptolemy.moml.MoMLSimpleApplication@3e2874c3
----------------- Done invoking toplevel() on ptolemy.moml.MoMLSimpleApplication@3e2874c3
reloadAllAccessors: .ImmediateTransitionReset

===========================================================================================
----------------- testing Mon Jun 22 14:48:33 UTC 2020 /home/travis/build/icyphy/ptII/ptolemy/domains/modal/test/auto/ImmediateTransitions1.xml
----------------- Instantiating /home/travis/build/icyphy/ptII/ptolemy/domains/modal/test/auto/ImmediateTransitions1.xml
2 ms. Memory: 231424K Free: 94822K (41%)
----------------- Invoking toplevel() on ptolemy.moml.MoMLSimpleApplication@32b9a3ef
----------------- Done invoking toplevel() on ptolemy.moml.MoMLSimpleApplication@32b9a3ef
reloadAllAccessors: .ImmediateTransitions1

===========================================================================================
----------------- testing Mon Jun 22 14:48:33 UTC 2020 /home/travis/build/icyphy/ptII/ptolemy/domains/modal/test/auto/ImmediateTransitionsInstantaneousCommunication.xml
----------------- Instantiating /home/travis/build/icyphy/ptII/ptolemy/domains/modal/test/auto/ImmediateTransitionsInstantaneousCommunication.xml
8 ms. Memory: 231424K Free: 82534K (36%)
----------------- Invoking toplevel() on ptolemy.moml.MoMLSimpleApplication@5c2d2d2f
----------------- Done invoking toplevel() on ptolemy.moml.MoMLSimpleApplication@5c2d2d2f
reloadAllAccessors: .ImmediateTransitionsInstantaneousCommunication

===========================================================================================
----------------- testing Mon Jun 22 14:48:33 UTC 2020 /home/travis/build/icyphy/ptII/ptolemy/domains/modal/test/auto/InitialImmediateTransition.xml
----------------- Instantiating /home/travis/build/icyphy/ptII/ptolemy/domains/modal/test/auto/InitialImmediateTransition.xml
5 ms. Memory: 231424K Free: 206944K (89%)
----------------- Invoking toplevel() on ptolemy.moml.MoMLSimpleApplication@535249cf
----------------- Done invoking toplevel() on ptolemy.moml.MoMLSimpleApplication@535249cf
reloadAllAccessors: .InitialImmediateTransition

===========================================================================================
----------------- testing Mon Jun 22 14:48:33 UTC 2020 /home/travis/build/icyphy/ptII/ptolemy/domains/modal/test/auto/InitialOutputs.xml
----------------- Instantiating /home/travis/build/icyphy/ptII/ptolemy/domains/modal/test/auto/InitialOutputs.xml
3 ms. Memory: 231424K Free: 200296K (87%)
----------------- Invoking toplevel() on ptolemy.moml.MoMLSimpleApplication@18172eb5
----------------- Done invoking toplevel() on ptolemy.moml.MoMLSimpleApplication@18172eb5
reloadAllAccessors: .InitialOutputs

===========================================================================================
----------------- testing Mon Jun 22 14:48:33 UTC 2020 /home/travis/build/icyphy/ptII/ptolemy/domains/modal/test/auto/InitialStateTransition1.xml
----------------- Instantiating /home/travis/build/icyphy/ptII/ptolemy/domains/modal/test/auto/InitialStateTransition1.xml
2 ms. Memory: 231424K Free: 193128K (83%)
----------------- Invoking toplevel() on ptolemy.moml.MoMLSimpleApplication@6f562b27
----------------- Done invoking toplevel() on ptolemy.moml.MoMLSimpleApplication@6f562b27
reloadAllAccessors: .InitialStateTransition1

===========================================================================================
----------------- testing Mon Jun 22 14:48:33 UTC 2020 /home/travis/build/icyphy/ptII/ptolemy/domains/modal/test/auto/InitialStateTransition2.xml
----------------- Instantiating /home/travis/build/icyphy/ptII/ptolemy/domains/modal/test/auto/InitialStateTransition2.xml
.InitialStateTransition2.TestExceptionAttributeNonConstructive: initialize() was not invoked, but wrapup() was.  This is unusual, but not always a problem.  For example, exporting JNLP will do this.
1 ms. Memory: 231424K Free: 185960K (80%)
----------------- Invoking toplevel() on ptolemy.moml.MoMLSimpleApplication@70ef5370
----------------- Done invoking toplevel() on ptolemy.moml.MoMLSimpleApplication@70ef5370
reloadAllAccessors: .InitialStateTransition2

===========================================================================================
----------------- testing Mon Jun 22 14:48:33 UTC 2020 /home/travis/build/icyphy/ptII/ptolemy/domains/modal/test/auto/InitialStateTransition3.xml
----------------- Instantiating /home/travis/build/icyphy/ptII/ptolemy/domains/modal/test/auto/InitialStateTransition3.xml
5 ms. Memory: 231424K Free: 177254K (77%)
----------------- Invoking toplevel() on ptolemy.moml.MoMLSimpleApplication@45923a41
----------------- Done invoking toplevel() on ptolemy.moml.MoMLSimpleApplication@45923a41
reloadAllAccessors: .InitialStateTransition3

===========================================================================================
----------------- testing Mon Jun 22 14:48:33 UTC 2020 /home/travis/build/icyphy/ptII/ptolemy/domains/modal/test/auto/InitialStateTransition4.xml
----------------- Instantiating /home/travis/build/icyphy/ptII/ptolemy/domains/modal/test/auto/InitialStateTransition4.xml
4 ms. Memory: 231424K Free: 167528K (72%)
----------------- Invoking toplevel() on ptolemy.moml.MoMLSimpleApplication@df62b13
----------------- Done invoking toplevel() on ptolemy.moml.MoMLSimpleApplication@df62b13
[...]
reloadAllAccessors: .TerminationTransition3

===========================================================================================
----------------- testing Mon Jun 22 14:48:35 UTC 2020 /home/travis/build/icyphy/ptII/ptolemy/domains/modal/test/auto/TerminationTransition4.xml
----------------- Instantiating /home/travis/build/icyphy/ptII/ptolemy/domains/modal/test/auto/TerminationTransition4.xml
6 ms. Memory: 295936K Free: 257128K (87%)
----------------- Invoking toplevel() on ptolemy.moml.MoMLSimpleApplication@64388150
----------------- Done invoking toplevel() on ptolemy.moml.MoMLSimpleApplication@64388150
reloadAllAccessors: .TerminationTransition4

===========================================================================================
----------------- testing Mon Jun 22 14:48:35 UTC 2020 /home/travis/build/icyphy/ptII/ptolemy/domains/modal/test/auto/TerminationTransition5.xml
----------------- Instantiating /home/travis/build/icyphy/ptII/ptolemy/domains/modal/test/auto/TerminationTransition5.xml
2 ms. Memory: 295936K Free: 243302K (82%)
----------------- Invoking toplevel() on ptolemy.moml.MoMLSimpleApplication@7a9c1e72
----------------- Done invoking toplevel() on ptolemy.moml.MoMLSimpleApplication@7a9c1e72
reloadAllAccessors: .TerminationTransition5

===========================================================================================
----------------- testing Mon Jun 22 14:48:35 UTC 2020 /home/travis/build/icyphy/ptII/ptolemy/domains/modal/test/auto/TerminationTransition6.xml
----------------- Instantiating /home/travis/build/icyphy/ptII/ptolemy/domains/modal/test/auto/TerminationTransition6.xml
2 ms. Memory: 295936K Free: 235110K (79%)
----------------- Invoking toplevel() on ptolemy.moml.MoMLSimpleApplication@44dc769
----------------- Done invoking toplevel() on ptolemy.moml.MoMLSimpleApplication@44dc769
reloadAllAccessors: .TerminationTransition6

===========================================================================================
----------------- testing Mon Jun 22 14:48:35 UTC 2020 /home/travis/build/icyphy/ptII/ptolemy/domains/modal/test/auto/TerminationTransition7.xml
----------------- Instantiating /home/travis/build/icyphy/ptII/ptolemy/domains/modal/test/auto/TerminationTransition7.xml
2 ms. Memory: 295936K Free: 225894K (76%)
----------------- Invoking toplevel() on ptolemy.moml.MoMLSimpleApplication@21cca525
----------------- Done invoking toplevel() on ptolemy.moml.MoMLSimpleApplication@21cca525
reloadAllAccessors: .TerminationTransition7

===========================================================================================
----------------- testing Mon Jun 22 14:48:35 UTC 2020 /home/travis/build/icyphy/ptII/ptolemy/domains/modal/test/auto/TerminationTransition8.xml
----------------- Instantiating /home/travis/build/icyphy/ptII/ptolemy/domains/modal/test/auto/TerminationTransition8.xml
2 ms. Memory: 295936K Free: 216678K (73%)
----------------- Invoking toplevel() on ptolemy.moml.MoMLSimpleApplication@539313d9
----------------- Done invoking toplevel() on ptolemy.moml.MoMLSimpleApplication@539313d9
reloadAllAccessors: .TerminationTransition8

===========================================================================================
----------------- testing Mon Jun 22 14:48:35 UTC 2020 /home/travis/build/icyphy/ptII/ptolemy/domains/modal/test/auto/Thermostat_NoHysteresis.xml
----------------- Instantiating /home/travis/build/icyphy/ptII/ptolemy/domains/modal/test/auto/Thermostat_NoHysteresis.xml
25 ms. Memory: 295936K Free: 192096K (65%)
----------------- Invoking toplevel() on ptolemy.moml.MoMLSimpleApplication@34ce7ae5
----------------- Done invoking toplevel() on ptolemy.moml.MoMLSimpleApplication@34ce7ae5
reloadAllAccessors: .Thermostat_NoHysteresis

===========================================================================================
----------------- testing Mon Jun 22 14:48:35 UTC 2020 /home/travis/build/icyphy/ptII/ptolemy/domains/modal/test/auto/TimedFSM.xml
----------------- Instantiating /home/travis/build/icyphy/ptII/ptolemy/domains/modal/test/auto/TimedFSM.xml
8 ms. Memory: 295936K Free: 180328K (61%)
----------------- Invoking toplevel() on ptolemy.moml.MoMLSimpleApplication@6f78896b
----------------- Done invoking toplevel() on ptolemy.moml.MoMLSimpleApplication@6f78896b
reloadAllAccessors: .TimedFSM

===========================================================================================
----------------- testing Mon Jun 22 14:48:35 UTC 2020 /home/travis/build/icyphy/ptII/ptolemy/domains/modal/test/auto/Timeout1.xml
----------------- Instantiating /home/travis/build/icyphy/ptII/ptolemy/domains/modal/test/auto/Timeout1.xml
4 ms. Memory: 295936K Free: 174680K (59%)
----------------- Invoking toplevel() on ptolemy.moml.MoMLSimpleApplication@6a4b445c
----------------- Done invoking toplevel() on ptolemy.moml.MoMLSimpleApplication@6a4b445c
reloadAllAccessors: .Timeout1

===========================================================================================
----------------- testing Mon Jun 22 14:48:35 UTC 2020 /home/travis/build/icyphy/ptII/ptolemy/domains/modal/test/auto/Timeout2.xml
----------------- Instantiating /home/travis/build/icyphy/ptII/ptolemy/domains/modal/test/auto/Timeout2.xml
8 ms. Memory: 295936K Free: 165992K (56%)
----------------- Invoking toplevel() on ptolemy.moml.MoMLSimpleApplication@7ae5a55a
----------------- Done invoking toplevel() on ptolemy.moml.MoMLSimpleApplication@7ae5a55a
reloadAllAccessors: .Timeout2

===========================================================================================
----------------- testing Mon Jun 22 14:48:35 UTC 2020 /home/travis/build/icyphy/ptII/ptolemy/domains/modal/test/auto/Timeout3.xml
----------------- Instantiating /home/travis/build/icyphy/ptII/ptolemy/domains/modal/test/auto/Timeout3.xml
3 ms. Memory: 295936K Free: 160872K (54%)
----------------- Invoking toplevel() on ptolemy.moml.MoMLSimpleApplication@43750eda
----------------- Done invoking toplevel() on ptolemy.moml.MoMLSimpleApplication@43750eda
reloadAllAccessors: .Timeout3

===========================================================================================
----------------- testing Mon Jun 22 14:48:35 UTC 2020 /home/travis/build/icyphy/ptII/ptolemy/domains/modal/test/auto/Timeout4.xml
----------------- Instantiating /home/travis/build/icyphy/ptII/ptolemy/domains/modal/test/auto/Timeout4.xml
2 ms. Memory: 295936K Free: 155752K (53%)
----------------- Invoking toplevel() on ptolemy.moml.MoMLSimpleApplication@279f3b65
----------------- Done invoking toplevel() on ptolemy.moml.MoMLSimpleApplication@279f3b65
reloadAllAccessors: .Timeout4

===========================================================================================
----------------- testing Mon Jun 22 14:48:35 UTC 2020 /home/travis/build/icyphy/ptII/ptolemy/domains/modal/test/auto/TransientstateModelAdvanced.xml
----------------- Instantiating /home/travis/build/icyphy/ptII/ptolemy/domains/modal/test/auto/TransientstateModelAdvanced.xml
3 ms. Memory: 295936K Free: 143464K (48%)
----------------- Invoking toplevel() on ptolemy.moml.MoMLSimpleApplication@19047f32
----------------- Done invoking toplevel() on ptolemy.moml.MoMLSimpleApplication@19047f32
reloadAllAccessors: .TransientstateModelAdvanced

===========================================================================================
----------------- testing Mon Jun 22 14:48:35 UTC 2020 /home/travis/build/icyphy/ptII/ptolemy/domains/modal/test/auto/TransientstateModelAdvanced2.xml
----------------- Instantiating /home/travis/build/icyphy/ptII/ptolemy/domains/modal/test/auto/TransientstateModelAdvanced2.xml
3 ms. Memory: 295936K Free: 129624K (44%)
----------------- Invoking toplevel() on ptolemy.moml.MoMLSimpleApplication@1f9fd1e1
----------------- Done invoking toplevel() on ptolemy.moml.MoMLSimpleApplication@1f9fd1e1
reloadAllAccessors: .transientstatemodelAdvanced

===========================================================================================
----------------- testing Mon Jun 22 14:48:35 UTC 2020 /home/travis/build/icyphy/ptII/ptolemy/domains/modal/test/auto/TransitionRefinements.xml
----------------- Instantiating /home/travis/build/icyphy/ptII/ptolemy/domains/modal/test/auto/TransitionRefinements.xml
8 ms. Memory: 295936K Free: 119912K (41%)
----------------- Invoking toplevel() on ptolemy.moml.MoMLSimpleApplication@327e26ed
----------------- Done invoking toplevel() on ptolemy.moml.MoMLSimpleApplication@327e26ed
reloadAllAccessors: .TransitionRefinements

===========================================================================================
----------------- testing Mon Jun 22 14:48:35 UTC 2020 /home/travis/build/icyphy/ptII/ptolemy/domains/modal/test/auto/TwoRefinements1.xml
----------------- Instantiating /home/travis/build/icyphy/ptII/ptolemy/domains/modal/test/auto/TwoRefinements1.xml
3 ms. Memory: 295936K Free: 110182K (37%)
----------------- Invoking toplevel() on ptolemy.moml.MoMLSimpleApplication@4854ef3
----------------- Done invoking toplevel() on ptolemy.moml.MoMLSimpleApplication@4854ef3
reloadAllAccessors: .TwoRefinements1

===========================================================================================
----------------- testing Mon Jun 22 14:48:35 UTC 2020 /home/travis/build/icyphy/ptII/ptolemy/domains/modal/test/auto/TwoRefinements2.xml
----------------- Instantiating /home/travis/build/icyphy/ptII/ptolemy/domains/modal/test/auto/TwoRefinements2.xml
3 ms. Memory: 295936K Free: 272693K (92%)
----------------- Invoking toplevel() on ptolemy.moml.MoMLSimpleApplication@4dce4b94
----------------- Done invoking toplevel() on ptolemy.moml.MoMLSimpleApplication@4dce4b94
reloadAllAccessors: .TwoRefinements2

===========================================================================================
----------------- testing Mon Jun 22 14:48:35 UTC 2020 /home/travis/build/icyphy/ptII/ptolemy/domains/modal/test/auto/WeakImmediateTransition.xml
----------------- Instantiating /home/travis/build/icyphy/ptII/ptolemy/domains/modal/test/auto/WeakImmediateTransition.xml
4 ms. Memory: 295936K Free: 263991K (89%)
----------------- Invoking toplevel() on ptolemy.moml.MoMLSimpleApplication@3482731e
----------------- Done invoking toplevel() on ptolemy.moml.MoMLSimpleApplication@3482731e
reloadAllAccessors: .WeakImmediateTransition

===========================================================================================
----------------- testing Mon Jun 22 14:48:35 UTC 2020 /home/travis/build/icyphy/ptII/ptolemy/domains/modal/test/auto/booleanSelect.xml
----------------- Instantiating /home/travis/build/icyphy/ptII/ptolemy/domains/modal/test/auto/booleanSelect.xml
61 ms. Memory: 295936K Free: 246055K (83%)
----------------- Invoking toplevel() on ptolemy.moml.MoMLSimpleApplication@3ea1f791
----------------- Done invoking toplevel() on ptolemy.moml.MoMLSimpleApplication@3ea1f791
reloadAllAccessors: .booleanSelect

===========================================================================================
----------------- testing Mon Jun 22 14:48:35 UTC 2020 /home/travis/build/icyphy/ptII/ptolemy/domains/modal/test/auto/modalChangingParams.xml
----------------- Instantiating /home/travis/build/icyphy/ptII/ptolemy/domains/modal/test/auto/modalChangingParams.xml
0
1
0
2
4
6
8
7
0
2
4
6
8
13
0
2
4
6
8
19
0
2
4
6
8
25
0
2
4
6
8
31
0
2
4
6
8
37
0
2
4
6
8
43
0
2
4
6
8
49
0
2
4
6
8
55
0
2
4
6
8
61
0
2
4
6
8
67
0
2
4
6
8
73
0
2
4
6
8
79
0
2
4
6
8
85
0
2
4
6
8
91
0
2
4
6
8
97
0
2
4
6
8
103
0
2
4
6
8
109
0
2
4
6
8
115
0
2
4
6
8
121
0
2
4
6
8
127
0
2
4
6
8
133
0
2
4
6
8
139
0
2
4
6
8
145
0
2
4
6
8
151
0
2
4
6
8
157
0
2
4
6
8
163
0
2
4
6
8
169
0
2
4
6
8
175
0
2
4
6
8
181
0
2
4
6
8
187
0
2
4
6
8
193
0
2
4
6
8
199
0
2
4
6
8
205
0
2
4
6
8
211
0
2
4
6
8
217
0
2
4
6
8
223
0
2
4
6
8
229
0
2
4
6
8
235
0
2
4
6
8
241
0
2
4
6
8
247
0
2
4
6
8
253
0
2
4
6
8
259
0
2
4
6
8
265
0
2
4
6
8
271
0
2
4
6
8
277
0
2
4
6
8
283
0
2
4
6
8
289
0
2
4
6
8
295
0
2
4
6
8
301
0
2
4
6
8
307
0
2
4
6
8
313
0
2
4
6
8
319
0
2
4
6
8
325
0
2
4
6
8
331
0
2
4
6
8
337
0
2
4
6
8
343
0
2
4
6
8
349
0
2
4
6
8
355
0
2
4
6
8
361
0
2
4
6
8
367
0
2
4
6
8
373
0
2
4
6
8
379
0
2
4
6
8
385
0
2
4
6
8
391
0
2
4
6
8
397
0
2
4
6
8
403
0
2
4
6
8
409
0
2
4
6
8
415
0
2
4
6
8
421
0
2
4
6
8
427
0
2
4
6
8
433
0
2
4
6
8
439
0
2
4
6
8
445
0
2
4
6
8
451
0
2
4
6
8
457
0
2
4
6
8
463
0
2
4
6
8
469
0
2
4
6
8
475
0
2
4
6
8
481
0
2
4
6
8
487
0
2
4
6
8
493
0
2
4
6
8
499
0
2
4
6
8
505
0
2
4
6
8
511
0
2
4
6
8
517
0
2
4
6
8
523
0
2
4
6
8
529
0
2
4
6
8
535
0
2
4
6
8
541
0
2
4
6
8
547
0
2
4
6
8
553
0
2
4
6
8
559
0
2
4
6
8
565
0
2
4
6
8
571
0
2
4
6
8
577
0
2
4
6
8
583
0
2
4
6
8
589
0
2
4
6
8
595
0
2
4
6
8
601
0
2
4
6
8
607
0
2
4
6
8
613
0
2
4
6
8
619
0
2
4
6
8
625
0
2
4
6
8
631
0
2
4
6
8
637
0
2
4
6
8
643
0
2
4
6
8
649
0
2
4
6
8
655
0
2
4
6
8
661
0
2
4
6
8
667
0
2
4
6
8
673
0
2
4
6
8
679
0
2
4
6
8
685
0
2
4
6
8
691
0
2
4
6
8
697
0
2
4
6
8
703
0
2
4
6
8
709
0
2
4
6
8
715
0
2
4
6
8
721
0
2
4
6
8
727
0
2
4
6
8
733
0
2
4
6
8
739
0
2
4
6
8
745
0
2
4
6
8
751
0
2
4
6
8
757
0
2
4
6
8
763
0
2
4
6
8
769
0
2
4
6
8
775
0
2
4
6
8
781
0
2
4
6
8
787
0
2
4
6
8
793
0
2
4
6
8
799
0
2
4
6
8
805
0
2
4
6
8
811
0
2
4
6
8
817
0
2
4
6
8
823
0
2
4
6
8
829
0
2
4
6
8
835
0
2
4
6
8
841
0
2
4
6
8
847
0
2
4
6
8
853
0
2
4
6
8
859
0
2
4
6
8
865
0
2
4
6
8
871
0
2
4
6
8
877
0
2
4
6
8
883
0
2
4
6
8
889
0
2
4
6
8
895
0
2
4
6
8
901
0
2
4
6
8
907
0
2
4
6
8
913
0
2
4
6
8
919
0
2
4
6
8
925
0
2
4
6
8
931
0
2
4
6
8
937
0
2
4
6
8
943
0
2
4
6
8
949
0
2
4
6
8
955
0
2
4
6
8
961
0
2
4
6
8
967
0
2
4
6
8
973
0
2
4
6
8
979
0
2
4
6
8
985
0
2
4
6
8
991
0
2
4
6
8
997
0
2
260 ms. Memory: 295936K Free: 131375K (44%)
----------------- Invoking toplevel() on ptolemy.moml.MoMLSimpleApplication@5177770e
----------------- Done invoking toplevel() on ptolemy.moml.MoMLSimpleApplication@5177770e
reloadAllAccessors: .modalChangingParams

===========================================================================================
----------------- testing Mon Jun 22 14:48:36 UTC 2020 /home/travis/build/icyphy/ptII/ptolemy/domains/modal/test/auto/modalModel.xml
----------------- Instantiating /home/travis/build/icyphy/ptII/ptolemy/domains/modal/test/auto/modalModel.xml
20 ms. Memory: 295936K Free: 122679K (41%)
----------------- Invoking toplevel() on ptolemy.moml.MoMLSimpleApplication@181a78f1
----------------- Done invoking toplevel() on ptolemy.moml.MoMLSimpleApplication@181a78f1
reloadAllAccessors: .modalModel

===========================================================================================
----------------- testing Mon Jun 22 14:48:36 UTC 2020 /home/travis/build/icyphy/ptII/ptolemy/domains/modal/test/auto/modalModel2.xml
----------------- Instantiating /home/travis/build/icyphy/ptII/ptolemy/domains/modal/test/auto/modalModel2.xml
7 ms. Memory: 295936K Free: 111911K (38%)
----------------- Invoking toplevel() on ptolemy.moml.MoMLSimpleApplication@372cd70b
----------------- Done invoking toplevel() on ptolemy.moml.MoMLSimpleApplication@372cd70b
reloadAllAccessors: .modalModel2

===========================================================================================
----------------- testing Mon Jun 22 14:48:36 UTC 2020 /home/travis/build/icyphy/ptII/ptolemy/domains/modal/test/auto/modalModel3.xml
----------------- Instantiating /home/travis/build/icyphy/ptII/ptolemy/domains/modal/test/auto/modalModel3.xml
0	0	0
3	2	1
6	4	2
9	6	3
4	0	4
7	2	5
10	4	6
13	6	7
8	0	8
11	2	9
14	4	10
17	6	11
12	0	12
15	2	13
18	4	14
25 ms. Memory: 356352K Free: 331736K (93%)
----------------- Invoking toplevel() on ptolemy.moml.MoMLSimpleApplication@4d5ce953
----------------- Done invoking toplevel() on ptolemy.moml.MoMLSimpleApplication@4d5ce953
reloadAllAccessors: .modalModel3

===========================================================================================
----------------- testing Mon Jun 22 14:48:36 UTC 2020 /home/travis/build/icyphy/ptII/ptolemy/domains/modal/test/auto/model1.xml
----------------- Instantiating /home/travis/build/icyphy/ptII/ptolemy/domains/modal/test/auto/model1.xml
13 ms. Memory: 356352K Free: 326046K (91%)
----------------- Invoking toplevel() on ptolemy.moml.MoMLSimpleApplication@4580884a
----------------- Done invoking toplevel() on ptolemy.moml.MoMLSimpleApplication@4580884a
reloadAllAccessors: .model1

===========================================================================================
----------------- testing Mon Jun 22 14:48:36 UTC 2020 /home/travis/build/icyphy/ptII/ptolemy/domains/modal/test/auto/test-direct-in-out.xml
----------------- Instantiating /home/travis/build/icyphy/ptII/ptolemy/domains/modal/test/auto/test-direct-in-out.xml
6 ms. Memory: 356352K Free: 318398K (89%)
----------------- Invoking toplevel() on ptolemy.moml.MoMLSimpleApplication@5906f70
----------------- Done invoking toplevel() on ptolemy.moml.MoMLSimpleApplication@5906f70
reloadAllAccessors: .test-direct-in-out
AutoTests.java: About to close Vertx.
AutoTests.java: Vertx closed.
]]></system-out>
  <system-err><![CDATA[java.lang.RuntimeException: Execution failed
	at ptolemy.moml.MoMLSimpleApplication$UnloadThread.run(MoMLSimpleApplication.java:402)
Caused by: ptolemy.kernel.util.IllegalActionException: Unknown inputs remain. Possible causality loop:
L_model_1893289564i

  in .CannotAnalysisWithPreemption.model_1893289564_region_1 and .CannotAnalysisWithPreemption.model_1893289564_region_1.L_model_1893289564i
	at ptolemy.actor.sched.FixedPointDirector.postfire(FixedPointDirector.java:515)
	at ptolemy.domains.sr.kernel.SRDirector.postfire(SRDirector.java:417)
	at ptolemy.actor.CompositeActor.postfire(CompositeActor.java:1668)
	at ptolemy.actor.Manager.iterate(Manager.java:852)
	at ptolemy.actor.Manager.execute(Manager.java:369)
	at ptolemy.actor.Manager.run(Manager.java:1263)
	at ptolemy.actor.Manager$PtolemyRunThread.run(Manager.java:1933)
java.lang.reflect.InvocationTargetException
	at java.base/jdk.internal.reflect.NativeConstructorAccessorImpl.newInstance0(Native Method)
	at java.base/jdk.internal.reflect.NativeConstructorAccessorImpl.newInstance(NativeConstructorAccessorImpl.java:62)
	at java.base/jdk.internal.reflect.DelegatingConstructorAccessorImpl.newInstance(DelegatingConstructorAccessorImpl.java:45)
	at java.base/java.lang.reflect.Constructor.newInstance(Constructor.java:490)
	at ptolemy.util.test.junit.AutoKnownFailedTests.RunModel(AutoKnownFailedTests.java:105)
	at java.base/jdk.internal.reflect.NativeMethodAccessorImpl.invoke0(Native Method)
	at java.base/jdk.internal.reflect.NativeMethodAccessorImpl.invoke(NativeMethodAccessorImpl.java:62)
	at java.base/jdk.internal.reflect.DelegatingMethodAccessorImpl.invoke(DelegatingMethodAccessorImpl.java:43)
	at java.base/java.lang.reflect.Method.invoke(Method.java:566)
	at org.junit.runners.model.FrameworkMethod$1.runReflectiveCall(FrameworkMethod.java:44)
	at org.junit.internal.runners.model.ReflectiveCallable.run(ReflectiveCallable.java:15)
	at org.junit.runners.model.FrameworkMethod.invokeExplosively(FrameworkMethod.java:41)
	at junitparams.internal.InvokeParameterisedMethod.evaluate(InvokeParameterisedMethod.java:102)
	at org.junit.internal.runners.statements.FailOnTimeout$1.run(FailOnTimeout.java:28)
Caused by: ptolemy.kernel.util.IllegalActionException: Unknown inputs remain. Possible causality loop:
L_model_1893289564i

  in .CannotAnalysisWithPreemption.model_1893289564_region_1 and .CannotAnalysisWithPreemption.model_1893289564_region_1.L_model_1893289564i
	at ptolemy.actor.sched.FixedPointDirector.postfire(FixedPointDirector.java:515)
	at ptolemy.domains.sr.kernel.SRDirector.postfire(SRDirector.java:417)
	at ptolemy.actor.CompositeActor.postfire(CompositeActor.java:1668)
	at ptolemy.actor.Manager.iterate(Manager.java:852)
	at ptolemy.actor.Manager.execute(Manager.java:369)
	at ptolemy.actor.Manager.run(Manager.java:1263)
	at ptolemy.actor.Manager$PtolemyRunThread.run(Manager.java:1933)
]]></system-err>
</testsuite>
