<?xml version="1.0" encoding="UTF-8" ?>
<testsuite errors="0" failures="0" hostname="travis-job-b5bd14f1-fe11-4a3b-8692-c49a2ef88076" name="ptolemy.domains.de.test.junit.JUnitTclTest" skipped="0" tests="101" time="122.818" timestamp="2021-07-06T02:02:02">
  <properties>
[...]
</properties>
  <testcase classname="ptolemy.util.test.junit.TclTests" name="[0] /home/travis/build/icyphy/ptII/ptolemy/domains/de/test/DependencyLoop.tcl (RunTclFile)" time="0.99" />
  <testcase classname="ptolemy.util.test.junit.TclTests" name="[1] /home/travis/build/icyphy/ptII/ptolemy/domains/de/test/RunDETestsAsQSS.tcl (RunTclFile)" time="82.442" />
  <testcase classname="ptolemy.util.test.junit.AutoKnownFailedTests" name="[0] /home/travis/build/icyphy/ptII/ptolemy/domains/de/test/auto/knownFailedTests/DESDFClockTest.xml (RunModel)" time="2.052" />
  <testcase classname="ptolemy.util.test.junit.AutoKnownFailedTests" name="[1] /home/travis/build/icyphy/ptII/ptolemy/domains/de/test/auto/knownFailedTests/DirectFeedback.xml (RunModel)" time="0.018" />
  <testcase classname="ptolemy.util.test.junit.AutoKnownFailedTests" name="[2] /home/travis/build/icyphy/ptII/ptolemy/domains/de/test/auto/knownFailedTests/FSMSource.xml (RunModel)" time="0.02" />
  <testcase classname="ptolemy.util.test.junit.AutoKnownFailedTests" name="[3] /home/travis/build/icyphy/ptII/ptolemy/domains/de/test/auto/knownFailedTests/HierarchicalModel.xml (RunModel)" time="0.064" />
  <testcase classname="ptolemy.util.test.junit.AutoKnownFailedTests" name="[4] /home/travis/build/icyphy/ptII/ptolemy/domains/de/test/auto/knownFailedTests/dependencyLoop.xml (RunModel)" time="0.043" />
  <testcase classname="ptolemy.util.test.junit.AutoKnownFailedTests" name="[5] /home/travis/build/icyphy/ptII/ptolemy/domains/de/test/auto/knownFailedTests/dependencyLoop2.xml (RunModel)" time="0.043" />
  <testcase classname="ptolemy.util.test.junit.AutoNameArchTests" name="[0] ThereAreNoAutoArchTests (RunModel)" time="0.001" />
  <testcase classname="ptolemy.util.test.junit.AutoTests" name="[0] /home/travis/build/icyphy/ptII/ptolemy/domains/de/test/auto/ActorDepthCalculation_actorWithoutPorts.xml (RunModel)" time="0.027" />
  <testcase classname="ptolemy.util.test.junit.AutoTests" name="[1] /home/travis/build/icyphy/ptII/ptolemy/domains/de/test/auto/AssemblyLine.xml (RunModel)" time="0.022" />
  <testcase classname="ptolemy.util.test.junit.AutoTests" name="[2] /home/travis/build/icyphy/ptII/ptolemy/domains/de/test/auto/CQBug1.xml (RunModel)" time="0.013" />
  <testcase classname="ptolemy.util.test.junit.AutoTests" name="[3] /home/travis/build/icyphy/ptII/ptolemy/domains/de/test/auto/CancelFireAt.xml (RunModel)" time="0.011" />
  <testcase classname="ptolemy.util.test.junit.AutoTests" name="[4] /home/travis/build/icyphy/ptII/ptolemy/domains/de/test/auto/CausalityAndComposabilityAnalysis.xml (RunModel)" time="0.015" />
  <testcase classname="ptolemy.util.test.junit.AutoTests" name="[5] /home/travis/build/icyphy/ptII/ptolemy/domains/de/test/auto/CausalityInterface1.xml (RunModel)" time="0.014" />
  <testcase classname="ptolemy.util.test.junit.AutoTests" name="[6] /home/travis/build/icyphy/ptII/ptolemy/domains/de/test/auto/CausalityInterface15.xml (RunModel)" time="0.015" />
  <testcase classname="ptolemy.util.test.junit.AutoTests" name="[7] /home/travis/build/icyphy/ptII/ptolemy/domains/de/test/auto/CausalityInterface2.xml (RunModel)" time="0.016" />
  <testcase classname="ptolemy.util.test.junit.AutoTests" name="[8] /home/travis/build/icyphy/ptII/ptolemy/domains/de/test/auto/CausalityInterface3.xml (RunModel)" time="0.017" />
  <testcase classname="ptolemy.util.test.junit.AutoTests" name="[9] /home/travis/build/icyphy/ptII/ptolemy/domains/de/test/auto/ClockDrift.xml (RunModel)" time="0.038" />
  <testcase classname="ptolemy.util.test.junit.AutoTests" name="[10] /home/travis/build/icyphy/ptII/ptolemy/domains/de/test/auto/ClockDriftAndValueChange.xml (RunModel)" time="0.033" />
  <testcase classname="ptolemy.util.test.junit.AutoTests" name="[11] /home/travis/build/icyphy/ptII/ptolemy/domains/de/test/auto/ClockDriftChange.xml (RunModel)" time="0.033" />
  <testcase classname="ptolemy.util.test.junit.AutoTests" name="[12] /home/travis/build/icyphy/ptII/ptolemy/domains/de/test/auto/ComposableCausalityAnalysis.xml (RunModel)" time="0.019" />
  <testcase classname="ptolemy.util.test.junit.AutoTests" name="[13] /home/travis/build/icyphy/ptII/ptolemy/domains/de/test/auto/DEFixedPointLimitation.xml (RunModel)" time="0.008" />
  <testcase classname="ptolemy.util.test.junit.AutoTests" name="[14] /home/travis/build/icyphy/ptII/ptolemy/domains/de/test/auto/DEScheduleTest.xml (RunModel)" time="0.015" />
  <testcase classname="ptolemy.util.test.junit.AutoTests" name="[15] /home/travis/build/icyphy/ptII/ptolemy/domains/de/test/auto/DEinDEwithStartTimes.xml (RunModel)" time="0.015" />
  <testcase classname="ptolemy.util.test.junit.AutoTests" name="[16] /home/travis/build/icyphy/ptII/ptolemy/domains/de/test/auto/DEinDEwithStartTimes2.xml (RunModel)" time="0.019" />
  <testcase classname="ptolemy.util.test.junit.AutoTests" name="[17] /home/travis/build/icyphy/ptII/ptolemy/domains/de/test/auto/DateDemo.xml (RunModel)" time="0.034" />
  <testcase classname="ptolemy.util.test.junit.AutoTests" name="[18] /home/travis/build/icyphy/ptII/ptolemy/domains/de/test/auto/DateToEvent.xml (RunModel)" time="2.052" />
  <testcase classname="ptolemy.util.test.junit.AutoTests" name="[19] /home/travis/build/icyphy/ptII/ptolemy/domains/de/test/auto/DepthTest1.xml (RunModel)" time="0.008" />
  <testcase classname="ptolemy.util.test.junit.AutoTests" name="[20] /home/travis/build/icyphy/ptII/ptolemy/domains/de/test/auto/DepthTest2.xml (RunModel)" time="0.018" />
  <testcase classname="ptolemy.util.test.junit.AutoTests" name="[21] /home/travis/build/icyphy/ptII/ptolemy/domains/de/test/auto/DepthTest3.xml (RunModel)" time="0.009" />
  <testcase classname="ptolemy.util.test.junit.AutoTests" name="[22] /home/travis/build/icyphy/ptII/ptolemy/domains/de/test/auto/DepthTest4.xml (RunModel)" time="0.021" />
  <testcase classname="ptolemy.util.test.junit.AutoTests" name="[23] /home/travis/build/icyphy/ptII/ptolemy/domains/de/test/auto/DepthTest5.xml (RunModel)" time="0.023" />
  <testcase classname="ptolemy.util.test.junit.AutoTests" name="[24] /home/travis/build/icyphy/ptII/ptolemy/domains/de/test/auto/DepthTest6.xml (RunModel)" time="0.027" />
  <testcase classname="ptolemy.util.test.junit.AutoTests" name="[25] /home/travis/build/icyphy/ptII/ptolemy/domains/de/test/auto/DepthTest7.xml (RunModel)" time="0.018" />
  <testcase classname="ptolemy.util.test.junit.AutoTests" name="[26] /home/travis/build/icyphy/ptII/ptolemy/domains/de/test/auto/EventToDate.xml (RunModel)" time="3.044" />
  <testcase classname="ptolemy.util.test.junit.AutoTests" name="[27] /home/travis/build/icyphy/ptII/ptolemy/domains/de/test/auto/FSM1.xml (RunModel)" time="0.039" />
  <testcase classname="ptolemy.util.test.junit.AutoTests" name="[28] /home/travis/build/icyphy/ptII/ptolemy/domains/de/test/auto/FSM7.xml (RunModel)" time="0.045" />
  <testcase classname="ptolemy.util.test.junit.AutoTests" name="[29] /home/travis/build/icyphy/ptII/ptolemy/domains/de/test/auto/Inspection.xml (RunModel)" time="0.04" />
  <testcase classname="ptolemy.util.test.junit.AutoTests" name="[30] /home/travis/build/icyphy/ptII/ptolemy/domains/de/test/auto/Iteration.xml (RunModel)" time="0.022" />
  <testcase classname="ptolemy.util.test.junit.AutoTests" name="[31] /home/travis/build/icyphy/ptII/ptolemy/domains/de/test/auto/LineFault.xml (RunModel)" time="0.559" />
  <testcase classname="ptolemy.util.test.junit.AutoTests" name="[32] /home/travis/build/icyphy/ptII/ptolemy/domains/de/test/auto/MergeModel1Add.xml (RunModel)" time="0.042" />
  <testcase classname="ptolemy.util.test.junit.AutoTests" name="[33] /home/travis/build/icyphy/ptII/ptolemy/domains/de/test/auto/MergeModel2Add.xml (RunModel)" time="0.032" />
  <testcase classname="ptolemy.util.test.junit.AutoTests" name="[34] /home/travis/build/icyphy/ptII/ptolemy/domains/de/test/auto/MergeModel3Add.xml (RunModel)" time="0.038" />
  <testcase classname="ptolemy.util.test.junit.AutoTests" name="[35] /home/travis/build/icyphy/ptII/ptolemy/domains/de/test/auto/MergeWithoutDiscard.xml (RunModel)" time="0.01" />
  <testcase classname="ptolemy.util.test.junit.AutoTests" name="[36] /home/travis/build/icyphy/ptII/ptolemy/domains/de/test/auto/Modal1.xml (RunModel)" time="0.032" />
  <testcase classname="ptolemy.util.test.junit.AutoTests" name="[37] /home/travis/build/icyphy/ptII/ptolemy/domains/de/test/auto/Modal2.xml (RunModel)" time="0.026" />
  <testcase classname="ptolemy.util.test.junit.AutoTests" name="[38] /home/travis/build/icyphy/ptII/ptolemy/domains/de/test/auto/Modal3.xml (RunModel)" time="0.024" />
  <testcase classname="ptolemy.util.test.junit.AutoTests" name="[39] /home/travis/build/icyphy/ptII/ptolemy/domains/de/test/auto/Modal4.xml (RunModel)" time="0.028" />
  <testcase classname="ptolemy.util.test.junit.AutoTests" name="[40] /home/travis/build/icyphy/ptII/ptolemy/domains/de/test/auto/Modal5.xml (RunModel)" time="0.03" />
  <testcase classname="ptolemy.util.test.junit.AutoTests" name="[41] /home/travis/build/icyphy/ptII/ptolemy/domains/de/test/auto/Modal6.xml (RunModel)" time="0.025" />
  <testcase classname="ptolemy.util.test.junit.AutoTests" name="[42] /home/travis/build/icyphy/ptII/ptolemy/domains/de/test/auto/Modal7.xml (RunModel)" time="0.03" />
  <testcase classname="ptolemy.util.test.junit.AutoTests" name="[43] /home/travis/build/icyphy/ptII/ptolemy/domains/de/test/auto/ModalModel.xml (RunModel)" time="0.173" />
  <testcase classname="ptolemy.util.test.junit.AutoTests" name="[44] /home/travis/build/icyphy/ptII/ptolemy/domains/de/test/auto/ModalSource.xml (RunModel)" time="0.019" />
  <testcase classname="ptolemy.util.test.junit.AutoTests" name="[45] /home/travis/build/icyphy/ptII/ptolemy/domains/de/test/auto/NonInterruptibleTimerZeroDelay.xml (RunModel)" time="0.009" />
  <testcase classname="ptolemy.util.test.junit.AutoTests" name="[46] /home/travis/build/icyphy/ptII/ptolemy/domains/de/test/auto/OpenQueueingNetwork.xml (RunModel)" time="2.155" />
  <testcase classname="ptolemy.util.test.junit.AutoTests" name="[47] /home/travis/build/icyphy/ptII/ptolemy/domains/de/test/auto/OpenQueuingNetwork.xml (RunModel)" time="0.255" />
  <testcase classname="ptolemy.util.test.junit.AutoTests" name="[48] /home/travis/build/icyphy/ptII/ptolemy/domains/de/test/auto/PeriodicSampler.xml (RunModel)" time="0.009" />
  <testcase classname="ptolemy.util.test.junit.AutoTests" name="[49] /home/travis/build/icyphy/ptII/ptolemy/domains/de/test/auto/PersistentIO.xml (RunModel)" time="0.027" />
  <testcase classname="ptolemy.util.test.junit.AutoTests" name="[50] /home/travis/build/icyphy/ptII/ptolemy/domains/de/test/auto/PortParameterResetOnInitialize.xml (RunModel)" time="0.008" />
  <testcase classname="ptolemy.util.test.junit.AutoTests" name="[51] /home/travis/build/icyphy/ptII/ptolemy/domains/de/test/auto/PortParameterUpdates.xml (RunModel)" time="0.013" />
  <testcase classname="ptolemy.util.test.junit.AutoTests" name="[52] /home/travis/build/icyphy/ptII/ptolemy/domains/de/test/auto/QueueAndServer.xml (RunModel)" time="0.019" />
  <testcase classname="ptolemy.util.test.junit.AutoTests" name="[53] /home/travis/build/icyphy/ptII/ptolemy/domains/de/test/auto/Records.xml (RunModel)" time="0.015" />
  <testcase classname="ptolemy.util.test.junit.AutoTests" name="[54] /home/travis/build/icyphy/ptII/ptolemy/domains/de/test/auto/ResetTransitionWithStartTime1.xml (RunModel)" time="0.02" />
  <testcase classname="ptolemy.util.test.junit.AutoTests" name="[55] /home/travis/build/icyphy/ptII/ptolemy/domains/de/test/auto/ResetTransitionWithStartTime2.xml (RunModel)" time="0.018" />
  <testcase classname="ptolemy.util.test.junit.AutoTests" name="[56] /home/travis/build/icyphy/ptII/ptolemy/domains/de/test/auto/ResetTransitionWithStartTime3.xml (RunModel)" time="0.017" />
  <testcase classname="ptolemy.util.test.junit.AutoTests" name="[57] /home/travis/build/icyphy/ptII/ptolemy/domains/de/test/auto/ResetTransitionWithStartTime4.xml (RunModel)" time="0.017" />
  <testcase classname="ptolemy.util.test.junit.AutoTests" name="[58] /home/travis/build/icyphy/ptII/ptolemy/domains/de/test/auto/ResettableTimer1.xml (RunModel)" time="0.009" />
  <testcase classname="ptolemy.util.test.junit.AutoTests" name="[59] /home/travis/build/icyphy/ptII/ptolemy/domains/de/test/auto/ResettableTimer2.xml (RunModel)" time="0.008" />
  <testcase classname="ptolemy.util.test.junit.AutoTests" name="[60] /home/travis/build/icyphy/ptII/ptolemy/domains/de/test/auto/ResettableTimer3.xml (RunModel)" time="0.011" />
  <testcase classname="ptolemy.util.test.junit.AutoTests" name="[61] /home/travis/build/icyphy/ptII/ptolemy/domains/de/test/auto/ResettableTimer4.xml (RunModel)" time="0.011" />
  <testcase classname="ptolemy.util.test.junit.AutoTests" name="[62] /home/travis/build/icyphy/ptII/ptolemy/domains/de/test/auto/ResettableTimer5.xml (RunModel)" time="0.01" />
  <testcase classname="ptolemy.util.test.junit.AutoTests" name="[63] /home/travis/build/icyphy/ptII/ptolemy/domains/de/test/auto/ResettableTimer6.xml (RunModel)" time="0.016" />
  <testcase classname="ptolemy.util.test.junit.AutoTests" name="[64] /home/travis/build/icyphy/ptII/ptolemy/domains/de/test/auto/ServerZeroDelay.xml (RunModel)" time="0.011" />
  <testcase classname="ptolemy.util.test.junit.AutoTests" name="[65] /home/travis/build/icyphy/ptII/ptolemy/domains/de/test/auto/SmartSender.xml (RunModel)" time="3.011" />
  <testcase classname="ptolemy.util.test.junit.AutoTests" name="[66] /home/travis/build/icyphy/ptII/ptolemy/domains/de/test/auto/ThreadedComposite.xml (RunModel)" time="0.133" />
  <testcase classname="ptolemy.util.test.junit.AutoTests" name="[67] /home/travis/build/icyphy/ptII/ptolemy/domains/de/test/auto/Time.xml (RunModel)" time="0.394" />
  <testcase classname="ptolemy.util.test.junit.AutoTests" name="[68] /home/travis/build/icyphy/ptII/ptolemy/domains/de/test/auto/TimeDelayZeroDelay.xml (RunModel)" time="0.013" />
  <testcase classname="ptolemy.util.test.junit.AutoTests" name="[69] /home/travis/build/icyphy/ptII/ptolemy/domains/de/test/auto/TimerZeroDelay.xml (RunModel)" time="0.01" />
  <testcase classname="ptolemy.util.test.junit.AutoTests" name="[70] /home/travis/build/icyphy/ptII/ptolemy/domains/de/test/auto/TimingParadox.xml (RunModel)" time="0.335" />
  <testcase classname="ptolemy.util.test.junit.AutoTests" name="[71] /home/travis/build/icyphy/ptII/ptolemy/domains/de/test/auto/TransferInputs.xml (RunModel)" time="0.015" />
  <testcase classname="ptolemy.util.test.junit.AutoTests" name="[72] /home/travis/build/icyphy/ptII/ptolemy/domains/de/test/auto/TransferOutputs2.xml (RunModel)" time="0.015" />
  <testcase classname="ptolemy.util.test.junit.AutoTests" name="[73] /home/travis/build/icyphy/ptII/ptolemy/domains/de/test/auto/Trilateration.xml (RunModel)" time="11.223" />
  <testcase classname="ptolemy.util.test.junit.AutoTests" name="[74] /home/travis/build/icyphy/ptII/ptolemy/domains/de/test/auto/TwoSigmaDelta.xml (RunModel)" time="1.944" />
  <testcase classname="ptolemy.util.test.junit.AutoTests" name="[75] /home/travis/build/icyphy/ptII/ptolemy/domains/de/test/auto/VariableDelay.xml (RunModel)" time="0.022" />
  <testcase classname="ptolemy.util.test.junit.AutoTests" name="[76] /home/travis/build/icyphy/ptII/ptolemy/domains/de/test/auto/VariableDelay2.xml (RunModel)" time="0.008" />
  <testcase classname="ptolemy.util.test.junit.AutoTests" name="[77] /home/travis/build/icyphy/ptII/ptolemy/domains/de/test/auto/VariableDelayZeroDelay.xml (RunModel)" time="0.008" />
  <testcase classname="ptolemy.util.test.junit.AutoTests" name="[78] /home/travis/build/icyphy/ptII/ptolemy/domains/de/test/auto/VariableDelayZeroDelay2.xml (RunModel)" time="0.007" />
  <testcase classname="ptolemy.util.test.junit.AutoTests" name="[79] /home/travis/build/icyphy/ptII/ptolemy/domains/de/test/auto/deInCt.xml (RunModel)" time="0.013" />
  <testcase classname="ptolemy.util.test.junit.AutoTests" name="[80] /home/travis/build/icyphy/ptII/ptolemy/domains/de/test/auto/deInCt2.xml (RunModel)" time="0.013" />
  <testcase classname="ptolemy.util.test.junit.AutoTests" name="[81] /home/travis/build/icyphy/ptII/ptolemy/domains/de/test/auto/dynamicCausalityInterface1.xml (RunModel)" time="0.017" />
  <testcase classname="ptolemy.util.test.junit.AutoTests" name="[82] /home/travis/build/icyphy/ptII/ptolemy/domains/de/test/auto/fsm_de_test.xml (RunModel)" time="0.019" />
  <testcase classname="ptolemy.util.test.junit.AutoTests" name="[83] /home/travis/build/icyphy/ptII/ptolemy/domains/de/test/auto/functionDependencyReconstruction.xml (RunModel)" time="0.027" />
  <testcase classname="ptolemy.util.test.junit.AutoTests" name="[84] /home/travis/build/icyphy/ptII/ptolemy/domains/de/test/auto/multirate.xml (RunModel)" time="0.012" />
  <testcase classname="ptolemy.util.test.junit.AutoTests" name="[85] /home/travis/build/icyphy/ptII/ptolemy/domains/de/test/auto/multirate2.xml (RunModel)" time="0.012" />
  <testcase classname="ptolemy.util.test.junit.AutoTests" name="[86] /home/travis/build/icyphy/ptII/ptolemy/domains/de/test/auto/realtime.xml (RunModel)" time="10.008" />
  <testcase classname="ptolemy.util.test.junit.AutoTests" name="[87] /home/travis/build/icyphy/ptII/ptolemy/domains/de/test/auto/relationGroup.xml (RunModel)" time="0.019" />
  <testcase classname="ptolemy.util.test.junit.AutoTests" name="[88] /home/travis/build/icyphy/ptII/ptolemy/domains/de/test/auto/relationGroup2.xml (RunModel)" time="0.008" />
  <testcase classname="ptolemy.util.test.junit.AutoTests" name="[89] /home/travis/build/icyphy/ptII/ptolemy/domains/de/test/auto/sortWithOpaquePorts.xml (RunModel)" time="0.008" />
  <testcase classname="ptolemy.util.test.junit.AutoTests" name="[90] /home/travis/build/icyphy/ptII/ptolemy/domains/de/test/auto/transferInputsandOutputs.xml (RunModel)" time="0.021" />
  <testcase classname="ptolemy.util.test.junit.AutoTests" name="[91] /home/travis/build/icyphy/ptII/ptolemy/domains/de/test/auto/triggerType.xml (RunModel)" time="0.01" />
  <system-out><![CDATA[/home/travis/build/icyphy/ptII/ptolemy/domains/de/test/DependencyLoop.tcl
testDefs.tcl: setting time out to 9000 seconds at Tue Jul 06 02:02:02 UTC 2021
64 ms. Memory: 129024K Free: 78673K (61%)
20 ms. Memory: 129024K Free: 61760K (48%)
/home/travis/build/icyphy/ptII/ptolemy/domains/de/test/RunDETestsAsQSS.tcl
Run the DE tests using ptolemy.domains.qss.test.QSSDirectorTest, which extends QSSDirector and prints a message in the constructors.
------------------ testing $PTII/ptolemy/domains/de/test/auto/knownFailedTests/DirectFeedback.xml (Known Failure) 
60 ms. Memory: 129024K Free: 55631K (43%)


==== $PTIIhome/travis/build/icyphy/ptII/ptolemy/domains/de/test/../../../../: Auto Automatic test in file $PTII/ptolemy/domains/de/test/auto/knownFailedTests/DirectFeedback.xml
==== Contents of test case:

	    # FIXME: we should use $relativeFilename here, but it
	    # might have backslashes under Windows, which causes no end
	    # of trouble.
	    createAndExecute $file
	    list {}
	
.... Test generated KNOWN error:
    while executing
ptolemy.kernel.util.IllegalActionException: Test fails in iteration 1.
Value was: 1.0. Should have been: 2.0
  in .DirectFeedback.Test
	at ptolemy.actor.lib.Test.fire(Test.java:268)
	at ptolemy.domains.de.kernel.DEDirector._fire(DEDirector.java:1949)
	at ptolemy.domains.de.kernel.DEDirector.fire(DEDirector.java:502)
	at ptolemy.actor.CompositeActor.fire(CompositeActor.java:455)
	at ptolemy.actor.Manager.iterate(Manager.java:851)
	at ptolemy.actor.Manager.execute(Manager.java:369)
	at ptolemy.actor.Manager.run(Manager.java:1263)
	at ptolemy.actor.Manager$PtolemyRunThread.run(Manager.java:1933)

    while executing
ptolemy.kernel.util.IllegalActionException: Test fails in iteration 1.
Value was: 1.0. Should have been: 2.0
  in .DirectFeedback.Test
    while executing
"java::new ptolemy.moml.MoMLSimpleApplication $file
"
    (procedure "createAndExecute" line 2)
    invoked from within
"createAndExecute $file"
    ("uplevel" body line 5)
    invoked from within
"uplevel $contents_of_test"
------------------ testing $PTII/ptolemy/domains/de/test/auto/knownFailedTests/dependencyLoop.xml (Known Failure) 
19 ms. Memory: 129024K Free: 52559K (41%)


==== $PTIIhome/travis/build/icyphy/ptII/ptolemy/domains/de/test/../../../../: Auto Automatic test in file $PTII/ptolemy/domains/de/test/auto/knownFailedTests/dependencyLoop.xml
==== Contents of test case:

	    # FIXME: we should use $relativeFilename here, but it
	    # might have backslashes under Windows, which causes no end
	    # of trouble.
	    createAndExecute $file
	    list {}
	
.... Test generated KNOWN error:
    while executing
ptolemy.kernel.util.IllegalActionException: Found a zero delay loop containing .dependencyLoop.original
  in .dependencyLoop and .dependencyLoop.original
	at ptolemy.actor.util.CausalityInterfaceForComposites._computeOutputPortDepth(CausalityInterfaceForComposites.java:759)
	at ptolemy.actor.util.CausalityInterfaceForComposites._computeInputDepth(CausalityInterfaceForComposites.java:696)
	at ptolemy.actor.util.CausalityInterfaceForComposites._computeOutputPortDepth(CausalityInterfaceForComposites.java:765)
	at ptolemy.actor.util.CausalityInterfaceForComposites._computeInputDepth(CausalityInterfaceForComposites.java:696)
	at ptolemy.actor.util.CausalityInterfaceForComposites._computeOutputPortDepth(CausalityInterfaceForComposites.java:765)
	at ptolemy.actor.util.CausalityInterfaceForComposites._computeInputDepth(CausalityInterfaceForComposites.java:696)
	at ptolemy.actor.util.CausalityInterfaceForComposites._computeActorDepth(CausalityInterfaceForComposites.java:532)
	at ptolemy.actor.util.CausalityInterfaceForComposites.checkForCycles(CausalityInterfaceForComposites.java:96)
	at ptolemy.domains.de.kernel.DEDirector.preinitialize(DEDirector.java:1338)
	at ptolemy.actor.CompositeActor.preinitialize(CompositeActor.java:1828)
	at ptolemy.actor.Manager.preinitializeAndResolveTypes(Manager.java:1040)
	at ptolemy.actor.Manager.initialize(Manager.java:710)
	at ptolemy.actor.Manager.execute(Manager.java:356)
	at ptolemy.actor.Manager.run(Manager.java:1263)
	at ptolemy.actor.Manager$PtolemyRunThread.run(Manager.java:1933)

    while executing
ptolemy.kernel.util.IllegalActionException: Found a zero delay loop containing .dependencyLoop.original
  in .dependencyLoop and .dependencyLoop.original
    while executing
"java::new ptolemy.moml.MoMLSimpleApplication $file
"
    (procedure "createAndExecute" line 2)
    invoked from within
"createAndExecute $file"
    ("uplevel" body line 5)
    invoked from within
"uplevel $contents_of_test"
------------------ testing $PTII/ptolemy/domains/de/test/auto/knownFailedTests/FSMSource.xml (Known Failure) 
65 ms. Memory: 129024K Free: 110551K (86%)
!!!! Auto was marked as failing, but now passes
------------------ testing $PTII/ptolemy/domains/de/test/auto/knownFailedTests/HierarchicalModel.xml (Known Failure) 
14 ms. Memory: 129024K Free: 93131K (72%)


==== $PTIIhome/travis/build/icyphy/ptII/ptolemy/domains/de/test/../../../../: Auto Automatic test in file $PTII/ptolemy/domains/de/test/auto/knownFailedTests/HierarchicalModel.xml
==== Contents of test case:

	    # FIXME: we should use $relativeFilename here, but it
	    # might have backslashes under Windows, which causes no end
	    # of trouble.
	    createAndExecute $file
	    list {}
	
.... Test generated KNOWN error:
    while executing
ptolemy.kernel.util.IllegalActionException: Found a zero delay loop containing .HierarchicalModel.A
  in .HierarchicalModel and .HierarchicalModel.A
	at ptolemy.actor.util.CausalityInterfaceForComposites._computeOutputPortDepth(CausalityInterfaceForComposites.java:759)
	at ptolemy.actor.util.CausalityInterfaceForComposites._computeInputDepth(CausalityInterfaceForComposites.java:696)
	at ptolemy.actor.util.CausalityInterfaceForComposites._computeOutputPortDepth(CausalityInterfaceForComposites.java:765)
	at ptolemy.actor.util.CausalityInterfaceForComposites._computeInputDepth(CausalityInterfaceForComposites.java:696)
	at ptolemy.actor.util.CausalityInterfaceForComposites._computeOutputPortDepth(CausalityInterfaceForComposites.java:765)
	at ptolemy.actor.util.CausalityInterfaceForComposites._computeInputDepth(CausalityInterfaceForComposites.java:696)
	at ptolemy.actor.util.CausalityInterfaceForComposites._computeActorDepth(CausalityInterfaceForComposites.java:532)
	at ptolemy.actor.util.CausalityInterfaceForComposites.checkForCycles(CausalityInterfaceForComposites.java:96)
	at ptolemy.domains.de.kernel.DEDirector.preinitialize(DEDirector.java:1338)
	at ptolemy.actor.CompositeActor.preinitialize(CompositeActor.java:1828)
	at ptolemy.actor.Manager.preinitializeAndResolveTypes(Manager.java:1040)
	at ptolemy.actor.Manager.initialize(Manager.java:710)
	at ptolemy.actor.Manager.execute(Manager.java:356)
	at ptolemy.actor.Manager.run(Manager.java:1263)
	at ptolemy.actor.Manager$PtolemyRunThread.run(Manager.java:1933)

    while executing
ptolemy.kernel.util.IllegalActionException: Found a zero delay loop containing .HierarchicalModel.A
  in .HierarchicalModel and .HierarchicalModel.A
    while executing
"java::new ptolemy.moml.MoMLSimpleApplication $file
"
    (procedure "createAndExecute" line 2)
    invoked from within
"createAndExecute $file"
    ("uplevel" body line 5)
    invoked from within
"uplevel $contents_of_test"
------------------ testing $PTII/ptolemy/domains/de/test/auto/knownFailedTests/dependencyLoop2.xml (Known Failure) 
12 ms. Memory: 129024K Free: 77238K (60%)


==== $PTIIhome/travis/build/icyphy/ptII/ptolemy/domains/de/test/../../../../: Auto Automatic test in file $PTII/ptolemy/domains/de/test/auto/knownFailedTests/dependencyLoop2.xml
==== Contents of test case:

	    # FIXME: we should use $relativeFilename here, but it
	    # might have backslashes under Windows, which causes no end
	    # of trouble.
	    createAndExecute $file
	    list {}
	
.... Test generated KNOWN error:
    while executing
ptolemy.kernel.util.IllegalActionException: Found a zero delay loop containing .dependencyLoop2.original
  in .dependencyLoop2 and .dependencyLoop2.original
	at ptolemy.actor.util.CausalityInterfaceForComposites._computeOutputPortDepth(CausalityInterfaceForComposites.java:759)
	at ptolemy.actor.util.CausalityInterfaceForComposites._computeInputDepth(CausalityInterfaceForComposites.java:696)
	at ptolemy.actor.util.CausalityInterfaceForComposites._computeOutputPortDepth(CausalityInterfaceForComposites.java:765)
	at ptolemy.actor.util.CausalityInterfaceForComposites._computeInputDepth(CausalityInterfaceForComposites.java:696)
	at ptolemy.actor.util.CausalityInterfaceForComposites._computeOutputPortDepth(CausalityInterfaceForComposites.java:765)
	at ptolemy.actor.util.CausalityInterfaceForComposites._computeInputDepth(CausalityInterfaceForComposites.java:696)
	at ptolemy.actor.util.CausalityInterfaceForComposites._computeActorDepth(CausalityInterfaceForComposites.java:532)
	at ptolemy.actor.util.CausalityInterfaceForComposites.checkForCycles(CausalityInterfaceForComposites.java:96)
	at ptolemy.domains.de.kernel.DEDirector.preinitialize(DEDirector.java:1338)
	at ptolemy.actor.CompositeActor.preinitialize(CompositeActor.java:1828)
	at ptolemy.actor.Manager.preinitializeAndResolveTypes(Manager.java:1040)
	at ptolemy.actor.Manager.initialize(Manager.java:710)
	at ptolemy.actor.Manager.execute(Manager.java:356)
	at ptolemy.actor.Manager.run(Manager.java:1263)
	at ptolemy.actor.Manager$PtolemyRunThread.run(Manager.java:1933)

    while executing
ptolemy.kernel.util.IllegalActionException: Found a zero delay loop containing .dependencyLoop2.original
  in .dependencyLoop2 and .dependencyLoop2.original
    while executing
"java::new ptolemy.moml.MoMLSimpleApplication $file
"
    (procedure "createAndExecute" line 2)
    invoked from within
"createAndExecute $file"
    ("uplevel" body line 5)
    invoked from within
"uplevel $contents_of_test"
------------------ testing $PTII/ptolemy/domains/de/test/auto/knownFailedTests/DESDFClockTest.xml (Known Failure) 
2061 ms. Memory: 129024K Free: 108265K (84%)


==== $PTIIhome/travis/build/icyphy/ptII/ptolemy/domains/de/test/../../../../: Auto Automatic test in file $PTII/ptolemy/domains/de/test/auto/knownFailedTests/DESDFClockTest.xml
==== Contents of test case:

	    # FIXME: we should use $relativeFilename here, but it
	    # might have backslashes under Windows, which causes no end
	    # of trouble.
	    createAndExecute $file
	    list {}
	
.... Test generated KNOWN error:
    while executing
ptolemy.kernel.util.IllegalActionException: Actor is not ready to fire.  Perhaps UpSample.prefire() returned false? Try debugging the actor by selecting "Listen to Actor".  Also, for SDF check moml for tokenConsumptionRate on input.
  in .DESDFClockTest.Play Bell.Copy1:SDF Director and .DESDFClockTest.Play Bell.UpSample
	at ptolemy.actor.sched.StaticSchedulingDirector.fire(StaticSchedulingDirector.java:227)
	at ptolemy.domains.sdf.kernel.SDFDirector.fire(SDFDirector.java:500)
	at ptolemy.actor.CompositeActor.fire(CompositeActor.java:455)
	at ptolemy.domains.de.kernel.DEDirector._fire(DEDirector.java:1949)
	at ptolemy.domains.de.kernel.DEDirector.fire(DEDirector.java:502)
	at ptolemy.actor.CompositeActor.fire(CompositeActor.java:455)
	at ptolemy.actor.Manager.iterate(Manager.java:851)
	at ptolemy.actor.Manager.execute(Manager.java:369)
	at ptolemy.actor.Manager.run(Manager.java:1263)
	at ptolemy.actor.Manager$PtolemyRunThread.run(Manager.java:1933)

    while executing
ptolemy.kernel.util.IllegalActionException: Actor is not ready to fire.  Perhaps UpSample.prefire() returned false? Try debugging the actor by selecting "Listen to Actor".  Also, for SDF check moml for tokenConsumptionRate on input.
  in .DESDFClockTest.Play Bell.Copy1:SDF Director and .DESDFClockTest.Play Bell.UpSample
    while executing
"java::new ptolemy.moml.MoMLSimpleApplication $file
"
    (procedure "createAndExecute" line 2)
    invoked from within
"createAndExecute $file"
    ("uplevel" body line 5)
    invoked from within
"uplevel $contents_of_test"
------------------ testing $PTII/ptolemy/domains/de/test/auto/ActorDepthCalculation_actorWithoutPorts.xml
auto.tcl: Setting watchdog for 200 seconds at Tue Jul 06 02:02:06 UTC 2021
5 ms. Memory: 129024K Free: 101084K (78%)
ptolemy.util.test.WatchDog.cancel(): canceling Tue Jul 06 02:02:06 UTC 2021
auto.tcl: Setting watchdog for 200 seconds at Tue Jul 06 02:02:06 UTC 2021
5 ms. Memory: 129024K Free: 99564K (77%)
ptolemy.util.test.WatchDog.cancel(): canceling Tue Jul 06 02:02:06 UTC 2021
------------------ testing $PTII/ptolemy/domains/de/test/auto/AssemblyLine.xml
auto.tcl: Setting watchdog for 200 seconds at Tue Jul 06 02:02:06 UTC 2021
7 ms. Memory: 51200K Free: 27470K (54%)
ptolemy.util.test.WatchDog.cancel(): canceling Tue Jul 06 02:02:06 UTC 2021
auto.tcl: Setting watchdog for 200 seconds at Tue Jul 06 02:02:06 UTC 2021
11 ms. Memory: 51200K Free: 26724K (52%)
ptolemy.util.test.WatchDog.cancel(): canceling Tue Jul 06 02:02:06 UTC 2021
------------------ testing $PTII/ptolemy/domains/de/test/auto/CQBug1.xml
auto.tcl: Setting watchdog for 200 seconds at Tue Jul 06 02:02:06 UTC 2021
3 ms. Memory: 51200K Free: 33557K (66%)
ptolemy.util.test.WatchDog.cancel(): canceling Tue Jul 06 02:02:07 UTC 2021
auto.tcl: Setting watchdog for 200 seconds at Tue Jul 06 02:02:07 UTC 2021
2 ms. Memory: 51200K Free: 33140K (65%)
ptolemy.util.test.WatchDog.cancel(): canceling Tue Jul 06 02:02:07 UTC 2021
------------------ testing $PTII/ptolemy/domains/de/test/auto/CancelFireAt.xml
auto.tcl: Setting watchdog for 200 seconds at Tue Jul 06 02:02:07 UTC 2021
2 ms. Memory: 51200K Free: 34699K (68%)
ptolemy.util.test.WatchDog.cancel(): canceling Tue Jul 06 02:02:07 UTC 2021
auto.tcl: Setting watchdog for 200 seconds at Tue Jul 06 02:02:07 UTC 2021
1 ms. Memory: 51200K Free: 34263K (67%)
ptolemy.util.test.WatchDog.cancel(): canceling Tue Jul 06 02:02:07 UTC 2021
------------------ testing $PTII/ptolemy/domains/de/test/auto/CausalityAndComposabilityAnalysis.xml
auto.tcl: Setting watchdog for 200 seconds at Tue Jul 06 02:02:07 UTC 2021
9 ms. Memory: 51200K Free: 32413K (63%)
ptolemy.util.test.WatchDog.cancel(): canceling Tue Jul 06 02:02:07 UTC 2021
auto.tcl: Setting watchdog for 200 seconds at Tue Jul 06 02:02:07 UTC 2021
6 ms. Memory: 51200K Free: 31977K (62%)
ptolemy.util.test.WatchDog.cancel(): canceling Tue Jul 06 02:02:07 UTC 2021
------------------ testing $PTII/ptolemy/domains/de/test/auto/CausalityInterface1.xml
auto.tcl: Setting watchdog for 200 seconds at Tue Jul 06 02:02:07 UTC 2021
26 ms. Memory: 51200K Free: 31417K (61%)
ptolemy.util.test.WatchDog.cancel(): canceling Tue Jul 06 02:02:07 UTC 2021
auto.tcl: Setting watchdog for 200 seconds at Tue Jul 06 02:02:07 UTC 2021
4 ms. Memory: 51200K Free: 30425K (59%)
ptolemy.util.test.WatchDog.cancel(): canceling Tue Jul 06 02:02:07 UTC 2021
------------------ testing $PTII/ptolemy/domains/de/test/auto/CausalityInterface15.xml
auto.tcl: Setting watchdog for 200 seconds at Tue Jul 06 02:02:07 UTC 2021
10 ms. Memory: 51200K Free: 30966K (60%)
ptolemy.util.test.WatchDog.cancel(): canceling Tue Jul 06 02:02:07 UTC 2021
auto.tcl: Setting watchdog for 200 seconds at Tue Jul 06 02:02:07 UTC 2021
4 ms. Memory: 51200K Free: 30378K (59%)
ptolemy.util.test.WatchDog.cancel(): canceling Tue Jul 06 02:02:07 UTC 2021
------------------ testing $PTII/ptolemy/domains/de/test/auto/CausalityInterface2.xml
auto.tcl: Setting watchdog for 200 seconds at Tue Jul 06 02:02:07 UTC 2021
3 ms. Memory: 51200K Free: 32162K (63%)
ptolemy.util.test.WatchDog.cancel(): canceling Tue Jul 06 02:02:07 UTC 2021
auto.tcl: Setting watchdog for 200 seconds at Tue Jul 06 02:02:07 UTC 2021
3 ms. Memory: 51200K Free: 31266K (61%)
ptolemy.util.test.WatchDog.cancel(): canceling Tue Jul 06 02:02:07 UTC 2021
------------------ testing $PTII/ptolemy/domains/de/test/auto/CausalityInterface3.xml
auto.tcl: Setting watchdog for 200 seconds at Tue Jul 06 02:02:07 UTC 2021
8 ms. Memory: 51200K Free: 31474K (61%)
ptolemy.util.test.WatchDog.cancel(): canceling Tue Jul 06 02:02:07 UTC 2021
auto.tcl: Setting watchdog for 200 seconds at Tue Jul 06 02:02:07 UTC 2021
3 ms. Memory: 51200K Free: 30712K (60%)
ptolemy.util.test.WatchDog.cancel(): canceling Tue Jul 06 02:02:07 UTC 2021
------------------ testing $PTII/ptolemy/domains/de/test/auto/ClockDrift.xml
auto.tcl: Setting watchdog for 200 seconds at Tue Jul 06 02:02:07 UTC 2021
66 ms. Memory: 51200K Free: 23847K (47%)
ptolemy.util.test.WatchDog.cancel(): canceling Tue Jul 06 02:02:07 UTC 2021
auto.tcl: Setting watchdog for 200 seconds at Tue Jul 06 02:02:07 UTC 2021
32 ms. Memory: 51200K Free: 20646K (40%)
ptolemy.util.test.WatchDog.cancel(): canceling Tue Jul 06 02:02:07 UTC 2021
------------------ testing $PTII/ptolemy/domains/de/test/auto/ClockDriftAndValueChange.xml
auto.tcl: Setting watchdog for 200 seconds at Tue Jul 06 02:02:07 UTC 2021
41 ms. Memory: 51200K Free: 24484K (48%)
ptolemy.util.test.WatchDog.cancel(): canceling Tue Jul 06 02:02:07 UTC 2021
auto.tcl: Setting watchdog for 200 seconds at Tue Jul 06 02:02:07 UTC 2021
24 ms. Memory: 51200K Free: 21553K (42%)
ptolemy.util.test.WatchDog.cancel(): canceling Tue Jul 06 02:02:07 UTC 2021
------------------ testing $PTII/ptolemy/domains/de/test/auto/ClockDriftChange.xml
auto.tcl: Setting watchdog for 200 seconds at Tue Jul 06 02:02:07 UTC 2021
17 ms. Memory: 51200K Free: 26216K (51%)
ptolemy.util.test.WatchDog.cancel(): canceling Tue Jul 06 02:02:07 UTC 2021
auto.tcl: Setting watchdog for 200 seconds at Tue Jul 06 02:02:07 UTC 2021
15 ms. Memory: 51200K Free: 23623K (46%)
ptolemy.util.test.WatchDog.cancel(): canceling Tue Jul 06 02:02:07 UTC 2021
------------------ testing $PTII/ptolemy/domains/de/test/auto/ComposableCausalityAnalysis.xml
auto.tcl: Setting watchdog for 200 seconds at Tue Jul 06 02:02:08 UTC 2021
2 ms. Memory: 51200K Free: 30785K (60%)
ptolemy.util.test.WatchDog.cancel(): canceling Tue Jul 06 02:02:08 UTC 2021
auto.tcl: Setting watchdog for 200 seconds at Tue Jul 06 02:02:08 UTC 2021
2 ms. Memory: 51200K Free: 29753K (58%)
ptolemy.util.test.WatchDog.cancel(): canceling Tue Jul 06 02:02:08 UTC 2021
------------------ testing $PTII/ptolemy/domains/de/test/auto/DEFixedPointLimitation.xml
auto.tcl: Setting watchdog for 200 seconds at Tue Jul 06 02:02:08 UTC 2021
1 ms. Memory: 51200K Free: 32127K (63%)
ptolemy.util.test.WatchDog.cancel(): canceling Tue Jul 06 02:02:08 UTC 2021
auto.tcl: Setting watchdog for 200 seconds at Tue Jul 06 02:02:08 UTC 2021
1 ms. Memory: 51200K Free: 31260K (61%)
ptolemy.util.test.WatchDog.cancel(): canceling Tue Jul 06 02:02:08 UTC 2021
------------------ testing $PTII/ptolemy/domains/de/test/auto/DEScheduleTest.xml
auto.tcl: Setting watchdog for 200 seconds at Tue Jul 06 02:02:08 UTC 2021
4 ms. Memory: 51200K Free: 32512K (64%)
ptolemy.util.test.WatchDog.cancel(): canceling Tue Jul 06 02:02:08 UTC 2021
auto.tcl: Setting watchdog for 200 seconds at Tue Jul 06 02:02:08 UTC 2021
2 ms. Memory: 51200K Free: 31742K (62%)
ptolemy.util.test.WatchDog.cancel(): canceling Tue Jul 06 02:02:08 UTC 2021
------------------ testing $PTII/ptolemy/domains/de/test/auto/DEinDEwithStartTimes.xml
auto.tcl: Setting watchdog for 200 seconds at Tue Jul 06 02:02:08 UTC 2021
2 ms. Memory: 51200K Free: 30653K (60%)
ptolemy.util.test.WatchDog.cancel(): canceling Tue Jul 06 02:02:08 UTC 2021
auto.tcl: Setting watchdog for 200 seconds at Tue Jul 06 02:02:08 UTC 2021
2 ms. Memory: 51200K Free: 29629K (58%)
ptolemy.util.test.WatchDog.cancel(): canceling Tue Jul 06 02:02:08 UTC 2021
------------------ testing $PTII/ptolemy/domains/de/test/auto/DEinDEwithStartTimes2.xml
auto.tcl: Setting watchdog for 200 seconds at Tue Jul 06 02:02:08 UTC 2021
7 ms. Memory: 51200K Free: 29822K (58%)
ptolemy.util.test.WatchDog.cancel(): canceling Tue Jul 06 02:02:08 UTC 2021
auto.tcl: Setting watchdog for 200 seconds at Tue Jul 06 02:02:08 UTC 2021
3 ms. Memory: 51200K Free: 28584K (56%)
ptolemy.util.test.WatchDog.cancel(): canceling Tue Jul 06 02:02:08 UTC 2021
------------------ testing $PTII/ptolemy/domains/de/test/auto/DateDemo.xml
auto.tcl: Setting watchdog for 200 seconds at Tue Jul 06 02:02:08 UTC 2021
12 ms. Memory: 51200K Free: 24708K (48%)
ptolemy.util.test.WatchDog.cancel(): canceling Tue Jul 06 02:02:08 UTC 2021
auto.tcl: Setting watchdog for 200 seconds at Tue Jul 06 02:02:08 UTC 2021
7 ms. Memory: 51200K Free: 23026K (45%)
ptolemy.util.test.WatchDog.cancel(): canceling Tue Jul 06 02:02:08 UTC 2021
------------------ testing $PTII/ptolemy/domains/de/test/auto/DateToEvent.xml
auto.tcl: Setting watchdog for 200 seconds at Tue Jul 06 02:02:08 UTC 2021
2009 ms. Memory: 51200K Free: 19674K (38%)
ptolemy.util.test.WatchDog.cancel(): canceling Tue Jul 06 02:02:10 UTC 2021
auto.tcl: Setting watchdog for 200 seconds at Tue Jul 06 02:02:10 UTC 2021
2004 ms. Memory: 51200K Free: 19124K (37%)
ptolemy.util.test.WatchDog.cancel(): canceling Tue Jul 06 02:02:12 UTC 2021
------------------ testing $PTII/ptolemy/domains/de/test/auto/DepthTest1.xml
auto.tcl: Setting watchdog for 200 seconds at Tue Jul 06 02:02:12 UTC 2021
2 ms. Memory: 51200K Free: 33295K (65%)
ptolemy.util.test.WatchDog.cancel(): canceling Tue Jul 06 02:02:12 UTC 2021
auto.tcl: Setting watchdog for 200 seconds at Tue Jul 06 02:02:12 UTC 2021
1 ms. Memory: 51200K Free: 32877K (64%)
ptolemy.util.test.WatchDog.cancel(): canceling Tue Jul 06 02:02:12 UTC 2021
------------------ testing $PTII/ptolemy/domains/de/test/auto/DepthTest2.xml
auto.tcl: Setting watchdog for 200 seconds at Tue Jul 06 02:02:12 UTC 2021
5 ms. Memory: 51200K Free: 30135K (59%)
ptolemy.util.test.WatchDog.cancel(): canceling Tue Jul 06 02:02:12 UTC 2021
auto.tcl: Setting watchdog for 200 seconds at Tue Jul 06 02:02:12 UTC 2021
2 ms. Memory: 51200K Free: 29725K (58%)
ptolemy.util.test.WatchDog.cancel(): canceling Tue Jul 06 02:02:12 UTC 2021
------------------ testing $PTII/ptolemy/domains/de/test/auto/DepthTest3.xml
auto.tcl: Setting watchdog for 200 seconds at Tue Jul 06 02:02:12 UTC 2021
2 ms. Memory: 51200K Free: 33624K (66%)
ptolemy.util.test.WatchDog.cancel(): canceling Tue Jul 06 02:02:12 UTC 2021
auto.tcl: Setting watchdog for 200 seconds at Tue Jul 06 02:02:12 UTC 2021
1 ms. Memory: 51200K Free: 33206K (65%)
ptolemy.util.test.WatchDog.cancel(): canceling Tue Jul 06 02:02:12 UTC 2021
------------------ testing $PTII/ptolemy/domains/de/test/auto/DepthTest4.xml
auto.tcl: Setting watchdog for 200 seconds at Tue Jul 06 02:02:12 UTC 2021
6 ms. Memory: 51200K Free: 31895K (62%)
ptolemy.util.test.WatchDog.cancel(): canceling Tue Jul 06 02:02:12 UTC 2021
auto.tcl: Setting watchdog for 200 seconds at Tue Jul 06 02:02:12 UTC 2021
2 ms. Memory: 51200K Free: 31224K (61%)
ptolemy.util.test.WatchDog.cancel(): canceling Tue Jul 06 02:02:12 UTC 2021
------------------ testing $PTII/ptolemy/domains/de/test/auto/DepthTest5.xml
auto.tcl: Setting watchdog for 200 seconds at Tue Jul 06 02:02:12 UTC 2021
3 ms. Memory: 51200K Free: 31331K (61%)
ptolemy.util.test.WatchDog.cancel(): canceling Tue Jul 06 02:02:12 UTC 2021
auto.tcl: Setting watchdog for 200 seconds at Tue Jul 06 02:02:12 UTC 2021
2 ms. Memory: 51200K Free: 30585K (60%)
ptolemy.util.test.WatchDog.cancel(): canceling Tue Jul 06 02:02:12 UTC 2021
------------------ testing $PTII/ptolemy/domains/de/test/auto/DepthTest6.xml
auto.tcl: Setting watchdog for 200 seconds at Tue Jul 06 02:02:12 UTC 2021
3 ms. Memory: 51200K Free: 31023K (61%)
ptolemy.util.test.WatchDog.cancel(): canceling Tue Jul 06 02:02:12 UTC 2021
auto.tcl: Setting watchdog for 200 seconds at Tue Jul 06 02:02:12 UTC 2021
2 ms. Memory: 51200K Free: 30595K (60%)
ptolemy.util.test.WatchDog.cancel(): canceling Tue Jul 06 02:02:12 UTC 2021
------------------ testing $PTII/ptolemy/domains/de/test/auto/DepthTest7.xml
auto.tcl: Setting watchdog for 200 seconds at Tue Jul 06 02:02:12 UTC 2021
5 ms. Memory: 51200K Free: 31335K (61%)
ptolemy.util.test.WatchDog.cancel(): canceling Tue Jul 06 02:02:12 UTC 2021
auto.tcl: Setting watchdog for 200 seconds at Tue Jul 06 02:02:12 UTC 2021
2 ms. Memory: 51200K Free: 30908K (60%)
ptolemy.util.test.WatchDog.cancel(): canceling Tue Jul 06 02:02:12 UTC 2021
------------------ testing $PTII/ptolemy/domains/de/test/auto/EventToDate.xml
auto.tcl: Setting watchdog for 200 seconds at Tue Jul 06 02:02:12 UTC 2021
3007 ms. Memory: 51200K Free: 22650K (44%)
ptolemy.util.test.WatchDog.cancel(): canceling Tue Jul 06 02:02:16 UTC 2021
auto.tcl: Setting watchdog for 200 seconds at Tue Jul 06 02:02:16 UTC 2021
3005 ms. Memory: 51200K Free: 21944K (43%)
ptolemy.util.test.WatchDog.cancel(): canceling Tue Jul 06 02:02:19 UTC 2021
------------------ testing $PTII/ptolemy/domains/de/test/auto/FSM1.xml
auto.tcl: Setting watchdog for 200 seconds at Tue Jul 06 02:02:19 UTC 2021
40 ms. Memory: 51200K Free: 23875K (47%)
ptolemy.util.test.WatchDog.cancel(): canceling Tue Jul 06 02:02:19 UTC 2021
auto.tcl: Setting watchdog for 200 seconds at Tue Jul 06 02:02:19 UTC 2021
20 ms. Memory: 51200K Free: 20634K (40%)
ptolemy.util.test.WatchDog.cancel(): canceling Tue Jul 06 02:02:19 UTC 2021
------------------ testing $PTII/ptolemy/domains/de/test/auto/FSM7.xml
auto.tcl: Setting watchdog for 200 seconds at Tue Jul 06 02:02:19 UTC 2021
23 ms. Memory: 51200K Free: 23559K (46%)
ptolemy.util.test.WatchDog.cancel(): canceling Tue Jul 06 02:02:19 UTC 2021
auto.tcl: Setting watchdog for 200 seconds at Tue Jul 06 02:02:19 UTC 2021
23 ms. Memory: 51200K Free: 20402K (40%)
ptolemy.util.test.WatchDog.cancel(): canceling Tue Jul 06 02:02:19 UTC 2021
------------------ testing $PTII/ptolemy/domains/de/test/auto/Inspection.xml
auto.tcl: Setting watchdog for 200 seconds at Tue Jul 06 02:02:19 UTC 2021
26 ms. Memory: 51200K Free: 23165K (45%)
ptolemy.util.test.WatchDog.cancel(): canceling Tue Jul 06 02:02:19 UTC 2021
auto.tcl: Setting watchdog for 200 seconds at Tue Jul 06 02:02:19 UTC 2021
27 ms. Memory: 51200K Free: 21302K (42%)
ptolemy.util.test.WatchDog.cancel(): canceling Tue Jul 06 02:02:19 UTC 2021
------------------ testing $PTII/ptolemy/domains/de/test/auto/Iteration.xml
auto.tcl: Setting watchdog for 200 seconds at Tue Jul 06 02:02:19 UTC 2021
6 ms. Memory: 51200K Free: 29143K (57%)
ptolemy.util.test.WatchDog.cancel(): canceling Tue Jul 06 02:02:19 UTC 2021
auto.tcl: Setting watchdog for 200 seconds at Tue Jul 06 02:02:19 UTC 2021
7 ms. Memory: 51200K Free: 28119K (55%)
ptolemy.util.test.WatchDog.cancel(): canceling Tue Jul 06 02:02:19 UTC 2021
------------------ testing $PTII/ptolemy/domains/de/test/auto/LineFault.xml
auto.tcl: Setting watchdog for 200 seconds at Tue Jul 06 02:02:19 UTC 2021
632 ms. Memory: 51200K Free: 33814K (66%)
ptolemy.util.test.WatchDog.cancel(): canceling Tue Jul 06 02:02:20 UTC 2021
auto.tcl: Setting watchdog for 200 seconds at Tue Jul 06 02:02:20 UTC 2021
454 ms. Memory: 64512K Free: 37596K (58%)
ptolemy.util.test.WatchDog.cancel(): canceling Tue Jul 06 02:02:20 UTC 2021
------------------ testing $PTII/ptolemy/domains/de/test/auto/MergeModel1Add.xml
auto.tcl: Setting watchdog for 200 seconds at Tue Jul 06 02:02:20 UTC 2021
25 ms. Memory: 58368K Free: 21752K (37%)
ptolemy.util.test.WatchDog.cancel(): canceling Tue Jul 06 02:02:20 UTC 2021
auto.tcl: Setting watchdog for 200 seconds at Tue Jul 06 02:02:20 UTC 2021
10 ms. Memory: 58368K Free: 20021K (34%)
ptolemy.util.test.WatchDog.cancel(): canceling Tue Jul 06 02:02:20 UTC 2021
------------------ testing $PTII/ptolemy/domains/de/test/auto/MergeModel2Add.xml
auto.tcl: Setting watchdog for 200 seconds at Tue Jul 06 02:02:21 UTC 2021
6 ms. Memory: 55296K Free: 21541K (39%)
ptolemy.util.test.WatchDog.cancel(): canceling Tue Jul 06 02:02:21 UTC 2021
auto.tcl: Setting watchdog for 200 seconds at Tue Jul 06 02:02:21 UTC 2021
6 ms. Memory: 55296K Free: 19830K (36%)
ptolemy.util.test.WatchDog.cancel(): canceling Tue Jul 06 02:02:21 UTC 2021
------------------ testing $PTII/ptolemy/domains/de/test/auto/MergeModel3Add.xml
auto.tcl: Setting watchdog for 200 seconds at Tue Jul 06 02:02:21 UTC 2021
7 ms. Memory: 51200K Free: 17188K (34%)
ptolemy.util.test.WatchDog.cancel(): canceling Tue Jul 06 02:02:21 UTC 2021
auto.tcl: Setting watchdog for 200 seconds at Tue Jul 06 02:02:21 UTC 2021
7 ms. Memory: 51200K Free: 15803K (31%)
ptolemy.util.test.WatchDog.cancel(): canceling Tue Jul 06 02:02:21 UTC 2021
------------------ testing $PTII/ptolemy/domains/de/test/auto/MergeWithoutDiscard.xml
auto.tcl: Setting watchdog for 200 seconds at Tue Jul 06 02:02:21 UTC 2021
1 ms. Memory: 51200K Free: 32060K (63%)
ptolemy.util.test.WatchDog.cancel(): canceling Tue Jul 06 02:02:21 UTC 2021
auto.tcl: Setting watchdog for 200 seconds at Tue Jul 06 02:02:21 UTC 2021
1 ms. Memory: 51200K Free: 31151K (61%)
ptolemy.util.test.WatchDog.cancel(): canceling Tue Jul 06 02:02:21 UTC 2021
------------------ testing $PTII/ptolemy/domains/de/test/auto/Modal1.xml
auto.tcl: Setting watchdog for 200 seconds at Tue Jul 06 02:02:21 UTC 2021
10 ms. Memory: 51200K Free: 23656K (46%)
ptolemy.util.test.WatchDog.cancel(): canceling Tue Jul 06 02:02:21 UTC 2021
auto.tcl: Setting watchdog for 200 seconds at Tue Jul 06 02:02:21 UTC 2021
11 ms. Memory: 51200K Free: 20151K (39%)
ptolemy.util.test.WatchDog.cancel(): canceling Tue Jul 06 02:02:21 UTC 2021
------------------ testing $PTII/ptolemy/domains/de/test/auto/Modal2.xml
auto.tcl: Setting watchdog for 200 seconds at Tue Jul 06 02:02:21 UTC 2021
10 ms. Memory: 51200K Free: 23793K (46%)
ptolemy.util.test.WatchDog.cancel(): canceling Tue Jul 06 02:02:21 UTC 2021
auto.tcl: Setting watchdog for 200 seconds at Tue Jul 06 02:02:21 UTC 2021
10 ms. Memory: 51200K Free: 20517K (40%)
ptolemy.util.test.WatchDog.cancel(): canceling Tue Jul 06 02:02:21 UTC 2021
------------------ testing $PTII/ptolemy/domains/de/test/auto/Modal3.xml
auto.tcl: Setting watchdog for 200 seconds at Tue Jul 06 02:02:21 UTC 2021
17 ms. Memory: 51200K Free: 23546K (46%)
ptolemy.util.test.WatchDog.cancel(): canceling Tue Jul 06 02:02:21 UTC 2021
auto.tcl: Setting watchdog for 200 seconds at Tue Jul 06 02:02:21 UTC 2021
9 ms. Memory: 51200K Free: 20529K (40%)
ptolemy.util.test.WatchDog.cancel(): canceling Tue Jul 06 02:02:21 UTC 2021
------------------ testing $PTII/ptolemy/domains/de/test/auto/Modal4.xml
auto.tcl: Setting watchdog for 200 seconds at Tue Jul 06 02:02:21 UTC 2021
11 ms. Memory: 51200K Free: 22750K (44%)
ptolemy.util.test.WatchDog.cancel(): canceling Tue Jul 06 02:02:21 UTC 2021
auto.tcl: Setting watchdog for 200 seconds at Tue Jul 06 02:02:21 UTC 2021
11 ms. Memory: 51200K Free: 18916K (37%)
ptolemy.util.test.WatchDog.cancel(): canceling Tue Jul 06 02:02:21 UTC 2021
------------------ testing $PTII/ptolemy/domains/de/test/auto/Modal5.xml
auto.tcl: Setting watchdog for 200 seconds at Tue Jul 06 02:02:21 UTC 2021
12 ms. Memory: 51200K Free: 22743K (44%)
ptolemy.util.test.WatchDog.cancel(): canceling Tue Jul 06 02:02:21 UTC 2021
auto.tcl: Setting watchdog for 200 seconds at Tue Jul 06 02:02:21 UTC 2021
12 ms. Memory: 51200K Free: 18903K (37%)
ptolemy.util.test.WatchDog.cancel(): canceling Tue Jul 06 02:02:21 UTC 2021
------------------ testing $PTII/ptolemy/domains/de/test/auto/Modal6.xml
auto.tcl: Setting watchdog for 200 seconds at Tue Jul 06 02:02:21 UTC 2021
10 ms. Memory: 51200K Free: 23528K (46%)
ptolemy.util.test.WatchDog.cancel(): canceling Tue Jul 06 02:02:21 UTC 2021
auto.tcl: Setting watchdog for 200 seconds at Tue Jul 06 02:02:21 UTC 2021
12 ms. Memory: 51200K Free: 19543K (38%)
ptolemy.util.test.WatchDog.cancel(): canceling Tue Jul 06 02:02:21 UTC 2021
------------------ testing $PTII/ptolemy/domains/de/test/auto/Modal7.xml
auto.tcl: Setting watchdog for 200 seconds at Tue Jul 06 02:02:21 UTC 2021
13 ms. Memory: 51200K Free: 22721K (44%)
ptolemy.util.test.WatchDog.cancel(): canceling Tue Jul 06 02:02:21 UTC 2021
auto.tcl: Setting watchdog for 200 seconds at Tue Jul 06 02:02:21 UTC 2021
10 ms. Memory: 51200K Free: 19179K (37%)
ptolemy.util.test.WatchDog.cancel(): canceling Tue Jul 06 02:02:21 UTC 2021
------------------ testing $PTII/ptolemy/domains/de/test/auto/ModalModel.xml
auto.tcl: Setting watchdog for 200 seconds at Tue Jul 06 02:02:21 UTC 2021
179 ms. Memory: 51200K Free: 13639K (27%)
ptolemy.util.test.WatchDog.cancel(): canceling Tue Jul 06 02:02:22 UTC 2021
auto.tcl: Setting watchdog for 200 seconds at Tue Jul 06 02:02:22 UTC 2021
215 ms. Memory: 72704K Free: 56395K (78%)
ptolemy.util.test.WatchDog.cancel(): canceling Tue Jul 06 02:02:22 UTC 2021
------------------ testing $PTII/ptolemy/domains/de/test/auto/ModalSource.xml
auto.tcl: Setting watchdog for 200 seconds at Tue Jul 06 02:02:22 UTC 2021
6 ms. Memory: 55296K Free: 31673K (57%)
ptolemy.util.test.WatchDog.cancel(): canceling Tue Jul 06 02:02:22 UTC 2021
auto.tcl: Setting watchdog for 200 seconds at Tue Jul 06 02:02:22 UTC 2021
6 ms. Memory: 55296K Free: 29625K (54%)
ptolemy.util.test.WatchDog.cancel(): canceling Tue Jul 06 02:02:22 UTC 2021
------------------ testing $PTII/ptolemy/domains/de/test/auto/NonInterruptibleTimerZeroDelay.xml
auto.tcl: Setting watchdog for 200 seconds at Tue Jul 06 02:02:22 UTC 2021
3 ms. Memory: 51200K Free: 32543K (64%)
ptolemy.util.test.WatchDog.cancel(): canceling Tue Jul 06 02:02:22 UTC 2021
auto.tcl: Setting watchdog for 200 seconds at Tue Jul 06 02:02:22 UTC 2021
2 ms. Memory: 51200K Free: 31844K (62%)
ptolemy.util.test.WatchDog.cancel(): canceling Tue Jul 06 02:02:22 UTC 2021
------------------ testing $PTII/ptolemy/domains/de/test/auto/OpenQueueingNetwork.xml
auto.tcl: Setting watchdog for 200 seconds at Tue Jul 06 02:02:22 UTC 2021
2696 ms. Memory: 120832K Free: 42453K (35%)
ptolemy.util.test.WatchDog.cancel(): canceling Tue Jul 06 02:02:25 UTC 2021
auto.tcl: Setting watchdog for 200 seconds at Tue Jul 06 02:02:25 UTC 2021
2337 ms. Memory: 145408K Free: 119587K (82%)
ptolemy.util.test.WatchDog.cancel(): canceling Tue Jul 06 02:02:27 UTC 2021
------------------ testing $PTII/ptolemy/domains/de/test/auto/OpenQueuingNetwork.xml
auto.tcl: Setting watchdog for 200 seconds at Tue Jul 06 02:02:27 UTC 2021
236 ms. Memory: 58368K Free: 30716K (53%)
ptolemy.util.test.WatchDog.cancel(): canceling Tue Jul 06 02:02:28 UTC 2021
auto.tcl: Setting watchdog for 200 seconds at Tue Jul 06 02:02:28 UTC 2021
228 ms. Memory: 58368K Free: 12634K (22%)
ptolemy.util.test.WatchDog.cancel(): canceling Tue Jul 06 02:02:28 UTC 2021
------------------ testing $PTII/ptolemy/domains/de/test/auto/PeriodicSampler.xml
auto.tcl: Setting watchdog for 200 seconds at Tue Jul 06 02:02:28 UTC 2021
2 ms. Memory: 55296K Free: 35805K (65%)
ptolemy.util.test.WatchDog.cancel(): canceling Tue Jul 06 02:02:28 UTC 2021
auto.tcl: Setting watchdog for 200 seconds at Tue Jul 06 02:02:28 UTC 2021
2 ms. Memory: 55296K Free: 35291K (64%)
ptolemy.util.test.WatchDog.cancel(): canceling Tue Jul 06 02:02:28 UTC 2021
------------------ testing $PTII/ptolemy/domains/de/test/auto/PersistentIO.xml
auto.tcl: Setting watchdog for 200 seconds at Tue Jul 06 02:02:28 UTC 2021
17 ms. Memory: 55296K Free: 30918K (56%)
ptolemy.util.test.WatchDog.cancel(): canceling Tue Jul 06 02:02:28 UTC 2021
auto.tcl: Setting watchdog for 200 seconds at Tue Jul 06 02:02:28 UTC 2021
4 ms. Memory: 55296K Free: 29714K (54%)
ptolemy.util.test.WatchDog.cancel(): canceling Tue Jul 06 02:02:28 UTC 2021
------------------ testing $PTII/ptolemy/domains/de/test/auto/PortParameterResetOnInitialize.xml
auto.tcl: Setting watchdog for 200 seconds at Tue Jul 06 02:02:28 UTC 2021
6 ms. Memory: 55296K Free: 35728K (65%)
ptolemy.util.test.WatchDog.cancel(): canceling Tue Jul 06 02:02:28 UTC 2021
auto.tcl: Setting watchdog for 200 seconds at Tue Jul 06 02:02:28 UTC 2021
2 ms. Memory: 55296K Free: 35218K (64%)
ptolemy.util.test.WatchDog.cancel(): canceling Tue Jul 06 02:02:28 UTC 2021
------------------ testing $PTII/ptolemy/domains/de/test/auto/PortParameterUpdates.xml
auto.tcl: Setting watchdog for 200 seconds at Tue Jul 06 02:02:28 UTC 2021
3 ms. Memory: 55296K Free: 34002K (61%)
ptolemy.util.test.WatchDog.cancel(): canceling Tue Jul 06 02:02:28 UTC 2021
auto.tcl: Setting watchdog for 200 seconds at Tue Jul 06 02:02:28 UTC 2021
3 ms. Memory: 55296K Free: 32787K (59%)
ptolemy.util.test.WatchDog.cancel(): canceling Tue Jul 06 02:02:28 UTC 2021
------------------ testing $PTII/ptolemy/domains/de/test/auto/QueueAndServer.xml
auto.tcl: Setting watchdog for 200 seconds at Tue Jul 06 02:02:28 UTC 2021
6 ms. Memory: 51200K Free: 28870K (56%)
ptolemy.util.test.WatchDog.cancel(): canceling Tue Jul 06 02:02:28 UTC 2021
auto.tcl: Setting watchdog for 200 seconds at Tue Jul 06 02:02:28 UTC 2021
5 ms. Memory: 51200K Free: 27625K (54%)
ptolemy.util.test.WatchDog.cancel(): canceling Tue Jul 06 02:02:28 UTC 2021
------------------ testing $PTII/ptolemy/domains/de/test/auto/Records.xml
auto.tcl: Setting watchdog for 200 seconds at Tue Jul 06 02:02:28 UTC 2021
4 ms. Memory: 51200K Free: 30870K (60%)
ptolemy.util.test.WatchDog.cancel(): canceling Tue Jul 06 02:02:28 UTC 2021
auto.tcl: Setting watchdog for 200 seconds at Tue Jul 06 02:02:28 UTC 2021
3 ms. Memory: 51200K Free: 30358K (59%)
ptolemy.util.test.WatchDog.cancel(): canceling Tue Jul 06 02:02:28 UTC 2021
------------------ testing $PTII/ptolemy/domains/de/test/auto/ResetTransitionWithStartTime1.xml
auto.tcl: Setting watchdog for 200 seconds at Tue Jul 06 02:02:28 UTC 2021
10 ms. Memory: 51200K Free: 28117K (55%)
ptolemy.util.test.WatchDog.cancel(): canceling Tue Jul 06 02:02:28 UTC 2021
auto.tcl: Setting watchdog for 200 seconds at Tue Jul 06 02:02:28 UTC 2021
5 ms. Memory: 51200K Free: 25555K (50%)
ptolemy.util.test.WatchDog.cancel(): canceling Tue Jul 06 02:02:28 UTC 2021
------------------ testing $PTII/ptolemy/domains/de/test/auto/ResetTransitionWithStartTime2.xml
auto.tcl: Setting watchdog for 200 seconds at Tue Jul 06 02:02:28 UTC 2021
5 ms. Memory: 51200K Free: 28071K (55%)
ptolemy.util.test.WatchDog.cancel(): canceling Tue Jul 06 02:02:28 UTC 2021
auto.tcl: Setting watchdog for 200 seconds at Tue Jul 06 02:02:28 UTC 2021
5 ms. Memory: 51200K Free: 26035K (51%)
ptolemy.util.test.WatchDog.cancel(): canceling Tue Jul 06 02:02:28 UTC 2021
------------------ testing $PTII/ptolemy/domains/de/test/auto/ResetTransitionWithStartTime3.xml
auto.tcl: Setting watchdog for 200 seconds at Tue Jul 06 02:02:28 UTC 2021
10 ms. Memory: 51200K Free: 28107K (55%)
ptolemy.util.test.WatchDog.cancel(): canceling Tue Jul 06 02:02:28 UTC 2021
auto.tcl: Setting watchdog for 200 seconds at Tue Jul 06 02:02:28 UTC 2021
5 ms. Memory: 51200K Free: 25502K (50%)
ptolemy.util.test.WatchDog.cancel(): canceling Tue Jul 06 02:02:28 UTC 2021
------------------ testing $PTII/ptolemy/domains/de/test/auto/ResetTransitionWithStartTime4.xml
auto.tcl: Setting watchdog for 200 seconds at Tue Jul 06 02:02:28 UTC 2021
8 ms. Memory: 51200K Free: 28497K (56%)
ptolemy.util.test.WatchDog.cancel(): canceling Tue Jul 06 02:02:29 UTC 2021
auto.tcl: Setting watchdog for 200 seconds at Tue Jul 06 02:02:29 UTC 2021
4 ms. Memory: 51200K Free: 27045K (53%)
ptolemy.util.test.WatchDog.cancel(): canceling Tue Jul 06 02:02:29 UTC 2021
------------------ testing $PTII/ptolemy/domains/de/test/auto/ResettableTimer1.xml
auto.tcl: Setting watchdog for 200 seconds at Tue Jul 06 02:02:29 UTC 2021
3 ms. Memory: 51200K Free: 32282K (63%)
ptolemy.util.test.WatchDog.cancel(): canceling Tue Jul 06 02:02:29 UTC 2021
auto.tcl: Setting watchdog for 200 seconds at Tue Jul 06 02:02:29 UTC 2021
3 ms. Memory: 51200K Free: 31631K (62%)
ptolemy.util.test.WatchDog.cancel(): canceling Tue Jul 06 02:02:29 UTC 2021
------------------ testing $PTII/ptolemy/domains/de/test/auto/ResettableTimer2.xml
auto.tcl: Setting watchdog for 200 seconds at Tue Jul 06 02:02:29 UTC 2021
3 ms. Memory: 51200K Free: 32342K (63%)
ptolemy.util.test.WatchDog.cancel(): canceling Tue Jul 06 02:02:29 UTC 2021
auto.tcl: Setting watchdog for 200 seconds at Tue Jul 06 02:02:29 UTC 2021
2 ms. Memory: 51200K Free: 31704K (62%)
ptolemy.util.test.WatchDog.cancel(): canceling Tue Jul 06 02:02:29 UTC 2021
------------------ testing $PTII/ptolemy/domains/de/test/auto/ResettableTimer3.xml
auto.tcl: Setting watchdog for 200 seconds at Tue Jul 06 02:02:29 UTC 2021
1 ms. Memory: 51200K Free: 32713K (64%)
ptolemy.util.test.WatchDog.cancel(): canceling Tue Jul 06 02:02:29 UTC 2021
auto.tcl: Setting watchdog for 200 seconds at Tue Jul 06 02:02:29 UTC 2021
2 ms. Memory: 51200K Free: 32203K (63%)
ptolemy.util.test.WatchDog.cancel(): canceling Tue Jul 06 02:02:29 UTC 2021
------------------ testing $PTII/ptolemy/domains/de/test/auto/ResettableTimer4.xml
auto.tcl: Setting watchdog for 200 seconds at Tue Jul 06 02:02:29 UTC 2021
1 ms. Memory: 51200K Free: 32216K (63%)
ptolemy.util.test.WatchDog.cancel(): canceling Tue Jul 06 02:02:29 UTC 2021
auto.tcl: Setting watchdog for 200 seconds at Tue Jul 06 02:02:29 UTC 2021
1 ms. Memory: 51200K Free: 32216K (63%)
ptolemy.util.test.WatchDog.cancel(): canceling Tue Jul 06 02:02:29 UTC 2021
------------------ testing $PTII/ptolemy/domains/de/test/auto/ResettableTimer5.xml
auto.tcl: Setting watchdog for 200 seconds at Tue Jul 06 02:02:29 UTC 2021
2 ms. Memory: 51200K Free: 32215K (63%)
ptolemy.util.test.WatchDog.cancel(): canceling Tue Jul 06 02:02:29 UTC 2021
auto.tcl: Setting watchdog for 200 seconds at Tue Jul 06 02:02:29 UTC 2021
1 ms. Memory: 51200K Free: 31715K (62%)
ptolemy.util.test.WatchDog.cancel(): canceling Tue Jul 06 02:02:29 UTC 2021
------------------ testing $PTII/ptolemy/domains/de/test/auto/ResettableTimer6.xml
auto.tcl: Setting watchdog for 200 seconds at Tue Jul 06 02:02:29 UTC 2021
1 ms. Memory: 51200K Free: 31691K (62%)
ptolemy.util.test.WatchDog.cancel(): canceling Tue Jul 06 02:02:29 UTC 2021
auto.tcl: Setting watchdog for 200 seconds at Tue Jul 06 02:02:29 UTC 2021
1 ms. Memory: 51200K Free: 31181K (61%)
ptolemy.util.test.WatchDog.cancel(): canceling Tue Jul 06 02:02:29 UTC 2021
------------------ testing $PTII/ptolemy/domains/de/test/auto/ServerZeroDelay.xml
auto.tcl: Setting watchdog for 200 seconds at Tue Jul 06 02:02:29 UTC 2021
3 ms. Memory: 51200K Free: 32197K (63%)
ptolemy.util.test.WatchDog.cancel(): canceling Tue Jul 06 02:02:29 UTC 2021
auto.tcl: Setting watchdog for 200 seconds at Tue Jul 06 02:02:29 UTC 2021
1 ms. Memory: 51200K Free: 31173K (61%)
ptolemy.util.test.WatchDog.cancel(): canceling Tue Jul 06 02:02:29 UTC 2021
------------------ testing $PTII/ptolemy/domains/de/test/auto/SmartSender.xml
auto.tcl: Setting watchdog for 200 seconds at Tue Jul 06 02:02:29 UTC 2021
3002 ms. Memory: 51200K Free: 32191K (63%)
ptolemy.util.test.WatchDog.cancel(): canceling Tue Jul 06 02:02:32 UTC 2021
auto.tcl: Setting watchdog for 200 seconds at Tue Jul 06 02:02:32 UTC 2021
3003 ms. Memory: 51200K Free: 31691K (62%)
ptolemy.util.test.WatchDog.cancel(): canceling Tue Jul 06 02:02:35 UTC 2021
------------------ testing $PTII/ptolemy/domains/de/test/auto/ThreadedComposite.xml
auto.tcl: Setting watchdog for 200 seconds at Tue Jul 06 02:02:35 UTC 2021
280 ms. Memory: 51200K Free: 9163K (18%)
ptolemy.util.test.WatchDog.cancel(): canceling Tue Jul 06 02:02:35 UTC 2021
auto.tcl: Setting watchdog for 200 seconds at Tue Jul 06 02:02:35 UTC 2021
154 ms. Memory: 51200K Free: 23103K (45%)
ptolemy.util.test.WatchDog.cancel(): canceling Tue Jul 06 02:02:36 UTC 2021
------------------ testing $PTII/ptolemy/domains/de/test/auto/Time.xml
auto.tcl: Setting watchdog for 200 seconds at Tue Jul 06 02:02:36 UTC 2021
492 ms. Memory: 51200K Free: 35415K (69%)
ptolemy.util.test.WatchDog.cancel(): canceling Tue Jul 06 02:02:36 UTC 2021
auto.tcl: Setting watchdog for 200 seconds at Tue Jul 06 02:02:36 UTC 2021
490 ms. Memory: 66560K Free: 26135K (39%)
ptolemy.util.test.WatchDog.cancel(): canceling Tue Jul 06 02:02:37 UTC 2021
------------------ testing $PTII/ptolemy/domains/de/test/auto/TimeDelayZeroDelay.xml
auto.tcl: Setting watchdog for 200 seconds at Tue Jul 06 02:02:37 UTC 2021
2 ms. Memory: 55296K Free: 36218K (65%)
ptolemy.util.test.WatchDog.cancel(): canceling Tue Jul 06 02:02:37 UTC 2021
auto.tcl: Setting watchdog for 200 seconds at Tue Jul 06 02:02:37 UTC 2021
2 ms. Memory: 55296K Free: 35726K (65%)
ptolemy.util.test.WatchDog.cancel(): canceling Tue Jul 06 02:02:37 UTC 2021
------------------ testing $PTII/ptolemy/domains/de/test/auto/TimerZeroDelay.xml
auto.tcl: Setting watchdog for 200 seconds at Tue Jul 06 02:02:37 UTC 2021
2 ms. Memory: 55296K Free: 36289K (66%)
ptolemy.util.test.WatchDog.cancel(): canceling Tue Jul 06 02:02:37 UTC 2021
auto.tcl: Setting watchdog for 200 seconds at Tue Jul 06 02:02:37 UTC 2021
2 ms. Memory: 55296K Free: 35769K (65%)
ptolemy.util.test.WatchDog.cancel(): canceling Tue Jul 06 02:02:37 UTC 2021
------------------ testing $PTII/ptolemy/domains/de/test/auto/TimingParadox.xml
auto.tcl: Setting watchdog for 200 seconds at Tue Jul 06 02:02:37 UTC 2021
342 ms. Memory: 51200K Free: 20423K (40%)
ptolemy.util.test.WatchDog.cancel(): canceling Tue Jul 06 02:02:37 UTC 2021
auto.tcl: Setting watchdog for 200 seconds at Tue Jul 06 02:02:37 UTC 2021
324 ms. Memory: 51200K Free: 11587K (23%)
ptolemy.util.test.WatchDog.cancel(): canceling Tue Jul 06 02:02:37 UTC 2021
------------------ testing $PTII/ptolemy/domains/de/test/auto/TransferInputs.xml
auto.tcl: Setting watchdog for 200 seconds at Tue Jul 06 02:02:38 UTC 2021
2 ms. Memory: 51200K Free: 30632K (60%)
ptolemy.util.test.WatchDog.cancel(): canceling Tue Jul 06 02:02:38 UTC 2021
auto.tcl: Setting watchdog for 200 seconds at Tue Jul 06 02:02:38 UTC 2021
2 ms. Memory: 51200K Free: 29717K (58%)
ptolemy.util.test.WatchDog.cancel(): canceling Tue Jul 06 02:02:38 UTC 2021
------------------ testing $PTII/ptolemy/domains/de/test/auto/TransferOutputs2.xml
auto.tcl: Setting watchdog for 200 seconds at Tue Jul 06 02:02:38 UTC 2021
2 ms. Memory: 51200K Free: 28075K (55%)
ptolemy.util.test.WatchDog.cancel(): canceling Tue Jul 06 02:02:38 UTC 2021
auto.tcl: Setting watchdog for 200 seconds at Tue Jul 06 02:02:38 UTC 2021
3 ms. Memory: 51200K Free: 26662K (52%)
ptolemy.util.test.WatchDog.cancel(): canceling Tue Jul 06 02:02:38 UTC 2021
------------------ testing $PTII/ptolemy/domains/de/test/auto/Trilateration.xml
auto.tcl: Setting watchdog for 200 seconds at Tue Jul 06 02:02:38 UTC 2021
12220 ms. Memory: 448512K Free: 262905K (59%)
ptolemy.util.test.WatchDog.cancel(): canceling Tue Jul 06 02:02:51 UTC 2021
auto.tcl: Setting watchdog for 200 seconds at Tue Jul 06 02:02:51 UTC 2021
8974 ms. Memory: 448512K Free: 267668K (60%)
ptolemy.util.test.WatchDog.cancel(): canceling Tue Jul 06 02:03:00 UTC 2021
------------------ testing $PTII/ptolemy/domains/de/test/auto/TwoSigmaDelta.xml
auto.tcl: Setting watchdog for 200 seconds at Tue Jul 06 02:03:00 UTC 2021
2428 ms. Memory: 92160K Free: 26762K (29%)
ptolemy.util.test.WatchDog.cancel(): canceling Tue Jul 06 02:03:03 UTC 2021
auto.tcl: Setting watchdog for 200 seconds at Tue Jul 06 02:03:03 UTC 2021
1782 ms. Memory: 92160K Free: 26740K (29%)
ptolemy.util.test.WatchDog.cancel(): canceling Tue Jul 06 02:03:04 UTC 2021
------------------ testing $PTII/ptolemy/domains/de/test/auto/VariableDelay.xml
auto.tcl: Setting watchdog for 200 seconds at Tue Jul 06 02:03:04 UTC 2021
2 ms. Memory: 55296K Free: 35211K (64%)
ptolemy.util.test.WatchDog.cancel(): canceling Tue Jul 06 02:03:04 UTC 2021
auto.tcl: Setting watchdog for 200 seconds at Tue Jul 06 02:03:04 UTC 2021
2 ms. Memory: 55296K Free: 34217K (62%)
ptolemy.util.test.WatchDog.cancel(): canceling Tue Jul 06 02:03:04 UTC 2021
------------------ testing $PTII/ptolemy/domains/de/test/auto/VariableDelay2.xml
auto.tcl: Setting watchdog for 200 seconds at Tue Jul 06 02:03:04 UTC 2021
7 ms. Memory: 55296K Free: 36191K (65%)
ptolemy.util.test.WatchDog.cancel(): canceling Tue Jul 06 02:03:04 UTC 2021
auto.tcl: Setting watchdog for 200 seconds at Tue Jul 06 02:03:04 UTC 2021
1 ms. Memory: 55296K Free: 35130K (64%)
ptolemy.util.test.WatchDog.cancel(): canceling Tue Jul 06 02:03:04 UTC 2021
------------------ testing $PTII/ptolemy/domains/de/test/auto/VariableDelayZeroDelay.xml
auto.tcl: Setting watchdog for 200 seconds at Tue Jul 06 02:03:05 UTC 2021
2 ms. Memory: 51200K Free: 32058K (63%)
ptolemy.util.test.WatchDog.cancel(): canceling Tue Jul 06 02:03:05 UTC 2021
auto.tcl: Setting watchdog for 200 seconds at Tue Jul 06 02:03:05 UTC 2021
2 ms. Memory: 51200K Free: 31530K (62%)
ptolemy.util.test.WatchDog.cancel(): canceling Tue Jul 06 02:03:05 UTC 2021
------------------ testing $PTII/ptolemy/domains/de/test/auto/VariableDelayZeroDelay2.xml
auto.tcl: Setting watchdog for 200 seconds at Tue Jul 06 02:03:05 UTC 2021
3 ms. Memory: 51200K Free: 32056K (63%)
ptolemy.util.test.WatchDog.cancel(): canceling Tue Jul 06 02:03:05 UTC 2021
auto.tcl: Setting watchdog for 200 seconds at Tue Jul 06 02:03:05 UTC 2021
1 ms. Memory: 51200K Free: 31042K (61%)
ptolemy.util.test.WatchDog.cancel(): canceling Tue Jul 06 02:03:05 UTC 2021
------------------ testing $PTII/ptolemy/domains/de/test/auto/deInCt.xml
auto.tcl: Setting watchdog for 200 seconds at Tue Jul 06 02:03:05 UTC 2021
0
1
1
1
1
1
0
0
1
1
1
1
0
0
0
1
1
1
0
0
0
1
1
1
0
0
0
0
1
1
1
0
0
0
0
0
10 ms. Memory: 51200K Free: 31030K (61%)
ptolemy.util.test.WatchDog.cancel(): canceling Tue Jul 06 02:03:05 UTC 2021
auto.tcl: Setting watchdog for 200 seconds at Tue Jul 06 02:03:05 UTC 2021
0
1
1
1
0
0
0
0
0
1
1
1
1
0
0
0
1
1
1
0
0
0
1
1
1
1
0
0
0
1
1
1
1
1
6 ms. Memory: 51200K Free: 29498K (58%)
ptolemy.util.test.WatchDog.cancel(): canceling Tue Jul 06 02:03:05 UTC 2021
------------------ testing $PTII/ptolemy/domains/de/test/auto/deInCt2.xml
auto.tcl: Setting watchdog for 200 seconds at Tue Jul 06 02:03:05 UTC 2021
0
1
1
1
0
0
1
1
1
0
0
1
1
1
0
0
1
1
1
0
0
1
1
1
0
0
1
1
1
0
0
1
1
1
0
0
1
1
1
0
0
0
7 ms. Memory: 51200K Free: 31030K (61%)
ptolemy.util.test.WatchDog.cancel(): canceling Tue Jul 06 02:03:05 UTC 2021
auto.tcl: Setting watchdog for 200 seconds at Tue Jul 06 02:03:05 UTC 2021
0
1
1
1
0
0
1
1
1
0
0
1
1
1
0
0
1
1
1
0
0
1
1
1
0
0
1
1
1
0
0
1
1
1
0
0
1
1
1
0
0
0
5 ms. Memory: 51200K Free: 29478K (58%)
ptolemy.util.test.WatchDog.cancel(): canceling Tue Jul 06 02:03:05 UTC 2021
------------------ testing $PTII/ptolemy/domains/de/test/auto/dynamicCausalityInterface1.xml
auto.tcl: Setting watchdog for 200 seconds at Tue Jul 06 02:03:05 UTC 2021
1 ms. Memory: 51200K Free: 26929K (53%)
ptolemy.util.test.WatchDog.cancel(): canceling Tue Jul 06 02:03:05 UTC 2021
auto.tcl: Setting watchdog for 200 seconds at Tue Jul 06 02:03:05 UTC 2021
1 ms. Memory: 51200K Free: 26421K (52%)
ptolemy.util.test.WatchDog.cancel(): canceling Tue Jul 06 02:03:05 UTC 2021
------------------ testing $PTII/ptolemy/domains/de/test/auto/fsm_de_test.xml
auto.tcl: Setting watchdog for 200 seconds at Tue Jul 06 02:03:05 UTC 2021
9 ms. Memory: 51200K Free: 26827K (52%)
ptolemy.util.test.WatchDog.cancel(): canceling Tue Jul 06 02:03:05 UTC 2021
auto.tcl: Setting watchdog for 200 seconds at Tue Jul 06 02:03:05 UTC 2021
8 ms. Memory: 51200K Free: 24779K (48%)
ptolemy.util.test.WatchDog.cancel(): canceling Tue Jul 06 02:03:05 UTC 2021
------------------ testing $PTII/ptolemy/domains/de/test/auto/functionDependencyReconstruction.xml
auto.tcl: Setting watchdog for 200 seconds at Tue Jul 06 02:03:05 UTC 2021
7 ms. Memory: 51200K Free: 20673K (40%)
ptolemy.util.test.WatchDog.cancel(): canceling Tue Jul 06 02:03:05 UTC 2021
auto.tcl: Setting watchdog for 200 seconds at Tue Jul 06 02:03:05 UTC 2021
3 ms. Memory: 51200K Free: 18625K (36%)
ptolemy.util.test.WatchDog.cancel(): canceling Tue Jul 06 02:03:05 UTC 2021
------------------ testing $PTII/ptolemy/domains/de/test/auto/multirate.xml
auto.tcl: Setting watchdog for 200 seconds at Tue Jul 06 02:03:05 UTC 2021
7 ms. Memory: 51200K Free: 29242K (57%)
ptolemy.util.test.WatchDog.cancel(): canceling Tue Jul 06 02:03:05 UTC 2021
auto.tcl: Setting watchdog for 200 seconds at Tue Jul 06 02:03:05 UTC 2021
3 ms. Memory: 51200K Free: 27722K (54%)
ptolemy.util.test.WatchDog.cancel(): canceling Tue Jul 06 02:03:05 UTC 2021
------------------ testing $PTII/ptolemy/domains/de/test/auto/multirate2.xml
auto.tcl: Setting watchdog for 200 seconds at Tue Jul 06 02:03:05 UTC 2021
8 ms. Memory: 51200K Free: 29633K (58%)
ptolemy.util.test.WatchDog.cancel(): canceling Tue Jul 06 02:03:05 UTC 2021
auto.tcl: Setting watchdog for 200 seconds at Tue Jul 06 02:03:05 UTC 2021
4 ms. Memory: 51200K Free: 27904K (55%)
ptolemy.util.test.WatchDog.cancel(): canceling Tue Jul 06 02:03:05 UTC 2021
------------------ testing $PTII/ptolemy/domains/de/test/auto/realtime.xml
auto.tcl: Setting watchdog for 200 seconds at Tue Jul 06 02:03:05 UTC 2021
10002 ms. Memory: 51200K Free: 31710K (62%)
ptolemy.util.test.WatchDog.cancel(): canceling Tue Jul 06 02:03:15 UTC 2021
auto.tcl: Setting watchdog for 200 seconds at Tue Jul 06 02:03:15 UTC 2021
10001 ms. Memory: 51200K Free: 30975K (60%)
ptolemy.util.test.WatchDog.cancel(): canceling Tue Jul 06 02:03:25 UTC 2021
------------------ testing $PTII/ptolemy/domains/de/test/auto/relationGroup.xml
auto.tcl: Setting watchdog for 200 seconds at Tue Jul 06 02:03:25 UTC 2021
1 ms. Memory: 51200K Free: 32789K (64%)
ptolemy.util.test.WatchDog.cancel(): canceling Tue Jul 06 02:03:25 UTC 2021
auto.tcl: Setting watchdog for 200 seconds at Tue Jul 06 02:03:25 UTC 2021
1 ms. Memory: 51200K Free: 32054K (63%)
ptolemy.util.test.WatchDog.cancel(): canceling Tue Jul 06 02:03:25 UTC 2021
------------------ testing $PTII/ptolemy/domains/de/test/auto/relationGroup2.xml
auto.tcl: Setting watchdog for 200 seconds at Tue Jul 06 02:03:25 UTC 2021
1 ms. Memory: 51200K Free: 32589K (64%)
ptolemy.util.test.WatchDog.cancel(): canceling Tue Jul 06 02:03:25 UTC 2021
auto.tcl: Setting watchdog for 200 seconds at Tue Jul 06 02:03:25 UTC 2021
2 ms. Memory: 51200K Free: 31577K (62%)
ptolemy.util.test.WatchDog.cancel(): canceling Tue Jul 06 02:03:25 UTC 2021
------------------ testing $PTII/ptolemy/domains/de/test/auto/sortWithOpaquePorts.xml
auto.tcl: Setting watchdog for 200 seconds at Tue Jul 06 02:03:25 UTC 2021
1 ms. Memory: 51200K Free: 31552K (62%)
ptolemy.util.test.WatchDog.cancel(): canceling Tue Jul 06 02:03:25 UTC 2021
auto.tcl: Setting watchdog for 200 seconds at Tue Jul 06 02:03:25 UTC 2021
2 ms. Memory: 51200K Free: 30540K (60%)
ptolemy.util.test.WatchDog.cancel(): canceling Tue Jul 06 02:03:25 UTC 2021
------------------ testing $PTII/ptolemy/domains/de/test/auto/transferInputsandOutputs.xml
auto.tcl: Setting watchdog for 200 seconds at Tue Jul 06 02:03:25 UTC 2021
3 ms. Memory: 51200K Free: 28996K (57%)
ptolemy.util.test.WatchDog.cancel(): canceling Tue Jul 06 02:03:25 UTC 2021
auto.tcl: Setting watchdog for 200 seconds at Tue Jul 06 02:03:25 UTC 2021
2 ms. Memory: 51200K Free: 27982K (55%)
ptolemy.util.test.WatchDog.cancel(): canceling Tue Jul 06 02:03:25 UTC 2021
------------------ testing $PTII/ptolemy/domains/de/test/auto/triggerType.xml
auto.tcl: Setting watchdog for 200 seconds at Tue Jul 06 02:03:25 UTC 2021
1 ms. Memory: 51200K Free: 32021K (63%)
ptolemy.util.test.WatchDog.cancel(): canceling Tue Jul 06 02:03:25 UTC 2021
auto.tcl: Setting watchdog for 200 seconds at Tue Jul 06 02:03:25 UTC 2021
2 ms. Memory: 51200K Free: 30997K (61%)
ptolemy.util.test.WatchDog.cancel(): canceling Tue Jul 06 02:03:25 UTC 2021
07/06/21 02:03:26
Failed: 0  Total Tests: 192  ((Passed: 187, Newly Passed: 1)  Known Failed: 5) /home/travis/build/icyphy/ptII/ptolemy/domains/de/test
07/06/21 02:03:26
Failed: 0  Total Tests: 192  ((Passed: 187, Newly Passed: 1)  Known Failed: 5) /home/travis/build/icyphy/ptII/ptolemy/domains/de/test
----------------- testing (KnownFailure) /home/travis/build/icyphy/ptII/ptolemy/domains/de/test/auto/knownFailedTests/DESDFClockTest.xml
2013 ms. Memory: 51200K Free: 24906K (49%)
Known Failure: java.lang.reflect.InvocationTargetException
----------------- testing (KnownFailure) /home/travis/build/icyphy/ptII/ptolemy/domains/de/test/auto/knownFailedTests/DirectFeedback.xml
2 ms. Memory: 51200K Free: 21320K (42%)
Known Failure: java.lang.reflect.InvocationTargetException
----------------- testing (KnownFailure) /home/travis/build/icyphy/ptII/ptolemy/domains/de/test/auto/knownFailedTests/FSMSource.xml
7 ms. Memory: 51200K Free: 13642K (27%)
----------------- testing (KnownFailure) /home/travis/build/icyphy/ptII/ptolemy/domains/de/test/auto/knownFailedTests/HierarchicalModel.xml
2 ms. Memory: 51200K Free: 25826K (50%)
Known Failure: java.lang.reflect.InvocationTargetException
----------------- testing (KnownFailure) /home/travis/build/icyphy/ptII/ptolemy/domains/de/test/auto/knownFailedTests/dependencyLoop.xml
7 ms. Memory: 51200K Free: 10514K (21%)
Known Failure: java.lang.reflect.InvocationTargetException
----------------- testing (KnownFailure) /home/travis/build/icyphy/ptII/ptolemy/domains/de/test/auto/knownFailedTests/dependencyLoop2.xml
7 ms. Memory: 51200K Free: 23377K (46%)
Known Failure: java.lang.reflect.InvocationTargetException
No auto/linux-amd64/*.xml tests in /home/travis/build/icyphy/ptII/ptolemy/domains/de/test
AutoTests.java: About to close Vertx.
AutoTests.java: Vertx closed.

===========================================================================================
----------------- testing Tue Jul 06 02:03:28 UTC 2021 /home/travis/build/icyphy/ptII/ptolemy/domains/de/test/auto/ActorDepthCalculation_actorWithoutPorts.xml
----------------- Instantiating /home/travis/build/icyphy/ptII/ptolemy/domains/de/test/auto/ActorDepthCalculation_actorWithoutPorts.xml
3 ms. Memory: 51200K Free: 16924K (33%)
----------------- Invoking toplevel() on ptolemy.moml.MoMLSimpleApplication@73b3fb96
----------------- Done invoking toplevel() on ptolemy.moml.MoMLSimpleApplication@73b3fb96
reloadAllAccessors: .ActorDepthCalculation_actorWithoutPorts

===========================================================================================
----------------- testing Tue Jul 06 02:03:28 UTC 2021 /home/travis/build/icyphy/ptII/ptolemy/domains/de/test/auto/AssemblyLine.xml
----------------- Instantiating /home/travis/build/icyphy/ptII/ptolemy/domains/de/test/auto/AssemblyLine.xml
3 ms. Memory: 51200K Free: 9480K (19%)
----------------- Invoking toplevel() on ptolemy.moml.MoMLSimpleApplication@32da2153
----------------- Done invoking toplevel() on ptolemy.moml.MoMLSimpleApplication@32da2153
reloadAllAccessors: .AssemblyLine

===========================================================================================
----------------- testing Tue Jul 06 02:03:28 UTC 2021 /home/travis/build/icyphy/ptII/ptolemy/domains/de/test/auto/CQBug1.xml
----------------- Instantiating /home/travis/build/icyphy/ptII/ptolemy/domains/de/test/auto/CQBug1.xml
1 ms. Memory: 51200K Free: 34553K (67%)
----------------- Invoking toplevel() on ptolemy.moml.MoMLSimpleApplication@5f0081cc
----------------- Done invoking toplevel() on ptolemy.moml.MoMLSimpleApplication@5f0081cc
reloadAllAccessors: .CQBug1

===========================================================================================
----------------- testing Tue Jul 06 02:03:28 UTC 2021 /home/travis/build/icyphy/ptII/ptolemy/domains/de/test/auto/CancelFireAt.xml
----------------- Instantiating /home/travis/build/icyphy/ptII/ptolemy/domains/de/test/auto/CancelFireAt.xml
2 ms. Memory: 51200K Free: 31912K (62%)
----------------- Invoking toplevel() on ptolemy.moml.MoMLSimpleApplication@7a5c0c3
----------------- Done invoking toplevel() on ptolemy.moml.MoMLSimpleApplication@7a5c0c3
reloadAllAccessors: .CancelFireAt

===========================================================================================
----------------- testing Tue Jul 06 02:03:28 UTC 2021 /home/travis/build/icyphy/ptII/ptolemy/domains/de/test/auto/CausalityAndComposabilityAnalysis.xml
----------------- Instantiating /home/travis/build/icyphy/ptII/ptolemy/domains/de/test/auto/CausalityAndComposabilityAnalysis.xml
3 ms. Memory: 51200K Free: 27751K (54%)
----------------- Invoking toplevel() on ptolemy.moml.MoMLSimpleApplication@fe2a384
----------------- Done invoking toplevel() on ptolemy.moml.MoMLSimpleApplication@fe2a384
reloadAllAccessors: .CausalityAndComposabilityAnalysis

===========================================================================================
----------------- testing Tue Jul 06 02:03:28 UTC 2021 /home/travis/build/icyphy/ptII/ptolemy/domains/de/test/auto/CausalityInterface1.xml
----------------- Instantiating /home/travis/build/icyphy/ptII/ptolemy/domains/de/test/auto/CausalityInterface1.xml
5 ms. Memory: 51200K Free: 22728K (44%)
----------------- Invoking toplevel() on ptolemy.moml.MoMLSimpleApplication@45c88a7b
----------------- Done invoking toplevel() on ptolemy.moml.MoMLSimpleApplication@45c88a7b
reloadAllAccessors: .CausalityInterface1

===========================================================================================
----------------- testing Tue Jul 06 02:03:28 UTC 2021 /home/travis/build/icyphy/ptII/ptolemy/domains/de/test/auto/CausalityInterface15.xml
----------------- Instantiating /home/travis/build/icyphy/ptII/ptolemy/domains/de/test/auto/CausalityInterface15.xml
2 ms. Memory: 51200K Free: 17129K (33%)
----------------- Invoking toplevel() on ptolemy.moml.MoMLSimpleApplication@76fe61d1
----------------- Done invoking toplevel() on ptolemy.moml.MoMLSimpleApplication@76fe61d1
reloadAllAccessors: .CausalityInterface15

===========================================================================================
----------------- testing Tue Jul 06 02:03:28 UTC 2021 /home/travis/build/icyphy/ptII/ptolemy/domains/de/test/auto/CausalityInterface2.xml
----------------- Instantiating /home/travis/build/icyphy/ptII/ptolemy/domains/de/test/auto/CausalityInterface2.xml
1 ms. Memory: 51200K Free: 12502K (24%)
[...]
	at ptolemy.actor.Manager.run(Manager.java:1263)
	at ptolemy.actor.Manager$PtolemyRunThread.run(Manager.java:1933)
java.lang.RuntimeException: Execution failed
	at ptolemy.moml.MoMLSimpleApplication$UnloadThread.run(MoMLSimpleApplication.java:402)
Caused by: ptolemy.kernel.util.IllegalActionException: Actor is not ready to fire.  Perhaps UpSample.prefire() returned false? Try debugging the actor by selecting "Listen to Actor".  Also, for SDF check moml for tokenConsumptionRate on input.
  in .DESDFClockTest.Play Bell.Copy1:SDF Director and .DESDFClockTest.Play Bell.UpSample
	at ptolemy.actor.sched.StaticSchedulingDirector.fire(StaticSchedulingDirector.java:227)
	at ptolemy.domains.sdf.kernel.SDFDirector.fire(SDFDirector.java:500)
	at ptolemy.actor.CompositeActor.fire(CompositeActor.java:455)
	at ptolemy.domains.de.kernel.DEDirector._fire(DEDirector.java:1949)
	at ptolemy.domains.de.kernel.DEDirector.fire(DEDirector.java:502)
	at ptolemy.actor.CompositeActor.fire(CompositeActor.java:455)
	at ptolemy.actor.Manager.iterate(Manager.java:851)
	at ptolemy.actor.Manager.execute(Manager.java:369)
	at ptolemy.actor.Manager.run(Manager.java:1263)
	at ptolemy.actor.Manager$PtolemyRunThread.run(Manager.java:1933)
java.lang.reflect.InvocationTargetException
	at java.base/jdk.internal.reflect.NativeConstructorAccessorImpl.newInstance0(Native Method)
	at java.base/jdk.internal.reflect.NativeConstructorAccessorImpl.newInstance(NativeConstructorAccessorImpl.java:62)
	at java.base/jdk.internal.reflect.DelegatingConstructorAccessorImpl.newInstance(DelegatingConstructorAccessorImpl.java:45)
	at java.base/java.lang.reflect.Constructor.newInstance(Constructor.java:490)
	at ptolemy.util.test.junit.AutoKnownFailedTests.RunModel(AutoKnownFailedTests.java:105)
	at java.base/jdk.internal.reflect.NativeMethodAccessorImpl.invoke0(Native Method)
	at java.base/jdk.internal.reflect.NativeMethodAccessorImpl.invoke(NativeMethodAccessorImpl.java:62)
	at java.base/jdk.internal.reflect.DelegatingMethodAccessorImpl.invoke(DelegatingMethodAccessorImpl.java:43)
	at java.base/java.lang.reflect.Method.invoke(Method.java:566)
	at org.junit.runners.model.FrameworkMethod$1.runReflectiveCall(FrameworkMethod.java:44)
	at org.junit.internal.runners.model.ReflectiveCallable.run(ReflectiveCallable.java:15)
	at org.junit.runners.model.FrameworkMethod.invokeExplosively(FrameworkMethod.java:41)
	at junitparams.internal.InvokeParameterisedMethod.evaluate(InvokeParameterisedMethod.java:102)
	at org.junit.internal.runners.statements.FailOnTimeout$1.run(FailOnTimeout.java:28)
Caused by: ptolemy.kernel.util.IllegalActionException: Actor is not ready to fire.  Perhaps UpSample.prefire() returned false? Try debugging the actor by selecting "Listen to Actor".  Also, for SDF check moml for tokenConsumptionRate on input.
  in .DESDFClockTest.Play Bell.Copy1:SDF Director and .DESDFClockTest.Play Bell.UpSample
	at ptolemy.actor.sched.StaticSchedulingDirector.fire(StaticSchedulingDirector.java:227)
	at ptolemy.domains.sdf.kernel.SDFDirector.fire(SDFDirector.java:500)
	at ptolemy.actor.CompositeActor.fire(CompositeActor.java:455)
	at ptolemy.domains.de.kernel.DEDirector._fire(DEDirector.java:1949)
	at ptolemy.domains.de.kernel.DEDirector.fire(DEDirector.java:502)
	at ptolemy.actor.CompositeActor.fire(CompositeActor.java:455)
	at ptolemy.actor.Manager.iterate(Manager.java:851)
	at ptolemy.actor.Manager.execute(Manager.java:369)
	at ptolemy.actor.Manager.run(Manager.java:1263)
	at ptolemy.actor.Manager$PtolemyRunThread.run(Manager.java:1933)
java.lang.RuntimeException: Execution failed
	at ptolemy.moml.MoMLSimpleApplication$UnloadThread.run(MoMLSimpleApplication.java:402)
Caused by: ptolemy.kernel.util.IllegalActionException: Test fails in iteration 1.
Value was: 1.0. Should have been: 2.0
  in .DirectFeedback.Test
	at ptolemy.actor.lib.Test.fire(Test.java:268)
	at ptolemy.domains.de.kernel.DEDirector._fire(DEDirector.java:1949)
	at ptolemy.domains.de.kernel.DEDirector.fire(DEDirector.java:502)
	at ptolemy.actor.CompositeActor.fire(CompositeActor.java:455)
	at ptolemy.actor.Manager.iterate(Manager.java:851)
	at ptolemy.actor.Manager.execute(Manager.java:369)
	at ptolemy.actor.Manager.run(Manager.java:1263)
	at ptolemy.actor.Manager$PtolemyRunThread.run(Manager.java:1933)
java.lang.reflect.InvocationTargetException
	at java.base/jdk.internal.reflect.NativeConstructorAccessorImpl.newInstance0(Native Method)
	at java.base/jdk.internal.reflect.NativeConstructorAccessorImpl.newInstance(NativeConstructorAccessorImpl.java:62)
	at java.base/jdk.internal.reflect.DelegatingConstructorAccessorImpl.newInstance(DelegatingConstructorAccessorImpl.java:45)
	at java.base/java.lang.reflect.Constructor.newInstance(Constructor.java:490)
	at ptolemy.util.test.junit.AutoKnownFailedTests.RunModel(AutoKnownFailedTests.java:105)
	at java.base/jdk.internal.reflect.NativeMethodAccessorImpl.invoke0(Native Method)
	at java.base/jdk.internal.reflect.NativeMethodAccessorImpl.invoke(NativeMethodAccessorImpl.java:62)
	at java.base/jdk.internal.reflect.DelegatingMethodAccessorImpl.invoke(DelegatingMethodAccessorImpl.java:43)
	at java.base/java.lang.reflect.Method.invoke(Method.java:566)
	at org.junit.runners.model.FrameworkMethod$1.runReflectiveCall(FrameworkMethod.java:44)
	at org.junit.internal.runners.model.ReflectiveCallable.run(ReflectiveCallable.java:15)
	at org.junit.runners.model.FrameworkMethod.invokeExplosively(FrameworkMethod.java:41)
	at junitparams.internal.InvokeParameterisedMethod.evaluate(InvokeParameterisedMethod.java:102)
	at org.junit.internal.runners.statements.FailOnTimeout$1.run(FailOnTimeout.java:28)
Caused by: ptolemy.kernel.util.IllegalActionException: Test fails in iteration 1.
Value was: 1.0. Should have been: 2.0
  in .DirectFeedback.Test
	at ptolemy.actor.lib.Test.fire(Test.java:268)
	at ptolemy.domains.de.kernel.DEDirector._fire(DEDirector.java:1949)
	at ptolemy.domains.de.kernel.DEDirector.fire(DEDirector.java:502)
	at ptolemy.actor.CompositeActor.fire(CompositeActor.java:455)
	at ptolemy.actor.Manager.iterate(Manager.java:851)
	at ptolemy.actor.Manager.execute(Manager.java:369)
	at ptolemy.actor.Manager.run(Manager.java:1263)
	at ptolemy.actor.Manager$PtolemyRunThread.run(Manager.java:1933)
java.lang.RuntimeException: Execution failed
	at ptolemy.moml.MoMLSimpleApplication$UnloadThread.run(MoMLSimpleApplication.java:402)
Caused by: ptolemy.kernel.util.IllegalActionException: Found a zero delay loop containing .HierarchicalModel.A
  in .HierarchicalModel and .HierarchicalModel.A
	at ptolemy.actor.util.CausalityInterfaceForComposites._computeOutputPortDepth(CausalityInterfaceForComposites.java:759)
	at ptolemy.actor.util.CausalityInterfaceForComposites._computeInputDepth(CausalityInterfaceForComposites.java:696)
	at ptolemy.actor.util.CausalityInterfaceForComposites._computeOutputPortDepth(CausalityInterfaceForComposites.java:765)
	at ptolemy.actor.util.CausalityInterfaceForComposites._computeInputDepth(CausalityInterfaceForComposites.java:696)
	at ptolemy.actor.util.CausalityInterfaceForComposites._computeOutputPortDepth(CausalityInterfaceForComposites.java:765)
	at ptolemy.actor.util.CausalityInterfaceForComposites._computeInputDepth(CausalityInterfaceForComposites.java:696)
	at ptolemy.actor.util.CausalityInterfaceForComposites._computeActorDepth(CausalityInterfaceForComposites.java:532)
	at ptolemy.actor.util.CausalityInterfaceForComposites.checkForCycles(CausalityInterfaceForComposites.java:96)
	at ptolemy.domains.de.kernel.DEDirector.preinitialize(DEDirector.java:1338)
	at ptolemy.actor.CompositeActor.preinitialize(CompositeActor.java:1828)
	at ptolemy.actor.Manager.preinitializeAndResolveTypes(Manager.java:1040)
	at ptolemy.actor.Manager.initialize(Manager.java:710)
	at ptolemy.actor.Manager.execute(Manager.java:356)
	at ptolemy.actor.Manager.run(Manager.java:1263)
	at ptolemy.actor.Manager$PtolemyRunThread.run(Manager.java:1933)
java.lang.reflect.InvocationTargetException
	at java.base/jdk.internal.reflect.NativeConstructorAccessorImpl.newInstance0(Native Method)
	at java.base/jdk.internal.reflect.NativeConstructorAccessorImpl.newInstance(NativeConstructorAccessorImpl.java:62)
	at java.base/jdk.internal.reflect.DelegatingConstructorAccessorImpl.newInstance(DelegatingConstructorAccessorImpl.java:45)
	at java.base/java.lang.reflect.Constructor.newInstance(Constructor.java:490)
	at ptolemy.util.test.junit.AutoKnownFailedTests.RunModel(AutoKnownFailedTests.java:105)
	at java.base/jdk.internal.reflect.NativeMethodAccessorImpl.invoke0(Native Method)
	at java.base/jdk.internal.reflect.NativeMethodAccessorImpl.invoke(NativeMethodAccessorImpl.java:62)
	at java.base/jdk.internal.reflect.DelegatingMethodAccessorImpl.invoke(DelegatingMethodAccessorImpl.java:43)
	at java.base/java.lang.reflect.Method.invoke(Method.java:566)
	at org.junit.runners.model.FrameworkMethod$1.runReflectiveCall(FrameworkMethod.java:44)
	at org.junit.internal.runners.model.ReflectiveCallable.run(ReflectiveCallable.java:15)
	at org.junit.runners.model.FrameworkMethod.invokeExplosively(FrameworkMethod.java:41)
	at junitparams.internal.InvokeParameterisedMethod.evaluate(InvokeParameterisedMethod.java:102)
	at org.junit.internal.runners.statements.FailOnTimeout$1.run(FailOnTimeout.java:28)
Caused by: ptolemy.kernel.util.IllegalActionException: Found a zero delay loop containing .HierarchicalModel.A
  in .HierarchicalModel and .HierarchicalModel.A
	at ptolemy.actor.util.CausalityInterfaceForComposites._computeOutputPortDepth(CausalityInterfaceForComposites.java:759)
	at ptolemy.actor.util.CausalityInterfaceForComposites._computeInputDepth(CausalityInterfaceForComposites.java:696)
	at ptolemy.actor.util.CausalityInterfaceForComposites._computeOutputPortDepth(CausalityInterfaceForComposites.java:765)
	at ptolemy.actor.util.CausalityInterfaceForComposites._computeInputDepth(CausalityInterfaceForComposites.java:696)
	at ptolemy.actor.util.CausalityInterfaceForComposites._computeOutputPortDepth(CausalityInterfaceForComposites.java:765)
	at ptolemy.actor.util.CausalityInterfaceForComposites._computeInputDepth(CausalityInterfaceForComposites.java:696)
	at ptolemy.actor.util.CausalityInterfaceForComposites._computeActorDepth(CausalityInterfaceForComposites.java:532)
	at ptolemy.actor.util.CausalityInterfaceForComposites.checkForCycles(CausalityInterfaceForComposites.java:96)
	at ptolemy.domains.de.kernel.DEDirector.preinitialize(DEDirector.java:1338)
	at ptolemy.actor.CompositeActor.preinitialize(CompositeActor.java:1828)
	at ptolemy.actor.Manager.preinitializeAndResolveTypes(Manager.java:1040)
	at ptolemy.actor.Manager.initialize(Manager.java:710)
	at ptolemy.actor.Manager.execute(Manager.java:356)
	at ptolemy.actor.Manager.run(Manager.java:1263)
	at ptolemy.actor.Manager$PtolemyRunThread.run(Manager.java:1933)
java.lang.RuntimeException: Execution failed
	at ptolemy.moml.MoMLSimpleApplication$UnloadThread.run(MoMLSimpleApplication.java:402)
Caused by: ptolemy.kernel.util.IllegalActionException: Found a zero delay loop containing .dependencyLoop.original
  in .dependencyLoop and .dependencyLoop.original
	at ptolemy.actor.util.CausalityInterfaceForComposites._computeOutputPortDepth(CausalityInterfaceForComposites.java:759)
	at ptolemy.actor.util.CausalityInterfaceForComposites._computeInputDepth(CausalityInterfaceForComposites.java:696)
	at ptolemy.actor.util.CausalityInterfaceForComposites._computeOutputPortDepth(CausalityInterfaceForComposites.java:765)
	at ptolemy.actor.util.CausalityInterfaceForComposites._computeInputDepth(CausalityInterfaceForComposites.java:696)
	at ptolemy.actor.util.CausalityInterfaceForComposites._computeOutputPortDepth(CausalityInterfaceForComposites.java:765)
	at ptolemy.actor.util.CausalityInterfaceForComposites._computeInputDepth(CausalityInterfaceForComposites.java:696)
	at ptolemy.actor.util.CausalityInterfaceForComposites._computeActorDepth(CausalityInterfaceForComposites.java:532)
	at ptolemy.actor.util.CausalityInterfaceForComposites.checkForCycles(CausalityInterfaceForComposites.java:96)
	at ptolemy.domains.de.kernel.DEDirector.preinitialize(DEDirector.java:1338)
	at ptolemy.actor.CompositeActor.preinitialize(CompositeActor.java:1828)
	at ptolemy.actor.Manager.preinitializeAndResolveTypes(Manager.java:1040)
	at ptolemy.actor.Manager.initialize(Manager.java:710)
	at ptolemy.actor.Manager.execute(Manager.java:356)
	at ptolemy.actor.Manager.run(Manager.java:1263)
	at ptolemy.actor.Manager$PtolemyRunThread.run(Manager.java:1933)
java.lang.reflect.InvocationTargetException
	at java.base/jdk.internal.reflect.NativeConstructorAccessorImpl.newInstance0(Native Method)
	at java.base/jdk.internal.reflect.NativeConstructorAccessorImpl.newInstance(NativeConstructorAccessorImpl.java:62)
	at java.base/jdk.internal.reflect.DelegatingConstructorAccessorImpl.newInstance(DelegatingConstructorAccessorImpl.java:45)
	at java.base/java.lang.reflect.Constructor.newInstance(Constructor.java:490)
	at ptolemy.util.test.junit.AutoKnownFailedTests.RunModel(AutoKnownFailedTests.java:105)
	at java.base/jdk.internal.reflect.NativeMethodAccessorImpl.invoke0(Native Method)
	at java.base/jdk.internal.reflect.NativeMethodAccessorImpl.invoke(NativeMethodAccessorImpl.java:62)
	at java.base/jdk.internal.reflect.DelegatingMethodAccessorImpl.invoke(DelegatingMethodAccessorImpl.java:43)
	at java.base/java.lang.reflect.Method.invoke(Method.java:566)
	at org.junit.runners.model.FrameworkMethod$1.runReflectiveCall(FrameworkMethod.java:44)
	at org.junit.internal.runners.model.ReflectiveCallable.run(ReflectiveCallable.java:15)
	at org.junit.runners.model.FrameworkMethod.invokeExplosively(FrameworkMethod.java:41)
	at junitparams.internal.InvokeParameterisedMethod.evaluate(InvokeParameterisedMethod.java:102)
	at org.junit.internal.runners.statements.FailOnTimeout$1.run(FailOnTimeout.java:28)
Caused by: ptolemy.kernel.util.IllegalActionException: Found a zero delay loop containing .dependencyLoop.original
  in .dependencyLoop and .dependencyLoop.original
	at ptolemy.actor.util.CausalityInterfaceForComposites._computeOutputPortDepth(CausalityInterfaceForComposites.java:759)
	at ptolemy.actor.util.CausalityInterfaceForComposites._computeInputDepth(CausalityInterfaceForComposites.java:696)
	at ptolemy.actor.util.CausalityInterfaceForComposites._computeOutputPortDepth(CausalityInterfaceForComposites.java:765)
	at ptolemy.actor.util.CausalityInterfaceForComposites._computeInputDepth(CausalityInterfaceForComposites.java:696)
	at ptolemy.actor.util.CausalityInterfaceForComposites._computeOutputPortDepth(CausalityInterfaceForComposites.java:765)
	at ptolemy.actor.util.CausalityInterfaceForComposites._computeInputDepth(CausalityInterfaceForComposites.java:696)
	at ptolemy.actor.util.CausalityInterfaceForComposites._computeActorDepth(CausalityInterfaceForComposites.java:532)
	at ptolemy.actor.util.CausalityInterfaceForComposites.checkForCycles(CausalityInterfaceForComposites.java:96)
	at ptolemy.domains.de.kernel.DEDirector.preinitialize(DEDirector.java:1338)
	at ptolemy.actor.CompositeActor.preinitialize(CompositeActor.java:1828)
	at ptolemy.actor.Manager.preinitializeAndResolveTypes(Manager.java:1040)
	at ptolemy.actor.Manager.initialize(Manager.java:710)
	at ptolemy.actor.Manager.execute(Manager.java:356)
	at ptolemy.actor.Manager.run(Manager.java:1263)
	at ptolemy.actor.Manager$PtolemyRunThread.run(Manager.java:1933)
java.lang.RuntimeException: Execution failed
	at ptolemy.moml.MoMLSimpleApplication$UnloadThread.run(MoMLSimpleApplication.java:402)
Caused by: ptolemy.kernel.util.IllegalActionException: Found a zero delay loop containing .dependencyLoop2.original
  in .dependencyLoop2 and .dependencyLoop2.original
	at ptolemy.actor.util.CausalityInterfaceForComposites._computeOutputPortDepth(CausalityInterfaceForComposites.java:759)
	at ptolemy.actor.util.CausalityInterfaceForComposites._computeInputDepth(CausalityInterfaceForComposites.java:696)
	at ptolemy.actor.util.CausalityInterfaceForComposites._computeOutputPortDepth(CausalityInterfaceForComposites.java:765)
	at ptolemy.actor.util.CausalityInterfaceForComposites._computeInputDepth(CausalityInterfaceForComposites.java:696)
	at ptolemy.actor.util.CausalityInterfaceForComposites._computeOutputPortDepth(CausalityInterfaceForComposites.java:765)
	at ptolemy.actor.util.CausalityInterfaceForComposites._computeInputDepth(CausalityInterfaceForComposites.java:696)
	at ptolemy.actor.util.CausalityInterfaceForComposites._computeActorDepth(CausalityInterfaceForComposites.java:532)
	at ptolemy.actor.util.CausalityInterfaceForComposites.checkForCycles(CausalityInterfaceForComposites.java:96)
	at ptolemy.domains.de.kernel.DEDirector.preinitialize(DEDirector.java:1338)
	at ptolemy.actor.CompositeActor.preinitialize(CompositeActor.java:1828)
	at ptolemy.actor.Manager.preinitializeAndResolveTypes(Manager.java:1040)
	at ptolemy.actor.Manager.initialize(Manager.java:710)
	at ptolemy.actor.Manager.execute(Manager.java:356)
	at ptolemy.actor.Manager.run(Manager.java:1263)
	at ptolemy.actor.Manager$PtolemyRunThread.run(Manager.java:1933)
java.lang.reflect.InvocationTargetException
	at java.base/jdk.internal.reflect.NativeConstructorAccessorImpl.newInstance0(Native Method)
	at java.base/jdk.internal.reflect.NativeConstructorAccessorImpl.newInstance(NativeConstructorAccessorImpl.java:62)
	at java.base/jdk.internal.reflect.DelegatingConstructorAccessorImpl.newInstance(DelegatingConstructorAccessorImpl.java:45)
	at java.base/java.lang.reflect.Constructor.newInstance(Constructor.java:490)
	at ptolemy.util.test.junit.AutoKnownFailedTests.RunModel(AutoKnownFailedTests.java:105)
	at java.base/jdk.internal.reflect.NativeMethodAccessorImpl.invoke0(Native Method)
	at java.base/jdk.internal.reflect.NativeMethodAccessorImpl.invoke(NativeMethodAccessorImpl.java:62)
	at java.base/jdk.internal.reflect.DelegatingMethodAccessorImpl.invoke(DelegatingMethodAccessorImpl.java:43)
	at java.base/java.lang.reflect.Method.invoke(Method.java:566)
	at org.junit.runners.model.FrameworkMethod$1.runReflectiveCall(FrameworkMethod.java:44)
	at org.junit.internal.runners.model.ReflectiveCallable.run(ReflectiveCallable.java:15)
	at org.junit.runners.model.FrameworkMethod.invokeExplosively(FrameworkMethod.java:41)
	at junitparams.internal.InvokeParameterisedMethod.evaluate(InvokeParameterisedMethod.java:102)
	at org.junit.internal.runners.statements.FailOnTimeout$1.run(FailOnTimeout.java:28)
Caused by: ptolemy.kernel.util.IllegalActionException: Found a zero delay loop containing .dependencyLoop2.original
  in .dependencyLoop2 and .dependencyLoop2.original
	at ptolemy.actor.util.CausalityInterfaceForComposites._computeOutputPortDepth(CausalityInterfaceForComposites.java:759)
	at ptolemy.actor.util.CausalityInterfaceForComposites._computeInputDepth(CausalityInterfaceForComposites.java:696)
	at ptolemy.actor.util.CausalityInterfaceForComposites._computeOutputPortDepth(CausalityInterfaceForComposites.java:765)
	at ptolemy.actor.util.CausalityInterfaceForComposites._computeInputDepth(CausalityInterfaceForComposites.java:696)
	at ptolemy.actor.util.CausalityInterfaceForComposites._computeOutputPortDepth(CausalityInterfaceForComposites.java:765)
	at ptolemy.actor.util.CausalityInterfaceForComposites._computeInputDepth(CausalityInterfaceForComposites.java:696)
	at ptolemy.actor.util.CausalityInterfaceForComposites._computeActorDepth(CausalityInterfaceForComposites.java:532)
	at ptolemy.actor.util.CausalityInterfaceForComposites.checkForCycles(CausalityInterfaceForComposites.java:96)
	at ptolemy.domains.de.kernel.DEDirector.preinitialize(DEDirector.java:1338)
	at ptolemy.actor.CompositeActor.preinitialize(CompositeActor.java:1828)
	at ptolemy.actor.Manager.preinitializeAndResolveTypes(Manager.java:1040)
	at ptolemy.actor.Manager.initialize(Manager.java:710)
	at ptolemy.actor.Manager.execute(Manager.java:356)
	at ptolemy.actor.Manager.run(Manager.java:1263)
	at ptolemy.actor.Manager$PtolemyRunThread.run(Manager.java:1933)
]]></system-err>
</testsuite>
