<?xml version="1.0" encoding="UTF-8" ?>
<testsuite errors="0" failures="0" hostname="travis-job-60c5b66a-bdb9-4b40-9ed5-3811613011c6" name="ptolemy.actor.lib.hoc.test.junit.JUnitTclTest" skipped="0" tests="58" time="33.28" timestamp="2019-07-17T04:55:27">
  <properties>
[...]
</properties>
  <testcase classname="ptolemy.util.test.junit.TclTests" name="[0] /home/travis/build/icyphy/ptII/ptolemy/actor/lib/hoc/test/IterateOverArray.tcl (RunTclFile)" time="0.344" />
  <testcase classname="ptolemy.util.test.junit.AutoKnownFailedTests" name="[0] /home/travis/build/icyphy/ptII/ptolemy/actor/lib/hoc/test/auto/knownFailedTests/PreinitializeMustBeInvokedRunComposite.xml (RunModel)" time="0.341" />
  <testcase classname="ptolemy.util.test.junit.AutoNameArchTests" name="[0] ThereAreNoAutoArchTests (RunModel)" time="0.005" />
  <testcase classname="ptolemy.util.test.junit.AutoTests" name="[0] /home/travis/build/icyphy/ptII/ptolemy/actor/lib/hoc/test/auto/AllToAllMultiInstanceComposite.xml (RunModel)" time="0.431" />
  <testcase classname="ptolemy.util.test.junit.AutoTests" name="[1] /home/travis/build/icyphy/ptII/ptolemy/actor/lib/hoc/test/auto/ApplyFFTTest.xml (RunModel)" time="0.334" />
  <testcase classname="ptolemy.util.test.junit.AutoTests" name="[2] /home/travis/build/icyphy/ptII/ptolemy/actor/lib/hoc/test/auto/ApplyFunction.xml (RunModel)" time="0.065" />
  <testcase classname="ptolemy.util.test.junit.AutoTests" name="[3] /home/travis/build/icyphy/ptII/ptolemy/actor/lib/hoc/test/auto/BackgroundExecution.xml (RunModel)" time="0.772" />
  <testcase classname="ptolemy.util.test.junit.AutoTests" name="[4] /home/travis/build/icyphy/ptII/ptolemy/actor/lib/hoc/test/auto/Case.xml (RunModel)" time="0.1" />
  <testcase classname="ptolemy.util.test.junit.AutoTests" name="[5] /home/travis/build/icyphy/ptII/ptolemy/actor/lib/hoc/test/auto/Case1.xml (RunModel)" time="0.089" />
  <testcase classname="ptolemy.util.test.junit.AutoTests" name="[6] /home/travis/build/icyphy/ptII/ptolemy/actor/lib/hoc/test/auto/Case2.xml (RunModel)" time="0.096" />
  <testcase classname="ptolemy.util.test.junit.AutoTests" name="[7] /home/travis/build/icyphy/ptII/ptolemy/actor/lib/hoc/test/auto/Case3.xml (RunModel)" time="0.072" />
  <testcase classname="ptolemy.util.test.junit.AutoTests" name="[8] /home/travis/build/icyphy/ptII/ptolemy/actor/lib/hoc/test/auto/Case4.xml (RunModel)" time="0.075" />
  <testcase classname="ptolemy.util.test.junit.AutoTests" name="[9] /home/travis/build/icyphy/ptII/ptolemy/actor/lib/hoc/test/auto/Case5.xml (RunModel)" time="0.098" />
  <testcase classname="ptolemy.util.test.junit.AutoTests" name="[10] /home/travis/build/icyphy/ptII/ptolemy/actor/lib/hoc/test/auto/Case6.xml (RunModel)" time="0.122" />
  <testcase classname="ptolemy.util.test.junit.AutoTests" name="[11] /home/travis/build/icyphy/ptII/ptolemy/actor/lib/hoc/test/auto/CaseString2.xml (RunModel)" time="0.052" />
  <testcase classname="ptolemy.util.test.junit.AutoTests" name="[12] /home/travis/build/icyphy/ptII/ptolemy/actor/lib/hoc/test/auto/CatchUpComposite1.xml (RunModel)" time="0.098" />
  <testcase classname="ptolemy.util.test.junit.AutoTests" name="[13] /home/travis/build/icyphy/ptII/ptolemy/actor/lib/hoc/test/auto/CatchUpComposite2.xml (RunModel)" time="0.068" />
  <testcase classname="ptolemy.util.test.junit.AutoTests" name="[14] /home/travis/build/icyphy/ptII/ptolemy/actor/lib/hoc/test/auto/CatchUpComposite3.xml (RunModel)" time="0.08" />
  <testcase classname="ptolemy.util.test.junit.AutoTests" name="[15] /home/travis/build/icyphy/ptII/ptolemy/actor/lib/hoc/test/auto/CatchUpComposite4.xml (RunModel)" time="0.074" />
  <testcase classname="ptolemy.util.test.junit.AutoTests" name="[16] /home/travis/build/icyphy/ptII/ptolemy/actor/lib/hoc/test/auto/CatchUpComposite5.xml (RunModel)" time="0.032" />
  <testcase classname="ptolemy.util.test.junit.AutoTests" name="[17] /home/travis/build/icyphy/ptII/ptolemy/actor/lib/hoc/test/auto/CatchUpComposite6.xml (RunModel)" time="0.187" />
  <testcase classname="ptolemy.util.test.junit.AutoTests" name="[18] /home/travis/build/icyphy/ptII/ptolemy/actor/lib/hoc/test/auto/CatchUpComposite7.xml (RunModel)" time="0.082" />
  <testcase classname="ptolemy.util.test.junit.AutoTests" name="[19] /home/travis/build/icyphy/ptII/ptolemy/actor/lib/hoc/test/auto/ConcurrentExecutionTimeSDF.xml (RunModel)" time="1.173" />
  <testcase classname="ptolemy.util.test.junit.AutoTests" name="[20] /home/travis/build/icyphy/ptII/ptolemy/actor/lib/hoc/test/auto/ConcurrentSleep.xml (RunModel)" time="0.797" />
  <testcase classname="ptolemy.util.test.junit.AutoTests" name="[21] /home/travis/build/icyphy/ptII/ptolemy/actor/lib/hoc/test/auto/DEInPNInRunCompositeActor.xml (RunModel)" time="0.032" />
  <testcase classname="ptolemy.util.test.junit.AutoTests" name="[22] /home/travis/build/icyphy/ptII/ptolemy/actor/lib/hoc/test/auto/DFTSubSetTest.xml (RunModel)" time="0.317" />
  <testcase classname="ptolemy.util.test.junit.AutoTests" name="[23] /home/travis/build/icyphy/ptII/ptolemy/actor/lib/hoc/test/auto/HocDE.xml (RunModel)" time="0.227" />
  <testcase classname="ptolemy.util.test.junit.AutoTests" name="[24] /home/travis/build/icyphy/ptII/ptolemy/actor/lib/hoc/test/auto/IterateOverArray.xml (RunModel)" time="0.024" />
  <testcase classname="ptolemy.util.test.junit.AutoTests" name="[25] /home/travis/build/icyphy/ptII/ptolemy/actor/lib/hoc/test/auto/IterateOverArray10.xml (RunModel)" time="0.023" />
  <testcase classname="ptolemy.util.test.junit.AutoTests" name="[26] /home/travis/build/icyphy/ptII/ptolemy/actor/lib/hoc/test/auto/IterateOverArray11.xml (RunModel)" time="0.04" />
  <testcase classname="ptolemy.util.test.junit.AutoTests" name="[27] /home/travis/build/icyphy/ptII/ptolemy/actor/lib/hoc/test/auto/IterateOverArray12.xml (RunModel)" time="0.073" />
  <testcase classname="ptolemy.util.test.junit.AutoTests" name="[28] /home/travis/build/icyphy/ptII/ptolemy/actor/lib/hoc/test/auto/IterateOverArray13.xml (RunModel)" time="0.191" />
  <testcase classname="ptolemy.util.test.junit.AutoTests" name="[29] /home/travis/build/icyphy/ptII/ptolemy/actor/lib/hoc/test/auto/IterateOverArray14.xml (RunModel)" time="0.193" />
  <testcase classname="ptolemy.util.test.junit.AutoTests" name="[30] /home/travis/build/icyphy/ptII/ptolemy/actor/lib/hoc/test/auto/IterateOverArray2.xml (RunModel)" time="0.034" />
  <testcase classname="ptolemy.util.test.junit.AutoTests" name="[31] /home/travis/build/icyphy/ptII/ptolemy/actor/lib/hoc/test/auto/IterateOverArray3.xml (RunModel)" time="0.057" />
  <testcase classname="ptolemy.util.test.junit.AutoTests" name="[32] /home/travis/build/icyphy/ptII/ptolemy/actor/lib/hoc/test/auto/IterateOverArray4.xml (RunModel)" time="0.027" />
  <testcase classname="ptolemy.util.test.junit.AutoTests" name="[33] /home/travis/build/icyphy/ptII/ptolemy/actor/lib/hoc/test/auto/IterateOverArray5.xml (RunModel)" time="0.023" />
  <testcase classname="ptolemy.util.test.junit.AutoTests" name="[34] /home/travis/build/icyphy/ptII/ptolemy/actor/lib/hoc/test/auto/IterateOverArray6.xml (RunModel)" time="0.024" />
  <testcase classname="ptolemy.util.test.junit.AutoTests" name="[35] /home/travis/build/icyphy/ptII/ptolemy/actor/lib/hoc/test/auto/IterateOverArray7.xml (RunModel)" time="0.018" />
  <testcase classname="ptolemy.util.test.junit.AutoTests" name="[36] /home/travis/build/icyphy/ptII/ptolemy/actor/lib/hoc/test/auto/IterateOverArray8.xml (RunModel)" time="0.025" />
  <testcase classname="ptolemy.util.test.junit.AutoTests" name="[37] /home/travis/build/icyphy/ptII/ptolemy/actor/lib/hoc/test/auto/IterateOverArray9.xml (RunModel)" time="0.028" />
  <testcase classname="ptolemy.util.test.junit.AutoTests" name="[38] /home/travis/build/icyphy/ptII/ptolemy/actor/lib/hoc/test/auto/IterateOverArrayCoercedOutputType.xml (RunModel)" time="0.04" />
  <testcase classname="ptolemy.util.test.junit.AutoTests" name="[39] /home/travis/build/icyphy/ptII/ptolemy/actor/lib/hoc/test/auto/IterateOverArrayInferredOutputType.xml (RunModel)" time="0.029" />
  <testcase classname="ptolemy.util.test.junit.AutoTests" name="[40] /home/travis/build/icyphy/ptII/ptolemy/actor/lib/hoc/test/auto/MobileFunctionTest.xml (RunModel)" time="0.027" />
  <testcase classname="ptolemy.util.test.junit.AutoTests" name="[41] /home/travis/build/icyphy/ptII/ptolemy/actor/lib/hoc/test/auto/MobileModelTest.xml (RunModel)" time="0.201" />
  <testcase classname="ptolemy.util.test.junit.AutoTests" name="[42] /home/travis/build/icyphy/ptII/ptolemy/actor/lib/hoc/test/auto/ModelReference.xml (RunModel)" time="0.065" />
  <testcase classname="ptolemy.util.test.junit.AutoTests" name="[43] /home/travis/build/icyphy/ptII/ptolemy/actor/lib/hoc/test/auto/ModelReference3.xml (RunModel)" time="0.049" />
  <testcase classname="ptolemy.util.test.junit.AutoTests" name="[44] /home/travis/build/icyphy/ptII/ptolemy/actor/lib/hoc/test/auto/ModelReference4.xml (RunModel)" time="10.032" />
  <testcase classname="ptolemy.util.test.junit.AutoTests" name="[45] /home/travis/build/icyphy/ptII/ptolemy/actor/lib/hoc/test/auto/MultiInstanceComposite.xml (RunModel)" time="0.059" />
  <testcase classname="ptolemy.util.test.junit.AutoTests" name="[46] /home/travis/build/icyphy/ptII/ptolemy/actor/lib/hoc/test/auto/MultiInstanceComposite2.xml (RunModel)" time="0.05" />
  <testcase classname="ptolemy.util.test.junit.AutoTests" name="[47] /home/travis/build/icyphy/ptII/ptolemy/actor/lib/hoc/test/auto/MulticoreExecution.xml (RunModel)" time="1.098" />
  <testcase classname="ptolemy.util.test.junit.AutoTests" name="[48] /home/travis/build/icyphy/ptII/ptolemy/actor/lib/hoc/test/auto/ParallelExecution.xml (RunModel)" time="0.942" />
  <testcase classname="ptolemy.util.test.junit.AutoTests" name="[49] /home/travis/build/icyphy/ptII/ptolemy/actor/lib/hoc/test/auto/RunCompositeActor.xml (RunModel)" time="0.025" />
  <testcase classname="ptolemy.util.test.junit.AutoTests" name="[50] /home/travis/build/icyphy/ptII/ptolemy/actor/lib/hoc/test/auto/RunCompositeActor2.xml (RunModel)" time="0.022" />
  <testcase classname="ptolemy.util.test.junit.AutoTests" name="[51] /home/travis/build/icyphy/ptII/ptolemy/actor/lib/hoc/test/auto/RunCompositeActor3.xml (RunModel)" time="0.026" />
  <testcase classname="ptolemy.util.test.junit.AutoTests" name="[52] /home/travis/build/icyphy/ptII/ptolemy/actor/lib/hoc/test/auto/RunCompositeActor4.xml (RunModel)" time="0.028" />
  <testcase classname="ptolemy.util.test.junit.AutoTests" name="[53] /home/travis/build/icyphy/ptII/ptolemy/actor/lib/hoc/test/auto/RunCompositeIterateOverArray.xml (RunModel)" time="0.052" />
  <testcase classname="ptolemy.util.test.junit.AutoTests" name="[54] /home/travis/build/icyphy/ptII/ptolemy/actor/lib/hoc/test/auto/ThreadedJS.xml (RunModel)" time="12.815" />
  <system-out><![CDATA[/home/travis/build/icyphy/ptII/ptolemy/actor/lib/hoc/test/IterateOverArray.tcl
testDefs.tcl: setting time out to 9000 seconds at Wed Jul 17 04:55:27 UTC 2019
07/17/19 04:55:27
Failed: 0  Total Tests: 2  ((Passed: 2, Newly Passed: 0)  Known Failed: 0) /home/travis/build/icyphy/ptII/ptolemy/actor/lib/hoc/test
----------------- testing (KnownFailure) /home/travis/build/icyphy/ptII/ptolemy/actor/lib/hoc/test/auto/knownFailedTests/PreinitializeMustBeInvokedRunComposite.xml
79 ms. Memory: 120832K Free: 79297K (66%)
Known Failure: java.lang.reflect.InvocationTargetException
No auto/linux-amd64/*.xml tests in /home/travis/build/icyphy/ptII/ptolemy/actor/lib/hoc/test
AutoTests.java: About to close Vertx.
AutoTests.java: Vertx closed.

===========================================================================================
----------------- testing Wed Jul 17 04:55:28 UTC 2019 /home/travis/build/icyphy/ptII/ptolemy/actor/lib/hoc/test/auto/AllToAllMultiInstanceComposite.xml
----------------- Instantiating /home/travis/build/icyphy/ptII/ptolemy/actor/lib/hoc/test/auto/AllToAllMultiInstanceComposite.xml
199 ms. Memory: 120832K Free: 98712K (82%)
----------------- Invoking toplevel() on ptolemy.moml.MoMLSimpleApplication@210e5833
----------------- Done invoking toplevel() on ptolemy.moml.MoMLSimpleApplication@210e5833
reloadAllAccessors: .AllToAllMultiInstanceComposite

===========================================================================================
----------------- testing Wed Jul 17 04:55:28 UTC 2019 /home/travis/build/icyphy/ptII/ptolemy/actor/lib/hoc/test/auto/ApplyFFTTest.xml
----------------- Instantiating /home/travis/build/icyphy/ptII/ptolemy/actor/lib/hoc/test/auto/ApplyFFTTest.xml
132 ms. Memory: 120832K Free: 80310K (66%)
----------------- Invoking toplevel() on ptolemy.moml.MoMLSimpleApplication@2fc98076
----------------- Done invoking toplevel() on ptolemy.moml.MoMLSimpleApplication@2fc98076
reloadAllAccessors: .ApplyFFTTest

===========================================================================================
----------------- testing Wed Jul 17 04:55:29 UTC 2019 /home/travis/build/icyphy/ptII/ptolemy/actor/lib/hoc/test/auto/ApplyFunction.xml
----------------- Instantiating /home/travis/build/icyphy/ptII/ptolemy/actor/lib/hoc/test/auto/ApplyFunction.xml
6 ms. Memory: 120832K Free: 106604K (88%)
----------------- Invoking toplevel() on ptolemy.moml.MoMLSimpleApplication@3383792f
----------------- Done invoking toplevel() on ptolemy.moml.MoMLSimpleApplication@3383792f
reloadAllAccessors: .ApplyFunction

===========================================================================================
----------------- testing Wed Jul 17 04:55:29 UTC 2019 /home/travis/build/icyphy/ptII/ptolemy/actor/lib/hoc/test/auto/BackgroundExecution.xml
----------------- Instantiating /home/travis/build/icyphy/ptII/ptolemy/actor/lib/hoc/test/auto/BackgroundExecution.xml
643 ms. Memory: 120832K Free: 99149K (82%)
----------------- Invoking toplevel() on ptolemy.moml.MoMLSimpleApplication@3ecd718
----------------- Done invoking toplevel() on ptolemy.moml.MoMLSimpleApplication@3ecd718
reloadAllAccessors: .BackgroundExecution

===========================================================================================
----------------- testing Wed Jul 17 04:55:29 UTC 2019 /home/travis/build/icyphy/ptII/ptolemy/actor/lib/hoc/test/auto/Case.xml
----------------- Instantiating /home/travis/build/icyphy/ptII/ptolemy/actor/lib/hoc/test/auto/Case.xml
26 ms. Memory: 120832K Free: 92183K (76%)
----------------- Invoking toplevel() on ptolemy.moml.MoMLSimpleApplication@4fe6d61a
----------------- Done invoking toplevel() on ptolemy.moml.MoMLSimpleApplication@4fe6d61a
reloadAllAccessors: .Case

===========================================================================================
----------------- testing Wed Jul 17 04:55:30 UTC 2019 /home/travis/build/icyphy/ptII/ptolemy/actor/lib/hoc/test/auto/Case1.xml
----------------- Instantiating /home/travis/build/icyphy/ptII/ptolemy/actor/lib/hoc/test/auto/Case1.xml
24 ms. Memory: 120832K Free: 85592K (71%)
----------------- Invoking toplevel() on ptolemy.moml.MoMLSimpleApplication@fe58c7e
----------------- Done invoking toplevel() on ptolemy.moml.MoMLSimpleApplication@fe58c7e
reloadAllAccessors: .Case1

===========================================================================================
----------------- testing Wed Jul 17 04:55:30 UTC 2019 /home/travis/build/icyphy/ptII/ptolemy/actor/lib/hoc/test/auto/Case2.xml
----------------- Instantiating /home/travis/build/icyphy/ptII/ptolemy/actor/lib/hoc/test/auto/Case2.xml
38 ms. Memory: 120832K Free: 75832K (63%)
----------------- Invoking toplevel() on ptolemy.moml.MoMLSimpleApplication@3ad1bf41
----------------- Done invoking toplevel() on ptolemy.moml.MoMLSimpleApplication@3ad1bf41
reloadAllAccessors: .Case2

===========================================================================================
----------------- testing Wed Jul 17 04:55:30 UTC 2019 /home/travis/build/icyphy/ptII/ptolemy/actor/lib/hoc/test/auto/Case3.xml
----------------- Instantiating /home/travis/build/icyphy/ptII/ptolemy/actor/lib/hoc/test/auto/Case3.xml
27 ms. Memory: 120832K Free: 69674K (58%)
----------------- Invoking toplevel() on ptolemy.moml.MoMLSimpleApplication@7b346474
----------------- Done invoking toplevel() on ptolemy.moml.MoMLSimpleApplication@7b346474
reloadAllAccessors: .Case3

===========================================================================================
----------------- testing Wed Jul 17 04:55:30 UTC 2019 /home/travis/build/icyphy/ptII/ptolemy/actor/lib/hoc/test/auto/Case4.xml
----------------- Instantiating /home/travis/build/icyphy/ptII/ptolemy/actor/lib/hoc/test/auto/Case4.xml
16 ms. Memory: 120832K Free: 101081K (84%)
----------------- Invoking toplevel() on ptolemy.moml.MoMLSimpleApplication@192e9f76
----------------- Done invoking toplevel() on ptolemy.moml.MoMLSimpleApplication@192e9f76
reloadAllAccessors: .Case4

===========================================================================================
----------------- testing Wed Jul 17 04:55:30 UTC 2019 /home/travis/build/icyphy/ptII/ptolemy/actor/lib/hoc/test/auto/Case5.xml
----------------- Instantiating /home/travis/build/icyphy/ptII/ptolemy/actor/lib/hoc/test/auto/Case5.xml
62 ms. Memory: 120832K Free: 94596K (78%)
----------------- Invoking toplevel() on ptolemy.moml.MoMLSimpleApplication@41659721
----------------- Done invoking toplevel() on ptolemy.moml.MoMLSimpleApplication@41659721
reloadAllAccessors: .junk

===========================================================================================
----------------- testing Wed Jul 17 04:55:30 UTC 2019 /home/travis/build/icyphy/ptII/ptolemy/actor/lib/hoc/test/auto/Case6.xml
----------------- Instantiating /home/travis/build/icyphy/ptII/ptolemy/actor/lib/hoc/test/auto/Case6.xml
26 ms. Memory: 120832K Free: 82663K (68%)
----------------- Invoking toplevel() on ptolemy.moml.MoMLSimpleApplication@7408c2e0
----------------- Done invoking toplevel() on ptolemy.moml.MoMLSimpleApplication@7408c2e0
reloadAllAccessors: .Case6

===========================================================================================
----------------- testing Wed Jul 17 04:55:30 UTC 2019 /home/travis/build/icyphy/ptII/ptolemy/actor/lib/hoc/test/auto/CaseString2.xml
----------------- Instantiating /home/travis/build/icyphy/ptII/ptolemy/actor/lib/hoc/test/auto/CaseString2.xml
10 ms. Memory: 120832K Free: 75069K (62%)
----------------- Invoking toplevel() on ptolemy.moml.MoMLSimpleApplication@4598280d
----------------- Done invoking toplevel() on ptolemy.moml.MoMLSimpleApplication@4598280d
reloadAllAccessors: .CaseString2

===========================================================================================
----------------- testing Wed Jul 17 04:55:30 UTC 2019 /home/travis/build/icyphy/ptII/ptolemy/actor/lib/hoc/test/auto/CatchUpComposite1.xml
----------------- Instantiating /home/travis/build/icyphy/ptII/ptolemy/actor/lib/hoc/test/auto/CatchUpComposite1.xml
40 ms. Memory: 120832K Free: 65937K (55%)
----------------- Invoking toplevel() on ptolemy.moml.MoMLSimpleApplication@7333510c
----------------- Done invoking toplevel() on ptolemy.moml.MoMLSimpleApplication@7333510c
reloadAllAccessors: .CatchUpComposite1

===========================================================================================
----------------- testing Wed Jul 17 04:55:30 UTC 2019 /home/travis/build/icyphy/ptII/ptolemy/actor/lib/hoc/test/auto/CatchUpComposite2.xml
----------------- Instantiating /home/travis/build/icyphy/ptII/ptolemy/actor/lib/hoc/test/auto/CatchUpComposite2.xml
22 ms. Memory: 120832K Free: 57420K (48%)
----------------- Invoking toplevel() on ptolemy.moml.MoMLSimpleApplication@3352cbd0
----------------- Done invoking toplevel() on ptolemy.moml.MoMLSimpleApplication@3352cbd0
reloadAllAccessors: .CatchUpComposite2

===========================================================================================
----------------- testing Wed Jul 17 04:55:30 UTC 2019 /home/travis/build/icyphy/ptII/ptolemy/actor/lib/hoc/test/auto/CatchUpComposite3.xml
----------------- Instantiating /home/travis/build/icyphy/ptII/ptolemy/actor/lib/hoc/test/auto/CatchUpComposite3.xml
24 ms. Memory: 120832K Free: 100800K (83%)
----------------- Invoking toplevel() on ptolemy.moml.MoMLSimpleApplication@606545bd
----------------- Done invoking toplevel() on ptolemy.moml.MoMLSimpleApplication@606545bd
reloadAllAccessors: .CatchUpComposite3

===========================================================================================
----------------- testing Wed Jul 17 04:55:30 UTC 2019 /home/travis/build/icyphy/ptII/ptolemy/actor/lib/hoc/test/auto/CatchUpComposite4.xml
----------------- Instantiating /home/travis/build/icyphy/ptII/ptolemy/actor/lib/hoc/test/auto/CatchUpComposite4.xml
19 ms. Memory: 120832K Free: 92608K (77%)
----------------- Invoking toplevel() on ptolemy.moml.MoMLSimpleApplication@4149a5b2
----------------- Done invoking toplevel() on ptolemy.moml.MoMLSimpleApplication@4149a5b2
reloadAllAccessors: .CatchUpComposite4

===========================================================================================
----------------- testing Wed Jul 17 04:55:30 UTC 2019 /home/travis/build/icyphy/ptII/ptolemy/actor/lib/hoc/test/auto/CatchUpComposite5.xml
----------------- Instantiating /home/travis/build/icyphy/ptII/ptolemy/actor/lib/hoc/test/auto/CatchUpComposite5.xml
8 ms. Memory: 120832K Free: 84963K (70%)
----------------- Invoking toplevel() on ptolemy.moml.MoMLSimpleApplication@4b575176
----------------- Done invoking toplevel() on ptolemy.moml.MoMLSimpleApplication@4b575176
reloadAllAccessors: .CatchUpComposite5

===========================================================================================
----------------- testing Wed Jul 17 04:55:31 UTC 2019 /home/travis/build/icyphy/ptII/ptolemy/actor/lib/hoc/test/auto/CatchUpComposite6.xml
----------------- Instantiating /home/travis/build/icyphy/ptII/ptolemy/actor/lib/hoc/test/auto/CatchUpComposite6.xml
WARNING: The execution aspects in this model can influence the timing of actors by delaying the 
execution, potentially changing the behavior. There is no guarantee that actors fire at the 
time they request to be fired. 
Use Ptides for deterministic DE behavior that is not influenced by execution aspects. 

96 ms. Memory: 120832K Free: 70080K (58%)
----------------- Invoking toplevel() on ptolemy.moml.MoMLSimpleApplication@4fc630e2
----------------- Done invoking toplevel() on ptolemy.moml.MoMLSimpleApplication@4fc630e2
reloadAllAccessors: .CatchUpComposite6

===========================================================================================
----------------- testing Wed Jul 17 04:55:31 UTC 2019 /home/travis/build/icyphy/ptII/ptolemy/actor/lib/hoc/test/auto/CatchUpComposite7.xml
----------------- Instantiating /home/travis/build/icyphy/ptII/ptolemy/actor/lib/hoc/test/auto/CatchUpComposite7.xml
WARNING: The execution aspects in this model can influence the timing of actors by delaying the 
execution, potentially changing the behavior. There is no guarantee that actors fire at the 
time they request to be fired. 
Use Ptides for deterministic DE behavior that is not influenced by execution aspects. 

29 ms. Memory: 120832K Free: 56332K (47%)
----------------- Invoking toplevel() on ptolemy.moml.MoMLSimpleApplication@2f2e54d5
----------------- Done invoking toplevel() on ptolemy.moml.MoMLSimpleApplication@2f2e54d5
reloadAllAccessors: .CatchUpComposite7

===========================================================================================
----------------- testing Wed Jul 17 04:55:31 UTC 2019 /home/travis/build/icyphy/ptII/ptolemy/actor/lib/hoc/test/auto/ConcurrentExecutionTimeSDF.xml
----------------- Instantiating /home/travis/build/icyphy/ptII/ptolemy/actor/lib/hoc/test/auto/ConcurrentExecutionTimeSDF.xml
Fired ExecutionTime: 40400000
Fired ExecutionTime: 40400000
Fired ExecutionTime: 40400000
Fired ExecutionTime: 40400000
Fired ExecutionTime: 40400000
Fired ExecutionTime: 40400000
Fired ExecutionTime: 40400000
Fired ExecutionTime: 40400000
Fired ExecutionTime: 40400000
Fired ExecutionTime: 40400000
Fired ExecutionTime: 40400000
Fired ExecutionTime: 40400000
Fired ExecutionTime: 40400000
Fired ExecutionTime: 40400000
Fired ExecutionTime: 40400000
Fired ExecutionTime: 40400000
Fired ExecutionTime: 40400000
Fired ExecutionTime: 40400000
Fired ExecutionTime: 40400000
Fired ExecutionTime: 40400000
1146 ms. Memory: 120832K Free: 49015K (41%)
----------------- Invoking toplevel() on ptolemy.moml.MoMLSimpleApplication@480e22f6
----------------- Done invoking toplevel() on ptolemy.moml.MoMLSimpleApplication@480e22f6
reloadAllAccessors: .ConcurrentExecutionTimeSDF

===========================================================================================
----------------- testing Wed Jul 17 04:55:32 UTC 2019 /home/travis/build/icyphy/ptII/ptolemy/actor/lib/hoc/test/auto/ConcurrentSleep.xml
----------------- Instantiating /home/travis/build/icyphy/ptII/ptolemy/actor/lib/hoc/test/auto/ConcurrentSleep.xml
748 ms. Memory: 120832K Free: 104284K (86%)
----------------- Invoking toplevel() on ptolemy.moml.MoMLSimpleApplication@654b4609
----------------- Done invoking toplevel() on ptolemy.moml.MoMLSimpleApplication@654b4609
reloadAllAccessors: .ConcurrentSleep

===========================================================================================
----------------- testing Wed Jul 17 04:55:33 UTC 2019 /home/travis/build/icyphy/ptII/ptolemy/actor/lib/hoc/test/auto/DEInPNInRunCompositeActor.xml
----------------- Instantiating /home/travis/build/icyphy/ptII/ptolemy/actor/lib/hoc/test/auto/DEInPNInRunCompositeActor.xml
13 ms. Memory: 120832K Free: 98467K (81%)
----------------- Invoking toplevel() on ptolemy.moml.MoMLSimpleApplication@3a53e73
----------------- Done invoking toplevel() on ptolemy.moml.MoMLSimpleApplication@3a53e73
reloadAllAccessors: .DEInPNInRunCompositeActor

===========================================================================================
----------------- testing Wed Jul 17 04:55:33 UTC 2019 /home/travis/build/icyphy/ptII/ptolemy/actor/lib/hoc/test/auto/DFTSubSetTest.xml
----------------- Instantiating /home/travis/build/icyphy/ptII/ptolemy/actor/lib/hoc/test/auto/DFTSubSetTest.xml
206 ms. Memory: 120832K Free: 55808K (46%)
----------------- Invoking toplevel() on ptolemy.moml.MoMLSimpleApplication@4f398a84
----------------- Done invoking toplevel() on ptolemy.moml.MoMLSimpleApplication@4f398a84
reloadAllAccessors: .DFTSubSetTest

===========================================================================================
----------------- testing Wed Jul 17 04:55:33 UTC 2019 /home/travis/build/icyphy/ptII/ptolemy/actor/lib/hoc/test/auto/HocDE.xml
----------------- Instantiating /home/travis/build/icyphy/ptII/ptolemy/actor/lib/hoc/test/auto/HocDE.xml
155 ms. Memory: 120832K Free: 100105K (83%)
----------------- Invoking toplevel() on ptolemy.moml.MoMLSimpleApplication@3ed2d78
----------------- Done invoking toplevel() on ptolemy.moml.MoMLSimpleApplication@3ed2d78
reloadAllAccessors: .HocDE

===========================================================================================
----------------- testing Wed Jul 17 04:55:33 UTC 2019 /home/travis/build/icyphy/ptII/ptolemy/actor/lib/hoc/test/auto/IterateOverArray.xml
----------------- Instantiating /home/travis/build/icyphy/ptII/ptolemy/actor/lib/hoc/test/auto/IterateOverArray.xml
6 ms. Memory: 120832K Free: 95553K (79%)
----------------- Invoking toplevel() on ptolemy.moml.MoMLSimpleApplication@105cd4fa
----------------- Done invoking toplevel() on ptolemy.moml.MoMLSimpleApplication@105cd4fa
reloadAllAccessors: .IterateOverArray

===========================================================================================
----------------- testing Wed Jul 17 04:55:33 UTC 2019 /home/travis/build/icyphy/ptII/ptolemy/actor/lib/hoc/test/auto/IterateOverArray10.xml
----------------- Instantiating /home/travis/build/icyphy/ptII/ptolemy/actor/lib/hoc/test/auto/IterateOverArray10.xml
4 ms. Memory: 120832K Free: 92131K (76%)
----------------- Invoking toplevel() on ptolemy.moml.MoMLSimpleApplication@4cfa9797
----------------- Done invoking toplevel() on ptolemy.moml.MoMLSimpleApplication@4cfa9797
reloadAllAccessors: .IterateOverArray10

===========================================================================================
----------------- testing Wed Jul 17 04:55:33 UTC 2019 /home/travis/build/icyphy/ptII/ptolemy/actor/lib/hoc/test/auto/IterateOverArray11.xml
----------------- Instantiating /home/travis/build/icyphy/ptII/ptolemy/actor/lib/hoc/test/auto/IterateOverArray11.xml
6 ms. Memory: 120832K Free: 88035K (73%)
----------------- Invoking toplevel() on ptolemy.moml.MoMLSimpleApplication@539032df
----------------- Done invoking toplevel() on ptolemy.moml.MoMLSimpleApplication@539032df
reloadAllAccessors: .IterateOverArray11

===========================================================================================
----------------- testing Wed Jul 17 04:55:33 UTC 2019 /home/travis/build/icyphy/ptII/ptolemy/actor/lib/hoc/test/auto/IterateOverArray12.xml
----------------- Instantiating /home/travis/build/icyphy/ptII/ptolemy/actor/lib/hoc/test/auto/IterateOverArray12.xml
16 ms. Memory: 120832K Free: 81891K (68%)
----------------- Invoking toplevel() on ptolemy.moml.MoMLSimpleApplication@35854815
----------------- Done invoking toplevel() on ptolemy.moml.MoMLSimpleApplication@35854815
reloadAllAccessors: .IterateOverArray12

===========================================================================================
----------------- testing Wed Jul 17 04:55:34 UTC 2019 /home/travis/build/icyphy/ptII/ptolemy/actor/lib/hoc/test/auto/IterateOverArray13.xml
----------------- Instantiating /home/travis/build/icyphy/ptII/ptolemy/actor/lib/hoc/test/auto/IterateOverArray13.xml
77 ms. Memory: 120832K Free: 52871K (44%)
----------------- Invoking toplevel() on ptolemy.moml.MoMLSimpleApplication@326c57b9
----------------- Done invoking toplevel() on ptolemy.moml.MoMLSimpleApplication@326c57b9
reloadAllAccessors: .IterateOverArray13

===========================================================================================
----------------- testing Wed Jul 17 04:55:34 UTC 2019 /home/travis/build/icyphy/ptII/ptolemy/actor/lib/hoc/test/auto/IterateOverArray14.xml
----------------- Instantiating /home/travis/build/icyphy/ptII/ptolemy/actor/lib/hoc/test/auto/IterateOverArray14.xml
81 ms. Memory: 145408K Free: 114581K (79%)
----------------- Invoking toplevel() on ptolemy.moml.MoMLSimpleApplication@18648f4c
----------------- Done invoking toplevel() on ptolemy.moml.MoMLSimpleApplication@18648f4c
reloadAllAccessors: .IterateOverArray14

===========================================================================================
----------------- testing Wed Jul 17 04:55:34 UTC 2019 /home/travis/build/icyphy/ptII/ptolemy/actor/lib/hoc/test/auto/IterateOverArray2.xml
----------------- Instantiating /home/travis/build/icyphy/ptII/ptolemy/actor/lib/hoc/test/auto/IterateOverArray2.xml
10 ms. Memory: 145408K Free: 109975K (76%)
----------------- Invoking toplevel() on ptolemy.moml.MoMLSimpleApplication@1e188634
----------------- Done invoking toplevel() on ptolemy.moml.MoMLSimpleApplication@1e188634
reloadAllAccessors: .IterateOverArray2

===========================================================================================
----------------- testing Wed Jul 17 04:55:34 UTC 2019 /home/travis/build/icyphy/ptII/ptolemy/actor/lib/hoc/test/auto/IterateOverArray3.xml
----------------- Instantiating /home/travis/build/icyphy/ptII/ptolemy/actor/lib/hoc/test/auto/IterateOverArray3.xml
15 ms. Memory: 145408K Free: 103831K (71%)
----------------- Invoking toplevel() on ptolemy.moml.MoMLSimpleApplication@34431f2a
----------------- Done invoking toplevel() on ptolemy.moml.MoMLSimpleApplication@34431f2a
reloadAllAccessors: .IterateOverArray3

===========================================================================================
----------------- testing Wed Jul 17 04:55:34 UTC 2019 /home/travis/build/icyphy/ptII/ptolemy/actor/lib/hoc/test/auto/IterateOverArray4.xml
----------------- Instantiating /home/travis/build/icyphy/ptII/ptolemy/actor/lib/hoc/test/auto/IterateOverArray4.xml
5 ms. Memory: 145408K Free: 99735K (69%)
----------------- Invoking toplevel() on ptolemy.moml.MoMLSimpleApplication@7e4de0ff
----------------- Done invoking toplevel() on ptolemy.moml.MoMLSimpleApplication@7e4de0ff
reloadAllAccessors: .IterateOverArray4

===========================================================================================
----------------- testing Wed Jul 17 04:55:34 UTC 2019 /home/travis/build/icyphy/ptII/ptolemy/actor/lib/hoc/test/auto/IterateOverArray5.xml
----------------- Instantiating /home/travis/build/icyphy/ptII/ptolemy/actor/lib/hoc/test/auto/IterateOverArray5.xml
3 ms. Memory: 145408K Free: 95639K (66%)
----------------- Invoking toplevel() on ptolemy.moml.MoMLSimpleApplication@4b2efc0a
----------------- Done invoking toplevel() on ptolemy.moml.MoMLSimpleApplication@4b2efc0a
reloadAllAccessors: .IterateOverArray5

===========================================================================================
----------------- testing Wed Jul 17 04:55:34 UTC 2019 /home/travis/build/icyphy/ptII/ptolemy/actor/lib/hoc/test/auto/IterateOverArray6.xml
----------------- Instantiating /home/travis/build/icyphy/ptII/ptolemy/actor/lib/hoc/test/auto/IterateOverArray6.xml
3 ms. Memory: 145408K Free: 92053K (63%)
----------------- Invoking toplevel() on ptolemy.moml.MoMLSimpleApplication@7db0e297
----------------- Done invoking toplevel() on ptolemy.moml.MoMLSimpleApplication@7db0e297
reloadAllAccessors: .IterateOverArray6

===========================================================================================
----------------- testing Wed Jul 17 04:55:34 UTC 2019 /home/travis/build/icyphy/ptII/ptolemy/actor/lib/hoc/test/auto/IterateOverArray7.xml
----------------- Instantiating /home/travis/build/icyphy/ptII/ptolemy/actor/lib/hoc/test/auto/IterateOverArray7.xml
4 ms. Memory: 145408K Free: 87447K (60%)
----------------- Invoking toplevel() on ptolemy.moml.MoMLSimpleApplication@1ea7ebe3
----------------- Done invoking toplevel() on ptolemy.moml.MoMLSimpleApplication@1ea7ebe3
reloadAllAccessors: .IterateOverArray7

===========================================================================================
----------------- testing Wed Jul 17 04:55:34 UTC 2019 /home/travis/build/icyphy/ptII/ptolemy/actor/lib/hoc/test/auto/IterateOverArray8.xml
----------------- Instantiating /home/travis/build/icyphy/ptII/ptolemy/actor/lib/hoc/test/auto/IterateOverArray8.xml
4 ms. Memory: 145408K Free: 83351K (57%)
----------------- Invoking toplevel() on ptolemy.moml.MoMLSimpleApplication@102c7329
----------------- Done invoking toplevel() on ptolemy.moml.MoMLSimpleApplication@102c7329
reloadAllAccessors: .IterateOverArray8

===========================================================================================
----------------- testing Wed Jul 17 04:55:34 UTC 2019 /home/travis/build/icyphy/ptII/ptolemy/actor/lib/hoc/test/auto/IterateOverArray9.xml
----------------- Instantiating /home/travis/build/icyphy/ptII/ptolemy/actor/lib/hoc/test/auto/IterateOverArray9.xml
7 ms. Memory: 145408K Free: 79255K (55%)
----------------- Invoking toplevel() on ptolemy.moml.MoMLSimpleApplication@6c8a25ce
----------------- Done invoking toplevel() on ptolemy.moml.MoMLSimpleApplication@6c8a25ce
reloadAllAccessors: .IterateOverArray9

===========================================================================================
----------------- testing Wed Jul 17 04:55:34 UTC 2019 /home/travis/build/icyphy/ptII/ptolemy/actor/lib/hoc/test/auto/IterateOverArrayCoercedOutputType.xml
----------------- Instantiating /home/travis/build/icyphy/ptII/ptolemy/actor/lib/hoc/test/auto/IterateOverArrayCoercedOutputType.xml
7 ms. Memory: 145408K Free: 74135K (51%)
----------------- Invoking toplevel() on ptolemy.moml.MoMLSimpleApplication@1d00f4fe
----------------- Done invoking toplevel() on ptolemy.moml.MoMLSimpleApplication@1d00f4fe
reloadAllAccessors: .IterateOverArrayCoercedOutputType

===========================================================================================
----------------- testing Wed Jul 17 04:55:34 UTC 2019 /home/travis/build/icyphy/ptII/ptolemy/actor/lib/hoc/test/auto/IterateOverArrayInferredOutputType.xml
----------------- Instantiating /home/travis/build/icyphy/ptII/ptolemy/actor/lib/hoc/test/auto/IterateOverArrayInferredOutputType.xml
12 ms. Memory: 145408K Free: 69525K (48%)
----------------- Invoking toplevel() on ptolemy.moml.MoMLSimpleApplication@2284e585
----------------- Done invoking toplevel() on ptolemy.moml.MoMLSimpleApplication@2284e585
reloadAllAccessors: .IterateOverArrayInferredOutputType

===========================================================================================
----------------- testing Wed Jul 17 04:55:34 UTC 2019 /home/travis/build/icyphy/ptII/ptolemy/actor/lib/hoc/test/auto/MobileFunctionTest.xml
----------------- Instantiating /home/travis/build/icyphy/ptII/ptolemy/actor/lib/hoc/test/auto/MobileFunctionTest.xml
4 ms. Memory: 145408K Free: 65399K (45%)
----------------- Invoking toplevel() on ptolemy.moml.MoMLSimpleApplication@32376e26
----------------- Done invoking toplevel() on ptolemy.moml.MoMLSimpleApplication@32376e26
reloadAllAccessors: .MobileFunctionTest

===========================================================================================
----------------- testing Wed Jul 17 04:55:34 UTC 2019 /home/travis/build/icyphy/ptII/ptolemy/actor/lib/hoc/test/auto/MobileModelTest.xml
----------------- Instantiating /home/travis/build/icyphy/ptII/ptolemy/actor/lib/hoc/test/auto/MobileModelTest.xml
170 ms. Memory: 145408K Free: 127570K (88%)
----------------- Invoking toplevel() on ptolemy.moml.MoMLSimpleApplication@63260865
----------------- Done invoking toplevel() on ptolemy.moml.MoMLSimpleApplication@63260865
reloadAllAccessors: .MobileModelTest

===========================================================================================
----------------- testing Wed Jul 17 04:55:34 UTC 2019 /home/travis/build/icyphy/ptII/ptolemy/actor/lib/hoc/test/auto/ModelReference.xml
----------------- Instantiating /home/travis/build/icyphy/ptII/ptolemy/actor/lib/hoc/test/auto/ModelReference.xml
3 ms. Memory: 145408K Free: 120919K (83%)
1 ms. Memory: 145408K Free: 120323K (83%)
2 ms. Memory: 145408K Free: 119323K (82%)
2 ms. Memory: 145408K Free: 118283K (81%)
1 ms. Memory: 145408K Free: 117823K (81%)
1 ms. Memory: 145408K Free: 116831K (80%)
2 ms. Memory: 145408K Free: 115815K (80%)
2 ms. Memory: 145408K Free: 115227K (79%)
3 ms. Memory: 145408K Free: 114187K (79%)
2 ms. Memory: 145408K Free: 113727K (78%)
30 ms. Memory: 145408K Free: 113727K (78%)
----------------- Invoking toplevel() on ptolemy.moml.MoMLSimpleApplication@79ac711
----------------- Done invoking toplevel() on ptolemy.moml.MoMLSimpleApplication@79ac711
reloadAllAccessors: .ModelReference

===========================================================================================
----------------- testing Wed Jul 17 04:55:35 UTC 2019 /home/travis/build/icyphy/ptII/ptolemy/actor/lib/hoc/test/auto/ModelReference3.xml
----------------- Instantiating /home/travis/build/icyphy/ptII/ptolemy/actor/lib/hoc/test/auto/ModelReference3.xml
2 ms. Memory: 145408K Free: 109519K (75%)
4 ms. Memory: 145408K Free: 108582K (75%)
1 ms. Memory: 145408K Free: 107637K (74%)
4 ms. Memory: 145408K Free: 107019K (74%)
2 ms. Memory: 145408K Free: 106011K (73%)
2 ms. Memory: 145408K Free: 105423K (73%)
4 ms. Memory: 145408K Free: 104551K (72%)
4 ms. Memory: 145408K Free: 103549K (71%)
2 ms. Memory: 145408K Free: 102923K (71%)
1 ms. Memory: 145408K Free: 101915K (70%)
33 ms. Memory: 145408K Free: 101915K (70%)
----------------- Invoking toplevel() on ptolemy.moml.MoMLSimpleApplication@507e0efa
----------------- Done invoking toplevel() on ptolemy.moml.MoMLSimpleApplication@507e0efa
reloadAllAccessors: .ModelReference3

===========================================================================================
----------------- testing Wed Jul 17 04:55:35 UTC 2019 /home/travis/build/icyphy/ptII/ptolemy/actor/lib/hoc/test/auto/ModelReference4.xml
----------------- Instantiating /home/travis/build/icyphy/ptII/ptolemy/actor/lib/hoc/test/auto/ModelReference4.xml
2 ms. Memory: 145408K Free: 97375K (67%)
2 ms. Memory: 145408K Free: 95771K (66%)
2 ms. Memory: 145408K Free: 94761K (65%)
2 ms. Memory: 145408K Free: 93715K (64%)
2 ms. Memory: 145408K Free: 92699K (64%)
7 ms. Memory: 145408K Free: 91215K (63%)
6 ms. Memory: 145408K Free: 89627K (62%)
2 ms. Memory: 145408K Free: 88617K (61%)
2 ms. Memory: 145408K Free: 87579K (60%)
3 ms. Memory: 145408K Free: 86569K (60%)
10018 ms. Memory: 145408K Free: 86569K (60%)
----------------- Invoking toplevel() on ptolemy.moml.MoMLSimpleApplication@5ef3bfce
----------------- Done invoking toplevel() on ptolemy.moml.MoMLSimpleApplication@5ef3bfce
reloadAllAccessors: .ModelReference4

===========================================================================================
----------------- testing Wed Jul 17 04:55:45 UTC 2019 /home/travis/build/icyphy/ptII/ptolemy/actor/lib/hoc/test/auto/MultiInstanceComposite.xml
----------------- Instantiating /home/travis/build/icyphy/ptII/ptolemy/actor/lib/hoc/test/auto/MultiInstanceComposite.xml
28 ms. Memory: 145408K Free: 67686K (47%)
----------------- Invoking toplevel() on ptolemy.moml.MoMLSimpleApplication@76974e0d
----------------- Done invoking toplevel() on ptolemy.moml.MoMLSimpleApplication@76974e0d
reloadAllAccessors: .MultiInstanceComposite

===========================================================================================
----------------- testing Wed Jul 17 04:55:45 UTC 2019 /home/travis/build/icyphy/ptII/ptolemy/actor/lib/hoc/test/auto/MultiInstanceComposite2.xml
----------------- Instantiating /home/travis/build/icyphy/ptII/ptolemy/actor/lib/hoc/test/auto/MultiInstanceComposite2.xml
27 ms. Memory: 145408K Free: 56431K (39%)
----------------- Invoking toplevel() on ptolemy.moml.MoMLSimpleApplication@7b75d947
----------------- Done invoking toplevel() on ptolemy.moml.MoMLSimpleApplication@7b75d947
reloadAllAccessors: .MultiInstanceComposite2

===========================================================================================
----------------- testing Wed Jul 17 04:55:45 UTC 2019 /home/travis/build/icyphy/ptII/ptolemy/actor/lib/hoc/test/auto/MulticoreExecution.xml
----------------- Instantiating /home/travis/build/icyphy/ptII/ptolemy/actor/lib/hoc/test/auto/MulticoreExecution.xml
Fired ExecutionTime: 2400000
Fired ExecutionTime: 3200000
Fired ExecutionTime: 4000000
Fired ExecutionTime: 7200000
Fired ExecutionTime: 91600000
Fired ExecutionTime: 91200000
Fired ExecutionTime: 88800000
Fired ExecutionTime: 89200000
Fired ExecutionTime: 74400000
Fired ExecutionTime: 89600000
Fired ExecutionTime: 86800000
Fired ExecutionTime: 89200000
Fired ExecutionTime: 120400000
Fired ExecutionTime: 122800000
Fired ExecutionTime: 88400000
Fired ExecutionTime: 88800000
Fired ExecutionTime: 142000000
Fired ExecutionTime: 139200000
Fired ExecutionTime: 94800000
Fired ExecutionTime: 98800000
1078 ms. Memory: 145408K Free: 47236K (32%)
----------------- Invoking toplevel() on ptolemy.moml.MoMLSimpleApplication@33d1fe56
----------------- Done invoking toplevel() on ptolemy.moml.MoMLSimpleApplication@33d1fe56
reloadAllAccessors: .MulticoreExecution

===========================================================================================
----------------- testing Wed Jul 17 04:55:46 UTC 2019 /home/travis/build/icyphy/ptII/ptolemy/actor/lib/hoc/test/auto/ParallelExecution.xml
----------------- Instantiating /home/travis/build/icyphy/ptII/ptolemy/actor/lib/hoc/test/auto/ParallelExecution.xml
919 ms. Memory: 145408K Free: 123772K (85%)
----------------- Invoking toplevel() on ptolemy.moml.MoMLSimpleApplication@73bd0b0d
----------------- Done invoking toplevel() on ptolemy.moml.MoMLSimpleApplication@73bd0b0d
reloadAllAccessors: .ParallelExecution

===========================================================================================
----------------- testing Wed Jul 17 04:55:47 UTC 2019 /home/travis/build/icyphy/ptII/ptolemy/actor/lib/hoc/test/auto/RunCompositeActor.xml
----------------- Instantiating /home/travis/build/icyphy/ptII/ptolemy/actor/lib/hoc/test/auto/RunCompositeActor.xml
11 ms. Memory: 145408K Free: 116610K (80%)
----------------- Invoking toplevel() on ptolemy.moml.MoMLSimpleApplication@ff527b0
----------------- Done invoking toplevel() on ptolemy.moml.MoMLSimpleApplication@ff527b0
reloadAllAccessors: .RunCompositeActor

===========================================================================================
----------------- testing Wed Jul 17 04:55:47 UTC 2019 /home/travis/build/icyphy/ptII/ptolemy/actor/lib/hoc/test/auto/RunCompositeActor2.xml
----------------- Instantiating /home/travis/build/icyphy/ptII/ptolemy/actor/lib/hoc/test/auto/RunCompositeActor2.xml
5 ms. Memory: 145408K Free: 110466K (76%)
----------------- Invoking toplevel() on ptolemy.moml.MoMLSimpleApplication@369200af
----------------- Done invoking toplevel() on ptolemy.moml.MoMLSimpleApplication@369200af
reloadAllAccessors: .RunCompositeActor2

===========================================================================================
----------------- testing Wed Jul 17 04:55:47 UTC 2019 /home/travis/build/icyphy/ptII/ptolemy/actor/lib/hoc/test/auto/RunCompositeActor3.xml
----------------- Instantiating /home/travis/build/icyphy/ptII/ptolemy/actor/lib/hoc/test/auto/RunCompositeActor3.xml
4 ms. Memory: 145408K Free: 104842K (72%)
----------------- Invoking toplevel() on ptolemy.moml.MoMLSimpleApplication@668e3393
----------------- Done invoking toplevel() on ptolemy.moml.MoMLSimpleApplication@668e3393
reloadAllAccessors: .RunCompositeActor3

===========================================================================================
----------------- testing Wed Jul 17 04:55:47 UTC 2019 /home/travis/build/icyphy/ptII/ptolemy/actor/lib/hoc/test/auto/RunCompositeActor4.xml
----------------- Instantiating /home/travis/build/icyphy/ptII/ptolemy/actor/lib/hoc/test/auto/RunCompositeActor4.xml
13 ms. Memory: 145408K Free: 96650K (66%)
----------------- Invoking toplevel() on ptolemy.moml.MoMLSimpleApplication@543113b8
----------------- Done invoking toplevel() on ptolemy.moml.MoMLSimpleApplication@543113b8
reloadAllAccessors: .RunCompositeActor4

===========================================================================================
----------------- testing Wed Jul 17 04:55:47 UTC 2019 /home/travis/build/icyphy/ptII/ptolemy/actor/lib/hoc/test/auto/RunCompositeIterateOverArray.xml
----------------- Instantiating /home/travis/build/icyphy/ptII/ptolemy/actor/lib/hoc/test/auto/RunCompositeIterateOverArray.xml
4 ms. Memory: 145408K Free: 90506K (62%)
----------------- Invoking toplevel() on ptolemy.moml.MoMLSimpleApplication@741d8c31
----------------- Done invoking toplevel() on ptolemy.moml.MoMLSimpleApplication@741d8c31
reloadAllAccessors: .RunCompositeIterateOverArray

===========================================================================================
----------------- testing Wed Jul 17 04:55:47 UTC 2019 /home/travis/build/icyphy/ptII/ptolemy/actor/lib/hoc/test/auto/ThreadedJS.xml
----------------- Instantiating /home/travis/build/icyphy/ptII/ptolemy/actor/lib/hoc/test/auto/ThreadedJS.xml
5825 ms. Memory: 210944K Free: 113631K (54%)
----------------- Invoking toplevel() on ptolemy.moml.MoMLSimpleApplication@5f5177ff
----------------- Done invoking toplevel() on ptolemy.moml.MoMLSimpleApplication@5f5177ff
reloadAllAccessors: .ThreadedJS
AutoTests.java: About to close Vertx.
AutoTests.java: Vertx closed.
]]></system-out>
  <system-err><![CDATA[java.lang.RuntimeException: Execution failed
	at ptolemy.moml.MoMLSimpleApplication$UnloadThread.run(MoMLSimpleApplication.java:402)
Caused by: ptolemy.kernel.util.IllegalActionException: initialize() was called after wrapup() was called but preinitialize() was not called after wrapup().
	at ptolemy.actor.lib.hoc.test.PreinitializeMustBeInvoked.initialize(PreinitializeMustBeInvoked.java:78)
	at ptolemy.actor.Director.initialize(Director.java:938)
	at ptolemy.actor.Director.initialize(Director.java:907)
	at ptolemy.actor.sched.StaticSchedulingDirector.initialize(StaticSchedulingDirector.java:159)
	at ptolemy.domains.sdf.kernel.SDFDirector.initialize(SDFDirector.java:544)
	at ptolemy.actor.CompositeActor.initialize(CompositeActor.java:935)
	at ptolemy.actor.lib.hoc.LifeCycleManager._executeInsideModel(LifeCycleManager.java:339)
	at ptolemy.actor.lib.hoc.RunCompositeActor.fire(RunCompositeActor.java:205)
	at ptolemy.actor.CompositeActor.iterate(CompositeActor.java:1146)
	at ptolemy.actor.sched.StaticSchedulingDirector.fire(StaticSchedulingDirector.java:216)
	at ptolemy.domains.sdf.kernel.SDFDirector.fire(SDFDirector.java:500)
	at ptolemy.actor.CompositeActor.fire(CompositeActor.java:455)
	at ptolemy.actor.Manager.iterate(Manager.java:851)
	at ptolemy.actor.Manager.execute(Manager.java:369)
	at ptolemy.actor.Manager.run(Manager.java:1263)
	at ptolemy.actor.Manager$PtolemyRunThread.run(Manager.java:1933)
java.lang.reflect.InvocationTargetException
	at java.base/jdk.internal.reflect.NativeConstructorAccessorImpl.newInstance0(Native Method)
	at java.base/jdk.internal.reflect.NativeConstructorAccessorImpl.newInstance(NativeConstructorAccessorImpl.java:62)
	at java.base/jdk.internal.reflect.DelegatingConstructorAccessorImpl.newInstance(DelegatingConstructorAccessorImpl.java:45)
	at java.base/java.lang.reflect.Constructor.newInstance(Constructor.java:490)
	at ptolemy.util.test.junit.AutoKnownFailedTests.RunModel(AutoKnownFailedTests.java:105)
	at java.base/jdk.internal.reflect.NativeMethodAccessorImpl.invoke0(Native Method)
	at java.base/jdk.internal.reflect.NativeMethodAccessorImpl.invoke(NativeMethodAccessorImpl.java:62)
	at java.base/jdk.internal.reflect.DelegatingMethodAccessorImpl.invoke(DelegatingMethodAccessorImpl.java:43)
	at java.base/java.lang.reflect.Method.invoke(Method.java:566)
	at org.junit.runners.model.FrameworkMethod$1.runReflectiveCall(FrameworkMethod.java:44)
	at org.junit.internal.runners.model.ReflectiveCallable.run(ReflectiveCallable.java:15)
	at org.junit.runners.model.FrameworkMethod.invokeExplosively(FrameworkMethod.java:41)
	at junitparams.internal.InvokeParameterisedMethod.evaluate(InvokeParameterisedMethod.java:102)
	at org.junit.internal.runners.statements.FailOnTimeout$1.run(FailOnTimeout.java:28)
Caused by: ptolemy.kernel.util.IllegalActionException: initialize() was called after wrapup() was called but preinitialize() was not called after wrapup().
	at ptolemy.actor.lib.hoc.test.PreinitializeMustBeInvoked.initialize(PreinitializeMustBeInvoked.java:78)
	at ptolemy.actor.Director.initialize(Director.java:938)
	at ptolemy.actor.Director.initialize(Director.java:907)
	at ptolemy.actor.sched.StaticSchedulingDirector.initialize(StaticSchedulingDirector.java:159)
	at ptolemy.domains.sdf.kernel.SDFDirector.initialize(SDFDirector.java:544)
	at ptolemy.actor.CompositeActor.initialize(CompositeActor.java:935)
	at ptolemy.actor.lib.hoc.LifeCycleManager._executeInsideModel(LifeCycleManager.java:339)
	at ptolemy.actor.lib.hoc.RunCompositeActor.fire(RunCompositeActor.java:205)
	at ptolemy.actor.CompositeActor.iterate(CompositeActor.java:1146)
	at ptolemy.actor.sched.StaticSchedulingDirector.fire(StaticSchedulingDirector.java:216)
	at ptolemy.domains.sdf.kernel.SDFDirector.fire(SDFDirector.java:500)
	at ptolemy.actor.CompositeActor.fire(CompositeActor.java:455)
	at ptolemy.actor.Manager.iterate(Manager.java:851)
	at ptolemy.actor.Manager.execute(Manager.java:369)
	at ptolemy.actor.Manager.run(Manager.java:1263)
	at ptolemy.actor.Manager$PtolemyRunThread.run(Manager.java:1933)
Warning: Nashorn engine is planned to be removed from a future JDK release
Warning: Nashorn engine is planned to be removed from a future JDK release
Warning: Nashorn engine is planned to be removed from a future JDK release
Warning: Nashorn engine is planned to be removed from a future JDK release
Warning: Nashorn engine is planned to be removed from a future JDK release
Warning: Nashorn engine is planned to be removed from a future JDK release
Warning: Nashorn engine is planned to be removed from a future JDK release
Warning: Nashorn engine is planned to be removed from a future JDK release
]]></system-err>
</testsuite>
