<?xml version="1.0" encoding="UTF-8" ?>
<testsuite errors="0" failures="0" hostname="travis-job-fca79f72-1407-467b-a016-f56151837285" name="ptolemy.domains.sdf.lib.test.junit.JUnitTclTest" skipped="0" tests="82" time="8.428" timestamp="2020-03-01T07:10:31">
  <properties>
[...]
</properties>
  <testcase classname="ptolemy.util.test.junit.TclTests" name="[0] /home/travis/build/icyphy/ptII/ptolemy/domains/sdf/lib/test/ArrayToSequence.tcl (RunTclFile)" time="0.534" />
  <testcase classname="ptolemy.util.test.junit.TclTests" name="[1] /home/travis/build/icyphy/ptII/ptolemy/domains/sdf/lib/test/BitsToInt.tcl (RunTclFile)" time="0.037" />
  <testcase classname="ptolemy.util.test.junit.TclTests" name="[2] /home/travis/build/icyphy/ptII/ptolemy/domains/sdf/lib/test/DelayLine.tcl (RunTclFile)" time="0.023" />
  <testcase classname="ptolemy.util.test.junit.TclTests" name="[3] /home/travis/build/icyphy/ptII/ptolemy/domains/sdf/lib/test/FFT.tcl (RunTclFile)" time="0.019" />
  <testcase classname="ptolemy.util.test.junit.TclTests" name="[4] /home/travis/build/icyphy/ptII/ptolemy/domains/sdf/lib/test/FIR.tcl (RunTclFile)" time="0.191" />
  <testcase classname="ptolemy.util.test.junit.TclTests" name="[5] /home/travis/build/icyphy/ptII/ptolemy/domains/sdf/lib/test/IntToBits.tcl (RunTclFile)" time="0.057" />
  <testcase classname="ptolemy.util.test.junit.TclTests" name="[6] /home/travis/build/icyphy/ptII/ptolemy/domains/sdf/lib/test/MaximumEntropySpectrum.tcl (RunTclFile)" time="0.311" />
  <testcase classname="ptolemy.util.test.junit.TclTests" name="[7] /home/travis/build/icyphy/ptII/ptolemy/domains/sdf/lib/test/Repeat.tcl (RunTclFile)" time="0.024" />
  <testcase classname="ptolemy.util.test.junit.TclTests" name="[8] /home/travis/build/icyphy/ptII/ptolemy/domains/sdf/lib/test/SampleDelay.tcl (RunTclFile)" time="0.087" />
  <testcase classname="ptolemy.util.test.junit.TclTests" name="[9] /home/travis/build/icyphy/ptII/ptolemy/domains/sdf/lib/test/SequenceToArray.tcl (RunTclFile)" time="0.036" />
  <testcase classname="ptolemy.util.test.junit.AutoKnownFailedTests" name="[0] ThereAreNoKnowFailedTests (RunModel)" time="0.001" />
  <testcase classname="ptolemy.util.test.junit.AutoNameArchTests" name="[0] ThereAreNoAutoArchTests (RunModel)" time="0.009" />
  <testcase classname="ptolemy.util.test.junit.AutoTests" name="[0] /home/travis/build/icyphy/ptII/ptolemy/domains/sdf/lib/test/auto/ArrayToSequence.xml (RunModel)" time="0.247" />
  <testcase classname="ptolemy.util.test.junit.AutoTests" name="[1] /home/travis/build/icyphy/ptII/ptolemy/domains/sdf/lib/test/auto/ArrayToSequenceTest.xml (RunModel)" time="0.087" />
  <testcase classname="ptolemy.util.test.junit.AutoTests" name="[2] /home/travis/build/icyphy/ptII/ptolemy/domains/sdf/lib/test/auto/Autocorrelation.xml (RunModel)" time="0.07" />
  <testcase classname="ptolemy.util.test.junit.AutoTests" name="[3] /home/travis/build/icyphy/ptII/ptolemy/domains/sdf/lib/test/auto/Autocorrelation2.xml (RunModel)" time="0.07" />
  <testcase classname="ptolemy.util.test.junit.AutoTests" name="[4] /home/travis/build/icyphy/ptII/ptolemy/domains/sdf/lib/test/auto/Autocorrelation3.xml (RunModel)" time="0.042" />
  <testcase classname="ptolemy.util.test.junit.AutoTests" name="[5] /home/travis/build/icyphy/ptII/ptolemy/domains/sdf/lib/test/auto/Autocorrelation4.xml (RunModel)" time="0.063" />
  <testcase classname="ptolemy.util.test.junit.AutoTests" name="[6] /home/travis/build/icyphy/ptII/ptolemy/domains/sdf/lib/test/auto/Autocorrelation5.xml (RunModel)" time="0.121" />
  <testcase classname="ptolemy.util.test.junit.AutoTests" name="[7] /home/travis/build/icyphy/ptII/ptolemy/domains/sdf/lib/test/auto/BitsToInt.xml (RunModel)" time="0.034" />
  <testcase classname="ptolemy.util.test.junit.AutoTests" name="[8] /home/travis/build/icyphy/ptII/ptolemy/domains/sdf/lib/test/auto/BooleanJoin.xml (RunModel)" time="0.058" />
  <testcase classname="ptolemy.util.test.junit.AutoTests" name="[9] /home/travis/build/icyphy/ptII/ptolemy/domains/sdf/lib/test/auto/BootstrapSampleDelay.xml (RunModel)" time="0.042" />
  <testcase classname="ptolemy.util.test.junit.AutoTests" name="[10] /home/travis/build/icyphy/ptII/ptolemy/domains/sdf/lib/test/auto/Chop.xml (RunModel)" time="0.05" />
  <testcase classname="ptolemy.util.test.junit.AutoTests" name="[11] /home/travis/build/icyphy/ptII/ptolemy/domains/sdf/lib/test/auto/Chop2.xml (RunModel)" time="0.022" />
  <testcase classname="ptolemy.util.test.junit.AutoTests" name="[12] /home/travis/build/icyphy/ptII/ptolemy/domains/sdf/lib/test/auto/ComplexJoin.xml (RunModel)" time="0.024" />
  <testcase classname="ptolemy.util.test.junit.AutoTests" name="[13] /home/travis/build/icyphy/ptII/ptolemy/domains/sdf/lib/test/auto/CountTrues.xml (RunModel)" time="0.033" />
  <testcase classname="ptolemy.util.test.junit.AutoTests" name="[14] /home/travis/build/icyphy/ptII/ptolemy/domains/sdf/lib/test/auto/DelayLine.xml (RunModel)" time="0.042" />
  <testcase classname="ptolemy.util.test.junit.AutoTests" name="[15] /home/travis/build/icyphy/ptII/ptolemy/domains/sdf/lib/test/auto/DotProduct.xml (RunModel)" time="0.032" />
  <testcase classname="ptolemy.util.test.junit.AutoTests" name="[16] /home/travis/build/icyphy/ptII/ptolemy/domains/sdf/lib/test/auto/DotProductMatrix.xml (RunModel)" time="0.023" />
  <testcase classname="ptolemy.util.test.junit.AutoTests" name="[17] /home/travis/build/icyphy/ptII/ptolemy/domains/sdf/lib/test/auto/DownSample1.xml (RunModel)" time="0.028" />
  <testcase classname="ptolemy.util.test.junit.AutoTests" name="[18] /home/travis/build/icyphy/ptII/ptolemy/domains/sdf/lib/test/auto/DynamicRateChange.xml (RunModel)" time="0.033" />
  <testcase classname="ptolemy.util.test.junit.AutoTests" name="[19] /home/travis/build/icyphy/ptII/ptolemy/domains/sdf/lib/test/auto/DynamicRates.xml (RunModel)" time="0.037" />
  <testcase classname="ptolemy.util.test.junit.AutoTests" name="[20] /home/travis/build/icyphy/ptII/ptolemy/domains/sdf/lib/test/auto/FFT1.xml (RunModel)" time="0.036" />
  <testcase classname="ptolemy.util.test.junit.AutoTests" name="[21] /home/travis/build/icyphy/ptII/ptolemy/domains/sdf/lib/test/auto/FIR1.xml (RunModel)" time="0.058" />
  <testcase classname="ptolemy.util.test.junit.AutoTests" name="[22] /home/travis/build/icyphy/ptII/ptolemy/domains/sdf/lib/test/auto/FIR2.xml (RunModel)" time="0.022" />
  <testcase classname="ptolemy.util.test.junit.AutoTests" name="[23] /home/travis/build/icyphy/ptII/ptolemy/domains/sdf/lib/test/auto/FIR4.xml (RunModel)" time="0.053" />
  <testcase classname="ptolemy.util.test.junit.AutoTests" name="[24] /home/travis/build/icyphy/ptII/ptolemy/domains/sdf/lib/test/auto/FixJoin.xml (RunModel)" time="0.057" />
  <testcase classname="ptolemy.util.test.junit.AutoTests" name="[25] /home/travis/build/icyphy/ptII/ptolemy/domains/sdf/lib/test/auto/IntJoin1.xml (RunModel)" time="0.024" />
  <testcase classname="ptolemy.util.test.junit.AutoTests" name="[26] /home/travis/build/icyphy/ptII/ptolemy/domains/sdf/lib/test/auto/IntJoin2.xml (RunModel)" time="0.023" />
  <testcase classname="ptolemy.util.test.junit.AutoTests" name="[27] /home/travis/build/icyphy/ptII/ptolemy/domains/sdf/lib/test/auto/IntJoin3.xml (RunModel)" time="0.021" />
  <testcase classname="ptolemy.util.test.junit.AutoTests" name="[28] /home/travis/build/icyphy/ptII/ptolemy/domains/sdf/lib/test/auto/IntJoin4.xml (RunModel)" time="0.026" />
  <testcase classname="ptolemy.util.test.junit.AutoTests" name="[29] /home/travis/build/icyphy/ptII/ptolemy/domains/sdf/lib/test/auto/IntJoin5.xml (RunModel)" time="0.017" />
  <testcase classname="ptolemy.util.test.junit.AutoTests" name="[30] /home/travis/build/icyphy/ptII/ptolemy/domains/sdf/lib/test/auto/IntToBits.xml (RunModel)" time="0.01" />
  <testcase classname="ptolemy.util.test.junit.AutoTests" name="[31] /home/travis/build/icyphy/ptII/ptolemy/domains/sdf/lib/test/auto/LMSAdaptive.xml (RunModel)" time="0.064" />
  <testcase classname="ptolemy.util.test.junit.AutoTests" name="[32] /home/travis/build/icyphy/ptII/ptolemy/domains/sdf/lib/test/auto/LMSAdaptiveFIR.xml (RunModel)" time="0.37" />
  <testcase classname="ptolemy.util.test.junit.AutoTests" name="[33] /home/travis/build/icyphy/ptII/ptolemy/domains/sdf/lib/test/auto/LMSAdaptiveFIR2.xml (RunModel)" time="0.488" />
  <testcase classname="ptolemy.util.test.junit.AutoTests" name="[34] /home/travis/build/icyphy/ptII/ptolemy/domains/sdf/lib/test/auto/LongJoin.xml (RunModel)" time="0.044" />
  <testcase classname="ptolemy.util.test.junit.AutoTests" name="[35] /home/travis/build/icyphy/ptII/ptolemy/domains/sdf/lib/test/auto/Matrix1.xml (RunModel)" time="0.031" />
  <testcase classname="ptolemy.util.test.junit.AutoTests" name="[36] /home/travis/build/icyphy/ptII/ptolemy/domains/sdf/lib/test/auto/Matrix2.xml (RunModel)" time="0.034" />
  <testcase classname="ptolemy.util.test.junit.AutoTests" name="[37] /home/travis/build/icyphy/ptII/ptolemy/domains/sdf/lib/test/auto/MatrixJoin1.xml (RunModel)" time="0.025" />
  <testcase classname="ptolemy.util.test.junit.AutoTests" name="[38] /home/travis/build/icyphy/ptII/ptolemy/domains/sdf/lib/test/auto/MatrixJoin2.xml (RunModel)" time="0.018" />
  <testcase classname="ptolemy.util.test.junit.AutoTests" name="[39] /home/travis/build/icyphy/ptII/ptolemy/domains/sdf/lib/test/auto/MatrixJoin3.xml (RunModel)" time="0.027" />
  <testcase classname="ptolemy.util.test.junit.AutoTests" name="[40] /home/travis/build/icyphy/ptII/ptolemy/domains/sdf/lib/test/auto/MatrixJoin4.xml (RunModel)" time="0.019" />
  <testcase classname="ptolemy.util.test.junit.AutoTests" name="[41] /home/travis/build/icyphy/ptII/ptolemy/domains/sdf/lib/test/auto/MatrixJoin5.xml (RunModel)" time="0.015" />
  <testcase classname="ptolemy.util.test.junit.AutoTests" name="[42] /home/travis/build/icyphy/ptII/ptolemy/domains/sdf/lib/test/auto/MatrixSplit1.xml (RunModel)" time="0.021" />
  <testcase classname="ptolemy.util.test.junit.AutoTests" name="[43] /home/travis/build/icyphy/ptII/ptolemy/domains/sdf/lib/test/auto/MatrixSplit10.xml (RunModel)" time="0.015" />
  <testcase classname="ptolemy.util.test.junit.AutoTests" name="[44] /home/travis/build/icyphy/ptII/ptolemy/domains/sdf/lib/test/auto/MatrixSplit11.xml (RunModel)" time="0.029" />
  <testcase classname="ptolemy.util.test.junit.AutoTests" name="[45] /home/travis/build/icyphy/ptII/ptolemy/domains/sdf/lib/test/auto/MatrixSplit12.xml (RunModel)" time="0.017" />
  <testcase classname="ptolemy.util.test.junit.AutoTests" name="[46] /home/travis/build/icyphy/ptII/ptolemy/domains/sdf/lib/test/auto/MatrixSplit13.xml (RunModel)" time="0.026" />
  <testcase classname="ptolemy.util.test.junit.AutoTests" name="[47] /home/travis/build/icyphy/ptII/ptolemy/domains/sdf/lib/test/auto/MatrixSplit14.xml (RunModel)" time="0.015" />
  <testcase classname="ptolemy.util.test.junit.AutoTests" name="[48] /home/travis/build/icyphy/ptII/ptolemy/domains/sdf/lib/test/auto/MatrixSplit2.xml (RunModel)" time="0.012" />
  <testcase classname="ptolemy.util.test.junit.AutoTests" name="[49] /home/travis/build/icyphy/ptII/ptolemy/domains/sdf/lib/test/auto/MatrixSplit3.xml (RunModel)" time="0.015" />
  <testcase classname="ptolemy.util.test.junit.AutoTests" name="[50] /home/travis/build/icyphy/ptII/ptolemy/domains/sdf/lib/test/auto/MatrixSplit4.xml (RunModel)" time="0.014" />
  <testcase classname="ptolemy.util.test.junit.AutoTests" name="[51] /home/travis/build/icyphy/ptII/ptolemy/domains/sdf/lib/test/auto/MatrixSplit5.xml (RunModel)" time="0.022" />
  <testcase classname="ptolemy.util.test.junit.AutoTests" name="[52] /home/travis/build/icyphy/ptII/ptolemy/domains/sdf/lib/test/auto/MatrixSplit6.xml (RunModel)" time="0.012" />
  <testcase classname="ptolemy.util.test.junit.AutoTests" name="[53] /home/travis/build/icyphy/ptII/ptolemy/domains/sdf/lib/test/auto/MatrixSplit7.xml (RunModel)" time="0.011" />
  <testcase classname="ptolemy.util.test.junit.AutoTests" name="[54] /home/travis/build/icyphy/ptII/ptolemy/domains/sdf/lib/test/auto/MatrixSplit8.xml (RunModel)" time="0.011" />
  <testcase classname="ptolemy.util.test.junit.AutoTests" name="[55] /home/travis/build/icyphy/ptII/ptolemy/domains/sdf/lib/test/auto/MatrixSplit9.xml (RunModel)" time="0.013" />
  <testcase classname="ptolemy.util.test.junit.AutoTests" name="[56] /home/travis/build/icyphy/ptII/ptolemy/domains/sdf/lib/test/auto/MatrixToSequence.xml (RunModel)" time="0.037" />
  <testcase classname="ptolemy.util.test.junit.AutoTests" name="[57] /home/travis/build/icyphy/ptII/ptolemy/domains/sdf/lib/test/auto/MaximumEntropySpectrum.xml (RunModel)" time="0.099" />
  <testcase classname="ptolemy.util.test.junit.AutoTests" name="[58] /home/travis/build/icyphy/ptII/ptolemy/domains/sdf/lib/test/auto/SampleDelayConversion.xml (RunModel)" time="0.02" />
  <testcase classname="ptolemy.util.test.junit.AutoTests" name="[59] /home/travis/build/icyphy/ptII/ptolemy/domains/sdf/lib/test/auto/SequenceToArray.xml (RunModel)" time="0.045" />
  <testcase classname="ptolemy.util.test.junit.AutoTests" name="[60] /home/travis/build/icyphy/ptII/ptolemy/domains/sdf/lib/test/auto/SequenceToMatrix.xml (RunModel)" time="3.08" />
  <testcase classname="ptolemy.util.test.junit.AutoTests" name="[61] /home/travis/build/icyphy/ptII/ptolemy/domains/sdf/lib/test/auto/SmoothedPeriodogram.xml (RunModel)" time="0.06" />
  <testcase classname="ptolemy.util.test.junit.AutoTests" name="[62] /home/travis/build/icyphy/ptII/ptolemy/domains/sdf/lib/test/auto/UpDownSample1.xml (RunModel)" time="0.036" />
  <testcase classname="ptolemy.util.test.junit.AutoTests" name="[63] /home/travis/build/icyphy/ptII/ptolemy/domains/sdf/lib/test/auto/UpSample1.xml (RunModel)" time="0.01" />
  <testcase classname="ptolemy.util.test.junit.AutoTests" name="[64] /home/travis/build/icyphy/ptII/ptolemy/domains/sdf/lib/test/auto/VariableFIR.xml (RunModel)" time="0.017" />
  <testcase classname="ptolemy.util.test.junit.AutoTests" name="[65] /home/travis/build/icyphy/ptII/ptolemy/domains/sdf/lib/test/auto/VariableFIR2.xml (RunModel)" time="0.02" />
  <testcase classname="ptolemy.util.test.junit.AutoTests" name="[66] /home/travis/build/icyphy/ptII/ptolemy/domains/sdf/lib/test/auto/VariableLattice.xml (RunModel)" time="0.032" />
  <testcase classname="ptolemy.util.test.junit.AutoTests" name="[67] /home/travis/build/icyphy/ptII/ptolemy/domains/sdf/lib/test/auto/VariableLattice2.xml (RunModel)" time="0.017" />
  <testcase classname="ptolemy.util.test.junit.AutoTests" name="[68] /home/travis/build/icyphy/ptII/ptolemy/domains/sdf/lib/test/auto/VariableRecursiveLattice.xml (RunModel)" time="0.015" />
  <testcase classname="ptolemy.util.test.junit.AutoTests" name="[69] /home/travis/build/icyphy/ptII/ptolemy/domains/sdf/lib/test/auto/VariableRecursiveLattice2.xml (RunModel)" time="0.023" />
  <system-out><![CDATA[/home/travis/build/icyphy/ptII/ptolemy/domains/sdf/lib/test/ArrayToSequence.tcl
testDefs.tcl: setting time out to 9000 seconds at Sun Mar 01 07:10:31 UTC 2020
66 ms. Memory: 129024K Free: 94152K (73%)
17 ms. Memory: 129024K Free: 92104K (71%)
12 ms. Memory: 129024K Free: 90056K (70%)
11 ms. Memory: 129024K Free: 88518K (69%)
/home/travis/build/icyphy/ptII/ptolemy/domains/sdf/lib/test/BitsToInt.tcl
10 ms. Memory: 129024K Free: 86984K (67%)
8 ms. Memory: 129024K Free: 84936K (66%)
/home/travis/build/icyphy/ptII/ptolemy/domains/sdf/lib/test/DelayLine.tcl
8 ms. Memory: 129024K Free: 83383K (65%)
/home/travis/build/icyphy/ptII/ptolemy/domains/sdf/lib/test/FFT.tcl
5 ms. Memory: 129024K Free: 81350K (63%)
/home/travis/build/icyphy/ptII/ptolemy/domains/sdf/lib/test/FIR.tcl
8 ms. Memory: 129024K Free: 79816K (62%)
97 ms. Memory: 129024K Free: 75720K (59%)
ptolemy.kernel.util.IllegalActionException: multiplyReverse method not supported between ptolemy.data.FixToken 'fix(-0.0625,6,2)' and ptolemy.data.IntToken '1' because the types are incomparable.
  in .top.FIRclone
Because:
multiplyReverse method not supported between ptolemy.data.FixToken 'fix(-0.0625,6,2)' and ptolemy.data.IntToken '1' because the types are incomparable.
34 ms. Memory: 129024K Free: 73158K (57%)
/home/travis/build/icyphy/ptII/ptolemy/domains/sdf/lib/test/IntToBits.tcl
11 ms. Memory: 129024K Free: 71624K (56%)
6 ms. Memory: 129024K Free: 70086K (54%)
/home/travis/build/icyphy/ptII/ptolemy/domains/sdf/lib/test/MaximumEntropySpectrum.tcl
/home/travis/build/icyphy/ptII/ptolemy/domains/sdf/lib/test/Repeat.tcl
7 ms. Memory: 129024K Free: 48567K (38%)
/home/travis/build/icyphy/ptII/ptolemy/domains/sdf/lib/test/SampleDelay.tcl
21 ms. Memory: 129024K Free: 113078K (88%)
5 ms. Memory: 129024K Free: 112047K (87%)
13 ms. Memory: 129024K Free: 111030K (86%)
4 ms. Memory: 129024K Free: 110520K (86%)
3 ms. Memory: 129024K Free: 109991K (85%)
2 ms. Memory: 129024K Free: 109496K (85%)
/home/travis/build/icyphy/ptII/ptolemy/domains/sdf/lib/test/SequenceToArray.tcl
5 ms. Memory: 129024K Free: 107943K (84%)
4 ms. Memory: 129024K Free: 106934K (83%)
5 ms. Memory: 129024K Free: 105400K (82%)
5 ms. Memory: 129024K Free: 104376K (81%)
03/01/20 07:10:32
Failed: 0  Total Tests: 41  ((Passed: 41, Newly Passed: 0)  Known Failed: 0) /home/travis/build/icyphy/ptII/ptolemy/domains/sdf/lib/test
No auto/knownFailedTests/*.xml tests in /home/travis/build/icyphy/ptII/ptolemy/domains/sdf/lib/test
No auto/linux-amd64/*.xml tests in /home/travis/build/icyphy/ptII/ptolemy/domains/sdf/lib/test
AutoTests.java: About to close Vertx.
AutoTests.java: Vertx closed.

===========================================================================================
----------------- testing Sun Mar 01 07:10:33 UTC 2020 /home/travis/build/icyphy/ptII/ptolemy/domains/sdf/lib/test/auto/ArrayToSequence.xml
----------------- Instantiating /home/travis/build/icyphy/ptII/ptolemy/domains/sdf/lib/test/auto/ArrayToSequence.xml
40 ms. Memory: 129024K Free: 92738K (72%)
----------------- Invoking toplevel() on ptolemy.moml.MoMLSimpleApplication@512bbee0
----------------- Done invoking toplevel() on ptolemy.moml.MoMLSimpleApplication@512bbee0
reloadAllAccessors: .ArrayToSequence

===========================================================================================
----------------- testing Sun Mar 01 07:10:33 UTC 2020 /home/travis/build/icyphy/ptII/ptolemy/domains/sdf/lib/test/auto/ArrayToSequenceTest.xml
----------------- Instantiating /home/travis/build/icyphy/ptII/ptolemy/domains/sdf/lib/test/auto/ArrayToSequenceTest.xml
21 ms. Memory: 129024K Free: 86241K (67%)
----------------- Invoking toplevel() on ptolemy.moml.MoMLSimpleApplication@11d8c7a7
----------------- Done invoking toplevel() on ptolemy.moml.MoMLSimpleApplication@11d8c7a7
reloadAllAccessors: .ArrayToSequenceTest

===========================================================================================
----------------- testing Sun Mar 01 07:10:33 UTC 2020 /home/travis/build/icyphy/ptII/ptolemy/domains/sdf/lib/test/auto/Autocorrelation.xml
----------------- Instantiating /home/travis/build/icyphy/ptII/ptolemy/domains/sdf/lib/test/auto/Autocorrelation.xml
6 ms. Memory: 129024K Free: 109709K (85%)
----------------- Invoking toplevel() on ptolemy.moml.MoMLSimpleApplication@671e4a6c
----------------- Done invoking toplevel() on ptolemy.moml.MoMLSimpleApplication@671e4a6c
reloadAllAccessors: .Autocorrelation

===========================================================================================
----------------- testing Sun Mar 01 07:10:33 UTC 2020 /home/travis/build/icyphy/ptII/ptolemy/domains/sdf/lib/test/auto/Autocorrelation2.xml
----------------- Instantiating /home/travis/build/icyphy/ptII/ptolemy/domains/sdf/lib/test/auto/Autocorrelation2.xml
12 ms. Memory: 129024K Free: 105453K (82%)
----------------- Invoking toplevel() on ptolemy.moml.MoMLSimpleApplication@6649cfae
----------------- Done invoking toplevel() on ptolemy.moml.MoMLSimpleApplication@6649cfae
reloadAllAccessors: .Autocorrelation2

===========================================================================================
----------------- testing Sun Mar 01 07:10:33 UTC 2020 /home/travis/build/icyphy/ptII/ptolemy/domains/sdf/lib/test/auto/Autocorrelation3.xml
----------------- Instantiating /home/travis/build/icyphy/ptII/ptolemy/domains/sdf/lib/test/auto/Autocorrelation3.xml
7 ms. Memory: 129024K Free: 101670K (79%)
----------------- Invoking toplevel() on ptolemy.moml.MoMLSimpleApplication@4d3f107a
----------------- Done invoking toplevel() on ptolemy.moml.MoMLSimpleApplication@4d3f107a
reloadAllAccessors: .Autocorrelation3

===========================================================================================
----------------- testing Sun Mar 01 07:10:33 UTC 2020 /home/travis/build/icyphy/ptII/ptolemy/domains/sdf/lib/test/auto/Autocorrelation4.xml
----------------- Instantiating /home/travis/build/icyphy/ptII/ptolemy/domains/sdf/lib/test/auto/Autocorrelation4.xml
15 ms. Memory: 129024K Free: 97269K (75%)
----------------- Invoking toplevel() on ptolemy.moml.MoMLSimpleApplication@3f6a5ae4
----------------- Done invoking toplevel() on ptolemy.moml.MoMLSimpleApplication@3f6a5ae4
reloadAllAccessors: .Autocorrelation4

===========================================================================================
----------------- testing Sun Mar 01 07:10:33 UTC 2020 /home/travis/build/icyphy/ptII/ptolemy/domains/sdf/lib/test/auto/Autocorrelation5.xml
----------------- Instantiating /home/travis/build/icyphy/ptII/ptolemy/domains/sdf/lib/test/auto/Autocorrelation5.xml
53 ms. Memory: 129024K Free: 90420K (70%)
----------------- Invoking toplevel() on ptolemy.moml.MoMLSimpleApplication@5967e8f2
----------------- Done invoking toplevel() on ptolemy.moml.MoMLSimpleApplication@5967e8f2
reloadAllAccessors: .Autocorrelation5

===========================================================================================
----------------- testing Sun Mar 01 07:10:33 UTC 2020 /home/travis/build/icyphy/ptII/ptolemy/domains/sdf/lib/test/auto/BitsToInt.xml
----------------- Instantiating /home/travis/build/icyphy/ptII/ptolemy/domains/sdf/lib/test/auto/BitsToInt.xml
3 ms. Memory: 129024K Free: 87013K (67%)
----------------- Invoking toplevel() on ptolemy.moml.MoMLSimpleApplication@4e3b4e76
----------------- Done invoking toplevel() on ptolemy.moml.MoMLSimpleApplication@4e3b4e76
reloadAllAccessors: .BitsToInt

===========================================================================================
----------------- testing Sun Mar 01 07:10:33 UTC 2020 /home/travis/build/icyphy/ptII/ptolemy/domains/sdf/lib/test/auto/BooleanJoin.xml
----------------- Instantiating /home/travis/build/icyphy/ptII/ptolemy/domains/sdf/lib/test/auto/BooleanJoin.xml
18 ms. Memory: 129024K Free: 82917K (64%)
----------------- Invoking toplevel() on ptolemy.moml.MoMLSimpleApplication@33116fa4
----------------- Done invoking toplevel() on ptolemy.moml.MoMLSimpleApplication@33116fa4
reloadAllAccessors: .BooleanJoin

===========================================================================================
----------------- testing Sun Mar 01 07:10:34 UTC 2020 /home/travis/build/icyphy/ptII/ptolemy/domains/sdf/lib/test/auto/BootstrapSampleDelay.xml
----------------- Instantiating /home/travis/build/icyphy/ptII/ptolemy/domains/sdf/lib/test/auto/BootstrapSampleDelay.xml
7 ms. Memory: 129024K Free: 78883K (61%)
----------------- Invoking toplevel() on ptolemy.moml.MoMLSimpleApplication@1cd0e966
----------------- Done invoking toplevel() on ptolemy.moml.MoMLSimpleApplication@1cd0e966
reloadAllAccessors: .BootstrapSampleDelay

===========================================================================================
----------------- testing Sun Mar 01 07:10:34 UTC 2020 /home/travis/build/icyphy/ptII/ptolemy/domains/sdf/lib/test/auto/Chop.xml
----------------- Instantiating /home/travis/build/icyphy/ptII/ptolemy/domains/sdf/lib/test/auto/Chop.xml
9 ms. Memory: 129024K Free: 112326K (87%)
----------------- Invoking toplevel() on ptolemy.moml.MoMLSimpleApplication@2694a1a9
----------------- Done invoking toplevel() on ptolemy.moml.MoMLSimpleApplication@2694a1a9
reloadAllAccessors: .Chop

===========================================================================================
----------------- testing Sun Mar 01 07:10:34 UTC 2020 /home/travis/build/icyphy/ptII/ptolemy/domains/sdf/lib/test/auto/Chop2.xml
----------------- Instantiating /home/travis/build/icyphy/ptII/ptolemy/domains/sdf/lib/test/auto/Chop2.xml
4 ms. Memory: 129024K Free: 105730K (82%)
----------------- Invoking toplevel() on ptolemy.moml.MoMLSimpleApplication@31b1b37f
----------------- Done invoking toplevel() on ptolemy.moml.MoMLSimpleApplication@31b1b37f
reloadAllAccessors: .Chop2

===========================================================================================
----------------- testing Sun Mar 01 07:10:34 UTC 2020 /home/travis/build/icyphy/ptII/ptolemy/domains/sdf/lib/test/auto/ComplexJoin.xml
----------------- Instantiating /home/travis/build/icyphy/ptII/ptolemy/domains/sdf/lib/test/auto/ComplexJoin.xml
4 ms. Memory: 129024K Free: 101634K (79%)
----------------- Invoking toplevel() on ptolemy.moml.MoMLSimpleApplication@49567db5
----------------- Done invoking toplevel() on ptolemy.moml.MoMLSimpleApplication@49567db5
reloadAllAccessors: .ComplexJoin

===========================================================================================
----------------- testing Sun Mar 01 07:10:34 UTC 2020 /home/travis/build/icyphy/ptII/ptolemy/domains/sdf/lib/test/auto/CountTrues.xml
----------------- Instantiating /home/travis/build/icyphy/ptII/ptolemy/domains/sdf/lib/test/auto/CountTrues.xml
3 ms. Memory: 129024K Free: 98172K (76%)
----------------- Invoking toplevel() on ptolemy.moml.MoMLSimpleApplication@f9e47d
----------------- Done invoking toplevel() on ptolemy.moml.MoMLSimpleApplication@f9e47d
reloadAllAccessors: .CountTrues

===========================================================================================
----------------- testing Sun Mar 01 07:10:34 UTC 2020 /home/travis/build/icyphy/ptII/ptolemy/domains/sdf/lib/test/auto/DelayLine.xml
----------------- Instantiating /home/travis/build/icyphy/ptII/ptolemy/domains/sdf/lib/test/auto/DelayLine.xml
8 ms. Memory: 129024K Free: 93448K (72%)
----------------- Invoking toplevel() on ptolemy.moml.MoMLSimpleApplication@44ef3d08
----------------- Done invoking toplevel() on ptolemy.moml.MoMLSimpleApplication@44ef3d08
reloadAllAccessors: .DelayLine

===========================================================================================
----------------- testing Sun Mar 01 07:10:34 UTC 2020 /home/travis/build/icyphy/ptII/ptolemy/domains/sdf/lib/test/auto/DotProduct.xml
----------------- Instantiating /home/travis/build/icyphy/ptII/ptolemy/domains/sdf/lib/test/auto/DotProduct.xml
3 ms. Memory: 129024K Free: 89994K (70%)
----------------- Invoking toplevel() on ptolemy.moml.MoMLSimpleApplication@61e1d5fc
----------------- Done invoking toplevel() on ptolemy.moml.MoMLSimpleApplication@61e1d5fc
reloadAllAccessors: .DotProduct

===========================================================================================
----------------- testing Sun Mar 01 07:10:34 UTC 2020 /home/travis/build/icyphy/ptII/ptolemy/domains/sdf/lib/test/auto/DotProductMatrix.xml
----------------- Instantiating /home/travis/build/icyphy/ptII/ptolemy/domains/sdf/lib/test/auto/DotProductMatrix.xml
3 ms. Memory: 129024K Free: 87282K (68%)
----------------- Invoking toplevel() on ptolemy.moml.MoMLSimpleApplication@7444b4bc
----------------- Done invoking toplevel() on ptolemy.moml.MoMLSimpleApplication@7444b4bc
reloadAllAccessors: .DotProductMatrix

===========================================================================================
----------------- testing Sun Mar 01 07:10:34 UTC 2020 /home/travis/build/icyphy/ptII/ptolemy/domains/sdf/lib/test/auto/DownSample1.xml
----------------- Instantiating /home/travis/build/icyphy/ptII/ptolemy/domains/sdf/lib/test/auto/DownSample1.xml
5 ms. Memory: 129024K Free: 84218K (65%)
----------------- Invoking toplevel() on ptolemy.moml.MoMLSimpleApplication@1915a158
----------------- Done invoking toplevel() on ptolemy.moml.MoMLSimpleApplication@1915a158
reloadAllAccessors: .DownSample1

===========================================================================================
----------------- testing Sun Mar 01 07:10:34 UTC 2020 /home/travis/build/icyphy/ptII/ptolemy/domains/sdf/lib/test/auto/DynamicRateChange.xml
----------------- Instantiating /home/travis/build/icyphy/ptII/ptolemy/domains/sdf/lib/test/auto/DynamicRateChange.xml
13 ms. Memory: 129024K Free: 78088K (61%)
----------------- Invoking toplevel() on ptolemy.moml.MoMLSimpleApplication@77974eee
----------------- Done invoking toplevel() on ptolemy.moml.MoMLSimpleApplication@77974eee
reloadAllAccessors: .DynamicRateChange

===========================================================================================
----------------- testing Sun Mar 01 07:10:34 UTC 2020 /home/travis/build/icyphy/ptII/ptolemy/domains/sdf/lib/test/auto/DynamicRates.xml
----------------- Instantiating /home/travis/build/icyphy/ptII/ptolemy/domains/sdf/lib/test/auto/DynamicRates.xml
10 ms. Memory: 129024K Free: 73610K (57%)
----------------- Invoking toplevel() on ptolemy.moml.MoMLSimpleApplication@629af6e8
----------------- Done invoking toplevel() on ptolemy.moml.MoMLSimpleApplication@629af6e8
reloadAllAccessors: .DynamicRates

===========================================================================================
----------------- testing Sun Mar 01 07:10:34 UTC 2020 /home/travis/build/icyphy/ptII/ptolemy/domains/sdf/lib/test/auto/FFT1.xml
----------------- Instantiating /home/travis/build/icyphy/ptII/ptolemy/domains/sdf/lib/test/auto/FFT1.xml
12 ms. Memory: 129024K Free: 69257K (54%)
----------------- Invoking toplevel() on ptolemy.moml.MoMLSimpleApplication@26272b24
----------------- Done invoking toplevel() on ptolemy.moml.MoMLSimpleApplication@26272b24
reloadAllAccessors: .FFT1

===========================================================================================
----------------- testing Sun Mar 01 07:10:34 UTC 2020 /home/travis/build/icyphy/ptII/ptolemy/domains/sdf/lib/test/auto/FIR1.xml
----------------- Instantiating /home/travis/build/icyphy/ptII/ptolemy/domains/sdf/lib/test/auto/FIR1.xml
23 ms. Memory: 129024K Free: 61704K (48%)
----------------- Invoking toplevel() on ptolemy.moml.MoMLSimpleApplication@42fe8699
----------------- Done invoking toplevel() on ptolemy.moml.MoMLSimpleApplication@42fe8699
reloadAllAccessors: .FIR1

===========================================================================================
----------------- testing Sun Mar 01 07:10:34 UTC 2020 /home/travis/build/icyphy/ptII/ptolemy/domains/sdf/lib/test/auto/FIR2.xml
----------------- Instantiating /home/travis/build/icyphy/ptII/ptolemy/domains/sdf/lib/test/auto/FIR2.xml
3 ms. Memory: 129024K Free: 58250K (45%)
----------------- Invoking toplevel() on ptolemy.moml.MoMLSimpleApplication@3ee07e51
----------------- Done invoking toplevel() on ptolemy.moml.MoMLSimpleApplication@3ee07e51
reloadAllAccessors: .FIR2

===========================================================================================
----------------- testing Sun Mar 01 07:10:34 UTC 2020 /home/travis/build/icyphy/ptII/ptolemy/domains/sdf/lib/test/auto/FIR4.xml
----------------- Instantiating /home/travis/build/icyphy/ptII/ptolemy/domains/sdf/lib/test/auto/FIR4.xml
5 ms. Memory: 129024K Free: 107901K (84%)
----------------- Invoking toplevel() on ptolemy.moml.MoMLSimpleApplication@16f0f4b6
----------------- Done invoking toplevel() on ptolemy.moml.MoMLSimpleApplication@16f0f4b6
reloadAllAccessors: .FIR4

===========================================================================================
----------------- testing Sun Mar 01 07:10:34 UTC 2020 /home/travis/build/icyphy/ptII/ptolemy/domains/sdf/lib/test/auto/FixJoin.xml
----------------- Instantiating /home/travis/build/icyphy/ptII/ptolemy/domains/sdf/lib/test/auto/FixJoin.xml
3 ms. Memory: 129024K Free: 102878K (80%)
----------------- Invoking toplevel() on ptolemy.moml.MoMLSimpleApplication@310dcec2
----------------- Done invoking toplevel() on ptolemy.moml.MoMLSimpleApplication@310dcec2
reloadAllAccessors: .FixJoin

===========================================================================================
----------------- testing Sun Mar 01 07:10:34 UTC 2020 /home/travis/build/icyphy/ptII/ptolemy/domains/sdf/lib/test/auto/IntJoin1.xml
----------------- Instantiating /home/travis/build/icyphy/ptII/ptolemy/domains/sdf/lib/test/auto/IntJoin1.xml
3 ms. Memory: 129024K Free: 98620K (76%)
----------------- Invoking toplevel() on ptolemy.moml.MoMLSimpleApplication@6a7fa1b7
----------------- Done invoking toplevel() on ptolemy.moml.MoMLSimpleApplication@6a7fa1b7
reloadAllAccessors: .IntJoin1

===========================================================================================
----------------- testing Sun Mar 01 07:10:34 UTC 2020 /home/travis/build/icyphy/ptII/ptolemy/domains/sdf/lib/test/auto/IntJoin2.xml
----------------- Instantiating /home/travis/build/icyphy/ptII/ptolemy/domains/sdf/lib/test/auto/IntJoin2.xml
3 ms. Memory: 129024K Free: 94054K (73%)
----------------- Invoking toplevel() on ptolemy.moml.MoMLSimpleApplication@474b8398
----------------- Done invoking toplevel() on ptolemy.moml.MoMLSimpleApplication@474b8398
reloadAllAccessors: .IntJoin2

===========================================================================================
----------------- testing Sun Mar 01 07:10:34 UTC 2020 /home/travis/build/icyphy/ptII/ptolemy/domains/sdf/lib/test/auto/IntJoin3.xml
----------------- Instantiating /home/travis/build/icyphy/ptII/ptolemy/domains/sdf/lib/test/auto/IntJoin3.xml
3 ms. Memory: 129024K Free: 89404K (69%)
----------------- Invoking toplevel() on ptolemy.moml.MoMLSimpleApplication@43bd937f
----------------- Done invoking toplevel() on ptolemy.moml.MoMLSimpleApplication@43bd937f
reloadAllAccessors: .IntJoin3

===========================================================================================
----------------- testing Sun Mar 01 07:10:34 UTC 2020 /home/travis/build/icyphy/ptII/ptolemy/domains/sdf/lib/test/auto/IntJoin4.xml
----------------- Instantiating /home/travis/build/icyphy/ptII/ptolemy/domains/sdf/lib/test/auto/IntJoin4.xml
3 ms. Memory: 129024K Free: 85308K (66%)
----------------- Invoking toplevel() on ptolemy.moml.MoMLSimpleApplication@77a1116c
----------------- Done invoking toplevel() on ptolemy.moml.MoMLSimpleApplication@77a1116c
reloadAllAccessors: .IntJoin4

===========================================================================================
----------------- testing Sun Mar 01 07:10:34 UTC 2020 /home/travis/build/icyphy/ptII/ptolemy/domains/sdf/lib/test/auto/IntJoin5.xml
----------------- Instantiating /home/travis/build/icyphy/ptII/ptolemy/domains/sdf/lib/test/auto/IntJoin5.xml
2 ms. Memory: 129024K Free: 80750K (63%)
----------------- Invoking toplevel() on ptolemy.moml.MoMLSimpleApplication@7155bd4b
----------------- Done invoking toplevel() on ptolemy.moml.MoMLSimpleApplication@7155bd4b
reloadAllAccessors: .IntJoin5

===========================================================================================
----------------- testing Sun Mar 01 07:10:34 UTC 2020 /home/travis/build/icyphy/ptII/ptolemy/domains/sdf/lib/test/auto/IntToBits.xml
----------------- Instantiating /home/travis/build/icyphy/ptII/ptolemy/domains/sdf/lib/test/auto/IntToBits.xml
1 ms. Memory: 129024K Free: 77670K (60%)
----------------- Invoking toplevel() on ptolemy.moml.MoMLSimpleApplication@b57eed
----------------- Done invoking toplevel() on ptolemy.moml.MoMLSimpleApplication@b57eed
reloadAllAccessors: .IntToBits

===========================================================================================
----------------- testing Sun Mar 01 07:10:34 UTC 2020 /home/travis/build/icyphy/ptII/ptolemy/domains/sdf/lib/test/auto/LMSAdaptive.xml
----------------- Instantiating /home/travis/build/icyphy/ptII/ptolemy/domains/sdf/lib/test/auto/LMSAdaptive.xml
12 ms. Memory: 129024K Free: 69070K (54%)
----------------- Invoking toplevel() on ptolemy.moml.MoMLSimpleApplication@6d834d0f
----------------- Done invoking toplevel() on ptolemy.moml.MoMLSimpleApplication@6d834d0f
reloadAllAccessors: .LMSAdaptive

===========================================================================================
----------------- testing Sun Mar 01 07:10:34 UTC 2020 /home/travis/build/icyphy/ptII/ptolemy/domains/sdf/lib/test/auto/LMSAdaptiveFIR.xml
----------------- Instantiating /home/travis/build/icyphy/ptII/ptolemy/domains/sdf/lib/test/auto/LMSAdaptiveFIR.xml
272 ms. Memory: 155648K Free: 125267K (80%)
----------------- Invoking toplevel() on ptolemy.moml.MoMLSimpleApplication@1f847af4
----------------- Done invoking toplevel() on ptolemy.moml.MoMLSimpleApplication@1f847af4
reloadAllAccessors: .LMSAdaptiveFIR

===========================================================================================
----------------- testing Sun Mar 01 07:10:35 UTC 2020 /home/travis/build/icyphy/ptII/ptolemy/domains/sdf/lib/test/auto/LMSAdaptiveFIR2.xml
----------------- Instantiating /home/travis/build/icyphy/ptII/ptolemy/domains/sdf/lib/test/auto/LMSAdaptiveFIR2.xml
385 ms. Memory: 155648K Free: 69819K (45%)
----------------- Invoking toplevel() on ptolemy.moml.MoMLSimpleApplication@71fb92a4
----------------- Done invoking toplevel() on ptolemy.moml.MoMLSimpleApplication@71fb92a4
reloadAllAccessors: .LMSAdaptiveFIR2

===========================================================================================
----------------- testing Sun Mar 01 07:10:35 UTC 2020 /home/travis/build/icyphy/ptII/ptolemy/domains/sdf/lib/test/auto/LongJoin.xml
----------------- Instantiating /home/travis/build/icyphy/ptII/ptolemy/domains/sdf/lib/test/auto/LongJoin.xml
3 ms. Memory: 155648K Free: 65213K (42%)
----------------- Invoking toplevel() on ptolemy.moml.MoMLSimpleApplication@710fc9a8
----------------- Done invoking toplevel() on ptolemy.moml.MoMLSimpleApplication@710fc9a8
reloadAllAccessors: .LongJoin

===========================================================================================
----------------- testing Sun Mar 01 07:10:35 UTC 2020 /home/travis/build/icyphy/ptII/ptolemy/domains/sdf/lib/test/auto/Matrix1.xml
----------------- Instantiating /home/travis/build/icyphy/ptII/ptolemy/domains/sdf/lib/test/auto/Matrix1.xml
7 ms. Memory: 155648K Free: 138740K (89%)
----------------- Invoking toplevel() on ptolemy.moml.MoMLSimpleApplication@2dad10a1
----------------- Done invoking toplevel() on ptolemy.moml.MoMLSimpleApplication@2dad10a1
reloadAllAccessors: .Matrix1

===========================================================================================
----------------- testing Sun Mar 01 07:10:35 UTC 2020 /home/travis/build/icyphy/ptII/ptolemy/domains/sdf/lib/test/auto/Matrix2.xml
----------------- Instantiating /home/travis/build/icyphy/ptII/ptolemy/domains/sdf/lib/test/auto/Matrix2.xml
4 ms. Memory: 155648K Free: 134130K (86%)
----------------- Invoking toplevel() on ptolemy.moml.MoMLSimpleApplication@3cc33e33
----------------- Done invoking toplevel() on ptolemy.moml.MoMLSimpleApplication@3cc33e33
reloadAllAccessors: .Matrix2

===========================================================================================
----------------- testing Sun Mar 01 07:10:35 UTC 2020 /home/travis/build/icyphy/ptII/ptolemy/domains/sdf/lib/test/auto/MatrixJoin1.xml
----------------- Instantiating /home/travis/build/icyphy/ptII/ptolemy/domains/sdf/lib/test/auto/MatrixJoin1.xml
3 ms. Memory: 155648K Free: 129524K (83%)
----------------- Invoking toplevel() on ptolemy.moml.MoMLSimpleApplication@3c22de90
----------------- Done invoking toplevel() on ptolemy.moml.MoMLSimpleApplication@3c22de90
reloadAllAccessors: .MatrixJoin1

===========================================================================================
----------------- testing Sun Mar 01 07:10:35 UTC 2020 /home/travis/build/icyphy/ptII/ptolemy/domains/sdf/lib/test/auto/MatrixJoin2.xml
----------------- Instantiating /home/travis/build/icyphy/ptII/ptolemy/domains/sdf/lib/test/auto/MatrixJoin2.xml
3 ms. Memory: 155648K Free: 125428K (81%)
----------------- Invoking toplevel() on ptolemy.moml.MoMLSimpleApplication@39e2dfd1
----------------- Done invoking toplevel() on ptolemy.moml.MoMLSimpleApplication@39e2dfd1
reloadAllAccessors: .MatrixJoin2

===========================================================================================
----------------- testing Sun Mar 01 07:10:35 UTC 2020 /home/travis/build/icyphy/ptII/ptolemy/domains/sdf/lib/test/auto/MatrixJoin3.xml
----------------- Instantiating /home/travis/build/icyphy/ptII/ptolemy/domains/sdf/lib/test/auto/MatrixJoin3.xml
6 ms. Memory: 155648K Free: 120818K (78%)
----------------- Invoking toplevel() on ptolemy.moml.MoMLSimpleApplication@4a742bbd
----------------- Done invoking toplevel() on ptolemy.moml.MoMLSimpleApplication@4a742bbd
reloadAllAccessors: .MatrixJoin3

===========================================================================================
----------------- testing Sun Mar 01 07:10:35 UTC 2020 /home/travis/build/icyphy/ptII/ptolemy/domains/sdf/lib/test/auto/MatrixJoin4.xml
----------------- Instantiating /home/travis/build/icyphy/ptII/ptolemy/domains/sdf/lib/test/auto/MatrixJoin4.xml
3 ms. Memory: 155648K Free: 116722K (75%)
----------------- Invoking toplevel() on ptolemy.moml.MoMLSimpleApplication@7f0cedc3
----------------- Done invoking toplevel() on ptolemy.moml.MoMLSimpleApplication@7f0cedc3
reloadAllAccessors: .MatrixJoin4

===========================================================================================
----------------- testing Sun Mar 01 07:10:35 UTC 2020 /home/travis/build/icyphy/ptII/ptolemy/domains/sdf/lib/test/auto/MatrixJoin5.xml
----------------- Instantiating /home/travis/build/icyphy/ptII/ptolemy/domains/sdf/lib/test/auto/MatrixJoin5.xml
2 ms. Memory: 155648K Free: 112626K (72%)
----------------- Invoking toplevel() on ptolemy.moml.MoMLSimpleApplication@1d080d81
----------------- Done invoking toplevel() on ptolemy.moml.MoMLSimpleApplication@1d080d81
reloadAllAccessors: .MatrixJoin5

===========================================================================================
----------------- testing Sun Mar 01 07:10:35 UTC 2020 /home/travis/build/icyphy/ptII/ptolemy/domains/sdf/lib/test/auto/MatrixSplit1.xml
----------------- Instantiating /home/travis/build/icyphy/ptII/ptolemy/domains/sdf/lib/test/auto/MatrixSplit1.xml
2 ms. Memory: 155648K Free: 107506K (69%)
----------------- Invoking toplevel() on ptolemy.moml.MoMLSimpleApplication@796de987
----------------- Done invoking toplevel() on ptolemy.moml.MoMLSimpleApplication@796de987
reloadAllAccessors: .MatrixSplit1

===========================================================================================
----------------- testing Sun Mar 01 07:10:35 UTC 2020 /home/travis/build/icyphy/ptII/ptolemy/domains/sdf/lib/test/auto/MatrixSplit10.xml
----------------- Instantiating /home/travis/build/icyphy/ptII/ptolemy/domains/sdf/lib/test/auto/MatrixSplit10.xml
2 ms. Memory: 155648K Free: 103410K (66%)
----------------- Invoking toplevel() on ptolemy.moml.MoMLSimpleApplication@31bd16ad
----------------- Done invoking toplevel() on ptolemy.moml.MoMLSimpleApplication@31bd16ad
reloadAllAccessors: .MatrixSplit10

===========================================================================================
----------------- testing Sun Mar 01 07:10:35 UTC 2020 /home/travis/build/icyphy/ptII/ptolemy/domains/sdf/lib/test/auto/MatrixSplit11.xml
----------------- Instantiating /home/travis/build/icyphy/ptII/ptolemy/domains/sdf/lib/test/auto/MatrixSplit11.xml
2 ms. Memory: 155648K Free: 99828K (64%)
----------------- Invoking toplevel() on ptolemy.moml.MoMLSimpleApplication@67ec1315
----------------- Done invoking toplevel() on ptolemy.moml.MoMLSimpleApplication@67ec1315
reloadAllAccessors: .MatrixSplit11

===========================================================================================
----------------- testing Sun Mar 01 07:10:35 UTC 2020 /home/travis/build/icyphy/ptII/ptolemy/domains/sdf/lib/test/auto/MatrixSplit12.xml
----------------- Instantiating /home/travis/build/icyphy/ptII/ptolemy/domains/sdf/lib/test/auto/MatrixSplit12.xml
2 ms. Memory: 155648K Free: 96242K (62%)
----------------- Invoking toplevel() on ptolemy.moml.MoMLSimpleApplication@238c28a
----------------- Done invoking toplevel() on ptolemy.moml.MoMLSimpleApplication@238c28a
reloadAllAccessors: .MatrixSplit12

===========================================================================================
----------------- testing Sun Mar 01 07:10:36 UTC 2020 /home/travis/build/icyphy/ptII/ptolemy/domains/sdf/lib/test/auto/MatrixSplit13.xml
----------------- Instantiating /home/travis/build/icyphy/ptII/ptolemy/domains/sdf/lib/test/auto/MatrixSplit13.xml
6 ms. Memory: 155648K Free: 92660K (60%)
----------------- Invoking toplevel() on ptolemy.moml.MoMLSimpleApplication@1323b049
----------------- Done invoking toplevel() on ptolemy.moml.MoMLSimpleApplication@1323b049
reloadAllAccessors: .MatrixSplit13

===========================================================================================
----------------- testing Sun Mar 01 07:10:36 UTC 2020 /home/travis/build/icyphy/ptII/ptolemy/domains/sdf/lib/test/auto/MatrixSplit14.xml
----------------- Instantiating /home/travis/build/icyphy/ptII/ptolemy/domains/sdf/lib/test/auto/MatrixSplit14.xml
2 ms. Memory: 155648K Free: 89074K (57%)
----------------- Invoking toplevel() on ptolemy.moml.MoMLSimpleApplication@48656f3a
----------------- Done invoking toplevel() on ptolemy.moml.MoMLSimpleApplication@48656f3a
reloadAllAccessors: .MatrixSplit14

===========================================================================================
----------------- testing Sun Mar 01 07:10:36 UTC 2020 /home/travis/build/icyphy/ptII/ptolemy/domains/sdf/lib/test/auto/MatrixSplit2.xml
----------------- Instantiating /home/travis/build/icyphy/ptII/ptolemy/domains/sdf/lib/test/auto/MatrixSplit2.xml
2 ms. Memory: 155648K Free: 85492K (55%)
----------------- Invoking toplevel() on ptolemy.moml.MoMLSimpleApplication@1c244081
----------------- Done invoking toplevel() on ptolemy.moml.MoMLSimpleApplication@1c244081
reloadAllAccessors: .MatrixSplit2

===========================================================================================
----------------- testing Sun Mar 01 07:10:36 UTC 2020 /home/travis/build/icyphy/ptII/ptolemy/domains/sdf/lib/test/auto/MatrixSplit3.xml
----------------- Instantiating /home/travis/build/icyphy/ptII/ptolemy/domains/sdf/lib/test/auto/MatrixSplit3.xml
2 ms. Memory: 155648K Free: 81906K (53%)
----------------- Invoking toplevel() on ptolemy.moml.MoMLSimpleApplication@4dbaec7f
----------------- Done invoking toplevel() on ptolemy.moml.MoMLSimpleApplication@4dbaec7f
reloadAllAccessors: .MatrixSplit3

===========================================================================================
----------------- testing Sun Mar 01 07:10:36 UTC 2020 /home/travis/build/icyphy/ptII/ptolemy/domains/sdf/lib/test/auto/MatrixSplit4.xml
----------------- Instantiating /home/travis/build/icyphy/ptII/ptolemy/domains/sdf/lib/test/auto/MatrixSplit4.xml
2 ms. Memory: 155648K Free: 78324K (50%)
----------------- Invoking toplevel() on ptolemy.moml.MoMLSimpleApplication@68fddc37
----------------- Done invoking toplevel() on ptolemy.moml.MoMLSimpleApplication@68fddc37
reloadAllAccessors: .MatrixSplit4

===========================================================================================
----------------- testing Sun Mar 01 07:10:36 UTC 2020 /home/travis/build/icyphy/ptII/ptolemy/domains/sdf/lib/test/auto/MatrixSplit5.xml
----------------- Instantiating /home/travis/build/icyphy/ptII/ptolemy/domains/sdf/lib/test/auto/MatrixSplit5.xml
9 ms. Memory: 155648K Free: 74738K (48%)
----------------- Invoking toplevel() on ptolemy.moml.MoMLSimpleApplication@6d76c5ce
----------------- Done invoking toplevel() on ptolemy.moml.MoMLSimpleApplication@6d76c5ce
reloadAllAccessors: .MatrixSplit5

===========================================================================================
----------------- testing Sun Mar 01 07:10:36 UTC 2020 /home/travis/build/icyphy/ptII/ptolemy/domains/sdf/lib/test/auto/MatrixSplit6.xml
----------------- Instantiating /home/travis/build/icyphy/ptII/ptolemy/domains/sdf/lib/test/auto/MatrixSplit6.xml
2 ms. Memory: 155648K Free: 71156K (46%)
----------------- Invoking toplevel() on ptolemy.moml.MoMLSimpleApplication@721b183d
----------------- Done invoking toplevel() on ptolemy.moml.MoMLSimpleApplication@721b183d
reloadAllAccessors: .MatrixSplit6

===========================================================================================
----------------- testing Sun Mar 01 07:10:36 UTC 2020 /home/travis/build/icyphy/ptII/ptolemy/domains/sdf/lib/test/auto/MatrixSplit7.xml
----------------- Instantiating /home/travis/build/icyphy/ptII/ptolemy/domains/sdf/lib/test/auto/MatrixSplit7.xml
1 ms. Memory: 155648K Free: 67570K (43%)
----------------- Invoking toplevel() on ptolemy.moml.MoMLSimpleApplication@55fe3e42
----------------- Done invoking toplevel() on ptolemy.moml.MoMLSimpleApplication@55fe3e42
reloadAllAccessors: .MatrixSplit7

===========================================================================================
----------------- testing Sun Mar 01 07:10:36 UTC 2020 /home/travis/build/icyphy/ptII/ptolemy/domains/sdf/lib/test/auto/MatrixSplit8.xml
----------------- Instantiating /home/travis/build/icyphy/ptII/ptolemy/domains/sdf/lib/test/auto/MatrixSplit8.xml
1 ms. Memory: 155648K Free: 63988K (41%)
----------------- Invoking toplevel() on ptolemy.moml.MoMLSimpleApplication@31113cc2
----------------- Done invoking toplevel() on ptolemy.moml.MoMLSimpleApplication@31113cc2
reloadAllAccessors: .MatrixSplit8

===========================================================================================
----------------- testing Sun Mar 01 07:10:36 UTC 2020 /home/travis/build/icyphy/ptII/ptolemy/domains/sdf/lib/test/auto/MatrixSplit9.xml
----------------- Instantiating /home/travis/build/icyphy/ptII/ptolemy/domains/sdf/lib/test/auto/MatrixSplit9.xml
1 ms. Memory: 155648K Free: 60402K (39%)
----------------- Invoking toplevel() on ptolemy.moml.MoMLSimpleApplication@58089c4d
----------------- Done invoking toplevel() on ptolemy.moml.MoMLSimpleApplication@58089c4d
reloadAllAccessors: .MatrixSplit9

===========================================================================================
----------------- testing Sun Mar 01 07:10:36 UTC 2020 /home/travis/build/icyphy/ptII/ptolemy/domains/sdf/lib/test/auto/MatrixToSequence.xml
----------------- Instantiating /home/travis/build/icyphy/ptII/ptolemy/domains/sdf/lib/test/auto/MatrixToSequence.xml
4 ms. Memory: 155648K Free: 131726K (85%)
----------------- Invoking toplevel() on ptolemy.moml.MoMLSimpleApplication@552d7b3a
----------------- Done invoking toplevel() on ptolemy.moml.MoMLSimpleApplication@552d7b3a
reloadAllAccessors: .MatrixToSequence

===========================================================================================
----------------- testing Sun Mar 01 07:10:36 UTC 2020 /home/travis/build/icyphy/ptII/ptolemy/domains/sdf/lib/test/auto/MaximumEntropySpectrum.xml
----------------- Instantiating /home/travis/build/icyphy/ptII/ptolemy/domains/sdf/lib/test/auto/MaximumEntropySpectrum.xml
10 ms. Memory: 155648K Free: 110736K (71%)
----------------- Invoking toplevel() on ptolemy.moml.MoMLSimpleApplication@3134aecb
----------------- Done invoking toplevel() on ptolemy.moml.MoMLSimpleApplication@3134aecb
reloadAllAccessors: .MaximumEntropySpectrum

===========================================================================================
----------------- testing Sun Mar 01 07:10:36 UTC 2020 /home/travis/build/icyphy/ptII/ptolemy/domains/sdf/lib/test/auto/SampleDelayConversion.xml
----------------- Instantiating /home/travis/build/icyphy/ptII/ptolemy/domains/sdf/lib/test/auto/SampleDelayConversion.xml
2 ms. Memory: 155648K Free: 106640K (69%)
----------------- Invoking toplevel() on ptolemy.moml.MoMLSimpleApplication@566560a3
----------------- Done invoking toplevel() on ptolemy.moml.MoMLSimpleApplication@566560a3
reloadAllAccessors: .SampleDelayConversion

===========================================================================================
----------------- testing Sun Mar 01 07:10:36 UTC 2020 /home/travis/build/icyphy/ptII/ptolemy/domains/sdf/lib/test/auto/SequenceToArray.xml
----------------- Instantiating /home/travis/build/icyphy/ptII/ptolemy/domains/sdf/lib/test/auto/SequenceToArray.xml
8 ms. Memory: 155648K Free: 95376K (61%)
----------------- Invoking toplevel() on ptolemy.moml.MoMLSimpleApplication@c902253
----------------- Done invoking toplevel() on ptolemy.moml.MoMLSimpleApplication@c902253
reloadAllAccessors: .SequenceToArray

===========================================================================================
----------------- testing Sun Mar 01 07:10:36 UTC 2020 /home/travis/build/icyphy/ptII/ptolemy/domains/sdf/lib/test/auto/SequenceToMatrix.xml
----------------- Instantiating /home/travis/build/icyphy/ptII/ptolemy/domains/sdf/lib/test/auto/SequenceToMatrix.xml
3059 ms. Memory: 155648K Free: 115980K (75%)
----------------- Invoking toplevel() on ptolemy.moml.MoMLSimpleApplication@71de6852
----------------- Done invoking toplevel() on ptolemy.moml.MoMLSimpleApplication@71de6852
reloadAllAccessors: .SequenceToMatrix

===========================================================================================
----------------- testing Sun Mar 01 07:10:39 UTC 2020 /home/travis/build/icyphy/ptII/ptolemy/domains/sdf/lib/test/auto/SmoothedPeriodogram.xml
----------------- Instantiating /home/travis/build/icyphy/ptII/ptolemy/domains/sdf/lib/test/auto/SmoothedPeriodogram.xml
10 ms. Memory: 155648K Free: 100620K (65%)
----------------- Invoking toplevel() on ptolemy.moml.MoMLSimpleApplication@52fedad3
----------------- Done invoking toplevel() on ptolemy.moml.MoMLSimpleApplication@52fedad3
reloadAllAccessors: .SmoothedPeriodogram

===========================================================================================
----------------- testing Sun Mar 01 07:10:39 UTC 2020 /home/travis/build/icyphy/ptII/ptolemy/domains/sdf/lib/test/auto/UpDownSample1.xml
----------------- Instantiating /home/travis/build/icyphy/ptII/ptolemy/domains/sdf/lib/test/auto/UpDownSample1.xml
3 ms. Memory: 155648K Free: 96524K (62%)
----------------- Invoking toplevel() on ptolemy.moml.MoMLSimpleApplication@60ce268c
----------------- Done invoking toplevel() on ptolemy.moml.MoMLSimpleApplication@60ce268c
reloadAllAccessors: .UpDownSample1

===========================================================================================
----------------- testing Sun Mar 01 07:10:39 UTC 2020 /home/travis/build/icyphy/ptII/ptolemy/domains/sdf/lib/test/auto/UpSample1.xml
----------------- Instantiating /home/travis/build/icyphy/ptII/ptolemy/domains/sdf/lib/test/auto/UpSample1.xml
2 ms. Memory: 155648K Free: 92938K (60%)
----------------- Invoking toplevel() on ptolemy.moml.MoMLSimpleApplication@1d47c4a8
----------------- Done invoking toplevel() on ptolemy.moml.MoMLSimpleApplication@1d47c4a8
reloadAllAccessors: .UpSample1

===========================================================================================
----------------- testing Sun Mar 01 07:10:39 UTC 2020 /home/travis/build/icyphy/ptII/ptolemy/domains/sdf/lib/test/auto/VariableFIR.xml
----------------- Instantiating /home/travis/build/icyphy/ptII/ptolemy/domains/sdf/lib/test/auto/VariableFIR.xml
3 ms. Memory: 155648K Free: 87818K (56%)
----------------- Invoking toplevel() on ptolemy.moml.MoMLSimpleApplication@6e020e67
----------------- Done invoking toplevel() on ptolemy.moml.MoMLSimpleApplication@6e020e67
reloadAllAccessors: .VariableFIR

===========================================================================================
----------------- testing Sun Mar 01 07:10:39 UTC 2020 /home/travis/build/icyphy/ptII/ptolemy/domains/sdf/lib/test/auto/VariableFIR2.xml
----------------- Instantiating /home/travis/build/icyphy/ptII/ptolemy/domains/sdf/lib/test/auto/VariableFIR2.xml
4 ms. Memory: 155648K Free: 82692K (53%)
----------------- Invoking toplevel() on ptolemy.moml.MoMLSimpleApplication@74af51f1
----------------- Done invoking toplevel() on ptolemy.moml.MoMLSimpleApplication@74af51f1
reloadAllAccessors: .VariableFIR2

===========================================================================================
----------------- testing Sun Mar 01 07:10:39 UTC 2020 /home/travis/build/icyphy/ptII/ptolemy/domains/sdf/lib/test/auto/VariableLattice.xml
----------------- Instantiating /home/travis/build/icyphy/ptII/ptolemy/domains/sdf/lib/test/auto/VariableLattice.xml
5 ms. Memory: 155648K Free: 76554K (49%)
----------------- Invoking toplevel() on ptolemy.moml.MoMLSimpleApplication@5c7fd2b5
----------------- Done invoking toplevel() on ptolemy.moml.MoMLSimpleApplication@5c7fd2b5
reloadAllAccessors: .VariableLattice

===========================================================================================
----------------- testing Sun Mar 01 07:10:39 UTC 2020 /home/travis/build/icyphy/ptII/ptolemy/domains/sdf/lib/test/auto/VariableLattice2.xml
----------------- Instantiating /home/travis/build/icyphy/ptII/ptolemy/domains/sdf/lib/test/auto/VariableLattice2.xml
1.0
-1.999999602036
1.9099998677481
-0.9099996420674
0.205
0.0
0.0
1.0
-0.25
-0.5
0.0
0.0
0.0
0.0
4 ms. Memory: 155648K Free: 71948K (46%)
----------------- Invoking toplevel() on ptolemy.moml.MoMLSimpleApplication@60988398
----------------- Done invoking toplevel() on ptolemy.moml.MoMLSimpleApplication@60988398
reloadAllAccessors: .VariableLattice2

===========================================================================================
----------------- testing Sun Mar 01 07:10:39 UTC 2020 /home/travis/build/icyphy/ptII/ptolemy/domains/sdf/lib/test/auto/VariableRecursiveLattice.xml
----------------- Instantiating /home/travis/build/icyphy/ptII/ptolemy/domains/sdf/lib/test/auto/VariableRecursiveLattice.xml
3 ms. Memory: 155648K Free: 67338K (43%)
----------------- Invoking toplevel() on ptolemy.moml.MoMLSimpleApplication@5604a561
----------------- Done invoking toplevel() on ptolemy.moml.MoMLSimpleApplication@5604a561
reloadAllAccessors: .VariableRecursiveLattice

===========================================================================================
----------------- testing Sun Mar 01 07:10:39 UTC 2020 /home/travis/build/icyphy/ptII/ptolemy/domains/sdf/lib/test/auto/VariableRecursiveLattice2.xml
----------------- Instantiating /home/travis/build/icyphy/ptII/ptolemy/domains/sdf/lib/test/auto/VariableRecursiveLattice2.xml
4 ms. Memory: 155648K Free: 63754K (41%)
----------------- Invoking toplevel() on ptolemy.moml.MoMLSimpleApplication@7fa4871
----------------- Done invoking toplevel() on ptolemy.moml.MoMLSimpleApplication@7fa4871
reloadAllAccessors: .VariableRecursiveLattice2
AutoTests.java: About to close Vertx.
AutoTests.java: Vertx closed.
]]></system-out>
  <system-err><![CDATA[]]></system-err>
</testsuite>
