<?xml version="1.0" encoding="UTF-8" ?>
<testsuite errors="0" failures="0" hostname="travis-job-05c0bba7-a54f-4a18-901b-ffa9c0f10480" name="ptolemy.domains.modal.test.junit.JUnitTclTest" skipped="0" tests="148" time="9.425" timestamp="2019-04-21T04:07:04">
  <properties>
[...]
</properties>
  <testcase classname="ptolemy.util.test.junit.TclTests" name="[0] /home/travis/build/icyphy/ptII/ptolemy/domains/modal/test/SystemLevelType.tcl (RunTclFile)" time="1.73" />
  <testcase classname="ptolemy.util.test.junit.AutoKnownFailedTests" name="[0] /home/travis/build/icyphy/ptII/ptolemy/domains/modal/test/auto/knownFailedTests/CannotAnalysisWithPreemption.xml (RunModel)" time="0.132" />
  <testcase classname="ptolemy.util.test.junit.AutoNameArchTests" name="[0] ThereAreNoAutoArchTests (RunModel)" time="0.003" />
  <testcase classname="ptolemy.util.test.junit.AutoTests" name="[0] /home/travis/build/icyphy/ptII/ptolemy/domains/modal/test/auto/ABPTest.xml (RunModel)" time="0.635" />
  <testcase classname="ptolemy.util.test.junit.AutoTests" name="[1] /home/travis/build/icyphy/ptII/ptolemy/domains/modal/test/auto/ABROFlat.xml (RunModel)" time="0.077" />
  <testcase classname="ptolemy.util.test.junit.AutoTests" name="[2] /home/travis/build/icyphy/ptII/ptolemy/domains/modal/test/auto/ABROFlat2.xml (RunModel)" time="0.082" />
  <testcase classname="ptolemy.util.test.junit.AutoTests" name="[3] /home/travis/build/icyphy/ptII/ptolemy/domains/modal/test/auto/ABRO_present_hmm.xml (RunModel)" time="0.132" />
  <testcase classname="ptolemy.util.test.junit.AutoTests" name="[4] /home/travis/build/icyphy/ptII/ptolemy/domains/modal/test/auto/AMICoderExample.xml (RunModel)" time="0.053" />
  <testcase classname="ptolemy.util.test.junit.AutoTests" name="[5] /home/travis/build/icyphy/ptII/ptolemy/domains/modal/test/auto/AbsentToPresent.xml (RunModel)" time="0.018" />
  <testcase classname="ptolemy.util.test.junit.AutoTests" name="[6] /home/travis/build/icyphy/ptII/ptolemy/domains/modal/test/auto/Blending.xml (RunModel)" time="0.231" />
  <testcase classname="ptolemy.util.test.junit.AutoTests" name="[7] /home/travis/build/icyphy/ptII/ptolemy/domains/modal/test/auto/Broadcast.xml (RunModel)" time="0.045" />
  <testcase classname="ptolemy.util.test.junit.AutoTests" name="[8] /home/travis/build/icyphy/ptII/ptolemy/domains/modal/test/auto/BroadcastHierarchy.xml (RunModel)" time="0.053" />
  <testcase classname="ptolemy.util.test.junit.AutoTests" name="[9] /home/travis/build/icyphy/ptII/ptolemy/domains/modal/test/auto/BroadcastHierarchy2.xml (RunModel)" time="0.097" />
  <testcase classname="ptolemy.util.test.junit.AutoTests" name="[10] /home/travis/build/icyphy/ptII/ptolemy/domains/modal/test/auto/BroadcastHierarchy3.xml (RunModel)" time="0.082" />
  <testcase classname="ptolemy.util.test.junit.AutoTests" name="[11] /home/travis/build/icyphy/ptII/ptolemy/domains/modal/test/auto/BroadcastHierarchy4.xml (RunModel)" time="0.117" />
  <testcase classname="ptolemy.util.test.junit.AutoTests" name="[12] /home/travis/build/icyphy/ptII/ptolemy/domains/modal/test/auto/CannotAnalysisWithPreemption2.xml (RunModel)" time="0.036" />
  <testcase classname="ptolemy.util.test.junit.AutoTests" name="[13] /home/travis/build/icyphy/ptII/ptolemy/domains/modal/test/auto/CannotAnalysisWithPreemption3.xml (RunModel)" time="0.051" />
  <testcase classname="ptolemy.util.test.junit.AutoTests" name="[14] /home/travis/build/icyphy/ptII/ptolemy/domains/modal/test/auto/CannotProduce.xml (RunModel)" time="0.033" />
  <testcase classname="ptolemy.util.test.junit.AutoTests" name="[15] /home/travis/build/icyphy/ptII/ptolemy/domains/modal/test/auto/CannotProduceModal.xml (RunModel)" time="0.033" />
  <testcase classname="ptolemy.util.test.junit.AutoTests" name="[16] /home/travis/build/icyphy/ptII/ptolemy/domains/modal/test/auto/Case.xml (RunModel)" time="0.073" />
  <testcase classname="ptolemy.util.test.junit.AutoTests" name="[17] /home/travis/build/icyphy/ptII/ptolemy/domains/modal/test/auto/Case1.xml (RunModel)" time="0.033" />
  <testcase classname="ptolemy.util.test.junit.AutoTests" name="[18] /home/travis/build/icyphy/ptII/ptolemy/domains/modal/test/auto/Case2.xml (RunModel)" time="0.06" />
  <testcase classname="ptolemy.util.test.junit.AutoTests" name="[19] /home/travis/build/icyphy/ptII/ptolemy/domains/modal/test/auto/CausalityInterface1.xml (RunModel)" time="0.021" />
  <testcase classname="ptolemy.util.test.junit.AutoTests" name="[20] /home/travis/build/icyphy/ptII/ptolemy/domains/modal/test/auto/CausalityInterface10.xml (RunModel)" time="0.054" />
  <testcase classname="ptolemy.util.test.junit.AutoTests" name="[21] /home/travis/build/icyphy/ptII/ptolemy/domains/modal/test/auto/CausalityInterface11.xml (RunModel)" time="0.057" />
  <testcase classname="ptolemy.util.test.junit.AutoTests" name="[22] /home/travis/build/icyphy/ptII/ptolemy/domains/modal/test/auto/CausalityInterface12.xml (RunModel)" time="0.052" />
  <testcase classname="ptolemy.util.test.junit.AutoTests" name="[23] /home/travis/build/icyphy/ptII/ptolemy/domains/modal/test/auto/CausalityInterface13.xml (RunModel)" time="0.054" />
  <testcase classname="ptolemy.util.test.junit.AutoTests" name="[24] /home/travis/build/icyphy/ptII/ptolemy/domains/modal/test/auto/CausalityInterface14.xml (RunModel)" time="0.048" />
  <testcase classname="ptolemy.util.test.junit.AutoTests" name="[25] /home/travis/build/icyphy/ptII/ptolemy/domains/modal/test/auto/CausalityInterface2.xml (RunModel)" time="0.027" />
  <testcase classname="ptolemy.util.test.junit.AutoTests" name="[26] /home/travis/build/icyphy/ptII/ptolemy/domains/modal/test/auto/CausalityInterface3.xml (RunModel)" time="0.022" />
  <testcase classname="ptolemy.util.test.junit.AutoTests" name="[27] /home/travis/build/icyphy/ptII/ptolemy/domains/modal/test/auto/CausalityInterface4.xml (RunModel)" time="0.03" />
  <testcase classname="ptolemy.util.test.junit.AutoTests" name="[28] /home/travis/build/icyphy/ptII/ptolemy/domains/modal/test/auto/CausalityInterface5.xml (RunModel)" time="0.028" />
  <testcase classname="ptolemy.util.test.junit.AutoTests" name="[29] /home/travis/build/icyphy/ptII/ptolemy/domains/modal/test/auto/CausalityInterface6.xml (RunModel)" time="0.033" />
  <testcase classname="ptolemy.util.test.junit.AutoTests" name="[30] /home/travis/build/icyphy/ptII/ptolemy/domains/modal/test/auto/CausalityInterface7.xml (RunModel)" time="0.028" />
  <testcase classname="ptolemy.util.test.junit.AutoTests" name="[31] /home/travis/build/icyphy/ptII/ptolemy/domains/modal/test/auto/CausalityInterface8.xml (RunModel)" time="0.042" />
  <testcase classname="ptolemy.util.test.junit.AutoTests" name="[32] /home/travis/build/icyphy/ptII/ptolemy/domains/modal/test/auto/CausalityInterface9.xml (RunModel)" time="0.042" />
  <testcase classname="ptolemy.util.test.junit.AutoTests" name="[33] /home/travis/build/icyphy/ptII/ptolemy/domains/modal/test/auto/ChainedTransitions.xml (RunModel)" time="0.138" />
  <testcase classname="ptolemy.util.test.junit.AutoTests" name="[34] /home/travis/build/icyphy/ptII/ptolemy/domains/modal/test/auto/CycleOfImmediateTransitionsFSM.xml (RunModel)" time="0.021" />
  <testcase classname="ptolemy.util.test.junit.AutoTests" name="[35] /home/travis/build/icyphy/ptII/ptolemy/domains/modal/test/auto/CycleOfImmediateTransitionsModal.xml (RunModel)" time="0.021" />
  <testcase classname="ptolemy.util.test.junit.AutoTests" name="[36] /home/travis/build/icyphy/ptII/ptolemy/domains/modal/test/auto/CycleOfImmediateTransitionsModal2.xml (RunModel)" time="0.019" />
  <testcase classname="ptolemy.util.test.junit.AutoTests" name="[37] /home/travis/build/icyphy/ptII/ptolemy/domains/modal/test/auto/CycleOfImmediateTransitionsModal3.xml (RunModel)" time="0.057" />
  <testcase classname="ptolemy.util.test.junit.AutoTests" name="[38] /home/travis/build/icyphy/ptII/ptolemy/domains/modal/test/auto/DeepModal1.xml (RunModel)" time="0.042" />
  <testcase classname="ptolemy.util.test.junit.AutoTests" name="[39] /home/travis/build/icyphy/ptII/ptolemy/domains/modal/test/auto/DeepModal2.xml (RunModel)" time="0.062" />
  <testcase classname="ptolemy.util.test.junit.AutoTests" name="[40] /home/travis/build/icyphy/ptII/ptolemy/domains/modal/test/auto/DeepModal3.xml (RunModel)" time="0.059" />
  <testcase classname="ptolemy.util.test.junit.AutoTests" name="[41] /home/travis/build/icyphy/ptII/ptolemy/domains/modal/test/auto/DeepModal4.xml (RunModel)" time="0.057" />
  <testcase classname="ptolemy.util.test.junit.AutoTests" name="[42] /home/travis/build/icyphy/ptII/ptolemy/domains/modal/test/auto/Default1.xml (RunModel)" time="0.024" />
  <testcase classname="ptolemy.util.test.junit.AutoTests" name="[43] /home/travis/build/icyphy/ptII/ptolemy/domains/modal/test/auto/Default2.xml (RunModel)" time="0.02" />
  <testcase classname="ptolemy.util.test.junit.AutoTests" name="[44] /home/travis/build/icyphy/ptII/ptolemy/domains/modal/test/auto/Default3.xml (RunModel)" time="0.018" />
  <testcase classname="ptolemy.util.test.junit.AutoTests" name="[45] /home/travis/build/icyphy/ptII/ptolemy/domains/modal/test/auto/Default4.xml (RunModel)" time="0.024" />
  <testcase classname="ptolemy.util.test.junit.AutoTests" name="[46] /home/travis/build/icyphy/ptII/ptolemy/domains/modal/test/auto/Default5.xml (RunModel)" time="0.034" />
  <testcase classname="ptolemy.util.test.junit.AutoTests" name="[47] /home/travis/build/icyphy/ptII/ptolemy/domains/modal/test/auto/EmptyGuard.xml (RunModel)" time="0.034" />
  <testcase classname="ptolemy.util.test.junit.AutoTests" name="[48] /home/travis/build/icyphy/ptII/ptolemy/domains/modal/test/auto/ErrorTransition1.xml (RunModel)" time="0.037" />
  <testcase classname="ptolemy.util.test.junit.AutoTests" name="[49] /home/travis/build/icyphy/ptII/ptolemy/domains/modal/test/auto/ErrorTransition10.xml (RunModel)" time="0.063" />
  <testcase classname="ptolemy.util.test.junit.AutoTests" name="[50] /home/travis/build/icyphy/ptII/ptolemy/domains/modal/test/auto/ErrorTransition11.xml (RunModel)" time="0.035" />
  <testcase classname="ptolemy.util.test.junit.AutoTests" name="[51] /home/travis/build/icyphy/ptII/ptolemy/domains/modal/test/auto/ErrorTransition2.xml (RunModel)" time="0.022" />
  <testcase classname="ptolemy.util.test.junit.AutoTests" name="[52] /home/travis/build/icyphy/ptII/ptolemy/domains/modal/test/auto/ErrorTransition3.xml (RunModel)" time="0.025" />
  <testcase classname="ptolemy.util.test.junit.AutoTests" name="[53] /home/travis/build/icyphy/ptII/ptolemy/domains/modal/test/auto/ErrorTransition4.xml (RunModel)" time="0.026" />
  <testcase classname="ptolemy.util.test.junit.AutoTests" name="[54] /home/travis/build/icyphy/ptII/ptolemy/domains/modal/test/auto/ErrorTransition5.xml (RunModel)" time="0.024" />
  <testcase classname="ptolemy.util.test.junit.AutoTests" name="[55] /home/travis/build/icyphy/ptII/ptolemy/domains/modal/test/auto/ErrorTransition6.xml (RunModel)" time="0.026" />
  <testcase classname="ptolemy.util.test.junit.AutoTests" name="[56] /home/travis/build/icyphy/ptII/ptolemy/domains/modal/test/auto/ErrorTransition7.xml (RunModel)" time="0.032" />
  <testcase classname="ptolemy.util.test.junit.AutoTests" name="[57] /home/travis/build/icyphy/ptII/ptolemy/domains/modal/test/auto/ErrorTransition8.xml (RunModel)" time="0.057" />
  <testcase classname="ptolemy.util.test.junit.AutoTests" name="[58] /home/travis/build/icyphy/ptII/ptolemy/domains/modal/test/auto/ErrorTransition9.xml (RunModel)" time="0.032" />
  <testcase classname="ptolemy.util.test.junit.AutoTests" name="[59] /home/travis/build/icyphy/ptII/ptolemy/domains/modal/test/auto/ExtendedFSM.xml (RunModel)" time="0.02" />
  <testcase classname="ptolemy.util.test.junit.AutoTests" name="[60] /home/travis/build/icyphy/ptII/ptolemy/domains/modal/test/auto/FinalStates.xml (RunModel)" time="0.018" />
  <testcase classname="ptolemy.util.test.junit.AutoTests" name="[61] /home/travis/build/icyphy/ptII/ptolemy/domains/modal/test/auto/FixedPointFSM.xml (RunModel)" time="0.034" />
  <testcase classname="ptolemy.util.test.junit.AutoTests" name="[62] /home/travis/build/icyphy/ptII/ptolemy/domains/modal/test/auto/FixedPointIterationFSMActor.xml (RunModel)" time="0.044" />
  <testcase classname="ptolemy.util.test.junit.AutoTests" name="[63] /home/travis/build/icyphy/ptII/ptolemy/domains/modal/test/auto/FixedPointIterationFSMActor2.xml (RunModel)" time="0.026" />
  <testcase classname="ptolemy.util.test.junit.AutoTests" name="[64] /home/travis/build/icyphy/ptII/ptolemy/domains/modal/test/auto/ForbiddenInstantanousLoop.xml (RunModel)" time="0.032" />
  <testcase classname="ptolemy.util.test.junit.AutoTests" name="[65] /home/travis/build/icyphy/ptII/ptolemy/domains/modal/test/auto/FunctionDependencyOfFSMActorTest.xml (RunModel)" time="0.022" />
  <testcase classname="ptolemy.util.test.junit.AutoTests" name="[66] /home/travis/build/icyphy/ptII/ptolemy/domains/modal/test/auto/GuardExpression.xml (RunModel)" time="0.023" />
  <testcase classname="ptolemy.util.test.junit.AutoTests" name="[67] /home/travis/build/icyphy/ptII/ptolemy/domains/modal/test/auto/GuardNotEvaluated.xml (RunModel)" time="0.026" />
  <testcase classname="ptolemy.util.test.junit.AutoTests" name="[68] /home/travis/build/icyphy/ptII/ptolemy/domains/modal/test/auto/GuardNotEvaluated2.xml (RunModel)" time="0.024" />
  <testcase classname="ptolemy.util.test.junit.AutoTests" name="[69] /home/travis/build/icyphy/ptII/ptolemy/domains/modal/test/auto/GuardOnAbsent.xml (RunModel)" time="0.028" />
  <testcase classname="ptolemy.util.test.junit.AutoTests" name="[70] /home/travis/build/icyphy/ptII/ptolemy/domains/modal/test/auto/HierarchicalFSMTypeInference.xml (RunModel)" time="0.027" />
  <testcase classname="ptolemy.util.test.junit.AutoTests" name="[71] /home/travis/build/icyphy/ptII/ptolemy/domains/modal/test/auto/Hysteresis.xml (RunModel)" time="0.042" />
  <testcase classname="ptolemy.util.test.junit.AutoTests" name="[72] /home/travis/build/icyphy/ptII/ptolemy/domains/modal/test/auto/HysteresisWithDefault.xml (RunModel)" time="0.064" />
  <testcase classname="ptolemy.util.test.junit.AutoTests" name="[73] /home/travis/build/icyphy/ptII/ptolemy/domains/modal/test/auto/HysteresisWithDefault2.xml (RunModel)" time="0.063" />
  <testcase classname="ptolemy.util.test.junit.AutoTests" name="[74] /home/travis/build/icyphy/ptII/ptolemy/domains/modal/test/auto/ImmediateNonConstructiveness.xml (RunModel)" time="0.025" />
  <testcase classname="ptolemy.util.test.junit.AutoTests" name="[75] /home/travis/build/icyphy/ptII/ptolemy/domains/modal/test/auto/ImmediateNonConstructiveness2.xml (RunModel)" time="0.015" />
  <testcase classname="ptolemy.util.test.junit.AutoTests" name="[76] /home/travis/build/icyphy/ptII/ptolemy/domains/modal/test/auto/ImmediateTransitionReset.xml (RunModel)" time="0.029" />
  <testcase classname="ptolemy.util.test.junit.AutoTests" name="[77] /home/travis/build/icyphy/ptII/ptolemy/domains/modal/test/auto/ImmediateTransitions1.xml (RunModel)" time="0.018" />
  <testcase classname="ptolemy.util.test.junit.AutoTests" name="[78] /home/travis/build/icyphy/ptII/ptolemy/domains/modal/test/auto/ImmediateTransitionsInstantaneousCommunication.xml (RunModel)" time="0.031" />
  <testcase classname="ptolemy.util.test.junit.AutoTests" name="[79] /home/travis/build/icyphy/ptII/ptolemy/domains/modal/test/auto/InitialImmediateTransition.xml (RunModel)" time="0.018" />
  <testcase classname="ptolemy.util.test.junit.AutoTests" name="[80] /home/travis/build/icyphy/ptII/ptolemy/domains/modal/test/auto/InitialOutputs.xml (RunModel)" time="0.015" />
  <testcase classname="ptolemy.util.test.junit.AutoTests" name="[81] /home/travis/build/icyphy/ptII/ptolemy/domains/modal/test/auto/InitialStateTransition1.xml (RunModel)" time="0.018" />
  <testcase classname="ptolemy.util.test.junit.AutoTests" name="[82] /home/travis/build/icyphy/ptII/ptolemy/domains/modal/test/auto/InitialStateTransition2.xml (RunModel)" time="0.018" />
  <testcase classname="ptolemy.util.test.junit.AutoTests" name="[83] /home/travis/build/icyphy/ptII/ptolemy/domains/modal/test/auto/InitialStateTransition3.xml (RunModel)" time="0.021" />
  <testcase classname="ptolemy.util.test.junit.AutoTests" name="[84] /home/travis/build/icyphy/ptII/ptolemy/domains/modal/test/auto/InitialStateTransition4.xml (RunModel)" time="0.026" />
  <testcase classname="ptolemy.util.test.junit.AutoTests" name="[85] /home/travis/build/icyphy/ptII/ptolemy/domains/modal/test/auto/MalformedGuardExpressionNotCaught.xml (RunModel)" time="0.022" />
  <testcase classname="ptolemy.util.test.junit.AutoTests" name="[86] /home/travis/build/icyphy/ptII/ptolemy/domains/modal/test/auto/ModalBSC.xml (RunModel)" time="0.095" />
  <testcase classname="ptolemy.util.test.junit.AutoTests" name="[87] /home/travis/build/icyphy/ptII/ptolemy/domains/modal/test/auto/ModalClocks.xml (RunModel)" time="0.073" />
  <testcase classname="ptolemy.util.test.junit.AutoTests" name="[88] /home/travis/build/icyphy/ptII/ptolemy/domains/modal/test/auto/ModalDelay.xml (RunModel)" time="0.043" />
  <testcase classname="ptolemy.util.test.junit.AutoTests" name="[89] /home/travis/build/icyphy/ptII/ptolemy/domains/modal/test/auto/ModalDelay2.xml (RunModel)" time="0.043" />
  <testcase classname="ptolemy.util.test.junit.AutoTests" name="[90] /home/travis/build/icyphy/ptII/ptolemy/domains/modal/test/auto/ModalModelFromMemo.xml (RunModel)" time="0.051" />
  <testcase classname="ptolemy.util.test.junit.AutoTests" name="[91] /home/travis/build/icyphy/ptII/ptolemy/domains/modal/test/auto/ModalModelWithMultirateTransient.xml (RunModel)" time="0.043" />
  <testcase classname="ptolemy.util.test.junit.AutoTests" name="[92] /home/travis/build/icyphy/ptII/ptolemy/domains/modal/test/auto/ModalModelWithReset.xml (RunModel)" time="0.045" />
  <testcase classname="ptolemy.util.test.junit.AutoTests" name="[93] /home/travis/build/icyphy/ptII/ptolemy/domains/modal/test/auto/MouseClickFSM.xml (RunModel)" time="0.052" />
  <testcase classname="ptolemy.util.test.junit.AutoTests" name="[94] /home/travis/build/icyphy/ptII/ptolemy/domains/modal/test/auto/MouseClickFSMModal.xml (RunModel)" time="0.031" />
  <testcase classname="ptolemy.util.test.junit.AutoTests" name="[95] /home/travis/build/icyphy/ptII/ptolemy/domains/modal/test/auto/NonStrictFSM_FeedbackLoop.xml (RunModel)" time="0.05" />
  <testcase classname="ptolemy.util.test.junit.AutoTests" name="[96] /home/travis/build/icyphy/ptII/ptolemy/domains/modal/test/auto/NonStrictFSM_FeedbackLoop_Refinement.xml (RunModel)" time="0.075" />
  <testcase classname="ptolemy.util.test.junit.AutoTests" name="[97] /home/travis/build/icyphy/ptII/ptolemy/domains/modal/test/auto/NonStrictFSM_FeedbackLoop_preemptive.xml (RunModel)" time="0.045" />
  <testcase classname="ptolemy.util.test.junit.AutoTests" name="[98] /home/travis/build/icyphy/ptII/ptolemy/domains/modal/test/auto/NormalTermination.xml (RunModel)" time="0.054" />
  <testcase classname="ptolemy.util.test.junit.AutoTests" name="[99] /home/travis/build/icyphy/ptII/ptolemy/domains/modal/test/auto/Pong.xml (RunModel)" time="0.068" />
  <testcase classname="ptolemy.util.test.junit.AutoTests" name="[100] /home/travis/build/icyphy/ptII/ptolemy/domains/modal/test/auto/Pong_test.xml (RunModel)" time="0.1" />
  <testcase classname="ptolemy.util.test.junit.AutoTests" name="[101] /home/travis/build/icyphy/ptII/ptolemy/domains/modal/test/auto/PreemptionHierarchy.xml (RunModel)" time="0.024" />
  <testcase classname="ptolemy.util.test.junit.AutoTests" name="[102] /home/travis/build/icyphy/ptII/ptolemy/domains/modal/test/auto/PreemptionHierarchy2.xml (RunModel)" time="0.026" />
  <testcase classname="ptolemy.util.test.junit.AutoTests" name="[103] /home/travis/build/icyphy/ptII/ptolemy/domains/modal/test/auto/PreemptiveTransition.xml (RunModel)" time="0.02" />
  <testcase classname="ptolemy.util.test.junit.AutoTests" name="[104] /home/travis/build/icyphy/ptII/ptolemy/domains/modal/test/auto/Priorities.xml (RunModel)" time="0.08" />
  <testcase classname="ptolemy.util.test.junit.AutoTests" name="[105] /home/travis/build/icyphy/ptII/ptolemy/domains/modal/test/auto/ResetFinal.xml (RunModel)" time="0.035" />
  <testcase classname="ptolemy.util.test.junit.AutoTests" name="[106] /home/travis/build/icyphy/ptII/ptolemy/domains/modal/test/auto/ResetFinal2.xml (RunModel)" time="0.027" />
  <testcase classname="ptolemy.util.test.junit.AutoTests" name="[107] /home/travis/build/icyphy/ptII/ptolemy/domains/modal/test/auto/ResetTransitionWithStartTime.xml (RunModel)" time="0.031" />
  <testcase classname="ptolemy.util.test.junit.AutoTests" name="[108] /home/travis/build/icyphy/ptII/ptolemy/domains/modal/test/auto/SDF-FSMComposite.xml (RunModel)" time="0.018" />
  <testcase classname="ptolemy.util.test.junit.AutoTests" name="[109] /home/travis/build/icyphy/ptII/ptolemy/domains/modal/test/auto/SeeminglyNondeterminate.xml (RunModel)" time="0.069" />
  <testcase classname="ptolemy.util.test.junit.AutoTests" name="[110] /home/travis/build/icyphy/ptII/ptolemy/domains/modal/test/auto/SeeminglyNondeterminate2.xml (RunModel)" time="0.13" />
  <testcase classname="ptolemy.util.test.junit.AutoTests" name="[111] /home/travis/build/icyphy/ptII/ptolemy/domains/modal/test/auto/SpontaneousFSM.xml (RunModel)" time="0.074" />
  <testcase classname="ptolemy.util.test.junit.AutoTests" name="[112] /home/travis/build/icyphy/ptII/ptolemy/domains/modal/test/auto/SpontaneousFSM2.xml (RunModel)" time="0.028" />
  <testcase classname="ptolemy.util.test.junit.AutoTests" name="[113] /home/travis/build/icyphy/ptII/ptolemy/domains/modal/test/auto/SpontaneousFSM3.xml (RunModel)" time="0.041" />
  <testcase classname="ptolemy.util.test.junit.AutoTests" name="[114] /home/travis/build/icyphy/ptII/ptolemy/domains/modal/test/auto/SpontaneousFSM4.xml (RunModel)" time="0.04" />
  <testcase classname="ptolemy.util.test.junit.AutoTests" name="[115] /home/travis/build/icyphy/ptII/ptolemy/domains/modal/test/auto/StateTrackerTest.xml (RunModel)" time="0.061" />
  <testcase classname="ptolemy.util.test.junit.AutoTests" name="[116] /home/travis/build/icyphy/ptII/ptolemy/domains/modal/test/auto/StrongImmediateTransition.xml (RunModel)" time="0.027" />
  <testcase classname="ptolemy.util.test.junit.AutoTests" name="[117] /home/travis/build/icyphy/ptII/ptolemy/domains/modal/test/auto/SustainHierarchy.xml (RunModel)" time="0.034" />
  <testcase classname="ptolemy.util.test.junit.AutoTests" name="[118] /home/travis/build/icyphy/ptII/ptolemy/domains/modal/test/auto/TerminationTransition1.xml (RunModel)" time="0.021" />
  <testcase classname="ptolemy.util.test.junit.AutoTests" name="[119] /home/travis/build/icyphy/ptII/ptolemy/domains/modal/test/auto/TerminationTransition2.xml (RunModel)" time="0.028" />
  <testcase classname="ptolemy.util.test.junit.AutoTests" name="[120] /home/travis/build/icyphy/ptII/ptolemy/domains/modal/test/auto/TerminationTransition3.xml (RunModel)" time="0.024" />
  <testcase classname="ptolemy.util.test.junit.AutoTests" name="[121] /home/travis/build/icyphy/ptII/ptolemy/domains/modal/test/auto/TerminationTransition4.xml (RunModel)" time="0.034" />
  <testcase classname="ptolemy.util.test.junit.AutoTests" name="[122] /home/travis/build/icyphy/ptII/ptolemy/domains/modal/test/auto/TerminationTransition5.xml (RunModel)" time="0.029" />
  <testcase classname="ptolemy.util.test.junit.AutoTests" name="[123] /home/travis/build/icyphy/ptII/ptolemy/domains/modal/test/auto/TerminationTransition6.xml (RunModel)" time="0.021" />
  <testcase classname="ptolemy.util.test.junit.AutoTests" name="[124] /home/travis/build/icyphy/ptII/ptolemy/domains/modal/test/auto/TerminationTransition7.xml (RunModel)" time="0.022" />
  <testcase classname="ptolemy.util.test.junit.AutoTests" name="[125] /home/travis/build/icyphy/ptII/ptolemy/domains/modal/test/auto/TerminationTransition8.xml (RunModel)" time="0.022" />
  <testcase classname="ptolemy.util.test.junit.AutoTests" name="[126] /home/travis/build/icyphy/ptII/ptolemy/domains/modal/test/auto/Thermostat_NoHysteresis.xml (RunModel)" time="0.051" />
  <testcase classname="ptolemy.util.test.junit.AutoTests" name="[127] /home/travis/build/icyphy/ptII/ptolemy/domains/modal/test/auto/TimedFSM.xml (RunModel)" time="0.037" />
  <testcase classname="ptolemy.util.test.junit.AutoTests" name="[128] /home/travis/build/icyphy/ptII/ptolemy/domains/modal/test/auto/Timeout1.xml (RunModel)" time="0.013" />
  <testcase classname="ptolemy.util.test.junit.AutoTests" name="[129] /home/travis/build/icyphy/ptII/ptolemy/domains/modal/test/auto/Timeout2.xml (RunModel)" time="0.018" />
  <testcase classname="ptolemy.util.test.junit.AutoTests" name="[130] /home/travis/build/icyphy/ptII/ptolemy/domains/modal/test/auto/Timeout3.xml (RunModel)" time="0.011" />
  <testcase classname="ptolemy.util.test.junit.AutoTests" name="[131] /home/travis/build/icyphy/ptII/ptolemy/domains/modal/test/auto/Timeout4.xml (RunModel)" time="0.013" />
  <testcase classname="ptolemy.util.test.junit.AutoTests" name="[132] /home/travis/build/icyphy/ptII/ptolemy/domains/modal/test/auto/TransientstateModelAdvanced.xml (RunModel)" time="0.026" />
  <testcase classname="ptolemy.util.test.junit.AutoTests" name="[133] /home/travis/build/icyphy/ptII/ptolemy/domains/modal/test/auto/TransientstateModelAdvanced2.xml (RunModel)" time="0.028" />
  <testcase classname="ptolemy.util.test.junit.AutoTests" name="[134] /home/travis/build/icyphy/ptII/ptolemy/domains/modal/test/auto/TransitionRefinements.xml (RunModel)" time="0.027" />
  <testcase classname="ptolemy.util.test.junit.AutoTests" name="[135] /home/travis/build/icyphy/ptII/ptolemy/domains/modal/test/auto/TwoRefinements1.xml (RunModel)" time="0.023" />
  <testcase classname="ptolemy.util.test.junit.AutoTests" name="[136] /home/travis/build/icyphy/ptII/ptolemy/domains/modal/test/auto/TwoRefinements2.xml (RunModel)" time="0.022" />
  <testcase classname="ptolemy.util.test.junit.AutoTests" name="[137] /home/travis/build/icyphy/ptII/ptolemy/domains/modal/test/auto/WeakImmediateTransition.xml (RunModel)" time="0.026" />
  <testcase classname="ptolemy.util.test.junit.AutoTests" name="[138] /home/travis/build/icyphy/ptII/ptolemy/domains/modal/test/auto/booleanSelect.xml (RunModel)" time="0.056" />
  <testcase classname="ptolemy.util.test.junit.AutoTests" name="[139] /home/travis/build/icyphy/ptII/ptolemy/domains/modal/test/auto/modalChangingParams.xml (RunModel)" time="0.224" />
  <testcase classname="ptolemy.util.test.junit.AutoTests" name="[140] /home/travis/build/icyphy/ptII/ptolemy/domains/modal/test/auto/modalModel.xml (RunModel)" time="0.027" />
  <testcase classname="ptolemy.util.test.junit.AutoTests" name="[141] /home/travis/build/icyphy/ptII/ptolemy/domains/modal/test/auto/modalModel2.xml (RunModel)" time="0.043" />
  <testcase classname="ptolemy.util.test.junit.AutoTests" name="[142] /home/travis/build/icyphy/ptII/ptolemy/domains/modal/test/auto/modalModel3.xml (RunModel)" time="0.034" />
  <testcase classname="ptolemy.util.test.junit.AutoTests" name="[143] /home/travis/build/icyphy/ptII/ptolemy/domains/modal/test/auto/model1.xml (RunModel)" time="0.017" />
  <testcase classname="ptolemy.util.test.junit.AutoTests" name="[144] /home/travis/build/icyphy/ptII/ptolemy/domains/modal/test/auto/test-direct-in-out.xml (RunModel)" time="0.018" />
  <system-out><![CDATA[/home/travis/build/icyphy/ptII/ptolemy/domains/modal/test/SystemLevelType.tcl
testDefs.tcl: setting time out to 9000 seconds at Sun Apr 21 04:07:04 UTC 2019
04/21/19 04:07:05
Failed: 0  Total Tests: 1  ((Passed: 1, Newly Passed: 0)  Known Failed: 0) /home/travis/build/icyphy/ptII/ptolemy/domains/modal/test
----------------- testing (KnownFailure) /home/travis/build/icyphy/ptII/ptolemy/domains/modal/test/auto/knownFailedTests/CannotAnalysisWithPreemption.xml
27 ms. Memory: 208384K Free: 79943K (38%)
Known Failure: java.lang.reflect.InvocationTargetException
No auto/linux-amd64/*.xml tests in /home/travis/build/icyphy/ptII/ptolemy/domains/modal/test
AutoTests.java: About to close Vertx.
AutoTests.java: Vertx closed.

===========================================================================================
----------------- testing Sun Apr 21 04:07:06 UTC 2019 /home/travis/build/icyphy/ptII/ptolemy/domains/modal/test/auto/ABPTest.xml
----------------- Instantiating /home/travis/build/icyphy/ptII/ptolemy/domains/modal/test/auto/ABPTest.xml
293 ms. Memory: 332288K Free: 314781K (95%)
----------------- Invoking toplevel() on ptolemy.moml.MoMLSimpleApplication@1dba0200
----------------- Done invoking toplevel() on ptolemy.moml.MoMLSimpleApplication@1dba0200
reloadAllAccessors: .ABPTest

===========================================================================================
----------------- testing Sun Apr 21 04:07:07 UTC 2019 /home/travis/build/icyphy/ptII/ptolemy/domains/modal/test/auto/ABROFlat.xml
----------------- Instantiating /home/travis/build/icyphy/ptII/ptolemy/domains/modal/test/auto/ABROFlat.xml
22 ms. Memory: 332288K Free: 293629K (88%)
----------------- Invoking toplevel() on ptolemy.moml.MoMLSimpleApplication@50f0b178
----------------- Done invoking toplevel() on ptolemy.moml.MoMLSimpleApplication@50f0b178
reloadAllAccessors: .ABROFlat

===========================================================================================
----------------- testing Sun Apr 21 04:07:07 UTC 2019 /home/travis/build/icyphy/ptII/ptolemy/domains/modal/test/auto/ABROFlat2.xml
----------------- Instantiating /home/travis/build/icyphy/ptII/ptolemy/domains/modal/test/auto/ABROFlat2.xml
19 ms. Memory: 332288K Free: 275135K (83%)
----------------- Invoking toplevel() on ptolemy.moml.MoMLSimpleApplication@1e040ba6
----------------- Done invoking toplevel() on ptolemy.moml.MoMLSimpleApplication@1e040ba6
reloadAllAccessors: .ABROFlat2

===========================================================================================
----------------- testing Sun Apr 21 04:07:07 UTC 2019 /home/travis/build/icyphy/ptII/ptolemy/domains/modal/test/auto/ABRO_present_hmm.xml
----------------- Instantiating /home/travis/build/icyphy/ptII/ptolemy/domains/modal/test/auto/ABRO_present_hmm.xml
27 ms. Memory: 332288K Free: 244422K (74%)
----------------- Invoking toplevel() on ptolemy.moml.MoMLSimpleApplication@397e7fb7
----------------- Done invoking toplevel() on ptolemy.moml.MoMLSimpleApplication@397e7fb7
reloadAllAccessors: .ABRO_present_hmm

===========================================================================================
----------------- testing Sun Apr 21 04:07:07 UTC 2019 /home/travis/build/icyphy/ptII/ptolemy/domains/modal/test/auto/AMICoderExample.xml
----------------- Instantiating /home/travis/build/icyphy/ptII/ptolemy/domains/modal/test/auto/AMICoderExample.xml
22 ms. Memory: 332288K Free: 234621K (71%)
----------------- Invoking toplevel() on ptolemy.moml.MoMLSimpleApplication@3bb9f469
----------------- Done invoking toplevel() on ptolemy.moml.MoMLSimpleApplication@3bb9f469
reloadAllAccessors: .AMICoderExample

===========================================================================================
----------------- testing Sun Apr 21 04:07:07 UTC 2019 /home/travis/build/icyphy/ptII/ptolemy/domains/modal/test/auto/AbsentToPresent.xml
----------------- Instantiating /home/travis/build/icyphy/ptII/ptolemy/domains/modal/test/auto/AbsentToPresent.xml
4 ms. Memory: 332288K Free: 226450K (68%)
----------------- Invoking toplevel() on ptolemy.moml.MoMLSimpleApplication@112cac5c
----------------- Done invoking toplevel() on ptolemy.moml.MoMLSimpleApplication@112cac5c
reloadAllAccessors: .AbsentToPresent

===========================================================================================
----------------- testing Sun Apr 21 04:07:07 UTC 2019 /home/travis/build/icyphy/ptII/ptolemy/domains/modal/test/auto/Blending.xml
----------------- Instantiating /home/travis/build/icyphy/ptII/ptolemy/domains/modal/test/auto/Blending.xml
136 ms. Memory: 332288K Free: 177314K (53%)
----------------- Invoking toplevel() on ptolemy.moml.MoMLSimpleApplication@44393414
----------------- Done invoking toplevel() on ptolemy.moml.MoMLSimpleApplication@44393414
reloadAllAccessors: .Blending

===========================================================================================
----------------- testing Sun Apr 21 04:07:07 UTC 2019 /home/travis/build/icyphy/ptII/ptolemy/domains/modal/test/auto/Broadcast.xml
----------------- Instantiating /home/travis/build/icyphy/ptII/ptolemy/domains/modal/test/auto/Broadcast.xml
13 ms. Memory: 332288K Free: 166284K (50%)
----------------- Invoking toplevel() on ptolemy.moml.MoMLSimpleApplication@e42a8e1
----------------- Done invoking toplevel() on ptolemy.moml.MoMLSimpleApplication@e42a8e1
reloadAllAccessors: .Broadcast

===========================================================================================
----------------- testing Sun Apr 21 04:07:07 UTC 2019 /home/travis/build/icyphy/ptII/ptolemy/domains/modal/test/auto/BroadcastHierarchy.xml
----------------- Instantiating /home/travis/build/icyphy/ptII/ptolemy/domains/modal/test/auto/BroadcastHierarchy.xml
13 ms. Memory: 332288K Free: 149148K (45%)
----------------- Invoking toplevel() on ptolemy.moml.MoMLSimpleApplication@7da6c6d1
----------------- Done invoking toplevel() on ptolemy.moml.MoMLSimpleApplication@7da6c6d1
reloadAllAccessors: .BroadcastHierarchy

===========================================================================================
----------------- testing Sun Apr 21 04:07:07 UTC 2019 /home/travis/build/icyphy/ptII/ptolemy/domains/modal/test/auto/BroadcastHierarchy2.xml
----------------- Instantiating /home/travis/build/icyphy/ptII/ptolemy/domains/modal/test/auto/BroadcastHierarchy2.xml
24 ms. Memory: 332288K Free: 116040K (35%)
----------------- Invoking toplevel() on ptolemy.moml.MoMLSimpleApplication@385f8ef8
----------------- Done invoking toplevel() on ptolemy.moml.MoMLSimpleApplication@385f8ef8
reloadAllAccessors: .BroadcastHierarchy2

===========================================================================================
----------------- testing Sun Apr 21 04:07:07 UTC 2019 /home/travis/build/icyphy/ptII/ptolemy/domains/modal/test/auto/BroadcastHierarchy3.xml
----------------- Instantiating /home/travis/build/icyphy/ptII/ptolemy/domains/modal/test/auto/BroadcastHierarchy3.xml
24 ms. Memory: 332288K Free: 86969K (26%)
----------------- Invoking toplevel() on ptolemy.moml.MoMLSimpleApplication@151b715c
----------------- Done invoking toplevel() on ptolemy.moml.MoMLSimpleApplication@151b715c
reloadAllAccessors: .BroadcastHierarchy3

===========================================================================================
----------------- testing Sun Apr 21 04:07:07 UTC 2019 /home/travis/build/icyphy/ptII/ptolemy/domains/modal/test/auto/BroadcastHierarchy4.xml
----------------- Instantiating /home/travis/build/icyphy/ptII/ptolemy/domains/modal/test/auto/BroadcastHierarchy4.xml
15 ms. Memory: 333824K Free: 304165K (91%)
----------------- Invoking toplevel() on ptolemy.moml.MoMLSimpleApplication@782c61e9
----------------- Done invoking toplevel() on ptolemy.moml.MoMLSimpleApplication@782c61e9
reloadAllAccessors: .BroadcastHierarchy4

===========================================================================================
----------------- testing Sun Apr 21 04:07:08 UTC 2019 /home/travis/build/icyphy/ptII/ptolemy/domains/modal/test/auto/CannotAnalysisWithPreemption2.xml
----------------- Instantiating /home/travis/build/icyphy/ptII/ptolemy/domains/modal/test/auto/CannotAnalysisWithPreemption2.xml
7 ms. Memory: 333824K Free: 293115K (88%)
----------------- Invoking toplevel() on ptolemy.moml.MoMLSimpleApplication@419ed0fd
----------------- Done invoking toplevel() on ptolemy.moml.MoMLSimpleApplication@419ed0fd
reloadAllAccessors: .CannotAnalysisWithPreemption2

===========================================================================================
----------------- testing Sun Apr 21 04:07:08 UTC 2019 /home/travis/build/icyphy/ptII/ptolemy/domains/modal/test/auto/CannotAnalysisWithPreemption3.xml
----------------- Instantiating /home/travis/build/icyphy/ptII/ptolemy/domains/modal/test/auto/CannotAnalysisWithPreemption3.xml
6 ms. Memory: 333824K Free: 280871K (84%)
----------------- Invoking toplevel() on ptolemy.moml.MoMLSimpleApplication@60d0dcde
----------------- Done invoking toplevel() on ptolemy.moml.MoMLSimpleApplication@60d0dcde
reloadAllAccessors: .CannotAnalysisWithPreemption3

===========================================================================================
----------------- testing Sun Apr 21 04:07:08 UTC 2019 /home/travis/build/icyphy/ptII/ptolemy/domains/modal/test/auto/CannotProduce.xml
----------------- Instantiating /home/travis/build/icyphy/ptII/ptolemy/domains/modal/test/auto/CannotProduce.xml
13 ms. Memory: 333824K Free: 273512K (82%)
----------------- Invoking toplevel() on ptolemy.moml.MoMLSimpleApplication@4f1310a6
----------------- Done invoking toplevel() on ptolemy.moml.MoMLSimpleApplication@4f1310a6
reloadAllAccessors: .CannotProduce

===========================================================================================
----------------- testing Sun Apr 21 04:07:08 UTC 2019 /home/travis/build/icyphy/ptII/ptolemy/domains/modal/test/auto/CannotProduceModal.xml
----------------- Instantiating /home/travis/build/icyphy/ptII/ptolemy/domains/modal/test/auto/CannotProduceModal.xml
7 ms. Memory: 333824K Free: 262761K (79%)
----------------- Invoking toplevel() on ptolemy.moml.MoMLSimpleApplication@32df5b9c
----------------- Done invoking toplevel() on ptolemy.moml.MoMLSimpleApplication@32df5b9c
reloadAllAccessors: .CannotProduceModal

===========================================================================================
----------------- testing Sun Apr 21 04:07:08 UTC 2019 /home/travis/build/icyphy/ptII/ptolemy/domains/modal/test/auto/Case.xml
----------------- Instantiating /home/travis/build/icyphy/ptII/ptolemy/domains/modal/test/auto/Case.xml
32 ms. Memory: 333824K Free: 250502K (75%)
----------------- Invoking toplevel() on ptolemy.moml.MoMLSimpleApplication@fab18f8
----------------- Done invoking toplevel() on ptolemy.moml.MoMLSimpleApplication@fab18f8
reloadAllAccessors: .Case

===========================================================================================
----------------- testing Sun Apr 21 04:07:08 UTC 2019 /home/travis/build/icyphy/ptII/ptolemy/domains/modal/test/auto/Case1.xml
----------------- Instantiating /home/travis/build/icyphy/ptII/ptolemy/domains/modal/test/auto/Case1.xml
10 ms. Memory: 333824K Free: 241914K (72%)
----------------- Invoking toplevel() on ptolemy.moml.MoMLSimpleApplication@374c47
----------------- Done invoking toplevel() on ptolemy.moml.MoMLSimpleApplication@374c47
reloadAllAccessors: .Case1

===========================================================================================
----------------- testing Sun Apr 21 04:07:08 UTC 2019 /home/travis/build/icyphy/ptII/ptolemy/domains/modal/test/auto/Case2.xml
----------------- Instantiating /home/travis/build/icyphy/ptII/ptolemy/domains/modal/test/auto/Case2.xml
26 ms. Memory: 333824K Free: 227387K (68%)
----------------- Invoking toplevel() on ptolemy.moml.MoMLSimpleApplication@35bda9d8
----------------- Done invoking toplevel() on ptolemy.moml.MoMLSimpleApplication@35bda9d8
reloadAllAccessors: .Case2

===========================================================================================
----------------- testing Sun Apr 21 04:07:08 UTC 2019 /home/travis/build/icyphy/ptII/ptolemy/domains/modal/test/auto/CausalityInterface1.xml
----------------- Instantiating /home/travis/build/icyphy/ptII/ptolemy/domains/modal/test/auto/CausalityInterface1.xml
4 ms. Memory: 333824K Free: 221250K (66%)
----------------- Invoking toplevel() on ptolemy.moml.MoMLSimpleApplication@45e7c189
----------------- Done invoking toplevel() on ptolemy.moml.MoMLSimpleApplication@45e7c189
reloadAllAccessors: .CausalityInterface1

===========================================================================================
----------------- testing Sun Apr 21 04:07:08 UTC 2019 /home/travis/build/icyphy/ptII/ptolemy/domains/modal/test/auto/CausalityInterface10.xml
----------------- Instantiating /home/travis/build/icyphy/ptII/ptolemy/domains/modal/test/auto/CausalityInterface10.xml
10 ms. Memory: 333824K Free: 205239K (61%)
----------------- Invoking toplevel() on ptolemy.moml.MoMLSimpleApplication@47127e71
----------------- Done invoking toplevel() on ptolemy.moml.MoMLSimpleApplication@47127e71
reloadAllAccessors: .CausalityInterface10

===========================================================================================
----------------- testing Sun Apr 21 04:07:08 UTC 2019 /home/travis/build/icyphy/ptII/ptolemy/domains/modal/test/auto/CausalityInterface11.xml
----------------- Instantiating /home/travis/build/icyphy/ptII/ptolemy/domains/modal/test/auto/CausalityInterface11.xml
9 ms. Memory: 333824K Free: 188354K (56%)
----------------- Invoking toplevel() on ptolemy.moml.MoMLSimpleApplication@e7da032
----------------- Done invoking toplevel() on ptolemy.moml.MoMLSimpleApplication@e7da032
reloadAllAccessors: .CausalityInterface11

===========================================================================================
----------------- testing Sun Apr 21 04:07:08 UTC 2019 /home/travis/build/icyphy/ptII/ptolemy/domains/modal/test/auto/CausalityInterface12.xml
----------------- Instantiating /home/travis/build/icyphy/ptII/ptolemy/domains/modal/test/auto/CausalityInterface12.xml
5 ms. Memory: 333824K Free: 173676K (52%)
----------------- Invoking toplevel() on ptolemy.moml.MoMLSimpleApplication@592ab955
----------------- Done invoking toplevel() on ptolemy.moml.MoMLSimpleApplication@592ab955
reloadAllAccessors: .CausalityInterface12

===========================================================================================
----------------- testing Sun Apr 21 04:07:08 UTC 2019 /home/travis/build/icyphy/ptII/ptolemy/domains/modal/test/auto/CausalityInterface13.xml
----------------- Instantiating /home/travis/build/icyphy/ptII/ptolemy/domains/modal/test/auto/CausalityInterface13.xml
11 ms. Memory: 333824K Free: 157697K (47%)
----------------- Invoking toplevel() on ptolemy.moml.MoMLSimpleApplication@734132e5
----------------- Done invoking toplevel() on ptolemy.moml.MoMLSimpleApplication@734132e5
reloadAllAccessors: .CausalityInterface13

===========================================================================================
----------------- testing Sun Apr 21 04:07:08 UTC 2019 /home/travis/build/icyphy/ptII/ptolemy/domains/modal/test/auto/CausalityInterface14.xml
----------------- Instantiating /home/travis/build/icyphy/ptII/ptolemy/domains/modal/test/auto/CausalityInterface14.xml
11 ms. Memory: 333824K Free: 139586K (42%)
----------------- Invoking toplevel() on ptolemy.moml.MoMLSimpleApplication@1532cd38
----------------- Done invoking toplevel() on ptolemy.moml.MoMLSimpleApplication@1532cd38
reloadAllAccessors: .CausalityInterface14

===========================================================================================
----------------- testing Sun Apr 21 04:07:08 UTC 2019 /home/travis/build/icyphy/ptII/ptolemy/domains/modal/test/auto/CausalityInterface2.xml
----------------- Instantiating /home/travis/build/icyphy/ptII/ptolemy/domains/modal/test/auto/CausalityInterface2.xml
3 ms. Memory: 333824K Free: 132235K (40%)
----------------- Invoking toplevel() on ptolemy.moml.MoMLSimpleApplication@58dc95ee
----------------- Done invoking toplevel() on ptolemy.moml.MoMLSimpleApplication@58dc95ee
reloadAllAccessors: .CausalityInterface2

===========================================================================================
----------------- testing Sun Apr 21 04:07:08 UTC 2019 /home/travis/build/icyphy/ptII/ptolemy/domains/modal/test/auto/CausalityInterface3.xml
----------------- Instantiating /home/travis/build/icyphy/ptII/ptolemy/domains/modal/test/auto/CausalityInterface3.xml
5 ms. Memory: 333824K Free: 122729K (37%)
----------------- Invoking toplevel() on ptolemy.moml.MoMLSimpleApplication@fba7031
----------------- Done invoking toplevel() on ptolemy.moml.MoMLSimpleApplication@fba7031
reloadAllAccessors: .CausalityInterface3

===========================================================================================
----------------- testing Sun Apr 21 04:07:08 UTC 2019 /home/travis/build/icyphy/ptII/ptolemy/domains/modal/test/auto/CausalityInterface4.xml
----------------- Instantiating /home/travis/build/icyphy/ptII/ptolemy/domains/modal/test/auto/CausalityInterface4.xml
5 ms. Memory: 333824K Free: 115370K (35%)
----------------- Invoking toplevel() on ptolemy.moml.MoMLSimpleApplication@60d3c1c5
----------------- Done invoking toplevel() on ptolemy.moml.MoMLSimpleApplication@60d3c1c5
reloadAllAccessors: .CausalityInterface4

===========================================================================================
----------------- testing Sun Apr 21 04:07:08 UTC 2019 /home/travis/build/icyphy/ptII/ptolemy/domains/modal/test/auto/CausalityInterface5.xml
----------------- Instantiating /home/travis/build/icyphy/ptII/ptolemy/domains/modal/test/auto/CausalityInterface5.xml
3 ms. Memory: 333824K Free: 105551K (32%)
----------------- Invoking toplevel() on ptolemy.moml.MoMLSimpleApplication@13758085
----------------- Done invoking toplevel() on ptolemy.moml.MoMLSimpleApplication@13758085
reloadAllAccessors: .CausalityInterface5

===========================================================================================
----------------- testing Sun Apr 21 04:07:08 UTC 2019 /home/travis/build/icyphy/ptII/ptolemy/domains/modal/test/auto/CausalityInterface6.xml
----------------- Instantiating /home/travis/build/icyphy/ptII/ptolemy/domains/modal/test/auto/CausalityInterface6.xml
6 ms. Memory: 333824K Free: 93546K (28%)
----------------- Invoking toplevel() on ptolemy.moml.MoMLSimpleApplication@24b068f
----------------- Done invoking toplevel() on ptolemy.moml.MoMLSimpleApplication@24b068f
reloadAllAccessors: .CausalityInterface6

===========================================================================================
----------------- testing Sun Apr 21 04:07:08 UTC 2019 /home/travis/build/icyphy/ptII/ptolemy/domains/modal/test/auto/CausalityInterface7.xml
----------------- Instantiating /home/travis/build/icyphy/ptII/ptolemy/domains/modal/test/auto/CausalityInterface7.xml
3 ms. Memory: 333824K Free: 83729K (25%)
----------------- Invoking toplevel() on ptolemy.moml.MoMLSimpleApplication@5ea84613
----------------- Done invoking toplevel() on ptolemy.moml.MoMLSimpleApplication@5ea84613
reloadAllAccessors: .CausalityInterface7

===========================================================================================
----------------- testing Sun Apr 21 04:07:08 UTC 2019 /home/travis/build/icyphy/ptII/ptolemy/domains/modal/test/auto/CausalityInterface8.xml
----------------- Instantiating /home/travis/build/icyphy/ptII/ptolemy/domains/modal/test/auto/CausalityInterface8.xml
3 ms. Memory: 578048K Free: 560341K (97%)
----------------- Invoking toplevel() on ptolemy.moml.MoMLSimpleApplication@4839a3b1
----------------- Done invoking toplevel() on ptolemy.moml.MoMLSimpleApplication@4839a3b1
reloadAllAccessors: .CausalityInterface8

===========================================================================================
----------------- testing Sun Apr 21 04:07:08 UTC 2019 /home/travis/build/icyphy/ptII/ptolemy/domains/modal/test/auto/CausalityInterface9.xml
----------------- Instantiating /home/travis/build/icyphy/ptII/ptolemy/domains/modal/test/auto/CausalityInterface9.xml
9 ms. Memory: 578048K Free: 543909K (94%)
----------------- Invoking toplevel() on ptolemy.moml.MoMLSimpleApplication@51f2bac8
----------------- Done invoking toplevel() on ptolemy.moml.MoMLSimpleApplication@51f2bac8
reloadAllAccessors: .CausalityInterface9

===========================================================================================
----------------- testing Sun Apr 21 04:07:08 UTC 2019 /home/travis/build/icyphy/ptII/ptolemy/domains/modal/test/auto/ChainedTransitions.xml
----------------- Instantiating /home/travis/build/icyphy/ptII/ptolemy/domains/modal/test/auto/ChainedTransitions.xml
88 ms. Memory: 578048K Free: 504761K (87%)
----------------- Invoking toplevel() on ptolemy.moml.MoMLSimpleApplication@671a4ce8
----------------- Done invoking toplevel() on ptolemy.moml.MoMLSimpleApplication@671a4ce8
reloadAllAccessors: .ChainedTransitions

===========================================================================================
----------------- testing Sun Apr 21 04:07:09 UTC 2019 /home/travis/build/icyphy/ptII/ptolemy/domains/modal/test/auto/CycleOfImmediateTransitionsFSM.xml
----------------- Instantiating /home/travis/build/icyphy/ptII/ptolemy/domains/modal/test/auto/CycleOfImmediateTransitionsFSM.xml
5 ms. Memory: 578048K Free: 494992K (86%)
----------------- Invoking toplevel() on ptolemy.moml.MoMLSimpleApplication@6042cf96
----------------- Done invoking toplevel() on ptolemy.moml.MoMLSimpleApplication@6042cf96
reloadAllAccessors: .CycleOfImmediateTransitionsFSM

===========================================================================================
----------------- testing Sun Apr 21 04:07:09 UTC 2019 /home/travis/build/icyphy/ptII/ptolemy/domains/modal/test/auto/CycleOfImmediateTransitionsModal.xml
----------------- Instantiating /home/travis/build/icyphy/ptII/ptolemy/domains/modal/test/auto/CycleOfImmediateTransitionsModal.xml
2 ms. Memory: 578048K Free: 485207K (84%)
----------------- Invoking toplevel() on ptolemy.moml.MoMLSimpleApplication@24a872ed
----------------- Done invoking toplevel() on ptolemy.moml.MoMLSimpleApplication@24a872ed
reloadAllAccessors: .CycleOfImmediateTransitionsModal

===========================================================================================
----------------- testing Sun Apr 21 04:07:09 UTC 2019 /home/travis/build/icyphy/ptII/ptolemy/domains/modal/test/auto/CycleOfImmediateTransitionsModal2.xml
----------------- Instantiating /home/travis/build/icyphy/ptII/ptolemy/domains/modal/test/auto/CycleOfImmediateTransitionsModal2.xml
2 ms. Memory: 578048K Free: 472400K (82%)
----------------- Invoking toplevel() on ptolemy.moml.MoMLSimpleApplication@3a08a3ae
----------------- Done invoking toplevel() on ptolemy.moml.MoMLSimpleApplication@3a08a3ae
reloadAllAccessors: .CycleOfImmediateTransitionsModal2

===========================================================================================
----------------- testing Sun Apr 21 04:07:09 UTC 2019 /home/travis/build/icyphy/ptII/ptolemy/domains/modal/test/auto/CycleOfImmediateTransitionsModal3.xml
----------------- Instantiating /home/travis/build/icyphy/ptII/ptolemy/domains/modal/test/auto/CycleOfImmediateTransitionsModal3.xml
6 ms. Memory: 578048K Free: 443052K (77%)
----------------- Invoking toplevel() on ptolemy.moml.MoMLSimpleApplication@6df3b3eb
----------------- Done invoking toplevel() on ptolemy.moml.MoMLSimpleApplication@6df3b3eb
reloadAllAccessors: .CycleOfImmediateTransitionsModal3

===========================================================================================
----------------- testing Sun Apr 21 04:07:09 UTC 2019 /home/travis/build/icyphy/ptII/ptolemy/domains/modal/test/auto/DeepModal1.xml
----------------- Instantiating /home/travis/build/icyphy/ptII/ptolemy/domains/modal/test/auto/DeepModal1.xml
13 ms. Memory: 578048K Free: 426739K (74%)
----------------- Invoking toplevel() on ptolemy.moml.MoMLSimpleApplication@dae2f5
----------------- Done invoking toplevel() on ptolemy.moml.MoMLSimpleApplication@dae2f5
reloadAllAccessors: .DeepModal1

===========================================================================================
----------------- testing Sun Apr 21 04:07:09 UTC 2019 /home/travis/build/icyphy/ptII/ptolemy/domains/modal/test/auto/DeepModal2.xml
----------------- Instantiating /home/travis/build/icyphy/ptII/ptolemy/domains/modal/test/auto/DeepModal2.xml
22 ms. Memory: 578048K Free: 403896K (70%)
----------------- Invoking toplevel() on ptolemy.moml.MoMLSimpleApplication@5f1bc70e
----------------- Done invoking toplevel() on ptolemy.moml.MoMLSimpleApplication@5f1bc70e
reloadAllAccessors: .DeepModal2

===========================================================================================
----------------- testing Sun Apr 21 04:07:09 UTC 2019 /home/travis/build/icyphy/ptII/ptolemy/domains/modal/test/auto/DeepModal3.xml
----------------- Instantiating /home/travis/build/icyphy/ptII/ptolemy/domains/modal/test/auto/DeepModal3.xml
25 ms. Memory: 578048K Free: 378048K (65%)
----------------- Invoking toplevel() on ptolemy.moml.MoMLSimpleApplication@464d5023
----------------- Done invoking toplevel() on ptolemy.moml.MoMLSimpleApplication@464d5023
reloadAllAccessors: .DeepModal3

===========================================================================================
----------------- testing Sun Apr 21 04:07:09 UTC 2019 /home/travis/build/icyphy/ptII/ptolemy/domains/modal/test/auto/DeepModal4.xml
----------------- Instantiating /home/travis/build/icyphy/ptII/ptolemy/domains/modal/test/auto/DeepModal4.xml
17 ms. Memory: 578048K Free: 355189K (61%)
----------------- Invoking toplevel() on ptolemy.moml.MoMLSimpleApplication@2d84d18
----------------- Done invoking toplevel() on ptolemy.moml.MoMLSimpleApplication@2d84d18
reloadAllAccessors: .DeepModal4

===========================================================================================
----------------- testing Sun Apr 21 04:07:09 UTC 2019 /home/travis/build/icyphy/ptII/ptolemy/domains/modal/test/auto/Default1.xml
----------------- Instantiating /home/travis/build/icyphy/ptII/ptolemy/domains/modal/test/auto/Default1.xml
2 ms. Memory: 578048K Free: 345420K (60%)
----------------- Invoking toplevel() on ptolemy.moml.MoMLSimpleApplication@1db93062
----------------- Done invoking toplevel() on ptolemy.moml.MoMLSimpleApplication@1db93062
reloadAllAccessors: .Default1

===========================================================================================
----------------- testing Sun Apr 21 04:07:09 UTC 2019 /home/travis/build/icyphy/ptII/ptolemy/domains/modal/test/auto/Default2.xml
----------------- Instantiating /home/travis/build/icyphy/ptII/ptolemy/domains/modal/test/auto/Default2.xml
3 ms. Memory: 578048K Free: 335635K (58%)
----------------- Invoking toplevel() on ptolemy.moml.MoMLSimpleApplication@7fb0a2b2
----------------- Done invoking toplevel() on ptolemy.moml.MoMLSimpleApplication@7fb0a2b2
reloadAllAccessors: .Default2

===========================================================================================
----------------- testing Sun Apr 21 04:07:09 UTC 2019 /home/travis/build/icyphy/ptII/ptolemy/domains/modal/test/auto/Default3.xml
----------------- Instantiating /home/travis/build/icyphy/ptII/ptolemy/domains/modal/test/auto/Default3.xml
3 ms. Memory: 578048K Free: 322828K (56%)
----------------- Invoking toplevel() on ptolemy.moml.MoMLSimpleApplication@2ecd2e3
----------------- Done invoking toplevel() on ptolemy.moml.MoMLSimpleApplication@2ecd2e3
reloadAllAccessors: .Default3

===========================================================================================
----------------- testing Sun Apr 21 04:07:09 UTC 2019 /home/travis/build/icyphy/ptII/ptolemy/domains/modal/test/auto/Default4.xml
----------------- Instantiating /home/travis/build/icyphy/ptII/ptolemy/domains/modal/test/auto/Default4.xml
5 ms. Memory: 578048K Free: 313043K (54%)
----------------- Invoking toplevel() on ptolemy.moml.MoMLSimpleApplication@324f2a4b
----------------- Done invoking toplevel() on ptolemy.moml.MoMLSimpleApplication@324f2a4b
reloadAllAccessors: .Default4

===========================================================================================
----------------- testing Sun Apr 21 04:07:09 UTC 2019 /home/travis/build/icyphy/ptII/ptolemy/domains/modal/test/auto/Default5.xml
----------------- Instantiating /home/travis/build/icyphy/ptII/ptolemy/domains/modal/test/auto/Default5.xml
12 ms. Memory: 578048K Free: 299986K (52%)
----------------- Invoking toplevel() on ptolemy.moml.MoMLSimpleApplication@4263c4dc
----------------- Done invoking toplevel() on ptolemy.moml.MoMLSimpleApplication@4263c4dc
reloadAllAccessors: .Default5

===========================================================================================
----------------- testing Sun Apr 21 04:07:09 UTC 2019 /home/travis/build/icyphy/ptII/ptolemy/domains/modal/test/auto/EmptyGuard.xml
----------------- Instantiating /home/travis/build/icyphy/ptII/ptolemy/domains/modal/test/auto/EmptyGuard.xml
13 ms. Memory: 578048K Free: 290201K (50%)
----------------- Invoking toplevel() on ptolemy.moml.MoMLSimpleApplication@5fbe57cf
----------------- Done invoking toplevel() on ptolemy.moml.MoMLSimpleApplication@5fbe57cf
reloadAllAccessors: .EmptyGuard

===========================================================================================
----------------- testing Sun Apr 21 04:07:09 UTC 2019 /home/travis/build/icyphy/ptII/ptolemy/domains/modal/test/auto/ErrorTransition1.xml
----------------- Instantiating /home/travis/build/icyphy/ptII/ptolemy/domains/modal/test/auto/ErrorTransition1.xml
7 ms. Memory: 578048K Free: 274138K (47%)
----------------- Invoking toplevel() on ptolemy.moml.MoMLSimpleApplication@6bbc4ab8
----------------- Done invoking toplevel() on ptolemy.moml.MoMLSimpleApplication@6bbc4ab8
reloadAllAccessors: .ErrorTransition1

===========================================================================================
----------------- testing Sun Apr 21 04:07:09 UTC 2019 /home/travis/build/icyphy/ptII/ptolemy/domains/modal/test/auto/ErrorTransition10.xml
----------------- Instantiating /home/travis/build/icyphy/ptII/ptolemy/domains/modal/test/auto/ErrorTransition10.xml
8 ms. Memory: 578048K Free: 257856K (45%)
----------------- Invoking toplevel() on ptolemy.moml.MoMLSimpleApplication@77a3c435
----------------- Done invoking toplevel() on ptolemy.moml.MoMLSimpleApplication@77a3c435
reloadAllAccessors: .ErrorTransition10

===========================================================================================
----------------- testing Sun Apr 21 04:07:09 UTC 2019 /home/travis/build/icyphy/ptII/ptolemy/domains/modal/test/auto/ErrorTransition11.xml
----------------- Instantiating /home/travis/build/icyphy/ptII/ptolemy/domains/modal/test/auto/ErrorTransition11.xml
6 ms. Memory: 578048K Free: 241543K (42%)
----------------- Invoking toplevel() on ptolemy.moml.MoMLSimpleApplication@169870cf
----------------- Done invoking toplevel() on ptolemy.moml.MoMLSimpleApplication@169870cf
reloadAllAccessors: .ErrorTransition11

===========================================================================================
----------------- testing Sun Apr 21 04:07:09 UTC 2019 /home/travis/build/icyphy/ptII/ptolemy/domains/modal/test/auto/ErrorTransition2.xml
----------------- Instantiating /home/travis/build/icyphy/ptII/ptolemy/domains/modal/test/auto/ErrorTransition2.xml
5 ms. Memory: 578048K Free: 228485K (40%)
----------------- Invoking toplevel() on ptolemy.moml.MoMLSimpleApplication@49110e09
----------------- Done invoking toplevel() on ptolemy.moml.MoMLSimpleApplication@49110e09
reloadAllAccessors: .ErrorTransition2

===========================================================================================
----------------- testing Sun Apr 21 04:07:09 UTC 2019 /home/travis/build/icyphy/ptII/ptolemy/domains/modal/test/auto/ErrorTransition3.xml
----------------- Instantiating /home/travis/build/icyphy/ptII/ptolemy/domains/modal/test/auto/ErrorTransition3.xml
6 ms. Memory: 578048K Free: 212406K (37%)
----------------- Invoking toplevel() on ptolemy.moml.MoMLSimpleApplication@1ea35261
----------------- Done invoking toplevel() on ptolemy.moml.MoMLSimpleApplication@1ea35261
reloadAllAccessors: .ErrorTransition3

===========================================================================================
----------------- testing Sun Apr 21 04:07:09 UTC 2019 /home/travis/build/icyphy/ptII/ptolemy/domains/modal/test/auto/ErrorTransition4.xml
----------------- Instantiating /home/travis/build/icyphy/ptII/ptolemy/domains/modal/test/auto/ErrorTransition4.xml
5 ms. Memory: 578048K Free: 199365K (34%)
----------------- Invoking toplevel() on ptolemy.moml.MoMLSimpleApplication@1efb84a7
----------------- Done invoking toplevel() on ptolemy.moml.MoMLSimpleApplication@1efb84a7
reloadAllAccessors: .ErrorTransition4

===========================================================================================
----------------- testing Sun Apr 21 04:07:09 UTC 2019 /home/travis/build/icyphy/ptII/ptolemy/domains/modal/test/auto/ErrorTransition5.xml
----------------- Instantiating /home/travis/build/icyphy/ptII/ptolemy/domains/modal/test/auto/ErrorTransition5.xml
5 ms. Memory: 578048K Free: 186324K (32%)
----------------- Invoking toplevel() on ptolemy.moml.MoMLSimpleApplication@27acb0f7
----------------- Done invoking toplevel() on ptolemy.moml.MoMLSimpleApplication@27acb0f7
reloadAllAccessors: .ErrorTransition5

===========================================================================================
----------------- testing Sun Apr 21 04:07:09 UTC 2019 /home/travis/build/icyphy/ptII/ptolemy/domains/modal/test/auto/ErrorTransition6.xml
----------------- Instantiating /home/travis/build/icyphy/ptII/ptolemy/domains/modal/test/auto/ErrorTransition6.xml
6 ms. Memory: 578048K Free: 170268K (29%)
----------------- Invoking toplevel() on ptolemy.moml.MoMLSimpleApplication@6b49e3d9
----------------- Done invoking toplevel() on ptolemy.moml.MoMLSimpleApplication@6b49e3d9
reloadAllAccessors: .ErrorTransition6

===========================================================================================
----------------- testing Sun Apr 21 04:07:09 UTC 2019 /home/travis/build/icyphy/ptII/ptolemy/domains/modal/test/auto/ErrorTransition7.xml
----------------- Instantiating /home/travis/build/icyphy/ptII/ptolemy/domains/modal/test/auto/ErrorTransition7.xml
9 ms. Memory: 578048K Free: 153955K (27%)
----------------- Invoking toplevel() on ptolemy.moml.MoMLSimpleApplication@15312c60
----------------- Done invoking toplevel() on ptolemy.moml.MoMLSimpleApplication@15312c60
reloadAllAccessors: .ErrorTransition7

===========================================================================================
----------------- testing Sun Apr 21 04:07:09 UTC 2019 /home/travis/build/icyphy/ptII/ptolemy/domains/modal/test/auto/ErrorTransition8.xml
----------------- Instantiating /home/travis/build/icyphy/ptII/ptolemy/domains/modal/test/auto/ErrorTransition8.xml
28 ms. Memory: 578048K Free: 137641K (24%)
----------------- Invoking toplevel() on ptolemy.moml.MoMLSimpleApplication@73562162
----------------- Done invoking toplevel() on ptolemy.moml.MoMLSimpleApplication@73562162
reloadAllAccessors: .ErrorTransition8

===========================================================================================
----------------- testing Sun Apr 21 04:07:10 UTC 2019 /home/travis/build/icyphy/ptII/ptolemy/domains/modal/test/auto/ErrorTransition9.xml
----------------- Instantiating /home/travis/build/icyphy/ptII/ptolemy/domains/modal/test/auto/ErrorTransition9.xml
9 ms. Memory: 578048K Free: 121344K (21%)
----------------- Invoking toplevel() on ptolemy.moml.MoMLSimpleApplication@664a8b25
----------------- Done invoking toplevel() on ptolemy.moml.MoMLSimpleApplication@664a8b25
reloadAllAccessors: .ErrorTransition9

===========================================================================================
----------------- testing Sun Apr 21 04:07:10 UTC 2019 /home/travis/build/icyphy/ptII/ptolemy/domains/modal/test/auto/ExtendedFSM.xml
----------------- Instantiating /home/travis/build/icyphy/ptII/ptolemy/domains/modal/test/auto/ExtendedFSM.xml
5 ms. Memory: 578048K Free: 108553K (19%)
----------------- Invoking toplevel() on ptolemy.moml.MoMLSimpleApplication@3a345cbb
----------------- Done invoking toplevel() on ptolemy.moml.MoMLSimpleApplication@3a345cbb
reloadAllAccessors: .ExtendedFSM

===========================================================================================
----------------- testing Sun Apr 21 04:07:10 UTC 2019 /home/travis/build/icyphy/ptII/ptolemy/domains/modal/test/auto/FinalStates.xml
----------------- Instantiating /home/travis/build/icyphy/ptII/ptolemy/domains/modal/test/auto/FinalStates.xml
3 ms. Memory: 578048K Free: 98768K (17%)
----------------- Invoking toplevel() on ptolemy.moml.MoMLSimpleApplication@2e2b8656
----------------- Done invoking toplevel() on ptolemy.moml.MoMLSimpleApplication@2e2b8656
reloadAllAccessors: .FinalStates

===========================================================================================
----------------- testing Sun Apr 21 04:07:10 UTC 2019 /home/travis/build/icyphy/ptII/ptolemy/domains/modal/test/auto/FixedPointFSM.xml
----------------- Instantiating /home/travis/build/icyphy/ptII/ptolemy/domains/modal/test/auto/FixedPointFSM.xml
10 ms. Memory: 578048K Free: 79198K (14%)
----------------- Invoking toplevel() on ptolemy.moml.MoMLSimpleApplication@974912f
----------------- Done invoking toplevel() on ptolemy.moml.MoMLSimpleApplication@974912f
reloadAllAccessors: .FixedPointFSM

===========================================================================================
----------------- testing Sun Apr 21 04:07:10 UTC 2019 /home/travis/build/icyphy/ptII/ptolemy/domains/modal/test/auto/FixedPointIterationFSMActor.xml
----------------- Instantiating /home/travis/build/icyphy/ptII/ptolemy/domains/modal/test/auto/FixedPointIterationFSMActor.xml
6 ms. Memory: 578048K Free: 556765K (96%)
----------------- Invoking toplevel() on ptolemy.moml.MoMLSimpleApplication@519ce5a8
----------------- Done invoking toplevel() on ptolemy.moml.MoMLSimpleApplication@519ce5a8
reloadAllAccessors: .FixedPointIterationFSMActor

===========================================================================================
----------------- testing Sun Apr 21 04:07:10 UTC 2019 /home/travis/build/icyphy/ptII/ptolemy/domains/modal/test/auto/FixedPointIterationFSMActor2.xml
----------------- Instantiating /home/travis/build/icyphy/ptII/ptolemy/domains/modal/test/auto/FixedPointIterationFSMActor2.xml
7 ms. Memory: 578048K Free: 539708K (93%)
----------------- Invoking toplevel() on ptolemy.moml.MoMLSimpleApplication@2cc42cd1
----------------- Done invoking toplevel() on ptolemy.moml.MoMLSimpleApplication@2cc42cd1
reloadAllAccessors: .FixedPointIterationFSMActor2

===========================================================================================
----------------- testing Sun Apr 21 04:07:10 UTC 2019 /home/travis/build/icyphy/ptII/ptolemy/domains/modal/test/auto/ForbiddenInstantanousLoop.xml
----------------- Instantiating /home/travis/build/icyphy/ptII/ptolemy/domains/modal/test/auto/ForbiddenInstantanousLoop.xml
5 ms. Memory: 578048K Free: 525007K (91%)
----------------- Invoking toplevel() on ptolemy.moml.MoMLSimpleApplication@8529dfe
----------------- Done invoking toplevel() on ptolemy.moml.MoMLSimpleApplication@8529dfe
reloadAllAccessors: .ForbiddenInstantanousLoop

===========================================================================================
----------------- testing Sun Apr 21 04:07:10 UTC 2019 /home/travis/build/icyphy/ptII/ptolemy/domains/modal/test/auto/FunctionDependencyOfFSMActorTest.xml
----------------- Instantiating /home/travis/build/icyphy/ptII/ptolemy/domains/modal/test/auto/FunctionDependencyOfFSMActorTest.xml
8 ms. Memory: 578048K Free: 515541K (89%)
----------------- Invoking toplevel() on ptolemy.moml.MoMLSimpleApplication@48966104
----------------- Done invoking toplevel() on ptolemy.moml.MoMLSimpleApplication@48966104
reloadAllAccessors: .FunctionDependencyOfFSMActorTest

===========================================================================================
----------------- testing Sun Apr 21 04:07:10 UTC 2019 /home/travis/build/icyphy/ptII/ptolemy/domains/modal/test/auto/GuardExpression.xml
----------------- Instantiating /home/travis/build/icyphy/ptII/ptolemy/domains/modal/test/auto/GuardExpression.xml
1 ms. Memory: 578048K Free: 508198K (88%)
----------------- Invoking toplevel() on ptolemy.moml.MoMLSimpleApplication@589d4989
----------------- Done invoking toplevel() on ptolemy.moml.MoMLSimpleApplication@589d4989
reloadAllAccessors: .GuardExpression

===========================================================================================
----------------- testing Sun Apr 21 04:07:10 UTC 2019 /home/travis/build/icyphy/ptII/ptolemy/domains/modal/test/auto/GuardNotEvaluated.xml
----------------- Instantiating /home/travis/build/icyphy/ptII/ptolemy/domains/modal/test/auto/GuardNotEvaluated.xml
5 ms. Memory: 578048K Free: 498429K (86%)
----------------- Invoking toplevel() on ptolemy.moml.MoMLSimpleApplication@4eda04d6
----------------- Done invoking toplevel() on ptolemy.moml.MoMLSimpleApplication@4eda04d6
reloadAllAccessors: .GuardNotEvaluated

===========================================================================================
----------------- testing Sun Apr 21 04:07:10 UTC 2019 /home/travis/build/icyphy/ptII/ptolemy/domains/modal/test/auto/GuardNotEvaluated2.xml
----------------- Instantiating /home/travis/build/icyphy/ptII/ptolemy/domains/modal/test/auto/GuardNotEvaluated2.xml
7 ms. Memory: 578048K Free: 486536K (84%)
----------------- Invoking toplevel() on ptolemy.moml.MoMLSimpleApplication@76ea5ea5
----------------- Done invoking toplevel() on ptolemy.moml.MoMLSimpleApplication@76ea5ea5
reloadAllAccessors: .GuardNotEvaluated2

===========================================================================================
----------------- testing Sun Apr 21 04:07:10 UTC 2019 /home/travis/build/icyphy/ptII/ptolemy/domains/modal/test/auto/GuardOnAbsent.xml
----------------- Instantiating /home/travis/build/icyphy/ptII/ptolemy/domains/modal/test/auto/GuardOnAbsent.xml
12 ms. Memory: 578048K Free: 476751K (82%)
----------------- Invoking toplevel() on ptolemy.moml.MoMLSimpleApplication@13498fe9
----------------- Done invoking toplevel() on ptolemy.moml.MoMLSimpleApplication@13498fe9
reloadAllAccessors: .GuardOnAbsent

===========================================================================================
----------------- testing Sun Apr 21 04:07:10 UTC 2019 /home/travis/build/icyphy/ptII/ptolemy/domains/modal/test/auto/HierarchicalFSMTypeInference.xml
----------------- Instantiating /home/travis/build/icyphy/ptII/ptolemy/domains/modal/test/auto/HierarchicalFSMTypeInference.xml
5 ms. Memory: 578048K Free: 462065K (80%)
----------------- Invoking toplevel() on ptolemy.moml.MoMLSimpleApplication@35b9925f
----------------- Done invoking toplevel() on ptolemy.moml.MoMLSimpleApplication@35b9925f
reloadAllAccessors: .HierarchicalFSMTypeInference

===========================================================================================
----------------- testing Sun Apr 21 04:07:10 UTC 2019 /home/travis/build/icyphy/ptII/ptolemy/domains/modal/test/auto/Hysteresis.xml
----------------- Instantiating /home/travis/build/icyphy/ptII/ptolemy/domains/modal/test/auto/Hysteresis.xml
15 ms. Memory: 578048K Free: 442806K (77%)
----------------- Invoking toplevel() on ptolemy.moml.MoMLSimpleApplication@445bebff
----------------- Done invoking toplevel() on ptolemy.moml.MoMLSimpleApplication@445bebff
reloadAllAccessors: .Hysteresis

===========================================================================================
----------------- testing Sun Apr 21 04:07:10 UTC 2019 /home/travis/build/icyphy/ptII/ptolemy/domains/modal/test/auto/HysteresisWithDefault.xml
----------------- Instantiating /home/travis/build/icyphy/ptII/ptolemy/domains/modal/test/auto/HysteresisWithDefault.xml
35 ms. Memory: 578048K Free: 415861K (72%)
----------------- Invoking toplevel() on ptolemy.moml.MoMLSimpleApplication@4e575cf7
----------------- Done invoking toplevel() on ptolemy.moml.MoMLSimpleApplication@4e575cf7
reloadAllAccessors: .HysteresisWithDefault

===========================================================================================
----------------- testing Sun Apr 21 04:07:10 UTC 2019 /home/travis/build/icyphy/ptII/ptolemy/domains/modal/test/auto/HysteresisWithDefault2.xml
----------------- Instantiating /home/travis/build/icyphy/ptII/ptolemy/domains/modal/test/auto/HysteresisWithDefault2.xml
38 ms. Memory: 578048K Free: 381877K (66%)
----------------- Invoking toplevel() on ptolemy.moml.MoMLSimpleApplication@75be12e4
----------------- Done invoking toplevel() on ptolemy.moml.MoMLSimpleApplication@75be12e4
reloadAllAccessors: .HysteresisWithDefault2

===========================================================================================
----------------- testing Sun Apr 21 04:07:10 UTC 2019 /home/travis/build/icyphy/ptII/ptolemy/domains/modal/test/auto/ImmediateNonConstructiveness.xml
----------------- Instantiating /home/travis/build/icyphy/ptII/ptolemy/domains/modal/test/auto/ImmediateNonConstructiveness.xml
12 ms. Memory: 578048K Free: 372091K (64%)
----------------- Invoking toplevel() on ptolemy.moml.MoMLSimpleApplication@200ac42c
----------------- Done invoking toplevel() on ptolemy.moml.MoMLSimpleApplication@200ac42c
reloadAllAccessors: .ImmediateNonConstructiveness

===========================================================================================
----------------- testing Sun Apr 21 04:07:10 UTC 2019 /home/travis/build/icyphy/ptII/ptolemy/domains/modal/test/auto/ImmediateNonConstructiveness2.xml
----------------- Instantiating /home/travis/build/icyphy/ptII/ptolemy/domains/modal/test/auto/ImmediateNonConstructiveness2.xml
1 ms. Memory: 578048K Free: 362290K (63%)
----------------- Invoking toplevel() on ptolemy.moml.MoMLSimpleApplication@1bc57886
----------------- Done invoking toplevel() on ptolemy.moml.MoMLSimpleApplication@1bc57886
reloadAllAccessors: .ImmediateNonConstructiveness2

===========================================================================================
----------------- testing Sun Apr 21 04:07:10 UTC 2019 /home/travis/build/icyphy/ptII/ptolemy/domains/modal/test/auto/ImmediateTransitionReset.xml
----------------- Instantiating /home/travis/build/icyphy/ptII/ptolemy/domains/modal/test/auto/ImmediateTransitionReset.xml
5 ms. Memory: 578048K Free: 345489K (60%)
----------------- Invoking toplevel() on ptolemy.moml.MoMLSimpleApplication@20ff4a1e
----------------- Done invoking toplevel() on ptolemy.moml.MoMLSimpleApplication@20ff4a1e
reloadAllAccessors: .ImmediateTransitionReset

===========================================================================================
----------------- testing Sun Apr 21 04:07:10 UTC 2019 /home/travis/build/icyphy/ptII/ptolemy/domains/modal/test/auto/ImmediateTransitions1.xml
----------------- Instantiating /home/travis/build/icyphy/ptII/ptolemy/domains/modal/test/auto/ImmediateTransitions1.xml
2 ms. Memory: 578048K Free: 338162K (59%)
----------------- Invoking toplevel() on ptolemy.moml.MoMLSimpleApplication@255982f7
----------------- Done invoking toplevel() on ptolemy.moml.MoMLSimpleApplication@255982f7
reloadAllAccessors: .ImmediateTransitions1

===========================================================================================
----------------- testing Sun Apr 21 04:07:10 UTC 2019 /home/travis/build/icyphy/ptII/ptolemy/domains/modal/test/auto/ImmediateTransitionsInstantaneousCommunication.xml
----------------- Instantiating /home/travis/build/icyphy/ptII/ptolemy/domains/modal/test/auto/ImmediateTransitionsInstantaneousCommunication.xml
3 ms. Memory: 578048K Free: 323501K (56%)
----------------- Invoking toplevel() on ptolemy.moml.MoMLSimpleApplication@6db1039f
----------------- Done invoking toplevel() on ptolemy.moml.MoMLSimpleApplication@6db1039f
reloadAllAccessors: .ImmediateTransitionsInstantaneousCommunication

===========================================================================================
----------------- testing Sun Apr 21 04:07:10 UTC 2019 /home/travis/build/icyphy/ptII/ptolemy/domains/modal/test/auto/InitialImmediateTransition.xml
----------------- Instantiating /home/travis/build/icyphy/ptII/ptolemy/domains/modal/test/auto/InitialImmediateTransition.xml
3 ms. Memory: 578048K Free: 311585K (54%)
----------------- Invoking toplevel() on ptolemy.moml.MoMLSimpleApplication@33b4756c
----------------- Done invoking toplevel() on ptolemy.moml.MoMLSimpleApplication@33b4756c
reloadAllAccessors: .InitialImmediateTransition

===========================================================================================
----------------- testing Sun Apr 21 04:07:10 UTC 2019 /home/travis/build/icyphy/ptII/ptolemy/domains/modal/test/auto/InitialOutputs.xml
----------------- Instantiating /home/travis/build/icyphy/ptII/ptolemy/domains/modal/test/auto/InitialOutputs.xml
3 ms. Memory: 578048K Free: 301799K (52%)
----------------- Invoking toplevel() on ptolemy.moml.MoMLSimpleApplication@6dccfe2b
----------------- Done invoking toplevel() on ptolemy.moml.MoMLSimpleApplication@6dccfe2b
reloadAllAccessors: .InitialOutputs

===========================================================================================
----------------- testing Sun Apr 21 04:07:10 UTC 2019 /home/travis/build/icyphy/ptII/ptolemy/domains/modal/test/auto/InitialStateTransition1.xml
----------------- Instantiating /home/travis/build/icyphy/ptII/ptolemy/domains/modal/test/auto/InitialStateTransition1.xml
2 ms. Memory: 578048K Free: 289891K (50%)
----------------- Invoking toplevel() on ptolemy.moml.MoMLSimpleApplication@7a469f95
----------------- Done invoking toplevel() on ptolemy.moml.MoMLSimpleApplication@7a469f95
reloadAllAccessors: .InitialStateTransition1

===========================================================================================
----------------- testing Sun Apr 21 04:07:10 UTC 2019 /home/travis/build/icyphy/ptII/ptolemy/domains/modal/test/auto/InitialStateTransition2.xml
----------------- Instantiating /home/travis/build/icyphy/ptII/ptolemy/domains/modal/test/auto/InitialStateTransition2.xml
.InitialStateTransition2.TestExceptionAttributeNonConstructive: initialize() was not invoked, but wrapup() was.  This is unusual, but not always a problem.  For example, exporting JNLP will do this.
1 ms. Memory: 578048K Free: 280106K (48%)
----------------- Invoking toplevel() on ptolemy.moml.MoMLSimpleApplication@570e1b83
----------------- Done invoking toplevel() on ptolemy.moml.MoMLSimpleApplication@570e1b83
reloadAllAccessors: .InitialStateTransition2

===========================================================================================
----------------- testing Sun Apr 21 04:07:10 UTC 2019 /home/travis/build/icyphy/ptII/ptolemy/domains/modal/test/auto/InitialStateTransition3.xml
----------------- Instantiating /home/travis/build/icyphy/ptII/ptolemy/domains/modal/test/auto/InitialStateTransition3.xml
5 ms. Memory: 578048K Free: 267863K (46%)
----------------- Invoking toplevel() on ptolemy.moml.MoMLSimpleApplication@25ce5f89
----------------- Done invoking toplevel() on ptolemy.moml.MoMLSimpleApplication@25ce5f89
reloadAllAccessors: .InitialStateTransition3

===========================================================================================
----------------- testing Sun Apr 21 04:07:10 UTC 2019 /home/travis/build/icyphy/ptII/ptolemy/domains/modal/test/auto/InitialStateTransition4.xml
----------------- Instantiating /home/travis/build/icyphy/ptII/ptolemy/domains/modal/test/auto/InitialStateTransition4.xml
3 ms. Memory: 578048K Free: 253504K (44%)
----------------- Invoking toplevel() on ptolemy.moml.MoMLSimpleApplication@756d1a0f
----------------- Done invoking toplevel() on ptolemy.moml.MoMLSimpleApplication@756d1a0f
[...]
----------------- Done invoking toplevel() on ptolemy.moml.MoMLSimpleApplication@21d74df7
reloadAllAccessors: .TerminationTransition3

===========================================================================================
----------------- testing Sun Apr 21 04:07:12 UTC 2019 /home/travis/build/icyphy/ptII/ptolemy/domains/modal/test/auto/TerminationTransition4.xml
----------------- Instantiating /home/travis/build/icyphy/ptII/ptolemy/domains/modal/test/auto/TerminationTransition4.xml
5 ms. Memory: 871936K Free: 234597K (27%)
----------------- Invoking toplevel() on ptolemy.moml.MoMLSimpleApplication@4cff8912
----------------- Done invoking toplevel() on ptolemy.moml.MoMLSimpleApplication@4cff8912
reloadAllAccessors: .TerminationTransition4

===========================================================================================
----------------- testing Sun Apr 21 04:07:12 UTC 2019 /home/travis/build/icyphy/ptII/ptolemy/domains/modal/test/auto/TerminationTransition5.xml
----------------- Instantiating /home/travis/build/icyphy/ptII/ptolemy/domains/modal/test/auto/TerminationTransition5.xml
2 ms. Memory: 871936K Free: 215027K (25%)
----------------- Invoking toplevel() on ptolemy.moml.MoMLSimpleApplication@533096c8
----------------- Done invoking toplevel() on ptolemy.moml.MoMLSimpleApplication@533096c8
reloadAllAccessors: .TerminationTransition5

===========================================================================================
----------------- testing Sun Apr 21 04:07:12 UTC 2019 /home/travis/build/icyphy/ptII/ptolemy/domains/modal/test/auto/TerminationTransition6.xml
----------------- Instantiating /home/travis/build/icyphy/ptII/ptolemy/domains/modal/test/auto/TerminationTransition6.xml
1 ms. Memory: 871936K Free: 196860K (23%)
----------------- Invoking toplevel() on ptolemy.moml.MoMLSimpleApplication@7462a4d3
----------------- Done invoking toplevel() on ptolemy.moml.MoMLSimpleApplication@7462a4d3
reloadAllAccessors: .TerminationTransition6

===========================================================================================
----------------- testing Sun Apr 21 04:07:12 UTC 2019 /home/travis/build/icyphy/ptII/ptolemy/domains/modal/test/auto/TerminationTransition7.xml
----------------- Instantiating /home/travis/build/icyphy/ptII/ptolemy/domains/modal/test/auto/TerminationTransition7.xml
2 ms. Memory: 871936K Free: 181192K (21%)
----------------- Invoking toplevel() on ptolemy.moml.MoMLSimpleApplication@4012c557
----------------- Done invoking toplevel() on ptolemy.moml.MoMLSimpleApplication@4012c557
reloadAllAccessors: .TerminationTransition7

===========================================================================================
----------------- testing Sun Apr 21 04:07:12 UTC 2019 /home/travis/build/icyphy/ptII/ptolemy/domains/modal/test/auto/TerminationTransition8.xml
----------------- Instantiating /home/travis/build/icyphy/ptII/ptolemy/domains/modal/test/auto/TerminationTransition8.xml
2 ms. Memory: 871936K Free: 165523K (19%)
----------------- Invoking toplevel() on ptolemy.moml.MoMLSimpleApplication@4fab52bc
----------------- Done invoking toplevel() on ptolemy.moml.MoMLSimpleApplication@4fab52bc
reloadAllAccessors: .TerminationTransition8

===========================================================================================
----------------- testing Sun Apr 21 04:07:12 UTC 2019 /home/travis/build/icyphy/ptII/ptolemy/domains/modal/test/auto/Thermostat_NoHysteresis.xml
----------------- Instantiating /home/travis/build/icyphy/ptII/ptolemy/domains/modal/test/auto/Thermostat_NoHysteresis.xml
22 ms. Memory: 871936K Free: 131712K (15%)
----------------- Invoking toplevel() on ptolemy.moml.MoMLSimpleApplication@221db31a
----------------- Done invoking toplevel() on ptolemy.moml.MoMLSimpleApplication@221db31a
reloadAllAccessors: .Thermostat_NoHysteresis

===========================================================================================
----------------- testing Sun Apr 21 04:07:12 UTC 2019 /home/travis/build/icyphy/ptII/ptolemy/domains/modal/test/auto/TimedFSM.xml
----------------- Instantiating /home/travis/build/icyphy/ptII/ptolemy/domains/modal/test/auto/TimedFSM.xml
11 ms. Memory: 871936K Free: 116059K (13%)
----------------- Invoking toplevel() on ptolemy.moml.MoMLSimpleApplication@7dccd85
----------------- Done invoking toplevel() on ptolemy.moml.MoMLSimpleApplication@7dccd85
reloadAllAccessors: .TimedFSM

===========================================================================================
----------------- testing Sun Apr 21 04:07:12 UTC 2019 /home/travis/build/icyphy/ptII/ptolemy/domains/modal/test/auto/Timeout1.xml
----------------- Instantiating /home/travis/build/icyphy/ptII/ptolemy/domains/modal/test/auto/Timeout1.xml
2 ms. Memory: 871936K Free: 108241K (12%)
----------------- Invoking toplevel() on ptolemy.moml.MoMLSimpleApplication@6d1b18bf
----------------- Done invoking toplevel() on ptolemy.moml.MoMLSimpleApplication@6d1b18bf
reloadAllAccessors: .Timeout1

===========================================================================================
----------------- testing Sun Apr 21 04:07:12 UTC 2019 /home/travis/build/icyphy/ptII/ptolemy/domains/modal/test/auto/Timeout2.xml
----------------- Instantiating /home/travis/build/icyphy/ptII/ptolemy/domains/modal/test/auto/Timeout2.xml
4 ms. Memory: 871936K Free: 94000K (11%)
----------------- Invoking toplevel() on ptolemy.moml.MoMLSimpleApplication@1da82804
----------------- Done invoking toplevel() on ptolemy.moml.MoMLSimpleApplication@1da82804
reloadAllAccessors: .Timeout2

===========================================================================================
----------------- testing Sun Apr 21 04:07:12 UTC 2019 /home/travis/build/icyphy/ptII/ptolemy/domains/modal/test/auto/Timeout3.xml
----------------- Instantiating /home/travis/build/icyphy/ptII/ptolemy/domains/modal/test/auto/Timeout3.xml
2 ms. Memory: 871936K Free: 86181K (10%)
----------------- Invoking toplevel() on ptolemy.moml.MoMLSimpleApplication@72f59169
----------------- Done invoking toplevel() on ptolemy.moml.MoMLSimpleApplication@72f59169
reloadAllAccessors: .Timeout3

===========================================================================================
----------------- testing Sun Apr 21 04:07:12 UTC 2019 /home/travis/build/icyphy/ptII/ptolemy/domains/modal/test/auto/Timeout4.xml
----------------- Instantiating /home/travis/build/icyphy/ptII/ptolemy/domains/modal/test/auto/Timeout4.xml
2 ms. Memory: 871936K Free: 79039K (9%)
----------------- Invoking toplevel() on ptolemy.moml.MoMLSimpleApplication@57b425ce
----------------- Done invoking toplevel() on ptolemy.moml.MoMLSimpleApplication@57b425ce
reloadAllAccessors: .Timeout4

===========================================================================================
----------------- testing Sun Apr 21 04:07:12 UTC 2019 /home/travis/build/icyphy/ptII/ptolemy/domains/modal/test/auto/TransientstateModelAdvanced.xml
----------------- Instantiating /home/travis/build/icyphy/ptII/ptolemy/domains/modal/test/auto/TransientstateModelAdvanced.xml
3 ms. Memory: 871936K Free: 837753K (96%)
----------------- Invoking toplevel() on ptolemy.moml.MoMLSimpleApplication@7242bf3d
----------------- Done invoking toplevel() on ptolemy.moml.MoMLSimpleApplication@7242bf3d
reloadAllAccessors: .TransientstateModelAdvanced

===========================================================================================
----------------- testing Sun Apr 21 04:07:13 UTC 2019 /home/travis/build/icyphy/ptII/ptolemy/domains/modal/test/auto/TransientstateModelAdvanced2.xml
----------------- Instantiating /home/travis/build/icyphy/ptII/ptolemy/domains/modal/test/auto/TransientstateModelAdvanced2.xml
3 ms. Memory: 871936K Free: 816896K (94%)
----------------- Invoking toplevel() on ptolemy.moml.MoMLSimpleApplication@83e3ec
----------------- Done invoking toplevel() on ptolemy.moml.MoMLSimpleApplication@83e3ec
reloadAllAccessors: .transientstatemodelAdvanced

===========================================================================================
----------------- testing Sun Apr 21 04:07:13 UTC 2019 /home/travis/build/icyphy/ptII/ptolemy/domains/modal/test/auto/TransitionRefinements.xml
----------------- Instantiating /home/travis/build/icyphy/ptII/ptolemy/domains/modal/test/auto/TransitionRefinements.xml
6 ms. Memory: 871936K Free: 799219K (92%)
----------------- Invoking toplevel() on ptolemy.moml.MoMLSimpleApplication@7f45fe2
----------------- Done invoking toplevel() on ptolemy.moml.MoMLSimpleApplication@7f45fe2
reloadAllAccessors: .TransitionRefinements

===========================================================================================
----------------- testing Sun Apr 21 04:07:13 UTC 2019 /home/travis/build/icyphy/ptII/ptolemy/domains/modal/test/auto/TwoRefinements1.xml
----------------- Instantiating /home/travis/build/icyphy/ptII/ptolemy/domains/modal/test/auto/TwoRefinements1.xml
3 ms. Memory: 871936K Free: 783566K (90%)
----------------- Invoking toplevel() on ptolemy.moml.MoMLSimpleApplication@2a98d96
----------------- Done invoking toplevel() on ptolemy.moml.MoMLSimpleApplication@2a98d96
reloadAllAccessors: .TwoRefinements1

===========================================================================================
----------------- testing Sun Apr 21 04:07:13 UTC 2019 /home/travis/build/icyphy/ptII/ptolemy/domains/modal/test/auto/TwoRefinements2.xml
----------------- Instantiating /home/travis/build/icyphy/ptII/ptolemy/domains/modal/test/auto/TwoRefinements2.xml
2 ms. Memory: 871936K Free: 766052K (88%)
----------------- Invoking toplevel() on ptolemy.moml.MoMLSimpleApplication@48dccd1b
----------------- Done invoking toplevel() on ptolemy.moml.MoMLSimpleApplication@48dccd1b
reloadAllAccessors: .TwoRefinements2

===========================================================================================
----------------- testing Sun Apr 21 04:07:13 UTC 2019 /home/travis/build/icyphy/ptII/ptolemy/domains/modal/test/auto/WeakImmediateTransition.xml
----------------- Instantiating /home/travis/build/icyphy/ptII/ptolemy/domains/modal/test/auto/WeakImmediateTransition.xml
3 ms. Memory: 871936K Free: 750415K (86%)
----------------- Invoking toplevel() on ptolemy.moml.MoMLSimpleApplication@658b2704
----------------- Done invoking toplevel() on ptolemy.moml.MoMLSimpleApplication@658b2704
reloadAllAccessors: .WeakImmediateTransition

===========================================================================================
----------------- testing Sun Apr 21 04:07:13 UTC 2019 /home/travis/build/icyphy/ptII/ptolemy/domains/modal/test/auto/booleanSelect.xml
----------------- Instantiating /home/travis/build/icyphy/ptII/ptolemy/domains/modal/test/auto/booleanSelect.xml
32 ms. Memory: 871936K Free: 722452K (83%)
----------------- Invoking toplevel() on ptolemy.moml.MoMLSimpleApplication@45782505
----------------- Done invoking toplevel() on ptolemy.moml.MoMLSimpleApplication@45782505
reloadAllAccessors: .booleanSelect

===========================================================================================
----------------- testing Sun Apr 21 04:07:13 UTC 2019 /home/travis/build/icyphy/ptII/ptolemy/domains/modal/test/auto/modalChangingParams.xml
----------------- Instantiating /home/travis/build/icyphy/ptII/ptolemy/domains/modal/test/auto/modalChangingParams.xml
0
1
0
2
4
6
8
7
0
2
4
6
8
13
0
2
4
6
8
19
0
2
4
6
8
25
0
2
4
6
8
31
0
2
4
6
8
37
0
2
4
6
8
43
0
2
4
6
8
49
0
2
4
6
8
55
0
2
4
6
8
61
0
2
4
6
8
67
0
2
4
6
8
73
0
2
4
6
8
79
0
2
4
6
8
85
0
2
4
6
8
91
0
2
4
6
8
97
0
2
4
6
8
103
0
2
4
6
8
109
0
2
4
6
8
115
0
2
4
6
8
121
0
2
4
6
8
127
0
2
4
6
8
133
0
2
4
6
8
139
0
2
4
6
8
145
0
2
4
6
8
151
0
2
4
6
8
157
0
2
4
6
8
163
0
2
4
6
8
169
0
2
4
6
8
175
0
2
4
6
8
181
0
2
4
6
8
187
0
2
4
6
8
193
0
2
4
6
8
199
0
2
4
6
8
205
0
2
4
6
8
211
0
2
4
6
8
217
0
2
4
6
8
223
0
2
4
6
8
229
0
2
4
6
8
235
0
2
4
6
8
241
0
2
4
6
8
247
0
2
4
6
8
253
0
2
4
6
8
259
0
2
4
6
8
265
0
2
4
6
8
271
0
2
4
6
8
277
0
2
4
6
8
283
0
2
4
6
8
289
0
2
4
6
8
295
0
2
4
6
8
301
0
2
4
6
8
307
0
2
4
6
8
313
0
2
4
6
8
319
0
2
4
6
8
325
0
2
4
6
8
331
0
2
4
6
8
337
0
2
4
6
8
343
0
2
4
6
8
349
0
2
4
6
8
355
0
2
4
6
8
361
0
2
4
6
8
367
0
2
4
6
8
373
0
2
4
6
8
379
0
2
4
6
8
385
0
2
4
6
8
391
0
2
4
6
8
397
0
2
4
6
8
403
0
2
4
6
8
409
0
2
4
6
8
415
0
2
4
6
8
421
0
2
4
6
8
427
0
2
4
6
8
433
0
2
4
6
8
439
0
2
4
6
8
445
0
2
4
6
8
451
0
2
4
6
8
457
0
2
4
6
8
463
0
2
4
6
8
469
0
2
4
6
8
475
0
2
4
6
8
481
0
2
4
6
8
487
0
2
4
6
8
493
0
2
4
6
8
499
0
2
4
6
8
505
0
2
4
6
8
511
0
2
4
6
8
517
0
2
4
6
8
523
0
2
4
6
8
529
0
2
4
6
8
535
0
2
4
6
8
541
0
2
4
6
8
547
0
2
4
6
8
553
0
2
4
6
8
559
0
2
4
6
8
565
0
2
4
6
8
571
0
2
4
6
8
577
0
2
4
6
8
583
0
2
4
6
8
589
0
2
4
6
8
595
0
2
4
6
8
601
0
2
4
6
8
607
0
2
4
6
8
613
0
2
4
6
8
619
0
2
4
6
8
625
0
2
4
6
8
631
0
2
4
6
8
637
0
2
4
6
8
643
0
2
4
6
8
649
0
2
4
6
8
655
0
2
4
6
8
661
0
2
4
6
8
667
0
2
4
6
8
673
0
2
4
6
8
679
0
2
4
6
8
685
0
2
4
6
8
691
0
2
4
6
8
697
0
2
4
6
8
703
0
2
4
6
8
709
0
2
4
6
8
715
0
2
4
6
8
721
0
2
4
6
8
727
0
2
4
6
8
733
0
2
4
6
8
739
0
2
4
6
8
745
0
2
4
6
8
751
0
2
4
6
8
757
0
2
4
6
8
763
0
2
4
6
8
769
0
2
4
6
8
775
0
2
4
6
8
781
0
2
4
6
8
787
0
2
4
6
8
793
0
2
4
6
8
799
0
2
4
6
8
805
0
2
4
6
8
811
0
2
4
6
8
817
0
2
4
6
8
823
0
2
4
6
8
829
0
2
4
6
8
835
0
2
4
6
8
841
0
2
4
6
8
847
0
2
4
6
8
853
0
2
4
6
8
859
0
2
4
6
8
865
0
2
4
6
8
871
0
2
4
6
8
877
0
2
4
6
8
883
0
2
4
6
8
889
0
2
4
6
8
895
0
2
4
6
8
901
0
2
4
6
8
907
0
2
4
6
8
913
0
2
4
6
8
919
0
2
4
6
8
925
0
2
4
6
8
931
0
2
4
6
8
937
0
2
4
6
8
943
0
2
4
6
8
949
0
2
4
6
8
955
0
2
4
6
8
961
0
2
4
6
8
967
0
2
4
6
8
973
0
2
4
6
8
979
0
2
4
6
8
985
0
2
4
6
8
991
0
2
4
6
8
997
0
2
198 ms. Memory: 871936K Free: 607592K (70%)
----------------- Invoking toplevel() on ptolemy.moml.MoMLSimpleApplication@dd3c824
----------------- Done invoking toplevel() on ptolemy.moml.MoMLSimpleApplication@dd3c824
reloadAllAccessors: .modalChangingParams

===========================================================================================
----------------- testing Sun Apr 21 04:07:13 UTC 2019 /home/travis/build/icyphy/ptII/ptolemy/domains/modal/test/auto/modalModel.xml
----------------- Instantiating /home/travis/build/icyphy/ptII/ptolemy/domains/modal/test/auto/modalModel.xml
13 ms. Memory: 871936K Free: 590078K (68%)
----------------- Invoking toplevel() on ptolemy.moml.MoMLSimpleApplication@641d7679
----------------- Done invoking toplevel() on ptolemy.moml.MoMLSimpleApplication@641d7679
reloadAllAccessors: .modalModel

===========================================================================================
----------------- testing Sun Apr 21 04:07:13 UTC 2019 /home/travis/build/icyphy/ptII/ptolemy/domains/modal/test/auto/modalModel2.xml
----------------- Instantiating /home/travis/build/icyphy/ptII/ptolemy/domains/modal/test/auto/modalModel2.xml
13 ms. Memory: 871936K Free: 574433K (66%)
----------------- Invoking toplevel() on ptolemy.moml.MoMLSimpleApplication@56d6e0df
----------------- Done invoking toplevel() on ptolemy.moml.MoMLSimpleApplication@56d6e0df
reloadAllAccessors: .modalModel2

===========================================================================================
----------------- testing Sun Apr 21 04:07:13 UTC 2019 /home/travis/build/icyphy/ptII/ptolemy/domains/modal/test/auto/modalModel3.xml
----------------- Instantiating /home/travis/build/icyphy/ptII/ptolemy/domains/modal/test/auto/modalModel3.xml
0	0	0
3	2	1
6	4	2
9	6	3
4	0	4
7	2	5
10	4	6
13	6	7
8	0	8
11	2	9
14	4	10
17	6	11
12	0	12
15	2	13
18	4	14
12 ms. Memory: 871936K Free: 556918K (64%)
----------------- Invoking toplevel() on ptolemy.moml.MoMLSimpleApplication@7a42c535
----------------- Done invoking toplevel() on ptolemy.moml.MoMLSimpleApplication@7a42c535
reloadAllAccessors: .modalModel3

===========================================================================================
----------------- testing Sun Apr 21 04:07:13 UTC 2019 /home/travis/build/icyphy/ptII/ptolemy/domains/modal/test/auto/model1.xml
----------------- Instantiating /home/travis/build/icyphy/ptII/ptolemy/domains/modal/test/auto/model1.xml
9 ms. Memory: 871936K Free: 546494K (63%)
----------------- Invoking toplevel() on ptolemy.moml.MoMLSimpleApplication@67e064fc
----------------- Done invoking toplevel() on ptolemy.moml.MoMLSimpleApplication@67e064fc
reloadAllAccessors: .model1

===========================================================================================
----------------- testing Sun Apr 21 04:07:13 UTC 2019 /home/travis/build/icyphy/ptII/ptolemy/domains/modal/test/auto/test-direct-in-out.xml
----------------- Instantiating /home/travis/build/icyphy/ptII/ptolemy/domains/modal/test/auto/test-direct-in-out.xml
4 ms. Memory: 871936K Free: 528979K (61%)
----------------- Invoking toplevel() on ptolemy.moml.MoMLSimpleApplication@36ba5da6
----------------- Done invoking toplevel() on ptolemy.moml.MoMLSimpleApplication@36ba5da6
reloadAllAccessors: .test-direct-in-out
AutoTests.java: About to close Vertx.
AutoTests.java: Vertx closed.
]]></system-out>
  <system-err><![CDATA[java.lang.RuntimeException: Execution failed
	at ptolemy.moml.MoMLSimpleApplication$UnloadThread.run(MoMLSimpleApplication.java:402)
Caused by: ptolemy.kernel.util.IllegalActionException: Unknown inputs remain. Possible causality loop:
L_model_1893289564i

  in .CannotAnalysisWithPreemption.model_1893289564_region_1 and .CannotAnalysisWithPreemption.model_1893289564_region_1.L_model_1893289564i
	at ptolemy.actor.sched.FixedPointDirector.postfire(FixedPointDirector.java:515)
	at ptolemy.domains.sr.kernel.SRDirector.postfire(SRDirector.java:417)
	at ptolemy.actor.CompositeActor.postfire(CompositeActor.java:1668)
	at ptolemy.actor.Manager.iterate(Manager.java:852)
	at ptolemy.actor.Manager.execute(Manager.java:369)
	at ptolemy.actor.Manager.run(Manager.java:1263)
	at ptolemy.actor.Manager$PtolemyRunThread.run(Manager.java:1915)
java.lang.reflect.InvocationTargetException
	at sun.reflect.NativeConstructorAccessorImpl.newInstance0(Native Method)
	at sun.reflect.NativeConstructorAccessorImpl.newInstance(NativeConstructorAccessorImpl.java:62)
	at sun.reflect.DelegatingConstructorAccessorImpl.newInstance(DelegatingConstructorAccessorImpl.java:45)
	at java.lang.reflect.Constructor.newInstance(Constructor.java:423)
	at ptolemy.util.test.junit.AutoKnownFailedTests.RunModel(AutoKnownFailedTests.java:105)
	at sun.reflect.NativeMethodAccessorImpl.invoke0(Native Method)
	at sun.reflect.NativeMethodAccessorImpl.invoke(NativeMethodAccessorImpl.java:62)
	at sun.reflect.DelegatingMethodAccessorImpl.invoke(DelegatingMethodAccessorImpl.java:43)
	at java.lang.reflect.Method.invoke(Method.java:498)
	at org.junit.runners.model.FrameworkMethod$1.runReflectiveCall(FrameworkMethod.java:44)
	at org.junit.internal.runners.model.ReflectiveCallable.run(ReflectiveCallable.java:15)
	at org.junit.runners.model.FrameworkMethod.invokeExplosively(FrameworkMethod.java:41)
	at junitparams.internal.InvokeParameterisedMethod.evaluate(InvokeParameterisedMethod.java:102)
	at org.junit.internal.runners.statements.FailOnTimeout$1.run(FailOnTimeout.java:28)
Caused by: ptolemy.kernel.util.IllegalActionException: Unknown inputs remain. Possible causality loop:
L_model_1893289564i

  in .CannotAnalysisWithPreemption.model_1893289564_region_1 and .CannotAnalysisWithPreemption.model_1893289564_region_1.L_model_1893289564i
	at ptolemy.actor.sched.FixedPointDirector.postfire(FixedPointDirector.java:515)
	at ptolemy.domains.sr.kernel.SRDirector.postfire(SRDirector.java:417)
	at ptolemy.actor.CompositeActor.postfire(CompositeActor.java:1668)
	at ptolemy.actor.Manager.iterate(Manager.java:852)
	at ptolemy.actor.Manager.execute(Manager.java:369)
	at ptolemy.actor.Manager.run(Manager.java:1263)
	at ptolemy.actor.Manager$PtolemyRunThread.run(Manager.java:1915)
]]></system-err>
</testsuite>
