<?xml version="1.0" encoding="UTF-8" ?>
<testsuite errors="0" failures="0" hostname="travis-job-a932b369-c33c-43e4-979d-cfc0ab89980b" name="ptolemy.domains.continuous.test.junit.JUnitTclTest" skipped="0" tests="156" time="73.785" timestamp="2019-04-10T03:58:34">
  <properties>
[...]
</properties>
  <testcase classname="ptolemy.util.test.junit.TclTests" name="[0] ThereAreNoTclTests (RunTclFile)" time="0.001" />
  <testcase classname="ptolemy.util.test.junit.AutoKnownFailedTests" name="[0] ThereAreNoKnowFailedTests (RunModel)" time="0.001" />
  <testcase classname="ptolemy.util.test.junit.AutoNameArchTests" name="[0] ThereAreNoAutoArchTests (RunModel)" time="0.001" />
  <testcase classname="ptolemy.util.test.junit.AutoTests" name="[0] /home/travis/build/icyphy/ptII/ptolemy/domains/continuous/test/auto/BouncingBall.xml (RunModel)" time="2.883" />
  <testcase classname="ptolemy.util.test.junit.AutoTests" name="[1] /home/travis/build/icyphy/ptII/ptolemy/domains/continuous/test/auto/BouncingBallWithoutGR.xml (RunModel)" time="0.805" />
  <testcase classname="ptolemy.util.test.junit.AutoTests" name="[2] /home/travis/build/icyphy/ptII/ptolemy/domains/continuous/test/auto/Brownian.xml (RunModel)" time="0.101" />
  <testcase classname="ptolemy.util.test.junit.AutoTests" name="[3] /home/travis/build/icyphy/ptII/ptolemy/domains/continuous/test/auto/CarTracking.xml (RunModel)" time="3.883" />
  <testcase classname="ptolemy.util.test.junit.AutoTests" name="[4] /home/travis/build/icyphy/ptII/ptolemy/domains/continuous/test/auto/CartPendulum.xml (RunModel)" time="0.64" />
  <testcase classname="ptolemy.util.test.junit.AutoTests" name="[5] /home/travis/build/icyphy/ptII/ptolemy/domains/continuous/test/auto/CausalityInterface10.xml (RunModel)" time="0.055" />
  <testcase classname="ptolemy.util.test.junit.AutoTests" name="[6] /home/travis/build/icyphy/ptII/ptolemy/domains/continuous/test/auto/CausalityInterface11.xml (RunModel)" time="0.045" />
  <testcase classname="ptolemy.util.test.junit.AutoTests" name="[7] /home/travis/build/icyphy/ptII/ptolemy/domains/continuous/test/auto/CausalityInterface12.xml (RunModel)" time="0.044" />
  <testcase classname="ptolemy.util.test.junit.AutoTests" name="[8] /home/travis/build/icyphy/ptII/ptolemy/domains/continuous/test/auto/CausalityInterface13.xml (RunModel)" time="0.032" />
  <testcase classname="ptolemy.util.test.junit.AutoTests" name="[9] /home/travis/build/icyphy/ptII/ptolemy/domains/continuous/test/auto/CausalityInterface14.xml (RunModel)" time="0.03" />
  <testcase classname="ptolemy.util.test.junit.AutoTests" name="[10] /home/travis/build/icyphy/ptII/ptolemy/domains/continuous/test/auto/CausalityInterface4.xml (RunModel)" time="0.03" />
  <testcase classname="ptolemy.util.test.junit.AutoTests" name="[11] /home/travis/build/icyphy/ptII/ptolemy/domains/continuous/test/auto/CausalityInterface5.xml (RunModel)" time="0.065" />
  <testcase classname="ptolemy.util.test.junit.AutoTests" name="[12] /home/travis/build/icyphy/ptII/ptolemy/domains/continuous/test/auto/CausalityInterface6.xml (RunModel)" time="0.031" />
  <testcase classname="ptolemy.util.test.junit.AutoTests" name="[13] /home/travis/build/icyphy/ptII/ptolemy/domains/continuous/test/auto/CausalityInterface7.xml (RunModel)" time="0.048" />
  <testcase classname="ptolemy.util.test.junit.AutoTests" name="[14] /home/travis/build/icyphy/ptII/ptolemy/domains/continuous/test/auto/CausalityInterface8.xml (RunModel)" time="0.042" />
  <testcase classname="ptolemy.util.test.junit.AutoTests" name="[15] /home/travis/build/icyphy/ptII/ptolemy/domains/continuous/test/auto/CausalityInterface9.xml (RunModel)" time="0.05" />
  <testcase classname="ptolemy.util.test.junit.AutoTests" name="[16] /home/travis/build/icyphy/ptII/ptolemy/domains/continuous/test/auto/CausalityInterfaceFeedback1.xml (RunModel)" time="0.032" />
  <testcase classname="ptolemy.util.test.junit.AutoTests" name="[17] /home/travis/build/icyphy/ptII/ptolemy/domains/continuous/test/auto/CausalityInterfaceFeedback2.xml (RunModel)" time="0.038" />
  <testcase classname="ptolemy.util.test.junit.AutoTests" name="[18] /home/travis/build/icyphy/ptII/ptolemy/domains/continuous/test/auto/CompareWithCurrentTime.xml (RunModel)" time="0.023" />
  <testcase classname="ptolemy.util.test.junit.AutoTests" name="[19] /home/travis/build/icyphy/ptII/ptolemy/domains/continuous/test/auto/ComparedClocks.xml (RunModel)" time="0.085" />
  <testcase classname="ptolemy.util.test.junit.AutoTests" name="[20] /home/travis/build/icyphy/ptII/ptolemy/domains/continuous/test/auto/ContinuousAOCClone.xml (RunModel)" time="2.577" />
  <testcase classname="ptolemy.util.test.junit.AutoTests" name="[21] /home/travis/build/icyphy/ptII/ptolemy/domains/continuous/test/auto/ContinuousClock.xml (RunModel)" time="0.125" />
  <testcase classname="ptolemy.util.test.junit.AutoTests" name="[22] /home/travis/build/icyphy/ptII/ptolemy/domains/continuous/test/auto/ContinuousInContinuous.xml (RunModel)" time="0.143" />
  <testcase classname="ptolemy.util.test.junit.AutoTests" name="[23] /home/travis/build/icyphy/ptII/ptolemy/domains/continuous/test/auto/ContinuousInContinuousInContinuous.xml (RunModel)" time="0.026" />
  <testcase classname="ptolemy.util.test.junit.AutoTests" name="[24] /home/travis/build/icyphy/ptII/ptolemy/domains/continuous/test/auto/ContinuousInDE.xml (RunModel)" time="0.164" />
  <testcase classname="ptolemy.util.test.junit.AutoTests" name="[25] /home/travis/build/icyphy/ptII/ptolemy/domains/continuous/test/auto/ContinuousInDE2.xml (RunModel)" time="0.074" />
  <testcase classname="ptolemy.util.test.junit.AutoTests" name="[26] /home/travis/build/icyphy/ptII/ptolemy/domains/continuous/test/auto/ContinuousInDE3.xml (RunModel)" time="0.07" />
  <testcase classname="ptolemy.util.test.junit.AutoTests" name="[27] /home/travis/build/icyphy/ptII/ptolemy/domains/continuous/test/auto/ContinuousInDE4.xml (RunModel)" time="0.049" />
  <testcase classname="ptolemy.util.test.junit.AutoTests" name="[28] /home/travis/build/icyphy/ptII/ptolemy/domains/continuous/test/auto/ContinuousInDEDifferentRefinements.xml (RunModel)" time="0.139" />
  <testcase classname="ptolemy.util.test.junit.AutoTests" name="[29] /home/travis/build/icyphy/ptII/ptolemy/domains/continuous/test/auto/ContinuousInDEDifferentRefinementsPreemptive.xml (RunModel)" time="0.099" />
  <testcase classname="ptolemy.util.test.junit.AutoTests" name="[30] /home/travis/build/icyphy/ptII/ptolemy/domains/continuous/test/auto/ContinuousInDEInContinuous2.xml (RunModel)" time="0.063" />
  <testcase classname="ptolemy.util.test.junit.AutoTests" name="[31] /home/travis/build/icyphy/ptII/ptolemy/domains/continuous/test/auto/ContinuousInDEInContinuous3.xml (RunModel)" time="0.063" />
  <testcase classname="ptolemy.util.test.junit.AutoTests" name="[32] /home/travis/build/icyphy/ptII/ptolemy/domains/continuous/test/auto/ContinuousInDEInput.xml (RunModel)" time="0.037" />
  <testcase classname="ptolemy.util.test.junit.AutoTests" name="[33] /home/travis/build/icyphy/ptII/ptolemy/domains/continuous/test/auto/ContinuousInDEInput2.xml (RunModel)" time="0.04" />
  <testcase classname="ptolemy.util.test.junit.AutoTests" name="[34] /home/travis/build/icyphy/ptII/ptolemy/domains/continuous/test/auto/ContinuousInDEInput3.xml (RunModel)" time="0.035" />
  <testcase classname="ptolemy.util.test.junit.AutoTests" name="[35] /home/travis/build/icyphy/ptII/ptolemy/domains/continuous/test/auto/ContinuousInDESharingRefinement.xml (RunModel)" time="0.177" />
  <testcase classname="ptolemy.util.test.junit.AutoTests" name="[36] /home/travis/build/icyphy/ptII/ptolemy/domains/continuous/test/auto/ContinuousInDEwithNoPorts.xml (RunModel)" time="0.022" />
  <testcase classname="ptolemy.util.test.junit.AutoTests" name="[37] /home/travis/build/icyphy/ptII/ptolemy/domains/continuous/test/auto/ContinuousInsideDE.xml (RunModel)" time="0.098" />
  <testcase classname="ptolemy.util.test.junit.AutoTests" name="[38] /home/travis/build/icyphy/ptII/ptolemy/domains/continuous/test/auto/ContinuousMerge1.xml (RunModel)" time="0.021" />
  <testcase classname="ptolemy.util.test.junit.AutoTests" name="[39] /home/travis/build/icyphy/ptII/ptolemy/domains/continuous/test/auto/ContinuousMerge2.xml (RunModel)" time="0.071" />
  <testcase classname="ptolemy.util.test.junit.AutoTests" name="[40] /home/travis/build/icyphy/ptII/ptolemy/domains/continuous/test/auto/ContinuousMerge3.xml (RunModel)" time="0.065" />
  <testcase classname="ptolemy.util.test.junit.AutoTests" name="[41] /home/travis/build/icyphy/ptII/ptolemy/domains/continuous/test/auto/ContinuousWithinContinuous.xml (RunModel)" time="0.064" />
  <testcase classname="ptolemy.util.test.junit.AutoTests" name="[42] /home/travis/build/icyphy/ptII/ptolemy/domains/continuous/test/auto/ContinuousWithinContinuous2.xml (RunModel)" time="0.082" />
  <testcase classname="ptolemy.util.test.junit.AutoTests" name="[43] /home/travis/build/icyphy/ptII/ptolemy/domains/continuous/test/auto/ContinuousWithinContinuous3.xml (RunModel)" time="0.035" />
  <testcase classname="ptolemy.util.test.junit.AutoTests" name="[44] /home/travis/build/icyphy/ptII/ptolemy/domains/continuous/test/auto/ContinuousWithinContinuous4.xml (RunModel)" time="0.072" />
  <testcase classname="ptolemy.util.test.junit.AutoTests" name="[45] /home/travis/build/icyphy/ptII/ptolemy/domains/continuous/test/auto/ContinuousWithinContinuous5.xml (RunModel)" time="0.038" />
  <testcase classname="ptolemy.util.test.junit.AutoTests" name="[46] /home/travis/build/icyphy/ptII/ptolemy/domains/continuous/test/auto/ContinuousWithinContinuous6.xml (RunModel)" time="0.027" />
  <testcase classname="ptolemy.util.test.junit.AutoTests" name="[47] /home/travis/build/icyphy/ptII/ptolemy/domains/continuous/test/auto/ContinuousWithinContinuous7.xml (RunModel)" time="0.064" />
  <testcase classname="ptolemy.util.test.junit.AutoTests" name="[48] /home/travis/build/icyphy/ptII/ptolemy/domains/continuous/test/auto/DCMotor.xml (RunModel)" time="11.967" />
  <testcase classname="ptolemy.util.test.junit.AutoTests" name="[49] /home/travis/build/icyphy/ptII/ptolemy/domains/continuous/test/auto/DEInContinuous.xml (RunModel)" time="0.024" />
  <testcase classname="ptolemy.util.test.junit.AutoTests" name="[50] /home/travis/build/icyphy/ptII/ptolemy/domains/continuous/test/auto/DEinContinuous2.xml (RunModel)" time="0.034" />
  <testcase classname="ptolemy.util.test.junit.AutoTests" name="[51] /home/travis/build/icyphy/ptII/ptolemy/domains/continuous/test/auto/Derivative.xml (RunModel)" time="0.218" />
  <testcase classname="ptolemy.util.test.junit.AutoTests" name="[52] /home/travis/build/icyphy/ptII/ptolemy/domains/continuous/test/auto/Derivative1.xml (RunModel)" time="0.056" />
  <testcase classname="ptolemy.util.test.junit.AutoTests" name="[53] /home/travis/build/icyphy/ptII/ptolemy/domains/continuous/test/auto/DiscreteClock.xml (RunModel)" time="0.022" />
  <testcase classname="ptolemy.util.test.junit.AutoTests" name="[54] /home/travis/build/icyphy/ptII/ptolemy/domains/continuous/test/auto/EfficiencyCurve.xml (RunModel)" time="0.116" />
  <testcase classname="ptolemy.util.test.junit.AutoTests" name="[55] /home/travis/build/icyphy/ptII/ptolemy/domains/continuous/test/auto/ExponentialResponse.xml (RunModel)" time="0.105" />
  <testcase classname="ptolemy.util.test.junit.AutoTests" name="[56] /home/travis/build/icyphy/ptII/ptolemy/domains/continuous/test/auto/ExponentialResponseRK45.xml (RunModel)" time="0.037" />
  <testcase classname="ptolemy.util.test.junit.AutoTests" name="[57] /home/travis/build/icyphy/ptII/ptolemy/domains/continuous/test/auto/Friction.xml (RunModel)" time="1.531" />
  <testcase classname="ptolemy.util.test.junit.AutoTests" name="[58] /home/travis/build/icyphy/ptII/ptolemy/domains/continuous/test/auto/FurutaPendulum.xml (RunModel)" time="3.364" />
  <testcase classname="ptolemy.util.test.junit.AutoTests" name="[59] /home/travis/build/icyphy/ptII/ptolemy/domains/continuous/test/auto/HierarchicalExecution.xml (RunModel)" time="1.997" />
  <testcase classname="ptolemy.util.test.junit.AutoTests" name="[60] /home/travis/build/icyphy/ptII/ptolemy/domains/continuous/test/auto/HybridPlant.xml (RunModel)" time="0.651" />
  <testcase classname="ptolemy.util.test.junit.AutoTests" name="[61] /home/travis/build/icyphy/ptII/ptolemy/domains/continuous/test/auto/Hysteresis.xml (RunModel)" time="0.179" />
  <testcase classname="ptolemy.util.test.junit.AutoTests" name="[62] /home/travis/build/icyphy/ptII/ptolemy/domains/continuous/test/auto/HysteresisWithRandomDelay.xml (RunModel)" time="0.239" />
  <testcase classname="ptolemy.util.test.junit.AutoTests" name="[63] /home/travis/build/icyphy/ptII/ptolemy/domains/continuous/test/auto/HysteresisWithRandomLosses.xml (RunModel)" time="2.343" />
  <testcase classname="ptolemy.util.test.junit.AutoTests" name="[64] /home/travis/build/icyphy/ptII/ptolemy/domains/continuous/test/auto/ImmediateTransitions.xml (RunModel)" time="0.036" />
  <testcase classname="ptolemy.util.test.junit.AutoTests" name="[65] /home/travis/build/icyphy/ptII/ptolemy/domains/continuous/test/auto/ImpulseFeedback.xml (RunModel)" time="0.022" />
  <testcase classname="ptolemy.util.test.junit.AutoTests" name="[66] /home/travis/build/icyphy/ptII/ptolemy/domains/continuous/test/auto/ImpulseFeedback2.xml (RunModel)" time="0.021" />
  <testcase classname="ptolemy.util.test.junit.AutoTests" name="[67] /home/travis/build/icyphy/ptII/ptolemy/domains/continuous/test/auto/IncreasingRatePoisson.xml (RunModel)" time="0.674" />
  <testcase classname="ptolemy.util.test.junit.AutoTests" name="[68] /home/travis/build/icyphy/ptII/ptolemy/domains/continuous/test/auto/InitialStateFeedback.xml (RunModel)" time="0.018" />
  <testcase classname="ptolemy.util.test.junit.AutoTests" name="[69] /home/travis/build/icyphy/ptII/ptolemy/domains/continuous/test/auto/Integration.xml (RunModel)" time="0.016" />
  <testcase classname="ptolemy.util.test.junit.AutoTests" name="[70] /home/travis/build/icyphy/ptII/ptolemy/domains/continuous/test/auto/Integration2.xml (RunModel)" time="0.097" />
  <testcase classname="ptolemy.util.test.junit.AutoTests" name="[71] /home/travis/build/icyphy/ptII/ptolemy/domains/continuous/test/auto/Integration3.xml (RunModel)" time="0.013" />
  <testcase classname="ptolemy.util.test.junit.AutoTests" name="[72] /home/travis/build/icyphy/ptII/ptolemy/domains/continuous/test/auto/Integration5.xml (RunModel)" time="0.012" />
  <testcase classname="ptolemy.util.test.junit.AutoTests" name="[73] /home/travis/build/icyphy/ptII/ptolemy/domains/continuous/test/auto/IntegratorImpulse.xml (RunModel)" time="0.038" />
  <testcase classname="ptolemy.util.test.junit.AutoTests" name="[74] /home/travis/build/icyphy/ptII/ptolemy/domains/continuous/test/auto/IntegratorImpulse2.xml (RunModel)" time="0.015" />
  <testcase classname="ptolemy.util.test.junit.AutoTests" name="[75] /home/travis/build/icyphy/ptII/ptolemy/domains/continuous/test/auto/LevelCrossing1.xml (RunModel)" time="0.027" />
  <testcase classname="ptolemy.util.test.junit.AutoTests" name="[76] /home/travis/build/icyphy/ptII/ptolemy/domains/continuous/test/auto/LevelCrossing2.xml (RunModel)" time="0.014" />
  <testcase classname="ptolemy.util.test.junit.AutoTests" name="[77] /home/travis/build/icyphy/ptII/ptolemy/domains/continuous/test/auto/LevelCrossing3.xml (RunModel)" time="0.012" />
  <testcase classname="ptolemy.util.test.junit.AutoTests" name="[78] /home/travis/build/icyphy/ptII/ptolemy/domains/continuous/test/auto/LevelCrossing4.xml (RunModel)" time="0.024" />
  <testcase classname="ptolemy.util.test.junit.AutoTests" name="[79] /home/travis/build/icyphy/ptII/ptolemy/domains/continuous/test/auto/LevelCrossing5.xml (RunModel)" time="0.017" />
  <testcase classname="ptolemy.util.test.junit.AutoTests" name="[80] /home/travis/build/icyphy/ptII/ptolemy/domains/continuous/test/auto/LevelCrossing6.xml (RunModel)" time="0.012" />
  <testcase classname="ptolemy.util.test.junit.AutoTests" name="[81] /home/travis/build/icyphy/ptII/ptolemy/domains/continuous/test/auto/LevelCrossingDetector.xml (RunModel)" time="0.047" />
  <testcase classname="ptolemy.util.test.junit.AutoTests" name="[82] /home/travis/build/icyphy/ptII/ptolemy/domains/continuous/test/auto/LevelCrossingDetectorDetectingDirections.xml (RunModel)" time="0.087" />
  <testcase classname="ptolemy.util.test.junit.AutoTests" name="[83] /home/travis/build/icyphy/ptII/ptolemy/domains/continuous/test/auto/LevelCrossingDetectorDetectsGlitches.xml (RunModel)" time="0.124" />
  <testcase classname="ptolemy.util.test.junit.AutoTests" name="[84] /home/travis/build/icyphy/ptII/ptolemy/domains/continuous/test/auto/LevelCrossingNoInitialOuput.xml (RunModel)" time="0.05" />
  <testcase classname="ptolemy.util.test.junit.AutoTests" name="[85] /home/travis/build/icyphy/ptII/ptolemy/domains/continuous/test/auto/LinearStateSpaceExample.xml (RunModel)" time="0.077" />
  <testcase classname="ptolemy.util.test.junit.AutoTests" name="[86] /home/travis/build/icyphy/ptII/ptolemy/domains/continuous/test/auto/Lorenz.xml (RunModel)" time="4.249" />
  <testcase classname="ptolemy.util.test.junit.AutoTests" name="[87] /home/travis/build/icyphy/ptII/ptolemy/domains/continuous/test/auto/LorenzDifferentialSystem.xml (RunModel)" time="1.332" />
  <testcase classname="ptolemy.util.test.junit.AutoTests" name="[88] /home/travis/build/icyphy/ptII/ptolemy/domains/continuous/test/auto/LorenzDifferentialSystemWithInput.xml (RunModel)" time="1.524" />
  <testcase classname="ptolemy.util.test.junit.AutoTests" name="[89] /home/travis/build/icyphy/ptII/ptolemy/domains/continuous/test/auto/LorenzDifferentialSystemWithTime.xml (RunModel)" time="0.73" />
  <testcase classname="ptolemy.util.test.junit.AutoTests" name="[90] /home/travis/build/icyphy/ptII/ptolemy/domains/continuous/test/auto/Microsteps.xml (RunModel)" time="0.022" />
  <testcase classname="ptolemy.util.test.junit.AutoTests" name="[91] /home/travis/build/icyphy/ptII/ptolemy/domains/continuous/test/auto/Modal1.xml (RunModel)" time="0.036" />
  <testcase classname="ptolemy.util.test.junit.AutoTests" name="[92] /home/travis/build/icyphy/ptII/ptolemy/domains/continuous/test/auto/Modal2.xml (RunModel)" time="0.04" />
  <testcase classname="ptolemy.util.test.junit.AutoTests" name="[93] /home/travis/build/icyphy/ptII/ptolemy/domains/continuous/test/auto/ModalTransitionGuardWithReset.xml (RunModel)" time="0.026" />
  <testcase classname="ptolemy.util.test.junit.AutoTests" name="[94] /home/travis/build/icyphy/ptII/ptolemy/domains/continuous/test/auto/ModalTransitionGuardWithResetUsingPreemptiveTransition.xml (RunModel)" time="0.026" />
  <testcase classname="ptolemy.util.test.junit.AutoTests" name="[95] /home/travis/build/icyphy/ptII/ptolemy/domains/continuous/test/auto/ModalTransitionGuardWithResetUsingPreemptiveTransition2.xml (RunModel)" time="0.026" />
  <testcase classname="ptolemy.util.test.junit.AutoTests" name="[96] /home/travis/build/icyphy/ptII/ptolemy/domains/continuous/test/auto/ModalTransitionGuardWithResetUsingPreemptiveTransition3.xml (RunModel)" time="0.03" />
  <testcase classname="ptolemy.util.test.junit.AutoTests" name="[97] /home/travis/build/icyphy/ptII/ptolemy/domains/continuous/test/auto/NewtonsCradle.xml (RunModel)" time="0.835" />
  <testcase classname="ptolemy.util.test.junit.AutoTests" name="[98] /home/travis/build/icyphy/ptII/ptolemy/domains/continuous/test/auto/NewtonsCradleAnimated.xml (RunModel)" time="1.215" />
  <testcase classname="ptolemy.util.test.junit.AutoTests" name="[99] /home/travis/build/icyphy/ptII/ptolemy/domains/continuous/test/auto/NewtonsCradleComplicated.xml (RunModel)" time="0.86" />
  <testcase classname="ptolemy.util.test.junit.AutoTests" name="[100] /home/travis/build/icyphy/ptII/ptolemy/domains/continuous/test/auto/NewtonsCradleNondeterministic.xml (RunModel)" time="0.637" />
  <testcase classname="ptolemy.util.test.junit.AutoTests" name="[101] /home/travis/build/icyphy/ptII/ptolemy/domains/continuous/test/auto/NewtonsCradlePerfectlyInelastic1.xml (RunModel)" time="1.158" />
  <testcase classname="ptolemy.util.test.junit.AutoTests" name="[102] /home/travis/build/icyphy/ptII/ptolemy/domains/continuous/test/auto/Noise.xml (RunModel)" time="0.17" />
  <testcase classname="ptolemy.util.test.junit.AutoTests" name="[103] /home/travis/build/icyphy/ptII/ptolemy/domains/continuous/test/auto/NoiseSpectrum.xml (RunModel)" time="0.736" />
  <testcase classname="ptolemy.util.test.junit.AutoTests" name="[104] /home/travis/build/icyphy/ptII/ptolemy/domains/continuous/test/auto/ParameterizedNewtonsCradleAnimated.xml (RunModel)" time="0.345" />
  <testcase classname="ptolemy.util.test.junit.AutoTests" name="[105] /home/travis/build/icyphy/ptII/ptolemy/domains/continuous/test/auto/ParameterizedNewtonsCradleAnimatedNondeterministic.xml (RunModel)" time="1.183" />
  <testcase classname="ptolemy.util.test.junit.AutoTests" name="[106] /home/travis/build/icyphy/ptII/ptolemy/domains/continuous/test/auto/Pendulum3D.xml (RunModel)" time="0.168" />
  <testcase classname="ptolemy.util.test.junit.AutoTests" name="[107] /home/travis/build/icyphy/ptII/ptolemy/domains/continuous/test/auto/PeriodicSampler.xml (RunModel)" time="0.013" />
  <testcase classname="ptolemy.util.test.junit.AutoTests" name="[108] /home/travis/build/icyphy/ptII/ptolemy/domains/continuous/test/auto/PeriodicSampler1.xml (RunModel)" time="0.052" />
  <testcase classname="ptolemy.util.test.junit.AutoTests" name="[109] /home/travis/build/icyphy/ptII/ptolemy/domains/continuous/test/auto/PeriodicSampler2.xml (RunModel)" time="0.074" />
  <testcase classname="ptolemy.util.test.junit.AutoTests" name="[110] /home/travis/build/icyphy/ptII/ptolemy/domains/continuous/test/auto/Poisson.xml (RunModel)" time="0.43" />
  <testcase classname="ptolemy.util.test.junit.AutoTests" name="[111] /home/travis/build/icyphy/ptII/ptolemy/domains/continuous/test/auto/PoissonClock.xml (RunModel)" time="0.012" />
  <testcase classname="ptolemy.util.test.junit.AutoTests" name="[112] /home/travis/build/icyphy/ptII/ptolemy/domains/continuous/test/auto/PoissonClock2.xml (RunModel)" time="0.015" />
  <testcase classname="ptolemy.util.test.junit.AutoTests" name="[113] /home/travis/build/icyphy/ptII/ptolemy/domains/continuous/test/auto/PortParameterHierarchy.xml (RunModel)" time="0.018" />
  <testcase classname="ptolemy.util.test.junit.AutoTests" name="[114] /home/travis/build/icyphy/ptII/ptolemy/domains/continuous/test/auto/RandomHybridPlant.xml (RunModel)" time="0.641" />
  <testcase classname="ptolemy.util.test.junit.AutoTests" name="[115] /home/travis/build/icyphy/ptII/ptolemy/domains/continuous/test/auto/ResetTransitionWithStartTime1.xml (RunModel)" time="0.036" />
  <testcase classname="ptolemy.util.test.junit.AutoTests" name="[116] /home/travis/build/icyphy/ptII/ptolemy/domains/continuous/test/auto/ResetTransitionWithStartTime2.xml (RunModel)" time="0.037" />
  <testcase classname="ptolemy.util.test.junit.AutoTests" name="[117] /home/travis/build/icyphy/ptII/ptolemy/domains/continuous/test/auto/ResetTransitionWithStartTime3.xml (RunModel)" time="0.035" />
  <testcase classname="ptolemy.util.test.junit.AutoTests" name="[118] /home/travis/build/icyphy/ptII/ptolemy/domains/continuous/test/auto/ResetTransitionWithStartTime4.xml (RunModel)" time="0.024" />
  <testcase classname="ptolemy.util.test.junit.AutoTests" name="[119] /home/travis/build/icyphy/ptII/ptolemy/domains/continuous/test/auto/ResetTransitionWithStartTime5.xml (RunModel)" time="0.039" />
  <testcase classname="ptolemy.util.test.junit.AutoTests" name="[120] /home/travis/build/icyphy/ptII/ptolemy/domains/continuous/test/auto/ResetTransitionWithStartTime6.xml (RunModel)" time="0.024" />
  <testcase classname="ptolemy.util.test.junit.AutoTests" name="[121] /home/travis/build/icyphy/ptII/ptolemy/domains/continuous/test/auto/SRinContinuous.xml (RunModel)" time="0.021" />
  <testcase classname="ptolemy.util.test.junit.AutoTests" name="[122] /home/travis/build/icyphy/ptII/ptolemy/domains/continuous/test/auto/SampledClocks.xml (RunModel)" time="0.034" />
  <testcase classname="ptolemy.util.test.junit.AutoTests" name="[123] /home/travis/build/icyphy/ptII/ptolemy/domains/continuous/test/auto/Satellite.xml (RunModel)" time="0.994" />
  <testcase classname="ptolemy.util.test.junit.AutoTests" name="[124] /home/travis/build/icyphy/ptII/ptolemy/domains/continuous/test/auto/SigmaDelta.xml (RunModel)" time="2.587" />
  <testcase classname="ptolemy.util.test.junit.AutoTests" name="[125] /home/travis/build/icyphy/ptII/ptolemy/domains/continuous/test/auto/SingleRefinement.xml (RunModel)" time="0.441" />
  <testcase classname="ptolemy.util.test.junit.AutoTests" name="[126] /home/travis/build/icyphy/ptII/ptolemy/domains/continuous/test/auto/SinuBouncingBall.xml (RunModel)" time="0.889" />
  <testcase classname="ptolemy.util.test.junit.AutoTests" name="[127] /home/travis/build/icyphy/ptII/ptolemy/domains/continuous/test/auto/Sinusoid.xml (RunModel)" time="0.02" />
  <testcase classname="ptolemy.util.test.junit.AutoTests" name="[128] /home/travis/build/icyphy/ptII/ptolemy/domains/continuous/test/auto/SinusoidInNoise.xml (RunModel)" time="1.071" />
  <testcase classname="ptolemy.util.test.junit.AutoTests" name="[129] /home/travis/build/icyphy/ptII/ptolemy/domains/continuous/test/auto/SinusoidRK45.xml (RunModel)" time="0.033" />
  <testcase classname="ptolemy.util.test.junit.AutoTests" name="[130] /home/travis/build/icyphy/ptII/ptolemy/domains/continuous/test/auto/SinusoidWithMultipleImpulses.xml (RunModel)" time="0.037" />
  <testcase classname="ptolemy.util.test.junit.AutoTests" name="[131] /home/travis/build/icyphy/ptII/ptolemy/domains/continuous/test/auto/SquareWave.xml (RunModel)" time="0.336" />
  <testcase classname="ptolemy.util.test.junit.AutoTests" name="[132] /home/travis/build/icyphy/ptII/ptolemy/domains/continuous/test/auto/Starmac.xml (RunModel)" time="3.393" />
  <testcase classname="ptolemy.util.test.junit.AutoTests" name="[133] /home/travis/build/icyphy/ptII/ptolemy/domains/continuous/test/auto/StaticUnits.xml (RunModel)" time="2.435" />
  <testcase classname="ptolemy.util.test.junit.AutoTests" name="[134] /home/travis/build/icyphy/ptII/ptolemy/domains/continuous/test/auto/StickyMasses.xml (RunModel)" time="0.18" />
  <testcase classname="ptolemy.util.test.junit.AutoTests" name="[135] /home/travis/build/icyphy/ptII/ptolemy/domains/continuous/test/auto/StopTime.xml (RunModel)" time="0.069" />
  <testcase classname="ptolemy.util.test.junit.AutoTests" name="[136] /home/travis/build/icyphy/ptII/ptolemy/domains/continuous/test/auto/StopTime2.xml (RunModel)" time="0.065" />
  <testcase classname="ptolemy.util.test.junit.AutoTests" name="[137] /home/travis/build/icyphy/ptII/ptolemy/domains/continuous/test/auto/Switch.xml (RunModel)" time="0.057" />
  <testcase classname="ptolemy.util.test.junit.AutoTests" name="[138] /home/travis/build/icyphy/ptII/ptolemy/domains/continuous/test/auto/Thermostat.xml (RunModel)" time="0.333" />
  <testcase classname="ptolemy.util.test.junit.AutoTests" name="[139] /home/travis/build/icyphy/ptII/ptolemy/domains/continuous/test/auto/TimeDelay.xml (RunModel)" time="0.015" />
  <testcase classname="ptolemy.util.test.junit.AutoTests" name="[140] /home/travis/build/icyphy/ptII/ptolemy/domains/continuous/test/auto/TimeDelay2.xml (RunModel)" time="0.028" />
  <testcase classname="ptolemy.util.test.junit.AutoTests" name="[141] /home/travis/build/icyphy/ptII/ptolemy/domains/continuous/test/auto/TimeDelay3.xml (RunModel)" time="0.014" />
  <testcase classname="ptolemy.util.test.junit.AutoTests" name="[142] /home/travis/build/icyphy/ptII/ptolemy/domains/continuous/test/auto/TransferAbsentToInside.xml (RunModel)" time="0.107" />
  <testcase classname="ptolemy.util.test.junit.AutoTests" name="[143] /home/travis/build/icyphy/ptII/ptolemy/domains/continuous/test/auto/Transmission.xml (RunModel)" time="0.768" />
  <testcase classname="ptolemy.util.test.junit.AutoTests" name="[144] /home/travis/build/icyphy/ptII/ptolemy/domains/continuous/test/auto/TriggeredContinuousClock.xml (RunModel)" time="0.066" />
  <testcase classname="ptolemy.util.test.junit.AutoTests" name="[145] /home/travis/build/icyphy/ptII/ptolemy/domains/continuous/test/auto/TwoMachineInfiniteBusControl.xml (RunModel)" time="3.143" />
  <testcase classname="ptolemy.util.test.junit.AutoTests" name="[146] /home/travis/build/icyphy/ptII/ptolemy/domains/continuous/test/auto/V2V.xml (RunModel)" time="0.785" />
  <testcase classname="ptolemy.util.test.junit.AutoTests" name="[147] /home/travis/build/icyphy/ptII/ptolemy/domains/continuous/test/auto/hierarchicalModalModel.xml (RunModel)" time="0.035" />
  <testcase classname="ptolemy.util.test.junit.AutoTests" name="[148] /home/travis/build/icyphy/ptII/ptolemy/domains/continuous/test/auto/hierarchicalModalModel1.xml (RunModel)" time="0.032" />
  <testcase classname="ptolemy.util.test.junit.AutoTests" name="[149] /home/travis/build/icyphy/ptII/ptolemy/domains/continuous/test/auto/hierarchicalModalModel2.xml (RunModel)" time="0.032" />
  <testcase classname="ptolemy.util.test.junit.AutoTests" name="[150] /home/travis/build/icyphy/ptII/ptolemy/domains/continuous/test/auto/hierarchicalModalModel3.xml (RunModel)" time="0.026" />
  <testcase classname="ptolemy.util.test.junit.AutoTests" name="[151] /home/travis/build/icyphy/ptII/ptolemy/domains/continuous/test/auto/hierarchicalModalModel4.xml (RunModel)" time="0.028" />
  <testcase classname="ptolemy.util.test.junit.AutoTests" name="[152] /home/travis/build/icyphy/ptII/ptolemy/domains/continuous/test/auto/junk.xml (RunModel)" time="0.162" />
  <system-out><![CDATA[No tcl tests in /home/travis/build/icyphy/ptII/ptolemy/domains/continuous/test
No auto/knownFailedTests/*.xml tests in /home/travis/build/icyphy/ptII/ptolemy/domains/continuous/test
No auto/linux-amd64/*.xml tests in /home/travis/build/icyphy/ptII/ptolemy/domains/continuous/test
AutoTests.java: About to close Vertx.
AutoTests.java: Vertx closed.

===========================================================================================
----------------- testing Wed Apr 10 03:58:35 UTC 2019 /home/travis/build/icyphy/ptII/ptolemy/domains/continuous/test/auto/BouncingBall.xml
----------------- Instantiating /home/travis/build/icyphy/ptII/ptolemy/domains/continuous/test/auto/BouncingBall.xml
2405 ms. Memory: 331264K Free: 257608K (78%)
----------------- Invoking toplevel() on ptolemy.moml.MoMLSimpleApplication@251911da
----------------- Done invoking toplevel() on ptolemy.moml.MoMLSimpleApplication@251911da
reloadAllAccessors: .BouncingBall

===========================================================================================
----------------- testing Wed Apr 10 03:58:38 UTC 2019 /home/travis/build/icyphy/ptII/ptolemy/domains/continuous/test/auto/BouncingBallWithoutGR.xml
----------------- Instantiating /home/travis/build/icyphy/ptII/ptolemy/domains/continuous/test/auto/BouncingBallWithoutGR.xml
716 ms. Memory: 331776K Free: 315264K (95%)
----------------- Invoking toplevel() on ptolemy.moml.MoMLSimpleApplication@71aebd6a
----------------- Done invoking toplevel() on ptolemy.moml.MoMLSimpleApplication@71aebd6a
reloadAllAccessors: .BouncingBallWithoutGR

===========================================================================================
----------------- testing Wed Apr 10 03:58:38 UTC 2019 /home/travis/build/icyphy/ptII/ptolemy/domains/continuous/test/auto/Brownian.xml
----------------- Instantiating /home/travis/build/icyphy/ptII/ptolemy/domains/continuous/test/auto/Brownian.xml
47 ms. Memory: 331776K Free: 301587K (91%)
----------------- Invoking toplevel() on ptolemy.moml.MoMLSimpleApplication@665f3f49
----------------- Done invoking toplevel() on ptolemy.moml.MoMLSimpleApplication@665f3f49
reloadAllAccessors: .Brownian

===========================================================================================
----------------- testing Wed Apr 10 03:58:38 UTC 2019 /home/travis/build/icyphy/ptII/ptolemy/domains/continuous/test/auto/CarTracking.xml
----------------- Instantiating /home/travis/build/icyphy/ptII/ptolemy/domains/continuous/test/auto/CarTracking.xml
3519 ms. Memory: 578560K Free: 472197K (82%)
----------------- Invoking toplevel() on ptolemy.moml.MoMLSimpleApplication@4cf693eb
----------------- Done invoking toplevel() on ptolemy.moml.MoMLSimpleApplication@4cf693eb
reloadAllAccessors: .CarTracking

===========================================================================================
----------------- testing Wed Apr 10 03:58:42 UTC 2019 /home/travis/build/icyphy/ptII/ptolemy/domains/continuous/test/auto/CartPendulum.xml
----------------- Instantiating /home/travis/build/icyphy/ptII/ptolemy/domains/continuous/test/auto/CartPendulum.xml
441 ms. Memory: 578560K Free: 367865K (64%)
----------------- Invoking toplevel() on ptolemy.moml.MoMLSimpleApplication@49bd5d5b
----------------- Done invoking toplevel() on ptolemy.moml.MoMLSimpleApplication@49bd5d5b
reloadAllAccessors: .CartPendulum

===========================================================================================
----------------- testing Wed Apr 10 03:58:43 UTC 2019 /home/travis/build/icyphy/ptII/ptolemy/domains/continuous/test/auto/CausalityInterface10.xml
----------------- Instantiating /home/travis/build/icyphy/ptII/ptolemy/domains/continuous/test/auto/CausalityInterface10.xml
8 ms. Memory: 578560K Free: 354741K (61%)
----------------- Invoking toplevel() on ptolemy.moml.MoMLSimpleApplication@5d3fcd36
----------------- Done invoking toplevel() on ptolemy.moml.MoMLSimpleApplication@5d3fcd36
reloadAllAccessors: .CausalityInterface10

===========================================================================================
----------------- testing Wed Apr 10 03:58:43 UTC 2019 /home/travis/build/icyphy/ptII/ptolemy/domains/continuous/test/auto/CausalityInterface11.xml
----------------- Instantiating /home/travis/build/icyphy/ptII/ptolemy/domains/continuous/test/auto/CausalityInterface11.xml
10 ms. Memory: 578560K Free: 344911K (60%)
----------------- Invoking toplevel() on ptolemy.moml.MoMLSimpleApplication@5f695677
----------------- Done invoking toplevel() on ptolemy.moml.MoMLSimpleApplication@5f695677
reloadAllAccessors: .CausalityInterface11

===========================================================================================
----------------- testing Wed Apr 10 03:58:43 UTC 2019 /home/travis/build/icyphy/ptII/ptolemy/domains/continuous/test/auto/CausalityInterface12.xml
----------------- Instantiating /home/travis/build/icyphy/ptII/ptolemy/domains/continuous/test/auto/CausalityInterface12.xml
12 ms. Memory: 578560K Free: 332197K (57%)
----------------- Invoking toplevel() on ptolemy.moml.MoMLSimpleApplication@41a867a7
----------------- Done invoking toplevel() on ptolemy.moml.MoMLSimpleApplication@41a867a7
reloadAllAccessors: .CausalityInterface12

===========================================================================================
----------------- testing Wed Apr 10 03:58:43 UTC 2019 /home/travis/build/icyphy/ptII/ptolemy/domains/continuous/test/auto/CausalityInterface13.xml
----------------- Instantiating /home/travis/build/icyphy/ptII/ptolemy/domains/continuous/test/auto/CausalityInterface13.xml
7 ms. Memory: 578560K Free: 322350K (56%)
----------------- Invoking toplevel() on ptolemy.moml.MoMLSimpleApplication@41c62476
----------------- Done invoking toplevel() on ptolemy.moml.MoMLSimpleApplication@41c62476
reloadAllAccessors: .CausalityInterface13

===========================================================================================
----------------- testing Wed Apr 10 03:58:43 UTC 2019 /home/travis/build/icyphy/ptII/ptolemy/domains/continuous/test/auto/CausalityInterface14.xml
----------------- Instantiating /home/travis/build/icyphy/ptII/ptolemy/domains/continuous/test/auto/CausalityInterface14.xml
4 ms. Memory: 578560K Free: 312504K (54%)
----------------- Invoking toplevel() on ptolemy.moml.MoMLSimpleApplication@1745fb0
----------------- Done invoking toplevel() on ptolemy.moml.MoMLSimpleApplication@1745fb0
reloadAllAccessors: .CausalityInterface14

===========================================================================================
----------------- testing Wed Apr 10 03:58:43 UTC 2019 /home/travis/build/icyphy/ptII/ptolemy/domains/continuous/test/auto/CausalityInterface4.xml
----------------- Instantiating /home/travis/build/icyphy/ptII/ptolemy/domains/continuous/test/auto/CausalityInterface4.xml
3 ms. Memory: 578560K Free: 302666K (52%)
----------------- Invoking toplevel() on ptolemy.moml.MoMLSimpleApplication@d9c4e55
----------------- Done invoking toplevel() on ptolemy.moml.MoMLSimpleApplication@d9c4e55
reloadAllAccessors: .CausalityInterface4

===========================================================================================
----------------- testing Wed Apr 10 03:58:43 UTC 2019 /home/travis/build/icyphy/ptII/ptolemy/domains/continuous/test/auto/CausalityInterface5.xml
----------------- Instantiating /home/travis/build/icyphy/ptII/ptolemy/domains/continuous/test/auto/CausalityInterface5.xml
7 ms. Memory: 578560K Free: 286651K (50%)
----------------- Invoking toplevel() on ptolemy.moml.MoMLSimpleApplication@4b05a0df
----------------- Done invoking toplevel() on ptolemy.moml.MoMLSimpleApplication@4b05a0df
reloadAllAccessors: .CausalityInterface5

===========================================================================================
----------------- testing Wed Apr 10 03:58:43 UTC 2019 /home/travis/build/icyphy/ptII/ptolemy/domains/continuous/test/auto/CausalityInterface6.xml
----------------- Instantiating /home/travis/build/icyphy/ptII/ptolemy/domains/continuous/test/auto/CausalityInterface6.xml
4 ms. Memory: 578560K Free: 276813K (48%)
----------------- Invoking toplevel() on ptolemy.moml.MoMLSimpleApplication@2d92adb2
----------------- Done invoking toplevel() on ptolemy.moml.MoMLSimpleApplication@2d92adb2
reloadAllAccessors: .CausalityInterface6

===========================================================================================
----------------- testing Wed Apr 10 03:58:43 UTC 2019 /home/travis/build/icyphy/ptII/ptolemy/domains/continuous/test/auto/CausalityInterface7.xml
----------------- Instantiating /home/travis/build/icyphy/ptII/ptolemy/domains/continuous/test/auto/CausalityInterface7.xml
14 ms. Memory: 578560K Free: 263689K (46%)
----------------- Invoking toplevel() on ptolemy.moml.MoMLSimpleApplication@1cfd9ee9
----------------- Done invoking toplevel() on ptolemy.moml.MoMLSimpleApplication@1cfd9ee9
reloadAllAccessors: .CausalityInterface7

===========================================================================================
----------------- testing Wed Apr 10 03:58:43 UTC 2019 /home/travis/build/icyphy/ptII/ptolemy/domains/continuous/test/auto/CausalityInterface8.xml
----------------- Instantiating /home/travis/build/icyphy/ptII/ptolemy/domains/continuous/test/auto/CausalityInterface8.xml
6 ms. Memory: 578560K Free: 250550K (43%)
----------------- Invoking toplevel() on ptolemy.moml.MoMLSimpleApplication@455653f2
----------------- Done invoking toplevel() on ptolemy.moml.MoMLSimpleApplication@455653f2
reloadAllAccessors: .CausalityInterface8

===========================================================================================
----------------- testing Wed Apr 10 03:58:43 UTC 2019 /home/travis/build/icyphy/ptII/ptolemy/domains/continuous/test/auto/CausalityInterface9.xml
----------------- Instantiating /home/travis/build/icyphy/ptII/ptolemy/domains/continuous/test/auto/CausalityInterface9.xml
7 ms. Memory: 578560K Free: 234543K (41%)
----------------- Invoking toplevel() on ptolemy.moml.MoMLSimpleApplication@43ff5b37
----------------- Done invoking toplevel() on ptolemy.moml.MoMLSimpleApplication@43ff5b37
reloadAllAccessors: .CausalityInterface9

===========================================================================================
----------------- testing Wed Apr 10 03:58:43 UTC 2019 /home/travis/build/icyphy/ptII/ptolemy/domains/continuous/test/auto/CausalityInterfaceFeedback1.xml
----------------- Instantiating /home/travis/build/icyphy/ptII/ptolemy/domains/continuous/test/auto/CausalityInterfaceFeedback1.xml
7 ms. Memory: 578560K Free: 224697K (39%)
----------------- Invoking toplevel() on ptolemy.moml.MoMLSimpleApplication@45610acd
----------------- Done invoking toplevel() on ptolemy.moml.MoMLSimpleApplication@45610acd
reloadAllAccessors: .CausalityInterfaceFeedback1

===========================================================================================
----------------- testing Wed Apr 10 03:58:43 UTC 2019 /home/travis/build/icyphy/ptII/ptolemy/domains/continuous/test/auto/CausalityInterfaceFeedback2.xml
----------------- Instantiating /home/travis/build/icyphy/ptII/ptolemy/domains/continuous/test/auto/CausalityInterfaceFeedback2.xml
6 ms. Memory: 578560K Free: 214850K (37%)
----------------- Invoking toplevel() on ptolemy.moml.MoMLSimpleApplication@6e5cd9b3
----------------- Done invoking toplevel() on ptolemy.moml.MoMLSimpleApplication@6e5cd9b3
reloadAllAccessors: .CausalityInterfaceFeedback2

===========================================================================================
----------------- testing Wed Apr 10 03:58:44 UTC 2019 /home/travis/build/icyphy/ptII/ptolemy/domains/continuous/test/auto/CompareWithCurrentTime.xml
----------------- Instantiating /home/travis/build/icyphy/ptII/ptolemy/domains/continuous/test/auto/CompareWithCurrentTime.xml
4 ms. Memory: 578560K Free: 205413K (36%)
----------------- Invoking toplevel() on ptolemy.moml.MoMLSimpleApplication@37e709da
----------------- Done invoking toplevel() on ptolemy.moml.MoMLSimpleApplication@37e709da
reloadAllAccessors: .CompareWithCurrentTime

===========================================================================================
----------------- testing Wed Apr 10 03:58:44 UTC 2019 /home/travis/build/icyphy/ptII/ptolemy/domains/continuous/test/auto/ComparedClocks.xml
----------------- Instantiating /home/travis/build/icyphy/ptII/ptolemy/domains/continuous/test/auto/ComparedClocks.xml
11 ms. Memory: 578560K Free: 185720K (32%)
----------------- Invoking toplevel() on ptolemy.moml.MoMLSimpleApplication@360bfd33
----------------- Done invoking toplevel() on ptolemy.moml.MoMLSimpleApplication@360bfd33
reloadAllAccessors: .ComparedClocks

===========================================================================================
----------------- testing Wed Apr 10 03:58:44 UTC 2019 /home/travis/build/icyphy/ptII/ptolemy/domains/continuous/test/auto/ContinuousAOCClone.xml
----------------- Instantiating /home/travis/build/icyphy/ptII/ptolemy/domains/continuous/test/auto/ContinuousAOCClone.xml
2377 ms. Memory: 872960K Free: 463019K (53%)
----------------- Invoking toplevel() on ptolemy.moml.MoMLSimpleApplication@1e1198a9
----------------- Done invoking toplevel() on ptolemy.moml.MoMLSimpleApplication@1e1198a9
reloadAllAccessors: .ContinuousAOCClone

===========================================================================================
----------------- testing Wed Apr 10 03:58:46 UTC 2019 /home/travis/build/icyphy/ptII/ptolemy/domains/continuous/test/auto/ContinuousClock.xml
----------------- Instantiating /home/travis/build/icyphy/ptII/ptolemy/domains/continuous/test/auto/ContinuousClock.xml
41 ms. Memory: 872960K Free: 430124K (49%)
----------------- Invoking toplevel() on ptolemy.moml.MoMLSimpleApplication@342e58bb
----------------- Done invoking toplevel() on ptolemy.moml.MoMLSimpleApplication@342e58bb
reloadAllAccessors: .ContinuousClock

===========================================================================================
----------------- testing Wed Apr 10 03:58:46 UTC 2019 /home/travis/build/icyphy/ptII/ptolemy/domains/continuous/test/auto/ContinuousInContinuous.xml
----------------- Instantiating /home/travis/build/icyphy/ptII/ptolemy/domains/continuous/test/auto/ContinuousInContinuous.xml
53 ms. Memory: 872960K Free: 398639K (46%)
----------------- Invoking toplevel() on ptolemy.moml.MoMLSimpleApplication@606f24bd
----------------- Done invoking toplevel() on ptolemy.moml.MoMLSimpleApplication@606f24bd
reloadAllAccessors: .ContinuousInContinuous

===========================================================================================
----------------- testing Wed Apr 10 03:58:46 UTC 2019 /home/travis/build/icyphy/ptII/ptolemy/domains/continuous/test/auto/ContinuousInContinuousInContinuous.xml
----------------- Instantiating /home/travis/build/icyphy/ptII/ptolemy/domains/continuous/test/auto/ContinuousInContinuousInContinuous.xml
8 ms. Memory: 872960K Free: 382904K (44%)
----------------- Invoking toplevel() on ptolemy.moml.MoMLSimpleApplication@7d09dae
----------------- Done invoking toplevel() on ptolemy.moml.MoMLSimpleApplication@7d09dae
reloadAllAccessors: .ContinuousInContinuousInContinuous

===========================================================================================
----------------- testing Wed Apr 10 03:58:47 UTC 2019 /home/travis/build/icyphy/ptII/ptolemy/domains/continuous/test/auto/ContinuousInDE.xml
----------------- Instantiating /home/travis/build/icyphy/ptII/ptolemy/domains/continuous/test/auto/ContinuousInDE.xml
132 ms. Memory: 872960K Free: 364060K (42%)
----------------- Invoking toplevel() on ptolemy.moml.MoMLSimpleApplication@46bf1493
----------------- Done invoking toplevel() on ptolemy.moml.MoMLSimpleApplication@46bf1493
reloadAllAccessors: .ContinuousInDE

===========================================================================================
----------------- testing Wed Apr 10 03:58:47 UTC 2019 /home/travis/build/icyphy/ptII/ptolemy/domains/continuous/test/auto/ContinuousInDE2.xml
----------------- Instantiating /home/travis/build/icyphy/ptII/ptolemy/domains/continuous/test/auto/ContinuousInDE2.xml
48 ms. Memory: 872960K Free: 348342K (40%)
----------------- Invoking toplevel() on ptolemy.moml.MoMLSimpleApplication@5700da70
----------------- Done invoking toplevel() on ptolemy.moml.MoMLSimpleApplication@5700da70
reloadAllAccessors: .ContinuousInDE2

===========================================================================================
----------------- testing Wed Apr 10 03:58:47 UTC 2019 /home/travis/build/icyphy/ptII/ptolemy/domains/continuous/test/auto/ContinuousInDE3.xml
----------------- Instantiating /home/travis/build/icyphy/ptII/ptolemy/domains/continuous/test/auto/ContinuousInDE3.xml
39 ms. Memory: 872960K Free: 332623K (38%)
----------------- Invoking toplevel() on ptolemy.moml.MoMLSimpleApplication@468ebf4a
----------------- Done invoking toplevel() on ptolemy.moml.MoMLSimpleApplication@468ebf4a
reloadAllAccessors: .ContinuousInDE3

===========================================================================================
----------------- testing Wed Apr 10 03:58:47 UTC 2019 /home/travis/build/icyphy/ptII/ptolemy/domains/continuous/test/auto/ContinuousInDE4.xml
----------------- Instantiating /home/travis/build/icyphy/ptII/ptolemy/domains/continuous/test/auto/ContinuousInDE4.xml
20 ms. Memory: 872960K Free: 322144K (37%)
----------------- Invoking toplevel() on ptolemy.moml.MoMLSimpleApplication@29fd40b0
----------------- Done invoking toplevel() on ptolemy.moml.MoMLSimpleApplication@29fd40b0
reloadAllAccessors: .ContinuousInDE4

===========================================================================================
----------------- testing Wed Apr 10 03:58:47 UTC 2019 /home/travis/build/icyphy/ptII/ptolemy/domains/continuous/test/auto/ContinuousInDEDifferentRefinements.xml
----------------- Instantiating /home/travis/build/icyphy/ptII/ptolemy/domains/continuous/test/auto/ContinuousInDEDifferentRefinements.xml
80 ms. Memory: 872960K Free: 282310K (32%)
----------------- Invoking toplevel() on ptolemy.moml.MoMLSimpleApplication@631dc1d5
----------------- Done invoking toplevel() on ptolemy.moml.MoMLSimpleApplication@631dc1d5
reloadAllAccessors: .ContinuousInDEDifferentRefinements

===========================================================================================
----------------- testing Wed Apr 10 03:58:47 UTC 2019 /home/travis/build/icyphy/ptII/ptolemy/domains/continuous/test/auto/ContinuousInDEDifferentRefinementsPreemptive.xml
----------------- Instantiating /home/travis/build/icyphy/ptII/ptolemy/domains/continuous/test/auto/ContinuousInDEDifferentRefinementsPreemptive.xml
53 ms. Memory: 872960K Free: 245577K (28%)
----------------- Invoking toplevel() on ptolemy.moml.MoMLSimpleApplication@38b1058a
----------------- Done invoking toplevel() on ptolemy.moml.MoMLSimpleApplication@38b1058a
reloadAllAccessors: .ContinuousInDEDifferentRefinementsPreemptive

===========================================================================================
----------------- testing Wed Apr 10 03:58:47 UTC 2019 /home/travis/build/icyphy/ptII/ptolemy/domains/continuous/test/auto/ContinuousInDEInContinuous2.xml
----------------- Instantiating /home/travis/build/icyphy/ptII/ptolemy/domains/continuous/test/auto/ContinuousInDEInContinuous2.xml
40 ms. Memory: 872960K Free: 229851K (26%)
----------------- Invoking toplevel() on ptolemy.moml.MoMLSimpleApplication@7a94450b
----------------- Done invoking toplevel() on ptolemy.moml.MoMLSimpleApplication@7a94450b
reloadAllAccessors: .ContinuousInDEInContinuous2

===========================================================================================
----------------- testing Wed Apr 10 03:58:47 UTC 2019 /home/travis/build/icyphy/ptII/ptolemy/domains/continuous/test/auto/ContinuousInDEInContinuous3.xml
----------------- Instantiating /home/travis/build/icyphy/ptII/ptolemy/domains/continuous/test/auto/ContinuousInDEInContinuous3.xml
41 ms. Memory: 872960K Free: 208885K (24%)
----------------- Invoking toplevel() on ptolemy.moml.MoMLSimpleApplication@53f9f0e1
----------------- Done invoking toplevel() on ptolemy.moml.MoMLSimpleApplication@53f9f0e1
reloadAllAccessors: .ContinuousInDEInContinuous3

===========================================================================================
----------------- testing Wed Apr 10 03:58:47 UTC 2019 /home/travis/build/icyphy/ptII/ptolemy/domains/continuous/test/auto/ContinuousInDEInput.xml
----------------- Instantiating /home/travis/build/icyphy/ptII/ptolemy/domains/continuous/test/auto/ContinuousInDEInput.xml
17 ms. Memory: 872960K Free: 195280K (22%)
----------------- Invoking toplevel() on ptolemy.moml.MoMLSimpleApplication@153298c5
----------------- Done invoking toplevel() on ptolemy.moml.MoMLSimpleApplication@153298c5
reloadAllAccessors: .ContinuousInDEInput

===========================================================================================
----------------- testing Wed Apr 10 03:58:47 UTC 2019 /home/travis/build/icyphy/ptII/ptolemy/domains/continuous/test/auto/ContinuousInDEInput2.xml
----------------- Instantiating /home/travis/build/icyphy/ptII/ptolemy/domains/continuous/test/auto/ContinuousInDEInput2.xml
21 ms. Memory: 872960K Free: 184801K (21%)
----------------- Invoking toplevel() on ptolemy.moml.MoMLSimpleApplication@67c547be
----------------- Done invoking toplevel() on ptolemy.moml.MoMLSimpleApplication@67c547be
reloadAllAccessors: .ContinuousInDEInput2

===========================================================================================
----------------- testing Wed Apr 10 03:58:47 UTC 2019 /home/travis/build/icyphy/ptII/ptolemy/domains/continuous/test/auto/ContinuousInDEInput3.xml
----------------- Instantiating /home/travis/build/icyphy/ptII/ptolemy/domains/continuous/test/auto/ContinuousInDEInput3.xml
16 ms. Memory: 872960K Free: 174322K (20%)
----------------- Invoking toplevel() on ptolemy.moml.MoMLSimpleApplication@2cce8df8
----------------- Done invoking toplevel() on ptolemy.moml.MoMLSimpleApplication@2cce8df8
reloadAllAccessors: .ContinuousInDEInput3

===========================================================================================
----------------- testing Wed Apr 10 03:58:47 UTC 2019 /home/travis/build/icyphy/ptII/ptolemy/domains/continuous/test/auto/ContinuousInDESharingRefinement.xml
----------------- Instantiating /home/travis/build/icyphy/ptII/ptolemy/domains/continuous/test/auto/ContinuousInDESharingRefinement.xml
141 ms. Memory: 872960K Free: 74532K (9%)
----------------- Invoking toplevel() on ptolemy.moml.MoMLSimpleApplication@4e4ca247
----------------- Done invoking toplevel() on ptolemy.moml.MoMLSimpleApplication@4e4ca247
reloadAllAccessors: .ContinuousInDESharingRefinement

===========================================================================================
----------------- testing Wed Apr 10 03:58:48 UTC 2019 /home/travis/build/icyphy/ptII/ptolemy/domains/continuous/test/auto/ContinuousInDEwithNoPorts.xml
----------------- Instantiating /home/travis/build/icyphy/ptII/ptolemy/domains/continuous/test/auto/ContinuousInDEwithNoPorts.xml
5 ms. Memory: 873472K Free: 848208K (97%)
----------------- Invoking toplevel() on ptolemy.moml.MoMLSimpleApplication@7beaa5b3
----------------- Done invoking toplevel() on ptolemy.moml.MoMLSimpleApplication@7beaa5b3
reloadAllAccessors: .ContinuousInDEwithNoPorts

===========================================================================================
----------------- testing Wed Apr 10 03:58:48 UTC 2019 /home/travis/build/icyphy/ptII/ptolemy/domains/continuous/test/auto/ContinuousInsideDE.xml
----------------- Instantiating /home/travis/build/icyphy/ptII/ptolemy/domains/continuous/test/auto/ContinuousInsideDE.xml
54 ms. Memory: 873472K Free: 832488K (95%)
----------------- Invoking toplevel() on ptolemy.moml.MoMLSimpleApplication@44f52825
----------------- Done invoking toplevel() on ptolemy.moml.MoMLSimpleApplication@44f52825
reloadAllAccessors: .ContinuousInsideDE

===========================================================================================
----------------- testing Wed Apr 10 03:58:48 UTC 2019 /home/travis/build/icyphy/ptII/ptolemy/domains/continuous/test/auto/ContinuousMerge1.xml
----------------- Instantiating /home/travis/build/icyphy/ptII/ptolemy/domains/continuous/test/auto/ContinuousMerge1.xml
3 ms. Memory: 873472K Free: 822010K (94%)
----------------- Invoking toplevel() on ptolemy.moml.MoMLSimpleApplication@10ad8ded
----------------- Done invoking toplevel() on ptolemy.moml.MoMLSimpleApplication@10ad8ded
reloadAllAccessors: .ContinuousMerge1

===========================================================================================
----------------- testing Wed Apr 10 03:58:48 UTC 2019 /home/travis/build/icyphy/ptII/ptolemy/domains/continuous/test/auto/ContinuousMerge2.xml
----------------- Instantiating /home/travis/build/icyphy/ptII/ptolemy/domains/continuous/test/auto/ContinuousMerge2.xml
16 ms. Memory: 873472K Free: 803975K (92%)
----------------- Invoking toplevel() on ptolemy.moml.MoMLSimpleApplication@13b04cf7
----------------- Done invoking toplevel() on ptolemy.moml.MoMLSimpleApplication@13b04cf7
reloadAllAccessors: .ContinuousMerge2

===========================================================================================
----------------- testing Wed Apr 10 03:58:48 UTC 2019 /home/travis/build/icyphy/ptII/ptolemy/domains/continuous/test/auto/ContinuousMerge3.xml
----------------- Instantiating /home/travis/build/icyphy/ptII/ptolemy/domains/continuous/test/auto/ContinuousMerge3.xml
37 ms. Memory: 873472K Free: 788240K (90%)
----------------- Invoking toplevel() on ptolemy.moml.MoMLSimpleApplication@2e40d288
----------------- Done invoking toplevel() on ptolemy.moml.MoMLSimpleApplication@2e40d288
reloadAllAccessors: .ContinuousMerge3

===========================================================================================
----------------- testing Wed Apr 10 03:58:48 UTC 2019 /home/travis/build/icyphy/ptII/ptolemy/domains/continuous/test/auto/ContinuousWithinContinuous.xml
----------------- Instantiating /home/travis/build/icyphy/ptII/ptolemy/domains/continuous/test/auto/ContinuousWithinContinuous.xml
40 ms. Memory: 873472K Free: 775609K (89%)
----------------- Invoking toplevel() on ptolemy.moml.MoMLSimpleApplication@4c6f3e
----------------- Done invoking toplevel() on ptolemy.moml.MoMLSimpleApplication@4c6f3e
reloadAllAccessors: .ContinuousWithinContinuous

===========================================================================================
----------------- testing Wed Apr 10 03:58:48 UTC 2019 /home/travis/build/icyphy/ptII/ptolemy/domains/continuous/test/auto/ContinuousWithinContinuous2.xml
----------------- Instantiating /home/travis/build/icyphy/ptII/ptolemy/domains/continuous/test/auto/ContinuousWithinContinuous2.xml
67 ms. Memory: 873472K Free: 759890K (87%)
----------------- Invoking toplevel() on ptolemy.moml.MoMLSimpleApplication@4da2f1ab
----------------- Done invoking toplevel() on ptolemy.moml.MoMLSimpleApplication@4da2f1ab
reloadAllAccessors: .ContinuousWithinContinuous2

===========================================================================================
----------------- testing Wed Apr 10 03:58:48 UTC 2019 /home/travis/build/icyphy/ptII/ptolemy/domains/continuous/test/auto/ContinuousWithinContinuous3.xml
----------------- Instantiating /home/travis/build/icyphy/ptII/ptolemy/domains/continuous/test/auto/ContinuousWithinContinuous3.xml
17 ms. Memory: 873472K Free: 749411K (86%)
----------------- Invoking toplevel() on ptolemy.moml.MoMLSimpleApplication@1fabb7a6
----------------- Done invoking toplevel() on ptolemy.moml.MoMLSimpleApplication@1fabb7a6
reloadAllAccessors: .ContinuousWithinContinuous3

===========================================================================================
----------------- testing Wed Apr 10 03:58:48 UTC 2019 /home/travis/build/icyphy/ptII/ptolemy/domains/continuous/test/auto/ContinuousWithinContinuous4.xml
----------------- Instantiating /home/travis/build/icyphy/ptII/ptolemy/domains/continuous/test/auto/ContinuousWithinContinuous4.xml
58 ms. Memory: 873472K Free: 731540K (84%)
----------------- Invoking toplevel() on ptolemy.moml.MoMLSimpleApplication@1fde5e33
----------------- Done invoking toplevel() on ptolemy.moml.MoMLSimpleApplication@1fde5e33
reloadAllAccessors: .ContinuousWithinContinuous4

===========================================================================================
----------------- testing Wed Apr 10 03:58:48 UTC 2019 /home/travis/build/icyphy/ptII/ptolemy/domains/continuous/test/auto/ContinuousWithinContinuous5.xml
----------------- Instantiating /home/travis/build/icyphy/ptII/ptolemy/domains/continuous/test/auto/ContinuousWithinContinuous5.xml
11 ms. Memory: 873472K Free: 721061K (83%)
----------------- Invoking toplevel() on ptolemy.moml.MoMLSimpleApplication@23b30c2
----------------- Done invoking toplevel() on ptolemy.moml.MoMLSimpleApplication@23b30c2
reloadAllAccessors: .ContinuousWithinContinuous5

===========================================================================================
----------------- testing Wed Apr 10 03:58:48 UTC 2019 /home/travis/build/icyphy/ptII/ptolemy/domains/continuous/test/auto/ContinuousWithinContinuous6.xml
----------------- Instantiating /home/travis/build/icyphy/ptII/ptolemy/domains/continuous/test/auto/ContinuousWithinContinuous6.xml
10 ms. Memory: 873472K Free: 710582K (81%)
----------------- Invoking toplevel() on ptolemy.moml.MoMLSimpleApplication@4b1cc144
----------------- Done invoking toplevel() on ptolemy.moml.MoMLSimpleApplication@4b1cc144
reloadAllAccessors: .ContinuousWithinContinuous6

===========================================================================================
----------------- testing Wed Apr 10 03:58:48 UTC 2019 /home/travis/build/icyphy/ptII/ptolemy/domains/continuous/test/auto/ContinuousWithinContinuous7.xml
----------------- Instantiating /home/travis/build/icyphy/ptII/ptolemy/domains/continuous/test/auto/ContinuousWithinContinuous7.xml
49 ms. Memory: 873472K Free: 692710K (79%)
----------------- Invoking toplevel() on ptolemy.moml.MoMLSimpleApplication@2dca95e0
----------------- Done invoking toplevel() on ptolemy.moml.MoMLSimpleApplication@2dca95e0
reloadAllAccessors: .ContinuousWithinContinuous7

===========================================================================================
----------------- testing Wed Apr 10 03:58:48 UTC 2019 /home/travis/build/icyphy/ptII/ptolemy/domains/continuous/test/auto/DCMotor.xml
----------------- Instantiating /home/travis/build/icyphy/ptII/ptolemy/domains/continuous/test/auto/DCMotor.xml
11877 ms. Memory: 734720K Free: 212814K (29%)
----------------- Invoking toplevel() on ptolemy.moml.MoMLSimpleApplication@126b4233
----------------- Done invoking toplevel() on ptolemy.moml.MoMLSimpleApplication@126b4233
reloadAllAccessors: .DCMotor

===========================================================================================
----------------- testing Wed Apr 10 03:59:00 UTC 2019 /home/travis/build/icyphy/ptII/ptolemy/domains/continuous/test/auto/DEInContinuous.xml
----------------- Instantiating /home/travis/build/icyphy/ptII/ptolemy/domains/continuous/test/auto/DEInContinuous.xml
7 ms. Memory: 734720K Free: 196309K (27%)
----------------- Invoking toplevel() on ptolemy.moml.MoMLSimpleApplication@40f0b3bc
----------------- Done invoking toplevel() on ptolemy.moml.MoMLSimpleApplication@40f0b3bc
reloadAllAccessors: .DEInContinuous

===========================================================================================
----------------- testing Wed Apr 10 03:59:00 UTC 2019 /home/travis/build/icyphy/ptII/ptolemy/domains/continuous/test/auto/DEinContinuous2.xml
----------------- Instantiating /home/travis/build/icyphy/ptII/ptolemy/domains/continuous/test/auto/DEinContinuous2.xml
7 ms. Memory: 734720K Free: 182174K (25%)
----------------- Invoking toplevel() on ptolemy.moml.MoMLSimpleApplication@2e8bc890
----------------- Done invoking toplevel() on ptolemy.moml.MoMLSimpleApplication@2e8bc890
reloadAllAccessors: .DEinContinuous2

===========================================================================================
----------------- testing Wed Apr 10 03:59:00 UTC 2019 /home/travis/build/icyphy/ptII/ptolemy/domains/continuous/test/auto/Derivative.xml
----------------- Instantiating /home/travis/build/icyphy/ptII/ptolemy/domains/continuous/test/auto/Derivative.xml
168 ms. Memory: 734720K Free: 142109K (19%)
----------------- Invoking toplevel() on ptolemy.moml.MoMLSimpleApplication@59438627
----------------- Done invoking toplevel() on ptolemy.moml.MoMLSimpleApplication@59438627
reloadAllAccessors: .Derivative2

===========================================================================================
----------------- testing Wed Apr 10 03:59:01 UTC 2019 /home/travis/build/icyphy/ptII/ptolemy/domains/continuous/test/auto/Derivative1.xml
----------------- Instantiating /home/travis/build/icyphy/ptII/ptolemy/domains/continuous/test/auto/Derivative1.xml
19 ms. Memory: 734720K Free: 122693K (17%)
----------------- Invoking toplevel() on ptolemy.moml.MoMLSimpleApplication@42bb9a58
----------------- Done invoking toplevel() on ptolemy.moml.MoMLSimpleApplication@42bb9a58
reloadAllAccessors: .Derivative1

===========================================================================================
----------------- testing Wed Apr 10 03:59:01 UTC 2019 /home/travis/build/icyphy/ptII/ptolemy/domains/continuous/test/auto/DiscreteClock.xml
----------------- Instantiating /home/travis/build/icyphy/ptII/ptolemy/domains/continuous/test/auto/DiscreteClock.xml
3 ms. Memory: 734720K Free: 108558K (15%)
----------------- Invoking toplevel() on ptolemy.moml.MoMLSimpleApplication@335108cf
----------------- Done invoking toplevel() on ptolemy.moml.MoMLSimpleApplication@335108cf
reloadAllAccessors: .DiscreteClock

===========================================================================================
----------------- testing Wed Apr 10 03:59:01 UTC 2019 /home/travis/build/icyphy/ptII/ptolemy/domains/continuous/test/auto/EfficiencyCurve.xml
----------------- Instantiating /home/travis/build/icyphy/ptII/ptolemy/domains/continuous/test/auto/EfficiencyCurve.xml
66 ms. Memory: 734720K Free: 94424K (13%)
----------------- Invoking toplevel() on ptolemy.moml.MoMLSimpleApplication@230054b8
----------------- Done invoking toplevel() on ptolemy.moml.MoMLSimpleApplication@230054b8
reloadAllAccessors: .EfficiencyCurve

===========================================================================================
----------------- testing Wed Apr 10 03:59:01 UTC 2019 /home/travis/build/icyphy/ptII/ptolemy/domains/continuous/test/auto/ExponentialResponse.xml
----------------- Instantiating /home/travis/build/icyphy/ptII/ptolemy/domains/continuous/test/auto/ExponentialResponse.xml
95 ms. Memory: 734720K Free: 75024K (10%)
----------------- Invoking toplevel() on ptolemy.moml.MoMLSimpleApplication@5669deb1
----------------- Done invoking toplevel() on ptolemy.moml.MoMLSimpleApplication@5669deb1
reloadAllAccessors: .ExponentialResponse

===========================================================================================
----------------- testing Wed Apr 10 03:59:01 UTC 2019 /home/travis/build/icyphy/ptII/ptolemy/domains/continuous/test/auto/ExponentialResponseRK45.xml
----------------- Instantiating /home/travis/build/icyphy/ptII/ptolemy/domains/continuous/test/auto/ExponentialResponseRK45.xml
25 ms. Memory: 697344K Free: 670670K (96%)
----------------- Invoking toplevel() on ptolemy.moml.MoMLSimpleApplication@3fbc9ef2
----------------- Done invoking toplevel() on ptolemy.moml.MoMLSimpleApplication@3fbc9ef2
reloadAllAccessors: .ExponentialResponseRK45

===========================================================================================
----------------- testing Wed Apr 10 03:59:01 UTC 2019 /home/travis/build/icyphy/ptII/ptolemy/domains/continuous/test/auto/Friction.xml
----------------- Instantiating /home/travis/build/icyphy/ptII/ptolemy/domains/continuous/test/auto/Friction.xml
1411 ms. Memory: 697344K Free: 225823K (32%)
----------------- Invoking toplevel() on ptolemy.moml.MoMLSimpleApplication@2bc5a95e
----------------- Done invoking toplevel() on ptolemy.moml.MoMLSimpleApplication@2bc5a95e
reloadAllAccessors: .Friction

===========================================================================================
----------------- testing Wed Apr 10 03:59:02 UTC 2019 /home/travis/build/icyphy/ptII/ptolemy/domains/continuous/test/auto/FurutaPendulum.xml
----------------- Instantiating /home/travis/build/icyphy/ptII/ptolemy/domains/continuous/test/auto/FurutaPendulum.xml
3197 ms. Memory: 674816K Free: 317571K (47%)
----------------- Invoking toplevel() on ptolemy.moml.MoMLSimpleApplication@1ab71830
----------------- Done invoking toplevel() on ptolemy.moml.MoMLSimpleApplication@1ab71830
reloadAllAccessors: .FurutaPendulum

===========================================================================================
----------------- testing Wed Apr 10 03:59:06 UTC 2019 /home/travis/build/icyphy/ptII/ptolemy/domains/continuous/test/auto/HierarchicalExecution.xml
----------------- Instantiating /home/travis/build/icyphy/ptII/ptolemy/domains/continuous/test/auto/HierarchicalExecution.xml
1719 ms. Memory: 647168K Free: 572902K (89%)
----------------- Invoking toplevel() on ptolemy.moml.MoMLSimpleApplication@5bec671a
----------------- Done invoking toplevel() on ptolemy.moml.MoMLSimpleApplication@5bec671a
reloadAllAccessors: .HierarchicalExecution

===========================================================================================
----------------- testing Wed Apr 10 03:59:08 UTC 2019 /home/travis/build/icyphy/ptII/ptolemy/domains/continuous/test/auto/HybridPlant.xml
----------------- Instantiating /home/travis/build/icyphy/ptII/ptolemy/domains/continuous/test/auto/HybridPlant.xml
563 ms. Memory: 647168K Free: 297271K (46%)
----------------- Invoking toplevel() on ptolemy.moml.MoMLSimpleApplication@6d641db1
----------------- Done invoking toplevel() on ptolemy.moml.MoMLSimpleApplication@6d641db1
reloadAllAccessors: .HybridPlant

===========================================================================================
----------------- testing Wed Apr 10 03:59:08 UTC 2019 /home/travis/build/icyphy/ptII/ptolemy/domains/continuous/test/auto/Hysteresis.xml
----------------- Instantiating /home/travis/build/icyphy/ptII/ptolemy/domains/continuous/test/auto/Hysteresis.xml
130 ms. Memory: 647168K Free: 229043K (35%)
----------------- Invoking toplevel() on ptolemy.moml.MoMLSimpleApplication@b047c61
----------------- Done invoking toplevel() on ptolemy.moml.MoMLSimpleApplication@b047c61
reloadAllAccessors: .Hysteresis

===========================================================================================
----------------- testing Wed Apr 10 03:59:09 UTC 2019 /home/travis/build/icyphy/ptII/ptolemy/domains/continuous/test/auto/HysteresisWithRandomDelay.xml
----------------- Instantiating /home/travis/build/icyphy/ptII/ptolemy/domains/continuous/test/auto/HysteresisWithRandomDelay.xml
170 ms. Memory: 647168K Free: 149619K (23%)
----------------- Invoking toplevel() on ptolemy.moml.MoMLSimpleApplication@53d72d3d
----------------- Done invoking toplevel() on ptolemy.moml.MoMLSimpleApplication@53d72d3d
reloadAllAccessors: .HysteresisWithRandomDelay

===========================================================================================
----------------- testing Wed Apr 10 03:59:09 UTC 2019 /home/travis/build/icyphy/ptII/ptolemy/domains/continuous/test/auto/HysteresisWithRandomLosses.xml
----------------- Instantiating /home/travis/build/icyphy/ptII/ptolemy/domains/continuous/test/auto/HysteresisWithRandomLosses.xml
2260 ms. Memory: 589312K Free: 420513K (71%)
----------------- Invoking toplevel() on ptolemy.moml.MoMLSimpleApplication@13bba588
----------------- Done invoking toplevel() on ptolemy.moml.MoMLSimpleApplication@13bba588
reloadAllAccessors: .HysteresisWithRandomLosses

===========================================================================================
----------------- testing Wed Apr 10 03:59:11 UTC 2019 /home/travis/build/icyphy/ptII/ptolemy/domains/continuous/test/auto/ImmediateTransitions.xml
----------------- Instantiating /home/travis/build/icyphy/ptII/ptolemy/domains/continuous/test/auto/ImmediateTransitions.xml
9 ms. Memory: 589312K Free: 407811K (69%)
----------------- Invoking toplevel() on ptolemy.moml.MoMLSimpleApplication@3535d9f9
----------------- Done invoking toplevel() on ptolemy.moml.MoMLSimpleApplication@3535d9f9
reloadAllAccessors: .ImmediateTransitions

===========================================================================================
----------------- testing Wed Apr 10 03:59:11 UTC 2019 /home/travis/build/icyphy/ptII/ptolemy/domains/continuous/test/auto/ImpulseFeedback.xml
----------------- Instantiating /home/travis/build/icyphy/ptII/ptolemy/domains/continuous/test/auto/ImpulseFeedback.xml
8 ms. Memory: 589312K Free: 396799K (67%)
----------------- Invoking toplevel() on ptolemy.moml.MoMLSimpleApplication@2f245489
----------------- Done invoking toplevel() on ptolemy.moml.MoMLSimpleApplication@2f245489
reloadAllAccessors: .ImpulseFeedback

===========================================================================================
----------------- testing Wed Apr 10 03:59:11 UTC 2019 /home/travis/build/icyphy/ptII/ptolemy/domains/continuous/test/auto/ImpulseFeedback2.xml
----------------- Instantiating /home/travis/build/icyphy/ptII/ptolemy/domains/continuous/test/auto/ImpulseFeedback2.xml
8 ms. Memory: 589312K Free: 385802K (65%)
----------------- Invoking toplevel() on ptolemy.moml.MoMLSimpleApplication@34e33b53
----------------- Done invoking toplevel() on ptolemy.moml.MoMLSimpleApplication@34e33b53
reloadAllAccessors: .ImpulseFeedback2

===========================================================================================
----------------- testing Wed Apr 10 03:59:11 UTC 2019 /home/travis/build/icyphy/ptII/ptolemy/domains/continuous/test/auto/IncreasingRatePoisson.xml
----------------- Instantiating /home/travis/build/icyphy/ptII/ptolemy/domains/continuous/test/auto/IncreasingRatePoisson.xml
649 ms. Memory: 589312K Free: 86095K (15%)
----------------- Invoking toplevel() on ptolemy.moml.MoMLSimpleApplication@55543ae
----------------- Done invoking toplevel() on ptolemy.moml.MoMLSimpleApplication@55543ae
reloadAllAccessors: .IncreasingRatePoisson

===========================================================================================
----------------- testing Wed Apr 10 03:59:12 UTC 2019 /home/travis/build/icyphy/ptII/ptolemy/domains/continuous/test/auto/InitialStateFeedback.xml
----------------- Instantiating /home/travis/build/icyphy/ptII/ptolemy/domains/continuous/test/auto/InitialStateFeedback.xml
8 ms. Memory: 589312K Free: 78493K (13%)
----------------- Invoking toplevel() on ptolemy.moml.MoMLSimpleApplication@7efd359f
----------------- Done invoking toplevel() on ptolemy.moml.MoMLSimpleApplication@7efd359f
reloadAllAccessors: .InitialStateFeedback

===========================================================================================
----------------- testing Wed Apr 10 03:59:12 UTC 2019 /home/travis/build/icyphy/ptII/ptolemy/domains/continuous/test/auto/Integration.xml
----------------- Instantiating /home/travis/build/icyphy/ptII/ptolemy/domains/continuous/test/auto/Integration.xml
8 ms. Memory: 589312K Free: 70891K (12%)
----------------- Invoking toplevel() on ptolemy.moml.MoMLSimpleApplication@796073d9
----------------- Done invoking toplevel() on ptolemy.moml.MoMLSimpleApplication@796073d9
reloadAllAccessors: .Integration

===========================================================================================
----------------- testing Wed Apr 10 03:59:12 UTC 2019 /home/travis/build/icyphy/ptII/ptolemy/domains/continuous/test/auto/Integration2.xml
----------------- Instantiating /home/travis/build/icyphy/ptII/ptolemy/domains/continuous/test/auto/Integration2.xml
77 ms. Memory: 589312K Free: 54070K (9%)
----------------- Invoking toplevel() on ptolemy.moml.MoMLSimpleApplication@3a1a7bd5
----------------- Done invoking toplevel() on ptolemy.moml.MoMLSimpleApplication@3a1a7bd5
reloadAllAccessors: .Integration2

===========================================================================================
----------------- testing Wed Apr 10 03:59:12 UTC 2019 /home/travis/build/icyphy/ptII/ptolemy/domains/continuous/test/auto/Integration3.xml
----------------- Instantiating /home/travis/build/icyphy/ptII/ptolemy/domains/continuous/test/auto/Integration3.xml
2 ms. Memory: 574464K Free: 539783K (94%)
----------------- Invoking toplevel() on ptolemy.moml.MoMLSimpleApplication@4a86b7d
----------------- Done invoking toplevel() on ptolemy.moml.MoMLSimpleApplication@4a86b7d
reloadAllAccessors: .Integration3

===========================================================================================
----------------- testing Wed Apr 10 03:59:12 UTC 2019 /home/travis/build/icyphy/ptII/ptolemy/domains/continuous/test/auto/Integration5.xml
----------------- Instantiating /home/travis/build/icyphy/ptII/ptolemy/domains/continuous/test/auto/Integration5.xml
2 ms. Memory: 574464K Free: 532475K (93%)
----------------- Invoking toplevel() on ptolemy.moml.MoMLSimpleApplication@5359744a
----------------- Done invoking toplevel() on ptolemy.moml.MoMLSimpleApplication@5359744a
reloadAllAccessors: .Integration5

===========================================================================================
----------------- testing Wed Apr 10 03:59:12 UTC 2019 /home/travis/build/icyphy/ptII/ptolemy/domains/continuous/test/auto/IntegratorImpulse.xml
----------------- Instantiating /home/travis/build/icyphy/ptII/ptolemy/domains/continuous/test/auto/IntegratorImpulse.xml
2 ms. Memory: 574464K Free: 525172K (91%)
----------------- Invoking toplevel() on ptolemy.moml.MoMLSimpleApplication@5342a908
----------------- Done invoking toplevel() on ptolemy.moml.MoMLSimpleApplication@5342a908
reloadAllAccessors: .IntegratorImpulse

===========================================================================================
----------------- testing Wed Apr 10 03:59:12 UTC 2019 /home/travis/build/icyphy/ptII/ptolemy/domains/continuous/test/auto/IntegratorImpulse2.xml
----------------- Instantiating /home/travis/build/icyphy/ptII/ptolemy/domains/continuous/test/auto/IntegratorImpulse2.xml
4 ms. Memory: 574464K Free: 517870K (90%)
----------------- Invoking toplevel() on ptolemy.moml.MoMLSimpleApplication@710800f2
----------------- Done invoking toplevel() on ptolemy.moml.MoMLSimpleApplication@710800f2
reloadAllAccessors: .IntegratorImpulse2

===========================================================================================
----------------- testing Wed Apr 10 03:59:12 UTC 2019 /home/travis/build/icyphy/ptII/ptolemy/domains/continuous/test/auto/LevelCrossing1.xml
----------------- Instantiating /home/travis/build/icyphy/ptII/ptolemy/domains/continuous/test/auto/LevelCrossing1.xml
2 ms. Memory: 574464K Free: 507161K (88%)
----------------- Invoking toplevel() on ptolemy.moml.MoMLSimpleApplication@3009f0b6
----------------- Done invoking toplevel() on ptolemy.moml.MoMLSimpleApplication@3009f0b6
reloadAllAccessors: .LevelCrossing1

===========================================================================================
----------------- testing Wed Apr 10 03:59:12 UTC 2019 /home/travis/build/icyphy/ptII/ptolemy/domains/continuous/test/auto/LevelCrossing2.xml
----------------- Instantiating /home/travis/build/icyphy/ptII/ptolemy/domains/continuous/test/auto/LevelCrossing2.xml
3 ms. Memory: 574464K Free: 496629K (86%)
----------------- Invoking toplevel() on ptolemy.moml.MoMLSimpleApplication@6c44e0f0
----------------- Done invoking toplevel() on ptolemy.moml.MoMLSimpleApplication@6c44e0f0
reloadAllAccessors: .LevelCrossing2

===========================================================================================
----------------- testing Wed Apr 10 03:59:12 UTC 2019 /home/travis/build/icyphy/ptII/ptolemy/domains/continuous/test/auto/LevelCrossing3.xml
----------------- Instantiating /home/travis/build/icyphy/ptII/ptolemy/domains/continuous/test/auto/LevelCrossing3.xml
2 ms. Memory: 574464K Free: 486090K (85%)
----------------- Invoking toplevel() on ptolemy.moml.MoMLSimpleApplication@23e500d1
----------------- Done invoking toplevel() on ptolemy.moml.MoMLSimpleApplication@23e500d1
reloadAllAccessors: .LevelCrossing3

===========================================================================================
----------------- testing Wed Apr 10 03:59:12 UTC 2019 /home/travis/build/icyphy/ptII/ptolemy/domains/continuous/test/auto/LevelCrossing4.xml
----------------- Instantiating /home/travis/build/icyphy/ptII/ptolemy/domains/continuous/test/auto/LevelCrossing4.xml
3 ms. Memory: 574464K Free: 475543K (83%)
----------------- Invoking toplevel() on ptolemy.moml.MoMLSimpleApplication@64fff55b
----------------- Done invoking toplevel() on ptolemy.moml.MoMLSimpleApplication@64fff55b
reloadAllAccessors: .LevelCrossing4

===========================================================================================
----------------- testing Wed Apr 10 03:59:12 UTC 2019 /home/travis/build/icyphy/ptII/ptolemy/domains/continuous/test/auto/LevelCrossing5.xml
----------------- Instantiating /home/travis/build/icyphy/ptII/ptolemy/domains/continuous/test/auto/LevelCrossing5.xml
2 ms. Memory: 574464K Free: 465004K (81%)
----------------- Invoking toplevel() on ptolemy.moml.MoMLSimpleApplication@27fbf5
----------------- Done invoking toplevel() on ptolemy.moml.MoMLSimpleApplication@27fbf5
reloadAllAccessors: .LevelCrossing5

===========================================================================================
[...]
----------------- testing Wed Apr 10 03:59:30 UTC 2019 /home/travis/build/icyphy/ptII/ptolemy/domains/continuous/test/auto/SRinContinuous.xml
----------------- Instantiating /home/travis/build/icyphy/ptII/ptolemy/domains/continuous/test/auto/SRinContinuous.xml
4 ms. Memory: 500736K Free: 419920K (84%)
----------------- Invoking toplevel() on ptolemy.moml.MoMLSimpleApplication@28bdca62
----------------- Done invoking toplevel() on ptolemy.moml.MoMLSimpleApplication@28bdca62
reloadAllAccessors: .SRinContinuous

===========================================================================================
----------------- testing Wed Apr 10 03:59:30 UTC 2019 /home/travis/build/icyphy/ptII/ptolemy/domains/continuous/test/auto/SampledClocks.xml
----------------- Instantiating /home/travis/build/icyphy/ptII/ptolemy/domains/continuous/test/auto/SampledClocks.xml
5 ms. Memory: 500736K Free: 402481K (80%)
----------------- Invoking toplevel() on ptolemy.moml.MoMLSimpleApplication@e0ff33b
----------------- Done invoking toplevel() on ptolemy.moml.MoMLSimpleApplication@e0ff33b
reloadAllAccessors: .SampledClocks

===========================================================================================
----------------- testing Wed Apr 10 03:59:30 UTC 2019 /home/travis/build/icyphy/ptII/ptolemy/domains/continuous/test/auto/Satellite.xml
----------------- Instantiating /home/travis/build/icyphy/ptII/ptolemy/domains/continuous/test/auto/Satellite.xml
975 ms. Memory: 500736K Free: 225890K (45%)
----------------- Invoking toplevel() on ptolemy.moml.MoMLSimpleApplication@837a21d
----------------- Done invoking toplevel() on ptolemy.moml.MoMLSimpleApplication@837a21d
reloadAllAccessors: .Satellite

===========================================================================================
----------------- testing Wed Apr 10 03:59:31 UTC 2019 /home/travis/build/icyphy/ptII/ptolemy/domains/continuous/test/auto/SigmaDelta.xml
----------------- Instantiating /home/travis/build/icyphy/ptII/ptolemy/domains/continuous/test/auto/SigmaDelta.xml
2450 ms. Memory: 481792K Free: 231823K (48%)
----------------- Invoking toplevel() on ptolemy.moml.MoMLSimpleApplication@5d63bba3
----------------- Done invoking toplevel() on ptolemy.moml.MoMLSimpleApplication@5d63bba3
reloadAllAccessors: .SigmaDelta

===========================================================================================
----------------- testing Wed Apr 10 03:59:33 UTC 2019 /home/travis/build/icyphy/ptII/ptolemy/domains/continuous/test/auto/SingleRefinement.xml
----------------- Instantiating /home/travis/build/icyphy/ptII/ptolemy/domains/continuous/test/auto/SingleRefinement.xml
291 ms. Memory: 481792K Free: 45604K (9%)
----------------- Invoking toplevel() on ptolemy.moml.MoMLSimpleApplication@5826d0cd
----------------- Done invoking toplevel() on ptolemy.moml.MoMLSimpleApplication@5826d0cd
reloadAllAccessors: .SingleRefinement

===========================================================================================
----------------- testing Wed Apr 10 03:59:34 UTC 2019 /home/travis/build/icyphy/ptII/ptolemy/domains/continuous/test/auto/SinuBouncingBall.xml
----------------- Instantiating /home/travis/build/icyphy/ptII/ptolemy/domains/continuous/test/auto/SinuBouncingBall.xml
778 ms. Memory: 456704K Free: 193203K (42%)
----------------- Invoking toplevel() on ptolemy.moml.MoMLSimpleApplication@267c066d
----------------- Done invoking toplevel() on ptolemy.moml.MoMLSimpleApplication@267c066d
reloadAllAccessors: .SinuBouncingBall

===========================================================================================
----------------- testing Wed Apr 10 03:59:35 UTC 2019 /home/travis/build/icyphy/ptII/ptolemy/domains/continuous/test/auto/Sinusoid.xml
----------------- Instantiating /home/travis/build/icyphy/ptII/ptolemy/domains/continuous/test/auto/Sinusoid.xml
5 ms. Memory: 456704K Free: 187262K (41%)
----------------- Invoking toplevel() on ptolemy.moml.MoMLSimpleApplication@5f8f348e
----------------- Done invoking toplevel() on ptolemy.moml.MoMLSimpleApplication@5f8f348e
reloadAllAccessors: .Sinusoid

===========================================================================================
----------------- testing Wed Apr 10 03:59:35 UTC 2019 /home/travis/build/icyphy/ptII/ptolemy/domains/continuous/test/auto/SinusoidInNoise.xml
----------------- Instantiating /home/travis/build/icyphy/ptII/ptolemy/domains/continuous/test/auto/SinusoidInNoise.xml
1031 ms. Memory: 441856K Free: 339779K (77%)
----------------- Invoking toplevel() on ptolemy.moml.MoMLSimpleApplication@7d4ed4fa
----------------- Done invoking toplevel() on ptolemy.moml.MoMLSimpleApplication@7d4ed4fa
reloadAllAccessors: .SinusoidInNoise

===========================================================================================
----------------- testing Wed Apr 10 03:59:36 UTC 2019 /home/travis/build/icyphy/ptII/ptolemy/domains/continuous/test/auto/SinusoidRK45.xml
----------------- Instantiating /home/travis/build/icyphy/ptII/ptolemy/domains/continuous/test/auto/SinusoidRK45.xml
8 ms. Memory: 441856K Free: 332758K (75%)
----------------- Invoking toplevel() on ptolemy.moml.MoMLSimpleApplication@6e2194cd
----------------- Done invoking toplevel() on ptolemy.moml.MoMLSimpleApplication@6e2194cd
reloadAllAccessors: .SinusoidRK45

===========================================================================================
----------------- testing Wed Apr 10 03:59:36 UTC 2019 /home/travis/build/icyphy/ptII/ptolemy/domains/continuous/test/auto/SinusoidWithMultipleImpulses.xml
----------------- Instantiating /home/travis/build/icyphy/ptII/ptolemy/domains/continuous/test/auto/SinusoidWithMultipleImpulses.xml
11 ms. Memory: 441856K Free: 324603K (73%)
----------------- Invoking toplevel() on ptolemy.moml.MoMLSimpleApplication@4ec1148e
----------------- Done invoking toplevel() on ptolemy.moml.MoMLSimpleApplication@4ec1148e
reloadAllAccessors: .SinusoidWithMultipleImpulses

===========================================================================================
----------------- testing Wed Apr 10 03:59:36 UTC 2019 /home/travis/build/icyphy/ptII/ptolemy/domains/continuous/test/auto/SquareWave.xml
----------------- Instantiating /home/travis/build/icyphy/ptII/ptolemy/domains/continuous/test/auto/SquareWave.xml
266 ms. Memory: 441856K Free: 290236K (66%)
----------------- Invoking toplevel() on ptolemy.moml.MoMLSimpleApplication@387a1c64
----------------- Done invoking toplevel() on ptolemy.moml.MoMLSimpleApplication@387a1c64
reloadAllAccessors: .SquareWave

===========================================================================================
----------------- testing Wed Apr 10 03:59:36 UTC 2019 /home/travis/build/icyphy/ptII/ptolemy/domains/continuous/test/auto/Starmac.xml
----------------- Instantiating /home/travis/build/icyphy/ptII/ptolemy/domains/continuous/test/auto/Starmac.xml
3084 ms. Memory: 427520K Free: 277169K (65%)
----------------- Invoking toplevel() on ptolemy.moml.MoMLSimpleApplication@28b3e5a2
----------------- Done invoking toplevel() on ptolemy.moml.MoMLSimpleApplication@28b3e5a2
reloadAllAccessors: .Starmac

===========================================================================================
----------------- testing Wed Apr 10 03:59:39 UTC 2019 /home/travis/build/icyphy/ptII/ptolemy/domains/continuous/test/auto/StaticUnits.xml
----------------- Instantiating /home/travis/build/icyphy/ptII/ptolemy/domains/continuous/test/auto/StaticUnits.xml
2011 ms. Memory: 412160K Free: 152371K (37%)
----------------- Invoking toplevel() on ptolemy.moml.MoMLSimpleApplication@641b6a16
----------------- Done invoking toplevel() on ptolemy.moml.MoMLSimpleApplication@641b6a16
reloadAllAccessors: .StaticUnits

===========================================================================================
----------------- testing Wed Apr 10 03:59:42 UTC 2019 /home/travis/build/icyphy/ptII/ptolemy/domains/continuous/test/auto/StickyMasses.xml
----------------- Instantiating /home/travis/build/icyphy/ptII/ptolemy/domains/continuous/test/auto/StickyMasses.xml
131 ms. Memory: 412160K Free: 97447K (24%)
----------------- Invoking toplevel() on ptolemy.moml.MoMLSimpleApplication@32de7fe1
----------------- Done invoking toplevel() on ptolemy.moml.MoMLSimpleApplication@32de7fe1
reloadAllAccessors: .StickyMasses

===========================================================================================
----------------- testing Wed Apr 10 03:59:42 UTC 2019 /home/travis/build/icyphy/ptII/ptolemy/domains/continuous/test/auto/StopTime.xml
----------------- Instantiating /home/travis/build/icyphy/ptII/ptolemy/domains/continuous/test/auto/StopTime.xml
47 ms. Memory: 412160K Free: 70288K (17%)
----------------- Invoking toplevel() on ptolemy.moml.MoMLSimpleApplication@627e27c6
----------------- Done invoking toplevel() on ptolemy.moml.MoMLSimpleApplication@627e27c6
reloadAllAccessors: .StopTime

===========================================================================================
----------------- testing Wed Apr 10 03:59:42 UTC 2019 /home/travis/build/icyphy/ptII/ptolemy/domains/continuous/test/auto/StopTime2.xml
----------------- Instantiating /home/travis/build/icyphy/ptII/ptolemy/domains/continuous/test/auto/StopTime2.xml
36 ms. Memory: 412160K Free: 46432K (11%)
----------------- Invoking toplevel() on ptolemy.moml.MoMLSimpleApplication@487d2d87
----------------- Done invoking toplevel() on ptolemy.moml.MoMLSimpleApplication@487d2d87
reloadAllAccessors: .StopTime2

===========================================================================================
----------------- testing Wed Apr 10 03:59:42 UTC 2019 /home/travis/build/icyphy/ptII/ptolemy/domains/continuous/test/auto/Switch.xml
----------------- Instantiating /home/travis/build/icyphy/ptII/ptolemy/domains/continuous/test/auto/Switch.xml
36 ms. Memory: 412160K Free: 17575K (4%)
----------------- Invoking toplevel() on ptolemy.moml.MoMLSimpleApplication@312bf09f
----------------- Done invoking toplevel() on ptolemy.moml.MoMLSimpleApplication@312bf09f
reloadAllAccessors: .Switch

===========================================================================================
----------------- testing Wed Apr 10 03:59:42 UTC 2019 /home/travis/build/icyphy/ptII/ptolemy/domains/continuous/test/auto/Thermostat.xml
----------------- Instantiating /home/travis/build/icyphy/ptII/ptolemy/domains/continuous/test/auto/Thermostat.xml
177 ms. Memory: 367616K Free: 287084K (78%)
----------------- Invoking toplevel() on ptolemy.moml.MoMLSimpleApplication@426bfadc
----------------- Done invoking toplevel() on ptolemy.moml.MoMLSimpleApplication@426bfadc
reloadAllAccessors: .Thermostat

===========================================================================================
----------------- testing Wed Apr 10 03:59:43 UTC 2019 /home/travis/build/icyphy/ptII/ptolemy/domains/continuous/test/auto/TimeDelay.xml
----------------- Instantiating /home/travis/build/icyphy/ptII/ptolemy/domains/continuous/test/auto/TimeDelay.xml
5 ms. Memory: 367616K Free: 279863K (76%)
----------------- Invoking toplevel() on ptolemy.moml.MoMLSimpleApplication@6bc26f2b
----------------- Done invoking toplevel() on ptolemy.moml.MoMLSimpleApplication@6bc26f2b
reloadAllAccessors: .TimeDelay

===========================================================================================
----------------- testing Wed Apr 10 03:59:43 UTC 2019 /home/travis/build/icyphy/ptII/ptolemy/domains/continuous/test/auto/TimeDelay2.xml
----------------- Instantiating /home/travis/build/icyphy/ptII/ptolemy/domains/continuous/test/auto/TimeDelay2.xml
7 ms. Memory: 367616K Free: 268543K (73%)
----------------- Invoking toplevel() on ptolemy.moml.MoMLSimpleApplication@5871cc00
----------------- Done invoking toplevel() on ptolemy.moml.MoMLSimpleApplication@5871cc00
reloadAllAccessors: .TimeDelay2

===========================================================================================
----------------- testing Wed Apr 10 03:59:43 UTC 2019 /home/travis/build/icyphy/ptII/ptolemy/domains/continuous/test/auto/TimeDelay3.xml
----------------- Instantiating /home/travis/build/icyphy/ptII/ptolemy/domains/continuous/test/auto/TimeDelay3.xml
6 ms. Memory: 367616K Free: 261321K (71%)
----------------- Invoking toplevel() on ptolemy.moml.MoMLSimpleApplication@4ecc15c6
----------------- Done invoking toplevel() on ptolemy.moml.MoMLSimpleApplication@4ecc15c6
reloadAllAccessors: .TimeDelay3

===========================================================================================
----------------- testing Wed Apr 10 03:59:43 UTC 2019 /home/travis/build/icyphy/ptII/ptolemy/domains/continuous/test/auto/TransferAbsentToInside.xml
----------------- Instantiating /home/travis/build/icyphy/ptII/ptolemy/domains/continuous/test/auto/TransferAbsentToInside.xml
27 ms. Memory: 367616K Free: 204134K (56%)
----------------- Invoking toplevel() on ptolemy.moml.MoMLSimpleApplication@2866297e
----------------- Done invoking toplevel() on ptolemy.moml.MoMLSimpleApplication@2866297e
reloadAllAccessors: .TransferAbsentToInside

===========================================================================================
----------------- testing Wed Apr 10 03:59:43 UTC 2019 /home/travis/build/icyphy/ptII/ptolemy/domains/continuous/test/auto/Transmission.xml
----------------- Instantiating /home/travis/build/icyphy/ptII/ptolemy/domains/continuous/test/auto/Transmission.xml
737 ms. Memory: 353792K Free: 261458K (74%)
----------------- Invoking toplevel() on ptolemy.moml.MoMLSimpleApplication@4f6fd371
----------------- Done invoking toplevel() on ptolemy.moml.MoMLSimpleApplication@4f6fd371
reloadAllAccessors: .Transmission

===========================================================================================
----------------- testing Wed Apr 10 03:59:44 UTC 2019 /home/travis/build/icyphy/ptII/ptolemy/domains/continuous/test/auto/TriggeredContinuousClock.xml
----------------- Instantiating /home/travis/build/icyphy/ptII/ptolemy/domains/continuous/test/auto/TriggeredContinuousClock.xml
36 ms. Memory: 353792K Free: 227948K (64%)
----------------- Invoking toplevel() on ptolemy.moml.MoMLSimpleApplication@995c924
----------------- Done invoking toplevel() on ptolemy.moml.MoMLSimpleApplication@995c924
reloadAllAccessors: .TriggeredContinuousClock

===========================================================================================
----------------- testing Wed Apr 10 03:59:44 UTC 2019 /home/travis/build/icyphy/ptII/ptolemy/domains/continuous/test/auto/TwoMachineInfiniteBusControl.xml
----------------- Instantiating /home/travis/build/icyphy/ptII/ptolemy/domains/continuous/test/auto/TwoMachineInfiniteBusControl.xml
2995 ms. Memory: 328192K Free: 238086K (73%)
----------------- Invoking toplevel() on ptolemy.moml.MoMLSimpleApplication@3236f432
----------------- Done invoking toplevel() on ptolemy.moml.MoMLSimpleApplication@3236f432
reloadAllAccessors: .TwoMachineInfiniteBusControl

===========================================================================================
----------------- testing Wed Apr 10 03:59:47 UTC 2019 /home/travis/build/icyphy/ptII/ptolemy/domains/continuous/test/auto/V2V.xml
----------------- Instantiating /home/travis/build/icyphy/ptII/ptolemy/domains/continuous/test/auto/V2V.xml
708 ms. Memory: 328192K Free: 42860K (13%)
----------------- Invoking toplevel() on ptolemy.moml.MoMLSimpleApplication@43d1d8f3
----------------- Done invoking toplevel() on ptolemy.moml.MoMLSimpleApplication@43d1d8f3
reloadAllAccessors: .V2V

===========================================================================================
----------------- testing Wed Apr 10 03:59:48 UTC 2019 /home/travis/build/icyphy/ptII/ptolemy/domains/continuous/test/auto/hierarchicalModalModel.xml
----------------- Instantiating /home/travis/build/icyphy/ptII/ptolemy/domains/continuous/test/auto/hierarchicalModalModel.xml
8 ms. Memory: 324096K Free: 292387K (90%)
----------------- Invoking toplevel() on ptolemy.moml.MoMLSimpleApplication@6f08d768
----------------- Done invoking toplevel() on ptolemy.moml.MoMLSimpleApplication@6f08d768
reloadAllAccessors: .hierarchicalModalModel

===========================================================================================
----------------- testing Wed Apr 10 03:59:48 UTC 2019 /home/travis/build/icyphy/ptII/ptolemy/domains/continuous/test/auto/hierarchicalModalModel1.xml
----------------- Instantiating /home/travis/build/icyphy/ptII/ptolemy/domains/continuous/test/auto/hierarchicalModalModel1.xml
7 ms. Memory: 324096K Free: 275774K (85%)
----------------- Invoking toplevel() on ptolemy.moml.MoMLSimpleApplication@48f989c3
----------------- Done invoking toplevel() on ptolemy.moml.MoMLSimpleApplication@48f989c3
reloadAllAccessors: .hierarchicalModalModel1

===========================================================================================
----------------- testing Wed Apr 10 03:59:48 UTC 2019 /home/travis/build/icyphy/ptII/ptolemy/domains/continuous/test/auto/hierarchicalModalModel2.xml
----------------- Instantiating /home/travis/build/icyphy/ptII/ptolemy/domains/continuous/test/auto/hierarchicalModalModel2.xml
6 ms. Memory: 324096K Free: 260847K (80%)
----------------- Invoking toplevel() on ptolemy.moml.MoMLSimpleApplication@5bd8f9f9
----------------- Done invoking toplevel() on ptolemy.moml.MoMLSimpleApplication@5bd8f9f9
reloadAllAccessors: .hierarchicalModalModel2

===========================================================================================
----------------- testing Wed Apr 10 03:59:48 UTC 2019 /home/travis/build/icyphy/ptII/ptolemy/domains/continuous/test/auto/hierarchicalModalModel3.xml
----------------- Instantiating /home/travis/build/icyphy/ptII/ptolemy/domains/continuous/test/auto/hierarchicalModalModel3.xml
5 ms. Memory: 324096K Free: 247657K (76%)
----------------- Invoking toplevel() on ptolemy.moml.MoMLSimpleApplication@78fabd19
----------------- Done invoking toplevel() on ptolemy.moml.MoMLSimpleApplication@78fabd19
reloadAllAccessors: .hierarchicalModalModel3

===========================================================================================
----------------- testing Wed Apr 10 03:59:48 UTC 2019 /home/travis/build/icyphy/ptII/ptolemy/domains/continuous/test/auto/hierarchicalModalModel4.xml
----------------- Instantiating /home/travis/build/icyphy/ptII/ptolemy/domains/continuous/test/auto/hierarchicalModalModel4.xml
5 ms. Memory: 324096K Free: 232775K (72%)
----------------- Invoking toplevel() on ptolemy.moml.MoMLSimpleApplication@19012c12
----------------- Done invoking toplevel() on ptolemy.moml.MoMLSimpleApplication@19012c12
reloadAllAccessors: .hierarchicalModalModel4

===========================================================================================
----------------- testing Wed Apr 10 03:59:48 UTC 2019 /home/travis/build/icyphy/ptII/ptolemy/domains/continuous/test/auto/junk.xml
----------------- Instantiating /home/travis/build/icyphy/ptII/ptolemy/domains/continuous/test/auto/junk.xml
144 ms. Memory: 324096K Free: 200521K (62%)
----------------- Invoking toplevel() on ptolemy.moml.MoMLSimpleApplication@4aa43713
----------------- Done invoking toplevel() on ptolemy.moml.MoMLSimpleApplication@4aa43713
reloadAllAccessors: .junk
AutoTests.java: About to close Vertx.
AutoTests.java: Vertx closed.
]]></system-out>
  <system-err><![CDATA[Warning: '.HysteresisWithRandomDelay.NonStrictTest3' The test produced only 22 tokens, yet the correctValues parameter was expecting 30 tokens.
Warning: '.IncreasingRatePoisson.NonStrictTest' The test produced only 371 tokens, yet the correctValues parameter was expecting 402 tokens.
Warning: '.Poisson.NonStrictTest' The test produced only 395 tokens, yet the correctValues parameter was expecting 430 tokens.
]]></system-err>
</testsuite>
