<?xml version="1.0" encoding="UTF-8" ?>
<testsuite errors="0" failures="0" hostname="travis-job-567e1d99-070b-44f6-a740-07e49dcf982a" name="ptolemy.domains.sdf.test.junit.JUnitTclTest" skipped="0" tests="66" time="19.892" timestamp="2019-03-02T03:46:14">
  <properties>
[...]
</properties>
  <testcase classname="ptolemy.util.test.junit.TclTests" name="[0] /home/travis/build/icyphy/ptII/ptolemy/domains/sdf/test/SDFSchedulerErrors.tcl (RunTclFile)" time="0.593" />
  <testcase classname="ptolemy.util.test.junit.TclTests" name="[1] /home/travis/build/icyphy/ptII/ptolemy/domains/sdf/test/composition.tcl (RunTclFile)" time="0.126" />
  <testcase classname="ptolemy.util.test.junit.TclTests" name="[2] /home/travis/build/icyphy/ptII/ptolemy/domains/sdf/test/cycle.tcl (RunTclFile)" time="0.035" />
  <testcase classname="ptolemy.util.test.junit.AutoKnownFailedTests" name="[0] ThereAreNoKnowFailedTests (RunModel)" time="0.0" />
  <testcase classname="ptolemy.util.test.junit.AutoNameArchTests" name="[0] ThereAreNoAutoArchTests (RunModel)" time="0.0" />
  <testcase classname="ptolemy.util.test.junit.AutoTests" name="[0] /home/travis/build/icyphy/ptII/ptolemy/domains/sdf/test/auto/Array.xml (RunModel)" time="0.131" />
  <testcase classname="ptolemy.util.test.junit.AutoTests" name="[1] /home/travis/build/icyphy/ptII/ptolemy/domains/sdf/test/auto/Butterfly.xml (RunModel)" time="0.075" />
  <testcase classname="ptolemy.util.test.junit.AutoTests" name="[2] /home/travis/build/icyphy/ptII/ptolemy/domains/sdf/test/auto/Expression.xml (RunModel)" time="0.098" />
  <testcase classname="ptolemy.util.test.junit.AutoTests" name="[3] /home/travis/build/icyphy/ptII/ptolemy/domains/sdf/test/auto/Eye.xml (RunModel)" time="0.415" />
  <testcase classname="ptolemy.util.test.junit.AutoTests" name="[4] /home/travis/build/icyphy/ptII/ptolemy/domains/sdf/test/auto/FixFIR.xml (RunModel)" time="0.35" />
  <testcase classname="ptolemy.util.test.junit.AutoTests" name="[5] /home/travis/build/icyphy/ptII/ptolemy/domains/sdf/test/auto/FixPoint.xml (RunModel)" time="0.041" />
  <testcase classname="ptolemy.util.test.junit.AutoTests" name="[6] /home/travis/build/icyphy/ptII/ptolemy/domains/sdf/test/auto/Gravitation.xml (RunModel)" time="3.264" />
  <testcase classname="ptolemy.util.test.junit.AutoTests" name="[7] /home/travis/build/icyphy/ptII/ptolemy/domains/sdf/test/auto/GravitationWithCollisionDetection.xml (RunModel)" time="6.322" />
  <testcase classname="ptolemy.util.test.junit.AutoTests" name="[8] /home/travis/build/icyphy/ptII/ptolemy/domains/sdf/test/auto/HDF.xml (RunModel)" time="0.139" />
  <testcase classname="ptolemy.util.test.junit.AutoTests" name="[9] /home/travis/build/icyphy/ptII/ptolemy/domains/sdf/test/auto/HDFwithTransientStates.xml (RunModel)" time="0.098" />
  <testcase classname="ptolemy.util.test.junit.AutoTests" name="[10] /home/travis/build/icyphy/ptII/ptolemy/domains/sdf/test/auto/HTVQ.xml (RunModel)" time="0.891" />
  <testcase classname="ptolemy.util.test.junit.AutoTests" name="[11] /home/travis/build/icyphy/ptII/ptolemy/domains/sdf/test/auto/InferInitProduction.xml (RunModel)" time="0.025" />
  <testcase classname="ptolemy.util.test.junit.AutoTests" name="[12] /home/travis/build/icyphy/ptII/ptolemy/domains/sdf/test/auto/InferInitProductionDeeper.xml (RunModel)" time="0.033" />
  <testcase classname="ptolemy.util.test.junit.AutoTests" name="[13] /home/travis/build/icyphy/ptII/ptolemy/domains/sdf/test/auto/LMSAdaptive.xml (RunModel)" time="0.083" />
  <testcase classname="ptolemy.util.test.junit.AutoTests" name="[14] /home/travis/build/icyphy/ptII/ptolemy/domains/sdf/test/auto/LogisticMap.xml (RunModel)" time="0.488" />
  <testcase classname="ptolemy.util.test.junit.AutoTests" name="[15] /home/travis/build/icyphy/ptII/ptolemy/domains/sdf/test/auto/MaximumEntropySpectrum.xml (RunModel)" time="0.253" />
  <testcase classname="ptolemy.util.test.junit.AutoTests" name="[16] /home/travis/build/icyphy/ptII/ptolemy/domains/sdf/test/auto/MultirateSDF.xml (RunModel)" time="0.07" />
  <testcase classname="ptolemy.util.test.junit.AutoTests" name="[17] /home/travis/build/icyphy/ptII/ptolemy/domains/sdf/test/auto/MultirateSDFwithTransientStates.xml (RunModel)" time="0.082" />
  <testcase classname="ptolemy.util.test.junit.AutoTests" name="[18] /home/travis/build/icyphy/ptII/ptolemy/domains/sdf/test/auto/NoisySinewave.xml (RunModel)" time="0.068" />
  <testcase classname="ptolemy.util.test.junit.AutoTests" name="[19] /home/travis/build/icyphy/ptII/ptolemy/domains/sdf/test/auto/Objects.xml (RunModel)" time="0.063" />
  <testcase classname="ptolemy.util.test.junit.AutoTests" name="[20] /home/travis/build/icyphy/ptII/ptolemy/domains/sdf/test/auto/OrthogonalCom.xml (RunModel)" time="0.056" />
  <testcase classname="ptolemy.util.test.junit.AutoTests" name="[21] /home/travis/build/icyphy/ptII/ptolemy/domains/sdf/test/auto/RijndaelEncryption.xml (RunModel)" time="0.585" />
  <testcase classname="ptolemy.util.test.junit.AutoTests" name="[22] /home/travis/build/icyphy/ptII/ptolemy/domains/sdf/test/auto/SDFEmptyIterations.xml (RunModel)" time="0.021" />
  <testcase classname="ptolemy.util.test.junit.AutoTests" name="[23] /home/travis/build/icyphy/ptII/ptolemy/domains/sdf/test/auto/Spectrum.xml (RunModel)" time="0.083" />
  <testcase classname="ptolemy.util.test.junit.AutoTests" name="[24] /home/travis/build/icyphy/ptII/ptolemy/domains/sdf/test/auto/de_inside_sdf.xml (RunModel)" time="0.027" />
  <testcase classname="ptolemy.util.test.junit.AutoTests" name="[25] /home/travis/build/icyphy/ptII/ptolemy/domains/sdf/test/auto/disconnectedHierarchicalSDF.xml (RunModel)" time="0.027" />
  <testcase classname="ptolemy.util.test.junit.AutoTests" name="[26] /home/travis/build/icyphy/ptII/ptolemy/domains/sdf/test/auto/disconnectedSDF.xml (RunModel)" time="0.015" />
  <testcase classname="ptolemy.util.test.junit.AutoTests" name="[27] /home/travis/build/icyphy/ptII/ptolemy/domains/sdf/test/auto/emptyRefinement.xml (RunModel)" time="0.012" />
  <testcase classname="ptolemy.util.test.junit.AutoTests" name="[28] /home/travis/build/icyphy/ptII/ptolemy/domains/sdf/test/auto/filePortParameter.xml (RunModel)" time="0.053" />
  <testcase classname="ptolemy.util.test.junit.AutoTests" name="[29] /home/travis/build/icyphy/ptII/ptolemy/domains/sdf/test/auto/inferRelationWidth1.xml (RunModel)" time="0.017" />
  <testcase classname="ptolemy.util.test.junit.AutoTests" name="[30] /home/travis/build/icyphy/ptII/ptolemy/domains/sdf/test/auto/initProductionInference.xml (RunModel)" time="0.025" />
  <testcase classname="ptolemy.util.test.junit.AutoTests" name="[31] /home/travis/build/icyphy/ptII/ptolemy/domains/sdf/test/auto/relationGroup.xml (RunModel)" time="0.014" />
  <testcase classname="ptolemy.util.test.junit.AutoTests" name="[32] /home/travis/build/icyphy/ptII/ptolemy/domains/sdf/test/auto/relationGroup10.xml (RunModel)" time="0.019" />
  <testcase classname="ptolemy.util.test.junit.AutoTests" name="[33] /home/travis/build/icyphy/ptII/ptolemy/domains/sdf/test/auto/relationGroup11.xml (RunModel)" time="0.019" />
  <testcase classname="ptolemy.util.test.junit.AutoTests" name="[34] /home/travis/build/icyphy/ptII/ptolemy/domains/sdf/test/auto/relationGroup12.xml (RunModel)" time="0.018" />
  <testcase classname="ptolemy.util.test.junit.AutoTests" name="[35] /home/travis/build/icyphy/ptII/ptolemy/domains/sdf/test/auto/relationGroup13.xml (RunModel)" time="0.024" />
  <testcase classname="ptolemy.util.test.junit.AutoTests" name="[36] /home/travis/build/icyphy/ptII/ptolemy/domains/sdf/test/auto/relationGroup14.xml (RunModel)" time="0.02" />
  <testcase classname="ptolemy.util.test.junit.AutoTests" name="[37] /home/travis/build/icyphy/ptII/ptolemy/domains/sdf/test/auto/relationGroup15.xml (RunModel)" time="0.014" />
  <testcase classname="ptolemy.util.test.junit.AutoTests" name="[38] /home/travis/build/icyphy/ptII/ptolemy/domains/sdf/test/auto/relationGroup2.xml (RunModel)" time="0.012" />
  <testcase classname="ptolemy.util.test.junit.AutoTests" name="[39] /home/travis/build/icyphy/ptII/ptolemy/domains/sdf/test/auto/relationGroup3.xml (RunModel)" time="0.016" />
  <testcase classname="ptolemy.util.test.junit.AutoTests" name="[40] /home/travis/build/icyphy/ptII/ptolemy/domains/sdf/test/auto/relationGroup4.xml (RunModel)" time="0.027" />
  <testcase classname="ptolemy.util.test.junit.AutoTests" name="[41] /home/travis/build/icyphy/ptII/ptolemy/domains/sdf/test/auto/relationGroup5.xml (RunModel)" time="0.021" />
  <testcase classname="ptolemy.util.test.junit.AutoTests" name="[42] /home/travis/build/icyphy/ptII/ptolemy/domains/sdf/test/auto/relationGroup6.xml (RunModel)" time="0.023" />
  <testcase classname="ptolemy.util.test.junit.AutoTests" name="[43] /home/travis/build/icyphy/ptII/ptolemy/domains/sdf/test/auto/relationGroup7.xml (RunModel)" time="0.014" />
  <testcase classname="ptolemy.util.test.junit.AutoTests" name="[44] /home/travis/build/icyphy/ptII/ptolemy/domains/sdf/test/auto/relationGroup8.xml (RunModel)" time="0.016" />
  <testcase classname="ptolemy.util.test.junit.AutoTests" name="[45] /home/travis/build/icyphy/ptII/ptolemy/domains/sdf/test/auto/relationGroup9.xml (RunModel)" time="0.023" />
  <testcase classname="ptolemy.util.test.junit.AutoTests" name="[46] /home/travis/build/icyphy/ptII/ptolemy/domains/sdf/test/auto/sdf_inside_de.xml (RunModel)" time="0.05" />
  <testcase classname="ptolemy.util.test.junit.AutoTests" name="[47] /home/travis/build/icyphy/ptII/ptolemy/domains/sdf/test/auto/sdf_inside_pn.xml (RunModel)" time="0.068" />
  <testcase classname="ptolemy.util.test.junit.AutoTests" name="[48] /home/travis/build/icyphy/ptII/ptolemy/domains/sdf/test/auto/sdf_sdf1.xml (RunModel)" time="0.019" />
  <testcase classname="ptolemy.util.test.junit.AutoTests" name="[49] /home/travis/build/icyphy/ptII/ptolemy/domains/sdf/test/auto/test1.xml (RunModel)" time="0.016" />
  <testcase classname="ptolemy.util.test.junit.AutoTests" name="[50] /home/travis/build/icyphy/ptII/ptolemy/domains/sdf/test/auto/time1.xml (RunModel)" time="0.009" />
  <testcase classname="ptolemy.util.test.junit.AutoTests" name="[51] /home/travis/build/icyphy/ptII/ptolemy/domains/sdf/test/auto/time2.xml (RunModel)" time="0.01" />
  <testcase classname="ptolemy.util.test.junit.AutoTests" name="[52] /home/travis/build/icyphy/ptII/ptolemy/domains/sdf/test/auto/time3.xml (RunModel)" time="0.02" />
  <testcase classname="ptolemy.util.test.junit.AutoTests" name="[53] /home/travis/build/icyphy/ptII/ptolemy/domains/sdf/test/auto/time4.xml (RunModel)" time="0.018" />
  <testcase classname="ptolemy.util.test.junit.AutoTests" name="[54] /home/travis/build/icyphy/ptII/ptolemy/domains/sdf/test/auto/time5.xml (RunModel)" time="4.017" />
  <testcase classname="ptolemy.util.test.junit.AutoTests" name="[55] /home/travis/build/icyphy/ptII/ptolemy/domains/sdf/test/auto/typeSystem_Const_Integer_smallest_Type.xml (RunModel)" time="0.032" />
  <testcase classname="ptolemy.util.test.junit.AutoTests" name="[56] /home/travis/build/icyphy/ptII/ptolemy/domains/sdf/test/auto/typeSystem_declared_Inports_OutportTypeException.xml (RunModel)" time="0.026" />
  <testcase classname="ptolemy.util.test.junit.AutoTests" name="[57] /home/travis/build/icyphy/ptII/ptolemy/domains/sdf/test/auto/typeSystem_oneDeclaredInportType_wrongTypeOutport.xml (RunModel)" time="0.016" />
  <testcase classname="ptolemy.util.test.junit.AutoTests" name="[58] /home/travis/build/icyphy/ptII/ptolemy/domains/sdf/test/auto/width.xml (RunModel)" time="0.009" />
  <testcase classname="ptolemy.util.test.junit.AutoTests" name="[59] /home/travis/build/icyphy/ptII/ptolemy/domains/sdf/test/auto/width2.xml (RunModel)" time="0.04" />
  <testcase classname="ptolemy.util.test.junit.AutoTests" name="[60] /home/travis/build/icyphy/ptII/ptolemy/domains/sdf/test/auto/width3.xml (RunModel)" time="0.036" />
  <system-out><![CDATA[/home/travis/build/icyphy/ptII/ptolemy/domains/sdf/test/SDFSchedulerErrors.tcl
testDefs.tcl: setting time out to 9000 seconds at Sat Mar 02 03:46:14 UTC 2019
27 ms. Memory: 116224K Free: 108801K (94%)
5 ms. Memory: 116224K Free: 101839K (88%)
4 ms. Memory: 116224K Free: 95482K (82%)
2 ms. Memory: 116224K Free: 92410K (80%)
/home/travis/build/icyphy/ptII/ptolemy/domains/sdf/test/composition.tcl
24 ms. Memory: 116224K Free: 88812K (76%)
5 ms. Memory: 116224K Free: 87016K (75%)
/home/travis/build/icyphy/ptII/ptolemy/domains/sdf/test/cycle.tcl
.Toplevel.Director Preinitializing ...
Invoking preinitialize():  .Toplevel.Actor1
Invoking preinitialize():  .Toplevel.Actor2
Invoking preinitialize():  .Toplevel.Delay
.Toplevel.Director Finished preinitialize().
### Schedule:
Execute Schedule{
Fire Actor ptolemy.domains.sdf.kernel.test.SDFTestDelay {.Toplevel.Actor1}
Fire Actor ptolemy.domains.sdf.kernel.test.SDFTestDelay {.Toplevel.Actor2}
Fire Actor ptolemy.domains.sdf.lib.SampleDelay {.Toplevel.Delay}
}
### End schedule
Called initialize().
Invoking initialize():  .Toplevel.Actor1
Initializing actor: .Toplevel.Actor1.
Invoking initialize():  .Toplevel.Actor2
Initializing actor: .Toplevel.Actor2.
Invoking initialize():  .Toplevel.Delay
Initializing actor: .Toplevel.Delay.
Director: Called prefire().
-- Setting current time to 0.0
Director prefire returns true.
The actor .Toplevel.Actor1 will be iterated.
The actor .Toplevel.Actor1 was iterated.
The actor .Toplevel.Actor2 will be iterated.
The actor .Toplevel.Actor2 was iterated.
The actor .Toplevel.Delay will be iterated.
The actor .Toplevel.Delay was iterated.
Director: Called postfire().
Postfire returns: true
Director: Called prefire().
-- Setting current time to 0.0
Director prefire returns true.
The actor .Toplevel.Actor1 will be iterated.
The actor .Toplevel.Actor1 was iterated.
The actor .Toplevel.Actor2 will be iterated.
The actor .Toplevel.Actor2 was iterated.
The actor .Toplevel.Delay will be iterated.
The actor .Toplevel.Delay was iterated.
Director: Called postfire().
Postfire returns: true
Director: Called prefire().
-- Setting current time to 0.0
Director prefire returns true.
The actor .Toplevel.Actor1 will be iterated.
The actor .Toplevel.Actor1 was iterated.
The actor .Toplevel.Actor2 will be iterated.
The actor .Toplevel.Actor2 was iterated.
The actor .Toplevel.Delay will be iterated.
The actor .Toplevel.Delay was iterated.
Director: Called postfire().
Postfire returns: true
Director: Called prefire().
-- Setting current time to 0.0
Director prefire returns true.
The actor .Toplevel.Actor1 will be iterated.
The actor .Toplevel.Actor1 was iterated.
The actor .Toplevel.Actor2 will be iterated.
The actor .Toplevel.Actor2 was iterated.
The actor .Toplevel.Delay will be iterated.
The actor .Toplevel.Delay was iterated.
Director: Called postfire().
Postfire returns: true
Director: Called prefire().
-- Setting current time to 0.0
Director prefire returns true.
The actor .Toplevel.Actor1 will be iterated.
The actor .Toplevel.Actor1 was iterated.
The actor .Toplevel.Actor2 will be iterated.
The actor .Toplevel.Actor2 was iterated.
The actor .Toplevel.Delay will be iterated.
The actor .Toplevel.Delay was iterated.
Director: Called postfire().
Postfire returns: true
Director: Called prefire().
-- Setting current time to 0.0
Director prefire returns true.
The actor .Toplevel.Actor1 will be iterated.
The actor .Toplevel.Actor1 was iterated.
The actor .Toplevel.Actor2 will be iterated.
The actor .Toplevel.Actor2 was iterated.
The actor .Toplevel.Delay will be iterated.
The actor .Toplevel.Delay was iterated.
Reached specified number of iterations: 6
Director: Called wrapup().
6 ms. Memory: 116224K Free: 84615K (73%)
03/02/19 03:46:15
Failed: 0  Total Tests: 8  ((Passed: 8, Newly Passed: 0)  Known Failed: 0) /home/travis/build/icyphy/ptII/ptolemy/domains/sdf/test
No auto/knownFailedTests/*.xml tests in /home/travis/build/icyphy/ptII/ptolemy/domains/sdf/test
No auto/linux-amd64/*.xml tests in /home/travis/build/icyphy/ptII/ptolemy/domains/sdf/test
AutoTests.java: About to close Vertx.
AutoTests.java: Vertx closed.

===========================================================================================
----------------- testing Sat Mar 02 03:46:15 UTC 2019 /home/travis/build/icyphy/ptII/ptolemy/domains/sdf/test/auto/Array.xml
----------------- Instantiating /home/travis/build/icyphy/ptII/ptolemy/domains/sdf/test/auto/Array.xml
26 ms. Memory: 146944K Free: 109169K (74%)
----------------- Invoking toplevel() on ptolemy.moml.MoMLSimpleApplication@65fb81e4
----------------- Done invoking toplevel() on ptolemy.moml.MoMLSimpleApplication@65fb81e4
reloadAllAccessors: .Array

===========================================================================================
----------------- testing Sat Mar 02 03:46:15 UTC 2019 /home/travis/build/icyphy/ptII/ptolemy/domains/sdf/test/auto/Butterfly.xml
----------------- Instantiating /home/travis/build/icyphy/ptII/ptolemy/domains/sdf/test/auto/Butterfly.xml
52 ms. Memory: 146944K Free: 102952K (70%)
----------------- Invoking toplevel() on ptolemy.moml.MoMLSimpleApplication@8ba4600
----------------- Done invoking toplevel() on ptolemy.moml.MoMLSimpleApplication@8ba4600
reloadAllAccessors: .Butterfly

===========================================================================================
----------------- testing Sat Mar 02 03:46:15 UTC 2019 /home/travis/build/icyphy/ptII/ptolemy/domains/sdf/test/auto/Expression.xml
----------------- Instantiating /home/travis/build/icyphy/ptII/ptolemy/domains/sdf/test/auto/Expression.xml
60 ms. Memory: 146944K Free: 97390K (66%)
----------------- Invoking toplevel() on ptolemy.moml.MoMLSimpleApplication@635a0c6e
----------------- Done invoking toplevel() on ptolemy.moml.MoMLSimpleApplication@635a0c6e
reloadAllAccessors: .Expression

===========================================================================================
----------------- testing Sat Mar 02 03:46:15 UTC 2019 /home/travis/build/icyphy/ptII/ptolemy/domains/sdf/test/auto/Eye.xml
----------------- Instantiating /home/travis/build/icyphy/ptII/ptolemy/domains/sdf/test/auto/Eye.xml
273 ms. Memory: 146944K Free: 128999K (88%)
----------------- Invoking toplevel() on ptolemy.moml.MoMLSimpleApplication@359d1a03
----------------- Done invoking toplevel() on ptolemy.moml.MoMLSimpleApplication@359d1a03
reloadAllAccessors: .Eye

===========================================================================================
----------------- testing Sat Mar 02 03:46:16 UTC 2019 /home/travis/build/icyphy/ptII/ptolemy/domains/sdf/test/auto/FixFIR.xml
----------------- Instantiating /home/travis/build/icyphy/ptII/ptolemy/domains/sdf/test/auto/FixFIR.xml
158 ms. Memory: 146944K Free: 91154K (62%)
----------------- Invoking toplevel() on ptolemy.moml.MoMLSimpleApplication@45b16383
----------------- Done invoking toplevel() on ptolemy.moml.MoMLSimpleApplication@45b16383
reloadAllAccessors: .FixFIR

===========================================================================================
----------------- testing Sat Mar 02 03:46:16 UTC 2019 /home/travis/build/icyphy/ptII/ptolemy/domains/sdf/test/auto/FixPoint.xml
----------------- Instantiating /home/travis/build/icyphy/ptII/ptolemy/domains/sdf/test/auto/FixPoint.xml
12 ms. Memory: 146944K Free: 86600K (59%)
----------------- Invoking toplevel() on ptolemy.moml.MoMLSimpleApplication@54ed5cb9
----------------- Done invoking toplevel() on ptolemy.moml.MoMLSimpleApplication@54ed5cb9
reloadAllAccessors: .FixPoint

===========================================================================================
----------------- testing Sat Mar 02 03:46:16 UTC 2019 /home/travis/build/icyphy/ptII/ptolemy/domains/sdf/test/auto/Gravitation.xml
----------------- Instantiating /home/travis/build/icyphy/ptII/ptolemy/domains/sdf/test/auto/Gravitation.xml
3170 ms. Memory: 208384K Free: 116681K (56%)
----------------- Invoking toplevel() on ptolemy.moml.MoMLSimpleApplication@108c49ec
----------------- Done invoking toplevel() on ptolemy.moml.MoMLSimpleApplication@108c49ec
reloadAllAccessors: .Gravitation

===========================================================================================
----------------- testing Sat Mar 02 03:46:19 UTC 2019 /home/travis/build/icyphy/ptII/ptolemy/domains/sdf/test/auto/GravitationWithCollisionDetection.xml
----------------- Instantiating /home/travis/build/icyphy/ptII/ptolemy/domains/sdf/test/auto/GravitationWithCollisionDetection.xml
6111 ms. Memory: 872448K Free: 326104K (37%)
----------------- Invoking toplevel() on ptolemy.moml.MoMLSimpleApplication@35d7b75
----------------- Done invoking toplevel() on ptolemy.moml.MoMLSimpleApplication@35d7b75
reloadAllAccessors: .GravitationWithCollisionDetection

===========================================================================================
----------------- testing Sat Mar 02 03:46:26 UTC 2019 /home/travis/build/icyphy/ptII/ptolemy/domains/sdf/test/auto/HDF.xml
----------------- Instantiating /home/travis/build/icyphy/ptII/ptolemy/domains/sdf/test/auto/HDF.xml
47 ms. Memory: 872448K Free: 294214K (34%)
----------------- Invoking toplevel() on ptolemy.moml.MoMLSimpleApplication@42f3a41e
----------------- Done invoking toplevel() on ptolemy.moml.MoMLSimpleApplication@42f3a41e
reloadAllAccessors: .HDF

===========================================================================================
----------------- testing Sat Mar 02 03:46:26 UTC 2019 /home/travis/build/icyphy/ptII/ptolemy/domains/sdf/test/auto/HDFwithTransientStates.xml
----------------- Instantiating /home/travis/build/icyphy/ptII/ptolemy/domains/sdf/test/auto/HDFwithTransientStates.xml
32 ms. Memory: 872448K Free: 270667K (31%)
----------------- Invoking toplevel() on ptolemy.moml.MoMLSimpleApplication@64eb86af
----------------- Done invoking toplevel() on ptolemy.moml.MoMLSimpleApplication@64eb86af
reloadAllAccessors: .HDFwithTransientStates

===========================================================================================
----------------- testing Sat Mar 02 03:46:26 UTC 2019 /home/travis/build/icyphy/ptII/ptolemy/domains/sdf/test/auto/HTVQ.xml
----------------- Instantiating /home/travis/build/icyphy/ptII/ptolemy/domains/sdf/test/auto/HTVQ.xml
853 ms. Memory: 872448K Free: 98085K (11%)
----------------- Invoking toplevel() on ptolemy.moml.MoMLSimpleApplication@99809df
----------------- Done invoking toplevel() on ptolemy.moml.MoMLSimpleApplication@99809df
reloadAllAccessors: .HTVQ

===========================================================================================
----------------- testing Sat Mar 02 03:46:27 UTC 2019 /home/travis/build/icyphy/ptII/ptolemy/domains/sdf/test/auto/InferInitProduction.xml
----------------- Instantiating /home/travis/build/icyphy/ptII/ptolemy/domains/sdf/test/auto/InferInitProduction.xml
4 ms. Memory: 872448K Free: 82398K (9%)
----------------- Invoking toplevel() on ptolemy.moml.MoMLSimpleApplication@3ca11294
----------------- Done invoking toplevel() on ptolemy.moml.MoMLSimpleApplication@3ca11294
reloadAllAccessors: .InferInitProduction

===========================================================================================
----------------- testing Sat Mar 02 03:46:27 UTC 2019 /home/travis/build/icyphy/ptII/ptolemy/domains/sdf/test/auto/InferInitProductionDeeper.xml
----------------- Instantiating /home/travis/build/icyphy/ptII/ptolemy/domains/sdf/test/auto/InferInitProductionDeeper.xml
9 ms. Memory: 872960K Free: 858030K (98%)
----------------- Invoking toplevel() on ptolemy.moml.MoMLSimpleApplication@22a1e2b1
----------------- Done invoking toplevel() on ptolemy.moml.MoMLSimpleApplication@22a1e2b1
reloadAllAccessors: .InferInitProductionDeeper

===========================================================================================
----------------- testing Sat Mar 02 03:46:27 UTC 2019 /home/travis/build/icyphy/ptII/ptolemy/domains/sdf/test/auto/LMSAdaptive.xml
----------------- Instantiating /home/travis/build/icyphy/ptII/ptolemy/domains/sdf/test/auto/LMSAdaptive.xml
9 ms. Memory: 872960K Free: 835245K (96%)
----------------- Invoking toplevel() on ptolemy.moml.MoMLSimpleApplication@33859be9
----------------- Done invoking toplevel() on ptolemy.moml.MoMLSimpleApplication@33859be9
reloadAllAccessors: .LMSAdaptive

===========================================================================================
----------------- testing Sat Mar 02 03:46:27 UTC 2019 /home/travis/build/icyphy/ptII/ptolemy/domains/sdf/test/auto/LogisticMap.xml
----------------- Instantiating /home/travis/build/icyphy/ptII/ptolemy/domains/sdf/test/auto/LogisticMap.xml
467 ms. Memory: 872960K Free: 824787K (94%)
----------------- Invoking toplevel() on ptolemy.moml.MoMLSimpleApplication@3249dcc8
----------------- Done invoking toplevel() on ptolemy.moml.MoMLSimpleApplication@3249dcc8
reloadAllAccessors: .LogisticMap

===========================================================================================
----------------- testing Sat Mar 02 03:46:28 UTC 2019 /home/travis/build/icyphy/ptII/ptolemy/domains/sdf/test/auto/MaximumEntropySpectrum.xml
----------------- Instantiating /home/travis/build/icyphy/ptII/ptolemy/domains/sdf/test/auto/MaximumEntropySpectrum.xml
59 ms. Memory: 872960K Free: 756726K (87%)
----------------- Invoking toplevel() on ptolemy.moml.MoMLSimpleApplication@7005ed9e
----------------- Done invoking toplevel() on ptolemy.moml.MoMLSimpleApplication@7005ed9e
reloadAllAccessors: .MaximumEntropySpectrum

===========================================================================================
----------------- testing Sat Mar 02 03:46:28 UTC 2019 /home/travis/build/icyphy/ptII/ptolemy/domains/sdf/test/auto/MultirateSDF.xml
----------------- Instantiating /home/travis/build/icyphy/ptII/ptolemy/domains/sdf/test/auto/MultirateSDF.xml
21 ms. Memory: 872960K Free: 735785K (84%)
----------------- Invoking toplevel() on ptolemy.moml.MoMLSimpleApplication@1f1167ab
----------------- Done invoking toplevel() on ptolemy.moml.MoMLSimpleApplication@1f1167ab
reloadAllAccessors: .MultirateSDF

===========================================================================================
----------------- testing Sat Mar 02 03:46:28 UTC 2019 /home/travis/build/icyphy/ptII/ptolemy/domains/sdf/test/auto/MultirateSDFwithTransientStates.xml
----------------- Instantiating /home/travis/build/icyphy/ptII/ptolemy/domains/sdf/test/auto/MultirateSDFwithTransientStates.xml
19 ms. Memory: 872960K Free: 709591K (81%)
----------------- Invoking toplevel() on ptolemy.moml.MoMLSimpleApplication@6c8df4cf
----------------- Done invoking toplevel() on ptolemy.moml.MoMLSimpleApplication@6c8df4cf
reloadAllAccessors: .MultirateSDFwithTransientStates

===========================================================================================
----------------- testing Sat Mar 02 03:46:28 UTC 2019 /home/travis/build/icyphy/ptII/ptolemy/domains/sdf/test/auto/NoisySinewave.xml
----------------- Instantiating /home/travis/build/icyphy/ptII/ptolemy/domains/sdf/test/auto/NoisySinewave.xml
13 ms. Memory: 872960K Free: 688673K (79%)
----------------- Invoking toplevel() on ptolemy.moml.MoMLSimpleApplication@376d620a
----------------- Done invoking toplevel() on ptolemy.moml.MoMLSimpleApplication@376d620a
reloadAllAccessors: .NoisySinewave

===========================================================================================
----------------- testing Sat Mar 02 03:46:28 UTC 2019 /home/travis/build/icyphy/ptII/ptolemy/domains/sdf/test/auto/Objects.xml
----------------- Instantiating /home/travis/build/icyphy/ptII/ptolemy/domains/sdf/test/auto/Objects.xml
3 ms. Memory: 872960K Free: 672970K (77%)
----------------- Invoking toplevel() on ptolemy.moml.MoMLSimpleApplication@6f7dad08
----------------- Done invoking toplevel() on ptolemy.moml.MoMLSimpleApplication@6f7dad08
reloadAllAccessors: .Objects

===========================================================================================
----------------- testing Sat Mar 02 03:46:28 UTC 2019 /home/travis/build/icyphy/ptII/ptolemy/domains/sdf/test/auto/OrthogonalCom.xml
----------------- Instantiating /home/travis/build/icyphy/ptII/ptolemy/domains/sdf/test/auto/OrthogonalCom.xml
8 ms. Memory: 872960K Free: 657274K (75%)
----------------- Invoking toplevel() on ptolemy.moml.MoMLSimpleApplication@2032c0bf
----------------- Done invoking toplevel() on ptolemy.moml.MoMLSimpleApplication@2032c0bf
reloadAllAccessors: .OrthogonalCom

===========================================================================================
----------------- testing Sat Mar 02 03:46:28 UTC 2019 /home/travis/build/icyphy/ptII/ptolemy/domains/sdf/test/auto/RijndaelEncryption.xml
----------------- Instantiating /home/travis/build/icyphy/ptII/ptolemy/domains/sdf/test/auto/RijndaelEncryption.xml
307 ms. Memory: 872960K Free: 500163K (57%)
----------------- Invoking toplevel() on ptolemy.moml.MoMLSimpleApplication@609f9e7d
----------------- Done invoking toplevel() on ptolemy.moml.MoMLSimpleApplication@609f9e7d
reloadAllAccessors: .RijndaelEncryption

===========================================================================================
----------------- testing Sat Mar 02 03:46:29 UTC 2019 /home/travis/build/icyphy/ptII/ptolemy/domains/sdf/test/auto/SDFEmptyIterations.xml
----------------- Instantiating /home/travis/build/icyphy/ptII/ptolemy/domains/sdf/test/auto/SDFEmptyIterations.xml
5 ms. Memory: 872960K Free: 486780K (56%)
----------------- Invoking toplevel() on ptolemy.moml.MoMLSimpleApplication@926e717
----------------- Done invoking toplevel() on ptolemy.moml.MoMLSimpleApplication@926e717
reloadAllAccessors: .SDFEmptyIterations

===========================================================================================
----------------- testing Sat Mar 02 03:46:29 UTC 2019 /home/travis/build/icyphy/ptII/ptolemy/domains/sdf/test/auto/Spectrum.xml
----------------- Instantiating /home/travis/build/icyphy/ptII/ptolemy/domains/sdf/test/auto/Spectrum.xml
41 ms. Memory: 872960K Free: 465847K (53%)
----------------- Invoking toplevel() on ptolemy.moml.MoMLSimpleApplication@13fd0fe2
----------------- Done invoking toplevel() on ptolemy.moml.MoMLSimpleApplication@13fd0fe2
reloadAllAccessors: .Spectrum

===========================================================================================
----------------- testing Sat Mar 02 03:46:29 UTC 2019 /home/travis/build/icyphy/ptII/ptolemy/domains/sdf/test/auto/de_inside_sdf.xml
----------------- Instantiating /home/travis/build/icyphy/ptII/ptolemy/domains/sdf/test/auto/de_inside_sdf.xml
13 ms. Memory: 872960K Free: 455388K (52%)
----------------- Invoking toplevel() on ptolemy.moml.MoMLSimpleApplication@2d5e53be
----------------- Done invoking toplevel() on ptolemy.moml.MoMLSimpleApplication@2d5e53be
reloadAllAccessors: .de_inside_sdf

===========================================================================================
----------------- testing Sat Mar 02 03:46:29 UTC 2019 /home/travis/build/icyphy/ptII/ptolemy/domains/sdf/test/auto/disconnectedHierarchicalSDF.xml
----------------- Instantiating /home/travis/build/icyphy/ptII/ptolemy/domains/sdf/test/auto/disconnectedHierarchicalSDF.xml
5 ms. Memory: 872960K Free: 444930K (51%)
----------------- Invoking toplevel() on ptolemy.moml.MoMLSimpleApplication@6abf44f7
----------------- Done invoking toplevel() on ptolemy.moml.MoMLSimpleApplication@6abf44f7
reloadAllAccessors: .disconnectedHierarchicalSDF

===========================================================================================
----------------- testing Sat Mar 02 03:46:29 UTC 2019 /home/travis/build/icyphy/ptII/ptolemy/domains/sdf/test/auto/disconnectedSDF.xml
----------------- Instantiating /home/travis/build/icyphy/ptII/ptolemy/domains/sdf/test/auto/disconnectedSDF.xml
4 ms. Memory: 872960K Free: 434471K (50%)
----------------- Invoking toplevel() on ptolemy.moml.MoMLSimpleApplication@7eb6e335
----------------- Done invoking toplevel() on ptolemy.moml.MoMLSimpleApplication@7eb6e335
reloadAllAccessors: .disconnectedSDF

===========================================================================================
----------------- testing Sat Mar 02 03:46:29 UTC 2019 /home/travis/build/icyphy/ptII/ptolemy/domains/sdf/test/auto/emptyRefinement.xml
----------------- Instantiating /home/travis/build/icyphy/ptII/ptolemy/domains/sdf/test/auto/emptyRefinement.xml
2 ms. Memory: 872960K Free: 424013K (49%)
----------------- Invoking toplevel() on ptolemy.moml.MoMLSimpleApplication@1f3cf31f
----------------- Done invoking toplevel() on ptolemy.moml.MoMLSimpleApplication@1f3cf31f
reloadAllAccessors: .emptyRefinement

===========================================================================================
----------------- testing Sat Mar 02 03:46:29 UTC 2019 /home/travis/build/icyphy/ptII/ptolemy/domains/sdf/test/auto/filePortParameter.xml
----------------- Instantiating /home/travis/build/icyphy/ptII/ptolemy/domains/sdf/test/auto/filePortParameter.xml
18 ms. Memory: 872960K Free: 408317K (47%)
----------------- Invoking toplevel() on ptolemy.moml.MoMLSimpleApplication@7e7eaf0
----------------- Done invoking toplevel() on ptolemy.moml.MoMLSimpleApplication@7e7eaf0
reloadAllAccessors: .filePortParameter

===========================================================================================
----------------- testing Sat Mar 02 03:46:29 UTC 2019 /home/travis/build/icyphy/ptII/ptolemy/domains/sdf/test/auto/inferRelationWidth1.xml
----------------- Instantiating /home/travis/build/icyphy/ptII/ptolemy/domains/sdf/test/auto/inferRelationWidth1.xml
4 ms. Memory: 872960K Free: 397859K (46%)
----------------- Invoking toplevel() on ptolemy.moml.MoMLSimpleApplication@67d0f83b
----------------- Done invoking toplevel() on ptolemy.moml.MoMLSimpleApplication@67d0f83b
reloadAllAccessors: .inferRelationWidth1

===========================================================================================
----------------- testing Sat Mar 02 03:46:29 UTC 2019 /home/travis/build/icyphy/ptII/ptolemy/domains/sdf/test/auto/initProductionInference.xml
----------------- Instantiating /home/travis/build/icyphy/ptII/ptolemy/domains/sdf/test/auto/initProductionInference.xml
8 ms. Memory: 872960K Free: 384475K (44%)
----------------- Invoking toplevel() on ptolemy.moml.MoMLSimpleApplication@7ebdd411
----------------- Done invoking toplevel() on ptolemy.moml.MoMLSimpleApplication@7ebdd411
reloadAllAccessors: .initProductionInference

===========================================================================================
----------------- testing Sat Mar 02 03:46:29 UTC 2019 /home/travis/build/icyphy/ptII/ptolemy/domains/sdf/test/auto/relationGroup.xml
----------------- Instantiating /home/travis/build/icyphy/ptII/ptolemy/domains/sdf/test/auto/relationGroup.xml
2 ms. Memory: 872960K Free: 374016K (43%)
----------------- Invoking toplevel() on ptolemy.moml.MoMLSimpleApplication@3cffeff8
----------------- Done invoking toplevel() on ptolemy.moml.MoMLSimpleApplication@3cffeff8
reloadAllAccessors: .relationGroup

===========================================================================================
----------------- testing Sat Mar 02 03:46:29 UTC 2019 /home/travis/build/icyphy/ptII/ptolemy/domains/sdf/test/auto/relationGroup10.xml
----------------- Instantiating /home/travis/build/icyphy/ptII/ptolemy/domains/sdf/test/auto/relationGroup10.xml
2 ms. Memory: 872960K Free: 363558K (42%)
----------------- Invoking toplevel() on ptolemy.moml.MoMLSimpleApplication@3814021f
----------------- Done invoking toplevel() on ptolemy.moml.MoMLSimpleApplication@3814021f
reloadAllAccessors: .relationGroup10

===========================================================================================
----------------- testing Sat Mar 02 03:46:29 UTC 2019 /home/travis/build/icyphy/ptII/ptolemy/domains/sdf/test/auto/relationGroup11.xml
----------------- Instantiating /home/travis/build/icyphy/ptII/ptolemy/domains/sdf/test/auto/relationGroup11.xml
3 ms. Memory: 872960K Free: 353099K (40%)
----------------- Invoking toplevel() on ptolemy.moml.MoMLSimpleApplication@11be1a41
----------------- Done invoking toplevel() on ptolemy.moml.MoMLSimpleApplication@11be1a41
reloadAllAccessors: .relationGroup11

===========================================================================================
----------------- testing Sat Mar 02 03:46:29 UTC 2019 /home/travis/build/icyphy/ptII/ptolemy/domains/sdf/test/auto/relationGroup12.xml
----------------- Instantiating /home/travis/build/icyphy/ptII/ptolemy/domains/sdf/test/auto/relationGroup12.xml
2 ms. Memory: 872960K Free: 342641K (39%)
----------------- Invoking toplevel() on ptolemy.moml.MoMLSimpleApplication@cfe4e42
----------------- Done invoking toplevel() on ptolemy.moml.MoMLSimpleApplication@cfe4e42
reloadAllAccessors: .relationGroup12

===========================================================================================
----------------- testing Sat Mar 02 03:46:29 UTC 2019 /home/travis/build/icyphy/ptII/ptolemy/domains/sdf/test/auto/relationGroup13.xml
----------------- Instantiating /home/travis/build/icyphy/ptII/ptolemy/domains/sdf/test/auto/relationGroup13.xml
6 ms. Memory: 872960K Free: 332182K (38%)
----------------- Invoking toplevel() on ptolemy.moml.MoMLSimpleApplication@4e6546f3
----------------- Done invoking toplevel() on ptolemy.moml.MoMLSimpleApplication@4e6546f3
reloadAllAccessors: .relationGroup13

===========================================================================================
----------------- testing Sat Mar 02 03:46:29 UTC 2019 /home/travis/build/icyphy/ptII/ptolemy/domains/sdf/test/auto/relationGroup14.xml
----------------- Instantiating /home/travis/build/icyphy/ptII/ptolemy/domains/sdf/test/auto/relationGroup14.xml
6 ms. Memory: 872960K Free: 321724K (37%)
----------------- Invoking toplevel() on ptolemy.moml.MoMLSimpleApplication@5d0f14dd
----------------- Done invoking toplevel() on ptolemy.moml.MoMLSimpleApplication@5d0f14dd
reloadAllAccessors: .relationGroup14

===========================================================================================
----------------- testing Sat Mar 02 03:46:29 UTC 2019 /home/travis/build/icyphy/ptII/ptolemy/domains/sdf/test/auto/relationGroup15.xml
----------------- Instantiating /home/travis/build/icyphy/ptII/ptolemy/domains/sdf/test/auto/relationGroup15.xml
2 ms. Memory: 872960K Free: 311266K (36%)
----------------- Invoking toplevel() on ptolemy.moml.MoMLSimpleApplication@2d299c49
----------------- Done invoking toplevel() on ptolemy.moml.MoMLSimpleApplication@2d299c49
reloadAllAccessors: .relationGroup15

===========================================================================================
----------------- testing Sat Mar 02 03:46:29 UTC 2019 /home/travis/build/icyphy/ptII/ptolemy/domains/sdf/test/auto/relationGroup2.xml
----------------- Instantiating /home/travis/build/icyphy/ptII/ptolemy/domains/sdf/test/auto/relationGroup2.xml
3 ms. Memory: 872960K Free: 300807K (34%)
----------------- Invoking toplevel() on ptolemy.moml.MoMLSimpleApplication@1221ea03
----------------- Done invoking toplevel() on ptolemy.moml.MoMLSimpleApplication@1221ea03
reloadAllAccessors: .relationGroup2

===========================================================================================
----------------- testing Sat Mar 02 03:46:29 UTC 2019 /home/travis/build/icyphy/ptII/ptolemy/domains/sdf/test/auto/relationGroup3.xml
----------------- Instantiating /home/travis/build/icyphy/ptII/ptolemy/domains/sdf/test/auto/relationGroup3.xml
2 ms. Memory: 872960K Free: 287423K (33%)
----------------- Invoking toplevel() on ptolemy.moml.MoMLSimpleApplication@713d49e
----------------- Done invoking toplevel() on ptolemy.moml.MoMLSimpleApplication@713d49e
reloadAllAccessors: .relationGroup3

===========================================================================================
----------------- testing Sat Mar 02 03:46:29 UTC 2019 /home/travis/build/icyphy/ptII/ptolemy/domains/sdf/test/auto/relationGroup4.xml
----------------- Instantiating /home/travis/build/icyphy/ptII/ptolemy/domains/sdf/test/auto/relationGroup4.xml
4 ms. Memory: 872960K Free: 276965K (32%)
----------------- Invoking toplevel() on ptolemy.moml.MoMLSimpleApplication@5a9cbe8e
----------------- Done invoking toplevel() on ptolemy.moml.MoMLSimpleApplication@5a9cbe8e
reloadAllAccessors: .relationGroup4

===========================================================================================
----------------- testing Sat Mar 02 03:46:29 UTC 2019 /home/travis/build/icyphy/ptII/ptolemy/domains/sdf/test/auto/relationGroup5.xml
----------------- Instantiating /home/travis/build/icyphy/ptII/ptolemy/domains/sdf/test/auto/relationGroup5.xml
10 ms. Memory: 872960K Free: 266506K (31%)
----------------- Invoking toplevel() on ptolemy.moml.MoMLSimpleApplication@263a9133
----------------- Done invoking toplevel() on ptolemy.moml.MoMLSimpleApplication@263a9133
reloadAllAccessors: .relationGroup5

===========================================================================================
----------------- testing Sat Mar 02 03:46:29 UTC 2019 /home/travis/build/icyphy/ptII/ptolemy/domains/sdf/test/auto/relationGroup6.xml
----------------- Instantiating /home/travis/build/icyphy/ptII/ptolemy/domains/sdf/test/auto/relationGroup6.xml
4 ms. Memory: 872960K Free: 256048K (29%)
----------------- Invoking toplevel() on ptolemy.moml.MoMLSimpleApplication@1086fd83
----------------- Done invoking toplevel() on ptolemy.moml.MoMLSimpleApplication@1086fd83
reloadAllAccessors: .relationGroup6

===========================================================================================
----------------- testing Sat Mar 02 03:46:29 UTC 2019 /home/travis/build/icyphy/ptII/ptolemy/domains/sdf/test/auto/relationGroup7.xml
----------------- Instantiating /home/travis/build/icyphy/ptII/ptolemy/domains/sdf/test/auto/relationGroup7.xml
2 ms. Memory: 872960K Free: 245589K (28%)
----------------- Invoking toplevel() on ptolemy.moml.MoMLSimpleApplication@5bf50e0f
----------------- Done invoking toplevel() on ptolemy.moml.MoMLSimpleApplication@5bf50e0f
reloadAllAccessors: .relationGroup7

===========================================================================================
----------------- testing Sat Mar 02 03:46:29 UTC 2019 /home/travis/build/icyphy/ptII/ptolemy/domains/sdf/test/auto/relationGroup8.xml
----------------- Instantiating /home/travis/build/icyphy/ptII/ptolemy/domains/sdf/test/auto/relationGroup8.xml
1 ms. Memory: 872960K Free: 235131K (27%)
----------------- Invoking toplevel() on ptolemy.moml.MoMLSimpleApplication@794c950a
----------------- Done invoking toplevel() on ptolemy.moml.MoMLSimpleApplication@794c950a
reloadAllAccessors: .relationGroup8

===========================================================================================
----------------- testing Sat Mar 02 03:46:29 UTC 2019 /home/travis/build/icyphy/ptII/ptolemy/domains/sdf/test/auto/relationGroup9.xml
----------------- Instantiating /home/travis/build/icyphy/ptII/ptolemy/domains/sdf/test/auto/relationGroup9.xml
6 ms. Memory: 872960K Free: 224672K (26%)
----------------- Invoking toplevel() on ptolemy.moml.MoMLSimpleApplication@16ebcd40
----------------- Done invoking toplevel() on ptolemy.moml.MoMLSimpleApplication@16ebcd40
reloadAllAccessors: .relationGroup9

===========================================================================================
----------------- testing Sat Mar 02 03:46:29 UTC 2019 /home/travis/build/icyphy/ptII/ptolemy/domains/sdf/test/auto/sdf_inside_de.xml
----------------- Instantiating /home/travis/build/icyphy/ptII/ptolemy/domains/sdf/test/auto/sdf_inside_de.xml
17 ms. Memory: 872960K Free: 208977K (24%)
----------------- Invoking toplevel() on ptolemy.moml.MoMLSimpleApplication@681798ad
----------------- Done invoking toplevel() on ptolemy.moml.MoMLSimpleApplication@681798ad
reloadAllAccessors: .sdf_inside_de

===========================================================================================
----------------- testing Sat Mar 02 03:46:29 UTC 2019 /home/travis/build/icyphy/ptII/ptolemy/domains/sdf/test/auto/sdf_inside_pn.xml
----------------- Instantiating /home/travis/build/icyphy/ptII/ptolemy/domains/sdf/test/auto/sdf_inside_pn.xml
41 ms. Memory: 872960K Free: 169447K (19%)
----------------- Invoking toplevel() on ptolemy.moml.MoMLSimpleApplication@4d32b7d0
----------------- Done invoking toplevel() on ptolemy.moml.MoMLSimpleApplication@4d32b7d0
reloadAllAccessors: .sdf_inside_pn

===========================================================================================
----------------- testing Sat Mar 02 03:46:29 UTC 2019 /home/travis/build/icyphy/ptII/ptolemy/domains/sdf/test/auto/sdf_sdf1.xml
----------------- Instantiating /home/travis/build/icyphy/ptII/ptolemy/domains/sdf/test/auto/sdf_sdf1.xml
4 ms. Memory: 872960K Free: 158988K (18%)
----------------- Invoking toplevel() on ptolemy.moml.MoMLSimpleApplication@2e697fae
----------------- Done invoking toplevel() on ptolemy.moml.MoMLSimpleApplication@2e697fae
reloadAllAccessors: .sdf_sdf1

===========================================================================================
----------------- testing Sat Mar 02 03:46:29 UTC 2019 /home/travis/build/icyphy/ptII/ptolemy/domains/sdf/test/auto/test1.xml
----------------- Instantiating /home/travis/build/icyphy/ptII/ptolemy/domains/sdf/test/auto/test1.xml
2 ms. Memory: 872960K Free: 148530K (17%)
----------------- Invoking toplevel() on ptolemy.moml.MoMLSimpleApplication@19d2df3d
----------------- Done invoking toplevel() on ptolemy.moml.MoMLSimpleApplication@19d2df3d
reloadAllAccessors: .test1

===========================================================================================
----------------- testing Sat Mar 02 03:46:29 UTC 2019 /home/travis/build/icyphy/ptII/ptolemy/domains/sdf/test/auto/time1.xml
----------------- Instantiating /home/travis/build/icyphy/ptII/ptolemy/domains/sdf/test/auto/time1.xml
2 ms. Memory: 872960K Free: 138071K (16%)
----------------- Invoking toplevel() on ptolemy.moml.MoMLSimpleApplication@22760a97
----------------- Done invoking toplevel() on ptolemy.moml.MoMLSimpleApplication@22760a97
reloadAllAccessors: .time1

===========================================================================================
----------------- testing Sat Mar 02 03:46:29 UTC 2019 /home/travis/build/icyphy/ptII/ptolemy/domains/sdf/test/auto/time2.xml
----------------- Instantiating /home/travis/build/icyphy/ptII/ptolemy/domains/sdf/test/auto/time2.xml
3 ms. Memory: 872960K Free: 127613K (15%)
----------------- Invoking toplevel() on ptolemy.moml.MoMLSimpleApplication@9e70310
----------------- Done invoking toplevel() on ptolemy.moml.MoMLSimpleApplication@9e70310
reloadAllAccessors: .time2

===========================================================================================
----------------- testing Sat Mar 02 03:46:29 UTC 2019 /home/travis/build/icyphy/ptII/ptolemy/domains/sdf/test/auto/time3.xml
----------------- Instantiating /home/travis/build/icyphy/ptII/ptolemy/domains/sdf/test/auto/time3.xml
8 ms. Memory: 872960K Free: 117155K (13%)
----------------- Invoking toplevel() on ptolemy.moml.MoMLSimpleApplication@67950866
----------------- Done invoking toplevel() on ptolemy.moml.MoMLSimpleApplication@67950866
reloadAllAccessors: .time3

===========================================================================================
----------------- testing Sat Mar 02 03:46:30 UTC 2019 /home/travis/build/icyphy/ptII/ptolemy/domains/sdf/test/auto/time4.xml
----------------- Instantiating /home/travis/build/icyphy/ptII/ptolemy/domains/sdf/test/auto/time4.xml
5 ms. Memory: 872960K Free: 106696K (12%)
----------------- Invoking toplevel() on ptolemy.moml.MoMLSimpleApplication@f2c1f1
----------------- Done invoking toplevel() on ptolemy.moml.MoMLSimpleApplication@f2c1f1
reloadAllAccessors: .time4

===========================================================================================
----------------- testing Sat Mar 02 03:46:30 UTC 2019 /home/travis/build/icyphy/ptII/ptolemy/domains/sdf/test/auto/time5.xml
----------------- Instantiating /home/travis/build/icyphy/ptII/ptolemy/domains/sdf/test/auto/time5.xml
4011 ms. Memory: 872960K Free: 96238K (11%)
----------------- Invoking toplevel() on ptolemy.moml.MoMLSimpleApplication@19c6df2a
----------------- Done invoking toplevel() on ptolemy.moml.MoMLSimpleApplication@19c6df2a
reloadAllAccessors: .time5

===========================================================================================
----------------- testing Sat Mar 02 03:46:34 UTC 2019 /home/travis/build/icyphy/ptII/ptolemy/domains/sdf/test/auto/typeSystem_Const_Integer_smallest_Type.xml
----------------- Instantiating /home/travis/build/icyphy/ptII/ptolemy/domains/sdf/test/auto/typeSystem_Const_Integer_smallest_Type.xml
7 ms. Memory: 872960K Free: 82854K (9%)
----------------- Invoking toplevel() on ptolemy.moml.MoMLSimpleApplication@46d22e2d
----------------- Done invoking toplevel() on ptolemy.moml.MoMLSimpleApplication@46d22e2d
reloadAllAccessors: .typeSystem_Const_Integer_smallest_Type

===========================================================================================
----------------- testing Sat Mar 02 03:46:34 UTC 2019 /home/travis/build/icyphy/ptII/ptolemy/domains/sdf/test/auto/typeSystem_declared_Inports_OutportTypeException.xml
----------------- Instantiating /home/travis/build/icyphy/ptII/ptolemy/domains/sdf/test/auto/typeSystem_declared_Inports_OutportTypeException.xml
.typeSystem_declared_Inports_OutportTypeException.TestExceptionAttribute: initialize() was not invoked, but wrapup() was.  This is unusual, but not always a problem.  For example, exporting JNLP will do this.
12 ms. Memory: 829440K Free: 815010K (98%)
----------------- Invoking toplevel() on ptolemy.moml.MoMLSimpleApplication@3548aee2
----------------- Done invoking toplevel() on ptolemy.moml.MoMLSimpleApplication@3548aee2
reloadAllAccessors: .typeSystem_declared_Inports_OutportTypeException

===========================================================================================
----------------- testing Sat Mar 02 03:46:34 UTC 2019 /home/travis/build/icyphy/ptII/ptolemy/domains/sdf/test/auto/typeSystem_oneDeclaredInportType_wrongTypeOutport.xml
----------------- Instantiating /home/travis/build/icyphy/ptII/ptolemy/domains/sdf/test/auto/typeSystem_oneDeclaredInportType_wrongTypeOutport.xml
3 ms. Memory: 829440K Free: 800641K (97%)
----------------- Invoking toplevel() on ptolemy.moml.MoMLSimpleApplication@64906b74
----------------- Done invoking toplevel() on ptolemy.moml.MoMLSimpleApplication@64906b74
reloadAllAccessors: .typeSystem_oneDeclaredInportType_wrongTypeOutport

===========================================================================================
----------------- testing Sat Mar 02 03:46:34 UTC 2019 /home/travis/build/icyphy/ptII/ptolemy/domains/sdf/test/auto/width.xml
----------------- Instantiating /home/travis/build/icyphy/ptII/ptolemy/domains/sdf/test/auto/width.xml
2 ms. Memory: 829440K Free: 790681K (95%)
----------------- Invoking toplevel() on ptolemy.moml.MoMLSimpleApplication@5ee34669
----------------- Done invoking toplevel() on ptolemy.moml.MoMLSimpleApplication@5ee34669
reloadAllAccessors: .width

===========================================================================================
----------------- testing Sat Mar 02 03:46:34 UTC 2019 /home/travis/build/icyphy/ptII/ptolemy/domains/sdf/test/auto/width2.xml
----------------- Instantiating /home/travis/build/icyphy/ptII/ptolemy/domains/sdf/test/auto/width2.xml
31 ms. Memory: 829440K Free: 780721K (94%)
----------------- Invoking toplevel() on ptolemy.moml.MoMLSimpleApplication@74a650fb
----------------- Done invoking toplevel() on ptolemy.moml.MoMLSimpleApplication@74a650fb
reloadAllAccessors: .width2

===========================================================================================
----------------- testing Sat Mar 02 03:46:34 UTC 2019 /home/travis/build/icyphy/ptII/ptolemy/domains/sdf/test/auto/width3.xml
----------------- Instantiating /home/travis/build/icyphy/ptII/ptolemy/domains/sdf/test/auto/width3.xml
26 ms. Memory: 829440K Free: 770761K (93%)
----------------- Invoking toplevel() on ptolemy.moml.MoMLSimpleApplication@280d3200
----------------- Done invoking toplevel() on ptolemy.moml.MoMLSimpleApplication@280d3200
reloadAllAccessors: .width3
AutoTests.java: About to close Vertx.
AutoTests.java: Vertx closed.
]]></system-out>
  <system-err><![CDATA[java.lang.RuntimeException: Execution failed
	at ptolemy.moml.MoMLSimpleApplication$UnloadThread.run(MoMLSimpleApplication.java:402)
Caused by: ptolemy.actor.sched.NotSchedulableException: No solution exists for the balance equations.
Graph is not consistent under the SDF domain detected on external port .rateConsistency.actor.port2
  in .rateConsistency.SDF Director.Scheduler
	at ptolemy.domains.sdf.kernel.SDFScheduler._propagatePort(SDFScheduler.java:1425)
	at ptolemy.domains.sdf.kernel.SDFScheduler._solveBalanceEquations(SDFScheduler.java:710)
	at ptolemy.domains.sdf.kernel.SDFScheduler._getSchedule(SDFScheduler.java:566)
	at ptolemy.actor.sched.Scheduler.getSchedule(Scheduler.java:189)
	at ptolemy.domains.sdf.kernel.SDFDirector.createSchedule(SDFDirector.java:408)
	at ptolemy.domains.sdf.kernel.SDFDirector.preinitialize(SDFDirector.java:764)
	at ptolemy.actor.CompositeActor.preinitialize(CompositeActor.java:1828)
	at ptolemy.actor.Manager.preinitializeAndResolveTypes(Manager.java:1040)
	at ptolemy.actor.Manager.initialize(Manager.java:710)
	at ptolemy.actor.Manager.execute(Manager.java:356)
	at ptolemy.actor.Manager.run(Manager.java:1263)
	at ptolemy.actor.Manager$PtolemyRunThread.run(Manager.java:1915)
java.lang.RuntimeException: Execution failed
	at ptolemy.moml.MoMLSimpleApplication$UnloadThread.run(MoMLSimpleApplication.java:402)
Caused by: ptolemy.kernel.util.IllegalActionException: Failed to compute schedule:
  in .badRateChanges.typed composite actor.SDF Director
Because:
The SDF rate parameter may change. This is not allowed in SDF models that will be run through the code generator.  If you don't care about code generation, then you might consider setting the allowRateChanges parameter of the SDF director to false.
  in .badRateChanges.typed composite actor.Repeat.output.tokenProductionRate
	at ptolemy.domains.sdf.kernel.SDFDirector.createSchedule(SDFDirector.java:418)
	at ptolemy.domains.sdf.kernel.SDFDirector.preinitialize(SDFDirector.java:764)
	at ptolemy.actor.CompositeActor.preinitialize(CompositeActor.java:1828)
	at ptolemy.actor.Director.preinitialize(Director.java:1302)
	at ptolemy.actor.Director.preinitialize(Director.java:1257)
	at ptolemy.domains.sdf.kernel.SDFDirector.preinitialize(SDFDirector.java:763)
	at ptolemy.actor.CompositeActor.preinitialize(CompositeActor.java:1828)
	at ptolemy.actor.Manager.preinitializeAndResolveTypes(Manager.java:1040)
	at ptolemy.actor.Manager.initialize(Manager.java:710)
	at ptolemy.actor.Manager.execute(Manager.java:356)
	at ptolemy.actor.Manager.run(Manager.java:1263)
	at ptolemy.actor.Manager$PtolemyRunThread.run(Manager.java:1915)
Caused by: ptolemy.kernel.util.IllegalActionException: The SDF rate parameter may change. This is not allowed in SDF models that will be run through the code generator.  If you don't care about code generation, then you might consider setting the allowRateChanges parameter of the SDF director to false.
  in .badRateChanges.typed composite actor.Repeat.output.tokenProductionRate
	at ptolemy.domains.sdf.kernel.SDFScheduler._assertDynamicRateVariable(SDFScheduler.java:931)
	at ptolemy.domains.sdf.kernel.SDFScheduler._checkDynamicRateVariables(SDFScheduler.java:339)
	at ptolemy.domains.sdf.kernel.SDFScheduler._getSchedule(SDFScheduler.java:527)
	at ptolemy.actor.sched.Scheduler.getSchedule(Scheduler.java:189)
	at ptolemy.domains.sdf.kernel.SDFDirector.createSchedule(SDFDirector.java:408)
	... 11 more
java.lang.RuntimeException: Execution failed
	at ptolemy.moml.MoMLSimpleApplication$UnloadThread.run(MoMLSimpleApplication.java:402)
Caused by: ptolemy.kernel.util.IllegalActionException: Failed to compute schedule:
  in .badRateChanges2.typed composite actor.SDF Director
Because:
The SDF rate parameter may change. This is not allowed in SDF models that will be run through the code generator.  If you don't care about code generation, then you might consider setting the allowRateChanges parameter of the SDF director to false.
  in .badRateChanges2.typed composite actor.Repeat.output.tokenProductionRate
	at ptolemy.domains.sdf.kernel.SDFDirector.createSchedule(SDFDirector.java:418)
	at ptolemy.domains.sdf.kernel.SDFDirector.preinitialize(SDFDirector.java:764)
	at ptolemy.actor.CompositeActor.preinitialize(CompositeActor.java:1828)
	at ptolemy.actor.Director.preinitialize(Director.java:1302)
	at ptolemy.actor.Director.preinitialize(Director.java:1257)
	at ptolemy.domains.sdf.kernel.SDFDirector.preinitialize(SDFDirector.java:763)
	at ptolemy.actor.CompositeActor.preinitialize(CompositeActor.java:1828)
	at ptolemy.actor.Manager.preinitializeAndResolveTypes(Manager.java:1040)
	at ptolemy.actor.Manager.initialize(Manager.java:710)
	at ptolemy.actor.Manager.execute(Manager.java:356)
	at ptolemy.actor.Manager.run(Manager.java:1263)
	at ptolemy.actor.Manager$PtolemyRunThread.run(Manager.java:1915)
Caused by: ptolemy.kernel.util.IllegalActionException: The SDF rate parameter may change. This is not allowed in SDF models that will be run through the code generator.  If you don't care about code generation, then you might consider setting the allowRateChanges parameter of the SDF director to false.
  in .badRateChanges2.typed composite actor.Repeat.output.tokenProductionRate
	at ptolemy.domains.sdf.kernel.SDFScheduler._assertDynamicRateVariable(SDFScheduler.java:931)
	at ptolemy.domains.sdf.kernel.SDFScheduler._checkDynamicRateVariables(SDFScheduler.java:339)
	at ptolemy.domains.sdf.kernel.SDFScheduler._getSchedule(SDFScheduler.java:527)
	at ptolemy.actor.sched.Scheduler.getSchedule(Scheduler.java:189)
	at ptolemy.domains.sdf.kernel.SDFDirector.createSchedule(SDFDirector.java:408)
	... 11 more
java.lang.RuntimeException: Execution failed
	at ptolemy.moml.MoMLSimpleApplication$UnloadThread.run(MoMLSimpleApplication.java:402)
Caused by: ptolemy.actor.sched.NotSchedulableException: Actors remain that cannot be scheduled!

There are several possible reasons:
* SDF Graphs with feedback loops should have an actor with a delay in the loop, such as a SampleDelay.
* The SDF director has an "allowDisconnectedGraphs"parameter, which, when true, permits disconnected SDF graphs.
* The token consumption rate and production rates might be mismatched.
Usually, actors produce one token or consume one token on a port.  To produce or consume multiple tokens per firing, add a "tokenConsumptionRate" or "tokenProductionRate" parameter to the appropriate port.
Unscheduled actors:
.partiallyConnected.Const2 
Scheduled actors:
.partiallyConnected.Const 
  in .partiallyConnected.SDF Director.Scheduler
	at ptolemy.domains.sdf.kernel.SDFScheduler._scheduleConnectedActors(SDFScheduler.java:1828)
	at ptolemy.domains.sdf.kernel.SDFScheduler._getSchedule(SDFScheduler.java:587)
	at ptolemy.actor.sched.Scheduler.getSchedule(Scheduler.java:189)
	at ptolemy.domains.sdf.kernel.SDFDirector.createSchedule(SDFDirector.java:408)
	at ptolemy.domains.sdf.kernel.SDFDirector.preinitialize(SDFDirector.java:764)
	at ptolemy.actor.CompositeActor.preinitialize(CompositeActor.java:1828)
	at ptolemy.actor.Manager.preinitializeAndResolveTypes(Manager.java:1040)
	at ptolemy.actor.Manager.initialize(Manager.java:710)
	at ptolemy.actor.Manager.execute(Manager.java:356)
	at ptolemy.actor.Manager.run(Manager.java:1263)
	at ptolemy.actor.Manager$PtolemyRunThread.run(Manager.java:1915)
]]></system-err>
</testsuite>
