<?xml version="1.0" encoding="UTF-8" ?>
<testsuite errors="0" failures="0" hostname="travis-job-38ea5fe3-ff45-42c9-9055-c869d02ab988" name="ptolemy.domains.sdf.lib.test.junit.JUnitTclTest" skipped="0" tests="82" time="9.925" timestamp="2019-08-26T06:23:23">
  <properties>
[...]
</properties>
  <testcase classname="ptolemy.util.test.junit.TclTests" name="[0] /home/travis/build/icyphy/ptII/ptolemy/domains/sdf/lib/test/ArrayToSequence.tcl (RunTclFile)" time="0.633" />
  <testcase classname="ptolemy.util.test.junit.TclTests" name="[1] /home/travis/build/icyphy/ptII/ptolemy/domains/sdf/lib/test/BitsToInt.tcl (RunTclFile)" time="0.054" />
  <testcase classname="ptolemy.util.test.junit.TclTests" name="[2] /home/travis/build/icyphy/ptII/ptolemy/domains/sdf/lib/test/DelayLine.tcl (RunTclFile)" time="0.053" />
  <testcase classname="ptolemy.util.test.junit.TclTests" name="[3] /home/travis/build/icyphy/ptII/ptolemy/domains/sdf/lib/test/FFT.tcl (RunTclFile)" time="0.051" />
  <testcase classname="ptolemy.util.test.junit.TclTests" name="[4] /home/travis/build/icyphy/ptII/ptolemy/domains/sdf/lib/test/FIR.tcl (RunTclFile)" time="0.208" />
  <testcase classname="ptolemy.util.test.junit.TclTests" name="[5] /home/travis/build/icyphy/ptII/ptolemy/domains/sdf/lib/test/IntToBits.tcl (RunTclFile)" time="0.052" />
  <testcase classname="ptolemy.util.test.junit.TclTests" name="[6] /home/travis/build/icyphy/ptII/ptolemy/domains/sdf/lib/test/MaximumEntropySpectrum.tcl (RunTclFile)" time="0.32" />
  <testcase classname="ptolemy.util.test.junit.TclTests" name="[7] /home/travis/build/icyphy/ptII/ptolemy/domains/sdf/lib/test/Repeat.tcl (RunTclFile)" time="0.058" />
  <testcase classname="ptolemy.util.test.junit.TclTests" name="[8] /home/travis/build/icyphy/ptII/ptolemy/domains/sdf/lib/test/SampleDelay.tcl (RunTclFile)" time="0.103" />
  <testcase classname="ptolemy.util.test.junit.TclTests" name="[9] /home/travis/build/icyphy/ptII/ptolemy/domains/sdf/lib/test/SequenceToArray.tcl (RunTclFile)" time="0.081" />
  <testcase classname="ptolemy.util.test.junit.AutoKnownFailedTests" name="[0] ThereAreNoKnowFailedTests (RunModel)" time="0.002" />
  <testcase classname="ptolemy.util.test.junit.AutoNameArchTests" name="[0] ThereAreNoAutoArchTests (RunModel)" time="0.005" />
  <testcase classname="ptolemy.util.test.junit.AutoTests" name="[0] /home/travis/build/icyphy/ptII/ptolemy/domains/sdf/lib/test/auto/ArrayToSequence.xml (RunModel)" time="0.294" />
  <testcase classname="ptolemy.util.test.junit.AutoTests" name="[1] /home/travis/build/icyphy/ptII/ptolemy/domains/sdf/lib/test/auto/ArrayToSequenceTest.xml (RunModel)" time="0.089" />
  <testcase classname="ptolemy.util.test.junit.AutoTests" name="[2] /home/travis/build/icyphy/ptII/ptolemy/domains/sdf/lib/test/auto/Autocorrelation.xml (RunModel)" time="0.057" />
  <testcase classname="ptolemy.util.test.junit.AutoTests" name="[3] /home/travis/build/icyphy/ptII/ptolemy/domains/sdf/lib/test/auto/Autocorrelation2.xml (RunModel)" time="0.054" />
  <testcase classname="ptolemy.util.test.junit.AutoTests" name="[4] /home/travis/build/icyphy/ptII/ptolemy/domains/sdf/lib/test/auto/Autocorrelation3.xml (RunModel)" time="0.048" />
  <testcase classname="ptolemy.util.test.junit.AutoTests" name="[5] /home/travis/build/icyphy/ptII/ptolemy/domains/sdf/lib/test/auto/Autocorrelation4.xml (RunModel)" time="0.048" />
  <testcase classname="ptolemy.util.test.junit.AutoTests" name="[6] /home/travis/build/icyphy/ptII/ptolemy/domains/sdf/lib/test/auto/Autocorrelation5.xml (RunModel)" time="0.099" />
  <testcase classname="ptolemy.util.test.junit.AutoTests" name="[7] /home/travis/build/icyphy/ptII/ptolemy/domains/sdf/lib/test/auto/BitsToInt.xml (RunModel)" time="0.015" />
  <testcase classname="ptolemy.util.test.junit.AutoTests" name="[8] /home/travis/build/icyphy/ptII/ptolemy/domains/sdf/lib/test/auto/BooleanJoin.xml (RunModel)" time="0.033" />
  <testcase classname="ptolemy.util.test.junit.AutoTests" name="[9] /home/travis/build/icyphy/ptII/ptolemy/domains/sdf/lib/test/auto/BootstrapSampleDelay.xml (RunModel)" time="0.052" />
  <testcase classname="ptolemy.util.test.junit.AutoTests" name="[10] /home/travis/build/icyphy/ptII/ptolemy/domains/sdf/lib/test/auto/Chop.xml (RunModel)" time="0.09" />
  <testcase classname="ptolemy.util.test.junit.AutoTests" name="[11] /home/travis/build/icyphy/ptII/ptolemy/domains/sdf/lib/test/auto/Chop2.xml (RunModel)" time="0.058" />
  <testcase classname="ptolemy.util.test.junit.AutoTests" name="[12] /home/travis/build/icyphy/ptII/ptolemy/domains/sdf/lib/test/auto/ComplexJoin.xml (RunModel)" time="0.042" />
  <testcase classname="ptolemy.util.test.junit.AutoTests" name="[13] /home/travis/build/icyphy/ptII/ptolemy/domains/sdf/lib/test/auto/CountTrues.xml (RunModel)" time="0.033" />
  <testcase classname="ptolemy.util.test.junit.AutoTests" name="[14] /home/travis/build/icyphy/ptII/ptolemy/domains/sdf/lib/test/auto/DelayLine.xml (RunModel)" time="0.028" />
  <testcase classname="ptolemy.util.test.junit.AutoTests" name="[15] /home/travis/build/icyphy/ptII/ptolemy/domains/sdf/lib/test/auto/DotProduct.xml (RunModel)" time="0.03" />
  <testcase classname="ptolemy.util.test.junit.AutoTests" name="[16] /home/travis/build/icyphy/ptII/ptolemy/domains/sdf/lib/test/auto/DotProductMatrix.xml (RunModel)" time="0.013" />
  <testcase classname="ptolemy.util.test.junit.AutoTests" name="[17] /home/travis/build/icyphy/ptII/ptolemy/domains/sdf/lib/test/auto/DownSample1.xml (RunModel)" time="0.021" />
  <testcase classname="ptolemy.util.test.junit.AutoTests" name="[18] /home/travis/build/icyphy/ptII/ptolemy/domains/sdf/lib/test/auto/DynamicRateChange.xml (RunModel)" time="0.045" />
  <testcase classname="ptolemy.util.test.junit.AutoTests" name="[19] /home/travis/build/icyphy/ptII/ptolemy/domains/sdf/lib/test/auto/DynamicRates.xml (RunModel)" time="0.044" />
  <testcase classname="ptolemy.util.test.junit.AutoTests" name="[20] /home/travis/build/icyphy/ptII/ptolemy/domains/sdf/lib/test/auto/FFT1.xml (RunModel)" time="0.038" />
  <testcase classname="ptolemy.util.test.junit.AutoTests" name="[21] /home/travis/build/icyphy/ptII/ptolemy/domains/sdf/lib/test/auto/FIR1.xml (RunModel)" time="0.068" />
  <testcase classname="ptolemy.util.test.junit.AutoTests" name="[22] /home/travis/build/icyphy/ptII/ptolemy/domains/sdf/lib/test/auto/FIR2.xml (RunModel)" time="0.021" />
  <testcase classname="ptolemy.util.test.junit.AutoTests" name="[23] /home/travis/build/icyphy/ptII/ptolemy/domains/sdf/lib/test/auto/FIR4.xml (RunModel)" time="0.049" />
  <testcase classname="ptolemy.util.test.junit.AutoTests" name="[24] /home/travis/build/icyphy/ptII/ptolemy/domains/sdf/lib/test/auto/FixJoin.xml (RunModel)" time="0.052" />
  <testcase classname="ptolemy.util.test.junit.AutoTests" name="[25] /home/travis/build/icyphy/ptII/ptolemy/domains/sdf/lib/test/auto/IntJoin1.xml (RunModel)" time="0.025" />
  <testcase classname="ptolemy.util.test.junit.AutoTests" name="[26] /home/travis/build/icyphy/ptII/ptolemy/domains/sdf/lib/test/auto/IntJoin2.xml (RunModel)" time="0.023" />
  <testcase classname="ptolemy.util.test.junit.AutoTests" name="[27] /home/travis/build/icyphy/ptII/ptolemy/domains/sdf/lib/test/auto/IntJoin3.xml (RunModel)" time="0.034" />
  <testcase classname="ptolemy.util.test.junit.AutoTests" name="[28] /home/travis/build/icyphy/ptII/ptolemy/domains/sdf/lib/test/auto/IntJoin4.xml (RunModel)" time="0.029" />
  <testcase classname="ptolemy.util.test.junit.AutoTests" name="[29] /home/travis/build/icyphy/ptII/ptolemy/domains/sdf/lib/test/auto/IntJoin5.xml (RunModel)" time="0.017" />
  <testcase classname="ptolemy.util.test.junit.AutoTests" name="[30] /home/travis/build/icyphy/ptII/ptolemy/domains/sdf/lib/test/auto/IntToBits.xml (RunModel)" time="0.026" />
  <testcase classname="ptolemy.util.test.junit.AutoTests" name="[31] /home/travis/build/icyphy/ptII/ptolemy/domains/sdf/lib/test/auto/LMSAdaptive.xml (RunModel)" time="0.06" />
  <testcase classname="ptolemy.util.test.junit.AutoTests" name="[32] /home/travis/build/icyphy/ptII/ptolemy/domains/sdf/lib/test/auto/LMSAdaptiveFIR.xml (RunModel)" time="0.439" />
  <testcase classname="ptolemy.util.test.junit.AutoTests" name="[33] /home/travis/build/icyphy/ptII/ptolemy/domains/sdf/lib/test/auto/LMSAdaptiveFIR2.xml (RunModel)" time="0.539" />
  <testcase classname="ptolemy.util.test.junit.AutoTests" name="[34] /home/travis/build/icyphy/ptII/ptolemy/domains/sdf/lib/test/auto/LongJoin.xml (RunModel)" time="0.037" />
  <testcase classname="ptolemy.util.test.junit.AutoTests" name="[35] /home/travis/build/icyphy/ptII/ptolemy/domains/sdf/lib/test/auto/Matrix1.xml (RunModel)" time="0.029" />
  <testcase classname="ptolemy.util.test.junit.AutoTests" name="[36] /home/travis/build/icyphy/ptII/ptolemy/domains/sdf/lib/test/auto/Matrix2.xml (RunModel)" time="0.038" />
  <testcase classname="ptolemy.util.test.junit.AutoTests" name="[37] /home/travis/build/icyphy/ptII/ptolemy/domains/sdf/lib/test/auto/MatrixJoin1.xml (RunModel)" time="0.024" />
  <testcase classname="ptolemy.util.test.junit.AutoTests" name="[38] /home/travis/build/icyphy/ptII/ptolemy/domains/sdf/lib/test/auto/MatrixJoin2.xml (RunModel)" time="0.02" />
  <testcase classname="ptolemy.util.test.junit.AutoTests" name="[39] /home/travis/build/icyphy/ptII/ptolemy/domains/sdf/lib/test/auto/MatrixJoin3.xml (RunModel)" time="0.02" />
  <testcase classname="ptolemy.util.test.junit.AutoTests" name="[40] /home/travis/build/icyphy/ptII/ptolemy/domains/sdf/lib/test/auto/MatrixJoin4.xml (RunModel)" time="0.016" />
  <testcase classname="ptolemy.util.test.junit.AutoTests" name="[41] /home/travis/build/icyphy/ptII/ptolemy/domains/sdf/lib/test/auto/MatrixJoin5.xml (RunModel)" time="0.017" />
  <testcase classname="ptolemy.util.test.junit.AutoTests" name="[42] /home/travis/build/icyphy/ptII/ptolemy/domains/sdf/lib/test/auto/MatrixSplit1.xml (RunModel)" time="0.028" />
  <testcase classname="ptolemy.util.test.junit.AutoTests" name="[43] /home/travis/build/icyphy/ptII/ptolemy/domains/sdf/lib/test/auto/MatrixSplit10.xml (RunModel)" time="0.025" />
  <testcase classname="ptolemy.util.test.junit.AutoTests" name="[44] /home/travis/build/icyphy/ptII/ptolemy/domains/sdf/lib/test/auto/MatrixSplit11.xml (RunModel)" time="0.015" />
  <testcase classname="ptolemy.util.test.junit.AutoTests" name="[45] /home/travis/build/icyphy/ptII/ptolemy/domains/sdf/lib/test/auto/MatrixSplit12.xml (RunModel)" time="0.016" />
  <testcase classname="ptolemy.util.test.junit.AutoTests" name="[46] /home/travis/build/icyphy/ptII/ptolemy/domains/sdf/lib/test/auto/MatrixSplit13.xml (RunModel)" time="0.031" />
  <testcase classname="ptolemy.util.test.junit.AutoTests" name="[47] /home/travis/build/icyphy/ptII/ptolemy/domains/sdf/lib/test/auto/MatrixSplit14.xml (RunModel)" time="0.017" />
  <testcase classname="ptolemy.util.test.junit.AutoTests" name="[48] /home/travis/build/icyphy/ptII/ptolemy/domains/sdf/lib/test/auto/MatrixSplit2.xml (RunModel)" time="0.013" />
  <testcase classname="ptolemy.util.test.junit.AutoTests" name="[49] /home/travis/build/icyphy/ptII/ptolemy/domains/sdf/lib/test/auto/MatrixSplit3.xml (RunModel)" time="0.017" />
  <testcase classname="ptolemy.util.test.junit.AutoTests" name="[50] /home/travis/build/icyphy/ptII/ptolemy/domains/sdf/lib/test/auto/MatrixSplit4.xml (RunModel)" time="0.016" />
  <testcase classname="ptolemy.util.test.junit.AutoTests" name="[51] /home/travis/build/icyphy/ptII/ptolemy/domains/sdf/lib/test/auto/MatrixSplit5.xml (RunModel)" time="0.035" />
  <testcase classname="ptolemy.util.test.junit.AutoTests" name="[52] /home/travis/build/icyphy/ptII/ptolemy/domains/sdf/lib/test/auto/MatrixSplit6.xml (RunModel)" time="0.026" />
  <testcase classname="ptolemy.util.test.junit.AutoTests" name="[53] /home/travis/build/icyphy/ptII/ptolemy/domains/sdf/lib/test/auto/MatrixSplit7.xml (RunModel)" time="0.018" />
  <testcase classname="ptolemy.util.test.junit.AutoTests" name="[54] /home/travis/build/icyphy/ptII/ptolemy/domains/sdf/lib/test/auto/MatrixSplit8.xml (RunModel)" time="0.019" />
  <testcase classname="ptolemy.util.test.junit.AutoTests" name="[55] /home/travis/build/icyphy/ptII/ptolemy/domains/sdf/lib/test/auto/MatrixSplit9.xml (RunModel)" time="0.03" />
  <testcase classname="ptolemy.util.test.junit.AutoTests" name="[56] /home/travis/build/icyphy/ptII/ptolemy/domains/sdf/lib/test/auto/MatrixToSequence.xml (RunModel)" time="0.043" />
  <testcase classname="ptolemy.util.test.junit.AutoTests" name="[57] /home/travis/build/icyphy/ptII/ptolemy/domains/sdf/lib/test/auto/MaximumEntropySpectrum.xml (RunModel)" time="0.101" />
  <testcase classname="ptolemy.util.test.junit.AutoTests" name="[58] /home/travis/build/icyphy/ptII/ptolemy/domains/sdf/lib/test/auto/SampleDelayConversion.xml (RunModel)" time="0.019" />
  <testcase classname="ptolemy.util.test.junit.AutoTests" name="[59] /home/travis/build/icyphy/ptII/ptolemy/domains/sdf/lib/test/auto/SequenceToArray.xml (RunModel)" time="0.04" />
  <testcase classname="ptolemy.util.test.junit.AutoTests" name="[60] /home/travis/build/icyphy/ptII/ptolemy/domains/sdf/lib/test/auto/SequenceToMatrix.xml (RunModel)" time="4.016" />
  <testcase classname="ptolemy.util.test.junit.AutoTests" name="[61] /home/travis/build/icyphy/ptII/ptolemy/domains/sdf/lib/test/auto/SmoothedPeriodogram.xml (RunModel)" time="0.051" />
  <testcase classname="ptolemy.util.test.junit.AutoTests" name="[62] /home/travis/build/icyphy/ptII/ptolemy/domains/sdf/lib/test/auto/UpDownSample1.xml (RunModel)" time="0.014" />
  <testcase classname="ptolemy.util.test.junit.AutoTests" name="[63] /home/travis/build/icyphy/ptII/ptolemy/domains/sdf/lib/test/auto/UpSample1.xml (RunModel)" time="0.011" />
  <testcase classname="ptolemy.util.test.junit.AutoTests" name="[64] /home/travis/build/icyphy/ptII/ptolemy/domains/sdf/lib/test/auto/VariableFIR.xml (RunModel)" time="0.018" />
  <testcase classname="ptolemy.util.test.junit.AutoTests" name="[65] /home/travis/build/icyphy/ptII/ptolemy/domains/sdf/lib/test/auto/VariableFIR2.xml (RunModel)" time="0.031" />
  <testcase classname="ptolemy.util.test.junit.AutoTests" name="[66] /home/travis/build/icyphy/ptII/ptolemy/domains/sdf/lib/test/auto/VariableLattice.xml (RunModel)" time="0.025" />
  <testcase classname="ptolemy.util.test.junit.AutoTests" name="[67] /home/travis/build/icyphy/ptII/ptolemy/domains/sdf/lib/test/auto/VariableLattice2.xml (RunModel)" time="0.021" />
  <testcase classname="ptolemy.util.test.junit.AutoTests" name="[68] /home/travis/build/icyphy/ptII/ptolemy/domains/sdf/lib/test/auto/VariableRecursiveLattice.xml (RunModel)" time="0.026" />
  <testcase classname="ptolemy.util.test.junit.AutoTests" name="[69] /home/travis/build/icyphy/ptII/ptolemy/domains/sdf/lib/test/auto/VariableRecursiveLattice2.xml (RunModel)" time="0.017" />
  <system-out><![CDATA[/home/travis/build/icyphy/ptII/ptolemy/domains/sdf/lib/test/ArrayToSequence.tcl
testDefs.tcl: setting time out to 9000 seconds at Mon Aug 26 06:23:24 UTC 2019
96 ms. Memory: 120832K Free: 87493K (72%)
25 ms. Memory: 120832K Free: 85445K (71%)
22 ms. Memory: 120832K Free: 83382K (69%)
11 ms. Memory: 120832K Free: 81863K (68%)
/home/travis/build/icyphy/ptII/ptolemy/domains/sdf/lib/test/BitsToInt.tcl
10 ms. Memory: 120832K Free: 80310K (66%)
17 ms. Memory: 120832K Free: 78262K (65%)
/home/travis/build/icyphy/ptII/ptolemy/domains/sdf/lib/test/DelayLine.tcl
14 ms. Memory: 120832K Free: 76743K (64%)
/home/travis/build/icyphy/ptII/ptolemy/domains/sdf/lib/test/FFT.tcl
12 ms. Memory: 120832K Free: 74695K (62%)
/home/travis/build/icyphy/ptII/ptolemy/domains/sdf/lib/test/FIR.tcl
13 ms. Memory: 120832K Free: 73150K (61%)
86 ms. Memory: 120832K Free: 69061K (57%)
ptolemy.kernel.util.IllegalActionException: multiplyReverse method not supported between ptolemy.data.FixToken 'fix(-0.0625,6,2)' and ptolemy.data.IntToken '1' because the types are incomparable.
  in .top.FIRclone
Because:
multiplyReverse method not supported between ptolemy.data.FixToken 'fix(-0.0625,6,2)' and ptolemy.data.IntToken '1' because the types are incomparable.
27 ms. Memory: 120832K Free: 66503K (55%)
/home/travis/build/icyphy/ptII/ptolemy/domains/sdf/lib/test/IntToBits.tcl
11 ms. Memory: 120832K Free: 64950K (54%)
6 ms. Memory: 120832K Free: 63431K (52%)
/home/travis/build/icyphy/ptII/ptolemy/domains/sdf/lib/test/MaximumEntropySpectrum.tcl
/home/travis/build/icyphy/ptII/ptolemy/domains/sdf/lib/test/Repeat.tcl
19 ms. Memory: 120832K Free: 103604K (86%)
/home/travis/build/icyphy/ptII/ptolemy/domains/sdf/lib/test/SampleDelay.tcl
13 ms. Memory: 120832K Free: 101556K (84%)
28 ms. Memory: 120832K Free: 106167K (88%)
6 ms. Memory: 120832K Free: 105425K (87%)
5 ms. Memory: 120832K Free: 104506K (86%)
3 ms. Memory: 120832K Free: 104117K (86%)
2 ms. Memory: 120832K Free: 103468K (86%)
/home/travis/build/icyphy/ptII/ptolemy/domains/sdf/lib/test/SequenceToArray.tcl
12 ms. Memory: 120832K Free: 101809K (84%)
11 ms. Memory: 120832K Free: 101047K (84%)
19 ms. Memory: 120832K Free: 99386K (82%)
14 ms. Memory: 120832K Free: 98346K (81%)
08/26/19 06:23:25
Failed: 0  Total Tests: 41  ((Passed: 41, Newly Passed: 0)  Known Failed: 0) /home/travis/build/icyphy/ptII/ptolemy/domains/sdf/lib/test
No auto/knownFailedTests/*.xml tests in /home/travis/build/icyphy/ptII/ptolemy/domains/sdf/lib/test
No auto/linux-amd64/*.xml tests in /home/travis/build/icyphy/ptII/ptolemy/domains/sdf/lib/test
AutoTests.java: About to close Vertx.
AutoTests.java: Vertx closed.

===========================================================================================
----------------- testing Mon Aug 26 06:23:26 UTC 2019 /home/travis/build/icyphy/ptII/ptolemy/domains/sdf/lib/test/auto/ArrayToSequence.xml
----------------- Instantiating /home/travis/build/icyphy/ptII/ptolemy/domains/sdf/lib/test/auto/ArrayToSequence.xml
39 ms. Memory: 120832K Free: 86025K (71%)
----------------- Invoking toplevel() on ptolemy.moml.MoMLSimpleApplication@5d9125b1
----------------- Done invoking toplevel() on ptolemy.moml.MoMLSimpleApplication@5d9125b1
reloadAllAccessors: .ArrayToSequence

===========================================================================================
----------------- testing Mon Aug 26 06:23:26 UTC 2019 /home/travis/build/icyphy/ptII/ptolemy/domains/sdf/lib/test/auto/ArrayToSequenceTest.xml
----------------- Instantiating /home/travis/build/icyphy/ptII/ptolemy/domains/sdf/lib/test/auto/ArrayToSequenceTest.xml
22 ms. Memory: 120832K Free: 80192K (66%)
----------------- Invoking toplevel() on ptolemy.moml.MoMLSimpleApplication@23bee950
----------------- Done invoking toplevel() on ptolemy.moml.MoMLSimpleApplication@23bee950
reloadAllAccessors: .ArrayToSequenceTest

===========================================================================================
----------------- testing Mon Aug 26 06:23:26 UTC 2019 /home/travis/build/icyphy/ptII/ptolemy/domains/sdf/lib/test/auto/Autocorrelation.xml
----------------- Instantiating /home/travis/build/icyphy/ptII/ptolemy/domains/sdf/lib/test/auto/Autocorrelation.xml
5 ms. Memory: 120832K Free: 75438K (62%)
----------------- Invoking toplevel() on ptolemy.moml.MoMLSimpleApplication@695d4102
----------------- Done invoking toplevel() on ptolemy.moml.MoMLSimpleApplication@695d4102
reloadAllAccessors: .Autocorrelation

===========================================================================================
----------------- testing Mon Aug 26 06:23:26 UTC 2019 /home/travis/build/icyphy/ptII/ptolemy/domains/sdf/lib/test/auto/Autocorrelation2.xml
----------------- Instantiating /home/travis/build/icyphy/ptII/ptolemy/domains/sdf/lib/test/auto/Autocorrelation2.xml
5 ms. Memory: 120832K Free: 103358K (86%)
----------------- Invoking toplevel() on ptolemy.moml.MoMLSimpleApplication@5b2cd40c
----------------- Done invoking toplevel() on ptolemy.moml.MoMLSimpleApplication@5b2cd40c
reloadAllAccessors: .Autocorrelation2

===========================================================================================
----------------- testing Mon Aug 26 06:23:26 UTC 2019 /home/travis/build/icyphy/ptII/ptolemy/domains/sdf/lib/test/auto/Autocorrelation3.xml
----------------- Instantiating /home/travis/build/icyphy/ptII/ptolemy/domains/sdf/lib/test/auto/Autocorrelation3.xml
4 ms. Memory: 120832K Free: 99219K (82%)
----------------- Invoking toplevel() on ptolemy.moml.MoMLSimpleApplication@3da9ffd2
----------------- Done invoking toplevel() on ptolemy.moml.MoMLSimpleApplication@3da9ffd2
reloadAllAccessors: .Autocorrelation3

===========================================================================================
----------------- testing Mon Aug 26 06:23:26 UTC 2019 /home/travis/build/icyphy/ptII/ptolemy/domains/sdf/lib/test/auto/Autocorrelation4.xml
----------------- Instantiating /home/travis/build/icyphy/ptII/ptolemy/domains/sdf/lib/test/auto/Autocorrelation4.xml
5 ms. Memory: 120832K Free: 95061K (79%)
----------------- Invoking toplevel() on ptolemy.moml.MoMLSimpleApplication@1c1f6b98
----------------- Done invoking toplevel() on ptolemy.moml.MoMLSimpleApplication@1c1f6b98
reloadAllAccessors: .Autocorrelation4

===========================================================================================
----------------- testing Mon Aug 26 06:23:26 UTC 2019 /home/travis/build/icyphy/ptII/ptolemy/domains/sdf/lib/test/auto/Autocorrelation5.xml
----------------- Instantiating /home/travis/build/icyphy/ptII/ptolemy/domains/sdf/lib/test/auto/Autocorrelation5.xml
52 ms. Memory: 120832K Free: 88279K (73%)
----------------- Invoking toplevel() on ptolemy.moml.MoMLSimpleApplication@2998b369
----------------- Done invoking toplevel() on ptolemy.moml.MoMLSimpleApplication@2998b369
reloadAllAccessors: .Autocorrelation5

===========================================================================================
----------------- testing Mon Aug 26 06:23:26 UTC 2019 /home/travis/build/icyphy/ptII/ptolemy/domains/sdf/lib/test/auto/BitsToInt.xml
----------------- Instantiating /home/travis/build/icyphy/ptII/ptolemy/domains/sdf/lib/test/auto/BitsToInt.xml
3 ms. Memory: 120832K Free: 84883K (70%)
----------------- Invoking toplevel() on ptolemy.moml.MoMLSimpleApplication@252ec7ba
----------------- Done invoking toplevel() on ptolemy.moml.MoMLSimpleApplication@252ec7ba
reloadAllAccessors: .BitsToInt

===========================================================================================
----------------- testing Mon Aug 26 06:23:26 UTC 2019 /home/travis/build/icyphy/ptII/ptolemy/domains/sdf/lib/test/auto/BooleanJoin.xml
----------------- Instantiating /home/travis/build/icyphy/ptII/ptolemy/domains/sdf/lib/test/auto/BooleanJoin.xml
11 ms. Memory: 120832K Free: 80741K (67%)
----------------- Invoking toplevel() on ptolemy.moml.MoMLSimpleApplication@67433efa
----------------- Done invoking toplevel() on ptolemy.moml.MoMLSimpleApplication@67433efa
reloadAllAccessors: .BooleanJoin

===========================================================================================
----------------- testing Mon Aug 26 06:23:26 UTC 2019 /home/travis/build/icyphy/ptII/ptolemy/domains/sdf/lib/test/auto/BootstrapSampleDelay.xml
----------------- Instantiating /home/travis/build/icyphy/ptII/ptolemy/domains/sdf/lib/test/auto/BootstrapSampleDelay.xml
13 ms. Memory: 120832K Free: 76629K (63%)
----------------- Invoking toplevel() on ptolemy.moml.MoMLSimpleApplication@75daff0e
----------------- Done invoking toplevel() on ptolemy.moml.MoMLSimpleApplication@75daff0e
reloadAllAccessors: .BootstrapSampleDelay

===========================================================================================
----------------- testing Mon Aug 26 06:23:26 UTC 2019 /home/travis/build/icyphy/ptII/ptolemy/domains/sdf/lib/test/auto/Chop.xml
----------------- Instantiating /home/travis/build/icyphy/ptII/ptolemy/domains/sdf/lib/test/auto/Chop.xml
12 ms. Memory: 120832K Free: 69124K (57%)
----------------- Invoking toplevel() on ptolemy.moml.MoMLSimpleApplication@6b55459b
----------------- Done invoking toplevel() on ptolemy.moml.MoMLSimpleApplication@6b55459b
reloadAllAccessors: .Chop

===========================================================================================
----------------- testing Mon Aug 26 06:23:27 UTC 2019 /home/travis/build/icyphy/ptII/ptolemy/domains/sdf/lib/test/auto/Chop2.xml
----------------- Instantiating /home/travis/build/icyphy/ptII/ptolemy/domains/sdf/lib/test/auto/Chop2.xml
12 ms. Memory: 120832K Free: 62631K (52%)
----------------- Invoking toplevel() on ptolemy.moml.MoMLSimpleApplication@31b1b37f
----------------- Done invoking toplevel() on ptolemy.moml.MoMLSimpleApplication@31b1b37f
reloadAllAccessors: .Chop2

===========================================================================================
----------------- testing Mon Aug 26 06:23:27 UTC 2019 /home/travis/build/icyphy/ptII/ptolemy/domains/sdf/lib/test/auto/ComplexJoin.xml
----------------- Instantiating /home/travis/build/icyphy/ptII/ptolemy/domains/sdf/lib/test/auto/ComplexJoin.xml
4 ms. Memory: 120832K Free: 103115K (85%)
----------------- Invoking toplevel() on ptolemy.moml.MoMLSimpleApplication@13e98799
----------------- Done invoking toplevel() on ptolemy.moml.MoMLSimpleApplication@13e98799
reloadAllAccessors: .ComplexJoin

===========================================================================================
----------------- testing Mon Aug 26 06:23:27 UTC 2019 /home/travis/build/icyphy/ptII/ptolemy/domains/sdf/lib/test/auto/CountTrues.xml
----------------- Instantiating /home/travis/build/icyphy/ptII/ptolemy/domains/sdf/lib/test/auto/CountTrues.xml
3 ms. Memory: 120832K Free: 99429K (82%)
----------------- Invoking toplevel() on ptolemy.moml.MoMLSimpleApplication@78df98fa
----------------- Done invoking toplevel() on ptolemy.moml.MoMLSimpleApplication@78df98fa
reloadAllAccessors: .CountTrues

===========================================================================================
----------------- testing Mon Aug 26 06:23:27 UTC 2019 /home/travis/build/icyphy/ptII/ptolemy/domains/sdf/lib/test/auto/DelayLine.xml
----------------- Instantiating /home/travis/build/icyphy/ptII/ptolemy/domains/sdf/lib/test/auto/DelayLine.xml
4 ms. Memory: 120832K Free: 94331K (78%)
----------------- Invoking toplevel() on ptolemy.moml.MoMLSimpleApplication@35d567e0
----------------- Done invoking toplevel() on ptolemy.moml.MoMLSimpleApplication@35d567e0
reloadAllAccessors: .DelayLine

===========================================================================================
----------------- testing Mon Aug 26 06:23:27 UTC 2019 /home/travis/build/icyphy/ptII/ptolemy/domains/sdf/lib/test/auto/DotProduct.xml
----------------- Instantiating /home/travis/build/icyphy/ptII/ptolemy/domains/sdf/lib/test/auto/DotProduct.xml
5 ms. Memory: 120832K Free: 90897K (75%)
----------------- Invoking toplevel() on ptolemy.moml.MoMLSimpleApplication@363a5613
----------------- Done invoking toplevel() on ptolemy.moml.MoMLSimpleApplication@363a5613
reloadAllAccessors: .DotProduct

===========================================================================================
----------------- testing Mon Aug 26 06:23:27 UTC 2019 /home/travis/build/icyphy/ptII/ptolemy/domains/sdf/lib/test/auto/DotProductMatrix.xml
----------------- Instantiating /home/travis/build/icyphy/ptII/ptolemy/domains/sdf/lib/test/auto/DotProductMatrix.xml
2 ms. Memory: 120832K Free: 88149K (73%)
----------------- Invoking toplevel() on ptolemy.moml.MoMLSimpleApplication@7834b6c2
----------------- Done invoking toplevel() on ptolemy.moml.MoMLSimpleApplication@7834b6c2
reloadAllAccessors: .DotProductMatrix

===========================================================================================
----------------- testing Mon Aug 26 06:23:27 UTC 2019 /home/travis/build/icyphy/ptII/ptolemy/domains/sdf/lib/test/auto/DownSample1.xml
----------------- Instantiating /home/travis/build/icyphy/ptII/ptolemy/domains/sdf/lib/test/auto/DownSample1.xml
2 ms. Memory: 120832K Free: 84737K (70%)
----------------- Invoking toplevel() on ptolemy.moml.MoMLSimpleApplication@376a9aa
----------------- Done invoking toplevel() on ptolemy.moml.MoMLSimpleApplication@376a9aa
reloadAllAccessors: .DownSample1

===========================================================================================
----------------- testing Mon Aug 26 06:23:27 UTC 2019 /home/travis/build/icyphy/ptII/ptolemy/domains/sdf/lib/test/auto/DynamicRateChange.xml
----------------- Instantiating /home/travis/build/icyphy/ptII/ptolemy/domains/sdf/lib/test/auto/DynamicRateChange.xml
16 ms. Memory: 120832K Free: 79595K (66%)
----------------- Invoking toplevel() on ptolemy.moml.MoMLSimpleApplication@60aa027b
----------------- Done invoking toplevel() on ptolemy.moml.MoMLSimpleApplication@60aa027b
reloadAllAccessors: .DynamicRateChange

===========================================================================================
----------------- testing Mon Aug 26 06:23:27 UTC 2019 /home/travis/build/icyphy/ptII/ptolemy/domains/sdf/lib/test/auto/DynamicRates.xml
----------------- Instantiating /home/travis/build/icyphy/ptII/ptolemy/domains/sdf/lib/test/auto/DynamicRates.xml
13 ms. Memory: 120832K Free: 75239K (62%)
----------------- Invoking toplevel() on ptolemy.moml.MoMLSimpleApplication@5e6a338
----------------- Done invoking toplevel() on ptolemy.moml.MoMLSimpleApplication@5e6a338
reloadAllAccessors: .DynamicRates

===========================================================================================
----------------- testing Mon Aug 26 06:23:27 UTC 2019 /home/travis/build/icyphy/ptII/ptolemy/domains/sdf/lib/test/auto/FFT1.xml
----------------- Instantiating /home/travis/build/icyphy/ptII/ptolemy/domains/sdf/lib/test/auto/FFT1.xml
11 ms. Memory: 120832K Free: 70119K (58%)
----------------- Invoking toplevel() on ptolemy.moml.MoMLSimpleApplication@4d9692da
----------------- Done invoking toplevel() on ptolemy.moml.MoMLSimpleApplication@4d9692da
reloadAllAccessors: .FFT1

===========================================================================================
----------------- testing Mon Aug 26 06:23:27 UTC 2019 /home/travis/build/icyphy/ptII/ptolemy/domains/sdf/lib/test/auto/FIR1.xml
----------------- Instantiating /home/travis/build/icyphy/ptII/ptolemy/domains/sdf/lib/test/auto/FIR1.xml
21 ms. Memory: 120832K Free: 63611K (53%)
----------------- Invoking toplevel() on ptolemy.moml.MoMLSimpleApplication@40a5984e
----------------- Done invoking toplevel() on ptolemy.moml.MoMLSimpleApplication@40a5984e
reloadAllAccessors: .FIR1

===========================================================================================
----------------- testing Mon Aug 26 06:23:27 UTC 2019 /home/travis/build/icyphy/ptII/ptolemy/domains/sdf/lib/test/auto/FIR2.xml
----------------- Instantiating /home/travis/build/icyphy/ptII/ptolemy/domains/sdf/lib/test/auto/FIR2.xml
5 ms. Memory: 120832K Free: 59879K (50%)
----------------- Invoking toplevel() on ptolemy.moml.MoMLSimpleApplication@591be2b1
----------------- Done invoking toplevel() on ptolemy.moml.MoMLSimpleApplication@591be2b1
reloadAllAccessors: .FIR2

===========================================================================================
----------------- testing Mon Aug 26 06:23:27 UTC 2019 /home/travis/build/icyphy/ptII/ptolemy/domains/sdf/lib/test/auto/FIR4.xml
----------------- Instantiating /home/travis/build/icyphy/ptII/ptolemy/domains/sdf/lib/test/auto/FIR4.xml
7 ms. Memory: 120832K Free: 53009K (44%)
----------------- Invoking toplevel() on ptolemy.moml.MoMLSimpleApplication@5b925b1a
----------------- Done invoking toplevel() on ptolemy.moml.MoMLSimpleApplication@5b925b1a
reloadAllAccessors: .FIR4

===========================================================================================
----------------- testing Mon Aug 26 06:23:27 UTC 2019 /home/travis/build/icyphy/ptII/ptolemy/domains/sdf/lib/test/auto/FixJoin.xml
----------------- Instantiating /home/travis/build/icyphy/ptII/ptolemy/domains/sdf/lib/test/auto/FixJoin.xml
5 ms. Memory: 120832K Free: 102400K (85%)
----------------- Invoking toplevel() on ptolemy.moml.MoMLSimpleApplication@636d5503
----------------- Done invoking toplevel() on ptolemy.moml.MoMLSimpleApplication@636d5503
reloadAllAccessors: .FixJoin

===========================================================================================
----------------- testing Mon Aug 26 06:23:27 UTC 2019 /home/travis/build/icyphy/ptII/ptolemy/domains/sdf/lib/test/auto/IntJoin1.xml
----------------- Instantiating /home/travis/build/icyphy/ptII/ptolemy/domains/sdf/lib/test/auto/IntJoin1.xml
3 ms. Memory: 120832K Free: 97915K (81%)
----------------- Invoking toplevel() on ptolemy.moml.MoMLSimpleApplication@8476bde
----------------- Done invoking toplevel() on ptolemy.moml.MoMLSimpleApplication@8476bde
reloadAllAccessors: .IntJoin1

===========================================================================================
----------------- testing Mon Aug 26 06:23:27 UTC 2019 /home/travis/build/icyphy/ptII/ptolemy/domains/sdf/lib/test/auto/IntJoin2.xml
----------------- Instantiating /home/travis/build/icyphy/ptII/ptolemy/domains/sdf/lib/test/auto/IntJoin2.xml
3 ms. Memory: 120832K Free: 93575K (77%)
----------------- Invoking toplevel() on ptolemy.moml.MoMLSimpleApplication@5f43f8c8
----------------- Done invoking toplevel() on ptolemy.moml.MoMLSimpleApplication@5f43f8c8
reloadAllAccessors: .IntJoin2

===========================================================================================
----------------- testing Mon Aug 26 06:23:27 UTC 2019 /home/travis/build/icyphy/ptII/ptolemy/domains/sdf/lib/test/auto/IntJoin3.xml
----------------- Instantiating /home/travis/build/icyphy/ptII/ptolemy/domains/sdf/lib/test/auto/IntJoin3.xml
7 ms. Memory: 120832K Free: 89058K (74%)
----------------- Invoking toplevel() on ptolemy.moml.MoMLSimpleApplication@ad5f7f9
----------------- Done invoking toplevel() on ptolemy.moml.MoMLSimpleApplication@ad5f7f9
reloadAllAccessors: .IntJoin3

===========================================================================================
----------------- testing Mon Aug 26 06:23:27 UTC 2019 /home/travis/build/icyphy/ptII/ptolemy/domains/sdf/lib/test/auto/IntJoin4.xml
----------------- Instantiating /home/travis/build/icyphy/ptII/ptolemy/domains/sdf/lib/test/auto/IntJoin4.xml
6 ms. Memory: 120832K Free: 84992K (70%)
----------------- Invoking toplevel() on ptolemy.moml.MoMLSimpleApplication@3b678242
----------------- Done invoking toplevel() on ptolemy.moml.MoMLSimpleApplication@3b678242
reloadAllAccessors: .IntJoin4

===========================================================================================
----------------- testing Mon Aug 26 06:23:27 UTC 2019 /home/travis/build/icyphy/ptII/ptolemy/domains/sdf/lib/test/auto/IntJoin5.xml
----------------- Instantiating /home/travis/build/icyphy/ptII/ptolemy/domains/sdf/lib/test/auto/IntJoin5.xml
2 ms. Memory: 120832K Free: 80263K (66%)
----------------- Invoking toplevel() on ptolemy.moml.MoMLSimpleApplication@33dd6dec
----------------- Done invoking toplevel() on ptolemy.moml.MoMLSimpleApplication@33dd6dec
reloadAllAccessors: .IntJoin5

===========================================================================================
----------------- testing Mon Aug 26 06:23:27 UTC 2019 /home/travis/build/icyphy/ptII/ptolemy/domains/sdf/lib/test/auto/IntToBits.xml
----------------- Instantiating /home/travis/build/icyphy/ptII/ptolemy/domains/sdf/lib/test/auto/IntToBits.xml
2 ms. Memory: 120832K Free: 76786K (64%)
----------------- Invoking toplevel() on ptolemy.moml.MoMLSimpleApplication@56c1cd9f
----------------- Done invoking toplevel() on ptolemy.moml.MoMLSimpleApplication@56c1cd9f
reloadAllAccessors: .IntToBits

===========================================================================================
----------------- testing Mon Aug 26 06:23:27 UTC 2019 /home/travis/build/icyphy/ptII/ptolemy/domains/sdf/lib/test/auto/LMSAdaptive.xml
----------------- Instantiating /home/travis/build/icyphy/ptII/ptolemy/domains/sdf/lib/test/auto/LMSAdaptive.xml
8 ms. Memory: 120832K Free: 68999K (57%)
----------------- Invoking toplevel() on ptolemy.moml.MoMLSimpleApplication@22cf2a07
----------------- Done invoking toplevel() on ptolemy.moml.MoMLSimpleApplication@22cf2a07
reloadAllAccessors: .LMSAdaptive

===========================================================================================
----------------- testing Mon Aug 26 06:23:27 UTC 2019 /home/travis/build/icyphy/ptII/ptolemy/domains/sdf/lib/test/auto/LMSAdaptiveFIR.xml
----------------- Instantiating /home/travis/build/icyphy/ptII/ptolemy/domains/sdf/lib/test/auto/LMSAdaptiveFIR.xml
348 ms. Memory: 145408K Free: 116978K (80%)
----------------- Invoking toplevel() on ptolemy.moml.MoMLSimpleApplication@67ff892b
----------------- Done invoking toplevel() on ptolemy.moml.MoMLSimpleApplication@67ff892b
reloadAllAccessors: .LMSAdaptiveFIR

===========================================================================================
----------------- testing Mon Aug 26 06:23:28 UTC 2019 /home/travis/build/icyphy/ptII/ptolemy/domains/sdf/lib/test/auto/LMSAdaptiveFIR2.xml
----------------- Instantiating /home/travis/build/icyphy/ptII/ptolemy/domains/sdf/lib/test/auto/LMSAdaptiveFIR2.xml
427 ms. Memory: 145408K Free: 127865K (88%)
----------------- Invoking toplevel() on ptolemy.moml.MoMLSimpleApplication@1527bb67
----------------- Done invoking toplevel() on ptolemy.moml.MoMLSimpleApplication@1527bb67
reloadAllAccessors: .LMSAdaptiveFIR2

===========================================================================================
----------------- testing Mon Aug 26 06:23:28 UTC 2019 /home/travis/build/icyphy/ptII/ptolemy/domains/sdf/lib/test/auto/LongJoin.xml
----------------- Instantiating /home/travis/build/icyphy/ptII/ptolemy/domains/sdf/lib/test/auto/LongJoin.xml
6 ms. Memory: 145408K Free: 122823K (84%)
----------------- Invoking toplevel() on ptolemy.moml.MoMLSimpleApplication@6f0667cc
----------------- Done invoking toplevel() on ptolemy.moml.MoMLSimpleApplication@6f0667cc
reloadAllAccessors: .LongJoin

===========================================================================================
----------------- testing Mon Aug 26 06:23:28 UTC 2019 /home/travis/build/icyphy/ptII/ptolemy/domains/sdf/lib/test/auto/Matrix1.xml
----------------- Instantiating /home/travis/build/icyphy/ptII/ptolemy/domains/sdf/lib/test/auto/Matrix1.xml
3 ms. Memory: 145408K Free: 119442K (82%)
----------------- Invoking toplevel() on ptolemy.moml.MoMLSimpleApplication@116d0ef9
----------------- Done invoking toplevel() on ptolemy.moml.MoMLSimpleApplication@116d0ef9
reloadAllAccessors: .Matrix1

===========================================================================================
----------------- testing Mon Aug 26 06:23:28 UTC 2019 /home/travis/build/icyphy/ptII/ptolemy/domains/sdf/lib/test/auto/Matrix2.xml
----------------- Instantiating /home/travis/build/icyphy/ptII/ptolemy/domains/sdf/lib/test/auto/Matrix2.xml
5 ms. Memory: 145408K Free: 115275K (79%)
----------------- Invoking toplevel() on ptolemy.moml.MoMLSimpleApplication@216d2969
----------------- Done invoking toplevel() on ptolemy.moml.MoMLSimpleApplication@216d2969
reloadAllAccessors: .Matrix2

===========================================================================================
----------------- testing Mon Aug 26 06:23:28 UTC 2019 /home/travis/build/icyphy/ptII/ptolemy/domains/sdf/lib/test/auto/MatrixJoin1.xml
----------------- Instantiating /home/travis/build/icyphy/ptII/ptolemy/domains/sdf/lib/test/auto/MatrixJoin1.xml
3 ms. Memory: 145408K Free: 110583K (76%)
----------------- Invoking toplevel() on ptolemy.moml.MoMLSimpleApplication@75dae461
----------------- Done invoking toplevel() on ptolemy.moml.MoMLSimpleApplication@75dae461
reloadAllAccessors: .MatrixJoin1

===========================================================================================
----------------- testing Mon Aug 26 06:23:28 UTC 2019 /home/travis/build/icyphy/ptII/ptolemy/domains/sdf/lib/test/auto/MatrixJoin2.xml
----------------- Instantiating /home/travis/build/icyphy/ptII/ptolemy/domains/sdf/lib/test/auto/MatrixJoin2.xml
2 ms. Memory: 145408K Free: 106132K (73%)
----------------- Invoking toplevel() on ptolemy.moml.MoMLSimpleApplication@32b41427
----------------- Done invoking toplevel() on ptolemy.moml.MoMLSimpleApplication@32b41427
reloadAllAccessors: .MatrixJoin2

===========================================================================================
----------------- testing Mon Aug 26 06:23:28 UTC 2019 /home/travis/build/icyphy/ptII/ptolemy/domains/sdf/lib/test/auto/MatrixJoin3.xml
----------------- Instantiating /home/travis/build/icyphy/ptII/ptolemy/domains/sdf/lib/test/auto/MatrixJoin3.xml
5 ms. Memory: 145408K Free: 101359K (70%)
----------------- Invoking toplevel() on ptolemy.moml.MoMLSimpleApplication@7563efc1
----------------- Done invoking toplevel() on ptolemy.moml.MoMLSimpleApplication@7563efc1
reloadAllAccessors: .MatrixJoin3

===========================================================================================
----------------- testing Mon Aug 26 06:23:28 UTC 2019 /home/travis/build/icyphy/ptII/ptolemy/domains/sdf/lib/test/auto/MatrixJoin4.xml
----------------- Instantiating /home/travis/build/icyphy/ptII/ptolemy/domains/sdf/lib/test/auto/MatrixJoin4.xml
2 ms. Memory: 145408K Free: 97293K (67%)
----------------- Invoking toplevel() on ptolemy.moml.MoMLSimpleApplication@2db5e8f3
----------------- Done invoking toplevel() on ptolemy.moml.MoMLSimpleApplication@2db5e8f3
reloadAllAccessors: .MatrixJoin4

===========================================================================================
----------------- testing Mon Aug 26 06:23:28 UTC 2019 /home/travis/build/icyphy/ptII/ptolemy/domains/sdf/lib/test/auto/MatrixJoin5.xml
----------------- Instantiating /home/travis/build/icyphy/ptII/ptolemy/domains/sdf/lib/test/auto/MatrixJoin5.xml
2 ms. Memory: 145408K Free: 92834K (64%)
----------------- Invoking toplevel() on ptolemy.moml.MoMLSimpleApplication@7d4a85d4
----------------- Done invoking toplevel() on ptolemy.moml.MoMLSimpleApplication@7d4a85d4
reloadAllAccessors: .MatrixJoin5

===========================================================================================
----------------- testing Mon Aug 26 06:23:28 UTC 2019 /home/travis/build/icyphy/ptII/ptolemy/domains/sdf/lib/test/auto/MatrixSplit1.xml
----------------- Instantiating /home/travis/build/icyphy/ptII/ptolemy/domains/sdf/lib/test/auto/MatrixSplit1.xml
4 ms. Memory: 145408K Free: 87714K (60%)
----------------- Invoking toplevel() on ptolemy.moml.MoMLSimpleApplication@563392ed
----------------- Done invoking toplevel() on ptolemy.moml.MoMLSimpleApplication@563392ed
reloadAllAccessors: .MatrixSplit1

===========================================================================================
----------------- testing Mon Aug 26 06:23:29 UTC 2019 /home/travis/build/icyphy/ptII/ptolemy/domains/sdf/lib/test/auto/MatrixSplit10.xml
----------------- Instantiating /home/travis/build/icyphy/ptII/ptolemy/domains/sdf/lib/test/auto/MatrixSplit10.xml
2 ms. Memory: 145408K Free: 83973K (58%)
----------------- Invoking toplevel() on ptolemy.moml.MoMLSimpleApplication@549d57a2
----------------- Done invoking toplevel() on ptolemy.moml.MoMLSimpleApplication@549d57a2
reloadAllAccessors: .MatrixSplit10

===========================================================================================
----------------- testing Mon Aug 26 06:23:29 UTC 2019 /home/travis/build/icyphy/ptII/ptolemy/domains/sdf/lib/test/auto/MatrixSplit11.xml
----------------- Instantiating /home/travis/build/icyphy/ptII/ptolemy/domains/sdf/lib/test/auto/MatrixSplit11.xml
3 ms. Memory: 145408K Free: 80251K (55%)
----------------- Invoking toplevel() on ptolemy.moml.MoMLSimpleApplication@6cf2490c
----------------- Done invoking toplevel() on ptolemy.moml.MoMLSimpleApplication@6cf2490c
reloadAllAccessors: .MatrixSplit11

===========================================================================================
----------------- testing Mon Aug 26 06:23:29 UTC 2019 /home/travis/build/icyphy/ptII/ptolemy/domains/sdf/lib/test/auto/MatrixSplit12.xml
----------------- Instantiating /home/travis/build/icyphy/ptII/ptolemy/domains/sdf/lib/test/auto/MatrixSplit12.xml
2 ms. Memory: 145408K Free: 76783K (53%)
----------------- Invoking toplevel() on ptolemy.moml.MoMLSimpleApplication@7f5d0349
----------------- Done invoking toplevel() on ptolemy.moml.MoMLSimpleApplication@7f5d0349
reloadAllAccessors: .MatrixSplit12

===========================================================================================
----------------- testing Mon Aug 26 06:23:29 UTC 2019 /home/travis/build/icyphy/ptII/ptolemy/domains/sdf/lib/test/auto/MatrixSplit13.xml
----------------- Instantiating /home/travis/build/icyphy/ptII/ptolemy/domains/sdf/lib/test/auto/MatrixSplit13.xml
6 ms. Memory: 145408K Free: 73083K (50%)
----------------- Invoking toplevel() on ptolemy.moml.MoMLSimpleApplication@554734ff
----------------- Done invoking toplevel() on ptolemy.moml.MoMLSimpleApplication@554734ff
reloadAllAccessors: .MatrixSplit13

===========================================================================================
----------------- testing Mon Aug 26 06:23:29 UTC 2019 /home/travis/build/icyphy/ptII/ptolemy/domains/sdf/lib/test/auto/MatrixSplit14.xml
----------------- Instantiating /home/travis/build/icyphy/ptII/ptolemy/domains/sdf/lib/test/auto/MatrixSplit14.xml
2 ms. Memory: 145408K Free: 69575K (48%)
----------------- Invoking toplevel() on ptolemy.moml.MoMLSimpleApplication@199d2c91
----------------- Done invoking toplevel() on ptolemy.moml.MoMLSimpleApplication@199d2c91
reloadAllAccessors: .MatrixSplit14

===========================================================================================
----------------- testing Mon Aug 26 06:23:29 UTC 2019 /home/travis/build/icyphy/ptII/ptolemy/domains/sdf/lib/test/auto/MatrixSplit2.xml
----------------- Instantiating /home/travis/build/icyphy/ptII/ptolemy/domains/sdf/lib/test/auto/MatrixSplit2.xml
2 ms. Memory: 145408K Free: 66210K (46%)
----------------- Invoking toplevel() on ptolemy.moml.MoMLSimpleApplication@7aed8b86
----------------- Done invoking toplevel() on ptolemy.moml.MoMLSimpleApplication@7aed8b86
reloadAllAccessors: .MatrixSplit2

===========================================================================================
----------------- testing Mon Aug 26 06:23:29 UTC 2019 /home/travis/build/icyphy/ptII/ptolemy/domains/sdf/lib/test/auto/MatrixSplit3.xml
----------------- Instantiating /home/travis/build/icyphy/ptII/ptolemy/domains/sdf/lib/test/auto/MatrixSplit3.xml
4 ms. Memory: 145408K Free: 62843K (43%)
----------------- Invoking toplevel() on ptolemy.moml.MoMLSimpleApplication@1323b049
----------------- Done invoking toplevel() on ptolemy.moml.MoMLSimpleApplication@1323b049
reloadAllAccessors: .MatrixSplit3

===========================================================================================
----------------- testing Mon Aug 26 06:23:29 UTC 2019 /home/travis/build/icyphy/ptII/ptolemy/domains/sdf/lib/test/auto/MatrixSplit4.xml
----------------- Instantiating /home/travis/build/icyphy/ptII/ptolemy/domains/sdf/lib/test/auto/MatrixSplit4.xml
2 ms. Memory: 145408K Free: 59042K (41%)
----------------- Invoking toplevel() on ptolemy.moml.MoMLSimpleApplication@48656f3a
----------------- Done invoking toplevel() on ptolemy.moml.MoMLSimpleApplication@48656f3a
reloadAllAccessors: .MatrixSplit4

===========================================================================================
----------------- testing Mon Aug 26 06:23:29 UTC 2019 /home/travis/build/icyphy/ptII/ptolemy/domains/sdf/lib/test/auto/MatrixSplit5.xml
----------------- Instantiating /home/travis/build/icyphy/ptII/ptolemy/domains/sdf/lib/test/auto/MatrixSplit5.xml
9 ms. Memory: 145408K Free: 129368K (89%)
----------------- Invoking toplevel() on ptolemy.moml.MoMLSimpleApplication@1c244081
----------------- Done invoking toplevel() on ptolemy.moml.MoMLSimpleApplication@1c244081
reloadAllAccessors: .MatrixSplit5

===========================================================================================
----------------- testing Mon Aug 26 06:23:29 UTC 2019 /home/travis/build/icyphy/ptII/ptolemy/domains/sdf/lib/test/auto/MatrixSplit6.xml
----------------- Instantiating /home/travis/build/icyphy/ptII/ptolemy/domains/sdf/lib/test/auto/MatrixSplit6.xml
3 ms. Memory: 145408K Free: 125738K (86%)
----------------- Invoking toplevel() on ptolemy.moml.MoMLSimpleApplication@4fcdf825
----------------- Done invoking toplevel() on ptolemy.moml.MoMLSimpleApplication@4fcdf825
reloadAllAccessors: .MatrixSplit6

===========================================================================================
----------------- testing Mon Aug 26 06:23:29 UTC 2019 /home/travis/build/icyphy/ptII/ptolemy/domains/sdf/lib/test/auto/MatrixSplit7.xml
----------------- Instantiating /home/travis/build/icyphy/ptII/ptolemy/domains/sdf/lib/test/auto/MatrixSplit7.xml
3 ms. Memory: 145408K Free: 122679K (84%)
----------------- Invoking toplevel() on ptolemy.moml.MoMLSimpleApplication@1619a909
----------------- Done invoking toplevel() on ptolemy.moml.MoMLSimpleApplication@1619a909
reloadAllAccessors: .MatrixSplit7

===========================================================================================
----------------- testing Mon Aug 26 06:23:29 UTC 2019 /home/travis/build/icyphy/ptII/ptolemy/domains/sdf/lib/test/auto/MatrixSplit8.xml
----------------- Instantiating /home/travis/build/icyphy/ptII/ptolemy/domains/sdf/lib/test/auto/MatrixSplit8.xml
2 ms. Memory: 145408K Free: 119090K (82%)
----------------- Invoking toplevel() on ptolemy.moml.MoMLSimpleApplication@4e2493fe
----------------- Done invoking toplevel() on ptolemy.moml.MoMLSimpleApplication@4e2493fe
reloadAllAccessors: .MatrixSplit8

===========================================================================================
----------------- testing Mon Aug 26 06:23:29 UTC 2019 /home/travis/build/icyphy/ptII/ptolemy/domains/sdf/lib/test/auto/MatrixSplit9.xml
----------------- Instantiating /home/travis/build/icyphy/ptII/ptolemy/domains/sdf/lib/test/auto/MatrixSplit9.xml
3 ms. Memory: 145408K Free: 115498K (79%)
----------------- Invoking toplevel() on ptolemy.moml.MoMLSimpleApplication@46017768
----------------- Done invoking toplevel() on ptolemy.moml.MoMLSimpleApplication@46017768
reloadAllAccessors: .MatrixSplit9

===========================================================================================
----------------- testing Mon Aug 26 06:23:29 UTC 2019 /home/travis/build/icyphy/ptII/ptolemy/domains/sdf/lib/test/auto/MatrixToSequence.xml
----------------- Instantiating /home/travis/build/icyphy/ptII/ptolemy/domains/sdf/lib/test/auto/MatrixToSequence.xml
14 ms. Memory: 145408K Free: 106295K (73%)
----------------- Invoking toplevel() on ptolemy.moml.MoMLSimpleApplication@319d019b
----------------- Done invoking toplevel() on ptolemy.moml.MoMLSimpleApplication@319d019b
reloadAllAccessors: .MatrixToSequence

===========================================================================================
----------------- testing Mon Aug 26 06:23:29 UTC 2019 /home/travis/build/icyphy/ptII/ptolemy/domains/sdf/lib/test/auto/MaximumEntropySpectrum.xml
----------------- Instantiating /home/travis/build/icyphy/ptII/ptolemy/domains/sdf/lib/test/auto/MaximumEntropySpectrum.xml
15 ms. Memory: 145408K Free: 85310K (59%)
----------------- Invoking toplevel() on ptolemy.moml.MoMLSimpleApplication@6a30d46
----------------- Done invoking toplevel() on ptolemy.moml.MoMLSimpleApplication@6a30d46
reloadAllAccessors: .MaximumEntropySpectrum

===========================================================================================
----------------- testing Mon Aug 26 06:23:29 UTC 2019 /home/travis/build/icyphy/ptII/ptolemy/domains/sdf/lib/test/auto/SampleDelayConversion.xml
----------------- Instantiating /home/travis/build/icyphy/ptII/ptolemy/domains/sdf/lib/test/auto/SampleDelayConversion.xml
2 ms. Memory: 145408K Free: 81719K (56%)
----------------- Invoking toplevel() on ptolemy.moml.MoMLSimpleApplication@464921be
----------------- Done invoking toplevel() on ptolemy.moml.MoMLSimpleApplication@464921be
reloadAllAccessors: .SampleDelayConversion

===========================================================================================
----------------- testing Mon Aug 26 06:23:29 UTC 2019 /home/travis/build/icyphy/ptII/ptolemy/domains/sdf/lib/test/auto/SequenceToArray.xml
----------------- Instantiating /home/travis/build/icyphy/ptII/ptolemy/domains/sdf/lib/test/auto/SequenceToArray.xml
11 ms. Memory: 145408K Free: 70962K (49%)
----------------- Invoking toplevel() on ptolemy.moml.MoMLSimpleApplication@3737fb4e
----------------- Done invoking toplevel() on ptolemy.moml.MoMLSimpleApplication@3737fb4e
reloadAllAccessors: .SequenceToArray

===========================================================================================
----------------- testing Mon Aug 26 06:23:29 UTC 2019 /home/travis/build/icyphy/ptII/ptolemy/domains/sdf/lib/test/auto/SequenceToMatrix.xml
----------------- Instantiating /home/travis/build/icyphy/ptII/ptolemy/domains/sdf/lib/test/auto/SequenceToMatrix.xml
3994 ms. Memory: 175104K Free: 91244K (52%)
----------------- Invoking toplevel() on ptolemy.moml.MoMLSimpleApplication@573976ad
----------------- Done invoking toplevel() on ptolemy.moml.MoMLSimpleApplication@573976ad
reloadAllAccessors: .SequenceToMatrix

===========================================================================================
----------------- testing Mon Aug 26 06:23:33 UTC 2019 /home/travis/build/icyphy/ptII/ptolemy/domains/sdf/lib/test/auto/SmoothedPeriodogram.xml
----------------- Instantiating /home/travis/build/icyphy/ptII/ptolemy/domains/sdf/lib/test/auto/SmoothedPeriodogram.xml
8 ms. Memory: 175104K Free: 75884K (43%)
----------------- Invoking toplevel() on ptolemy.moml.MoMLSimpleApplication@218312ae
----------------- Done invoking toplevel() on ptolemy.moml.MoMLSimpleApplication@218312ae
reloadAllAccessors: .SmoothedPeriodogram

===========================================================================================
----------------- testing Mon Aug 26 06:23:33 UTC 2019 /home/travis/build/icyphy/ptII/ptolemy/domains/sdf/lib/test/auto/UpDownSample1.xml
----------------- Instantiating /home/travis/build/icyphy/ptII/ptolemy/domains/sdf/lib/test/auto/UpDownSample1.xml
3 ms. Memory: 175104K Free: 71788K (41%)
----------------- Invoking toplevel() on ptolemy.moml.MoMLSimpleApplication@6326d62e
----------------- Done invoking toplevel() on ptolemy.moml.MoMLSimpleApplication@6326d62e
reloadAllAccessors: .UpDownSample1

===========================================================================================
----------------- testing Mon Aug 26 06:23:33 UTC 2019 /home/travis/build/icyphy/ptII/ptolemy/domains/sdf/lib/test/auto/UpSample1.xml
----------------- Instantiating /home/travis/build/icyphy/ptII/ptolemy/domains/sdf/lib/test/auto/UpSample1.xml
2 ms. Memory: 175104K Free: 68202K (39%)
----------------- Invoking toplevel() on ptolemy.moml.MoMLSimpleApplication@52d973a2
----------------- Done invoking toplevel() on ptolemy.moml.MoMLSimpleApplication@52d973a2
reloadAllAccessors: .UpSample1

===========================================================================================
----------------- testing Mon Aug 26 06:23:33 UTC 2019 /home/travis/build/icyphy/ptII/ptolemy/domains/sdf/lib/test/auto/VariableFIR.xml
----------------- Instantiating /home/travis/build/icyphy/ptII/ptolemy/domains/sdf/lib/test/auto/VariableFIR.xml
4 ms. Memory: 175104K Free: 63082K (36%)
----------------- Invoking toplevel() on ptolemy.moml.MoMLSimpleApplication@39a10eb0
----------------- Done invoking toplevel() on ptolemy.moml.MoMLSimpleApplication@39a10eb0
reloadAllAccessors: .VariableFIR

===========================================================================================
----------------- testing Mon Aug 26 06:23:33 UTC 2019 /home/travis/build/icyphy/ptII/ptolemy/domains/sdf/lib/test/auto/VariableFIR2.xml
----------------- Instantiating /home/travis/build/icyphy/ptII/ptolemy/domains/sdf/lib/test/auto/VariableFIR2.xml
12 ms. Memory: 175104K Free: 159575K (91%)
----------------- Invoking toplevel() on ptolemy.moml.MoMLSimpleApplication@32d4346a
----------------- Done invoking toplevel() on ptolemy.moml.MoMLSimpleApplication@32d4346a
reloadAllAccessors: .VariableFIR2

===========================================================================================
----------------- testing Mon Aug 26 06:23:33 UTC 2019 /home/travis/build/icyphy/ptII/ptolemy/domains/sdf/lib/test/auto/VariableLattice.xml
----------------- Instantiating /home/travis/build/icyphy/ptII/ptolemy/domains/sdf/lib/test/auto/VariableLattice.xml
4 ms. Memory: 175104K Free: 153194K (87%)
----------------- Invoking toplevel() on ptolemy.moml.MoMLSimpleApplication@677b3d1e
----------------- Done invoking toplevel() on ptolemy.moml.MoMLSimpleApplication@677b3d1e
reloadAllAccessors: .VariableLattice

===========================================================================================
----------------- testing Mon Aug 26 06:23:33 UTC 2019 /home/travis/build/icyphy/ptII/ptolemy/domains/sdf/lib/test/auto/VariableLattice2.xml
----------------- Instantiating /home/travis/build/icyphy/ptII/ptolemy/domains/sdf/lib/test/auto/VariableLattice2.xml
1.0
-1.999999602036
1.9099998677481
-0.9099996420674
0.205
0.0
0.0
1.0
-0.25
-0.5
0.0
0.0
0.0
0.0
3 ms. Memory: 175104K Free: 148588K (85%)
----------------- Invoking toplevel() on ptolemy.moml.MoMLSimpleApplication@2793f9fd
----------------- Done invoking toplevel() on ptolemy.moml.MoMLSimpleApplication@2793f9fd
reloadAllAccessors: .VariableLattice2

===========================================================================================
----------------- testing Mon Aug 26 06:23:33 UTC 2019 /home/travis/build/icyphy/ptII/ptolemy/domains/sdf/lib/test/auto/VariableRecursiveLattice.xml
----------------- Instantiating /home/travis/build/icyphy/ptII/ptolemy/domains/sdf/lib/test/auto/VariableRecursiveLattice.xml
8 ms. Memory: 175104K Free: 143978K (82%)
----------------- Invoking toplevel() on ptolemy.moml.MoMLSimpleApplication@75061b61
----------------- Done invoking toplevel() on ptolemy.moml.MoMLSimpleApplication@75061b61
reloadAllAccessors: .VariableRecursiveLattice

===========================================================================================
----------------- testing Mon Aug 26 06:23:33 UTC 2019 /home/travis/build/icyphy/ptII/ptolemy/domains/sdf/lib/test/auto/VariableRecursiveLattice2.xml
----------------- Instantiating /home/travis/build/icyphy/ptII/ptolemy/domains/sdf/lib/test/auto/VariableRecursiveLattice2.xml
3 ms. Memory: 175104K Free: 139882K (80%)
----------------- Invoking toplevel() on ptolemy.moml.MoMLSimpleApplication@71208c36
----------------- Done invoking toplevel() on ptolemy.moml.MoMLSimpleApplication@71208c36
reloadAllAccessors: .VariableRecursiveLattice2
AutoTests.java: About to close Vertx.
AutoTests.java: Vertx closed.
]]></system-out>
  <system-err><![CDATA[]]></system-err>
</testsuite>
