<?xml version="1.0" encoding="UTF-8" ?>
<testsuite errors="0" failures="0" hostname="travis-job-7228b6e9-7916-4d28-9df8-787d2e1f9b6b" name="ptolemy.domains.de.test.junit.JUnitTclTest" skipped="0" tests="101" time="121.882" timestamp="2018-07-25T01:45:22">
  <properties>
[...]
</properties>
  <testcase classname="ptolemy.util.test.junit.TclTests" name="[0] /home/travis/build/icyphy/ptII/ptolemy/domains/de/test/DependencyLoop.tcl (RunTclFile)" time="0.73" />
  <testcase classname="ptolemy.util.test.junit.TclTests" name="[1] /home/travis/build/icyphy/ptII/ptolemy/domains/de/test/RunDETestsAsQSS.tcl (RunTclFile)" time="83.565" />
  <testcase classname="ptolemy.util.test.junit.AutoKnownFailedTests" name="[0] /home/travis/build/icyphy/ptII/ptolemy/domains/de/test/auto/knownFailedTests/DESDFClockTest.xml (RunModel)" time="2.025" />
  <testcase classname="ptolemy.util.test.junit.AutoKnownFailedTests" name="[1] /home/travis/build/icyphy/ptII/ptolemy/domains/de/test/auto/knownFailedTests/DirectFeedback.xml (RunModel)" time="0.005" />
  <testcase classname="ptolemy.util.test.junit.AutoKnownFailedTests" name="[2] /home/travis/build/icyphy/ptII/ptolemy/domains/de/test/auto/knownFailedTests/FSMSource.xml (RunModel)" time="0.015" />
  <testcase classname="ptolemy.util.test.junit.AutoKnownFailedTests" name="[3] /home/travis/build/icyphy/ptII/ptolemy/domains/de/test/auto/knownFailedTests/HierarchicalModel.xml (RunModel)" time="0.03" />
  <testcase classname="ptolemy.util.test.junit.AutoKnownFailedTests" name="[4] /home/travis/build/icyphy/ptII/ptolemy/domains/de/test/auto/knownFailedTests/dependencyLoop.xml (RunModel)" time="0.023" />
  <testcase classname="ptolemy.util.test.junit.AutoKnownFailedTests" name="[5] /home/travis/build/icyphy/ptII/ptolemy/domains/de/test/auto/knownFailedTests/dependencyLoop2.xml (RunModel)" time="0.021" />
  <testcase classname="ptolemy.util.test.junit.AutoNameArchTests" name="[0] ThereAreNoAutoArchTests (RunModel)" time="0.001" />
  <testcase classname="ptolemy.util.test.junit.AutoTests" name="[0] /home/travis/build/icyphy/ptII/ptolemy/domains/de/test/auto/ActorDepthCalculation_actorWithoutPorts.xml (RunModel)" time="0.008" />
  <testcase classname="ptolemy.util.test.junit.AutoTests" name="[1] /home/travis/build/icyphy/ptII/ptolemy/domains/de/test/auto/AssemblyLine.xml (RunModel)" time="0.009" />
  <testcase classname="ptolemy.util.test.junit.AutoTests" name="[2] /home/travis/build/icyphy/ptII/ptolemy/domains/de/test/auto/CQBug1.xml (RunModel)" time="0.004" />
  <testcase classname="ptolemy.util.test.junit.AutoTests" name="[3] /home/travis/build/icyphy/ptII/ptolemy/domains/de/test/auto/CancelFireAt.xml (RunModel)" time="0.003" />
  <testcase classname="ptolemy.util.test.junit.AutoTests" name="[4] /home/travis/build/icyphy/ptII/ptolemy/domains/de/test/auto/CausalityAndComposabilityAnalysis.xml (RunModel)" time="0.006" />
  <testcase classname="ptolemy.util.test.junit.AutoTests" name="[5] /home/travis/build/icyphy/ptII/ptolemy/domains/de/test/auto/CausalityInterface1.xml (RunModel)" time="0.009" />
  <testcase classname="ptolemy.util.test.junit.AutoTests" name="[6] /home/travis/build/icyphy/ptII/ptolemy/domains/de/test/auto/CausalityInterface15.xml (RunModel)" time="0.008" />
  <testcase classname="ptolemy.util.test.junit.AutoTests" name="[7] /home/travis/build/icyphy/ptII/ptolemy/domains/de/test/auto/CausalityInterface2.xml (RunModel)" time="0.006" />
  <testcase classname="ptolemy.util.test.junit.AutoTests" name="[8] /home/travis/build/icyphy/ptII/ptolemy/domains/de/test/auto/CausalityInterface3.xml (RunModel)" time="0.006" />
  <testcase classname="ptolemy.util.test.junit.AutoTests" name="[9] /home/travis/build/icyphy/ptII/ptolemy/domains/de/test/auto/ClockDrift.xml (RunModel)" time="0.021" />
  <testcase classname="ptolemy.util.test.junit.AutoTests" name="[10] /home/travis/build/icyphy/ptII/ptolemy/domains/de/test/auto/ClockDriftAndValueChange.xml (RunModel)" time="0.02" />
  <testcase classname="ptolemy.util.test.junit.AutoTests" name="[11] /home/travis/build/icyphy/ptII/ptolemy/domains/de/test/auto/ClockDriftChange.xml (RunModel)" time="0.017" />
  <testcase classname="ptolemy.util.test.junit.AutoTests" name="[12] /home/travis/build/icyphy/ptII/ptolemy/domains/de/test/auto/ComposableCausalityAnalysis.xml (RunModel)" time="0.014" />
  <testcase classname="ptolemy.util.test.junit.AutoTests" name="[13] /home/travis/build/icyphy/ptII/ptolemy/domains/de/test/auto/DEFixedPointLimitation.xml (RunModel)" time="0.006" />
  <testcase classname="ptolemy.util.test.junit.AutoTests" name="[14] /home/travis/build/icyphy/ptII/ptolemy/domains/de/test/auto/DEScheduleTest.xml (RunModel)" time="0.007" />
  <testcase classname="ptolemy.util.test.junit.AutoTests" name="[15] /home/travis/build/icyphy/ptII/ptolemy/domains/de/test/auto/DEinDEwithStartTimes.xml (RunModel)" time="0.009" />
  <testcase classname="ptolemy.util.test.junit.AutoTests" name="[16] /home/travis/build/icyphy/ptII/ptolemy/domains/de/test/auto/DEinDEwithStartTimes2.xml (RunModel)" time="0.009" />
  <testcase classname="ptolemy.util.test.junit.AutoTests" name="[17] /home/travis/build/icyphy/ptII/ptolemy/domains/de/test/auto/DateDemo.xml (RunModel)" time="0.017" />
  <testcase classname="ptolemy.util.test.junit.AutoTests" name="[18] /home/travis/build/icyphy/ptII/ptolemy/domains/de/test/auto/DateToEvent.xml (RunModel)" time="2.024" />
  <testcase classname="ptolemy.util.test.junit.AutoTests" name="[19] /home/travis/build/icyphy/ptII/ptolemy/domains/de/test/auto/DepthTest1.xml (RunModel)" time="0.005" />
  <testcase classname="ptolemy.util.test.junit.AutoTests" name="[20] /home/travis/build/icyphy/ptII/ptolemy/domains/de/test/auto/DepthTest2.xml (RunModel)" time="0.01" />
  <testcase classname="ptolemy.util.test.junit.AutoTests" name="[21] /home/travis/build/icyphy/ptII/ptolemy/domains/de/test/auto/DepthTest3.xml (RunModel)" time="0.004" />
  <testcase classname="ptolemy.util.test.junit.AutoTests" name="[22] /home/travis/build/icyphy/ptII/ptolemy/domains/de/test/auto/DepthTest4.xml (RunModel)" time="0.007" />
  <testcase classname="ptolemy.util.test.junit.AutoTests" name="[23] /home/travis/build/icyphy/ptII/ptolemy/domains/de/test/auto/DepthTest5.xml (RunModel)" time="0.008" />
  <testcase classname="ptolemy.util.test.junit.AutoTests" name="[24] /home/travis/build/icyphy/ptII/ptolemy/domains/de/test/auto/DepthTest6.xml (RunModel)" time="0.008" />
  <testcase classname="ptolemy.util.test.junit.AutoTests" name="[25] /home/travis/build/icyphy/ptII/ptolemy/domains/de/test/auto/DepthTest7.xml (RunModel)" time="0.006" />
  <testcase classname="ptolemy.util.test.junit.AutoTests" name="[26] /home/travis/build/icyphy/ptII/ptolemy/domains/de/test/auto/EventToDate.xml (RunModel)" time="3.021" />
  <testcase classname="ptolemy.util.test.junit.AutoTests" name="[27] /home/travis/build/icyphy/ptII/ptolemy/domains/de/test/auto/FSM1.xml (RunModel)" time="0.024" />
  <testcase classname="ptolemy.util.test.junit.AutoTests" name="[28] /home/travis/build/icyphy/ptII/ptolemy/domains/de/test/auto/FSM7.xml (RunModel)" time="0.03" />
  <testcase classname="ptolemy.util.test.junit.AutoTests" name="[29] /home/travis/build/icyphy/ptII/ptolemy/domains/de/test/auto/Inspection.xml (RunModel)" time="0.028" />
  <testcase classname="ptolemy.util.test.junit.AutoTests" name="[30] /home/travis/build/icyphy/ptII/ptolemy/domains/de/test/auto/Iteration.xml (RunModel)" time="0.016" />
  <testcase classname="ptolemy.util.test.junit.AutoTests" name="[31] /home/travis/build/icyphy/ptII/ptolemy/domains/de/test/auto/LineFault.xml (RunModel)" time="0.376" />
  <testcase classname="ptolemy.util.test.junit.AutoTests" name="[32] /home/travis/build/icyphy/ptII/ptolemy/domains/de/test/auto/MergeModel1Add.xml (RunModel)" time="0.028" />
  <testcase classname="ptolemy.util.test.junit.AutoTests" name="[33] /home/travis/build/icyphy/ptII/ptolemy/domains/de/test/auto/MergeModel2Add.xml (RunModel)" time="0.024" />
  <testcase classname="ptolemy.util.test.junit.AutoTests" name="[34] /home/travis/build/icyphy/ptII/ptolemy/domains/de/test/auto/MergeModel3Add.xml (RunModel)" time="0.026" />
  <testcase classname="ptolemy.util.test.junit.AutoTests" name="[35] /home/travis/build/icyphy/ptII/ptolemy/domains/de/test/auto/MergeWithoutDiscard.xml (RunModel)" time="0.007" />
  <testcase classname="ptolemy.util.test.junit.AutoTests" name="[36] /home/travis/build/icyphy/ptII/ptolemy/domains/de/test/auto/Modal1.xml (RunModel)" time="0.017" />
  <testcase classname="ptolemy.util.test.junit.AutoTests" name="[37] /home/travis/build/icyphy/ptII/ptolemy/domains/de/test/auto/Modal2.xml (RunModel)" time="0.018" />
  <testcase classname="ptolemy.util.test.junit.AutoTests" name="[38] /home/travis/build/icyphy/ptII/ptolemy/domains/de/test/auto/Modal3.xml (RunModel)" time="0.018" />
  <testcase classname="ptolemy.util.test.junit.AutoTests" name="[39] /home/travis/build/icyphy/ptII/ptolemy/domains/de/test/auto/Modal4.xml (RunModel)" time="0.02" />
  <testcase classname="ptolemy.util.test.junit.AutoTests" name="[40] /home/travis/build/icyphy/ptII/ptolemy/domains/de/test/auto/Modal5.xml (RunModel)" time="0.019" />
  <testcase classname="ptolemy.util.test.junit.AutoTests" name="[41] /home/travis/build/icyphy/ptII/ptolemy/domains/de/test/auto/Modal6.xml (RunModel)" time="0.021" />
  <testcase classname="ptolemy.util.test.junit.AutoTests" name="[42] /home/travis/build/icyphy/ptII/ptolemy/domains/de/test/auto/Modal7.xml (RunModel)" time="0.018" />
  <testcase classname="ptolemy.util.test.junit.AutoTests" name="[43] /home/travis/build/icyphy/ptII/ptolemy/domains/de/test/auto/ModalModel.xml (RunModel)" time="0.101" />
  <testcase classname="ptolemy.util.test.junit.AutoTests" name="[44] /home/travis/build/icyphy/ptII/ptolemy/domains/de/test/auto/ModalSource.xml (RunModel)" time="0.011" />
  <testcase classname="ptolemy.util.test.junit.AutoTests" name="[45] /home/travis/build/icyphy/ptII/ptolemy/domains/de/test/auto/NonInterruptibleTimerZeroDelay.xml (RunModel)" time="0.008" />
  <testcase classname="ptolemy.util.test.junit.AutoTests" name="[46] /home/travis/build/icyphy/ptII/ptolemy/domains/de/test/auto/OpenQueueingNetwork.xml (RunModel)" time="1.583" />
  <testcase classname="ptolemy.util.test.junit.AutoTests" name="[47] /home/travis/build/icyphy/ptII/ptolemy/domains/de/test/auto/OpenQueuingNetwork.xml (RunModel)" time="0.262" />
  <testcase classname="ptolemy.util.test.junit.AutoTests" name="[48] /home/travis/build/icyphy/ptII/ptolemy/domains/de/test/auto/PeriodicSampler.xml (RunModel)" time="0.012" />
  <testcase classname="ptolemy.util.test.junit.AutoTests" name="[49] /home/travis/build/icyphy/ptII/ptolemy/domains/de/test/auto/PersistentIO.xml (RunModel)" time="0.022" />
  <testcase classname="ptolemy.util.test.junit.AutoTests" name="[50] /home/travis/build/icyphy/ptII/ptolemy/domains/de/test/auto/PortParameterResetOnInitialize.xml (RunModel)" time="0.008" />
  <testcase classname="ptolemy.util.test.junit.AutoTests" name="[51] /home/travis/build/icyphy/ptII/ptolemy/domains/de/test/auto/PortParameterUpdates.xml (RunModel)" time="0.015" />
  <testcase classname="ptolemy.util.test.junit.AutoTests" name="[52] /home/travis/build/icyphy/ptII/ptolemy/domains/de/test/auto/QueueAndServer.xml (RunModel)" time="0.019" />
  <testcase classname="ptolemy.util.test.junit.AutoTests" name="[53] /home/travis/build/icyphy/ptII/ptolemy/domains/de/test/auto/Records.xml (RunModel)" time="0.017" />
  <testcase classname="ptolemy.util.test.junit.AutoTests" name="[54] /home/travis/build/icyphy/ptII/ptolemy/domains/de/test/auto/ResetTransitionWithStartTime1.xml (RunModel)" time="0.018" />
  <testcase classname="ptolemy.util.test.junit.AutoTests" name="[55] /home/travis/build/icyphy/ptII/ptolemy/domains/de/test/auto/ResetTransitionWithStartTime2.xml (RunModel)" time="0.016" />
  <testcase classname="ptolemy.util.test.junit.AutoTests" name="[56] /home/travis/build/icyphy/ptII/ptolemy/domains/de/test/auto/ResetTransitionWithStartTime3.xml (RunModel)" time="0.017" />
  <testcase classname="ptolemy.util.test.junit.AutoTests" name="[57] /home/travis/build/icyphy/ptII/ptolemy/domains/de/test/auto/ResetTransitionWithStartTime4.xml (RunModel)" time="0.015" />
  <testcase classname="ptolemy.util.test.junit.AutoTests" name="[58] /home/travis/build/icyphy/ptII/ptolemy/domains/de/test/auto/ResettableTimer1.xml (RunModel)" time="0.011" />
  <testcase classname="ptolemy.util.test.junit.AutoTests" name="[59] /home/travis/build/icyphy/ptII/ptolemy/domains/de/test/auto/ResettableTimer2.xml (RunModel)" time="0.009" />
  <testcase classname="ptolemy.util.test.junit.AutoTests" name="[60] /home/travis/build/icyphy/ptII/ptolemy/domains/de/test/auto/ResettableTimer3.xml (RunModel)" time="0.008" />
  <testcase classname="ptolemy.util.test.junit.AutoTests" name="[61] /home/travis/build/icyphy/ptII/ptolemy/domains/de/test/auto/ResettableTimer4.xml (RunModel)" time="0.008" />
  <testcase classname="ptolemy.util.test.junit.AutoTests" name="[62] /home/travis/build/icyphy/ptII/ptolemy/domains/de/test/auto/ResettableTimer5.xml (RunModel)" time="0.008" />
  <testcase classname="ptolemy.util.test.junit.AutoTests" name="[63] /home/travis/build/icyphy/ptII/ptolemy/domains/de/test/auto/ResettableTimer6.xml (RunModel)" time="0.019" />
  <testcase classname="ptolemy.util.test.junit.AutoTests" name="[64] /home/travis/build/icyphy/ptII/ptolemy/domains/de/test/auto/ServerZeroDelay.xml (RunModel)" time="0.009" />
  <testcase classname="ptolemy.util.test.junit.AutoTests" name="[65] /home/travis/build/icyphy/ptII/ptolemy/domains/de/test/auto/SmartSender.xml (RunModel)" time="3.006" />
  <testcase classname="ptolemy.util.test.junit.AutoTests" name="[66] /home/travis/build/icyphy/ptII/ptolemy/domains/de/test/auto/ThreadedComposite.xml (RunModel)" time="0.133" />
  <testcase classname="ptolemy.util.test.junit.AutoTests" name="[67] /home/travis/build/icyphy/ptII/ptolemy/domains/de/test/auto/Time.xml (RunModel)" time="0.422" />
  <testcase classname="ptolemy.util.test.junit.AutoTests" name="[68] /home/travis/build/icyphy/ptII/ptolemy/domains/de/test/auto/TimeDelayZeroDelay.xml (RunModel)" time="0.012" />
  <testcase classname="ptolemy.util.test.junit.AutoTests" name="[69] /home/travis/build/icyphy/ptII/ptolemy/domains/de/test/auto/TimerZeroDelay.xml (RunModel)" time="0.009" />
  <testcase classname="ptolemy.util.test.junit.AutoTests" name="[70] /home/travis/build/icyphy/ptII/ptolemy/domains/de/test/auto/TimingParadox.xml (RunModel)" time="0.336" />
  <testcase classname="ptolemy.util.test.junit.AutoTests" name="[71] /home/travis/build/icyphy/ptII/ptolemy/domains/de/test/auto/TransferInputs.xml (RunModel)" time="0.008" />
  <testcase classname="ptolemy.util.test.junit.AutoTests" name="[72] /home/travis/build/icyphy/ptII/ptolemy/domains/de/test/auto/TransferOutputs2.xml (RunModel)" time="0.013" />
  <testcase classname="ptolemy.util.test.junit.AutoTests" name="[73] /home/travis/build/icyphy/ptII/ptolemy/domains/de/test/auto/Trilateration.xml (RunModel)" time="10.989" />
  <testcase classname="ptolemy.util.test.junit.AutoTests" name="[74] /home/travis/build/icyphy/ptII/ptolemy/domains/de/test/auto/TwoSigmaDelta.xml (RunModel)" time="1.956" />
  <testcase classname="ptolemy.util.test.junit.AutoTests" name="[75] /home/travis/build/icyphy/ptII/ptolemy/domains/de/test/auto/VariableDelay.xml (RunModel)" time="0.01" />
  <testcase classname="ptolemy.util.test.junit.AutoTests" name="[76] /home/travis/build/icyphy/ptII/ptolemy/domains/de/test/auto/VariableDelay2.xml (RunModel)" time="0.009" />
  <testcase classname="ptolemy.util.test.junit.AutoTests" name="[77] /home/travis/build/icyphy/ptII/ptolemy/domains/de/test/auto/VariableDelayZeroDelay.xml (RunModel)" time="0.01" />
  <testcase classname="ptolemy.util.test.junit.AutoTests" name="[78] /home/travis/build/icyphy/ptII/ptolemy/domains/de/test/auto/VariableDelayZeroDelay2.xml (RunModel)" time="0.009" />
  <testcase classname="ptolemy.util.test.junit.AutoTests" name="[79] /home/travis/build/icyphy/ptII/ptolemy/domains/de/test/auto/deInCt.xml (RunModel)" time="0.015" />
  <testcase classname="ptolemy.util.test.junit.AutoTests" name="[80] /home/travis/build/icyphy/ptII/ptolemy/domains/de/test/auto/deInCt2.xml (RunModel)" time="0.018" />
  <testcase classname="ptolemy.util.test.junit.AutoTests" name="[81] /home/travis/build/icyphy/ptII/ptolemy/domains/de/test/auto/dynamicCausalityInterface1.xml (RunModel)" time="0.017" />
  <testcase classname="ptolemy.util.test.junit.AutoTests" name="[82] /home/travis/build/icyphy/ptII/ptolemy/domains/de/test/auto/fsm_de_test.xml (RunModel)" time="0.022" />
  <testcase classname="ptolemy.util.test.junit.AutoTests" name="[83] /home/travis/build/icyphy/ptII/ptolemy/domains/de/test/auto/functionDependencyReconstruction.xml (RunModel)" time="0.029" />
  <testcase classname="ptolemy.util.test.junit.AutoTests" name="[84] /home/travis/build/icyphy/ptII/ptolemy/domains/de/test/auto/multirate.xml (RunModel)" time="0.014" />
  <testcase classname="ptolemy.util.test.junit.AutoTests" name="[85] /home/travis/build/icyphy/ptII/ptolemy/domains/de/test/auto/multirate2.xml (RunModel)" time="0.014" />
  <testcase classname="ptolemy.util.test.junit.AutoTests" name="[86] /home/travis/build/icyphy/ptII/ptolemy/domains/de/test/auto/realtime.xml (RunModel)" time="10.008" />
  <testcase classname="ptolemy.util.test.junit.AutoTests" name="[87] /home/travis/build/icyphy/ptII/ptolemy/domains/de/test/auto/relationGroup.xml (RunModel)" time="0.006" />
  <testcase classname="ptolemy.util.test.junit.AutoTests" name="[88] /home/travis/build/icyphy/ptII/ptolemy/domains/de/test/auto/relationGroup2.xml (RunModel)" time="0.005" />
  <testcase classname="ptolemy.util.test.junit.AutoTests" name="[89] /home/travis/build/icyphy/ptII/ptolemy/domains/de/test/auto/sortWithOpaquePorts.xml (RunModel)" time="0.013" />
  <testcase classname="ptolemy.util.test.junit.AutoTests" name="[90] /home/travis/build/icyphy/ptII/ptolemy/domains/de/test/auto/transferInputsandOutputs.xml (RunModel)" time="0.013" />
  <testcase classname="ptolemy.util.test.junit.AutoTests" name="[91] /home/travis/build/icyphy/ptII/ptolemy/domains/de/test/auto/triggerType.xml (RunModel)" time="0.006" />
  <system-out><![CDATA[/home/travis/build/icyphy/ptII/ptolemy/domains/de/test/DependencyLoop.tcl
testDefs.tcl: setting time out to 9000 seconds at Wed Jul 25 01:45:22 UTC 2018
14 ms. Memory: 116224K Free: 93897K (81%)
5 ms. Memory: 146944K Free: 135129K (92%)
/home/travis/build/icyphy/ptII/ptolemy/domains/de/test/RunDETestsAsQSS.tcl
Run the DE tests using ptolemy.domains.qss.test.QSSDirectorTest, which extends QSSDirector and prints a message in the constructors.
------------------ testing $PTII/ptolemy/domains/de/test/auto/knownFailedTests/dependencyLoop.xml (Known Failure) 
15 ms. Memory: 146944K Free: 132017K (90%)


==== $PTIIhome/travis/build/icyphy/ptII/ptolemy/domains/de/test/../../../../: Auto Automatic test in file $PTII/ptolemy/domains/de/test/auto/knownFailedTests/dependencyLoop.xml
==== Contents of test case:

	    # FIXME: we should use $relativeFilename here, but it
	    # might have backslashes under Windows, which causes no end
	    # of trouble.
	    createAndExecute $file
	    list {}
	
.... Test generated KNOWN error:
    while executing
ptolemy.kernel.util.IllegalActionException: Found a zero delay loop containing .dependencyLoop.original
  in .dependencyLoop and .dependencyLoop.original
	at ptolemy.actor.util.CausalityInterfaceForComposites._computeOutputPortDepth(CausalityInterfaceForComposites.java:759)
	at ptolemy.actor.util.CausalityInterfaceForComposites._computeInputDepth(CausalityInterfaceForComposites.java:696)
	at ptolemy.actor.util.CausalityInterfaceForComposites._computeOutputPortDepth(CausalityInterfaceForComposites.java:765)
	at ptolemy.actor.util.CausalityInterfaceForComposites._computeInputDepth(CausalityInterfaceForComposites.java:696)
	at ptolemy.actor.util.CausalityInterfaceForComposites._computeOutputPortDepth(CausalityInterfaceForComposites.java:765)
	at ptolemy.actor.util.CausalityInterfaceForComposites._computeInputDepth(CausalityInterfaceForComposites.java:696)
	at ptolemy.actor.util.CausalityInterfaceForComposites._computeActorDepth(CausalityInterfaceForComposites.java:532)
	at ptolemy.actor.util.CausalityInterfaceForComposites.checkForCycles(CausalityInterfaceForComposites.java:96)
	at ptolemy.domains.de.kernel.DEDirector.preinitialize(DEDirector.java:1338)
	at ptolemy.actor.CompositeActor.preinitialize(CompositeActor.java:1828)
	at ptolemy.actor.Manager.preinitializeAndResolveTypes(Manager.java:1040)
	at ptolemy.actor.Manager.initialize(Manager.java:710)
	at ptolemy.actor.Manager.execute(Manager.java:356)
	at ptolemy.actor.Manager.run(Manager.java:1263)
	at ptolemy.actor.Manager$PtolemyRunThread.run(Manager.java:1915)

    while executing
ptolemy.kernel.util.IllegalActionException: Found a zero delay loop containing .dependencyLoop.original
  in .dependencyLoop and .dependencyLoop.original
    while executing
"java::new ptolemy.moml.MoMLSimpleApplication $file
"
    (procedure "createAndExecute" line 2)
    invoked from within
"createAndExecute $file"
    ("uplevel" body line 5)
    invoked from within
"uplevel $contents_of_test"
------------------ testing $PTII/ptolemy/domains/de/test/auto/knownFailedTests/DESDFClockTest.xml (Known Failure) 
2095 ms. Memory: 146944K Free: 116601K (79%)


==== $PTIIhome/travis/build/icyphy/ptII/ptolemy/domains/de/test/../../../../: Auto Automatic test in file $PTII/ptolemy/domains/de/test/auto/knownFailedTests/DESDFClockTest.xml
==== Contents of test case:

	    # FIXME: we should use $relativeFilename here, but it
	    # might have backslashes under Windows, which causes no end
	    # of trouble.
	    createAndExecute $file
	    list {}
	
.... Test generated KNOWN error:
    while executing
ptolemy.kernel.util.IllegalActionException: Actor is not ready to fire.  Perhaps UpSample.prefire() returned false? Try debugging the actor by selecting "Listen to Actor".  Also, for SDF check moml for tokenConsumptionRate on input.
  in .DESDFClockTest.Play Bell.Copy1:SDF Director and .DESDFClockTest.Play Bell.UpSample
	at ptolemy.actor.sched.StaticSchedulingDirector.fire(StaticSchedulingDirector.java:227)
	at ptolemy.domains.sdf.kernel.SDFDirector.fire(SDFDirector.java:500)
	at ptolemy.actor.CompositeActor.fire(CompositeActor.java:455)
	at ptolemy.domains.de.kernel.DEDirector._fire(DEDirector.java:1949)
	at ptolemy.domains.de.kernel.DEDirector.fire(DEDirector.java:502)
	at ptolemy.actor.CompositeActor.fire(CompositeActor.java:455)
	at ptolemy.actor.Manager.iterate(Manager.java:851)
	at ptolemy.actor.Manager.execute(Manager.java:369)
	at ptolemy.actor.Manager.run(Manager.java:1263)
	at ptolemy.actor.Manager$PtolemyRunThread.run(Manager.java:1915)

    while executing
ptolemy.kernel.util.IllegalActionException: Actor is not ready to fire.  Perhaps UpSample.prefire() returned false? Try debugging the actor by selecting "Listen to Actor".  Also, for SDF check moml for tokenConsumptionRate on input.
  in .DESDFClockTest.Play Bell.Copy1:SDF Director and .DESDFClockTest.Play Bell.UpSample
    while executing
"java::new ptolemy.moml.MoMLSimpleApplication $file
"
    (procedure "createAndExecute" line 2)
    invoked from within
"createAndExecute $file"
    ("uplevel" body line 5)
    invoked from within
"uplevel $contents_of_test"
------------------ testing $PTII/ptolemy/domains/de/test/auto/knownFailedTests/FSMSource.xml (Known Failure) 
47 ms. Memory: 146944K Free: 107602K (73%)
!!!! Auto was marked as failing, but now passes
------------------ testing $PTII/ptolemy/domains/de/test/auto/knownFailedTests/dependencyLoop2.xml (Known Failure) 
10 ms. Memory: 146944K Free: 105719K (72%)


==== $PTIIhome/travis/build/icyphy/ptII/ptolemy/domains/de/test/../../../../: Auto Automatic test in file $PTII/ptolemy/domains/de/test/auto/knownFailedTests/dependencyLoop2.xml
==== Contents of test case:

	    # FIXME: we should use $relativeFilename here, but it
	    # might have backslashes under Windows, which causes no end
	    # of trouble.
	    createAndExecute $file
	    list {}
	
.... Test generated KNOWN error:
    while executing
ptolemy.kernel.util.IllegalActionException: Found a zero delay loop containing .dependencyLoop2.original
  in .dependencyLoop2 and .dependencyLoop2.original
	at ptolemy.actor.util.CausalityInterfaceForComposites._computeOutputPortDepth(CausalityInterfaceForComposites.java:759)
	at ptolemy.actor.util.CausalityInterfaceForComposites._computeInputDepth(CausalityInterfaceForComposites.java:696)
	at ptolemy.actor.util.CausalityInterfaceForComposites._computeOutputPortDepth(CausalityInterfaceForComposites.java:765)
	at ptolemy.actor.util.CausalityInterfaceForComposites._computeInputDepth(CausalityInterfaceForComposites.java:696)
	at ptolemy.actor.util.CausalityInterfaceForComposites._computeOutputPortDepth(CausalityInterfaceForComposites.java:765)
	at ptolemy.actor.util.CausalityInterfaceForComposites._computeInputDepth(CausalityInterfaceForComposites.java:696)
	at ptolemy.actor.util.CausalityInterfaceForComposites._computeActorDepth(CausalityInterfaceForComposites.java:532)
	at ptolemy.actor.util.CausalityInterfaceForComposites.checkForCycles(CausalityInterfaceForComposites.java:96)
	at ptolemy.domains.de.kernel.DEDirector.preinitialize(DEDirector.java:1338)
	at ptolemy.actor.CompositeActor.preinitialize(CompositeActor.java:1828)
	at ptolemy.actor.Manager.preinitializeAndResolveTypes(Manager.java:1040)
	at ptolemy.actor.Manager.initialize(Manager.java:710)
	at ptolemy.actor.Manager.execute(Manager.java:356)
	at ptolemy.actor.Manager.run(Manager.java:1263)
	at ptolemy.actor.Manager$PtolemyRunThread.run(Manager.java:1915)

    while executing
ptolemy.kernel.util.IllegalActionException: Found a zero delay loop containing .dependencyLoop2.original
  in .dependencyLoop2 and .dependencyLoop2.original
    while executing
"java::new ptolemy.moml.MoMLSimpleApplication $file
"
    (procedure "createAndExecute" line 2)
    invoked from within
"createAndExecute $file"
    ("uplevel" body line 5)
    invoked from within
"uplevel $contents_of_test"
------------------ testing $PTII/ptolemy/domains/de/test/auto/knownFailedTests/HierarchicalModel.xml (Known Failure) 
4 ms. Memory: 146944K Free: 84033K (57%)


==== $PTIIhome/travis/build/icyphy/ptII/ptolemy/domains/de/test/../../../../: Auto Automatic test in file $PTII/ptolemy/domains/de/test/auto/knownFailedTests/HierarchicalModel.xml
==== Contents of test case:

	    # FIXME: we should use $relativeFilename here, but it
	    # might have backslashes under Windows, which causes no end
	    # of trouble.
	    createAndExecute $file
	    list {}
	
.... Test generated KNOWN error:
    while executing
ptolemy.kernel.util.IllegalActionException: Found a zero delay loop containing .HierarchicalModel.A
  in .HierarchicalModel and .HierarchicalModel.A
	at ptolemy.actor.util.CausalityInterfaceForComposites._computeOutputPortDepth(CausalityInterfaceForComposites.java:759)
	at ptolemy.actor.util.CausalityInterfaceForComposites._computeInputDepth(CausalityInterfaceForComposites.java:696)
	at ptolemy.actor.util.CausalityInterfaceForComposites._computeOutputPortDepth(CausalityInterfaceForComposites.java:765)
	at ptolemy.actor.util.CausalityInterfaceForComposites._computeInputDepth(CausalityInterfaceForComposites.java:696)
	at ptolemy.actor.util.CausalityInterfaceForComposites._computeOutputPortDepth(CausalityInterfaceForComposites.java:765)
	at ptolemy.actor.util.CausalityInterfaceForComposites._computeInputDepth(CausalityInterfaceForComposites.java:696)
	at ptolemy.actor.util.CausalityInterfaceForComposites._computeActorDepth(CausalityInterfaceForComposites.java:532)
	at ptolemy.actor.util.CausalityInterfaceForComposites.checkForCycles(CausalityInterfaceForComposites.java:96)
	at ptolemy.domains.de.kernel.DEDirector.preinitialize(DEDirector.java:1338)
	at ptolemy.actor.CompositeActor.preinitialize(CompositeActor.java:1828)
	at ptolemy.actor.Manager.preinitializeAndResolveTypes(Manager.java:1040)
	at ptolemy.actor.Manager.initialize(Manager.java:710)
	at ptolemy.actor.Manager.execute(Manager.java:356)
	at ptolemy.actor.Manager.run(Manager.java:1263)
	at ptolemy.actor.Manager$PtolemyRunThread.run(Manager.java:1915)

    while executing
ptolemy.kernel.util.IllegalActionException: Found a zero delay loop containing .HierarchicalModel.A
  in .HierarchicalModel and .HierarchicalModel.A
    while executing
"java::new ptolemy.moml.MoMLSimpleApplication $file
"
    (procedure "createAndExecute" line 2)
    invoked from within
"createAndExecute $file"
    ("uplevel" body line 5)
    invoked from within
"uplevel $contents_of_test"
------------------ testing $PTII/ptolemy/domains/de/test/auto/knownFailedTests/DirectFeedback.xml (Known Failure) 
10 ms. Memory: 146944K Free: 141368K (96%)


==== $PTIIhome/travis/build/icyphy/ptII/ptolemy/domains/de/test/../../../../: Auto Automatic test in file $PTII/ptolemy/domains/de/test/auto/knownFailedTests/DirectFeedback.xml
==== Contents of test case:

	    # FIXME: we should use $relativeFilename here, but it
	    # might have backslashes under Windows, which causes no end
	    # of trouble.
	    createAndExecute $file
	    list {}
	
.... Test generated KNOWN error:
    while executing
ptolemy.kernel.util.IllegalActionException: Test fails in iteration 1.
Value was: 1.0. Should have been: 2.0
  in .DirectFeedback.Test
	at ptolemy.actor.lib.Test.fire(Test.java:268)
	at ptolemy.domains.de.kernel.DEDirector._fire(DEDirector.java:1949)
	at ptolemy.domains.de.kernel.DEDirector.fire(DEDirector.java:502)
	at ptolemy.actor.CompositeActor.fire(CompositeActor.java:455)
	at ptolemy.actor.Manager.iterate(Manager.java:851)
	at ptolemy.actor.Manager.execute(Manager.java:369)
	at ptolemy.actor.Manager.run(Manager.java:1263)
	at ptolemy.actor.Manager$PtolemyRunThread.run(Manager.java:1915)

    while executing
ptolemy.kernel.util.IllegalActionException: Test fails in iteration 1.
Value was: 1.0. Should have been: 2.0
  in .DirectFeedback.Test
    while executing
"java::new ptolemy.moml.MoMLSimpleApplication $file
"
    (procedure "createAndExecute" line 2)
    invoked from within
"createAndExecute $file"
    ("uplevel" body line 5)
    invoked from within
"uplevel $contents_of_test"
------------------ testing $PTII/ptolemy/domains/de/test/auto/ActorDepthCalculation_actorWithoutPorts.xml
auto.tcl: Setting watchdog for 200 seconds at Wed Jul 25 01:45:25 UTC 2018
6 ms. Memory: 146944K Free: 132383K (90%)
ptolemy.util.test.WatchDog.cancel(): canceling Wed Jul 25 01:45:26 UTC 2018
auto.tcl: Setting watchdog for 200 seconds at Wed Jul 25 01:45:26 UTC 2018
3 ms. Memory: 146944K Free: 131339K (89%)
ptolemy.util.test.WatchDog.cancel(): canceling Wed Jul 25 01:45:26 UTC 2018
------------------ testing $PTII/ptolemy/domains/de/test/auto/AssemblyLine.xml
auto.tcl: Setting watchdog for 200 seconds at Wed Jul 25 01:45:26 UTC 2018
11 ms. Memory: 208384K Free: 182813K (88%)
ptolemy.util.test.WatchDog.cancel(): canceling Wed Jul 25 01:45:26 UTC 2018
auto.tcl: Setting watchdog for 200 seconds at Wed Jul 25 01:45:26 UTC 2018
10 ms. Memory: 208384K Free: 182813K (88%)
ptolemy.util.test.WatchDog.cancel(): canceling Wed Jul 25 01:45:26 UTC 2018
------------------ testing $PTII/ptolemy/domains/de/test/auto/CQBug1.xml
auto.tcl: Setting watchdog for 200 seconds at Wed Jul 25 01:45:26 UTC 2018
11 ms. Memory: 208384K Free: 197704K (95%)
ptolemy.util.test.WatchDog.cancel(): canceling Wed Jul 25 01:45:26 UTC 2018
auto.tcl: Setting watchdog for 200 seconds at Wed Jul 25 01:45:26 UTC 2018
2 ms. Memory: 208384K Free: 197704K (95%)
ptolemy.util.test.WatchDog.cancel(): canceling Wed Jul 25 01:45:26 UTC 2018
------------------ testing $PTII/ptolemy/domains/de/test/auto/CancelFireAt.xml
auto.tcl: Setting watchdog for 200 seconds at Wed Jul 25 01:45:26 UTC 2018
3 ms. Memory: 208384K Free: 201434K (97%)
ptolemy.util.test.WatchDog.cancel(): canceling Wed Jul 25 01:45:26 UTC 2018
auto.tcl: Setting watchdog for 200 seconds at Wed Jul 25 01:45:26 UTC 2018
2 ms. Memory: 208384K Free: 199325K (96%)
ptolemy.util.test.WatchDog.cancel(): canceling Wed Jul 25 01:45:26 UTC 2018
------------------ testing $PTII/ptolemy/domains/de/test/auto/CausalityAndComposabilityAnalysis.xml
auto.tcl: Setting watchdog for 200 seconds at Wed Jul 25 01:45:26 UTC 2018
18 ms. Memory: 208384K Free: 196814K (94%)
ptolemy.util.test.WatchDog.cancel(): canceling Wed Jul 25 01:45:26 UTC 2018
auto.tcl: Setting watchdog for 200 seconds at Wed Jul 25 01:45:26 UTC 2018
14 ms. Memory: 208384K Free: 196476K (94%)
ptolemy.util.test.WatchDog.cancel(): canceling Wed Jul 25 01:45:26 UTC 2018
------------------ testing $PTII/ptolemy/domains/de/test/auto/CausalityInterface1.xml
auto.tcl: Setting watchdog for 200 seconds at Wed Jul 25 01:45:26 UTC 2018
15 ms. Memory: 208384K Free: 196413K (94%)
ptolemy.util.test.WatchDog.cancel(): canceling Wed Jul 25 01:45:26 UTC 2018
auto.tcl: Setting watchdog for 200 seconds at Wed Jul 25 01:45:26 UTC 2018
3 ms. Memory: 208384K Free: 196413K (94%)
ptolemy.util.test.WatchDog.cancel(): canceling Wed Jul 25 01:45:26 UTC 2018
------------------ testing $PTII/ptolemy/domains/de/test/auto/CausalityInterface15.xml
auto.tcl: Setting watchdog for 200 seconds at Wed Jul 25 01:45:27 UTC 2018
17 ms. Memory: 208384K Free: 196405K (94%)
ptolemy.util.test.WatchDog.cancel(): canceling Wed Jul 25 01:45:27 UTC 2018
auto.tcl: Setting watchdog for 200 seconds at Wed Jul 25 01:45:27 UTC 2018
9 ms. Memory: 208384K Free: 196405K (94%)
ptolemy.util.test.WatchDog.cancel(): canceling Wed Jul 25 01:45:27 UTC 2018
------------------ testing $PTII/ptolemy/domains/de/test/auto/CausalityInterface2.xml
auto.tcl: Setting watchdog for 200 seconds at Wed Jul 25 01:45:27 UTC 2018
7 ms. Memory: 208384K Free: 196387K (94%)
ptolemy.util.test.WatchDog.cancel(): canceling Wed Jul 25 01:45:27 UTC 2018
auto.tcl: Setting watchdog for 200 seconds at Wed Jul 25 01:45:27 UTC 2018
2 ms. Memory: 208384K Free: 196387K (94%)
ptolemy.util.test.WatchDog.cancel(): canceling Wed Jul 25 01:45:27 UTC 2018
------------------ testing $PTII/ptolemy/domains/de/test/auto/CausalityInterface3.xml
auto.tcl: Setting watchdog for 200 seconds at Wed Jul 25 01:45:27 UTC 2018
4 ms. Memory: 208384K Free: 196738K (94%)
ptolemy.util.test.WatchDog.cancel(): canceling Wed Jul 25 01:45:27 UTC 2018
auto.tcl: Setting watchdog for 200 seconds at Wed Jul 25 01:45:27 UTC 2018
12 ms. Memory: 208384K Free: 196738K (94%)
ptolemy.util.test.WatchDog.cancel(): canceling Wed Jul 25 01:45:27 UTC 2018
------------------ testing $PTII/ptolemy/domains/de/test/auto/ClockDrift.xml
auto.tcl: Setting watchdog for 200 seconds at Wed Jul 25 01:45:27 UTC 2018
85 ms. Memory: 208384K Free: 187604K (90%)
ptolemy.util.test.WatchDog.cancel(): canceling Wed Jul 25 01:45:27 UTC 2018
auto.tcl: Setting watchdog for 200 seconds at Wed Jul 25 01:45:27 UTC 2018
30 ms. Memory: 208384K Free: 185495K (89%)
ptolemy.util.test.WatchDog.cancel(): canceling Wed Jul 25 01:45:27 UTC 2018
------------------ testing $PTII/ptolemy/domains/de/test/auto/ClockDriftAndValueChange.xml
auto.tcl: Setting watchdog for 200 seconds at Wed Jul 25 01:45:27 UTC 2018
48 ms. Memory: 208384K Free: 187436K (90%)
ptolemy.util.test.WatchDog.cancel(): canceling Wed Jul 25 01:45:27 UTC 2018
auto.tcl: Setting watchdog for 200 seconds at Wed Jul 25 01:45:27 UTC 2018
27 ms. Memory: 208384K Free: 185328K (89%)
ptolemy.util.test.WatchDog.cancel(): canceling Wed Jul 25 01:45:27 UTC 2018
------------------ testing $PTII/ptolemy/domains/de/test/auto/ClockDriftChange.xml
auto.tcl: Setting watchdog for 200 seconds at Wed Jul 25 01:45:27 UTC 2018
35 ms. Memory: 208384K Free: 190518K (91%)
ptolemy.util.test.WatchDog.cancel(): canceling Wed Jul 25 01:45:27 UTC 2018
auto.tcl: Setting watchdog for 200 seconds at Wed Jul 25 01:45:27 UTC 2018
25 ms. Memory: 208384K Free: 188409K (90%)
ptolemy.util.test.WatchDog.cancel(): canceling Wed Jul 25 01:45:27 UTC 2018
------------------ testing $PTII/ptolemy/domains/de/test/auto/ComposableCausalityAnalysis.xml
auto.tcl: Setting watchdog for 200 seconds at Wed Jul 25 01:45:27 UTC 2018
3 ms. Memory: 208384K Free: 196000K (94%)
ptolemy.util.test.WatchDog.cancel(): canceling Wed Jul 25 01:45:27 UTC 2018
auto.tcl: Setting watchdog for 200 seconds at Wed Jul 25 01:45:27 UTC 2018
2 ms. Memory: 208384K Free: 193891K (93%)
ptolemy.util.test.WatchDog.cancel(): canceling Wed Jul 25 01:45:27 UTC 2018
------------------ testing $PTII/ptolemy/domains/de/test/auto/DEFixedPointLimitation.xml
auto.tcl: Setting watchdog for 200 seconds at Wed Jul 25 01:45:27 UTC 2018
1 ms. Memory: 208384K Free: 196081K (94%)
ptolemy.util.test.WatchDog.cancel(): canceling Wed Jul 25 01:45:27 UTC 2018
auto.tcl: Setting watchdog for 200 seconds at Wed Jul 25 01:45:27 UTC 2018
1 ms. Memory: 208384K Free: 196081K (94%)
ptolemy.util.test.WatchDog.cancel(): canceling Wed Jul 25 01:45:27 UTC 2018
------------------ testing $PTII/ptolemy/domains/de/test/auto/DEScheduleTest.xml
auto.tcl: Setting watchdog for 200 seconds at Wed Jul 25 01:45:28 UTC 2018
3 ms. Memory: 208384K Free: 198225K (95%)
ptolemy.util.test.WatchDog.cancel(): canceling Wed Jul 25 01:45:28 UTC 2018
auto.tcl: Setting watchdog for 200 seconds at Wed Jul 25 01:45:28 UTC 2018
5 ms. Memory: 208384K Free: 196116K (94%)
ptolemy.util.test.WatchDog.cancel(): canceling Wed Jul 25 01:45:28 UTC 2018
------------------ testing $PTII/ptolemy/domains/de/test/auto/DEinDEwithStartTimes.xml
auto.tcl: Setting watchdog for 200 seconds at Wed Jul 25 01:45:28 UTC 2018
3 ms. Memory: 208384K Free: 196086K (94%)
ptolemy.util.test.WatchDog.cancel(): canceling Wed Jul 25 01:45:28 UTC 2018
auto.tcl: Setting watchdog for 200 seconds at Wed Jul 25 01:45:28 UTC 2018
3 ms. Memory: 208384K Free: 193977K (93%)
ptolemy.util.test.WatchDog.cancel(): canceling Wed Jul 25 01:45:28 UTC 2018
------------------ testing $PTII/ptolemy/domains/de/test/auto/DEinDEwithStartTimes2.xml
auto.tcl: Setting watchdog for 200 seconds at Wed Jul 25 01:45:28 UTC 2018
11 ms. Memory: 208384K Free: 196066K (94%)
ptolemy.util.test.WatchDog.cancel(): canceling Wed Jul 25 01:45:28 UTC 2018
auto.tcl: Setting watchdog for 200 seconds at Wed Jul 25 01:45:28 UTC 2018
8 ms. Memory: 208384K Free: 193957K (93%)
ptolemy.util.test.WatchDog.cancel(): canceling Wed Jul 25 01:45:28 UTC 2018
------------------ testing $PTII/ptolemy/domains/de/test/auto/DateDemo.xml
auto.tcl: Setting watchdog for 200 seconds at Wed Jul 25 01:45:28 UTC 2018
8 ms. Memory: 208384K Free: 188469K (90%)
ptolemy.util.test.WatchDog.cancel(): canceling Wed Jul 25 01:45:28 UTC 2018
auto.tcl: Setting watchdog for 200 seconds at Wed Jul 25 01:45:28 UTC 2018
8 ms. Memory: 208384K Free: 186360K (89%)
ptolemy.util.test.WatchDog.cancel(): canceling Wed Jul 25 01:45:28 UTC 2018
------------------ testing $PTII/ptolemy/domains/de/test/auto/DateToEvent.xml
auto.tcl: Setting watchdog for 200 seconds at Wed Jul 25 01:45:28 UTC 2018
2009 ms. Memory: 208384K Free: 183149K (88%)
ptolemy.util.test.WatchDog.cancel(): canceling Wed Jul 25 01:45:30 UTC 2018
auto.tcl: Setting watchdog for 200 seconds at Wed Jul 25 01:45:30 UTC 2018
2004 ms. Memory: 208384K Free: 183149K (88%)
ptolemy.util.test.WatchDog.cancel(): canceling Wed Jul 25 01:45:32 UTC 2018
------------------ testing $PTII/ptolemy/domains/de/test/auto/DepthTest1.xml
auto.tcl: Setting watchdog for 200 seconds at Wed Jul 25 01:45:32 UTC 2018
3 ms. Memory: 208384K Free: 197753K (95%)
ptolemy.util.test.WatchDog.cancel(): canceling Wed Jul 25 01:45:32 UTC 2018
auto.tcl: Setting watchdog for 200 seconds at Wed Jul 25 01:45:32 UTC 2018
1 ms. Memory: 208384K Free: 197753K (95%)
ptolemy.util.test.WatchDog.cancel(): canceling Wed Jul 25 01:45:32 UTC 2018
------------------ testing $PTII/ptolemy/domains/de/test/auto/DepthTest2.xml
auto.tcl: Setting watchdog for 200 seconds at Wed Jul 25 01:45:32 UTC 2018
2 ms. Memory: 208384K Free: 193937K (93%)
ptolemy.util.test.WatchDog.cancel(): canceling Wed Jul 25 01:45:32 UTC 2018
auto.tcl: Setting watchdog for 200 seconds at Wed Jul 25 01:45:32 UTC 2018
7 ms. Memory: 208384K Free: 193937K (93%)
ptolemy.util.test.WatchDog.cancel(): canceling Wed Jul 25 01:45:32 UTC 2018
------------------ testing $PTII/ptolemy/domains/de/test/auto/DepthTest3.xml
auto.tcl: Setting watchdog for 200 seconds at Wed Jul 25 01:45:32 UTC 2018
3 ms. Memory: 208384K Free: 198425K (95%)
ptolemy.util.test.WatchDog.cancel(): canceling Wed Jul 25 01:45:32 UTC 2018
auto.tcl: Setting watchdog for 200 seconds at Wed Jul 25 01:45:32 UTC 2018
1 ms. Memory: 208384K Free: 198425K (95%)
ptolemy.util.test.WatchDog.cancel(): canceling Wed Jul 25 01:45:32 UTC 2018
------------------ testing $PTII/ptolemy/domains/de/test/auto/DepthTest4.xml
auto.tcl: Setting watchdog for 200 seconds at Wed Jul 25 01:45:32 UTC 2018
2 ms. Memory: 208384K Free: 196066K (94%)
ptolemy.util.test.WatchDog.cancel(): canceling Wed Jul 25 01:45:32 UTC 2018
auto.tcl: Setting watchdog for 200 seconds at Wed Jul 25 01:45:32 UTC 2018
4 ms. Memory: 208384K Free: 196066K (94%)
ptolemy.util.test.WatchDog.cancel(): canceling Wed Jul 25 01:45:32 UTC 2018
------------------ testing $PTII/ptolemy/domains/de/test/auto/DepthTest5.xml
auto.tcl: Setting watchdog for 200 seconds at Wed Jul 25 01:45:32 UTC 2018
3 ms. Memory: 208384K Free: 196013K (94%)
ptolemy.util.test.WatchDog.cancel(): canceling Wed Jul 25 01:45:32 UTC 2018
auto.tcl: Setting watchdog for 200 seconds at Wed Jul 25 01:45:32 UTC 2018
2 ms. Memory: 208384K Free: 196013K (94%)
ptolemy.util.test.WatchDog.cancel(): canceling Wed Jul 25 01:45:32 UTC 2018
------------------ testing $PTII/ptolemy/domains/de/test/auto/DepthTest6.xml
auto.tcl: Setting watchdog for 200 seconds at Wed Jul 25 01:45:32 UTC 2018
9 ms. Memory: 208384K Free: 195972K (94%)
ptolemy.util.test.WatchDog.cancel(): canceling Wed Jul 25 01:45:32 UTC 2018
auto.tcl: Setting watchdog for 200 seconds at Wed Jul 25 01:45:32 UTC 2018
3 ms. Memory: 208384K Free: 195972K (94%)
ptolemy.util.test.WatchDog.cancel(): canceling Wed Jul 25 01:45:32 UTC 2018
------------------ testing $PTII/ptolemy/domains/de/test/auto/DepthTest7.xml
auto.tcl: Setting watchdog for 200 seconds at Wed Jul 25 01:45:32 UTC 2018
2 ms. Memory: 208384K Free: 195970K (94%)
ptolemy.util.test.WatchDog.cancel(): canceling Wed Jul 25 01:45:32 UTC 2018
auto.tcl: Setting watchdog for 200 seconds at Wed Jul 25 01:45:32 UTC 2018
2 ms. Memory: 208384K Free: 195970K (94%)
ptolemy.util.test.WatchDog.cancel(): canceling Wed Jul 25 01:45:32 UTC 2018
------------------ testing $PTII/ptolemy/domains/de/test/auto/EventToDate.xml
auto.tcl: Setting watchdog for 200 seconds at Wed Jul 25 01:45:32 UTC 2018
3008 ms. Memory: 208384K Free: 185447K (89%)
ptolemy.util.test.WatchDog.cancel(): canceling Wed Jul 25 01:45:36 UTC 2018
auto.tcl: Setting watchdog for 200 seconds at Wed Jul 25 01:45:36 UTC 2018
3004 ms. Memory: 208384K Free: 185447K (89%)
ptolemy.util.test.WatchDog.cancel(): canceling Wed Jul 25 01:45:39 UTC 2018
------------------ testing $PTII/ptolemy/domains/de/test/auto/FSM1.xml
auto.tcl: Setting watchdog for 200 seconds at Wed Jul 25 01:45:39 UTC 2018
34 ms. Memory: 208384K Free: 186548K (90%)
ptolemy.util.test.WatchDog.cancel(): canceling Wed Jul 25 01:45:39 UTC 2018
auto.tcl: Setting watchdog for 200 seconds at Wed Jul 25 01:45:39 UTC 2018
23 ms. Memory: 208384K Free: 182330K (87%)
ptolemy.util.test.WatchDog.cancel(): canceling Wed Jul 25 01:45:39 UTC 2018
------------------ testing $PTII/ptolemy/domains/de/test/auto/FSM7.xml
auto.tcl: Setting watchdog for 200 seconds at Wed Jul 25 01:45:39 UTC 2018
21 ms. Memory: 208384K Free: 187099K (90%)
ptolemy.util.test.WatchDog.cancel(): canceling Wed Jul 25 01:45:39 UTC 2018
auto.tcl: Setting watchdog for 200 seconds at Wed Jul 25 01:45:39 UTC 2018
13 ms. Memory: 208384K Free: 184990K (89%)
ptolemy.util.test.WatchDog.cancel(): canceling Wed Jul 25 01:45:39 UTC 2018
------------------ testing $PTII/ptolemy/domains/de/test/auto/Inspection.xml
auto.tcl: Setting watchdog for 200 seconds at Wed Jul 25 01:45:39 UTC 2018
25 ms. Memory: 208384K Free: 188313K (90%)
ptolemy.util.test.WatchDog.cancel(): canceling Wed Jul 25 01:45:39 UTC 2018
auto.tcl: Setting watchdog for 200 seconds at Wed Jul 25 01:45:39 UTC 2018
21 ms. Memory: 208384K Free: 186205K (89%)
ptolemy.util.test.WatchDog.cancel(): canceling Wed Jul 25 01:45:39 UTC 2018
------------------ testing $PTII/ptolemy/domains/de/test/auto/Iteration.xml
auto.tcl: Setting watchdog for 200 seconds at Wed Jul 25 01:45:39 UTC 2018
6 ms. Memory: 208384K Free: 196115K (94%)
ptolemy.util.test.WatchDog.cancel(): canceling Wed Jul 25 01:45:39 UTC 2018
auto.tcl: Setting watchdog for 200 seconds at Wed Jul 25 01:45:39 UTC 2018
8 ms. Memory: 208384K Free: 194006K (93%)
ptolemy.util.test.WatchDog.cancel(): canceling Wed Jul 25 01:45:39 UTC 2018
------------------ testing $PTII/ptolemy/domains/de/test/auto/LineFault.xml
auto.tcl: Setting watchdog for 200 seconds at Wed Jul 25 01:45:39 UTC 2018
691 ms. Memory: 208384K Free: 195942K (94%)
ptolemy.util.test.WatchDog.cancel(): canceling Wed Jul 25 01:45:40 UTC 2018
auto.tcl: Setting watchdog for 200 seconds at Wed Jul 25 01:45:40 UTC 2018
565 ms. Memory: 208384K Free: 138366K (66%)
ptolemy.util.test.WatchDog.cancel(): canceling Wed Jul 25 01:45:41 UTC 2018
------------------ testing $PTII/ptolemy/domains/de/test/auto/MergeModel1Add.xml
auto.tcl: Setting watchdog for 200 seconds at Wed Jul 25 01:45:41 UTC 2018
29 ms. Memory: 331264K Free: 298602K (90%)
ptolemy.util.test.WatchDog.cancel(): canceling Wed Jul 25 01:45:41 UTC 2018
auto.tcl: Setting watchdog for 200 seconds at Wed Jul 25 01:45:41 UTC 2018
10 ms. Memory: 331264K Free: 298602K (90%)
ptolemy.util.test.WatchDog.cancel(): canceling Wed Jul 25 01:45:41 UTC 2018
------------------ testing $PTII/ptolemy/domains/de/test/auto/MergeModel2Add.xml
auto.tcl: Setting watchdog for 200 seconds at Wed Jul 25 01:45:41 UTC 2018
8 ms. Memory: 331264K Free: 303890K (92%)
ptolemy.util.test.WatchDog.cancel(): canceling Wed Jul 25 01:45:41 UTC 2018
auto.tcl: Setting watchdog for 200 seconds at Wed Jul 25 01:45:41 UTC 2018
7 ms. Memory: 331264K Free: 299940K (91%)
ptolemy.util.test.WatchDog.cancel(): canceling Wed Jul 25 01:45:41 UTC 2018
------------------ testing $PTII/ptolemy/domains/de/test/auto/MergeModel3Add.xml
auto.tcl: Setting watchdog for 200 seconds at Wed Jul 25 01:45:41 UTC 2018
9 ms. Memory: 331264K Free: 303900K (92%)
ptolemy.util.test.WatchDog.cancel(): canceling Wed Jul 25 01:45:41 UTC 2018
auto.tcl: Setting watchdog for 200 seconds at Wed Jul 25 01:45:41 UTC 2018
7 ms. Memory: 331264K Free: 299950K (91%)
ptolemy.util.test.WatchDog.cancel(): canceling Wed Jul 25 01:45:41 UTC 2018
------------------ testing $PTII/ptolemy/domains/de/test/auto/MergeWithoutDiscard.xml
auto.tcl: Setting watchdog for 200 seconds at Wed Jul 25 01:45:41 UTC 2018
3 ms. Memory: 331264K Free: 319983K (97%)
ptolemy.util.test.WatchDog.cancel(): canceling Wed Jul 25 01:45:41 UTC 2018
auto.tcl: Setting watchdog for 200 seconds at Wed Jul 25 01:45:41 UTC 2018
2 ms. Memory: 331264K Free: 315748K (95%)
ptolemy.util.test.WatchDog.cancel(): canceling Wed Jul 25 01:45:41 UTC 2018
------------------ testing $PTII/ptolemy/domains/de/test/auto/Modal1.xml
auto.tcl: Setting watchdog for 200 seconds at Wed Jul 25 01:45:41 UTC 2018
16 ms. Memory: 331264K Free: 309638K (93%)
ptolemy.util.test.WatchDog.cancel(): canceling Wed Jul 25 01:45:41 UTC 2018
auto.tcl: Setting watchdog for 200 seconds at Wed Jul 25 01:45:41 UTC 2018
21 ms. Memory: 331264K Free: 305688K (92%)
ptolemy.util.test.WatchDog.cancel(): canceling Wed Jul 25 01:45:41 UTC 2018
------------------ testing $PTII/ptolemy/domains/de/test/auto/Modal2.xml
auto.tcl: Setting watchdog for 200 seconds at Wed Jul 25 01:45:41 UTC 2018
23 ms. Memory: 331264K Free: 304604K (92%)
ptolemy.util.test.WatchDog.cancel(): canceling Wed Jul 25 01:45:41 UTC 2018
auto.tcl: Setting watchdog for 200 seconds at Wed Jul 25 01:45:41 UTC 2018
17 ms. Memory: 331264K Free: 300654K (91%)
ptolemy.util.test.WatchDog.cancel(): canceling Wed Jul 25 01:45:41 UTC 2018
------------------ testing $PTII/ptolemy/domains/de/test/auto/Modal3.xml
auto.tcl: Setting watchdog for 200 seconds at Wed Jul 25 01:45:41 UTC 2018
15 ms. Memory: 331264K Free: 309795K (94%)
ptolemy.util.test.WatchDog.cancel(): canceling Wed Jul 25 01:45:41 UTC 2018
auto.tcl: Setting watchdog for 200 seconds at Wed Jul 25 01:45:41 UTC 2018
13 ms. Memory: 331264K Free: 305559K (92%)
ptolemy.util.test.WatchDog.cancel(): canceling Wed Jul 25 01:45:41 UTC 2018
------------------ testing $PTII/ptolemy/domains/de/test/auto/Modal4.xml
auto.tcl: Setting watchdog for 200 seconds at Wed Jul 25 01:45:41 UTC 2018
23 ms. Memory: 331264K Free: 309523K (93%)
ptolemy.util.test.WatchDog.cancel(): canceling Wed Jul 25 01:45:41 UTC 2018
auto.tcl: Setting watchdog for 200 seconds at Wed Jul 25 01:45:41 UTC 2018
22 ms. Memory: 331264K Free: 305573K (92%)
ptolemy.util.test.WatchDog.cancel(): canceling Wed Jul 25 01:45:41 UTC 2018
------------------ testing $PTII/ptolemy/domains/de/test/auto/Modal5.xml
auto.tcl: Setting watchdog for 200 seconds at Wed Jul 25 01:45:41 UTC 2018
18 ms. Memory: 331264K Free: 309510K (93%)
ptolemy.util.test.WatchDog.cancel(): canceling Wed Jul 25 01:45:42 UTC 2018
auto.tcl: Setting watchdog for 200 seconds at Wed Jul 25 01:45:42 UTC 2018
12 ms. Memory: 331264K Free: 305560K (92%)
ptolemy.util.test.WatchDog.cancel(): canceling Wed Jul 25 01:45:42 UTC 2018
------------------ testing $PTII/ptolemy/domains/de/test/auto/Modal6.xml
auto.tcl: Setting watchdog for 200 seconds at Wed Jul 25 01:45:42 UTC 2018
10 ms. Memory: 331264K Free: 309508K (93%)
ptolemy.util.test.WatchDog.cancel(): canceling Wed Jul 25 01:45:42 UTC 2018
auto.tcl: Setting watchdog for 200 seconds at Wed Jul 25 01:45:42 UTC 2018
12 ms. Memory: 331264K Free: 305558K (92%)
ptolemy.util.test.WatchDog.cancel(): canceling Wed Jul 25 01:45:42 UTC 2018
------------------ testing $PTII/ptolemy/domains/de/test/auto/Modal7.xml
auto.tcl: Setting watchdog for 200 seconds at Wed Jul 25 01:45:42 UTC 2018
10 ms. Memory: 331264K Free: 309508K (93%)
ptolemy.util.test.WatchDog.cancel(): canceling Wed Jul 25 01:45:42 UTC 2018
auto.tcl: Setting watchdog for 200 seconds at Wed Jul 25 01:45:42 UTC 2018
9 ms. Memory: 331264K Free: 305558K (92%)
ptolemy.util.test.WatchDog.cancel(): canceling Wed Jul 25 01:45:42 UTC 2018
------------------ testing $PTII/ptolemy/domains/de/test/auto/ModalModel.xml
auto.tcl: Setting watchdog for 200 seconds at Wed Jul 25 01:45:42 UTC 2018
204 ms. Memory: 331264K Free: 245831K (74%)
ptolemy.util.test.WatchDog.cancel(): canceling Wed Jul 25 01:45:42 UTC 2018
auto.tcl: Setting watchdog for 200 seconds at Wed Jul 25 01:45:42 UTC 2018
165 ms. Memory: 331264K Free: 190370K (57%)
ptolemy.util.test.WatchDog.cancel(): canceling Wed Jul 25 01:45:42 UTC 2018
------------------ testing $PTII/ptolemy/domains/de/test/auto/ModalSource.xml
auto.tcl: Setting watchdog for 200 seconds at Wed Jul 25 01:45:42 UTC 2018
9 ms. Memory: 331264K Free: 316283K (95%)
ptolemy.util.test.WatchDog.cancel(): canceling Wed Jul 25 01:45:42 UTC 2018
auto.tcl: Setting watchdog for 200 seconds at Wed Jul 25 01:45:42 UTC 2018
5 ms. Memory: 331264K Free: 312751K (94%)
ptolemy.util.test.WatchDog.cancel(): canceling Wed Jul 25 01:45:42 UTC 2018
------------------ testing $PTII/ptolemy/domains/de/test/auto/NonInterruptibleTimerZeroDelay.xml
auto.tcl: Setting watchdog for 200 seconds at Wed Jul 25 01:45:42 UTC 2018
4 ms. Memory: 331264K Free: 320654K (97%)
ptolemy.util.test.WatchDog.cancel(): canceling Wed Jul 25 01:45:42 UTC 2018
auto.tcl: Setting watchdog for 200 seconds at Wed Jul 25 01:45:42 UTC 2018
2 ms. Memory: 331264K Free: 317121K (96%)
ptolemy.util.test.WatchDog.cancel(): canceling Wed Jul 25 01:45:42 UTC 2018
------------------ testing $PTII/ptolemy/domains/de/test/auto/OpenQueueingNetwork.xml
auto.tcl: Setting watchdog for 200 seconds at Wed Jul 25 01:45:42 UTC 2018
2505 ms. Memory: 573952K Free: 405703K (71%)
ptolemy.util.test.WatchDog.cancel(): canceling Wed Jul 25 01:45:45 UTC 2018
auto.tcl: Setting watchdog for 200 seconds at Wed Jul 25 01:45:45 UTC 2018
2296 ms. Memory: 550912K Free: 303101K (55%)
ptolemy.util.test.WatchDog.cancel(): canceling Wed Jul 25 01:45:47 UTC 2018
------------------ testing $PTII/ptolemy/domains/de/test/auto/OpenQueuingNetwork.xml
auto.tcl: Setting watchdog for 200 seconds at Wed Jul 25 01:45:47 UTC 2018
227 ms. Memory: 549888K Free: 444609K (81%)
ptolemy.util.test.WatchDog.cancel(): canceling Wed Jul 25 01:45:48 UTC 2018
auto.tcl: Setting watchdog for 200 seconds at Wed Jul 25 01:45:48 UTC 2018
195 ms. Memory: 549888K Free: 384413K (70%)
ptolemy.util.test.WatchDog.cancel(): canceling Wed Jul 25 01:45:48 UTC 2018
------------------ testing $PTII/ptolemy/domains/de/test/auto/PeriodicSampler.xml
auto.tcl: Setting watchdog for 200 seconds at Wed Jul 25 01:45:48 UTC 2018
2 ms. Memory: 551936K Free: 530408K (96%)
ptolemy.util.test.WatchDog.cancel(): canceling Wed Jul 25 01:45:48 UTC 2018
auto.tcl: Setting watchdog for 200 seconds at Wed Jul 25 01:45:48 UTC 2018
2 ms. Memory: 551936K Free: 530408K (96%)
ptolemy.util.test.WatchDog.cancel(): canceling Wed Jul 25 01:45:48 UTC 2018
------------------ testing $PTII/ptolemy/domains/de/test/auto/PersistentIO.xml
auto.tcl: Setting watchdog for 200 seconds at Wed Jul 25 01:45:48 UTC 2018
13 ms. Memory: 549376K Free: 521972K (95%)
ptolemy.util.test.WatchDog.cancel(): canceling Wed Jul 25 01:45:48 UTC 2018
auto.tcl: Setting watchdog for 200 seconds at Wed Jul 25 01:45:48 UTC 2018
3 ms. Memory: 549376K Free: 521972K (95%)
ptolemy.util.test.WatchDog.cancel(): canceling Wed Jul 25 01:45:48 UTC 2018
------------------ testing $PTII/ptolemy/domains/de/test/auto/PortParameterResetOnInitialize.xml
auto.tcl: Setting watchdog for 200 seconds at Wed Jul 25 01:45:48 UTC 2018
2 ms. Memory: 551424K Free: 530356K (96%)
ptolemy.util.test.WatchDog.cancel(): canceling Wed Jul 25 01:45:48 UTC 2018
auto.tcl: Setting watchdog for 200 seconds at Wed Jul 25 01:45:48 UTC 2018
2 ms. Memory: 551424K Free: 530356K (96%)
ptolemy.util.test.WatchDog.cancel(): canceling Wed Jul 25 01:45:48 UTC 2018
------------------ testing $PTII/ptolemy/domains/de/test/auto/PortParameterUpdates.xml
auto.tcl: Setting watchdog for 200 seconds at Wed Jul 25 01:45:48 UTC 2018
3 ms. Memory: 549376K Free: 533121K (97%)
ptolemy.util.test.WatchDog.cancel(): canceling Wed Jul 25 01:45:48 UTC 2018
auto.tcl: Setting watchdog for 200 seconds at Wed Jul 25 01:45:48 UTC 2018
4 ms. Memory: 549376K Free: 526433K (96%)
ptolemy.util.test.WatchDog.cancel(): canceling Wed Jul 25 01:45:48 UTC 2018
------------------ testing $PTII/ptolemy/domains/de/test/auto/QueueAndServer.xml
auto.tcl: Setting watchdog for 200 seconds at Wed Jul 25 01:45:48 UTC 2018
10 ms. Memory: 551424K Free: 535133K (97%)
ptolemy.util.test.WatchDog.cancel(): canceling Wed Jul 25 01:45:48 UTC 2018
auto.tcl: Setting watchdog for 200 seconds at Wed Jul 25 01:45:48 UTC 2018
5 ms. Memory: 551424K Free: 528429K (96%)
ptolemy.util.test.WatchDog.cancel(): canceling Wed Jul 25 01:45:48 UTC 2018
------------------ testing $PTII/ptolemy/domains/de/test/auto/Records.xml
auto.tcl: Setting watchdog for 200 seconds at Wed Jul 25 01:45:48 UTC 2018
2 ms. Memory: 549376K Free: 533026K (97%)
ptolemy.util.test.WatchDog.cancel(): canceling Wed Jul 25 01:45:48 UTC 2018
auto.tcl: Setting watchdog for 200 seconds at Wed Jul 25 01:45:48 UTC 2018
2 ms. Memory: 549376K Free: 533026K (97%)
ptolemy.util.test.WatchDog.cancel(): canceling Wed Jul 25 01:45:48 UTC 2018
------------------ testing $PTII/ptolemy/domains/de/test/auto/ResetTransitionWithStartTime1.xml
auto.tcl: Setting watchdog for 200 seconds at Wed Jul 25 01:45:48 UTC 2018
17 ms. Memory: 551424K Free: 528413K (96%)
ptolemy.util.test.WatchDog.cancel(): canceling Wed Jul 25 01:45:48 UTC 2018
auto.tcl: Setting watchdog for 200 seconds at Wed Jul 25 01:45:48 UTC 2018
4 ms. Memory: 551424K Free: 528413K (96%)
ptolemy.util.test.WatchDog.cancel(): canceling Wed Jul 25 01:45:48 UTC 2018
------------------ testing $PTII/ptolemy/domains/de/test/auto/ResetTransitionWithStartTime2.xml
auto.tcl: Setting watchdog for 200 seconds at Wed Jul 25 01:45:49 UTC 2018
7 ms. Memory: 549376K Free: 526584K (96%)
ptolemy.util.test.WatchDog.cancel(): canceling Wed Jul 25 01:45:49 UTC 2018
auto.tcl: Setting watchdog for 200 seconds at Wed Jul 25 01:45:49 UTC 2018
4 ms. Memory: 549376K Free: 526584K (96%)
ptolemy.util.test.WatchDog.cancel(): canceling Wed Jul 25 01:45:49 UTC 2018
------------------ testing $PTII/ptolemy/domains/de/test/auto/ResetTransitionWithStartTime3.xml
auto.tcl: Setting watchdog for 200 seconds at Wed Jul 25 01:45:49 UTC 2018
7 ms. Memory: 550912K Free: 527751K (96%)
ptolemy.util.test.WatchDog.cancel(): canceling Wed Jul 25 01:45:49 UTC 2018
auto.tcl: Setting watchdog for 200 seconds at Wed Jul 25 01:45:49 UTC 2018
7 ms. Memory: 550912K Free: 527751K (96%)
ptolemy.util.test.WatchDog.cancel(): canceling Wed Jul 25 01:45:49 UTC 2018
------------------ testing $PTII/ptolemy/domains/de/test/auto/ResetTransitionWithStartTime4.xml
auto.tcl: Setting watchdog for 200 seconds at Wed Jul 25 01:45:49 UTC 2018
4 ms. Memory: 549376K Free: 526212K (96%)
ptolemy.util.test.WatchDog.cancel(): canceling Wed Jul 25 01:45:49 UTC 2018
auto.tcl: Setting watchdog for 200 seconds at Wed Jul 25 01:45:49 UTC 2018
3 ms. Memory: 549376K Free: 526212K (96%)
ptolemy.util.test.WatchDog.cancel(): canceling Wed Jul 25 01:45:49 UTC 2018
------------------ testing $PTII/ptolemy/domains/de/test/auto/ResettableTimer1.xml
auto.tcl: Setting watchdog for 200 seconds at Wed Jul 25 01:45:49 UTC 2018
4 ms. Memory: 550912K Free: 534432K (97%)
ptolemy.util.test.WatchDog.cancel(): canceling Wed Jul 25 01:45:49 UTC 2018
auto.tcl: Setting watchdog for 200 seconds at Wed Jul 25 01:45:49 UTC 2018
2 ms. Memory: 550912K Free: 534432K (97%)
ptolemy.util.test.WatchDog.cancel(): canceling Wed Jul 25 01:45:49 UTC 2018
------------------ testing $PTII/ptolemy/domains/de/test/auto/ResettableTimer2.xml
auto.tcl: Setting watchdog for 200 seconds at Wed Jul 25 01:45:49 UTC 2018
2 ms. Memory: 549376K Free: 533184K (97%)
ptolemy.util.test.WatchDog.cancel(): canceling Wed Jul 25 01:45:49 UTC 2018
auto.tcl: Setting watchdog for 200 seconds at Wed Jul 25 01:45:49 UTC 2018
2 ms. Memory: 549376K Free: 533184K (97%)
ptolemy.util.test.WatchDog.cancel(): canceling Wed Jul 25 01:45:49 UTC 2018
------------------ testing $PTII/ptolemy/domains/de/test/auto/ResettableTimer3.xml
auto.tcl: Setting watchdog for 200 seconds at Wed Jul 25 01:45:49 UTC 2018
1 ms. Memory: 550912K Free: 534719K (97%)
ptolemy.util.test.WatchDog.cancel(): canceling Wed Jul 25 01:45:49 UTC 2018
auto.tcl: Setting watchdog for 200 seconds at Wed Jul 25 01:45:49 UTC 2018
1 ms. Memory: 550912K Free: 534719K (97%)
ptolemy.util.test.WatchDog.cancel(): canceling Wed Jul 25 01:45:49 UTC 2018
------------------ testing $PTII/ptolemy/domains/de/test/auto/ResettableTimer4.xml
auto.tcl: Setting watchdog for 200 seconds at Wed Jul 25 01:45:49 UTC 2018
1 ms. Memory: 549376K Free: 528516K (96%)
ptolemy.util.test.WatchDog.cancel(): canceling Wed Jul 25 01:45:49 UTC 2018
auto.tcl: Setting watchdog for 200 seconds at Wed Jul 25 01:45:49 UTC 2018
1 ms. Memory: 549376K Free: 528516K (96%)
ptolemy.util.test.WatchDog.cancel(): canceling Wed Jul 25 01:45:49 UTC 2018
------------------ testing $PTII/ptolemy/domains/de/test/auto/ResettableTimer5.xml
auto.tcl: Setting watchdog for 200 seconds at Wed Jul 25 01:45:49 UTC 2018
1 ms. Memory: 550400K Free: 529539K (96%)
ptolemy.util.test.WatchDog.cancel(): canceling Wed Jul 25 01:45:49 UTC 2018
auto.tcl: Setting watchdog for 200 seconds at Wed Jul 25 01:45:49 UTC 2018
1 ms. Memory: 550400K Free: 529539K (96%)
ptolemy.util.test.WatchDog.cancel(): canceling Wed Jul 25 01:45:49 UTC 2018
------------------ testing $PTII/ptolemy/domains/de/test/auto/ResettableTimer6.xml
auto.tcl: Setting watchdog for 200 seconds at Wed Jul 25 01:45:49 UTC 2018
1 ms. Memory: 549376K Free: 528235K (96%)
ptolemy.util.test.WatchDog.cancel(): canceling Wed Jul 25 01:45:49 UTC 2018
auto.tcl: Setting watchdog for 200 seconds at Wed Jul 25 01:45:49 UTC 2018
1 ms. Memory: 549376K Free: 528235K (96%)
ptolemy.util.test.WatchDog.cancel(): canceling Wed Jul 25 01:45:49 UTC 2018
------------------ testing $PTII/ptolemy/domains/de/test/auto/ServerZeroDelay.xml
auto.tcl: Setting watchdog for 200 seconds at Wed Jul 25 01:45:49 UTC 2018
3 ms. Memory: 550400K Free: 529479K (96%)
ptolemy.util.test.WatchDog.cancel(): canceling Wed Jul 25 01:45:49 UTC 2018
auto.tcl: Setting watchdog for 200 seconds at Wed Jul 25 01:45:49 UTC 2018
2 ms. Memory: 550400K Free: 529479K (96%)
ptolemy.util.test.WatchDog.cancel(): canceling Wed Jul 25 01:45:49 UTC 2018
------------------ testing $PTII/ptolemy/domains/de/test/auto/SmartSender.xml
auto.tcl: Setting watchdog for 200 seconds at Wed Jul 25 01:45:49 UTC 2018
3001 ms. Memory: 549376K Free: 528450K (96%)
ptolemy.util.test.WatchDog.cancel(): canceling Wed Jul 25 01:45:52 UTC 2018
auto.tcl: Setting watchdog for 200 seconds at Wed Jul 25 01:45:52 UTC 2018
3002 ms. Memory: 549376K Free: 528450K (96%)
ptolemy.util.test.WatchDog.cancel(): canceling Wed Jul 25 01:45:55 UTC 2018
------------------ testing $PTII/ptolemy/domains/de/test/auto/ThreadedComposite.xml
auto.tcl: Setting watchdog for 200 seconds at Wed Jul 25 01:45:55 UTC 2018
142 ms. Memory: 550400K Free: 513210K (93%)
ptolemy.util.test.WatchDog.cancel(): canceling Wed Jul 25 01:45:55 UTC 2018
auto.tcl: Setting watchdog for 200 seconds at Wed Jul 25 01:45:55 UTC 2018
100 ms. Memory: 550400K Free: 497146K (90%)
ptolemy.util.test.WatchDog.cancel(): canceling Wed Jul 25 01:45:55 UTC 2018
------------------ testing $PTII/ptolemy/domains/de/test/auto/Time.xml
auto.tcl: Setting watchdog for 200 seconds at Wed Jul 25 01:45:55 UTC 2018
466 ms. Memory: 549376K Free: 481148K (88%)
ptolemy.util.test.WatchDog.cancel(): canceling Wed Jul 25 01:45:56 UTC 2018
auto.tcl: Setting watchdog for 200 seconds at Wed Jul 25 01:45:56 UTC 2018
399 ms. Memory: 549376K Free: 427640K (78%)
ptolemy.util.test.WatchDog.cancel(): canceling Wed Jul 25 01:45:56 UTC 2018
------------------ testing $PTII/ptolemy/domains/de/test/auto/TimeDelayZeroDelay.xml
auto.tcl: Setting watchdog for 200 seconds at Wed Jul 25 01:45:56 UTC 2018
2 ms. Memory: 550400K Free: 533845K (97%)
ptolemy.util.test.WatchDog.cancel(): canceling Wed Jul 25 01:45:56 UTC 2018
auto.tcl: Setting watchdog for 200 seconds at Wed Jul 25 01:45:56 UTC 2018
1 ms. Memory: 550400K Free: 533845K (97%)
ptolemy.util.test.WatchDog.cancel(): canceling Wed Jul 25 01:45:56 UTC 2018
------------------ testing $PTII/ptolemy/domains/de/test/auto/TimerZeroDelay.xml
auto.tcl: Setting watchdog for 200 seconds at Wed Jul 25 01:45:57 UTC 2018
2 ms. Memory: 549376K Free: 533094K (97%)
ptolemy.util.test.WatchDog.cancel(): canceling Wed Jul 25 01:45:57 UTC 2018
auto.tcl: Setting watchdog for 200 seconds at Wed Jul 25 01:45:57 UTC 2018
2 ms. Memory: 549376K Free: 533094K (97%)
ptolemy.util.test.WatchDog.cancel(): canceling Wed Jul 25 01:45:57 UTC 2018
------------------ testing $PTII/ptolemy/domains/de/test/auto/TimingParadox.xml
auto.tcl: Setting watchdog for 200 seconds at Wed Jul 25 01:45:57 UTC 2018
309 ms. Memory: 549888K Free: 467128K (85%)
ptolemy.util.test.WatchDog.cancel(): canceling Wed Jul 25 01:45:57 UTC 2018
auto.tcl: Setting watchdog for 200 seconds at Wed Jul 25 01:45:57 UTC 2018
316 ms. Memory: 549888K Free: 433685K (79%)
ptolemy.util.test.WatchDog.cancel(): canceling Wed Jul 25 01:45:57 UTC 2018
------------------ testing $PTII/ptolemy/domains/de/test/auto/TransferInputs.xml
auto.tcl: Setting watchdog for 200 seconds at Wed Jul 25 01:45:57 UTC 2018
2 ms. Memory: 549888K Free: 532510K (97%)
ptolemy.util.test.WatchDog.cancel(): canceling Wed Jul 25 01:45:57 UTC 2018
auto.tcl: Setting watchdog for 200 seconds at Wed Jul 25 01:45:57 UTC 2018
1 ms. Memory: 549888K Free: 532510K (97%)
ptolemy.util.test.WatchDog.cancel(): canceling Wed Jul 25 01:45:57 UTC 2018
------------------ testing $PTII/ptolemy/domains/de/test/auto/TransferOutputs2.xml
auto.tcl: Setting watchdog for 200 seconds at Wed Jul 25 01:45:57 UTC 2018
2 ms. Memory: 549376K Free: 521717K (95%)
ptolemy.util.test.WatchDog.cancel(): canceling Wed Jul 25 01:45:57 UTC 2018
auto.tcl: Setting watchdog for 200 seconds at Wed Jul 25 01:45:57 UTC 2018
3 ms. Memory: 549376K Free: 521717K (95%)
ptolemy.util.test.WatchDog.cancel(): canceling Wed Jul 25 01:45:57 UTC 2018
------------------ testing $PTII/ptolemy/domains/de/test/auto/Trilateration.xml
auto.tcl: Setting watchdog for 200 seconds at Wed Jul 25 01:45:58 UTC 2018
12092 ms. Memory: 766976K Free: 240320K (31%)
ptolemy.util.test.WatchDog.cancel(): canceling Wed Jul 25 01:46:11 UTC 2018
auto.tcl: Setting watchdog for 200 seconds at Wed Jul 25 01:46:11 UTC 2018
9997 ms. Memory: 646144K Free: 88829K (14%)
ptolemy.util.test.WatchDog.cancel(): canceling Wed Jul 25 01:46:21 UTC 2018
------------------ testing $PTII/ptolemy/domains/de/test/auto/TwoSigmaDelta.xml
auto.tcl: Setting watchdog for 200 seconds at Wed Jul 25 01:46:21 UTC 2018
2642 ms. Memory: 649728K Free: 330473K (51%)
ptolemy.util.test.WatchDog.cancel(): canceling Wed Jul 25 01:46:23 UTC 2018
auto.tcl: Setting watchdog for 200 seconds at Wed Jul 25 01:46:23 UTC 2018
1860 ms. Memory: 649728K Free: 102266K (16%)
ptolemy.util.test.WatchDog.cancel(): canceling Wed Jul 25 01:46:25 UTC 2018
------------------ testing $PTII/ptolemy/domains/de/test/auto/VariableDelay.xml
auto.tcl: Setting watchdog for 200 seconds at Wed Jul 25 01:46:25 UTC 2018
2 ms. Memory: 646656K Free: 626924K (97%)
ptolemy.util.test.WatchDog.cancel(): canceling Wed Jul 25 01:46:25 UTC 2018
auto.tcl: Setting watchdog for 200 seconds at Wed Jul 25 01:46:25 UTC 2018
2 ms. Memory: 646656K Free: 626924K (97%)
ptolemy.util.test.WatchDog.cancel(): canceling Wed Jul 25 01:46:25 UTC 2018
------------------ testing $PTII/ptolemy/domains/de/test/auto/VariableDelay2.xml
auto.tcl: Setting watchdog for 200 seconds at Wed Jul 25 01:46:25 UTC 2018
3 ms. Memory: 646144K Free: 626857K (97%)
ptolemy.util.test.WatchDog.cancel(): canceling Wed Jul 25 01:46:25 UTC 2018
auto.tcl: Setting watchdog for 200 seconds at Wed Jul 25 01:46:25 UTC 2018
1 ms. Memory: 646144K Free: 626857K (97%)
ptolemy.util.test.WatchDog.cancel(): canceling Wed Jul 25 01:46:25 UTC 2018
------------------ testing $PTII/ptolemy/domains/de/test/auto/VariableDelayZeroDelay.xml
auto.tcl: Setting watchdog for 200 seconds at Wed Jul 25 01:46:26 UTC 2018
2 ms. Memory: 646144K Free: 621208K (96%)
ptolemy.util.test.WatchDog.cancel(): canceling Wed Jul 25 01:46:26 UTC 2018
auto.tcl: Setting watchdog for 200 seconds at Wed Jul 25 01:46:26 UTC 2018
2 ms. Memory: 646144K Free: 621208K (96%)
ptolemy.util.test.WatchDog.cancel(): canceling Wed Jul 25 01:46:26 UTC 2018
------------------ testing $PTII/ptolemy/domains/de/test/auto/VariableDelayZeroDelay2.xml
auto.tcl: Setting watchdog for 200 seconds at Wed Jul 25 01:46:26 UTC 2018
1 ms. Memory: 649216K Free: 624279K (96%)
ptolemy.util.test.WatchDog.cancel(): canceling Wed Jul 25 01:46:26 UTC 2018
auto.tcl: Setting watchdog for 200 seconds at Wed Jul 25 01:46:26 UTC 2018
2 ms. Memory: 649216K Free: 624279K (96%)
ptolemy.util.test.WatchDog.cancel(): canceling Wed Jul 25 01:46:26 UTC 2018
------------------ testing $PTII/ptolemy/domains/de/test/auto/deInCt.xml
auto.tcl: Setting watchdog for 200 seconds at Wed Jul 25 01:46:26 UTC 2018
0
1
1
1
1
0
0
0
1
1
1
1
0
0
0
0
1
1
1
1
1
0
0
0
1
1
0
0
0
0
13 ms. Memory: 646144K Free: 621172K (96%)
ptolemy.util.test.WatchDog.cancel(): canceling Wed Jul 25 01:46:26 UTC 2018
auto.tcl: Setting watchdog for 200 seconds at Wed Jul 25 01:46:26 UTC 2018
0
1
1
1
0
0
0
1
1
1
0
0
0
0
0
1
1
1
0
0
0
0
0
1
1
1
0
0
0
1
1
1
0
0
1
1
1
0
0
0
0
9 ms. Memory: 646144K Free: 621172K (96%)
ptolemy.util.test.WatchDog.cancel(): canceling Wed Jul 25 01:46:26 UTC 2018
------------------ testing $PTII/ptolemy/domains/de/test/auto/deInCt2.xml
auto.tcl: Setting watchdog for 200 seconds at Wed Jul 25 01:46:26 UTC 2018
0
1
1
1
0
0
1
1
1
0
0
1
1
1
0
0
1
1
1
0
0
1
1
1
0
0
1
1
1
0
0
1
1
1
0
0
1
1
1
0
0
0
14 ms. Memory: 648704K Free: 623732K (96%)
ptolemy.util.test.WatchDog.cancel(): canceling Wed Jul 25 01:46:26 UTC 2018
auto.tcl: Setting watchdog for 200 seconds at Wed Jul 25 01:46:26 UTC 2018
0
1
1
1
0
0
1
1
1
0
0
1
1
1
0
0
1
1
1
0
0
1
1
1
0
0
1
1
1
0
0
1
1
1
0
0
1
1
1
0
0
0
7 ms. Memory: 648704K Free: 623732K (96%)
ptolemy.util.test.WatchDog.cancel(): canceling Wed Jul 25 01:46:26 UTC 2018
------------------ testing $PTII/ptolemy/domains/de/test/auto/dynamicCausalityInterface1.xml
auto.tcl: Setting watchdog for 200 seconds at Wed Jul 25 01:46:26 UTC 2018
1 ms. Memory: 646144K Free: 618249K (96%)
ptolemy.util.test.WatchDog.cancel(): canceling Wed Jul 25 01:46:26 UTC 2018
auto.tcl: Setting watchdog for 200 seconds at Wed Jul 25 01:46:26 UTC 2018
1 ms. Memory: 646144K Free: 618249K (96%)
ptolemy.util.test.WatchDog.cancel(): canceling Wed Jul 25 01:46:26 UTC 2018
------------------ testing $PTII/ptolemy/domains/de/test/auto/fsm_de_test.xml
auto.tcl: Setting watchdog for 200 seconds at Wed Jul 25 01:46:26 UTC 2018
6 ms. Memory: 648192K Free: 623143K (96%)
ptolemy.util.test.WatchDog.cancel(): canceling Wed Jul 25 01:46:26 UTC 2018
auto.tcl: Setting watchdog for 200 seconds at Wed Jul 25 01:46:26 UTC 2018
4 ms. Memory: 648192K Free: 614529K (95%)
ptolemy.util.test.WatchDog.cancel(): canceling Wed Jul 25 01:46:26 UTC 2018
------------------ testing $PTII/ptolemy/domains/de/test/auto/functionDependencyReconstruction.xml
auto.tcl: Setting watchdog for 200 seconds at Wed Jul 25 01:46:26 UTC 2018
2 ms. Memory: 646144K Free: 612471K (95%)
ptolemy.util.test.WatchDog.cancel(): canceling Wed Jul 25 01:46:26 UTC 2018
auto.tcl: Setting watchdog for 200 seconds at Wed Jul 25 01:46:26 UTC 2018
3 ms. Memory: 646144K Free: 603858K (93%)
ptolemy.util.test.WatchDog.cancel(): canceling Wed Jul 25 01:46:26 UTC 2018
------------------ testing $PTII/ptolemy/domains/de/test/auto/multirate.xml
auto.tcl: Setting watchdog for 200 seconds at Wed Jul 25 01:46:26 UTC 2018
7 ms. Memory: 648192K Free: 623009K (96%)
ptolemy.util.test.WatchDog.cancel(): canceling Wed Jul 25 01:46:26 UTC 2018
auto.tcl: Setting watchdog for 200 seconds at Wed Jul 25 01:46:26 UTC 2018
3 ms. Memory: 648192K Free: 622977K (96%)
ptolemy.util.test.WatchDog.cancel(): canceling Wed Jul 25 01:46:26 UTC 2018
------------------ testing $PTII/ptolemy/domains/de/test/auto/multirate2.xml
auto.tcl: Setting watchdog for 200 seconds at Wed Jul 25 01:46:26 UTC 2018
2 ms. Memory: 646144K Free: 621148K (96%)
ptolemy.util.test.WatchDog.cancel(): canceling Wed Jul 25 01:46:26 UTC 2018
auto.tcl: Setting watchdog for 200 seconds at Wed Jul 25 01:46:26 UTC 2018
2 ms. Memory: 646144K Free: 621148K (96%)
ptolemy.util.test.WatchDog.cancel(): canceling Wed Jul 25 01:46:26 UTC 2018
------------------ testing $PTII/ptolemy/domains/de/test/auto/realtime.xml
auto.tcl: Setting watchdog for 200 seconds at Wed Jul 25 01:46:26 UTC 2018
10001 ms. Memory: 647680K Free: 622650K (96%)
ptolemy.util.test.WatchDog.cancel(): canceling Wed Jul 25 01:46:36 UTC 2018
auto.tcl: Setting watchdog for 200 seconds at Wed Jul 25 01:46:36 UTC 2018
10001 ms. Memory: 647680K Free: 622650K (96%)
ptolemy.util.test.WatchDog.cancel(): canceling Wed Jul 25 01:46:46 UTC 2018
------------------ testing $PTII/ptolemy/domains/de/test/auto/relationGroup.xml
auto.tcl: Setting watchdog for 200 seconds at Wed Jul 25 01:46:46 UTC 2018
1 ms. Memory: 646144K Free: 626820K (97%)
ptolemy.util.test.WatchDog.cancel(): canceling Wed Jul 25 01:46:46 UTC 2018
auto.tcl: Setting watchdog for 200 seconds at Wed Jul 25 01:46:46 UTC 2018
0 ms. Memory: 646144K Free: 626820K (97%)
ptolemy.util.test.WatchDog.cancel(): canceling Wed Jul 25 01:46:46 UTC 2018
------------------ testing $PTII/ptolemy/domains/de/test/auto/relationGroup2.xml
auto.tcl: Setting watchdog for 200 seconds at Wed Jul 25 01:46:46 UTC 2018
1 ms. Memory: 647680K Free: 622734K (96%)
ptolemy.util.test.WatchDog.cancel(): canceling Wed Jul 25 01:46:46 UTC 2018
auto.tcl: Setting watchdog for 200 seconds at Wed Jul 25 01:46:46 UTC 2018
1 ms. Memory: 647680K Free: 622734K (96%)
ptolemy.util.test.WatchDog.cancel(): canceling Wed Jul 25 01:46:46 UTC 2018
------------------ testing $PTII/ptolemy/domains/de/test/auto/sortWithOpaquePorts.xml
auto.tcl: Setting watchdog for 200 seconds at Wed Jul 25 01:46:46 UTC 2018
1 ms. Memory: 646144K Free: 621198K (96%)
ptolemy.util.test.WatchDog.cancel(): canceling Wed Jul 25 01:46:46 UTC 2018
auto.tcl: Setting watchdog for 200 seconds at Wed Jul 25 01:46:46 UTC 2018
1 ms. Memory: 646144K Free: 621198K (96%)
ptolemy.util.test.WatchDog.cancel(): canceling Wed Jul 25 01:46:46 UTC 2018
------------------ testing $PTII/ptolemy/domains/de/test/auto/transferInputsandOutputs.xml
auto.tcl: Setting watchdog for 200 seconds at Wed Jul 25 01:46:46 UTC 2018
1 ms. Memory: 647168K Free: 622209K (96%)
ptolemy.util.test.WatchDog.cancel(): canceling Wed Jul 25 01:46:46 UTC 2018
auto.tcl: Setting watchdog for 200 seconds at Wed Jul 25 01:46:46 UTC 2018
1 ms. Memory: 647168K Free: 622209K (96%)
ptolemy.util.test.WatchDog.cancel(): canceling Wed Jul 25 01:46:46 UTC 2018
------------------ testing $PTII/ptolemy/domains/de/test/auto/triggerType.xml
auto.tcl: Setting watchdog for 200 seconds at Wed Jul 25 01:46:46 UTC 2018
1 ms. Memory: 646144K Free: 621136K (96%)
ptolemy.util.test.WatchDog.cancel(): canceling Wed Jul 25 01:46:46 UTC 2018
auto.tcl: Setting watchdog for 200 seconds at Wed Jul 25 01:46:46 UTC 2018
1 ms. Memory: 646144K Free: 621136K (96%)
ptolemy.util.test.WatchDog.cancel(): canceling Wed Jul 25 01:46:46 UTC 2018
07/25/18 01:46:46
Failed: 0  Total Tests: 192  ((Passed: 187, Newly Passed: 1)  Known Failed: 5) /home/travis/build/icyphy/ptII/ptolemy/domains/de/test
07/25/18 01:46:46
Failed: 0  Total Tests: 192  ((Passed: 187, Newly Passed: 1)  Known Failed: 5) /home/travis/build/icyphy/ptII/ptolemy/domains/de/test
----------------- testing (KnownFailure) /home/travis/build/icyphy/ptII/ptolemy/domains/de/test/auto/knownFailedTests/DESDFClockTest.xml
2007 ms. Memory: 647168K Free: 610919K (94%)
Known Failure: java.lang.reflect.InvocationTargetException
----------------- testing (KnownFailure) /home/travis/build/icyphy/ptII/ptolemy/domains/de/test/auto/knownFailedTests/DirectFeedback.xml
1 ms. Memory: 647168K Free: 565739K (87%)
Known Failure: java.lang.reflect.InvocationTargetException
----------------- testing (KnownFailure) /home/travis/build/icyphy/ptII/ptolemy/domains/de/test/auto/knownFailedTests/FSMSource.xml
3 ms. Memory: 647168K Free: 520560K (80%)
----------------- testing (KnownFailure) /home/travis/build/icyphy/ptII/ptolemy/domains/de/test/auto/knownFailedTests/HierarchicalModel.xml
2 ms. Memory: 647168K Free: 486628K (75%)
Known Failure: java.lang.reflect.InvocationTargetException
----------------- testing (KnownFailure) /home/travis/build/icyphy/ptII/ptolemy/domains/de/test/auto/knownFailedTests/dependencyLoop.xml
2 ms. Memory: 647168K Free: 430138K (66%)
Known Failure: java.lang.reflect.InvocationTargetException
----------------- testing (KnownFailure) /home/travis/build/icyphy/ptII/ptolemy/domains/de/test/auto/knownFailedTests/dependencyLoop2.xml
2 ms. Memory: 647168K Free: 373664K (58%)
Known Failure: java.lang.reflect.InvocationTargetException
No auto/linux-amd64/*.xml tests in /home/travis/build/icyphy/ptII/ptolemy/domains/de/test
AutoTests.java: About to close Vertx.
AutoTests.java: Vertx closed.

===========================================================================================
----------------- testing Wed Jul 25 01:46:49 UTC 2018 /home/travis/build/icyphy/ptII/ptolemy/domains/de/test/auto/ActorDepthCalculation_actorWithoutPorts.xml
----------------- Instantiating /home/travis/build/icyphy/ptII/ptolemy/domains/de/test/auto/ActorDepthCalculation_actorWithoutPorts.xml
1 ms. Memory: 647168K Free: 317190K (49%)
----------------- Invoking toplevel() on ptolemy.moml.MoMLSimpleApplication@371d42b2
----------------- Done invoking toplevel() on ptolemy.moml.MoMLSimpleApplication@371d42b2
reloadAllAccessors: .ActorDepthCalculation_actorWithoutPorts

===========================================================================================
----------------- testing Wed Jul 25 01:46:49 UTC 2018 /home/travis/build/icyphy/ptII/ptolemy/domains/de/test/auto/AssemblyLine.xml
----------------- Instantiating /home/travis/build/icyphy/ptII/ptolemy/domains/de/test/auto/AssemblyLine.xml
1 ms. Memory: 647168K Free: 294601K (46%)
----------------- Invoking toplevel() on ptolemy.moml.MoMLSimpleApplication@41f7040c
----------------- Done invoking toplevel() on ptolemy.moml.MoMLSimpleApplication@41f7040c
reloadAllAccessors: .AssemblyLine

===========================================================================================
----------------- testing Wed Jul 25 01:46:49 UTC 2018 /home/travis/build/icyphy/ptII/ptolemy/domains/de/test/auto/CQBug1.xml
----------------- Instantiating /home/travis/build/icyphy/ptII/ptolemy/domains/de/test/auto/CQBug1.xml
0 ms. Memory: 647168K Free: 272011K (42%)
----------------- Invoking toplevel() on ptolemy.moml.MoMLSimpleApplication@4df1d273
----------------- Done invoking toplevel() on ptolemy.moml.MoMLSimpleApplication@4df1d273
reloadAllAccessors: .CQBug1

===========================================================================================
----------------- testing Wed Jul 25 01:46:49 UTC 2018 /home/travis/build/icyphy/ptII/ptolemy/domains/de/test/auto/CancelFireAt.xml
----------------- Instantiating /home/travis/build/icyphy/ptII/ptolemy/domains/de/test/auto/CancelFireAt.xml
1 ms. Memory: 647168K Free: 249422K (39%)
----------------- Invoking toplevel() on ptolemy.moml.MoMLSimpleApplication@fd949cf
----------------- Done invoking toplevel() on ptolemy.moml.MoMLSimpleApplication@fd949cf
reloadAllAccessors: .CancelFireAt

===========================================================================================
----------------- testing Wed Jul 25 01:46:49 UTC 2018 /home/travis/build/icyphy/ptII/ptolemy/domains/de/test/auto/CausalityAndComposabilityAnalysis.xml
----------------- Instantiating /home/travis/build/icyphy/ptII/ptolemy/domains/de/test/auto/CausalityAndComposabilityAnalysis.xml
1 ms. Memory: 647168K Free: 226832K (35%)
----------------- Invoking toplevel() on ptolemy.moml.MoMLSimpleApplication@180385a7
----------------- Done invoking toplevel() on ptolemy.moml.MoMLSimpleApplication@180385a7
reloadAllAccessors: .CausalityAndComposabilityAnalysis

===========================================================================================
----------------- testing Wed Jul 25 01:46:49 UTC 2018 /home/travis/build/icyphy/ptII/ptolemy/domains/de/test/auto/CausalityInterface1.xml
----------------- Instantiating /home/travis/build/icyphy/ptII/ptolemy/domains/de/test/auto/CausalityInterface1.xml
4 ms. Memory: 647168K Free: 204243K (32%)
----------------- Invoking toplevel() on ptolemy.moml.MoMLSimpleApplication@23db37e0
----------------- Done invoking toplevel() on ptolemy.moml.MoMLSimpleApplication@23db37e0
reloadAllAccessors: .CausalityInterface1

===========================================================================================
----------------- testing Wed Jul 25 01:46:49 UTC 2018 /home/travis/build/icyphy/ptII/ptolemy/domains/de/test/auto/CausalityInterface15.xml
----------------- Instantiating /home/travis/build/icyphy/ptII/ptolemy/domains/de/test/auto/CausalityInterface15.xml
1 ms. Memory: 647168K Free: 181653K (28%)
----------------- Invoking toplevel() on ptolemy.moml.MoMLSimpleApplication@69eaa83b
----------------- Done invoking toplevel() on ptolemy.moml.MoMLSimpleApplication@69eaa83b
reloadAllAccessors: .CausalityInterface15

[...]
java.lang.RuntimeException: Execution failed
	at ptolemy.moml.MoMLSimpleApplication$UnloadThread.run(MoMLSimpleApplication.java:402)
Caused by: ptolemy.kernel.util.IllegalActionException: Test fails in iteration 1.
Value was: 1.0. Should have been: 2.0
  in .DirectFeedback.Test
	at ptolemy.actor.lib.Test.fire(Test.java:268)
	at ptolemy.domains.de.kernel.DEDirector._fire(DEDirector.java:1949)
	at ptolemy.domains.de.kernel.DEDirector.fire(DEDirector.java:502)
	at ptolemy.actor.CompositeActor.fire(CompositeActor.java:455)
	at ptolemy.actor.Manager.iterate(Manager.java:851)
	at ptolemy.actor.Manager.execute(Manager.java:369)
	at ptolemy.actor.Manager.run(Manager.java:1263)
	at ptolemy.actor.Manager$PtolemyRunThread.run(Manager.java:1915)
java.lang.RuntimeException: Execution failed
	at ptolemy.moml.MoMLSimpleApplication$UnloadThread.run(MoMLSimpleApplication.java:402)
Caused by: ptolemy.kernel.util.IllegalActionException: Actor is not ready to fire.  Perhaps UpSample.prefire() returned false? Try debugging the actor by selecting "Listen to Actor".  Also, for SDF check moml for tokenConsumptionRate on input.
  in .DESDFClockTest.Play Bell.Copy1:SDF Director and .DESDFClockTest.Play Bell.UpSample
	at ptolemy.actor.sched.StaticSchedulingDirector.fire(StaticSchedulingDirector.java:227)
	at ptolemy.domains.sdf.kernel.SDFDirector.fire(SDFDirector.java:500)
	at ptolemy.actor.CompositeActor.fire(CompositeActor.java:455)
	at ptolemy.domains.de.kernel.DEDirector._fire(DEDirector.java:1949)
	at ptolemy.domains.de.kernel.DEDirector.fire(DEDirector.java:502)
	at ptolemy.actor.CompositeActor.fire(CompositeActor.java:455)
	at ptolemy.actor.Manager.iterate(Manager.java:851)
	at ptolemy.actor.Manager.execute(Manager.java:369)
	at ptolemy.actor.Manager.run(Manager.java:1263)
	at ptolemy.actor.Manager$PtolemyRunThread.run(Manager.java:1915)
java.lang.reflect.InvocationTargetException
	at sun.reflect.NativeConstructorAccessorImpl.newInstance0(Native Method)
	at sun.reflect.NativeConstructorAccessorImpl.newInstance(NativeConstructorAccessorImpl.java:62)
	at sun.reflect.DelegatingConstructorAccessorImpl.newInstance(DelegatingConstructorAccessorImpl.java:45)
	at java.lang.reflect.Constructor.newInstance(Constructor.java:423)
	at ptolemy.util.test.junit.AutoKnownFailedTests.RunModel(AutoKnownFailedTests.java:107)
	at sun.reflect.NativeMethodAccessorImpl.invoke0(Native Method)
	at sun.reflect.NativeMethodAccessorImpl.invoke(NativeMethodAccessorImpl.java:62)
	at sun.reflect.DelegatingMethodAccessorImpl.invoke(DelegatingMethodAccessorImpl.java:43)
	at java.lang.reflect.Method.invoke(Method.java:498)
	at org.junit.runners.model.FrameworkMethod$1.runReflectiveCall(FrameworkMethod.java:44)
	at org.junit.internal.runners.model.ReflectiveCallable.run(ReflectiveCallable.java:15)
	at org.junit.runners.model.FrameworkMethod.invokeExplosively(FrameworkMethod.java:41)
	at junitparams.internal.InvokeParameterisedMethod.evaluate(InvokeParameterisedMethod.java:102)
	at org.junit.internal.runners.statements.FailOnTimeout$1.run(FailOnTimeout.java:28)
Caused by: ptolemy.kernel.util.IllegalActionException: Actor is not ready to fire.  Perhaps UpSample.prefire() returned false? Try debugging the actor by selecting "Listen to Actor".  Also, for SDF check moml for tokenConsumptionRate on input.
  in .DESDFClockTest.Play Bell.Copy1:SDF Director and .DESDFClockTest.Play Bell.UpSample
	at ptolemy.actor.sched.StaticSchedulingDirector.fire(StaticSchedulingDirector.java:227)
	at ptolemy.domains.sdf.kernel.SDFDirector.fire(SDFDirector.java:500)
	at ptolemy.actor.CompositeActor.fire(CompositeActor.java:455)
	at ptolemy.domains.de.kernel.DEDirector._fire(DEDirector.java:1949)
	at ptolemy.domains.de.kernel.DEDirector.fire(DEDirector.java:502)
	at ptolemy.actor.CompositeActor.fire(CompositeActor.java:455)
	at ptolemy.actor.Manager.iterate(Manager.java:851)
	at ptolemy.actor.Manager.execute(Manager.java:369)
	at ptolemy.actor.Manager.run(Manager.java:1263)
	at ptolemy.actor.Manager$PtolemyRunThread.run(Manager.java:1915)
java.lang.RuntimeException: Execution failed
	at ptolemy.moml.MoMLSimpleApplication$UnloadThread.run(MoMLSimpleApplication.java:402)
Caused by: ptolemy.kernel.util.IllegalActionException: Test fails in iteration 1.
Value was: 1.0. Should have been: 2.0
  in .DirectFeedback.Test
	at ptolemy.actor.lib.Test.fire(Test.java:268)
	at ptolemy.domains.de.kernel.DEDirector._fire(DEDirector.java:1949)
	at ptolemy.domains.de.kernel.DEDirector.fire(DEDirector.java:502)
	at ptolemy.actor.CompositeActor.fire(CompositeActor.java:455)
	at ptolemy.actor.Manager.iterate(Manager.java:851)
	at ptolemy.actor.Manager.execute(Manager.java:369)
	at ptolemy.actor.Manager.run(Manager.java:1263)
	at ptolemy.actor.Manager$PtolemyRunThread.run(Manager.java:1915)
java.lang.reflect.InvocationTargetException
	at sun.reflect.NativeConstructorAccessorImpl.newInstance0(Native Method)
	at sun.reflect.NativeConstructorAccessorImpl.newInstance(NativeConstructorAccessorImpl.java:62)
	at sun.reflect.DelegatingConstructorAccessorImpl.newInstance(DelegatingConstructorAccessorImpl.java:45)
	at java.lang.reflect.Constructor.newInstance(Constructor.java:423)
	at ptolemy.util.test.junit.AutoKnownFailedTests.RunModel(AutoKnownFailedTests.java:107)
	at sun.reflect.NativeMethodAccessorImpl.invoke0(Native Method)
	at sun.reflect.NativeMethodAccessorImpl.invoke(NativeMethodAccessorImpl.java:62)
	at sun.reflect.DelegatingMethodAccessorImpl.invoke(DelegatingMethodAccessorImpl.java:43)
	at java.lang.reflect.Method.invoke(Method.java:498)
	at org.junit.runners.model.FrameworkMethod$1.runReflectiveCall(FrameworkMethod.java:44)
	at org.junit.internal.runners.model.ReflectiveCallable.run(ReflectiveCallable.java:15)
	at org.junit.runners.model.FrameworkMethod.invokeExplosively(FrameworkMethod.java:41)
	at junitparams.internal.InvokeParameterisedMethod.evaluate(InvokeParameterisedMethod.java:102)
	at org.junit.internal.runners.statements.FailOnTimeout$1.run(FailOnTimeout.java:28)
Caused by: ptolemy.kernel.util.IllegalActionException: Test fails in iteration 1.
Value was: 1.0. Should have been: 2.0
  in .DirectFeedback.Test
	at ptolemy.actor.lib.Test.fire(Test.java:268)
	at ptolemy.domains.de.kernel.DEDirector._fire(DEDirector.java:1949)
	at ptolemy.domains.de.kernel.DEDirector.fire(DEDirector.java:502)
	at ptolemy.actor.CompositeActor.fire(CompositeActor.java:455)
	at ptolemy.actor.Manager.iterate(Manager.java:851)
	at ptolemy.actor.Manager.execute(Manager.java:369)
	at ptolemy.actor.Manager.run(Manager.java:1263)
	at ptolemy.actor.Manager$PtolemyRunThread.run(Manager.java:1915)
java.lang.RuntimeException: Execution failed
	at ptolemy.moml.MoMLSimpleApplication$UnloadThread.run(MoMLSimpleApplication.java:402)
Caused by: ptolemy.kernel.util.IllegalActionException: Found a zero delay loop containing .HierarchicalModel.A
  in .HierarchicalModel and .HierarchicalModel.A
	at ptolemy.actor.util.CausalityInterfaceForComposites._computeOutputPortDepth(CausalityInterfaceForComposites.java:759)
	at ptolemy.actor.util.CausalityInterfaceForComposites._computeInputDepth(CausalityInterfaceForComposites.java:696)
	at ptolemy.actor.util.CausalityInterfaceForComposites._computeOutputPortDepth(CausalityInterfaceForComposites.java:765)
	at ptolemy.actor.util.CausalityInterfaceForComposites._computeInputDepth(CausalityInterfaceForComposites.java:696)
	at ptolemy.actor.util.CausalityInterfaceForComposites._computeOutputPortDepth(CausalityInterfaceForComposites.java:765)
	at ptolemy.actor.util.CausalityInterfaceForComposites._computeInputDepth(CausalityInterfaceForComposites.java:696)
	at ptolemy.actor.util.CausalityInterfaceForComposites._computeActorDepth(CausalityInterfaceForComposites.java:532)
	at ptolemy.actor.util.CausalityInterfaceForComposites.checkForCycles(CausalityInterfaceForComposites.java:96)
	at ptolemy.domains.de.kernel.DEDirector.preinitialize(DEDirector.java:1338)
	at ptolemy.actor.CompositeActor.preinitialize(CompositeActor.java:1828)
	at ptolemy.actor.Manager.preinitializeAndResolveTypes(Manager.java:1040)
	at ptolemy.actor.Manager.initialize(Manager.java:710)
	at ptolemy.actor.Manager.execute(Manager.java:356)
	at ptolemy.actor.Manager.run(Manager.java:1263)
	at ptolemy.actor.Manager$PtolemyRunThread.run(Manager.java:1915)
java.lang.reflect.InvocationTargetException
	at sun.reflect.NativeConstructorAccessorImpl.newInstance0(Native Method)
	at sun.reflect.NativeConstructorAccessorImpl.newInstance(NativeConstructorAccessorImpl.java:62)
	at sun.reflect.DelegatingConstructorAccessorImpl.newInstance(DelegatingConstructorAccessorImpl.java:45)
	at java.lang.reflect.Constructor.newInstance(Constructor.java:423)
	at ptolemy.util.test.junit.AutoKnownFailedTests.RunModel(AutoKnownFailedTests.java:107)
	at sun.reflect.NativeMethodAccessorImpl.invoke0(Native Method)
	at sun.reflect.NativeMethodAccessorImpl.invoke(NativeMethodAccessorImpl.java:62)
	at sun.reflect.DelegatingMethodAccessorImpl.invoke(DelegatingMethodAccessorImpl.java:43)
	at java.lang.reflect.Method.invoke(Method.java:498)
	at org.junit.runners.model.FrameworkMethod$1.runReflectiveCall(FrameworkMethod.java:44)
	at org.junit.internal.runners.model.ReflectiveCallable.run(ReflectiveCallable.java:15)
	at org.junit.runners.model.FrameworkMethod.invokeExplosively(FrameworkMethod.java:41)
	at junitparams.internal.InvokeParameterisedMethod.evaluate(InvokeParameterisedMethod.java:102)
	at org.junit.internal.runners.statements.FailOnTimeout$1.run(FailOnTimeout.java:28)
Caused by: ptolemy.kernel.util.IllegalActionException: Found a zero delay loop containing .HierarchicalModel.A
  in .HierarchicalModel and .HierarchicalModel.A
	at ptolemy.actor.util.CausalityInterfaceForComposites._computeOutputPortDepth(CausalityInterfaceForComposites.java:759)
	at ptolemy.actor.util.CausalityInterfaceForComposites._computeInputDepth(CausalityInterfaceForComposites.java:696)
	at ptolemy.actor.util.CausalityInterfaceForComposites._computeOutputPortDepth(CausalityInterfaceForComposites.java:765)
	at ptolemy.actor.util.CausalityInterfaceForComposites._computeInputDepth(CausalityInterfaceForComposites.java:696)
	at ptolemy.actor.util.CausalityInterfaceForComposites._computeOutputPortDepth(CausalityInterfaceForComposites.java:765)
	at ptolemy.actor.util.CausalityInterfaceForComposites._computeInputDepth(CausalityInterfaceForComposites.java:696)
	at ptolemy.actor.util.CausalityInterfaceForComposites._computeActorDepth(CausalityInterfaceForComposites.java:532)
	at ptolemy.actor.util.CausalityInterfaceForComposites.checkForCycles(CausalityInterfaceForComposites.java:96)
	at ptolemy.domains.de.kernel.DEDirector.preinitialize(DEDirector.java:1338)
	at ptolemy.actor.CompositeActor.preinitialize(CompositeActor.java:1828)
	at ptolemy.actor.Manager.preinitializeAndResolveTypes(Manager.java:1040)
	at ptolemy.actor.Manager.initialize(Manager.java:710)
	at ptolemy.actor.Manager.execute(Manager.java:356)
	at ptolemy.actor.Manager.run(Manager.java:1263)
	at ptolemy.actor.Manager$PtolemyRunThread.run(Manager.java:1915)
java.lang.RuntimeException: Execution failed
	at ptolemy.moml.MoMLSimpleApplication$UnloadThread.run(MoMLSimpleApplication.java:402)
Caused by: ptolemy.kernel.util.IllegalActionException: Found a zero delay loop containing .dependencyLoop.original
  in .dependencyLoop and .dependencyLoop.original
	at ptolemy.actor.util.CausalityInterfaceForComposites._computeOutputPortDepth(CausalityInterfaceForComposites.java:759)
	at ptolemy.actor.util.CausalityInterfaceForComposites._computeInputDepth(CausalityInterfaceForComposites.java:696)
	at ptolemy.actor.util.CausalityInterfaceForComposites._computeOutputPortDepth(CausalityInterfaceForComposites.java:765)
	at ptolemy.actor.util.CausalityInterfaceForComposites._computeInputDepth(CausalityInterfaceForComposites.java:696)
	at ptolemy.actor.util.CausalityInterfaceForComposites._computeOutputPortDepth(CausalityInterfaceForComposites.java:765)
	at ptolemy.actor.util.CausalityInterfaceForComposites._computeInputDepth(CausalityInterfaceForComposites.java:696)
	at ptolemy.actor.util.CausalityInterfaceForComposites._computeActorDepth(CausalityInterfaceForComposites.java:532)
	at ptolemy.actor.util.CausalityInterfaceForComposites.checkForCycles(CausalityInterfaceForComposites.java:96)
	at ptolemy.domains.de.kernel.DEDirector.preinitialize(DEDirector.java:1338)
	at ptolemy.actor.CompositeActor.preinitialize(CompositeActor.java:1828)
	at ptolemy.actor.Manager.preinitializeAndResolveTypes(Manager.java:1040)
	at ptolemy.actor.Manager.initialize(Manager.java:710)
	at ptolemy.actor.Manager.execute(Manager.java:356)
	at ptolemy.actor.Manager.run(Manager.java:1263)
	at ptolemy.actor.Manager$PtolemyRunThread.run(Manager.java:1915)
java.lang.reflect.InvocationTargetException
	at sun.reflect.NativeConstructorAccessorImpl.newInstance0(Native Method)
	at sun.reflect.NativeConstructorAccessorImpl.newInstance(NativeConstructorAccessorImpl.java:62)
	at sun.reflect.DelegatingConstructorAccessorImpl.newInstance(DelegatingConstructorAccessorImpl.java:45)
	at java.lang.reflect.Constructor.newInstance(Constructor.java:423)
	at ptolemy.util.test.junit.AutoKnownFailedTests.RunModel(AutoKnownFailedTests.java:107)
	at sun.reflect.NativeMethodAccessorImpl.invoke0(Native Method)
	at sun.reflect.NativeMethodAccessorImpl.invoke(NativeMethodAccessorImpl.java:62)
	at sun.reflect.DelegatingMethodAccessorImpl.invoke(DelegatingMethodAccessorImpl.java:43)
	at java.lang.reflect.Method.invoke(Method.java:498)
	at org.junit.runners.model.FrameworkMethod$1.runReflectiveCall(FrameworkMethod.java:44)
	at org.junit.internal.runners.model.ReflectiveCallable.run(ReflectiveCallable.java:15)
	at org.junit.runners.model.FrameworkMethod.invokeExplosively(FrameworkMethod.java:41)
	at junitparams.internal.InvokeParameterisedMethod.evaluate(InvokeParameterisedMethod.java:102)
	at org.junit.internal.runners.statements.FailOnTimeout$1.run(FailOnTimeout.java:28)
Caused by: ptolemy.kernel.util.IllegalActionException: Found a zero delay loop containing .dependencyLoop.original
  in .dependencyLoop and .dependencyLoop.original
	at ptolemy.actor.util.CausalityInterfaceForComposites._computeOutputPortDepth(CausalityInterfaceForComposites.java:759)
	at ptolemy.actor.util.CausalityInterfaceForComposites._computeInputDepth(CausalityInterfaceForComposites.java:696)
	at ptolemy.actor.util.CausalityInterfaceForComposites._computeOutputPortDepth(CausalityInterfaceForComposites.java:765)
	at ptolemy.actor.util.CausalityInterfaceForComposites._computeInputDepth(CausalityInterfaceForComposites.java:696)
	at ptolemy.actor.util.CausalityInterfaceForComposites._computeOutputPortDepth(CausalityInterfaceForComposites.java:765)
	at ptolemy.actor.util.CausalityInterfaceForComposites._computeInputDepth(CausalityInterfaceForComposites.java:696)
	at ptolemy.actor.util.CausalityInterfaceForComposites._computeActorDepth(CausalityInterfaceForComposites.java:532)
	at ptolemy.actor.util.CausalityInterfaceForComposites.checkForCycles(CausalityInterfaceForComposites.java:96)
	at ptolemy.domains.de.kernel.DEDirector.preinitialize(DEDirector.java:1338)
	at ptolemy.actor.CompositeActor.preinitialize(CompositeActor.java:1828)
	at ptolemy.actor.Manager.preinitializeAndResolveTypes(Manager.java:1040)
	at ptolemy.actor.Manager.initialize(Manager.java:710)
	at ptolemy.actor.Manager.execute(Manager.java:356)
	at ptolemy.actor.Manager.run(Manager.java:1263)
	at ptolemy.actor.Manager$PtolemyRunThread.run(Manager.java:1915)
java.lang.RuntimeException: Execution failed
	at ptolemy.moml.MoMLSimpleApplication$UnloadThread.run(MoMLSimpleApplication.java:402)
Caused by: ptolemy.kernel.util.IllegalActionException: Found a zero delay loop containing .dependencyLoop2.original
  in .dependencyLoop2 and .dependencyLoop2.original
	at ptolemy.actor.util.CausalityInterfaceForComposites._computeOutputPortDepth(CausalityInterfaceForComposites.java:759)
	at ptolemy.actor.util.CausalityInterfaceForComposites._computeInputDepth(CausalityInterfaceForComposites.java:696)
	at ptolemy.actor.util.CausalityInterfaceForComposites._computeOutputPortDepth(CausalityInterfaceForComposites.java:765)
	at ptolemy.actor.util.CausalityInterfaceForComposites._computeInputDepth(CausalityInterfaceForComposites.java:696)
	at ptolemy.actor.util.CausalityInterfaceForComposites._computeOutputPortDepth(CausalityInterfaceForComposites.java:765)
	at ptolemy.actor.util.CausalityInterfaceForComposites._computeInputDepth(CausalityInterfaceForComposites.java:696)
	at ptolemy.actor.util.CausalityInterfaceForComposites._computeActorDepth(CausalityInterfaceForComposites.java:532)
	at ptolemy.actor.util.CausalityInterfaceForComposites.checkForCycles(CausalityInterfaceForComposites.java:96)
	at ptolemy.domains.de.kernel.DEDirector.preinitialize(DEDirector.java:1338)
	at ptolemy.actor.CompositeActor.preinitialize(CompositeActor.java:1828)
	at ptolemy.actor.Manager.preinitializeAndResolveTypes(Manager.java:1040)
	at ptolemy.actor.Manager.initialize(Manager.java:710)
	at ptolemy.actor.Manager.execute(Manager.java:356)
	at ptolemy.actor.Manager.run(Manager.java:1263)
	at ptolemy.actor.Manager$PtolemyRunThread.run(Manager.java:1915)
java.lang.reflect.InvocationTargetException
	at sun.reflect.NativeConstructorAccessorImpl.newInstance0(Native Method)
	at sun.reflect.NativeConstructorAccessorImpl.newInstance(NativeConstructorAccessorImpl.java:62)
	at sun.reflect.DelegatingConstructorAccessorImpl.newInstance(DelegatingConstructorAccessorImpl.java:45)
	at java.lang.reflect.Constructor.newInstance(Constructor.java:423)
	at ptolemy.util.test.junit.AutoKnownFailedTests.RunModel(AutoKnownFailedTests.java:107)
	at sun.reflect.NativeMethodAccessorImpl.invoke0(Native Method)
	at sun.reflect.NativeMethodAccessorImpl.invoke(NativeMethodAccessorImpl.java:62)
	at sun.reflect.DelegatingMethodAccessorImpl.invoke(DelegatingMethodAccessorImpl.java:43)
	at java.lang.reflect.Method.invoke(Method.java:498)
	at org.junit.runners.model.FrameworkMethod$1.runReflectiveCall(FrameworkMethod.java:44)
	at org.junit.internal.runners.model.ReflectiveCallable.run(ReflectiveCallable.java:15)
	at org.junit.runners.model.FrameworkMethod.invokeExplosively(FrameworkMethod.java:41)
	at junitparams.internal.InvokeParameterisedMethod.evaluate(InvokeParameterisedMethod.java:102)
	at org.junit.internal.runners.statements.FailOnTimeout$1.run(FailOnTimeout.java:28)
Caused by: ptolemy.kernel.util.IllegalActionException: Found a zero delay loop containing .dependencyLoop2.original
  in .dependencyLoop2 and .dependencyLoop2.original
	at ptolemy.actor.util.CausalityInterfaceForComposites._computeOutputPortDepth(CausalityInterfaceForComposites.java:759)
	at ptolemy.actor.util.CausalityInterfaceForComposites._computeInputDepth(CausalityInterfaceForComposites.java:696)
	at ptolemy.actor.util.CausalityInterfaceForComposites._computeOutputPortDepth(CausalityInterfaceForComposites.java:765)
	at ptolemy.actor.util.CausalityInterfaceForComposites._computeInputDepth(CausalityInterfaceForComposites.java:696)
	at ptolemy.actor.util.CausalityInterfaceForComposites._computeOutputPortDepth(CausalityInterfaceForComposites.java:765)
	at ptolemy.actor.util.CausalityInterfaceForComposites._computeInputDepth(CausalityInterfaceForComposites.java:696)
	at ptolemy.actor.util.CausalityInterfaceForComposites._computeActorDepth(CausalityInterfaceForComposites.java:532)
	at ptolemy.actor.util.CausalityInterfaceForComposites.checkForCycles(CausalityInterfaceForComposites.java:96)
	at ptolemy.domains.de.kernel.DEDirector.preinitialize(DEDirector.java:1338)
	at ptolemy.actor.CompositeActor.preinitialize(CompositeActor.java:1828)
	at ptolemy.actor.Manager.preinitializeAndResolveTypes(Manager.java:1040)
	at ptolemy.actor.Manager.initialize(Manager.java:710)
	at ptolemy.actor.Manager.execute(Manager.java:356)
	at ptolemy.actor.Manager.run(Manager.java:1263)
	at ptolemy.actor.Manager$PtolemyRunThread.run(Manager.java:1915)
]]></system-err>
</testsuite>
