<?xml version="1.0" encoding="UTF-8" ?>
<testsuite errors="0" failures="0" hostname="travis-job-078633ea-41a4-443c-b8cb-90e5458861db" name="ptolemy.domains.continuous.test.junit.JUnitTclTest" skipped="0" tests="156" time="74.557" timestamp="2018-12-05T02:55:48">
  <properties>
[...]
</properties>
  <testcase classname="ptolemy.util.test.junit.TclTests" name="[0] ThereAreNoTclTests (RunTclFile)" time="0.001" />
  <testcase classname="ptolemy.util.test.junit.AutoKnownFailedTests" name="[0] ThereAreNoKnowFailedTests (RunModel)" time="0.001" />
  <testcase classname="ptolemy.util.test.junit.AutoNameArchTests" name="[0] ThereAreNoAutoArchTests (RunModel)" time="0.0" />
  <testcase classname="ptolemy.util.test.junit.AutoTests" name="[0] /home/travis/build/icyphy/ptII/ptolemy/domains/continuous/test/auto/BouncingBall.xml (RunModel)" time="2.675" />
  <testcase classname="ptolemy.util.test.junit.AutoTests" name="[1] /home/travis/build/icyphy/ptII/ptolemy/domains/continuous/test/auto/BouncingBallWithoutGR.xml (RunModel)" time="0.902" />
  <testcase classname="ptolemy.util.test.junit.AutoTests" name="[2] /home/travis/build/icyphy/ptII/ptolemy/domains/continuous/test/auto/Brownian.xml (RunModel)" time="0.111" />
  <testcase classname="ptolemy.util.test.junit.AutoTests" name="[3] /home/travis/build/icyphy/ptII/ptolemy/domains/continuous/test/auto/CarTracking.xml (RunModel)" time="3.875" />
  <testcase classname="ptolemy.util.test.junit.AutoTests" name="[4] /home/travis/build/icyphy/ptII/ptolemy/domains/continuous/test/auto/CartPendulum.xml (RunModel)" time="0.573" />
  <testcase classname="ptolemy.util.test.junit.AutoTests" name="[5] /home/travis/build/icyphy/ptII/ptolemy/domains/continuous/test/auto/CausalityInterface10.xml (RunModel)" time="0.046" />
  <testcase classname="ptolemy.util.test.junit.AutoTests" name="[6] /home/travis/build/icyphy/ptII/ptolemy/domains/continuous/test/auto/CausalityInterface11.xml (RunModel)" time="0.046" />
  <testcase classname="ptolemy.util.test.junit.AutoTests" name="[7] /home/travis/build/icyphy/ptII/ptolemy/domains/continuous/test/auto/CausalityInterface12.xml (RunModel)" time="0.047" />
  <testcase classname="ptolemy.util.test.junit.AutoTests" name="[8] /home/travis/build/icyphy/ptII/ptolemy/domains/continuous/test/auto/CausalityInterface13.xml (RunModel)" time="0.043" />
  <testcase classname="ptolemy.util.test.junit.AutoTests" name="[9] /home/travis/build/icyphy/ptII/ptolemy/domains/continuous/test/auto/CausalityInterface14.xml (RunModel)" time="0.036" />
  <testcase classname="ptolemy.util.test.junit.AutoTests" name="[10] /home/travis/build/icyphy/ptII/ptolemy/domains/continuous/test/auto/CausalityInterface4.xml (RunModel)" time="0.05" />
  <testcase classname="ptolemy.util.test.junit.AutoTests" name="[11] /home/travis/build/icyphy/ptII/ptolemy/domains/continuous/test/auto/CausalityInterface5.xml (RunModel)" time="0.053" />
  <testcase classname="ptolemy.util.test.junit.AutoTests" name="[12] /home/travis/build/icyphy/ptII/ptolemy/domains/continuous/test/auto/CausalityInterface6.xml (RunModel)" time="0.025" />
  <testcase classname="ptolemy.util.test.junit.AutoTests" name="[13] /home/travis/build/icyphy/ptII/ptolemy/domains/continuous/test/auto/CausalityInterface7.xml (RunModel)" time="0.055" />
  <testcase classname="ptolemy.util.test.junit.AutoTests" name="[14] /home/travis/build/icyphy/ptII/ptolemy/domains/continuous/test/auto/CausalityInterface8.xml (RunModel)" time="0.039" />
  <testcase classname="ptolemy.util.test.junit.AutoTests" name="[15] /home/travis/build/icyphy/ptII/ptolemy/domains/continuous/test/auto/CausalityInterface9.xml (RunModel)" time="0.052" />
  <testcase classname="ptolemy.util.test.junit.AutoTests" name="[16] /home/travis/build/icyphy/ptII/ptolemy/domains/continuous/test/auto/CausalityInterfaceFeedback1.xml (RunModel)" time="0.036" />
  <testcase classname="ptolemy.util.test.junit.AutoTests" name="[17] /home/travis/build/icyphy/ptII/ptolemy/domains/continuous/test/auto/CausalityInterfaceFeedback2.xml (RunModel)" time="0.036" />
  <testcase classname="ptolemy.util.test.junit.AutoTests" name="[18] /home/travis/build/icyphy/ptII/ptolemy/domains/continuous/test/auto/CompareWithCurrentTime.xml (RunModel)" time="0.026" />
  <testcase classname="ptolemy.util.test.junit.AutoTests" name="[19] /home/travis/build/icyphy/ptII/ptolemy/domains/continuous/test/auto/ComparedClocks.xml (RunModel)" time="0.077" />
  <testcase classname="ptolemy.util.test.junit.AutoTests" name="[20] /home/travis/build/icyphy/ptII/ptolemy/domains/continuous/test/auto/ContinuousAOCClone.xml (RunModel)" time="2.881" />
  <testcase classname="ptolemy.util.test.junit.AutoTests" name="[21] /home/travis/build/icyphy/ptII/ptolemy/domains/continuous/test/auto/ContinuousClock.xml (RunModel)" time="0.111" />
  <testcase classname="ptolemy.util.test.junit.AutoTests" name="[22] /home/travis/build/icyphy/ptII/ptolemy/domains/continuous/test/auto/ContinuousInContinuous.xml (RunModel)" time="0.093" />
  <testcase classname="ptolemy.util.test.junit.AutoTests" name="[23] /home/travis/build/icyphy/ptII/ptolemy/domains/continuous/test/auto/ContinuousInContinuousInContinuous.xml (RunModel)" time="0.032" />
  <testcase classname="ptolemy.util.test.junit.AutoTests" name="[24] /home/travis/build/icyphy/ptII/ptolemy/domains/continuous/test/auto/ContinuousInDE.xml (RunModel)" time="0.151" />
  <testcase classname="ptolemy.util.test.junit.AutoTests" name="[25] /home/travis/build/icyphy/ptII/ptolemy/domains/continuous/test/auto/ContinuousInDE2.xml (RunModel)" time="0.058" />
  <testcase classname="ptolemy.util.test.junit.AutoTests" name="[26] /home/travis/build/icyphy/ptII/ptolemy/domains/continuous/test/auto/ContinuousInDE3.xml (RunModel)" time="0.073" />
  <testcase classname="ptolemy.util.test.junit.AutoTests" name="[27] /home/travis/build/icyphy/ptII/ptolemy/domains/continuous/test/auto/ContinuousInDE4.xml (RunModel)" time="0.042" />
  <testcase classname="ptolemy.util.test.junit.AutoTests" name="[28] /home/travis/build/icyphy/ptII/ptolemy/domains/continuous/test/auto/ContinuousInDEDifferentRefinements.xml (RunModel)" time="0.096" />
  <testcase classname="ptolemy.util.test.junit.AutoTests" name="[29] /home/travis/build/icyphy/ptII/ptolemy/domains/continuous/test/auto/ContinuousInDEDifferentRefinementsPreemptive.xml (RunModel)" time="0.098" />
  <testcase classname="ptolemy.util.test.junit.AutoTests" name="[30] /home/travis/build/icyphy/ptII/ptolemy/domains/continuous/test/auto/ContinuousInDEInContinuous2.xml (RunModel)" time="0.076" />
  <testcase classname="ptolemy.util.test.junit.AutoTests" name="[31] /home/travis/build/icyphy/ptII/ptolemy/domains/continuous/test/auto/ContinuousInDEInContinuous3.xml (RunModel)" time="0.105" />
  <testcase classname="ptolemy.util.test.junit.AutoTests" name="[32] /home/travis/build/icyphy/ptII/ptolemy/domains/continuous/test/auto/ContinuousInDEInput.xml (RunModel)" time="0.044" />
  <testcase classname="ptolemy.util.test.junit.AutoTests" name="[33] /home/travis/build/icyphy/ptII/ptolemy/domains/continuous/test/auto/ContinuousInDEInput2.xml (RunModel)" time="0.039" />
  <testcase classname="ptolemy.util.test.junit.AutoTests" name="[34] /home/travis/build/icyphy/ptII/ptolemy/domains/continuous/test/auto/ContinuousInDEInput3.xml (RunModel)" time="0.037" />
  <testcase classname="ptolemy.util.test.junit.AutoTests" name="[35] /home/travis/build/icyphy/ptII/ptolemy/domains/continuous/test/auto/ContinuousInDESharingRefinement.xml (RunModel)" time="0.205" />
  <testcase classname="ptolemy.util.test.junit.AutoTests" name="[36] /home/travis/build/icyphy/ptII/ptolemy/domains/continuous/test/auto/ContinuousInDEwithNoPorts.xml (RunModel)" time="0.02" />
  <testcase classname="ptolemy.util.test.junit.AutoTests" name="[37] /home/travis/build/icyphy/ptII/ptolemy/domains/continuous/test/auto/ContinuousInsideDE.xml (RunModel)" time="0.089" />
  <testcase classname="ptolemy.util.test.junit.AutoTests" name="[38] /home/travis/build/icyphy/ptII/ptolemy/domains/continuous/test/auto/ContinuousMerge1.xml (RunModel)" time="0.015" />
  <testcase classname="ptolemy.util.test.junit.AutoTests" name="[39] /home/travis/build/icyphy/ptII/ptolemy/domains/continuous/test/auto/ContinuousMerge2.xml (RunModel)" time="0.054" />
  <testcase classname="ptolemy.util.test.junit.AutoTests" name="[40] /home/travis/build/icyphy/ptII/ptolemy/domains/continuous/test/auto/ContinuousMerge3.xml (RunModel)" time="0.082" />
  <testcase classname="ptolemy.util.test.junit.AutoTests" name="[41] /home/travis/build/icyphy/ptII/ptolemy/domains/continuous/test/auto/ContinuousWithinContinuous.xml (RunModel)" time="0.083" />
  <testcase classname="ptolemy.util.test.junit.AutoTests" name="[42] /home/travis/build/icyphy/ptII/ptolemy/domains/continuous/test/auto/ContinuousWithinContinuous2.xml (RunModel)" time="0.083" />
  <testcase classname="ptolemy.util.test.junit.AutoTests" name="[43] /home/travis/build/icyphy/ptII/ptolemy/domains/continuous/test/auto/ContinuousWithinContinuous3.xml (RunModel)" time="0.03" />
  <testcase classname="ptolemy.util.test.junit.AutoTests" name="[44] /home/travis/build/icyphy/ptII/ptolemy/domains/continuous/test/auto/ContinuousWithinContinuous4.xml (RunModel)" time="0.086" />
  <testcase classname="ptolemy.util.test.junit.AutoTests" name="[45] /home/travis/build/icyphy/ptII/ptolemy/domains/continuous/test/auto/ContinuousWithinContinuous5.xml (RunModel)" time="0.032" />
  <testcase classname="ptolemy.util.test.junit.AutoTests" name="[46] /home/travis/build/icyphy/ptII/ptolemy/domains/continuous/test/auto/ContinuousWithinContinuous6.xml (RunModel)" time="0.031" />
  <testcase classname="ptolemy.util.test.junit.AutoTests" name="[47] /home/travis/build/icyphy/ptII/ptolemy/domains/continuous/test/auto/ContinuousWithinContinuous7.xml (RunModel)" time="0.072" />
  <testcase classname="ptolemy.util.test.junit.AutoTests" name="[48] /home/travis/build/icyphy/ptII/ptolemy/domains/continuous/test/auto/DCMotor.xml (RunModel)" time="13.26" />
  <testcase classname="ptolemy.util.test.junit.AutoTests" name="[49] /home/travis/build/icyphy/ptII/ptolemy/domains/continuous/test/auto/DEInContinuous.xml (RunModel)" time="0.021" />
  <testcase classname="ptolemy.util.test.junit.AutoTests" name="[50] /home/travis/build/icyphy/ptII/ptolemy/domains/continuous/test/auto/DEinContinuous2.xml (RunModel)" time="0.043" />
  <testcase classname="ptolemy.util.test.junit.AutoTests" name="[51] /home/travis/build/icyphy/ptII/ptolemy/domains/continuous/test/auto/Derivative.xml (RunModel)" time="0.216" />
  <testcase classname="ptolemy.util.test.junit.AutoTests" name="[52] /home/travis/build/icyphy/ptII/ptolemy/domains/continuous/test/auto/Derivative1.xml (RunModel)" time="0.045" />
  <testcase classname="ptolemy.util.test.junit.AutoTests" name="[53] /home/travis/build/icyphy/ptII/ptolemy/domains/continuous/test/auto/DiscreteClock.xml (RunModel)" time="0.014" />
  <testcase classname="ptolemy.util.test.junit.AutoTests" name="[54] /home/travis/build/icyphy/ptII/ptolemy/domains/continuous/test/auto/EfficiencyCurve.xml (RunModel)" time="0.105" />
  <testcase classname="ptolemy.util.test.junit.AutoTests" name="[55] /home/travis/build/icyphy/ptII/ptolemy/domains/continuous/test/auto/ExponentialResponse.xml (RunModel)" time="0.124" />
  <testcase classname="ptolemy.util.test.junit.AutoTests" name="[56] /home/travis/build/icyphy/ptII/ptolemy/domains/continuous/test/auto/ExponentialResponseRK45.xml (RunModel)" time="0.035" />
  <testcase classname="ptolemy.util.test.junit.AutoTests" name="[57] /home/travis/build/icyphy/ptII/ptolemy/domains/continuous/test/auto/Friction.xml (RunModel)" time="1.466" />
  <testcase classname="ptolemy.util.test.junit.AutoTests" name="[58] /home/travis/build/icyphy/ptII/ptolemy/domains/continuous/test/auto/FurutaPendulum.xml (RunModel)" time="3.454" />
  <testcase classname="ptolemy.util.test.junit.AutoTests" name="[59] /home/travis/build/icyphy/ptII/ptolemy/domains/continuous/test/auto/HierarchicalExecution.xml (RunModel)" time="1.972" />
  <testcase classname="ptolemy.util.test.junit.AutoTests" name="[60] /home/travis/build/icyphy/ptII/ptolemy/domains/continuous/test/auto/HybridPlant.xml (RunModel)" time="0.58" />
  <testcase classname="ptolemy.util.test.junit.AutoTests" name="[61] /home/travis/build/icyphy/ptII/ptolemy/domains/continuous/test/auto/Hysteresis.xml (RunModel)" time="0.171" />
  <testcase classname="ptolemy.util.test.junit.AutoTests" name="[62] /home/travis/build/icyphy/ptII/ptolemy/domains/continuous/test/auto/HysteresisWithRandomDelay.xml (RunModel)" time="0.216" />
  <testcase classname="ptolemy.util.test.junit.AutoTests" name="[63] /home/travis/build/icyphy/ptII/ptolemy/domains/continuous/test/auto/HysteresisWithRandomLosses.xml (RunModel)" time="2.304" />
  <testcase classname="ptolemy.util.test.junit.AutoTests" name="[64] /home/travis/build/icyphy/ptII/ptolemy/domains/continuous/test/auto/ImmediateTransitions.xml (RunModel)" time="0.038" />
  <testcase classname="ptolemy.util.test.junit.AutoTests" name="[65] /home/travis/build/icyphy/ptII/ptolemy/domains/continuous/test/auto/ImpulseFeedback.xml (RunModel)" time="0.027" />
  <testcase classname="ptolemy.util.test.junit.AutoTests" name="[66] /home/travis/build/icyphy/ptII/ptolemy/domains/continuous/test/auto/ImpulseFeedback2.xml (RunModel)" time="0.02" />
  <testcase classname="ptolemy.util.test.junit.AutoTests" name="[67] /home/travis/build/icyphy/ptII/ptolemy/domains/continuous/test/auto/IncreasingRatePoisson.xml (RunModel)" time="0.739" />
  <testcase classname="ptolemy.util.test.junit.AutoTests" name="[68] /home/travis/build/icyphy/ptII/ptolemy/domains/continuous/test/auto/InitialStateFeedback.xml (RunModel)" time="0.027" />
  <testcase classname="ptolemy.util.test.junit.AutoTests" name="[69] /home/travis/build/icyphy/ptII/ptolemy/domains/continuous/test/auto/Integration.xml (RunModel)" time="0.016" />
  <testcase classname="ptolemy.util.test.junit.AutoTests" name="[70] /home/travis/build/icyphy/ptII/ptolemy/domains/continuous/test/auto/Integration2.xml (RunModel)" time="0.093" />
  <testcase classname="ptolemy.util.test.junit.AutoTests" name="[71] /home/travis/build/icyphy/ptII/ptolemy/domains/continuous/test/auto/Integration3.xml (RunModel)" time="0.015" />
  <testcase classname="ptolemy.util.test.junit.AutoTests" name="[72] /home/travis/build/icyphy/ptII/ptolemy/domains/continuous/test/auto/Integration5.xml (RunModel)" time="0.025" />
  <testcase classname="ptolemy.util.test.junit.AutoTests" name="[73] /home/travis/build/icyphy/ptII/ptolemy/domains/continuous/test/auto/IntegratorImpulse.xml (RunModel)" time="0.021" />
  <testcase classname="ptolemy.util.test.junit.AutoTests" name="[74] /home/travis/build/icyphy/ptII/ptolemy/domains/continuous/test/auto/IntegratorImpulse2.xml (RunModel)" time="0.013" />
  <testcase classname="ptolemy.util.test.junit.AutoTests" name="[75] /home/travis/build/icyphy/ptII/ptolemy/domains/continuous/test/auto/LevelCrossing1.xml (RunModel)" time="0.012" />
  <testcase classname="ptolemy.util.test.junit.AutoTests" name="[76] /home/travis/build/icyphy/ptII/ptolemy/domains/continuous/test/auto/LevelCrossing2.xml (RunModel)" time="0.013" />
  <testcase classname="ptolemy.util.test.junit.AutoTests" name="[77] /home/travis/build/icyphy/ptII/ptolemy/domains/continuous/test/auto/LevelCrossing3.xml (RunModel)" time="0.012" />
  <testcase classname="ptolemy.util.test.junit.AutoTests" name="[78] /home/travis/build/icyphy/ptII/ptolemy/domains/continuous/test/auto/LevelCrossing4.xml (RunModel)" time="0.013" />
  <testcase classname="ptolemy.util.test.junit.AutoTests" name="[79] /home/travis/build/icyphy/ptII/ptolemy/domains/continuous/test/auto/LevelCrossing5.xml (RunModel)" time="0.012" />
  <testcase classname="ptolemy.util.test.junit.AutoTests" name="[80] /home/travis/build/icyphy/ptII/ptolemy/domains/continuous/test/auto/LevelCrossing6.xml (RunModel)" time="0.012" />
  <testcase classname="ptolemy.util.test.junit.AutoTests" name="[81] /home/travis/build/icyphy/ptII/ptolemy/domains/continuous/test/auto/LevelCrossingDetector.xml (RunModel)" time="0.061" />
  <testcase classname="ptolemy.util.test.junit.AutoTests" name="[82] /home/travis/build/icyphy/ptII/ptolemy/domains/continuous/test/auto/LevelCrossingDetectorDetectingDirections.xml (RunModel)" time="0.074" />
  <testcase classname="ptolemy.util.test.junit.AutoTests" name="[83] /home/travis/build/icyphy/ptII/ptolemy/domains/continuous/test/auto/LevelCrossingDetectorDetectsGlitches.xml (RunModel)" time="0.06" />
  <testcase classname="ptolemy.util.test.junit.AutoTests" name="[84] /home/travis/build/icyphy/ptII/ptolemy/domains/continuous/test/auto/LevelCrossingNoInitialOuput.xml (RunModel)" time="0.013" />
  <testcase classname="ptolemy.util.test.junit.AutoTests" name="[85] /home/travis/build/icyphy/ptII/ptolemy/domains/continuous/test/auto/LinearStateSpaceExample.xml (RunModel)" time="0.041" />
  <testcase classname="ptolemy.util.test.junit.AutoTests" name="[86] /home/travis/build/icyphy/ptII/ptolemy/domains/continuous/test/auto/Lorenz.xml (RunModel)" time="4.259" />
  <testcase classname="ptolemy.util.test.junit.AutoTests" name="[87] /home/travis/build/icyphy/ptII/ptolemy/domains/continuous/test/auto/LorenzDifferentialSystem.xml (RunModel)" time="1.166" />
  <testcase classname="ptolemy.util.test.junit.AutoTests" name="[88] /home/travis/build/icyphy/ptII/ptolemy/domains/continuous/test/auto/LorenzDifferentialSystemWithInput.xml (RunModel)" time="1.485" />
  <testcase classname="ptolemy.util.test.junit.AutoTests" name="[89] /home/travis/build/icyphy/ptII/ptolemy/domains/continuous/test/auto/LorenzDifferentialSystemWithTime.xml (RunModel)" time="0.747" />
  <testcase classname="ptolemy.util.test.junit.AutoTests" name="[90] /home/travis/build/icyphy/ptII/ptolemy/domains/continuous/test/auto/Microsteps.xml (RunModel)" time="0.03" />
  <testcase classname="ptolemy.util.test.junit.AutoTests" name="[91] /home/travis/build/icyphy/ptII/ptolemy/domains/continuous/test/auto/Modal1.xml (RunModel)" time="0.047" />
  <testcase classname="ptolemy.util.test.junit.AutoTests" name="[92] /home/travis/build/icyphy/ptII/ptolemy/domains/continuous/test/auto/Modal2.xml (RunModel)" time="0.037" />
  <testcase classname="ptolemy.util.test.junit.AutoTests" name="[93] /home/travis/build/icyphy/ptII/ptolemy/domains/continuous/test/auto/ModalTransitionGuardWithReset.xml (RunModel)" time="0.032" />
  <testcase classname="ptolemy.util.test.junit.AutoTests" name="[94] /home/travis/build/icyphy/ptII/ptolemy/domains/continuous/test/auto/ModalTransitionGuardWithResetUsingPreemptiveTransition.xml (RunModel)" time="0.025" />
  <testcase classname="ptolemy.util.test.junit.AutoTests" name="[95] /home/travis/build/icyphy/ptII/ptolemy/domains/continuous/test/auto/ModalTransitionGuardWithResetUsingPreemptiveTransition2.xml (RunModel)" time="0.04" />
  <testcase classname="ptolemy.util.test.junit.AutoTests" name="[96] /home/travis/build/icyphy/ptII/ptolemy/domains/continuous/test/auto/ModalTransitionGuardWithResetUsingPreemptiveTransition3.xml (RunModel)" time="0.05" />
  <testcase classname="ptolemy.util.test.junit.AutoTests" name="[97] /home/travis/build/icyphy/ptII/ptolemy/domains/continuous/test/auto/NewtonsCradle.xml (RunModel)" time="0.811" />
  <testcase classname="ptolemy.util.test.junit.AutoTests" name="[98] /home/travis/build/icyphy/ptII/ptolemy/domains/continuous/test/auto/NewtonsCradleAnimated.xml (RunModel)" time="1.233" />
  <testcase classname="ptolemy.util.test.junit.AutoTests" name="[99] /home/travis/build/icyphy/ptII/ptolemy/domains/continuous/test/auto/NewtonsCradleComplicated.xml (RunModel)" time="0.968" />
  <testcase classname="ptolemy.util.test.junit.AutoTests" name="[100] /home/travis/build/icyphy/ptII/ptolemy/domains/continuous/test/auto/NewtonsCradleNondeterministic.xml (RunModel)" time="0.703" />
  <testcase classname="ptolemy.util.test.junit.AutoTests" name="[101] /home/travis/build/icyphy/ptII/ptolemy/domains/continuous/test/auto/NewtonsCradlePerfectlyInelastic1.xml (RunModel)" time="1.345" />
  <testcase classname="ptolemy.util.test.junit.AutoTests" name="[102] /home/travis/build/icyphy/ptII/ptolemy/domains/continuous/test/auto/Noise.xml (RunModel)" time="0.188" />
  <testcase classname="ptolemy.util.test.junit.AutoTests" name="[103] /home/travis/build/icyphy/ptII/ptolemy/domains/continuous/test/auto/NoiseSpectrum.xml (RunModel)" time="0.778" />
  <testcase classname="ptolemy.util.test.junit.AutoTests" name="[104] /home/travis/build/icyphy/ptII/ptolemy/domains/continuous/test/auto/ParameterizedNewtonsCradleAnimated.xml (RunModel)" time="0.384" />
  <testcase classname="ptolemy.util.test.junit.AutoTests" name="[105] /home/travis/build/icyphy/ptII/ptolemy/domains/continuous/test/auto/ParameterizedNewtonsCradleAnimatedNondeterministic.xml (RunModel)" time="1.196" />
  <testcase classname="ptolemy.util.test.junit.AutoTests" name="[106] /home/travis/build/icyphy/ptII/ptolemy/domains/continuous/test/auto/Pendulum3D.xml (RunModel)" time="0.183" />
  <testcase classname="ptolemy.util.test.junit.AutoTests" name="[107] /home/travis/build/icyphy/ptII/ptolemy/domains/continuous/test/auto/PeriodicSampler.xml (RunModel)" time="0.01" />
  <testcase classname="ptolemy.util.test.junit.AutoTests" name="[108] /home/travis/build/icyphy/ptII/ptolemy/domains/continuous/test/auto/PeriodicSampler1.xml (RunModel)" time="0.045" />
  <testcase classname="ptolemy.util.test.junit.AutoTests" name="[109] /home/travis/build/icyphy/ptII/ptolemy/domains/continuous/test/auto/PeriodicSampler2.xml (RunModel)" time="0.065" />
  <testcase classname="ptolemy.util.test.junit.AutoTests" name="[110] /home/travis/build/icyphy/ptII/ptolemy/domains/continuous/test/auto/Poisson.xml (RunModel)" time="0.49" />
  <testcase classname="ptolemy.util.test.junit.AutoTests" name="[111] /home/travis/build/icyphy/ptII/ptolemy/domains/continuous/test/auto/PoissonClock.xml (RunModel)" time="0.012" />
  <testcase classname="ptolemy.util.test.junit.AutoTests" name="[112] /home/travis/build/icyphy/ptII/ptolemy/domains/continuous/test/auto/PoissonClock2.xml (RunModel)" time="0.019" />
  <testcase classname="ptolemy.util.test.junit.AutoTests" name="[113] /home/travis/build/icyphy/ptII/ptolemy/domains/continuous/test/auto/PortParameterHierarchy.xml (RunModel)" time="0.019" />
  <testcase classname="ptolemy.util.test.junit.AutoTests" name="[114] /home/travis/build/icyphy/ptII/ptolemy/domains/continuous/test/auto/RandomHybridPlant.xml (RunModel)" time="0.507" />
  <testcase classname="ptolemy.util.test.junit.AutoTests" name="[115] /home/travis/build/icyphy/ptII/ptolemy/domains/continuous/test/auto/ResetTransitionWithStartTime1.xml (RunModel)" time="0.034" />
  <testcase classname="ptolemy.util.test.junit.AutoTests" name="[116] /home/travis/build/icyphy/ptII/ptolemy/domains/continuous/test/auto/ResetTransitionWithStartTime2.xml (RunModel)" time="0.034" />
  <testcase classname="ptolemy.util.test.junit.AutoTests" name="[117] /home/travis/build/icyphy/ptII/ptolemy/domains/continuous/test/auto/ResetTransitionWithStartTime3.xml (RunModel)" time="0.04" />
  <testcase classname="ptolemy.util.test.junit.AutoTests" name="[118] /home/travis/build/icyphy/ptII/ptolemy/domains/continuous/test/auto/ResetTransitionWithStartTime4.xml (RunModel)" time="0.025" />
  <testcase classname="ptolemy.util.test.junit.AutoTests" name="[119] /home/travis/build/icyphy/ptII/ptolemy/domains/continuous/test/auto/ResetTransitionWithStartTime5.xml (RunModel)" time="0.031" />
  <testcase classname="ptolemy.util.test.junit.AutoTests" name="[120] /home/travis/build/icyphy/ptII/ptolemy/domains/continuous/test/auto/ResetTransitionWithStartTime6.xml (RunModel)" time="0.026" />
  <testcase classname="ptolemy.util.test.junit.AutoTests" name="[121] /home/travis/build/icyphy/ptII/ptolemy/domains/continuous/test/auto/SRinContinuous.xml (RunModel)" time="0.025" />
  <testcase classname="ptolemy.util.test.junit.AutoTests" name="[122] /home/travis/build/icyphy/ptII/ptolemy/domains/continuous/test/auto/SampledClocks.xml (RunModel)" time="0.025" />
  <testcase classname="ptolemy.util.test.junit.AutoTests" name="[123] /home/travis/build/icyphy/ptII/ptolemy/domains/continuous/test/auto/Satellite.xml (RunModel)" time="0.767" />
  <testcase classname="ptolemy.util.test.junit.AutoTests" name="[124] /home/travis/build/icyphy/ptII/ptolemy/domains/continuous/test/auto/SigmaDelta.xml (RunModel)" time="2.463" />
  <testcase classname="ptolemy.util.test.junit.AutoTests" name="[125] /home/travis/build/icyphy/ptII/ptolemy/domains/continuous/test/auto/SingleRefinement.xml (RunModel)" time="0.527" />
  <testcase classname="ptolemy.util.test.junit.AutoTests" name="[126] /home/travis/build/icyphy/ptII/ptolemy/domains/continuous/test/auto/SinuBouncingBall.xml (RunModel)" time="0.808" />
  <testcase classname="ptolemy.util.test.junit.AutoTests" name="[127] /home/travis/build/icyphy/ptII/ptolemy/domains/continuous/test/auto/Sinusoid.xml (RunModel)" time="0.02" />
  <testcase classname="ptolemy.util.test.junit.AutoTests" name="[128] /home/travis/build/icyphy/ptII/ptolemy/domains/continuous/test/auto/SinusoidInNoise.xml (RunModel)" time="0.99" />
  <testcase classname="ptolemy.util.test.junit.AutoTests" name="[129] /home/travis/build/icyphy/ptII/ptolemy/domains/continuous/test/auto/SinusoidRK45.xml (RunModel)" time="0.011" />
  <testcase classname="ptolemy.util.test.junit.AutoTests" name="[130] /home/travis/build/icyphy/ptII/ptolemy/domains/continuous/test/auto/SinusoidWithMultipleImpulses.xml (RunModel)" time="0.012" />
  <testcase classname="ptolemy.util.test.junit.AutoTests" name="[131] /home/travis/build/icyphy/ptII/ptolemy/domains/continuous/test/auto/SquareWave.xml (RunModel)" time="0.185" />
  <testcase classname="ptolemy.util.test.junit.AutoTests" name="[132] /home/travis/build/icyphy/ptII/ptolemy/domains/continuous/test/auto/Starmac.xml (RunModel)" time="3.428" />
  <testcase classname="ptolemy.util.test.junit.AutoTests" name="[133] /home/travis/build/icyphy/ptII/ptolemy/domains/continuous/test/auto/StaticUnits.xml (RunModel)" time="2.742" />
  <testcase classname="ptolemy.util.test.junit.AutoTests" name="[134] /home/travis/build/icyphy/ptII/ptolemy/domains/continuous/test/auto/StickyMasses.xml (RunModel)" time="0.19" />
  <testcase classname="ptolemy.util.test.junit.AutoTests" name="[135] /home/travis/build/icyphy/ptII/ptolemy/domains/continuous/test/auto/StopTime.xml (RunModel)" time="0.082" />
  <testcase classname="ptolemy.util.test.junit.AutoTests" name="[136] /home/travis/build/icyphy/ptII/ptolemy/domains/continuous/test/auto/StopTime2.xml (RunModel)" time="0.058" />
  <testcase classname="ptolemy.util.test.junit.AutoTests" name="[137] /home/travis/build/icyphy/ptII/ptolemy/domains/continuous/test/auto/Switch.xml (RunModel)" time="0.061" />
  <testcase classname="ptolemy.util.test.junit.AutoTests" name="[138] /home/travis/build/icyphy/ptII/ptolemy/domains/continuous/test/auto/Thermostat.xml (RunModel)" time="0.193" />
  <testcase classname="ptolemy.util.test.junit.AutoTests" name="[139] /home/travis/build/icyphy/ptII/ptolemy/domains/continuous/test/auto/TimeDelay.xml (RunModel)" time="0.018" />
  <testcase classname="ptolemy.util.test.junit.AutoTests" name="[140] /home/travis/build/icyphy/ptII/ptolemy/domains/continuous/test/auto/TimeDelay2.xml (RunModel)" time="0.02" />
  <testcase classname="ptolemy.util.test.junit.AutoTests" name="[141] /home/travis/build/icyphy/ptII/ptolemy/domains/continuous/test/auto/TimeDelay3.xml (RunModel)" time="0.016" />
  <testcase classname="ptolemy.util.test.junit.AutoTests" name="[142] /home/travis/build/icyphy/ptII/ptolemy/domains/continuous/test/auto/TransferAbsentToInside.xml (RunModel)" time="0.12" />
  <testcase classname="ptolemy.util.test.junit.AutoTests" name="[143] /home/travis/build/icyphy/ptII/ptolemy/domains/continuous/test/auto/Transmission.xml (RunModel)" time="0.769" />
  <testcase classname="ptolemy.util.test.junit.AutoTests" name="[144] /home/travis/build/icyphy/ptII/ptolemy/domains/continuous/test/auto/TriggeredContinuousClock.xml (RunModel)" time="0.071" />
  <testcase classname="ptolemy.util.test.junit.AutoTests" name="[145] /home/travis/build/icyphy/ptII/ptolemy/domains/continuous/test/auto/TwoMachineInfiniteBusControl.xml (RunModel)" time="2.878" />
  <testcase classname="ptolemy.util.test.junit.AutoTests" name="[146] /home/travis/build/icyphy/ptII/ptolemy/domains/continuous/test/auto/V2V.xml (RunModel)" time="0.794" />
  <testcase classname="ptolemy.util.test.junit.AutoTests" name="[147] /home/travis/build/icyphy/ptII/ptolemy/domains/continuous/test/auto/hierarchicalModalModel.xml (RunModel)" time="0.036" />
  <testcase classname="ptolemy.util.test.junit.AutoTests" name="[148] /home/travis/build/icyphy/ptII/ptolemy/domains/continuous/test/auto/hierarchicalModalModel1.xml (RunModel)" time="0.031" />
  <testcase classname="ptolemy.util.test.junit.AutoTests" name="[149] /home/travis/build/icyphy/ptII/ptolemy/domains/continuous/test/auto/hierarchicalModalModel2.xml (RunModel)" time="0.034" />
  <testcase classname="ptolemy.util.test.junit.AutoTests" name="[150] /home/travis/build/icyphy/ptII/ptolemy/domains/continuous/test/auto/hierarchicalModalModel3.xml (RunModel)" time="0.026" />
  <testcase classname="ptolemy.util.test.junit.AutoTests" name="[151] /home/travis/build/icyphy/ptII/ptolemy/domains/continuous/test/auto/hierarchicalModalModel4.xml (RunModel)" time="0.029" />
  <testcase classname="ptolemy.util.test.junit.AutoTests" name="[152] /home/travis/build/icyphy/ptII/ptolemy/domains/continuous/test/auto/junk.xml (RunModel)" time="0.159" />
  <system-out><![CDATA[No tcl tests in /home/travis/build/icyphy/ptII/ptolemy/domains/continuous/test
No auto/knownFailedTests/*.xml tests in /home/travis/build/icyphy/ptII/ptolemy/domains/continuous/test
No auto/linux-amd64/*.xml tests in /home/travis/build/icyphy/ptII/ptolemy/domains/continuous/test
AutoTests.java: About to close Vertx.
AutoTests.java: Vertx closed.

===========================================================================================
----------------- testing Wed Dec 05 02:55:49 UTC 2018 /home/travis/build/icyphy/ptII/ptolemy/domains/continuous/test/auto/BouncingBall.xml
----------------- Instantiating /home/travis/build/icyphy/ptII/ptolemy/domains/continuous/test/auto/BouncingBall.xml
2223 ms. Memory: 331776K Free: 259619K (78%)
----------------- Invoking toplevel() on ptolemy.moml.MoMLSimpleApplication@6adf623d
----------------- Done invoking toplevel() on ptolemy.moml.MoMLSimpleApplication@6adf623d
reloadAllAccessors: .BouncingBall

===========================================================================================
----------------- testing Wed Dec 05 02:55:52 UTC 2018 /home/travis/build/icyphy/ptII/ptolemy/domains/continuous/test/auto/BouncingBallWithoutGR.xml
----------------- Instantiating /home/travis/build/icyphy/ptII/ptolemy/domains/continuous/test/auto/BouncingBallWithoutGR.xml
765 ms. Memory: 331776K Free: 315412K (95%)
----------------- Invoking toplevel() on ptolemy.moml.MoMLSimpleApplication@479078c5
----------------- Done invoking toplevel() on ptolemy.moml.MoMLSimpleApplication@479078c5
reloadAllAccessors: .BouncingBallWithoutGR

===========================================================================================
----------------- testing Wed Dec 05 02:55:52 UTC 2018 /home/travis/build/icyphy/ptII/ptolemy/domains/continuous/test/auto/Brownian.xml
----------------- Instantiating /home/travis/build/icyphy/ptII/ptolemy/domains/continuous/test/auto/Brownian.xml
43 ms. Memory: 331776K Free: 301515K (91%)
----------------- Invoking toplevel() on ptolemy.moml.MoMLSimpleApplication@3143e7d5
----------------- Done invoking toplevel() on ptolemy.moml.MoMLSimpleApplication@3143e7d5
reloadAllAccessors: .Brownian

===========================================================================================
----------------- testing Wed Dec 05 02:55:53 UTC 2018 /home/travis/build/icyphy/ptII/ptolemy/domains/continuous/test/auto/CarTracking.xml
----------------- Instantiating /home/travis/build/icyphy/ptII/ptolemy/domains/continuous/test/auto/CarTracking.xml
3522 ms. Memory: 578048K Free: 452684K (78%)
----------------- Invoking toplevel() on ptolemy.moml.MoMLSimpleApplication@2e089ef0
----------------- Done invoking toplevel() on ptolemy.moml.MoMLSimpleApplication@2e089ef0
reloadAllAccessors: .CarTracking

===========================================================================================
----------------- testing Wed Dec 05 02:55:56 UTC 2018 /home/travis/build/icyphy/ptII/ptolemy/domains/continuous/test/auto/CartPendulum.xml
----------------- Instantiating /home/travis/build/icyphy/ptII/ptolemy/domains/continuous/test/auto/CartPendulum.xml
422 ms. Memory: 578048K Free: 347977K (60%)
----------------- Invoking toplevel() on ptolemy.moml.MoMLSimpleApplication@475a3d18
----------------- Done invoking toplevel() on ptolemy.moml.MoMLSimpleApplication@475a3d18
reloadAllAccessors: .CartPendulum

===========================================================================================
----------------- testing Wed Dec 05 02:55:57 UTC 2018 /home/travis/build/icyphy/ptII/ptolemy/domains/continuous/test/auto/CausalityInterface10.xml
----------------- Instantiating /home/travis/build/icyphy/ptII/ptolemy/domains/continuous/test/auto/CausalityInterface10.xml
11 ms. Memory: 578048K Free: 334853K (58%)
----------------- Invoking toplevel() on ptolemy.moml.MoMLSimpleApplication@452c3276
----------------- Done invoking toplevel() on ptolemy.moml.MoMLSimpleApplication@452c3276
reloadAllAccessors: .CausalityInterface10

===========================================================================================
----------------- testing Wed Dec 05 02:55:57 UTC 2018 /home/travis/build/icyphy/ptII/ptolemy/domains/continuous/test/auto/CausalityInterface11.xml
----------------- Instantiating /home/travis/build/icyphy/ptII/ptolemy/domains/continuous/test/auto/CausalityInterface11.xml
13 ms. Memory: 578048K Free: 325015K (56%)
----------------- Invoking toplevel() on ptolemy.moml.MoMLSimpleApplication@3057f4df
----------------- Done invoking toplevel() on ptolemy.moml.MoMLSimpleApplication@3057f4df
reloadAllAccessors: .CausalityInterface11

===========================================================================================
----------------- testing Wed Dec 05 02:55:57 UTC 2018 /home/travis/build/icyphy/ptII/ptolemy/domains/continuous/test/auto/CausalityInterface12.xml
----------------- Instantiating /home/travis/build/icyphy/ptII/ptolemy/domains/continuous/test/auto/CausalityInterface12.xml
12 ms. Memory: 578048K Free: 315168K (55%)
----------------- Invoking toplevel() on ptolemy.moml.MoMLSimpleApplication@415db88b
----------------- Done invoking toplevel() on ptolemy.moml.MoMLSimpleApplication@415db88b
reloadAllAccessors: .CausalityInterface12

===========================================================================================
----------------- testing Wed Dec 05 02:55:57 UTC 2018 /home/travis/build/icyphy/ptII/ptolemy/domains/continuous/test/auto/CausalityInterface13.xml
----------------- Instantiating /home/travis/build/icyphy/ptII/ptolemy/domains/continuous/test/auto/CausalityInterface13.xml
7 ms. Memory: 578048K Free: 302167K (52%)
----------------- Invoking toplevel() on ptolemy.moml.MoMLSimpleApplication@6c7d7096
----------------- Done invoking toplevel() on ptolemy.moml.MoMLSimpleApplication@6c7d7096
reloadAllAccessors: .CausalityInterface13

===========================================================================================
----------------- testing Wed Dec 05 02:55:57 UTC 2018 /home/travis/build/icyphy/ptII/ptolemy/domains/continuous/test/auto/CausalityInterface14.xml
----------------- Instantiating /home/travis/build/icyphy/ptII/ptolemy/domains/continuous/test/auto/CausalityInterface14.xml
7 ms. Memory: 578048K Free: 292320K (51%)
----------------- Invoking toplevel() on ptolemy.moml.MoMLSimpleApplication@6adf54d3
----------------- Done invoking toplevel() on ptolemy.moml.MoMLSimpleApplication@6adf54d3
reloadAllAccessors: .CausalityInterface14

===========================================================================================
----------------- testing Wed Dec 05 02:55:57 UTC 2018 /home/travis/build/icyphy/ptII/ptolemy/domains/continuous/test/auto/CausalityInterface4.xml
----------------- Instantiating /home/travis/build/icyphy/ptII/ptolemy/domains/continuous/test/auto/CausalityInterface4.xml
3 ms. Memory: 578048K Free: 282474K (49%)
----------------- Invoking toplevel() on ptolemy.moml.MoMLSimpleApplication@669d3499
----------------- Done invoking toplevel() on ptolemy.moml.MoMLSimpleApplication@669d3499
reloadAllAccessors: .CausalityInterface4

===========================================================================================
----------------- testing Wed Dec 05 02:55:57 UTC 2018 /home/travis/build/icyphy/ptII/ptolemy/domains/continuous/test/auto/CausalityInterface5.xml
----------------- Instantiating /home/travis/build/icyphy/ptII/ptolemy/domains/continuous/test/auto/CausalityInterface5.xml
7 ms. Memory: 578048K Free: 269350K (47%)
----------------- Invoking toplevel() on ptolemy.moml.MoMLSimpleApplication@3381779a
----------------- Done invoking toplevel() on ptolemy.moml.MoMLSimpleApplication@3381779a
reloadAllAccessors: .CausalityInterface5

===========================================================================================
----------------- testing Wed Dec 05 02:55:57 UTC 2018 /home/travis/build/icyphy/ptII/ptolemy/domains/continuous/test/auto/CausalityInterface6.xml
----------------- Instantiating /home/travis/build/icyphy/ptII/ptolemy/domains/continuous/test/auto/CausalityInterface6.xml
6 ms. Memory: 578048K Free: 256357K (44%)
----------------- Invoking toplevel() on ptolemy.moml.MoMLSimpleApplication@45521e10
----------------- Done invoking toplevel() on ptolemy.moml.MoMLSimpleApplication@45521e10
reloadAllAccessors: .CausalityInterface6

===========================================================================================
----------------- testing Wed Dec 05 02:55:57 UTC 2018 /home/travis/build/icyphy/ptII/ptolemy/domains/continuous/test/auto/CausalityInterface7.xml
----------------- Instantiating /home/travis/build/icyphy/ptII/ptolemy/domains/continuous/test/auto/CausalityInterface7.xml
14 ms. Memory: 578048K Free: 243241K (42%)
----------------- Invoking toplevel() on ptolemy.moml.MoMLSimpleApplication@a922242
----------------- Done invoking toplevel() on ptolemy.moml.MoMLSimpleApplication@a922242
reloadAllAccessors: .CausalityInterface7

===========================================================================================
----------------- testing Wed Dec 05 02:55:57 UTC 2018 /home/travis/build/icyphy/ptII/ptolemy/domains/continuous/test/auto/CausalityInterface8.xml
----------------- Instantiating /home/travis/build/icyphy/ptII/ptolemy/domains/continuous/test/auto/CausalityInterface8.xml
6 ms. Memory: 578048K Free: 230118K (40%)
----------------- Invoking toplevel() on ptolemy.moml.MoMLSimpleApplication@5e39f155
----------------- Done invoking toplevel() on ptolemy.moml.MoMLSimpleApplication@5e39f155
reloadAllAccessors: .CausalityInterface8

===========================================================================================
----------------- testing Wed Dec 05 02:55:57 UTC 2018 /home/travis/build/icyphy/ptII/ptolemy/domains/continuous/test/auto/CausalityInterface9.xml
----------------- Instantiating /home/travis/build/icyphy/ptII/ptolemy/domains/continuous/test/auto/CausalityInterface9.xml
9 ms. Memory: 578048K Free: 213718K (37%)
----------------- Invoking toplevel() on ptolemy.moml.MoMLSimpleApplication@8b173f0
----------------- Done invoking toplevel() on ptolemy.moml.MoMLSimpleApplication@8b173f0
reloadAllAccessors: .CausalityInterface9

===========================================================================================
----------------- testing Wed Dec 05 02:55:58 UTC 2018 /home/travis/build/icyphy/ptII/ptolemy/domains/continuous/test/auto/CausalityInterfaceFeedback1.xml
----------------- Instantiating /home/travis/build/icyphy/ptII/ptolemy/domains/continuous/test/auto/CausalityInterfaceFeedback1.xml
8 ms. Memory: 578048K Free: 200708K (35%)
----------------- Invoking toplevel() on ptolemy.moml.MoMLSimpleApplication@51138f25
----------------- Done invoking toplevel() on ptolemy.moml.MoMLSimpleApplication@51138f25
reloadAllAccessors: .CausalityInterfaceFeedback1

===========================================================================================
----------------- testing Wed Dec 05 02:55:58 UTC 2018 /home/travis/build/icyphy/ptII/ptolemy/domains/continuous/test/auto/CausalityInterfaceFeedback2.xml
----------------- Instantiating /home/travis/build/icyphy/ptII/ptolemy/domains/continuous/test/auto/CausalityInterfaceFeedback2.xml
4 ms. Memory: 578048K Free: 190862K (33%)
----------------- Invoking toplevel() on ptolemy.moml.MoMLSimpleApplication@57c8446b
----------------- Done invoking toplevel() on ptolemy.moml.MoMLSimpleApplication@57c8446b
reloadAllAccessors: .CausalityInterfaceFeedback2

===========================================================================================
----------------- testing Wed Dec 05 02:55:58 UTC 2018 /home/travis/build/icyphy/ptII/ptolemy/domains/continuous/test/auto/CompareWithCurrentTime.xml
----------------- Instantiating /home/travis/build/icyphy/ptII/ptolemy/domains/continuous/test/auto/CompareWithCurrentTime.xml
3 ms. Memory: 578048K Free: 184308K (32%)
----------------- Invoking toplevel() on ptolemy.moml.MoMLSimpleApplication@74e3b8a6
----------------- Done invoking toplevel() on ptolemy.moml.MoMLSimpleApplication@74e3b8a6
reloadAllAccessors: .CompareWithCurrentTime

===========================================================================================
----------------- testing Wed Dec 05 02:55:58 UTC 2018 /home/travis/build/icyphy/ptII/ptolemy/domains/continuous/test/auto/ComparedClocks.xml
----------------- Instantiating /home/travis/build/icyphy/ptII/ptolemy/domains/continuous/test/auto/ComparedClocks.xml
9 ms. Memory: 578048K Free: 164615K (28%)
----------------- Invoking toplevel() on ptolemy.moml.MoMLSimpleApplication@13c51f1d
----------------- Done invoking toplevel() on ptolemy.moml.MoMLSimpleApplication@13c51f1d
reloadAllAccessors: .ComparedClocks

===========================================================================================
----------------- testing Wed Dec 05 02:55:58 UTC 2018 /home/travis/build/icyphy/ptII/ptolemy/domains/continuous/test/auto/ContinuousAOCClone.xml
----------------- Instantiating /home/travis/build/icyphy/ptII/ptolemy/domains/continuous/test/auto/ContinuousAOCClone.xml
2648 ms. Memory: 872960K Free: 413293K (47%)
----------------- Invoking toplevel() on ptolemy.moml.MoMLSimpleApplication@31b97a05
----------------- Done invoking toplevel() on ptolemy.moml.MoMLSimpleApplication@31b97a05
reloadAllAccessors: .ContinuousAOCClone

===========================================================================================
----------------- testing Wed Dec 05 02:56:01 UTC 2018 /home/travis/build/icyphy/ptII/ptolemy/domains/continuous/test/auto/ContinuousClock.xml
----------------- Instantiating /home/travis/build/icyphy/ptII/ptolemy/domains/continuous/test/auto/ContinuousClock.xml
33 ms. Memory: 872960K Free: 380070K (44%)
----------------- Invoking toplevel() on ptolemy.moml.MoMLSimpleApplication@66d77533
----------------- Done invoking toplevel() on ptolemy.moml.MoMLSimpleApplication@66d77533
reloadAllAccessors: .ContinuousClock

===========================================================================================
----------------- testing Wed Dec 05 02:56:01 UTC 2018 /home/travis/build/icyphy/ptII/ptolemy/domains/continuous/test/auto/ContinuousInContinuous.xml
----------------- Instantiating /home/travis/build/icyphy/ptII/ptolemy/domains/continuous/test/auto/ContinuousInContinuous.xml
51 ms. Memory: 872960K Free: 348585K (40%)
----------------- Invoking toplevel() on ptolemy.moml.MoMLSimpleApplication@5e151a1f
----------------- Done invoking toplevel() on ptolemy.moml.MoMLSimpleApplication@5e151a1f
reloadAllAccessors: .ContinuousInContinuous

===========================================================================================
----------------- testing Wed Dec 05 02:56:01 UTC 2018 /home/travis/build/icyphy/ptII/ptolemy/domains/continuous/test/auto/ContinuousInContinuousInContinuous.xml
----------------- Instantiating /home/travis/build/icyphy/ptII/ptolemy/domains/continuous/test/auto/ContinuousInContinuousInContinuous.xml
9 ms. Memory: 872960K Free: 332851K (38%)
----------------- Invoking toplevel() on ptolemy.moml.MoMLSimpleApplication@207c28d9
----------------- Done invoking toplevel() on ptolemy.moml.MoMLSimpleApplication@207c28d9
reloadAllAccessors: .ContinuousInContinuousInContinuous

===========================================================================================
----------------- testing Wed Dec 05 02:56:01 UTC 2018 /home/travis/build/icyphy/ptII/ptolemy/domains/continuous/test/auto/ContinuousInDE.xml
----------------- Instantiating /home/travis/build/icyphy/ptII/ptolemy/domains/continuous/test/auto/ContinuousInDE.xml
123 ms. Memory: 872960K Free: 317132K (36%)
----------------- Invoking toplevel() on ptolemy.moml.MoMLSimpleApplication@33cfb24
----------------- Done invoking toplevel() on ptolemy.moml.MoMLSimpleApplication@33cfb24
reloadAllAccessors: .ContinuousInDE

===========================================================================================
----------------- testing Wed Dec 05 02:56:01 UTC 2018 /home/travis/build/icyphy/ptII/ptolemy/domains/continuous/test/auto/ContinuousInDE2.xml
----------------- Instantiating /home/travis/build/icyphy/ptII/ptolemy/domains/continuous/test/auto/ContinuousInDE2.xml
40 ms. Memory: 872960K Free: 297985K (34%)
----------------- Invoking toplevel() on ptolemy.moml.MoMLSimpleApplication@5aa0a07e
----------------- Done invoking toplevel() on ptolemy.moml.MoMLSimpleApplication@5aa0a07e
reloadAllAccessors: .ContinuousInDE2

===========================================================================================
----------------- testing Wed Dec 05 02:56:01 UTC 2018 /home/travis/build/icyphy/ptII/ptolemy/domains/continuous/test/auto/ContinuousInDE3.xml
----------------- Instantiating /home/travis/build/icyphy/ptII/ptolemy/domains/continuous/test/auto/ContinuousInDE3.xml
42 ms. Memory: 872960K Free: 282266K (32%)
----------------- Invoking toplevel() on ptolemy.moml.MoMLSimpleApplication@fa31f10
----------------- Done invoking toplevel() on ptolemy.moml.MoMLSimpleApplication@fa31f10
reloadAllAccessors: .ContinuousInDE3

===========================================================================================
----------------- testing Wed Dec 05 02:56:01 UTC 2018 /home/travis/build/icyphy/ptII/ptolemy/domains/continuous/test/auto/ContinuousInDE4.xml
----------------- Instantiating /home/travis/build/icyphy/ptII/ptolemy/domains/continuous/test/auto/ContinuousInDE4.xml
16 ms. Memory: 872960K Free: 271787K (31%)
----------------- Invoking toplevel() on ptolemy.moml.MoMLSimpleApplication@4ab88cfe
----------------- Done invoking toplevel() on ptolemy.moml.MoMLSimpleApplication@4ab88cfe
reloadAllAccessors: .ContinuousInDE4

===========================================================================================
----------------- testing Wed Dec 05 02:56:01 UTC 2018 /home/travis/build/icyphy/ptII/ptolemy/domains/continuous/test/auto/ContinuousInDEDifferentRefinements.xml
----------------- Instantiating /home/travis/build/icyphy/ptII/ptolemy/domains/continuous/test/auto/ContinuousInDEDifferentRefinements.xml
48 ms. Memory: 872960K Free: 235055K (27%)
----------------- Invoking toplevel() on ptolemy.moml.MoMLSimpleApplication@3f6f3656
----------------- Done invoking toplevel() on ptolemy.moml.MoMLSimpleApplication@3f6f3656
reloadAllAccessors: .ContinuousInDEDifferentRefinements

===========================================================================================
----------------- testing Wed Dec 05 02:56:01 UTC 2018 /home/travis/build/icyphy/ptII/ptolemy/domains/continuous/test/auto/ContinuousInDEDifferentRefinementsPreemptive.xml
----------------- Instantiating /home/travis/build/icyphy/ptII/ptolemy/domains/continuous/test/auto/ContinuousInDEDifferentRefinementsPreemptive.xml
49 ms. Memory: 872960K Free: 194909K (22%)
----------------- Invoking toplevel() on ptolemy.moml.MoMLSimpleApplication@60390c97
----------------- Done invoking toplevel() on ptolemy.moml.MoMLSimpleApplication@60390c97
reloadAllAccessors: .ContinuousInDEDifferentRefinementsPreemptive

===========================================================================================
----------------- testing Wed Dec 05 02:56:01 UTC 2018 /home/travis/build/icyphy/ptII/ptolemy/domains/continuous/test/auto/ContinuousInDEInContinuous2.xml
----------------- Instantiating /home/travis/build/icyphy/ptII/ptolemy/domains/continuous/test/auto/ContinuousInDEInContinuous2.xml
47 ms. Memory: 872960K Free: 179183K (21%)
----------------- Invoking toplevel() on ptolemy.moml.MoMLSimpleApplication@318a230b
----------------- Done invoking toplevel() on ptolemy.moml.MoMLSimpleApplication@318a230b
reloadAllAccessors: .ContinuousInDEInContinuous2

===========================================================================================
----------------- testing Wed Dec 05 02:56:01 UTC 2018 /home/travis/build/icyphy/ptII/ptolemy/domains/continuous/test/auto/ContinuousInDEInContinuous3.xml
----------------- Instantiating /home/travis/build/icyphy/ptII/ptolemy/domains/continuous/test/auto/ContinuousInDEInContinuous3.xml
70 ms. Memory: 872960K Free: 158209K (18%)
----------------- Invoking toplevel() on ptolemy.moml.MoMLSimpleApplication@1b8ae6f5
----------------- Done invoking toplevel() on ptolemy.moml.MoMLSimpleApplication@1b8ae6f5
reloadAllAccessors: .ContinuousInDEInContinuous3

===========================================================================================
----------------- testing Wed Dec 05 02:56:02 UTC 2018 /home/travis/build/icyphy/ptII/ptolemy/domains/continuous/test/auto/ContinuousInDEInput.xml
----------------- Instantiating /home/travis/build/icyphy/ptII/ptolemy/domains/continuous/test/auto/ContinuousInDEInput.xml
20 ms. Memory: 872960K Free: 147730K (17%)
----------------- Invoking toplevel() on ptolemy.moml.MoMLSimpleApplication@6a48f50a
----------------- Done invoking toplevel() on ptolemy.moml.MoMLSimpleApplication@6a48f50a
reloadAllAccessors: .ContinuousInDEInput

===========================================================================================
----------------- testing Wed Dec 05 02:56:02 UTC 2018 /home/travis/build/icyphy/ptII/ptolemy/domains/continuous/test/auto/ContinuousInDEInput2.xml
----------------- Instantiating /home/travis/build/icyphy/ptII/ptolemy/domains/continuous/test/auto/ContinuousInDEInput2.xml
17 ms. Memory: 872960K Free: 133822K (15%)
----------------- Invoking toplevel() on ptolemy.moml.MoMLSimpleApplication@51b1d1b7
----------------- Done invoking toplevel() on ptolemy.moml.MoMLSimpleApplication@51b1d1b7
reloadAllAccessors: .ContinuousInDEInput2

===========================================================================================
----------------- testing Wed Dec 05 02:56:02 UTC 2018 /home/travis/build/icyphy/ptII/ptolemy/domains/continuous/test/auto/ContinuousInDEInput3.xml
----------------- Instantiating /home/travis/build/icyphy/ptII/ptolemy/domains/continuous/test/auto/ContinuousInDEInput3.xml
18 ms. Memory: 872960K Free: 123343K (14%)
----------------- Invoking toplevel() on ptolemy.moml.MoMLSimpleApplication@45347ae5
----------------- Done invoking toplevel() on ptolemy.moml.MoMLSimpleApplication@45347ae5
reloadAllAccessors: .ContinuousInDEInput3

===========================================================================================
----------------- testing Wed Dec 05 02:56:02 UTC 2018 /home/travis/build/icyphy/ptII/ptolemy/domains/continuous/test/auto/ContinuousInDESharingRefinement.xml
----------------- Instantiating /home/travis/build/icyphy/ptII/ptolemy/domains/continuous/test/auto/ContinuousInDESharingRefinement.xml
169 ms. Memory: 829952K Free: 768458K (93%)
----------------- Invoking toplevel() on ptolemy.moml.MoMLSimpleApplication@45b253a2
----------------- Done invoking toplevel() on ptolemy.moml.MoMLSimpleApplication@45b253a2
reloadAllAccessors: .ContinuousInDESharingRefinement

===========================================================================================
----------------- testing Wed Dec 05 02:56:02 UTC 2018 /home/travis/build/icyphy/ptII/ptolemy/domains/continuous/test/auto/ContinuousInDEwithNoPorts.xml
----------------- Instantiating /home/travis/build/icyphy/ptII/ptolemy/domains/continuous/test/auto/ContinuousInDEwithNoPorts.xml
5 ms. Memory: 829952K Free: 756232K (91%)
----------------- Invoking toplevel() on ptolemy.moml.MoMLSimpleApplication@4aaf57fc
----------------- Done invoking toplevel() on ptolemy.moml.MoMLSimpleApplication@4aaf57fc
reloadAllAccessors: .ContinuousInDEwithNoPorts

===========================================================================================
----------------- testing Wed Dec 05 02:56:02 UTC 2018 /home/travis/build/icyphy/ptII/ptolemy/domains/continuous/test/auto/ContinuousInsideDE.xml
----------------- Instantiating /home/travis/build/icyphy/ptII/ptolemy/domains/continuous/test/auto/ContinuousInsideDE.xml
45 ms. Memory: 829952K Free: 737502K (89%)
----------------- Invoking toplevel() on ptolemy.moml.MoMLSimpleApplication@12f39d4f
----------------- Done invoking toplevel() on ptolemy.moml.MoMLSimpleApplication@12f39d4f
reloadAllAccessors: .ContinuousInsideDE

===========================================================================================
----------------- testing Wed Dec 05 02:56:02 UTC 2018 /home/travis/build/icyphy/ptII/ptolemy/domains/continuous/test/auto/ContinuousMerge1.xml
----------------- Instantiating /home/travis/build/icyphy/ptII/ptolemy/domains/continuous/test/auto/ContinuousMerge1.xml
3 ms. Memory: 829952K Free: 727822K (88%)
----------------- Invoking toplevel() on ptolemy.moml.MoMLSimpleApplication@7a56c1f
----------------- Done invoking toplevel() on ptolemy.moml.MoMLSimpleApplication@7a56c1f
reloadAllAccessors: .ContinuousMerge1

===========================================================================================
----------------- testing Wed Dec 05 02:56:02 UTC 2018 /home/travis/build/icyphy/ptII/ptolemy/domains/continuous/test/auto/ContinuousMerge2.xml
----------------- Instantiating /home/travis/build/icyphy/ptII/ptolemy/domains/continuous/test/auto/ContinuousMerge2.xml
17 ms. Memory: 829952K Free: 712671K (86%)
----------------- Invoking toplevel() on ptolemy.moml.MoMLSimpleApplication@76b2988a
----------------- Done invoking toplevel() on ptolemy.moml.MoMLSimpleApplication@76b2988a
reloadAllAccessors: .ContinuousMerge2

===========================================================================================
----------------- testing Wed Dec 05 02:56:02 UTC 2018 /home/travis/build/icyphy/ptII/ptolemy/domains/continuous/test/auto/ContinuousMerge3.xml
----------------- Instantiating /home/travis/build/icyphy/ptII/ptolemy/domains/continuous/test/auto/ContinuousMerge3.xml
48 ms. Memory: 829952K Free: 697700K (84%)
----------------- Invoking toplevel() on ptolemy.moml.MoMLSimpleApplication@17936c17
----------------- Done invoking toplevel() on ptolemy.moml.MoMLSimpleApplication@17936c17
reloadAllAccessors: .ContinuousMerge3

===========================================================================================
----------------- testing Wed Dec 05 02:56:02 UTC 2018 /home/travis/build/icyphy/ptII/ptolemy/domains/continuous/test/auto/ContinuousWithinContinuous.xml
----------------- Instantiating /home/travis/build/icyphy/ptII/ptolemy/domains/continuous/test/auto/ContinuousWithinContinuous.xml
53 ms. Memory: 829952K Free: 680534K (82%)
----------------- Invoking toplevel() on ptolemy.moml.MoMLSimpleApplication@61ce66d5
----------------- Done invoking toplevel() on ptolemy.moml.MoMLSimpleApplication@61ce66d5
reloadAllAccessors: .ContinuousWithinContinuous

===========================================================================================
----------------- testing Wed Dec 05 02:56:02 UTC 2018 /home/travis/build/icyphy/ptII/ptolemy/domains/continuous/test/auto/ContinuousWithinContinuous2.xml
----------------- Instantiating /home/travis/build/icyphy/ptII/ptolemy/domains/continuous/test/auto/ContinuousWithinContinuous2.xml
70 ms. Memory: 829952K Free: 665563K (80%)
----------------- Invoking toplevel() on ptolemy.moml.MoMLSimpleApplication@7d9a4b54
----------------- Done invoking toplevel() on ptolemy.moml.MoMLSimpleApplication@7d9a4b54
reloadAllAccessors: .ContinuousWithinContinuous2

===========================================================================================
----------------- testing Wed Dec 05 02:56:02 UTC 2018 /home/travis/build/icyphy/ptII/ptolemy/domains/continuous/test/auto/ContinuousWithinContinuous3.xml
----------------- Instantiating /home/travis/build/icyphy/ptII/ptolemy/domains/continuous/test/auto/ContinuousWithinContinuous3.xml
13 ms. Memory: 829952K Free: 654319K (79%)
----------------- Invoking toplevel() on ptolemy.moml.MoMLSimpleApplication@70d89ab7
----------------- Done invoking toplevel() on ptolemy.moml.MoMLSimpleApplication@70d89ab7
reloadAllAccessors: .ContinuousWithinContinuous3

===========================================================================================
----------------- testing Wed Dec 05 02:56:02 UTC 2018 /home/travis/build/icyphy/ptII/ptolemy/domains/continuous/test/auto/ContinuousWithinContinuous4.xml
----------------- Instantiating /home/travis/build/icyphy/ptII/ptolemy/domains/continuous/test/auto/ContinuousWithinContinuous4.xml
71 ms. Memory: 829952K Free: 633394K (76%)
----------------- Invoking toplevel() on ptolemy.moml.MoMLSimpleApplication@7c7a4394
----------------- Done invoking toplevel() on ptolemy.moml.MoMLSimpleApplication@7c7a4394
reloadAllAccessors: .ContinuousWithinContinuous4

===========================================================================================
----------------- testing Wed Dec 05 02:56:02 UTC 2018 /home/travis/build/icyphy/ptII/ptolemy/domains/continuous/test/auto/ContinuousWithinContinuous5.xml
----------------- Instantiating /home/travis/build/icyphy/ptII/ptolemy/domains/continuous/test/auto/ContinuousWithinContinuous5.xml
14 ms. Memory: 829952K Free: 622150K (75%)
----------------- Invoking toplevel() on ptolemy.moml.MoMLSimpleApplication@6afa03b4
----------------- Done invoking toplevel() on ptolemy.moml.MoMLSimpleApplication@6afa03b4
reloadAllAccessors: .ContinuousWithinContinuous5

===========================================================================================
----------------- testing Wed Dec 05 02:56:03 UTC 2018 /home/travis/build/icyphy/ptII/ptolemy/domains/continuous/test/auto/ContinuousWithinContinuous6.xml
----------------- Instantiating /home/travis/build/icyphy/ptII/ptolemy/domains/continuous/test/auto/ContinuousWithinContinuous6.xml
13 ms. Memory: 829952K Free: 608710K (73%)
----------------- Invoking toplevel() on ptolemy.moml.MoMLSimpleApplication@750fe9cd
----------------- Done invoking toplevel() on ptolemy.moml.MoMLSimpleApplication@750fe9cd
reloadAllAccessors: .ContinuousWithinContinuous6

===========================================================================================
----------------- testing Wed Dec 05 02:56:03 UTC 2018 /home/travis/build/icyphy/ptII/ptolemy/domains/continuous/test/auto/ContinuousWithinContinuous7.xml
----------------- Instantiating /home/travis/build/icyphy/ptII/ptolemy/domains/continuous/test/auto/ContinuousWithinContinuous7.xml
56 ms. Memory: 829952K Free: 593739K (72%)
----------------- Invoking toplevel() on ptolemy.moml.MoMLSimpleApplication@77080dd1
----------------- Done invoking toplevel() on ptolemy.moml.MoMLSimpleApplication@77080dd1
reloadAllAccessors: .ContinuousWithinContinuous7

===========================================================================================
----------------- testing Wed Dec 05 02:56:03 UTC 2018 /home/travis/build/icyphy/ptII/ptolemy/domains/continuous/test/auto/DCMotor.xml
----------------- Instantiating /home/travis/build/icyphy/ptII/ptolemy/domains/continuous/test/auto/DCMotor.xml
13175 ms. Memory: 668160K Free: 538249K (81%)
----------------- Invoking toplevel() on ptolemy.moml.MoMLSimpleApplication@42ab8021
----------------- Done invoking toplevel() on ptolemy.moml.MoMLSimpleApplication@42ab8021
reloadAllAccessors: .DCMotor

===========================================================================================
----------------- testing Wed Dec 05 02:56:16 UTC 2018 /home/travis/build/icyphy/ptII/ptolemy/domains/continuous/test/auto/DEInContinuous.xml
----------------- Instantiating /home/travis/build/icyphy/ptII/ptolemy/domains/continuous/test/auto/DEInContinuous.xml
8 ms. Memory: 668160K Free: 523636K (78%)
----------------- Invoking toplevel() on ptolemy.moml.MoMLSimpleApplication@305777de
----------------- Done invoking toplevel() on ptolemy.moml.MoMLSimpleApplication@305777de
reloadAllAccessors: .DEInContinuous

===========================================================================================
----------------- testing Wed Dec 05 02:56:16 UTC 2018 /home/travis/build/icyphy/ptII/ptolemy/domains/continuous/test/auto/DEinContinuous2.xml
----------------- Instantiating /home/travis/build/icyphy/ptII/ptolemy/domains/continuous/test/auto/DEinContinuous2.xml
9 ms. Memory: 668160K Free: 504842K (76%)
----------------- Invoking toplevel() on ptolemy.moml.MoMLSimpleApplication@4a2d85d9
----------------- Done invoking toplevel() on ptolemy.moml.MoMLSimpleApplication@4a2d85d9
reloadAllAccessors: .DEinContinuous2

===========================================================================================
----------------- testing Wed Dec 05 02:56:16 UTC 2018 /home/travis/build/icyphy/ptII/ptolemy/domains/continuous/test/auto/Derivative.xml
----------------- Instantiating /home/travis/build/icyphy/ptII/ptolemy/domains/continuous/test/auto/Derivative.xml
165 ms. Memory: 668160K Free: 462525K (69%)
----------------- Invoking toplevel() on ptolemy.moml.MoMLSimpleApplication@7935437b
----------------- Done invoking toplevel() on ptolemy.moml.MoMLSimpleApplication@7935437b
reloadAllAccessors: .Derivative2

===========================================================================================
----------------- testing Wed Dec 05 02:56:16 UTC 2018 /home/travis/build/icyphy/ptII/ptolemy/domains/continuous/test/auto/Derivative1.xml
----------------- Instantiating /home/travis/build/icyphy/ptII/ptolemy/domains/continuous/test/auto/Derivative1.xml
17 ms. Memory: 668160K Free: 444914K (67%)
----------------- Invoking toplevel() on ptolemy.moml.MoMLSimpleApplication@b8c7ffd
----------------- Done invoking toplevel() on ptolemy.moml.MoMLSimpleApplication@b8c7ffd
reloadAllAccessors: .Derivative1

===========================================================================================
----------------- testing Wed Dec 05 02:56:16 UTC 2018 /home/travis/build/icyphy/ptII/ptolemy/domains/continuous/test/auto/DiscreteClock.xml
----------------- Instantiating /home/travis/build/icyphy/ptII/ptolemy/domains/continuous/test/auto/DiscreteClock.xml
5 ms. Memory: 668160K Free: 432003K (65%)
----------------- Invoking toplevel() on ptolemy.moml.MoMLSimpleApplication@25237d84
----------------- Done invoking toplevel() on ptolemy.moml.MoMLSimpleApplication@25237d84
reloadAllAccessors: .DiscreteClock

===========================================================================================
----------------- testing Wed Dec 05 02:56:16 UTC 2018 /home/travis/build/icyphy/ptII/ptolemy/domains/continuous/test/auto/EfficiencyCurve.xml
----------------- Instantiating /home/travis/build/icyphy/ptII/ptolemy/domains/continuous/test/auto/EfficiencyCurve.xml
65 ms. Memory: 668160K Free: 413225K (62%)
----------------- Invoking toplevel() on ptolemy.moml.MoMLSimpleApplication@4e238718
----------------- Done invoking toplevel() on ptolemy.moml.MoMLSimpleApplication@4e238718
reloadAllAccessors: .EfficiencyCurve

===========================================================================================
----------------- testing Wed Dec 05 02:56:16 UTC 2018 /home/travis/build/icyphy/ptII/ptolemy/domains/continuous/test/auto/ExponentialResponse.xml
----------------- Instantiating /home/travis/build/icyphy/ptII/ptolemy/domains/continuous/test/auto/ExponentialResponse.xml
96 ms. Memory: 668160K Free: 389755K (58%)
----------------- Invoking toplevel() on ptolemy.moml.MoMLSimpleApplication@34e911ae
----------------- Done invoking toplevel() on ptolemy.moml.MoMLSimpleApplication@34e911ae
reloadAllAccessors: .ExponentialResponse

===========================================================================================
----------------- testing Wed Dec 05 02:56:16 UTC 2018 /home/travis/build/icyphy/ptII/ptolemy/domains/continuous/test/auto/ExponentialResponseRK45.xml
----------------- Instantiating /home/travis/build/icyphy/ptII/ptolemy/domains/continuous/test/auto/ExponentialResponseRK45.xml
23 ms. Memory: 668160K Free: 376844K (56%)
----------------- Invoking toplevel() on ptolemy.moml.MoMLSimpleApplication@4b58d6a5
----------------- Done invoking toplevel() on ptolemy.moml.MoMLSimpleApplication@4b58d6a5
reloadAllAccessors: .ExponentialResponseRK45

===========================================================================================
----------------- testing Wed Dec 05 02:56:17 UTC 2018 /home/travis/build/icyphy/ptII/ptolemy/domains/continuous/test/auto/Friction.xml
----------------- Instantiating /home/travis/build/icyphy/ptII/ptolemy/domains/continuous/test/auto/Friction.xml
1359 ms. Memory: 647168K Free: 486255K (75%)
----------------- Invoking toplevel() on ptolemy.moml.MoMLSimpleApplication@78acec66
----------------- Done invoking toplevel() on ptolemy.moml.MoMLSimpleApplication@78acec66
reloadAllAccessors: .Friction

===========================================================================================
----------------- testing Wed Dec 05 02:56:18 UTC 2018 /home/travis/build/icyphy/ptII/ptolemy/domains/continuous/test/auto/FurutaPendulum.xml
----------------- Instantiating /home/travis/build/icyphy/ptII/ptolemy/domains/continuous/test/auto/FurutaPendulum.xml
3298 ms. Memory: 617472K Free: 528230K (86%)
----------------- Invoking toplevel() on ptolemy.moml.MoMLSimpleApplication@78f8123b
----------------- Done invoking toplevel() on ptolemy.moml.MoMLSimpleApplication@78f8123b
reloadAllAccessors: .FurutaPendulum

===========================================================================================
----------------- testing Wed Dec 05 02:56:21 UTC 2018 /home/travis/build/icyphy/ptII/ptolemy/domains/continuous/test/auto/HierarchicalExecution.xml
----------------- Instantiating /home/travis/build/icyphy/ptII/ptolemy/domains/continuous/test/auto/HierarchicalExecution.xml
1682 ms. Memory: 617472K Free: 223569K (36%)
----------------- Invoking toplevel() on ptolemy.moml.MoMLSimpleApplication@7d5f3cc3
----------------- Done invoking toplevel() on ptolemy.moml.MoMLSimpleApplication@7d5f3cc3
reloadAllAccessors: .HierarchicalExecution

===========================================================================================
----------------- testing Wed Dec 05 02:56:23 UTC 2018 /home/travis/build/icyphy/ptII/ptolemy/domains/continuous/test/auto/HybridPlant.xml
----------------- Instantiating /home/travis/build/icyphy/ptII/ptolemy/domains/continuous/test/auto/HybridPlant.xml
509 ms. Memory: 589824K Free: 452556K (77%)
----------------- Invoking toplevel() on ptolemy.moml.MoMLSimpleApplication@d9dafb4
----------------- Done invoking toplevel() on ptolemy.moml.MoMLSimpleApplication@d9dafb4
reloadAllAccessors: .HybridPlant

===========================================================================================
----------------- testing Wed Dec 05 02:56:24 UTC 2018 /home/travis/build/icyphy/ptII/ptolemy/domains/continuous/test/auto/Hysteresis.xml
----------------- Instantiating /home/travis/build/icyphy/ptII/ptolemy/domains/continuous/test/auto/Hysteresis.xml
134 ms. Memory: 589824K Free: 386462K (66%)
----------------- Invoking toplevel() on ptolemy.moml.MoMLSimpleApplication@df9a1f2
----------------- Done invoking toplevel() on ptolemy.moml.MoMLSimpleApplication@df9a1f2
reloadAllAccessors: .Hysteresis

===========================================================================================
----------------- testing Wed Dec 05 02:56:24 UTC 2018 /home/travis/build/icyphy/ptII/ptolemy/domains/continuous/test/auto/HysteresisWithRandomDelay.xml
----------------- Instantiating /home/travis/build/icyphy/ptII/ptolemy/domains/continuous/test/auto/HysteresisWithRandomDelay.xml
157 ms. Memory: 589824K Free: 306567K (52%)
----------------- Invoking toplevel() on ptolemy.moml.MoMLSimpleApplication@ccb8abb
----------------- Done invoking toplevel() on ptolemy.moml.MoMLSimpleApplication@ccb8abb
reloadAllAccessors: .HysteresisWithRandomDelay

===========================================================================================
----------------- testing Wed Dec 05 02:56:24 UTC 2018 /home/travis/build/icyphy/ptII/ptolemy/domains/continuous/test/auto/HysteresisWithRandomLosses.xml
----------------- Instantiating /home/travis/build/icyphy/ptII/ptolemy/domains/continuous/test/auto/HysteresisWithRandomLosses.xml
2229 ms. Memory: 543232K Free: 484818K (89%)
----------------- Invoking toplevel() on ptolemy.moml.MoMLSimpleApplication@548c9487
----------------- Done invoking toplevel() on ptolemy.moml.MoMLSimpleApplication@548c9487
reloadAllAccessors: .HysteresisWithRandomLosses

===========================================================================================
----------------- testing Wed Dec 05 02:56:27 UTC 2018 /home/travis/build/icyphy/ptII/ptolemy/domains/continuous/test/auto/ImmediateTransitions.xml
----------------- Instantiating /home/travis/build/icyphy/ptII/ptolemy/domains/continuous/test/auto/ImmediateTransitions.xml
9 ms. Memory: 543232K Free: 467011K (86%)
----------------- Invoking toplevel() on ptolemy.moml.MoMLSimpleApplication@c542140
----------------- Done invoking toplevel() on ptolemy.moml.MoMLSimpleApplication@c542140
reloadAllAccessors: .ImmediateTransitions

===========================================================================================
----------------- testing Wed Dec 05 02:56:27 UTC 2018 /home/travis/build/icyphy/ptII/ptolemy/domains/continuous/test/auto/ImpulseFeedback.xml
----------------- Instantiating /home/travis/build/icyphy/ptII/ptolemy/domains/continuous/test/auto/ImpulseFeedback.xml
7 ms. Memory: 543232K Free: 456941K (84%)
----------------- Invoking toplevel() on ptolemy.moml.MoMLSimpleApplication@619ead85
----------------- Done invoking toplevel() on ptolemy.moml.MoMLSimpleApplication@619ead85
reloadAllAccessors: .ImpulseFeedback

===========================================================================================
----------------- testing Wed Dec 05 02:56:27 UTC 2018 /home/travis/build/icyphy/ptII/ptolemy/domains/continuous/test/auto/ImpulseFeedback2.xml
----------------- Instantiating /home/travis/build/icyphy/ptII/ptolemy/domains/continuous/test/auto/ImpulseFeedback2.xml
4 ms. Memory: 543232K Free: 446880K (82%)
----------------- Invoking toplevel() on ptolemy.moml.MoMLSimpleApplication@3ed32c2c
----------------- Done invoking toplevel() on ptolemy.moml.MoMLSimpleApplication@3ed32c2c
reloadAllAccessors: .ImpulseFeedback2

===========================================================================================
----------------- testing Wed Dec 05 02:56:27 UTC 2018 /home/travis/build/icyphy/ptII/ptolemy/domains/continuous/test/auto/IncreasingRatePoisson.xml
----------------- Instantiating /home/travis/build/icyphy/ptII/ptolemy/domains/continuous/test/auto/IncreasingRatePoisson.xml
712 ms. Memory: 543232K Free: 109435K (20%)
----------------- Invoking toplevel() on ptolemy.moml.MoMLSimpleApplication@3c16c3f5
----------------- Done invoking toplevel() on ptolemy.moml.MoMLSimpleApplication@3c16c3f5
reloadAllAccessors: .IncreasingRatePoisson

===========================================================================================
----------------- testing Wed Dec 05 02:56:28 UTC 2018 /home/travis/build/icyphy/ptII/ptolemy/domains/continuous/test/auto/InitialStateFeedback.xml
----------------- Instantiating /home/travis/build/icyphy/ptII/ptolemy/domains/continuous/test/auto/InitialStateFeedback.xml
8 ms. Memory: 543232K Free: 102265K (19%)
----------------- Invoking toplevel() on ptolemy.moml.MoMLSimpleApplication@7a696f05
----------------- Done invoking toplevel() on ptolemy.moml.MoMLSimpleApplication@7a696f05
reloadAllAccessors: .InitialStateFeedback

===========================================================================================
----------------- testing Wed Dec 05 02:56:28 UTC 2018 /home/travis/build/icyphy/ptII/ptolemy/domains/continuous/test/auto/Integration.xml
----------------- Instantiating /home/travis/build/icyphy/ptII/ptolemy/domains/continuous/test/auto/Integration.xml
2 ms. Memory: 543232K Free: 95298K (18%)
----------------- Invoking toplevel() on ptolemy.moml.MoMLSimpleApplication@6f8b335e
----------------- Done invoking toplevel() on ptolemy.moml.MoMLSimpleApplication@6f8b335e
reloadAllAccessors: .Integration

===========================================================================================
----------------- testing Wed Dec 05 02:56:28 UTC 2018 /home/travis/build/icyphy/ptII/ptolemy/domains/continuous/test/auto/Integration2.xml
----------------- Instantiating /home/travis/build/icyphy/ptII/ptolemy/domains/continuous/test/auto/Integration2.xml
82 ms. Memory: 543232K Free: 76016K (14%)
----------------- Invoking toplevel() on ptolemy.moml.MoMLSimpleApplication@4fde1b00
----------------- Done invoking toplevel() on ptolemy.moml.MoMLSimpleApplication@4fde1b00
reloadAllAccessors: .Integration2

===========================================================================================
----------------- testing Wed Dec 05 02:56:28 UTC 2018 /home/travis/build/icyphy/ptII/ptolemy/domains/continuous/test/auto/Integration3.xml
----------------- Instantiating /home/travis/build/icyphy/ptII/ptolemy/domains/continuous/test/auto/Integration3.xml
2 ms. Memory: 543232K Free: 69049K (13%)
----------------- Invoking toplevel() on ptolemy.moml.MoMLSimpleApplication@3424da15
----------------- Done invoking toplevel() on ptolemy.moml.MoMLSimpleApplication@3424da15
reloadAllAccessors: .Integration3

===========================================================================================
----------------- testing Wed Dec 05 02:56:28 UTC 2018 /home/travis/build/icyphy/ptII/ptolemy/domains/continuous/test/auto/Integration5.xml
----------------- Instantiating /home/travis/build/icyphy/ptII/ptolemy/domains/continuous/test/auto/Integration5.xml
2 ms. Memory: 543232K Free: 62082K (11%)
----------------- Invoking toplevel() on ptolemy.moml.MoMLSimpleApplication@78e3d7e3
----------------- Done invoking toplevel() on ptolemy.moml.MoMLSimpleApplication@78e3d7e3
reloadAllAccessors: .Integration5

===========================================================================================
----------------- testing Wed Dec 05 02:56:28 UTC 2018 /home/travis/build/icyphy/ptII/ptolemy/domains/continuous/test/auto/IntegratorImpulse.xml
----------------- Instantiating /home/travis/build/icyphy/ptII/ptolemy/domains/continuous/test/auto/IntegratorImpulse.xml
2 ms. Memory: 521728K Free: 495372K (95%)
----------------- Invoking toplevel() on ptolemy.moml.MoMLSimpleApplication@124fd292
----------------- Done invoking toplevel() on ptolemy.moml.MoMLSimpleApplication@124fd292
reloadAllAccessors: .IntegratorImpulse

===========================================================================================
----------------- testing Wed Dec 05 02:56:28 UTC 2018 /home/travis/build/icyphy/ptII/ptolemy/domains/continuous/test/auto/IntegratorImpulse2.xml
----------------- Instantiating /home/travis/build/icyphy/ptII/ptolemy/domains/continuous/test/auto/IntegratorImpulse2.xml
4 ms. Memory: 521728K Free: 485655K (93%)
----------------- Invoking toplevel() on ptolemy.moml.MoMLSimpleApplication@77c20785
----------------- Done invoking toplevel() on ptolemy.moml.MoMLSimpleApplication@77c20785
reloadAllAccessors: .IntegratorImpulse2

===========================================================================================
----------------- testing Wed Dec 05 02:56:28 UTC 2018 /home/travis/build/icyphy/ptII/ptolemy/domains/continuous/test/auto/LevelCrossing1.xml
----------------- Instantiating /home/travis/build/icyphy/ptII/ptolemy/domains/continuous/test/auto/LevelCrossing1.xml
2 ms. Memory: 521728K Free: 475937K (91%)
----------------- Invoking toplevel() on ptolemy.moml.MoMLSimpleApplication@7f06e0
----------------- Done invoking toplevel() on ptolemy.moml.MoMLSimpleApplication@7f06e0
reloadAllAccessors: .LevelCrossing1

===========================================================================================
----------------- testing Wed Dec 05 02:56:28 UTC 2018 /home/travis/build/icyphy/ptII/ptolemy/domains/continuous/test/auto/LevelCrossing2.xml
----------------- Instantiating /home/travis/build/icyphy/ptII/ptolemy/domains/continuous/test/auto/LevelCrossing2.xml
2 ms. Memory: 521728K Free: 466221K (89%)
----------------- Invoking toplevel() on ptolemy.moml.MoMLSimpleApplication@3db231d7
----------------- Done invoking toplevel() on ptolemy.moml.MoMLSimpleApplication@3db231d7
reloadAllAccessors: .LevelCrossing2

===========================================================================================
----------------- testing Wed Dec 05 02:56:28 UTC 2018 /home/travis/build/icyphy/ptII/ptolemy/domains/continuous/test/auto/LevelCrossing3.xml
----------------- Instantiating /home/travis/build/icyphy/ptII/ptolemy/domains/continuous/test/auto/LevelCrossing3.xml
2 ms. Memory: 521728K Free: 456686K (88%)
----------------- Invoking toplevel() on ptolemy.moml.MoMLSimpleApplication@63d33d3c
----------------- Done invoking toplevel() on ptolemy.moml.MoMLSimpleApplication@63d33d3c
reloadAllAccessors: .LevelCrossing3

===========================================================================================
----------------- testing Wed Dec 05 02:56:28 UTC 2018 /home/travis/build/icyphy/ptII/ptolemy/domains/continuous/test/auto/LevelCrossing4.xml
----------------- Instantiating /home/travis/build/icyphy/ptII/ptolemy/domains/continuous/test/auto/LevelCrossing4.xml
2 ms. Memory: 521728K Free: 446952K (86%)
----------------- Invoking toplevel() on ptolemy.moml.MoMLSimpleApplication@19728b28
----------------- Done invoking toplevel() on ptolemy.moml.MoMLSimpleApplication@19728b28
reloadAllAccessors: .LevelCrossing4

===========================================================================================
----------------- testing Wed Dec 05 02:56:28 UTC 2018 /home/travis/build/icyphy/ptII/ptolemy/domains/continuous/test/auto/LevelCrossing5.xml
----------------- Instantiating /home/travis/build/icyphy/ptII/ptolemy/domains/continuous/test/auto/LevelCrossing5.xml
2 ms. Memory: 521728K Free: 437223K (84%)
----------------- Invoking toplevel() on ptolemy.moml.MoMLSimpleApplication@52b737db
----------------- Done invoking toplevel() on ptolemy.moml.MoMLSimpleApplication@52b737db
reloadAllAccessors: .LevelCrossing5

===========================================================================================
[...]
----------------- testing Wed Dec 05 02:56:45 UTC 2018 /home/travis/build/icyphy/ptII/ptolemy/domains/continuous/test/auto/SRinContinuous.xml
----------------- Instantiating /home/travis/build/icyphy/ptII/ptolemy/domains/continuous/test/auto/SRinContinuous.xml
7 ms. Memory: 334336K Free: 279539K (84%)
----------------- Invoking toplevel() on ptolemy.moml.MoMLSimpleApplication@244ec5cd
----------------- Done invoking toplevel() on ptolemy.moml.MoMLSimpleApplication@244ec5cd
reloadAllAccessors: .SRinContinuous

===========================================================================================
----------------- testing Wed Dec 05 02:56:45 UTC 2018 /home/travis/build/icyphy/ptII/ptolemy/domains/continuous/test/auto/SampledClocks.xml
----------------- Instantiating /home/travis/build/icyphy/ptII/ptolemy/domains/continuous/test/auto/SampledClocks.xml
6 ms. Memory: 334336K Free: 268508K (80%)
----------------- Invoking toplevel() on ptolemy.moml.MoMLSimpleApplication@349085c0
----------------- Done invoking toplevel() on ptolemy.moml.MoMLSimpleApplication@349085c0
reloadAllAccessors: .SampledClocks

===========================================================================================
----------------- testing Wed Dec 05 02:56:45 UTC 2018 /home/travis/build/icyphy/ptII/ptolemy/domains/continuous/test/auto/Satellite.xml
----------------- Instantiating /home/travis/build/icyphy/ptII/ptolemy/domains/continuous/test/auto/Satellite.xml
744 ms. Memory: 334336K Free: 88027K (26%)
----------------- Invoking toplevel() on ptolemy.moml.MoMLSimpleApplication@737088a8
----------------- Done invoking toplevel() on ptolemy.moml.MoMLSimpleApplication@737088a8
reloadAllAccessors: .Satellite

===========================================================================================
----------------- testing Wed Dec 05 02:56:46 UTC 2018 /home/travis/build/icyphy/ptII/ptolemy/domains/continuous/test/auto/SigmaDelta.xml
----------------- Instantiating /home/travis/build/icyphy/ptII/ptolemy/domains/continuous/test/auto/SigmaDelta.xml
2334 ms. Memory: 312832K Free: 177392K (57%)
----------------- Invoking toplevel() on ptolemy.moml.MoMLSimpleApplication@120b02bb
----------------- Done invoking toplevel() on ptolemy.moml.MoMLSimpleApplication@120b02bb
reloadAllAccessors: .SigmaDelta

===========================================================================================
----------------- testing Wed Dec 05 02:56:49 UTC 2018 /home/travis/build/icyphy/ptII/ptolemy/domains/continuous/test/auto/SingleRefinement.xml
----------------- Instantiating /home/travis/build/icyphy/ptII/ptolemy/domains/continuous/test/auto/SingleRefinement.xml
419 ms. Memory: 311296K Free: 220575K (71%)
----------------- Invoking toplevel() on ptolemy.moml.MoMLSimpleApplication@498649b5
----------------- Done invoking toplevel() on ptolemy.moml.MoMLSimpleApplication@498649b5
reloadAllAccessors: .SingleRefinement

===========================================================================================
----------------- testing Wed Dec 05 02:56:49 UTC 2018 /home/travis/build/icyphy/ptII/ptolemy/domains/continuous/test/auto/SinuBouncingBall.xml
----------------- Instantiating /home/travis/build/icyphy/ptII/ptolemy/domains/continuous/test/auto/SinuBouncingBall.xml
723 ms. Memory: 294912K Free: 199422K (68%)
----------------- Invoking toplevel() on ptolemy.moml.MoMLSimpleApplication@4188554d
----------------- Done invoking toplevel() on ptolemy.moml.MoMLSimpleApplication@4188554d
reloadAllAccessors: .SinuBouncingBall

===========================================================================================
----------------- testing Wed Dec 05 02:56:50 UTC 2018 /home/travis/build/icyphy/ptII/ptolemy/domains/continuous/test/auto/Sinusoid.xml
----------------- Instantiating /home/travis/build/icyphy/ptII/ptolemy/domains/continuous/test/auto/Sinusoid.xml
5 ms. Memory: 294912K Free: 193238K (66%)
----------------- Invoking toplevel() on ptolemy.moml.MoMLSimpleApplication@4d1fa46e
----------------- Done invoking toplevel() on ptolemy.moml.MoMLSimpleApplication@4d1fa46e
reloadAllAccessors: .Sinusoid

===========================================================================================
----------------- testing Wed Dec 05 02:56:50 UTC 2018 /home/travis/build/icyphy/ptII/ptolemy/domains/continuous/test/auto/SinusoidInNoise.xml
----------------- Instantiating /home/travis/build/icyphy/ptII/ptolemy/domains/continuous/test/auto/SinusoidInNoise.xml
948 ms. Memory: 285696K Free: 194199K (68%)
----------------- Invoking toplevel() on ptolemy.moml.MoMLSimpleApplication@6915885c
----------------- Done invoking toplevel() on ptolemy.moml.MoMLSimpleApplication@6915885c
reloadAllAccessors: .SinusoidInNoise

===========================================================================================
----------------- testing Wed Dec 05 02:56:51 UTC 2018 /home/travis/build/icyphy/ptII/ptolemy/domains/continuous/test/auto/SinusoidRK45.xml
----------------- Instantiating /home/travis/build/icyphy/ptII/ptolemy/domains/continuous/test/auto/SinusoidRK45.xml
2 ms. Memory: 285696K Free: 188478K (66%)
----------------- Invoking toplevel() on ptolemy.moml.MoMLSimpleApplication@6b4dd891
----------------- Done invoking toplevel() on ptolemy.moml.MoMLSimpleApplication@6b4dd891
reloadAllAccessors: .SinusoidRK45

===========================================================================================
----------------- testing Wed Dec 05 02:56:51 UTC 2018 /home/travis/build/icyphy/ptII/ptolemy/domains/continuous/test/auto/SinusoidWithMultipleImpulses.xml
----------------- Instantiating /home/travis/build/icyphy/ptII/ptolemy/domains/continuous/test/auto/SinusoidWithMultipleImpulses.xml
3 ms. Memory: 285696K Free: 182178K (64%)
----------------- Invoking toplevel() on ptolemy.moml.MoMLSimpleApplication@76b090a5
----------------- Done invoking toplevel() on ptolemy.moml.MoMLSimpleApplication@76b090a5
reloadAllAccessors: .SinusoidWithMultipleImpulses

===========================================================================================
----------------- testing Wed Dec 05 02:56:51 UTC 2018 /home/travis/build/icyphy/ptII/ptolemy/domains/continuous/test/auto/SquareWave.xml
----------------- Instantiating /home/travis/build/icyphy/ptII/ptolemy/domains/continuous/test/auto/SquareWave.xml
160 ms. Memory: 285696K Free: 154208K (54%)
----------------- Invoking toplevel() on ptolemy.moml.MoMLSimpleApplication@1141101e
----------------- Done invoking toplevel() on ptolemy.moml.MoMLSimpleApplication@1141101e
reloadAllAccessors: .SquareWave

===========================================================================================
----------------- testing Wed Dec 05 02:56:51 UTC 2018 /home/travis/build/icyphy/ptII/ptolemy/domains/continuous/test/auto/Starmac.xml
----------------- Instantiating /home/travis/build/icyphy/ptII/ptolemy/domains/continuous/test/auto/Starmac.xml
3075 ms. Memory: 337920K Free: 29472K (9%)
----------------- Invoking toplevel() on ptolemy.moml.MoMLSimpleApplication@59045e50
----------------- Done invoking toplevel() on ptolemy.moml.MoMLSimpleApplication@59045e50
reloadAllAccessors: .Starmac

===========================================================================================
----------------- testing Wed Dec 05 02:56:55 UTC 2018 /home/travis/build/icyphy/ptII/ptolemy/domains/continuous/test/auto/StaticUnits.xml
----------------- Instantiating /home/travis/build/icyphy/ptII/ptolemy/domains/continuous/test/auto/StaticUnits.xml
2308 ms. Memory: 381440K Free: 100986K (26%)
----------------- Invoking toplevel() on ptolemy.moml.MoMLSimpleApplication@34b7bf87
----------------- Done invoking toplevel() on ptolemy.moml.MoMLSimpleApplication@34b7bf87
reloadAllAccessors: .StaticUnits

===========================================================================================
----------------- testing Wed Dec 05 02:56:57 UTC 2018 /home/travis/build/icyphy/ptII/ptolemy/domains/continuous/test/auto/StickyMasses.xml
----------------- Instantiating /home/travis/build/icyphy/ptII/ptolemy/domains/continuous/test/auto/StickyMasses.xml
131 ms. Memory: 381440K Free: 43266K (11%)
----------------- Invoking toplevel() on ptolemy.moml.MoMLSimpleApplication@4be6fcc
----------------- Done invoking toplevel() on ptolemy.moml.MoMLSimpleApplication@4be6fcc
reloadAllAccessors: .StickyMasses

===========================================================================================
----------------- testing Wed Dec 05 02:56:57 UTC 2018 /home/travis/build/icyphy/ptII/ptolemy/domains/continuous/test/auto/StopTime.xml
----------------- Instantiating /home/travis/build/icyphy/ptII/ptolemy/domains/continuous/test/auto/StopTime.xml
57 ms. Memory: 442880K Free: 371082K (84%)
----------------- Invoking toplevel() on ptolemy.moml.MoMLSimpleApplication@5b249a83
----------------- Done invoking toplevel() on ptolemy.moml.MoMLSimpleApplication@5b249a83
reloadAllAccessors: .StopTime

===========================================================================================
----------------- testing Wed Dec 05 02:56:58 UTC 2018 /home/travis/build/icyphy/ptII/ptolemy/domains/continuous/test/auto/StopTime2.xml
----------------- Instantiating /home/travis/build/icyphy/ptII/ptolemy/domains/continuous/test/auto/StopTime2.xml
32 ms. Memory: 442880K Free: 342329K (77%)
----------------- Invoking toplevel() on ptolemy.moml.MoMLSimpleApplication@2c17dc40
----------------- Done invoking toplevel() on ptolemy.moml.MoMLSimpleApplication@2c17dc40
reloadAllAccessors: .StopTime2

===========================================================================================
----------------- testing Wed Dec 05 02:56:58 UTC 2018 /home/travis/build/icyphy/ptII/ptolemy/domains/continuous/test/auto/Switch.xml
----------------- Instantiating /home/travis/build/icyphy/ptII/ptolemy/domains/continuous/test/auto/Switch.xml
37 ms. Memory: 442880K Free: 312422K (71%)
----------------- Invoking toplevel() on ptolemy.moml.MoMLSimpleApplication@57abf372
----------------- Done invoking toplevel() on ptolemy.moml.MoMLSimpleApplication@57abf372
reloadAllAccessors: .Switch

===========================================================================================
----------------- testing Wed Dec 05 02:56:58 UTC 2018 /home/travis/build/icyphy/ptII/ptolemy/domains/continuous/test/auto/Thermostat.xml
----------------- Instantiating /home/travis/build/icyphy/ptII/ptolemy/domains/continuous/test/auto/Thermostat.xml
166 ms. Memory: 442880K Free: 236613K (53%)
----------------- Invoking toplevel() on ptolemy.moml.MoMLSimpleApplication@11b1965a
----------------- Done invoking toplevel() on ptolemy.moml.MoMLSimpleApplication@11b1965a
reloadAllAccessors: .Thermostat

===========================================================================================
----------------- testing Wed Dec 05 02:56:58 UTC 2018 /home/travis/build/icyphy/ptII/ptolemy/domains/continuous/test/auto/TimeDelay.xml
----------------- Instantiating /home/travis/build/icyphy/ptII/ptolemy/domains/continuous/test/auto/TimeDelay.xml
5 ms. Memory: 442880K Free: 228505K (52%)
----------------- Invoking toplevel() on ptolemy.moml.MoMLSimpleApplication@4bde67af
----------------- Done invoking toplevel() on ptolemy.moml.MoMLSimpleApplication@4bde67af
reloadAllAccessors: .TimeDelay

===========================================================================================
----------------- testing Wed Dec 05 02:56:58 UTC 2018 /home/travis/build/icyphy/ptII/ptolemy/domains/continuous/test/auto/TimeDelay2.xml
----------------- Instantiating /home/travis/build/icyphy/ptII/ptolemy/domains/continuous/test/auto/TimeDelay2.xml
8 ms. Memory: 442880K Free: 220390K (50%)
----------------- Invoking toplevel() on ptolemy.moml.MoMLSimpleApplication@6e060ae6
----------------- Done invoking toplevel() on ptolemy.moml.MoMLSimpleApplication@6e060ae6
reloadAllAccessors: .TimeDelay2

===========================================================================================
----------------- testing Wed Dec 05 02:56:58 UTC 2018 /home/travis/build/icyphy/ptII/ptolemy/domains/continuous/test/auto/TimeDelay3.xml
----------------- Instantiating /home/travis/build/icyphy/ptII/ptolemy/domains/continuous/test/auto/TimeDelay3.xml
3 ms. Memory: 442880K Free: 212271K (48%)
----------------- Invoking toplevel() on ptolemy.moml.MoMLSimpleApplication@433aff62
----------------- Done invoking toplevel() on ptolemy.moml.MoMLSimpleApplication@433aff62
reloadAllAccessors: .TimeDelay3

===========================================================================================
----------------- testing Wed Dec 05 02:56:58 UTC 2018 /home/travis/build/icyphy/ptII/ptolemy/domains/continuous/test/auto/TransferAbsentToInside.xml
----------------- Instantiating /home/travis/build/icyphy/ptII/ptolemy/domains/continuous/test/auto/TransferAbsentToInside.xml
27 ms. Memory: 442880K Free: 153405K (35%)
----------------- Invoking toplevel() on ptolemy.moml.MoMLSimpleApplication@3ab1b6c7
----------------- Done invoking toplevel() on ptolemy.moml.MoMLSimpleApplication@3ab1b6c7
reloadAllAccessors: .TransferAbsentToInside

===========================================================================================
----------------- testing Wed Dec 05 02:56:58 UTC 2018 /home/travis/build/icyphy/ptII/ptolemy/domains/continuous/test/auto/Transmission.xml
----------------- Instantiating /home/travis/build/icyphy/ptII/ptolemy/domains/continuous/test/auto/Transmission.xml
738 ms. Memory: 427008K Free: 260714K (61%)
----------------- Invoking toplevel() on ptolemy.moml.MoMLSimpleApplication@1f2d5a6f
----------------- Done invoking toplevel() on ptolemy.moml.MoMLSimpleApplication@1f2d5a6f
reloadAllAccessors: .Transmission

===========================================================================================
----------------- testing Wed Dec 05 02:56:59 UTC 2018 /home/travis/build/icyphy/ptII/ptolemy/domains/continuous/test/auto/TriggeredContinuousClock.xml
----------------- Instantiating /home/travis/build/icyphy/ptII/ptolemy/domains/continuous/test/auto/TriggeredContinuousClock.xml
33 ms. Memory: 427008K Free: 223982K (52%)
----------------- Invoking toplevel() on ptolemy.moml.MoMLSimpleApplication@35ce54d5
----------------- Done invoking toplevel() on ptolemy.moml.MoMLSimpleApplication@35ce54d5
reloadAllAccessors: .TriggeredContinuousClock

===========================================================================================
----------------- testing Wed Dec 05 02:56:59 UTC 2018 /home/travis/build/icyphy/ptII/ptolemy/domains/continuous/test/auto/TwoMachineInfiniteBusControl.xml
----------------- Instantiating /home/travis/build/icyphy/ptII/ptolemy/domains/continuous/test/auto/TwoMachineInfiniteBusControl.xml
2737 ms. Memory: 396288K Free: 310173K (78%)
----------------- Invoking toplevel() on ptolemy.moml.MoMLSimpleApplication@32d3d420
----------------- Done invoking toplevel() on ptolemy.moml.MoMLSimpleApplication@32d3d420
reloadAllAccessors: .TwoMachineInfiniteBusControl

===========================================================================================
----------------- testing Wed Dec 05 02:57:02 UTC 2018 /home/travis/build/icyphy/ptII/ptolemy/domains/continuous/test/auto/V2V.xml
----------------- Instantiating /home/travis/build/icyphy/ptII/ptolemy/domains/continuous/test/auto/V2V.xml
723 ms. Memory: 396288K Free: 113824K (29%)
----------------- Invoking toplevel() on ptolemy.moml.MoMLSimpleApplication@61922d07
----------------- Done invoking toplevel() on ptolemy.moml.MoMLSimpleApplication@61922d07
reloadAllAccessors: .V2V

===========================================================================================
----------------- testing Wed Dec 05 02:57:03 UTC 2018 /home/travis/build/icyphy/ptII/ptolemy/domains/continuous/test/auto/hierarchicalModalModel.xml
----------------- Instantiating /home/travis/build/icyphy/ptII/ptolemy/domains/continuous/test/auto/hierarchicalModalModel.xml
7 ms. Memory: 396288K Free: 96050K (24%)
----------------- Invoking toplevel() on ptolemy.moml.MoMLSimpleApplication@39fe73d9
----------------- Done invoking toplevel() on ptolemy.moml.MoMLSimpleApplication@39fe73d9
reloadAllAccessors: .hierarchicalModalModel

===========================================================================================
----------------- testing Wed Dec 05 02:57:03 UTC 2018 /home/travis/build/icyphy/ptII/ptolemy/domains/continuous/test/auto/hierarchicalModalModel1.xml
----------------- Instantiating /home/travis/build/icyphy/ptII/ptolemy/domains/continuous/test/auto/hierarchicalModalModel1.xml
8 ms. Memory: 396288K Free: 78313K (20%)
----------------- Invoking toplevel() on ptolemy.moml.MoMLSimpleApplication@701a21c2
----------------- Done invoking toplevel() on ptolemy.moml.MoMLSimpleApplication@701a21c2
reloadAllAccessors: .hierarchicalModalModel1

===========================================================================================
----------------- testing Wed Dec 05 02:57:03 UTC 2018 /home/travis/build/icyphy/ptII/ptolemy/domains/continuous/test/auto/hierarchicalModalModel2.xml
----------------- Instantiating /home/travis/build/icyphy/ptII/ptolemy/domains/continuous/test/auto/hierarchicalModalModel2.xml
9 ms. Memory: 396288K Free: 62674K (16%)
----------------- Invoking toplevel() on ptolemy.moml.MoMLSimpleApplication@323f890c
----------------- Done invoking toplevel() on ptolemy.moml.MoMLSimpleApplication@323f890c
reloadAllAccessors: .hierarchicalModalModel2

===========================================================================================
----------------- testing Wed Dec 05 02:57:03 UTC 2018 /home/travis/build/icyphy/ptII/ptolemy/domains/continuous/test/auto/hierarchicalModalModel3.xml
----------------- Instantiating /home/travis/build/icyphy/ptII/ptolemy/domains/continuous/test/auto/hierarchicalModalModel3.xml
6 ms. Memory: 396288K Free: 47067K (12%)
----------------- Invoking toplevel() on ptolemy.moml.MoMLSimpleApplication@7b902703
----------------- Done invoking toplevel() on ptolemy.moml.MoMLSimpleApplication@7b902703
reloadAllAccessors: .hierarchicalModalModel3

===========================================================================================
----------------- testing Wed Dec 05 02:57:03 UTC 2018 /home/travis/build/icyphy/ptII/ptolemy/domains/continuous/test/auto/hierarchicalModalModel4.xml
----------------- Instantiating /home/travis/build/icyphy/ptII/ptolemy/domains/continuous/test/auto/hierarchicalModalModel4.xml
5 ms. Memory: 396288K Free: 31436K (8%)
----------------- Invoking toplevel() on ptolemy.moml.MoMLSimpleApplication@1b3a76da
----------------- Done invoking toplevel() on ptolemy.moml.MoMLSimpleApplication@1b3a76da
reloadAllAccessors: .hierarchicalModalModel4

===========================================================================================
----------------- testing Wed Dec 05 02:57:03 UTC 2018 /home/travis/build/icyphy/ptII/ptolemy/domains/continuous/test/auto/junk.xml
----------------- Instantiating /home/travis/build/icyphy/ptII/ptolemy/domains/continuous/test/auto/junk.xml
139 ms. Memory: 388096K Free: 303924K (78%)
----------------- Invoking toplevel() on ptolemy.moml.MoMLSimpleApplication@296880ac
----------------- Done invoking toplevel() on ptolemy.moml.MoMLSimpleApplication@296880ac
reloadAllAccessors: .junk
AutoTests.java: About to close Vertx.
AutoTests.java: Vertx closed.
]]></system-out>
  <system-err><![CDATA[Warning: '.HysteresisWithRandomDelay.NonStrictTest' The test produced only 221 tokens, yet the correctValues parameter was expecting 222 tokens.
Warning: '.HysteresisWithRandomDelay.NonStrictTest2' The test produced only 220 tokens, yet the correctValues parameter was expecting 221 tokens.
Warning: '.HysteresisWithRandomDelay.NonStrictTest3' The test produced only 22 tokens, yet the correctValues parameter was expecting 30 tokens.
]]></system-err>
</testsuite>
