<?xml version="1.0" encoding="UTF-8" ?>
<testsuite errors="0" failures="0" hostname="travis-job-18c072e3-b05a-4c5b-b3d0-5dd9ca286a7e" name="ptolemy.domains.de.test.junit.JUnitTclTest" skipped="0" tests="101" time="133.999" timestamp="2019-08-21T05:28:36">
  <properties>
[...]
</properties>
  <testcase classname="ptolemy.util.test.junit.TclTests" name="[0] /home/travis/build/icyphy/ptII/ptolemy/domains/de/test/DependencyLoop.tcl (RunTclFile)" time="1.208" />
  <testcase classname="ptolemy.util.test.junit.TclTests" name="[1] /home/travis/build/icyphy/ptII/ptolemy/domains/de/test/RunDETestsAsQSS.tcl (RunTclFile)" time="90.261" />
  <testcase classname="ptolemy.util.test.junit.AutoKnownFailedTests" name="[0] /home/travis/build/icyphy/ptII/ptolemy/domains/de/test/auto/knownFailedTests/DESDFClockTest.xml (RunModel)" time="2.041" />
  <testcase classname="ptolemy.util.test.junit.AutoKnownFailedTests" name="[1] /home/travis/build/icyphy/ptII/ptolemy/domains/de/test/auto/knownFailedTests/DirectFeedback.xml (RunModel)" time="0.031" />
  <testcase classname="ptolemy.util.test.junit.AutoKnownFailedTests" name="[2] /home/travis/build/icyphy/ptII/ptolemy/domains/de/test/auto/knownFailedTests/FSMSource.xml (RunModel)" time="0.043" />
  <testcase classname="ptolemy.util.test.junit.AutoKnownFailedTests" name="[3] /home/travis/build/icyphy/ptII/ptolemy/domains/de/test/auto/knownFailedTests/HierarchicalModel.xml (RunModel)" time="0.054" />
  <testcase classname="ptolemy.util.test.junit.AutoKnownFailedTests" name="[4] /home/travis/build/icyphy/ptII/ptolemy/domains/de/test/auto/knownFailedTests/dependencyLoop.xml (RunModel)" time="0.035" />
  <testcase classname="ptolemy.util.test.junit.AutoKnownFailedTests" name="[5] /home/travis/build/icyphy/ptII/ptolemy/domains/de/test/auto/knownFailedTests/dependencyLoop2.xml (RunModel)" time="0.044" />
  <testcase classname="ptolemy.util.test.junit.AutoNameArchTests" name="[0] ThereAreNoAutoArchTests (RunModel)" time="0.001" />
  <testcase classname="ptolemy.util.test.junit.AutoTests" name="[0] /home/travis/build/icyphy/ptII/ptolemy/domains/de/test/auto/ActorDepthCalculation_actorWithoutPorts.xml (RunModel)" time="0.028" />
  <testcase classname="ptolemy.util.test.junit.AutoTests" name="[1] /home/travis/build/icyphy/ptII/ptolemy/domains/de/test/auto/AssemblyLine.xml (RunModel)" time="0.027" />
  <testcase classname="ptolemy.util.test.junit.AutoTests" name="[2] /home/travis/build/icyphy/ptII/ptolemy/domains/de/test/auto/CQBug1.xml (RunModel)" time="0.014" />
  <testcase classname="ptolemy.util.test.junit.AutoTests" name="[3] /home/travis/build/icyphy/ptII/ptolemy/domains/de/test/auto/CancelFireAt.xml (RunModel)" time="0.023" />
  <testcase classname="ptolemy.util.test.junit.AutoTests" name="[4] /home/travis/build/icyphy/ptII/ptolemy/domains/de/test/auto/CausalityAndComposabilityAnalysis.xml (RunModel)" time="0.015" />
  <testcase classname="ptolemy.util.test.junit.AutoTests" name="[5] /home/travis/build/icyphy/ptII/ptolemy/domains/de/test/auto/CausalityInterface1.xml (RunModel)" time="0.013" />
  <testcase classname="ptolemy.util.test.junit.AutoTests" name="[6] /home/travis/build/icyphy/ptII/ptolemy/domains/de/test/auto/CausalityInterface15.xml (RunModel)" time="0.014" />
  <testcase classname="ptolemy.util.test.junit.AutoTests" name="[7] /home/travis/build/icyphy/ptII/ptolemy/domains/de/test/auto/CausalityInterface2.xml (RunModel)" time="0.011" />
  <testcase classname="ptolemy.util.test.junit.AutoTests" name="[8] /home/travis/build/icyphy/ptII/ptolemy/domains/de/test/auto/CausalityInterface3.xml (RunModel)" time="0.013" />
  <testcase classname="ptolemy.util.test.junit.AutoTests" name="[9] /home/travis/build/icyphy/ptII/ptolemy/domains/de/test/auto/ClockDrift.xml (RunModel)" time="0.027" />
  <testcase classname="ptolemy.util.test.junit.AutoTests" name="[10] /home/travis/build/icyphy/ptII/ptolemy/domains/de/test/auto/ClockDriftAndValueChange.xml (RunModel)" time="0.027" />
  <testcase classname="ptolemy.util.test.junit.AutoTests" name="[11] /home/travis/build/icyphy/ptII/ptolemy/domains/de/test/auto/ClockDriftChange.xml (RunModel)" time="0.027" />
  <testcase classname="ptolemy.util.test.junit.AutoTests" name="[12] /home/travis/build/icyphy/ptII/ptolemy/domains/de/test/auto/ComposableCausalityAnalysis.xml (RunModel)" time="0.019" />
  <testcase classname="ptolemy.util.test.junit.AutoTests" name="[13] /home/travis/build/icyphy/ptII/ptolemy/domains/de/test/auto/DEFixedPointLimitation.xml (RunModel)" time="0.008" />
  <testcase classname="ptolemy.util.test.junit.AutoTests" name="[14] /home/travis/build/icyphy/ptII/ptolemy/domains/de/test/auto/DEScheduleTest.xml (RunModel)" time="0.009" />
  <testcase classname="ptolemy.util.test.junit.AutoTests" name="[15] /home/travis/build/icyphy/ptII/ptolemy/domains/de/test/auto/DEinDEwithStartTimes.xml (RunModel)" time="0.016" />
  <testcase classname="ptolemy.util.test.junit.AutoTests" name="[16] /home/travis/build/icyphy/ptII/ptolemy/domains/de/test/auto/DEinDEwithStartTimes2.xml (RunModel)" time="0.014" />
  <testcase classname="ptolemy.util.test.junit.AutoTests" name="[17] /home/travis/build/icyphy/ptII/ptolemy/domains/de/test/auto/DateDemo.xml (RunModel)" time="0.027" />
  <testcase classname="ptolemy.util.test.junit.AutoTests" name="[18] /home/travis/build/icyphy/ptII/ptolemy/domains/de/test/auto/DateToEvent.xml (RunModel)" time="2.035" />
  <testcase classname="ptolemy.util.test.junit.AutoTests" name="[19] /home/travis/build/icyphy/ptII/ptolemy/domains/de/test/auto/DepthTest1.xml (RunModel)" time="0.007" />
  <testcase classname="ptolemy.util.test.junit.AutoTests" name="[20] /home/travis/build/icyphy/ptII/ptolemy/domains/de/test/auto/DepthTest2.xml (RunModel)" time="0.026" />
  <testcase classname="ptolemy.util.test.junit.AutoTests" name="[21] /home/travis/build/icyphy/ptII/ptolemy/domains/de/test/auto/DepthTest3.xml (RunModel)" time="0.008" />
  <testcase classname="ptolemy.util.test.junit.AutoTests" name="[22] /home/travis/build/icyphy/ptII/ptolemy/domains/de/test/auto/DepthTest4.xml (RunModel)" time="0.017" />
  <testcase classname="ptolemy.util.test.junit.AutoTests" name="[23] /home/travis/build/icyphy/ptII/ptolemy/domains/de/test/auto/DepthTest5.xml (RunModel)" time="0.012" />
  <testcase classname="ptolemy.util.test.junit.AutoTests" name="[24] /home/travis/build/icyphy/ptII/ptolemy/domains/de/test/auto/DepthTest6.xml (RunModel)" time="0.008" />
  <testcase classname="ptolemy.util.test.junit.AutoTests" name="[25] /home/travis/build/icyphy/ptII/ptolemy/domains/de/test/auto/DepthTest7.xml (RunModel)" time="0.008" />
  <testcase classname="ptolemy.util.test.junit.AutoTests" name="[26] /home/travis/build/icyphy/ptII/ptolemy/domains/de/test/auto/EventToDate.xml (RunModel)" time="3.032" />
  <testcase classname="ptolemy.util.test.junit.AutoTests" name="[27] /home/travis/build/icyphy/ptII/ptolemy/domains/de/test/auto/FSM1.xml (RunModel)" time="0.05" />
  <testcase classname="ptolemy.util.test.junit.AutoTests" name="[28] /home/travis/build/icyphy/ptII/ptolemy/domains/de/test/auto/FSM7.xml (RunModel)" time="0.051" />
  <testcase classname="ptolemy.util.test.junit.AutoTests" name="[29] /home/travis/build/icyphy/ptII/ptolemy/domains/de/test/auto/Inspection.xml (RunModel)" time="0.044" />
  <testcase classname="ptolemy.util.test.junit.AutoTests" name="[30] /home/travis/build/icyphy/ptII/ptolemy/domains/de/test/auto/Iteration.xml (RunModel)" time="0.014" />
  <testcase classname="ptolemy.util.test.junit.AutoTests" name="[31] /home/travis/build/icyphy/ptII/ptolemy/domains/de/test/auto/LineFault.xml (RunModel)" time="0.524" />
  <testcase classname="ptolemy.util.test.junit.AutoTests" name="[32] /home/travis/build/icyphy/ptII/ptolemy/domains/de/test/auto/MergeModel1Add.xml (RunModel)" time="0.049" />
  <testcase classname="ptolemy.util.test.junit.AutoTests" name="[33] /home/travis/build/icyphy/ptII/ptolemy/domains/de/test/auto/MergeModel2Add.xml (RunModel)" time="0.041" />
  <testcase classname="ptolemy.util.test.junit.AutoTests" name="[34] /home/travis/build/icyphy/ptII/ptolemy/domains/de/test/auto/MergeModel3Add.xml (RunModel)" time="0.052" />
  <testcase classname="ptolemy.util.test.junit.AutoTests" name="[35] /home/travis/build/icyphy/ptII/ptolemy/domains/de/test/auto/MergeWithoutDiscard.xml (RunModel)" time="0.02" />
  <testcase classname="ptolemy.util.test.junit.AutoTests" name="[36] /home/travis/build/icyphy/ptII/ptolemy/domains/de/test/auto/Modal1.xml (RunModel)" time="0.031" />
  <testcase classname="ptolemy.util.test.junit.AutoTests" name="[37] /home/travis/build/icyphy/ptII/ptolemy/domains/de/test/auto/Modal2.xml (RunModel)" time="0.031" />
  <testcase classname="ptolemy.util.test.junit.AutoTests" name="[38] /home/travis/build/icyphy/ptII/ptolemy/domains/de/test/auto/Modal3.xml (RunModel)" time="0.032" />
  <testcase classname="ptolemy.util.test.junit.AutoTests" name="[39] /home/travis/build/icyphy/ptII/ptolemy/domains/de/test/auto/Modal4.xml (RunModel)" time="0.035" />
  <testcase classname="ptolemy.util.test.junit.AutoTests" name="[40] /home/travis/build/icyphy/ptII/ptolemy/domains/de/test/auto/Modal5.xml (RunModel)" time="0.03" />
  <testcase classname="ptolemy.util.test.junit.AutoTests" name="[41] /home/travis/build/icyphy/ptII/ptolemy/domains/de/test/auto/Modal6.xml (RunModel)" time="0.025" />
  <testcase classname="ptolemy.util.test.junit.AutoTests" name="[42] /home/travis/build/icyphy/ptII/ptolemy/domains/de/test/auto/Modal7.xml (RunModel)" time="0.033" />
  <testcase classname="ptolemy.util.test.junit.AutoTests" name="[43] /home/travis/build/icyphy/ptII/ptolemy/domains/de/test/auto/ModalModel.xml (RunModel)" time="0.173" />
  <testcase classname="ptolemy.util.test.junit.AutoTests" name="[44] /home/travis/build/icyphy/ptII/ptolemy/domains/de/test/auto/ModalSource.xml (RunModel)" time="0.024" />
  <testcase classname="ptolemy.util.test.junit.AutoTests" name="[45] /home/travis/build/icyphy/ptII/ptolemy/domains/de/test/auto/NonInterruptibleTimerZeroDelay.xml (RunModel)" time="0.01" />
  <testcase classname="ptolemy.util.test.junit.AutoTests" name="[46] /home/travis/build/icyphy/ptII/ptolemy/domains/de/test/auto/OpenQueueingNetwork.xml (RunModel)" time="2.446" />
  <testcase classname="ptolemy.util.test.junit.AutoTests" name="[47] /home/travis/build/icyphy/ptII/ptolemy/domains/de/test/auto/OpenQueuingNetwork.xml (RunModel)" time="0.3" />
  <testcase classname="ptolemy.util.test.junit.AutoTests" name="[48] /home/travis/build/icyphy/ptII/ptolemy/domains/de/test/auto/PeriodicSampler.xml (RunModel)" time="0.013" />
  <testcase classname="ptolemy.util.test.junit.AutoTests" name="[49] /home/travis/build/icyphy/ptII/ptolemy/domains/de/test/auto/PersistentIO.xml (RunModel)" time="0.023" />
  <testcase classname="ptolemy.util.test.junit.AutoTests" name="[50] /home/travis/build/icyphy/ptII/ptolemy/domains/de/test/auto/PortParameterResetOnInitialize.xml (RunModel)" time="0.01" />
  <testcase classname="ptolemy.util.test.junit.AutoTests" name="[51] /home/travis/build/icyphy/ptII/ptolemy/domains/de/test/auto/PortParameterUpdates.xml (RunModel)" time="0.026" />
  <testcase classname="ptolemy.util.test.junit.AutoTests" name="[52] /home/travis/build/icyphy/ptII/ptolemy/domains/de/test/auto/QueueAndServer.xml (RunModel)" time="0.022" />
  <testcase classname="ptolemy.util.test.junit.AutoTests" name="[53] /home/travis/build/icyphy/ptII/ptolemy/domains/de/test/auto/Records.xml (RunModel)" time="0.015" />
  <testcase classname="ptolemy.util.test.junit.AutoTests" name="[54] /home/travis/build/icyphy/ptII/ptolemy/domains/de/test/auto/ResetTransitionWithStartTime1.xml (RunModel)" time="0.021" />
  <testcase classname="ptolemy.util.test.junit.AutoTests" name="[55] /home/travis/build/icyphy/ptII/ptolemy/domains/de/test/auto/ResetTransitionWithStartTime2.xml (RunModel)" time="0.026" />
  <testcase classname="ptolemy.util.test.junit.AutoTests" name="[56] /home/travis/build/icyphy/ptII/ptolemy/domains/de/test/auto/ResetTransitionWithStartTime3.xml (RunModel)" time="0.017" />
  <testcase classname="ptolemy.util.test.junit.AutoTests" name="[57] /home/travis/build/icyphy/ptII/ptolemy/domains/de/test/auto/ResetTransitionWithStartTime4.xml (RunModel)" time="0.019" />
  <testcase classname="ptolemy.util.test.junit.AutoTests" name="[58] /home/travis/build/icyphy/ptII/ptolemy/domains/de/test/auto/ResettableTimer1.xml (RunModel)" time="0.009" />
  <testcase classname="ptolemy.util.test.junit.AutoTests" name="[59] /home/travis/build/icyphy/ptII/ptolemy/domains/de/test/auto/ResettableTimer2.xml (RunModel)" time="0.009" />
  <testcase classname="ptolemy.util.test.junit.AutoTests" name="[60] /home/travis/build/icyphy/ptII/ptolemy/domains/de/test/auto/ResettableTimer3.xml (RunModel)" time="0.008" />
  <testcase classname="ptolemy.util.test.junit.AutoTests" name="[61] /home/travis/build/icyphy/ptII/ptolemy/domains/de/test/auto/ResettableTimer4.xml (RunModel)" time="0.008" />
  <testcase classname="ptolemy.util.test.junit.AutoTests" name="[62] /home/travis/build/icyphy/ptII/ptolemy/domains/de/test/auto/ResettableTimer5.xml (RunModel)" time="0.009" />
  <testcase classname="ptolemy.util.test.junit.AutoTests" name="[63] /home/travis/build/icyphy/ptII/ptolemy/domains/de/test/auto/ResettableTimer6.xml (RunModel)" time="0.016" />
  <testcase classname="ptolemy.util.test.junit.AutoTests" name="[64] /home/travis/build/icyphy/ptII/ptolemy/domains/de/test/auto/ServerZeroDelay.xml (RunModel)" time="0.011" />
  <testcase classname="ptolemy.util.test.junit.AutoTests" name="[65] /home/travis/build/icyphy/ptII/ptolemy/domains/de/test/auto/SmartSender.xml (RunModel)" time="3.009" />
  <testcase classname="ptolemy.util.test.junit.AutoTests" name="[66] /home/travis/build/icyphy/ptII/ptolemy/domains/de/test/auto/ThreadedComposite.xml (RunModel)" time="0.125" />
  <testcase classname="ptolemy.util.test.junit.AutoTests" name="[67] /home/travis/build/icyphy/ptII/ptolemy/domains/de/test/auto/Time.xml (RunModel)" time="0.445" />
  <testcase classname="ptolemy.util.test.junit.AutoTests" name="[68] /home/travis/build/icyphy/ptII/ptolemy/domains/de/test/auto/TimeDelayZeroDelay.xml (RunModel)" time="0.011" />
  <testcase classname="ptolemy.util.test.junit.AutoTests" name="[69] /home/travis/build/icyphy/ptII/ptolemy/domains/de/test/auto/TimerZeroDelay.xml (RunModel)" time="0.014" />
  <testcase classname="ptolemy.util.test.junit.AutoTests" name="[70] /home/travis/build/icyphy/ptII/ptolemy/domains/de/test/auto/TimingParadox.xml (RunModel)" time="0.398" />
  <testcase classname="ptolemy.util.test.junit.AutoTests" name="[71] /home/travis/build/icyphy/ptII/ptolemy/domains/de/test/auto/TransferInputs.xml (RunModel)" time="0.015" />
  <testcase classname="ptolemy.util.test.junit.AutoTests" name="[72] /home/travis/build/icyphy/ptII/ptolemy/domains/de/test/auto/TransferOutputs2.xml (RunModel)" time="0.014" />
  <testcase classname="ptolemy.util.test.junit.AutoTests" name="[73] /home/travis/build/icyphy/ptII/ptolemy/domains/de/test/auto/Trilateration.xml (RunModel)" time="13.7" />
  <testcase classname="ptolemy.util.test.junit.AutoTests" name="[74] /home/travis/build/icyphy/ptII/ptolemy/domains/de/test/auto/TwoSigmaDelta.xml (RunModel)" time="2.188" />
  <testcase classname="ptolemy.util.test.junit.AutoTests" name="[75] /home/travis/build/icyphy/ptII/ptolemy/domains/de/test/auto/VariableDelay.xml (RunModel)" time="0.015" />
  <testcase classname="ptolemy.util.test.junit.AutoTests" name="[76] /home/travis/build/icyphy/ptII/ptolemy/domains/de/test/auto/VariableDelay2.xml (RunModel)" time="0.01" />
  <testcase classname="ptolemy.util.test.junit.AutoTests" name="[77] /home/travis/build/icyphy/ptII/ptolemy/domains/de/test/auto/VariableDelayZeroDelay.xml (RunModel)" time="0.012" />
  <testcase classname="ptolemy.util.test.junit.AutoTests" name="[78] /home/travis/build/icyphy/ptII/ptolemy/domains/de/test/auto/VariableDelayZeroDelay2.xml (RunModel)" time="0.009" />
  <testcase classname="ptolemy.util.test.junit.AutoTests" name="[79] /home/travis/build/icyphy/ptII/ptolemy/domains/de/test/auto/deInCt.xml (RunModel)" time="0.016" />
  <testcase classname="ptolemy.util.test.junit.AutoTests" name="[80] /home/travis/build/icyphy/ptII/ptolemy/domains/de/test/auto/deInCt2.xml (RunModel)" time="0.025" />
  <testcase classname="ptolemy.util.test.junit.AutoTests" name="[81] /home/travis/build/icyphy/ptII/ptolemy/domains/de/test/auto/dynamicCausalityInterface1.xml (RunModel)" time="0.02" />
  <testcase classname="ptolemy.util.test.junit.AutoTests" name="[82] /home/travis/build/icyphy/ptII/ptolemy/domains/de/test/auto/fsm_de_test.xml (RunModel)" time="0.034" />
  <testcase classname="ptolemy.util.test.junit.AutoTests" name="[83] /home/travis/build/icyphy/ptII/ptolemy/domains/de/test/auto/functionDependencyReconstruction.xml (RunModel)" time="0.031" />
  <testcase classname="ptolemy.util.test.junit.AutoTests" name="[84] /home/travis/build/icyphy/ptII/ptolemy/domains/de/test/auto/multirate.xml (RunModel)" time="0.02" />
  <testcase classname="ptolemy.util.test.junit.AutoTests" name="[85] /home/travis/build/icyphy/ptII/ptolemy/domains/de/test/auto/multirate2.xml (RunModel)" time="0.033" />
  <testcase classname="ptolemy.util.test.junit.AutoTests" name="[86] /home/travis/build/icyphy/ptII/ptolemy/domains/de/test/auto/realtime.xml (RunModel)" time="10.013" />
  <testcase classname="ptolemy.util.test.junit.AutoTests" name="[87] /home/travis/build/icyphy/ptII/ptolemy/domains/de/test/auto/relationGroup.xml (RunModel)" time="0.009" />
  <testcase classname="ptolemy.util.test.junit.AutoTests" name="[88] /home/travis/build/icyphy/ptII/ptolemy/domains/de/test/auto/relationGroup2.xml (RunModel)" time="0.007" />
  <testcase classname="ptolemy.util.test.junit.AutoTests" name="[89] /home/travis/build/icyphy/ptII/ptolemy/domains/de/test/auto/sortWithOpaquePorts.xml (RunModel)" time="0.008" />
  <testcase classname="ptolemy.util.test.junit.AutoTests" name="[90] /home/travis/build/icyphy/ptII/ptolemy/domains/de/test/auto/transferInputsandOutputs.xml (RunModel)" time="0.014" />
  <testcase classname="ptolemy.util.test.junit.AutoTests" name="[91] /home/travis/build/icyphy/ptII/ptolemy/domains/de/test/auto/triggerType.xml (RunModel)" time="0.008" />
  <system-out><![CDATA[/home/travis/build/icyphy/ptII/ptolemy/domains/de/test/DependencyLoop.tcl
testDefs.tcl: setting time out to 9000 seconds at Wed Aug 21 05:28:36 UTC 2019
74 ms. Memory: 120832K Free: 72134K (60%)
33 ms. Memory: 120832K Free: 54711K (45%)
/home/travis/build/icyphy/ptII/ptolemy/domains/de/test/RunDETestsAsQSS.tcl
Run the DE tests using ptolemy.domains.qss.test.QSSDirectorTest, which extends QSSDirector and prints a message in the constructors.
------------------ testing $PTII/ptolemy/domains/de/test/auto/knownFailedTests/DirectFeedback.xml (Known Failure) 
31 ms. Memory: 120832K Free: 49096K (41%)


==== $PTIIhome/travis/build/icyphy/ptII/ptolemy/domains/de/test/../../../../: Auto Automatic test in file $PTII/ptolemy/domains/de/test/auto/knownFailedTests/DirectFeedback.xml
==== Contents of test case:

	    # FIXME: we should use $relativeFilename here, but it
	    # might have backslashes under Windows, which causes no end
	    # of trouble.
	    createAndExecute $file
	    list {}
	
.... Test generated KNOWN error:
    while executing
ptolemy.kernel.util.IllegalActionException: Test fails in iteration 1.
Value was: 1.0. Should have been: 2.0
  in .DirectFeedback.Test
	at ptolemy.actor.lib.Test.fire(Test.java:268)
	at ptolemy.domains.de.kernel.DEDirector._fire(DEDirector.java:1949)
	at ptolemy.domains.de.kernel.DEDirector.fire(DEDirector.java:502)
	at ptolemy.actor.CompositeActor.fire(CompositeActor.java:455)
	at ptolemy.actor.Manager.iterate(Manager.java:851)
	at ptolemy.actor.Manager.execute(Manager.java:369)
	at ptolemy.actor.Manager.run(Manager.java:1263)
	at ptolemy.actor.Manager$PtolemyRunThread.run(Manager.java:1933)

    while executing
ptolemy.kernel.util.IllegalActionException: Test fails in iteration 1.
Value was: 1.0. Should have been: 2.0
  in .DirectFeedback.Test
    while executing
"java::new ptolemy.moml.MoMLSimpleApplication $file
"
    (procedure "createAndExecute" line 2)
    invoked from within
"createAndExecute $file"
    ("uplevel" body line 5)
    invoked from within
"uplevel $contents_of_test"
------------------ testing $PTII/ptolemy/domains/de/test/auto/knownFailedTests/dependencyLoop.xml (Known Failure) 
17 ms. Memory: 120832K Free: 46024K (38%)


==== $PTIIhome/travis/build/icyphy/ptII/ptolemy/domains/de/test/../../../../: Auto Automatic test in file $PTII/ptolemy/domains/de/test/auto/knownFailedTests/dependencyLoop.xml
==== Contents of test case:

	    # FIXME: we should use $relativeFilename here, but it
	    # might have backslashes under Windows, which causes no end
	    # of trouble.
	    createAndExecute $file
	    list {}
	
.... Test generated KNOWN error:
    while executing
ptolemy.kernel.util.IllegalActionException: Found a zero delay loop containing .dependencyLoop.original
  in .dependencyLoop and .dependencyLoop.original
	at ptolemy.actor.util.CausalityInterfaceForComposites._computeOutputPortDepth(CausalityInterfaceForComposites.java:759)
	at ptolemy.actor.util.CausalityInterfaceForComposites._computeInputDepth(CausalityInterfaceForComposites.java:696)
	at ptolemy.actor.util.CausalityInterfaceForComposites._computeOutputPortDepth(CausalityInterfaceForComposites.java:765)
	at ptolemy.actor.util.CausalityInterfaceForComposites._computeInputDepth(CausalityInterfaceForComposites.java:696)
	at ptolemy.actor.util.CausalityInterfaceForComposites._computeOutputPortDepth(CausalityInterfaceForComposites.java:765)
	at ptolemy.actor.util.CausalityInterfaceForComposites._computeInputDepth(CausalityInterfaceForComposites.java:696)
	at ptolemy.actor.util.CausalityInterfaceForComposites._computeActorDepth(CausalityInterfaceForComposites.java:532)
	at ptolemy.actor.util.CausalityInterfaceForComposites.checkForCycles(CausalityInterfaceForComposites.java:96)
	at ptolemy.domains.de.kernel.DEDirector.preinitialize(DEDirector.java:1338)
	at ptolemy.actor.CompositeActor.preinitialize(CompositeActor.java:1828)
	at ptolemy.actor.Manager.preinitializeAndResolveTypes(Manager.java:1040)
	at ptolemy.actor.Manager.initialize(Manager.java:710)
	at ptolemy.actor.Manager.execute(Manager.java:356)
	at ptolemy.actor.Manager.run(Manager.java:1263)
	at ptolemy.actor.Manager$PtolemyRunThread.run(Manager.java:1933)

    while executing
ptolemy.kernel.util.IllegalActionException: Found a zero delay loop containing .dependencyLoop.original
  in .dependencyLoop and .dependencyLoop.original
    while executing
"java::new ptolemy.moml.MoMLSimpleApplication $file
"
    (procedure "createAndExecute" line 2)
    invoked from within
"createAndExecute $file"
    ("uplevel" body line 5)
    invoked from within
"uplevel $contents_of_test"
------------------ testing $PTII/ptolemy/domains/de/test/auto/knownFailedTests/FSMSource.xml (Known Failure) 
72 ms. Memory: 120832K Free: 99678K (82%)
!!!! Auto was marked as failing, but now passes
------------------ testing $PTII/ptolemy/domains/de/test/auto/knownFailedTests/HierarchicalModel.xml (Known Failure) 
9 ms. Memory: 120832K Free: 82246K (68%)


==== $PTIIhome/travis/build/icyphy/ptII/ptolemy/domains/de/test/../../../../: Auto Automatic test in file $PTII/ptolemy/domains/de/test/auto/knownFailedTests/HierarchicalModel.xml
==== Contents of test case:

	    # FIXME: we should use $relativeFilename here, but it
	    # might have backslashes under Windows, which causes no end
	    # of trouble.
	    createAndExecute $file
	    list {}
	
.... Test generated KNOWN error:
    while executing
ptolemy.kernel.util.IllegalActionException: Found a zero delay loop containing .HierarchicalModel.A
  in .HierarchicalModel and .HierarchicalModel.A
	at ptolemy.actor.util.CausalityInterfaceForComposites._computeOutputPortDepth(CausalityInterfaceForComposites.java:759)
	at ptolemy.actor.util.CausalityInterfaceForComposites._computeInputDepth(CausalityInterfaceForComposites.java:696)
	at ptolemy.actor.util.CausalityInterfaceForComposites._computeOutputPortDepth(CausalityInterfaceForComposites.java:765)
	at ptolemy.actor.util.CausalityInterfaceForComposites._computeInputDepth(CausalityInterfaceForComposites.java:696)
	at ptolemy.actor.util.CausalityInterfaceForComposites._computeOutputPortDepth(CausalityInterfaceForComposites.java:765)
	at ptolemy.actor.util.CausalityInterfaceForComposites._computeInputDepth(CausalityInterfaceForComposites.java:696)
	at ptolemy.actor.util.CausalityInterfaceForComposites._computeActorDepth(CausalityInterfaceForComposites.java:532)
	at ptolemy.actor.util.CausalityInterfaceForComposites.checkForCycles(CausalityInterfaceForComposites.java:96)
	at ptolemy.domains.de.kernel.DEDirector.preinitialize(DEDirector.java:1338)
	at ptolemy.actor.CompositeActor.preinitialize(CompositeActor.java:1828)
	at ptolemy.actor.Manager.preinitializeAndResolveTypes(Manager.java:1040)
	at ptolemy.actor.Manager.initialize(Manager.java:710)
	at ptolemy.actor.Manager.execute(Manager.java:356)
	at ptolemy.actor.Manager.run(Manager.java:1263)
	at ptolemy.actor.Manager$PtolemyRunThread.run(Manager.java:1933)

    while executing
ptolemy.kernel.util.IllegalActionException: Found a zero delay loop containing .HierarchicalModel.A
  in .HierarchicalModel and .HierarchicalModel.A
    while executing
"java::new ptolemy.moml.MoMLSimpleApplication $file
"
    (procedure "createAndExecute" line 2)
    invoked from within
"createAndExecute $file"
    ("uplevel" body line 5)
    invoked from within
"uplevel $contents_of_test"
------------------ testing $PTII/ptolemy/domains/de/test/auto/knownFailedTests/dependencyLoop2.xml (Known Failure) 
38 ms. Memory: 120832K Free: 106978K (89%)


==== $PTIIhome/travis/build/icyphy/ptII/ptolemy/domains/de/test/../../../../: Auto Automatic test in file $PTII/ptolemy/domains/de/test/auto/knownFailedTests/dependencyLoop2.xml
==== Contents of test case:

	    # FIXME: we should use $relativeFilename here, but it
	    # might have backslashes under Windows, which causes no end
	    # of trouble.
	    createAndExecute $file
	    list {}
	
.... Test generated KNOWN error:
    while executing
ptolemy.kernel.util.IllegalActionException: Found a zero delay loop containing .dependencyLoop2.original
  in .dependencyLoop2 and .dependencyLoop2.original
	at ptolemy.actor.util.CausalityInterfaceForComposites._computeOutputPortDepth(CausalityInterfaceForComposites.java:759)
	at ptolemy.actor.util.CausalityInterfaceForComposites._computeInputDepth(CausalityInterfaceForComposites.java:696)
	at ptolemy.actor.util.CausalityInterfaceForComposites._computeOutputPortDepth(CausalityInterfaceForComposites.java:765)
	at ptolemy.actor.util.CausalityInterfaceForComposites._computeInputDepth(CausalityInterfaceForComposites.java:696)
	at ptolemy.actor.util.CausalityInterfaceForComposites._computeOutputPortDepth(CausalityInterfaceForComposites.java:765)
	at ptolemy.actor.util.CausalityInterfaceForComposites._computeInputDepth(CausalityInterfaceForComposites.java:696)
	at ptolemy.actor.util.CausalityInterfaceForComposites._computeActorDepth(CausalityInterfaceForComposites.java:532)
	at ptolemy.actor.util.CausalityInterfaceForComposites.checkForCycles(CausalityInterfaceForComposites.java:96)
	at ptolemy.domains.de.kernel.DEDirector.preinitialize(DEDirector.java:1338)
	at ptolemy.actor.CompositeActor.preinitialize(CompositeActor.java:1828)
	at ptolemy.actor.Manager.preinitializeAndResolveTypes(Manager.java:1040)
	at ptolemy.actor.Manager.initialize(Manager.java:710)
	at ptolemy.actor.Manager.execute(Manager.java:356)
	at ptolemy.actor.Manager.run(Manager.java:1263)
	at ptolemy.actor.Manager$PtolemyRunThread.run(Manager.java:1933)

    while executing
ptolemy.kernel.util.IllegalActionException: Found a zero delay loop containing .dependencyLoop2.original
  in .dependencyLoop2 and .dependencyLoop2.original
    while executing
"java::new ptolemy.moml.MoMLSimpleApplication $file
"
    (procedure "createAndExecute" line 2)
    invoked from within
"createAndExecute $file"
    ("uplevel" body line 5)
    invoked from within
"uplevel $contents_of_test"
------------------ testing $PTII/ptolemy/domains/de/test/auto/knownFailedTests/DESDFClockTest.xml (Known Failure) 
2059 ms. Memory: 120832K Free: 93622K (77%)


==== $PTIIhome/travis/build/icyphy/ptII/ptolemy/domains/de/test/../../../../: Auto Automatic test in file $PTII/ptolemy/domains/de/test/auto/knownFailedTests/DESDFClockTest.xml
==== Contents of test case:

	    # FIXME: we should use $relativeFilename here, but it
	    # might have backslashes under Windows, which causes no end
	    # of trouble.
	    createAndExecute $file
	    list {}
	
.... Test generated KNOWN error:
    while executing
ptolemy.kernel.util.IllegalActionException: Actor is not ready to fire.  Perhaps UpSample.prefire() returned false? Try debugging the actor by selecting "Listen to Actor".  Also, for SDF check moml for tokenConsumptionRate on input.
  in .DESDFClockTest.Play Bell.Copy1:SDF Director and .DESDFClockTest.Play Bell.UpSample
	at ptolemy.actor.sched.StaticSchedulingDirector.fire(StaticSchedulingDirector.java:227)
	at ptolemy.domains.sdf.kernel.SDFDirector.fire(SDFDirector.java:500)
	at ptolemy.actor.CompositeActor.fire(CompositeActor.java:455)
	at ptolemy.domains.de.kernel.DEDirector._fire(DEDirector.java:1949)
	at ptolemy.domains.de.kernel.DEDirector.fire(DEDirector.java:502)
	at ptolemy.actor.CompositeActor.fire(CompositeActor.java:455)
	at ptolemy.actor.Manager.iterate(Manager.java:851)
	at ptolemy.actor.Manager.execute(Manager.java:369)
	at ptolemy.actor.Manager.run(Manager.java:1263)
	at ptolemy.actor.Manager$PtolemyRunThread.run(Manager.java:1933)

    while executing
ptolemy.kernel.util.IllegalActionException: Actor is not ready to fire.  Perhaps UpSample.prefire() returned false? Try debugging the actor by selecting "Listen to Actor".  Also, for SDF check moml for tokenConsumptionRate on input.
  in .DESDFClockTest.Play Bell.Copy1:SDF Director and .DESDFClockTest.Play Bell.UpSample
    while executing
"java::new ptolemy.moml.MoMLSimpleApplication $file
"
    (procedure "createAndExecute" line 2)
    invoked from within
"createAndExecute $file"
    ("uplevel" body line 5)
    invoked from within
"uplevel $contents_of_test"
------------------ testing $PTII/ptolemy/domains/de/test/auto/ActorDepthCalculation_actorWithoutPorts.xml
auto.tcl: Setting watchdog for 200 seconds at Wed Aug 21 05:28:40 UTC 2019
9 ms. Memory: 120832K Free: 86425K (72%)
ptolemy.util.test.WatchDog.cancel(): canceling Wed Aug 21 05:28:40 UTC 2019
auto.tcl: Setting watchdog for 200 seconds at Wed Aug 21 05:28:40 UTC 2019
5 ms. Memory: 120832K Free: 85273K (71%)
ptolemy.util.test.WatchDog.cancel(): canceling Wed Aug 21 05:28:40 UTC 2019
------------------ testing $PTII/ptolemy/domains/de/test/auto/AssemblyLine.xml
auto.tcl: Setting watchdog for 200 seconds at Wed Aug 21 05:28:40 UTC 2019
16 ms. Memory: 45056K Free: 23019K (51%)
ptolemy.util.test.WatchDog.cancel(): canceling Wed Aug 21 05:28:41 UTC 2019
auto.tcl: Setting watchdog for 200 seconds at Wed Aug 21 05:28:41 UTC 2019
7 ms. Memory: 45056K Free: 22281K (49%)
ptolemy.util.test.WatchDog.cancel(): canceling Wed Aug 21 05:28:41 UTC 2019
------------------ testing $PTII/ptolemy/domains/de/test/auto/CQBug1.xml
auto.tcl: Setting watchdog for 200 seconds at Wed Aug 21 05:28:41 UTC 2019
2 ms. Memory: 45056K Free: 28434K (63%)
ptolemy.util.test.WatchDog.cancel(): canceling Wed Aug 21 05:28:41 UTC 2019
auto.tcl: Setting watchdog for 200 seconds at Wed Aug 21 05:28:41 UTC 2019
6 ms. Memory: 45056K Free: 28006K (62%)
ptolemy.util.test.WatchDog.cancel(): canceling Wed Aug 21 05:28:41 UTC 2019
------------------ testing $PTII/ptolemy/domains/de/test/auto/CancelFireAt.xml
auto.tcl: Setting watchdog for 200 seconds at Wed Aug 21 05:28:41 UTC 2019
3 ms. Memory: 45056K Free: 29667K (66%)
ptolemy.util.test.WatchDog.cancel(): canceling Wed Aug 21 05:28:41 UTC 2019
auto.tcl: Setting watchdog for 200 seconds at Wed Aug 21 05:28:41 UTC 2019
2 ms. Memory: 45056K Free: 29214K (65%)
ptolemy.util.test.WatchDog.cancel(): canceling Wed Aug 21 05:28:41 UTC 2019
------------------ testing $PTII/ptolemy/domains/de/test/auto/CausalityAndComposabilityAnalysis.xml
auto.tcl: Setting watchdog for 200 seconds at Wed Aug 21 05:28:41 UTC 2019
12 ms. Memory: 45056K Free: 27439K (61%)
ptolemy.util.test.WatchDog.cancel(): canceling Wed Aug 21 05:28:41 UTC 2019
auto.tcl: Setting watchdog for 200 seconds at Wed Aug 21 05:28:41 UTC 2019
5 ms. Memory: 45056K Free: 27010K (60%)
ptolemy.util.test.WatchDog.cancel(): canceling Wed Aug 21 05:28:41 UTC 2019
------------------ testing $PTII/ptolemy/domains/de/test/auto/CausalityInterface1.xml
auto.tcl: Setting watchdog for 200 seconds at Wed Aug 21 05:28:41 UTC 2019
26 ms. Memory: 45056K Free: 26376K (59%)
ptolemy.util.test.WatchDog.cancel(): canceling Wed Aug 21 05:28:41 UTC 2019
auto.tcl: Setting watchdog for 200 seconds at Wed Aug 21 05:28:41 UTC 2019
4 ms. Memory: 45056K Free: 25396K (56%)
ptolemy.util.test.WatchDog.cancel(): canceling Wed Aug 21 05:28:41 UTC 2019
------------------ testing $PTII/ptolemy/domains/de/test/auto/CausalityInterface15.xml
auto.tcl: Setting watchdog for 200 seconds at Wed Aug 21 05:28:41 UTC 2019
10 ms. Memory: 45056K Free: 26546K (59%)
ptolemy.util.test.WatchDog.cancel(): canceling Wed Aug 21 05:28:41 UTC 2019
auto.tcl: Setting watchdog for 200 seconds at Wed Aug 21 05:28:41 UTC 2019
5 ms. Memory: 45056K Free: 25336K (56%)
ptolemy.util.test.WatchDog.cancel(): canceling Wed Aug 21 05:28:41 UTC 2019
------------------ testing $PTII/ptolemy/domains/de/test/auto/CausalityInterface2.xml
auto.tcl: Setting watchdog for 200 seconds at Wed Aug 21 05:28:41 UTC 2019
4 ms. Memory: 45056K Free: 26985K (60%)
ptolemy.util.test.WatchDog.cancel(): canceling Wed Aug 21 05:28:41 UTC 2019
auto.tcl: Setting watchdog for 200 seconds at Wed Aug 21 05:28:41 UTC 2019
3 ms. Memory: 45056K Free: 26250K (58%)
ptolemy.util.test.WatchDog.cancel(): canceling Wed Aug 21 05:28:41 UTC 2019
------------------ testing $PTII/ptolemy/domains/de/test/auto/CausalityInterface3.xml
auto.tcl: Setting watchdog for 200 seconds at Wed Aug 21 05:28:41 UTC 2019
7 ms. Memory: 45056K Free: 26397K (59%)
ptolemy.util.test.WatchDog.cancel(): canceling Wed Aug 21 05:28:41 UTC 2019
auto.tcl: Setting watchdog for 200 seconds at Wed Aug 21 05:28:41 UTC 2019
3 ms. Memory: 45056K Free: 25671K (57%)
ptolemy.util.test.WatchDog.cancel(): canceling Wed Aug 21 05:28:41 UTC 2019
------------------ testing $PTII/ptolemy/domains/de/test/auto/ClockDrift.xml
auto.tcl: Setting watchdog for 200 seconds at Wed Aug 21 05:28:41 UTC 2019
104 ms. Memory: 45056K Free: 19062K (42%)
ptolemy.util.test.WatchDog.cancel(): canceling Wed Aug 21 05:28:41 UTC 2019
auto.tcl: Setting watchdog for 200 seconds at Wed Aug 21 05:28:41 UTC 2019
63 ms. Memory: 45056K Free: 16046K (36%)
ptolemy.util.test.WatchDog.cancel(): canceling Wed Aug 21 05:28:42 UTC 2019
------------------ testing $PTII/ptolemy/domains/de/test/auto/ClockDriftAndValueChange.xml
auto.tcl: Setting watchdog for 200 seconds at Wed Aug 21 05:28:42 UTC 2019
39 ms. Memory: 45056K Free: 19470K (43%)
ptolemy.util.test.WatchDog.cancel(): canceling Wed Aug 21 05:28:42 UTC 2019
auto.tcl: Setting watchdog for 200 seconds at Wed Aug 21 05:28:42 UTC 2019
22 ms. Memory: 45056K Free: 16278K (36%)
ptolemy.util.test.WatchDog.cancel(): canceling Wed Aug 21 05:28:42 UTC 2019
------------------ testing $PTII/ptolemy/domains/de/test/auto/ClockDriftChange.xml
auto.tcl: Setting watchdog for 200 seconds at Wed Aug 21 05:28:42 UTC 2019
17 ms. Memory: 45056K Free: 21180K (47%)
ptolemy.util.test.WatchDog.cancel(): canceling Wed Aug 21 05:28:42 UTC 2019
auto.tcl: Setting watchdog for 200 seconds at Wed Aug 21 05:28:42 UTC 2019
16 ms. Memory: 45056K Free: 18650K (41%)
ptolemy.util.test.WatchDog.cancel(): canceling Wed Aug 21 05:28:42 UTC 2019
------------------ testing $PTII/ptolemy/domains/de/test/auto/ComposableCausalityAnalysis.xml
auto.tcl: Setting watchdog for 200 seconds at Wed Aug 21 05:28:42 UTC 2019
7 ms. Memory: 45056K Free: 25816K (57%)
ptolemy.util.test.WatchDog.cancel(): canceling Wed Aug 21 05:28:42 UTC 2019
auto.tcl: Setting watchdog for 200 seconds at Wed Aug 21 05:28:42 UTC 2019
2 ms. Memory: 45056K Free: 24794K (55%)
ptolemy.util.test.WatchDog.cancel(): canceling Wed Aug 21 05:28:42 UTC 2019
------------------ testing $PTII/ptolemy/domains/de/test/auto/DEFixedPointLimitation.xml
auto.tcl: Setting watchdog for 200 seconds at Wed Aug 21 05:28:42 UTC 2019
4 ms. Memory: 45056K Free: 27135K (60%)
ptolemy.util.test.WatchDog.cancel(): canceling Wed Aug 21 05:28:42 UTC 2019
auto.tcl: Setting watchdog for 200 seconds at Wed Aug 21 05:28:42 UTC 2019
2 ms. Memory: 45056K Free: 26273K (58%)
ptolemy.util.test.WatchDog.cancel(): canceling Wed Aug 21 05:28:42 UTC 2019
------------------ testing $PTII/ptolemy/domains/de/test/auto/DEScheduleTest.xml
auto.tcl: Setting watchdog for 200 seconds at Wed Aug 21 05:28:42 UTC 2019
9 ms. Memory: 45056K Free: 27397K (61%)
ptolemy.util.test.WatchDog.cancel(): canceling Wed Aug 21 05:28:42 UTC 2019
auto.tcl: Setting watchdog for 200 seconds at Wed Aug 21 05:28:42 UTC 2019
4 ms. Memory: 45056K Free: 26671K (59%)
ptolemy.util.test.WatchDog.cancel(): canceling Wed Aug 21 05:28:42 UTC 2019
------------------ testing $PTII/ptolemy/domains/de/test/auto/DEinDEwithStartTimes.xml
auto.tcl: Setting watchdog for 200 seconds at Wed Aug 21 05:28:42 UTC 2019
5 ms. Memory: 45056K Free: 25640K (57%)
ptolemy.util.test.WatchDog.cancel(): canceling Wed Aug 21 05:28:42 UTC 2019
auto.tcl: Setting watchdog for 200 seconds at Wed Aug 21 05:28:42 UTC 2019
5 ms. Memory: 45056K Free: 24574K (55%)
ptolemy.util.test.WatchDog.cancel(): canceling Wed Aug 21 05:28:42 UTC 2019
------------------ testing $PTII/ptolemy/domains/de/test/auto/DEinDEwithStartTimes2.xml
auto.tcl: Setting watchdog for 200 seconds at Wed Aug 21 05:28:42 UTC 2019
6 ms. Memory: 45056K Free: 24900K (55%)
ptolemy.util.test.WatchDog.cancel(): canceling Wed Aug 21 05:28:42 UTC 2019
auto.tcl: Setting watchdog for 200 seconds at Wed Aug 21 05:28:42 UTC 2019
4 ms. Memory: 45056K Free: 23801K (53%)
ptolemy.util.test.WatchDog.cancel(): canceling Wed Aug 21 05:28:42 UTC 2019
------------------ testing $PTII/ptolemy/domains/de/test/auto/DateDemo.xml
auto.tcl: Setting watchdog for 200 seconds at Wed Aug 21 05:28:42 UTC 2019
16 ms. Memory: 45056K Free: 19490K (43%)
ptolemy.util.test.WatchDog.cancel(): canceling Wed Aug 21 05:28:42 UTC 2019
auto.tcl: Setting watchdog for 200 seconds at Wed Aug 21 05:28:42 UTC 2019
11 ms. Memory: 45056K Free: 17648K (39%)
ptolemy.util.test.WatchDog.cancel(): canceling Wed Aug 21 05:28:42 UTC 2019
------------------ testing $PTII/ptolemy/domains/de/test/auto/DateToEvent.xml
auto.tcl: Setting watchdog for 200 seconds at Wed Aug 21 05:28:42 UTC 2019
2011 ms. Memory: 45056K Free: 15094K (34%)
ptolemy.util.test.WatchDog.cancel(): canceling Wed Aug 21 05:28:45 UTC 2019
auto.tcl: Setting watchdog for 200 seconds at Wed Aug 21 05:28:45 UTC 2019
2006 ms. Memory: 45056K Free: 14342K (32%)
ptolemy.util.test.WatchDog.cancel(): canceling Wed Aug 21 05:28:47 UTC 2019
------------------ testing $PTII/ptolemy/domains/de/test/auto/DepthTest1.xml
auto.tcl: Setting watchdog for 200 seconds at Wed Aug 21 05:28:47 UTC 2019
3 ms. Memory: 45056K Free: 28393K (63%)
ptolemy.util.test.WatchDog.cancel(): canceling Wed Aug 21 05:28:47 UTC 2019
auto.tcl: Setting watchdog for 200 seconds at Wed Aug 21 05:28:47 UTC 2019
2 ms. Memory: 45056K Free: 27849K (62%)
ptolemy.util.test.WatchDog.cancel(): canceling Wed Aug 21 05:28:47 UTC 2019
------------------ testing $PTII/ptolemy/domains/de/test/auto/DepthTest2.xml
auto.tcl: Setting watchdog for 200 seconds at Wed Aug 21 05:28:47 UTC 2019
3 ms. Memory: 45056K Free: 25115K (56%)
ptolemy.util.test.WatchDog.cancel(): canceling Wed Aug 21 05:28:47 UTC 2019
auto.tcl: Setting watchdog for 200 seconds at Wed Aug 21 05:28:47 UTC 2019
3 ms. Memory: 45056K Free: 24570K (55%)
ptolemy.util.test.WatchDog.cancel(): canceling Wed Aug 21 05:28:47 UTC 2019
------------------ testing $PTII/ptolemy/domains/de/test/auto/DepthTest3.xml
auto.tcl: Setting watchdog for 200 seconds at Wed Aug 21 05:28:47 UTC 2019
6 ms. Memory: 45056K Free: 28701K (64%)
ptolemy.util.test.WatchDog.cancel(): canceling Wed Aug 21 05:28:47 UTC 2019
auto.tcl: Setting watchdog for 200 seconds at Wed Aug 21 05:28:47 UTC 2019
2 ms. Memory: 45056K Free: 28188K (63%)
ptolemy.util.test.WatchDog.cancel(): canceling Wed Aug 21 05:28:47 UTC 2019
------------------ testing $PTII/ptolemy/domains/de/test/auto/DepthTest4.xml
auto.tcl: Setting watchdog for 200 seconds at Wed Aug 21 05:28:47 UTC 2019
6 ms. Memory: 45056K Free: 26928K (60%)
ptolemy.util.test.WatchDog.cancel(): canceling Wed Aug 21 05:28:47 UTC 2019
auto.tcl: Setting watchdog for 200 seconds at Wed Aug 21 05:28:47 UTC 2019
3 ms. Memory: 45056K Free: 26197K (58%)
ptolemy.util.test.WatchDog.cancel(): canceling Wed Aug 21 05:28:47 UTC 2019
------------------ testing $PTII/ptolemy/domains/de/test/auto/DepthTest5.xml
auto.tcl: Setting watchdog for 200 seconds at Wed Aug 21 05:28:47 UTC 2019
5 ms. Memory: 45056K Free: 26339K (58%)
ptolemy.util.test.WatchDog.cancel(): canceling Wed Aug 21 05:28:47 UTC 2019
auto.tcl: Setting watchdog for 200 seconds at Wed Aug 21 05:28:47 UTC 2019
3 ms. Memory: 45056K Free: 25604K (57%)
ptolemy.util.test.WatchDog.cancel(): canceling Wed Aug 21 05:28:47 UTC 2019
------------------ testing $PTII/ptolemy/domains/de/test/auto/DepthTest6.xml
auto.tcl: Setting watchdog for 200 seconds at Wed Aug 21 05:28:47 UTC 2019
5 ms. Memory: 45056K Free: 26047K (58%)
ptolemy.util.test.WatchDog.cancel(): canceling Wed Aug 21 05:28:47 UTC 2019
auto.tcl: Setting watchdog for 200 seconds at Wed Aug 21 05:28:47 UTC 2019
1 ms. Memory: 45056K Free: 25672K (57%)
ptolemy.util.test.WatchDog.cancel(): canceling Wed Aug 21 05:28:47 UTC 2019
------------------ testing $PTII/ptolemy/domains/de/test/auto/DepthTest7.xml
auto.tcl: Setting watchdog for 200 seconds at Wed Aug 21 05:28:47 UTC 2019
4 ms. Memory: 45056K Free: 26851K (60%)
ptolemy.util.test.WatchDog.cancel(): canceling Wed Aug 21 05:28:47 UTC 2019
auto.tcl: Setting watchdog for 200 seconds at Wed Aug 21 05:28:47 UTC 2019
3 ms. Memory: 45056K Free: 26127K (58%)
ptolemy.util.test.WatchDog.cancel(): canceling Wed Aug 21 05:28:47 UTC 2019
------------------ testing $PTII/ptolemy/domains/de/test/auto/EventToDate.xml
auto.tcl: Setting watchdog for 200 seconds at Wed Aug 21 05:28:47 UTC 2019
3012 ms. Memory: 45056K Free: 17333K (38%)
ptolemy.util.test.WatchDog.cancel(): canceling Wed Aug 21 05:28:50 UTC 2019
auto.tcl: Setting watchdog for 200 seconds at Wed Aug 21 05:28:50 UTC 2019
3004 ms. Memory: 45056K Free: 16942K (38%)
ptolemy.util.test.WatchDog.cancel(): canceling Wed Aug 21 05:28:53 UTC 2019
------------------ testing $PTII/ptolemy/domains/de/test/auto/FSM1.xml
auto.tcl: Setting watchdog for 200 seconds at Wed Aug 21 05:28:53 UTC 2019
32 ms. Memory: 45056K Free: 18856K (42%)
ptolemy.util.test.WatchDog.cancel(): canceling Wed Aug 21 05:28:53 UTC 2019
auto.tcl: Setting watchdog for 200 seconds at Wed Aug 21 05:28:53 UTC 2019
18 ms. Memory: 45056K Free: 15595K (35%)
ptolemy.util.test.WatchDog.cancel(): canceling Wed Aug 21 05:28:53 UTC 2019
------------------ testing $PTII/ptolemy/domains/de/test/auto/FSM7.xml
auto.tcl: Setting watchdog for 200 seconds at Wed Aug 21 05:28:53 UTC 2019
32 ms. Memory: 45056K Free: 18753K (42%)
ptolemy.util.test.WatchDog.cancel(): canceling Wed Aug 21 05:28:53 UTC 2019
auto.tcl: Setting watchdog for 200 seconds at Wed Aug 21 05:28:53 UTC 2019
26 ms. Memory: 45056K Free: 15444K (34%)
ptolemy.util.test.WatchDog.cancel(): canceling Wed Aug 21 05:28:53 UTC 2019
------------------ testing $PTII/ptolemy/domains/de/test/auto/Inspection.xml
auto.tcl: Setting watchdog for 200 seconds at Wed Aug 21 05:28:53 UTC 2019
21 ms. Memory: 45056K Free: 18584K (41%)
ptolemy.util.test.WatchDog.cancel(): canceling Wed Aug 21 05:28:54 UTC 2019
auto.tcl: Setting watchdog for 200 seconds at Wed Aug 21 05:28:54 UTC 2019
24 ms. Memory: 45056K Free: 16848K (37%)
ptolemy.util.test.WatchDog.cancel(): canceling Wed Aug 21 05:28:54 UTC 2019
------------------ testing $PTII/ptolemy/domains/de/test/auto/Iteration.xml
auto.tcl: Setting watchdog for 200 seconds at Wed Aug 21 05:28:54 UTC 2019
6 ms. Memory: 45056K Free: 24297K (54%)
ptolemy.util.test.WatchDog.cancel(): canceling Wed Aug 21 05:28:54 UTC 2019
auto.tcl: Setting watchdog for 200 seconds at Wed Aug 21 05:28:54 UTC 2019
7 ms. Memory: 45056K Free: 22905K (51%)
ptolemy.util.test.WatchDog.cancel(): canceling Wed Aug 21 05:28:54 UTC 2019
------------------ testing $PTII/ptolemy/domains/de/test/auto/LineFault.xml
auto.tcl: Setting watchdog for 200 seconds at Wed Aug 21 05:28:54 UTC 2019
819 ms. Memory: 55296K Free: 37141K (67%)
ptolemy.util.test.WatchDog.cancel(): canceling Wed Aug 21 05:28:55 UTC 2019
auto.tcl: Setting watchdog for 200 seconds at Wed Aug 21 05:28:55 UTC 2019
622 ms. Memory: 55296K Free: 33156K (60%)
ptolemy.util.test.WatchDog.cancel(): canceling Wed Aug 21 05:28:55 UTC 2019
------------------ testing $PTII/ptolemy/domains/de/test/auto/MergeModel1Add.xml
auto.tcl: Setting watchdog for 200 seconds at Wed Aug 21 05:28:55 UTC 2019
18 ms. Memory: 51200K Free: 16417K (32%)
ptolemy.util.test.WatchDog.cancel(): canceling Wed Aug 21 05:28:56 UTC 2019
auto.tcl: Setting watchdog for 200 seconds at Wed Aug 21 05:28:56 UTC 2019
20 ms. Memory: 51200K Free: 14669K (29%)
ptolemy.util.test.WatchDog.cancel(): canceling Wed Aug 21 05:28:56 UTC 2019
------------------ testing $PTII/ptolemy/domains/de/test/auto/MergeModel2Add.xml
auto.tcl: Setting watchdog for 200 seconds at Wed Aug 21 05:28:56 UTC 2019
13 ms. Memory: 51200K Free: 18201K (36%)
ptolemy.util.test.WatchDog.cancel(): canceling Wed Aug 21 05:28:56 UTC 2019
auto.tcl: Setting watchdog for 200 seconds at Wed Aug 21 05:28:56 UTC 2019
10 ms. Memory: 51200K Free: 16462K (32%)
ptolemy.util.test.WatchDog.cancel(): canceling Wed Aug 21 05:28:56 UTC 2019
------------------ testing $PTII/ptolemy/domains/de/test/auto/MergeModel3Add.xml
auto.tcl: Setting watchdog for 200 seconds at Wed Aug 21 05:28:56 UTC 2019
10 ms. Memory: 48128K Free: 15387K (32%)
ptolemy.util.test.WatchDog.cancel(): canceling Wed Aug 21 05:28:56 UTC 2019
auto.tcl: Setting watchdog for 200 seconds at Wed Aug 21 05:28:56 UTC 2019
10 ms. Memory: 48128K Free: 13969K (29%)
ptolemy.util.test.WatchDog.cancel(): canceling Wed Aug 21 05:28:56 UTC 2019
------------------ testing $PTII/ptolemy/domains/de/test/auto/MergeWithoutDiscard.xml
auto.tcl: Setting watchdog for 200 seconds at Wed Aug 21 05:28:56 UTC 2019
1 ms. Memory: 48128K Free: 29972K (62%)
ptolemy.util.test.WatchDog.cancel(): canceling Wed Aug 21 05:28:56 UTC 2019
auto.tcl: Setting watchdog for 200 seconds at Wed Aug 21 05:28:56 UTC 2019
1 ms. Memory: 48128K Free: 29526K (61%)
ptolemy.util.test.WatchDog.cancel(): canceling Wed Aug 21 05:28:56 UTC 2019
------------------ testing $PTII/ptolemy/domains/de/test/auto/Modal1.xml
auto.tcl: Setting watchdog for 200 seconds at Wed Aug 21 05:28:56 UTC 2019
16 ms. Memory: 48128K Free: 22391K (47%)
ptolemy.util.test.WatchDog.cancel(): canceling Wed Aug 21 05:28:56 UTC 2019
auto.tcl: Setting watchdog for 200 seconds at Wed Aug 21 05:28:56 UTC 2019
18 ms. Memory: 48128K Free: 18856K (39%)
ptolemy.util.test.WatchDog.cancel(): canceling Wed Aug 21 05:28:56 UTC 2019
------------------ testing $PTII/ptolemy/domains/de/test/auto/Modal2.xml
auto.tcl: Setting watchdog for 200 seconds at Wed Aug 21 05:28:56 UTC 2019
21 ms. Memory: 48128K Free: 22269K (46%)
ptolemy.util.test.WatchDog.cancel(): canceling Wed Aug 21 05:28:56 UTC 2019
auto.tcl: Setting watchdog for 200 seconds at Wed Aug 21 05:28:56 UTC 2019
22 ms. Memory: 48128K Free: 18746K (39%)
ptolemy.util.test.WatchDog.cancel(): canceling Wed Aug 21 05:28:56 UTC 2019
------------------ testing $PTII/ptolemy/domains/de/test/auto/Modal3.xml
auto.tcl: Setting watchdog for 200 seconds at Wed Aug 21 05:28:56 UTC 2019
14 ms. Memory: 48128K Free: 21995K (46%)
ptolemy.util.test.WatchDog.cancel(): canceling Wed Aug 21 05:28:56 UTC 2019
auto.tcl: Setting watchdog for 200 seconds at Wed Aug 21 05:28:56 UTC 2019
19 ms. Memory: 48128K Free: 18750K (39%)
ptolemy.util.test.WatchDog.cancel(): canceling Wed Aug 21 05:28:56 UTC 2019
------------------ testing $PTII/ptolemy/domains/de/test/auto/Modal4.xml
auto.tcl: Setting watchdog for 200 seconds at Wed Aug 21 05:28:56 UTC 2019
27 ms. Memory: 48128K Free: 20992K (44%)
ptolemy.util.test.WatchDog.cancel(): canceling Wed Aug 21 05:28:56 UTC 2019
auto.tcl: Setting watchdog for 200 seconds at Wed Aug 21 05:28:56 UTC 2019
23 ms. Memory: 48128K Free: 17144K (36%)
ptolemy.util.test.WatchDog.cancel(): canceling Wed Aug 21 05:28:56 UTC 2019
------------------ testing $PTII/ptolemy/domains/de/test/auto/Modal5.xml
auto.tcl: Setting watchdog for 200 seconds at Wed Aug 21 05:28:56 UTC 2019
15 ms. Memory: 48128K Free: 20965K (44%)
ptolemy.util.test.WatchDog.cancel(): canceling Wed Aug 21 05:28:56 UTC 2019
auto.tcl: Setting watchdog for 200 seconds at Wed Aug 21 05:28:56 UTC 2019
15 ms. Memory: 48128K Free: 17349K (36%)
ptolemy.util.test.WatchDog.cancel(): canceling Wed Aug 21 05:28:56 UTC 2019
------------------ testing $PTII/ptolemy/domains/de/test/auto/Modal6.xml
auto.tcl: Setting watchdog for 200 seconds at Wed Aug 21 05:28:57 UTC 2019
16 ms. Memory: 48128K Free: 21740K (45%)
ptolemy.util.test.WatchDog.cancel(): canceling Wed Aug 21 05:28:57 UTC 2019
auto.tcl: Setting watchdog for 200 seconds at Wed Aug 21 05:28:57 UTC 2019
16 ms. Memory: 48128K Free: 18150K (38%)
ptolemy.util.test.WatchDog.cancel(): canceling Wed Aug 21 05:28:57 UTC 2019
------------------ testing $PTII/ptolemy/domains/de/test/auto/Modal7.xml
auto.tcl: Setting watchdog for 200 seconds at Wed Aug 21 05:28:57 UTC 2019
16 ms. Memory: 48128K Free: 20679K (43%)
ptolemy.util.test.WatchDog.cancel(): canceling Wed Aug 21 05:28:57 UTC 2019
auto.tcl: Setting watchdog for 200 seconds at Wed Aug 21 05:28:57 UTC 2019
11 ms. Memory: 48128K Free: 17358K (36%)
ptolemy.util.test.WatchDog.cancel(): canceling Wed Aug 21 05:28:57 UTC 2019
------------------ testing $PTII/ptolemy/domains/de/test/auto/ModalModel.xml
auto.tcl: Setting watchdog for 200 seconds at Wed Aug 21 05:28:57 UTC 2019
206 ms. Memory: 48128K Free: 11870K (25%)
ptolemy.util.test.WatchDog.cancel(): canceling Wed Aug 21 05:28:57 UTC 2019
auto.tcl: Setting watchdog for 200 seconds at Wed Aug 21 05:28:57 UTC 2019
211 ms. Memory: 58368K Free: 43441K (74%)
ptolemy.util.test.WatchDog.cancel(): canceling Wed Aug 21 05:28:57 UTC 2019
------------------ testing $PTII/ptolemy/domains/de/test/auto/ModalSource.xml
auto.tcl: Setting watchdog for 200 seconds at Wed Aug 21 05:28:57 UTC 2019
7 ms. Memory: 51200K Free: 28875K (56%)
ptolemy.util.test.WatchDog.cancel(): canceling Wed Aug 21 05:28:57 UTC 2019
auto.tcl: Setting watchdog for 200 seconds at Wed Aug 21 05:28:57 UTC 2019
6 ms. Memory: 51200K Free: 26827K (52%)
ptolemy.util.test.WatchDog.cancel(): canceling Wed Aug 21 05:28:57 UTC 2019
------------------ testing $PTII/ptolemy/domains/de/test/auto/NonInterruptibleTimerZeroDelay.xml
auto.tcl: Setting watchdog for 200 seconds at Wed Aug 21 05:28:57 UTC 2019
3 ms. Memory: 51200K Free: 33772K (66%)
ptolemy.util.test.WatchDog.cancel(): canceling Wed Aug 21 05:28:57 UTC 2019
auto.tcl: Setting watchdog for 200 seconds at Wed Aug 21 05:28:57 UTC 2019
2 ms. Memory: 51200K Free: 33135K (65%)
ptolemy.util.test.WatchDog.cancel(): canceling Wed Aug 21 05:28:57 UTC 2019
------------------ testing $PTII/ptolemy/domains/de/test/auto/OpenQueueingNetwork.xml
auto.tcl: Setting watchdog for 200 seconds at Wed Aug 21 05:28:57 UTC 2019
3254 ms. Memory: 121856K Free: 58508K (48%)
ptolemy.util.test.WatchDog.cancel(): canceling Wed Aug 21 05:29:01 UTC 2019
auto.tcl: Setting watchdog for 200 seconds at Wed Aug 21 05:29:01 UTC 2019
2912 ms. Memory: 146432K Free: 75413K (52%)
ptolemy.util.test.WatchDog.cancel(): canceling Wed Aug 21 05:29:04 UTC 2019
------------------ testing $PTII/ptolemy/domains/de/test/auto/OpenQueuingNetwork.xml
auto.tcl: Setting watchdog for 200 seconds at Wed Aug 21 05:29:04 UTC 2019
274 ms. Memory: 51200K Free: 17335K (34%)
ptolemy.util.test.WatchDog.cancel(): canceling Wed Aug 21 05:29:04 UTC 2019
auto.tcl: Setting watchdog for 200 seconds at Wed Aug 21 05:29:04 UTC 2019
262 ms. Memory: 51200K Free: 21702K (42%)
ptolemy.util.test.WatchDog.cancel(): canceling Wed Aug 21 05:29:04 UTC 2019
------------------ testing $PTII/ptolemy/domains/de/test/auto/PeriodicSampler.xml
auto.tcl: Setting watchdog for 200 seconds at Wed Aug 21 05:29:04 UTC 2019
4 ms. Memory: 51200K Free: 33009K (64%)
ptolemy.util.test.WatchDog.cancel(): canceling Wed Aug 21 05:29:04 UTC 2019
auto.tcl: Setting watchdog for 200 seconds at Wed Aug 21 05:29:04 UTC 2019
2 ms. Memory: 51200K Free: 32505K (63%)
ptolemy.util.test.WatchDog.cancel(): canceling Wed Aug 21 05:29:04 UTC 2019
------------------ testing $PTII/ptolemy/domains/de/test/auto/PersistentIO.xml
auto.tcl: Setting watchdog for 200 seconds at Wed Aug 21 05:29:05 UTC 2019
20 ms. Memory: 48128K Free: 24845K (52%)
ptolemy.util.test.WatchDog.cancel(): canceling Wed Aug 21 05:29:05 UTC 2019
auto.tcl: Setting watchdog for 200 seconds at Wed Aug 21 05:29:05 UTC 2019
5 ms. Memory: 48128K Free: 23418K (49%)
ptolemy.util.test.WatchDog.cancel(): canceling Wed Aug 21 05:29:05 UTC 2019
------------------ testing $PTII/ptolemy/domains/de/test/auto/PortParameterResetOnInitialize.xml
auto.tcl: Setting watchdog for 200 seconds at Wed Aug 21 05:29:05 UTC 2019
8 ms. Memory: 48128K Free: 29845K (62%)
ptolemy.util.test.WatchDog.cancel(): canceling Wed Aug 21 05:29:05 UTC 2019
auto.tcl: Setting watchdog for 200 seconds at Wed Aug 21 05:29:05 UTC 2019
2 ms. Memory: 48128K Free: 29368K (61%)
ptolemy.util.test.WatchDog.cancel(): canceling Wed Aug 21 05:29:05 UTC 2019
------------------ testing $PTII/ptolemy/domains/de/test/auto/PortParameterUpdates.xml
auto.tcl: Setting watchdog for 200 seconds at Wed Aug 21 05:29:05 UTC 2019
3 ms. Memory: 48128K Free: 27913K (58%)
ptolemy.util.test.WatchDog.cancel(): canceling Wed Aug 21 05:29:05 UTC 2019
auto.tcl: Setting watchdog for 200 seconds at Wed Aug 21 05:29:05 UTC 2019
3 ms. Memory: 48128K Free: 26476K (55%)
ptolemy.util.test.WatchDog.cancel(): canceling Wed Aug 21 05:29:05 UTC 2019
------------------ testing $PTII/ptolemy/domains/de/test/auto/QueueAndServer.xml
auto.tcl: Setting watchdog for 200 seconds at Wed Aug 21 05:29:05 UTC 2019
15 ms. Memory: 48128K Free: 27129K (56%)
ptolemy.util.test.WatchDog.cancel(): canceling Wed Aug 21 05:29:05 UTC 2019
auto.tcl: Setting watchdog for 200 seconds at Wed Aug 21 05:29:05 UTC 2019
7 ms. Memory: 48128K Free: 25448K (53%)
ptolemy.util.test.WatchDog.cancel(): canceling Wed Aug 21 05:29:05 UTC 2019
------------------ testing $PTII/ptolemy/domains/de/test/auto/Records.xml
auto.tcl: Setting watchdog for 200 seconds at Wed Aug 21 05:29:05 UTC 2019
3 ms. Memory: 48128K Free: 29388K (61%)
ptolemy.util.test.WatchDog.cancel(): canceling Wed Aug 21 05:29:05 UTC 2019
auto.tcl: Setting watchdog for 200 seconds at Wed Aug 21 05:29:05 UTC 2019
2 ms. Memory: 48128K Free: 28909K (60%)
ptolemy.util.test.WatchDog.cancel(): canceling Wed Aug 21 05:29:05 UTC 2019
------------------ testing $PTII/ptolemy/domains/de/test/auto/ResetTransitionWithStartTime1.xml
auto.tcl: Setting watchdog for 200 seconds at Wed Aug 21 05:29:05 UTC 2019
12 ms. Memory: 48128K Free: 26345K (55%)
ptolemy.util.test.WatchDog.cancel(): canceling Wed Aug 21 05:29:05 UTC 2019
auto.tcl: Setting watchdog for 200 seconds at Wed Aug 21 05:29:05 UTC 2019
6 ms. Memory: 48128K Free: 24297K (50%)
ptolemy.util.test.WatchDog.cancel(): canceling Wed Aug 21 05:29:05 UTC 2019
------------------ testing $PTII/ptolemy/domains/de/test/auto/ResetTransitionWithStartTime2.xml
auto.tcl: Setting watchdog for 200 seconds at Wed Aug 21 05:29:05 UTC 2019
6 ms. Memory: 48128K Free: 26300K (55%)
ptolemy.util.test.WatchDog.cancel(): canceling Wed Aug 21 05:29:05 UTC 2019
auto.tcl: Setting watchdog for 200 seconds at Wed Aug 21 05:29:05 UTC 2019
6 ms. Memory: 48128K Free: 23759K (49%)
ptolemy.util.test.WatchDog.cancel(): canceling Wed Aug 21 05:29:05 UTC 2019
------------------ testing $PTII/ptolemy/domains/de/test/auto/ResetTransitionWithStartTime3.xml
auto.tcl: Setting watchdog for 200 seconds at Wed Aug 21 05:29:05 UTC 2019
9 ms. Memory: 48128K Free: 26299K (55%)
ptolemy.util.test.WatchDog.cancel(): canceling Wed Aug 21 05:29:05 UTC 2019
auto.tcl: Setting watchdog for 200 seconds at Wed Aug 21 05:29:05 UTC 2019
6 ms. Memory: 48128K Free: 24304K (50%)
ptolemy.util.test.WatchDog.cancel(): canceling Wed Aug 21 05:29:05 UTC 2019
------------------ testing $PTII/ptolemy/domains/de/test/auto/ResetTransitionWithStartTime4.xml
auto.tcl: Setting watchdog for 200 seconds at Wed Aug 21 05:29:05 UTC 2019
10 ms. Memory: 48128K Free: 26757K (56%)
ptolemy.util.test.WatchDog.cancel(): canceling Wed Aug 21 05:29:05 UTC 2019
auto.tcl: Setting watchdog for 200 seconds at Wed Aug 21 05:29:05 UTC 2019
4 ms. Memory: 48128K Free: 25343K (53%)
ptolemy.util.test.WatchDog.cancel(): canceling Wed Aug 21 05:29:05 UTC 2019
------------------ testing $PTII/ptolemy/domains/de/test/auto/ResettableTimer1.xml
auto.tcl: Setting watchdog for 200 seconds at Wed Aug 21 05:29:05 UTC 2019
3 ms. Memory: 48128K Free: 30534K (63%)
ptolemy.util.test.WatchDog.cancel(): canceling Wed Aug 21 05:29:05 UTC 2019
auto.tcl: Setting watchdog for 200 seconds at Wed Aug 21 05:29:05 UTC 2019
2 ms. Memory: 48128K Free: 29880K (62%)
ptolemy.util.test.WatchDog.cancel(): canceling Wed Aug 21 05:29:05 UTC 2019
------------------ testing $PTII/ptolemy/domains/de/test/auto/ResettableTimer2.xml
auto.tcl: Setting watchdog for 200 seconds at Wed Aug 21 05:29:05 UTC 2019
2 ms. Memory: 48128K Free: 30561K (63%)
ptolemy.util.test.WatchDog.cancel(): canceling Wed Aug 21 05:29:05 UTC 2019
auto.tcl: Setting watchdog for 200 seconds at Wed Aug 21 05:29:05 UTC 2019
2 ms. Memory: 48128K Free: 29477K (61%)
ptolemy.util.test.WatchDog.cancel(): canceling Wed Aug 21 05:29:05 UTC 2019
------------------ testing $PTII/ptolemy/domains/de/test/auto/ResettableTimer3.xml
auto.tcl: Setting watchdog for 200 seconds at Wed Aug 21 05:29:05 UTC 2019
1 ms. Memory: 48128K Free: 30443K (63%)
ptolemy.util.test.WatchDog.cancel(): canceling Wed Aug 21 05:29:05 UTC 2019
auto.tcl: Setting watchdog for 200 seconds at Wed Aug 21 05:29:05 UTC 2019
2 ms. Memory: 48128K Free: 29968K (62%)
ptolemy.util.test.WatchDog.cancel(): canceling Wed Aug 21 05:29:05 UTC 2019
------------------ testing $PTII/ptolemy/domains/de/test/auto/ResettableTimer4.xml
auto.tcl: Setting watchdog for 200 seconds at Wed Aug 21 05:29:06 UTC 2019
1 ms. Memory: 48128K Free: 30471K (63%)
ptolemy.util.test.WatchDog.cancel(): canceling Wed Aug 21 05:29:06 UTC 2019
auto.tcl: Setting watchdog for 200 seconds at Wed Aug 21 05:29:06 UTC 2019
1 ms. Memory: 48128K Free: 29981K (62%)
ptolemy.util.test.WatchDog.cancel(): canceling Wed Aug 21 05:29:06 UTC 2019
------------------ testing $PTII/ptolemy/domains/de/test/auto/ResettableTimer5.xml
auto.tcl: Setting watchdog for 200 seconds at Wed Aug 21 05:29:06 UTC 2019
2 ms. Memory: 48128K Free: 29899K (62%)
ptolemy.util.test.WatchDog.cancel(): canceling Wed Aug 21 05:29:06 UTC 2019
auto.tcl: Setting watchdog for 200 seconds at Wed Aug 21 05:29:06 UTC 2019
2 ms. Memory: 48128K Free: 29438K (61%)
ptolemy.util.test.WatchDog.cancel(): canceling Wed Aug 21 05:29:06 UTC 2019
------------------ testing $PTII/ptolemy/domains/de/test/auto/ResettableTimer6.xml
auto.tcl: Setting watchdog for 200 seconds at Wed Aug 21 05:29:06 UTC 2019
1 ms. Memory: 48128K Free: 29906K (62%)
ptolemy.util.test.WatchDog.cancel(): canceling Wed Aug 21 05:29:06 UTC 2019
auto.tcl: Setting watchdog for 200 seconds at Wed Aug 21 05:29:06 UTC 2019
1 ms. Memory: 48128K Free: 29428K (61%)
ptolemy.util.test.WatchDog.cancel(): canceling Wed Aug 21 05:29:06 UTC 2019
------------------ testing $PTII/ptolemy/domains/de/test/auto/ServerZeroDelay.xml
auto.tcl: Setting watchdog for 200 seconds at Wed Aug 21 05:29:06 UTC 2019
3 ms. Memory: 48128K Free: 30425K (63%)
ptolemy.util.test.WatchDog.cancel(): canceling Wed Aug 21 05:29:06 UTC 2019
auto.tcl: Setting watchdog for 200 seconds at Wed Aug 21 05:29:06 UTC 2019
2 ms. Memory: 48128K Free: 29499K (61%)
ptolemy.util.test.WatchDog.cancel(): canceling Wed Aug 21 05:29:06 UTC 2019
------------------ testing $PTII/ptolemy/domains/de/test/auto/SmartSender.xml
auto.tcl: Setting watchdog for 200 seconds at Wed Aug 21 05:29:06 UTC 2019
3001 ms. Memory: 48128K Free: 30468K (63%)
ptolemy.util.test.WatchDog.cancel(): canceling Wed Aug 21 05:29:09 UTC 2019
auto.tcl: Setting watchdog for 200 seconds at Wed Aug 21 05:29:09 UTC 2019
3001 ms. Memory: 48128K Free: 29926K (62%)
ptolemy.util.test.WatchDog.cancel(): canceling Wed Aug 21 05:29:12 UTC 2019
------------------ testing $PTII/ptolemy/domains/de/test/auto/ThreadedComposite.xml
auto.tcl: Setting watchdog for 200 seconds at Wed Aug 21 05:29:12 UTC 2019
211 ms. Memory: 48128K Free: 11487K (24%)
ptolemy.util.test.WatchDog.cancel(): canceling Wed Aug 21 05:29:12 UTC 2019
auto.tcl: Setting watchdog for 200 seconds at Wed Aug 21 05:29:12 UTC 2019
140 ms. Memory: 58368K Free: 34839K (60%)
ptolemy.util.test.WatchDog.cancel(): canceling Wed Aug 21 05:29:12 UTC 2019
------------------ testing $PTII/ptolemy/domains/de/test/auto/Time.xml
auto.tcl: Setting watchdog for 200 seconds at Wed Aug 21 05:29:12 UTC 2019
560 ms. Memory: 51200K Free: 33644K (66%)
ptolemy.util.test.WatchDog.cancel(): canceling Wed Aug 21 05:29:13 UTC 2019
auto.tcl: Setting watchdog for 200 seconds at Wed Aug 21 05:29:13 UTC 2019
557 ms. Memory: 51200K Free: 34275K (67%)
ptolemy.util.test.WatchDog.cancel(): canceling Wed Aug 21 05:29:13 UTC 2019
------------------ testing $PTII/ptolemy/domains/de/test/auto/TimeDelayZeroDelay.xml
auto.tcl: Setting watchdog for 200 seconds at Wed Aug 21 05:29:13 UTC 2019
2 ms. Memory: 48128K Free: 30350K (63%)
ptolemy.util.test.WatchDog.cancel(): canceling Wed Aug 21 05:29:13 UTC 2019
auto.tcl: Setting watchdog for 200 seconds at Wed Aug 21 05:29:13 UTC 2019
2 ms. Memory: 48128K Free: 29474K (61%)
ptolemy.util.test.WatchDog.cancel(): canceling Wed Aug 21 05:29:14 UTC 2019
------------------ testing $PTII/ptolemy/domains/de/test/auto/TimerZeroDelay.xml
auto.tcl: Setting watchdog for 200 seconds at Wed Aug 21 05:29:14 UTC 2019
2 ms. Memory: 48128K Free: 30393K (63%)
ptolemy.util.test.WatchDog.cancel(): canceling Wed Aug 21 05:29:14 UTC 2019
auto.tcl: Setting watchdog for 200 seconds at Wed Aug 21 05:29:14 UTC 2019
2 ms. Memory: 48128K Free: 29965K (62%)
ptolemy.util.test.WatchDog.cancel(): canceling Wed Aug 21 05:29:14 UTC 2019
------------------ testing $PTII/ptolemy/domains/de/test/auto/TimingParadox.xml
auto.tcl: Setting watchdog for 200 seconds at Wed Aug 21 05:29:14 UTC 2019
424 ms. Memory: 48128K Free: 13431K (28%)
ptolemy.util.test.WatchDog.cancel(): canceling Wed Aug 21 05:29:14 UTC 2019
auto.tcl: Setting watchdog for 200 seconds at Wed Aug 21 05:29:14 UTC 2019
412 ms. Memory: 48128K Free: 25103K (52%)
ptolemy.util.test.WatchDog.cancel(): canceling Wed Aug 21 05:29:15 UTC 2019
------------------ testing $PTII/ptolemy/domains/de/test/auto/TransferInputs.xml
auto.tcl: Setting watchdog for 200 seconds at Wed Aug 21 05:29:15 UTC 2019
2 ms. Memory: 48128K Free: 28844K (60%)
ptolemy.util.test.WatchDog.cancel(): canceling Wed Aug 21 05:29:15 UTC 2019
auto.tcl: Setting watchdog for 200 seconds at Wed Aug 21 05:29:15 UTC 2019
2 ms. Memory: 48128K Free: 28015K (58%)
ptolemy.util.test.WatchDog.cancel(): canceling Wed Aug 21 05:29:15 UTC 2019
------------------ testing $PTII/ptolemy/domains/de/test/auto/TransferOutputs2.xml
auto.tcl: Setting watchdog for 200 seconds at Wed Aug 21 05:29:15 UTC 2019
3 ms. Memory: 48128K Free: 26302K (55%)
ptolemy.util.test.WatchDog.cancel(): canceling Wed Aug 21 05:29:15 UTC 2019
auto.tcl: Setting watchdog for 200 seconds at Wed Aug 21 05:29:15 UTC 2019
3 ms. Memory: 48128K Free: 24923K (52%)
ptolemy.util.test.WatchDog.cancel(): canceling Wed Aug 21 05:29:15 UTC 2019
------------------ testing $PTII/ptolemy/domains/de/test/auto/Trilateration.xml
auto.tcl: Setting watchdog for 200 seconds at Wed Aug 21 05:29:15 UTC 2019
14239 ms. Memory: 506880K Free: 422375K (83%)
ptolemy.util.test.WatchDog.cancel(): canceling Wed Aug 21 05:29:30 UTC 2019
auto.tcl: Setting watchdog for 200 seconds at Wed Aug 21 05:29:30 UTC 2019
10930 ms. Memory: 506880K Free: 475839K (94%)
ptolemy.util.test.WatchDog.cancel(): canceling Wed Aug 21 05:29:41 UTC 2019
------------------ testing $PTII/ptolemy/domains/de/test/auto/TwoSigmaDelta.xml
auto.tcl: Setting watchdog for 200 seconds at Wed Aug 21 05:29:41 UTC 2019
2681 ms. Memory: 89088K Free: 13159K (15%)
ptolemy.util.test.WatchDog.cancel(): canceling Wed Aug 21 05:29:44 UTC 2019
auto.tcl: Setting watchdog for 200 seconds at Wed Aug 21 05:29:44 UTC 2019
2036 ms. Memory: 89088K Free: 57724K (65%)
ptolemy.util.test.WatchDog.cancel(): canceling Wed Aug 21 05:29:46 UTC 2019
------------------ testing $PTII/ptolemy/domains/de/test/auto/VariableDelay.xml
auto.tcl: Setting watchdog for 200 seconds at Wed Aug 21 05:29:46 UTC 2019
3 ms. Memory: 51200K Free: 32424K (63%)
ptolemy.util.test.WatchDog.cancel(): canceling Wed Aug 21 05:29:46 UTC 2019
auto.tcl: Setting watchdog for 200 seconds at Wed Aug 21 05:29:46 UTC 2019
2 ms. Memory: 51200K Free: 31384K (61%)
ptolemy.util.test.WatchDog.cancel(): canceling Wed Aug 21 05:29:46 UTC 2019
------------------ testing $PTII/ptolemy/domains/de/test/auto/VariableDelay2.xml
auto.tcl: Setting watchdog for 200 seconds at Wed Aug 21 05:29:46 UTC 2019
11 ms. Memory: 51200K Free: 32829K (64%)
ptolemy.util.test.WatchDog.cancel(): canceling Wed Aug 21 05:29:46 UTC 2019
auto.tcl: Setting watchdog for 200 seconds at Wed Aug 21 05:29:46 UTC 2019
1 ms. Memory: 51200K Free: 32325K (63%)
ptolemy.util.test.WatchDog.cancel(): canceling Wed Aug 21 05:29:46 UTC 2019
------------------ testing $PTII/ptolemy/domains/de/test/auto/VariableDelayZeroDelay.xml
auto.tcl: Setting watchdog for 200 seconds at Wed Aug 21 05:29:46 UTC 2019
2 ms. Memory: 51200K Free: 33348K (65%)
ptolemy.util.test.WatchDog.cancel(): canceling Wed Aug 21 05:29:46 UTC 2019
auto.tcl: Setting watchdog for 200 seconds at Wed Aug 21 05:29:46 UTC 2019
2 ms. Memory: 51200K Free: 32834K (64%)
ptolemy.util.test.WatchDog.cancel(): canceling Wed Aug 21 05:29:46 UTC 2019
------------------ testing $PTII/ptolemy/domains/de/test/auto/VariableDelayZeroDelay2.xml
auto.tcl: Setting watchdog for 200 seconds at Wed Aug 21 05:29:46 UTC 2019
2 ms. Memory: 51200K Free: 33347K (65%)
ptolemy.util.test.WatchDog.cancel(): canceling Wed Aug 21 05:29:46 UTC 2019
auto.tcl: Setting watchdog for 200 seconds at Wed Aug 21 05:29:46 UTC 2019
2 ms. Memory: 51200K Free: 32323K (63%)
ptolemy.util.test.WatchDog.cancel(): canceling Wed Aug 21 05:29:46 UTC 2019
------------------ testing $PTII/ptolemy/domains/de/test/auto/deInCt.xml
auto.tcl: Setting watchdog for 200 seconds at Wed Aug 21 05:29:46 UTC 2019
0
1
1
1
0
0
0
1
1
1
0
0
0
1
1
1
0
0
0
1
1
1
0
0
1
1
1
1
0
0
1
1
1
0
0
1
1
1
0
0
0
1
1
0
0
0
1
1
1
1
0
0
0
0
0
21 ms. Memory: 51200K Free: 32321K (63%)
ptolemy.util.test.WatchDog.cancel(): canceling Wed Aug 21 05:29:46 UTC 2019
auto.tcl: Setting watchdog for 200 seconds at Wed Aug 21 05:29:46 UTC 2019
0
1
1
1
0
0
0
1
1
1
0
0
1
1
1
0
0
0
1
1
1
1
0
0
0
0
1
1
1
0
0
0
0
0
1
1
1
1
0
0
0
1
1
1
1
1
11 ms. Memory: 51200K Free: 30783K (60%)
ptolemy.util.test.WatchDog.cancel(): canceling Wed Aug 21 05:29:46 UTC 2019
------------------ testing $PTII/ptolemy/domains/de/test/auto/deInCt2.xml
auto.tcl: Setting watchdog for 200 seconds at Wed Aug 21 05:29:46 UTC 2019
0
1
1
1
0
0
1
1
1
0
0
1
1
1
0
0
1
1
1
0
0
1
1
1
0
0
1
1
1
0
0
1
1
1
0
0
1
1
1
0
0
0
5 ms. Memory: 48128K Free: 29251K (61%)
ptolemy.util.test.WatchDog.cancel(): canceling Wed Aug 21 05:29:46 UTC 2019
auto.tcl: Setting watchdog for 200 seconds at Wed Aug 21 05:29:46 UTC 2019
0
1
1
1
0
0
1
1
1
0
0
1
1
1
0
0
1
1
1
0
0
1
1
1
0
0
1
1
1
0
0
1
1
1
0
0
1
1
1
0
0
0
5 ms. Memory: 48128K Free: 27713K (58%)
ptolemy.util.test.WatchDog.cancel(): canceling Wed Aug 21 05:29:46 UTC 2019
------------------ testing $PTII/ptolemy/domains/de/test/auto/dynamicCausalityInterface1.xml
auto.tcl: Setting watchdog for 200 seconds at Wed Aug 21 05:29:47 UTC 2019
2 ms. Memory: 48128K Free: 25149K (52%)
ptolemy.util.test.WatchDog.cancel(): canceling Wed Aug 21 05:29:47 UTC 2019
auto.tcl: Setting watchdog for 200 seconds at Wed Aug 21 05:29:47 UTC 2019
1 ms. Memory: 48128K Free: 24635K (51%)
ptolemy.util.test.WatchDog.cancel(): canceling Wed Aug 21 05:29:47 UTC 2019
------------------ testing $PTII/ptolemy/domains/de/test/auto/fsm_de_test.xml
auto.tcl: Setting watchdog for 200 seconds at Wed Aug 21 05:29:47 UTC 2019
8 ms. Memory: 48128K Free: 25048K (52%)
ptolemy.util.test.WatchDog.cancel(): canceling Wed Aug 21 05:29:47 UTC 2019
auto.tcl: Setting watchdog for 200 seconds at Wed Aug 21 05:29:47 UTC 2019
5 ms. Memory: 48128K Free: 23024K (48%)
ptolemy.util.test.WatchDog.cancel(): canceling Wed Aug 21 05:29:47 UTC 2019
------------------ testing $PTII/ptolemy/domains/de/test/auto/functionDependencyReconstruction.xml
auto.tcl: Setting watchdog for 200 seconds at Wed Aug 21 05:29:47 UTC 2019
3 ms. Memory: 48128K Free: 18893K (39%)
ptolemy.util.test.WatchDog.cancel(): canceling Wed Aug 21 05:29:47 UTC 2019
auto.tcl: Setting watchdog for 200 seconds at Wed Aug 21 05:29:47 UTC 2019
3 ms. Memory: 48128K Free: 16845K (35%)
ptolemy.util.test.WatchDog.cancel(): canceling Wed Aug 21 05:29:47 UTC 2019
------------------ testing $PTII/ptolemy/domains/de/test/auto/multirate.xml
auto.tcl: Setting watchdog for 200 seconds at Wed Aug 21 05:29:47 UTC 2019
6 ms. Memory: 48128K Free: 27652K (57%)
ptolemy.util.test.WatchDog.cancel(): canceling Wed Aug 21 05:29:47 UTC 2019
auto.tcl: Setting watchdog for 200 seconds at Wed Aug 21 05:29:47 UTC 2019
3 ms. Memory: 48128K Free: 25959K (54%)
ptolemy.util.test.WatchDog.cancel(): canceling Wed Aug 21 05:29:47 UTC 2019
------------------ testing $PTII/ptolemy/domains/de/test/auto/multirate2.xml
auto.tcl: Setting watchdog for 200 seconds at Wed Aug 21 05:29:47 UTC 2019
3 ms. Memory: 48128K Free: 27643K (57%)
ptolemy.util.test.WatchDog.cancel(): canceling Wed Aug 21 05:29:47 UTC 2019
auto.tcl: Setting watchdog for 200 seconds at Wed Aug 21 05:29:47 UTC 2019
2 ms. Memory: 48128K Free: 26148K (54%)
ptolemy.util.test.WatchDog.cancel(): canceling Wed Aug 21 05:29:47 UTC 2019
------------------ testing $PTII/ptolemy/domains/de/test/auto/realtime.xml
auto.tcl: Setting watchdog for 200 seconds at Wed Aug 21 05:29:47 UTC 2019
10001 ms. Memory: 48128K Free: 29950K (62%)
ptolemy.util.test.WatchDog.cancel(): canceling Wed Aug 21 05:29:57 UTC 2019
auto.tcl: Setting watchdog for 200 seconds at Wed Aug 21 05:29:57 UTC 2019
10001 ms. Memory: 48128K Free: 29194K (61%)
ptolemy.util.test.WatchDog.cancel(): canceling Wed Aug 21 05:30:07 UTC 2019
------------------ testing $PTII/ptolemy/domains/de/test/auto/relationGroup.xml
auto.tcl: Setting watchdog for 200 seconds at Wed Aug 21 05:30:07 UTC 2019
1 ms. Memory: 48128K Free: 31031K (64%)
ptolemy.util.test.WatchDog.cancel(): canceling Wed Aug 21 05:30:07 UTC 2019
auto.tcl: Setting watchdog for 200 seconds at Wed Aug 21 05:30:07 UTC 2019
1 ms. Memory: 48128K Free: 30543K (63%)
ptolemy.util.test.WatchDog.cancel(): canceling Wed Aug 21 05:30:07 UTC 2019
------------------ testing $PTII/ptolemy/domains/de/test/auto/relationGroup2.xml
auto.tcl: Setting watchdog for 200 seconds at Wed Aug 21 05:30:07 UTC 2019
1 ms. Memory: 48128K Free: 30810K (64%)
ptolemy.util.test.WatchDog.cancel(): canceling Wed Aug 21 05:30:07 UTC 2019
auto.tcl: Setting watchdog for 200 seconds at Wed Aug 21 05:30:07 UTC 2019
1 ms. Memory: 48128K Free: 30314K (63%)
ptolemy.util.test.WatchDog.cancel(): canceling Wed Aug 21 05:30:07 UTC 2019
------------------ testing $PTII/ptolemy/domains/de/test/auto/sortWithOpaquePorts.xml
auto.tcl: Setting watchdog for 200 seconds at Wed Aug 21 05:30:07 UTC 2019
1 ms. Memory: 48128K Free: 30301K (63%)
ptolemy.util.test.WatchDog.cancel(): canceling Wed Aug 21 05:30:07 UTC 2019
auto.tcl: Setting watchdog for 200 seconds at Wed Aug 21 05:30:07 UTC 2019
2 ms. Memory: 48128K Free: 28788K (60%)
ptolemy.util.test.WatchDog.cancel(): canceling Wed Aug 21 05:30:07 UTC 2019
------------------ testing $PTII/ptolemy/domains/de/test/auto/transferInputsandOutputs.xml
auto.tcl: Setting watchdog for 200 seconds at Wed Aug 21 05:30:07 UTC 2019
3 ms. Memory: 48128K Free: 27217K (57%)
ptolemy.util.test.WatchDog.cancel(): canceling Wed Aug 21 05:30:07 UTC 2019
auto.tcl: Setting watchdog for 200 seconds at Wed Aug 21 05:30:07 UTC 2019
2 ms. Memory: 48128K Free: 26232K (55%)
ptolemy.util.test.WatchDog.cancel(): canceling Wed Aug 21 05:30:07 UTC 2019
------------------ testing $PTII/ptolemy/domains/de/test/auto/triggerType.xml
auto.tcl: Setting watchdog for 200 seconds at Wed Aug 21 05:30:07 UTC 2019
2 ms. Memory: 48128K Free: 30241K (63%)
ptolemy.util.test.WatchDog.cancel(): canceling Wed Aug 21 05:30:07 UTC 2019
auto.tcl: Setting watchdog for 200 seconds at Wed Aug 21 05:30:07 UTC 2019
1 ms. Memory: 48128K Free: 29217K (61%)
ptolemy.util.test.WatchDog.cancel(): canceling Wed Aug 21 05:30:07 UTC 2019
08/21/19 05:30:07
Failed: 0  Total Tests: 192  ((Passed: 187, Newly Passed: 1)  Known Failed: 5) /home/travis/build/icyphy/ptII/ptolemy/domains/de/test
08/21/19 05:30:07
Failed: 0  Total Tests: 192  ((Passed: 187, Newly Passed: 1)  Known Failed: 5) /home/travis/build/icyphy/ptII/ptolemy/domains/de/test
----------------- testing (KnownFailure) /home/travis/build/icyphy/ptII/ptolemy/domains/de/test/auto/knownFailedTests/DESDFClockTest.xml
2017 ms. Memory: 48128K Free: 23636K (49%)
Known Failure: java.lang.reflect.InvocationTargetException
----------------- testing (KnownFailure) /home/travis/build/icyphy/ptII/ptolemy/domains/de/test/auto/knownFailedTests/DirectFeedback.xml
2 ms. Memory: 48128K Free: 19540K (41%)
Known Failure: java.lang.reflect.InvocationTargetException
----------------- testing (KnownFailure) /home/travis/build/icyphy/ptII/ptolemy/domains/de/test/auto/knownFailedTests/FSMSource.xml
22 ms. Memory: 48128K Free: 11862K (25%)
----------------- testing (KnownFailure) /home/travis/build/icyphy/ptII/ptolemy/domains/de/test/auto/knownFailedTests/HierarchicalModel.xml
2 ms. Memory: 48128K Free: 23042K (48%)
Known Failure: java.lang.reflect.InvocationTargetException
----------------- testing (KnownFailure) /home/travis/build/icyphy/ptII/ptolemy/domains/de/test/auto/knownFailedTests/dependencyLoop.xml
3 ms. Memory: 48128K Free: 7684K (16%)
Known Failure: java.lang.reflect.InvocationTargetException
----------------- testing (KnownFailure) /home/travis/build/icyphy/ptII/ptolemy/domains/de/test/auto/knownFailedTests/dependencyLoop2.xml
8 ms. Memory: 48128K Free: 20112K (42%)
Known Failure: java.lang.reflect.InvocationTargetException
No auto/linux-amd64/*.xml tests in /home/travis/build/icyphy/ptII/ptolemy/domains/de/test
AutoTests.java: About to close Vertx.
AutoTests.java: Vertx closed.

===========================================================================================
----------------- testing Wed Aug 21 05:30:10 UTC 2019 /home/travis/build/icyphy/ptII/ptolemy/domains/de/test/auto/ActorDepthCalculation_actorWithoutPorts.xml
----------------- Instantiating /home/travis/build/icyphy/ptII/ptolemy/domains/de/test/auto/ActorDepthCalculation_actorWithoutPorts.xml
4 ms. Memory: 48128K Free: 13227K (27%)
----------------- Invoking toplevel() on ptolemy.moml.MoMLSimpleApplication@85866a2
----------------- Done invoking toplevel() on ptolemy.moml.MoMLSimpleApplication@85866a2
reloadAllAccessors: .ActorDepthCalculation_actorWithoutPorts

===========================================================================================
----------------- testing Wed Aug 21 05:30:10 UTC 2019 /home/travis/build/icyphy/ptII/ptolemy/domains/de/test/auto/AssemblyLine.xml
----------------- Instantiating /home/travis/build/icyphy/ptII/ptolemy/domains/de/test/auto/AssemblyLine.xml
3 ms. Memory: 48128K Free: 32707K (68%)
----------------- Invoking toplevel() on ptolemy.moml.MoMLSimpleApplication@75349d0
----------------- Done invoking toplevel() on ptolemy.moml.MoMLSimpleApplication@75349d0
reloadAllAccessors: .AssemblyLine

===========================================================================================
----------------- testing Wed Aug 21 05:30:10 UTC 2019 /home/travis/build/icyphy/ptII/ptolemy/domains/de/test/auto/CQBug1.xml
----------------- Instantiating /home/travis/build/icyphy/ptII/ptolemy/domains/de/test/auto/CQBug1.xml
1 ms. Memory: 48128K Free: 29619K (62%)
----------------- Invoking toplevel() on ptolemy.moml.MoMLSimpleApplication@74e87ab1
----------------- Done invoking toplevel() on ptolemy.moml.MoMLSimpleApplication@74e87ab1
reloadAllAccessors: .CQBug1

===========================================================================================
----------------- testing Wed Aug 21 05:30:10 UTC 2019 /home/travis/build/icyphy/ptII/ptolemy/domains/de/test/auto/CancelFireAt.xml
----------------- Instantiating /home/travis/build/icyphy/ptII/ptolemy/domains/de/test/auto/CancelFireAt.xml
11 ms. Memory: 48128K Free: 27044K (56%)
----------------- Invoking toplevel() on ptolemy.moml.MoMLSimpleApplication@1ac95b22
----------------- Done invoking toplevel() on ptolemy.moml.MoMLSimpleApplication@1ac95b22
reloadAllAccessors: .CancelFireAt

===========================================================================================
----------------- testing Wed Aug 21 05:30:10 UTC 2019 /home/travis/build/icyphy/ptII/ptolemy/domains/de/test/auto/CausalityAndComposabilityAnalysis.xml
----------------- Instantiating /home/travis/build/icyphy/ptII/ptolemy/domains/de/test/auto/CausalityAndComposabilityAnalysis.xml
1 ms. Memory: 48128K Free: 22765K (47%)
----------------- Invoking toplevel() on ptolemy.moml.MoMLSimpleApplication@25175498
----------------- Done invoking toplevel() on ptolemy.moml.MoMLSimpleApplication@25175498
reloadAllAccessors: .CausalityAndComposabilityAnalysis

===========================================================================================
----------------- testing Wed Aug 21 05:30:10 UTC 2019 /home/travis/build/icyphy/ptII/ptolemy/domains/de/test/auto/CausalityInterface1.xml
----------------- Instantiating /home/travis/build/icyphy/ptII/ptolemy/domains/de/test/auto/CausalityInterface1.xml
4 ms. Memory: 48128K Free: 18056K (38%)
----------------- Invoking toplevel() on ptolemy.moml.MoMLSimpleApplication@1f4aa0b3
----------------- Done invoking toplevel() on ptolemy.moml.MoMLSimpleApplication@1f4aa0b3
reloadAllAccessors: .CausalityInterface1

===========================================================================================
----------------- testing Wed Aug 21 05:30:10 UTC 2019 /home/travis/build/icyphy/ptII/ptolemy/domains/de/test/auto/CausalityInterface15.xml
----------------- Instantiating /home/travis/build/icyphy/ptII/ptolemy/domains/de/test/auto/CausalityInterface15.xml
1 ms. Memory: 48128K Free: 12702K (26%)
----------------- Invoking toplevel() on ptolemy.moml.MoMLSimpleApplication@4534bc93
----------------- Done invoking toplevel() on ptolemy.moml.MoMLSimpleApplication@4534bc93
reloadAllAccessors: .CausalityInterface15

===========================================================================================
----------------- testing Wed Aug 21 05:30:10 UTC 2019 /home/travis/build/icyphy/ptII/ptolemy/domains/de/test/auto/CausalityInterface2.xml
----------------- Instantiating /home/travis/build/icyphy/ptII/ptolemy/domains/de/test/auto/CausalityInterface2.xml
[...]
	at ptolemy.actor.Manager.run(Manager.java:1263)
	at ptolemy.actor.Manager$PtolemyRunThread.run(Manager.java:1933)
java.lang.RuntimeException: Execution failed
	at ptolemy.moml.MoMLSimpleApplication$UnloadThread.run(MoMLSimpleApplication.java:402)
Caused by: ptolemy.kernel.util.IllegalActionException: Actor is not ready to fire.  Perhaps UpSample.prefire() returned false? Try debugging the actor by selecting "Listen to Actor".  Also, for SDF check moml for tokenConsumptionRate on input.
  in .DESDFClockTest.Play Bell.Copy1:SDF Director and .DESDFClockTest.Play Bell.UpSample
	at ptolemy.actor.sched.StaticSchedulingDirector.fire(StaticSchedulingDirector.java:227)
	at ptolemy.domains.sdf.kernel.SDFDirector.fire(SDFDirector.java:500)
	at ptolemy.actor.CompositeActor.fire(CompositeActor.java:455)
	at ptolemy.domains.de.kernel.DEDirector._fire(DEDirector.java:1949)
	at ptolemy.domains.de.kernel.DEDirector.fire(DEDirector.java:502)
	at ptolemy.actor.CompositeActor.fire(CompositeActor.java:455)
	at ptolemy.actor.Manager.iterate(Manager.java:851)
	at ptolemy.actor.Manager.execute(Manager.java:369)
	at ptolemy.actor.Manager.run(Manager.java:1263)
	at ptolemy.actor.Manager$PtolemyRunThread.run(Manager.java:1933)
java.lang.reflect.InvocationTargetException
	at java.base/jdk.internal.reflect.NativeConstructorAccessorImpl.newInstance0(Native Method)
	at java.base/jdk.internal.reflect.NativeConstructorAccessorImpl.newInstance(NativeConstructorAccessorImpl.java:62)
	at java.base/jdk.internal.reflect.DelegatingConstructorAccessorImpl.newInstance(DelegatingConstructorAccessorImpl.java:45)
	at java.base/java.lang.reflect.Constructor.newInstance(Constructor.java:490)
	at ptolemy.util.test.junit.AutoKnownFailedTests.RunModel(AutoKnownFailedTests.java:105)
	at java.base/jdk.internal.reflect.NativeMethodAccessorImpl.invoke0(Native Method)
	at java.base/jdk.internal.reflect.NativeMethodAccessorImpl.invoke(NativeMethodAccessorImpl.java:62)
	at java.base/jdk.internal.reflect.DelegatingMethodAccessorImpl.invoke(DelegatingMethodAccessorImpl.java:43)
	at java.base/java.lang.reflect.Method.invoke(Method.java:566)
	at org.junit.runners.model.FrameworkMethod$1.runReflectiveCall(FrameworkMethod.java:44)
	at org.junit.internal.runners.model.ReflectiveCallable.run(ReflectiveCallable.java:15)
	at org.junit.runners.model.FrameworkMethod.invokeExplosively(FrameworkMethod.java:41)
	at junitparams.internal.InvokeParameterisedMethod.evaluate(InvokeParameterisedMethod.java:102)
	at org.junit.internal.runners.statements.FailOnTimeout$1.run(FailOnTimeout.java:28)
Caused by: ptolemy.kernel.util.IllegalActionException: Actor is not ready to fire.  Perhaps UpSample.prefire() returned false? Try debugging the actor by selecting "Listen to Actor".  Also, for SDF check moml for tokenConsumptionRate on input.
  in .DESDFClockTest.Play Bell.Copy1:SDF Director and .DESDFClockTest.Play Bell.UpSample
	at ptolemy.actor.sched.StaticSchedulingDirector.fire(StaticSchedulingDirector.java:227)
	at ptolemy.domains.sdf.kernel.SDFDirector.fire(SDFDirector.java:500)
	at ptolemy.actor.CompositeActor.fire(CompositeActor.java:455)
	at ptolemy.domains.de.kernel.DEDirector._fire(DEDirector.java:1949)
	at ptolemy.domains.de.kernel.DEDirector.fire(DEDirector.java:502)
	at ptolemy.actor.CompositeActor.fire(CompositeActor.java:455)
	at ptolemy.actor.Manager.iterate(Manager.java:851)
	at ptolemy.actor.Manager.execute(Manager.java:369)
	at ptolemy.actor.Manager.run(Manager.java:1263)
	at ptolemy.actor.Manager$PtolemyRunThread.run(Manager.java:1933)
java.lang.RuntimeException: Execution failed
	at ptolemy.moml.MoMLSimpleApplication$UnloadThread.run(MoMLSimpleApplication.java:402)
Caused by: ptolemy.kernel.util.IllegalActionException: Test fails in iteration 1.
Value was: 1.0. Should have been: 2.0
  in .DirectFeedback.Test
	at ptolemy.actor.lib.Test.fire(Test.java:268)
	at ptolemy.domains.de.kernel.DEDirector._fire(DEDirector.java:1949)
	at ptolemy.domains.de.kernel.DEDirector.fire(DEDirector.java:502)
	at ptolemy.actor.CompositeActor.fire(CompositeActor.java:455)
	at ptolemy.actor.Manager.iterate(Manager.java:851)
	at ptolemy.actor.Manager.execute(Manager.java:369)
	at ptolemy.actor.Manager.run(Manager.java:1263)
	at ptolemy.actor.Manager$PtolemyRunThread.run(Manager.java:1933)
java.lang.reflect.InvocationTargetException
	at java.base/jdk.internal.reflect.NativeConstructorAccessorImpl.newInstance0(Native Method)
	at java.base/jdk.internal.reflect.NativeConstructorAccessorImpl.newInstance(NativeConstructorAccessorImpl.java:62)
	at java.base/jdk.internal.reflect.DelegatingConstructorAccessorImpl.newInstance(DelegatingConstructorAccessorImpl.java:45)
	at java.base/java.lang.reflect.Constructor.newInstance(Constructor.java:490)
	at ptolemy.util.test.junit.AutoKnownFailedTests.RunModel(AutoKnownFailedTests.java:105)
	at java.base/jdk.internal.reflect.NativeMethodAccessorImpl.invoke0(Native Method)
	at java.base/jdk.internal.reflect.NativeMethodAccessorImpl.invoke(NativeMethodAccessorImpl.java:62)
	at java.base/jdk.internal.reflect.DelegatingMethodAccessorImpl.invoke(DelegatingMethodAccessorImpl.java:43)
	at java.base/java.lang.reflect.Method.invoke(Method.java:566)
	at org.junit.runners.model.FrameworkMethod$1.runReflectiveCall(FrameworkMethod.java:44)
	at org.junit.internal.runners.model.ReflectiveCallable.run(ReflectiveCallable.java:15)
	at org.junit.runners.model.FrameworkMethod.invokeExplosively(FrameworkMethod.java:41)
	at junitparams.internal.InvokeParameterisedMethod.evaluate(InvokeParameterisedMethod.java:102)
	at org.junit.internal.runners.statements.FailOnTimeout$1.run(FailOnTimeout.java:28)
Caused by: ptolemy.kernel.util.IllegalActionException: Test fails in iteration 1.
Value was: 1.0. Should have been: 2.0
  in .DirectFeedback.Test
	at ptolemy.actor.lib.Test.fire(Test.java:268)
	at ptolemy.domains.de.kernel.DEDirector._fire(DEDirector.java:1949)
	at ptolemy.domains.de.kernel.DEDirector.fire(DEDirector.java:502)
	at ptolemy.actor.CompositeActor.fire(CompositeActor.java:455)
	at ptolemy.actor.Manager.iterate(Manager.java:851)
	at ptolemy.actor.Manager.execute(Manager.java:369)
	at ptolemy.actor.Manager.run(Manager.java:1263)
	at ptolemy.actor.Manager$PtolemyRunThread.run(Manager.java:1933)
java.lang.RuntimeException: Execution failed
	at ptolemy.moml.MoMLSimpleApplication$UnloadThread.run(MoMLSimpleApplication.java:402)
Caused by: ptolemy.kernel.util.IllegalActionException: Found a zero delay loop containing .HierarchicalModel.A
  in .HierarchicalModel and .HierarchicalModel.A
	at ptolemy.actor.util.CausalityInterfaceForComposites._computeOutputPortDepth(CausalityInterfaceForComposites.java:759)
	at ptolemy.actor.util.CausalityInterfaceForComposites._computeInputDepth(CausalityInterfaceForComposites.java:696)
	at ptolemy.actor.util.CausalityInterfaceForComposites._computeOutputPortDepth(CausalityInterfaceForComposites.java:765)
	at ptolemy.actor.util.CausalityInterfaceForComposites._computeInputDepth(CausalityInterfaceForComposites.java:696)
	at ptolemy.actor.util.CausalityInterfaceForComposites._computeOutputPortDepth(CausalityInterfaceForComposites.java:765)
	at ptolemy.actor.util.CausalityInterfaceForComposites._computeInputDepth(CausalityInterfaceForComposites.java:696)
	at ptolemy.actor.util.CausalityInterfaceForComposites._computeActorDepth(CausalityInterfaceForComposites.java:532)
	at ptolemy.actor.util.CausalityInterfaceForComposites.checkForCycles(CausalityInterfaceForComposites.java:96)
	at ptolemy.domains.de.kernel.DEDirector.preinitialize(DEDirector.java:1338)
	at ptolemy.actor.CompositeActor.preinitialize(CompositeActor.java:1828)
	at ptolemy.actor.Manager.preinitializeAndResolveTypes(Manager.java:1040)
	at ptolemy.actor.Manager.initialize(Manager.java:710)
	at ptolemy.actor.Manager.execute(Manager.java:356)
	at ptolemy.actor.Manager.run(Manager.java:1263)
	at ptolemy.actor.Manager$PtolemyRunThread.run(Manager.java:1933)
java.lang.reflect.InvocationTargetException
	at java.base/jdk.internal.reflect.NativeConstructorAccessorImpl.newInstance0(Native Method)
	at java.base/jdk.internal.reflect.NativeConstructorAccessorImpl.newInstance(NativeConstructorAccessorImpl.java:62)
	at java.base/jdk.internal.reflect.DelegatingConstructorAccessorImpl.newInstance(DelegatingConstructorAccessorImpl.java:45)
	at java.base/java.lang.reflect.Constructor.newInstance(Constructor.java:490)
	at ptolemy.util.test.junit.AutoKnownFailedTests.RunModel(AutoKnownFailedTests.java:105)
	at java.base/jdk.internal.reflect.NativeMethodAccessorImpl.invoke0(Native Method)
	at java.base/jdk.internal.reflect.NativeMethodAccessorImpl.invoke(NativeMethodAccessorImpl.java:62)
	at java.base/jdk.internal.reflect.DelegatingMethodAccessorImpl.invoke(DelegatingMethodAccessorImpl.java:43)
	at java.base/java.lang.reflect.Method.invoke(Method.java:566)
	at org.junit.runners.model.FrameworkMethod$1.runReflectiveCall(FrameworkMethod.java:44)
	at org.junit.internal.runners.model.ReflectiveCallable.run(ReflectiveCallable.java:15)
	at org.junit.runners.model.FrameworkMethod.invokeExplosively(FrameworkMethod.java:41)
	at junitparams.internal.InvokeParameterisedMethod.evaluate(InvokeParameterisedMethod.java:102)
	at org.junit.internal.runners.statements.FailOnTimeout$1.run(FailOnTimeout.java:28)
Caused by: ptolemy.kernel.util.IllegalActionException: Found a zero delay loop containing .HierarchicalModel.A
  in .HierarchicalModel and .HierarchicalModel.A
	at ptolemy.actor.util.CausalityInterfaceForComposites._computeOutputPortDepth(CausalityInterfaceForComposites.java:759)
	at ptolemy.actor.util.CausalityInterfaceForComposites._computeInputDepth(CausalityInterfaceForComposites.java:696)
	at ptolemy.actor.util.CausalityInterfaceForComposites._computeOutputPortDepth(CausalityInterfaceForComposites.java:765)
	at ptolemy.actor.util.CausalityInterfaceForComposites._computeInputDepth(CausalityInterfaceForComposites.java:696)
	at ptolemy.actor.util.CausalityInterfaceForComposites._computeOutputPortDepth(CausalityInterfaceForComposites.java:765)
	at ptolemy.actor.util.CausalityInterfaceForComposites._computeInputDepth(CausalityInterfaceForComposites.java:696)
	at ptolemy.actor.util.CausalityInterfaceForComposites._computeActorDepth(CausalityInterfaceForComposites.java:532)
	at ptolemy.actor.util.CausalityInterfaceForComposites.checkForCycles(CausalityInterfaceForComposites.java:96)
	at ptolemy.domains.de.kernel.DEDirector.preinitialize(DEDirector.java:1338)
	at ptolemy.actor.CompositeActor.preinitialize(CompositeActor.java:1828)
	at ptolemy.actor.Manager.preinitializeAndResolveTypes(Manager.java:1040)
	at ptolemy.actor.Manager.initialize(Manager.java:710)
	at ptolemy.actor.Manager.execute(Manager.java:356)
	at ptolemy.actor.Manager.run(Manager.java:1263)
	at ptolemy.actor.Manager$PtolemyRunThread.run(Manager.java:1933)
java.lang.RuntimeException: Execution failed
	at ptolemy.moml.MoMLSimpleApplication$UnloadThread.run(MoMLSimpleApplication.java:402)
Caused by: ptolemy.kernel.util.IllegalActionException: Found a zero delay loop containing .dependencyLoop.original
  in .dependencyLoop and .dependencyLoop.original
	at ptolemy.actor.util.CausalityInterfaceForComposites._computeOutputPortDepth(CausalityInterfaceForComposites.java:759)
	at ptolemy.actor.util.CausalityInterfaceForComposites._computeInputDepth(CausalityInterfaceForComposites.java:696)
	at ptolemy.actor.util.CausalityInterfaceForComposites._computeOutputPortDepth(CausalityInterfaceForComposites.java:765)
	at ptolemy.actor.util.CausalityInterfaceForComposites._computeInputDepth(CausalityInterfaceForComposites.java:696)
	at ptolemy.actor.util.CausalityInterfaceForComposites._computeOutputPortDepth(CausalityInterfaceForComposites.java:765)
	at ptolemy.actor.util.CausalityInterfaceForComposites._computeInputDepth(CausalityInterfaceForComposites.java:696)
	at ptolemy.actor.util.CausalityInterfaceForComposites._computeActorDepth(CausalityInterfaceForComposites.java:532)
	at ptolemy.actor.util.CausalityInterfaceForComposites.checkForCycles(CausalityInterfaceForComposites.java:96)
	at ptolemy.domains.de.kernel.DEDirector.preinitialize(DEDirector.java:1338)
	at ptolemy.actor.CompositeActor.preinitialize(CompositeActor.java:1828)
	at ptolemy.actor.Manager.preinitializeAndResolveTypes(Manager.java:1040)
	at ptolemy.actor.Manager.initialize(Manager.java:710)
	at ptolemy.actor.Manager.execute(Manager.java:356)
	at ptolemy.actor.Manager.run(Manager.java:1263)
	at ptolemy.actor.Manager$PtolemyRunThread.run(Manager.java:1933)
java.lang.reflect.InvocationTargetException
	at java.base/jdk.internal.reflect.NativeConstructorAccessorImpl.newInstance0(Native Method)
	at java.base/jdk.internal.reflect.NativeConstructorAccessorImpl.newInstance(NativeConstructorAccessorImpl.java:62)
	at java.base/jdk.internal.reflect.DelegatingConstructorAccessorImpl.newInstance(DelegatingConstructorAccessorImpl.java:45)
	at java.base/java.lang.reflect.Constructor.newInstance(Constructor.java:490)
	at ptolemy.util.test.junit.AutoKnownFailedTests.RunModel(AutoKnownFailedTests.java:105)
	at java.base/jdk.internal.reflect.NativeMethodAccessorImpl.invoke0(Native Method)
	at java.base/jdk.internal.reflect.NativeMethodAccessorImpl.invoke(NativeMethodAccessorImpl.java:62)
	at java.base/jdk.internal.reflect.DelegatingMethodAccessorImpl.invoke(DelegatingMethodAccessorImpl.java:43)
	at java.base/java.lang.reflect.Method.invoke(Method.java:566)
	at org.junit.runners.model.FrameworkMethod$1.runReflectiveCall(FrameworkMethod.java:44)
	at org.junit.internal.runners.model.ReflectiveCallable.run(ReflectiveCallable.java:15)
	at org.junit.runners.model.FrameworkMethod.invokeExplosively(FrameworkMethod.java:41)
	at junitparams.internal.InvokeParameterisedMethod.evaluate(InvokeParameterisedMethod.java:102)
	at org.junit.internal.runners.statements.FailOnTimeout$1.run(FailOnTimeout.java:28)
Caused by: ptolemy.kernel.util.IllegalActionException: Found a zero delay loop containing .dependencyLoop.original
  in .dependencyLoop and .dependencyLoop.original
	at ptolemy.actor.util.CausalityInterfaceForComposites._computeOutputPortDepth(CausalityInterfaceForComposites.java:759)
	at ptolemy.actor.util.CausalityInterfaceForComposites._computeInputDepth(CausalityInterfaceForComposites.java:696)
	at ptolemy.actor.util.CausalityInterfaceForComposites._computeOutputPortDepth(CausalityInterfaceForComposites.java:765)
	at ptolemy.actor.util.CausalityInterfaceForComposites._computeInputDepth(CausalityInterfaceForComposites.java:696)
	at ptolemy.actor.util.CausalityInterfaceForComposites._computeOutputPortDepth(CausalityInterfaceForComposites.java:765)
	at ptolemy.actor.util.CausalityInterfaceForComposites._computeInputDepth(CausalityInterfaceForComposites.java:696)
	at ptolemy.actor.util.CausalityInterfaceForComposites._computeActorDepth(CausalityInterfaceForComposites.java:532)
	at ptolemy.actor.util.CausalityInterfaceForComposites.checkForCycles(CausalityInterfaceForComposites.java:96)
	at ptolemy.domains.de.kernel.DEDirector.preinitialize(DEDirector.java:1338)
	at ptolemy.actor.CompositeActor.preinitialize(CompositeActor.java:1828)
	at ptolemy.actor.Manager.preinitializeAndResolveTypes(Manager.java:1040)
	at ptolemy.actor.Manager.initialize(Manager.java:710)
	at ptolemy.actor.Manager.execute(Manager.java:356)
	at ptolemy.actor.Manager.run(Manager.java:1263)
	at ptolemy.actor.Manager$PtolemyRunThread.run(Manager.java:1933)
java.lang.RuntimeException: Execution failed
	at ptolemy.moml.MoMLSimpleApplication$UnloadThread.run(MoMLSimpleApplication.java:402)
Caused by: ptolemy.kernel.util.IllegalActionException: Found a zero delay loop containing .dependencyLoop2.original
  in .dependencyLoop2 and .dependencyLoop2.original
	at ptolemy.actor.util.CausalityInterfaceForComposites._computeOutputPortDepth(CausalityInterfaceForComposites.java:759)
	at ptolemy.actor.util.CausalityInterfaceForComposites._computeInputDepth(CausalityInterfaceForComposites.java:696)
	at ptolemy.actor.util.CausalityInterfaceForComposites._computeOutputPortDepth(CausalityInterfaceForComposites.java:765)
	at ptolemy.actor.util.CausalityInterfaceForComposites._computeInputDepth(CausalityInterfaceForComposites.java:696)
	at ptolemy.actor.util.CausalityInterfaceForComposites._computeOutputPortDepth(CausalityInterfaceForComposites.java:765)
	at ptolemy.actor.util.CausalityInterfaceForComposites._computeInputDepth(CausalityInterfaceForComposites.java:696)
	at ptolemy.actor.util.CausalityInterfaceForComposites._computeActorDepth(CausalityInterfaceForComposites.java:532)
	at ptolemy.actor.util.CausalityInterfaceForComposites.checkForCycles(CausalityInterfaceForComposites.java:96)
	at ptolemy.domains.de.kernel.DEDirector.preinitialize(DEDirector.java:1338)
	at ptolemy.actor.CompositeActor.preinitialize(CompositeActor.java:1828)
	at ptolemy.actor.Manager.preinitializeAndResolveTypes(Manager.java:1040)
	at ptolemy.actor.Manager.initialize(Manager.java:710)
	at ptolemy.actor.Manager.execute(Manager.java:356)
	at ptolemy.actor.Manager.run(Manager.java:1263)
	at ptolemy.actor.Manager$PtolemyRunThread.run(Manager.java:1933)
java.lang.reflect.InvocationTargetException
	at java.base/jdk.internal.reflect.NativeConstructorAccessorImpl.newInstance0(Native Method)
	at java.base/jdk.internal.reflect.NativeConstructorAccessorImpl.newInstance(NativeConstructorAccessorImpl.java:62)
	at java.base/jdk.internal.reflect.DelegatingConstructorAccessorImpl.newInstance(DelegatingConstructorAccessorImpl.java:45)
	at java.base/java.lang.reflect.Constructor.newInstance(Constructor.java:490)
	at ptolemy.util.test.junit.AutoKnownFailedTests.RunModel(AutoKnownFailedTests.java:105)
	at java.base/jdk.internal.reflect.NativeMethodAccessorImpl.invoke0(Native Method)
	at java.base/jdk.internal.reflect.NativeMethodAccessorImpl.invoke(NativeMethodAccessorImpl.java:62)
	at java.base/jdk.internal.reflect.DelegatingMethodAccessorImpl.invoke(DelegatingMethodAccessorImpl.java:43)
	at java.base/java.lang.reflect.Method.invoke(Method.java:566)
	at org.junit.runners.model.FrameworkMethod$1.runReflectiveCall(FrameworkMethod.java:44)
	at org.junit.internal.runners.model.ReflectiveCallable.run(ReflectiveCallable.java:15)
	at org.junit.runners.model.FrameworkMethod.invokeExplosively(FrameworkMethod.java:41)
	at junitparams.internal.InvokeParameterisedMethod.evaluate(InvokeParameterisedMethod.java:102)
	at org.junit.internal.runners.statements.FailOnTimeout$1.run(FailOnTimeout.java:28)
Caused by: ptolemy.kernel.util.IllegalActionException: Found a zero delay loop containing .dependencyLoop2.original
  in .dependencyLoop2 and .dependencyLoop2.original
	at ptolemy.actor.util.CausalityInterfaceForComposites._computeOutputPortDepth(CausalityInterfaceForComposites.java:759)
	at ptolemy.actor.util.CausalityInterfaceForComposites._computeInputDepth(CausalityInterfaceForComposites.java:696)
	at ptolemy.actor.util.CausalityInterfaceForComposites._computeOutputPortDepth(CausalityInterfaceForComposites.java:765)
	at ptolemy.actor.util.CausalityInterfaceForComposites._computeInputDepth(CausalityInterfaceForComposites.java:696)
	at ptolemy.actor.util.CausalityInterfaceForComposites._computeOutputPortDepth(CausalityInterfaceForComposites.java:765)
	at ptolemy.actor.util.CausalityInterfaceForComposites._computeInputDepth(CausalityInterfaceForComposites.java:696)
	at ptolemy.actor.util.CausalityInterfaceForComposites._computeActorDepth(CausalityInterfaceForComposites.java:532)
	at ptolemy.actor.util.CausalityInterfaceForComposites.checkForCycles(CausalityInterfaceForComposites.java:96)
	at ptolemy.domains.de.kernel.DEDirector.preinitialize(DEDirector.java:1338)
	at ptolemy.actor.CompositeActor.preinitialize(CompositeActor.java:1828)
	at ptolemy.actor.Manager.preinitializeAndResolveTypes(Manager.java:1040)
	at ptolemy.actor.Manager.initialize(Manager.java:710)
	at ptolemy.actor.Manager.execute(Manager.java:356)
	at ptolemy.actor.Manager.run(Manager.java:1263)
	at ptolemy.actor.Manager$PtolemyRunThread.run(Manager.java:1933)
]]></system-err>
</testsuite>
