<?xml version="1.0" encoding="UTF-8" ?>
<testsuite errors="0" failures="0" hostname="travis-job-016a4b0e-8961-4406-9b41-14a56ef03f58" name="ptolemy.domains.de.test.junit.JUnitTclTest" skipped="0" tests="101" time="128.198" timestamp="2018-06-20T18:43:18">
  <properties>
[...]
</properties>
  <testcase classname="ptolemy.util.test.junit.TclTests" name="[0] /home/travis/build/icyphy/ptII/ptolemy/domains/de/test/DependencyLoop.tcl (RunTclFile)" time="0.74" />
  <testcase classname="ptolemy.util.test.junit.TclTests" name="[1] /home/travis/build/icyphy/ptII/ptolemy/domains/de/test/RunDETestsAsQSS.tcl (RunTclFile)" time="87.775" />
  <testcase classname="ptolemy.util.test.junit.AutoKnownFailedTests" name="[0] /home/travis/build/icyphy/ptII/ptolemy/domains/de/test/auto/knownFailedTests/DESDFClockTest.xml (RunModel)" time="2.033" />
  <testcase classname="ptolemy.util.test.junit.AutoKnownFailedTests" name="[1] /home/travis/build/icyphy/ptII/ptolemy/domains/de/test/auto/knownFailedTests/DirectFeedback.xml (RunModel)" time="0.01" />
  <testcase classname="ptolemy.util.test.junit.AutoKnownFailedTests" name="[2] /home/travis/build/icyphy/ptII/ptolemy/domains/de/test/auto/knownFailedTests/FSMSource.xml (RunModel)" time="0.018" />
  <testcase classname="ptolemy.util.test.junit.AutoKnownFailedTests" name="[3] /home/travis/build/icyphy/ptII/ptolemy/domains/de/test/auto/knownFailedTests/HierarchicalModel.xml (RunModel)" time="0.03" />
  <testcase classname="ptolemy.util.test.junit.AutoKnownFailedTests" name="[4] /home/travis/build/icyphy/ptII/ptolemy/domains/de/test/auto/knownFailedTests/dependencyLoop.xml (RunModel)" time="0.036" />
  <testcase classname="ptolemy.util.test.junit.AutoKnownFailedTests" name="[5] /home/travis/build/icyphy/ptII/ptolemy/domains/de/test/auto/knownFailedTests/dependencyLoop2.xml (RunModel)" time="0.03" />
  <testcase classname="ptolemy.util.test.junit.AutoNameArchTests" name="[0] ThereAreNoAutoArchTests (RunModel)" time="0.004" />
  <testcase classname="ptolemy.util.test.junit.AutoTests" name="[0] /home/travis/build/icyphy/ptII/ptolemy/domains/de/test/auto/ActorDepthCalculation_actorWithoutPorts.xml (RunModel)" time="0.017" />
  <testcase classname="ptolemy.util.test.junit.AutoTests" name="[1] /home/travis/build/icyphy/ptII/ptolemy/domains/de/test/auto/AssemblyLine.xml (RunModel)" time="0.017" />
  <testcase classname="ptolemy.util.test.junit.AutoTests" name="[2] /home/travis/build/icyphy/ptII/ptolemy/domains/de/test/auto/CQBug1.xml (RunModel)" time="0.01" />
  <testcase classname="ptolemy.util.test.junit.AutoTests" name="[3] /home/travis/build/icyphy/ptII/ptolemy/domains/de/test/auto/CancelFireAt.xml (RunModel)" time="0.012" />
  <testcase classname="ptolemy.util.test.junit.AutoTests" name="[4] /home/travis/build/icyphy/ptII/ptolemy/domains/de/test/auto/CausalityAndComposabilityAnalysis.xml (RunModel)" time="0.014" />
  <testcase classname="ptolemy.util.test.junit.AutoTests" name="[5] /home/travis/build/icyphy/ptII/ptolemy/domains/de/test/auto/CausalityInterface1.xml (RunModel)" time="0.012" />
  <testcase classname="ptolemy.util.test.junit.AutoTests" name="[6] /home/travis/build/icyphy/ptII/ptolemy/domains/de/test/auto/CausalityInterface15.xml (RunModel)" time="0.011" />
  <testcase classname="ptolemy.util.test.junit.AutoTests" name="[7] /home/travis/build/icyphy/ptII/ptolemy/domains/de/test/auto/CausalityInterface2.xml (RunModel)" time="0.01" />
  <testcase classname="ptolemy.util.test.junit.AutoTests" name="[8] /home/travis/build/icyphy/ptII/ptolemy/domains/de/test/auto/CausalityInterface3.xml (RunModel)" time="0.017" />
  <testcase classname="ptolemy.util.test.junit.AutoTests" name="[9] /home/travis/build/icyphy/ptII/ptolemy/domains/de/test/auto/ClockDrift.xml (RunModel)" time="0.039" />
  <testcase classname="ptolemy.util.test.junit.AutoTests" name="[10] /home/travis/build/icyphy/ptII/ptolemy/domains/de/test/auto/ClockDriftAndValueChange.xml (RunModel)" time="0.027" />
  <testcase classname="ptolemy.util.test.junit.AutoTests" name="[11] /home/travis/build/icyphy/ptII/ptolemy/domains/de/test/auto/ClockDriftChange.xml (RunModel)" time="0.03" />
  <testcase classname="ptolemy.util.test.junit.AutoTests" name="[12] /home/travis/build/icyphy/ptII/ptolemy/domains/de/test/auto/ComposableCausalityAnalysis.xml (RunModel)" time="0.02" />
  <testcase classname="ptolemy.util.test.junit.AutoTests" name="[13] /home/travis/build/icyphy/ptII/ptolemy/domains/de/test/auto/DEFixedPointLimitation.xml (RunModel)" time="0.009" />
  <testcase classname="ptolemy.util.test.junit.AutoTests" name="[14] /home/travis/build/icyphy/ptII/ptolemy/domains/de/test/auto/DEScheduleTest.xml (RunModel)" time="0.027" />
  <testcase classname="ptolemy.util.test.junit.AutoTests" name="[15] /home/travis/build/icyphy/ptII/ptolemy/domains/de/test/auto/DEinDEwithStartTimes.xml (RunModel)" time="0.01" />
  <testcase classname="ptolemy.util.test.junit.AutoTests" name="[16] /home/travis/build/icyphy/ptII/ptolemy/domains/de/test/auto/DEinDEwithStartTimes2.xml (RunModel)" time="0.009" />
  <testcase classname="ptolemy.util.test.junit.AutoTests" name="[17] /home/travis/build/icyphy/ptII/ptolemy/domains/de/test/auto/DateDemo.xml (RunModel)" time="0.019" />
  <testcase classname="ptolemy.util.test.junit.AutoTests" name="[18] /home/travis/build/icyphy/ptII/ptolemy/domains/de/test/auto/DateToEvent.xml (RunModel)" time="2.026" />
  <testcase classname="ptolemy.util.test.junit.AutoTests" name="[19] /home/travis/build/icyphy/ptII/ptolemy/domains/de/test/auto/DepthTest1.xml (RunModel)" time="0.01" />
  <testcase classname="ptolemy.util.test.junit.AutoTests" name="[20] /home/travis/build/icyphy/ptII/ptolemy/domains/de/test/auto/DepthTest2.xml (RunModel)" time="0.021" />
  <testcase classname="ptolemy.util.test.junit.AutoTests" name="[21] /home/travis/build/icyphy/ptII/ptolemy/domains/de/test/auto/DepthTest3.xml (RunModel)" time="0.008" />
  <testcase classname="ptolemy.util.test.junit.AutoTests" name="[22] /home/travis/build/icyphy/ptII/ptolemy/domains/de/test/auto/DepthTest4.xml (RunModel)" time="0.012" />
  <testcase classname="ptolemy.util.test.junit.AutoTests" name="[23] /home/travis/build/icyphy/ptII/ptolemy/domains/de/test/auto/DepthTest5.xml (RunModel)" time="0.014" />
  <testcase classname="ptolemy.util.test.junit.AutoTests" name="[24] /home/travis/build/icyphy/ptII/ptolemy/domains/de/test/auto/DepthTest6.xml (RunModel)" time="0.013" />
  <testcase classname="ptolemy.util.test.junit.AutoTests" name="[25] /home/travis/build/icyphy/ptII/ptolemy/domains/de/test/auto/DepthTest7.xml (RunModel)" time="0.019" />
  <testcase classname="ptolemy.util.test.junit.AutoTests" name="[26] /home/travis/build/icyphy/ptII/ptolemy/domains/de/test/auto/EventToDate.xml (RunModel)" time="3.036" />
  <testcase classname="ptolemy.util.test.junit.AutoTests" name="[27] /home/travis/build/icyphy/ptII/ptolemy/domains/de/test/auto/FSM1.xml (RunModel)" time="0.03" />
  <testcase classname="ptolemy.util.test.junit.AutoTests" name="[28] /home/travis/build/icyphy/ptII/ptolemy/domains/de/test/auto/FSM7.xml (RunModel)" time="0.027" />
  <testcase classname="ptolemy.util.test.junit.AutoTests" name="[29] /home/travis/build/icyphy/ptII/ptolemy/domains/de/test/auto/Inspection.xml (RunModel)" time="0.036" />
  <testcase classname="ptolemy.util.test.junit.AutoTests" name="[30] /home/travis/build/icyphy/ptII/ptolemy/domains/de/test/auto/Iteration.xml (RunModel)" time="0.016" />
  <testcase classname="ptolemy.util.test.junit.AutoTests" name="[31] /home/travis/build/icyphy/ptII/ptolemy/domains/de/test/auto/LineFault.xml (RunModel)" time="0.538" />
  <testcase classname="ptolemy.util.test.junit.AutoTests" name="[32] /home/travis/build/icyphy/ptII/ptolemy/domains/de/test/auto/MergeModel1Add.xml (RunModel)" time="0.038" />
  <testcase classname="ptolemy.util.test.junit.AutoTests" name="[33] /home/travis/build/icyphy/ptII/ptolemy/domains/de/test/auto/MergeModel2Add.xml (RunModel)" time="0.031" />
  <testcase classname="ptolemy.util.test.junit.AutoTests" name="[34] /home/travis/build/icyphy/ptII/ptolemy/domains/de/test/auto/MergeModel3Add.xml (RunModel)" time="0.035" />
  <testcase classname="ptolemy.util.test.junit.AutoTests" name="[35] /home/travis/build/icyphy/ptII/ptolemy/domains/de/test/auto/MergeWithoutDiscard.xml (RunModel)" time="0.008" />
  <testcase classname="ptolemy.util.test.junit.AutoTests" name="[36] /home/travis/build/icyphy/ptII/ptolemy/domains/de/test/auto/Modal1.xml (RunModel)" time="0.029" />
  <testcase classname="ptolemy.util.test.junit.AutoTests" name="[37] /home/travis/build/icyphy/ptII/ptolemy/domains/de/test/auto/Modal2.xml (RunModel)" time="0.026" />
  <testcase classname="ptolemy.util.test.junit.AutoTests" name="[38] /home/travis/build/icyphy/ptII/ptolemy/domains/de/test/auto/Modal3.xml (RunModel)" time="0.028" />
  <testcase classname="ptolemy.util.test.junit.AutoTests" name="[39] /home/travis/build/icyphy/ptII/ptolemy/domains/de/test/auto/Modal4.xml (RunModel)" time="0.027" />
  <testcase classname="ptolemy.util.test.junit.AutoTests" name="[40] /home/travis/build/icyphy/ptII/ptolemy/domains/de/test/auto/Modal5.xml (RunModel)" time="0.026" />
  <testcase classname="ptolemy.util.test.junit.AutoTests" name="[41] /home/travis/build/icyphy/ptII/ptolemy/domains/de/test/auto/Modal6.xml (RunModel)" time="0.027" />
  <testcase classname="ptolemy.util.test.junit.AutoTests" name="[42] /home/travis/build/icyphy/ptII/ptolemy/domains/de/test/auto/Modal7.xml (RunModel)" time="0.03" />
  <testcase classname="ptolemy.util.test.junit.AutoTests" name="[43] /home/travis/build/icyphy/ptII/ptolemy/domains/de/test/auto/ModalModel.xml (RunModel)" time="0.15" />
  <testcase classname="ptolemy.util.test.junit.AutoTests" name="[44] /home/travis/build/icyphy/ptII/ptolemy/domains/de/test/auto/ModalSource.xml (RunModel)" time="0.017" />
  <testcase classname="ptolemy.util.test.junit.AutoTests" name="[45] /home/travis/build/icyphy/ptII/ptolemy/domains/de/test/auto/NonInterruptibleTimerZeroDelay.xml (RunModel)" time="0.011" />
  <testcase classname="ptolemy.util.test.junit.AutoTests" name="[46] /home/travis/build/icyphy/ptII/ptolemy/domains/de/test/auto/OpenQueueingNetwork.xml (RunModel)" time="2.141" />
  <testcase classname="ptolemy.util.test.junit.AutoTests" name="[47] /home/travis/build/icyphy/ptII/ptolemy/domains/de/test/auto/OpenQueuingNetwork.xml (RunModel)" time="0.269" />
  <testcase classname="ptolemy.util.test.junit.AutoTests" name="[48] /home/travis/build/icyphy/ptII/ptolemy/domains/de/test/auto/PeriodicSampler.xml (RunModel)" time="0.009" />
  <testcase classname="ptolemy.util.test.junit.AutoTests" name="[49] /home/travis/build/icyphy/ptII/ptolemy/domains/de/test/auto/PersistentIO.xml (RunModel)" time="0.019" />
  <testcase classname="ptolemy.util.test.junit.AutoTests" name="[50] /home/travis/build/icyphy/ptII/ptolemy/domains/de/test/auto/PortParameterResetOnInitialize.xml (RunModel)" time="0.008" />
  <testcase classname="ptolemy.util.test.junit.AutoTests" name="[51] /home/travis/build/icyphy/ptII/ptolemy/domains/de/test/auto/PortParameterUpdates.xml (RunModel)" time="0.014" />
  <testcase classname="ptolemy.util.test.junit.AutoTests" name="[52] /home/travis/build/icyphy/ptII/ptolemy/domains/de/test/auto/QueueAndServer.xml (RunModel)" time="0.021" />
  <testcase classname="ptolemy.util.test.junit.AutoTests" name="[53] /home/travis/build/icyphy/ptII/ptolemy/domains/de/test/auto/Records.xml (RunModel)" time="0.018" />
  <testcase classname="ptolemy.util.test.junit.AutoTests" name="[54] /home/travis/build/icyphy/ptII/ptolemy/domains/de/test/auto/ResetTransitionWithStartTime1.xml (RunModel)" time="0.019" />
  <testcase classname="ptolemy.util.test.junit.AutoTests" name="[55] /home/travis/build/icyphy/ptII/ptolemy/domains/de/test/auto/ResetTransitionWithStartTime2.xml (RunModel)" time="0.016" />
  <testcase classname="ptolemy.util.test.junit.AutoTests" name="[56] /home/travis/build/icyphy/ptII/ptolemy/domains/de/test/auto/ResetTransitionWithStartTime3.xml (RunModel)" time="0.018" />
  <testcase classname="ptolemy.util.test.junit.AutoTests" name="[57] /home/travis/build/icyphy/ptII/ptolemy/domains/de/test/auto/ResetTransitionWithStartTime4.xml (RunModel)" time="0.019" />
  <testcase classname="ptolemy.util.test.junit.AutoTests" name="[58] /home/travis/build/icyphy/ptII/ptolemy/domains/de/test/auto/ResettableTimer1.xml (RunModel)" time="0.01" />
  <testcase classname="ptolemy.util.test.junit.AutoTests" name="[59] /home/travis/build/icyphy/ptII/ptolemy/domains/de/test/auto/ResettableTimer2.xml (RunModel)" time="0.01" />
  <testcase classname="ptolemy.util.test.junit.AutoTests" name="[60] /home/travis/build/icyphy/ptII/ptolemy/domains/de/test/auto/ResettableTimer3.xml (RunModel)" time="0.009" />
  <testcase classname="ptolemy.util.test.junit.AutoTests" name="[61] /home/travis/build/icyphy/ptII/ptolemy/domains/de/test/auto/ResettableTimer4.xml (RunModel)" time="0.007" />
  <testcase classname="ptolemy.util.test.junit.AutoTests" name="[62] /home/travis/build/icyphy/ptII/ptolemy/domains/de/test/auto/ResettableTimer5.xml (RunModel)" time="0.009" />
  <testcase classname="ptolemy.util.test.junit.AutoTests" name="[63] /home/travis/build/icyphy/ptII/ptolemy/domains/de/test/auto/ResettableTimer6.xml (RunModel)" time="0.019" />
  <testcase classname="ptolemy.util.test.junit.AutoTests" name="[64] /home/travis/build/icyphy/ptII/ptolemy/domains/de/test/auto/ServerZeroDelay.xml (RunModel)" time="0.01" />
  <testcase classname="ptolemy.util.test.junit.AutoTests" name="[65] /home/travis/build/icyphy/ptII/ptolemy/domains/de/test/auto/SmartSender.xml (RunModel)" time="3.009" />
  <testcase classname="ptolemy.util.test.junit.AutoTests" name="[66] /home/travis/build/icyphy/ptII/ptolemy/domains/de/test/auto/ThreadedComposite.xml (RunModel)" time="0.201" />
  <testcase classname="ptolemy.util.test.junit.AutoTests" name="[67] /home/travis/build/icyphy/ptII/ptolemy/domains/de/test/auto/Time.xml (RunModel)" time="0.417" />
  <testcase classname="ptolemy.util.test.junit.AutoTests" name="[68] /home/travis/build/icyphy/ptII/ptolemy/domains/de/test/auto/TimeDelayZeroDelay.xml (RunModel)" time="0.015" />
  <testcase classname="ptolemy.util.test.junit.AutoTests" name="[69] /home/travis/build/icyphy/ptII/ptolemy/domains/de/test/auto/TimerZeroDelay.xml (RunModel)" time="0.009" />
  <testcase classname="ptolemy.util.test.junit.AutoTests" name="[70] /home/travis/build/icyphy/ptII/ptolemy/domains/de/test/auto/TimingParadox.xml (RunModel)" time="0.335" />
  <testcase classname="ptolemy.util.test.junit.AutoTests" name="[71] /home/travis/build/icyphy/ptII/ptolemy/domains/de/test/auto/TransferInputs.xml (RunModel)" time="0.009" />
  <testcase classname="ptolemy.util.test.junit.AutoTests" name="[72] /home/travis/build/icyphy/ptII/ptolemy/domains/de/test/auto/TransferOutputs2.xml (RunModel)" time="0.015" />
  <testcase classname="ptolemy.util.test.junit.AutoTests" name="[73] /home/travis/build/icyphy/ptII/ptolemy/domains/de/test/auto/Trilateration.xml (RunModel)" time="11.539" />
  <testcase classname="ptolemy.util.test.junit.AutoTests" name="[74] /home/travis/build/icyphy/ptII/ptolemy/domains/de/test/auto/TwoSigmaDelta.xml (RunModel)" time="2.214" />
  <testcase classname="ptolemy.util.test.junit.AutoTests" name="[75] /home/travis/build/icyphy/ptII/ptolemy/domains/de/test/auto/VariableDelay.xml (RunModel)" time="0.011" />
  <testcase classname="ptolemy.util.test.junit.AutoTests" name="[76] /home/travis/build/icyphy/ptII/ptolemy/domains/de/test/auto/VariableDelay2.xml (RunModel)" time="0.008" />
  <testcase classname="ptolemy.util.test.junit.AutoTests" name="[77] /home/travis/build/icyphy/ptII/ptolemy/domains/de/test/auto/VariableDelayZeroDelay.xml (RunModel)" time="0.011" />
  <testcase classname="ptolemy.util.test.junit.AutoTests" name="[78] /home/travis/build/icyphy/ptII/ptolemy/domains/de/test/auto/VariableDelayZeroDelay2.xml (RunModel)" time="0.008" />
  <testcase classname="ptolemy.util.test.junit.AutoTests" name="[79] /home/travis/build/icyphy/ptII/ptolemy/domains/de/test/auto/deInCt.xml (RunModel)" time="0.018" />
  <testcase classname="ptolemy.util.test.junit.AutoTests" name="[80] /home/travis/build/icyphy/ptII/ptolemy/domains/de/test/auto/deInCt2.xml (RunModel)" time="0.018" />
  <testcase classname="ptolemy.util.test.junit.AutoTests" name="[81] /home/travis/build/icyphy/ptII/ptolemy/domains/de/test/auto/dynamicCausalityInterface1.xml (RunModel)" time="0.016" />
  <testcase classname="ptolemy.util.test.junit.AutoTests" name="[82] /home/travis/build/icyphy/ptII/ptolemy/domains/de/test/auto/fsm_de_test.xml (RunModel)" time="0.028" />
  <testcase classname="ptolemy.util.test.junit.AutoTests" name="[83] /home/travis/build/icyphy/ptII/ptolemy/domains/de/test/auto/functionDependencyReconstruction.xml (RunModel)" time="0.028" />
  <testcase classname="ptolemy.util.test.junit.AutoTests" name="[84] /home/travis/build/icyphy/ptII/ptolemy/domains/de/test/auto/multirate.xml (RunModel)" time="0.013" />
  <testcase classname="ptolemy.util.test.junit.AutoTests" name="[85] /home/travis/build/icyphy/ptII/ptolemy/domains/de/test/auto/multirate2.xml (RunModel)" time="0.017" />
  <testcase classname="ptolemy.util.test.junit.AutoTests" name="[86] /home/travis/build/icyphy/ptII/ptolemy/domains/de/test/auto/realtime.xml (RunModel)" time="10.011" />
  <testcase classname="ptolemy.util.test.junit.AutoTests" name="[87] /home/travis/build/icyphy/ptII/ptolemy/domains/de/test/auto/relationGroup.xml (RunModel)" time="0.006" />
  <testcase classname="ptolemy.util.test.junit.AutoTests" name="[88] /home/travis/build/icyphy/ptII/ptolemy/domains/de/test/auto/relationGroup2.xml (RunModel)" time="0.005" />
  <testcase classname="ptolemy.util.test.junit.AutoTests" name="[89] /home/travis/build/icyphy/ptII/ptolemy/domains/de/test/auto/sortWithOpaquePorts.xml (RunModel)" time="0.008" />
  <testcase classname="ptolemy.util.test.junit.AutoTests" name="[90] /home/travis/build/icyphy/ptII/ptolemy/domains/de/test/auto/transferInputsandOutputs.xml (RunModel)" time="0.019" />
  <testcase classname="ptolemy.util.test.junit.AutoTests" name="[91] /home/travis/build/icyphy/ptII/ptolemy/domains/de/test/auto/triggerType.xml (RunModel)" time="0.009" />
  <system-out><![CDATA[/home/travis/build/icyphy/ptII/ptolemy/domains/de/test/DependencyLoop.tcl
testDefs.tcl: setting time out to 9000 seconds at Wed Jun 20 18:43:18 UTC 2018
14 ms. Memory: 116224K Free: 93479K (80%)
6 ms. Memory: 146944K Free: 135497K (92%)
/home/travis/build/icyphy/ptII/ptolemy/domains/de/test/RunDETestsAsQSS.tcl
Run the DE tests using ptolemy.domains.qss.test.QSSDirectorTest, which extends QSSDirector and prints a message in the constructors.
------------------ testing $PTII/ptolemy/domains/de/test/auto/knownFailedTests/dependencyLoop.xml (Known Failure) 
7 ms. Memory: 146944K Free: 132384K (90%)


==== $PTIIhome/travis/build/icyphy/ptII/ptolemy/domains/de/test/../../../../: Auto Automatic test in file $PTII/ptolemy/domains/de/test/auto/knownFailedTests/dependencyLoop.xml
==== Contents of test case:

	    # FIXME: we should use $relativeFilename here, but it
	    # might have backslashes under Windows, which causes no end
	    # of trouble.
	    createAndExecute $file
	    list {}
	
.... Test generated KNOWN error:
    while executing
ptolemy.kernel.util.IllegalActionException: Found a zero delay loop containing .dependencyLoop.original
  in .dependencyLoop and .dependencyLoop.original
	at ptolemy.actor.util.CausalityInterfaceForComposites._computeOutputPortDepth(CausalityInterfaceForComposites.java:759)
	at ptolemy.actor.util.CausalityInterfaceForComposites._computeInputDepth(CausalityInterfaceForComposites.java:696)
	at ptolemy.actor.util.CausalityInterfaceForComposites._computeOutputPortDepth(CausalityInterfaceForComposites.java:765)
	at ptolemy.actor.util.CausalityInterfaceForComposites._computeInputDepth(CausalityInterfaceForComposites.java:696)
	at ptolemy.actor.util.CausalityInterfaceForComposites._computeOutputPortDepth(CausalityInterfaceForComposites.java:765)
	at ptolemy.actor.util.CausalityInterfaceForComposites._computeInputDepth(CausalityInterfaceForComposites.java:696)
	at ptolemy.actor.util.CausalityInterfaceForComposites._computeActorDepth(CausalityInterfaceForComposites.java:532)
	at ptolemy.actor.util.CausalityInterfaceForComposites.checkForCycles(CausalityInterfaceForComposites.java:96)
	at ptolemy.domains.de.kernel.DEDirector.preinitialize(DEDirector.java:1338)
	at ptolemy.actor.CompositeActor.preinitialize(CompositeActor.java:1828)
	at ptolemy.actor.Manager.preinitializeAndResolveTypes(Manager.java:1040)
	at ptolemy.actor.Manager.initialize(Manager.java:710)
	at ptolemy.actor.Manager.execute(Manager.java:356)
	at ptolemy.actor.Manager.run(Manager.java:1263)
	at ptolemy.actor.Manager$PtolemyRunThread.run(Manager.java:1915)

    while executing
ptolemy.kernel.util.IllegalActionException: Found a zero delay loop containing .dependencyLoop.original
  in .dependencyLoop and .dependencyLoop.original
    while executing
"java::new ptolemy.moml.MoMLSimpleApplication $file
"
    (procedure "createAndExecute" line 2)
    invoked from within
"createAndExecute $file"
    ("uplevel" body line 5)
    invoked from within
"uplevel $contents_of_test"
------------------ testing $PTII/ptolemy/domains/de/test/auto/knownFailedTests/DESDFClockTest.xml (Known Failure) 
2059 ms. Memory: 146944K Free: 116654K (79%)


==== $PTIIhome/travis/build/icyphy/ptII/ptolemy/domains/de/test/../../../../: Auto Automatic test in file $PTII/ptolemy/domains/de/test/auto/knownFailedTests/DESDFClockTest.xml
==== Contents of test case:

	    # FIXME: we should use $relativeFilename here, but it
	    # might have backslashes under Windows, which causes no end
	    # of trouble.
	    createAndExecute $file
	    list {}
	
.... Test generated KNOWN error:
    while executing
ptolemy.kernel.util.IllegalActionException: Actor is not ready to fire.  Perhaps UpSample.prefire() returned false? Try debugging the actor by selecting "Listen to Actor".  Also, for SDF check moml for tokenConsumptionRate on input.
  in .DESDFClockTest.Play Bell.Copy1:SDF Director and .DESDFClockTest.Play Bell.UpSample
	at ptolemy.actor.sched.StaticSchedulingDirector.fire(StaticSchedulingDirector.java:227)
	at ptolemy.domains.sdf.kernel.SDFDirector.fire(SDFDirector.java:500)
	at ptolemy.actor.CompositeActor.fire(CompositeActor.java:455)
	at ptolemy.domains.de.kernel.DEDirector._fire(DEDirector.java:1949)
	at ptolemy.domains.de.kernel.DEDirector.fire(DEDirector.java:502)
	at ptolemy.actor.CompositeActor.fire(CompositeActor.java:455)
	at ptolemy.actor.Manager.iterate(Manager.java:851)
	at ptolemy.actor.Manager.execute(Manager.java:369)
	at ptolemy.actor.Manager.run(Manager.java:1263)
	at ptolemy.actor.Manager$PtolemyRunThread.run(Manager.java:1915)

    while executing
ptolemy.kernel.util.IllegalActionException: Actor is not ready to fire.  Perhaps UpSample.prefire() returned false? Try debugging the actor by selecting "Listen to Actor".  Also, for SDF check moml for tokenConsumptionRate on input.
  in .DESDFClockTest.Play Bell.Copy1:SDF Director and .DESDFClockTest.Play Bell.UpSample
    while executing
"java::new ptolemy.moml.MoMLSimpleApplication $file
"
    (procedure "createAndExecute" line 2)
    invoked from within
"createAndExecute $file"
    ("uplevel" body line 5)
    invoked from within
"uplevel $contents_of_test"
------------------ testing $PTII/ptolemy/domains/de/test/auto/knownFailedTests/FSMSource.xml (Known Failure) 
21 ms. Memory: 146944K Free: 107724K (73%)
!!!! Auto was marked as failing, but now passes
------------------ testing $PTII/ptolemy/domains/de/test/auto/knownFailedTests/dependencyLoop2.xml (Known Failure) 
9 ms. Memory: 146944K Free: 105840K (72%)


==== $PTIIhome/travis/build/icyphy/ptII/ptolemy/domains/de/test/../../../../: Auto Automatic test in file $PTII/ptolemy/domains/de/test/auto/knownFailedTests/dependencyLoop2.xml
==== Contents of test case:

	    # FIXME: we should use $relativeFilename here, but it
	    # might have backslashes under Windows, which causes no end
	    # of trouble.
	    createAndExecute $file
	    list {}
	
.... Test generated KNOWN error:
    while executing
ptolemy.kernel.util.IllegalActionException: Found a zero delay loop containing .dependencyLoop2.original
  in .dependencyLoop2 and .dependencyLoop2.original
	at ptolemy.actor.util.CausalityInterfaceForComposites._computeOutputPortDepth(CausalityInterfaceForComposites.java:759)
	at ptolemy.actor.util.CausalityInterfaceForComposites._computeInputDepth(CausalityInterfaceForComposites.java:696)
	at ptolemy.actor.util.CausalityInterfaceForComposites._computeOutputPortDepth(CausalityInterfaceForComposites.java:765)
	at ptolemy.actor.util.CausalityInterfaceForComposites._computeInputDepth(CausalityInterfaceForComposites.java:696)
	at ptolemy.actor.util.CausalityInterfaceForComposites._computeOutputPortDepth(CausalityInterfaceForComposites.java:765)
	at ptolemy.actor.util.CausalityInterfaceForComposites._computeInputDepth(CausalityInterfaceForComposites.java:696)
	at ptolemy.actor.util.CausalityInterfaceForComposites._computeActorDepth(CausalityInterfaceForComposites.java:532)
	at ptolemy.actor.util.CausalityInterfaceForComposites.checkForCycles(CausalityInterfaceForComposites.java:96)
	at ptolemy.domains.de.kernel.DEDirector.preinitialize(DEDirector.java:1338)
	at ptolemy.actor.CompositeActor.preinitialize(CompositeActor.java:1828)
	at ptolemy.actor.Manager.preinitializeAndResolveTypes(Manager.java:1040)
	at ptolemy.actor.Manager.initialize(Manager.java:710)
	at ptolemy.actor.Manager.execute(Manager.java:356)
	at ptolemy.actor.Manager.run(Manager.java:1263)
	at ptolemy.actor.Manager$PtolemyRunThread.run(Manager.java:1915)

    while executing
ptolemy.kernel.util.IllegalActionException: Found a zero delay loop containing .dependencyLoop2.original
  in .dependencyLoop2 and .dependencyLoop2.original
    while executing
"java::new ptolemy.moml.MoMLSimpleApplication $file
"
    (procedure "createAndExecute" line 2)
    invoked from within
"createAndExecute $file"
    ("uplevel" body line 5)
    invoked from within
"uplevel $contents_of_test"
------------------ testing $PTII/ptolemy/domains/de/test/auto/knownFailedTests/HierarchicalModel.xml (Known Failure) 
13 ms. Memory: 146944K Free: 84149K (57%)


==== $PTIIhome/travis/build/icyphy/ptII/ptolemy/domains/de/test/../../../../: Auto Automatic test in file $PTII/ptolemy/domains/de/test/auto/knownFailedTests/HierarchicalModel.xml
==== Contents of test case:

	    # FIXME: we should use $relativeFilename here, but it
	    # might have backslashes under Windows, which causes no end
	    # of trouble.
	    createAndExecute $file
	    list {}
	
.... Test generated KNOWN error:
    while executing
ptolemy.kernel.util.IllegalActionException: Found a zero delay loop containing .HierarchicalModel.A
  in .HierarchicalModel and .HierarchicalModel.A
	at ptolemy.actor.util.CausalityInterfaceForComposites._computeOutputPortDepth(CausalityInterfaceForComposites.java:759)
	at ptolemy.actor.util.CausalityInterfaceForComposites._computeInputDepth(CausalityInterfaceForComposites.java:696)
	at ptolemy.actor.util.CausalityInterfaceForComposites._computeOutputPortDepth(CausalityInterfaceForComposites.java:765)
	at ptolemy.actor.util.CausalityInterfaceForComposites._computeInputDepth(CausalityInterfaceForComposites.java:696)
	at ptolemy.actor.util.CausalityInterfaceForComposites._computeOutputPortDepth(CausalityInterfaceForComposites.java:765)
	at ptolemy.actor.util.CausalityInterfaceForComposites._computeInputDepth(CausalityInterfaceForComposites.java:696)
	at ptolemy.actor.util.CausalityInterfaceForComposites._computeActorDepth(CausalityInterfaceForComposites.java:532)
	at ptolemy.actor.util.CausalityInterfaceForComposites.checkForCycles(CausalityInterfaceForComposites.java:96)
	at ptolemy.domains.de.kernel.DEDirector.preinitialize(DEDirector.java:1338)
	at ptolemy.actor.CompositeActor.preinitialize(CompositeActor.java:1828)
	at ptolemy.actor.Manager.preinitializeAndResolveTypes(Manager.java:1040)
	at ptolemy.actor.Manager.initialize(Manager.java:710)
	at ptolemy.actor.Manager.execute(Manager.java:356)
	at ptolemy.actor.Manager.run(Manager.java:1263)
	at ptolemy.actor.Manager$PtolemyRunThread.run(Manager.java:1915)

    while executing
ptolemy.kernel.util.IllegalActionException: Found a zero delay loop containing .HierarchicalModel.A
  in .HierarchicalModel and .HierarchicalModel.A
    while executing
"java::new ptolemy.moml.MoMLSimpleApplication $file
"
    (procedure "createAndExecute" line 2)
    invoked from within
"createAndExecute $file"
    ("uplevel" body line 5)
    invoked from within
"uplevel $contents_of_test"
------------------ testing $PTII/ptolemy/domains/de/test/auto/knownFailedTests/DirectFeedback.xml (Known Failure) 
7 ms. Memory: 146944K Free: 141143K (96%)


==== $PTIIhome/travis/build/icyphy/ptII/ptolemy/domains/de/test/../../../../: Auto Automatic test in file $PTII/ptolemy/domains/de/test/auto/knownFailedTests/DirectFeedback.xml
==== Contents of test case:

	    # FIXME: we should use $relativeFilename here, but it
	    # might have backslashes under Windows, which causes no end
	    # of trouble.
	    createAndExecute $file
	    list {}
	
.... Test generated KNOWN error:
    while executing
ptolemy.kernel.util.IllegalActionException: Test fails in iteration 1.
Value was: 1.0. Should have been: 2.0
  in .DirectFeedback.Test
	at ptolemy.actor.lib.Test.fire(Test.java:268)
	at ptolemy.domains.de.kernel.DEDirector._fire(DEDirector.java:1949)
	at ptolemy.domains.de.kernel.DEDirector.fire(DEDirector.java:502)
	at ptolemy.actor.CompositeActor.fire(CompositeActor.java:455)
	at ptolemy.actor.Manager.iterate(Manager.java:851)
	at ptolemy.actor.Manager.execute(Manager.java:369)
	at ptolemy.actor.Manager.run(Manager.java:1263)
	at ptolemy.actor.Manager$PtolemyRunThread.run(Manager.java:1915)

    while executing
ptolemy.kernel.util.IllegalActionException: Test fails in iteration 1.
Value was: 1.0. Should have been: 2.0
  in .DirectFeedback.Test
    while executing
"java::new ptolemy.moml.MoMLSimpleApplication $file
"
    (procedure "createAndExecute" line 2)
    invoked from within
"createAndExecute $file"
    ("uplevel" body line 5)
    invoked from within
"uplevel $contents_of_test"
------------------ testing $PTII/ptolemy/domains/de/test/auto/ActorDepthCalculation_actorWithoutPorts.xml
auto.tcl: Setting watchdog for 200 seconds at Wed Jun 20 18:43:21 UTC 2018
4 ms. Memory: 146944K Free: 132411K (90%)
ptolemy.util.test.WatchDog.cancel(): canceling Wed Jun 20 18:43:21 UTC 2018
auto.tcl: Setting watchdog for 200 seconds at Wed Jun 20 18:43:21 UTC 2018
4 ms. Memory: 146944K Free: 131371K (89%)
ptolemy.util.test.WatchDog.cancel(): canceling Wed Jun 20 18:43:21 UTC 2018
------------------ testing $PTII/ptolemy/domains/de/test/auto/AssemblyLine.xml
auto.tcl: Setting watchdog for 200 seconds at Wed Jun 20 18:43:22 UTC 2018
11 ms. Memory: 208384K Free: 186369K (89%)
ptolemy.util.test.WatchDog.cancel(): canceling Wed Jun 20 18:43:22 UTC 2018
auto.tcl: Setting watchdog for 200 seconds at Wed Jun 20 18:43:22 UTC 2018
6 ms. Memory: 208384K Free: 186369K (89%)
ptolemy.util.test.WatchDog.cancel(): canceling Wed Jun 20 18:43:22 UTC 2018
------------------ testing $PTII/ptolemy/domains/de/test/auto/CQBug1.xml
auto.tcl: Setting watchdog for 200 seconds at Wed Jun 20 18:43:22 UTC 2018
3 ms. Memory: 208384K Free: 197741K (95%)
ptolemy.util.test.WatchDog.cancel(): canceling Wed Jun 20 18:43:22 UTC 2018
auto.tcl: Setting watchdog for 200 seconds at Wed Jun 20 18:43:22 UTC 2018
2 ms. Memory: 208384K Free: 197741K (95%)
ptolemy.util.test.WatchDog.cancel(): canceling Wed Jun 20 18:43:22 UTC 2018
------------------ testing $PTII/ptolemy/domains/de/test/auto/CancelFireAt.xml
auto.tcl: Setting watchdog for 200 seconds at Wed Jun 20 18:43:22 UTC 2018
3 ms. Memory: 208384K Free: 201452K (97%)
ptolemy.util.test.WatchDog.cancel(): canceling Wed Jun 20 18:43:22 UTC 2018
auto.tcl: Setting watchdog for 200 seconds at Wed Jun 20 18:43:22 UTC 2018
7 ms. Memory: 208384K Free: 199362K (96%)
ptolemy.util.test.WatchDog.cancel(): canceling Wed Jun 20 18:43:22 UTC 2018
------------------ testing $PTII/ptolemy/domains/de/test/auto/CausalityAndComposabilityAnalysis.xml
auto.tcl: Setting watchdog for 200 seconds at Wed Jun 20 18:43:22 UTC 2018
7 ms. Memory: 208384K Free: 196870K (94%)
ptolemy.util.test.WatchDog.cancel(): canceling Wed Jun 20 18:43:22 UTC 2018
auto.tcl: Setting watchdog for 200 seconds at Wed Jun 20 18:43:22 UTC 2018
10 ms. Memory: 208384K Free: 196533K (94%)
ptolemy.util.test.WatchDog.cancel(): canceling Wed Jun 20 18:43:22 UTC 2018
------------------ testing $PTII/ptolemy/domains/de/test/auto/CausalityInterface1.xml
auto.tcl: Setting watchdog for 200 seconds at Wed Jun 20 18:43:22 UTC 2018
17 ms. Memory: 208384K Free: 196471K (94%)
ptolemy.util.test.WatchDog.cancel(): canceling Wed Jun 20 18:43:22 UTC 2018
auto.tcl: Setting watchdog for 200 seconds at Wed Jun 20 18:43:22 UTC 2018
4 ms. Memory: 208384K Free: 196471K (94%)
ptolemy.util.test.WatchDog.cancel(): canceling Wed Jun 20 18:43:22 UTC 2018
------------------ testing $PTII/ptolemy/domains/de/test/auto/CausalityInterface15.xml
auto.tcl: Setting watchdog for 200 seconds at Wed Jun 20 18:43:22 UTC 2018
5 ms. Memory: 208384K Free: 196460K (94%)
ptolemy.util.test.WatchDog.cancel(): canceling Wed Jun 20 18:43:23 UTC 2018
auto.tcl: Setting watchdog for 200 seconds at Wed Jun 20 18:43:23 UTC 2018
6 ms. Memory: 208384K Free: 194370K (93%)
ptolemy.util.test.WatchDog.cancel(): canceling Wed Jun 20 18:43:23 UTC 2018
------------------ testing $PTII/ptolemy/domains/de/test/auto/CausalityInterface2.xml
auto.tcl: Setting watchdog for 200 seconds at Wed Jun 20 18:43:23 UTC 2018
3 ms. Memory: 208384K Free: 196443K (94%)
ptolemy.util.test.WatchDog.cancel(): canceling Wed Jun 20 18:43:23 UTC 2018
auto.tcl: Setting watchdog for 200 seconds at Wed Jun 20 18:43:23 UTC 2018
2 ms. Memory: 208384K Free: 196443K (94%)
ptolemy.util.test.WatchDog.cancel(): canceling Wed Jun 20 18:43:23 UTC 2018
------------------ testing $PTII/ptolemy/domains/de/test/auto/CausalityInterface3.xml
auto.tcl: Setting watchdog for 200 seconds at Wed Jun 20 18:43:23 UTC 2018
4 ms. Memory: 208384K Free: 196794K (94%)
ptolemy.util.test.WatchDog.cancel(): canceling Wed Jun 20 18:43:23 UTC 2018
auto.tcl: Setting watchdog for 200 seconds at Wed Jun 20 18:43:23 UTC 2018
4 ms. Memory: 208384K Free: 196794K (94%)
ptolemy.util.test.WatchDog.cancel(): canceling Wed Jun 20 18:43:23 UTC 2018
------------------ testing $PTII/ptolemy/domains/de/test/auto/ClockDrift.xml
auto.tcl: Setting watchdog for 200 seconds at Wed Jun 20 18:43:23 UTC 2018
97 ms. Memory: 208384K Free: 187720K (90%)
ptolemy.util.test.WatchDog.cancel(): canceling Wed Jun 20 18:43:23 UTC 2018
auto.tcl: Setting watchdog for 200 seconds at Wed Jun 20 18:43:23 UTC 2018
62 ms. Memory: 208384K Free: 185630K (89%)
ptolemy.util.test.WatchDog.cancel(): canceling Wed Jun 20 18:43:23 UTC 2018
------------------ testing $PTII/ptolemy/domains/de/test/auto/ClockDriftAndValueChange.xml
auto.tcl: Setting watchdog for 200 seconds at Wed Jun 20 18:43:23 UTC 2018
33 ms. Memory: 208384K Free: 187552K (90%)
ptolemy.util.test.WatchDog.cancel(): canceling Wed Jun 20 18:43:23 UTC 2018
auto.tcl: Setting watchdog for 200 seconds at Wed Jun 20 18:43:23 UTC 2018
31 ms. Memory: 208384K Free: 185463K (89%)
ptolemy.util.test.WatchDog.cancel(): canceling Wed Jun 20 18:43:23 UTC 2018
------------------ testing $PTII/ptolemy/domains/de/test/auto/ClockDriftChange.xml
auto.tcl: Setting watchdog for 200 seconds at Wed Jun 20 18:43:23 UTC 2018
38 ms. Memory: 208384K Free: 190866K (92%)
ptolemy.util.test.WatchDog.cancel(): canceling Wed Jun 20 18:43:23 UTC 2018
auto.tcl: Setting watchdog for 200 seconds at Wed Jun 20 18:43:23 UTC 2018
26 ms. Memory: 208384K Free: 188776K (91%)
ptolemy.util.test.WatchDog.cancel(): canceling Wed Jun 20 18:43:23 UTC 2018
------------------ testing $PTII/ptolemy/domains/de/test/auto/ComposableCausalityAnalysis.xml
auto.tcl: Setting watchdog for 200 seconds at Wed Jun 20 18:43:23 UTC 2018
2 ms. Memory: 208384K Free: 196312K (94%)
ptolemy.util.test.WatchDog.cancel(): canceling Wed Jun 20 18:43:23 UTC 2018
auto.tcl: Setting watchdog for 200 seconds at Wed Jun 20 18:43:23 UTC 2018
2 ms. Memory: 208384K Free: 194222K (93%)
ptolemy.util.test.WatchDog.cancel(): canceling Wed Jun 20 18:43:23 UTC 2018
------------------ testing $PTII/ptolemy/domains/de/test/auto/DEFixedPointLimitation.xml
auto.tcl: Setting watchdog for 200 seconds at Wed Jun 20 18:43:23 UTC 2018
1 ms. Memory: 208384K Free: 196392K (94%)
ptolemy.util.test.WatchDog.cancel(): canceling Wed Jun 20 18:43:23 UTC 2018
auto.tcl: Setting watchdog for 200 seconds at Wed Jun 20 18:43:23 UTC 2018
1 ms. Memory: 208384K Free: 196392K (94%)
ptolemy.util.test.WatchDog.cancel(): canceling Wed Jun 20 18:43:23 UTC 2018
------------------ testing $PTII/ptolemy/domains/de/test/auto/DEScheduleTest.xml
auto.tcl: Setting watchdog for 200 seconds at Wed Jun 20 18:43:23 UTC 2018
7 ms. Memory: 208384K Free: 198517K (95%)
ptolemy.util.test.WatchDog.cancel(): canceling Wed Jun 20 18:43:23 UTC 2018
auto.tcl: Setting watchdog for 200 seconds at Wed Jun 20 18:43:23 UTC 2018
4 ms. Memory: 208384K Free: 196427K (94%)
ptolemy.util.test.WatchDog.cancel(): canceling Wed Jun 20 18:43:23 UTC 2018
------------------ testing $PTII/ptolemy/domains/de/test/auto/DEinDEwithStartTimes.xml
auto.tcl: Setting watchdog for 200 seconds at Wed Jun 20 18:43:24 UTC 2018
7 ms. Memory: 208384K Free: 196398K (94%)
ptolemy.util.test.WatchDog.cancel(): canceling Wed Jun 20 18:43:24 UTC 2018
auto.tcl: Setting watchdog for 200 seconds at Wed Jun 20 18:43:24 UTC 2018
3 ms. Memory: 208384K Free: 194308K (93%)
ptolemy.util.test.WatchDog.cancel(): canceling Wed Jun 20 18:43:24 UTC 2018
------------------ testing $PTII/ptolemy/domains/de/test/auto/DEinDEwithStartTimes2.xml
auto.tcl: Setting watchdog for 200 seconds at Wed Jun 20 18:43:24 UTC 2018
3 ms. Memory: 208384K Free: 196377K (94%)
ptolemy.util.test.WatchDog.cancel(): canceling Wed Jun 20 18:43:24 UTC 2018
auto.tcl: Setting watchdog for 200 seconds at Wed Jun 20 18:43:24 UTC 2018
4 ms. Memory: 208384K Free: 194287K (93%)
ptolemy.util.test.WatchDog.cancel(): canceling Wed Jun 20 18:43:24 UTC 2018
------------------ testing $PTII/ptolemy/domains/de/test/auto/DateDemo.xml
auto.tcl: Setting watchdog for 200 seconds at Wed Jun 20 18:43:24 UTC 2018
8 ms. Memory: 208384K Free: 188844K (91%)
ptolemy.util.test.WatchDog.cancel(): canceling Wed Jun 20 18:43:24 UTC 2018
auto.tcl: Setting watchdog for 200 seconds at Wed Jun 20 18:43:24 UTC 2018
9 ms. Memory: 208384K Free: 186754K (90%)
ptolemy.util.test.WatchDog.cancel(): canceling Wed Jun 20 18:43:24 UTC 2018
------------------ testing $PTII/ptolemy/domains/de/test/auto/DateToEvent.xml
auto.tcl: Setting watchdog for 200 seconds at Wed Jun 20 18:43:24 UTC 2018
2017 ms. Memory: 208384K Free: 183588K (88%)
ptolemy.util.test.WatchDog.cancel(): canceling Wed Jun 20 18:43:26 UTC 2018
auto.tcl: Setting watchdog for 200 seconds at Wed Jun 20 18:43:26 UTC 2018
2005 ms. Memory: 208384K Free: 183588K (88%)
ptolemy.util.test.WatchDog.cancel(): canceling Wed Jun 20 18:43:28 UTC 2018
------------------ testing $PTII/ptolemy/domains/de/test/auto/DepthTest1.xml
auto.tcl: Setting watchdog for 200 seconds at Wed Jun 20 18:43:28 UTC 2018
3 ms. Memory: 208384K Free: 198381K (95%)
ptolemy.util.test.WatchDog.cancel(): canceling Wed Jun 20 18:43:28 UTC 2018
auto.tcl: Setting watchdog for 200 seconds at Wed Jun 20 18:43:28 UTC 2018
2 ms. Memory: 208384K Free: 198381K (95%)
ptolemy.util.test.WatchDog.cancel(): canceling Wed Jun 20 18:43:28 UTC 2018
------------------ testing $PTII/ptolemy/domains/de/test/auto/DepthTest2.xml
auto.tcl: Setting watchdog for 200 seconds at Wed Jun 20 18:43:28 UTC 2018
11 ms. Memory: 208384K Free: 191808K (92%)
ptolemy.util.test.WatchDog.cancel(): canceling Wed Jun 20 18:43:28 UTC 2018
auto.tcl: Setting watchdog for 200 seconds at Wed Jun 20 18:43:28 UTC 2018
6 ms. Memory: 208384K Free: 191808K (92%)
ptolemy.util.test.WatchDog.cancel(): canceling Wed Jun 20 18:43:28 UTC 2018
------------------ testing $PTII/ptolemy/domains/de/test/auto/DepthTest3.xml
auto.tcl: Setting watchdog for 200 seconds at Wed Jun 20 18:43:28 UTC 2018
2 ms. Memory: 208384K Free: 198378K (95%)
ptolemy.util.test.WatchDog.cancel(): canceling Wed Jun 20 18:43:28 UTC 2018
auto.tcl: Setting watchdog for 200 seconds at Wed Jun 20 18:43:28 UTC 2018
1 ms. Memory: 208384K Free: 198378K (95%)
ptolemy.util.test.WatchDog.cancel(): canceling Wed Jun 20 18:43:28 UTC 2018
------------------ testing $PTII/ptolemy/domains/de/test/auto/DepthTest4.xml
auto.tcl: Setting watchdog for 200 seconds at Wed Jun 20 18:43:28 UTC 2018
3 ms. Memory: 208384K Free: 196375K (94%)
ptolemy.util.test.WatchDog.cancel(): canceling Wed Jun 20 18:43:28 UTC 2018
auto.tcl: Setting watchdog for 200 seconds at Wed Jun 20 18:43:28 UTC 2018
2 ms. Memory: 208384K Free: 196375K (94%)
ptolemy.util.test.WatchDog.cancel(): canceling Wed Jun 20 18:43:28 UTC 2018
------------------ testing $PTII/ptolemy/domains/de/test/auto/DepthTest5.xml
auto.tcl: Setting watchdog for 200 seconds at Wed Jun 20 18:43:28 UTC 2018
5 ms. Memory: 208384K Free: 196322K (94%)
ptolemy.util.test.WatchDog.cancel(): canceling Wed Jun 20 18:43:28 UTC 2018
auto.tcl: Setting watchdog for 200 seconds at Wed Jun 20 18:43:28 UTC 2018
3 ms. Memory: 208384K Free: 196322K (94%)
ptolemy.util.test.WatchDog.cancel(): canceling Wed Jun 20 18:43:28 UTC 2018
------------------ testing $PTII/ptolemy/domains/de/test/auto/DepthTest6.xml
auto.tcl: Setting watchdog for 200 seconds at Wed Jun 20 18:43:28 UTC 2018
6 ms. Memory: 208384K Free: 196635K (94%)
ptolemy.util.test.WatchDog.cancel(): canceling Wed Jun 20 18:43:28 UTC 2018
auto.tcl: Setting watchdog for 200 seconds at Wed Jun 20 18:43:28 UTC 2018
2 ms. Memory: 208384K Free: 196635K (94%)
ptolemy.util.test.WatchDog.cancel(): canceling Wed Jun 20 18:43:28 UTC 2018
------------------ testing $PTII/ptolemy/domains/de/test/auto/DepthTest7.xml
auto.tcl: Setting watchdog for 200 seconds at Wed Jun 20 18:43:28 UTC 2018
2 ms. Memory: 208384K Free: 196279K (94%)
ptolemy.util.test.WatchDog.cancel(): canceling Wed Jun 20 18:43:28 UTC 2018
auto.tcl: Setting watchdog for 200 seconds at Wed Jun 20 18:43:28 UTC 2018
2 ms. Memory: 208384K Free: 196279K (94%)
ptolemy.util.test.WatchDog.cancel(): canceling Wed Jun 20 18:43:28 UTC 2018
------------------ testing $PTII/ptolemy/domains/de/test/auto/EventToDate.xml
auto.tcl: Setting watchdog for 200 seconds at Wed Jun 20 18:43:28 UTC 2018
3011 ms. Memory: 208384K Free: 185851K (89%)
ptolemy.util.test.WatchDog.cancel(): canceling Wed Jun 20 18:43:32 UTC 2018
auto.tcl: Setting watchdog for 200 seconds at Wed Jun 20 18:43:32 UTC 2018
3003 ms. Memory: 208384K Free: 185851K (89%)
ptolemy.util.test.WatchDog.cancel(): canceling Wed Jun 20 18:43:35 UTC 2018
------------------ testing $PTII/ptolemy/domains/de/test/auto/FSM1.xml
auto.tcl: Setting watchdog for 200 seconds at Wed Jun 20 18:43:35 UTC 2018
21 ms. Memory: 208384K Free: 187261K (90%)
ptolemy.util.test.WatchDog.cancel(): canceling Wed Jun 20 18:43:35 UTC 2018
auto.tcl: Setting watchdog for 200 seconds at Wed Jun 20 18:43:35 UTC 2018
22 ms. Memory: 208384K Free: 185171K (89%)
ptolemy.util.test.WatchDog.cancel(): canceling Wed Jun 20 18:43:35 UTC 2018
------------------ testing $PTII/ptolemy/domains/de/test/auto/FSM7.xml
auto.tcl: Setting watchdog for 200 seconds at Wed Jun 20 18:43:35 UTC 2018
24 ms. Memory: 208384K Free: 187467K (90%)
ptolemy.util.test.WatchDog.cancel(): canceling Wed Jun 20 18:43:35 UTC 2018
auto.tcl: Setting watchdog for 200 seconds at Wed Jun 20 18:43:35 UTC 2018
17 ms. Memory: 208384K Free: 185377K (89%)
ptolemy.util.test.WatchDog.cancel(): canceling Wed Jun 20 18:43:35 UTC 2018
------------------ testing $PTII/ptolemy/domains/de/test/auto/Inspection.xml
auto.tcl: Setting watchdog for 200 seconds at Wed Jun 20 18:43:35 UTC 2018
44 ms. Memory: 208384K Free: 188681K (91%)
ptolemy.util.test.WatchDog.cancel(): canceling Wed Jun 20 18:43:35 UTC 2018
auto.tcl: Setting watchdog for 200 seconds at Wed Jun 20 18:43:35 UTC 2018
22 ms. Memory: 208384K Free: 186591K (90%)
ptolemy.util.test.WatchDog.cancel(): canceling Wed Jun 20 18:43:35 UTC 2018
------------------ testing $PTII/ptolemy/domains/de/test/auto/Iteration.xml
auto.tcl: Setting watchdog for 200 seconds at Wed Jun 20 18:43:35 UTC 2018
8 ms. Memory: 208384K Free: 196425K (94%)
ptolemy.util.test.WatchDog.cancel(): canceling Wed Jun 20 18:43:35 UTC 2018
auto.tcl: Setting watchdog for 200 seconds at Wed Jun 20 18:43:35 UTC 2018
7 ms. Memory: 208384K Free: 193997K (93%)
ptolemy.util.test.WatchDog.cancel(): canceling Wed Jun 20 18:43:35 UTC 2018
------------------ testing $PTII/ptolemy/domains/de/test/auto/LineFault.xml
auto.tcl: Setting watchdog for 200 seconds at Wed Jun 20 18:43:35 UTC 2018
689 ms. Memory: 208384K Free: 196164K (94%)
ptolemy.util.test.WatchDog.cancel(): canceling Wed Jun 20 18:43:36 UTC 2018
auto.tcl: Setting watchdog for 200 seconds at Wed Jun 20 18:43:36 UTC 2018
575 ms. Memory: 208384K Free: 139117K (67%)
ptolemy.util.test.WatchDog.cancel(): canceling Wed Jun 20 18:43:37 UTC 2018
------------------ testing $PTII/ptolemy/domains/de/test/auto/MergeModel1Add.xml
auto.tcl: Setting watchdog for 200 seconds at Wed Jun 20 18:43:37 UTC 2018
25 ms. Memory: 331264K Free: 298894K (90%)
ptolemy.util.test.WatchDog.cancel(): canceling Wed Jun 20 18:43:37 UTC 2018
auto.tcl: Setting watchdog for 200 seconds at Wed Jun 20 18:43:37 UTC 2018
16 ms. Memory: 331264K Free: 298894K (90%)
ptolemy.util.test.WatchDog.cancel(): canceling Wed Jun 20 18:43:37 UTC 2018
------------------ testing $PTII/ptolemy/domains/de/test/auto/MergeModel2Add.xml
auto.tcl: Setting watchdog for 200 seconds at Wed Jun 20 18:43:37 UTC 2018
13 ms. Memory: 331264K Free: 304176K (92%)
ptolemy.util.test.WatchDog.cancel(): canceling Wed Jun 20 18:43:37 UTC 2018
auto.tcl: Setting watchdog for 200 seconds at Wed Jun 20 18:43:37 UTC 2018
12 ms. Memory: 331264K Free: 300232K (91%)
ptolemy.util.test.WatchDog.cancel(): canceling Wed Jun 20 18:43:37 UTC 2018
------------------ testing $PTII/ptolemy/domains/de/test/auto/MergeModel3Add.xml
auto.tcl: Setting watchdog for 200 seconds at Wed Jun 20 18:43:37 UTC 2018
9 ms. Memory: 331264K Free: 304186K (92%)
ptolemy.util.test.WatchDog.cancel(): canceling Wed Jun 20 18:43:37 UTC 2018
auto.tcl: Setting watchdog for 200 seconds at Wed Jun 20 18:43:37 UTC 2018
7 ms. Memory: 331264K Free: 300242K (91%)
ptolemy.util.test.WatchDog.cancel(): canceling Wed Jun 20 18:43:37 UTC 2018
------------------ testing $PTII/ptolemy/domains/de/test/auto/MergeWithoutDiscard.xml
auto.tcl: Setting watchdog for 200 seconds at Wed Jun 20 18:43:37 UTC 2018
4 ms. Memory: 331264K Free: 319959K (97%)
ptolemy.util.test.WatchDog.cancel(): canceling Wed Jun 20 18:43:37 UTC 2018
auto.tcl: Setting watchdog for 200 seconds at Wed Jun 20 18:43:37 UTC 2018
2 ms. Memory: 331264K Free: 316015K (95%)
ptolemy.util.test.WatchDog.cancel(): canceling Wed Jun 20 18:43:37 UTC 2018
------------------ testing $PTII/ptolemy/domains/de/test/auto/Modal1.xml
auto.tcl: Setting watchdog for 200 seconds at Wed Jun 20 18:43:37 UTC 2018
14 ms. Memory: 331264K Free: 309912K (94%)
ptolemy.util.test.WatchDog.cancel(): canceling Wed Jun 20 18:43:37 UTC 2018
auto.tcl: Setting watchdog for 200 seconds at Wed Jun 20 18:43:37 UTC 2018
16 ms. Memory: 331264K Free: 305968K (92%)
ptolemy.util.test.WatchDog.cancel(): canceling Wed Jun 20 18:43:37 UTC 2018
------------------ testing $PTII/ptolemy/domains/de/test/auto/Modal2.xml
auto.tcl: Setting watchdog for 200 seconds at Wed Jun 20 18:43:37 UTC 2018
17 ms. Memory: 331264K Free: 309793K (94%)
ptolemy.util.test.WatchDog.cancel(): canceling Wed Jun 20 18:43:37 UTC 2018
auto.tcl: Setting watchdog for 200 seconds at Wed Jun 20 18:43:37 UTC 2018
19 ms. Memory: 331264K Free: 305849K (92%)
ptolemy.util.test.WatchDog.cancel(): canceling Wed Jun 20 18:43:37 UTC 2018
------------------ testing $PTII/ptolemy/domains/de/test/auto/Modal3.xml
auto.tcl: Setting watchdog for 200 seconds at Wed Jun 20 18:43:37 UTC 2018
14 ms. Memory: 331264K Free: 309783K (94%)
ptolemy.util.test.WatchDog.cancel(): canceling Wed Jun 20 18:43:37 UTC 2018
auto.tcl: Setting watchdog for 200 seconds at Wed Jun 20 18:43:37 UTC 2018
14 ms. Memory: 331264K Free: 305839K (92%)
ptolemy.util.test.WatchDog.cancel(): canceling Wed Jun 20 18:43:37 UTC 2018
------------------ testing $PTII/ptolemy/domains/de/test/auto/Modal4.xml
auto.tcl: Setting watchdog for 200 seconds at Wed Jun 20 18:43:38 UTC 2018
21 ms. Memory: 331264K Free: 309588K (93%)
ptolemy.util.test.WatchDog.cancel(): canceling Wed Jun 20 18:43:38 UTC 2018
auto.tcl: Setting watchdog for 200 seconds at Wed Jun 20 18:43:38 UTC 2018
20 ms. Memory: 331264K Free: 305644K (92%)
ptolemy.util.test.WatchDog.cancel(): canceling Wed Jun 20 18:43:38 UTC 2018
------------------ testing $PTII/ptolemy/domains/de/test/auto/Modal5.xml
auto.tcl: Setting watchdog for 200 seconds at Wed Jun 20 18:43:38 UTC 2018
19 ms. Memory: 331264K Free: 309573K (93%)
ptolemy.util.test.WatchDog.cancel(): canceling Wed Jun 20 18:43:38 UTC 2018
auto.tcl: Setting watchdog for 200 seconds at Wed Jun 20 18:43:38 UTC 2018
13 ms. Memory: 331264K Free: 305630K (92%)
ptolemy.util.test.WatchDog.cancel(): canceling Wed Jun 20 18:43:38 UTC 2018
------------------ testing $PTII/ptolemy/domains/de/test/auto/Modal6.xml
auto.tcl: Setting watchdog for 200 seconds at Wed Jun 20 18:43:38 UTC 2018
11 ms. Memory: 331264K Free: 309571K (93%)
ptolemy.util.test.WatchDog.cancel(): canceling Wed Jun 20 18:43:38 UTC 2018
auto.tcl: Setting watchdog for 200 seconds at Wed Jun 20 18:43:38 UTC 2018
13 ms. Memory: 331264K Free: 305627K (92%)
ptolemy.util.test.WatchDog.cancel(): canceling Wed Jun 20 18:43:38 UTC 2018
------------------ testing $PTII/ptolemy/domains/de/test/auto/Modal7.xml
auto.tcl: Setting watchdog for 200 seconds at Wed Jun 20 18:43:38 UTC 2018
16 ms. Memory: 331264K Free: 309571K (93%)
ptolemy.util.test.WatchDog.cancel(): canceling Wed Jun 20 18:43:38 UTC 2018
auto.tcl: Setting watchdog for 200 seconds at Wed Jun 20 18:43:38 UTC 2018
10 ms. Memory: 331264K Free: 305627K (92%)
ptolemy.util.test.WatchDog.cancel(): canceling Wed Jun 20 18:43:38 UTC 2018
------------------ testing $PTII/ptolemy/domains/de/test/auto/ModalModel.xml
auto.tcl: Setting watchdog for 200 seconds at Wed Jun 20 18:43:38 UTC 2018
171 ms. Memory: 331264K Free: 246098K (74%)
ptolemy.util.test.WatchDog.cancel(): canceling Wed Jun 20 18:43:38 UTC 2018
auto.tcl: Setting watchdog for 200 seconds at Wed Jun 20 18:43:38 UTC 2018
176 ms. Memory: 331264K Free: 190868K (58%)
ptolemy.util.test.WatchDog.cancel(): canceling Wed Jun 20 18:43:38 UTC 2018
------------------ testing $PTII/ptolemy/domains/de/test/auto/ModalSource.xml
auto.tcl: Setting watchdog for 200 seconds at Wed Jun 20 18:43:38 UTC 2018
5 ms. Memory: 331264K Free: 316336K (95%)
ptolemy.util.test.WatchDog.cancel(): canceling Wed Jun 20 18:43:38 UTC 2018
auto.tcl: Setting watchdog for 200 seconds at Wed Jun 20 18:43:38 UTC 2018
5 ms. Memory: 331264K Free: 312808K (94%)
ptolemy.util.test.WatchDog.cancel(): canceling Wed Jun 20 18:43:38 UTC 2018
------------------ testing $PTII/ptolemy/domains/de/test/auto/NonInterruptibleTimerZeroDelay.xml
auto.tcl: Setting watchdog for 200 seconds at Wed Jun 20 18:43:38 UTC 2018
4 ms. Memory: 331264K Free: 320703K (97%)
ptolemy.util.test.WatchDog.cancel(): canceling Wed Jun 20 18:43:39 UTC 2018
auto.tcl: Setting watchdog for 200 seconds at Wed Jun 20 18:43:39 UTC 2018
2 ms. Memory: 331264K Free: 317174K (96%)
ptolemy.util.test.WatchDog.cancel(): canceling Wed Jun 20 18:43:39 UTC 2018
------------------ testing $PTII/ptolemy/domains/de/test/auto/OpenQueueingNetwork.xml
auto.tcl: Setting watchdog for 200 seconds at Wed Jun 20 18:43:39 UTC 2018
2667 ms. Memory: 573952K Free: 421319K (73%)
ptolemy.util.test.WatchDog.cancel(): canceling Wed Jun 20 18:43:41 UTC 2018
auto.tcl: Setting watchdog for 200 seconds at Wed Jun 20 18:43:41 UTC 2018
2076 ms. Memory: 550912K Free: 331397K (60%)
ptolemy.util.test.WatchDog.cancel(): canceling Wed Jun 20 18:43:43 UTC 2018
------------------ testing $PTII/ptolemy/domains/de/test/auto/OpenQueuingNetwork.xml
auto.tcl: Setting watchdog for 200 seconds at Wed Jun 20 18:43:43 UTC 2018
223 ms. Memory: 549888K Free: 445295K (81%)
ptolemy.util.test.WatchDog.cancel(): canceling Wed Jun 20 18:43:44 UTC 2018
auto.tcl: Setting watchdog for 200 seconds at Wed Jun 20 18:43:44 UTC 2018
209 ms. Memory: 549888K Free: 385205K (70%)
ptolemy.util.test.WatchDog.cancel(): canceling Wed Jun 20 18:43:44 UTC 2018
------------------ testing $PTII/ptolemy/domains/de/test/auto/PeriodicSampler.xml
auto.tcl: Setting watchdog for 200 seconds at Wed Jun 20 18:43:44 UTC 2018
3 ms. Memory: 551936K Free: 531672K (96%)
ptolemy.util.test.WatchDog.cancel(): canceling Wed Jun 20 18:43:44 UTC 2018
auto.tcl: Setting watchdog for 200 seconds at Wed Jun 20 18:43:44 UTC 2018
2 ms. Memory: 551936K Free: 531672K (96%)
ptolemy.util.test.WatchDog.cancel(): canceling Wed Jun 20 18:43:44 UTC 2018
------------------ testing $PTII/ptolemy/domains/de/test/auto/PersistentIO.xml
auto.tcl: Setting watchdog for 200 seconds at Wed Jun 20 18:43:44 UTC 2018
5 ms. Memory: 549376K Free: 524462K (95%)
ptolemy.util.test.WatchDog.cancel(): canceling Wed Jun 20 18:43:44 UTC 2018
auto.tcl: Setting watchdog for 200 seconds at Wed Jun 20 18:43:44 UTC 2018
4 ms. Memory: 549376K Free: 524462K (95%)
ptolemy.util.test.WatchDog.cancel(): canceling Wed Jun 20 18:43:44 UTC 2018
------------------ testing $PTII/ptolemy/domains/de/test/auto/PortParameterResetOnInitialize.xml
auto.tcl: Setting watchdog for 200 seconds at Wed Jun 20 18:43:44 UTC 2018
3 ms. Memory: 551424K Free: 531620K (96%)
ptolemy.util.test.WatchDog.cancel(): canceling Wed Jun 20 18:43:44 UTC 2018
auto.tcl: Setting watchdog for 200 seconds at Wed Jun 20 18:43:44 UTC 2018
2 ms. Memory: 551424K Free: 531620K (96%)
ptolemy.util.test.WatchDog.cancel(): canceling Wed Jun 20 18:43:44 UTC 2018
------------------ testing $PTII/ptolemy/domains/de/test/auto/PortParameterUpdates.xml
auto.tcl: Setting watchdog for 200 seconds at Wed Jun 20 18:43:44 UTC 2018
5 ms. Memory: 549376K Free: 534384K (97%)
ptolemy.util.test.WatchDog.cancel(): canceling Wed Jun 20 18:43:44 UTC 2018
auto.tcl: Setting watchdog for 200 seconds at Wed Jun 20 18:43:44 UTC 2018
3 ms. Memory: 549376K Free: 528921K (96%)
ptolemy.util.test.WatchDog.cancel(): canceling Wed Jun 20 18:43:44 UTC 2018
------------------ testing $PTII/ptolemy/domains/de/test/auto/QueueAndServer.xml
auto.tcl: Setting watchdog for 200 seconds at Wed Jun 20 18:43:44 UTC 2018
16 ms. Memory: 551424K Free: 530917K (96%)
ptolemy.util.test.WatchDog.cancel(): canceling Wed Jun 20 18:43:44 UTC 2018
auto.tcl: Setting watchdog for 200 seconds at Wed Jun 20 18:43:44 UTC 2018
6 ms. Memory: 551424K Free: 530917K (96%)
ptolemy.util.test.WatchDog.cancel(): canceling Wed Jun 20 18:43:44 UTC 2018
------------------ testing $PTII/ptolemy/domains/de/test/auto/Records.xml
auto.tcl: Setting watchdog for 200 seconds at Wed Jun 20 18:43:44 UTC 2018
3 ms. Memory: 549376K Free: 534289K (97%)
ptolemy.util.test.WatchDog.cancel(): canceling Wed Jun 20 18:43:44 UTC 2018
auto.tcl: Setting watchdog for 200 seconds at Wed Jun 20 18:43:44 UTC 2018
2 ms. Memory: 549376K Free: 528826K (96%)
ptolemy.util.test.WatchDog.cancel(): canceling Wed Jun 20 18:43:44 UTC 2018
------------------ testing $PTII/ptolemy/domains/de/test/auto/ResetTransitionWithStartTime1.xml
auto.tcl: Setting watchdog for 200 seconds at Wed Jun 20 18:43:44 UTC 2018
14 ms. Memory: 551424K Free: 530885K (96%)
ptolemy.util.test.WatchDog.cancel(): canceling Wed Jun 20 18:43:45 UTC 2018
auto.tcl: Setting watchdog for 200 seconds at Wed Jun 20 18:43:45 UTC 2018
7 ms. Memory: 551424K Free: 530885K (96%)
ptolemy.util.test.WatchDog.cancel(): canceling Wed Jun 20 18:43:45 UTC 2018
------------------ testing $PTII/ptolemy/domains/de/test/auto/ResetTransitionWithStartTime2.xml
auto.tcl: Setting watchdog for 200 seconds at Wed Jun 20 18:43:45 UTC 2018
5 ms. Memory: 549376K Free: 529057K (96%)
ptolemy.util.test.WatchDog.cancel(): canceling Wed Jun 20 18:43:45 UTC 2018
auto.tcl: Setting watchdog for 200 seconds at Wed Jun 20 18:43:45 UTC 2018
4 ms. Memory: 549376K Free: 529057K (96%)
ptolemy.util.test.WatchDog.cancel(): canceling Wed Jun 20 18:43:45 UTC 2018
------------------ testing $PTII/ptolemy/domains/de/test/auto/ResetTransitionWithStartTime3.xml
auto.tcl: Setting watchdog for 200 seconds at Wed Jun 20 18:43:45 UTC 2018
6 ms. Memory: 550912K Free: 530362K (96%)
ptolemy.util.test.WatchDog.cancel(): canceling Wed Jun 20 18:43:45 UTC 2018
auto.tcl: Setting watchdog for 200 seconds at Wed Jun 20 18:43:45 UTC 2018
7 ms. Memory: 550912K Free: 530362K (96%)
ptolemy.util.test.WatchDog.cancel(): canceling Wed Jun 20 18:43:45 UTC 2018
------------------ testing $PTII/ptolemy/domains/de/test/auto/ResetTransitionWithStartTime4.xml
auto.tcl: Setting watchdog for 200 seconds at Wed Jun 20 18:43:45 UTC 2018
3 ms. Memory: 549376K Free: 528840K (96%)
ptolemy.util.test.WatchDog.cancel(): canceling Wed Jun 20 18:43:45 UTC 2018
auto.tcl: Setting watchdog for 200 seconds at Wed Jun 20 18:43:45 UTC 2018
3 ms. Memory: 549376K Free: 528840K (96%)
ptolemy.util.test.WatchDog.cancel(): canceling Wed Jun 20 18:43:45 UTC 2018
------------------ testing $PTII/ptolemy/domains/de/test/auto/ResettableTimer1.xml
auto.tcl: Setting watchdog for 200 seconds at Wed Jun 20 18:43:45 UTC 2018
3 ms. Memory: 550912K Free: 535834K (97%)
ptolemy.util.test.WatchDog.cancel(): canceling Wed Jun 20 18:43:45 UTC 2018
auto.tcl: Setting watchdog for 200 seconds at Wed Jun 20 18:43:45 UTC 2018
2 ms. Memory: 550912K Free: 535834K (97%)
ptolemy.util.test.WatchDog.cancel(): canceling Wed Jun 20 18:43:45 UTC 2018
------------------ testing $PTII/ptolemy/domains/de/test/auto/ResettableTimer2.xml
auto.tcl: Setting watchdog for 200 seconds at Wed Jun 20 18:43:45 UTC 2018
2 ms. Memory: 549376K Free: 534586K (97%)
ptolemy.util.test.WatchDog.cancel(): canceling Wed Jun 20 18:43:45 UTC 2018
auto.tcl: Setting watchdog for 200 seconds at Wed Jun 20 18:43:45 UTC 2018
2 ms. Memory: 549376K Free: 534586K (97%)
ptolemy.util.test.WatchDog.cancel(): canceling Wed Jun 20 18:43:45 UTC 2018
------------------ testing $PTII/ptolemy/domains/de/test/auto/ResettableTimer3.xml
auto.tcl: Setting watchdog for 200 seconds at Wed Jun 20 18:43:45 UTC 2018
1 ms. Memory: 550912K Free: 535892K (97%)
ptolemy.util.test.WatchDog.cancel(): canceling Wed Jun 20 18:43:45 UTC 2018
auto.tcl: Setting watchdog for 200 seconds at Wed Jun 20 18:43:45 UTC 2018
1 ms. Memory: 550912K Free: 535892K (97%)
ptolemy.util.test.WatchDog.cancel(): canceling Wed Jun 20 18:43:45 UTC 2018
------------------ testing $PTII/ptolemy/domains/de/test/auto/ResettableTimer4.xml
auto.tcl: Setting watchdog for 200 seconds at Wed Jun 20 18:43:45 UTC 2018
1 ms. Memory: 549376K Free: 534598K (97%)
ptolemy.util.test.WatchDog.cancel(): canceling Wed Jun 20 18:43:45 UTC 2018
auto.tcl: Setting watchdog for 200 seconds at Wed Jun 20 18:43:45 UTC 2018
1 ms. Memory: 549376K Free: 534598K (97%)
ptolemy.util.test.WatchDog.cancel(): canceling Wed Jun 20 18:43:45 UTC 2018
------------------ testing $PTII/ptolemy/domains/de/test/auto/ResettableTimer5.xml
auto.tcl: Setting watchdog for 200 seconds at Wed Jun 20 18:43:45 UTC 2018
1 ms. Memory: 550400K Free: 530712K (96%)
ptolemy.util.test.WatchDog.cancel(): canceling Wed Jun 20 18:43:45 UTC 2018
auto.tcl: Setting watchdog for 200 seconds at Wed Jun 20 18:43:45 UTC 2018
1 ms. Memory: 550400K Free: 530712K (96%)
ptolemy.util.test.WatchDog.cancel(): canceling Wed Jun 20 18:43:45 UTC 2018
------------------ testing $PTII/ptolemy/domains/de/test/auto/ResettableTimer6.xml
auto.tcl: Setting watchdog for 200 seconds at Wed Jun 20 18:43:45 UTC 2018
1 ms. Memory: 549376K Free: 534317K (97%)
ptolemy.util.test.WatchDog.cancel(): canceling Wed Jun 20 18:43:45 UTC 2018
auto.tcl: Setting watchdog for 200 seconds at Wed Jun 20 18:43:45 UTC 2018
2 ms. Memory: 549376K Free: 534317K (97%)
ptolemy.util.test.WatchDog.cancel(): canceling Wed Jun 20 18:43:45 UTC 2018
------------------ testing $PTII/ptolemy/domains/de/test/auto/ServerZeroDelay.xml
auto.tcl: Setting watchdog for 200 seconds at Wed Jun 20 18:43:45 UTC 2018
2 ms. Memory: 550400K Free: 535561K (97%)
ptolemy.util.test.WatchDog.cancel(): canceling Wed Jun 20 18:43:45 UTC 2018
auto.tcl: Setting watchdog for 200 seconds at Wed Jun 20 18:43:45 UTC 2018
2 ms. Memory: 550400K Free: 535561K (97%)
ptolemy.util.test.WatchDog.cancel(): canceling Wed Jun 20 18:43:45 UTC 2018
------------------ testing $PTII/ptolemy/domains/de/test/auto/SmartSender.xml
auto.tcl: Setting watchdog for 200 seconds at Wed Jun 20 18:43:45 UTC 2018
3001 ms. Memory: 549376K Free: 534532K (97%)
ptolemy.util.test.WatchDog.cancel(): canceling Wed Jun 20 18:43:48 UTC 2018
auto.tcl: Setting watchdog for 200 seconds at Wed Jun 20 18:43:48 UTC 2018
3002 ms. Memory: 549376K Free: 534532K (97%)
ptolemy.util.test.WatchDog.cancel(): canceling Wed Jun 20 18:43:51 UTC 2018
------------------ testing $PTII/ptolemy/domains/de/test/auto/ThreadedComposite.xml
auto.tcl: Setting watchdog for 200 seconds at Wed Jun 20 18:43:51 UTC 2018
175 ms. Memory: 550400K Free: 510360K (93%)
ptolemy.util.test.WatchDog.cancel(): canceling Wed Jun 20 18:43:51 UTC 2018
auto.tcl: Setting watchdog for 200 seconds at Wed Jun 20 18:43:51 UTC 2018
101 ms. Memory: 550400K Free: 495538K (90%)
ptolemy.util.test.WatchDog.cancel(): canceling Wed Jun 20 18:43:52 UTC 2018
------------------ testing $PTII/ptolemy/domains/de/test/auto/Time.xml
auto.tcl: Setting watchdog for 200 seconds at Wed Jun 20 18:43:52 UTC 2018
504 ms. Memory: 549376K Free: 482551K (88%)
ptolemy.util.test.WatchDog.cancel(): canceling Wed Jun 20 18:43:52 UTC 2018
auto.tcl: Setting watchdog for 200 seconds at Wed Jun 20 18:43:52 UTC 2018
502 ms. Memory: 549376K Free: 422462K (77%)
ptolemy.util.test.WatchDog.cancel(): canceling Wed Jun 20 18:43:53 UTC 2018
------------------ testing $PTII/ptolemy/domains/de/test/auto/TimeDelayZeroDelay.xml
auto.tcl: Setting watchdog for 200 seconds at Wed Jun 20 18:43:53 UTC 2018
2 ms. Memory: 550400K Free: 535249K (97%)
ptolemy.util.test.WatchDog.cancel(): canceling Wed Jun 20 18:43:53 UTC 2018
auto.tcl: Setting watchdog for 200 seconds at Wed Jun 20 18:43:53 UTC 2018
2 ms. Memory: 550400K Free: 535249K (97%)
ptolemy.util.test.WatchDog.cancel(): canceling Wed Jun 20 18:43:53 UTC 2018
------------------ testing $PTII/ptolemy/domains/de/test/auto/TimerZeroDelay.xml
auto.tcl: Setting watchdog for 200 seconds at Wed Jun 20 18:43:53 UTC 2018
2 ms. Memory: 549376K Free: 534499K (97%)
ptolemy.util.test.WatchDog.cancel(): canceling Wed Jun 20 18:43:53 UTC 2018
auto.tcl: Setting watchdog for 200 seconds at Wed Jun 20 18:43:53 UTC 2018
2 ms. Memory: 549376K Free: 534499K (97%)
ptolemy.util.test.WatchDog.cancel(): canceling Wed Jun 20 18:43:53 UTC 2018
------------------ testing $PTII/ptolemy/domains/de/test/auto/TimingParadox.xml
auto.tcl: Setting watchdog for 200 seconds at Wed Jun 20 18:43:53 UTC 2018
339 ms. Memory: 549888K Free: 464519K (84%)
ptolemy.util.test.WatchDog.cancel(): canceling Wed Jun 20 18:43:53 UTC 2018
auto.tcl: Setting watchdog for 200 seconds at Wed Jun 20 18:43:53 UTC 2018
318 ms. Memory: 549888K Free: 426280K (78%)
ptolemy.util.test.WatchDog.cancel(): canceling Wed Jun 20 18:43:54 UTC 2018
------------------ testing $PTII/ptolemy/domains/de/test/auto/TransferInputs.xml
auto.tcl: Setting watchdog for 200 seconds at Wed Jun 20 18:43:54 UTC 2018
1 ms. Memory: 549888K Free: 533915K (97%)
ptolemy.util.test.WatchDog.cancel(): canceling Wed Jun 20 18:43:54 UTC 2018
auto.tcl: Setting watchdog for 200 seconds at Wed Jun 20 18:43:54 UTC 2018
1 ms. Memory: 549888K Free: 533915K (97%)
ptolemy.util.test.WatchDog.cancel(): canceling Wed Jun 20 18:43:54 UTC 2018
------------------ testing $PTII/ptolemy/domains/de/test/auto/TransferOutputs2.xml
auto.tcl: Setting watchdog for 200 seconds at Wed Jun 20 18:43:54 UTC 2018
3 ms. Memory: 549376K Free: 524355K (95%)
ptolemy.util.test.WatchDog.cancel(): canceling Wed Jun 20 18:43:54 UTC 2018
auto.tcl: Setting watchdog for 200 seconds at Wed Jun 20 18:43:54 UTC 2018
2 ms. Memory: 549376K Free: 524355K (95%)
ptolemy.util.test.WatchDog.cancel(): canceling Wed Jun 20 18:43:54 UTC 2018
------------------ testing $PTII/ptolemy/domains/de/test/auto/Trilateration.xml
auto.tcl: Setting watchdog for 200 seconds at Wed Jun 20 18:43:54 UTC 2018
14123 ms. Memory: 766976K Free: 157246K (21%)
ptolemy.util.test.WatchDog.cancel(): canceling Wed Jun 20 18:44:09 UTC 2018
auto.tcl: Setting watchdog for 200 seconds at Wed Jun 20 18:44:09 UTC 2018
11480 ms. Memory: 623104K Free: 488441K (78%)
ptolemy.util.test.WatchDog.cancel(): canceling Wed Jun 20 18:44:20 UTC 2018
------------------ testing $PTII/ptolemy/domains/de/test/auto/TwoSigmaDelta.xml
auto.tcl: Setting watchdog for 200 seconds at Wed Jun 20 18:44:20 UTC 2018
2656 ms. Memory: 619520K Free: 304283K (49%)
ptolemy.util.test.WatchDog.cancel(): canceling Wed Jun 20 18:44:23 UTC 2018
auto.tcl: Setting watchdog for 200 seconds at Wed Jun 20 18:44:23 UTC 2018
2043 ms. Memory: 619520K Free: 69899K (11%)
ptolemy.util.test.WatchDog.cancel(): canceling Wed Jun 20 18:44:25 UTC 2018
------------------ testing $PTII/ptolemy/domains/de/test/auto/VariableDelay.xml
auto.tcl: Setting watchdog for 200 seconds at Wed Jun 20 18:44:25 UTC 2018
2 ms. Memory: 623104K Free: 598891K (96%)
ptolemy.util.test.WatchDog.cancel(): canceling Wed Jun 20 18:44:25 UTC 2018
auto.tcl: Setting watchdog for 200 seconds at Wed Jun 20 18:44:25 UTC 2018
1 ms. Memory: 623104K Free: 598891K (96%)
ptolemy.util.test.WatchDog.cancel(): canceling Wed Jun 20 18:44:25 UTC 2018
------------------ testing $PTII/ptolemy/domains/de/test/auto/VariableDelay2.xml
auto.tcl: Setting watchdog for 200 seconds at Wed Jun 20 18:44:25 UTC 2018
3 ms. Memory: 619520K Free: 601132K (97%)
ptolemy.util.test.WatchDog.cancel(): canceling Wed Jun 20 18:44:25 UTC 2018
auto.tcl: Setting watchdog for 200 seconds at Wed Jun 20 18:44:25 UTC 2018
2 ms. Memory: 619520K Free: 601132K (97%)
ptolemy.util.test.WatchDog.cancel(): canceling Wed Jun 20 18:44:25 UTC 2018
------------------ testing $PTII/ptolemy/domains/de/test/auto/VariableDelayZeroDelay.xml
auto.tcl: Setting watchdog for 200 seconds at Wed Jun 20 18:44:25 UTC 2018
1 ms. Memory: 622592K Free: 598823K (96%)
ptolemy.util.test.WatchDog.cancel(): canceling Wed Jun 20 18:44:25 UTC 2018
auto.tcl: Setting watchdog for 200 seconds at Wed Jun 20 18:44:25 UTC 2018
1 ms. Memory: 622592K Free: 598823K (96%)
ptolemy.util.test.WatchDog.cancel(): canceling Wed Jun 20 18:44:25 UTC 2018
------------------ testing $PTII/ptolemy/domains/de/test/auto/VariableDelayZeroDelay2.xml
auto.tcl: Setting watchdog for 200 seconds at Wed Jun 20 18:44:26 UTC 2018
2 ms. Memory: 619520K Free: 595749K (96%)
ptolemy.util.test.WatchDog.cancel(): canceling Wed Jun 20 18:44:26 UTC 2018
auto.tcl: Setting watchdog for 200 seconds at Wed Jun 20 18:44:26 UTC 2018
1 ms. Memory: 619520K Free: 595749K (96%)
ptolemy.util.test.WatchDog.cancel(): canceling Wed Jun 20 18:44:26 UTC 2018
------------------ testing $PTII/ptolemy/domains/de/test/auto/deInCt.xml
auto.tcl: Setting watchdog for 200 seconds at Wed Jun 20 18:44:26 UTC 2018
0
1
1
1
1
0
0
0
1
1
1
1
0
0
1
1
1
0
0
0
1
1
1
0
0
1
1
1
0
0
0
0
0
1
1
1
1
1
9 ms. Memory: 622080K Free: 598276K (96%)
ptolemy.util.test.WatchDog.cancel(): canceling Wed Jun 20 18:44:26 UTC 2018
auto.tcl: Setting watchdog for 200 seconds at Wed Jun 20 18:44:26 UTC 2018
0
1
1
1
0
0
0
0
1
1
1
1
1
0
0
0
1
1
1
0
0
0
0
0
1
1
1
0
0
0
1
1
1
1
1
5 ms. Memory: 622080K Free: 598276K (96%)
ptolemy.util.test.WatchDog.cancel(): canceling Wed Jun 20 18:44:26 UTC 2018
------------------ testing $PTII/ptolemy/domains/de/test/auto/deInCt2.xml
auto.tcl: Setting watchdog for 200 seconds at Wed Jun 20 18:44:26 UTC 2018
0
1
1
1
0
0
1
1
1
0
0
1
1
1
0
0
1
1
1
0
0
1
1
1
0
0
1
1
1
0
0
1
1
1
0
0
1
1
1
0
0
0
14 ms. Memory: 619520K Free: 595715K (96%)
ptolemy.util.test.WatchDog.cancel(): canceling Wed Jun 20 18:44:26 UTC 2018
auto.tcl: Setting watchdog for 200 seconds at Wed Jun 20 18:44:26 UTC 2018
0
1
1
1
0
0
1
1
1
0
0
1
1
1
0
0
1
1
1
0
0
1
1
1
0
0
1
1
1
0
0
1
1
1
0
0
1
1
1
0
0
0
9 ms. Memory: 619520K Free: 595715K (96%)
ptolemy.util.test.WatchDog.cancel(): canceling Wed Jun 20 18:44:26 UTC 2018
------------------ testing $PTII/ptolemy/domains/de/test/auto/dynamicCausalityInterface1.xml
auto.tcl: Setting watchdog for 200 seconds at Wed Jun 20 18:44:26 UTC 2018
1 ms. Memory: 621568K Free: 595011K (96%)
ptolemy.util.test.WatchDog.cancel(): canceling Wed Jun 20 18:44:26 UTC 2018
auto.tcl: Setting watchdog for 200 seconds at Wed Jun 20 18:44:26 UTC 2018
1 ms. Memory: 621568K Free: 595011K (96%)
ptolemy.util.test.WatchDog.cancel(): canceling Wed Jun 20 18:44:26 UTC 2018
------------------ testing $PTII/ptolemy/domains/de/test/auto/fsm_de_test.xml
auto.tcl: Setting watchdog for 200 seconds at Wed Jun 20 18:44:26 UTC 2018
6 ms. Memory: 619520K Free: 595637K (96%)
ptolemy.util.test.WatchDog.cancel(): canceling Wed Jun 20 18:44:26 UTC 2018
auto.tcl: Setting watchdog for 200 seconds at Wed Jun 20 18:44:26 UTC 2018
4 ms. Memory: 619520K Free: 587478K (95%)
ptolemy.util.test.WatchDog.cancel(): canceling Wed Jun 20 18:44:26 UTC 2018
------------------ testing $PTII/ptolemy/domains/de/test/auto/functionDependencyReconstruction.xml
auto.tcl: Setting watchdog for 200 seconds at Wed Jun 20 18:44:26 UTC 2018
2 ms. Memory: 621568K Free: 589485K (95%)
ptolemy.util.test.WatchDog.cancel(): canceling Wed Jun 20 18:44:26 UTC 2018
auto.tcl: Setting watchdog for 200 seconds at Wed Jun 20 18:44:26 UTC 2018
3 ms. Memory: 621568K Free: 581326K (94%)
ptolemy.util.test.WatchDog.cancel(): canceling Wed Jun 20 18:44:26 UTC 2018
------------------ testing $PTII/ptolemy/domains/de/test/auto/multirate.xml
auto.tcl: Setting watchdog for 200 seconds at Wed Jun 20 18:44:26 UTC 2018
8 ms. Memory: 619520K Free: 600884K (97%)
ptolemy.util.test.WatchDog.cancel(): canceling Wed Jun 20 18:44:26 UTC 2018
auto.tcl: Setting watchdog for 200 seconds at Wed Jun 20 18:44:26 UTC 2018
3 ms. Memory: 619520K Free: 600854K (97%)
ptolemy.util.test.WatchDog.cancel(): canceling Wed Jun 20 18:44:26 UTC 2018
------------------ testing $PTII/ptolemy/domains/de/test/auto/multirate2.xml
auto.tcl: Setting watchdog for 200 seconds at Wed Jun 20 18:44:26 UTC 2018
6 ms. Memory: 621056K Free: 602608K (97%)
ptolemy.util.test.WatchDog.cancel(): canceling Wed Jun 20 18:44:26 UTC 2018
auto.tcl: Setting watchdog for 200 seconds at Wed Jun 20 18:44:26 UTC 2018
3 ms. Memory: 621056K Free: 602608K (97%)
ptolemy.util.test.WatchDog.cancel(): canceling Wed Jun 20 18:44:26 UTC 2018
------------------ testing $PTII/ptolemy/domains/de/test/auto/realtime.xml
auto.tcl: Setting watchdog for 200 seconds at Wed Jun 20 18:44:26 UTC 2018
10001 ms. Memory: 619520K Free: 590278K (95%)
ptolemy.util.test.WatchDog.cancel(): canceling Wed Jun 20 18:44:36 UTC 2018
auto.tcl: Setting watchdog for 200 seconds at Wed Jun 20 18:44:36 UTC 2018
10002 ms. Memory: 619520K Free: 590278K (95%)
ptolemy.util.test.WatchDog.cancel(): canceling Wed Jun 20 18:44:46 UTC 2018
------------------ testing $PTII/ptolemy/domains/de/test/auto/relationGroup.xml
auto.tcl: Setting watchdog for 200 seconds at Wed Jun 20 18:44:46 UTC 2018
3 ms. Memory: 621056K Free: 602633K (97%)
ptolemy.util.test.WatchDog.cancel(): canceling Wed Jun 20 18:44:46 UTC 2018
auto.tcl: Setting watchdog for 200 seconds at Wed Jun 20 18:44:46 UTC 2018
1 ms. Memory: 621056K Free: 602633K (97%)
ptolemy.util.test.WatchDog.cancel(): canceling Wed Jun 20 18:44:46 UTC 2018
------------------ testing $PTII/ptolemy/domains/de/test/auto/relationGroup2.xml
auto.tcl: Setting watchdog for 200 seconds at Wed Jun 20 18:44:46 UTC 2018
1 ms. Memory: 619520K Free: 601124K (97%)
ptolemy.util.test.WatchDog.cancel(): canceling Wed Jun 20 18:44:46 UTC 2018
auto.tcl: Setting watchdog for 200 seconds at Wed Jun 20 18:44:46 UTC 2018
1 ms. Memory: 619520K Free: 601124K (97%)
ptolemy.util.test.WatchDog.cancel(): canceling Wed Jun 20 18:44:46 UTC 2018
------------------ testing $PTII/ptolemy/domains/de/test/auto/sortWithOpaquePorts.xml
auto.tcl: Setting watchdog for 200 seconds at Wed Jun 20 18:44:46 UTC 2018
1 ms. Memory: 620544K Free: 596767K (96%)
ptolemy.util.test.WatchDog.cancel(): canceling Wed Jun 20 18:44:46 UTC 2018
auto.tcl: Setting watchdog for 200 seconds at Wed Jun 20 18:44:46 UTC 2018
2 ms. Memory: 620544K Free: 596767K (96%)
ptolemy.util.test.WatchDog.cancel(): canceling Wed Jun 20 18:44:46 UTC 2018
------------------ testing $PTII/ptolemy/domains/de/test/auto/transferInputsandOutputs.xml
auto.tcl: Setting watchdog for 200 seconds at Wed Jun 20 18:44:46 UTC 2018
2 ms. Memory: 619520K Free: 595731K (96%)
ptolemy.util.test.WatchDog.cancel(): canceling Wed Jun 20 18:44:46 UTC 2018
auto.tcl: Setting watchdog for 200 seconds at Wed Jun 20 18:44:46 UTC 2018
1 ms. Memory: 619520K Free: 595731K (96%)
ptolemy.util.test.WatchDog.cancel(): canceling Wed Jun 20 18:44:46 UTC 2018
------------------ testing $PTII/ptolemy/domains/de/test/auto/triggerType.xml
auto.tcl: Setting watchdog for 200 seconds at Wed Jun 20 18:44:46 UTC 2018
1 ms. Memory: 620544K Free: 596705K (96%)
ptolemy.util.test.WatchDog.cancel(): canceling Wed Jun 20 18:44:46 UTC 2018
auto.tcl: Setting watchdog for 200 seconds at Wed Jun 20 18:44:46 UTC 2018
2 ms. Memory: 620544K Free: 596705K (96%)
ptolemy.util.test.WatchDog.cancel(): canceling Wed Jun 20 18:44:46 UTC 2018
06/20/18 06:44:47
Failed: 0  Total Tests: 192  ((Passed: 187, Newly Passed: 1)  Known Failed: 5) /home/travis/build/icyphy/ptII/ptolemy/domains/de/test
06/20/18 06:44:47
Failed: 0  Total Tests: 192  ((Passed: 187, Newly Passed: 1)  Known Failed: 5) /home/travis/build/icyphy/ptII/ptolemy/domains/de/test
----------------- testing (KnownFailure) /home/travis/build/icyphy/ptII/ptolemy/domains/de/test/auto/knownFailedTests/DESDFClockTest.xml
2013 ms. Memory: 619520K Free: 584973K (94%)
Known Failure: java.lang.reflect.InvocationTargetException
----------------- testing (KnownFailure) /home/travis/build/icyphy/ptII/ptolemy/domains/de/test/auto/knownFailedTests/DirectFeedback.xml
1 ms. Memory: 619520K Free: 541924K (87%)
Known Failure: java.lang.reflect.InvocationTargetException
----------------- testing (KnownFailure) /home/travis/build/icyphy/ptII/ptolemy/domains/de/test/auto/knownFailedTests/FSMSource.xml
4 ms. Memory: 619520K Free: 498874K (81%)
----------------- testing (KnownFailure) /home/travis/build/icyphy/ptII/ptolemy/domains/de/test/auto/knownFailedTests/HierarchicalModel.xml
1 ms. Memory: 619520K Free: 466557K (75%)
Known Failure: java.lang.reflect.InvocationTargetException
----------------- testing (KnownFailure) /home/travis/build/icyphy/ptII/ptolemy/domains/de/test/auto/knownFailedTests/dependencyLoop.xml
2 ms. Memory: 619520K Free: 412729K (67%)
Known Failure: java.lang.reflect.InvocationTargetException
----------------- testing (KnownFailure) /home/travis/build/icyphy/ptII/ptolemy/domains/de/test/auto/knownFailedTests/dependencyLoop2.xml
1 ms. Memory: 619520K Free: 358902K (58%)
Known Failure: java.lang.reflect.InvocationTargetException
No auto/linux-amd64/*.xml tests in /home/travis/build/icyphy/ptII/ptolemy/domains/de/test
AutoTests.java: About to close Vertx.
AutoTests.java: Vertx closed.

===========================================================================================
----------------- testing Wed Jun 20 18:44:49 UTC 2018 /home/travis/build/icyphy/ptII/ptolemy/domains/de/test/auto/ActorDepthCalculation_actorWithoutPorts.xml
----------------- Instantiating /home/travis/build/icyphy/ptII/ptolemy/domains/de/test/auto/ActorDepthCalculation_actorWithoutPorts.xml
2 ms. Memory: 619520K Free: 305090K (49%)
----------------- Invoking toplevel() on ptolemy.moml.MoMLSimpleApplication@5516b0a0
----------------- Done invoking toplevel() on ptolemy.moml.MoMLSimpleApplication@5516b0a0
reloadAllAccessors: .ActorDepthCalculation_actorWithoutPorts

===========================================================================================
----------------- testing Wed Jun 20 18:44:49 UTC 2018 /home/travis/build/icyphy/ptII/ptolemy/domains/de/test/auto/AssemblyLine.xml
----------------- Instantiating /home/travis/build/icyphy/ptII/ptolemy/domains/de/test/auto/AssemblyLine.xml
2 ms. Memory: 619520K Free: 283566K (46%)
----------------- Invoking toplevel() on ptolemy.moml.MoMLSimpleApplication@2542ed42
----------------- Done invoking toplevel() on ptolemy.moml.MoMLSimpleApplication@2542ed42
reloadAllAccessors: .AssemblyLine

===========================================================================================
----------------- testing Wed Jun 20 18:44:49 UTC 2018 /home/travis/build/icyphy/ptII/ptolemy/domains/de/test/auto/CQBug1.xml
----------------- Instantiating /home/travis/build/icyphy/ptII/ptolemy/domains/de/test/auto/CQBug1.xml
1 ms. Memory: 619520K Free: 262041K (42%)
----------------- Invoking toplevel() on ptolemy.moml.MoMLSimpleApplication@72471611
----------------- Done invoking toplevel() on ptolemy.moml.MoMLSimpleApplication@72471611
reloadAllAccessors: .CQBug1

===========================================================================================
----------------- testing Wed Jun 20 18:44:49 UTC 2018 /home/travis/build/icyphy/ptII/ptolemy/domains/de/test/auto/CancelFireAt.xml
----------------- Instantiating /home/travis/build/icyphy/ptII/ptolemy/domains/de/test/auto/CancelFireAt.xml
1 ms. Memory: 619520K Free: 240517K (39%)
----------------- Invoking toplevel() on ptolemy.moml.MoMLSimpleApplication@2751186
----------------- Done invoking toplevel() on ptolemy.moml.MoMLSimpleApplication@2751186
reloadAllAccessors: .CancelFireAt

===========================================================================================
----------------- testing Wed Jun 20 18:44:49 UTC 2018 /home/travis/build/icyphy/ptII/ptolemy/domains/de/test/auto/CausalityAndComposabilityAnalysis.xml
----------------- Instantiating /home/travis/build/icyphy/ptII/ptolemy/domains/de/test/auto/CausalityAndComposabilityAnalysis.xml
3 ms. Memory: 619520K Free: 218992K (35%)
----------------- Invoking toplevel() on ptolemy.moml.MoMLSimpleApplication@1d50a89a
----------------- Done invoking toplevel() on ptolemy.moml.MoMLSimpleApplication@1d50a89a
reloadAllAccessors: .CausalityAndComposabilityAnalysis

===========================================================================================
----------------- testing Wed Jun 20 18:44:49 UTC 2018 /home/travis/build/icyphy/ptII/ptolemy/domains/de/test/auto/CausalityInterface1.xml
----------------- Instantiating /home/travis/build/icyphy/ptII/ptolemy/domains/de/test/auto/CausalityInterface1.xml
4 ms. Memory: 619520K Free: 197468K (32%)
----------------- Invoking toplevel() on ptolemy.moml.MoMLSimpleApplication@795bd408
----------------- Done invoking toplevel() on ptolemy.moml.MoMLSimpleApplication@795bd408
reloadAllAccessors: .CausalityInterface1

===========================================================================================
----------------- testing Wed Jun 20 18:44:49 UTC 2018 /home/travis/build/icyphy/ptII/ptolemy/domains/de/test/auto/CausalityInterface15.xml
----------------- Instantiating /home/travis/build/icyphy/ptII/ptolemy/domains/de/test/auto/CausalityInterface15.xml
2 ms. Memory: 619520K Free: 175943K (28%)
----------------- Invoking toplevel() on ptolemy.moml.MoMLSimpleApplication@4572d429
----------------- Done invoking toplevel() on ptolemy.moml.MoMLSimpleApplication@4572d429
reloadAllAccessors: .CausalityInterface15

[...]
java.lang.RuntimeException: Execution failed
	at ptolemy.moml.MoMLSimpleApplication$UnloadThread.run(MoMLSimpleApplication.java:402)
Caused by: ptolemy.kernel.util.IllegalActionException: Test fails in iteration 1.
Value was: 1.0. Should have been: 2.0
  in .DirectFeedback.Test
	at ptolemy.actor.lib.Test.fire(Test.java:268)
	at ptolemy.domains.de.kernel.DEDirector._fire(DEDirector.java:1949)
	at ptolemy.domains.de.kernel.DEDirector.fire(DEDirector.java:502)
	at ptolemy.actor.CompositeActor.fire(CompositeActor.java:455)
	at ptolemy.actor.Manager.iterate(Manager.java:851)
	at ptolemy.actor.Manager.execute(Manager.java:369)
	at ptolemy.actor.Manager.run(Manager.java:1263)
	at ptolemy.actor.Manager$PtolemyRunThread.run(Manager.java:1915)
java.lang.RuntimeException: Execution failed
	at ptolemy.moml.MoMLSimpleApplication$UnloadThread.run(MoMLSimpleApplication.java:402)
Caused by: ptolemy.kernel.util.IllegalActionException: Actor is not ready to fire.  Perhaps UpSample.prefire() returned false? Try debugging the actor by selecting "Listen to Actor".  Also, for SDF check moml for tokenConsumptionRate on input.
  in .DESDFClockTest.Play Bell.Copy1:SDF Director and .DESDFClockTest.Play Bell.UpSample
	at ptolemy.actor.sched.StaticSchedulingDirector.fire(StaticSchedulingDirector.java:227)
	at ptolemy.domains.sdf.kernel.SDFDirector.fire(SDFDirector.java:500)
	at ptolemy.actor.CompositeActor.fire(CompositeActor.java:455)
	at ptolemy.domains.de.kernel.DEDirector._fire(DEDirector.java:1949)
	at ptolemy.domains.de.kernel.DEDirector.fire(DEDirector.java:502)
	at ptolemy.actor.CompositeActor.fire(CompositeActor.java:455)
	at ptolemy.actor.Manager.iterate(Manager.java:851)
	at ptolemy.actor.Manager.execute(Manager.java:369)
	at ptolemy.actor.Manager.run(Manager.java:1263)
	at ptolemy.actor.Manager$PtolemyRunThread.run(Manager.java:1915)
java.lang.reflect.InvocationTargetException
	at sun.reflect.NativeConstructorAccessorImpl.newInstance0(Native Method)
	at sun.reflect.NativeConstructorAccessorImpl.newInstance(NativeConstructorAccessorImpl.java:62)
	at sun.reflect.DelegatingConstructorAccessorImpl.newInstance(DelegatingConstructorAccessorImpl.java:45)
	at java.lang.reflect.Constructor.newInstance(Constructor.java:423)
	at ptolemy.util.test.junit.AutoKnownFailedTests.RunModel(AutoKnownFailedTests.java:107)
	at sun.reflect.NativeMethodAccessorImpl.invoke0(Native Method)
	at sun.reflect.NativeMethodAccessorImpl.invoke(NativeMethodAccessorImpl.java:62)
	at sun.reflect.DelegatingMethodAccessorImpl.invoke(DelegatingMethodAccessorImpl.java:43)
	at java.lang.reflect.Method.invoke(Method.java:498)
	at org.junit.runners.model.FrameworkMethod$1.runReflectiveCall(FrameworkMethod.java:44)
	at org.junit.internal.runners.model.ReflectiveCallable.run(ReflectiveCallable.java:15)
	at org.junit.runners.model.FrameworkMethod.invokeExplosively(FrameworkMethod.java:41)
	at junitparams.internal.InvokeParameterisedMethod.evaluate(InvokeParameterisedMethod.java:102)
	at org.junit.internal.runners.statements.FailOnTimeout$1.run(FailOnTimeout.java:28)
Caused by: ptolemy.kernel.util.IllegalActionException: Actor is not ready to fire.  Perhaps UpSample.prefire() returned false? Try debugging the actor by selecting "Listen to Actor".  Also, for SDF check moml for tokenConsumptionRate on input.
  in .DESDFClockTest.Play Bell.Copy1:SDF Director and .DESDFClockTest.Play Bell.UpSample
	at ptolemy.actor.sched.StaticSchedulingDirector.fire(StaticSchedulingDirector.java:227)
	at ptolemy.domains.sdf.kernel.SDFDirector.fire(SDFDirector.java:500)
	at ptolemy.actor.CompositeActor.fire(CompositeActor.java:455)
	at ptolemy.domains.de.kernel.DEDirector._fire(DEDirector.java:1949)
	at ptolemy.domains.de.kernel.DEDirector.fire(DEDirector.java:502)
	at ptolemy.actor.CompositeActor.fire(CompositeActor.java:455)
	at ptolemy.actor.Manager.iterate(Manager.java:851)
	at ptolemy.actor.Manager.execute(Manager.java:369)
	at ptolemy.actor.Manager.run(Manager.java:1263)
	at ptolemy.actor.Manager$PtolemyRunThread.run(Manager.java:1915)
java.lang.RuntimeException: Execution failed
	at ptolemy.moml.MoMLSimpleApplication$UnloadThread.run(MoMLSimpleApplication.java:402)
Caused by: ptolemy.kernel.util.IllegalActionException: Test fails in iteration 1.
Value was: 1.0. Should have been: 2.0
  in .DirectFeedback.Test
	at ptolemy.actor.lib.Test.fire(Test.java:268)
	at ptolemy.domains.de.kernel.DEDirector._fire(DEDirector.java:1949)
	at ptolemy.domains.de.kernel.DEDirector.fire(DEDirector.java:502)
	at ptolemy.actor.CompositeActor.fire(CompositeActor.java:455)
	at ptolemy.actor.Manager.iterate(Manager.java:851)
	at ptolemy.actor.Manager.execute(Manager.java:369)
	at ptolemy.actor.Manager.run(Manager.java:1263)
	at ptolemy.actor.Manager$PtolemyRunThread.run(Manager.java:1915)
java.lang.reflect.InvocationTargetException
	at sun.reflect.NativeConstructorAccessorImpl.newInstance0(Native Method)
	at sun.reflect.NativeConstructorAccessorImpl.newInstance(NativeConstructorAccessorImpl.java:62)
	at sun.reflect.DelegatingConstructorAccessorImpl.newInstance(DelegatingConstructorAccessorImpl.java:45)
	at java.lang.reflect.Constructor.newInstance(Constructor.java:423)
	at ptolemy.util.test.junit.AutoKnownFailedTests.RunModel(AutoKnownFailedTests.java:107)
	at sun.reflect.NativeMethodAccessorImpl.invoke0(Native Method)
	at sun.reflect.NativeMethodAccessorImpl.invoke(NativeMethodAccessorImpl.java:62)
	at sun.reflect.DelegatingMethodAccessorImpl.invoke(DelegatingMethodAccessorImpl.java:43)
	at java.lang.reflect.Method.invoke(Method.java:498)
	at org.junit.runners.model.FrameworkMethod$1.runReflectiveCall(FrameworkMethod.java:44)
	at org.junit.internal.runners.model.ReflectiveCallable.run(ReflectiveCallable.java:15)
	at org.junit.runners.model.FrameworkMethod.invokeExplosively(FrameworkMethod.java:41)
	at junitparams.internal.InvokeParameterisedMethod.evaluate(InvokeParameterisedMethod.java:102)
	at org.junit.internal.runners.statements.FailOnTimeout$1.run(FailOnTimeout.java:28)
Caused by: ptolemy.kernel.util.IllegalActionException: Test fails in iteration 1.
Value was: 1.0. Should have been: 2.0
  in .DirectFeedback.Test
	at ptolemy.actor.lib.Test.fire(Test.java:268)
	at ptolemy.domains.de.kernel.DEDirector._fire(DEDirector.java:1949)
	at ptolemy.domains.de.kernel.DEDirector.fire(DEDirector.java:502)
	at ptolemy.actor.CompositeActor.fire(CompositeActor.java:455)
	at ptolemy.actor.Manager.iterate(Manager.java:851)
	at ptolemy.actor.Manager.execute(Manager.java:369)
	at ptolemy.actor.Manager.run(Manager.java:1263)
	at ptolemy.actor.Manager$PtolemyRunThread.run(Manager.java:1915)
java.lang.RuntimeException: Execution failed
	at ptolemy.moml.MoMLSimpleApplication$UnloadThread.run(MoMLSimpleApplication.java:402)
Caused by: ptolemy.kernel.util.IllegalActionException: Found a zero delay loop containing .HierarchicalModel.A
  in .HierarchicalModel and .HierarchicalModel.A
	at ptolemy.actor.util.CausalityInterfaceForComposites._computeOutputPortDepth(CausalityInterfaceForComposites.java:759)
	at ptolemy.actor.util.CausalityInterfaceForComposites._computeInputDepth(CausalityInterfaceForComposites.java:696)
	at ptolemy.actor.util.CausalityInterfaceForComposites._computeOutputPortDepth(CausalityInterfaceForComposites.java:765)
	at ptolemy.actor.util.CausalityInterfaceForComposites._computeInputDepth(CausalityInterfaceForComposites.java:696)
	at ptolemy.actor.util.CausalityInterfaceForComposites._computeOutputPortDepth(CausalityInterfaceForComposites.java:765)
	at ptolemy.actor.util.CausalityInterfaceForComposites._computeInputDepth(CausalityInterfaceForComposites.java:696)
	at ptolemy.actor.util.CausalityInterfaceForComposites._computeActorDepth(CausalityInterfaceForComposites.java:532)
	at ptolemy.actor.util.CausalityInterfaceForComposites.checkForCycles(CausalityInterfaceForComposites.java:96)
	at ptolemy.domains.de.kernel.DEDirector.preinitialize(DEDirector.java:1338)
	at ptolemy.actor.CompositeActor.preinitialize(CompositeActor.java:1828)
	at ptolemy.actor.Manager.preinitializeAndResolveTypes(Manager.java:1040)
	at ptolemy.actor.Manager.initialize(Manager.java:710)
	at ptolemy.actor.Manager.execute(Manager.java:356)
	at ptolemy.actor.Manager.run(Manager.java:1263)
	at ptolemy.actor.Manager$PtolemyRunThread.run(Manager.java:1915)
java.lang.reflect.InvocationTargetException
	at sun.reflect.NativeConstructorAccessorImpl.newInstance0(Native Method)
	at sun.reflect.NativeConstructorAccessorImpl.newInstance(NativeConstructorAccessorImpl.java:62)
	at sun.reflect.DelegatingConstructorAccessorImpl.newInstance(DelegatingConstructorAccessorImpl.java:45)
	at java.lang.reflect.Constructor.newInstance(Constructor.java:423)
	at ptolemy.util.test.junit.AutoKnownFailedTests.RunModel(AutoKnownFailedTests.java:107)
	at sun.reflect.NativeMethodAccessorImpl.invoke0(Native Method)
	at sun.reflect.NativeMethodAccessorImpl.invoke(NativeMethodAccessorImpl.java:62)
	at sun.reflect.DelegatingMethodAccessorImpl.invoke(DelegatingMethodAccessorImpl.java:43)
	at java.lang.reflect.Method.invoke(Method.java:498)
	at org.junit.runners.model.FrameworkMethod$1.runReflectiveCall(FrameworkMethod.java:44)
	at org.junit.internal.runners.model.ReflectiveCallable.run(ReflectiveCallable.java:15)
	at org.junit.runners.model.FrameworkMethod.invokeExplosively(FrameworkMethod.java:41)
	at junitparams.internal.InvokeParameterisedMethod.evaluate(InvokeParameterisedMethod.java:102)
	at org.junit.internal.runners.statements.FailOnTimeout$1.run(FailOnTimeout.java:28)
Caused by: ptolemy.kernel.util.IllegalActionException: Found a zero delay loop containing .HierarchicalModel.A
  in .HierarchicalModel and .HierarchicalModel.A
	at ptolemy.actor.util.CausalityInterfaceForComposites._computeOutputPortDepth(CausalityInterfaceForComposites.java:759)
	at ptolemy.actor.util.CausalityInterfaceForComposites._computeInputDepth(CausalityInterfaceForComposites.java:696)
	at ptolemy.actor.util.CausalityInterfaceForComposites._computeOutputPortDepth(CausalityInterfaceForComposites.java:765)
	at ptolemy.actor.util.CausalityInterfaceForComposites._computeInputDepth(CausalityInterfaceForComposites.java:696)
	at ptolemy.actor.util.CausalityInterfaceForComposites._computeOutputPortDepth(CausalityInterfaceForComposites.java:765)
	at ptolemy.actor.util.CausalityInterfaceForComposites._computeInputDepth(CausalityInterfaceForComposites.java:696)
	at ptolemy.actor.util.CausalityInterfaceForComposites._computeActorDepth(CausalityInterfaceForComposites.java:532)
	at ptolemy.actor.util.CausalityInterfaceForComposites.checkForCycles(CausalityInterfaceForComposites.java:96)
	at ptolemy.domains.de.kernel.DEDirector.preinitialize(DEDirector.java:1338)
	at ptolemy.actor.CompositeActor.preinitialize(CompositeActor.java:1828)
	at ptolemy.actor.Manager.preinitializeAndResolveTypes(Manager.java:1040)
	at ptolemy.actor.Manager.initialize(Manager.java:710)
	at ptolemy.actor.Manager.execute(Manager.java:356)
	at ptolemy.actor.Manager.run(Manager.java:1263)
	at ptolemy.actor.Manager$PtolemyRunThread.run(Manager.java:1915)
java.lang.RuntimeException: Execution failed
	at ptolemy.moml.MoMLSimpleApplication$UnloadThread.run(MoMLSimpleApplication.java:402)
Caused by: ptolemy.kernel.util.IllegalActionException: Found a zero delay loop containing .dependencyLoop.original
  in .dependencyLoop and .dependencyLoop.original
	at ptolemy.actor.util.CausalityInterfaceForComposites._computeOutputPortDepth(CausalityInterfaceForComposites.java:759)
	at ptolemy.actor.util.CausalityInterfaceForComposites._computeInputDepth(CausalityInterfaceForComposites.java:696)
	at ptolemy.actor.util.CausalityInterfaceForComposites._computeOutputPortDepth(CausalityInterfaceForComposites.java:765)
	at ptolemy.actor.util.CausalityInterfaceForComposites._computeInputDepth(CausalityInterfaceForComposites.java:696)
	at ptolemy.actor.util.CausalityInterfaceForComposites._computeOutputPortDepth(CausalityInterfaceForComposites.java:765)
	at ptolemy.actor.util.CausalityInterfaceForComposites._computeInputDepth(CausalityInterfaceForComposites.java:696)
	at ptolemy.actor.util.CausalityInterfaceForComposites._computeActorDepth(CausalityInterfaceForComposites.java:532)
	at ptolemy.actor.util.CausalityInterfaceForComposites.checkForCycles(CausalityInterfaceForComposites.java:96)
	at ptolemy.domains.de.kernel.DEDirector.preinitialize(DEDirector.java:1338)
	at ptolemy.actor.CompositeActor.preinitialize(CompositeActor.java:1828)
	at ptolemy.actor.Manager.preinitializeAndResolveTypes(Manager.java:1040)
	at ptolemy.actor.Manager.initialize(Manager.java:710)
	at ptolemy.actor.Manager.execute(Manager.java:356)
	at ptolemy.actor.Manager.run(Manager.java:1263)
	at ptolemy.actor.Manager$PtolemyRunThread.run(Manager.java:1915)
java.lang.reflect.InvocationTargetException
	at sun.reflect.NativeConstructorAccessorImpl.newInstance0(Native Method)
	at sun.reflect.NativeConstructorAccessorImpl.newInstance(NativeConstructorAccessorImpl.java:62)
	at sun.reflect.DelegatingConstructorAccessorImpl.newInstance(DelegatingConstructorAccessorImpl.java:45)
	at java.lang.reflect.Constructor.newInstance(Constructor.java:423)
	at ptolemy.util.test.junit.AutoKnownFailedTests.RunModel(AutoKnownFailedTests.java:107)
	at sun.reflect.NativeMethodAccessorImpl.invoke0(Native Method)
	at sun.reflect.NativeMethodAccessorImpl.invoke(NativeMethodAccessorImpl.java:62)
	at sun.reflect.DelegatingMethodAccessorImpl.invoke(DelegatingMethodAccessorImpl.java:43)
	at java.lang.reflect.Method.invoke(Method.java:498)
	at org.junit.runners.model.FrameworkMethod$1.runReflectiveCall(FrameworkMethod.java:44)
	at org.junit.internal.runners.model.ReflectiveCallable.run(ReflectiveCallable.java:15)
	at org.junit.runners.model.FrameworkMethod.invokeExplosively(FrameworkMethod.java:41)
	at junitparams.internal.InvokeParameterisedMethod.evaluate(InvokeParameterisedMethod.java:102)
	at org.junit.internal.runners.statements.FailOnTimeout$1.run(FailOnTimeout.java:28)
Caused by: ptolemy.kernel.util.IllegalActionException: Found a zero delay loop containing .dependencyLoop.original
  in .dependencyLoop and .dependencyLoop.original
	at ptolemy.actor.util.CausalityInterfaceForComposites._computeOutputPortDepth(CausalityInterfaceForComposites.java:759)
	at ptolemy.actor.util.CausalityInterfaceForComposites._computeInputDepth(CausalityInterfaceForComposites.java:696)
	at ptolemy.actor.util.CausalityInterfaceForComposites._computeOutputPortDepth(CausalityInterfaceForComposites.java:765)
	at ptolemy.actor.util.CausalityInterfaceForComposites._computeInputDepth(CausalityInterfaceForComposites.java:696)
	at ptolemy.actor.util.CausalityInterfaceForComposites._computeOutputPortDepth(CausalityInterfaceForComposites.java:765)
	at ptolemy.actor.util.CausalityInterfaceForComposites._computeInputDepth(CausalityInterfaceForComposites.java:696)
	at ptolemy.actor.util.CausalityInterfaceForComposites._computeActorDepth(CausalityInterfaceForComposites.java:532)
	at ptolemy.actor.util.CausalityInterfaceForComposites.checkForCycles(CausalityInterfaceForComposites.java:96)
	at ptolemy.domains.de.kernel.DEDirector.preinitialize(DEDirector.java:1338)
	at ptolemy.actor.CompositeActor.preinitialize(CompositeActor.java:1828)
	at ptolemy.actor.Manager.preinitializeAndResolveTypes(Manager.java:1040)
	at ptolemy.actor.Manager.initialize(Manager.java:710)
	at ptolemy.actor.Manager.execute(Manager.java:356)
	at ptolemy.actor.Manager.run(Manager.java:1263)
	at ptolemy.actor.Manager$PtolemyRunThread.run(Manager.java:1915)
java.lang.RuntimeException: Execution failed
	at ptolemy.moml.MoMLSimpleApplication$UnloadThread.run(MoMLSimpleApplication.java:402)
Caused by: ptolemy.kernel.util.IllegalActionException: Found a zero delay loop containing .dependencyLoop2.original
  in .dependencyLoop2 and .dependencyLoop2.original
	at ptolemy.actor.util.CausalityInterfaceForComposites._computeOutputPortDepth(CausalityInterfaceForComposites.java:759)
	at ptolemy.actor.util.CausalityInterfaceForComposites._computeInputDepth(CausalityInterfaceForComposites.java:696)
	at ptolemy.actor.util.CausalityInterfaceForComposites._computeOutputPortDepth(CausalityInterfaceForComposites.java:765)
	at ptolemy.actor.util.CausalityInterfaceForComposites._computeInputDepth(CausalityInterfaceForComposites.java:696)
	at ptolemy.actor.util.CausalityInterfaceForComposites._computeOutputPortDepth(CausalityInterfaceForComposites.java:765)
	at ptolemy.actor.util.CausalityInterfaceForComposites._computeInputDepth(CausalityInterfaceForComposites.java:696)
	at ptolemy.actor.util.CausalityInterfaceForComposites._computeActorDepth(CausalityInterfaceForComposites.java:532)
	at ptolemy.actor.util.CausalityInterfaceForComposites.checkForCycles(CausalityInterfaceForComposites.java:96)
	at ptolemy.domains.de.kernel.DEDirector.preinitialize(DEDirector.java:1338)
	at ptolemy.actor.CompositeActor.preinitialize(CompositeActor.java:1828)
	at ptolemy.actor.Manager.preinitializeAndResolveTypes(Manager.java:1040)
	at ptolemy.actor.Manager.initialize(Manager.java:710)
	at ptolemy.actor.Manager.execute(Manager.java:356)
	at ptolemy.actor.Manager.run(Manager.java:1263)
	at ptolemy.actor.Manager$PtolemyRunThread.run(Manager.java:1915)
java.lang.reflect.InvocationTargetException
	at sun.reflect.NativeConstructorAccessorImpl.newInstance0(Native Method)
	at sun.reflect.NativeConstructorAccessorImpl.newInstance(NativeConstructorAccessorImpl.java:62)
	at sun.reflect.DelegatingConstructorAccessorImpl.newInstance(DelegatingConstructorAccessorImpl.java:45)
	at java.lang.reflect.Constructor.newInstance(Constructor.java:423)
	at ptolemy.util.test.junit.AutoKnownFailedTests.RunModel(AutoKnownFailedTests.java:107)
	at sun.reflect.NativeMethodAccessorImpl.invoke0(Native Method)
	at sun.reflect.NativeMethodAccessorImpl.invoke(NativeMethodAccessorImpl.java:62)
	at sun.reflect.DelegatingMethodAccessorImpl.invoke(DelegatingMethodAccessorImpl.java:43)
	at java.lang.reflect.Method.invoke(Method.java:498)
	at org.junit.runners.model.FrameworkMethod$1.runReflectiveCall(FrameworkMethod.java:44)
	at org.junit.internal.runners.model.ReflectiveCallable.run(ReflectiveCallable.java:15)
	at org.junit.runners.model.FrameworkMethod.invokeExplosively(FrameworkMethod.java:41)
	at junitparams.internal.InvokeParameterisedMethod.evaluate(InvokeParameterisedMethod.java:102)
	at org.junit.internal.runners.statements.FailOnTimeout$1.run(FailOnTimeout.java:28)
Caused by: ptolemy.kernel.util.IllegalActionException: Found a zero delay loop containing .dependencyLoop2.original
  in .dependencyLoop2 and .dependencyLoop2.original
	at ptolemy.actor.util.CausalityInterfaceForComposites._computeOutputPortDepth(CausalityInterfaceForComposites.java:759)
	at ptolemy.actor.util.CausalityInterfaceForComposites._computeInputDepth(CausalityInterfaceForComposites.java:696)
	at ptolemy.actor.util.CausalityInterfaceForComposites._computeOutputPortDepth(CausalityInterfaceForComposites.java:765)
	at ptolemy.actor.util.CausalityInterfaceForComposites._computeInputDepth(CausalityInterfaceForComposites.java:696)
	at ptolemy.actor.util.CausalityInterfaceForComposites._computeOutputPortDepth(CausalityInterfaceForComposites.java:765)
	at ptolemy.actor.util.CausalityInterfaceForComposites._computeInputDepth(CausalityInterfaceForComposites.java:696)
	at ptolemy.actor.util.CausalityInterfaceForComposites._computeActorDepth(CausalityInterfaceForComposites.java:532)
	at ptolemy.actor.util.CausalityInterfaceForComposites.checkForCycles(CausalityInterfaceForComposites.java:96)
	at ptolemy.domains.de.kernel.DEDirector.preinitialize(DEDirector.java:1338)
	at ptolemy.actor.CompositeActor.preinitialize(CompositeActor.java:1828)
	at ptolemy.actor.Manager.preinitializeAndResolveTypes(Manager.java:1040)
	at ptolemy.actor.Manager.initialize(Manager.java:710)
	at ptolemy.actor.Manager.execute(Manager.java:356)
	at ptolemy.actor.Manager.run(Manager.java:1263)
	at ptolemy.actor.Manager$PtolemyRunThread.run(Manager.java:1915)
]]></system-err>
</testsuite>
