<?xml version="1.0" encoding="UTF-8" ?>
<testsuite errors="0" failures="0" hostname="travis-job-1e395893-ff5f-4018-93cc-ec4197463331" name="ptolemy.domains.de.test.junit.JUnitTclTest" skipped="0" tests="101" time="127.42" timestamp="2018-06-27T01:28:13">
  <properties>
[...]
</properties>
  <testcase classname="ptolemy.util.test.junit.TclTests" name="[0] /home/travis/build/icyphy/ptII/ptolemy/domains/de/test/DependencyLoop.tcl (RunTclFile)" time="0.694" />
  <testcase classname="ptolemy.util.test.junit.TclTests" name="[1] /home/travis/build/icyphy/ptII/ptolemy/domains/de/test/RunDETestsAsQSS.tcl (RunTclFile)" time="87.129" />
  <testcase classname="ptolemy.util.test.junit.AutoKnownFailedTests" name="[0] /home/travis/build/icyphy/ptII/ptolemy/domains/de/test/auto/knownFailedTests/DESDFClockTest.xml (RunModel)" time="2.03" />
  <testcase classname="ptolemy.util.test.junit.AutoKnownFailedTests" name="[1] /home/travis/build/icyphy/ptII/ptolemy/domains/de/test/auto/knownFailedTests/DirectFeedback.xml (RunModel)" time="0.017" />
  <testcase classname="ptolemy.util.test.junit.AutoKnownFailedTests" name="[2] /home/travis/build/icyphy/ptII/ptolemy/domains/de/test/auto/knownFailedTests/FSMSource.xml (RunModel)" time="0.02" />
  <testcase classname="ptolemy.util.test.junit.AutoKnownFailedTests" name="[3] /home/travis/build/icyphy/ptII/ptolemy/domains/de/test/auto/knownFailedTests/HierarchicalModel.xml (RunModel)" time="0.043" />
  <testcase classname="ptolemy.util.test.junit.AutoKnownFailedTests" name="[4] /home/travis/build/icyphy/ptII/ptolemy/domains/de/test/auto/knownFailedTests/dependencyLoop.xml (RunModel)" time="0.047" />
  <testcase classname="ptolemy.util.test.junit.AutoKnownFailedTests" name="[5] /home/travis/build/icyphy/ptII/ptolemy/domains/de/test/auto/knownFailedTests/dependencyLoop2.xml (RunModel)" time="0.046" />
  <testcase classname="ptolemy.util.test.junit.AutoNameArchTests" name="[0] ThereAreNoAutoArchTests (RunModel)" time="0.0" />
  <testcase classname="ptolemy.util.test.junit.AutoTests" name="[0] /home/travis/build/icyphy/ptII/ptolemy/domains/de/test/auto/ActorDepthCalculation_actorWithoutPorts.xml (RunModel)" time="0.012" />
  <testcase classname="ptolemy.util.test.junit.AutoTests" name="[1] /home/travis/build/icyphy/ptII/ptolemy/domains/de/test/auto/AssemblyLine.xml (RunModel)" time="0.023" />
  <testcase classname="ptolemy.util.test.junit.AutoTests" name="[2] /home/travis/build/icyphy/ptII/ptolemy/domains/de/test/auto/CQBug1.xml (RunModel)" time="0.011" />
  <testcase classname="ptolemy.util.test.junit.AutoTests" name="[3] /home/travis/build/icyphy/ptII/ptolemy/domains/de/test/auto/CancelFireAt.xml (RunModel)" time="0.011" />
  <testcase classname="ptolemy.util.test.junit.AutoTests" name="[4] /home/travis/build/icyphy/ptII/ptolemy/domains/de/test/auto/CausalityAndComposabilityAnalysis.xml (RunModel)" time="0.011" />
  <testcase classname="ptolemy.util.test.junit.AutoTests" name="[5] /home/travis/build/icyphy/ptII/ptolemy/domains/de/test/auto/CausalityInterface1.xml (RunModel)" time="0.012" />
  <testcase classname="ptolemy.util.test.junit.AutoTests" name="[6] /home/travis/build/icyphy/ptII/ptolemy/domains/de/test/auto/CausalityInterface15.xml (RunModel)" time="0.017" />
  <testcase classname="ptolemy.util.test.junit.AutoTests" name="[7] /home/travis/build/icyphy/ptII/ptolemy/domains/de/test/auto/CausalityInterface2.xml (RunModel)" time="0.016" />
  <testcase classname="ptolemy.util.test.junit.AutoTests" name="[8] /home/travis/build/icyphy/ptII/ptolemy/domains/de/test/auto/CausalityInterface3.xml (RunModel)" time="0.012" />
  <testcase classname="ptolemy.util.test.junit.AutoTests" name="[9] /home/travis/build/icyphy/ptII/ptolemy/domains/de/test/auto/ClockDrift.xml (RunModel)" time="0.052" />
  <testcase classname="ptolemy.util.test.junit.AutoTests" name="[10] /home/travis/build/icyphy/ptII/ptolemy/domains/de/test/auto/ClockDriftAndValueChange.xml (RunModel)" time="0.029" />
  <testcase classname="ptolemy.util.test.junit.AutoTests" name="[11] /home/travis/build/icyphy/ptII/ptolemy/domains/de/test/auto/ClockDriftChange.xml (RunModel)" time="0.031" />
  <testcase classname="ptolemy.util.test.junit.AutoTests" name="[12] /home/travis/build/icyphy/ptII/ptolemy/domains/de/test/auto/ComposableCausalityAnalysis.xml (RunModel)" time="0.012" />
  <testcase classname="ptolemy.util.test.junit.AutoTests" name="[13] /home/travis/build/icyphy/ptII/ptolemy/domains/de/test/auto/DEFixedPointLimitation.xml (RunModel)" time="0.008" />
  <testcase classname="ptolemy.util.test.junit.AutoTests" name="[14] /home/travis/build/icyphy/ptII/ptolemy/domains/de/test/auto/DEScheduleTest.xml (RunModel)" time="0.032" />
  <testcase classname="ptolemy.util.test.junit.AutoTests" name="[15] /home/travis/build/icyphy/ptII/ptolemy/domains/de/test/auto/DEinDEwithStartTimes.xml (RunModel)" time="0.012" />
  <testcase classname="ptolemy.util.test.junit.AutoTests" name="[16] /home/travis/build/icyphy/ptII/ptolemy/domains/de/test/auto/DEinDEwithStartTimes2.xml (RunModel)" time="0.012" />
  <testcase classname="ptolemy.util.test.junit.AutoTests" name="[17] /home/travis/build/icyphy/ptII/ptolemy/domains/de/test/auto/DateDemo.xml (RunModel)" time="0.025" />
  <testcase classname="ptolemy.util.test.junit.AutoTests" name="[18] /home/travis/build/icyphy/ptII/ptolemy/domains/de/test/auto/DateToEvent.xml (RunModel)" time="2.037" />
  <testcase classname="ptolemy.util.test.junit.AutoTests" name="[19] /home/travis/build/icyphy/ptII/ptolemy/domains/de/test/auto/DepthTest1.xml (RunModel)" time="0.008" />
  <testcase classname="ptolemy.util.test.junit.AutoTests" name="[20] /home/travis/build/icyphy/ptII/ptolemy/domains/de/test/auto/DepthTest2.xml (RunModel)" time="0.016" />
  <testcase classname="ptolemy.util.test.junit.AutoTests" name="[21] /home/travis/build/icyphy/ptII/ptolemy/domains/de/test/auto/DepthTest3.xml (RunModel)" time="0.006" />
  <testcase classname="ptolemy.util.test.junit.AutoTests" name="[22] /home/travis/build/icyphy/ptII/ptolemy/domains/de/test/auto/DepthTest4.xml (RunModel)" time="0.011" />
  <testcase classname="ptolemy.util.test.junit.AutoTests" name="[23] /home/travis/build/icyphy/ptII/ptolemy/domains/de/test/auto/DepthTest5.xml (RunModel)" time="0.015" />
  <testcase classname="ptolemy.util.test.junit.AutoTests" name="[24] /home/travis/build/icyphy/ptII/ptolemy/domains/de/test/auto/DepthTest6.xml (RunModel)" time="0.012" />
  <testcase classname="ptolemy.util.test.junit.AutoTests" name="[25] /home/travis/build/icyphy/ptII/ptolemy/domains/de/test/auto/DepthTest7.xml (RunModel)" time="0.015" />
  <testcase classname="ptolemy.util.test.junit.AutoTests" name="[26] /home/travis/build/icyphy/ptII/ptolemy/domains/de/test/auto/EventToDate.xml (RunModel)" time="3.037" />
  <testcase classname="ptolemy.util.test.junit.AutoTests" name="[27] /home/travis/build/icyphy/ptII/ptolemy/domains/de/test/auto/FSM1.xml (RunModel)" time="0.028" />
  <testcase classname="ptolemy.util.test.junit.AutoTests" name="[28] /home/travis/build/icyphy/ptII/ptolemy/domains/de/test/auto/FSM7.xml (RunModel)" time="0.028" />
  <testcase classname="ptolemy.util.test.junit.AutoTests" name="[29] /home/travis/build/icyphy/ptII/ptolemy/domains/de/test/auto/Inspection.xml (RunModel)" time="0.048" />
  <testcase classname="ptolemy.util.test.junit.AutoTests" name="[30] /home/travis/build/icyphy/ptII/ptolemy/domains/de/test/auto/Iteration.xml (RunModel)" time="0.02" />
  <testcase classname="ptolemy.util.test.junit.AutoTests" name="[31] /home/travis/build/icyphy/ptII/ptolemy/domains/de/test/auto/LineFault.xml (RunModel)" time="0.532" />
  <testcase classname="ptolemy.util.test.junit.AutoTests" name="[32] /home/travis/build/icyphy/ptII/ptolemy/domains/de/test/auto/MergeModel1Add.xml (RunModel)" time="0.052" />
  <testcase classname="ptolemy.util.test.junit.AutoTests" name="[33] /home/travis/build/icyphy/ptII/ptolemy/domains/de/test/auto/MergeModel2Add.xml (RunModel)" time="0.036" />
  <testcase classname="ptolemy.util.test.junit.AutoTests" name="[34] /home/travis/build/icyphy/ptII/ptolemy/domains/de/test/auto/MergeModel3Add.xml (RunModel)" time="0.044" />
  <testcase classname="ptolemy.util.test.junit.AutoTests" name="[35] /home/travis/build/icyphy/ptII/ptolemy/domains/de/test/auto/MergeWithoutDiscard.xml (RunModel)" time="0.01" />
  <testcase classname="ptolemy.util.test.junit.AutoTests" name="[36] /home/travis/build/icyphy/ptII/ptolemy/domains/de/test/auto/Modal1.xml (RunModel)" time="0.03" />
  <testcase classname="ptolemy.util.test.junit.AutoTests" name="[37] /home/travis/build/icyphy/ptII/ptolemy/domains/de/test/auto/Modal2.xml (RunModel)" time="0.029" />
  <testcase classname="ptolemy.util.test.junit.AutoTests" name="[38] /home/travis/build/icyphy/ptII/ptolemy/domains/de/test/auto/Modal3.xml (RunModel)" time="0.032" />
  <testcase classname="ptolemy.util.test.junit.AutoTests" name="[39] /home/travis/build/icyphy/ptII/ptolemy/domains/de/test/auto/Modal4.xml (RunModel)" time="0.031" />
  <testcase classname="ptolemy.util.test.junit.AutoTests" name="[40] /home/travis/build/icyphy/ptII/ptolemy/domains/de/test/auto/Modal5.xml (RunModel)" time="0.032" />
  <testcase classname="ptolemy.util.test.junit.AutoTests" name="[41] /home/travis/build/icyphy/ptII/ptolemy/domains/de/test/auto/Modal6.xml (RunModel)" time="0.027" />
  <testcase classname="ptolemy.util.test.junit.AutoTests" name="[42] /home/travis/build/icyphy/ptII/ptolemy/domains/de/test/auto/Modal7.xml (RunModel)" time="0.026" />
  <testcase classname="ptolemy.util.test.junit.AutoTests" name="[43] /home/travis/build/icyphy/ptII/ptolemy/domains/de/test/auto/ModalModel.xml (RunModel)" time="0.156" />
  <testcase classname="ptolemy.util.test.junit.AutoTests" name="[44] /home/travis/build/icyphy/ptII/ptolemy/domains/de/test/auto/ModalSource.xml (RunModel)" time="0.018" />
  <testcase classname="ptolemy.util.test.junit.AutoTests" name="[45] /home/travis/build/icyphy/ptII/ptolemy/domains/de/test/auto/NonInterruptibleTimerZeroDelay.xml (RunModel)" time="0.013" />
  <testcase classname="ptolemy.util.test.junit.AutoTests" name="[46] /home/travis/build/icyphy/ptII/ptolemy/domains/de/test/auto/OpenQueueingNetwork.xml (RunModel)" time="2.177" />
  <testcase classname="ptolemy.util.test.junit.AutoTests" name="[47] /home/travis/build/icyphy/ptII/ptolemy/domains/de/test/auto/OpenQueuingNetwork.xml (RunModel)" time="0.25" />
  <testcase classname="ptolemy.util.test.junit.AutoTests" name="[48] /home/travis/build/icyphy/ptII/ptolemy/domains/de/test/auto/PeriodicSampler.xml (RunModel)" time="0.007" />
  <testcase classname="ptolemy.util.test.junit.AutoTests" name="[49] /home/travis/build/icyphy/ptII/ptolemy/domains/de/test/auto/PersistentIO.xml (RunModel)" time="0.022" />
  <testcase classname="ptolemy.util.test.junit.AutoTests" name="[50] /home/travis/build/icyphy/ptII/ptolemy/domains/de/test/auto/PortParameterResetOnInitialize.xml (RunModel)" time="0.009" />
  <testcase classname="ptolemy.util.test.junit.AutoTests" name="[51] /home/travis/build/icyphy/ptII/ptolemy/domains/de/test/auto/PortParameterUpdates.xml (RunModel)" time="0.014" />
  <testcase classname="ptolemy.util.test.junit.AutoTests" name="[52] /home/travis/build/icyphy/ptII/ptolemy/domains/de/test/auto/QueueAndServer.xml (RunModel)" time="0.022" />
  <testcase classname="ptolemy.util.test.junit.AutoTests" name="[53] /home/travis/build/icyphy/ptII/ptolemy/domains/de/test/auto/Records.xml (RunModel)" time="0.017" />
  <testcase classname="ptolemy.util.test.junit.AutoTests" name="[54] /home/travis/build/icyphy/ptII/ptolemy/domains/de/test/auto/ResetTransitionWithStartTime1.xml (RunModel)" time="0.017" />
  <testcase classname="ptolemy.util.test.junit.AutoTests" name="[55] /home/travis/build/icyphy/ptII/ptolemy/domains/de/test/auto/ResetTransitionWithStartTime2.xml (RunModel)" time="0.02" />
  <testcase classname="ptolemy.util.test.junit.AutoTests" name="[56] /home/travis/build/icyphy/ptII/ptolemy/domains/de/test/auto/ResetTransitionWithStartTime3.xml (RunModel)" time="0.02" />
  <testcase classname="ptolemy.util.test.junit.AutoTests" name="[57] /home/travis/build/icyphy/ptII/ptolemy/domains/de/test/auto/ResetTransitionWithStartTime4.xml (RunModel)" time="0.02" />
  <testcase classname="ptolemy.util.test.junit.AutoTests" name="[58] /home/travis/build/icyphy/ptII/ptolemy/domains/de/test/auto/ResettableTimer1.xml (RunModel)" time="0.011" />
  <testcase classname="ptolemy.util.test.junit.AutoTests" name="[59] /home/travis/build/icyphy/ptII/ptolemy/domains/de/test/auto/ResettableTimer2.xml (RunModel)" time="0.008" />
  <testcase classname="ptolemy.util.test.junit.AutoTests" name="[60] /home/travis/build/icyphy/ptII/ptolemy/domains/de/test/auto/ResettableTimer3.xml (RunModel)" time="0.009" />
  <testcase classname="ptolemy.util.test.junit.AutoTests" name="[61] /home/travis/build/icyphy/ptII/ptolemy/domains/de/test/auto/ResettableTimer4.xml (RunModel)" time="0.01" />
  <testcase classname="ptolemy.util.test.junit.AutoTests" name="[62] /home/travis/build/icyphy/ptII/ptolemy/domains/de/test/auto/ResettableTimer5.xml (RunModel)" time="0.009" />
  <testcase classname="ptolemy.util.test.junit.AutoTests" name="[63] /home/travis/build/icyphy/ptII/ptolemy/domains/de/test/auto/ResettableTimer6.xml (RunModel)" time="0.017" />
  <testcase classname="ptolemy.util.test.junit.AutoTests" name="[64] /home/travis/build/icyphy/ptII/ptolemy/domains/de/test/auto/ServerZeroDelay.xml (RunModel)" time="0.011" />
  <testcase classname="ptolemy.util.test.junit.AutoTests" name="[65] /home/travis/build/icyphy/ptII/ptolemy/domains/de/test/auto/SmartSender.xml (RunModel)" time="3.007" />
  <testcase classname="ptolemy.util.test.junit.AutoTests" name="[66] /home/travis/build/icyphy/ptII/ptolemy/domains/de/test/auto/ThreadedComposite.xml (RunModel)" time="0.222" />
  <testcase classname="ptolemy.util.test.junit.AutoTests" name="[67] /home/travis/build/icyphy/ptII/ptolemy/domains/de/test/auto/Time.xml (RunModel)" time="0.431" />
  <testcase classname="ptolemy.util.test.junit.AutoTests" name="[68] /home/travis/build/icyphy/ptII/ptolemy/domains/de/test/auto/TimeDelayZeroDelay.xml (RunModel)" time="0.011" />
  <testcase classname="ptolemy.util.test.junit.AutoTests" name="[69] /home/travis/build/icyphy/ptII/ptolemy/domains/de/test/auto/TimerZeroDelay.xml (RunModel)" time="0.009" />
  <testcase classname="ptolemy.util.test.junit.AutoTests" name="[70] /home/travis/build/icyphy/ptII/ptolemy/domains/de/test/auto/TimingParadox.xml (RunModel)" time="0.333" />
  <testcase classname="ptolemy.util.test.junit.AutoTests" name="[71] /home/travis/build/icyphy/ptII/ptolemy/domains/de/test/auto/TransferInputs.xml (RunModel)" time="0.014" />
  <testcase classname="ptolemy.util.test.junit.AutoTests" name="[72] /home/travis/build/icyphy/ptII/ptolemy/domains/de/test/auto/TransferOutputs2.xml (RunModel)" time="0.019" />
  <testcase classname="ptolemy.util.test.junit.AutoTests" name="[73] /home/travis/build/icyphy/ptII/ptolemy/domains/de/test/auto/Trilateration.xml (RunModel)" time="11.441" />
  <testcase classname="ptolemy.util.test.junit.AutoTests" name="[74] /home/travis/build/icyphy/ptII/ptolemy/domains/de/test/auto/TwoSigmaDelta.xml (RunModel)" time="2.066" />
  <testcase classname="ptolemy.util.test.junit.AutoTests" name="[75] /home/travis/build/icyphy/ptII/ptolemy/domains/de/test/auto/VariableDelay.xml (RunModel)" time="0.014" />
  <testcase classname="ptolemy.util.test.junit.AutoTests" name="[76] /home/travis/build/icyphy/ptII/ptolemy/domains/de/test/auto/VariableDelay2.xml (RunModel)" time="0.008" />
  <testcase classname="ptolemy.util.test.junit.AutoTests" name="[77] /home/travis/build/icyphy/ptII/ptolemy/domains/de/test/auto/VariableDelayZeroDelay.xml (RunModel)" time="0.009" />
  <testcase classname="ptolemy.util.test.junit.AutoTests" name="[78] /home/travis/build/icyphy/ptII/ptolemy/domains/de/test/auto/VariableDelayZeroDelay2.xml (RunModel)" time="0.009" />
  <testcase classname="ptolemy.util.test.junit.AutoTests" name="[79] /home/travis/build/icyphy/ptII/ptolemy/domains/de/test/auto/deInCt.xml (RunModel)" time="0.012" />
  <testcase classname="ptolemy.util.test.junit.AutoTests" name="[80] /home/travis/build/icyphy/ptII/ptolemy/domains/de/test/auto/deInCt2.xml (RunModel)" time="0.011" />
  <testcase classname="ptolemy.util.test.junit.AutoTests" name="[81] /home/travis/build/icyphy/ptII/ptolemy/domains/de/test/auto/dynamicCausalityInterface1.xml (RunModel)" time="0.019" />
  <testcase classname="ptolemy.util.test.junit.AutoTests" name="[82] /home/travis/build/icyphy/ptII/ptolemy/domains/de/test/auto/fsm_de_test.xml (RunModel)" time="0.021" />
  <testcase classname="ptolemy.util.test.junit.AutoTests" name="[83] /home/travis/build/icyphy/ptII/ptolemy/domains/de/test/auto/functionDependencyReconstruction.xml (RunModel)" time="0.031" />
  <testcase classname="ptolemy.util.test.junit.AutoTests" name="[84] /home/travis/build/icyphy/ptII/ptolemy/domains/de/test/auto/multirate.xml (RunModel)" time="0.015" />
  <testcase classname="ptolemy.util.test.junit.AutoTests" name="[85] /home/travis/build/icyphy/ptII/ptolemy/domains/de/test/auto/multirate2.xml (RunModel)" time="0.014" />
  <testcase classname="ptolemy.util.test.junit.AutoTests" name="[86] /home/travis/build/icyphy/ptII/ptolemy/domains/de/test/auto/realtime.xml (RunModel)" time="10.01" />
  <testcase classname="ptolemy.util.test.junit.AutoTests" name="[87] /home/travis/build/icyphy/ptII/ptolemy/domains/de/test/auto/relationGroup.xml (RunModel)" time="0.018" />
  <testcase classname="ptolemy.util.test.junit.AutoTests" name="[88] /home/travis/build/icyphy/ptII/ptolemy/domains/de/test/auto/relationGroup2.xml (RunModel)" time="0.009" />
  <testcase classname="ptolemy.util.test.junit.AutoTests" name="[89] /home/travis/build/icyphy/ptII/ptolemy/domains/de/test/auto/sortWithOpaquePorts.xml (RunModel)" time="0.008" />
  <testcase classname="ptolemy.util.test.junit.AutoTests" name="[90] /home/travis/build/icyphy/ptII/ptolemy/domains/de/test/auto/transferInputsandOutputs.xml (RunModel)" time="0.013" />
  <testcase classname="ptolemy.util.test.junit.AutoTests" name="[91] /home/travis/build/icyphy/ptII/ptolemy/domains/de/test/auto/triggerType.xml (RunModel)" time="0.01" />
  <system-out><![CDATA[/home/travis/build/icyphy/ptII/ptolemy/domains/de/test/DependencyLoop.tcl
testDefs.tcl: setting time out to 9000 seconds at Wed Jun 27 01:28:13 UTC 2018
14 ms. Memory: 116224K Free: 93889K (81%)
9 ms. Memory: 146944K Free: 135459K (92%)
/home/travis/build/icyphy/ptII/ptolemy/domains/de/test/RunDETestsAsQSS.tcl
Run the DE tests using ptolemy.domains.qss.test.QSSDirectorTest, which extends QSSDirector and prints a message in the constructors.
------------------ testing $PTII/ptolemy/domains/de/test/auto/knownFailedTests/dependencyLoop.xml (Known Failure) 
6 ms. Memory: 146944K Free: 132347K (90%)


==== $PTIIhome/travis/build/icyphy/ptII/ptolemy/domains/de/test/../../../../: Auto Automatic test in file $PTII/ptolemy/domains/de/test/auto/knownFailedTests/dependencyLoop.xml
==== Contents of test case:

	    # FIXME: we should use $relativeFilename here, but it
	    # might have backslashes under Windows, which causes no end
	    # of trouble.
	    createAndExecute $file
	    list {}
	
.... Test generated KNOWN error:
    while executing
ptolemy.kernel.util.IllegalActionException: Found a zero delay loop containing .dependencyLoop.original
  in .dependencyLoop and .dependencyLoop.original
	at ptolemy.actor.util.CausalityInterfaceForComposites._computeOutputPortDepth(CausalityInterfaceForComposites.java:759)
	at ptolemy.actor.util.CausalityInterfaceForComposites._computeInputDepth(CausalityInterfaceForComposites.java:696)
	at ptolemy.actor.util.CausalityInterfaceForComposites._computeOutputPortDepth(CausalityInterfaceForComposites.java:765)
	at ptolemy.actor.util.CausalityInterfaceForComposites._computeInputDepth(CausalityInterfaceForComposites.java:696)
	at ptolemy.actor.util.CausalityInterfaceForComposites._computeOutputPortDepth(CausalityInterfaceForComposites.java:765)
	at ptolemy.actor.util.CausalityInterfaceForComposites._computeInputDepth(CausalityInterfaceForComposites.java:696)
	at ptolemy.actor.util.CausalityInterfaceForComposites._computeActorDepth(CausalityInterfaceForComposites.java:532)
	at ptolemy.actor.util.CausalityInterfaceForComposites.checkForCycles(CausalityInterfaceForComposites.java:96)
	at ptolemy.domains.de.kernel.DEDirector.preinitialize(DEDirector.java:1338)
	at ptolemy.actor.CompositeActor.preinitialize(CompositeActor.java:1828)
	at ptolemy.actor.Manager.preinitializeAndResolveTypes(Manager.java:1040)
	at ptolemy.actor.Manager.initialize(Manager.java:710)
	at ptolemy.actor.Manager.execute(Manager.java:356)
	at ptolemy.actor.Manager.run(Manager.java:1263)
	at ptolemy.actor.Manager$PtolemyRunThread.run(Manager.java:1915)

    while executing
ptolemy.kernel.util.IllegalActionException: Found a zero delay loop containing .dependencyLoop.original
  in .dependencyLoop and .dependencyLoop.original
    while executing
"java::new ptolemy.moml.MoMLSimpleApplication $file
"
    (procedure "createAndExecute" line 2)
    invoked from within
"createAndExecute $file"
    ("uplevel" body line 5)
    invoked from within
"uplevel $contents_of_test"
------------------ testing $PTII/ptolemy/domains/de/test/auto/knownFailedTests/DESDFClockTest.xml (Known Failure) 
2090 ms. Memory: 146944K Free: 116517K (79%)


==== $PTIIhome/travis/build/icyphy/ptII/ptolemy/domains/de/test/../../../../: Auto Automatic test in file $PTII/ptolemy/domains/de/test/auto/knownFailedTests/DESDFClockTest.xml
==== Contents of test case:

	    # FIXME: we should use $relativeFilename here, but it
	    # might have backslashes under Windows, which causes no end
	    # of trouble.
	    createAndExecute $file
	    list {}
	
.... Test generated KNOWN error:
    while executing
ptolemy.kernel.util.IllegalActionException: Actor is not ready to fire.  Perhaps UpSample.prefire() returned false? Try debugging the actor by selecting "Listen to Actor".  Also, for SDF check moml for tokenConsumptionRate on input.
  in .DESDFClockTest.Play Bell.Copy1:SDF Director and .DESDFClockTest.Play Bell.UpSample
	at ptolemy.actor.sched.StaticSchedulingDirector.fire(StaticSchedulingDirector.java:227)
	at ptolemy.domains.sdf.kernel.SDFDirector.fire(SDFDirector.java:500)
	at ptolemy.actor.CompositeActor.fire(CompositeActor.java:455)
	at ptolemy.domains.de.kernel.DEDirector._fire(DEDirector.java:1949)
	at ptolemy.domains.de.kernel.DEDirector.fire(DEDirector.java:502)
	at ptolemy.actor.CompositeActor.fire(CompositeActor.java:455)
	at ptolemy.actor.Manager.iterate(Manager.java:851)
	at ptolemy.actor.Manager.execute(Manager.java:369)
	at ptolemy.actor.Manager.run(Manager.java:1263)
	at ptolemy.actor.Manager$PtolemyRunThread.run(Manager.java:1915)

    while executing
ptolemy.kernel.util.IllegalActionException: Actor is not ready to fire.  Perhaps UpSample.prefire() returned false? Try debugging the actor by selecting "Listen to Actor".  Also, for SDF check moml for tokenConsumptionRate on input.
  in .DESDFClockTest.Play Bell.Copy1:SDF Director and .DESDFClockTest.Play Bell.UpSample
    while executing
"java::new ptolemy.moml.MoMLSimpleApplication $file
"
    (procedure "createAndExecute" line 2)
    invoked from within
"createAndExecute $file"
    ("uplevel" body line 5)
    invoked from within
"uplevel $contents_of_test"
------------------ testing $PTII/ptolemy/domains/de/test/auto/knownFailedTests/FSMSource.xml (Known Failure) 
39 ms. Memory: 146944K Free: 107511K (73%)
!!!! Auto was marked as failing, but now passes
------------------ testing $PTII/ptolemy/domains/de/test/auto/knownFailedTests/dependencyLoop2.xml (Known Failure) 
7 ms. Memory: 146944K Free: 105636K (72%)


==== $PTIIhome/travis/build/icyphy/ptII/ptolemy/domains/de/test/../../../../: Auto Automatic test in file $PTII/ptolemy/domains/de/test/auto/knownFailedTests/dependencyLoop2.xml
==== Contents of test case:

	    # FIXME: we should use $relativeFilename here, but it
	    # might have backslashes under Windows, which causes no end
	    # of trouble.
	    createAndExecute $file
	    list {}
	
.... Test generated KNOWN error:
    while executing
ptolemy.kernel.util.IllegalActionException: Found a zero delay loop containing .dependencyLoop2.original
  in .dependencyLoop2 and .dependencyLoop2.original
	at ptolemy.actor.util.CausalityInterfaceForComposites._computeOutputPortDepth(CausalityInterfaceForComposites.java:759)
	at ptolemy.actor.util.CausalityInterfaceForComposites._computeInputDepth(CausalityInterfaceForComposites.java:696)
	at ptolemy.actor.util.CausalityInterfaceForComposites._computeOutputPortDepth(CausalityInterfaceForComposites.java:765)
	at ptolemy.actor.util.CausalityInterfaceForComposites._computeInputDepth(CausalityInterfaceForComposites.java:696)
	at ptolemy.actor.util.CausalityInterfaceForComposites._computeOutputPortDepth(CausalityInterfaceForComposites.java:765)
	at ptolemy.actor.util.CausalityInterfaceForComposites._computeInputDepth(CausalityInterfaceForComposites.java:696)
	at ptolemy.actor.util.CausalityInterfaceForComposites._computeActorDepth(CausalityInterfaceForComposites.java:532)
	at ptolemy.actor.util.CausalityInterfaceForComposites.checkForCycles(CausalityInterfaceForComposites.java:96)
	at ptolemy.domains.de.kernel.DEDirector.preinitialize(DEDirector.java:1338)
	at ptolemy.actor.CompositeActor.preinitialize(CompositeActor.java:1828)
	at ptolemy.actor.Manager.preinitializeAndResolveTypes(Manager.java:1040)
	at ptolemy.actor.Manager.initialize(Manager.java:710)
	at ptolemy.actor.Manager.execute(Manager.java:356)
	at ptolemy.actor.Manager.run(Manager.java:1263)
	at ptolemy.actor.Manager$PtolemyRunThread.run(Manager.java:1915)

    while executing
ptolemy.kernel.util.IllegalActionException: Found a zero delay loop containing .dependencyLoop2.original
  in .dependencyLoop2 and .dependencyLoop2.original
    while executing
"java::new ptolemy.moml.MoMLSimpleApplication $file
"
    (procedure "createAndExecute" line 2)
    invoked from within
"createAndExecute $file"
    ("uplevel" body line 5)
    invoked from within
"uplevel $contents_of_test"
------------------ testing $PTII/ptolemy/domains/de/test/auto/knownFailedTests/HierarchicalModel.xml (Known Failure) 
5 ms. Memory: 146944K Free: 83922K (57%)


==== $PTIIhome/travis/build/icyphy/ptII/ptolemy/domains/de/test/../../../../: Auto Automatic test in file $PTII/ptolemy/domains/de/test/auto/knownFailedTests/HierarchicalModel.xml
==== Contents of test case:

	    # FIXME: we should use $relativeFilename here, but it
	    # might have backslashes under Windows, which causes no end
	    # of trouble.
	    createAndExecute $file
	    list {}
	
.... Test generated KNOWN error:
    while executing
ptolemy.kernel.util.IllegalActionException: Found a zero delay loop containing .HierarchicalModel.A
  in .HierarchicalModel and .HierarchicalModel.A
	at ptolemy.actor.util.CausalityInterfaceForComposites._computeOutputPortDepth(CausalityInterfaceForComposites.java:759)
	at ptolemy.actor.util.CausalityInterfaceForComposites._computeInputDepth(CausalityInterfaceForComposites.java:696)
	at ptolemy.actor.util.CausalityInterfaceForComposites._computeOutputPortDepth(CausalityInterfaceForComposites.java:765)
	at ptolemy.actor.util.CausalityInterfaceForComposites._computeInputDepth(CausalityInterfaceForComposites.java:696)
	at ptolemy.actor.util.CausalityInterfaceForComposites._computeOutputPortDepth(CausalityInterfaceForComposites.java:765)
	at ptolemy.actor.util.CausalityInterfaceForComposites._computeInputDepth(CausalityInterfaceForComposites.java:696)
	at ptolemy.actor.util.CausalityInterfaceForComposites._computeActorDepth(CausalityInterfaceForComposites.java:532)
	at ptolemy.actor.util.CausalityInterfaceForComposites.checkForCycles(CausalityInterfaceForComposites.java:96)
	at ptolemy.domains.de.kernel.DEDirector.preinitialize(DEDirector.java:1338)
	at ptolemy.actor.CompositeActor.preinitialize(CompositeActor.java:1828)
	at ptolemy.actor.Manager.preinitializeAndResolveTypes(Manager.java:1040)
	at ptolemy.actor.Manager.initialize(Manager.java:710)
	at ptolemy.actor.Manager.execute(Manager.java:356)
	at ptolemy.actor.Manager.run(Manager.java:1263)
	at ptolemy.actor.Manager$PtolemyRunThread.run(Manager.java:1915)

    while executing
ptolemy.kernel.util.IllegalActionException: Found a zero delay loop containing .HierarchicalModel.A
  in .HierarchicalModel and .HierarchicalModel.A
    while executing
"java::new ptolemy.moml.MoMLSimpleApplication $file
"
    (procedure "createAndExecute" line 2)
    invoked from within
"createAndExecute $file"
    ("uplevel" body line 5)
    invoked from within
"uplevel $contents_of_test"
------------------ testing $PTII/ptolemy/domains/de/test/auto/knownFailedTests/DirectFeedback.xml (Known Failure) 
4 ms. Memory: 146944K Free: 141117K (96%)


==== $PTIIhome/travis/build/icyphy/ptII/ptolemy/domains/de/test/../../../../: Auto Automatic test in file $PTII/ptolemy/domains/de/test/auto/knownFailedTests/DirectFeedback.xml
==== Contents of test case:

	    # FIXME: we should use $relativeFilename here, but it
	    # might have backslashes under Windows, which causes no end
	    # of trouble.
	    createAndExecute $file
	    list {}
	
.... Test generated KNOWN error:
    while executing
ptolemy.kernel.util.IllegalActionException: Test fails in iteration 1.
Value was: 1.0. Should have been: 2.0
  in .DirectFeedback.Test
	at ptolemy.actor.lib.Test.fire(Test.java:268)
	at ptolemy.domains.de.kernel.DEDirector._fire(DEDirector.java:1949)
	at ptolemy.domains.de.kernel.DEDirector.fire(DEDirector.java:502)
	at ptolemy.actor.CompositeActor.fire(CompositeActor.java:455)
	at ptolemy.actor.Manager.iterate(Manager.java:851)
	at ptolemy.actor.Manager.execute(Manager.java:369)
	at ptolemy.actor.Manager.run(Manager.java:1263)
	at ptolemy.actor.Manager$PtolemyRunThread.run(Manager.java:1915)

    while executing
ptolemy.kernel.util.IllegalActionException: Test fails in iteration 1.
Value was: 1.0. Should have been: 2.0
  in .DirectFeedback.Test
    while executing
"java::new ptolemy.moml.MoMLSimpleApplication $file
"
    (procedure "createAndExecute" line 2)
    invoked from within
"createAndExecute $file"
    ("uplevel" body line 5)
    invoked from within
"uplevel $contents_of_test"
------------------ testing $PTII/ptolemy/domains/de/test/auto/ActorDepthCalculation_actorWithoutPorts.xml
auto.tcl: Setting watchdog for 200 seconds at Wed Jun 27 01:28:16 UTC 2018
8 ms. Memory: 146944K Free: 132382K (90%)
ptolemy.util.test.WatchDog.cancel(): canceling Wed Jun 27 01:28:16 UTC 2018
auto.tcl: Setting watchdog for 200 seconds at Wed Jun 27 01:28:16 UTC 2018
2 ms. Memory: 146944K Free: 131339K (89%)
ptolemy.util.test.WatchDog.cancel(): canceling Wed Jun 27 01:28:16 UTC 2018
------------------ testing $PTII/ptolemy/domains/de/test/auto/AssemblyLine.xml
auto.tcl: Setting watchdog for 200 seconds at Wed Jun 27 01:28:17 UTC 2018
26 ms. Memory: 208384K Free: 182815K (88%)
ptolemy.util.test.WatchDog.cancel(): canceling Wed Jun 27 01:28:17 UTC 2018
auto.tcl: Setting watchdog for 200 seconds at Wed Jun 27 01:28:17 UTC 2018
11 ms. Memory: 208384K Free: 182815K (88%)
ptolemy.util.test.WatchDog.cancel(): canceling Wed Jun 27 01:28:17 UTC 2018
------------------ testing $PTII/ptolemy/domains/de/test/auto/CQBug1.xml
auto.tcl: Setting watchdog for 200 seconds at Wed Jun 27 01:28:17 UTC 2018
5 ms. Memory: 208384K Free: 197703K (95%)
ptolemy.util.test.WatchDog.cancel(): canceling Wed Jun 27 01:28:17 UTC 2018
auto.tcl: Setting watchdog for 200 seconds at Wed Jun 27 01:28:17 UTC 2018
1 ms. Memory: 208384K Free: 197703K (95%)
ptolemy.util.test.WatchDog.cancel(): canceling Wed Jun 27 01:28:17 UTC 2018
------------------ testing $PTII/ptolemy/domains/de/test/auto/CancelFireAt.xml
auto.tcl: Setting watchdog for 200 seconds at Wed Jun 27 01:28:17 UTC 2018
11 ms. Memory: 208384K Free: 201424K (97%)
ptolemy.util.test.WatchDog.cancel(): canceling Wed Jun 27 01:28:17 UTC 2018
auto.tcl: Setting watchdog for 200 seconds at Wed Jun 27 01:28:17 UTC 2018
6 ms. Memory: 208384K Free: 198979K (95%)
ptolemy.util.test.WatchDog.cancel(): canceling Wed Jun 27 01:28:17 UTC 2018
------------------ testing $PTII/ptolemy/domains/de/test/auto/CausalityAndComposabilityAnalysis.xml
auto.tcl: Setting watchdog for 200 seconds at Wed Jun 27 01:28:17 UTC 2018
6 ms. Memory: 208384K Free: 196471K (94%)
ptolemy.util.test.WatchDog.cancel(): canceling Wed Jun 27 01:28:17 UTC 2018
auto.tcl: Setting watchdog for 200 seconds at Wed Jun 27 01:28:17 UTC 2018
9 ms. Memory: 208384K Free: 196471K (94%)
ptolemy.util.test.WatchDog.cancel(): canceling Wed Jun 27 01:28:17 UTC 2018
------------------ testing $PTII/ptolemy/domains/de/test/auto/CausalityInterface1.xml
auto.tcl: Setting watchdog for 200 seconds at Wed Jun 27 01:28:17 UTC 2018
22 ms. Memory: 208384K Free: 196408K (94%)
ptolemy.util.test.WatchDog.cancel(): canceling Wed Jun 27 01:28:17 UTC 2018
auto.tcl: Setting watchdog for 200 seconds at Wed Jun 27 01:28:17 UTC 2018
4 ms. Memory: 208384K Free: 196408K (94%)
ptolemy.util.test.WatchDog.cancel(): canceling Wed Jun 27 01:28:17 UTC 2018
------------------ testing $PTII/ptolemy/domains/de/test/auto/CausalityInterface15.xml
auto.tcl: Setting watchdog for 200 seconds at Wed Jun 27 01:28:17 UTC 2018
9 ms. Memory: 208384K Free: 196398K (94%)
ptolemy.util.test.WatchDog.cancel(): canceling Wed Jun 27 01:28:17 UTC 2018
auto.tcl: Setting watchdog for 200 seconds at Wed Jun 27 01:28:17 UTC 2018
8 ms. Memory: 208384K Free: 196398K (94%)
ptolemy.util.test.WatchDog.cancel(): canceling Wed Jun 27 01:28:17 UTC 2018
------------------ testing $PTII/ptolemy/domains/de/test/auto/CausalityInterface2.xml
auto.tcl: Setting watchdog for 200 seconds at Wed Jun 27 01:28:17 UTC 2018
12 ms. Memory: 208384K Free: 196382K (94%)
ptolemy.util.test.WatchDog.cancel(): canceling Wed Jun 27 01:28:17 UTC 2018
auto.tcl: Setting watchdog for 200 seconds at Wed Jun 27 01:28:17 UTC 2018
3 ms. Memory: 208384K Free: 196382K (94%)
ptolemy.util.test.WatchDog.cancel(): canceling Wed Jun 27 01:28:17 UTC 2018
------------------ testing $PTII/ptolemy/domains/de/test/auto/CausalityInterface3.xml
auto.tcl: Setting watchdog for 200 seconds at Wed Jun 27 01:28:17 UTC 2018
6 ms. Memory: 208384K Free: 196394K (94%)
ptolemy.util.test.WatchDog.cancel(): canceling Wed Jun 27 01:28:17 UTC 2018
auto.tcl: Setting watchdog for 200 seconds at Wed Jun 27 01:28:17 UTC 2018
4 ms. Memory: 208384K Free: 196394K (94%)
ptolemy.util.test.WatchDog.cancel(): canceling Wed Jun 27 01:28:17 UTC 2018
------------------ testing $PTII/ptolemy/domains/de/test/auto/ClockDrift.xml
auto.tcl: Setting watchdog for 200 seconds at Wed Jun 27 01:28:17 UTC 2018
52 ms. Memory: 208384K Free: 187606K (90%)
ptolemy.util.test.WatchDog.cancel(): canceling Wed Jun 27 01:28:18 UTC 2018
auto.tcl: Setting watchdog for 200 seconds at Wed Jun 27 01:28:18 UTC 2018
62 ms. Memory: 208384K Free: 185499K (89%)
ptolemy.util.test.WatchDog.cancel(): canceling Wed Jun 27 01:28:18 UTC 2018
------------------ testing $PTII/ptolemy/domains/de/test/auto/ClockDriftAndValueChange.xml
auto.tcl: Setting watchdog for 200 seconds at Wed Jun 27 01:28:18 UTC 2018
52 ms. Memory: 208384K Free: 187442K (90%)
ptolemy.util.test.WatchDog.cancel(): canceling Wed Jun 27 01:28:18 UTC 2018
auto.tcl: Setting watchdog for 200 seconds at Wed Jun 27 01:28:18 UTC 2018
40 ms. Memory: 208384K Free: 185336K (89%)
ptolemy.util.test.WatchDog.cancel(): canceling Wed Jun 27 01:28:18 UTC 2018
------------------ testing $PTII/ptolemy/domains/de/test/auto/ClockDriftChange.xml
auto.tcl: Setting watchdog for 200 seconds at Wed Jun 27 01:28:18 UTC 2018
34 ms. Memory: 208384K Free: 190772K (92%)
ptolemy.util.test.WatchDog.cancel(): canceling Wed Jun 27 01:28:18 UTC 2018
auto.tcl: Setting watchdog for 200 seconds at Wed Jun 27 01:28:18 UTC 2018
29 ms. Memory: 208384K Free: 188665K (91%)
ptolemy.util.test.WatchDog.cancel(): canceling Wed Jun 27 01:28:18 UTC 2018
------------------ testing $PTII/ptolemy/domains/de/test/auto/ComposableCausalityAnalysis.xml
auto.tcl: Setting watchdog for 200 seconds at Wed Jun 27 01:28:18 UTC 2018
2 ms. Memory: 208384K Free: 196250K (94%)
ptolemy.util.test.WatchDog.cancel(): canceling Wed Jun 27 01:28:18 UTC 2018
auto.tcl: Setting watchdog for 200 seconds at Wed Jun 27 01:28:18 UTC 2018
3 ms. Memory: 208384K Free: 194144K (93%)
ptolemy.util.test.WatchDog.cancel(): canceling Wed Jun 27 01:28:18 UTC 2018
------------------ testing $PTII/ptolemy/domains/de/test/auto/DEFixedPointLimitation.xml
auto.tcl: Setting watchdog for 200 seconds at Wed Jun 27 01:28:18 UTC 2018
2 ms. Memory: 208384K Free: 196128K (94%)
ptolemy.util.test.WatchDog.cancel(): canceling Wed Jun 27 01:28:18 UTC 2018
auto.tcl: Setting watchdog for 200 seconds at Wed Jun 27 01:28:18 UTC 2018
1 ms. Memory: 208384K Free: 196128K (94%)
ptolemy.util.test.WatchDog.cancel(): canceling Wed Jun 27 01:28:18 UTC 2018
------------------ testing $PTII/ptolemy/domains/de/test/auto/DEScheduleTest.xml
auto.tcl: Setting watchdog for 200 seconds at Wed Jun 27 01:28:18 UTC 2018
5 ms. Memory: 208384K Free: 198270K (95%)
ptolemy.util.test.WatchDog.cancel(): canceling Wed Jun 27 01:28:18 UTC 2018
auto.tcl: Setting watchdog for 200 seconds at Wed Jun 27 01:28:18 UTC 2018
4 ms. Memory: 208384K Free: 196163K (94%)
ptolemy.util.test.WatchDog.cancel(): canceling Wed Jun 27 01:28:18 UTC 2018
------------------ testing $PTII/ptolemy/domains/de/test/auto/DEinDEwithStartTimes.xml
auto.tcl: Setting watchdog for 200 seconds at Wed Jun 27 01:28:18 UTC 2018
3 ms. Memory: 208384K Free: 196133K (94%)
ptolemy.util.test.WatchDog.cancel(): canceling Wed Jun 27 01:28:18 UTC 2018
auto.tcl: Setting watchdog for 200 seconds at Wed Jun 27 01:28:18 UTC 2018
4 ms. Memory: 208384K Free: 194026K (93%)
ptolemy.util.test.WatchDog.cancel(): canceling Wed Jun 27 01:28:18 UTC 2018
------------------ testing $PTII/ptolemy/domains/de/test/auto/DEinDEwithStartTimes2.xml
auto.tcl: Setting watchdog for 200 seconds at Wed Jun 27 01:28:18 UTC 2018
4 ms. Memory: 208384K Free: 196112K (94%)
ptolemy.util.test.WatchDog.cancel(): canceling Wed Jun 27 01:28:18 UTC 2018
auto.tcl: Setting watchdog for 200 seconds at Wed Jun 27 01:28:18 UTC 2018
4 ms. Memory: 208384K Free: 194005K (93%)
ptolemy.util.test.WatchDog.cancel(): canceling Wed Jun 27 01:28:18 UTC 2018
------------------ testing $PTII/ptolemy/domains/de/test/auto/DateDemo.xml
auto.tcl: Setting watchdog for 200 seconds at Wed Jun 27 01:28:18 UTC 2018
13 ms. Memory: 208384K Free: 188522K (90%)
ptolemy.util.test.WatchDog.cancel(): canceling Wed Jun 27 01:28:19 UTC 2018
auto.tcl: Setting watchdog for 200 seconds at Wed Jun 27 01:28:19 UTC 2018
5 ms. Memory: 208384K Free: 186415K (89%)
ptolemy.util.test.WatchDog.cancel(): canceling Wed Jun 27 01:28:19 UTC 2018
------------------ testing $PTII/ptolemy/domains/de/test/auto/DateToEvent.xml
auto.tcl: Setting watchdog for 200 seconds at Wed Jun 27 01:28:19 UTC 2018
2018 ms. Memory: 208384K Free: 183223K (88%)
ptolemy.util.test.WatchDog.cancel(): canceling Wed Jun 27 01:28:21 UTC 2018
auto.tcl: Setting watchdog for 200 seconds at Wed Jun 27 01:28:21 UTC 2018
2009 ms. Memory: 208384K Free: 180765K (87%)
ptolemy.util.test.WatchDog.cancel(): canceling Wed Jun 27 01:28:23 UTC 2018
------------------ testing $PTII/ptolemy/domains/de/test/auto/DepthTest1.xml
auto.tcl: Setting watchdog for 200 seconds at Wed Jun 27 01:28:23 UTC 2018
3 ms. Memory: 208384K Free: 197798K (95%)
ptolemy.util.test.WatchDog.cancel(): canceling Wed Jun 27 01:28:23 UTC 2018
auto.tcl: Setting watchdog for 200 seconds at Wed Jun 27 01:28:23 UTC 2018
4 ms. Memory: 208384K Free: 197798K (95%)
ptolemy.util.test.WatchDog.cancel(): canceling Wed Jun 27 01:28:23 UTC 2018
------------------ testing $PTII/ptolemy/domains/de/test/auto/DepthTest2.xml
auto.tcl: Setting watchdog for 200 seconds at Wed Jun 27 01:28:23 UTC 2018
6 ms. Memory: 208384K Free: 193986K (93%)
ptolemy.util.test.WatchDog.cancel(): canceling Wed Jun 27 01:28:23 UTC 2018
auto.tcl: Setting watchdog for 200 seconds at Wed Jun 27 01:28:23 UTC 2018
3 ms. Memory: 208384K Free: 193986K (93%)
ptolemy.util.test.WatchDog.cancel(): canceling Wed Jun 27 01:28:23 UTC 2018
------------------ testing $PTII/ptolemy/domains/de/test/auto/DepthTest3.xml
auto.tcl: Setting watchdog for 200 seconds at Wed Jun 27 01:28:23 UTC 2018
2 ms. Memory: 208384K Free: 198471K (95%)
ptolemy.util.test.WatchDog.cancel(): canceling Wed Jun 27 01:28:23 UTC 2018
auto.tcl: Setting watchdog for 200 seconds at Wed Jun 27 01:28:23 UTC 2018
1 ms. Memory: 208384K Free: 198133K (95%)
ptolemy.util.test.WatchDog.cancel(): canceling Wed Jun 27 01:28:23 UTC 2018
------------------ testing $PTII/ptolemy/domains/de/test/auto/DepthTest4.xml
auto.tcl: Setting watchdog for 200 seconds at Wed Jun 27 01:28:23 UTC 2018
8 ms. Memory: 208384K Free: 196114K (94%)
ptolemy.util.test.WatchDog.cancel(): canceling Wed Jun 27 01:28:23 UTC 2018
auto.tcl: Setting watchdog for 200 seconds at Wed Jun 27 01:28:23 UTC 2018
2 ms. Memory: 208384K Free: 196114K (94%)
ptolemy.util.test.WatchDog.cancel(): canceling Wed Jun 27 01:28:23 UTC 2018
------------------ testing $PTII/ptolemy/domains/de/test/auto/DepthTest5.xml
auto.tcl: Setting watchdog for 200 seconds at Wed Jun 27 01:28:23 UTC 2018
3 ms. Memory: 208384K Free: 196061K (94%)
ptolemy.util.test.WatchDog.cancel(): canceling Wed Jun 27 01:28:23 UTC 2018
auto.tcl: Setting watchdog for 200 seconds at Wed Jun 27 01:28:23 UTC 2018
2 ms. Memory: 208384K Free: 196061K (94%)
ptolemy.util.test.WatchDog.cancel(): canceling Wed Jun 27 01:28:23 UTC 2018
------------------ testing $PTII/ptolemy/domains/de/test/auto/DepthTest6.xml
auto.tcl: Setting watchdog for 200 seconds at Wed Jun 27 01:28:23 UTC 2018
16 ms. Memory: 208384K Free: 196030K (94%)
ptolemy.util.test.WatchDog.cancel(): canceling Wed Jun 27 01:28:23 UTC 2018
auto.tcl: Setting watchdog for 200 seconds at Wed Jun 27 01:28:23 UTC 2018
3 ms. Memory: 208384K Free: 196030K (94%)
ptolemy.util.test.WatchDog.cancel(): canceling Wed Jun 27 01:28:23 UTC 2018
------------------ testing $PTII/ptolemy/domains/de/test/auto/DepthTest7.xml
auto.tcl: Setting watchdog for 200 seconds at Wed Jun 27 01:28:23 UTC 2018
5 ms. Memory: 208384K Free: 196018K (94%)
ptolemy.util.test.WatchDog.cancel(): canceling Wed Jun 27 01:28:23 UTC 2018
auto.tcl: Setting watchdog for 200 seconds at Wed Jun 27 01:28:23 UTC 2018
2 ms. Memory: 208384K Free: 196018K (94%)
ptolemy.util.test.WatchDog.cancel(): canceling Wed Jun 27 01:28:23 UTC 2018
------------------ testing $PTII/ptolemy/domains/de/test/auto/EventToDate.xml
auto.tcl: Setting watchdog for 200 seconds at Wed Jun 27 01:28:23 UTC 2018
3009 ms. Memory: 208384K Free: 185506K (89%)
ptolemy.util.test.WatchDog.cancel(): canceling Wed Jun 27 01:28:26 UTC 2018
auto.tcl: Setting watchdog for 200 seconds at Wed Jun 27 01:28:26 UTC 2018
3004 ms. Memory: 208384K Free: 185506K (89%)
ptolemy.util.test.WatchDog.cancel(): canceling Wed Jun 27 01:28:29 UTC 2018
------------------ testing $PTII/ptolemy/domains/de/test/auto/FSM1.xml
auto.tcl: Setting watchdog for 200 seconds at Wed Jun 27 01:28:29 UTC 2018
47 ms. Memory: 208384K Free: 189056K (91%)
ptolemy.util.test.WatchDog.cancel(): canceling Wed Jun 27 01:28:29 UTC 2018
auto.tcl: Setting watchdog for 200 seconds at Wed Jun 27 01:28:29 UTC 2018
22 ms. Memory: 208384K Free: 184842K (89%)
ptolemy.util.test.WatchDog.cancel(): canceling Wed Jun 27 01:28:29 UTC 2018
------------------ testing $PTII/ptolemy/domains/de/test/auto/FSM7.xml
auto.tcl: Setting watchdog for 200 seconds at Wed Jun 27 01:28:30 UTC 2018
22 ms. Memory: 208384K Free: 187152K (90%)
ptolemy.util.test.WatchDog.cancel(): canceling Wed Jun 27 01:28:30 UTC 2018
auto.tcl: Setting watchdog for 200 seconds at Wed Jun 27 01:28:30 UTC 2018
18 ms. Memory: 208384K Free: 185045K (89%)
ptolemy.util.test.WatchDog.cancel(): canceling Wed Jun 27 01:28:30 UTC 2018
------------------ testing $PTII/ptolemy/domains/de/test/auto/Inspection.xml
auto.tcl: Setting watchdog for 200 seconds at Wed Jun 27 01:28:30 UTC 2018
39 ms. Memory: 208384K Free: 188703K (91%)
ptolemy.util.test.WatchDog.cancel(): canceling Wed Jun 27 01:28:30 UTC 2018
auto.tcl: Setting watchdog for 200 seconds at Wed Jun 27 01:28:30 UTC 2018
25 ms. Memory: 208384K Free: 186596K (90%)
ptolemy.util.test.WatchDog.cancel(): canceling Wed Jun 27 01:28:30 UTC 2018
------------------ testing $PTII/ptolemy/domains/de/test/auto/Iteration.xml
auto.tcl: Setting watchdog for 200 seconds at Wed Jun 27 01:28:30 UTC 2018
8 ms. Memory: 208384K Free: 195824K (94%)
ptolemy.util.test.WatchDog.cancel(): canceling Wed Jun 27 01:28:30 UTC 2018
auto.tcl: Setting watchdog for 200 seconds at Wed Jun 27 01:28:30 UTC 2018
14 ms. Memory: 208384K Free: 193717K (93%)
ptolemy.util.test.WatchDog.cancel(): canceling Wed Jun 27 01:28:30 UTC 2018
------------------ testing $PTII/ptolemy/domains/de/test/auto/LineFault.xml
auto.tcl: Setting watchdog for 200 seconds at Wed Jun 27 01:28:30 UTC 2018
738 ms. Memory: 208384K Free: 195999K (94%)
ptolemy.util.test.WatchDog.cancel(): canceling Wed Jun 27 01:28:31 UTC 2018
auto.tcl: Setting watchdog for 200 seconds at Wed Jun 27 01:28:31 UTC 2018
620 ms. Memory: 208384K Free: 138477K (66%)
ptolemy.util.test.WatchDog.cancel(): canceling Wed Jun 27 01:28:32 UTC 2018
------------------ testing $PTII/ptolemy/domains/de/test/auto/MergeModel1Add.xml
auto.tcl: Setting watchdog for 200 seconds at Wed Jun 27 01:28:32 UTC 2018
14 ms. Memory: 331264K Free: 298647K (90%)
ptolemy.util.test.WatchDog.cancel(): canceling Wed Jun 27 01:28:32 UTC 2018
auto.tcl: Setting watchdog for 200 seconds at Wed Jun 27 01:28:32 UTC 2018
8 ms. Memory: 331264K Free: 298647K (90%)
ptolemy.util.test.WatchDog.cancel(): canceling Wed Jun 27 01:28:32 UTC 2018
------------------ testing $PTII/ptolemy/domains/de/test/auto/MergeModel2Add.xml
auto.tcl: Setting watchdog for 200 seconds at Wed Jun 27 01:28:32 UTC 2018
10 ms. Memory: 331264K Free: 303935K (92%)
ptolemy.util.test.WatchDog.cancel(): canceling Wed Jun 27 01:28:32 UTC 2018
auto.tcl: Setting watchdog for 200 seconds at Wed Jun 27 01:28:32 UTC 2018
14 ms. Memory: 331264K Free: 299985K (91%)
ptolemy.util.test.WatchDog.cancel(): canceling Wed Jun 27 01:28:32 UTC 2018
------------------ testing $PTII/ptolemy/domains/de/test/auto/MergeModel3Add.xml
auto.tcl: Setting watchdog for 200 seconds at Wed Jun 27 01:28:32 UTC 2018
10 ms. Memory: 331264K Free: 303945K (92%)
ptolemy.util.test.WatchDog.cancel(): canceling Wed Jun 27 01:28:32 UTC 2018
auto.tcl: Setting watchdog for 200 seconds at Wed Jun 27 01:28:32 UTC 2018
9 ms. Memory: 331264K Free: 299996K (91%)
ptolemy.util.test.WatchDog.cancel(): canceling Wed Jun 27 01:28:32 UTC 2018
------------------ testing $PTII/ptolemy/domains/de/test/auto/MergeWithoutDiscard.xml
auto.tcl: Setting watchdog for 200 seconds at Wed Jun 27 01:28:32 UTC 2018
2 ms. Memory: 331264K Free: 320024K (97%)
ptolemy.util.test.WatchDog.cancel(): canceling Wed Jun 27 01:28:32 UTC 2018
auto.tcl: Setting watchdog for 200 seconds at Wed Jun 27 01:28:32 UTC 2018
1 ms. Memory: 331264K Free: 316075K (95%)
ptolemy.util.test.WatchDog.cancel(): canceling Wed Jun 27 01:28:32 UTC 2018
------------------ testing $PTII/ptolemy/domains/de/test/auto/Modal1.xml
auto.tcl: Setting watchdog for 200 seconds at Wed Jun 27 01:28:32 UTC 2018
19 ms. Memory: 331264K Free: 309689K (93%)
ptolemy.util.test.WatchDog.cancel(): canceling Wed Jun 27 01:28:32 UTC 2018
auto.tcl: Setting watchdog for 200 seconds at Wed Jun 27 01:28:32 UTC 2018
16 ms. Memory: 331264K Free: 305740K (92%)
ptolemy.util.test.WatchDog.cancel(): canceling Wed Jun 27 01:28:32 UTC 2018
------------------ testing $PTII/ptolemy/domains/de/test/auto/Modal2.xml
auto.tcl: Setting watchdog for 200 seconds at Wed Jun 27 01:28:32 UTC 2018
10 ms. Memory: 331264K Free: 309555K (93%)
ptolemy.util.test.WatchDog.cancel(): canceling Wed Jun 27 01:28:32 UTC 2018
auto.tcl: Setting watchdog for 200 seconds at Wed Jun 27 01:28:32 UTC 2018
10 ms. Memory: 331264K Free: 305606K (92%)
ptolemy.util.test.WatchDog.cancel(): canceling Wed Jun 27 01:28:32 UTC 2018
------------------ testing $PTII/ptolemy/domains/de/test/auto/Modal3.xml
auto.tcl: Setting watchdog for 200 seconds at Wed Jun 27 01:28:32 UTC 2018
16 ms. Memory: 331264K Free: 309561K (93%)
ptolemy.util.test.WatchDog.cancel(): canceling Wed Jun 27 01:28:32 UTC 2018
auto.tcl: Setting watchdog for 200 seconds at Wed Jun 27 01:28:32 UTC 2018
14 ms. Memory: 331264K Free: 305612K (92%)
ptolemy.util.test.WatchDog.cancel(): canceling Wed Jun 27 01:28:32 UTC 2018
------------------ testing $PTII/ptolemy/domains/de/test/auto/Modal4.xml
auto.tcl: Setting watchdog for 200 seconds at Wed Jun 27 01:28:32 UTC 2018
12 ms. Memory: 331264K Free: 309567K (93%)
ptolemy.util.test.WatchDog.cancel(): canceling Wed Jun 27 01:28:32 UTC 2018
auto.tcl: Setting watchdog for 200 seconds at Wed Jun 27 01:28:32 UTC 2018
12 ms. Memory: 331264K Free: 305618K (92%)
ptolemy.util.test.WatchDog.cancel(): canceling Wed Jun 27 01:28:32 UTC 2018
------------------ testing $PTII/ptolemy/domains/de/test/auto/Modal5.xml
auto.tcl: Setting watchdog for 200 seconds at Wed Jun 27 01:28:32 UTC 2018
15 ms. Memory: 331264K Free: 309554K (93%)
ptolemy.util.test.WatchDog.cancel(): canceling Wed Jun 27 01:28:33 UTC 2018
auto.tcl: Setting watchdog for 200 seconds at Wed Jun 27 01:28:33 UTC 2018
12 ms. Memory: 331264K Free: 305605K (92%)
ptolemy.util.test.WatchDog.cancel(): canceling Wed Jun 27 01:28:33 UTC 2018
------------------ testing $PTII/ptolemy/domains/de/test/auto/Modal6.xml
auto.tcl: Setting watchdog for 200 seconds at Wed Jun 27 01:28:33 UTC 2018
10 ms. Memory: 331264K Free: 309551K (93%)
ptolemy.util.test.WatchDog.cancel(): canceling Wed Jun 27 01:28:33 UTC 2018
auto.tcl: Setting watchdog for 200 seconds at Wed Jun 27 01:28:33 UTC 2018
11 ms. Memory: 331264K Free: 305602K (92%)
ptolemy.util.test.WatchDog.cancel(): canceling Wed Jun 27 01:28:33 UTC 2018
------------------ testing $PTII/ptolemy/domains/de/test/auto/Modal7.xml
auto.tcl: Setting watchdog for 200 seconds at Wed Jun 27 01:28:33 UTC 2018
17 ms. Memory: 331264K Free: 309551K (93%)
ptolemy.util.test.WatchDog.cancel(): canceling Wed Jun 27 01:28:33 UTC 2018
auto.tcl: Setting watchdog for 200 seconds at Wed Jun 27 01:28:33 UTC 2018
10 ms. Memory: 331264K Free: 305602K (92%)
ptolemy.util.test.WatchDog.cancel(): canceling Wed Jun 27 01:28:33 UTC 2018
------------------ testing $PTII/ptolemy/domains/de/test/auto/ModalModel.xml
auto.tcl: Setting watchdog for 200 seconds at Wed Jun 27 01:28:33 UTC 2018
179 ms. Memory: 331264K Free: 246061K (74%)
ptolemy.util.test.WatchDog.cancel(): canceling Wed Jun 27 01:28:33 UTC 2018
auto.tcl: Setting watchdog for 200 seconds at Wed Jun 27 01:28:33 UTC 2018
178 ms. Memory: 331264K Free: 190774K (58%)
ptolemy.util.test.WatchDog.cancel(): canceling Wed Jun 27 01:28:33 UTC 2018
------------------ testing $PTII/ptolemy/domains/de/test/auto/ModalSource.xml
auto.tcl: Setting watchdog for 200 seconds at Wed Jun 27 01:28:33 UTC 2018
10 ms. Memory: 331264K Free: 316526K (96%)
ptolemy.util.test.WatchDog.cancel(): canceling Wed Jun 27 01:28:33 UTC 2018
auto.tcl: Setting watchdog for 200 seconds at Wed Jun 27 01:28:33 UTC 2018
6 ms. Memory: 331264K Free: 313010K (94%)
ptolemy.util.test.WatchDog.cancel(): canceling Wed Jun 27 01:28:33 UTC 2018
------------------ testing $PTII/ptolemy/domains/de/test/auto/NonInterruptibleTimerZeroDelay.xml
auto.tcl: Setting watchdog for 200 seconds at Wed Jun 27 01:28:33 UTC 2018
3 ms. Memory: 331264K Free: 320695K (97%)
ptolemy.util.test.WatchDog.cancel(): canceling Wed Jun 27 01:28:33 UTC 2018
auto.tcl: Setting watchdog for 200 seconds at Wed Jun 27 01:28:33 UTC 2018
2 ms. Memory: 331264K Free: 317179K (96%)
ptolemy.util.test.WatchDog.cancel(): canceling Wed Jun 27 01:28:33 UTC 2018
------------------ testing $PTII/ptolemy/domains/de/test/auto/OpenQueueingNetwork.xml
auto.tcl: Setting watchdog for 200 seconds at Wed Jun 27 01:28:33 UTC 2018
2884 ms. Memory: 317952K Free: 147394K (46%)
ptolemy.util.test.WatchDog.cancel(): canceling Wed Jun 27 01:28:36 UTC 2018
auto.tcl: Setting watchdog for 200 seconds at Wed Jun 27 01:28:36 UTC 2018
2415 ms. Memory: 287232K Free: 217810K (76%)
ptolemy.util.test.WatchDog.cancel(): canceling Wed Jun 27 01:28:39 UTC 2018
------------------ testing $PTII/ptolemy/domains/de/test/auto/OpenQueuingNetwork.xml
auto.tcl: Setting watchdog for 200 seconds at Wed Jun 27 01:28:39 UTC 2018
253 ms. Memory: 287232K Free: 187622K (65%)
ptolemy.util.test.WatchDog.cancel(): canceling Wed Jun 27 01:28:39 UTC 2018
auto.tcl: Setting watchdog for 200 seconds at Wed Jun 27 01:28:39 UTC 2018
224 ms. Memory: 287232K Free: 127791K (44%)
ptolemy.util.test.WatchDog.cancel(): canceling Wed Jun 27 01:28:39 UTC 2018
------------------ testing $PTII/ptolemy/domains/de/test/auto/PeriodicSampler.xml
auto.tcl: Setting watchdog for 200 seconds at Wed Jun 27 01:28:39 UTC 2018
2 ms. Memory: 289792K Free: 274707K (95%)
ptolemy.util.test.WatchDog.cancel(): canceling Wed Jun 27 01:28:40 UTC 2018
auto.tcl: Setting watchdog for 200 seconds at Wed Jun 27 01:28:40 UTC 2018
1 ms. Memory: 289792K Free: 274707K (95%)
ptolemy.util.test.WatchDog.cancel(): canceling Wed Jun 27 01:28:40 UTC 2018
------------------ testing $PTII/ptolemy/domains/de/test/auto/PersistentIO.xml
auto.tcl: Setting watchdog for 200 seconds at Wed Jun 27 01:28:40 UTC 2018
4 ms. Memory: 287232K Free: 266984K (93%)
ptolemy.util.test.WatchDog.cancel(): canceling Wed Jun 27 01:28:40 UTC 2018
auto.tcl: Setting watchdog for 200 seconds at Wed Jun 27 01:28:40 UTC 2018
4 ms. Memory: 287232K Free: 266984K (93%)
ptolemy.util.test.WatchDog.cancel(): canceling Wed Jun 27 01:28:40 UTC 2018
------------------ testing $PTII/ptolemy/domains/de/test/auto/PortParameterResetOnInitialize.xml
auto.tcl: Setting watchdog for 200 seconds at Wed Jun 27 01:28:40 UTC 2018
2 ms. Memory: 289280K Free: 274562K (95%)
ptolemy.util.test.WatchDog.cancel(): canceling Wed Jun 27 01:28:40 UTC 2018
auto.tcl: Setting watchdog for 200 seconds at Wed Jun 27 01:28:40 UTC 2018
1 ms. Memory: 289280K Free: 274562K (95%)
ptolemy.util.test.WatchDog.cancel(): canceling Wed Jun 27 01:28:40 UTC 2018
------------------ testing $PTII/ptolemy/domains/de/test/auto/PortParameterUpdates.xml
auto.tcl: Setting watchdog for 200 seconds at Wed Jun 27 01:28:40 UTC 2018
5 ms. Memory: 287232K Free: 274705K (96%)
ptolemy.util.test.WatchDog.cancel(): canceling Wed Jun 27 01:28:40 UTC 2018
auto.tcl: Setting watchdog for 200 seconds at Wed Jun 27 01:28:40 UTC 2018
4 ms. Memory: 287232K Free: 271813K (95%)
ptolemy.util.test.WatchDog.cancel(): canceling Wed Jun 27 01:28:40 UTC 2018
------------------ testing $PTII/ptolemy/domains/de/test/auto/QueueAndServer.xml
auto.tcl: Setting watchdog for 200 seconds at Wed Jun 27 01:28:40 UTC 2018
18 ms. Memory: 289280K Free: 273824K (95%)
ptolemy.util.test.WatchDog.cancel(): canceling Wed Jun 27 01:28:40 UTC 2018
auto.tcl: Setting watchdog for 200 seconds at Wed Jun 27 01:28:40 UTC 2018
6 ms. Memory: 289280K Free: 273824K (95%)
ptolemy.util.test.WatchDog.cancel(): canceling Wed Jun 27 01:28:40 UTC 2018
------------------ testing $PTII/ptolemy/domains/de/test/auto/Records.xml
auto.tcl: Setting watchdog for 200 seconds at Wed Jun 27 01:28:40 UTC 2018
7 ms. Memory: 287232K Free: 274610K (96%)
ptolemy.util.test.WatchDog.cancel(): canceling Wed Jun 27 01:28:40 UTC 2018
auto.tcl: Setting watchdog for 200 seconds at Wed Jun 27 01:28:40 UTC 2018
2 ms. Memory: 287232K Free: 274610K (96%)
ptolemy.util.test.WatchDog.cancel(): canceling Wed Jun 27 01:28:40 UTC 2018
------------------ testing $PTII/ptolemy/domains/de/test/auto/ResetTransitionWithStartTime1.xml
auto.tcl: Setting watchdog for 200 seconds at Wed Jun 27 01:28:40 UTC 2018
11 ms. Memory: 288768K Free: 273295K (95%)
ptolemy.util.test.WatchDog.cancel(): canceling Wed Jun 27 01:28:40 UTC 2018
auto.tcl: Setting watchdog for 200 seconds at Wed Jun 27 01:28:40 UTC 2018
6 ms. Memory: 288768K Free: 270402K (94%)
ptolemy.util.test.WatchDog.cancel(): canceling Wed Jun 27 01:28:40 UTC 2018
------------------ testing $PTII/ptolemy/domains/de/test/auto/ResetTransitionWithStartTime2.xml
auto.tcl: Setting watchdog for 200 seconds at Wed Jun 27 01:28:40 UTC 2018
6 ms. Memory: 287232K Free: 271851K (95%)
ptolemy.util.test.WatchDog.cancel(): canceling Wed Jun 27 01:28:40 UTC 2018
auto.tcl: Setting watchdog for 200 seconds at Wed Jun 27 01:28:40 UTC 2018
5 ms. Memory: 287232K Free: 268958K (94%)
ptolemy.util.test.WatchDog.cancel(): canceling Wed Jun 27 01:28:40 UTC 2018
------------------ testing $PTII/ptolemy/domains/de/test/auto/ResetTransitionWithStartTime3.xml
auto.tcl: Setting watchdog for 200 seconds at Wed Jun 27 01:28:40 UTC 2018
5 ms. Memory: 288768K Free: 273284K (95%)
ptolemy.util.test.WatchDog.cancel(): canceling Wed Jun 27 01:28:40 UTC 2018
auto.tcl: Setting watchdog for 200 seconds at Wed Jun 27 01:28:40 UTC 2018
5 ms. Memory: 288768K Free: 270391K (94%)
ptolemy.util.test.WatchDog.cancel(): canceling Wed Jun 27 01:28:40 UTC 2018
------------------ testing $PTII/ptolemy/domains/de/test/auto/ResetTransitionWithStartTime4.xml
auto.tcl: Setting watchdog for 200 seconds at Wed Jun 27 01:28:40 UTC 2018
4 ms. Memory: 287232K Free: 271841K (95%)
ptolemy.util.test.WatchDog.cancel(): canceling Wed Jun 27 01:28:40 UTC 2018
auto.tcl: Setting watchdog for 200 seconds at Wed Jun 27 01:28:40 UTC 2018
3 ms. Memory: 287232K Free: 271841K (95%)
ptolemy.util.test.WatchDog.cancel(): canceling Wed Jun 27 01:28:40 UTC 2018
------------------ testing $PTII/ptolemy/domains/de/test/auto/ResettableTimer1.xml
auto.tcl: Setting watchdog for 200 seconds at Wed Jun 27 01:28:40 UTC 2018
4 ms. Memory: 288768K Free: 274082K (95%)
ptolemy.util.test.WatchDog.cancel(): canceling Wed Jun 27 01:28:40 UTC 2018
auto.tcl: Setting watchdog for 200 seconds at Wed Jun 27 01:28:40 UTC 2018
2 ms. Memory: 288768K Free: 274082K (95%)
ptolemy.util.test.WatchDog.cancel(): canceling Wed Jun 27 01:28:40 UTC 2018
------------------ testing $PTII/ptolemy/domains/de/test/auto/ResettableTimer2.xml
auto.tcl: Setting watchdog for 200 seconds at Wed Jun 27 01:28:40 UTC 2018
4 ms. Memory: 287232K Free: 274771K (96%)
ptolemy.util.test.WatchDog.cancel(): canceling Wed Jun 27 01:28:40 UTC 2018
auto.tcl: Setting watchdog for 200 seconds at Wed Jun 27 01:28:40 UTC 2018
2 ms. Memory: 287232K Free: 274771K (96%)
ptolemy.util.test.WatchDog.cancel(): canceling Wed Jun 27 01:28:40 UTC 2018
------------------ testing $PTII/ptolemy/domains/de/test/auto/ResettableTimer3.xml
auto.tcl: Setting watchdog for 200 seconds at Wed Jun 27 01:28:40 UTC 2018
1 ms. Memory: 288256K Free: 273627K (95%)
ptolemy.util.test.WatchDog.cancel(): canceling Wed Jun 27 01:28:40 UTC 2018
auto.tcl: Setting watchdog for 200 seconds at Wed Jun 27 01:28:40 UTC 2018
1 ms. Memory: 288256K Free: 273627K (95%)
ptolemy.util.test.WatchDog.cancel(): canceling Wed Jun 27 01:28:40 UTC 2018
------------------ testing $PTII/ptolemy/domains/de/test/auto/ResettableTimer4.xml
auto.tcl: Setting watchdog for 200 seconds at Wed Jun 27 01:28:40 UTC 2018
1 ms. Memory: 287232K Free: 274775K (96%)
ptolemy.util.test.WatchDog.cancel(): canceling Wed Jun 27 01:28:40 UTC 2018
auto.tcl: Setting watchdog for 200 seconds at Wed Jun 27 01:28:40 UTC 2018
1 ms. Memory: 287232K Free: 274775K (96%)
ptolemy.util.test.WatchDog.cancel(): canceling Wed Jun 27 01:28:40 UTC 2018
------------------ testing $PTII/ptolemy/domains/de/test/auto/ResettableTimer5.xml
auto.tcl: Setting watchdog for 200 seconds at Wed Jun 27 01:28:40 UTC 2018
2 ms. Memory: 288256K Free: 273755K (95%)
ptolemy.util.test.WatchDog.cancel(): canceling Wed Jun 27 01:28:40 UTC 2018
auto.tcl: Setting watchdog for 200 seconds at Wed Jun 27 01:28:40 UTC 2018
1 ms. Memory: 288256K Free: 273755K (95%)
ptolemy.util.test.WatchDog.cancel(): canceling Wed Jun 27 01:28:40 UTC 2018
------------------ testing $PTII/ptolemy/domains/de/test/auto/ResettableTimer6.xml
auto.tcl: Setting watchdog for 200 seconds at Wed Jun 27 01:28:40 UTC 2018
1 ms. Memory: 287232K Free: 272564K (95%)
ptolemy.util.test.WatchDog.cancel(): canceling Wed Jun 27 01:28:41 UTC 2018
auto.tcl: Setting watchdog for 200 seconds at Wed Jun 27 01:28:41 UTC 2018
1 ms. Memory: 287232K Free: 272564K (95%)
ptolemy.util.test.WatchDog.cancel(): canceling Wed Jun 27 01:28:41 UTC 2018
------------------ testing $PTII/ptolemy/domains/de/test/auto/ServerZeroDelay.xml
auto.tcl: Setting watchdog for 200 seconds at Wed Jun 27 01:28:41 UTC 2018
2 ms. Memory: 288256K Free: 275746K (96%)
ptolemy.util.test.WatchDog.cancel(): canceling Wed Jun 27 01:28:41 UTC 2018
auto.tcl: Setting watchdog for 200 seconds at Wed Jun 27 01:28:41 UTC 2018
2 ms. Memory: 288256K Free: 275746K (96%)
ptolemy.util.test.WatchDog.cancel(): canceling Wed Jun 27 01:28:41 UTC 2018
------------------ testing $PTII/ptolemy/domains/de/test/auto/SmartSender.xml
auto.tcl: Setting watchdog for 200 seconds at Wed Jun 27 01:28:41 UTC 2018
3002 ms. Memory: 287232K Free: 272667K (95%)
ptolemy.util.test.WatchDog.cancel(): canceling Wed Jun 27 01:28:44 UTC 2018
auto.tcl: Setting watchdog for 200 seconds at Wed Jun 27 01:28:44 UTC 2018
3001 ms. Memory: 287232K Free: 272667K (95%)
ptolemy.util.test.WatchDog.cancel(): canceling Wed Jun 27 01:28:47 UTC 2018
------------------ testing $PTII/ptolemy/domains/de/test/auto/ThreadedComposite.xml
auto.tcl: Setting watchdog for 200 seconds at Wed Jun 27 01:28:47 UTC 2018
191 ms. Memory: 288256K Free: 252591K (88%)
ptolemy.util.test.WatchDog.cancel(): canceling Wed Jun 27 01:28:47 UTC 2018
auto.tcl: Setting watchdog for 200 seconds at Wed Jun 27 01:28:47 UTC 2018
98 ms. Memory: 288256K Free: 234488K (81%)
ptolemy.util.test.WatchDog.cancel(): canceling Wed Jun 27 01:28:47 UTC 2018
------------------ testing $PTII/ptolemy/domains/de/test/auto/Time.xml
auto.tcl: Setting watchdog for 200 seconds at Wed Jun 27 01:28:47 UTC 2018
508 ms. Memory: 287232K Free: 218768K (76%)
ptolemy.util.test.WatchDog.cancel(): canceling Wed Jun 27 01:28:48 UTC 2018
auto.tcl: Setting watchdog for 200 seconds at Wed Jun 27 01:28:48 UTC 2018
488 ms. Memory: 287232K Free: 159991K (56%)
ptolemy.util.test.WatchDog.cancel(): canceling Wed Jun 27 01:28:48 UTC 2018
------------------ testing $PTII/ptolemy/domains/de/test/auto/TimeDelayZeroDelay.xml
auto.tcl: Setting watchdog for 200 seconds at Wed Jun 27 01:28:48 UTC 2018
1 ms. Memory: 287744K Free: 275735K (96%)
ptolemy.util.test.WatchDog.cancel(): canceling Wed Jun 27 01:28:48 UTC 2018
auto.tcl: Setting watchdog for 200 seconds at Wed Jun 27 01:28:48 UTC 2018
2 ms. Memory: 287744K Free: 275735K (96%)
ptolemy.util.test.WatchDog.cancel(): canceling Wed Jun 27 01:28:48 UTC 2018
------------------ testing $PTII/ptolemy/domains/de/test/auto/TimerZeroDelay.xml
auto.tcl: Setting watchdog for 200 seconds at Wed Jun 27 01:28:48 UTC 2018
4 ms. Memory: 287232K Free: 275333K (96%)
ptolemy.util.test.WatchDog.cancel(): canceling Wed Jun 27 01:28:48 UTC 2018
auto.tcl: Setting watchdog for 200 seconds at Wed Jun 27 01:28:48 UTC 2018
2 ms. Memory: 287232K Free: 275333K (96%)
ptolemy.util.test.WatchDog.cancel(): canceling Wed Jun 27 01:28:48 UTC 2018
------------------ testing $PTII/ptolemy/domains/de/test/auto/TimingParadox.xml
auto.tcl: Setting watchdog for 200 seconds at Wed Jun 27 01:28:48 UTC 2018
315 ms. Memory: 287744K Free: 208081K (72%)
ptolemy.util.test.WatchDog.cancel(): canceling Wed Jun 27 01:28:49 UTC 2018
auto.tcl: Setting watchdog for 200 seconds at Wed Jun 27 01:28:49 UTC 2018
306 ms. Memory: 287744K Free: 169845K (59%)
ptolemy.util.test.WatchDog.cancel(): canceling Wed Jun 27 01:28:49 UTC 2018
------------------ testing $PTII/ptolemy/domains/de/test/auto/TransferInputs.xml
auto.tcl: Setting watchdog for 200 seconds at Wed Jun 27 01:28:49 UTC 2018
2 ms. Memory: 287744K Free: 274723K (95%)
ptolemy.util.test.WatchDog.cancel(): canceling Wed Jun 27 01:28:49 UTC 2018
auto.tcl: Setting watchdog for 200 seconds at Wed Jun 27 01:28:49 UTC 2018
1 ms. Memory: 287744K Free: 274723K (95%)
ptolemy.util.test.WatchDog.cancel(): canceling Wed Jun 27 01:28:49 UTC 2018
------------------ testing $PTII/ptolemy/domains/de/test/auto/TransferOutputs2.xml
auto.tcl: Setting watchdog for 200 seconds at Wed Jun 27 01:28:49 UTC 2018
3 ms. Memory: 287232K Free: 272756K (95%)
ptolemy.util.test.WatchDog.cancel(): canceling Wed Jun 27 01:28:49 UTC 2018
auto.tcl: Setting watchdog for 200 seconds at Wed Jun 27 01:28:49 UTC 2018
3 ms. Memory: 287232K Free: 270175K (94%)
ptolemy.util.test.WatchDog.cancel(): canceling Wed Jun 27 01:28:49 UTC 2018
------------------ testing $PTII/ptolemy/domains/de/test/auto/Trilateration.xml
auto.tcl: Setting watchdog for 200 seconds at Wed Jun 27 01:28:49 UTC 2018
13553 ms. Memory: 473088K Free: 158339K (33%)
ptolemy.util.test.WatchDog.cancel(): canceling Wed Jun 27 01:29:04 UTC 2018
auto.tcl: Setting watchdog for 200 seconds at Wed Jun 27 01:29:04 UTC 2018
10708 ms. Memory: 352256K Free: 93608K (27%)
ptolemy.util.test.WatchDog.cancel(): canceling Wed Jun 27 01:29:14 UTC 2018
------------------ testing $PTII/ptolemy/domains/de/test/auto/TwoSigmaDelta.xml
auto.tcl: Setting watchdog for 200 seconds at Wed Jun 27 01:29:15 UTC 2018
2694 ms. Memory: 339968K Free: 298260K (88%)
ptolemy.util.test.WatchDog.cancel(): canceling Wed Jun 27 01:29:17 UTC 2018
auto.tcl: Setting watchdog for 200 seconds at Wed Jun 27 01:29:17 UTC 2018
1986 ms. Memory: 326144K Free: 305128K (94%)
ptolemy.util.test.WatchDog.cancel(): canceling Wed Jun 27 01:29:19 UTC 2018
------------------ testing $PTII/ptolemy/domains/de/test/auto/VariableDelay.xml
auto.tcl: Setting watchdog for 200 seconds at Wed Jun 27 01:29:19 UTC 2018
3 ms. Memory: 328192K Free: 314366K (96%)
ptolemy.util.test.WatchDog.cancel(): canceling Wed Jun 27 01:29:19 UTC 2018
auto.tcl: Setting watchdog for 200 seconds at Wed Jun 27 01:29:19 UTC 2018
2 ms. Memory: 328192K Free: 310690K (95%)
ptolemy.util.test.WatchDog.cancel(): canceling Wed Jun 27 01:29:19 UTC 2018
------------------ testing $PTII/ptolemy/domains/de/test/auto/VariableDelay2.xml
auto.tcl: Setting watchdog for 200 seconds at Wed Jun 27 01:29:20 UTC 2018
2 ms. Memory: 326144K Free: 315175K (97%)
ptolemy.util.test.WatchDog.cancel(): canceling Wed Jun 27 01:29:20 UTC 2018
auto.tcl: Setting watchdog for 200 seconds at Wed Jun 27 01:29:20 UTC 2018
2 ms. Memory: 326144K Free: 311515K (96%)
ptolemy.util.test.WatchDog.cancel(): canceling Wed Jun 27 01:29:20 UTC 2018
------------------ testing $PTII/ptolemy/domains/de/test/auto/VariableDelayZeroDelay.xml
auto.tcl: Setting watchdog for 200 seconds at Wed Jun 27 01:29:20 UTC 2018
2 ms. Memory: 328192K Free: 314775K (96%)
ptolemy.util.test.WatchDog.cancel(): canceling Wed Jun 27 01:29:20 UTC 2018
auto.tcl: Setting watchdog for 200 seconds at Wed Jun 27 01:29:20 UTC 2018
3 ms. Memory: 328192K Free: 311115K (95%)
ptolemy.util.test.WatchDog.cancel(): canceling Wed Jun 27 01:29:20 UTC 2018
------------------ testing $PTII/ptolemy/domains/de/test/auto/VariableDelayZeroDelay2.xml
auto.tcl: Setting watchdog for 200 seconds at Wed Jun 27 01:29:20 UTC 2018
2 ms. Memory: 326144K Free: 312725K (96%)
ptolemy.util.test.WatchDog.cancel(): canceling Wed Jun 27 01:29:20 UTC 2018
auto.tcl: Setting watchdog for 200 seconds at Wed Jun 27 01:29:20 UTC 2018
2 ms. Memory: 326144K Free: 309049K (95%)
ptolemy.util.test.WatchDog.cancel(): canceling Wed Jun 27 01:29:20 UTC 2018
------------------ testing $PTII/ptolemy/domains/de/test/auto/deInCt.xml
auto.tcl: Setting watchdog for 200 seconds at Wed Jun 27 01:29:20 UTC 2018
0
1
1
0
0
0
1
1
1
1
1
0
0
0
1
1
1
0
0
1
1
1
0
0
0
1
1
1
1
1
0
0
0
0
1
1
1
1
0
0
0
0
12 ms. Memory: 327680K Free: 310594K (95%)
ptolemy.util.test.WatchDog.cancel(): canceling Wed Jun 27 01:29:20 UTC 2018
auto.tcl: Setting watchdog for 200 seconds at Wed Jun 27 01:29:20 UTC 2018
0
1
1
1
0
0
0
1
1
1
0
0
0
0
1
1
1
0
0
0
1
1
1
0
0
0
1
1
1
0
0
1
1
0
0
0
1
1
1
1
0
0
0
1
1
1
0
0
0
1
1
1
1
6 ms. Memory: 327680K Free: 310594K (95%)
ptolemy.util.test.WatchDog.cancel(): canceling Wed Jun 27 01:29:20 UTC 2018
------------------ testing $PTII/ptolemy/domains/de/test/auto/deInCt2.xml
auto.tcl: Setting watchdog for 200 seconds at Wed Jun 27 01:29:20 UTC 2018
0
1
1
1
0
0
1
1
1
0
0
1
1
1
0
0
1
1
1
0
0
1
1
1
0
0
1
1
1
0
0
1
1
1
0
0
1
1
1
0
0
0
7 ms. Memory: 326144K Free: 309062K (95%)
ptolemy.util.test.WatchDog.cancel(): canceling Wed Jun 27 01:29:20 UTC 2018
auto.tcl: Setting watchdog for 200 seconds at Wed Jun 27 01:29:20 UTC 2018
0
1
1
1
0
0
1
1
1
0
0
1
1
1
0
0
1
1
1
0
0
1
1
1
0
0
1
1
1
0
0
1
1
1
0
0
1
1
1
0
0
0
4 ms. Memory: 326144K Free: 309062K (95%)
ptolemy.util.test.WatchDog.cancel(): canceling Wed Jun 27 01:29:20 UTC 2018
------------------ testing $PTII/ptolemy/domains/de/test/auto/dynamicCausalityInterface1.xml
auto.tcl: Setting watchdog for 200 seconds at Wed Jun 27 01:29:20 UTC 2018
1 ms. Memory: 327680K Free: 306916K (94%)
ptolemy.util.test.WatchDog.cancel(): canceling Wed Jun 27 01:29:20 UTC 2018
auto.tcl: Setting watchdog for 200 seconds at Wed Jun 27 01:29:20 UTC 2018
1 ms. Memory: 327680K Free: 306916K (94%)
ptolemy.util.test.WatchDog.cancel(): canceling Wed Jun 27 01:29:20 UTC 2018
------------------ testing $PTII/ptolemy/domains/de/test/auto/fsm_de_test.xml
auto.tcl: Setting watchdog for 200 seconds at Wed Jun 27 01:29:20 UTC 2018
6 ms. Memory: 326144K Free: 305259K (94%)
ptolemy.util.test.WatchDog.cancel(): canceling Wed Jun 27 01:29:20 UTC 2018
auto.tcl: Setting watchdog for 200 seconds at Wed Jun 27 01:29:20 UTC 2018
5 ms. Memory: 326144K Free: 305259K (94%)
ptolemy.util.test.WatchDog.cancel(): canceling Wed Jun 27 01:29:20 UTC 2018
------------------ testing $PTII/ptolemy/domains/de/test/auto/functionDependencyReconstruction.xml
auto.tcl: Setting watchdog for 200 seconds at Wed Jun 27 01:29:20 UTC 2018
3 ms. Memory: 327168K Free: 298961K (91%)
ptolemy.util.test.WatchDog.cancel(): canceling Wed Jun 27 01:29:20 UTC 2018
auto.tcl: Setting watchdog for 200 seconds at Wed Jun 27 01:29:20 UTC 2018
3 ms. Memory: 327168K Free: 298961K (91%)
ptolemy.util.test.WatchDog.cancel(): canceling Wed Jun 27 01:29:20 UTC 2018
------------------ testing $PTII/ptolemy/domains/de/test/auto/multirate.xml
auto.tcl: Setting watchdog for 200 seconds at Wed Jun 27 01:29:20 UTC 2018
2 ms. Memory: 326144K Free: 308811K (95%)
ptolemy.util.test.WatchDog.cancel(): canceling Wed Jun 27 01:29:20 UTC 2018
auto.tcl: Setting watchdog for 200 seconds at Wed Jun 27 01:29:20 UTC 2018
3 ms. Memory: 326144K Free: 308811K (95%)
ptolemy.util.test.WatchDog.cancel(): canceling Wed Jun 27 01:29:20 UTC 2018
------------------ testing $PTII/ptolemy/domains/de/test/auto/multirate2.xml
auto.tcl: Setting watchdog for 200 seconds at Wed Jun 27 01:29:20 UTC 2018
3 ms. Memory: 327168K Free: 310015K (95%)
ptolemy.util.test.WatchDog.cancel(): canceling Wed Jun 27 01:29:20 UTC 2018
auto.tcl: Setting watchdog for 200 seconds at Wed Jun 27 01:29:20 UTC 2018
2 ms. Memory: 327168K Free: 310015K (95%)
ptolemy.util.test.WatchDog.cancel(): canceling Wed Jun 27 01:29:20 UTC 2018
------------------ testing $PTII/ptolemy/domains/de/test/auto/realtime.xml
auto.tcl: Setting watchdog for 200 seconds at Wed Jun 27 01:29:20 UTC 2018
10002 ms. Memory: 326144K Free: 308985K (95%)
ptolemy.util.test.WatchDog.cancel(): canceling Wed Jun 27 01:29:30 UTC 2018
auto.tcl: Setting watchdog for 200 seconds at Wed Jun 27 01:29:30 UTC 2018
10001 ms. Memory: 326144K Free: 308985K (95%)
ptolemy.util.test.WatchDog.cancel(): canceling Wed Jun 27 01:29:40 UTC 2018
------------------ testing $PTII/ptolemy/domains/de/test/auto/relationGroup.xml
auto.tcl: Setting watchdog for 200 seconds at Wed Jun 27 01:29:40 UTC 2018
1 ms. Memory: 327168K Free: 313715K (96%)
ptolemy.util.test.WatchDog.cancel(): canceling Wed Jun 27 01:29:40 UTC 2018
auto.tcl: Setting watchdog for 200 seconds at Wed Jun 27 01:29:40 UTC 2018
1 ms. Memory: 327168K Free: 313715K (96%)
ptolemy.util.test.WatchDog.cancel(): canceling Wed Jun 27 01:29:40 UTC 2018
------------------ testing $PTII/ptolemy/domains/de/test/auto/relationGroup2.xml
auto.tcl: Setting watchdog for 200 seconds at Wed Jun 27 01:29:40 UTC 2018
1 ms. Memory: 326144K Free: 312717K (96%)
ptolemy.util.test.WatchDog.cancel(): canceling Wed Jun 27 01:29:40 UTC 2018
auto.tcl: Setting watchdog for 200 seconds at Wed Jun 27 01:29:40 UTC 2018
1 ms. Memory: 326144K Free: 312717K (96%)
ptolemy.util.test.WatchDog.cancel(): canceling Wed Jun 27 01:29:40 UTC 2018
------------------ testing $PTII/ptolemy/domains/de/test/auto/sortWithOpaquePorts.xml
auto.tcl: Setting watchdog for 200 seconds at Wed Jun 27 01:29:40 UTC 2018
1 ms. Memory: 326656K Free: 313230K (96%)
ptolemy.util.test.WatchDog.cancel(): canceling Wed Jun 27 01:29:40 UTC 2018
auto.tcl: Setting watchdog for 200 seconds at Wed Jun 27 01:29:40 UTC 2018
1 ms. Memory: 326656K Free: 309554K (95%)
ptolemy.util.test.WatchDog.cancel(): canceling Wed Jun 27 01:29:40 UTC 2018
------------------ testing $PTII/ptolemy/domains/de/test/auto/transferInputsandOutputs.xml
auto.tcl: Setting watchdog for 200 seconds at Wed Jun 27 01:29:40 UTC 2018
2 ms. Memory: 326144K Free: 309043K (95%)
ptolemy.util.test.WatchDog.cancel(): canceling Wed Jun 27 01:29:40 UTC 2018
auto.tcl: Setting watchdog for 200 seconds at Wed Jun 27 01:29:40 UTC 2018
2 ms. Memory: 326144K Free: 309043K (95%)
ptolemy.util.test.WatchDog.cancel(): canceling Wed Jun 27 01:29:40 UTC 2018
------------------ testing $PTII/ptolemy/domains/de/test/auto/triggerType.xml
auto.tcl: Setting watchdog for 200 seconds at Wed Jun 27 01:29:41 UTC 2018
1 ms. Memory: 326656K Free: 313167K (96%)
ptolemy.util.test.WatchDog.cancel(): canceling Wed Jun 27 01:29:41 UTC 2018
auto.tcl: Setting watchdog for 200 seconds at Wed Jun 27 01:29:41 UTC 2018
1 ms. Memory: 326656K Free: 309507K (95%)
ptolemy.util.test.WatchDog.cancel(): canceling Wed Jun 27 01:29:41 UTC 2018
06/27/18 01:29:41
Failed: 0  Total Tests: 192  ((Passed: 187, Newly Passed: 1)  Known Failed: 5) /home/travis/build/icyphy/ptII/ptolemy/domains/de/test
06/27/18 01:29:41
Failed: 0  Total Tests: 192  ((Passed: 187, Newly Passed: 1)  Known Failed: 5) /home/travis/build/icyphy/ptII/ptolemy/domains/de/test
----------------- testing (KnownFailure) /home/travis/build/icyphy/ptII/ptolemy/domains/de/test/auto/knownFailedTests/DESDFClockTest.xml
2009 ms. Memory: 326144K Free: 302915K (93%)
Known Failure: java.lang.reflect.InvocationTargetException
----------------- testing (KnownFailure) /home/travis/build/icyphy/ptII/ptolemy/domains/de/test/auto/knownFailedTests/DirectFeedback.xml
1 ms. Memory: 326144K Free: 283336K (87%)
Known Failure: java.lang.reflect.InvocationTargetException
----------------- testing (KnownFailure) /home/travis/build/icyphy/ptII/ptolemy/domains/de/test/auto/knownFailedTests/FSMSource.xml
6 ms. Memory: 326144K Free: 258854K (79%)
----------------- testing (KnownFailure) /home/travis/build/icyphy/ptII/ptolemy/domains/de/test/auto/knownFailedTests/HierarchicalModel.xml
3 ms. Memory: 326144K Free: 234356K (72%)
Known Failure: java.lang.reflect.InvocationTargetException
----------------- testing (KnownFailure) /home/travis/build/icyphy/ptII/ptolemy/domains/de/test/auto/knownFailedTests/dependencyLoop.xml
2 ms. Memory: 326144K Free: 204971K (63%)
Known Failure: java.lang.reflect.InvocationTargetException
----------------- testing (KnownFailure) /home/travis/build/icyphy/ptII/ptolemy/domains/de/test/auto/knownFailedTests/dependencyLoop2.xml
3 ms. Memory: 326144K Free: 175587K (54%)
Known Failure: java.lang.reflect.InvocationTargetException
No auto/linux-amd64/*.xml tests in /home/travis/build/icyphy/ptII/ptolemy/domains/de/test
AutoTests.java: About to close Vertx.
AutoTests.java: Vertx closed.

===========================================================================================
----------------- testing Wed Jun 27 01:29:43 UTC 2018 /home/travis/build/icyphy/ptII/ptolemy/domains/de/test/auto/ActorDepthCalculation_actorWithoutPorts.xml
----------------- Instantiating /home/travis/build/icyphy/ptII/ptolemy/domains/de/test/auto/ActorDepthCalculation_actorWithoutPorts.xml
2 ms. Memory: 326144K Free: 146218K (45%)
----------------- Invoking toplevel() on ptolemy.moml.MoMLSimpleApplication@28bdddef
----------------- Done invoking toplevel() on ptolemy.moml.MoMLSimpleApplication@28bdddef
reloadAllAccessors: .ActorDepthCalculation_actorWithoutPorts

===========================================================================================
----------------- testing Wed Jun 27 01:29:43 UTC 2018 /home/travis/build/icyphy/ptII/ptolemy/domains/de/test/auto/AssemblyLine.xml
----------------- Instantiating /home/travis/build/icyphy/ptII/ptolemy/domains/de/test/auto/AssemblyLine.xml
2 ms. Memory: 326144K Free: 131526K (40%)
----------------- Invoking toplevel() on ptolemy.moml.MoMLSimpleApplication@6071ebf3
----------------- Done invoking toplevel() on ptolemy.moml.MoMLSimpleApplication@6071ebf3
reloadAllAccessors: .AssemblyLine

===========================================================================================
----------------- testing Wed Jun 27 01:29:43 UTC 2018 /home/travis/build/icyphy/ptII/ptolemy/domains/de/test/auto/CQBug1.xml
----------------- Instantiating /home/travis/build/icyphy/ptII/ptolemy/domains/de/test/auto/CQBug1.xml
1 ms. Memory: 326144K Free: 121736K (37%)
----------------- Invoking toplevel() on ptolemy.moml.MoMLSimpleApplication@6f53d277
----------------- Done invoking toplevel() on ptolemy.moml.MoMLSimpleApplication@6f53d277
reloadAllAccessors: .CQBug1

===========================================================================================
----------------- testing Wed Jun 27 01:29:43 UTC 2018 /home/travis/build/icyphy/ptII/ptolemy/domains/de/test/auto/CancelFireAt.xml
----------------- Instantiating /home/travis/build/icyphy/ptII/ptolemy/domains/de/test/auto/CancelFireAt.xml
2 ms. Memory: 326144K Free: 111947K (34%)
----------------- Invoking toplevel() on ptolemy.moml.MoMLSimpleApplication@6f50a452
----------------- Done invoking toplevel() on ptolemy.moml.MoMLSimpleApplication@6f50a452
reloadAllAccessors: .CancelFireAt

===========================================================================================
----------------- testing Wed Jun 27 01:29:43 UTC 2018 /home/travis/build/icyphy/ptII/ptolemy/domains/de/test/auto/CausalityAndComposabilityAnalysis.xml
----------------- Instantiating /home/travis/build/icyphy/ptII/ptolemy/domains/de/test/auto/CausalityAndComposabilityAnalysis.xml
2 ms. Memory: 326144K Free: 102157K (31%)
----------------- Invoking toplevel() on ptolemy.moml.MoMLSimpleApplication@3f3583e3
----------------- Done invoking toplevel() on ptolemy.moml.MoMLSimpleApplication@3f3583e3
reloadAllAccessors: .CausalityAndComposabilityAnalysis

===========================================================================================
----------------- testing Wed Jun 27 01:29:43 UTC 2018 /home/travis/build/icyphy/ptII/ptolemy/domains/de/test/auto/CausalityInterface1.xml
----------------- Instantiating /home/travis/build/icyphy/ptII/ptolemy/domains/de/test/auto/CausalityInterface1.xml
4 ms. Memory: 326144K Free: 92368K (28%)
----------------- Invoking toplevel() on ptolemy.moml.MoMLSimpleApplication@3398e7ce
----------------- Done invoking toplevel() on ptolemy.moml.MoMLSimpleApplication@3398e7ce
reloadAllAccessors: .CausalityInterface1

===========================================================================================
----------------- testing Wed Jun 27 01:29:43 UTC 2018 /home/travis/build/icyphy/ptII/ptolemy/domains/de/test/auto/CausalityInterface15.xml
----------------- Instantiating /home/travis/build/icyphy/ptII/ptolemy/domains/de/test/auto/CausalityInterface15.xml
1 ms. Memory: 326144K Free: 76527K (23%)
----------------- Invoking toplevel() on ptolemy.moml.MoMLSimpleApplication@3d90af99
----------------- Done invoking toplevel() on ptolemy.moml.MoMLSimpleApplication@3d90af99
reloadAllAccessors: .CausalityInterface15

[...]
java.lang.RuntimeException: Execution failed
	at ptolemy.moml.MoMLSimpleApplication$UnloadThread.run(MoMLSimpleApplication.java:402)
Caused by: ptolemy.kernel.util.IllegalActionException: Test fails in iteration 1.
Value was: 1.0. Should have been: 2.0
  in .DirectFeedback.Test
	at ptolemy.actor.lib.Test.fire(Test.java:268)
	at ptolemy.domains.de.kernel.DEDirector._fire(DEDirector.java:1949)
	at ptolemy.domains.de.kernel.DEDirector.fire(DEDirector.java:502)
	at ptolemy.actor.CompositeActor.fire(CompositeActor.java:455)
	at ptolemy.actor.Manager.iterate(Manager.java:851)
	at ptolemy.actor.Manager.execute(Manager.java:369)
	at ptolemy.actor.Manager.run(Manager.java:1263)
	at ptolemy.actor.Manager$PtolemyRunThread.run(Manager.java:1915)
java.lang.RuntimeException: Execution failed
	at ptolemy.moml.MoMLSimpleApplication$UnloadThread.run(MoMLSimpleApplication.java:402)
Caused by: ptolemy.kernel.util.IllegalActionException: Actor is not ready to fire.  Perhaps UpSample.prefire() returned false? Try debugging the actor by selecting "Listen to Actor".  Also, for SDF check moml for tokenConsumptionRate on input.
  in .DESDFClockTest.Play Bell.Copy1:SDF Director and .DESDFClockTest.Play Bell.UpSample
	at ptolemy.actor.sched.StaticSchedulingDirector.fire(StaticSchedulingDirector.java:227)
	at ptolemy.domains.sdf.kernel.SDFDirector.fire(SDFDirector.java:500)
	at ptolemy.actor.CompositeActor.fire(CompositeActor.java:455)
	at ptolemy.domains.de.kernel.DEDirector._fire(DEDirector.java:1949)
	at ptolemy.domains.de.kernel.DEDirector.fire(DEDirector.java:502)
	at ptolemy.actor.CompositeActor.fire(CompositeActor.java:455)
	at ptolemy.actor.Manager.iterate(Manager.java:851)
	at ptolemy.actor.Manager.execute(Manager.java:369)
	at ptolemy.actor.Manager.run(Manager.java:1263)
	at ptolemy.actor.Manager$PtolemyRunThread.run(Manager.java:1915)
java.lang.reflect.InvocationTargetException
	at sun.reflect.NativeConstructorAccessorImpl.newInstance0(Native Method)
	at sun.reflect.NativeConstructorAccessorImpl.newInstance(NativeConstructorAccessorImpl.java:62)
	at sun.reflect.DelegatingConstructorAccessorImpl.newInstance(DelegatingConstructorAccessorImpl.java:45)
	at java.lang.reflect.Constructor.newInstance(Constructor.java:423)
	at ptolemy.util.test.junit.AutoKnownFailedTests.RunModel(AutoKnownFailedTests.java:107)
	at sun.reflect.NativeMethodAccessorImpl.invoke0(Native Method)
	at sun.reflect.NativeMethodAccessorImpl.invoke(NativeMethodAccessorImpl.java:62)
	at sun.reflect.DelegatingMethodAccessorImpl.invoke(DelegatingMethodAccessorImpl.java:43)
	at java.lang.reflect.Method.invoke(Method.java:498)
	at org.junit.runners.model.FrameworkMethod$1.runReflectiveCall(FrameworkMethod.java:44)
	at org.junit.internal.runners.model.ReflectiveCallable.run(ReflectiveCallable.java:15)
	at org.junit.runners.model.FrameworkMethod.invokeExplosively(FrameworkMethod.java:41)
	at junitparams.internal.InvokeParameterisedMethod.evaluate(InvokeParameterisedMethod.java:102)
	at org.junit.internal.runners.statements.FailOnTimeout$1.run(FailOnTimeout.java:28)
Caused by: ptolemy.kernel.util.IllegalActionException: Actor is not ready to fire.  Perhaps UpSample.prefire() returned false? Try debugging the actor by selecting "Listen to Actor".  Also, for SDF check moml for tokenConsumptionRate on input.
  in .DESDFClockTest.Play Bell.Copy1:SDF Director and .DESDFClockTest.Play Bell.UpSample
	at ptolemy.actor.sched.StaticSchedulingDirector.fire(StaticSchedulingDirector.java:227)
	at ptolemy.domains.sdf.kernel.SDFDirector.fire(SDFDirector.java:500)
	at ptolemy.actor.CompositeActor.fire(CompositeActor.java:455)
	at ptolemy.domains.de.kernel.DEDirector._fire(DEDirector.java:1949)
	at ptolemy.domains.de.kernel.DEDirector.fire(DEDirector.java:502)
	at ptolemy.actor.CompositeActor.fire(CompositeActor.java:455)
	at ptolemy.actor.Manager.iterate(Manager.java:851)
	at ptolemy.actor.Manager.execute(Manager.java:369)
	at ptolemy.actor.Manager.run(Manager.java:1263)
	at ptolemy.actor.Manager$PtolemyRunThread.run(Manager.java:1915)
java.lang.RuntimeException: Execution failed
	at ptolemy.moml.MoMLSimpleApplication$UnloadThread.run(MoMLSimpleApplication.java:402)
Caused by: ptolemy.kernel.util.IllegalActionException: Test fails in iteration 1.
Value was: 1.0. Should have been: 2.0
  in .DirectFeedback.Test
	at ptolemy.actor.lib.Test.fire(Test.java:268)
	at ptolemy.domains.de.kernel.DEDirector._fire(DEDirector.java:1949)
	at ptolemy.domains.de.kernel.DEDirector.fire(DEDirector.java:502)
	at ptolemy.actor.CompositeActor.fire(CompositeActor.java:455)
	at ptolemy.actor.Manager.iterate(Manager.java:851)
	at ptolemy.actor.Manager.execute(Manager.java:369)
	at ptolemy.actor.Manager.run(Manager.java:1263)
	at ptolemy.actor.Manager$PtolemyRunThread.run(Manager.java:1915)
java.lang.reflect.InvocationTargetException
	at sun.reflect.NativeConstructorAccessorImpl.newInstance0(Native Method)
	at sun.reflect.NativeConstructorAccessorImpl.newInstance(NativeConstructorAccessorImpl.java:62)
	at sun.reflect.DelegatingConstructorAccessorImpl.newInstance(DelegatingConstructorAccessorImpl.java:45)
	at java.lang.reflect.Constructor.newInstance(Constructor.java:423)
	at ptolemy.util.test.junit.AutoKnownFailedTests.RunModel(AutoKnownFailedTests.java:107)
	at sun.reflect.NativeMethodAccessorImpl.invoke0(Native Method)
	at sun.reflect.NativeMethodAccessorImpl.invoke(NativeMethodAccessorImpl.java:62)
	at sun.reflect.DelegatingMethodAccessorImpl.invoke(DelegatingMethodAccessorImpl.java:43)
	at java.lang.reflect.Method.invoke(Method.java:498)
	at org.junit.runners.model.FrameworkMethod$1.runReflectiveCall(FrameworkMethod.java:44)
	at org.junit.internal.runners.model.ReflectiveCallable.run(ReflectiveCallable.java:15)
	at org.junit.runners.model.FrameworkMethod.invokeExplosively(FrameworkMethod.java:41)
	at junitparams.internal.InvokeParameterisedMethod.evaluate(InvokeParameterisedMethod.java:102)
	at org.junit.internal.runners.statements.FailOnTimeout$1.run(FailOnTimeout.java:28)
Caused by: ptolemy.kernel.util.IllegalActionException: Test fails in iteration 1.
Value was: 1.0. Should have been: 2.0
  in .DirectFeedback.Test
	at ptolemy.actor.lib.Test.fire(Test.java:268)
	at ptolemy.domains.de.kernel.DEDirector._fire(DEDirector.java:1949)
	at ptolemy.domains.de.kernel.DEDirector.fire(DEDirector.java:502)
	at ptolemy.actor.CompositeActor.fire(CompositeActor.java:455)
	at ptolemy.actor.Manager.iterate(Manager.java:851)
	at ptolemy.actor.Manager.execute(Manager.java:369)
	at ptolemy.actor.Manager.run(Manager.java:1263)
	at ptolemy.actor.Manager$PtolemyRunThread.run(Manager.java:1915)
java.lang.RuntimeException: Execution failed
	at ptolemy.moml.MoMLSimpleApplication$UnloadThread.run(MoMLSimpleApplication.java:402)
Caused by: ptolemy.kernel.util.IllegalActionException: Found a zero delay loop containing .HierarchicalModel.A
  in .HierarchicalModel and .HierarchicalModel.A
	at ptolemy.actor.util.CausalityInterfaceForComposites._computeOutputPortDepth(CausalityInterfaceForComposites.java:759)
	at ptolemy.actor.util.CausalityInterfaceForComposites._computeInputDepth(CausalityInterfaceForComposites.java:696)
	at ptolemy.actor.util.CausalityInterfaceForComposites._computeOutputPortDepth(CausalityInterfaceForComposites.java:765)
	at ptolemy.actor.util.CausalityInterfaceForComposites._computeInputDepth(CausalityInterfaceForComposites.java:696)
	at ptolemy.actor.util.CausalityInterfaceForComposites._computeOutputPortDepth(CausalityInterfaceForComposites.java:765)
	at ptolemy.actor.util.CausalityInterfaceForComposites._computeInputDepth(CausalityInterfaceForComposites.java:696)
	at ptolemy.actor.util.CausalityInterfaceForComposites._computeActorDepth(CausalityInterfaceForComposites.java:532)
	at ptolemy.actor.util.CausalityInterfaceForComposites.checkForCycles(CausalityInterfaceForComposites.java:96)
	at ptolemy.domains.de.kernel.DEDirector.preinitialize(DEDirector.java:1338)
	at ptolemy.actor.CompositeActor.preinitialize(CompositeActor.java:1828)
	at ptolemy.actor.Manager.preinitializeAndResolveTypes(Manager.java:1040)
	at ptolemy.actor.Manager.initialize(Manager.java:710)
	at ptolemy.actor.Manager.execute(Manager.java:356)
	at ptolemy.actor.Manager.run(Manager.java:1263)
	at ptolemy.actor.Manager$PtolemyRunThread.run(Manager.java:1915)
java.lang.reflect.InvocationTargetException
	at sun.reflect.NativeConstructorAccessorImpl.newInstance0(Native Method)
	at sun.reflect.NativeConstructorAccessorImpl.newInstance(NativeConstructorAccessorImpl.java:62)
	at sun.reflect.DelegatingConstructorAccessorImpl.newInstance(DelegatingConstructorAccessorImpl.java:45)
	at java.lang.reflect.Constructor.newInstance(Constructor.java:423)
	at ptolemy.util.test.junit.AutoKnownFailedTests.RunModel(AutoKnownFailedTests.java:107)
	at sun.reflect.NativeMethodAccessorImpl.invoke0(Native Method)
	at sun.reflect.NativeMethodAccessorImpl.invoke(NativeMethodAccessorImpl.java:62)
	at sun.reflect.DelegatingMethodAccessorImpl.invoke(DelegatingMethodAccessorImpl.java:43)
	at java.lang.reflect.Method.invoke(Method.java:498)
	at org.junit.runners.model.FrameworkMethod$1.runReflectiveCall(FrameworkMethod.java:44)
	at org.junit.internal.runners.model.ReflectiveCallable.run(ReflectiveCallable.java:15)
	at org.junit.runners.model.FrameworkMethod.invokeExplosively(FrameworkMethod.java:41)
	at junitparams.internal.InvokeParameterisedMethod.evaluate(InvokeParameterisedMethod.java:102)
	at org.junit.internal.runners.statements.FailOnTimeout$1.run(FailOnTimeout.java:28)
Caused by: ptolemy.kernel.util.IllegalActionException: Found a zero delay loop containing .HierarchicalModel.A
  in .HierarchicalModel and .HierarchicalModel.A
	at ptolemy.actor.util.CausalityInterfaceForComposites._computeOutputPortDepth(CausalityInterfaceForComposites.java:759)
	at ptolemy.actor.util.CausalityInterfaceForComposites._computeInputDepth(CausalityInterfaceForComposites.java:696)
	at ptolemy.actor.util.CausalityInterfaceForComposites._computeOutputPortDepth(CausalityInterfaceForComposites.java:765)
	at ptolemy.actor.util.CausalityInterfaceForComposites._computeInputDepth(CausalityInterfaceForComposites.java:696)
	at ptolemy.actor.util.CausalityInterfaceForComposites._computeOutputPortDepth(CausalityInterfaceForComposites.java:765)
	at ptolemy.actor.util.CausalityInterfaceForComposites._computeInputDepth(CausalityInterfaceForComposites.java:696)
	at ptolemy.actor.util.CausalityInterfaceForComposites._computeActorDepth(CausalityInterfaceForComposites.java:532)
	at ptolemy.actor.util.CausalityInterfaceForComposites.checkForCycles(CausalityInterfaceForComposites.java:96)
	at ptolemy.domains.de.kernel.DEDirector.preinitialize(DEDirector.java:1338)
	at ptolemy.actor.CompositeActor.preinitialize(CompositeActor.java:1828)
	at ptolemy.actor.Manager.preinitializeAndResolveTypes(Manager.java:1040)
	at ptolemy.actor.Manager.initialize(Manager.java:710)
	at ptolemy.actor.Manager.execute(Manager.java:356)
	at ptolemy.actor.Manager.run(Manager.java:1263)
	at ptolemy.actor.Manager$PtolemyRunThread.run(Manager.java:1915)
java.lang.RuntimeException: Execution failed
	at ptolemy.moml.MoMLSimpleApplication$UnloadThread.run(MoMLSimpleApplication.java:402)
Caused by: ptolemy.kernel.util.IllegalActionException: Found a zero delay loop containing .dependencyLoop.original
  in .dependencyLoop and .dependencyLoop.original
	at ptolemy.actor.util.CausalityInterfaceForComposites._computeOutputPortDepth(CausalityInterfaceForComposites.java:759)
	at ptolemy.actor.util.CausalityInterfaceForComposites._computeInputDepth(CausalityInterfaceForComposites.java:696)
	at ptolemy.actor.util.CausalityInterfaceForComposites._computeOutputPortDepth(CausalityInterfaceForComposites.java:765)
	at ptolemy.actor.util.CausalityInterfaceForComposites._computeInputDepth(CausalityInterfaceForComposites.java:696)
	at ptolemy.actor.util.CausalityInterfaceForComposites._computeOutputPortDepth(CausalityInterfaceForComposites.java:765)
	at ptolemy.actor.util.CausalityInterfaceForComposites._computeInputDepth(CausalityInterfaceForComposites.java:696)
	at ptolemy.actor.util.CausalityInterfaceForComposites._computeActorDepth(CausalityInterfaceForComposites.java:532)
	at ptolemy.actor.util.CausalityInterfaceForComposites.checkForCycles(CausalityInterfaceForComposites.java:96)
	at ptolemy.domains.de.kernel.DEDirector.preinitialize(DEDirector.java:1338)
	at ptolemy.actor.CompositeActor.preinitialize(CompositeActor.java:1828)
	at ptolemy.actor.Manager.preinitializeAndResolveTypes(Manager.java:1040)
	at ptolemy.actor.Manager.initialize(Manager.java:710)
	at ptolemy.actor.Manager.execute(Manager.java:356)
	at ptolemy.actor.Manager.run(Manager.java:1263)
	at ptolemy.actor.Manager$PtolemyRunThread.run(Manager.java:1915)
java.lang.reflect.InvocationTargetException
	at sun.reflect.NativeConstructorAccessorImpl.newInstance0(Native Method)
	at sun.reflect.NativeConstructorAccessorImpl.newInstance(NativeConstructorAccessorImpl.java:62)
	at sun.reflect.DelegatingConstructorAccessorImpl.newInstance(DelegatingConstructorAccessorImpl.java:45)
	at java.lang.reflect.Constructor.newInstance(Constructor.java:423)
	at ptolemy.util.test.junit.AutoKnownFailedTests.RunModel(AutoKnownFailedTests.java:107)
	at sun.reflect.NativeMethodAccessorImpl.invoke0(Native Method)
	at sun.reflect.NativeMethodAccessorImpl.invoke(NativeMethodAccessorImpl.java:62)
	at sun.reflect.DelegatingMethodAccessorImpl.invoke(DelegatingMethodAccessorImpl.java:43)
	at java.lang.reflect.Method.invoke(Method.java:498)
	at org.junit.runners.model.FrameworkMethod$1.runReflectiveCall(FrameworkMethod.java:44)
	at org.junit.internal.runners.model.ReflectiveCallable.run(ReflectiveCallable.java:15)
	at org.junit.runners.model.FrameworkMethod.invokeExplosively(FrameworkMethod.java:41)
	at junitparams.internal.InvokeParameterisedMethod.evaluate(InvokeParameterisedMethod.java:102)
	at org.junit.internal.runners.statements.FailOnTimeout$1.run(FailOnTimeout.java:28)
Caused by: ptolemy.kernel.util.IllegalActionException: Found a zero delay loop containing .dependencyLoop.original
  in .dependencyLoop and .dependencyLoop.original
	at ptolemy.actor.util.CausalityInterfaceForComposites._computeOutputPortDepth(CausalityInterfaceForComposites.java:759)
	at ptolemy.actor.util.CausalityInterfaceForComposites._computeInputDepth(CausalityInterfaceForComposites.java:696)
	at ptolemy.actor.util.CausalityInterfaceForComposites._computeOutputPortDepth(CausalityInterfaceForComposites.java:765)
	at ptolemy.actor.util.CausalityInterfaceForComposites._computeInputDepth(CausalityInterfaceForComposites.java:696)
	at ptolemy.actor.util.CausalityInterfaceForComposites._computeOutputPortDepth(CausalityInterfaceForComposites.java:765)
	at ptolemy.actor.util.CausalityInterfaceForComposites._computeInputDepth(CausalityInterfaceForComposites.java:696)
	at ptolemy.actor.util.CausalityInterfaceForComposites._computeActorDepth(CausalityInterfaceForComposites.java:532)
	at ptolemy.actor.util.CausalityInterfaceForComposites.checkForCycles(CausalityInterfaceForComposites.java:96)
	at ptolemy.domains.de.kernel.DEDirector.preinitialize(DEDirector.java:1338)
	at ptolemy.actor.CompositeActor.preinitialize(CompositeActor.java:1828)
	at ptolemy.actor.Manager.preinitializeAndResolveTypes(Manager.java:1040)
	at ptolemy.actor.Manager.initialize(Manager.java:710)
	at ptolemy.actor.Manager.execute(Manager.java:356)
	at ptolemy.actor.Manager.run(Manager.java:1263)
	at ptolemy.actor.Manager$PtolemyRunThread.run(Manager.java:1915)
java.lang.RuntimeException: Execution failed
	at ptolemy.moml.MoMLSimpleApplication$UnloadThread.run(MoMLSimpleApplication.java:402)
Caused by: ptolemy.kernel.util.IllegalActionException: Found a zero delay loop containing .dependencyLoop2.original
  in .dependencyLoop2 and .dependencyLoop2.original
	at ptolemy.actor.util.CausalityInterfaceForComposites._computeOutputPortDepth(CausalityInterfaceForComposites.java:759)
	at ptolemy.actor.util.CausalityInterfaceForComposites._computeInputDepth(CausalityInterfaceForComposites.java:696)
	at ptolemy.actor.util.CausalityInterfaceForComposites._computeOutputPortDepth(CausalityInterfaceForComposites.java:765)
	at ptolemy.actor.util.CausalityInterfaceForComposites._computeInputDepth(CausalityInterfaceForComposites.java:696)
	at ptolemy.actor.util.CausalityInterfaceForComposites._computeOutputPortDepth(CausalityInterfaceForComposites.java:765)
	at ptolemy.actor.util.CausalityInterfaceForComposites._computeInputDepth(CausalityInterfaceForComposites.java:696)
	at ptolemy.actor.util.CausalityInterfaceForComposites._computeActorDepth(CausalityInterfaceForComposites.java:532)
	at ptolemy.actor.util.CausalityInterfaceForComposites.checkForCycles(CausalityInterfaceForComposites.java:96)
	at ptolemy.domains.de.kernel.DEDirector.preinitialize(DEDirector.java:1338)
	at ptolemy.actor.CompositeActor.preinitialize(CompositeActor.java:1828)
	at ptolemy.actor.Manager.preinitializeAndResolveTypes(Manager.java:1040)
	at ptolemy.actor.Manager.initialize(Manager.java:710)
	at ptolemy.actor.Manager.execute(Manager.java:356)
	at ptolemy.actor.Manager.run(Manager.java:1263)
	at ptolemy.actor.Manager$PtolemyRunThread.run(Manager.java:1915)
java.lang.reflect.InvocationTargetException
	at sun.reflect.NativeConstructorAccessorImpl.newInstance0(Native Method)
	at sun.reflect.NativeConstructorAccessorImpl.newInstance(NativeConstructorAccessorImpl.java:62)
	at sun.reflect.DelegatingConstructorAccessorImpl.newInstance(DelegatingConstructorAccessorImpl.java:45)
	at java.lang.reflect.Constructor.newInstance(Constructor.java:423)
	at ptolemy.util.test.junit.AutoKnownFailedTests.RunModel(AutoKnownFailedTests.java:107)
	at sun.reflect.NativeMethodAccessorImpl.invoke0(Native Method)
	at sun.reflect.NativeMethodAccessorImpl.invoke(NativeMethodAccessorImpl.java:62)
	at sun.reflect.DelegatingMethodAccessorImpl.invoke(DelegatingMethodAccessorImpl.java:43)
	at java.lang.reflect.Method.invoke(Method.java:498)
	at org.junit.runners.model.FrameworkMethod$1.runReflectiveCall(FrameworkMethod.java:44)
	at org.junit.internal.runners.model.ReflectiveCallable.run(ReflectiveCallable.java:15)
	at org.junit.runners.model.FrameworkMethod.invokeExplosively(FrameworkMethod.java:41)
	at junitparams.internal.InvokeParameterisedMethod.evaluate(InvokeParameterisedMethod.java:102)
	at org.junit.internal.runners.statements.FailOnTimeout$1.run(FailOnTimeout.java:28)
Caused by: ptolemy.kernel.util.IllegalActionException: Found a zero delay loop containing .dependencyLoop2.original
  in .dependencyLoop2 and .dependencyLoop2.original
	at ptolemy.actor.util.CausalityInterfaceForComposites._computeOutputPortDepth(CausalityInterfaceForComposites.java:759)
	at ptolemy.actor.util.CausalityInterfaceForComposites._computeInputDepth(CausalityInterfaceForComposites.java:696)
	at ptolemy.actor.util.CausalityInterfaceForComposites._computeOutputPortDepth(CausalityInterfaceForComposites.java:765)
	at ptolemy.actor.util.CausalityInterfaceForComposites._computeInputDepth(CausalityInterfaceForComposites.java:696)
	at ptolemy.actor.util.CausalityInterfaceForComposites._computeOutputPortDepth(CausalityInterfaceForComposites.java:765)
	at ptolemy.actor.util.CausalityInterfaceForComposites._computeInputDepth(CausalityInterfaceForComposites.java:696)
	at ptolemy.actor.util.CausalityInterfaceForComposites._computeActorDepth(CausalityInterfaceForComposites.java:532)
	at ptolemy.actor.util.CausalityInterfaceForComposites.checkForCycles(CausalityInterfaceForComposites.java:96)
	at ptolemy.domains.de.kernel.DEDirector.preinitialize(DEDirector.java:1338)
	at ptolemy.actor.CompositeActor.preinitialize(CompositeActor.java:1828)
	at ptolemy.actor.Manager.preinitializeAndResolveTypes(Manager.java:1040)
	at ptolemy.actor.Manager.initialize(Manager.java:710)
	at ptolemy.actor.Manager.execute(Manager.java:356)
	at ptolemy.actor.Manager.run(Manager.java:1263)
	at ptolemy.actor.Manager$PtolemyRunThread.run(Manager.java:1915)
]]></system-err>
</testsuite>
