<?xml version="1.0" encoding="UTF-8" ?>
<testsuite errors="0" failures="0" hostname="travis-job-abae2413-4e87-4108-a651-33236a546726" name="ptolemy.actor.lib.hoc.test.junit.JUnitTclTest" skipped="0" tests="58" time="32.802" timestamp="2019-11-12T06:30:54">
  <properties>
[...]
</properties>
  <testcase classname="ptolemy.util.test.junit.TclTests" name="[0] /home/travis/build/icyphy/ptII/ptolemy/actor/lib/hoc/test/IterateOverArray.tcl (RunTclFile)" time="0.329" />
  <testcase classname="ptolemy.util.test.junit.AutoKnownFailedTests" name="[0] /home/travis/build/icyphy/ptII/ptolemy/actor/lib/hoc/test/auto/knownFailedTests/PreinitializeMustBeInvokedRunComposite.xml (RunModel)" time="0.474" />
  <testcase classname="ptolemy.util.test.junit.AutoNameArchTests" name="[0] ThereAreNoAutoArchTests (RunModel)" time="0.005" />
  <testcase classname="ptolemy.util.test.junit.AutoTests" name="[0] /home/travis/build/icyphy/ptII/ptolemy/actor/lib/hoc/test/auto/AllToAllMultiInstanceComposite.xml (RunModel)" time="0.472" />
  <testcase classname="ptolemy.util.test.junit.AutoTests" name="[1] /home/travis/build/icyphy/ptII/ptolemy/actor/lib/hoc/test/auto/ApplyFFTTest.xml (RunModel)" time="0.362" />
  <testcase classname="ptolemy.util.test.junit.AutoTests" name="[2] /home/travis/build/icyphy/ptII/ptolemy/actor/lib/hoc/test/auto/ApplyFunction.xml (RunModel)" time="0.068" />
  <testcase classname="ptolemy.util.test.junit.AutoTests" name="[3] /home/travis/build/icyphy/ptII/ptolemy/actor/lib/hoc/test/auto/BackgroundExecution.xml (RunModel)" time="0.702" />
  <testcase classname="ptolemy.util.test.junit.AutoTests" name="[4] /home/travis/build/icyphy/ptII/ptolemy/actor/lib/hoc/test/auto/Case.xml (RunModel)" time="0.089" />
  <testcase classname="ptolemy.util.test.junit.AutoTests" name="[5] /home/travis/build/icyphy/ptII/ptolemy/actor/lib/hoc/test/auto/Case1.xml (RunModel)" time="0.067" />
  <testcase classname="ptolemy.util.test.junit.AutoTests" name="[6] /home/travis/build/icyphy/ptII/ptolemy/actor/lib/hoc/test/auto/Case2.xml (RunModel)" time="0.115" />
  <testcase classname="ptolemy.util.test.junit.AutoTests" name="[7] /home/travis/build/icyphy/ptII/ptolemy/actor/lib/hoc/test/auto/Case3.xml (RunModel)" time="0.061" />
  <testcase classname="ptolemy.util.test.junit.AutoTests" name="[8] /home/travis/build/icyphy/ptII/ptolemy/actor/lib/hoc/test/auto/Case4.xml (RunModel)" time="0.079" />
  <testcase classname="ptolemy.util.test.junit.AutoTests" name="[9] /home/travis/build/icyphy/ptII/ptolemy/actor/lib/hoc/test/auto/Case5.xml (RunModel)" time="0.086" />
  <testcase classname="ptolemy.util.test.junit.AutoTests" name="[10] /home/travis/build/icyphy/ptII/ptolemy/actor/lib/hoc/test/auto/Case6.xml (RunModel)" time="0.124" />
  <testcase classname="ptolemy.util.test.junit.AutoTests" name="[11] /home/travis/build/icyphy/ptII/ptolemy/actor/lib/hoc/test/auto/CaseString2.xml (RunModel)" time="0.052" />
  <testcase classname="ptolemy.util.test.junit.AutoTests" name="[12] /home/travis/build/icyphy/ptII/ptolemy/actor/lib/hoc/test/auto/CatchUpComposite1.xml (RunModel)" time="0.094" />
  <testcase classname="ptolemy.util.test.junit.AutoTests" name="[13] /home/travis/build/icyphy/ptII/ptolemy/actor/lib/hoc/test/auto/CatchUpComposite2.xml (RunModel)" time="0.07" />
  <testcase classname="ptolemy.util.test.junit.AutoTests" name="[14] /home/travis/build/icyphy/ptII/ptolemy/actor/lib/hoc/test/auto/CatchUpComposite3.xml (RunModel)" time="0.069" />
  <testcase classname="ptolemy.util.test.junit.AutoTests" name="[15] /home/travis/build/icyphy/ptII/ptolemy/actor/lib/hoc/test/auto/CatchUpComposite4.xml (RunModel)" time="0.056" />
  <testcase classname="ptolemy.util.test.junit.AutoTests" name="[16] /home/travis/build/icyphy/ptII/ptolemy/actor/lib/hoc/test/auto/CatchUpComposite5.xml (RunModel)" time="0.06" />
  <testcase classname="ptolemy.util.test.junit.AutoTests" name="[17] /home/travis/build/icyphy/ptII/ptolemy/actor/lib/hoc/test/auto/CatchUpComposite6.xml (RunModel)" time="0.177" />
  <testcase classname="ptolemy.util.test.junit.AutoTests" name="[18] /home/travis/build/icyphy/ptII/ptolemy/actor/lib/hoc/test/auto/CatchUpComposite7.xml (RunModel)" time="0.066" />
  <testcase classname="ptolemy.util.test.junit.AutoTests" name="[19] /home/travis/build/icyphy/ptII/ptolemy/actor/lib/hoc/test/auto/ConcurrentExecutionTimeSDF.xml (RunModel)" time="1.04" />
  <testcase classname="ptolemy.util.test.junit.AutoTests" name="[20] /home/travis/build/icyphy/ptII/ptolemy/actor/lib/hoc/test/auto/ConcurrentSleep.xml (RunModel)" time="0.77" />
  <testcase classname="ptolemy.util.test.junit.AutoTests" name="[21] /home/travis/build/icyphy/ptII/ptolemy/actor/lib/hoc/test/auto/DEInPNInRunCompositeActor.xml (RunModel)" time="0.037" />
  <testcase classname="ptolemy.util.test.junit.AutoTests" name="[22] /home/travis/build/icyphy/ptII/ptolemy/actor/lib/hoc/test/auto/DFTSubSetTest.xml (RunModel)" time="0.257" />
  <testcase classname="ptolemy.util.test.junit.AutoTests" name="[23] /home/travis/build/icyphy/ptII/ptolemy/actor/lib/hoc/test/auto/HocDE.xml (RunModel)" time="0.144" />
  <testcase classname="ptolemy.util.test.junit.AutoTests" name="[24] /home/travis/build/icyphy/ptII/ptolemy/actor/lib/hoc/test/auto/IterateOverArray.xml (RunModel)" time="0.026" />
  <testcase classname="ptolemy.util.test.junit.AutoTests" name="[25] /home/travis/build/icyphy/ptII/ptolemy/actor/lib/hoc/test/auto/IterateOverArray10.xml (RunModel)" time="0.015" />
  <testcase classname="ptolemy.util.test.junit.AutoTests" name="[26] /home/travis/build/icyphy/ptII/ptolemy/actor/lib/hoc/test/auto/IterateOverArray11.xml (RunModel)" time="0.019" />
  <testcase classname="ptolemy.util.test.junit.AutoTests" name="[27] /home/travis/build/icyphy/ptII/ptolemy/actor/lib/hoc/test/auto/IterateOverArray12.xml (RunModel)" time="0.035" />
  <testcase classname="ptolemy.util.test.junit.AutoTests" name="[28] /home/travis/build/icyphy/ptII/ptolemy/actor/lib/hoc/test/auto/IterateOverArray13.xml (RunModel)" time="0.157" />
  <testcase classname="ptolemy.util.test.junit.AutoTests" name="[29] /home/travis/build/icyphy/ptII/ptolemy/actor/lib/hoc/test/auto/IterateOverArray14.xml (RunModel)" time="0.172" />
  <testcase classname="ptolemy.util.test.junit.AutoTests" name="[30] /home/travis/build/icyphy/ptII/ptolemy/actor/lib/hoc/test/auto/IterateOverArray2.xml (RunModel)" time="0.03" />
  <testcase classname="ptolemy.util.test.junit.AutoTests" name="[31] /home/travis/build/icyphy/ptII/ptolemy/actor/lib/hoc/test/auto/IterateOverArray3.xml (RunModel)" time="0.041" />
  <testcase classname="ptolemy.util.test.junit.AutoTests" name="[32] /home/travis/build/icyphy/ptII/ptolemy/actor/lib/hoc/test/auto/IterateOverArray4.xml (RunModel)" time="0.027" />
  <testcase classname="ptolemy.util.test.junit.AutoTests" name="[33] /home/travis/build/icyphy/ptII/ptolemy/actor/lib/hoc/test/auto/IterateOverArray5.xml (RunModel)" time="0.024" />
  <testcase classname="ptolemy.util.test.junit.AutoTests" name="[34] /home/travis/build/icyphy/ptII/ptolemy/actor/lib/hoc/test/auto/IterateOverArray6.xml (RunModel)" time="0.022" />
  <testcase classname="ptolemy.util.test.junit.AutoTests" name="[35] /home/travis/build/icyphy/ptII/ptolemy/actor/lib/hoc/test/auto/IterateOverArray7.xml (RunModel)" time="0.028" />
  <testcase classname="ptolemy.util.test.junit.AutoTests" name="[36] /home/travis/build/icyphy/ptII/ptolemy/actor/lib/hoc/test/auto/IterateOverArray8.xml (RunModel)" time="0.028" />
  <testcase classname="ptolemy.util.test.junit.AutoTests" name="[37] /home/travis/build/icyphy/ptII/ptolemy/actor/lib/hoc/test/auto/IterateOverArray9.xml (RunModel)" time="0.03" />
  <testcase classname="ptolemy.util.test.junit.AutoTests" name="[38] /home/travis/build/icyphy/ptII/ptolemy/actor/lib/hoc/test/auto/IterateOverArrayCoercedOutputType.xml (RunModel)" time="0.04" />
  <testcase classname="ptolemy.util.test.junit.AutoTests" name="[39] /home/travis/build/icyphy/ptII/ptolemy/actor/lib/hoc/test/auto/IterateOverArrayInferredOutputType.xml (RunModel)" time="0.034" />
  <testcase classname="ptolemy.util.test.junit.AutoTests" name="[40] /home/travis/build/icyphy/ptII/ptolemy/actor/lib/hoc/test/auto/MobileFunctionTest.xml (RunModel)" time="0.031" />
  <testcase classname="ptolemy.util.test.junit.AutoTests" name="[41] /home/travis/build/icyphy/ptII/ptolemy/actor/lib/hoc/test/auto/MobileModelTest.xml (RunModel)" time="0.212" />
  <testcase classname="ptolemy.util.test.junit.AutoTests" name="[42] /home/travis/build/icyphy/ptII/ptolemy/actor/lib/hoc/test/auto/ModelReference.xml (RunModel)" time="0.062" />
  <testcase classname="ptolemy.util.test.junit.AutoTests" name="[43] /home/travis/build/icyphy/ptII/ptolemy/actor/lib/hoc/test/auto/ModelReference3.xml (RunModel)" time="0.043" />
  <testcase classname="ptolemy.util.test.junit.AutoTests" name="[44] /home/travis/build/icyphy/ptII/ptolemy/actor/lib/hoc/test/auto/ModelReference4.xml (RunModel)" time="10.03" />
  <testcase classname="ptolemy.util.test.junit.AutoTests" name="[45] /home/travis/build/icyphy/ptII/ptolemy/actor/lib/hoc/test/auto/MultiInstanceComposite.xml (RunModel)" time="0.084" />
  <testcase classname="ptolemy.util.test.junit.AutoTests" name="[46] /home/travis/build/icyphy/ptII/ptolemy/actor/lib/hoc/test/auto/MultiInstanceComposite2.xml (RunModel)" time="0.066" />
  <testcase classname="ptolemy.util.test.junit.AutoTests" name="[47] /home/travis/build/icyphy/ptII/ptolemy/actor/lib/hoc/test/auto/MulticoreExecution.xml (RunModel)" time="1.1" />
  <testcase classname="ptolemy.util.test.junit.AutoTests" name="[48] /home/travis/build/icyphy/ptII/ptolemy/actor/lib/hoc/test/auto/ParallelExecution.xml (RunModel)" time="0.958" />
  <testcase classname="ptolemy.util.test.junit.AutoTests" name="[49] /home/travis/build/icyphy/ptII/ptolemy/actor/lib/hoc/test/auto/RunCompositeActor.xml (RunModel)" time="0.027" />
  <testcase classname="ptolemy.util.test.junit.AutoTests" name="[50] /home/travis/build/icyphy/ptII/ptolemy/actor/lib/hoc/test/auto/RunCompositeActor2.xml (RunModel)" time="0.027" />
  <testcase classname="ptolemy.util.test.junit.AutoTests" name="[51] /home/travis/build/icyphy/ptII/ptolemy/actor/lib/hoc/test/auto/RunCompositeActor3.xml (RunModel)" time="0.019" />
  <testcase classname="ptolemy.util.test.junit.AutoTests" name="[52] /home/travis/build/icyphy/ptII/ptolemy/actor/lib/hoc/test/auto/RunCompositeActor4.xml (RunModel)" time="0.029" />
  <testcase classname="ptolemy.util.test.junit.AutoTests" name="[53] /home/travis/build/icyphy/ptII/ptolemy/actor/lib/hoc/test/auto/RunCompositeIterateOverArray.xml (RunModel)" time="0.046" />
  <testcase classname="ptolemy.util.test.junit.AutoTests" name="[54] /home/travis/build/icyphy/ptII/ptolemy/actor/lib/hoc/test/auto/ThreadedJS.xml (RunModel)" time="12.725" />
  <system-out><![CDATA[/home/travis/build/icyphy/ptII/ptolemy/actor/lib/hoc/test/IterateOverArray.tcl
testDefs.tcl: setting time out to 9000 seconds at Tue Nov 12 06:30:54 UTC 2019
11/12/19 06:30:54
Failed: 0  Total Tests: 2  ((Passed: 2, Newly Passed: 0)  Known Failed: 0) /home/travis/build/icyphy/ptII/ptolemy/actor/lib/hoc/test
----------------- testing (KnownFailure) /home/travis/build/icyphy/ptII/ptolemy/actor/lib/hoc/test/auto/knownFailedTests/PreinitializeMustBeInvokedRunComposite.xml
108 ms. Memory: 120832K Free: 80322K (66%)
Known Failure: java.lang.reflect.InvocationTargetException
No auto/linux-amd64/*.xml tests in /home/travis/build/icyphy/ptII/ptolemy/actor/lib/hoc/test
AutoTests.java: About to close Vertx.
AutoTests.java: Vertx closed.

===========================================================================================
----------------- testing Tue Nov 12 06:30:55 UTC 2019 /home/travis/build/icyphy/ptII/ptolemy/actor/lib/hoc/test/auto/AllToAllMultiInstanceComposite.xml
----------------- Instantiating /home/travis/build/icyphy/ptII/ptolemy/actor/lib/hoc/test/auto/AllToAllMultiInstanceComposite.xml
247 ms. Memory: 120832K Free: 98786K (82%)
----------------- Invoking toplevel() on ptolemy.moml.MoMLSimpleApplication@2af1cdb4
----------------- Done invoking toplevel() on ptolemy.moml.MoMLSimpleApplication@2af1cdb4
reloadAllAccessors: .AllToAllMultiInstanceComposite

===========================================================================================
----------------- testing Tue Nov 12 06:30:56 UTC 2019 /home/travis/build/icyphy/ptII/ptolemy/actor/lib/hoc/test/auto/ApplyFFTTest.xml
----------------- Instantiating /home/travis/build/icyphy/ptII/ptolemy/actor/lib/hoc/test/auto/ApplyFFTTest.xml
160 ms. Memory: 120832K Free: 80061K (66%)
----------------- Invoking toplevel() on ptolemy.moml.MoMLSimpleApplication@1a9f7dfb
----------------- Done invoking toplevel() on ptolemy.moml.MoMLSimpleApplication@1a9f7dfb
reloadAllAccessors: .ApplyFFTTest

===========================================================================================
----------------- testing Tue Nov 12 06:30:56 UTC 2019 /home/travis/build/icyphy/ptII/ptolemy/actor/lib/hoc/test/auto/ApplyFunction.xml
----------------- Instantiating /home/travis/build/icyphy/ptII/ptolemy/actor/lib/hoc/test/auto/ApplyFunction.xml
16 ms. Memory: 120832K Free: 106474K (88%)
----------------- Invoking toplevel() on ptolemy.moml.MoMLSimpleApplication@1a49b63e
----------------- Done invoking toplevel() on ptolemy.moml.MoMLSimpleApplication@1a49b63e
reloadAllAccessors: .ApplyFunction

===========================================================================================
----------------- testing Tue Nov 12 06:30:56 UTC 2019 /home/travis/build/icyphy/ptII/ptolemy/actor/lib/hoc/test/auto/BackgroundExecution.xml
----------------- Instantiating /home/travis/build/icyphy/ptII/ptolemy/actor/lib/hoc/test/auto/BackgroundExecution.xml
621 ms. Memory: 120832K Free: 99020K (82%)
----------------- Invoking toplevel() on ptolemy.moml.MoMLSimpleApplication@6e7bba5f
----------------- Done invoking toplevel() on ptolemy.moml.MoMLSimpleApplication@6e7bba5f
reloadAllAccessors: .BackgroundExecution

===========================================================================================
----------------- testing Tue Nov 12 06:30:57 UTC 2019 /home/travis/build/icyphy/ptII/ptolemy/actor/lib/hoc/test/auto/Case.xml
----------------- Instantiating /home/travis/build/icyphy/ptII/ptolemy/actor/lib/hoc/test/auto/Case.xml
32 ms. Memory: 120832K Free: 92214K (76%)
----------------- Invoking toplevel() on ptolemy.moml.MoMLSimpleApplication@108ca5eb
----------------- Done invoking toplevel() on ptolemy.moml.MoMLSimpleApplication@108ca5eb
reloadAllAccessors: .Case

===========================================================================================
----------------- testing Tue Nov 12 06:30:57 UTC 2019 /home/travis/build/icyphy/ptII/ptolemy/actor/lib/hoc/test/auto/Case1.xml
----------------- Instantiating /home/travis/build/icyphy/ptII/ptolemy/actor/lib/hoc/test/auto/Case1.xml
19 ms. Memory: 120832K Free: 85910K (71%)
----------------- Invoking toplevel() on ptolemy.moml.MoMLSimpleApplication@fd3a540
----------------- Done invoking toplevel() on ptolemy.moml.MoMLSimpleApplication@fd3a540
reloadAllAccessors: .Case1

===========================================================================================
----------------- testing Tue Nov 12 06:30:57 UTC 2019 /home/travis/build/icyphy/ptII/ptolemy/actor/lib/hoc/test/auto/Case2.xml
----------------- Instantiating /home/travis/build/icyphy/ptII/ptolemy/actor/lib/hoc/test/auto/Case2.xml
45 ms. Memory: 120832K Free: 75875K (63%)
----------------- Invoking toplevel() on ptolemy.moml.MoMLSimpleApplication@4ab36913
----------------- Done invoking toplevel() on ptolemy.moml.MoMLSimpleApplication@4ab36913
reloadAllAccessors: .Case2

===========================================================================================
----------------- testing Tue Nov 12 06:30:57 UTC 2019 /home/travis/build/icyphy/ptII/ptolemy/actor/lib/hoc/test/auto/Case3.xml
----------------- Instantiating /home/travis/build/icyphy/ptII/ptolemy/actor/lib/hoc/test/auto/Case3.xml
14 ms. Memory: 120832K Free: 70144K (58%)
----------------- Invoking toplevel() on ptolemy.moml.MoMLSimpleApplication@3ba721ae
----------------- Done invoking toplevel() on ptolemy.moml.MoMLSimpleApplication@3ba721ae
reloadAllAccessors: .Case3

===========================================================================================
----------------- testing Tue Nov 12 06:30:57 UTC 2019 /home/travis/build/icyphy/ptII/ptolemy/actor/lib/hoc/test/auto/Case4.xml
----------------- Instantiating /home/travis/build/icyphy/ptII/ptolemy/actor/lib/hoc/test/auto/Case4.xml
23 ms. Memory: 160768K Free: 141036K (88%)
----------------- Invoking toplevel() on ptolemy.moml.MoMLSimpleApplication@3cbbef3a
----------------- Done invoking toplevel() on ptolemy.moml.MoMLSimpleApplication@3cbbef3a
reloadAllAccessors: .Case4

===========================================================================================
----------------- testing Tue Nov 12 06:30:57 UTC 2019 /home/travis/build/icyphy/ptII/ptolemy/actor/lib/hoc/test/auto/Case5.xml
----------------- Instantiating /home/travis/build/icyphy/ptII/ptolemy/actor/lib/hoc/test/auto/Case5.xml
51 ms. Memory: 160768K Free: 134542K (84%)
----------------- Invoking toplevel() on ptolemy.moml.MoMLSimpleApplication@4496ea61
----------------- Done invoking toplevel() on ptolemy.moml.MoMLSimpleApplication@4496ea61
reloadAllAccessors: .junk

===========================================================================================
----------------- testing Tue Nov 12 06:30:58 UTC 2019 /home/travis/build/icyphy/ptII/ptolemy/actor/lib/hoc/test/auto/Case6.xml
----------------- Instantiating /home/travis/build/icyphy/ptII/ptolemy/actor/lib/hoc/test/auto/Case6.xml
48 ms. Memory: 160768K Free: 122930K (76%)
----------------- Invoking toplevel() on ptolemy.moml.MoMLSimpleApplication@67a91bd0
----------------- Done invoking toplevel() on ptolemy.moml.MoMLSimpleApplication@67a91bd0
reloadAllAccessors: .Case6

===========================================================================================
----------------- testing Tue Nov 12 06:30:58 UTC 2019 /home/travis/build/icyphy/ptII/ptolemy/actor/lib/hoc/test/auto/CaseString2.xml
----------------- Instantiating /home/travis/build/icyphy/ptII/ptolemy/actor/lib/hoc/test/auto/CaseString2.xml
14 ms. Memory: 160768K Free: 115436K (72%)
----------------- Invoking toplevel() on ptolemy.moml.MoMLSimpleApplication@2e420024
----------------- Done invoking toplevel() on ptolemy.moml.MoMLSimpleApplication@2e420024
reloadAllAccessors: .CaseString2

===========================================================================================
----------------- testing Tue Nov 12 06:30:58 UTC 2019 /home/travis/build/icyphy/ptII/ptolemy/actor/lib/hoc/test/auto/CatchUpComposite1.xml
----------------- Instantiating /home/travis/build/icyphy/ptII/ptolemy/actor/lib/hoc/test/auto/CatchUpComposite1.xml
38 ms. Memory: 160768K Free: 106220K (66%)
----------------- Invoking toplevel() on ptolemy.moml.MoMLSimpleApplication@1e648d9d
----------------- Done invoking toplevel() on ptolemy.moml.MoMLSimpleApplication@1e648d9d
reloadAllAccessors: .CatchUpComposite1

===========================================================================================
----------------- testing Tue Nov 12 06:30:58 UTC 2019 /home/travis/build/icyphy/ptII/ptolemy/actor/lib/hoc/test/auto/CatchUpComposite2.xml
----------------- Instantiating /home/travis/build/icyphy/ptII/ptolemy/actor/lib/hoc/test/auto/CatchUpComposite2.xml
9 ms. Memory: 160768K Free: 98028K (61%)
----------------- Invoking toplevel() on ptolemy.moml.MoMLSimpleApplication@41a28cc2
----------------- Done invoking toplevel() on ptolemy.moml.MoMLSimpleApplication@41a28cc2
reloadAllAccessors: .CatchUpComposite2

===========================================================================================
----------------- testing Tue Nov 12 06:30:58 UTC 2019 /home/travis/build/icyphy/ptII/ptolemy/actor/lib/hoc/test/auto/CatchUpComposite3.xml
----------------- Instantiating /home/travis/build/icyphy/ptII/ptolemy/actor/lib/hoc/test/auto/CatchUpComposite3.xml
16 ms. Memory: 160768K Free: 141543K (88%)
----------------- Invoking toplevel() on ptolemy.moml.MoMLSimpleApplication@28703607
----------------- Done invoking toplevel() on ptolemy.moml.MoMLSimpleApplication@28703607
reloadAllAccessors: .CatchUpComposite3

===========================================================================================
----------------- testing Tue Nov 12 06:30:58 UTC 2019 /home/travis/build/icyphy/ptII/ptolemy/actor/lib/hoc/test/auto/CatchUpComposite4.xml
----------------- Instantiating /home/travis/build/icyphy/ptII/ptolemy/actor/lib/hoc/test/auto/CatchUpComposite4.xml
14 ms. Memory: 160768K Free: 133321K (83%)
----------------- Invoking toplevel() on ptolemy.moml.MoMLSimpleApplication@634a5852
----------------- Done invoking toplevel() on ptolemy.moml.MoMLSimpleApplication@634a5852
reloadAllAccessors: .CatchUpComposite4

===========================================================================================
----------------- testing Tue Nov 12 06:30:58 UTC 2019 /home/travis/build/icyphy/ptII/ptolemy/actor/lib/hoc/test/auto/CatchUpComposite5.xml
----------------- Instantiating /home/travis/build/icyphy/ptII/ptolemy/actor/lib/hoc/test/auto/CatchUpComposite5.xml
8 ms. Memory: 160768K Free: 125673K (78%)
----------------- Invoking toplevel() on ptolemy.moml.MoMLSimpleApplication@559531bc
----------------- Done invoking toplevel() on ptolemy.moml.MoMLSimpleApplication@559531bc
reloadAllAccessors: .CatchUpComposite5

===========================================================================================
----------------- testing Tue Nov 12 06:30:58 UTC 2019 /home/travis/build/icyphy/ptII/ptolemy/actor/lib/hoc/test/auto/CatchUpComposite6.xml
----------------- Instantiating /home/travis/build/icyphy/ptII/ptolemy/actor/lib/hoc/test/auto/CatchUpComposite6.xml
WARNING: The execution aspects in this model can influence the timing of actors by delaying the 
execution, potentially changing the behavior. There is no guarantee that actors fire at the 
time they request to be fired. 
Use Ptides for deterministic DE behavior that is not influenced by execution aspects. 

95 ms. Memory: 160768K Free: 110823K (69%)
----------------- Invoking toplevel() on ptolemy.moml.MoMLSimpleApplication@1989869d
----------------- Done invoking toplevel() on ptolemy.moml.MoMLSimpleApplication@1989869d
reloadAllAccessors: .CatchUpComposite6

===========================================================================================
----------------- testing Tue Nov 12 06:30:58 UTC 2019 /home/travis/build/icyphy/ptII/ptolemy/actor/lib/hoc/test/auto/CatchUpComposite7.xml
----------------- Instantiating /home/travis/build/icyphy/ptII/ptolemy/actor/lib/hoc/test/auto/CatchUpComposite7.xml
WARNING: The execution aspects in this model can influence the timing of actors by delaying the 
execution, potentially changing the behavior. There is no guarantee that actors fire at the 
time they request to be fired. 
Use Ptides for deterministic DE behavior that is not influenced by execution aspects. 

20 ms. Memory: 160768K Free: 97001K (60%)
----------------- Invoking toplevel() on ptolemy.moml.MoMLSimpleApplication@46758b94
----------------- Done invoking toplevel() on ptolemy.moml.MoMLSimpleApplication@46758b94
reloadAllAccessors: .CatchUpComposite7

===========================================================================================
----------------- testing Tue Nov 12 06:30:58 UTC 2019 /home/travis/build/icyphy/ptII/ptolemy/actor/lib/hoc/test/auto/ConcurrentExecutionTimeSDF.xml
----------------- Instantiating /home/travis/build/icyphy/ptII/ptolemy/actor/lib/hoc/test/auto/ConcurrentExecutionTimeSDF.xml
Fired ExecutionTime: 40400000
Fired ExecutionTime: 40400000
Fired ExecutionTime: 40400000
Fired ExecutionTime: 40400000
Fired ExecutionTime: 40400000
Fired ExecutionTime: 40400000
Fired ExecutionTime: 40400000
Fired ExecutionTime: 40400000
Fired ExecutionTime: 40400000
Fired ExecutionTime: 40400000
Fired ExecutionTime: 40400000
Fired ExecutionTime: 40400000
Fired ExecutionTime: 40400000
Fired ExecutionTime: 40400000
Fired ExecutionTime: 40400000
Fired ExecutionTime: 40400000
Fired ExecutionTime: 40400000
Fired ExecutionTime: 40400000
Fired ExecutionTime: 40400000
Fired ExecutionTime: 40400000
1020 ms. Memory: 160768K Free: 89833K (56%)
----------------- Invoking toplevel() on ptolemy.moml.MoMLSimpleApplication@2b63723c
----------------- Done invoking toplevel() on ptolemy.moml.MoMLSimpleApplication@2b63723c
reloadAllAccessors: .ConcurrentExecutionTimeSDF

===========================================================================================
----------------- testing Tue Nov 12 06:30:59 UTC 2019 /home/travis/build/icyphy/ptII/ptolemy/actor/lib/hoc/test/auto/ConcurrentSleep.xml
----------------- Instantiating /home/travis/build/icyphy/ptII/ptolemy/actor/lib/hoc/test/auto/ConcurrentSleep.xml
727 ms. Memory: 160768K Free: 78569K (49%)
----------------- Invoking toplevel() on ptolemy.moml.MoMLSimpleApplication@7a5a7730
----------------- Done invoking toplevel() on ptolemy.moml.MoMLSimpleApplication@7a5a7730
reloadAllAccessors: .ConcurrentSleep

===========================================================================================
----------------- testing Tue Nov 12 06:31:00 UTC 2019 /home/travis/build/icyphy/ptII/ptolemy/actor/lib/hoc/test/auto/DEInPNInRunCompositeActor.xml
----------------- Instantiating /home/travis/build/icyphy/ptII/ptolemy/actor/lib/hoc/test/auto/DEInPNInRunCompositeActor.xml
15 ms. Memory: 160768K Free: 72425K (45%)
----------------- Invoking toplevel() on ptolemy.moml.MoMLSimpleApplication@148da872
----------------- Done invoking toplevel() on ptolemy.moml.MoMLSimpleApplication@148da872
reloadAllAccessors: .DEInPNInRunCompositeActor

===========================================================================================
----------------- testing Tue Nov 12 06:31:00 UTC 2019 /home/travis/build/icyphy/ptII/ptolemy/actor/lib/hoc/test/auto/DFTSubSetTest.xml
----------------- Instantiating /home/travis/build/icyphy/ptII/ptolemy/actor/lib/hoc/test/auto/DFTSubSetTest.xml
156 ms. Memory: 160768K Free: 112994K (70%)
----------------- Invoking toplevel() on ptolemy.moml.MoMLSimpleApplication@70357c0e
----------------- Done invoking toplevel() on ptolemy.moml.MoMLSimpleApplication@70357c0e
reloadAllAccessors: .DFTSubSetTest

===========================================================================================
----------------- testing Tue Nov 12 06:31:00 UTC 2019 /home/travis/build/icyphy/ptII/ptolemy/actor/lib/hoc/test/auto/HocDE.xml
----------------- Instantiating /home/travis/build/icyphy/ptII/ptolemy/actor/lib/hoc/test/auto/HocDE.xml
108 ms. Memory: 160768K Free: 87904K (55%)
----------------- Invoking toplevel() on ptolemy.moml.MoMLSimpleApplication@46f94192
----------------- Done invoking toplevel() on ptolemy.moml.MoMLSimpleApplication@46f94192
reloadAllAccessors: .HocDE

===========================================================================================
----------------- testing Tue Nov 12 06:31:01 UTC 2019 /home/travis/build/icyphy/ptII/ptolemy/actor/lib/hoc/test/auto/IterateOverArray.xml
----------------- Instantiating /home/travis/build/icyphy/ptII/ptolemy/actor/lib/hoc/test/auto/IterateOverArray.xml
6 ms. Memory: 160768K Free: 82784K (51%)
----------------- Invoking toplevel() on ptolemy.moml.MoMLSimpleApplication@31ef2192
----------------- Done invoking toplevel() on ptolemy.moml.MoMLSimpleApplication@31ef2192
reloadAllAccessors: .IterateOverArray

===========================================================================================
----------------- testing Tue Nov 12 06:31:01 UTC 2019 /home/travis/build/icyphy/ptII/ptolemy/actor/lib/hoc/test/auto/IterateOverArray10.xml
----------------- Instantiating /home/travis/build/icyphy/ptII/ptolemy/actor/lib/hoc/test/auto/IterateOverArray10.xml
2 ms. Memory: 160768K Free: 79712K (50%)
----------------- Invoking toplevel() on ptolemy.moml.MoMLSimpleApplication@9fcb388
----------------- Done invoking toplevel() on ptolemy.moml.MoMLSimpleApplication@9fcb388
reloadAllAccessors: .IterateOverArray10

===========================================================================================
----------------- testing Tue Nov 12 06:31:01 UTC 2019 /home/travis/build/icyphy/ptII/ptolemy/actor/lib/hoc/test/auto/IterateOverArray11.xml
----------------- Instantiating /home/travis/build/icyphy/ptII/ptolemy/actor/lib/hoc/test/auto/IterateOverArray11.xml
4 ms. Memory: 160768K Free: 75616K (47%)
----------------- Invoking toplevel() on ptolemy.moml.MoMLSimpleApplication@319b1457
----------------- Done invoking toplevel() on ptolemy.moml.MoMLSimpleApplication@319b1457
reloadAllAccessors: .IterateOverArray11

===========================================================================================
----------------- testing Tue Nov 12 06:31:01 UTC 2019 /home/travis/build/icyphy/ptII/ptolemy/actor/lib/hoc/test/auto/IterateOverArray12.xml
----------------- Instantiating /home/travis/build/icyphy/ptII/ptolemy/actor/lib/hoc/test/auto/IterateOverArray12.xml
17 ms. Memory: 160768K Free: 69986K (44%)
----------------- Invoking toplevel() on ptolemy.moml.MoMLSimpleApplication@49f4cd6e
----------------- Done invoking toplevel() on ptolemy.moml.MoMLSimpleApplication@49f4cd6e
reloadAllAccessors: .IterateOverArray12

===========================================================================================
----------------- testing Tue Nov 12 06:31:01 UTC 2019 /home/travis/build/icyphy/ptII/ptolemy/actor/lib/hoc/test/auto/IterateOverArray13.xml
----------------- Instantiating /home/travis/build/icyphy/ptII/ptolemy/actor/lib/hoc/test/auto/IterateOverArray13.xml
97 ms. Memory: 160768K Free: 136984K (85%)
----------------- Invoking toplevel() on ptolemy.moml.MoMLSimpleApplication@1bb05072
----------------- Done invoking toplevel() on ptolemy.moml.MoMLSimpleApplication@1bb05072
reloadAllAccessors: .IterateOverArray13

===========================================================================================
----------------- testing Tue Nov 12 06:31:01 UTC 2019 /home/travis/build/icyphy/ptII/ptolemy/actor/lib/hoc/test/auto/IterateOverArray14.xml
----------------- Instantiating /home/travis/build/icyphy/ptII/ptolemy/actor/lib/hoc/test/auto/IterateOverArray14.xml
89 ms. Memory: 160768K Free: 104216K (65%)
----------------- Invoking toplevel() on ptolemy.moml.MoMLSimpleApplication@fc2f486
----------------- Done invoking toplevel() on ptolemy.moml.MoMLSimpleApplication@fc2f486
reloadAllAccessors: .IterateOverArray14

===========================================================================================
----------------- testing Tue Nov 12 06:31:01 UTC 2019 /home/travis/build/icyphy/ptII/ptolemy/actor/lib/hoc/test/auto/IterateOverArray2.xml
----------------- Instantiating /home/travis/build/icyphy/ptII/ptolemy/actor/lib/hoc/test/auto/IterateOverArray2.xml
9 ms. Memory: 160768K Free: 99606K (62%)
----------------- Invoking toplevel() on ptolemy.moml.MoMLSimpleApplication@39933e71
----------------- Done invoking toplevel() on ptolemy.moml.MoMLSimpleApplication@39933e71
reloadAllAccessors: .IterateOverArray2

===========================================================================================
----------------- testing Tue Nov 12 06:31:01 UTC 2019 /home/travis/build/icyphy/ptII/ptolemy/actor/lib/hoc/test/auto/IterateOverArray3.xml
----------------- Instantiating /home/travis/build/icyphy/ptII/ptolemy/actor/lib/hoc/test/auto/IterateOverArray3.xml
15 ms. Memory: 160768K Free: 93976K (58%)
----------------- Invoking toplevel() on ptolemy.moml.MoMLSimpleApplication@5292ea7a
----------------- Done invoking toplevel() on ptolemy.moml.MoMLSimpleApplication@5292ea7a
reloadAllAccessors: .IterateOverArray3

===========================================================================================
----------------- testing Tue Nov 12 06:31:01 UTC 2019 /home/travis/build/icyphy/ptII/ptolemy/actor/lib/hoc/test/auto/IterateOverArray4.xml
----------------- Instantiating /home/travis/build/icyphy/ptII/ptolemy/actor/lib/hoc/test/auto/IterateOverArray4.xml
11 ms. Memory: 160768K Free: 89880K (56%)
----------------- Invoking toplevel() on ptolemy.moml.MoMLSimpleApplication@39bc7b73
----------------- Done invoking toplevel() on ptolemy.moml.MoMLSimpleApplication@39bc7b73
reloadAllAccessors: .IterateOverArray4

===========================================================================================
----------------- testing Tue Nov 12 06:31:01 UTC 2019 /home/travis/build/icyphy/ptII/ptolemy/actor/lib/hoc/test/auto/IterateOverArray5.xml
----------------- Instantiating /home/travis/build/icyphy/ptII/ptolemy/actor/lib/hoc/test/auto/IterateOverArray5.xml
3 ms. Memory: 160768K Free: 85784K (53%)
----------------- Invoking toplevel() on ptolemy.moml.MoMLSimpleApplication@38653966
----------------- Done invoking toplevel() on ptolemy.moml.MoMLSimpleApplication@38653966
reloadAllAccessors: .IterateOverArray5

===========================================================================================
----------------- testing Tue Nov 12 06:31:01 UTC 2019 /home/travis/build/icyphy/ptII/ptolemy/actor/lib/hoc/test/auto/IterateOverArray6.xml
----------------- Instantiating /home/travis/build/icyphy/ptII/ptolemy/actor/lib/hoc/test/auto/IterateOverArray6.xml
2 ms. Memory: 160768K Free: 82198K (51%)
----------------- Invoking toplevel() on ptolemy.moml.MoMLSimpleApplication@142f4bff
----------------- Done invoking toplevel() on ptolemy.moml.MoMLSimpleApplication@142f4bff
reloadAllAccessors: .IterateOverArray6

===========================================================================================
----------------- testing Tue Nov 12 06:31:01 UTC 2019 /home/travis/build/icyphy/ptII/ptolemy/actor/lib/hoc/test/auto/IterateOverArray7.xml
----------------- Instantiating /home/travis/build/icyphy/ptII/ptolemy/actor/lib/hoc/test/auto/IterateOverArray7.xml
9 ms. Memory: 160768K Free: 77592K (48%)
----------------- Invoking toplevel() on ptolemy.moml.MoMLSimpleApplication@593a9546
----------------- Done invoking toplevel() on ptolemy.moml.MoMLSimpleApplication@593a9546
reloadAllAccessors: .IterateOverArray7

===========================================================================================
----------------- testing Tue Nov 12 06:31:01 UTC 2019 /home/travis/build/icyphy/ptII/ptolemy/actor/lib/hoc/test/auto/IterateOverArray8.xml
----------------- Instantiating /home/travis/build/icyphy/ptII/ptolemy/actor/lib/hoc/test/auto/IterateOverArray8.xml
6 ms. Memory: 160768K Free: 73496K (46%)
----------------- Invoking toplevel() on ptolemy.moml.MoMLSimpleApplication@4e0b87d3
----------------- Done invoking toplevel() on ptolemy.moml.MoMLSimpleApplication@4e0b87d3
reloadAllAccessors: .IterateOverArray8

===========================================================================================
----------------- testing Tue Nov 12 06:31:01 UTC 2019 /home/travis/build/icyphy/ptII/ptolemy/actor/lib/hoc/test/auto/IterateOverArray9.xml
----------------- Instantiating /home/travis/build/icyphy/ptII/ptolemy/actor/lib/hoc/test/auto/IterateOverArray9.xml
8 ms. Memory: 160768K Free: 69400K (43%)
----------------- Invoking toplevel() on ptolemy.moml.MoMLSimpleApplication@24f156d8
----------------- Done invoking toplevel() on ptolemy.moml.MoMLSimpleApplication@24f156d8
reloadAllAccessors: .IterateOverArray9

===========================================================================================
----------------- testing Tue Nov 12 06:31:01 UTC 2019 /home/travis/build/icyphy/ptII/ptolemy/actor/lib/hoc/test/auto/IterateOverArrayCoercedOutputType.xml
----------------- Instantiating /home/travis/build/icyphy/ptII/ptolemy/actor/lib/hoc/test/auto/IterateOverArrayCoercedOutputType.xml
6 ms. Memory: 160768K Free: 64280K (40%)
----------------- Invoking toplevel() on ptolemy.moml.MoMLSimpleApplication@267fc361
----------------- Done invoking toplevel() on ptolemy.moml.MoMLSimpleApplication@267fc361
reloadAllAccessors: .IterateOverArrayCoercedOutputType

===========================================================================================
----------------- testing Tue Nov 12 06:31:01 UTC 2019 /home/travis/build/icyphy/ptII/ptolemy/actor/lib/hoc/test/auto/IterateOverArrayInferredOutputType.xml
----------------- Instantiating /home/travis/build/icyphy/ptII/ptolemy/actor/lib/hoc/test/auto/IterateOverArrayInferredOutputType.xml
8 ms. Memory: 160768K Free: 59670K (37%)
----------------- Invoking toplevel() on ptolemy.moml.MoMLSimpleApplication@5e83b461
----------------- Done invoking toplevel() on ptolemy.moml.MoMLSimpleApplication@5e83b461
reloadAllAccessors: .IterateOverArrayInferredOutputType

===========================================================================================
----------------- testing Tue Nov 12 06:31:01 UTC 2019 /home/travis/build/icyphy/ptII/ptolemy/actor/lib/hoc/test/auto/MobileFunctionTest.xml
----------------- Instantiating /home/travis/build/icyphy/ptII/ptolemy/actor/lib/hoc/test/auto/MobileFunctionTest.xml
4 ms. Memory: 160768K Free: 55560K (35%)
----------------- Invoking toplevel() on ptolemy.moml.MoMLSimpleApplication@5ac9dd3a
----------------- Done invoking toplevel() on ptolemy.moml.MoMLSimpleApplication@5ac9dd3a
reloadAllAccessors: .MobileFunctionTest

===========================================================================================
----------------- testing Tue Nov 12 06:31:01 UTC 2019 /home/travis/build/icyphy/ptII/ptolemy/actor/lib/hoc/test/auto/MobileModelTest.xml
----------------- Instantiating /home/travis/build/icyphy/ptII/ptolemy/actor/lib/hoc/test/auto/MobileModelTest.xml
180 ms. Memory: 160768K Free: 128219K (80%)
----------------- Invoking toplevel() on ptolemy.moml.MoMLSimpleApplication@1dbc85be
----------------- Done invoking toplevel() on ptolemy.moml.MoMLSimpleApplication@1dbc85be
reloadAllAccessors: .MobileModelTest

===========================================================================================
----------------- testing Tue Nov 12 06:31:02 UTC 2019 /home/travis/build/icyphy/ptII/ptolemy/actor/lib/hoc/test/auto/ModelReference.xml
----------------- Instantiating /home/travis/build/icyphy/ptII/ptolemy/actor/lib/hoc/test/auto/ModelReference.xml
2 ms. Memory: 160768K Free: 121561K (76%)
5 ms. Memory: 160768K Free: 121051K (75%)
2 ms. Memory: 160768K Free: 120027K (75%)
2 ms. Memory: 160768K Free: 119003K (74%)
3 ms. Memory: 160768K Free: 118475K (74%)
1 ms. Memory: 160768K Free: 117465K (73%)
2 ms. Memory: 160768K Free: 116955K (73%)
2 ms. Memory: 160768K Free: 115931K (72%)
3 ms. Memory: 160768K Free: 115387K (72%)
2 ms. Memory: 160768K Free: 114379K (71%)
31 ms. Memory: 160768K Free: 114379K (71%)
----------------- Invoking toplevel() on ptolemy.moml.MoMLSimpleApplication@53dd92cd
----------------- Done invoking toplevel() on ptolemy.moml.MoMLSimpleApplication@53dd92cd
reloadAllAccessors: .ModelReference

===========================================================================================
----------------- testing Tue Nov 12 06:31:02 UTC 2019 /home/travis/build/icyphy/ptII/ptolemy/actor/lib/hoc/test/auto/ModelReference3.xml
----------------- Instantiating /home/travis/build/icyphy/ptII/ptolemy/actor/lib/hoc/test/auto/ModelReference3.xml
2 ms. Memory: 160768K Free: 109259K (68%)
4 ms. Memory: 160768K Free: 108763K (68%)
1 ms. Memory: 160768K Free: 107739K (67%)
3 ms. Memory: 160768K Free: 107219K (67%)
2 ms. Memory: 160768K Free: 106171K (66%)
3 ms. Memory: 160768K Free: 105147K (65%)
2 ms. Memory: 160768K Free: 104667K (65%)
3 ms. Memory: 160768K Free: 103643K (64%)
2 ms. Memory: 160768K Free: 103099K (64%)
3 ms. Memory: 160768K Free: 102091K (64%)
33 ms. Memory: 160768K Free: 102091K (64%)
----------------- Invoking toplevel() on ptolemy.moml.MoMLSimpleApplication@659cb639
----------------- Done invoking toplevel() on ptolemy.moml.MoMLSimpleApplication@659cb639
reloadAllAccessors: .ModelReference3

===========================================================================================
----------------- testing Tue Nov 12 06:31:02 UTC 2019 /home/travis/build/icyphy/ptII/ptolemy/actor/lib/hoc/test/auto/ModelReference4.xml
----------------- Instantiating /home/travis/build/icyphy/ptII/ptolemy/actor/lib/hoc/test/auto/ModelReference4.xml
1 ms. Memory: 160768K Free: 97499K (61%)
6 ms. Memory: 160768K Free: 95955K (60%)
2 ms. Memory: 160768K Free: 94923K (59%)
4 ms. Memory: 160768K Free: 93913K (58%)
2 ms. Memory: 160768K Free: 92379K (57%)
8 ms. Memory: 160768K Free: 91355K (57%)
3 ms. Memory: 160768K Free: 89811K (56%)
4 ms. Memory: 160768K Free: 88787K (55%)
2 ms. Memory: 160768K Free: 87259K (54%)
3 ms. Memory: 160768K Free: 86235K (54%)
10018 ms. Memory: 160768K Free: 86233K (54%)
----------------- Invoking toplevel() on ptolemy.moml.MoMLSimpleApplication@27e86970
----------------- Done invoking toplevel() on ptolemy.moml.MoMLSimpleApplication@27e86970
reloadAllAccessors: .ModelReference4

===========================================================================================
----------------- testing Tue Nov 12 06:31:12 UTC 2019 /home/travis/build/icyphy/ptII/ptolemy/actor/lib/hoc/test/auto/MultiInstanceComposite.xml
----------------- Instantiating /home/travis/build/icyphy/ptII/ptolemy/actor/lib/hoc/test/auto/MultiInstanceComposite.xml
38 ms. Memory: 160768K Free: 67289K (42%)
----------------- Invoking toplevel() on ptolemy.moml.MoMLSimpleApplication@6cfa98e8
----------------- Done invoking toplevel() on ptolemy.moml.MoMLSimpleApplication@6cfa98e8
reloadAllAccessors: .MultiInstanceComposite

===========================================================================================
----------------- testing Tue Nov 12 06:31:12 UTC 2019 /home/travis/build/icyphy/ptII/ptolemy/actor/lib/hoc/test/auto/MultiInstanceComposite2.xml
----------------- Instantiating /home/travis/build/icyphy/ptII/ptolemy/actor/lib/hoc/test/auto/MultiInstanceComposite2.xml
35 ms. Memory: 160768K Free: 56025K (35%)
----------------- Invoking toplevel() on ptolemy.moml.MoMLSimpleApplication@d36e001
----------------- Done invoking toplevel() on ptolemy.moml.MoMLSimpleApplication@d36e001
reloadAllAccessors: .MultiInstanceComposite2

===========================================================================================
----------------- testing Tue Nov 12 06:31:12 UTC 2019 /home/travis/build/icyphy/ptII/ptolemy/actor/lib/hoc/test/auto/MulticoreExecution.xml
----------------- Instantiating /home/travis/build/icyphy/ptII/ptolemy/actor/lib/hoc/test/auto/MulticoreExecution.xml
Fired ExecutionTime: 2000000
Fired ExecutionTime: 8400000
Fired ExecutionTime: 46800000
Fired ExecutionTime: 46400000
Fired ExecutionTime: 31600000
Fired ExecutionTime: 48000000
Fired ExecutionTime: 64800000
Fired ExecutionTime: 65600000
Fired ExecutionTime: 64000000
Fired ExecutionTime: 64800000
Fired ExecutionTime: 67600000
Fired ExecutionTime: 56400000
Fired ExecutionTime: 66800000
Fired ExecutionTime: 72400000
Fired ExecutionTime: 66000000
Fired ExecutionTime: 66800000
Fired ExecutionTime: 61200000
Fired ExecutionTime: 67200000
Fired ExecutionTime: 66000000
Fired ExecutionTime: 71200000
1057 ms. Memory: 160768K Free: 141561K (88%)
----------------- Invoking toplevel() on ptolemy.moml.MoMLSimpleApplication@328ba79e
----------------- Done invoking toplevel() on ptolemy.moml.MoMLSimpleApplication@328ba79e
reloadAllAccessors: .MulticoreExecution

===========================================================================================
----------------- testing Tue Nov 12 06:31:13 UTC 2019 /home/travis/build/icyphy/ptII/ptolemy/actor/lib/hoc/test/auto/ParallelExecution.xml
----------------- Instantiating /home/travis/build/icyphy/ptII/ptolemy/actor/lib/hoc/test/auto/ParallelExecution.xml
921 ms. Memory: 160768K Free: 134333K (84%)
----------------- Invoking toplevel() on ptolemy.moml.MoMLSimpleApplication@7b3a0891
----------------- Done invoking toplevel() on ptolemy.moml.MoMLSimpleApplication@7b3a0891
reloadAllAccessors: .ParallelExecution

===========================================================================================
----------------- testing Tue Nov 12 06:31:14 UTC 2019 /home/travis/build/icyphy/ptII/ptolemy/actor/lib/hoc/test/auto/RunCompositeActor.xml
----------------- Instantiating /home/travis/build/icyphy/ptII/ptolemy/actor/lib/hoc/test/auto/RunCompositeActor.xml
9 ms. Memory: 160768K Free: 127209K (79%)
----------------- Invoking toplevel() on ptolemy.moml.MoMLSimpleApplication@ead6b41
----------------- Done invoking toplevel() on ptolemy.moml.MoMLSimpleApplication@ead6b41
reloadAllAccessors: .RunCompositeActor

===========================================================================================
----------------- testing Tue Nov 12 06:31:14 UTC 2019 /home/travis/build/icyphy/ptII/ptolemy/actor/lib/hoc/test/auto/RunCompositeActor2.xml
----------------- Instantiating /home/travis/build/icyphy/ptII/ptolemy/actor/lib/hoc/test/auto/RunCompositeActor2.xml
10 ms. Memory: 160768K Free: 121089K (75%)
----------------- Invoking toplevel() on ptolemy.moml.MoMLSimpleApplication@20c5ee72
----------------- Done invoking toplevel() on ptolemy.moml.MoMLSimpleApplication@20c5ee72
reloadAllAccessors: .RunCompositeActor2

===========================================================================================
----------------- testing Tue Nov 12 06:31:14 UTC 2019 /home/travis/build/icyphy/ptII/ptolemy/actor/lib/hoc/test/auto/RunCompositeActor3.xml
----------------- Instantiating /home/travis/build/icyphy/ptII/ptolemy/actor/lib/hoc/test/auto/RunCompositeActor3.xml
4 ms. Memory: 160768K Free: 115959K (72%)
----------------- Invoking toplevel() on ptolemy.moml.MoMLSimpleApplication@15cb265
----------------- Done invoking toplevel() on ptolemy.moml.MoMLSimpleApplication@15cb265
reloadAllAccessors: .RunCompositeActor3

===========================================================================================
----------------- testing Tue Nov 12 06:31:14 UTC 2019 /home/travis/build/icyphy/ptII/ptolemy/actor/lib/hoc/test/auto/RunCompositeActor4.xml
----------------- Instantiating /home/travis/build/icyphy/ptII/ptolemy/actor/lib/hoc/test/auto/RunCompositeActor4.xml
12 ms. Memory: 160768K Free: 107736K (67%)
----------------- Invoking toplevel() on ptolemy.moml.MoMLSimpleApplication@62952eec
----------------- Done invoking toplevel() on ptolemy.moml.MoMLSimpleApplication@62952eec
reloadAllAccessors: .RunCompositeActor4

===========================================================================================
----------------- testing Tue Nov 12 06:31:14 UTC 2019 /home/travis/build/icyphy/ptII/ptolemy/actor/lib/hoc/test/auto/RunCompositeIterateOverArray.xml
----------------- Instantiating /home/travis/build/icyphy/ptII/ptolemy/actor/lib/hoc/test/auto/RunCompositeIterateOverArray.xml
6 ms. Memory: 160768K Free: 102096K (64%)
----------------- Invoking toplevel() on ptolemy.moml.MoMLSimpleApplication@7a9cee8c
----------------- Done invoking toplevel() on ptolemy.moml.MoMLSimpleApplication@7a9cee8c
reloadAllAccessors: .RunCompositeIterateOverArray

===========================================================================================
----------------- testing Tue Nov 12 06:31:14 UTC 2019 /home/travis/build/icyphy/ptII/ptolemy/actor/lib/hoc/test/auto/ThreadedJS.xml
----------------- Instantiating /home/travis/build/icyphy/ptII/ptolemy/actor/lib/hoc/test/auto/ThreadedJS.xml
5930 ms. Memory: 232448K Free: 147704K (64%)
----------------- Invoking toplevel() on ptolemy.moml.MoMLSimpleApplication@4eb3a59f
----------------- Done invoking toplevel() on ptolemy.moml.MoMLSimpleApplication@4eb3a59f
reloadAllAccessors: .ThreadedJS
AutoTests.java: About to close Vertx.
AutoTests.java: Vertx closed.
]]></system-out>
  <system-err><![CDATA[java.lang.RuntimeException: Execution failed
	at ptolemy.moml.MoMLSimpleApplication$UnloadThread.run(MoMLSimpleApplication.java:402)
Caused by: ptolemy.kernel.util.IllegalActionException: initialize() was called after wrapup() was called but preinitialize() was not called after wrapup().
	at ptolemy.actor.lib.hoc.test.PreinitializeMustBeInvoked.initialize(PreinitializeMustBeInvoked.java:78)
	at ptolemy.actor.Director.initialize(Director.java:938)
	at ptolemy.actor.Director.initialize(Director.java:907)
	at ptolemy.actor.sched.StaticSchedulingDirector.initialize(StaticSchedulingDirector.java:159)
	at ptolemy.domains.sdf.kernel.SDFDirector.initialize(SDFDirector.java:544)
	at ptolemy.actor.CompositeActor.initialize(CompositeActor.java:935)
	at ptolemy.actor.lib.hoc.LifeCycleManager._executeInsideModel(LifeCycleManager.java:339)
	at ptolemy.actor.lib.hoc.RunCompositeActor.fire(RunCompositeActor.java:205)
	at ptolemy.actor.CompositeActor.iterate(CompositeActor.java:1146)
	at ptolemy.actor.sched.StaticSchedulingDirector.fire(StaticSchedulingDirector.java:216)
	at ptolemy.domains.sdf.kernel.SDFDirector.fire(SDFDirector.java:500)
	at ptolemy.actor.CompositeActor.fire(CompositeActor.java:455)
	at ptolemy.actor.Manager.iterate(Manager.java:851)
	at ptolemy.actor.Manager.execute(Manager.java:369)
	at ptolemy.actor.Manager.run(Manager.java:1263)
	at ptolemy.actor.Manager$PtolemyRunThread.run(Manager.java:1933)
java.lang.reflect.InvocationTargetException
	at java.base/jdk.internal.reflect.NativeConstructorAccessorImpl.newInstance0(Native Method)
	at java.base/jdk.internal.reflect.NativeConstructorAccessorImpl.newInstance(NativeConstructorAccessorImpl.java:62)
	at java.base/jdk.internal.reflect.DelegatingConstructorAccessorImpl.newInstance(DelegatingConstructorAccessorImpl.java:45)
	at java.base/java.lang.reflect.Constructor.newInstance(Constructor.java:490)
	at ptolemy.util.test.junit.AutoKnownFailedTests.RunModel(AutoKnownFailedTests.java:105)
	at java.base/jdk.internal.reflect.NativeMethodAccessorImpl.invoke0(Native Method)
	at java.base/jdk.internal.reflect.NativeMethodAccessorImpl.invoke(NativeMethodAccessorImpl.java:62)
	at java.base/jdk.internal.reflect.DelegatingMethodAccessorImpl.invoke(DelegatingMethodAccessorImpl.java:43)
	at java.base/java.lang.reflect.Method.invoke(Method.java:566)
	at org.junit.runners.model.FrameworkMethod$1.runReflectiveCall(FrameworkMethod.java:44)
	at org.junit.internal.runners.model.ReflectiveCallable.run(ReflectiveCallable.java:15)
	at org.junit.runners.model.FrameworkMethod.invokeExplosively(FrameworkMethod.java:41)
	at junitparams.internal.InvokeParameterisedMethod.evaluate(InvokeParameterisedMethod.java:102)
	at org.junit.internal.runners.statements.FailOnTimeout$1.run(FailOnTimeout.java:28)
Caused by: ptolemy.kernel.util.IllegalActionException: initialize() was called after wrapup() was called but preinitialize() was not called after wrapup().
	at ptolemy.actor.lib.hoc.test.PreinitializeMustBeInvoked.initialize(PreinitializeMustBeInvoked.java:78)
	at ptolemy.actor.Director.initialize(Director.java:938)
	at ptolemy.actor.Director.initialize(Director.java:907)
	at ptolemy.actor.sched.StaticSchedulingDirector.initialize(StaticSchedulingDirector.java:159)
	at ptolemy.domains.sdf.kernel.SDFDirector.initialize(SDFDirector.java:544)
	at ptolemy.actor.CompositeActor.initialize(CompositeActor.java:935)
	at ptolemy.actor.lib.hoc.LifeCycleManager._executeInsideModel(LifeCycleManager.java:339)
	at ptolemy.actor.lib.hoc.RunCompositeActor.fire(RunCompositeActor.java:205)
	at ptolemy.actor.CompositeActor.iterate(CompositeActor.java:1146)
	at ptolemy.actor.sched.StaticSchedulingDirector.fire(StaticSchedulingDirector.java:216)
	at ptolemy.domains.sdf.kernel.SDFDirector.fire(SDFDirector.java:500)
	at ptolemy.actor.CompositeActor.fire(CompositeActor.java:455)
	at ptolemy.actor.Manager.iterate(Manager.java:851)
	at ptolemy.actor.Manager.execute(Manager.java:369)
	at ptolemy.actor.Manager.run(Manager.java:1263)
	at ptolemy.actor.Manager$PtolemyRunThread.run(Manager.java:1933)
Warning: Nashorn engine is planned to be removed from a future JDK release
Warning: Nashorn engine is planned to be removed from a future JDK release
Warning: Nashorn engine is planned to be removed from a future JDK release
Warning: Nashorn engine is planned to be removed from a future JDK release
Warning: Nashorn engine is planned to be removed from a future JDK release
Warning: Nashorn engine is planned to be removed from a future JDK release
Warning: Nashorn engine is planned to be removed from a future JDK release
Warning: Nashorn engine is planned to be removed from a future JDK release
]]></system-err>
</testsuite>
