<?xml version="1.0" encoding="UTF-8" ?>
<testsuite errors="0" failures="0" hostname="travis-job-e3b149f3-9216-45ab-b3ea-9b36c6bbcfc6" name="ptolemy.domains.de.test.junit.JUnitTclTest" skipped="0" tests="101" time="122.889" timestamp="2019-12-25T06:30:59">
  <properties>
[...]
</properties>
  <testcase classname="ptolemy.util.test.junit.TclTests" name="[0] /home/travis/build/icyphy/ptII/ptolemy/domains/de/test/DependencyLoop.tcl (RunTclFile)" time="0.925" />
  <testcase classname="ptolemy.util.test.junit.TclTests" name="[1] /home/travis/build/icyphy/ptII/ptolemy/domains/de/test/RunDETestsAsQSS.tcl (RunTclFile)" time="83.051" />
  <testcase classname="ptolemy.util.test.junit.AutoKnownFailedTests" name="[0] /home/travis/build/icyphy/ptII/ptolemy/domains/de/test/auto/knownFailedTests/DESDFClockTest.xml (RunModel)" time="2.053" />
  <testcase classname="ptolemy.util.test.junit.AutoKnownFailedTests" name="[1] /home/travis/build/icyphy/ptII/ptolemy/domains/de/test/auto/knownFailedTests/DirectFeedback.xml (RunModel)" time="0.011" />
  <testcase classname="ptolemy.util.test.junit.AutoKnownFailedTests" name="[2] /home/travis/build/icyphy/ptII/ptolemy/domains/de/test/auto/knownFailedTests/FSMSource.xml (RunModel)" time="0.028" />
  <testcase classname="ptolemy.util.test.junit.AutoKnownFailedTests" name="[3] /home/travis/build/icyphy/ptII/ptolemy/domains/de/test/auto/knownFailedTests/HierarchicalModel.xml (RunModel)" time="0.045" />
  <testcase classname="ptolemy.util.test.junit.AutoKnownFailedTests" name="[4] /home/travis/build/icyphy/ptII/ptolemy/domains/de/test/auto/knownFailedTests/dependencyLoop.xml (RunModel)" time="0.041" />
  <testcase classname="ptolemy.util.test.junit.AutoKnownFailedTests" name="[5] /home/travis/build/icyphy/ptII/ptolemy/domains/de/test/auto/knownFailedTests/dependencyLoop2.xml (RunModel)" time="0.043" />
  <testcase classname="ptolemy.util.test.junit.AutoNameArchTests" name="[0] ThereAreNoAutoArchTests (RunModel)" time="0.006" />
  <testcase classname="ptolemy.util.test.junit.AutoTests" name="[0] /home/travis/build/icyphy/ptII/ptolemy/domains/de/test/auto/ActorDepthCalculation_actorWithoutPorts.xml (RunModel)" time="0.018" />
  <testcase classname="ptolemy.util.test.junit.AutoTests" name="[1] /home/travis/build/icyphy/ptII/ptolemy/domains/de/test/auto/AssemblyLine.xml (RunModel)" time="0.036" />
  <testcase classname="ptolemy.util.test.junit.AutoTests" name="[2] /home/travis/build/icyphy/ptII/ptolemy/domains/de/test/auto/CQBug1.xml (RunModel)" time="0.011" />
  <testcase classname="ptolemy.util.test.junit.AutoTests" name="[3] /home/travis/build/icyphy/ptII/ptolemy/domains/de/test/auto/CancelFireAt.xml (RunModel)" time="0.007" />
  <testcase classname="ptolemy.util.test.junit.AutoTests" name="[4] /home/travis/build/icyphy/ptII/ptolemy/domains/de/test/auto/CausalityAndComposabilityAnalysis.xml (RunModel)" time="0.021" />
  <testcase classname="ptolemy.util.test.junit.AutoTests" name="[5] /home/travis/build/icyphy/ptII/ptolemy/domains/de/test/auto/CausalityInterface1.xml (RunModel)" time="0.019" />
  <testcase classname="ptolemy.util.test.junit.AutoTests" name="[6] /home/travis/build/icyphy/ptII/ptolemy/domains/de/test/auto/CausalityInterface15.xml (RunModel)" time="0.013" />
  <testcase classname="ptolemy.util.test.junit.AutoTests" name="[7] /home/travis/build/icyphy/ptII/ptolemy/domains/de/test/auto/CausalityInterface2.xml (RunModel)" time="0.011" />
  <testcase classname="ptolemy.util.test.junit.AutoTests" name="[8] /home/travis/build/icyphy/ptII/ptolemy/domains/de/test/auto/CausalityInterface3.xml (RunModel)" time="0.017" />
  <testcase classname="ptolemy.util.test.junit.AutoTests" name="[9] /home/travis/build/icyphy/ptII/ptolemy/domains/de/test/auto/ClockDrift.xml (RunModel)" time="0.035" />
  <testcase classname="ptolemy.util.test.junit.AutoTests" name="[10] /home/travis/build/icyphy/ptII/ptolemy/domains/de/test/auto/ClockDriftAndValueChange.xml (RunModel)" time="0.026" />
  <testcase classname="ptolemy.util.test.junit.AutoTests" name="[11] /home/travis/build/icyphy/ptII/ptolemy/domains/de/test/auto/ClockDriftChange.xml (RunModel)" time="0.03" />
  <testcase classname="ptolemy.util.test.junit.AutoTests" name="[12] /home/travis/build/icyphy/ptII/ptolemy/domains/de/test/auto/ComposableCausalityAnalysis.xml (RunModel)" time="0.011" />
  <testcase classname="ptolemy.util.test.junit.AutoTests" name="[13] /home/travis/build/icyphy/ptII/ptolemy/domains/de/test/auto/DEFixedPointLimitation.xml (RunModel)" time="0.015" />
  <testcase classname="ptolemy.util.test.junit.AutoTests" name="[14] /home/travis/build/icyphy/ptII/ptolemy/domains/de/test/auto/DEScheduleTest.xml (RunModel)" time="0.012" />
  <testcase classname="ptolemy.util.test.junit.AutoTests" name="[15] /home/travis/build/icyphy/ptII/ptolemy/domains/de/test/auto/DEinDEwithStartTimes.xml (RunModel)" time="0.013" />
  <testcase classname="ptolemy.util.test.junit.AutoTests" name="[16] /home/travis/build/icyphy/ptII/ptolemy/domains/de/test/auto/DEinDEwithStartTimes2.xml (RunModel)" time="0.012" />
  <testcase classname="ptolemy.util.test.junit.AutoTests" name="[17] /home/travis/build/icyphy/ptII/ptolemy/domains/de/test/auto/DateDemo.xml (RunModel)" time="0.024" />
  <testcase classname="ptolemy.util.test.junit.AutoTests" name="[18] /home/travis/build/icyphy/ptII/ptolemy/domains/de/test/auto/DateToEvent.xml (RunModel)" time="2.037" />
  <testcase classname="ptolemy.util.test.junit.AutoTests" name="[19] /home/travis/build/icyphy/ptII/ptolemy/domains/de/test/auto/DepthTest1.xml (RunModel)" time="0.008" />
  <testcase classname="ptolemy.util.test.junit.AutoTests" name="[20] /home/travis/build/icyphy/ptII/ptolemy/domains/de/test/auto/DepthTest2.xml (RunModel)" time="0.016" />
  <testcase classname="ptolemy.util.test.junit.AutoTests" name="[21] /home/travis/build/icyphy/ptII/ptolemy/domains/de/test/auto/DepthTest3.xml (RunModel)" time="0.007" />
  <testcase classname="ptolemy.util.test.junit.AutoTests" name="[22] /home/travis/build/icyphy/ptII/ptolemy/domains/de/test/auto/DepthTest4.xml (RunModel)" time="0.021" />
  <testcase classname="ptolemy.util.test.junit.AutoTests" name="[23] /home/travis/build/icyphy/ptII/ptolemy/domains/de/test/auto/DepthTest5.xml (RunModel)" time="0.015" />
  <testcase classname="ptolemy.util.test.junit.AutoTests" name="[24] /home/travis/build/icyphy/ptII/ptolemy/domains/de/test/auto/DepthTest6.xml (RunModel)" time="0.012" />
  <testcase classname="ptolemy.util.test.junit.AutoTests" name="[25] /home/travis/build/icyphy/ptII/ptolemy/domains/de/test/auto/DepthTest7.xml (RunModel)" time="0.009" />
  <testcase classname="ptolemy.util.test.junit.AutoTests" name="[26] /home/travis/build/icyphy/ptII/ptolemy/domains/de/test/auto/EventToDate.xml (RunModel)" time="3.041" />
  <testcase classname="ptolemy.util.test.junit.AutoTests" name="[27] /home/travis/build/icyphy/ptII/ptolemy/domains/de/test/auto/FSM1.xml (RunModel)" time="0.032" />
  <testcase classname="ptolemy.util.test.junit.AutoTests" name="[28] /home/travis/build/icyphy/ptII/ptolemy/domains/de/test/auto/FSM7.xml (RunModel)" time="0.039" />
  <testcase classname="ptolemy.util.test.junit.AutoTests" name="[29] /home/travis/build/icyphy/ptII/ptolemy/domains/de/test/auto/Inspection.xml (RunModel)" time="0.029" />
  <testcase classname="ptolemy.util.test.junit.AutoTests" name="[30] /home/travis/build/icyphy/ptII/ptolemy/domains/de/test/auto/Iteration.xml (RunModel)" time="0.019" />
  <testcase classname="ptolemy.util.test.junit.AutoTests" name="[31] /home/travis/build/icyphy/ptII/ptolemy/domains/de/test/auto/LineFault.xml (RunModel)" time="0.524" />
  <testcase classname="ptolemy.util.test.junit.AutoTests" name="[32] /home/travis/build/icyphy/ptII/ptolemy/domains/de/test/auto/MergeModel1Add.xml (RunModel)" time="0.045" />
  <testcase classname="ptolemy.util.test.junit.AutoTests" name="[33] /home/travis/build/icyphy/ptII/ptolemy/domains/de/test/auto/MergeModel2Add.xml (RunModel)" time="0.045" />
  <testcase classname="ptolemy.util.test.junit.AutoTests" name="[34] /home/travis/build/icyphy/ptII/ptolemy/domains/de/test/auto/MergeModel3Add.xml (RunModel)" time="0.053" />
  <testcase classname="ptolemy.util.test.junit.AutoTests" name="[35] /home/travis/build/icyphy/ptII/ptolemy/domains/de/test/auto/MergeWithoutDiscard.xml (RunModel)" time="0.019" />
  <testcase classname="ptolemy.util.test.junit.AutoTests" name="[36] /home/travis/build/icyphy/ptII/ptolemy/domains/de/test/auto/Modal1.xml (RunModel)" time="0.033" />
  <testcase classname="ptolemy.util.test.junit.AutoTests" name="[37] /home/travis/build/icyphy/ptII/ptolemy/domains/de/test/auto/Modal2.xml (RunModel)" time="0.035" />
  <testcase classname="ptolemy.util.test.junit.AutoTests" name="[38] /home/travis/build/icyphy/ptII/ptolemy/domains/de/test/auto/Modal3.xml (RunModel)" time="0.03" />
  <testcase classname="ptolemy.util.test.junit.AutoTests" name="[39] /home/travis/build/icyphy/ptII/ptolemy/domains/de/test/auto/Modal4.xml (RunModel)" time="0.033" />
  <testcase classname="ptolemy.util.test.junit.AutoTests" name="[40] /home/travis/build/icyphy/ptII/ptolemy/domains/de/test/auto/Modal5.xml (RunModel)" time="0.028" />
  <testcase classname="ptolemy.util.test.junit.AutoTests" name="[41] /home/travis/build/icyphy/ptII/ptolemy/domains/de/test/auto/Modal6.xml (RunModel)" time="0.035" />
  <testcase classname="ptolemy.util.test.junit.AutoTests" name="[42] /home/travis/build/icyphy/ptII/ptolemy/domains/de/test/auto/Modal7.xml (RunModel)" time="0.032" />
  <testcase classname="ptolemy.util.test.junit.AutoTests" name="[43] /home/travis/build/icyphy/ptII/ptolemy/domains/de/test/auto/ModalModel.xml (RunModel)" time="0.181" />
  <testcase classname="ptolemy.util.test.junit.AutoTests" name="[44] /home/travis/build/icyphy/ptII/ptolemy/domains/de/test/auto/ModalSource.xml (RunModel)" time="0.021" />
  <testcase classname="ptolemy.util.test.junit.AutoTests" name="[45] /home/travis/build/icyphy/ptII/ptolemy/domains/de/test/auto/NonInterruptibleTimerZeroDelay.xml (RunModel)" time="0.016" />
  <testcase classname="ptolemy.util.test.junit.AutoTests" name="[46] /home/travis/build/icyphy/ptII/ptolemy/domains/de/test/auto/OpenQueueingNetwork.xml (RunModel)" time="2.45" />
  <testcase classname="ptolemy.util.test.junit.AutoTests" name="[47] /home/travis/build/icyphy/ptII/ptolemy/domains/de/test/auto/OpenQueuingNetwork.xml (RunModel)" time="0.258" />
  <testcase classname="ptolemy.util.test.junit.AutoTests" name="[48] /home/travis/build/icyphy/ptII/ptolemy/domains/de/test/auto/PeriodicSampler.xml (RunModel)" time="0.013" />
  <testcase classname="ptolemy.util.test.junit.AutoTests" name="[49] /home/travis/build/icyphy/ptII/ptolemy/domains/de/test/auto/PersistentIO.xml (RunModel)" time="0.022" />
  <testcase classname="ptolemy.util.test.junit.AutoTests" name="[50] /home/travis/build/icyphy/ptII/ptolemy/domains/de/test/auto/PortParameterResetOnInitialize.xml (RunModel)" time="0.01" />
  <testcase classname="ptolemy.util.test.junit.AutoTests" name="[51] /home/travis/build/icyphy/ptII/ptolemy/domains/de/test/auto/PortParameterUpdates.xml (RunModel)" time="0.014" />
  <testcase classname="ptolemy.util.test.junit.AutoTests" name="[52] /home/travis/build/icyphy/ptII/ptolemy/domains/de/test/auto/QueueAndServer.xml (RunModel)" time="0.017" />
  <testcase classname="ptolemy.util.test.junit.AutoTests" name="[53] /home/travis/build/icyphy/ptII/ptolemy/domains/de/test/auto/Records.xml (RunModel)" time="0.017" />
  <testcase classname="ptolemy.util.test.junit.AutoTests" name="[54] /home/travis/build/icyphy/ptII/ptolemy/domains/de/test/auto/ResetTransitionWithStartTime1.xml (RunModel)" time="0.018" />
  <testcase classname="ptolemy.util.test.junit.AutoTests" name="[55] /home/travis/build/icyphy/ptII/ptolemy/domains/de/test/auto/ResetTransitionWithStartTime2.xml (RunModel)" time="0.019" />
  <testcase classname="ptolemy.util.test.junit.AutoTests" name="[56] /home/travis/build/icyphy/ptII/ptolemy/domains/de/test/auto/ResetTransitionWithStartTime3.xml (RunModel)" time="0.019" />
  <testcase classname="ptolemy.util.test.junit.AutoTests" name="[57] /home/travis/build/icyphy/ptII/ptolemy/domains/de/test/auto/ResetTransitionWithStartTime4.xml (RunModel)" time="0.018" />
  <testcase classname="ptolemy.util.test.junit.AutoTests" name="[58] /home/travis/build/icyphy/ptII/ptolemy/domains/de/test/auto/ResettableTimer1.xml (RunModel)" time="0.01" />
  <testcase classname="ptolemy.util.test.junit.AutoTests" name="[59] /home/travis/build/icyphy/ptII/ptolemy/domains/de/test/auto/ResettableTimer2.xml (RunModel)" time="0.02" />
  <testcase classname="ptolemy.util.test.junit.AutoTests" name="[60] /home/travis/build/icyphy/ptII/ptolemy/domains/de/test/auto/ResettableTimer3.xml (RunModel)" time="0.016" />
  <testcase classname="ptolemy.util.test.junit.AutoTests" name="[61] /home/travis/build/icyphy/ptII/ptolemy/domains/de/test/auto/ResettableTimer4.xml (RunModel)" time="0.018" />
  <testcase classname="ptolemy.util.test.junit.AutoTests" name="[62] /home/travis/build/icyphy/ptII/ptolemy/domains/de/test/auto/ResettableTimer5.xml (RunModel)" time="0.028" />
  <testcase classname="ptolemy.util.test.junit.AutoTests" name="[63] /home/travis/build/icyphy/ptII/ptolemy/domains/de/test/auto/ResettableTimer6.xml (RunModel)" time="0.031" />
  <testcase classname="ptolemy.util.test.junit.AutoTests" name="[64] /home/travis/build/icyphy/ptII/ptolemy/domains/de/test/auto/ServerZeroDelay.xml (RunModel)" time="0.013" />
  <testcase classname="ptolemy.util.test.junit.AutoTests" name="[65] /home/travis/build/icyphy/ptII/ptolemy/domains/de/test/auto/SmartSender.xml (RunModel)" time="3.007" />
  <testcase classname="ptolemy.util.test.junit.AutoTests" name="[66] /home/travis/build/icyphy/ptII/ptolemy/domains/de/test/auto/ThreadedComposite.xml (RunModel)" time="0.154" />
  <testcase classname="ptolemy.util.test.junit.AutoTests" name="[67] /home/travis/build/icyphy/ptII/ptolemy/domains/de/test/auto/Time.xml (RunModel)" time="0.421" />
  <testcase classname="ptolemy.util.test.junit.AutoTests" name="[68] /home/travis/build/icyphy/ptII/ptolemy/domains/de/test/auto/TimeDelayZeroDelay.xml (RunModel)" time="0.012" />
  <testcase classname="ptolemy.util.test.junit.AutoTests" name="[69] /home/travis/build/icyphy/ptII/ptolemy/domains/de/test/auto/TimerZeroDelay.xml (RunModel)" time="0.01" />
  <testcase classname="ptolemy.util.test.junit.AutoTests" name="[70] /home/travis/build/icyphy/ptII/ptolemy/domains/de/test/auto/TimingParadox.xml (RunModel)" time="0.341" />
  <testcase classname="ptolemy.util.test.junit.AutoTests" name="[71] /home/travis/build/icyphy/ptII/ptolemy/domains/de/test/auto/TransferInputs.xml (RunModel)" time="0.014" />
  <testcase classname="ptolemy.util.test.junit.AutoTests" name="[72] /home/travis/build/icyphy/ptII/ptolemy/domains/de/test/auto/TransferOutputs2.xml (RunModel)" time="0.015" />
  <testcase classname="ptolemy.util.test.junit.AutoTests" name="[73] /home/travis/build/icyphy/ptII/ptolemy/domains/de/test/auto/Trilateration.xml (RunModel)" time="10.536" />
  <testcase classname="ptolemy.util.test.junit.AutoTests" name="[74] /home/travis/build/icyphy/ptII/ptolemy/domains/de/test/auto/TwoSigmaDelta.xml (RunModel)" time="1.811" />
  <testcase classname="ptolemy.util.test.junit.AutoTests" name="[75] /home/travis/build/icyphy/ptII/ptolemy/domains/de/test/auto/VariableDelay.xml (RunModel)" time="0.01" />
  <testcase classname="ptolemy.util.test.junit.AutoTests" name="[76] /home/travis/build/icyphy/ptII/ptolemy/domains/de/test/auto/VariableDelay2.xml (RunModel)" time="0.012" />
  <testcase classname="ptolemy.util.test.junit.AutoTests" name="[77] /home/travis/build/icyphy/ptII/ptolemy/domains/de/test/auto/VariableDelayZeroDelay.xml (RunModel)" time="0.013" />
  <testcase classname="ptolemy.util.test.junit.AutoTests" name="[78] /home/travis/build/icyphy/ptII/ptolemy/domains/de/test/auto/VariableDelayZeroDelay2.xml (RunModel)" time="0.009" />
  <testcase classname="ptolemy.util.test.junit.AutoTests" name="[79] /home/travis/build/icyphy/ptII/ptolemy/domains/de/test/auto/deInCt.xml (RunModel)" time="0.012" />
  <testcase classname="ptolemy.util.test.junit.AutoTests" name="[80] /home/travis/build/icyphy/ptII/ptolemy/domains/de/test/auto/deInCt2.xml (RunModel)" time="0.013" />
  <testcase classname="ptolemy.util.test.junit.AutoTests" name="[81] /home/travis/build/icyphy/ptII/ptolemy/domains/de/test/auto/dynamicCausalityInterface1.xml (RunModel)" time="0.016" />
  <testcase classname="ptolemy.util.test.junit.AutoTests" name="[82] /home/travis/build/icyphy/ptII/ptolemy/domains/de/test/auto/fsm_de_test.xml (RunModel)" time="0.025" />
  <testcase classname="ptolemy.util.test.junit.AutoTests" name="[83] /home/travis/build/icyphy/ptII/ptolemy/domains/de/test/auto/functionDependencyReconstruction.xml (RunModel)" time="0.031" />
  <testcase classname="ptolemy.util.test.junit.AutoTests" name="[84] /home/travis/build/icyphy/ptII/ptolemy/domains/de/test/auto/multirate.xml (RunModel)" time="0.015" />
  <testcase classname="ptolemy.util.test.junit.AutoTests" name="[85] /home/travis/build/icyphy/ptII/ptolemy/domains/de/test/auto/multirate2.xml (RunModel)" time="0.014" />
  <testcase classname="ptolemy.util.test.junit.AutoTests" name="[86] /home/travis/build/icyphy/ptII/ptolemy/domains/de/test/auto/realtime.xml (RunModel)" time="10.009" />
  <testcase classname="ptolemy.util.test.junit.AutoTests" name="[87] /home/travis/build/icyphy/ptII/ptolemy/domains/de/test/auto/relationGroup.xml (RunModel)" time="0.006" />
  <testcase classname="ptolemy.util.test.junit.AutoTests" name="[88] /home/travis/build/icyphy/ptII/ptolemy/domains/de/test/auto/relationGroup2.xml (RunModel)" time="0.009" />
  <testcase classname="ptolemy.util.test.junit.AutoTests" name="[89] /home/travis/build/icyphy/ptII/ptolemy/domains/de/test/auto/sortWithOpaquePorts.xml (RunModel)" time="0.012" />
  <testcase classname="ptolemy.util.test.junit.AutoTests" name="[90] /home/travis/build/icyphy/ptII/ptolemy/domains/de/test/auto/transferInputsandOutputs.xml (RunModel)" time="0.016" />
  <testcase classname="ptolemy.util.test.junit.AutoTests" name="[91] /home/travis/build/icyphy/ptII/ptolemy/domains/de/test/auto/triggerType.xml (RunModel)" time="0.013" />
  <system-out><![CDATA[/home/travis/build/icyphy/ptII/ptolemy/domains/de/test/DependencyLoop.tcl
testDefs.tcl: setting time out to 9000 seconds at Wed Dec 25 06:30:59 UTC 2019
85 ms. Memory: 129024K Free: 80188K (62%)
20 ms. Memory: 129024K Free: 62780K (49%)
/home/travis/build/icyphy/ptII/ptolemy/domains/de/test/RunDETestsAsQSS.tcl
Run the DE tests using ptolemy.domains.qss.test.QSSDirectorTest, which extends QSSDirector and prints a message in the constructors.
------------------ testing $PTII/ptolemy/domains/de/test/auto/knownFailedTests/DirectFeedback.xml (Known Failure) 
59 ms. Memory: 129024K Free: 57150K (44%)


==== $PTIIhome/travis/build/icyphy/ptII/ptolemy/domains/de/test/../../../../: Auto Automatic test in file $PTII/ptolemy/domains/de/test/auto/knownFailedTests/DirectFeedback.xml
==== Contents of test case:

	    # FIXME: we should use $relativeFilename here, but it
	    # might have backslashes under Windows, which causes no end
	    # of trouble.
	    createAndExecute $file
	    list {}
	
.... Test generated KNOWN error:
    while executing
ptolemy.kernel.util.IllegalActionException: Test fails in iteration 1.
Value was: 1.0. Should have been: 2.0
  in .DirectFeedback.Test
	at ptolemy.actor.lib.Test.fire(Test.java:268)
	at ptolemy.domains.de.kernel.DEDirector._fire(DEDirector.java:1949)
	at ptolemy.domains.de.kernel.DEDirector.fire(DEDirector.java:502)
	at ptolemy.actor.CompositeActor.fire(CompositeActor.java:455)
	at ptolemy.actor.Manager.iterate(Manager.java:851)
	at ptolemy.actor.Manager.execute(Manager.java:369)
	at ptolemy.actor.Manager.run(Manager.java:1263)
	at ptolemy.actor.Manager$PtolemyRunThread.run(Manager.java:1933)

    while executing
ptolemy.kernel.util.IllegalActionException: Test fails in iteration 1.
Value was: 1.0. Should have been: 2.0
  in .DirectFeedback.Test
    while executing
"java::new ptolemy.moml.MoMLSimpleApplication $file
"
    (procedure "createAndExecute" line 2)
    invoked from within
"createAndExecute $file"
    ("uplevel" body line 5)
    invoked from within
"uplevel $contents_of_test"
------------------ testing $PTII/ptolemy/domains/de/test/auto/knownFailedTests/dependencyLoop.xml (Known Failure) 
27 ms. Memory: 129024K Free: 54078K (42%)


==== $PTIIhome/travis/build/icyphy/ptII/ptolemy/domains/de/test/../../../../: Auto Automatic test in file $PTII/ptolemy/domains/de/test/auto/knownFailedTests/dependencyLoop.xml
==== Contents of test case:

	    # FIXME: we should use $relativeFilename here, but it
	    # might have backslashes under Windows, which causes no end
	    # of trouble.
	    createAndExecute $file
	    list {}
	
.... Test generated KNOWN error:
    while executing
ptolemy.kernel.util.IllegalActionException: Found a zero delay loop containing .dependencyLoop.original
  in .dependencyLoop and .dependencyLoop.original
	at ptolemy.actor.util.CausalityInterfaceForComposites._computeOutputPortDepth(CausalityInterfaceForComposites.java:759)
	at ptolemy.actor.util.CausalityInterfaceForComposites._computeInputDepth(CausalityInterfaceForComposites.java:696)
	at ptolemy.actor.util.CausalityInterfaceForComposites._computeOutputPortDepth(CausalityInterfaceForComposites.java:765)
	at ptolemy.actor.util.CausalityInterfaceForComposites._computeInputDepth(CausalityInterfaceForComposites.java:696)
	at ptolemy.actor.util.CausalityInterfaceForComposites._computeOutputPortDepth(CausalityInterfaceForComposites.java:765)
	at ptolemy.actor.util.CausalityInterfaceForComposites._computeInputDepth(CausalityInterfaceForComposites.java:696)
	at ptolemy.actor.util.CausalityInterfaceForComposites._computeActorDepth(CausalityInterfaceForComposites.java:532)
	at ptolemy.actor.util.CausalityInterfaceForComposites.checkForCycles(CausalityInterfaceForComposites.java:96)
	at ptolemy.domains.de.kernel.DEDirector.preinitialize(DEDirector.java:1338)
	at ptolemy.actor.CompositeActor.preinitialize(CompositeActor.java:1828)
	at ptolemy.actor.Manager.preinitializeAndResolveTypes(Manager.java:1040)
	at ptolemy.actor.Manager.initialize(Manager.java:710)
	at ptolemy.actor.Manager.execute(Manager.java:356)
	at ptolemy.actor.Manager.run(Manager.java:1263)
	at ptolemy.actor.Manager$PtolemyRunThread.run(Manager.java:1933)

    while executing
ptolemy.kernel.util.IllegalActionException: Found a zero delay loop containing .dependencyLoop.original
  in .dependencyLoop and .dependencyLoop.original
    while executing
"java::new ptolemy.moml.MoMLSimpleApplication $file
"
    (procedure "createAndExecute" line 2)
    invoked from within
"createAndExecute $file"
    ("uplevel" body line 5)
    invoked from within
"uplevel $contents_of_test"
------------------ testing $PTII/ptolemy/domains/de/test/auto/knownFailedTests/FSMSource.xml (Known Failure) 
69 ms. Memory: 129024K Free: 113147K (88%)
!!!! Auto was marked as failing, but now passes
------------------ testing $PTII/ptolemy/domains/de/test/auto/knownFailedTests/HierarchicalModel.xml (Known Failure) 
6 ms. Memory: 129024K Free: 95725K (74%)


==== $PTIIhome/travis/build/icyphy/ptII/ptolemy/domains/de/test/../../../../: Auto Automatic test in file $PTII/ptolemy/domains/de/test/auto/knownFailedTests/HierarchicalModel.xml
==== Contents of test case:

	    # FIXME: we should use $relativeFilename here, but it
	    # might have backslashes under Windows, which causes no end
	    # of trouble.
	    createAndExecute $file
	    list {}
	
.... Test generated KNOWN error:
    while executing
ptolemy.kernel.util.IllegalActionException: Found a zero delay loop containing .HierarchicalModel.A
  in .HierarchicalModel and .HierarchicalModel.A
	at ptolemy.actor.util.CausalityInterfaceForComposites._computeOutputPortDepth(CausalityInterfaceForComposites.java:759)
	at ptolemy.actor.util.CausalityInterfaceForComposites._computeInputDepth(CausalityInterfaceForComposites.java:696)
	at ptolemy.actor.util.CausalityInterfaceForComposites._computeOutputPortDepth(CausalityInterfaceForComposites.java:765)
	at ptolemy.actor.util.CausalityInterfaceForComposites._computeInputDepth(CausalityInterfaceForComposites.java:696)
	at ptolemy.actor.util.CausalityInterfaceForComposites._computeOutputPortDepth(CausalityInterfaceForComposites.java:765)
	at ptolemy.actor.util.CausalityInterfaceForComposites._computeInputDepth(CausalityInterfaceForComposites.java:696)
	at ptolemy.actor.util.CausalityInterfaceForComposites._computeActorDepth(CausalityInterfaceForComposites.java:532)
	at ptolemy.actor.util.CausalityInterfaceForComposites.checkForCycles(CausalityInterfaceForComposites.java:96)
	at ptolemy.domains.de.kernel.DEDirector.preinitialize(DEDirector.java:1338)
	at ptolemy.actor.CompositeActor.preinitialize(CompositeActor.java:1828)
	at ptolemy.actor.Manager.preinitializeAndResolveTypes(Manager.java:1040)
	at ptolemy.actor.Manager.initialize(Manager.java:710)
	at ptolemy.actor.Manager.execute(Manager.java:356)
	at ptolemy.actor.Manager.run(Manager.java:1263)
	at ptolemy.actor.Manager$PtolemyRunThread.run(Manager.java:1933)

    while executing
ptolemy.kernel.util.IllegalActionException: Found a zero delay loop containing .HierarchicalModel.A
  in .HierarchicalModel and .HierarchicalModel.A
    while executing
"java::new ptolemy.moml.MoMLSimpleApplication $file
"
    (procedure "createAndExecute" line 2)
    invoked from within
"createAndExecute $file"
    ("uplevel" body line 5)
    invoked from within
"uplevel $contents_of_test"
------------------ testing $PTII/ptolemy/domains/de/test/auto/knownFailedTests/dependencyLoop2.xml (Known Failure) 
4 ms. Memory: 129024K Free: 79933K (62%)


==== $PTIIhome/travis/build/icyphy/ptII/ptolemy/domains/de/test/../../../../: Auto Automatic test in file $PTII/ptolemy/domains/de/test/auto/knownFailedTests/dependencyLoop2.xml
==== Contents of test case:

	    # FIXME: we should use $relativeFilename here, but it
	    # might have backslashes under Windows, which causes no end
	    # of trouble.
	    createAndExecute $file
	    list {}
	
.... Test generated KNOWN error:
    while executing
ptolemy.kernel.util.IllegalActionException: Found a zero delay loop containing .dependencyLoop2.original
  in .dependencyLoop2 and .dependencyLoop2.original
	at ptolemy.actor.util.CausalityInterfaceForComposites._computeOutputPortDepth(CausalityInterfaceForComposites.java:759)
	at ptolemy.actor.util.CausalityInterfaceForComposites._computeInputDepth(CausalityInterfaceForComposites.java:696)
	at ptolemy.actor.util.CausalityInterfaceForComposites._computeOutputPortDepth(CausalityInterfaceForComposites.java:765)
	at ptolemy.actor.util.CausalityInterfaceForComposites._computeInputDepth(CausalityInterfaceForComposites.java:696)
	at ptolemy.actor.util.CausalityInterfaceForComposites._computeOutputPortDepth(CausalityInterfaceForComposites.java:765)
	at ptolemy.actor.util.CausalityInterfaceForComposites._computeInputDepth(CausalityInterfaceForComposites.java:696)
	at ptolemy.actor.util.CausalityInterfaceForComposites._computeActorDepth(CausalityInterfaceForComposites.java:532)
	at ptolemy.actor.util.CausalityInterfaceForComposites.checkForCycles(CausalityInterfaceForComposites.java:96)
	at ptolemy.domains.de.kernel.DEDirector.preinitialize(DEDirector.java:1338)
	at ptolemy.actor.CompositeActor.preinitialize(CompositeActor.java:1828)
	at ptolemy.actor.Manager.preinitializeAndResolveTypes(Manager.java:1040)
	at ptolemy.actor.Manager.initialize(Manager.java:710)
	at ptolemy.actor.Manager.execute(Manager.java:356)
	at ptolemy.actor.Manager.run(Manager.java:1263)
	at ptolemy.actor.Manager$PtolemyRunThread.run(Manager.java:1933)

    while executing
ptolemy.kernel.util.IllegalActionException: Found a zero delay loop containing .dependencyLoop2.original
  in .dependencyLoop2 and .dependencyLoop2.original
    while executing
"java::new ptolemy.moml.MoMLSimpleApplication $file
"
    (procedure "createAndExecute" line 2)
    invoked from within
"createAndExecute $file"
    ("uplevel" body line 5)
    invoked from within
"uplevel $contents_of_test"
------------------ testing $PTII/ptolemy/domains/de/test/auto/knownFailedTests/DESDFClockTest.xml (Known Failure) 
2065 ms. Memory: 129024K Free: 108244K (84%)


==== $PTIIhome/travis/build/icyphy/ptII/ptolemy/domains/de/test/../../../../: Auto Automatic test in file $PTII/ptolemy/domains/de/test/auto/knownFailedTests/DESDFClockTest.xml
==== Contents of test case:

	    # FIXME: we should use $relativeFilename here, but it
	    # might have backslashes under Windows, which causes no end
	    # of trouble.
	    createAndExecute $file
	    list {}
	
.... Test generated KNOWN error:
    while executing
ptolemy.kernel.util.IllegalActionException: Actor is not ready to fire.  Perhaps UpSample.prefire() returned false? Try debugging the actor by selecting "Listen to Actor".  Also, for SDF check moml for tokenConsumptionRate on input.
  in .DESDFClockTest.Play Bell.Copy1:SDF Director and .DESDFClockTest.Play Bell.UpSample
	at ptolemy.actor.sched.StaticSchedulingDirector.fire(StaticSchedulingDirector.java:227)
	at ptolemy.domains.sdf.kernel.SDFDirector.fire(SDFDirector.java:500)
	at ptolemy.actor.CompositeActor.fire(CompositeActor.java:455)
	at ptolemy.domains.de.kernel.DEDirector._fire(DEDirector.java:1949)
	at ptolemy.domains.de.kernel.DEDirector.fire(DEDirector.java:502)
	at ptolemy.actor.CompositeActor.fire(CompositeActor.java:455)
	at ptolemy.actor.Manager.iterate(Manager.java:851)
	at ptolemy.actor.Manager.execute(Manager.java:369)
	at ptolemy.actor.Manager.run(Manager.java:1263)
	at ptolemy.actor.Manager$PtolemyRunThread.run(Manager.java:1933)

    while executing
ptolemy.kernel.util.IllegalActionException: Actor is not ready to fire.  Perhaps UpSample.prefire() returned false? Try debugging the actor by selecting "Listen to Actor".  Also, for SDF check moml for tokenConsumptionRate on input.
  in .DESDFClockTest.Play Bell.Copy1:SDF Director and .DESDFClockTest.Play Bell.UpSample
    while executing
"java::new ptolemy.moml.MoMLSimpleApplication $file
"
    (procedure "createAndExecute" line 2)
    invoked from within
"createAndExecute $file"
    ("uplevel" body line 5)
    invoked from within
"uplevel $contents_of_test"
------------------ testing $PTII/ptolemy/domains/de/test/auto/ActorDepthCalculation_actorWithoutPorts.xml
auto.tcl: Setting watchdog for 200 seconds at Wed Dec 25 06:31:03 UTC 2019
9 ms. Memory: 129024K Free: 101076K (78%)
ptolemy.util.test.WatchDog.cancel(): canceling Wed Dec 25 06:31:03 UTC 2019
auto.tcl: Setting watchdog for 200 seconds at Wed Dec 25 06:31:03 UTC 2019
3 ms. Memory: 129024K Free: 99532K (77%)
ptolemy.util.test.WatchDog.cancel(): canceling Wed Dec 25 06:31:03 UTC 2019
------------------ testing $PTII/ptolemy/domains/de/test/auto/AssemblyLine.xml
auto.tcl: Setting watchdog for 200 seconds at Wed Dec 25 06:31:04 UTC 2019
9 ms. Memory: 48128K Free: 26011K (54%)
ptolemy.util.test.WatchDog.cancel(): canceling Wed Dec 25 06:31:04 UTC 2019
auto.tcl: Setting watchdog for 200 seconds at Wed Dec 25 06:31:04 UTC 2019
9 ms. Memory: 48128K Free: 25328K (53%)
ptolemy.util.test.WatchDog.cancel(): canceling Wed Dec 25 06:31:04 UTC 2019
------------------ testing $PTII/ptolemy/domains/de/test/auto/CQBug1.xml
auto.tcl: Setting watchdog for 200 seconds at Wed Dec 25 06:31:04 UTC 2019
2 ms. Memory: 48128K Free: 31342K (65%)
ptolemy.util.test.WatchDog.cancel(): canceling Wed Dec 25 06:31:04 UTC 2019
auto.tcl: Setting watchdog for 200 seconds at Wed Dec 25 06:31:04 UTC 2019
2 ms. Memory: 48128K Free: 30890K (64%)
ptolemy.util.test.WatchDog.cancel(): canceling Wed Dec 25 06:31:04 UTC 2019
------------------ testing $PTII/ptolemy/domains/de/test/auto/CancelFireAt.xml
auto.tcl: Setting watchdog for 200 seconds at Wed Dec 25 06:31:04 UTC 2019
2 ms. Memory: 48128K Free: 32529K (68%)
ptolemy.util.test.WatchDog.cancel(): canceling Wed Dec 25 06:31:04 UTC 2019
auto.tcl: Setting watchdog for 200 seconds at Wed Dec 25 06:31:04 UTC 2019
2 ms. Memory: 48128K Free: 32092K (67%)
ptolemy.util.test.WatchDog.cancel(): canceling Wed Dec 25 06:31:04 UTC 2019
------------------ testing $PTII/ptolemy/domains/de/test/auto/CausalityAndComposabilityAnalysis.xml
auto.tcl: Setting watchdog for 200 seconds at Wed Dec 25 06:31:04 UTC 2019
5 ms. Memory: 48128K Free: 30464K (63%)
ptolemy.util.test.WatchDog.cancel(): canceling Wed Dec 25 06:31:04 UTC 2019
auto.tcl: Setting watchdog for 200 seconds at Wed Dec 25 06:31:04 UTC 2019
5 ms. Memory: 48128K Free: 30020K (62%)
ptolemy.util.test.WatchDog.cancel(): canceling Wed Dec 25 06:31:04 UTC 2019
------------------ testing $PTII/ptolemy/domains/de/test/auto/CausalityInterface1.xml
auto.tcl: Setting watchdog for 200 seconds at Wed Dec 25 06:31:04 UTC 2019
29 ms. Memory: 45056K Free: 26354K (58%)
ptolemy.util.test.WatchDog.cancel(): canceling Wed Dec 25 06:31:04 UTC 2019
auto.tcl: Setting watchdog for 200 seconds at Wed Dec 25 06:31:04 UTC 2019
4 ms. Memory: 45056K Free: 24999K (55%)
ptolemy.util.test.WatchDog.cancel(): canceling Wed Dec 25 06:31:04 UTC 2019
------------------ testing $PTII/ptolemy/domains/de/test/auto/CausalityInterface15.xml
auto.tcl: Setting watchdog for 200 seconds at Wed Dec 25 06:31:04 UTC 2019
12 ms. Memory: 45056K Free: 26545K (59%)
ptolemy.util.test.WatchDog.cancel(): canceling Wed Dec 25 06:31:04 UTC 2019
auto.tcl: Setting watchdog for 200 seconds at Wed Dec 25 06:31:04 UTC 2019
3 ms. Memory: 45056K Free: 25361K (56%)
ptolemy.util.test.WatchDog.cancel(): canceling Wed Dec 25 06:31:04 UTC 2019
------------------ testing $PTII/ptolemy/domains/de/test/auto/CausalityInterface2.xml
auto.tcl: Setting watchdog for 200 seconds at Wed Dec 25 06:31:04 UTC 2019
5 ms. Memory: 45056K Free: 26828K (60%)
ptolemy.util.test.WatchDog.cancel(): canceling Wed Dec 25 06:31:04 UTC 2019
auto.tcl: Setting watchdog for 200 seconds at Wed Dec 25 06:31:04 UTC 2019
3 ms. Memory: 45056K Free: 26286K (58%)
ptolemy.util.test.WatchDog.cancel(): canceling Wed Dec 25 06:31:04 UTC 2019
------------------ testing $PTII/ptolemy/domains/de/test/auto/CausalityInterface3.xml
auto.tcl: Setting watchdog for 200 seconds at Wed Dec 25 06:31:04 UTC 2019
4 ms. Memory: 45056K Free: 26466K (59%)
ptolemy.util.test.WatchDog.cancel(): canceling Wed Dec 25 06:31:04 UTC 2019
auto.tcl: Setting watchdog for 200 seconds at Wed Dec 25 06:31:04 UTC 2019
3 ms. Memory: 45056K Free: 25687K (57%)
ptolemy.util.test.WatchDog.cancel(): canceling Wed Dec 25 06:31:04 UTC 2019
------------------ testing $PTII/ptolemy/domains/de/test/auto/ClockDrift.xml
auto.tcl: Setting watchdog for 200 seconds at Wed Dec 25 06:31:04 UTC 2019
88 ms. Memory: 45056K Free: 18641K (41%)
ptolemy.util.test.WatchDog.cancel(): canceling Wed Dec 25 06:31:04 UTC 2019
auto.tcl: Setting watchdog for 200 seconds at Wed Dec 25 06:31:04 UTC 2019
54 ms. Memory: 45056K Free: 15666K (35%)
ptolemy.util.test.WatchDog.cancel(): canceling Wed Dec 25 06:31:05 UTC 2019
------------------ testing $PTII/ptolemy/domains/de/test/auto/ClockDriftAndValueChange.xml
auto.tcl: Setting watchdog for 200 seconds at Wed Dec 25 06:31:05 UTC 2019
41 ms. Memory: 45056K Free: 19348K (43%)
ptolemy.util.test.WatchDog.cancel(): canceling Wed Dec 25 06:31:05 UTC 2019
auto.tcl: Setting watchdog for 200 seconds at Wed Dec 25 06:31:05 UTC 2019
21 ms. Memory: 45056K Free: 16276K (36%)
ptolemy.util.test.WatchDog.cancel(): canceling Wed Dec 25 06:31:05 UTC 2019
------------------ testing $PTII/ptolemy/domains/de/test/auto/ClockDriftChange.xml
auto.tcl: Setting watchdog for 200 seconds at Wed Dec 25 06:31:05 UTC 2019
21 ms. Memory: 45056K Free: 21186K (47%)
ptolemy.util.test.WatchDog.cancel(): canceling Wed Dec 25 06:31:05 UTC 2019
auto.tcl: Setting watchdog for 200 seconds at Wed Dec 25 06:31:05 UTC 2019
21 ms. Memory: 45056K Free: 18669K (41%)
ptolemy.util.test.WatchDog.cancel(): canceling Wed Dec 25 06:31:05 UTC 2019
------------------ testing $PTII/ptolemy/domains/de/test/auto/ComposableCausalityAnalysis.xml
auto.tcl: Setting watchdog for 200 seconds at Wed Dec 25 06:31:05 UTC 2019
2 ms. Memory: 45056K Free: 25795K (57%)
ptolemy.util.test.WatchDog.cancel(): canceling Wed Dec 25 06:31:05 UTC 2019
auto.tcl: Setting watchdog for 200 seconds at Wed Dec 25 06:31:05 UTC 2019
4 ms. Memory: 45056K Free: 24780K (55%)
ptolemy.util.test.WatchDog.cancel(): canceling Wed Dec 25 06:31:05 UTC 2019
------------------ testing $PTII/ptolemy/domains/de/test/auto/DEFixedPointLimitation.xml
auto.tcl: Setting watchdog for 200 seconds at Wed Dec 25 06:31:05 UTC 2019
2 ms. Memory: 45056K Free: 27153K (60%)
ptolemy.util.test.WatchDog.cancel(): canceling Wed Dec 25 06:31:05 UTC 2019
auto.tcl: Setting watchdog for 200 seconds at Wed Dec 25 06:31:05 UTC 2019
1 ms. Memory: 45056K Free: 26257K (58%)
ptolemy.util.test.WatchDog.cancel(): canceling Wed Dec 25 06:31:05 UTC 2019
------------------ testing $PTII/ptolemy/domains/de/test/auto/DEScheduleTest.xml
auto.tcl: Setting watchdog for 200 seconds at Wed Dec 25 06:31:05 UTC 2019
5 ms. Memory: 45056K Free: 27459K (61%)
ptolemy.util.test.WatchDog.cancel(): canceling Wed Dec 25 06:31:05 UTC 2019
auto.tcl: Setting watchdog for 200 seconds at Wed Dec 25 06:31:05 UTC 2019
2 ms. Memory: 45056K Free: 26666K (59%)
ptolemy.util.test.WatchDog.cancel(): canceling Wed Dec 25 06:31:05 UTC 2019
------------------ testing $PTII/ptolemy/domains/de/test/auto/DEinDEwithStartTimes.xml
auto.tcl: Setting watchdog for 200 seconds at Wed Dec 25 06:31:05 UTC 2019
3 ms. Memory: 45056K Free: 25620K (57%)
ptolemy.util.test.WatchDog.cancel(): canceling Wed Dec 25 06:31:05 UTC 2019
auto.tcl: Setting watchdog for 200 seconds at Wed Dec 25 06:31:05 UTC 2019
3 ms. Memory: 45056K Free: 24569K (55%)
ptolemy.util.test.WatchDog.cancel(): canceling Wed Dec 25 06:31:05 UTC 2019
------------------ testing $PTII/ptolemy/domains/de/test/auto/DEinDEwithStartTimes2.xml
auto.tcl: Setting watchdog for 200 seconds at Wed Dec 25 06:31:05 UTC 2019
5 ms. Memory: 45056K Free: 24909K (55%)
ptolemy.util.test.WatchDog.cancel(): canceling Wed Dec 25 06:31:05 UTC 2019
auto.tcl: Setting watchdog for 200 seconds at Wed Dec 25 06:31:05 UTC 2019
4 ms. Memory: 45056K Free: 23524K (52%)
ptolemy.util.test.WatchDog.cancel(): canceling Wed Dec 25 06:31:05 UTC 2019
------------------ testing $PTII/ptolemy/domains/de/test/auto/DateDemo.xml
auto.tcl: Setting watchdog for 200 seconds at Wed Dec 25 06:31:05 UTC 2019
13 ms. Memory: 45056K Free: 19751K (44%)
ptolemy.util.test.WatchDog.cancel(): canceling Wed Dec 25 06:31:05 UTC 2019
auto.tcl: Setting watchdog for 200 seconds at Wed Dec 25 06:31:05 UTC 2019
5 ms. Memory: 45056K Free: 18015K (40%)
ptolemy.util.test.WatchDog.cancel(): canceling Wed Dec 25 06:31:05 UTC 2019
------------------ testing $PTII/ptolemy/domains/de/test/auto/DateToEvent.xml
auto.tcl: Setting watchdog for 200 seconds at Wed Dec 25 06:31:05 UTC 2019
2013 ms. Memory: 45056K Free: 15089K (33%)
ptolemy.util.test.WatchDog.cancel(): canceling Wed Dec 25 06:31:07 UTC 2019
auto.tcl: Setting watchdog for 200 seconds at Wed Dec 25 06:31:07 UTC 2019
2005 ms. Memory: 45056K Free: 14384K (32%)
ptolemy.util.test.WatchDog.cancel(): canceling Wed Dec 25 06:31:09 UTC 2019
------------------ testing $PTII/ptolemy/domains/de/test/auto/DepthTest1.xml
auto.tcl: Setting watchdog for 200 seconds at Wed Dec 25 06:31:09 UTC 2019
2 ms. Memory: 45056K Free: 28236K (63%)
ptolemy.util.test.WatchDog.cancel(): canceling Wed Dec 25 06:31:09 UTC 2019
auto.tcl: Setting watchdog for 200 seconds at Wed Dec 25 06:31:09 UTC 2019
2 ms. Memory: 45056K Free: 27874K (62%)
ptolemy.util.test.WatchDog.cancel(): canceling Wed Dec 25 06:31:09 UTC 2019
------------------ testing $PTII/ptolemy/domains/de/test/auto/DepthTest2.xml
auto.tcl: Setting watchdog for 200 seconds at Wed Dec 25 06:31:09 UTC 2019
7 ms. Memory: 45056K Free: 25118K (56%)
ptolemy.util.test.WatchDog.cancel(): canceling Wed Dec 25 06:31:10 UTC 2019
auto.tcl: Setting watchdog for 200 seconds at Wed Dec 25 06:31:10 UTC 2019
3 ms. Memory: 45056K Free: 24564K (55%)
ptolemy.util.test.WatchDog.cancel(): canceling Wed Dec 25 06:31:10 UTC 2019
------------------ testing $PTII/ptolemy/domains/de/test/auto/DepthTest3.xml
auto.tcl: Setting watchdog for 200 seconds at Wed Dec 25 06:31:10 UTC 2019
2 ms. Memory: 45056K Free: 28684K (64%)
ptolemy.util.test.WatchDog.cancel(): canceling Wed Dec 25 06:31:10 UTC 2019
auto.tcl: Setting watchdog for 200 seconds at Wed Dec 25 06:31:10 UTC 2019
2 ms. Memory: 45056K Free: 28187K (63%)
ptolemy.util.test.WatchDog.cancel(): canceling Wed Dec 25 06:31:10 UTC 2019
------------------ testing $PTII/ptolemy/domains/de/test/auto/DepthTest4.xml
auto.tcl: Setting watchdog for 200 seconds at Wed Dec 25 06:31:10 UTC 2019
3 ms. Memory: 45056K Free: 26930K (60%)
ptolemy.util.test.WatchDog.cancel(): canceling Wed Dec 25 06:31:10 UTC 2019
auto.tcl: Setting watchdog for 200 seconds at Wed Dec 25 06:31:10 UTC 2019
3 ms. Memory: 45056K Free: 26236K (58%)
ptolemy.util.test.WatchDog.cancel(): canceling Wed Dec 25 06:31:10 UTC 2019
------------------ testing $PTII/ptolemy/domains/de/test/auto/DepthTest5.xml
auto.tcl: Setting watchdog for 200 seconds at Wed Dec 25 06:31:10 UTC 2019
4 ms. Memory: 45056K Free: 26334K (58%)
ptolemy.util.test.WatchDog.cancel(): canceling Wed Dec 25 06:31:10 UTC 2019
auto.tcl: Setting watchdog for 200 seconds at Wed Dec 25 06:31:10 UTC 2019
2 ms. Memory: 45056K Free: 25607K (57%)
ptolemy.util.test.WatchDog.cancel(): canceling Wed Dec 25 06:31:10 UTC 2019
------------------ testing $PTII/ptolemy/domains/de/test/auto/DepthTest6.xml
auto.tcl: Setting watchdog for 200 seconds at Wed Dec 25 06:31:10 UTC 2019
6 ms. Memory: 45056K Free: 26051K (58%)
ptolemy.util.test.WatchDog.cancel(): canceling Wed Dec 25 06:31:10 UTC 2019
auto.tcl: Setting watchdog for 200 seconds at Wed Dec 25 06:31:10 UTC 2019
3 ms. Memory: 45056K Free: 25505K (57%)
ptolemy.util.test.WatchDog.cancel(): canceling Wed Dec 25 06:31:10 UTC 2019
------------------ testing $PTII/ptolemy/domains/de/test/auto/DepthTest7.xml
auto.tcl: Setting watchdog for 200 seconds at Wed Dec 25 06:31:10 UTC 2019
3 ms. Memory: 45056K Free: 26526K (59%)
ptolemy.util.test.WatchDog.cancel(): canceling Wed Dec 25 06:31:10 UTC 2019
auto.tcl: Setting watchdog for 200 seconds at Wed Dec 25 06:31:10 UTC 2019
3 ms. Memory: 45056K Free: 26147K (58%)
ptolemy.util.test.WatchDog.cancel(): canceling Wed Dec 25 06:31:10 UTC 2019
------------------ testing $PTII/ptolemy/domains/de/test/auto/EventToDate.xml
auto.tcl: Setting watchdog for 200 seconds at Wed Dec 25 06:31:10 UTC 2019
3007 ms. Memory: 45056K Free: 17638K (39%)
ptolemy.util.test.WatchDog.cancel(): canceling Wed Dec 25 06:31:13 UTC 2019
auto.tcl: Setting watchdog for 200 seconds at Wed Dec 25 06:31:13 UTC 2019
3005 ms. Memory: 45056K Free: 16966K (38%)
ptolemy.util.test.WatchDog.cancel(): canceling Wed Dec 25 06:31:16 UTC 2019
------------------ testing $PTII/ptolemy/domains/de/test/auto/FSM1.xml
auto.tcl: Setting watchdog for 200 seconds at Wed Dec 25 06:31:16 UTC 2019
31 ms. Memory: 45056K Free: 18864K (42%)
ptolemy.util.test.WatchDog.cancel(): canceling Wed Dec 25 06:31:16 UTC 2019
auto.tcl: Setting watchdog for 200 seconds at Wed Dec 25 06:31:16 UTC 2019
14 ms. Memory: 45056K Free: 15613K (35%)
ptolemy.util.test.WatchDog.cancel(): canceling Wed Dec 25 06:31:16 UTC 2019
------------------ testing $PTII/ptolemy/domains/de/test/auto/FSM7.xml
auto.tcl: Setting watchdog for 200 seconds at Wed Dec 25 06:31:16 UTC 2019
24 ms. Memory: 45056K Free: 19016K (42%)
ptolemy.util.test.WatchDog.cancel(): canceling Wed Dec 25 06:31:16 UTC 2019
auto.tcl: Setting watchdog for 200 seconds at Wed Dec 25 06:31:16 UTC 2019
20 ms. Memory: 45056K Free: 15488K (34%)
ptolemy.util.test.WatchDog.cancel(): canceling Wed Dec 25 06:31:16 UTC 2019
------------------ testing $PTII/ptolemy/domains/de/test/auto/Inspection.xml
auto.tcl: Setting watchdog for 200 seconds at Wed Dec 25 06:31:16 UTC 2019
25 ms. Memory: 45056K Free: 18396K (41%)
ptolemy.util.test.WatchDog.cancel(): canceling Wed Dec 25 06:31:16 UTC 2019
auto.tcl: Setting watchdog for 200 seconds at Wed Dec 25 06:31:16 UTC 2019
20 ms. Memory: 45056K Free: 16861K (37%)
ptolemy.util.test.WatchDog.cancel(): canceling Wed Dec 25 06:31:16 UTC 2019
------------------ testing $PTII/ptolemy/domains/de/test/auto/Iteration.xml
auto.tcl: Setting watchdog for 200 seconds at Wed Dec 25 06:31:16 UTC 2019
9 ms. Memory: 45056K Free: 24402K (54%)
ptolemy.util.test.WatchDog.cancel(): canceling Wed Dec 25 06:31:16 UTC 2019
auto.tcl: Setting watchdog for 200 seconds at Wed Dec 25 06:31:16 UTC 2019
8 ms. Memory: 45056K Free: 23269K (52%)
ptolemy.util.test.WatchDog.cancel(): canceling Wed Dec 25 06:31:16 UTC 2019
------------------ testing $PTII/ptolemy/domains/de/test/auto/LineFault.xml
auto.tcl: Setting watchdog for 200 seconds at Wed Dec 25 06:31:16 UTC 2019
743 ms. Memory: 54272K Free: 38158K (70%)
ptolemy.util.test.WatchDog.cancel(): canceling Wed Dec 25 06:31:17 UTC 2019
auto.tcl: Setting watchdog for 200 seconds at Wed Dec 25 06:31:17 UTC 2019
618 ms. Memory: 54272K Free: 27315K (50%)
ptolemy.util.test.WatchDog.cancel(): canceling Wed Dec 25 06:31:18 UTC 2019
------------------ testing $PTII/ptolemy/domains/de/test/auto/MergeModel1Add.xml
auto.tcl: Setting watchdog for 200 seconds at Wed Dec 25 06:31:18 UTC 2019
27 ms. Memory: 54272K Free: 19013K (35%)
ptolemy.util.test.WatchDog.cancel(): canceling Wed Dec 25 06:31:18 UTC 2019
auto.tcl: Setting watchdog for 200 seconds at Wed Dec 25 06:31:18 UTC 2019
15 ms. Memory: 54272K Free: 17704K (33%)
ptolemy.util.test.WatchDog.cancel(): canceling Wed Dec 25 06:31:18 UTC 2019
------------------ testing $PTII/ptolemy/domains/de/test/auto/MergeModel2Add.xml
auto.tcl: Setting watchdog for 200 seconds at Wed Dec 25 06:31:18 UTC 2019
13 ms. Memory: 51200K Free: 18998K (37%)
ptolemy.util.test.WatchDog.cancel(): canceling Wed Dec 25 06:31:18 UTC 2019
auto.tcl: Setting watchdog for 200 seconds at Wed Dec 25 06:31:18 UTC 2019
10 ms. Memory: 51200K Free: 17554K (34%)
ptolemy.util.test.WatchDog.cancel(): canceling Wed Dec 25 06:31:18 UTC 2019
------------------ testing $PTII/ptolemy/domains/de/test/auto/MergeModel3Add.xml
auto.tcl: Setting watchdog for 200 seconds at Wed Dec 25 06:31:18 UTC 2019
8 ms. Memory: 51200K Free: 18769K (37%)
ptolemy.util.test.WatchDog.cancel(): canceling Wed Dec 25 06:31:18 UTC 2019
auto.tcl: Setting watchdog for 200 seconds at Wed Dec 25 06:31:18 UTC 2019
7 ms. Memory: 51200K Free: 17133K (33%)
ptolemy.util.test.WatchDog.cancel(): canceling Wed Dec 25 06:31:18 UTC 2019
------------------ testing $PTII/ptolemy/domains/de/test/auto/MergeWithoutDiscard.xml
auto.tcl: Setting watchdog for 200 seconds at Wed Dec 25 06:31:18 UTC 2019
1 ms. Memory: 51200K Free: 32838K (64%)
ptolemy.util.test.WatchDog.cancel(): canceling Wed Dec 25 06:31:19 UTC 2019
auto.tcl: Setting watchdog for 200 seconds at Wed Dec 25 06:31:19 UTC 2019
1 ms. Memory: 51200K Free: 32405K (63%)
ptolemy.util.test.WatchDog.cancel(): canceling Wed Dec 25 06:31:19 UTC 2019
------------------ testing $PTII/ptolemy/domains/de/test/auto/Modal1.xml
auto.tcl: Setting watchdog for 200 seconds at Wed Dec 25 06:31:19 UTC 2019
17 ms. Memory: 48128K Free: 22159K (46%)
ptolemy.util.test.WatchDog.cancel(): canceling Wed Dec 25 06:31:19 UTC 2019
auto.tcl: Setting watchdog for 200 seconds at Wed Dec 25 06:31:19 UTC 2019
19 ms. Memory: 48128K Free: 18892K (39%)
ptolemy.util.test.WatchDog.cancel(): canceling Wed Dec 25 06:31:19 UTC 2019
------------------ testing $PTII/ptolemy/domains/de/test/auto/Modal2.xml
auto.tcl: Setting watchdog for 200 seconds at Wed Dec 25 06:31:19 UTC 2019
12 ms. Memory: 48128K Free: 21765K (45%)
ptolemy.util.test.WatchDog.cancel(): canceling Wed Dec 25 06:31:19 UTC 2019
auto.tcl: Setting watchdog for 200 seconds at Wed Dec 25 06:31:19 UTC 2019
11 ms. Memory: 48128K Free: 18421K (38%)
ptolemy.util.test.WatchDog.cancel(): canceling Wed Dec 25 06:31:19 UTC 2019
------------------ testing $PTII/ptolemy/domains/de/test/auto/Modal3.xml
auto.tcl: Setting watchdog for 200 seconds at Wed Dec 25 06:31:19 UTC 2019
13 ms. Memory: 48128K Free: 21764K (45%)
ptolemy.util.test.WatchDog.cancel(): canceling Wed Dec 25 06:31:19 UTC 2019
auto.tcl: Setting watchdog for 200 seconds at Wed Dec 25 06:31:19 UTC 2019
16 ms. Memory: 48128K Free: 18824K (39%)
ptolemy.util.test.WatchDog.cancel(): canceling Wed Dec 25 06:31:19 UTC 2019
------------------ testing $PTII/ptolemy/domains/de/test/auto/Modal4.xml
auto.tcl: Setting watchdog for 200 seconds at Wed Dec 25 06:31:19 UTC 2019
23 ms. Memory: 48128K Free: 20978K (44%)
ptolemy.util.test.WatchDog.cancel(): canceling Wed Dec 25 06:31:19 UTC 2019
auto.tcl: Setting watchdog for 200 seconds at Wed Dec 25 06:31:19 UTC 2019
25 ms. Memory: 48128K Free: 17139K (36%)
ptolemy.util.test.WatchDog.cancel(): canceling Wed Dec 25 06:31:19 UTC 2019
------------------ testing $PTII/ptolemy/domains/de/test/auto/Modal5.xml
auto.tcl: Setting watchdog for 200 seconds at Wed Dec 25 06:31:19 UTC 2019
12 ms. Memory: 48128K Free: 20981K (44%)
ptolemy.util.test.WatchDog.cancel(): canceling Wed Dec 25 06:31:19 UTC 2019
auto.tcl: Setting watchdog for 200 seconds at Wed Dec 25 06:31:19 UTC 2019
14 ms. Memory: 48128K Free: 17126K (36%)
ptolemy.util.test.WatchDog.cancel(): canceling Wed Dec 25 06:31:19 UTC 2019
------------------ testing $PTII/ptolemy/domains/de/test/auto/Modal6.xml
auto.tcl: Setting watchdog for 200 seconds at Wed Dec 25 06:31:19 UTC 2019
18 ms. Memory: 48128K Free: 21745K (45%)
ptolemy.util.test.WatchDog.cancel(): canceling Wed Dec 25 06:31:19 UTC 2019
auto.tcl: Setting watchdog for 200 seconds at Wed Dec 25 06:31:19 UTC 2019
18 ms. Memory: 48128K Free: 17800K (37%)
ptolemy.util.test.WatchDog.cancel(): canceling Wed Dec 25 06:31:19 UTC 2019
------------------ testing $PTII/ptolemy/domains/de/test/auto/Modal7.xml
auto.tcl: Setting watchdog for 200 seconds at Wed Dec 25 06:31:19 UTC 2019
13 ms. Memory: 48128K Free: 20738K (43%)
ptolemy.util.test.WatchDog.cancel(): canceling Wed Dec 25 06:31:19 UTC 2019
auto.tcl: Setting watchdog for 200 seconds at Wed Dec 25 06:31:19 UTC 2019
10 ms. Memory: 48128K Free: 17467K (36%)
ptolemy.util.test.WatchDog.cancel(): canceling Wed Dec 25 06:31:19 UTC 2019
------------------ testing $PTII/ptolemy/domains/de/test/auto/ModalModel.xml
auto.tcl: Setting watchdog for 200 seconds at Wed Dec 25 06:31:19 UTC 2019
217 ms. Memory: 58368K Free: 18933K (32%)
ptolemy.util.test.WatchDog.cancel(): canceling Wed Dec 25 06:31:20 UTC 2019
auto.tcl: Setting watchdog for 200 seconds at Wed Dec 25 06:31:20 UTC 2019
201 ms. Memory: 58368K Free: 43410K (74%)
ptolemy.util.test.WatchDog.cancel(): canceling Wed Dec 25 06:31:20 UTC 2019
------------------ testing $PTII/ptolemy/domains/de/test/auto/ModalSource.xml
auto.tcl: Setting watchdog for 200 seconds at Wed Dec 25 06:31:20 UTC 2019
6 ms. Memory: 51200K Free: 28870K (56%)
ptolemy.util.test.WatchDog.cancel(): canceling Wed Dec 25 06:31:20 UTC 2019
auto.tcl: Setting watchdog for 200 seconds at Wed Dec 25 06:31:20 UTC 2019
6 ms. Memory: 51200K Free: 26822K (52%)
ptolemy.util.test.WatchDog.cancel(): canceling Wed Dec 25 06:31:20 UTC 2019
------------------ testing $PTII/ptolemy/domains/de/test/auto/NonInterruptibleTimerZeroDelay.xml
auto.tcl: Setting watchdog for 200 seconds at Wed Dec 25 06:31:20 UTC 2019
3 ms. Memory: 48128K Free: 31027K (64%)
ptolemy.util.test.WatchDog.cancel(): canceling Wed Dec 25 06:31:20 UTC 2019
auto.tcl: Setting watchdog for 200 seconds at Wed Dec 25 06:31:20 UTC 2019
3 ms. Memory: 48128K Free: 30118K (63%)
ptolemy.util.test.WatchDog.cancel(): canceling Wed Dec 25 06:31:20 UTC 2019
------------------ testing $PTII/ptolemy/domains/de/test/auto/OpenQueueingNetwork.xml
auto.tcl: Setting watchdog for 200 seconds at Wed Dec 25 06:31:20 UTC 2019
3174 ms. Memory: 110592K Free: 66164K (60%)
ptolemy.util.test.WatchDog.cancel(): canceling Wed Dec 25 06:31:23 UTC 2019
auto.tcl: Setting watchdog for 200 seconds at Wed Dec 25 06:31:23 UTC 2019
2405 ms. Memory: 133120K Free: 91790K (69%)
ptolemy.util.test.WatchDog.cancel(): canceling Wed Dec 25 06:31:26 UTC 2019
------------------ testing $PTII/ptolemy/domains/de/test/auto/OpenQueuingNetwork.xml
auto.tcl: Setting watchdog for 200 seconds at Wed Dec 25 06:31:26 UTC 2019
291 ms. Memory: 55296K Free: 23443K (42%)
ptolemy.util.test.WatchDog.cancel(): canceling Wed Dec 25 06:31:26 UTC 2019
auto.tcl: Setting watchdog for 200 seconds at Wed Dec 25 06:31:26 UTC 2019
205 ms. Memory: 55296K Free: 31327K (57%)
ptolemy.util.test.WatchDog.cancel(): canceling Wed Dec 25 06:31:26 UTC 2019
------------------ testing $PTII/ptolemy/domains/de/test/auto/PeriodicSampler.xml
auto.tcl: Setting watchdog for 200 seconds at Wed Dec 25 06:31:26 UTC 2019
2 ms. Memory: 48128K Free: 29928K (62%)
ptolemy.util.test.WatchDog.cancel(): canceling Wed Dec 25 06:31:26 UTC 2019
auto.tcl: Setting watchdog for 200 seconds at Wed Dec 25 06:31:26 UTC 2019
2 ms. Memory: 48128K Free: 29422K (61%)
ptolemy.util.test.WatchDog.cancel(): canceling Wed Dec 25 06:31:26 UTC 2019
------------------ testing $PTII/ptolemy/domains/de/test/auto/PersistentIO.xml
auto.tcl: Setting watchdog for 200 seconds at Wed Dec 25 06:31:26 UTC 2019
15 ms. Memory: 48128K Free: 24852K (52%)
ptolemy.util.test.WatchDog.cancel(): canceling Wed Dec 25 06:31:26 UTC 2019
auto.tcl: Setting watchdog for 200 seconds at Wed Dec 25 06:31:26 UTC 2019
3 ms. Memory: 48128K Free: 23376K (49%)
ptolemy.util.test.WatchDog.cancel(): canceling Wed Dec 25 06:31:26 UTC 2019
------------------ testing $PTII/ptolemy/domains/de/test/auto/PortParameterResetOnInitialize.xml
auto.tcl: Setting watchdog for 200 seconds at Wed Dec 25 06:31:26 UTC 2019
3 ms. Memory: 48128K Free: 29837K (62%)
ptolemy.util.test.WatchDog.cancel(): canceling Wed Dec 25 06:31:26 UTC 2019
auto.tcl: Setting watchdog for 200 seconds at Wed Dec 25 06:31:26 UTC 2019
2 ms. Memory: 48128K Free: 29341K (61%)
ptolemy.util.test.WatchDog.cancel(): canceling Wed Dec 25 06:31:26 UTC 2019
------------------ testing $PTII/ptolemy/domains/de/test/auto/PortParameterUpdates.xml
auto.tcl: Setting watchdog for 200 seconds at Wed Dec 25 06:31:26 UTC 2019
5 ms. Memory: 48128K Free: 27929K (58%)
ptolemy.util.test.WatchDog.cancel(): canceling Wed Dec 25 06:31:27 UTC 2019
auto.tcl: Setting watchdog for 200 seconds at Wed Dec 25 06:31:27 UTC 2019
5 ms. Memory: 48128K Free: 26460K (55%)
ptolemy.util.test.WatchDog.cancel(): canceling Wed Dec 25 06:31:27 UTC 2019
------------------ testing $PTII/ptolemy/domains/de/test/auto/QueueAndServer.xml
auto.tcl: Setting watchdog for 200 seconds at Wed Dec 25 06:31:27 UTC 2019
20 ms. Memory: 48128K Free: 27109K (56%)
ptolemy.util.test.WatchDog.cancel(): canceling Wed Dec 25 06:31:27 UTC 2019
auto.tcl: Setting watchdog for 200 seconds at Wed Dec 25 06:31:27 UTC 2019
8 ms. Memory: 48128K Free: 25895K (54%)
ptolemy.util.test.WatchDog.cancel(): canceling Wed Dec 25 06:31:27 UTC 2019
------------------ testing $PTII/ptolemy/domains/de/test/auto/Records.xml
auto.tcl: Setting watchdog for 200 seconds at Wed Dec 25 06:31:27 UTC 2019
6 ms. Memory: 48128K Free: 29100K (60%)
ptolemy.util.test.WatchDog.cancel(): canceling Wed Dec 25 06:31:27 UTC 2019
auto.tcl: Setting watchdog for 200 seconds at Wed Dec 25 06:31:27 UTC 2019
2 ms. Memory: 48128K Free: 28618K (59%)
ptolemy.util.test.WatchDog.cancel(): canceling Wed Dec 25 06:31:27 UTC 2019
------------------ testing $PTII/ptolemy/domains/de/test/auto/ResetTransitionWithStartTime1.xml
auto.tcl: Setting watchdog for 200 seconds at Wed Dec 25 06:31:27 UTC 2019
10 ms. Memory: 48128K Free: 26336K (55%)
ptolemy.util.test.WatchDog.cancel(): canceling Wed Dec 25 06:31:27 UTC 2019
auto.tcl: Setting watchdog for 200 seconds at Wed Dec 25 06:31:27 UTC 2019
9 ms. Memory: 48128K Free: 23806K (49%)
ptolemy.util.test.WatchDog.cancel(): canceling Wed Dec 25 06:31:27 UTC 2019
------------------ testing $PTII/ptolemy/domains/de/test/auto/ResetTransitionWithStartTime2.xml
auto.tcl: Setting watchdog for 200 seconds at Wed Dec 25 06:31:27 UTC 2019
6 ms. Memory: 48128K Free: 26292K (55%)
ptolemy.util.test.WatchDog.cancel(): canceling Wed Dec 25 06:31:27 UTC 2019
auto.tcl: Setting watchdog for 200 seconds at Wed Dec 25 06:31:27 UTC 2019
5 ms. Memory: 48128K Free: 23761K (49%)
ptolemy.util.test.WatchDog.cancel(): canceling Wed Dec 25 06:31:27 UTC 2019
------------------ testing $PTII/ptolemy/domains/de/test/auto/ResetTransitionWithStartTime3.xml
auto.tcl: Setting watchdog for 200 seconds at Wed Dec 25 06:31:27 UTC 2019
11 ms. Memory: 48128K Free: 26290K (55%)
ptolemy.util.test.WatchDog.cancel(): canceling Wed Dec 25 06:31:27 UTC 2019
auto.tcl: Setting watchdog for 200 seconds at Wed Dec 25 06:31:27 UTC 2019
5 ms. Memory: 48128K Free: 23766K (49%)
ptolemy.util.test.WatchDog.cancel(): canceling Wed Dec 25 06:31:27 UTC 2019
------------------ testing $PTII/ptolemy/domains/de/test/auto/ResetTransitionWithStartTime4.xml
auto.tcl: Setting watchdog for 200 seconds at Wed Dec 25 06:31:27 UTC 2019
9 ms. Memory: 48128K Free: 26736K (56%)
ptolemy.util.test.WatchDog.cancel(): canceling Wed Dec 25 06:31:27 UTC 2019
auto.tcl: Setting watchdog for 200 seconds at Wed Dec 25 06:31:27 UTC 2019
3 ms. Memory: 48128K Free: 25340K (53%)
ptolemy.util.test.WatchDog.cancel(): canceling Wed Dec 25 06:31:27 UTC 2019
------------------ testing $PTII/ptolemy/domains/de/test/auto/ResettableTimer1.xml
auto.tcl: Setting watchdog for 200 seconds at Wed Dec 25 06:31:27 UTC 2019
3 ms. Memory: 48128K Free: 30777K (64%)
ptolemy.util.test.WatchDog.cancel(): canceling Wed Dec 25 06:31:27 UTC 2019
auto.tcl: Setting watchdog for 200 seconds at Wed Dec 25 06:31:27 UTC 2019
2 ms. Memory: 48128K Free: 29884K (62%)
ptolemy.util.test.WatchDog.cancel(): canceling Wed Dec 25 06:31:27 UTC 2019
------------------ testing $PTII/ptolemy/domains/de/test/auto/ResettableTimer2.xml
auto.tcl: Setting watchdog for 200 seconds at Wed Dec 25 06:31:27 UTC 2019
7 ms. Memory: 48128K Free: 30807K (64%)
ptolemy.util.test.WatchDog.cancel(): canceling Wed Dec 25 06:31:27 UTC 2019
auto.tcl: Setting watchdog for 200 seconds at Wed Dec 25 06:31:27 UTC 2019
2 ms. Memory: 48128K Free: 29926K (62%)
ptolemy.util.test.WatchDog.cancel(): canceling Wed Dec 25 06:31:27 UTC 2019
------------------ testing $PTII/ptolemy/domains/de/test/auto/ResettableTimer3.xml
auto.tcl: Setting watchdog for 200 seconds at Wed Dec 25 06:31:27 UTC 2019
1 ms. Memory: 48128K Free: 30846K (64%)
ptolemy.util.test.WatchDog.cancel(): canceling Wed Dec 25 06:31:27 UTC 2019
auto.tcl: Setting watchdog for 200 seconds at Wed Dec 25 06:31:27 UTC 2019
1 ms. Memory: 48128K Free: 29954K (62%)
ptolemy.util.test.WatchDog.cancel(): canceling Wed Dec 25 06:31:27 UTC 2019
------------------ testing $PTII/ptolemy/domains/de/test/auto/ResettableTimer4.xml
auto.tcl: Setting watchdog for 200 seconds at Wed Dec 25 06:31:27 UTC 2019
1 ms. Memory: 48128K Free: 30437K (63%)
ptolemy.util.test.WatchDog.cancel(): canceling Wed Dec 25 06:31:27 UTC 2019
auto.tcl: Setting watchdog for 200 seconds at Wed Dec 25 06:31:27 UTC 2019
1 ms. Memory: 48128K Free: 29968K (62%)
ptolemy.util.test.WatchDog.cancel(): canceling Wed Dec 25 06:31:27 UTC 2019
------------------ testing $PTII/ptolemy/domains/de/test/auto/ResettableTimer5.xml
auto.tcl: Setting watchdog for 200 seconds at Wed Dec 25 06:31:27 UTC 2019
1 ms. Memory: 48128K Free: 29891K (62%)
ptolemy.util.test.WatchDog.cancel(): canceling Wed Dec 25 06:31:27 UTC 2019
auto.tcl: Setting watchdog for 200 seconds at Wed Dec 25 06:31:27 UTC 2019
1 ms. Memory: 48128K Free: 29425K (61%)
ptolemy.util.test.WatchDog.cancel(): canceling Wed Dec 25 06:31:27 UTC 2019
------------------ testing $PTII/ptolemy/domains/de/test/auto/ResettableTimer6.xml
auto.tcl: Setting watchdog for 200 seconds at Wed Dec 25 06:31:27 UTC 2019
1 ms. Memory: 48128K Free: 29898K (62%)
ptolemy.util.test.WatchDog.cancel(): canceling Wed Dec 25 06:31:27 UTC 2019
auto.tcl: Setting watchdog for 200 seconds at Wed Dec 25 06:31:27 UTC 2019
1 ms. Memory: 48128K Free: 29431K (61%)
ptolemy.util.test.WatchDog.cancel(): canceling Wed Dec 25 06:31:27 UTC 2019
------------------ testing $PTII/ptolemy/domains/de/test/auto/ServerZeroDelay.xml
auto.tcl: Setting watchdog for 200 seconds at Wed Dec 25 06:31:27 UTC 2019
2 ms. Memory: 48128K Free: 30417K (63%)
ptolemy.util.test.WatchDog.cancel(): canceling Wed Dec 25 06:31:27 UTC 2019
auto.tcl: Setting watchdog for 200 seconds at Wed Dec 25 06:31:27 UTC 2019
2 ms. Memory: 48128K Free: 29482K (61%)
ptolemy.util.test.WatchDog.cancel(): canceling Wed Dec 25 06:31:27 UTC 2019
------------------ testing $PTII/ptolemy/domains/de/test/auto/SmartSender.xml
auto.tcl: Setting watchdog for 200 seconds at Wed Dec 25 06:31:27 UTC 2019
3001 ms. Memory: 48128K Free: 30907K (64%)
ptolemy.util.test.WatchDog.cancel(): canceling Wed Dec 25 06:31:30 UTC 2019
auto.tcl: Setting watchdog for 200 seconds at Wed Dec 25 06:31:30 UTC 2019
3002 ms. Memory: 48128K Free: 29943K (62%)
ptolemy.util.test.WatchDog.cancel(): canceling Wed Dec 25 06:31:33 UTC 2019
------------------ testing $PTII/ptolemy/domains/de/test/auto/ThreadedComposite.xml
auto.tcl: Setting watchdog for 200 seconds at Wed Dec 25 06:31:33 UTC 2019
192 ms. Memory: 48128K Free: 11480K (24%)
ptolemy.util.test.WatchDog.cancel(): canceling Wed Dec 25 06:31:34 UTC 2019
auto.tcl: Setting watchdog for 200 seconds at Wed Dec 25 06:31:34 UTC 2019
195 ms. Memory: 48128K Free: 23613K (49%)
ptolemy.util.test.WatchDog.cancel(): canceling Wed Dec 25 06:31:34 UTC 2019
------------------ testing $PTII/ptolemy/domains/de/test/auto/Time.xml
auto.tcl: Setting watchdog for 200 seconds at Wed Dec 25 06:31:34 UTC 2019
489 ms. Memory: 48128K Free: 31206K (65%)
ptolemy.util.test.WatchDog.cancel(): canceling Wed Dec 25 06:31:34 UTC 2019
auto.tcl: Setting watchdog for 200 seconds at Wed Dec 25 06:31:34 UTC 2019
401 ms. Memory: 48128K Free: 31228K (65%)
ptolemy.util.test.WatchDog.cancel(): canceling Wed Dec 25 06:31:35 UTC 2019
------------------ testing $PTII/ptolemy/domains/de/test/auto/TimeDelayZeroDelay.xml
auto.tcl: Setting watchdog for 200 seconds at Wed Dec 25 06:31:35 UTC 2019
2 ms. Memory: 48128K Free: 30342K (63%)
ptolemy.util.test.WatchDog.cancel(): canceling Wed Dec 25 06:31:35 UTC 2019
auto.tcl: Setting watchdog for 200 seconds at Wed Dec 25 06:31:35 UTC 2019
2 ms. Memory: 48128K Free: 29489K (61%)
ptolemy.util.test.WatchDog.cancel(): canceling Wed Dec 25 06:31:35 UTC 2019
------------------ testing $PTII/ptolemy/domains/de/test/auto/TimerZeroDelay.xml
auto.tcl: Setting watchdog for 200 seconds at Wed Dec 25 06:31:35 UTC 2019
3 ms. Memory: 48128K Free: 30385K (63%)
ptolemy.util.test.WatchDog.cancel(): canceling Wed Dec 25 06:31:35 UTC 2019
auto.tcl: Setting watchdog for 200 seconds at Wed Dec 25 06:31:35 UTC 2019
2 ms. Memory: 48128K Free: 29936K (62%)
ptolemy.util.test.WatchDog.cancel(): canceling Wed Dec 25 06:31:35 UTC 2019
------------------ testing $PTII/ptolemy/domains/de/test/auto/TimingParadox.xml
auto.tcl: Setting watchdog for 200 seconds at Wed Dec 25 06:31:35 UTC 2019
318 ms. Memory: 48128K Free: 13025K (27%)
ptolemy.util.test.WatchDog.cancel(): canceling Wed Dec 25 06:31:35 UTC 2019
auto.tcl: Setting watchdog for 200 seconds at Wed Dec 25 06:31:35 UTC 2019
270 ms. Memory: 58368K Free: 34853K (60%)
ptolemy.util.test.WatchDog.cancel(): canceling Wed Dec 25 06:31:36 UTC 2019
------------------ testing $PTII/ptolemy/domains/de/test/auto/TransferInputs.xml
auto.tcl: Setting watchdog for 200 seconds at Wed Dec 25 06:31:36 UTC 2019
1 ms. Memory: 55296K Free: 36021K (65%)
ptolemy.util.test.WatchDog.cancel(): canceling Wed Dec 25 06:31:36 UTC 2019
auto.tcl: Setting watchdog for 200 seconds at Wed Dec 25 06:31:36 UTC 2019
2 ms. Memory: 55296K Free: 35100K (63%)
ptolemy.util.test.WatchDog.cancel(): canceling Wed Dec 25 06:31:36 UTC 2019
------------------ testing $PTII/ptolemy/domains/de/test/auto/TransferOutputs2.xml
auto.tcl: Setting watchdog for 200 seconds at Wed Dec 25 06:31:36 UTC 2019
9 ms. Memory: 48128K Free: 26296K (55%)
ptolemy.util.test.WatchDog.cancel(): canceling Wed Dec 25 06:31:36 UTC 2019
auto.tcl: Setting watchdog for 200 seconds at Wed Dec 25 06:31:36 UTC 2019
3 ms. Memory: 48128K Free: 24915K (52%)
ptolemy.util.test.WatchDog.cancel(): canceling Wed Dec 25 06:31:36 UTC 2019
------------------ testing $PTII/ptolemy/domains/de/test/auto/Trilateration.xml
auto.tcl: Setting watchdog for 200 seconds at Wed Dec 25 06:31:36 UTC 2019
11979 ms. Memory: 540672K Free: 328484K (61%)
ptolemy.util.test.WatchDog.cancel(): canceling Wed Dec 25 06:31:49 UTC 2019
auto.tcl: Setting watchdog for 200 seconds at Wed Dec 25 06:31:49 UTC 2019
8980 ms. Memory: 540672K Free: 255854K (47%)
ptolemy.util.test.WatchDog.cancel(): canceling Wed Dec 25 06:31:58 UTC 2019
------------------ testing $PTII/ptolemy/domains/de/test/auto/TwoSigmaDelta.xml
auto.tcl: Setting watchdog for 200 seconds at Wed Dec 25 06:31:58 UTC 2019
2482 ms. Memory: 89088K Free: 15759K (18%)
ptolemy.util.test.WatchDog.cancel(): canceling Wed Dec 25 06:32:01 UTC 2019
auto.tcl: Setting watchdog for 200 seconds at Wed Dec 25 06:32:01 UTC 2019
1828 ms. Memory: 89088K Free: 14713K (17%)
ptolemy.util.test.WatchDog.cancel(): canceling Wed Dec 25 06:32:02 UTC 2019
------------------ testing $PTII/ptolemy/domains/de/test/auto/VariableDelay.xml
auto.tcl: Setting watchdog for 200 seconds at Wed Dec 25 06:32:02 UTC 2019
7 ms. Memory: 51200K Free: 32415K (63%)
ptolemy.util.test.WatchDog.cancel(): canceling Wed Dec 25 06:32:02 UTC 2019
auto.tcl: Setting watchdog for 200 seconds at Wed Dec 25 06:32:02 UTC 2019
2 ms. Memory: 51200K Free: 31399K (61%)
ptolemy.util.test.WatchDog.cancel(): canceling Wed Dec 25 06:32:02 UTC 2019
------------------ testing $PTII/ptolemy/domains/de/test/auto/VariableDelay2.xml
auto.tcl: Setting watchdog for 200 seconds at Wed Dec 25 06:32:02 UTC 2019
3 ms. Memory: 48128K Free: 30269K (63%)
ptolemy.util.test.WatchDog.cancel(): canceling Wed Dec 25 06:32:02 UTC 2019
auto.tcl: Setting watchdog for 200 seconds at Wed Dec 25 06:32:02 UTC 2019
2 ms. Memory: 48128K Free: 29297K (61%)
ptolemy.util.test.WatchDog.cancel(): canceling Wed Dec 25 06:32:02 UTC 2019
------------------ testing $PTII/ptolemy/domains/de/test/auto/VariableDelayZeroDelay.xml
auto.tcl: Setting watchdog for 200 seconds at Wed Dec 25 06:32:03 UTC 2019
2 ms. Memory: 48128K Free: 30268K (63%)
ptolemy.util.test.WatchDog.cancel(): canceling Wed Dec 25 06:32:03 UTC 2019
auto.tcl: Setting watchdog for 200 seconds at Wed Dec 25 06:32:03 UTC 2019
2 ms. Memory: 48128K Free: 29767K (62%)
ptolemy.util.test.WatchDog.cancel(): canceling Wed Dec 25 06:32:03 UTC 2019
------------------ testing $PTII/ptolemy/domains/de/test/auto/VariableDelayZeroDelay2.xml
auto.tcl: Setting watchdog for 200 seconds at Wed Dec 25 06:32:03 UTC 2019
2 ms. Memory: 48128K Free: 30267K (63%)
ptolemy.util.test.WatchDog.cancel(): canceling Wed Dec 25 06:32:03 UTC 2019
auto.tcl: Setting watchdog for 200 seconds at Wed Dec 25 06:32:03 UTC 2019
2 ms. Memory: 48128K Free: 29331K (61%)
ptolemy.util.test.WatchDog.cancel(): canceling Wed Dec 25 06:32:03 UTC 2019
------------------ testing $PTII/ptolemy/domains/de/test/auto/deInCt.xml
auto.tcl: Setting watchdog for 200 seconds at Wed Dec 25 06:32:03 UTC 2019
0
1
1
0
0
0
0
1
1
1
1
1
0
0
0
0
1
1
0
0
0
0
1
1
1
0
0
1
1
0
0
0
1
1
0
0
0
0
0
10 ms. Memory: 48128K Free: 29241K (61%)
ptolemy.util.test.WatchDog.cancel(): canceling Wed Dec 25 06:32:03 UTC 2019
auto.tcl: Setting watchdog for 200 seconds at Wed Dec 25 06:32:03 UTC 2019
0
1
1
1
1
0
0
0
0
1
1
1
0
0
1
1
1
1
1
1
0
0
1
1
1
0
0
1
1
1
0
0
1
1
1
1
0
0
0
0
6 ms. Memory: 48128K Free: 27738K (58%)
ptolemy.util.test.WatchDog.cancel(): canceling Wed Dec 25 06:32:03 UTC 2019
------------------ testing $PTII/ptolemy/domains/de/test/auto/deInCt2.xml
auto.tcl: Setting watchdog for 200 seconds at Wed Dec 25 06:32:03 UTC 2019
0
1
1
1
0
0
1
1
1
0
0
1
1
1
0
0
1
1
1
0
0
1
1
1
0
0
1
1
1
0
0
1
1
1
0
0
1
1
1
0
0
0
10 ms. Memory: 48128K Free: 29241K (61%)
ptolemy.util.test.WatchDog.cancel(): canceling Wed Dec 25 06:32:03 UTC 2019
auto.tcl: Setting watchdog for 200 seconds at Wed Dec 25 06:32:03 UTC 2019
0
1
1
1
0
0
1
1
1
0
0
1
1
1
0
0
1
1
1
0
0
1
1
1
0
0
1
1
1
0
0
1
1
1
0
0
1
1
1
0
0
0
10 ms. Memory: 48128K Free: 27738K (58%)
ptolemy.util.test.WatchDog.cancel(): canceling Wed Dec 25 06:32:03 UTC 2019
------------------ testing $PTII/ptolemy/domains/de/test/auto/dynamicCausalityInterface1.xml
auto.tcl: Setting watchdog for 200 seconds at Wed Dec 25 06:32:03 UTC 2019
2 ms. Memory: 48128K Free: 25140K (52%)
ptolemy.util.test.WatchDog.cancel(): canceling Wed Dec 25 06:32:03 UTC 2019
auto.tcl: Setting watchdog for 200 seconds at Wed Dec 25 06:32:03 UTC 2019
1 ms. Memory: 48128K Free: 24661K (51%)
ptolemy.util.test.WatchDog.cancel(): canceling Wed Dec 25 06:32:03 UTC 2019
------------------ testing $PTII/ptolemy/domains/de/test/auto/fsm_de_test.xml
auto.tcl: Setting watchdog for 200 seconds at Wed Dec 25 06:32:03 UTC 2019
6 ms. Memory: 48128K Free: 25038K (52%)
ptolemy.util.test.WatchDog.cancel(): canceling Wed Dec 25 06:32:03 UTC 2019
auto.tcl: Setting watchdog for 200 seconds at Wed Dec 25 06:32:03 UTC 2019
5 ms. Memory: 48128K Free: 23063K (48%)
ptolemy.util.test.WatchDog.cancel(): canceling Wed Dec 25 06:32:03 UTC 2019
------------------ testing $PTII/ptolemy/domains/de/test/auto/functionDependencyReconstruction.xml
auto.tcl: Setting watchdog for 200 seconds at Wed Dec 25 06:32:03 UTC 2019
2 ms. Memory: 48128K Free: 19059K (40%)
ptolemy.util.test.WatchDog.cancel(): canceling Wed Dec 25 06:32:03 UTC 2019
auto.tcl: Setting watchdog for 200 seconds at Wed Dec 25 06:32:03 UTC 2019
3 ms. Memory: 48128K Free: 17385K (36%)
ptolemy.util.test.WatchDog.cancel(): canceling Wed Dec 25 06:32:03 UTC 2019
------------------ testing $PTII/ptolemy/domains/de/test/auto/multirate.xml
auto.tcl: Setting watchdog for 200 seconds at Wed Dec 25 06:32:03 UTC 2019
3 ms. Memory: 48128K Free: 27699K (58%)
ptolemy.util.test.WatchDog.cancel(): canceling Wed Dec 25 06:32:03 UTC 2019
auto.tcl: Setting watchdog for 200 seconds at Wed Dec 25 06:32:03 UTC 2019
3 ms. Memory: 48128K Free: 26018K (54%)
ptolemy.util.test.WatchDog.cancel(): canceling Wed Dec 25 06:32:03 UTC 2019
------------------ testing $PTII/ptolemy/domains/de/test/auto/multirate2.xml
auto.tcl: Setting watchdog for 200 seconds at Wed Dec 25 06:32:03 UTC 2019
6 ms. Memory: 48128K Free: 27635K (57%)
ptolemy.util.test.WatchDog.cancel(): canceling Wed Dec 25 06:32:03 UTC 2019
auto.tcl: Setting watchdog for 200 seconds at Wed Dec 25 06:32:03 UTC 2019
3 ms. Memory: 48128K Free: 26186K (54%)
ptolemy.util.test.WatchDog.cancel(): canceling Wed Dec 25 06:32:03 UTC 2019
------------------ testing $PTII/ptolemy/domains/de/test/auto/realtime.xml
auto.tcl: Setting watchdog for 200 seconds at Wed Dec 25 06:32:03 UTC 2019
10003 ms. Memory: 48128K Free: 29893K (62%)
ptolemy.util.test.WatchDog.cancel(): canceling Wed Dec 25 06:32:13 UTC 2019
auto.tcl: Setting watchdog for 200 seconds at Wed Dec 25 06:32:13 UTC 2019
10001 ms. Memory: 48128K Free: 29185K (61%)
ptolemy.util.test.WatchDog.cancel(): canceling Wed Dec 25 06:32:23 UTC 2019
------------------ testing $PTII/ptolemy/domains/de/test/auto/relationGroup.xml
auto.tcl: Setting watchdog for 200 seconds at Wed Dec 25 06:32:23 UTC 2019
2 ms. Memory: 48128K Free: 30943K (64%)
ptolemy.util.test.WatchDog.cancel(): canceling Wed Dec 25 06:32:23 UTC 2019
auto.tcl: Setting watchdog for 200 seconds at Wed Dec 25 06:32:23 UTC 2019
2 ms. Memory: 48128K Free: 30236K (63%)
ptolemy.util.test.WatchDog.cancel(): canceling Wed Dec 25 06:32:23 UTC 2019
------------------ testing $PTII/ptolemy/domains/de/test/auto/relationGroup2.xml
auto.tcl: Setting watchdog for 200 seconds at Wed Dec 25 06:32:23 UTC 2019
1 ms. Memory: 48128K Free: 31016K (64%)
ptolemy.util.test.WatchDog.cancel(): canceling Wed Dec 25 06:32:23 UTC 2019
auto.tcl: Setting watchdog for 200 seconds at Wed Dec 25 06:32:23 UTC 2019
2 ms. Memory: 48128K Free: 30293K (63%)
ptolemy.util.test.WatchDog.cancel(): canceling Wed Dec 25 06:32:23 UTC 2019
------------------ testing $PTII/ptolemy/domains/de/test/auto/sortWithOpaquePorts.xml
auto.tcl: Setting watchdog for 200 seconds at Wed Dec 25 06:32:23 UTC 2019
2 ms. Memory: 48128K Free: 29770K (62%)
ptolemy.util.test.WatchDog.cancel(): canceling Wed Dec 25 06:32:23 UTC 2019
auto.tcl: Setting watchdog for 200 seconds at Wed Dec 25 06:32:23 UTC 2019
1 ms. Memory: 48128K Free: 28784K (60%)
ptolemy.util.test.WatchDog.cancel(): canceling Wed Dec 25 06:32:23 UTC 2019
------------------ testing $PTII/ptolemy/domains/de/test/auto/transferInputsandOutputs.xml
auto.tcl: Setting watchdog for 200 seconds at Wed Dec 25 06:32:23 UTC 2019
3 ms. Memory: 48128K Free: 27210K (57%)
ptolemy.util.test.WatchDog.cancel(): canceling Wed Dec 25 06:32:23 UTC 2019
auto.tcl: Setting watchdog for 200 seconds at Wed Dec 25 06:32:23 UTC 2019
3 ms. Memory: 48128K Free: 26227K (54%)
ptolemy.util.test.WatchDog.cancel(): canceling Wed Dec 25 06:32:23 UTC 2019
------------------ testing $PTII/ptolemy/domains/de/test/auto/triggerType.xml
auto.tcl: Setting watchdog for 200 seconds at Wed Dec 25 06:32:23 UTC 2019
1 ms. Memory: 48128K Free: 30234K (63%)
ptolemy.util.test.WatchDog.cancel(): canceling Wed Dec 25 06:32:23 UTC 2019
auto.tcl: Setting watchdog for 200 seconds at Wed Dec 25 06:32:23 UTC 2019
1 ms. Memory: 48128K Free: 29244K (61%)
ptolemy.util.test.WatchDog.cancel(): canceling Wed Dec 25 06:32:23 UTC 2019
12/25/19 06:32:23
Failed: 0  Total Tests: 192  ((Passed: 187, Newly Passed: 1)  Known Failed: 5) /home/travis/build/icyphy/ptII/ptolemy/domains/de/test
12/25/19 06:32:23
Failed: 0  Total Tests: 192  ((Passed: 187, Newly Passed: 1)  Known Failed: 5) /home/travis/build/icyphy/ptII/ptolemy/domains/de/test
----------------- testing (KnownFailure) /home/travis/build/icyphy/ptII/ptolemy/domains/de/test/auto/knownFailedTests/DESDFClockTest.xml
2013 ms. Memory: 48128K Free: 23630K (49%)
Known Failure: java.lang.reflect.InvocationTargetException
----------------- testing (KnownFailure) /home/travis/build/icyphy/ptII/ptolemy/domains/de/test/auto/knownFailedTests/DirectFeedback.xml
2 ms. Memory: 48128K Free: 20048K (42%)
Known Failure: java.lang.reflect.InvocationTargetException
----------------- testing (KnownFailure) /home/travis/build/icyphy/ptII/ptolemy/domains/de/test/auto/knownFailedTests/FSMSource.xml
7 ms. Memory: 48128K Free: 12880K (27%)
----------------- testing (KnownFailure) /home/travis/build/icyphy/ptII/ptolemy/domains/de/test/auto/knownFailedTests/HierarchicalModel.xml
3 ms. Memory: 48128K Free: 24156K (50%)
Known Failure: java.lang.reflect.InvocationTargetException
----------------- testing (KnownFailure) /home/travis/build/icyphy/ptII/ptolemy/domains/de/test/auto/knownFailedTests/dependencyLoop.xml
3 ms. Memory: 48128K Free: 9078K (19%)
Known Failure: java.lang.reflect.InvocationTargetException
----------------- testing (KnownFailure) /home/travis/build/icyphy/ptII/ptolemy/domains/de/test/auto/knownFailedTests/dependencyLoop2.xml
3 ms. Memory: 48128K Free: 20816K (43%)
Known Failure: java.lang.reflect.InvocationTargetException
No auto/linux-amd64/*.xml tests in /home/travis/build/icyphy/ptII/ptolemy/domains/de/test
AutoTests.java: About to close Vertx.
AutoTests.java: Vertx closed.

===========================================================================================
----------------- testing Wed Dec 25 06:32:26 UTC 2019 /home/travis/build/icyphy/ptII/ptolemy/domains/de/test/auto/ActorDepthCalculation_actorWithoutPorts.xml
----------------- Instantiating /home/travis/build/icyphy/ptII/ptolemy/domains/de/test/auto/ActorDepthCalculation_actorWithoutPorts.xml
2 ms. Memory: 48128K Free: 14236K (30%)
----------------- Invoking toplevel() on ptolemy.moml.MoMLSimpleApplication@2691fbba
----------------- Done invoking toplevel() on ptolemy.moml.MoMLSimpleApplication@2691fbba
reloadAllAccessors: .ActorDepthCalculation_actorWithoutPorts

===========================================================================================
----------------- testing Wed Dec 25 06:32:26 UTC 2019 /home/travis/build/icyphy/ptII/ptolemy/domains/de/test/auto/AssemblyLine.xml
----------------- Instantiating /home/travis/build/icyphy/ptII/ptolemy/domains/de/test/auto/AssemblyLine.xml
12 ms. Memory: 48128K Free: 33827K (70%)
----------------- Invoking toplevel() on ptolemy.moml.MoMLSimpleApplication@1684a7db
----------------- Done invoking toplevel() on ptolemy.moml.MoMLSimpleApplication@1684a7db
reloadAllAccessors: .AssemblyLine

===========================================================================================
----------------- testing Wed Dec 25 06:32:26 UTC 2019 /home/travis/build/icyphy/ptII/ptolemy/domains/de/test/auto/CQBug1.xml
----------------- Instantiating /home/travis/build/icyphy/ptII/ptolemy/domains/de/test/auto/CQBug1.xml
1 ms. Memory: 48128K Free: 30831K (64%)
----------------- Invoking toplevel() on ptolemy.moml.MoMLSimpleApplication@6c8bcb9a
----------------- Done invoking toplevel() on ptolemy.moml.MoMLSimpleApplication@6c8bcb9a
reloadAllAccessors: .CQBug1

===========================================================================================
----------------- testing Wed Dec 25 06:32:26 UTC 2019 /home/travis/build/icyphy/ptII/ptolemy/domains/de/test/auto/CancelFireAt.xml
----------------- Instantiating /home/travis/build/icyphy/ptII/ptolemy/domains/de/test/auto/CancelFireAt.xml
1 ms. Memory: 48128K Free: 28566K (59%)
----------------- Invoking toplevel() on ptolemy.moml.MoMLSimpleApplication@2ec93912
----------------- Done invoking toplevel() on ptolemy.moml.MoMLSimpleApplication@2ec93912
reloadAllAccessors: .CancelFireAt

===========================================================================================
----------------- testing Wed Dec 25 06:32:26 UTC 2019 /home/travis/build/icyphy/ptII/ptolemy/domains/de/test/auto/CausalityAndComposabilityAnalysis.xml
----------------- Instantiating /home/travis/build/icyphy/ptII/ptolemy/domains/de/test/auto/CausalityAndComposabilityAnalysis.xml
10 ms. Memory: 48128K Free: 24486K (51%)
----------------- Invoking toplevel() on ptolemy.moml.MoMLSimpleApplication@414d4e3a
----------------- Done invoking toplevel() on ptolemy.moml.MoMLSimpleApplication@414d4e3a
reloadAllAccessors: .CausalityAndComposabilityAnalysis

===========================================================================================
----------------- testing Wed Dec 25 06:32:26 UTC 2019 /home/travis/build/icyphy/ptII/ptolemy/domains/de/test/auto/CausalityInterface1.xml
----------------- Instantiating /home/travis/build/icyphy/ptII/ptolemy/domains/de/test/auto/CausalityInterface1.xml
5 ms. Memory: 48128K Free: 19589K (41%)
----------------- Invoking toplevel() on ptolemy.moml.MoMLSimpleApplication@3f5fb711
----------------- Done invoking toplevel() on ptolemy.moml.MoMLSimpleApplication@3f5fb711
reloadAllAccessors: .CausalityInterface1

===========================================================================================
----------------- testing Wed Dec 25 06:32:26 UTC 2019 /home/travis/build/icyphy/ptII/ptolemy/domains/de/test/auto/CausalityInterface15.xml
----------------- Instantiating /home/travis/build/icyphy/ptII/ptolemy/domains/de/test/auto/CausalityInterface15.xml
2 ms. Memory: 48128K Free: 14238K (30%)
----------------- Invoking toplevel() on ptolemy.moml.MoMLSimpleApplication@6d0326d9
----------------- Done invoking toplevel() on ptolemy.moml.MoMLSimpleApplication@6d0326d9
reloadAllAccessors: .CausalityInterface15

===========================================================================================
----------------- testing Wed Dec 25 06:32:26 UTC 2019 /home/travis/build/icyphy/ptII/ptolemy/domains/de/test/auto/CausalityInterface2.xml
----------------- Instantiating /home/travis/build/icyphy/ptII/ptolemy/domains/de/test/auto/CausalityInterface2.xml
1 ms. Memory: 48128K Free: 9800K (20%)
[...]
	at ptolemy.actor.Manager.run(Manager.java:1263)
	at ptolemy.actor.Manager$PtolemyRunThread.run(Manager.java:1933)
java.lang.RuntimeException: Execution failed
	at ptolemy.moml.MoMLSimpleApplication$UnloadThread.run(MoMLSimpleApplication.java:402)
Caused by: ptolemy.kernel.util.IllegalActionException: Actor is not ready to fire.  Perhaps UpSample.prefire() returned false? Try debugging the actor by selecting "Listen to Actor".  Also, for SDF check moml for tokenConsumptionRate on input.
  in .DESDFClockTest.Play Bell.Copy1:SDF Director and .DESDFClockTest.Play Bell.UpSample
	at ptolemy.actor.sched.StaticSchedulingDirector.fire(StaticSchedulingDirector.java:227)
	at ptolemy.domains.sdf.kernel.SDFDirector.fire(SDFDirector.java:500)
	at ptolemy.actor.CompositeActor.fire(CompositeActor.java:455)
	at ptolemy.domains.de.kernel.DEDirector._fire(DEDirector.java:1949)
	at ptolemy.domains.de.kernel.DEDirector.fire(DEDirector.java:502)
	at ptolemy.actor.CompositeActor.fire(CompositeActor.java:455)
	at ptolemy.actor.Manager.iterate(Manager.java:851)
	at ptolemy.actor.Manager.execute(Manager.java:369)
	at ptolemy.actor.Manager.run(Manager.java:1263)
	at ptolemy.actor.Manager$PtolemyRunThread.run(Manager.java:1933)
java.lang.reflect.InvocationTargetException
	at java.base/jdk.internal.reflect.NativeConstructorAccessorImpl.newInstance0(Native Method)
	at java.base/jdk.internal.reflect.NativeConstructorAccessorImpl.newInstance(NativeConstructorAccessorImpl.java:62)
	at java.base/jdk.internal.reflect.DelegatingConstructorAccessorImpl.newInstance(DelegatingConstructorAccessorImpl.java:45)
	at java.base/java.lang.reflect.Constructor.newInstance(Constructor.java:490)
	at ptolemy.util.test.junit.AutoKnownFailedTests.RunModel(AutoKnownFailedTests.java:105)
	at java.base/jdk.internal.reflect.NativeMethodAccessorImpl.invoke0(Native Method)
	at java.base/jdk.internal.reflect.NativeMethodAccessorImpl.invoke(NativeMethodAccessorImpl.java:62)
	at java.base/jdk.internal.reflect.DelegatingMethodAccessorImpl.invoke(DelegatingMethodAccessorImpl.java:43)
	at java.base/java.lang.reflect.Method.invoke(Method.java:566)
	at org.junit.runners.model.FrameworkMethod$1.runReflectiveCall(FrameworkMethod.java:44)
	at org.junit.internal.runners.model.ReflectiveCallable.run(ReflectiveCallable.java:15)
	at org.junit.runners.model.FrameworkMethod.invokeExplosively(FrameworkMethod.java:41)
	at junitparams.internal.InvokeParameterisedMethod.evaluate(InvokeParameterisedMethod.java:102)
	at org.junit.internal.runners.statements.FailOnTimeout$1.run(FailOnTimeout.java:28)
Caused by: ptolemy.kernel.util.IllegalActionException: Actor is not ready to fire.  Perhaps UpSample.prefire() returned false? Try debugging the actor by selecting "Listen to Actor".  Also, for SDF check moml for tokenConsumptionRate on input.
  in .DESDFClockTest.Play Bell.Copy1:SDF Director and .DESDFClockTest.Play Bell.UpSample
	at ptolemy.actor.sched.StaticSchedulingDirector.fire(StaticSchedulingDirector.java:227)
	at ptolemy.domains.sdf.kernel.SDFDirector.fire(SDFDirector.java:500)
	at ptolemy.actor.CompositeActor.fire(CompositeActor.java:455)
	at ptolemy.domains.de.kernel.DEDirector._fire(DEDirector.java:1949)
	at ptolemy.domains.de.kernel.DEDirector.fire(DEDirector.java:502)
	at ptolemy.actor.CompositeActor.fire(CompositeActor.java:455)
	at ptolemy.actor.Manager.iterate(Manager.java:851)
	at ptolemy.actor.Manager.execute(Manager.java:369)
	at ptolemy.actor.Manager.run(Manager.java:1263)
	at ptolemy.actor.Manager$PtolemyRunThread.run(Manager.java:1933)
java.lang.RuntimeException: Execution failed
	at ptolemy.moml.MoMLSimpleApplication$UnloadThread.run(MoMLSimpleApplication.java:402)
Caused by: ptolemy.kernel.util.IllegalActionException: Test fails in iteration 1.
Value was: 1.0. Should have been: 2.0
  in .DirectFeedback.Test
	at ptolemy.actor.lib.Test.fire(Test.java:268)
	at ptolemy.domains.de.kernel.DEDirector._fire(DEDirector.java:1949)
	at ptolemy.domains.de.kernel.DEDirector.fire(DEDirector.java:502)
	at ptolemy.actor.CompositeActor.fire(CompositeActor.java:455)
	at ptolemy.actor.Manager.iterate(Manager.java:851)
	at ptolemy.actor.Manager.execute(Manager.java:369)
	at ptolemy.actor.Manager.run(Manager.java:1263)
	at ptolemy.actor.Manager$PtolemyRunThread.run(Manager.java:1933)
java.lang.reflect.InvocationTargetException
	at java.base/jdk.internal.reflect.NativeConstructorAccessorImpl.newInstance0(Native Method)
	at java.base/jdk.internal.reflect.NativeConstructorAccessorImpl.newInstance(NativeConstructorAccessorImpl.java:62)
	at java.base/jdk.internal.reflect.DelegatingConstructorAccessorImpl.newInstance(DelegatingConstructorAccessorImpl.java:45)
	at java.base/java.lang.reflect.Constructor.newInstance(Constructor.java:490)
	at ptolemy.util.test.junit.AutoKnownFailedTests.RunModel(AutoKnownFailedTests.java:105)
	at java.base/jdk.internal.reflect.NativeMethodAccessorImpl.invoke0(Native Method)
	at java.base/jdk.internal.reflect.NativeMethodAccessorImpl.invoke(NativeMethodAccessorImpl.java:62)
	at java.base/jdk.internal.reflect.DelegatingMethodAccessorImpl.invoke(DelegatingMethodAccessorImpl.java:43)
	at java.base/java.lang.reflect.Method.invoke(Method.java:566)
	at org.junit.runners.model.FrameworkMethod$1.runReflectiveCall(FrameworkMethod.java:44)
	at org.junit.internal.runners.model.ReflectiveCallable.run(ReflectiveCallable.java:15)
	at org.junit.runners.model.FrameworkMethod.invokeExplosively(FrameworkMethod.java:41)
	at junitparams.internal.InvokeParameterisedMethod.evaluate(InvokeParameterisedMethod.java:102)
	at org.junit.internal.runners.statements.FailOnTimeout$1.run(FailOnTimeout.java:28)
Caused by: ptolemy.kernel.util.IllegalActionException: Test fails in iteration 1.
Value was: 1.0. Should have been: 2.0
  in .DirectFeedback.Test
	at ptolemy.actor.lib.Test.fire(Test.java:268)
	at ptolemy.domains.de.kernel.DEDirector._fire(DEDirector.java:1949)
	at ptolemy.domains.de.kernel.DEDirector.fire(DEDirector.java:502)
	at ptolemy.actor.CompositeActor.fire(CompositeActor.java:455)
	at ptolemy.actor.Manager.iterate(Manager.java:851)
	at ptolemy.actor.Manager.execute(Manager.java:369)
	at ptolemy.actor.Manager.run(Manager.java:1263)
	at ptolemy.actor.Manager$PtolemyRunThread.run(Manager.java:1933)
java.lang.RuntimeException: Execution failed
	at ptolemy.moml.MoMLSimpleApplication$UnloadThread.run(MoMLSimpleApplication.java:402)
Caused by: ptolemy.kernel.util.IllegalActionException: Found a zero delay loop containing .HierarchicalModel.A
  in .HierarchicalModel and .HierarchicalModel.A
	at ptolemy.actor.util.CausalityInterfaceForComposites._computeOutputPortDepth(CausalityInterfaceForComposites.java:759)
	at ptolemy.actor.util.CausalityInterfaceForComposites._computeInputDepth(CausalityInterfaceForComposites.java:696)
	at ptolemy.actor.util.CausalityInterfaceForComposites._computeOutputPortDepth(CausalityInterfaceForComposites.java:765)
	at ptolemy.actor.util.CausalityInterfaceForComposites._computeInputDepth(CausalityInterfaceForComposites.java:696)
	at ptolemy.actor.util.CausalityInterfaceForComposites._computeOutputPortDepth(CausalityInterfaceForComposites.java:765)
	at ptolemy.actor.util.CausalityInterfaceForComposites._computeInputDepth(CausalityInterfaceForComposites.java:696)
	at ptolemy.actor.util.CausalityInterfaceForComposites._computeActorDepth(CausalityInterfaceForComposites.java:532)
	at ptolemy.actor.util.CausalityInterfaceForComposites.checkForCycles(CausalityInterfaceForComposites.java:96)
	at ptolemy.domains.de.kernel.DEDirector.preinitialize(DEDirector.java:1338)
	at ptolemy.actor.CompositeActor.preinitialize(CompositeActor.java:1828)
	at ptolemy.actor.Manager.preinitializeAndResolveTypes(Manager.java:1040)
	at ptolemy.actor.Manager.initialize(Manager.java:710)
	at ptolemy.actor.Manager.execute(Manager.java:356)
	at ptolemy.actor.Manager.run(Manager.java:1263)
	at ptolemy.actor.Manager$PtolemyRunThread.run(Manager.java:1933)
java.lang.reflect.InvocationTargetException
	at java.base/jdk.internal.reflect.NativeConstructorAccessorImpl.newInstance0(Native Method)
	at java.base/jdk.internal.reflect.NativeConstructorAccessorImpl.newInstance(NativeConstructorAccessorImpl.java:62)
	at java.base/jdk.internal.reflect.DelegatingConstructorAccessorImpl.newInstance(DelegatingConstructorAccessorImpl.java:45)
	at java.base/java.lang.reflect.Constructor.newInstance(Constructor.java:490)
	at ptolemy.util.test.junit.AutoKnownFailedTests.RunModel(AutoKnownFailedTests.java:105)
	at java.base/jdk.internal.reflect.NativeMethodAccessorImpl.invoke0(Native Method)
	at java.base/jdk.internal.reflect.NativeMethodAccessorImpl.invoke(NativeMethodAccessorImpl.java:62)
	at java.base/jdk.internal.reflect.DelegatingMethodAccessorImpl.invoke(DelegatingMethodAccessorImpl.java:43)
	at java.base/java.lang.reflect.Method.invoke(Method.java:566)
	at org.junit.runners.model.FrameworkMethod$1.runReflectiveCall(FrameworkMethod.java:44)
	at org.junit.internal.runners.model.ReflectiveCallable.run(ReflectiveCallable.java:15)
	at org.junit.runners.model.FrameworkMethod.invokeExplosively(FrameworkMethod.java:41)
	at junitparams.internal.InvokeParameterisedMethod.evaluate(InvokeParameterisedMethod.java:102)
	at org.junit.internal.runners.statements.FailOnTimeout$1.run(FailOnTimeout.java:28)
Caused by: ptolemy.kernel.util.IllegalActionException: Found a zero delay loop containing .HierarchicalModel.A
  in .HierarchicalModel and .HierarchicalModel.A
	at ptolemy.actor.util.CausalityInterfaceForComposites._computeOutputPortDepth(CausalityInterfaceForComposites.java:759)
	at ptolemy.actor.util.CausalityInterfaceForComposites._computeInputDepth(CausalityInterfaceForComposites.java:696)
	at ptolemy.actor.util.CausalityInterfaceForComposites._computeOutputPortDepth(CausalityInterfaceForComposites.java:765)
	at ptolemy.actor.util.CausalityInterfaceForComposites._computeInputDepth(CausalityInterfaceForComposites.java:696)
	at ptolemy.actor.util.CausalityInterfaceForComposites._computeOutputPortDepth(CausalityInterfaceForComposites.java:765)
	at ptolemy.actor.util.CausalityInterfaceForComposites._computeInputDepth(CausalityInterfaceForComposites.java:696)
	at ptolemy.actor.util.CausalityInterfaceForComposites._computeActorDepth(CausalityInterfaceForComposites.java:532)
	at ptolemy.actor.util.CausalityInterfaceForComposites.checkForCycles(CausalityInterfaceForComposites.java:96)
	at ptolemy.domains.de.kernel.DEDirector.preinitialize(DEDirector.java:1338)
	at ptolemy.actor.CompositeActor.preinitialize(CompositeActor.java:1828)
	at ptolemy.actor.Manager.preinitializeAndResolveTypes(Manager.java:1040)
	at ptolemy.actor.Manager.initialize(Manager.java:710)
	at ptolemy.actor.Manager.execute(Manager.java:356)
	at ptolemy.actor.Manager.run(Manager.java:1263)
	at ptolemy.actor.Manager$PtolemyRunThread.run(Manager.java:1933)
java.lang.RuntimeException: Execution failed
	at ptolemy.moml.MoMLSimpleApplication$UnloadThread.run(MoMLSimpleApplication.java:402)
Caused by: ptolemy.kernel.util.IllegalActionException: Found a zero delay loop containing .dependencyLoop.original
  in .dependencyLoop and .dependencyLoop.original
	at ptolemy.actor.util.CausalityInterfaceForComposites._computeOutputPortDepth(CausalityInterfaceForComposites.java:759)
	at ptolemy.actor.util.CausalityInterfaceForComposites._computeInputDepth(CausalityInterfaceForComposites.java:696)
	at ptolemy.actor.util.CausalityInterfaceForComposites._computeOutputPortDepth(CausalityInterfaceForComposites.java:765)
	at ptolemy.actor.util.CausalityInterfaceForComposites._computeInputDepth(CausalityInterfaceForComposites.java:696)
	at ptolemy.actor.util.CausalityInterfaceForComposites._computeOutputPortDepth(CausalityInterfaceForComposites.java:765)
	at ptolemy.actor.util.CausalityInterfaceForComposites._computeInputDepth(CausalityInterfaceForComposites.java:696)
	at ptolemy.actor.util.CausalityInterfaceForComposites._computeActorDepth(CausalityInterfaceForComposites.java:532)
	at ptolemy.actor.util.CausalityInterfaceForComposites.checkForCycles(CausalityInterfaceForComposites.java:96)
	at ptolemy.domains.de.kernel.DEDirector.preinitialize(DEDirector.java:1338)
	at ptolemy.actor.CompositeActor.preinitialize(CompositeActor.java:1828)
	at ptolemy.actor.Manager.preinitializeAndResolveTypes(Manager.java:1040)
	at ptolemy.actor.Manager.initialize(Manager.java:710)
	at ptolemy.actor.Manager.execute(Manager.java:356)
	at ptolemy.actor.Manager.run(Manager.java:1263)
	at ptolemy.actor.Manager$PtolemyRunThread.run(Manager.java:1933)
java.lang.reflect.InvocationTargetException
	at java.base/jdk.internal.reflect.NativeConstructorAccessorImpl.newInstance0(Native Method)
	at java.base/jdk.internal.reflect.NativeConstructorAccessorImpl.newInstance(NativeConstructorAccessorImpl.java:62)
	at java.base/jdk.internal.reflect.DelegatingConstructorAccessorImpl.newInstance(DelegatingConstructorAccessorImpl.java:45)
	at java.base/java.lang.reflect.Constructor.newInstance(Constructor.java:490)
	at ptolemy.util.test.junit.AutoKnownFailedTests.RunModel(AutoKnownFailedTests.java:105)
	at java.base/jdk.internal.reflect.NativeMethodAccessorImpl.invoke0(Native Method)
	at java.base/jdk.internal.reflect.NativeMethodAccessorImpl.invoke(NativeMethodAccessorImpl.java:62)
	at java.base/jdk.internal.reflect.DelegatingMethodAccessorImpl.invoke(DelegatingMethodAccessorImpl.java:43)
	at java.base/java.lang.reflect.Method.invoke(Method.java:566)
	at org.junit.runners.model.FrameworkMethod$1.runReflectiveCall(FrameworkMethod.java:44)
	at org.junit.internal.runners.model.ReflectiveCallable.run(ReflectiveCallable.java:15)
	at org.junit.runners.model.FrameworkMethod.invokeExplosively(FrameworkMethod.java:41)
	at junitparams.internal.InvokeParameterisedMethod.evaluate(InvokeParameterisedMethod.java:102)
	at org.junit.internal.runners.statements.FailOnTimeout$1.run(FailOnTimeout.java:28)
Caused by: ptolemy.kernel.util.IllegalActionException: Found a zero delay loop containing .dependencyLoop.original
  in .dependencyLoop and .dependencyLoop.original
	at ptolemy.actor.util.CausalityInterfaceForComposites._computeOutputPortDepth(CausalityInterfaceForComposites.java:759)
	at ptolemy.actor.util.CausalityInterfaceForComposites._computeInputDepth(CausalityInterfaceForComposites.java:696)
	at ptolemy.actor.util.CausalityInterfaceForComposites._computeOutputPortDepth(CausalityInterfaceForComposites.java:765)
	at ptolemy.actor.util.CausalityInterfaceForComposites._computeInputDepth(CausalityInterfaceForComposites.java:696)
	at ptolemy.actor.util.CausalityInterfaceForComposites._computeOutputPortDepth(CausalityInterfaceForComposites.java:765)
	at ptolemy.actor.util.CausalityInterfaceForComposites._computeInputDepth(CausalityInterfaceForComposites.java:696)
	at ptolemy.actor.util.CausalityInterfaceForComposites._computeActorDepth(CausalityInterfaceForComposites.java:532)
	at ptolemy.actor.util.CausalityInterfaceForComposites.checkForCycles(CausalityInterfaceForComposites.java:96)
	at ptolemy.domains.de.kernel.DEDirector.preinitialize(DEDirector.java:1338)
	at ptolemy.actor.CompositeActor.preinitialize(CompositeActor.java:1828)
	at ptolemy.actor.Manager.preinitializeAndResolveTypes(Manager.java:1040)
	at ptolemy.actor.Manager.initialize(Manager.java:710)
	at ptolemy.actor.Manager.execute(Manager.java:356)
	at ptolemy.actor.Manager.run(Manager.java:1263)
	at ptolemy.actor.Manager$PtolemyRunThread.run(Manager.java:1933)
java.lang.RuntimeException: Execution failed
	at ptolemy.moml.MoMLSimpleApplication$UnloadThread.run(MoMLSimpleApplication.java:402)
Caused by: ptolemy.kernel.util.IllegalActionException: Found a zero delay loop containing .dependencyLoop2.original
  in .dependencyLoop2 and .dependencyLoop2.original
	at ptolemy.actor.util.CausalityInterfaceForComposites._computeOutputPortDepth(CausalityInterfaceForComposites.java:759)
	at ptolemy.actor.util.CausalityInterfaceForComposites._computeInputDepth(CausalityInterfaceForComposites.java:696)
	at ptolemy.actor.util.CausalityInterfaceForComposites._computeOutputPortDepth(CausalityInterfaceForComposites.java:765)
	at ptolemy.actor.util.CausalityInterfaceForComposites._computeInputDepth(CausalityInterfaceForComposites.java:696)
	at ptolemy.actor.util.CausalityInterfaceForComposites._computeOutputPortDepth(CausalityInterfaceForComposites.java:765)
	at ptolemy.actor.util.CausalityInterfaceForComposites._computeInputDepth(CausalityInterfaceForComposites.java:696)
	at ptolemy.actor.util.CausalityInterfaceForComposites._computeActorDepth(CausalityInterfaceForComposites.java:532)
	at ptolemy.actor.util.CausalityInterfaceForComposites.checkForCycles(CausalityInterfaceForComposites.java:96)
	at ptolemy.domains.de.kernel.DEDirector.preinitialize(DEDirector.java:1338)
	at ptolemy.actor.CompositeActor.preinitialize(CompositeActor.java:1828)
	at ptolemy.actor.Manager.preinitializeAndResolveTypes(Manager.java:1040)
	at ptolemy.actor.Manager.initialize(Manager.java:710)
	at ptolemy.actor.Manager.execute(Manager.java:356)
	at ptolemy.actor.Manager.run(Manager.java:1263)
	at ptolemy.actor.Manager$PtolemyRunThread.run(Manager.java:1933)
java.lang.reflect.InvocationTargetException
	at java.base/jdk.internal.reflect.NativeConstructorAccessorImpl.newInstance0(Native Method)
	at java.base/jdk.internal.reflect.NativeConstructorAccessorImpl.newInstance(NativeConstructorAccessorImpl.java:62)
	at java.base/jdk.internal.reflect.DelegatingConstructorAccessorImpl.newInstance(DelegatingConstructorAccessorImpl.java:45)
	at java.base/java.lang.reflect.Constructor.newInstance(Constructor.java:490)
	at ptolemy.util.test.junit.AutoKnownFailedTests.RunModel(AutoKnownFailedTests.java:105)
	at java.base/jdk.internal.reflect.NativeMethodAccessorImpl.invoke0(Native Method)
	at java.base/jdk.internal.reflect.NativeMethodAccessorImpl.invoke(NativeMethodAccessorImpl.java:62)
	at java.base/jdk.internal.reflect.DelegatingMethodAccessorImpl.invoke(DelegatingMethodAccessorImpl.java:43)
	at java.base/java.lang.reflect.Method.invoke(Method.java:566)
	at org.junit.runners.model.FrameworkMethod$1.runReflectiveCall(FrameworkMethod.java:44)
	at org.junit.internal.runners.model.ReflectiveCallable.run(ReflectiveCallable.java:15)
	at org.junit.runners.model.FrameworkMethod.invokeExplosively(FrameworkMethod.java:41)
	at junitparams.internal.InvokeParameterisedMethod.evaluate(InvokeParameterisedMethod.java:102)
	at org.junit.internal.runners.statements.FailOnTimeout$1.run(FailOnTimeout.java:28)
Caused by: ptolemy.kernel.util.IllegalActionException: Found a zero delay loop containing .dependencyLoop2.original
  in .dependencyLoop2 and .dependencyLoop2.original
	at ptolemy.actor.util.CausalityInterfaceForComposites._computeOutputPortDepth(CausalityInterfaceForComposites.java:759)
	at ptolemy.actor.util.CausalityInterfaceForComposites._computeInputDepth(CausalityInterfaceForComposites.java:696)
	at ptolemy.actor.util.CausalityInterfaceForComposites._computeOutputPortDepth(CausalityInterfaceForComposites.java:765)
	at ptolemy.actor.util.CausalityInterfaceForComposites._computeInputDepth(CausalityInterfaceForComposites.java:696)
	at ptolemy.actor.util.CausalityInterfaceForComposites._computeOutputPortDepth(CausalityInterfaceForComposites.java:765)
	at ptolemy.actor.util.CausalityInterfaceForComposites._computeInputDepth(CausalityInterfaceForComposites.java:696)
	at ptolemy.actor.util.CausalityInterfaceForComposites._computeActorDepth(CausalityInterfaceForComposites.java:532)
	at ptolemy.actor.util.CausalityInterfaceForComposites.checkForCycles(CausalityInterfaceForComposites.java:96)
	at ptolemy.domains.de.kernel.DEDirector.preinitialize(DEDirector.java:1338)
	at ptolemy.actor.CompositeActor.preinitialize(CompositeActor.java:1828)
	at ptolemy.actor.Manager.preinitializeAndResolveTypes(Manager.java:1040)
	at ptolemy.actor.Manager.initialize(Manager.java:710)
	at ptolemy.actor.Manager.execute(Manager.java:356)
	at ptolemy.actor.Manager.run(Manager.java:1263)
	at ptolemy.actor.Manager$PtolemyRunThread.run(Manager.java:1933)
]]></system-err>
</testsuite>
