<?xml version="1.0" encoding="UTF-8" ?>
<testsuite errors="0" failures="0" hostname="travis-job-4b1c77bd-29ba-4762-91ef-9b07816c01fc" name="ptolemy.actor.lib.hoc.test.junit.JUnitTclTest" skipped="0" tests="58" time="23.818" timestamp="2018-11-14T02:40:39">
  <properties>
[...]
</properties>
  <testcase classname="ptolemy.util.test.junit.TclTests" name="[0] /home/travis/build/icyphy/ptII/ptolemy/actor/lib/hoc/test/IterateOverArray.tcl (RunTclFile)" time="0.27" />
  <testcase classname="ptolemy.util.test.junit.AutoKnownFailedTests" name="[0] /home/travis/build/icyphy/ptII/ptolemy/actor/lib/hoc/test/auto/knownFailedTests/PreinitializeMustBeInvokedRunComposite.xml (RunModel)" time="0.212" />
  <testcase classname="ptolemy.util.test.junit.AutoNameArchTests" name="[0] ThereAreNoAutoArchTests (RunModel)" time="0.001" />
  <testcase classname="ptolemy.util.test.junit.AutoTests" name="[0] /home/travis/build/icyphy/ptII/ptolemy/actor/lib/hoc/test/auto/AllToAllMultiInstanceComposite.xml (RunModel)" time="0.214" />
  <testcase classname="ptolemy.util.test.junit.AutoTests" name="[1] /home/travis/build/icyphy/ptII/ptolemy/actor/lib/hoc/test/auto/ApplyFFTTest.xml (RunModel)" time="0.226" />
  <testcase classname="ptolemy.util.test.junit.AutoTests" name="[2] /home/travis/build/icyphy/ptII/ptolemy/actor/lib/hoc/test/auto/ApplyFunction.xml (RunModel)" time="0.023" />
  <testcase classname="ptolemy.util.test.junit.AutoTests" name="[3] /home/travis/build/icyphy/ptII/ptolemy/actor/lib/hoc/test/auto/BackgroundExecution.xml (RunModel)" time="0.752" />
  <testcase classname="ptolemy.util.test.junit.AutoTests" name="[4] /home/travis/build/icyphy/ptII/ptolemy/actor/lib/hoc/test/auto/Case.xml (RunModel)" time="0.053" />
  <testcase classname="ptolemy.util.test.junit.AutoTests" name="[5] /home/travis/build/icyphy/ptII/ptolemy/actor/lib/hoc/test/auto/Case1.xml (RunModel)" time="0.08" />
  <testcase classname="ptolemy.util.test.junit.AutoTests" name="[6] /home/travis/build/icyphy/ptII/ptolemy/actor/lib/hoc/test/auto/Case2.xml (RunModel)" time="0.14" />
  <testcase classname="ptolemy.util.test.junit.AutoTests" name="[7] /home/travis/build/icyphy/ptII/ptolemy/actor/lib/hoc/test/auto/Case3.xml (RunModel)" time="0.04" />
  <testcase classname="ptolemy.util.test.junit.AutoTests" name="[8] /home/travis/build/icyphy/ptII/ptolemy/actor/lib/hoc/test/auto/Case4.xml (RunModel)" time="0.029" />
  <testcase classname="ptolemy.util.test.junit.AutoTests" name="[9] /home/travis/build/icyphy/ptII/ptolemy/actor/lib/hoc/test/auto/Case5.xml (RunModel)" time="0.087" />
  <testcase classname="ptolemy.util.test.junit.AutoTests" name="[10] /home/travis/build/icyphy/ptII/ptolemy/actor/lib/hoc/test/auto/Case6.xml (RunModel)" time="0.133" />
  <testcase classname="ptolemy.util.test.junit.AutoTests" name="[11] /home/travis/build/icyphy/ptII/ptolemy/actor/lib/hoc/test/auto/CaseString2.xml (RunModel)" time="0.054" />
  <testcase classname="ptolemy.util.test.junit.AutoTests" name="[12] /home/travis/build/icyphy/ptII/ptolemy/actor/lib/hoc/test/auto/CatchUpComposite1.xml (RunModel)" time="0.073" />
  <testcase classname="ptolemy.util.test.junit.AutoTests" name="[13] /home/travis/build/icyphy/ptII/ptolemy/actor/lib/hoc/test/auto/CatchUpComposite2.xml (RunModel)" time="0.044" />
  <testcase classname="ptolemy.util.test.junit.AutoTests" name="[14] /home/travis/build/icyphy/ptII/ptolemy/actor/lib/hoc/test/auto/CatchUpComposite3.xml (RunModel)" time="0.059" />
  <testcase classname="ptolemy.util.test.junit.AutoTests" name="[15] /home/travis/build/icyphy/ptII/ptolemy/actor/lib/hoc/test/auto/CatchUpComposite4.xml (RunModel)" time="0.056" />
  <testcase classname="ptolemy.util.test.junit.AutoTests" name="[16] /home/travis/build/icyphy/ptII/ptolemy/actor/lib/hoc/test/auto/CatchUpComposite5.xml (RunModel)" time="0.043" />
  <testcase classname="ptolemy.util.test.junit.AutoTests" name="[17] /home/travis/build/icyphy/ptII/ptolemy/actor/lib/hoc/test/auto/CatchUpComposite6.xml (RunModel)" time="0.153" />
  <testcase classname="ptolemy.util.test.junit.AutoTests" name="[18] /home/travis/build/icyphy/ptII/ptolemy/actor/lib/hoc/test/auto/CatchUpComposite7.xml (RunModel)" time="0.106" />
  <testcase classname="ptolemy.util.test.junit.AutoTests" name="[19] /home/travis/build/icyphy/ptII/ptolemy/actor/lib/hoc/test/auto/ConcurrentExecutionTimeSDF.xml (RunModel)" time="1.263" />
  <testcase classname="ptolemy.util.test.junit.AutoTests" name="[20] /home/travis/build/icyphy/ptII/ptolemy/actor/lib/hoc/test/auto/ConcurrentSleep.xml (RunModel)" time="0.785" />
  <testcase classname="ptolemy.util.test.junit.AutoTests" name="[21] /home/travis/build/icyphy/ptII/ptolemy/actor/lib/hoc/test/auto/DEInPNInRunCompositeActor.xml (RunModel)" time="0.044" />
  <testcase classname="ptolemy.util.test.junit.AutoTests" name="[22] /home/travis/build/icyphy/ptII/ptolemy/actor/lib/hoc/test/auto/DFTSubSetTest.xml (RunModel)" time="0.268" />
  <testcase classname="ptolemy.util.test.junit.AutoTests" name="[23] /home/travis/build/icyphy/ptII/ptolemy/actor/lib/hoc/test/auto/HocDE.xml (RunModel)" time="0.164" />
  <testcase classname="ptolemy.util.test.junit.AutoTests" name="[24] /home/travis/build/icyphy/ptII/ptolemy/actor/lib/hoc/test/auto/IterateOverArray.xml (RunModel)" time="0.027" />
  <testcase classname="ptolemy.util.test.junit.AutoTests" name="[25] /home/travis/build/icyphy/ptII/ptolemy/actor/lib/hoc/test/auto/IterateOverArray10.xml (RunModel)" time="0.02" />
  <testcase classname="ptolemy.util.test.junit.AutoTests" name="[26] /home/travis/build/icyphy/ptII/ptolemy/actor/lib/hoc/test/auto/IterateOverArray11.xml (RunModel)" time="0.041" />
  <testcase classname="ptolemy.util.test.junit.AutoTests" name="[27] /home/travis/build/icyphy/ptII/ptolemy/actor/lib/hoc/test/auto/IterateOverArray12.xml (RunModel)" time="0.041" />
  <testcase classname="ptolemy.util.test.junit.AutoTests" name="[28] /home/travis/build/icyphy/ptII/ptolemy/actor/lib/hoc/test/auto/IterateOverArray13.xml (RunModel)" time="0.149" />
  <testcase classname="ptolemy.util.test.junit.AutoTests" name="[29] /home/travis/build/icyphy/ptII/ptolemy/actor/lib/hoc/test/auto/IterateOverArray14.xml (RunModel)" time="0.133" />
  <testcase classname="ptolemy.util.test.junit.AutoTests" name="[30] /home/travis/build/icyphy/ptII/ptolemy/actor/lib/hoc/test/auto/IterateOverArray2.xml (RunModel)" time="0.024" />
  <testcase classname="ptolemy.util.test.junit.AutoTests" name="[31] /home/travis/build/icyphy/ptII/ptolemy/actor/lib/hoc/test/auto/IterateOverArray3.xml (RunModel)" time="0.053" />
  <testcase classname="ptolemy.util.test.junit.AutoTests" name="[32] /home/travis/build/icyphy/ptII/ptolemy/actor/lib/hoc/test/auto/IterateOverArray4.xml (RunModel)" time="0.025" />
  <testcase classname="ptolemy.util.test.junit.AutoTests" name="[33] /home/travis/build/icyphy/ptII/ptolemy/actor/lib/hoc/test/auto/IterateOverArray5.xml (RunModel)" time="0.024" />
  <testcase classname="ptolemy.util.test.junit.AutoTests" name="[34] /home/travis/build/icyphy/ptII/ptolemy/actor/lib/hoc/test/auto/IterateOverArray6.xml (RunModel)" time="0.015" />
  <testcase classname="ptolemy.util.test.junit.AutoTests" name="[35] /home/travis/build/icyphy/ptII/ptolemy/actor/lib/hoc/test/auto/IterateOverArray7.xml (RunModel)" time="0.025" />
  <testcase classname="ptolemy.util.test.junit.AutoTests" name="[36] /home/travis/build/icyphy/ptII/ptolemy/actor/lib/hoc/test/auto/IterateOverArray8.xml (RunModel)" time="0.021" />
  <testcase classname="ptolemy.util.test.junit.AutoTests" name="[37] /home/travis/build/icyphy/ptII/ptolemy/actor/lib/hoc/test/auto/IterateOverArray9.xml (RunModel)" time="0.028" />
  <testcase classname="ptolemy.util.test.junit.AutoTests" name="[38] /home/travis/build/icyphy/ptII/ptolemy/actor/lib/hoc/test/auto/IterateOverArrayCoercedOutputType.xml (RunModel)" time="0.035" />
  <testcase classname="ptolemy.util.test.junit.AutoTests" name="[39] /home/travis/build/icyphy/ptII/ptolemy/actor/lib/hoc/test/auto/IterateOverArrayInferredOutputType.xml (RunModel)" time="0.026" />
  <testcase classname="ptolemy.util.test.junit.AutoTests" name="[40] /home/travis/build/icyphy/ptII/ptolemy/actor/lib/hoc/test/auto/MobileFunctionTest.xml (RunModel)" time="0.024" />
  <testcase classname="ptolemy.util.test.junit.AutoTests" name="[41] /home/travis/build/icyphy/ptII/ptolemy/actor/lib/hoc/test/auto/MobileModelTest.xml (RunModel)" time="0.106" />
  <testcase classname="ptolemy.util.test.junit.AutoTests" name="[42] /home/travis/build/icyphy/ptII/ptolemy/actor/lib/hoc/test/auto/ModelReference.xml (RunModel)" time="0.087" />
  <testcase classname="ptolemy.util.test.junit.AutoTests" name="[43] /home/travis/build/icyphy/ptII/ptolemy/actor/lib/hoc/test/auto/ModelReference3.xml (RunModel)" time="0.064" />
  <testcase classname="ptolemy.util.test.junit.AutoTests" name="[44] /home/travis/build/icyphy/ptII/ptolemy/actor/lib/hoc/test/auto/ModelReference4.xml (RunModel)" time="10.031" />
  <testcase classname="ptolemy.util.test.junit.AutoTests" name="[45] /home/travis/build/icyphy/ptII/ptolemy/actor/lib/hoc/test/auto/MultiInstanceComposite.xml (RunModel)" time="0.045" />
  <testcase classname="ptolemy.util.test.junit.AutoTests" name="[46] /home/travis/build/icyphy/ptII/ptolemy/actor/lib/hoc/test/auto/MultiInstanceComposite2.xml (RunModel)" time="0.047" />
  <testcase classname="ptolemy.util.test.junit.AutoTests" name="[47] /home/travis/build/icyphy/ptII/ptolemy/actor/lib/hoc/test/auto/MulticoreExecution.xml (RunModel)" time="1.118" />
  <testcase classname="ptolemy.util.test.junit.AutoTests" name="[48] /home/travis/build/icyphy/ptII/ptolemy/actor/lib/hoc/test/auto/ParallelExecution.xml (RunModel)" time="0.937" />
  <testcase classname="ptolemy.util.test.junit.AutoTests" name="[49] /home/travis/build/icyphy/ptII/ptolemy/actor/lib/hoc/test/auto/RunCompositeActor.xml (RunModel)" time="0.03" />
  <testcase classname="ptolemy.util.test.junit.AutoTests" name="[50] /home/travis/build/icyphy/ptII/ptolemy/actor/lib/hoc/test/auto/RunCompositeActor2.xml (RunModel)" time="0.044" />
  <testcase classname="ptolemy.util.test.junit.AutoTests" name="[51] /home/travis/build/icyphy/ptII/ptolemy/actor/lib/hoc/test/auto/RunCompositeActor3.xml (RunModel)" time="0.021" />
  <testcase classname="ptolemy.util.test.junit.AutoTests" name="[52] /home/travis/build/icyphy/ptII/ptolemy/actor/lib/hoc/test/auto/RunCompositeActor4.xml (RunModel)" time="0.028" />
  <testcase classname="ptolemy.util.test.junit.AutoTests" name="[53] /home/travis/build/icyphy/ptII/ptolemy/actor/lib/hoc/test/auto/RunCompositeIterateOverArray.xml (RunModel)" time="0.033" />
  <testcase classname="ptolemy.util.test.junit.AutoTests" name="[54] /home/travis/build/icyphy/ptII/ptolemy/actor/lib/hoc/test/auto/ThreadedJS.xml (RunModel)" time="4.602" />
  <system-out><![CDATA[/home/travis/build/icyphy/ptII/ptolemy/actor/lib/hoc/test/IterateOverArray.tcl
testDefs.tcl: setting time out to 9000 seconds at Wed Nov 14 02:40:39 UTC 2018
11/14/18 02:40:39
Failed: 0  Total Tests: 2  ((Passed: 2, Newly Passed: 0)  Known Failed: 0) /home/travis/build/icyphy/ptII/ptolemy/actor/lib/hoc/test
----------------- testing (KnownFailure) /home/travis/build/icyphy/ptII/ptolemy/actor/lib/hoc/test/auto/knownFailedTests/PreinitializeMustBeInvokedRunComposite.xml
34 ms. Memory: 116224K Free: 103517K (89%)
Known Failure: java.lang.reflect.InvocationTargetException
No auto/linux-amd64/*.xml tests in /home/travis/build/icyphy/ptII/ptolemy/actor/lib/hoc/test
AutoTests.java: About to close Vertx.
AutoTests.java: Vertx closed.

===========================================================================================
----------------- testing Wed Nov 14 02:40:40 UTC 2018 /home/travis/build/icyphy/ptII/ptolemy/actor/lib/hoc/test/auto/AllToAllMultiInstanceComposite.xml
----------------- Instantiating /home/travis/build/icyphy/ptII/ptolemy/actor/lib/hoc/test/auto/AllToAllMultiInstanceComposite.xml
95 ms. Memory: 146944K Free: 108132K (74%)
----------------- Invoking toplevel() on ptolemy.moml.MoMLSimpleApplication@d0f0039
----------------- Done invoking toplevel() on ptolemy.moml.MoMLSimpleApplication@d0f0039
reloadAllAccessors: .AllToAllMultiInstanceComposite

===========================================================================================
----------------- testing Wed Nov 14 02:40:40 UTC 2018 /home/travis/build/icyphy/ptII/ptolemy/actor/lib/hoc/test/auto/ApplyFFTTest.xml
----------------- Instantiating /home/travis/build/icyphy/ptII/ptolemy/actor/lib/hoc/test/auto/ApplyFFTTest.xml
89 ms. Memory: 146944K Free: 88221K (60%)
----------------- Invoking toplevel() on ptolemy.moml.MoMLSimpleApplication@c721948
----------------- Done invoking toplevel() on ptolemy.moml.MoMLSimpleApplication@c721948
reloadAllAccessors: .ApplyFFTTest

===========================================================================================
----------------- testing Wed Nov 14 02:40:40 UTC 2018 /home/travis/build/icyphy/ptII/ptolemy/actor/lib/hoc/test/auto/ApplyFunction.xml
----------------- Instantiating /home/travis/build/icyphy/ptII/ptolemy/actor/lib/hoc/test/auto/ApplyFunction.xml
4 ms. Memory: 146944K Free: 84502K (58%)
----------------- Invoking toplevel() on ptolemy.moml.MoMLSimpleApplication@e80f48c
----------------- Done invoking toplevel() on ptolemy.moml.MoMLSimpleApplication@e80f48c
reloadAllAccessors: .ApplyFunction

===========================================================================================
----------------- testing Wed Nov 14 02:40:40 UTC 2018 /home/travis/build/icyphy/ptII/ptolemy/actor/lib/hoc/test/auto/BackgroundExecution.xml
----------------- Instantiating /home/travis/build/icyphy/ptII/ptolemy/actor/lib/hoc/test/auto/BackgroundExecution.xml
635 ms. Memory: 146944K Free: 137227K (93%)
----------------- Invoking toplevel() on ptolemy.moml.MoMLSimpleApplication@4b7a1a6a
----------------- Done invoking toplevel() on ptolemy.moml.MoMLSimpleApplication@4b7a1a6a
reloadAllAccessors: .BackgroundExecution

===========================================================================================
----------------- testing Wed Nov 14 02:40:41 UTC 2018 /home/travis/build/icyphy/ptII/ptolemy/actor/lib/hoc/test/auto/Case.xml
----------------- Instantiating /home/travis/build/icyphy/ptII/ptolemy/actor/lib/hoc/test/auto/Case.xml
16 ms. Memory: 146944K Free: 128861K (88%)
----------------- Invoking toplevel() on ptolemy.moml.MoMLSimpleApplication@4814064b
----------------- Done invoking toplevel() on ptolemy.moml.MoMLSimpleApplication@4814064b
reloadAllAccessors: .Case

===========================================================================================
----------------- testing Wed Nov 14 02:40:41 UTC 2018 /home/travis/build/icyphy/ptII/ptolemy/actor/lib/hoc/test/auto/Case1.xml
----------------- Instantiating /home/travis/build/icyphy/ptII/ptolemy/actor/lib/hoc/test/auto/Case1.xml
25 ms. Memory: 146944K Free: 122122K (83%)
----------------- Invoking toplevel() on ptolemy.moml.MoMLSimpleApplication@3ec717fb
----------------- Done invoking toplevel() on ptolemy.moml.MoMLSimpleApplication@3ec717fb
reloadAllAccessors: .Case1

===========================================================================================
----------------- testing Wed Nov 14 02:40:41 UTC 2018 /home/travis/build/icyphy/ptII/ptolemy/actor/lib/hoc/test/auto/Case2.xml
----------------- Instantiating /home/travis/build/icyphy/ptII/ptolemy/actor/lib/hoc/test/auto/Case2.xml
47 ms. Memory: 146944K Free: 110527K (75%)
----------------- Invoking toplevel() on ptolemy.moml.MoMLSimpleApplication@78d0c897
----------------- Done invoking toplevel() on ptolemy.moml.MoMLSimpleApplication@78d0c897
reloadAllAccessors: .Case2

===========================================================================================
----------------- testing Wed Nov 14 02:40:41 UTC 2018 /home/travis/build/icyphy/ptII/ptolemy/actor/lib/hoc/test/auto/Case3.xml
----------------- Instantiating /home/travis/build/icyphy/ptII/ptolemy/actor/lib/hoc/test/auto/Case3.xml
7 ms. Memory: 146944K Free: 103861K (71%)
----------------- Invoking toplevel() on ptolemy.moml.MoMLSimpleApplication@335dcbc
----------------- Done invoking toplevel() on ptolemy.moml.MoMLSimpleApplication@335dcbc
reloadAllAccessors: .Case3

===========================================================================================
----------------- testing Wed Nov 14 02:40:41 UTC 2018 /home/travis/build/icyphy/ptII/ptolemy/actor/lib/hoc/test/auto/Case4.xml
----------------- Instantiating /home/travis/build/icyphy/ptII/ptolemy/actor/lib/hoc/test/auto/Case4.xml
8 ms. Memory: 146944K Free: 94843K (65%)
----------------- Invoking toplevel() on ptolemy.moml.MoMLSimpleApplication@1ac9d526
----------------- Done invoking toplevel() on ptolemy.moml.MoMLSimpleApplication@1ac9d526
reloadAllAccessors: .Case4

===========================================================================================
----------------- testing Wed Nov 14 02:40:41 UTC 2018 /home/travis/build/icyphy/ptII/ptolemy/actor/lib/hoc/test/auto/Case5.xml
----------------- Instantiating /home/travis/build/icyphy/ptII/ptolemy/actor/lib/hoc/test/auto/Case5.xml
51 ms. Memory: 146944K Free: 87687K (60%)
----------------- Invoking toplevel() on ptolemy.moml.MoMLSimpleApplication@2af4902f
----------------- Done invoking toplevel() on ptolemy.moml.MoMLSimpleApplication@2af4902f
reloadAllAccessors: .junk

===========================================================================================
----------------- testing Wed Nov 14 02:40:41 UTC 2018 /home/travis/build/icyphy/ptII/ptolemy/actor/lib/hoc/test/auto/Case6.xml
----------------- Instantiating /home/travis/build/icyphy/ptII/ptolemy/actor/lib/hoc/test/auto/Case6.xml
46 ms. Memory: 208384K Free: 196910K (94%)
----------------- Invoking toplevel() on ptolemy.moml.MoMLSimpleApplication@3c6233b8
----------------- Done invoking toplevel() on ptolemy.moml.MoMLSimpleApplication@3c6233b8
reloadAllAccessors: .Case6

===========================================================================================
----------------- testing Wed Nov 14 02:40:42 UTC 2018 /home/travis/build/icyphy/ptII/ptolemy/actor/lib/hoc/test/auto/CaseString2.xml
----------------- Instantiating /home/travis/build/icyphy/ptII/ptolemy/actor/lib/hoc/test/auto/CaseString2.xml
17 ms. Memory: 208384K Free: 187316K (90%)
----------------- Invoking toplevel() on ptolemy.moml.MoMLSimpleApplication@1fd73535
----------------- Done invoking toplevel() on ptolemy.moml.MoMLSimpleApplication@1fd73535
reloadAllAccessors: .CaseString2

===========================================================================================
----------------- testing Wed Nov 14 02:40:42 UTC 2018 /home/travis/build/icyphy/ptII/ptolemy/actor/lib/hoc/test/auto/CatchUpComposite1.xml
----------------- Instantiating /home/travis/build/icyphy/ptII/ptolemy/actor/lib/hoc/test/auto/CatchUpComposite1.xml
24 ms. Memory: 208384K Free: 177453K (85%)
----------------- Invoking toplevel() on ptolemy.moml.MoMLSimpleApplication@798e0c87
----------------- Done invoking toplevel() on ptolemy.moml.MoMLSimpleApplication@798e0c87
reloadAllAccessors: .CatchUpComposite1

===========================================================================================
----------------- testing Wed Nov 14 02:40:42 UTC 2018 /home/travis/build/icyphy/ptII/ptolemy/actor/lib/hoc/test/auto/CatchUpComposite2.xml
----------------- Instantiating /home/travis/build/icyphy/ptII/ptolemy/actor/lib/hoc/test/auto/CatchUpComposite2.xml
16 ms. Memory: 208384K Free: 168220K (81%)
----------------- Invoking toplevel() on ptolemy.moml.MoMLSimpleApplication@a77265e
----------------- Done invoking toplevel() on ptolemy.moml.MoMLSimpleApplication@a77265e
reloadAllAccessors: .CatchUpComposite2

===========================================================================================
----------------- testing Wed Nov 14 02:40:42 UTC 2018 /home/travis/build/icyphy/ptII/ptolemy/actor/lib/hoc/test/auto/CatchUpComposite3.xml
----------------- Instantiating /home/travis/build/icyphy/ptII/ptolemy/actor/lib/hoc/test/auto/CatchUpComposite3.xml
11 ms. Memory: 208384K Free: 158075K (76%)
----------------- Invoking toplevel() on ptolemy.moml.MoMLSimpleApplication@552d9dfe
----------------- Done invoking toplevel() on ptolemy.moml.MoMLSimpleApplication@552d9dfe
reloadAllAccessors: .CatchUpComposite3

===========================================================================================
----------------- testing Wed Nov 14 02:40:42 UTC 2018 /home/travis/build/icyphy/ptII/ptolemy/actor/lib/hoc/test/auto/CatchUpComposite4.xml
----------------- Instantiating /home/travis/build/icyphy/ptII/ptolemy/actor/lib/hoc/test/auto/CatchUpComposite4.xml
17 ms. Memory: 208384K Free: 148859K (71%)
----------------- Invoking toplevel() on ptolemy.moml.MoMLSimpleApplication@1c7cae43
----------------- Done invoking toplevel() on ptolemy.moml.MoMLSimpleApplication@1c7cae43
reloadAllAccessors: .CatchUpComposite4

===========================================================================================
----------------- testing Wed Nov 14 02:40:42 UTC 2018 /home/travis/build/icyphy/ptII/ptolemy/actor/lib/hoc/test/auto/CatchUpComposite5.xml
----------------- Instantiating /home/travis/build/icyphy/ptII/ptolemy/actor/lib/hoc/test/auto/CatchUpComposite5.xml
12 ms. Memory: 208384K Free: 140241K (67%)
----------------- Invoking toplevel() on ptolemy.moml.MoMLSimpleApplication@28a543f2
----------------- Done invoking toplevel() on ptolemy.moml.MoMLSimpleApplication@28a543f2
reloadAllAccessors: .CatchUpComposite5

===========================================================================================
----------------- testing Wed Nov 14 02:40:42 UTC 2018 /home/travis/build/icyphy/ptII/ptolemy/actor/lib/hoc/test/auto/CatchUpComposite6.xml
----------------- Instantiating /home/travis/build/icyphy/ptII/ptolemy/actor/lib/hoc/test/auto/CatchUpComposite6.xml
WARNING: The execution aspects in this model can influence the timing of actors by delaying the 
execution, potentially changing the behavior. There is no guarantee that actors fire at the 
time they request to be fired. 
Use Ptides for deterministic DE behavior that is not influenced by execution aspects. 

86 ms. Memory: 208384K Free: 121413K (58%)
----------------- Invoking toplevel() on ptolemy.moml.MoMLSimpleApplication@508ca88e
----------------- Done invoking toplevel() on ptolemy.moml.MoMLSimpleApplication@508ca88e
reloadAllAccessors: .CatchUpComposite6

===========================================================================================
----------------- testing Wed Nov 14 02:40:42 UTC 2018 /home/travis/build/icyphy/ptII/ptolemy/actor/lib/hoc/test/auto/CatchUpComposite7.xml
----------------- Instantiating /home/travis/build/icyphy/ptII/ptolemy/actor/lib/hoc/test/auto/CatchUpComposite7.xml
WARNING: The execution aspects in this model can influence the timing of actors by delaying the 
execution, potentially changing the behavior. There is no guarantee that actors fire at the 
time they request to be fired. 
Use Ptides for deterministic DE behavior that is not influenced by execution aspects. 

42 ms. Memory: 208384K Free: 104679K (50%)
----------------- Invoking toplevel() on ptolemy.moml.MoMLSimpleApplication@4aea4dea
----------------- Done invoking toplevel() on ptolemy.moml.MoMLSimpleApplication@4aea4dea
reloadAllAccessors: .CatchUpComposite7

===========================================================================================
----------------- testing Wed Nov 14 02:40:42 UTC 2018 /home/travis/build/icyphy/ptII/ptolemy/actor/lib/hoc/test/auto/ConcurrentExecutionTimeSDF.xml
----------------- Instantiating /home/travis/build/icyphy/ptII/ptolemy/actor/lib/hoc/test/auto/ConcurrentExecutionTimeSDF.xml
Fired ExecutionTime: 40400000
Fired ExecutionTime: 40400000
Fired ExecutionTime: 40400000
Fired ExecutionTime: 40400000
Fired ExecutionTime: 40400000
Fired ExecutionTime: 40400000
Fired ExecutionTime: 40400000
Fired ExecutionTime: 40400000
Fired ExecutionTime: 40400000
Fired ExecutionTime: 40400000
Fired ExecutionTime: 40400000
Fired ExecutionTime: 40400000
Fired ExecutionTime: 40400000
Fired ExecutionTime: 40400000
Fired ExecutionTime: 40400000
Fired ExecutionTime: 40400000
Fired ExecutionTime: 40400000
Fired ExecutionTime: 40400000
Fired ExecutionTime: 40400000
Fired ExecutionTime: 40400000
1243 ms. Memory: 208384K Free: 96062K (46%)
----------------- Invoking toplevel() on ptolemy.moml.MoMLSimpleApplication@3b5a2da1
----------------- Done invoking toplevel() on ptolemy.moml.MoMLSimpleApplication@3b5a2da1
reloadAllAccessors: .ConcurrentExecutionTimeSDF

===========================================================================================
----------------- testing Wed Nov 14 02:40:43 UTC 2018 /home/travis/build/icyphy/ptII/ptolemy/actor/lib/hoc/test/auto/ConcurrentSleep.xml
----------------- Instantiating /home/travis/build/icyphy/ptII/ptolemy/actor/lib/hoc/test/auto/ConcurrentSleep.xml
739 ms. Memory: 208384K Free: 81504K (39%)
----------------- Invoking toplevel() on ptolemy.moml.MoMLSimpleApplication@4a134210
----------------- Done invoking toplevel() on ptolemy.moml.MoMLSimpleApplication@4a134210
reloadAllAccessors: .ConcurrentSleep

===========================================================================================
----------------- testing Wed Nov 14 02:40:44 UTC 2018 /home/travis/build/icyphy/ptII/ptolemy/actor/lib/hoc/test/auto/DEInPNInRunCompositeActor.xml
----------------- Instantiating /home/travis/build/icyphy/ptII/ptolemy/actor/lib/hoc/test/auto/DEInPNInRunCompositeActor.xml
7 ms. Memory: 208384K Free: 196690K (94%)
----------------- Invoking toplevel() on ptolemy.moml.MoMLSimpleApplication@134922d6
----------------- Done invoking toplevel() on ptolemy.moml.MoMLSimpleApplication@134922d6
reloadAllAccessors: .DEInPNInRunCompositeActor

===========================================================================================
----------------- testing Wed Nov 14 02:40:44 UTC 2018 /home/travis/build/icyphy/ptII/ptolemy/actor/lib/hoc/test/auto/DFTSubSetTest.xml
----------------- Instantiating /home/travis/build/icyphy/ptII/ptolemy/actor/lib/hoc/test/auto/DFTSubSetTest.xml
176 ms. Memory: 208384K Free: 149254K (72%)
----------------- Invoking toplevel() on ptolemy.moml.MoMLSimpleApplication@428a0f36
----------------- Done invoking toplevel() on ptolemy.moml.MoMLSimpleApplication@428a0f36
reloadAllAccessors: .DFTSubSetTest

===========================================================================================
----------------- testing Wed Nov 14 02:40:45 UTC 2018 /home/travis/build/icyphy/ptII/ptolemy/actor/lib/hoc/test/auto/HocDE.xml
----------------- Instantiating /home/travis/build/icyphy/ptII/ptolemy/actor/lib/hoc/test/auto/HocDE.xml
122 ms. Memory: 208384K Free: 122220K (59%)
----------------- Invoking toplevel() on ptolemy.moml.MoMLSimpleApplication@7131ed1d
----------------- Done invoking toplevel() on ptolemy.moml.MoMLSimpleApplication@7131ed1d
reloadAllAccessors: .HocDE

===========================================================================================
----------------- testing Wed Nov 14 02:40:45 UTC 2018 /home/travis/build/icyphy/ptII/ptolemy/actor/lib/hoc/test/auto/IterateOverArray.xml
----------------- Instantiating /home/travis/build/icyphy/ptII/ptolemy/actor/lib/hoc/test/auto/IterateOverArray.xml
9 ms. Memory: 208384K Free: 115849K (56%)
----------------- Invoking toplevel() on ptolemy.moml.MoMLSimpleApplication@65404f97
----------------- Done invoking toplevel() on ptolemy.moml.MoMLSimpleApplication@65404f97
reloadAllAccessors: .IterateOverArray

===========================================================================================
----------------- testing Wed Nov 14 02:40:45 UTC 2018 /home/travis/build/icyphy/ptII/ptolemy/actor/lib/hoc/test/auto/IterateOverArray10.xml
----------------- Instantiating /home/travis/build/icyphy/ptII/ptolemy/actor/lib/hoc/test/auto/IterateOverArray10.xml
2 ms. Memory: 208384K Free: 111753K (54%)
----------------- Invoking toplevel() on ptolemy.moml.MoMLSimpleApplication@26acaca0
----------------- Done invoking toplevel() on ptolemy.moml.MoMLSimpleApplication@26acaca0
reloadAllAccessors: .IterateOverArray10

===========================================================================================
----------------- testing Wed Nov 14 02:40:45 UTC 2018 /home/travis/build/icyphy/ptII/ptolemy/actor/lib/hoc/test/auto/IterateOverArray11.xml
----------------- Instantiating /home/travis/build/icyphy/ptII/ptolemy/actor/lib/hoc/test/auto/IterateOverArray11.xml
6 ms. Memory: 208384K Free: 106203K (51%)
----------------- Invoking toplevel() on ptolemy.moml.MoMLSimpleApplication@541e5b89
----------------- Done invoking toplevel() on ptolemy.moml.MoMLSimpleApplication@541e5b89
reloadAllAccessors: .IterateOverArray11

===========================================================================================
----------------- testing Wed Nov 14 02:40:45 UTC 2018 /home/travis/build/icyphy/ptII/ptolemy/actor/lib/hoc/test/auto/IterateOverArray12.xml
----------------- Instantiating /home/travis/build/icyphy/ptII/ptolemy/actor/lib/hoc/test/auto/IterateOverArray12.xml
18 ms. Memory: 208384K Free: 98830K (47%)
----------------- Invoking toplevel() on ptolemy.moml.MoMLSimpleApplication@2fabaf5e
----------------- Done invoking toplevel() on ptolemy.moml.MoMLSimpleApplication@2fabaf5e
reloadAllAccessors: .IterateOverArray12

===========================================================================================
----------------- testing Wed Nov 14 02:40:45 UTC 2018 /home/travis/build/icyphy/ptII/ptolemy/actor/lib/hoc/test/auto/IterateOverArray13.xml
----------------- Instantiating /home/travis/build/icyphy/ptII/ptolemy/actor/lib/hoc/test/auto/IterateOverArray13.xml
85 ms. Memory: 331776K Free: 314701K (95%)
----------------- Invoking toplevel() on ptolemy.moml.MoMLSimpleApplication@49892182
----------------- Done invoking toplevel() on ptolemy.moml.MoMLSimpleApplication@49892182
reloadAllAccessors: .IterateOverArray13

===========================================================================================
----------------- testing Wed Nov 14 02:40:45 UTC 2018 /home/travis/build/icyphy/ptII/ptolemy/actor/lib/hoc/test/auto/IterateOverArray14.xml
----------------- Instantiating /home/travis/build/icyphy/ptII/ptolemy/actor/lib/hoc/test/auto/IterateOverArray14.xml
57 ms. Memory: 331776K Free: 278342K (84%)
----------------- Invoking toplevel() on ptolemy.moml.MoMLSimpleApplication@2a75d773
----------------- Done invoking toplevel() on ptolemy.moml.MoMLSimpleApplication@2a75d773
reloadAllAccessors: .IterateOverArray14

===========================================================================================
----------------- testing Wed Nov 14 02:40:45 UTC 2018 /home/travis/build/icyphy/ptII/ptolemy/actor/lib/hoc/test/auto/IterateOverArray2.xml
----------------- Instantiating /home/travis/build/icyphy/ptII/ptolemy/actor/lib/hoc/test/auto/IterateOverArray2.xml
8 ms. Memory: 331776K Free: 273437K (82%)
----------------- Invoking toplevel() on ptolemy.moml.MoMLSimpleApplication@5dcb7a2d
----------------- Done invoking toplevel() on ptolemy.moml.MoMLSimpleApplication@5dcb7a2d
reloadAllAccessors: .IterateOverArray2

===========================================================================================
----------------- testing Wed Nov 14 02:40:45 UTC 2018 /home/travis/build/icyphy/ptII/ptolemy/actor/lib/hoc/test/auto/IterateOverArray3.xml
----------------- Instantiating /home/travis/build/icyphy/ptII/ptolemy/actor/lib/hoc/test/auto/IterateOverArray3.xml
18 ms. Memory: 331776K Free: 265232K (80%)
----------------- Invoking toplevel() on ptolemy.moml.MoMLSimpleApplication@555defbb
----------------- Done invoking toplevel() on ptolemy.moml.MoMLSimpleApplication@555defbb
reloadAllAccessors: .IterateOverArray3

===========================================================================================
----------------- testing Wed Nov 14 02:40:45 UTC 2018 /home/travis/build/icyphy/ptII/ptolemy/actor/lib/hoc/test/auto/IterateOverArray4.xml
----------------- Instantiating /home/travis/build/icyphy/ptII/ptolemy/actor/lib/hoc/test/auto/IterateOverArray4.xml
7 ms. Memory: 331776K Free: 260327K (78%)
----------------- Invoking toplevel() on ptolemy.moml.MoMLSimpleApplication@7cb3e5e5
----------------- Done invoking toplevel() on ptolemy.moml.MoMLSimpleApplication@7cb3e5e5
reloadAllAccessors: .IterateOverArray4

===========================================================================================
----------------- testing Wed Nov 14 02:40:45 UTC 2018 /home/travis/build/icyphy/ptII/ptolemy/actor/lib/hoc/test/auto/IterateOverArray5.xml
----------------- Instantiating /home/travis/build/icyphy/ptII/ptolemy/actor/lib/hoc/test/auto/IterateOverArray5.xml
3 ms. Memory: 331776K Free: 255422K (77%)
----------------- Invoking toplevel() on ptolemy.moml.MoMLSimpleApplication@236f0629
----------------- Done invoking toplevel() on ptolemy.moml.MoMLSimpleApplication@236f0629
reloadAllAccessors: .IterateOverArray5

===========================================================================================
----------------- testing Wed Nov 14 02:40:45 UTC 2018 /home/travis/build/icyphy/ptII/ptolemy/actor/lib/hoc/test/auto/IterateOverArray6.xml
----------------- Instantiating /home/travis/build/icyphy/ptII/ptolemy/actor/lib/hoc/test/auto/IterateOverArray6.xml
2 ms. Memory: 331776K Free: 250896K (76%)
----------------- Invoking toplevel() on ptolemy.moml.MoMLSimpleApplication@62c92098
----------------- Done invoking toplevel() on ptolemy.moml.MoMLSimpleApplication@62c92098
reloadAllAccessors: .IterateOverArray6

===========================================================================================
----------------- testing Wed Nov 14 02:40:45 UTC 2018 /home/travis/build/icyphy/ptII/ptolemy/actor/lib/hoc/test/auto/IterateOverArray7.xml
----------------- Instantiating /home/travis/build/icyphy/ptII/ptolemy/actor/lib/hoc/test/auto/IterateOverArray7.xml
8 ms. Memory: 331776K Free: 245991K (74%)
----------------- Invoking toplevel() on ptolemy.moml.MoMLSimpleApplication@269a46ad
----------------- Done invoking toplevel() on ptolemy.moml.MoMLSimpleApplication@269a46ad
reloadAllAccessors: .IterateOverArray7

===========================================================================================
----------------- testing Wed Nov 14 02:40:45 UTC 2018 /home/travis/build/icyphy/ptII/ptolemy/actor/lib/hoc/test/auto/IterateOverArray8.xml
----------------- Instantiating /home/travis/build/icyphy/ptII/ptolemy/actor/lib/hoc/test/auto/IterateOverArray8.xml
4 ms. Memory: 331776K Free: 240239K (72%)
----------------- Invoking toplevel() on ptolemy.moml.MoMLSimpleApplication@df480b9
----------------- Done invoking toplevel() on ptolemy.moml.MoMLSimpleApplication@df480b9
reloadAllAccessors: .IterateOverArray8

===========================================================================================
----------------- testing Wed Nov 14 02:40:45 UTC 2018 /home/travis/build/icyphy/ptII/ptolemy/actor/lib/hoc/test/auto/IterateOverArray9.xml
----------------- Instantiating /home/travis/build/icyphy/ptII/ptolemy/actor/lib/hoc/test/auto/IterateOverArray9.xml
7 ms. Memory: 331776K Free: 235334K (71%)
----------------- Invoking toplevel() on ptolemy.moml.MoMLSimpleApplication@200564ec
----------------- Done invoking toplevel() on ptolemy.moml.MoMLSimpleApplication@200564ec
reloadAllAccessors: .IterateOverArray9

===========================================================================================
----------------- testing Wed Nov 14 02:40:45 UTC 2018 /home/travis/build/icyphy/ptII/ptolemy/actor/lib/hoc/test/auto/IterateOverArrayCoercedOutputType.xml
----------------- Instantiating /home/travis/build/icyphy/ptII/ptolemy/actor/lib/hoc/test/auto/IterateOverArrayCoercedOutputType.xml
4 ms. Memory: 331776K Free: 229202K (69%)
----------------- Invoking toplevel() on ptolemy.moml.MoMLSimpleApplication@11f2a88e
----------------- Done invoking toplevel() on ptolemy.moml.MoMLSimpleApplication@11f2a88e
reloadAllAccessors: .IterateOverArrayCoercedOutputType

===========================================================================================
----------------- testing Wed Nov 14 02:40:45 UTC 2018 /home/travis/build/icyphy/ptII/ptolemy/actor/lib/hoc/test/auto/IterateOverArrayInferredOutputType.xml
----------------- Instantiating /home/travis/build/icyphy/ptII/ptolemy/actor/lib/hoc/test/auto/IterateOverArrayInferredOutputType.xml
5 ms. Memory: 331776K Free: 222224K (67%)
----------------- Invoking toplevel() on ptolemy.moml.MoMLSimpleApplication@7b1312f6
----------------- Done invoking toplevel() on ptolemy.moml.MoMLSimpleApplication@7b1312f6
reloadAllAccessors: .IterateOverArrayInferredOutputType

===========================================================================================
----------------- testing Wed Nov 14 02:40:45 UTC 2018 /home/travis/build/icyphy/ptII/ptolemy/actor/lib/hoc/test/auto/MobileFunctionTest.xml
----------------- Instantiating /home/travis/build/icyphy/ptII/ptolemy/actor/lib/hoc/test/auto/MobileFunctionTest.xml
4 ms. Memory: 331776K Free: 217319K (66%)
----------------- Invoking toplevel() on ptolemy.moml.MoMLSimpleApplication@6055091b
----------------- Done invoking toplevel() on ptolemy.moml.MoMLSimpleApplication@6055091b
reloadAllAccessors: .MobileFunctionTest

===========================================================================================
----------------- testing Wed Nov 14 02:40:45 UTC 2018 /home/travis/build/icyphy/ptII/ptolemy/actor/lib/hoc/test/auto/MobileModelTest.xml
----------------- Instantiating /home/travis/build/icyphy/ptII/ptolemy/actor/lib/hoc/test/auto/MobileModelTest.xml
69 ms. Memory: 331776K Free: 196473K (59%)
----------------- Invoking toplevel() on ptolemy.moml.MoMLSimpleApplication@114dc98
----------------- Done invoking toplevel() on ptolemy.moml.MoMLSimpleApplication@114dc98
reloadAllAccessors: .MobileModelTest

===========================================================================================
----------------- testing Wed Nov 14 02:40:46 UTC 2018 /home/travis/build/icyphy/ptII/ptolemy/actor/lib/hoc/test/auto/ModelReference.xml
----------------- Instantiating /home/travis/build/icyphy/ptII/ptolemy/actor/lib/hoc/test/auto/ModelReference.xml
2 ms. Memory: 331776K Free: 187042K (56%)
3 ms. Memory: 331776K Free: 185815K (56%)
2 ms. Memory: 331776K Free: 185815K (56%)
1 ms. Memory: 331776K Free: 184589K (56%)
1 ms. Memory: 331776K Free: 183363K (55%)
1 ms. Memory: 331776K Free: 183363K (55%)
2 ms. Memory: 331776K Free: 182137K (55%)
1 ms. Memory: 331776K Free: 180910K (55%)
3 ms. Memory: 331776K Free: 180910K (55%)
5 ms. Memory: 331776K Free: 179684K (54%)
31 ms. Memory: 331776K Free: 179684K (54%)
----------------- Invoking toplevel() on ptolemy.moml.MoMLSimpleApplication@144b4f31
----------------- Done invoking toplevel() on ptolemy.moml.MoMLSimpleApplication@144b4f31
reloadAllAccessors: .ModelReference

===========================================================================================
----------------- testing Wed Nov 14 02:40:46 UTC 2018 /home/travis/build/icyphy/ptII/ptolemy/actor/lib/hoc/test/auto/ModelReference3.xml
----------------- Instantiating /home/travis/build/icyphy/ptII/ptolemy/actor/lib/hoc/test/auto/ModelReference3.xml
2 ms. Memory: 331776K Free: 173553K (52%)
1 ms. Memory: 331776K Free: 173553K (52%)
1 ms. Memory: 331776K Free: 172327K (52%)
1 ms. Memory: 331776K Free: 171100K (52%)
1 ms. Memory: 331776K Free: 171100K (52%)
1 ms. Memory: 331776K Free: 169874K (51%)
1 ms. Memory: 331776K Free: 168648K (51%)
1 ms. Memory: 331776K Free: 168648K (51%)
1 ms. Memory: 331776K Free: 167422K (50%)
2 ms. Memory: 331776K Free: 166195K (50%)
21 ms. Memory: 331776K Free: 166195K (50%)
----------------- Invoking toplevel() on ptolemy.moml.MoMLSimpleApplication@1fd1e252
----------------- Done invoking toplevel() on ptolemy.moml.MoMLSimpleApplication@1fd1e252
reloadAllAccessors: .ModelReference3

===========================================================================================
----------------- testing Wed Nov 14 02:40:46 UTC 2018 /home/travis/build/icyphy/ptII/ptolemy/actor/lib/hoc/test/auto/ModelReference4.xml
----------------- Instantiating /home/travis/build/icyphy/ptII/ptolemy/actor/lib/hoc/test/auto/ModelReference4.xml
3 ms. Memory: 331776K Free: 159217K (48%)
14 ms. Memory: 331776K Free: 157991K (48%)
8 ms. Memory: 331776K Free: 155539K (47%)
2 ms. Memory: 331776K Free: 154312K (47%)
2 ms. Memory: 331776K Free: 153086K (46%)
3 ms. Memory: 331776K Free: 151860K (46%)
2 ms. Memory: 331776K Free: 150634K (45%)
2 ms. Memory: 331776K Free: 149407K (45%)
4 ms. Memory: 331776K Free: 146939K (44%)
1 ms. Memory: 331776K Free: 145713K (44%)
10020 ms. Memory: 331776K Free: 145713K (44%)
----------------- Invoking toplevel() on ptolemy.moml.MoMLSimpleApplication@4b9c1b07
----------------- Done invoking toplevel() on ptolemy.moml.MoMLSimpleApplication@4b9c1b07
reloadAllAccessors: .ModelReference4

===========================================================================================
----------------- testing Wed Nov 14 02:40:56 UTC 2018 /home/travis/build/icyphy/ptII/ptolemy/actor/lib/hoc/test/auto/MultiInstanceComposite.xml
----------------- Instantiating /home/travis/build/icyphy/ptII/ptolemy/actor/lib/hoc/test/auto/MultiInstanceComposite.xml
25 ms. Memory: 331776K Free: 128473K (39%)
----------------- Invoking toplevel() on ptolemy.moml.MoMLSimpleApplication@63d9c513
----------------- Done invoking toplevel() on ptolemy.moml.MoMLSimpleApplication@63d9c513
reloadAllAccessors: .MultiInstanceComposite

===========================================================================================
----------------- testing Wed Nov 14 02:40:56 UTC 2018 /home/travis/build/icyphy/ptII/ptolemy/actor/lib/hoc/test/auto/MultiInstanceComposite2.xml
----------------- Instantiating /home/travis/build/icyphy/ptII/ptolemy/actor/lib/hoc/test/auto/MultiInstanceComposite2.xml
21 ms. Memory: 331776K Free: 114888K (35%)
----------------- Invoking toplevel() on ptolemy.moml.MoMLSimpleApplication@1479842e
----------------- Done invoking toplevel() on ptolemy.moml.MoMLSimpleApplication@1479842e
reloadAllAccessors: .MultiInstanceComposite2

===========================================================================================
----------------- testing Wed Nov 14 02:40:56 UTC 2018 /home/travis/build/icyphy/ptII/ptolemy/actor/lib/hoc/test/auto/MulticoreExecution.xml
----------------- Instantiating /home/travis/build/icyphy/ptII/ptolemy/actor/lib/hoc/test/auto/MulticoreExecution.xml
Fired ExecutionTime: 4000000
Fired ExecutionTime: 2000000
Fired ExecutionTime: 2800000
Fired ExecutionTime: 3200000
Fired ExecutionTime: 10800000
Fired ExecutionTime: 30000000
Fired ExecutionTime: 68000000
Fired ExecutionTime: 66400000
Fired ExecutionTime: 66800000
Fired ExecutionTime: 68400000
Fired ExecutionTime: 65200000
Fired ExecutionTime: 66000000
Fired ExecutionTime: 68000000
Fired ExecutionTime: 34000000
Fired ExecutionTime: 36800000
Fired ExecutionTime: 38000000
Fired ExecutionTime: 66400000
Fired ExecutionTime: 66000000
Fired ExecutionTime: 61600000
Fired ExecutionTime: 66400000
1092 ms. Memory: 331776K Free: 100536K (30%)
----------------- Invoking toplevel() on ptolemy.moml.MoMLSimpleApplication@13af95cc
----------------- Done invoking toplevel() on ptolemy.moml.MoMLSimpleApplication@13af95cc
reloadAllAccessors: .MulticoreExecution

===========================================================================================
----------------- testing Wed Nov 14 02:40:57 UTC 2018 /home/travis/build/icyphy/ptII/ptolemy/actor/lib/hoc/test/auto/ParallelExecution.xml
----------------- Instantiating /home/travis/build/icyphy/ptII/ptolemy/actor/lib/hoc/test/auto/ParallelExecution.xml
915 ms. Memory: 331776K Free: 89468K (27%)
----------------- Invoking toplevel() on ptolemy.moml.MoMLSimpleApplication@1304c5be
----------------- Done invoking toplevel() on ptolemy.moml.MoMLSimpleApplication@1304c5be
reloadAllAccessors: .ParallelExecution

===========================================================================================
----------------- testing Wed Nov 14 02:40:58 UTC 2018 /home/travis/build/icyphy/ptII/ptolemy/actor/lib/hoc/test/auto/RunCompositeActor.xml
----------------- Instantiating /home/travis/build/icyphy/ptII/ptolemy/actor/lib/hoc/test/auto/RunCompositeActor.xml
9 ms. Memory: 331776K Free: 79981K (24%)
----------------- Invoking toplevel() on ptolemy.moml.MoMLSimpleApplication@36da79a3
----------------- Done invoking toplevel() on ptolemy.moml.MoMLSimpleApplication@36da79a3
reloadAllAccessors: .RunCompositeActor

===========================================================================================
----------------- testing Wed Nov 14 02:40:58 UTC 2018 /home/travis/build/icyphy/ptII/ptolemy/actor/lib/hoc/test/auto/RunCompositeActor2.xml
----------------- Instantiating /home/travis/build/icyphy/ptII/ptolemy/actor/lib/hoc/test/auto/RunCompositeActor2.xml
5 ms. Memory: 332288K Free: 318100K (96%)
----------------- Invoking toplevel() on ptolemy.moml.MoMLSimpleApplication@3c10dfa8
----------------- Done invoking toplevel() on ptolemy.moml.MoMLSimpleApplication@3c10dfa8
reloadAllAccessors: .RunCompositeActor2

===========================================================================================
----------------- testing Wed Nov 14 02:40:58 UTC 2018 /home/travis/build/icyphy/ptII/ptolemy/actor/lib/hoc/test/auto/RunCompositeActor3.xml
----------------- Instantiating /home/travis/build/icyphy/ptII/ptolemy/actor/lib/hoc/test/auto/RunCompositeActor3.xml
3 ms. Memory: 332288K Free: 309350K (93%)
----------------- Invoking toplevel() on ptolemy.moml.MoMLSimpleApplication@1165c13b
----------------- Done invoking toplevel() on ptolemy.moml.MoMLSimpleApplication@1165c13b
reloadAllAccessors: .RunCompositeActor3

===========================================================================================
----------------- testing Wed Nov 14 02:40:58 UTC 2018 /home/travis/build/icyphy/ptII/ptolemy/actor/lib/hoc/test/auto/RunCompositeActor4.xml
----------------- Instantiating /home/travis/build/icyphy/ptII/ptolemy/actor/lib/hoc/test/auto/RunCompositeActor4.xml
13 ms. Memory: 332288K Free: 300542K (90%)
----------------- Invoking toplevel() on ptolemy.moml.MoMLSimpleApplication@193568c3
----------------- Done invoking toplevel() on ptolemy.moml.MoMLSimpleApplication@193568c3
reloadAllAccessors: .RunCompositeActor4

===========================================================================================
----------------- testing Wed Nov 14 02:40:58 UTC 2018 /home/travis/build/icyphy/ptII/ptolemy/actor/lib/hoc/test/auto/RunCompositeIterateOverArray.xml
----------------- Instantiating /home/travis/build/icyphy/ptII/ptolemy/actor/lib/hoc/test/auto/RunCompositeIterateOverArray.xml
11 ms. Memory: 332288K Free: 293986K (88%)
----------------- Invoking toplevel() on ptolemy.moml.MoMLSimpleApplication@13085404
----------------- Done invoking toplevel() on ptolemy.moml.MoMLSimpleApplication@13085404
reloadAllAccessors: .RunCompositeIterateOverArray

===========================================================================================
----------------- testing Wed Nov 14 02:40:58 UTC 2018 /home/travis/build/icyphy/ptII/ptolemy/actor/lib/hoc/test/auto/ThreadedJS.xml
----------------- Instantiating /home/travis/build/icyphy/ptII/ptolemy/actor/lib/hoc/test/auto/ThreadedJS.xml
1635 ms. Memory: 540160K Free: 155606K (29%)
----------------- Invoking toplevel() on ptolemy.moml.MoMLSimpleApplication@3ab6beaa
----------------- Done invoking toplevel() on ptolemy.moml.MoMLSimpleApplication@3ab6beaa
reloadAllAccessors: .ThreadedJS
AutoTests.java: About to close Vertx.
AutoTests.java: Vertx closed.
]]></system-out>
  <system-err><![CDATA[java.lang.RuntimeException: Execution failed
	at ptolemy.moml.MoMLSimpleApplication$UnloadThread.run(MoMLSimpleApplication.java:402)
Caused by: ptolemy.kernel.util.IllegalActionException: initialize() was called after wrapup() was called but preinitialize() was not called after wrapup().
	at ptolemy.actor.lib.hoc.test.PreinitializeMustBeInvoked.initialize(PreinitializeMustBeInvoked.java:78)
	at ptolemy.actor.Director.initialize(Director.java:938)
	at ptolemy.actor.Director.initialize(Director.java:907)
	at ptolemy.actor.sched.StaticSchedulingDirector.initialize(StaticSchedulingDirector.java:159)
	at ptolemy.domains.sdf.kernel.SDFDirector.initialize(SDFDirector.java:544)
	at ptolemy.actor.CompositeActor.initialize(CompositeActor.java:935)
	at ptolemy.actor.lib.hoc.LifeCycleManager._executeInsideModel(LifeCycleManager.java:339)
	at ptolemy.actor.lib.hoc.RunCompositeActor.fire(RunCompositeActor.java:205)
	at ptolemy.actor.CompositeActor.iterate(CompositeActor.java:1146)
	at ptolemy.actor.sched.StaticSchedulingDirector.fire(StaticSchedulingDirector.java:216)
	at ptolemy.domains.sdf.kernel.SDFDirector.fire(SDFDirector.java:500)
	at ptolemy.actor.CompositeActor.fire(CompositeActor.java:455)
	at ptolemy.actor.Manager.iterate(Manager.java:851)
	at ptolemy.actor.Manager.execute(Manager.java:369)
	at ptolemy.actor.Manager.run(Manager.java:1263)
	at ptolemy.actor.Manager$PtolemyRunThread.run(Manager.java:1915)
java.lang.reflect.InvocationTargetException
	at sun.reflect.NativeConstructorAccessorImpl.newInstance0(Native Method)
	at sun.reflect.NativeConstructorAccessorImpl.newInstance(NativeConstructorAccessorImpl.java:62)
	at sun.reflect.DelegatingConstructorAccessorImpl.newInstance(DelegatingConstructorAccessorImpl.java:45)
	at java.lang.reflect.Constructor.newInstance(Constructor.java:423)
	at ptolemy.util.test.junit.AutoKnownFailedTests.RunModel(AutoKnownFailedTests.java:105)
	at sun.reflect.NativeMethodAccessorImpl.invoke0(Native Method)
	at sun.reflect.NativeMethodAccessorImpl.invoke(NativeMethodAccessorImpl.java:62)
	at sun.reflect.DelegatingMethodAccessorImpl.invoke(DelegatingMethodAccessorImpl.java:43)
	at java.lang.reflect.Method.invoke(Method.java:498)
	at org.junit.runners.model.FrameworkMethod$1.runReflectiveCall(FrameworkMethod.java:44)
	at org.junit.internal.runners.model.ReflectiveCallable.run(ReflectiveCallable.java:15)
	at org.junit.runners.model.FrameworkMethod.invokeExplosively(FrameworkMethod.java:41)
	at junitparams.internal.InvokeParameterisedMethod.evaluate(InvokeParameterisedMethod.java:102)
	at org.junit.internal.runners.statements.FailOnTimeout$1.run(FailOnTimeout.java:28)
Caused by: ptolemy.kernel.util.IllegalActionException: initialize() was called after wrapup() was called but preinitialize() was not called after wrapup().
	at ptolemy.actor.lib.hoc.test.PreinitializeMustBeInvoked.initialize(PreinitializeMustBeInvoked.java:78)
	at ptolemy.actor.Director.initialize(Director.java:938)
	at ptolemy.actor.Director.initialize(Director.java:907)
	at ptolemy.actor.sched.StaticSchedulingDirector.initialize(StaticSchedulingDirector.java:159)
	at ptolemy.domains.sdf.kernel.SDFDirector.initialize(SDFDirector.java:544)
	at ptolemy.actor.CompositeActor.initialize(CompositeActor.java:935)
	at ptolemy.actor.lib.hoc.LifeCycleManager._executeInsideModel(LifeCycleManager.java:339)
	at ptolemy.actor.lib.hoc.RunCompositeActor.fire(RunCompositeActor.java:205)
	at ptolemy.actor.CompositeActor.iterate(CompositeActor.java:1146)
	at ptolemy.actor.sched.StaticSchedulingDirector.fire(StaticSchedulingDirector.java:216)
	at ptolemy.domains.sdf.kernel.SDFDirector.fire(SDFDirector.java:500)
	at ptolemy.actor.CompositeActor.fire(CompositeActor.java:455)
	at ptolemy.actor.Manager.iterate(Manager.java:851)
	at ptolemy.actor.Manager.execute(Manager.java:369)
	at ptolemy.actor.Manager.run(Manager.java:1263)
	at ptolemy.actor.Manager$PtolemyRunThread.run(Manager.java:1915)
]]></system-err>
</testsuite>
