<?xml version="1.0" encoding="UTF-8" ?>
<testsuite errors="0" failures="0" hostname="travis-job-112c28ae-0225-4fe8-97ee-4271d4cd6052" name="ptolemy.actor.lib.hoc.test.junit.JUnitTclTest" skipped="0" tests="58" time="31.259" timestamp="2020-09-22T15:47:34">
  <properties>
[...]
</properties>
  <testcase classname="ptolemy.util.test.junit.TclTests" name="[0] /home/travis/build/icyphy/ptII/ptolemy/actor/lib/hoc/test/IterateOverArray.tcl (RunTclFile)" time="0.35" />
  <testcase classname="ptolemy.util.test.junit.AutoKnownFailedTests" name="[0] /home/travis/build/icyphy/ptII/ptolemy/actor/lib/hoc/test/auto/knownFailedTests/PreinitializeMustBeInvokedRunComposite.xml (RunModel)" time="0.365" />
  <testcase classname="ptolemy.util.test.junit.AutoNameArchTests" name="[0] ThereAreNoAutoArchTests (RunModel)" time="0.006" />
  <testcase classname="ptolemy.util.test.junit.AutoTests" name="[0] /home/travis/build/icyphy/ptII/ptolemy/actor/lib/hoc/test/auto/AllToAllMultiInstanceComposite.xml (RunModel)" time="0.409" />
  <testcase classname="ptolemy.util.test.junit.AutoTests" name="[1] /home/travis/build/icyphy/ptII/ptolemy/actor/lib/hoc/test/auto/ApplyFFTTest.xml (RunModel)" time="0.351" />
  <testcase classname="ptolemy.util.test.junit.AutoTests" name="[2] /home/travis/build/icyphy/ptII/ptolemy/actor/lib/hoc/test/auto/ApplyFunction.xml (RunModel)" time="0.028" />
  <testcase classname="ptolemy.util.test.junit.AutoTests" name="[3] /home/travis/build/icyphy/ptII/ptolemy/actor/lib/hoc/test/auto/BackgroundExecution.xml (RunModel)" time="0.697" />
  <testcase classname="ptolemy.util.test.junit.AutoTests" name="[4] /home/travis/build/icyphy/ptII/ptolemy/actor/lib/hoc/test/auto/Case.xml (RunModel)" time="0.095" />
  <testcase classname="ptolemy.util.test.junit.AutoTests" name="[5] /home/travis/build/icyphy/ptII/ptolemy/actor/lib/hoc/test/auto/Case1.xml (RunModel)" time="0.037" />
  <testcase classname="ptolemy.util.test.junit.AutoTests" name="[6] /home/travis/build/icyphy/ptII/ptolemy/actor/lib/hoc/test/auto/Case2.xml (RunModel)" time="0.112" />
  <testcase classname="ptolemy.util.test.junit.AutoTests" name="[7] /home/travis/build/icyphy/ptII/ptolemy/actor/lib/hoc/test/auto/Case3.xml (RunModel)" time="0.033" />
  <testcase classname="ptolemy.util.test.junit.AutoTests" name="[8] /home/travis/build/icyphy/ptII/ptolemy/actor/lib/hoc/test/auto/Case4.xml (RunModel)" time="0.04" />
  <testcase classname="ptolemy.util.test.junit.AutoTests" name="[9] /home/travis/build/icyphy/ptII/ptolemy/actor/lib/hoc/test/auto/Case5.xml (RunModel)" time="0.053" />
  <testcase classname="ptolemy.util.test.junit.AutoTests" name="[10] /home/travis/build/icyphy/ptII/ptolemy/actor/lib/hoc/test/auto/Case6.xml (RunModel)" time="0.079" />
  <testcase classname="ptolemy.util.test.junit.AutoTests" name="[11] /home/travis/build/icyphy/ptII/ptolemy/actor/lib/hoc/test/auto/CaseString2.xml (RunModel)" time="0.049" />
  <testcase classname="ptolemy.util.test.junit.AutoTests" name="[12] /home/travis/build/icyphy/ptII/ptolemy/actor/lib/hoc/test/auto/CatchUpComposite1.xml (RunModel)" time="0.092" />
  <testcase classname="ptolemy.util.test.junit.AutoTests" name="[13] /home/travis/build/icyphy/ptII/ptolemy/actor/lib/hoc/test/auto/CatchUpComposite2.xml (RunModel)" time="0.083" />
  <testcase classname="ptolemy.util.test.junit.AutoTests" name="[14] /home/travis/build/icyphy/ptII/ptolemy/actor/lib/hoc/test/auto/CatchUpComposite3.xml (RunModel)" time="0.055" />
  <testcase classname="ptolemy.util.test.junit.AutoTests" name="[15] /home/travis/build/icyphy/ptII/ptolemy/actor/lib/hoc/test/auto/CatchUpComposite4.xml (RunModel)" time="0.059" />
  <testcase classname="ptolemy.util.test.junit.AutoTests" name="[16] /home/travis/build/icyphy/ptII/ptolemy/actor/lib/hoc/test/auto/CatchUpComposite5.xml (RunModel)" time="0.052" />
  <testcase classname="ptolemy.util.test.junit.AutoTests" name="[17] /home/travis/build/icyphy/ptII/ptolemy/actor/lib/hoc/test/auto/CatchUpComposite6.xml (RunModel)" time="0.172" />
  <testcase classname="ptolemy.util.test.junit.AutoTests" name="[18] /home/travis/build/icyphy/ptII/ptolemy/actor/lib/hoc/test/auto/CatchUpComposite7.xml (RunModel)" time="0.077" />
  <testcase classname="ptolemy.util.test.junit.AutoTests" name="[19] /home/travis/build/icyphy/ptII/ptolemy/actor/lib/hoc/test/auto/ConcurrentExecutionTimeSDF.xml (RunModel)" time="1.256" />
  <testcase classname="ptolemy.util.test.junit.AutoTests" name="[20] /home/travis/build/icyphy/ptII/ptolemy/actor/lib/hoc/test/auto/ConcurrentSleep.xml (RunModel)" time="0.762" />
  <testcase classname="ptolemy.util.test.junit.AutoTests" name="[21] /home/travis/build/icyphy/ptII/ptolemy/actor/lib/hoc/test/auto/DEInPNInRunCompositeActor.xml (RunModel)" time="0.033" />
  <testcase classname="ptolemy.util.test.junit.AutoTests" name="[22] /home/travis/build/icyphy/ptII/ptolemy/actor/lib/hoc/test/auto/DFTSubSetTest.xml (RunModel)" time="0.294" />
  <testcase classname="ptolemy.util.test.junit.AutoTests" name="[23] /home/travis/build/icyphy/ptII/ptolemy/actor/lib/hoc/test/auto/HocDE.xml (RunModel)" time="0.175" />
  <testcase classname="ptolemy.util.test.junit.AutoTests" name="[24] /home/travis/build/icyphy/ptII/ptolemy/actor/lib/hoc/test/auto/IterateOverArray.xml (RunModel)" time="0.036" />
  <testcase classname="ptolemy.util.test.junit.AutoTests" name="[25] /home/travis/build/icyphy/ptII/ptolemy/actor/lib/hoc/test/auto/IterateOverArray10.xml (RunModel)" time="0.015" />
  <testcase classname="ptolemy.util.test.junit.AutoTests" name="[26] /home/travis/build/icyphy/ptII/ptolemy/actor/lib/hoc/test/auto/IterateOverArray11.xml (RunModel)" time="0.018" />
  <testcase classname="ptolemy.util.test.junit.AutoTests" name="[27] /home/travis/build/icyphy/ptII/ptolemy/actor/lib/hoc/test/auto/IterateOverArray12.xml (RunModel)" time="0.03" />
  <testcase classname="ptolemy.util.test.junit.AutoTests" name="[28] /home/travis/build/icyphy/ptII/ptolemy/actor/lib/hoc/test/auto/IterateOverArray13.xml (RunModel)" time="0.14" />
  <testcase classname="ptolemy.util.test.junit.AutoTests" name="[29] /home/travis/build/icyphy/ptII/ptolemy/actor/lib/hoc/test/auto/IterateOverArray14.xml (RunModel)" time="0.141" />
  <testcase classname="ptolemy.util.test.junit.AutoTests" name="[30] /home/travis/build/icyphy/ptII/ptolemy/actor/lib/hoc/test/auto/IterateOverArray2.xml (RunModel)" time="0.025" />
  <testcase classname="ptolemy.util.test.junit.AutoTests" name="[31] /home/travis/build/icyphy/ptII/ptolemy/actor/lib/hoc/test/auto/IterateOverArray3.xml (RunModel)" time="0.038" />
  <testcase classname="ptolemy.util.test.junit.AutoTests" name="[32] /home/travis/build/icyphy/ptII/ptolemy/actor/lib/hoc/test/auto/IterateOverArray4.xml (RunModel)" time="0.021" />
  <testcase classname="ptolemy.util.test.junit.AutoTests" name="[33] /home/travis/build/icyphy/ptII/ptolemy/actor/lib/hoc/test/auto/IterateOverArray5.xml (RunModel)" time="0.02" />
  <testcase classname="ptolemy.util.test.junit.AutoTests" name="[34] /home/travis/build/icyphy/ptII/ptolemy/actor/lib/hoc/test/auto/IterateOverArray6.xml (RunModel)" time="0.014" />
  <testcase classname="ptolemy.util.test.junit.AutoTests" name="[35] /home/travis/build/icyphy/ptII/ptolemy/actor/lib/hoc/test/auto/IterateOverArray7.xml (RunModel)" time="0.024" />
  <testcase classname="ptolemy.util.test.junit.AutoTests" name="[36] /home/travis/build/icyphy/ptII/ptolemy/actor/lib/hoc/test/auto/IterateOverArray8.xml (RunModel)" time="0.019" />
  <testcase classname="ptolemy.util.test.junit.AutoTests" name="[37] /home/travis/build/icyphy/ptII/ptolemy/actor/lib/hoc/test/auto/IterateOverArray9.xml (RunModel)" time="0.025" />
  <testcase classname="ptolemy.util.test.junit.AutoTests" name="[38] /home/travis/build/icyphy/ptII/ptolemy/actor/lib/hoc/test/auto/IterateOverArrayCoercedOutputType.xml (RunModel)" time="0.031" />
  <testcase classname="ptolemy.util.test.junit.AutoTests" name="[39] /home/travis/build/icyphy/ptII/ptolemy/actor/lib/hoc/test/auto/IterateOverArrayInferredOutputType.xml (RunModel)" time="0.024" />
  <testcase classname="ptolemy.util.test.junit.AutoTests" name="[40] /home/travis/build/icyphy/ptII/ptolemy/actor/lib/hoc/test/auto/MobileFunctionTest.xml (RunModel)" time="0.022" />
  <testcase classname="ptolemy.util.test.junit.AutoTests" name="[41] /home/travis/build/icyphy/ptII/ptolemy/actor/lib/hoc/test/auto/MobileModelTest.xml (RunModel)" time="0.198" />
  <testcase classname="ptolemy.util.test.junit.AutoTests" name="[42] /home/travis/build/icyphy/ptII/ptolemy/actor/lib/hoc/test/auto/ModelReference.xml (RunModel)" time="0.055" />
  <testcase classname="ptolemy.util.test.junit.AutoTests" name="[43] /home/travis/build/icyphy/ptII/ptolemy/actor/lib/hoc/test/auto/ModelReference3.xml (RunModel)" time="0.047" />
  <testcase classname="ptolemy.util.test.junit.AutoTests" name="[44] /home/travis/build/icyphy/ptII/ptolemy/actor/lib/hoc/test/auto/ModelReference4.xml (RunModel)" time="10.028" />
  <testcase classname="ptolemy.util.test.junit.AutoTests" name="[45] /home/travis/build/icyphy/ptII/ptolemy/actor/lib/hoc/test/auto/MultiInstanceComposite.xml (RunModel)" time="0.057" />
  <testcase classname="ptolemy.util.test.junit.AutoTests" name="[46] /home/travis/build/icyphy/ptII/ptolemy/actor/lib/hoc/test/auto/MultiInstanceComposite2.xml (RunModel)" time="0.041" />
  <testcase classname="ptolemy.util.test.junit.AutoTests" name="[47] /home/travis/build/icyphy/ptII/ptolemy/actor/lib/hoc/test/auto/MulticoreExecution.xml (RunModel)" time="1.105" />
  <testcase classname="ptolemy.util.test.junit.AutoTests" name="[48] /home/travis/build/icyphy/ptII/ptolemy/actor/lib/hoc/test/auto/ParallelExecution.xml (RunModel)" time="0.951" />
  <testcase classname="ptolemy.util.test.junit.AutoTests" name="[49] /home/travis/build/icyphy/ptII/ptolemy/actor/lib/hoc/test/auto/RunCompositeActor.xml (RunModel)" time="0.019" />
  <testcase classname="ptolemy.util.test.junit.AutoTests" name="[50] /home/travis/build/icyphy/ptII/ptolemy/actor/lib/hoc/test/auto/RunCompositeActor2.xml (RunModel)" time="0.017" />
  <testcase classname="ptolemy.util.test.junit.AutoTests" name="[51] /home/travis/build/icyphy/ptII/ptolemy/actor/lib/hoc/test/auto/RunCompositeActor3.xml (RunModel)" time="0.018" />
  <testcase classname="ptolemy.util.test.junit.AutoTests" name="[52] /home/travis/build/icyphy/ptII/ptolemy/actor/lib/hoc/test/auto/RunCompositeActor4.xml (RunModel)" time="0.025" />
  <testcase classname="ptolemy.util.test.junit.AutoTests" name="[53] /home/travis/build/icyphy/ptII/ptolemy/actor/lib/hoc/test/auto/RunCompositeIterateOverArray.xml (RunModel)" time="0.044" />
  <testcase classname="ptolemy.util.test.junit.AutoTests" name="[54] /home/travis/build/icyphy/ptII/ptolemy/actor/lib/hoc/test/auto/ThreadedJS.xml (RunModel)" time="11.548" />
  <system-out><![CDATA[/home/travis/build/icyphy/ptII/ptolemy/actor/lib/hoc/test/IterateOverArray.tcl
testDefs.tcl: setting time out to 9000 seconds at Tue Sep 22 15:47:34 UTC 2020
09/22/20 03:47:34
Failed: 0  Total Tests: 2  ((Passed: 2, Newly Passed: 0)  Known Failed: 0) /home/travis/build/icyphy/ptII/ptolemy/actor/lib/hoc/test
----------------- testing (KnownFailure) /home/travis/build/icyphy/ptII/ptolemy/actor/lib/hoc/test/auto/knownFailedTests/PreinitializeMustBeInvokedRunComposite.xml
104 ms. Memory: 129024K Free: 86984K (67%)
Known Failure: java.lang.reflect.InvocationTargetException
No auto/linux-amd64/*.xml tests in /home/travis/build/icyphy/ptII/ptolemy/actor/lib/hoc/test
AutoTests.java: About to close Vertx.
AutoTests.java: Vertx closed.

===========================================================================================
----------------- testing Tue Sep 22 15:47:35 UTC 2020 /home/travis/build/icyphy/ptII/ptolemy/actor/lib/hoc/test/auto/AllToAllMultiInstanceComposite.xml
----------------- Instantiating /home/travis/build/icyphy/ptII/ptolemy/actor/lib/hoc/test/auto/AllToAllMultiInstanceComposite.xml
169 ms. Memory: 129024K Free: 101048K (78%)
----------------- Invoking toplevel() on ptolemy.moml.MoMLSimpleApplication@797ad2a8
----------------- Done invoking toplevel() on ptolemy.moml.MoMLSimpleApplication@797ad2a8
reloadAllAccessors: .AllToAllMultiInstanceComposite

===========================================================================================
----------------- testing Tue Sep 22 15:47:35 UTC 2020 /home/travis/build/icyphy/ptII/ptolemy/actor/lib/hoc/test/auto/ApplyFFTTest.xml
----------------- Instantiating /home/travis/build/icyphy/ptII/ptolemy/actor/lib/hoc/test/auto/ApplyFFTTest.xml
115 ms. Memory: 129024K Free: 82181K (64%)
----------------- Invoking toplevel() on ptolemy.moml.MoMLSimpleApplication@46f631c8
----------------- Done invoking toplevel() on ptolemy.moml.MoMLSimpleApplication@46f631c8
reloadAllAccessors: .ApplyFFTTest

===========================================================================================
----------------- testing Tue Sep 22 15:47:36 UTC 2020 /home/travis/build/icyphy/ptII/ptolemy/actor/lib/hoc/test/auto/ApplyFunction.xml
----------------- Instantiating /home/travis/build/icyphy/ptII/ptolemy/actor/lib/hoc/test/auto/ApplyFunction.xml
4 ms. Memory: 129024K Free: 78821K (61%)
----------------- Invoking toplevel() on ptolemy.moml.MoMLSimpleApplication@7845bc5a
----------------- Done invoking toplevel() on ptolemy.moml.MoMLSimpleApplication@7845bc5a
reloadAllAccessors: .ApplyFunction

===========================================================================================
----------------- testing Tue Sep 22 15:47:36 UTC 2020 /home/travis/build/icyphy/ptII/ptolemy/actor/lib/hoc/test/auto/BackgroundExecution.xml
----------------- Instantiating /home/travis/build/icyphy/ptII/ptolemy/actor/lib/hoc/test/auto/BackgroundExecution.xml
619 ms. Memory: 129024K Free: 71941K (56%)
----------------- Invoking toplevel() on ptolemy.moml.MoMLSimpleApplication@4fdee9ba
----------------- Done invoking toplevel() on ptolemy.moml.MoMLSimpleApplication@4fdee9ba
reloadAllAccessors: .BackgroundExecution

===========================================================================================
----------------- testing Tue Sep 22 15:47:36 UTC 2020 /home/travis/build/icyphy/ptII/ptolemy/actor/lib/hoc/test/auto/Case.xml
----------------- Instantiating /home/travis/build/icyphy/ptII/ptolemy/actor/lib/hoc/test/auto/Case.xml
23 ms. Memory: 129024K Free: 106930K (83%)
----------------- Invoking toplevel() on ptolemy.moml.MoMLSimpleApplication@7c41cac3
----------------- Done invoking toplevel() on ptolemy.moml.MoMLSimpleApplication@7c41cac3
reloadAllAccessors: .Case

===========================================================================================
----------------- testing Tue Sep 22 15:47:37 UTC 2020 /home/travis/build/icyphy/ptII/ptolemy/actor/lib/hoc/test/auto/Case1.xml
----------------- Instantiating /home/travis/build/icyphy/ptII/ptolemy/actor/lib/hoc/test/auto/Case1.xml
8 ms. Memory: 129024K Free: 100460K (78%)
----------------- Invoking toplevel() on ptolemy.moml.MoMLSimpleApplication@75fefa7d
----------------- Done invoking toplevel() on ptolemy.moml.MoMLSimpleApplication@75fefa7d
reloadAllAccessors: .Case1

===========================================================================================
----------------- testing Tue Sep 22 15:47:37 UTC 2020 /home/travis/build/icyphy/ptII/ptolemy/actor/lib/hoc/test/auto/Case2.xml
----------------- Instantiating /home/travis/build/icyphy/ptII/ptolemy/actor/lib/hoc/test/auto/Case2.xml
41 ms. Memory: 129024K Free: 90264K (70%)
----------------- Invoking toplevel() on ptolemy.moml.MoMLSimpleApplication@62b8482c
----------------- Done invoking toplevel() on ptolemy.moml.MoMLSimpleApplication@62b8482c
reloadAllAccessors: .Case2

===========================================================================================
----------------- testing Tue Sep 22 15:47:37 UTC 2020 /home/travis/build/icyphy/ptII/ptolemy/actor/lib/hoc/test/auto/Case3.xml
----------------- Instantiating /home/travis/build/icyphy/ptII/ptolemy/actor/lib/hoc/test/auto/Case3.xml
7 ms. Memory: 129024K Free: 84120K (65%)
----------------- Invoking toplevel() on ptolemy.moml.MoMLSimpleApplication@69a3217
----------------- Done invoking toplevel() on ptolemy.moml.MoMLSimpleApplication@69a3217
reloadAllAccessors: .Case3

===========================================================================================
----------------- testing Tue Sep 22 15:47:37 UTC 2020 /home/travis/build/icyphy/ptII/ptolemy/actor/lib/hoc/test/auto/Case4.xml
----------------- Instantiating /home/travis/build/icyphy/ptII/ptolemy/actor/lib/hoc/test/auto/Case4.xml
10 ms. Memory: 129024K Free: 76623K (59%)
----------------- Invoking toplevel() on ptolemy.moml.MoMLSimpleApplication@2cdb1ac9
----------------- Done invoking toplevel() on ptolemy.moml.MoMLSimpleApplication@2cdb1ac9
reloadAllAccessors: .Case4

===========================================================================================
----------------- testing Tue Sep 22 15:47:37 UTC 2020 /home/travis/build/icyphy/ptII/ptolemy/actor/lib/hoc/test/auto/Case5.xml
----------------- Instantiating /home/travis/build/icyphy/ptII/ptolemy/actor/lib/hoc/test/auto/Case5.xml
24 ms. Memory: 129024K Free: 70111K (54%)
----------------- Invoking toplevel() on ptolemy.moml.MoMLSimpleApplication@5994d3ad
----------------- Done invoking toplevel() on ptolemy.moml.MoMLSimpleApplication@5994d3ad
reloadAllAccessors: .junk

===========================================================================================
----------------- testing Tue Sep 22 15:47:37 UTC 2020 /home/travis/build/icyphy/ptII/ptolemy/actor/lib/hoc/test/auto/Case6.xml
----------------- Instantiating /home/travis/build/icyphy/ptII/ptolemy/actor/lib/hoc/test/auto/Case6.xml
37 ms. Memory: 129024K Free: 107163K (83%)
----------------- Invoking toplevel() on ptolemy.moml.MoMLSimpleApplication@48d218ca
----------------- Done invoking toplevel() on ptolemy.moml.MoMLSimpleApplication@48d218ca
reloadAllAccessors: .Case6

===========================================================================================
----------------- testing Tue Sep 22 15:47:37 UTC 2020 /home/travis/build/icyphy/ptII/ptolemy/actor/lib/hoc/test/auto/CaseString2.xml
----------------- Instantiating /home/travis/build/icyphy/ptII/ptolemy/actor/lib/hoc/test/auto/CaseString2.xml
15 ms. Memory: 129024K Free: 99351K (77%)
----------------- Invoking toplevel() on ptolemy.moml.MoMLSimpleApplication@486b6350
----------------- Done invoking toplevel() on ptolemy.moml.MoMLSimpleApplication@486b6350
reloadAllAccessors: .CaseString2

===========================================================================================
----------------- testing Tue Sep 22 15:47:37 UTC 2020 /home/travis/build/icyphy/ptII/ptolemy/actor/lib/hoc/test/auto/CatchUpComposite1.xml
----------------- Instantiating /home/travis/build/icyphy/ptII/ptolemy/actor/lib/hoc/test/auto/CatchUpComposite1.xml
40 ms. Memory: 129024K Free: 90165K (70%)
----------------- Invoking toplevel() on ptolemy.moml.MoMLSimpleApplication@108671ce
----------------- Done invoking toplevel() on ptolemy.moml.MoMLSimpleApplication@108671ce
reloadAllAccessors: .CatchUpComposite1

===========================================================================================
----------------- testing Tue Sep 22 15:47:37 UTC 2020 /home/travis/build/icyphy/ptII/ptolemy/actor/lib/hoc/test/auto/CatchUpComposite2.xml
----------------- Instantiating /home/travis/build/icyphy/ptII/ptolemy/actor/lib/hoc/test/auto/CatchUpComposite2.xml
11 ms. Memory: 129024K Free: 82384K (64%)
----------------- Invoking toplevel() on ptolemy.moml.MoMLSimpleApplication@6cee4e06
----------------- Done invoking toplevel() on ptolemy.moml.MoMLSimpleApplication@6cee4e06
reloadAllAccessors: .CatchUpComposite2

===========================================================================================
----------------- testing Tue Sep 22 15:47:37 UTC 2020 /home/travis/build/icyphy/ptII/ptolemy/actor/lib/hoc/test/auto/CatchUpComposite3.xml
----------------- Instantiating /home/travis/build/icyphy/ptII/ptolemy/actor/lib/hoc/test/auto/CatchUpComposite3.xml
25 ms. Memory: 129024K Free: 73168K (57%)
----------------- Invoking toplevel() on ptolemy.moml.MoMLSimpleApplication@fb96fbf
----------------- Done invoking toplevel() on ptolemy.moml.MoMLSimpleApplication@fb96fbf
reloadAllAccessors: .CatchUpComposite3

===========================================================================================
----------------- testing Tue Sep 22 15:47:37 UTC 2020 /home/travis/build/icyphy/ptII/ptolemy/actor/lib/hoc/test/auto/CatchUpComposite4.xml
----------------- Instantiating /home/travis/build/icyphy/ptII/ptolemy/actor/lib/hoc/test/auto/CatchUpComposite4.xml
18 ms. Memory: 129024K Free: 65589K (51%)
----------------- Invoking toplevel() on ptolemy.moml.MoMLSimpleApplication@533823d2
----------------- Done invoking toplevel() on ptolemy.moml.MoMLSimpleApplication@533823d2
reloadAllAccessors: .CatchUpComposite4

===========================================================================================
----------------- testing Tue Sep 22 15:47:37 UTC 2020 /home/travis/build/icyphy/ptII/ptolemy/actor/lib/hoc/test/auto/CatchUpComposite5.xml
----------------- Instantiating /home/travis/build/icyphy/ptII/ptolemy/actor/lib/hoc/test/auto/CatchUpComposite5.xml
12 ms. Memory: 129024K Free: 57397K (44%)
----------------- Invoking toplevel() on ptolemy.moml.MoMLSimpleApplication@64da5d4
----------------- Done invoking toplevel() on ptolemy.moml.MoMLSimpleApplication@64da5d4
reloadAllAccessors: .CatchUpComposite5

===========================================================================================
----------------- testing Tue Sep 22 15:47:37 UTC 2020 /home/travis/build/icyphy/ptII/ptolemy/actor/lib/hoc/test/auto/CatchUpComposite6.xml
----------------- Instantiating /home/travis/build/icyphy/ptII/ptolemy/actor/lib/hoc/test/auto/CatchUpComposite6.xml
WARNING: The execution aspects in this model can influence the timing of actors by delaying the 
execution, potentially changing the behavior. There is no guarantee that actors fire at the 
time they request to be fired. 
Use Ptides for deterministic DE behavior that is not influenced by execution aspects. 

84 ms. Memory: 129024K Free: 103748K (80%)
----------------- Invoking toplevel() on ptolemy.moml.MoMLSimpleApplication@5b181898
----------------- Done invoking toplevel() on ptolemy.moml.MoMLSimpleApplication@5b181898
reloadAllAccessors: .CatchUpComposite6

===========================================================================================
----------------- testing Tue Sep 22 15:47:38 UTC 2020 /home/travis/build/icyphy/ptII/ptolemy/actor/lib/hoc/test/auto/CatchUpComposite7.xml
----------------- Instantiating /home/travis/build/icyphy/ptII/ptolemy/actor/lib/hoc/test/auto/CatchUpComposite7.xml
WARNING: The execution aspects in this model can influence the timing of actors by delaying the 
execution, potentially changing the behavior. There is no guarantee that actors fire at the 
time they request to be fired. 
Use Ptides for deterministic DE behavior that is not influenced by execution aspects. 

25 ms. Memory: 129024K Free: 89412K (69%)
----------------- Invoking toplevel() on ptolemy.moml.MoMLSimpleApplication@4853347e
----------------- Done invoking toplevel() on ptolemy.moml.MoMLSimpleApplication@4853347e
reloadAllAccessors: .CatchUpComposite7

===========================================================================================
----------------- testing Tue Sep 22 15:47:38 UTC 2020 /home/travis/build/icyphy/ptII/ptolemy/actor/lib/hoc/test/auto/ConcurrentExecutionTimeSDF.xml
----------------- Instantiating /home/travis/build/icyphy/ptII/ptolemy/actor/lib/hoc/test/auto/ConcurrentExecutionTimeSDF.xml
Fired ExecutionTime: 40400000
Fired ExecutionTime: 40400000
Fired ExecutionTime: 40400000
Fired ExecutionTime: 40400000
Fired ExecutionTime: 40400000
Fired ExecutionTime: 40400000
Fired ExecutionTime: 40400000
Fired ExecutionTime: 40400000
Fired ExecutionTime: 40400000
Fired ExecutionTime: 40400000
Fired ExecutionTime: 40400000
Fired ExecutionTime: 40400000
Fired ExecutionTime: 40400000
Fired ExecutionTime: 40400000
Fired ExecutionTime: 40400000
Fired ExecutionTime: 40400000
Fired ExecutionTime: 40400000
Fired ExecutionTime: 40400000
Fired ExecutionTime: 40400000
Fired ExecutionTime: 40400000
1229 ms. Memory: 129024K Free: 82244K (64%)
----------------- Invoking toplevel() on ptolemy.moml.MoMLSimpleApplication@34497f53
----------------- Done invoking toplevel() on ptolemy.moml.MoMLSimpleApplication@34497f53
reloadAllAccessors: .ConcurrentExecutionTimeSDF

===========================================================================================
----------------- testing Tue Sep 22 15:47:39 UTC 2020 /home/travis/build/icyphy/ptII/ptolemy/actor/lib/hoc/test/auto/ConcurrentSleep.xml
----------------- Instantiating /home/travis/build/icyphy/ptII/ptolemy/actor/lib/hoc/test/auto/ConcurrentSleep.xml
729 ms. Memory: 129024K Free: 71897K (56%)
----------------- Invoking toplevel() on ptolemy.moml.MoMLSimpleApplication@8db9238
----------------- Done invoking toplevel() on ptolemy.moml.MoMLSimpleApplication@8db9238
reloadAllAccessors: .ConcurrentSleep

===========================================================================================
----------------- testing Tue Sep 22 15:47:40 UTC 2020 /home/travis/build/icyphy/ptII/ptolemy/actor/lib/hoc/test/auto/DEInPNInRunCompositeActor.xml
----------------- Instantiating /home/travis/build/icyphy/ptII/ptolemy/actor/lib/hoc/test/auto/DEInPNInRunCompositeActor.xml
12 ms. Memory: 129024K Free: 66777K (52%)
----------------- Invoking toplevel() on ptolemy.moml.MoMLSimpleApplication@39315faf
----------------- Done invoking toplevel() on ptolemy.moml.MoMLSimpleApplication@39315faf
reloadAllAccessors: .DEInPNInRunCompositeActor

===========================================================================================
----------------- testing Tue Sep 22 15:47:40 UTC 2020 /home/travis/build/icyphy/ptII/ptolemy/actor/lib/hoc/test/auto/DFTSubSetTest.xml
----------------- Instantiating /home/travis/build/icyphy/ptII/ptolemy/actor/lib/hoc/test/auto/DFTSubSetTest.xml
196 ms. Memory: 165888K Free: 129071K (78%)
----------------- Invoking toplevel() on ptolemy.moml.MoMLSimpleApplication@75793b32
----------------- Done invoking toplevel() on ptolemy.moml.MoMLSimpleApplication@75793b32
reloadAllAccessors: .DFTSubSetTest

===========================================================================================
----------------- testing Tue Sep 22 15:47:40 UTC 2020 /home/travis/build/icyphy/ptII/ptolemy/actor/lib/hoc/test/auto/HocDE.xml
----------------- Instantiating /home/travis/build/icyphy/ptII/ptolemy/actor/lib/hoc/test/auto/HocDE.xml
130 ms. Memory: 165888K Free: 103697K (63%)
----------------- Invoking toplevel() on ptolemy.moml.MoMLSimpleApplication@d135481
----------------- Done invoking toplevel() on ptolemy.moml.MoMLSimpleApplication@d135481
reloadAllAccessors: .HocDE

===========================================================================================
----------------- testing Tue Sep 22 15:47:40 UTC 2020 /home/travis/build/icyphy/ptII/ptolemy/actor/lib/hoc/test/auto/IterateOverArray.xml
----------------- Instantiating /home/travis/build/icyphy/ptII/ptolemy/actor/lib/hoc/test/auto/IterateOverArray.xml
6 ms. Memory: 165888K Free: 99091K (60%)
----------------- Invoking toplevel() on ptolemy.moml.MoMLSimpleApplication@5c3a6521
----------------- Done invoking toplevel() on ptolemy.moml.MoMLSimpleApplication@5c3a6521
reloadAllAccessors: .IterateOverArray

===========================================================================================
----------------- testing Tue Sep 22 15:47:40 UTC 2020 /home/travis/build/icyphy/ptII/ptolemy/actor/lib/hoc/test/auto/IterateOverArray10.xml
----------------- Instantiating /home/travis/build/icyphy/ptII/ptolemy/actor/lib/hoc/test/auto/IterateOverArray10.xml
3 ms. Memory: 165888K Free: 95505K (58%)
----------------- Invoking toplevel() on ptolemy.moml.MoMLSimpleApplication@583bf21
----------------- Done invoking toplevel() on ptolemy.moml.MoMLSimpleApplication@583bf21
reloadAllAccessors: .IterateOverArray10

===========================================================================================
----------------- testing Tue Sep 22 15:47:40 UTC 2020 /home/travis/build/icyphy/ptII/ptolemy/actor/lib/hoc/test/auto/IterateOverArray11.xml
----------------- Instantiating /home/travis/build/icyphy/ptII/ptolemy/actor/lib/hoc/test/auto/IterateOverArray11.xml
4 ms. Memory: 165888K Free: 91409K (55%)
----------------- Invoking toplevel() on ptolemy.moml.MoMLSimpleApplication@539032df
----------------- Done invoking toplevel() on ptolemy.moml.MoMLSimpleApplication@539032df
reloadAllAccessors: .IterateOverArray11

===========================================================================================
----------------- testing Tue Sep 22 15:47:40 UTC 2020 /home/travis/build/icyphy/ptII/ptolemy/actor/lib/hoc/test/auto/IterateOverArray12.xml
----------------- Instantiating /home/travis/build/icyphy/ptII/ptolemy/actor/lib/hoc/test/auto/IterateOverArray12.xml
10 ms. Memory: 165888K Free: 85265K (51%)
----------------- Invoking toplevel() on ptolemy.moml.MoMLSimpleApplication@20c552dd
----------------- Done invoking toplevel() on ptolemy.moml.MoMLSimpleApplication@20c552dd
reloadAllAccessors: .IterateOverArray12

===========================================================================================
----------------- testing Tue Sep 22 15:47:40 UTC 2020 /home/travis/build/icyphy/ptII/ptolemy/actor/lib/hoc/test/auto/IterateOverArray13.xml
----------------- Instantiating /home/travis/build/icyphy/ptII/ptolemy/actor/lib/hoc/test/auto/IterateOverArray13.xml
84 ms. Memory: 165888K Free: 140908K (85%)
----------------- Invoking toplevel() on ptolemy.moml.MoMLSimpleApplication@2dab91c3
----------------- Done invoking toplevel() on ptolemy.moml.MoMLSimpleApplication@2dab91c3
reloadAllAccessors: .IterateOverArray13

===========================================================================================
----------------- testing Tue Sep 22 15:47:40 UTC 2020 /home/travis/build/icyphy/ptII/ptolemy/actor/lib/hoc/test/auto/IterateOverArray14.xml
----------------- Instantiating /home/travis/build/icyphy/ptII/ptolemy/actor/lib/hoc/test/auto/IterateOverArray14.xml
63 ms. Memory: 165888K Free: 108088K (65%)
----------------- Invoking toplevel() on ptolemy.moml.MoMLSimpleApplication@171285d9
----------------- Done invoking toplevel() on ptolemy.moml.MoMLSimpleApplication@171285d9
reloadAllAccessors: .IterateOverArray14

===========================================================================================
----------------- testing Tue Sep 22 15:47:40 UTC 2020 /home/travis/build/icyphy/ptII/ptolemy/actor/lib/hoc/test/auto/IterateOverArray2.xml
----------------- Instantiating /home/travis/build/icyphy/ptII/ptolemy/actor/lib/hoc/test/auto/IterateOverArray2.xml
7 ms. Memory: 165888K Free: 103444K (62%)
----------------- Invoking toplevel() on ptolemy.moml.MoMLSimpleApplication@15178322
----------------- Done invoking toplevel() on ptolemy.moml.MoMLSimpleApplication@15178322
reloadAllAccessors: .IterateOverArray2

===========================================================================================
----------------- testing Tue Sep 22 15:47:41 UTC 2020 /home/travis/build/icyphy/ptII/ptolemy/actor/lib/hoc/test/auto/IterateOverArray3.xml
----------------- Instantiating /home/travis/build/icyphy/ptII/ptolemy/actor/lib/hoc/test/auto/IterateOverArray3.xml
17 ms. Memory: 165888K Free: 97300K (59%)
----------------- Invoking toplevel() on ptolemy.moml.MoMLSimpleApplication@2fa93b02
----------------- Done invoking toplevel() on ptolemy.moml.MoMLSimpleApplication@2fa93b02
reloadAllAccessors: .IterateOverArray3

===========================================================================================
----------------- testing Tue Sep 22 15:47:41 UTC 2020 /home/travis/build/icyphy/ptII/ptolemy/actor/lib/hoc/test/auto/IterateOverArray4.xml
----------------- Instantiating /home/travis/build/icyphy/ptII/ptolemy/actor/lib/hoc/test/auto/IterateOverArray4.xml
5 ms. Memory: 165888K Free: 93204K (56%)
----------------- Invoking toplevel() on ptolemy.moml.MoMLSimpleApplication@1c98adc
----------------- Done invoking toplevel() on ptolemy.moml.MoMLSimpleApplication@1c98adc
reloadAllAccessors: .IterateOverArray4

===========================================================================================
----------------- testing Tue Sep 22 15:47:41 UTC 2020 /home/travis/build/icyphy/ptII/ptolemy/actor/lib/hoc/test/auto/IterateOverArray5.xml
----------------- Instantiating /home/travis/build/icyphy/ptII/ptolemy/actor/lib/hoc/test/auto/IterateOverArray5.xml
3 ms. Memory: 165888K Free: 89108K (54%)
----------------- Invoking toplevel() on ptolemy.moml.MoMLSimpleApplication@6ac96939
----------------- Done invoking toplevel() on ptolemy.moml.MoMLSimpleApplication@6ac96939
reloadAllAccessors: .IterateOverArray5

===========================================================================================
----------------- testing Tue Sep 22 15:47:41 UTC 2020 /home/travis/build/icyphy/ptII/ptolemy/actor/lib/hoc/test/auto/IterateOverArray6.xml
----------------- Instantiating /home/travis/build/icyphy/ptII/ptolemy/actor/lib/hoc/test/auto/IterateOverArray6.xml
3 ms. Memory: 165888K Free: 85530K (52%)
----------------- Invoking toplevel() on ptolemy.moml.MoMLSimpleApplication@3b8d74f
----------------- Done invoking toplevel() on ptolemy.moml.MoMLSimpleApplication@3b8d74f
reloadAllAccessors: .IterateOverArray6

===========================================================================================
----------------- testing Tue Sep 22 15:47:41 UTC 2020 /home/travis/build/icyphy/ptII/ptolemy/actor/lib/hoc/test/auto/IterateOverArray7.xml
----------------- Instantiating /home/travis/build/icyphy/ptII/ptolemy/actor/lib/hoc/test/auto/IterateOverArray7.xml
9 ms. Memory: 165888K Free: 80916K (49%)
----------------- Invoking toplevel() on ptolemy.moml.MoMLSimpleApplication@8039f5e
----------------- Done invoking toplevel() on ptolemy.moml.MoMLSimpleApplication@8039f5e
reloadAllAccessors: .IterateOverArray7

===========================================================================================
----------------- testing Tue Sep 22 15:47:41 UTC 2020 /home/travis/build/icyphy/ptII/ptolemy/actor/lib/hoc/test/auto/IterateOverArray8.xml
----------------- Instantiating /home/travis/build/icyphy/ptII/ptolemy/actor/lib/hoc/test/auto/IterateOverArray8.xml
4 ms. Memory: 165888K Free: 76820K (46%)
----------------- Invoking toplevel() on ptolemy.moml.MoMLSimpleApplication@6dceb8c6
----------------- Done invoking toplevel() on ptolemy.moml.MoMLSimpleApplication@6dceb8c6
reloadAllAccessors: .IterateOverArray8

===========================================================================================
----------------- testing Tue Sep 22 15:47:41 UTC 2020 /home/travis/build/icyphy/ptII/ptolemy/actor/lib/hoc/test/auto/IterateOverArray9.xml
----------------- Instantiating /home/travis/build/icyphy/ptII/ptolemy/actor/lib/hoc/test/auto/IterateOverArray9.xml
6 ms. Memory: 165888K Free: 72724K (44%)
----------------- Invoking toplevel() on ptolemy.moml.MoMLSimpleApplication@5bf166c2
----------------- Done invoking toplevel() on ptolemy.moml.MoMLSimpleApplication@5bf166c2
reloadAllAccessors: .IterateOverArray9

===========================================================================================
----------------- testing Tue Sep 22 15:47:41 UTC 2020 /home/travis/build/icyphy/ptII/ptolemy/actor/lib/hoc/test/auto/IterateOverArrayCoercedOutputType.xml
----------------- Instantiating /home/travis/build/icyphy/ptII/ptolemy/actor/lib/hoc/test/auto/IterateOverArrayCoercedOutputType.xml
6 ms. Memory: 165888K Free: 67604K (41%)
----------------- Invoking toplevel() on ptolemy.moml.MoMLSimpleApplication@2af51639
----------------- Done invoking toplevel() on ptolemy.moml.MoMLSimpleApplication@2af51639
reloadAllAccessors: .IterateOverArrayCoercedOutputType

===========================================================================================
----------------- testing Tue Sep 22 15:47:41 UTC 2020 /home/travis/build/icyphy/ptII/ptolemy/actor/lib/hoc/test/auto/IterateOverArrayInferredOutputType.xml
----------------- Instantiating /home/travis/build/icyphy/ptII/ptolemy/actor/lib/hoc/test/auto/IterateOverArrayInferredOutputType.xml
7 ms. Memory: 165888K Free: 63010K (38%)
----------------- Invoking toplevel() on ptolemy.moml.MoMLSimpleApplication@2f99f8ae
----------------- Done invoking toplevel() on ptolemy.moml.MoMLSimpleApplication@2f99f8ae
reloadAllAccessors: .IterateOverArrayInferredOutputType

===========================================================================================
----------------- testing Tue Sep 22 15:47:41 UTC 2020 /home/travis/build/icyphy/ptII/ptolemy/actor/lib/hoc/test/auto/MobileFunctionTest.xml
----------------- Instantiating /home/travis/build/icyphy/ptII/ptolemy/actor/lib/hoc/test/auto/MobileFunctionTest.xml
4 ms. Memory: 165888K Free: 58898K (36%)
----------------- Invoking toplevel() on ptolemy.moml.MoMLSimpleApplication@76da440f
----------------- Done invoking toplevel() on ptolemy.moml.MoMLSimpleApplication@76da440f
reloadAllAccessors: .MobileFunctionTest

===========================================================================================
----------------- testing Tue Sep 22 15:47:41 UTC 2020 /home/travis/build/icyphy/ptII/ptolemy/actor/lib/hoc/test/auto/MobileModelTest.xml
----------------- Instantiating /home/travis/build/icyphy/ptII/ptolemy/actor/lib/hoc/test/auto/MobileModelTest.xml
173 ms. Memory: 165888K Free: 134434K (81%)
----------------- Invoking toplevel() on ptolemy.moml.MoMLSimpleApplication@baba026
----------------- Done invoking toplevel() on ptolemy.moml.MoMLSimpleApplication@baba026
reloadAllAccessors: .MobileModelTest

===========================================================================================
----------------- testing Tue Sep 22 15:47:41 UTC 2020 /home/travis/build/icyphy/ptII/ptolemy/actor/lib/hoc/test/auto/ModelReference.xml
----------------- Instantiating /home/travis/build/icyphy/ptII/ptolemy/actor/lib/hoc/test/auto/ModelReference.xml
2 ms. Memory: 165888K Free: 127819K (77%)
4 ms. Memory: 165888K Free: 127277K (77%)
2 ms. Memory: 165888K Free: 126253K (76%)
1 ms. Memory: 165888K Free: 125229K (75%)
4 ms. Memory: 165888K Free: 124747K (75%)
2 ms. Memory: 165888K Free: 123723K (75%)
2 ms. Memory: 165888K Free: 123203K (74%)
1 ms. Memory: 165888K Free: 122149K (74%)
3 ms. Memory: 165888K Free: 121125K (73%)
2 ms. Memory: 165888K Free: 120627K (73%)
31 ms. Memory: 165888K Free: 120627K (73%)
----------------- Invoking toplevel() on ptolemy.moml.MoMLSimpleApplication@225688b7
----------------- Done invoking toplevel() on ptolemy.moml.MoMLSimpleApplication@225688b7
reloadAllAccessors: .ModelReference

===========================================================================================
----------------- testing Tue Sep 22 15:47:41 UTC 2020 /home/travis/build/icyphy/ptII/ptolemy/actor/lib/hoc/test/auto/ModelReference3.xml
----------------- Instantiating /home/travis/build/icyphy/ptII/ptolemy/actor/lib/hoc/test/auto/ModelReference3.xml
2 ms. Memory: 165888K Free: 115507K (70%)
4 ms. Memory: 165888K Free: 114965K (69%)
2 ms. Memory: 165888K Free: 113987K (69%)
3 ms. Memory: 165888K Free: 113505K (68%)
3 ms. Memory: 165888K Free: 112427K (68%)
1 ms. Memory: 165888K Free: 111417K (67%)
3 ms. Memory: 165888K Free: 110898K (67%)
3 ms. Memory: 165888K Free: 109891K (66%)
2 ms. Memory: 165888K Free: 109409K (66%)
2 ms. Memory: 165888K Free: 108331K (65%)
33 ms. Memory: 165888K Free: 108331K (65%)
----------------- Invoking toplevel() on ptolemy.moml.MoMLSimpleApplication@3f4eae84
----------------- Done invoking toplevel() on ptolemy.moml.MoMLSimpleApplication@3f4eae84
reloadAllAccessors: .ModelReference3

===========================================================================================
----------------- testing Tue Sep 22 15:47:41 UTC 2020 /home/travis/build/icyphy/ptII/ptolemy/actor/lib/hoc/test/auto/ModelReference4.xml
----------------- Instantiating /home/travis/build/icyphy/ptII/ptolemy/actor/lib/hoc/test/auto/ModelReference4.xml
3 ms. Memory: 165888K Free: 103725K (63%)
9 ms. Memory: 165888K Free: 102195K (62%)
2 ms. Memory: 165888K Free: 101163K (61%)
3 ms. Memory: 165888K Free: 99637K (60%)
2 ms. Memory: 165888K Free: 98091K (59%)
8 ms. Memory: 165888K Free: 97091K (59%)
2 ms. Memory: 165888K Free: 95533K (58%)
2 ms. Memory: 165888K Free: 94517K (57%)
2 ms. Memory: 165888K Free: 92995K (56%)
2 ms. Memory: 165888K Free: 91963K (55%)
10017 ms. Memory: 165888K Free: 91963K (55%)
----------------- Invoking toplevel() on ptolemy.moml.MoMLSimpleApplication@7ab890ef
----------------- Done invoking toplevel() on ptolemy.moml.MoMLSimpleApplication@7ab890ef
reloadAllAccessors: .ModelReference4

===========================================================================================
----------------- testing Tue Sep 22 15:47:51 UTC 2020 /home/travis/build/icyphy/ptII/ptolemy/actor/lib/hoc/test/auto/MultiInstanceComposite.xml
----------------- Instantiating /home/travis/build/icyphy/ptII/ptolemy/actor/lib/hoc/test/auto/MultiInstanceComposite.xml
27 ms. Memory: 165888K Free: 73027K (44%)
----------------- Invoking toplevel() on ptolemy.moml.MoMLSimpleApplication@2657fd48
----------------- Done invoking toplevel() on ptolemy.moml.MoMLSimpleApplication@2657fd48
reloadAllAccessors: .MultiInstanceComposite

===========================================================================================
----------------- testing Tue Sep 22 15:47:51 UTC 2020 /home/travis/build/icyphy/ptII/ptolemy/actor/lib/hoc/test/auto/MultiInstanceComposite2.xml
----------------- Instantiating /home/travis/build/icyphy/ptII/ptolemy/actor/lib/hoc/test/auto/MultiInstanceComposite2.xml
25 ms. Memory: 165888K Free: 61741K (37%)
----------------- Invoking toplevel() on ptolemy.moml.MoMLSimpleApplication@5b06fbd5
----------------- Done invoking toplevel() on ptolemy.moml.MoMLSimpleApplication@5b06fbd5
reloadAllAccessors: .MultiInstanceComposite2

===========================================================================================
----------------- testing Tue Sep 22 15:47:51 UTC 2020 /home/travis/build/icyphy/ptII/ptolemy/actor/lib/hoc/test/auto/MulticoreExecution.xml
----------------- Instantiating /home/travis/build/icyphy/ptII/ptolemy/actor/lib/hoc/test/auto/MulticoreExecution.xml
Fired ExecutionTime: 2400000
Fired ExecutionTime: 2800000
Fired ExecutionTime: 4400000
Fired ExecutionTime: 2400000
Fired ExecutionTime: 4000000
Fired ExecutionTime: 2400000
Fired ExecutionTime: 18000000
Fired ExecutionTime: 22400000
Fired ExecutionTime: 72000000
Fired ExecutionTime: 76800000
Fired ExecutionTime: 110800000
Fired ExecutionTime: 116400000
Fired ExecutionTime: 112400000
Fired ExecutionTime: 111200000
Fired ExecutionTime: 112400000
Fired ExecutionTime: 111600000
Fired ExecutionTime: 112800000
Fired ExecutionTime: 113200000
Fired ExecutionTime: 111600000
Fired ExecutionTime: 114800000
1087 ms. Memory: 165888K Free: 149391K (90%)
----------------- Invoking toplevel() on ptolemy.moml.MoMLSimpleApplication@6db112a8
----------------- Done invoking toplevel() on ptolemy.moml.MoMLSimpleApplication@6db112a8
reloadAllAccessors: .MulticoreExecution

===========================================================================================
----------------- testing Tue Sep 22 15:47:52 UTC 2020 /home/travis/build/icyphy/ptII/ptolemy/actor/lib/hoc/test/auto/ParallelExecution.xml
----------------- Instantiating /home/travis/build/icyphy/ptII/ptolemy/actor/lib/hoc/test/auto/ParallelExecution.xml
912 ms. Memory: 165888K Free: 141258K (85%)
----------------- Invoking toplevel() on ptolemy.moml.MoMLSimpleApplication@47e57789
----------------- Done invoking toplevel() on ptolemy.moml.MoMLSimpleApplication@47e57789
reloadAllAccessors: .ParallelExecution

===========================================================================================
----------------- testing Tue Sep 22 15:47:53 UTC 2020 /home/travis/build/icyphy/ptII/ptolemy/actor/lib/hoc/test/auto/RunCompositeActor.xml
----------------- Instantiating /home/travis/build/icyphy/ptII/ptolemy/actor/lib/hoc/test/auto/RunCompositeActor.xml
7 ms. Memory: 165888K Free: 134076K (81%)
----------------- Invoking toplevel() on ptolemy.moml.MoMLSimpleApplication@31d1f744
----------------- Done invoking toplevel() on ptolemy.moml.MoMLSimpleApplication@31d1f744
reloadAllAccessors: .RunCompositeActor

===========================================================================================
----------------- testing Tue Sep 22 15:47:53 UTC 2020 /home/travis/build/icyphy/ptII/ptolemy/actor/lib/hoc/test/auto/RunCompositeActor2.xml
----------------- Instantiating /home/travis/build/icyphy/ptII/ptolemy/actor/lib/hoc/test/auto/RunCompositeActor2.xml
3 ms. Memory: 165888K Free: 128413K (77%)
----------------- Invoking toplevel() on ptolemy.moml.MoMLSimpleApplication@32a747e4
----------------- Done invoking toplevel() on ptolemy.moml.MoMLSimpleApplication@32a747e4
reloadAllAccessors: .RunCompositeActor2

===========================================================================================
----------------- testing Tue Sep 22 15:47:53 UTC 2020 /home/travis/build/icyphy/ptII/ptolemy/actor/lib/hoc/test/auto/RunCompositeActor3.xml
----------------- Instantiating /home/travis/build/icyphy/ptII/ptolemy/actor/lib/hoc/test/auto/RunCompositeActor3.xml
3 ms. Memory: 165888K Free: 122804K (74%)
----------------- Invoking toplevel() on ptolemy.moml.MoMLSimpleApplication@37d88eff
----------------- Done invoking toplevel() on ptolemy.moml.MoMLSimpleApplication@37d88eff
reloadAllAccessors: .RunCompositeActor3

===========================================================================================
----------------- testing Tue Sep 22 15:47:53 UTC 2020 /home/travis/build/icyphy/ptII/ptolemy/actor/lib/hoc/test/auto/RunCompositeActor4.xml
----------------- Instantiating /home/travis/build/icyphy/ptII/ptolemy/actor/lib/hoc/test/auto/RunCompositeActor4.xml
12 ms. Memory: 165888K Free: 114604K (69%)
----------------- Invoking toplevel() on ptolemy.moml.MoMLSimpleApplication@1d712895
----------------- Done invoking toplevel() on ptolemy.moml.MoMLSimpleApplication@1d712895
reloadAllAccessors: .RunCompositeActor4

===========================================================================================
----------------- testing Tue Sep 22 15:47:53 UTC 2020 /home/travis/build/icyphy/ptII/ptolemy/actor/lib/hoc/test/auto/RunCompositeIterateOverArray.xml
----------------- Instantiating /home/travis/build/icyphy/ptII/ptolemy/actor/lib/hoc/test/auto/RunCompositeIterateOverArray.xml
8 ms. Memory: 165888K Free: 108933K (66%)
----------------- Invoking toplevel() on ptolemy.moml.MoMLSimpleApplication@461eb5de
----------------- Done invoking toplevel() on ptolemy.moml.MoMLSimpleApplication@461eb5de
reloadAllAccessors: .RunCompositeIterateOverArray

===========================================================================================
----------------- testing Tue Sep 22 15:47:53 UTC 2020 /home/travis/build/icyphy/ptII/ptolemy/actor/lib/hoc/test/auto/ThreadedJS.xml
----------------- Instantiating /home/travis/build/icyphy/ptII/ptolemy/actor/lib/hoc/test/auto/ThreadedJS.xml
5244 ms. Memory: 239616K Free: 103260K (43%)
----------------- Invoking toplevel() on ptolemy.moml.MoMLSimpleApplication@c8c7bc5
----------------- Done invoking toplevel() on ptolemy.moml.MoMLSimpleApplication@c8c7bc5
reloadAllAccessors: .ThreadedJS
AutoTests.java: About to close Vertx.
AutoTests.java: Vertx closed.
]]></system-out>
  <system-err><![CDATA[java.lang.RuntimeException: Execution failed
	at ptolemy.moml.MoMLSimpleApplication$UnloadThread.run(MoMLSimpleApplication.java:402)
Caused by: ptolemy.kernel.util.IllegalActionException: initialize() was called after wrapup() was called but preinitialize() was not called after wrapup().
	at ptolemy.actor.lib.hoc.test.PreinitializeMustBeInvoked.initialize(PreinitializeMustBeInvoked.java:78)
	at ptolemy.actor.Director.initialize(Director.java:938)
	at ptolemy.actor.Director.initialize(Director.java:907)
	at ptolemy.actor.sched.StaticSchedulingDirector.initialize(StaticSchedulingDirector.java:159)
	at ptolemy.domains.sdf.kernel.SDFDirector.initialize(SDFDirector.java:544)
	at ptolemy.actor.CompositeActor.initialize(CompositeActor.java:935)
	at ptolemy.actor.lib.hoc.LifeCycleManager._executeInsideModel(LifeCycleManager.java:339)
	at ptolemy.actor.lib.hoc.RunCompositeActor.fire(RunCompositeActor.java:205)
	at ptolemy.actor.CompositeActor.iterate(CompositeActor.java:1146)
	at ptolemy.actor.sched.StaticSchedulingDirector.fire(StaticSchedulingDirector.java:216)
	at ptolemy.domains.sdf.kernel.SDFDirector.fire(SDFDirector.java:500)
	at ptolemy.actor.CompositeActor.fire(CompositeActor.java:455)
	at ptolemy.actor.Manager.iterate(Manager.java:851)
	at ptolemy.actor.Manager.execute(Manager.java:369)
	at ptolemy.actor.Manager.run(Manager.java:1263)
	at ptolemy.actor.Manager$PtolemyRunThread.run(Manager.java:1933)
java.lang.reflect.InvocationTargetException
	at java.base/jdk.internal.reflect.NativeConstructorAccessorImpl.newInstance0(Native Method)
	at java.base/jdk.internal.reflect.NativeConstructorAccessorImpl.newInstance(NativeConstructorAccessorImpl.java:62)
	at java.base/jdk.internal.reflect.DelegatingConstructorAccessorImpl.newInstance(DelegatingConstructorAccessorImpl.java:45)
	at java.base/java.lang.reflect.Constructor.newInstance(Constructor.java:490)
	at ptolemy.util.test.junit.AutoKnownFailedTests.RunModel(AutoKnownFailedTests.java:105)
	at java.base/jdk.internal.reflect.NativeMethodAccessorImpl.invoke0(Native Method)
	at java.base/jdk.internal.reflect.NativeMethodAccessorImpl.invoke(NativeMethodAccessorImpl.java:62)
	at java.base/jdk.internal.reflect.DelegatingMethodAccessorImpl.invoke(DelegatingMethodAccessorImpl.java:43)
	at java.base/java.lang.reflect.Method.invoke(Method.java:566)
	at org.junit.runners.model.FrameworkMethod$1.runReflectiveCall(FrameworkMethod.java:44)
	at org.junit.internal.runners.model.ReflectiveCallable.run(ReflectiveCallable.java:15)
	at org.junit.runners.model.FrameworkMethod.invokeExplosively(FrameworkMethod.java:41)
	at junitparams.internal.InvokeParameterisedMethod.evaluate(InvokeParameterisedMethod.java:102)
	at org.junit.internal.runners.statements.FailOnTimeout$1.run(FailOnTimeout.java:28)
Caused by: ptolemy.kernel.util.IllegalActionException: initialize() was called after wrapup() was called but preinitialize() was not called after wrapup().
	at ptolemy.actor.lib.hoc.test.PreinitializeMustBeInvoked.initialize(PreinitializeMustBeInvoked.java:78)
	at ptolemy.actor.Director.initialize(Director.java:938)
	at ptolemy.actor.Director.initialize(Director.java:907)
	at ptolemy.actor.sched.StaticSchedulingDirector.initialize(StaticSchedulingDirector.java:159)
	at ptolemy.domains.sdf.kernel.SDFDirector.initialize(SDFDirector.java:544)
	at ptolemy.actor.CompositeActor.initialize(CompositeActor.java:935)
	at ptolemy.actor.lib.hoc.LifeCycleManager._executeInsideModel(LifeCycleManager.java:339)
	at ptolemy.actor.lib.hoc.RunCompositeActor.fire(RunCompositeActor.java:205)
	at ptolemy.actor.CompositeActor.iterate(CompositeActor.java:1146)
	at ptolemy.actor.sched.StaticSchedulingDirector.fire(StaticSchedulingDirector.java:216)
	at ptolemy.domains.sdf.kernel.SDFDirector.fire(SDFDirector.java:500)
	at ptolemy.actor.CompositeActor.fire(CompositeActor.java:455)
	at ptolemy.actor.Manager.iterate(Manager.java:851)
	at ptolemy.actor.Manager.execute(Manager.java:369)
	at ptolemy.actor.Manager.run(Manager.java:1263)
	at ptolemy.actor.Manager$PtolemyRunThread.run(Manager.java:1933)
Warning: Nashorn engine is planned to be removed from a future JDK release
Warning: Nashorn engine is planned to be removed from a future JDK release
Warning: Nashorn engine is planned to be removed from a future JDK release
Warning: Nashorn engine is planned to be removed from a future JDK release
Warning: Nashorn engine is planned to be removed from a future JDK release
Warning: Nashorn engine is planned to be removed from a future JDK release
Warning: Nashorn engine is planned to be removed from a future JDK release
Warning: Nashorn engine is planned to be removed from a future JDK release
]]></system-err>
</testsuite>
