<?xml version="1.0" encoding="UTF-8" ?>
<testsuite errors="0" failures="0" hostname="travis-job-a353539d-1233-4eb8-9433-dc102d6c75b8" name="ptolemy.domains.de.test.junit.JUnitTclTest" skipped="0" tests="101" time="136.897" timestamp="2019-10-21T15:10:36">
  <properties>
[...]
</properties>
  <testcase classname="ptolemy.util.test.junit.TclTests" name="[0] /home/travis/build/icyphy/ptII/ptolemy/domains/de/test/DependencyLoop.tcl (RunTclFile)" time="1.1" />
  <testcase classname="ptolemy.util.test.junit.TclTests" name="[1] /home/travis/build/icyphy/ptII/ptolemy/domains/de/test/RunDETestsAsQSS.tcl (RunTclFile)" time="92.747" />
  <testcase classname="ptolemy.util.test.junit.AutoKnownFailedTests" name="[0] /home/travis/build/icyphy/ptII/ptolemy/domains/de/test/auto/knownFailedTests/DESDFClockTest.xml (RunModel)" time="2.037" />
  <testcase classname="ptolemy.util.test.junit.AutoKnownFailedTests" name="[1] /home/travis/build/icyphy/ptII/ptolemy/domains/de/test/auto/knownFailedTests/DirectFeedback.xml (RunModel)" time="0.023" />
  <testcase classname="ptolemy.util.test.junit.AutoKnownFailedTests" name="[2] /home/travis/build/icyphy/ptII/ptolemy/domains/de/test/auto/knownFailedTests/FSMSource.xml (RunModel)" time="0.02" />
  <testcase classname="ptolemy.util.test.junit.AutoKnownFailedTests" name="[3] /home/travis/build/icyphy/ptII/ptolemy/domains/de/test/auto/knownFailedTests/HierarchicalModel.xml (RunModel)" time="0.076" />
  <testcase classname="ptolemy.util.test.junit.AutoKnownFailedTests" name="[4] /home/travis/build/icyphy/ptII/ptolemy/domains/de/test/auto/knownFailedTests/dependencyLoop.xml (RunModel)" time="0.086" />
  <testcase classname="ptolemy.util.test.junit.AutoKnownFailedTests" name="[5] /home/travis/build/icyphy/ptII/ptolemy/domains/de/test/auto/knownFailedTests/dependencyLoop2.xml (RunModel)" time="0.099" />
  <testcase classname="ptolemy.util.test.junit.AutoNameArchTests" name="[0] ThereAreNoAutoArchTests (RunModel)" time="0.01" />
  <testcase classname="ptolemy.util.test.junit.AutoTests" name="[0] /home/travis/build/icyphy/ptII/ptolemy/domains/de/test/auto/ActorDepthCalculation_actorWithoutPorts.xml (RunModel)" time="0.03" />
  <testcase classname="ptolemy.util.test.junit.AutoTests" name="[1] /home/travis/build/icyphy/ptII/ptolemy/domains/de/test/auto/AssemblyLine.xml (RunModel)" time="0.042" />
  <testcase classname="ptolemy.util.test.junit.AutoTests" name="[2] /home/travis/build/icyphy/ptII/ptolemy/domains/de/test/auto/CQBug1.xml (RunModel)" time="0.01" />
  <testcase classname="ptolemy.util.test.junit.AutoTests" name="[3] /home/travis/build/icyphy/ptII/ptolemy/domains/de/test/auto/CancelFireAt.xml (RunModel)" time="0.012" />
  <testcase classname="ptolemy.util.test.junit.AutoTests" name="[4] /home/travis/build/icyphy/ptII/ptolemy/domains/de/test/auto/CausalityAndComposabilityAnalysis.xml (RunModel)" time="0.018" />
  <testcase classname="ptolemy.util.test.junit.AutoTests" name="[5] /home/travis/build/icyphy/ptII/ptolemy/domains/de/test/auto/CausalityInterface1.xml (RunModel)" time="0.025" />
  <testcase classname="ptolemy.util.test.junit.AutoTests" name="[6] /home/travis/build/icyphy/ptII/ptolemy/domains/de/test/auto/CausalityInterface15.xml (RunModel)" time="0.017" />
  <testcase classname="ptolemy.util.test.junit.AutoTests" name="[7] /home/travis/build/icyphy/ptII/ptolemy/domains/de/test/auto/CausalityInterface2.xml (RunModel)" time="0.012" />
  <testcase classname="ptolemy.util.test.junit.AutoTests" name="[8] /home/travis/build/icyphy/ptII/ptolemy/domains/de/test/auto/CausalityInterface3.xml (RunModel)" time="0.019" />
  <testcase classname="ptolemy.util.test.junit.AutoTests" name="[9] /home/travis/build/icyphy/ptII/ptolemy/domains/de/test/auto/ClockDrift.xml (RunModel)" time="0.042" />
  <testcase classname="ptolemy.util.test.junit.AutoTests" name="[10] /home/travis/build/icyphy/ptII/ptolemy/domains/de/test/auto/ClockDriftAndValueChange.xml (RunModel)" time="0.036" />
  <testcase classname="ptolemy.util.test.junit.AutoTests" name="[11] /home/travis/build/icyphy/ptII/ptolemy/domains/de/test/auto/ClockDriftChange.xml (RunModel)" time="0.036" />
  <testcase classname="ptolemy.util.test.junit.AutoTests" name="[12] /home/travis/build/icyphy/ptII/ptolemy/domains/de/test/auto/ComposableCausalityAnalysis.xml (RunModel)" time="0.015" />
  <testcase classname="ptolemy.util.test.junit.AutoTests" name="[13] /home/travis/build/icyphy/ptII/ptolemy/domains/de/test/auto/DEFixedPointLimitation.xml (RunModel)" time="0.009" />
  <testcase classname="ptolemy.util.test.junit.AutoTests" name="[14] /home/travis/build/icyphy/ptII/ptolemy/domains/de/test/auto/DEScheduleTest.xml (RunModel)" time="0.016" />
  <testcase classname="ptolemy.util.test.junit.AutoTests" name="[15] /home/travis/build/icyphy/ptII/ptolemy/domains/de/test/auto/DEinDEwithStartTimes.xml (RunModel)" time="0.022" />
  <testcase classname="ptolemy.util.test.junit.AutoTests" name="[16] /home/travis/build/icyphy/ptII/ptolemy/domains/de/test/auto/DEinDEwithStartTimes2.xml (RunModel)" time="0.02" />
  <testcase classname="ptolemy.util.test.junit.AutoTests" name="[17] /home/travis/build/icyphy/ptII/ptolemy/domains/de/test/auto/DateDemo.xml (RunModel)" time="0.031" />
  <testcase classname="ptolemy.util.test.junit.AutoTests" name="[18] /home/travis/build/icyphy/ptII/ptolemy/domains/de/test/auto/DateToEvent.xml (RunModel)" time="2.041" />
  <testcase classname="ptolemy.util.test.junit.AutoTests" name="[19] /home/travis/build/icyphy/ptII/ptolemy/domains/de/test/auto/DepthTest1.xml (RunModel)" time="0.007" />
  <testcase classname="ptolemy.util.test.junit.AutoTests" name="[20] /home/travis/build/icyphy/ptII/ptolemy/domains/de/test/auto/DepthTest2.xml (RunModel)" time="0.021" />
  <testcase classname="ptolemy.util.test.junit.AutoTests" name="[21] /home/travis/build/icyphy/ptII/ptolemy/domains/de/test/auto/DepthTest3.xml (RunModel)" time="0.01" />
  <testcase classname="ptolemy.util.test.junit.AutoTests" name="[22] /home/travis/build/icyphy/ptII/ptolemy/domains/de/test/auto/DepthTest4.xml (RunModel)" time="0.035" />
  <testcase classname="ptolemy.util.test.junit.AutoTests" name="[23] /home/travis/build/icyphy/ptII/ptolemy/domains/de/test/auto/DepthTest5.xml (RunModel)" time="0.015" />
  <testcase classname="ptolemy.util.test.junit.AutoTests" name="[24] /home/travis/build/icyphy/ptII/ptolemy/domains/de/test/auto/DepthTest6.xml (RunModel)" time="0.013" />
  <testcase classname="ptolemy.util.test.junit.AutoTests" name="[25] /home/travis/build/icyphy/ptII/ptolemy/domains/de/test/auto/DepthTest7.xml (RunModel)" time="0.011" />
  <testcase classname="ptolemy.util.test.junit.AutoTests" name="[26] /home/travis/build/icyphy/ptII/ptolemy/domains/de/test/auto/EventToDate.xml (RunModel)" time="3.047" />
  <testcase classname="ptolemy.util.test.junit.AutoTests" name="[27] /home/travis/build/icyphy/ptII/ptolemy/domains/de/test/auto/FSM1.xml (RunModel)" time="0.048" />
  <testcase classname="ptolemy.util.test.junit.AutoTests" name="[28] /home/travis/build/icyphy/ptII/ptolemy/domains/de/test/auto/FSM7.xml (RunModel)" time="0.047" />
  <testcase classname="ptolemy.util.test.junit.AutoTests" name="[29] /home/travis/build/icyphy/ptII/ptolemy/domains/de/test/auto/Inspection.xml (RunModel)" time="0.045" />
  <testcase classname="ptolemy.util.test.junit.AutoTests" name="[30] /home/travis/build/icyphy/ptII/ptolemy/domains/de/test/auto/Iteration.xml (RunModel)" time="0.024" />
  <testcase classname="ptolemy.util.test.junit.AutoTests" name="[31] /home/travis/build/icyphy/ptII/ptolemy/domains/de/test/auto/LineFault.xml (RunModel)" time="0.665" />
  <testcase classname="ptolemy.util.test.junit.AutoTests" name="[32] /home/travis/build/icyphy/ptII/ptolemy/domains/de/test/auto/MergeModel1Add.xml (RunModel)" time="0.061" />
  <testcase classname="ptolemy.util.test.junit.AutoTests" name="[33] /home/travis/build/icyphy/ptII/ptolemy/domains/de/test/auto/MergeModel2Add.xml (RunModel)" time="0.046" />
  <testcase classname="ptolemy.util.test.junit.AutoTests" name="[34] /home/travis/build/icyphy/ptII/ptolemy/domains/de/test/auto/MergeModel3Add.xml (RunModel)" time="0.047" />
  <testcase classname="ptolemy.util.test.junit.AutoTests" name="[35] /home/travis/build/icyphy/ptII/ptolemy/domains/de/test/auto/MergeWithoutDiscard.xml (RunModel)" time="0.03" />
  <testcase classname="ptolemy.util.test.junit.AutoTests" name="[36] /home/travis/build/icyphy/ptII/ptolemy/domains/de/test/auto/Modal1.xml (RunModel)" time="0.03" />
  <testcase classname="ptolemy.util.test.junit.AutoTests" name="[37] /home/travis/build/icyphy/ptII/ptolemy/domains/de/test/auto/Modal2.xml (RunModel)" time="0.026" />
  <testcase classname="ptolemy.util.test.junit.AutoTests" name="[38] /home/travis/build/icyphy/ptII/ptolemy/domains/de/test/auto/Modal3.xml (RunModel)" time="0.036" />
  <testcase classname="ptolemy.util.test.junit.AutoTests" name="[39] /home/travis/build/icyphy/ptII/ptolemy/domains/de/test/auto/Modal4.xml (RunModel)" time="0.032" />
  <testcase classname="ptolemy.util.test.junit.AutoTests" name="[40] /home/travis/build/icyphy/ptII/ptolemy/domains/de/test/auto/Modal5.xml (RunModel)" time="0.044" />
  <testcase classname="ptolemy.util.test.junit.AutoTests" name="[41] /home/travis/build/icyphy/ptII/ptolemy/domains/de/test/auto/Modal6.xml (RunModel)" time="0.027" />
  <testcase classname="ptolemy.util.test.junit.AutoTests" name="[42] /home/travis/build/icyphy/ptII/ptolemy/domains/de/test/auto/Modal7.xml (RunModel)" time="0.032" />
  <testcase classname="ptolemy.util.test.junit.AutoTests" name="[43] /home/travis/build/icyphy/ptII/ptolemy/domains/de/test/auto/ModalModel.xml (RunModel)" time="0.187" />
  <testcase classname="ptolemy.util.test.junit.AutoTests" name="[44] /home/travis/build/icyphy/ptII/ptolemy/domains/de/test/auto/ModalSource.xml (RunModel)" time="0.02" />
  <testcase classname="ptolemy.util.test.junit.AutoTests" name="[45] /home/travis/build/icyphy/ptII/ptolemy/domains/de/test/auto/NonInterruptibleTimerZeroDelay.xml (RunModel)" time="0.009" />
  <testcase classname="ptolemy.util.test.junit.AutoTests" name="[46] /home/travis/build/icyphy/ptII/ptolemy/domains/de/test/auto/OpenQueueingNetwork.xml (RunModel)" time="2.642" />
  <testcase classname="ptolemy.util.test.junit.AutoTests" name="[47] /home/travis/build/icyphy/ptII/ptolemy/domains/de/test/auto/OpenQueuingNetwork.xml (RunModel)" time="0.299" />
  <testcase classname="ptolemy.util.test.junit.AutoTests" name="[48] /home/travis/build/icyphy/ptII/ptolemy/domains/de/test/auto/PeriodicSampler.xml (RunModel)" time="0.008" />
  <testcase classname="ptolemy.util.test.junit.AutoTests" name="[49] /home/travis/build/icyphy/ptII/ptolemy/domains/de/test/auto/PersistentIO.xml (RunModel)" time="0.021" />
  <testcase classname="ptolemy.util.test.junit.AutoTests" name="[50] /home/travis/build/icyphy/ptII/ptolemy/domains/de/test/auto/PortParameterResetOnInitialize.xml (RunModel)" time="0.011" />
  <testcase classname="ptolemy.util.test.junit.AutoTests" name="[51] /home/travis/build/icyphy/ptII/ptolemy/domains/de/test/auto/PortParameterUpdates.xml (RunModel)" time="0.017" />
  <testcase classname="ptolemy.util.test.junit.AutoTests" name="[52] /home/travis/build/icyphy/ptII/ptolemy/domains/de/test/auto/QueueAndServer.xml (RunModel)" time="0.024" />
  <testcase classname="ptolemy.util.test.junit.AutoTests" name="[53] /home/travis/build/icyphy/ptII/ptolemy/domains/de/test/auto/Records.xml (RunModel)" time="0.023" />
  <testcase classname="ptolemy.util.test.junit.AutoTests" name="[54] /home/travis/build/icyphy/ptII/ptolemy/domains/de/test/auto/ResetTransitionWithStartTime1.xml (RunModel)" time="0.019" />
  <testcase classname="ptolemy.util.test.junit.AutoTests" name="[55] /home/travis/build/icyphy/ptII/ptolemy/domains/de/test/auto/ResetTransitionWithStartTime2.xml (RunModel)" time="0.023" />
  <testcase classname="ptolemy.util.test.junit.AutoTests" name="[56] /home/travis/build/icyphy/ptII/ptolemy/domains/de/test/auto/ResetTransitionWithStartTime3.xml (RunModel)" time="0.022" />
  <testcase classname="ptolemy.util.test.junit.AutoTests" name="[57] /home/travis/build/icyphy/ptII/ptolemy/domains/de/test/auto/ResetTransitionWithStartTime4.xml (RunModel)" time="0.021" />
  <testcase classname="ptolemy.util.test.junit.AutoTests" name="[58] /home/travis/build/icyphy/ptII/ptolemy/domains/de/test/auto/ResettableTimer1.xml (RunModel)" time="0.011" />
  <testcase classname="ptolemy.util.test.junit.AutoTests" name="[59] /home/travis/build/icyphy/ptII/ptolemy/domains/de/test/auto/ResettableTimer2.xml (RunModel)" time="0.009" />
  <testcase classname="ptolemy.util.test.junit.AutoTests" name="[60] /home/travis/build/icyphy/ptII/ptolemy/domains/de/test/auto/ResettableTimer3.xml (RunModel)" time="0.008" />
  <testcase classname="ptolemy.util.test.junit.AutoTests" name="[61] /home/travis/build/icyphy/ptII/ptolemy/domains/de/test/auto/ResettableTimer4.xml (RunModel)" time="0.013" />
  <testcase classname="ptolemy.util.test.junit.AutoTests" name="[62] /home/travis/build/icyphy/ptII/ptolemy/domains/de/test/auto/ResettableTimer5.xml (RunModel)" time="0.011" />
  <testcase classname="ptolemy.util.test.junit.AutoTests" name="[63] /home/travis/build/icyphy/ptII/ptolemy/domains/de/test/auto/ResettableTimer6.xml (RunModel)" time="0.018" />
  <testcase classname="ptolemy.util.test.junit.AutoTests" name="[64] /home/travis/build/icyphy/ptII/ptolemy/domains/de/test/auto/ServerZeroDelay.xml (RunModel)" time="0.01" />
  <testcase classname="ptolemy.util.test.junit.AutoTests" name="[65] /home/travis/build/icyphy/ptII/ptolemy/domains/de/test/auto/SmartSender.xml (RunModel)" time="3.007" />
  <testcase classname="ptolemy.util.test.junit.AutoTests" name="[66] /home/travis/build/icyphy/ptII/ptolemy/domains/de/test/auto/ThreadedComposite.xml (RunModel)" time="0.187" />
  <testcase classname="ptolemy.util.test.junit.AutoTests" name="[67] /home/travis/build/icyphy/ptII/ptolemy/domains/de/test/auto/Time.xml (RunModel)" time="0.484" />
  <testcase classname="ptolemy.util.test.junit.AutoTests" name="[68] /home/travis/build/icyphy/ptII/ptolemy/domains/de/test/auto/TimeDelayZeroDelay.xml (RunModel)" time="0.014" />
  <testcase classname="ptolemy.util.test.junit.AutoTests" name="[69] /home/travis/build/icyphy/ptII/ptolemy/domains/de/test/auto/TimerZeroDelay.xml (RunModel)" time="0.009" />
  <testcase classname="ptolemy.util.test.junit.AutoTests" name="[70] /home/travis/build/icyphy/ptII/ptolemy/domains/de/test/auto/TimingParadox.xml (RunModel)" time="0.378" />
  <testcase classname="ptolemy.util.test.junit.AutoTests" name="[71] /home/travis/build/icyphy/ptII/ptolemy/domains/de/test/auto/TransferInputs.xml (RunModel)" time="0.022" />
  <testcase classname="ptolemy.util.test.junit.AutoTests" name="[72] /home/travis/build/icyphy/ptII/ptolemy/domains/de/test/auto/TransferOutputs2.xml (RunModel)" time="0.018" />
  <testcase classname="ptolemy.util.test.junit.AutoTests" name="[73] /home/travis/build/icyphy/ptII/ptolemy/domains/de/test/auto/Trilateration.xml (RunModel)" time="13.528" />
  <testcase classname="ptolemy.util.test.junit.AutoTests" name="[74] /home/travis/build/icyphy/ptII/ptolemy/domains/de/test/auto/TwoSigmaDelta.xml (RunModel)" time="2.072" />
  <testcase classname="ptolemy.util.test.junit.AutoTests" name="[75] /home/travis/build/icyphy/ptII/ptolemy/domains/de/test/auto/VariableDelay.xml (RunModel)" time="0.013" />
  <testcase classname="ptolemy.util.test.junit.AutoTests" name="[76] /home/travis/build/icyphy/ptII/ptolemy/domains/de/test/auto/VariableDelay2.xml (RunModel)" time="0.015" />
  <testcase classname="ptolemy.util.test.junit.AutoTests" name="[77] /home/travis/build/icyphy/ptII/ptolemy/domains/de/test/auto/VariableDelayZeroDelay.xml (RunModel)" time="0.017" />
  <testcase classname="ptolemy.util.test.junit.AutoTests" name="[78] /home/travis/build/icyphy/ptII/ptolemy/domains/de/test/auto/VariableDelayZeroDelay2.xml (RunModel)" time="0.015" />
  <testcase classname="ptolemy.util.test.junit.AutoTests" name="[79] /home/travis/build/icyphy/ptII/ptolemy/domains/de/test/auto/deInCt.xml (RunModel)" time="0.016" />
  <testcase classname="ptolemy.util.test.junit.AutoTests" name="[80] /home/travis/build/icyphy/ptII/ptolemy/domains/de/test/auto/deInCt2.xml (RunModel)" time="0.015" />
  <testcase classname="ptolemy.util.test.junit.AutoTests" name="[81] /home/travis/build/icyphy/ptII/ptolemy/domains/de/test/auto/dynamicCausalityInterface1.xml (RunModel)" time="0.018" />
  <testcase classname="ptolemy.util.test.junit.AutoTests" name="[82] /home/travis/build/icyphy/ptII/ptolemy/domains/de/test/auto/fsm_de_test.xml (RunModel)" time="0.024" />
  <testcase classname="ptolemy.util.test.junit.AutoTests" name="[83] /home/travis/build/icyphy/ptII/ptolemy/domains/de/test/auto/functionDependencyReconstruction.xml (RunModel)" time="0.037" />
  <testcase classname="ptolemy.util.test.junit.AutoTests" name="[84] /home/travis/build/icyphy/ptII/ptolemy/domains/de/test/auto/multirate.xml (RunModel)" time="0.014" />
  <testcase classname="ptolemy.util.test.junit.AutoTests" name="[85] /home/travis/build/icyphy/ptII/ptolemy/domains/de/test/auto/multirate2.xml (RunModel)" time="0.02" />
  <testcase classname="ptolemy.util.test.junit.AutoTests" name="[86] /home/travis/build/icyphy/ptII/ptolemy/domains/de/test/auto/realtime.xml (RunModel)" time="10.012" />
  <testcase classname="ptolemy.util.test.junit.AutoTests" name="[87] /home/travis/build/icyphy/ptII/ptolemy/domains/de/test/auto/relationGroup.xml (RunModel)" time="0.026" />
  <testcase classname="ptolemy.util.test.junit.AutoTests" name="[88] /home/travis/build/icyphy/ptII/ptolemy/domains/de/test/auto/relationGroup2.xml (RunModel)" time="0.018" />
  <testcase classname="ptolemy.util.test.junit.AutoTests" name="[89] /home/travis/build/icyphy/ptII/ptolemy/domains/de/test/auto/sortWithOpaquePorts.xml (RunModel)" time="0.013" />
  <testcase classname="ptolemy.util.test.junit.AutoTests" name="[90] /home/travis/build/icyphy/ptII/ptolemy/domains/de/test/auto/transferInputsandOutputs.xml (RunModel)" time="0.021" />
  <testcase classname="ptolemy.util.test.junit.AutoTests" name="[91] /home/travis/build/icyphy/ptII/ptolemy/domains/de/test/auto/triggerType.xml (RunModel)" time="0.011" />
  <system-out><![CDATA[/home/travis/build/icyphy/ptII/ptolemy/domains/de/test/DependencyLoop.tcl
testDefs.tcl: setting time out to 9000 seconds at Mon Oct 21 15:10:36 UTC 2019
103 ms. Memory: 120832K Free: 72137K (60%)
22 ms. Memory: 120832K Free: 54729K (45%)
/home/travis/build/icyphy/ptII/ptolemy/domains/de/test/RunDETestsAsQSS.tcl
Run the DE tests using ptolemy.domains.qss.test.QSSDirectorTest, which extends QSSDirector and prints a message in the constructors.
------------------ testing $PTII/ptolemy/domains/de/test/auto/knownFailedTests/DirectFeedback.xml (Known Failure) 
48 ms. Memory: 120832K Free: 49099K (41%)


==== $PTIIhome/travis/build/icyphy/ptII/ptolemy/domains/de/test/../../../../: Auto Automatic test in file $PTII/ptolemy/domains/de/test/auto/knownFailedTests/DirectFeedback.xml
==== Contents of test case:

	    # FIXME: we should use $relativeFilename here, but it
	    # might have backslashes under Windows, which causes no end
	    # of trouble.
	    createAndExecute $file
	    list {}
	
.... Test generated KNOWN error:
    while executing
ptolemy.kernel.util.IllegalActionException: Test fails in iteration 1.
Value was: 1.0. Should have been: 2.0
  in .DirectFeedback.Test
	at ptolemy.actor.lib.Test.fire(Test.java:268)
	at ptolemy.domains.de.kernel.DEDirector._fire(DEDirector.java:1949)
	at ptolemy.domains.de.kernel.DEDirector.fire(DEDirector.java:502)
	at ptolemy.actor.CompositeActor.fire(CompositeActor.java:455)
	at ptolemy.actor.Manager.iterate(Manager.java:851)
	at ptolemy.actor.Manager.execute(Manager.java:369)
	at ptolemy.actor.Manager.run(Manager.java:1263)
	at ptolemy.actor.Manager$PtolemyRunThread.run(Manager.java:1933)

    while executing
ptolemy.kernel.util.IllegalActionException: Test fails in iteration 1.
Value was: 1.0. Should have been: 2.0
  in .DirectFeedback.Test
    while executing
"java::new ptolemy.moml.MoMLSimpleApplication $file
"
    (procedure "createAndExecute" line 2)
    invoked from within
"createAndExecute $file"
    ("uplevel" body line 5)
    invoked from within
"uplevel $contents_of_test"
------------------ testing $PTII/ptolemy/domains/de/test/auto/knownFailedTests/dependencyLoop.xml (Known Failure) 
13 ms. Memory: 120832K Free: 46027K (38%)


==== $PTIIhome/travis/build/icyphy/ptII/ptolemy/domains/de/test/../../../../: Auto Automatic test in file $PTII/ptolemy/domains/de/test/auto/knownFailedTests/dependencyLoop.xml
==== Contents of test case:

	    # FIXME: we should use $relativeFilename here, but it
	    # might have backslashes under Windows, which causes no end
	    # of trouble.
	    createAndExecute $file
	    list {}
	
.... Test generated KNOWN error:
    while executing
ptolemy.kernel.util.IllegalActionException: Found a zero delay loop containing .dependencyLoop.original
  in .dependencyLoop and .dependencyLoop.original
	at ptolemy.actor.util.CausalityInterfaceForComposites._computeOutputPortDepth(CausalityInterfaceForComposites.java:759)
	at ptolemy.actor.util.CausalityInterfaceForComposites._computeInputDepth(CausalityInterfaceForComposites.java:696)
	at ptolemy.actor.util.CausalityInterfaceForComposites._computeOutputPortDepth(CausalityInterfaceForComposites.java:765)
	at ptolemy.actor.util.CausalityInterfaceForComposites._computeInputDepth(CausalityInterfaceForComposites.java:696)
	at ptolemy.actor.util.CausalityInterfaceForComposites._computeOutputPortDepth(CausalityInterfaceForComposites.java:765)
	at ptolemy.actor.util.CausalityInterfaceForComposites._computeInputDepth(CausalityInterfaceForComposites.java:696)
	at ptolemy.actor.util.CausalityInterfaceForComposites._computeActorDepth(CausalityInterfaceForComposites.java:532)
	at ptolemy.actor.util.CausalityInterfaceForComposites.checkForCycles(CausalityInterfaceForComposites.java:96)
	at ptolemy.domains.de.kernel.DEDirector.preinitialize(DEDirector.java:1338)
	at ptolemy.actor.CompositeActor.preinitialize(CompositeActor.java:1828)
	at ptolemy.actor.Manager.preinitializeAndResolveTypes(Manager.java:1040)
	at ptolemy.actor.Manager.initialize(Manager.java:710)
	at ptolemy.actor.Manager.execute(Manager.java:356)
	at ptolemy.actor.Manager.run(Manager.java:1263)
	at ptolemy.actor.Manager$PtolemyRunThread.run(Manager.java:1933)

    while executing
ptolemy.kernel.util.IllegalActionException: Found a zero delay loop containing .dependencyLoop.original
  in .dependencyLoop and .dependencyLoop.original
    while executing
"java::new ptolemy.moml.MoMLSimpleApplication $file
"
    (procedure "createAndExecute" line 2)
    invoked from within
"createAndExecute $file"
    ("uplevel" body line 5)
    invoked from within
"uplevel $contents_of_test"
------------------ testing $PTII/ptolemy/domains/de/test/auto/knownFailedTests/FSMSource.xml (Known Failure) 
80 ms. Memory: 120832K Free: 100007K (83%)
!!!! Auto was marked as failing, but now passes
------------------ testing $PTII/ptolemy/domains/de/test/auto/knownFailedTests/HierarchicalModel.xml (Known Failure) 
6 ms. Memory: 120832K Free: 82843K (69%)


==== $PTIIhome/travis/build/icyphy/ptII/ptolemy/domains/de/test/../../../../: Auto Automatic test in file $PTII/ptolemy/domains/de/test/auto/knownFailedTests/HierarchicalModel.xml
==== Contents of test case:

	    # FIXME: we should use $relativeFilename here, but it
	    # might have backslashes under Windows, which causes no end
	    # of trouble.
	    createAndExecute $file
	    list {}
	
.... Test generated KNOWN error:
    while executing
ptolemy.kernel.util.IllegalActionException: Found a zero delay loop containing .HierarchicalModel.A
  in .HierarchicalModel and .HierarchicalModel.A
	at ptolemy.actor.util.CausalityInterfaceForComposites._computeOutputPortDepth(CausalityInterfaceForComposites.java:759)
	at ptolemy.actor.util.CausalityInterfaceForComposites._computeInputDepth(CausalityInterfaceForComposites.java:696)
	at ptolemy.actor.util.CausalityInterfaceForComposites._computeOutputPortDepth(CausalityInterfaceForComposites.java:765)
	at ptolemy.actor.util.CausalityInterfaceForComposites._computeInputDepth(CausalityInterfaceForComposites.java:696)
	at ptolemy.actor.util.CausalityInterfaceForComposites._computeOutputPortDepth(CausalityInterfaceForComposites.java:765)
	at ptolemy.actor.util.CausalityInterfaceForComposites._computeInputDepth(CausalityInterfaceForComposites.java:696)
	at ptolemy.actor.util.CausalityInterfaceForComposites._computeActorDepth(CausalityInterfaceForComposites.java:532)
	at ptolemy.actor.util.CausalityInterfaceForComposites.checkForCycles(CausalityInterfaceForComposites.java:96)
	at ptolemy.domains.de.kernel.DEDirector.preinitialize(DEDirector.java:1338)
	at ptolemy.actor.CompositeActor.preinitialize(CompositeActor.java:1828)
	at ptolemy.actor.Manager.preinitializeAndResolveTypes(Manager.java:1040)
	at ptolemy.actor.Manager.initialize(Manager.java:710)
	at ptolemy.actor.Manager.execute(Manager.java:356)
	at ptolemy.actor.Manager.run(Manager.java:1263)
	at ptolemy.actor.Manager$PtolemyRunThread.run(Manager.java:1933)

    while executing
ptolemy.kernel.util.IllegalActionException: Found a zero delay loop containing .HierarchicalModel.A
  in .HierarchicalModel and .HierarchicalModel.A
    while executing
"java::new ptolemy.moml.MoMLSimpleApplication $file
"
    (procedure "createAndExecute" line 2)
    invoked from within
"createAndExecute $file"
    ("uplevel" body line 5)
    invoked from within
"uplevel $contents_of_test"
------------------ testing $PTII/ptolemy/domains/de/test/auto/knownFailedTests/dependencyLoop2.xml (Known Failure) 
36 ms. Memory: 120832K Free: 106583K (88%)


==== $PTIIhome/travis/build/icyphy/ptII/ptolemy/domains/de/test/../../../../: Auto Automatic test in file $PTII/ptolemy/domains/de/test/auto/knownFailedTests/dependencyLoop2.xml
==== Contents of test case:

	    # FIXME: we should use $relativeFilename here, but it
	    # might have backslashes under Windows, which causes no end
	    # of trouble.
	    createAndExecute $file
	    list {}
	
.... Test generated KNOWN error:
    while executing
ptolemy.kernel.util.IllegalActionException: Found a zero delay loop containing .dependencyLoop2.original
  in .dependencyLoop2 and .dependencyLoop2.original
	at ptolemy.actor.util.CausalityInterfaceForComposites._computeOutputPortDepth(CausalityInterfaceForComposites.java:759)
	at ptolemy.actor.util.CausalityInterfaceForComposites._computeInputDepth(CausalityInterfaceForComposites.java:696)
	at ptolemy.actor.util.CausalityInterfaceForComposites._computeOutputPortDepth(CausalityInterfaceForComposites.java:765)
	at ptolemy.actor.util.CausalityInterfaceForComposites._computeInputDepth(CausalityInterfaceForComposites.java:696)
	at ptolemy.actor.util.CausalityInterfaceForComposites._computeOutputPortDepth(CausalityInterfaceForComposites.java:765)
	at ptolemy.actor.util.CausalityInterfaceForComposites._computeInputDepth(CausalityInterfaceForComposites.java:696)
	at ptolemy.actor.util.CausalityInterfaceForComposites._computeActorDepth(CausalityInterfaceForComposites.java:532)
	at ptolemy.actor.util.CausalityInterfaceForComposites.checkForCycles(CausalityInterfaceForComposites.java:96)
	at ptolemy.domains.de.kernel.DEDirector.preinitialize(DEDirector.java:1338)
	at ptolemy.actor.CompositeActor.preinitialize(CompositeActor.java:1828)
	at ptolemy.actor.Manager.preinitializeAndResolveTypes(Manager.java:1040)
	at ptolemy.actor.Manager.initialize(Manager.java:710)
	at ptolemy.actor.Manager.execute(Manager.java:356)
	at ptolemy.actor.Manager.run(Manager.java:1263)
	at ptolemy.actor.Manager$PtolemyRunThread.run(Manager.java:1933)

    while executing
ptolemy.kernel.util.IllegalActionException: Found a zero delay loop containing .dependencyLoop2.original
  in .dependencyLoop2 and .dependencyLoop2.original
    while executing
"java::new ptolemy.moml.MoMLSimpleApplication $file
"
    (procedure "createAndExecute" line 2)
    invoked from within
"createAndExecute $file"
    ("uplevel" body line 5)
    invoked from within
"uplevel $contents_of_test"
------------------ testing $PTII/ptolemy/domains/de/test/auto/knownFailedTests/DESDFClockTest.xml (Known Failure) 
2061 ms. Memory: 120832K Free: 93388K (77%)


==== $PTIIhome/travis/build/icyphy/ptII/ptolemy/domains/de/test/../../../../: Auto Automatic test in file $PTII/ptolemy/domains/de/test/auto/knownFailedTests/DESDFClockTest.xml
==== Contents of test case:

	    # FIXME: we should use $relativeFilename here, but it
	    # might have backslashes under Windows, which causes no end
	    # of trouble.
	    createAndExecute $file
	    list {}
	
.... Test generated KNOWN error:
    while executing
ptolemy.kernel.util.IllegalActionException: Actor is not ready to fire.  Perhaps UpSample.prefire() returned false? Try debugging the actor by selecting "Listen to Actor".  Also, for SDF check moml for tokenConsumptionRate on input.
  in .DESDFClockTest.Play Bell.Copy1:SDF Director and .DESDFClockTest.Play Bell.UpSample
	at ptolemy.actor.sched.StaticSchedulingDirector.fire(StaticSchedulingDirector.java:227)
	at ptolemy.domains.sdf.kernel.SDFDirector.fire(SDFDirector.java:500)
	at ptolemy.actor.CompositeActor.fire(CompositeActor.java:455)
	at ptolemy.domains.de.kernel.DEDirector._fire(DEDirector.java:1949)
	at ptolemy.domains.de.kernel.DEDirector.fire(DEDirector.java:502)
	at ptolemy.actor.CompositeActor.fire(CompositeActor.java:455)
	at ptolemy.actor.Manager.iterate(Manager.java:851)
	at ptolemy.actor.Manager.execute(Manager.java:369)
	at ptolemy.actor.Manager.run(Manager.java:1263)
	at ptolemy.actor.Manager$PtolemyRunThread.run(Manager.java:1933)

    while executing
ptolemy.kernel.util.IllegalActionException: Actor is not ready to fire.  Perhaps UpSample.prefire() returned false? Try debugging the actor by selecting "Listen to Actor".  Also, for SDF check moml for tokenConsumptionRate on input.
  in .DESDFClockTest.Play Bell.Copy1:SDF Director and .DESDFClockTest.Play Bell.UpSample
    while executing
"java::new ptolemy.moml.MoMLSimpleApplication $file
"
    (procedure "createAndExecute" line 2)
    invoked from within
"createAndExecute $file"
    ("uplevel" body line 5)
    invoked from within
"uplevel $contents_of_test"
------------------ testing $PTII/ptolemy/domains/de/test/auto/ActorDepthCalculation_actorWithoutPorts.xml
auto.tcl: Setting watchdog for 200 seconds at Mon Oct 21 15:10:40 UTC 2019
5 ms. Memory: 120832K Free: 86537K (72%)
ptolemy.util.test.WatchDog.cancel(): canceling Mon Oct 21 15:10:40 UTC 2019
auto.tcl: Setting watchdog for 200 seconds at Mon Oct 21 15:10:40 UTC 2019
5 ms. Memory: 120832K Free: 84899K (70%)
ptolemy.util.test.WatchDog.cancel(): canceling Mon Oct 21 15:10:40 UTC 2019
------------------ testing $PTII/ptolemy/domains/de/test/auto/AssemblyLine.xml
auto.tcl: Setting watchdog for 200 seconds at Mon Oct 21 15:10:40 UTC 2019
10 ms. Memory: 48128K Free: 26009K (54%)
ptolemy.util.test.WatchDog.cancel(): canceling Mon Oct 21 15:10:40 UTC 2019
auto.tcl: Setting watchdog for 200 seconds at Mon Oct 21 15:10:40 UTC 2019
9 ms. Memory: 48128K Free: 25299K (53%)
ptolemy.util.test.WatchDog.cancel(): canceling Mon Oct 21 15:10:40 UTC 2019
------------------ testing $PTII/ptolemy/domains/de/test/auto/CQBug1.xml
auto.tcl: Setting watchdog for 200 seconds at Mon Oct 21 15:10:40 UTC 2019
2 ms. Memory: 48128K Free: 31451K (65%)
ptolemy.util.test.WatchDog.cancel(): canceling Mon Oct 21 15:10:40 UTC 2019
auto.tcl: Setting watchdog for 200 seconds at Mon Oct 21 15:10:40 UTC 2019
3 ms. Memory: 48128K Free: 31001K (64%)
ptolemy.util.test.WatchDog.cancel(): canceling Mon Oct 21 15:10:40 UTC 2019
------------------ testing $PTII/ptolemy/domains/de/test/auto/CancelFireAt.xml
auto.tcl: Setting watchdog for 200 seconds at Mon Oct 21 15:10:40 UTC 2019
3 ms. Memory: 45056K Free: 29664K (66%)
ptolemy.util.test.WatchDog.cancel(): canceling Mon Oct 21 15:10:41 UTC 2019
auto.tcl: Setting watchdog for 200 seconds at Mon Oct 21 15:10:41 UTC 2019
3 ms. Memory: 45056K Free: 29224K (65%)
ptolemy.util.test.WatchDog.cancel(): canceling Mon Oct 21 15:10:41 UTC 2019
------------------ testing $PTII/ptolemy/domains/de/test/auto/CausalityAndComposabilityAnalysis.xml
auto.tcl: Setting watchdog for 200 seconds at Mon Oct 21 15:10:41 UTC 2019
9 ms. Memory: 45056K Free: 27393K (61%)
ptolemy.util.test.WatchDog.cancel(): canceling Mon Oct 21 15:10:41 UTC 2019
auto.tcl: Setting watchdog for 200 seconds at Mon Oct 21 15:10:41 UTC 2019
10 ms. Memory: 45056K Free: 26962K (60%)
ptolemy.util.test.WatchDog.cancel(): canceling Mon Oct 21 15:10:41 UTC 2019
------------------ testing $PTII/ptolemy/domains/de/test/auto/CausalityInterface1.xml
auto.tcl: Setting watchdog for 200 seconds at Mon Oct 21 15:10:41 UTC 2019
38 ms. Memory: 45056K Free: 26363K (59%)
ptolemy.util.test.WatchDog.cancel(): canceling Mon Oct 21 15:10:41 UTC 2019
auto.tcl: Setting watchdog for 200 seconds at Mon Oct 21 15:10:41 UTC 2019
4 ms. Memory: 45056K Free: 25395K (56%)
ptolemy.util.test.WatchDog.cancel(): canceling Mon Oct 21 15:10:41 UTC 2019
------------------ testing $PTII/ptolemy/domains/de/test/auto/CausalityInterface15.xml
auto.tcl: Setting watchdog for 200 seconds at Mon Oct 21 15:10:41 UTC 2019
11 ms. Memory: 45056K Free: 26518K (59%)
ptolemy.util.test.WatchDog.cancel(): canceling Mon Oct 21 15:10:41 UTC 2019
auto.tcl: Setting watchdog for 200 seconds at Mon Oct 21 15:10:41 UTC 2019
4 ms. Memory: 45056K Free: 25344K (56%)
ptolemy.util.test.WatchDog.cancel(): canceling Mon Oct 21 15:10:41 UTC 2019
------------------ testing $PTII/ptolemy/domains/de/test/auto/CausalityInterface2.xml
auto.tcl: Setting watchdog for 200 seconds at Mon Oct 21 15:10:41 UTC 2019
4 ms. Memory: 45056K Free: 27094K (60%)
ptolemy.util.test.WatchDog.cancel(): canceling Mon Oct 21 15:10:41 UTC 2019
auto.tcl: Setting watchdog for 200 seconds at Mon Oct 21 15:10:41 UTC 2019
4 ms. Memory: 45056K Free: 26335K (58%)
ptolemy.util.test.WatchDog.cancel(): canceling Mon Oct 21 15:10:41 UTC 2019
------------------ testing $PTII/ptolemy/domains/de/test/auto/CausalityInterface3.xml
auto.tcl: Setting watchdog for 200 seconds at Mon Oct 21 15:10:41 UTC 2019
7 ms. Memory: 45056K Free: 26555K (59%)
ptolemy.util.test.WatchDog.cancel(): canceling Mon Oct 21 15:10:41 UTC 2019
auto.tcl: Setting watchdog for 200 seconds at Mon Oct 21 15:10:41 UTC 2019
6 ms. Memory: 45056K Free: 25759K (57%)
ptolemy.util.test.WatchDog.cancel(): canceling Mon Oct 21 15:10:41 UTC 2019
------------------ testing $PTII/ptolemy/domains/de/test/auto/ClockDrift.xml
auto.tcl: Setting watchdog for 200 seconds at Mon Oct 21 15:10:41 UTC 2019
91 ms. Memory: 45056K Free: 19150K (43%)
ptolemy.util.test.WatchDog.cancel(): canceling Mon Oct 21 15:10:41 UTC 2019
auto.tcl: Setting watchdog for 200 seconds at Mon Oct 21 15:10:41 UTC 2019
33 ms. Memory: 45056K Free: 16131K (36%)
ptolemy.util.test.WatchDog.cancel(): canceling Mon Oct 21 15:10:41 UTC 2019
------------------ testing $PTII/ptolemy/domains/de/test/auto/ClockDriftAndValueChange.xml
auto.tcl: Setting watchdog for 200 seconds at Mon Oct 21 15:10:41 UTC 2019
45 ms. Memory: 45056K Free: 19566K (43%)
ptolemy.util.test.WatchDog.cancel(): canceling Mon Oct 21 15:10:41 UTC 2019
auto.tcl: Setting watchdog for 200 seconds at Mon Oct 21 15:10:41 UTC 2019
22 ms. Memory: 45056K Free: 16374K (36%)
ptolemy.util.test.WatchDog.cancel(): canceling Mon Oct 21 15:10:41 UTC 2019
------------------ testing $PTII/ptolemy/domains/de/test/auto/ClockDriftChange.xml
auto.tcl: Setting watchdog for 200 seconds at Mon Oct 21 15:10:41 UTC 2019
16 ms. Memory: 45056K Free: 21267K (47%)
ptolemy.util.test.WatchDog.cancel(): canceling Mon Oct 21 15:10:42 UTC 2019
auto.tcl: Setting watchdog for 200 seconds at Mon Oct 21 15:10:42 UTC 2019
19 ms. Memory: 45056K Free: 18714K (42%)
ptolemy.util.test.WatchDog.cancel(): canceling Mon Oct 21 15:10:42 UTC 2019
------------------ testing $PTII/ptolemy/domains/de/test/auto/ComposableCausalityAnalysis.xml
auto.tcl: Setting watchdog for 200 seconds at Mon Oct 21 15:10:42 UTC 2019
2 ms. Memory: 45056K Free: 25873K (57%)
ptolemy.util.test.WatchDog.cancel(): canceling Mon Oct 21 15:10:42 UTC 2019
auto.tcl: Setting watchdog for 200 seconds at Mon Oct 21 15:10:42 UTC 2019
2 ms. Memory: 45056K Free: 24898K (55%)
ptolemy.util.test.WatchDog.cancel(): canceling Mon Oct 21 15:10:42 UTC 2019
------------------ testing $PTII/ptolemy/domains/de/test/auto/DEFixedPointLimitation.xml
auto.tcl: Setting watchdog for 200 seconds at Mon Oct 21 15:10:42 UTC 2019
6 ms. Memory: 45056K Free: 27238K (60%)
ptolemy.util.test.WatchDog.cancel(): canceling Mon Oct 21 15:10:42 UTC 2019
auto.tcl: Setting watchdog for 200 seconds at Mon Oct 21 15:10:42 UTC 2019
1 ms. Memory: 45056K Free: 26344K (58%)
ptolemy.util.test.WatchDog.cancel(): canceling Mon Oct 21 15:10:42 UTC 2019
------------------ testing $PTII/ptolemy/domains/de/test/auto/DEScheduleTest.xml
auto.tcl: Setting watchdog for 200 seconds at Mon Oct 21 15:10:42 UTC 2019
4 ms. Memory: 45056K Free: 27510K (61%)
ptolemy.util.test.WatchDog.cancel(): canceling Mon Oct 21 15:10:42 UTC 2019
auto.tcl: Setting watchdog for 200 seconds at Mon Oct 21 15:10:42 UTC 2019
3 ms. Memory: 45056K Free: 26768K (59%)
ptolemy.util.test.WatchDog.cancel(): canceling Mon Oct 21 15:10:42 UTC 2019
------------------ testing $PTII/ptolemy/domains/de/test/auto/DEinDEwithStartTimes.xml
auto.tcl: Setting watchdog for 200 seconds at Mon Oct 21 15:10:42 UTC 2019
4 ms. Memory: 45056K Free: 25695K (57%)
ptolemy.util.test.WatchDog.cancel(): canceling Mon Oct 21 15:10:42 UTC 2019
auto.tcl: Setting watchdog for 200 seconds at Mon Oct 21 15:10:42 UTC 2019
3 ms. Memory: 45056K Free: 24669K (55%)
ptolemy.util.test.WatchDog.cancel(): canceling Mon Oct 21 15:10:42 UTC 2019
------------------ testing $PTII/ptolemy/domains/de/test/auto/DEinDEwithStartTimes2.xml
auto.tcl: Setting watchdog for 200 seconds at Mon Oct 21 15:10:42 UTC 2019
7 ms. Memory: 45056K Free: 24956K (55%)
ptolemy.util.test.WatchDog.cancel(): canceling Mon Oct 21 15:10:42 UTC 2019
auto.tcl: Setting watchdog for 200 seconds at Mon Oct 21 15:10:42 UTC 2019
4 ms. Memory: 45056K Free: 23871K (53%)
ptolemy.util.test.WatchDog.cancel(): canceling Mon Oct 21 15:10:42 UTC 2019
------------------ testing $PTII/ptolemy/domains/de/test/auto/DateDemo.xml
auto.tcl: Setting watchdog for 200 seconds at Mon Oct 21 15:10:42 UTC 2019
16 ms. Memory: 45056K Free: 19584K (43%)
ptolemy.util.test.WatchDog.cancel(): canceling Mon Oct 21 15:10:42 UTC 2019
auto.tcl: Setting watchdog for 200 seconds at Mon Oct 21 15:10:42 UTC 2019
8 ms. Memory: 45056K Free: 18083K (40%)
ptolemy.util.test.WatchDog.cancel(): canceling Mon Oct 21 15:10:42 UTC 2019
------------------ testing $PTII/ptolemy/domains/de/test/auto/DateToEvent.xml
auto.tcl: Setting watchdog for 200 seconds at Mon Oct 21 15:10:42 UTC 2019
2015 ms. Memory: 45056K Free: 15504K (34%)
ptolemy.util.test.WatchDog.cancel(): canceling Mon Oct 21 15:10:44 UTC 2019
auto.tcl: Setting watchdog for 200 seconds at Mon Oct 21 15:10:44 UTC 2019
2006 ms. Memory: 45056K Free: 14824K (33%)
ptolemy.util.test.WatchDog.cancel(): canceling Mon Oct 21 15:10:46 UTC 2019
------------------ testing $PTII/ptolemy/domains/de/test/auto/DepthTest1.xml
auto.tcl: Setting watchdog for 200 seconds at Mon Oct 21 15:10:46 UTC 2019
4 ms. Memory: 45056K Free: 28493K (63%)
ptolemy.util.test.WatchDog.cancel(): canceling Mon Oct 21 15:10:46 UTC 2019
auto.tcl: Setting watchdog for 200 seconds at Mon Oct 21 15:10:46 UTC 2019
2 ms. Memory: 45056K Free: 27933K (62%)
ptolemy.util.test.WatchDog.cancel(): canceling Mon Oct 21 15:10:46 UTC 2019
------------------ testing $PTII/ptolemy/domains/de/test/auto/DepthTest2.xml
auto.tcl: Setting watchdog for 200 seconds at Mon Oct 21 15:10:46 UTC 2019
4 ms. Memory: 45056K Free: 25196K (56%)
ptolemy.util.test.WatchDog.cancel(): canceling Mon Oct 21 15:10:46 UTC 2019
auto.tcl: Setting watchdog for 200 seconds at Mon Oct 21 15:10:46 UTC 2019
2 ms. Memory: 45056K Free: 24281K (54%)
ptolemy.util.test.WatchDog.cancel(): canceling Mon Oct 21 15:10:46 UTC 2019
------------------ testing $PTII/ptolemy/domains/de/test/auto/DepthTest3.xml
auto.tcl: Setting watchdog for 200 seconds at Mon Oct 21 15:10:46 UTC 2019
2 ms. Memory: 45056K Free: 28664K (64%)
ptolemy.util.test.WatchDog.cancel(): canceling Mon Oct 21 15:10:47 UTC 2019
auto.tcl: Setting watchdog for 200 seconds at Mon Oct 21 15:10:47 UTC 2019
2 ms. Memory: 45056K Free: 27888K (62%)
ptolemy.util.test.WatchDog.cancel(): canceling Mon Oct 21 15:10:47 UTC 2019
------------------ testing $PTII/ptolemy/domains/de/test/auto/DepthTest4.xml
auto.tcl: Setting watchdog for 200 seconds at Mon Oct 21 15:10:47 UTC 2019
6 ms. Memory: 45056K Free: 27019K (60%)
ptolemy.util.test.WatchDog.cancel(): canceling Mon Oct 21 15:10:47 UTC 2019
auto.tcl: Setting watchdog for 200 seconds at Mon Oct 21 15:10:47 UTC 2019
3 ms. Memory: 45056K Free: 26316K (58%)
ptolemy.util.test.WatchDog.cancel(): canceling Mon Oct 21 15:10:47 UTC 2019
------------------ testing $PTII/ptolemy/domains/de/test/auto/DepthTest5.xml
auto.tcl: Setting watchdog for 200 seconds at Mon Oct 21 15:10:47 UTC 2019
3 ms. Memory: 45056K Free: 26422K (59%)
ptolemy.util.test.WatchDog.cancel(): canceling Mon Oct 21 15:10:47 UTC 2019
auto.tcl: Setting watchdog for 200 seconds at Mon Oct 21 15:10:47 UTC 2019
3 ms. Memory: 45056K Free: 25648K (57%)
ptolemy.util.test.WatchDog.cancel(): canceling Mon Oct 21 15:10:47 UTC 2019
------------------ testing $PTII/ptolemy/domains/de/test/auto/DepthTest6.xml
auto.tcl: Setting watchdog for 200 seconds at Mon Oct 21 15:10:47 UTC 2019
4 ms. Memory: 45056K Free: 26109K (58%)
ptolemy.util.test.WatchDog.cancel(): canceling Mon Oct 21 15:10:47 UTC 2019
auto.tcl: Setting watchdog for 200 seconds at Mon Oct 21 15:10:47 UTC 2019
3 ms. Memory: 45056K Free: 25604K (57%)
ptolemy.util.test.WatchDog.cancel(): canceling Mon Oct 21 15:10:47 UTC 2019
------------------ testing $PTII/ptolemy/domains/de/test/auto/DepthTest7.xml
auto.tcl: Setting watchdog for 200 seconds at Mon Oct 21 15:10:47 UTC 2019
3 ms. Memory: 45056K Free: 26625K (59%)
ptolemy.util.test.WatchDog.cancel(): canceling Mon Oct 21 15:10:47 UTC 2019
auto.tcl: Setting watchdog for 200 seconds at Mon Oct 21 15:10:47 UTC 2019
2 ms. Memory: 45056K Free: 26243K (58%)
ptolemy.util.test.WatchDog.cancel(): canceling Mon Oct 21 15:10:47 UTC 2019
------------------ testing $PTII/ptolemy/domains/de/test/auto/EventToDate.xml
auto.tcl: Setting watchdog for 200 seconds at Mon Oct 21 15:10:47 UTC 2019
3006 ms. Memory: 45056K Free: 17985K (40%)
ptolemy.util.test.WatchDog.cancel(): canceling Mon Oct 21 15:10:50 UTC 2019
auto.tcl: Setting watchdog for 200 seconds at Mon Oct 21 15:10:50 UTC 2019
3005 ms. Memory: 45056K Free: 17048K (38%)
ptolemy.util.test.WatchDog.cancel(): canceling Mon Oct 21 15:10:53 UTC 2019
------------------ testing $PTII/ptolemy/domains/de/test/auto/FSM1.xml
auto.tcl: Setting watchdog for 200 seconds at Mon Oct 21 15:10:53 UTC 2019
28 ms. Memory: 45056K Free: 18952K (42%)
ptolemy.util.test.WatchDog.cancel(): canceling Mon Oct 21 15:10:53 UTC 2019
auto.tcl: Setting watchdog for 200 seconds at Mon Oct 21 15:10:53 UTC 2019
16 ms. Memory: 45056K Free: 15696K (35%)
ptolemy.util.test.WatchDog.cancel(): canceling Mon Oct 21 15:10:53 UTC 2019
------------------ testing $PTII/ptolemy/domains/de/test/auto/FSM7.xml
auto.tcl: Setting watchdog for 200 seconds at Mon Oct 21 15:10:53 UTC 2019
24 ms. Memory: 45056K Free: 18909K (42%)
ptolemy.util.test.WatchDog.cancel(): canceling Mon Oct 21 15:10:53 UTC 2019
auto.tcl: Setting watchdog for 200 seconds at Mon Oct 21 15:10:53 UTC 2019
18 ms. Memory: 45056K Free: 15946K (35%)
ptolemy.util.test.WatchDog.cancel(): canceling Mon Oct 21 15:10:53 UTC 2019
------------------ testing $PTII/ptolemy/domains/de/test/auto/Inspection.xml
auto.tcl: Setting watchdog for 200 seconds at Mon Oct 21 15:10:53 UTC 2019
20 ms. Memory: 45056K Free: 18710K (42%)
ptolemy.util.test.WatchDog.cancel(): canceling Mon Oct 21 15:10:53 UTC 2019
auto.tcl: Setting watchdog for 200 seconds at Mon Oct 21 15:10:53 UTC 2019
18 ms. Memory: 45056K Free: 16961K (38%)
ptolemy.util.test.WatchDog.cancel(): canceling Mon Oct 21 15:10:53 UTC 2019
------------------ testing $PTII/ptolemy/domains/de/test/auto/Iteration.xml
auto.tcl: Setting watchdog for 200 seconds at Mon Oct 21 15:10:53 UTC 2019
8 ms. Memory: 45056K Free: 24392K (54%)
ptolemy.util.test.WatchDog.cancel(): canceling Mon Oct 21 15:10:53 UTC 2019
auto.tcl: Setting watchdog for 200 seconds at Mon Oct 21 15:10:53 UTC 2019
7 ms. Memory: 45056K Free: 23368K (52%)
ptolemy.util.test.WatchDog.cancel(): canceling Mon Oct 21 15:10:53 UTC 2019
------------------ testing $PTII/ptolemy/domains/de/test/auto/LineFault.xml
auto.tcl: Setting watchdog for 200 seconds at Mon Oct 21 15:10:53 UTC 2019
773 ms. Memory: 59392K Free: 28045K (47%)
ptolemy.util.test.WatchDog.cancel(): canceling Mon Oct 21 15:10:54 UTC 2019
auto.tcl: Setting watchdog for 200 seconds at Mon Oct 21 15:10:54 UTC 2019
629 ms. Memory: 59392K Free: 31338K (53%)
ptolemy.util.test.WatchDog.cancel(): canceling Mon Oct 21 15:10:55 UTC 2019
------------------ testing $PTII/ptolemy/domains/de/test/auto/MergeModel1Add.xml
auto.tcl: Setting watchdog for 200 seconds at Mon Oct 21 15:10:55 UTC 2019
33 ms. Memory: 51200K Free: 16174K (32%)
ptolemy.util.test.WatchDog.cancel(): canceling Mon Oct 21 15:10:55 UTC 2019
auto.tcl: Setting watchdog for 200 seconds at Mon Oct 21 15:10:55 UTC 2019
12 ms. Memory: 51200K Free: 14836K (29%)
ptolemy.util.test.WatchDog.cancel(): canceling Mon Oct 21 15:10:55 UTC 2019
------------------ testing $PTII/ptolemy/domains/de/test/auto/MergeModel2Add.xml
auto.tcl: Setting watchdog for 200 seconds at Mon Oct 21 15:10:55 UTC 2019
10 ms. Memory: 48128K Free: 16029K (33%)
ptolemy.util.test.WatchDog.cancel(): canceling Mon Oct 21 15:10:55 UTC 2019
auto.tcl: Setting watchdog for 200 seconds at Mon Oct 21 15:10:55 UTC 2019
10 ms. Memory: 48128K Free: 14569K (30%)
ptolemy.util.test.WatchDog.cancel(): canceling Mon Oct 21 15:10:55 UTC 2019
------------------ testing $PTII/ptolemy/domains/de/test/auto/MergeModel3Add.xml
auto.tcl: Setting watchdog for 200 seconds at Mon Oct 21 15:10:55 UTC 2019
9 ms. Memory: 48128K Free: 16517K (34%)
ptolemy.util.test.WatchDog.cancel(): canceling Mon Oct 21 15:10:56 UTC 2019
auto.tcl: Setting watchdog for 200 seconds at Mon Oct 21 15:10:56 UTC 2019
8 ms. Memory: 48128K Free: 14578K (30%)
ptolemy.util.test.WatchDog.cancel(): canceling Mon Oct 21 15:10:56 UTC 2019
------------------ testing $PTII/ptolemy/domains/de/test/auto/MergeWithoutDiscard.xml
auto.tcl: Setting watchdog for 200 seconds at Mon Oct 21 15:10:56 UTC 2019
2 ms. Memory: 48128K Free: 29849K (62%)
ptolemy.util.test.WatchDog.cancel(): canceling Mon Oct 21 15:10:56 UTC 2019
auto.tcl: Setting watchdog for 200 seconds at Mon Oct 21 15:10:56 UTC 2019
1 ms. Memory: 48128K Free: 29411K (61%)
ptolemy.util.test.WatchDog.cancel(): canceling Mon Oct 21 15:10:56 UTC 2019
------------------ testing $PTII/ptolemy/domains/de/test/auto/Modal1.xml
auto.tcl: Setting watchdog for 200 seconds at Mon Oct 21 15:10:56 UTC 2019
15 ms. Memory: 48128K Free: 22231K (46%)
ptolemy.util.test.WatchDog.cancel(): canceling Mon Oct 21 15:10:56 UTC 2019
auto.tcl: Setting watchdog for 200 seconds at Mon Oct 21 15:10:56 UTC 2019
11 ms. Memory: 48128K Free: 18976K (39%)
ptolemy.util.test.WatchDog.cancel(): canceling Mon Oct 21 15:10:56 UTC 2019
------------------ testing $PTII/ptolemy/domains/de/test/auto/Modal2.xml
auto.tcl: Setting watchdog for 200 seconds at Mon Oct 21 15:10:56 UTC 2019
12 ms. Memory: 48128K Free: 22108K (46%)
ptolemy.util.test.WatchDog.cancel(): canceling Mon Oct 21 15:10:56 UTC 2019
auto.tcl: Setting watchdog for 200 seconds at Mon Oct 21 15:10:56 UTC 2019
15 ms. Memory: 48128K Free: 18852K (39%)
ptolemy.util.test.WatchDog.cancel(): canceling Mon Oct 21 15:10:56 UTC 2019
------------------ testing $PTII/ptolemy/domains/de/test/auto/Modal3.xml
auto.tcl: Setting watchdog for 200 seconds at Mon Oct 21 15:10:56 UTC 2019
11 ms. Memory: 48128K Free: 21813K (45%)
ptolemy.util.test.WatchDog.cancel(): canceling Mon Oct 21 15:10:56 UTC 2019
auto.tcl: Setting watchdog for 200 seconds at Mon Oct 21 15:10:56 UTC 2019
12 ms. Memory: 48128K Free: 18879K (39%)
ptolemy.util.test.WatchDog.cancel(): canceling Mon Oct 21 15:10:56 UTC 2019
------------------ testing $PTII/ptolemy/domains/de/test/auto/Modal4.xml
auto.tcl: Setting watchdog for 200 seconds at Mon Oct 21 15:10:56 UTC 2019
27 ms. Memory: 48128K Free: 21049K (44%)
ptolemy.util.test.WatchDog.cancel(): canceling Mon Oct 21 15:10:56 UTC 2019
auto.tcl: Setting watchdog for 200 seconds at Mon Oct 21 15:10:56 UTC 2019
19 ms. Memory: 48128K Free: 17241K (36%)
ptolemy.util.test.WatchDog.cancel(): canceling Mon Oct 21 15:10:56 UTC 2019
------------------ testing $PTII/ptolemy/domains/de/test/auto/Modal5.xml
auto.tcl: Setting watchdog for 200 seconds at Mon Oct 21 15:10:56 UTC 2019
14 ms. Memory: 48128K Free: 21036K (44%)
ptolemy.util.test.WatchDog.cancel(): canceling Mon Oct 21 15:10:56 UTC 2019
auto.tcl: Setting watchdog for 200 seconds at Mon Oct 21 15:10:56 UTC 2019
15 ms. Memory: 48128K Free: 17228K (36%)
ptolemy.util.test.WatchDog.cancel(): canceling Mon Oct 21 15:10:56 UTC 2019
------------------ testing $PTII/ptolemy/domains/de/test/auto/Modal6.xml
auto.tcl: Setting watchdog for 200 seconds at Mon Oct 21 15:10:56 UTC 2019
17 ms. Memory: 48128K Free: 21794K (45%)
ptolemy.util.test.WatchDog.cancel(): canceling Mon Oct 21 15:10:56 UTC 2019
auto.tcl: Setting watchdog for 200 seconds at Mon Oct 21 15:10:56 UTC 2019
16 ms. Memory: 48128K Free: 18250K (38%)
ptolemy.util.test.WatchDog.cancel(): canceling Mon Oct 21 15:10:56 UTC 2019
------------------ testing $PTII/ptolemy/domains/de/test/auto/Modal7.xml
auto.tcl: Setting watchdog for 200 seconds at Mon Oct 21 15:10:56 UTC 2019
15 ms. Memory: 48128K Free: 20809K (43%)
ptolemy.util.test.WatchDog.cancel(): canceling Mon Oct 21 15:10:56 UTC 2019
auto.tcl: Setting watchdog for 200 seconds at Mon Oct 21 15:10:56 UTC 2019
12 ms. Memory: 48128K Free: 17227K (36%)
ptolemy.util.test.WatchDog.cancel(): canceling Mon Oct 21 15:10:56 UTC 2019
------------------ testing $PTII/ptolemy/domains/de/test/auto/ModalModel.xml
auto.tcl: Setting watchdog for 200 seconds at Mon Oct 21 15:10:56 UTC 2019
243 ms. Memory: 58368K Free: 24164K (41%)
ptolemy.util.test.WatchDog.cancel(): canceling Mon Oct 21 15:10:57 UTC 2019
auto.tcl: Setting watchdog for 200 seconds at Mon Oct 21 15:10:57 UTC 2019
216 ms. Memory: 58368K Free: 25753K (44%)
ptolemy.util.test.WatchDog.cancel(): canceling Mon Oct 21 15:10:57 UTC 2019
------------------ testing $PTII/ptolemy/domains/de/test/auto/ModalSource.xml
auto.tcl: Setting watchdog for 200 seconds at Mon Oct 21 15:10:57 UTC 2019
10 ms. Memory: 48128K Free: 25901K (54%)
ptolemy.util.test.WatchDog.cancel(): canceling Mon Oct 21 15:10:57 UTC 2019
auto.tcl: Setting watchdog for 200 seconds at Mon Oct 21 15:10:57 UTC 2019
6 ms. Memory: 48128K Free: 23853K (50%)
ptolemy.util.test.WatchDog.cancel(): canceling Mon Oct 21 15:10:57 UTC 2019
------------------ testing $PTII/ptolemy/domains/de/test/auto/NonInterruptibleTimerZeroDelay.xml
auto.tcl: Setting watchdog for 200 seconds at Mon Oct 21 15:10:57 UTC 2019
4 ms. Memory: 48128K Free: 31074K (65%)
ptolemy.util.test.WatchDog.cancel(): canceling Mon Oct 21 15:10:57 UTC 2019
auto.tcl: Setting watchdog for 200 seconds at Mon Oct 21 15:10:57 UTC 2019
3 ms. Memory: 48128K Free: 30212K (63%)
ptolemy.util.test.WatchDog.cancel(): canceling Mon Oct 21 15:10:57 UTC 2019
------------------ testing $PTII/ptolemy/domains/de/test/auto/OpenQueueingNetwork.xml
auto.tcl: Setting watchdog for 200 seconds at Mon Oct 21 15:10:57 UTC 2019
3097 ms. Memory: 92160K Free: 43826K (48%)
ptolemy.util.test.WatchDog.cancel(): canceling Mon Oct 21 15:11:00 UTC 2019
auto.tcl: Setting watchdog for 200 seconds at Mon Oct 21 15:11:00 UTC 2019
3031 ms. Memory: 92160K Free: 67828K (74%)
ptolemy.util.test.WatchDog.cancel(): canceling Mon Oct 21 15:11:03 UTC 2019
------------------ testing $PTII/ptolemy/domains/de/test/auto/OpenQueuingNetwork.xml
auto.tcl: Setting watchdog for 200 seconds at Mon Oct 21 15:11:03 UTC 2019
273 ms. Memory: 51200K Free: 16819K (33%)
ptolemy.util.test.WatchDog.cancel(): canceling Mon Oct 21 15:11:04 UTC 2019
auto.tcl: Setting watchdog for 200 seconds at Mon Oct 21 15:11:04 UTC 2019
279 ms. Memory: 51200K Free: 22366K (44%)
ptolemy.util.test.WatchDog.cancel(): canceling Mon Oct 21 15:11:04 UTC 2019
------------------ testing $PTII/ptolemy/domains/de/test/auto/PeriodicSampler.xml
auto.tcl: Setting watchdog for 200 seconds at Mon Oct 21 15:11:04 UTC 2019
2 ms. Memory: 48128K Free: 30039K (62%)
ptolemy.util.test.WatchDog.cancel(): canceling Mon Oct 21 15:11:04 UTC 2019
auto.tcl: Setting watchdog for 200 seconds at Mon Oct 21 15:11:04 UTC 2019
2 ms. Memory: 48128K Free: 29108K (60%)
ptolemy.util.test.WatchDog.cancel(): canceling Mon Oct 21 15:11:04 UTC 2019
------------------ testing $PTII/ptolemy/domains/de/test/auto/PersistentIO.xml
auto.tcl: Setting watchdog for 200 seconds at Mon Oct 21 15:11:04 UTC 2019
13 ms. Memory: 48128K Free: 24964K (52%)
ptolemy.util.test.WatchDog.cancel(): canceling Mon Oct 21 15:11:04 UTC 2019
auto.tcl: Setting watchdog for 200 seconds at Mon Oct 21 15:11:04 UTC 2019
5 ms. Memory: 48128K Free: 23567K (49%)
ptolemy.util.test.WatchDog.cancel(): canceling Mon Oct 21 15:11:04 UTC 2019
------------------ testing $PTII/ptolemy/domains/de/test/auto/PortParameterResetOnInitialize.xml
auto.tcl: Setting watchdog for 200 seconds at Mon Oct 21 15:11:04 UTC 2019
2 ms. Memory: 48128K Free: 29948K (62%)
ptolemy.util.test.WatchDog.cancel(): canceling Mon Oct 21 15:11:04 UTC 2019
auto.tcl: Setting watchdog for 200 seconds at Mon Oct 21 15:11:04 UTC 2019
2 ms. Memory: 48128K Free: 29499K (61%)
ptolemy.util.test.WatchDog.cancel(): canceling Mon Oct 21 15:11:04 UTC 2019
------------------ testing $PTII/ptolemy/domains/de/test/auto/PortParameterUpdates.xml
auto.tcl: Setting watchdog for 200 seconds at Mon Oct 21 15:11:04 UTC 2019
3 ms. Memory: 48128K Free: 28046K (58%)
ptolemy.util.test.WatchDog.cancel(): canceling Mon Oct 21 15:11:05 UTC 2019
auto.tcl: Setting watchdog for 200 seconds at Mon Oct 21 15:11:05 UTC 2019
4 ms. Memory: 48128K Free: 26637K (55%)
ptolemy.util.test.WatchDog.cancel(): canceling Mon Oct 21 15:11:05 UTC 2019
------------------ testing $PTII/ptolemy/domains/de/test/auto/QueueAndServer.xml
auto.tcl: Setting watchdog for 200 seconds at Mon Oct 21 15:11:05 UTC 2019
6 ms. Memory: 48128K Free: 26986K (56%)
ptolemy.util.test.WatchDog.cancel(): canceling Mon Oct 21 15:11:05 UTC 2019
auto.tcl: Setting watchdog for 200 seconds at Mon Oct 21 15:11:05 UTC 2019
6 ms. Memory: 48128K Free: 25592K (53%)
ptolemy.util.test.WatchDog.cancel(): canceling Mon Oct 21 15:11:05 UTC 2019
------------------ testing $PTII/ptolemy/domains/de/test/auto/Records.xml
auto.tcl: Setting watchdog for 200 seconds at Mon Oct 21 15:11:05 UTC 2019
5 ms. Memory: 48128K Free: 29495K (61%)
ptolemy.util.test.WatchDog.cancel(): canceling Mon Oct 21 15:11:05 UTC 2019
auto.tcl: Setting watchdog for 200 seconds at Mon Oct 21 15:11:05 UTC 2019
2 ms. Memory: 48128K Free: 29030K (60%)
ptolemy.util.test.WatchDog.cancel(): canceling Mon Oct 21 15:11:05 UTC 2019
------------------ testing $PTII/ptolemy/domains/de/test/auto/ResetTransitionWithStartTime1.xml
auto.tcl: Setting watchdog for 200 seconds at Mon Oct 21 15:11:05 UTC 2019
13 ms. Memory: 48128K Free: 26639K (55%)
ptolemy.util.test.WatchDog.cancel(): canceling Mon Oct 21 15:11:05 UTC 2019
auto.tcl: Setting watchdog for 200 seconds at Mon Oct 21 15:11:05 UTC 2019
7 ms. Memory: 48128K Free: 23957K (50%)
ptolemy.util.test.WatchDog.cancel(): canceling Mon Oct 21 15:11:05 UTC 2019
------------------ testing $PTII/ptolemy/domains/de/test/auto/ResetTransitionWithStartTime2.xml
auto.tcl: Setting watchdog for 200 seconds at Mon Oct 21 15:11:05 UTC 2019
6 ms. Memory: 48128K Free: 26403K (55%)
ptolemy.util.test.WatchDog.cancel(): canceling Mon Oct 21 15:11:05 UTC 2019
auto.tcl: Setting watchdog for 200 seconds at Mon Oct 21 15:11:05 UTC 2019
7 ms. Memory: 48128K Free: 23912K (50%)
ptolemy.util.test.WatchDog.cancel(): canceling Mon Oct 21 15:11:05 UTC 2019
------------------ testing $PTII/ptolemy/domains/de/test/auto/ResetTransitionWithStartTime3.xml
auto.tcl: Setting watchdog for 200 seconds at Mon Oct 21 15:11:05 UTC 2019
9 ms. Memory: 48128K Free: 26547K (55%)
ptolemy.util.test.WatchDog.cancel(): canceling Mon Oct 21 15:11:05 UTC 2019
auto.tcl: Setting watchdog for 200 seconds at Mon Oct 21 15:11:05 UTC 2019
5 ms. Memory: 48128K Free: 24354K (51%)
ptolemy.util.test.WatchDog.cancel(): canceling Mon Oct 21 15:11:05 UTC 2019
------------------ testing $PTII/ptolemy/domains/de/test/auto/ResetTransitionWithStartTime4.xml
auto.tcl: Setting watchdog for 200 seconds at Mon Oct 21 15:11:05 UTC 2019
9 ms. Memory: 48128K Free: 27157K (56%)
ptolemy.util.test.WatchDog.cancel(): canceling Mon Oct 21 15:11:05 UTC 2019
auto.tcl: Setting watchdog for 200 seconds at Mon Oct 21 15:11:05 UTC 2019
4 ms. Memory: 48128K Free: 25502K (53%)
ptolemy.util.test.WatchDog.cancel(): canceling Mon Oct 21 15:11:05 UTC 2019
------------------ testing $PTII/ptolemy/domains/de/test/auto/ResettableTimer1.xml
auto.tcl: Setting watchdog for 200 seconds at Mon Oct 21 15:11:05 UTC 2019
3 ms. Memory: 48128K Free: 30479K (63%)
ptolemy.util.test.WatchDog.cancel(): canceling Mon Oct 21 15:11:05 UTC 2019
auto.tcl: Setting watchdog for 200 seconds at Mon Oct 21 15:11:05 UTC 2019
2 ms. Memory: 48128K Free: 29579K (61%)
ptolemy.util.test.WatchDog.cancel(): canceling Mon Oct 21 15:11:05 UTC 2019
------------------ testing $PTII/ptolemy/domains/de/test/auto/ResettableTimer2.xml
auto.tcl: Setting watchdog for 200 seconds at Mon Oct 21 15:11:05 UTC 2019
3 ms. Memory: 48128K Free: 30534K (63%)
ptolemy.util.test.WatchDog.cancel(): canceling Mon Oct 21 15:11:05 UTC 2019
auto.tcl: Setting watchdog for 200 seconds at Mon Oct 21 15:11:05 UTC 2019
2 ms. Memory: 48128K Free: 29634K (62%)
ptolemy.util.test.WatchDog.cancel(): canceling Mon Oct 21 15:11:05 UTC 2019
------------------ testing $PTII/ptolemy/domains/de/test/auto/ResettableTimer3.xml
auto.tcl: Setting watchdog for 200 seconds at Mon Oct 21 15:11:05 UTC 2019
2 ms. Memory: 48128K Free: 30602K (64%)
ptolemy.util.test.WatchDog.cancel(): canceling Mon Oct 21 15:11:05 UTC 2019
auto.tcl: Setting watchdog for 200 seconds at Mon Oct 21 15:11:05 UTC 2019
2 ms. Memory: 48128K Free: 30534K (63%)
ptolemy.util.test.WatchDog.cancel(): canceling Mon Oct 21 15:11:05 UTC 2019
------------------ testing $PTII/ptolemy/domains/de/test/auto/ResettableTimer4.xml
auto.tcl: Setting watchdog for 200 seconds at Mon Oct 21 15:11:05 UTC 2019
2 ms. Memory: 48128K Free: 30594K (64%)
ptolemy.util.test.WatchDog.cancel(): canceling Mon Oct 21 15:11:05 UTC 2019
auto.tcl: Setting watchdog for 200 seconds at Mon Oct 21 15:11:05 UTC 2019
2 ms. Memory: 48128K Free: 30104K (63%)
ptolemy.util.test.WatchDog.cancel(): canceling Mon Oct 21 15:11:05 UTC 2019
------------------ testing $PTII/ptolemy/domains/de/test/auto/ResettableTimer5.xml
auto.tcl: Setting watchdog for 200 seconds at Mon Oct 21 15:11:05 UTC 2019
1 ms. Memory: 48128K Free: 30576K (64%)
ptolemy.util.test.WatchDog.cancel(): canceling Mon Oct 21 15:11:05 UTC 2019
auto.tcl: Setting watchdog for 200 seconds at Mon Oct 21 15:11:05 UTC 2019
1 ms. Memory: 48128K Free: 29661K (62%)
ptolemy.util.test.WatchDog.cancel(): canceling Mon Oct 21 15:11:05 UTC 2019
------------------ testing $PTII/ptolemy/domains/de/test/auto/ResettableTimer6.xml
auto.tcl: Setting watchdog for 200 seconds at Mon Oct 21 15:11:05 UTC 2019
2 ms. Memory: 48128K Free: 29992K (62%)
ptolemy.util.test.WatchDog.cancel(): canceling Mon Oct 21 15:11:05 UTC 2019
auto.tcl: Setting watchdog for 200 seconds at Mon Oct 21 15:11:05 UTC 2019
1 ms. Memory: 48128K Free: 29519K (61%)
ptolemy.util.test.WatchDog.cancel(): canceling Mon Oct 21 15:11:05 UTC 2019
------------------ testing $PTII/ptolemy/domains/de/test/auto/ServerZeroDelay.xml
auto.tcl: Setting watchdog for 200 seconds at Mon Oct 21 15:11:06 UTC 2019
4 ms. Memory: 48128K Free: 30527K (63%)
ptolemy.util.test.WatchDog.cancel(): canceling Mon Oct 21 15:11:06 UTC 2019
auto.tcl: Setting watchdog for 200 seconds at Mon Oct 21 15:11:06 UTC 2019
3 ms. Memory: 48128K Free: 29634K (62%)
ptolemy.util.test.WatchDog.cancel(): canceling Mon Oct 21 15:11:06 UTC 2019
------------------ testing $PTII/ptolemy/domains/de/test/auto/SmartSender.xml
auto.tcl: Setting watchdog for 200 seconds at Mon Oct 21 15:11:06 UTC 2019
3001 ms. Memory: 48128K Free: 30576K (64%)
ptolemy.util.test.WatchDog.cancel(): canceling Mon Oct 21 15:11:09 UTC 2019
auto.tcl: Setting watchdog for 200 seconds at Mon Oct 21 15:11:09 UTC 2019
3003 ms. Memory: 48128K Free: 30056K (62%)
ptolemy.util.test.WatchDog.cancel(): canceling Mon Oct 21 15:11:12 UTC 2019
------------------ testing $PTII/ptolemy/domains/de/test/auto/ThreadedComposite.xml
auto.tcl: Setting watchdog for 200 seconds at Mon Oct 21 15:11:12 UTC 2019
212 ms. Memory: 48128K Free: 11589K (24%)
ptolemy.util.test.WatchDog.cancel(): canceling Mon Oct 21 15:11:12 UTC 2019
auto.tcl: Setting watchdog for 200 seconds at Mon Oct 21 15:11:12 UTC 2019
342 ms. Memory: 48128K Free: 11629K (24%)
ptolemy.util.test.WatchDog.cancel(): canceling Mon Oct 21 15:11:12 UTC 2019
------------------ testing $PTII/ptolemy/domains/de/test/auto/Time.xml
auto.tcl: Setting watchdog for 200 seconds at Mon Oct 21 15:11:12 UTC 2019
645 ms. Memory: 48128K Free: 31320K (65%)
ptolemy.util.test.WatchDog.cancel(): canceling Mon Oct 21 15:11:13 UTC 2019
auto.tcl: Setting watchdog for 200 seconds at Mon Oct 21 15:11:13 UTC 2019
494 ms. Memory: 48128K Free: 8279K (17%)
ptolemy.util.test.WatchDog.cancel(): canceling Mon Oct 21 15:11:13 UTC 2019
------------------ testing $PTII/ptolemy/domains/de/test/auto/TimeDelayZeroDelay.xml
auto.tcl: Setting watchdog for 200 seconds at Mon Oct 21 15:11:14 UTC 2019
2 ms. Memory: 48128K Free: 30947K (64%)
ptolemy.util.test.WatchDog.cancel(): canceling Mon Oct 21 15:11:14 UTC 2019
auto.tcl: Setting watchdog for 200 seconds at Mon Oct 21 15:11:14 UTC 2019
2 ms. Memory: 48128K Free: 30067K (62%)
ptolemy.util.test.WatchDog.cancel(): canceling Mon Oct 21 15:11:14 UTC 2019
------------------ testing $PTII/ptolemy/domains/de/test/auto/TimerZeroDelay.xml
auto.tcl: Setting watchdog for 200 seconds at Mon Oct 21 15:11:14 UTC 2019
2 ms. Memory: 48128K Free: 30929K (64%)
ptolemy.util.test.WatchDog.cancel(): canceling Mon Oct 21 15:11:14 UTC 2019
auto.tcl: Setting watchdog for 200 seconds at Mon Oct 21 15:11:14 UTC 2019
2 ms. Memory: 48128K Free: 30080K (63%)
ptolemy.util.test.WatchDog.cancel(): canceling Mon Oct 21 15:11:14 UTC 2019
------------------ testing $PTII/ptolemy/domains/de/test/auto/TimingParadox.xml
auto.tcl: Setting watchdog for 200 seconds at Mon Oct 21 15:11:14 UTC 2019
375 ms. Memory: 48128K Free: 15618K (32%)
ptolemy.util.test.WatchDog.cancel(): canceling Mon Oct 21 15:11:14 UTC 2019
auto.tcl: Setting watchdog for 200 seconds at Mon Oct 21 15:11:14 UTC 2019
397 ms. Memory: 58368K Free: 15139K (26%)
ptolemy.util.test.WatchDog.cancel(): canceling Mon Oct 21 15:11:15 UTC 2019
------------------ testing $PTII/ptolemy/domains/de/test/auto/TransferInputs.xml
auto.tcl: Setting watchdog for 200 seconds at Mon Oct 21 15:11:15 UTC 2019
2 ms. Memory: 51200K Free: 32047K (63%)
ptolemy.util.test.WatchDog.cancel(): canceling Mon Oct 21 15:11:15 UTC 2019
auto.tcl: Setting watchdog for 200 seconds at Mon Oct 21 15:11:15 UTC 2019
2 ms. Memory: 51200K Free: 31158K (61%)
ptolemy.util.test.WatchDog.cancel(): canceling Mon Oct 21 15:11:15 UTC 2019
------------------ testing $PTII/ptolemy/domains/de/test/auto/TransferOutputs2.xml
auto.tcl: Setting watchdog for 200 seconds at Mon Oct 21 15:11:15 UTC 2019
3 ms. Memory: 48128K Free: 26404K (55%)
ptolemy.util.test.WatchDog.cancel(): canceling Mon Oct 21 15:11:15 UTC 2019
auto.tcl: Setting watchdog for 200 seconds at Mon Oct 21 15:11:15 UTC 2019
3 ms. Memory: 48128K Free: 25028K (52%)
ptolemy.util.test.WatchDog.cancel(): canceling Mon Oct 21 15:11:15 UTC 2019
------------------ testing $PTII/ptolemy/domains/de/test/auto/Trilateration.xml
auto.tcl: Setting watchdog for 200 seconds at Mon Oct 21 15:11:15 UTC 2019
15887 ms. Memory: 474112K Free: 417816K (88%)
ptolemy.util.test.WatchDog.cancel(): canceling Mon Oct 21 15:11:32 UTC 2019
auto.tcl: Setting watchdog for 200 seconds at Mon Oct 21 15:11:32 UTC 2019
11298 ms. Memory: 474112K Free: 312428K (66%)
ptolemy.util.test.WatchDog.cancel(): canceling Mon Oct 21 15:11:43 UTC 2019
------------------ testing $PTII/ptolemy/domains/de/test/auto/TwoSigmaDelta.xml
auto.tcl: Setting watchdog for 200 seconds at Mon Oct 21 15:11:43 UTC 2019
2744 ms. Memory: 89088K Free: 16374K (18%)
ptolemy.util.test.WatchDog.cancel(): canceling Mon Oct 21 15:11:46 UTC 2019
auto.tcl: Setting watchdog for 200 seconds at Mon Oct 21 15:11:46 UTC 2019
2126 ms. Memory: 89088K Free: 13788K (15%)
ptolemy.util.test.WatchDog.cancel(): canceling Mon Oct 21 15:11:48 UTC 2019
------------------ testing $PTII/ptolemy/domains/de/test/auto/VariableDelay.xml
auto.tcl: Setting watchdog for 200 seconds at Mon Oct 21 15:11:48 UTC 2019
3 ms. Memory: 51200K Free: 32504K (63%)
ptolemy.util.test.WatchDog.cancel(): canceling Mon Oct 21 15:11:48 UTC 2019
auto.tcl: Setting watchdog for 200 seconds at Mon Oct 21 15:11:48 UTC 2019
1 ms. Memory: 51200K Free: 32022K (63%)
ptolemy.util.test.WatchDog.cancel(): canceling Mon Oct 21 15:11:48 UTC 2019
------------------ testing $PTII/ptolemy/domains/de/test/auto/VariableDelay2.xml
auto.tcl: Setting watchdog for 200 seconds at Mon Oct 21 15:11:48 UTC 2019
2 ms. Memory: 48128K Free: 29820K (62%)
ptolemy.util.test.WatchDog.cancel(): canceling Mon Oct 21 15:11:48 UTC 2019
auto.tcl: Setting watchdog for 200 seconds at Mon Oct 21 15:11:48 UTC 2019
1 ms. Memory: 48128K Free: 28849K (60%)
ptolemy.util.test.WatchDog.cancel(): canceling Mon Oct 21 15:11:48 UTC 2019
------------------ testing $PTII/ptolemy/domains/de/test/auto/VariableDelayZeroDelay.xml
auto.tcl: Setting watchdog for 200 seconds at Mon Oct 21 15:11:48 UTC 2019
2 ms. Memory: 48128K Free: 30374K (63%)
ptolemy.util.test.WatchDog.cancel(): canceling Mon Oct 21 15:11:48 UTC 2019
auto.tcl: Setting watchdog for 200 seconds at Mon Oct 21 15:11:48 UTC 2019
2 ms. Memory: 48128K Free: 29856K (62%)
ptolemy.util.test.WatchDog.cancel(): canceling Mon Oct 21 15:11:48 UTC 2019
------------------ testing $PTII/ptolemy/domains/de/test/auto/VariableDelayZeroDelay2.xml
auto.tcl: Setting watchdog for 200 seconds at Mon Oct 21 15:11:48 UTC 2019
3 ms. Memory: 48128K Free: 30372K (63%)
ptolemy.util.test.WatchDog.cancel(): canceling Mon Oct 21 15:11:48 UTC 2019
auto.tcl: Setting watchdog for 200 seconds at Mon Oct 21 15:11:48 UTC 2019
2 ms. Memory: 48128K Free: 29406K (61%)
ptolemy.util.test.WatchDog.cancel(): canceling Mon Oct 21 15:11:48 UTC 2019
------------------ testing $PTII/ptolemy/domains/de/test/auto/deInCt.xml
auto.tcl: Setting watchdog for 200 seconds at Mon Oct 21 15:11:48 UTC 2019
0
1
1
1
1
0
0
0
1
1
1
0
0
0
1
1
1
0
0
0
1
1
1
1
0
0
0
1
1
1
1
0
0
0
0
1
1
1
1
10 ms. Memory: 48128K Free: 29346K (61%)
ptolemy.util.test.WatchDog.cancel(): canceling Mon Oct 21 15:11:49 UTC 2019
auto.tcl: Setting watchdog for 200 seconds at Mon Oct 21 15:11:49 UTC 2019
0
1
1
1
0
0
0
1
1
1
0
0
0
0
1
1
1
1
0
0
0
1
1
1
0
0
0
0
1
1
1
1
1
0
0
0
0
10 ms. Memory: 48128K Free: 27842K (58%)
ptolemy.util.test.WatchDog.cancel(): canceling Mon Oct 21 15:11:49 UTC 2019
------------------ testing $PTII/ptolemy/domains/de/test/auto/deInCt2.xml
auto.tcl: Setting watchdog for 200 seconds at Mon Oct 21 15:11:49 UTC 2019
0
1
1
1
0
0
1
1
1
0
0
1
1
1
0
0
1
1
1
0
0
1
1
1
0
0
1
1
1
0
0
1
1
1
0
0
1
1
1
0
0
0
11 ms. Memory: 48128K Free: 29348K (61%)
ptolemy.util.test.WatchDog.cancel(): canceling Mon Oct 21 15:11:49 UTC 2019
auto.tcl: Setting watchdog for 200 seconds at Mon Oct 21 15:11:49 UTC 2019
0
1
1
1
0
0
1
1
1
0
0
1
1
1
0
0
1
1
1
0
0
1
1
1
0
0
1
1
1
0
0
1
1
1
0
0
1
1
1
0
0
0
11 ms. Memory: 48128K Free: 27848K (58%)
ptolemy.util.test.WatchDog.cancel(): canceling Mon Oct 21 15:11:49 UTC 2019
------------------ testing $PTII/ptolemy/domains/de/test/auto/dynamicCausalityInterface1.xml
auto.tcl: Setting watchdog for 200 seconds at Mon Oct 21 15:11:49 UTC 2019
2 ms. Memory: 48128K Free: 24696K (51%)
ptolemy.util.test.WatchDog.cancel(): canceling Mon Oct 21 15:11:49 UTC 2019
auto.tcl: Setting watchdog for 200 seconds at Mon Oct 21 15:11:49 UTC 2019
1 ms. Memory: 48128K Free: 24222K (50%)
ptolemy.util.test.WatchDog.cancel(): canceling Mon Oct 21 15:11:49 UTC 2019
------------------ testing $PTII/ptolemy/domains/de/test/auto/fsm_de_test.xml
auto.tcl: Setting watchdog for 200 seconds at Mon Oct 21 15:11:49 UTC 2019
6 ms. Memory: 48128K Free: 25145K (52%)
ptolemy.util.test.WatchDog.cancel(): canceling Mon Oct 21 15:11:49 UTC 2019
auto.tcl: Setting watchdog for 200 seconds at Mon Oct 21 15:11:49 UTC 2019
5 ms. Memory: 48128K Free: 23132K (48%)
ptolemy.util.test.WatchDog.cancel(): canceling Mon Oct 21 15:11:49 UTC 2019
------------------ testing $PTII/ptolemy/domains/de/test/auto/functionDependencyReconstruction.xml
auto.tcl: Setting watchdog for 200 seconds at Mon Oct 21 15:11:49 UTC 2019
2 ms. Memory: 48128K Free: 18991K (39%)
ptolemy.util.test.WatchDog.cancel(): canceling Mon Oct 21 15:11:49 UTC 2019
auto.tcl: Setting watchdog for 200 seconds at Mon Oct 21 15:11:49 UTC 2019
4 ms. Memory: 48128K Free: 16971K (35%)
ptolemy.util.test.WatchDog.cancel(): canceling Mon Oct 21 15:11:49 UTC 2019
------------------ testing $PTII/ptolemy/domains/de/test/auto/multirate.xml
auto.tcl: Setting watchdog for 200 seconds at Mon Oct 21 15:11:49 UTC 2019
4 ms. Memory: 48128K Free: 27806K (58%)
ptolemy.util.test.WatchDog.cancel(): canceling Mon Oct 21 15:11:49 UTC 2019
auto.tcl: Setting watchdog for 200 seconds at Mon Oct 21 15:11:49 UTC 2019
3 ms. Memory: 48128K Free: 26148K (54%)
ptolemy.util.test.WatchDog.cancel(): canceling Mon Oct 21 15:11:49 UTC 2019
------------------ testing $PTII/ptolemy/domains/de/test/auto/multirate2.xml
auto.tcl: Setting watchdog for 200 seconds at Mon Oct 21 15:11:49 UTC 2019
4 ms. Memory: 48128K Free: 27972K (58%)
ptolemy.util.test.WatchDog.cancel(): canceling Mon Oct 21 15:11:49 UTC 2019
auto.tcl: Setting watchdog for 200 seconds at Mon Oct 21 15:11:49 UTC 2019
3 ms. Memory: 48128K Free: 26297K (55%)
ptolemy.util.test.WatchDog.cancel(): canceling Mon Oct 21 15:11:49 UTC 2019
------------------ testing $PTII/ptolemy/domains/de/test/auto/realtime.xml
auto.tcl: Setting watchdog for 200 seconds at Mon Oct 21 15:11:49 UTC 2019
10001 ms. Memory: 48128K Free: 30069K (62%)
ptolemy.util.test.WatchDog.cancel(): canceling Mon Oct 21 15:11:59 UTC 2019
auto.tcl: Setting watchdog for 200 seconds at Mon Oct 21 15:11:59 UTC 2019
10001 ms. Memory: 48128K Free: 29323K (61%)
ptolemy.util.test.WatchDog.cancel(): canceling Mon Oct 21 15:12:09 UTC 2019
------------------ testing $PTII/ptolemy/domains/de/test/auto/relationGroup.xml
auto.tcl: Setting watchdog for 200 seconds at Mon Oct 21 15:12:09 UTC 2019
2 ms. Memory: 48128K Free: 31081K (65%)
ptolemy.util.test.WatchDog.cancel(): canceling Mon Oct 21 15:12:09 UTC 2019
auto.tcl: Setting watchdog for 200 seconds at Mon Oct 21 15:12:09 UTC 2019
2 ms. Memory: 48128K Free: 30373K (63%)
ptolemy.util.test.WatchDog.cancel(): canceling Mon Oct 21 15:12:09 UTC 2019
------------------ testing $PTII/ptolemy/domains/de/test/auto/relationGroup2.xml
auto.tcl: Setting watchdog for 200 seconds at Mon Oct 21 15:12:09 UTC 2019
2 ms. Memory: 48128K Free: 31115K (65%)
ptolemy.util.test.WatchDog.cancel(): canceling Mon Oct 21 15:12:09 UTC 2019
auto.tcl: Setting watchdog for 200 seconds at Mon Oct 21 15:12:09 UTC 2019
1 ms. Memory: 48128K Free: 30399K (63%)
ptolemy.util.test.WatchDog.cancel(): canceling Mon Oct 21 15:12:09 UTC 2019
------------------ testing $PTII/ptolemy/domains/de/test/auto/sortWithOpaquePorts.xml
auto.tcl: Setting watchdog for 200 seconds at Mon Oct 21 15:12:09 UTC 2019
2 ms. Memory: 48128K Free: 29878K (62%)
ptolemy.util.test.WatchDog.cancel(): canceling Mon Oct 21 15:12:09 UTC 2019
auto.tcl: Setting watchdog for 200 seconds at Mon Oct 21 15:12:09 UTC 2019
2 ms. Memory: 48128K Free: 28878K (60%)
ptolemy.util.test.WatchDog.cancel(): canceling Mon Oct 21 15:12:09 UTC 2019
------------------ testing $PTII/ptolemy/domains/de/test/auto/transferInputsandOutputs.xml
auto.tcl: Setting watchdog for 200 seconds at Mon Oct 21 15:12:09 UTC 2019
2 ms. Memory: 48128K Free: 27316K (57%)
ptolemy.util.test.WatchDog.cancel(): canceling Mon Oct 21 15:12:09 UTC 2019
auto.tcl: Setting watchdog for 200 seconds at Mon Oct 21 15:12:09 UTC 2019
2 ms. Memory: 48128K Free: 26354K (55%)
ptolemy.util.test.WatchDog.cancel(): canceling Mon Oct 21 15:12:09 UTC 2019
------------------ testing $PTII/ptolemy/domains/de/test/auto/triggerType.xml
auto.tcl: Setting watchdog for 200 seconds at Mon Oct 21 15:12:09 UTC 2019
2 ms. Memory: 48128K Free: 30341K (63%)
ptolemy.util.test.WatchDog.cancel(): canceling Mon Oct 21 15:12:09 UTC 2019
auto.tcl: Setting watchdog for 200 seconds at Mon Oct 21 15:12:09 UTC 2019
2 ms. Memory: 48128K Free: 29328K (61%)
ptolemy.util.test.WatchDog.cancel(): canceling Mon Oct 21 15:12:09 UTC 2019
10/21/19 03:12:09
Failed: 0  Total Tests: 192  ((Passed: 187, Newly Passed: 1)  Known Failed: 5) /home/travis/build/icyphy/ptII/ptolemy/domains/de/test
10/21/19 03:12:09
Failed: 0  Total Tests: 192  ((Passed: 187, Newly Passed: 1)  Known Failed: 5) /home/travis/build/icyphy/ptII/ptolemy/domains/de/test
----------------- testing (KnownFailure) /home/travis/build/icyphy/ptII/ptolemy/domains/de/test/auto/knownFailedTests/DESDFClockTest.xml
2013 ms. Memory: 48128K Free: 23736K (49%)
Known Failure: java.lang.reflect.InvocationTargetException
----------------- testing (KnownFailure) /home/travis/build/icyphy/ptII/ptolemy/domains/de/test/auto/knownFailedTests/DirectFeedback.xml
2 ms. Memory: 48128K Free: 20154K (42%)
Known Failure: java.lang.reflect.InvocationTargetException
----------------- testing (KnownFailure) /home/travis/build/icyphy/ptII/ptolemy/domains/de/test/auto/knownFailedTests/FSMSource.xml
7 ms. Memory: 48128K Free: 12986K (27%)
----------------- testing (KnownFailure) /home/travis/build/icyphy/ptII/ptolemy/domains/de/test/auto/knownFailedTests/HierarchicalModel.xml
3 ms. Memory: 48128K Free: 24182K (50%)
Known Failure: java.lang.reflect.InvocationTargetException
----------------- testing (KnownFailure) /home/travis/build/icyphy/ptII/ptolemy/domains/de/test/auto/knownFailedTests/dependencyLoop.xml
3 ms. Memory: 48128K Free: 9159K (19%)
Known Failure: java.lang.reflect.InvocationTargetException
----------------- testing (KnownFailure) /home/travis/build/icyphy/ptII/ptolemy/domains/de/test/auto/knownFailedTests/dependencyLoop2.xml
3 ms. Memory: 48128K Free: 20989K (44%)
Known Failure: java.lang.reflect.InvocationTargetException
No auto/linux-amd64/*.xml tests in /home/travis/build/icyphy/ptII/ptolemy/domains/de/test
AutoTests.java: About to close Vertx.
AutoTests.java: Vertx closed.

===========================================================================================
----------------- testing Mon Oct 21 15:12:12 UTC 2019 /home/travis/build/icyphy/ptII/ptolemy/domains/de/test/auto/ActorDepthCalculation_actorWithoutPorts.xml
----------------- Instantiating /home/travis/build/icyphy/ptII/ptolemy/domains/de/test/auto/ActorDepthCalculation_actorWithoutPorts.xml
2 ms. Memory: 48128K Free: 14127K (29%)
----------------- Invoking toplevel() on ptolemy.moml.MoMLSimpleApplication@4821d465
----------------- Done invoking toplevel() on ptolemy.moml.MoMLSimpleApplication@4821d465
reloadAllAccessors: .ActorDepthCalculation_actorWithoutPorts

===========================================================================================
----------------- testing Mon Oct 21 15:12:12 UTC 2019 /home/travis/build/icyphy/ptII/ptolemy/domains/de/test/auto/AssemblyLine.xml
----------------- Instantiating /home/travis/build/icyphy/ptII/ptolemy/domains/de/test/auto/AssemblyLine.xml
14 ms. Memory: 48128K Free: 33926K (70%)
----------------- Invoking toplevel() on ptolemy.moml.MoMLSimpleApplication@5a517e5
----------------- Done invoking toplevel() on ptolemy.moml.MoMLSimpleApplication@5a517e5
reloadAllAccessors: .AssemblyLine

===========================================================================================
----------------- testing Mon Oct 21 15:12:12 UTC 2019 /home/travis/build/icyphy/ptII/ptolemy/domains/de/test/auto/CQBug1.xml
----------------- Instantiating /home/travis/build/icyphy/ptII/ptolemy/domains/de/test/auto/CQBug1.xml
1 ms. Memory: 48128K Free: 30759K (64%)
----------------- Invoking toplevel() on ptolemy.moml.MoMLSimpleApplication@6c08a657
----------------- Done invoking toplevel() on ptolemy.moml.MoMLSimpleApplication@6c08a657
reloadAllAccessors: .CQBug1

===========================================================================================
----------------- testing Mon Oct 21 15:12:12 UTC 2019 /home/travis/build/icyphy/ptII/ptolemy/domains/de/test/auto/CancelFireAt.xml
----------------- Instantiating /home/travis/build/icyphy/ptII/ptolemy/domains/de/test/auto/CancelFireAt.xml
0 ms. Memory: 48128K Free: 28347K (59%)
----------------- Invoking toplevel() on ptolemy.moml.MoMLSimpleApplication@1a59ec86
----------------- Done invoking toplevel() on ptolemy.moml.MoMLSimpleApplication@1a59ec86
reloadAllAccessors: .CancelFireAt

===========================================================================================
----------------- testing Mon Oct 21 15:12:12 UTC 2019 /home/travis/build/icyphy/ptII/ptolemy/domains/de/test/auto/CausalityAndComposabilityAnalysis.xml
----------------- Instantiating /home/travis/build/icyphy/ptII/ptolemy/domains/de/test/auto/CausalityAndComposabilityAnalysis.xml
9 ms. Memory: 48128K Free: 24226K (50%)
----------------- Invoking toplevel() on ptolemy.moml.MoMLSimpleApplication@6ac4e92c
----------------- Done invoking toplevel() on ptolemy.moml.MoMLSimpleApplication@6ac4e92c
reloadAllAccessors: .CausalityAndComposabilityAnalysis

===========================================================================================
----------------- testing Mon Oct 21 15:12:12 UTC 2019 /home/travis/build/icyphy/ptII/ptolemy/domains/de/test/auto/CausalityInterface1.xml
----------------- Instantiating /home/travis/build/icyphy/ptII/ptolemy/domains/de/test/auto/CausalityInterface1.xml
4 ms. Memory: 48128K Free: 19318K (40%)
----------------- Invoking toplevel() on ptolemy.moml.MoMLSimpleApplication@44556b74
----------------- Done invoking toplevel() on ptolemy.moml.MoMLSimpleApplication@44556b74
reloadAllAccessors: .CausalityInterface1

===========================================================================================
----------------- testing Mon Oct 21 15:12:12 UTC 2019 /home/travis/build/icyphy/ptII/ptolemy/domains/de/test/auto/CausalityInterface15.xml
----------------- Instantiating /home/travis/build/icyphy/ptII/ptolemy/domains/de/test/auto/CausalityInterface15.xml
2 ms. Memory: 48128K Free: 13965K (29%)
----------------- Invoking toplevel() on ptolemy.moml.MoMLSimpleApplication@9eef35
----------------- Done invoking toplevel() on ptolemy.moml.MoMLSimpleApplication@9eef35
reloadAllAccessors: .CausalityInterface15

===========================================================================================
----------------- testing Mon Oct 21 15:12:12 UTC 2019 /home/travis/build/icyphy/ptII/ptolemy/domains/de/test/auto/CausalityInterface2.xml
----------------- Instantiating /home/travis/build/icyphy/ptII/ptolemy/domains/de/test/auto/CausalityInterface2.xml
2 ms. Memory: 48128K Free: 9433K (20%)
[...]
	at ptolemy.actor.Manager.run(Manager.java:1263)
	at ptolemy.actor.Manager$PtolemyRunThread.run(Manager.java:1933)
java.lang.RuntimeException: Execution failed
	at ptolemy.moml.MoMLSimpleApplication$UnloadThread.run(MoMLSimpleApplication.java:402)
Caused by: ptolemy.kernel.util.IllegalActionException: Actor is not ready to fire.  Perhaps UpSample.prefire() returned false? Try debugging the actor by selecting "Listen to Actor".  Also, for SDF check moml for tokenConsumptionRate on input.
  in .DESDFClockTest.Play Bell.Copy1:SDF Director and .DESDFClockTest.Play Bell.UpSample
	at ptolemy.actor.sched.StaticSchedulingDirector.fire(StaticSchedulingDirector.java:227)
	at ptolemy.domains.sdf.kernel.SDFDirector.fire(SDFDirector.java:500)
	at ptolemy.actor.CompositeActor.fire(CompositeActor.java:455)
	at ptolemy.domains.de.kernel.DEDirector._fire(DEDirector.java:1949)
	at ptolemy.domains.de.kernel.DEDirector.fire(DEDirector.java:502)
	at ptolemy.actor.CompositeActor.fire(CompositeActor.java:455)
	at ptolemy.actor.Manager.iterate(Manager.java:851)
	at ptolemy.actor.Manager.execute(Manager.java:369)
	at ptolemy.actor.Manager.run(Manager.java:1263)
	at ptolemy.actor.Manager$PtolemyRunThread.run(Manager.java:1933)
java.lang.reflect.InvocationTargetException
	at java.base/jdk.internal.reflect.NativeConstructorAccessorImpl.newInstance0(Native Method)
	at java.base/jdk.internal.reflect.NativeConstructorAccessorImpl.newInstance(NativeConstructorAccessorImpl.java:62)
	at java.base/jdk.internal.reflect.DelegatingConstructorAccessorImpl.newInstance(DelegatingConstructorAccessorImpl.java:45)
	at java.base/java.lang.reflect.Constructor.newInstance(Constructor.java:490)
	at ptolemy.util.test.junit.AutoKnownFailedTests.RunModel(AutoKnownFailedTests.java:105)
	at java.base/jdk.internal.reflect.NativeMethodAccessorImpl.invoke0(Native Method)
	at java.base/jdk.internal.reflect.NativeMethodAccessorImpl.invoke(NativeMethodAccessorImpl.java:62)
	at java.base/jdk.internal.reflect.DelegatingMethodAccessorImpl.invoke(DelegatingMethodAccessorImpl.java:43)
	at java.base/java.lang.reflect.Method.invoke(Method.java:566)
	at org.junit.runners.model.FrameworkMethod$1.runReflectiveCall(FrameworkMethod.java:44)
	at org.junit.internal.runners.model.ReflectiveCallable.run(ReflectiveCallable.java:15)
	at org.junit.runners.model.FrameworkMethod.invokeExplosively(FrameworkMethod.java:41)
	at junitparams.internal.InvokeParameterisedMethod.evaluate(InvokeParameterisedMethod.java:102)
	at org.junit.internal.runners.statements.FailOnTimeout$1.run(FailOnTimeout.java:28)
Caused by: ptolemy.kernel.util.IllegalActionException: Actor is not ready to fire.  Perhaps UpSample.prefire() returned false? Try debugging the actor by selecting "Listen to Actor".  Also, for SDF check moml for tokenConsumptionRate on input.
  in .DESDFClockTest.Play Bell.Copy1:SDF Director and .DESDFClockTest.Play Bell.UpSample
	at ptolemy.actor.sched.StaticSchedulingDirector.fire(StaticSchedulingDirector.java:227)
	at ptolemy.domains.sdf.kernel.SDFDirector.fire(SDFDirector.java:500)
	at ptolemy.actor.CompositeActor.fire(CompositeActor.java:455)
	at ptolemy.domains.de.kernel.DEDirector._fire(DEDirector.java:1949)
	at ptolemy.domains.de.kernel.DEDirector.fire(DEDirector.java:502)
	at ptolemy.actor.CompositeActor.fire(CompositeActor.java:455)
	at ptolemy.actor.Manager.iterate(Manager.java:851)
	at ptolemy.actor.Manager.execute(Manager.java:369)
	at ptolemy.actor.Manager.run(Manager.java:1263)
	at ptolemy.actor.Manager$PtolemyRunThread.run(Manager.java:1933)
java.lang.RuntimeException: Execution failed
	at ptolemy.moml.MoMLSimpleApplication$UnloadThread.run(MoMLSimpleApplication.java:402)
Caused by: ptolemy.kernel.util.IllegalActionException: Test fails in iteration 1.
Value was: 1.0. Should have been: 2.0
  in .DirectFeedback.Test
	at ptolemy.actor.lib.Test.fire(Test.java:268)
	at ptolemy.domains.de.kernel.DEDirector._fire(DEDirector.java:1949)
	at ptolemy.domains.de.kernel.DEDirector.fire(DEDirector.java:502)
	at ptolemy.actor.CompositeActor.fire(CompositeActor.java:455)
	at ptolemy.actor.Manager.iterate(Manager.java:851)
	at ptolemy.actor.Manager.execute(Manager.java:369)
	at ptolemy.actor.Manager.run(Manager.java:1263)
	at ptolemy.actor.Manager$PtolemyRunThread.run(Manager.java:1933)
java.lang.reflect.InvocationTargetException
	at java.base/jdk.internal.reflect.NativeConstructorAccessorImpl.newInstance0(Native Method)
	at java.base/jdk.internal.reflect.NativeConstructorAccessorImpl.newInstance(NativeConstructorAccessorImpl.java:62)
	at java.base/jdk.internal.reflect.DelegatingConstructorAccessorImpl.newInstance(DelegatingConstructorAccessorImpl.java:45)
	at java.base/java.lang.reflect.Constructor.newInstance(Constructor.java:490)
	at ptolemy.util.test.junit.AutoKnownFailedTests.RunModel(AutoKnownFailedTests.java:105)
	at java.base/jdk.internal.reflect.NativeMethodAccessorImpl.invoke0(Native Method)
	at java.base/jdk.internal.reflect.NativeMethodAccessorImpl.invoke(NativeMethodAccessorImpl.java:62)
	at java.base/jdk.internal.reflect.DelegatingMethodAccessorImpl.invoke(DelegatingMethodAccessorImpl.java:43)
	at java.base/java.lang.reflect.Method.invoke(Method.java:566)
	at org.junit.runners.model.FrameworkMethod$1.runReflectiveCall(FrameworkMethod.java:44)
	at org.junit.internal.runners.model.ReflectiveCallable.run(ReflectiveCallable.java:15)
	at org.junit.runners.model.FrameworkMethod.invokeExplosively(FrameworkMethod.java:41)
	at junitparams.internal.InvokeParameterisedMethod.evaluate(InvokeParameterisedMethod.java:102)
	at org.junit.internal.runners.statements.FailOnTimeout$1.run(FailOnTimeout.java:28)
Caused by: ptolemy.kernel.util.IllegalActionException: Test fails in iteration 1.
Value was: 1.0. Should have been: 2.0
  in .DirectFeedback.Test
	at ptolemy.actor.lib.Test.fire(Test.java:268)
	at ptolemy.domains.de.kernel.DEDirector._fire(DEDirector.java:1949)
	at ptolemy.domains.de.kernel.DEDirector.fire(DEDirector.java:502)
	at ptolemy.actor.CompositeActor.fire(CompositeActor.java:455)
	at ptolemy.actor.Manager.iterate(Manager.java:851)
	at ptolemy.actor.Manager.execute(Manager.java:369)
	at ptolemy.actor.Manager.run(Manager.java:1263)
	at ptolemy.actor.Manager$PtolemyRunThread.run(Manager.java:1933)
java.lang.RuntimeException: Execution failed
	at ptolemy.moml.MoMLSimpleApplication$UnloadThread.run(MoMLSimpleApplication.java:402)
Caused by: ptolemy.kernel.util.IllegalActionException: Found a zero delay loop containing .HierarchicalModel.A
  in .HierarchicalModel and .HierarchicalModel.A
	at ptolemy.actor.util.CausalityInterfaceForComposites._computeOutputPortDepth(CausalityInterfaceForComposites.java:759)
	at ptolemy.actor.util.CausalityInterfaceForComposites._computeInputDepth(CausalityInterfaceForComposites.java:696)
	at ptolemy.actor.util.CausalityInterfaceForComposites._computeOutputPortDepth(CausalityInterfaceForComposites.java:765)
	at ptolemy.actor.util.CausalityInterfaceForComposites._computeInputDepth(CausalityInterfaceForComposites.java:696)
	at ptolemy.actor.util.CausalityInterfaceForComposites._computeOutputPortDepth(CausalityInterfaceForComposites.java:765)
	at ptolemy.actor.util.CausalityInterfaceForComposites._computeInputDepth(CausalityInterfaceForComposites.java:696)
	at ptolemy.actor.util.CausalityInterfaceForComposites._computeActorDepth(CausalityInterfaceForComposites.java:532)
	at ptolemy.actor.util.CausalityInterfaceForComposites.checkForCycles(CausalityInterfaceForComposites.java:96)
	at ptolemy.domains.de.kernel.DEDirector.preinitialize(DEDirector.java:1338)
	at ptolemy.actor.CompositeActor.preinitialize(CompositeActor.java:1828)
	at ptolemy.actor.Manager.preinitializeAndResolveTypes(Manager.java:1040)
	at ptolemy.actor.Manager.initialize(Manager.java:710)
	at ptolemy.actor.Manager.execute(Manager.java:356)
	at ptolemy.actor.Manager.run(Manager.java:1263)
	at ptolemy.actor.Manager$PtolemyRunThread.run(Manager.java:1933)
java.lang.reflect.InvocationTargetException
	at java.base/jdk.internal.reflect.NativeConstructorAccessorImpl.newInstance0(Native Method)
	at java.base/jdk.internal.reflect.NativeConstructorAccessorImpl.newInstance(NativeConstructorAccessorImpl.java:62)
	at java.base/jdk.internal.reflect.DelegatingConstructorAccessorImpl.newInstance(DelegatingConstructorAccessorImpl.java:45)
	at java.base/java.lang.reflect.Constructor.newInstance(Constructor.java:490)
	at ptolemy.util.test.junit.AutoKnownFailedTests.RunModel(AutoKnownFailedTests.java:105)
	at java.base/jdk.internal.reflect.NativeMethodAccessorImpl.invoke0(Native Method)
	at java.base/jdk.internal.reflect.NativeMethodAccessorImpl.invoke(NativeMethodAccessorImpl.java:62)
	at java.base/jdk.internal.reflect.DelegatingMethodAccessorImpl.invoke(DelegatingMethodAccessorImpl.java:43)
	at java.base/java.lang.reflect.Method.invoke(Method.java:566)
	at org.junit.runners.model.FrameworkMethod$1.runReflectiveCall(FrameworkMethod.java:44)
	at org.junit.internal.runners.model.ReflectiveCallable.run(ReflectiveCallable.java:15)
	at org.junit.runners.model.FrameworkMethod.invokeExplosively(FrameworkMethod.java:41)
	at junitparams.internal.InvokeParameterisedMethod.evaluate(InvokeParameterisedMethod.java:102)
	at org.junit.internal.runners.statements.FailOnTimeout$1.run(FailOnTimeout.java:28)
Caused by: ptolemy.kernel.util.IllegalActionException: Found a zero delay loop containing .HierarchicalModel.A
  in .HierarchicalModel and .HierarchicalModel.A
	at ptolemy.actor.util.CausalityInterfaceForComposites._computeOutputPortDepth(CausalityInterfaceForComposites.java:759)
	at ptolemy.actor.util.CausalityInterfaceForComposites._computeInputDepth(CausalityInterfaceForComposites.java:696)
	at ptolemy.actor.util.CausalityInterfaceForComposites._computeOutputPortDepth(CausalityInterfaceForComposites.java:765)
	at ptolemy.actor.util.CausalityInterfaceForComposites._computeInputDepth(CausalityInterfaceForComposites.java:696)
	at ptolemy.actor.util.CausalityInterfaceForComposites._computeOutputPortDepth(CausalityInterfaceForComposites.java:765)
	at ptolemy.actor.util.CausalityInterfaceForComposites._computeInputDepth(CausalityInterfaceForComposites.java:696)
	at ptolemy.actor.util.CausalityInterfaceForComposites._computeActorDepth(CausalityInterfaceForComposites.java:532)
	at ptolemy.actor.util.CausalityInterfaceForComposites.checkForCycles(CausalityInterfaceForComposites.java:96)
	at ptolemy.domains.de.kernel.DEDirector.preinitialize(DEDirector.java:1338)
	at ptolemy.actor.CompositeActor.preinitialize(CompositeActor.java:1828)
	at ptolemy.actor.Manager.preinitializeAndResolveTypes(Manager.java:1040)
	at ptolemy.actor.Manager.initialize(Manager.java:710)
	at ptolemy.actor.Manager.execute(Manager.java:356)
	at ptolemy.actor.Manager.run(Manager.java:1263)
	at ptolemy.actor.Manager$PtolemyRunThread.run(Manager.java:1933)
java.lang.RuntimeException: Execution failed
	at ptolemy.moml.MoMLSimpleApplication$UnloadThread.run(MoMLSimpleApplication.java:402)
Caused by: ptolemy.kernel.util.IllegalActionException: Found a zero delay loop containing .dependencyLoop.original
  in .dependencyLoop and .dependencyLoop.original
	at ptolemy.actor.util.CausalityInterfaceForComposites._computeOutputPortDepth(CausalityInterfaceForComposites.java:759)
	at ptolemy.actor.util.CausalityInterfaceForComposites._computeInputDepth(CausalityInterfaceForComposites.java:696)
	at ptolemy.actor.util.CausalityInterfaceForComposites._computeOutputPortDepth(CausalityInterfaceForComposites.java:765)
	at ptolemy.actor.util.CausalityInterfaceForComposites._computeInputDepth(CausalityInterfaceForComposites.java:696)
	at ptolemy.actor.util.CausalityInterfaceForComposites._computeOutputPortDepth(CausalityInterfaceForComposites.java:765)
	at ptolemy.actor.util.CausalityInterfaceForComposites._computeInputDepth(CausalityInterfaceForComposites.java:696)
	at ptolemy.actor.util.CausalityInterfaceForComposites._computeActorDepth(CausalityInterfaceForComposites.java:532)
	at ptolemy.actor.util.CausalityInterfaceForComposites.checkForCycles(CausalityInterfaceForComposites.java:96)
	at ptolemy.domains.de.kernel.DEDirector.preinitialize(DEDirector.java:1338)
	at ptolemy.actor.CompositeActor.preinitialize(CompositeActor.java:1828)
	at ptolemy.actor.Manager.preinitializeAndResolveTypes(Manager.java:1040)
	at ptolemy.actor.Manager.initialize(Manager.java:710)
	at ptolemy.actor.Manager.execute(Manager.java:356)
	at ptolemy.actor.Manager.run(Manager.java:1263)
	at ptolemy.actor.Manager$PtolemyRunThread.run(Manager.java:1933)
java.lang.reflect.InvocationTargetException
	at java.base/jdk.internal.reflect.NativeConstructorAccessorImpl.newInstance0(Native Method)
	at java.base/jdk.internal.reflect.NativeConstructorAccessorImpl.newInstance(NativeConstructorAccessorImpl.java:62)
	at java.base/jdk.internal.reflect.DelegatingConstructorAccessorImpl.newInstance(DelegatingConstructorAccessorImpl.java:45)
	at java.base/java.lang.reflect.Constructor.newInstance(Constructor.java:490)
	at ptolemy.util.test.junit.AutoKnownFailedTests.RunModel(AutoKnownFailedTests.java:105)
	at java.base/jdk.internal.reflect.NativeMethodAccessorImpl.invoke0(Native Method)
	at java.base/jdk.internal.reflect.NativeMethodAccessorImpl.invoke(NativeMethodAccessorImpl.java:62)
	at java.base/jdk.internal.reflect.DelegatingMethodAccessorImpl.invoke(DelegatingMethodAccessorImpl.java:43)
	at java.base/java.lang.reflect.Method.invoke(Method.java:566)
	at org.junit.runners.model.FrameworkMethod$1.runReflectiveCall(FrameworkMethod.java:44)
	at org.junit.internal.runners.model.ReflectiveCallable.run(ReflectiveCallable.java:15)
	at org.junit.runners.model.FrameworkMethod.invokeExplosively(FrameworkMethod.java:41)
	at junitparams.internal.InvokeParameterisedMethod.evaluate(InvokeParameterisedMethod.java:102)
	at org.junit.internal.runners.statements.FailOnTimeout$1.run(FailOnTimeout.java:28)
Caused by: ptolemy.kernel.util.IllegalActionException: Found a zero delay loop containing .dependencyLoop.original
  in .dependencyLoop and .dependencyLoop.original
	at ptolemy.actor.util.CausalityInterfaceForComposites._computeOutputPortDepth(CausalityInterfaceForComposites.java:759)
	at ptolemy.actor.util.CausalityInterfaceForComposites._computeInputDepth(CausalityInterfaceForComposites.java:696)
	at ptolemy.actor.util.CausalityInterfaceForComposites._computeOutputPortDepth(CausalityInterfaceForComposites.java:765)
	at ptolemy.actor.util.CausalityInterfaceForComposites._computeInputDepth(CausalityInterfaceForComposites.java:696)
	at ptolemy.actor.util.CausalityInterfaceForComposites._computeOutputPortDepth(CausalityInterfaceForComposites.java:765)
	at ptolemy.actor.util.CausalityInterfaceForComposites._computeInputDepth(CausalityInterfaceForComposites.java:696)
	at ptolemy.actor.util.CausalityInterfaceForComposites._computeActorDepth(CausalityInterfaceForComposites.java:532)
	at ptolemy.actor.util.CausalityInterfaceForComposites.checkForCycles(CausalityInterfaceForComposites.java:96)
	at ptolemy.domains.de.kernel.DEDirector.preinitialize(DEDirector.java:1338)
	at ptolemy.actor.CompositeActor.preinitialize(CompositeActor.java:1828)
	at ptolemy.actor.Manager.preinitializeAndResolveTypes(Manager.java:1040)
	at ptolemy.actor.Manager.initialize(Manager.java:710)
	at ptolemy.actor.Manager.execute(Manager.java:356)
	at ptolemy.actor.Manager.run(Manager.java:1263)
	at ptolemy.actor.Manager$PtolemyRunThread.run(Manager.java:1933)
java.lang.RuntimeException: Execution failed
	at ptolemy.moml.MoMLSimpleApplication$UnloadThread.run(MoMLSimpleApplication.java:402)
Caused by: ptolemy.kernel.util.IllegalActionException: Found a zero delay loop containing .dependencyLoop2.original
  in .dependencyLoop2 and .dependencyLoop2.original
	at ptolemy.actor.util.CausalityInterfaceForComposites._computeOutputPortDepth(CausalityInterfaceForComposites.java:759)
	at ptolemy.actor.util.CausalityInterfaceForComposites._computeInputDepth(CausalityInterfaceForComposites.java:696)
	at ptolemy.actor.util.CausalityInterfaceForComposites._computeOutputPortDepth(CausalityInterfaceForComposites.java:765)
	at ptolemy.actor.util.CausalityInterfaceForComposites._computeInputDepth(CausalityInterfaceForComposites.java:696)
	at ptolemy.actor.util.CausalityInterfaceForComposites._computeOutputPortDepth(CausalityInterfaceForComposites.java:765)
	at ptolemy.actor.util.CausalityInterfaceForComposites._computeInputDepth(CausalityInterfaceForComposites.java:696)
	at ptolemy.actor.util.CausalityInterfaceForComposites._computeActorDepth(CausalityInterfaceForComposites.java:532)
	at ptolemy.actor.util.CausalityInterfaceForComposites.checkForCycles(CausalityInterfaceForComposites.java:96)
	at ptolemy.domains.de.kernel.DEDirector.preinitialize(DEDirector.java:1338)
	at ptolemy.actor.CompositeActor.preinitialize(CompositeActor.java:1828)
	at ptolemy.actor.Manager.preinitializeAndResolveTypes(Manager.java:1040)
	at ptolemy.actor.Manager.initialize(Manager.java:710)
	at ptolemy.actor.Manager.execute(Manager.java:356)
	at ptolemy.actor.Manager.run(Manager.java:1263)
	at ptolemy.actor.Manager$PtolemyRunThread.run(Manager.java:1933)
java.lang.reflect.InvocationTargetException
	at java.base/jdk.internal.reflect.NativeConstructorAccessorImpl.newInstance0(Native Method)
	at java.base/jdk.internal.reflect.NativeConstructorAccessorImpl.newInstance(NativeConstructorAccessorImpl.java:62)
	at java.base/jdk.internal.reflect.DelegatingConstructorAccessorImpl.newInstance(DelegatingConstructorAccessorImpl.java:45)
	at java.base/java.lang.reflect.Constructor.newInstance(Constructor.java:490)
	at ptolemy.util.test.junit.AutoKnownFailedTests.RunModel(AutoKnownFailedTests.java:105)
	at java.base/jdk.internal.reflect.NativeMethodAccessorImpl.invoke0(Native Method)
	at java.base/jdk.internal.reflect.NativeMethodAccessorImpl.invoke(NativeMethodAccessorImpl.java:62)
	at java.base/jdk.internal.reflect.DelegatingMethodAccessorImpl.invoke(DelegatingMethodAccessorImpl.java:43)
	at java.base/java.lang.reflect.Method.invoke(Method.java:566)
	at org.junit.runners.model.FrameworkMethod$1.runReflectiveCall(FrameworkMethod.java:44)
	at org.junit.internal.runners.model.ReflectiveCallable.run(ReflectiveCallable.java:15)
	at org.junit.runners.model.FrameworkMethod.invokeExplosively(FrameworkMethod.java:41)
	at junitparams.internal.InvokeParameterisedMethod.evaluate(InvokeParameterisedMethod.java:102)
	at org.junit.internal.runners.statements.FailOnTimeout$1.run(FailOnTimeout.java:28)
Caused by: ptolemy.kernel.util.IllegalActionException: Found a zero delay loop containing .dependencyLoop2.original
  in .dependencyLoop2 and .dependencyLoop2.original
	at ptolemy.actor.util.CausalityInterfaceForComposites._computeOutputPortDepth(CausalityInterfaceForComposites.java:759)
	at ptolemy.actor.util.CausalityInterfaceForComposites._computeInputDepth(CausalityInterfaceForComposites.java:696)
	at ptolemy.actor.util.CausalityInterfaceForComposites._computeOutputPortDepth(CausalityInterfaceForComposites.java:765)
	at ptolemy.actor.util.CausalityInterfaceForComposites._computeInputDepth(CausalityInterfaceForComposites.java:696)
	at ptolemy.actor.util.CausalityInterfaceForComposites._computeOutputPortDepth(CausalityInterfaceForComposites.java:765)
	at ptolemy.actor.util.CausalityInterfaceForComposites._computeInputDepth(CausalityInterfaceForComposites.java:696)
	at ptolemy.actor.util.CausalityInterfaceForComposites._computeActorDepth(CausalityInterfaceForComposites.java:532)
	at ptolemy.actor.util.CausalityInterfaceForComposites.checkForCycles(CausalityInterfaceForComposites.java:96)
	at ptolemy.domains.de.kernel.DEDirector.preinitialize(DEDirector.java:1338)
	at ptolemy.actor.CompositeActor.preinitialize(CompositeActor.java:1828)
	at ptolemy.actor.Manager.preinitializeAndResolveTypes(Manager.java:1040)
	at ptolemy.actor.Manager.initialize(Manager.java:710)
	at ptolemy.actor.Manager.execute(Manager.java:356)
	at ptolemy.actor.Manager.run(Manager.java:1263)
	at ptolemy.actor.Manager$PtolemyRunThread.run(Manager.java:1933)
]]></system-err>
</testsuite>
