<?xml version="1.0" encoding="UTF-8" ?>
<testsuite errors="0" failures="0" hostname="travis-job-c39f0da7-6b36-4e36-b764-fe330e948738" name="ptolemy.domains.de.test.junit.JUnitTclTest" skipped="0" tests="101" time="119.232" timestamp="2020-06-06T14:32:52">
  <properties>
[...]
</properties>
  <testcase classname="ptolemy.util.test.junit.TclTests" name="[0] /home/travis/build/icyphy/ptII/ptolemy/domains/de/test/DependencyLoop.tcl (RunTclFile)" time="0.927" />
  <testcase classname="ptolemy.util.test.junit.TclTests" name="[1] /home/travis/build/icyphy/ptII/ptolemy/domains/de/test/RunDETestsAsQSS.tcl (RunTclFile)" time="80.841" />
  <testcase classname="ptolemy.util.test.junit.AutoKnownFailedTests" name="[0] /home/travis/build/icyphy/ptII/ptolemy/domains/de/test/auto/knownFailedTests/DESDFClockTest.xml (RunModel)" time="2.039" />
  <testcase classname="ptolemy.util.test.junit.AutoKnownFailedTests" name="[1] /home/travis/build/icyphy/ptII/ptolemy/domains/de/test/auto/knownFailedTests/DirectFeedback.xml (RunModel)" time="0.014" />
  <testcase classname="ptolemy.util.test.junit.AutoKnownFailedTests" name="[2] /home/travis/build/icyphy/ptII/ptolemy/domains/de/test/auto/knownFailedTests/FSMSource.xml (RunModel)" time="0.029" />
  <testcase classname="ptolemy.util.test.junit.AutoKnownFailedTests" name="[3] /home/travis/build/icyphy/ptII/ptolemy/domains/de/test/auto/knownFailedTests/HierarchicalModel.xml (RunModel)" time="0.04" />
  <testcase classname="ptolemy.util.test.junit.AutoKnownFailedTests" name="[4] /home/travis/build/icyphy/ptII/ptolemy/domains/de/test/auto/knownFailedTests/dependencyLoop.xml (RunModel)" time="0.045" />
  <testcase classname="ptolemy.util.test.junit.AutoKnownFailedTests" name="[5] /home/travis/build/icyphy/ptII/ptolemy/domains/de/test/auto/knownFailedTests/dependencyLoop2.xml (RunModel)" time="0.042" />
  <testcase classname="ptolemy.util.test.junit.AutoNameArchTests" name="[0] ThereAreNoAutoArchTests (RunModel)" time="0.006" />
  <testcase classname="ptolemy.util.test.junit.AutoTests" name="[0] /home/travis/build/icyphy/ptII/ptolemy/domains/de/test/auto/ActorDepthCalculation_actorWithoutPorts.xml (RunModel)" time="0.019" />
  <testcase classname="ptolemy.util.test.junit.AutoTests" name="[1] /home/travis/build/icyphy/ptII/ptolemy/domains/de/test/auto/AssemblyLine.xml (RunModel)" time="0.02" />
  <testcase classname="ptolemy.util.test.junit.AutoTests" name="[2] /home/travis/build/icyphy/ptII/ptolemy/domains/de/test/auto/CQBug1.xml (RunModel)" time="0.012" />
  <testcase classname="ptolemy.util.test.junit.AutoTests" name="[3] /home/travis/build/icyphy/ptII/ptolemy/domains/de/test/auto/CancelFireAt.xml (RunModel)" time="0.017" />
  <testcase classname="ptolemy.util.test.junit.AutoTests" name="[4] /home/travis/build/icyphy/ptII/ptolemy/domains/de/test/auto/CausalityAndComposabilityAnalysis.xml (RunModel)" time="0.02" />
  <testcase classname="ptolemy.util.test.junit.AutoTests" name="[5] /home/travis/build/icyphy/ptII/ptolemy/domains/de/test/auto/CausalityInterface1.xml (RunModel)" time="0.018" />
  <testcase classname="ptolemy.util.test.junit.AutoTests" name="[6] /home/travis/build/icyphy/ptII/ptolemy/domains/de/test/auto/CausalityInterface15.xml (RunModel)" time="0.013" />
  <testcase classname="ptolemy.util.test.junit.AutoTests" name="[7] /home/travis/build/icyphy/ptII/ptolemy/domains/de/test/auto/CausalityInterface2.xml (RunModel)" time="0.01" />
  <testcase classname="ptolemy.util.test.junit.AutoTests" name="[8] /home/travis/build/icyphy/ptII/ptolemy/domains/de/test/auto/CausalityInterface3.xml (RunModel)" time="0.011" />
  <testcase classname="ptolemy.util.test.junit.AutoTests" name="[9] /home/travis/build/icyphy/ptII/ptolemy/domains/de/test/auto/ClockDrift.xml (RunModel)" time="0.039" />
  <testcase classname="ptolemy.util.test.junit.AutoTests" name="[10] /home/travis/build/icyphy/ptII/ptolemy/domains/de/test/auto/ClockDriftAndValueChange.xml (RunModel)" time="0.031" />
  <testcase classname="ptolemy.util.test.junit.AutoTests" name="[11] /home/travis/build/icyphy/ptII/ptolemy/domains/de/test/auto/ClockDriftChange.xml (RunModel)" time="0.031" />
  <testcase classname="ptolemy.util.test.junit.AutoTests" name="[12] /home/travis/build/icyphy/ptII/ptolemy/domains/de/test/auto/ComposableCausalityAnalysis.xml (RunModel)" time="0.012" />
  <testcase classname="ptolemy.util.test.junit.AutoTests" name="[13] /home/travis/build/icyphy/ptII/ptolemy/domains/de/test/auto/DEFixedPointLimitation.xml (RunModel)" time="0.007" />
  <testcase classname="ptolemy.util.test.junit.AutoTests" name="[14] /home/travis/build/icyphy/ptII/ptolemy/domains/de/test/auto/DEScheduleTest.xml (RunModel)" time="0.009" />
  <testcase classname="ptolemy.util.test.junit.AutoTests" name="[15] /home/travis/build/icyphy/ptII/ptolemy/domains/de/test/auto/DEinDEwithStartTimes.xml (RunModel)" time="0.011" />
  <testcase classname="ptolemy.util.test.junit.AutoTests" name="[16] /home/travis/build/icyphy/ptII/ptolemy/domains/de/test/auto/DEinDEwithStartTimes2.xml (RunModel)" time="0.012" />
  <testcase classname="ptolemy.util.test.junit.AutoTests" name="[17] /home/travis/build/icyphy/ptII/ptolemy/domains/de/test/auto/DateDemo.xml (RunModel)" time="0.041" />
  <testcase classname="ptolemy.util.test.junit.AutoTests" name="[18] /home/travis/build/icyphy/ptII/ptolemy/domains/de/test/auto/DateToEvent.xml (RunModel)" time="2.047" />
  <testcase classname="ptolemy.util.test.junit.AutoTests" name="[19] /home/travis/build/icyphy/ptII/ptolemy/domains/de/test/auto/DepthTest1.xml (RunModel)" time="0.011" />
  <testcase classname="ptolemy.util.test.junit.AutoTests" name="[20] /home/travis/build/icyphy/ptII/ptolemy/domains/de/test/auto/DepthTest2.xml (RunModel)" time="0.019" />
  <testcase classname="ptolemy.util.test.junit.AutoTests" name="[21] /home/travis/build/icyphy/ptII/ptolemy/domains/de/test/auto/DepthTest3.xml (RunModel)" time="0.01" />
  <testcase classname="ptolemy.util.test.junit.AutoTests" name="[22] /home/travis/build/icyphy/ptII/ptolemy/domains/de/test/auto/DepthTest4.xml (RunModel)" time="0.016" />
  <testcase classname="ptolemy.util.test.junit.AutoTests" name="[23] /home/travis/build/icyphy/ptII/ptolemy/domains/de/test/auto/DepthTest5.xml (RunModel)" time="0.015" />
  <testcase classname="ptolemy.util.test.junit.AutoTests" name="[24] /home/travis/build/icyphy/ptII/ptolemy/domains/de/test/auto/DepthTest6.xml (RunModel)" time="0.012" />
  <testcase classname="ptolemy.util.test.junit.AutoTests" name="[25] /home/travis/build/icyphy/ptII/ptolemy/domains/de/test/auto/DepthTest7.xml (RunModel)" time="0.015" />
  <testcase classname="ptolemy.util.test.junit.AutoTests" name="[26] /home/travis/build/icyphy/ptII/ptolemy/domains/de/test/auto/EventToDate.xml (RunModel)" time="3.042" />
  <testcase classname="ptolemy.util.test.junit.AutoTests" name="[27] /home/travis/build/icyphy/ptII/ptolemy/domains/de/test/auto/FSM1.xml (RunModel)" time="0.04" />
  <testcase classname="ptolemy.util.test.junit.AutoTests" name="[28] /home/travis/build/icyphy/ptII/ptolemy/domains/de/test/auto/FSM7.xml (RunModel)" time="0.032" />
  <testcase classname="ptolemy.util.test.junit.AutoTests" name="[29] /home/travis/build/icyphy/ptII/ptolemy/domains/de/test/auto/Inspection.xml (RunModel)" time="0.041" />
  <testcase classname="ptolemy.util.test.junit.AutoTests" name="[30] /home/travis/build/icyphy/ptII/ptolemy/domains/de/test/auto/Iteration.xml (RunModel)" time="0.026" />
  <testcase classname="ptolemy.util.test.junit.AutoTests" name="[31] /home/travis/build/icyphy/ptII/ptolemy/domains/de/test/auto/LineFault.xml (RunModel)" time="0.549" />
  <testcase classname="ptolemy.util.test.junit.AutoTests" name="[32] /home/travis/build/icyphy/ptII/ptolemy/domains/de/test/auto/MergeModel1Add.xml (RunModel)" time="0.048" />
  <testcase classname="ptolemy.util.test.junit.AutoTests" name="[33] /home/travis/build/icyphy/ptII/ptolemy/domains/de/test/auto/MergeModel2Add.xml (RunModel)" time="0.034" />
  <testcase classname="ptolemy.util.test.junit.AutoTests" name="[34] /home/travis/build/icyphy/ptII/ptolemy/domains/de/test/auto/MergeModel3Add.xml (RunModel)" time="0.048" />
  <testcase classname="ptolemy.util.test.junit.AutoTests" name="[35] /home/travis/build/icyphy/ptII/ptolemy/domains/de/test/auto/MergeWithoutDiscard.xml (RunModel)" time="0.011" />
  <testcase classname="ptolemy.util.test.junit.AutoTests" name="[36] /home/travis/build/icyphy/ptII/ptolemy/domains/de/test/auto/Modal1.xml (RunModel)" time="0.032" />
  <testcase classname="ptolemy.util.test.junit.AutoTests" name="[37] /home/travis/build/icyphy/ptII/ptolemy/domains/de/test/auto/Modal2.xml (RunModel)" time="0.028" />
  <testcase classname="ptolemy.util.test.junit.AutoTests" name="[38] /home/travis/build/icyphy/ptII/ptolemy/domains/de/test/auto/Modal3.xml (RunModel)" time="0.028" />
  <testcase classname="ptolemy.util.test.junit.AutoTests" name="[39] /home/travis/build/icyphy/ptII/ptolemy/domains/de/test/auto/Modal4.xml (RunModel)" time="0.028" />
  <testcase classname="ptolemy.util.test.junit.AutoTests" name="[40] /home/travis/build/icyphy/ptII/ptolemy/domains/de/test/auto/Modal5.xml (RunModel)" time="0.033" />
  <testcase classname="ptolemy.util.test.junit.AutoTests" name="[41] /home/travis/build/icyphy/ptII/ptolemy/domains/de/test/auto/Modal6.xml (RunModel)" time="0.025" />
  <testcase classname="ptolemy.util.test.junit.AutoTests" name="[42] /home/travis/build/icyphy/ptII/ptolemy/domains/de/test/auto/Modal7.xml (RunModel)" time="0.031" />
  <testcase classname="ptolemy.util.test.junit.AutoTests" name="[43] /home/travis/build/icyphy/ptII/ptolemy/domains/de/test/auto/ModalModel.xml (RunModel)" time="0.173" />
  <testcase classname="ptolemy.util.test.junit.AutoTests" name="[44] /home/travis/build/icyphy/ptII/ptolemy/domains/de/test/auto/ModalSource.xml (RunModel)" time="0.019" />
  <testcase classname="ptolemy.util.test.junit.AutoTests" name="[45] /home/travis/build/icyphy/ptII/ptolemy/domains/de/test/auto/NonInterruptibleTimerZeroDelay.xml (RunModel)" time="0.01" />
  <testcase classname="ptolemy.util.test.junit.AutoTests" name="[46] /home/travis/build/icyphy/ptII/ptolemy/domains/de/test/auto/OpenQueueingNetwork.xml (RunModel)" time="2.017" />
  <testcase classname="ptolemy.util.test.junit.AutoTests" name="[47] /home/travis/build/icyphy/ptII/ptolemy/domains/de/test/auto/OpenQueuingNetwork.xml (RunModel)" time="0.25" />
  <testcase classname="ptolemy.util.test.junit.AutoTests" name="[48] /home/travis/build/icyphy/ptII/ptolemy/domains/de/test/auto/PeriodicSampler.xml (RunModel)" time="0.011" />
  <testcase classname="ptolemy.util.test.junit.AutoTests" name="[49] /home/travis/build/icyphy/ptII/ptolemy/domains/de/test/auto/PersistentIO.xml (RunModel)" time="0.029" />
  <testcase classname="ptolemy.util.test.junit.AutoTests" name="[50] /home/travis/build/icyphy/ptII/ptolemy/domains/de/test/auto/PortParameterResetOnInitialize.xml (RunModel)" time="0.013" />
  <testcase classname="ptolemy.util.test.junit.AutoTests" name="[51] /home/travis/build/icyphy/ptII/ptolemy/domains/de/test/auto/PortParameterUpdates.xml (RunModel)" time="0.012" />
  <testcase classname="ptolemy.util.test.junit.AutoTests" name="[52] /home/travis/build/icyphy/ptII/ptolemy/domains/de/test/auto/QueueAndServer.xml (RunModel)" time="0.019" />
  <testcase classname="ptolemy.util.test.junit.AutoTests" name="[53] /home/travis/build/icyphy/ptII/ptolemy/domains/de/test/auto/Records.xml (RunModel)" time="0.014" />
  <testcase classname="ptolemy.util.test.junit.AutoTests" name="[54] /home/travis/build/icyphy/ptII/ptolemy/domains/de/test/auto/ResetTransitionWithStartTime1.xml (RunModel)" time="0.015" />
  <testcase classname="ptolemy.util.test.junit.AutoTests" name="[55] /home/travis/build/icyphy/ptII/ptolemy/domains/de/test/auto/ResetTransitionWithStartTime2.xml (RunModel)" time="0.02" />
  <testcase classname="ptolemy.util.test.junit.AutoTests" name="[56] /home/travis/build/icyphy/ptII/ptolemy/domains/de/test/auto/ResetTransitionWithStartTime3.xml (RunModel)" time="0.019" />
  <testcase classname="ptolemy.util.test.junit.AutoTests" name="[57] /home/travis/build/icyphy/ptII/ptolemy/domains/de/test/auto/ResetTransitionWithStartTime4.xml (RunModel)" time="0.016" />
  <testcase classname="ptolemy.util.test.junit.AutoTests" name="[58] /home/travis/build/icyphy/ptII/ptolemy/domains/de/test/auto/ResettableTimer1.xml (RunModel)" time="0.008" />
  <testcase classname="ptolemy.util.test.junit.AutoTests" name="[59] /home/travis/build/icyphy/ptII/ptolemy/domains/de/test/auto/ResettableTimer2.xml (RunModel)" time="0.008" />
  <testcase classname="ptolemy.util.test.junit.AutoTests" name="[60] /home/travis/build/icyphy/ptII/ptolemy/domains/de/test/auto/ResettableTimer3.xml (RunModel)" time="0.007" />
  <testcase classname="ptolemy.util.test.junit.AutoTests" name="[61] /home/travis/build/icyphy/ptII/ptolemy/domains/de/test/auto/ResettableTimer4.xml (RunModel)" time="0.009" />
  <testcase classname="ptolemy.util.test.junit.AutoTests" name="[62] /home/travis/build/icyphy/ptII/ptolemy/domains/de/test/auto/ResettableTimer5.xml (RunModel)" time="0.008" />
  <testcase classname="ptolemy.util.test.junit.AutoTests" name="[63] /home/travis/build/icyphy/ptII/ptolemy/domains/de/test/auto/ResettableTimer6.xml (RunModel)" time="0.015" />
  <testcase classname="ptolemy.util.test.junit.AutoTests" name="[64] /home/travis/build/icyphy/ptII/ptolemy/domains/de/test/auto/ServerZeroDelay.xml (RunModel)" time="0.007" />
  <testcase classname="ptolemy.util.test.junit.AutoTests" name="[65] /home/travis/build/icyphy/ptII/ptolemy/domains/de/test/auto/SmartSender.xml (RunModel)" time="3.005" />
  <testcase classname="ptolemy.util.test.junit.AutoTests" name="[66] /home/travis/build/icyphy/ptII/ptolemy/domains/de/test/auto/ThreadedComposite.xml (RunModel)" time="0.109" />
  <testcase classname="ptolemy.util.test.junit.AutoTests" name="[67] /home/travis/build/icyphy/ptII/ptolemy/domains/de/test/auto/Time.xml (RunModel)" time="0.365" />
  <testcase classname="ptolemy.util.test.junit.AutoTests" name="[68] /home/travis/build/icyphy/ptII/ptolemy/domains/de/test/auto/TimeDelayZeroDelay.xml (RunModel)" time="0.01" />
  <testcase classname="ptolemy.util.test.junit.AutoTests" name="[69] /home/travis/build/icyphy/ptII/ptolemy/domains/de/test/auto/TimerZeroDelay.xml (RunModel)" time="0.01" />
  <testcase classname="ptolemy.util.test.junit.AutoTests" name="[70] /home/travis/build/icyphy/ptII/ptolemy/domains/de/test/auto/TimingParadox.xml (RunModel)" time="0.317" />
  <testcase classname="ptolemy.util.test.junit.AutoTests" name="[71] /home/travis/build/icyphy/ptII/ptolemy/domains/de/test/auto/TransferInputs.xml (RunModel)" time="0.016" />
  <testcase classname="ptolemy.util.test.junit.AutoTests" name="[72] /home/travis/build/icyphy/ptII/ptolemy/domains/de/test/auto/TransferOutputs2.xml (RunModel)" time="0.017" />
  <testcase classname="ptolemy.util.test.junit.AutoTests" name="[73] /home/travis/build/icyphy/ptII/ptolemy/domains/de/test/auto/Trilateration.xml (RunModel)" time="9.946" />
  <testcase classname="ptolemy.util.test.junit.AutoTests" name="[74] /home/travis/build/icyphy/ptII/ptolemy/domains/de/test/auto/TwoSigmaDelta.xml (RunModel)" time="1.65" />
  <testcase classname="ptolemy.util.test.junit.AutoTests" name="[75] /home/travis/build/icyphy/ptII/ptolemy/domains/de/test/auto/VariableDelay.xml (RunModel)" time="0.013" />
  <testcase classname="ptolemy.util.test.junit.AutoTests" name="[76] /home/travis/build/icyphy/ptII/ptolemy/domains/de/test/auto/VariableDelay2.xml (RunModel)" time="0.008" />
  <testcase classname="ptolemy.util.test.junit.AutoTests" name="[77] /home/travis/build/icyphy/ptII/ptolemy/domains/de/test/auto/VariableDelayZeroDelay.xml (RunModel)" time="0.009" />
  <testcase classname="ptolemy.util.test.junit.AutoTests" name="[78] /home/travis/build/icyphy/ptII/ptolemy/domains/de/test/auto/VariableDelayZeroDelay2.xml (RunModel)" time="0.007" />
  <testcase classname="ptolemy.util.test.junit.AutoTests" name="[79] /home/travis/build/icyphy/ptII/ptolemy/domains/de/test/auto/deInCt.xml (RunModel)" time="0.014" />
  <testcase classname="ptolemy.util.test.junit.AutoTests" name="[80] /home/travis/build/icyphy/ptII/ptolemy/domains/de/test/auto/deInCt2.xml (RunModel)" time="0.01" />
  <testcase classname="ptolemy.util.test.junit.AutoTests" name="[81] /home/travis/build/icyphy/ptII/ptolemy/domains/de/test/auto/dynamicCausalityInterface1.xml (RunModel)" time="0.016" />
  <testcase classname="ptolemy.util.test.junit.AutoTests" name="[82] /home/travis/build/icyphy/ptII/ptolemy/domains/de/test/auto/fsm_de_test.xml (RunModel)" time="0.02" />
  <testcase classname="ptolemy.util.test.junit.AutoTests" name="[83] /home/travis/build/icyphy/ptII/ptolemy/domains/de/test/auto/functionDependencyReconstruction.xml (RunModel)" time="0.026" />
  <testcase classname="ptolemy.util.test.junit.AutoTests" name="[84] /home/travis/build/icyphy/ptII/ptolemy/domains/de/test/auto/multirate.xml (RunModel)" time="0.012" />
  <testcase classname="ptolemy.util.test.junit.AutoTests" name="[85] /home/travis/build/icyphy/ptII/ptolemy/domains/de/test/auto/multirate2.xml (RunModel)" time="0.014" />
  <testcase classname="ptolemy.util.test.junit.AutoTests" name="[86] /home/travis/build/icyphy/ptII/ptolemy/domains/de/test/auto/realtime.xml (RunModel)" time="10.008" />
  <testcase classname="ptolemy.util.test.junit.AutoTests" name="[87] /home/travis/build/icyphy/ptII/ptolemy/domains/de/test/auto/relationGroup.xml (RunModel)" time="0.006" />
  <testcase classname="ptolemy.util.test.junit.AutoTests" name="[88] /home/travis/build/icyphy/ptII/ptolemy/domains/de/test/auto/relationGroup2.xml (RunModel)" time="0.024" />
  <testcase classname="ptolemy.util.test.junit.AutoTests" name="[89] /home/travis/build/icyphy/ptII/ptolemy/domains/de/test/auto/sortWithOpaquePorts.xml (RunModel)" time="0.007" />
  <testcase classname="ptolemy.util.test.junit.AutoTests" name="[90] /home/travis/build/icyphy/ptII/ptolemy/domains/de/test/auto/transferInputsandOutputs.xml (RunModel)" time="0.019" />
  <testcase classname="ptolemy.util.test.junit.AutoTests" name="[91] /home/travis/build/icyphy/ptII/ptolemy/domains/de/test/auto/triggerType.xml (RunModel)" time="0.01" />
  <system-out><![CDATA[/home/travis/build/icyphy/ptII/ptolemy/domains/de/test/DependencyLoop.tcl
testDefs.tcl: setting time out to 9000 seconds at Sat Jun 06 14:32:52 UTC 2020
80 ms. Memory: 129024K Free: 78275K (61%)
18 ms. Memory: 129024K Free: 60837K (47%)
/home/travis/build/icyphy/ptII/ptolemy/domains/de/test/RunDETestsAsQSS.tcl
Run the DE tests using ptolemy.domains.qss.test.QSSDirectorTest, which extends QSSDirector and prints a message in the constructors.
------------------ testing $PTII/ptolemy/domains/de/test/auto/knownFailedTests/DirectFeedback.xml (Known Failure) 
35 ms. Memory: 129024K Free: 55237K (43%)


==== $PTIIhome/travis/build/icyphy/ptII/ptolemy/domains/de/test/../../../../: Auto Automatic test in file $PTII/ptolemy/domains/de/test/auto/knownFailedTests/DirectFeedback.xml
==== Contents of test case:

	    # FIXME: we should use $relativeFilename here, but it
	    # might have backslashes under Windows, which causes no end
	    # of trouble.
	    createAndExecute $file
	    list {}
	
.... Test generated KNOWN error:
    while executing
ptolemy.kernel.util.IllegalActionException: Test fails in iteration 1.
Value was: 1.0. Should have been: 2.0
  in .DirectFeedback.Test
	at ptolemy.actor.lib.Test.fire(Test.java:268)
	at ptolemy.domains.de.kernel.DEDirector._fire(DEDirector.java:1949)
	at ptolemy.domains.de.kernel.DEDirector.fire(DEDirector.java:502)
	at ptolemy.actor.CompositeActor.fire(CompositeActor.java:455)
	at ptolemy.actor.Manager.iterate(Manager.java:851)
	at ptolemy.actor.Manager.execute(Manager.java:369)
	at ptolemy.actor.Manager.run(Manager.java:1263)
	at ptolemy.actor.Manager$PtolemyRunThread.run(Manager.java:1933)

    while executing
ptolemy.kernel.util.IllegalActionException: Test fails in iteration 1.
Value was: 1.0. Should have been: 2.0
  in .DirectFeedback.Test
    while executing
"java::new ptolemy.moml.MoMLSimpleApplication $file
"
    (procedure "createAndExecute" line 2)
    invoked from within
"createAndExecute $file"
    ("uplevel" body line 5)
    invoked from within
"uplevel $contents_of_test"
------------------ testing $PTII/ptolemy/domains/de/test/auto/knownFailedTests/dependencyLoop.xml (Known Failure) 
11 ms. Memory: 129024K Free: 52165K (40%)


==== $PTIIhome/travis/build/icyphy/ptII/ptolemy/domains/de/test/../../../../: Auto Automatic test in file $PTII/ptolemy/domains/de/test/auto/knownFailedTests/dependencyLoop.xml
==== Contents of test case:

	    # FIXME: we should use $relativeFilename here, but it
	    # might have backslashes under Windows, which causes no end
	    # of trouble.
	    createAndExecute $file
	    list {}
	
.... Test generated KNOWN error:
    while executing
ptolemy.kernel.util.IllegalActionException: Found a zero delay loop containing .dependencyLoop.original
  in .dependencyLoop and .dependencyLoop.original
	at ptolemy.actor.util.CausalityInterfaceForComposites._computeOutputPortDepth(CausalityInterfaceForComposites.java:759)
	at ptolemy.actor.util.CausalityInterfaceForComposites._computeInputDepth(CausalityInterfaceForComposites.java:696)
	at ptolemy.actor.util.CausalityInterfaceForComposites._computeOutputPortDepth(CausalityInterfaceForComposites.java:765)
	at ptolemy.actor.util.CausalityInterfaceForComposites._computeInputDepth(CausalityInterfaceForComposites.java:696)
	at ptolemy.actor.util.CausalityInterfaceForComposites._computeOutputPortDepth(CausalityInterfaceForComposites.java:765)
	at ptolemy.actor.util.CausalityInterfaceForComposites._computeInputDepth(CausalityInterfaceForComposites.java:696)
	at ptolemy.actor.util.CausalityInterfaceForComposites._computeActorDepth(CausalityInterfaceForComposites.java:532)
	at ptolemy.actor.util.CausalityInterfaceForComposites.checkForCycles(CausalityInterfaceForComposites.java:96)
	at ptolemy.domains.de.kernel.DEDirector.preinitialize(DEDirector.java:1338)
	at ptolemy.actor.CompositeActor.preinitialize(CompositeActor.java:1828)
	at ptolemy.actor.Manager.preinitializeAndResolveTypes(Manager.java:1040)
	at ptolemy.actor.Manager.initialize(Manager.java:710)
	at ptolemy.actor.Manager.execute(Manager.java:356)
	at ptolemy.actor.Manager.run(Manager.java:1263)
	at ptolemy.actor.Manager$PtolemyRunThread.run(Manager.java:1933)

    while executing
ptolemy.kernel.util.IllegalActionException: Found a zero delay loop containing .dependencyLoop.original
  in .dependencyLoop and .dependencyLoop.original
    while executing
"java::new ptolemy.moml.MoMLSimpleApplication $file
"
    (procedure "createAndExecute" line 2)
    invoked from within
"createAndExecute $file"
    ("uplevel" body line 5)
    invoked from within
"uplevel $contents_of_test"
------------------ testing $PTII/ptolemy/domains/de/test/auto/knownFailedTests/FSMSource.xml (Known Failure) 
71 ms. Memory: 129024K Free: 110964K (86%)
!!!! Auto was marked as failing, but now passes
------------------ testing $PTII/ptolemy/domains/de/test/auto/knownFailedTests/HierarchicalModel.xml (Known Failure) 
11 ms. Memory: 129024K Free: 93919K (73%)


==== $PTIIhome/travis/build/icyphy/ptII/ptolemy/domains/de/test/../../../../: Auto Automatic test in file $PTII/ptolemy/domains/de/test/auto/knownFailedTests/HierarchicalModel.xml
==== Contents of test case:

	    # FIXME: we should use $relativeFilename here, but it
	    # might have backslashes under Windows, which causes no end
	    # of trouble.
	    createAndExecute $file
	    list {}
	
.... Test generated KNOWN error:
    while executing
ptolemy.kernel.util.IllegalActionException: Found a zero delay loop containing .HierarchicalModel.A
  in .HierarchicalModel and .HierarchicalModel.A
	at ptolemy.actor.util.CausalityInterfaceForComposites._computeOutputPortDepth(CausalityInterfaceForComposites.java:759)
	at ptolemy.actor.util.CausalityInterfaceForComposites._computeInputDepth(CausalityInterfaceForComposites.java:696)
	at ptolemy.actor.util.CausalityInterfaceForComposites._computeOutputPortDepth(CausalityInterfaceForComposites.java:765)
	at ptolemy.actor.util.CausalityInterfaceForComposites._computeInputDepth(CausalityInterfaceForComposites.java:696)
	at ptolemy.actor.util.CausalityInterfaceForComposites._computeOutputPortDepth(CausalityInterfaceForComposites.java:765)
	at ptolemy.actor.util.CausalityInterfaceForComposites._computeInputDepth(CausalityInterfaceForComposites.java:696)
	at ptolemy.actor.util.CausalityInterfaceForComposites._computeActorDepth(CausalityInterfaceForComposites.java:532)
	at ptolemy.actor.util.CausalityInterfaceForComposites.checkForCycles(CausalityInterfaceForComposites.java:96)
	at ptolemy.domains.de.kernel.DEDirector.preinitialize(DEDirector.java:1338)
	at ptolemy.actor.CompositeActor.preinitialize(CompositeActor.java:1828)
	at ptolemy.actor.Manager.preinitializeAndResolveTypes(Manager.java:1040)
	at ptolemy.actor.Manager.initialize(Manager.java:710)
	at ptolemy.actor.Manager.execute(Manager.java:356)
	at ptolemy.actor.Manager.run(Manager.java:1263)
	at ptolemy.actor.Manager$PtolemyRunThread.run(Manager.java:1933)

    while executing
ptolemy.kernel.util.IllegalActionException: Found a zero delay loop containing .HierarchicalModel.A
  in .HierarchicalModel and .HierarchicalModel.A
    while executing
"java::new ptolemy.moml.MoMLSimpleApplication $file
"
    (procedure "createAndExecute" line 2)
    invoked from within
"createAndExecute $file"
    ("uplevel" body line 5)
    invoked from within
"uplevel $contents_of_test"
------------------ testing $PTII/ptolemy/domains/de/test/auto/knownFailedTests/dependencyLoop2.xml (Known Failure) 
4 ms. Memory: 129024K Free: 77497K (60%)


==== $PTIIhome/travis/build/icyphy/ptII/ptolemy/domains/de/test/../../../../: Auto Automatic test in file $PTII/ptolemy/domains/de/test/auto/knownFailedTests/dependencyLoop2.xml
==== Contents of test case:

	    # FIXME: we should use $relativeFilename here, but it
	    # might have backslashes under Windows, which causes no end
	    # of trouble.
	    createAndExecute $file
	    list {}
	
.... Test generated KNOWN error:
    while executing
ptolemy.kernel.util.IllegalActionException: Found a zero delay loop containing .dependencyLoop2.original
  in .dependencyLoop2 and .dependencyLoop2.original
	at ptolemy.actor.util.CausalityInterfaceForComposites._computeOutputPortDepth(CausalityInterfaceForComposites.java:759)
	at ptolemy.actor.util.CausalityInterfaceForComposites._computeInputDepth(CausalityInterfaceForComposites.java:696)
	at ptolemy.actor.util.CausalityInterfaceForComposites._computeOutputPortDepth(CausalityInterfaceForComposites.java:765)
	at ptolemy.actor.util.CausalityInterfaceForComposites._computeInputDepth(CausalityInterfaceForComposites.java:696)
	at ptolemy.actor.util.CausalityInterfaceForComposites._computeOutputPortDepth(CausalityInterfaceForComposites.java:765)
	at ptolemy.actor.util.CausalityInterfaceForComposites._computeInputDepth(CausalityInterfaceForComposites.java:696)
	at ptolemy.actor.util.CausalityInterfaceForComposites._computeActorDepth(CausalityInterfaceForComposites.java:532)
	at ptolemy.actor.util.CausalityInterfaceForComposites.checkForCycles(CausalityInterfaceForComposites.java:96)
	at ptolemy.domains.de.kernel.DEDirector.preinitialize(DEDirector.java:1338)
	at ptolemy.actor.CompositeActor.preinitialize(CompositeActor.java:1828)
	at ptolemy.actor.Manager.preinitializeAndResolveTypes(Manager.java:1040)
	at ptolemy.actor.Manager.initialize(Manager.java:710)
	at ptolemy.actor.Manager.execute(Manager.java:356)
	at ptolemy.actor.Manager.run(Manager.java:1263)
	at ptolemy.actor.Manager$PtolemyRunThread.run(Manager.java:1933)

    while executing
ptolemy.kernel.util.IllegalActionException: Found a zero delay loop containing .dependencyLoop2.original
  in .dependencyLoop2 and .dependencyLoop2.original
    while executing
"java::new ptolemy.moml.MoMLSimpleApplication $file
"
    (procedure "createAndExecute" line 2)
    invoked from within
"createAndExecute $file"
    ("uplevel" body line 5)
    invoked from within
"uplevel $contents_of_test"
------------------ testing $PTII/ptolemy/domains/de/test/auto/knownFailedTests/DESDFClockTest.xml (Known Failure) 
2057 ms. Memory: 129024K Free: 107892K (84%)


==== $PTIIhome/travis/build/icyphy/ptII/ptolemy/domains/de/test/../../../../: Auto Automatic test in file $PTII/ptolemy/domains/de/test/auto/knownFailedTests/DESDFClockTest.xml
==== Contents of test case:

	    # FIXME: we should use $relativeFilename here, but it
	    # might have backslashes under Windows, which causes no end
	    # of trouble.
	    createAndExecute $file
	    list {}
	
.... Test generated KNOWN error:
    while executing
ptolemy.kernel.util.IllegalActionException: Actor is not ready to fire.  Perhaps UpSample.prefire() returned false? Try debugging the actor by selecting "Listen to Actor".  Also, for SDF check moml for tokenConsumptionRate on input.
  in .DESDFClockTest.Play Bell.Copy1:SDF Director and .DESDFClockTest.Play Bell.UpSample
	at ptolemy.actor.sched.StaticSchedulingDirector.fire(StaticSchedulingDirector.java:227)
	at ptolemy.domains.sdf.kernel.SDFDirector.fire(SDFDirector.java:500)
	at ptolemy.actor.CompositeActor.fire(CompositeActor.java:455)
	at ptolemy.domains.de.kernel.DEDirector._fire(DEDirector.java:1949)
	at ptolemy.domains.de.kernel.DEDirector.fire(DEDirector.java:502)
	at ptolemy.actor.CompositeActor.fire(CompositeActor.java:455)
	at ptolemy.actor.Manager.iterate(Manager.java:851)
	at ptolemy.actor.Manager.execute(Manager.java:369)
	at ptolemy.actor.Manager.run(Manager.java:1263)
	at ptolemy.actor.Manager$PtolemyRunThread.run(Manager.java:1933)

    while executing
ptolemy.kernel.util.IllegalActionException: Actor is not ready to fire.  Perhaps UpSample.prefire() returned false? Try debugging the actor by selecting "Listen to Actor".  Also, for SDF check moml for tokenConsumptionRate on input.
  in .DESDFClockTest.Play Bell.Copy1:SDF Director and .DESDFClockTest.Play Bell.UpSample
    while executing
"java::new ptolemy.moml.MoMLSimpleApplication $file
"
    (procedure "createAndExecute" line 2)
    invoked from within
"createAndExecute $file"
    ("uplevel" body line 5)
    invoked from within
"uplevel $contents_of_test"
------------------ testing $PTII/ptolemy/domains/de/test/auto/ActorDepthCalculation_actorWithoutPorts.xml
auto.tcl: Setting watchdog for 200 seconds at Sat Jun 06 14:32:56 UTC 2020
15 ms. Memory: 129024K Free: 100196K (78%)
ptolemy.util.test.WatchDog.cancel(): canceling Sat Jun 06 14:32:56 UTC 2020
auto.tcl: Setting watchdog for 200 seconds at Sat Jun 06 14:32:56 UTC 2020
8 ms. Memory: 129024K Free: 99172K (77%)
ptolemy.util.test.WatchDog.cancel(): canceling Sat Jun 06 14:32:56 UTC 2020
------------------ testing $PTII/ptolemy/domains/de/test/auto/AssemblyLine.xml
auto.tcl: Setting watchdog for 200 seconds at Sat Jun 06 14:32:56 UTC 2020
12 ms. Memory: 51200K Free: 27951K (55%)
ptolemy.util.test.WatchDog.cancel(): canceling Sat Jun 06 14:32:57 UTC 2020
auto.tcl: Setting watchdog for 200 seconds at Sat Jun 06 14:32:57 UTC 2020
7 ms. Memory: 51200K Free: 26982K (53%)
ptolemy.util.test.WatchDog.cancel(): canceling Sat Jun 06 14:32:57 UTC 2020
------------------ testing $PTII/ptolemy/domains/de/test/auto/CQBug1.xml
auto.tcl: Setting watchdog for 200 seconds at Sat Jun 06 14:32:57 UTC 2020
2 ms. Memory: 51200K Free: 33278K (65%)
ptolemy.util.test.WatchDog.cancel(): canceling Sat Jun 06 14:32:57 UTC 2020
auto.tcl: Setting watchdog for 200 seconds at Sat Jun 06 14:32:57 UTC 2020
1 ms. Memory: 51200K Free: 33278K (65%)
ptolemy.util.test.WatchDog.cancel(): canceling Sat Jun 06 14:32:57 UTC 2020
------------------ testing $PTII/ptolemy/domains/de/test/auto/CancelFireAt.xml
auto.tcl: Setting watchdog for 200 seconds at Sat Jun 06 14:32:57 UTC 2020
7 ms. Memory: 51200K Free: 34617K (68%)
ptolemy.util.test.WatchDog.cancel(): canceling Sat Jun 06 14:32:57 UTC 2020
auto.tcl: Setting watchdog for 200 seconds at Sat Jun 06 14:32:57 UTC 2020
1 ms. Memory: 51200K Free: 34133K (67%)
ptolemy.util.test.WatchDog.cancel(): canceling Sat Jun 06 14:32:57 UTC 2020
------------------ testing $PTII/ptolemy/domains/de/test/auto/CausalityAndComposabilityAnalysis.xml
auto.tcl: Setting watchdog for 200 seconds at Sat Jun 06 14:32:57 UTC 2020
6 ms. Memory: 51200K Free: 32406K (63%)
ptolemy.util.test.WatchDog.cancel(): canceling Sat Jun 06 14:32:57 UTC 2020
auto.tcl: Setting watchdog for 200 seconds at Sat Jun 06 14:32:57 UTC 2020
6 ms. Memory: 51200K Free: 31963K (62%)
ptolemy.util.test.WatchDog.cancel(): canceling Sat Jun 06 14:32:57 UTC 2020
------------------ testing $PTII/ptolemy/domains/de/test/auto/CausalityInterface1.xml
auto.tcl: Setting watchdog for 200 seconds at Sat Jun 06 14:32:57 UTC 2020
14 ms. Memory: 51200K Free: 31368K (61%)
ptolemy.util.test.WatchDog.cancel(): canceling Sat Jun 06 14:32:57 UTC 2020
auto.tcl: Setting watchdog for 200 seconds at Sat Jun 06 14:32:57 UTC 2020
3 ms. Memory: 51200K Free: 30385K (59%)
ptolemy.util.test.WatchDog.cancel(): canceling Sat Jun 06 14:32:57 UTC 2020
------------------ testing $PTII/ptolemy/domains/de/test/auto/CausalityInterface15.xml
auto.tcl: Setting watchdog for 200 seconds at Sat Jun 06 14:32:57 UTC 2020
9 ms. Memory: 51200K Free: 31285K (61%)
ptolemy.util.test.WatchDog.cancel(): canceling Sat Jun 06 14:32:57 UTC 2020
auto.tcl: Setting watchdog for 200 seconds at Sat Jun 06 14:32:57 UTC 2020
5 ms. Memory: 51200K Free: 30342K (59%)
ptolemy.util.test.WatchDog.cancel(): canceling Sat Jun 06 14:32:57 UTC 2020
------------------ testing $PTII/ptolemy/domains/de/test/auto/CausalityInterface2.xml
auto.tcl: Setting watchdog for 200 seconds at Sat Jun 06 14:32:57 UTC 2020
2 ms. Memory: 51200K Free: 31989K (62%)
ptolemy.util.test.WatchDog.cancel(): canceling Sat Jun 06 14:32:57 UTC 2020
auto.tcl: Setting watchdog for 200 seconds at Sat Jun 06 14:32:57 UTC 2020
2 ms. Memory: 51200K Free: 31336K (61%)
ptolemy.util.test.WatchDog.cancel(): canceling Sat Jun 06 14:32:57 UTC 2020
------------------ testing $PTII/ptolemy/domains/de/test/auto/CausalityInterface3.xml
auto.tcl: Setting watchdog for 200 seconds at Sat Jun 06 14:32:57 UTC 2020
5 ms. Memory: 51200K Free: 31548K (62%)
ptolemy.util.test.WatchDog.cancel(): canceling Sat Jun 06 14:32:57 UTC 2020
auto.tcl: Setting watchdog for 200 seconds at Sat Jun 06 14:32:57 UTC 2020
3 ms. Memory: 51200K Free: 31064K (61%)
ptolemy.util.test.WatchDog.cancel(): canceling Sat Jun 06 14:32:57 UTC 2020
------------------ testing $PTII/ptolemy/domains/de/test/auto/ClockDrift.xml
auto.tcl: Setting watchdog for 200 seconds at Sat Jun 06 14:32:57 UTC 2020
69 ms. Memory: 51200K Free: 24131K (47%)
ptolemy.util.test.WatchDog.cancel(): canceling Sat Jun 06 14:32:57 UTC 2020
auto.tcl: Setting watchdog for 200 seconds at Sat Jun 06 14:32:57 UTC 2020
39 ms. Memory: 51200K Free: 21124K (41%)
ptolemy.util.test.WatchDog.cancel(): canceling Sat Jun 06 14:32:57 UTC 2020
------------------ testing $PTII/ptolemy/domains/de/test/auto/ClockDriftAndValueChange.xml
auto.tcl: Setting watchdog for 200 seconds at Sat Jun 06 14:32:57 UTC 2020
29 ms. Memory: 51200K Free: 23996K (47%)
ptolemy.util.test.WatchDog.cancel(): canceling Sat Jun 06 14:32:57 UTC 2020
auto.tcl: Setting watchdog for 200 seconds at Sat Jun 06 14:32:57 UTC 2020
22 ms. Memory: 51200K Free: 21007K (41%)
ptolemy.util.test.WatchDog.cancel(): canceling Sat Jun 06 14:32:57 UTC 2020
------------------ testing $PTII/ptolemy/domains/de/test/auto/ClockDriftChange.xml
auto.tcl: Setting watchdog for 200 seconds at Sat Jun 06 14:32:57 UTC 2020
24 ms. Memory: 51200K Free: 26023K (51%)
ptolemy.util.test.WatchDog.cancel(): canceling Sat Jun 06 14:32:57 UTC 2020
auto.tcl: Setting watchdog for 200 seconds at Sat Jun 06 14:32:58 UTC 2020
27 ms. Memory: 51200K Free: 23638K (46%)
ptolemy.util.test.WatchDog.cancel(): canceling Sat Jun 06 14:32:58 UTC 2020
------------------ testing $PTII/ptolemy/domains/de/test/auto/ComposableCausalityAnalysis.xml
auto.tcl: Setting watchdog for 200 seconds at Sat Jun 06 14:32:58 UTC 2020
2 ms. Memory: 51200K Free: 30797K (60%)
ptolemy.util.test.WatchDog.cancel(): canceling Sat Jun 06 14:32:58 UTC 2020
auto.tcl: Setting watchdog for 200 seconds at Sat Jun 06 14:32:58 UTC 2020
4 ms. Memory: 51200K Free: 29775K (58%)
ptolemy.util.test.WatchDog.cancel(): canceling Sat Jun 06 14:32:58 UTC 2020
------------------ testing $PTII/ptolemy/domains/de/test/auto/DEFixedPointLimitation.xml
auto.tcl: Setting watchdog for 200 seconds at Sat Jun 06 14:32:58 UTC 2020
2 ms. Memory: 51200K Free: 32239K (63%)
ptolemy.util.test.WatchDog.cancel(): canceling Sat Jun 06 14:32:58 UTC 2020
auto.tcl: Setting watchdog for 200 seconds at Sat Jun 06 14:32:58 UTC 2020
1 ms. Memory: 51200K Free: 31337K (61%)
ptolemy.util.test.WatchDog.cancel(): canceling Sat Jun 06 14:32:58 UTC 2020
------------------ testing $PTII/ptolemy/domains/de/test/auto/DEScheduleTest.xml
auto.tcl: Setting watchdog for 200 seconds at Sat Jun 06 14:32:58 UTC 2020
3 ms. Memory: 51200K Free: 32587K (64%)
ptolemy.util.test.WatchDog.cancel(): canceling Sat Jun 06 14:32:58 UTC 2020
auto.tcl: Setting watchdog for 200 seconds at Sat Jun 06 14:32:58 UTC 2020
3 ms. Memory: 51200K Free: 31831K (62%)
ptolemy.util.test.WatchDog.cancel(): canceling Sat Jun 06 14:32:58 UTC 2020
------------------ testing $PTII/ptolemy/domains/de/test/auto/DEinDEwithStartTimes.xml
auto.tcl: Setting watchdog for 200 seconds at Sat Jun 06 14:32:58 UTC 2020
9 ms. Memory: 51200K Free: 30758K (60%)
ptolemy.util.test.WatchDog.cancel(): canceling Sat Jun 06 14:32:58 UTC 2020
auto.tcl: Setting watchdog for 200 seconds at Sat Jun 06 14:32:58 UTC 2020
3 ms. Memory: 51200K Free: 29734K (58%)
ptolemy.util.test.WatchDog.cancel(): canceling Sat Jun 06 14:32:58 UTC 2020
------------------ testing $PTII/ptolemy/domains/de/test/auto/DEinDEwithStartTimes2.xml
auto.tcl: Setting watchdog for 200 seconds at Sat Jun 06 14:32:58 UTC 2020
6 ms. Memory: 51200K Free: 29850K (58%)
ptolemy.util.test.WatchDog.cancel(): canceling Sat Jun 06 14:32:58 UTC 2020
auto.tcl: Setting watchdog for 200 seconds at Sat Jun 06 14:32:58 UTC 2020
3 ms. Memory: 51200K Free: 28771K (56%)
ptolemy.util.test.WatchDog.cancel(): canceling Sat Jun 06 14:32:58 UTC 2020
------------------ testing $PTII/ptolemy/domains/de/test/auto/DateDemo.xml
auto.tcl: Setting watchdog for 200 seconds at Sat Jun 06 14:32:58 UTC 2020
28 ms. Memory: 51200K Free: 24034K (47%)
ptolemy.util.test.WatchDog.cancel(): canceling Sat Jun 06 14:32:58 UTC 2020
auto.tcl: Setting watchdog for 200 seconds at Sat Jun 06 14:32:58 UTC 2020
6 ms. Memory: 51200K Free: 22644K (44%)
ptolemy.util.test.WatchDog.cancel(): canceling Sat Jun 06 14:32:58 UTC 2020
------------------ testing $PTII/ptolemy/domains/de/test/auto/DateToEvent.xml
auto.tcl: Setting watchdog for 200 seconds at Sat Jun 06 14:32:58 UTC 2020
2008 ms. Memory: 51200K Free: 20252K (40%)
ptolemy.util.test.WatchDog.cancel(): canceling Sat Jun 06 14:33:00 UTC 2020
auto.tcl: Setting watchdog for 200 seconds at Sat Jun 06 14:33:00 UTC 2020
2008 ms. Memory: 51200K Free: 19422K (38%)
ptolemy.util.test.WatchDog.cancel(): canceling Sat Jun 06 14:33:02 UTC 2020
------------------ testing $PTII/ptolemy/domains/de/test/auto/DepthTest1.xml
auto.tcl: Setting watchdog for 200 seconds at Sat Jun 06 14:33:02 UTC 2020
2 ms. Memory: 51200K Free: 33443K (65%)
ptolemy.util.test.WatchDog.cancel(): canceling Sat Jun 06 14:33:02 UTC 2020
auto.tcl: Setting watchdog for 200 seconds at Sat Jun 06 14:33:02 UTC 2020
2 ms. Memory: 51200K Free: 32971K (64%)
ptolemy.util.test.WatchDog.cancel(): canceling Sat Jun 06 14:33:02 UTC 2020
------------------ testing $PTII/ptolemy/domains/de/test/auto/DepthTest2.xml
auto.tcl: Setting watchdog for 200 seconds at Sat Jun 06 14:33:02 UTC 2020
3 ms. Memory: 51200K Free: 30139K (59%)
ptolemy.util.test.WatchDog.cancel(): canceling Sat Jun 06 14:33:02 UTC 2020
auto.tcl: Setting watchdog for 200 seconds at Sat Jun 06 14:33:02 UTC 2020
2 ms. Memory: 51200K Free: 29728K (58%)
ptolemy.util.test.WatchDog.cancel(): canceling Sat Jun 06 14:33:02 UTC 2020
------------------ testing $PTII/ptolemy/domains/de/test/auto/DepthTest3.xml
auto.tcl: Setting watchdog for 200 seconds at Sat Jun 06 14:33:02 UTC 2020
2 ms. Memory: 51200K Free: 33737K (66%)
ptolemy.util.test.WatchDog.cancel(): canceling Sat Jun 06 14:33:02 UTC 2020
auto.tcl: Setting watchdog for 200 seconds at Sat Jun 06 14:33:02 UTC 2020
2 ms. Memory: 51200K Free: 33254K (65%)
ptolemy.util.test.WatchDog.cancel(): canceling Sat Jun 06 14:33:02 UTC 2020
------------------ testing $PTII/ptolemy/domains/de/test/auto/DepthTest4.xml
auto.tcl: Setting watchdog for 200 seconds at Sat Jun 06 14:33:02 UTC 2020
5 ms. Memory: 51200K Free: 31971K (62%)
ptolemy.util.test.WatchDog.cancel(): canceling Sat Jun 06 14:33:02 UTC 2020
auto.tcl: Setting watchdog for 200 seconds at Sat Jun 06 14:33:02 UTC 2020
4 ms. Memory: 51200K Free: 31304K (61%)
ptolemy.util.test.WatchDog.cancel(): canceling Sat Jun 06 14:33:02 UTC 2020
------------------ testing $PTII/ptolemy/domains/de/test/auto/DepthTest5.xml
auto.tcl: Setting watchdog for 200 seconds at Sat Jun 06 14:33:02 UTC 2020
3 ms. Memory: 51200K Free: 31415K (61%)
ptolemy.util.test.WatchDog.cancel(): canceling Sat Jun 06 14:33:02 UTC 2020
auto.tcl: Setting watchdog for 200 seconds at Sat Jun 06 14:33:02 UTC 2020
2 ms. Memory: 51200K Free: 30689K (60%)
ptolemy.util.test.WatchDog.cancel(): canceling Sat Jun 06 14:33:02 UTC 2020
------------------ testing $PTII/ptolemy/domains/de/test/auto/DepthTest6.xml
auto.tcl: Setting watchdog for 200 seconds at Sat Jun 06 14:33:02 UTC 2020
3 ms. Memory: 51200K Free: 31126K (61%)
ptolemy.util.test.WatchDog.cancel(): canceling Sat Jun 06 14:33:03 UTC 2020
auto.tcl: Setting watchdog for 200 seconds at Sat Jun 06 14:33:03 UTC 2020
1 ms. Memory: 51200K Free: 30667K (60%)
ptolemy.util.test.WatchDog.cancel(): canceling Sat Jun 06 14:33:03 UTC 2020
------------------ testing $PTII/ptolemy/domains/de/test/auto/DepthTest7.xml
auto.tcl: Setting watchdog for 200 seconds at Sat Jun 06 14:33:03 UTC 2020
2 ms. Memory: 51200K Free: 32123K (63%)
ptolemy.util.test.WatchDog.cancel(): canceling Sat Jun 06 14:33:03 UTC 2020
auto.tcl: Setting watchdog for 200 seconds at Sat Jun 06 14:33:03 UTC 2020
1 ms. Memory: 51200K Free: 31229K (61%)
ptolemy.util.test.WatchDog.cancel(): canceling Sat Jun 06 14:33:03 UTC 2020
------------------ testing $PTII/ptolemy/domains/de/test/auto/EventToDate.xml
auto.tcl: Setting watchdog for 200 seconds at Sat Jun 06 14:33:03 UTC 2020
3008 ms. Memory: 51200K Free: 22966K (45%)
ptolemy.util.test.WatchDog.cancel(): canceling Sat Jun 06 14:33:06 UTC 2020
auto.tcl: Setting watchdog for 200 seconds at Sat Jun 06 14:33:06 UTC 2020
3004 ms. Memory: 51200K Free: 22047K (43%)
ptolemy.util.test.WatchDog.cancel(): canceling Sat Jun 06 14:33:09 UTC 2020
------------------ testing $PTII/ptolemy/domains/de/test/auto/FSM1.xml
auto.tcl: Setting watchdog for 200 seconds at Sat Jun 06 14:33:09 UTC 2020
21 ms. Memory: 51200K Free: 23959K (47%)
ptolemy.util.test.WatchDog.cancel(): canceling Sat Jun 06 14:33:09 UTC 2020
auto.tcl: Setting watchdog for 200 seconds at Sat Jun 06 14:33:09 UTC 2020
24 ms. Memory: 51200K Free: 20688K (40%)
ptolemy.util.test.WatchDog.cancel(): canceling Sat Jun 06 14:33:09 UTC 2020
------------------ testing $PTII/ptolemy/domains/de/test/auto/FSM7.xml
auto.tcl: Setting watchdog for 200 seconds at Sat Jun 06 14:33:09 UTC 2020
13 ms. Memory: 51200K Free: 23833K (47%)
ptolemy.util.test.WatchDog.cancel(): canceling Sat Jun 06 14:33:09 UTC 2020
auto.tcl: Setting watchdog for 200 seconds at Sat Jun 06 14:33:09 UTC 2020
14 ms. Memory: 51200K Free: 20461K (40%)
ptolemy.util.test.WatchDog.cancel(): canceling Sat Jun 06 14:33:09 UTC 2020
------------------ testing $PTII/ptolemy/domains/de/test/auto/Inspection.xml
auto.tcl: Setting watchdog for 200 seconds at Sat Jun 06 14:33:09 UTC 2020
25 ms. Memory: 51200K Free: 23616K (46%)
ptolemy.util.test.WatchDog.cancel(): canceling Sat Jun 06 14:33:09 UTC 2020
auto.tcl: Setting watchdog for 200 seconds at Sat Jun 06 14:33:09 UTC 2020
21 ms. Memory: 51200K Free: 21938K (43%)
ptolemy.util.test.WatchDog.cancel(): canceling Sat Jun 06 14:33:09 UTC 2020
------------------ testing $PTII/ptolemy/domains/de/test/auto/Iteration.xml
auto.tcl: Setting watchdog for 200 seconds at Sat Jun 06 14:33:09 UTC 2020
6 ms. Memory: 51200K Free: 29452K (58%)
ptolemy.util.test.WatchDog.cancel(): canceling Sat Jun 06 14:33:09 UTC 2020
auto.tcl: Setting watchdog for 200 seconds at Sat Jun 06 14:33:09 UTC 2020
6 ms. Memory: 51200K Free: 28428K (56%)
ptolemy.util.test.WatchDog.cancel(): canceling Sat Jun 06 14:33:09 UTC 2020
------------------ testing $PTII/ptolemy/domains/de/test/auto/LineFault.xml
auto.tcl: Setting watchdog for 200 seconds at Sat Jun 06 14:33:09 UTC 2020
537 ms. Memory: 51200K Free: 17616K (34%)
ptolemy.util.test.WatchDog.cancel(): canceling Sat Jun 06 14:33:10 UTC 2020
auto.tcl: Setting watchdog for 200 seconds at Sat Jun 06 14:33:10 UTC 2020
446 ms. Memory: 66560K Free: 49706K (75%)
ptolemy.util.test.WatchDog.cancel(): canceling Sat Jun 06 14:33:10 UTC 2020
------------------ testing $PTII/ptolemy/domains/de/test/auto/MergeModel1Add.xml
auto.tcl: Setting watchdog for 200 seconds at Sat Jun 06 14:33:10 UTC 2020
28 ms. Memory: 55296K Free: 19523K (35%)
ptolemy.util.test.WatchDog.cancel(): canceling Sat Jun 06 14:33:11 UTC 2020
auto.tcl: Setting watchdog for 200 seconds at Sat Jun 06 14:33:11 UTC 2020
8 ms. Memory: 55296K Free: 17896K (32%)
ptolemy.util.test.WatchDog.cancel(): canceling Sat Jun 06 14:33:11 UTC 2020
------------------ testing $PTII/ptolemy/domains/de/test/auto/MergeModel2Add.xml
auto.tcl: Setting watchdog for 200 seconds at Sat Jun 06 14:33:11 UTC 2020
9 ms. Memory: 55296K Free: 21574K (39%)
ptolemy.util.test.WatchDog.cancel(): canceling Sat Jun 06 14:33:11 UTC 2020
auto.tcl: Setting watchdog for 200 seconds at Sat Jun 06 14:33:11 UTC 2020
7 ms. Memory: 55296K Free: 20060K (36%)
ptolemy.util.test.WatchDog.cancel(): canceling Sat Jun 06 14:33:11 UTC 2020
------------------ testing $PTII/ptolemy/domains/de/test/auto/MergeModel3Add.xml
auto.tcl: Setting watchdog for 200 seconds at Sat Jun 06 14:33:11 UTC 2020
8 ms. Memory: 51200K Free: 17477K (34%)
ptolemy.util.test.WatchDog.cancel(): canceling Sat Jun 06 14:33:11 UTC 2020
auto.tcl: Setting watchdog for 200 seconds at Sat Jun 06 14:33:11 UTC 2020
9 ms. Memory: 51200K Free: 16086K (31%)
ptolemy.util.test.WatchDog.cancel(): canceling Sat Jun 06 14:33:11 UTC 2020
------------------ testing $PTII/ptolemy/domains/de/test/auto/MergeWithoutDiscard.xml
auto.tcl: Setting watchdog for 200 seconds at Sat Jun 06 14:33:11 UTC 2020
2 ms. Memory: 51200K Free: 31832K (62%)
ptolemy.util.test.WatchDog.cancel(): canceling Sat Jun 06 14:33:11 UTC 2020
auto.tcl: Setting watchdog for 200 seconds at Sat Jun 06 14:33:11 UTC 2020
1 ms. Memory: 51200K Free: 31407K (61%)
ptolemy.util.test.WatchDog.cancel(): canceling Sat Jun 06 14:33:11 UTC 2020
------------------ testing $PTII/ptolemy/domains/de/test/auto/Modal1.xml
auto.tcl: Setting watchdog for 200 seconds at Sat Jun 06 14:33:11 UTC 2020
16 ms. Memory: 51200K Free: 24473K (48%)
ptolemy.util.test.WatchDog.cancel(): canceling Sat Jun 06 14:33:11 UTC 2020
auto.tcl: Setting watchdog for 200 seconds at Sat Jun 06 14:33:11 UTC 2020
22 ms. Memory: 51200K Free: 20956K (41%)
ptolemy.util.test.WatchDog.cancel(): canceling Sat Jun 06 14:33:11 UTC 2020
------------------ testing $PTII/ptolemy/domains/de/test/auto/Modal2.xml
auto.tcl: Setting watchdog for 200 seconds at Sat Jun 06 14:33:11 UTC 2020
18 ms. Memory: 51200K Free: 23819K (47%)
ptolemy.util.test.WatchDog.cancel(): canceling Sat Jun 06 14:33:11 UTC 2020
auto.tcl: Setting watchdog for 200 seconds at Sat Jun 06 14:33:11 UTC 2020
17 ms. Memory: 51200K Free: 20871K (41%)
ptolemy.util.test.WatchDog.cancel(): canceling Sat Jun 06 14:33:11 UTC 2020
------------------ testing $PTII/ptolemy/domains/de/test/auto/Modal3.xml
auto.tcl: Setting watchdog for 200 seconds at Sat Jun 06 14:33:11 UTC 2020
14 ms. Memory: 51200K Free: 24101K (47%)
ptolemy.util.test.WatchDog.cancel(): canceling Sat Jun 06 14:33:11 UTC 2020
auto.tcl: Setting watchdog for 200 seconds at Sat Jun 06 14:33:11 UTC 2020
13 ms. Memory: 51200K Free: 20863K (41%)
ptolemy.util.test.WatchDog.cancel(): canceling Sat Jun 06 14:33:11 UTC 2020
------------------ testing $PTII/ptolemy/domains/de/test/auto/Modal4.xml
auto.tcl: Setting watchdog for 200 seconds at Sat Jun 06 14:33:11 UTC 2020
20 ms. Memory: 51200K Free: 23074K (45%)
ptolemy.util.test.WatchDog.cancel(): canceling Sat Jun 06 14:33:11 UTC 2020
auto.tcl: Setting watchdog for 200 seconds at Sat Jun 06 14:33:11 UTC 2020
23 ms. Memory: 51200K Free: 19226K (38%)
ptolemy.util.test.WatchDog.cancel(): canceling Sat Jun 06 14:33:11 UTC 2020
------------------ testing $PTII/ptolemy/domains/de/test/auto/Modal5.xml
auto.tcl: Setting watchdog for 200 seconds at Sat Jun 06 14:33:11 UTC 2020
11 ms. Memory: 51200K Free: 23046K (45%)
ptolemy.util.test.WatchDog.cancel(): canceling Sat Jun 06 14:33:11 UTC 2020
auto.tcl: Setting watchdog for 200 seconds at Sat Jun 06 14:33:11 UTC 2020
12 ms. Memory: 51200K Free: 19421K (38%)
ptolemy.util.test.WatchDog.cancel(): canceling Sat Jun 06 14:33:11 UTC 2020
------------------ testing $PTII/ptolemy/domains/de/test/auto/Modal6.xml
auto.tcl: Setting watchdog for 200 seconds at Sat Jun 06 14:33:11 UTC 2020
11 ms. Memory: 51200K Free: 23837K (47%)
ptolemy.util.test.WatchDog.cancel(): canceling Sat Jun 06 14:33:11 UTC 2020
auto.tcl: Setting watchdog for 200 seconds at Sat Jun 06 14:33:11 UTC 2020
13 ms. Memory: 51200K Free: 20232K (40%)
ptolemy.util.test.WatchDog.cancel(): canceling Sat Jun 06 14:33:11 UTC 2020
------------------ testing $PTII/ptolemy/domains/de/test/auto/Modal7.xml
auto.tcl: Setting watchdog for 200 seconds at Sat Jun 06 14:33:11 UTC 2020
8 ms. Memory: 51200K Free: 22771K (44%)
ptolemy.util.test.WatchDog.cancel(): canceling Sat Jun 06 14:33:12 UTC 2020
auto.tcl: Setting watchdog for 200 seconds at Sat Jun 06 14:33:12 UTC 2020
10 ms. Memory: 51200K Free: 19456K (38%)
ptolemy.util.test.WatchDog.cancel(): canceling Sat Jun 06 14:33:12 UTC 2020
------------------ testing $PTII/ptolemy/domains/de/test/auto/ModalModel.xml
auto.tcl: Setting watchdog for 200 seconds at Sat Jun 06 14:33:12 UTC 2020
197 ms. Memory: 51200K Free: 15360K (30%)
ptolemy.util.test.WatchDog.cancel(): canceling Sat Jun 06 14:33:12 UTC 2020
auto.tcl: Setting watchdog for 200 seconds at Sat Jun 06 14:33:12 UTC 2020
197 ms. Memory: 67584K Free: 23351K (35%)
ptolemy.util.test.WatchDog.cancel(): canceling Sat Jun 06 14:33:12 UTC 2020
------------------ testing $PTII/ptolemy/domains/de/test/auto/ModalSource.xml
auto.tcl: Setting watchdog for 200 seconds at Sat Jun 06 14:33:12 UTC 2020
7 ms. Memory: 55296K Free: 31982K (58%)
ptolemy.util.test.WatchDog.cancel(): canceling Sat Jun 06 14:33:12 UTC 2020
auto.tcl: Setting watchdog for 200 seconds at Sat Jun 06 14:33:12 UTC 2020
5 ms. Memory: 55296K Free: 29934K (54%)
ptolemy.util.test.WatchDog.cancel(): canceling Sat Jun 06 14:33:12 UTC 2020
------------------ testing $PTII/ptolemy/domains/de/test/auto/NonInterruptibleTimerZeroDelay.xml
auto.tcl: Setting watchdog for 200 seconds at Sat Jun 06 14:33:12 UTC 2020
3 ms. Memory: 51200K Free: 33013K (64%)
ptolemy.util.test.WatchDog.cancel(): canceling Sat Jun 06 14:33:12 UTC 2020
auto.tcl: Setting watchdog for 200 seconds at Sat Jun 06 14:33:12 UTC 2020
2 ms. Memory: 51200K Free: 32169K (63%)
ptolemy.util.test.WatchDog.cancel(): canceling Sat Jun 06 14:33:12 UTC 2020
------------------ testing $PTII/ptolemy/domains/de/test/auto/OpenQueueingNetwork.xml
auto.tcl: Setting watchdog for 200 seconds at Sat Jun 06 14:33:12 UTC 2020
2770 ms. Memory: 102400K Free: 62591K (61%)
ptolemy.util.test.WatchDog.cancel(): canceling Sat Jun 06 14:33:15 UTC 2020
auto.tcl: Setting watchdog for 200 seconds at Sat Jun 06 14:33:15 UTC 2020
2309 ms. Memory: 125952K Free: 88245K (70%)
ptolemy.util.test.WatchDog.cancel(): canceling Sat Jun 06 14:33:17 UTC 2020
------------------ testing $PTII/ptolemy/domains/de/test/auto/OpenQueuingNetwork.xml
auto.tcl: Setting watchdog for 200 seconds at Sat Jun 06 14:33:17 UTC 2020
275 ms. Memory: 55296K Free: 25287K (46%)
ptolemy.util.test.WatchDog.cancel(): canceling Sat Jun 06 14:33:18 UTC 2020
auto.tcl: Setting watchdog for 200 seconds at Sat Jun 06 14:33:18 UTC 2020
256 ms. Memory: 55296K Free: 34484K (62%)
ptolemy.util.test.WatchDog.cancel(): canceling Sat Jun 06 14:33:18 UTC 2020
------------------ testing $PTII/ptolemy/domains/de/test/auto/PeriodicSampler.xml
auto.tcl: Setting watchdog for 200 seconds at Sat Jun 06 14:33:18 UTC 2020
3 ms. Memory: 51200K Free: 32021K (63%)
ptolemy.util.test.WatchDog.cancel(): canceling Sat Jun 06 14:33:18 UTC 2020
auto.tcl: Setting watchdog for 200 seconds at Sat Jun 06 14:33:18 UTC 2020
1 ms. Memory: 51200K Free: 31497K (62%)
ptolemy.util.test.WatchDog.cancel(): canceling Sat Jun 06 14:33:18 UTC 2020
------------------ testing $PTII/ptolemy/domains/de/test/auto/PersistentIO.xml
auto.tcl: Setting watchdog for 200 seconds at Sat Jun 06 14:33:18 UTC 2020
5 ms. Memory: 51200K Free: 26946K (53%)
ptolemy.util.test.WatchDog.cancel(): canceling Sat Jun 06 14:33:18 UTC 2020
auto.tcl: Setting watchdog for 200 seconds at Sat Jun 06 14:33:18 UTC 2020
4 ms. Memory: 51200K Free: 25433K (50%)
ptolemy.util.test.WatchDog.cancel(): canceling Sat Jun 06 14:33:18 UTC 2020
------------------ testing $PTII/ptolemy/domains/de/test/auto/PortParameterResetOnInitialize.xml
auto.tcl: Setting watchdog for 200 seconds at Sat Jun 06 14:33:18 UTC 2020
2 ms. Memory: 51200K Free: 31930K (62%)
ptolemy.util.test.WatchDog.cancel(): canceling Sat Jun 06 14:33:18 UTC 2020
auto.tcl: Setting watchdog for 200 seconds at Sat Jun 06 14:33:18 UTC 2020
2 ms. Memory: 51200K Free: 31434K (61%)
ptolemy.util.test.WatchDog.cancel(): canceling Sat Jun 06 14:33:18 UTC 2020
------------------ testing $PTII/ptolemy/domains/de/test/auto/PortParameterUpdates.xml
auto.tcl: Setting watchdog for 200 seconds at Sat Jun 06 14:33:18 UTC 2020
3 ms. Memory: 51200K Free: 30014K (59%)
ptolemy.util.test.WatchDog.cancel(): canceling Sat Jun 06 14:33:18 UTC 2020
auto.tcl: Setting watchdog for 200 seconds at Sat Jun 06 14:33:18 UTC 2020
4 ms. Memory: 51200K Free: 28991K (57%)
ptolemy.util.test.WatchDog.cancel(): canceling Sat Jun 06 14:33:18 UTC 2020
------------------ testing $PTII/ptolemy/domains/de/test/auto/QueueAndServer.xml
auto.tcl: Setting watchdog for 200 seconds at Sat Jun 06 14:33:18 UTC 2020
12 ms. Memory: 51200K Free: 28968K (57%)
ptolemy.util.test.WatchDog.cancel(): canceling Sat Jun 06 14:33:18 UTC 2020
auto.tcl: Setting watchdog for 200 seconds at Sat Jun 06 14:33:18 UTC 2020
6 ms. Memory: 51200K Free: 27441K (54%)
ptolemy.util.test.WatchDog.cancel(): canceling Sat Jun 06 14:33:18 UTC 2020
------------------ testing $PTII/ptolemy/domains/de/test/auto/Records.xml
auto.tcl: Setting watchdog for 200 seconds at Sat Jun 06 14:33:18 UTC 2020
4 ms. Memory: 51200K Free: 31183K (61%)
ptolemy.util.test.WatchDog.cancel(): canceling Sat Jun 06 14:33:19 UTC 2020
auto.tcl: Setting watchdog for 200 seconds at Sat Jun 06 14:33:19 UTC 2020
2 ms. Memory: 51200K Free: 30658K (60%)
ptolemy.util.test.WatchDog.cancel(): canceling Sat Jun 06 14:33:19 UTC 2020
------------------ testing $PTII/ptolemy/domains/de/test/auto/ResetTransitionWithStartTime1.xml
auto.tcl: Setting watchdog for 200 seconds at Sat Jun 06 14:33:19 UTC 2020
11 ms. Memory: 51200K Free: 28429K (56%)
ptolemy.util.test.WatchDog.cancel(): canceling Sat Jun 06 14:33:19 UTC 2020
auto.tcl: Setting watchdog for 200 seconds at Sat Jun 06 14:33:19 UTC 2020
6 ms. Memory: 51200K Free: 26381K (52%)
ptolemy.util.test.WatchDog.cancel(): canceling Sat Jun 06 14:33:19 UTC 2020
------------------ testing $PTII/ptolemy/domains/de/test/auto/ResetTransitionWithStartTime2.xml
auto.tcl: Setting watchdog for 200 seconds at Sat Jun 06 14:33:19 UTC 2020
6 ms. Memory: 51200K Free: 28385K (55%)
ptolemy.util.test.WatchDog.cancel(): canceling Sat Jun 06 14:33:19 UTC 2020
auto.tcl: Setting watchdog for 200 seconds at Sat Jun 06 14:33:19 UTC 2020
6 ms. Memory: 51200K Free: 26337K (51%)
ptolemy.util.test.WatchDog.cancel(): canceling Sat Jun 06 14:33:19 UTC 2020
------------------ testing $PTII/ptolemy/domains/de/test/auto/ResetTransitionWithStartTime3.xml
auto.tcl: Setting watchdog for 200 seconds at Sat Jun 06 14:33:19 UTC 2020
10 ms. Memory: 51200K Free: 28384K (55%)
ptolemy.util.test.WatchDog.cancel(): canceling Sat Jun 06 14:33:19 UTC 2020
auto.tcl: Setting watchdog for 200 seconds at Sat Jun 06 14:33:19 UTC 2020
5 ms. Memory: 51200K Free: 26350K (51%)
ptolemy.util.test.WatchDog.cancel(): canceling Sat Jun 06 14:33:19 UTC 2020
------------------ testing $PTII/ptolemy/domains/de/test/auto/ResetTransitionWithStartTime4.xml
auto.tcl: Setting watchdog for 200 seconds at Sat Jun 06 14:33:19 UTC 2020
6 ms. Memory: 51200K Free: 28828K (56%)
ptolemy.util.test.WatchDog.cancel(): canceling Sat Jun 06 14:33:19 UTC 2020
auto.tcl: Setting watchdog for 200 seconds at Sat Jun 06 14:33:19 UTC 2020
2 ms. Memory: 51200K Free: 27381K (53%)
ptolemy.util.test.WatchDog.cancel(): canceling Sat Jun 06 14:33:19 UTC 2020
------------------ testing $PTII/ptolemy/domains/de/test/auto/ResettableTimer1.xml
auto.tcl: Setting watchdog for 200 seconds at Sat Jun 06 14:33:19 UTC 2020
2 ms. Memory: 51200K Free: 32552K (64%)
ptolemy.util.test.WatchDog.cancel(): canceling Sat Jun 06 14:33:19 UTC 2020
auto.tcl: Setting watchdog for 200 seconds at Sat Jun 06 14:33:19 UTC 2020
2 ms. Memory: 51200K Free: 31952K (62%)
ptolemy.util.test.WatchDog.cancel(): canceling Sat Jun 06 14:33:19 UTC 2020
------------------ testing $PTII/ptolemy/domains/de/test/auto/ResettableTimer2.xml
auto.tcl: Setting watchdog for 200 seconds at Sat Jun 06 14:33:19 UTC 2020
2 ms. Memory: 51200K Free: 32655K (64%)
ptolemy.util.test.WatchDog.cancel(): canceling Sat Jun 06 14:33:19 UTC 2020
auto.tcl: Setting watchdog for 200 seconds at Sat Jun 06 14:33:19 UTC 2020
2 ms. Memory: 51200K Free: 32001K (63%)
ptolemy.util.test.WatchDog.cancel(): canceling Sat Jun 06 14:33:19 UTC 2020
------------------ testing $PTII/ptolemy/domains/de/test/auto/ResettableTimer3.xml
auto.tcl: Setting watchdog for 200 seconds at Sat Jun 06 14:33:19 UTC 2020
2 ms. Memory: 51200K Free: 33026K (65%)
ptolemy.util.test.WatchDog.cancel(): canceling Sat Jun 06 14:33:19 UTC 2020
auto.tcl: Setting watchdog for 200 seconds at Sat Jun 06 14:33:19 UTC 2020
1 ms. Memory: 51200K Free: 32534K (64%)
ptolemy.util.test.WatchDog.cancel(): canceling Sat Jun 06 14:33:19 UTC 2020
------------------ testing $PTII/ptolemy/domains/de/test/auto/ResettableTimer4.xml
auto.tcl: Setting watchdog for 200 seconds at Sat Jun 06 14:33:19 UTC 2020
2 ms. Memory: 51200K Free: 32530K (64%)
ptolemy.util.test.WatchDog.cancel(): canceling Sat Jun 06 14:33:19 UTC 2020
auto.tcl: Setting watchdog for 200 seconds at Sat Jun 06 14:33:19 UTC 2020
1 ms. Memory: 51200K Free: 32035K (63%)
ptolemy.util.test.WatchDog.cancel(): canceling Sat Jun 06 14:33:19 UTC 2020
------------------ testing $PTII/ptolemy/domains/de/test/auto/ResettableTimer5.xml
auto.tcl: Setting watchdog for 200 seconds at Sat Jun 06 14:33:19 UTC 2020
1 ms. Memory: 51200K Free: 32528K (64%)
ptolemy.util.test.WatchDog.cancel(): canceling Sat Jun 06 14:33:19 UTC 2020
auto.tcl: Setting watchdog for 200 seconds at Sat Jun 06 14:33:19 UTC 2020
2 ms. Memory: 51200K Free: 32033K (63%)
ptolemy.util.test.WatchDog.cancel(): canceling Sat Jun 06 14:33:19 UTC 2020
------------------ testing $PTII/ptolemy/domains/de/test/auto/ResettableTimer6.xml
auto.tcl: Setting watchdog for 200 seconds at Sat Jun 06 14:33:19 UTC 2020
1 ms. Memory: 51200K Free: 31990K (62%)
ptolemy.util.test.WatchDog.cancel(): canceling Sat Jun 06 14:33:19 UTC 2020
auto.tcl: Setting watchdog for 200 seconds at Sat Jun 06 14:33:19 UTC 2020
1 ms. Memory: 51200K Free: 31494K (62%)
ptolemy.util.test.WatchDog.cancel(): canceling Sat Jun 06 14:33:19 UTC 2020
------------------ testing $PTII/ptolemy/domains/de/test/auto/ServerZeroDelay.xml
auto.tcl: Setting watchdog for 200 seconds at Sat Jun 06 14:33:19 UTC 2020
2 ms. Memory: 51200K Free: 32509K (63%)
ptolemy.util.test.WatchDog.cancel(): canceling Sat Jun 06 14:33:19 UTC 2020
auto.tcl: Setting watchdog for 200 seconds at Sat Jun 06 14:33:19 UTC 2020
1 ms. Memory: 51200K Free: 31492K (62%)
ptolemy.util.test.WatchDog.cancel(): canceling Sat Jun 06 14:33:19 UTC 2020
------------------ testing $PTII/ptolemy/domains/de/test/auto/SmartSender.xml
auto.tcl: Setting watchdog for 200 seconds at Sat Jun 06 14:33:19 UTC 2020
3002 ms. Memory: 51200K Free: 32522K (64%)
ptolemy.util.test.WatchDog.cancel(): canceling Sat Jun 06 14:33:22 UTC 2020
auto.tcl: Setting watchdog for 200 seconds at Sat Jun 06 14:33:22 UTC 2020
3003 ms. Memory: 51200K Free: 31980K (62%)
ptolemy.util.test.WatchDog.cancel(): canceling Sat Jun 06 14:33:25 UTC 2020
------------------ testing $PTII/ptolemy/domains/de/test/auto/ThreadedComposite.xml
auto.tcl: Setting watchdog for 200 seconds at Sat Jun 06 14:33:25 UTC 2020
198 ms. Memory: 51200K Free: 13572K (27%)
ptolemy.util.test.WatchDog.cancel(): canceling Sat Jun 06 14:33:26 UTC 2020
auto.tcl: Setting watchdog for 200 seconds at Sat Jun 06 14:33:26 UTC 2020
136 ms. Memory: 51200K Free: 28444K (56%)
ptolemy.util.test.WatchDog.cancel(): canceling Sat Jun 06 14:33:26 UTC 2020
------------------ testing $PTII/ptolemy/domains/de/test/auto/Time.xml
auto.tcl: Setting watchdog for 200 seconds at Sat Jun 06 14:33:26 UTC 2020
517 ms. Memory: 74752K Free: 32584K (44%)
ptolemy.util.test.WatchDog.cancel(): canceling Sat Jun 06 14:33:26 UTC 2020
auto.tcl: Setting watchdog for 200 seconds at Sat Jun 06 14:33:26 UTC 2020
477 ms. Memory: 74752K Free: 21091K (28%)
ptolemy.util.test.WatchDog.cancel(): canceling Sat Jun 06 14:33:27 UTC 2020
------------------ testing $PTII/ptolemy/domains/de/test/auto/TimeDelayZeroDelay.xml
auto.tcl: Setting watchdog for 200 seconds at Sat Jun 06 14:33:27 UTC 2020
2 ms. Memory: 55296K Free: 36914K (67%)
ptolemy.util.test.WatchDog.cancel(): canceling Sat Jun 06 14:33:27 UTC 2020
auto.tcl: Setting watchdog for 200 seconds at Sat Jun 06 14:33:27 UTC 2020
2 ms. Memory: 55296K Free: 36112K (65%)
ptolemy.util.test.WatchDog.cancel(): canceling Sat Jun 06 14:33:27 UTC 2020
------------------ testing $PTII/ptolemy/domains/de/test/auto/TimerZeroDelay.xml
auto.tcl: Setting watchdog for 200 seconds at Sat Jun 06 14:33:27 UTC 2020
3 ms. Memory: 55296K Free: 36925K (67%)
ptolemy.util.test.WatchDog.cancel(): canceling Sat Jun 06 14:33:27 UTC 2020
auto.tcl: Setting watchdog for 200 seconds at Sat Jun 06 14:33:27 UTC 2020
1 ms. Memory: 55296K Free: 36146K (65%)
ptolemy.util.test.WatchDog.cancel(): canceling Sat Jun 06 14:33:27 UTC 2020
------------------ testing $PTII/ptolemy/domains/de/test/auto/TimingParadox.xml
auto.tcl: Setting watchdog for 200 seconds at Sat Jun 06 14:33:27 UTC 2020
341 ms. Memory: 55296K Free: 28736K (52%)
ptolemy.util.test.WatchDog.cancel(): canceling Sat Jun 06 14:33:27 UTC 2020
auto.tcl: Setting watchdog for 200 seconds at Sat Jun 06 14:33:27 UTC 2020
337 ms. Memory: 55296K Free: 21704K (39%)
ptolemy.util.test.WatchDog.cancel(): canceling Sat Jun 06 14:33:28 UTC 2020
------------------ testing $PTII/ptolemy/domains/de/test/auto/TransferInputs.xml
auto.tcl: Setting watchdog for 200 seconds at Sat Jun 06 14:33:28 UTC 2020
2 ms. Memory: 55296K Free: 35039K (63%)
ptolemy.util.test.WatchDog.cancel(): canceling Sat Jun 06 14:33:28 UTC 2020
auto.tcl: Setting watchdog for 200 seconds at Sat Jun 06 14:33:28 UTC 2020
1 ms. Memory: 55296K Free: 34079K (62%)
ptolemy.util.test.WatchDog.cancel(): canceling Sat Jun 06 14:33:28 UTC 2020
------------------ testing $PTII/ptolemy/domains/de/test/auto/TransferOutputs2.xml
auto.tcl: Setting watchdog for 200 seconds at Sat Jun 06 14:33:28 UTC 2020
10 ms. Memory: 55296K Free: 32482K (59%)
ptolemy.util.test.WatchDog.cancel(): canceling Sat Jun 06 14:33:28 UTC 2020
auto.tcl: Setting watchdog for 200 seconds at Sat Jun 06 14:33:28 UTC 2020
4 ms. Memory: 55296K Free: 31023K (56%)
ptolemy.util.test.WatchDog.cancel(): canceling Sat Jun 06 14:33:28 UTC 2020
------------------ testing $PTII/ptolemy/domains/de/test/auto/Trilateration.xml
auto.tcl: Setting watchdog for 200 seconds at Sat Jun 06 14:33:28 UTC 2020
11449 ms. Memory: 458752K Free: 366991K (80%)
ptolemy.util.test.WatchDog.cancel(): canceling Sat Jun 06 14:33:40 UTC 2020
auto.tcl: Setting watchdog for 200 seconds at Sat Jun 06 14:33:40 UTC 2020
8747 ms. Memory: 458752K Free: 169865K (37%)
ptolemy.util.test.WatchDog.cancel(): canceling Sat Jun 06 14:33:49 UTC 2020
------------------ testing $PTII/ptolemy/domains/de/test/auto/TwoSigmaDelta.xml
auto.tcl: Setting watchdog for 200 seconds at Sat Jun 06 14:33:49 UTC 2020
2148 ms. Memory: 92160K Free: 33667K (37%)
ptolemy.util.test.WatchDog.cancel(): canceling Sat Jun 06 14:33:51 UTC 2020
auto.tcl: Setting watchdog for 200 seconds at Sat Jun 06 14:33:51 UTC 2020
1663 ms. Memory: 92160K Free: 36255K (39%)
ptolemy.util.test.WatchDog.cancel(): canceling Sat Jun 06 14:33:53 UTC 2020
------------------ testing $PTII/ptolemy/domains/de/test/auto/VariableDelay.xml
auto.tcl: Setting watchdog for 200 seconds at Sat Jun 06 14:33:53 UTC 2020
3 ms. Memory: 55296K Free: 35512K (64%)
ptolemy.util.test.WatchDog.cancel(): canceling Sat Jun 06 14:33:53 UTC 2020
auto.tcl: Setting watchdog for 200 seconds at Sat Jun 06 14:33:53 UTC 2020
1 ms. Memory: 55296K Free: 34488K (62%)
ptolemy.util.test.WatchDog.cancel(): canceling Sat Jun 06 14:33:53 UTC 2020
------------------ testing $PTII/ptolemy/domains/de/test/auto/VariableDelay2.xml
auto.tcl: Setting watchdog for 200 seconds at Sat Jun 06 14:33:53 UTC 2020
1 ms. Memory: 55296K Free: 35935K (65%)
ptolemy.util.test.WatchDog.cancel(): canceling Sat Jun 06 14:33:53 UTC 2020
auto.tcl: Setting watchdog for 200 seconds at Sat Jun 06 14:33:53 UTC 2020
2 ms. Memory: 55296K Free: 35431K (64%)
ptolemy.util.test.WatchDog.cancel(): canceling Sat Jun 06 14:33:53 UTC 2020
------------------ testing $PTII/ptolemy/domains/de/test/auto/VariableDelayZeroDelay.xml
auto.tcl: Setting watchdog for 200 seconds at Sat Jun 06 14:33:53 UTC 2020
2 ms. Memory: 55296K Free: 36454K (66%)
ptolemy.util.test.WatchDog.cancel(): canceling Sat Jun 06 14:33:53 UTC 2020
auto.tcl: Setting watchdog for 200 seconds at Sat Jun 06 14:33:53 UTC 2020
2 ms. Memory: 55296K Free: 35940K (65%)
ptolemy.util.test.WatchDog.cancel(): canceling Sat Jun 06 14:33:53 UTC 2020
------------------ testing $PTII/ptolemy/domains/de/test/auto/VariableDelayZeroDelay2.xml
auto.tcl: Setting watchdog for 200 seconds at Sat Jun 06 14:33:53 UTC 2020
2 ms. Memory: 55296K Free: 36453K (66%)
ptolemy.util.test.WatchDog.cancel(): canceling Sat Jun 06 14:33:53 UTC 2020
auto.tcl: Setting watchdog for 200 seconds at Sat Jun 06 14:33:53 UTC 2020
2 ms. Memory: 55296K Free: 35429K (64%)
ptolemy.util.test.WatchDog.cancel(): canceling Sat Jun 06 14:33:53 UTC 2020
------------------ testing $PTII/ptolemy/domains/de/test/auto/deInCt.xml
auto.tcl: Setting watchdog for 200 seconds at Sat Jun 06 14:33:53 UTC 2020
0
1
1
1
1
0
0
0
1
1
1
1
1
1
0
0
0
1
1
1
0
0
0
0
1
1
1
1
1
7 ms. Memory: 51200K Free: 31330K (61%)
ptolemy.util.test.WatchDog.cancel(): canceling Sat Jun 06 14:33:53 UTC 2020
auto.tcl: Setting watchdog for 200 seconds at Sat Jun 06 14:33:53 UTC 2020
0
1
1
0
0
0
0
0
1
1
1
1
0
0
0
0
1
1
1
0
0
0
1
1
1
0
0
0
1
1
1
0
0
0
1
1
1
1
7 ms. Memory: 51200K Free: 29792K (58%)
ptolemy.util.test.WatchDog.cancel(): canceling Sat Jun 06 14:33:53 UTC 2020
------------------ testing $PTII/ptolemy/domains/de/test/auto/deInCt2.xml
auto.tcl: Setting watchdog for 200 seconds at Sat Jun 06 14:33:53 UTC 2020
0
1
1
1
0
0
1
1
1
0
0
1
1
1
0
0
1
1
1
0
0
1
1
1
0
0
1
1
1
0
0
1
1
1
0
0
1
1
1
0
0
0
11 ms. Memory: 51200K Free: 31331K (61%)
ptolemy.util.test.WatchDog.cancel(): canceling Sat Jun 06 14:33:53 UTC 2020
auto.tcl: Setting watchdog for 200 seconds at Sat Jun 06 14:33:53 UTC 2020
0
1
1
1
0
0
1
1
1
0
0
1
1
1
0
0
1
1
1
0
0
1
1
1
0
0
1
1
1
0
0
1
1
1
0
0
1
1
1
0
0
0
7 ms. Memory: 51200K Free: 29793K (58%)
ptolemy.util.test.WatchDog.cancel(): canceling Sat Jun 06 14:33:53 UTC 2020
------------------ testing $PTII/ptolemy/domains/de/test/auto/dynamicCausalityInterface1.xml
auto.tcl: Setting watchdog for 200 seconds at Sat Jun 06 14:33:53 UTC 2020
1 ms. Memory: 51200K Free: 27229K (53%)
ptolemy.util.test.WatchDog.cancel(): canceling Sat Jun 06 14:33:53 UTC 2020
auto.tcl: Setting watchdog for 200 seconds at Sat Jun 06 14:33:53 UTC 2020
1 ms. Memory: 51200K Free: 26716K (52%)
ptolemy.util.test.WatchDog.cancel(): canceling Sat Jun 06 14:33:53 UTC 2020
------------------ testing $PTII/ptolemy/domains/de/test/auto/fsm_de_test.xml
auto.tcl: Setting watchdog for 200 seconds at Sat Jun 06 14:33:54 UTC 2020
11 ms. Memory: 51200K Free: 27128K (53%)
ptolemy.util.test.WatchDog.cancel(): canceling Sat Jun 06 14:33:54 UTC 2020
auto.tcl: Setting watchdog for 200 seconds at Sat Jun 06 14:33:54 UTC 2020
7 ms. Memory: 51200K Free: 25080K (49%)
ptolemy.util.test.WatchDog.cancel(): canceling Sat Jun 06 14:33:54 UTC 2020
------------------ testing $PTII/ptolemy/domains/de/test/auto/functionDependencyReconstruction.xml
auto.tcl: Setting watchdog for 200 seconds at Sat Jun 06 14:33:54 UTC 2020
3 ms. Memory: 51200K Free: 21063K (41%)
ptolemy.util.test.WatchDog.cancel(): canceling Sat Jun 06 14:33:54 UTC 2020
auto.tcl: Setting watchdog for 200 seconds at Sat Jun 06 14:33:54 UTC 2020
3 ms. Memory: 51200K Free: 18925K (37%)
ptolemy.util.test.WatchDog.cancel(): canceling Sat Jun 06 14:33:54 UTC 2020
------------------ testing $PTII/ptolemy/domains/de/test/auto/multirate.xml
auto.tcl: Setting watchdog for 200 seconds at Sat Jun 06 14:33:54 UTC 2020
3 ms. Memory: 51200K Free: 29702K (58%)
ptolemy.util.test.WatchDog.cancel(): canceling Sat Jun 06 14:33:54 UTC 2020
auto.tcl: Setting watchdog for 200 seconds at Sat Jun 06 14:33:54 UTC 2020
3 ms. Memory: 51200K Free: 28023K (55%)
ptolemy.util.test.WatchDog.cancel(): canceling Sat Jun 06 14:33:54 UTC 2020
------------------ testing $PTII/ptolemy/domains/de/test/auto/multirate2.xml
auto.tcl: Setting watchdog for 200 seconds at Sat Jun 06 14:33:54 UTC 2020
4 ms. Memory: 51200K Free: 29725K (58%)
ptolemy.util.test.WatchDog.cancel(): canceling Sat Jun 06 14:33:54 UTC 2020
auto.tcl: Setting watchdog for 200 seconds at Sat Jun 06 14:33:54 UTC 2020
3 ms. Memory: 51200K Free: 28205K (55%)
ptolemy.util.test.WatchDog.cancel(): canceling Sat Jun 06 14:33:54 UTC 2020
------------------ testing $PTII/ptolemy/domains/de/test/auto/realtime.xml
auto.tcl: Setting watchdog for 200 seconds at Sat Jun 06 14:33:54 UTC 2020
10002 ms. Memory: 51200K Free: 32010K (63%)
ptolemy.util.test.WatchDog.cancel(): canceling Sat Jun 06 14:34:04 UTC 2020
auto.tcl: Setting watchdog for 200 seconds at Sat Jun 06 14:34:04 UTC 2020
10001 ms. Memory: 51200K Free: 31498K (62%)
ptolemy.util.test.WatchDog.cancel(): canceling Sat Jun 06 14:34:14 UTC 2020
------------------ testing $PTII/ptolemy/domains/de/test/auto/relationGroup.xml
auto.tcl: Setting watchdog for 200 seconds at Sat Jun 06 14:34:14 UTC 2020
9 ms. Memory: 51200K Free: 33059K (65%)
ptolemy.util.test.WatchDog.cancel(): canceling Sat Jun 06 14:34:14 UTC 2020
auto.tcl: Setting watchdog for 200 seconds at Sat Jun 06 14:34:14 UTC 2020
2 ms. Memory: 51200K Free: 32547K (64%)
ptolemy.util.test.WatchDog.cancel(): canceling Sat Jun 06 14:34:14 UTC 2020
------------------ testing $PTII/ptolemy/domains/de/test/auto/relationGroup2.xml
auto.tcl: Setting watchdog for 200 seconds at Sat Jun 06 14:34:14 UTC 2020
1 ms. Memory: 51200K Free: 33115K (65%)
ptolemy.util.test.WatchDog.cancel(): canceling Sat Jun 06 14:34:14 UTC 2020
auto.tcl: Setting watchdog for 200 seconds at Sat Jun 06 14:34:14 UTC 2020
1 ms. Memory: 51200K Free: 32603K (64%)
ptolemy.util.test.WatchDog.cancel(): canceling Sat Jun 06 14:34:14 UTC 2020
------------------ testing $PTII/ptolemy/domains/de/test/auto/sortWithOpaquePorts.xml
auto.tcl: Setting watchdog for 200 seconds at Sat Jun 06 14:34:14 UTC 2020
2 ms. Memory: 51200K Free: 32381K (63%)
ptolemy.util.test.WatchDog.cancel(): canceling Sat Jun 06 14:34:14 UTC 2020
auto.tcl: Setting watchdog for 200 seconds at Sat Jun 06 14:34:14 UTC 2020
2 ms. Memory: 51200K Free: 30846K (60%)
ptolemy.util.test.WatchDog.cancel(): canceling Sat Jun 06 14:34:14 UTC 2020
------------------ testing $PTII/ptolemy/domains/de/test/auto/transferInputsandOutputs.xml
auto.tcl: Setting watchdog for 200 seconds at Sat Jun 06 14:34:14 UTC 2020
5 ms. Memory: 51200K Free: 29296K (57%)
ptolemy.util.test.WatchDog.cancel(): canceling Sat Jun 06 14:34:14 UTC 2020
auto.tcl: Setting watchdog for 200 seconds at Sat Jun 06 14:34:14 UTC 2020
2 ms. Memory: 51200K Free: 28272K (55%)
ptolemy.util.test.WatchDog.cancel(): canceling Sat Jun 06 14:34:14 UTC 2020
------------------ testing $PTII/ptolemy/domains/de/test/auto/triggerType.xml
auto.tcl: Setting watchdog for 200 seconds at Sat Jun 06 14:34:14 UTC 2020
1 ms. Memory: 51200K Free: 32321K (63%)
ptolemy.util.test.WatchDog.cancel(): canceling Sat Jun 06 14:34:14 UTC 2020
auto.tcl: Setting watchdog for 200 seconds at Sat Jun 06 14:34:14 UTC 2020
1 ms. Memory: 51200K Free: 31297K (61%)
ptolemy.util.test.WatchDog.cancel(): canceling Sat Jun 06 14:34:14 UTC 2020
06/06/20 02:34:14
Failed: 0  Total Tests: 192  ((Passed: 187, Newly Passed: 1)  Known Failed: 5) /home/travis/build/icyphy/ptII/ptolemy/domains/de/test
06/06/20 02:34:14
Failed: 0  Total Tests: 192  ((Passed: 187, Newly Passed: 1)  Known Failed: 5) /home/travis/build/icyphy/ptII/ptolemy/domains/de/test
----------------- testing (KnownFailure) /home/travis/build/icyphy/ptII/ptolemy/domains/de/test/auto/knownFailedTests/DESDFClockTest.xml
2011 ms. Memory: 51200K Free: 25716K (50%)
Known Failure: java.lang.reflect.InvocationTargetException
----------------- testing (KnownFailure) /home/travis/build/icyphy/ptII/ptolemy/domains/de/test/auto/knownFailedTests/DirectFeedback.xml
1 ms. Memory: 51200K Free: 21620K (42%)
Known Failure: java.lang.reflect.InvocationTargetException
----------------- testing (KnownFailure) /home/travis/build/icyphy/ptII/ptolemy/domains/de/test/auto/knownFailedTests/FSMSource.xml
14 ms. Memory: 51200K Free: 13942K (27%)
----------------- testing (KnownFailure) /home/travis/build/icyphy/ptII/ptolemy/domains/de/test/auto/knownFailedTests/HierarchicalModel.xml
3 ms. Memory: 51200K Free: 27151K (53%)
Known Failure: java.lang.reflect.InvocationTargetException
----------------- testing (KnownFailure) /home/travis/build/icyphy/ptII/ptolemy/domains/de/test/auto/knownFailedTests/dependencyLoop.xml
3 ms. Memory: 51200K Free: 12103K (24%)
Known Failure: java.lang.reflect.InvocationTargetException
----------------- testing (KnownFailure) /home/travis/build/icyphy/ptII/ptolemy/domains/de/test/auto/knownFailedTests/dependencyLoop2.xml
6 ms. Memory: 51200K Free: 25792K (50%)
Known Failure: java.lang.reflect.InvocationTargetException
No auto/linux-amd64/*.xml tests in /home/travis/build/icyphy/ptII/ptolemy/domains/de/test
AutoTests.java: About to close Vertx.
AutoTests.java: Vertx closed.

===========================================================================================
----------------- testing Sat Jun 06 14:34:16 UTC 2020 /home/travis/build/icyphy/ptII/ptolemy/domains/de/test/auto/ActorDepthCalculation_actorWithoutPorts.xml
----------------- Instantiating /home/travis/build/icyphy/ptII/ptolemy/domains/de/test/auto/ActorDepthCalculation_actorWithoutPorts.xml
2 ms. Memory: 51200K Free: 18951K (37%)
----------------- Invoking toplevel() on ptolemy.moml.MoMLSimpleApplication@22b681e3
----------------- Done invoking toplevel() on ptolemy.moml.MoMLSimpleApplication@22b681e3
reloadAllAccessors: .ActorDepthCalculation_actorWithoutPorts

===========================================================================================
----------------- testing Sat Jun 06 14:34:16 UTC 2020 /home/travis/build/icyphy/ptII/ptolemy/domains/de/test/auto/AssemblyLine.xml
----------------- Instantiating /home/travis/build/icyphy/ptII/ptolemy/domains/de/test/auto/AssemblyLine.xml
3 ms. Memory: 51200K Free: 12102K (24%)
----------------- Invoking toplevel() on ptolemy.moml.MoMLSimpleApplication@16e1ca0e
----------------- Done invoking toplevel() on ptolemy.moml.MoMLSimpleApplication@16e1ca0e
reloadAllAccessors: .AssemblyLine

===========================================================================================
----------------- testing Sat Jun 06 14:34:17 UTC 2020 /home/travis/build/icyphy/ptII/ptolemy/domains/de/test/auto/CQBug1.xml
----------------- Instantiating /home/travis/build/icyphy/ptII/ptolemy/domains/de/test/auto/CQBug1.xml
1 ms. Memory: 51200K Free: 9030K (18%)
----------------- Invoking toplevel() on ptolemy.moml.MoMLSimpleApplication@39db7ec1
----------------- Done invoking toplevel() on ptolemy.moml.MoMLSimpleApplication@39db7ec1
reloadAllAccessors: .CQBug1

===========================================================================================
----------------- testing Sat Jun 06 14:34:17 UTC 2020 /home/travis/build/icyphy/ptII/ptolemy/domains/de/test/auto/CancelFireAt.xml
----------------- Instantiating /home/travis/build/icyphy/ptII/ptolemy/domains/de/test/auto/CancelFireAt.xml
10 ms. Memory: 51200K Free: 35415K (69%)
----------------- Invoking toplevel() on ptolemy.moml.MoMLSimpleApplication@661f68da
----------------- Done invoking toplevel() on ptolemy.moml.MoMLSimpleApplication@661f68da
reloadAllAccessors: .CancelFireAt

===========================================================================================
----------------- testing Sat Jun 06 14:34:17 UTC 2020 /home/travis/build/icyphy/ptII/ptolemy/domains/de/test/auto/CausalityAndComposabilityAnalysis.xml
----------------- Instantiating /home/travis/build/icyphy/ptII/ptolemy/domains/de/test/auto/CausalityAndComposabilityAnalysis.xml
2 ms. Memory: 51200K Free: 31192K (61%)
----------------- Invoking toplevel() on ptolemy.moml.MoMLSimpleApplication@792c6dff
----------------- Done invoking toplevel() on ptolemy.moml.MoMLSimpleApplication@792c6dff
reloadAllAccessors: .CausalityAndComposabilityAnalysis

===========================================================================================
----------------- testing Sat Jun 06 14:34:17 UTC 2020 /home/travis/build/icyphy/ptII/ptolemy/domains/de/test/auto/CausalityInterface1.xml
----------------- Instantiating /home/travis/build/icyphy/ptII/ptolemy/domains/de/test/auto/CausalityInterface1.xml
5 ms. Memory: 51200K Free: 26064K (51%)
----------------- Invoking toplevel() on ptolemy.moml.MoMLSimpleApplication@4c74df0
----------------- Done invoking toplevel() on ptolemy.moml.MoMLSimpleApplication@4c74df0
reloadAllAccessors: .CausalityInterface1

===========================================================================================
----------------- testing Sat Jun 06 14:34:17 UTC 2020 /home/travis/build/icyphy/ptII/ptolemy/domains/de/test/auto/CausalityInterface15.xml
----------------- Instantiating /home/travis/build/icyphy/ptII/ptolemy/domains/de/test/auto/CausalityInterface15.xml
2 ms. Memory: 51200K Free: 20524K (40%)
----------------- Invoking toplevel() on ptolemy.moml.MoMLSimpleApplication@361af747
----------------- Done invoking toplevel() on ptolemy.moml.MoMLSimpleApplication@361af747
reloadAllAccessors: .CausalityInterface15

===========================================================================================
----------------- testing Sat Jun 06 14:34:17 UTC 2020 /home/travis/build/icyphy/ptII/ptolemy/domains/de/test/auto/CausalityInterface2.xml
----------------- Instantiating /home/travis/build/icyphy/ptII/ptolemy/domains/de/test/auto/CausalityInterface2.xml
1 ms. Memory: 51200K Free: 16103K (31%)
[...]
	at ptolemy.actor.Manager.run(Manager.java:1263)
	at ptolemy.actor.Manager$PtolemyRunThread.run(Manager.java:1933)
java.lang.RuntimeException: Execution failed
	at ptolemy.moml.MoMLSimpleApplication$UnloadThread.run(MoMLSimpleApplication.java:402)
Caused by: ptolemy.kernel.util.IllegalActionException: Actor is not ready to fire.  Perhaps UpSample.prefire() returned false? Try debugging the actor by selecting "Listen to Actor".  Also, for SDF check moml for tokenConsumptionRate on input.
  in .DESDFClockTest.Play Bell.Copy1:SDF Director and .DESDFClockTest.Play Bell.UpSample
	at ptolemy.actor.sched.StaticSchedulingDirector.fire(StaticSchedulingDirector.java:227)
	at ptolemy.domains.sdf.kernel.SDFDirector.fire(SDFDirector.java:500)
	at ptolemy.actor.CompositeActor.fire(CompositeActor.java:455)
	at ptolemy.domains.de.kernel.DEDirector._fire(DEDirector.java:1949)
	at ptolemy.domains.de.kernel.DEDirector.fire(DEDirector.java:502)
	at ptolemy.actor.CompositeActor.fire(CompositeActor.java:455)
	at ptolemy.actor.Manager.iterate(Manager.java:851)
	at ptolemy.actor.Manager.execute(Manager.java:369)
	at ptolemy.actor.Manager.run(Manager.java:1263)
	at ptolemy.actor.Manager$PtolemyRunThread.run(Manager.java:1933)
java.lang.reflect.InvocationTargetException
	at java.base/jdk.internal.reflect.NativeConstructorAccessorImpl.newInstance0(Native Method)
	at java.base/jdk.internal.reflect.NativeConstructorAccessorImpl.newInstance(NativeConstructorAccessorImpl.java:62)
	at java.base/jdk.internal.reflect.DelegatingConstructorAccessorImpl.newInstance(DelegatingConstructorAccessorImpl.java:45)
	at java.base/java.lang.reflect.Constructor.newInstance(Constructor.java:490)
	at ptolemy.util.test.junit.AutoKnownFailedTests.RunModel(AutoKnownFailedTests.java:105)
	at java.base/jdk.internal.reflect.NativeMethodAccessorImpl.invoke0(Native Method)
	at java.base/jdk.internal.reflect.NativeMethodAccessorImpl.invoke(NativeMethodAccessorImpl.java:62)
	at java.base/jdk.internal.reflect.DelegatingMethodAccessorImpl.invoke(DelegatingMethodAccessorImpl.java:43)
	at java.base/java.lang.reflect.Method.invoke(Method.java:566)
	at org.junit.runners.model.FrameworkMethod$1.runReflectiveCall(FrameworkMethod.java:44)
	at org.junit.internal.runners.model.ReflectiveCallable.run(ReflectiveCallable.java:15)
	at org.junit.runners.model.FrameworkMethod.invokeExplosively(FrameworkMethod.java:41)
	at junitparams.internal.InvokeParameterisedMethod.evaluate(InvokeParameterisedMethod.java:102)
	at org.junit.internal.runners.statements.FailOnTimeout$1.run(FailOnTimeout.java:28)
Caused by: ptolemy.kernel.util.IllegalActionException: Actor is not ready to fire.  Perhaps UpSample.prefire() returned false? Try debugging the actor by selecting "Listen to Actor".  Also, for SDF check moml for tokenConsumptionRate on input.
  in .DESDFClockTest.Play Bell.Copy1:SDF Director and .DESDFClockTest.Play Bell.UpSample
	at ptolemy.actor.sched.StaticSchedulingDirector.fire(StaticSchedulingDirector.java:227)
	at ptolemy.domains.sdf.kernel.SDFDirector.fire(SDFDirector.java:500)
	at ptolemy.actor.CompositeActor.fire(CompositeActor.java:455)
	at ptolemy.domains.de.kernel.DEDirector._fire(DEDirector.java:1949)
	at ptolemy.domains.de.kernel.DEDirector.fire(DEDirector.java:502)
	at ptolemy.actor.CompositeActor.fire(CompositeActor.java:455)
	at ptolemy.actor.Manager.iterate(Manager.java:851)
	at ptolemy.actor.Manager.execute(Manager.java:369)
	at ptolemy.actor.Manager.run(Manager.java:1263)
	at ptolemy.actor.Manager$PtolemyRunThread.run(Manager.java:1933)
java.lang.RuntimeException: Execution failed
	at ptolemy.moml.MoMLSimpleApplication$UnloadThread.run(MoMLSimpleApplication.java:402)
Caused by: ptolemy.kernel.util.IllegalActionException: Test fails in iteration 1.
Value was: 1.0. Should have been: 2.0
  in .DirectFeedback.Test
	at ptolemy.actor.lib.Test.fire(Test.java:268)
	at ptolemy.domains.de.kernel.DEDirector._fire(DEDirector.java:1949)
	at ptolemy.domains.de.kernel.DEDirector.fire(DEDirector.java:502)
	at ptolemy.actor.CompositeActor.fire(CompositeActor.java:455)
	at ptolemy.actor.Manager.iterate(Manager.java:851)
	at ptolemy.actor.Manager.execute(Manager.java:369)
	at ptolemy.actor.Manager.run(Manager.java:1263)
	at ptolemy.actor.Manager$PtolemyRunThread.run(Manager.java:1933)
java.lang.reflect.InvocationTargetException
	at java.base/jdk.internal.reflect.NativeConstructorAccessorImpl.newInstance0(Native Method)
	at java.base/jdk.internal.reflect.NativeConstructorAccessorImpl.newInstance(NativeConstructorAccessorImpl.java:62)
	at java.base/jdk.internal.reflect.DelegatingConstructorAccessorImpl.newInstance(DelegatingConstructorAccessorImpl.java:45)
	at java.base/java.lang.reflect.Constructor.newInstance(Constructor.java:490)
	at ptolemy.util.test.junit.AutoKnownFailedTests.RunModel(AutoKnownFailedTests.java:105)
	at java.base/jdk.internal.reflect.NativeMethodAccessorImpl.invoke0(Native Method)
	at java.base/jdk.internal.reflect.NativeMethodAccessorImpl.invoke(NativeMethodAccessorImpl.java:62)
	at java.base/jdk.internal.reflect.DelegatingMethodAccessorImpl.invoke(DelegatingMethodAccessorImpl.java:43)
	at java.base/java.lang.reflect.Method.invoke(Method.java:566)
	at org.junit.runners.model.FrameworkMethod$1.runReflectiveCall(FrameworkMethod.java:44)
	at org.junit.internal.runners.model.ReflectiveCallable.run(ReflectiveCallable.java:15)
	at org.junit.runners.model.FrameworkMethod.invokeExplosively(FrameworkMethod.java:41)
	at junitparams.internal.InvokeParameterisedMethod.evaluate(InvokeParameterisedMethod.java:102)
	at org.junit.internal.runners.statements.FailOnTimeout$1.run(FailOnTimeout.java:28)
Caused by: ptolemy.kernel.util.IllegalActionException: Test fails in iteration 1.
Value was: 1.0. Should have been: 2.0
  in .DirectFeedback.Test
	at ptolemy.actor.lib.Test.fire(Test.java:268)
	at ptolemy.domains.de.kernel.DEDirector._fire(DEDirector.java:1949)
	at ptolemy.domains.de.kernel.DEDirector.fire(DEDirector.java:502)
	at ptolemy.actor.CompositeActor.fire(CompositeActor.java:455)
	at ptolemy.actor.Manager.iterate(Manager.java:851)
	at ptolemy.actor.Manager.execute(Manager.java:369)
	at ptolemy.actor.Manager.run(Manager.java:1263)
	at ptolemy.actor.Manager$PtolemyRunThread.run(Manager.java:1933)
java.lang.RuntimeException: Execution failed
	at ptolemy.moml.MoMLSimpleApplication$UnloadThread.run(MoMLSimpleApplication.java:402)
Caused by: ptolemy.kernel.util.IllegalActionException: Found a zero delay loop containing .HierarchicalModel.A
  in .HierarchicalModel and .HierarchicalModel.A
	at ptolemy.actor.util.CausalityInterfaceForComposites._computeOutputPortDepth(CausalityInterfaceForComposites.java:759)
	at ptolemy.actor.util.CausalityInterfaceForComposites._computeInputDepth(CausalityInterfaceForComposites.java:696)
	at ptolemy.actor.util.CausalityInterfaceForComposites._computeOutputPortDepth(CausalityInterfaceForComposites.java:765)
	at ptolemy.actor.util.CausalityInterfaceForComposites._computeInputDepth(CausalityInterfaceForComposites.java:696)
	at ptolemy.actor.util.CausalityInterfaceForComposites._computeOutputPortDepth(CausalityInterfaceForComposites.java:765)
	at ptolemy.actor.util.CausalityInterfaceForComposites._computeInputDepth(CausalityInterfaceForComposites.java:696)
	at ptolemy.actor.util.CausalityInterfaceForComposites._computeActorDepth(CausalityInterfaceForComposites.java:532)
	at ptolemy.actor.util.CausalityInterfaceForComposites.checkForCycles(CausalityInterfaceForComposites.java:96)
	at ptolemy.domains.de.kernel.DEDirector.preinitialize(DEDirector.java:1338)
	at ptolemy.actor.CompositeActor.preinitialize(CompositeActor.java:1828)
	at ptolemy.actor.Manager.preinitializeAndResolveTypes(Manager.java:1040)
	at ptolemy.actor.Manager.initialize(Manager.java:710)
	at ptolemy.actor.Manager.execute(Manager.java:356)
	at ptolemy.actor.Manager.run(Manager.java:1263)
	at ptolemy.actor.Manager$PtolemyRunThread.run(Manager.java:1933)
java.lang.reflect.InvocationTargetException
	at java.base/jdk.internal.reflect.NativeConstructorAccessorImpl.newInstance0(Native Method)
	at java.base/jdk.internal.reflect.NativeConstructorAccessorImpl.newInstance(NativeConstructorAccessorImpl.java:62)
	at java.base/jdk.internal.reflect.DelegatingConstructorAccessorImpl.newInstance(DelegatingConstructorAccessorImpl.java:45)
	at java.base/java.lang.reflect.Constructor.newInstance(Constructor.java:490)
	at ptolemy.util.test.junit.AutoKnownFailedTests.RunModel(AutoKnownFailedTests.java:105)
	at java.base/jdk.internal.reflect.NativeMethodAccessorImpl.invoke0(Native Method)
	at java.base/jdk.internal.reflect.NativeMethodAccessorImpl.invoke(NativeMethodAccessorImpl.java:62)
	at java.base/jdk.internal.reflect.DelegatingMethodAccessorImpl.invoke(DelegatingMethodAccessorImpl.java:43)
	at java.base/java.lang.reflect.Method.invoke(Method.java:566)
	at org.junit.runners.model.FrameworkMethod$1.runReflectiveCall(FrameworkMethod.java:44)
	at org.junit.internal.runners.model.ReflectiveCallable.run(ReflectiveCallable.java:15)
	at org.junit.runners.model.FrameworkMethod.invokeExplosively(FrameworkMethod.java:41)
	at junitparams.internal.InvokeParameterisedMethod.evaluate(InvokeParameterisedMethod.java:102)
	at org.junit.internal.runners.statements.FailOnTimeout$1.run(FailOnTimeout.java:28)
Caused by: ptolemy.kernel.util.IllegalActionException: Found a zero delay loop containing .HierarchicalModel.A
  in .HierarchicalModel and .HierarchicalModel.A
	at ptolemy.actor.util.CausalityInterfaceForComposites._computeOutputPortDepth(CausalityInterfaceForComposites.java:759)
	at ptolemy.actor.util.CausalityInterfaceForComposites._computeInputDepth(CausalityInterfaceForComposites.java:696)
	at ptolemy.actor.util.CausalityInterfaceForComposites._computeOutputPortDepth(CausalityInterfaceForComposites.java:765)
	at ptolemy.actor.util.CausalityInterfaceForComposites._computeInputDepth(CausalityInterfaceForComposites.java:696)
	at ptolemy.actor.util.CausalityInterfaceForComposites._computeOutputPortDepth(CausalityInterfaceForComposites.java:765)
	at ptolemy.actor.util.CausalityInterfaceForComposites._computeInputDepth(CausalityInterfaceForComposites.java:696)
	at ptolemy.actor.util.CausalityInterfaceForComposites._computeActorDepth(CausalityInterfaceForComposites.java:532)
	at ptolemy.actor.util.CausalityInterfaceForComposites.checkForCycles(CausalityInterfaceForComposites.java:96)
	at ptolemy.domains.de.kernel.DEDirector.preinitialize(DEDirector.java:1338)
	at ptolemy.actor.CompositeActor.preinitialize(CompositeActor.java:1828)
	at ptolemy.actor.Manager.preinitializeAndResolveTypes(Manager.java:1040)
	at ptolemy.actor.Manager.initialize(Manager.java:710)
	at ptolemy.actor.Manager.execute(Manager.java:356)
	at ptolemy.actor.Manager.run(Manager.java:1263)
	at ptolemy.actor.Manager$PtolemyRunThread.run(Manager.java:1933)
java.lang.RuntimeException: Execution failed
	at ptolemy.moml.MoMLSimpleApplication$UnloadThread.run(MoMLSimpleApplication.java:402)
Caused by: ptolemy.kernel.util.IllegalActionException: Found a zero delay loop containing .dependencyLoop.original
  in .dependencyLoop and .dependencyLoop.original
	at ptolemy.actor.util.CausalityInterfaceForComposites._computeOutputPortDepth(CausalityInterfaceForComposites.java:759)
	at ptolemy.actor.util.CausalityInterfaceForComposites._computeInputDepth(CausalityInterfaceForComposites.java:696)
	at ptolemy.actor.util.CausalityInterfaceForComposites._computeOutputPortDepth(CausalityInterfaceForComposites.java:765)
	at ptolemy.actor.util.CausalityInterfaceForComposites._computeInputDepth(CausalityInterfaceForComposites.java:696)
	at ptolemy.actor.util.CausalityInterfaceForComposites._computeOutputPortDepth(CausalityInterfaceForComposites.java:765)
	at ptolemy.actor.util.CausalityInterfaceForComposites._computeInputDepth(CausalityInterfaceForComposites.java:696)
	at ptolemy.actor.util.CausalityInterfaceForComposites._computeActorDepth(CausalityInterfaceForComposites.java:532)
	at ptolemy.actor.util.CausalityInterfaceForComposites.checkForCycles(CausalityInterfaceForComposites.java:96)
	at ptolemy.domains.de.kernel.DEDirector.preinitialize(DEDirector.java:1338)
	at ptolemy.actor.CompositeActor.preinitialize(CompositeActor.java:1828)
	at ptolemy.actor.Manager.preinitializeAndResolveTypes(Manager.java:1040)
	at ptolemy.actor.Manager.initialize(Manager.java:710)
	at ptolemy.actor.Manager.execute(Manager.java:356)
	at ptolemy.actor.Manager.run(Manager.java:1263)
	at ptolemy.actor.Manager$PtolemyRunThread.run(Manager.java:1933)
java.lang.reflect.InvocationTargetException
	at java.base/jdk.internal.reflect.NativeConstructorAccessorImpl.newInstance0(Native Method)
	at java.base/jdk.internal.reflect.NativeConstructorAccessorImpl.newInstance(NativeConstructorAccessorImpl.java:62)
	at java.base/jdk.internal.reflect.DelegatingConstructorAccessorImpl.newInstance(DelegatingConstructorAccessorImpl.java:45)
	at java.base/java.lang.reflect.Constructor.newInstance(Constructor.java:490)
	at ptolemy.util.test.junit.AutoKnownFailedTests.RunModel(AutoKnownFailedTests.java:105)
	at java.base/jdk.internal.reflect.NativeMethodAccessorImpl.invoke0(Native Method)
	at java.base/jdk.internal.reflect.NativeMethodAccessorImpl.invoke(NativeMethodAccessorImpl.java:62)
	at java.base/jdk.internal.reflect.DelegatingMethodAccessorImpl.invoke(DelegatingMethodAccessorImpl.java:43)
	at java.base/java.lang.reflect.Method.invoke(Method.java:566)
	at org.junit.runners.model.FrameworkMethod$1.runReflectiveCall(FrameworkMethod.java:44)
	at org.junit.internal.runners.model.ReflectiveCallable.run(ReflectiveCallable.java:15)
	at org.junit.runners.model.FrameworkMethod.invokeExplosively(FrameworkMethod.java:41)
	at junitparams.internal.InvokeParameterisedMethod.evaluate(InvokeParameterisedMethod.java:102)
	at org.junit.internal.runners.statements.FailOnTimeout$1.run(FailOnTimeout.java:28)
Caused by: ptolemy.kernel.util.IllegalActionException: Found a zero delay loop containing .dependencyLoop.original
  in .dependencyLoop and .dependencyLoop.original
	at ptolemy.actor.util.CausalityInterfaceForComposites._computeOutputPortDepth(CausalityInterfaceForComposites.java:759)
	at ptolemy.actor.util.CausalityInterfaceForComposites._computeInputDepth(CausalityInterfaceForComposites.java:696)
	at ptolemy.actor.util.CausalityInterfaceForComposites._computeOutputPortDepth(CausalityInterfaceForComposites.java:765)
	at ptolemy.actor.util.CausalityInterfaceForComposites._computeInputDepth(CausalityInterfaceForComposites.java:696)
	at ptolemy.actor.util.CausalityInterfaceForComposites._computeOutputPortDepth(CausalityInterfaceForComposites.java:765)
	at ptolemy.actor.util.CausalityInterfaceForComposites._computeInputDepth(CausalityInterfaceForComposites.java:696)
	at ptolemy.actor.util.CausalityInterfaceForComposites._computeActorDepth(CausalityInterfaceForComposites.java:532)
	at ptolemy.actor.util.CausalityInterfaceForComposites.checkForCycles(CausalityInterfaceForComposites.java:96)
	at ptolemy.domains.de.kernel.DEDirector.preinitialize(DEDirector.java:1338)
	at ptolemy.actor.CompositeActor.preinitialize(CompositeActor.java:1828)
	at ptolemy.actor.Manager.preinitializeAndResolveTypes(Manager.java:1040)
	at ptolemy.actor.Manager.initialize(Manager.java:710)
	at ptolemy.actor.Manager.execute(Manager.java:356)
	at ptolemy.actor.Manager.run(Manager.java:1263)
	at ptolemy.actor.Manager$PtolemyRunThread.run(Manager.java:1933)
java.lang.RuntimeException: Execution failed
	at ptolemy.moml.MoMLSimpleApplication$UnloadThread.run(MoMLSimpleApplication.java:402)
Caused by: ptolemy.kernel.util.IllegalActionException: Found a zero delay loop containing .dependencyLoop2.original
  in .dependencyLoop2 and .dependencyLoop2.original
	at ptolemy.actor.util.CausalityInterfaceForComposites._computeOutputPortDepth(CausalityInterfaceForComposites.java:759)
	at ptolemy.actor.util.CausalityInterfaceForComposites._computeInputDepth(CausalityInterfaceForComposites.java:696)
	at ptolemy.actor.util.CausalityInterfaceForComposites._computeOutputPortDepth(CausalityInterfaceForComposites.java:765)
	at ptolemy.actor.util.CausalityInterfaceForComposites._computeInputDepth(CausalityInterfaceForComposites.java:696)
	at ptolemy.actor.util.CausalityInterfaceForComposites._computeOutputPortDepth(CausalityInterfaceForComposites.java:765)
	at ptolemy.actor.util.CausalityInterfaceForComposites._computeInputDepth(CausalityInterfaceForComposites.java:696)
	at ptolemy.actor.util.CausalityInterfaceForComposites._computeActorDepth(CausalityInterfaceForComposites.java:532)
	at ptolemy.actor.util.CausalityInterfaceForComposites.checkForCycles(CausalityInterfaceForComposites.java:96)
	at ptolemy.domains.de.kernel.DEDirector.preinitialize(DEDirector.java:1338)
	at ptolemy.actor.CompositeActor.preinitialize(CompositeActor.java:1828)
	at ptolemy.actor.Manager.preinitializeAndResolveTypes(Manager.java:1040)
	at ptolemy.actor.Manager.initialize(Manager.java:710)
	at ptolemy.actor.Manager.execute(Manager.java:356)
	at ptolemy.actor.Manager.run(Manager.java:1263)
	at ptolemy.actor.Manager$PtolemyRunThread.run(Manager.java:1933)
java.lang.reflect.InvocationTargetException
	at java.base/jdk.internal.reflect.NativeConstructorAccessorImpl.newInstance0(Native Method)
	at java.base/jdk.internal.reflect.NativeConstructorAccessorImpl.newInstance(NativeConstructorAccessorImpl.java:62)
	at java.base/jdk.internal.reflect.DelegatingConstructorAccessorImpl.newInstance(DelegatingConstructorAccessorImpl.java:45)
	at java.base/java.lang.reflect.Constructor.newInstance(Constructor.java:490)
	at ptolemy.util.test.junit.AutoKnownFailedTests.RunModel(AutoKnownFailedTests.java:105)
	at java.base/jdk.internal.reflect.NativeMethodAccessorImpl.invoke0(Native Method)
	at java.base/jdk.internal.reflect.NativeMethodAccessorImpl.invoke(NativeMethodAccessorImpl.java:62)
	at java.base/jdk.internal.reflect.DelegatingMethodAccessorImpl.invoke(DelegatingMethodAccessorImpl.java:43)
	at java.base/java.lang.reflect.Method.invoke(Method.java:566)
	at org.junit.runners.model.FrameworkMethod$1.runReflectiveCall(FrameworkMethod.java:44)
	at org.junit.internal.runners.model.ReflectiveCallable.run(ReflectiveCallable.java:15)
	at org.junit.runners.model.FrameworkMethod.invokeExplosively(FrameworkMethod.java:41)
	at junitparams.internal.InvokeParameterisedMethod.evaluate(InvokeParameterisedMethod.java:102)
	at org.junit.internal.runners.statements.FailOnTimeout$1.run(FailOnTimeout.java:28)
Caused by: ptolemy.kernel.util.IllegalActionException: Found a zero delay loop containing .dependencyLoop2.original
  in .dependencyLoop2 and .dependencyLoop2.original
	at ptolemy.actor.util.CausalityInterfaceForComposites._computeOutputPortDepth(CausalityInterfaceForComposites.java:759)
	at ptolemy.actor.util.CausalityInterfaceForComposites._computeInputDepth(CausalityInterfaceForComposites.java:696)
	at ptolemy.actor.util.CausalityInterfaceForComposites._computeOutputPortDepth(CausalityInterfaceForComposites.java:765)
	at ptolemy.actor.util.CausalityInterfaceForComposites._computeInputDepth(CausalityInterfaceForComposites.java:696)
	at ptolemy.actor.util.CausalityInterfaceForComposites._computeOutputPortDepth(CausalityInterfaceForComposites.java:765)
	at ptolemy.actor.util.CausalityInterfaceForComposites._computeInputDepth(CausalityInterfaceForComposites.java:696)
	at ptolemy.actor.util.CausalityInterfaceForComposites._computeActorDepth(CausalityInterfaceForComposites.java:532)
	at ptolemy.actor.util.CausalityInterfaceForComposites.checkForCycles(CausalityInterfaceForComposites.java:96)
	at ptolemy.domains.de.kernel.DEDirector.preinitialize(DEDirector.java:1338)
	at ptolemy.actor.CompositeActor.preinitialize(CompositeActor.java:1828)
	at ptolemy.actor.Manager.preinitializeAndResolveTypes(Manager.java:1040)
	at ptolemy.actor.Manager.initialize(Manager.java:710)
	at ptolemy.actor.Manager.execute(Manager.java:356)
	at ptolemy.actor.Manager.run(Manager.java:1263)
	at ptolemy.actor.Manager$PtolemyRunThread.run(Manager.java:1933)
]]></system-err>
</testsuite>
