<?xml version="1.0" encoding="UTF-8" ?>
<testsuite errors="0" failures="0" hostname="travis-job-c3725737-9e4f-49e1-aced-ba9ed206b718" name="ptolemy.domains.sdf.test.junit.JUnitTclTest" skipped="0" tests="66" time="18.915" timestamp="2018-07-07T01:40:03">
  <properties>
[...]
</properties>
  <testcase classname="ptolemy.util.test.junit.TclTests" name="[0] /home/travis/build/icyphy/ptII/ptolemy/domains/sdf/test/SDFSchedulerErrors.tcl (RunTclFile)" time="0.531" />
  <testcase classname="ptolemy.util.test.junit.TclTests" name="[1] /home/travis/build/icyphy/ptII/ptolemy/domains/sdf/test/composition.tcl (RunTclFile)" time="0.168" />
  <testcase classname="ptolemy.util.test.junit.TclTests" name="[2] /home/travis/build/icyphy/ptII/ptolemy/domains/sdf/test/cycle.tcl (RunTclFile)" time="0.053" />
  <testcase classname="ptolemy.util.test.junit.AutoKnownFailedTests" name="[0] ThereAreNoKnowFailedTests (RunModel)" time="0.01" />
  <testcase classname="ptolemy.util.test.junit.AutoNameArchTests" name="[0] ThereAreNoAutoArchTests (RunModel)" time="0.007" />
  <testcase classname="ptolemy.util.test.junit.AutoTests" name="[0] /home/travis/build/icyphy/ptII/ptolemy/domains/sdf/test/auto/Array.xml (RunModel)" time="0.124" />
  <testcase classname="ptolemy.util.test.junit.AutoTests" name="[1] /home/travis/build/icyphy/ptII/ptolemy/domains/sdf/test/auto/Butterfly.xml (RunModel)" time="0.09" />
  <testcase classname="ptolemy.util.test.junit.AutoTests" name="[2] /home/travis/build/icyphy/ptII/ptolemy/domains/sdf/test/auto/Expression.xml (RunModel)" time="0.107" />
  <testcase classname="ptolemy.util.test.junit.AutoTests" name="[3] /home/travis/build/icyphy/ptII/ptolemy/domains/sdf/test/auto/Eye.xml (RunModel)" time="0.343" />
  <testcase classname="ptolemy.util.test.junit.AutoTests" name="[4] /home/travis/build/icyphy/ptII/ptolemy/domains/sdf/test/auto/FixFIR.xml (RunModel)" time="0.324" />
  <testcase classname="ptolemy.util.test.junit.AutoTests" name="[5] /home/travis/build/icyphy/ptII/ptolemy/domains/sdf/test/auto/FixPoint.xml (RunModel)" time="0.022" />
  <testcase classname="ptolemy.util.test.junit.AutoTests" name="[6] /home/travis/build/icyphy/ptII/ptolemy/domains/sdf/test/auto/Gravitation.xml (RunModel)" time="3.243" />
  <testcase classname="ptolemy.util.test.junit.AutoTests" name="[7] /home/travis/build/icyphy/ptII/ptolemy/domains/sdf/test/auto/GravitationWithCollisionDetection.xml (RunModel)" time="5.731" />
  <testcase classname="ptolemy.util.test.junit.AutoTests" name="[8] /home/travis/build/icyphy/ptII/ptolemy/domains/sdf/test/auto/HDF.xml (RunModel)" time="0.122" />
  <testcase classname="ptolemy.util.test.junit.AutoTests" name="[9] /home/travis/build/icyphy/ptII/ptolemy/domains/sdf/test/auto/HDFwithTransientStates.xml (RunModel)" time="0.106" />
  <testcase classname="ptolemy.util.test.junit.AutoTests" name="[10] /home/travis/build/icyphy/ptII/ptolemy/domains/sdf/test/auto/HTVQ.xml (RunModel)" time="0.813" />
  <testcase classname="ptolemy.util.test.junit.AutoTests" name="[11] /home/travis/build/icyphy/ptII/ptolemy/domains/sdf/test/auto/InferInitProduction.xml (RunModel)" time="0.029" />
  <testcase classname="ptolemy.util.test.junit.AutoTests" name="[12] /home/travis/build/icyphy/ptII/ptolemy/domains/sdf/test/auto/InferInitProductionDeeper.xml (RunModel)" time="0.023" />
  <testcase classname="ptolemy.util.test.junit.AutoTests" name="[13] /home/travis/build/icyphy/ptII/ptolemy/domains/sdf/test/auto/LMSAdaptive.xml (RunModel)" time="0.074" />
  <testcase classname="ptolemy.util.test.junit.AutoTests" name="[14] /home/travis/build/icyphy/ptII/ptolemy/domains/sdf/test/auto/LogisticMap.xml (RunModel)" time="0.473" />
  <testcase classname="ptolemy.util.test.junit.AutoTests" name="[15] /home/travis/build/icyphy/ptII/ptolemy/domains/sdf/test/auto/MaximumEntropySpectrum.xml (RunModel)" time="0.222" />
  <testcase classname="ptolemy.util.test.junit.AutoTests" name="[16] /home/travis/build/icyphy/ptII/ptolemy/domains/sdf/test/auto/MultirateSDF.xml (RunModel)" time="0.059" />
  <testcase classname="ptolemy.util.test.junit.AutoTests" name="[17] /home/travis/build/icyphy/ptII/ptolemy/domains/sdf/test/auto/MultirateSDFwithTransientStates.xml (RunModel)" time="0.081" />
  <testcase classname="ptolemy.util.test.junit.AutoTests" name="[18] /home/travis/build/icyphy/ptII/ptolemy/domains/sdf/test/auto/NoisySinewave.xml (RunModel)" time="0.063" />
  <testcase classname="ptolemy.util.test.junit.AutoTests" name="[19] /home/travis/build/icyphy/ptII/ptolemy/domains/sdf/test/auto/Objects.xml (RunModel)" time="0.051" />
  <testcase classname="ptolemy.util.test.junit.AutoTests" name="[20] /home/travis/build/icyphy/ptII/ptolemy/domains/sdf/test/auto/OrthogonalCom.xml (RunModel)" time="0.039" />
  <testcase classname="ptolemy.util.test.junit.AutoTests" name="[21] /home/travis/build/icyphy/ptII/ptolemy/domains/sdf/test/auto/RijndaelEncryption.xml (RunModel)" time="0.512" />
  <testcase classname="ptolemy.util.test.junit.AutoTests" name="[22] /home/travis/build/icyphy/ptII/ptolemy/domains/sdf/test/auto/SDFEmptyIterations.xml (RunModel)" time="0.026" />
  <testcase classname="ptolemy.util.test.junit.AutoTests" name="[23] /home/travis/build/icyphy/ptII/ptolemy/domains/sdf/test/auto/Spectrum.xml (RunModel)" time="0.074" />
  <testcase classname="ptolemy.util.test.junit.AutoTests" name="[24] /home/travis/build/icyphy/ptII/ptolemy/domains/sdf/test/auto/de_inside_sdf.xml (RunModel)" time="0.027" />
  <testcase classname="ptolemy.util.test.junit.AutoTests" name="[25] /home/travis/build/icyphy/ptII/ptolemy/domains/sdf/test/auto/disconnectedHierarchicalSDF.xml (RunModel)" time="0.026" />
  <testcase classname="ptolemy.util.test.junit.AutoTests" name="[26] /home/travis/build/icyphy/ptII/ptolemy/domains/sdf/test/auto/disconnectedSDF.xml (RunModel)" time="0.022" />
  <testcase classname="ptolemy.util.test.junit.AutoTests" name="[27] /home/travis/build/icyphy/ptII/ptolemy/domains/sdf/test/auto/emptyRefinement.xml (RunModel)" time="0.021" />
  <testcase classname="ptolemy.util.test.junit.AutoTests" name="[28] /home/travis/build/icyphy/ptII/ptolemy/domains/sdf/test/auto/filePortParameter.xml (RunModel)" time="0.047" />
  <testcase classname="ptolemy.util.test.junit.AutoTests" name="[29] /home/travis/build/icyphy/ptII/ptolemy/domains/sdf/test/auto/inferRelationWidth1.xml (RunModel)" time="0.016" />
  <testcase classname="ptolemy.util.test.junit.AutoTests" name="[30] /home/travis/build/icyphy/ptII/ptolemy/domains/sdf/test/auto/initProductionInference.xml (RunModel)" time="0.02" />
  <testcase classname="ptolemy.util.test.junit.AutoTests" name="[31] /home/travis/build/icyphy/ptII/ptolemy/domains/sdf/test/auto/relationGroup.xml (RunModel)" time="0.015" />
  <testcase classname="ptolemy.util.test.junit.AutoTests" name="[32] /home/travis/build/icyphy/ptII/ptolemy/domains/sdf/test/auto/relationGroup10.xml (RunModel)" time="0.018" />
  <testcase classname="ptolemy.util.test.junit.AutoTests" name="[33] /home/travis/build/icyphy/ptII/ptolemy/domains/sdf/test/auto/relationGroup11.xml (RunModel)" time="0.024" />
  <testcase classname="ptolemy.util.test.junit.AutoTests" name="[34] /home/travis/build/icyphy/ptII/ptolemy/domains/sdf/test/auto/relationGroup12.xml (RunModel)" time="0.022" />
  <testcase classname="ptolemy.util.test.junit.AutoTests" name="[35] /home/travis/build/icyphy/ptII/ptolemy/domains/sdf/test/auto/relationGroup13.xml (RunModel)" time="0.024" />
  <testcase classname="ptolemy.util.test.junit.AutoTests" name="[36] /home/travis/build/icyphy/ptII/ptolemy/domains/sdf/test/auto/relationGroup14.xml (RunModel)" time="0.018" />
  <testcase classname="ptolemy.util.test.junit.AutoTests" name="[37] /home/travis/build/icyphy/ptII/ptolemy/domains/sdf/test/auto/relationGroup15.xml (RunModel)" time="0.015" />
  <testcase classname="ptolemy.util.test.junit.AutoTests" name="[38] /home/travis/build/icyphy/ptII/ptolemy/domains/sdf/test/auto/relationGroup2.xml (RunModel)" time="0.014" />
  <testcase classname="ptolemy.util.test.junit.AutoTests" name="[39] /home/travis/build/icyphy/ptII/ptolemy/domains/sdf/test/auto/relationGroup3.xml (RunModel)" time="0.017" />
  <testcase classname="ptolemy.util.test.junit.AutoTests" name="[40] /home/travis/build/icyphy/ptII/ptolemy/domains/sdf/test/auto/relationGroup4.xml (RunModel)" time="0.018" />
  <testcase classname="ptolemy.util.test.junit.AutoTests" name="[41] /home/travis/build/icyphy/ptII/ptolemy/domains/sdf/test/auto/relationGroup5.xml (RunModel)" time="0.019" />
  <testcase classname="ptolemy.util.test.junit.AutoTests" name="[42] /home/travis/build/icyphy/ptII/ptolemy/domains/sdf/test/auto/relationGroup6.xml (RunModel)" time="0.028" />
  <testcase classname="ptolemy.util.test.junit.AutoTests" name="[43] /home/travis/build/icyphy/ptII/ptolemy/domains/sdf/test/auto/relationGroup7.xml (RunModel)" time="0.016" />
  <testcase classname="ptolemy.util.test.junit.AutoTests" name="[44] /home/travis/build/icyphy/ptII/ptolemy/domains/sdf/test/auto/relationGroup8.xml (RunModel)" time="0.02" />
  <testcase classname="ptolemy.util.test.junit.AutoTests" name="[45] /home/travis/build/icyphy/ptII/ptolemy/domains/sdf/test/auto/relationGroup9.xml (RunModel)" time="0.03" />
  <testcase classname="ptolemy.util.test.junit.AutoTests" name="[46] /home/travis/build/icyphy/ptII/ptolemy/domains/sdf/test/auto/sdf_inside_de.xml (RunModel)" time="0.052" />
  <testcase classname="ptolemy.util.test.junit.AutoTests" name="[47] /home/travis/build/icyphy/ptII/ptolemy/domains/sdf/test/auto/sdf_inside_pn.xml (RunModel)" time="0.062" />
  <testcase classname="ptolemy.util.test.junit.AutoTests" name="[48] /home/travis/build/icyphy/ptII/ptolemy/domains/sdf/test/auto/sdf_sdf1.xml (RunModel)" time="0.019" />
  <testcase classname="ptolemy.util.test.junit.AutoTests" name="[49] /home/travis/build/icyphy/ptII/ptolemy/domains/sdf/test/auto/test1.xml (RunModel)" time="0.016" />
  <testcase classname="ptolemy.util.test.junit.AutoTests" name="[50] /home/travis/build/icyphy/ptII/ptolemy/domains/sdf/test/auto/time1.xml (RunModel)" time="0.009" />
  <testcase classname="ptolemy.util.test.junit.AutoTests" name="[51] /home/travis/build/icyphy/ptII/ptolemy/domains/sdf/test/auto/time2.xml (RunModel)" time="0.01" />
  <testcase classname="ptolemy.util.test.junit.AutoTests" name="[52] /home/travis/build/icyphy/ptII/ptolemy/domains/sdf/test/auto/time3.xml (RunModel)" time="0.021" />
  <testcase classname="ptolemy.util.test.junit.AutoTests" name="[53] /home/travis/build/icyphy/ptII/ptolemy/domains/sdf/test/auto/time4.xml (RunModel)" time="0.021" />
  <testcase classname="ptolemy.util.test.junit.AutoTests" name="[54] /home/travis/build/icyphy/ptII/ptolemy/domains/sdf/test/auto/time5.xml (RunModel)" time="4.009" />
  <testcase classname="ptolemy.util.test.junit.AutoTests" name="[55] /home/travis/build/icyphy/ptII/ptolemy/domains/sdf/test/auto/typeSystem_Const_Integer_smallest_Type.xml (RunModel)" time="0.047" />
  <testcase classname="ptolemy.util.test.junit.AutoTests" name="[56] /home/travis/build/icyphy/ptII/ptolemy/domains/sdf/test/auto/typeSystem_declared_Inports_OutportTypeException.xml (RunModel)" time="0.024" />
  <testcase classname="ptolemy.util.test.junit.AutoTests" name="[57] /home/travis/build/icyphy/ptII/ptolemy/domains/sdf/test/auto/typeSystem_oneDeclaredInportType_wrongTypeOutport.xml (RunModel)" time="0.024" />
  <testcase classname="ptolemy.util.test.junit.AutoTests" name="[58] /home/travis/build/icyphy/ptII/ptolemy/domains/sdf/test/auto/width.xml (RunModel)" time="0.009" />
  <testcase classname="ptolemy.util.test.junit.AutoTests" name="[59] /home/travis/build/icyphy/ptII/ptolemy/domains/sdf/test/auto/width2.xml (RunModel)" time="0.042" />
  <testcase classname="ptolemy.util.test.junit.AutoTests" name="[60] /home/travis/build/icyphy/ptII/ptolemy/domains/sdf/test/auto/width3.xml (RunModel)" time="0.043" />
  <system-out><![CDATA[/home/travis/build/icyphy/ptII/ptolemy/domains/sdf/test/SDFSchedulerErrors.tcl
testDefs.tcl: setting time out to 9000 seconds at Sat Jul 07 01:40:03 UTC 2018
15 ms. Memory: 116224K Free: 105570K (91%)
5 ms. Memory: 116224K Free: 98507K (85%)
4 ms. Memory: 116224K Free: 91428K (79%)
3 ms. Memory: 116224K Free: 88367K (76%)
/home/travis/build/icyphy/ptII/ptolemy/domains/sdf/test/composition.tcl
25 ms. Memory: 116224K Free: 84780K (73%)
5 ms. Memory: 116224K Free: 82383K (71%)
/home/travis/build/icyphy/ptII/ptolemy/domains/sdf/test/cycle.tcl
.Toplevel.Director Preinitializing ...
Invoking preinitialize():  .Toplevel.Actor1
Invoking preinitialize():  .Toplevel.Actor2
Invoking preinitialize():  .Toplevel.Delay
.Toplevel.Director Finished preinitialize().
### Schedule:
Execute Schedule{
Fire Actor ptolemy.domains.sdf.kernel.test.SDFTestDelay {.Toplevel.Actor1}
Fire Actor ptolemy.domains.sdf.kernel.test.SDFTestDelay {.Toplevel.Actor2}
Fire Actor ptolemy.domains.sdf.lib.SampleDelay {.Toplevel.Delay}
}
### End schedule
Called initialize().
Invoking initialize():  .Toplevel.Actor1
Initializing actor: .Toplevel.Actor1.
Invoking initialize():  .Toplevel.Actor2
Initializing actor: .Toplevel.Actor2.
Invoking initialize():  .Toplevel.Delay
Initializing actor: .Toplevel.Delay.
Director: Called prefire().
-- Setting current time to 0.0
Director prefire returns true.
The actor .Toplevel.Actor1 will be iterated.
The actor .Toplevel.Actor1 was iterated.
The actor .Toplevel.Actor2 will be iterated.
The actor .Toplevel.Actor2 was iterated.
The actor .Toplevel.Delay will be iterated.
The actor .Toplevel.Delay was iterated.
Director: Called postfire().
Postfire returns: true
Director: Called prefire().
-- Setting current time to 0.0
Director prefire returns true.
The actor .Toplevel.Actor1 will be iterated.
The actor .Toplevel.Actor1 was iterated.
The actor .Toplevel.Actor2 will be iterated.
The actor .Toplevel.Actor2 was iterated.
The actor .Toplevel.Delay will be iterated.
The actor .Toplevel.Delay was iterated.
Director: Called postfire().
Postfire returns: true
Director: Called prefire().
-- Setting current time to 0.0
Director prefire returns true.
The actor .Toplevel.Actor1 will be iterated.
The actor .Toplevel.Actor1 was iterated.
The actor .Toplevel.Actor2 will be iterated.
The actor .Toplevel.Actor2 was iterated.
The actor .Toplevel.Delay will be iterated.
The actor .Toplevel.Delay was iterated.
Director: Called postfire().
Postfire returns: true
Director: Called prefire().
-- Setting current time to 0.0
Director prefire returns true.
The actor .Toplevel.Actor1 will be iterated.
The actor .Toplevel.Actor1 was iterated.
The actor .Toplevel.Actor2 will be iterated.
The actor .Toplevel.Actor2 was iterated.
The actor .Toplevel.Delay will be iterated.
The actor .Toplevel.Delay was iterated.
Director: Called postfire().
Postfire returns: true
Director: Called prefire().
-- Setting current time to 0.0
Director prefire returns true.
The actor .Toplevel.Actor1 will be iterated.
The actor .Toplevel.Actor1 was iterated.
The actor .Toplevel.Actor2 will be iterated.
The actor .Toplevel.Actor2 was iterated.
The actor .Toplevel.Delay will be iterated.
The actor .Toplevel.Delay was iterated.
Director: Called postfire().
Postfire returns: true
Director: Called prefire().
-- Setting current time to 0.0
Director prefire returns true.
The actor .Toplevel.Actor1 will be iterated.
The actor .Toplevel.Actor1 was iterated.
The actor .Toplevel.Actor2 will be iterated.
The actor .Toplevel.Actor2 was iterated.
The actor .Toplevel.Delay will be iterated.
The actor .Toplevel.Delay was iterated.
Reached specified number of iterations: 6
Director: Called wrapup().
18 ms. Memory: 146944K Free: 141146K (96%)
07/07/18 01:40:04
Failed: 0  Total Tests: 8  ((Passed: 8, Newly Passed: 0)  Known Failed: 0) /home/travis/build/icyphy/ptII/ptolemy/domains/sdf/test
No auto/knownFailedTests/*.xml tests in /home/travis/build/icyphy/ptII/ptolemy/domains/sdf/test
No auto/linux-amd64/*.xml tests in /home/travis/build/icyphy/ptII/ptolemy/domains/sdf/test
AutoTests.java: About to close Vertx.
AutoTests.java: Vertx closed.

===========================================================================================
----------------- testing Sat Jul 07 01:40:04 UTC 2018 /home/travis/build/icyphy/ptII/ptolemy/domains/sdf/test/auto/Array.xml
----------------- Instantiating /home/travis/build/icyphy/ptII/ptolemy/domains/sdf/test/auto/Array.xml
26 ms. Memory: 146944K Free: 101233K (69%)
----------------- Invoking toplevel() on ptolemy.moml.MoMLSimpleApplication@58abbe81
----------------- Done invoking toplevel() on ptolemy.moml.MoMLSimpleApplication@58abbe81
reloadAllAccessors: .Array

===========================================================================================
----------------- testing Sat Jul 07 01:40:04 UTC 2018 /home/travis/build/icyphy/ptII/ptolemy/domains/sdf/test/auto/Butterfly.xml
----------------- Instantiating /home/travis/build/icyphy/ptII/ptolemy/domains/sdf/test/auto/Butterfly.xml
67 ms. Memory: 146944K Free: 95048K (65%)
----------------- Invoking toplevel() on ptolemy.moml.MoMLSimpleApplication@2d89d84b
----------------- Done invoking toplevel() on ptolemy.moml.MoMLSimpleApplication@2d89d84b
reloadAllAccessors: .Butterfly

===========================================================================================
----------------- testing Sat Jul 07 01:40:04 UTC 2018 /home/travis/build/icyphy/ptII/ptolemy/domains/sdf/test/auto/Expression.xml
----------------- Instantiating /home/travis/build/icyphy/ptII/ptolemy/domains/sdf/test/auto/Expression.xml
71 ms. Memory: 146944K Free: 88996K (61%)
----------------- Invoking toplevel() on ptolemy.moml.MoMLSimpleApplication@3b03d6bd
----------------- Done invoking toplevel() on ptolemy.moml.MoMLSimpleApplication@3b03d6bd
reloadAllAccessors: .Expression

===========================================================================================
----------------- testing Sat Jul 07 01:40:04 UTC 2018 /home/travis/build/icyphy/ptII/ptolemy/domains/sdf/test/auto/Eye.xml
----------------- Instantiating /home/travis/build/icyphy/ptII/ptolemy/domains/sdf/test/auto/Eye.xml
200 ms. Memory: 146944K Free: 120572K (82%)
----------------- Invoking toplevel() on ptolemy.moml.MoMLSimpleApplication@77502c2c
----------------- Done invoking toplevel() on ptolemy.moml.MoMLSimpleApplication@77502c2c
reloadAllAccessors: .Eye

===========================================================================================
----------------- testing Sat Jul 07 01:40:05 UTC 2018 /home/travis/build/icyphy/ptII/ptolemy/domains/sdf/test/auto/FixFIR.xml
----------------- Instantiating /home/travis/build/icyphy/ptII/ptolemy/domains/sdf/test/auto/FixFIR.xml
124 ms. Memory: 146944K Free: 84267K (57%)
----------------- Invoking toplevel() on ptolemy.moml.MoMLSimpleApplication@736c394d
----------------- Done invoking toplevel() on ptolemy.moml.MoMLSimpleApplication@736c394d
reloadAllAccessors: .FixFIR

===========================================================================================
----------------- testing Sat Jul 07 01:40:05 UTC 2018 /home/travis/build/icyphy/ptII/ptolemy/domains/sdf/test/auto/FixPoint.xml
----------------- Instantiating /home/travis/build/icyphy/ptII/ptolemy/domains/sdf/test/auto/FixPoint.xml
8 ms. Memory: 146944K Free: 79714K (54%)
----------------- Invoking toplevel() on ptolemy.moml.MoMLSimpleApplication@7744ceab
----------------- Done invoking toplevel() on ptolemy.moml.MoMLSimpleApplication@7744ceab
reloadAllAccessors: .FixPoint

===========================================================================================
----------------- testing Sat Jul 07 01:40:05 UTC 2018 /home/travis/build/icyphy/ptII/ptolemy/domains/sdf/test/auto/Gravitation.xml
----------------- Instantiating /home/travis/build/icyphy/ptII/ptolemy/domains/sdf/test/auto/Gravitation.xml
3153 ms. Memory: 208384K Free: 107679K (52%)
----------------- Invoking toplevel() on ptolemy.moml.MoMLSimpleApplication@41edb40e
----------------- Done invoking toplevel() on ptolemy.moml.MoMLSimpleApplication@41edb40e
reloadAllAccessors: .Gravitation

===========================================================================================
----------------- testing Sat Jul 07 01:40:08 UTC 2018 /home/travis/build/icyphy/ptII/ptolemy/domains/sdf/test/auto/GravitationWithCollisionDetection.xml
----------------- Instantiating /home/travis/build/icyphy/ptII/ptolemy/domains/sdf/test/auto/GravitationWithCollisionDetection.xml
5562 ms. Memory: 874496K Free: 353938K (40%)
----------------- Invoking toplevel() on ptolemy.moml.MoMLSimpleApplication@570cfa0a
----------------- Done invoking toplevel() on ptolemy.moml.MoMLSimpleApplication@570cfa0a
reloadAllAccessors: .GravitationWithCollisionDetection

===========================================================================================
----------------- testing Sat Jul 07 01:40:14 UTC 2018 /home/travis/build/icyphy/ptII/ptolemy/domains/sdf/test/auto/HDF.xml
----------------- Instantiating /home/travis/build/icyphy/ptII/ptolemy/domains/sdf/test/auto/HDF.xml
44 ms. Memory: 874496K Free: 320880K (37%)
----------------- Invoking toplevel() on ptolemy.moml.MoMLSimpleApplication@2cc56f24
----------------- Done invoking toplevel() on ptolemy.moml.MoMLSimpleApplication@2cc56f24
reloadAllAccessors: .HDF

===========================================================================================
----------------- testing Sat Jul 07 01:40:14 UTC 2018 /home/travis/build/icyphy/ptII/ptolemy/domains/sdf/test/auto/HDFwithTransientStates.xml
----------------- Instantiating /home/travis/build/icyphy/ptII/ptolemy/domains/sdf/test/auto/HDFwithTransientStates.xml
33 ms. Memory: 874496K Free: 297303K (34%)
----------------- Invoking toplevel() on ptolemy.moml.MoMLSimpleApplication@39d9e9ca
----------------- Done invoking toplevel() on ptolemy.moml.MoMLSimpleApplication@39d9e9ca
reloadAllAccessors: .HDFwithTransientStates

===========================================================================================
----------------- testing Sat Jul 07 01:40:14 UTC 2018 /home/travis/build/icyphy/ptII/ptolemy/domains/sdf/test/auto/HTVQ.xml
----------------- Instantiating /home/travis/build/icyphy/ptII/ptolemy/domains/sdf/test/auto/HTVQ.xml
764 ms. Memory: 874496K Free: 124300K (14%)
----------------- Invoking toplevel() on ptolemy.moml.MoMLSimpleApplication@57e160da
----------------- Done invoking toplevel() on ptolemy.moml.MoMLSimpleApplication@57e160da
reloadAllAccessors: .HTVQ

===========================================================================================
----------------- testing Sat Jul 07 01:40:15 UTC 2018 /home/travis/build/icyphy/ptII/ptolemy/domains/sdf/test/auto/InferInitProduction.xml
----------------- Instantiating /home/travis/build/icyphy/ptII/ptolemy/domains/sdf/test/auto/InferInitProduction.xml
5 ms. Memory: 874496K Free: 108582K (12%)
----------------- Invoking toplevel() on ptolemy.moml.MoMLSimpleApplication@33555549
----------------- Done invoking toplevel() on ptolemy.moml.MoMLSimpleApplication@33555549
reloadAllAccessors: .InferInitProduction

===========================================================================================
----------------- testing Sat Jul 07 01:40:15 UTC 2018 /home/travis/build/icyphy/ptII/ptolemy/domains/sdf/test/auto/InferInitProductionDeeper.xml
----------------- Instantiating /home/travis/build/icyphy/ptII/ptolemy/domains/sdf/test/auto/InferInitProductionDeeper.xml
3 ms. Memory: 874496K Free: 92863K (11%)
----------------- Invoking toplevel() on ptolemy.moml.MoMLSimpleApplication@2191955d
----------------- Done invoking toplevel() on ptolemy.moml.MoMLSimpleApplication@2191955d
reloadAllAccessors: .InferInitProductionDeeper

===========================================================================================
----------------- testing Sat Jul 07 01:40:15 UTC 2018 /home/travis/build/icyphy/ptII/ptolemy/domains/sdf/test/auto/LMSAdaptive.xml
----------------- Instantiating /home/travis/build/icyphy/ptII/ptolemy/domains/sdf/test/auto/LMSAdaptive.xml
17 ms. Memory: 875008K Free: 858358K (98%)
----------------- Invoking toplevel() on ptolemy.moml.MoMLSimpleApplication@2ed3e997
----------------- Done invoking toplevel() on ptolemy.moml.MoMLSimpleApplication@2ed3e997
reloadAllAccessors: .LMSAdaptive

===========================================================================================
----------------- testing Sat Jul 07 01:40:15 UTC 2018 /home/travis/build/icyphy/ptII/ptolemy/domains/sdf/test/auto/LogisticMap.xml
----------------- Instantiating /home/travis/build/icyphy/ptII/ptolemy/domains/sdf/test/auto/LogisticMap.xml
444 ms. Memory: 875008K Free: 840473K (96%)
----------------- Invoking toplevel() on ptolemy.moml.MoMLSimpleApplication@643eb7b4
----------------- Done invoking toplevel() on ptolemy.moml.MoMLSimpleApplication@643eb7b4
reloadAllAccessors: .LogisticMap

===========================================================================================
----------------- testing Sat Jul 07 01:40:16 UTC 2018 /home/travis/build/icyphy/ptII/ptolemy/domains/sdf/test/auto/MaximumEntropySpectrum.xml
----------------- Instantiating /home/travis/build/icyphy/ptII/ptolemy/domains/sdf/test/auto/MaximumEntropySpectrum.xml
42 ms. Memory: 875008K Free: 772271K (88%)
----------------- Invoking toplevel() on ptolemy.moml.MoMLSimpleApplication@3567386e
----------------- Done invoking toplevel() on ptolemy.moml.MoMLSimpleApplication@3567386e
reloadAllAccessors: .MaximumEntropySpectrum

===========================================================================================
----------------- testing Sat Jul 07 01:40:16 UTC 2018 /home/travis/build/icyphy/ptII/ptolemy/domains/sdf/test/auto/MultirateSDF.xml
----------------- Instantiating /home/travis/build/icyphy/ptII/ptolemy/domains/sdf/test/auto/MultirateSDF.xml
19 ms. Memory: 875008K Free: 751281K (86%)
----------------- Invoking toplevel() on ptolemy.moml.MoMLSimpleApplication@21118abf
----------------- Done invoking toplevel() on ptolemy.moml.MoMLSimpleApplication@21118abf
reloadAllAccessors: .MultirateSDF

===========================================================================================
----------------- testing Sat Jul 07 01:40:16 UTC 2018 /home/travis/build/icyphy/ptII/ptolemy/domains/sdf/test/auto/MultirateSDFwithTransientStates.xml
----------------- Instantiating /home/travis/build/icyphy/ptII/ptolemy/domains/sdf/test/auto/MultirateSDFwithTransientStates.xml
22 ms. Memory: 875008K Free: 725060K (83%)
----------------- Invoking toplevel() on ptolemy.moml.MoMLSimpleApplication@61f1f0ab
----------------- Done invoking toplevel() on ptolemy.moml.MoMLSimpleApplication@61f1f0ab
reloadAllAccessors: .MultirateSDFwithTransientStates

===========================================================================================
----------------- testing Sat Jul 07 01:40:16 UTC 2018 /home/travis/build/icyphy/ptII/ptolemy/domains/sdf/test/auto/NoisySinewave.xml
----------------- Instantiating /home/travis/build/icyphy/ptII/ptolemy/domains/sdf/test/auto/NoisySinewave.xml
12 ms. Memory: 875008K Free: 704078K (80%)
----------------- Invoking toplevel() on ptolemy.moml.MoMLSimpleApplication@f538c75
----------------- Done invoking toplevel() on ptolemy.moml.MoMLSimpleApplication@f538c75
reloadAllAccessors: .NoisySinewave

===========================================================================================
----------------- testing Sat Jul 07 01:40:16 UTC 2018 /home/travis/build/icyphy/ptII/ptolemy/domains/sdf/test/auto/Objects.xml
----------------- Instantiating /home/travis/build/icyphy/ptII/ptolemy/domains/sdf/test/auto/Objects.xml
3 ms. Memory: 875008K Free: 688344K (79%)
----------------- Invoking toplevel() on ptolemy.moml.MoMLSimpleApplication@427e45a
----------------- Done invoking toplevel() on ptolemy.moml.MoMLSimpleApplication@427e45a
reloadAllAccessors: .Objects

===========================================================================================
----------------- testing Sat Jul 07 01:40:16 UTC 2018 /home/travis/build/icyphy/ptII/ptolemy/domains/sdf/test/auto/OrthogonalCom.xml
----------------- Instantiating /home/travis/build/icyphy/ptII/ptolemy/domains/sdf/test/auto/OrthogonalCom.xml
6 ms. Memory: 875008K Free: 672609K (77%)
----------------- Invoking toplevel() on ptolemy.moml.MoMLSimpleApplication@957529e
----------------- Done invoking toplevel() on ptolemy.moml.MoMLSimpleApplication@957529e
reloadAllAccessors: .OrthogonalCom

===========================================================================================
----------------- testing Sat Jul 07 01:40:16 UTC 2018 /home/travis/build/icyphy/ptII/ptolemy/domains/sdf/test/auto/RijndaelEncryption.xml
----------------- Instantiating /home/travis/build/icyphy/ptII/ptolemy/domains/sdf/test/auto/RijndaelEncryption.xml
251 ms. Memory: 875008K Free: 509960K (58%)
----------------- Invoking toplevel() on ptolemy.moml.MoMLSimpleApplication@5651f86
----------------- Done invoking toplevel() on ptolemy.moml.MoMLSimpleApplication@5651f86
reloadAllAccessors: .RijndaelEncryption

===========================================================================================
----------------- testing Sat Jul 07 01:40:17 UTC 2018 /home/travis/build/icyphy/ptII/ptolemy/domains/sdf/test/auto/SDFEmptyIterations.xml
----------------- Instantiating /home/travis/build/icyphy/ptII/ptolemy/domains/sdf/test/auto/SDFEmptyIterations.xml
7 ms. Memory: 875008K Free: 499481K (57%)
----------------- Invoking toplevel() on ptolemy.moml.MoMLSimpleApplication@5286bbea
----------------- Done invoking toplevel() on ptolemy.moml.MoMLSimpleApplication@5286bbea
reloadAllAccessors: .SDFEmptyIterations

===========================================================================================
----------------- testing Sat Jul 07 01:40:17 UTC 2018 /home/travis/build/icyphy/ptII/ptolemy/domains/sdf/test/auto/Spectrum.xml
----------------- Instantiating /home/travis/build/icyphy/ptII/ptolemy/domains/sdf/test/auto/Spectrum.xml
35 ms. Memory: 875008K Free: 475375K (54%)
----------------- Invoking toplevel() on ptolemy.moml.MoMLSimpleApplication@6f8ff7a6
----------------- Done invoking toplevel() on ptolemy.moml.MoMLSimpleApplication@6f8ff7a6
reloadAllAccessors: .Spectrum

===========================================================================================
----------------- testing Sat Jul 07 01:40:17 UTC 2018 /home/travis/build/icyphy/ptII/ptolemy/domains/sdf/test/auto/de_inside_sdf.xml
----------------- Instantiating /home/travis/build/icyphy/ptII/ptolemy/domains/sdf/test/auto/de_inside_sdf.xml
8 ms. Memory: 875008K Free: 464897K (53%)
----------------- Invoking toplevel() on ptolemy.moml.MoMLSimpleApplication@1984c70f
----------------- Done invoking toplevel() on ptolemy.moml.MoMLSimpleApplication@1984c70f
reloadAllAccessors: .de_inside_sdf

===========================================================================================
----------------- testing Sat Jul 07 01:40:17 UTC 2018 /home/travis/build/icyphy/ptII/ptolemy/domains/sdf/test/auto/disconnectedHierarchicalSDF.xml
----------------- Instantiating /home/travis/build/icyphy/ptII/ptolemy/domains/sdf/test/auto/disconnectedHierarchicalSDF.xml
5 ms. Memory: 875008K Free: 454418K (52%)
----------------- Invoking toplevel() on ptolemy.moml.MoMLSimpleApplication@78c7c38a
----------------- Done invoking toplevel() on ptolemy.moml.MoMLSimpleApplication@78c7c38a
reloadAllAccessors: .disconnectedHierarchicalSDF

===========================================================================================
----------------- testing Sat Jul 07 01:40:17 UTC 2018 /home/travis/build/icyphy/ptII/ptolemy/domains/sdf/test/auto/disconnectedSDF.xml
----------------- Instantiating /home/travis/build/icyphy/ptII/ptolemy/domains/sdf/test/auto/disconnectedSDF.xml
3 ms. Memory: 875008K Free: 443939K (51%)
----------------- Invoking toplevel() on ptolemy.moml.MoMLSimpleApplication@42288d3
----------------- Done invoking toplevel() on ptolemy.moml.MoMLSimpleApplication@42288d3
reloadAllAccessors: .disconnectedSDF

===========================================================================================
----------------- testing Sat Jul 07 01:40:17 UTC 2018 /home/travis/build/icyphy/ptII/ptolemy/domains/sdf/test/auto/emptyRefinement.xml
----------------- Instantiating /home/travis/build/icyphy/ptII/ptolemy/domains/sdf/test/auto/emptyRefinement.xml
2 ms. Memory: 875008K Free: 433460K (50%)
----------------- Invoking toplevel() on ptolemy.moml.MoMLSimpleApplication@25c4fa60
----------------- Done invoking toplevel() on ptolemy.moml.MoMLSimpleApplication@25c4fa60
reloadAllAccessors: .emptyRefinement

===========================================================================================
----------------- testing Sat Jul 07 01:40:17 UTC 2018 /home/travis/build/icyphy/ptII/ptolemy/domains/sdf/test/auto/filePortParameter.xml
----------------- Instantiating /home/travis/build/icyphy/ptII/ptolemy/domains/sdf/test/auto/filePortParameter.xml
16 ms. Memory: 875008K Free: 417725K (48%)
----------------- Invoking toplevel() on ptolemy.moml.MoMLSimpleApplication@624b4fb9
----------------- Done invoking toplevel() on ptolemy.moml.MoMLSimpleApplication@624b4fb9
reloadAllAccessors: .filePortParameter

===========================================================================================
----------------- testing Sat Jul 07 01:40:17 UTC 2018 /home/travis/build/icyphy/ptII/ptolemy/domains/sdf/test/auto/inferRelationWidth1.xml
----------------- Instantiating /home/travis/build/icyphy/ptII/ptolemy/domains/sdf/test/auto/inferRelationWidth1.xml
4 ms. Memory: 875008K Free: 407246K (47%)
----------------- Invoking toplevel() on ptolemy.moml.MoMLSimpleApplication@222e02aa
----------------- Done invoking toplevel() on ptolemy.moml.MoMLSimpleApplication@222e02aa
reloadAllAccessors: .inferRelationWidth1

===========================================================================================
----------------- testing Sat Jul 07 01:40:17 UTC 2018 /home/travis/build/icyphy/ptII/ptolemy/domains/sdf/test/auto/initProductionInference.xml
----------------- Instantiating /home/travis/build/icyphy/ptII/ptolemy/domains/sdf/test/auto/initProductionInference.xml
6 ms. Memory: 875008K Free: 396767K (45%)
----------------- Invoking toplevel() on ptolemy.moml.MoMLSimpleApplication@248b7b0b
----------------- Done invoking toplevel() on ptolemy.moml.MoMLSimpleApplication@248b7b0b
reloadAllAccessors: .initProductionInference

===========================================================================================
----------------- testing Sat Jul 07 01:40:17 UTC 2018 /home/travis/build/icyphy/ptII/ptolemy/domains/sdf/test/auto/relationGroup.xml
----------------- Instantiating /home/travis/build/icyphy/ptII/ptolemy/domains/sdf/test/auto/relationGroup.xml
2 ms. Memory: 875008K Free: 386288K (44%)
----------------- Invoking toplevel() on ptolemy.moml.MoMLSimpleApplication@162ca837
----------------- Done invoking toplevel() on ptolemy.moml.MoMLSimpleApplication@162ca837
reloadAllAccessors: .relationGroup

===========================================================================================
----------------- testing Sat Jul 07 01:40:17 UTC 2018 /home/travis/build/icyphy/ptII/ptolemy/domains/sdf/test/auto/relationGroup10.xml
----------------- Instantiating /home/travis/build/icyphy/ptII/ptolemy/domains/sdf/test/auto/relationGroup10.xml
3 ms. Memory: 875008K Free: 375810K (43%)
----------------- Invoking toplevel() on ptolemy.moml.MoMLSimpleApplication@40a4b6d
----------------- Done invoking toplevel() on ptolemy.moml.MoMLSimpleApplication@40a4b6d
reloadAllAccessors: .relationGroup10

===========================================================================================
----------------- testing Sat Jul 07 01:40:17 UTC 2018 /home/travis/build/icyphy/ptII/ptolemy/domains/sdf/test/auto/relationGroup11.xml
----------------- Instantiating /home/travis/build/icyphy/ptII/ptolemy/domains/sdf/test/auto/relationGroup11.xml
4 ms. Memory: 875008K Free: 362183K (41%)
----------------- Invoking toplevel() on ptolemy.moml.MoMLSimpleApplication@87120c1
----------------- Done invoking toplevel() on ptolemy.moml.MoMLSimpleApplication@87120c1
reloadAllAccessors: .relationGroup11

===========================================================================================
----------------- testing Sat Jul 07 01:40:17 UTC 2018 /home/travis/build/icyphy/ptII/ptolemy/domains/sdf/test/auto/relationGroup12.xml
----------------- Instantiating /home/travis/build/icyphy/ptII/ptolemy/domains/sdf/test/auto/relationGroup12.xml
3 ms. Memory: 875008K Free: 351704K (40%)
----------------- Invoking toplevel() on ptolemy.moml.MoMLSimpleApplication@47344b5
----------------- Done invoking toplevel() on ptolemy.moml.MoMLSimpleApplication@47344b5
reloadAllAccessors: .relationGroup12

===========================================================================================
----------------- testing Sat Jul 07 01:40:17 UTC 2018 /home/travis/build/icyphy/ptII/ptolemy/domains/sdf/test/auto/relationGroup13.xml
----------------- Instantiating /home/travis/build/icyphy/ptII/ptolemy/domains/sdf/test/auto/relationGroup13.xml
6 ms. Memory: 875008K Free: 341225K (39%)
----------------- Invoking toplevel() on ptolemy.moml.MoMLSimpleApplication@1f41bfe6
----------------- Done invoking toplevel() on ptolemy.moml.MoMLSimpleApplication@1f41bfe6
reloadAllAccessors: .relationGroup13

===========================================================================================
----------------- testing Sat Jul 07 01:40:17 UTC 2018 /home/travis/build/icyphy/ptII/ptolemy/domains/sdf/test/auto/relationGroup14.xml
----------------- Instantiating /home/travis/build/icyphy/ptII/ptolemy/domains/sdf/test/auto/relationGroup14.xml
3 ms. Memory: 875008K Free: 330746K (38%)
----------------- Invoking toplevel() on ptolemy.moml.MoMLSimpleApplication@98cdb48
----------------- Done invoking toplevel() on ptolemy.moml.MoMLSimpleApplication@98cdb48
reloadAllAccessors: .relationGroup14

===========================================================================================
----------------- testing Sat Jul 07 01:40:17 UTC 2018 /home/travis/build/icyphy/ptII/ptolemy/domains/sdf/test/auto/relationGroup15.xml
----------------- Instantiating /home/travis/build/icyphy/ptII/ptolemy/domains/sdf/test/auto/relationGroup15.xml
2 ms. Memory: 875008K Free: 320267K (37%)
----------------- Invoking toplevel() on ptolemy.moml.MoMLSimpleApplication@318bf775
----------------- Done invoking toplevel() on ptolemy.moml.MoMLSimpleApplication@318bf775
reloadAllAccessors: .relationGroup15

===========================================================================================
----------------- testing Sat Jul 07 01:40:17 UTC 2018 /home/travis/build/icyphy/ptII/ptolemy/domains/sdf/test/auto/relationGroup2.xml
----------------- Instantiating /home/travis/build/icyphy/ptII/ptolemy/domains/sdf/test/auto/relationGroup2.xml
2 ms. Memory: 875008K Free: 309788K (35%)
----------------- Invoking toplevel() on ptolemy.moml.MoMLSimpleApplication@1b111846
----------------- Done invoking toplevel() on ptolemy.moml.MoMLSimpleApplication@1b111846
reloadAllAccessors: .relationGroup2

===========================================================================================
----------------- testing Sat Jul 07 01:40:17 UTC 2018 /home/travis/build/icyphy/ptII/ptolemy/domains/sdf/test/auto/relationGroup3.xml
----------------- Instantiating /home/travis/build/icyphy/ptII/ptolemy/domains/sdf/test/auto/relationGroup3.xml
2 ms. Memory: 875008K Free: 299309K (34%)
----------------- Invoking toplevel() on ptolemy.moml.MoMLSimpleApplication@6bb9ce56
----------------- Done invoking toplevel() on ptolemy.moml.MoMLSimpleApplication@6bb9ce56
reloadAllAccessors: .relationGroup3

===========================================================================================
----------------- testing Sat Jul 07 01:40:17 UTC 2018 /home/travis/build/icyphy/ptII/ptolemy/domains/sdf/test/auto/relationGroup4.xml
----------------- Instantiating /home/travis/build/icyphy/ptII/ptolemy/domains/sdf/test/auto/relationGroup4.xml
3 ms. Memory: 875008K Free: 288831K (33%)
----------------- Invoking toplevel() on ptolemy.moml.MoMLSimpleApplication@3cb7dd95
----------------- Done invoking toplevel() on ptolemy.moml.MoMLSimpleApplication@3cb7dd95
reloadAllAccessors: .relationGroup4

===========================================================================================
----------------- testing Sat Jul 07 01:40:17 UTC 2018 /home/travis/build/icyphy/ptII/ptolemy/domains/sdf/test/auto/relationGroup5.xml
----------------- Instantiating /home/travis/build/icyphy/ptII/ptolemy/domains/sdf/test/auto/relationGroup5.xml
4 ms. Memory: 875008K Free: 278352K (32%)
----------------- Invoking toplevel() on ptolemy.moml.MoMLSimpleApplication@217c979c
----------------- Done invoking toplevel() on ptolemy.moml.MoMLSimpleApplication@217c979c
reloadAllAccessors: .relationGroup5

===========================================================================================
----------------- testing Sat Jul 07 01:40:17 UTC 2018 /home/travis/build/icyphy/ptII/ptolemy/domains/sdf/test/auto/relationGroup6.xml
----------------- Instantiating /home/travis/build/icyphy/ptII/ptolemy/domains/sdf/test/auto/relationGroup6.xml
4 ms. Memory: 875008K Free: 264725K (30%)
----------------- Invoking toplevel() on ptolemy.moml.MoMLSimpleApplication@171815c6
----------------- Done invoking toplevel() on ptolemy.moml.MoMLSimpleApplication@171815c6
reloadAllAccessors: .relationGroup6

===========================================================================================
----------------- testing Sat Jul 07 01:40:17 UTC 2018 /home/travis/build/icyphy/ptII/ptolemy/domains/sdf/test/auto/relationGroup7.xml
----------------- Instantiating /home/travis/build/icyphy/ptII/ptolemy/domains/sdf/test/auto/relationGroup7.xml
4 ms. Memory: 875008K Free: 254246K (29%)
----------------- Invoking toplevel() on ptolemy.moml.MoMLSimpleApplication@320e515a
----------------- Done invoking toplevel() on ptolemy.moml.MoMLSimpleApplication@320e515a
reloadAllAccessors: .relationGroup7

===========================================================================================
----------------- testing Sat Jul 07 01:40:17 UTC 2018 /home/travis/build/icyphy/ptII/ptolemy/domains/sdf/test/auto/relationGroup8.xml
----------------- Instantiating /home/travis/build/icyphy/ptII/ptolemy/domains/sdf/test/auto/relationGroup8.xml
2 ms. Memory: 875008K Free: 243767K (28%)
----------------- Invoking toplevel() on ptolemy.moml.MoMLSimpleApplication@65793124
----------------- Done invoking toplevel() on ptolemy.moml.MoMLSimpleApplication@65793124
reloadAllAccessors: .relationGroup8

===========================================================================================
----------------- testing Sat Jul 07 01:40:17 UTC 2018 /home/travis/build/icyphy/ptII/ptolemy/domains/sdf/test/auto/relationGroup9.xml
----------------- Instantiating /home/travis/build/icyphy/ptII/ptolemy/domains/sdf/test/auto/relationGroup9.xml
7 ms. Memory: 875008K Free: 233288K (27%)
----------------- Invoking toplevel() on ptolemy.moml.MoMLSimpleApplication@2bf525e9
----------------- Done invoking toplevel() on ptolemy.moml.MoMLSimpleApplication@2bf525e9
reloadAllAccessors: .relationGroup9

===========================================================================================
----------------- testing Sat Jul 07 01:40:17 UTC 2018 /home/travis/build/icyphy/ptII/ptolemy/domains/sdf/test/auto/sdf_inside_de.xml
----------------- Instantiating /home/travis/build/icyphy/ptII/ptolemy/domains/sdf/test/auto/sdf_inside_de.xml
17 ms. Memory: 875008K Free: 217554K (25%)
----------------- Invoking toplevel() on ptolemy.moml.MoMLSimpleApplication@6455e456
----------------- Done invoking toplevel() on ptolemy.moml.MoMLSimpleApplication@6455e456
reloadAllAccessors: .sdf_inside_de

===========================================================================================
----------------- testing Sat Jul 07 01:40:17 UTC 2018 /home/travis/build/icyphy/ptII/ptolemy/domains/sdf/test/auto/sdf_inside_pn.xml
----------------- Instantiating /home/travis/build/icyphy/ptII/ptolemy/domains/sdf/test/auto/sdf_inside_pn.xml
43 ms. Memory: 875008K Free: 175622K (20%)
----------------- Invoking toplevel() on ptolemy.moml.MoMLSimpleApplication@e0641ad
----------------- Done invoking toplevel() on ptolemy.moml.MoMLSimpleApplication@e0641ad
reloadAllAccessors: .sdf_inside_pn

===========================================================================================
----------------- testing Sat Jul 07 01:40:17 UTC 2018 /home/travis/build/icyphy/ptII/ptolemy/domains/sdf/test/auto/sdf_sdf1.xml
----------------- Instantiating /home/travis/build/icyphy/ptII/ptolemy/domains/sdf/test/auto/sdf_sdf1.xml
3 ms. Memory: 875008K Free: 165143K (19%)
----------------- Invoking toplevel() on ptolemy.moml.MoMLSimpleApplication@2c51419b
----------------- Done invoking toplevel() on ptolemy.moml.MoMLSimpleApplication@2c51419b
reloadAllAccessors: .sdf_sdf1

===========================================================================================
----------------- testing Sat Jul 07 01:40:17 UTC 2018 /home/travis/build/icyphy/ptII/ptolemy/domains/sdf/test/auto/test1.xml
----------------- Instantiating /home/travis/build/icyphy/ptII/ptolemy/domains/sdf/test/auto/test1.xml
3 ms. Memory: 875008K Free: 154664K (18%)
----------------- Invoking toplevel() on ptolemy.moml.MoMLSimpleApplication@33d4f9cc
----------------- Done invoking toplevel() on ptolemy.moml.MoMLSimpleApplication@33d4f9cc
reloadAllAccessors: .test1

===========================================================================================
----------------- testing Sat Jul 07 01:40:17 UTC 2018 /home/travis/build/icyphy/ptII/ptolemy/domains/sdf/test/auto/time1.xml
----------------- Instantiating /home/travis/build/icyphy/ptII/ptolemy/domains/sdf/test/auto/time1.xml
2 ms. Memory: 875008K Free: 141037K (16%)
----------------- Invoking toplevel() on ptolemy.moml.MoMLSimpleApplication@6ab8755c
----------------- Done invoking toplevel() on ptolemy.moml.MoMLSimpleApplication@6ab8755c
reloadAllAccessors: .time1

===========================================================================================
----------------- testing Sat Jul 07 01:40:17 UTC 2018 /home/travis/build/icyphy/ptII/ptolemy/domains/sdf/test/auto/time2.xml
----------------- Instantiating /home/travis/build/icyphy/ptII/ptolemy/domains/sdf/test/auto/time2.xml
2 ms. Memory: 875008K Free: 130558K (15%)
----------------- Invoking toplevel() on ptolemy.moml.MoMLSimpleApplication@c9b31e3
----------------- Done invoking toplevel() on ptolemy.moml.MoMLSimpleApplication@c9b31e3
reloadAllAccessors: .time2

===========================================================================================
----------------- testing Sat Jul 07 01:40:17 UTC 2018 /home/travis/build/icyphy/ptII/ptolemy/domains/sdf/test/auto/time3.xml
----------------- Instantiating /home/travis/build/icyphy/ptII/ptolemy/domains/sdf/test/auto/time3.xml
7 ms. Memory: 875008K Free: 120080K (14%)
----------------- Invoking toplevel() on ptolemy.moml.MoMLSimpleApplication@537edce4
----------------- Done invoking toplevel() on ptolemy.moml.MoMLSimpleApplication@537edce4
reloadAllAccessors: .time3

===========================================================================================
----------------- testing Sat Jul 07 01:40:17 UTC 2018 /home/travis/build/icyphy/ptII/ptolemy/domains/sdf/test/auto/time4.xml
----------------- Instantiating /home/travis/build/icyphy/ptII/ptolemy/domains/sdf/test/auto/time4.xml
5 ms. Memory: 875008K Free: 109601K (13%)
----------------- Invoking toplevel() on ptolemy.moml.MoMLSimpleApplication@17801bb5
----------------- Done invoking toplevel() on ptolemy.moml.MoMLSimpleApplication@17801bb5
reloadAllAccessors: .time4

===========================================================================================
----------------- testing Sat Jul 07 01:40:17 UTC 2018 /home/travis/build/icyphy/ptII/ptolemy/domains/sdf/test/auto/time5.xml
----------------- Instantiating /home/travis/build/icyphy/ptII/ptolemy/domains/sdf/test/auto/time5.xml
4001 ms. Memory: 875008K Free: 99122K (11%)
----------------- Invoking toplevel() on ptolemy.moml.MoMLSimpleApplication@31f3466a
----------------- Done invoking toplevel() on ptolemy.moml.MoMLSimpleApplication@31f3466a
reloadAllAccessors: .time5

===========================================================================================
----------------- testing Sat Jul 07 01:40:21 UTC 2018 /home/travis/build/icyphy/ptII/ptolemy/domains/sdf/test/auto/typeSystem_Const_Integer_smallest_Type.xml
----------------- Instantiating /home/travis/build/icyphy/ptII/ptolemy/domains/sdf/test/auto/typeSystem_Const_Integer_smallest_Type.xml
10 ms. Memory: 875008K Free: 88643K (10%)
----------------- Invoking toplevel() on ptolemy.moml.MoMLSimpleApplication@4f3900c7
----------------- Done invoking toplevel() on ptolemy.moml.MoMLSimpleApplication@4f3900c7
reloadAllAccessors: .typeSystem_Const_Integer_smallest_Type

===========================================================================================
----------------- testing Sat Jul 07 01:40:21 UTC 2018 /home/travis/build/icyphy/ptII/ptolemy/domains/sdf/test/auto/typeSystem_declared_Inports_OutportTypeException.xml
----------------- Instantiating /home/travis/build/icyphy/ptII/ptolemy/domains/sdf/test/auto/typeSystem_declared_Inports_OutportTypeException.xml
.typeSystem_declared_Inports_OutportTypeException.TestExceptionAttribute: initialize() was not invoked, but wrapup() was.  This is unusual, but not always a problem.  For example, exporting JNLP will do this.
3 ms. Memory: 875008K Free: 78164K (9%)
----------------- Invoking toplevel() on ptolemy.moml.MoMLSimpleApplication@6130f8e9
----------------- Done invoking toplevel() on ptolemy.moml.MoMLSimpleApplication@6130f8e9
reloadAllAccessors: .typeSystem_declared_Inports_OutportTypeException

===========================================================================================
----------------- testing Sat Jul 07 01:40:21 UTC 2018 /home/travis/build/icyphy/ptII/ptolemy/domains/sdf/test/auto/typeSystem_oneDeclaredInportType_wrongTypeOutport.xml
----------------- Instantiating /home/travis/build/icyphy/ptII/ptolemy/domains/sdf/test/auto/typeSystem_oneDeclaredInportType_wrongTypeOutport.xml
3 ms. Memory: 830976K Free: 809729K (97%)
----------------- Invoking toplevel() on ptolemy.moml.MoMLSimpleApplication@5f069f74
----------------- Done invoking toplevel() on ptolemy.moml.MoMLSimpleApplication@5f069f74
reloadAllAccessors: .typeSystem_oneDeclaredInportType_wrongTypeOutport

===========================================================================================
----------------- testing Sat Jul 07 01:40:22 UTC 2018 /home/travis/build/icyphy/ptII/ptolemy/domains/sdf/test/auto/width.xml
----------------- Instantiating /home/travis/build/icyphy/ptII/ptolemy/domains/sdf/test/auto/width.xml
2 ms. Memory: 830976K Free: 797703K (96%)
----------------- Invoking toplevel() on ptolemy.moml.MoMLSimpleApplication@7934efa4
----------------- Done invoking toplevel() on ptolemy.moml.MoMLSimpleApplication@7934efa4
reloadAllAccessors: .width

===========================================================================================
----------------- testing Sat Jul 07 01:40:22 UTC 2018 /home/travis/build/icyphy/ptII/ptolemy/domains/sdf/test/auto/width2.xml
----------------- Instantiating /home/travis/build/icyphy/ptII/ptolemy/domains/sdf/test/auto/width2.xml
33 ms. Memory: 830976K Free: 787722K (95%)
----------------- Invoking toplevel() on ptolemy.moml.MoMLSimpleApplication@76159abc
----------------- Done invoking toplevel() on ptolemy.moml.MoMLSimpleApplication@76159abc
reloadAllAccessors: .width2

===========================================================================================
----------------- testing Sat Jul 07 01:40:22 UTC 2018 /home/travis/build/icyphy/ptII/ptolemy/domains/sdf/test/auto/width3.xml
----------------- Instantiating /home/travis/build/icyphy/ptII/ptolemy/domains/sdf/test/auto/width3.xml
30 ms. Memory: 830976K Free: 777586K (94%)
----------------- Invoking toplevel() on ptolemy.moml.MoMLSimpleApplication@526e9ae5
----------------- Done invoking toplevel() on ptolemy.moml.MoMLSimpleApplication@526e9ae5
reloadAllAccessors: .width3
AutoTests.java: About to close Vertx.
AutoTests.java: Vertx closed.
]]></system-out>
  <system-err><![CDATA[java.lang.RuntimeException: Execution failed
	at ptolemy.moml.MoMLSimpleApplication$UnloadThread.run(MoMLSimpleApplication.java:402)
Caused by: ptolemy.actor.sched.NotSchedulableException: No solution exists for the balance equations.
Graph is not consistent under the SDF domain detected on external port .rateConsistency.actor.port2
  in .rateConsistency.SDF Director.Scheduler
	at ptolemy.domains.sdf.kernel.SDFScheduler._propagatePort(SDFScheduler.java:1425)
	at ptolemy.domains.sdf.kernel.SDFScheduler._solveBalanceEquations(SDFScheduler.java:710)
	at ptolemy.domains.sdf.kernel.SDFScheduler._getSchedule(SDFScheduler.java:566)
	at ptolemy.actor.sched.Scheduler.getSchedule(Scheduler.java:189)
	at ptolemy.domains.sdf.kernel.SDFDirector.createSchedule(SDFDirector.java:408)
	at ptolemy.domains.sdf.kernel.SDFDirector.preinitialize(SDFDirector.java:764)
	at ptolemy.actor.CompositeActor.preinitialize(CompositeActor.java:1828)
	at ptolemy.actor.Manager.preinitializeAndResolveTypes(Manager.java:1040)
	at ptolemy.actor.Manager.initialize(Manager.java:710)
	at ptolemy.actor.Manager.execute(Manager.java:356)
	at ptolemy.actor.Manager.run(Manager.java:1263)
	at ptolemy.actor.Manager$PtolemyRunThread.run(Manager.java:1915)
java.lang.RuntimeException: Execution failed
	at ptolemy.moml.MoMLSimpleApplication$UnloadThread.run(MoMLSimpleApplication.java:402)
Caused by: ptolemy.kernel.util.IllegalActionException: Failed to compute schedule:
  in .badRateChanges.typed composite actor.SDF Director
Because:
The SDF rate parameter may change. This is not allowed in SDF models that will be run through the code generator.  If you don't care about code generation, then you might consider setting the allowRateChanges parameter of the SDF director to false.
  in .badRateChanges.typed composite actor.Repeat.output.tokenProductionRate
	at ptolemy.domains.sdf.kernel.SDFDirector.createSchedule(SDFDirector.java:418)
	at ptolemy.domains.sdf.kernel.SDFDirector.preinitialize(SDFDirector.java:764)
	at ptolemy.actor.CompositeActor.preinitialize(CompositeActor.java:1828)
	at ptolemy.actor.Director.preinitialize(Director.java:1302)
	at ptolemy.actor.Director.preinitialize(Director.java:1257)
	at ptolemy.domains.sdf.kernel.SDFDirector.preinitialize(SDFDirector.java:763)
	at ptolemy.actor.CompositeActor.preinitialize(CompositeActor.java:1828)
	at ptolemy.actor.Manager.preinitializeAndResolveTypes(Manager.java:1040)
	at ptolemy.actor.Manager.initialize(Manager.java:710)
	at ptolemy.actor.Manager.execute(Manager.java:356)
	at ptolemy.actor.Manager.run(Manager.java:1263)
	at ptolemy.actor.Manager$PtolemyRunThread.run(Manager.java:1915)
Caused by: ptolemy.kernel.util.IllegalActionException: The SDF rate parameter may change. This is not allowed in SDF models that will be run through the code generator.  If you don't care about code generation, then you might consider setting the allowRateChanges parameter of the SDF director to false.
  in .badRateChanges.typed composite actor.Repeat.output.tokenProductionRate
	at ptolemy.domains.sdf.kernel.SDFScheduler._assertDynamicRateVariable(SDFScheduler.java:931)
	at ptolemy.domains.sdf.kernel.SDFScheduler._checkDynamicRateVariables(SDFScheduler.java:339)
	at ptolemy.domains.sdf.kernel.SDFScheduler._getSchedule(SDFScheduler.java:527)
	at ptolemy.actor.sched.Scheduler.getSchedule(Scheduler.java:189)
	at ptolemy.domains.sdf.kernel.SDFDirector.createSchedule(SDFDirector.java:408)
	... 11 more
java.lang.RuntimeException: Execution failed
	at ptolemy.moml.MoMLSimpleApplication$UnloadThread.run(MoMLSimpleApplication.java:402)
Caused by: ptolemy.kernel.util.IllegalActionException: Failed to compute schedule:
  in .badRateChanges2.typed composite actor.SDF Director
Because:
The SDF rate parameter may change. This is not allowed in SDF models that will be run through the code generator.  If you don't care about code generation, then you might consider setting the allowRateChanges parameter of the SDF director to false.
  in .badRateChanges2.typed composite actor.Repeat.output.tokenProductionRate
	at ptolemy.domains.sdf.kernel.SDFDirector.createSchedule(SDFDirector.java:418)
	at ptolemy.domains.sdf.kernel.SDFDirector.preinitialize(SDFDirector.java:764)
	at ptolemy.actor.CompositeActor.preinitialize(CompositeActor.java:1828)
	at ptolemy.actor.Director.preinitialize(Director.java:1302)
	at ptolemy.actor.Director.preinitialize(Director.java:1257)
	at ptolemy.domains.sdf.kernel.SDFDirector.preinitialize(SDFDirector.java:763)
	at ptolemy.actor.CompositeActor.preinitialize(CompositeActor.java:1828)
	at ptolemy.actor.Manager.preinitializeAndResolveTypes(Manager.java:1040)
	at ptolemy.actor.Manager.initialize(Manager.java:710)
	at ptolemy.actor.Manager.execute(Manager.java:356)
	at ptolemy.actor.Manager.run(Manager.java:1263)
	at ptolemy.actor.Manager$PtolemyRunThread.run(Manager.java:1915)
Caused by: ptolemy.kernel.util.IllegalActionException: The SDF rate parameter may change. This is not allowed in SDF models that will be run through the code generator.  If you don't care about code generation, then you might consider setting the allowRateChanges parameter of the SDF director to false.
  in .badRateChanges2.typed composite actor.Repeat.output.tokenProductionRate
	at ptolemy.domains.sdf.kernel.SDFScheduler._assertDynamicRateVariable(SDFScheduler.java:931)
	at ptolemy.domains.sdf.kernel.SDFScheduler._checkDynamicRateVariables(SDFScheduler.java:339)
	at ptolemy.domains.sdf.kernel.SDFScheduler._getSchedule(SDFScheduler.java:527)
	at ptolemy.actor.sched.Scheduler.getSchedule(Scheduler.java:189)
	at ptolemy.domains.sdf.kernel.SDFDirector.createSchedule(SDFDirector.java:408)
	... 11 more
java.lang.RuntimeException: Execution failed
	at ptolemy.moml.MoMLSimpleApplication$UnloadThread.run(MoMLSimpleApplication.java:402)
Caused by: ptolemy.actor.sched.NotSchedulableException: Actors remain that cannot be scheduled!

There are several possible reasons:
* SDF Graphs with feedback loops should have an actor with a delay in the loop, such as a SampleDelay.
* The SDF director has an "allowDisconnectedGraphs"parameter, which, when true, permits disconnected SDF graphs.
* The token consumption rate and production rates might be mismatched.
Usually, actors produce one token or consume one token on a port.  To produce or consume multiple tokens per firing, add a "tokenConsumptionRate" or "tokenProductionRate" parameter to the appropriate port.
Unscheduled actors:
.partiallyConnected.Const2 
Scheduled actors:
.partiallyConnected.Const 
  in .partiallyConnected.SDF Director.Scheduler
	at ptolemy.domains.sdf.kernel.SDFScheduler._scheduleConnectedActors(SDFScheduler.java:1828)
	at ptolemy.domains.sdf.kernel.SDFScheduler._getSchedule(SDFScheduler.java:587)
	at ptolemy.actor.sched.Scheduler.getSchedule(Scheduler.java:189)
	at ptolemy.domains.sdf.kernel.SDFDirector.createSchedule(SDFDirector.java:408)
	at ptolemy.domains.sdf.kernel.SDFDirector.preinitialize(SDFDirector.java:764)
	at ptolemy.actor.CompositeActor.preinitialize(CompositeActor.java:1828)
	at ptolemy.actor.Manager.preinitializeAndResolveTypes(Manager.java:1040)
	at ptolemy.actor.Manager.initialize(Manager.java:710)
	at ptolemy.actor.Manager.execute(Manager.java:356)
	at ptolemy.actor.Manager.run(Manager.java:1263)
	at ptolemy.actor.Manager$PtolemyRunThread.run(Manager.java:1915)
]]></system-err>
</testsuite>
