<?xml version="1.0" encoding="UTF-8" ?>
<testsuite errors="0" failures="0" hostname="travis-job-575f6dd6-88cc-4bee-8ef1-baedc7d76760" name="ptolemy.domains.continuous.test.junit.JUnitTclTest" skipped="0" tests="156" time="77.037" timestamp="2019-08-13T05:18:05">
  <properties>
[...]
</properties>
  <testcase classname="ptolemy.util.test.junit.TclTests" name="[0] ThereAreNoTclTests (RunTclFile)" time="0.008" />
  <testcase classname="ptolemy.util.test.junit.AutoKnownFailedTests" name="[0] ThereAreNoKnowFailedTests (RunModel)" time="0.002" />
  <testcase classname="ptolemy.util.test.junit.AutoNameArchTests" name="[0] ThereAreNoAutoArchTests (RunModel)" time="0.023" />
  <testcase classname="ptolemy.util.test.junit.AutoTests" name="[0] /home/travis/build/icyphy/ptII/ptolemy/domains/continuous/test/auto/BouncingBall.xml (RunModel)" time="3.162" />
  <testcase classname="ptolemy.util.test.junit.AutoTests" name="[1] /home/travis/build/icyphy/ptII/ptolemy/domains/continuous/test/auto/BouncingBallWithoutGR.xml (RunModel)" time="0.937" />
  <testcase classname="ptolemy.util.test.junit.AutoTests" name="[2] /home/travis/build/icyphy/ptII/ptolemy/domains/continuous/test/auto/Brownian.xml (RunModel)" time="0.117" />
  <testcase classname="ptolemy.util.test.junit.AutoTests" name="[3] /home/travis/build/icyphy/ptII/ptolemy/domains/continuous/test/auto/CarTracking.xml (RunModel)" time="4.531" />
  <testcase classname="ptolemy.util.test.junit.AutoTests" name="[4] /home/travis/build/icyphy/ptII/ptolemy/domains/continuous/test/auto/CartPendulum.xml (RunModel)" time="0.594" />
  <testcase classname="ptolemy.util.test.junit.AutoTests" name="[5] /home/travis/build/icyphy/ptII/ptolemy/domains/continuous/test/auto/CausalityInterface10.xml (RunModel)" time="0.052" />
  <testcase classname="ptolemy.util.test.junit.AutoTests" name="[6] /home/travis/build/icyphy/ptII/ptolemy/domains/continuous/test/auto/CausalityInterface11.xml (RunModel)" time="0.041" />
  <testcase classname="ptolemy.util.test.junit.AutoTests" name="[7] /home/travis/build/icyphy/ptII/ptolemy/domains/continuous/test/auto/CausalityInterface12.xml (RunModel)" time="0.034" />
  <testcase classname="ptolemy.util.test.junit.AutoTests" name="[8] /home/travis/build/icyphy/ptII/ptolemy/domains/continuous/test/auto/CausalityInterface13.xml (RunModel)" time="0.033" />
  <testcase classname="ptolemy.util.test.junit.AutoTests" name="[9] /home/travis/build/icyphy/ptII/ptolemy/domains/continuous/test/auto/CausalityInterface14.xml (RunModel)" time="0.024" />
  <testcase classname="ptolemy.util.test.junit.AutoTests" name="[10] /home/travis/build/icyphy/ptII/ptolemy/domains/continuous/test/auto/CausalityInterface4.xml (RunModel)" time="0.029" />
  <testcase classname="ptolemy.util.test.junit.AutoTests" name="[11] /home/travis/build/icyphy/ptII/ptolemy/domains/continuous/test/auto/CausalityInterface5.xml (RunModel)" time="0.036" />
  <testcase classname="ptolemy.util.test.junit.AutoTests" name="[12] /home/travis/build/icyphy/ptII/ptolemy/domains/continuous/test/auto/CausalityInterface6.xml (RunModel)" time="0.025" />
  <testcase classname="ptolemy.util.test.junit.AutoTests" name="[13] /home/travis/build/icyphy/ptII/ptolemy/domains/continuous/test/auto/CausalityInterface7.xml (RunModel)" time="0.049" />
  <testcase classname="ptolemy.util.test.junit.AutoTests" name="[14] /home/travis/build/icyphy/ptII/ptolemy/domains/continuous/test/auto/CausalityInterface8.xml (RunModel)" time="0.038" />
  <testcase classname="ptolemy.util.test.junit.AutoTests" name="[15] /home/travis/build/icyphy/ptII/ptolemy/domains/continuous/test/auto/CausalityInterface9.xml (RunModel)" time="0.049" />
  <testcase classname="ptolemy.util.test.junit.AutoTests" name="[16] /home/travis/build/icyphy/ptII/ptolemy/domains/continuous/test/auto/CausalityInterfaceFeedback1.xml (RunModel)" time="0.032" />
  <testcase classname="ptolemy.util.test.junit.AutoTests" name="[17] /home/travis/build/icyphy/ptII/ptolemy/domains/continuous/test/auto/CausalityInterfaceFeedback2.xml (RunModel)" time="0.039" />
  <testcase classname="ptolemy.util.test.junit.AutoTests" name="[18] /home/travis/build/icyphy/ptII/ptolemy/domains/continuous/test/auto/CompareWithCurrentTime.xml (RunModel)" time="0.022" />
  <testcase classname="ptolemy.util.test.junit.AutoTests" name="[19] /home/travis/build/icyphy/ptII/ptolemy/domains/continuous/test/auto/ComparedClocks.xml (RunModel)" time="0.079" />
  <testcase classname="ptolemy.util.test.junit.AutoTests" name="[20] /home/travis/build/icyphy/ptII/ptolemy/domains/continuous/test/auto/ContinuousAOCClone.xml (RunModel)" time="2.843" />
  <testcase classname="ptolemy.util.test.junit.AutoTests" name="[21] /home/travis/build/icyphy/ptII/ptolemy/domains/continuous/test/auto/ContinuousClock.xml (RunModel)" time="0.085" />
  <testcase classname="ptolemy.util.test.junit.AutoTests" name="[22] /home/travis/build/icyphy/ptII/ptolemy/domains/continuous/test/auto/ContinuousInContinuous.xml (RunModel)" time="0.074" />
  <testcase classname="ptolemy.util.test.junit.AutoTests" name="[23] /home/travis/build/icyphy/ptII/ptolemy/domains/continuous/test/auto/ContinuousInContinuousInContinuous.xml (RunModel)" time="0.04" />
  <testcase classname="ptolemy.util.test.junit.AutoTests" name="[24] /home/travis/build/icyphy/ptII/ptolemy/domains/continuous/test/auto/ContinuousInDE.xml (RunModel)" time="0.112" />
  <testcase classname="ptolemy.util.test.junit.AutoTests" name="[25] /home/travis/build/icyphy/ptII/ptolemy/domains/continuous/test/auto/ContinuousInDE2.xml (RunModel)" time="0.059" />
  <testcase classname="ptolemy.util.test.junit.AutoTests" name="[26] /home/travis/build/icyphy/ptII/ptolemy/domains/continuous/test/auto/ContinuousInDE3.xml (RunModel)" time="0.055" />
  <testcase classname="ptolemy.util.test.junit.AutoTests" name="[27] /home/travis/build/icyphy/ptII/ptolemy/domains/continuous/test/auto/ContinuousInDE4.xml (RunModel)" time="0.028" />
  <testcase classname="ptolemy.util.test.junit.AutoTests" name="[28] /home/travis/build/icyphy/ptII/ptolemy/domains/continuous/test/auto/ContinuousInDEDifferentRefinements.xml (RunModel)" time="0.107" />
  <testcase classname="ptolemy.util.test.junit.AutoTests" name="[29] /home/travis/build/icyphy/ptII/ptolemy/domains/continuous/test/auto/ContinuousInDEDifferentRefinementsPreemptive.xml (RunModel)" time="0.078" />
  <testcase classname="ptolemy.util.test.junit.AutoTests" name="[30] /home/travis/build/icyphy/ptII/ptolemy/domains/continuous/test/auto/ContinuousInDEInContinuous2.xml (RunModel)" time="0.049" />
  <testcase classname="ptolemy.util.test.junit.AutoTests" name="[31] /home/travis/build/icyphy/ptII/ptolemy/domains/continuous/test/auto/ContinuousInDEInContinuous3.xml (RunModel)" time="0.065" />
  <testcase classname="ptolemy.util.test.junit.AutoTests" name="[32] /home/travis/build/icyphy/ptII/ptolemy/domains/continuous/test/auto/ContinuousInDEInput.xml (RunModel)" time="0.04" />
  <testcase classname="ptolemy.util.test.junit.AutoTests" name="[33] /home/travis/build/icyphy/ptII/ptolemy/domains/continuous/test/auto/ContinuousInDEInput2.xml (RunModel)" time="0.032" />
  <testcase classname="ptolemy.util.test.junit.AutoTests" name="[34] /home/travis/build/icyphy/ptII/ptolemy/domains/continuous/test/auto/ContinuousInDEInput3.xml (RunModel)" time="0.033" />
  <testcase classname="ptolemy.util.test.junit.AutoTests" name="[35] /home/travis/build/icyphy/ptII/ptolemy/domains/continuous/test/auto/ContinuousInDESharingRefinement.xml (RunModel)" time="0.16" />
  <testcase classname="ptolemy.util.test.junit.AutoTests" name="[36] /home/travis/build/icyphy/ptII/ptolemy/domains/continuous/test/auto/ContinuousInDEwithNoPorts.xml (RunModel)" time="0.017" />
  <testcase classname="ptolemy.util.test.junit.AutoTests" name="[37] /home/travis/build/icyphy/ptII/ptolemy/domains/continuous/test/auto/ContinuousInsideDE.xml (RunModel)" time="0.093" />
  <testcase classname="ptolemy.util.test.junit.AutoTests" name="[38] /home/travis/build/icyphy/ptII/ptolemy/domains/continuous/test/auto/ContinuousMerge1.xml (RunModel)" time="0.018" />
  <testcase classname="ptolemy.util.test.junit.AutoTests" name="[39] /home/travis/build/icyphy/ptII/ptolemy/domains/continuous/test/auto/ContinuousMerge2.xml (RunModel)" time="0.049" />
  <testcase classname="ptolemy.util.test.junit.AutoTests" name="[40] /home/travis/build/icyphy/ptII/ptolemy/domains/continuous/test/auto/ContinuousMerge3.xml (RunModel)" time="0.082" />
  <testcase classname="ptolemy.util.test.junit.AutoTests" name="[41] /home/travis/build/icyphy/ptII/ptolemy/domains/continuous/test/auto/ContinuousWithinContinuous.xml (RunModel)" time="0.068" />
  <testcase classname="ptolemy.util.test.junit.AutoTests" name="[42] /home/travis/build/icyphy/ptII/ptolemy/domains/continuous/test/auto/ContinuousWithinContinuous2.xml (RunModel)" time="0.089" />
  <testcase classname="ptolemy.util.test.junit.AutoTests" name="[43] /home/travis/build/icyphy/ptII/ptolemy/domains/continuous/test/auto/ContinuousWithinContinuous3.xml (RunModel)" time="0.038" />
  <testcase classname="ptolemy.util.test.junit.AutoTests" name="[44] /home/travis/build/icyphy/ptII/ptolemy/domains/continuous/test/auto/ContinuousWithinContinuous4.xml (RunModel)" time="0.093" />
  <testcase classname="ptolemy.util.test.junit.AutoTests" name="[45] /home/travis/build/icyphy/ptII/ptolemy/domains/continuous/test/auto/ContinuousWithinContinuous5.xml (RunModel)" time="0.032" />
  <testcase classname="ptolemy.util.test.junit.AutoTests" name="[46] /home/travis/build/icyphy/ptII/ptolemy/domains/continuous/test/auto/ContinuousWithinContinuous6.xml (RunModel)" time="0.044" />
  <testcase classname="ptolemy.util.test.junit.AutoTests" name="[47] /home/travis/build/icyphy/ptII/ptolemy/domains/continuous/test/auto/ContinuousWithinContinuous7.xml (RunModel)" time="0.083" />
  <testcase classname="ptolemy.util.test.junit.AutoTests" name="[48] /home/travis/build/icyphy/ptII/ptolemy/domains/continuous/test/auto/DCMotor.xml (RunModel)" time="14.265" />
  <testcase classname="ptolemy.util.test.junit.AutoTests" name="[49] /home/travis/build/icyphy/ptII/ptolemy/domains/continuous/test/auto/DEInContinuous.xml (RunModel)" time="0.035" />
  <testcase classname="ptolemy.util.test.junit.AutoTests" name="[50] /home/travis/build/icyphy/ptII/ptolemy/domains/continuous/test/auto/DEinContinuous2.xml (RunModel)" time="0.024" />
  <testcase classname="ptolemy.util.test.junit.AutoTests" name="[51] /home/travis/build/icyphy/ptII/ptolemy/domains/continuous/test/auto/Derivative.xml (RunModel)" time="0.203" />
  <testcase classname="ptolemy.util.test.junit.AutoTests" name="[52] /home/travis/build/icyphy/ptII/ptolemy/domains/continuous/test/auto/Derivative1.xml (RunModel)" time="0.058" />
  <testcase classname="ptolemy.util.test.junit.AutoTests" name="[53] /home/travis/build/icyphy/ptII/ptolemy/domains/continuous/test/auto/DiscreteClock.xml (RunModel)" time="0.013" />
  <testcase classname="ptolemy.util.test.junit.AutoTests" name="[54] /home/travis/build/icyphy/ptII/ptolemy/domains/continuous/test/auto/EfficiencyCurve.xml (RunModel)" time="0.095" />
  <testcase classname="ptolemy.util.test.junit.AutoTests" name="[55] /home/travis/build/icyphy/ptII/ptolemy/domains/continuous/test/auto/ExponentialResponse.xml (RunModel)" time="0.125" />
  <testcase classname="ptolemy.util.test.junit.AutoTests" name="[56] /home/travis/build/icyphy/ptII/ptolemy/domains/continuous/test/auto/ExponentialResponseRK45.xml (RunModel)" time="0.037" />
  <testcase classname="ptolemy.util.test.junit.AutoTests" name="[57] /home/travis/build/icyphy/ptII/ptolemy/domains/continuous/test/auto/Friction.xml (RunModel)" time="1.588" />
  <testcase classname="ptolemy.util.test.junit.AutoTests" name="[58] /home/travis/build/icyphy/ptII/ptolemy/domains/continuous/test/auto/FurutaPendulum.xml (RunModel)" time="3.521" />
  <testcase classname="ptolemy.util.test.junit.AutoTests" name="[59] /home/travis/build/icyphy/ptII/ptolemy/domains/continuous/test/auto/HierarchicalExecution.xml (RunModel)" time="1.994" />
  <testcase classname="ptolemy.util.test.junit.AutoTests" name="[60] /home/travis/build/icyphy/ptII/ptolemy/domains/continuous/test/auto/HybridPlant.xml (RunModel)" time="0.563" />
  <testcase classname="ptolemy.util.test.junit.AutoTests" name="[61] /home/travis/build/icyphy/ptII/ptolemy/domains/continuous/test/auto/Hysteresis.xml (RunModel)" time="0.189" />
  <testcase classname="ptolemy.util.test.junit.AutoTests" name="[62] /home/travis/build/icyphy/ptII/ptolemy/domains/continuous/test/auto/HysteresisWithRandomDelay.xml (RunModel)" time="0.238" />
  <testcase classname="ptolemy.util.test.junit.AutoTests" name="[63] /home/travis/build/icyphy/ptII/ptolemy/domains/continuous/test/auto/HysteresisWithRandomLosses.xml (RunModel)" time="2.436" />
  <testcase classname="ptolemy.util.test.junit.AutoTests" name="[64] /home/travis/build/icyphy/ptII/ptolemy/domains/continuous/test/auto/ImmediateTransitions.xml (RunModel)" time="0.04" />
  <testcase classname="ptolemy.util.test.junit.AutoTests" name="[65] /home/travis/build/icyphy/ptII/ptolemy/domains/continuous/test/auto/ImpulseFeedback.xml (RunModel)" time="0.023" />
  <testcase classname="ptolemy.util.test.junit.AutoTests" name="[66] /home/travis/build/icyphy/ptII/ptolemy/domains/continuous/test/auto/ImpulseFeedback2.xml (RunModel)" time="0.017" />
  <testcase classname="ptolemy.util.test.junit.AutoTests" name="[67] /home/travis/build/icyphy/ptII/ptolemy/domains/continuous/test/auto/IncreasingRatePoisson.xml (RunModel)" time="0.778" />
  <testcase classname="ptolemy.util.test.junit.AutoTests" name="[68] /home/travis/build/icyphy/ptII/ptolemy/domains/continuous/test/auto/InitialStateFeedback.xml (RunModel)" time="0.019" />
  <testcase classname="ptolemy.util.test.junit.AutoTests" name="[69] /home/travis/build/icyphy/ptII/ptolemy/domains/continuous/test/auto/Integration.xml (RunModel)" time="0.012" />
  <testcase classname="ptolemy.util.test.junit.AutoTests" name="[70] /home/travis/build/icyphy/ptII/ptolemy/domains/continuous/test/auto/Integration2.xml (RunModel)" time="0.1" />
  <testcase classname="ptolemy.util.test.junit.AutoTests" name="[71] /home/travis/build/icyphy/ptII/ptolemy/domains/continuous/test/auto/Integration3.xml (RunModel)" time="0.023" />
  <testcase classname="ptolemy.util.test.junit.AutoTests" name="[72] /home/travis/build/icyphy/ptII/ptolemy/domains/continuous/test/auto/Integration5.xml (RunModel)" time="0.014" />
  <testcase classname="ptolemy.util.test.junit.AutoTests" name="[73] /home/travis/build/icyphy/ptII/ptolemy/domains/continuous/test/auto/IntegratorImpulse.xml (RunModel)" time="0.014" />
  <testcase classname="ptolemy.util.test.junit.AutoTests" name="[74] /home/travis/build/icyphy/ptII/ptolemy/domains/continuous/test/auto/IntegratorImpulse2.xml (RunModel)" time="0.017" />
  <testcase classname="ptolemy.util.test.junit.AutoTests" name="[75] /home/travis/build/icyphy/ptII/ptolemy/domains/continuous/test/auto/LevelCrossing1.xml (RunModel)" time="0.011" />
  <testcase classname="ptolemy.util.test.junit.AutoTests" name="[76] /home/travis/build/icyphy/ptII/ptolemy/domains/continuous/test/auto/LevelCrossing2.xml (RunModel)" time="0.016" />
  <testcase classname="ptolemy.util.test.junit.AutoTests" name="[77] /home/travis/build/icyphy/ptII/ptolemy/domains/continuous/test/auto/LevelCrossing3.xml (RunModel)" time="0.011" />
  <testcase classname="ptolemy.util.test.junit.AutoTests" name="[78] /home/travis/build/icyphy/ptII/ptolemy/domains/continuous/test/auto/LevelCrossing4.xml (RunModel)" time="0.015" />
  <testcase classname="ptolemy.util.test.junit.AutoTests" name="[79] /home/travis/build/icyphy/ptII/ptolemy/domains/continuous/test/auto/LevelCrossing5.xml (RunModel)" time="0.013" />
  <testcase classname="ptolemy.util.test.junit.AutoTests" name="[80] /home/travis/build/icyphy/ptII/ptolemy/domains/continuous/test/auto/LevelCrossing6.xml (RunModel)" time="0.012" />
  <testcase classname="ptolemy.util.test.junit.AutoTests" name="[81] /home/travis/build/icyphy/ptII/ptolemy/domains/continuous/test/auto/LevelCrossingDetector.xml (RunModel)" time="0.033" />
  <testcase classname="ptolemy.util.test.junit.AutoTests" name="[82] /home/travis/build/icyphy/ptII/ptolemy/domains/continuous/test/auto/LevelCrossingDetectorDetectingDirections.xml (RunModel)" time="0.083" />
  <testcase classname="ptolemy.util.test.junit.AutoTests" name="[83] /home/travis/build/icyphy/ptII/ptolemy/domains/continuous/test/auto/LevelCrossingDetectorDetectsGlitches.xml (RunModel)" time="0.059" />
  <testcase classname="ptolemy.util.test.junit.AutoTests" name="[84] /home/travis/build/icyphy/ptII/ptolemy/domains/continuous/test/auto/LevelCrossingNoInitialOuput.xml (RunModel)" time="0.018" />
  <testcase classname="ptolemy.util.test.junit.AutoTests" name="[85] /home/travis/build/icyphy/ptII/ptolemy/domains/continuous/test/auto/LinearStateSpaceExample.xml (RunModel)" time="0.067" />
  <testcase classname="ptolemy.util.test.junit.AutoTests" name="[86] /home/travis/build/icyphy/ptII/ptolemy/domains/continuous/test/auto/Lorenz.xml (RunModel)" time="4.12" />
  <testcase classname="ptolemy.util.test.junit.AutoTests" name="[87] /home/travis/build/icyphy/ptII/ptolemy/domains/continuous/test/auto/LorenzDifferentialSystem.xml (RunModel)" time="1.021" />
  <testcase classname="ptolemy.util.test.junit.AutoTests" name="[88] /home/travis/build/icyphy/ptII/ptolemy/domains/continuous/test/auto/LorenzDifferentialSystemWithInput.xml (RunModel)" time="1.433" />
  <testcase classname="ptolemy.util.test.junit.AutoTests" name="[89] /home/travis/build/icyphy/ptII/ptolemy/domains/continuous/test/auto/LorenzDifferentialSystemWithTime.xml (RunModel)" time="0.729" />
  <testcase classname="ptolemy.util.test.junit.AutoTests" name="[90] /home/travis/build/icyphy/ptII/ptolemy/domains/continuous/test/auto/Microsteps.xml (RunModel)" time="0.023" />
  <testcase classname="ptolemy.util.test.junit.AutoTests" name="[91] /home/travis/build/icyphy/ptII/ptolemy/domains/continuous/test/auto/Modal1.xml (RunModel)" time="0.04" />
  <testcase classname="ptolemy.util.test.junit.AutoTests" name="[92] /home/travis/build/icyphy/ptII/ptolemy/domains/continuous/test/auto/Modal2.xml (RunModel)" time="0.048" />
  <testcase classname="ptolemy.util.test.junit.AutoTests" name="[93] /home/travis/build/icyphy/ptII/ptolemy/domains/continuous/test/auto/ModalTransitionGuardWithReset.xml (RunModel)" time="0.023" />
  <testcase classname="ptolemy.util.test.junit.AutoTests" name="[94] /home/travis/build/icyphy/ptII/ptolemy/domains/continuous/test/auto/ModalTransitionGuardWithResetUsingPreemptiveTransition.xml (RunModel)" time="0.022" />
  <testcase classname="ptolemy.util.test.junit.AutoTests" name="[95] /home/travis/build/icyphy/ptII/ptolemy/domains/continuous/test/auto/ModalTransitionGuardWithResetUsingPreemptiveTransition2.xml (RunModel)" time="0.023" />
  <testcase classname="ptolemy.util.test.junit.AutoTests" name="[96] /home/travis/build/icyphy/ptII/ptolemy/domains/continuous/test/auto/ModalTransitionGuardWithResetUsingPreemptiveTransition3.xml (RunModel)" time="0.027" />
  <testcase classname="ptolemy.util.test.junit.AutoTests" name="[97] /home/travis/build/icyphy/ptII/ptolemy/domains/continuous/test/auto/NewtonsCradle.xml (RunModel)" time="0.826" />
  <testcase classname="ptolemy.util.test.junit.AutoTests" name="[98] /home/travis/build/icyphy/ptII/ptolemy/domains/continuous/test/auto/NewtonsCradleAnimated.xml (RunModel)" time="1.182" />
  <testcase classname="ptolemy.util.test.junit.AutoTests" name="[99] /home/travis/build/icyphy/ptII/ptolemy/domains/continuous/test/auto/NewtonsCradleComplicated.xml (RunModel)" time="1.01" />
  <testcase classname="ptolemy.util.test.junit.AutoTests" name="[100] /home/travis/build/icyphy/ptII/ptolemy/domains/continuous/test/auto/NewtonsCradleNondeterministic.xml (RunModel)" time="0.66" />
  <testcase classname="ptolemy.util.test.junit.AutoTests" name="[101] /home/travis/build/icyphy/ptII/ptolemy/domains/continuous/test/auto/NewtonsCradlePerfectlyInelastic1.xml (RunModel)" time="1.35" />
  <testcase classname="ptolemy.util.test.junit.AutoTests" name="[102] /home/travis/build/icyphy/ptII/ptolemy/domains/continuous/test/auto/Noise.xml (RunModel)" time="0.22" />
  <testcase classname="ptolemy.util.test.junit.AutoTests" name="[103] /home/travis/build/icyphy/ptII/ptolemy/domains/continuous/test/auto/NoiseSpectrum.xml (RunModel)" time="0.762" />
  <testcase classname="ptolemy.util.test.junit.AutoTests" name="[104] /home/travis/build/icyphy/ptII/ptolemy/domains/continuous/test/auto/ParameterizedNewtonsCradleAnimated.xml (RunModel)" time="0.395" />
  <testcase classname="ptolemy.util.test.junit.AutoTests" name="[105] /home/travis/build/icyphy/ptII/ptolemy/domains/continuous/test/auto/ParameterizedNewtonsCradleAnimatedNondeterministic.xml (RunModel)" time="1.121" />
  <testcase classname="ptolemy.util.test.junit.AutoTests" name="[106] /home/travis/build/icyphy/ptII/ptolemy/domains/continuous/test/auto/Pendulum3D.xml (RunModel)" time="0.188" />
  <testcase classname="ptolemy.util.test.junit.AutoTests" name="[107] /home/travis/build/icyphy/ptII/ptolemy/domains/continuous/test/auto/PeriodicSampler.xml (RunModel)" time="0.01" />
  <testcase classname="ptolemy.util.test.junit.AutoTests" name="[108] /home/travis/build/icyphy/ptII/ptolemy/domains/continuous/test/auto/PeriodicSampler1.xml (RunModel)" time="0.04" />
  <testcase classname="ptolemy.util.test.junit.AutoTests" name="[109] /home/travis/build/icyphy/ptII/ptolemy/domains/continuous/test/auto/PeriodicSampler2.xml (RunModel)" time="0.075" />
  <testcase classname="ptolemy.util.test.junit.AutoTests" name="[110] /home/travis/build/icyphy/ptII/ptolemy/domains/continuous/test/auto/Poisson.xml (RunModel)" time="0.433" />
  <testcase classname="ptolemy.util.test.junit.AutoTests" name="[111] /home/travis/build/icyphy/ptII/ptolemy/domains/continuous/test/auto/PoissonClock.xml (RunModel)" time="0.014" />
  <testcase classname="ptolemy.util.test.junit.AutoTests" name="[112] /home/travis/build/icyphy/ptII/ptolemy/domains/continuous/test/auto/PoissonClock2.xml (RunModel)" time="0.011" />
  <testcase classname="ptolemy.util.test.junit.AutoTests" name="[113] /home/travis/build/icyphy/ptII/ptolemy/domains/continuous/test/auto/PortParameterHierarchy.xml (RunModel)" time="0.024" />
  <testcase classname="ptolemy.util.test.junit.AutoTests" name="[114] /home/travis/build/icyphy/ptII/ptolemy/domains/continuous/test/auto/RandomHybridPlant.xml (RunModel)" time="0.571" />
  <testcase classname="ptolemy.util.test.junit.AutoTests" name="[115] /home/travis/build/icyphy/ptII/ptolemy/domains/continuous/test/auto/ResetTransitionWithStartTime1.xml (RunModel)" time="0.036" />
  <testcase classname="ptolemy.util.test.junit.AutoTests" name="[116] /home/travis/build/icyphy/ptII/ptolemy/domains/continuous/test/auto/ResetTransitionWithStartTime2.xml (RunModel)" time="0.034" />
  <testcase classname="ptolemy.util.test.junit.AutoTests" name="[117] /home/travis/build/icyphy/ptII/ptolemy/domains/continuous/test/auto/ResetTransitionWithStartTime3.xml (RunModel)" time="0.037" />
  <testcase classname="ptolemy.util.test.junit.AutoTests" name="[118] /home/travis/build/icyphy/ptII/ptolemy/domains/continuous/test/auto/ResetTransitionWithStartTime4.xml (RunModel)" time="0.028" />
  <testcase classname="ptolemy.util.test.junit.AutoTests" name="[119] /home/travis/build/icyphy/ptII/ptolemy/domains/continuous/test/auto/ResetTransitionWithStartTime5.xml (RunModel)" time="0.037" />
  <testcase classname="ptolemy.util.test.junit.AutoTests" name="[120] /home/travis/build/icyphy/ptII/ptolemy/domains/continuous/test/auto/ResetTransitionWithStartTime6.xml (RunModel)" time="0.023" />
  <testcase classname="ptolemy.util.test.junit.AutoTests" name="[121] /home/travis/build/icyphy/ptII/ptolemy/domains/continuous/test/auto/SRinContinuous.xml (RunModel)" time="0.022" />
  <testcase classname="ptolemy.util.test.junit.AutoTests" name="[122] /home/travis/build/icyphy/ptII/ptolemy/domains/continuous/test/auto/SampledClocks.xml (RunModel)" time="0.035" />
  <testcase classname="ptolemy.util.test.junit.AutoTests" name="[123] /home/travis/build/icyphy/ptII/ptolemy/domains/continuous/test/auto/Satellite.xml (RunModel)" time="0.768" />
  <testcase classname="ptolemy.util.test.junit.AutoTests" name="[124] /home/travis/build/icyphy/ptII/ptolemy/domains/continuous/test/auto/SigmaDelta.xml (RunModel)" time="2.604" />
  <testcase classname="ptolemy.util.test.junit.AutoTests" name="[125] /home/travis/build/icyphy/ptII/ptolemy/domains/continuous/test/auto/SingleRefinement.xml (RunModel)" time="0.413" />
  <testcase classname="ptolemy.util.test.junit.AutoTests" name="[126] /home/travis/build/icyphy/ptII/ptolemy/domains/continuous/test/auto/SinuBouncingBall.xml (RunModel)" time="0.868" />
  <testcase classname="ptolemy.util.test.junit.AutoTests" name="[127] /home/travis/build/icyphy/ptII/ptolemy/domains/continuous/test/auto/Sinusoid.xml (RunModel)" time="0.02" />
  <testcase classname="ptolemy.util.test.junit.AutoTests" name="[128] /home/travis/build/icyphy/ptII/ptolemy/domains/continuous/test/auto/SinusoidInNoise.xml (RunModel)" time="1.107" />
  <testcase classname="ptolemy.util.test.junit.AutoTests" name="[129] /home/travis/build/icyphy/ptII/ptolemy/domains/continuous/test/auto/SinusoidRK45.xml (RunModel)" time="0.014" />
  <testcase classname="ptolemy.util.test.junit.AutoTests" name="[130] /home/travis/build/icyphy/ptII/ptolemy/domains/continuous/test/auto/SinusoidWithMultipleImpulses.xml (RunModel)" time="0.011" />
  <testcase classname="ptolemy.util.test.junit.AutoTests" name="[131] /home/travis/build/icyphy/ptII/ptolemy/domains/continuous/test/auto/SquareWave.xml (RunModel)" time="0.211" />
  <testcase classname="ptolemy.util.test.junit.AutoTests" name="[132] /home/travis/build/icyphy/ptII/ptolemy/domains/continuous/test/auto/Starmac.xml (RunModel)" time="3.526" />
  <testcase classname="ptolemy.util.test.junit.AutoTests" name="[133] /home/travis/build/icyphy/ptII/ptolemy/domains/continuous/test/auto/StaticUnits.xml (RunModel)" time="2.871" />
  <testcase classname="ptolemy.util.test.junit.AutoTests" name="[134] /home/travis/build/icyphy/ptII/ptolemy/domains/continuous/test/auto/StickyMasses.xml (RunModel)" time="0.193" />
  <testcase classname="ptolemy.util.test.junit.AutoTests" name="[135] /home/travis/build/icyphy/ptII/ptolemy/domains/continuous/test/auto/StopTime.xml (RunModel)" time="0.069" />
  <testcase classname="ptolemy.util.test.junit.AutoTests" name="[136] /home/travis/build/icyphy/ptII/ptolemy/domains/continuous/test/auto/StopTime2.xml (RunModel)" time="0.057" />
  <testcase classname="ptolemy.util.test.junit.AutoTests" name="[137] /home/travis/build/icyphy/ptII/ptolemy/domains/continuous/test/auto/Switch.xml (RunModel)" time="0.077" />
  <testcase classname="ptolemy.util.test.junit.AutoTests" name="[138] /home/travis/build/icyphy/ptII/ptolemy/domains/continuous/test/auto/Thermostat.xml (RunModel)" time="0.213" />
  <testcase classname="ptolemy.util.test.junit.AutoTests" name="[139] /home/travis/build/icyphy/ptII/ptolemy/domains/continuous/test/auto/TimeDelay.xml (RunModel)" time="0.015" />
  <testcase classname="ptolemy.util.test.junit.AutoTests" name="[140] /home/travis/build/icyphy/ptII/ptolemy/domains/continuous/test/auto/TimeDelay2.xml (RunModel)" time="0.041" />
  <testcase classname="ptolemy.util.test.junit.AutoTests" name="[141] /home/travis/build/icyphy/ptII/ptolemy/domains/continuous/test/auto/TimeDelay3.xml (RunModel)" time="0.019" />
  <testcase classname="ptolemy.util.test.junit.AutoTests" name="[142] /home/travis/build/icyphy/ptII/ptolemy/domains/continuous/test/auto/TransferAbsentToInside.xml (RunModel)" time="0.13" />
  <testcase classname="ptolemy.util.test.junit.AutoTests" name="[143] /home/travis/build/icyphy/ptII/ptolemy/domains/continuous/test/auto/Transmission.xml (RunModel)" time="0.807" />
  <testcase classname="ptolemy.util.test.junit.AutoTests" name="[144] /home/travis/build/icyphy/ptII/ptolemy/domains/continuous/test/auto/TriggeredContinuousClock.xml (RunModel)" time="0.065" />
  <testcase classname="ptolemy.util.test.junit.AutoTests" name="[145] /home/travis/build/icyphy/ptII/ptolemy/domains/continuous/test/auto/TwoMachineInfiniteBusControl.xml (RunModel)" time="2.883" />
  <testcase classname="ptolemy.util.test.junit.AutoTests" name="[146] /home/travis/build/icyphy/ptII/ptolemy/domains/continuous/test/auto/V2V.xml (RunModel)" time="0.825" />
  <testcase classname="ptolemy.util.test.junit.AutoTests" name="[147] /home/travis/build/icyphy/ptII/ptolemy/domains/continuous/test/auto/hierarchicalModalModel.xml (RunModel)" time="0.031" />
  <testcase classname="ptolemy.util.test.junit.AutoTests" name="[148] /home/travis/build/icyphy/ptII/ptolemy/domains/continuous/test/auto/hierarchicalModalModel1.xml (RunModel)" time="0.03" />
  <testcase classname="ptolemy.util.test.junit.AutoTests" name="[149] /home/travis/build/icyphy/ptII/ptolemy/domains/continuous/test/auto/hierarchicalModalModel2.xml (RunModel)" time="0.026" />
  <testcase classname="ptolemy.util.test.junit.AutoTests" name="[150] /home/travis/build/icyphy/ptII/ptolemy/domains/continuous/test/auto/hierarchicalModalModel3.xml (RunModel)" time="0.023" />
  <testcase classname="ptolemy.util.test.junit.AutoTests" name="[151] /home/travis/build/icyphy/ptII/ptolemy/domains/continuous/test/auto/hierarchicalModalModel4.xml (RunModel)" time="0.024" />
  <testcase classname="ptolemy.util.test.junit.AutoTests" name="[152] /home/travis/build/icyphy/ptII/ptolemy/domains/continuous/test/auto/junk.xml (RunModel)" time="0.181" />
  <system-out><![CDATA[No tcl tests in /home/travis/build/icyphy/ptII/ptolemy/domains/continuous/test
No auto/knownFailedTests/*.xml tests in /home/travis/build/icyphy/ptII/ptolemy/domains/continuous/test
No auto/linux-amd64/*.xml tests in /home/travis/build/icyphy/ptII/ptolemy/domains/continuous/test
AutoTests.java: About to close Vertx.
AutoTests.java: Vertx closed.

===========================================================================================
----------------- testing Tue Aug 13 05:18:06 UTC 2019 /home/travis/build/icyphy/ptII/ptolemy/domains/continuous/test/auto/BouncingBall.xml
----------------- Instantiating /home/travis/build/icyphy/ptII/ptolemy/domains/continuous/test/auto/BouncingBall.xml
2454 ms. Memory: 148480K Free: 78736K (53%)
----------------- Invoking toplevel() on ptolemy.moml.MoMLSimpleApplication@3c2b036b
----------------- Done invoking toplevel() on ptolemy.moml.MoMLSimpleApplication@3c2b036b
reloadAllAccessors: .BouncingBall

===========================================================================================
----------------- testing Tue Aug 13 05:18:09 UTC 2019 /home/travis/build/icyphy/ptII/ptolemy/domains/continuous/test/auto/BouncingBallWithoutGR.xml
----------------- Instantiating /home/travis/build/icyphy/ptII/ptolemy/domains/continuous/test/auto/BouncingBallWithoutGR.xml
851 ms. Memory: 178176K Free: 105081K (59%)
----------------- Invoking toplevel() on ptolemy.moml.MoMLSimpleApplication@24f1ce2f
----------------- Done invoking toplevel() on ptolemy.moml.MoMLSimpleApplication@24f1ce2f
reloadAllAccessors: .BouncingBallWithoutGR

===========================================================================================
----------------- testing Tue Aug 13 05:18:10 UTC 2019 /home/travis/build/icyphy/ptII/ptolemy/domains/continuous/test/auto/Brownian.xml
----------------- Instantiating /home/travis/build/icyphy/ptII/ptolemy/domains/continuous/test/auto/Brownian.xml
37 ms. Memory: 178176K Free: 95865K (54%)
----------------- Invoking toplevel() on ptolemy.moml.MoMLSimpleApplication@42d4ba8
----------------- Done invoking toplevel() on ptolemy.moml.MoMLSimpleApplication@42d4ba8
reloadAllAccessors: .Brownian

===========================================================================================
----------------- testing Tue Aug 13 05:18:10 UTC 2019 /home/travis/build/icyphy/ptII/ptolemy/domains/continuous/test/auto/CarTracking.xml
----------------- Instantiating /home/travis/build/icyphy/ptII/ptolemy/domains/continuous/test/auto/CarTracking.xml
4005 ms. Memory: 226304K Free: 95091K (42%)
----------------- Invoking toplevel() on ptolemy.moml.MoMLSimpleApplication@600d3feb
----------------- Done invoking toplevel() on ptolemy.moml.MoMLSimpleApplication@600d3feb
reloadAllAccessors: .CarTracking

===========================================================================================
----------------- testing Tue Aug 13 05:18:15 UTC 2019 /home/travis/build/icyphy/ptII/ptolemy/domains/continuous/test/auto/CartPendulum.xml
----------------- Instantiating /home/travis/build/icyphy/ptII/ptolemy/domains/continuous/test/auto/CartPendulum.xml
452 ms. Memory: 226304K Free: 135858K (60%)
----------------- Invoking toplevel() on ptolemy.moml.MoMLSimpleApplication@d4d9c88
----------------- Done invoking toplevel() on ptolemy.moml.MoMLSimpleApplication@d4d9c88
reloadAllAccessors: .CartPendulum

===========================================================================================
----------------- testing Tue Aug 13 05:18:15 UTC 2019 /home/travis/build/icyphy/ptII/ptolemy/domains/continuous/test/auto/CausalityInterface10.xml
----------------- Instantiating /home/travis/build/icyphy/ptII/ptolemy/domains/continuous/test/auto/CausalityInterface10.xml
7 ms. Memory: 226304K Free: 125632K (56%)
----------------- Invoking toplevel() on ptolemy.moml.MoMLSimpleApplication@491c95bb
----------------- Done invoking toplevel() on ptolemy.moml.MoMLSimpleApplication@491c95bb
reloadAllAccessors: .CausalityInterface10

===========================================================================================
----------------- testing Tue Aug 13 05:18:15 UTC 2019 /home/travis/build/icyphy/ptII/ptolemy/domains/continuous/test/auto/CausalityInterface11.xml
----------------- Instantiating /home/travis/build/icyphy/ptII/ptolemy/domains/continuous/test/auto/CausalityInterface11.xml
10 ms. Memory: 226304K Free: 119474K (53%)
----------------- Invoking toplevel() on ptolemy.moml.MoMLSimpleApplication@491bb1b4
----------------- Done invoking toplevel() on ptolemy.moml.MoMLSimpleApplication@491bb1b4
reloadAllAccessors: .CausalityInterface11

===========================================================================================
----------------- testing Tue Aug 13 05:18:15 UTC 2019 /home/travis/build/icyphy/ptII/ptolemy/domains/continuous/test/auto/CausalityInterface12.xml
----------------- Instantiating /home/travis/build/icyphy/ptII/ptolemy/domains/continuous/test/auto/CausalityInterface12.xml
10 ms. Memory: 226304K Free: 113330K (50%)
----------------- Invoking toplevel() on ptolemy.moml.MoMLSimpleApplication@235eff25
----------------- Done invoking toplevel() on ptolemy.moml.MoMLSimpleApplication@235eff25
reloadAllAccessors: .CausalityInterface12

===========================================================================================
----------------- testing Tue Aug 13 05:18:15 UTC 2019 /home/travis/build/icyphy/ptII/ptolemy/domains/continuous/test/auto/CausalityInterface13.xml
----------------- Instantiating /home/travis/build/icyphy/ptII/ptolemy/domains/continuous/test/auto/CausalityInterface13.xml
6 ms. Memory: 226304K Free: 107200K (47%)
----------------- Invoking toplevel() on ptolemy.moml.MoMLSimpleApplication@34113414
----------------- Done invoking toplevel() on ptolemy.moml.MoMLSimpleApplication@34113414
reloadAllAccessors: .CausalityInterface13

===========================================================================================
----------------- testing Tue Aug 13 05:18:15 UTC 2019 /home/travis/build/icyphy/ptII/ptolemy/domains/continuous/test/auto/CausalityInterface14.xml
----------------- Instantiating /home/travis/build/icyphy/ptII/ptolemy/domains/continuous/test/auto/CausalityInterface14.xml
3 ms. Memory: 226304K Free: 101570K (45%)
----------------- Invoking toplevel() on ptolemy.moml.MoMLSimpleApplication@4f02b908
----------------- Done invoking toplevel() on ptolemy.moml.MoMLSimpleApplication@4f02b908
reloadAllAccessors: .CausalityInterface14

===========================================================================================
----------------- testing Tue Aug 13 05:18:15 UTC 2019 /home/travis/build/icyphy/ptII/ptolemy/domains/continuous/test/auto/CausalityInterface4.xml
----------------- Instantiating /home/travis/build/icyphy/ptII/ptolemy/domains/continuous/test/auto/CausalityInterface4.xml
7 ms. Memory: 226304K Free: 94402K (42%)
----------------- Invoking toplevel() on ptolemy.moml.MoMLSimpleApplication@57e3119c
----------------- Done invoking toplevel() on ptolemy.moml.MoMLSimpleApplication@57e3119c
reloadAllAccessors: .CausalityInterface4

===========================================================================================
----------------- testing Tue Aug 13 05:18:15 UTC 2019 /home/travis/build/icyphy/ptII/ptolemy/domains/continuous/test/auto/CausalityInterface5.xml
----------------- Instantiating /home/travis/build/icyphy/ptII/ptolemy/domains/continuous/test/auto/CausalityInterface5.xml
6 ms. Memory: 226304K Free: 86210K (38%)
----------------- Invoking toplevel() on ptolemy.moml.MoMLSimpleApplication@371822d1
----------------- Done invoking toplevel() on ptolemy.moml.MoMLSimpleApplication@371822d1
reloadAllAccessors: .CausalityInterface5

===========================================================================================
----------------- testing Tue Aug 13 05:18:15 UTC 2019 /home/travis/build/icyphy/ptII/ptolemy/domains/continuous/test/auto/CausalityInterface6.xml
----------------- Instantiating /home/travis/build/icyphy/ptII/ptolemy/domains/continuous/test/auto/CausalityInterface6.xml
6 ms. Memory: 226304K Free: 80562K (36%)
----------------- Invoking toplevel() on ptolemy.moml.MoMLSimpleApplication@1324f873
----------------- Done invoking toplevel() on ptolemy.moml.MoMLSimpleApplication@1324f873
reloadAllAccessors: .CausalityInterface6

===========================================================================================
----------------- testing Tue Aug 13 05:18:15 UTC 2019 /home/travis/build/icyphy/ptII/ptolemy/domains/continuous/test/auto/CausalityInterface7.xml
----------------- Instantiating /home/travis/build/icyphy/ptII/ptolemy/domains/continuous/test/auto/CausalityInterface7.xml
10 ms. Memory: 226304K Free: 206043K (91%)
----------------- Invoking toplevel() on ptolemy.moml.MoMLSimpleApplication@a7b02a
----------------- Done invoking toplevel() on ptolemy.moml.MoMLSimpleApplication@a7b02a
reloadAllAccessors: .CausalityInterface7

===========================================================================================
----------------- testing Tue Aug 13 05:18:16 UTC 2019 /home/travis/build/icyphy/ptII/ptolemy/domains/continuous/test/auto/CausalityInterface8.xml
----------------- Instantiating /home/travis/build/icyphy/ptII/ptolemy/domains/continuous/test/auto/CausalityInterface8.xml
7 ms. Memory: 226304K Free: 196827K (87%)
----------------- Invoking toplevel() on ptolemy.moml.MoMLSimpleApplication@1ffe56df
----------------- Done invoking toplevel() on ptolemy.moml.MoMLSimpleApplication@1ffe56df
reloadAllAccessors: .CausalityInterface8

===========================================================================================
----------------- testing Tue Aug 13 05:18:16 UTC 2019 /home/travis/build/icyphy/ptII/ptolemy/domains/continuous/test/auto/CausalityInterface9.xml
----------------- Instantiating /home/travis/build/icyphy/ptII/ptolemy/domains/continuous/test/auto/CausalityInterface9.xml
9 ms. Memory: 226304K Free: 186077K (82%)
----------------- Invoking toplevel() on ptolemy.moml.MoMLSimpleApplication@5143f031
----------------- Done invoking toplevel() on ptolemy.moml.MoMLSimpleApplication@5143f031
reloadAllAccessors: .CausalityInterface9

===========================================================================================
----------------- testing Tue Aug 13 05:18:16 UTC 2019 /home/travis/build/icyphy/ptII/ptolemy/domains/continuous/test/auto/CausalityInterfaceFeedback1.xml
----------------- Instantiating /home/travis/build/icyphy/ptII/ptolemy/domains/continuous/test/auto/CausalityInterfaceFeedback1.xml
8 ms. Memory: 226304K Free: 179389K (79%)
----------------- Invoking toplevel() on ptolemy.moml.MoMLSimpleApplication@2c38811a
----------------- Done invoking toplevel() on ptolemy.moml.MoMLSimpleApplication@2c38811a
reloadAllAccessors: .CausalityInterfaceFeedback1

===========================================================================================
----------------- testing Tue Aug 13 05:18:16 UTC 2019 /home/travis/build/icyphy/ptII/ptolemy/domains/continuous/test/auto/CausalityInterfaceFeedback2.xml
----------------- Instantiating /home/travis/build/icyphy/ptII/ptolemy/domains/continuous/test/auto/CausalityInterfaceFeedback2.xml
6 ms. Memory: 226304K Free: 172765K (76%)
----------------- Invoking toplevel() on ptolemy.moml.MoMLSimpleApplication@b81e84
----------------- Done invoking toplevel() on ptolemy.moml.MoMLSimpleApplication@b81e84
reloadAllAccessors: .CausalityInterfaceFeedback2

===========================================================================================
----------------- testing Tue Aug 13 05:18:16 UTC 2019 /home/travis/build/icyphy/ptII/ptolemy/domains/continuous/test/auto/CompareWithCurrentTime.xml
----------------- Instantiating /home/travis/build/icyphy/ptII/ptolemy/domains/continuous/test/auto/CompareWithCurrentTime.xml
4 ms. Memory: 226304K Free: 168669K (75%)
----------------- Invoking toplevel() on ptolemy.moml.MoMLSimpleApplication@ac22b69
----------------- Done invoking toplevel() on ptolemy.moml.MoMLSimpleApplication@ac22b69
reloadAllAccessors: .CompareWithCurrentTime

===========================================================================================
----------------- testing Tue Aug 13 05:18:16 UTC 2019 /home/travis/build/icyphy/ptII/ptolemy/domains/continuous/test/auto/ComparedClocks.xml
----------------- Instantiating /home/travis/build/icyphy/ptII/ptolemy/domains/continuous/test/auto/ComparedClocks.xml
8 ms. Memory: 226304K Free: 153309K (68%)
----------------- Invoking toplevel() on ptolemy.moml.MoMLSimpleApplication@441479c9
----------------- Done invoking toplevel() on ptolemy.moml.MoMLSimpleApplication@441479c9
reloadAllAccessors: .ComparedClocks

===========================================================================================
----------------- testing Tue Aug 13 05:18:16 UTC 2019 /home/travis/build/icyphy/ptII/ptolemy/domains/continuous/test/auto/ContinuousAOCClone.xml
----------------- Instantiating /home/travis/build/icyphy/ptII/ptolemy/domains/continuous/test/auto/ContinuousAOCClone.xml
2599 ms. Memory: 272384K Free: 104318K (38%)
----------------- Invoking toplevel() on ptolemy.moml.MoMLSimpleApplication@38f93b81
----------------- Done invoking toplevel() on ptolemy.moml.MoMLSimpleApplication@38f93b81
reloadAllAccessors: .ContinuousAOCClone

===========================================================================================
----------------- testing Tue Aug 13 05:18:19 UTC 2019 /home/travis/build/icyphy/ptII/ptolemy/domains/continuous/test/auto/ContinuousClock.xml
----------------- Instantiating /home/travis/build/icyphy/ptII/ptolemy/domains/continuous/test/auto/ContinuousClock.xml
31 ms. Memory: 272384K Free: 244558K (90%)
----------------- Invoking toplevel() on ptolemy.moml.MoMLSimpleApplication@15de994d
----------------- Done invoking toplevel() on ptolemy.moml.MoMLSimpleApplication@15de994d
reloadAllAccessors: .ContinuousClock

===========================================================================================
----------------- testing Tue Aug 13 05:18:19 UTC 2019 /home/travis/build/icyphy/ptII/ptolemy/domains/continuous/test/auto/ContinuousInContinuous.xml
----------------- Instantiating /home/travis/build/icyphy/ptII/ptolemy/domains/continuous/test/auto/ContinuousInContinuous.xml
39 ms. Memory: 272384K Free: 221036K (81%)
----------------- Invoking toplevel() on ptolemy.moml.MoMLSimpleApplication@65e3513f
----------------- Done invoking toplevel() on ptolemy.moml.MoMLSimpleApplication@65e3513f
reloadAllAccessors: .ContinuousInContinuous

===========================================================================================
----------------- testing Tue Aug 13 05:18:19 UTC 2019 /home/travis/build/icyphy/ptII/ptolemy/domains/continuous/test/auto/ContinuousInContinuousInContinuous.xml
----------------- Instantiating /home/travis/build/icyphy/ptII/ptolemy/domains/continuous/test/auto/ContinuousInContinuousInContinuous.xml
6 ms. Memory: 272384K Free: 212844K (78%)
----------------- Invoking toplevel() on ptolemy.moml.MoMLSimpleApplication@599caab5
----------------- Done invoking toplevel() on ptolemy.moml.MoMLSimpleApplication@599caab5
reloadAllAccessors: .ContinuousInContinuousInContinuous

===========================================================================================
----------------- testing Tue Aug 13 05:18:19 UTC 2019 /home/travis/build/icyphy/ptII/ptolemy/domains/continuous/test/auto/ContinuousInDE.xml
----------------- Instantiating /home/travis/build/icyphy/ptII/ptolemy/domains/continuous/test/auto/ContinuousInDE.xml
89 ms. Memory: 272384K Free: 202094K (74%)
----------------- Invoking toplevel() on ptolemy.moml.MoMLSimpleApplication@d620521
----------------- Done invoking toplevel() on ptolemy.moml.MoMLSimpleApplication@d620521
reloadAllAccessors: .ContinuousInDE

===========================================================================================
----------------- testing Tue Aug 13 05:18:19 UTC 2019 /home/travis/build/icyphy/ptII/ptolemy/domains/continuous/test/auto/ContinuousInDE2.xml
----------------- Instantiating /home/travis/build/icyphy/ptII/ptolemy/domains/continuous/test/auto/ContinuousInDE2.xml
41 ms. Memory: 272384K Free: 192364K (71%)
----------------- Invoking toplevel() on ptolemy.moml.MoMLSimpleApplication@705b5e3d
----------------- Done invoking toplevel() on ptolemy.moml.MoMLSimpleApplication@705b5e3d
reloadAllAccessors: .ContinuousInDE2

===========================================================================================
----------------- testing Tue Aug 13 05:18:19 UTC 2019 /home/travis/build/icyphy/ptII/ptolemy/domains/continuous/test/auto/ContinuousInDE3.xml
----------------- Instantiating /home/travis/build/icyphy/ptII/ptolemy/domains/continuous/test/auto/ContinuousInDE3.xml
39 ms. Memory: 272384K Free: 182638K (67%)
----------------- Invoking toplevel() on ptolemy.moml.MoMLSimpleApplication@57acb565
----------------- Done invoking toplevel() on ptolemy.moml.MoMLSimpleApplication@57acb565
reloadAllAccessors: .ContinuousInDE3

===========================================================================================
----------------- testing Tue Aug 13 05:18:19 UTC 2019 /home/travis/build/icyphy/ptII/ptolemy/domains/continuous/test/auto/ContinuousInDE4.xml
----------------- Instantiating /home/travis/build/icyphy/ptII/ptolemy/domains/continuous/test/auto/ContinuousInDE4.xml
14 ms. Memory: 272384K Free: 176494K (65%)
----------------- Invoking toplevel() on ptolemy.moml.MoMLSimpleApplication@3359c16e
----------------- Done invoking toplevel() on ptolemy.moml.MoMLSimpleApplication@3359c16e
reloadAllAccessors: .ContinuousInDE4

===========================================================================================
----------------- testing Tue Aug 13 05:18:19 UTC 2019 /home/travis/build/icyphy/ptII/ptolemy/domains/continuous/test/auto/ContinuousInDEDifferentRefinements.xml
----------------- Instantiating /home/travis/build/icyphy/ptII/ptolemy/domains/continuous/test/auto/ContinuousInDEDifferentRefinements.xml
59 ms. Memory: 272384K Free: 145774K (54%)
----------------- Invoking toplevel() on ptolemy.moml.MoMLSimpleApplication@771bace7
----------------- Done invoking toplevel() on ptolemy.moml.MoMLSimpleApplication@771bace7
reloadAllAccessors: .ContinuousInDEDifferentRefinements

===========================================================================================
----------------- testing Tue Aug 13 05:18:19 UTC 2019 /home/travis/build/icyphy/ptII/ptolemy/domains/continuous/test/auto/ContinuousInDEDifferentRefinementsPreemptive.xml
----------------- Instantiating /home/travis/build/icyphy/ptII/ptolemy/domains/continuous/test/auto/ContinuousInDEDifferentRefinementsPreemptive.xml
41 ms. Memory: 272384K Free: 115054K (42%)
----------------- Invoking toplevel() on ptolemy.moml.MoMLSimpleApplication@13ebbce3
----------------- Done invoking toplevel() on ptolemy.moml.MoMLSimpleApplication@13ebbce3
reloadAllAccessors: .ContinuousInDEDifferentRefinementsPreemptive

===========================================================================================
----------------- testing Tue Aug 13 05:18:19 UTC 2019 /home/travis/build/icyphy/ptII/ptolemy/domains/continuous/test/auto/ContinuousInDEInContinuous2.xml
----------------- Instantiating /home/travis/build/icyphy/ptII/ptolemy/domains/continuous/test/auto/ContinuousInDEInContinuous2.xml
31 ms. Memory: 272384K Free: 103790K (38%)
----------------- Invoking toplevel() on ptolemy.moml.MoMLSimpleApplication@60661525
----------------- Done invoking toplevel() on ptolemy.moml.MoMLSimpleApplication@60661525
reloadAllAccessors: .ContinuousInDEInContinuous2

===========================================================================================
----------------- testing Tue Aug 13 05:18:19 UTC 2019 /home/travis/build/icyphy/ptII/ptolemy/domains/continuous/test/auto/ContinuousInDEInContinuous3.xml
----------------- Instantiating /home/travis/build/icyphy/ptII/ptolemy/domains/continuous/test/auto/ContinuousInDEInContinuous3.xml
37 ms. Memory: 272384K Free: 253883K (93%)
----------------- Invoking toplevel() on ptolemy.moml.MoMLSimpleApplication@5bb06c71
----------------- Done invoking toplevel() on ptolemy.moml.MoMLSimpleApplication@5bb06c71
reloadAllAccessors: .ContinuousInDEInContinuous3

===========================================================================================
----------------- testing Tue Aug 13 05:18:19 UTC 2019 /home/travis/build/icyphy/ptII/ptolemy/domains/continuous/test/auto/ContinuousInDEInput.xml
----------------- Instantiating /home/travis/build/icyphy/ptII/ptolemy/domains/continuous/test/auto/ContinuousInDEInput.xml
22 ms. Memory: 272384K Free: 246715K (91%)
----------------- Invoking toplevel() on ptolemy.moml.MoMLSimpleApplication@71d79d85
----------------- Done invoking toplevel() on ptolemy.moml.MoMLSimpleApplication@71d79d85
reloadAllAccessors: .ContinuousInDEInput

===========================================================================================
----------------- testing Tue Aug 13 05:18:19 UTC 2019 /home/travis/build/icyphy/ptII/ptolemy/domains/continuous/test/auto/ContinuousInDEInput2.xml
----------------- Instantiating /home/travis/build/icyphy/ptII/ptolemy/domains/continuous/test/auto/ContinuousInDEInput2.xml
13 ms. Memory: 272384K Free: 239037K (88%)
----------------- Invoking toplevel() on ptolemy.moml.MoMLSimpleApplication@3cfa21ba
----------------- Done invoking toplevel() on ptolemy.moml.MoMLSimpleApplication@3cfa21ba
reloadAllAccessors: .ContinuousInDEInput2

===========================================================================================
----------------- testing Tue Aug 13 05:18:19 UTC 2019 /home/travis/build/icyphy/ptII/ptolemy/domains/continuous/test/auto/ContinuousInDEInput3.xml
----------------- Instantiating /home/travis/build/icyphy/ptII/ptolemy/domains/continuous/test/auto/ContinuousInDEInput3.xml
12 ms. Memory: 272384K Free: 231355K (85%)
----------------- Invoking toplevel() on ptolemy.moml.MoMLSimpleApplication@67c4bd4e
----------------- Done invoking toplevel() on ptolemy.moml.MoMLSimpleApplication@67c4bd4e
reloadAllAccessors: .ContinuousInDEInput3

===========================================================================================
----------------- testing Tue Aug 13 05:18:20 UTC 2019 /home/travis/build/icyphy/ptII/ptolemy/domains/continuous/test/auto/ContinuousInDESharingRefinement.xml
----------------- Instantiating /home/travis/build/icyphy/ptII/ptolemy/domains/continuous/test/auto/ContinuousInDESharingRefinement.xml
135 ms. Memory: 272384K Free: 136637K (50%)
----------------- Invoking toplevel() on ptolemy.moml.MoMLSimpleApplication@94c00
----------------- Done invoking toplevel() on ptolemy.moml.MoMLSimpleApplication@94c00
reloadAllAccessors: .ContinuousInDESharingRefinement

===========================================================================================
----------------- testing Tue Aug 13 05:18:20 UTC 2019 /home/travis/build/icyphy/ptII/ptolemy/domains/continuous/test/auto/ContinuousInDEwithNoPorts.xml
----------------- Instantiating /home/travis/build/icyphy/ptII/ptolemy/domains/continuous/test/auto/ContinuousInDEwithNoPorts.xml
2 ms. Memory: 272384K Free: 132541K (49%)
----------------- Invoking toplevel() on ptolemy.moml.MoMLSimpleApplication@1c24d8e3
----------------- Done invoking toplevel() on ptolemy.moml.MoMLSimpleApplication@1c24d8e3
reloadAllAccessors: .ContinuousInDEwithNoPorts

===========================================================================================
----------------- testing Tue Aug 13 05:18:20 UTC 2019 /home/travis/build/icyphy/ptII/ptolemy/domains/continuous/test/auto/ContinuousInsideDE.xml
----------------- Instantiating /home/travis/build/icyphy/ptII/ptolemy/domains/continuous/test/auto/ContinuousInsideDE.xml
43 ms. Memory: 272384K Free: 120763K (44%)
----------------- Invoking toplevel() on ptolemy.moml.MoMLSimpleApplication@5befcd6a
----------------- Done invoking toplevel() on ptolemy.moml.MoMLSimpleApplication@5befcd6a
reloadAllAccessors: .ContinuousInsideDE

===========================================================================================
----------------- testing Tue Aug 13 05:18:20 UTC 2019 /home/travis/build/icyphy/ptII/ptolemy/domains/continuous/test/auto/ContinuousMerge1.xml
----------------- Instantiating /home/travis/build/icyphy/ptII/ptolemy/domains/continuous/test/auto/ContinuousMerge1.xml
3 ms. Memory: 272384K Free: 116653K (43%)
----------------- Invoking toplevel() on ptolemy.moml.MoMLSimpleApplication@6db72c9f
----------------- Done invoking toplevel() on ptolemy.moml.MoMLSimpleApplication@6db72c9f
reloadAllAccessors: .ContinuousMerge1

===========================================================================================
----------------- testing Tue Aug 13 05:18:20 UTC 2019 /home/travis/build/icyphy/ptII/ptolemy/domains/continuous/test/auto/ContinuousMerge2.xml
----------------- Instantiating /home/travis/build/icyphy/ptII/ptolemy/domains/continuous/test/auto/ContinuousMerge2.xml
17 ms. Memory: 272384K Free: 106427K (39%)
----------------- Invoking toplevel() on ptolemy.moml.MoMLSimpleApplication@4c2f6acd
----------------- Done invoking toplevel() on ptolemy.moml.MoMLSimpleApplication@4c2f6acd
reloadAllAccessors: .ContinuousMerge2

===========================================================================================
----------------- testing Tue Aug 13 05:18:20 UTC 2019 /home/travis/build/icyphy/ptII/ptolemy/domains/continuous/test/auto/ContinuousMerge3.xml
----------------- Instantiating /home/travis/build/icyphy/ptII/ptolemy/domains/continuous/test/auto/ContinuousMerge3.xml
55 ms. Memory: 272384K Free: 257182K (94%)
----------------- Invoking toplevel() on ptolemy.moml.MoMLSimpleApplication@1326ee74
----------------- Done invoking toplevel() on ptolemy.moml.MoMLSimpleApplication@1326ee74
reloadAllAccessors: .ContinuousMerge3

===========================================================================================
----------------- testing Tue Aug 13 05:18:20 UTC 2019 /home/travis/build/icyphy/ptII/ptolemy/domains/continuous/test/auto/ContinuousWithinContinuous.xml
----------------- Instantiating /home/travis/build/icyphy/ptII/ptolemy/domains/continuous/test/auto/ContinuousWithinContinuous.xml
42 ms. Memory: 272384K Free: 247452K (91%)
----------------- Invoking toplevel() on ptolemy.moml.MoMLSimpleApplication@29b28dd
----------------- Done invoking toplevel() on ptolemy.moml.MoMLSimpleApplication@29b28dd
reloadAllAccessors: .ContinuousWithinContinuous

===========================================================================================
----------------- testing Tue Aug 13 05:18:20 UTC 2019 /home/travis/build/icyphy/ptII/ptolemy/domains/continuous/test/auto/ContinuousWithinContinuous2.xml
----------------- Instantiating /home/travis/build/icyphy/ptII/ptolemy/domains/continuous/test/auto/ContinuousWithinContinuous2.xml
77 ms. Memory: 272384K Free: 236188K (87%)
----------------- Invoking toplevel() on ptolemy.moml.MoMLSimpleApplication@293ff75b
----------------- Done invoking toplevel() on ptolemy.moml.MoMLSimpleApplication@293ff75b
reloadAllAccessors: .ContinuousWithinContinuous2

===========================================================================================
----------------- testing Tue Aug 13 05:18:20 UTC 2019 /home/travis/build/icyphy/ptII/ptolemy/domains/continuous/test/auto/ContinuousWithinContinuous3.xml
----------------- Instantiating /home/travis/build/icyphy/ptII/ptolemy/domains/continuous/test/auto/ContinuousWithinContinuous3.xml
17 ms. Memory: 272384K Free: 229534K (84%)
----------------- Invoking toplevel() on ptolemy.moml.MoMLSimpleApplication@3ee5a179
----------------- Done invoking toplevel() on ptolemy.moml.MoMLSimpleApplication@3ee5a179
reloadAllAccessors: .ContinuousWithinContinuous3

===========================================================================================
----------------- testing Tue Aug 13 05:18:20 UTC 2019 /home/travis/build/icyphy/ptII/ptolemy/domains/continuous/test/auto/ContinuousWithinContinuous4.xml
----------------- Instantiating /home/travis/build/icyphy/ptII/ptolemy/domains/continuous/test/auto/ContinuousWithinContinuous4.xml
77 ms. Memory: 272384K Free: 216732K (80%)
----------------- Invoking toplevel() on ptolemy.moml.MoMLSimpleApplication@3e5ebb05
----------------- Done invoking toplevel() on ptolemy.moml.MoMLSimpleApplication@3e5ebb05
reloadAllAccessors: .ContinuousWithinContinuous4

===========================================================================================
----------------- testing Tue Aug 13 05:18:20 UTC 2019 /home/travis/build/icyphy/ptII/ptolemy/domains/continuous/test/auto/ContinuousWithinContinuous5.xml
----------------- Instantiating /home/travis/build/icyphy/ptII/ptolemy/domains/continuous/test/auto/ContinuousWithinContinuous5.xml
13 ms. Memory: 272384K Free: 209564K (77%)
----------------- Invoking toplevel() on ptolemy.moml.MoMLSimpleApplication@6eea1877
----------------- Done invoking toplevel() on ptolemy.moml.MoMLSimpleApplication@6eea1877
reloadAllAccessors: .ContinuousWithinContinuous5

===========================================================================================
----------------- testing Tue Aug 13 05:18:20 UTC 2019 /home/travis/build/icyphy/ptII/ptolemy/domains/continuous/test/auto/ContinuousWithinContinuous6.xml
----------------- Instantiating /home/travis/build/icyphy/ptII/ptolemy/domains/continuous/test/auto/ContinuousWithinContinuous6.xml
13 ms. Memory: 272384K Free: 202396K (74%)
----------------- Invoking toplevel() on ptolemy.moml.MoMLSimpleApplication@726f7bb4
----------------- Done invoking toplevel() on ptolemy.moml.MoMLSimpleApplication@726f7bb4
reloadAllAccessors: .ContinuousWithinContinuous6

===========================================================================================
----------------- testing Tue Aug 13 05:18:20 UTC 2019 /home/travis/build/icyphy/ptII/ptolemy/domains/continuous/test/auto/ContinuousWithinContinuous7.xml
----------------- Instantiating /home/travis/build/icyphy/ptII/ptolemy/domains/continuous/test/auto/ContinuousWithinContinuous7.xml
66 ms. Memory: 272384K Free: 191132K (70%)
----------------- Invoking toplevel() on ptolemy.moml.MoMLSimpleApplication@4c5893b6
----------------- Done invoking toplevel() on ptolemy.moml.MoMLSimpleApplication@4c5893b6
reloadAllAccessors: .ContinuousWithinContinuous7

===========================================================================================
----------------- testing Tue Aug 13 05:18:20 UTC 2019 /home/travis/build/icyphy/ptII/ptolemy/domains/continuous/test/auto/DCMotor.xml
----------------- Instantiating /home/travis/build/icyphy/ptII/ptolemy/domains/continuous/test/auto/DCMotor.xml
14162 ms. Memory: 272384K Free: 160272K (59%)
----------------- Invoking toplevel() on ptolemy.moml.MoMLSimpleApplication@3ead4777
----------------- Done invoking toplevel() on ptolemy.moml.MoMLSimpleApplication@3ead4777
reloadAllAccessors: .DCMotor

===========================================================================================
----------------- testing Tue Aug 13 05:18:35 UTC 2019 /home/travis/build/icyphy/ptII/ptolemy/domains/continuous/test/auto/DEInContinuous.xml
----------------- Instantiating /home/travis/build/icyphy/ptII/ptolemy/domains/continuous/test/auto/DEInContinuous.xml
17 ms. Memory: 272384K Free: 154128K (57%)
----------------- Invoking toplevel() on ptolemy.moml.MoMLSimpleApplication@21140f29
----------------- Done invoking toplevel() on ptolemy.moml.MoMLSimpleApplication@21140f29
reloadAllAccessors: .DEInContinuous

===========================================================================================
----------------- testing Tue Aug 13 05:18:35 UTC 2019 /home/travis/build/icyphy/ptII/ptolemy/domains/continuous/test/auto/DEinContinuous2.xml
----------------- Instantiating /home/travis/build/icyphy/ptII/ptolemy/domains/continuous/test/auto/DEinContinuous2.xml
5 ms. Memory: 272384K Free: 146450K (54%)
----------------- Invoking toplevel() on ptolemy.moml.MoMLSimpleApplication@363bd8a9
----------------- Done invoking toplevel() on ptolemy.moml.MoMLSimpleApplication@363bd8a9
reloadAllAccessors: .DEinContinuous2

===========================================================================================
----------------- testing Tue Aug 13 05:18:35 UTC 2019 /home/travis/build/icyphy/ptII/ptolemy/domains/continuous/test/auto/Derivative.xml
----------------- Instantiating /home/travis/build/icyphy/ptII/ptolemy/domains/continuous/test/auto/Derivative.xml
153 ms. Memory: 272384K Free: 117264K (43%)
----------------- Invoking toplevel() on ptolemy.moml.MoMLSimpleApplication@496f64ff
----------------- Done invoking toplevel() on ptolemy.moml.MoMLSimpleApplication@496f64ff
reloadAllAccessors: .Derivative2

===========================================================================================
----------------- testing Tue Aug 13 05:18:35 UTC 2019 /home/travis/build/icyphy/ptII/ptolemy/domains/continuous/test/auto/Derivative1.xml
----------------- Instantiating /home/travis/build/icyphy/ptII/ptolemy/domains/continuous/test/auto/Derivative1.xml
22 ms. Memory: 272384K Free: 102928K (38%)
----------------- Invoking toplevel() on ptolemy.moml.MoMLSimpleApplication@5e45803a
----------------- Done invoking toplevel() on ptolemy.moml.MoMLSimpleApplication@5e45803a
reloadAllAccessors: .Derivative1

===========================================================================================
----------------- testing Tue Aug 13 05:18:35 UTC 2019 /home/travis/build/icyphy/ptII/ptolemy/domains/continuous/test/auto/DiscreteClock.xml
----------------- Instantiating /home/travis/build/icyphy/ptII/ptolemy/domains/continuous/test/auto/DiscreteClock.xml
4 ms. Memory: 272384K Free: 97808K (36%)
----------------- Invoking toplevel() on ptolemy.moml.MoMLSimpleApplication@1adf3b83
----------------- Done invoking toplevel() on ptolemy.moml.MoMLSimpleApplication@1adf3b83
reloadAllAccessors: .DiscreteClock

===========================================================================================
----------------- testing Tue Aug 13 05:18:35 UTC 2019 /home/travis/build/icyphy/ptII/ptolemy/domains/continuous/test/auto/EfficiencyCurve.xml
----------------- Instantiating /home/travis/build/icyphy/ptII/ptolemy/domains/continuous/test/auto/EfficiencyCurve.xml
62 ms. Memory: 272384K Free: 250053K (92%)
----------------- Invoking toplevel() on ptolemy.moml.MoMLSimpleApplication@446e7fc5
----------------- Done invoking toplevel() on ptolemy.moml.MoMLSimpleApplication@446e7fc5
reloadAllAccessors: .EfficiencyCurve

===========================================================================================
----------------- testing Tue Aug 13 05:18:35 UTC 2019 /home/travis/build/icyphy/ptII/ptolemy/domains/continuous/test/auto/ExponentialResponse.xml
----------------- Instantiating /home/travis/build/icyphy/ptII/ptolemy/domains/continuous/test/auto/ExponentialResponse.xml
112 ms. Memory: 272384K Free: 234183K (86%)
----------------- Invoking toplevel() on ptolemy.moml.MoMLSimpleApplication@77ba492f
----------------- Done invoking toplevel() on ptolemy.moml.MoMLSimpleApplication@77ba492f
reloadAllAccessors: .ExponentialResponse

===========================================================================================
----------------- testing Tue Aug 13 05:18:35 UTC 2019 /home/travis/build/icyphy/ptII/ptolemy/domains/continuous/test/auto/ExponentialResponseRK45.xml
----------------- Instantiating /home/travis/build/icyphy/ptII/ptolemy/domains/continuous/test/auto/ExponentialResponseRK45.xml
27 ms. Memory: 272384K Free: 227525K (84%)
----------------- Invoking toplevel() on ptolemy.moml.MoMLSimpleApplication@824eb80
----------------- Done invoking toplevel() on ptolemy.moml.MoMLSimpleApplication@824eb80
reloadAllAccessors: .ExponentialResponseRK45

===========================================================================================
----------------- testing Tue Aug 13 05:18:35 UTC 2019 /home/travis/build/icyphy/ptII/ptolemy/domains/continuous/test/auto/Friction.xml
----------------- Instantiating /home/travis/build/icyphy/ptII/ptolemy/domains/continuous/test/auto/Friction.xml
1438 ms. Memory: 272384K Free: 126199K (46%)
----------------- Invoking toplevel() on ptolemy.moml.MoMLSimpleApplication@28a066db
----------------- Done invoking toplevel() on ptolemy.moml.MoMLSimpleApplication@28a066db
reloadAllAccessors: .Friction

===========================================================================================
----------------- testing Tue Aug 13 05:18:37 UTC 2019 /home/travis/build/icyphy/ptII/ptolemy/domains/continuous/test/auto/FurutaPendulum.xml
----------------- Instantiating /home/travis/build/icyphy/ptII/ptolemy/domains/continuous/test/auto/FurutaPendulum.xml
3370 ms. Memory: 272384K Free: 116190K (43%)
----------------- Invoking toplevel() on ptolemy.moml.MoMLSimpleApplication@27989a4f
----------------- Done invoking toplevel() on ptolemy.moml.MoMLSimpleApplication@27989a4f
reloadAllAccessors: .FurutaPendulum

===========================================================================================
----------------- testing Tue Aug 13 05:18:40 UTC 2019 /home/travis/build/icyphy/ptII/ptolemy/domains/continuous/test/auto/HierarchicalExecution.xml
----------------- Instantiating /home/travis/build/icyphy/ptII/ptolemy/domains/continuous/test/auto/HierarchicalExecution.xml
1709 ms. Memory: 272384K Free: 153276K (56%)
----------------- Invoking toplevel() on ptolemy.moml.MoMLSimpleApplication@141838d
----------------- Done invoking toplevel() on ptolemy.moml.MoMLSimpleApplication@141838d
reloadAllAccessors: .HierarchicalExecution

===========================================================================================
----------------- testing Tue Aug 13 05:18:42 UTC 2019 /home/travis/build/icyphy/ptII/ptolemy/domains/continuous/test/auto/HybridPlant.xml
----------------- Instantiating /home/travis/build/icyphy/ptII/ptolemy/domains/continuous/test/auto/HybridPlant.xml
495 ms. Memory: 272384K Free: 211447K (78%)
----------------- Invoking toplevel() on ptolemy.moml.MoMLSimpleApplication@74ab6338
----------------- Done invoking toplevel() on ptolemy.moml.MoMLSimpleApplication@74ab6338
reloadAllAccessors: .HybridPlant

===========================================================================================
----------------- testing Tue Aug 13 05:18:43 UTC 2019 /home/travis/build/icyphy/ptII/ptolemy/domains/continuous/test/auto/Hysteresis.xml
----------------- Instantiating /home/travis/build/icyphy/ptII/ptolemy/domains/continuous/test/auto/Hysteresis.xml
143 ms. Memory: 272384K Free: 148983K (55%)
----------------- Invoking toplevel() on ptolemy.moml.MoMLSimpleApplication@2ff7a32e
----------------- Done invoking toplevel() on ptolemy.moml.MoMLSimpleApplication@2ff7a32e
reloadAllAccessors: .Hysteresis

===========================================================================================
----------------- testing Tue Aug 13 05:18:43 UTC 2019 /home/travis/build/icyphy/ptII/ptolemy/domains/continuous/test/auto/HysteresisWithRandomDelay.xml
----------------- Instantiating /home/travis/build/icyphy/ptII/ptolemy/domains/continuous/test/auto/HysteresisWithRandomDelay.xml
193 ms. Memory: 272384K Free: 238643K (88%)
----------------- Invoking toplevel() on ptolemy.moml.MoMLSimpleApplication@7957196e
----------------- Done invoking toplevel() on ptolemy.moml.MoMLSimpleApplication@7957196e
reloadAllAccessors: .HysteresisWithRandomDelay

===========================================================================================
----------------- testing Tue Aug 13 05:18:43 UTC 2019 /home/travis/build/icyphy/ptII/ptolemy/domains/continuous/test/auto/HysteresisWithRandomLosses.xml
----------------- Instantiating /home/travis/build/icyphy/ptII/ptolemy/domains/continuous/test/auto/HysteresisWithRandomLosses.xml
2353 ms. Memory: 272384K Free: 141940K (52%)
----------------- Invoking toplevel() on ptolemy.moml.MoMLSimpleApplication@281e52f9
----------------- Done invoking toplevel() on ptolemy.moml.MoMLSimpleApplication@281e52f9
reloadAllAccessors: .HysteresisWithRandomLosses

===========================================================================================
----------------- testing Tue Aug 13 05:18:46 UTC 2019 /home/travis/build/icyphy/ptII/ptolemy/domains/continuous/test/auto/ImmediateTransitions.xml
----------------- Instantiating /home/travis/build/icyphy/ptII/ptolemy/domains/continuous/test/auto/ImmediateTransitions.xml
10 ms. Memory: 272384K Free: 130676K (48%)
----------------- Invoking toplevel() on ptolemy.moml.MoMLSimpleApplication@54186d72
----------------- Done invoking toplevel() on ptolemy.moml.MoMLSimpleApplication@54186d72
reloadAllAccessors: .ImmediateTransitions

===========================================================================================
----------------- testing Tue Aug 13 05:18:46 UTC 2019 /home/travis/build/icyphy/ptII/ptolemy/domains/continuous/test/auto/ImpulseFeedback.xml
----------------- Instantiating /home/travis/build/icyphy/ptII/ptolemy/domains/continuous/test/auto/ImpulseFeedback.xml
9 ms. Memory: 272384K Free: 125042K (46%)
----------------- Invoking toplevel() on ptolemy.moml.MoMLSimpleApplication@654f3787
----------------- Done invoking toplevel() on ptolemy.moml.MoMLSimpleApplication@654f3787
reloadAllAccessors: .ImpulseFeedback

===========================================================================================
----------------- testing Tue Aug 13 05:18:46 UTC 2019 /home/travis/build/icyphy/ptII/ptolemy/domains/continuous/test/auto/ImpulseFeedback2.xml
----------------- Instantiating /home/travis/build/icyphy/ptII/ptolemy/domains/continuous/test/auto/ImpulseFeedback2.xml
5 ms. Memory: 272384K Free: 119412K (44%)
----------------- Invoking toplevel() on ptolemy.moml.MoMLSimpleApplication@188911d9
----------------- Done invoking toplevel() on ptolemy.moml.MoMLSimpleApplication@188911d9
reloadAllAccessors: .ImpulseFeedback2

===========================================================================================
----------------- testing Tue Aug 13 05:18:46 UTC 2019 /home/travis/build/icyphy/ptII/ptolemy/domains/continuous/test/auto/IncreasingRatePoisson.xml
----------------- Instantiating /home/travis/build/icyphy/ptII/ptolemy/domains/continuous/test/auto/IncreasingRatePoisson.xml
748 ms. Memory: 327680K Free: 224061K (68%)
----------------- Invoking toplevel() on ptolemy.moml.MoMLSimpleApplication@47ec51f8
----------------- Done invoking toplevel() on ptolemy.moml.MoMLSimpleApplication@47ec51f8
reloadAllAccessors: .IncreasingRatePoisson

===========================================================================================
----------------- testing Tue Aug 13 05:18:47 UTC 2019 /home/travis/build/icyphy/ptII/ptolemy/domains/continuous/test/auto/InitialStateFeedback.xml
----------------- Instantiating /home/travis/build/icyphy/ptII/ptolemy/domains/continuous/test/auto/InitialStateFeedback.xml
4 ms. Memory: 327680K Free: 219469K (67%)
----------------- Invoking toplevel() on ptolemy.moml.MoMLSimpleApplication@f60a408
----------------- Done invoking toplevel() on ptolemy.moml.MoMLSimpleApplication@f60a408
reloadAllAccessors: .InitialStateFeedback

===========================================================================================
----------------- testing Tue Aug 13 05:18:47 UTC 2019 /home/travis/build/icyphy/ptII/ptolemy/domains/continuous/test/auto/Integration.xml
----------------- Instantiating /home/travis/build/icyphy/ptII/ptolemy/domains/continuous/test/auto/Integration.xml
4 ms. Memory: 327680K Free: 215373K (66%)
----------------- Invoking toplevel() on ptolemy.moml.MoMLSimpleApplication@1aa3b2c5
----------------- Done invoking toplevel() on ptolemy.moml.MoMLSimpleApplication@1aa3b2c5
reloadAllAccessors: .Integration

===========================================================================================
----------------- testing Tue Aug 13 05:18:47 UTC 2019 /home/travis/build/icyphy/ptII/ptolemy/domains/continuous/test/auto/Integration2.xml
----------------- Instantiating /home/travis/build/icyphy/ptII/ptolemy/domains/continuous/test/auto/Integration2.xml
82 ms. Memory: 327680K Free: 201037K (61%)
----------------- Invoking toplevel() on ptolemy.moml.MoMLSimpleApplication@dda1884
----------------- Done invoking toplevel() on ptolemy.moml.MoMLSimpleApplication@dda1884
reloadAllAccessors: .Integration2

===========================================================================================
----------------- testing Tue Aug 13 05:18:47 UTC 2019 /home/travis/build/icyphy/ptII/ptolemy/domains/continuous/test/auto/Integration3.xml
----------------- Instantiating /home/travis/build/icyphy/ptII/ptolemy/domains/continuous/test/auto/Integration3.xml
9 ms. Memory: 327680K Free: 196427K (60%)
----------------- Invoking toplevel() on ptolemy.moml.MoMLSimpleApplication@135a4ee3
----------------- Done invoking toplevel() on ptolemy.moml.MoMLSimpleApplication@135a4ee3
reloadAllAccessors: .Integration3

===========================================================================================
----------------- testing Tue Aug 13 05:18:47 UTC 2019 /home/travis/build/icyphy/ptII/ptolemy/domains/continuous/test/auto/Integration5.xml
----------------- Instantiating /home/travis/build/icyphy/ptII/ptolemy/domains/continuous/test/auto/Integration5.xml
2 ms. Memory: 327680K Free: 192331K (59%)
----------------- Invoking toplevel() on ptolemy.moml.MoMLSimpleApplication@730395a2
----------------- Done invoking toplevel() on ptolemy.moml.MoMLSimpleApplication@730395a2
reloadAllAccessors: .Integration5

===========================================================================================
----------------- testing Tue Aug 13 05:18:47 UTC 2019 /home/travis/build/icyphy/ptII/ptolemy/domains/continuous/test/auto/IntegratorImpulse.xml
----------------- Instantiating /home/travis/build/icyphy/ptII/ptolemy/domains/continuous/test/auto/IntegratorImpulse.xml
7 ms. Memory: 327680K Free: 188205K (57%)
----------------- Invoking toplevel() on ptolemy.moml.MoMLSimpleApplication@d07f7c5
----------------- Done invoking toplevel() on ptolemy.moml.MoMLSimpleApplication@d07f7c5
reloadAllAccessors: .IntegratorImpulse

===========================================================================================
----------------- testing Tue Aug 13 05:18:47 UTC 2019 /home/travis/build/icyphy/ptII/ptolemy/domains/continuous/test/auto/IntegratorImpulse2.xml
----------------- Instantiating /home/travis/build/icyphy/ptII/ptolemy/domains/continuous/test/auto/IntegratorImpulse2.xml
5 ms. Memory: 327680K Free: 183629K (56%)
----------------- Invoking toplevel() on ptolemy.moml.MoMLSimpleApplication@42d56b34
----------------- Done invoking toplevel() on ptolemy.moml.MoMLSimpleApplication@42d56b34
reloadAllAccessors: .IntegratorImpulse2

===========================================================================================
----------------- testing Tue Aug 13 05:18:47 UTC 2019 /home/travis/build/icyphy/ptII/ptolemy/domains/continuous/test/auto/LevelCrossing1.xml
----------------- Instantiating /home/travis/build/icyphy/ptII/ptolemy/domains/continuous/test/auto/LevelCrossing1.xml
3 ms. Memory: 327680K Free: 178509K (54%)
----------------- Invoking toplevel() on ptolemy.moml.MoMLSimpleApplication@5eb68387
----------------- Done invoking toplevel() on ptolemy.moml.MoMLSimpleApplication@5eb68387
reloadAllAccessors: .LevelCrossing1

===========================================================================================
----------------- testing Tue Aug 13 05:18:47 UTC 2019 /home/travis/build/icyphy/ptII/ptolemy/domains/continuous/test/auto/LevelCrossing2.xml
----------------- Instantiating /home/travis/build/icyphy/ptII/ptolemy/domains/continuous/test/auto/LevelCrossing2.xml
3 ms. Memory: 327680K Free: 173389K (53%)
----------------- Invoking toplevel() on ptolemy.moml.MoMLSimpleApplication@16b9c36
----------------- Done invoking toplevel() on ptolemy.moml.MoMLSimpleApplication@16b9c36
reloadAllAccessors: .LevelCrossing2

===========================================================================================
----------------- testing Tue Aug 13 05:18:47 UTC 2019 /home/travis/build/icyphy/ptII/ptolemy/domains/continuous/test/auto/LevelCrossing3.xml
----------------- Instantiating /home/travis/build/icyphy/ptII/ptolemy/domains/continuous/test/auto/LevelCrossing3.xml
3 ms. Memory: 327680K Free: 168269K (51%)
----------------- Invoking toplevel() on ptolemy.moml.MoMLSimpleApplication@2959ef72
----------------- Done invoking toplevel() on ptolemy.moml.MoMLSimpleApplication@2959ef72
reloadAllAccessors: .LevelCrossing3

===========================================================================================
----------------- testing Tue Aug 13 05:18:47 UTC 2019 /home/travis/build/icyphy/ptII/ptolemy/domains/continuous/test/auto/LevelCrossing4.xml
----------------- Instantiating /home/travis/build/icyphy/ptII/ptolemy/domains/continuous/test/auto/LevelCrossing4.xml
3 ms. Memory: 327680K Free: 163149K (50%)
----------------- Invoking toplevel() on ptolemy.moml.MoMLSimpleApplication@d2aedbc
----------------- Done invoking toplevel() on ptolemy.moml.MoMLSimpleApplication@d2aedbc
reloadAllAccessors: .LevelCrossing4

===========================================================================================
----------------- testing Tue Aug 13 05:18:47 UTC 2019 /home/travis/build/icyphy/ptII/ptolemy/domains/continuous/test/auto/LevelCrossing5.xml
----------------- Instantiating /home/travis/build/icyphy/ptII/ptolemy/domains/continuous/test/auto/LevelCrossing5.xml
3 ms. Memory: 327680K Free: 158029K (48%)
----------------- Invoking toplevel() on ptolemy.moml.MoMLSimpleApplication@6869c6ff
----------------- Done invoking toplevel() on ptolemy.moml.MoMLSimpleApplication@6869c6ff
reloadAllAccessors: .LevelCrossing5

===========================================================================================
[...]
----------------- Instantiating /home/travis/build/icyphy/ptII/ptolemy/domains/continuous/test/auto/SRinContinuous.xml
4 ms. Memory: 327680K Free: 201828K (62%)
----------------- Invoking toplevel() on ptolemy.moml.MoMLSimpleApplication@6b3e024b
----------------- Done invoking toplevel() on ptolemy.moml.MoMLSimpleApplication@6b3e024b
reloadAllAccessors: .SRinContinuous

===========================================================================================
----------------- testing Tue Aug 13 05:19:04 UTC 2019 /home/travis/build/icyphy/ptII/ptolemy/domains/continuous/test/auto/SampledClocks.xml
----------------- Instantiating /home/travis/build/icyphy/ptII/ptolemy/domains/continuous/test/auto/SampledClocks.xml
10 ms. Memory: 327680K Free: 189030K (58%)
----------------- Invoking toplevel() on ptolemy.moml.MoMLSimpleApplication@25851ad9
----------------- Done invoking toplevel() on ptolemy.moml.MoMLSimpleApplication@25851ad9
reloadAllAccessors: .SampledClocks

===========================================================================================
----------------- testing Tue Aug 13 05:19:04 UTC 2019 /home/travis/build/icyphy/ptII/ptolemy/domains/continuous/test/auto/Satellite.xml
----------------- Instantiating /home/travis/build/icyphy/ptII/ptolemy/domains/continuous/test/auto/Satellite.xml
750 ms. Memory: 327680K Free: 190088K (58%)
----------------- Invoking toplevel() on ptolemy.moml.MoMLSimpleApplication@7f8345f4
----------------- Done invoking toplevel() on ptolemy.moml.MoMLSimpleApplication@7f8345f4
reloadAllAccessors: .Satellite

===========================================================================================
----------------- testing Tue Aug 13 05:19:05 UTC 2019 /home/travis/build/icyphy/ptII/ptolemy/domains/continuous/test/auto/SigmaDelta.xml
----------------- Instantiating /home/travis/build/icyphy/ptII/ptolemy/domains/continuous/test/auto/SigmaDelta.xml
2454 ms. Memory: 327680K Free: 123196K (38%)
----------------- Invoking toplevel() on ptolemy.moml.MoMLSimpleApplication@3ad94446
----------------- Done invoking toplevel() on ptolemy.moml.MoMLSimpleApplication@3ad94446
reloadAllAccessors: .SigmaDelta

===========================================================================================
----------------- testing Tue Aug 13 05:19:07 UTC 2019 /home/travis/build/icyphy/ptII/ptolemy/domains/continuous/test/auto/SingleRefinement.xml
----------------- Instantiating /home/travis/build/icyphy/ptII/ptolemy/domains/continuous/test/auto/SingleRefinement.xml
309 ms. Memory: 327680K Free: 137582K (42%)
----------------- Invoking toplevel() on ptolemy.moml.MoMLSimpleApplication@80a4e4e
----------------- Done invoking toplevel() on ptolemy.moml.MoMLSimpleApplication@80a4e4e
reloadAllAccessors: .SingleRefinement

===========================================================================================
----------------- testing Tue Aug 13 05:19:08 UTC 2019 /home/travis/build/icyphy/ptII/ptolemy/domains/continuous/test/auto/SinuBouncingBall.xml
----------------- Instantiating /home/travis/build/icyphy/ptII/ptolemy/domains/continuous/test/auto/SinuBouncingBall.xml
788 ms. Memory: 327680K Free: 119812K (37%)
----------------- Invoking toplevel() on ptolemy.moml.MoMLSimpleApplication@7772e91b
----------------- Done invoking toplevel() on ptolemy.moml.MoMLSimpleApplication@7772e91b
reloadAllAccessors: .SinuBouncingBall

===========================================================================================
----------------- testing Tue Aug 13 05:19:09 UTC 2019 /home/travis/build/icyphy/ptII/ptolemy/domains/continuous/test/auto/Sinusoid.xml
----------------- Instantiating /home/travis/build/icyphy/ptII/ptolemy/domains/continuous/test/auto/Sinusoid.xml
9 ms. Memory: 327680K Free: 311069K (95%)
----------------- Invoking toplevel() on ptolemy.moml.MoMLSimpleApplication@2205dfc4
----------------- Done invoking toplevel() on ptolemy.moml.MoMLSimpleApplication@2205dfc4
reloadAllAccessors: .Sinusoid

===========================================================================================
----------------- testing Tue Aug 13 05:19:09 UTC 2019 /home/travis/build/icyphy/ptII/ptolemy/domains/continuous/test/auto/SinusoidInNoise.xml
----------------- Instantiating /home/travis/build/icyphy/ptII/ptolemy/domains/continuous/test/auto/SinusoidInNoise.xml
1061 ms. Memory: 327680K Free: 176411K (54%)
----------------- Invoking toplevel() on ptolemy.moml.MoMLSimpleApplication@58b39780
----------------- Done invoking toplevel() on ptolemy.moml.MoMLSimpleApplication@58b39780
reloadAllAccessors: .SinusoidInNoise

===========================================================================================
----------------- testing Tue Aug 13 05:19:10 UTC 2019 /home/travis/build/icyphy/ptII/ptolemy/domains/continuous/test/auto/SinusoidRK45.xml
----------------- Instantiating /home/travis/build/icyphy/ptII/ptolemy/domains/continuous/test/auto/SinusoidRK45.xml
2 ms. Memory: 327680K Free: 172285K (53%)
----------------- Invoking toplevel() on ptolemy.moml.MoMLSimpleApplication@6fe88293
----------------- Done invoking toplevel() on ptolemy.moml.MoMLSimpleApplication@6fe88293
reloadAllAccessors: .SinusoidRK45

===========================================================================================
----------------- testing Tue Aug 13 05:19:10 UTC 2019 /home/travis/build/icyphy/ptII/ptolemy/domains/continuous/test/auto/SinusoidWithMultipleImpulses.xml
----------------- Instantiating /home/travis/build/icyphy/ptII/ptolemy/domains/continuous/test/auto/SinusoidWithMultipleImpulses.xml
3 ms. Memory: 327680K Free: 167709K (51%)
----------------- Invoking toplevel() on ptolemy.moml.MoMLSimpleApplication@f2ad024
----------------- Done invoking toplevel() on ptolemy.moml.MoMLSimpleApplication@f2ad024
reloadAllAccessors: .SinusoidWithMultipleImpulses

===========================================================================================
----------------- testing Tue Aug 13 05:19:10 UTC 2019 /home/travis/build/icyphy/ptII/ptolemy/domains/continuous/test/auto/SquareWave.xml
----------------- Instantiating /home/travis/build/icyphy/ptII/ptolemy/domains/continuous/test/auto/SquareWave.xml
177 ms. Memory: 327680K Free: 141085K (43%)
----------------- Invoking toplevel() on ptolemy.moml.MoMLSimpleApplication@236061ef
----------------- Done invoking toplevel() on ptolemy.moml.MoMLSimpleApplication@236061ef
reloadAllAccessors: .SquareWave

===========================================================================================
----------------- testing Tue Aug 13 05:19:10 UTC 2019 /home/travis/build/icyphy/ptII/ptolemy/domains/continuous/test/auto/Starmac.xml
----------------- Instantiating /home/travis/build/icyphy/ptII/ptolemy/domains/continuous/test/auto/Starmac.xml
3066 ms. Memory: 327680K Free: 215006K (66%)
----------------- Invoking toplevel() on ptolemy.moml.MoMLSimpleApplication@6dc81f03
----------------- Done invoking toplevel() on ptolemy.moml.MoMLSimpleApplication@6dc81f03
reloadAllAccessors: .Starmac

===========================================================================================
----------------- testing Tue Aug 13 05:19:14 UTC 2019 /home/travis/build/icyphy/ptII/ptolemy/domains/continuous/test/auto/StaticUnits.xml
----------------- Instantiating /home/travis/build/icyphy/ptII/ptolemy/domains/continuous/test/auto/StaticUnits.xml
2301 ms. Memory: 327680K Free: 132945K (41%)
----------------- Invoking toplevel() on ptolemy.moml.MoMLSimpleApplication@3e3272d9
----------------- Done invoking toplevel() on ptolemy.moml.MoMLSimpleApplication@3e3272d9
reloadAllAccessors: .StaticUnits

===========================================================================================
----------------- testing Tue Aug 13 05:19:16 UTC 2019 /home/travis/build/icyphy/ptII/ptolemy/domains/continuous/test/auto/StickyMasses.xml
----------------- Instantiating /home/travis/build/icyphy/ptII/ptolemy/domains/continuous/test/auto/StickyMasses.xml
132 ms. Memory: 327680K Free: 273667K (84%)
----------------- Invoking toplevel() on ptolemy.moml.MoMLSimpleApplication@65331200
----------------- Done invoking toplevel() on ptolemy.moml.MoMLSimpleApplication@65331200
reloadAllAccessors: .StickyMasses

===========================================================================================
----------------- testing Tue Aug 13 05:19:17 UTC 2019 /home/travis/build/icyphy/ptII/ptolemy/domains/continuous/test/auto/StopTime.xml
----------------- Instantiating /home/travis/build/icyphy/ptII/ptolemy/domains/continuous/test/auto/StopTime.xml
49 ms. Memory: 327680K Free: 248581K (76%)
----------------- Invoking toplevel() on ptolemy.moml.MoMLSimpleApplication@3de36cbd
----------------- Done invoking toplevel() on ptolemy.moml.MoMLSimpleApplication@3de36cbd
reloadAllAccessors: .StopTime

===========================================================================================
----------------- testing Tue Aug 13 05:19:17 UTC 2019 /home/travis/build/icyphy/ptII/ptolemy/domains/continuous/test/auto/StopTime2.xml
----------------- Instantiating /home/travis/build/icyphy/ptII/ptolemy/domains/continuous/test/auto/StopTime2.xml
36 ms. Memory: 327680K Free: 226532K (69%)
----------------- Invoking toplevel() on ptolemy.moml.MoMLSimpleApplication@74f8b920
----------------- Done invoking toplevel() on ptolemy.moml.MoMLSimpleApplication@74f8b920
reloadAllAccessors: .StopTime2

===========================================================================================
----------------- testing Tue Aug 13 05:19:17 UTC 2019 /home/travis/build/icyphy/ptII/ptolemy/domains/continuous/test/auto/Switch.xml
----------------- Instantiating /home/travis/build/icyphy/ptII/ptolemy/domains/continuous/test/auto/Switch.xml
54 ms. Memory: 327680K Free: 201956K (62%)
----------------- Invoking toplevel() on ptolemy.moml.MoMLSimpleApplication@76c9b05c
----------------- Done invoking toplevel() on ptolemy.moml.MoMLSimpleApplication@76c9b05c
reloadAllAccessors: .Switch

===========================================================================================
----------------- testing Tue Aug 13 05:19:17 UTC 2019 /home/travis/build/icyphy/ptII/ptolemy/domains/continuous/test/auto/Thermostat.xml
----------------- Instantiating /home/travis/build/icyphy/ptII/ptolemy/domains/continuous/test/auto/Thermostat.xml
188 ms. Memory: 327680K Free: 129797K (40%)
----------------- Invoking toplevel() on ptolemy.moml.MoMLSimpleApplication@74e0ee22
----------------- Done invoking toplevel() on ptolemy.moml.MoMLSimpleApplication@74e0ee22
reloadAllAccessors: .Thermostat

===========================================================================================
----------------- testing Tue Aug 13 05:19:17 UTC 2019 /home/travis/build/icyphy/ptII/ptolemy/domains/continuous/test/auto/TimeDelay.xml
----------------- Instantiating /home/travis/build/icyphy/ptII/ptolemy/domains/continuous/test/auto/TimeDelay.xml
5 ms. Memory: 327680K Free: 125180K (38%)
----------------- Invoking toplevel() on ptolemy.moml.MoMLSimpleApplication@2888045d
----------------- Done invoking toplevel() on ptolemy.moml.MoMLSimpleApplication@2888045d
reloadAllAccessors: .TimeDelay

===========================================================================================
----------------- testing Tue Aug 13 05:19:17 UTC 2019 /home/travis/build/icyphy/ptII/ptolemy/domains/continuous/test/auto/TimeDelay2.xml
----------------- Instantiating /home/travis/build/icyphy/ptII/ptolemy/domains/continuous/test/auto/TimeDelay2.xml
21 ms. Memory: 327680K Free: 305980K (93%)
----------------- Invoking toplevel() on ptolemy.moml.MoMLSimpleApplication@273c2a38
----------------- Done invoking toplevel() on ptolemy.moml.MoMLSimpleApplication@273c2a38
reloadAllAccessors: .TimeDelay2

===========================================================================================
----------------- testing Tue Aug 13 05:19:17 UTC 2019 /home/travis/build/icyphy/ptII/ptolemy/domains/continuous/test/auto/TimeDelay3.xml
----------------- Instantiating /home/travis/build/icyphy/ptII/ptolemy/domains/continuous/test/auto/TimeDelay3.xml
5 ms. Memory: 327680K Free: 301663K (92%)
----------------- Invoking toplevel() on ptolemy.moml.MoMLSimpleApplication@72c7b0fa
----------------- Done invoking toplevel() on ptolemy.moml.MoMLSimpleApplication@72c7b0fa
reloadAllAccessors: .TimeDelay3

===========================================================================================
----------------- testing Tue Aug 13 05:19:17 UTC 2019 /home/travis/build/icyphy/ptII/ptolemy/domains/continuous/test/auto/TransferAbsentToInside.xml
----------------- Instantiating /home/travis/build/icyphy/ptII/ptolemy/domains/continuous/test/auto/TransferAbsentToInside.xml
28 ms. Memory: 327680K Free: 249441K (76%)
----------------- Invoking toplevel() on ptolemy.moml.MoMLSimpleApplication@48ac90f9
----------------- Done invoking toplevel() on ptolemy.moml.MoMLSimpleApplication@48ac90f9
reloadAllAccessors: .TransferAbsentToInside

===========================================================================================
----------------- testing Tue Aug 13 05:19:17 UTC 2019 /home/travis/build/icyphy/ptII/ptolemy/domains/continuous/test/auto/Transmission.xml
----------------- Instantiating /home/travis/build/icyphy/ptII/ptolemy/domains/continuous/test/auto/Transmission.xml
780 ms. Memory: 327680K Free: 208629K (64%)
----------------- Invoking toplevel() on ptolemy.moml.MoMLSimpleApplication@590a80ad
----------------- Done invoking toplevel() on ptolemy.moml.MoMLSimpleApplication@590a80ad
reloadAllAccessors: .Transmission

===========================================================================================
----------------- testing Tue Aug 13 05:19:18 UTC 2019 /home/travis/build/icyphy/ptII/ptolemy/domains/continuous/test/auto/TriggeredContinuousClock.xml
----------------- Instantiating /home/travis/build/icyphy/ptII/ptolemy/domains/continuous/test/auto/TriggeredContinuousClock.xml
36 ms. Memory: 327680K Free: 178925K (55%)
----------------- Invoking toplevel() on ptolemy.moml.MoMLSimpleApplication@19460b4e
----------------- Done invoking toplevel() on ptolemy.moml.MoMLSimpleApplication@19460b4e
reloadAllAccessors: .TriggeredContinuousClock

===========================================================================================
----------------- testing Tue Aug 13 05:19:18 UTC 2019 /home/travis/build/icyphy/ptII/ptolemy/domains/continuous/test/auto/TwoMachineInfiniteBusControl.xml
----------------- Instantiating /home/travis/build/icyphy/ptII/ptolemy/domains/continuous/test/auto/TwoMachineInfiniteBusControl.xml
2758 ms. Memory: 327680K Free: 190156K (58%)
----------------- Invoking toplevel() on ptolemy.moml.MoMLSimpleApplication@1e300fa7
----------------- Done invoking toplevel() on ptolemy.moml.MoMLSimpleApplication@1e300fa7
reloadAllAccessors: .TwoMachineInfiniteBusControl

===========================================================================================
----------------- testing Tue Aug 13 05:19:21 UTC 2019 /home/travis/build/icyphy/ptII/ptolemy/domains/continuous/test/auto/V2V.xml
----------------- Instantiating /home/travis/build/icyphy/ptII/ptolemy/domains/continuous/test/auto/V2V.xml
752 ms. Memory: 327680K Free: 193212K (59%)
----------------- Invoking toplevel() on ptolemy.moml.MoMLSimpleApplication@1d10681
----------------- Done invoking toplevel() on ptolemy.moml.MoMLSimpleApplication@1d10681
reloadAllAccessors: .V2V

===========================================================================================
----------------- testing Tue Aug 13 05:19:22 UTC 2019 /home/travis/build/icyphy/ptII/ptolemy/domains/continuous/test/auto/hierarchicalModalModel.xml
----------------- Instantiating /home/travis/build/icyphy/ptII/ptolemy/domains/continuous/test/auto/hierarchicalModalModel.xml
8 ms. Memory: 327680K Free: 178876K (55%)
----------------- Invoking toplevel() on ptolemy.moml.MoMLSimpleApplication@f45a64a
----------------- Done invoking toplevel() on ptolemy.moml.MoMLSimpleApplication@f45a64a
reloadAllAccessors: .hierarchicalModalModel

===========================================================================================
----------------- testing Tue Aug 13 05:19:22 UTC 2019 /home/travis/build/icyphy/ptII/ptolemy/domains/continuous/test/auto/hierarchicalModalModel1.xml
----------------- Instantiating /home/travis/build/icyphy/ptII/ptolemy/domains/continuous/test/auto/hierarchicalModalModel1.xml
9 ms. Memory: 327680K Free: 164540K (50%)
----------------- Invoking toplevel() on ptolemy.moml.MoMLSimpleApplication@6b57e46
----------------- Done invoking toplevel() on ptolemy.moml.MoMLSimpleApplication@6b57e46
reloadAllAccessors: .hierarchicalModalModel1

===========================================================================================
----------------- testing Tue Aug 13 05:19:22 UTC 2019 /home/travis/build/icyphy/ptII/ptolemy/domains/continuous/test/auto/hierarchicalModalModel2.xml
----------------- Instantiating /home/travis/build/icyphy/ptII/ptolemy/domains/continuous/test/auto/hierarchicalModalModel2.xml
6 ms. Memory: 327680K Free: 152252K (46%)
----------------- Invoking toplevel() on ptolemy.moml.MoMLSimpleApplication@2efdd3d6
----------------- Done invoking toplevel() on ptolemy.moml.MoMLSimpleApplication@2efdd3d6
reloadAllAccessors: .hierarchicalModalModel2

===========================================================================================
----------------- testing Tue Aug 13 05:19:22 UTC 2019 /home/travis/build/icyphy/ptII/ptolemy/domains/continuous/test/auto/hierarchicalModalModel3.xml
----------------- Instantiating /home/travis/build/icyphy/ptII/ptolemy/domains/continuous/test/auto/hierarchicalModalModel3.xml
5 ms. Memory: 327680K Free: 141498K (43%)
----------------- Invoking toplevel() on ptolemy.moml.MoMLSimpleApplication@35a61feb
----------------- Done invoking toplevel() on ptolemy.moml.MoMLSimpleApplication@35a61feb
reloadAllAccessors: .hierarchicalModalModel3

===========================================================================================
----------------- testing Tue Aug 13 05:19:22 UTC 2019 /home/travis/build/icyphy/ptII/ptolemy/domains/continuous/test/auto/hierarchicalModalModel4.xml
----------------- Instantiating /home/travis/build/icyphy/ptII/ptolemy/domains/continuous/test/auto/hierarchicalModalModel4.xml
5 ms. Memory: 327680K Free: 129724K (40%)
----------------- Invoking toplevel() on ptolemy.moml.MoMLSimpleApplication@5d53a77b
----------------- Done invoking toplevel() on ptolemy.moml.MoMLSimpleApplication@5d53a77b
reloadAllAccessors: .hierarchicalModalModel4

===========================================================================================
----------------- testing Tue Aug 13 05:19:22 UTC 2019 /home/travis/build/icyphy/ptII/ptolemy/domains/continuous/test/auto/junk.xml
----------------- Instantiating /home/travis/build/icyphy/ptII/ptolemy/domains/continuous/test/auto/junk.xml
165 ms. Memory: 327680K Free: 293749K (90%)
----------------- Invoking toplevel() on ptolemy.moml.MoMLSimpleApplication@1989afb7
----------------- Done invoking toplevel() on ptolemy.moml.MoMLSimpleApplication@1989afb7
reloadAllAccessors: .junk
AutoTests.java: About to close Vertx.
AutoTests.java: Vertx closed.
]]></system-out>
  <system-err><![CDATA[Warning: '.HysteresisWithRandomDelay.NonStrictTest' The test produced only 221 tokens, yet the correctValues parameter was expecting 222 tokens.
Warning: '.HysteresisWithRandomDelay.NonStrictTest2' The test produced only 220 tokens, yet the correctValues parameter was expecting 221 tokens.
Warning: '.IncreasingRatePoisson.NonStrictTest' The test produced only 401 tokens, yet the correctValues parameter was expecting 402 tokens.
Warning: '.Poisson.NonStrictTest' The test produced only 370 tokens, yet the correctValues parameter was expecting 430 tokens.
]]></system-err>
</testsuite>
