<?xml version="1.0" encoding="UTF-8" ?>
<testsuite errors="0" failures="0" hostname="travis-job-c99ee07d-5b00-4b6c-a8d2-f5059d4ef448" name="ptolemy.domains.continuous.test.junit.JUnitTclTest" skipped="0" tests="156" time="77.566" timestamp="2019-03-02T00:12:37">
  <properties>
[...]
</properties>
  <testcase classname="ptolemy.util.test.junit.TclTests" name="[0] ThereAreNoTclTests (RunTclFile)" time="0.001" />
  <testcase classname="ptolemy.util.test.junit.AutoKnownFailedTests" name="[0] ThereAreNoKnowFailedTests (RunModel)" time="0.003" />
  <testcase classname="ptolemy.util.test.junit.AutoNameArchTests" name="[0] ThereAreNoAutoArchTests (RunModel)" time="0.007" />
  <testcase classname="ptolemy.util.test.junit.AutoTests" name="[0] /home/travis/build/icyphy/ptII/ptolemy/domains/continuous/test/auto/BouncingBall.xml (RunModel)" time="2.905" />
  <testcase classname="ptolemy.util.test.junit.AutoTests" name="[1] /home/travis/build/icyphy/ptII/ptolemy/domains/continuous/test/auto/BouncingBallWithoutGR.xml (RunModel)" time="0.971" />
  <testcase classname="ptolemy.util.test.junit.AutoTests" name="[2] /home/travis/build/icyphy/ptII/ptolemy/domains/continuous/test/auto/Brownian.xml (RunModel)" time="0.11" />
  <testcase classname="ptolemy.util.test.junit.AutoTests" name="[3] /home/travis/build/icyphy/ptII/ptolemy/domains/continuous/test/auto/CarTracking.xml (RunModel)" time="3.824" />
  <testcase classname="ptolemy.util.test.junit.AutoTests" name="[4] /home/travis/build/icyphy/ptII/ptolemy/domains/continuous/test/auto/CartPendulum.xml (RunModel)" time="0.538" />
  <testcase classname="ptolemy.util.test.junit.AutoTests" name="[5] /home/travis/build/icyphy/ptII/ptolemy/domains/continuous/test/auto/CausalityInterface10.xml (RunModel)" time="0.049" />
  <testcase classname="ptolemy.util.test.junit.AutoTests" name="[6] /home/travis/build/icyphy/ptII/ptolemy/domains/continuous/test/auto/CausalityInterface11.xml (RunModel)" time="0.03" />
  <testcase classname="ptolemy.util.test.junit.AutoTests" name="[7] /home/travis/build/icyphy/ptII/ptolemy/domains/continuous/test/auto/CausalityInterface12.xml (RunModel)" time="0.04" />
  <testcase classname="ptolemy.util.test.junit.AutoTests" name="[8] /home/travis/build/icyphy/ptII/ptolemy/domains/continuous/test/auto/CausalityInterface13.xml (RunModel)" time="0.035" />
  <testcase classname="ptolemy.util.test.junit.AutoTests" name="[9] /home/travis/build/icyphy/ptII/ptolemy/domains/continuous/test/auto/CausalityInterface14.xml (RunModel)" time="0.024" />
  <testcase classname="ptolemy.util.test.junit.AutoTests" name="[10] /home/travis/build/icyphy/ptII/ptolemy/domains/continuous/test/auto/CausalityInterface4.xml (RunModel)" time="0.028" />
  <testcase classname="ptolemy.util.test.junit.AutoTests" name="[11] /home/travis/build/icyphy/ptII/ptolemy/domains/continuous/test/auto/CausalityInterface5.xml (RunModel)" time="0.048" />
  <testcase classname="ptolemy.util.test.junit.AutoTests" name="[12] /home/travis/build/icyphy/ptII/ptolemy/domains/continuous/test/auto/CausalityInterface6.xml (RunModel)" time="0.026" />
  <testcase classname="ptolemy.util.test.junit.AutoTests" name="[13] /home/travis/build/icyphy/ptII/ptolemy/domains/continuous/test/auto/CausalityInterface7.xml (RunModel)" time="0.039" />
  <testcase classname="ptolemy.util.test.junit.AutoTests" name="[14] /home/travis/build/icyphy/ptII/ptolemy/domains/continuous/test/auto/CausalityInterface8.xml (RunModel)" time="0.038" />
  <testcase classname="ptolemy.util.test.junit.AutoTests" name="[15] /home/travis/build/icyphy/ptII/ptolemy/domains/continuous/test/auto/CausalityInterface9.xml (RunModel)" time="0.051" />
  <testcase classname="ptolemy.util.test.junit.AutoTests" name="[16] /home/travis/build/icyphy/ptII/ptolemy/domains/continuous/test/auto/CausalityInterfaceFeedback1.xml (RunModel)" time="0.023" />
  <testcase classname="ptolemy.util.test.junit.AutoTests" name="[17] /home/travis/build/icyphy/ptII/ptolemy/domains/continuous/test/auto/CausalityInterfaceFeedback2.xml (RunModel)" time="0.022" />
  <testcase classname="ptolemy.util.test.junit.AutoTests" name="[18] /home/travis/build/icyphy/ptII/ptolemy/domains/continuous/test/auto/CompareWithCurrentTime.xml (RunModel)" time="0.016" />
  <testcase classname="ptolemy.util.test.junit.AutoTests" name="[19] /home/travis/build/icyphy/ptII/ptolemy/domains/continuous/test/auto/ComparedClocks.xml (RunModel)" time="0.078" />
  <testcase classname="ptolemy.util.test.junit.AutoTests" name="[20] /home/travis/build/icyphy/ptII/ptolemy/domains/continuous/test/auto/ContinuousAOCClone.xml (RunModel)" time="2.613" />
  <testcase classname="ptolemy.util.test.junit.AutoTests" name="[21] /home/travis/build/icyphy/ptII/ptolemy/domains/continuous/test/auto/ContinuousClock.xml (RunModel)" time="0.091" />
  <testcase classname="ptolemy.util.test.junit.AutoTests" name="[22] /home/travis/build/icyphy/ptII/ptolemy/domains/continuous/test/auto/ContinuousInContinuous.xml (RunModel)" time="0.084" />
  <testcase classname="ptolemy.util.test.junit.AutoTests" name="[23] /home/travis/build/icyphy/ptII/ptolemy/domains/continuous/test/auto/ContinuousInContinuousInContinuous.xml (RunModel)" time="0.017" />
  <testcase classname="ptolemy.util.test.junit.AutoTests" name="[24] /home/travis/build/icyphy/ptII/ptolemy/domains/continuous/test/auto/ContinuousInDE.xml (RunModel)" time="0.093" />
  <testcase classname="ptolemy.util.test.junit.AutoTests" name="[25] /home/travis/build/icyphy/ptII/ptolemy/domains/continuous/test/auto/ContinuousInDE2.xml (RunModel)" time="0.057" />
  <testcase classname="ptolemy.util.test.junit.AutoTests" name="[26] /home/travis/build/icyphy/ptII/ptolemy/domains/continuous/test/auto/ContinuousInDE3.xml (RunModel)" time="0.051" />
  <testcase classname="ptolemy.util.test.junit.AutoTests" name="[27] /home/travis/build/icyphy/ptII/ptolemy/domains/continuous/test/auto/ContinuousInDE4.xml (RunModel)" time="0.037" />
  <testcase classname="ptolemy.util.test.junit.AutoTests" name="[28] /home/travis/build/icyphy/ptII/ptolemy/domains/continuous/test/auto/ContinuousInDEDifferentRefinements.xml (RunModel)" time="0.11" />
  <testcase classname="ptolemy.util.test.junit.AutoTests" name="[29] /home/travis/build/icyphy/ptII/ptolemy/domains/continuous/test/auto/ContinuousInDEDifferentRefinementsPreemptive.xml (RunModel)" time="0.087" />
  <testcase classname="ptolemy.util.test.junit.AutoTests" name="[30] /home/travis/build/icyphy/ptII/ptolemy/domains/continuous/test/auto/ContinuousInDEInContinuous2.xml (RunModel)" time="0.054" />
  <testcase classname="ptolemy.util.test.junit.AutoTests" name="[31] /home/travis/build/icyphy/ptII/ptolemy/domains/continuous/test/auto/ContinuousInDEInContinuous3.xml (RunModel)" time="0.058" />
  <testcase classname="ptolemy.util.test.junit.AutoTests" name="[32] /home/travis/build/icyphy/ptII/ptolemy/domains/continuous/test/auto/ContinuousInDEInput.xml (RunModel)" time="0.035" />
  <testcase classname="ptolemy.util.test.junit.AutoTests" name="[33] /home/travis/build/icyphy/ptII/ptolemy/domains/continuous/test/auto/ContinuousInDEInput2.xml (RunModel)" time="0.037" />
  <testcase classname="ptolemy.util.test.junit.AutoTests" name="[34] /home/travis/build/icyphy/ptII/ptolemy/domains/continuous/test/auto/ContinuousInDEInput3.xml (RunModel)" time="0.034" />
  <testcase classname="ptolemy.util.test.junit.AutoTests" name="[35] /home/travis/build/icyphy/ptII/ptolemy/domains/continuous/test/auto/ContinuousInDESharingRefinement.xml (RunModel)" time="0.164" />
  <testcase classname="ptolemy.util.test.junit.AutoTests" name="[36] /home/travis/build/icyphy/ptII/ptolemy/domains/continuous/test/auto/ContinuousInDEwithNoPorts.xml (RunModel)" time="0.025" />
  <testcase classname="ptolemy.util.test.junit.AutoTests" name="[37] /home/travis/build/icyphy/ptII/ptolemy/domains/continuous/test/auto/ContinuousInsideDE.xml (RunModel)" time="0.081" />
  <testcase classname="ptolemy.util.test.junit.AutoTests" name="[38] /home/travis/build/icyphy/ptII/ptolemy/domains/continuous/test/auto/ContinuousMerge1.xml (RunModel)" time="0.016" />
  <testcase classname="ptolemy.util.test.junit.AutoTests" name="[39] /home/travis/build/icyphy/ptII/ptolemy/domains/continuous/test/auto/ContinuousMerge2.xml (RunModel)" time="0.05" />
  <testcase classname="ptolemy.util.test.junit.AutoTests" name="[40] /home/travis/build/icyphy/ptII/ptolemy/domains/continuous/test/auto/ContinuousMerge3.xml (RunModel)" time="0.064" />
  <testcase classname="ptolemy.util.test.junit.AutoTests" name="[41] /home/travis/build/icyphy/ptII/ptolemy/domains/continuous/test/auto/ContinuousWithinContinuous.xml (RunModel)" time="0.061" />
  <testcase classname="ptolemy.util.test.junit.AutoTests" name="[42] /home/travis/build/icyphy/ptII/ptolemy/domains/continuous/test/auto/ContinuousWithinContinuous2.xml (RunModel)" time="0.07" />
  <testcase classname="ptolemy.util.test.junit.AutoTests" name="[43] /home/travis/build/icyphy/ptII/ptolemy/domains/continuous/test/auto/ContinuousWithinContinuous3.xml (RunModel)" time="0.026" />
  <testcase classname="ptolemy.util.test.junit.AutoTests" name="[44] /home/travis/build/icyphy/ptII/ptolemy/domains/continuous/test/auto/ContinuousWithinContinuous4.xml (RunModel)" time="0.079" />
  <testcase classname="ptolemy.util.test.junit.AutoTests" name="[45] /home/travis/build/icyphy/ptII/ptolemy/domains/continuous/test/auto/ContinuousWithinContinuous5.xml (RunModel)" time="0.028" />
  <testcase classname="ptolemy.util.test.junit.AutoTests" name="[46] /home/travis/build/icyphy/ptII/ptolemy/domains/continuous/test/auto/ContinuousWithinContinuous6.xml (RunModel)" time="0.026" />
  <testcase classname="ptolemy.util.test.junit.AutoTests" name="[47] /home/travis/build/icyphy/ptII/ptolemy/domains/continuous/test/auto/ContinuousWithinContinuous7.xml (RunModel)" time="0.071" />
  <testcase classname="ptolemy.util.test.junit.AutoTests" name="[48] /home/travis/build/icyphy/ptII/ptolemy/domains/continuous/test/auto/DCMotor.xml (RunModel)" time="15.166" />
  <testcase classname="ptolemy.util.test.junit.AutoTests" name="[49] /home/travis/build/icyphy/ptII/ptolemy/domains/continuous/test/auto/DEInContinuous.xml (RunModel)" time="0.018" />
  <testcase classname="ptolemy.util.test.junit.AutoTests" name="[50] /home/travis/build/icyphy/ptII/ptolemy/domains/continuous/test/auto/DEinContinuous2.xml (RunModel)" time="0.032" />
  <testcase classname="ptolemy.util.test.junit.AutoTests" name="[51] /home/travis/build/icyphy/ptII/ptolemy/domains/continuous/test/auto/Derivative.xml (RunModel)" time="0.208" />
  <testcase classname="ptolemy.util.test.junit.AutoTests" name="[52] /home/travis/build/icyphy/ptII/ptolemy/domains/continuous/test/auto/Derivative1.xml (RunModel)" time="0.05" />
  <testcase classname="ptolemy.util.test.junit.AutoTests" name="[53] /home/travis/build/icyphy/ptII/ptolemy/domains/continuous/test/auto/DiscreteClock.xml (RunModel)" time="0.019" />
  <testcase classname="ptolemy.util.test.junit.AutoTests" name="[54] /home/travis/build/icyphy/ptII/ptolemy/domains/continuous/test/auto/EfficiencyCurve.xml (RunModel)" time="0.1" />
  <testcase classname="ptolemy.util.test.junit.AutoTests" name="[55] /home/travis/build/icyphy/ptII/ptolemy/domains/continuous/test/auto/ExponentialResponse.xml (RunModel)" time="0.117" />
  <testcase classname="ptolemy.util.test.junit.AutoTests" name="[56] /home/travis/build/icyphy/ptII/ptolemy/domains/continuous/test/auto/ExponentialResponseRK45.xml (RunModel)" time="0.035" />
  <testcase classname="ptolemy.util.test.junit.AutoTests" name="[57] /home/travis/build/icyphy/ptII/ptolemy/domains/continuous/test/auto/Friction.xml (RunModel)" time="1.352" />
  <testcase classname="ptolemy.util.test.junit.AutoTests" name="[58] /home/travis/build/icyphy/ptII/ptolemy/domains/continuous/test/auto/FurutaPendulum.xml (RunModel)" time="3.581" />
  <testcase classname="ptolemy.util.test.junit.AutoTests" name="[59] /home/travis/build/icyphy/ptII/ptolemy/domains/continuous/test/auto/HierarchicalExecution.xml (RunModel)" time="2.45" />
  <testcase classname="ptolemy.util.test.junit.AutoTests" name="[60] /home/travis/build/icyphy/ptII/ptolemy/domains/continuous/test/auto/HybridPlant.xml (RunModel)" time="0.541" />
  <testcase classname="ptolemy.util.test.junit.AutoTests" name="[61] /home/travis/build/icyphy/ptII/ptolemy/domains/continuous/test/auto/Hysteresis.xml (RunModel)" time="0.169" />
  <testcase classname="ptolemy.util.test.junit.AutoTests" name="[62] /home/travis/build/icyphy/ptII/ptolemy/domains/continuous/test/auto/HysteresisWithRandomDelay.xml (RunModel)" time="0.223" />
  <testcase classname="ptolemy.util.test.junit.AutoTests" name="[63] /home/travis/build/icyphy/ptII/ptolemy/domains/continuous/test/auto/HysteresisWithRandomLosses.xml (RunModel)" time="2.559" />
  <testcase classname="ptolemy.util.test.junit.AutoTests" name="[64] /home/travis/build/icyphy/ptII/ptolemy/domains/continuous/test/auto/ImmediateTransitions.xml (RunModel)" time="0.028" />
  <testcase classname="ptolemy.util.test.junit.AutoTests" name="[65] /home/travis/build/icyphy/ptII/ptolemy/domains/continuous/test/auto/ImpulseFeedback.xml (RunModel)" time="0.024" />
  <testcase classname="ptolemy.util.test.junit.AutoTests" name="[66] /home/travis/build/icyphy/ptII/ptolemy/domains/continuous/test/auto/ImpulseFeedback2.xml (RunModel)" time="0.02" />
  <testcase classname="ptolemy.util.test.junit.AutoTests" name="[67] /home/travis/build/icyphy/ptII/ptolemy/domains/continuous/test/auto/IncreasingRatePoisson.xml (RunModel)" time="0.775" />
  <testcase classname="ptolemy.util.test.junit.AutoTests" name="[68] /home/travis/build/icyphy/ptII/ptolemy/domains/continuous/test/auto/InitialStateFeedback.xml (RunModel)" time="0.014" />
  <testcase classname="ptolemy.util.test.junit.AutoTests" name="[69] /home/travis/build/icyphy/ptII/ptolemy/domains/continuous/test/auto/Integration.xml (RunModel)" time="0.009" />
  <testcase classname="ptolemy.util.test.junit.AutoTests" name="[70] /home/travis/build/icyphy/ptII/ptolemy/domains/continuous/test/auto/Integration2.xml (RunModel)" time="0.095" />
  <testcase classname="ptolemy.util.test.junit.AutoTests" name="[71] /home/travis/build/icyphy/ptII/ptolemy/domains/continuous/test/auto/Integration3.xml (RunModel)" time="0.011" />
  <testcase classname="ptolemy.util.test.junit.AutoTests" name="[72] /home/travis/build/icyphy/ptII/ptolemy/domains/continuous/test/auto/Integration5.xml (RunModel)" time="0.015" />
  <testcase classname="ptolemy.util.test.junit.AutoTests" name="[73] /home/travis/build/icyphy/ptII/ptolemy/domains/continuous/test/auto/IntegratorImpulse.xml (RunModel)" time="0.01" />
  <testcase classname="ptolemy.util.test.junit.AutoTests" name="[74] /home/travis/build/icyphy/ptII/ptolemy/domains/continuous/test/auto/IntegratorImpulse2.xml (RunModel)" time="0.011" />
  <testcase classname="ptolemy.util.test.junit.AutoTests" name="[75] /home/travis/build/icyphy/ptII/ptolemy/domains/continuous/test/auto/LevelCrossing1.xml (RunModel)" time="0.011" />
  <testcase classname="ptolemy.util.test.junit.AutoTests" name="[76] /home/travis/build/icyphy/ptII/ptolemy/domains/continuous/test/auto/LevelCrossing2.xml (RunModel)" time="0.012" />
  <testcase classname="ptolemy.util.test.junit.AutoTests" name="[77] /home/travis/build/icyphy/ptII/ptolemy/domains/continuous/test/auto/LevelCrossing3.xml (RunModel)" time="0.012" />
  <testcase classname="ptolemy.util.test.junit.AutoTests" name="[78] /home/travis/build/icyphy/ptII/ptolemy/domains/continuous/test/auto/LevelCrossing4.xml (RunModel)" time="0.013" />
  <testcase classname="ptolemy.util.test.junit.AutoTests" name="[79] /home/travis/build/icyphy/ptII/ptolemy/domains/continuous/test/auto/LevelCrossing5.xml (RunModel)" time="0.012" />
  <testcase classname="ptolemy.util.test.junit.AutoTests" name="[80] /home/travis/build/icyphy/ptII/ptolemy/domains/continuous/test/auto/LevelCrossing6.xml (RunModel)" time="0.012" />
  <testcase classname="ptolemy.util.test.junit.AutoTests" name="[81] /home/travis/build/icyphy/ptII/ptolemy/domains/continuous/test/auto/LevelCrossingDetector.xml (RunModel)" time="0.035" />
  <testcase classname="ptolemy.util.test.junit.AutoTests" name="[82] /home/travis/build/icyphy/ptII/ptolemy/domains/continuous/test/auto/LevelCrossingDetectorDetectingDirections.xml (RunModel)" time="0.081" />
  <testcase classname="ptolemy.util.test.junit.AutoTests" name="[83] /home/travis/build/icyphy/ptII/ptolemy/domains/continuous/test/auto/LevelCrossingDetectorDetectsGlitches.xml (RunModel)" time="0.068" />
  <testcase classname="ptolemy.util.test.junit.AutoTests" name="[84] /home/travis/build/icyphy/ptII/ptolemy/domains/continuous/test/auto/LevelCrossingNoInitialOuput.xml (RunModel)" time="0.015" />
  <testcase classname="ptolemy.util.test.junit.AutoTests" name="[85] /home/travis/build/icyphy/ptII/ptolemy/domains/continuous/test/auto/LinearStateSpaceExample.xml (RunModel)" time="0.047" />
  <testcase classname="ptolemy.util.test.junit.AutoTests" name="[86] /home/travis/build/icyphy/ptII/ptolemy/domains/continuous/test/auto/Lorenz.xml (RunModel)" time="4.9" />
  <testcase classname="ptolemy.util.test.junit.AutoTests" name="[87] /home/travis/build/icyphy/ptII/ptolemy/domains/continuous/test/auto/LorenzDifferentialSystem.xml (RunModel)" time="1.254" />
  <testcase classname="ptolemy.util.test.junit.AutoTests" name="[88] /home/travis/build/icyphy/ptII/ptolemy/domains/continuous/test/auto/LorenzDifferentialSystemWithInput.xml (RunModel)" time="1.483" />
  <testcase classname="ptolemy.util.test.junit.AutoTests" name="[89] /home/travis/build/icyphy/ptII/ptolemy/domains/continuous/test/auto/LorenzDifferentialSystemWithTime.xml (RunModel)" time="0.881" />
  <testcase classname="ptolemy.util.test.junit.AutoTests" name="[90] /home/travis/build/icyphy/ptII/ptolemy/domains/continuous/test/auto/Microsteps.xml (RunModel)" time="0.021" />
  <testcase classname="ptolemy.util.test.junit.AutoTests" name="[91] /home/travis/build/icyphy/ptII/ptolemy/domains/continuous/test/auto/Modal1.xml (RunModel)" time="0.037" />
  <testcase classname="ptolemy.util.test.junit.AutoTests" name="[92] /home/travis/build/icyphy/ptII/ptolemy/domains/continuous/test/auto/Modal2.xml (RunModel)" time="0.053" />
  <testcase classname="ptolemy.util.test.junit.AutoTests" name="[93] /home/travis/build/icyphy/ptII/ptolemy/domains/continuous/test/auto/ModalTransitionGuardWithReset.xml (RunModel)" time="0.023" />
  <testcase classname="ptolemy.util.test.junit.AutoTests" name="[94] /home/travis/build/icyphy/ptII/ptolemy/domains/continuous/test/auto/ModalTransitionGuardWithResetUsingPreemptiveTransition.xml (RunModel)" time="0.023" />
  <testcase classname="ptolemy.util.test.junit.AutoTests" name="[95] /home/travis/build/icyphy/ptII/ptolemy/domains/continuous/test/auto/ModalTransitionGuardWithResetUsingPreemptiveTransition2.xml (RunModel)" time="0.031" />
  <testcase classname="ptolemy.util.test.junit.AutoTests" name="[96] /home/travis/build/icyphy/ptII/ptolemy/domains/continuous/test/auto/ModalTransitionGuardWithResetUsingPreemptiveTransition3.xml (RunModel)" time="0.033" />
  <testcase classname="ptolemy.util.test.junit.AutoTests" name="[97] /home/travis/build/icyphy/ptII/ptolemy/domains/continuous/test/auto/NewtonsCradle.xml (RunModel)" time="0.804" />
  <testcase classname="ptolemy.util.test.junit.AutoTests" name="[98] /home/travis/build/icyphy/ptII/ptolemy/domains/continuous/test/auto/NewtonsCradleAnimated.xml (RunModel)" time="1.371" />
  <testcase classname="ptolemy.util.test.junit.AutoTests" name="[99] /home/travis/build/icyphy/ptII/ptolemy/domains/continuous/test/auto/NewtonsCradleComplicated.xml (RunModel)" time="0.936" />
  <testcase classname="ptolemy.util.test.junit.AutoTests" name="[100] /home/travis/build/icyphy/ptII/ptolemy/domains/continuous/test/auto/NewtonsCradleNondeterministic.xml (RunModel)" time="0.739" />
  <testcase classname="ptolemy.util.test.junit.AutoTests" name="[101] /home/travis/build/icyphy/ptII/ptolemy/domains/continuous/test/auto/NewtonsCradlePerfectlyInelastic1.xml (RunModel)" time="1.273" />
  <testcase classname="ptolemy.util.test.junit.AutoTests" name="[102] /home/travis/build/icyphy/ptII/ptolemy/domains/continuous/test/auto/Noise.xml (RunModel)" time="0.179" />
  <testcase classname="ptolemy.util.test.junit.AutoTests" name="[103] /home/travis/build/icyphy/ptII/ptolemy/domains/continuous/test/auto/NoiseSpectrum.xml (RunModel)" time="0.783" />
  <testcase classname="ptolemy.util.test.junit.AutoTests" name="[104] /home/travis/build/icyphy/ptII/ptolemy/domains/continuous/test/auto/ParameterizedNewtonsCradleAnimated.xml (RunModel)" time="0.368" />
  <testcase classname="ptolemy.util.test.junit.AutoTests" name="[105] /home/travis/build/icyphy/ptII/ptolemy/domains/continuous/test/auto/ParameterizedNewtonsCradleAnimatedNondeterministic.xml (RunModel)" time="1.179" />
  <testcase classname="ptolemy.util.test.junit.AutoTests" name="[106] /home/travis/build/icyphy/ptII/ptolemy/domains/continuous/test/auto/Pendulum3D.xml (RunModel)" time="0.174" />
  <testcase classname="ptolemy.util.test.junit.AutoTests" name="[107] /home/travis/build/icyphy/ptII/ptolemy/domains/continuous/test/auto/PeriodicSampler.xml (RunModel)" time="0.012" />
  <testcase classname="ptolemy.util.test.junit.AutoTests" name="[108] /home/travis/build/icyphy/ptII/ptolemy/domains/continuous/test/auto/PeriodicSampler1.xml (RunModel)" time="0.042" />
  <testcase classname="ptolemy.util.test.junit.AutoTests" name="[109] /home/travis/build/icyphy/ptII/ptolemy/domains/continuous/test/auto/PeriodicSampler2.xml (RunModel)" time="0.072" />
  <testcase classname="ptolemy.util.test.junit.AutoTests" name="[110] /home/travis/build/icyphy/ptII/ptolemy/domains/continuous/test/auto/Poisson.xml (RunModel)" time="0.472" />
  <testcase classname="ptolemy.util.test.junit.AutoTests" name="[111] /home/travis/build/icyphy/ptII/ptolemy/domains/continuous/test/auto/PoissonClock.xml (RunModel)" time="0.011" />
  <testcase classname="ptolemy.util.test.junit.AutoTests" name="[112] /home/travis/build/icyphy/ptII/ptolemy/domains/continuous/test/auto/PoissonClock2.xml (RunModel)" time="0.011" />
  <testcase classname="ptolemy.util.test.junit.AutoTests" name="[113] /home/travis/build/icyphy/ptII/ptolemy/domains/continuous/test/auto/PortParameterHierarchy.xml (RunModel)" time="0.017" />
  <testcase classname="ptolemy.util.test.junit.AutoTests" name="[114] /home/travis/build/icyphy/ptII/ptolemy/domains/continuous/test/auto/RandomHybridPlant.xml (RunModel)" time="0.522" />
  <testcase classname="ptolemy.util.test.junit.AutoTests" name="[115] /home/travis/build/icyphy/ptII/ptolemy/domains/continuous/test/auto/ResetTransitionWithStartTime1.xml (RunModel)" time="0.024" />
  <testcase classname="ptolemy.util.test.junit.AutoTests" name="[116] /home/travis/build/icyphy/ptII/ptolemy/domains/continuous/test/auto/ResetTransitionWithStartTime2.xml (RunModel)" time="0.039" />
  <testcase classname="ptolemy.util.test.junit.AutoTests" name="[117] /home/travis/build/icyphy/ptII/ptolemy/domains/continuous/test/auto/ResetTransitionWithStartTime3.xml (RunModel)" time="0.037" />
  <testcase classname="ptolemy.util.test.junit.AutoTests" name="[118] /home/travis/build/icyphy/ptII/ptolemy/domains/continuous/test/auto/ResetTransitionWithStartTime4.xml (RunModel)" time="0.024" />
  <testcase classname="ptolemy.util.test.junit.AutoTests" name="[119] /home/travis/build/icyphy/ptII/ptolemy/domains/continuous/test/auto/ResetTransitionWithStartTime5.xml (RunModel)" time="0.036" />
  <testcase classname="ptolemy.util.test.junit.AutoTests" name="[120] /home/travis/build/icyphy/ptII/ptolemy/domains/continuous/test/auto/ResetTransitionWithStartTime6.xml (RunModel)" time="0.033" />
  <testcase classname="ptolemy.util.test.junit.AutoTests" name="[121] /home/travis/build/icyphy/ptII/ptolemy/domains/continuous/test/auto/SRinContinuous.xml (RunModel)" time="0.021" />
  <testcase classname="ptolemy.util.test.junit.AutoTests" name="[122] /home/travis/build/icyphy/ptII/ptolemy/domains/continuous/test/auto/SampledClocks.xml (RunModel)" time="0.023" />
  <testcase classname="ptolemy.util.test.junit.AutoTests" name="[123] /home/travis/build/icyphy/ptII/ptolemy/domains/continuous/test/auto/Satellite.xml (RunModel)" time="0.87" />
  <testcase classname="ptolemy.util.test.junit.AutoTests" name="[124] /home/travis/build/icyphy/ptII/ptolemy/domains/continuous/test/auto/SigmaDelta.xml (RunModel)" time="2.694" />
  <testcase classname="ptolemy.util.test.junit.AutoTests" name="[125] /home/travis/build/icyphy/ptII/ptolemy/domains/continuous/test/auto/SingleRefinement.xml (RunModel)" time="0.499" />
  <testcase classname="ptolemy.util.test.junit.AutoTests" name="[126] /home/travis/build/icyphy/ptII/ptolemy/domains/continuous/test/auto/SinuBouncingBall.xml (RunModel)" time="0.867" />
  <testcase classname="ptolemy.util.test.junit.AutoTests" name="[127] /home/travis/build/icyphy/ptII/ptolemy/domains/continuous/test/auto/Sinusoid.xml (RunModel)" time="0.016" />
  <testcase classname="ptolemy.util.test.junit.AutoTests" name="[128] /home/travis/build/icyphy/ptII/ptolemy/domains/continuous/test/auto/SinusoidInNoise.xml (RunModel)" time="1.036" />
  <testcase classname="ptolemy.util.test.junit.AutoTests" name="[129] /home/travis/build/icyphy/ptII/ptolemy/domains/continuous/test/auto/SinusoidRK45.xml (RunModel)" time="0.009" />
  <testcase classname="ptolemy.util.test.junit.AutoTests" name="[130] /home/travis/build/icyphy/ptII/ptolemy/domains/continuous/test/auto/SinusoidWithMultipleImpulses.xml (RunModel)" time="0.011" />
  <testcase classname="ptolemy.util.test.junit.AutoTests" name="[131] /home/travis/build/icyphy/ptII/ptolemy/domains/continuous/test/auto/SquareWave.xml (RunModel)" time="0.193" />
  <testcase classname="ptolemy.util.test.junit.AutoTests" name="[132] /home/travis/build/icyphy/ptII/ptolemy/domains/continuous/test/auto/Starmac.xml (RunModel)" time="3.364" />
  <testcase classname="ptolemy.util.test.junit.AutoTests" name="[133] /home/travis/build/icyphy/ptII/ptolemy/domains/continuous/test/auto/StaticUnits.xml (RunModel)" time="2.519" />
  <testcase classname="ptolemy.util.test.junit.AutoTests" name="[134] /home/travis/build/icyphy/ptII/ptolemy/domains/continuous/test/auto/StickyMasses.xml (RunModel)" time="0.176" />
  <testcase classname="ptolemy.util.test.junit.AutoTests" name="[135] /home/travis/build/icyphy/ptII/ptolemy/domains/continuous/test/auto/StopTime.xml (RunModel)" time="0.08" />
  <testcase classname="ptolemy.util.test.junit.AutoTests" name="[136] /home/travis/build/icyphy/ptII/ptolemy/domains/continuous/test/auto/StopTime2.xml (RunModel)" time="0.113" />
  <testcase classname="ptolemy.util.test.junit.AutoTests" name="[137] /home/travis/build/icyphy/ptII/ptolemy/domains/continuous/test/auto/Switch.xml (RunModel)" time="0.064" />
  <testcase classname="ptolemy.util.test.junit.AutoTests" name="[138] /home/travis/build/icyphy/ptII/ptolemy/domains/continuous/test/auto/Thermostat.xml (RunModel)" time="0.226" />
  <testcase classname="ptolemy.util.test.junit.AutoTests" name="[139] /home/travis/build/icyphy/ptII/ptolemy/domains/continuous/test/auto/TimeDelay.xml (RunModel)" time="0.014" />
  <testcase classname="ptolemy.util.test.junit.AutoTests" name="[140] /home/travis/build/icyphy/ptII/ptolemy/domains/continuous/test/auto/TimeDelay2.xml (RunModel)" time="0.019" />
  <testcase classname="ptolemy.util.test.junit.AutoTests" name="[141] /home/travis/build/icyphy/ptII/ptolemy/domains/continuous/test/auto/TimeDelay3.xml (RunModel)" time="0.015" />
  <testcase classname="ptolemy.util.test.junit.AutoTests" name="[142] /home/travis/build/icyphy/ptII/ptolemy/domains/continuous/test/auto/TransferAbsentToInside.xml (RunModel)" time="0.096" />
  <testcase classname="ptolemy.util.test.junit.AutoTests" name="[143] /home/travis/build/icyphy/ptII/ptolemy/domains/continuous/test/auto/Transmission.xml (RunModel)" time="0.815" />
  <testcase classname="ptolemy.util.test.junit.AutoTests" name="[144] /home/travis/build/icyphy/ptII/ptolemy/domains/continuous/test/auto/TriggeredContinuousClock.xml (RunModel)" time="0.085" />
  <testcase classname="ptolemy.util.test.junit.AutoTests" name="[145] /home/travis/build/icyphy/ptII/ptolemy/domains/continuous/test/auto/TwoMachineInfiniteBusControl.xml (RunModel)" time="2.771" />
  <testcase classname="ptolemy.util.test.junit.AutoTests" name="[146] /home/travis/build/icyphy/ptII/ptolemy/domains/continuous/test/auto/V2V.xml (RunModel)" time="0.818" />
  <testcase classname="ptolemy.util.test.junit.AutoTests" name="[147] /home/travis/build/icyphy/ptII/ptolemy/domains/continuous/test/auto/hierarchicalModalModel.xml (RunModel)" time="0.042" />
  <testcase classname="ptolemy.util.test.junit.AutoTests" name="[148] /home/travis/build/icyphy/ptII/ptolemy/domains/continuous/test/auto/hierarchicalModalModel1.xml (RunModel)" time="0.034" />
  <testcase classname="ptolemy.util.test.junit.AutoTests" name="[149] /home/travis/build/icyphy/ptII/ptolemy/domains/continuous/test/auto/hierarchicalModalModel2.xml (RunModel)" time="0.027" />
  <testcase classname="ptolemy.util.test.junit.AutoTests" name="[150] /home/travis/build/icyphy/ptII/ptolemy/domains/continuous/test/auto/hierarchicalModalModel3.xml (RunModel)" time="0.025" />
  <testcase classname="ptolemy.util.test.junit.AutoTests" name="[151] /home/travis/build/icyphy/ptII/ptolemy/domains/continuous/test/auto/hierarchicalModalModel4.xml (RunModel)" time="0.035" />
  <testcase classname="ptolemy.util.test.junit.AutoTests" name="[152] /home/travis/build/icyphy/ptII/ptolemy/domains/continuous/test/auto/junk.xml (RunModel)" time="0.14" />
  <system-out><![CDATA[No tcl tests in /home/travis/build/icyphy/ptII/ptolemy/domains/continuous/test
No auto/knownFailedTests/*.xml tests in /home/travis/build/icyphy/ptII/ptolemy/domains/continuous/test
No auto/linux-amd64/*.xml tests in /home/travis/build/icyphy/ptII/ptolemy/domains/continuous/test
AutoTests.java: About to close Vertx.
AutoTests.java: Vertx closed.

===========================================================================================
----------------- testing Sat Mar 02 00:12:37 UTC 2019 /home/travis/build/icyphy/ptII/ptolemy/domains/continuous/test/auto/BouncingBall.xml
----------------- Instantiating /home/travis/build/icyphy/ptII/ptolemy/domains/continuous/test/auto/BouncingBall.xml
2412 ms. Memory: 331776K Free: 262883K (79%)
----------------- Invoking toplevel() on ptolemy.moml.MoMLSimpleApplication@64190929
----------------- Done invoking toplevel() on ptolemy.moml.MoMLSimpleApplication@64190929
reloadAllAccessors: .BouncingBall

===========================================================================================
----------------- testing Sat Mar 02 00:12:40 UTC 2019 /home/travis/build/icyphy/ptII/ptolemy/domains/continuous/test/auto/BouncingBallWithoutGR.xml
----------------- Instantiating /home/travis/build/icyphy/ptII/ptolemy/domains/continuous/test/auto/BouncingBallWithoutGR.xml
826 ms. Memory: 331776K Free: 318076K (96%)
----------------- Invoking toplevel() on ptolemy.moml.MoMLSimpleApplication@22500d19
----------------- Done invoking toplevel() on ptolemy.moml.MoMLSimpleApplication@22500d19
reloadAllAccessors: .BouncingBallWithoutGR

===========================================================================================
----------------- testing Sat Mar 02 00:12:41 UTC 2019 /home/travis/build/icyphy/ptII/ptolemy/domains/continuous/test/auto/Brownian.xml
----------------- Instantiating /home/travis/build/icyphy/ptII/ptolemy/domains/continuous/test/auto/Brownian.xml
43 ms. Memory: 331776K Free: 304382K (92%)
----------------- Invoking toplevel() on ptolemy.moml.MoMLSimpleApplication@5b4525f6
----------------- Done invoking toplevel() on ptolemy.moml.MoMLSimpleApplication@5b4525f6
reloadAllAccessors: .Brownian

===========================================================================================
----------------- testing Sat Mar 02 00:12:41 UTC 2019 /home/travis/build/icyphy/ptII/ptolemy/domains/continuous/test/auto/CarTracking.xml
----------------- Instantiating /home/travis/build/icyphy/ptII/ptolemy/domains/continuous/test/auto/CarTracking.xml
3369 ms. Memory: 578560K Free: 464993K (80%)
----------------- Invoking toplevel() on ptolemy.moml.MoMLSimpleApplication@79f1d114
----------------- Done invoking toplevel() on ptolemy.moml.MoMLSimpleApplication@79f1d114
reloadAllAccessors: .CarTracking

===========================================================================================
----------------- testing Sat Mar 02 00:12:45 UTC 2019 /home/travis/build/icyphy/ptII/ptolemy/domains/continuous/test/auto/CartPendulum.xml
----------------- Instantiating /home/travis/build/icyphy/ptII/ptolemy/domains/continuous/test/auto/CartPendulum.xml
411 ms. Memory: 578560K Free: 354116K (61%)
----------------- Invoking toplevel() on ptolemy.moml.MoMLSimpleApplication@5060d216
----------------- Done invoking toplevel() on ptolemy.moml.MoMLSimpleApplication@5060d216
reloadAllAccessors: .CartPendulum

===========================================================================================
----------------- testing Sat Mar 02 00:12:46 UTC 2019 /home/travis/build/icyphy/ptII/ptolemy/domains/continuous/test/auto/CausalityInterface10.xml
----------------- Instantiating /home/travis/build/icyphy/ptII/ptolemy/domains/continuous/test/auto/CausalityInterface10.xml
10 ms. Memory: 578560K Free: 340992K (59%)
----------------- Invoking toplevel() on ptolemy.moml.MoMLSimpleApplication@1576bb9e
----------------- Done invoking toplevel() on ptolemy.moml.MoMLSimpleApplication@1576bb9e
reloadAllAccessors: .CausalityInterface10

===========================================================================================
----------------- testing Sat Mar 02 00:12:46 UTC 2019 /home/travis/build/icyphy/ptII/ptolemy/domains/continuous/test/auto/CausalityInterface11.xml
----------------- Instantiating /home/travis/build/icyphy/ptII/ptolemy/domains/continuous/test/auto/CausalityInterface11.xml
9 ms. Memory: 578560K Free: 331146K (57%)
----------------- Invoking toplevel() on ptolemy.moml.MoMLSimpleApplication@4c09bb1b
----------------- Done invoking toplevel() on ptolemy.moml.MoMLSimpleApplication@4c09bb1b
reloadAllAccessors: .CausalityInterface11

===========================================================================================
----------------- testing Sat Mar 02 00:12:46 UTC 2019 /home/travis/build/icyphy/ptII/ptolemy/domains/continuous/test/auto/CausalityInterface12.xml
----------------- Instantiating /home/travis/build/icyphy/ptII/ptolemy/domains/continuous/test/auto/CausalityInterface12.xml
10 ms. Memory: 578560K Free: 318424K (55%)
----------------- Invoking toplevel() on ptolemy.moml.MoMLSimpleApplication@3e3b7392
----------------- Done invoking toplevel() on ptolemy.moml.MoMLSimpleApplication@3e3b7392
reloadAllAccessors: .CausalityInterface12

===========================================================================================
----------------- testing Sat Mar 02 00:12:46 UTC 2019 /home/travis/build/icyphy/ptII/ptolemy/domains/continuous/test/auto/CausalityInterface13.xml
----------------- Instantiating /home/travis/build/icyphy/ptII/ptolemy/domains/continuous/test/auto/CausalityInterface13.xml
6 ms. Memory: 578560K Free: 308593K (53%)
----------------- Invoking toplevel() on ptolemy.moml.MoMLSimpleApplication@ce0c5d8
----------------- Done invoking toplevel() on ptolemy.moml.MoMLSimpleApplication@ce0c5d8
reloadAllAccessors: .CausalityInterface13

===========================================================================================
----------------- testing Sat Mar 02 00:12:46 UTC 2019 /home/travis/build/icyphy/ptII/ptolemy/domains/continuous/test/auto/CausalityInterface14.xml
----------------- Instantiating /home/travis/build/icyphy/ptII/ptolemy/domains/continuous/test/auto/CausalityInterface14.xml
3 ms. Memory: 578560K Free: 298747K (52%)
----------------- Invoking toplevel() on ptolemy.moml.MoMLSimpleApplication@6fe00256
----------------- Done invoking toplevel() on ptolemy.moml.MoMLSimpleApplication@6fe00256
reloadAllAccessors: .CausalityInterface14

===========================================================================================
----------------- testing Sat Mar 02 00:12:46 UTC 2019 /home/travis/build/icyphy/ptII/ptolemy/domains/continuous/test/auto/CausalityInterface4.xml
----------------- Instantiating /home/travis/build/icyphy/ptII/ptolemy/domains/continuous/test/auto/CausalityInterface4.xml
5 ms. Memory: 578560K Free: 288916K (50%)
----------------- Invoking toplevel() on ptolemy.moml.MoMLSimpleApplication@158c76c2
----------------- Done invoking toplevel() on ptolemy.moml.MoMLSimpleApplication@158c76c2
reloadAllAccessors: .CausalityInterface4

===========================================================================================
----------------- testing Sat Mar 02 00:12:46 UTC 2019 /home/travis/build/icyphy/ptII/ptolemy/domains/continuous/test/auto/CausalityInterface5.xml
----------------- Instantiating /home/travis/build/icyphy/ptII/ptolemy/domains/continuous/test/auto/CausalityInterface5.xml
6 ms. Memory: 578560K Free: 272902K (47%)
----------------- Invoking toplevel() on ptolemy.moml.MoMLSimpleApplication@7213e88a
----------------- Done invoking toplevel() on ptolemy.moml.MoMLSimpleApplication@7213e88a
reloadAllAccessors: .CausalityInterface5

===========================================================================================
----------------- testing Sat Mar 02 00:12:46 UTC 2019 /home/travis/build/icyphy/ptII/ptolemy/domains/continuous/test/auto/CausalityInterface6.xml
----------------- Instantiating /home/travis/build/icyphy/ptII/ptolemy/domains/continuous/test/auto/CausalityInterface6.xml
5 ms. Memory: 578560K Free: 263055K (45%)
----------------- Invoking toplevel() on ptolemy.moml.MoMLSimpleApplication@5b87eb22
----------------- Done invoking toplevel() on ptolemy.moml.MoMLSimpleApplication@5b87eb22
reloadAllAccessors: .CausalityInterface6

===========================================================================================
----------------- testing Sat Mar 02 00:12:46 UTC 2019 /home/travis/build/icyphy/ptII/ptolemy/domains/continuous/test/auto/CausalityInterface7.xml
----------------- Instantiating /home/travis/build/icyphy/ptII/ptolemy/domains/continuous/test/auto/CausalityInterface7.xml
12 ms. Memory: 578560K Free: 249940K (43%)
----------------- Invoking toplevel() on ptolemy.moml.MoMLSimpleApplication@1270fdca
----------------- Done invoking toplevel() on ptolemy.moml.MoMLSimpleApplication@1270fdca
reloadAllAccessors: .CausalityInterface7

===========================================================================================
----------------- testing Sat Mar 02 00:12:46 UTC 2019 /home/travis/build/icyphy/ptII/ptolemy/domains/continuous/test/auto/CausalityInterface8.xml
----------------- Instantiating /home/travis/build/icyphy/ptII/ptolemy/domains/continuous/test/auto/CausalityInterface8.xml
6 ms. Memory: 578560K Free: 236785K (41%)
----------------- Invoking toplevel() on ptolemy.moml.MoMLSimpleApplication@575a44e0
----------------- Done invoking toplevel() on ptolemy.moml.MoMLSimpleApplication@575a44e0
reloadAllAccessors: .CausalityInterface8

===========================================================================================
----------------- testing Sat Mar 02 00:12:46 UTC 2019 /home/travis/build/icyphy/ptII/ptolemy/domains/continuous/test/auto/CausalityInterface9.xml
----------------- Instantiating /home/travis/build/icyphy/ptII/ptolemy/domains/continuous/test/auto/CausalityInterface9.xml
4 ms. Memory: 578560K Free: 220778K (38%)
----------------- Invoking toplevel() on ptolemy.moml.MoMLSimpleApplication@33d0c486
----------------- Done invoking toplevel() on ptolemy.moml.MoMLSimpleApplication@33d0c486
reloadAllAccessors: .CausalityInterface9

===========================================================================================
----------------- testing Sat Mar 02 00:12:46 UTC 2019 /home/travis/build/icyphy/ptII/ptolemy/domains/continuous/test/auto/CausalityInterfaceFeedback1.xml
----------------- Instantiating /home/travis/build/icyphy/ptII/ptolemy/domains/continuous/test/auto/CausalityInterfaceFeedback1.xml
8 ms. Memory: 578560K Free: 210947K (36%)
----------------- Invoking toplevel() on ptolemy.moml.MoMLSimpleApplication@7ed92c96
----------------- Done invoking toplevel() on ptolemy.moml.MoMLSimpleApplication@7ed92c96
reloadAllAccessors: .CausalityInterfaceFeedback1

===========================================================================================
----------------- testing Sat Mar 02 00:12:46 UTC 2019 /home/travis/build/icyphy/ptII/ptolemy/domains/continuous/test/auto/CausalityInterfaceFeedback2.xml
----------------- Instantiating /home/travis/build/icyphy/ptII/ptolemy/domains/continuous/test/auto/CausalityInterfaceFeedback2.xml
3 ms. Memory: 578560K Free: 201101K (35%)
----------------- Invoking toplevel() on ptolemy.moml.MoMLSimpleApplication@66bebbc2
----------------- Done invoking toplevel() on ptolemy.moml.MoMLSimpleApplication@66bebbc2
reloadAllAccessors: .CausalityInterfaceFeedback2

===========================================================================================
----------------- testing Sat Mar 02 00:12:46 UTC 2019 /home/travis/build/icyphy/ptII/ptolemy/domains/continuous/test/auto/CompareWithCurrentTime.xml
----------------- Instantiating /home/travis/build/icyphy/ptII/ptolemy/domains/continuous/test/auto/CompareWithCurrentTime.xml
3 ms. Memory: 578560K Free: 191664K (33%)
----------------- Invoking toplevel() on ptolemy.moml.MoMLSimpleApplication@4eb5c63f
----------------- Done invoking toplevel() on ptolemy.moml.MoMLSimpleApplication@4eb5c63f
reloadAllAccessors: .CompareWithCurrentTime

===========================================================================================
----------------- testing Sat Mar 02 00:12:46 UTC 2019 /home/travis/build/icyphy/ptII/ptolemy/domains/continuous/test/auto/ComparedClocks.xml
----------------- Instantiating /home/travis/build/icyphy/ptII/ptolemy/domains/continuous/test/auto/ComparedClocks.xml
10 ms. Memory: 578560K Free: 171971K (30%)
----------------- Invoking toplevel() on ptolemy.moml.MoMLSimpleApplication@6e94e38d
----------------- Done invoking toplevel() on ptolemy.moml.MoMLSimpleApplication@6e94e38d
reloadAllAccessors: .ComparedClocks

===========================================================================================
----------------- testing Sat Mar 02 00:12:46 UTC 2019 /home/travis/build/icyphy/ptII/ptolemy/domains/continuous/test/auto/ContinuousAOCClone.xml
----------------- Instantiating /home/travis/build/icyphy/ptII/ptolemy/domains/continuous/test/auto/ContinuousAOCClone.xml
2394 ms. Memory: 872960K Free: 441683K (51%)
----------------- Invoking toplevel() on ptolemy.moml.MoMLSimpleApplication@5a640f5d
----------------- Done invoking toplevel() on ptolemy.moml.MoMLSimpleApplication@5a640f5d
reloadAllAccessors: .ContinuousAOCClone

===========================================================================================
----------------- testing Sat Mar 02 00:12:49 UTC 2019 /home/travis/build/icyphy/ptII/ptolemy/domains/continuous/test/auto/ContinuousClock.xml
----------------- Instantiating /home/travis/build/icyphy/ptII/ptolemy/domains/continuous/test/auto/ContinuousClock.xml
33 ms. Memory: 872960K Free: 407491K (47%)
----------------- Invoking toplevel() on ptolemy.moml.MoMLSimpleApplication@56d1902f
----------------- Done invoking toplevel() on ptolemy.moml.MoMLSimpleApplication@56d1902f
reloadAllAccessors: .ContinuousClock

===========================================================================================
----------------- testing Sat Mar 02 00:12:49 UTC 2019 /home/travis/build/icyphy/ptII/ptolemy/domains/continuous/test/auto/ContinuousInContinuous.xml
----------------- Instantiating /home/travis/build/icyphy/ptII/ptolemy/domains/continuous/test/auto/ContinuousInContinuous.xml
39 ms. Memory: 872960K Free: 379936K (44%)
----------------- Invoking toplevel() on ptolemy.moml.MoMLSimpleApplication@4b749ac9
----------------- Done invoking toplevel() on ptolemy.moml.MoMLSimpleApplication@4b749ac9
reloadAllAccessors: .ContinuousInContinuous

===========================================================================================
----------------- testing Sat Mar 02 00:12:49 UTC 2019 /home/travis/build/icyphy/ptII/ptolemy/domains/continuous/test/auto/ContinuousInContinuousInContinuous.xml
----------------- Instantiating /home/travis/build/icyphy/ptII/ptolemy/domains/continuous/test/auto/ContinuousInContinuousInContinuous.xml
5 ms. Memory: 872960K Free: 368131K (42%)
----------------- Invoking toplevel() on ptolemy.moml.MoMLSimpleApplication@755b584c
----------------- Done invoking toplevel() on ptolemy.moml.MoMLSimpleApplication@755b584c
reloadAllAccessors: .ContinuousInContinuousInContinuous

===========================================================================================
----------------- testing Sat Mar 02 00:12:49 UTC 2019 /home/travis/build/icyphy/ptII/ptolemy/domains/continuous/test/auto/ContinuousInDE.xml
----------------- Instantiating /home/travis/build/icyphy/ptII/ptolemy/domains/continuous/test/auto/ContinuousInDE.xml
70 ms. Memory: 872960K Free: 349270K (40%)
----------------- Invoking toplevel() on ptolemy.moml.MoMLSimpleApplication@46bf1493
----------------- Done invoking toplevel() on ptolemy.moml.MoMLSimpleApplication@46bf1493
reloadAllAccessors: .ContinuousInDE

===========================================================================================
----------------- testing Sat Mar 02 00:12:49 UTC 2019 /home/travis/build/icyphy/ptII/ptolemy/domains/continuous/test/auto/ContinuousInDE2.xml
----------------- Instantiating /home/travis/build/icyphy/ptII/ptolemy/domains/continuous/test/auto/ContinuousInDE2.xml
43 ms. Memory: 872960K Free: 337481K (39%)
----------------- Invoking toplevel() on ptolemy.moml.MoMLSimpleApplication@177145d9
----------------- Done invoking toplevel() on ptolemy.moml.MoMLSimpleApplication@177145d9
reloadAllAccessors: .ContinuousInDE2

===========================================================================================
----------------- testing Sat Mar 02 00:12:49 UTC 2019 /home/travis/build/icyphy/ptII/ptolemy/domains/continuous/test/auto/ContinuousInDE3.xml
----------------- Instantiating /home/travis/build/icyphy/ptII/ptolemy/domains/continuous/test/auto/ContinuousInDE3.xml
35 ms. Memory: 872960K Free: 325692K (37%)
----------------- Invoking toplevel() on ptolemy.moml.MoMLSimpleApplication@5feefaf9
----------------- Done invoking toplevel() on ptolemy.moml.MoMLSimpleApplication@5feefaf9
reloadAllAccessors: .ContinuousInDE3

===========================================================================================
----------------- testing Sat Mar 02 00:12:49 UTC 2019 /home/travis/build/icyphy/ptII/ptolemy/domains/continuous/test/auto/ContinuousInDE4.xml
----------------- Instantiating /home/travis/build/icyphy/ptII/ptolemy/domains/continuous/test/auto/ContinuousInDE4.xml
14 ms. Memory: 872960K Free: 317833K (36%)
----------------- Invoking toplevel() on ptolemy.moml.MoMLSimpleApplication@726f5732
----------------- Done invoking toplevel() on ptolemy.moml.MoMLSimpleApplication@726f5732
reloadAllAccessors: .ContinuousInDE4

===========================================================================================
----------------- testing Sat Mar 02 00:12:49 UTC 2019 /home/travis/build/icyphy/ptII/ptolemy/domains/continuous/test/auto/ContinuousInDEDifferentRefinements.xml
----------------- Instantiating /home/travis/build/icyphy/ptII/ptolemy/domains/continuous/test/auto/ContinuousInDEDifferentRefinements.xml
57 ms. Memory: 872960K Free: 279277K (32%)
----------------- Invoking toplevel() on ptolemy.moml.MoMLSimpleApplication@61323011
----------------- Done invoking toplevel() on ptolemy.moml.MoMLSimpleApplication@61323011
reloadAllAccessors: .ContinuousInDEDifferentRefinements

===========================================================================================
----------------- testing Sat Mar 02 00:12:49 UTC 2019 /home/travis/build/icyphy/ptII/ptolemy/domains/continuous/test/auto/ContinuousInDEDifferentRefinementsPreemptive.xml
----------------- Instantiating /home/travis/build/icyphy/ptII/ptolemy/domains/continuous/test/auto/ContinuousInDEDifferentRefinementsPreemptive.xml
44 ms. Memory: 872960K Free: 243830K (28%)
----------------- Invoking toplevel() on ptolemy.moml.MoMLSimpleApplication@65c51ff0
----------------- Done invoking toplevel() on ptolemy.moml.MoMLSimpleApplication@65c51ff0
reloadAllAccessors: .ContinuousInDEDifferentRefinementsPreemptive

===========================================================================================
----------------- testing Sat Mar 02 00:12:49 UTC 2019 /home/travis/build/icyphy/ptII/ptolemy/domains/continuous/test/auto/ContinuousInDEInContinuous2.xml
----------------- Instantiating /home/travis/build/icyphy/ptII/ptolemy/domains/continuous/test/auto/ContinuousInDEInContinuous2.xml
32 ms. Memory: 872960K Free: 228096K (26%)
----------------- Invoking toplevel() on ptolemy.moml.MoMLSimpleApplication@67d5258d
----------------- Done invoking toplevel() on ptolemy.moml.MoMLSimpleApplication@67d5258d
reloadAllAccessors: .ContinuousInDEInContinuous2

===========================================================================================
----------------- testing Sat Mar 02 00:12:50 UTC 2019 /home/travis/build/icyphy/ptII/ptolemy/domains/continuous/test/auto/ContinuousInDEInContinuous3.xml
----------------- Instantiating /home/travis/build/icyphy/ptII/ptolemy/domains/continuous/test/auto/ContinuousInDEInContinuous3.xml
34 ms. Memory: 872960K Free: 212369K (24%)
----------------- Invoking toplevel() on ptolemy.moml.MoMLSimpleApplication@7c303ec0
----------------- Done invoking toplevel() on ptolemy.moml.MoMLSimpleApplication@7c303ec0
reloadAllAccessors: .ContinuousInDEInContinuous3

===========================================================================================
----------------- testing Sat Mar 02 00:12:50 UTC 2019 /home/travis/build/icyphy/ptII/ptolemy/domains/continuous/test/auto/ContinuousInDEInput.xml
----------------- Instantiating /home/travis/build/icyphy/ptII/ptolemy/domains/continuous/test/auto/ContinuousInDEInput.xml
16 ms. Memory: 872960K Free: 197439K (23%)
----------------- Invoking toplevel() on ptolemy.moml.MoMLSimpleApplication@476eacaa
----------------- Done invoking toplevel() on ptolemy.moml.MoMLSimpleApplication@476eacaa
reloadAllAccessors: .ContinuousInDEInput

===========================================================================================
----------------- testing Sat Mar 02 00:12:50 UTC 2019 /home/travis/build/icyphy/ptII/ptolemy/domains/continuous/test/auto/ContinuousInDEInput2.xml
----------------- Instantiating /home/travis/build/icyphy/ptII/ptolemy/domains/continuous/test/auto/ContinuousInDEInput2.xml
16 ms. Memory: 872960K Free: 185634K (21%)
----------------- Invoking toplevel() on ptolemy.moml.MoMLSimpleApplication@67c547be
----------------- Done invoking toplevel() on ptolemy.moml.MoMLSimpleApplication@67c547be
reloadAllAccessors: .ContinuousInDEInput2

===========================================================================================
----------------- testing Sat Mar 02 00:12:50 UTC 2019 /home/travis/build/icyphy/ptII/ptolemy/domains/continuous/test/auto/ContinuousInDEInput3.xml
----------------- Instantiating /home/travis/build/icyphy/ptII/ptolemy/domains/continuous/test/auto/ContinuousInDEInput3.xml
18 ms. Memory: 872960K Free: 173845K (20%)
----------------- Invoking toplevel() on ptolemy.moml.MoMLSimpleApplication@3ac26e1
----------------- Done invoking toplevel() on ptolemy.moml.MoMLSimpleApplication@3ac26e1
reloadAllAccessors: .ContinuousInDEInput3

===========================================================================================
----------------- testing Sat Mar 02 00:12:50 UTC 2019 /home/travis/build/icyphy/ptII/ptolemy/domains/continuous/test/auto/ContinuousInDESharingRefinement.xml
----------------- Instantiating /home/travis/build/icyphy/ptII/ptolemy/domains/continuous/test/auto/ContinuousInDESharingRefinement.xml
135 ms. Memory: 872960K Free: 75373K (9%)
----------------- Invoking toplevel() on ptolemy.moml.MoMLSimpleApplication@629b23b7
----------------- Done invoking toplevel() on ptolemy.moml.MoMLSimpleApplication@629b23b7
reloadAllAccessors: .ContinuousInDESharingRefinement

===========================================================================================
----------------- testing Sat Mar 02 00:12:50 UTC 2019 /home/travis/build/icyphy/ptII/ptolemy/domains/continuous/test/auto/ContinuousInDEwithNoPorts.xml
----------------- Instantiating /home/travis/build/icyphy/ptII/ptolemy/domains/continuous/test/auto/ContinuousInDEwithNoPorts.xml
2 ms. Memory: 829952K Free: 808496K (97%)
----------------- Invoking toplevel() on ptolemy.moml.MoMLSimpleApplication@7beaa5b3
----------------- Done invoking toplevel() on ptolemy.moml.MoMLSimpleApplication@7beaa5b3
reloadAllAccessors: .ContinuousInDEwithNoPorts

===========================================================================================
----------------- testing Sat Mar 02 00:12:50 UTC 2019 /home/travis/build/icyphy/ptII/ptolemy/domains/continuous/test/auto/ContinuousInsideDE.xml
----------------- Instantiating /home/travis/build/icyphy/ptII/ptolemy/domains/continuous/test/auto/ContinuousInsideDE.xml
40 ms. Memory: 829952K Free: 791480K (95%)
----------------- Invoking toplevel() on ptolemy.moml.MoMLSimpleApplication@67b51a84
----------------- Done invoking toplevel() on ptolemy.moml.MoMLSimpleApplication@67b51a84
reloadAllAccessors: .ContinuousInsideDE

===========================================================================================
----------------- testing Sat Mar 02 00:12:50 UTC 2019 /home/travis/build/icyphy/ptII/ptolemy/domains/continuous/test/auto/ContinuousMerge1.xml
----------------- Instantiating /home/travis/build/icyphy/ptII/ptolemy/domains/continuous/test/auto/ContinuousMerge1.xml
3 ms. Memory: 829952K Free: 781499K (94%)
----------------- Invoking toplevel() on ptolemy.moml.MoMLSimpleApplication@dd18ba4
----------------- Done invoking toplevel() on ptolemy.moml.MoMLSimpleApplication@dd18ba4
reloadAllAccessors: .ContinuousMerge1

===========================================================================================
----------------- testing Sat Mar 02 00:12:50 UTC 2019 /home/travis/build/icyphy/ptII/ptolemy/domains/continuous/test/auto/ContinuousMerge2.xml
----------------- Instantiating /home/travis/build/icyphy/ptII/ptolemy/domains/continuous/test/auto/ContinuousMerge2.xml
19 ms. Memory: 829952K Free: 764343K (92%)
----------------- Invoking toplevel() on ptolemy.moml.MoMLSimpleApplication@4726d87b
----------------- Done invoking toplevel() on ptolemy.moml.MoMLSimpleApplication@4726d87b
reloadAllAccessors: .ContinuousMerge2

===========================================================================================
----------------- testing Sat Mar 02 00:12:50 UTC 2019 /home/travis/build/icyphy/ptII/ptolemy/domains/continuous/test/auto/ContinuousMerge3.xml
----------------- Instantiating /home/travis/build/icyphy/ptII/ptolemy/domains/continuous/test/auto/ContinuousMerge3.xml
42 ms. Memory: 829952K Free: 744366K (90%)
----------------- Invoking toplevel() on ptolemy.moml.MoMLSimpleApplication@52752a93
----------------- Done invoking toplevel() on ptolemy.moml.MoMLSimpleApplication@52752a93
reloadAllAccessors: .ContinuousMerge3

===========================================================================================
----------------- testing Sat Mar 02 00:12:50 UTC 2019 /home/travis/build/icyphy/ptII/ptolemy/domains/continuous/test/auto/ContinuousWithinContinuous.xml
----------------- Instantiating /home/travis/build/icyphy/ptII/ptolemy/domains/continuous/test/auto/ContinuousWithinContinuous.xml
37 ms. Memory: 829952K Free: 732348K (88%)
----------------- Invoking toplevel() on ptolemy.moml.MoMLSimpleApplication@12223673
----------------- Done invoking toplevel() on ptolemy.moml.MoMLSimpleApplication@12223673
reloadAllAccessors: .ContinuousWithinContinuous

===========================================================================================
----------------- testing Sat Mar 02 00:12:50 UTC 2019 /home/travis/build/icyphy/ptII/ptolemy/domains/continuous/test/auto/ContinuousWithinContinuous2.xml
----------------- Instantiating /home/travis/build/icyphy/ptII/ptolemy/domains/continuous/test/auto/ContinuousWithinContinuous2.xml
57 ms. Memory: 829952K Free: 717377K (86%)
----------------- Invoking toplevel() on ptolemy.moml.MoMLSimpleApplication@6ffb6b51
----------------- Done invoking toplevel() on ptolemy.moml.MoMLSimpleApplication@6ffb6b51
reloadAllAccessors: .ContinuousWithinContinuous2

===========================================================================================
----------------- testing Sat Mar 02 00:12:50 UTC 2019 /home/travis/build/icyphy/ptII/ptolemy/domains/continuous/test/auto/ContinuousWithinContinuous3.xml
----------------- Instantiating /home/travis/build/icyphy/ptII/ptolemy/domains/continuous/test/auto/ContinuousWithinContinuous3.xml
15 ms. Memory: 829952K Free: 707396K (85%)
----------------- Invoking toplevel() on ptolemy.moml.MoMLSimpleApplication@47d9df37
----------------- Done invoking toplevel() on ptolemy.moml.MoMLSimpleApplication@47d9df37
reloadAllAccessors: .ContinuousWithinContinuous3

===========================================================================================
----------------- testing Sat Mar 02 00:12:50 UTC 2019 /home/travis/build/icyphy/ptII/ptolemy/domains/continuous/test/auto/ContinuousWithinContinuous4.xml
----------------- Instantiating /home/travis/build/icyphy/ptII/ptolemy/domains/continuous/test/auto/ContinuousWithinContinuous4.xml
66 ms. Memory: 829952K Free: 690396K (83%)
----------------- Invoking toplevel() on ptolemy.moml.MoMLSimpleApplication@21eb7f1f
----------------- Done invoking toplevel() on ptolemy.moml.MoMLSimpleApplication@21eb7f1f
reloadAllAccessors: .ContinuousWithinContinuous4

===========================================================================================
----------------- testing Sat Mar 02 00:12:50 UTC 2019 /home/travis/build/icyphy/ptII/ptolemy/domains/continuous/test/auto/ContinuousWithinContinuous5.xml
----------------- Instantiating /home/travis/build/icyphy/ptII/ptolemy/domains/continuous/test/auto/ContinuousWithinContinuous5.xml
13 ms. Memory: 829952K Free: 675409K (81%)
----------------- Invoking toplevel() on ptolemy.moml.MoMLSimpleApplication@4752329d
----------------- Done invoking toplevel() on ptolemy.moml.MoMLSimpleApplication@4752329d
reloadAllAccessors: .ContinuousWithinContinuous5

===========================================================================================
----------------- testing Sat Mar 02 00:12:50 UTC 2019 /home/travis/build/icyphy/ptII/ptolemy/domains/continuous/test/auto/ContinuousWithinContinuous6.xml
----------------- Instantiating /home/travis/build/icyphy/ptII/ptolemy/domains/continuous/test/auto/ContinuousWithinContinuous6.xml
11 ms. Memory: 829952K Free: 663399K (80%)
----------------- Invoking toplevel() on ptolemy.moml.MoMLSimpleApplication@77d7a4cd
----------------- Done invoking toplevel() on ptolemy.moml.MoMLSimpleApplication@77d7a4cd
reloadAllAccessors: .ContinuousWithinContinuous6

===========================================================================================
----------------- testing Sat Mar 02 00:12:50 UTC 2019 /home/travis/build/icyphy/ptII/ptolemy/domains/continuous/test/auto/ContinuousWithinContinuous7.xml
----------------- Instantiating /home/travis/build/icyphy/ptII/ptolemy/domains/continuous/test/auto/ContinuousWithinContinuous7.xml
59 ms. Memory: 829952K Free: 648428K (78%)
----------------- Invoking toplevel() on ptolemy.moml.MoMLSimpleApplication@50a37c02
----------------- Done invoking toplevel() on ptolemy.moml.MoMLSimpleApplication@50a37c02
reloadAllAccessors: .ContinuousWithinContinuous7

===========================================================================================
----------------- testing Sat Mar 02 00:12:51 UTC 2019 /home/travis/build/icyphy/ptII/ptolemy/domains/continuous/test/auto/DCMotor.xml
----------------- Instantiating /home/travis/build/icyphy/ptII/ptolemy/domains/continuous/test/auto/DCMotor.xml
15090 ms. Memory: 668160K Free: 525517K (79%)
----------------- Invoking toplevel() on ptolemy.moml.MoMLSimpleApplication@320fd464
----------------- Done invoking toplevel() on ptolemy.moml.MoMLSimpleApplication@320fd464
reloadAllAccessors: .DCMotor

===========================================================================================
----------------- testing Sat Mar 02 00:13:06 UTC 2019 /home/travis/build/icyphy/ptII/ptolemy/domains/continuous/test/auto/DEInContinuous.xml
----------------- Instantiating /home/travis/build/icyphy/ptII/ptolemy/domains/continuous/test/auto/DEInContinuous.xml
8 ms. Memory: 668160K Free: 510550K (76%)
----------------- Invoking toplevel() on ptolemy.moml.MoMLSimpleApplication@407c1ba
----------------- Done invoking toplevel() on ptolemy.moml.MoMLSimpleApplication@407c1ba
reloadAllAccessors: .DEInContinuous

===========================================================================================
----------------- testing Sat Mar 02 00:13:06 UTC 2019 /home/travis/build/icyphy/ptII/ptolemy/domains/continuous/test/auto/DEinContinuous2.xml
----------------- Instantiating /home/travis/build/icyphy/ptII/ptolemy/domains/continuous/test/auto/DEinContinuous2.xml
12 ms. Memory: 668160K Free: 491851K (74%)
----------------- Invoking toplevel() on ptolemy.moml.MoMLSimpleApplication@1d43b1f3
----------------- Done invoking toplevel() on ptolemy.moml.MoMLSimpleApplication@1d43b1f3
reloadAllAccessors: .DEinContinuous2

===========================================================================================
----------------- testing Sat Mar 02 00:13:06 UTC 2019 /home/travis/build/icyphy/ptII/ptolemy/domains/continuous/test/auto/Derivative.xml
----------------- Instantiating /home/travis/build/icyphy/ptII/ptolemy/domains/continuous/test/auto/Derivative.xml
156 ms. Memory: 668160K Free: 455514K (68%)
----------------- Invoking toplevel() on ptolemy.moml.MoMLSimpleApplication@2ac4bb78
----------------- Done invoking toplevel() on ptolemy.moml.MoMLSimpleApplication@2ac4bb78
reloadAllAccessors: .Derivative2

===========================================================================================
----------------- testing Sat Mar 02 00:13:06 UTC 2019 /home/travis/build/icyphy/ptII/ptolemy/domains/continuous/test/auto/Derivative1.xml
----------------- Instantiating /home/travis/build/icyphy/ptII/ptolemy/domains/continuous/test/auto/Derivative1.xml
21 ms. Memory: 668160K Free: 436815K (65%)
----------------- Invoking toplevel() on ptolemy.moml.MoMLSimpleApplication@3f614d5
----------------- Done invoking toplevel() on ptolemy.moml.MoMLSimpleApplication@3f614d5
reloadAllAccessors: .Derivative1

===========================================================================================
----------------- testing Sat Mar 02 00:13:06 UTC 2019 /home/travis/build/icyphy/ptII/ptolemy/domains/continuous/test/auto/DiscreteClock.xml
----------------- Instantiating /home/travis/build/icyphy/ptII/ptolemy/domains/continuous/test/auto/DiscreteClock.xml
7 ms. Memory: 668160K Free: 425080K (64%)
----------------- Invoking toplevel() on ptolemy.moml.MoMLSimpleApplication@1d0ec113
----------------- Done invoking toplevel() on ptolemy.moml.MoMLSimpleApplication@1d0ec113
reloadAllAccessors: .DiscreteClock

===========================================================================================
----------------- testing Sat Mar 02 00:13:06 UTC 2019 /home/travis/build/icyphy/ptII/ptolemy/domains/continuous/test/auto/EfficiencyCurve.xml
----------------- Instantiating /home/travis/build/icyphy/ptII/ptolemy/domains/continuous/test/auto/EfficiencyCurve.xml
50 ms. Memory: 668160K Free: 412264K (62%)
----------------- Invoking toplevel() on ptolemy.moml.MoMLSimpleApplication@311733d8
----------------- Done invoking toplevel() on ptolemy.moml.MoMLSimpleApplication@311733d8
reloadAllAccessors: .EfficiencyCurve

===========================================================================================
----------------- testing Sat Mar 02 00:13:06 UTC 2019 /home/travis/build/icyphy/ptII/ptolemy/domains/continuous/test/auto/ExponentialResponse.xml
----------------- Instantiating /home/travis/build/icyphy/ptII/ptolemy/domains/continuous/test/auto/ExponentialResponse.xml
108 ms. Memory: 668160K Free: 381846K (57%)
----------------- Invoking toplevel() on ptolemy.moml.MoMLSimpleApplication@228204a1
----------------- Done invoking toplevel() on ptolemy.moml.MoMLSimpleApplication@228204a1
reloadAllAccessors: .ExponentialResponse

===========================================================================================
----------------- testing Sat Mar 02 00:13:06 UTC 2019 /home/travis/build/icyphy/ptII/ptolemy/domains/continuous/test/auto/ExponentialResponseRK45.xml
----------------- Instantiating /home/travis/build/icyphy/ptII/ptolemy/domains/continuous/test/auto/ExponentialResponseRK45.xml
26 ms. Memory: 668160K Free: 369031K (55%)
----------------- Invoking toplevel() on ptolemy.moml.MoMLSimpleApplication@1b917f49
----------------- Done invoking toplevel() on ptolemy.moml.MoMLSimpleApplication@1b917f49
reloadAllAccessors: .ExponentialResponseRK45

===========================================================================================
----------------- testing Sat Mar 02 00:13:06 UTC 2019 /home/travis/build/icyphy/ptII/ptolemy/domains/continuous/test/auto/Friction.xml
----------------- Instantiating /home/travis/build/icyphy/ptII/ptolemy/domains/continuous/test/auto/Friction.xml
1267 ms. Memory: 647168K Free: 477203K (74%)
----------------- Invoking toplevel() on ptolemy.moml.MoMLSimpleApplication@3fae0b11
----------------- Done invoking toplevel() on ptolemy.moml.MoMLSimpleApplication@3fae0b11
reloadAllAccessors: .Friction

===========================================================================================
----------------- testing Sat Mar 02 00:13:08 UTC 2019 /home/travis/build/icyphy/ptII/ptolemy/domains/continuous/test/auto/FurutaPendulum.xml
----------------- Instantiating /home/travis/build/icyphy/ptII/ptolemy/domains/continuous/test/auto/FurutaPendulum.xml
3445 ms. Memory: 617472K Free: 499482K (81%)
----------------- Invoking toplevel() on ptolemy.moml.MoMLSimpleApplication@25132eac
----------------- Done invoking toplevel() on ptolemy.moml.MoMLSimpleApplication@25132eac
reloadAllAccessors: .FurutaPendulum

===========================================================================================
----------------- testing Sat Mar 02 00:13:11 UTC 2019 /home/travis/build/icyphy/ptII/ptolemy/domains/continuous/test/auto/HierarchicalExecution.xml
----------------- Instantiating /home/travis/build/icyphy/ptII/ptolemy/domains/continuous/test/auto/HierarchicalExecution.xml
2087 ms. Memory: 617472K Free: 200327K (32%)
----------------- Invoking toplevel() on ptolemy.moml.MoMLSimpleApplication@26f532c5
----------------- Done invoking toplevel() on ptolemy.moml.MoMLSimpleApplication@26f532c5
reloadAllAccessors: .HierarchicalExecution

===========================================================================================
----------------- testing Sat Mar 02 00:13:14 UTC 2019 /home/travis/build/icyphy/ptII/ptolemy/domains/continuous/test/auto/HybridPlant.xml
----------------- Instantiating /home/travis/build/icyphy/ptII/ptolemy/domains/continuous/test/auto/HybridPlant.xml
489 ms. Memory: 589824K Free: 426466K (72%)
----------------- Invoking toplevel() on ptolemy.moml.MoMLSimpleApplication@14d50aaf
----------------- Done invoking toplevel() on ptolemy.moml.MoMLSimpleApplication@14d50aaf
reloadAllAccessors: .HybridPlant

===========================================================================================
----------------- testing Sat Mar 02 00:13:14 UTC 2019 /home/travis/build/icyphy/ptII/ptolemy/domains/continuous/test/auto/Hysteresis.xml
----------------- Instantiating /home/travis/build/icyphy/ptII/ptolemy/domains/continuous/test/auto/Hysteresis.xml
139 ms. Memory: 589824K Free: 360424K (61%)
----------------- Invoking toplevel() on ptolemy.moml.MoMLSimpleApplication@589b2815
----------------- Done invoking toplevel() on ptolemy.moml.MoMLSimpleApplication@589b2815
reloadAllAccessors: .Hysteresis

===========================================================================================
----------------- testing Sat Mar 02 00:13:14 UTC 2019 /home/travis/build/icyphy/ptII/ptolemy/domains/continuous/test/auto/HysteresisWithRandomDelay.xml
----------------- Instantiating /home/travis/build/icyphy/ptII/ptolemy/domains/continuous/test/auto/HysteresisWithRandomDelay.xml
173 ms. Memory: 589824K Free: 280653K (48%)
----------------- Invoking toplevel() on ptolemy.moml.MoMLSimpleApplication@84434db
----------------- Done invoking toplevel() on ptolemy.moml.MoMLSimpleApplication@84434db
reloadAllAccessors: .HysteresisWithRandomDelay

===========================================================================================
----------------- testing Sat Mar 02 00:13:15 UTC 2019 /home/travis/build/icyphy/ptII/ptolemy/domains/continuous/test/auto/HysteresisWithRandomLosses.xml
----------------- Instantiating /home/travis/build/icyphy/ptII/ptolemy/domains/continuous/test/auto/HysteresisWithRandomLosses.xml
2484 ms. Memory: 543232K Free: 434791K (80%)
----------------- Invoking toplevel() on ptolemy.moml.MoMLSimpleApplication@6e69d19b
----------------- Done invoking toplevel() on ptolemy.moml.MoMLSimpleApplication@6e69d19b
reloadAllAccessors: .HysteresisWithRandomLosses

===========================================================================================
----------------- testing Sat Mar 02 00:13:17 UTC 2019 /home/travis/build/icyphy/ptII/ptolemy/domains/continuous/test/auto/ImmediateTransitions.xml
----------------- Instantiating /home/travis/build/icyphy/ptII/ptolemy/domains/continuous/test/auto/ImmediateTransitions.xml
9 ms. Memory: 543232K Free: 417053K (77%)
----------------- Invoking toplevel() on ptolemy.moml.MoMLSimpleApplication@76fe60e5
----------------- Done invoking toplevel() on ptolemy.moml.MoMLSimpleApplication@76fe60e5
reloadAllAccessors: .ImmediateTransitions

===========================================================================================
----------------- testing Sat Mar 02 00:13:17 UTC 2019 /home/travis/build/icyphy/ptII/ptolemy/domains/continuous/test/auto/ImpulseFeedback.xml
----------------- Instantiating /home/travis/build/icyphy/ptII/ptolemy/domains/continuous/test/auto/ImpulseFeedback.xml
8 ms. Memory: 543232K Free: 407054K (75%)
----------------- Invoking toplevel() on ptolemy.moml.MoMLSimpleApplication@5f13fa9d
----------------- Done invoking toplevel() on ptolemy.moml.MoMLSimpleApplication@5f13fa9d
reloadAllAccessors: .ImpulseFeedback

===========================================================================================
----------------- testing Sat Mar 02 00:13:17 UTC 2019 /home/travis/build/icyphy/ptII/ptolemy/domains/continuous/test/auto/ImpulseFeedback2.xml
----------------- Instantiating /home/travis/build/icyphy/ptII/ptolemy/domains/continuous/test/auto/ImpulseFeedback2.xml
6 ms. Memory: 543232K Free: 396859K (73%)
----------------- Invoking toplevel() on ptolemy.moml.MoMLSimpleApplication@6e239322
----------------- Done invoking toplevel() on ptolemy.moml.MoMLSimpleApplication@6e239322
reloadAllAccessors: .ImpulseFeedback2

===========================================================================================
----------------- testing Sat Mar 02 00:13:17 UTC 2019 /home/travis/build/icyphy/ptII/ptolemy/domains/continuous/test/auto/IncreasingRatePoisson.xml
----------------- Instantiating /home/travis/build/icyphy/ptII/ptolemy/domains/continuous/test/auto/IncreasingRatePoisson.xml
752 ms. Memory: 543232K Free: 62382K (11%)
----------------- Invoking toplevel() on ptolemy.moml.MoMLSimpleApplication@707b665c
----------------- Done invoking toplevel() on ptolemy.moml.MoMLSimpleApplication@707b665c
reloadAllAccessors: .IncreasingRatePoisson

===========================================================================================
----------------- testing Sat Mar 02 00:13:18 UTC 2019 /home/travis/build/icyphy/ptII/ptolemy/domains/continuous/test/auto/InitialStateFeedback.xml
----------------- Instantiating /home/travis/build/icyphy/ptII/ptolemy/domains/continuous/test/auto/InitialStateFeedback.xml
4 ms. Memory: 521728K Free: 495308K (95%)
----------------- Invoking toplevel() on ptolemy.moml.MoMLSimpleApplication@7ae627c
----------------- Done invoking toplevel() on ptolemy.moml.MoMLSimpleApplication@7ae627c
reloadAllAccessors: .InitialStateFeedback

===========================================================================================
----------------- testing Sat Mar 02 00:13:18 UTC 2019 /home/travis/build/icyphy/ptII/ptolemy/domains/continuous/test/auto/Integration.xml
----------------- Instantiating /home/travis/build/icyphy/ptII/ptolemy/domains/continuous/test/auto/Integration.xml
1 ms. Memory: 521728K Free: 488570K (94%)
----------------- Invoking toplevel() on ptolemy.moml.MoMLSimpleApplication@4df832c0
----------------- Done invoking toplevel() on ptolemy.moml.MoMLSimpleApplication@4df832c0
reloadAllAccessors: .Integration

===========================================================================================
----------------- testing Sat Mar 02 00:13:18 UTC 2019 /home/travis/build/icyphy/ptII/ptolemy/domains/continuous/test/auto/Integration2.xml
----------------- Instantiating /home/travis/build/icyphy/ptII/ptolemy/domains/continuous/test/auto/Integration2.xml
84 ms. Memory: 521728K Free: 470085K (90%)
----------------- Invoking toplevel() on ptolemy.moml.MoMLSimpleApplication@20c256c4
----------------- Done invoking toplevel() on ptolemy.moml.MoMLSimpleApplication@20c256c4
reloadAllAccessors: .Integration2

===========================================================================================
----------------- testing Sat Mar 02 00:13:18 UTC 2019 /home/travis/build/icyphy/ptII/ptolemy/domains/continuous/test/auto/Integration3.xml
----------------- Instantiating /home/travis/build/icyphy/ptII/ptolemy/domains/continuous/test/auto/Integration3.xml
2 ms. Memory: 521728K Free: 463346K (89%)
----------------- Invoking toplevel() on ptolemy.moml.MoMLSimpleApplication@a713360
----------------- Done invoking toplevel() on ptolemy.moml.MoMLSimpleApplication@a713360
reloadAllAccessors: .Integration3

===========================================================================================
----------------- testing Sat Mar 02 00:13:18 UTC 2019 /home/travis/build/icyphy/ptII/ptolemy/domains/continuous/test/auto/Integration5.xml
----------------- Instantiating /home/travis/build/icyphy/ptII/ptolemy/domains/continuous/test/auto/Integration5.xml
6 ms. Memory: 521728K Free: 456607K (88%)
----------------- Invoking toplevel() on ptolemy.moml.MoMLSimpleApplication@317f35e7
----------------- Done invoking toplevel() on ptolemy.moml.MoMLSimpleApplication@317f35e7
reloadAllAccessors: .Integration5

===========================================================================================
----------------- testing Sat Mar 02 00:13:18 UTC 2019 /home/travis/build/icyphy/ptII/ptolemy/domains/continuous/test/auto/IntegratorImpulse.xml
----------------- Instantiating /home/travis/build/icyphy/ptII/ptolemy/domains/continuous/test/auto/IntegratorImpulse.xml
2 ms. Memory: 521728K Free: 449869K (86%)
----------------- Invoking toplevel() on ptolemy.moml.MoMLSimpleApplication@7d7aa776
----------------- Done invoking toplevel() on ptolemy.moml.MoMLSimpleApplication@7d7aa776
reloadAllAccessors: .IntegratorImpulse

===========================================================================================
----------------- testing Sat Mar 02 00:13:18 UTC 2019 /home/travis/build/icyphy/ptII/ptolemy/domains/continuous/test/auto/IntegratorImpulse2.xml
----------------- Instantiating /home/travis/build/icyphy/ptII/ptolemy/domains/continuous/test/auto/IntegratorImpulse2.xml
4 ms. Memory: 521728K Free: 440195K (84%)
----------------- Invoking toplevel() on ptolemy.moml.MoMLSimpleApplication@3ae1cd49
----------------- Done invoking toplevel() on ptolemy.moml.MoMLSimpleApplication@3ae1cd49
reloadAllAccessors: .IntegratorImpulse2

===========================================================================================
----------------- testing Sat Mar 02 00:13:18 UTC 2019 /home/travis/build/icyphy/ptII/ptolemy/domains/continuous/test/auto/LevelCrossing1.xml
----------------- Instantiating /home/travis/build/icyphy/ptII/ptolemy/domains/continuous/test/auto/LevelCrossing1.xml
2 ms. Memory: 521728K Free: 430513K (83%)
----------------- Invoking toplevel() on ptolemy.moml.MoMLSimpleApplication@5220e8f8
----------------- Done invoking toplevel() on ptolemy.moml.MoMLSimpleApplication@5220e8f8
reloadAllAccessors: .LevelCrossing1

===========================================================================================
----------------- testing Sat Mar 02 00:13:18 UTC 2019 /home/travis/build/icyphy/ptII/ptolemy/domains/continuous/test/auto/LevelCrossing2.xml
----------------- Instantiating /home/travis/build/icyphy/ptII/ptolemy/domains/continuous/test/auto/LevelCrossing2.xml
3 ms. Memory: 521728K Free: 420823K (81%)
----------------- Invoking toplevel() on ptolemy.moml.MoMLSimpleApplication@24f6d253
----------------- Done invoking toplevel() on ptolemy.moml.MoMLSimpleApplication@24f6d253
reloadAllAccessors: .LevelCrossing2

===========================================================================================
----------------- testing Sat Mar 02 00:13:18 UTC 2019 /home/travis/build/icyphy/ptII/ptolemy/domains/continuous/test/auto/LevelCrossing3.xml
----------------- Instantiating /home/travis/build/icyphy/ptII/ptolemy/domains/continuous/test/auto/LevelCrossing3.xml
2 ms. Memory: 521728K Free: 411141K (79%)
----------------- Invoking toplevel() on ptolemy.moml.MoMLSimpleApplication@755e8315
----------------- Done invoking toplevel() on ptolemy.moml.MoMLSimpleApplication@755e8315
reloadAllAccessors: .LevelCrossing3

===========================================================================================
----------------- testing Sat Mar 02 00:13:18 UTC 2019 /home/travis/build/icyphy/ptII/ptolemy/domains/continuous/test/auto/LevelCrossing4.xml
----------------- Instantiating /home/travis/build/icyphy/ptII/ptolemy/domains/continuous/test/auto/LevelCrossing4.xml
2 ms. Memory: 521728K Free: 401458K (77%)
----------------- Invoking toplevel() on ptolemy.moml.MoMLSimpleApplication@270ca2bd
----------------- Done invoking toplevel() on ptolemy.moml.MoMLSimpleApplication@270ca2bd
reloadAllAccessors: .LevelCrossing4

===========================================================================================
----------------- testing Sat Mar 02 00:13:18 UTC 2019 /home/travis/build/icyphy/ptII/ptolemy/domains/continuous/test/auto/LevelCrossing5.xml
----------------- Instantiating /home/travis/build/icyphy/ptII/ptolemy/domains/continuous/test/auto/LevelCrossing5.xml
2 ms. Memory: 521728K Free: 391768K (75%)
----------------- Invoking toplevel() on ptolemy.moml.MoMLSimpleApplication@44f84e14
----------------- Done invoking toplevel() on ptolemy.moml.MoMLSimpleApplication@44f84e14
reloadAllAccessors: .LevelCrossing5

===========================================================================================
[...]
----------------- Done invoking toplevel() on ptolemy.moml.MoMLSimpleApplication@3dc132b4
reloadAllAccessors: .ResetTransitionWithStartTime6

===========================================================================================
----------------- testing Sat Mar 02 00:13:37 UTC 2019 /home/travis/build/icyphy/ptII/ptolemy/domains/continuous/test/auto/SRinContinuous.xml
----------------- Instantiating /home/travis/build/icyphy/ptII/ptolemy/domains/continuous/test/auto/SRinContinuous.xml
4 ms. Memory: 334336K Free: 162864K (49%)
----------------- Invoking toplevel() on ptolemy.moml.MoMLSimpleApplication@27df020c
----------------- Done invoking toplevel() on ptolemy.moml.MoMLSimpleApplication@27df020c
reloadAllAccessors: .SRinContinuous

===========================================================================================
----------------- testing Sat Mar 02 00:13:37 UTC 2019 /home/travis/build/icyphy/ptII/ptolemy/domains/continuous/test/auto/SampledClocks.xml
----------------- Instantiating /home/travis/build/icyphy/ptII/ptolemy/domains/continuous/test/auto/SampledClocks.xml
4 ms. Memory: 334336K Free: 151735K (45%)
----------------- Invoking toplevel() on ptolemy.moml.MoMLSimpleApplication@768eca69
----------------- Done invoking toplevel() on ptolemy.moml.MoMLSimpleApplication@768eca69
reloadAllAccessors: .SampledClocks

===========================================================================================
----------------- testing Sat Mar 02 00:13:37 UTC 2019 /home/travis/build/icyphy/ptII/ptolemy/domains/continuous/test/auto/Satellite.xml
----------------- Instantiating /home/travis/build/icyphy/ptII/ptolemy/domains/continuous/test/auto/Satellite.xml
851 ms. Memory: 330752K Free: 219533K (66%)
----------------- Invoking toplevel() on ptolemy.moml.MoMLSimpleApplication@b254f3e
----------------- Done invoking toplevel() on ptolemy.moml.MoMLSimpleApplication@b254f3e
reloadAllAccessors: .Satellite

===========================================================================================
----------------- testing Sat Mar 02 00:13:37 UTC 2019 /home/travis/build/icyphy/ptII/ptolemy/domains/continuous/test/auto/SigmaDelta.xml
----------------- Instantiating /home/travis/build/icyphy/ptII/ptolemy/domains/continuous/test/auto/SigmaDelta.xml
2564 ms. Memory: 320000K Free: 65408K (20%)
----------------- Invoking toplevel() on ptolemy.moml.MoMLSimpleApplication@28d5212
----------------- Done invoking toplevel() on ptolemy.moml.MoMLSimpleApplication@28d5212
reloadAllAccessors: .SigmaDelta

===========================================================================================
----------------- testing Sat Mar 02 00:13:40 UTC 2019 /home/travis/build/icyphy/ptII/ptolemy/domains/continuous/test/auto/SingleRefinement.xml
----------------- Instantiating /home/travis/build/icyphy/ptII/ptolemy/domains/continuous/test/auto/SingleRefinement.xml
336 ms. Memory: 304128K Free: 94730K (31%)
----------------- Invoking toplevel() on ptolemy.moml.MoMLSimpleApplication@1713d31
----------------- Done invoking toplevel() on ptolemy.moml.MoMLSimpleApplication@1713d31
reloadAllAccessors: .SingleRefinement

===========================================================================================
----------------- testing Sat Mar 02 00:13:41 UTC 2019 /home/travis/build/icyphy/ptII/ptolemy/domains/continuous/test/auto/SinuBouncingBall.xml
----------------- Instantiating /home/travis/build/icyphy/ptII/ptolemy/domains/continuous/test/auto/SinuBouncingBall.xml
801 ms. Memory: 294912K Free: 85057K (29%)
----------------- Invoking toplevel() on ptolemy.moml.MoMLSimpleApplication@662222c0
----------------- Done invoking toplevel() on ptolemy.moml.MoMLSimpleApplication@662222c0
reloadAllAccessors: .SinuBouncingBall

===========================================================================================
----------------- testing Sat Mar 02 00:13:42 UTC 2019 /home/travis/build/icyphy/ptII/ptolemy/domains/continuous/test/auto/Sinusoid.xml
----------------- Instantiating /home/travis/build/icyphy/ptII/ptolemy/domains/continuous/test/auto/Sinusoid.xml
4 ms. Memory: 294912K Free: 78804K (27%)
----------------- Invoking toplevel() on ptolemy.moml.MoMLSimpleApplication@6d0ac654
----------------- Done invoking toplevel() on ptolemy.moml.MoMLSimpleApplication@6d0ac654
reloadAllAccessors: .Sinusoid

===========================================================================================
----------------- testing Sat Mar 02 00:13:42 UTC 2019 /home/travis/build/icyphy/ptII/ptolemy/domains/continuous/test/auto/SinusoidInNoise.xml
----------------- Instantiating /home/travis/build/icyphy/ptII/ptolemy/domains/continuous/test/auto/SinusoidInNoise.xml
997 ms. Memory: 285696K Free: 77160K (27%)
----------------- Invoking toplevel() on ptolemy.moml.MoMLSimpleApplication@194a8ef4
----------------- Done invoking toplevel() on ptolemy.moml.MoMLSimpleApplication@194a8ef4
reloadAllAccessors: .SinusoidInNoise

===========================================================================================
----------------- testing Sat Mar 02 00:13:43 UTC 2019 /home/travis/build/icyphy/ptII/ptolemy/domains/continuous/test/auto/SinusoidRK45.xml
----------------- Instantiating /home/travis/build/icyphy/ptII/ptolemy/domains/continuous/test/auto/SinusoidRK45.xml
2 ms. Memory: 285696K Free: 71357K (25%)
----------------- Invoking toplevel() on ptolemy.moml.MoMLSimpleApplication@4dc03b51
----------------- Done invoking toplevel() on ptolemy.moml.MoMLSimpleApplication@4dc03b51
reloadAllAccessors: .SinusoidRK45

===========================================================================================
----------------- testing Sat Mar 02 00:13:43 UTC 2019 /home/travis/build/icyphy/ptII/ptolemy/domains/continuous/test/auto/SinusoidWithMultipleImpulses.xml
----------------- Instantiating /home/travis/build/icyphy/ptII/ptolemy/domains/continuous/test/auto/SinusoidWithMultipleImpulses.xml
2 ms. Memory: 285696K Free: 64998K (23%)
----------------- Invoking toplevel() on ptolemy.moml.MoMLSimpleApplication@500f5787
----------------- Done invoking toplevel() on ptolemy.moml.MoMLSimpleApplication@500f5787
reloadAllAccessors: .SinusoidWithMultipleImpulses

===========================================================================================
----------------- testing Sat Mar 02 00:13:43 UTC 2019 /home/travis/build/icyphy/ptII/ptolemy/domains/continuous/test/auto/SquareWave.xml
----------------- Instantiating /home/travis/build/icyphy/ptII/ptolemy/domains/continuous/test/auto/SquareWave.xml
166 ms. Memory: 285696K Free: 36926K (13%)
----------------- Invoking toplevel() on ptolemy.moml.MoMLSimpleApplication@39202152
----------------- Done invoking toplevel() on ptolemy.moml.MoMLSimpleApplication@39202152
reloadAllAccessors: .SquareWave

===========================================================================================
----------------- testing Sat Mar 02 00:13:43 UTC 2019 /home/travis/build/icyphy/ptII/ptolemy/domains/continuous/test/auto/Starmac.xml
----------------- Instantiating /home/travis/build/icyphy/ptII/ptolemy/domains/continuous/test/auto/Starmac.xml
3070 ms. Memory: 271360K Free: 47295K (17%)
----------------- Invoking toplevel() on ptolemy.moml.MoMLSimpleApplication@1a2ff009
----------------- Done invoking toplevel() on ptolemy.moml.MoMLSimpleApplication@1a2ff009
reloadAllAccessors: .Starmac

===========================================================================================
----------------- testing Sat Mar 02 00:13:46 UTC 2019 /home/travis/build/icyphy/ptII/ptolemy/domains/continuous/test/auto/StaticUnits.xml
----------------- Instantiating /home/travis/build/icyphy/ptII/ptolemy/domains/continuous/test/auto/StaticUnits.xml
2127 ms. Memory: 245248K Free: 84810K (35%)
----------------- Invoking toplevel() on ptolemy.moml.MoMLSimpleApplication@2cf17dad
----------------- Done invoking toplevel() on ptolemy.moml.MoMLSimpleApplication@2cf17dad
reloadAllAccessors: .StaticUnits

===========================================================================================
----------------- testing Sat Mar 02 00:13:49 UTC 2019 /home/travis/build/icyphy/ptII/ptolemy/domains/continuous/test/auto/StickyMasses.xml
----------------- Instantiating /home/travis/build/icyphy/ptII/ptolemy/domains/continuous/test/auto/StickyMasses.xml
130 ms. Memory: 245248K Free: 28784K (12%)
----------------- Invoking toplevel() on ptolemy.moml.MoMLSimpleApplication@42e127d2
----------------- Done invoking toplevel() on ptolemy.moml.MoMLSimpleApplication@42e127d2
reloadAllAccessors: .StickyMasses

===========================================================================================
----------------- testing Sat Mar 02 00:13:49 UTC 2019 /home/travis/build/icyphy/ptII/ptolemy/domains/continuous/test/auto/StopTime.xml
----------------- Instantiating /home/travis/build/icyphy/ptII/ptolemy/domains/continuous/test/auto/StopTime.xml
61 ms. Memory: 245760K Free: 164062K (67%)
----------------- Invoking toplevel() on ptolemy.moml.MoMLSimpleApplication@31944366
----------------- Done invoking toplevel() on ptolemy.moml.MoMLSimpleApplication@31944366
reloadAllAccessors: .StopTime

===========================================================================================
----------------- testing Sat Mar 02 00:13:49 UTC 2019 /home/travis/build/icyphy/ptII/ptolemy/domains/continuous/test/auto/StopTime2.xml
----------------- Instantiating /home/travis/build/icyphy/ptII/ptolemy/domains/continuous/test/auto/StopTime2.xml
60 ms. Memory: 245760K Free: 138536K (56%)
----------------- Invoking toplevel() on ptolemy.moml.MoMLSimpleApplication@2b59f00a
----------------- Done invoking toplevel() on ptolemy.moml.MoMLSimpleApplication@2b59f00a
reloadAllAccessors: .StopTime2

===========================================================================================
----------------- testing Sat Mar 02 00:13:49 UTC 2019 /home/travis/build/icyphy/ptII/ptolemy/domains/continuous/test/auto/Switch.xml
----------------- Instantiating /home/travis/build/icyphy/ptII/ptolemy/domains/continuous/test/auto/Switch.xml
41 ms. Memory: 245760K Free: 110793K (45%)
----------------- Invoking toplevel() on ptolemy.moml.MoMLSimpleApplication@636f8341
----------------- Done invoking toplevel() on ptolemy.moml.MoMLSimpleApplication@636f8341
reloadAllAccessors: .Switch

===========================================================================================
----------------- testing Sat Mar 02 00:13:49 UTC 2019 /home/travis/build/icyphy/ptII/ptolemy/domains/continuous/test/auto/Thermostat.xml
----------------- Instantiating /home/travis/build/icyphy/ptII/ptolemy/domains/continuous/test/auto/Thermostat.xml
203 ms. Memory: 245760K Free: 34066K (14%)
----------------- Invoking toplevel() on ptolemy.moml.MoMLSimpleApplication@54eed048
----------------- Done invoking toplevel() on ptolemy.moml.MoMLSimpleApplication@54eed048
reloadAllAccessors: .Thermostat

===========================================================================================
----------------- testing Sat Mar 02 00:13:49 UTC 2019 /home/travis/build/icyphy/ptII/ptolemy/domains/continuous/test/auto/TimeDelay.xml
----------------- Instantiating /home/travis/build/icyphy/ptII/ptolemy/domains/continuous/test/auto/TimeDelay.xml
7 ms. Memory: 245760K Free: 28378K (12%)
----------------- Invoking toplevel() on ptolemy.moml.MoMLSimpleApplication@e6d19c3
----------------- Done invoking toplevel() on ptolemy.moml.MoMLSimpleApplication@e6d19c3
reloadAllAccessors: .TimeDelay

===========================================================================================
----------------- testing Sat Mar 02 00:13:49 UTC 2019 /home/travis/build/icyphy/ptII/ptolemy/domains/continuous/test/auto/TimeDelay2.xml
----------------- Instantiating /home/travis/build/icyphy/ptII/ptolemy/domains/continuous/test/auto/TimeDelay2.xml
10 ms. Memory: 245760K Free: 18007K (7%)
----------------- Invoking toplevel() on ptolemy.moml.MoMLSimpleApplication@1e7feadf
----------------- Done invoking toplevel() on ptolemy.moml.MoMLSimpleApplication@1e7feadf
reloadAllAccessors: .TimeDelay2

===========================================================================================
----------------- testing Sat Mar 02 00:13:49 UTC 2019 /home/travis/build/icyphy/ptII/ptolemy/domains/continuous/test/auto/TimeDelay3.xml
----------------- Instantiating /home/travis/build/icyphy/ptII/ptolemy/domains/continuous/test/auto/TimeDelay3.xml
7 ms. Memory: 232448K Free: 156084K (67%)
----------------- Invoking toplevel() on ptolemy.moml.MoMLSimpleApplication@1287ccc3
----------------- Done invoking toplevel() on ptolemy.moml.MoMLSimpleApplication@1287ccc3
reloadAllAccessors: .TimeDelay3

===========================================================================================
----------------- testing Sat Mar 02 00:13:49 UTC 2019 /home/travis/build/icyphy/ptII/ptolemy/domains/continuous/test/auto/TransferAbsentToInside.xml
----------------- Instantiating /home/travis/build/icyphy/ptII/ptolemy/domains/continuous/test/auto/TransferAbsentToInside.xml
25 ms. Memory: 232448K Free: 98897K (43%)
----------------- Invoking toplevel() on ptolemy.moml.MoMLSimpleApplication@2bd87dd7
----------------- Done invoking toplevel() on ptolemy.moml.MoMLSimpleApplication@2bd87dd7
reloadAllAccessors: .TransferAbsentToInside

===========================================================================================
----------------- testing Sat Mar 02 00:13:50 UTC 2019 /home/travis/build/icyphy/ptII/ptolemy/domains/continuous/test/auto/Transmission.xml
----------------- Instantiating /home/travis/build/icyphy/ptII/ptolemy/domains/continuous/test/auto/Transmission.xml
787 ms. Memory: 220672K Free: 143319K (65%)
----------------- Invoking toplevel() on ptolemy.moml.MoMLSimpleApplication@6b13181b
----------------- Done invoking toplevel() on ptolemy.moml.MoMLSimpleApplication@6b13181b
reloadAllAccessors: .Transmission

===========================================================================================
----------------- testing Sat Mar 02 00:13:50 UTC 2019 /home/travis/build/icyphy/ptII/ptolemy/domains/continuous/test/auto/TriggeredContinuousClock.xml
----------------- Instantiating /home/travis/build/icyphy/ptII/ptolemy/domains/continuous/test/auto/TriggeredContinuousClock.xml
38 ms. Memory: 220672K Free: 110565K (50%)
----------------- Invoking toplevel() on ptolemy.moml.MoMLSimpleApplication@783aaad3
----------------- Done invoking toplevel() on ptolemy.moml.MoMLSimpleApplication@783aaad3
reloadAllAccessors: .TriggeredContinuousClock

===========================================================================================
----------------- testing Sat Mar 02 00:13:50 UTC 2019 /home/travis/build/icyphy/ptII/ptolemy/domains/continuous/test/auto/TwoMachineInfiniteBusControl.xml
----------------- Instantiating /home/travis/build/icyphy/ptII/ptolemy/domains/continuous/test/auto/TwoMachineInfiniteBusControl.xml
2622 ms. Memory: 200192K Free: 40145K (20%)
----------------- Invoking toplevel() on ptolemy.moml.MoMLSimpleApplication@6b5f7325
----------------- Done invoking toplevel() on ptolemy.moml.MoMLSimpleApplication@6b5f7325
reloadAllAccessors: .TwoMachineInfiniteBusControl

===========================================================================================
----------------- testing Sat Mar 02 00:13:53 UTC 2019 /home/travis/build/icyphy/ptII/ptolemy/domains/continuous/test/auto/V2V.xml
----------------- Instantiating /home/travis/build/icyphy/ptII/ptolemy/domains/continuous/test/auto/V2V.xml
742 ms. Memory: 191488K Free: 69275K (36%)
----------------- Invoking toplevel() on ptolemy.moml.MoMLSimpleApplication@22a2afe
----------------- Done invoking toplevel() on ptolemy.moml.MoMLSimpleApplication@22a2afe
reloadAllAccessors: .V2V

===========================================================================================
----------------- testing Sat Mar 02 00:13:54 UTC 2019 /home/travis/build/icyphy/ptII/ptolemy/domains/continuous/test/auto/hierarchicalModalModel.xml
----------------- Instantiating /home/travis/build/icyphy/ptII/ptolemy/domains/continuous/test/auto/hierarchicalModalModel.xml
5 ms. Memory: 191488K Free: 52281K (27%)
----------------- Invoking toplevel() on ptolemy.moml.MoMLSimpleApplication@4b4c2fcc
----------------- Done invoking toplevel() on ptolemy.moml.MoMLSimpleApplication@4b4c2fcc
reloadAllAccessors: .hierarchicalModalModel

===========================================================================================
----------------- testing Sat Mar 02 00:13:54 UTC 2019 /home/travis/build/icyphy/ptII/ptolemy/domains/continuous/test/auto/hierarchicalModalModel1.xml
----------------- Instantiating /home/travis/build/icyphy/ptII/ptolemy/domains/continuous/test/auto/hierarchicalModalModel1.xml
11 ms. Memory: 191488K Free: 36968K (19%)
----------------- Invoking toplevel() on ptolemy.moml.MoMLSimpleApplication@3ee0615a
----------------- Done invoking toplevel() on ptolemy.moml.MoMLSimpleApplication@3ee0615a
reloadAllAccessors: .hierarchicalModalModel1

===========================================================================================
----------------- testing Sat Mar 02 00:13:54 UTC 2019 /home/travis/build/icyphy/ptII/ptolemy/domains/continuous/test/auto/hierarchicalModalModel2.xml
----------------- Instantiating /home/travis/build/icyphy/ptII/ptolemy/domains/continuous/test/auto/hierarchicalModalModel2.xml
6 ms. Memory: 191488K Free: 21647K (11%)
----------------- Invoking toplevel() on ptolemy.moml.MoMLSimpleApplication@50fb8037
----------------- Done invoking toplevel() on ptolemy.moml.MoMLSimpleApplication@50fb8037
reloadAllAccessors: .hierarchicalModalModel2

===========================================================================================
----------------- testing Sat Mar 02 00:13:54 UTC 2019 /home/travis/build/icyphy/ptII/ptolemy/domains/continuous/test/auto/hierarchicalModalModel3.xml
----------------- Instantiating /home/travis/build/icyphy/ptII/ptolemy/domains/continuous/test/auto/hierarchicalModalModel3.xml
8 ms. Memory: 191488K Free: 8517K (4%)
----------------- Invoking toplevel() on ptolemy.moml.MoMLSimpleApplication@1f1170d6
----------------- Done invoking toplevel() on ptolemy.moml.MoMLSimpleApplication@1f1170d6
reloadAllAccessors: .hierarchicalModalModel3

===========================================================================================
----------------- testing Sat Mar 02 00:13:54 UTC 2019 /home/travis/build/icyphy/ptII/ptolemy/domains/continuous/test/auto/hierarchicalModalModel4.xml
----------------- Instantiating /home/travis/build/icyphy/ptII/ptolemy/domains/continuous/test/auto/hierarchicalModalModel4.xml
6 ms. Memory: 192000K Free: 105441K (55%)
----------------- Invoking toplevel() on ptolemy.moml.MoMLSimpleApplication@30818126
----------------- Done invoking toplevel() on ptolemy.moml.MoMLSimpleApplication@30818126
reloadAllAccessors: .hierarchicalModalModel4

===========================================================================================
----------------- testing Sat Mar 02 00:13:54 UTC 2019 /home/travis/build/icyphy/ptII/ptolemy/domains/continuous/test/auto/junk.xml
----------------- Instantiating /home/travis/build/icyphy/ptII/ptolemy/domains/continuous/test/auto/junk.xml
121 ms. Memory: 192000K Free: 73662K (38%)
----------------- Invoking toplevel() on ptolemy.moml.MoMLSimpleApplication@2407b4df
----------------- Done invoking toplevel() on ptolemy.moml.MoMLSimpleApplication@2407b4df
reloadAllAccessors: .junk
AutoTests.java: About to close Vertx.
AutoTests.java: Vertx closed.
]]></system-out>
  <system-err><![CDATA[Warning: '.HysteresisWithRandomDelay.NonStrictTest3' The test produced only 25 tokens, yet the correctValues parameter was expecting 30 tokens.
Warning: '.Poisson.NonStrictTest' The test produced only 403 tokens, yet the correctValues parameter was expecting 430 tokens.
]]></system-err>
</testsuite>
