<?xml version="1.0" encoding="UTF-8" ?>
<testsuite errors="0" failures="0" hostname="travis-job-f55bb34d-e825-43d4-8ee7-c34accb2fa22" name="ptolemy.domains.de.test.junit.JUnitTclTest" skipped="0" tests="101" time="125.504" timestamp="2019-03-20T04:12:20">
  <properties>
[...]
</properties>
  <testcase classname="ptolemy.util.test.junit.TclTests" name="[0] /home/travis/build/icyphy/ptII/ptolemy/domains/de/test/DependencyLoop.tcl (RunTclFile)" time="0.758" />
  <testcase classname="ptolemy.util.test.junit.TclTests" name="[1] /home/travis/build/icyphy/ptII/ptolemy/domains/de/test/RunDETestsAsQSS.tcl (RunTclFile)" time="86.06" />
  <testcase classname="ptolemy.util.test.junit.AutoKnownFailedTests" name="[0] /home/travis/build/icyphy/ptII/ptolemy/domains/de/test/auto/knownFailedTests/DESDFClockTest.xml (RunModel)" time="2.026" />
  <testcase classname="ptolemy.util.test.junit.AutoKnownFailedTests" name="[1] /home/travis/build/icyphy/ptII/ptolemy/domains/de/test/auto/knownFailedTests/DirectFeedback.xml (RunModel)" time="0.011" />
  <testcase classname="ptolemy.util.test.junit.AutoKnownFailedTests" name="[2] /home/travis/build/icyphy/ptII/ptolemy/domains/de/test/auto/knownFailedTests/FSMSource.xml (RunModel)" time="0.019" />
  <testcase classname="ptolemy.util.test.junit.AutoKnownFailedTests" name="[3] /home/travis/build/icyphy/ptII/ptolemy/domains/de/test/auto/knownFailedTests/HierarchicalModel.xml (RunModel)" time="0.028" />
  <testcase classname="ptolemy.util.test.junit.AutoKnownFailedTests" name="[4] /home/travis/build/icyphy/ptII/ptolemy/domains/de/test/auto/knownFailedTests/dependencyLoop.xml (RunModel)" time="0.025" />
  <testcase classname="ptolemy.util.test.junit.AutoKnownFailedTests" name="[5] /home/travis/build/icyphy/ptII/ptolemy/domains/de/test/auto/knownFailedTests/dependencyLoop2.xml (RunModel)" time="0.032" />
  <testcase classname="ptolemy.util.test.junit.AutoNameArchTests" name="[0] ThereAreNoAutoArchTests (RunModel)" time="0.004" />
  <testcase classname="ptolemy.util.test.junit.AutoTests" name="[0] /home/travis/build/icyphy/ptII/ptolemy/domains/de/test/auto/ActorDepthCalculation_actorWithoutPorts.xml (RunModel)" time="0.015" />
  <testcase classname="ptolemy.util.test.junit.AutoTests" name="[1] /home/travis/build/icyphy/ptII/ptolemy/domains/de/test/auto/AssemblyLine.xml (RunModel)" time="0.018" />
  <testcase classname="ptolemy.util.test.junit.AutoTests" name="[2] /home/travis/build/icyphy/ptII/ptolemy/domains/de/test/auto/CQBug1.xml (RunModel)" time="0.012" />
  <testcase classname="ptolemy.util.test.junit.AutoTests" name="[3] /home/travis/build/icyphy/ptII/ptolemy/domains/de/test/auto/CancelFireAt.xml (RunModel)" time="0.009" />
  <testcase classname="ptolemy.util.test.junit.AutoTests" name="[4] /home/travis/build/icyphy/ptII/ptolemy/domains/de/test/auto/CausalityAndComposabilityAnalysis.xml (RunModel)" time="0.01" />
  <testcase classname="ptolemy.util.test.junit.AutoTests" name="[5] /home/travis/build/icyphy/ptII/ptolemy/domains/de/test/auto/CausalityInterface1.xml (RunModel)" time="0.01" />
  <testcase classname="ptolemy.util.test.junit.AutoTests" name="[6] /home/travis/build/icyphy/ptII/ptolemy/domains/de/test/auto/CausalityInterface15.xml (RunModel)" time="0.01" />
  <testcase classname="ptolemy.util.test.junit.AutoTests" name="[7] /home/travis/build/icyphy/ptII/ptolemy/domains/de/test/auto/CausalityInterface2.xml (RunModel)" time="0.008" />
  <testcase classname="ptolemy.util.test.junit.AutoTests" name="[8] /home/travis/build/icyphy/ptII/ptolemy/domains/de/test/auto/CausalityInterface3.xml (RunModel)" time="0.008" />
  <testcase classname="ptolemy.util.test.junit.AutoTests" name="[9] /home/travis/build/icyphy/ptII/ptolemy/domains/de/test/auto/ClockDrift.xml (RunModel)" time="0.023" />
  <testcase classname="ptolemy.util.test.junit.AutoTests" name="[10] /home/travis/build/icyphy/ptII/ptolemy/domains/de/test/auto/ClockDriftAndValueChange.xml (RunModel)" time="0.022" />
  <testcase classname="ptolemy.util.test.junit.AutoTests" name="[11] /home/travis/build/icyphy/ptII/ptolemy/domains/de/test/auto/ClockDriftChange.xml (RunModel)" time="0.024" />
  <testcase classname="ptolemy.util.test.junit.AutoTests" name="[12] /home/travis/build/icyphy/ptII/ptolemy/domains/de/test/auto/ComposableCausalityAnalysis.xml (RunModel)" time="0.013" />
  <testcase classname="ptolemy.util.test.junit.AutoTests" name="[13] /home/travis/build/icyphy/ptII/ptolemy/domains/de/test/auto/DEFixedPointLimitation.xml (RunModel)" time="0.009" />
  <testcase classname="ptolemy.util.test.junit.AutoTests" name="[14] /home/travis/build/icyphy/ptII/ptolemy/domains/de/test/auto/DEScheduleTest.xml (RunModel)" time="0.007" />
  <testcase classname="ptolemy.util.test.junit.AutoTests" name="[15] /home/travis/build/icyphy/ptII/ptolemy/domains/de/test/auto/DEinDEwithStartTimes.xml (RunModel)" time="0.008" />
  <testcase classname="ptolemy.util.test.junit.AutoTests" name="[16] /home/travis/build/icyphy/ptII/ptolemy/domains/de/test/auto/DEinDEwithStartTimes2.xml (RunModel)" time="0.013" />
  <testcase classname="ptolemy.util.test.junit.AutoTests" name="[17] /home/travis/build/icyphy/ptII/ptolemy/domains/de/test/auto/DateDemo.xml (RunModel)" time="0.021" />
  <testcase classname="ptolemy.util.test.junit.AutoTests" name="[18] /home/travis/build/icyphy/ptII/ptolemy/domains/de/test/auto/DateToEvent.xml (RunModel)" time="2.025" />
  <testcase classname="ptolemy.util.test.junit.AutoTests" name="[19] /home/travis/build/icyphy/ptII/ptolemy/domains/de/test/auto/DepthTest1.xml (RunModel)" time="0.009" />
  <testcase classname="ptolemy.util.test.junit.AutoTests" name="[20] /home/travis/build/icyphy/ptII/ptolemy/domains/de/test/auto/DepthTest2.xml (RunModel)" time="0.013" />
  <testcase classname="ptolemy.util.test.junit.AutoTests" name="[21] /home/travis/build/icyphy/ptII/ptolemy/domains/de/test/auto/DepthTest3.xml (RunModel)" time="0.005" />
  <testcase classname="ptolemy.util.test.junit.AutoTests" name="[22] /home/travis/build/icyphy/ptII/ptolemy/domains/de/test/auto/DepthTest4.xml (RunModel)" time="0.007" />
  <testcase classname="ptolemy.util.test.junit.AutoTests" name="[23] /home/travis/build/icyphy/ptII/ptolemy/domains/de/test/auto/DepthTest5.xml (RunModel)" time="0.009" />
  <testcase classname="ptolemy.util.test.junit.AutoTests" name="[24] /home/travis/build/icyphy/ptII/ptolemy/domains/de/test/auto/DepthTest6.xml (RunModel)" time="0.008" />
  <testcase classname="ptolemy.util.test.junit.AutoTests" name="[25] /home/travis/build/icyphy/ptII/ptolemy/domains/de/test/auto/DepthTest7.xml (RunModel)" time="0.008" />
  <testcase classname="ptolemy.util.test.junit.AutoTests" name="[26] /home/travis/build/icyphy/ptII/ptolemy/domains/de/test/auto/EventToDate.xml (RunModel)" time="3.022" />
  <testcase classname="ptolemy.util.test.junit.AutoTests" name="[27] /home/travis/build/icyphy/ptII/ptolemy/domains/de/test/auto/FSM1.xml (RunModel)" time="0.025" />
  <testcase classname="ptolemy.util.test.junit.AutoTests" name="[28] /home/travis/build/icyphy/ptII/ptolemy/domains/de/test/auto/FSM7.xml (RunModel)" time="0.033" />
  <testcase classname="ptolemy.util.test.junit.AutoTests" name="[29] /home/travis/build/icyphy/ptII/ptolemy/domains/de/test/auto/Inspection.xml (RunModel)" time="0.033" />
  <testcase classname="ptolemy.util.test.junit.AutoTests" name="[30] /home/travis/build/icyphy/ptII/ptolemy/domains/de/test/auto/Iteration.xml (RunModel)" time="0.029" />
  <testcase classname="ptolemy.util.test.junit.AutoTests" name="[31] /home/travis/build/icyphy/ptII/ptolemy/domains/de/test/auto/LineFault.xml (RunModel)" time="0.595" />
  <testcase classname="ptolemy.util.test.junit.AutoTests" name="[32] /home/travis/build/icyphy/ptII/ptolemy/domains/de/test/auto/MergeModel1Add.xml (RunModel)" time="0.037" />
  <testcase classname="ptolemy.util.test.junit.AutoTests" name="[33] /home/travis/build/icyphy/ptII/ptolemy/domains/de/test/auto/MergeModel2Add.xml (RunModel)" time="0.042" />
  <testcase classname="ptolemy.util.test.junit.AutoTests" name="[34] /home/travis/build/icyphy/ptII/ptolemy/domains/de/test/auto/MergeModel3Add.xml (RunModel)" time="0.043" />
  <testcase classname="ptolemy.util.test.junit.AutoTests" name="[35] /home/travis/build/icyphy/ptII/ptolemy/domains/de/test/auto/MergeWithoutDiscard.xml (RunModel)" time="0.01" />
  <testcase classname="ptolemy.util.test.junit.AutoTests" name="[36] /home/travis/build/icyphy/ptII/ptolemy/domains/de/test/auto/Modal1.xml (RunModel)" time="0.031" />
  <testcase classname="ptolemy.util.test.junit.AutoTests" name="[37] /home/travis/build/icyphy/ptII/ptolemy/domains/de/test/auto/Modal2.xml (RunModel)" time="0.033" />
  <testcase classname="ptolemy.util.test.junit.AutoTests" name="[38] /home/travis/build/icyphy/ptII/ptolemy/domains/de/test/auto/Modal3.xml (RunModel)" time="0.032" />
  <testcase classname="ptolemy.util.test.junit.AutoTests" name="[39] /home/travis/build/icyphy/ptII/ptolemy/domains/de/test/auto/Modal4.xml (RunModel)" time="0.028" />
  <testcase classname="ptolemy.util.test.junit.AutoTests" name="[40] /home/travis/build/icyphy/ptII/ptolemy/domains/de/test/auto/Modal5.xml (RunModel)" time="0.028" />
  <testcase classname="ptolemy.util.test.junit.AutoTests" name="[41] /home/travis/build/icyphy/ptII/ptolemy/domains/de/test/auto/Modal6.xml (RunModel)" time="0.027" />
  <testcase classname="ptolemy.util.test.junit.AutoTests" name="[42] /home/travis/build/icyphy/ptII/ptolemy/domains/de/test/auto/Modal7.xml (RunModel)" time="0.029" />
  <testcase classname="ptolemy.util.test.junit.AutoTests" name="[43] /home/travis/build/icyphy/ptII/ptolemy/domains/de/test/auto/ModalModel.xml (RunModel)" time="0.163" />
  <testcase classname="ptolemy.util.test.junit.AutoTests" name="[44] /home/travis/build/icyphy/ptII/ptolemy/domains/de/test/auto/ModalSource.xml (RunModel)" time="0.013" />
  <testcase classname="ptolemy.util.test.junit.AutoTests" name="[45] /home/travis/build/icyphy/ptII/ptolemy/domains/de/test/auto/NonInterruptibleTimerZeroDelay.xml (RunModel)" time="0.006" />
  <testcase classname="ptolemy.util.test.junit.AutoTests" name="[46] /home/travis/build/icyphy/ptII/ptolemy/domains/de/test/auto/OpenQueueingNetwork.xml (RunModel)" time="1.918" />
  <testcase classname="ptolemy.util.test.junit.AutoTests" name="[47] /home/travis/build/icyphy/ptII/ptolemy/domains/de/test/auto/OpenQueuingNetwork.xml (RunModel)" time="0.251" />
  <testcase classname="ptolemy.util.test.junit.AutoTests" name="[48] /home/travis/build/icyphy/ptII/ptolemy/domains/de/test/auto/PeriodicSampler.xml (RunModel)" time="0.006" />
  <testcase classname="ptolemy.util.test.junit.AutoTests" name="[49] /home/travis/build/icyphy/ptII/ptolemy/domains/de/test/auto/PersistentIO.xml (RunModel)" time="0.016" />
  <testcase classname="ptolemy.util.test.junit.AutoTests" name="[50] /home/travis/build/icyphy/ptII/ptolemy/domains/de/test/auto/PortParameterResetOnInitialize.xml (RunModel)" time="0.007" />
  <testcase classname="ptolemy.util.test.junit.AutoTests" name="[51] /home/travis/build/icyphy/ptII/ptolemy/domains/de/test/auto/PortParameterUpdates.xml (RunModel)" time="0.033" />
  <testcase classname="ptolemy.util.test.junit.AutoTests" name="[52] /home/travis/build/icyphy/ptII/ptolemy/domains/de/test/auto/QueueAndServer.xml (RunModel)" time="0.024" />
  <testcase classname="ptolemy.util.test.junit.AutoTests" name="[53] /home/travis/build/icyphy/ptII/ptolemy/domains/de/test/auto/Records.xml (RunModel)" time="0.017" />
  <testcase classname="ptolemy.util.test.junit.AutoTests" name="[54] /home/travis/build/icyphy/ptII/ptolemy/domains/de/test/auto/ResetTransitionWithStartTime1.xml (RunModel)" time="0.016" />
  <testcase classname="ptolemy.util.test.junit.AutoTests" name="[55] /home/travis/build/icyphy/ptII/ptolemy/domains/de/test/auto/ResetTransitionWithStartTime2.xml (RunModel)" time="0.015" />
  <testcase classname="ptolemy.util.test.junit.AutoTests" name="[56] /home/travis/build/icyphy/ptII/ptolemy/domains/de/test/auto/ResetTransitionWithStartTime3.xml (RunModel)" time="0.017" />
  <testcase classname="ptolemy.util.test.junit.AutoTests" name="[57] /home/travis/build/icyphy/ptII/ptolemy/domains/de/test/auto/ResetTransitionWithStartTime4.xml (RunModel)" time="0.017" />
  <testcase classname="ptolemy.util.test.junit.AutoTests" name="[58] /home/travis/build/icyphy/ptII/ptolemy/domains/de/test/auto/ResettableTimer1.xml (RunModel)" time="0.008" />
  <testcase classname="ptolemy.util.test.junit.AutoTests" name="[59] /home/travis/build/icyphy/ptII/ptolemy/domains/de/test/auto/ResettableTimer2.xml (RunModel)" time="0.007" />
  <testcase classname="ptolemy.util.test.junit.AutoTests" name="[60] /home/travis/build/icyphy/ptII/ptolemy/domains/de/test/auto/ResettableTimer3.xml (RunModel)" time="0.007" />
  <testcase classname="ptolemy.util.test.junit.AutoTests" name="[61] /home/travis/build/icyphy/ptII/ptolemy/domains/de/test/auto/ResettableTimer4.xml (RunModel)" time="0.008" />
  <testcase classname="ptolemy.util.test.junit.AutoTests" name="[62] /home/travis/build/icyphy/ptII/ptolemy/domains/de/test/auto/ResettableTimer5.xml (RunModel)" time="0.007" />
  <testcase classname="ptolemy.util.test.junit.AutoTests" name="[63] /home/travis/build/icyphy/ptII/ptolemy/domains/de/test/auto/ResettableTimer6.xml (RunModel)" time="0.017" />
  <testcase classname="ptolemy.util.test.junit.AutoTests" name="[64] /home/travis/build/icyphy/ptII/ptolemy/domains/de/test/auto/ServerZeroDelay.xml (RunModel)" time="0.008" />
  <testcase classname="ptolemy.util.test.junit.AutoTests" name="[65] /home/travis/build/icyphy/ptII/ptolemy/domains/de/test/auto/SmartSender.xml (RunModel)" time="3.007" />
  <testcase classname="ptolemy.util.test.junit.AutoTests" name="[66] /home/travis/build/icyphy/ptII/ptolemy/domains/de/test/auto/ThreadedComposite.xml (RunModel)" time="0.173" />
  <testcase classname="ptolemy.util.test.junit.AutoTests" name="[67] /home/travis/build/icyphy/ptII/ptolemy/domains/de/test/auto/Time.xml (RunModel)" time="0.439" />
  <testcase classname="ptolemy.util.test.junit.AutoTests" name="[68] /home/travis/build/icyphy/ptII/ptolemy/domains/de/test/auto/TimeDelayZeroDelay.xml (RunModel)" time="0.01" />
  <testcase classname="ptolemy.util.test.junit.AutoTests" name="[69] /home/travis/build/icyphy/ptII/ptolemy/domains/de/test/auto/TimerZeroDelay.xml (RunModel)" time="0.008" />
  <testcase classname="ptolemy.util.test.junit.AutoTests" name="[70] /home/travis/build/icyphy/ptII/ptolemy/domains/de/test/auto/TimingParadox.xml (RunModel)" time="0.346" />
  <testcase classname="ptolemy.util.test.junit.AutoTests" name="[71] /home/travis/build/icyphy/ptII/ptolemy/domains/de/test/auto/TransferInputs.xml (RunModel)" time="0.018" />
  <testcase classname="ptolemy.util.test.junit.AutoTests" name="[72] /home/travis/build/icyphy/ptII/ptolemy/domains/de/test/auto/TransferOutputs2.xml (RunModel)" time="0.014" />
  <testcase classname="ptolemy.util.test.junit.AutoTests" name="[73] /home/travis/build/icyphy/ptII/ptolemy/domains/de/test/auto/Trilateration.xml (RunModel)" time="11.047" />
  <testcase classname="ptolemy.util.test.junit.AutoTests" name="[74] /home/travis/build/icyphy/ptII/ptolemy/domains/de/test/auto/TwoSigmaDelta.xml (RunModel)" time="2.034" />
  <testcase classname="ptolemy.util.test.junit.AutoTests" name="[75] /home/travis/build/icyphy/ptII/ptolemy/domains/de/test/auto/VariableDelay.xml (RunModel)" time="0.008" />
  <testcase classname="ptolemy.util.test.junit.AutoTests" name="[76] /home/travis/build/icyphy/ptII/ptolemy/domains/de/test/auto/VariableDelay2.xml (RunModel)" time="0.011" />
  <testcase classname="ptolemy.util.test.junit.AutoTests" name="[77] /home/travis/build/icyphy/ptII/ptolemy/domains/de/test/auto/VariableDelayZeroDelay.xml (RunModel)" time="0.009" />
  <testcase classname="ptolemy.util.test.junit.AutoTests" name="[78] /home/travis/build/icyphy/ptII/ptolemy/domains/de/test/auto/VariableDelayZeroDelay2.xml (RunModel)" time="0.008" />
  <testcase classname="ptolemy.util.test.junit.AutoTests" name="[79] /home/travis/build/icyphy/ptII/ptolemy/domains/de/test/auto/deInCt.xml (RunModel)" time="0.013" />
  <testcase classname="ptolemy.util.test.junit.AutoTests" name="[80] /home/travis/build/icyphy/ptII/ptolemy/domains/de/test/auto/deInCt2.xml (RunModel)" time="0.025" />
  <testcase classname="ptolemy.util.test.junit.AutoTests" name="[81] /home/travis/build/icyphy/ptII/ptolemy/domains/de/test/auto/dynamicCausalityInterface1.xml (RunModel)" time="0.016" />
  <testcase classname="ptolemy.util.test.junit.AutoTests" name="[82] /home/travis/build/icyphy/ptII/ptolemy/domains/de/test/auto/fsm_de_test.xml (RunModel)" time="0.022" />
  <testcase classname="ptolemy.util.test.junit.AutoTests" name="[83] /home/travis/build/icyphy/ptII/ptolemy/domains/de/test/auto/functionDependencyReconstruction.xml (RunModel)" time="0.027" />
  <testcase classname="ptolemy.util.test.junit.AutoTests" name="[84] /home/travis/build/icyphy/ptII/ptolemy/domains/de/test/auto/multirate.xml (RunModel)" time="0.015" />
  <testcase classname="ptolemy.util.test.junit.AutoTests" name="[85] /home/travis/build/icyphy/ptII/ptolemy/domains/de/test/auto/multirate2.xml (RunModel)" time="0.014" />
  <testcase classname="ptolemy.util.test.junit.AutoTests" name="[86] /home/travis/build/icyphy/ptII/ptolemy/domains/de/test/auto/realtime.xml (RunModel)" time="10.01" />
  <testcase classname="ptolemy.util.test.junit.AutoTests" name="[87] /home/travis/build/icyphy/ptII/ptolemy/domains/de/test/auto/relationGroup.xml (RunModel)" time="0.007" />
  <testcase classname="ptolemy.util.test.junit.AutoTests" name="[88] /home/travis/build/icyphy/ptII/ptolemy/domains/de/test/auto/relationGroup2.xml (RunModel)" time="0.006" />
  <testcase classname="ptolemy.util.test.junit.AutoTests" name="[89] /home/travis/build/icyphy/ptII/ptolemy/domains/de/test/auto/sortWithOpaquePorts.xml (RunModel)" time="0.006" />
  <testcase classname="ptolemy.util.test.junit.AutoTests" name="[90] /home/travis/build/icyphy/ptII/ptolemy/domains/de/test/auto/transferInputsandOutputs.xml (RunModel)" time="0.012" />
  <testcase classname="ptolemy.util.test.junit.AutoTests" name="[91] /home/travis/build/icyphy/ptII/ptolemy/domains/de/test/auto/triggerType.xml (RunModel)" time="0.006" />
  <system-out><![CDATA[/home/travis/build/icyphy/ptII/ptolemy/domains/de/test/DependencyLoop.tcl
testDefs.tcl: setting time out to 9000 seconds at Wed Mar 20 04:12:20 UTC 2019
14 ms. Memory: 116224K Free: 97571K (84%)
29 ms. Memory: 146944K Free: 141190K (96%)
/home/travis/build/icyphy/ptII/ptolemy/domains/de/test/RunDETestsAsQSS.tcl
Run the DE tests using ptolemy.domains.qss.test.QSSDirectorTest, which extends QSSDirector and prints a message in the constructors.
------------------ testing $PTII/ptolemy/domains/de/test/auto/knownFailedTests/dependencyLoop.xml (Known Failure) 
14 ms. Memory: 146944K Free: 136545K (93%)


==== $PTIIhome/travis/build/icyphy/ptII/ptolemy/domains/de/test/../../../../: Auto Automatic test in file $PTII/ptolemy/domains/de/test/auto/knownFailedTests/dependencyLoop.xml
==== Contents of test case:

	    # FIXME: we should use $relativeFilename here, but it
	    # might have backslashes under Windows, which causes no end
	    # of trouble.
	    createAndExecute $file
	    list {}
	
.... Test generated KNOWN error:
    while executing
ptolemy.kernel.util.IllegalActionException: Found a zero delay loop containing .dependencyLoop.original
  in .dependencyLoop and .dependencyLoop.original
	at ptolemy.actor.util.CausalityInterfaceForComposites._computeOutputPortDepth(CausalityInterfaceForComposites.java:759)
	at ptolemy.actor.util.CausalityInterfaceForComposites._computeInputDepth(CausalityInterfaceForComposites.java:696)
	at ptolemy.actor.util.CausalityInterfaceForComposites._computeOutputPortDepth(CausalityInterfaceForComposites.java:765)
	at ptolemy.actor.util.CausalityInterfaceForComposites._computeInputDepth(CausalityInterfaceForComposites.java:696)
	at ptolemy.actor.util.CausalityInterfaceForComposites._computeOutputPortDepth(CausalityInterfaceForComposites.java:765)
	at ptolemy.actor.util.CausalityInterfaceForComposites._computeInputDepth(CausalityInterfaceForComposites.java:696)
	at ptolemy.actor.util.CausalityInterfaceForComposites._computeActorDepth(CausalityInterfaceForComposites.java:532)
	at ptolemy.actor.util.CausalityInterfaceForComposites.checkForCycles(CausalityInterfaceForComposites.java:96)
	at ptolemy.domains.de.kernel.DEDirector.preinitialize(DEDirector.java:1338)
	at ptolemy.actor.CompositeActor.preinitialize(CompositeActor.java:1828)
	at ptolemy.actor.Manager.preinitializeAndResolveTypes(Manager.java:1040)
	at ptolemy.actor.Manager.initialize(Manager.java:710)
	at ptolemy.actor.Manager.execute(Manager.java:356)
	at ptolemy.actor.Manager.run(Manager.java:1263)
	at ptolemy.actor.Manager$PtolemyRunThread.run(Manager.java:1915)

    while executing
ptolemy.kernel.util.IllegalActionException: Found a zero delay loop containing .dependencyLoop.original
  in .dependencyLoop and .dependencyLoop.original
    while executing
"java::new ptolemy.moml.MoMLSimpleApplication $file
"
    (procedure "createAndExecute" line 2)
    invoked from within
"createAndExecute $file"
    ("uplevel" body line 5)
    invoked from within
"uplevel $contents_of_test"
------------------ testing $PTII/ptolemy/domains/de/test/auto/knownFailedTests/DESDFClockTest.xml (Known Failure) 
2047 ms. Memory: 146944K Free: 121364K (83%)


==== $PTIIhome/travis/build/icyphy/ptII/ptolemy/domains/de/test/../../../../: Auto Automatic test in file $PTII/ptolemy/domains/de/test/auto/knownFailedTests/DESDFClockTest.xml
==== Contents of test case:

	    # FIXME: we should use $relativeFilename here, but it
	    # might have backslashes under Windows, which causes no end
	    # of trouble.
	    createAndExecute $file
	    list {}
	
.... Test generated KNOWN error:
    while executing
ptolemy.kernel.util.IllegalActionException: Actor is not ready to fire.  Perhaps UpSample.prefire() returned false? Try debugging the actor by selecting "Listen to Actor".  Also, for SDF check moml for tokenConsumptionRate on input.
  in .DESDFClockTest.Play Bell.Copy1:SDF Director and .DESDFClockTest.Play Bell.UpSample
	at ptolemy.actor.sched.StaticSchedulingDirector.fire(StaticSchedulingDirector.java:227)
	at ptolemy.domains.sdf.kernel.SDFDirector.fire(SDFDirector.java:500)
	at ptolemy.actor.CompositeActor.fire(CompositeActor.java:455)
	at ptolemy.domains.de.kernel.DEDirector._fire(DEDirector.java:1949)
	at ptolemy.domains.de.kernel.DEDirector.fire(DEDirector.java:502)
	at ptolemy.actor.CompositeActor.fire(CompositeActor.java:455)
	at ptolemy.actor.Manager.iterate(Manager.java:851)
	at ptolemy.actor.Manager.execute(Manager.java:369)
	at ptolemy.actor.Manager.run(Manager.java:1263)
	at ptolemy.actor.Manager$PtolemyRunThread.run(Manager.java:1915)

    while executing
ptolemy.kernel.util.IllegalActionException: Actor is not ready to fire.  Perhaps UpSample.prefire() returned false? Try debugging the actor by selecting "Listen to Actor".  Also, for SDF check moml for tokenConsumptionRate on input.
  in .DESDFClockTest.Play Bell.Copy1:SDF Director and .DESDFClockTest.Play Bell.UpSample
    while executing
"java::new ptolemy.moml.MoMLSimpleApplication $file
"
    (procedure "createAndExecute" line 2)
    invoked from within
"createAndExecute $file"
    ("uplevel" body line 5)
    invoked from within
"uplevel $contents_of_test"
------------------ testing $PTII/ptolemy/domains/de/test/auto/knownFailedTests/FSMSource.xml (Known Failure) 
47 ms. Memory: 146944K Free: 111898K (76%)
!!!! Auto was marked as failing, but now passes
------------------ testing $PTII/ptolemy/domains/de/test/auto/knownFailedTests/dependencyLoop2.xml (Known Failure) 
10 ms. Memory: 146944K Free: 110015K (75%)


==== $PTIIhome/travis/build/icyphy/ptII/ptolemy/domains/de/test/../../../../: Auto Automatic test in file $PTII/ptolemy/domains/de/test/auto/knownFailedTests/dependencyLoop2.xml
==== Contents of test case:

	    # FIXME: we should use $relativeFilename here, but it
	    # might have backslashes under Windows, which causes no end
	    # of trouble.
	    createAndExecute $file
	    list {}
	
.... Test generated KNOWN error:
    while executing
ptolemy.kernel.util.IllegalActionException: Found a zero delay loop containing .dependencyLoop2.original
  in .dependencyLoop2 and .dependencyLoop2.original
	at ptolemy.actor.util.CausalityInterfaceForComposites._computeOutputPortDepth(CausalityInterfaceForComposites.java:759)
	at ptolemy.actor.util.CausalityInterfaceForComposites._computeInputDepth(CausalityInterfaceForComposites.java:696)
	at ptolemy.actor.util.CausalityInterfaceForComposites._computeOutputPortDepth(CausalityInterfaceForComposites.java:765)
	at ptolemy.actor.util.CausalityInterfaceForComposites._computeInputDepth(CausalityInterfaceForComposites.java:696)
	at ptolemy.actor.util.CausalityInterfaceForComposites._computeOutputPortDepth(CausalityInterfaceForComposites.java:765)
	at ptolemy.actor.util.CausalityInterfaceForComposites._computeInputDepth(CausalityInterfaceForComposites.java:696)
	at ptolemy.actor.util.CausalityInterfaceForComposites._computeActorDepth(CausalityInterfaceForComposites.java:532)
	at ptolemy.actor.util.CausalityInterfaceForComposites.checkForCycles(CausalityInterfaceForComposites.java:96)
	at ptolemy.domains.de.kernel.DEDirector.preinitialize(DEDirector.java:1338)
	at ptolemy.actor.CompositeActor.preinitialize(CompositeActor.java:1828)
	at ptolemy.actor.Manager.preinitializeAndResolveTypes(Manager.java:1040)
	at ptolemy.actor.Manager.initialize(Manager.java:710)
	at ptolemy.actor.Manager.execute(Manager.java:356)
	at ptolemy.actor.Manager.run(Manager.java:1263)
	at ptolemy.actor.Manager$PtolemyRunThread.run(Manager.java:1915)

    while executing
ptolemy.kernel.util.IllegalActionException: Found a zero delay loop containing .dependencyLoop2.original
  in .dependencyLoop2 and .dependencyLoop2.original
    while executing
"java::new ptolemy.moml.MoMLSimpleApplication $file
"
    (procedure "createAndExecute" line 2)
    invoked from within
"createAndExecute $file"
    ("uplevel" body line 5)
    invoked from within
"uplevel $contents_of_test"
------------------ testing $PTII/ptolemy/domains/de/test/auto/knownFailedTests/HierarchicalModel.xml (Known Failure) 
4 ms. Memory: 146944K Free: 89925K (61%)


==== $PTIIhome/travis/build/icyphy/ptII/ptolemy/domains/de/test/../../../../: Auto Automatic test in file $PTII/ptolemy/domains/de/test/auto/knownFailedTests/HierarchicalModel.xml
==== Contents of test case:

	    # FIXME: we should use $relativeFilename here, but it
	    # might have backslashes under Windows, which causes no end
	    # of trouble.
	    createAndExecute $file
	    list {}
	
.... Test generated KNOWN error:
    while executing
ptolemy.kernel.util.IllegalActionException: Found a zero delay loop containing .HierarchicalModel.A
  in .HierarchicalModel and .HierarchicalModel.A
	at ptolemy.actor.util.CausalityInterfaceForComposites._computeOutputPortDepth(CausalityInterfaceForComposites.java:759)
	at ptolemy.actor.util.CausalityInterfaceForComposites._computeInputDepth(CausalityInterfaceForComposites.java:696)
	at ptolemy.actor.util.CausalityInterfaceForComposites._computeOutputPortDepth(CausalityInterfaceForComposites.java:765)
	at ptolemy.actor.util.CausalityInterfaceForComposites._computeInputDepth(CausalityInterfaceForComposites.java:696)
	at ptolemy.actor.util.CausalityInterfaceForComposites._computeOutputPortDepth(CausalityInterfaceForComposites.java:765)
	at ptolemy.actor.util.CausalityInterfaceForComposites._computeInputDepth(CausalityInterfaceForComposites.java:696)
	at ptolemy.actor.util.CausalityInterfaceForComposites._computeActorDepth(CausalityInterfaceForComposites.java:532)
	at ptolemy.actor.util.CausalityInterfaceForComposites.checkForCycles(CausalityInterfaceForComposites.java:96)
	at ptolemy.domains.de.kernel.DEDirector.preinitialize(DEDirector.java:1338)
	at ptolemy.actor.CompositeActor.preinitialize(CompositeActor.java:1828)
	at ptolemy.actor.Manager.preinitializeAndResolveTypes(Manager.java:1040)
	at ptolemy.actor.Manager.initialize(Manager.java:710)
	at ptolemy.actor.Manager.execute(Manager.java:356)
	at ptolemy.actor.Manager.run(Manager.java:1263)
	at ptolemy.actor.Manager$PtolemyRunThread.run(Manager.java:1915)

    while executing
ptolemy.kernel.util.IllegalActionException: Found a zero delay loop containing .HierarchicalModel.A
  in .HierarchicalModel and .HierarchicalModel.A
    while executing
"java::new ptolemy.moml.MoMLSimpleApplication $file
"
    (procedure "createAndExecute" line 2)
    invoked from within
"createAndExecute $file"
    ("uplevel" body line 5)
    invoked from within
"uplevel $contents_of_test"
------------------ testing $PTII/ptolemy/domains/de/test/auto/knownFailedTests/DirectFeedback.xml (Known Failure) 
7 ms. Memory: 146944K Free: 85782K (58%)


==== $PTIIhome/travis/build/icyphy/ptII/ptolemy/domains/de/test/../../../../: Auto Automatic test in file $PTII/ptolemy/domains/de/test/auto/knownFailedTests/DirectFeedback.xml
==== Contents of test case:

	    # FIXME: we should use $relativeFilename here, but it
	    # might have backslashes under Windows, which causes no end
	    # of trouble.
	    createAndExecute $file
	    list {}
	
.... Test generated KNOWN error:
    while executing
ptolemy.kernel.util.IllegalActionException: Test fails in iteration 1.
Value was: 1.0. Should have been: 2.0
  in .DirectFeedback.Test
	at ptolemy.actor.lib.Test.fire(Test.java:268)
	at ptolemy.domains.de.kernel.DEDirector._fire(DEDirector.java:1949)
	at ptolemy.domains.de.kernel.DEDirector.fire(DEDirector.java:502)
	at ptolemy.actor.CompositeActor.fire(CompositeActor.java:455)
	at ptolemy.actor.Manager.iterate(Manager.java:851)
	at ptolemy.actor.Manager.execute(Manager.java:369)
	at ptolemy.actor.Manager.run(Manager.java:1263)
	at ptolemy.actor.Manager$PtolemyRunThread.run(Manager.java:1915)

    while executing
ptolemy.kernel.util.IllegalActionException: Test fails in iteration 1.
Value was: 1.0. Should have been: 2.0
  in .DirectFeedback.Test
    while executing
"java::new ptolemy.moml.MoMLSimpleApplication $file
"
    (procedure "createAndExecute" line 2)
    invoked from within
"createAndExecute $file"
    ("uplevel" body line 5)
    invoked from within
"uplevel $contents_of_test"
------------------ testing $PTII/ptolemy/domains/de/test/auto/ActorDepthCalculation_actorWithoutPorts.xml
auto.tcl: Setting watchdog for 200 seconds at Wed Mar 20 04:12:23 UTC 2019
11 ms. Memory: 146944K Free: 138735K (94%)
ptolemy.util.test.WatchDog.cancel(): canceling Wed Mar 20 04:12:23 UTC 2019
auto.tcl: Setting watchdog for 200 seconds at Wed Mar 20 04:12:23 UTC 2019
4 ms. Memory: 146944K Free: 136698K (93%)
ptolemy.util.test.WatchDog.cancel(): canceling Wed Mar 20 04:12:23 UTC 2019
------------------ testing $PTII/ptolemy/domains/de/test/auto/AssemblyLine.xml
auto.tcl: Setting watchdog for 200 seconds at Wed Mar 20 04:12:24 UTC 2019
20 ms. Memory: 208384K Free: 183416K (88%)
ptolemy.util.test.WatchDog.cancel(): canceling Wed Mar 20 04:12:24 UTC 2019
auto.tcl: Setting watchdog for 200 seconds at Wed Mar 20 04:12:24 UTC 2019
9 ms. Memory: 208384K Free: 183416K (88%)
ptolemy.util.test.WatchDog.cancel(): canceling Wed Mar 20 04:12:24 UTC 2019
------------------ testing $PTII/ptolemy/domains/de/test/auto/CQBug1.xml
auto.tcl: Setting watchdog for 200 seconds at Wed Mar 20 04:12:24 UTC 2019
4 ms. Memory: 208384K Free: 197912K (95%)
ptolemy.util.test.WatchDog.cancel(): canceling Wed Mar 20 04:12:24 UTC 2019
auto.tcl: Setting watchdog for 200 seconds at Wed Mar 20 04:12:24 UTC 2019
1 ms. Memory: 208384K Free: 197912K (95%)
ptolemy.util.test.WatchDog.cancel(): canceling Wed Mar 20 04:12:24 UTC 2019
------------------ testing $PTII/ptolemy/domains/de/test/auto/CancelFireAt.xml
auto.tcl: Setting watchdog for 200 seconds at Wed Mar 20 04:12:24 UTC 2019
4 ms. Memory: 208384K Free: 201568K (97%)
ptolemy.util.test.WatchDog.cancel(): canceling Wed Mar 20 04:12:24 UTC 2019
auto.tcl: Setting watchdog for 200 seconds at Wed Mar 20 04:12:24 UTC 2019
3 ms. Memory: 208384K Free: 199531K (96%)
ptolemy.util.test.WatchDog.cancel(): canceling Wed Mar 20 04:12:24 UTC 2019
------------------ testing $PTII/ptolemy/domains/de/test/auto/CausalityAndComposabilityAnalysis.xml
auto.tcl: Setting watchdog for 200 seconds at Wed Mar 20 04:12:24 UTC 2019
8 ms. Memory: 208384K Free: 198610K (95%)
ptolemy.util.test.WatchDog.cancel(): canceling Wed Mar 20 04:12:24 UTC 2019
auto.tcl: Setting watchdog for 200 seconds at Wed Mar 20 04:12:24 UTC 2019
5 ms. Memory: 208384K Free: 196572K (94%)
ptolemy.util.test.WatchDog.cancel(): canceling Wed Mar 20 04:12:24 UTC 2019
------------------ testing $PTII/ptolemy/domains/de/test/auto/CausalityInterface1.xml
auto.tcl: Setting watchdog for 200 seconds at Wed Mar 20 04:12:24 UTC 2019
17 ms. Memory: 208384K Free: 196478K (94%)
ptolemy.util.test.WatchDog.cancel(): canceling Wed Mar 20 04:12:24 UTC 2019
auto.tcl: Setting watchdog for 200 seconds at Wed Mar 20 04:12:24 UTC 2019
7 ms. Memory: 208384K Free: 196478K (94%)
ptolemy.util.test.WatchDog.cancel(): canceling Wed Mar 20 04:12:24 UTC 2019
------------------ testing $PTII/ptolemy/domains/de/test/auto/CausalityInterface15.xml
auto.tcl: Setting watchdog for 200 seconds at Wed Mar 20 04:12:24 UTC 2019
7 ms. Memory: 208384K Free: 196987K (95%)
ptolemy.util.test.WatchDog.cancel(): canceling Wed Mar 20 04:12:24 UTC 2019
auto.tcl: Setting watchdog for 200 seconds at Wed Mar 20 04:12:24 UTC 2019
4 ms. Memory: 208384K Free: 196987K (95%)
ptolemy.util.test.WatchDog.cancel(): canceling Wed Mar 20 04:12:24 UTC 2019
------------------ testing $PTII/ptolemy/domains/de/test/auto/CausalityInterface2.xml
auto.tcl: Setting watchdog for 200 seconds at Wed Mar 20 04:12:24 UTC 2019
4 ms. Memory: 208384K Free: 196452K (94%)
ptolemy.util.test.WatchDog.cancel(): canceling Wed Mar 20 04:12:25 UTC 2019
auto.tcl: Setting watchdog for 200 seconds at Wed Mar 20 04:12:25 UTC 2019
3 ms. Memory: 208384K Free: 196452K (94%)
ptolemy.util.test.WatchDog.cancel(): canceling Wed Mar 20 04:12:25 UTC 2019
------------------ testing $PTII/ptolemy/domains/de/test/auto/CausalityInterface3.xml
auto.tcl: Setting watchdog for 200 seconds at Wed Mar 20 04:12:25 UTC 2019
3 ms. Memory: 208384K Free: 196481K (94%)
ptolemy.util.test.WatchDog.cancel(): canceling Wed Mar 20 04:12:25 UTC 2019
auto.tcl: Setting watchdog for 200 seconds at Wed Mar 20 04:12:25 UTC 2019
7 ms. Memory: 208384K Free: 196481K (94%)
ptolemy.util.test.WatchDog.cancel(): canceling Wed Mar 20 04:12:25 UTC 2019
------------------ testing $PTII/ptolemy/domains/de/test/auto/ClockDrift.xml
auto.tcl: Setting watchdog for 200 seconds at Wed Mar 20 04:12:25 UTC 2019
97 ms. Memory: 208384K Free: 187876K (90%)
ptolemy.util.test.WatchDog.cancel(): canceling Wed Mar 20 04:12:25 UTC 2019
auto.tcl: Setting watchdog for 200 seconds at Wed Mar 20 04:12:25 UTC 2019
56 ms. Memory: 208384K Free: 185823K (89%)
ptolemy.util.test.WatchDog.cancel(): canceling Wed Mar 20 04:12:25 UTC 2019
------------------ testing $PTII/ptolemy/domains/de/test/auto/ClockDriftAndValueChange.xml
auto.tcl: Setting watchdog for 200 seconds at Wed Mar 20 04:12:25 UTC 2019
28 ms. Memory: 208384K Free: 189740K (91%)
ptolemy.util.test.WatchDog.cancel(): canceling Wed Mar 20 04:12:25 UTC 2019
auto.tcl: Setting watchdog for 200 seconds at Wed Mar 20 04:12:25 UTC 2019
23 ms. Memory: 208384K Free: 185665K (89%)
ptolemy.util.test.WatchDog.cancel(): canceling Wed Mar 20 04:12:25 UTC 2019
------------------ testing $PTII/ptolemy/domains/de/test/auto/ClockDriftChange.xml
auto.tcl: Setting watchdog for 200 seconds at Wed Mar 20 04:12:25 UTC 2019
34 ms. Memory: 208384K Free: 190987K (92%)
ptolemy.util.test.WatchDog.cancel(): canceling Wed Mar 20 04:12:25 UTC 2019
auto.tcl: Setting watchdog for 200 seconds at Wed Mar 20 04:12:25 UTC 2019
28 ms. Memory: 208384K Free: 188950K (91%)
ptolemy.util.test.WatchDog.cancel(): canceling Wed Mar 20 04:12:25 UTC 2019
------------------ testing $PTII/ptolemy/domains/de/test/auto/ComposableCausalityAnalysis.xml
auto.tcl: Setting watchdog for 200 seconds at Wed Mar 20 04:12:25 UTC 2019
3 ms. Memory: 208384K Free: 196353K (94%)
ptolemy.util.test.WatchDog.cancel(): canceling Wed Mar 20 04:12:25 UTC 2019
auto.tcl: Setting watchdog for 200 seconds at Wed Mar 20 04:12:25 UTC 2019
2 ms. Memory: 208384K Free: 194300K (93%)
ptolemy.util.test.WatchDog.cancel(): canceling Wed Mar 20 04:12:25 UTC 2019
------------------ testing $PTII/ptolemy/domains/de/test/auto/DEFixedPointLimitation.xml
auto.tcl: Setting watchdog for 200 seconds at Wed Mar 20 04:12:25 UTC 2019
2 ms. Memory: 208384K Free: 198463K (95%)
ptolemy.util.test.WatchDog.cancel(): canceling Wed Mar 20 04:12:25 UTC 2019
auto.tcl: Setting watchdog for 200 seconds at Wed Mar 20 04:12:25 UTC 2019
2 ms. Memory: 208384K Free: 196423K (94%)
ptolemy.util.test.WatchDog.cancel(): canceling Wed Mar 20 04:12:25 UTC 2019
------------------ testing $PTII/ptolemy/domains/de/test/auto/DEScheduleTest.xml
auto.tcl: Setting watchdog for 200 seconds at Wed Mar 20 04:12:25 UTC 2019
4 ms. Memory: 208384K Free: 198491K (95%)
ptolemy.util.test.WatchDog.cancel(): canceling Wed Mar 20 04:12:25 UTC 2019
auto.tcl: Setting watchdog for 200 seconds at Wed Mar 20 04:12:25 UTC 2019
5 ms. Memory: 208384K Free: 196437K (94%)
ptolemy.util.test.WatchDog.cancel(): canceling Wed Mar 20 04:12:25 UTC 2019
------------------ testing $PTII/ptolemy/domains/de/test/auto/DEinDEwithStartTimes.xml
auto.tcl: Setting watchdog for 200 seconds at Wed Mar 20 04:12:25 UTC 2019
6 ms. Memory: 208384K Free: 196422K (94%)
ptolemy.util.test.WatchDog.cancel(): canceling Wed Mar 20 04:12:25 UTC 2019
auto.tcl: Setting watchdog for 200 seconds at Wed Mar 20 04:12:25 UTC 2019
3 ms. Memory: 208384K Free: 194385K (93%)
ptolemy.util.test.WatchDog.cancel(): canceling Wed Mar 20 04:12:25 UTC 2019
------------------ testing $PTII/ptolemy/domains/de/test/auto/DEinDEwithStartTimes2.xml
auto.tcl: Setting watchdog for 200 seconds at Wed Mar 20 04:12:25 UTC 2019
8 ms. Memory: 208384K Free: 196403K (94%)
ptolemy.util.test.WatchDog.cancel(): canceling Wed Mar 20 04:12:26 UTC 2019
auto.tcl: Setting watchdog for 200 seconds at Wed Mar 20 04:12:26 UTC 2019
4 ms. Memory: 208384K Free: 194349K (93%)
ptolemy.util.test.WatchDog.cancel(): canceling Wed Mar 20 04:12:26 UTC 2019
------------------ testing $PTII/ptolemy/domains/de/test/auto/DateDemo.xml
auto.tcl: Setting watchdog for 200 seconds at Wed Mar 20 04:12:26 UTC 2019
17 ms. Memory: 208384K Free: 189004K (91%)
ptolemy.util.test.WatchDog.cancel(): canceling Wed Mar 20 04:12:26 UTC 2019
auto.tcl: Setting watchdog for 200 seconds at Wed Mar 20 04:12:26 UTC 2019
6 ms. Memory: 208384K Free: 186951K (90%)
ptolemy.util.test.WatchDog.cancel(): canceling Wed Mar 20 04:12:26 UTC 2019
------------------ testing $PTII/ptolemy/domains/de/test/auto/DateToEvent.xml
auto.tcl: Setting watchdog for 200 seconds at Wed Mar 20 04:12:26 UTC 2019
2009 ms. Memory: 208384K Free: 181392K (87%)
ptolemy.util.test.WatchDog.cancel(): canceling Wed Mar 20 04:12:28 UTC 2019
auto.tcl: Setting watchdog for 200 seconds at Wed Mar 20 04:12:28 UTC 2019
2004 ms. Memory: 208384K Free: 181392K (87%)
ptolemy.util.test.WatchDog.cancel(): canceling Wed Mar 20 04:12:30 UTC 2019
------------------ testing $PTII/ptolemy/domains/de/test/auto/DepthTest1.xml
auto.tcl: Setting watchdog for 200 seconds at Wed Mar 20 04:12:30 UTC 2019
4 ms. Memory: 208384K Free: 195236K (94%)
ptolemy.util.test.WatchDog.cancel(): canceling Wed Mar 20 04:12:30 UTC 2019
auto.tcl: Setting watchdog for 200 seconds at Wed Mar 20 04:12:30 UTC 2019
1 ms. Memory: 208384K Free: 195236K (94%)
ptolemy.util.test.WatchDog.cancel(): canceling Wed Mar 20 04:12:30 UTC 2019
------------------ testing $PTII/ptolemy/domains/de/test/auto/DepthTest2.xml
auto.tcl: Setting watchdog for 200 seconds at Wed Mar 20 04:12:30 UTC 2019
3 ms. Memory: 208384K Free: 194443K (93%)
ptolemy.util.test.WatchDog.cancel(): canceling Wed Mar 20 04:12:30 UTC 2019
auto.tcl: Setting watchdog for 200 seconds at Wed Mar 20 04:12:30 UTC 2019
5 ms. Memory: 208384K Free: 194443K (93%)
ptolemy.util.test.WatchDog.cancel(): canceling Wed Mar 20 04:12:30 UTC 2019
------------------ testing $PTII/ptolemy/domains/de/test/auto/DepthTest3.xml
auto.tcl: Setting watchdog for 200 seconds at Wed Mar 20 04:12:30 UTC 2019
1 ms. Memory: 208384K Free: 198042K (95%)
ptolemy.util.test.WatchDog.cancel(): canceling Wed Mar 20 04:12:30 UTC 2019
auto.tcl: Setting watchdog for 200 seconds at Wed Mar 20 04:12:30 UTC 2019
1 ms. Memory: 208384K Free: 198042K (95%)
ptolemy.util.test.WatchDog.cancel(): canceling Wed Mar 20 04:12:30 UTC 2019
------------------ testing $PTII/ptolemy/domains/de/test/auto/DepthTest4.xml
auto.tcl: Setting watchdog for 200 seconds at Wed Mar 20 04:12:30 UTC 2019
3 ms. Memory: 208384K Free: 196068K (94%)
ptolemy.util.test.WatchDog.cancel(): canceling Wed Mar 20 04:12:30 UTC 2019
auto.tcl: Setting watchdog for 200 seconds at Wed Mar 20 04:12:30 UTC 2019
3 ms. Memory: 208384K Free: 196068K (94%)
ptolemy.util.test.WatchDog.cancel(): canceling Wed Mar 20 04:12:30 UTC 2019
------------------ testing $PTII/ptolemy/domains/de/test/auto/DepthTest5.xml
auto.tcl: Setting watchdog for 200 seconds at Wed Mar 20 04:12:30 UTC 2019
2 ms. Memory: 208384K Free: 196039K (94%)
ptolemy.util.test.WatchDog.cancel(): canceling Wed Mar 20 04:12:30 UTC 2019
auto.tcl: Setting watchdog for 200 seconds at Wed Mar 20 04:12:30 UTC 2019
2 ms. Memory: 208384K Free: 196039K (94%)
ptolemy.util.test.WatchDog.cancel(): canceling Wed Mar 20 04:12:30 UTC 2019
------------------ testing $PTII/ptolemy/domains/de/test/auto/DepthTest6.xml
auto.tcl: Setting watchdog for 200 seconds at Wed Mar 20 04:12:30 UTC 2019
6 ms. Memory: 208384K Free: 196016K (94%)
ptolemy.util.test.WatchDog.cancel(): canceling Wed Mar 20 04:12:30 UTC 2019
auto.tcl: Setting watchdog for 200 seconds at Wed Mar 20 04:12:30 UTC 2019
3 ms. Memory: 208384K Free: 196016K (94%)
ptolemy.util.test.WatchDog.cancel(): canceling Wed Mar 20 04:12:30 UTC 2019
------------------ testing $PTII/ptolemy/domains/de/test/auto/DepthTest7.xml
auto.tcl: Setting watchdog for 200 seconds at Wed Mar 20 04:12:30 UTC 2019
2 ms. Memory: 208384K Free: 195988K (94%)
ptolemy.util.test.WatchDog.cancel(): canceling Wed Mar 20 04:12:30 UTC 2019
auto.tcl: Setting watchdog for 200 seconds at Wed Mar 20 04:12:30 UTC 2019
2 ms. Memory: 208384K Free: 195988K (94%)
ptolemy.util.test.WatchDog.cancel(): canceling Wed Mar 20 04:12:30 UTC 2019
------------------ testing $PTII/ptolemy/domains/de/test/auto/EventToDate.xml
auto.tcl: Setting watchdog for 200 seconds at Wed Mar 20 04:12:30 UTC 2019
3011 ms. Memory: 208384K Free: 187821K (90%)
ptolemy.util.test.WatchDog.cancel(): canceling Wed Mar 20 04:12:33 UTC 2019
auto.tcl: Setting watchdog for 200 seconds at Wed Mar 20 04:12:33 UTC 2019
3005 ms. Memory: 208384K Free: 185784K (89%)
ptolemy.util.test.WatchDog.cancel(): canceling Wed Mar 20 04:12:36 UTC 2019
------------------ testing $PTII/ptolemy/domains/de/test/auto/FSM1.xml
auto.tcl: Setting watchdog for 200 seconds at Wed Mar 20 04:12:36 UTC 2019
30 ms. Memory: 208384K Free: 189127K (91%)
ptolemy.util.test.WatchDog.cancel(): canceling Wed Mar 20 04:12:37 UTC 2019
auto.tcl: Setting watchdog for 200 seconds at Wed Mar 20 04:12:37 UTC 2019
19 ms. Memory: 208384K Free: 185052K (89%)
ptolemy.util.test.WatchDog.cancel(): canceling Wed Mar 20 04:12:37 UTC 2019
------------------ testing $PTII/ptolemy/domains/de/test/auto/FSM7.xml
auto.tcl: Setting watchdog for 200 seconds at Wed Mar 20 04:12:37 UTC 2019
17 ms. Memory: 208384K Free: 189345K (91%)
ptolemy.util.test.WatchDog.cancel(): canceling Wed Mar 20 04:12:37 UTC 2019
auto.tcl: Setting watchdog for 200 seconds at Wed Mar 20 04:12:37 UTC 2019
20 ms. Memory: 208384K Free: 185252K (89%)
ptolemy.util.test.WatchDog.cancel(): canceling Wed Mar 20 04:12:37 UTC 2019
------------------ testing $PTII/ptolemy/domains/de/test/auto/Inspection.xml
auto.tcl: Setting watchdog for 200 seconds at Wed Mar 20 04:12:37 UTC 2019
37 ms. Memory: 208384K Free: 188506K (90%)
ptolemy.util.test.WatchDog.cancel(): canceling Wed Mar 20 04:12:37 UTC 2019
auto.tcl: Setting watchdog for 200 seconds at Wed Mar 20 04:12:37 UTC 2019
30 ms. Memory: 208384K Free: 186452K (89%)
ptolemy.util.test.WatchDog.cancel(): canceling Wed Mar 20 04:12:37 UTC 2019
------------------ testing $PTII/ptolemy/domains/de/test/auto/Iteration.xml
auto.tcl: Setting watchdog for 200 seconds at Wed Mar 20 04:12:37 UTC 2019
15 ms. Memory: 208384K Free: 195803K (94%)
ptolemy.util.test.WatchDog.cancel(): canceling Wed Mar 20 04:12:37 UTC 2019
auto.tcl: Setting watchdog for 200 seconds at Wed Mar 20 04:12:37 UTC 2019
9 ms. Memory: 208384K Free: 193750K (93%)
ptolemy.util.test.WatchDog.cancel(): canceling Wed Mar 20 04:12:37 UTC 2019
------------------ testing $PTII/ptolemy/domains/de/test/auto/LineFault.xml
auto.tcl: Setting watchdog for 200 seconds at Wed Mar 20 04:12:37 UTC 2019
727 ms. Memory: 208384K Free: 199517K (96%)
ptolemy.util.test.WatchDog.cancel(): canceling Wed Mar 20 04:12:38 UTC 2019
auto.tcl: Setting watchdog for 200 seconds at Wed Mar 20 04:12:38 UTC 2019
561 ms. Memory: 208384K Free: 142147K (68%)
ptolemy.util.test.WatchDog.cancel(): canceling Wed Mar 20 04:12:39 UTC 2019
------------------ testing $PTII/ptolemy/domains/de/test/auto/MergeModel1Add.xml
auto.tcl: Setting watchdog for 200 seconds at Wed Mar 20 04:12:39 UTC 2019
30 ms. Memory: 331264K Free: 300473K (91%)
ptolemy.util.test.WatchDog.cancel(): canceling Wed Mar 20 04:12:39 UTC 2019
auto.tcl: Setting watchdog for 200 seconds at Wed Mar 20 04:12:39 UTC 2019
11 ms. Memory: 331264K Free: 300473K (91%)
ptolemy.util.test.WatchDog.cancel(): canceling Wed Mar 20 04:12:39 UTC 2019
------------------ testing $PTII/ptolemy/domains/de/test/auto/MergeModel2Add.xml
auto.tcl: Setting watchdog for 200 seconds at Wed Mar 20 04:12:39 UTC 2019
11 ms. Memory: 331264K Free: 305401K (92%)
ptolemy.util.test.WatchDog.cancel(): canceling Wed Mar 20 04:12:39 UTC 2019
auto.tcl: Setting watchdog for 200 seconds at Wed Mar 20 04:12:39 UTC 2019
11 ms. Memory: 331264K Free: 301839K (91%)
ptolemy.util.test.WatchDog.cancel(): canceling Wed Mar 20 04:12:39 UTC 2019
------------------ testing $PTII/ptolemy/domains/de/test/auto/MergeModel3Add.xml
auto.tcl: Setting watchdog for 200 seconds at Wed Mar 20 04:12:39 UTC 2019
12 ms. Memory: 331264K Free: 305395K (92%)
ptolemy.util.test.WatchDog.cancel(): canceling Wed Mar 20 04:12:39 UTC 2019
auto.tcl: Setting watchdog for 200 seconds at Wed Mar 20 04:12:39 UTC 2019
7 ms. Memory: 331264K Free: 301817K (91%)
ptolemy.util.test.WatchDog.cancel(): canceling Wed Mar 20 04:12:39 UTC 2019
------------------ testing $PTII/ptolemy/domains/de/test/auto/MergeWithoutDiscard.xml
auto.tcl: Setting watchdog for 200 seconds at Wed Mar 20 04:12:39 UTC 2019
3 ms. Memory: 331264K Free: 316111K (95%)
ptolemy.util.test.WatchDog.cancel(): canceling Wed Mar 20 04:12:39 UTC 2019
auto.tcl: Setting watchdog for 200 seconds at Wed Mar 20 04:12:39 UTC 2019
1 ms. Memory: 331264K Free: 316111K (95%)
ptolemy.util.test.WatchDog.cancel(): canceling Wed Mar 20 04:12:39 UTC 2019
------------------ testing $PTII/ptolemy/domains/de/test/auto/Modal1.xml
auto.tcl: Setting watchdog for 200 seconds at Wed Mar 20 04:12:39 UTC 2019
16 ms. Memory: 331264K Free: 310389K (94%)
ptolemy.util.test.WatchDog.cancel(): canceling Wed Mar 20 04:12:39 UTC 2019
auto.tcl: Setting watchdog for 200 seconds at Wed Mar 20 04:12:39 UTC 2019
12 ms. Memory: 331264K Free: 306827K (93%)
ptolemy.util.test.WatchDog.cancel(): canceling Wed Mar 20 04:12:39 UTC 2019
------------------ testing $PTII/ptolemy/domains/de/test/auto/Modal2.xml
auto.tcl: Setting watchdog for 200 seconds at Wed Mar 20 04:12:39 UTC 2019
17 ms. Memory: 331264K Free: 310262K (94%)
ptolemy.util.test.WatchDog.cancel(): canceling Wed Mar 20 04:12:39 UTC 2019
auto.tcl: Setting watchdog for 200 seconds at Wed Mar 20 04:12:39 UTC 2019
17 ms. Memory: 331264K Free: 306692K (93%)
ptolemy.util.test.WatchDog.cancel(): canceling Wed Mar 20 04:12:39 UTC 2019
------------------ testing $PTII/ptolemy/domains/de/test/auto/Modal3.xml
auto.tcl: Setting watchdog for 200 seconds at Wed Mar 20 04:12:39 UTC 2019
18 ms. Memory: 331264K Free: 310253K (94%)
ptolemy.util.test.WatchDog.cancel(): canceling Wed Mar 20 04:12:39 UTC 2019
auto.tcl: Setting watchdog for 200 seconds at Wed Mar 20 04:12:39 UTC 2019
9 ms. Memory: 331264K Free: 306675K (93%)
ptolemy.util.test.WatchDog.cancel(): canceling Wed Mar 20 04:12:39 UTC 2019
------------------ testing $PTII/ptolemy/domains/de/test/auto/Modal4.xml
auto.tcl: Setting watchdog for 200 seconds at Wed Mar 20 04:12:39 UTC 2019
24 ms. Memory: 331264K Free: 310290K (94%)
ptolemy.util.test.WatchDog.cancel(): canceling Wed Mar 20 04:12:39 UTC 2019
auto.tcl: Setting watchdog for 200 seconds at Wed Mar 20 04:12:39 UTC 2019
16 ms. Memory: 331264K Free: 306712K (93%)
ptolemy.util.test.WatchDog.cancel(): canceling Wed Mar 20 04:12:39 UTC 2019
------------------ testing $PTII/ptolemy/domains/de/test/auto/Modal5.xml
auto.tcl: Setting watchdog for 200 seconds at Wed Mar 20 04:12:40 UTC 2019
16 ms. Memory: 331264K Free: 310277K (94%)
ptolemy.util.test.WatchDog.cancel(): canceling Wed Mar 20 04:12:40 UTC 2019
auto.tcl: Setting watchdog for 200 seconds at Wed Mar 20 04:12:40 UTC 2019
12 ms. Memory: 331264K Free: 306715K (93%)
ptolemy.util.test.WatchDog.cancel(): canceling Wed Mar 20 04:12:40 UTC 2019
------------------ testing $PTII/ptolemy/domains/de/test/auto/Modal6.xml
auto.tcl: Setting watchdog for 200 seconds at Wed Mar 20 04:12:40 UTC 2019
11 ms. Memory: 331264K Free: 310259K (94%)
ptolemy.util.test.WatchDog.cancel(): canceling Wed Mar 20 04:12:40 UTC 2019
auto.tcl: Setting watchdog for 200 seconds at Wed Mar 20 04:12:40 UTC 2019
13 ms. Memory: 331264K Free: 306681K (93%)
ptolemy.util.test.WatchDog.cancel(): canceling Wed Mar 20 04:12:40 UTC 2019
------------------ testing $PTII/ptolemy/domains/de/test/auto/Modal7.xml
auto.tcl: Setting watchdog for 200 seconds at Wed Mar 20 04:12:40 UTC 2019
9 ms. Memory: 331264K Free: 306689K (93%)
ptolemy.util.test.WatchDog.cancel(): canceling Wed Mar 20 04:12:40 UTC 2019
auto.tcl: Setting watchdog for 200 seconds at Wed Mar 20 04:12:40 UTC 2019
10 ms. Memory: 331264K Free: 303111K (92%)
ptolemy.util.test.WatchDog.cancel(): canceling Wed Mar 20 04:12:40 UTC 2019
------------------ testing $PTII/ptolemy/domains/de/test/auto/ModalModel.xml
auto.tcl: Setting watchdog for 200 seconds at Wed Mar 20 04:12:40 UTC 2019
201 ms. Memory: 331264K Free: 247626K (75%)
ptolemy.util.test.WatchDog.cancel(): canceling Wed Mar 20 04:12:40 UTC 2019
auto.tcl: Setting watchdog for 200 seconds at Wed Mar 20 04:12:40 UTC 2019
181 ms. Memory: 331264K Free: 190497K (58%)
ptolemy.util.test.WatchDog.cancel(): canceling Wed Mar 20 04:12:40 UTC 2019
------------------ testing $PTII/ptolemy/domains/de/test/auto/ModalSource.xml
auto.tcl: Setting watchdog for 200 seconds at Wed Mar 20 04:12:40 UTC 2019
6 ms. Memory: 331264K Free: 316539K (96%)
ptolemy.util.test.WatchDog.cancel(): canceling Wed Mar 20 04:12:40 UTC 2019
auto.tcl: Setting watchdog for 200 seconds at Wed Mar 20 04:12:40 UTC 2019
5 ms. Memory: 331264K Free: 313261K (95%)
ptolemy.util.test.WatchDog.cancel(): canceling Wed Mar 20 04:12:40 UTC 2019
------------------ testing $PTII/ptolemy/domains/de/test/auto/NonInterruptibleTimerZeroDelay.xml
auto.tcl: Setting watchdog for 200 seconds at Wed Mar 20 04:12:40 UTC 2019
4 ms. Memory: 331264K Free: 320901K (97%)
ptolemy.util.test.WatchDog.cancel(): canceling Wed Mar 20 04:12:40 UTC 2019
auto.tcl: Setting watchdog for 200 seconds at Wed Mar 20 04:12:40 UTC 2019
2 ms. Memory: 331264K Free: 317623K (96%)
ptolemy.util.test.WatchDog.cancel(): canceling Wed Mar 20 04:12:40 UTC 2019
------------------ testing $PTII/ptolemy/domains/de/test/auto/OpenQueueingNetwork.xml
auto.tcl: Setting watchdog for 200 seconds at Wed Mar 20 04:12:40 UTC 2019
3117 ms. Memory: 573952K Free: 390781K (68%)
ptolemy.util.test.WatchDog.cancel(): canceling Wed Mar 20 04:12:44 UTC 2019
auto.tcl: Setting watchdog for 200 seconds at Wed Mar 20 04:12:44 UTC 2019
2734 ms. Memory: 574464K Free: 286484K (50%)
ptolemy.util.test.WatchDog.cancel(): canceling Wed Mar 20 04:12:46 UTC 2019
------------------ testing $PTII/ptolemy/domains/de/test/auto/OpenQueuingNetwork.xml
auto.tcl: Setting watchdog for 200 seconds at Wed Mar 20 04:12:47 UTC 2019
255 ms. Memory: 1064960K Free: 938038K (88%)
ptolemy.util.test.WatchDog.cancel(): canceling Wed Mar 20 04:12:47 UTC 2019
auto.tcl: Setting watchdog for 200 seconds at Wed Mar 20 04:12:47 UTC 2019
255 ms. Memory: 1064960K Free: 883475K (83%)
ptolemy.util.test.WatchDog.cancel(): canceling Wed Mar 20 04:12:47 UTC 2019
------------------ testing $PTII/ptolemy/domains/de/test/auto/PeriodicSampler.xml
auto.tcl: Setting watchdog for 200 seconds at Wed Mar 20 04:12:47 UTC 2019
2 ms. Memory: 1065472K Free: 1035627K (97%)
ptolemy.util.test.WatchDog.cancel(): canceling Wed Mar 20 04:12:47 UTC 2019
auto.tcl: Setting watchdog for 200 seconds at Wed Mar 20 04:12:47 UTC 2019
2 ms. Memory: 1065472K Free: 1035627K (97%)
ptolemy.util.test.WatchDog.cancel(): canceling Wed Mar 20 04:12:47 UTC 2019
------------------ testing $PTII/ptolemy/domains/de/test/auto/PersistentIO.xml
auto.tcl: Setting watchdog for 200 seconds at Wed Mar 20 04:12:47 UTC 2019
7 ms. Memory: 1065472K Free: 1037354K (97%)
ptolemy.util.test.WatchDog.cancel(): canceling Wed Mar 20 04:12:47 UTC 2019
auto.tcl: Setting watchdog for 200 seconds at Wed Mar 20 04:12:47 UTC 2019
3 ms. Memory: 1065472K Free: 1037354K (97%)
ptolemy.util.test.WatchDog.cancel(): canceling Wed Mar 20 04:12:47 UTC 2019
------------------ testing $PTII/ptolemy/domains/de/test/auto/PortParameterResetOnInitialize.xml
auto.tcl: Setting watchdog for 200 seconds at Wed Mar 20 04:12:47 UTC 2019
2 ms. Memory: 1065472K Free: 1026255K (96%)
ptolemy.util.test.WatchDog.cancel(): canceling Wed Mar 20 04:12:47 UTC 2019
auto.tcl: Setting watchdog for 200 seconds at Wed Mar 20 04:12:47 UTC 2019
1 ms. Memory: 1065472K Free: 1026255K (96%)
ptolemy.util.test.WatchDog.cancel(): canceling Wed Mar 20 04:12:47 UTC 2019
------------------ testing $PTII/ptolemy/domains/de/test/auto/PortParameterUpdates.xml
auto.tcl: Setting watchdog for 200 seconds at Wed Mar 20 04:12:47 UTC 2019
5 ms. Memory: 1065472K Free: 1037348K (97%)
ptolemy.util.test.WatchDog.cancel(): canceling Wed Mar 20 04:12:47 UTC 2019
auto.tcl: Setting watchdog for 200 seconds at Wed Mar 20 04:12:47 UTC 2019
4 ms. Memory: 1065472K Free: 1037348K (97%)
ptolemy.util.test.WatchDog.cancel(): canceling Wed Mar 20 04:12:47 UTC 2019
------------------ testing $PTII/ptolemy/domains/de/test/auto/QueueAndServer.xml
auto.tcl: Setting watchdog for 200 seconds at Wed Mar 20 04:12:47 UTC 2019
19 ms. Memory: 1065472K Free: 1036171K (97%)
ptolemy.util.test.WatchDog.cancel(): canceling Wed Mar 20 04:12:47 UTC 2019
auto.tcl: Setting watchdog for 200 seconds at Wed Mar 20 04:12:47 UTC 2019
7 ms. Memory: 1065472K Free: 1036171K (97%)
ptolemy.util.test.WatchDog.cancel(): canceling Wed Mar 20 04:12:47 UTC 2019
------------------ testing $PTII/ptolemy/domains/de/test/auto/Records.xml
auto.tcl: Setting watchdog for 200 seconds at Wed Mar 20 04:12:47 UTC 2019
12 ms. Memory: 1065472K Free: 1036113K (97%)
ptolemy.util.test.WatchDog.cancel(): canceling Wed Mar 20 04:12:48 UTC 2019
auto.tcl: Setting watchdog for 200 seconds at Wed Mar 20 04:12:48 UTC 2019
2 ms. Memory: 1065472K Free: 1036113K (97%)
ptolemy.util.test.WatchDog.cancel(): canceling Wed Mar 20 04:12:48 UTC 2019
------------------ testing $PTII/ptolemy/domains/de/test/auto/ResetTransitionWithStartTime1.xml
auto.tcl: Setting watchdog for 200 seconds at Wed Mar 20 04:12:48 UTC 2019
11 ms. Memory: 1065472K Free: 1037277K (97%)
ptolemy.util.test.WatchDog.cancel(): canceling Wed Mar 20 04:12:48 UTC 2019
auto.tcl: Setting watchdog for 200 seconds at Wed Mar 20 04:12:48 UTC 2019
4 ms. Memory: 1065472K Free: 1036137K (97%)
ptolemy.util.test.WatchDog.cancel(): canceling Wed Mar 20 04:12:48 UTC 2019
------------------ testing $PTII/ptolemy/domains/de/test/auto/ResetTransitionWithStartTime2.xml
auto.tcl: Setting watchdog for 200 seconds at Wed Mar 20 04:12:48 UTC 2019
6 ms. Memory: 1064448K Free: 1036245K (97%)
ptolemy.util.test.WatchDog.cancel(): canceling Wed Mar 20 04:12:48 UTC 2019
auto.tcl: Setting watchdog for 200 seconds at Wed Mar 20 04:12:48 UTC 2019
7 ms. Memory: 1064448K Free: 1036245K (97%)
ptolemy.util.test.WatchDog.cancel(): canceling Wed Mar 20 04:12:48 UTC 2019
------------------ testing $PTII/ptolemy/domains/de/test/auto/ResetTransitionWithStartTime3.xml
auto.tcl: Setting watchdog for 200 seconds at Wed Mar 20 04:12:48 UTC 2019
8 ms. Memory: 1064960K Free: 1035616K (97%)
ptolemy.util.test.WatchDog.cancel(): canceling Wed Mar 20 04:12:48 UTC 2019
auto.tcl: Setting watchdog for 200 seconds at Wed Mar 20 04:12:48 UTC 2019
6 ms. Memory: 1064960K Free: 1035616K (97%)
ptolemy.util.test.WatchDog.cancel(): canceling Wed Mar 20 04:12:48 UTC 2019
------------------ testing $PTII/ptolemy/domains/de/test/auto/ResetTransitionWithStartTime4.xml
auto.tcl: Setting watchdog for 200 seconds at Wed Mar 20 04:12:48 UTC 2019
4 ms. Memory: 1064960K Free: 1035615K (97%)
ptolemy.util.test.WatchDog.cancel(): canceling Wed Mar 20 04:12:48 UTC 2019
auto.tcl: Setting watchdog for 200 seconds at Wed Mar 20 04:12:48 UTC 2019
4 ms. Memory: 1064960K Free: 1035615K (97%)
ptolemy.util.test.WatchDog.cancel(): canceling Wed Mar 20 04:12:48 UTC 2019
------------------ testing $PTII/ptolemy/domains/de/test/auto/ResettableTimer1.xml
auto.tcl: Setting watchdog for 200 seconds at Wed Mar 20 04:12:48 UTC 2019
4 ms. Memory: 1064960K Free: 1035610K (97%)
ptolemy.util.test.WatchDog.cancel(): canceling Wed Mar 20 04:12:48 UTC 2019
auto.tcl: Setting watchdog for 200 seconds at Wed Mar 20 04:12:48 UTC 2019
2 ms. Memory: 1064960K Free: 1035610K (97%)
ptolemy.util.test.WatchDog.cancel(): canceling Wed Mar 20 04:12:48 UTC 2019
------------------ testing $PTII/ptolemy/domains/de/test/auto/ResettableTimer2.xml
auto.tcl: Setting watchdog for 200 seconds at Wed Mar 20 04:12:48 UTC 2019
2 ms. Memory: 1064960K Free: 1036808K (97%)
ptolemy.util.test.WatchDog.cancel(): canceling Wed Mar 20 04:12:48 UTC 2019
auto.tcl: Setting watchdog for 200 seconds at Wed Mar 20 04:12:48 UTC 2019
2 ms. Memory: 1064960K Free: 1036808K (97%)
ptolemy.util.test.WatchDog.cancel(): canceling Wed Mar 20 04:12:48 UTC 2019
------------------ testing $PTII/ptolemy/domains/de/test/auto/ResettableTimer3.xml
auto.tcl: Setting watchdog for 200 seconds at Wed Mar 20 04:12:48 UTC 2019
1 ms. Memory: 1064960K Free: 1035667K (97%)
ptolemy.util.test.WatchDog.cancel(): canceling Wed Mar 20 04:12:48 UTC 2019
auto.tcl: Setting watchdog for 200 seconds at Wed Mar 20 04:12:48 UTC 2019
1 ms. Memory: 1064960K Free: 1035667K (97%)
ptolemy.util.test.WatchDog.cancel(): canceling Wed Mar 20 04:12:48 UTC 2019
------------------ testing $PTII/ptolemy/domains/de/test/auto/ResettableTimer4.xml
auto.tcl: Setting watchdog for 200 seconds at Wed Mar 20 04:12:48 UTC 2019
1 ms. Memory: 1063936K Free: 1035796K (97%)
ptolemy.util.test.WatchDog.cancel(): canceling Wed Mar 20 04:12:48 UTC 2019
auto.tcl: Setting watchdog for 200 seconds at Wed Mar 20 04:12:48 UTC 2019
1 ms. Memory: 1063936K Free: 1035796K (97%)
ptolemy.util.test.WatchDog.cancel(): canceling Wed Mar 20 04:12:48 UTC 2019
------------------ testing $PTII/ptolemy/domains/de/test/auto/ResettableTimer5.xml
auto.tcl: Setting watchdog for 200 seconds at Wed Mar 20 04:12:48 UTC 2019
2 ms. Memory: 1064448K Free: 1026486K (96%)
ptolemy.util.test.WatchDog.cancel(): canceling Wed Mar 20 04:12:48 UTC 2019
auto.tcl: Setting watchdog for 200 seconds at Wed Mar 20 04:12:48 UTC 2019
1 ms. Memory: 1064448K Free: 1026486K (96%)
ptolemy.util.test.WatchDog.cancel(): canceling Wed Mar 20 04:12:48 UTC 2019
------------------ testing $PTII/ptolemy/domains/de/test/auto/ResettableTimer6.xml
auto.tcl: Setting watchdog for 200 seconds at Wed Mar 20 04:12:48 UTC 2019
2 ms. Memory: 1064448K Free: 1025296K (96%)
ptolemy.util.test.WatchDog.cancel(): canceling Wed Mar 20 04:12:48 UTC 2019
auto.tcl: Setting watchdog for 200 seconds at Wed Mar 20 04:12:48 UTC 2019
1 ms. Memory: 1064448K Free: 1025296K (96%)
ptolemy.util.test.WatchDog.cancel(): canceling Wed Mar 20 04:12:48 UTC 2019
------------------ testing $PTII/ptolemy/domains/de/test/auto/ServerZeroDelay.xml
auto.tcl: Setting watchdog for 200 seconds at Wed Mar 20 04:12:48 UTC 2019
4 ms. Memory: 1064448K Free: 1036247K (97%)
ptolemy.util.test.WatchDog.cancel(): canceling Wed Mar 20 04:12:48 UTC 2019
auto.tcl: Setting watchdog for 200 seconds at Wed Mar 20 04:12:48 UTC 2019
2 ms. Memory: 1064448K Free: 1036247K (97%)
ptolemy.util.test.WatchDog.cancel(): canceling Wed Mar 20 04:12:48 UTC 2019
------------------ testing $PTII/ptolemy/domains/de/test/auto/SmartSender.xml
auto.tcl: Setting watchdog for 200 seconds at Wed Mar 20 04:12:48 UTC 2019
3002 ms. Memory: 1064448K Free: 1026422K (96%)
ptolemy.util.test.WatchDog.cancel(): canceling Wed Mar 20 04:12:51 UTC 2019
auto.tcl: Setting watchdog for 200 seconds at Wed Mar 20 04:12:51 UTC 2019
3002 ms. Memory: 1064448K Free: 1026422K (96%)
ptolemy.util.test.WatchDog.cancel(): canceling Wed Mar 20 04:12:54 UTC 2019
------------------ testing $PTII/ptolemy/domains/de/test/auto/ThreadedComposite.xml
auto.tcl: Setting watchdog for 200 seconds at Wed Mar 20 04:12:54 UTC 2019
201 ms. Memory: 1064448K Free: 1005655K (94%)
ptolemy.util.test.WatchDog.cancel(): canceling Wed Mar 20 04:12:55 UTC 2019
auto.tcl: Setting watchdog for 200 seconds at Wed Mar 20 04:12:55 UTC 2019
123 ms. Memory: 1064448K Free: 972367K (91%)
ptolemy.util.test.WatchDog.cancel(): canceling Wed Mar 20 04:12:55 UTC 2019
------------------ testing $PTII/ptolemy/domains/de/test/auto/Time.xml
auto.tcl: Setting watchdog for 200 seconds at Wed Mar 20 04:12:55 UTC 2019
514 ms. Memory: 1064448K Free: 985726K (93%)
ptolemy.util.test.WatchDog.cancel(): canceling Wed Mar 20 04:12:55 UTC 2019
auto.tcl: Setting watchdog for 200 seconds at Wed Mar 20 04:12:55 UTC 2019
457 ms. Memory: 1064448K Free: 931134K (87%)
ptolemy.util.test.WatchDog.cancel(): canceling Wed Mar 20 04:12:56 UTC 2019
------------------ testing $PTII/ptolemy/domains/de/test/auto/TimeDelayZeroDelay.xml
auto.tcl: Setting watchdog for 200 seconds at Wed Mar 20 04:12:56 UTC 2019
2 ms. Memory: 1064448K Free: 1035021K (97%)
ptolemy.util.test.WatchDog.cancel(): canceling Wed Mar 20 04:12:56 UTC 2019
auto.tcl: Setting watchdog for 200 seconds at Wed Mar 20 04:12:56 UTC 2019
2 ms. Memory: 1064448K Free: 1035021K (97%)
ptolemy.util.test.WatchDog.cancel(): canceling Wed Mar 20 04:12:56 UTC 2019
------------------ testing $PTII/ptolemy/domains/de/test/auto/TimerZeroDelay.xml
auto.tcl: Setting watchdog for 200 seconds at Wed Mar 20 04:12:56 UTC 2019
2 ms. Memory: 1063424K Free: 1035181K (97%)
ptolemy.util.test.WatchDog.cancel(): canceling Wed Mar 20 04:12:56 UTC 2019
auto.tcl: Setting watchdog for 200 seconds at Wed Mar 20 04:12:56 UTC 2019
2 ms. Memory: 1063424K Free: 1035181K (97%)
ptolemy.util.test.WatchDog.cancel(): canceling Wed Mar 20 04:12:56 UTC 2019
------------------ testing $PTII/ptolemy/domains/de/test/auto/TimingParadox.xml
auto.tcl: Setting watchdog for 200 seconds at Wed Mar 20 04:12:56 UTC 2019
330 ms. Memory: 1063936K Free: 977764K (92%)
ptolemy.util.test.WatchDog.cancel(): canceling Wed Mar 20 04:12:56 UTC 2019
auto.tcl: Setting watchdog for 200 seconds at Wed Mar 20 04:12:56 UTC 2019
328 ms. Memory: 1063936K Free: 936821K (88%)
ptolemy.util.test.WatchDog.cancel(): canceling Wed Mar 20 04:12:57 UTC 2019
------------------ testing $PTII/ptolemy/domains/de/test/auto/TransferInputs.xml
auto.tcl: Setting watchdog for 200 seconds at Wed Mar 20 04:12:57 UTC 2019
2 ms. Memory: 1063424K Free: 1034154K (97%)
ptolemy.util.test.WatchDog.cancel(): canceling Wed Mar 20 04:12:57 UTC 2019
auto.tcl: Setting watchdog for 200 seconds at Wed Mar 20 04:12:57 UTC 2019
2 ms. Memory: 1063424K Free: 1034154K (97%)
ptolemy.util.test.WatchDog.cancel(): canceling Wed Mar 20 04:12:57 UTC 2019
------------------ testing $PTII/ptolemy/domains/de/test/auto/TransferOutputs2.xml
auto.tcl: Setting watchdog for 200 seconds at Wed Mar 20 04:12:57 UTC 2019
2 ms. Memory: 1063936K Free: 1025952K (96%)
ptolemy.util.test.WatchDog.cancel(): canceling Wed Mar 20 04:12:57 UTC 2019
auto.tcl: Setting watchdog for 200 seconds at Wed Mar 20 04:12:57 UTC 2019
3 ms. Memory: 1063936K Free: 1025952K (96%)
ptolemy.util.test.WatchDog.cancel(): canceling Wed Mar 20 04:12:57 UTC 2019
------------------ testing $PTII/ptolemy/domains/de/test/auto/Trilateration.xml
auto.tcl: Setting watchdog for 200 seconds at Wed Mar 20 04:12:57 UTC 2019
12815 ms. Memory: 933376K Free: 776385K (83%)
ptolemy.util.test.WatchDog.cancel(): canceling Wed Mar 20 04:13:11 UTC 2019
auto.tcl: Setting watchdog for 200 seconds at Wed Mar 20 04:13:11 UTC 2019
10134 ms. Memory: 812544K Free: 467743K (58%)
ptolemy.util.test.WatchDog.cancel(): canceling Wed Mar 20 04:13:21 UTC 2019
------------------ testing $PTII/ptolemy/domains/de/test/auto/TwoSigmaDelta.xml
auto.tcl: Setting watchdog for 200 seconds at Wed Mar 20 04:13:21 UTC 2019
2637 ms. Memory: 816640K Free: 511324K (63%)
ptolemy.util.test.WatchDog.cancel(): canceling Wed Mar 20 04:13:24 UTC 2019
auto.tcl: Setting watchdog for 200 seconds at Wed Mar 20 04:13:24 UTC 2019
2042 ms. Memory: 816640K Free: 272177K (33%)
ptolemy.util.test.WatchDog.cancel(): canceling Wed Mar 20 04:13:26 UTC 2019
------------------ testing $PTII/ptolemy/domains/de/test/auto/VariableDelay.xml
auto.tcl: Setting watchdog for 200 seconds at Wed Mar 20 04:13:26 UTC 2019
3 ms. Memory: 813056K Free: 789765K (97%)
ptolemy.util.test.WatchDog.cancel(): canceling Wed Mar 20 04:13:26 UTC 2019
auto.tcl: Setting watchdog for 200 seconds at Wed Mar 20 04:13:26 UTC 2019
1 ms. Memory: 813056K Free: 789765K (97%)
ptolemy.util.test.WatchDog.cancel(): canceling Wed Mar 20 04:13:26 UTC 2019
------------------ testing $PTII/ptolemy/domains/de/test/auto/VariableDelay2.xml
auto.tcl: Setting watchdog for 200 seconds at Wed Mar 20 04:13:26 UTC 2019
2 ms. Memory: 812544K Free: 789764K (97%)
ptolemy.util.test.WatchDog.cancel(): canceling Wed Mar 20 04:13:26 UTC 2019
auto.tcl: Setting watchdog for 200 seconds at Wed Mar 20 04:13:26 UTC 2019
1 ms. Memory: 812544K Free: 789764K (97%)
ptolemy.util.test.WatchDog.cancel(): canceling Wed Mar 20 04:13:26 UTC 2019
------------------ testing $PTII/ptolemy/domains/de/test/auto/VariableDelayZeroDelay.xml
auto.tcl: Setting watchdog for 200 seconds at Wed Mar 20 04:13:26 UTC 2019
3 ms. Memory: 812544K Free: 789763K (97%)
ptolemy.util.test.WatchDog.cancel(): canceling Wed Mar 20 04:13:26 UTC 2019
auto.tcl: Setting watchdog for 200 seconds at Wed Mar 20 04:13:26 UTC 2019
1 ms. Memory: 812544K Free: 789763K (97%)
ptolemy.util.test.WatchDog.cancel(): canceling Wed Mar 20 04:13:26 UTC 2019
------------------ testing $PTII/ptolemy/domains/de/test/auto/VariableDelayZeroDelay2.xml
auto.tcl: Setting watchdog for 200 seconds at Wed Mar 20 04:13:26 UTC 2019
1 ms. Memory: 816128K Free: 786034K (96%)
ptolemy.util.test.WatchDog.cancel(): canceling Wed Mar 20 04:13:26 UTC 2019
auto.tcl: Setting watchdog for 200 seconds at Wed Mar 20 04:13:26 UTC 2019
2 ms. Memory: 816128K Free: 786034K (96%)
ptolemy.util.test.WatchDog.cancel(): canceling Wed Mar 20 04:13:26 UTC 2019
------------------ testing $PTII/ptolemy/domains/de/test/auto/deInCt.xml
auto.tcl: Setting watchdog for 200 seconds at Wed Mar 20 04:13:26 UTC 2019
0
1
1
0
0
0
1
1
1
0
0
0
0
1
1
1
1
0
0
1
1
1
1
1
0
0
0
1
1
1
0
0
0
1
1
1
0
0
0
1
1
1
1
11 ms. Memory: 812544K Free: 782348K (96%)
ptolemy.util.test.WatchDog.cancel(): canceling Wed Mar 20 04:13:26 UTC 2019
auto.tcl: Setting watchdog for 200 seconds at Wed Mar 20 04:13:26 UTC 2019
0
1
1
0
0
0
1
1
1
0
0
0
1
1
1
0
0
0
1
1
1
1
0
0
0
0
1
1
1
0
0
0
0
1
1
1
1
0
0
0
1
1
1
0
0
0
0
9 ms. Memory: 812544K Free: 782348K (96%)
ptolemy.util.test.WatchDog.cancel(): canceling Wed Mar 20 04:13:26 UTC 2019
------------------ testing $PTII/ptolemy/domains/de/test/auto/deInCt2.xml
auto.tcl: Setting watchdog for 200 seconds at Wed Mar 20 04:13:26 UTC 2019
0
1
1
1
0
0
1
1
1
0
0
1
1
1
0
0
1
1
1
0
0
1
1
1
0
0
1
1
1
0
0
1
1
1
0
0
1
1
1
0
0
0
18 ms. Memory: 815616K Free: 785420K (96%)
ptolemy.util.test.WatchDog.cancel(): canceling Wed Mar 20 04:13:26 UTC 2019
auto.tcl: Setting watchdog for 200 seconds at Wed Mar 20 04:13:26 UTC 2019
0
1
1
1
0
0
1
1
1
0
0
1
1
1
0
0
1
1
1
0
0
1
1
1
0
0
1
1
1
0
0
1
1
1
0
0
1
1
1
0
0
0
5 ms. Memory: 815616K Free: 785420K (96%)
ptolemy.util.test.WatchDog.cancel(): canceling Wed Mar 20 04:13:26 UTC 2019
------------------ testing $PTII/ptolemy/domains/de/test/auto/dynamicCausalityInterface1.xml
auto.tcl: Setting watchdog for 200 seconds at Wed Mar 20 04:13:26 UTC 2019
3 ms. Memory: 812544K Free: 789753K (97%)
ptolemy.util.test.WatchDog.cancel(): canceling Wed Mar 20 04:13:26 UTC 2019
auto.tcl: Setting watchdog for 200 seconds at Wed Mar 20 04:13:26 UTC 2019
1 ms. Memory: 812544K Free: 789753K (97%)
ptolemy.util.test.WatchDog.cancel(): canceling Wed Mar 20 04:13:26 UTC 2019
------------------ testing $PTII/ptolemy/domains/de/test/auto/fsm_de_test.xml
auto.tcl: Setting watchdog for 200 seconds at Wed Mar 20 04:13:26 UTC 2019
15 ms. Memory: 815104K Free: 784896K (96%)
ptolemy.util.test.WatchDog.cancel(): canceling Wed Mar 20 04:13:26 UTC 2019
auto.tcl: Setting watchdog for 200 seconds at Wed Mar 20 04:13:26 UTC 2019
5 ms. Memory: 815104K Free: 784896K (96%)
ptolemy.util.test.WatchDog.cancel(): canceling Wed Mar 20 04:13:26 UTC 2019
------------------ testing $PTII/ptolemy/domains/de/test/auto/functionDependencyReconstruction.xml
auto.tcl: Setting watchdog for 200 seconds at Wed Mar 20 04:13:26 UTC 2019
2 ms. Memory: 812544K Free: 771704K (95%)
ptolemy.util.test.WatchDog.cancel(): canceling Wed Mar 20 04:13:26 UTC 2019
auto.tcl: Setting watchdog for 200 seconds at Wed Mar 20 04:13:26 UTC 2019
2 ms. Memory: 812544K Free: 771704K (95%)
ptolemy.util.test.WatchDog.cancel(): canceling Wed Mar 20 04:13:26 UTC 2019
------------------ testing $PTII/ptolemy/domains/de/test/auto/multirate.xml
auto.tcl: Setting watchdog for 200 seconds at Wed Mar 20 04:13:26 UTC 2019
6 ms. Memory: 814592K Free: 784251K (96%)
ptolemy.util.test.WatchDog.cancel(): canceling Wed Mar 20 04:13:26 UTC 2019
auto.tcl: Setting watchdog for 200 seconds at Wed Mar 20 04:13:26 UTC 2019
6 ms. Memory: 814592K Free: 784251K (96%)
ptolemy.util.test.WatchDog.cancel(): canceling Wed Mar 20 04:13:27 UTC 2019
------------------ testing $PTII/ptolemy/domains/de/test/auto/multirate2.xml
auto.tcl: Setting watchdog for 200 seconds at Wed Mar 20 04:13:27 UTC 2019
5 ms. Memory: 812544K Free: 782391K (96%)
ptolemy.util.test.WatchDog.cancel(): canceling Wed Mar 20 04:13:27 UTC 2019
auto.tcl: Setting watchdog for 200 seconds at Wed Mar 20 04:13:27 UTC 2019
3 ms. Memory: 812544K Free: 782391K (96%)
ptolemy.util.test.WatchDog.cancel(): canceling Wed Mar 20 04:13:27 UTC 2019
------------------ testing $PTII/ptolemy/domains/de/test/auto/realtime.xml
auto.tcl: Setting watchdog for 200 seconds at Wed Mar 20 04:13:27 UTC 2019
10001 ms. Memory: 814592K Free: 784339K (96%)
ptolemy.util.test.WatchDog.cancel(): canceling Wed Mar 20 04:13:37 UTC 2019
auto.tcl: Setting watchdog for 200 seconds at Wed Mar 20 04:13:37 UTC 2019
10001 ms. Memory: 814592K Free: 784339K (96%)
ptolemy.util.test.WatchDog.cancel(): canceling Wed Mar 20 04:13:47 UTC 2019
------------------ testing $PTII/ptolemy/domains/de/test/auto/relationGroup.xml
auto.tcl: Setting watchdog for 200 seconds at Wed Mar 20 04:13:47 UTC 2019
1 ms. Memory: 812544K Free: 782415K (96%)
ptolemy.util.test.WatchDog.cancel(): canceling Wed Mar 20 04:13:47 UTC 2019
auto.tcl: Setting watchdog for 200 seconds at Wed Mar 20 04:13:47 UTC 2019
1 ms. Memory: 812544K Free: 782415K (96%)
ptolemy.util.test.WatchDog.cancel(): canceling Wed Mar 20 04:13:47 UTC 2019
------------------ testing $PTII/ptolemy/domains/de/test/auto/relationGroup2.xml
auto.tcl: Setting watchdog for 200 seconds at Wed Mar 20 04:13:47 UTC 2019
2 ms. Memory: 814080K Free: 783978K (96%)
ptolemy.util.test.WatchDog.cancel(): canceling Wed Mar 20 04:13:47 UTC 2019
auto.tcl: Setting watchdog for 200 seconds at Wed Mar 20 04:13:47 UTC 2019
1 ms. Memory: 814080K Free: 783978K (96%)
ptolemy.util.test.WatchDog.cancel(): canceling Wed Mar 20 04:13:47 UTC 2019
------------------ testing $PTII/ptolemy/domains/de/test/auto/sortWithOpaquePorts.xml
auto.tcl: Setting watchdog for 200 seconds at Wed Mar 20 04:13:47 UTC 2019
1 ms. Memory: 812544K Free: 782442K (96%)
ptolemy.util.test.WatchDog.cancel(): canceling Wed Mar 20 04:13:47 UTC 2019
auto.tcl: Setting watchdog for 200 seconds at Wed Mar 20 04:13:47 UTC 2019
2 ms. Memory: 812544K Free: 782442K (96%)
ptolemy.util.test.WatchDog.cancel(): canceling Wed Mar 20 04:13:47 UTC 2019
------------------ testing $PTII/ptolemy/domains/de/test/auto/transferInputsandOutputs.xml
auto.tcl: Setting watchdog for 200 seconds at Wed Mar 20 04:13:47 UTC 2019
4 ms. Memory: 814080K Free: 783966K (96%)
ptolemy.util.test.WatchDog.cancel(): canceling Wed Mar 20 04:13:47 UTC 2019
auto.tcl: Setting watchdog for 200 seconds at Wed Mar 20 04:13:47 UTC 2019
1 ms. Memory: 814080K Free: 783966K (96%)
ptolemy.util.test.WatchDog.cancel(): canceling Wed Mar 20 04:13:47 UTC 2019
------------------ testing $PTII/ptolemy/domains/de/test/auto/triggerType.xml
auto.tcl: Setting watchdog for 200 seconds at Wed Mar 20 04:13:47 UTC 2019
1 ms. Memory: 812544K Free: 782380K (96%)
ptolemy.util.test.WatchDog.cancel(): canceling Wed Mar 20 04:13:47 UTC 2019
auto.tcl: Setting watchdog for 200 seconds at Wed Mar 20 04:13:47 UTC 2019
1 ms. Memory: 812544K Free: 782380K (96%)
ptolemy.util.test.WatchDog.cancel(): canceling Wed Mar 20 04:13:47 UTC 2019
03/20/19 04:13:47
Failed: 0  Total Tests: 192  ((Passed: 187, Newly Passed: 1)  Known Failed: 5) /home/travis/build/icyphy/ptII/ptolemy/domains/de/test
03/20/19 04:13:47
Failed: 0  Total Tests: 192  ((Passed: 187, Newly Passed: 1)  Known Failed: 5) /home/travis/build/icyphy/ptII/ptolemy/domains/de/test
----------------- testing (KnownFailure) /home/travis/build/icyphy/ptII/ptolemy/domains/de/test/auto/knownFailedTests/DESDFClockTest.xml
2009 ms. Memory: 813568K Free: 768736K (94%)
Known Failure: java.lang.reflect.InvocationTargetException
----------------- testing (KnownFailure) /home/travis/build/icyphy/ptII/ptolemy/domains/de/test/auto/knownFailedTests/DirectFeedback.xml
2 ms. Memory: 813568K Free: 710245K (87%)
Known Failure: java.lang.reflect.InvocationTargetException
----------------- testing (KnownFailure) /home/travis/build/icyphy/ptII/ptolemy/domains/de/test/auto/knownFailedTests/FSMSource.xml
9 ms. Memory: 813568K Free: 651754K (80%)
----------------- testing (KnownFailure) /home/travis/build/icyphy/ptII/ptolemy/domains/de/test/auto/knownFailedTests/HierarchicalModel.xml
2 ms. Memory: 813568K Free: 607869K (75%)
Known Failure: java.lang.reflect.InvocationTargetException
----------------- testing (KnownFailure) /home/travis/build/icyphy/ptII/ptolemy/domains/de/test/auto/knownFailedTests/dependencyLoop.xml
2 ms. Memory: 813568K Free: 549378K (68%)
Known Failure: java.lang.reflect.InvocationTargetException
----------------- testing (KnownFailure) /home/travis/build/icyphy/ptII/ptolemy/domains/de/test/auto/knownFailedTests/dependencyLoop2.xml
2 ms. Memory: 813568K Free: 490887K (60%)
Known Failure: java.lang.reflect.InvocationTargetException
No auto/linux-amd64/*.xml tests in /home/travis/build/icyphy/ptII/ptolemy/domains/de/test
AutoTests.java: About to close Vertx.
AutoTests.java: Vertx closed.

===========================================================================================
----------------- testing Wed Mar 20 04:13:49 UTC 2019 /home/travis/build/icyphy/ptII/ptolemy/domains/de/test/auto/ActorDepthCalculation_actorWithoutPorts.xml
----------------- Instantiating /home/travis/build/icyphy/ptII/ptolemy/domains/de/test/auto/ActorDepthCalculation_actorWithoutPorts.xml
1 ms. Memory: 813568K Free: 417773K (51%)
----------------- Invoking toplevel() on ptolemy.moml.MoMLSimpleApplication@4df848f9
----------------- Done invoking toplevel() on ptolemy.moml.MoMLSimpleApplication@4df848f9
reloadAllAccessors: .ActorDepthCalculation_actorWithoutPorts

===========================================================================================
----------------- testing Wed Mar 20 04:13:49 UTC 2019 /home/travis/build/icyphy/ptII/ptolemy/domains/de/test/auto/AssemblyLine.xml
----------------- Instantiating /home/travis/build/icyphy/ptII/ptolemy/domains/de/test/auto/AssemblyLine.xml
4 ms. Memory: 813568K Free: 388528K (48%)
----------------- Invoking toplevel() on ptolemy.moml.MoMLSimpleApplication@486c0bd3
----------------- Done invoking toplevel() on ptolemy.moml.MoMLSimpleApplication@486c0bd3
reloadAllAccessors: .AssemblyLine

===========================================================================================
----------------- testing Wed Mar 20 04:13:49 UTC 2019 /home/travis/build/icyphy/ptII/ptolemy/domains/de/test/auto/CQBug1.xml
----------------- Instantiating /home/travis/build/icyphy/ptII/ptolemy/domains/de/test/auto/CQBug1.xml
0 ms. Memory: 813568K Free: 359282K (44%)
----------------- Invoking toplevel() on ptolemy.moml.MoMLSimpleApplication@5728d969
----------------- Done invoking toplevel() on ptolemy.moml.MoMLSimpleApplication@5728d969
reloadAllAccessors: .CQBug1

===========================================================================================
----------------- testing Wed Mar 20 04:13:49 UTC 2019 /home/travis/build/icyphy/ptII/ptolemy/domains/de/test/auto/CancelFireAt.xml
----------------- Instantiating /home/travis/build/icyphy/ptII/ptolemy/domains/de/test/auto/CancelFireAt.xml
1 ms. Memory: 813568K Free: 330037K (41%)
----------------- Invoking toplevel() on ptolemy.moml.MoMLSimpleApplication@617b46fd
----------------- Done invoking toplevel() on ptolemy.moml.MoMLSimpleApplication@617b46fd
reloadAllAccessors: .CancelFireAt

===========================================================================================
----------------- testing Wed Mar 20 04:13:49 UTC 2019 /home/travis/build/icyphy/ptII/ptolemy/domains/de/test/auto/CausalityAndComposabilityAnalysis.xml
----------------- Instantiating /home/travis/build/icyphy/ptII/ptolemy/domains/de/test/auto/CausalityAndComposabilityAnalysis.xml
2 ms. Memory: 813568K Free: 300791K (37%)
----------------- Invoking toplevel() on ptolemy.moml.MoMLSimpleApplication@15cfd70f
----------------- Done invoking toplevel() on ptolemy.moml.MoMLSimpleApplication@15cfd70f
reloadAllAccessors: .CausalityAndComposabilityAnalysis

===========================================================================================
----------------- testing Wed Mar 20 04:13:49 UTC 2019 /home/travis/build/icyphy/ptII/ptolemy/domains/de/test/auto/CausalityInterface1.xml
----------------- Instantiating /home/travis/build/icyphy/ptII/ptolemy/domains/de/test/auto/CausalityInterface1.xml
4 ms. Memory: 813568K Free: 271546K (33%)
----------------- Invoking toplevel() on ptolemy.moml.MoMLSimpleApplication@3398e7ce
----------------- Done invoking toplevel() on ptolemy.moml.MoMLSimpleApplication@3398e7ce
reloadAllAccessors: .CausalityInterface1

===========================================================================================
----------------- testing Wed Mar 20 04:13:49 UTC 2019 /home/travis/build/icyphy/ptII/ptolemy/domains/de/test/auto/CausalityInterface15.xml
----------------- Instantiating /home/travis/build/icyphy/ptII/ptolemy/domains/de/test/auto/CausalityInterface15.xml
1 ms. Memory: 813568K Free: 242300K (30%)
----------------- Invoking toplevel() on ptolemy.moml.MoMLSimpleApplication@3d90af99
[...]
java.lang.RuntimeException: Execution failed
	at ptolemy.moml.MoMLSimpleApplication$UnloadThread.run(MoMLSimpleApplication.java:402)
Caused by: ptolemy.kernel.util.IllegalActionException: Test fails in iteration 1.
Value was: 1.0. Should have been: 2.0
  in .DirectFeedback.Test
	at ptolemy.actor.lib.Test.fire(Test.java:268)
	at ptolemy.domains.de.kernel.DEDirector._fire(DEDirector.java:1949)
	at ptolemy.domains.de.kernel.DEDirector.fire(DEDirector.java:502)
	at ptolemy.actor.CompositeActor.fire(CompositeActor.java:455)
	at ptolemy.actor.Manager.iterate(Manager.java:851)
	at ptolemy.actor.Manager.execute(Manager.java:369)
	at ptolemy.actor.Manager.run(Manager.java:1263)
	at ptolemy.actor.Manager$PtolemyRunThread.run(Manager.java:1915)
java.lang.RuntimeException: Execution failed
	at ptolemy.moml.MoMLSimpleApplication$UnloadThread.run(MoMLSimpleApplication.java:402)
Caused by: ptolemy.kernel.util.IllegalActionException: Actor is not ready to fire.  Perhaps UpSample.prefire() returned false? Try debugging the actor by selecting "Listen to Actor".  Also, for SDF check moml for tokenConsumptionRate on input.
  in .DESDFClockTest.Play Bell.Copy1:SDF Director and .DESDFClockTest.Play Bell.UpSample
	at ptolemy.actor.sched.StaticSchedulingDirector.fire(StaticSchedulingDirector.java:227)
	at ptolemy.domains.sdf.kernel.SDFDirector.fire(SDFDirector.java:500)
	at ptolemy.actor.CompositeActor.fire(CompositeActor.java:455)
	at ptolemy.domains.de.kernel.DEDirector._fire(DEDirector.java:1949)
	at ptolemy.domains.de.kernel.DEDirector.fire(DEDirector.java:502)
	at ptolemy.actor.CompositeActor.fire(CompositeActor.java:455)
	at ptolemy.actor.Manager.iterate(Manager.java:851)
	at ptolemy.actor.Manager.execute(Manager.java:369)
	at ptolemy.actor.Manager.run(Manager.java:1263)
	at ptolemy.actor.Manager$PtolemyRunThread.run(Manager.java:1915)
java.lang.reflect.InvocationTargetException
	at sun.reflect.NativeConstructorAccessorImpl.newInstance0(Native Method)
	at sun.reflect.NativeConstructorAccessorImpl.newInstance(NativeConstructorAccessorImpl.java:62)
	at sun.reflect.DelegatingConstructorAccessorImpl.newInstance(DelegatingConstructorAccessorImpl.java:45)
	at java.lang.reflect.Constructor.newInstance(Constructor.java:423)
	at ptolemy.util.test.junit.AutoKnownFailedTests.RunModel(AutoKnownFailedTests.java:105)
	at sun.reflect.NativeMethodAccessorImpl.invoke0(Native Method)
	at sun.reflect.NativeMethodAccessorImpl.invoke(NativeMethodAccessorImpl.java:62)
	at sun.reflect.DelegatingMethodAccessorImpl.invoke(DelegatingMethodAccessorImpl.java:43)
	at java.lang.reflect.Method.invoke(Method.java:498)
	at org.junit.runners.model.FrameworkMethod$1.runReflectiveCall(FrameworkMethod.java:44)
	at org.junit.internal.runners.model.ReflectiveCallable.run(ReflectiveCallable.java:15)
	at org.junit.runners.model.FrameworkMethod.invokeExplosively(FrameworkMethod.java:41)
	at junitparams.internal.InvokeParameterisedMethod.evaluate(InvokeParameterisedMethod.java:102)
	at org.junit.internal.runners.statements.FailOnTimeout$1.run(FailOnTimeout.java:28)
Caused by: ptolemy.kernel.util.IllegalActionException: Actor is not ready to fire.  Perhaps UpSample.prefire() returned false? Try debugging the actor by selecting "Listen to Actor".  Also, for SDF check moml for tokenConsumptionRate on input.
  in .DESDFClockTest.Play Bell.Copy1:SDF Director and .DESDFClockTest.Play Bell.UpSample
	at ptolemy.actor.sched.StaticSchedulingDirector.fire(StaticSchedulingDirector.java:227)
	at ptolemy.domains.sdf.kernel.SDFDirector.fire(SDFDirector.java:500)
	at ptolemy.actor.CompositeActor.fire(CompositeActor.java:455)
	at ptolemy.domains.de.kernel.DEDirector._fire(DEDirector.java:1949)
	at ptolemy.domains.de.kernel.DEDirector.fire(DEDirector.java:502)
	at ptolemy.actor.CompositeActor.fire(CompositeActor.java:455)
	at ptolemy.actor.Manager.iterate(Manager.java:851)
	at ptolemy.actor.Manager.execute(Manager.java:369)
	at ptolemy.actor.Manager.run(Manager.java:1263)
	at ptolemy.actor.Manager$PtolemyRunThread.run(Manager.java:1915)
java.lang.RuntimeException: Execution failed
	at ptolemy.moml.MoMLSimpleApplication$UnloadThread.run(MoMLSimpleApplication.java:402)
Caused by: ptolemy.kernel.util.IllegalActionException: Test fails in iteration 1.
Value was: 1.0. Should have been: 2.0
  in .DirectFeedback.Test
	at ptolemy.actor.lib.Test.fire(Test.java:268)
	at ptolemy.domains.de.kernel.DEDirector._fire(DEDirector.java:1949)
	at ptolemy.domains.de.kernel.DEDirector.fire(DEDirector.java:502)
	at ptolemy.actor.CompositeActor.fire(CompositeActor.java:455)
	at ptolemy.actor.Manager.iterate(Manager.java:851)
	at ptolemy.actor.Manager.execute(Manager.java:369)
	at ptolemy.actor.Manager.run(Manager.java:1263)
	at ptolemy.actor.Manager$PtolemyRunThread.run(Manager.java:1915)
java.lang.reflect.InvocationTargetException
	at sun.reflect.NativeConstructorAccessorImpl.newInstance0(Native Method)
	at sun.reflect.NativeConstructorAccessorImpl.newInstance(NativeConstructorAccessorImpl.java:62)
	at sun.reflect.DelegatingConstructorAccessorImpl.newInstance(DelegatingConstructorAccessorImpl.java:45)
	at java.lang.reflect.Constructor.newInstance(Constructor.java:423)
	at ptolemy.util.test.junit.AutoKnownFailedTests.RunModel(AutoKnownFailedTests.java:105)
	at sun.reflect.NativeMethodAccessorImpl.invoke0(Native Method)
	at sun.reflect.NativeMethodAccessorImpl.invoke(NativeMethodAccessorImpl.java:62)
	at sun.reflect.DelegatingMethodAccessorImpl.invoke(DelegatingMethodAccessorImpl.java:43)
	at java.lang.reflect.Method.invoke(Method.java:498)
	at org.junit.runners.model.FrameworkMethod$1.runReflectiveCall(FrameworkMethod.java:44)
	at org.junit.internal.runners.model.ReflectiveCallable.run(ReflectiveCallable.java:15)
	at org.junit.runners.model.FrameworkMethod.invokeExplosively(FrameworkMethod.java:41)
	at junitparams.internal.InvokeParameterisedMethod.evaluate(InvokeParameterisedMethod.java:102)
	at org.junit.internal.runners.statements.FailOnTimeout$1.run(FailOnTimeout.java:28)
Caused by: ptolemy.kernel.util.IllegalActionException: Test fails in iteration 1.
Value was: 1.0. Should have been: 2.0
  in .DirectFeedback.Test
	at ptolemy.actor.lib.Test.fire(Test.java:268)
	at ptolemy.domains.de.kernel.DEDirector._fire(DEDirector.java:1949)
	at ptolemy.domains.de.kernel.DEDirector.fire(DEDirector.java:502)
	at ptolemy.actor.CompositeActor.fire(CompositeActor.java:455)
	at ptolemy.actor.Manager.iterate(Manager.java:851)
	at ptolemy.actor.Manager.execute(Manager.java:369)
	at ptolemy.actor.Manager.run(Manager.java:1263)
	at ptolemy.actor.Manager$PtolemyRunThread.run(Manager.java:1915)
java.lang.RuntimeException: Execution failed
	at ptolemy.moml.MoMLSimpleApplication$UnloadThread.run(MoMLSimpleApplication.java:402)
Caused by: ptolemy.kernel.util.IllegalActionException: Found a zero delay loop containing .HierarchicalModel.A
  in .HierarchicalModel and .HierarchicalModel.A
	at ptolemy.actor.util.CausalityInterfaceForComposites._computeOutputPortDepth(CausalityInterfaceForComposites.java:759)
	at ptolemy.actor.util.CausalityInterfaceForComposites._computeInputDepth(CausalityInterfaceForComposites.java:696)
	at ptolemy.actor.util.CausalityInterfaceForComposites._computeOutputPortDepth(CausalityInterfaceForComposites.java:765)
	at ptolemy.actor.util.CausalityInterfaceForComposites._computeInputDepth(CausalityInterfaceForComposites.java:696)
	at ptolemy.actor.util.CausalityInterfaceForComposites._computeOutputPortDepth(CausalityInterfaceForComposites.java:765)
	at ptolemy.actor.util.CausalityInterfaceForComposites._computeInputDepth(CausalityInterfaceForComposites.java:696)
	at ptolemy.actor.util.CausalityInterfaceForComposites._computeActorDepth(CausalityInterfaceForComposites.java:532)
	at ptolemy.actor.util.CausalityInterfaceForComposites.checkForCycles(CausalityInterfaceForComposites.java:96)
	at ptolemy.domains.de.kernel.DEDirector.preinitialize(DEDirector.java:1338)
	at ptolemy.actor.CompositeActor.preinitialize(CompositeActor.java:1828)
	at ptolemy.actor.Manager.preinitializeAndResolveTypes(Manager.java:1040)
	at ptolemy.actor.Manager.initialize(Manager.java:710)
	at ptolemy.actor.Manager.execute(Manager.java:356)
	at ptolemy.actor.Manager.run(Manager.java:1263)
	at ptolemy.actor.Manager$PtolemyRunThread.run(Manager.java:1915)
java.lang.reflect.InvocationTargetException
	at sun.reflect.NativeConstructorAccessorImpl.newInstance0(Native Method)
	at sun.reflect.NativeConstructorAccessorImpl.newInstance(NativeConstructorAccessorImpl.java:62)
	at sun.reflect.DelegatingConstructorAccessorImpl.newInstance(DelegatingConstructorAccessorImpl.java:45)
	at java.lang.reflect.Constructor.newInstance(Constructor.java:423)
	at ptolemy.util.test.junit.AutoKnownFailedTests.RunModel(AutoKnownFailedTests.java:105)
	at sun.reflect.NativeMethodAccessorImpl.invoke0(Native Method)
	at sun.reflect.NativeMethodAccessorImpl.invoke(NativeMethodAccessorImpl.java:62)
	at sun.reflect.DelegatingMethodAccessorImpl.invoke(DelegatingMethodAccessorImpl.java:43)
	at java.lang.reflect.Method.invoke(Method.java:498)
	at org.junit.runners.model.FrameworkMethod$1.runReflectiveCall(FrameworkMethod.java:44)
	at org.junit.internal.runners.model.ReflectiveCallable.run(ReflectiveCallable.java:15)
	at org.junit.runners.model.FrameworkMethod.invokeExplosively(FrameworkMethod.java:41)
	at junitparams.internal.InvokeParameterisedMethod.evaluate(InvokeParameterisedMethod.java:102)
	at org.junit.internal.runners.statements.FailOnTimeout$1.run(FailOnTimeout.java:28)
Caused by: ptolemy.kernel.util.IllegalActionException: Found a zero delay loop containing .HierarchicalModel.A
  in .HierarchicalModel and .HierarchicalModel.A
	at ptolemy.actor.util.CausalityInterfaceForComposites._computeOutputPortDepth(CausalityInterfaceForComposites.java:759)
	at ptolemy.actor.util.CausalityInterfaceForComposites._computeInputDepth(CausalityInterfaceForComposites.java:696)
	at ptolemy.actor.util.CausalityInterfaceForComposites._computeOutputPortDepth(CausalityInterfaceForComposites.java:765)
	at ptolemy.actor.util.CausalityInterfaceForComposites._computeInputDepth(CausalityInterfaceForComposites.java:696)
	at ptolemy.actor.util.CausalityInterfaceForComposites._computeOutputPortDepth(CausalityInterfaceForComposites.java:765)
	at ptolemy.actor.util.CausalityInterfaceForComposites._computeInputDepth(CausalityInterfaceForComposites.java:696)
	at ptolemy.actor.util.CausalityInterfaceForComposites._computeActorDepth(CausalityInterfaceForComposites.java:532)
	at ptolemy.actor.util.CausalityInterfaceForComposites.checkForCycles(CausalityInterfaceForComposites.java:96)
	at ptolemy.domains.de.kernel.DEDirector.preinitialize(DEDirector.java:1338)
	at ptolemy.actor.CompositeActor.preinitialize(CompositeActor.java:1828)
	at ptolemy.actor.Manager.preinitializeAndResolveTypes(Manager.java:1040)
	at ptolemy.actor.Manager.initialize(Manager.java:710)
	at ptolemy.actor.Manager.execute(Manager.java:356)
	at ptolemy.actor.Manager.run(Manager.java:1263)
	at ptolemy.actor.Manager$PtolemyRunThread.run(Manager.java:1915)
java.lang.RuntimeException: Execution failed
	at ptolemy.moml.MoMLSimpleApplication$UnloadThread.run(MoMLSimpleApplication.java:402)
Caused by: ptolemy.kernel.util.IllegalActionException: Found a zero delay loop containing .dependencyLoop.original
  in .dependencyLoop and .dependencyLoop.original
	at ptolemy.actor.util.CausalityInterfaceForComposites._computeOutputPortDepth(CausalityInterfaceForComposites.java:759)
	at ptolemy.actor.util.CausalityInterfaceForComposites._computeInputDepth(CausalityInterfaceForComposites.java:696)
	at ptolemy.actor.util.CausalityInterfaceForComposites._computeOutputPortDepth(CausalityInterfaceForComposites.java:765)
	at ptolemy.actor.util.CausalityInterfaceForComposites._computeInputDepth(CausalityInterfaceForComposites.java:696)
	at ptolemy.actor.util.CausalityInterfaceForComposites._computeOutputPortDepth(CausalityInterfaceForComposites.java:765)
	at ptolemy.actor.util.CausalityInterfaceForComposites._computeInputDepth(CausalityInterfaceForComposites.java:696)
	at ptolemy.actor.util.CausalityInterfaceForComposites._computeActorDepth(CausalityInterfaceForComposites.java:532)
	at ptolemy.actor.util.CausalityInterfaceForComposites.checkForCycles(CausalityInterfaceForComposites.java:96)
	at ptolemy.domains.de.kernel.DEDirector.preinitialize(DEDirector.java:1338)
	at ptolemy.actor.CompositeActor.preinitialize(CompositeActor.java:1828)
	at ptolemy.actor.Manager.preinitializeAndResolveTypes(Manager.java:1040)
	at ptolemy.actor.Manager.initialize(Manager.java:710)
	at ptolemy.actor.Manager.execute(Manager.java:356)
	at ptolemy.actor.Manager.run(Manager.java:1263)
	at ptolemy.actor.Manager$PtolemyRunThread.run(Manager.java:1915)
java.lang.reflect.InvocationTargetException
	at sun.reflect.NativeConstructorAccessorImpl.newInstance0(Native Method)
	at sun.reflect.NativeConstructorAccessorImpl.newInstance(NativeConstructorAccessorImpl.java:62)
	at sun.reflect.DelegatingConstructorAccessorImpl.newInstance(DelegatingConstructorAccessorImpl.java:45)
	at java.lang.reflect.Constructor.newInstance(Constructor.java:423)
	at ptolemy.util.test.junit.AutoKnownFailedTests.RunModel(AutoKnownFailedTests.java:105)
	at sun.reflect.NativeMethodAccessorImpl.invoke0(Native Method)
	at sun.reflect.NativeMethodAccessorImpl.invoke(NativeMethodAccessorImpl.java:62)
	at sun.reflect.DelegatingMethodAccessorImpl.invoke(DelegatingMethodAccessorImpl.java:43)
	at java.lang.reflect.Method.invoke(Method.java:498)
	at org.junit.runners.model.FrameworkMethod$1.runReflectiveCall(FrameworkMethod.java:44)
	at org.junit.internal.runners.model.ReflectiveCallable.run(ReflectiveCallable.java:15)
	at org.junit.runners.model.FrameworkMethod.invokeExplosively(FrameworkMethod.java:41)
	at junitparams.internal.InvokeParameterisedMethod.evaluate(InvokeParameterisedMethod.java:102)
	at org.junit.internal.runners.statements.FailOnTimeout$1.run(FailOnTimeout.java:28)
Caused by: ptolemy.kernel.util.IllegalActionException: Found a zero delay loop containing .dependencyLoop.original
  in .dependencyLoop and .dependencyLoop.original
	at ptolemy.actor.util.CausalityInterfaceForComposites._computeOutputPortDepth(CausalityInterfaceForComposites.java:759)
	at ptolemy.actor.util.CausalityInterfaceForComposites._computeInputDepth(CausalityInterfaceForComposites.java:696)
	at ptolemy.actor.util.CausalityInterfaceForComposites._computeOutputPortDepth(CausalityInterfaceForComposites.java:765)
	at ptolemy.actor.util.CausalityInterfaceForComposites._computeInputDepth(CausalityInterfaceForComposites.java:696)
	at ptolemy.actor.util.CausalityInterfaceForComposites._computeOutputPortDepth(CausalityInterfaceForComposites.java:765)
	at ptolemy.actor.util.CausalityInterfaceForComposites._computeInputDepth(CausalityInterfaceForComposites.java:696)
	at ptolemy.actor.util.CausalityInterfaceForComposites._computeActorDepth(CausalityInterfaceForComposites.java:532)
	at ptolemy.actor.util.CausalityInterfaceForComposites.checkForCycles(CausalityInterfaceForComposites.java:96)
	at ptolemy.domains.de.kernel.DEDirector.preinitialize(DEDirector.java:1338)
	at ptolemy.actor.CompositeActor.preinitialize(CompositeActor.java:1828)
	at ptolemy.actor.Manager.preinitializeAndResolveTypes(Manager.java:1040)
	at ptolemy.actor.Manager.initialize(Manager.java:710)
	at ptolemy.actor.Manager.execute(Manager.java:356)
	at ptolemy.actor.Manager.run(Manager.java:1263)
	at ptolemy.actor.Manager$PtolemyRunThread.run(Manager.java:1915)
java.lang.RuntimeException: Execution failed
	at ptolemy.moml.MoMLSimpleApplication$UnloadThread.run(MoMLSimpleApplication.java:402)
Caused by: ptolemy.kernel.util.IllegalActionException: Found a zero delay loop containing .dependencyLoop2.original
  in .dependencyLoop2 and .dependencyLoop2.original
	at ptolemy.actor.util.CausalityInterfaceForComposites._computeOutputPortDepth(CausalityInterfaceForComposites.java:759)
	at ptolemy.actor.util.CausalityInterfaceForComposites._computeInputDepth(CausalityInterfaceForComposites.java:696)
	at ptolemy.actor.util.CausalityInterfaceForComposites._computeOutputPortDepth(CausalityInterfaceForComposites.java:765)
	at ptolemy.actor.util.CausalityInterfaceForComposites._computeInputDepth(CausalityInterfaceForComposites.java:696)
	at ptolemy.actor.util.CausalityInterfaceForComposites._computeOutputPortDepth(CausalityInterfaceForComposites.java:765)
	at ptolemy.actor.util.CausalityInterfaceForComposites._computeInputDepth(CausalityInterfaceForComposites.java:696)
	at ptolemy.actor.util.CausalityInterfaceForComposites._computeActorDepth(CausalityInterfaceForComposites.java:532)
	at ptolemy.actor.util.CausalityInterfaceForComposites.checkForCycles(CausalityInterfaceForComposites.java:96)
	at ptolemy.domains.de.kernel.DEDirector.preinitialize(DEDirector.java:1338)
	at ptolemy.actor.CompositeActor.preinitialize(CompositeActor.java:1828)
	at ptolemy.actor.Manager.preinitializeAndResolveTypes(Manager.java:1040)
	at ptolemy.actor.Manager.initialize(Manager.java:710)
	at ptolemy.actor.Manager.execute(Manager.java:356)
	at ptolemy.actor.Manager.run(Manager.java:1263)
	at ptolemy.actor.Manager$PtolemyRunThread.run(Manager.java:1915)
java.lang.reflect.InvocationTargetException
	at sun.reflect.NativeConstructorAccessorImpl.newInstance0(Native Method)
	at sun.reflect.NativeConstructorAccessorImpl.newInstance(NativeConstructorAccessorImpl.java:62)
	at sun.reflect.DelegatingConstructorAccessorImpl.newInstance(DelegatingConstructorAccessorImpl.java:45)
	at java.lang.reflect.Constructor.newInstance(Constructor.java:423)
	at ptolemy.util.test.junit.AutoKnownFailedTests.RunModel(AutoKnownFailedTests.java:105)
	at sun.reflect.NativeMethodAccessorImpl.invoke0(Native Method)
	at sun.reflect.NativeMethodAccessorImpl.invoke(NativeMethodAccessorImpl.java:62)
	at sun.reflect.DelegatingMethodAccessorImpl.invoke(DelegatingMethodAccessorImpl.java:43)
	at java.lang.reflect.Method.invoke(Method.java:498)
	at org.junit.runners.model.FrameworkMethod$1.runReflectiveCall(FrameworkMethod.java:44)
	at org.junit.internal.runners.model.ReflectiveCallable.run(ReflectiveCallable.java:15)
	at org.junit.runners.model.FrameworkMethod.invokeExplosively(FrameworkMethod.java:41)
	at junitparams.internal.InvokeParameterisedMethod.evaluate(InvokeParameterisedMethod.java:102)
	at org.junit.internal.runners.statements.FailOnTimeout$1.run(FailOnTimeout.java:28)
Caused by: ptolemy.kernel.util.IllegalActionException: Found a zero delay loop containing .dependencyLoop2.original
  in .dependencyLoop2 and .dependencyLoop2.original
	at ptolemy.actor.util.CausalityInterfaceForComposites._computeOutputPortDepth(CausalityInterfaceForComposites.java:759)
	at ptolemy.actor.util.CausalityInterfaceForComposites._computeInputDepth(CausalityInterfaceForComposites.java:696)
	at ptolemy.actor.util.CausalityInterfaceForComposites._computeOutputPortDepth(CausalityInterfaceForComposites.java:765)
	at ptolemy.actor.util.CausalityInterfaceForComposites._computeInputDepth(CausalityInterfaceForComposites.java:696)
	at ptolemy.actor.util.CausalityInterfaceForComposites._computeOutputPortDepth(CausalityInterfaceForComposites.java:765)
	at ptolemy.actor.util.CausalityInterfaceForComposites._computeInputDepth(CausalityInterfaceForComposites.java:696)
	at ptolemy.actor.util.CausalityInterfaceForComposites._computeActorDepth(CausalityInterfaceForComposites.java:532)
	at ptolemy.actor.util.CausalityInterfaceForComposites.checkForCycles(CausalityInterfaceForComposites.java:96)
	at ptolemy.domains.de.kernel.DEDirector.preinitialize(DEDirector.java:1338)
	at ptolemy.actor.CompositeActor.preinitialize(CompositeActor.java:1828)
	at ptolemy.actor.Manager.preinitializeAndResolveTypes(Manager.java:1040)
	at ptolemy.actor.Manager.initialize(Manager.java:710)
	at ptolemy.actor.Manager.execute(Manager.java:356)
	at ptolemy.actor.Manager.run(Manager.java:1263)
	at ptolemy.actor.Manager$PtolemyRunThread.run(Manager.java:1915)
]]></system-err>
</testsuite>
