<?xml version="1.0" encoding="UTF-8" ?>
<testsuite errors="0" failures="0" hostname="travis-job-ac7d72d6-66f1-47b8-b013-8b923e6b7109" name="ptolemy.domains.continuous.test.junit.JUnitTclTest" skipped="0" tests="156" time="71.25" timestamp="2020-05-19T14:20:35">
  <properties>
[...]
</properties>
  <testcase classname="ptolemy.util.test.junit.TclTests" name="[0] ThereAreNoTclTests (RunTclFile)" time="0.008" />
  <testcase classname="ptolemy.util.test.junit.AutoKnownFailedTests" name="[0] ThereAreNoKnowFailedTests (RunModel)" time="0.001" />
  <testcase classname="ptolemy.util.test.junit.AutoNameArchTests" name="[0] ThereAreNoAutoArchTests (RunModel)" time="0.017" />
  <testcase classname="ptolemy.util.test.junit.AutoTests" name="[0] /home/travis/build/icyphy/ptII/ptolemy/domains/continuous/test/auto/BouncingBall.xml (RunModel)" time="3.102" />
  <testcase classname="ptolemy.util.test.junit.AutoTests" name="[1] /home/travis/build/icyphy/ptII/ptolemy/domains/continuous/test/auto/BouncingBallWithoutGR.xml (RunModel)" time="0.97" />
  <testcase classname="ptolemy.util.test.junit.AutoTests" name="[2] /home/travis/build/icyphy/ptII/ptolemy/domains/continuous/test/auto/Brownian.xml (RunModel)" time="0.063" />
  <testcase classname="ptolemy.util.test.junit.AutoTests" name="[3] /home/travis/build/icyphy/ptII/ptolemy/domains/continuous/test/auto/CarTracking.xml (RunModel)" time="3.755" />
  <testcase classname="ptolemy.util.test.junit.AutoTests" name="[4] /home/travis/build/icyphy/ptII/ptolemy/domains/continuous/test/auto/CartPendulum.xml (RunModel)" time="0.525" />
  <testcase classname="ptolemy.util.test.junit.AutoTests" name="[5] /home/travis/build/icyphy/ptII/ptolemy/domains/continuous/test/auto/CausalityInterface10.xml (RunModel)" time="0.055" />
  <testcase classname="ptolemy.util.test.junit.AutoTests" name="[6] /home/travis/build/icyphy/ptII/ptolemy/domains/continuous/test/auto/CausalityInterface11.xml (RunModel)" time="0.07" />
  <testcase classname="ptolemy.util.test.junit.AutoTests" name="[7] /home/travis/build/icyphy/ptII/ptolemy/domains/continuous/test/auto/CausalityInterface12.xml (RunModel)" time="0.045" />
  <testcase classname="ptolemy.util.test.junit.AutoTests" name="[8] /home/travis/build/icyphy/ptII/ptolemy/domains/continuous/test/auto/CausalityInterface13.xml (RunModel)" time="0.032" />
  <testcase classname="ptolemy.util.test.junit.AutoTests" name="[9] /home/travis/build/icyphy/ptII/ptolemy/domains/continuous/test/auto/CausalityInterface14.xml (RunModel)" time="0.025" />
  <testcase classname="ptolemy.util.test.junit.AutoTests" name="[10] /home/travis/build/icyphy/ptII/ptolemy/domains/continuous/test/auto/CausalityInterface4.xml (RunModel)" time="0.031" />
  <testcase classname="ptolemy.util.test.junit.AutoTests" name="[11] /home/travis/build/icyphy/ptII/ptolemy/domains/continuous/test/auto/CausalityInterface5.xml (RunModel)" time="0.03" />
  <testcase classname="ptolemy.util.test.junit.AutoTests" name="[12] /home/travis/build/icyphy/ptII/ptolemy/domains/continuous/test/auto/CausalityInterface6.xml (RunModel)" time="0.023" />
  <testcase classname="ptolemy.util.test.junit.AutoTests" name="[13] /home/travis/build/icyphy/ptII/ptolemy/domains/continuous/test/auto/CausalityInterface7.xml (RunModel)" time="0.037" />
  <testcase classname="ptolemy.util.test.junit.AutoTests" name="[14] /home/travis/build/icyphy/ptII/ptolemy/domains/continuous/test/auto/CausalityInterface8.xml (RunModel)" time="0.029" />
  <testcase classname="ptolemy.util.test.junit.AutoTests" name="[15] /home/travis/build/icyphy/ptII/ptolemy/domains/continuous/test/auto/CausalityInterface9.xml (RunModel)" time="0.034" />
  <testcase classname="ptolemy.util.test.junit.AutoTests" name="[16] /home/travis/build/icyphy/ptII/ptolemy/domains/continuous/test/auto/CausalityInterfaceFeedback1.xml (RunModel)" time="0.029" />
  <testcase classname="ptolemy.util.test.junit.AutoTests" name="[17] /home/travis/build/icyphy/ptII/ptolemy/domains/continuous/test/auto/CausalityInterfaceFeedback2.xml (RunModel)" time="0.027" />
  <testcase classname="ptolemy.util.test.junit.AutoTests" name="[18] /home/travis/build/icyphy/ptII/ptolemy/domains/continuous/test/auto/CompareWithCurrentTime.xml (RunModel)" time="0.021" />
  <testcase classname="ptolemy.util.test.junit.AutoTests" name="[19] /home/travis/build/icyphy/ptII/ptolemy/domains/continuous/test/auto/ComparedClocks.xml (RunModel)" time="0.069" />
  <testcase classname="ptolemy.util.test.junit.AutoTests" name="[20] /home/travis/build/icyphy/ptII/ptolemy/domains/continuous/test/auto/ContinuousAOCClone.xml (RunModel)" time="2.346" />
  <testcase classname="ptolemy.util.test.junit.AutoTests" name="[21] /home/travis/build/icyphy/ptII/ptolemy/domains/continuous/test/auto/ContinuousClock.xml (RunModel)" time="0.101" />
  <testcase classname="ptolemy.util.test.junit.AutoTests" name="[22] /home/travis/build/icyphy/ptII/ptolemy/domains/continuous/test/auto/ContinuousInContinuous.xml (RunModel)" time="0.088" />
  <testcase classname="ptolemy.util.test.junit.AutoTests" name="[23] /home/travis/build/icyphy/ptII/ptolemy/domains/continuous/test/auto/ContinuousInContinuousInContinuous.xml (RunModel)" time="0.03" />
  <testcase classname="ptolemy.util.test.junit.AutoTests" name="[24] /home/travis/build/icyphy/ptII/ptolemy/domains/continuous/test/auto/ContinuousInDE.xml (RunModel)" time="0.109" />
  <testcase classname="ptolemy.util.test.junit.AutoTests" name="[25] /home/travis/build/icyphy/ptII/ptolemy/domains/continuous/test/auto/ContinuousInDE2.xml (RunModel)" time="0.049" />
  <testcase classname="ptolemy.util.test.junit.AutoTests" name="[26] /home/travis/build/icyphy/ptII/ptolemy/domains/continuous/test/auto/ContinuousInDE3.xml (RunModel)" time="0.049" />
  <testcase classname="ptolemy.util.test.junit.AutoTests" name="[27] /home/travis/build/icyphy/ptII/ptolemy/domains/continuous/test/auto/ContinuousInDE4.xml (RunModel)" time="0.035" />
  <testcase classname="ptolemy.util.test.junit.AutoTests" name="[28] /home/travis/build/icyphy/ptII/ptolemy/domains/continuous/test/auto/ContinuousInDEDifferentRefinements.xml (RunModel)" time="0.109" />
  <testcase classname="ptolemy.util.test.junit.AutoTests" name="[29] /home/travis/build/icyphy/ptII/ptolemy/domains/continuous/test/auto/ContinuousInDEDifferentRefinementsPreemptive.xml (RunModel)" time="0.088" />
  <testcase classname="ptolemy.util.test.junit.AutoTests" name="[30] /home/travis/build/icyphy/ptII/ptolemy/domains/continuous/test/auto/ContinuousInDEInContinuous2.xml (RunModel)" time="0.058" />
  <testcase classname="ptolemy.util.test.junit.AutoTests" name="[31] /home/travis/build/icyphy/ptII/ptolemy/domains/continuous/test/auto/ContinuousInDEInContinuous3.xml (RunModel)" time="0.057" />
  <testcase classname="ptolemy.util.test.junit.AutoTests" name="[32] /home/travis/build/icyphy/ptII/ptolemy/domains/continuous/test/auto/ContinuousInDEInput.xml (RunModel)" time="0.036" />
  <testcase classname="ptolemy.util.test.junit.AutoTests" name="[33] /home/travis/build/icyphy/ptII/ptolemy/domains/continuous/test/auto/ContinuousInDEInput2.xml (RunModel)" time="0.032" />
  <testcase classname="ptolemy.util.test.junit.AutoTests" name="[34] /home/travis/build/icyphy/ptII/ptolemy/domains/continuous/test/auto/ContinuousInDEInput3.xml (RunModel)" time="0.03" />
  <testcase classname="ptolemy.util.test.junit.AutoTests" name="[35] /home/travis/build/icyphy/ptII/ptolemy/domains/continuous/test/auto/ContinuousInDESharingRefinement.xml (RunModel)" time="0.191" />
  <testcase classname="ptolemy.util.test.junit.AutoTests" name="[36] /home/travis/build/icyphy/ptII/ptolemy/domains/continuous/test/auto/ContinuousInDEwithNoPorts.xml (RunModel)" time="0.017" />
  <testcase classname="ptolemy.util.test.junit.AutoTests" name="[37] /home/travis/build/icyphy/ptII/ptolemy/domains/continuous/test/auto/ContinuousInsideDE.xml (RunModel)" time="0.07" />
  <testcase classname="ptolemy.util.test.junit.AutoTests" name="[38] /home/travis/build/icyphy/ptII/ptolemy/domains/continuous/test/auto/ContinuousMerge1.xml (RunModel)" time="0.015" />
  <testcase classname="ptolemy.util.test.junit.AutoTests" name="[39] /home/travis/build/icyphy/ptII/ptolemy/domains/continuous/test/auto/ContinuousMerge2.xml (RunModel)" time="0.034" />
  <testcase classname="ptolemy.util.test.junit.AutoTests" name="[40] /home/travis/build/icyphy/ptII/ptolemy/domains/continuous/test/auto/ContinuousMerge3.xml (RunModel)" time="0.064" />
  <testcase classname="ptolemy.util.test.junit.AutoTests" name="[41] /home/travis/build/icyphy/ptII/ptolemy/domains/continuous/test/auto/ContinuousWithinContinuous.xml (RunModel)" time="0.045" />
  <testcase classname="ptolemy.util.test.junit.AutoTests" name="[42] /home/travis/build/icyphy/ptII/ptolemy/domains/continuous/test/auto/ContinuousWithinContinuous2.xml (RunModel)" time="0.081" />
  <testcase classname="ptolemy.util.test.junit.AutoTests" name="[43] /home/travis/build/icyphy/ptII/ptolemy/domains/continuous/test/auto/ContinuousWithinContinuous3.xml (RunModel)" time="0.031" />
  <testcase classname="ptolemy.util.test.junit.AutoTests" name="[44] /home/travis/build/icyphy/ptII/ptolemy/domains/continuous/test/auto/ContinuousWithinContinuous4.xml (RunModel)" time="0.079" />
  <testcase classname="ptolemy.util.test.junit.AutoTests" name="[45] /home/travis/build/icyphy/ptII/ptolemy/domains/continuous/test/auto/ContinuousWithinContinuous5.xml (RunModel)" time="0.03" />
  <testcase classname="ptolemy.util.test.junit.AutoTests" name="[46] /home/travis/build/icyphy/ptII/ptolemy/domains/continuous/test/auto/ContinuousWithinContinuous6.xml (RunModel)" time="0.035" />
  <testcase classname="ptolemy.util.test.junit.AutoTests" name="[47] /home/travis/build/icyphy/ptII/ptolemy/domains/continuous/test/auto/ContinuousWithinContinuous7.xml (RunModel)" time="0.069" />
  <testcase classname="ptolemy.util.test.junit.AutoTests" name="[48] /home/travis/build/icyphy/ptII/ptolemy/domains/continuous/test/auto/DCMotor.xml (RunModel)" time="14.262" />
  <testcase classname="ptolemy.util.test.junit.AutoTests" name="[49] /home/travis/build/icyphy/ptII/ptolemy/domains/continuous/test/auto/DEInContinuous.xml (RunModel)" time="0.046" />
  <testcase classname="ptolemy.util.test.junit.AutoTests" name="[50] /home/travis/build/icyphy/ptII/ptolemy/domains/continuous/test/auto/DEinContinuous2.xml (RunModel)" time="0.025" />
  <testcase classname="ptolemy.util.test.junit.AutoTests" name="[51] /home/travis/build/icyphy/ptII/ptolemy/domains/continuous/test/auto/Derivative.xml (RunModel)" time="0.197" />
  <testcase classname="ptolemy.util.test.junit.AutoTests" name="[52] /home/travis/build/icyphy/ptII/ptolemy/domains/continuous/test/auto/Derivative1.xml (RunModel)" time="0.052" />
  <testcase classname="ptolemy.util.test.junit.AutoTests" name="[53] /home/travis/build/icyphy/ptII/ptolemy/domains/continuous/test/auto/DiscreteClock.xml (RunModel)" time="0.022" />
  <testcase classname="ptolemy.util.test.junit.AutoTests" name="[54] /home/travis/build/icyphy/ptII/ptolemy/domains/continuous/test/auto/EfficiencyCurve.xml (RunModel)" time="0.084" />
  <testcase classname="ptolemy.util.test.junit.AutoTests" name="[55] /home/travis/build/icyphy/ptII/ptolemy/domains/continuous/test/auto/ExponentialResponse.xml (RunModel)" time="0.114" />
  <testcase classname="ptolemy.util.test.junit.AutoTests" name="[56] /home/travis/build/icyphy/ptII/ptolemy/domains/continuous/test/auto/ExponentialResponseRK45.xml (RunModel)" time="0.036" />
  <testcase classname="ptolemy.util.test.junit.AutoTests" name="[57] /home/travis/build/icyphy/ptII/ptolemy/domains/continuous/test/auto/Friction.xml (RunModel)" time="1.771" />
  <testcase classname="ptolemy.util.test.junit.AutoTests" name="[58] /home/travis/build/icyphy/ptII/ptolemy/domains/continuous/test/auto/FurutaPendulum.xml (RunModel)" time="3.161" />
  <testcase classname="ptolemy.util.test.junit.AutoTests" name="[59] /home/travis/build/icyphy/ptII/ptolemy/domains/continuous/test/auto/HierarchicalExecution.xml (RunModel)" time="1.818" />
  <testcase classname="ptolemy.util.test.junit.AutoTests" name="[60] /home/travis/build/icyphy/ptII/ptolemy/domains/continuous/test/auto/HybridPlant.xml (RunModel)" time="0.532" />
  <testcase classname="ptolemy.util.test.junit.AutoTests" name="[61] /home/travis/build/icyphy/ptII/ptolemy/domains/continuous/test/auto/Hysteresis.xml (RunModel)" time="0.188" />
  <testcase classname="ptolemy.util.test.junit.AutoTests" name="[62] /home/travis/build/icyphy/ptII/ptolemy/domains/continuous/test/auto/HysteresisWithRandomDelay.xml (RunModel)" time="0.214" />
  <testcase classname="ptolemy.util.test.junit.AutoTests" name="[63] /home/travis/build/icyphy/ptII/ptolemy/domains/continuous/test/auto/HysteresisWithRandomLosses.xml (RunModel)" time="2.397" />
  <testcase classname="ptolemy.util.test.junit.AutoTests" name="[64] /home/travis/build/icyphy/ptII/ptolemy/domains/continuous/test/auto/ImmediateTransitions.xml (RunModel)" time="0.029" />
  <testcase classname="ptolemy.util.test.junit.AutoTests" name="[65] /home/travis/build/icyphy/ptII/ptolemy/domains/continuous/test/auto/ImpulseFeedback.xml (RunModel)" time="0.02" />
  <testcase classname="ptolemy.util.test.junit.AutoTests" name="[66] /home/travis/build/icyphy/ptII/ptolemy/domains/continuous/test/auto/ImpulseFeedback2.xml (RunModel)" time="0.016" />
  <testcase classname="ptolemy.util.test.junit.AutoTests" name="[67] /home/travis/build/icyphy/ptII/ptolemy/domains/continuous/test/auto/IncreasingRatePoisson.xml (RunModel)" time="0.67" />
  <testcase classname="ptolemy.util.test.junit.AutoTests" name="[68] /home/travis/build/icyphy/ptII/ptolemy/domains/continuous/test/auto/InitialStateFeedback.xml (RunModel)" time="0.014" />
  <testcase classname="ptolemy.util.test.junit.AutoTests" name="[69] /home/travis/build/icyphy/ptII/ptolemy/domains/continuous/test/auto/Integration.xml (RunModel)" time="0.011" />
  <testcase classname="ptolemy.util.test.junit.AutoTests" name="[70] /home/travis/build/icyphy/ptII/ptolemy/domains/continuous/test/auto/Integration2.xml (RunModel)" time="0.082" />
  <testcase classname="ptolemy.util.test.junit.AutoTests" name="[71] /home/travis/build/icyphy/ptII/ptolemy/domains/continuous/test/auto/Integration3.xml (RunModel)" time="0.03" />
  <testcase classname="ptolemy.util.test.junit.AutoTests" name="[72] /home/travis/build/icyphy/ptII/ptolemy/domains/continuous/test/auto/Integration5.xml (RunModel)" time="0.009" />
  <testcase classname="ptolemy.util.test.junit.AutoTests" name="[73] /home/travis/build/icyphy/ptII/ptolemy/domains/continuous/test/auto/IntegratorImpulse.xml (RunModel)" time="0.008" />
  <testcase classname="ptolemy.util.test.junit.AutoTests" name="[74] /home/travis/build/icyphy/ptII/ptolemy/domains/continuous/test/auto/IntegratorImpulse2.xml (RunModel)" time="0.012" />
  <testcase classname="ptolemy.util.test.junit.AutoTests" name="[75] /home/travis/build/icyphy/ptII/ptolemy/domains/continuous/test/auto/LevelCrossing1.xml (RunModel)" time="0.011" />
  <testcase classname="ptolemy.util.test.junit.AutoTests" name="[76] /home/travis/build/icyphy/ptII/ptolemy/domains/continuous/test/auto/LevelCrossing2.xml (RunModel)" time="0.012" />
  <testcase classname="ptolemy.util.test.junit.AutoTests" name="[77] /home/travis/build/icyphy/ptII/ptolemy/domains/continuous/test/auto/LevelCrossing3.xml (RunModel)" time="0.014" />
  <testcase classname="ptolemy.util.test.junit.AutoTests" name="[78] /home/travis/build/icyphy/ptII/ptolemy/domains/continuous/test/auto/LevelCrossing4.xml (RunModel)" time="0.013" />
  <testcase classname="ptolemy.util.test.junit.AutoTests" name="[79] /home/travis/build/icyphy/ptII/ptolemy/domains/continuous/test/auto/LevelCrossing5.xml (RunModel)" time="0.013" />
  <testcase classname="ptolemy.util.test.junit.AutoTests" name="[80] /home/travis/build/icyphy/ptII/ptolemy/domains/continuous/test/auto/LevelCrossing6.xml (RunModel)" time="0.013" />
  <testcase classname="ptolemy.util.test.junit.AutoTests" name="[81] /home/travis/build/icyphy/ptII/ptolemy/domains/continuous/test/auto/LevelCrossingDetector.xml (RunModel)" time="0.035" />
  <testcase classname="ptolemy.util.test.junit.AutoTests" name="[82] /home/travis/build/icyphy/ptII/ptolemy/domains/continuous/test/auto/LevelCrossingDetectorDetectingDirections.xml (RunModel)" time="0.087" />
  <testcase classname="ptolemy.util.test.junit.AutoTests" name="[83] /home/travis/build/icyphy/ptII/ptolemy/domains/continuous/test/auto/LevelCrossingDetectorDetectsGlitches.xml (RunModel)" time="0.069" />
  <testcase classname="ptolemy.util.test.junit.AutoTests" name="[84] /home/travis/build/icyphy/ptII/ptolemy/domains/continuous/test/auto/LevelCrossingNoInitialOuput.xml (RunModel)" time="0.018" />
  <testcase classname="ptolemy.util.test.junit.AutoTests" name="[85] /home/travis/build/icyphy/ptII/ptolemy/domains/continuous/test/auto/LinearStateSpaceExample.xml (RunModel)" time="0.059" />
  <testcase classname="ptolemy.util.test.junit.AutoTests" name="[86] /home/travis/build/icyphy/ptII/ptolemy/domains/continuous/test/auto/Lorenz.xml (RunModel)" time="3.47" />
  <testcase classname="ptolemy.util.test.junit.AutoTests" name="[87] /home/travis/build/icyphy/ptII/ptolemy/domains/continuous/test/auto/LorenzDifferentialSystem.xml (RunModel)" time="0.988" />
  <testcase classname="ptolemy.util.test.junit.AutoTests" name="[88] /home/travis/build/icyphy/ptII/ptolemy/domains/continuous/test/auto/LorenzDifferentialSystemWithInput.xml (RunModel)" time="1.202" />
  <testcase classname="ptolemy.util.test.junit.AutoTests" name="[89] /home/travis/build/icyphy/ptII/ptolemy/domains/continuous/test/auto/LorenzDifferentialSystemWithTime.xml (RunModel)" time="0.651" />
  <testcase classname="ptolemy.util.test.junit.AutoTests" name="[90] /home/travis/build/icyphy/ptII/ptolemy/domains/continuous/test/auto/Microsteps.xml (RunModel)" time="0.028" />
  <testcase classname="ptolemy.util.test.junit.AutoTests" name="[91] /home/travis/build/icyphy/ptII/ptolemy/domains/continuous/test/auto/Modal1.xml (RunModel)" time="0.059" />
  <testcase classname="ptolemy.util.test.junit.AutoTests" name="[92] /home/travis/build/icyphy/ptII/ptolemy/domains/continuous/test/auto/Modal2.xml (RunModel)" time="0.049" />
  <testcase classname="ptolemy.util.test.junit.AutoTests" name="[93] /home/travis/build/icyphy/ptII/ptolemy/domains/continuous/test/auto/ModalTransitionGuardWithReset.xml (RunModel)" time="0.023" />
  <testcase classname="ptolemy.util.test.junit.AutoTests" name="[94] /home/travis/build/icyphy/ptII/ptolemy/domains/continuous/test/auto/ModalTransitionGuardWithResetUsingPreemptiveTransition.xml (RunModel)" time="0.028" />
  <testcase classname="ptolemy.util.test.junit.AutoTests" name="[95] /home/travis/build/icyphy/ptII/ptolemy/domains/continuous/test/auto/ModalTransitionGuardWithResetUsingPreemptiveTransition2.xml (RunModel)" time="0.032" />
  <testcase classname="ptolemy.util.test.junit.AutoTests" name="[96] /home/travis/build/icyphy/ptII/ptolemy/domains/continuous/test/auto/ModalTransitionGuardWithResetUsingPreemptiveTransition3.xml (RunModel)" time="0.028" />
  <testcase classname="ptolemy.util.test.junit.AutoTests" name="[97] /home/travis/build/icyphy/ptII/ptolemy/domains/continuous/test/auto/NewtonsCradle.xml (RunModel)" time="0.778" />
  <testcase classname="ptolemy.util.test.junit.AutoTests" name="[98] /home/travis/build/icyphy/ptII/ptolemy/domains/continuous/test/auto/NewtonsCradleAnimated.xml (RunModel)" time="1.139" />
  <testcase classname="ptolemy.util.test.junit.AutoTests" name="[99] /home/travis/build/icyphy/ptII/ptolemy/domains/continuous/test/auto/NewtonsCradleComplicated.xml (RunModel)" time="0.915" />
  <testcase classname="ptolemy.util.test.junit.AutoTests" name="[100] /home/travis/build/icyphy/ptII/ptolemy/domains/continuous/test/auto/NewtonsCradleNondeterministic.xml (RunModel)" time="0.72" />
  <testcase classname="ptolemy.util.test.junit.AutoTests" name="[101] /home/travis/build/icyphy/ptII/ptolemy/domains/continuous/test/auto/NewtonsCradlePerfectlyInelastic1.xml (RunModel)" time="1.186" />
  <testcase classname="ptolemy.util.test.junit.AutoTests" name="[102] /home/travis/build/icyphy/ptII/ptolemy/domains/continuous/test/auto/Noise.xml (RunModel)" time="0.195" />
  <testcase classname="ptolemy.util.test.junit.AutoTests" name="[103] /home/travis/build/icyphy/ptII/ptolemy/domains/continuous/test/auto/NoiseSpectrum.xml (RunModel)" time="0.69" />
  <testcase classname="ptolemy.util.test.junit.AutoTests" name="[104] /home/travis/build/icyphy/ptII/ptolemy/domains/continuous/test/auto/ParameterizedNewtonsCradleAnimated.xml (RunModel)" time="0.321" />
  <testcase classname="ptolemy.util.test.junit.AutoTests" name="[105] /home/travis/build/icyphy/ptII/ptolemy/domains/continuous/test/auto/ParameterizedNewtonsCradleAnimatedNondeterministic.xml (RunModel)" time="1.078" />
  <testcase classname="ptolemy.util.test.junit.AutoTests" name="[106] /home/travis/build/icyphy/ptII/ptolemy/domains/continuous/test/auto/Pendulum3D.xml (RunModel)" time="0.163" />
  <testcase classname="ptolemy.util.test.junit.AutoTests" name="[107] /home/travis/build/icyphy/ptII/ptolemy/domains/continuous/test/auto/PeriodicSampler.xml (RunModel)" time="0.012" />
  <testcase classname="ptolemy.util.test.junit.AutoTests" name="[108] /home/travis/build/icyphy/ptII/ptolemy/domains/continuous/test/auto/PeriodicSampler1.xml (RunModel)" time="0.045" />
  <testcase classname="ptolemy.util.test.junit.AutoTests" name="[109] /home/travis/build/icyphy/ptII/ptolemy/domains/continuous/test/auto/PeriodicSampler2.xml (RunModel)" time="0.089" />
  <testcase classname="ptolemy.util.test.junit.AutoTests" name="[110] /home/travis/build/icyphy/ptII/ptolemy/domains/continuous/test/auto/Poisson.xml (RunModel)" time="0.467" />
  <testcase classname="ptolemy.util.test.junit.AutoTests" name="[111] /home/travis/build/icyphy/ptII/ptolemy/domains/continuous/test/auto/PoissonClock.xml (RunModel)" time="0.019" />
  <testcase classname="ptolemy.util.test.junit.AutoTests" name="[112] /home/travis/build/icyphy/ptII/ptolemy/domains/continuous/test/auto/PoissonClock2.xml (RunModel)" time="0.013" />
  <testcase classname="ptolemy.util.test.junit.AutoTests" name="[113] /home/travis/build/icyphy/ptII/ptolemy/domains/continuous/test/auto/PortParameterHierarchy.xml (RunModel)" time="0.023" />
  <testcase classname="ptolemy.util.test.junit.AutoTests" name="[114] /home/travis/build/icyphy/ptII/ptolemy/domains/continuous/test/auto/RandomHybridPlant.xml (RunModel)" time="0.534" />
  <testcase classname="ptolemy.util.test.junit.AutoTests" name="[115] /home/travis/build/icyphy/ptII/ptolemy/domains/continuous/test/auto/ResetTransitionWithStartTime1.xml (RunModel)" time="0.028" />
  <testcase classname="ptolemy.util.test.junit.AutoTests" name="[116] /home/travis/build/icyphy/ptII/ptolemy/domains/continuous/test/auto/ResetTransitionWithStartTime2.xml (RunModel)" time="0.056" />
  <testcase classname="ptolemy.util.test.junit.AutoTests" name="[117] /home/travis/build/icyphy/ptII/ptolemy/domains/continuous/test/auto/ResetTransitionWithStartTime3.xml (RunModel)" time="0.031" />
  <testcase classname="ptolemy.util.test.junit.AutoTests" name="[118] /home/travis/build/icyphy/ptII/ptolemy/domains/continuous/test/auto/ResetTransitionWithStartTime4.xml (RunModel)" time="0.023" />
  <testcase classname="ptolemy.util.test.junit.AutoTests" name="[119] /home/travis/build/icyphy/ptII/ptolemy/domains/continuous/test/auto/ResetTransitionWithStartTime5.xml (RunModel)" time="0.031" />
  <testcase classname="ptolemy.util.test.junit.AutoTests" name="[120] /home/travis/build/icyphy/ptII/ptolemy/domains/continuous/test/auto/ResetTransitionWithStartTime6.xml (RunModel)" time="0.028" />
  <testcase classname="ptolemy.util.test.junit.AutoTests" name="[121] /home/travis/build/icyphy/ptII/ptolemy/domains/continuous/test/auto/SRinContinuous.xml (RunModel)" time="0.023" />
  <testcase classname="ptolemy.util.test.junit.AutoTests" name="[122] /home/travis/build/icyphy/ptII/ptolemy/domains/continuous/test/auto/SampledClocks.xml (RunModel)" time="0.033" />
  <testcase classname="ptolemy.util.test.junit.AutoTests" name="[123] /home/travis/build/icyphy/ptII/ptolemy/domains/continuous/test/auto/Satellite.xml (RunModel)" time="0.62" />
  <testcase classname="ptolemy.util.test.junit.AutoTests" name="[124] /home/travis/build/icyphy/ptII/ptolemy/domains/continuous/test/auto/SigmaDelta.xml (RunModel)" time="1.975" />
  <testcase classname="ptolemy.util.test.junit.AutoTests" name="[125] /home/travis/build/icyphy/ptII/ptolemy/domains/continuous/test/auto/SingleRefinement.xml (RunModel)" time="0.391" />
  <testcase classname="ptolemy.util.test.junit.AutoTests" name="[126] /home/travis/build/icyphy/ptII/ptolemy/domains/continuous/test/auto/SinuBouncingBall.xml (RunModel)" time="0.802" />
  <testcase classname="ptolemy.util.test.junit.AutoTests" name="[127] /home/travis/build/icyphy/ptII/ptolemy/domains/continuous/test/auto/Sinusoid.xml (RunModel)" time="0.01" />
  <testcase classname="ptolemy.util.test.junit.AutoTests" name="[128] /home/travis/build/icyphy/ptII/ptolemy/domains/continuous/test/auto/SinusoidInNoise.xml (RunModel)" time="0.796" />
  <testcase classname="ptolemy.util.test.junit.AutoTests" name="[129] /home/travis/build/icyphy/ptII/ptolemy/domains/continuous/test/auto/SinusoidRK45.xml (RunModel)" time="0.009" />
  <testcase classname="ptolemy.util.test.junit.AutoTests" name="[130] /home/travis/build/icyphy/ptII/ptolemy/domains/continuous/test/auto/SinusoidWithMultipleImpulses.xml (RunModel)" time="0.013" />
  <testcase classname="ptolemy.util.test.junit.AutoTests" name="[131] /home/travis/build/icyphy/ptII/ptolemy/domains/continuous/test/auto/SquareWave.xml (RunModel)" time="0.155" />
  <testcase classname="ptolemy.util.test.junit.AutoTests" name="[132] /home/travis/build/icyphy/ptII/ptolemy/domains/continuous/test/auto/Starmac.xml (RunModel)" time="3.333" />
  <testcase classname="ptolemy.util.test.junit.AutoTests" name="[133] /home/travis/build/icyphy/ptII/ptolemy/domains/continuous/test/auto/StaticUnits.xml (RunModel)" time="2.127" />
  <testcase classname="ptolemy.util.test.junit.AutoTests" name="[134] /home/travis/build/icyphy/ptII/ptolemy/domains/continuous/test/auto/StickyMasses.xml (RunModel)" time="0.206" />
  <testcase classname="ptolemy.util.test.junit.AutoTests" name="[135] /home/travis/build/icyphy/ptII/ptolemy/domains/continuous/test/auto/StopTime.xml (RunModel)" time="0.081" />
  <testcase classname="ptolemy.util.test.junit.AutoTests" name="[136] /home/travis/build/icyphy/ptII/ptolemy/domains/continuous/test/auto/StopTime2.xml (RunModel)" time="0.054" />
  <testcase classname="ptolemy.util.test.junit.AutoTests" name="[137] /home/travis/build/icyphy/ptII/ptolemy/domains/continuous/test/auto/Switch.xml (RunModel)" time="0.065" />
  <testcase classname="ptolemy.util.test.junit.AutoTests" name="[138] /home/travis/build/icyphy/ptII/ptolemy/domains/continuous/test/auto/Thermostat.xml (RunModel)" time="0.193" />
  <testcase classname="ptolemy.util.test.junit.AutoTests" name="[139] /home/travis/build/icyphy/ptII/ptolemy/domains/continuous/test/auto/TimeDelay.xml (RunModel)" time="0.014" />
  <testcase classname="ptolemy.util.test.junit.AutoTests" name="[140] /home/travis/build/icyphy/ptII/ptolemy/domains/continuous/test/auto/TimeDelay2.xml (RunModel)" time="0.026" />
  <testcase classname="ptolemy.util.test.junit.AutoTests" name="[141] /home/travis/build/icyphy/ptII/ptolemy/domains/continuous/test/auto/TimeDelay3.xml (RunModel)" time="0.02" />
  <testcase classname="ptolemy.util.test.junit.AutoTests" name="[142] /home/travis/build/icyphy/ptII/ptolemy/domains/continuous/test/auto/TransferAbsentToInside.xml (RunModel)" time="0.101" />
  <testcase classname="ptolemy.util.test.junit.AutoTests" name="[143] /home/travis/build/icyphy/ptII/ptolemy/domains/continuous/test/auto/Transmission.xml (RunModel)" time="0.75" />
  <testcase classname="ptolemy.util.test.junit.AutoTests" name="[144] /home/travis/build/icyphy/ptII/ptolemy/domains/continuous/test/auto/TriggeredContinuousClock.xml (RunModel)" time="0.061" />
  <testcase classname="ptolemy.util.test.junit.AutoTests" name="[145] /home/travis/build/icyphy/ptII/ptolemy/domains/continuous/test/auto/TwoMachineInfiniteBusControl.xml (RunModel)" time="2.631" />
  <testcase classname="ptolemy.util.test.junit.AutoTests" name="[146] /home/travis/build/icyphy/ptII/ptolemy/domains/continuous/test/auto/V2V.xml (RunModel)" time="0.748" />
  <testcase classname="ptolemy.util.test.junit.AutoTests" name="[147] /home/travis/build/icyphy/ptII/ptolemy/domains/continuous/test/auto/hierarchicalModalModel.xml (RunModel)" time="0.034" />
  <testcase classname="ptolemy.util.test.junit.AutoTests" name="[148] /home/travis/build/icyphy/ptII/ptolemy/domains/continuous/test/auto/hierarchicalModalModel1.xml (RunModel)" time="0.036" />
  <testcase classname="ptolemy.util.test.junit.AutoTests" name="[149] /home/travis/build/icyphy/ptII/ptolemy/domains/continuous/test/auto/hierarchicalModalModel2.xml (RunModel)" time="0.025" />
  <testcase classname="ptolemy.util.test.junit.AutoTests" name="[150] /home/travis/build/icyphy/ptII/ptolemy/domains/continuous/test/auto/hierarchicalModalModel3.xml (RunModel)" time="0.023" />
  <testcase classname="ptolemy.util.test.junit.AutoTests" name="[151] /home/travis/build/icyphy/ptII/ptolemy/domains/continuous/test/auto/hierarchicalModalModel4.xml (RunModel)" time="0.025" />
  <testcase classname="ptolemy.util.test.junit.AutoTests" name="[152] /home/travis/build/icyphy/ptII/ptolemy/domains/continuous/test/auto/junk.xml (RunModel)" time="0.15" />
  <system-out><![CDATA[No tcl tests in /home/travis/build/icyphy/ptII/ptolemy/domains/continuous/test
No auto/knownFailedTests/*.xml tests in /home/travis/build/icyphy/ptII/ptolemy/domains/continuous/test
No auto/linux-amd64/*.xml tests in /home/travis/build/icyphy/ptII/ptolemy/domains/continuous/test
AutoTests.java: About to close Vertx.
AutoTests.java: Vertx closed.

===========================================================================================
----------------- testing Tue May 19 14:20:36 UTC 2020 /home/travis/build/icyphy/ptII/ptolemy/domains/continuous/test/auto/BouncingBall.xml
----------------- Instantiating /home/travis/build/icyphy/ptII/ptolemy/domains/continuous/test/auto/BouncingBall.xml
2485 ms. Memory: 159744K Free: 84964K (53%)
----------------- Invoking toplevel() on ptolemy.moml.MoMLSimpleApplication@def6e1a
----------------- Done invoking toplevel() on ptolemy.moml.MoMLSimpleApplication@def6e1a
reloadAllAccessors: .BouncingBall

===========================================================================================
----------------- testing Tue May 19 14:20:39 UTC 2020 /home/travis/build/icyphy/ptII/ptolemy/domains/continuous/test/auto/BouncingBallWithoutGR.xml
----------------- Instantiating /home/travis/build/icyphy/ptII/ptolemy/domains/continuous/test/auto/BouncingBallWithoutGR.xml
825 ms. Memory: 159744K Free: 90323K (57%)
----------------- Invoking toplevel() on ptolemy.moml.MoMLSimpleApplication@301cd6d5
----------------- Done invoking toplevel() on ptolemy.moml.MoMLSimpleApplication@301cd6d5
reloadAllAccessors: .BouncingBallWithoutGR

===========================================================================================
----------------- testing Tue May 19 14:20:40 UTC 2020 /home/travis/build/icyphy/ptII/ptolemy/domains/continuous/test/auto/Brownian.xml
----------------- Instantiating /home/travis/build/icyphy/ptII/ptolemy/domains/continuous/test/auto/Brownian.xml
21 ms. Memory: 159744K Free: 81107K (51%)
----------------- Invoking toplevel() on ptolemy.moml.MoMLSimpleApplication@2bcf683f
----------------- Done invoking toplevel() on ptolemy.moml.MoMLSimpleApplication@2bcf683f
reloadAllAccessors: .Brownian

===========================================================================================
----------------- testing Tue May 19 14:20:40 UTC 2020 /home/travis/build/icyphy/ptII/ptolemy/domains/continuous/test/auto/CarTracking.xml
----------------- Instantiating /home/travis/build/icyphy/ptII/ptolemy/domains/continuous/test/auto/CarTracking.xml
3358 ms. Memory: 231424K Free: 99054K (43%)
----------------- Invoking toplevel() on ptolemy.moml.MoMLSimpleApplication@66d8072d
----------------- Done invoking toplevel() on ptolemy.moml.MoMLSimpleApplication@66d8072d
reloadAllAccessors: .CarTracking

===========================================================================================
----------------- testing Tue May 19 14:20:44 UTC 2020 /home/travis/build/icyphy/ptII/ptolemy/domains/continuous/test/auto/CartPendulum.xml
----------------- Instantiating /home/travis/build/icyphy/ptII/ptolemy/domains/continuous/test/auto/CartPendulum.xml
373 ms. Memory: 231424K Free: 139487K (60%)
----------------- Invoking toplevel() on ptolemy.moml.MoMLSimpleApplication@1779c925
----------------- Done invoking toplevel() on ptolemy.moml.MoMLSimpleApplication@1779c925
reloadAllAccessors: .CartPendulum

===========================================================================================
----------------- testing Tue May 19 14:20:44 UTC 2020 /home/travis/build/icyphy/ptII/ptolemy/domains/continuous/test/auto/CausalityInterface10.xml
----------------- Instantiating /home/travis/build/icyphy/ptII/ptolemy/domains/continuous/test/auto/CausalityInterface10.xml
13 ms. Memory: 231424K Free: 129247K (56%)
----------------- Invoking toplevel() on ptolemy.moml.MoMLSimpleApplication@1f2f6b3b
----------------- Done invoking toplevel() on ptolemy.moml.MoMLSimpleApplication@1f2f6b3b
reloadAllAccessors: .CausalityInterface10

===========================================================================================
----------------- testing Tue May 19 14:20:44 UTC 2020 /home/travis/build/icyphy/ptII/ptolemy/domains/continuous/test/auto/CausalityInterface11.xml
----------------- Instantiating /home/travis/build/icyphy/ptII/ptolemy/domains/continuous/test/auto/CausalityInterface11.xml
4 ms. Memory: 231424K Free: 123103K (53%)
----------------- Invoking toplevel() on ptolemy.moml.MoMLSimpleApplication@2d18de16
----------------- Done invoking toplevel() on ptolemy.moml.MoMLSimpleApplication@2d18de16
reloadAllAccessors: .CausalityInterface11

===========================================================================================
----------------- testing Tue May 19 14:20:44 UTC 2020 /home/travis/build/icyphy/ptII/ptolemy/domains/continuous/test/auto/CausalityInterface12.xml
----------------- Instantiating /home/travis/build/icyphy/ptII/ptolemy/domains/continuous/test/auto/CausalityInterface12.xml
9 ms. Memory: 231424K Free: 116959K (51%)
----------------- Invoking toplevel() on ptolemy.moml.MoMLSimpleApplication@1a4a24c5
----------------- Done invoking toplevel() on ptolemy.moml.MoMLSimpleApplication@1a4a24c5
reloadAllAccessors: .CausalityInterface12

===========================================================================================
----------------- testing Tue May 19 14:20:44 UTC 2020 /home/travis/build/icyphy/ptII/ptolemy/domains/continuous/test/auto/CausalityInterface13.xml
----------------- Instantiating /home/travis/build/icyphy/ptII/ptolemy/domains/continuous/test/auto/CausalityInterface13.xml
7 ms. Memory: 231424K Free: 110815K (48%)
----------------- Invoking toplevel() on ptolemy.moml.MoMLSimpleApplication@77b78468
----------------- Done invoking toplevel() on ptolemy.moml.MoMLSimpleApplication@77b78468
reloadAllAccessors: .CausalityInterface13

===========================================================================================
----------------- testing Tue May 19 14:20:44 UTC 2020 /home/travis/build/icyphy/ptII/ptolemy/domains/continuous/test/auto/CausalityInterface14.xml
----------------- Instantiating /home/travis/build/icyphy/ptII/ptolemy/domains/continuous/test/auto/CausalityInterface14.xml
7 ms. Memory: 231424K Free: 105167K (45%)
----------------- Invoking toplevel() on ptolemy.moml.MoMLSimpleApplication@7a7fa3d9
----------------- Done invoking toplevel() on ptolemy.moml.MoMLSimpleApplication@7a7fa3d9
reloadAllAccessors: .CausalityInterface14

===========================================================================================
----------------- testing Tue May 19 14:20:44 UTC 2020 /home/travis/build/icyphy/ptII/ptolemy/domains/continuous/test/auto/CausalityInterface4.xml
----------------- Instantiating /home/travis/build/icyphy/ptII/ptolemy/domains/continuous/test/auto/CausalityInterface4.xml
6 ms. Memory: 231424K Free: 98527K (43%)
----------------- Invoking toplevel() on ptolemy.moml.MoMLSimpleApplication@a8e35a7
----------------- Done invoking toplevel() on ptolemy.moml.MoMLSimpleApplication@a8e35a7
reloadAllAccessors: .CausalityInterface4

===========================================================================================
----------------- testing Tue May 19 14:20:44 UTC 2020 /home/travis/build/icyphy/ptII/ptolemy/domains/continuous/test/auto/CausalityInterface5.xml
----------------- Instantiating /home/travis/build/icyphy/ptII/ptolemy/domains/continuous/test/auto/CausalityInterface5.xml
4 ms. Memory: 231424K Free: 90335K (39%)
----------------- Invoking toplevel() on ptolemy.moml.MoMLSimpleApplication@5b944788
----------------- Done invoking toplevel() on ptolemy.moml.MoMLSimpleApplication@5b944788
reloadAllAccessors: .CausalityInterface5

===========================================================================================
----------------- testing Tue May 19 14:20:45 UTC 2020 /home/travis/build/icyphy/ptII/ptolemy/domains/continuous/test/auto/CausalityInterface6.xml
----------------- Instantiating /home/travis/build/icyphy/ptII/ptolemy/domains/continuous/test/auto/CausalityInterface6.xml
5 ms. Memory: 231424K Free: 85215K (37%)
----------------- Invoking toplevel() on ptolemy.moml.MoMLSimpleApplication@71e2ade
----------------- Done invoking toplevel() on ptolemy.moml.MoMLSimpleApplication@71e2ade
reloadAllAccessors: .CausalityInterface6

===========================================================================================
----------------- testing Tue May 19 14:20:45 UTC 2020 /home/travis/build/icyphy/ptII/ptolemy/domains/continuous/test/auto/CausalityInterface7.xml
----------------- Instantiating /home/travis/build/icyphy/ptII/ptolemy/domains/continuous/test/auto/CausalityInterface7.xml
10 ms. Memory: 231424K Free: 213251K (92%)
----------------- Invoking toplevel() on ptolemy.moml.MoMLSimpleApplication@a0ed38
----------------- Done invoking toplevel() on ptolemy.moml.MoMLSimpleApplication@a0ed38
reloadAllAccessors: .CausalityInterface7

===========================================================================================
----------------- testing Tue May 19 14:20:45 UTC 2020 /home/travis/build/icyphy/ptII/ptolemy/domains/continuous/test/auto/CausalityInterface8.xml
----------------- Instantiating /home/travis/build/icyphy/ptII/ptolemy/domains/continuous/test/auto/CausalityInterface8.xml
5 ms. Memory: 231424K Free: 204549K (88%)
----------------- Invoking toplevel() on ptolemy.moml.MoMLSimpleApplication@593a361f
----------------- Done invoking toplevel() on ptolemy.moml.MoMLSimpleApplication@593a361f
reloadAllAccessors: .CausalityInterface8

===========================================================================================
----------------- testing Tue May 19 14:20:45 UTC 2020 /home/travis/build/icyphy/ptII/ptolemy/domains/continuous/test/auto/CausalityInterface9.xml
----------------- Instantiating /home/travis/build/icyphy/ptII/ptolemy/domains/continuous/test/auto/CausalityInterface9.xml
5 ms. Memory: 231424K Free: 193795K (84%)
----------------- Invoking toplevel() on ptolemy.moml.MoMLSimpleApplication@77201570
----------------- Done invoking toplevel() on ptolemy.moml.MoMLSimpleApplication@77201570
reloadAllAccessors: .CausalityInterface9

===========================================================================================
----------------- testing Tue May 19 14:20:45 UTC 2020 /home/travis/build/icyphy/ptII/ptolemy/domains/continuous/test/auto/CausalityInterfaceFeedback1.xml
----------------- Instantiating /home/travis/build/icyphy/ptII/ptolemy/domains/continuous/test/auto/CausalityInterfaceFeedback1.xml
9 ms. Memory: 231424K Free: 187141K (81%)
----------------- Invoking toplevel() on ptolemy.moml.MoMLSimpleApplication@67c038fc
----------------- Done invoking toplevel() on ptolemy.moml.MoMLSimpleApplication@67c038fc
reloadAllAccessors: .CausalityInterfaceFeedback1

===========================================================================================
----------------- testing Tue May 19 14:20:45 UTC 2020 /home/travis/build/icyphy/ptII/ptolemy/domains/continuous/test/auto/CausalityInterfaceFeedback2.xml
----------------- Instantiating /home/travis/build/icyphy/ptII/ptolemy/domains/continuous/test/auto/CausalityInterfaceFeedback2.xml
5 ms. Memory: 231424K Free: 180469K (78%)
----------------- Invoking toplevel() on ptolemy.moml.MoMLSimpleApplication@276e16e6
----------------- Done invoking toplevel() on ptolemy.moml.MoMLSimpleApplication@276e16e6
reloadAllAccessors: .CausalityInterfaceFeedback2

===========================================================================================
----------------- testing Tue May 19 14:20:45 UTC 2020 /home/travis/build/icyphy/ptII/ptolemy/domains/continuous/test/auto/CompareWithCurrentTime.xml
----------------- Instantiating /home/travis/build/icyphy/ptII/ptolemy/domains/continuous/test/auto/CompareWithCurrentTime.xml
4 ms. Memory: 231424K Free: 176387K (76%)
----------------- Invoking toplevel() on ptolemy.moml.MoMLSimpleApplication@123cc7ba
----------------- Done invoking toplevel() on ptolemy.moml.MoMLSimpleApplication@123cc7ba
reloadAllAccessors: .CompareWithCurrentTime

===========================================================================================
----------------- testing Tue May 19 14:20:45 UTC 2020 /home/travis/build/icyphy/ptII/ptolemy/domains/continuous/test/auto/ComparedClocks.xml
----------------- Instantiating /home/travis/build/icyphy/ptII/ptolemy/domains/continuous/test/auto/ComparedClocks.xml
7 ms. Memory: 231424K Free: 161013K (70%)
----------------- Invoking toplevel() on ptolemy.moml.MoMLSimpleApplication@3eb2ec67
----------------- Done invoking toplevel() on ptolemy.moml.MoMLSimpleApplication@3eb2ec67
reloadAllAccessors: .ComparedClocks

===========================================================================================
----------------- testing Tue May 19 14:20:45 UTC 2020 /home/travis/build/icyphy/ptII/ptolemy/domains/continuous/test/auto/ContinuousAOCClone.xml
----------------- Instantiating /home/travis/build/icyphy/ptII/ptolemy/domains/continuous/test/auto/ContinuousAOCClone.xml
2141 ms. Memory: 278528K Free: 112516K (40%)
----------------- Invoking toplevel() on ptolemy.moml.MoMLSimpleApplication@46026180
----------------- Done invoking toplevel() on ptolemy.moml.MoMLSimpleApplication@46026180
reloadAllAccessors: .ContinuousAOCClone

===========================================================================================
----------------- testing Tue May 19 14:20:48 UTC 2020 /home/travis/build/icyphy/ptII/ptolemy/domains/continuous/test/auto/ContinuousClock.xml
----------------- Instantiating /home/travis/build/icyphy/ptII/ptolemy/domains/continuous/test/auto/ContinuousClock.xml
40 ms. Memory: 278528K Free: 256020K (92%)
----------------- Invoking toplevel() on ptolemy.moml.MoMLSimpleApplication@28651060
----------------- Done invoking toplevel() on ptolemy.moml.MoMLSimpleApplication@28651060
reloadAllAccessors: .ContinuousClock

===========================================================================================
----------------- testing Tue May 19 14:20:48 UTC 2020 /home/travis/build/icyphy/ptII/ptolemy/domains/continuous/test/auto/ContinuousInContinuous.xml
----------------- Instantiating /home/travis/build/icyphy/ptII/ptolemy/domains/continuous/test/auto/ContinuousInContinuous.xml
44 ms. Memory: 278528K Free: 232312K (83%)
----------------- Invoking toplevel() on ptolemy.moml.MoMLSimpleApplication@39e93fbb
----------------- Done invoking toplevel() on ptolemy.moml.MoMLSimpleApplication@39e93fbb
reloadAllAccessors: .ContinuousInContinuous

===========================================================================================
----------------- testing Tue May 19 14:20:48 UTC 2020 /home/travis/build/icyphy/ptII/ptolemy/domains/continuous/test/auto/ContinuousInContinuousInContinuous.xml
----------------- Instantiating /home/travis/build/icyphy/ptII/ptolemy/domains/continuous/test/auto/ContinuousInContinuousInContinuous.xml
10 ms. Memory: 278528K Free: 224627K (81%)
----------------- Invoking toplevel() on ptolemy.moml.MoMLSimpleApplication@4d054d89
----------------- Done invoking toplevel() on ptolemy.moml.MoMLSimpleApplication@4d054d89
reloadAllAccessors: .ContinuousInContinuousInContinuous

===========================================================================================
----------------- testing Tue May 19 14:20:48 UTC 2020 /home/travis/build/icyphy/ptII/ptolemy/domains/continuous/test/auto/ContinuousInDE.xml
----------------- Instantiating /home/travis/build/icyphy/ptII/ptolemy/domains/continuous/test/auto/ContinuousInDE.xml
86 ms. Memory: 278528K Free: 213880K (77%)
----------------- Invoking toplevel() on ptolemy.moml.MoMLSimpleApplication@5443f614
----------------- Done invoking toplevel() on ptolemy.moml.MoMLSimpleApplication@5443f614
reloadAllAccessors: .ContinuousInDE

===========================================================================================
----------------- testing Tue May 19 14:20:48 UTC 2020 /home/travis/build/icyphy/ptII/ptolemy/domains/continuous/test/auto/ContinuousInDE2.xml
----------------- Instantiating /home/travis/build/icyphy/ptII/ptolemy/domains/continuous/test/auto/ContinuousInDE2.xml
33 ms. Memory: 278528K Free: 204664K (73%)
----------------- Invoking toplevel() on ptolemy.moml.MoMLSimpleApplication@13fcd217
----------------- Done invoking toplevel() on ptolemy.moml.MoMLSimpleApplication@13fcd217
reloadAllAccessors: .ContinuousInDE2

===========================================================================================
----------------- testing Tue May 19 14:20:48 UTC 2020 /home/travis/build/icyphy/ptII/ptolemy/domains/continuous/test/auto/ContinuousInDE3.xml
----------------- Instantiating /home/travis/build/icyphy/ptII/ptolemy/domains/continuous/test/auto/ContinuousInDE3.xml
28 ms. Memory: 278528K Free: 194934K (70%)
----------------- Invoking toplevel() on ptolemy.moml.MoMLSimpleApplication@59d90ee4
----------------- Done invoking toplevel() on ptolemy.moml.MoMLSimpleApplication@59d90ee4
reloadAllAccessors: .ContinuousInDE3

===========================================================================================
----------------- testing Tue May 19 14:20:48 UTC 2020 /home/travis/build/icyphy/ptII/ptolemy/domains/continuous/test/auto/ContinuousInDE4.xml
----------------- Instantiating /home/travis/build/icyphy/ptII/ptolemy/domains/continuous/test/auto/ContinuousInDE4.xml
13 ms. Memory: 278528K Free: 188790K (68%)
----------------- Invoking toplevel() on ptolemy.moml.MoMLSimpleApplication@54ae3802
----------------- Done invoking toplevel() on ptolemy.moml.MoMLSimpleApplication@54ae3802
reloadAllAccessors: .ContinuousInDE4

===========================================================================================
----------------- testing Tue May 19 14:20:48 UTC 2020 /home/travis/build/icyphy/ptII/ptolemy/domains/continuous/test/auto/ContinuousInDEDifferentRefinements.xml
----------------- Instantiating /home/travis/build/icyphy/ptII/ptolemy/domains/continuous/test/auto/ContinuousInDEDifferentRefinements.xml
55 ms. Memory: 278528K Free: 157560K (57%)
----------------- Invoking toplevel() on ptolemy.moml.MoMLSimpleApplication@7d8b5cd5
----------------- Done invoking toplevel() on ptolemy.moml.MoMLSimpleApplication@7d8b5cd5
reloadAllAccessors: .ContinuousInDEDifferentRefinements

===========================================================================================
----------------- testing Tue May 19 14:20:48 UTC 2020 /home/travis/build/icyphy/ptII/ptolemy/domains/continuous/test/auto/ContinuousInDEDifferentRefinementsPreemptive.xml
----------------- Instantiating /home/travis/build/icyphy/ptII/ptolemy/domains/continuous/test/auto/ContinuousInDEDifferentRefinementsPreemptive.xml
46 ms. Memory: 278528K Free: 126840K (46%)
----------------- Invoking toplevel() on ptolemy.moml.MoMLSimpleApplication@44fee3d9
----------------- Done invoking toplevel() on ptolemy.moml.MoMLSimpleApplication@44fee3d9
reloadAllAccessors: .ContinuousInDEDifferentRefinementsPreemptive

===========================================================================================
----------------- testing Tue May 19 14:20:48 UTC 2020 /home/travis/build/icyphy/ptII/ptolemy/domains/continuous/test/auto/ContinuousInDEInContinuous2.xml
----------------- Instantiating /home/travis/build/icyphy/ptII/ptolemy/domains/continuous/test/auto/ContinuousInDEInContinuous2.xml
36 ms. Memory: 278528K Free: 115576K (41%)
----------------- Invoking toplevel() on ptolemy.moml.MoMLSimpleApplication@4b9f9de4
----------------- Done invoking toplevel() on ptolemy.moml.MoMLSimpleApplication@4b9f9de4
reloadAllAccessors: .ContinuousInDEInContinuous2

===========================================================================================
----------------- testing Tue May 19 14:20:48 UTC 2020 /home/travis/build/icyphy/ptII/ptolemy/domains/continuous/test/auto/ContinuousInDEInContinuous3.xml
----------------- Instantiating /home/travis/build/icyphy/ptII/ptolemy/domains/continuous/test/auto/ContinuousInDEInContinuous3.xml
35 ms. Memory: 278528K Free: 103798K (37%)
----------------- Invoking toplevel() on ptolemy.moml.MoMLSimpleApplication@7c05811a
----------------- Done invoking toplevel() on ptolemy.moml.MoMLSimpleApplication@7c05811a
reloadAllAccessors: .ContinuousInDEInContinuous3

===========================================================================================
----------------- testing Tue May 19 14:20:48 UTC 2020 /home/travis/build/icyphy/ptII/ptolemy/domains/continuous/test/auto/ContinuousInDEInput.xml
----------------- Instantiating /home/travis/build/icyphy/ptII/ptolemy/domains/continuous/test/auto/ContinuousInDEInput.xml
20 ms. Memory: 278528K Free: 262088K (94%)
----------------- Invoking toplevel() on ptolemy.moml.MoMLSimpleApplication@59627e14
----------------- Done invoking toplevel() on ptolemy.moml.MoMLSimpleApplication@59627e14
reloadAllAccessors: .ContinuousInDEInput

===========================================================================================
----------------- testing Tue May 19 14:20:48 UTC 2020 /home/travis/build/icyphy/ptII/ptolemy/domains/continuous/test/auto/ContinuousInDEInput2.xml
----------------- Instantiating /home/travis/build/icyphy/ptII/ptolemy/domains/continuous/test/auto/ContinuousInDEInput2.xml
13 ms. Memory: 278528K Free: 254423K (91%)
----------------- Invoking toplevel() on ptolemy.moml.MoMLSimpleApplication@6209b2e2
----------------- Done invoking toplevel() on ptolemy.moml.MoMLSimpleApplication@6209b2e2
reloadAllAccessors: .ContinuousInDEInput2

===========================================================================================
----------------- testing Tue May 19 14:20:49 UTC 2020 /home/travis/build/icyphy/ptII/ptolemy/domains/continuous/test/auto/ContinuousInDEInput3.xml
----------------- Instantiating /home/travis/build/icyphy/ptII/ptolemy/domains/continuous/test/auto/ContinuousInDEInput3.xml
14 ms. Memory: 278528K Free: 247255K (89%)
----------------- Invoking toplevel() on ptolemy.moml.MoMLSimpleApplication@686aaf57
----------------- Done invoking toplevel() on ptolemy.moml.MoMLSimpleApplication@686aaf57
reloadAllAccessors: .ContinuousInDEInput3

===========================================================================================
----------------- testing Tue May 19 14:20:49 UTC 2020 /home/travis/build/icyphy/ptII/ptolemy/domains/continuous/test/auto/ContinuousInDESharingRefinement.xml
----------------- Instantiating /home/travis/build/icyphy/ptII/ptolemy/domains/continuous/test/auto/ContinuousInDESharingRefinement.xml
164 ms. Memory: 278528K Free: 153047K (55%)
----------------- Invoking toplevel() on ptolemy.moml.MoMLSimpleApplication@42a647bf
----------------- Done invoking toplevel() on ptolemy.moml.MoMLSimpleApplication@42a647bf
reloadAllAccessors: .ContinuousInDESharingRefinement

===========================================================================================
----------------- testing Tue May 19 14:20:49 UTC 2020 /home/travis/build/icyphy/ptII/ptolemy/domains/continuous/test/auto/ContinuousInDEwithNoPorts.xml
----------------- Instantiating /home/travis/build/icyphy/ptII/ptolemy/domains/continuous/test/auto/ContinuousInDEwithNoPorts.xml
6 ms. Memory: 278528K Free: 148951K (53%)
----------------- Invoking toplevel() on ptolemy.moml.MoMLSimpleApplication@35d6bf0d
----------------- Done invoking toplevel() on ptolemy.moml.MoMLSimpleApplication@35d6bf0d
reloadAllAccessors: .ContinuousInDEwithNoPorts

===========================================================================================
----------------- testing Tue May 19 14:20:49 UTC 2020 /home/travis/build/icyphy/ptII/ptolemy/domains/continuous/test/auto/ContinuousInsideDE.xml
----------------- Instantiating /home/travis/build/icyphy/ptII/ptolemy/domains/continuous/test/auto/ContinuousInsideDE.xml
32 ms. Memory: 278528K Free: 137687K (49%)
----------------- Invoking toplevel() on ptolemy.moml.MoMLSimpleApplication@5328af14
----------------- Done invoking toplevel() on ptolemy.moml.MoMLSimpleApplication@5328af14
reloadAllAccessors: .ContinuousInsideDE

===========================================================================================
----------------- testing Tue May 19 14:20:49 UTC 2020 /home/travis/build/icyphy/ptII/ptolemy/domains/continuous/test/auto/ContinuousMerge1.xml
----------------- Instantiating /home/travis/build/icyphy/ptII/ptolemy/domains/continuous/test/auto/ContinuousMerge1.xml
2 ms. Memory: 278528K Free: 133063K (48%)
----------------- Invoking toplevel() on ptolemy.moml.MoMLSimpleApplication@612d1986
----------------- Done invoking toplevel() on ptolemy.moml.MoMLSimpleApplication@612d1986
reloadAllAccessors: .ContinuousMerge1

===========================================================================================
----------------- testing Tue May 19 14:20:49 UTC 2020 /home/travis/build/icyphy/ptII/ptolemy/domains/continuous/test/auto/ContinuousMerge2.xml
----------------- Instantiating /home/travis/build/icyphy/ptII/ptolemy/domains/continuous/test/auto/ContinuousMerge2.xml
13 ms. Memory: 278528K Free: 122837K (44%)
----------------- Invoking toplevel() on ptolemy.moml.MoMLSimpleApplication@356c9e6e
----------------- Done invoking toplevel() on ptolemy.moml.MoMLSimpleApplication@356c9e6e
reloadAllAccessors: .ContinuousMerge2

===========================================================================================
----------------- testing Tue May 19 14:20:49 UTC 2020 /home/travis/build/icyphy/ptII/ptolemy/domains/continuous/test/auto/ContinuousMerge3.xml
----------------- Instantiating /home/travis/build/icyphy/ptII/ptolemy/domains/continuous/test/auto/ContinuousMerge3.xml
40 ms. Memory: 278528K Free: 112087K (40%)
----------------- Invoking toplevel() on ptolemy.moml.MoMLSimpleApplication@5be4f83a
----------------- Done invoking toplevel() on ptolemy.moml.MoMLSimpleApplication@5be4f83a
reloadAllAccessors: .ContinuousMerge3

===========================================================================================
----------------- testing Tue May 19 14:20:49 UTC 2020 /home/travis/build/icyphy/ptII/ptolemy/domains/continuous/test/auto/ContinuousWithinContinuous.xml
----------------- Instantiating /home/travis/build/icyphy/ptII/ptolemy/domains/continuous/test/auto/ContinuousWithinContinuous.xml
33 ms. Memory: 278528K Free: 102871K (37%)
----------------- Invoking toplevel() on ptolemy.moml.MoMLSimpleApplication@cf934cc
----------------- Done invoking toplevel() on ptolemy.moml.MoMLSimpleApplication@cf934cc
reloadAllAccessors: .ContinuousWithinContinuous

===========================================================================================
----------------- testing Tue May 19 14:20:49 UTC 2020 /home/travis/build/icyphy/ptII/ptolemy/domains/continuous/test/auto/ContinuousWithinContinuous2.xml
----------------- Instantiating /home/travis/build/icyphy/ptII/ptolemy/domains/continuous/test/auto/ContinuousWithinContinuous2.xml
70 ms. Memory: 278528K Free: 258713K (93%)
----------------- Invoking toplevel() on ptolemy.moml.MoMLSimpleApplication@73140877
----------------- Done invoking toplevel() on ptolemy.moml.MoMLSimpleApplication@73140877
reloadAllAccessors: .ContinuousWithinContinuous2

===========================================================================================
----------------- testing Tue May 19 14:20:49 UTC 2020 /home/travis/build/icyphy/ptII/ptolemy/domains/continuous/test/auto/ContinuousWithinContinuous3.xml
----------------- Instantiating /home/travis/build/icyphy/ptII/ptolemy/domains/continuous/test/auto/ContinuousWithinContinuous3.xml
12 ms. Memory: 278528K Free: 251545K (90%)
----------------- Invoking toplevel() on ptolemy.moml.MoMLSimpleApplication@70b47ee8
----------------- Done invoking toplevel() on ptolemy.moml.MoMLSimpleApplication@70b47ee8
reloadAllAccessors: .ContinuousWithinContinuous3

===========================================================================================
----------------- testing Tue May 19 14:20:49 UTC 2020 /home/travis/build/icyphy/ptII/ptolemy/domains/continuous/test/auto/ContinuousWithinContinuous4.xml
----------------- Instantiating /home/travis/build/icyphy/ptII/ptolemy/domains/continuous/test/auto/ContinuousWithinContinuous4.xml
67 ms. Memory: 278528K Free: 239257K (86%)
----------------- Invoking toplevel() on ptolemy.moml.MoMLSimpleApplication@3cc3f9a1
----------------- Done invoking toplevel() on ptolemy.moml.MoMLSimpleApplication@3cc3f9a1
reloadAllAccessors: .ContinuousWithinContinuous4

===========================================================================================
----------------- testing Tue May 19 14:20:49 UTC 2020 /home/travis/build/icyphy/ptII/ptolemy/domains/continuous/test/auto/ContinuousWithinContinuous5.xml
----------------- Instantiating /home/travis/build/icyphy/ptII/ptolemy/domains/continuous/test/auto/ContinuousWithinContinuous5.xml
13 ms. Memory: 278528K Free: 232089K (83%)
----------------- Invoking toplevel() on ptolemy.moml.MoMLSimpleApplication@4daa4ed7
----------------- Done invoking toplevel() on ptolemy.moml.MoMLSimpleApplication@4daa4ed7
reloadAllAccessors: .ContinuousWithinContinuous5

===========================================================================================
----------------- testing Tue May 19 14:20:49 UTC 2020 /home/travis/build/icyphy/ptII/ptolemy/domains/continuous/test/auto/ContinuousWithinContinuous6.xml
----------------- Instantiating /home/travis/build/icyphy/ptII/ptolemy/domains/continuous/test/auto/ContinuousWithinContinuous6.xml
17 ms. Memory: 278528K Free: 224921K (81%)
----------------- Invoking toplevel() on ptolemy.moml.MoMLSimpleApplication@2cad0e18
----------------- Done invoking toplevel() on ptolemy.moml.MoMLSimpleApplication@2cad0e18
reloadAllAccessors: .ContinuousWithinContinuous6

===========================================================================================
----------------- testing Tue May 19 14:20:49 UTC 2020 /home/travis/build/icyphy/ptII/ptolemy/domains/continuous/test/auto/ContinuousWithinContinuous7.xml
----------------- Instantiating /home/travis/build/icyphy/ptII/ptolemy/domains/continuous/test/auto/ContinuousWithinContinuous7.xml
54 ms. Memory: 278528K Free: 214167K (77%)
----------------- Invoking toplevel() on ptolemy.moml.MoMLSimpleApplication@de2c3ad
----------------- Done invoking toplevel() on ptolemy.moml.MoMLSimpleApplication@de2c3ad
reloadAllAccessors: .ContinuousWithinContinuous7

===========================================================================================
----------------- testing Tue May 19 14:20:49 UTC 2020 /home/travis/build/icyphy/ptII/ptolemy/domains/continuous/test/auto/DCMotor.xml
----------------- Instantiating /home/travis/build/icyphy/ptII/ptolemy/domains/continuous/test/auto/DCMotor.xml
14176 ms. Memory: 278528K Free: 230912K (83%)
----------------- Invoking toplevel() on ptolemy.moml.MoMLSimpleApplication@16c02398
----------------- Done invoking toplevel() on ptolemy.moml.MoMLSimpleApplication@16c02398
reloadAllAccessors: .DCMotor

===========================================================================================
----------------- testing Tue May 19 14:21:04 UTC 2020 /home/travis/build/icyphy/ptII/ptolemy/domains/continuous/test/auto/DEInContinuous.xml
----------------- Instantiating /home/travis/build/icyphy/ptII/ptolemy/domains/continuous/test/auto/DEInContinuous.xml
23 ms. Memory: 278528K Free: 224768K (81%)
----------------- Invoking toplevel() on ptolemy.moml.MoMLSimpleApplication@82ddb84
----------------- Done invoking toplevel() on ptolemy.moml.MoMLSimpleApplication@82ddb84
reloadAllAccessors: .DEInContinuous

===========================================================================================
----------------- testing Tue May 19 14:21:04 UTC 2020 /home/travis/build/icyphy/ptII/ptolemy/domains/continuous/test/auto/DEinContinuous2.xml
----------------- Instantiating /home/travis/build/icyphy/ptII/ptolemy/domains/continuous/test/auto/DEinContinuous2.xml
7 ms. Memory: 278528K Free: 217090K (78%)
----------------- Invoking toplevel() on ptolemy.moml.MoMLSimpleApplication@5925b49a
----------------- Done invoking toplevel() on ptolemy.moml.MoMLSimpleApplication@5925b49a
reloadAllAccessors: .DEinContinuous2

===========================================================================================
----------------- testing Tue May 19 14:21:04 UTC 2020 /home/travis/build/icyphy/ptII/ptolemy/domains/continuous/test/auto/Derivative.xml
----------------- Instantiating /home/travis/build/icyphy/ptII/ptolemy/domains/continuous/test/auto/Derivative.xml
154 ms. Memory: 278528K Free: 187904K (67%)
----------------- Invoking toplevel() on ptolemy.moml.MoMLSimpleApplication@1dae8a9b
----------------- Done invoking toplevel() on ptolemy.moml.MoMLSimpleApplication@1dae8a9b
reloadAllAccessors: .Derivative2

===========================================================================================
----------------- testing Tue May 19 14:21:04 UTC 2020 /home/travis/build/icyphy/ptII/ptolemy/domains/continuous/test/auto/Derivative1.xml
----------------- Instantiating /home/travis/build/icyphy/ptII/ptolemy/domains/continuous/test/auto/Derivative1.xml
25 ms. Memory: 278528K Free: 173568K (62%)
----------------- Invoking toplevel() on ptolemy.moml.MoMLSimpleApplication@69c5dffd
----------------- Done invoking toplevel() on ptolemy.moml.MoMLSimpleApplication@69c5dffd
reloadAllAccessors: .Derivative1

===========================================================================================
----------------- testing Tue May 19 14:21:04 UTC 2020 /home/travis/build/icyphy/ptII/ptolemy/domains/continuous/test/auto/DiscreteClock.xml
----------------- Instantiating /home/travis/build/icyphy/ptII/ptolemy/domains/continuous/test/auto/DiscreteClock.xml
7 ms. Memory: 278528K Free: 168448K (60%)
----------------- Invoking toplevel() on ptolemy.moml.MoMLSimpleApplication@37844af5
----------------- Done invoking toplevel() on ptolemy.moml.MoMLSimpleApplication@37844af5
reloadAllAccessors: .DiscreteClock

===========================================================================================
----------------- testing Tue May 19 14:21:04 UTC 2020 /home/travis/build/icyphy/ptII/ptolemy/domains/continuous/test/auto/EfficiencyCurve.xml
----------------- Instantiating /home/travis/build/icyphy/ptII/ptolemy/domains/continuous/test/auto/EfficiencyCurve.xml
45 ms. Memory: 278528K Free: 159232K (57%)
----------------- Invoking toplevel() on ptolemy.moml.MoMLSimpleApplication@122177d8
----------------- Done invoking toplevel() on ptolemy.moml.MoMLSimpleApplication@122177d8
reloadAllAccessors: .EfficiencyCurve

===========================================================================================
----------------- testing Tue May 19 14:21:04 UTC 2020 /home/travis/build/icyphy/ptII/ptolemy/domains/continuous/test/auto/ExponentialResponse.xml
----------------- Instantiating /home/travis/build/icyphy/ptII/ptolemy/domains/continuous/test/auto/ExponentialResponse.xml
102 ms. Memory: 278528K Free: 143362K (51%)
----------------- Invoking toplevel() on ptolemy.moml.MoMLSimpleApplication@2fcdb8e
----------------- Done invoking toplevel() on ptolemy.moml.MoMLSimpleApplication@2fcdb8e
reloadAllAccessors: .ExponentialResponse

===========================================================================================
----------------- testing Tue May 19 14:21:04 UTC 2020 /home/travis/build/icyphy/ptII/ptolemy/domains/continuous/test/auto/ExponentialResponseRK45.xml
----------------- Instantiating /home/travis/build/icyphy/ptII/ptolemy/domains/continuous/test/auto/ExponentialResponseRK45.xml
27 ms. Memory: 278528K Free: 136704K (49%)
----------------- Invoking toplevel() on ptolemy.moml.MoMLSimpleApplication@1da135f2
----------------- Done invoking toplevel() on ptolemy.moml.MoMLSimpleApplication@1da135f2
reloadAllAccessors: .ExponentialResponseRK45

===========================================================================================
----------------- testing Tue May 19 14:21:04 UTC 2020 /home/travis/build/icyphy/ptII/ptolemy/domains/continuous/test/auto/Friction.xml
----------------- Instantiating /home/travis/build/icyphy/ptII/ptolemy/domains/continuous/test/auto/Friction.xml
1651 ms. Memory: 278528K Free: 201663K (72%)
----------------- Invoking toplevel() on ptolemy.moml.MoMLSimpleApplication@5fa17837
----------------- Done invoking toplevel() on ptolemy.moml.MoMLSimpleApplication@5fa17837
reloadAllAccessors: .Friction

===========================================================================================
----------------- testing Tue May 19 14:21:06 UTC 2020 /home/travis/build/icyphy/ptII/ptolemy/domains/continuous/test/auto/FurutaPendulum.xml
----------------- Instantiating /home/travis/build/icyphy/ptII/ptolemy/domains/continuous/test/auto/FurutaPendulum.xml
3005 ms. Memory: 278528K Free: 168335K (60%)
----------------- Invoking toplevel() on ptolemy.moml.MoMLSimpleApplication@3b4987b8
----------------- Done invoking toplevel() on ptolemy.moml.MoMLSimpleApplication@3b4987b8
reloadAllAccessors: .FurutaPendulum

===========================================================================================
----------------- testing Tue May 19 14:21:09 UTC 2020 /home/travis/build/icyphy/ptII/ptolemy/domains/continuous/test/auto/HierarchicalExecution.xml
----------------- Instantiating /home/travis/build/icyphy/ptII/ptolemy/domains/continuous/test/auto/HierarchicalExecution.xml
1540 ms. Memory: 278528K Free: 203273K (73%)
----------------- Invoking toplevel() on ptolemy.moml.MoMLSimpleApplication@4e6f6585
----------------- Done invoking toplevel() on ptolemy.moml.MoMLSimpleApplication@4e6f6585
reloadAllAccessors: .HierarchicalExecution

===========================================================================================
----------------- testing Tue May 19 14:21:11 UTC 2020 /home/travis/build/icyphy/ptII/ptolemy/domains/continuous/test/auto/HybridPlant.xml
----------------- Instantiating /home/travis/build/icyphy/ptII/ptolemy/domains/continuous/test/auto/HybridPlant.xml
471 ms. Memory: 278528K Free: 104456K (38%)
----------------- Invoking toplevel() on ptolemy.moml.MoMLSimpleApplication@4f650dc0
----------------- Done invoking toplevel() on ptolemy.moml.MoMLSimpleApplication@4f650dc0
reloadAllAccessors: .HybridPlant

===========================================================================================
----------------- testing Tue May 19 14:21:12 UTC 2020 /home/travis/build/icyphy/ptII/ptolemy/domains/continuous/test/auto/Hysteresis.xml
----------------- Instantiating /home/travis/build/icyphy/ptII/ptolemy/domains/continuous/test/auto/Hysteresis.xml
134 ms. Memory: 278528K Free: 207480K (74%)
----------------- Invoking toplevel() on ptolemy.moml.MoMLSimpleApplication@4b859e26
----------------- Done invoking toplevel() on ptolemy.moml.MoMLSimpleApplication@4b859e26
reloadAllAccessors: .Hysteresis

===========================================================================================
----------------- testing Tue May 19 14:21:12 UTC 2020 /home/travis/build/icyphy/ptII/ptolemy/domains/continuous/test/auto/HysteresisWithRandomDelay.xml
----------------- Instantiating /home/travis/build/icyphy/ptII/ptolemy/domains/continuous/test/auto/HysteresisWithRandomDelay.xml
166 ms. Memory: 278528K Free: 135304K (49%)
----------------- Invoking toplevel() on ptolemy.moml.MoMLSimpleApplication@77334e8a
----------------- Done invoking toplevel() on ptolemy.moml.MoMLSimpleApplication@77334e8a
reloadAllAccessors: .HysteresisWithRandomDelay

===========================================================================================
----------------- testing Tue May 19 14:21:12 UTC 2020 /home/travis/build/icyphy/ptII/ptolemy/domains/continuous/test/auto/HysteresisWithRandomLosses.xml
----------------- Instantiating /home/travis/build/icyphy/ptII/ptolemy/domains/continuous/test/auto/HysteresisWithRandomLosses.xml
2324 ms. Memory: 278528K Free: 204712K (73%)
----------------- Invoking toplevel() on ptolemy.moml.MoMLSimpleApplication@5f631af9
----------------- Done invoking toplevel() on ptolemy.moml.MoMLSimpleApplication@5f631af9
reloadAllAccessors: .HysteresisWithRandomLosses

===========================================================================================
----------------- testing Tue May 19 14:21:14 UTC 2020 /home/travis/build/icyphy/ptII/ptolemy/domains/continuous/test/auto/ImmediateTransitions.xml
----------------- Instantiating /home/travis/build/icyphy/ptII/ptolemy/domains/continuous/test/auto/ImmediateTransitions.xml
9 ms. Memory: 278528K Free: 193944K (70%)
----------------- Invoking toplevel() on ptolemy.moml.MoMLSimpleApplication@15a5abdf
----------------- Done invoking toplevel() on ptolemy.moml.MoMLSimpleApplication@15a5abdf
reloadAllAccessors: .ImmediateTransitions

===========================================================================================
----------------- testing Tue May 19 14:21:14 UTC 2020 /home/travis/build/icyphy/ptII/ptolemy/domains/continuous/test/auto/ImpulseFeedback.xml
----------------- Instantiating /home/travis/build/icyphy/ptII/ptolemy/domains/continuous/test/auto/ImpulseFeedback.xml
7 ms. Memory: 278528K Free: 188328K (68%)
----------------- Invoking toplevel() on ptolemy.moml.MoMLSimpleApplication@6324ea9f
----------------- Done invoking toplevel() on ptolemy.moml.MoMLSimpleApplication@6324ea9f
reloadAllAccessors: .ImpulseFeedback

===========================================================================================
----------------- testing Tue May 19 14:21:14 UTC 2020 /home/travis/build/icyphy/ptII/ptolemy/domains/continuous/test/auto/ImpulseFeedback2.xml
----------------- Instantiating /home/travis/build/icyphy/ptII/ptolemy/domains/continuous/test/auto/ImpulseFeedback2.xml
5 ms. Memory: 278528K Free: 182694K (66%)
----------------- Invoking toplevel() on ptolemy.moml.MoMLSimpleApplication@733a83fd
----------------- Done invoking toplevel() on ptolemy.moml.MoMLSimpleApplication@733a83fd
reloadAllAccessors: .ImpulseFeedback2

===========================================================================================
----------------- testing Tue May 19 14:21:14 UTC 2020 /home/travis/build/icyphy/ptII/ptolemy/domains/continuous/test/auto/IncreasingRatePoisson.xml
----------------- Instantiating /home/travis/build/icyphy/ptII/ptolemy/domains/continuous/test/auto/IncreasingRatePoisson.xml
646 ms. Memory: 278528K Free: 220541K (79%)
----------------- Invoking toplevel() on ptolemy.moml.MoMLSimpleApplication@4ebf30db
----------------- Done invoking toplevel() on ptolemy.moml.MoMLSimpleApplication@4ebf30db
reloadAllAccessors: .IncreasingRatePoisson

===========================================================================================
----------------- testing Tue May 19 14:21:15 UTC 2020 /home/travis/build/icyphy/ptII/ptolemy/domains/continuous/test/auto/InitialStateFeedback.xml
----------------- Instantiating /home/travis/build/icyphy/ptII/ptolemy/domains/continuous/test/auto/InitialStateFeedback.xml
4 ms. Memory: 278528K Free: 215931K (78%)
----------------- Invoking toplevel() on ptolemy.moml.MoMLSimpleApplication@7b34e2f2
----------------- Done invoking toplevel() on ptolemy.moml.MoMLSimpleApplication@7b34e2f2
reloadAllAccessors: .InitialStateFeedback

===========================================================================================
----------------- testing Tue May 19 14:21:15 UTC 2020 /home/travis/build/icyphy/ptII/ptolemy/domains/continuous/test/auto/Integration.xml
----------------- Instantiating /home/travis/build/icyphy/ptII/ptolemy/domains/continuous/test/auto/Integration.xml
2 ms. Memory: 278528K Free: 211835K (76%)
----------------- Invoking toplevel() on ptolemy.moml.MoMLSimpleApplication@503f2fe
----------------- Done invoking toplevel() on ptolemy.moml.MoMLSimpleApplication@503f2fe
reloadAllAccessors: .Integration

===========================================================================================
----------------- testing Tue May 19 14:21:15 UTC 2020 /home/travis/build/icyphy/ptII/ptolemy/domains/continuous/test/auto/Integration2.xml
----------------- Instantiating /home/travis/build/icyphy/ptII/ptolemy/domains/continuous/test/auto/Integration2.xml
71 ms. Memory: 278528K Free: 197499K (71%)
----------------- Invoking toplevel() on ptolemy.moml.MoMLSimpleApplication@222cab93
----------------- Done invoking toplevel() on ptolemy.moml.MoMLSimpleApplication@222cab93
reloadAllAccessors: .Integration2

===========================================================================================
----------------- testing Tue May 19 14:21:15 UTC 2020 /home/travis/build/icyphy/ptII/ptolemy/domains/continuous/test/auto/Integration3.xml
----------------- Instantiating /home/travis/build/icyphy/ptII/ptolemy/domains/continuous/test/auto/Integration3.xml
4 ms. Memory: 278528K Free: 192893K (69%)
----------------- Invoking toplevel() on ptolemy.moml.MoMLSimpleApplication@63fc30a3
----------------- Done invoking toplevel() on ptolemy.moml.MoMLSimpleApplication@63fc30a3
reloadAllAccessors: .Integration3

===========================================================================================
----------------- testing Tue May 19 14:21:15 UTC 2020 /home/travis/build/icyphy/ptII/ptolemy/domains/continuous/test/auto/Integration5.xml
----------------- Instantiating /home/travis/build/icyphy/ptII/ptolemy/domains/continuous/test/auto/Integration5.xml
2 ms. Memory: 278528K Free: 188797K (68%)
----------------- Invoking toplevel() on ptolemy.moml.MoMLSimpleApplication@11c53f9c
----------------- Done invoking toplevel() on ptolemy.moml.MoMLSimpleApplication@11c53f9c
reloadAllAccessors: .Integration5

===========================================================================================
----------------- testing Tue May 19 14:21:15 UTC 2020 /home/travis/build/icyphy/ptII/ptolemy/domains/continuous/test/auto/IntegratorImpulse.xml
----------------- Instantiating /home/travis/build/icyphy/ptII/ptolemy/domains/continuous/test/auto/IntegratorImpulse.xml
2 ms. Memory: 278528K Free: 184701K (66%)
----------------- Invoking toplevel() on ptolemy.moml.MoMLSimpleApplication@4d1ba1e4
----------------- Done invoking toplevel() on ptolemy.moml.MoMLSimpleApplication@4d1ba1e4
reloadAllAccessors: .IntegratorImpulse

===========================================================================================
----------------- testing Tue May 19 14:21:15 UTC 2020 /home/travis/build/icyphy/ptII/ptolemy/domains/continuous/test/auto/IntegratorImpulse2.xml
----------------- Instantiating /home/travis/build/icyphy/ptII/ptolemy/domains/continuous/test/auto/IntegratorImpulse2.xml
5 ms. Memory: 278528K Free: 180077K (65%)
----------------- Invoking toplevel() on ptolemy.moml.MoMLSimpleApplication@66052304
----------------- Done invoking toplevel() on ptolemy.moml.MoMLSimpleApplication@66052304
reloadAllAccessors: .IntegratorImpulse2

===========================================================================================
----------------- testing Tue May 19 14:21:15 UTC 2020 /home/travis/build/icyphy/ptII/ptolemy/domains/continuous/test/auto/LevelCrossing1.xml
----------------- Instantiating /home/travis/build/icyphy/ptII/ptolemy/domains/continuous/test/auto/LevelCrossing1.xml
2 ms. Memory: 278528K Free: 174971K (63%)
----------------- Invoking toplevel() on ptolemy.moml.MoMLSimpleApplication@6c6e15f2
----------------- Done invoking toplevel() on ptolemy.moml.MoMLSimpleApplication@6c6e15f2
reloadAllAccessors: .LevelCrossing1

===========================================================================================
----------------- testing Tue May 19 14:21:15 UTC 2020 /home/travis/build/icyphy/ptII/ptolemy/domains/continuous/test/auto/LevelCrossing2.xml
----------------- Instantiating /home/travis/build/icyphy/ptII/ptolemy/domains/continuous/test/auto/LevelCrossing2.xml
3 ms. Memory: 278528K Free: 169851K (61%)
----------------- Invoking toplevel() on ptolemy.moml.MoMLSimpleApplication@35d6929a
----------------- Done invoking toplevel() on ptolemy.moml.MoMLSimpleApplication@35d6929a
reloadAllAccessors: .LevelCrossing2

===========================================================================================
----------------- testing Tue May 19 14:21:15 UTC 2020 /home/travis/build/icyphy/ptII/ptolemy/domains/continuous/test/auto/LevelCrossing3.xml
----------------- Instantiating /home/travis/build/icyphy/ptII/ptolemy/domains/continuous/test/auto/LevelCrossing3.xml
2 ms. Memory: 278528K Free: 164731K (59%)
----------------- Invoking toplevel() on ptolemy.moml.MoMLSimpleApplication@3be15d5
----------------- Done invoking toplevel() on ptolemy.moml.MoMLSimpleApplication@3be15d5
reloadAllAccessors: .LevelCrossing3

===========================================================================================
----------------- testing Tue May 19 14:21:15 UTC 2020 /home/travis/build/icyphy/ptII/ptolemy/domains/continuous/test/auto/LevelCrossing4.xml
----------------- Instantiating /home/travis/build/icyphy/ptII/ptolemy/domains/continuous/test/auto/LevelCrossing4.xml
3 ms. Memory: 278528K Free: 159605K (57%)
----------------- Invoking toplevel() on ptolemy.moml.MoMLSimpleApplication@548e7f86
----------------- Done invoking toplevel() on ptolemy.moml.MoMLSimpleApplication@548e7f86
reloadAllAccessors: .LevelCrossing4

===========================================================================================
----------------- testing Tue May 19 14:21:15 UTC 2020 /home/travis/build/icyphy/ptII/ptolemy/domains/continuous/test/auto/LevelCrossing5.xml
----------------- Instantiating /home/travis/build/icyphy/ptII/ptolemy/domains/continuous/test/auto/LevelCrossing5.xml
3 ms. Memory: 278528K Free: 154491K (55%)
----------------- Invoking toplevel() on ptolemy.moml.MoMLSimpleApplication@5f0d56ff
----------------- Done invoking toplevel() on ptolemy.moml.MoMLSimpleApplication@5f0d56ff
reloadAllAccessors: .LevelCrossing5

===========================================================================================
[...]
----------------- testing Tue May 19 14:21:31 UTC 2020 /home/travis/build/icyphy/ptII/ptolemy/domains/continuous/test/auto/SRinContinuous.xml
----------------- Instantiating /home/travis/build/icyphy/ptII/ptolemy/domains/continuous/test/auto/SRinContinuous.xml
4 ms. Memory: 278528K Free: 153217K (55%)
----------------- Invoking toplevel() on ptolemy.moml.MoMLSimpleApplication@7805e655
----------------- Done invoking toplevel() on ptolemy.moml.MoMLSimpleApplication@7805e655
reloadAllAccessors: .SRinContinuous

===========================================================================================
----------------- testing Tue May 19 14:21:31 UTC 2020 /home/travis/build/icyphy/ptII/ptolemy/domains/continuous/test/auto/SampledClocks.xml
----------------- Instantiating /home/travis/build/icyphy/ptII/ptolemy/domains/continuous/test/auto/SampledClocks.xml
6 ms. Memory: 278528K Free: 140929K (51%)
----------------- Invoking toplevel() on ptolemy.moml.MoMLSimpleApplication@65a9899d
----------------- Done invoking toplevel() on ptolemy.moml.MoMLSimpleApplication@65a9899d
reloadAllAccessors: .SampledClocks

===========================================================================================
----------------- testing Tue May 19 14:21:31 UTC 2020 /home/travis/build/icyphy/ptII/ptolemy/domains/continuous/test/auto/Satellite.xml
----------------- Instantiating /home/travis/build/icyphy/ptII/ptolemy/domains/continuous/test/auto/Satellite.xml
601 ms. Memory: 278528K Free: 101584K (36%)
----------------- Invoking toplevel() on ptolemy.moml.MoMLSimpleApplication@4aa625c6
----------------- Done invoking toplevel() on ptolemy.moml.MoMLSimpleApplication@4aa625c6
reloadAllAccessors: .Satellite

===========================================================================================
----------------- testing Tue May 19 14:21:31 UTC 2020 /home/travis/build/icyphy/ptII/ptolemy/domains/continuous/test/auto/SigmaDelta.xml
----------------- Instantiating /home/travis/build/icyphy/ptII/ptolemy/domains/continuous/test/auto/SigmaDelta.xml
1855 ms. Memory: 278528K Free: 169271K (61%)
----------------- Invoking toplevel() on ptolemy.moml.MoMLSimpleApplication@36c264d3
----------------- Done invoking toplevel() on ptolemy.moml.MoMLSimpleApplication@36c264d3
reloadAllAccessors: .SigmaDelta

===========================================================================================
----------------- testing Tue May 19 14:21:33 UTC 2020 /home/travis/build/icyphy/ptII/ptolemy/domains/continuous/test/auto/SingleRefinement.xml
----------------- Instantiating /home/travis/build/icyphy/ptII/ptolemy/domains/continuous/test/auto/SingleRefinement.xml
292 ms. Memory: 278528K Free: 148434K (53%)
----------------- Invoking toplevel() on ptolemy.moml.MoMLSimpleApplication@17b9aa7e
----------------- Done invoking toplevel() on ptolemy.moml.MoMLSimpleApplication@17b9aa7e
reloadAllAccessors: .SingleRefinement

===========================================================================================
----------------- testing Tue May 19 14:21:34 UTC 2020 /home/travis/build/icyphy/ptII/ptolemy/domains/continuous/test/auto/SinuBouncingBall.xml
----------------- Instantiating /home/travis/build/icyphy/ptII/ptolemy/domains/continuous/test/auto/SinuBouncingBall.xml
737 ms. Memory: 278528K Free: 255641K (92%)
----------------- Invoking toplevel() on ptolemy.moml.MoMLSimpleApplication@c72e891
----------------- Done invoking toplevel() on ptolemy.moml.MoMLSimpleApplication@c72e891
reloadAllAccessors: .SinuBouncingBall

===========================================================================================
----------------- testing Tue May 19 14:21:35 UTC 2020 /home/travis/build/icyphy/ptII/ptolemy/domains/continuous/test/auto/Sinusoid.xml
----------------- Instantiating /home/travis/build/icyphy/ptII/ptolemy/domains/continuous/test/auto/Sinusoid.xml
3 ms. Memory: 278528K Free: 251001K (90%)
----------------- Invoking toplevel() on ptolemy.moml.MoMLSimpleApplication@63d467e0
----------------- Done invoking toplevel() on ptolemy.moml.MoMLSimpleApplication@63d467e0
reloadAllAccessors: .Sinusoid

===========================================================================================
----------------- testing Tue May 19 14:21:35 UTC 2020 /home/travis/build/icyphy/ptII/ptolemy/domains/continuous/test/auto/SinusoidInNoise.xml
----------------- Instantiating /home/travis/build/icyphy/ptII/ptolemy/domains/continuous/test/auto/SinusoidInNoise.xml
762 ms. Memory: 278528K Free: 113305K (41%)
----------------- Invoking toplevel() on ptolemy.moml.MoMLSimpleApplication@7548faa9
----------------- Done invoking toplevel() on ptolemy.moml.MoMLSimpleApplication@7548faa9
reloadAllAccessors: .SinusoidInNoise

===========================================================================================
----------------- testing Tue May 19 14:21:35 UTC 2020 /home/travis/build/icyphy/ptII/ptolemy/domains/continuous/test/auto/SinusoidRK45.xml
----------------- Instantiating /home/travis/build/icyphy/ptII/ptolemy/domains/continuous/test/auto/SinusoidRK45.xml
2 ms. Memory: 278528K Free: 109209K (39%)
----------------- Invoking toplevel() on ptolemy.moml.MoMLSimpleApplication@31aa656c
----------------- Done invoking toplevel() on ptolemy.moml.MoMLSimpleApplication@31aa656c
reloadAllAccessors: .SinusoidRK45

===========================================================================================
----------------- testing Tue May 19 14:21:35 UTC 2020 /home/travis/build/icyphy/ptII/ptolemy/domains/continuous/test/auto/SinusoidWithMultipleImpulses.xml
----------------- Instantiating /home/travis/build/icyphy/ptII/ptolemy/domains/continuous/test/auto/SinusoidWithMultipleImpulses.xml
4 ms. Memory: 278528K Free: 104599K (38%)
----------------- Invoking toplevel() on ptolemy.moml.MoMLSimpleApplication@75d7ea7d
----------------- Done invoking toplevel() on ptolemy.moml.MoMLSimpleApplication@75d7ea7d
reloadAllAccessors: .SinusoidWithMultipleImpulses

===========================================================================================
----------------- testing Tue May 19 14:21:35 UTC 2020 /home/travis/build/icyphy/ptII/ptolemy/domains/continuous/test/auto/SquareWave.xml
----------------- Instantiating /home/travis/build/icyphy/ptII/ptolemy/domains/continuous/test/auto/SquareWave.xml
121 ms. Memory: 278528K Free: 243077K (87%)
----------------- Invoking toplevel() on ptolemy.moml.MoMLSimpleApplication@2841008f
----------------- Done invoking toplevel() on ptolemy.moml.MoMLSimpleApplication@2841008f
reloadAllAccessors: .SquareWave

===========================================================================================
----------------- testing Tue May 19 14:21:36 UTC 2020 /home/travis/build/icyphy/ptII/ptolemy/domains/continuous/test/auto/Starmac.xml
----------------- Instantiating /home/travis/build/icyphy/ptII/ptolemy/domains/continuous/test/auto/Starmac.xml
3070 ms. Memory: 278528K Free: 251646K (90%)
----------------- Invoking toplevel() on ptolemy.moml.MoMLSimpleApplication@3b96dee7
----------------- Done invoking toplevel() on ptolemy.moml.MoMLSimpleApplication@3b96dee7
reloadAllAccessors: .Starmac

===========================================================================================
----------------- testing Tue May 19 14:21:39 UTC 2020 /home/travis/build/icyphy/ptII/ptolemy/domains/continuous/test/auto/StaticUnits.xml
----------------- Instantiating /home/travis/build/icyphy/ptII/ptolemy/domains/continuous/test/auto/StaticUnits.xml
1684 ms. Memory: 278528K Free: 110327K (40%)
----------------- Invoking toplevel() on ptolemy.moml.MoMLSimpleApplication@65f3fc3
----------------- Done invoking toplevel() on ptolemy.moml.MoMLSimpleApplication@65f3fc3
reloadAllAccessors: .StaticUnits

===========================================================================================
----------------- testing Tue May 19 14:21:41 UTC 2020 /home/travis/build/icyphy/ptII/ptolemy/domains/continuous/test/auto/StickyMasses.xml
----------------- Instantiating /home/travis/build/icyphy/ptII/ptolemy/domains/continuous/test/auto/StickyMasses.xml
141 ms. Memory: 334848K Free: 278760K (83%)
----------------- Invoking toplevel() on ptolemy.moml.MoMLSimpleApplication@79cd7f42
----------------- Done invoking toplevel() on ptolemy.moml.MoMLSimpleApplication@79cd7f42
reloadAllAccessors: .StickyMasses

===========================================================================================
----------------- testing Tue May 19 14:21:41 UTC 2020 /home/travis/build/icyphy/ptII/ptolemy/domains/continuous/test/auto/StopTime.xml
----------------- Instantiating /home/travis/build/icyphy/ptII/ptolemy/domains/continuous/test/auto/StopTime.xml
50 ms. Memory: 334848K Free: 253656K (76%)
----------------- Invoking toplevel() on ptolemy.moml.MoMLSimpleApplication@360c06d2
----------------- Done invoking toplevel() on ptolemy.moml.MoMLSimpleApplication@360c06d2
reloadAllAccessors: .StopTime

===========================================================================================
----------------- testing Tue May 19 14:21:41 UTC 2020 /home/travis/build/icyphy/ptII/ptolemy/domains/continuous/test/auto/StopTime2.xml
----------------- Instantiating /home/travis/build/icyphy/ptII/ptolemy/domains/continuous/test/auto/StopTime2.xml
34 ms. Memory: 334848K Free: 231656K (69%)
----------------- Invoking toplevel() on ptolemy.moml.MoMLSimpleApplication@d8750d6
----------------- Done invoking toplevel() on ptolemy.moml.MoMLSimpleApplication@d8750d6
reloadAllAccessors: .StopTime2

===========================================================================================
----------------- testing Tue May 19 14:21:41 UTC 2020 /home/travis/build/icyphy/ptII/ptolemy/domains/continuous/test/auto/Switch.xml
----------------- Instantiating /home/travis/build/icyphy/ptII/ptolemy/domains/continuous/test/auto/Switch.xml
40 ms. Memory: 334848K Free: 206560K (62%)
----------------- Invoking toplevel() on ptolemy.moml.MoMLSimpleApplication@369f002b
----------------- Done invoking toplevel() on ptolemy.moml.MoMLSimpleApplication@369f002b
reloadAllAccessors: .Switch

===========================================================================================
----------------- testing Tue May 19 14:21:42 UTC 2020 /home/travis/build/icyphy/ptII/ptolemy/domains/continuous/test/auto/Thermostat.xml
----------------- Instantiating /home/travis/build/icyphy/ptII/ptolemy/domains/continuous/test/auto/Thermostat.xml
169 ms. Memory: 334848K Free: 133856K (40%)
----------------- Invoking toplevel() on ptolemy.moml.MoMLSimpleApplication@e224f2e
----------------- Done invoking toplevel() on ptolemy.moml.MoMLSimpleApplication@e224f2e
reloadAllAccessors: .Thermostat

===========================================================================================
----------------- testing Tue May 19 14:21:42 UTC 2020 /home/travis/build/icyphy/ptII/ptolemy/domains/continuous/test/auto/TimeDelay.xml
----------------- Instantiating /home/travis/build/icyphy/ptII/ptolemy/domains/continuous/test/auto/TimeDelay.xml
5 ms. Memory: 334848K Free: 128712K (38%)
----------------- Invoking toplevel() on ptolemy.moml.MoMLSimpleApplication@7dc1a2d9
----------------- Done invoking toplevel() on ptolemy.moml.MoMLSimpleApplication@7dc1a2d9
reloadAllAccessors: .TimeDelay

===========================================================================================
----------------- testing Tue May 19 14:21:42 UTC 2020 /home/travis/build/icyphy/ptII/ptolemy/domains/continuous/test/auto/TimeDelay2.xml
----------------- Instantiating /home/travis/build/icyphy/ptII/ptolemy/domains/continuous/test/auto/TimeDelay2.xml
9 ms. Memory: 334848K Free: 119016K (36%)
----------------- Invoking toplevel() on ptolemy.moml.MoMLSimpleApplication@22502884
----------------- Done invoking toplevel() on ptolemy.moml.MoMLSimpleApplication@22502884
reloadAllAccessors: .TimeDelay2

===========================================================================================
----------------- testing Tue May 19 14:21:42 UTC 2020 /home/travis/build/icyphy/ptII/ptolemy/domains/continuous/test/auto/TimeDelay3.xml
----------------- Instantiating /home/travis/build/icyphy/ptII/ptolemy/domains/continuous/test/auto/TimeDelay3.xml
2 ms. Memory: 334848K Free: 309476K (92%)
----------------- Invoking toplevel() on ptolemy.moml.MoMLSimpleApplication@6343c9d1
----------------- Done invoking toplevel() on ptolemy.moml.MoMLSimpleApplication@6343c9d1
reloadAllAccessors: .TimeDelay3

===========================================================================================
----------------- testing Tue May 19 14:21:42 UTC 2020 /home/travis/build/icyphy/ptII/ptolemy/domains/continuous/test/auto/TransferAbsentToInside.xml
----------------- Instantiating /home/travis/build/icyphy/ptII/ptolemy/domains/continuous/test/auto/TransferAbsentToInside.xml
27 ms. Memory: 334848K Free: 256723K (77%)
----------------- Invoking toplevel() on ptolemy.moml.MoMLSimpleApplication@1436056e
----------------- Done invoking toplevel() on ptolemy.moml.MoMLSimpleApplication@1436056e
reloadAllAccessors: .TransferAbsentToInside

===========================================================================================
----------------- testing Tue May 19 14:21:42 UTC 2020 /home/travis/build/icyphy/ptII/ptolemy/domains/continuous/test/auto/Transmission.xml
----------------- Instantiating /home/travis/build/icyphy/ptII/ptolemy/domains/continuous/test/auto/Transmission.xml
722 ms. Memory: 334848K Free: 216781K (65%)
----------------- Invoking toplevel() on ptolemy.moml.MoMLSimpleApplication@926274e
----------------- Done invoking toplevel() on ptolemy.moml.MoMLSimpleApplication@926274e
reloadAllAccessors: .Transmission

===========================================================================================
----------------- testing Tue May 19 14:21:43 UTC 2020 /home/travis/build/icyphy/ptII/ptolemy/domains/continuous/test/auto/TriggeredContinuousClock.xml
----------------- Instantiating /home/travis/build/icyphy/ptII/ptolemy/domains/continuous/test/auto/TriggeredContinuousClock.xml
34 ms. Memory: 334848K Free: 187085K (56%)
----------------- Invoking toplevel() on ptolemy.moml.MoMLSimpleApplication@7f26668a
----------------- Done invoking toplevel() on ptolemy.moml.MoMLSimpleApplication@7f26668a
reloadAllAccessors: .TriggeredContinuousClock

===========================================================================================
----------------- testing Tue May 19 14:21:43 UTC 2020 /home/travis/build/icyphy/ptII/ptolemy/domains/continuous/test/auto/TwoMachineInfiniteBusControl.xml
----------------- Instantiating /home/travis/build/icyphy/ptII/ptolemy/domains/continuous/test/auto/TwoMachineInfiniteBusControl.xml
2512 ms. Memory: 334848K Free: 159913K (48%)
----------------- Invoking toplevel() on ptolemy.moml.MoMLSimpleApplication@65c97f18
----------------- Done invoking toplevel() on ptolemy.moml.MoMLSimpleApplication@65c97f18
reloadAllAccessors: .TwoMachineInfiniteBusControl

===========================================================================================
----------------- testing Tue May 19 14:21:45 UTC 2020 /home/travis/build/icyphy/ptII/ptolemy/domains/continuous/test/auto/V2V.xml
----------------- Instantiating /home/travis/build/icyphy/ptII/ptolemy/domains/continuous/test/auto/V2V.xml
679 ms. Memory: 402432K Free: 230217K (57%)
----------------- Invoking toplevel() on ptolemy.moml.MoMLSimpleApplication@2e2deef0
----------------- Done invoking toplevel() on ptolemy.moml.MoMLSimpleApplication@2e2deef0
reloadAllAccessors: .V2V

===========================================================================================
----------------- testing Tue May 19 14:21:46 UTC 2020 /home/travis/build/icyphy/ptII/ptolemy/domains/continuous/test/auto/hierarchicalModalModel.xml
----------------- Instantiating /home/travis/build/icyphy/ptII/ptolemy/domains/continuous/test/auto/hierarchicalModalModel.xml
7 ms. Memory: 402432K Free: 216222K (54%)
----------------- Invoking toplevel() on ptolemy.moml.MoMLSimpleApplication@1492235d
----------------- Done invoking toplevel() on ptolemy.moml.MoMLSimpleApplication@1492235d
reloadAllAccessors: .hierarchicalModalModel

===========================================================================================
----------------- testing Tue May 19 14:21:46 UTC 2020 /home/travis/build/icyphy/ptII/ptolemy/domains/continuous/test/auto/hierarchicalModalModel1.xml
----------------- Instantiating /home/travis/build/icyphy/ptII/ptolemy/domains/continuous/test/auto/hierarchicalModalModel1.xml
9 ms. Memory: 402432K Free: 201893K (50%)
----------------- Invoking toplevel() on ptolemy.moml.MoMLSimpleApplication@ad1c88
----------------- Done invoking toplevel() on ptolemy.moml.MoMLSimpleApplication@ad1c88
reloadAllAccessors: .hierarchicalModalModel1

===========================================================================================
----------------- testing Tue May 19 14:21:46 UTC 2020 /home/travis/build/icyphy/ptII/ptolemy/domains/continuous/test/auto/hierarchicalModalModel2.xml
----------------- Instantiating /home/travis/build/icyphy/ptII/ptolemy/domains/continuous/test/auto/hierarchicalModalModel2.xml
6 ms. Memory: 402432K Free: 189590K (47%)
----------------- Invoking toplevel() on ptolemy.moml.MoMLSimpleApplication@f3328ac
----------------- Done invoking toplevel() on ptolemy.moml.MoMLSimpleApplication@f3328ac
reloadAllAccessors: .hierarchicalModalModel2

===========================================================================================
----------------- testing Tue May 19 14:21:46 UTC 2020 /home/travis/build/icyphy/ptII/ptolemy/domains/continuous/test/auto/hierarchicalModalModel3.xml
----------------- Instantiating /home/travis/build/icyphy/ptII/ptolemy/domains/continuous/test/auto/hierarchicalModalModel3.xml
5 ms. Memory: 402432K Free: 178855K (44%)
----------------- Invoking toplevel() on ptolemy.moml.MoMLSimpleApplication@4786437b
----------------- Done invoking toplevel() on ptolemy.moml.MoMLSimpleApplication@4786437b
reloadAllAccessors: .hierarchicalModalModel3

===========================================================================================
----------------- testing Tue May 19 14:21:46 UTC 2020 /home/travis/build/icyphy/ptII/ptolemy/domains/continuous/test/auto/hierarchicalModalModel4.xml
----------------- Instantiating /home/travis/build/icyphy/ptII/ptolemy/domains/continuous/test/auto/hierarchicalModalModel4.xml
5 ms. Memory: 402432K Free: 167077K (42%)
----------------- Invoking toplevel() on ptolemy.moml.MoMLSimpleApplication@1954e440
----------------- Done invoking toplevel() on ptolemy.moml.MoMLSimpleApplication@1954e440
reloadAllAccessors: .hierarchicalModalModel4

===========================================================================================
----------------- testing Tue May 19 14:21:46 UTC 2020 /home/travis/build/icyphy/ptII/ptolemy/domains/continuous/test/auto/junk.xml
----------------- Instantiating /home/travis/build/icyphy/ptII/ptolemy/domains/continuous/test/auto/junk.xml
136 ms. Memory: 402432K Free: 374152K (93%)
----------------- Invoking toplevel() on ptolemy.moml.MoMLSimpleApplication@43cb1093
----------------- Done invoking toplevel() on ptolemy.moml.MoMLSimpleApplication@43cb1093
reloadAllAccessors: .junk
AutoTests.java: About to close Vertx.
AutoTests.java: Vertx closed.
]]></system-out>
  <system-err><![CDATA[Warning: '.HysteresisWithRandomDelay.NonStrictTest3' The test produced only 28 tokens, yet the correctValues parameter was expecting 30 tokens.
Warning: '.IncreasingRatePoisson.NonStrictTest' The test produced only 374 tokens, yet the correctValues parameter was expecting 402 tokens.
Warning: '.Poisson.NonStrictTest' The test produced only 396 tokens, yet the correctValues parameter was expecting 430 tokens.
]]></system-err>
</testsuite>
