<?xml version="1.0" encoding="UTF-8" ?>
<testsuite errors="0" failures="0" hostname="travis-job-b8e6737c-d29c-4a26-8315-1ee59fed6ffd" name="ptolemy.actor.lib.hoc.test.junit.JUnitTclTest" skipped="0" tests="58" time="23.898" timestamp="2018-08-28T01:55:41">
  <properties>
[...]
</properties>
  <testcase classname="ptolemy.util.test.junit.TclTests" name="[0] /home/travis/build/icyphy/ptII/ptolemy/actor/lib/hoc/test/IterateOverArray.tcl (RunTclFile)" time="0.29" />
  <testcase classname="ptolemy.util.test.junit.AutoKnownFailedTests" name="[0] /home/travis/build/icyphy/ptII/ptolemy/actor/lib/hoc/test/auto/knownFailedTests/PreinitializeMustBeInvokedRunComposite.xml (RunModel)" time="0.233" />
  <testcase classname="ptolemy.util.test.junit.AutoNameArchTests" name="[0] ThereAreNoAutoArchTests (RunModel)" time="0.001" />
  <testcase classname="ptolemy.util.test.junit.AutoTests" name="[0] /home/travis/build/icyphy/ptII/ptolemy/actor/lib/hoc/test/auto/AllToAllMultiInstanceComposite.xml (RunModel)" time="0.231" />
  <testcase classname="ptolemy.util.test.junit.AutoTests" name="[1] /home/travis/build/icyphy/ptII/ptolemy/actor/lib/hoc/test/auto/ApplyFFTTest.xml (RunModel)" time="0.291" />
  <testcase classname="ptolemy.util.test.junit.AutoTests" name="[2] /home/travis/build/icyphy/ptII/ptolemy/actor/lib/hoc/test/auto/ApplyFunction.xml (RunModel)" time="0.052" />
  <testcase classname="ptolemy.util.test.junit.AutoTests" name="[3] /home/travis/build/icyphy/ptII/ptolemy/actor/lib/hoc/test/auto/BackgroundExecution.xml (RunModel)" time="0.759" />
  <testcase classname="ptolemy.util.test.junit.AutoTests" name="[4] /home/travis/build/icyphy/ptII/ptolemy/actor/lib/hoc/test/auto/Case.xml (RunModel)" time="0.062" />
  <testcase classname="ptolemy.util.test.junit.AutoTests" name="[5] /home/travis/build/icyphy/ptII/ptolemy/actor/lib/hoc/test/auto/Case1.xml (RunModel)" time="0.031" />
  <testcase classname="ptolemy.util.test.junit.AutoTests" name="[6] /home/travis/build/icyphy/ptII/ptolemy/actor/lib/hoc/test/auto/Case2.xml (RunModel)" time="0.126" />
  <testcase classname="ptolemy.util.test.junit.AutoTests" name="[7] /home/travis/build/icyphy/ptII/ptolemy/actor/lib/hoc/test/auto/Case3.xml (RunModel)" time="0.066" />
  <testcase classname="ptolemy.util.test.junit.AutoTests" name="[8] /home/travis/build/icyphy/ptII/ptolemy/actor/lib/hoc/test/auto/Case4.xml (RunModel)" time="0.066" />
  <testcase classname="ptolemy.util.test.junit.AutoTests" name="[9] /home/travis/build/icyphy/ptII/ptolemy/actor/lib/hoc/test/auto/Case5.xml (RunModel)" time="0.083" />
  <testcase classname="ptolemy.util.test.junit.AutoTests" name="[10] /home/travis/build/icyphy/ptII/ptolemy/actor/lib/hoc/test/auto/Case6.xml (RunModel)" time="0.106" />
  <testcase classname="ptolemy.util.test.junit.AutoTests" name="[11] /home/travis/build/icyphy/ptII/ptolemy/actor/lib/hoc/test/auto/CaseString2.xml (RunModel)" time="0.038" />
  <testcase classname="ptolemy.util.test.junit.AutoTests" name="[12] /home/travis/build/icyphy/ptII/ptolemy/actor/lib/hoc/test/auto/CatchUpComposite1.xml (RunModel)" time="0.063" />
  <testcase classname="ptolemy.util.test.junit.AutoTests" name="[13] /home/travis/build/icyphy/ptII/ptolemy/actor/lib/hoc/test/auto/CatchUpComposite2.xml (RunModel)" time="0.031" />
  <testcase classname="ptolemy.util.test.junit.AutoTests" name="[14] /home/travis/build/icyphy/ptII/ptolemy/actor/lib/hoc/test/auto/CatchUpComposite3.xml (RunModel)" time="0.031" />
  <testcase classname="ptolemy.util.test.junit.AutoTests" name="[15] /home/travis/build/icyphy/ptII/ptolemy/actor/lib/hoc/test/auto/CatchUpComposite4.xml (RunModel)" time="0.041" />
  <testcase classname="ptolemy.util.test.junit.AutoTests" name="[16] /home/travis/build/icyphy/ptII/ptolemy/actor/lib/hoc/test/auto/CatchUpComposite5.xml (RunModel)" time="0.038" />
  <testcase classname="ptolemy.util.test.junit.AutoTests" name="[17] /home/travis/build/icyphy/ptII/ptolemy/actor/lib/hoc/test/auto/CatchUpComposite6.xml (RunModel)" time="0.161" />
  <testcase classname="ptolemy.util.test.junit.AutoTests" name="[18] /home/travis/build/icyphy/ptII/ptolemy/actor/lib/hoc/test/auto/CatchUpComposite7.xml (RunModel)" time="0.1" />
  <testcase classname="ptolemy.util.test.junit.AutoTests" name="[19] /home/travis/build/icyphy/ptII/ptolemy/actor/lib/hoc/test/auto/ConcurrentExecutionTimeSDF.xml (RunModel)" time="1.676" />
  <testcase classname="ptolemy.util.test.junit.AutoTests" name="[20] /home/travis/build/icyphy/ptII/ptolemy/actor/lib/hoc/test/auto/ConcurrentSleep.xml (RunModel)" time="0.789" />
  <testcase classname="ptolemy.util.test.junit.AutoTests" name="[21] /home/travis/build/icyphy/ptII/ptolemy/actor/lib/hoc/test/auto/DEInPNInRunCompositeActor.xml (RunModel)" time="0.03" />
  <testcase classname="ptolemy.util.test.junit.AutoTests" name="[22] /home/travis/build/icyphy/ptII/ptolemy/actor/lib/hoc/test/auto/DFTSubSetTest.xml (RunModel)" time="0.279" />
  <testcase classname="ptolemy.util.test.junit.AutoTests" name="[23] /home/travis/build/icyphy/ptII/ptolemy/actor/lib/hoc/test/auto/HocDE.xml (RunModel)" time="0.178" />
  <testcase classname="ptolemy.util.test.junit.AutoTests" name="[24] /home/travis/build/icyphy/ptII/ptolemy/actor/lib/hoc/test/auto/IterateOverArray.xml (RunModel)" time="0.027" />
  <testcase classname="ptolemy.util.test.junit.AutoTests" name="[25] /home/travis/build/icyphy/ptII/ptolemy/actor/lib/hoc/test/auto/IterateOverArray10.xml (RunModel)" time="0.04" />
  <testcase classname="ptolemy.util.test.junit.AutoTests" name="[26] /home/travis/build/icyphy/ptII/ptolemy/actor/lib/hoc/test/auto/IterateOverArray11.xml (RunModel)" time="0.015" />
  <testcase classname="ptolemy.util.test.junit.AutoTests" name="[27] /home/travis/build/icyphy/ptII/ptolemy/actor/lib/hoc/test/auto/IterateOverArray12.xml (RunModel)" time="0.031" />
  <testcase classname="ptolemy.util.test.junit.AutoTests" name="[28] /home/travis/build/icyphy/ptII/ptolemy/actor/lib/hoc/test/auto/IterateOverArray13.xml (RunModel)" time="0.17" />
  <testcase classname="ptolemy.util.test.junit.AutoTests" name="[29] /home/travis/build/icyphy/ptII/ptolemy/actor/lib/hoc/test/auto/IterateOverArray14.xml (RunModel)" time="0.139" />
  <testcase classname="ptolemy.util.test.junit.AutoTests" name="[30] /home/travis/build/icyphy/ptII/ptolemy/actor/lib/hoc/test/auto/IterateOverArray2.xml (RunModel)" time="0.027" />
  <testcase classname="ptolemy.util.test.junit.AutoTests" name="[31] /home/travis/build/icyphy/ptII/ptolemy/actor/lib/hoc/test/auto/IterateOverArray3.xml (RunModel)" time="0.028" />
  <testcase classname="ptolemy.util.test.junit.AutoTests" name="[32] /home/travis/build/icyphy/ptII/ptolemy/actor/lib/hoc/test/auto/IterateOverArray4.xml (RunModel)" time="0.019" />
  <testcase classname="ptolemy.util.test.junit.AutoTests" name="[33] /home/travis/build/icyphy/ptII/ptolemy/actor/lib/hoc/test/auto/IterateOverArray5.xml (RunModel)" time="0.014" />
  <testcase classname="ptolemy.util.test.junit.AutoTests" name="[34] /home/travis/build/icyphy/ptII/ptolemy/actor/lib/hoc/test/auto/IterateOverArray6.xml (RunModel)" time="0.014" />
  <testcase classname="ptolemy.util.test.junit.AutoTests" name="[35] /home/travis/build/icyphy/ptII/ptolemy/actor/lib/hoc/test/auto/IterateOverArray7.xml (RunModel)" time="0.015" />
  <testcase classname="ptolemy.util.test.junit.AutoTests" name="[36] /home/travis/build/icyphy/ptII/ptolemy/actor/lib/hoc/test/auto/IterateOverArray8.xml (RunModel)" time="0.019" />
  <testcase classname="ptolemy.util.test.junit.AutoTests" name="[37] /home/travis/build/icyphy/ptII/ptolemy/actor/lib/hoc/test/auto/IterateOverArray9.xml (RunModel)" time="0.015" />
  <testcase classname="ptolemy.util.test.junit.AutoTests" name="[38] /home/travis/build/icyphy/ptII/ptolemy/actor/lib/hoc/test/auto/IterateOverArrayCoercedOutputType.xml (RunModel)" time="0.031" />
  <testcase classname="ptolemy.util.test.junit.AutoTests" name="[39] /home/travis/build/icyphy/ptII/ptolemy/actor/lib/hoc/test/auto/IterateOverArrayInferredOutputType.xml (RunModel)" time="0.035" />
  <testcase classname="ptolemy.util.test.junit.AutoTests" name="[40] /home/travis/build/icyphy/ptII/ptolemy/actor/lib/hoc/test/auto/MobileFunctionTest.xml (RunModel)" time="0.024" />
  <testcase classname="ptolemy.util.test.junit.AutoTests" name="[41] /home/travis/build/icyphy/ptII/ptolemy/actor/lib/hoc/test/auto/MobileModelTest.xml (RunModel)" time="0.113" />
  <testcase classname="ptolemy.util.test.junit.AutoTests" name="[42] /home/travis/build/icyphy/ptII/ptolemy/actor/lib/hoc/test/auto/ModelReference.xml (RunModel)" time="0.069" />
  <testcase classname="ptolemy.util.test.junit.AutoTests" name="[43] /home/travis/build/icyphy/ptII/ptolemy/actor/lib/hoc/test/auto/ModelReference3.xml (RunModel)" time="0.05" />
  <testcase classname="ptolemy.util.test.junit.AutoTests" name="[44] /home/travis/build/icyphy/ptII/ptolemy/actor/lib/hoc/test/auto/ModelReference4.xml (RunModel)" time="10.053" />
  <testcase classname="ptolemy.util.test.junit.AutoTests" name="[45] /home/travis/build/icyphy/ptII/ptolemy/actor/lib/hoc/test/auto/MultiInstanceComposite.xml (RunModel)" time="0.047" />
  <testcase classname="ptolemy.util.test.junit.AutoTests" name="[46] /home/travis/build/icyphy/ptII/ptolemy/actor/lib/hoc/test/auto/MultiInstanceComposite2.xml (RunModel)" time="0.036" />
  <testcase classname="ptolemy.util.test.junit.AutoTests" name="[47] /home/travis/build/icyphy/ptII/ptolemy/actor/lib/hoc/test/auto/MulticoreExecution.xml (RunModel)" time="1.053" />
  <testcase classname="ptolemy.util.test.junit.AutoTests" name="[48] /home/travis/build/icyphy/ptII/ptolemy/actor/lib/hoc/test/auto/ParallelExecution.xml (RunModel)" time="0.938" />
  <testcase classname="ptolemy.util.test.junit.AutoTests" name="[49] /home/travis/build/icyphy/ptII/ptolemy/actor/lib/hoc/test/auto/RunCompositeActor.xml (RunModel)" time="0.02" />
  <testcase classname="ptolemy.util.test.junit.AutoTests" name="[50] /home/travis/build/icyphy/ptII/ptolemy/actor/lib/hoc/test/auto/RunCompositeActor2.xml (RunModel)" time="0.045" />
  <testcase classname="ptolemy.util.test.junit.AutoTests" name="[51] /home/travis/build/icyphy/ptII/ptolemy/actor/lib/hoc/test/auto/RunCompositeActor3.xml (RunModel)" time="0.022" />
  <testcase classname="ptolemy.util.test.junit.AutoTests" name="[52] /home/travis/build/icyphy/ptII/ptolemy/actor/lib/hoc/test/auto/RunCompositeActor4.xml (RunModel)" time="0.035" />
  <testcase classname="ptolemy.util.test.junit.AutoTests" name="[53] /home/travis/build/icyphy/ptII/ptolemy/actor/lib/hoc/test/auto/RunCompositeIterateOverArray.xml (RunModel)" time="0.029" />
  <testcase classname="ptolemy.util.test.junit.AutoTests" name="[54] /home/travis/build/icyphy/ptII/ptolemy/actor/lib/hoc/test/auto/ThreadedJS.xml (RunModel)" time="4.372" />
  <system-out><![CDATA[/home/travis/build/icyphy/ptII/ptolemy/actor/lib/hoc/test/IterateOverArray.tcl
testDefs.tcl: setting time out to 9000 seconds at Tue Aug 28 01:55:41 UTC 2018
08/28/18 01:55:41
Failed: 0  Total Tests: 2  ((Passed: 2, Newly Passed: 0)  Known Failed: 0) /home/travis/build/icyphy/ptII/ptolemy/actor/lib/hoc/test
----------------- testing (KnownFailure) /home/travis/build/icyphy/ptII/ptolemy/actor/lib/hoc/test/auto/knownFailedTests/PreinitializeMustBeInvokedRunComposite.xml
35 ms. Memory: 116224K Free: 103477K (89%)
Known Failure: java.lang.reflect.InvocationTargetException
No auto/linux-amd64/*.xml tests in /home/travis/build/icyphy/ptII/ptolemy/actor/lib/hoc/test
AutoTests.java: About to close Vertx.
AutoTests.java: Vertx closed.

===========================================================================================
----------------- testing Tue Aug 28 01:55:42 UTC 2018 /home/travis/build/icyphy/ptII/ptolemy/actor/lib/hoc/test/auto/AllToAllMultiInstanceComposite.xml
----------------- Instantiating /home/travis/build/icyphy/ptII/ptolemy/actor/lib/hoc/test/auto/AllToAllMultiInstanceComposite.xml
107 ms. Memory: 146944K Free: 107559K (73%)
----------------- Invoking toplevel() on ptolemy.moml.MoMLSimpleApplication@67dc03da
----------------- Done invoking toplevel() on ptolemy.moml.MoMLSimpleApplication@67dc03da
reloadAllAccessors: .AllToAllMultiInstanceComposite

===========================================================================================
----------------- testing Tue Aug 28 01:55:42 UTC 2018 /home/travis/build/icyphy/ptII/ptolemy/actor/lib/hoc/test/auto/ApplyFFTTest.xml
----------------- Instantiating /home/travis/build/icyphy/ptII/ptolemy/actor/lib/hoc/test/auto/ApplyFFTTest.xml
118 ms. Memory: 146944K Free: 87683K (60%)
----------------- Invoking toplevel() on ptolemy.moml.MoMLSimpleApplication@5d420fc8
----------------- Done invoking toplevel() on ptolemy.moml.MoMLSimpleApplication@5d420fc8
reloadAllAccessors: .ApplyFFTTest

===========================================================================================
----------------- testing Tue Aug 28 01:55:42 UTC 2018 /home/travis/build/icyphy/ptII/ptolemy/actor/lib/hoc/test/auto/ApplyFunction.xml
----------------- Instantiating /home/travis/build/icyphy/ptII/ptolemy/actor/lib/hoc/test/auto/ApplyFunction.xml
6 ms. Memory: 146944K Free: 83956K (57%)
----------------- Invoking toplevel() on ptolemy.moml.MoMLSimpleApplication@6f1b4e15
----------------- Done invoking toplevel() on ptolemy.moml.MoMLSimpleApplication@6f1b4e15
reloadAllAccessors: .ApplyFunction

===========================================================================================
----------------- testing Tue Aug 28 01:55:42 UTC 2018 /home/travis/build/icyphy/ptII/ptolemy/actor/lib/hoc/test/auto/BackgroundExecution.xml
----------------- Instantiating /home/travis/build/icyphy/ptII/ptolemy/actor/lib/hoc/test/auto/BackgroundExecution.xml
643 ms. Memory: 146944K Free: 134561K (92%)
----------------- Invoking toplevel() on ptolemy.moml.MoMLSimpleApplication@6f60b167
----------------- Done invoking toplevel() on ptolemy.moml.MoMLSimpleApplication@6f60b167
reloadAllAccessors: .BackgroundExecution

===========================================================================================
----------------- testing Tue Aug 28 01:55:43 UTC 2018 /home/travis/build/icyphy/ptII/ptolemy/actor/lib/hoc/test/auto/Case.xml
----------------- Instantiating /home/travis/build/icyphy/ptII/ptolemy/actor/lib/hoc/test/auto/Case.xml
24 ms. Memory: 146944K Free: 125793K (86%)
----------------- Invoking toplevel() on ptolemy.moml.MoMLSimpleApplication@56429078
----------------- Done invoking toplevel() on ptolemy.moml.MoMLSimpleApplication@56429078
reloadAllAccessors: .Case

===========================================================================================
----------------- testing Tue Aug 28 01:55:43 UTC 2018 /home/travis/build/icyphy/ptII/ptolemy/actor/lib/hoc/test/auto/Case1.xml
----------------- Instantiating /home/travis/build/icyphy/ptII/ptolemy/actor/lib/hoc/test/auto/Case1.xml
9 ms. Memory: 146944K Free: 119084K (81%)
----------------- Invoking toplevel() on ptolemy.moml.MoMLSimpleApplication@280bb731
----------------- Done invoking toplevel() on ptolemy.moml.MoMLSimpleApplication@280bb731
reloadAllAccessors: .Case1

===========================================================================================
----------------- testing Tue Aug 28 01:55:43 UTC 2018 /home/travis/build/icyphy/ptII/ptolemy/actor/lib/hoc/test/auto/Case2.xml
----------------- Instantiating /home/travis/build/icyphy/ptII/ptolemy/actor/lib/hoc/test/auto/Case2.xml
49 ms. Memory: 146944K Free: 107486K (73%)
----------------- Invoking toplevel() on ptolemy.moml.MoMLSimpleApplication@390ac3b5
----------------- Done invoking toplevel() on ptolemy.moml.MoMLSimpleApplication@390ac3b5
reloadAllAccessors: .Case2

===========================================================================================
----------------- testing Tue Aug 28 01:55:43 UTC 2018 /home/travis/build/icyphy/ptII/ptolemy/actor/lib/hoc/test/auto/Case3.xml
----------------- Instantiating /home/travis/build/icyphy/ptII/ptolemy/actor/lib/hoc/test/auto/Case3.xml
16 ms. Memory: 146944K Free: 101085K (69%)
----------------- Invoking toplevel() on ptolemy.moml.MoMLSimpleApplication@3a738f0a
----------------- Done invoking toplevel() on ptolemy.moml.MoMLSimpleApplication@3a738f0a
reloadAllAccessors: .Case3

===========================================================================================
----------------- testing Tue Aug 28 01:55:43 UTC 2018 /home/travis/build/icyphy/ptII/ptolemy/actor/lib/hoc/test/auto/Case4.xml
----------------- Instantiating /home/travis/build/icyphy/ptII/ptolemy/actor/lib/hoc/test/auto/Case4.xml
18 ms. Memory: 146944K Free: 92332K (63%)
----------------- Invoking toplevel() on ptolemy.moml.MoMLSimpleApplication@6d14fc32
----------------- Done invoking toplevel() on ptolemy.moml.MoMLSimpleApplication@6d14fc32
reloadAllAccessors: .Case4

===========================================================================================
----------------- testing Tue Aug 28 01:55:43 UTC 2018 /home/travis/build/icyphy/ptII/ptolemy/actor/lib/hoc/test/auto/Case5.xml
----------------- Instantiating /home/travis/build/icyphy/ptII/ptolemy/actor/lib/hoc/test/auto/Case5.xml
46 ms. Memory: 146944K Free: 85688K (58%)
----------------- Invoking toplevel() on ptolemy.moml.MoMLSimpleApplication@7bb8564d
----------------- Done invoking toplevel() on ptolemy.moml.MoMLSimpleApplication@7bb8564d
reloadAllAccessors: .junk

===========================================================================================
----------------- testing Tue Aug 28 01:55:43 UTC 2018 /home/travis/build/icyphy/ptII/ptolemy/actor/lib/hoc/test/auto/Case6.xml
----------------- Instantiating /home/travis/build/icyphy/ptII/ptolemy/actor/lib/hoc/test/auto/Case6.xml
41 ms. Memory: 208384K Free: 195081K (94%)
----------------- Invoking toplevel() on ptolemy.moml.MoMLSimpleApplication@1313e621
----------------- Done invoking toplevel() on ptolemy.moml.MoMLSimpleApplication@1313e621
reloadAllAccessors: .Case6

===========================================================================================
----------------- testing Tue Aug 28 01:55:43 UTC 2018 /home/travis/build/icyphy/ptII/ptolemy/actor/lib/hoc/test/auto/CaseString2.xml
----------------- Instantiating /home/travis/build/icyphy/ptII/ptolemy/actor/lib/hoc/test/auto/CaseString2.xml
17 ms. Memory: 208384K Free: 185508K (89%)
----------------- Invoking toplevel() on ptolemy.moml.MoMLSimpleApplication@2239f45c
----------------- Done invoking toplevel() on ptolemy.moml.MoMLSimpleApplication@2239f45c
reloadAllAccessors: .CaseString2

===========================================================================================
----------------- testing Tue Aug 28 01:55:43 UTC 2018 /home/travis/build/icyphy/ptII/ptolemy/actor/lib/hoc/test/auto/CatchUpComposite1.xml
----------------- Instantiating /home/travis/build/icyphy/ptII/ptolemy/actor/lib/hoc/test/auto/CatchUpComposite1.xml
18 ms. Memory: 208384K Free: 175613K (84%)
----------------- Invoking toplevel() on ptolemy.moml.MoMLSimpleApplication@143d0f90
----------------- Done invoking toplevel() on ptolemy.moml.MoMLSimpleApplication@143d0f90
reloadAllAccessors: .CatchUpComposite1

===========================================================================================
----------------- testing Tue Aug 28 01:55:44 UTC 2018 /home/travis/build/icyphy/ptII/ptolemy/actor/lib/hoc/test/auto/CatchUpComposite2.xml
----------------- Instantiating /home/travis/build/icyphy/ptII/ptolemy/actor/lib/hoc/test/auto/CatchUpComposite2.xml
8 ms. Memory: 208384K Free: 165766K (80%)
----------------- Invoking toplevel() on ptolemy.moml.MoMLSimpleApplication@5d9ef2b3
----------------- Done invoking toplevel() on ptolemy.moml.MoMLSimpleApplication@5d9ef2b3
reloadAllAccessors: .CatchUpComposite2

===========================================================================================
----------------- testing Tue Aug 28 01:55:44 UTC 2018 /home/travis/build/icyphy/ptII/ptolemy/actor/lib/hoc/test/auto/CatchUpComposite3.xml
----------------- Instantiating /home/travis/build/icyphy/ptII/ptolemy/actor/lib/hoc/test/auto/CatchUpComposite3.xml
5 ms. Memory: 208384K Free: 155626K (75%)
----------------- Invoking toplevel() on ptolemy.moml.MoMLSimpleApplication@7ac00d4d
----------------- Done invoking toplevel() on ptolemy.moml.MoMLSimpleApplication@7ac00d4d
reloadAllAccessors: .CatchUpComposite3

===========================================================================================
----------------- testing Tue Aug 28 01:55:44 UTC 2018 /home/travis/build/icyphy/ptII/ptolemy/actor/lib/hoc/test/auto/CatchUpComposite4.xml
----------------- Instantiating /home/travis/build/icyphy/ptII/ptolemy/actor/lib/hoc/test/auto/CatchUpComposite4.xml
15 ms. Memory: 208384K Free: 146362K (70%)
----------------- Invoking toplevel() on ptolemy.moml.MoMLSimpleApplication@382dcbb2
----------------- Done invoking toplevel() on ptolemy.moml.MoMLSimpleApplication@382dcbb2
reloadAllAccessors: .CatchUpComposite4

===========================================================================================
----------------- testing Tue Aug 28 01:55:44 UTC 2018 /home/travis/build/icyphy/ptII/ptolemy/actor/lib/hoc/test/auto/CatchUpComposite5.xml
----------------- Instantiating /home/travis/build/icyphy/ptII/ptolemy/actor/lib/hoc/test/auto/CatchUpComposite5.xml
13 ms. Memory: 208384K Free: 137728K (66%)
----------------- Invoking toplevel() on ptolemy.moml.MoMLSimpleApplication@2a66f916
----------------- Done invoking toplevel() on ptolemy.moml.MoMLSimpleApplication@2a66f916
reloadAllAccessors: .CatchUpComposite5

===========================================================================================
----------------- testing Tue Aug 28 01:55:44 UTC 2018 /home/travis/build/icyphy/ptII/ptolemy/actor/lib/hoc/test/auto/CatchUpComposite6.xml
----------------- Instantiating /home/travis/build/icyphy/ptII/ptolemy/actor/lib/hoc/test/auto/CatchUpComposite6.xml
WARNING: The execution aspects in this model can influence the timing of actors by delaying the 
execution, potentially changing the behavior. There is no guarantee that actors fire at the 
time they request to be fired. 
Use Ptides for deterministic DE behavior that is not influenced by execution aspects. 

91 ms. Memory: 208384K Free: 118809K (57%)
----------------- Invoking toplevel() on ptolemy.moml.MoMLSimpleApplication@685cc730
----------------- Done invoking toplevel() on ptolemy.moml.MoMLSimpleApplication@685cc730
reloadAllAccessors: .CatchUpComposite6

===========================================================================================
----------------- testing Tue Aug 28 01:55:44 UTC 2018 /home/travis/build/icyphy/ptII/ptolemy/actor/lib/hoc/test/auto/CatchUpComposite7.xml
----------------- Instantiating /home/travis/build/icyphy/ptII/ptolemy/actor/lib/hoc/test/auto/CatchUpComposite7.xml
WARNING: The execution aspects in this model can influence the timing of actors by delaying the 
execution, potentially changing the behavior. There is no guarantee that actors fire at the 
time they request to be fired. 
Use Ptides for deterministic DE behavior that is not influenced by execution aspects. 

41 ms. Memory: 208384K Free: 102059K (49%)
----------------- Invoking toplevel() on ptolemy.moml.MoMLSimpleApplication@3823eda6
----------------- Done invoking toplevel() on ptolemy.moml.MoMLSimpleApplication@3823eda6
reloadAllAccessors: .CatchUpComposite7

===========================================================================================
----------------- testing Tue Aug 28 01:55:44 UTC 2018 /home/travis/build/icyphy/ptII/ptolemy/actor/lib/hoc/test/auto/ConcurrentExecutionTimeSDF.xml
----------------- Instantiating /home/travis/build/icyphy/ptII/ptolemy/actor/lib/hoc/test/auto/ConcurrentExecutionTimeSDF.xml
Fired ExecutionTime: 40400000
Fired ExecutionTime: 40400000
Fired ExecutionTime: 40400000
Fired ExecutionTime: 40400000
Fired ExecutionTime: 40400000
Fired ExecutionTime: 40400000
Fired ExecutionTime: 40400000
Fired ExecutionTime: 40400000
Fired ExecutionTime: 40400000
Fired ExecutionTime: 40400000
Fired ExecutionTime: 40400000
Fired ExecutionTime: 40400000
Fired ExecutionTime: 40400000
Fired ExecutionTime: 40400000
Fired ExecutionTime: 40400000
Fired ExecutionTime: 40400000
Fired ExecutionTime: 40400000
Fired ExecutionTime: 40400000
Fired ExecutionTime: 40400000
Fired ExecutionTime: 40400000
1660 ms. Memory: 208384K Free: 92180K (44%)
----------------- Invoking toplevel() on ptolemy.moml.MoMLSimpleApplication@df0761e
----------------- Done invoking toplevel() on ptolemy.moml.MoMLSimpleApplication@df0761e
reloadAllAccessors: .ConcurrentExecutionTimeSDF

===========================================================================================
----------------- testing Tue Aug 28 01:55:46 UTC 2018 /home/travis/build/icyphy/ptII/ptolemy/actor/lib/hoc/test/auto/ConcurrentSleep.xml
----------------- Instantiating /home/travis/build/icyphy/ptII/ptolemy/actor/lib/hoc/test/auto/ConcurrentSleep.xml
738 ms. Memory: 208384K Free: 199989K (96%)
----------------- Invoking toplevel() on ptolemy.moml.MoMLSimpleApplication@206cc1b4
----------------- Done invoking toplevel() on ptolemy.moml.MoMLSimpleApplication@206cc1b4
reloadAllAccessors: .ConcurrentSleep

===========================================================================================
----------------- testing Tue Aug 28 01:55:46 UTC 2018 /home/travis/build/icyphy/ptII/ptolemy/actor/lib/hoc/test/auto/DEInPNInRunCompositeActor.xml
----------------- Instantiating /home/travis/build/icyphy/ptII/ptolemy/actor/lib/hoc/test/auto/DEInPNInRunCompositeActor.xml
12 ms. Memory: 208384K Free: 192548K (92%)
----------------- Invoking toplevel() on ptolemy.moml.MoMLSimpleApplication@446e9680
----------------- Done invoking toplevel() on ptolemy.moml.MoMLSimpleApplication@446e9680
reloadAllAccessors: .DEInPNInRunCompositeActor

===========================================================================================
----------------- testing Tue Aug 28 01:55:46 UTC 2018 /home/travis/build/icyphy/ptII/ptolemy/actor/lib/hoc/test/auto/DFTSubSetTest.xml
----------------- Instantiating /home/travis/build/icyphy/ptII/ptolemy/actor/lib/hoc/test/auto/DFTSubSetTest.xml
171 ms. Memory: 208384K Free: 145258K (70%)
----------------- Invoking toplevel() on ptolemy.moml.MoMLSimpleApplication@3475166d
----------------- Done invoking toplevel() on ptolemy.moml.MoMLSimpleApplication@3475166d
reloadAllAccessors: .DFTSubSetTest

===========================================================================================
----------------- testing Tue Aug 28 01:55:47 UTC 2018 /home/travis/build/icyphy/ptII/ptolemy/actor/lib/hoc/test/auto/HocDE.xml
----------------- Instantiating /home/travis/build/icyphy/ptII/ptolemy/actor/lib/hoc/test/auto/HocDE.xml
121 ms. Memory: 208384K Free: 117834K (57%)
----------------- Invoking toplevel() on ptolemy.moml.MoMLSimpleApplication@b052c2d
----------------- Done invoking toplevel() on ptolemy.moml.MoMLSimpleApplication@b052c2d
reloadAllAccessors: .HocDE

===========================================================================================
----------------- testing Tue Aug 28 01:55:47 UTC 2018 /home/travis/build/icyphy/ptII/ptolemy/actor/lib/hoc/test/auto/IterateOverArray.xml
----------------- Instantiating /home/travis/build/icyphy/ptII/ptolemy/actor/lib/hoc/test/auto/IterateOverArray.xml
7 ms. Memory: 208384K Free: 113379K (54%)
----------------- Invoking toplevel() on ptolemy.moml.MoMLSimpleApplication@854c90a
----------------- Done invoking toplevel() on ptolemy.moml.MoMLSimpleApplication@854c90a
reloadAllAccessors: .IterateOverArray

===========================================================================================
----------------- testing Tue Aug 28 01:55:47 UTC 2018 /home/travis/build/icyphy/ptII/ptolemy/actor/lib/hoc/test/auto/IterateOverArray10.xml
----------------- Instantiating /home/travis/build/icyphy/ptII/ptolemy/actor/lib/hoc/test/auto/IterateOverArray10.xml
2 ms. Memory: 208384K Free: 109314K (52%)
----------------- Invoking toplevel() on ptolemy.moml.MoMLSimpleApplication@f7f1381
----------------- Done invoking toplevel() on ptolemy.moml.MoMLSimpleApplication@f7f1381
reloadAllAccessors: .IterateOverArray10

===========================================================================================
----------------- testing Tue Aug 28 01:55:47 UTC 2018 /home/travis/build/icyphy/ptII/ptolemy/actor/lib/hoc/test/auto/IterateOverArray11.xml
----------------- Instantiating /home/travis/build/icyphy/ptII/ptolemy/actor/lib/hoc/test/auto/IterateOverArray11.xml
3 ms. Memory: 208384K Free: 104858K (50%)
----------------- Invoking toplevel() on ptolemy.moml.MoMLSimpleApplication@68dda035
----------------- Done invoking toplevel() on ptolemy.moml.MoMLSimpleApplication@68dda035
reloadAllAccessors: .IterateOverArray11

===========================================================================================
----------------- testing Tue Aug 28 01:55:47 UTC 2018 /home/travis/build/icyphy/ptII/ptolemy/actor/lib/hoc/test/auto/IterateOverArray12.xml
----------------- Instantiating /home/travis/build/icyphy/ptII/ptolemy/actor/lib/hoc/test/auto/IterateOverArray12.xml
12 ms. Memory: 208384K Free: 97828K (47%)
----------------- Invoking toplevel() on ptolemy.moml.MoMLSimpleApplication@1a14fe06
----------------- Done invoking toplevel() on ptolemy.moml.MoMLSimpleApplication@1a14fe06
reloadAllAccessors: .IterateOverArray12

===========================================================================================
----------------- testing Tue Aug 28 01:55:47 UTC 2018 /home/travis/build/icyphy/ptII/ptolemy/actor/lib/hoc/test/auto/IterateOverArray13.xml
----------------- Instantiating /home/travis/build/icyphy/ptII/ptolemy/actor/lib/hoc/test/auto/IterateOverArray13.xml
75 ms. Memory: 331264K Free: 313256K (95%)
----------------- Invoking toplevel() on ptolemy.moml.MoMLSimpleApplication@18d28336
----------------- Done invoking toplevel() on ptolemy.moml.MoMLSimpleApplication@18d28336
reloadAllAccessors: .IterateOverArray13

===========================================================================================
----------------- testing Tue Aug 28 01:55:47 UTC 2018 /home/travis/build/icyphy/ptII/ptolemy/actor/lib/hoc/test/auto/IterateOverArray14.xml
----------------- Instantiating /home/travis/build/icyphy/ptII/ptolemy/actor/lib/hoc/test/auto/IterateOverArray14.xml
58 ms. Memory: 331264K Free: 276931K (84%)
----------------- Invoking toplevel() on ptolemy.moml.MoMLSimpleApplication@112ef3ba
----------------- Done invoking toplevel() on ptolemy.moml.MoMLSimpleApplication@112ef3ba
reloadAllAccessors: .IterateOverArray14

===========================================================================================
----------------- testing Tue Aug 28 01:55:47 UTC 2018 /home/travis/build/icyphy/ptII/ptolemy/actor/lib/hoc/test/auto/IterateOverArray2.xml
----------------- Instantiating /home/travis/build/icyphy/ptII/ptolemy/actor/lib/hoc/test/auto/IterateOverArray2.xml
8 ms. Memory: 331264K Free: 272037K (82%)
----------------- Invoking toplevel() on ptolemy.moml.MoMLSimpleApplication@46635914
----------------- Done invoking toplevel() on ptolemy.moml.MoMLSimpleApplication@46635914
reloadAllAccessors: .IterateOverArray2

===========================================================================================
----------------- testing Tue Aug 28 01:55:47 UTC 2018 /home/travis/build/icyphy/ptII/ptolemy/actor/lib/hoc/test/auto/IterateOverArray3.xml
----------------- Instantiating /home/travis/build/icyphy/ptII/ptolemy/actor/lib/hoc/test/auto/IterateOverArray3.xml
6 ms. Memory: 331264K Free: 262634K (79%)
----------------- Invoking toplevel() on ptolemy.moml.MoMLSimpleApplication@2f95f17
----------------- Done invoking toplevel() on ptolemy.moml.MoMLSimpleApplication@2f95f17
reloadAllAccessors: .IterateOverArray3

===========================================================================================
----------------- testing Tue Aug 28 01:55:47 UTC 2018 /home/travis/build/icyphy/ptII/ptolemy/actor/lib/hoc/test/auto/IterateOverArray4.xml
----------------- Instantiating /home/travis/build/icyphy/ptII/ptolemy/actor/lib/hoc/test/auto/IterateOverArray4.xml
4 ms. Memory: 331264K Free: 257739K (78%)
----------------- Invoking toplevel() on ptolemy.moml.MoMLSimpleApplication@1e18a2b9
----------------- Done invoking toplevel() on ptolemy.moml.MoMLSimpleApplication@1e18a2b9
reloadAllAccessors: .IterateOverArray4

===========================================================================================
----------------- testing Tue Aug 28 01:55:47 UTC 2018 /home/travis/build/icyphy/ptII/ptolemy/actor/lib/hoc/test/auto/IterateOverArray5.xml
----------------- Instantiating /home/travis/build/icyphy/ptII/ptolemy/actor/lib/hoc/test/auto/IterateOverArray5.xml
3 ms. Memory: 331264K Free: 252844K (76%)
----------------- Invoking toplevel() on ptolemy.moml.MoMLSimpleApplication@3e0ad892
----------------- Done invoking toplevel() on ptolemy.moml.MoMLSimpleApplication@3e0ad892
reloadAllAccessors: .IterateOverArray5

===========================================================================================
----------------- testing Tue Aug 28 01:55:47 UTC 2018 /home/travis/build/icyphy/ptII/ptolemy/actor/lib/hoc/test/auto/IterateOverArray6.xml
----------------- Instantiating /home/travis/build/icyphy/ptII/ptolemy/actor/lib/hoc/test/auto/IterateOverArray6.xml
3 ms. Memory: 331264K Free: 248337K (75%)
----------------- Invoking toplevel() on ptolemy.moml.MoMLSimpleApplication@408cc6a3
----------------- Done invoking toplevel() on ptolemy.moml.MoMLSimpleApplication@408cc6a3
reloadAllAccessors: .IterateOverArray6

===========================================================================================
----------------- testing Tue Aug 28 01:55:47 UTC 2018 /home/travis/build/icyphy/ptII/ptolemy/actor/lib/hoc/test/auto/IterateOverArray7.xml
----------------- Instantiating /home/travis/build/icyphy/ptII/ptolemy/actor/lib/hoc/test/auto/IterateOverArray7.xml
4 ms. Memory: 331264K Free: 243442K (73%)
----------------- Invoking toplevel() on ptolemy.moml.MoMLSimpleApplication@1e71f7f7
----------------- Done invoking toplevel() on ptolemy.moml.MoMLSimpleApplication@1e71f7f7
reloadAllAccessors: .IterateOverArray7

===========================================================================================
----------------- testing Tue Aug 28 01:55:47 UTC 2018 /home/travis/build/icyphy/ptII/ptolemy/actor/lib/hoc/test/auto/IterateOverArray8.xml
----------------- Instantiating /home/travis/build/icyphy/ptII/ptolemy/actor/lib/hoc/test/auto/IterateOverArray8.xml
4 ms. Memory: 331264K Free: 237710K (72%)
----------------- Invoking toplevel() on ptolemy.moml.MoMLSimpleApplication@f5359d3
----------------- Done invoking toplevel() on ptolemy.moml.MoMLSimpleApplication@f5359d3
reloadAllAccessors: .IterateOverArray8

===========================================================================================
----------------- testing Tue Aug 28 01:55:47 UTC 2018 /home/travis/build/icyphy/ptII/ptolemy/actor/lib/hoc/test/auto/IterateOverArray9.xml
----------------- Instantiating /home/travis/build/icyphy/ptII/ptolemy/actor/lib/hoc/test/auto/IterateOverArray9.xml
5 ms. Memory: 331264K Free: 232815K (70%)
----------------- Invoking toplevel() on ptolemy.moml.MoMLSimpleApplication@52cea82f
----------------- Done invoking toplevel() on ptolemy.moml.MoMLSimpleApplication@52cea82f
reloadAllAccessors: .IterateOverArray9

===========================================================================================
----------------- testing Tue Aug 28 01:55:47 UTC 2018 /home/travis/build/icyphy/ptII/ptolemy/actor/lib/hoc/test/auto/IterateOverArrayCoercedOutputType.xml
----------------- Instantiating /home/travis/build/icyphy/ptII/ptolemy/actor/lib/hoc/test/auto/IterateOverArrayCoercedOutputType.xml
4 ms. Memory: 331264K Free: 226697K (68%)
----------------- Invoking toplevel() on ptolemy.moml.MoMLSimpleApplication@3a536ec
----------------- Done invoking toplevel() on ptolemy.moml.MoMLSimpleApplication@3a536ec
reloadAllAccessors: .IterateOverArrayCoercedOutputType

===========================================================================================
----------------- testing Tue Aug 28 01:55:48 UTC 2018 /home/travis/build/icyphy/ptII/ptolemy/actor/lib/hoc/test/auto/IterateOverArrayInferredOutputType.xml
----------------- Instantiating /home/travis/build/icyphy/ptII/ptolemy/actor/lib/hoc/test/auto/IterateOverArrayInferredOutputType.xml
12 ms. Memory: 331264K Free: 219741K (66%)
----------------- Invoking toplevel() on ptolemy.moml.MoMLSimpleApplication@4f2ef30b
----------------- Done invoking toplevel() on ptolemy.moml.MoMLSimpleApplication@4f2ef30b
reloadAllAccessors: .IterateOverArrayInferredOutputType

===========================================================================================
----------------- testing Tue Aug 28 01:55:48 UTC 2018 /home/travis/build/icyphy/ptII/ptolemy/actor/lib/hoc/test/auto/MobileFunctionTest.xml
----------------- Instantiating /home/travis/build/icyphy/ptII/ptolemy/actor/lib/hoc/test/auto/MobileFunctionTest.xml
4 ms. Memory: 331264K Free: 214847K (65%)
----------------- Invoking toplevel() on ptolemy.moml.MoMLSimpleApplication@2ffbbbd0
----------------- Done invoking toplevel() on ptolemy.moml.MoMLSimpleApplication@2ffbbbd0
reloadAllAccessors: .MobileFunctionTest

===========================================================================================
----------------- testing Tue Aug 28 01:55:48 UTC 2018 /home/travis/build/icyphy/ptII/ptolemy/actor/lib/hoc/test/auto/MobileModelTest.xml
----------------- Instantiating /home/travis/build/icyphy/ptII/ptolemy/actor/lib/hoc/test/auto/MobileModelTest.xml
74 ms. Memory: 331264K Free: 193191K (58%)
----------------- Invoking toplevel() on ptolemy.moml.MoMLSimpleApplication@2e83b88b
----------------- Done invoking toplevel() on ptolemy.moml.MoMLSimpleApplication@2e83b88b
reloadAllAccessors: .MobileModelTest

===========================================================================================
----------------- testing Tue Aug 28 01:55:48 UTC 2018 /home/travis/build/icyphy/ptII/ptolemy/actor/lib/hoc/test/auto/ModelReference.xml
----------------- Instantiating /home/travis/build/icyphy/ptII/ptolemy/actor/lib/hoc/test/auto/ModelReference.xml
8 ms. Memory: 331264K Free: 184625K (56%)
2 ms. Memory: 331264K Free: 183401K (55%)
1 ms. Memory: 331264K Free: 183401K (55%)
2 ms. Memory: 331264K Free: 182178K (55%)
1 ms. Memory: 331264K Free: 180954K (55%)
1 ms. Memory: 331264K Free: 180954K (55%)
1 ms. Memory: 331264K Free: 179730K (54%)
1 ms. Memory: 331264K Free: 178507K (54%)
4 ms. Memory: 331264K Free: 178507K (54%)
2 ms. Memory: 331264K Free: 177283K (54%)
39 ms. Memory: 331264K Free: 177283K (54%)
----------------- Invoking toplevel() on ptolemy.moml.MoMLSimpleApplication@7edb8e5f
----------------- Done invoking toplevel() on ptolemy.moml.MoMLSimpleApplication@7edb8e5f
reloadAllAccessors: .ModelReference

===========================================================================================
----------------- testing Tue Aug 28 01:55:48 UTC 2018 /home/travis/build/icyphy/ptII/ptolemy/actor/lib/hoc/test/auto/ModelReference3.xml
----------------- Instantiating /home/travis/build/icyphy/ptII/ptolemy/actor/lib/hoc/test/auto/ModelReference3.xml
3 ms. Memory: 331264K Free: 171164K (52%)
6 ms. Memory: 331264K Free: 171164K (52%)
1 ms. Memory: 331264K Free: 169941K (51%)
3 ms. Memory: 331264K Free: 168717K (51%)
3 ms. Memory: 331264K Free: 168717K (51%)
2 ms. Memory: 331264K Free: 167493K (51%)
3 ms. Memory: 331264K Free: 166270K (50%)
2 ms. Memory: 331264K Free: 166270K (50%)
2 ms. Memory: 331264K Free: 165046K (50%)
1 ms. Memory: 331264K Free: 163822K (49%)
35 ms. Memory: 331264K Free: 163822K (49%)
----------------- Invoking toplevel() on ptolemy.moml.MoMLSimpleApplication@5fba2351
----------------- Done invoking toplevel() on ptolemy.moml.MoMLSimpleApplication@5fba2351
reloadAllAccessors: .ModelReference3

===========================================================================================
----------------- testing Tue Aug 28 01:55:48 UTC 2018 /home/travis/build/icyphy/ptII/ptolemy/actor/lib/hoc/test/auto/ModelReference4.xml
----------------- Instantiating /home/travis/build/icyphy/ptII/ptolemy/actor/lib/hoc/test/auto/ModelReference4.xml
3 ms. Memory: 331264K Free: 156867K (47%)
3 ms. Memory: 331264K Free: 155644K (47%)
2 ms. Memory: 331264K Free: 153196K (46%)
2 ms. Memory: 331264K Free: 151973K (46%)
4 ms. Memory: 331264K Free: 150749K (46%)
7 ms. Memory: 331264K Free: 149525K (45%)
4 ms. Memory: 331264K Free: 148302K (45%)
2 ms. Memory: 331264K Free: 147078K (44%)
2 ms. Memory: 331264K Free: 144614K (44%)
2 ms. Memory: 331264K Free: 143391K (43%)
10038 ms. Memory: 331264K Free: 143391K (43%)
----------------- Invoking toplevel() on ptolemy.moml.MoMLSimpleApplication@73bfa72c
----------------- Done invoking toplevel() on ptolemy.moml.MoMLSimpleApplication@73bfa72c
reloadAllAccessors: .ModelReference4

===========================================================================================
----------------- testing Tue Aug 28 01:55:58 UTC 2018 /home/travis/build/icyphy/ptII/ptolemy/actor/lib/hoc/test/auto/MultiInstanceComposite.xml
----------------- Instantiating /home/travis/build/icyphy/ptII/ptolemy/actor/lib/hoc/test/auto/MultiInstanceComposite.xml
30 ms. Memory: 331264K Free: 126155K (38%)
----------------- Invoking toplevel() on ptolemy.moml.MoMLSimpleApplication@40f3b6c3
----------------- Done invoking toplevel() on ptolemy.moml.MoMLSimpleApplication@40f3b6c3
reloadAllAccessors: .MultiInstanceComposite

===========================================================================================
----------------- testing Tue Aug 28 01:55:58 UTC 2018 /home/travis/build/icyphy/ptII/ptolemy/actor/lib/hoc/test/auto/MultiInstanceComposite2.xml
----------------- Instantiating /home/travis/build/icyphy/ptII/ptolemy/actor/lib/hoc/test/auto/MultiInstanceComposite2.xml
16 ms. Memory: 331264K Free: 111778K (34%)
----------------- Invoking toplevel() on ptolemy.moml.MoMLSimpleApplication@517e07fe
----------------- Done invoking toplevel() on ptolemy.moml.MoMLSimpleApplication@517e07fe
reloadAllAccessors: .MultiInstanceComposite2

===========================================================================================
----------------- testing Tue Aug 28 01:55:58 UTC 2018 /home/travis/build/icyphy/ptII/ptolemy/actor/lib/hoc/test/auto/MulticoreExecution.xml
----------------- Instantiating /home/travis/build/icyphy/ptII/ptolemy/actor/lib/hoc/test/auto/MulticoreExecution.xml
Fired ExecutionTime: 2000000
Fired ExecutionTime: 4800000
Fired ExecutionTime: 42800000
Fired ExecutionTime: 67200000
Fired ExecutionTime: 66000000
Fired ExecutionTime: 66800000
Fired ExecutionTime: 66400000
Fired ExecutionTime: 66800000
Fired ExecutionTime: 66000000
Fired ExecutionTime: 66400000
Fired ExecutionTime: 63600000
Fired ExecutionTime: 63600000
Fired ExecutionTime: 66000000
Fired ExecutionTime: 66000000
Fired ExecutionTime: 63600000
Fired ExecutionTime: 64800000
Fired ExecutionTime: 66400000
Fired ExecutionTime: 64800000
Fired ExecutionTime: 64800000
Fired ExecutionTime: 65200000
1030 ms. Memory: 331264K Free: 99492K (30%)
----------------- Invoking toplevel() on ptolemy.moml.MoMLSimpleApplication@29a01e21
----------------- Done invoking toplevel() on ptolemy.moml.MoMLSimpleApplication@29a01e21
reloadAllAccessors: .MulticoreExecution

===========================================================================================
----------------- testing Tue Aug 28 01:55:59 UTC 2018 /home/travis/build/icyphy/ptII/ptolemy/actor/lib/hoc/test/auto/ParallelExecution.xml
----------------- Instantiating /home/travis/build/icyphy/ptII/ptolemy/actor/lib/hoc/test/auto/ParallelExecution.xml
914 ms. Memory: 331264K Free: 88431K (27%)
----------------- Invoking toplevel() on ptolemy.moml.MoMLSimpleApplication@3e18dc1b
----------------- Done invoking toplevel() on ptolemy.moml.MoMLSimpleApplication@3e18dc1b
reloadAllAccessors: .ParallelExecution

===========================================================================================
----------------- testing Tue Aug 28 01:56:00 UTC 2018 /home/travis/build/icyphy/ptII/ptolemy/actor/lib/hoc/test/auto/RunCompositeActor.xml
----------------- Instantiating /home/travis/build/icyphy/ptII/ptolemy/actor/lib/hoc/test/auto/RunCompositeActor.xml
5 ms. Memory: 331264K Free: 79447K (24%)
----------------- Invoking toplevel() on ptolemy.moml.MoMLSimpleApplication@5523332a
----------------- Done invoking toplevel() on ptolemy.moml.MoMLSimpleApplication@5523332a
reloadAllAccessors: .RunCompositeActor

===========================================================================================
----------------- testing Tue Aug 28 01:56:00 UTC 2018 /home/travis/build/icyphy/ptII/ptolemy/actor/lib/hoc/test/auto/RunCompositeActor2.xml
----------------- Instantiating /home/travis/build/icyphy/ptII/ptolemy/actor/lib/hoc/test/auto/RunCompositeActor2.xml
11 ms. Memory: 332288K Free: 316773K (95%)
----------------- Invoking toplevel() on ptolemy.moml.MoMLSimpleApplication@596f684e
----------------- Done invoking toplevel() on ptolemy.moml.MoMLSimpleApplication@596f684e
reloadAllAccessors: .RunCompositeActor2

===========================================================================================
----------------- testing Tue Aug 28 01:56:00 UTC 2018 /home/travis/build/icyphy/ptII/ptolemy/actor/lib/hoc/test/auto/RunCompositeActor3.xml
----------------- Instantiating /home/travis/build/icyphy/ptII/ptolemy/actor/lib/hoc/test/auto/RunCompositeActor3.xml
6 ms. Memory: 332288K Free: 309636K (93%)
----------------- Invoking toplevel() on ptolemy.moml.MoMLSimpleApplication@6697001
----------------- Done invoking toplevel() on ptolemy.moml.MoMLSimpleApplication@6697001
reloadAllAccessors: .RunCompositeActor3

===========================================================================================
----------------- testing Tue Aug 28 01:56:00 UTC 2018 /home/travis/build/icyphy/ptII/ptolemy/actor/lib/hoc/test/auto/RunCompositeActor4.xml
----------------- Instantiating /home/travis/build/icyphy/ptII/ptolemy/actor/lib/hoc/test/auto/RunCompositeActor4.xml
14 ms. Memory: 332288K Free: 299018K (90%)
----------------- Invoking toplevel() on ptolemy.moml.MoMLSimpleApplication@6f6aa8f7
----------------- Done invoking toplevel() on ptolemy.moml.MoMLSimpleApplication@6f6aa8f7
reloadAllAccessors: .RunCompositeActor4

===========================================================================================
----------------- testing Tue Aug 28 01:56:00 UTC 2018 /home/travis/build/icyphy/ptII/ptolemy/actor/lib/hoc/test/auto/RunCompositeIterateOverArray.xml
----------------- Instantiating /home/travis/build/icyphy/ptII/ptolemy/actor/lib/hoc/test/auto/RunCompositeIterateOverArray.xml
4 ms. Memory: 332288K Free: 290844K (88%)
----------------- Invoking toplevel() on ptolemy.moml.MoMLSimpleApplication@3ec3e02d
----------------- Done invoking toplevel() on ptolemy.moml.MoMLSimpleApplication@3ec3e02d
reloadAllAccessors: .RunCompositeIterateOverArray

===========================================================================================
----------------- testing Tue Aug 28 01:56:00 UTC 2018 /home/travis/build/icyphy/ptII/ptolemy/actor/lib/hoc/test/auto/ThreadedJS.xml
----------------- Instantiating /home/travis/build/icyphy/ptII/ptolemy/actor/lib/hoc/test/auto/ThreadedJS.xml
1646 ms. Memory: 539648K Free: 159731K (30%)
----------------- Invoking toplevel() on ptolemy.moml.MoMLSimpleApplication@3bef7a85
----------------- Done invoking toplevel() on ptolemy.moml.MoMLSimpleApplication@3bef7a85
reloadAllAccessors: .ThreadedJS
AutoTests.java: About to close Vertx.
AutoTests.java: Vertx closed.
]]></system-out>
  <system-err><![CDATA[java.lang.RuntimeException: Execution failed
	at ptolemy.moml.MoMLSimpleApplication$UnloadThread.run(MoMLSimpleApplication.java:402)
Caused by: ptolemy.kernel.util.IllegalActionException: initialize() was called after wrapup() was called but preinitialize() was not called after wrapup().
	at ptolemy.actor.lib.hoc.test.PreinitializeMustBeInvoked.initialize(PreinitializeMustBeInvoked.java:78)
	at ptolemy.actor.Director.initialize(Director.java:938)
	at ptolemy.actor.Director.initialize(Director.java:907)
	at ptolemy.actor.sched.StaticSchedulingDirector.initialize(StaticSchedulingDirector.java:159)
	at ptolemy.domains.sdf.kernel.SDFDirector.initialize(SDFDirector.java:544)
	at ptolemy.actor.CompositeActor.initialize(CompositeActor.java:935)
	at ptolemy.actor.lib.hoc.LifeCycleManager._executeInsideModel(LifeCycleManager.java:339)
	at ptolemy.actor.lib.hoc.RunCompositeActor.fire(RunCompositeActor.java:205)
	at ptolemy.actor.CompositeActor.iterate(CompositeActor.java:1146)
	at ptolemy.actor.sched.StaticSchedulingDirector.fire(StaticSchedulingDirector.java:216)
	at ptolemy.domains.sdf.kernel.SDFDirector.fire(SDFDirector.java:500)
	at ptolemy.actor.CompositeActor.fire(CompositeActor.java:455)
	at ptolemy.actor.Manager.iterate(Manager.java:851)
	at ptolemy.actor.Manager.execute(Manager.java:369)
	at ptolemy.actor.Manager.run(Manager.java:1263)
	at ptolemy.actor.Manager$PtolemyRunThread.run(Manager.java:1915)
java.lang.reflect.InvocationTargetException
	at sun.reflect.NativeConstructorAccessorImpl.newInstance0(Native Method)
	at sun.reflect.NativeConstructorAccessorImpl.newInstance(NativeConstructorAccessorImpl.java:62)
	at sun.reflect.DelegatingConstructorAccessorImpl.newInstance(DelegatingConstructorAccessorImpl.java:45)
	at java.lang.reflect.Constructor.newInstance(Constructor.java:423)
	at ptolemy.util.test.junit.AutoKnownFailedTests.RunModel(AutoKnownFailedTests.java:107)
	at sun.reflect.NativeMethodAccessorImpl.invoke0(Native Method)
	at sun.reflect.NativeMethodAccessorImpl.invoke(NativeMethodAccessorImpl.java:62)
	at sun.reflect.DelegatingMethodAccessorImpl.invoke(DelegatingMethodAccessorImpl.java:43)
	at java.lang.reflect.Method.invoke(Method.java:498)
	at org.junit.runners.model.FrameworkMethod$1.runReflectiveCall(FrameworkMethod.java:44)
	at org.junit.internal.runners.model.ReflectiveCallable.run(ReflectiveCallable.java:15)
	at org.junit.runners.model.FrameworkMethod.invokeExplosively(FrameworkMethod.java:41)
	at junitparams.internal.InvokeParameterisedMethod.evaluate(InvokeParameterisedMethod.java:102)
	at org.junit.internal.runners.statements.FailOnTimeout$1.run(FailOnTimeout.java:28)
Caused by: ptolemy.kernel.util.IllegalActionException: initialize() was called after wrapup() was called but preinitialize() was not called after wrapup().
	at ptolemy.actor.lib.hoc.test.PreinitializeMustBeInvoked.initialize(PreinitializeMustBeInvoked.java:78)
	at ptolemy.actor.Director.initialize(Director.java:938)
	at ptolemy.actor.Director.initialize(Director.java:907)
	at ptolemy.actor.sched.StaticSchedulingDirector.initialize(StaticSchedulingDirector.java:159)
	at ptolemy.domains.sdf.kernel.SDFDirector.initialize(SDFDirector.java:544)
	at ptolemy.actor.CompositeActor.initialize(CompositeActor.java:935)
	at ptolemy.actor.lib.hoc.LifeCycleManager._executeInsideModel(LifeCycleManager.java:339)
	at ptolemy.actor.lib.hoc.RunCompositeActor.fire(RunCompositeActor.java:205)
	at ptolemy.actor.CompositeActor.iterate(CompositeActor.java:1146)
	at ptolemy.actor.sched.StaticSchedulingDirector.fire(StaticSchedulingDirector.java:216)
	at ptolemy.domains.sdf.kernel.SDFDirector.fire(SDFDirector.java:500)
	at ptolemy.actor.CompositeActor.fire(CompositeActor.java:455)
	at ptolemy.actor.Manager.iterate(Manager.java:851)
	at ptolemy.actor.Manager.execute(Manager.java:369)
	at ptolemy.actor.Manager.run(Manager.java:1263)
	at ptolemy.actor.Manager$PtolemyRunThread.run(Manager.java:1915)
]]></system-err>
</testsuite>
