<?xml version="1.0" encoding="UTF-8" ?>
<testsuite errors="0" failures="0" hostname="travis-job-8063bc80-c73b-4954-98d2-d22b35245078" name="ptolemy.domains.de.test.junit.JUnitTclTest" skipped="0" tests="101" time="127.246" timestamp="2020-04-26T14:06:10">
  <properties>
[...]
</properties>
  <testcase classname="ptolemy.util.test.junit.TclTests" name="[0] /home/travis/build/icyphy/ptII/ptolemy/domains/de/test/DependencyLoop.tcl (RunTclFile)" time="1.085" />
  <testcase classname="ptolemy.util.test.junit.TclTests" name="[1] /home/travis/build/icyphy/ptII/ptolemy/domains/de/test/RunDETestsAsQSS.tcl (RunTclFile)" time="86.611" />
  <testcase classname="ptolemy.util.test.junit.AutoKnownFailedTests" name="[0] /home/travis/build/icyphy/ptII/ptolemy/domains/de/test/auto/knownFailedTests/DESDFClockTest.xml (RunModel)" time="2.075" />
  <testcase classname="ptolemy.util.test.junit.AutoKnownFailedTests" name="[1] /home/travis/build/icyphy/ptII/ptolemy/domains/de/test/auto/knownFailedTests/DirectFeedback.xml (RunModel)" time="0.028" />
  <testcase classname="ptolemy.util.test.junit.AutoKnownFailedTests" name="[2] /home/travis/build/icyphy/ptII/ptolemy/domains/de/test/auto/knownFailedTests/FSMSource.xml (RunModel)" time="0.028" />
  <testcase classname="ptolemy.util.test.junit.AutoKnownFailedTests" name="[3] /home/travis/build/icyphy/ptII/ptolemy/domains/de/test/auto/knownFailedTests/HierarchicalModel.xml (RunModel)" time="0.043" />
  <testcase classname="ptolemy.util.test.junit.AutoKnownFailedTests" name="[4] /home/travis/build/icyphy/ptII/ptolemy/domains/de/test/auto/knownFailedTests/dependencyLoop.xml (RunModel)" time="0.044" />
  <testcase classname="ptolemy.util.test.junit.AutoKnownFailedTests" name="[5] /home/travis/build/icyphy/ptII/ptolemy/domains/de/test/auto/knownFailedTests/dependencyLoop2.xml (RunModel)" time="0.052" />
  <testcase classname="ptolemy.util.test.junit.AutoNameArchTests" name="[0] ThereAreNoAutoArchTests (RunModel)" time="0.001" />
  <testcase classname="ptolemy.util.test.junit.AutoTests" name="[0] /home/travis/build/icyphy/ptII/ptolemy/domains/de/test/auto/ActorDepthCalculation_actorWithoutPorts.xml (RunModel)" time="0.022" />
  <testcase classname="ptolemy.util.test.junit.AutoTests" name="[1] /home/travis/build/icyphy/ptII/ptolemy/domains/de/test/auto/AssemblyLine.xml (RunModel)" time="0.024" />
  <testcase classname="ptolemy.util.test.junit.AutoTests" name="[2] /home/travis/build/icyphy/ptII/ptolemy/domains/de/test/auto/CQBug1.xml (RunModel)" time="0.012" />
  <testcase classname="ptolemy.util.test.junit.AutoTests" name="[3] /home/travis/build/icyphy/ptII/ptolemy/domains/de/test/auto/CancelFireAt.xml (RunModel)" time="0.023" />
  <testcase classname="ptolemy.util.test.junit.AutoTests" name="[4] /home/travis/build/icyphy/ptII/ptolemy/domains/de/test/auto/CausalityAndComposabilityAnalysis.xml (RunModel)" time="0.014" />
  <testcase classname="ptolemy.util.test.junit.AutoTests" name="[5] /home/travis/build/icyphy/ptII/ptolemy/domains/de/test/auto/CausalityInterface1.xml (RunModel)" time="0.02" />
  <testcase classname="ptolemy.util.test.junit.AutoTests" name="[6] /home/travis/build/icyphy/ptII/ptolemy/domains/de/test/auto/CausalityInterface15.xml (RunModel)" time="0.014" />
  <testcase classname="ptolemy.util.test.junit.AutoTests" name="[7] /home/travis/build/icyphy/ptII/ptolemy/domains/de/test/auto/CausalityInterface2.xml (RunModel)" time="0.016" />
  <testcase classname="ptolemy.util.test.junit.AutoTests" name="[8] /home/travis/build/icyphy/ptII/ptolemy/domains/de/test/auto/CausalityInterface3.xml (RunModel)" time="0.013" />
  <testcase classname="ptolemy.util.test.junit.AutoTests" name="[9] /home/travis/build/icyphy/ptII/ptolemy/domains/de/test/auto/ClockDrift.xml (RunModel)" time="0.042" />
  <testcase classname="ptolemy.util.test.junit.AutoTests" name="[10] /home/travis/build/icyphy/ptII/ptolemy/domains/de/test/auto/ClockDriftAndValueChange.xml (RunModel)" time="0.031" />
  <testcase classname="ptolemy.util.test.junit.AutoTests" name="[11] /home/travis/build/icyphy/ptII/ptolemy/domains/de/test/auto/ClockDriftChange.xml (RunModel)" time="0.04" />
  <testcase classname="ptolemy.util.test.junit.AutoTests" name="[12] /home/travis/build/icyphy/ptII/ptolemy/domains/de/test/auto/ComposableCausalityAnalysis.xml (RunModel)" time="0.014" />
  <testcase classname="ptolemy.util.test.junit.AutoTests" name="[13] /home/travis/build/icyphy/ptII/ptolemy/domains/de/test/auto/DEFixedPointLimitation.xml (RunModel)" time="0.011" />
  <testcase classname="ptolemy.util.test.junit.AutoTests" name="[14] /home/travis/build/icyphy/ptII/ptolemy/domains/de/test/auto/DEScheduleTest.xml (RunModel)" time="0.014" />
  <testcase classname="ptolemy.util.test.junit.AutoTests" name="[15] /home/travis/build/icyphy/ptII/ptolemy/domains/de/test/auto/DEinDEwithStartTimes.xml (RunModel)" time="0.016" />
  <testcase classname="ptolemy.util.test.junit.AutoTests" name="[16] /home/travis/build/icyphy/ptII/ptolemy/domains/de/test/auto/DEinDEwithStartTimes2.xml (RunModel)" time="0.019" />
  <testcase classname="ptolemy.util.test.junit.AutoTests" name="[17] /home/travis/build/icyphy/ptII/ptolemy/domains/de/test/auto/DateDemo.xml (RunModel)" time="0.034" />
  <testcase classname="ptolemy.util.test.junit.AutoTests" name="[18] /home/travis/build/icyphy/ptII/ptolemy/domains/de/test/auto/DateToEvent.xml (RunModel)" time="2.05" />
  <testcase classname="ptolemy.util.test.junit.AutoTests" name="[19] /home/travis/build/icyphy/ptII/ptolemy/domains/de/test/auto/DepthTest1.xml (RunModel)" time="0.011" />
  <testcase classname="ptolemy.util.test.junit.AutoTests" name="[20] /home/travis/build/icyphy/ptII/ptolemy/domains/de/test/auto/DepthTest2.xml (RunModel)" time="0.02" />
  <testcase classname="ptolemy.util.test.junit.AutoTests" name="[21] /home/travis/build/icyphy/ptII/ptolemy/domains/de/test/auto/DepthTest3.xml (RunModel)" time="0.01" />
  <testcase classname="ptolemy.util.test.junit.AutoTests" name="[22] /home/travis/build/icyphy/ptII/ptolemy/domains/de/test/auto/DepthTest4.xml (RunModel)" time="0.02" />
  <testcase classname="ptolemy.util.test.junit.AutoTests" name="[23] /home/travis/build/icyphy/ptII/ptolemy/domains/de/test/auto/DepthTest5.xml (RunModel)" time="0.014" />
  <testcase classname="ptolemy.util.test.junit.AutoTests" name="[24] /home/travis/build/icyphy/ptII/ptolemy/domains/de/test/auto/DepthTest6.xml (RunModel)" time="0.016" />
  <testcase classname="ptolemy.util.test.junit.AutoTests" name="[25] /home/travis/build/icyphy/ptII/ptolemy/domains/de/test/auto/DepthTest7.xml (RunModel)" time="0.013" />
  <testcase classname="ptolemy.util.test.junit.AutoTests" name="[26] /home/travis/build/icyphy/ptII/ptolemy/domains/de/test/auto/EventToDate.xml (RunModel)" time="3.032" />
  <testcase classname="ptolemy.util.test.junit.AutoTests" name="[27] /home/travis/build/icyphy/ptII/ptolemy/domains/de/test/auto/FSM1.xml (RunModel)" time="0.038" />
  <testcase classname="ptolemy.util.test.junit.AutoTests" name="[28] /home/travis/build/icyphy/ptII/ptolemy/domains/de/test/auto/FSM7.xml (RunModel)" time="0.05" />
  <testcase classname="ptolemy.util.test.junit.AutoTests" name="[29] /home/travis/build/icyphy/ptII/ptolemy/domains/de/test/auto/Inspection.xml (RunModel)" time="0.053" />
  <testcase classname="ptolemy.util.test.junit.AutoTests" name="[30] /home/travis/build/icyphy/ptII/ptolemy/domains/de/test/auto/Iteration.xml (RunModel)" time="0.044" />
  <testcase classname="ptolemy.util.test.junit.AutoTests" name="[31] /home/travis/build/icyphy/ptII/ptolemy/domains/de/test/auto/LineFault.xml (RunModel)" time="0.518" />
  <testcase classname="ptolemy.util.test.junit.AutoTests" name="[32] /home/travis/build/icyphy/ptII/ptolemy/domains/de/test/auto/MergeModel1Add.xml (RunModel)" time="0.057" />
  <testcase classname="ptolemy.util.test.junit.AutoTests" name="[33] /home/travis/build/icyphy/ptII/ptolemy/domains/de/test/auto/MergeModel2Add.xml (RunModel)" time="0.041" />
  <testcase classname="ptolemy.util.test.junit.AutoTests" name="[34] /home/travis/build/icyphy/ptII/ptolemy/domains/de/test/auto/MergeModel3Add.xml (RunModel)" time="0.047" />
  <testcase classname="ptolemy.util.test.junit.AutoTests" name="[35] /home/travis/build/icyphy/ptII/ptolemy/domains/de/test/auto/MergeWithoutDiscard.xml (RunModel)" time="0.009" />
  <testcase classname="ptolemy.util.test.junit.AutoTests" name="[36] /home/travis/build/icyphy/ptII/ptolemy/domains/de/test/auto/Modal1.xml (RunModel)" time="0.027" />
  <testcase classname="ptolemy.util.test.junit.AutoTests" name="[37] /home/travis/build/icyphy/ptII/ptolemy/domains/de/test/auto/Modal2.xml (RunModel)" time="0.034" />
  <testcase classname="ptolemy.util.test.junit.AutoTests" name="[38] /home/travis/build/icyphy/ptII/ptolemy/domains/de/test/auto/Modal3.xml (RunModel)" time="0.027" />
  <testcase classname="ptolemy.util.test.junit.AutoTests" name="[39] /home/travis/build/icyphy/ptII/ptolemy/domains/de/test/auto/Modal4.xml (RunModel)" time="0.037" />
  <testcase classname="ptolemy.util.test.junit.AutoTests" name="[40] /home/travis/build/icyphy/ptII/ptolemy/domains/de/test/auto/Modal5.xml (RunModel)" time="0.029" />
  <testcase classname="ptolemy.util.test.junit.AutoTests" name="[41] /home/travis/build/icyphy/ptII/ptolemy/domains/de/test/auto/Modal6.xml (RunModel)" time="0.028" />
  <testcase classname="ptolemy.util.test.junit.AutoTests" name="[42] /home/travis/build/icyphy/ptII/ptolemy/domains/de/test/auto/Modal7.xml (RunModel)" time="0.031" />
  <testcase classname="ptolemy.util.test.junit.AutoTests" name="[43] /home/travis/build/icyphy/ptII/ptolemy/domains/de/test/auto/ModalModel.xml (RunModel)" time="0.183" />
  <testcase classname="ptolemy.util.test.junit.AutoTests" name="[44] /home/travis/build/icyphy/ptII/ptolemy/domains/de/test/auto/ModalSource.xml (RunModel)" time="0.023" />
  <testcase classname="ptolemy.util.test.junit.AutoTests" name="[45] /home/travis/build/icyphy/ptII/ptolemy/domains/de/test/auto/NonInterruptibleTimerZeroDelay.xml (RunModel)" time="0.009" />
  <testcase classname="ptolemy.util.test.junit.AutoTests" name="[46] /home/travis/build/icyphy/ptII/ptolemy/domains/de/test/auto/OpenQueueingNetwork.xml (RunModel)" time="2.315" />
  <testcase classname="ptolemy.util.test.junit.AutoTests" name="[47] /home/travis/build/icyphy/ptII/ptolemy/domains/de/test/auto/OpenQueuingNetwork.xml (RunModel)" time="0.269" />
  <testcase classname="ptolemy.util.test.junit.AutoTests" name="[48] /home/travis/build/icyphy/ptII/ptolemy/domains/de/test/auto/PeriodicSampler.xml (RunModel)" time="0.01" />
  <testcase classname="ptolemy.util.test.junit.AutoTests" name="[49] /home/travis/build/icyphy/ptII/ptolemy/domains/de/test/auto/PersistentIO.xml (RunModel)" time="0.022" />
  <testcase classname="ptolemy.util.test.junit.AutoTests" name="[50] /home/travis/build/icyphy/ptII/ptolemy/domains/de/test/auto/PortParameterResetOnInitialize.xml (RunModel)" time="0.01" />
  <testcase classname="ptolemy.util.test.junit.AutoTests" name="[51] /home/travis/build/icyphy/ptII/ptolemy/domains/de/test/auto/PortParameterUpdates.xml (RunModel)" time="0.015" />
  <testcase classname="ptolemy.util.test.junit.AutoTests" name="[52] /home/travis/build/icyphy/ptII/ptolemy/domains/de/test/auto/QueueAndServer.xml (RunModel)" time="0.021" />
  <testcase classname="ptolemy.util.test.junit.AutoTests" name="[53] /home/travis/build/icyphy/ptII/ptolemy/domains/de/test/auto/Records.xml (RunModel)" time="0.015" />
  <testcase classname="ptolemy.util.test.junit.AutoTests" name="[54] /home/travis/build/icyphy/ptII/ptolemy/domains/de/test/auto/ResetTransitionWithStartTime1.xml (RunModel)" time="0.024" />
  <testcase classname="ptolemy.util.test.junit.AutoTests" name="[55] /home/travis/build/icyphy/ptII/ptolemy/domains/de/test/auto/ResetTransitionWithStartTime2.xml (RunModel)" time="0.025" />
  <testcase classname="ptolemy.util.test.junit.AutoTests" name="[56] /home/travis/build/icyphy/ptII/ptolemy/domains/de/test/auto/ResetTransitionWithStartTime3.xml (RunModel)" time="0.018" />
  <testcase classname="ptolemy.util.test.junit.AutoTests" name="[57] /home/travis/build/icyphy/ptII/ptolemy/domains/de/test/auto/ResetTransitionWithStartTime4.xml (RunModel)" time="0.019" />
  <testcase classname="ptolemy.util.test.junit.AutoTests" name="[58] /home/travis/build/icyphy/ptII/ptolemy/domains/de/test/auto/ResettableTimer1.xml (RunModel)" time="0.011" />
  <testcase classname="ptolemy.util.test.junit.AutoTests" name="[59] /home/travis/build/icyphy/ptII/ptolemy/domains/de/test/auto/ResettableTimer2.xml (RunModel)" time="0.011" />
  <testcase classname="ptolemy.util.test.junit.AutoTests" name="[60] /home/travis/build/icyphy/ptII/ptolemy/domains/de/test/auto/ResettableTimer3.xml (RunModel)" time="0.01" />
  <testcase classname="ptolemy.util.test.junit.AutoTests" name="[61] /home/travis/build/icyphy/ptII/ptolemy/domains/de/test/auto/ResettableTimer4.xml (RunModel)" time="0.009" />
  <testcase classname="ptolemy.util.test.junit.AutoTests" name="[62] /home/travis/build/icyphy/ptII/ptolemy/domains/de/test/auto/ResettableTimer5.xml (RunModel)" time="0.01" />
  <testcase classname="ptolemy.util.test.junit.AutoTests" name="[63] /home/travis/build/icyphy/ptII/ptolemy/domains/de/test/auto/ResettableTimer6.xml (RunModel)" time="0.017" />
  <testcase classname="ptolemy.util.test.junit.AutoTests" name="[64] /home/travis/build/icyphy/ptII/ptolemy/domains/de/test/auto/ServerZeroDelay.xml (RunModel)" time="0.01" />
  <testcase classname="ptolemy.util.test.junit.AutoTests" name="[65] /home/travis/build/icyphy/ptII/ptolemy/domains/de/test/auto/SmartSender.xml (RunModel)" time="3.008" />
  <testcase classname="ptolemy.util.test.junit.AutoTests" name="[66] /home/travis/build/icyphy/ptII/ptolemy/domains/de/test/auto/ThreadedComposite.xml (RunModel)" time="0.196" />
  <testcase classname="ptolemy.util.test.junit.AutoTests" name="[67] /home/travis/build/icyphy/ptII/ptolemy/domains/de/test/auto/Time.xml (RunModel)" time="0.361" />
  <testcase classname="ptolemy.util.test.junit.AutoTests" name="[68] /home/travis/build/icyphy/ptII/ptolemy/domains/de/test/auto/TimeDelayZeroDelay.xml (RunModel)" time="0.012" />
  <testcase classname="ptolemy.util.test.junit.AutoTests" name="[69] /home/travis/build/icyphy/ptII/ptolemy/domains/de/test/auto/TimerZeroDelay.xml (RunModel)" time="0.009" />
  <testcase classname="ptolemy.util.test.junit.AutoTests" name="[70] /home/travis/build/icyphy/ptII/ptolemy/domains/de/test/auto/TimingParadox.xml (RunModel)" time="0.303" />
  <testcase classname="ptolemy.util.test.junit.AutoTests" name="[71] /home/travis/build/icyphy/ptII/ptolemy/domains/de/test/auto/TransferInputs.xml (RunModel)" time="0.013" />
  <testcase classname="ptolemy.util.test.junit.AutoTests" name="[72] /home/travis/build/icyphy/ptII/ptolemy/domains/de/test/auto/TransferOutputs2.xml (RunModel)" time="0.015" />
  <testcase classname="ptolemy.util.test.junit.AutoTests" name="[73] /home/travis/build/icyphy/ptII/ptolemy/domains/de/test/auto/Trilateration.xml (RunModel)" time="11.238" />
  <testcase classname="ptolemy.util.test.junit.AutoTests" name="[74] /home/travis/build/icyphy/ptII/ptolemy/domains/de/test/auto/TwoSigmaDelta.xml (RunModel)" time="1.814" />
  <testcase classname="ptolemy.util.test.junit.AutoTests" name="[75] /home/travis/build/icyphy/ptII/ptolemy/domains/de/test/auto/VariableDelay.xml (RunModel)" time="0.016" />
  <testcase classname="ptolemy.util.test.junit.AutoTests" name="[76] /home/travis/build/icyphy/ptII/ptolemy/domains/de/test/auto/VariableDelay2.xml (RunModel)" time="0.01" />
  <testcase classname="ptolemy.util.test.junit.AutoTests" name="[77] /home/travis/build/icyphy/ptII/ptolemy/domains/de/test/auto/VariableDelayZeroDelay.xml (RunModel)" time="0.02" />
  <testcase classname="ptolemy.util.test.junit.AutoTests" name="[78] /home/travis/build/icyphy/ptII/ptolemy/domains/de/test/auto/VariableDelayZeroDelay2.xml (RunModel)" time="0.018" />
  <testcase classname="ptolemy.util.test.junit.AutoTests" name="[79] /home/travis/build/icyphy/ptII/ptolemy/domains/de/test/auto/deInCt.xml (RunModel)" time="0.013" />
  <testcase classname="ptolemy.util.test.junit.AutoTests" name="[80] /home/travis/build/icyphy/ptII/ptolemy/domains/de/test/auto/deInCt2.xml (RunModel)" time="0.016" />
  <testcase classname="ptolemy.util.test.junit.AutoTests" name="[81] /home/travis/build/icyphy/ptII/ptolemy/domains/de/test/auto/dynamicCausalityInterface1.xml (RunModel)" time="0.017" />
  <testcase classname="ptolemy.util.test.junit.AutoTests" name="[82] /home/travis/build/icyphy/ptII/ptolemy/domains/de/test/auto/fsm_de_test.xml (RunModel)" time="0.024" />
  <testcase classname="ptolemy.util.test.junit.AutoTests" name="[83] /home/travis/build/icyphy/ptII/ptolemy/domains/de/test/auto/functionDependencyReconstruction.xml (RunModel)" time="0.028" />
  <testcase classname="ptolemy.util.test.junit.AutoTests" name="[84] /home/travis/build/icyphy/ptII/ptolemy/domains/de/test/auto/multirate.xml (RunModel)" time="0.016" />
  <testcase classname="ptolemy.util.test.junit.AutoTests" name="[85] /home/travis/build/icyphy/ptII/ptolemy/domains/de/test/auto/multirate2.xml (RunModel)" time="0.017" />
  <testcase classname="ptolemy.util.test.junit.AutoTests" name="[86] /home/travis/build/icyphy/ptII/ptolemy/domains/de/test/auto/realtime.xml (RunModel)" time="10.01" />
  <testcase classname="ptolemy.util.test.junit.AutoTests" name="[87] /home/travis/build/icyphy/ptII/ptolemy/domains/de/test/auto/relationGroup.xml (RunModel)" time="0.017" />
  <testcase classname="ptolemy.util.test.junit.AutoTests" name="[88] /home/travis/build/icyphy/ptII/ptolemy/domains/de/test/auto/relationGroup2.xml (RunModel)" time="0.007" />
  <testcase classname="ptolemy.util.test.junit.AutoTests" name="[89] /home/travis/build/icyphy/ptII/ptolemy/domains/de/test/auto/sortWithOpaquePorts.xml (RunModel)" time="0.013" />
  <testcase classname="ptolemy.util.test.junit.AutoTests" name="[90] /home/travis/build/icyphy/ptII/ptolemy/domains/de/test/auto/transferInputsandOutputs.xml (RunModel)" time="0.017" />
  <testcase classname="ptolemy.util.test.junit.AutoTests" name="[91] /home/travis/build/icyphy/ptII/ptolemy/domains/de/test/auto/triggerType.xml (RunModel)" time="0.009" />
  <system-out><![CDATA[/home/travis/build/icyphy/ptII/ptolemy/domains/de/test/DependencyLoop.tcl
testDefs.tcl: setting time out to 9000 seconds at Sun Apr 26 14:06:11 UTC 2020
104 ms. Memory: 129024K Free: 78278K (61%)
23 ms. Memory: 129024K Free: 60855K (47%)
/home/travis/build/icyphy/ptII/ptolemy/domains/de/test/RunDETestsAsQSS.tcl
Run the DE tests using ptolemy.domains.qss.test.QSSDirectorTest, which extends QSSDirector and prints a message in the constructors.
------------------ testing $PTII/ptolemy/domains/de/test/auto/knownFailedTests/DirectFeedback.xml (Known Failure) 
46 ms. Memory: 129024K Free: 55240K (43%)


==== $PTIIhome/travis/build/icyphy/ptII/ptolemy/domains/de/test/../../../../: Auto Automatic test in file $PTII/ptolemy/domains/de/test/auto/knownFailedTests/DirectFeedback.xml
==== Contents of test case:

	    # FIXME: we should use $relativeFilename here, but it
	    # might have backslashes under Windows, which causes no end
	    # of trouble.
	    createAndExecute $file
	    list {}
	
.... Test generated KNOWN error:
    while executing
ptolemy.kernel.util.IllegalActionException: Test fails in iteration 1.
Value was: 1.0. Should have been: 2.0
  in .DirectFeedback.Test
	at ptolemy.actor.lib.Test.fire(Test.java:268)
	at ptolemy.domains.de.kernel.DEDirector._fire(DEDirector.java:1949)
	at ptolemy.domains.de.kernel.DEDirector.fire(DEDirector.java:502)
	at ptolemy.actor.CompositeActor.fire(CompositeActor.java:455)
	at ptolemy.actor.Manager.iterate(Manager.java:851)
	at ptolemy.actor.Manager.execute(Manager.java:369)
	at ptolemy.actor.Manager.run(Manager.java:1263)
	at ptolemy.actor.Manager$PtolemyRunThread.run(Manager.java:1933)

    while executing
ptolemy.kernel.util.IllegalActionException: Test fails in iteration 1.
Value was: 1.0. Should have been: 2.0
  in .DirectFeedback.Test
    while executing
"java::new ptolemy.moml.MoMLSimpleApplication $file
"
    (procedure "createAndExecute" line 2)
    invoked from within
"createAndExecute $file"
    ("uplevel" body line 5)
    invoked from within
"uplevel $contents_of_test"
------------------ testing $PTII/ptolemy/domains/de/test/auto/knownFailedTests/dependencyLoop.xml (Known Failure) 
11 ms. Memory: 129024K Free: 52168K (40%)


==== $PTIIhome/travis/build/icyphy/ptII/ptolemy/domains/de/test/../../../../: Auto Automatic test in file $PTII/ptolemy/domains/de/test/auto/knownFailedTests/dependencyLoop.xml
==== Contents of test case:

	    # FIXME: we should use $relativeFilename here, but it
	    # might have backslashes under Windows, which causes no end
	    # of trouble.
	    createAndExecute $file
	    list {}
	
.... Test generated KNOWN error:
    while executing
ptolemy.kernel.util.IllegalActionException: Found a zero delay loop containing .dependencyLoop.original
  in .dependencyLoop and .dependencyLoop.original
	at ptolemy.actor.util.CausalityInterfaceForComposites._computeOutputPortDepth(CausalityInterfaceForComposites.java:759)
	at ptolemy.actor.util.CausalityInterfaceForComposites._computeInputDepth(CausalityInterfaceForComposites.java:696)
	at ptolemy.actor.util.CausalityInterfaceForComposites._computeOutputPortDepth(CausalityInterfaceForComposites.java:765)
	at ptolemy.actor.util.CausalityInterfaceForComposites._computeInputDepth(CausalityInterfaceForComposites.java:696)
	at ptolemy.actor.util.CausalityInterfaceForComposites._computeOutputPortDepth(CausalityInterfaceForComposites.java:765)
	at ptolemy.actor.util.CausalityInterfaceForComposites._computeInputDepth(CausalityInterfaceForComposites.java:696)
	at ptolemy.actor.util.CausalityInterfaceForComposites._computeActorDepth(CausalityInterfaceForComposites.java:532)
	at ptolemy.actor.util.CausalityInterfaceForComposites.checkForCycles(CausalityInterfaceForComposites.java:96)
	at ptolemy.domains.de.kernel.DEDirector.preinitialize(DEDirector.java:1338)
	at ptolemy.actor.CompositeActor.preinitialize(CompositeActor.java:1828)
	at ptolemy.actor.Manager.preinitializeAndResolveTypes(Manager.java:1040)
	at ptolemy.actor.Manager.initialize(Manager.java:710)
	at ptolemy.actor.Manager.execute(Manager.java:356)
	at ptolemy.actor.Manager.run(Manager.java:1263)
	at ptolemy.actor.Manager$PtolemyRunThread.run(Manager.java:1933)

    while executing
ptolemy.kernel.util.IllegalActionException: Found a zero delay loop containing .dependencyLoop.original
  in .dependencyLoop and .dependencyLoop.original
    while executing
"java::new ptolemy.moml.MoMLSimpleApplication $file
"
    (procedure "createAndExecute" line 2)
    invoked from within
"createAndExecute $file"
    ("uplevel" body line 5)
    invoked from within
"uplevel $contents_of_test"
------------------ testing $PTII/ptolemy/domains/de/test/auto/knownFailedTests/FSMSource.xml (Known Failure) 
49 ms. Memory: 129024K Free: 110336K (86%)
!!!! Auto was marked as failing, but now passes
------------------ testing $PTII/ptolemy/domains/de/test/auto/knownFailedTests/HierarchicalModel.xml (Known Failure) 
5 ms. Memory: 129024K Free: 93270K (72%)


==== $PTIIhome/travis/build/icyphy/ptII/ptolemy/domains/de/test/../../../../: Auto Automatic test in file $PTII/ptolemy/domains/de/test/auto/knownFailedTests/HierarchicalModel.xml
==== Contents of test case:

	    # FIXME: we should use $relativeFilename here, but it
	    # might have backslashes under Windows, which causes no end
	    # of trouble.
	    createAndExecute $file
	    list {}
	
.... Test generated KNOWN error:
    while executing
ptolemy.kernel.util.IllegalActionException: Found a zero delay loop containing .HierarchicalModel.A
  in .HierarchicalModel and .HierarchicalModel.A
	at ptolemy.actor.util.CausalityInterfaceForComposites._computeOutputPortDepth(CausalityInterfaceForComposites.java:759)
	at ptolemy.actor.util.CausalityInterfaceForComposites._computeInputDepth(CausalityInterfaceForComposites.java:696)
	at ptolemy.actor.util.CausalityInterfaceForComposites._computeOutputPortDepth(CausalityInterfaceForComposites.java:765)
	at ptolemy.actor.util.CausalityInterfaceForComposites._computeInputDepth(CausalityInterfaceForComposites.java:696)
	at ptolemy.actor.util.CausalityInterfaceForComposites._computeOutputPortDepth(CausalityInterfaceForComposites.java:765)
	at ptolemy.actor.util.CausalityInterfaceForComposites._computeInputDepth(CausalityInterfaceForComposites.java:696)
	at ptolemy.actor.util.CausalityInterfaceForComposites._computeActorDepth(CausalityInterfaceForComposites.java:532)
	at ptolemy.actor.util.CausalityInterfaceForComposites.checkForCycles(CausalityInterfaceForComposites.java:96)
	at ptolemy.domains.de.kernel.DEDirector.preinitialize(DEDirector.java:1338)
	at ptolemy.actor.CompositeActor.preinitialize(CompositeActor.java:1828)
	at ptolemy.actor.Manager.preinitializeAndResolveTypes(Manager.java:1040)
	at ptolemy.actor.Manager.initialize(Manager.java:710)
	at ptolemy.actor.Manager.execute(Manager.java:356)
	at ptolemy.actor.Manager.run(Manager.java:1263)
	at ptolemy.actor.Manager$PtolemyRunThread.run(Manager.java:1933)

    while executing
ptolemy.kernel.util.IllegalActionException: Found a zero delay loop containing .HierarchicalModel.A
  in .HierarchicalModel and .HierarchicalModel.A
    while executing
"java::new ptolemy.moml.MoMLSimpleApplication $file
"
    (procedure "createAndExecute" line 2)
    invoked from within
"createAndExecute $file"
    ("uplevel" body line 5)
    invoked from within
"uplevel $contents_of_test"
------------------ testing $PTII/ptolemy/domains/de/test/auto/knownFailedTests/dependencyLoop2.xml (Known Failure) 
4 ms. Memory: 129024K Free: 77179K (60%)


==== $PTIIhome/travis/build/icyphy/ptII/ptolemy/domains/de/test/../../../../: Auto Automatic test in file $PTII/ptolemy/domains/de/test/auto/knownFailedTests/dependencyLoop2.xml
==== Contents of test case:

	    # FIXME: we should use $relativeFilename here, but it
	    # might have backslashes under Windows, which causes no end
	    # of trouble.
	    createAndExecute $file
	    list {}
	
.... Test generated KNOWN error:
    while executing
ptolemy.kernel.util.IllegalActionException: Found a zero delay loop containing .dependencyLoop2.original
  in .dependencyLoop2 and .dependencyLoop2.original
	at ptolemy.actor.util.CausalityInterfaceForComposites._computeOutputPortDepth(CausalityInterfaceForComposites.java:759)
	at ptolemy.actor.util.CausalityInterfaceForComposites._computeInputDepth(CausalityInterfaceForComposites.java:696)
	at ptolemy.actor.util.CausalityInterfaceForComposites._computeOutputPortDepth(CausalityInterfaceForComposites.java:765)
	at ptolemy.actor.util.CausalityInterfaceForComposites._computeInputDepth(CausalityInterfaceForComposites.java:696)
	at ptolemy.actor.util.CausalityInterfaceForComposites._computeOutputPortDepth(CausalityInterfaceForComposites.java:765)
	at ptolemy.actor.util.CausalityInterfaceForComposites._computeInputDepth(CausalityInterfaceForComposites.java:696)
	at ptolemy.actor.util.CausalityInterfaceForComposites._computeActorDepth(CausalityInterfaceForComposites.java:532)
	at ptolemy.actor.util.CausalityInterfaceForComposites.checkForCycles(CausalityInterfaceForComposites.java:96)
	at ptolemy.domains.de.kernel.DEDirector.preinitialize(DEDirector.java:1338)
	at ptolemy.actor.CompositeActor.preinitialize(CompositeActor.java:1828)
	at ptolemy.actor.Manager.preinitializeAndResolveTypes(Manager.java:1040)
	at ptolemy.actor.Manager.initialize(Manager.java:710)
	at ptolemy.actor.Manager.execute(Manager.java:356)
	at ptolemy.actor.Manager.run(Manager.java:1263)
	at ptolemy.actor.Manager$PtolemyRunThread.run(Manager.java:1933)

    while executing
ptolemy.kernel.util.IllegalActionException: Found a zero delay loop containing .dependencyLoop2.original
  in .dependencyLoop2 and .dependencyLoop2.original
    while executing
"java::new ptolemy.moml.MoMLSimpleApplication $file
"
    (procedure "createAndExecute" line 2)
    invoked from within
"createAndExecute $file"
    ("uplevel" body line 5)
    invoked from within
"uplevel $contents_of_test"
------------------ testing $PTII/ptolemy/domains/de/test/auto/knownFailedTests/DESDFClockTest.xml (Known Failure) 
2065 ms. Memory: 129024K Free: 106923K (83%)


==== $PTIIhome/travis/build/icyphy/ptII/ptolemy/domains/de/test/../../../../: Auto Automatic test in file $PTII/ptolemy/domains/de/test/auto/knownFailedTests/DESDFClockTest.xml
==== Contents of test case:

	    # FIXME: we should use $relativeFilename here, but it
	    # might have backslashes under Windows, which causes no end
	    # of trouble.
	    createAndExecute $file
	    list {}
	
.... Test generated KNOWN error:
    while executing
ptolemy.kernel.util.IllegalActionException: Actor is not ready to fire.  Perhaps UpSample.prefire() returned false? Try debugging the actor by selecting "Listen to Actor".  Also, for SDF check moml for tokenConsumptionRate on input.
  in .DESDFClockTest.Play Bell.Copy1:SDF Director and .DESDFClockTest.Play Bell.UpSample
	at ptolemy.actor.sched.StaticSchedulingDirector.fire(StaticSchedulingDirector.java:227)
	at ptolemy.domains.sdf.kernel.SDFDirector.fire(SDFDirector.java:500)
	at ptolemy.actor.CompositeActor.fire(CompositeActor.java:455)
	at ptolemy.domains.de.kernel.DEDirector._fire(DEDirector.java:1949)
	at ptolemy.domains.de.kernel.DEDirector.fire(DEDirector.java:502)
	at ptolemy.actor.CompositeActor.fire(CompositeActor.java:455)
	at ptolemy.actor.Manager.iterate(Manager.java:851)
	at ptolemy.actor.Manager.execute(Manager.java:369)
	at ptolemy.actor.Manager.run(Manager.java:1263)
	at ptolemy.actor.Manager$PtolemyRunThread.run(Manager.java:1933)

    while executing
ptolemy.kernel.util.IllegalActionException: Actor is not ready to fire.  Perhaps UpSample.prefire() returned false? Try debugging the actor by selecting "Listen to Actor".  Also, for SDF check moml for tokenConsumptionRate on input.
  in .DESDFClockTest.Play Bell.Copy1:SDF Director and .DESDFClockTest.Play Bell.UpSample
    while executing
"java::new ptolemy.moml.MoMLSimpleApplication $file
"
    (procedure "createAndExecute" line 2)
    invoked from within
"createAndExecute $file"
    ("uplevel" body line 5)
    invoked from within
"uplevel $contents_of_test"
------------------ testing $PTII/ptolemy/domains/de/test/auto/ActorDepthCalculation_actorWithoutPorts.xml
auto.tcl: Setting watchdog for 200 seconds at Sun Apr 26 14:06:14 UTC 2020
9 ms. Memory: 129024K Free: 99227K (77%)
ptolemy.util.test.WatchDog.cancel(): canceling Sun Apr 26 14:06:14 UTC 2020
auto.tcl: Setting watchdog for 200 seconds at Sun Apr 26 14:06:14 UTC 2020
12 ms. Memory: 129024K Free: 97707K (76%)
ptolemy.util.test.WatchDog.cancel(): canceling Sun Apr 26 14:06:14 UTC 2020
------------------ testing $PTII/ptolemy/domains/de/test/auto/AssemblyLine.xml
auto.tcl: Setting watchdog for 200 seconds at Sun Apr 26 14:06:15 UTC 2020
8 ms. Memory: 51200K Free: 27887K (54%)
ptolemy.util.test.WatchDog.cancel(): canceling Sun Apr 26 14:06:15 UTC 2020
auto.tcl: Setting watchdog for 200 seconds at Sun Apr 26 14:06:15 UTC 2020
7 ms. Memory: 51200K Free: 26769K (52%)
ptolemy.util.test.WatchDog.cancel(): canceling Sun Apr 26 14:06:15 UTC 2020
------------------ testing $PTII/ptolemy/domains/de/test/auto/CQBug1.xml
auto.tcl: Setting watchdog for 200 seconds at Sun Apr 26 14:06:15 UTC 2020
3 ms. Memory: 51200K Free: 33217K (65%)
ptolemy.util.test.WatchDog.cancel(): canceling Sun Apr 26 14:06:15 UTC 2020
auto.tcl: Setting watchdog for 200 seconds at Sun Apr 26 14:06:15 UTC 2020
2 ms. Memory: 51200K Free: 33100K (65%)
ptolemy.util.test.WatchDog.cancel(): canceling Sun Apr 26 14:06:15 UTC 2020
------------------ testing $PTII/ptolemy/domains/de/test/auto/CancelFireAt.xml
auto.tcl: Setting watchdog for 200 seconds at Sun Apr 26 14:06:15 UTC 2020
2 ms. Memory: 51200K Free: 34442K (67%)
ptolemy.util.test.WatchDog.cancel(): canceling Sun Apr 26 14:06:15 UTC 2020
auto.tcl: Setting watchdog for 200 seconds at Sun Apr 26 14:06:15 UTC 2020
3 ms. Memory: 51200K Free: 34003K (66%)
ptolemy.util.test.WatchDog.cancel(): canceling Sun Apr 26 14:06:15 UTC 2020
------------------ testing $PTII/ptolemy/domains/de/test/auto/CausalityAndComposabilityAnalysis.xml
auto.tcl: Setting watchdog for 200 seconds at Sun Apr 26 14:06:15 UTC 2020
6 ms. Memory: 51200K Free: 32377K (63%)
ptolemy.util.test.WatchDog.cancel(): canceling Sun Apr 26 14:06:15 UTC 2020
auto.tcl: Setting watchdog for 200 seconds at Sun Apr 26 14:06:15 UTC 2020
5 ms. Memory: 51200K Free: 31962K (62%)
ptolemy.util.test.WatchDog.cancel(): canceling Sun Apr 26 14:06:15 UTC 2020
------------------ testing $PTII/ptolemy/domains/de/test/auto/CausalityInterface1.xml
auto.tcl: Setting watchdog for 200 seconds at Sun Apr 26 14:06:15 UTC 2020
17 ms. Memory: 51200K Free: 31346K (61%)
ptolemy.util.test.WatchDog.cancel(): canceling Sun Apr 26 14:06:15 UTC 2020
auto.tcl: Setting watchdog for 200 seconds at Sun Apr 26 14:06:15 UTC 2020
4 ms. Memory: 51200K Free: 30373K (59%)
ptolemy.util.test.WatchDog.cancel(): canceling Sun Apr 26 14:06:15 UTC 2020
------------------ testing $PTII/ptolemy/domains/de/test/auto/CausalityInterface15.xml
auto.tcl: Setting watchdog for 200 seconds at Sun Apr 26 14:06:15 UTC 2020
12 ms. Memory: 51200K Free: 31418K (61%)
ptolemy.util.test.WatchDog.cancel(): canceling Sun Apr 26 14:06:15 UTC 2020
auto.tcl: Setting watchdog for 200 seconds at Sun Apr 26 14:06:15 UTC 2020
7 ms. Memory: 51200K Free: 30322K (59%)
ptolemy.util.test.WatchDog.cancel(): canceling Sun Apr 26 14:06:15 UTC 2020
------------------ testing $PTII/ptolemy/domains/de/test/auto/CausalityInterface2.xml
auto.tcl: Setting watchdog for 200 seconds at Sun Apr 26 14:06:15 UTC 2020
8 ms. Memory: 51200K Free: 32030K (63%)
ptolemy.util.test.WatchDog.cancel(): canceling Sun Apr 26 14:06:16 UTC 2020
auto.tcl: Setting watchdog for 200 seconds at Sun Apr 26 14:06:16 UTC 2020
3 ms. Memory: 51200K Free: 31342K (61%)
ptolemy.util.test.WatchDog.cancel(): canceling Sun Apr 26 14:06:16 UTC 2020
------------------ testing $PTII/ptolemy/domains/de/test/auto/CausalityInterface3.xml
auto.tcl: Setting watchdog for 200 seconds at Sun Apr 26 14:06:16 UTC 2020
6 ms. Memory: 51200K Free: 31397K (61%)
ptolemy.util.test.WatchDog.cancel(): canceling Sun Apr 26 14:06:16 UTC 2020
auto.tcl: Setting watchdog for 200 seconds at Sun Apr 26 14:06:16 UTC 2020
4 ms. Memory: 51200K Free: 30892K (60%)
ptolemy.util.test.WatchDog.cancel(): canceling Sun Apr 26 14:06:16 UTC 2020
------------------ testing $PTII/ptolemy/domains/de/test/auto/ClockDrift.xml
auto.tcl: Setting watchdog for 200 seconds at Sun Apr 26 14:06:16 UTC 2020
94 ms. Memory: 51200K Free: 23992K (47%)
ptolemy.util.test.WatchDog.cancel(): canceling Sun Apr 26 14:06:16 UTC 2020
auto.tcl: Setting watchdog for 200 seconds at Sun Apr 26 14:06:16 UTC 2020
51 ms. Memory: 51200K Free: 20496K (40%)
ptolemy.util.test.WatchDog.cancel(): canceling Sun Apr 26 14:06:16 UTC 2020
------------------ testing $PTII/ptolemy/domains/de/test/auto/ClockDriftAndValueChange.xml
auto.tcl: Setting watchdog for 200 seconds at Sun Apr 26 14:06:16 UTC 2020
21 ms. Memory: 51200K Free: 23837K (47%)
ptolemy.util.test.WatchDog.cancel(): canceling Sun Apr 26 14:06:16 UTC 2020
auto.tcl: Setting watchdog for 200 seconds at Sun Apr 26 14:06:16 UTC 2020
29 ms. Memory: 51200K Free: 20849K (41%)
ptolemy.util.test.WatchDog.cancel(): canceling Sun Apr 26 14:06:16 UTC 2020
------------------ testing $PTII/ptolemy/domains/de/test/auto/ClockDriftChange.xml
auto.tcl: Setting watchdog for 200 seconds at Sun Apr 26 14:06:16 UTC 2020
16 ms. Memory: 51200K Free: 25905K (51%)
ptolemy.util.test.WatchDog.cancel(): canceling Sun Apr 26 14:06:16 UTC 2020
auto.tcl: Setting watchdog for 200 seconds at Sun Apr 26 14:06:16 UTC 2020
19 ms. Memory: 51200K Free: 23367K (46%)
ptolemy.util.test.WatchDog.cancel(): canceling Sun Apr 26 14:06:16 UTC 2020
------------------ testing $PTII/ptolemy/domains/de/test/auto/ComposableCausalityAnalysis.xml
auto.tcl: Setting watchdog for 200 seconds at Sun Apr 26 14:06:16 UTC 2020
3 ms. Memory: 51200K Free: 30661K (60%)
ptolemy.util.test.WatchDog.cancel(): canceling Sun Apr 26 14:06:16 UTC 2020
auto.tcl: Setting watchdog for 200 seconds at Sun Apr 26 14:06:16 UTC 2020
4 ms. Memory: 51200K Free: 29659K (58%)
ptolemy.util.test.WatchDog.cancel(): canceling Sun Apr 26 14:06:16 UTC 2020
------------------ testing $PTII/ptolemy/domains/de/test/auto/DEFixedPointLimitation.xml
auto.tcl: Setting watchdog for 200 seconds at Sun Apr 26 14:06:16 UTC 2020
3 ms. Memory: 51200K Free: 32123K (63%)
ptolemy.util.test.WatchDog.cancel(): canceling Sun Apr 26 14:06:16 UTC 2020
auto.tcl: Setting watchdog for 200 seconds at Sun Apr 26 14:06:16 UTC 2020
1 ms. Memory: 51200K Free: 31218K (61%)
ptolemy.util.test.WatchDog.cancel(): canceling Sun Apr 26 14:06:16 UTC 2020
------------------ testing $PTII/ptolemy/domains/de/test/auto/DEScheduleTest.xml
auto.tcl: Setting watchdog for 200 seconds at Sun Apr 26 14:06:16 UTC 2020
4 ms. Memory: 51200K Free: 32454K (63%)
ptolemy.util.test.WatchDog.cancel(): canceling Sun Apr 26 14:06:16 UTC 2020
auto.tcl: Setting watchdog for 200 seconds at Sun Apr 26 14:06:16 UTC 2020
3 ms. Memory: 51200K Free: 31709K (62%)
ptolemy.util.test.WatchDog.cancel(): canceling Sun Apr 26 14:06:16 UTC 2020
------------------ testing $PTII/ptolemy/domains/de/test/auto/DEinDEwithStartTimes.xml
auto.tcl: Setting watchdog for 200 seconds at Sun Apr 26 14:06:16 UTC 2020
6 ms. Memory: 51200K Free: 30635K (60%)
ptolemy.util.test.WatchDog.cancel(): canceling Sun Apr 26 14:06:16 UTC 2020
auto.tcl: Setting watchdog for 200 seconds at Sun Apr 26 14:06:16 UTC 2020
9 ms. Memory: 51200K Free: 29611K (58%)
ptolemy.util.test.WatchDog.cancel(): canceling Sun Apr 26 14:06:16 UTC 2020
------------------ testing $PTII/ptolemy/domains/de/test/auto/DEinDEwithStartTimes2.xml
auto.tcl: Setting watchdog for 200 seconds at Sun Apr 26 14:06:16 UTC 2020
8 ms. Memory: 51200K Free: 29729K (58%)
ptolemy.util.test.WatchDog.cancel(): canceling Sun Apr 26 14:06:17 UTC 2020
auto.tcl: Setting watchdog for 200 seconds at Sun Apr 26 14:06:17 UTC 2020
3 ms. Memory: 51200K Free: 28566K (56%)
ptolemy.util.test.WatchDog.cancel(): canceling Sun Apr 26 14:06:17 UTC 2020
------------------ testing $PTII/ptolemy/domains/de/test/auto/DateDemo.xml
auto.tcl: Setting watchdog for 200 seconds at Sun Apr 26 14:06:17 UTC 2020
25 ms. Memory: 51200K Free: 24178K (47%)
ptolemy.util.test.WatchDog.cancel(): canceling Sun Apr 26 14:06:17 UTC 2020
auto.tcl: Setting watchdog for 200 seconds at Sun Apr 26 14:06:17 UTC 2020
8 ms. Memory: 51200K Free: 22543K (44%)
ptolemy.util.test.WatchDog.cancel(): canceling Sun Apr 26 14:06:17 UTC 2020
------------------ testing $PTII/ptolemy/domains/de/test/auto/DateToEvent.xml
auto.tcl: Setting watchdog for 200 seconds at Sun Apr 26 14:06:17 UTC 2020
2015 ms. Memory: 51200K Free: 20131K (39%)
ptolemy.util.test.WatchDog.cancel(): canceling Sun Apr 26 14:06:19 UTC 2020
auto.tcl: Setting watchdog for 200 seconds at Sun Apr 26 14:06:19 UTC 2020
2004 ms. Memory: 51200K Free: 19238K (38%)
ptolemy.util.test.WatchDog.cancel(): canceling Sun Apr 26 14:06:21 UTC 2020
------------------ testing $PTII/ptolemy/domains/de/test/auto/DepthTest1.xml
auto.tcl: Setting watchdog for 200 seconds at Sun Apr 26 14:06:21 UTC 2020
2 ms. Memory: 51200K Free: 33291K (65%)
ptolemy.util.test.WatchDog.cancel(): canceling Sun Apr 26 14:06:21 UTC 2020
auto.tcl: Setting watchdog for 200 seconds at Sun Apr 26 14:06:21 UTC 2020
1 ms. Memory: 51200K Free: 32800K (64%)
ptolemy.util.test.WatchDog.cancel(): canceling Sun Apr 26 14:06:21 UTC 2020
------------------ testing $PTII/ptolemy/domains/de/test/auto/DepthTest2.xml
auto.tcl: Setting watchdog for 200 seconds at Sun Apr 26 14:06:21 UTC 2020
8 ms. Memory: 51200K Free: 30066K (59%)
ptolemy.util.test.WatchDog.cancel(): canceling Sun Apr 26 14:06:21 UTC 2020
auto.tcl: Setting watchdog for 200 seconds at Sun Apr 26 14:06:21 UTC 2020
2 ms. Memory: 51200K Free: 29612K (58%)
ptolemy.util.test.WatchDog.cancel(): canceling Sun Apr 26 14:06:21 UTC 2020
------------------ testing $PTII/ptolemy/domains/de/test/auto/DepthTest3.xml
auto.tcl: Setting watchdog for 200 seconds at Sun Apr 26 14:06:21 UTC 2020
2 ms. Memory: 51200K Free: 33622K (66%)
ptolemy.util.test.WatchDog.cancel(): canceling Sun Apr 26 14:06:21 UTC 2020
auto.tcl: Setting watchdog for 200 seconds at Sun Apr 26 14:06:21 UTC 2020
2 ms. Memory: 51200K Free: 33130K (65%)
ptolemy.util.test.WatchDog.cancel(): canceling Sun Apr 26 14:06:21 UTC 2020
------------------ testing $PTII/ptolemy/domains/de/test/auto/DepthTest4.xml
auto.tcl: Setting watchdog for 200 seconds at Sun Apr 26 14:06:21 UTC 2020
6 ms. Memory: 51200K Free: 32017K (63%)
ptolemy.util.test.WatchDog.cancel(): canceling Sun Apr 26 14:06:21 UTC 2020
auto.tcl: Setting watchdog for 200 seconds at Sun Apr 26 14:06:21 UTC 2020
2 ms. Memory: 51200K Free: 31156K (61%)
ptolemy.util.test.WatchDog.cancel(): canceling Sun Apr 26 14:06:21 UTC 2020
------------------ testing $PTII/ptolemy/domains/de/test/auto/DepthTest5.xml
auto.tcl: Setting watchdog for 200 seconds at Sun Apr 26 14:06:21 UTC 2020
3 ms. Memory: 51200K Free: 31292K (61%)
ptolemy.util.test.WatchDog.cancel(): canceling Sun Apr 26 14:06:21 UTC 2020
auto.tcl: Setting watchdog for 200 seconds at Sun Apr 26 14:06:21 UTC 2020
3 ms. Memory: 51200K Free: 30569K (60%)
ptolemy.util.test.WatchDog.cancel(): canceling Sun Apr 26 14:06:21 UTC 2020
------------------ testing $PTII/ptolemy/domains/de/test/auto/DepthTest6.xml
auto.tcl: Setting watchdog for 200 seconds at Sun Apr 26 14:06:21 UTC 2020
6 ms. Memory: 51200K Free: 30748K (60%)
ptolemy.util.test.WatchDog.cancel(): canceling Sun Apr 26 14:06:21 UTC 2020
auto.tcl: Setting watchdog for 200 seconds at Sun Apr 26 14:06:21 UTC 2020
3 ms. Memory: 51200K Free: 30099K (59%)
ptolemy.util.test.WatchDog.cancel(): canceling Sun Apr 26 14:06:21 UTC 2020
------------------ testing $PTII/ptolemy/domains/de/test/auto/DepthTest7.xml
auto.tcl: Setting watchdog for 200 seconds at Sun Apr 26 14:06:21 UTC 2020
3 ms. Memory: 51200K Free: 31568K (62%)
ptolemy.util.test.WatchDog.cancel(): canceling Sun Apr 26 14:06:21 UTC 2020
auto.tcl: Setting watchdog for 200 seconds at Sun Apr 26 14:06:21 UTC 2020
2 ms. Memory: 51200K Free: 30674K (60%)
ptolemy.util.test.WatchDog.cancel(): canceling Sun Apr 26 14:06:21 UTC 2020
------------------ testing $PTII/ptolemy/domains/de/test/auto/EventToDate.xml
auto.tcl: Setting watchdog for 200 seconds at Sun Apr 26 14:06:21 UTC 2020
3007 ms. Memory: 51200K Free: 22573K (44%)
ptolemy.util.test.WatchDog.cancel(): canceling Sun Apr 26 14:06:24 UTC 2020
auto.tcl: Setting watchdog for 200 seconds at Sun Apr 26 14:06:24 UTC 2020
3004 ms. Memory: 51200K Free: 21924K (43%)
ptolemy.util.test.WatchDog.cancel(): canceling Sun Apr 26 14:06:27 UTC 2020
------------------ testing $PTII/ptolemy/domains/de/test/auto/FSM1.xml
auto.tcl: Setting watchdog for 200 seconds at Sun Apr 26 14:06:27 UTC 2020
46 ms. Memory: 51200K Free: 23844K (47%)
ptolemy.util.test.WatchDog.cancel(): canceling Sun Apr 26 14:06:27 UTC 2020
auto.tcl: Setting watchdog for 200 seconds at Sun Apr 26 14:06:27 UTC 2020
16 ms. Memory: 51200K Free: 20578K (40%)
ptolemy.util.test.WatchDog.cancel(): canceling Sun Apr 26 14:06:28 UTC 2020
------------------ testing $PTII/ptolemy/domains/de/test/auto/FSM7.xml
auto.tcl: Setting watchdog for 200 seconds at Sun Apr 26 14:06:28 UTC 2020
16 ms. Memory: 51200K Free: 23473K (46%)
ptolemy.util.test.WatchDog.cancel(): canceling Sun Apr 26 14:06:28 UTC 2020
auto.tcl: Setting watchdog for 200 seconds at Sun Apr 26 14:06:28 UTC 2020
17 ms. Memory: 51200K Free: 20339K (40%)
ptolemy.util.test.WatchDog.cancel(): canceling Sun Apr 26 14:06:28 UTC 2020
------------------ testing $PTII/ptolemy/domains/de/test/auto/Inspection.xml
auto.tcl: Setting watchdog for 200 seconds at Sun Apr 26 14:06:28 UTC 2020
32 ms. Memory: 51200K Free: 23467K (46%)
ptolemy.util.test.WatchDog.cancel(): canceling Sun Apr 26 14:06:28 UTC 2020
auto.tcl: Setting watchdog for 200 seconds at Sun Apr 26 14:06:28 UTC 2020
27 ms. Memory: 51200K Free: 21799K (43%)
ptolemy.util.test.WatchDog.cancel(): canceling Sun Apr 26 14:06:28 UTC 2020
------------------ testing $PTII/ptolemy/domains/de/test/auto/Iteration.xml
auto.tcl: Setting watchdog for 200 seconds at Sun Apr 26 14:06:28 UTC 2020
7 ms. Memory: 51200K Free: 29055K (57%)
ptolemy.util.test.WatchDog.cancel(): canceling Sun Apr 26 14:06:28 UTC 2020
auto.tcl: Setting watchdog for 200 seconds at Sun Apr 26 14:06:28 UTC 2020
7 ms. Memory: 51200K Free: 27859K (54%)
ptolemy.util.test.WatchDog.cancel(): canceling Sun Apr 26 14:06:28 UTC 2020
------------------ testing $PTII/ptolemy/domains/de/test/auto/LineFault.xml
auto.tcl: Setting watchdog for 200 seconds at Sun Apr 26 14:06:28 UTC 2020
619 ms. Memory: 61440K Free: 24524K (40%)
ptolemy.util.test.WatchDog.cancel(): canceling Sun Apr 26 14:06:29 UTC 2020
auto.tcl: Setting watchdog for 200 seconds at Sun Apr 26 14:06:29 UTC 2020
482 ms. Memory: 61440K Free: 23525K (38%)
ptolemy.util.test.WatchDog.cancel(): canceling Sun Apr 26 14:06:29 UTC 2020
------------------ testing $PTII/ptolemy/domains/de/test/auto/MergeModel1Add.xml
auto.tcl: Setting watchdog for 200 seconds at Sun Apr 26 14:06:29 UTC 2020
32 ms. Memory: 58368K Free: 22466K (38%)
ptolemy.util.test.WatchDog.cancel(): canceling Sun Apr 26 14:06:29 UTC 2020
auto.tcl: Setting watchdog for 200 seconds at Sun Apr 26 14:06:29 UTC 2020
9 ms. Memory: 58368K Free: 20832K (36%)
ptolemy.util.test.WatchDog.cancel(): canceling Sun Apr 26 14:06:29 UTC 2020
------------------ testing $PTII/ptolemy/domains/de/test/auto/MergeModel2Add.xml
auto.tcl: Setting watchdog for 200 seconds at Sun Apr 26 14:06:29 UTC 2020
8 ms. Memory: 55296K Free: 21413K (39%)
ptolemy.util.test.WatchDog.cancel(): canceling Sun Apr 26 14:06:30 UTC 2020
auto.tcl: Setting watchdog for 200 seconds at Sun Apr 26 14:06:30 UTC 2020
8 ms. Memory: 55296K Free: 19482K (35%)
ptolemy.util.test.WatchDog.cancel(): canceling Sun Apr 26 14:06:30 UTC 2020
------------------ testing $PTII/ptolemy/domains/de/test/auto/MergeModel3Add.xml
auto.tcl: Setting watchdog for 200 seconds at Sun Apr 26 14:06:30 UTC 2020
9 ms. Memory: 55296K Free: 21390K (39%)
ptolemy.util.test.WatchDog.cancel(): canceling Sun Apr 26 14:06:30 UTC 2020
auto.tcl: Setting watchdog for 200 seconds at Sun Apr 26 14:06:30 UTC 2020
11 ms. Memory: 55296K Free: 19979K (36%)
ptolemy.util.test.WatchDog.cancel(): canceling Sun Apr 26 14:06:30 UTC 2020
------------------ testing $PTII/ptolemy/domains/de/test/auto/MergeWithoutDiscard.xml
auto.tcl: Setting watchdog for 200 seconds at Sun Apr 26 14:06:30 UTC 2020
3 ms. Memory: 55296K Free: 36333K (66%)
ptolemy.util.test.WatchDog.cancel(): canceling Sun Apr 26 14:06:30 UTC 2020
auto.tcl: Setting watchdog for 200 seconds at Sun Apr 26 14:06:30 UTC 2020
1 ms. Memory: 55296K Free: 35856K (65%)
ptolemy.util.test.WatchDog.cancel(): canceling Sun Apr 26 14:06:30 UTC 2020
------------------ testing $PTII/ptolemy/domains/de/test/auto/Modal1.xml
auto.tcl: Setting watchdog for 200 seconds at Sun Apr 26 14:06:30 UTC 2020
12 ms. Memory: 51200K Free: 23827K (47%)
ptolemy.util.test.WatchDog.cancel(): canceling Sun Apr 26 14:06:30 UTC 2020
auto.tcl: Setting watchdog for 200 seconds at Sun Apr 26 14:06:30 UTC 2020
12 ms. Memory: 51200K Free: 20337K (40%)
ptolemy.util.test.WatchDog.cancel(): canceling Sun Apr 26 14:06:30 UTC 2020
------------------ testing $PTII/ptolemy/domains/de/test/auto/Modal2.xml
auto.tcl: Setting watchdog for 200 seconds at Sun Apr 26 14:06:30 UTC 2020
11 ms. Memory: 51200K Free: 23960K (47%)
ptolemy.util.test.WatchDog.cancel(): canceling Sun Apr 26 14:06:30 UTC 2020
auto.tcl: Setting watchdog for 200 seconds at Sun Apr 26 14:06:30 UTC 2020
13 ms. Memory: 51200K Free: 20724K (40%)
ptolemy.util.test.WatchDog.cancel(): canceling Sun Apr 26 14:06:30 UTC 2020
------------------ testing $PTII/ptolemy/domains/de/test/auto/Modal3.xml
auto.tcl: Setting watchdog for 200 seconds at Sun Apr 26 14:06:30 UTC 2020
16 ms. Memory: 51200K Free: 23935K (47%)
ptolemy.util.test.WatchDog.cancel(): canceling Sun Apr 26 14:06:30 UTC 2020
auto.tcl: Setting watchdog for 200 seconds at Sun Apr 26 14:06:30 UTC 2020
15 ms. Memory: 51200K Free: 20709K (40%)
ptolemy.util.test.WatchDog.cancel(): canceling Sun Apr 26 14:06:30 UTC 2020
------------------ testing $PTII/ptolemy/domains/de/test/auto/Modal4.xml
auto.tcl: Setting watchdog for 200 seconds at Sun Apr 26 14:06:30 UTC 2020
31 ms. Memory: 51200K Free: 22946K (45%)
ptolemy.util.test.WatchDog.cancel(): canceling Sun Apr 26 14:06:30 UTC 2020
auto.tcl: Setting watchdog for 200 seconds at Sun Apr 26 14:06:30 UTC 2020
20 ms. Memory: 51200K Free: 19108K (37%)
ptolemy.util.test.WatchDog.cancel(): canceling Sun Apr 26 14:06:30 UTC 2020
------------------ testing $PTII/ptolemy/domains/de/test/auto/Modal5.xml
auto.tcl: Setting watchdog for 200 seconds at Sun Apr 26 14:06:30 UTC 2020
13 ms. Memory: 51200K Free: 22922K (45%)
ptolemy.util.test.WatchDog.cancel(): canceling Sun Apr 26 14:06:30 UTC 2020
auto.tcl: Setting watchdog for 200 seconds at Sun Apr 26 14:06:30 UTC 2020
15 ms. Memory: 51200K Free: 19281K (38%)
ptolemy.util.test.WatchDog.cancel(): canceling Sun Apr 26 14:06:30 UTC 2020
------------------ testing $PTII/ptolemy/domains/de/test/auto/Modal6.xml
auto.tcl: Setting watchdog for 200 seconds at Sun Apr 26 14:06:30 UTC 2020
19 ms. Memory: 51200K Free: 23658K (46%)
ptolemy.util.test.WatchDog.cancel(): canceling Sun Apr 26 14:06:30 UTC 2020
auto.tcl: Setting watchdog for 200 seconds at Sun Apr 26 14:06:30 UTC 2020
14 ms. Memory: 51200K Free: 19704K (38%)
ptolemy.util.test.WatchDog.cancel(): canceling Sun Apr 26 14:06:30 UTC 2020
------------------ testing $PTII/ptolemy/domains/de/test/auto/Modal7.xml
auto.tcl: Setting watchdog for 200 seconds at Sun Apr 26 14:06:30 UTC 2020
10 ms. Memory: 51200K Free: 22623K (44%)
ptolemy.util.test.WatchDog.cancel(): canceling Sun Apr 26 14:06:30 UTC 2020
auto.tcl: Setting watchdog for 200 seconds at Sun Apr 26 14:06:30 UTC 2020
12 ms. Memory: 51200K Free: 19093K (37%)
ptolemy.util.test.WatchDog.cancel(): canceling Sun Apr 26 14:06:31 UTC 2020
------------------ testing $PTII/ptolemy/domains/de/test/auto/ModalModel.xml
auto.tcl: Setting watchdog for 200 seconds at Sun Apr 26 14:06:31 UTC 2020
155 ms. Memory: 51200K Free: 17200K (34%)
ptolemy.util.test.WatchDog.cancel(): canceling Sun Apr 26 14:06:31 UTC 2020
auto.tcl: Setting watchdog for 200 seconds at Sun Apr 26 14:06:31 UTC 2020
177 ms. Memory: 61440K Free: 20819K (34%)
ptolemy.util.test.WatchDog.cancel(): canceling Sun Apr 26 14:06:31 UTC 2020
------------------ testing $PTII/ptolemy/domains/de/test/auto/ModalSource.xml
auto.tcl: Setting watchdog for 200 seconds at Sun Apr 26 14:06:31 UTC 2020
6 ms. Memory: 55296K Free: 31863K (58%)
ptolemy.util.test.WatchDog.cancel(): canceling Sun Apr 26 14:06:31 UTC 2020
auto.tcl: Setting watchdog for 200 seconds at Sun Apr 26 14:06:31 UTC 2020
6 ms. Memory: 55296K Free: 29815K (54%)
ptolemy.util.test.WatchDog.cancel(): canceling Sun Apr 26 14:06:31 UTC 2020
------------------ testing $PTII/ptolemy/domains/de/test/auto/NonInterruptibleTimerZeroDelay.xml
auto.tcl: Setting watchdog for 200 seconds at Sun Apr 26 14:06:31 UTC 2020
3 ms. Memory: 51200K Free: 32702K (64%)
ptolemy.util.test.WatchDog.cancel(): canceling Sun Apr 26 14:06:31 UTC 2020
auto.tcl: Setting watchdog for 200 seconds at Sun Apr 26 14:06:31 UTC 2020
2 ms. Memory: 51200K Free: 32053K (63%)
ptolemy.util.test.WatchDog.cancel(): canceling Sun Apr 26 14:06:31 UTC 2020
------------------ testing $PTII/ptolemy/domains/de/test/auto/OpenQueueingNetwork.xml
auto.tcl: Setting watchdog for 200 seconds at Sun Apr 26 14:06:31 UTC 2020
3049 ms. Memory: 116736K Free: 85962K (74%)
ptolemy.util.test.WatchDog.cancel(): canceling Sun Apr 26 14:06:34 UTC 2020
auto.tcl: Setting watchdog for 200 seconds at Sun Apr 26 14:06:34 UTC 2020
2392 ms. Memory: 140288K Free: 67146K (48%)
ptolemy.util.test.WatchDog.cancel(): canceling Sun Apr 26 14:06:37 UTC 2020
------------------ testing $PTII/ptolemy/domains/de/test/auto/OpenQueuingNetwork.xml
auto.tcl: Setting watchdog for 200 seconds at Sun Apr 26 14:06:37 UTC 2020
241 ms. Memory: 58368K Free: 31286K (54%)
ptolemy.util.test.WatchDog.cancel(): canceling Sun Apr 26 14:06:37 UTC 2020
auto.tcl: Setting watchdog for 200 seconds at Sun Apr 26 14:06:37 UTC 2020
221 ms. Memory: 58368K Free: 11865K (20%)
ptolemy.util.test.WatchDog.cancel(): canceling Sun Apr 26 14:06:37 UTC 2020
------------------ testing $PTII/ptolemy/domains/de/test/auto/PeriodicSampler.xml
auto.tcl: Setting watchdog for 200 seconds at Sun Apr 26 14:06:37 UTC 2020
4 ms. Memory: 58368K Free: 39071K (67%)
ptolemy.util.test.WatchDog.cancel(): canceling Sun Apr 26 14:06:37 UTC 2020
auto.tcl: Setting watchdog for 200 seconds at Sun Apr 26 14:06:37 UTC 2020
2 ms. Memory: 58368K Free: 38543K (66%)
ptolemy.util.test.WatchDog.cancel(): canceling Sun Apr 26 14:06:37 UTC 2020
------------------ testing $PTII/ptolemy/domains/de/test/auto/PersistentIO.xml
auto.tcl: Setting watchdog for 200 seconds at Sun Apr 26 14:06:37 UTC 2020
6 ms. Memory: 55296K Free: 30923K (56%)
ptolemy.util.test.WatchDog.cancel(): canceling Sun Apr 26 14:06:37 UTC 2020
auto.tcl: Setting watchdog for 200 seconds at Sun Apr 26 14:06:37 UTC 2020
5 ms. Memory: 55296K Free: 29403K (53%)
ptolemy.util.test.WatchDog.cancel(): canceling Sun Apr 26 14:06:37 UTC 2020
------------------ testing $PTII/ptolemy/domains/de/test/auto/PortParameterResetOnInitialize.xml
auto.tcl: Setting watchdog for 200 seconds at Sun Apr 26 14:06:37 UTC 2020
8 ms. Memory: 55296K Free: 35921K (65%)
ptolemy.util.test.WatchDog.cancel(): canceling Sun Apr 26 14:06:38 UTC 2020
auto.tcl: Setting watchdog for 200 seconds at Sun Apr 26 14:06:38 UTC 2020
2 ms. Memory: 55296K Free: 35411K (64%)
ptolemy.util.test.WatchDog.cancel(): canceling Sun Apr 26 14:06:38 UTC 2020
------------------ testing $PTII/ptolemy/domains/de/test/auto/PortParameterUpdates.xml
auto.tcl: Setting watchdog for 200 seconds at Sun Apr 26 14:06:38 UTC 2020
7 ms. Memory: 55296K Free: 34171K (62%)
ptolemy.util.test.WatchDog.cancel(): canceling Sun Apr 26 14:06:38 UTC 2020
auto.tcl: Setting watchdog for 200 seconds at Sun Apr 26 14:06:38 UTC 2020
4 ms. Memory: 55296K Free: 32967K (60%)
ptolemy.util.test.WatchDog.cancel(): canceling Sun Apr 26 14:06:38 UTC 2020
------------------ testing $PTII/ptolemy/domains/de/test/auto/QueueAndServer.xml
auto.tcl: Setting watchdog for 200 seconds at Sun Apr 26 14:06:38 UTC 2020
14 ms. Memory: 55296K Free: 33150K (60%)
ptolemy.util.test.WatchDog.cancel(): canceling Sun Apr 26 14:06:38 UTC 2020
auto.tcl: Setting watchdog for 200 seconds at Sun Apr 26 14:06:38 UTC 2020
6 ms. Memory: 55296K Free: 31411K (57%)
ptolemy.util.test.WatchDog.cancel(): canceling Sun Apr 26 14:06:38 UTC 2020
------------------ testing $PTII/ptolemy/domains/de/test/auto/Records.xml
auto.tcl: Setting watchdog for 200 seconds at Sun Apr 26 14:06:38 UTC 2020
3 ms. Memory: 55296K Free: 35142K (64%)
ptolemy.util.test.WatchDog.cancel(): canceling Sun Apr 26 14:06:38 UTC 2020
auto.tcl: Setting watchdog for 200 seconds at Sun Apr 26 14:06:38 UTC 2020
2 ms. Memory: 55296K Free: 34628K (63%)
ptolemy.util.test.WatchDog.cancel(): canceling Sun Apr 26 14:06:38 UTC 2020
------------------ testing $PTII/ptolemy/domains/de/test/auto/ResetTransitionWithStartTime1.xml
auto.tcl: Setting watchdog for 200 seconds at Sun Apr 26 14:06:38 UTC 2020
16 ms. Memory: 55296K Free: 32408K (59%)
ptolemy.util.test.WatchDog.cancel(): canceling Sun Apr 26 14:06:38 UTC 2020
auto.tcl: Setting watchdog for 200 seconds at Sun Apr 26 14:06:38 UTC 2020
11 ms. Memory: 55296K Free: 30360K (55%)
ptolemy.util.test.WatchDog.cancel(): canceling Sun Apr 26 14:06:38 UTC 2020
------------------ testing $PTII/ptolemy/domains/de/test/auto/ResetTransitionWithStartTime2.xml
auto.tcl: Setting watchdog for 200 seconds at Sun Apr 26 14:06:38 UTC 2020
11 ms. Memory: 55296K Free: 32363K (59%)
ptolemy.util.test.WatchDog.cancel(): canceling Sun Apr 26 14:06:38 UTC 2020
auto.tcl: Setting watchdog for 200 seconds at Sun Apr 26 14:06:38 UTC 2020
7 ms. Memory: 55296K Free: 30315K (55%)
ptolemy.util.test.WatchDog.cancel(): canceling Sun Apr 26 14:06:38 UTC 2020
------------------ testing $PTII/ptolemy/domains/de/test/auto/ResetTransitionWithStartTime3.xml
auto.tcl: Setting watchdog for 200 seconds at Sun Apr 26 14:06:38 UTC 2020
6 ms. Memory: 55296K Free: 32362K (59%)
ptolemy.util.test.WatchDog.cancel(): canceling Sun Apr 26 14:06:38 UTC 2020
auto.tcl: Setting watchdog for 200 seconds at Sun Apr 26 14:06:38 UTC 2020
6 ms. Memory: 55296K Free: 30314K (55%)
ptolemy.util.test.WatchDog.cancel(): canceling Sun Apr 26 14:06:38 UTC 2020
------------------ testing $PTII/ptolemy/domains/de/test/auto/ResetTransitionWithStartTime4.xml
auto.tcl: Setting watchdog for 200 seconds at Sun Apr 26 14:06:38 UTC 2020
11 ms. Memory: 55296K Free: 32765K (59%)
ptolemy.util.test.WatchDog.cancel(): canceling Sun Apr 26 14:06:38 UTC 2020
auto.tcl: Setting watchdog for 200 seconds at Sun Apr 26 14:06:38 UTC 2020
4 ms. Memory: 55296K Free: 31336K (57%)
ptolemy.util.test.WatchDog.cancel(): canceling Sun Apr 26 14:06:38 UTC 2020
------------------ testing $PTII/ptolemy/domains/de/test/auto/ResettableTimer1.xml
auto.tcl: Setting watchdog for 200 seconds at Sun Apr 26 14:06:38 UTC 2020
5 ms. Memory: 55296K Free: 36467K (66%)
ptolemy.util.test.WatchDog.cancel(): canceling Sun Apr 26 14:06:38 UTC 2020
auto.tcl: Setting watchdog for 200 seconds at Sun Apr 26 14:06:38 UTC 2020
2 ms. Memory: 55296K Free: 35895K (65%)
ptolemy.util.test.WatchDog.cancel(): canceling Sun Apr 26 14:06:38 UTC 2020
------------------ testing $PTII/ptolemy/domains/de/test/auto/ResettableTimer2.xml
auto.tcl: Setting watchdog for 200 seconds at Sun Apr 26 14:06:38 UTC 2020
2 ms. Memory: 55296K Free: 36523K (66%)
ptolemy.util.test.WatchDog.cancel(): canceling Sun Apr 26 14:06:38 UTC 2020
auto.tcl: Setting watchdog for 200 seconds at Sun Apr 26 14:06:38 UTC 2020
2 ms. Memory: 55296K Free: 35471K (64%)
ptolemy.util.test.WatchDog.cancel(): canceling Sun Apr 26 14:06:38 UTC 2020
------------------ testing $PTII/ptolemy/domains/de/test/auto/ResettableTimer3.xml
auto.tcl: Setting watchdog for 200 seconds at Sun Apr 26 14:06:38 UTC 2020
3 ms. Memory: 55296K Free: 36854K (67%)
ptolemy.util.test.WatchDog.cancel(): canceling Sun Apr 26 14:06:38 UTC 2020
auto.tcl: Setting watchdog for 200 seconds at Sun Apr 26 14:06:38 UTC 2020
1 ms. Memory: 55296K Free: 35967K (65%)
ptolemy.util.test.WatchDog.cancel(): canceling Sun Apr 26 14:06:38 UTC 2020
------------------ testing $PTII/ptolemy/domains/de/test/auto/ResettableTimer4.xml
auto.tcl: Setting watchdog for 200 seconds at Sun Apr 26 14:06:38 UTC 2020
1 ms. Memory: 55296K Free: 36508K (66%)
ptolemy.util.test.WatchDog.cancel(): canceling Sun Apr 26 14:06:38 UTC 2020
auto.tcl: Setting watchdog for 200 seconds at Sun Apr 26 14:06:38 UTC 2020
1 ms. Memory: 55296K Free: 35994K (65%)
ptolemy.util.test.WatchDog.cancel(): canceling Sun Apr 26 14:06:38 UTC 2020
------------------ testing $PTII/ptolemy/domains/de/test/auto/ResettableTimer5.xml
auto.tcl: Setting watchdog for 200 seconds at Sun Apr 26 14:06:38 UTC 2020
1 ms. Memory: 51200K Free: 31896K (62%)
ptolemy.util.test.WatchDog.cancel(): canceling Sun Apr 26 14:06:38 UTC 2020
auto.tcl: Setting watchdog for 200 seconds at Sun Apr 26 14:06:38 UTC 2020
2 ms. Memory: 51200K Free: 31386K (61%)
ptolemy.util.test.WatchDog.cancel(): canceling Sun Apr 26 14:06:38 UTC 2020
------------------ testing $PTII/ptolemy/domains/de/test/auto/ResettableTimer6.xml
auto.tcl: Setting watchdog for 200 seconds at Sun Apr 26 14:06:38 UTC 2020
1 ms. Memory: 51200K Free: 31887K (62%)
ptolemy.util.test.WatchDog.cancel(): canceling Sun Apr 26 14:06:38 UTC 2020
auto.tcl: Setting watchdog for 200 seconds at Sun Apr 26 14:06:38 UTC 2020
1 ms. Memory: 51200K Free: 31377K (61%)
ptolemy.util.test.WatchDog.cancel(): canceling Sun Apr 26 14:06:38 UTC 2020
------------------ testing $PTII/ptolemy/domains/de/test/auto/ServerZeroDelay.xml
auto.tcl: Setting watchdog for 200 seconds at Sun Apr 26 14:06:38 UTC 2020
5 ms. Memory: 51200K Free: 32475K (63%)
ptolemy.util.test.WatchDog.cancel(): canceling Sun Apr 26 14:06:39 UTC 2020
auto.tcl: Setting watchdog for 200 seconds at Sun Apr 26 14:06:39 UTC 2020
2 ms. Memory: 51200K Free: 31368K (61%)
ptolemy.util.test.WatchDog.cancel(): canceling Sun Apr 26 14:06:39 UTC 2020
------------------ testing $PTII/ptolemy/domains/de/test/auto/SmartSender.xml
auto.tcl: Setting watchdog for 200 seconds at Sun Apr 26 14:06:39 UTC 2020
3002 ms. Memory: 51200K Free: 32387K (63%)
ptolemy.util.test.WatchDog.cancel(): canceling Sun Apr 26 14:06:42 UTC 2020
auto.tcl: Setting watchdog for 200 seconds at Sun Apr 26 14:06:42 UTC 2020
3001 ms. Memory: 51200K Free: 31859K (62%)
ptolemy.util.test.WatchDog.cancel(): canceling Sun Apr 26 14:06:45 UTC 2020
------------------ testing $PTII/ptolemy/domains/de/test/auto/ThreadedComposite.xml
auto.tcl: Setting watchdog for 200 seconds at Sun Apr 26 14:06:45 UTC 2020
230 ms. Memory: 51200K Free: 13455K (26%)
ptolemy.util.test.WatchDog.cancel(): canceling Sun Apr 26 14:06:45 UTC 2020
auto.tcl: Setting watchdog for 200 seconds at Sun Apr 26 14:06:45 UTC 2020
141 ms. Memory: 51200K Free: 27925K (55%)
ptolemy.util.test.WatchDog.cancel(): canceling Sun Apr 26 14:06:45 UTC 2020
------------------ testing $PTII/ptolemy/domains/de/test/auto/Time.xml
auto.tcl: Setting watchdog for 200 seconds at Sun Apr 26 14:06:45 UTC 2020
518 ms. Memory: 51200K Free: 33148K (65%)
ptolemy.util.test.WatchDog.cancel(): canceling Sun Apr 26 14:06:46 UTC 2020
auto.tcl: Setting watchdog for 200 seconds at Sun Apr 26 14:06:46 UTC 2020
515 ms. Memory: 71680K Free: 25803K (36%)
ptolemy.util.test.WatchDog.cancel(): canceling Sun Apr 26 14:06:46 UTC 2020
------------------ testing $PTII/ptolemy/domains/de/test/auto/TimeDelayZeroDelay.xml
auto.tcl: Setting watchdog for 200 seconds at Sun Apr 26 14:06:46 UTC 2020
3 ms. Memory: 51200K Free: 32317K (63%)
ptolemy.util.test.WatchDog.cancel(): canceling Sun Apr 26 14:06:46 UTC 2020
auto.tcl: Setting watchdog for 200 seconds at Sun Apr 26 14:06:46 UTC 2020
2 ms. Memory: 51200K Free: 31845K (62%)
ptolemy.util.test.WatchDog.cancel(): canceling Sun Apr 26 14:06:46 UTC 2020
------------------ testing $PTII/ptolemy/domains/de/test/auto/TimerZeroDelay.xml
auto.tcl: Setting watchdog for 200 seconds at Sun Apr 26 14:06:46 UTC 2020
2 ms. Memory: 51200K Free: 32794K (64%)
ptolemy.util.test.WatchDog.cancel(): canceling Sun Apr 26 14:06:46 UTC 2020
auto.tcl: Setting watchdog for 200 seconds at Sun Apr 26 14:06:46 UTC 2020
3 ms. Memory: 51200K Free: 32360K (63%)
ptolemy.util.test.WatchDog.cancel(): canceling Sun Apr 26 14:06:46 UTC 2020
------------------ testing $PTII/ptolemy/domains/de/test/auto/TimingParadox.xml
auto.tcl: Setting watchdog for 200 seconds at Sun Apr 26 14:06:46 UTC 2020
383 ms. Memory: 51200K Free: 16845K (33%)
ptolemy.util.test.WatchDog.cancel(): canceling Sun Apr 26 14:06:47 UTC 2020
auto.tcl: Setting watchdog for 200 seconds at Sun Apr 26 14:06:47 UTC 2020
332 ms. Memory: 51200K Free: 31121K (61%)
ptolemy.util.test.WatchDog.cancel(): canceling Sun Apr 26 14:06:47 UTC 2020
------------------ testing $PTII/ptolemy/domains/de/test/auto/TransferInputs.xml
auto.tcl: Setting watchdog for 200 seconds at Sun Apr 26 14:06:47 UTC 2020
2 ms. Memory: 51200K Free: 30828K (60%)
ptolemy.util.test.WatchDog.cancel(): canceling Sun Apr 26 14:06:47 UTC 2020
auto.tcl: Setting watchdog for 200 seconds at Sun Apr 26 14:06:47 UTC 2020
2 ms. Memory: 51200K Free: 29956K (59%)
ptolemy.util.test.WatchDog.cancel(): canceling Sun Apr 26 14:06:47 UTC 2020
------------------ testing $PTII/ptolemy/domains/de/test/auto/TransferOutputs2.xml
auto.tcl: Setting watchdog for 200 seconds at Sun Apr 26 14:06:47 UTC 2020
3 ms. Memory: 51200K Free: 28270K (55%)
ptolemy.util.test.WatchDog.cancel(): canceling Sun Apr 26 14:06:47 UTC 2020
auto.tcl: Setting watchdog for 200 seconds at Sun Apr 26 14:06:47 UTC 2020
3 ms. Memory: 51200K Free: 26857K (52%)
ptolemy.util.test.WatchDog.cancel(): canceling Sun Apr 26 14:06:47 UTC 2020
------------------ testing $PTII/ptolemy/domains/de/test/auto/Trilateration.xml
auto.tcl: Setting watchdog for 200 seconds at Sun Apr 26 14:06:47 UTC 2020
14235 ms. Memory: 451584K Free: 295258K (65%)
ptolemy.util.test.WatchDog.cancel(): canceling Sun Apr 26 14:07:03 UTC 2020
auto.tcl: Setting watchdog for 200 seconds at Sun Apr 26 14:07:03 UTC 2020
10003 ms. Memory: 451584K Free: 330948K (73%)
ptolemy.util.test.WatchDog.cancel(): canceling Sun Apr 26 14:07:13 UTC 2020
------------------ testing $PTII/ptolemy/domains/de/test/auto/TwoSigmaDelta.xml
auto.tcl: Setting watchdog for 200 seconds at Sun Apr 26 14:07:13 UTC 2020
2350 ms. Memory: 92160K Free: 23875K (26%)
ptolemy.util.test.WatchDog.cancel(): canceling Sun Apr 26 14:07:15 UTC 2020
auto.tcl: Setting watchdog for 200 seconds at Sun Apr 26 14:07:15 UTC 2020
1798 ms. Memory: 92160K Free: 25899K (28%)
ptolemy.util.test.WatchDog.cancel(): canceling Sun Apr 26 14:07:17 UTC 2020
------------------ testing $PTII/ptolemy/domains/de/test/auto/VariableDelay.xml
auto.tcl: Setting watchdog for 200 seconds at Sun Apr 26 14:07:17 UTC 2020
3 ms. Memory: 55296K Free: 35412K (64%)
ptolemy.util.test.WatchDog.cancel(): canceling Sun Apr 26 14:07:17 UTC 2020
auto.tcl: Setting watchdog for 200 seconds at Sun Apr 26 14:07:17 UTC 2020
1 ms. Memory: 55296K Free: 34396K (62%)
ptolemy.util.test.WatchDog.cancel(): canceling Sun Apr 26 14:07:17 UTC 2020
------------------ testing $PTII/ptolemy/domains/de/test/auto/VariableDelay2.xml
auto.tcl: Setting watchdog for 200 seconds at Sun Apr 26 14:07:17 UTC 2020
2 ms. Memory: 55296K Free: 35819K (65%)
ptolemy.util.test.WatchDog.cancel(): canceling Sun Apr 26 14:07:17 UTC 2020
auto.tcl: Setting watchdog for 200 seconds at Sun Apr 26 14:07:17 UTC 2020
2 ms. Memory: 55296K Free: 35315K (64%)
ptolemy.util.test.WatchDog.cancel(): canceling Sun Apr 26 14:07:17 UTC 2020
------------------ testing $PTII/ptolemy/domains/de/test/auto/VariableDelayZeroDelay.xml
auto.tcl: Setting watchdog for 200 seconds at Sun Apr 26 14:07:17 UTC 2020
3 ms. Memory: 55296K Free: 36338K (66%)
ptolemy.util.test.WatchDog.cancel(): canceling Sun Apr 26 14:07:17 UTC 2020
auto.tcl: Setting watchdog for 200 seconds at Sun Apr 26 14:07:17 UTC 2020
2 ms. Memory: 55296K Free: 35810K (65%)
ptolemy.util.test.WatchDog.cancel(): canceling Sun Apr 26 14:07:17 UTC 2020
------------------ testing $PTII/ptolemy/domains/de/test/auto/VariableDelayZeroDelay2.xml
auto.tcl: Setting watchdog for 200 seconds at Sun Apr 26 14:07:17 UTC 2020
5 ms. Memory: 55296K Free: 36337K (66%)
ptolemy.util.test.WatchDog.cancel(): canceling Sun Apr 26 14:07:17 UTC 2020
auto.tcl: Setting watchdog for 200 seconds at Sun Apr 26 14:07:17 UTC 2020
4 ms. Memory: 55296K Free: 35313K (64%)
ptolemy.util.test.WatchDog.cancel(): canceling Sun Apr 26 14:07:17 UTC 2020
------------------ testing $PTII/ptolemy/domains/de/test/auto/deInCt.xml
auto.tcl: Setting watchdog for 200 seconds at Sun Apr 26 14:07:17 UTC 2020
0
1
1
0
0
0
0
1
1
1
0
0
0
0
1
1
1
1
0
0
0
0
1
1
1
0
0
0
1
1
1
0
0
0
0
1
1
1
1
15 ms. Memory: 55296K Free: 35311K (64%)
ptolemy.util.test.WatchDog.cancel(): canceling Sun Apr 26 14:07:17 UTC 2020
auto.tcl: Setting watchdog for 200 seconds at Sun Apr 26 14:07:17 UTC 2020
0
1
1
0
0
0
1
1
0
0
0
0
1
1
1
0
0
0
1
1
1
1
0
0
0
1
1
1
0
0
0
1
1
1
0
0
0
1
1
1
0
0
1
1
1
1
1
1
7 ms. Memory: 55296K Free: 33773K (61%)
ptolemy.util.test.WatchDog.cancel(): canceling Sun Apr 26 14:07:17 UTC 2020
------------------ testing $PTII/ptolemy/domains/de/test/auto/deInCt2.xml
auto.tcl: Setting watchdog for 200 seconds at Sun Apr 26 14:07:17 UTC 2020
0
1
1
1
0
0
1
1
1
0
0
1
1
1
0
0
1
1
1
0
0
1
1
1
0
0
1
1
1
0
0
1
1
1
0
0
1
1
1
0
0
0
15 ms. Memory: 55296K Free: 35312K (64%)
ptolemy.util.test.WatchDog.cancel(): canceling Sun Apr 26 14:07:17 UTC 2020
auto.tcl: Setting watchdog for 200 seconds at Sun Apr 26 14:07:17 UTC 2020
0
1
1
1
0
0
1
1
1
0
0
1
1
1
0
0
1
1
1
0
0
1
1
1
0
0
1
1
1
0
0
1
1
1
0
0
1
1
1
0
0
0
10 ms. Memory: 55296K Free: 33760K (61%)
ptolemy.util.test.WatchDog.cancel(): canceling Sun Apr 26 14:07:17 UTC 2020
------------------ testing $PTII/ptolemy/domains/de/test/auto/dynamicCausalityInterface1.xml
auto.tcl: Setting watchdog for 200 seconds at Sun Apr 26 14:07:17 UTC 2020
1 ms. Memory: 55296K Free: 31211K (56%)
ptolemy.util.test.WatchDog.cancel(): canceling Sun Apr 26 14:07:18 UTC 2020
auto.tcl: Setting watchdog for 200 seconds at Sun Apr 26 14:07:18 UTC 2020
1 ms. Memory: 55296K Free: 30697K (56%)
ptolemy.util.test.WatchDog.cancel(): canceling Sun Apr 26 14:07:18 UTC 2020
------------------ testing $PTII/ptolemy/domains/de/test/auto/fsm_de_test.xml
auto.tcl: Setting watchdog for 200 seconds at Sun Apr 26 14:07:18 UTC 2020
11 ms. Memory: 55296K Free: 31141K (56%)
ptolemy.util.test.WatchDog.cancel(): canceling Sun Apr 26 14:07:18 UTC 2020
auto.tcl: Setting watchdog for 200 seconds at Sun Apr 26 14:07:18 UTC 2020
4 ms. Memory: 55296K Free: 29062K (53%)
ptolemy.util.test.WatchDog.cancel(): canceling Sun Apr 26 14:07:18 UTC 2020
------------------ testing $PTII/ptolemy/domains/de/test/auto/functionDependencyReconstruction.xml
auto.tcl: Setting watchdog for 200 seconds at Sun Apr 26 14:07:18 UTC 2020
2 ms. Memory: 55296K Free: 24956K (45%)
ptolemy.util.test.WatchDog.cancel(): canceling Sun Apr 26 14:07:18 UTC 2020
auto.tcl: Setting watchdog for 200 seconds at Sun Apr 26 14:07:18 UTC 2020
3 ms. Memory: 55296K Free: 22908K (41%)
ptolemy.util.test.WatchDog.cancel(): canceling Sun Apr 26 14:07:18 UTC 2020
------------------ testing $PTII/ptolemy/domains/de/test/auto/multirate.xml
auto.tcl: Setting watchdog for 200 seconds at Sun Apr 26 14:07:18 UTC 2020
4 ms. Memory: 55296K Free: 33674K (61%)
ptolemy.util.test.WatchDog.cancel(): canceling Sun Apr 26 14:07:18 UTC 2020
auto.tcl: Setting watchdog for 200 seconds at Sun Apr 26 14:07:18 UTC 2020
6 ms. Memory: 55296K Free: 32005K (58%)
ptolemy.util.test.WatchDog.cancel(): canceling Sun Apr 26 14:07:18 UTC 2020
------------------ testing $PTII/ptolemy/domains/de/test/auto/multirate2.xml
auto.tcl: Setting watchdog for 200 seconds at Sun Apr 26 14:07:18 UTC 2020
2 ms. Memory: 55296K Free: 33868K (61%)
ptolemy.util.test.WatchDog.cancel(): canceling Sun Apr 26 14:07:18 UTC 2020
auto.tcl: Setting watchdog for 200 seconds at Sun Apr 26 14:07:18 UTC 2020
3 ms. Memory: 55296K Free: 32185K (58%)
ptolemy.util.test.WatchDog.cancel(): canceling Sun Apr 26 14:07:18 UTC 2020
------------------ testing $PTII/ptolemy/domains/de/test/auto/realtime.xml
auto.tcl: Setting watchdog for 200 seconds at Sun Apr 26 14:07:18 UTC 2020
10002 ms. Memory: 55296K Free: 35960K (65%)
ptolemy.util.test.WatchDog.cancel(): canceling Sun Apr 26 14:07:28 UTC 2020
auto.tcl: Setting watchdog for 200 seconds at Sun Apr 26 14:07:28 UTC 2020
10002 ms. Memory: 55296K Free: 35416K (64%)
ptolemy.util.test.WatchDog.cancel(): canceling Sun Apr 26 14:07:38 UTC 2020
------------------ testing $PTII/ptolemy/domains/de/test/auto/relationGroup.xml
auto.tcl: Setting watchdog for 200 seconds at Sun Apr 26 14:07:38 UTC 2020
2 ms. Memory: 55296K Free: 37041K (67%)
ptolemy.util.test.WatchDog.cancel(): canceling Sun Apr 26 14:07:38 UTC 2020
auto.tcl: Setting watchdog for 200 seconds at Sun Apr 26 14:07:38 UTC 2020
1 ms. Memory: 55296K Free: 36513K (66%)
ptolemy.util.test.WatchDog.cancel(): canceling Sun Apr 26 14:07:38 UTC 2020
------------------ testing $PTII/ptolemy/domains/de/test/auto/relationGroup2.xml
auto.tcl: Setting watchdog for 200 seconds at Sun Apr 26 14:07:38 UTC 2020
1 ms. Memory: 55296K Free: 37067K (67%)
ptolemy.util.test.WatchDog.cancel(): canceling Sun Apr 26 14:07:38 UTC 2020
auto.tcl: Setting watchdog for 200 seconds at Sun Apr 26 14:07:38 UTC 2020
1 ms. Memory: 55296K Free: 36555K (66%)
ptolemy.util.test.WatchDog.cancel(): canceling Sun Apr 26 14:07:38 UTC 2020
------------------ testing $PTII/ptolemy/domains/de/test/auto/sortWithOpaquePorts.xml
auto.tcl: Setting watchdog for 200 seconds at Sun Apr 26 14:07:38 UTC 2020
2 ms. Memory: 55296K Free: 35835K (65%)
ptolemy.util.test.WatchDog.cancel(): canceling Sun Apr 26 14:07:38 UTC 2020
auto.tcl: Setting watchdog for 200 seconds at Sun Apr 26 14:07:38 UTC 2020
2 ms. Memory: 55296K Free: 34811K (63%)
ptolemy.util.test.WatchDog.cancel(): canceling Sun Apr 26 14:07:38 UTC 2020
------------------ testing $PTII/ptolemy/domains/de/test/auto/transferInputsandOutputs.xml
auto.tcl: Setting watchdog for 200 seconds at Sun Apr 26 14:07:38 UTC 2020
2 ms. Memory: 51200K Free: 29183K (57%)
ptolemy.util.test.WatchDog.cancel(): canceling Sun Apr 26 14:07:38 UTC 2020
auto.tcl: Setting watchdog for 200 seconds at Sun Apr 26 14:07:38 UTC 2020
2 ms. Memory: 51200K Free: 28159K (55%)
ptolemy.util.test.WatchDog.cancel(): canceling Sun Apr 26 14:07:38 UTC 2020
------------------ testing $PTII/ptolemy/domains/de/test/auto/triggerType.xml
auto.tcl: Setting watchdog for 200 seconds at Sun Apr 26 14:07:38 UTC 2020
2 ms. Memory: 51200K Free: 32208K (63%)
ptolemy.util.test.WatchDog.cancel(): canceling Sun Apr 26 14:07:38 UTC 2020
auto.tcl: Setting watchdog for 200 seconds at Sun Apr 26 14:07:38 UTC 2020
1 ms. Memory: 51200K Free: 31184K (61%)
ptolemy.util.test.WatchDog.cancel(): canceling Sun Apr 26 14:07:38 UTC 2020
04/26/20 02:07:38
Failed: 0  Total Tests: 192  ((Passed: 187, Newly Passed: 1)  Known Failed: 5) /home/travis/build/icyphy/ptII/ptolemy/domains/de/test
04/26/20 02:07:38
Failed: 0  Total Tests: 192  ((Passed: 187, Newly Passed: 1)  Known Failed: 5) /home/travis/build/icyphy/ptII/ptolemy/domains/de/test
----------------- testing (KnownFailure) /home/travis/build/icyphy/ptII/ptolemy/domains/de/test/auto/knownFailedTests/DESDFClockTest.xml
2018 ms. Memory: 51200K Free: 25603K (50%)
Known Failure: java.lang.reflect.InvocationTargetException
----------------- testing (KnownFailure) /home/travis/build/icyphy/ptII/ptolemy/domains/de/test/auto/knownFailedTests/DirectFeedback.xml
3 ms. Memory: 51200K Free: 20997K (41%)
Known Failure: java.lang.reflect.InvocationTargetException
----------------- testing (KnownFailure) /home/travis/build/icyphy/ptII/ptolemy/domains/de/test/auto/knownFailedTests/FSMSource.xml
16 ms. Memory: 51200K Free: 13829K (27%)
----------------- testing (KnownFailure) /home/travis/build/icyphy/ptII/ptolemy/domains/de/test/auto/knownFailedTests/HierarchicalModel.xml
3 ms. Memory: 51200K Free: 27024K (53%)
Known Failure: java.lang.reflect.InvocationTargetException
----------------- testing (KnownFailure) /home/travis/build/icyphy/ptII/ptolemy/domains/de/test/auto/knownFailedTests/dependencyLoop.xml
3 ms. Memory: 51200K Free: 11377K (22%)
Known Failure: java.lang.reflect.InvocationTargetException
----------------- testing (KnownFailure) /home/travis/build/icyphy/ptII/ptolemy/domains/de/test/auto/knownFailedTests/dependencyLoop2.xml
6 ms. Memory: 51200K Free: 25318K (49%)
Known Failure: java.lang.reflect.InvocationTargetException
No auto/linux-amd64/*.xml tests in /home/travis/build/icyphy/ptII/ptolemy/domains/de/test
AutoTests.java: About to close Vertx.
AutoTests.java: Vertx closed.

===========================================================================================
----------------- testing Sun Apr 26 14:07:41 UTC 2020 /home/travis/build/icyphy/ptII/ptolemy/domains/de/test/auto/ActorDepthCalculation_actorWithoutPorts.xml
----------------- Instantiating /home/travis/build/icyphy/ptII/ptolemy/domains/de/test/auto/ActorDepthCalculation_actorWithoutPorts.xml
1 ms. Memory: 51200K Free: 18150K (35%)
----------------- Invoking toplevel() on ptolemy.moml.MoMLSimpleApplication@7b9f7a48
----------------- Done invoking toplevel() on ptolemy.moml.MoMLSimpleApplication@7b9f7a48
reloadAllAccessors: .ActorDepthCalculation_actorWithoutPorts

===========================================================================================
----------------- testing Sun Apr 26 14:07:41 UTC 2020 /home/travis/build/icyphy/ptII/ptolemy/domains/de/test/auto/AssemblyLine.xml
----------------- Instantiating /home/travis/build/icyphy/ptII/ptolemy/domains/de/test/auto/AssemblyLine.xml
3 ms. Memory: 51200K Free: 11004K (21%)
----------------- Invoking toplevel() on ptolemy.moml.MoMLSimpleApplication@7fa10e48
----------------- Done invoking toplevel() on ptolemy.moml.MoMLSimpleApplication@7fa10e48
reloadAllAccessors: .AssemblyLine

===========================================================================================
----------------- testing Sun Apr 26 14:07:41 UTC 2020 /home/travis/build/icyphy/ptII/ptolemy/domains/de/test/auto/CQBug1.xml
----------------- Instantiating /home/travis/build/icyphy/ptII/ptolemy/domains/de/test/auto/CQBug1.xml
0 ms. Memory: 51200K Free: 8220K (16%)
----------------- Invoking toplevel() on ptolemy.moml.MoMLSimpleApplication@481c5137
----------------- Done invoking toplevel() on ptolemy.moml.MoMLSimpleApplication@481c5137
reloadAllAccessors: .CQBug1

===========================================================================================
----------------- testing Sun Apr 26 14:07:41 UTC 2020 /home/travis/build/icyphy/ptII/ptolemy/domains/de/test/auto/CancelFireAt.xml
----------------- Instantiating /home/travis/build/icyphy/ptII/ptolemy/domains/de/test/auto/CancelFireAt.xml
13 ms. Memory: 51200K Free: 34697K (68%)
----------------- Invoking toplevel() on ptolemy.moml.MoMLSimpleApplication@60a0fc5b
----------------- Done invoking toplevel() on ptolemy.moml.MoMLSimpleApplication@60a0fc5b
reloadAllAccessors: .CancelFireAt

===========================================================================================
----------------- testing Sun Apr 26 14:07:41 UTC 2020 /home/travis/build/icyphy/ptII/ptolemy/domains/de/test/auto/CausalityAndComposabilityAnalysis.xml
----------------- Instantiating /home/travis/build/icyphy/ptII/ptolemy/domains/de/test/auto/CausalityAndComposabilityAnalysis.xml
2 ms. Memory: 51200K Free: 30277K (59%)
----------------- Invoking toplevel() on ptolemy.moml.MoMLSimpleApplication@494a7416
----------------- Done invoking toplevel() on ptolemy.moml.MoMLSimpleApplication@494a7416
reloadAllAccessors: .CausalityAndComposabilityAnalysis

===========================================================================================
----------------- testing Sun Apr 26 14:07:41 UTC 2020 /home/travis/build/icyphy/ptII/ptolemy/domains/de/test/auto/CausalityInterface1.xml
----------------- Instantiating /home/travis/build/icyphy/ptII/ptolemy/domains/de/test/auto/CausalityInterface1.xml
5 ms. Memory: 51200K Free: 25219K (49%)
----------------- Invoking toplevel() on ptolemy.moml.MoMLSimpleApplication@3e417a3c
----------------- Done invoking toplevel() on ptolemy.moml.MoMLSimpleApplication@3e417a3c
reloadAllAccessors: .CausalityInterface1

===========================================================================================
----------------- testing Sun Apr 26 14:07:41 UTC 2020 /home/travis/build/icyphy/ptII/ptolemy/domains/de/test/auto/CausalityInterface15.xml
----------------- Instantiating /home/travis/build/icyphy/ptII/ptolemy/domains/de/test/auto/CausalityInterface15.xml
2 ms. Memory: 51200K Free: 19686K (38%)
----------------- Invoking toplevel() on ptolemy.moml.MoMLSimpleApplication@5de9ae51
----------------- Done invoking toplevel() on ptolemy.moml.MoMLSimpleApplication@5de9ae51
reloadAllAccessors: .CausalityInterface15

===========================================================================================
----------------- testing Sun Apr 26 14:07:41 UTC 2020 /home/travis/build/icyphy/ptII/ptolemy/domains/de/test/auto/CausalityInterface2.xml
----------------- Instantiating /home/travis/build/icyphy/ptII/ptolemy/domains/de/test/auto/CausalityInterface2.xml
2 ms. Memory: 51200K Free: 15227K (30%)
[...]
	at ptolemy.actor.Manager.run(Manager.java:1263)
	at ptolemy.actor.Manager$PtolemyRunThread.run(Manager.java:1933)
java.lang.RuntimeException: Execution failed
	at ptolemy.moml.MoMLSimpleApplication$UnloadThread.run(MoMLSimpleApplication.java:402)
Caused by: ptolemy.kernel.util.IllegalActionException: Actor is not ready to fire.  Perhaps UpSample.prefire() returned false? Try debugging the actor by selecting "Listen to Actor".  Also, for SDF check moml for tokenConsumptionRate on input.
  in .DESDFClockTest.Play Bell.Copy1:SDF Director and .DESDFClockTest.Play Bell.UpSample
	at ptolemy.actor.sched.StaticSchedulingDirector.fire(StaticSchedulingDirector.java:227)
	at ptolemy.domains.sdf.kernel.SDFDirector.fire(SDFDirector.java:500)
	at ptolemy.actor.CompositeActor.fire(CompositeActor.java:455)
	at ptolemy.domains.de.kernel.DEDirector._fire(DEDirector.java:1949)
	at ptolemy.domains.de.kernel.DEDirector.fire(DEDirector.java:502)
	at ptolemy.actor.CompositeActor.fire(CompositeActor.java:455)
	at ptolemy.actor.Manager.iterate(Manager.java:851)
	at ptolemy.actor.Manager.execute(Manager.java:369)
	at ptolemy.actor.Manager.run(Manager.java:1263)
	at ptolemy.actor.Manager$PtolemyRunThread.run(Manager.java:1933)
java.lang.reflect.InvocationTargetException
	at java.base/jdk.internal.reflect.NativeConstructorAccessorImpl.newInstance0(Native Method)
	at java.base/jdk.internal.reflect.NativeConstructorAccessorImpl.newInstance(NativeConstructorAccessorImpl.java:62)
	at java.base/jdk.internal.reflect.DelegatingConstructorAccessorImpl.newInstance(DelegatingConstructorAccessorImpl.java:45)
	at java.base/java.lang.reflect.Constructor.newInstance(Constructor.java:490)
	at ptolemy.util.test.junit.AutoKnownFailedTests.RunModel(AutoKnownFailedTests.java:105)
	at java.base/jdk.internal.reflect.NativeMethodAccessorImpl.invoke0(Native Method)
	at java.base/jdk.internal.reflect.NativeMethodAccessorImpl.invoke(NativeMethodAccessorImpl.java:62)
	at java.base/jdk.internal.reflect.DelegatingMethodAccessorImpl.invoke(DelegatingMethodAccessorImpl.java:43)
	at java.base/java.lang.reflect.Method.invoke(Method.java:566)
	at org.junit.runners.model.FrameworkMethod$1.runReflectiveCall(FrameworkMethod.java:44)
	at org.junit.internal.runners.model.ReflectiveCallable.run(ReflectiveCallable.java:15)
	at org.junit.runners.model.FrameworkMethod.invokeExplosively(FrameworkMethod.java:41)
	at junitparams.internal.InvokeParameterisedMethod.evaluate(InvokeParameterisedMethod.java:102)
	at org.junit.internal.runners.statements.FailOnTimeout$1.run(FailOnTimeout.java:28)
Caused by: ptolemy.kernel.util.IllegalActionException: Actor is not ready to fire.  Perhaps UpSample.prefire() returned false? Try debugging the actor by selecting "Listen to Actor".  Also, for SDF check moml for tokenConsumptionRate on input.
  in .DESDFClockTest.Play Bell.Copy1:SDF Director and .DESDFClockTest.Play Bell.UpSample
	at ptolemy.actor.sched.StaticSchedulingDirector.fire(StaticSchedulingDirector.java:227)
	at ptolemy.domains.sdf.kernel.SDFDirector.fire(SDFDirector.java:500)
	at ptolemy.actor.CompositeActor.fire(CompositeActor.java:455)
	at ptolemy.domains.de.kernel.DEDirector._fire(DEDirector.java:1949)
	at ptolemy.domains.de.kernel.DEDirector.fire(DEDirector.java:502)
	at ptolemy.actor.CompositeActor.fire(CompositeActor.java:455)
	at ptolemy.actor.Manager.iterate(Manager.java:851)
	at ptolemy.actor.Manager.execute(Manager.java:369)
	at ptolemy.actor.Manager.run(Manager.java:1263)
	at ptolemy.actor.Manager$PtolemyRunThread.run(Manager.java:1933)
java.lang.RuntimeException: Execution failed
	at ptolemy.moml.MoMLSimpleApplication$UnloadThread.run(MoMLSimpleApplication.java:402)
Caused by: ptolemy.kernel.util.IllegalActionException: Test fails in iteration 1.
Value was: 1.0. Should have been: 2.0
  in .DirectFeedback.Test
	at ptolemy.actor.lib.Test.fire(Test.java:268)
	at ptolemy.domains.de.kernel.DEDirector._fire(DEDirector.java:1949)
	at ptolemy.domains.de.kernel.DEDirector.fire(DEDirector.java:502)
	at ptolemy.actor.CompositeActor.fire(CompositeActor.java:455)
	at ptolemy.actor.Manager.iterate(Manager.java:851)
	at ptolemy.actor.Manager.execute(Manager.java:369)
	at ptolemy.actor.Manager.run(Manager.java:1263)
	at ptolemy.actor.Manager$PtolemyRunThread.run(Manager.java:1933)
java.lang.reflect.InvocationTargetException
	at java.base/jdk.internal.reflect.NativeConstructorAccessorImpl.newInstance0(Native Method)
	at java.base/jdk.internal.reflect.NativeConstructorAccessorImpl.newInstance(NativeConstructorAccessorImpl.java:62)
	at java.base/jdk.internal.reflect.DelegatingConstructorAccessorImpl.newInstance(DelegatingConstructorAccessorImpl.java:45)
	at java.base/java.lang.reflect.Constructor.newInstance(Constructor.java:490)
	at ptolemy.util.test.junit.AutoKnownFailedTests.RunModel(AutoKnownFailedTests.java:105)
	at java.base/jdk.internal.reflect.NativeMethodAccessorImpl.invoke0(Native Method)
	at java.base/jdk.internal.reflect.NativeMethodAccessorImpl.invoke(NativeMethodAccessorImpl.java:62)
	at java.base/jdk.internal.reflect.DelegatingMethodAccessorImpl.invoke(DelegatingMethodAccessorImpl.java:43)
	at java.base/java.lang.reflect.Method.invoke(Method.java:566)
	at org.junit.runners.model.FrameworkMethod$1.runReflectiveCall(FrameworkMethod.java:44)
	at org.junit.internal.runners.model.ReflectiveCallable.run(ReflectiveCallable.java:15)
	at org.junit.runners.model.FrameworkMethod.invokeExplosively(FrameworkMethod.java:41)
	at junitparams.internal.InvokeParameterisedMethod.evaluate(InvokeParameterisedMethod.java:102)
	at org.junit.internal.runners.statements.FailOnTimeout$1.run(FailOnTimeout.java:28)
Caused by: ptolemy.kernel.util.IllegalActionException: Test fails in iteration 1.
Value was: 1.0. Should have been: 2.0
  in .DirectFeedback.Test
	at ptolemy.actor.lib.Test.fire(Test.java:268)
	at ptolemy.domains.de.kernel.DEDirector._fire(DEDirector.java:1949)
	at ptolemy.domains.de.kernel.DEDirector.fire(DEDirector.java:502)
	at ptolemy.actor.CompositeActor.fire(CompositeActor.java:455)
	at ptolemy.actor.Manager.iterate(Manager.java:851)
	at ptolemy.actor.Manager.execute(Manager.java:369)
	at ptolemy.actor.Manager.run(Manager.java:1263)
	at ptolemy.actor.Manager$PtolemyRunThread.run(Manager.java:1933)
java.lang.RuntimeException: Execution failed
	at ptolemy.moml.MoMLSimpleApplication$UnloadThread.run(MoMLSimpleApplication.java:402)
Caused by: ptolemy.kernel.util.IllegalActionException: Found a zero delay loop containing .HierarchicalModel.A
  in .HierarchicalModel and .HierarchicalModel.A
	at ptolemy.actor.util.CausalityInterfaceForComposites._computeOutputPortDepth(CausalityInterfaceForComposites.java:759)
	at ptolemy.actor.util.CausalityInterfaceForComposites._computeInputDepth(CausalityInterfaceForComposites.java:696)
	at ptolemy.actor.util.CausalityInterfaceForComposites._computeOutputPortDepth(CausalityInterfaceForComposites.java:765)
	at ptolemy.actor.util.CausalityInterfaceForComposites._computeInputDepth(CausalityInterfaceForComposites.java:696)
	at ptolemy.actor.util.CausalityInterfaceForComposites._computeOutputPortDepth(CausalityInterfaceForComposites.java:765)
	at ptolemy.actor.util.CausalityInterfaceForComposites._computeInputDepth(CausalityInterfaceForComposites.java:696)
	at ptolemy.actor.util.CausalityInterfaceForComposites._computeActorDepth(CausalityInterfaceForComposites.java:532)
	at ptolemy.actor.util.CausalityInterfaceForComposites.checkForCycles(CausalityInterfaceForComposites.java:96)
	at ptolemy.domains.de.kernel.DEDirector.preinitialize(DEDirector.java:1338)
	at ptolemy.actor.CompositeActor.preinitialize(CompositeActor.java:1828)
	at ptolemy.actor.Manager.preinitializeAndResolveTypes(Manager.java:1040)
	at ptolemy.actor.Manager.initialize(Manager.java:710)
	at ptolemy.actor.Manager.execute(Manager.java:356)
	at ptolemy.actor.Manager.run(Manager.java:1263)
	at ptolemy.actor.Manager$PtolemyRunThread.run(Manager.java:1933)
java.lang.reflect.InvocationTargetException
	at java.base/jdk.internal.reflect.NativeConstructorAccessorImpl.newInstance0(Native Method)
	at java.base/jdk.internal.reflect.NativeConstructorAccessorImpl.newInstance(NativeConstructorAccessorImpl.java:62)
	at java.base/jdk.internal.reflect.DelegatingConstructorAccessorImpl.newInstance(DelegatingConstructorAccessorImpl.java:45)
	at java.base/java.lang.reflect.Constructor.newInstance(Constructor.java:490)
	at ptolemy.util.test.junit.AutoKnownFailedTests.RunModel(AutoKnownFailedTests.java:105)
	at java.base/jdk.internal.reflect.NativeMethodAccessorImpl.invoke0(Native Method)
	at java.base/jdk.internal.reflect.NativeMethodAccessorImpl.invoke(NativeMethodAccessorImpl.java:62)
	at java.base/jdk.internal.reflect.DelegatingMethodAccessorImpl.invoke(DelegatingMethodAccessorImpl.java:43)
	at java.base/java.lang.reflect.Method.invoke(Method.java:566)
	at org.junit.runners.model.FrameworkMethod$1.runReflectiveCall(FrameworkMethod.java:44)
	at org.junit.internal.runners.model.ReflectiveCallable.run(ReflectiveCallable.java:15)
	at org.junit.runners.model.FrameworkMethod.invokeExplosively(FrameworkMethod.java:41)
	at junitparams.internal.InvokeParameterisedMethod.evaluate(InvokeParameterisedMethod.java:102)
	at org.junit.internal.runners.statements.FailOnTimeout$1.run(FailOnTimeout.java:28)
Caused by: ptolemy.kernel.util.IllegalActionException: Found a zero delay loop containing .HierarchicalModel.A
  in .HierarchicalModel and .HierarchicalModel.A
	at ptolemy.actor.util.CausalityInterfaceForComposites._computeOutputPortDepth(CausalityInterfaceForComposites.java:759)
	at ptolemy.actor.util.CausalityInterfaceForComposites._computeInputDepth(CausalityInterfaceForComposites.java:696)
	at ptolemy.actor.util.CausalityInterfaceForComposites._computeOutputPortDepth(CausalityInterfaceForComposites.java:765)
	at ptolemy.actor.util.CausalityInterfaceForComposites._computeInputDepth(CausalityInterfaceForComposites.java:696)
	at ptolemy.actor.util.CausalityInterfaceForComposites._computeOutputPortDepth(CausalityInterfaceForComposites.java:765)
	at ptolemy.actor.util.CausalityInterfaceForComposites._computeInputDepth(CausalityInterfaceForComposites.java:696)
	at ptolemy.actor.util.CausalityInterfaceForComposites._computeActorDepth(CausalityInterfaceForComposites.java:532)
	at ptolemy.actor.util.CausalityInterfaceForComposites.checkForCycles(CausalityInterfaceForComposites.java:96)
	at ptolemy.domains.de.kernel.DEDirector.preinitialize(DEDirector.java:1338)
	at ptolemy.actor.CompositeActor.preinitialize(CompositeActor.java:1828)
	at ptolemy.actor.Manager.preinitializeAndResolveTypes(Manager.java:1040)
	at ptolemy.actor.Manager.initialize(Manager.java:710)
	at ptolemy.actor.Manager.execute(Manager.java:356)
	at ptolemy.actor.Manager.run(Manager.java:1263)
	at ptolemy.actor.Manager$PtolemyRunThread.run(Manager.java:1933)
java.lang.RuntimeException: Execution failed
	at ptolemy.moml.MoMLSimpleApplication$UnloadThread.run(MoMLSimpleApplication.java:402)
Caused by: ptolemy.kernel.util.IllegalActionException: Found a zero delay loop containing .dependencyLoop.original
  in .dependencyLoop and .dependencyLoop.original
	at ptolemy.actor.util.CausalityInterfaceForComposites._computeOutputPortDepth(CausalityInterfaceForComposites.java:759)
	at ptolemy.actor.util.CausalityInterfaceForComposites._computeInputDepth(CausalityInterfaceForComposites.java:696)
	at ptolemy.actor.util.CausalityInterfaceForComposites._computeOutputPortDepth(CausalityInterfaceForComposites.java:765)
	at ptolemy.actor.util.CausalityInterfaceForComposites._computeInputDepth(CausalityInterfaceForComposites.java:696)
	at ptolemy.actor.util.CausalityInterfaceForComposites._computeOutputPortDepth(CausalityInterfaceForComposites.java:765)
	at ptolemy.actor.util.CausalityInterfaceForComposites._computeInputDepth(CausalityInterfaceForComposites.java:696)
	at ptolemy.actor.util.CausalityInterfaceForComposites._computeActorDepth(CausalityInterfaceForComposites.java:532)
	at ptolemy.actor.util.CausalityInterfaceForComposites.checkForCycles(CausalityInterfaceForComposites.java:96)
	at ptolemy.domains.de.kernel.DEDirector.preinitialize(DEDirector.java:1338)
	at ptolemy.actor.CompositeActor.preinitialize(CompositeActor.java:1828)
	at ptolemy.actor.Manager.preinitializeAndResolveTypes(Manager.java:1040)
	at ptolemy.actor.Manager.initialize(Manager.java:710)
	at ptolemy.actor.Manager.execute(Manager.java:356)
	at ptolemy.actor.Manager.run(Manager.java:1263)
	at ptolemy.actor.Manager$PtolemyRunThread.run(Manager.java:1933)
java.lang.reflect.InvocationTargetException
	at java.base/jdk.internal.reflect.NativeConstructorAccessorImpl.newInstance0(Native Method)
	at java.base/jdk.internal.reflect.NativeConstructorAccessorImpl.newInstance(NativeConstructorAccessorImpl.java:62)
	at java.base/jdk.internal.reflect.DelegatingConstructorAccessorImpl.newInstance(DelegatingConstructorAccessorImpl.java:45)
	at java.base/java.lang.reflect.Constructor.newInstance(Constructor.java:490)
	at ptolemy.util.test.junit.AutoKnownFailedTests.RunModel(AutoKnownFailedTests.java:105)
	at java.base/jdk.internal.reflect.NativeMethodAccessorImpl.invoke0(Native Method)
	at java.base/jdk.internal.reflect.NativeMethodAccessorImpl.invoke(NativeMethodAccessorImpl.java:62)
	at java.base/jdk.internal.reflect.DelegatingMethodAccessorImpl.invoke(DelegatingMethodAccessorImpl.java:43)
	at java.base/java.lang.reflect.Method.invoke(Method.java:566)
	at org.junit.runners.model.FrameworkMethod$1.runReflectiveCall(FrameworkMethod.java:44)
	at org.junit.internal.runners.model.ReflectiveCallable.run(ReflectiveCallable.java:15)
	at org.junit.runners.model.FrameworkMethod.invokeExplosively(FrameworkMethod.java:41)
	at junitparams.internal.InvokeParameterisedMethod.evaluate(InvokeParameterisedMethod.java:102)
	at org.junit.internal.runners.statements.FailOnTimeout$1.run(FailOnTimeout.java:28)
Caused by: ptolemy.kernel.util.IllegalActionException: Found a zero delay loop containing .dependencyLoop.original
  in .dependencyLoop and .dependencyLoop.original
	at ptolemy.actor.util.CausalityInterfaceForComposites._computeOutputPortDepth(CausalityInterfaceForComposites.java:759)
	at ptolemy.actor.util.CausalityInterfaceForComposites._computeInputDepth(CausalityInterfaceForComposites.java:696)
	at ptolemy.actor.util.CausalityInterfaceForComposites._computeOutputPortDepth(CausalityInterfaceForComposites.java:765)
	at ptolemy.actor.util.CausalityInterfaceForComposites._computeInputDepth(CausalityInterfaceForComposites.java:696)
	at ptolemy.actor.util.CausalityInterfaceForComposites._computeOutputPortDepth(CausalityInterfaceForComposites.java:765)
	at ptolemy.actor.util.CausalityInterfaceForComposites._computeInputDepth(CausalityInterfaceForComposites.java:696)
	at ptolemy.actor.util.CausalityInterfaceForComposites._computeActorDepth(CausalityInterfaceForComposites.java:532)
	at ptolemy.actor.util.CausalityInterfaceForComposites.checkForCycles(CausalityInterfaceForComposites.java:96)
	at ptolemy.domains.de.kernel.DEDirector.preinitialize(DEDirector.java:1338)
	at ptolemy.actor.CompositeActor.preinitialize(CompositeActor.java:1828)
	at ptolemy.actor.Manager.preinitializeAndResolveTypes(Manager.java:1040)
	at ptolemy.actor.Manager.initialize(Manager.java:710)
	at ptolemy.actor.Manager.execute(Manager.java:356)
	at ptolemy.actor.Manager.run(Manager.java:1263)
	at ptolemy.actor.Manager$PtolemyRunThread.run(Manager.java:1933)
java.lang.RuntimeException: Execution failed
	at ptolemy.moml.MoMLSimpleApplication$UnloadThread.run(MoMLSimpleApplication.java:402)
Caused by: ptolemy.kernel.util.IllegalActionException: Found a zero delay loop containing .dependencyLoop2.original
  in .dependencyLoop2 and .dependencyLoop2.original
	at ptolemy.actor.util.CausalityInterfaceForComposites._computeOutputPortDepth(CausalityInterfaceForComposites.java:759)
	at ptolemy.actor.util.CausalityInterfaceForComposites._computeInputDepth(CausalityInterfaceForComposites.java:696)
	at ptolemy.actor.util.CausalityInterfaceForComposites._computeOutputPortDepth(CausalityInterfaceForComposites.java:765)
	at ptolemy.actor.util.CausalityInterfaceForComposites._computeInputDepth(CausalityInterfaceForComposites.java:696)
	at ptolemy.actor.util.CausalityInterfaceForComposites._computeOutputPortDepth(CausalityInterfaceForComposites.java:765)
	at ptolemy.actor.util.CausalityInterfaceForComposites._computeInputDepth(CausalityInterfaceForComposites.java:696)
	at ptolemy.actor.util.CausalityInterfaceForComposites._computeActorDepth(CausalityInterfaceForComposites.java:532)
	at ptolemy.actor.util.CausalityInterfaceForComposites.checkForCycles(CausalityInterfaceForComposites.java:96)
	at ptolemy.domains.de.kernel.DEDirector.preinitialize(DEDirector.java:1338)
	at ptolemy.actor.CompositeActor.preinitialize(CompositeActor.java:1828)
	at ptolemy.actor.Manager.preinitializeAndResolveTypes(Manager.java:1040)
	at ptolemy.actor.Manager.initialize(Manager.java:710)
	at ptolemy.actor.Manager.execute(Manager.java:356)
	at ptolemy.actor.Manager.run(Manager.java:1263)
	at ptolemy.actor.Manager$PtolemyRunThread.run(Manager.java:1933)
java.lang.reflect.InvocationTargetException
	at java.base/jdk.internal.reflect.NativeConstructorAccessorImpl.newInstance0(Native Method)
	at java.base/jdk.internal.reflect.NativeConstructorAccessorImpl.newInstance(NativeConstructorAccessorImpl.java:62)
	at java.base/jdk.internal.reflect.DelegatingConstructorAccessorImpl.newInstance(DelegatingConstructorAccessorImpl.java:45)
	at java.base/java.lang.reflect.Constructor.newInstance(Constructor.java:490)
	at ptolemy.util.test.junit.AutoKnownFailedTests.RunModel(AutoKnownFailedTests.java:105)
	at java.base/jdk.internal.reflect.NativeMethodAccessorImpl.invoke0(Native Method)
	at java.base/jdk.internal.reflect.NativeMethodAccessorImpl.invoke(NativeMethodAccessorImpl.java:62)
	at java.base/jdk.internal.reflect.DelegatingMethodAccessorImpl.invoke(DelegatingMethodAccessorImpl.java:43)
	at java.base/java.lang.reflect.Method.invoke(Method.java:566)
	at org.junit.runners.model.FrameworkMethod$1.runReflectiveCall(FrameworkMethod.java:44)
	at org.junit.internal.runners.model.ReflectiveCallable.run(ReflectiveCallable.java:15)
	at org.junit.runners.model.FrameworkMethod.invokeExplosively(FrameworkMethod.java:41)
	at junitparams.internal.InvokeParameterisedMethod.evaluate(InvokeParameterisedMethod.java:102)
	at org.junit.internal.runners.statements.FailOnTimeout$1.run(FailOnTimeout.java:28)
Caused by: ptolemy.kernel.util.IllegalActionException: Found a zero delay loop containing .dependencyLoop2.original
  in .dependencyLoop2 and .dependencyLoop2.original
	at ptolemy.actor.util.CausalityInterfaceForComposites._computeOutputPortDepth(CausalityInterfaceForComposites.java:759)
	at ptolemy.actor.util.CausalityInterfaceForComposites._computeInputDepth(CausalityInterfaceForComposites.java:696)
	at ptolemy.actor.util.CausalityInterfaceForComposites._computeOutputPortDepth(CausalityInterfaceForComposites.java:765)
	at ptolemy.actor.util.CausalityInterfaceForComposites._computeInputDepth(CausalityInterfaceForComposites.java:696)
	at ptolemy.actor.util.CausalityInterfaceForComposites._computeOutputPortDepth(CausalityInterfaceForComposites.java:765)
	at ptolemy.actor.util.CausalityInterfaceForComposites._computeInputDepth(CausalityInterfaceForComposites.java:696)
	at ptolemy.actor.util.CausalityInterfaceForComposites._computeActorDepth(CausalityInterfaceForComposites.java:532)
	at ptolemy.actor.util.CausalityInterfaceForComposites.checkForCycles(CausalityInterfaceForComposites.java:96)
	at ptolemy.domains.de.kernel.DEDirector.preinitialize(DEDirector.java:1338)
	at ptolemy.actor.CompositeActor.preinitialize(CompositeActor.java:1828)
	at ptolemy.actor.Manager.preinitializeAndResolveTypes(Manager.java:1040)
	at ptolemy.actor.Manager.initialize(Manager.java:710)
	at ptolemy.actor.Manager.execute(Manager.java:356)
	at ptolemy.actor.Manager.run(Manager.java:1263)
	at ptolemy.actor.Manager$PtolemyRunThread.run(Manager.java:1933)
]]></system-err>
</testsuite>
