<?xml version="1.0" encoding="UTF-8" ?>
<testsuite errors="0" failures="0" hostname="travis-job-1e540f6f-2f30-4b60-adea-113e0d47084a" name="ptolemy.domains.continuous.test.junit.JUnitTclTest" skipped="0" tests="156" time="72.456" timestamp="2020-04-05T13:42:57">
  <properties>
[...]
</properties>
  <testcase classname="ptolemy.util.test.junit.TclTests" name="[0] ThereAreNoTclTests (RunTclFile)" time="0.01" />
  <testcase classname="ptolemy.util.test.junit.AutoKnownFailedTests" name="[0] ThereAreNoKnowFailedTests (RunModel)" time="0.007" />
  <testcase classname="ptolemy.util.test.junit.AutoNameArchTests" name="[0] ThereAreNoAutoArchTests (RunModel)" time="0.023" />
  <testcase classname="ptolemy.util.test.junit.AutoTests" name="[0] /home/travis/build/icyphy/ptII/ptolemy/domains/continuous/test/auto/BouncingBall.xml (RunModel)" time="3.222" />
  <testcase classname="ptolemy.util.test.junit.AutoTests" name="[1] /home/travis/build/icyphy/ptII/ptolemy/domains/continuous/test/auto/BouncingBallWithoutGR.xml (RunModel)" time="1.077" />
  <testcase classname="ptolemy.util.test.junit.AutoTests" name="[2] /home/travis/build/icyphy/ptII/ptolemy/domains/continuous/test/auto/Brownian.xml (RunModel)" time="0.117" />
  <testcase classname="ptolemy.util.test.junit.AutoTests" name="[3] /home/travis/build/icyphy/ptII/ptolemy/domains/continuous/test/auto/CarTracking.xml (RunModel)" time="4.13" />
  <testcase classname="ptolemy.util.test.junit.AutoTests" name="[4] /home/travis/build/icyphy/ptII/ptolemy/domains/continuous/test/auto/CartPendulum.xml (RunModel)" time="0.48" />
  <testcase classname="ptolemy.util.test.junit.AutoTests" name="[5] /home/travis/build/icyphy/ptII/ptolemy/domains/continuous/test/auto/CausalityInterface10.xml (RunModel)" time="0.066" />
  <testcase classname="ptolemy.util.test.junit.AutoTests" name="[6] /home/travis/build/icyphy/ptII/ptolemy/domains/continuous/test/auto/CausalityInterface11.xml (RunModel)" time="0.036" />
  <testcase classname="ptolemy.util.test.junit.AutoTests" name="[7] /home/travis/build/icyphy/ptII/ptolemy/domains/continuous/test/auto/CausalityInterface12.xml (RunModel)" time="0.039" />
  <testcase classname="ptolemy.util.test.junit.AutoTests" name="[8] /home/travis/build/icyphy/ptII/ptolemy/domains/continuous/test/auto/CausalityInterface13.xml (RunModel)" time="0.067" />
  <testcase classname="ptolemy.util.test.junit.AutoTests" name="[9] /home/travis/build/icyphy/ptII/ptolemy/domains/continuous/test/auto/CausalityInterface14.xml (RunModel)" time="0.019" />
  <testcase classname="ptolemy.util.test.junit.AutoTests" name="[10] /home/travis/build/icyphy/ptII/ptolemy/domains/continuous/test/auto/CausalityInterface4.xml (RunModel)" time="0.035" />
  <testcase classname="ptolemy.util.test.junit.AutoTests" name="[11] /home/travis/build/icyphy/ptII/ptolemy/domains/continuous/test/auto/CausalityInterface5.xml (RunModel)" time="0.039" />
  <testcase classname="ptolemy.util.test.junit.AutoTests" name="[12] /home/travis/build/icyphy/ptII/ptolemy/domains/continuous/test/auto/CausalityInterface6.xml (RunModel)" time="0.024" />
  <testcase classname="ptolemy.util.test.junit.AutoTests" name="[13] /home/travis/build/icyphy/ptII/ptolemy/domains/continuous/test/auto/CausalityInterface7.xml (RunModel)" time="0.036" />
  <testcase classname="ptolemy.util.test.junit.AutoTests" name="[14] /home/travis/build/icyphy/ptII/ptolemy/domains/continuous/test/auto/CausalityInterface8.xml (RunModel)" time="0.036" />
  <testcase classname="ptolemy.util.test.junit.AutoTests" name="[15] /home/travis/build/icyphy/ptII/ptolemy/domains/continuous/test/auto/CausalityInterface9.xml (RunModel)" time="0.038" />
  <testcase classname="ptolemy.util.test.junit.AutoTests" name="[16] /home/travis/build/icyphy/ptII/ptolemy/domains/continuous/test/auto/CausalityInterfaceFeedback1.xml (RunModel)" time="0.023" />
  <testcase classname="ptolemy.util.test.junit.AutoTests" name="[17] /home/travis/build/icyphy/ptII/ptolemy/domains/continuous/test/auto/CausalityInterfaceFeedback2.xml (RunModel)" time="0.036" />
  <testcase classname="ptolemy.util.test.junit.AutoTests" name="[18] /home/travis/build/icyphy/ptII/ptolemy/domains/continuous/test/auto/CompareWithCurrentTime.xml (RunModel)" time="0.015" />
  <testcase classname="ptolemy.util.test.junit.AutoTests" name="[19] /home/travis/build/icyphy/ptII/ptolemy/domains/continuous/test/auto/ComparedClocks.xml (RunModel)" time="0.051" />
  <testcase classname="ptolemy.util.test.junit.AutoTests" name="[20] /home/travis/build/icyphy/ptII/ptolemy/domains/continuous/test/auto/ContinuousAOCClone.xml (RunModel)" time="2.381" />
  <testcase classname="ptolemy.util.test.junit.AutoTests" name="[21] /home/travis/build/icyphy/ptII/ptolemy/domains/continuous/test/auto/ContinuousClock.xml (RunModel)" time="0.084" />
  <testcase classname="ptolemy.util.test.junit.AutoTests" name="[22] /home/travis/build/icyphy/ptII/ptolemy/domains/continuous/test/auto/ContinuousInContinuous.xml (RunModel)" time="0.085" />
  <testcase classname="ptolemy.util.test.junit.AutoTests" name="[23] /home/travis/build/icyphy/ptII/ptolemy/domains/continuous/test/auto/ContinuousInContinuousInContinuous.xml (RunModel)" time="0.03" />
  <testcase classname="ptolemy.util.test.junit.AutoTests" name="[24] /home/travis/build/icyphy/ptII/ptolemy/domains/continuous/test/auto/ContinuousInDE.xml (RunModel)" time="0.125" />
  <testcase classname="ptolemy.util.test.junit.AutoTests" name="[25] /home/travis/build/icyphy/ptII/ptolemy/domains/continuous/test/auto/ContinuousInDE2.xml (RunModel)" time="0.046" />
  <testcase classname="ptolemy.util.test.junit.AutoTests" name="[26] /home/travis/build/icyphy/ptII/ptolemy/domains/continuous/test/auto/ContinuousInDE3.xml (RunModel)" time="0.058" />
  <testcase classname="ptolemy.util.test.junit.AutoTests" name="[27] /home/travis/build/icyphy/ptII/ptolemy/domains/continuous/test/auto/ContinuousInDE4.xml (RunModel)" time="0.031" />
  <testcase classname="ptolemy.util.test.junit.AutoTests" name="[28] /home/travis/build/icyphy/ptII/ptolemy/domains/continuous/test/auto/ContinuousInDEDifferentRefinements.xml (RunModel)" time="0.102" />
  <testcase classname="ptolemy.util.test.junit.AutoTests" name="[29] /home/travis/build/icyphy/ptII/ptolemy/domains/continuous/test/auto/ContinuousInDEDifferentRefinementsPreemptive.xml (RunModel)" time="0.093" />
  <testcase classname="ptolemy.util.test.junit.AutoTests" name="[30] /home/travis/build/icyphy/ptII/ptolemy/domains/continuous/test/auto/ContinuousInDEInContinuous2.xml (RunModel)" time="0.06" />
  <testcase classname="ptolemy.util.test.junit.AutoTests" name="[31] /home/travis/build/icyphy/ptII/ptolemy/domains/continuous/test/auto/ContinuousInDEInContinuous3.xml (RunModel)" time="0.067" />
  <testcase classname="ptolemy.util.test.junit.AutoTests" name="[32] /home/travis/build/icyphy/ptII/ptolemy/domains/continuous/test/auto/ContinuousInDEInput.xml (RunModel)" time="0.037" />
  <testcase classname="ptolemy.util.test.junit.AutoTests" name="[33] /home/travis/build/icyphy/ptII/ptolemy/domains/continuous/test/auto/ContinuousInDEInput2.xml (RunModel)" time="0.043" />
  <testcase classname="ptolemy.util.test.junit.AutoTests" name="[34] /home/travis/build/icyphy/ptII/ptolemy/domains/continuous/test/auto/ContinuousInDEInput3.xml (RunModel)" time="0.032" />
  <testcase classname="ptolemy.util.test.junit.AutoTests" name="[35] /home/travis/build/icyphy/ptII/ptolemy/domains/continuous/test/auto/ContinuousInDESharingRefinement.xml (RunModel)" time="0.169" />
  <testcase classname="ptolemy.util.test.junit.AutoTests" name="[36] /home/travis/build/icyphy/ptII/ptolemy/domains/continuous/test/auto/ContinuousInDEwithNoPorts.xml (RunModel)" time="0.017" />
  <testcase classname="ptolemy.util.test.junit.AutoTests" name="[37] /home/travis/build/icyphy/ptII/ptolemy/domains/continuous/test/auto/ContinuousInsideDE.xml (RunModel)" time="0.093" />
  <testcase classname="ptolemy.util.test.junit.AutoTests" name="[38] /home/travis/build/icyphy/ptII/ptolemy/domains/continuous/test/auto/ContinuousMerge1.xml (RunModel)" time="0.014" />
  <testcase classname="ptolemy.util.test.junit.AutoTests" name="[39] /home/travis/build/icyphy/ptII/ptolemy/domains/continuous/test/auto/ContinuousMerge2.xml (RunModel)" time="0.051" />
  <testcase classname="ptolemy.util.test.junit.AutoTests" name="[40] /home/travis/build/icyphy/ptII/ptolemy/domains/continuous/test/auto/ContinuousMerge3.xml (RunModel)" time="0.062" />
  <testcase classname="ptolemy.util.test.junit.AutoTests" name="[41] /home/travis/build/icyphy/ptII/ptolemy/domains/continuous/test/auto/ContinuousWithinContinuous.xml (RunModel)" time="0.047" />
  <testcase classname="ptolemy.util.test.junit.AutoTests" name="[42] /home/travis/build/icyphy/ptII/ptolemy/domains/continuous/test/auto/ContinuousWithinContinuous2.xml (RunModel)" time="0.079" />
  <testcase classname="ptolemy.util.test.junit.AutoTests" name="[43] /home/travis/build/icyphy/ptII/ptolemy/domains/continuous/test/auto/ContinuousWithinContinuous3.xml (RunModel)" time="0.027" />
  <testcase classname="ptolemy.util.test.junit.AutoTests" name="[44] /home/travis/build/icyphy/ptII/ptolemy/domains/continuous/test/auto/ContinuousWithinContinuous4.xml (RunModel)" time="0.089" />
  <testcase classname="ptolemy.util.test.junit.AutoTests" name="[45] /home/travis/build/icyphy/ptII/ptolemy/domains/continuous/test/auto/ContinuousWithinContinuous5.xml (RunModel)" time="0.042" />
  <testcase classname="ptolemy.util.test.junit.AutoTests" name="[46] /home/travis/build/icyphy/ptII/ptolemy/domains/continuous/test/auto/ContinuousWithinContinuous6.xml (RunModel)" time="0.028" />
  <testcase classname="ptolemy.util.test.junit.AutoTests" name="[47] /home/travis/build/icyphy/ptII/ptolemy/domains/continuous/test/auto/ContinuousWithinContinuous7.xml (RunModel)" time="0.068" />
  <testcase classname="ptolemy.util.test.junit.AutoTests" name="[48] /home/travis/build/icyphy/ptII/ptolemy/domains/continuous/test/auto/DCMotor.xml (RunModel)" time="13.371" />
  <testcase classname="ptolemy.util.test.junit.AutoTests" name="[49] /home/travis/build/icyphy/ptII/ptolemy/domains/continuous/test/auto/DEInContinuous.xml (RunModel)" time="0.04" />
  <testcase classname="ptolemy.util.test.junit.AutoTests" name="[50] /home/travis/build/icyphy/ptII/ptolemy/domains/continuous/test/auto/DEinContinuous2.xml (RunModel)" time="0.035" />
  <testcase classname="ptolemy.util.test.junit.AutoTests" name="[51] /home/travis/build/icyphy/ptII/ptolemy/domains/continuous/test/auto/Derivative.xml (RunModel)" time="0.216" />
  <testcase classname="ptolemy.util.test.junit.AutoTests" name="[52] /home/travis/build/icyphy/ptII/ptolemy/domains/continuous/test/auto/Derivative1.xml (RunModel)" time="0.067" />
  <testcase classname="ptolemy.util.test.junit.AutoTests" name="[53] /home/travis/build/icyphy/ptII/ptolemy/domains/continuous/test/auto/DiscreteClock.xml (RunModel)" time="0.017" />
  <testcase classname="ptolemy.util.test.junit.AutoTests" name="[54] /home/travis/build/icyphy/ptII/ptolemy/domains/continuous/test/auto/EfficiencyCurve.xml (RunModel)" time="0.089" />
  <testcase classname="ptolemy.util.test.junit.AutoTests" name="[55] /home/travis/build/icyphy/ptII/ptolemy/domains/continuous/test/auto/ExponentialResponse.xml (RunModel)" time="0.124" />
  <testcase classname="ptolemy.util.test.junit.AutoTests" name="[56] /home/travis/build/icyphy/ptII/ptolemy/domains/continuous/test/auto/ExponentialResponseRK45.xml (RunModel)" time="0.04" />
  <testcase classname="ptolemy.util.test.junit.AutoTests" name="[57] /home/travis/build/icyphy/ptII/ptolemy/domains/continuous/test/auto/Friction.xml (RunModel)" time="1.693" />
  <testcase classname="ptolemy.util.test.junit.AutoTests" name="[58] /home/travis/build/icyphy/ptII/ptolemy/domains/continuous/test/auto/FurutaPendulum.xml (RunModel)" time="3.086" />
  <testcase classname="ptolemy.util.test.junit.AutoTests" name="[59] /home/travis/build/icyphy/ptII/ptolemy/domains/continuous/test/auto/HierarchicalExecution.xml (RunModel)" time="2.261" />
  <testcase classname="ptolemy.util.test.junit.AutoTests" name="[60] /home/travis/build/icyphy/ptII/ptolemy/domains/continuous/test/auto/HybridPlant.xml (RunModel)" time="0.568" />
  <testcase classname="ptolemy.util.test.junit.AutoTests" name="[61] /home/travis/build/icyphy/ptII/ptolemy/domains/continuous/test/auto/Hysteresis.xml (RunModel)" time="0.191" />
  <testcase classname="ptolemy.util.test.junit.AutoTests" name="[62] /home/travis/build/icyphy/ptII/ptolemy/domains/continuous/test/auto/HysteresisWithRandomDelay.xml (RunModel)" time="0.235" />
  <testcase classname="ptolemy.util.test.junit.AutoTests" name="[63] /home/travis/build/icyphy/ptII/ptolemy/domains/continuous/test/auto/HysteresisWithRandomLosses.xml (RunModel)" time="2.361" />
  <testcase classname="ptolemy.util.test.junit.AutoTests" name="[64] /home/travis/build/icyphy/ptII/ptolemy/domains/continuous/test/auto/ImmediateTransitions.xml (RunModel)" time="0.038" />
  <testcase classname="ptolemy.util.test.junit.AutoTests" name="[65] /home/travis/build/icyphy/ptII/ptolemy/domains/continuous/test/auto/ImpulseFeedback.xml (RunModel)" time="0.03" />
  <testcase classname="ptolemy.util.test.junit.AutoTests" name="[66] /home/travis/build/icyphy/ptII/ptolemy/domains/continuous/test/auto/ImpulseFeedback2.xml (RunModel)" time="0.025" />
  <testcase classname="ptolemy.util.test.junit.AutoTests" name="[67] /home/travis/build/icyphy/ptII/ptolemy/domains/continuous/test/auto/IncreasingRatePoisson.xml (RunModel)" time="0.747" />
  <testcase classname="ptolemy.util.test.junit.AutoTests" name="[68] /home/travis/build/icyphy/ptII/ptolemy/domains/continuous/test/auto/InitialStateFeedback.xml (RunModel)" time="0.017" />
  <testcase classname="ptolemy.util.test.junit.AutoTests" name="[69] /home/travis/build/icyphy/ptII/ptolemy/domains/continuous/test/auto/Integration.xml (RunModel)" time="0.015" />
  <testcase classname="ptolemy.util.test.junit.AutoTests" name="[70] /home/travis/build/icyphy/ptII/ptolemy/domains/continuous/test/auto/Integration2.xml (RunModel)" time="0.083" />
  <testcase classname="ptolemy.util.test.junit.AutoTests" name="[71] /home/travis/build/icyphy/ptII/ptolemy/domains/continuous/test/auto/Integration3.xml (RunModel)" time="0.025" />
  <testcase classname="ptolemy.util.test.junit.AutoTests" name="[72] /home/travis/build/icyphy/ptII/ptolemy/domains/continuous/test/auto/Integration5.xml (RunModel)" time="0.012" />
  <testcase classname="ptolemy.util.test.junit.AutoTests" name="[73] /home/travis/build/icyphy/ptII/ptolemy/domains/continuous/test/auto/IntegratorImpulse.xml (RunModel)" time="0.009" />
  <testcase classname="ptolemy.util.test.junit.AutoTests" name="[74] /home/travis/build/icyphy/ptII/ptolemy/domains/continuous/test/auto/IntegratorImpulse2.xml (RunModel)" time="0.009" />
  <testcase classname="ptolemy.util.test.junit.AutoTests" name="[75] /home/travis/build/icyphy/ptII/ptolemy/domains/continuous/test/auto/LevelCrossing1.xml (RunModel)" time="0.024" />
  <testcase classname="ptolemy.util.test.junit.AutoTests" name="[76] /home/travis/build/icyphy/ptII/ptolemy/domains/continuous/test/auto/LevelCrossing2.xml (RunModel)" time="0.02" />
  <testcase classname="ptolemy.util.test.junit.AutoTests" name="[77] /home/travis/build/icyphy/ptII/ptolemy/domains/continuous/test/auto/LevelCrossing3.xml (RunModel)" time="0.011" />
  <testcase classname="ptolemy.util.test.junit.AutoTests" name="[78] /home/travis/build/icyphy/ptII/ptolemy/domains/continuous/test/auto/LevelCrossing4.xml (RunModel)" time="0.016" />
  <testcase classname="ptolemy.util.test.junit.AutoTests" name="[79] /home/travis/build/icyphy/ptII/ptolemy/domains/continuous/test/auto/LevelCrossing5.xml (RunModel)" time="0.019" />
  <testcase classname="ptolemy.util.test.junit.AutoTests" name="[80] /home/travis/build/icyphy/ptII/ptolemy/domains/continuous/test/auto/LevelCrossing6.xml (RunModel)" time="0.018" />
  <testcase classname="ptolemy.util.test.junit.AutoTests" name="[81] /home/travis/build/icyphy/ptII/ptolemy/domains/continuous/test/auto/LevelCrossingDetector.xml (RunModel)" time="0.041" />
  <testcase classname="ptolemy.util.test.junit.AutoTests" name="[82] /home/travis/build/icyphy/ptII/ptolemy/domains/continuous/test/auto/LevelCrossingDetectorDetectingDirections.xml (RunModel)" time="0.087" />
  <testcase classname="ptolemy.util.test.junit.AutoTests" name="[83] /home/travis/build/icyphy/ptII/ptolemy/domains/continuous/test/auto/LevelCrossingDetectorDetectsGlitches.xml (RunModel)" time="0.068" />
  <testcase classname="ptolemy.util.test.junit.AutoTests" name="[84] /home/travis/build/icyphy/ptII/ptolemy/domains/continuous/test/auto/LevelCrossingNoInitialOuput.xml (RunModel)" time="0.019" />
  <testcase classname="ptolemy.util.test.junit.AutoTests" name="[85] /home/travis/build/icyphy/ptII/ptolemy/domains/continuous/test/auto/LinearStateSpaceExample.xml (RunModel)" time="0.097" />
  <testcase classname="ptolemy.util.test.junit.AutoTests" name="[86] /home/travis/build/icyphy/ptII/ptolemy/domains/continuous/test/auto/Lorenz.xml (RunModel)" time="3.335" />
  <testcase classname="ptolemy.util.test.junit.AutoTests" name="[87] /home/travis/build/icyphy/ptII/ptolemy/domains/continuous/test/auto/LorenzDifferentialSystem.xml (RunModel)" time="1.045" />
  <testcase classname="ptolemy.util.test.junit.AutoTests" name="[88] /home/travis/build/icyphy/ptII/ptolemy/domains/continuous/test/auto/LorenzDifferentialSystemWithInput.xml (RunModel)" time="1.178" />
  <testcase classname="ptolemy.util.test.junit.AutoTests" name="[89] /home/travis/build/icyphy/ptII/ptolemy/domains/continuous/test/auto/LorenzDifferentialSystemWithTime.xml (RunModel)" time="0.736" />
  <testcase classname="ptolemy.util.test.junit.AutoTests" name="[90] /home/travis/build/icyphy/ptII/ptolemy/domains/continuous/test/auto/Microsteps.xml (RunModel)" time="0.025" />
  <testcase classname="ptolemy.util.test.junit.AutoTests" name="[91] /home/travis/build/icyphy/ptII/ptolemy/domains/continuous/test/auto/Modal1.xml (RunModel)" time="0.052" />
  <testcase classname="ptolemy.util.test.junit.AutoTests" name="[92] /home/travis/build/icyphy/ptII/ptolemy/domains/continuous/test/auto/Modal2.xml (RunModel)" time="0.058" />
  <testcase classname="ptolemy.util.test.junit.AutoTests" name="[93] /home/travis/build/icyphy/ptII/ptolemy/domains/continuous/test/auto/ModalTransitionGuardWithReset.xml (RunModel)" time="0.035" />
  <testcase classname="ptolemy.util.test.junit.AutoTests" name="[94] /home/travis/build/icyphy/ptII/ptolemy/domains/continuous/test/auto/ModalTransitionGuardWithResetUsingPreemptiveTransition.xml (RunModel)" time="0.041" />
  <testcase classname="ptolemy.util.test.junit.AutoTests" name="[95] /home/travis/build/icyphy/ptII/ptolemy/domains/continuous/test/auto/ModalTransitionGuardWithResetUsingPreemptiveTransition2.xml (RunModel)" time="0.026" />
  <testcase classname="ptolemy.util.test.junit.AutoTests" name="[96] /home/travis/build/icyphy/ptII/ptolemy/domains/continuous/test/auto/ModalTransitionGuardWithResetUsingPreemptiveTransition3.xml (RunModel)" time="0.034" />
  <testcase classname="ptolemy.util.test.junit.AutoTests" name="[97] /home/travis/build/icyphy/ptII/ptolemy/domains/continuous/test/auto/NewtonsCradle.xml (RunModel)" time="0.815" />
  <testcase classname="ptolemy.util.test.junit.AutoTests" name="[98] /home/travis/build/icyphy/ptII/ptolemy/domains/continuous/test/auto/NewtonsCradleAnimated.xml (RunModel)" time="1.352" />
  <testcase classname="ptolemy.util.test.junit.AutoTests" name="[99] /home/travis/build/icyphy/ptII/ptolemy/domains/continuous/test/auto/NewtonsCradleComplicated.xml (RunModel)" time="0.948" />
  <testcase classname="ptolemy.util.test.junit.AutoTests" name="[100] /home/travis/build/icyphy/ptII/ptolemy/domains/continuous/test/auto/NewtonsCradleNondeterministic.xml (RunModel)" time="0.665" />
  <testcase classname="ptolemy.util.test.junit.AutoTests" name="[101] /home/travis/build/icyphy/ptII/ptolemy/domains/continuous/test/auto/NewtonsCradlePerfectlyInelastic1.xml (RunModel)" time="1.263" />
  <testcase classname="ptolemy.util.test.junit.AutoTests" name="[102] /home/travis/build/icyphy/ptII/ptolemy/domains/continuous/test/auto/Noise.xml (RunModel)" time="0.184" />
  <testcase classname="ptolemy.util.test.junit.AutoTests" name="[103] /home/travis/build/icyphy/ptII/ptolemy/domains/continuous/test/auto/NoiseSpectrum.xml (RunModel)" time="0.693" />
  <testcase classname="ptolemy.util.test.junit.AutoTests" name="[104] /home/travis/build/icyphy/ptII/ptolemy/domains/continuous/test/auto/ParameterizedNewtonsCradleAnimated.xml (RunModel)" time="0.373" />
  <testcase classname="ptolemy.util.test.junit.AutoTests" name="[105] /home/travis/build/icyphy/ptII/ptolemy/domains/continuous/test/auto/ParameterizedNewtonsCradleAnimatedNondeterministic.xml (RunModel)" time="1.199" />
  <testcase classname="ptolemy.util.test.junit.AutoTests" name="[106] /home/travis/build/icyphy/ptII/ptolemy/domains/continuous/test/auto/Pendulum3D.xml (RunModel)" time="0.156" />
  <testcase classname="ptolemy.util.test.junit.AutoTests" name="[107] /home/travis/build/icyphy/ptII/ptolemy/domains/continuous/test/auto/PeriodicSampler.xml (RunModel)" time="0.015" />
  <testcase classname="ptolemy.util.test.junit.AutoTests" name="[108] /home/travis/build/icyphy/ptII/ptolemy/domains/continuous/test/auto/PeriodicSampler1.xml (RunModel)" time="0.043" />
  <testcase classname="ptolemy.util.test.junit.AutoTests" name="[109] /home/travis/build/icyphy/ptII/ptolemy/domains/continuous/test/auto/PeriodicSampler2.xml (RunModel)" time="0.091" />
  <testcase classname="ptolemy.util.test.junit.AutoTests" name="[110] /home/travis/build/icyphy/ptII/ptolemy/domains/continuous/test/auto/Poisson.xml (RunModel)" time="0.456" />
  <testcase classname="ptolemy.util.test.junit.AutoTests" name="[111] /home/travis/build/icyphy/ptII/ptolemy/domains/continuous/test/auto/PoissonClock.xml (RunModel)" time="0.017" />
  <testcase classname="ptolemy.util.test.junit.AutoTests" name="[112] /home/travis/build/icyphy/ptII/ptolemy/domains/continuous/test/auto/PoissonClock2.xml (RunModel)" time="0.018" />
  <testcase classname="ptolemy.util.test.junit.AutoTests" name="[113] /home/travis/build/icyphy/ptII/ptolemy/domains/continuous/test/auto/PortParameterHierarchy.xml (RunModel)" time="0.027" />
  <testcase classname="ptolemy.util.test.junit.AutoTests" name="[114] /home/travis/build/icyphy/ptII/ptolemy/domains/continuous/test/auto/RandomHybridPlant.xml (RunModel)" time="0.587" />
  <testcase classname="ptolemy.util.test.junit.AutoTests" name="[115] /home/travis/build/icyphy/ptII/ptolemy/domains/continuous/test/auto/ResetTransitionWithStartTime1.xml (RunModel)" time="0.033" />
  <testcase classname="ptolemy.util.test.junit.AutoTests" name="[116] /home/travis/build/icyphy/ptII/ptolemy/domains/continuous/test/auto/ResetTransitionWithStartTime2.xml (RunModel)" time="0.035" />
  <testcase classname="ptolemy.util.test.junit.AutoTests" name="[117] /home/travis/build/icyphy/ptII/ptolemy/domains/continuous/test/auto/ResetTransitionWithStartTime3.xml (RunModel)" time="0.032" />
  <testcase classname="ptolemy.util.test.junit.AutoTests" name="[118] /home/travis/build/icyphy/ptII/ptolemy/domains/continuous/test/auto/ResetTransitionWithStartTime4.xml (RunModel)" time="0.026" />
  <testcase classname="ptolemy.util.test.junit.AutoTests" name="[119] /home/travis/build/icyphy/ptII/ptolemy/domains/continuous/test/auto/ResetTransitionWithStartTime5.xml (RunModel)" time="0.034" />
  <testcase classname="ptolemy.util.test.junit.AutoTests" name="[120] /home/travis/build/icyphy/ptII/ptolemy/domains/continuous/test/auto/ResetTransitionWithStartTime6.xml (RunModel)" time="0.033" />
  <testcase classname="ptolemy.util.test.junit.AutoTests" name="[121] /home/travis/build/icyphy/ptII/ptolemy/domains/continuous/test/auto/SRinContinuous.xml (RunModel)" time="0.026" />
  <testcase classname="ptolemy.util.test.junit.AutoTests" name="[122] /home/travis/build/icyphy/ptII/ptolemy/domains/continuous/test/auto/SampledClocks.xml (RunModel)" time="0.036" />
  <testcase classname="ptolemy.util.test.junit.AutoTests" name="[123] /home/travis/build/icyphy/ptII/ptolemy/domains/continuous/test/auto/Satellite.xml (RunModel)" time="0.636" />
  <testcase classname="ptolemy.util.test.junit.AutoTests" name="[124] /home/travis/build/icyphy/ptII/ptolemy/domains/continuous/test/auto/SigmaDelta.xml (RunModel)" time="2.189" />
  <testcase classname="ptolemy.util.test.junit.AutoTests" name="[125] /home/travis/build/icyphy/ptII/ptolemy/domains/continuous/test/auto/SingleRefinement.xml (RunModel)" time="0.48" />
  <testcase classname="ptolemy.util.test.junit.AutoTests" name="[126] /home/travis/build/icyphy/ptII/ptolemy/domains/continuous/test/auto/SinuBouncingBall.xml (RunModel)" time="0.906" />
  <testcase classname="ptolemy.util.test.junit.AutoTests" name="[127] /home/travis/build/icyphy/ptII/ptolemy/domains/continuous/test/auto/Sinusoid.xml (RunModel)" time="0.018" />
  <testcase classname="ptolemy.util.test.junit.AutoTests" name="[128] /home/travis/build/icyphy/ptII/ptolemy/domains/continuous/test/auto/SinusoidInNoise.xml (RunModel)" time="0.86" />
  <testcase classname="ptolemy.util.test.junit.AutoTests" name="[129] /home/travis/build/icyphy/ptII/ptolemy/domains/continuous/test/auto/SinusoidRK45.xml (RunModel)" time="0.029" />
  <testcase classname="ptolemy.util.test.junit.AutoTests" name="[130] /home/travis/build/icyphy/ptII/ptolemy/domains/continuous/test/auto/SinusoidWithMultipleImpulses.xml (RunModel)" time="0.01" />
  <testcase classname="ptolemy.util.test.junit.AutoTests" name="[131] /home/travis/build/icyphy/ptII/ptolemy/domains/continuous/test/auto/SquareWave.xml (RunModel)" time="0.163" />
  <testcase classname="ptolemy.util.test.junit.AutoTests" name="[132] /home/travis/build/icyphy/ptII/ptolemy/domains/continuous/test/auto/Starmac.xml (RunModel)" time="3.406" />
  <testcase classname="ptolemy.util.test.junit.AutoTests" name="[133] /home/travis/build/icyphy/ptII/ptolemy/domains/continuous/test/auto/StaticUnits.xml (RunModel)" time="2.315" />
  <testcase classname="ptolemy.util.test.junit.AutoTests" name="[134] /home/travis/build/icyphy/ptII/ptolemy/domains/continuous/test/auto/StickyMasses.xml (RunModel)" time="0.196" />
  <testcase classname="ptolemy.util.test.junit.AutoTests" name="[135] /home/travis/build/icyphy/ptII/ptolemy/domains/continuous/test/auto/StopTime.xml (RunModel)" time="0.061" />
  <testcase classname="ptolemy.util.test.junit.AutoTests" name="[136] /home/travis/build/icyphy/ptII/ptolemy/domains/continuous/test/auto/StopTime2.xml (RunModel)" time="0.055" />
  <testcase classname="ptolemy.util.test.junit.AutoTests" name="[137] /home/travis/build/icyphy/ptII/ptolemy/domains/continuous/test/auto/Switch.xml (RunModel)" time="0.061" />
  <testcase classname="ptolemy.util.test.junit.AutoTests" name="[138] /home/travis/build/icyphy/ptII/ptolemy/domains/continuous/test/auto/Thermostat.xml (RunModel)" time="0.229" />
  <testcase classname="ptolemy.util.test.junit.AutoTests" name="[139] /home/travis/build/icyphy/ptII/ptolemy/domains/continuous/test/auto/TimeDelay.xml (RunModel)" time="0.02" />
  <testcase classname="ptolemy.util.test.junit.AutoTests" name="[140] /home/travis/build/icyphy/ptII/ptolemy/domains/continuous/test/auto/TimeDelay2.xml (RunModel)" time="0.022" />
  <testcase classname="ptolemy.util.test.junit.AutoTests" name="[141] /home/travis/build/icyphy/ptII/ptolemy/domains/continuous/test/auto/TimeDelay3.xml (RunModel)" time="0.012" />
  <testcase classname="ptolemy.util.test.junit.AutoTests" name="[142] /home/travis/build/icyphy/ptII/ptolemy/domains/continuous/test/auto/TransferAbsentToInside.xml (RunModel)" time="0.111" />
  <testcase classname="ptolemy.util.test.junit.AutoTests" name="[143] /home/travis/build/icyphy/ptII/ptolemy/domains/continuous/test/auto/Transmission.xml (RunModel)" time="0.754" />
  <testcase classname="ptolemy.util.test.junit.AutoTests" name="[144] /home/travis/build/icyphy/ptII/ptolemy/domains/continuous/test/auto/TriggeredContinuousClock.xml (RunModel)" time="0.06" />
  <testcase classname="ptolemy.util.test.junit.AutoTests" name="[145] /home/travis/build/icyphy/ptII/ptolemy/domains/continuous/test/auto/TwoMachineInfiniteBusControl.xml (RunModel)" time="2.41" />
  <testcase classname="ptolemy.util.test.junit.AutoTests" name="[146] /home/travis/build/icyphy/ptII/ptolemy/domains/continuous/test/auto/V2V.xml (RunModel)" time="0.862" />
  <testcase classname="ptolemy.util.test.junit.AutoTests" name="[147] /home/travis/build/icyphy/ptII/ptolemy/domains/continuous/test/auto/hierarchicalModalModel.xml (RunModel)" time="0.031" />
  <testcase classname="ptolemy.util.test.junit.AutoTests" name="[148] /home/travis/build/icyphy/ptII/ptolemy/domains/continuous/test/auto/hierarchicalModalModel1.xml (RunModel)" time="0.042" />
  <testcase classname="ptolemy.util.test.junit.AutoTests" name="[149] /home/travis/build/icyphy/ptII/ptolemy/domains/continuous/test/auto/hierarchicalModalModel2.xml (RunModel)" time="0.028" />
  <testcase classname="ptolemy.util.test.junit.AutoTests" name="[150] /home/travis/build/icyphy/ptII/ptolemy/domains/continuous/test/auto/hierarchicalModalModel3.xml (RunModel)" time="0.026" />
  <testcase classname="ptolemy.util.test.junit.AutoTests" name="[151] /home/travis/build/icyphy/ptII/ptolemy/domains/continuous/test/auto/hierarchicalModalModel4.xml (RunModel)" time="0.027" />
  <testcase classname="ptolemy.util.test.junit.AutoTests" name="[152] /home/travis/build/icyphy/ptII/ptolemy/domains/continuous/test/auto/junk.xml (RunModel)" time="0.124" />
  <system-out><![CDATA[No tcl tests in /home/travis/build/icyphy/ptII/ptolemy/domains/continuous/test
No auto/knownFailedTests/*.xml tests in /home/travis/build/icyphy/ptII/ptolemy/domains/continuous/test
No auto/linux-amd64/*.xml tests in /home/travis/build/icyphy/ptII/ptolemy/domains/continuous/test
AutoTests.java: About to close Vertx.
AutoTests.java: Vertx closed.

===========================================================================================
----------------- testing Sun Apr 05 13:42:57 UTC 2020 /home/travis/build/icyphy/ptII/ptolemy/domains/continuous/test/auto/BouncingBall.xml
----------------- Instantiating /home/travis/build/icyphy/ptII/ptolemy/domains/continuous/test/auto/BouncingBall.xml
2500 ms. Memory: 155648K Free: 103518K (67%)
----------------- Invoking toplevel() on ptolemy.moml.MoMLSimpleApplication@315b424b
----------------- Done invoking toplevel() on ptolemy.moml.MoMLSimpleApplication@315b424b
reloadAllAccessors: .BouncingBall

===========================================================================================
----------------- testing Sun Apr 05 13:43:00 UTC 2020 /home/travis/build/icyphy/ptII/ptolemy/domains/continuous/test/auto/BouncingBallWithoutGR.xml
----------------- Instantiating /home/travis/build/icyphy/ptII/ptolemy/domains/continuous/test/auto/BouncingBallWithoutGR.xml
911 ms. Memory: 155648K Free: 107607K (69%)
----------------- Invoking toplevel() on ptolemy.moml.MoMLSimpleApplication@63002337
----------------- Done invoking toplevel() on ptolemy.moml.MoMLSimpleApplication@63002337
reloadAllAccessors: .BouncingBallWithoutGR

===========================================================================================
----------------- testing Sun Apr 05 13:43:01 UTC 2020 /home/travis/build/icyphy/ptII/ptolemy/domains/continuous/test/auto/Brownian.xml
----------------- Instantiating /home/travis/build/icyphy/ptII/ptolemy/domains/continuous/test/auto/Brownian.xml
33 ms. Memory: 155648K Free: 98391K (63%)
----------------- Invoking toplevel() on ptolemy.moml.MoMLSimpleApplication@1cc2d305
----------------- Done invoking toplevel() on ptolemy.moml.MoMLSimpleApplication@1cc2d305
reloadAllAccessors: .Brownian

===========================================================================================
----------------- testing Sun Apr 05 13:43:02 UTC 2020 /home/travis/build/icyphy/ptII/ptolemy/domains/continuous/test/auto/CarTracking.xml
----------------- Instantiating /home/travis/build/icyphy/ptII/ptolemy/domains/continuous/test/auto/CarTracking.xml
3588 ms. Memory: 225280K Free: 99472K (44%)
----------------- Invoking toplevel() on ptolemy.moml.MoMLSimpleApplication@5012d922
----------------- Done invoking toplevel() on ptolemy.moml.MoMLSimpleApplication@5012d922
reloadAllAccessors: .CarTracking

===========================================================================================
----------------- testing Sun Apr 05 13:43:06 UTC 2020 /home/travis/build/icyphy/ptII/ptolemy/domains/continuous/test/auto/CartPendulum.xml
----------------- Instantiating /home/travis/build/icyphy/ptII/ptolemy/domains/continuous/test/auto/CartPendulum.xml
376 ms. Memory: 225280K Free: 142327K (63%)
----------------- Invoking toplevel() on ptolemy.moml.MoMLSimpleApplication@5d6cf28c
----------------- Done invoking toplevel() on ptolemy.moml.MoMLSimpleApplication@5d6cf28c
reloadAllAccessors: .CartPendulum

===========================================================================================
----------------- testing Sun Apr 05 13:43:06 UTC 2020 /home/travis/build/icyphy/ptII/ptolemy/domains/continuous/test/auto/CausalityInterface10.xml
----------------- Instantiating /home/travis/build/icyphy/ptII/ptolemy/domains/continuous/test/auto/CausalityInterface10.xml
17 ms. Memory: 225280K Free: 132087K (59%)
----------------- Invoking toplevel() on ptolemy.moml.MoMLSimpleApplication@677cbca
----------------- Done invoking toplevel() on ptolemy.moml.MoMLSimpleApplication@677cbca
reloadAllAccessors: .CausalityInterface10

===========================================================================================
----------------- testing Sun Apr 05 13:43:06 UTC 2020 /home/travis/build/icyphy/ptII/ptolemy/domains/continuous/test/auto/CausalityInterface11.xml
----------------- Instantiating /home/travis/build/icyphy/ptII/ptolemy/domains/continuous/test/auto/CausalityInterface11.xml
13 ms. Memory: 225280K Free: 125943K (56%)
----------------- Invoking toplevel() on ptolemy.moml.MoMLSimpleApplication@24ee7114
----------------- Done invoking toplevel() on ptolemy.moml.MoMLSimpleApplication@24ee7114
reloadAllAccessors: .CausalityInterface11

===========================================================================================
----------------- testing Sun Apr 05 13:43:06 UTC 2020 /home/travis/build/icyphy/ptII/ptolemy/domains/continuous/test/auto/CausalityInterface12.xml
----------------- Instantiating /home/travis/build/icyphy/ptII/ptolemy/domains/continuous/test/auto/CausalityInterface12.xml
7 ms. Memory: 225280K Free: 119799K (53%)
----------------- Invoking toplevel() on ptolemy.moml.MoMLSimpleApplication@528a1f80
----------------- Done invoking toplevel() on ptolemy.moml.MoMLSimpleApplication@528a1f80
reloadAllAccessors: .CausalityInterface12

===========================================================================================
----------------- testing Sun Apr 05 13:43:06 UTC 2020 /home/travis/build/icyphy/ptII/ptolemy/domains/continuous/test/auto/CausalityInterface13.xml
----------------- Instantiating /home/travis/build/icyphy/ptII/ptolemy/domains/continuous/test/auto/CausalityInterface13.xml
7 ms. Memory: 225280K Free: 113655K (50%)
----------------- Invoking toplevel() on ptolemy.moml.MoMLSimpleApplication@4e6ce6f1
----------------- Done invoking toplevel() on ptolemy.moml.MoMLSimpleApplication@4e6ce6f1
reloadAllAccessors: .CausalityInterface13

===========================================================================================
----------------- testing Sun Apr 05 13:43:07 UTC 2020 /home/travis/build/icyphy/ptII/ptolemy/domains/continuous/test/auto/CausalityInterface14.xml
----------------- Instantiating /home/travis/build/icyphy/ptII/ptolemy/domains/continuous/test/auto/CausalityInterface14.xml
3 ms. Memory: 225280K Free: 108021K (48%)
----------------- Invoking toplevel() on ptolemy.moml.MoMLSimpleApplication@5c1ceb77
----------------- Done invoking toplevel() on ptolemy.moml.MoMLSimpleApplication@5c1ceb77
reloadAllAccessors: .CausalityInterface14

===========================================================================================
----------------- testing Sun Apr 05 13:43:07 UTC 2020 /home/travis/build/icyphy/ptII/ptolemy/domains/continuous/test/auto/CausalityInterface4.xml
----------------- Instantiating /home/travis/build/icyphy/ptII/ptolemy/domains/continuous/test/auto/CausalityInterface4.xml
12 ms. Memory: 225280K Free: 100839K (45%)
----------------- Invoking toplevel() on ptolemy.moml.MoMLSimpleApplication@3700bb0c
----------------- Done invoking toplevel() on ptolemy.moml.MoMLSimpleApplication@3700bb0c
reloadAllAccessors: .CausalityInterface4

===========================================================================================
----------------- testing Sun Apr 05 13:43:07 UTC 2020 /home/travis/build/icyphy/ptII/ptolemy/domains/continuous/test/auto/CausalityInterface5.xml
----------------- Instantiating /home/travis/build/icyphy/ptII/ptolemy/domains/continuous/test/auto/CausalityInterface5.xml
4 ms. Memory: 225280K Free: 92661K (41%)
----------------- Invoking toplevel() on ptolemy.moml.MoMLSimpleApplication@741fc1bd
----------------- Done invoking toplevel() on ptolemy.moml.MoMLSimpleApplication@741fc1bd
reloadAllAccessors: .CausalityInterface5

===========================================================================================
----------------- testing Sun Apr 05 13:43:07 UTC 2020 /home/travis/build/icyphy/ptII/ptolemy/domains/continuous/test/auto/CausalityInterface6.xml
----------------- Instantiating /home/travis/build/icyphy/ptII/ptolemy/domains/continuous/test/auto/CausalityInterface6.xml
8 ms. Memory: 225280K Free: 87527K (39%)
----------------- Invoking toplevel() on ptolemy.moml.MoMLSimpleApplication@24973bd4
----------------- Done invoking toplevel() on ptolemy.moml.MoMLSimpleApplication@24973bd4
reloadAllAccessors: .CausalityInterface6

===========================================================================================
----------------- testing Sun Apr 05 13:43:07 UTC 2020 /home/travis/build/icyphy/ptII/ptolemy/domains/continuous/test/auto/CausalityInterface7.xml
----------------- Instantiating /home/travis/build/icyphy/ptII/ptolemy/domains/continuous/test/auto/CausalityInterface7.xml
9 ms. Memory: 225280K Free: 78839K (35%)
----------------- Invoking toplevel() on ptolemy.moml.MoMLSimpleApplication@ca454a1
----------------- Done invoking toplevel() on ptolemy.moml.MoMLSimpleApplication@ca454a1
reloadAllAccessors: .CausalityInterface7

===========================================================================================
----------------- testing Sun Apr 05 13:43:07 UTC 2020 /home/travis/build/icyphy/ptII/ptolemy/domains/continuous/test/auto/CausalityInterface8.xml
----------------- Instantiating /home/travis/build/icyphy/ptII/ptolemy/domains/continuous/test/auto/CausalityInterface8.xml
5 ms. Memory: 225280K Free: 203582K (90%)
----------------- Invoking toplevel() on ptolemy.moml.MoMLSimpleApplication@755aab84
----------------- Done invoking toplevel() on ptolemy.moml.MoMLSimpleApplication@755aab84
reloadAllAccessors: .CausalityInterface8

===========================================================================================
----------------- testing Sun Apr 05 13:43:07 UTC 2020 /home/travis/build/icyphy/ptII/ptolemy/domains/continuous/test/auto/CausalityInterface9.xml
----------------- Instantiating /home/travis/build/icyphy/ptII/ptolemy/domains/continuous/test/auto/CausalityInterface9.xml
9 ms. Memory: 225280K Free: 192846K (86%)
----------------- Invoking toplevel() on ptolemy.moml.MoMLSimpleApplication@7426fdda
----------------- Done invoking toplevel() on ptolemy.moml.MoMLSimpleApplication@7426fdda
reloadAllAccessors: .CausalityInterface9

===========================================================================================
----------------- testing Sun Apr 05 13:43:07 UTC 2020 /home/travis/build/icyphy/ptII/ptolemy/domains/continuous/test/auto/CausalityInterfaceFeedback1.xml
----------------- Instantiating /home/travis/build/icyphy/ptII/ptolemy/domains/continuous/test/auto/CausalityInterfaceFeedback1.xml
3 ms. Memory: 225280K Free: 186174K (83%)
----------------- Invoking toplevel() on ptolemy.moml.MoMLSimpleApplication@67bc8fcd
----------------- Done invoking toplevel() on ptolemy.moml.MoMLSimpleApplication@67bc8fcd
reloadAllAccessors: .CausalityInterfaceFeedback1

===========================================================================================
----------------- testing Sun Apr 05 13:43:07 UTC 2020 /home/travis/build/icyphy/ptII/ptolemy/domains/continuous/test/auto/CausalityInterfaceFeedback2.xml
----------------- Instantiating /home/travis/build/icyphy/ptII/ptolemy/domains/continuous/test/auto/CausalityInterfaceFeedback2.xml
4 ms. Memory: 225280K Free: 179534K (80%)
----------------- Invoking toplevel() on ptolemy.moml.MoMLSimpleApplication@ba36ed5
----------------- Done invoking toplevel() on ptolemy.moml.MoMLSimpleApplication@ba36ed5
reloadAllAccessors: .CausalityInterfaceFeedback2

===========================================================================================
----------------- testing Sun Apr 05 13:43:07 UTC 2020 /home/travis/build/icyphy/ptII/ptolemy/domains/continuous/test/auto/CompareWithCurrentTime.xml
----------------- Instantiating /home/travis/build/icyphy/ptII/ptolemy/domains/continuous/test/auto/CompareWithCurrentTime.xml
4 ms. Memory: 225280K Free: 175438K (78%)
----------------- Invoking toplevel() on ptolemy.moml.MoMLSimpleApplication@3933880c
----------------- Done invoking toplevel() on ptolemy.moml.MoMLSimpleApplication@3933880c
reloadAllAccessors: .CompareWithCurrentTime

===========================================================================================
----------------- testing Sun Apr 05 13:43:07 UTC 2020 /home/travis/build/icyphy/ptII/ptolemy/domains/continuous/test/auto/ComparedClocks.xml
----------------- Instantiating /home/travis/build/icyphy/ptII/ptolemy/domains/continuous/test/auto/ComparedClocks.xml
6 ms. Memory: 225280K Free: 160078K (71%)
----------------- Invoking toplevel() on ptolemy.moml.MoMLSimpleApplication@574c81d1
----------------- Done invoking toplevel() on ptolemy.moml.MoMLSimpleApplication@574c81d1
reloadAllAccessors: .ComparedClocks

===========================================================================================
----------------- testing Sun Apr 05 13:43:07 UTC 2020 /home/travis/build/icyphy/ptII/ptolemy/domains/continuous/test/auto/ContinuousAOCClone.xml
----------------- Instantiating /home/travis/build/icyphy/ptII/ptolemy/domains/continuous/test/auto/ContinuousAOCClone.xml
2233 ms. Memory: 270336K Free: 120498K (45%)
----------------- Invoking toplevel() on ptolemy.moml.MoMLSimpleApplication@2453970d
----------------- Done invoking toplevel() on ptolemy.moml.MoMLSimpleApplication@2453970d
reloadAllAccessors: .ContinuousAOCClone

===========================================================================================
----------------- testing Sun Apr 05 13:43:09 UTC 2020 /home/travis/build/icyphy/ptII/ptolemy/domains/continuous/test/auto/ContinuousClock.xml
----------------- Instantiating /home/travis/build/icyphy/ptII/ptolemy/domains/continuous/test/auto/ContinuousClock.xml
32 ms. Memory: 270336K Free: 98480K (36%)
----------------- Invoking toplevel() on ptolemy.moml.MoMLSimpleApplication@556d67b1
----------------- Done invoking toplevel() on ptolemy.moml.MoMLSimpleApplication@556d67b1
reloadAllAccessors: .ContinuousClock

===========================================================================================
----------------- testing Sun Apr 05 13:43:09 UTC 2020 /home/travis/build/icyphy/ptII/ptolemy/domains/continuous/test/auto/ContinuousInContinuous.xml
----------------- Instantiating /home/travis/build/icyphy/ptII/ptolemy/domains/continuous/test/auto/ContinuousInContinuous.xml
46 ms. Memory: 270336K Free: 235172K (87%)
----------------- Invoking toplevel() on ptolemy.moml.MoMLSimpleApplication@5a6519f9
----------------- Done invoking toplevel() on ptolemy.moml.MoMLSimpleApplication@5a6519f9
reloadAllAccessors: .ContinuousInContinuous

===========================================================================================
----------------- testing Sun Apr 05 13:43:09 UTC 2020 /home/travis/build/icyphy/ptII/ptolemy/domains/continuous/test/auto/ContinuousInContinuousInContinuous.xml
----------------- Instantiating /home/travis/build/icyphy/ptII/ptolemy/domains/continuous/test/auto/ContinuousInContinuousInContinuous.xml
8 ms. Memory: 270336K Free: 226980K (84%)
----------------- Invoking toplevel() on ptolemy.moml.MoMLSimpleApplication@76ad4e82
----------------- Done invoking toplevel() on ptolemy.moml.MoMLSimpleApplication@76ad4e82
reloadAllAccessors: .ContinuousInContinuousInContinuous

===========================================================================================
----------------- testing Sun Apr 05 13:43:09 UTC 2020 /home/travis/build/icyphy/ptII/ptolemy/domains/continuous/test/auto/ContinuousInDE.xml
----------------- Instantiating /home/travis/build/icyphy/ptII/ptolemy/domains/continuous/test/auto/ContinuousInDE.xml
96 ms. Memory: 270336K Free: 216230K (80%)
----------------- Invoking toplevel() on ptolemy.moml.MoMLSimpleApplication@7372e993
----------------- Done invoking toplevel() on ptolemy.moml.MoMLSimpleApplication@7372e993
reloadAllAccessors: .ContinuousInDE

===========================================================================================
----------------- testing Sun Apr 05 13:43:10 UTC 2020 /home/travis/build/icyphy/ptII/ptolemy/domains/continuous/test/auto/ContinuousInDE2.xml
----------------- Instantiating /home/travis/build/icyphy/ptII/ptolemy/domains/continuous/test/auto/ContinuousInDE2.xml
29 ms. Memory: 270336K Free: 206500K (76%)
----------------- Invoking toplevel() on ptolemy.moml.MoMLSimpleApplication@5320522e
----------------- Done invoking toplevel() on ptolemy.moml.MoMLSimpleApplication@5320522e
reloadAllAccessors: .ContinuousInDE2

===========================================================================================
----------------- testing Sun Apr 05 13:43:10 UTC 2020 /home/travis/build/icyphy/ptII/ptolemy/domains/continuous/test/auto/ContinuousInDE3.xml
----------------- Instantiating /home/travis/build/icyphy/ptII/ptolemy/domains/continuous/test/auto/ContinuousInDE3.xml
33 ms. Memory: 270336K Free: 196774K (73%)
----------------- Invoking toplevel() on ptolemy.moml.MoMLSimpleApplication@20740108
----------------- Done invoking toplevel() on ptolemy.moml.MoMLSimpleApplication@20740108
reloadAllAccessors: .ContinuousInDE3

===========================================================================================
----------------- testing Sun Apr 05 13:43:10 UTC 2020 /home/travis/build/icyphy/ptII/ptolemy/domains/continuous/test/auto/ContinuousInDE4.xml
----------------- Instantiating /home/travis/build/icyphy/ptII/ptolemy/domains/continuous/test/auto/ContinuousInDE4.xml
12 ms. Memory: 270336K Free: 190630K (71%)
----------------- Invoking toplevel() on ptolemy.moml.MoMLSimpleApplication@389aa99b
----------------- Done invoking toplevel() on ptolemy.moml.MoMLSimpleApplication@389aa99b
reloadAllAccessors: .ContinuousInDE4

===========================================================================================
----------------- testing Sun Apr 05 13:43:10 UTC 2020 /home/travis/build/icyphy/ptII/ptolemy/domains/continuous/test/auto/ContinuousInDEDifferentRefinements.xml
----------------- Instantiating /home/travis/build/icyphy/ptII/ptolemy/domains/continuous/test/auto/ContinuousInDEDifferentRefinements.xml
58 ms. Memory: 270336K Free: 159910K (59%)
----------------- Invoking toplevel() on ptolemy.moml.MoMLSimpleApplication@cbfd1ba
----------------- Done invoking toplevel() on ptolemy.moml.MoMLSimpleApplication@cbfd1ba
reloadAllAccessors: .ContinuousInDEDifferentRefinements

===========================================================================================
----------------- testing Sun Apr 05 13:43:10 UTC 2020 /home/travis/build/icyphy/ptII/ptolemy/domains/continuous/test/auto/ContinuousInDEDifferentRefinementsPreemptive.xml
----------------- Instantiating /home/travis/build/icyphy/ptII/ptolemy/domains/continuous/test/auto/ContinuousInDEDifferentRefinementsPreemptive.xml
48 ms. Memory: 270336K Free: 129190K (48%)
----------------- Invoking toplevel() on ptolemy.moml.MoMLSimpleApplication@324c9436
----------------- Done invoking toplevel() on ptolemy.moml.MoMLSimpleApplication@324c9436
reloadAllAccessors: .ContinuousInDEDifferentRefinementsPreemptive

===========================================================================================
----------------- testing Sun Apr 05 13:43:10 UTC 2020 /home/travis/build/icyphy/ptII/ptolemy/domains/continuous/test/auto/ContinuousInDEInContinuous2.xml
----------------- Instantiating /home/travis/build/icyphy/ptII/ptolemy/domains/continuous/test/auto/ContinuousInDEInContinuous2.xml
39 ms. Memory: 270336K Free: 117926K (44%)
----------------- Invoking toplevel() on ptolemy.moml.MoMLSimpleApplication@5212411f
----------------- Done invoking toplevel() on ptolemy.moml.MoMLSimpleApplication@5212411f
reloadAllAccessors: .ContinuousInDEInContinuous2

===========================================================================================
----------------- testing Sun Apr 05 13:43:10 UTC 2020 /home/travis/build/icyphy/ptII/ptolemy/domains/continuous/test/auto/ContinuousInDEInContinuous3.xml
----------------- Instantiating /home/travis/build/icyphy/ptII/ptolemy/domains/continuous/test/auto/ContinuousInDEInContinuous3.xml
40 ms. Memory: 270336K Free: 105638K (39%)
----------------- Invoking toplevel() on ptolemy.moml.MoMLSimpleApplication@704aac07
----------------- Done invoking toplevel() on ptolemy.moml.MoMLSimpleApplication@704aac07
reloadAllAccessors: .ContinuousInDEInContinuous3

===========================================================================================
----------------- testing Sun Apr 05 13:43:10 UTC 2020 /home/travis/build/icyphy/ptII/ptolemy/domains/continuous/test/auto/ContinuousInDEInput.xml
----------------- Instantiating /home/travis/build/icyphy/ptII/ptolemy/domains/continuous/test/auto/ContinuousInDEInput.xml
16 ms. Memory: 270336K Free: 98470K (36%)
----------------- Invoking toplevel() on ptolemy.moml.MoMLSimpleApplication@7960a033
----------------- Done invoking toplevel() on ptolemy.moml.MoMLSimpleApplication@7960a033
reloadAllAccessors: .ContinuousInDEInput

===========================================================================================
----------------- testing Sun Apr 05 13:43:10 UTC 2020 /home/travis/build/icyphy/ptII/ptolemy/domains/continuous/test/auto/ContinuousInDEInput2.xml
----------------- Instantiating /home/travis/build/icyphy/ptII/ptolemy/domains/continuous/test/auto/ContinuousInDEInput2.xml
15 ms. Memory: 270336K Free: 252119K (93%)
----------------- Invoking toplevel() on ptolemy.moml.MoMLSimpleApplication@16eb9881
----------------- Done invoking toplevel() on ptolemy.moml.MoMLSimpleApplication@16eb9881
reloadAllAccessors: .ContinuousInDEInput2

===========================================================================================
----------------- testing Sun Apr 05 13:43:10 UTC 2020 /home/travis/build/icyphy/ptII/ptolemy/domains/continuous/test/auto/ContinuousInDEInput3.xml
----------------- Instantiating /home/travis/build/icyphy/ptII/ptolemy/domains/continuous/test/auto/ContinuousInDEInput3.xml
14 ms. Memory: 270336K Free: 244437K (90%)
----------------- Invoking toplevel() on ptolemy.moml.MoMLSimpleApplication@5ced1ca
----------------- Done invoking toplevel() on ptolemy.moml.MoMLSimpleApplication@5ced1ca
reloadAllAccessors: .ContinuousInDEInput3

===========================================================================================
----------------- testing Sun Apr 05 13:43:10 UTC 2020 /home/travis/build/icyphy/ptII/ptolemy/domains/continuous/test/auto/ContinuousInDESharingRefinement.xml
----------------- Instantiating /home/travis/build/icyphy/ptII/ptolemy/domains/continuous/test/auto/ContinuousInDESharingRefinement.xml
141 ms. Memory: 270336K Free: 150215K (56%)
----------------- Invoking toplevel() on ptolemy.moml.MoMLSimpleApplication@40c8058d
----------------- Done invoking toplevel() on ptolemy.moml.MoMLSimpleApplication@40c8058d
reloadAllAccessors: .ContinuousInDESharingRefinement

===========================================================================================
----------------- testing Sun Apr 05 13:43:10 UTC 2020 /home/travis/build/icyphy/ptII/ptolemy/domains/continuous/test/auto/ContinuousInDEwithNoPorts.xml
----------------- Instantiating /home/travis/build/icyphy/ptII/ptolemy/domains/continuous/test/auto/ContinuousInDEwithNoPorts.xml
4 ms. Memory: 270336K Free: 146119K (54%)
----------------- Invoking toplevel() on ptolemy.moml.MoMLSimpleApplication@b920a4b
----------------- Done invoking toplevel() on ptolemy.moml.MoMLSimpleApplication@b920a4b
reloadAllAccessors: .ContinuousInDEwithNoPorts

===========================================================================================
----------------- testing Sun Apr 05 13:43:10 UTC 2020 /home/travis/build/icyphy/ptII/ptolemy/domains/continuous/test/auto/ContinuousInsideDE.xml
----------------- Instantiating /home/travis/build/icyphy/ptII/ptolemy/domains/continuous/test/auto/ContinuousInsideDE.xml
35 ms. Memory: 270336K Free: 134869K (50%)
----------------- Invoking toplevel() on ptolemy.moml.MoMLSimpleApplication@75d6facd
----------------- Done invoking toplevel() on ptolemy.moml.MoMLSimpleApplication@75d6facd
reloadAllAccessors: .ContinuousInsideDE

===========================================================================================
----------------- testing Sun Apr 05 13:43:10 UTC 2020 /home/travis/build/icyphy/ptII/ptolemy/domains/continuous/test/auto/ContinuousMerge1.xml
----------------- Instantiating /home/travis/build/icyphy/ptII/ptolemy/domains/continuous/test/auto/ContinuousMerge1.xml
3 ms. Memory: 270336K Free: 130263K (48%)
----------------- Invoking toplevel() on ptolemy.moml.MoMLSimpleApplication@1698db33
----------------- Done invoking toplevel() on ptolemy.moml.MoMLSimpleApplication@1698db33
reloadAllAccessors: .ContinuousMerge1

===========================================================================================
----------------- testing Sun Apr 05 13:43:11 UTC 2020 /home/travis/build/icyphy/ptII/ptolemy/domains/continuous/test/auto/ContinuousMerge2.xml
----------------- Instantiating /home/travis/build/icyphy/ptII/ptolemy/domains/continuous/test/auto/ContinuousMerge2.xml
16 ms. Memory: 270336K Free: 120023K (44%)
----------------- Invoking toplevel() on ptolemy.moml.MoMLSimpleApplication@195465e1
----------------- Done invoking toplevel() on ptolemy.moml.MoMLSimpleApplication@195465e1
reloadAllAccessors: .ContinuousMerge2

===========================================================================================
----------------- testing Sun Apr 05 13:43:11 UTC 2020 /home/travis/build/icyphy/ptII/ptolemy/domains/continuous/test/auto/ContinuousMerge3.xml
----------------- Instantiating /home/travis/build/icyphy/ptII/ptolemy/domains/continuous/test/auto/ContinuousMerge3.xml
38 ms. Memory: 270336K Free: 109269K (40%)
----------------- Invoking toplevel() on ptolemy.moml.MoMLSimpleApplication@517546db
----------------- Done invoking toplevel() on ptolemy.moml.MoMLSimpleApplication@517546db
reloadAllAccessors: .ContinuousMerge3

===========================================================================================
----------------- testing Sun Apr 05 13:43:11 UTC 2020 /home/travis/build/icyphy/ptII/ptolemy/domains/continuous/test/auto/ContinuousWithinContinuous.xml
----------------- Instantiating /home/travis/build/icyphy/ptII/ptolemy/domains/continuous/test/auto/ContinuousWithinContinuous.xml
31 ms. Memory: 270336K Free: 100053K (37%)
----------------- Invoking toplevel() on ptolemy.moml.MoMLSimpleApplication@55610a96
----------------- Done invoking toplevel() on ptolemy.moml.MoMLSimpleApplication@55610a96
reloadAllAccessors: .ContinuousWithinContinuous

===========================================================================================
----------------- testing Sun Apr 05 13:43:11 UTC 2020 /home/travis/build/icyphy/ptII/ptolemy/domains/continuous/test/auto/ContinuousWithinContinuous2.xml
----------------- Instantiating /home/travis/build/icyphy/ptII/ptolemy/domains/continuous/test/auto/ContinuousWithinContinuous2.xml
67 ms. Memory: 270336K Free: 250079K (93%)
----------------- Invoking toplevel() on ptolemy.moml.MoMLSimpleApplication@354b94fc
----------------- Done invoking toplevel() on ptolemy.moml.MoMLSimpleApplication@354b94fc
reloadAllAccessors: .ContinuousWithinContinuous2

===========================================================================================
----------------- testing Sun Apr 05 13:43:11 UTC 2020 /home/travis/build/icyphy/ptII/ptolemy/domains/continuous/test/auto/ContinuousWithinContinuous3.xml
----------------- Instantiating /home/travis/build/icyphy/ptII/ptolemy/domains/continuous/test/auto/ContinuousWithinContinuous3.xml
10 ms. Memory: 270336K Free: 242671K (90%)
----------------- Invoking toplevel() on ptolemy.moml.MoMLSimpleApplication@2865566e
----------------- Done invoking toplevel() on ptolemy.moml.MoMLSimpleApplication@2865566e
reloadAllAccessors: .ContinuousWithinContinuous3

===========================================================================================
----------------- testing Sun Apr 05 13:43:11 UTC 2020 /home/travis/build/icyphy/ptII/ptolemy/domains/continuous/test/auto/ContinuousWithinContinuous4.xml
----------------- Instantiating /home/travis/build/icyphy/ptII/ptolemy/domains/continuous/test/auto/ContinuousWithinContinuous4.xml
63 ms. Memory: 270336K Free: 230383K (85%)
----------------- Invoking toplevel() on ptolemy.moml.MoMLSimpleApplication@5481ed89
----------------- Done invoking toplevel() on ptolemy.moml.MoMLSimpleApplication@5481ed89
reloadAllAccessors: .ContinuousWithinContinuous4

===========================================================================================
----------------- testing Sun Apr 05 13:43:11 UTC 2020 /home/travis/build/icyphy/ptII/ptolemy/domains/continuous/test/auto/ContinuousWithinContinuous5.xml
----------------- Instantiating /home/travis/build/icyphy/ptII/ptolemy/domains/continuous/test/auto/ContinuousWithinContinuous5.xml
11 ms. Memory: 270336K Free: 223215K (83%)
----------------- Invoking toplevel() on ptolemy.moml.MoMLSimpleApplication@47ade208
----------------- Done invoking toplevel() on ptolemy.moml.MoMLSimpleApplication@47ade208
reloadAllAccessors: .ContinuousWithinContinuous5

===========================================================================================
----------------- testing Sun Apr 05 13:43:11 UTC 2020 /home/travis/build/icyphy/ptII/ptolemy/domains/continuous/test/auto/ContinuousWithinContinuous6.xml
----------------- Instantiating /home/travis/build/icyphy/ptII/ptolemy/domains/continuous/test/auto/ContinuousWithinContinuous6.xml
10 ms. Memory: 270336K Free: 216047K (80%)
----------------- Invoking toplevel() on ptolemy.moml.MoMLSimpleApplication@2ae78277
----------------- Done invoking toplevel() on ptolemy.moml.MoMLSimpleApplication@2ae78277
reloadAllAccessors: .ContinuousWithinContinuous6

===========================================================================================
----------------- testing Sun Apr 05 13:43:11 UTC 2020 /home/travis/build/icyphy/ptII/ptolemy/domains/continuous/test/auto/ContinuousWithinContinuous7.xml
----------------- Instantiating /home/travis/build/icyphy/ptII/ptolemy/domains/continuous/test/auto/ContinuousWithinContinuous7.xml
52 ms. Memory: 270336K Free: 205297K (76%)
----------------- Invoking toplevel() on ptolemy.moml.MoMLSimpleApplication@23a3c43b
----------------- Done invoking toplevel() on ptolemy.moml.MoMLSimpleApplication@23a3c43b
reloadAllAccessors: .ContinuousWithinContinuous7

===========================================================================================
----------------- testing Sun Apr 05 13:43:11 UTC 2020 /home/travis/build/icyphy/ptII/ptolemy/domains/continuous/test/auto/DCMotor.xml
----------------- Instantiating /home/travis/build/icyphy/ptII/ptolemy/domains/continuous/test/auto/DCMotor.xml
13283 ms. Memory: 270336K Free: 198437K (73%)
----------------- Invoking toplevel() on ptolemy.moml.MoMLSimpleApplication@37d214f5
----------------- Done invoking toplevel() on ptolemy.moml.MoMLSimpleApplication@37d214f5
reloadAllAccessors: .DCMotor

===========================================================================================
----------------- testing Sun Apr 05 13:43:24 UTC 2020 /home/travis/build/icyphy/ptII/ptolemy/domains/continuous/test/auto/DEInContinuous.xml
----------------- Instantiating /home/travis/build/icyphy/ptII/ptolemy/domains/continuous/test/auto/DEInContinuous.xml
25 ms. Memory: 270336K Free: 192293K (71%)
----------------- Invoking toplevel() on ptolemy.moml.MoMLSimpleApplication@7f12ced4
----------------- Done invoking toplevel() on ptolemy.moml.MoMLSimpleApplication@7f12ced4
reloadAllAccessors: .DEInContinuous

===========================================================================================
----------------- testing Sun Apr 05 13:43:24 UTC 2020 /home/travis/build/icyphy/ptII/ptolemy/domains/continuous/test/auto/DEinContinuous2.xml
----------------- Instantiating /home/travis/build/icyphy/ptII/ptolemy/domains/continuous/test/auto/DEinContinuous2.xml
9 ms. Memory: 270336K Free: 184597K (68%)
----------------- Invoking toplevel() on ptolemy.moml.MoMLSimpleApplication@5f60bad2
----------------- Done invoking toplevel() on ptolemy.moml.MoMLSimpleApplication@5f60bad2
reloadAllAccessors: .DEinContinuous2

===========================================================================================
----------------- testing Sun Apr 05 13:43:24 UTC 2020 /home/travis/build/icyphy/ptII/ptolemy/domains/continuous/test/auto/Derivative.xml
----------------- Instantiating /home/travis/build/icyphy/ptII/ptolemy/domains/continuous/test/auto/Derivative.xml
162 ms. Memory: 270336K Free: 155429K (57%)
----------------- Invoking toplevel() on ptolemy.moml.MoMLSimpleApplication@583320de
----------------- Done invoking toplevel() on ptolemy.moml.MoMLSimpleApplication@583320de
reloadAllAccessors: .Derivative2

===========================================================================================
----------------- testing Sun Apr 05 13:43:25 UTC 2020 /home/travis/build/icyphy/ptII/ptolemy/domains/continuous/test/auto/Derivative1.xml
----------------- Instantiating /home/travis/build/icyphy/ptII/ptolemy/domains/continuous/test/auto/Derivative1.xml
40 ms. Memory: 270336K Free: 141093K (52%)
----------------- Invoking toplevel() on ptolemy.moml.MoMLSimpleApplication@366843e0
----------------- Done invoking toplevel() on ptolemy.moml.MoMLSimpleApplication@366843e0
reloadAllAccessors: .Derivative1

===========================================================================================
----------------- testing Sun Apr 05 13:43:25 UTC 2020 /home/travis/build/icyphy/ptII/ptolemy/domains/continuous/test/auto/DiscreteClock.xml
----------------- Instantiating /home/travis/build/icyphy/ptII/ptolemy/domains/continuous/test/auto/DiscreteClock.xml
3 ms. Memory: 270336K Free: 135973K (50%)
----------------- Invoking toplevel() on ptolemy.moml.MoMLSimpleApplication@7b08e4eb
----------------- Done invoking toplevel() on ptolemy.moml.MoMLSimpleApplication@7b08e4eb
reloadAllAccessors: .DiscreteClock

===========================================================================================
----------------- testing Sun Apr 05 13:43:25 UTC 2020 /home/travis/build/icyphy/ptII/ptolemy/domains/continuous/test/auto/EfficiencyCurve.xml
----------------- Instantiating /home/travis/build/icyphy/ptII/ptolemy/domains/continuous/test/auto/EfficiencyCurve.xml
67 ms. Memory: 270336K Free: 126757K (47%)
----------------- Invoking toplevel() on ptolemy.moml.MoMLSimpleApplication@74dafe00
----------------- Done invoking toplevel() on ptolemy.moml.MoMLSimpleApplication@74dafe00
reloadAllAccessors: .EfficiencyCurve

===========================================================================================
----------------- testing Sun Apr 05 13:43:25 UTC 2020 /home/travis/build/icyphy/ptII/ptolemy/domains/continuous/test/auto/ExponentialResponse.xml
----------------- Instantiating /home/travis/build/icyphy/ptII/ptolemy/domains/continuous/test/auto/ExponentialResponse.xml
111 ms. Memory: 270336K Free: 110883K (41%)
----------------- Invoking toplevel() on ptolemy.moml.MoMLSimpleApplication@7c5f8ec4
----------------- Done invoking toplevel() on ptolemy.moml.MoMLSimpleApplication@7c5f8ec4
reloadAllAccessors: .ExponentialResponse

===========================================================================================
----------------- testing Sun Apr 05 13:43:25 UTC 2020 /home/travis/build/icyphy/ptII/ptolemy/domains/continuous/test/auto/ExponentialResponseRK45.xml
----------------- Instantiating /home/travis/build/icyphy/ptII/ptolemy/domains/continuous/test/auto/ExponentialResponseRK45.xml
30 ms. Memory: 270336K Free: 104229K (39%)
----------------- Invoking toplevel() on ptolemy.moml.MoMLSimpleApplication@244e7b57
----------------- Done invoking toplevel() on ptolemy.moml.MoMLSimpleApplication@244e7b57
reloadAllAccessors: .ExponentialResponseRK45

===========================================================================================
----------------- testing Sun Apr 05 13:43:25 UTC 2020 /home/travis/build/icyphy/ptII/ptolemy/domains/continuous/test/auto/Friction.xml
----------------- Instantiating /home/travis/build/icyphy/ptII/ptolemy/domains/continuous/test/auto/Friction.xml
1559 ms. Memory: 270336K Free: 159400K (59%)
----------------- Invoking toplevel() on ptolemy.moml.MoMLSimpleApplication@7c7fb232
----------------- Done invoking toplevel() on ptolemy.moml.MoMLSimpleApplication@7c7fb232
reloadAllAccessors: .Friction

===========================================================================================
----------------- testing Sun Apr 05 13:43:27 UTC 2020 /home/travis/build/icyphy/ptII/ptolemy/domains/continuous/test/auto/FurutaPendulum.xml
----------------- Instantiating /home/travis/build/icyphy/ptII/ptolemy/domains/continuous/test/auto/FurutaPendulum.xml
2939 ms. Memory: 270336K Free: 140995K (52%)
----------------- Invoking toplevel() on ptolemy.moml.MoMLSimpleApplication@5785060a
----------------- Done invoking toplevel() on ptolemy.moml.MoMLSimpleApplication@5785060a
reloadAllAccessors: .FurutaPendulum

===========================================================================================
----------------- testing Sun Apr 05 13:43:30 UTC 2020 /home/travis/build/icyphy/ptII/ptolemy/domains/continuous/test/auto/HierarchicalExecution.xml
----------------- Instantiating /home/travis/build/icyphy/ptII/ptolemy/domains/continuous/test/auto/HierarchicalExecution.xml
1755 ms. Memory: 324608K Free: 260490K (80%)
----------------- Invoking toplevel() on ptolemy.moml.MoMLSimpleApplication@163dee3a
----------------- Done invoking toplevel() on ptolemy.moml.MoMLSimpleApplication@163dee3a
reloadAllAccessors: .HierarchicalExecution

===========================================================================================
----------------- testing Sun Apr 05 13:43:32 UTC 2020 /home/travis/build/icyphy/ptII/ptolemy/domains/continuous/test/auto/HybridPlant.xml
----------------- Instantiating /home/travis/build/icyphy/ptII/ptolemy/domains/continuous/test/auto/HybridPlant.xml
506 ms. Memory: 324608K Free: 189242K (58%)
----------------- Invoking toplevel() on ptolemy.moml.MoMLSimpleApplication@779e8567
----------------- Done invoking toplevel() on ptolemy.moml.MoMLSimpleApplication@779e8567
reloadAllAccessors: .HybridPlant

===========================================================================================
----------------- testing Sun Apr 05 13:43:33 UTC 2020 /home/travis/build/icyphy/ptII/ptolemy/domains/continuous/test/auto/Hysteresis.xml
----------------- Instantiating /home/travis/build/icyphy/ptII/ptolemy/domains/continuous/test/auto/Hysteresis.xml
141 ms. Memory: 324608K Free: 127292K (39%)
----------------- Invoking toplevel() on ptolemy.moml.MoMLSimpleApplication@48057008
----------------- Done invoking toplevel() on ptolemy.moml.MoMLSimpleApplication@48057008
reloadAllAccessors: .Hysteresis

===========================================================================================
----------------- testing Sun Apr 05 13:43:33 UTC 2020 /home/travis/build/icyphy/ptII/ptolemy/domains/continuous/test/auto/HysteresisWithRandomDelay.xml
----------------- Instantiating /home/travis/build/icyphy/ptII/ptolemy/domains/continuous/test/auto/HysteresisWithRandomDelay.xml
181 ms. Memory: 324608K Free: 249254K (77%)
----------------- Invoking toplevel() on ptolemy.moml.MoMLSimpleApplication@3febc7b7
----------------- Done invoking toplevel() on ptolemy.moml.MoMLSimpleApplication@3febc7b7
reloadAllAccessors: .HysteresisWithRandomDelay

===========================================================================================
----------------- testing Sun Apr 05 13:43:33 UTC 2020 /home/travis/build/icyphy/ptII/ptolemy/domains/continuous/test/auto/HysteresisWithRandomLosses.xml
----------------- Instantiating /home/travis/build/icyphy/ptII/ptolemy/domains/continuous/test/auto/HysteresisWithRandomLosses.xml
2259 ms. Memory: 324608K Free: 295586K (91%)
----------------- Invoking toplevel() on ptolemy.moml.MoMLSimpleApplication@3552dc90
----------------- Done invoking toplevel() on ptolemy.moml.MoMLSimpleApplication@3552dc90
reloadAllAccessors: .HysteresisWithRandomLosses

===========================================================================================
----------------- testing Sun Apr 05 13:43:35 UTC 2020 /home/travis/build/icyphy/ptII/ptolemy/domains/continuous/test/auto/ImmediateTransitions.xml
----------------- Instantiating /home/travis/build/icyphy/ptII/ptolemy/domains/continuous/test/auto/ImmediateTransitions.xml
9 ms. Memory: 324608K Free: 284322K (88%)
----------------- Invoking toplevel() on ptolemy.moml.MoMLSimpleApplication@3d77b627
----------------- Done invoking toplevel() on ptolemy.moml.MoMLSimpleApplication@3d77b627
reloadAllAccessors: .ImmediateTransitions

===========================================================================================
----------------- testing Sun Apr 05 13:43:36 UTC 2020 /home/travis/build/icyphy/ptII/ptolemy/domains/continuous/test/auto/ImpulseFeedback.xml
----------------- Instantiating /home/travis/build/icyphy/ptII/ptolemy/domains/continuous/test/auto/ImpulseFeedback.xml
10 ms. Memory: 324608K Free: 278706K (86%)
----------------- Invoking toplevel() on ptolemy.moml.MoMLSimpleApplication@73f4609d
----------------- Done invoking toplevel() on ptolemy.moml.MoMLSimpleApplication@73f4609d
reloadAllAccessors: .ImpulseFeedback

===========================================================================================
----------------- testing Sun Apr 05 13:43:36 UTC 2020 /home/travis/build/icyphy/ptII/ptolemy/domains/continuous/test/auto/ImpulseFeedback2.xml
----------------- Instantiating /home/travis/build/icyphy/ptII/ptolemy/domains/continuous/test/auto/ImpulseFeedback2.xml
5 ms. Memory: 324608K Free: 273072K (84%)
----------------- Invoking toplevel() on ptolemy.moml.MoMLSimpleApplication@6f4837d3
----------------- Done invoking toplevel() on ptolemy.moml.MoMLSimpleApplication@6f4837d3
reloadAllAccessors: .ImpulseFeedback2

===========================================================================================
----------------- testing Sun Apr 05 13:43:36 UTC 2020 /home/travis/build/icyphy/ptII/ptolemy/domains/continuous/test/auto/IncreasingRatePoisson.xml
----------------- Instantiating /home/travis/build/icyphy/ptII/ptolemy/domains/continuous/test/auto/IncreasingRatePoisson.xml
727 ms. Memory: 324608K Free: 159401K (49%)
----------------- Invoking toplevel() on ptolemy.moml.MoMLSimpleApplication@227caf1c
----------------- Done invoking toplevel() on ptolemy.moml.MoMLSimpleApplication@227caf1c
reloadAllAccessors: .IncreasingRatePoisson

===========================================================================================
----------------- testing Sun Apr 05 13:43:36 UTC 2020 /home/travis/build/icyphy/ptII/ptolemy/domains/continuous/test/auto/InitialStateFeedback.xml
----------------- Instantiating /home/travis/build/icyphy/ptII/ptolemy/domains/continuous/test/auto/InitialStateFeedback.xml
2 ms. Memory: 324608K Free: 154801K (48%)
----------------- Invoking toplevel() on ptolemy.moml.MoMLSimpleApplication@397f43e5
----------------- Done invoking toplevel() on ptolemy.moml.MoMLSimpleApplication@397f43e5
reloadAllAccessors: .InitialStateFeedback

===========================================================================================
----------------- testing Sun Apr 05 13:43:36 UTC 2020 /home/travis/build/icyphy/ptII/ptolemy/domains/continuous/test/auto/Integration.xml
----------------- Instantiating /home/travis/build/icyphy/ptII/ptolemy/domains/continuous/test/auto/Integration.xml
3 ms. Memory: 324608K Free: 150705K (46%)
----------------- Invoking toplevel() on ptolemy.moml.MoMLSimpleApplication@746cc9e
----------------- Done invoking toplevel() on ptolemy.moml.MoMLSimpleApplication@746cc9e
reloadAllAccessors: .Integration

===========================================================================================
----------------- testing Sun Apr 05 13:43:36 UTC 2020 /home/travis/build/icyphy/ptII/ptolemy/domains/continuous/test/auto/Integration2.xml
----------------- Instantiating /home/travis/build/icyphy/ptII/ptolemy/domains/continuous/test/auto/Integration2.xml
69 ms. Memory: 324608K Free: 136369K (42%)
----------------- Invoking toplevel() on ptolemy.moml.MoMLSimpleApplication@68ff420e
----------------- Done invoking toplevel() on ptolemy.moml.MoMLSimpleApplication@68ff420e
reloadAllAccessors: .Integration2

===========================================================================================
----------------- testing Sun Apr 05 13:43:36 UTC 2020 /home/travis/build/icyphy/ptII/ptolemy/domains/continuous/test/auto/Integration3.xml
----------------- Instantiating /home/travis/build/icyphy/ptII/ptolemy/domains/continuous/test/auto/Integration3.xml
3 ms. Memory: 324608K Free: 131759K (41%)
----------------- Invoking toplevel() on ptolemy.moml.MoMLSimpleApplication@40395312
----------------- Done invoking toplevel() on ptolemy.moml.MoMLSimpleApplication@40395312
reloadAllAccessors: .Integration3

===========================================================================================
----------------- testing Sun Apr 05 13:43:36 UTC 2020 /home/travis/build/icyphy/ptII/ptolemy/domains/continuous/test/auto/Integration5.xml
----------------- Instantiating /home/travis/build/icyphy/ptII/ptolemy/domains/continuous/test/auto/Integration5.xml
3 ms. Memory: 324608K Free: 127663K (39%)
----------------- Invoking toplevel() on ptolemy.moml.MoMLSimpleApplication@11a8b949
----------------- Done invoking toplevel() on ptolemy.moml.MoMLSimpleApplication@11a8b949
reloadAllAccessors: .Integration5

===========================================================================================
----------------- testing Sun Apr 05 13:43:36 UTC 2020 /home/travis/build/icyphy/ptII/ptolemy/domains/continuous/test/auto/IntegratorImpulse.xml
----------------- Instantiating /home/travis/build/icyphy/ptII/ptolemy/domains/continuous/test/auto/IntegratorImpulse.xml
2 ms. Memory: 324608K Free: 123567K (38%)
----------------- Invoking toplevel() on ptolemy.moml.MoMLSimpleApplication@550f4ac3
----------------- Done invoking toplevel() on ptolemy.moml.MoMLSimpleApplication@550f4ac3
reloadAllAccessors: .IntegratorImpulse

===========================================================================================
----------------- testing Sun Apr 05 13:43:36 UTC 2020 /home/travis/build/icyphy/ptII/ptolemy/domains/continuous/test/auto/IntegratorImpulse2.xml
----------------- Instantiating /home/travis/build/icyphy/ptII/ptolemy/domains/continuous/test/auto/IntegratorImpulse2.xml
3 ms. Memory: 324608K Free: 118961K (37%)
----------------- Invoking toplevel() on ptolemy.moml.MoMLSimpleApplication@24780604
----------------- Done invoking toplevel() on ptolemy.moml.MoMLSimpleApplication@24780604
reloadAllAccessors: .IntegratorImpulse2

===========================================================================================
----------------- testing Sun Apr 05 13:43:36 UTC 2020 /home/travis/build/icyphy/ptII/ptolemy/domains/continuous/test/auto/LevelCrossing1.xml
----------------- Instantiating /home/travis/build/icyphy/ptII/ptolemy/domains/continuous/test/auto/LevelCrossing1.xml
12 ms. Memory: 324608K Free: 307452K (95%)
----------------- Invoking toplevel() on ptolemy.moml.MoMLSimpleApplication@6ff51259
----------------- Done invoking toplevel() on ptolemy.moml.MoMLSimpleApplication@6ff51259
reloadAllAccessors: .LevelCrossing1

===========================================================================================
----------------- testing Sun Apr 05 13:43:37 UTC 2020 /home/travis/build/icyphy/ptII/ptolemy/domains/continuous/test/auto/LevelCrossing2.xml
----------------- Instantiating /home/travis/build/icyphy/ptII/ptolemy/domains/continuous/test/auto/LevelCrossing2.xml
5 ms. Memory: 324608K Free: 302332K (93%)
----------------- Invoking toplevel() on ptolemy.moml.MoMLSimpleApplication@6de4c8d5
----------------- Done invoking toplevel() on ptolemy.moml.MoMLSimpleApplication@6de4c8d5
reloadAllAccessors: .LevelCrossing2

===========================================================================================
----------------- testing Sun Apr 05 13:43:37 UTC 2020 /home/travis/build/icyphy/ptII/ptolemy/domains/continuous/test/auto/LevelCrossing3.xml
----------------- Instantiating /home/travis/build/icyphy/ptII/ptolemy/domains/continuous/test/auto/LevelCrossing3.xml
2 ms. Memory: 324608K Free: 297212K (92%)
----------------- Invoking toplevel() on ptolemy.moml.MoMLSimpleApplication@2fbea7d1
----------------- Done invoking toplevel() on ptolemy.moml.MoMLSimpleApplication@2fbea7d1
reloadAllAccessors: .LevelCrossing3

===========================================================================================
----------------- testing Sun Apr 05 13:43:37 UTC 2020 /home/travis/build/icyphy/ptII/ptolemy/domains/continuous/test/auto/LevelCrossing4.xml
----------------- Instantiating /home/travis/build/icyphy/ptII/ptolemy/domains/continuous/test/auto/LevelCrossing4.xml
3 ms. Memory: 324608K Free: 292092K (90%)
----------------- Invoking toplevel() on ptolemy.moml.MoMLSimpleApplication@539c742b
----------------- Done invoking toplevel() on ptolemy.moml.MoMLSimpleApplication@539c742b
reloadAllAccessors: .LevelCrossing4

===========================================================================================
----------------- testing Sun Apr 05 13:43:37 UTC 2020 /home/travis/build/icyphy/ptII/ptolemy/domains/continuous/test/auto/LevelCrossing5.xml
----------------- Instantiating /home/travis/build/icyphy/ptII/ptolemy/domains/continuous/test/auto/LevelCrossing5.xml
4 ms. Memory: 324608K Free: 286972K (88%)
----------------- Invoking toplevel() on ptolemy.moml.MoMLSimpleApplication@5eb68387
----------------- Done invoking toplevel() on ptolemy.moml.MoMLSimpleApplication@5eb68387
reloadAllAccessors: .LevelCrossing5

===========================================================================================
[...]
reloadAllAccessors: .ResetTransitionWithStartTime6

===========================================================================================
----------------- testing Sun Apr 05 13:43:53 UTC 2020 /home/travis/build/icyphy/ptII/ptolemy/domains/continuous/test/auto/SRinContinuous.xml
----------------- Instantiating /home/travis/build/icyphy/ptII/ptolemy/domains/continuous/test/auto/SRinContinuous.xml
5 ms. Memory: 390144K Free: 284008K (73%)
----------------- Invoking toplevel() on ptolemy.moml.MoMLSimpleApplication@4acedde6
----------------- Done invoking toplevel() on ptolemy.moml.MoMLSimpleApplication@4acedde6
reloadAllAccessors: .SRinContinuous

===========================================================================================
----------------- testing Sun Apr 05 13:43:53 UTC 2020 /home/travis/build/icyphy/ptII/ptolemy/domains/continuous/test/auto/SampledClocks.xml
----------------- Instantiating /home/travis/build/icyphy/ptII/ptolemy/domains/continuous/test/auto/SampledClocks.xml
6 ms. Memory: 390144K Free: 271206K (70%)
----------------- Invoking toplevel() on ptolemy.moml.MoMLSimpleApplication@4353d266
----------------- Done invoking toplevel() on ptolemy.moml.MoMLSimpleApplication@4353d266
reloadAllAccessors: .SampledClocks

===========================================================================================
----------------- testing Sun Apr 05 13:43:53 UTC 2020 /home/travis/build/icyphy/ptII/ptolemy/domains/continuous/test/auto/Satellite.xml
----------------- Instantiating /home/travis/build/icyphy/ptII/ptolemy/domains/continuous/test/auto/Satellite.xml
616 ms. Memory: 390144K Free: 308182K (79%)
----------------- Invoking toplevel() on ptolemy.moml.MoMLSimpleApplication@2233f60b
----------------- Done invoking toplevel() on ptolemy.moml.MoMLSimpleApplication@2233f60b
reloadAllAccessors: .Satellite

===========================================================================================
----------------- testing Sun Apr 05 13:43:53 UTC 2020 /home/travis/build/icyphy/ptII/ptolemy/domains/continuous/test/auto/SigmaDelta.xml
----------------- Instantiating /home/travis/build/icyphy/ptII/ptolemy/domains/continuous/test/auto/SigmaDelta.xml
2050 ms. Memory: 390144K Free: 281140K (72%)
----------------- Invoking toplevel() on ptolemy.moml.MoMLSimpleApplication@24351df0
----------------- Done invoking toplevel() on ptolemy.moml.MoMLSimpleApplication@24351df0
reloadAllAccessors: .SigmaDelta

===========================================================================================
----------------- testing Sun Apr 05 13:43:56 UTC 2020 /home/travis/build/icyphy/ptII/ptolemy/domains/continuous/test/auto/SingleRefinement.xml
----------------- Instantiating /home/travis/build/icyphy/ptII/ptolemy/domains/continuous/test/auto/SingleRefinement.xml
361 ms. Memory: 390144K Free: 329389K (84%)
----------------- Invoking toplevel() on ptolemy.moml.MoMLSimpleApplication@684a36e8
----------------- Done invoking toplevel() on ptolemy.moml.MoMLSimpleApplication@684a36e8
reloadAllAccessors: .SingleRefinement

===========================================================================================
----------------- testing Sun Apr 05 13:43:56 UTC 2020 /home/travis/build/icyphy/ptII/ptolemy/domains/continuous/test/auto/SinuBouncingBall.xml
----------------- Instantiating /home/travis/build/icyphy/ptII/ptolemy/domains/continuous/test/auto/SinuBouncingBall.xml
826 ms. Memory: 390144K Free: 346405K (89%)
----------------- Invoking toplevel() on ptolemy.moml.MoMLSimpleApplication@da18ed0
----------------- Done invoking toplevel() on ptolemy.moml.MoMLSimpleApplication@da18ed0
reloadAllAccessors: .SinuBouncingBall

===========================================================================================
----------------- testing Sun Apr 05 13:43:57 UTC 2020 /home/travis/build/icyphy/ptII/ptolemy/domains/continuous/test/auto/Sinusoid.xml
----------------- Instantiating /home/travis/build/icyphy/ptII/ptolemy/domains/continuous/test/auto/Sinusoid.xml
5 ms. Memory: 390144K Free: 341765K (88%)
----------------- Invoking toplevel() on ptolemy.moml.MoMLSimpleApplication@4e3c07c1
----------------- Done invoking toplevel() on ptolemy.moml.MoMLSimpleApplication@4e3c07c1
reloadAllAccessors: .Sinusoid

===========================================================================================
----------------- testing Sun Apr 05 13:43:57 UTC 2020 /home/travis/build/icyphy/ptII/ptolemy/domains/continuous/test/auto/SinusoidInNoise.xml
----------------- Instantiating /home/travis/build/icyphy/ptII/ptolemy/domains/continuous/test/auto/SinusoidInNoise.xml
821 ms. Memory: 390144K Free: 210723K (54%)
----------------- Invoking toplevel() on ptolemy.moml.MoMLSimpleApplication@637c16b7
----------------- Done invoking toplevel() on ptolemy.moml.MoMLSimpleApplication@637c16b7
reloadAllAccessors: .SinusoidInNoise

===========================================================================================
----------------- testing Sun Apr 05 13:43:58 UTC 2020 /home/travis/build/icyphy/ptII/ptolemy/domains/continuous/test/auto/SinusoidRK45.xml
----------------- Instantiating /home/travis/build/icyphy/ptII/ptolemy/domains/continuous/test/auto/SinusoidRK45.xml
3 ms. Memory: 390144K Free: 206597K (53%)
----------------- Invoking toplevel() on ptolemy.moml.MoMLSimpleApplication@73757004
----------------- Done invoking toplevel() on ptolemy.moml.MoMLSimpleApplication@73757004
reloadAllAccessors: .SinusoidRK45

===========================================================================================
----------------- testing Sun Apr 05 13:43:58 UTC 2020 /home/travis/build/icyphy/ptII/ptolemy/domains/continuous/test/auto/SinusoidWithMultipleImpulses.xml
----------------- Instantiating /home/travis/build/icyphy/ptII/ptolemy/domains/continuous/test/auto/SinusoidWithMultipleImpulses.xml
2 ms. Memory: 390144K Free: 202021K (52%)
----------------- Invoking toplevel() on ptolemy.moml.MoMLSimpleApplication@30977fe3
----------------- Done invoking toplevel() on ptolemy.moml.MoMLSimpleApplication@30977fe3
reloadAllAccessors: .SinusoidWithMultipleImpulses

===========================================================================================
----------------- testing Sun Apr 05 13:43:58 UTC 2020 /home/travis/build/icyphy/ptII/ptolemy/domains/continuous/test/auto/SquareWave.xml
----------------- Instantiating /home/travis/build/icyphy/ptII/ptolemy/domains/continuous/test/auto/SquareWave.xml
130 ms. Memory: 390144K Free: 174373K (45%)
----------------- Invoking toplevel() on ptolemy.moml.MoMLSimpleApplication@140c6f23
----------------- Done invoking toplevel() on ptolemy.moml.MoMLSimpleApplication@140c6f23
reloadAllAccessors: .SquareWave

===========================================================================================
----------------- testing Sun Apr 05 13:43:58 UTC 2020 /home/travis/build/icyphy/ptII/ptolemy/domains/continuous/test/auto/Starmac.xml
----------------- Instantiating /home/travis/build/icyphy/ptII/ptolemy/domains/continuous/test/auto/Starmac.xml
3073 ms. Memory: 390144K Free: 319669K (82%)
----------------- Invoking toplevel() on ptolemy.moml.MoMLSimpleApplication@f8917a8
----------------- Done invoking toplevel() on ptolemy.moml.MoMLSimpleApplication@f8917a8
reloadAllAccessors: .Starmac

===========================================================================================
----------------- testing Sun Apr 05 13:44:01 UTC 2020 /home/travis/build/icyphy/ptII/ptolemy/domains/continuous/test/auto/StaticUnits.xml
----------------- Instantiating /home/travis/build/icyphy/ptII/ptolemy/domains/continuous/test/auto/StaticUnits.xml
1700 ms. Memory: 390144K Free: 312978K (80%)
----------------- Invoking toplevel() on ptolemy.moml.MoMLSimpleApplication@422b2370
----------------- Done invoking toplevel() on ptolemy.moml.MoMLSimpleApplication@422b2370
reloadAllAccessors: .StaticUnits

===========================================================================================
----------------- testing Sun Apr 05 13:44:04 UTC 2020 /home/travis/build/icyphy/ptII/ptolemy/domains/continuous/test/auto/StickyMasses.xml
----------------- Instantiating /home/travis/build/icyphy/ptII/ptolemy/domains/continuous/test/auto/StickyMasses.xml
143 ms. Memory: 390144K Free: 263312K (67%)
----------------- Invoking toplevel() on ptolemy.moml.MoMLSimpleApplication@c0f49ac
----------------- Done invoking toplevel() on ptolemy.moml.MoMLSimpleApplication@c0f49ac
reloadAllAccessors: .StickyMasses

===========================================================================================
----------------- testing Sun Apr 05 13:44:04 UTC 2020 /home/travis/build/icyphy/ptII/ptolemy/domains/continuous/test/auto/StopTime.xml
----------------- Instantiating /home/travis/build/icyphy/ptII/ptolemy/domains/continuous/test/auto/StopTime.xml
41 ms. Memory: 390144K Free: 238736K (61%)
----------------- Invoking toplevel() on ptolemy.moml.MoMLSimpleApplication@2933fef8
----------------- Done invoking toplevel() on ptolemy.moml.MoMLSimpleApplication@2933fef8
reloadAllAccessors: .StopTime

===========================================================================================
----------------- testing Sun Apr 05 13:44:04 UTC 2020 /home/travis/build/icyphy/ptII/ptolemy/domains/continuous/test/auto/StopTime2.xml
----------------- Instantiating /home/travis/build/icyphy/ptII/ptolemy/domains/continuous/test/auto/StopTime2.xml
34 ms. Memory: 390144K Free: 216722K (56%)
----------------- Invoking toplevel() on ptolemy.moml.MoMLSimpleApplication@1ef830c8
----------------- Done invoking toplevel() on ptolemy.moml.MoMLSimpleApplication@1ef830c8
reloadAllAccessors: .StopTime2

===========================================================================================
----------------- testing Sun Apr 05 13:44:04 UTC 2020 /home/travis/build/icyphy/ptII/ptolemy/domains/continuous/test/auto/Switch.xml
----------------- Instantiating /home/travis/build/icyphy/ptII/ptolemy/domains/continuous/test/auto/Switch.xml
40 ms. Memory: 390144K Free: 191618K (49%)
----------------- Invoking toplevel() on ptolemy.moml.MoMLSimpleApplication@56102446
----------------- Done invoking toplevel() on ptolemy.moml.MoMLSimpleApplication@56102446
reloadAllAccessors: .Switch

===========================================================================================
----------------- testing Sun Apr 05 13:44:04 UTC 2020 /home/travis/build/icyphy/ptII/ptolemy/domains/continuous/test/auto/Thermostat.xml
----------------- Instantiating /home/travis/build/icyphy/ptII/ptolemy/domains/continuous/test/auto/Thermostat.xml
201 ms. Memory: 390144K Free: 348300K (89%)
----------------- Invoking toplevel() on ptolemy.moml.MoMLSimpleApplication@2fc5ad78
----------------- Done invoking toplevel() on ptolemy.moml.MoMLSimpleApplication@2fc5ad78
reloadAllAccessors: .Thermostat

===========================================================================================
----------------- testing Sun Apr 05 13:44:04 UTC 2020 /home/travis/build/icyphy/ptII/ptolemy/domains/continuous/test/auto/TimeDelay.xml
----------------- Instantiating /home/travis/build/icyphy/ptII/ptolemy/domains/continuous/test/auto/TimeDelay.xml
5 ms. Memory: 390144K Free: 343165K (88%)
----------------- Invoking toplevel() on ptolemy.moml.MoMLSimpleApplication@5359c389
----------------- Done invoking toplevel() on ptolemy.moml.MoMLSimpleApplication@5359c389
reloadAllAccessors: .TimeDelay

===========================================================================================
----------------- testing Sun Apr 05 13:44:04 UTC 2020 /home/travis/build/icyphy/ptII/ptolemy/domains/continuous/test/auto/TimeDelay2.xml
----------------- Instantiating /home/travis/build/icyphy/ptII/ptolemy/domains/continuous/test/auto/TimeDelay2.xml
6 ms. Memory: 390144K Free: 333454K (85%)
----------------- Invoking toplevel() on ptolemy.moml.MoMLSimpleApplication@cd63ab3
----------------- Done invoking toplevel() on ptolemy.moml.MoMLSimpleApplication@cd63ab3
reloadAllAccessors: .TimeDelay2

===========================================================================================
----------------- testing Sun Apr 05 13:44:04 UTC 2020 /home/travis/build/icyphy/ptII/ptolemy/domains/continuous/test/auto/TimeDelay3.xml
----------------- Instantiating /home/travis/build/icyphy/ptII/ptolemy/domains/continuous/test/auto/TimeDelay3.xml
5 ms. Memory: 390144K Free: 328841K (84%)
----------------- Invoking toplevel() on ptolemy.moml.MoMLSimpleApplication@4cf1ea0c
----------------- Done invoking toplevel() on ptolemy.moml.MoMLSimpleApplication@4cf1ea0c
reloadAllAccessors: .TimeDelay3

===========================================================================================
----------------- testing Sun Apr 05 13:44:04 UTC 2020 /home/travis/build/icyphy/ptII/ptolemy/domains/continuous/test/auto/TransferAbsentToInside.xml
----------------- Instantiating /home/travis/build/icyphy/ptII/ptolemy/domains/continuous/test/auto/TransferAbsentToInside.xml
29 ms. Memory: 390144K Free: 275581K (71%)
----------------- Invoking toplevel() on ptolemy.moml.MoMLSimpleApplication@2eac5965
----------------- Done invoking toplevel() on ptolemy.moml.MoMLSimpleApplication@2eac5965
reloadAllAccessors: .TransferAbsentToInside

===========================================================================================
----------------- testing Sun Apr 05 13:44:05 UTC 2020 /home/travis/build/icyphy/ptII/ptolemy/domains/continuous/test/auto/Transmission.xml
----------------- Instantiating /home/travis/build/icyphy/ptII/ptolemy/domains/continuous/test/auto/Transmission.xml
726 ms. Memory: 390144K Free: 273525K (70%)
----------------- Invoking toplevel() on ptolemy.moml.MoMLSimpleApplication@25dab2c1
----------------- Done invoking toplevel() on ptolemy.moml.MoMLSimpleApplication@25dab2c1
reloadAllAccessors: .Transmission

===========================================================================================
----------------- testing Sun Apr 05 13:44:05 UTC 2020 /home/travis/build/icyphy/ptII/ptolemy/domains/continuous/test/auto/TriggeredContinuousClock.xml
----------------- Instantiating /home/travis/build/icyphy/ptII/ptolemy/domains/continuous/test/auto/TriggeredContinuousClock.xml
35 ms. Memory: 390144K Free: 243829K (62%)
----------------- Invoking toplevel() on ptolemy.moml.MoMLSimpleApplication@3fc7e82e
----------------- Done invoking toplevel() on ptolemy.moml.MoMLSimpleApplication@3fc7e82e
reloadAllAccessors: .TriggeredContinuousClock

===========================================================================================
----------------- testing Sun Apr 05 13:44:05 UTC 2020 /home/travis/build/icyphy/ptII/ptolemy/domains/continuous/test/auto/TwoMachineInfiniteBusControl.xml
----------------- Instantiating /home/travis/build/icyphy/ptII/ptolemy/domains/continuous/test/auto/TwoMachineInfiniteBusControl.xml
2276 ms. Memory: 390144K Free: 345092K (88%)
----------------- Invoking toplevel() on ptolemy.moml.MoMLSimpleApplication@7af95dad
----------------- Done invoking toplevel() on ptolemy.moml.MoMLSimpleApplication@7af95dad
reloadAllAccessors: .TwoMachineInfiniteBusControl

===========================================================================================
----------------- testing Sun Apr 05 13:44:08 UTC 2020 /home/travis/build/icyphy/ptII/ptolemy/domains/continuous/test/auto/V2V.xml
----------------- Instantiating /home/travis/build/icyphy/ptII/ptolemy/domains/continuous/test/auto/V2V.xml
789 ms. Memory: 390144K Free: 159268K (41%)
----------------- Invoking toplevel() on ptolemy.moml.MoMLSimpleApplication@77b053af
----------------- Done invoking toplevel() on ptolemy.moml.MoMLSimpleApplication@77b053af
reloadAllAccessors: .V2V

===========================================================================================
----------------- testing Sun Apr 05 13:44:09 UTC 2020 /home/travis/build/icyphy/ptII/ptolemy/domains/continuous/test/auto/hierarchicalModalModel.xml
----------------- Instantiating /home/travis/build/icyphy/ptII/ptolemy/domains/continuous/test/auto/hierarchicalModalModel.xml
8 ms. Memory: 390144K Free: 144932K (37%)
----------------- Invoking toplevel() on ptolemy.moml.MoMLSimpleApplication@2ac2f64b
----------------- Done invoking toplevel() on ptolemy.moml.MoMLSimpleApplication@2ac2f64b
reloadAllAccessors: .hierarchicalModalModel

===========================================================================================
----------------- testing Sun Apr 05 13:44:09 UTC 2020 /home/travis/build/icyphy/ptII/ptolemy/domains/continuous/test/auto/hierarchicalModalModel1.xml
----------------- Instantiating /home/travis/build/icyphy/ptII/ptolemy/domains/continuous/test/auto/hierarchicalModalModel1.xml
9 ms. Memory: 390144K Free: 357910K (92%)
----------------- Invoking toplevel() on ptolemy.moml.MoMLSimpleApplication@76de4efe
----------------- Done invoking toplevel() on ptolemy.moml.MoMLSimpleApplication@76de4efe
reloadAllAccessors: .hierarchicalModalModel1

===========================================================================================
----------------- testing Sun Apr 05 13:44:09 UTC 2020 /home/travis/build/icyphy/ptII/ptolemy/domains/continuous/test/auto/hierarchicalModalModel2.xml
----------------- Instantiating /home/travis/build/icyphy/ptII/ptolemy/domains/continuous/test/auto/hierarchicalModalModel2.xml
6 ms. Memory: 390144K Free: 345622K (89%)
----------------- Invoking toplevel() on ptolemy.moml.MoMLSimpleApplication@4a80fbf7
----------------- Done invoking toplevel() on ptolemy.moml.MoMLSimpleApplication@4a80fbf7
reloadAllAccessors: .hierarchicalModalModel2

===========================================================================================
----------------- testing Sun Apr 05 13:44:09 UTC 2020 /home/travis/build/icyphy/ptII/ptolemy/domains/continuous/test/auto/hierarchicalModalModel3.xml
----------------- Instantiating /home/travis/build/icyphy/ptII/ptolemy/domains/continuous/test/auto/hierarchicalModalModel3.xml
6 ms. Memory: 390144K Free: 334868K (86%)
----------------- Invoking toplevel() on ptolemy.moml.MoMLSimpleApplication@526c2337
----------------- Done invoking toplevel() on ptolemy.moml.MoMLSimpleApplication@526c2337
reloadAllAccessors: .hierarchicalModalModel3

===========================================================================================
----------------- testing Sun Apr 05 13:44:09 UTC 2020 /home/travis/build/icyphy/ptII/ptolemy/domains/continuous/test/auto/hierarchicalModalModel4.xml
----------------- Instantiating /home/travis/build/icyphy/ptII/ptolemy/domains/continuous/test/auto/hierarchicalModalModel4.xml
5 ms. Memory: 390144K Free: 323094K (83%)
----------------- Invoking toplevel() on ptolemy.moml.MoMLSimpleApplication@124a1595
----------------- Done invoking toplevel() on ptolemy.moml.MoMLSimpleApplication@124a1595
reloadAllAccessors: .hierarchicalModalModel4

===========================================================================================
----------------- testing Sun Apr 05 13:44:09 UTC 2020 /home/travis/build/icyphy/ptII/ptolemy/domains/continuous/test/auto/junk.xml
----------------- Instantiating /home/travis/build/icyphy/ptII/ptolemy/domains/continuous/test/auto/junk.xml
100 ms. Memory: 390144K Free: 295956K (76%)
----------------- Invoking toplevel() on ptolemy.moml.MoMLSimpleApplication@26ec4ba5
----------------- Done invoking toplevel() on ptolemy.moml.MoMLSimpleApplication@26ec4ba5
reloadAllAccessors: .junk
AutoTests.java: About to close Vertx.
AutoTests.java: Vertx closed.
]]></system-out>
  <system-err><![CDATA[Warning: '.HysteresisWithRandomDelay.NonStrictTest3' The test produced only 28 tokens, yet the correctValues parameter was expecting 30 tokens.
Warning: '.Poisson.NonStrictTest' The test produced only 417 tokens, yet the correctValues parameter was expecting 430 tokens.
]]></system-err>
</testsuite>
