<?xml version="1.0" encoding="UTF-8" ?>
<testsuite errors="0" failures="0" hostname="travis-job-d0b909a9-c01e-4662-80f4-bcbde83e21b7" name="ptolemy.domains.sdf.lib.test.junit.JUnitTclTest" skipped="0" tests="82" time="9.645" timestamp="2019-06-11T04:36:48">
  <properties>
[...]
</properties>
  <testcase classname="ptolemy.util.test.junit.TclTests" name="[0] /home/travis/build/icyphy/ptII/ptolemy/domains/sdf/lib/test/ArrayToSequence.tcl (RunTclFile)" time="0.617" />
  <testcase classname="ptolemy.util.test.junit.TclTests" name="[1] /home/travis/build/icyphy/ptII/ptolemy/domains/sdf/lib/test/BitsToInt.tcl (RunTclFile)" time="0.056" />
  <testcase classname="ptolemy.util.test.junit.TclTests" name="[2] /home/travis/build/icyphy/ptII/ptolemy/domains/sdf/lib/test/DelayLine.tcl (RunTclFile)" time="0.022" />
  <testcase classname="ptolemy.util.test.junit.TclTests" name="[3] /home/travis/build/icyphy/ptII/ptolemy/domains/sdf/lib/test/FFT.tcl (RunTclFile)" time="0.029" />
  <testcase classname="ptolemy.util.test.junit.TclTests" name="[4] /home/travis/build/icyphy/ptII/ptolemy/domains/sdf/lib/test/FIR.tcl (RunTclFile)" time="0.14" />
  <testcase classname="ptolemy.util.test.junit.TclTests" name="[5] /home/travis/build/icyphy/ptII/ptolemy/domains/sdf/lib/test/IntToBits.tcl (RunTclFile)" time="0.039" />
  <testcase classname="ptolemy.util.test.junit.TclTests" name="[6] /home/travis/build/icyphy/ptII/ptolemy/domains/sdf/lib/test/MaximumEntropySpectrum.tcl (RunTclFile)" time="0.232" />
  <testcase classname="ptolemy.util.test.junit.TclTests" name="[7] /home/travis/build/icyphy/ptII/ptolemy/domains/sdf/lib/test/Repeat.tcl (RunTclFile)" time="0.033" />
  <testcase classname="ptolemy.util.test.junit.TclTests" name="[8] /home/travis/build/icyphy/ptII/ptolemy/domains/sdf/lib/test/SampleDelay.tcl (RunTclFile)" time="0.05" />
  <testcase classname="ptolemy.util.test.junit.TclTests" name="[9] /home/travis/build/icyphy/ptII/ptolemy/domains/sdf/lib/test/SequenceToArray.tcl (RunTclFile)" time="0.056" />
  <testcase classname="ptolemy.util.test.junit.AutoKnownFailedTests" name="[0] ThereAreNoKnowFailedTests (RunModel)" time="0.006" />
  <testcase classname="ptolemy.util.test.junit.AutoNameArchTests" name="[0] ThereAreNoAutoArchTests (RunModel)" time="0.002" />
  <testcase classname="ptolemy.util.test.junit.AutoTests" name="[0] /home/travis/build/icyphy/ptII/ptolemy/domains/sdf/lib/test/auto/ArrayToSequence.xml (RunModel)" time="0.191" />
  <testcase classname="ptolemy.util.test.junit.AutoTests" name="[1] /home/travis/build/icyphy/ptII/ptolemy/domains/sdf/lib/test/auto/ArrayToSequenceTest.xml (RunModel)" time="0.074" />
  <testcase classname="ptolemy.util.test.junit.AutoTests" name="[2] /home/travis/build/icyphy/ptII/ptolemy/domains/sdf/lib/test/auto/Autocorrelation.xml (RunModel)" time="0.035" />
  <testcase classname="ptolemy.util.test.junit.AutoTests" name="[3] /home/travis/build/icyphy/ptII/ptolemy/domains/sdf/lib/test/auto/Autocorrelation2.xml (RunModel)" time="0.022" />
  <testcase classname="ptolemy.util.test.junit.AutoTests" name="[4] /home/travis/build/icyphy/ptII/ptolemy/domains/sdf/lib/test/auto/Autocorrelation3.xml (RunModel)" time="0.024" />
  <testcase classname="ptolemy.util.test.junit.AutoTests" name="[5] /home/travis/build/icyphy/ptII/ptolemy/domains/sdf/lib/test/auto/Autocorrelation4.xml (RunModel)" time="0.022" />
  <testcase classname="ptolemy.util.test.junit.AutoTests" name="[6] /home/travis/build/icyphy/ptII/ptolemy/domains/sdf/lib/test/auto/Autocorrelation5.xml (RunModel)" time="0.103" />
  <testcase classname="ptolemy.util.test.junit.AutoTests" name="[7] /home/travis/build/icyphy/ptII/ptolemy/domains/sdf/lib/test/auto/BitsToInt.xml (RunModel)" time="0.035" />
  <testcase classname="ptolemy.util.test.junit.AutoTests" name="[8] /home/travis/build/icyphy/ptII/ptolemy/domains/sdf/lib/test/auto/BooleanJoin.xml (RunModel)" time="0.053" />
  <testcase classname="ptolemy.util.test.junit.AutoTests" name="[9] /home/travis/build/icyphy/ptII/ptolemy/domains/sdf/lib/test/auto/BootstrapSampleDelay.xml (RunModel)" time="0.055" />
  <testcase classname="ptolemy.util.test.junit.AutoTests" name="[10] /home/travis/build/icyphy/ptII/ptolemy/domains/sdf/lib/test/auto/Chop.xml (RunModel)" time="0.07" />
  <testcase classname="ptolemy.util.test.junit.AutoTests" name="[11] /home/travis/build/icyphy/ptII/ptolemy/domains/sdf/lib/test/auto/Chop2.xml (RunModel)" time="0.051" />
  <testcase classname="ptolemy.util.test.junit.AutoTests" name="[12] /home/travis/build/icyphy/ptII/ptolemy/domains/sdf/lib/test/auto/ComplexJoin.xml (RunModel)" time="0.046" />
  <testcase classname="ptolemy.util.test.junit.AutoTests" name="[13] /home/travis/build/icyphy/ptII/ptolemy/domains/sdf/lib/test/auto/CountTrues.xml (RunModel)" time="0.025" />
  <testcase classname="ptolemy.util.test.junit.AutoTests" name="[14] /home/travis/build/icyphy/ptII/ptolemy/domains/sdf/lib/test/auto/DelayLine.xml (RunModel)" time="0.039" />
  <testcase classname="ptolemy.util.test.junit.AutoTests" name="[15] /home/travis/build/icyphy/ptII/ptolemy/domains/sdf/lib/test/auto/DotProduct.xml (RunModel)" time="0.035" />
  <testcase classname="ptolemy.util.test.junit.AutoTests" name="[16] /home/travis/build/icyphy/ptII/ptolemy/domains/sdf/lib/test/auto/DotProductMatrix.xml (RunModel)" time="0.021" />
  <testcase classname="ptolemy.util.test.junit.AutoTests" name="[17] /home/travis/build/icyphy/ptII/ptolemy/domains/sdf/lib/test/auto/DownSample1.xml (RunModel)" time="0.027" />
  <testcase classname="ptolemy.util.test.junit.AutoTests" name="[18] /home/travis/build/icyphy/ptII/ptolemy/domains/sdf/lib/test/auto/DynamicRateChange.xml (RunModel)" time="0.045" />
  <testcase classname="ptolemy.util.test.junit.AutoTests" name="[19] /home/travis/build/icyphy/ptII/ptolemy/domains/sdf/lib/test/auto/DynamicRates.xml (RunModel)" time="0.031" />
  <testcase classname="ptolemy.util.test.junit.AutoTests" name="[20] /home/travis/build/icyphy/ptII/ptolemy/domains/sdf/lib/test/auto/FFT1.xml (RunModel)" time="0.036" />
  <testcase classname="ptolemy.util.test.junit.AutoTests" name="[21] /home/travis/build/icyphy/ptII/ptolemy/domains/sdf/lib/test/auto/FIR1.xml (RunModel)" time="0.064" />
  <testcase classname="ptolemy.util.test.junit.AutoTests" name="[22] /home/travis/build/icyphy/ptII/ptolemy/domains/sdf/lib/test/auto/FIR2.xml (RunModel)" time="0.019" />
  <testcase classname="ptolemy.util.test.junit.AutoTests" name="[23] /home/travis/build/icyphy/ptII/ptolemy/domains/sdf/lib/test/auto/FIR4.xml (RunModel)" time="0.07" />
  <testcase classname="ptolemy.util.test.junit.AutoTests" name="[24] /home/travis/build/icyphy/ptII/ptolemy/domains/sdf/lib/test/auto/FixJoin.xml (RunModel)" time="0.056" />
  <testcase classname="ptolemy.util.test.junit.AutoTests" name="[25] /home/travis/build/icyphy/ptII/ptolemy/domains/sdf/lib/test/auto/IntJoin1.xml (RunModel)" time="0.019" />
  <testcase classname="ptolemy.util.test.junit.AutoTests" name="[26] /home/travis/build/icyphy/ptII/ptolemy/domains/sdf/lib/test/auto/IntJoin2.xml (RunModel)" time="0.02" />
  <testcase classname="ptolemy.util.test.junit.AutoTests" name="[27] /home/travis/build/icyphy/ptII/ptolemy/domains/sdf/lib/test/auto/IntJoin3.xml (RunModel)" time="0.032" />
  <testcase classname="ptolemy.util.test.junit.AutoTests" name="[28] /home/travis/build/icyphy/ptII/ptolemy/domains/sdf/lib/test/auto/IntJoin4.xml (RunModel)" time="0.024" />
  <testcase classname="ptolemy.util.test.junit.AutoTests" name="[29] /home/travis/build/icyphy/ptII/ptolemy/domains/sdf/lib/test/auto/IntJoin5.xml (RunModel)" time="0.027" />
  <testcase classname="ptolemy.util.test.junit.AutoTests" name="[30] /home/travis/build/icyphy/ptII/ptolemy/domains/sdf/lib/test/auto/IntToBits.xml (RunModel)" time="0.02" />
  <testcase classname="ptolemy.util.test.junit.AutoTests" name="[31] /home/travis/build/icyphy/ptII/ptolemy/domains/sdf/lib/test/auto/LMSAdaptive.xml (RunModel)" time="0.062" />
  <testcase classname="ptolemy.util.test.junit.AutoTests" name="[32] /home/travis/build/icyphy/ptII/ptolemy/domains/sdf/lib/test/auto/LMSAdaptiveFIR.xml (RunModel)" time="0.387" />
  <testcase classname="ptolemy.util.test.junit.AutoTests" name="[33] /home/travis/build/icyphy/ptII/ptolemy/domains/sdf/lib/test/auto/LMSAdaptiveFIR2.xml (RunModel)" time="0.499" />
  <testcase classname="ptolemy.util.test.junit.AutoTests" name="[34] /home/travis/build/icyphy/ptII/ptolemy/domains/sdf/lib/test/auto/LongJoin.xml (RunModel)" time="0.031" />
  <testcase classname="ptolemy.util.test.junit.AutoTests" name="[35] /home/travis/build/icyphy/ptII/ptolemy/domains/sdf/lib/test/auto/Matrix1.xml (RunModel)" time="0.027" />
  <testcase classname="ptolemy.util.test.junit.AutoTests" name="[36] /home/travis/build/icyphy/ptII/ptolemy/domains/sdf/lib/test/auto/Matrix2.xml (RunModel)" time="0.021" />
  <testcase classname="ptolemy.util.test.junit.AutoTests" name="[37] /home/travis/build/icyphy/ptII/ptolemy/domains/sdf/lib/test/auto/MatrixJoin1.xml (RunModel)" time="0.044" />
  <testcase classname="ptolemy.util.test.junit.AutoTests" name="[38] /home/travis/build/icyphy/ptII/ptolemy/domains/sdf/lib/test/auto/MatrixJoin2.xml (RunModel)" time="0.026" />
  <testcase classname="ptolemy.util.test.junit.AutoTests" name="[39] /home/travis/build/icyphy/ptII/ptolemy/domains/sdf/lib/test/auto/MatrixJoin3.xml (RunModel)" time="0.031" />
  <testcase classname="ptolemy.util.test.junit.AutoTests" name="[40] /home/travis/build/icyphy/ptII/ptolemy/domains/sdf/lib/test/auto/MatrixJoin4.xml (RunModel)" time="0.026" />
  <testcase classname="ptolemy.util.test.junit.AutoTests" name="[41] /home/travis/build/icyphy/ptII/ptolemy/domains/sdf/lib/test/auto/MatrixJoin5.xml (RunModel)" time="0.023" />
  <testcase classname="ptolemy.util.test.junit.AutoTests" name="[42] /home/travis/build/icyphy/ptII/ptolemy/domains/sdf/lib/test/auto/MatrixSplit1.xml (RunModel)" time="0.033" />
  <testcase classname="ptolemy.util.test.junit.AutoTests" name="[43] /home/travis/build/icyphy/ptII/ptolemy/domains/sdf/lib/test/auto/MatrixSplit10.xml (RunModel)" time="0.025" />
  <testcase classname="ptolemy.util.test.junit.AutoTests" name="[44] /home/travis/build/icyphy/ptII/ptolemy/domains/sdf/lib/test/auto/MatrixSplit11.xml (RunModel)" time="0.022" />
  <testcase classname="ptolemy.util.test.junit.AutoTests" name="[45] /home/travis/build/icyphy/ptII/ptolemy/domains/sdf/lib/test/auto/MatrixSplit12.xml (RunModel)" time="0.023" />
  <testcase classname="ptolemy.util.test.junit.AutoTests" name="[46] /home/travis/build/icyphy/ptII/ptolemy/domains/sdf/lib/test/auto/MatrixSplit13.xml (RunModel)" time="0.037" />
  <testcase classname="ptolemy.util.test.junit.AutoTests" name="[47] /home/travis/build/icyphy/ptII/ptolemy/domains/sdf/lib/test/auto/MatrixSplit14.xml (RunModel)" time="0.018" />
  <testcase classname="ptolemy.util.test.junit.AutoTests" name="[48] /home/travis/build/icyphy/ptII/ptolemy/domains/sdf/lib/test/auto/MatrixSplit2.xml (RunModel)" time="0.025" />
  <testcase classname="ptolemy.util.test.junit.AutoTests" name="[49] /home/travis/build/icyphy/ptII/ptolemy/domains/sdf/lib/test/auto/MatrixSplit3.xml (RunModel)" time="0.028" />
  <testcase classname="ptolemy.util.test.junit.AutoTests" name="[50] /home/travis/build/icyphy/ptII/ptolemy/domains/sdf/lib/test/auto/MatrixSplit4.xml (RunModel)" time="0.025" />
  <testcase classname="ptolemy.util.test.junit.AutoTests" name="[51] /home/travis/build/icyphy/ptII/ptolemy/domains/sdf/lib/test/auto/MatrixSplit5.xml (RunModel)" time="0.024" />
  <testcase classname="ptolemy.util.test.junit.AutoTests" name="[52] /home/travis/build/icyphy/ptII/ptolemy/domains/sdf/lib/test/auto/MatrixSplit6.xml (RunModel)" time="0.019" />
  <testcase classname="ptolemy.util.test.junit.AutoTests" name="[53] /home/travis/build/icyphy/ptII/ptolemy/domains/sdf/lib/test/auto/MatrixSplit7.xml (RunModel)" time="0.02" />
  <testcase classname="ptolemy.util.test.junit.AutoTests" name="[54] /home/travis/build/icyphy/ptII/ptolemy/domains/sdf/lib/test/auto/MatrixSplit8.xml (RunModel)" time="0.014" />
  <testcase classname="ptolemy.util.test.junit.AutoTests" name="[55] /home/travis/build/icyphy/ptII/ptolemy/domains/sdf/lib/test/auto/MatrixSplit9.xml (RunModel)" time="0.043" />
  <testcase classname="ptolemy.util.test.junit.AutoTests" name="[56] /home/travis/build/icyphy/ptII/ptolemy/domains/sdf/lib/test/auto/MatrixToSequence.xml (RunModel)" time="0.088" />
  <testcase classname="ptolemy.util.test.junit.AutoTests" name="[57] /home/travis/build/icyphy/ptII/ptolemy/domains/sdf/lib/test/auto/MaximumEntropySpectrum.xml (RunModel)" time="0.082" />
  <testcase classname="ptolemy.util.test.junit.AutoTests" name="[58] /home/travis/build/icyphy/ptII/ptolemy/domains/sdf/lib/test/auto/SampleDelayConversion.xml (RunModel)" time="0.023" />
  <testcase classname="ptolemy.util.test.junit.AutoTests" name="[59] /home/travis/build/icyphy/ptII/ptolemy/domains/sdf/lib/test/auto/SequenceToArray.xml (RunModel)" time="0.054" />
  <testcase classname="ptolemy.util.test.junit.AutoTests" name="[60] /home/travis/build/icyphy/ptII/ptolemy/domains/sdf/lib/test/auto/SequenceToMatrix.xml (RunModel)" time="4.344" />
  <testcase classname="ptolemy.util.test.junit.AutoTests" name="[61] /home/travis/build/icyphy/ptII/ptolemy/domains/sdf/lib/test/auto/SmoothedPeriodogram.xml (RunModel)" time="0.073" />
  <testcase classname="ptolemy.util.test.junit.AutoTests" name="[62] /home/travis/build/icyphy/ptII/ptolemy/domains/sdf/lib/test/auto/UpDownSample1.xml (RunModel)" time="0.033" />
  <testcase classname="ptolemy.util.test.junit.AutoTests" name="[63] /home/travis/build/icyphy/ptII/ptolemy/domains/sdf/lib/test/auto/UpSample1.xml (RunModel)" time="0.027" />
  <testcase classname="ptolemy.util.test.junit.AutoTests" name="[64] /home/travis/build/icyphy/ptII/ptolemy/domains/sdf/lib/test/auto/VariableFIR.xml (RunModel)" time="0.021" />
  <testcase classname="ptolemy.util.test.junit.AutoTests" name="[65] /home/travis/build/icyphy/ptII/ptolemy/domains/sdf/lib/test/auto/VariableFIR2.xml (RunModel)" time="0.026" />
  <testcase classname="ptolemy.util.test.junit.AutoTests" name="[66] /home/travis/build/icyphy/ptII/ptolemy/domains/sdf/lib/test/auto/VariableLattice.xml (RunModel)" time="0.044" />
  <testcase classname="ptolemy.util.test.junit.AutoTests" name="[67] /home/travis/build/icyphy/ptII/ptolemy/domains/sdf/lib/test/auto/VariableLattice2.xml (RunModel)" time="0.026" />
  <testcase classname="ptolemy.util.test.junit.AutoTests" name="[68] /home/travis/build/icyphy/ptII/ptolemy/domains/sdf/lib/test/auto/VariableRecursiveLattice.xml (RunModel)" time="0.021" />
  <testcase classname="ptolemy.util.test.junit.AutoTests" name="[69] /home/travis/build/icyphy/ptII/ptolemy/domains/sdf/lib/test/auto/VariableRecursiveLattice2.xml (RunModel)" time="0.031" />
  <system-out><![CDATA[/home/travis/build/icyphy/ptII/ptolemy/domains/sdf/lib/test/ArrayToSequence.tcl
testDefs.tcl: setting time out to 9000 seconds at Tue Jun 11 04:36:48 UTC 2019
50 ms. Memory: 116224K Free: 86964K (75%)
17 ms. Memory: 116224K Free: 85719K (74%)
13 ms. Memory: 116224K Free: 109508K (94%)
20 ms. Memory: 116224K Free: 108293K (93%)
/home/travis/build/icyphy/ptII/ptolemy/domains/sdf/lib/test/BitsToInt.tcl
9 ms. Memory: 116224K Free: 106490K (92%)
6 ms. Memory: 116224K Free: 104680K (90%)
/home/travis/build/icyphy/ptII/ptolemy/domains/sdf/lib/test/DelayLine.tcl
6 ms. Memory: 116224K Free: 102862K (89%)
/home/travis/build/icyphy/ptII/ptolemy/domains/sdf/lib/test/FFT.tcl
5 ms. Memory: 116224K Free: 101060K (87%)
/home/travis/build/icyphy/ptII/ptolemy/domains/sdf/lib/test/FIR.tcl
21 ms. Memory: 116224K Free: 99266K (85%)
8 ms. Memory: 116224K Free: 98075K (84%)
ptolemy.kernel.util.IllegalActionException: multiplyReverse method not supported between ptolemy.data.FixToken 'fix(-0.0625,6,2)' and ptolemy.data.IntToken '1' because the types are incomparable.
  in .top.FIRclone
Because:
multiplyReverse method not supported between ptolemy.data.FixToken 'fix(-0.0625,6,2)' and ptolemy.data.IntToken '1' because the types are incomparable.
24 ms. Memory: 116224K Free: 95629K (82%)
/home/travis/build/icyphy/ptII/ptolemy/domains/sdf/lib/test/IntToBits.tcl
3 ms. Memory: 116224K Free: 94439K (81%)
17 ms. Memory: 116224K Free: 92652K (80%)
/home/travis/build/icyphy/ptII/ptolemy/domains/sdf/lib/test/MaximumEntropySpectrum.tcl
/home/travis/build/icyphy/ptII/ptolemy/domains/sdf/lib/test/Repeat.tcl
7 ms. Memory: 116224K Free: 93600K (81%)
/home/travis/build/icyphy/ptII/ptolemy/domains/sdf/lib/test/SampleDelay.tcl
8 ms. Memory: 116224K Free: 91778K (79%)
4 ms. Memory: 116224K Free: 90574K (78%)
3 ms. Memory: 116224K Free: 89956K (77%)
4 ms. Memory: 116224K Free: 89353K (77%)
2 ms. Memory: 116224K Free: 88751K (76%)
2 ms. Memory: 116224K Free: 87519K (75%)
/home/travis/build/icyphy/ptII/ptolemy/domains/sdf/lib/test/SequenceToArray.tcl
5 ms. Memory: 116224K Free: 85696K (74%)
5 ms. Memory: 116224K Free: 85078K (73%)
5 ms. Memory: 116224K Free: 83264K (72%)
7 ms. Memory: 116224K Free: 82646K (71%)
06/11/19 04:36:49
Failed: 0  Total Tests: 41  ((Passed: 41, Newly Passed: 0)  Known Failed: 0) /home/travis/build/icyphy/ptII/ptolemy/domains/sdf/lib/test
No auto/knownFailedTests/*.xml tests in /home/travis/build/icyphy/ptII/ptolemy/domains/sdf/lib/test
No auto/linux-amd64/*.xml tests in /home/travis/build/icyphy/ptII/ptolemy/domains/sdf/lib/test
AutoTests.java: About to close Vertx.
AutoTests.java: Vertx closed.

===========================================================================================
----------------- testing Tue Jun 11 04:36:49 UTC 2019 /home/travis/build/icyphy/ptII/ptolemy/domains/sdf/lib/test/auto/ArrayToSequence.xml
----------------- Instantiating /home/travis/build/icyphy/ptII/ptolemy/domains/sdf/lib/test/auto/ArrayToSequence.xml
58 ms. Memory: 146944K Free: 137972K (94%)
----------------- Invoking toplevel() on ptolemy.moml.MoMLSimpleApplication@6081f84
----------------- Done invoking toplevel() on ptolemy.moml.MoMLSimpleApplication@6081f84
reloadAllAccessors: .ArrayToSequence

===========================================================================================
----------------- testing Tue Jun 11 04:36:50 UTC 2019 /home/travis/build/icyphy/ptII/ptolemy/domains/sdf/lib/test/auto/ArrayToSequenceTest.xml
----------------- Instantiating /home/travis/build/icyphy/ptII/ptolemy/domains/sdf/lib/test/auto/ArrayToSequenceTest.xml
14 ms. Memory: 146944K Free: 130683K (89%)
----------------- Invoking toplevel() on ptolemy.moml.MoMLSimpleApplication@1ef1309e
----------------- Done invoking toplevel() on ptolemy.moml.MoMLSimpleApplication@1ef1309e
reloadAllAccessors: .ArrayToSequenceTest

===========================================================================================
----------------- testing Tue Jun 11 04:36:50 UTC 2019 /home/travis/build/icyphy/ptII/ptolemy/domains/sdf/lib/test/auto/Autocorrelation.xml
----------------- Instantiating /home/travis/build/icyphy/ptII/ptolemy/domains/sdf/lib/test/auto/Autocorrelation.xml
5 ms. Memory: 146944K Free: 126465K (86%)
----------------- Invoking toplevel() on ptolemy.moml.MoMLSimpleApplication@3e3d0ea1
----------------- Done invoking toplevel() on ptolemy.moml.MoMLSimpleApplication@3e3d0ea1
reloadAllAccessors: .Autocorrelation

===========================================================================================
----------------- testing Tue Jun 11 04:36:50 UTC 2019 /home/travis/build/icyphy/ptII/ptolemy/domains/sdf/lib/test/auto/Autocorrelation2.xml
----------------- Instantiating /home/travis/build/icyphy/ptII/ptolemy/domains/sdf/lib/test/auto/Autocorrelation2.xml
4 ms. Memory: 146944K Free: 121236K (83%)
----------------- Invoking toplevel() on ptolemy.moml.MoMLSimpleApplication@c70bb05
----------------- Done invoking toplevel() on ptolemy.moml.MoMLSimpleApplication@c70bb05
reloadAllAccessors: .Autocorrelation2

===========================================================================================
----------------- testing Tue Jun 11 04:36:50 UTC 2019 /home/travis/build/icyphy/ptII/ptolemy/domains/sdf/lib/test/auto/Autocorrelation3.xml
----------------- Instantiating /home/travis/build/icyphy/ptII/ptolemy/domains/sdf/lib/test/auto/Autocorrelation3.xml
4 ms. Memory: 146944K Free: 117413K (80%)
----------------- Invoking toplevel() on ptolemy.moml.MoMLSimpleApplication@20a47406
----------------- Done invoking toplevel() on ptolemy.moml.MoMLSimpleApplication@20a47406
reloadAllAccessors: .Autocorrelation3

===========================================================================================
----------------- testing Tue Jun 11 04:36:50 UTC 2019 /home/travis/build/icyphy/ptII/ptolemy/domains/sdf/lib/test/auto/Autocorrelation4.xml
----------------- Instantiating /home/travis/build/icyphy/ptII/ptolemy/domains/sdf/lib/test/auto/Autocorrelation4.xml
3 ms. Memory: 146944K Free: 112943K (77%)
----------------- Invoking toplevel() on ptolemy.moml.MoMLSimpleApplication@42fd9f8e
----------------- Done invoking toplevel() on ptolemy.moml.MoMLSimpleApplication@42fd9f8e
reloadAllAccessors: .Autocorrelation4

===========================================================================================
----------------- testing Tue Jun 11 04:36:50 UTC 2019 /home/travis/build/icyphy/ptII/ptolemy/domains/sdf/lib/test/auto/Autocorrelation5.xml
----------------- Instantiating /home/travis/build/icyphy/ptII/ptolemy/domains/sdf/lib/test/auto/Autocorrelation5.xml
38 ms. Memory: 146944K Free: 104738K (71%)
----------------- Invoking toplevel() on ptolemy.moml.MoMLSimpleApplication@2480183f
----------------- Done invoking toplevel() on ptolemy.moml.MoMLSimpleApplication@2480183f
reloadAllAccessors: .Autocorrelation5

===========================================================================================
----------------- testing Tue Jun 11 04:36:50 UTC 2019 /home/travis/build/icyphy/ptII/ptolemy/domains/sdf/lib/test/auto/BitsToInt.xml
----------------- Instantiating /home/travis/build/icyphy/ptII/ptolemy/domains/sdf/lib/test/auto/BitsToInt.xml
6 ms. Memory: 146944K Free: 101535K (69%)
----------------- Invoking toplevel() on ptolemy.moml.MoMLSimpleApplication@26fe65d
----------------- Done invoking toplevel() on ptolemy.moml.MoMLSimpleApplication@26fe65d
reloadAllAccessors: .BitsToInt

===========================================================================================
----------------- testing Tue Jun 11 04:36:50 UTC 2019 /home/travis/build/icyphy/ptII/ptolemy/domains/sdf/lib/test/auto/BooleanJoin.xml
----------------- Instantiating /home/travis/build/icyphy/ptII/ptolemy/domains/sdf/lib/test/auto/BooleanJoin.xml
4 ms. Memory: 146944K Free: 97010K (66%)
----------------- Invoking toplevel() on ptolemy.moml.MoMLSimpleApplication@7b001725
----------------- Done invoking toplevel() on ptolemy.moml.MoMLSimpleApplication@7b001725
reloadAllAccessors: .BooleanJoin

===========================================================================================
----------------- testing Tue Jun 11 04:36:50 UTC 2019 /home/travis/build/icyphy/ptII/ptolemy/domains/sdf/lib/test/auto/BootstrapSampleDelay.xml
----------------- Instantiating /home/travis/build/icyphy/ptII/ptolemy/domains/sdf/lib/test/auto/BootstrapSampleDelay.xml
9 ms. Memory: 146944K Free: 92208K (63%)
----------------- Invoking toplevel() on ptolemy.moml.MoMLSimpleApplication@13f9f4b0
----------------- Done invoking toplevel() on ptolemy.moml.MoMLSimpleApplication@13f9f4b0
reloadAllAccessors: .BootstrapSampleDelay

===========================================================================================
----------------- testing Tue Jun 11 04:36:50 UTC 2019 /home/travis/build/icyphy/ptII/ptolemy/domains/sdf/lib/test/auto/Chop.xml
----------------- Instantiating /home/travis/build/icyphy/ptII/ptolemy/domains/sdf/lib/test/auto/Chop.xml
8 ms. Memory: 146944K Free: 84853K (58%)
----------------- Invoking toplevel() on ptolemy.moml.MoMLSimpleApplication@523e5124
----------------- Done invoking toplevel() on ptolemy.moml.MoMLSimpleApplication@523e5124
reloadAllAccessors: .Chop

===========================================================================================
----------------- testing Tue Jun 11 04:36:50 UTC 2019 /home/travis/build/icyphy/ptII/ptolemy/domains/sdf/lib/test/auto/Chop2.xml
----------------- Instantiating /home/travis/build/icyphy/ptII/ptolemy/domains/sdf/lib/test/auto/Chop2.xml
12 ms. Memory: 146944K Free: 78412K (53%)
----------------- Invoking toplevel() on ptolemy.moml.MoMLSimpleApplication@562e3c82
----------------- Done invoking toplevel() on ptolemy.moml.MoMLSimpleApplication@562e3c82
reloadAllAccessors: .Chop2

===========================================================================================
----------------- testing Tue Jun 11 04:36:50 UTC 2019 /home/travis/build/icyphy/ptII/ptolemy/domains/sdf/lib/test/auto/ComplexJoin.xml
----------------- Instantiating /home/travis/build/icyphy/ptII/ptolemy/domains/sdf/lib/test/auto/ComplexJoin.xml
3 ms. Memory: 146944K Free: 134831K (92%)
----------------- Invoking toplevel() on ptolemy.moml.MoMLSimpleApplication@23f7bafa
----------------- Done invoking toplevel() on ptolemy.moml.MoMLSimpleApplication@23f7bafa
reloadAllAccessors: .ComplexJoin

===========================================================================================
----------------- testing Tue Jun 11 04:36:50 UTC 2019 /home/travis/build/icyphy/ptII/ptolemy/domains/sdf/lib/test/auto/CountTrues.xml
----------------- Instantiating /home/travis/build/icyphy/ptII/ptolemy/domains/sdf/lib/test/auto/CountTrues.xml
2 ms. Memory: 146944K Free: 130767K (89%)
----------------- Invoking toplevel() on ptolemy.moml.MoMLSimpleApplication@18e9968b
----------------- Done invoking toplevel() on ptolemy.moml.MoMLSimpleApplication@18e9968b
reloadAllAccessors: .CountTrues

===========================================================================================
----------------- testing Tue Jun 11 04:36:50 UTC 2019 /home/travis/build/icyphy/ptII/ptolemy/domains/sdf/lib/test/auto/DelayLine.xml
----------------- Instantiating /home/travis/build/icyphy/ptII/ptolemy/domains/sdf/lib/test/auto/DelayLine.xml
7 ms. Memory: 146944K Free: 124638K (85%)
----------------- Invoking toplevel() on ptolemy.moml.MoMLSimpleApplication@57509f63
----------------- Done invoking toplevel() on ptolemy.moml.MoMLSimpleApplication@57509f63
reloadAllAccessors: .DelayLine

===========================================================================================
----------------- testing Tue Jun 11 04:36:50 UTC 2019 /home/travis/build/icyphy/ptII/ptolemy/domains/sdf/lib/test/auto/DotProduct.xml
----------------- Instantiating /home/travis/build/icyphy/ptII/ptolemy/domains/sdf/lib/test/auto/DotProduct.xml
3 ms. Memory: 146944K Free: 121193K (82%)
----------------- Invoking toplevel() on ptolemy.moml.MoMLSimpleApplication@917931
----------------- Done invoking toplevel() on ptolemy.moml.MoMLSimpleApplication@917931
reloadAllAccessors: .DotProduct

===========================================================================================
----------------- testing Tue Jun 11 04:36:50 UTC 2019 /home/travis/build/icyphy/ptII/ptolemy/domains/sdf/lib/test/auto/DotProductMatrix.xml
----------------- Instantiating /home/travis/build/icyphy/ptII/ptolemy/domains/sdf/lib/test/auto/DotProductMatrix.xml
4 ms. Memory: 146944K Free: 117602K (80%)
----------------- Invoking toplevel() on ptolemy.moml.MoMLSimpleApplication@555006fa
----------------- Done invoking toplevel() on ptolemy.moml.MoMLSimpleApplication@555006fa
reloadAllAccessors: .DotProductMatrix

===========================================================================================
----------------- testing Tue Jun 11 04:36:50 UTC 2019 /home/travis/build/icyphy/ptII/ptolemy/domains/sdf/lib/test/auto/DownSample1.xml
----------------- Instantiating /home/travis/build/icyphy/ptII/ptolemy/domains/sdf/lib/test/auto/DownSample1.xml
6 ms. Memory: 146944K Free: 114213K (78%)
----------------- Invoking toplevel() on ptolemy.moml.MoMLSimpleApplication@144412c1
----------------- Done invoking toplevel() on ptolemy.moml.MoMLSimpleApplication@144412c1
reloadAllAccessors: .DownSample1

===========================================================================================
----------------- testing Tue Jun 11 04:36:50 UTC 2019 /home/travis/build/icyphy/ptII/ptolemy/domains/sdf/lib/test/auto/DynamicRateChange.xml
----------------- Instantiating /home/travis/build/icyphy/ptII/ptolemy/domains/sdf/lib/test/auto/DynamicRateChange.xml
16 ms. Memory: 146944K Free: 107313K (73%)
----------------- Invoking toplevel() on ptolemy.moml.MoMLSimpleApplication@26750550
----------------- Done invoking toplevel() on ptolemy.moml.MoMLSimpleApplication@26750550
reloadAllAccessors: .DynamicRateChange

===========================================================================================
----------------- testing Tue Jun 11 04:36:50 UTC 2019 /home/travis/build/icyphy/ptII/ptolemy/domains/sdf/lib/test/auto/DynamicRates.xml
----------------- Instantiating /home/travis/build/icyphy/ptII/ptolemy/domains/sdf/lib/test/auto/DynamicRates.xml
11 ms. Memory: 146944K Free: 102309K (70%)
----------------- Invoking toplevel() on ptolemy.moml.MoMLSimpleApplication@26270c23
----------------- Done invoking toplevel() on ptolemy.moml.MoMLSimpleApplication@26270c23
reloadAllAccessors: .DynamicRates

===========================================================================================
----------------- testing Tue Jun 11 04:36:50 UTC 2019 /home/travis/build/icyphy/ptII/ptolemy/domains/sdf/lib/test/auto/FFT1.xml
----------------- Instantiating /home/travis/build/icyphy/ptII/ptolemy/domains/sdf/lib/test/auto/FFT1.xml
9 ms. Memory: 146944K Free: 96999K (66%)
----------------- Invoking toplevel() on ptolemy.moml.MoMLSimpleApplication@94a8773
----------------- Done invoking toplevel() on ptolemy.moml.MoMLSimpleApplication@94a8773
reloadAllAccessors: .FFT1

===========================================================================================
----------------- testing Tue Jun 11 04:36:50 UTC 2019 /home/travis/build/icyphy/ptII/ptolemy/domains/sdf/lib/test/auto/FIR1.xml
----------------- Instantiating /home/travis/build/icyphy/ptII/ptolemy/domains/sdf/lib/test/auto/FIR1.xml
29 ms. Memory: 146944K Free: 89836K (61%)
----------------- Invoking toplevel() on ptolemy.moml.MoMLSimpleApplication@76703f2f
----------------- Done invoking toplevel() on ptolemy.moml.MoMLSimpleApplication@76703f2f
reloadAllAccessors: .FIR1

===========================================================================================
----------------- testing Tue Jun 11 04:36:51 UTC 2019 /home/travis/build/icyphy/ptII/ptolemy/domains/sdf/lib/test/auto/FIR2.xml
----------------- Instantiating /home/travis/build/icyphy/ptII/ptolemy/domains/sdf/lib/test/auto/FIR2.xml
3 ms. Memory: 146944K Free: 85394K (58%)
----------------- Invoking toplevel() on ptolemy.moml.MoMLSimpleApplication@3fedd957
----------------- Done invoking toplevel() on ptolemy.moml.MoMLSimpleApplication@3fedd957
reloadAllAccessors: .FIR2

===========================================================================================
----------------- testing Tue Jun 11 04:36:51 UTC 2019 /home/travis/build/icyphy/ptII/ptolemy/domains/sdf/lib/test/auto/FIR4.xml
----------------- Instantiating /home/travis/build/icyphy/ptII/ptolemy/domains/sdf/lib/test/auto/FIR4.xml
26 ms. Memory: 209920K Free: 201496K (96%)
----------------- Invoking toplevel() on ptolemy.moml.MoMLSimpleApplication@6a5698a3
----------------- Done invoking toplevel() on ptolemy.moml.MoMLSimpleApplication@6a5698a3
reloadAllAccessors: .FIR4

===========================================================================================
----------------- testing Tue Jun 11 04:36:51 UTC 2019 /home/travis/build/icyphy/ptII/ptolemy/domains/sdf/lib/test/auto/FixJoin.xml
----------------- Instantiating /home/travis/build/icyphy/ptII/ptolemy/domains/sdf/lib/test/auto/FixJoin.xml
3 ms. Memory: 209920K Free: 194833K (93%)
----------------- Invoking toplevel() on ptolemy.moml.MoMLSimpleApplication@3bc8ec7b
----------------- Done invoking toplevel() on ptolemy.moml.MoMLSimpleApplication@3bc8ec7b
reloadAllAccessors: .FixJoin

===========================================================================================
----------------- testing Tue Jun 11 04:36:51 UTC 2019 /home/travis/build/icyphy/ptII/ptolemy/domains/sdf/lib/test/auto/IntJoin1.xml
----------------- Instantiating /home/travis/build/icyphy/ptII/ptolemy/domains/sdf/lib/test/auto/IntJoin1.xml
3 ms. Memory: 209920K Free: 190452K (91%)
----------------- Invoking toplevel() on ptolemy.moml.MoMLSimpleApplication@2f9677d7
----------------- Done invoking toplevel() on ptolemy.moml.MoMLSimpleApplication@2f9677d7
reloadAllAccessors: .IntJoin1

===========================================================================================
----------------- testing Tue Jun 11 04:36:51 UTC 2019 /home/travis/build/icyphy/ptII/ptolemy/domains/sdf/lib/test/auto/IntJoin2.xml
----------------- Instantiating /home/travis/build/icyphy/ptII/ptolemy/domains/sdf/lib/test/auto/IntJoin2.xml
3 ms. Memory: 209920K Free: 185073K (88%)
----------------- Invoking toplevel() on ptolemy.moml.MoMLSimpleApplication@709322a0
----------------- Done invoking toplevel() on ptolemy.moml.MoMLSimpleApplication@709322a0
reloadAllAccessors: .IntJoin2

===========================================================================================
----------------- testing Tue Jun 11 04:36:51 UTC 2019 /home/travis/build/icyphy/ptII/ptolemy/domains/sdf/lib/test/auto/IntJoin3.xml
----------------- Instantiating /home/travis/build/icyphy/ptII/ptolemy/domains/sdf/lib/test/auto/IntJoin3.xml
4 ms. Memory: 209920K Free: 180692K (86%)
----------------- Invoking toplevel() on ptolemy.moml.MoMLSimpleApplication@29502a9d
----------------- Done invoking toplevel() on ptolemy.moml.MoMLSimpleApplication@29502a9d
reloadAllAccessors: .IntJoin3

===========================================================================================
----------------- testing Tue Jun 11 04:36:51 UTC 2019 /home/travis/build/icyphy/ptII/ptolemy/domains/sdf/lib/test/auto/IntJoin4.xml
----------------- Instantiating /home/travis/build/icyphy/ptII/ptolemy/domains/sdf/lib/test/auto/IntJoin4.xml
5 ms. Memory: 209920K Free: 176295K (84%)
----------------- Invoking toplevel() on ptolemy.moml.MoMLSimpleApplication@71c5acd9
----------------- Done invoking toplevel() on ptolemy.moml.MoMLSimpleApplication@71c5acd9
reloadAllAccessors: .IntJoin4

===========================================================================================
----------------- testing Tue Jun 11 04:36:51 UTC 2019 /home/travis/build/icyphy/ptII/ptolemy/domains/sdf/lib/test/auto/IntJoin5.xml
----------------- Instantiating /home/travis/build/icyphy/ptII/ptolemy/domains/sdf/lib/test/auto/IntJoin5.xml
5 ms. Memory: 209920K Free: 170981K (81%)
----------------- Invoking toplevel() on ptolemy.moml.MoMLSimpleApplication@3293251f
----------------- Done invoking toplevel() on ptolemy.moml.MoMLSimpleApplication@3293251f
reloadAllAccessors: .IntJoin5

===========================================================================================
----------------- testing Tue Jun 11 04:36:51 UTC 2019 /home/travis/build/icyphy/ptII/ptolemy/domains/sdf/lib/test/auto/IntToBits.xml
----------------- Instantiating /home/travis/build/icyphy/ptII/ptolemy/domains/sdf/lib/test/auto/IntToBits.xml
9 ms. Memory: 209920K Free: 167909K (80%)
----------------- Invoking toplevel() on ptolemy.moml.MoMLSimpleApplication@5de2b06f
----------------- Done invoking toplevel() on ptolemy.moml.MoMLSimpleApplication@5de2b06f
reloadAllAccessors: .IntToBits

===========================================================================================
----------------- testing Tue Jun 11 04:36:51 UTC 2019 /home/travis/build/icyphy/ptII/ptolemy/domains/sdf/lib/test/auto/LMSAdaptive.xml
----------------- Instantiating /home/travis/build/icyphy/ptII/ptolemy/domains/sdf/lib/test/auto/LMSAdaptive.xml
13 ms. Memory: 209920K Free: 158325K (75%)
----------------- Invoking toplevel() on ptolemy.moml.MoMLSimpleApplication@5ce125d
----------------- Done invoking toplevel() on ptolemy.moml.MoMLSimpleApplication@5ce125d
reloadAllAccessors: .LMSAdaptive

===========================================================================================
----------------- testing Tue Jun 11 04:36:51 UTC 2019 /home/travis/build/icyphy/ptII/ptolemy/domains/sdf/lib/test/auto/LMSAdaptiveFIR.xml
----------------- Instantiating /home/travis/build/icyphy/ptII/ptolemy/domains/sdf/lib/test/auto/LMSAdaptiveFIR.xml
288 ms. Memory: 209920K Free: 118987K (57%)
----------------- Invoking toplevel() on ptolemy.moml.MoMLSimpleApplication@2f900a19
----------------- Done invoking toplevel() on ptolemy.moml.MoMLSimpleApplication@2f900a19
reloadAllAccessors: .LMSAdaptiveFIR

===========================================================================================
----------------- testing Tue Jun 11 04:36:51 UTC 2019 /home/travis/build/icyphy/ptII/ptolemy/domains/sdf/lib/test/auto/LMSAdaptiveFIR2.xml
----------------- Instantiating /home/travis/build/icyphy/ptII/ptolemy/domains/sdf/lib/test/auto/LMSAdaptiveFIR2.xml
391 ms. Memory: 210432K Free: 180279K (86%)
----------------- Invoking toplevel() on ptolemy.moml.MoMLSimpleApplication@17c768df
----------------- Done invoking toplevel() on ptolemy.moml.MoMLSimpleApplication@17c768df
reloadAllAccessors: .LMSAdaptiveFIR2

===========================================================================================
----------------- testing Tue Jun 11 04:36:52 UTC 2019 /home/travis/build/icyphy/ptII/ptolemy/domains/sdf/lib/test/auto/LongJoin.xml
----------------- Instantiating /home/travis/build/icyphy/ptII/ptolemy/domains/sdf/lib/test/auto/LongJoin.xml
5 ms. Memory: 210432K Free: 174788K (83%)
----------------- Invoking toplevel() on ptolemy.moml.MoMLSimpleApplication@6bf03fc5
----------------- Done invoking toplevel() on ptolemy.moml.MoMLSimpleApplication@6bf03fc5
reloadAllAccessors: .LongJoin

===========================================================================================
----------------- testing Tue Jun 11 04:36:52 UTC 2019 /home/travis/build/icyphy/ptII/ptolemy/domains/sdf/lib/test/auto/Matrix1.xml
----------------- Instantiating /home/travis/build/icyphy/ptII/ptolemy/domains/sdf/lib/test/auto/Matrix1.xml
3 ms. Memory: 210432K Free: 169840K (81%)
----------------- Invoking toplevel() on ptolemy.moml.MoMLSimpleApplication@320d724c
----------------- Done invoking toplevel() on ptolemy.moml.MoMLSimpleApplication@320d724c
reloadAllAccessors: .Matrix1

===========================================================================================
----------------- testing Tue Jun 11 04:36:52 UTC 2019 /home/travis/build/icyphy/ptII/ptolemy/domains/sdf/lib/test/auto/Matrix2.xml
----------------- Instantiating /home/travis/build/icyphy/ptII/ptolemy/domains/sdf/lib/test/auto/Matrix2.xml
4 ms. Memory: 210432K Free: 165491K (79%)
----------------- Invoking toplevel() on ptolemy.moml.MoMLSimpleApplication@3f00748
----------------- Done invoking toplevel() on ptolemy.moml.MoMLSimpleApplication@3f00748
reloadAllAccessors: .Matrix2

===========================================================================================
----------------- testing Tue Jun 11 04:36:52 UTC 2019 /home/travis/build/icyphy/ptII/ptolemy/domains/sdf/lib/test/auto/MatrixJoin1.xml
----------------- Instantiating /home/travis/build/icyphy/ptII/ptolemy/domains/sdf/lib/test/auto/MatrixJoin1.xml
4 ms. Memory: 210432K Free: 160446K (76%)
----------------- Invoking toplevel() on ptolemy.moml.MoMLSimpleApplication@7a424621
----------------- Done invoking toplevel() on ptolemy.moml.MoMLSimpleApplication@7a424621
reloadAllAccessors: .MatrixJoin1

===========================================================================================
----------------- testing Tue Jun 11 04:36:52 UTC 2019 /home/travis/build/icyphy/ptII/ptolemy/domains/sdf/lib/test/auto/MatrixJoin2.xml
----------------- Instantiating /home/travis/build/icyphy/ptII/ptolemy/domains/sdf/lib/test/auto/MatrixJoin2.xml
5 ms. Memory: 210432K Free: 155417K (74%)
----------------- Invoking toplevel() on ptolemy.moml.MoMLSimpleApplication@cb09169
----------------- Done invoking toplevel() on ptolemy.moml.MoMLSimpleApplication@cb09169
reloadAllAccessors: .MatrixJoin2

===========================================================================================
----------------- testing Tue Jun 11 04:36:52 UTC 2019 /home/travis/build/icyphy/ptII/ptolemy/domains/sdf/lib/test/auto/MatrixJoin3.xml
----------------- Instantiating /home/travis/build/icyphy/ptII/ptolemy/domains/sdf/lib/test/auto/MatrixJoin3.xml
5 ms. Memory: 210432K Free: 151036K (72%)
----------------- Invoking toplevel() on ptolemy.moml.MoMLSimpleApplication@56527275
----------------- Done invoking toplevel() on ptolemy.moml.MoMLSimpleApplication@56527275
reloadAllAccessors: .MatrixJoin3

===========================================================================================
----------------- testing Tue Jun 11 04:36:52 UTC 2019 /home/travis/build/icyphy/ptII/ptolemy/domains/sdf/lib/test/auto/MatrixJoin4.xml
----------------- Instantiating /home/travis/build/icyphy/ptII/ptolemy/domains/sdf/lib/test/auto/MatrixJoin4.xml
3 ms. Memory: 210432K Free: 146023K (69%)
----------------- Invoking toplevel() on ptolemy.moml.MoMLSimpleApplication@37b863f2
----------------- Done invoking toplevel() on ptolemy.moml.MoMLSimpleApplication@37b863f2
reloadAllAccessors: .MatrixJoin4

===========================================================================================
----------------- testing Tue Jun 11 04:36:52 UTC 2019 /home/travis/build/icyphy/ptII/ptolemy/domains/sdf/lib/test/auto/MatrixJoin5.xml
----------------- Instantiating /home/travis/build/icyphy/ptII/ptolemy/domains/sdf/lib/test/auto/MatrixJoin5.xml
3 ms. Memory: 210432K Free: 141658K (67%)
----------------- Invoking toplevel() on ptolemy.moml.MoMLSimpleApplication@27848f59
----------------- Done invoking toplevel() on ptolemy.moml.MoMLSimpleApplication@27848f59
reloadAllAccessors: .MatrixJoin5

===========================================================================================
----------------- testing Tue Jun 11 04:36:52 UTC 2019 /home/travis/build/icyphy/ptII/ptolemy/domains/sdf/lib/test/auto/MatrixSplit1.xml
----------------- Instantiating /home/travis/build/icyphy/ptII/ptolemy/domains/sdf/lib/test/auto/MatrixSplit1.xml
2 ms. Memory: 210432K Free: 135464K (64%)
----------------- Invoking toplevel() on ptolemy.moml.MoMLSimpleApplication@253a427e
----------------- Done invoking toplevel() on ptolemy.moml.MoMLSimpleApplication@253a427e
reloadAllAccessors: .MatrixSplit1

===========================================================================================
----------------- testing Tue Jun 11 04:36:52 UTC 2019 /home/travis/build/icyphy/ptII/ptolemy/domains/sdf/lib/test/auto/MatrixSplit10.xml
----------------- Instantiating /home/travis/build/icyphy/ptII/ptolemy/domains/sdf/lib/test/auto/MatrixSplit10.xml
4 ms. Memory: 210432K Free: 131073K (62%)
----------------- Invoking toplevel() on ptolemy.moml.MoMLSimpleApplication@3ab48e68
----------------- Done invoking toplevel() on ptolemy.moml.MoMLSimpleApplication@3ab48e68
reloadAllAccessors: .MatrixSplit10

===========================================================================================
----------------- testing Tue Jun 11 04:36:52 UTC 2019 /home/travis/build/icyphy/ptII/ptolemy/domains/sdf/lib/test/auto/MatrixSplit11.xml
----------------- Instantiating /home/travis/build/icyphy/ptII/ptolemy/domains/sdf/lib/test/auto/MatrixSplit11.xml
2 ms. Memory: 210432K Free: 127363K (61%)
----------------- Invoking toplevel() on ptolemy.moml.MoMLSimpleApplication@7528f1b3
----------------- Done invoking toplevel() on ptolemy.moml.MoMLSimpleApplication@7528f1b3
reloadAllAccessors: .MatrixSplit11

===========================================================================================
----------------- testing Tue Jun 11 04:36:52 UTC 2019 /home/travis/build/icyphy/ptII/ptolemy/domains/sdf/lib/test/auto/MatrixSplit12.xml
----------------- Instantiating /home/travis/build/icyphy/ptII/ptolemy/domains/sdf/lib/test/auto/MatrixSplit12.xml
3 ms. Memory: 210432K Free: 123021K (58%)
----------------- Invoking toplevel() on ptolemy.moml.MoMLSimpleApplication@2a57ecc9
----------------- Done invoking toplevel() on ptolemy.moml.MoMLSimpleApplication@2a57ecc9
reloadAllAccessors: .MatrixSplit12

===========================================================================================
----------------- testing Tue Jun 11 04:36:52 UTC 2019 /home/travis/build/icyphy/ptII/ptolemy/domains/sdf/lib/test/auto/MatrixSplit13.xml
----------------- Instantiating /home/travis/build/icyphy/ptII/ptolemy/domains/sdf/lib/test/auto/MatrixSplit13.xml
2 ms. Memory: 210432K Free: 119326K (57%)
----------------- Invoking toplevel() on ptolemy.moml.MoMLSimpleApplication@1cf9c483
----------------- Done invoking toplevel() on ptolemy.moml.MoMLSimpleApplication@1cf9c483
reloadAllAccessors: .MatrixSplit13

===========================================================================================
----------------- testing Tue Jun 11 04:36:52 UTC 2019 /home/travis/build/icyphy/ptII/ptolemy/domains/sdf/lib/test/auto/MatrixSplit14.xml
----------------- Instantiating /home/travis/build/icyphy/ptII/ptolemy/domains/sdf/lib/test/auto/MatrixSplit14.xml
2 ms. Memory: 210432K Free: 114984K (55%)
----------------- Invoking toplevel() on ptolemy.moml.MoMLSimpleApplication@1553dcdf
----------------- Done invoking toplevel() on ptolemy.moml.MoMLSimpleApplication@1553dcdf
reloadAllAccessors: .MatrixSplit14

===========================================================================================
----------------- testing Tue Jun 11 04:36:52 UTC 2019 /home/travis/build/icyphy/ptII/ptolemy/domains/sdf/lib/test/auto/MatrixSplit2.xml
----------------- Instantiating /home/travis/build/icyphy/ptII/ptolemy/domains/sdf/lib/test/auto/MatrixSplit2.xml
4 ms. Memory: 210432K Free: 110626K (53%)
----------------- Invoking toplevel() on ptolemy.moml.MoMLSimpleApplication@65a034ff
----------------- Done invoking toplevel() on ptolemy.moml.MoMLSimpleApplication@65a034ff
reloadAllAccessors: .MatrixSplit2

===========================================================================================
----------------- testing Tue Jun 11 04:36:52 UTC 2019 /home/travis/build/icyphy/ptII/ptolemy/domains/sdf/lib/test/auto/MatrixSplit3.xml
----------------- Instantiating /home/travis/build/icyphy/ptII/ptolemy/domains/sdf/lib/test/auto/MatrixSplit3.xml
2 ms. Memory: 210432K Free: 106915K (51%)
----------------- Invoking toplevel() on ptolemy.moml.MoMLSimpleApplication@7b67c32e
----------------- Done invoking toplevel() on ptolemy.moml.MoMLSimpleApplication@7b67c32e
reloadAllAccessors: .MatrixSplit3

===========================================================================================
----------------- testing Tue Jun 11 04:36:52 UTC 2019 /home/travis/build/icyphy/ptII/ptolemy/domains/sdf/lib/test/auto/MatrixSplit4.xml
----------------- Instantiating /home/travis/build/icyphy/ptII/ptolemy/domains/sdf/lib/test/auto/MatrixSplit4.xml
5 ms. Memory: 210432K Free: 102573K (49%)
----------------- Invoking toplevel() on ptolemy.moml.MoMLSimpleApplication@3f983277
----------------- Done invoking toplevel() on ptolemy.moml.MoMLSimpleApplication@3f983277
reloadAllAccessors: .MatrixSplit4

===========================================================================================
----------------- testing Tue Jun 11 04:36:52 UTC 2019 /home/travis/build/icyphy/ptII/ptolemy/domains/sdf/lib/test/auto/MatrixSplit5.xml
----------------- Instantiating /home/travis/build/icyphy/ptII/ptolemy/domains/sdf/lib/test/auto/MatrixSplit5.xml
6 ms. Memory: 210432K Free: 98230K (47%)
----------------- Invoking toplevel() on ptolemy.moml.MoMLSimpleApplication@3e86a339
----------------- Done invoking toplevel() on ptolemy.moml.MoMLSimpleApplication@3e86a339
reloadAllAccessors: .MatrixSplit5

===========================================================================================
----------------- testing Tue Jun 11 04:36:52 UTC 2019 /home/travis/build/icyphy/ptII/ptolemy/domains/sdf/lib/test/auto/MatrixSplit6.xml
----------------- Instantiating /home/travis/build/icyphy/ptII/ptolemy/domains/sdf/lib/test/auto/MatrixSplit6.xml
3 ms. Memory: 210432K Free: 94544K (45%)
----------------- Invoking toplevel() on ptolemy.moml.MoMLSimpleApplication@1061e38e
----------------- Done invoking toplevel() on ptolemy.moml.MoMLSimpleApplication@1061e38e
reloadAllAccessors: .MatrixSplit6

===========================================================================================
----------------- testing Tue Jun 11 04:36:52 UTC 2019 /home/travis/build/icyphy/ptII/ptolemy/domains/sdf/lib/test/auto/MatrixSplit7.xml
----------------- Instantiating /home/travis/build/icyphy/ptII/ptolemy/domains/sdf/lib/test/auto/MatrixSplit7.xml
2 ms. Memory: 210432K Free: 90178K (43%)
----------------- Invoking toplevel() on ptolemy.moml.MoMLSimpleApplication@baca81b
----------------- Done invoking toplevel() on ptolemy.moml.MoMLSimpleApplication@baca81b
reloadAllAccessors: .MatrixSplit7

===========================================================================================
----------------- testing Tue Jun 11 04:36:52 UTC 2019 /home/travis/build/icyphy/ptII/ptolemy/domains/sdf/lib/test/auto/MatrixSplit8.xml
----------------- Instantiating /home/travis/build/icyphy/ptII/ptolemy/domains/sdf/lib/test/auto/MatrixSplit8.xml
1 ms. Memory: 210432K Free: 85843K (41%)
----------------- Invoking toplevel() on ptolemy.moml.MoMLSimpleApplication@77782d6f
----------------- Done invoking toplevel() on ptolemy.moml.MoMLSimpleApplication@77782d6f
reloadAllAccessors: .MatrixSplit8

===========================================================================================
----------------- testing Tue Jun 11 04:36:52 UTC 2019 /home/travis/build/icyphy/ptII/ptolemy/domains/sdf/lib/test/auto/MatrixSplit9.xml
----------------- Instantiating /home/travis/build/icyphy/ptII/ptolemy/domains/sdf/lib/test/auto/MatrixSplit9.xml
11 ms. Memory: 210432K Free: 82157K (39%)
----------------- Invoking toplevel() on ptolemy.moml.MoMLSimpleApplication@1588c921
----------------- Done invoking toplevel() on ptolemy.moml.MoMLSimpleApplication@1588c921
reloadAllAccessors: .MatrixSplit9

===========================================================================================
----------------- testing Tue Jun 11 04:36:52 UTC 2019 /home/travis/build/icyphy/ptII/ptolemy/domains/sdf/lib/test/auto/MatrixToSequence.xml
----------------- Instantiating /home/travis/build/icyphy/ptII/ptolemy/domains/sdf/lib/test/auto/MatrixToSequence.xml
5 ms. Memory: 333312K Free: 317431K (95%)
----------------- Invoking toplevel() on ptolemy.moml.MoMLSimpleApplication@3652ef28
----------------- Done invoking toplevel() on ptolemy.moml.MoMLSimpleApplication@3652ef28
reloadAllAccessors: .MatrixToSequence

===========================================================================================
----------------- testing Tue Jun 11 04:36:52 UTC 2019 /home/travis/build/icyphy/ptII/ptolemy/domains/sdf/lib/test/auto/MaximumEntropySpectrum.xml
----------------- Instantiating /home/travis/build/icyphy/ptII/ptolemy/domains/sdf/lib/test/auto/MaximumEntropySpectrum.xml
12 ms. Memory: 333312K Free: 293574K (88%)
----------------- Invoking toplevel() on ptolemy.moml.MoMLSimpleApplication@426883b3
----------------- Done invoking toplevel() on ptolemy.moml.MoMLSimpleApplication@426883b3
reloadAllAccessors: .MaximumEntropySpectrum

===========================================================================================
----------------- testing Tue Jun 11 04:36:53 UTC 2019 /home/travis/build/icyphy/ptII/ptolemy/domains/sdf/lib/test/auto/SampleDelayConversion.xml
----------------- Instantiating /home/travis/build/icyphy/ptII/ptolemy/domains/sdf/lib/test/auto/SampleDelayConversion.xml
2 ms. Memory: 333312K Free: 288669K (87%)
----------------- Invoking toplevel() on ptolemy.moml.MoMLSimpleApplication@1bd5a878
----------------- Done invoking toplevel() on ptolemy.moml.MoMLSimpleApplication@1bd5a878
reloadAllAccessors: .SampleDelayConversion

===========================================================================================
----------------- testing Tue Jun 11 04:36:53 UTC 2019 /home/travis/build/icyphy/ptII/ptolemy/domains/sdf/lib/test/auto/SequenceToArray.xml
----------------- Instantiating /home/travis/build/icyphy/ptII/ptolemy/domains/sdf/lib/test/auto/SequenceToArray.xml
15 ms. Memory: 333312K Free: 274621K (82%)
----------------- Invoking toplevel() on ptolemy.moml.MoMLSimpleApplication@6b4599ca
----------------- Done invoking toplevel() on ptolemy.moml.MoMLSimpleApplication@6b4599ca
reloadAllAccessors: .SequenceToArray

===========================================================================================
----------------- testing Tue Jun 11 04:36:53 UTC 2019 /home/travis/build/icyphy/ptII/ptolemy/domains/sdf/lib/test/auto/SequenceToMatrix.xml
----------------- Instantiating /home/travis/build/icyphy/ptII/ptolemy/domains/sdf/lib/test/auto/SequenceToMatrix.xml
4315 ms. Memory: 333824K Free: 128764K (39%)
----------------- Invoking toplevel() on ptolemy.moml.MoMLSimpleApplication@5eb39e67
----------------- Done invoking toplevel() on ptolemy.moml.MoMLSimpleApplication@5eb39e67
reloadAllAccessors: .SequenceToMatrix

===========================================================================================
----------------- testing Tue Jun 11 04:36:57 UTC 2019 /home/travis/build/icyphy/ptII/ptolemy/domains/sdf/lib/test/auto/SmoothedPeriodogram.xml
----------------- Instantiating /home/travis/build/icyphy/ptII/ptolemy/domains/sdf/lib/test/auto/SmoothedPeriodogram.xml
14 ms. Memory: 333824K Free: 111303K (33%)
----------------- Invoking toplevel() on ptolemy.moml.MoMLSimpleApplication@20fc793f
----------------- Done invoking toplevel() on ptolemy.moml.MoMLSimpleApplication@20fc793f
reloadAllAccessors: .SmoothedPeriodogram

===========================================================================================
----------------- testing Tue Jun 11 04:36:57 UTC 2019 /home/travis/build/icyphy/ptII/ptolemy/domains/sdf/lib/test/auto/UpDownSample1.xml
----------------- Instantiating /home/travis/build/icyphy/ptII/ptolemy/domains/sdf/lib/test/auto/UpDownSample1.xml
9 ms. Memory: 333824K Free: 104534K (31%)
----------------- Invoking toplevel() on ptolemy.moml.MoMLSimpleApplication@28cf581f
----------------- Done invoking toplevel() on ptolemy.moml.MoMLSimpleApplication@28cf581f
reloadAllAccessors: .UpDownSample1

===========================================================================================
----------------- testing Tue Jun 11 04:36:57 UTC 2019 /home/travis/build/icyphy/ptII/ptolemy/domains/sdf/lib/test/auto/UpSample1.xml
----------------- Instantiating /home/travis/build/icyphy/ptII/ptolemy/domains/sdf/lib/test/auto/UpSample1.xml
2 ms. Memory: 333824K Free: 100211K (30%)
----------------- Invoking toplevel() on ptolemy.moml.MoMLSimpleApplication@62f8e27f
----------------- Done invoking toplevel() on ptolemy.moml.MoMLSimpleApplication@62f8e27f
reloadAllAccessors: .UpSample1

===========================================================================================
----------------- testing Tue Jun 11 04:36:57 UTC 2019 /home/travis/build/icyphy/ptII/ptolemy/domains/sdf/lib/test/auto/VariableFIR.xml
----------------- Instantiating /home/travis/build/icyphy/ptII/ptolemy/domains/sdf/lib/test/auto/VariableFIR.xml
4 ms. Memory: 333824K Free: 94080K (28%)
----------------- Invoking toplevel() on ptolemy.moml.MoMLSimpleApplication@2bdc0ea
----------------- Done invoking toplevel() on ptolemy.moml.MoMLSimpleApplication@2bdc0ea
reloadAllAccessors: .VariableFIR

===========================================================================================
----------------- testing Tue Jun 11 04:36:57 UTC 2019 /home/travis/build/icyphy/ptII/ptolemy/domains/sdf/lib/test/auto/VariableFIR2.xml
----------------- Instantiating /home/travis/build/icyphy/ptII/ptolemy/domains/sdf/lib/test/auto/VariableFIR2.xml
5 ms. Memory: 333824K Free: 87311K (26%)
----------------- Invoking toplevel() on ptolemy.moml.MoMLSimpleApplication@593985f5
----------------- Done invoking toplevel() on ptolemy.moml.MoMLSimpleApplication@593985f5
reloadAllAccessors: .VariableFIR2

===========================================================================================
----------------- testing Tue Jun 11 04:36:57 UTC 2019 /home/travis/build/icyphy/ptII/ptolemy/domains/sdf/lib/test/auto/VariableLattice.xml
----------------- Instantiating /home/travis/build/icyphy/ptII/ptolemy/domains/sdf/lib/test/auto/VariableLattice.xml
14 ms. Memory: 480768K Free: 471922K (98%)
----------------- Invoking toplevel() on ptolemy.moml.MoMLSimpleApplication@9cae91c
----------------- Done invoking toplevel() on ptolemy.moml.MoMLSimpleApplication@9cae91c
reloadAllAccessors: .VariableLattice

===========================================================================================
----------------- testing Tue Jun 11 04:36:57 UTC 2019 /home/travis/build/icyphy/ptII/ptolemy/domains/sdf/lib/test/auto/VariableLattice2.xml
----------------- Instantiating /home/travis/build/icyphy/ptII/ptolemy/domains/sdf/lib/test/auto/VariableLattice2.xml
1.0
-1.999999602036
1.9099998677481
-0.9099996420674
0.205
0.0
0.0
1.0
-0.25
-0.5
0.0
0.0
0.0
0.0
7 ms. Memory: 480768K Free: 464262K (97%)
----------------- Invoking toplevel() on ptolemy.moml.MoMLSimpleApplication@3e09ff9c
----------------- Done invoking toplevel() on ptolemy.moml.MoMLSimpleApplication@3e09ff9c
reloadAllAccessors: .VariableLattice2

===========================================================================================
----------------- testing Tue Jun 11 04:36:57 UTC 2019 /home/travis/build/icyphy/ptII/ptolemy/domains/sdf/lib/test/auto/VariableRecursiveLattice.xml
----------------- Instantiating /home/travis/build/icyphy/ptII/ptolemy/domains/sdf/lib/test/auto/VariableRecursiveLattice.xml
3 ms. Memory: 480768K Free: 457680K (95%)
----------------- Invoking toplevel() on ptolemy.moml.MoMLSimpleApplication@68558fdb
----------------- Done invoking toplevel() on ptolemy.moml.MoMLSimpleApplication@68558fdb
reloadAllAccessors: .VariableRecursiveLattice

===========================================================================================
----------------- testing Tue Jun 11 04:36:57 UTC 2019 /home/travis/build/icyphy/ptII/ptolemy/domains/sdf/lib/test/auto/VariableRecursiveLattice2.xml
----------------- Instantiating /home/travis/build/icyphy/ptII/ptolemy/domains/sdf/lib/test/auto/VariableRecursiveLattice2.xml
4 ms. Memory: 480768K Free: 451797K (94%)
----------------- Invoking toplevel() on ptolemy.moml.MoMLSimpleApplication@34d2abb6
----------------- Done invoking toplevel() on ptolemy.moml.MoMLSimpleApplication@34d2abb6
reloadAllAccessors: .VariableRecursiveLattice2
AutoTests.java: About to close Vertx.
AutoTests.java: Vertx closed.
]]></system-out>
  <system-err><![CDATA[]]></system-err>
</testsuite>
