<?xml version="1.0" encoding="UTF-8" ?>
<testsuite errors="0" failures="0" hostname="travis-job-fd93a03c-2f1a-477f-9865-a70baa2d284f" name="ptolemy.actor.lib.jjs.modules.serial.test.junit.JUnitTclTest" skipped="0" tests="10" time="500.783" timestamp="2019-09-19T05:22:04">
  <properties>
[...]
</properties>
  <testcase classname="ptolemy.util.test.junit.TclTests" name="[0] ThereAreNoTclTests (RunTclFile)" time="0.008" />
  <testcase classname="ptolemy.util.test.junit.AutoKnownFailedTests" name="[0] /home/travis/build/icyphy/ptII/ptolemy/actor/lib/jjs/modules/serial/test/auto/knownFailedTests/SerialHelloWorld.xml (RunModel)" time="20.586" />
  <testcase classname="ptolemy.util.test.junit.AutoNameArchTests" name="[0] ThereAreNoAutoArchTests (RunModel)" time="0.01" />
  <testcase classname="ptolemy.util.test.junit.AutoTests" name="[0] /home/travis/build/icyphy/ptII/ptolemy/actor/lib/jjs/modules/serial/test/auto/SerialLoopbackIntToString.xml (RunModel)" time="70.071" />
  <testcase classname="ptolemy.util.test.junit.AutoTests" name="[1] /home/travis/build/icyphy/ptII/ptolemy/actor/lib/jjs/modules/serial/test/auto/SerialLoopbackInvalid.xml (RunModel)" time="59.203" />
  <testcase classname="ptolemy.util.test.junit.AutoTests" name="[2] /home/travis/build/icyphy/ptII/ptolemy/actor/lib/jjs/modules/serial/test/auto/SerialLoopbackJSON.xml (RunModel)" time="64.759" />
  <testcase classname="ptolemy.util.test.junit.AutoTests" name="[3] /home/travis/build/icyphy/ptII/ptolemy/actor/lib/jjs/modules/serial/test/auto/SerialLoopbackNumber.xml (RunModel)" time="66.071" />
  <testcase classname="ptolemy.util.test.junit.AutoTests" name="[4] /home/travis/build/icyphy/ptII/ptolemy/actor/lib/jjs/modules/serial/test/auto/SerialLoopbackShort.xml (RunModel)" time="69.501" />
  <testcase classname="ptolemy.util.test.junit.AutoTests" name="[5] /home/travis/build/icyphy/ptII/ptolemy/actor/lib/jjs/modules/serial/test/auto/SerialLoopbackString.xml (RunModel)" time="74.048" />
  <testcase classname="ptolemy.util.test.junit.AutoTests" name="[6] /home/travis/build/icyphy/ptII/ptolemy/actor/lib/jjs/modules/serial/test/auto/SerialLoopbackUnsignedByte.xml (RunModel)" time="75.923" />
  <system-out><![CDATA[No tcl tests in /home/travis/build/icyphy/ptII/ptolemy/actor/lib/jjs/modules/serial/test
----------------- testing (KnownFailure) /home/travis/build/icyphy/ptII/ptolemy/actor/lib/jjs/modules/serial/test/auto/knownFailedTests/SerialHelloWorld.xml
JavaScript: Closing serial port. (Thread[SerialHelloWorld,1,main])
8991 ms. Memory: 514048K Free: 302666K (59%)
Known Failure: java.lang.reflect.InvocationTargetException
No auto/linux-amd64/*.xml tests in /home/travis/build/icyphy/ptII/ptolemy/actor/lib/jjs/modules/serial/test
AutoTests.java: About to close Vertx.
AutoTests.java: Vertx closed.

===========================================================================================
----------------- testing Thu Sep 19 05:22:25 UTC 2019 /home/travis/build/icyphy/ptII/ptolemy/actor/lib/jjs/modules/serial/test/auto/SerialLoopbackIntToString.xml
----------------- Thu Sep 19 05:22:25 UTC 2019 About to sleep for 5.0 seconds before running or rerunning.  Test is: /home/travis/build/icyphy/ptII/ptolemy/actor/lib/jjs/modules/serial/test/auto/SerialLoopbackIntToString.xml
Done sleeping
----------------- Instantiating /home/travis/build/icyphy/ptII/ptolemy/actor/lib/jjs/modules/serial/test/auto/SerialLoopbackIntToString.xml
JSAccessor: PT_NO_NET environment variable is set, so git pull and ptdoc are not being run.
preinitialize() finished: 18043 ms. Memory: 753664K Free: 388091K (51%)
Manager.initialize() finished: 30280 ms. Memory: 855040K Free: 464536K (54%)
SerialPort: Closing serial port. (Thread[SerialLoopbackIntToString,1,main])
SerialPort: Serial port reader thread exiting. (Thread[Thread-9,1,main])
35896 ms. Memory: 855040K Free: 335002K (39%)
----------------- Invoking toplevel() on ptolemy.moml.MoMLSimpleApplication@14cddc26
----------------- Done invoking toplevel() on ptolemy.moml.MoMLSimpleApplication@14cddc26
reloadAllAccessors: .SerialLoopbackIntToString
This is the first time that the reloadAllAccessors method has been invoked in this JVM, so the the accessors repo will be checked out or updated and JSDoc invoked. Note that running the tests may end up invoking a new JVM for each directory, so the repo may be checked out or updated and JSDoc invoked more than once when the tests are run.
SerialPort: Serial port writer thread exiting. (Thread[Thread-10,1,main])
-------------- Reloaded accessors, but skipping rerun for now. Thu Sep 19 05:23:35 UTC 2019 /home/travis/build/icyphy/ptII/ptolemy/actor/lib/jjs/modules/serial/test/auto/SerialLoopbackIntToString.xml

===========================================================================================
----------------- testing Thu Sep 19 05:23:35 UTC 2019 /home/travis/build/icyphy/ptII/ptolemy/actor/lib/jjs/modules/serial/test/auto/SerialLoopbackInvalid.xml
----------------- Thu Sep 19 05:23:35 UTC 2019 About to sleep for 5.0 seconds before running or rerunning.  Test is: /home/travis/build/icyphy/ptII/ptolemy/actor/lib/jjs/modules/serial/test/auto/SerialLoopbackInvalid.xml
Done sleeping
----------------- Instantiating /home/travis/build/icyphy/ptII/ptolemy/actor/lib/jjs/modules/serial/test/auto/SerialLoopbackInvalid.xml
preinitialize() finished: 15829 ms. Memory: 952320K Free: 500744K (53%)
Manager.initialize() finished: 27210 ms. Memory: 952320K Free: 520790K (55%)
SerialPort: SerialPort: invalid data: a, error: SyntaxError: Invalid JSON: <json>:1:0 Expected json literal but found a
a
^ (Thread[Thread-14,1,main])
SerialPort: SerialPort: invalid data: ab, error: SyntaxError: Invalid JSON: <json>:1:0 Expected json literal but found a
ab
^ (Thread[Thread-14,1,main])
SerialPort: SerialPort: invalid data: abb, error: SyntaxError: Invalid JSON: <json>:1:0 Expected json literal but found a
abb
^ (Thread[Thread-14,1,main])
SerialPort: SerialPort: invalid data: abbb, error: SyntaxError: Invalid JSON: <json>:1:0 Expected json literal but found a
abbb
^ (Thread[Thread-14,1,main])
SerialPort: SerialPort: invalid data: abbbb, error: SyntaxError: Invalid JSON: <json>:1:0 Expected json literal but found a
abbbb
^ (Thread[Thread-14,1,main])
SerialPort: SerialPort: invalid data: abbbbb, error: SyntaxError: Invalid JSON: <json>:1:0 Expected json literal but found a
abbbbb
^ (Thread[Thread-14,1,main])
SerialPort: SerialPort: invalid data: abbbbbb, error: SyntaxError: Invalid JSON: <json>:1:0 Expected json literal but found a
abbbbbb
^ (Thread[Thread-14,1,main])
SerialPort: SerialPort: invalid data: abbbbbbb, error: SyntaxError: Invalid JSON: <json>:1:0 Expected json literal but found a
abbbbbbb
^ (Thread[Thread-14,1,main])
SerialPort: SerialPort: invalid data: abbbbbbbb, error: SyntaxError: Invalid JSON: <json>:1:0 Expected json literal but found a
abbbbbbbb
^ (Thread[Thread-14,1,main])
SerialPort: SerialPort: invalid data: abbbbbbbbb, error: SyntaxError: Invalid JSON: <json>:1:0 Expected json literal but found a
abbbbbbbbb
^ (Thread[Thread-14,1,main])
SerialPort: SerialPort: invalid data: abbbbbbbbbb, error: SyntaxError: Invalid JSON: <json>:1:0 Expected json literal but found a
abbbbbbbbbb
^ (Thread[Thread-14,1,main])
SerialPort: SerialPort: invalid data: abbbbbbbbbbb, error: SyntaxError: Invalid JSON: <json>:1:0 Expected json literal but found a
abbbbbbbbbbb
^ (Thread[Thread-14,1,main])
SerialPort: SerialPort: invalid data: abbbbbbbbbbbb, error: SyntaxError: Invalid JSON: <json>:1:0 Expected json literal but found a
abbbbbbbbbbbb
^ (Thread[Thread-14,1,main])
SerialPort: SerialPort: invalid data: abbbbbbbbbbbbb, error: SyntaxError: Invalid JSON: <json>:1:0 Expected json literal but found a
abbbbbbbbbbbbb
^ (Thread[Thread-14,1,main])
SerialPort: SerialPort: invalid data: abbbbbbbbbbbbbb, error: SyntaxError: Invalid JSON: <json>:1:0 Expected json literal but found a
abbbbbbbbbbbbbb
^ (Thread[Thread-14,1,main])
SerialPort: SerialPort: invalid data: abbbbbbbbbbbbbbb, error: SyntaxError: Invalid JSON: <json>:1:0 Expected json literal but found a
abbbbbbbbbbbbbbb
^ (Thread[Thread-14,1,main])
SerialPort: SerialPort: invalid data: abbbbbbbbbbbbbbbb, error: SyntaxError: Invalid JSON: <json>:1:0 Expected json literal but found a
abbbbbbbbbbbbbbbb
^ (Thread[Thread-14,1,main])
SerialPort: SerialPort: invalid data: abbbbbbbbbbbbbbbbb, error: SyntaxError: Invalid JSON: <json>:1:0 Expected json literal but found a
abbbbbbbbbbbbbbbbb
^ (Thread[Thread-14,1,main])
SerialPort: SerialPort: invalid data: abbbbbbbbbbbbbbbbbb, error: SyntaxError: Invalid JSON: <json>:1:0 Expected json literal but found a
abbbbbbbbbbbbbbbbbb
^ (Thread[Thread-14,1,main])
SerialPort: SerialPort: invalid data: abbbbbbbbbbbbbbbbbbb, error: SyntaxError: Invalid JSON: <json>:1:0 Expected json literal but found a
abbbbbbbbbbbbbbbbbbb
^ (Thread[Thread-14,1,main])
SerialPort: SerialPort: invalid data: abbbbbbbbbbbbbbbbbbbb, error: SyntaxError: Invalid JSON: <json>:1:0 Expected json literal but found a
abbbbbbbbbbbbbbbbbbbb
^ (Thread[Thread-14,1,main])
SerialPort: SerialPort: invalid data: abbbbbbbbbbbbbbbbbbbbb, error: SyntaxError: Invalid JSON: <json>:1:0 Expected json literal but found a
abbbbbbbbbbbbbbbbbbbbb
^ (Thread[Thread-14,1,main])
SerialPort: SerialPort: invalid data: abbbbbbbbbbbbbbbbbbbbbb, error: SyntaxError: Invalid JSON: <json>:1:0 Expected json literal but found a
abbbbbbbbbbbbbbbbbbbbbb
^ (Thread[Thread-14,1,main])
SerialPort: SerialPort: invalid data: abbbbbbbbbbbbbbbbbbbbbbb, error: SyntaxError: Invalid JSON: <json>:1:0 Expected json literal but found a
abbbbbbbbbbbbbbbbbbbbbbb
^ (Thread[Thread-14,1,main])
SerialPort: SerialPort: invalid data: abbbbbbbbbbbbbbbbbbbbbbbb, error: SyntaxError: Invalid JSON: <json>:1:0 Expected json literal but found a
abbbbbbbbbbbbbbbbbbbbbbbb
^ (Thread[Thread-14,1,main])
SerialPort: SerialPort: invalid data: abbbbbbbbbbbbbbbbbbbbbbbbb, error: SyntaxError: Invalid JSON: <json>:1:0 Expected json literal but found a
abbbbbbbbbbbbbbbbbbbbbbbbb
^ (Thread[Thread-14,1,main])
SerialPort: SerialPort: invalid data: abbbbbbbbbbbbbbbbbbbbbbbbbb, error: SyntaxError: Invalid JSON: <json>:1:0 Expected json literal but found a
abbbbbbbbbbbbbbbbbbbbbbbbbb
^ (Thread[Thread-14,1,main])
SerialPort: SerialPort: invalid data: abbbbbbbbbbbbbbbbbbbbbbbbbbb, error: SyntaxError: Invalid JSON: <json>:1:0 Expected json literal but found a
abbbbbbbbbbbbbbbbbbbbbbbbbbb
^ (Thread[Thread-14,1,main])
SerialPort: SerialPort: invalid data: abbbbbbbbbbbbbbbbbbbbbbbbbbbb, error: SyntaxError: Invalid JSON: <json>:1:0 Expected json literal but found a
abbbbbbbbbbbbbbbbbbbbbbbbbbbb
^ (Thread[Thread-14,1,main])
SerialPort: SerialPort: invalid data: abbbbbbbbbbbbbbbbbbbbbbbbbbbbb, error: SyntaxError: Invalid JSON: <json>:1:0 Expected json literal but found a
abbbbbbbbbbbbbbbbbbbbbbbbbbbbb
^ (Thread[Thread-14,1,main])
SerialPort: SerialPort: invalid data: abbbbbbbbbbbbbbbbbbbbbbbbbbbbbb, error: SyntaxError: Invalid JSON: <json>:1:0 Expected json literal but found a
abbbbbbbbbbbbbbbbbbbbbbbbbbbbbb
^ (Thread[Thread-14,1,main])
SerialPort: SerialPort: invalid data: abbbbbbbbbbbbbbbbbbbbbbbbbbbbbbb, error: SyntaxError: Invalid JSON: <json>:1:0 Expected json literal but found a
abbbbbbbbbbbbbbbbbbbbbbbbbbbbbbb
^ (Thread[Thread-14,1,main])
SerialPort: SerialPort: invalid data: abbbbbbbbbbbbbbbbbbbbbbbbbbbbbbbb, error: SyntaxError: Invalid JSON: <json>:1:0 Expected json literal but found a
abbbbbbbbbbbbbbbbbbbbbbbbbbbbbbbb
^ (Thread[Thread-14,1,main])
SerialPort: SerialPort: invalid data: abbbbbbbbbbbbbbbbbbbbbbbbbbbbbbbbb, error: SyntaxError: Invalid JSON: <json>:1:0 Expected json literal but found a
abbbbbbbbbbbbbbbbbbbbbbbbbbbbbbbbb
^ (Thread[Thread-14,1,main])
SerialPort: SerialPort: invalid data: abbbbbbbbbbbbbbbbbbbbbbbbbbbbbbbbbb, error: SyntaxError: Invalid JSON: <json>:1:0 Expected json literal but found a
abbbbbbbbbbbbbbbbbbbbbbbbbbbbbbbbbb
^ (Thread[Thread-14,1,main])
SerialPort: SerialPort: invalid data: abbbbbbbbbbbbbbbbbbbbbbbbbbbbbbbbbbb, error: SyntaxError: Invalid JSON: <json>:1:0 Expected json literal but found a
abbbbbbbbbbbbbbbbbbbbbbbbbbbbbbbbbbb
^ (Thread[Thread-14,1,main])
SerialPort: SerialPort: invalid data: abbbbbbbbbbbbbbbbbbbbbbbbbbbbbbbbbbbb, error: SyntaxError: Invalid JSON: <json>:1:0 Expected json literal but found a
abbbbbbbbbbbbbbbbbbbbbbbbbbbbbbbbbbbb
^ (Thread[Thread-14,1,main])
SerialPort: SerialPort: invalid data: abbbbbbbbbbbbbbbbbbbbbbbbbbbbbbbbbbbbb, error: SyntaxError: Invalid JSON: <json>:1:0 Expected json literal but found a
abbbbbbbbbbbbbbbbbbbbbbbbbbbbbbbbbbbbb
^ (Thread[Thread-14,1,main])
SerialPort: SerialPort: invalid data: abbbbbbbbbbbbbbbbbbbbbbbbbbbbbbbbbbbbbb, error: SyntaxError: Invalid JSON: <json>:1:0 Expected json literal but found a
abbbbbbbbbbbbbbbbbbbbbbbbbbbbbbbbbbbbbb
^ (Thread[Thread-14,1,main])
SerialPort: SerialPort: invalid data: abbbbbbbbbbbbbbbbbbbbbbbbbbbbbbbbbbbbbbb, error: SyntaxError: Invalid JSON: <json>:1:0 Expected json literal but found a
abbbbbbbbbbbbbbbbbbbbbbbbbbbbbbbbbbbbbbb
^ (Thread[Thread-14,1,main])
SerialPort: SerialPort: invalid data: abbbbbbbbbbbbbbbbbbbbbbbbbbbbbbbbbbbbbbbb, error: SyntaxError: Invalid JSON: <json>:1:0 Expected json literal but found a
abbbbbbbbbbbbbbbbbbbbbbbbbbbbbbbbbbbbbbbb
^ (Thread[Thread-14,1,main])
SerialPort: SerialPort: invalid data: abbbbbbbbbbbbbbbbbbbbbbbbbbbbbbbbbbbbbbbbb, error: SyntaxError: Invalid JSON: <json>:1:0 Expected json literal but found a
abbbbbbbbbbbbbbbbbbbbbbbbbbbbbbbbbbbbbbbbb
^ (Thread[Thread-14,1,main])
SerialPort: SerialPort: invalid data: abbbbbbbbbbbbbbbbbbbbbbbbbbbbbbbbbbbbbbbbbb, error: SyntaxError: Invalid JSON: <json>:1:0 Expected json literal but found a
abbbbbbbbbbbbbbbbbbbbbbbbbbbbbbbbbbbbbbbbbb
^ (Thread[Thread-14,1,main])
SerialPort: Closing serial port. (Thread[SerialLoopbackInvalid,1,main])
31887 ms. Memory: 952320K Free: 387160K (41%)
----------------- Invoking toplevel() on ptolemy.moml.MoMLSimpleApplication@6de17edf
----------------- Done invoking toplevel() on ptolemy.moml.MoMLSimpleApplication@6de17edf
reloadAllAccessors: .SerialLoopbackInvalid
SerialPort: Serial port reader thread exiting. (Thread[Thread-14,1,main])
SerialPort: Serial port writer thread exiting. (Thread[Thread-15,1,main])
-------------- Reloaded accessors, but skipping rerun for now. Thu Sep 19 05:24:34 UTC 2019 /home/travis/build/icyphy/ptII/ptolemy/actor/lib/jjs/modules/serial/test/auto/SerialLoopbackInvalid.xml

===========================================================================================
----------------- testing Thu Sep 19 05:24:34 UTC 2019 /home/travis/build/icyphy/ptII/ptolemy/actor/lib/jjs/modules/serial/test/auto/SerialLoopbackJSON.xml
----------------- Thu Sep 19 05:24:34 UTC 2019 About to sleep for 5.0 seconds before running or rerunning.  Test is: /home/travis/build/icyphy/ptII/ptolemy/actor/lib/jjs/modules/serial/test/auto/SerialLoopbackJSON.xml
Done sleeping
----------------- Instantiating /home/travis/build/icyphy/ptII/ptolemy/actor/lib/jjs/modules/serial/test/auto/SerialLoopbackJSON.xml
preinitialize() finished: 18517 ms. Memory: 1045504K Free: 392704K (38%)
Manager.initialize() finished: 31773 ms. Memory: 1045504K Free: 757859K (72%)
SerialPort: Closing serial port. (Thread[SerialLoopbackJSON,1,main])
JavaScriptJSON: JavaScriptTrueToken.wrapup() (Thread[SerialLoopbackJSON,1,main])
37467 ms. Memory: 1045504K Free: 621667K (59%)
----------------- Invoking toplevel() on ptolemy.moml.MoMLSimpleApplication@648e9d36
----------------- Done invoking toplevel() on ptolemy.moml.MoMLSimpleApplication@648e9d36
reloadAllAccessors: .SerialLoopbackJSON
SerialPort: Serial port reader thread exiting. (Thread[Thread-19,1,main])
SerialPort: Serial port writer thread exiting. (Thread[Thread-20,1,main])
-------------- Reloaded accessors, but skipping rerun for now. Thu Sep 19 05:25:39 UTC 2019 /home/travis/build/icyphy/ptII/ptolemy/actor/lib/jjs/modules/serial/test/auto/SerialLoopbackJSON.xml

===========================================================================================
----------------- testing Thu Sep 19 05:25:39 UTC 2019 /home/travis/build/icyphy/ptII/ptolemy/actor/lib/jjs/modules/serial/test/auto/SerialLoopbackNumber.xml
----------------- Thu Sep 19 05:25:39 UTC 2019 About to sleep for 5.0 seconds before running or rerunning.  Test is: /home/travis/build/icyphy/ptII/ptolemy/actor/lib/jjs/modules/serial/test/auto/SerialLoopbackNumber.xml
Done sleeping
----------------- Instantiating /home/travis/build/icyphy/ptII/ptolemy/actor/lib/jjs/modules/serial/test/auto/SerialLoopbackNumber.xml
preinitialize() finished: 17926 ms. Memory: 1045504K Free: 404478K (39%)
Manager.initialize() finished: 30409 ms. Memory: 1045504K Free: 223744K (21%)
SerialPort: Closing serial port. (Thread[SerialLoopbackNumber,1,main])
36059 ms. Memory: 1045504K Free: 445952K (43%)
----------------- Invoking toplevel() on ptolemy.moml.MoMLSimpleApplication@1400094b
----------------- Done invoking toplevel() on ptolemy.moml.MoMLSimpleApplication@1400094b
reloadAllAccessors: .SerialLoopbackNumber
SerialPort: Serial port reader thread exiting. (Thread[Thread-24,1,main])
SerialPort: Serial port writer thread exiting. (Thread[Thread-25,1,main])
-------------- Reloaded accessors, but skipping rerun for now. Thu Sep 19 05:26:45 UTC 2019 /home/travis/build/icyphy/ptII/ptolemy/actor/lib/jjs/modules/serial/test/auto/SerialLoopbackNumber.xml

===========================================================================================
----------------- testing Thu Sep 19 05:26:45 UTC 2019 /home/travis/build/icyphy/ptII/ptolemy/actor/lib/jjs/modules/serial/test/auto/SerialLoopbackShort.xml
----------------- Thu Sep 19 05:26:45 UTC 2019 About to sleep for 5.0 seconds before running or rerunning.  Test is: /home/travis/build/icyphy/ptII/ptolemy/actor/lib/jjs/modules/serial/test/auto/SerialLoopbackShort.xml
Done sleeping
----------------- Instantiating /home/travis/build/icyphy/ptII/ptolemy/actor/lib/jjs/modules/serial/test/auto/SerialLoopbackShort.xml
preinitialize() finished: 17836 ms. Memory: 1304576K Free: 427006K (33%)
Manager.initialize() finished: 29875 ms. Memory: 1304576K Free: 383998K (29%)
SerialPort: Closing serial port. (Thread[SerialLoopbackShort,1,main])
35515 ms. Memory: 1304576K Free: 806912K (62%)
----------------- Invoking toplevel() on ptolemy.moml.MoMLSimpleApplication@a436290
----------------- Done invoking toplevel() on ptolemy.moml.MoMLSimpleApplication@a436290
reloadAllAccessors: .SerialLoopbackShort
SerialPort: Serial port reader thread exiting. (Thread[Thread-29,1,main])
SerialPort: Serial port writer thread exiting. (Thread[Thread-30,1,main])
-------------- Reloaded accessors, but skipping rerun for now. Thu Sep 19 05:27:55 UTC 2019 /home/travis/build/icyphy/ptII/ptolemy/actor/lib/jjs/modules/serial/test/auto/SerialLoopbackShort.xml

===========================================================================================
----------------- testing Thu Sep 19 05:27:55 UTC 2019 /home/travis/build/icyphy/ptII/ptolemy/actor/lib/jjs/modules/serial/test/auto/SerialLoopbackString.xml
----------------- Thu Sep 19 05:27:55 UTC 2019 About to sleep for 5.0 seconds before running or rerunning.  Test is: /home/travis/build/icyphy/ptII/ptolemy/actor/lib/jjs/modules/serial/test/auto/SerialLoopbackString.xml
Done sleeping
----------------- Instantiating /home/travis/build/icyphy/ptII/ptolemy/actor/lib/jjs/modules/serial/test/auto/SerialLoopbackString.xml
preinitialize() finished: 20347 ms. Memory: 1304576K Free: 396800K (30%)
Manager.initialize() finished: 34720 ms. Memory: 1304576K Free: 247296K (19%)
SerialPort: Closing serial port. (Thread[SerialLoopbackString,1,main])
40393 ms. Memory: 1304576K Free: 405502K (31%)
----------------- Invoking toplevel() on ptolemy.moml.MoMLSimpleApplication@36ab0bdd
----------------- Done invoking toplevel() on ptolemy.moml.MoMLSimpleApplication@36ab0bdd
reloadAllAccessors: .SerialLoopbackString
SerialPort: Serial port reader thread exiting. (Thread[Thread-34,1,main])
SerialPort: Serial port writer thread exiting. (Thread[Thread-35,1,main])
-------------- Reloaded accessors, but skipping rerun for now. Thu Sep 19 05:29:09 UTC 2019 /home/travis/build/icyphy/ptII/ptolemy/actor/lib/jjs/modules/serial/test/auto/SerialLoopbackString.xml

===========================================================================================
----------------- testing Thu Sep 19 05:29:09 UTC 2019 /home/travis/build/icyphy/ptII/ptolemy/actor/lib/jjs/modules/serial/test/auto/SerialLoopbackUnsignedByte.xml
----------------- Thu Sep 19 05:29:09 UTC 2019 About to sleep for 5.0 seconds before running or rerunning.  Test is: /home/travis/build/icyphy/ptII/ptolemy/actor/lib/jjs/modules/serial/test/auto/SerialLoopbackUnsignedByte.xml
Done sleeping
----------------- Instantiating /home/travis/build/icyphy/ptII/ptolemy/actor/lib/jjs/modules/serial/test/auto/SerialLoopbackUnsignedByte.xml
preinitialize() finished: 23433 ms. Memory: 1304576K Free: 139604K (11%)
Manager.initialize() finished: 39561 ms. Memory: 2166784K Free: 1642529K (76%)
SerialPort: Closing serial port. (Thread[SerialLoopbackUnsignedByte,1,main])
45147 ms. Memory: 2166784K Free: 1520673K (70%)
----------------- Invoking toplevel() on ptolemy.moml.MoMLSimpleApplication@629f16ac
----------------- Done invoking toplevel() on ptolemy.moml.MoMLSimpleApplication@629f16ac
reloadAllAccessors: .SerialLoopbackUnsignedByte
SerialPort: Serial port reader thread exiting. (Thread[Thread-39,1,main])
SerialPort: Serial port writer thread exiting. (Thread[Thread-40,1,main])
-------------- Reloaded accessors, but skipping rerun for now. Thu Sep 19 05:30:25 UTC 2019 /home/travis/build/icyphy/ptII/ptolemy/actor/lib/jjs/modules/serial/test/auto/SerialLoopbackUnsignedByte.xml
AutoTests.java: About to close Vertx.
AutoTests.java: Vertx closed.
]]></system-out>
  <system-err><![CDATA[Warning: Nashorn engine is planned to be removed from a future JDK release
Warning: Nashorn engine is planned to be removed from a future JDK release
Warning: Nashorn engine is planned to be removed from a future JDK release
Warning: Nashorn engine is planned to be removed from a future JDK release
Warning: Nashorn engine is planned to be removed from a future JDK release
Warning: Nashorn engine is planned to be removed from a future JDK release
Warning: Nashorn engine is planned to be removed from a future JDK release
Warning: Nashorn engine is planned to be removed from a future JDK release
Warning: Nashorn engine is planned to be removed from a future JDK release
Warning: Nashorn engine is planned to be removed from a future JDK release
Warning: Nashorn engine is planned to be removed from a future JDK release
Warning: Nashorn engine is planned to be removed from a future JDK release
Warning: Nashorn engine is planned to be removed from a future JDK release
Warning: Nashorn engine is planned to be removed from a future JDK release
java.lang.RuntimeException: Execution failed
	at ptolemy.moml.MoMLSimpleApplication$UnloadThread.run(MoMLSimpleApplication.java:402)
Caused by: ptolemy.kernel.util.IllegalActionException: Failure executing the initialize function: ptolemy.kernel.util.IllegalActionException: No such port: /dev/tty.NOT_A_PORT
  in .SerialHelloWorld.JavaScript
Because:
gnu.io.NoSuchPortException
  in .SerialHelloWorld.JavaScript
Because:
ptolemy.kernel.util.IllegalActionException: No such port: /dev/tty.NOT_A_PORT
  in .SerialHelloWorld.JavaScript
Because:
gnu.io.NoSuchPortException
	at ptolemy.actor.lib.jjs.JavaScript._invokeMethodInContext(JavaScript.java:2315)
	at ptolemy.actor.lib.jjs.JavaScript.initialize(JavaScript.java:1479)
	at ptolemy.actor.Director.initialize(Director.java:938)
	at ptolemy.actor.Director.initialize(Director.java:907)
	at ptolemy.domains.de.kernel.DEDirector.initialize(DEDirector.java:944)
	at ptolemy.actor.CompositeActor.initialize(CompositeActor.java:935)
	at ptolemy.actor.Manager.initialize(Manager.java:724)
	at ptolemy.actor.Manager.execute(Manager.java:356)
	at ptolemy.actor.Manager.run(Manager.java:1263)
	at ptolemy.actor.Manager$PtolemyRunThread.run(Manager.java:1933)
Caused by: java.lang.RuntimeException: ptolemy.kernel.util.IllegalActionException: No such port: /dev/tty.NOT_A_PORT
  in .SerialHelloWorld.JavaScript
Because:
gnu.io.NoSuchPortException
	at jdk.scripting.nashorn/jdk.nashorn.internal.runtime.ScriptRuntime.apply(ScriptRuntime.java:531)
	at jdk.scripting.nashorn/jdk.nashorn.api.scripting.ScriptObjectMirror.callMember(ScriptObjectMirror.java:202)
	at jdk.scripting.nashorn/jdk.nashorn.api.scripting.NashornScriptEngine.invokeImpl(NashornScriptEngine.java:393)
	at jdk.scripting.nashorn/jdk.nashorn.api.scripting.NashornScriptEngine.invokeMethod(NashornScriptEngine.java:206)
	at ptolemy.actor.lib.jjs.JavaScript._invokeMethodInContext(JavaScript.java:2281)
	... 9 more
Caused by: ptolemy.kernel.util.IllegalActionException: No such port: /dev/tty.NOT_A_PORT
  in .SerialHelloWorld.JavaScript
Because:
gnu.io.NoSuchPortException
	at ptolemy.actor.lib.jjs.modules.serial.SerialHelper.open(SerialHelper.java:317)
	at jdk.scripting.nashorn.scripts/jdk.nashorn.internal.scripts.Script$Recompilation$2254$4276$require.L:1#open(/home/travis/build/icyphy/ptII/ptolemy/actor/lib/jjs/external/require.js#409:30<eval>:115)
	at jdk.scripting.nashorn.scripts/jdk.nashorn.internal.scripts.Script$Recompilation$2248$644$\^function\_$cu1$restOf.L:1#initialize(<function>:37)
	at jdk.scripting.nashorn.scripts/jdk.nashorn.internal.scripts.Script$Recompilation$2236$28769$require.L:1#Accessor#initialize(/home/travis/build/icyphy/ptII/ptolemy/actor/lib/jjs/external/require.js#409:30<eval>:631)
	at jdk.scripting.nashorn/jdk.nashorn.internal.runtime.ScriptFunctionData.invoke(ScriptFunctionData.java:655)
	at jdk.scripting.nashorn/jdk.nashorn.internal.runtime.ScriptFunction.invoke(ScriptFunction.java:513)
	at jdk.scripting.nashorn/jdk.nashorn.internal.runtime.ScriptRuntime.apply(ScriptRuntime.java:527)
	... 13 more
Caused by: gnu.io.NoSuchPortException
	at gnu.io.CommPortIdentifier.getPortIdentifier(CommPortIdentifier.java:273)
	at ptolemy.actor.lib.jjs.modules.serial.SerialHelper.open(SerialHelper.java:224)
	... 19 more
java.lang.reflect.InvocationTargetException
	at java.base/jdk.internal.reflect.NativeConstructorAccessorImpl.newInstance0(Native Method)
	at java.base/jdk.internal.reflect.NativeConstructorAccessorImpl.newInstance(NativeConstructorAccessorImpl.java:62)
	at java.base/jdk.internal.reflect.DelegatingConstructorAccessorImpl.newInstance(DelegatingConstructorAccessorImpl.java:45)
	at java.base/java.lang.reflect.Constructor.newInstance(Constructor.java:490)
	at ptolemy.util.test.junit.AutoKnownFailedTests.RunModel(AutoKnownFailedTests.java:105)
	at java.base/jdk.internal.reflect.NativeMethodAccessorImpl.invoke0(Native Method)
	at java.base/jdk.internal.reflect.NativeMethodAccessorImpl.invoke(NativeMethodAccessorImpl.java:62)
	at java.base/jdk.internal.reflect.DelegatingMethodAccessorImpl.invoke(DelegatingMethodAccessorImpl.java:43)
	at java.base/java.lang.reflect.Method.invoke(Method.java:566)
	at org.junit.runners.model.FrameworkMethod$1.runReflectiveCall(FrameworkMethod.java:44)
	at org.junit.internal.runners.model.ReflectiveCallable.run(ReflectiveCallable.java:15)
	at org.junit.runners.model.FrameworkMethod.invokeExplosively(FrameworkMethod.java:41)
	at junitparams.internal.InvokeParameterisedMethod.evaluate(InvokeParameterisedMethod.java:102)
	at org.junit.internal.runners.statements.FailOnTimeout$1.run(FailOnTimeout.java:28)
Caused by: ptolemy.kernel.util.IllegalActionException: Failure executing the initialize function: ptolemy.kernel.util.IllegalActionException: No such port: /dev/tty.NOT_A_PORT
  in .SerialHelloWorld.JavaScript
Because:
gnu.io.NoSuchPortException
  in .SerialHelloWorld.JavaScript
Because:
ptolemy.kernel.util.IllegalActionException: No such port: /dev/tty.NOT_A_PORT
  in .SerialHelloWorld.JavaScript
Because:
gnu.io.NoSuchPortException
	at ptolemy.actor.lib.jjs.JavaScript._invokeMethodInContext(JavaScript.java:2315)
	at ptolemy.actor.lib.jjs.JavaScript.initialize(JavaScript.java:1479)
	at ptolemy.actor.Director.initialize(Director.java:938)
	at ptolemy.actor.Director.initialize(Director.java:907)
	at ptolemy.domains.de.kernel.DEDirector.initialize(DEDirector.java:944)
	at ptolemy.actor.CompositeActor.initialize(CompositeActor.java:935)
	at ptolemy.actor.Manager.initialize(Manager.java:724)
	at ptolemy.actor.Manager.execute(Manager.java:356)
	at ptolemy.actor.Manager.run(Manager.java:1263)
	at ptolemy.actor.Manager$PtolemyRunThread.run(Manager.java:1933)
Caused by: java.lang.RuntimeException: ptolemy.kernel.util.IllegalActionException: No such port: /dev/tty.NOT_A_PORT
  in .SerialHelloWorld.JavaScript
Because:
gnu.io.NoSuchPortException
	at jdk.scripting.nashorn/jdk.nashorn.internal.runtime.ScriptRuntime.apply(ScriptRuntime.java:531)
	at jdk.scripting.nashorn/jdk.nashorn.api.scripting.ScriptObjectMirror.callMember(ScriptObjectMirror.java:202)
	at jdk.scripting.nashorn/jdk.nashorn.api.scripting.NashornScriptEngine.invokeImpl(NashornScriptEngine.java:393)
	at jdk.scripting.nashorn/jdk.nashorn.api.scripting.NashornScriptEngine.invokeMethod(NashornScriptEngine.java:206)
	at ptolemy.actor.lib.jjs.JavaScript._invokeMethodInContext(JavaScript.java:2281)
	... 9 more
Caused by: ptolemy.kernel.util.IllegalActionException: No such port: /dev/tty.NOT_A_PORT
  in .SerialHelloWorld.JavaScript
Because:
gnu.io.NoSuchPortException
	at ptolemy.actor.lib.jjs.modules.serial.SerialHelper.open(SerialHelper.java:317)
	at jdk.scripting.nashorn.scripts/jdk.nashorn.internal.scripts.Script$Recompilation$2254$4276$require.L:1#open(/home/travis/build/icyphy/ptII/ptolemy/actor/lib/jjs/external/require.js#409:30<eval>:115)
	at jdk.scripting.nashorn.scripts/jdk.nashorn.internal.scripts.Script$Recompilation$2248$644$\^function\_$cu1$restOf.L:1#initialize(<function>:37)
	at jdk.scripting.nashorn.scripts/jdk.nashorn.internal.scripts.Script$Recompilation$2236$28769$require.L:1#Accessor#initialize(/home/travis/build/icyphy/ptII/ptolemy/actor/lib/jjs/external/require.js#409:30<eval>:631)
	at jdk.scripting.nashorn/jdk.nashorn.internal.runtime.ScriptFunctionData.invoke(ScriptFunctionData.java:655)
	at jdk.scripting.nashorn/jdk.nashorn.internal.runtime.ScriptFunction.invoke(ScriptFunction.java:513)
	at jdk.scripting.nashorn/jdk.nashorn.internal.runtime.ScriptRuntime.apply(ScriptRuntime.java:527)
	... 13 more
Caused by: gnu.io.NoSuchPortException
	at gnu.io.CommPortIdentifier.getPortIdentifier(CommPortIdentifier.java:273)
	at ptolemy.actor.lib.jjs.modules.serial.SerialHelper.open(SerialHelper.java:224)
	... 19 more
Warning: Nashorn engine is planned to be removed from a future JDK release
Warning: Nashorn engine is planned to be removed from a future JDK release
Warning: Nashorn engine is planned to be removed from a future JDK release
Warning: Nashorn engine is planned to be removed from a future JDK release
Warning: Nashorn engine is planned to be removed from a future JDK release
Warning: Nashorn engine is planned to be removed from a future JDK release
Warning: Nashorn engine is planned to be removed from a future JDK release
Warning: Nashorn engine is planned to be removed from a future JDK release
Warning: Nashorn engine is planned to be removed from a future JDK release
Warning: Nashorn engine is planned to be removed from a future JDK release
Warning: Nashorn engine is planned to be removed from a future JDK release
Warning: Nashorn engine is planned to be removed from a future JDK release
Warning: Nashorn engine is planned to be removed from a future JDK release
Warning: Nashorn engine is planned to be removed from a future JDK release
Warning: Nashorn engine is planned to be removed from a future JDK release
Warning: Nashorn engine is planned to be removed from a future JDK release
Warning: Nashorn engine is planned to be removed from a future JDK release
Warning: Nashorn engine is planned to be removed from a future JDK release
Warning: Nashorn engine is planned to be removed from a future JDK release
Warning: Nashorn engine is planned to be removed from a future JDK release
Warning: Nashorn engine is planned to be removed from a future JDK release
Warning: Nashorn engine is planned to be removed from a future JDK release
Warning: Nashorn engine is planned to be removed from a future JDK release
Warning: Nashorn engine is planned to be removed from a future JDK release
Warning: Nashorn engine is planned to be removed from a future JDK release
Warning: Nashorn engine is planned to be removed from a future JDK release
Warning: Nashorn engine is planned to be removed from a future JDK release
Warning: Nashorn engine is planned to be removed from a future JDK release
Warning: Nashorn engine is planned to be removed from a future JDK release
Warning: Nashorn engine is planned to be removed from a future JDK release
Warning: Nashorn engine is planned to be removed from a future JDK release
Warning: Nashorn engine is planned to be removed from a future JDK release
Warning: Nashorn engine is planned to be removed from a future JDK release
Warning: Nashorn engine is planned to be removed from a future JDK release
Warning: Nashorn engine is planned to be removed from a future JDK release
Warning: Nashorn engine is planned to be removed from a future JDK release
Warning: Nashorn engine is planned to be removed from a future JDK release
Warning: Nashorn engine is planned to be removed from a future JDK release
Warning: Nashorn engine is planned to be removed from a future JDK release
Warning: Nashorn engine is planned to be removed from a future JDK release
Warning: Nashorn engine is planned to be removed from a future JDK release
Warning: Nashorn engine is planned to be removed from a future JDK release
Warning: Nashorn engine is planned to be removed from a future JDK release
Warning: Nashorn engine is planned to be removed from a future JDK release
Warning: Nashorn engine is planned to be removed from a future JDK release
Warning: Nashorn engine is planned to be removed from a future JDK release
Warning: Nashorn engine is planned to be removed from a future JDK release
Warning: Nashorn engine is planned to be removed from a future JDK release
Warning: Nashorn engine is planned to be removed from a future JDK release
Warning: Nashorn engine is planned to be removed from a future JDK release
Warning: Nashorn engine is planned to be removed from a future JDK release
Warning: Nashorn engine is planned to be removed from a future JDK release
Warning: Nashorn engine is planned to be removed from a future JDK release
Warning: Nashorn engine is planned to be removed from a future JDK release
Warning: Nashorn engine is planned to be removed from a future JDK release
Warning: Nashorn engine is planned to be removed from a future JDK release
Warning: Nashorn engine is planned to be removed from a future JDK release
Warning: Nashorn engine is planned to be removed from a future JDK release
Warning: Nashorn engine is planned to be removed from a future JDK release
Warning: Nashorn engine is planned to be removed from a future JDK release
Warning: Nashorn engine is planned to be removed from a future JDK release
Warning: Nashorn engine is planned to be removed from a future JDK release
Warning: Nashorn engine is planned to be removed from a future JDK release
Warning: Nashorn engine is planned to be removed from a future JDK release
WARNING: TestSpontaneous: Model stopped before executing actions (e.g. producing outputs) scheduled for execution at times [5.6000000000000005]
Warning: Nashorn engine is planned to be removed from a future JDK release
Warning: Nashorn engine is planned to be removed from a future JDK release
Warning: Nashorn engine is planned to be removed from a future JDK release
Warning: Nashorn engine is planned to be removed from a future JDK release
Warning: Nashorn engine is planned to be removed from a future JDK release
Warning: Nashorn engine is planned to be removed from a future JDK release
Warning: Nashorn engine is planned to be removed from a future JDK release
Warning: Nashorn engine is planned to be removed from a future JDK release
Warning: Nashorn engine is planned to be removed from a future JDK release
Warning: Nashorn engine is planned to be removed from a future JDK release
Warning: Nashorn engine is planned to be removed from a future JDK release
Warning: Nashorn engine is planned to be removed from a future JDK release
Warning: Nashorn engine is planned to be removed from a future JDK release
Warning: Nashorn engine is planned to be removed from a future JDK release
Warning: Nashorn engine is planned to be removed from a future JDK release
Warning: Nashorn engine is planned to be removed from a future JDK release
Warning: Nashorn engine is planned to be removed from a future JDK release
Warning: Nashorn engine is planned to be removed from a future JDK release
Warning: Nashorn engine is planned to be removed from a future JDK release
Warning: Nashorn engine is planned to be removed from a future JDK release
Warning: Nashorn engine is planned to be removed from a future JDK release
Warning: Nashorn engine is planned to be removed from a future JDK release
Warning: Nashorn engine is planned to be removed from a future JDK release
Warning: Nashorn engine is planned to be removed from a future JDK release
Warning: Nashorn engine is planned to be removed from a future JDK release
Warning: Nashorn engine is planned to be removed from a future JDK release
Warning: Nashorn engine is planned to be removed from a future JDK release
Warning: Nashorn engine is planned to be removed from a future JDK release
Warning: Nashorn engine is planned to be removed from a future JDK release
Warning: Nashorn engine is planned to be removed from a future JDK release
Warning: Nashorn engine is planned to be removed from a future JDK release
Warning: Nashorn engine is planned to be removed from a future JDK release
Warning: Nashorn engine is planned to be removed from a future JDK release
Warning: Nashorn engine is planned to be removed from a future JDK release
Warning: Nashorn engine is planned to be removed from a future JDK release
Warning: Nashorn engine is planned to be removed from a future JDK release
Warning: Nashorn engine is planned to be removed from a future JDK release
Warning: Nashorn engine is planned to be removed from a future JDK release
Warning: Nashorn engine is planned to be removed from a future JDK release
Warning: Nashorn engine is planned to be removed from a future JDK release
Warning: Nashorn engine is planned to be removed from a future JDK release
Warning: Nashorn engine is planned to be removed from a future JDK release
Warning: Nashorn engine is planned to be removed from a future JDK release
Warning: Nashorn engine is planned to be removed from a future JDK release
Warning: Nashorn engine is planned to be removed from a future JDK release
Warning: Nashorn engine is planned to be removed from a future JDK release
Warning: Nashorn engine is planned to be removed from a future JDK release
Warning: Nashorn engine is planned to be removed from a future JDK release
Warning: Nashorn engine is planned to be removed from a future JDK release
Warning: Nashorn engine is planned to be removed from a future JDK release
Warning: Nashorn engine is planned to be removed from a future JDK release
Warning: Nashorn engine is planned to be removed from a future JDK release
Warning: Nashorn engine is planned to be removed from a future JDK release
Warning: Nashorn engine is planned to be removed from a future JDK release
Warning: Nashorn engine is planned to be removed from a future JDK release
Warning: Nashorn engine is planned to be removed from a future JDK release
Warning: Nashorn engine is planned to be removed from a future JDK release
Warning: Nashorn engine is planned to be removed from a future JDK release
Warning: Nashorn engine is planned to be removed from a future JDK release
Warning: Nashorn engine is planned to be removed from a future JDK release
Warning: Nashorn engine is planned to be removed from a future JDK release
Warning: Nashorn engine is planned to be removed from a future JDK release
Warning: Nashorn engine is planned to be removed from a future JDK release
Warning: Nashorn engine is planned to be removed from a future JDK release
Warning: Nashorn engine is planned to be removed from a future JDK release
Warning: Nashorn engine is planned to be removed from a future JDK release
Warning: Nashorn engine is planned to be removed from a future JDK release
Warning: Nashorn engine is planned to be removed from a future JDK release
Warning: Nashorn engine is planned to be removed from a future JDK release
Warning: Nashorn engine is planned to be removed from a future JDK release
Warning: Nashorn engine is planned to be removed from a future JDK release
Warning: Nashorn engine is planned to be removed from a future JDK release
Warning: Nashorn engine is planned to be removed from a future JDK release
Warning: Nashorn engine is planned to be removed from a future JDK release
WARNING: TestSpontaneous: Model stopped before executing actions (e.g. producing outputs) scheduled for execution at times [4.6000000000000005]
Warning: Nashorn engine is planned to be removed from a future JDK release
Warning: Nashorn engine is planned to be removed from a future JDK release
Warning: Nashorn engine is planned to be removed from a future JDK release
Warning: Nashorn engine is planned to be removed from a future JDK release
Warning: Nashorn engine is planned to be removed from a future JDK release
Warning: Nashorn engine is planned to be removed from a future JDK release
Warning: Nashorn engine is planned to be removed from a future JDK release
Warning: Nashorn engine is planned to be removed from a future JDK release
Warning: Nashorn engine is planned to be removed from a future JDK release
Warning: Nashorn engine is planned to be removed from a future JDK release
Warning: Nashorn engine is planned to be removed from a future JDK release
Warning: Nashorn engine is planned to be removed from a future JDK release
Warning: Nashorn engine is planned to be removed from a future JDK release
Warning: Nashorn engine is planned to be removed from a future JDK release
Warning: Nashorn engine is planned to be removed from a future JDK release
Warning: Nashorn engine is planned to be removed from a future JDK release
Warning: Nashorn engine is planned to be removed from a future JDK release
Warning: Nashorn engine is planned to be removed from a future JDK release
Warning: Nashorn engine is planned to be removed from a future JDK release
Warning: Nashorn engine is planned to be removed from a future JDK release
Warning: Nashorn engine is planned to be removed from a future JDK release
Warning: Nashorn engine is planned to be removed from a future JDK release
Warning: Nashorn engine is planned to be removed from a future JDK release
Warning: Nashorn engine is planned to be removed from a future JDK release
Warning: Nashorn engine is planned to be removed from a future JDK release
Warning: Nashorn engine is planned to be removed from a future JDK release
Warning: Nashorn engine is planned to be removed from a future JDK release
Warning: Nashorn engine is planned to be removed from a future JDK release
Warning: Nashorn engine is planned to be removed from a future JDK release
Warning: Nashorn engine is planned to be removed from a future JDK release
Warning: Nashorn engine is planned to be removed from a future JDK release
Warning: Nashorn engine is planned to be removed from a future JDK release
Warning: Nashorn engine is planned to be removed from a future JDK release
Warning: Nashorn engine is planned to be removed from a future JDK release
Warning: Nashorn engine is planned to be removed from a future JDK release
Warning: Nashorn engine is planned to be removed from a future JDK release
Warning: Nashorn engine is planned to be removed from a future JDK release
Warning: Nashorn engine is planned to be removed from a future JDK release
Warning: Nashorn engine is planned to be removed from a future JDK release
Warning: Nashorn engine is planned to be removed from a future JDK release
Warning: Nashorn engine is planned to be removed from a future JDK release
Warning: Nashorn engine is planned to be removed from a future JDK release
Warning: Nashorn engine is planned to be removed from a future JDK release
Warning: Nashorn engine is planned to be removed from a future JDK release
Warning: Nashorn engine is planned to be removed from a future JDK release
Warning: Nashorn engine is planned to be removed from a future JDK release
Warning: Nashorn engine is planned to be removed from a future JDK release
Warning: Nashorn engine is planned to be removed from a future JDK release
Warning: Nashorn engine is planned to be removed from a future JDK release
Warning: Nashorn engine is planned to be removed from a future JDK release
Warning: Nashorn engine is planned to be removed from a future JDK release
Warning: Nashorn engine is planned to be removed from a future JDK release
Warning: Nashorn engine is planned to be removed from a future JDK release
Warning: Nashorn engine is planned to be removed from a future JDK release
Warning: Nashorn engine is planned to be removed from a future JDK release
Warning: Nashorn engine is planned to be removed from a future JDK release
Warning: Nashorn engine is planned to be removed from a future JDK release
Warning: Nashorn engine is planned to be removed from a future JDK release
Warning: Nashorn engine is planned to be removed from a future JDK release
Warning: Nashorn engine is planned to be removed from a future JDK release
Warning: Nashorn engine is planned to be removed from a future JDK release
Warning: Nashorn engine is planned to be removed from a future JDK release
Warning: Nashorn engine is planned to be removed from a future JDK release
Warning: Nashorn engine is planned to be removed from a future JDK release
Warning: Nashorn engine is planned to be removed from a future JDK release
Warning: Nashorn engine is planned to be removed from a future JDK release
Warning: Nashorn engine is planned to be removed from a future JDK release
Warning: Nashorn engine is planned to be removed from a future JDK release
Warning: Nashorn engine is planned to be removed from a future JDK release
Warning: Nashorn engine is planned to be removed from a future JDK release
Warning: Nashorn engine is planned to be removed from a future JDK release
Warning: Nashorn engine is planned to be removed from a future JDK release
Warning: Nashorn engine is planned to be removed from a future JDK release
Warning: Nashorn engine is planned to be removed from a future JDK release
WARNING: TestSpontaneous: Model stopped before executing actions (e.g. producing outputs) scheduled for execution at times [5.6000000000000005]
Warning: Nashorn engine is planned to be removed from a future JDK release
Warning: Nashorn engine is planned to be removed from a future JDK release
Warning: Nashorn engine is planned to be removed from a future JDK release
Warning: Nashorn engine is planned to be removed from a future JDK release
Warning: Nashorn engine is planned to be removed from a future JDK release
Warning: Nashorn engine is planned to be removed from a future JDK release
Warning: Nashorn engine is planned to be removed from a future JDK release
Warning: Nashorn engine is planned to be removed from a future JDK release
Warning: Nashorn engine is planned to be removed from a future JDK release
Warning: Nashorn engine is planned to be removed from a future JDK release
Warning: Nashorn engine is planned to be removed from a future JDK release
Warning: Nashorn engine is planned to be removed from a future JDK release
Warning: Nashorn engine is planned to be removed from a future JDK release
Warning: Nashorn engine is planned to be removed from a future JDK release
Warning: Nashorn engine is planned to be removed from a future JDK release
Warning: Nashorn engine is planned to be removed from a future JDK release
Warning: Nashorn engine is planned to be removed from a future JDK release
Warning: Nashorn engine is planned to be removed from a future JDK release
Warning: Nashorn engine is planned to be removed from a future JDK release
Warning: Nashorn engine is planned to be removed from a future JDK release
Warning: Nashorn engine is planned to be removed from a future JDK release
Warning: Nashorn engine is planned to be removed from a future JDK release
Warning: Nashorn engine is planned to be removed from a future JDK release
Warning: Nashorn engine is planned to be removed from a future JDK release
Warning: Nashorn engine is planned to be removed from a future JDK release
Warning: Nashorn engine is planned to be removed from a future JDK release
Warning: Nashorn engine is planned to be removed from a future JDK release
Warning: Nashorn engine is planned to be removed from a future JDK release
Warning: Nashorn engine is planned to be removed from a future JDK release
Warning: Nashorn engine is planned to be removed from a future JDK release
Warning: Nashorn engine is planned to be removed from a future JDK release
Warning: Nashorn engine is planned to be removed from a future JDK release
Warning: Nashorn engine is planned to be removed from a future JDK release
Warning: Nashorn engine is planned to be removed from a future JDK release
Warning: Nashorn engine is planned to be removed from a future JDK release
Warning: Nashorn engine is planned to be removed from a future JDK release
Warning: Nashorn engine is planned to be removed from a future JDK release
Warning: Nashorn engine is planned to be removed from a future JDK release
Warning: Nashorn engine is planned to be removed from a future JDK release
Warning: Nashorn engine is planned to be removed from a future JDK release
Warning: Nashorn engine is planned to be removed from a future JDK release
Warning: Nashorn engine is planned to be removed from a future JDK release
Warning: Nashorn engine is planned to be removed from a future JDK release
Warning: Nashorn engine is planned to be removed from a future JDK release
Warning: Nashorn engine is planned to be removed from a future JDK release
Warning: Nashorn engine is planned to be removed from a future JDK release
Warning: Nashorn engine is planned to be removed from a future JDK release
Warning: Nashorn engine is planned to be removed from a future JDK release
Warning: Nashorn engine is planned to be removed from a future JDK release
Warning: Nashorn engine is planned to be removed from a future JDK release
Warning: Nashorn engine is planned to be removed from a future JDK release
Warning: Nashorn engine is planned to be removed from a future JDK release
Warning: Nashorn engine is planned to be removed from a future JDK release
Warning: Nashorn engine is planned to be removed from a future JDK release
Warning: Nashorn engine is planned to be removed from a future JDK release
Warning: Nashorn engine is planned to be removed from a future JDK release
Warning: Nashorn engine is planned to be removed from a future JDK release
Warning: Nashorn engine is planned to be removed from a future JDK release
Warning: Nashorn engine is planned to be removed from a future JDK release
Warning: Nashorn engine is planned to be removed from a future JDK release
Warning: Nashorn engine is planned to be removed from a future JDK release
Warning: Nashorn engine is planned to be removed from a future JDK release
Warning: Nashorn engine is planned to be removed from a future JDK release
Warning: Nashorn engine is planned to be removed from a future JDK release
Warning: Nashorn engine is planned to be removed from a future JDK release
Warning: Nashorn engine is planned to be removed from a future JDK release
Warning: Nashorn engine is planned to be removed from a future JDK release
Warning: Nashorn engine is planned to be removed from a future JDK release
Warning: Nashorn engine is planned to be removed from a future JDK release
Warning: Nashorn engine is planned to be removed from a future JDK release
Warning: Nashorn engine is planned to be removed from a future JDK release
Warning: Nashorn engine is planned to be removed from a future JDK release
WARNING: TestSpontaneous: Model stopped before executing actions (e.g. producing outputs) scheduled for execution at times [5.6000000000000005]
Warning: Nashorn engine is planned to be removed from a future JDK release
Warning: Nashorn engine is planned to be removed from a future JDK release
Warning: Nashorn engine is planned to be removed from a future JDK release
Warning: Nashorn engine is planned to be removed from a future JDK release
Warning: Nashorn engine is planned to be removed from a future JDK release
Warning: Nashorn engine is planned to be removed from a future JDK release
Warning: Nashorn engine is planned to be removed from a future JDK release
Warning: Nashorn engine is planned to be removed from a future JDK release
Warning: Nashorn engine is planned to be removed from a future JDK release
Warning: Nashorn engine is planned to be removed from a future JDK release
Warning: Nashorn engine is planned to be removed from a future JDK release
Warning: Nashorn engine is planned to be removed from a future JDK release
Warning: Nashorn engine is planned to be removed from a future JDK release
Warning: Nashorn engine is planned to be removed from a future JDK release
Warning: Nashorn engine is planned to be removed from a future JDK release
Warning: Nashorn engine is planned to be removed from a future JDK release
Warning: Nashorn engine is planned to be removed from a future JDK release
Warning: Nashorn engine is planned to be removed from a future JDK release
Warning: Nashorn engine is planned to be removed from a future JDK release
Warning: Nashorn engine is planned to be removed from a future JDK release
Warning: Nashorn engine is planned to be removed from a future JDK release
Warning: Nashorn engine is planned to be removed from a future JDK release
Warning: Nashorn engine is planned to be removed from a future JDK release
Warning: Nashorn engine is planned to be removed from a future JDK release
Warning: Nashorn engine is planned to be removed from a future JDK release
Warning: Nashorn engine is planned to be removed from a future JDK release
Warning: Nashorn engine is planned to be removed from a future JDK release
Warning: Nashorn engine is planned to be removed from a future JDK release
Warning: Nashorn engine is planned to be removed from a future JDK release
Warning: Nashorn engine is planned to be removed from a future JDK release
Warning: Nashorn engine is planned to be removed from a future JDK release
Warning: Nashorn engine is planned to be removed from a future JDK release
Warning: Nashorn engine is planned to be removed from a future JDK release
Warning: Nashorn engine is planned to be removed from a future JDK release
Warning: Nashorn engine is planned to be removed from a future JDK release
Warning: Nashorn engine is planned to be removed from a future JDK release
Warning: Nashorn engine is planned to be removed from a future JDK release
Warning: Nashorn engine is planned to be removed from a future JDK release
Warning: Nashorn engine is planned to be removed from a future JDK release
Warning: Nashorn engine is planned to be removed from a future JDK release
Warning: Nashorn engine is planned to be removed from a future JDK release
Warning: Nashorn engine is planned to be removed from a future JDK release
Warning: Nashorn engine is planned to be removed from a future JDK release
Warning: Nashorn engine is planned to be removed from a future JDK release
Warning: Nashorn engine is planned to be removed from a future JDK release
Warning: Nashorn engine is planned to be removed from a future JDK release
Warning: Nashorn engine is planned to be removed from a future JDK release
Warning: Nashorn engine is planned to be removed from a future JDK release
Warning: Nashorn engine is planned to be removed from a future JDK release
Warning: Nashorn engine is planned to be removed from a future JDK release
Warning: Nashorn engine is planned to be removed from a future JDK release
Warning: Nashorn engine is planned to be removed from a future JDK release
Warning: Nashorn engine is planned to be removed from a future JDK release
Warning: Nashorn engine is planned to be removed from a future JDK release
Warning: Nashorn engine is planned to be removed from a future JDK release
Warning: Nashorn engine is planned to be removed from a future JDK release
Warning: Nashorn engine is planned to be removed from a future JDK release
Warning: Nashorn engine is planned to be removed from a future JDK release
Warning: Nashorn engine is planned to be removed from a future JDK release
Warning: Nashorn engine is planned to be removed from a future JDK release
Warning: Nashorn engine is planned to be removed from a future JDK release
Warning: Nashorn engine is planned to be removed from a future JDK release
Warning: Nashorn engine is planned to be removed from a future JDK release
Warning: Nashorn engine is planned to be removed from a future JDK release
Warning: Nashorn engine is planned to be removed from a future JDK release
Warning: Nashorn engine is planned to be removed from a future JDK release
Warning: Nashorn engine is planned to be removed from a future JDK release
Warning: Nashorn engine is planned to be removed from a future JDK release
Warning: Nashorn engine is planned to be removed from a future JDK release
Warning: Nashorn engine is planned to be removed from a future JDK release
Warning: Nashorn engine is planned to be removed from a future JDK release
Warning: Nashorn engine is planned to be removed from a future JDK release
Warning: Nashorn engine is planned to be removed from a future JDK release
Warning: Nashorn engine is planned to be removed from a future JDK release
WARNING: TestSpontaneous: Model stopped before executing actions (e.g. producing outputs) scheduled for execution at times [5.6000000000000005]
Warning: Nashorn engine is planned to be removed from a future JDK release
Warning: Nashorn engine is planned to be removed from a future JDK release
Warning: Nashorn engine is planned to be removed from a future JDK release
Warning: Nashorn engine is planned to be removed from a future JDK release
Warning: Nashorn engine is planned to be removed from a future JDK release
Warning: Nashorn engine is planned to be removed from a future JDK release
Warning: Nashorn engine is planned to be removed from a future JDK release
Warning: Nashorn engine is planned to be removed from a future JDK release
Warning: Nashorn engine is planned to be removed from a future JDK release
Warning: Nashorn engine is planned to be removed from a future JDK release
Warning: Nashorn engine is planned to be removed from a future JDK release
Warning: Nashorn engine is planned to be removed from a future JDK release
Warning: Nashorn engine is planned to be removed from a future JDK release
Warning: Nashorn engine is planned to be removed from a future JDK release
Warning: Nashorn engine is planned to be removed from a future JDK release
Warning: Nashorn engine is planned to be removed from a future JDK release
Warning: Nashorn engine is planned to be removed from a future JDK release
Warning: Nashorn engine is planned to be removed from a future JDK release
Warning: Nashorn engine is planned to be removed from a future JDK release
Warning: Nashorn engine is planned to be removed from a future JDK release
Warning: Nashorn engine is planned to be removed from a future JDK release
Warning: Nashorn engine is planned to be removed from a future JDK release
Warning: Nashorn engine is planned to be removed from a future JDK release
Warning: Nashorn engine is planned to be removed from a future JDK release
Warning: Nashorn engine is planned to be removed from a future JDK release
Warning: Nashorn engine is planned to be removed from a future JDK release
Warning: Nashorn engine is planned to be removed from a future JDK release
Warning: Nashorn engine is planned to be removed from a future JDK release
Warning: Nashorn engine is planned to be removed from a future JDK release
Warning: Nashorn engine is planned to be removed from a future JDK release
Warning: Nashorn engine is planned to be removed from a future JDK release
Warning: Nashorn engine is planned to be removed from a future JDK release
Warning: Nashorn engine is planned to be removed from a future JDK release
Warning: Nashorn engine is planned to be removed from a future JDK release
Warning: Nashorn engine is planned to be removed from a future JDK release
Warning: Nashorn engine is planned to be removed from a future JDK release
Warning: Nashorn engine is planned to be removed from a future JDK release
Warning: Nashorn engine is planned to be removed from a future JDK release
Warning: Nashorn engine is planned to be removed from a future JDK release
Warning: Nashorn engine is planned to be removed from a future JDK release
Warning: Nashorn engine is planned to be removed from a future JDK release
Warning: Nashorn engine is planned to be removed from a future JDK release
Warning: Nashorn engine is planned to be removed from a future JDK release
Warning: Nashorn engine is planned to be removed from a future JDK release
Warning: Nashorn engine is planned to be removed from a future JDK release
Warning: Nashorn engine is planned to be removed from a future JDK release
Warning: Nashorn engine is planned to be removed from a future JDK release
Warning: Nashorn engine is planned to be removed from a future JDK release
Warning: Nashorn engine is planned to be removed from a future JDK release
Warning: Nashorn engine is planned to be removed from a future JDK release
Warning: Nashorn engine is planned to be removed from a future JDK release
Warning: Nashorn engine is planned to be removed from a future JDK release
Warning: Nashorn engine is planned to be removed from a future JDK release
Warning: Nashorn engine is planned to be removed from a future JDK release
Warning: Nashorn engine is planned to be removed from a future JDK release
Warning: Nashorn engine is planned to be removed from a future JDK release
Warning: Nashorn engine is planned to be removed from a future JDK release
Warning: Nashorn engine is planned to be removed from a future JDK release
Warning: Nashorn engine is planned to be removed from a future JDK release
Warning: Nashorn engine is planned to be removed from a future JDK release
Warning: Nashorn engine is planned to be removed from a future JDK release
Warning: Nashorn engine is planned to be removed from a future JDK release
Warning: Nashorn engine is planned to be removed from a future JDK release
Warning: Nashorn engine is planned to be removed from a future JDK release
Warning: Nashorn engine is planned to be removed from a future JDK release
Warning: Nashorn engine is planned to be removed from a future JDK release
Warning: Nashorn engine is planned to be removed from a future JDK release
Warning: Nashorn engine is planned to be removed from a future JDK release
Warning: Nashorn engine is planned to be removed from a future JDK release
Warning: Nashorn engine is planned to be removed from a future JDK release
Warning: Nashorn engine is planned to be removed from a future JDK release
Warning: Nashorn engine is planned to be removed from a future JDK release
Warning: Nashorn engine is planned to be removed from a future JDK release
Warning: Nashorn engine is planned to be removed from a future JDK release
WARNING: TestSpontaneous: Model stopped before executing actions (e.g. producing outputs) scheduled for execution at times [5.6000000000000005]
Warning: Nashorn engine is planned to be removed from a future JDK release
Warning: Nashorn engine is planned to be removed from a future JDK release
Warning: Nashorn engine is planned to be removed from a future JDK release
Warning: Nashorn engine is planned to be removed from a future JDK release
Warning: Nashorn engine is planned to be removed from a future JDK release
Warning: Nashorn engine is planned to be removed from a future JDK release
Warning: Nashorn engine is planned to be removed from a future JDK release
Warning: Nashorn engine is planned to be removed from a future JDK release
Warning: Nashorn engine is planned to be removed from a future JDK release
Warning: Nashorn engine is planned to be removed from a future JDK release
Warning: Nashorn engine is planned to be removed from a future JDK release
Warning: Nashorn engine is planned to be removed from a future JDK release
Warning: Nashorn engine is planned to be removed from a future JDK release
Warning: Nashorn engine is planned to be removed from a future JDK release
Warning: Nashorn engine is planned to be removed from a future JDK release
Warning: Nashorn engine is planned to be removed from a future JDK release
Warning: Nashorn engine is planned to be removed from a future JDK release
Warning: Nashorn engine is planned to be removed from a future JDK release
Warning: Nashorn engine is planned to be removed from a future JDK release
Warning: Nashorn engine is planned to be removed from a future JDK release
Warning: Nashorn engine is planned to be removed from a future JDK release
Warning: Nashorn engine is planned to be removed from a future JDK release
Warning: Nashorn engine is planned to be removed from a future JDK release
Warning: Nashorn engine is planned to be removed from a future JDK release
Warning: Nashorn engine is planned to be removed from a future JDK release
Warning: Nashorn engine is planned to be removed from a future JDK release
Warning: Nashorn engine is planned to be removed from a future JDK release
Warning: Nashorn engine is planned to be removed from a future JDK release
Warning: Nashorn engine is planned to be removed from a future JDK release
Warning: Nashorn engine is planned to be removed from a future JDK release
Warning: Nashorn engine is planned to be removed from a future JDK release
Warning: Nashorn engine is planned to be removed from a future JDK release
Warning: Nashorn engine is planned to be removed from a future JDK release
Warning: Nashorn engine is planned to be removed from a future JDK release
Warning: Nashorn engine is planned to be removed from a future JDK release
Warning: Nashorn engine is planned to be removed from a future JDK release
Warning: Nashorn engine is planned to be removed from a future JDK release
Warning: Nashorn engine is planned to be removed from a future JDK release
Warning: Nashorn engine is planned to be removed from a future JDK release
Warning: Nashorn engine is planned to be removed from a future JDK release
Warning: Nashorn engine is planned to be removed from a future JDK release
Warning: Nashorn engine is planned to be removed from a future JDK release
Warning: Nashorn engine is planned to be removed from a future JDK release
Warning: Nashorn engine is planned to be removed from a future JDK release
Warning: Nashorn engine is planned to be removed from a future JDK release
Warning: Nashorn engine is planned to be removed from a future JDK release
Warning: Nashorn engine is planned to be removed from a future JDK release
Warning: Nashorn engine is planned to be removed from a future JDK release
Warning: Nashorn engine is planned to be removed from a future JDK release
Warning: Nashorn engine is planned to be removed from a future JDK release
Warning: Nashorn engine is planned to be removed from a future JDK release
Warning: Nashorn engine is planned to be removed from a future JDK release
Warning: Nashorn engine is planned to be removed from a future JDK release
Warning: Nashorn engine is planned to be removed from a future JDK release
Warning: Nashorn engine is planned to be removed from a future JDK release
Warning: Nashorn engine is planned to be removed from a future JDK release
Warning: Nashorn engine is planned to be removed from a future JDK release
Warning: Nashorn engine is planned to be removed from a future JDK release
Warning: Nashorn engine is planned to be removed from a future JDK release
Warning: Nashorn engine is planned to be removed from a future JDK release
Warning: Nashorn engine is planned to be removed from a future JDK release
Warning: Nashorn engine is planned to be removed from a future JDK release
Warning: Nashorn engine is planned to be removed from a future JDK release
Warning: Nashorn engine is planned to be removed from a future JDK release
Warning: Nashorn engine is planned to be removed from a future JDK release
Warning: Nashorn engine is planned to be removed from a future JDK release
Warning: Nashorn engine is planned to be removed from a future JDK release
Warning: Nashorn engine is planned to be removed from a future JDK release
Warning: Nashorn engine is planned to be removed from a future JDK release
Warning: Nashorn engine is planned to be removed from a future JDK release
Warning: Nashorn engine is planned to be removed from a future JDK release
Warning: Nashorn engine is planned to be removed from a future JDK release
Warning: Nashorn engine is planned to be removed from a future JDK release
Warning: Nashorn engine is planned to be removed from a future JDK release
WARNING: TestSpontaneous: Model stopped before executing actions (e.g. producing outputs) scheduled for execution at times [5.6000000000000005]
Warning: Nashorn engine is planned to be removed from a future JDK release
Warning: Nashorn engine is planned to be removed from a future JDK release
Warning: Nashorn engine is planned to be removed from a future JDK release
Warning: Nashorn engine is planned to be removed from a future JDK release
Warning: Nashorn engine is planned to be removed from a future JDK release
Warning: Nashorn engine is planned to be removed from a future JDK release
Warning: Nashorn engine is planned to be removed from a future JDK release
Warning: Nashorn engine is planned to be removed from a future JDK release
Warning: Nashorn engine is planned to be removed from a future JDK release
Warning: Nashorn engine is planned to be removed from a future JDK release
]]></system-err>
</testsuite>
