<?xml version="1.0" encoding="UTF-8" ?>
<testsuite errors="0" failures="0" hostname="travis-job-dc475765-0352-469b-8913-94d9d0592236" name="ptolemy.domains.continuous.test.junit.JUnitTclTest" skipped="0" tests="155" time="81.039" timestamp="2018-06-16T01:24:43">
  <properties>
[...]
</properties>
  <testcase classname="ptolemy.util.test.junit.TclTests" name="[0] ThereAreNoTclTests (RunTclFile)" time="0.001" />
  <testcase classname="ptolemy.util.test.junit.AutoKnownFailedTests" name="[0] ThereAreNoKnowFailedTests (RunModel)" time="0.001" />
  <testcase classname="ptolemy.util.test.junit.AutoNameArchTests" name="[0] ThereAreNoAutoArchTests (RunModel)" time="0.001" />
  <testcase classname="ptolemy.util.test.junit.AutoTests" name="[0] /home/travis/build/icyphy/ptII/ptolemy/domains/continuous/test/auto/BouncingBall.xml (RunModel)" time="2.92" />
  <testcase classname="ptolemy.util.test.junit.AutoTests" name="[1] /home/travis/build/icyphy/ptII/ptolemy/domains/continuous/test/auto/BouncingBallWithoutGR.xml (RunModel)" time="0.945" />
  <testcase classname="ptolemy.util.test.junit.AutoTests" name="[2] /home/travis/build/icyphy/ptII/ptolemy/domains/continuous/test/auto/Brownian.xml (RunModel)" time="0.1" />
  <testcase classname="ptolemy.util.test.junit.AutoTests" name="[3] /home/travis/build/icyphy/ptII/ptolemy/domains/continuous/test/auto/CarTracking.xml (RunModel)" time="4.003" />
  <testcase classname="ptolemy.util.test.junit.AutoTests" name="[4] /home/travis/build/icyphy/ptII/ptolemy/domains/continuous/test/auto/CartPendulum.xml (RunModel)" time="0.488" />
  <testcase classname="ptolemy.util.test.junit.AutoTests" name="[5] /home/travis/build/icyphy/ptII/ptolemy/domains/continuous/test/auto/CausalityInterface10.xml (RunModel)" time="0.056" />
  <testcase classname="ptolemy.util.test.junit.AutoTests" name="[6] /home/travis/build/icyphy/ptII/ptolemy/domains/continuous/test/auto/CausalityInterface11.xml (RunModel)" time="0.029" />
  <testcase classname="ptolemy.util.test.junit.AutoTests" name="[7] /home/travis/build/icyphy/ptII/ptolemy/domains/continuous/test/auto/CausalityInterface12.xml (RunModel)" time="0.031" />
  <testcase classname="ptolemy.util.test.junit.AutoTests" name="[8] /home/travis/build/icyphy/ptII/ptolemy/domains/continuous/test/auto/CausalityInterface13.xml (RunModel)" time="0.04" />
  <testcase classname="ptolemy.util.test.junit.AutoTests" name="[9] /home/travis/build/icyphy/ptII/ptolemy/domains/continuous/test/auto/CausalityInterface14.xml (RunModel)" time="0.041" />
  <testcase classname="ptolemy.util.test.junit.AutoTests" name="[10] /home/travis/build/icyphy/ptII/ptolemy/domains/continuous/test/auto/CausalityInterface4.xml (RunModel)" time="0.032" />
  <testcase classname="ptolemy.util.test.junit.AutoTests" name="[11] /home/travis/build/icyphy/ptII/ptolemy/domains/continuous/test/auto/CausalityInterface5.xml (RunModel)" time="0.035" />
  <testcase classname="ptolemy.util.test.junit.AutoTests" name="[12] /home/travis/build/icyphy/ptII/ptolemy/domains/continuous/test/auto/CausalityInterface6.xml (RunModel)" time="0.033" />
  <testcase classname="ptolemy.util.test.junit.AutoTests" name="[13] /home/travis/build/icyphy/ptII/ptolemy/domains/continuous/test/auto/CausalityInterface7.xml (RunModel)" time="0.047" />
  <testcase classname="ptolemy.util.test.junit.AutoTests" name="[14] /home/travis/build/icyphy/ptII/ptolemy/domains/continuous/test/auto/CausalityInterface8.xml (RunModel)" time="0.037" />
  <testcase classname="ptolemy.util.test.junit.AutoTests" name="[15] /home/travis/build/icyphy/ptII/ptolemy/domains/continuous/test/auto/CausalityInterface9.xml (RunModel)" time="0.038" />
  <testcase classname="ptolemy.util.test.junit.AutoTests" name="[16] /home/travis/build/icyphy/ptII/ptolemy/domains/continuous/test/auto/CausalityInterfaceFeedback1.xml (RunModel)" time="0.028" />
  <testcase classname="ptolemy.util.test.junit.AutoTests" name="[17] /home/travis/build/icyphy/ptII/ptolemy/domains/continuous/test/auto/CausalityInterfaceFeedback2.xml (RunModel)" time="0.039" />
  <testcase classname="ptolemy.util.test.junit.AutoTests" name="[18] /home/travis/build/icyphy/ptII/ptolemy/domains/continuous/test/auto/CompareWithCurrentTime.xml (RunModel)" time="0.026" />
  <testcase classname="ptolemy.util.test.junit.AutoTests" name="[19] /home/travis/build/icyphy/ptII/ptolemy/domains/continuous/test/auto/ComparedClocks.xml (RunModel)" time="0.075" />
  <testcase classname="ptolemy.util.test.junit.AutoTests" name="[20] /home/travis/build/icyphy/ptII/ptolemy/domains/continuous/test/auto/ContinuousAOCClone.xml (RunModel)" time="2.57" />
  <testcase classname="ptolemy.util.test.junit.AutoTests" name="[21] /home/travis/build/icyphy/ptII/ptolemy/domains/continuous/test/auto/ContinuousClock.xml (RunModel)" time="0.104" />
  <testcase classname="ptolemy.util.test.junit.AutoTests" name="[22] /home/travis/build/icyphy/ptII/ptolemy/domains/continuous/test/auto/ContinuousInContinuous.xml (RunModel)" time="0.105" />
  <testcase classname="ptolemy.util.test.junit.AutoTests" name="[23] /home/travis/build/icyphy/ptII/ptolemy/domains/continuous/test/auto/ContinuousInContinuousInContinuous.xml (RunModel)" time="0.032" />
  <testcase classname="ptolemy.util.test.junit.AutoTests" name="[24] /home/travis/build/icyphy/ptII/ptolemy/domains/continuous/test/auto/ContinuousInDE.xml (RunModel)" time="0.156" />
  <testcase classname="ptolemy.util.test.junit.AutoTests" name="[25] /home/travis/build/icyphy/ptII/ptolemy/domains/continuous/test/auto/ContinuousInDE2.xml (RunModel)" time="0.079" />
  <testcase classname="ptolemy.util.test.junit.AutoTests" name="[26] /home/travis/build/icyphy/ptII/ptolemy/domains/continuous/test/auto/ContinuousInDE3.xml (RunModel)" time="0.078" />
  <testcase classname="ptolemy.util.test.junit.AutoTests" name="[27] /home/travis/build/icyphy/ptII/ptolemy/domains/continuous/test/auto/ContinuousInDE4.xml (RunModel)" time="0.047" />
  <testcase classname="ptolemy.util.test.junit.AutoTests" name="[28] /home/travis/build/icyphy/ptII/ptolemy/domains/continuous/test/auto/ContinuousInDEDifferentRefinements.xml (RunModel)" time="0.148" />
  <testcase classname="ptolemy.util.test.junit.AutoTests" name="[29] /home/travis/build/icyphy/ptII/ptolemy/domains/continuous/test/auto/ContinuousInDEDifferentRefinementsPreemptive.xml (RunModel)" time="0.105" />
  <testcase classname="ptolemy.util.test.junit.AutoTests" name="[30] /home/travis/build/icyphy/ptII/ptolemy/domains/continuous/test/auto/ContinuousInDEInContinuous2.xml (RunModel)" time="0.076" />
  <testcase classname="ptolemy.util.test.junit.AutoTests" name="[31] /home/travis/build/icyphy/ptII/ptolemy/domains/continuous/test/auto/ContinuousInDEInContinuous3.xml (RunModel)" time="0.103" />
  <testcase classname="ptolemy.util.test.junit.AutoTests" name="[32] /home/travis/build/icyphy/ptII/ptolemy/domains/continuous/test/auto/ContinuousInDEInput.xml (RunModel)" time="0.04" />
  <testcase classname="ptolemy.util.test.junit.AutoTests" name="[33] /home/travis/build/icyphy/ptII/ptolemy/domains/continuous/test/auto/ContinuousInDEInput2.xml (RunModel)" time="0.05" />
  <testcase classname="ptolemy.util.test.junit.AutoTests" name="[34] /home/travis/build/icyphy/ptII/ptolemy/domains/continuous/test/auto/ContinuousInDEInput3.xml (RunModel)" time="0.045" />
  <testcase classname="ptolemy.util.test.junit.AutoTests" name="[35] /home/travis/build/icyphy/ptII/ptolemy/domains/continuous/test/auto/ContinuousInDESharingRefinement.xml (RunModel)" time="0.235" />
  <testcase classname="ptolemy.util.test.junit.AutoTests" name="[36] /home/travis/build/icyphy/ptII/ptolemy/domains/continuous/test/auto/ContinuousInDEwithNoPorts.xml (RunModel)" time="0.02" />
  <testcase classname="ptolemy.util.test.junit.AutoTests" name="[37] /home/travis/build/icyphy/ptII/ptolemy/domains/continuous/test/auto/ContinuousInsideDE.xml (RunModel)" time="0.094" />
  <testcase classname="ptolemy.util.test.junit.AutoTests" name="[38] /home/travis/build/icyphy/ptII/ptolemy/domains/continuous/test/auto/ContinuousMerge1.xml (RunModel)" time="0.013" />
  <testcase classname="ptolemy.util.test.junit.AutoTests" name="[39] /home/travis/build/icyphy/ptII/ptolemy/domains/continuous/test/auto/ContinuousMerge2.xml (RunModel)" time="0.057" />
  <testcase classname="ptolemy.util.test.junit.AutoTests" name="[40] /home/travis/build/icyphy/ptII/ptolemy/domains/continuous/test/auto/ContinuousMerge3.xml (RunModel)" time="0.09" />
  <testcase classname="ptolemy.util.test.junit.AutoTests" name="[41] /home/travis/build/icyphy/ptII/ptolemy/domains/continuous/test/auto/ContinuousWithinContinuous.xml (RunModel)" time="0.082" />
  <testcase classname="ptolemy.util.test.junit.AutoTests" name="[42] /home/travis/build/icyphy/ptII/ptolemy/domains/continuous/test/auto/ContinuousWithinContinuous2.xml (RunModel)" time="0.117" />
  <testcase classname="ptolemy.util.test.junit.AutoTests" name="[43] /home/travis/build/icyphy/ptII/ptolemy/domains/continuous/test/auto/ContinuousWithinContinuous3.xml (RunModel)" time="0.043" />
  <testcase classname="ptolemy.util.test.junit.AutoTests" name="[44] /home/travis/build/icyphy/ptII/ptolemy/domains/continuous/test/auto/ContinuousWithinContinuous4.xml (RunModel)" time="0.114" />
  <testcase classname="ptolemy.util.test.junit.AutoTests" name="[45] /home/travis/build/icyphy/ptII/ptolemy/domains/continuous/test/auto/ContinuousWithinContinuous5.xml (RunModel)" time="0.035" />
  <testcase classname="ptolemy.util.test.junit.AutoTests" name="[46] /home/travis/build/icyphy/ptII/ptolemy/domains/continuous/test/auto/ContinuousWithinContinuous6.xml (RunModel)" time="0.034" />
  <testcase classname="ptolemy.util.test.junit.AutoTests" name="[47] /home/travis/build/icyphy/ptII/ptolemy/domains/continuous/test/auto/ContinuousWithinContinuous7.xml (RunModel)" time="0.098" />
  <testcase classname="ptolemy.util.test.junit.AutoTests" name="[48] /home/travis/build/icyphy/ptII/ptolemy/domains/continuous/test/auto/DCMotor.xml (RunModel)" time="17.396" />
  <testcase classname="ptolemy.util.test.junit.AutoTests" name="[49] /home/travis/build/icyphy/ptII/ptolemy/domains/continuous/test/auto/DEInContinuous.xml (RunModel)" time="0.057" />
  <testcase classname="ptolemy.util.test.junit.AutoTests" name="[50] /home/travis/build/icyphy/ptII/ptolemy/domains/continuous/test/auto/DEinContinuous2.xml (RunModel)" time="0.046" />
  <testcase classname="ptolemy.util.test.junit.AutoTests" name="[51] /home/travis/build/icyphy/ptII/ptolemy/domains/continuous/test/auto/Derivative.xml (RunModel)" time="0.253" />
  <testcase classname="ptolemy.util.test.junit.AutoTests" name="[52] /home/travis/build/icyphy/ptII/ptolemy/domains/continuous/test/auto/Derivative1.xml (RunModel)" time="0.062" />
  <testcase classname="ptolemy.util.test.junit.AutoTests" name="[53] /home/travis/build/icyphy/ptII/ptolemy/domains/continuous/test/auto/DiscreteClock.xml (RunModel)" time="0.021" />
  <testcase classname="ptolemy.util.test.junit.AutoTests" name="[54] /home/travis/build/icyphy/ptII/ptolemy/domains/continuous/test/auto/EfficiencyCurve.xml (RunModel)" time="0.133" />
  <testcase classname="ptolemy.util.test.junit.AutoTests" name="[55] /home/travis/build/icyphy/ptII/ptolemy/domains/continuous/test/auto/ExponentialResponse.xml (RunModel)" time="0.155" />
  <testcase classname="ptolemy.util.test.junit.AutoTests" name="[56] /home/travis/build/icyphy/ptII/ptolemy/domains/continuous/test/auto/ExponentialResponseRK45.xml (RunModel)" time="0.043" />
  <testcase classname="ptolemy.util.test.junit.AutoTests" name="[57] /home/travis/build/icyphy/ptII/ptolemy/domains/continuous/test/auto/Friction.xml (RunModel)" time="1.697" />
  <testcase classname="ptolemy.util.test.junit.AutoTests" name="[58] /home/travis/build/icyphy/ptII/ptolemy/domains/continuous/test/auto/FurutaPendulum.xml (RunModel)" time="3.208" />
  <testcase classname="ptolemy.util.test.junit.AutoTests" name="[59] /home/travis/build/icyphy/ptII/ptolemy/domains/continuous/test/auto/HierarchicalExecution.xml (RunModel)" time="2.851" />
  <testcase classname="ptolemy.util.test.junit.AutoTests" name="[60] /home/travis/build/icyphy/ptII/ptolemy/domains/continuous/test/auto/HybridPlant.xml (RunModel)" time="0.667" />
  <testcase classname="ptolemy.util.test.junit.AutoTests" name="[61] /home/travis/build/icyphy/ptII/ptolemy/domains/continuous/test/auto/Hysteresis.xml (RunModel)" time="0.205" />
  <testcase classname="ptolemy.util.test.junit.AutoTests" name="[62] /home/travis/build/icyphy/ptII/ptolemy/domains/continuous/test/auto/HysteresisWithRandomDelay.xml (RunModel)" time="0.27" />
  <testcase classname="ptolemy.util.test.junit.AutoTests" name="[63] /home/travis/build/icyphy/ptII/ptolemy/domains/continuous/test/auto/HysteresisWithRandomLosses.xml (RunModel)" time="2.806" />
  <testcase classname="ptolemy.util.test.junit.AutoTests" name="[64] /home/travis/build/icyphy/ptII/ptolemy/domains/continuous/test/auto/ImmediateTransitions.xml (RunModel)" time="0.041" />
  <testcase classname="ptolemy.util.test.junit.AutoTests" name="[65] /home/travis/build/icyphy/ptII/ptolemy/domains/continuous/test/auto/ImpulseFeedback.xml (RunModel)" time="0.032" />
  <testcase classname="ptolemy.util.test.junit.AutoTests" name="[66] /home/travis/build/icyphy/ptII/ptolemy/domains/continuous/test/auto/ImpulseFeedback2.xml (RunModel)" time="0.021" />
  <testcase classname="ptolemy.util.test.junit.AutoTests" name="[67] /home/travis/build/icyphy/ptII/ptolemy/domains/continuous/test/auto/IncreasingRatePoisson.xml (RunModel)" time="0.85" />
  <testcase classname="ptolemy.util.test.junit.AutoTests" name="[68] /home/travis/build/icyphy/ptII/ptolemy/domains/continuous/test/auto/InitialStateFeedback.xml (RunModel)" time="0.018" />
  <testcase classname="ptolemy.util.test.junit.AutoTests" name="[69] /home/travis/build/icyphy/ptII/ptolemy/domains/continuous/test/auto/Integration.xml (RunModel)" time="0.019" />
  <testcase classname="ptolemy.util.test.junit.AutoTests" name="[70] /home/travis/build/icyphy/ptII/ptolemy/domains/continuous/test/auto/Integration2.xml (RunModel)" time="0.104" />
  <testcase classname="ptolemy.util.test.junit.AutoTests" name="[71] /home/travis/build/icyphy/ptII/ptolemy/domains/continuous/test/auto/Integration3.xml (RunModel)" time="0.014" />
  <testcase classname="ptolemy.util.test.junit.AutoTests" name="[72] /home/travis/build/icyphy/ptII/ptolemy/domains/continuous/test/auto/Integration5.xml (RunModel)" time="0.026" />
  <testcase classname="ptolemy.util.test.junit.AutoTests" name="[73] /home/travis/build/icyphy/ptII/ptolemy/domains/continuous/test/auto/IntegratorImpulse.xml (RunModel)" time="0.011" />
  <testcase classname="ptolemy.util.test.junit.AutoTests" name="[74] /home/travis/build/icyphy/ptII/ptolemy/domains/continuous/test/auto/IntegratorImpulse2.xml (RunModel)" time="0.012" />
  <testcase classname="ptolemy.util.test.junit.AutoTests" name="[75] /home/travis/build/icyphy/ptII/ptolemy/domains/continuous/test/auto/LevelCrossing1.xml (RunModel)" time="0.012" />
  <testcase classname="ptolemy.util.test.junit.AutoTests" name="[76] /home/travis/build/icyphy/ptII/ptolemy/domains/continuous/test/auto/LevelCrossing2.xml (RunModel)" time="0.014" />
  <testcase classname="ptolemy.util.test.junit.AutoTests" name="[77] /home/travis/build/icyphy/ptII/ptolemy/domains/continuous/test/auto/LevelCrossing3.xml (RunModel)" time="0.014" />
  <testcase classname="ptolemy.util.test.junit.AutoTests" name="[78] /home/travis/build/icyphy/ptII/ptolemy/domains/continuous/test/auto/LevelCrossing4.xml (RunModel)" time="0.022" />
  <testcase classname="ptolemy.util.test.junit.AutoTests" name="[79] /home/travis/build/icyphy/ptII/ptolemy/domains/continuous/test/auto/LevelCrossing5.xml (RunModel)" time="0.014" />
  <testcase classname="ptolemy.util.test.junit.AutoTests" name="[80] /home/travis/build/icyphy/ptII/ptolemy/domains/continuous/test/auto/LevelCrossing6.xml (RunModel)" time="0.015" />
  <testcase classname="ptolemy.util.test.junit.AutoTests" name="[81] /home/travis/build/icyphy/ptII/ptolemy/domains/continuous/test/auto/LevelCrossingDetector.xml (RunModel)" time="0.048" />
  <testcase classname="ptolemy.util.test.junit.AutoTests" name="[82] /home/travis/build/icyphy/ptII/ptolemy/domains/continuous/test/auto/LevelCrossingDetectorDetectingDirections.xml (RunModel)" time="0.104" />
  <testcase classname="ptolemy.util.test.junit.AutoTests" name="[83] /home/travis/build/icyphy/ptII/ptolemy/domains/continuous/test/auto/LevelCrossingDetectorDetectsGlitches.xml (RunModel)" time="0.077" />
  <testcase classname="ptolemy.util.test.junit.AutoTests" name="[84] /home/travis/build/icyphy/ptII/ptolemy/domains/continuous/test/auto/LevelCrossingNoInitialOuput.xml (RunModel)" time="0.014" />
  <testcase classname="ptolemy.util.test.junit.AutoTests" name="[85] /home/travis/build/icyphy/ptII/ptolemy/domains/continuous/test/auto/LinearStateSpaceExample.xml (RunModel)" time="0.044" />
  <testcase classname="ptolemy.util.test.junit.AutoTests" name="[86] /home/travis/build/icyphy/ptII/ptolemy/domains/continuous/test/auto/Lorenz.xml (RunModel)" time="4.687" />
  <testcase classname="ptolemy.util.test.junit.AutoTests" name="[87] /home/travis/build/icyphy/ptII/ptolemy/domains/continuous/test/auto/LorenzDifferentialSystem.xml (RunModel)" time="1.391" />
  <testcase classname="ptolemy.util.test.junit.AutoTests" name="[88] /home/travis/build/icyphy/ptII/ptolemy/domains/continuous/test/auto/LorenzDifferentialSystemWithInput.xml (RunModel)" time="1.341" />
  <testcase classname="ptolemy.util.test.junit.AutoTests" name="[89] /home/travis/build/icyphy/ptII/ptolemy/domains/continuous/test/auto/LorenzDifferentialSystemWithTime.xml (RunModel)" time="0.697" />
  <testcase classname="ptolemy.util.test.junit.AutoTests" name="[90] /home/travis/build/icyphy/ptII/ptolemy/domains/continuous/test/auto/Microsteps.xml (RunModel)" time="0.021" />
  <testcase classname="ptolemy.util.test.junit.AutoTests" name="[91] /home/travis/build/icyphy/ptII/ptolemy/domains/continuous/test/auto/Modal1.xml (RunModel)" time="0.055" />
  <testcase classname="ptolemy.util.test.junit.AutoTests" name="[92] /home/travis/build/icyphy/ptII/ptolemy/domains/continuous/test/auto/Modal2.xml (RunModel)" time="0.041" />
  <testcase classname="ptolemy.util.test.junit.AutoTests" name="[93] /home/travis/build/icyphy/ptII/ptolemy/domains/continuous/test/auto/ModalTransitionGuardWithReset.xml (RunModel)" time="0.027" />
  <testcase classname="ptolemy.util.test.junit.AutoTests" name="[94] /home/travis/build/icyphy/ptII/ptolemy/domains/continuous/test/auto/ModalTransitionGuardWithResetUsingPreemptiveTransition.xml (RunModel)" time="0.027" />
  <testcase classname="ptolemy.util.test.junit.AutoTests" name="[95] /home/travis/build/icyphy/ptII/ptolemy/domains/continuous/test/auto/ModalTransitionGuardWithResetUsingPreemptiveTransition2.xml (RunModel)" time="0.027" />
  <testcase classname="ptolemy.util.test.junit.AutoTests" name="[96] /home/travis/build/icyphy/ptII/ptolemy/domains/continuous/test/auto/ModalTransitionGuardWithResetUsingPreemptiveTransition3.xml (RunModel)" time="0.033" />
  <testcase classname="ptolemy.util.test.junit.AutoTests" name="[97] /home/travis/build/icyphy/ptII/ptolemy/domains/continuous/test/auto/NewtonsCradle.xml (RunModel)" time="0.889" />
  <testcase classname="ptolemy.util.test.junit.AutoTests" name="[98] /home/travis/build/icyphy/ptII/ptolemy/domains/continuous/test/auto/NewtonsCradleAnimated.xml (RunModel)" time="1.454" />
  <testcase classname="ptolemy.util.test.junit.AutoTests" name="[99] /home/travis/build/icyphy/ptII/ptolemy/domains/continuous/test/auto/NewtonsCradleComplicated.xml (RunModel)" time="1.009" />
  <testcase classname="ptolemy.util.test.junit.AutoTests" name="[100] /home/travis/build/icyphy/ptII/ptolemy/domains/continuous/test/auto/NewtonsCradleNondeterministic.xml (RunModel)" time="0.769" />
  <testcase classname="ptolemy.util.test.junit.AutoTests" name="[101] /home/travis/build/icyphy/ptII/ptolemy/domains/continuous/test/auto/NewtonsCradlePerfectlyInelastic1.xml (RunModel)" time="1.253" />
  <testcase classname="ptolemy.util.test.junit.AutoTests" name="[102] /home/travis/build/icyphy/ptII/ptolemy/domains/continuous/test/auto/Noise.xml (RunModel)" time="0.181" />
  <testcase classname="ptolemy.util.test.junit.AutoTests" name="[103] /home/travis/build/icyphy/ptII/ptolemy/domains/continuous/test/auto/NoiseSpectrum.xml (RunModel)" time="0.809" />
  <testcase classname="ptolemy.util.test.junit.AutoTests" name="[104] /home/travis/build/icyphy/ptII/ptolemy/domains/continuous/test/auto/ParameterizedNewtonsCradleAnimated.xml (RunModel)" time="0.375" />
  <testcase classname="ptolemy.util.test.junit.AutoTests" name="[105] /home/travis/build/icyphy/ptII/ptolemy/domains/continuous/test/auto/ParameterizedNewtonsCradleAnimatedNondeterministic.xml (RunModel)" time="1.182" />
  <testcase classname="ptolemy.util.test.junit.AutoTests" name="[106] /home/travis/build/icyphy/ptII/ptolemy/domains/continuous/test/auto/Pendulum3D.xml (RunModel)" time="0.202" />
  <testcase classname="ptolemy.util.test.junit.AutoTests" name="[107] /home/travis/build/icyphy/ptII/ptolemy/domains/continuous/test/auto/PeriodicSampler.xml (RunModel)" time="0.014" />
  <testcase classname="ptolemy.util.test.junit.AutoTests" name="[108] /home/travis/build/icyphy/ptII/ptolemy/domains/continuous/test/auto/PeriodicSampler1.xml (RunModel)" time="0.049" />
  <testcase classname="ptolemy.util.test.junit.AutoTests" name="[109] /home/travis/build/icyphy/ptII/ptolemy/domains/continuous/test/auto/PeriodicSampler2.xml (RunModel)" time="0.085" />
  <testcase classname="ptolemy.util.test.junit.AutoTests" name="[110] /home/travis/build/icyphy/ptII/ptolemy/domains/continuous/test/auto/Poisson.xml (RunModel)" time="0.535" />
  <testcase classname="ptolemy.util.test.junit.AutoTests" name="[111] /home/travis/build/icyphy/ptII/ptolemy/domains/continuous/test/auto/PoissonClock.xml (RunModel)" time="0.014" />
  <testcase classname="ptolemy.util.test.junit.AutoTests" name="[112] /home/travis/build/icyphy/ptII/ptolemy/domains/continuous/test/auto/PoissonClock2.xml (RunModel)" time="0.02" />
  <testcase classname="ptolemy.util.test.junit.AutoTests" name="[113] /home/travis/build/icyphy/ptII/ptolemy/domains/continuous/test/auto/PortParameterHierarchy.xml (RunModel)" time="0.02" />
  <testcase classname="ptolemy.util.test.junit.AutoTests" name="[114] /home/travis/build/icyphy/ptII/ptolemy/domains/continuous/test/auto/RandomHybridPlant.xml (RunModel)" time="0.652" />
  <testcase classname="ptolemy.util.test.junit.AutoTests" name="[115] /home/travis/build/icyphy/ptII/ptolemy/domains/continuous/test/auto/ResetTransitionWithStartTime1.xml (RunModel)" time="0.05" />
  <testcase classname="ptolemy.util.test.junit.AutoTests" name="[116] /home/travis/build/icyphy/ptII/ptolemy/domains/continuous/test/auto/ResetTransitionWithStartTime2.xml (RunModel)" time="0.051" />
  <testcase classname="ptolemy.util.test.junit.AutoTests" name="[117] /home/travis/build/icyphy/ptII/ptolemy/domains/continuous/test/auto/ResetTransitionWithStartTime3.xml (RunModel)" time="0.044" />
  <testcase classname="ptolemy.util.test.junit.AutoTests" name="[118] /home/travis/build/icyphy/ptII/ptolemy/domains/continuous/test/auto/ResetTransitionWithStartTime4.xml (RunModel)" time="0.026" />
  <testcase classname="ptolemy.util.test.junit.AutoTests" name="[119] /home/travis/build/icyphy/ptII/ptolemy/domains/continuous/test/auto/ResetTransitionWithStartTime5.xml (RunModel)" time="0.037" />
  <testcase classname="ptolemy.util.test.junit.AutoTests" name="[120] /home/travis/build/icyphy/ptII/ptolemy/domains/continuous/test/auto/ResetTransitionWithStartTime6.xml (RunModel)" time="0.028" />
  <testcase classname="ptolemy.util.test.junit.AutoTests" name="[121] /home/travis/build/icyphy/ptII/ptolemy/domains/continuous/test/auto/SRinContinuous.xml (RunModel)" time="0.024" />
  <testcase classname="ptolemy.util.test.junit.AutoTests" name="[122] /home/travis/build/icyphy/ptII/ptolemy/domains/continuous/test/auto/SampledClocks.xml (RunModel)" time="0.026" />
  <testcase classname="ptolemy.util.test.junit.AutoTests" name="[123] /home/travis/build/icyphy/ptII/ptolemy/domains/continuous/test/auto/Satellite.xml (RunModel)" time="0.727" />
  <testcase classname="ptolemy.util.test.junit.AutoTests" name="[124] /home/travis/build/icyphy/ptII/ptolemy/domains/continuous/test/auto/SigmaDelta.xml (RunModel)" time="2.472" />
  <testcase classname="ptolemy.util.test.junit.AutoTests" name="[125] /home/travis/build/icyphy/ptII/ptolemy/domains/continuous/test/auto/SinuBouncingBall.xml (RunModel)" time="0.841" />
  <testcase classname="ptolemy.util.test.junit.AutoTests" name="[126] /home/travis/build/icyphy/ptII/ptolemy/domains/continuous/test/auto/Sinusoid.xml (RunModel)" time="0.02" />
  <testcase classname="ptolemy.util.test.junit.AutoTests" name="[127] /home/travis/build/icyphy/ptII/ptolemy/domains/continuous/test/auto/SinusoidInNoise.xml (RunModel)" time="0.907" />
  <testcase classname="ptolemy.util.test.junit.AutoTests" name="[128] /home/travis/build/icyphy/ptII/ptolemy/domains/continuous/test/auto/SinusoidRK45.xml (RunModel)" time="0.013" />
  <testcase classname="ptolemy.util.test.junit.AutoTests" name="[129] /home/travis/build/icyphy/ptII/ptolemy/domains/continuous/test/auto/SinusoidWithMultipleImpulses.xml (RunModel)" time="0.012" />
  <testcase classname="ptolemy.util.test.junit.AutoTests" name="[130] /home/travis/build/icyphy/ptII/ptolemy/domains/continuous/test/auto/SquareWave.xml (RunModel)" time="0.208" />
  <testcase classname="ptolemy.util.test.junit.AutoTests" name="[131] /home/travis/build/icyphy/ptII/ptolemy/domains/continuous/test/auto/Starmac.xml (RunModel)" time="3.487" />
  <testcase classname="ptolemy.util.test.junit.AutoTests" name="[132] /home/travis/build/icyphy/ptII/ptolemy/domains/continuous/test/auto/StaticUnits.xml (RunModel)" time="2.492" />
  <testcase classname="ptolemy.util.test.junit.AutoTests" name="[133] /home/travis/build/icyphy/ptII/ptolemy/domains/continuous/test/auto/StickyMasses.xml (RunModel)" time="0.202" />
  <testcase classname="ptolemy.util.test.junit.AutoTests" name="[134] /home/travis/build/icyphy/ptII/ptolemy/domains/continuous/test/auto/StopTime.xml (RunModel)" time="0.068" />
  <testcase classname="ptolemy.util.test.junit.AutoTests" name="[135] /home/travis/build/icyphy/ptII/ptolemy/domains/continuous/test/auto/StopTime2.xml (RunModel)" time="0.067" />
  <testcase classname="ptolemy.util.test.junit.AutoTests" name="[136] /home/travis/build/icyphy/ptII/ptolemy/domains/continuous/test/auto/Switch.xml (RunModel)" time="0.077" />
  <testcase classname="ptolemy.util.test.junit.AutoTests" name="[137] /home/travis/build/icyphy/ptII/ptolemy/domains/continuous/test/auto/Thermostat.xml (RunModel)" time="0.249" />
  <testcase classname="ptolemy.util.test.junit.AutoTests" name="[138] /home/travis/build/icyphy/ptII/ptolemy/domains/continuous/test/auto/TimeDelay.xml (RunModel)" time="0.022" />
  <testcase classname="ptolemy.util.test.junit.AutoTests" name="[139] /home/travis/build/icyphy/ptII/ptolemy/domains/continuous/test/auto/TimeDelay2.xml (RunModel)" time="0.022" />
  <testcase classname="ptolemy.util.test.junit.AutoTests" name="[140] /home/travis/build/icyphy/ptII/ptolemy/domains/continuous/test/auto/TimeDelay3.xml (RunModel)" time="0.015" />
  <testcase classname="ptolemy.util.test.junit.AutoTests" name="[141] /home/travis/build/icyphy/ptII/ptolemy/domains/continuous/test/auto/TransferAbsentToInside.xml (RunModel)" time="0.171" />
  <testcase classname="ptolemy.util.test.junit.AutoTests" name="[142] /home/travis/build/icyphy/ptII/ptolemy/domains/continuous/test/auto/Transmission.xml (RunModel)" time="0.959" />
  <testcase classname="ptolemy.util.test.junit.AutoTests" name="[143] /home/travis/build/icyphy/ptII/ptolemy/domains/continuous/test/auto/TriggeredContinuousClock.xml (RunModel)" time="0.082" />
  <testcase classname="ptolemy.util.test.junit.AutoTests" name="[144] /home/travis/build/icyphy/ptII/ptolemy/domains/continuous/test/auto/TwoMachineInfiniteBusControl.xml (RunModel)" time="2.512" />
  <testcase classname="ptolemy.util.test.junit.AutoTests" name="[145] /home/travis/build/icyphy/ptII/ptolemy/domains/continuous/test/auto/V2V.xml (RunModel)" time="0.854" />
  <testcase classname="ptolemy.util.test.junit.AutoTests" name="[146] /home/travis/build/icyphy/ptII/ptolemy/domains/continuous/test/auto/hierarchicalModalModel.xml (RunModel)" time="0.034" />
  <testcase classname="ptolemy.util.test.junit.AutoTests" name="[147] /home/travis/build/icyphy/ptII/ptolemy/domains/continuous/test/auto/hierarchicalModalModel1.xml (RunModel)" time="0.038" />
  <testcase classname="ptolemy.util.test.junit.AutoTests" name="[148] /home/travis/build/icyphy/ptII/ptolemy/domains/continuous/test/auto/hierarchicalModalModel2.xml (RunModel)" time="0.032" />
  <testcase classname="ptolemy.util.test.junit.AutoTests" name="[149] /home/travis/build/icyphy/ptII/ptolemy/domains/continuous/test/auto/hierarchicalModalModel3.xml (RunModel)" time="0.026" />
  <testcase classname="ptolemy.util.test.junit.AutoTests" name="[150] /home/travis/build/icyphy/ptII/ptolemy/domains/continuous/test/auto/hierarchicalModalModel4.xml (RunModel)" time="0.029" />
  <testcase classname="ptolemy.util.test.junit.AutoTests" name="[151] /home/travis/build/icyphy/ptII/ptolemy/domains/continuous/test/auto/junk.xml (RunModel)" time="0.188" />
  <system-out><![CDATA[No tcl tests in /home/travis/build/icyphy/ptII/ptolemy/domains/continuous/test
No auto/knownFailedTests/*.xml tests in /home/travis/build/icyphy/ptII/ptolemy/domains/continuous/test
No auto/linux-amd64/*.xml tests in /home/travis/build/icyphy/ptII/ptolemy/domains/continuous/test
AutoTests.java: About to close Vertx.
AutoTests.java: Vertx closed.

===========================================================================================
----------------- testing Sat Jun 16 01:24:43 UTC 2018 /home/travis/build/icyphy/ptII/ptolemy/domains/continuous/test/auto/BouncingBall.xml
----------------- Instantiating /home/travis/build/icyphy/ptII/ptolemy/domains/continuous/test/auto/BouncingBall.xml
2429 ms. Memory: 331776K Free: 259405K (78%)
----------------- Invoking toplevel() on ptolemy.moml.MoMLSimpleApplication@6b526657
----------------- Done invoking toplevel() on ptolemy.moml.MoMLSimpleApplication@6b526657
reloadAllAccessors: .BouncingBall

===========================================================================================
----------------- testing Sat Jun 16 01:24:46 UTC 2018 /home/travis/build/icyphy/ptII/ptolemy/domains/continuous/test/auto/BouncingBallWithoutGR.xml
----------------- Instantiating /home/travis/build/icyphy/ptII/ptolemy/domains/continuous/test/auto/BouncingBallWithoutGR.xml
815 ms. Memory: 331776K Free: 320887K (97%)
----------------- Invoking toplevel() on ptolemy.moml.MoMLSimpleApplication@ebd92ad
----------------- Done invoking toplevel() on ptolemy.moml.MoMLSimpleApplication@ebd92ad
reloadAllAccessors: .BouncingBallWithoutGR

===========================================================================================
----------------- testing Sat Jun 16 01:24:47 UTC 2018 /home/travis/build/icyphy/ptII/ptolemy/domains/continuous/test/auto/Brownian.xml
----------------- Instantiating /home/travis/build/icyphy/ptII/ptolemy/domains/continuous/test/auto/Brownian.xml
32 ms. Memory: 331776K Free: 306920K (93%)
----------------- Invoking toplevel() on ptolemy.moml.MoMLSimpleApplication@1bf96c87
----------------- Done invoking toplevel() on ptolemy.moml.MoMLSimpleApplication@1bf96c87
reloadAllAccessors: .Brownian

===========================================================================================
----------------- testing Sat Jun 16 01:24:47 UTC 2018 /home/travis/build/icyphy/ptII/ptolemy/domains/continuous/test/auto/CarTracking.xml
----------------- Instantiating /home/travis/build/icyphy/ptII/ptolemy/domains/continuous/test/auto/CarTracking.xml
3610 ms. Memory: 578048K Free: 477995K (83%)
----------------- Invoking toplevel() on ptolemy.moml.MoMLSimpleApplication@36f7fd7b
----------------- Done invoking toplevel() on ptolemy.moml.MoMLSimpleApplication@36f7fd7b
reloadAllAccessors: .CarTracking

===========================================================================================
----------------- testing Sat Jun 16 01:24:51 UTC 2018 /home/travis/build/icyphy/ptII/ptolemy/domains/continuous/test/auto/CartPendulum.xml
----------------- Instantiating /home/travis/build/icyphy/ptII/ptolemy/domains/continuous/test/auto/CartPendulum.xml
372 ms. Memory: 578048K Free: 373418K (65%)
----------------- Invoking toplevel() on ptolemy.moml.MoMLSimpleApplication@2e65afe2
----------------- Done invoking toplevel() on ptolemy.moml.MoMLSimpleApplication@2e65afe2
reloadAllAccessors: .CartPendulum

===========================================================================================
----------------- testing Sat Jun 16 01:24:52 UTC 2018 /home/travis/build/icyphy/ptII/ptolemy/domains/continuous/test/auto/CausalityInterface10.xml
----------------- Instantiating /home/travis/build/icyphy/ptII/ptolemy/domains/continuous/test/auto/CausalityInterface10.xml
15 ms. Memory: 578048K Free: 360308K (62%)
----------------- Invoking toplevel() on ptolemy.moml.MoMLSimpleApplication@655cc1b
----------------- Done invoking toplevel() on ptolemy.moml.MoMLSimpleApplication@655cc1b
reloadAllAccessors: .CausalityInterface10

===========================================================================================
----------------- testing Sat Jun 16 01:24:52 UTC 2018 /home/travis/build/icyphy/ptII/ptolemy/domains/continuous/test/auto/CausalityInterface11.xml
----------------- Instantiating /home/travis/build/icyphy/ptII/ptolemy/domains/continuous/test/auto/CausalityInterface11.xml
8 ms. Memory: 578048K Free: 350472K (61%)
----------------- Invoking toplevel() on ptolemy.moml.MoMLSimpleApplication@58799e94
----------------- Done invoking toplevel() on ptolemy.moml.MoMLSimpleApplication@58799e94
reloadAllAccessors: .CausalityInterface11

===========================================================================================
----------------- testing Sat Jun 16 01:24:52 UTC 2018 /home/travis/build/icyphy/ptII/ptolemy/domains/continuous/test/auto/CausalityInterface12.xml
----------------- Instantiating /home/travis/build/icyphy/ptII/ptolemy/domains/continuous/test/auto/CausalityInterface12.xml
8 ms. Memory: 578048K Free: 340636K (59%)
----------------- Invoking toplevel() on ptolemy.moml.MoMLSimpleApplication@45e3ae15
----------------- Done invoking toplevel() on ptolemy.moml.MoMLSimpleApplication@45e3ae15
reloadAllAccessors: .CausalityInterface12

===========================================================================================
----------------- testing Sat Jun 16 01:24:52 UTC 2018 /home/travis/build/icyphy/ptII/ptolemy/domains/continuous/test/auto/CausalityInterface13.xml
----------------- Instantiating /home/travis/build/icyphy/ptII/ptolemy/domains/continuous/test/auto/CausalityInterface13.xml
7 ms. Memory: 578048K Free: 327615K (57%)
----------------- Invoking toplevel() on ptolemy.moml.MoMLSimpleApplication@1000e6e4
----------------- Done invoking toplevel() on ptolemy.moml.MoMLSimpleApplication@1000e6e4
reloadAllAccessors: .CausalityInterface13

===========================================================================================
----------------- testing Sat Jun 16 01:24:52 UTC 2018 /home/travis/build/icyphy/ptII/ptolemy/domains/continuous/test/auto/CausalityInterface14.xml
----------------- Instantiating /home/travis/build/icyphy/ptII/ptolemy/domains/continuous/test/auto/CausalityInterface14.xml
7 ms. Memory: 578048K Free: 317779K (55%)
----------------- Invoking toplevel() on ptolemy.moml.MoMLSimpleApplication@36d37694
----------------- Done invoking toplevel() on ptolemy.moml.MoMLSimpleApplication@36d37694
reloadAllAccessors: .CausalityInterface14

===========================================================================================
----------------- testing Sat Jun 16 01:24:52 UTC 2018 /home/travis/build/icyphy/ptII/ptolemy/domains/continuous/test/auto/CausalityInterface4.xml
----------------- Instantiating /home/travis/build/icyphy/ptII/ptolemy/domains/continuous/test/auto/CausalityInterface4.xml
3 ms. Memory: 578048K Free: 307943K (53%)
----------------- Invoking toplevel() on ptolemy.moml.MoMLSimpleApplication@18d43f24
----------------- Done invoking toplevel() on ptolemy.moml.MoMLSimpleApplication@18d43f24
reloadAllAccessors: .CausalityInterface4

===========================================================================================
----------------- testing Sat Jun 16 01:24:52 UTC 2018 /home/travis/build/icyphy/ptII/ptolemy/domains/continuous/test/auto/CausalityInterface5.xml
----------------- Instantiating /home/travis/build/icyphy/ptII/ptolemy/domains/continuous/test/auto/CausalityInterface5.xml
4 ms. Memory: 578048K Free: 294833K (51%)
----------------- Invoking toplevel() on ptolemy.moml.MoMLSimpleApplication@5f2973dd
----------------- Done invoking toplevel() on ptolemy.moml.MoMLSimpleApplication@5f2973dd
reloadAllAccessors: .CausalityInterface5

===========================================================================================
----------------- testing Sat Jun 16 01:24:52 UTC 2018 /home/travis/build/icyphy/ptII/ptolemy/domains/continuous/test/auto/CausalityInterface6.xml
----------------- Instantiating /home/travis/build/icyphy/ptII/ptolemy/domains/continuous/test/auto/CausalityInterface6.xml
3 ms. Memory: 578048K Free: 281820K (49%)
----------------- Invoking toplevel() on ptolemy.moml.MoMLSimpleApplication@6baf9bae
----------------- Done invoking toplevel() on ptolemy.moml.MoMLSimpleApplication@6baf9bae
reloadAllAccessors: .CausalityInterface6

===========================================================================================
----------------- testing Sat Jun 16 01:24:52 UTC 2018 /home/travis/build/icyphy/ptII/ptolemy/domains/continuous/test/auto/CausalityInterface7.xml
----------------- Instantiating /home/travis/build/icyphy/ptII/ptolemy/domains/continuous/test/auto/CausalityInterface7.xml
13 ms. Memory: 578048K Free: 268710K (46%)
----------------- Invoking toplevel() on ptolemy.moml.MoMLSimpleApplication@7b43ee14
----------------- Done invoking toplevel() on ptolemy.moml.MoMLSimpleApplication@7b43ee14
reloadAllAccessors: .CausalityInterface7

===========================================================================================
----------------- testing Sat Jun 16 01:24:52 UTC 2018 /home/travis/build/icyphy/ptII/ptolemy/domains/continuous/test/auto/CausalityInterface8.xml
----------------- Instantiating /home/travis/build/icyphy/ptII/ptolemy/domains/continuous/test/auto/CausalityInterface8.xml
3 ms. Memory: 578048K Free: 255600K (44%)
----------------- Invoking toplevel() on ptolemy.moml.MoMLSimpleApplication@32488c15
----------------- Done invoking toplevel() on ptolemy.moml.MoMLSimpleApplication@32488c15
reloadAllAccessors: .CausalityInterface8

===========================================================================================
----------------- testing Sat Jun 16 01:24:52 UTC 2018 /home/travis/build/icyphy/ptII/ptolemy/domains/continuous/test/auto/CausalityInterface9.xml
----------------- Instantiating /home/travis/build/icyphy/ptII/ptolemy/domains/continuous/test/auto/CausalityInterface9.xml
4 ms. Memory: 578048K Free: 239201K (41%)
----------------- Invoking toplevel() on ptolemy.moml.MoMLSimpleApplication@65da8623
----------------- Done invoking toplevel() on ptolemy.moml.MoMLSimpleApplication@65da8623
reloadAllAccessors: .CausalityInterface9

===========================================================================================
----------------- testing Sat Jun 16 01:24:52 UTC 2018 /home/travis/build/icyphy/ptII/ptolemy/domains/continuous/test/auto/CausalityInterfaceFeedback1.xml
----------------- Instantiating /home/travis/build/icyphy/ptII/ptolemy/domains/continuous/test/auto/CausalityInterfaceFeedback1.xml
6 ms. Memory: 578048K Free: 226181K (39%)
----------------- Invoking toplevel() on ptolemy.moml.MoMLSimpleApplication@141cd6c
----------------- Done invoking toplevel() on ptolemy.moml.MoMLSimpleApplication@141cd6c
reloadAllAccessors: .CausalityInterfaceFeedback1

===========================================================================================
----------------- testing Sat Jun 16 01:24:52 UTC 2018 /home/travis/build/icyphy/ptII/ptolemy/domains/continuous/test/auto/CausalityInterfaceFeedback2.xml
----------------- Instantiating /home/travis/build/icyphy/ptII/ptolemy/domains/continuous/test/auto/CausalityInterfaceFeedback2.xml
6 ms. Memory: 578048K Free: 216344K (37%)
----------------- Invoking toplevel() on ptolemy.moml.MoMLSimpleApplication@1c48f993
----------------- Done invoking toplevel() on ptolemy.moml.MoMLSimpleApplication@1c48f993
reloadAllAccessors: .CausalityInterfaceFeedback2

===========================================================================================
----------------- testing Sat Jun 16 01:24:52 UTC 2018 /home/travis/build/icyphy/ptII/ptolemy/domains/continuous/test/auto/CompareWithCurrentTime.xml
----------------- Instantiating /home/travis/build/icyphy/ptII/ptolemy/domains/continuous/test/auto/CompareWithCurrentTime.xml
4 ms. Memory: 578048K Free: 209798K (36%)
----------------- Invoking toplevel() on ptolemy.moml.MoMLSimpleApplication@73e9b949
----------------- Done invoking toplevel() on ptolemy.moml.MoMLSimpleApplication@73e9b949
reloadAllAccessors: .CompareWithCurrentTime

===========================================================================================
----------------- testing Sat Jun 16 01:24:52 UTC 2018 /home/travis/build/icyphy/ptII/ptolemy/domains/continuous/test/auto/ComparedClocks.xml
----------------- Instantiating /home/travis/build/icyphy/ptII/ptolemy/domains/continuous/test/auto/ComparedClocks.xml
9 ms. Memory: 578048K Free: 190125K (33%)
----------------- Invoking toplevel() on ptolemy.moml.MoMLSimpleApplication@3ecb5492
----------------- Done invoking toplevel() on ptolemy.moml.MoMLSimpleApplication@3ecb5492
reloadAllAccessors: .ComparedClocks

===========================================================================================
----------------- testing Sat Jun 16 01:24:52 UTC 2018 /home/travis/build/icyphy/ptII/ptolemy/domains/continuous/test/auto/ContinuousAOCClone.xml
----------------- Instantiating /home/travis/build/icyphy/ptII/ptolemy/domains/continuous/test/auto/ContinuousAOCClone.xml
2349 ms. Memory: 872448K Free: 440547K (50%)
----------------- Invoking toplevel() on ptolemy.moml.MoMLSimpleApplication@1fc056a6
----------------- Done invoking toplevel() on ptolemy.moml.MoMLSimpleApplication@1fc056a6
reloadAllAccessors: .ContinuousAOCClone

===========================================================================================
----------------- testing Sat Jun 16 01:24:55 UTC 2018 /home/travis/build/icyphy/ptII/ptolemy/domains/continuous/test/auto/ContinuousClock.xml
----------------- Instantiating /home/travis/build/icyphy/ptII/ptolemy/domains/continuous/test/auto/ContinuousClock.xml
35 ms. Memory: 872448K Free: 407319K (47%)
----------------- Invoking toplevel() on ptolemy.moml.MoMLSimpleApplication@9c76771
----------------- Done invoking toplevel() on ptolemy.moml.MoMLSimpleApplication@9c76771
reloadAllAccessors: .ContinuousClock

===========================================================================================
----------------- testing Sat Jun 16 01:24:55 UTC 2018 /home/travis/build/icyphy/ptII/ptolemy/domains/continuous/test/auto/ContinuousInContinuous.xml
----------------- Instantiating /home/travis/build/icyphy/ptII/ptolemy/domains/continuous/test/auto/ContinuousInContinuous.xml
47 ms. Memory: 872448K Free: 375855K (43%)
----------------- Invoking toplevel() on ptolemy.moml.MoMLSimpleApplication@22cab728
----------------- Done invoking toplevel() on ptolemy.moml.MoMLSimpleApplication@22cab728
reloadAllAccessors: .ContinuousInContinuous

===========================================================================================
----------------- testing Sat Jun 16 01:24:55 UTC 2018 /home/travis/build/icyphy/ptII/ptolemy/domains/continuous/test/auto/ContinuousInContinuousInContinuous.xml
----------------- Instantiating /home/travis/build/icyphy/ptII/ptolemy/domains/continuous/test/auto/ContinuousInContinuousInContinuous.xml
9 ms. Memory: 872448K Free: 360131K (41%)
----------------- Invoking toplevel() on ptolemy.moml.MoMLSimpleApplication@21a40380
----------------- Done invoking toplevel() on ptolemy.moml.MoMLSimpleApplication@21a40380
reloadAllAccessors: .ContinuousInContinuousInContinuous

===========================================================================================
----------------- testing Sat Jun 16 01:24:55 UTC 2018 /home/travis/build/icyphy/ptII/ptolemy/domains/continuous/test/auto/ContinuousInDE.xml
----------------- Instantiating /home/travis/build/icyphy/ptII/ptolemy/domains/continuous/test/auto/ContinuousInDE.xml
124 ms. Memory: 872448K Free: 344422K (39%)
----------------- Invoking toplevel() on ptolemy.moml.MoMLSimpleApplication@33cfb24
----------------- Done invoking toplevel() on ptolemy.moml.MoMLSimpleApplication@33cfb24
reloadAllAccessors: .ContinuousInDE

===========================================================================================
----------------- testing Sat Jun 16 01:24:55 UTC 2018 /home/travis/build/icyphy/ptII/ptolemy/domains/continuous/test/auto/ContinuousInDE2.xml
----------------- Instantiating /home/travis/build/icyphy/ptII/ptolemy/domains/continuous/test/auto/ContinuousInDE2.xml
57 ms. Memory: 872448K Free: 325252K (37%)
----------------- Invoking toplevel() on ptolemy.moml.MoMLSimpleApplication@681a0b71
----------------- Done invoking toplevel() on ptolemy.moml.MoMLSimpleApplication@681a0b71
reloadAllAccessors: .ContinuousInDE2

===========================================================================================
----------------- testing Sat Jun 16 01:24:56 UTC 2018 /home/travis/build/icyphy/ptII/ptolemy/domains/continuous/test/auto/ContinuousInDE3.xml
----------------- Instantiating /home/travis/build/icyphy/ptII/ptolemy/domains/continuous/test/auto/ContinuousInDE3.xml
53 ms. Memory: 872448K Free: 309544K (35%)
----------------- Invoking toplevel() on ptolemy.moml.MoMLSimpleApplication@65d8024f
----------------- Done invoking toplevel() on ptolemy.moml.MoMLSimpleApplication@65d8024f
reloadAllAccessors: .ContinuousInDE3

===========================================================================================
----------------- testing Sat Jun 16 01:24:56 UTC 2018 /home/travis/build/icyphy/ptII/ptolemy/domains/continuous/test/auto/ContinuousInDE4.xml
----------------- Instantiating /home/travis/build/icyphy/ptII/ptolemy/domains/continuous/test/auto/ContinuousInDE4.xml
22 ms. Memory: 872448K Free: 299072K (34%)
----------------- Invoking toplevel() on ptolemy.moml.MoMLSimpleApplication@a974b3b
----------------- Done invoking toplevel() on ptolemy.moml.MoMLSimpleApplication@a974b3b
reloadAllAccessors: .ContinuousInDE4

===========================================================================================
----------------- testing Sat Jun 16 01:24:56 UTC 2018 /home/travis/build/icyphy/ptII/ptolemy/domains/continuous/test/auto/ContinuousInDEDifferentRefinements.xml
----------------- Instantiating /home/travis/build/icyphy/ptII/ptolemy/domains/continuous/test/auto/ContinuousInDEDifferentRefinements.xml
74 ms. Memory: 872448K Free: 262371K (30%)
----------------- Invoking toplevel() on ptolemy.moml.MoMLSimpleApplication@6fb8c7ce
----------------- Done invoking toplevel() on ptolemy.moml.MoMLSimpleApplication@6fb8c7ce
reloadAllAccessors: .ContinuousInDEDifferentRefinements

===========================================================================================
----------------- testing Sat Jun 16 01:24:56 UTC 2018 /home/travis/build/icyphy/ptII/ptolemy/domains/continuous/test/auto/ContinuousInDEDifferentRefinementsPreemptive.xml
----------------- Instantiating /home/travis/build/icyphy/ptII/ptolemy/domains/continuous/test/auto/ContinuousInDEDifferentRefinementsPreemptive.xml
54 ms. Memory: 872448K Free: 222216K (25%)
----------------- Invoking toplevel() on ptolemy.moml.MoMLSimpleApplication@69c58c73
----------------- Done invoking toplevel() on ptolemy.moml.MoMLSimpleApplication@69c58c73
reloadAllAccessors: .ContinuousInDEDifferentRefinementsPreemptive

===========================================================================================
----------------- testing Sat Jun 16 01:24:56 UTC 2018 /home/travis/build/icyphy/ptII/ptolemy/domains/continuous/test/auto/ContinuousInDEInContinuous2.xml
----------------- Instantiating /home/travis/build/icyphy/ptII/ptolemy/domains/continuous/test/auto/ContinuousInDEInContinuous2.xml
48 ms. Memory: 872448K Free: 206500K (24%)
----------------- Invoking toplevel() on ptolemy.moml.MoMLSimpleApplication@6b26a109
----------------- Done invoking toplevel() on ptolemy.moml.MoMLSimpleApplication@6b26a109
reloadAllAccessors: .ContinuousInDEInContinuous2

===========================================================================================
----------------- testing Sat Jun 16 01:24:56 UTC 2018 /home/travis/build/icyphy/ptII/ptolemy/domains/continuous/test/auto/ContinuousInDEInContinuous3.xml
----------------- Instantiating /home/travis/build/icyphy/ptII/ptolemy/domains/continuous/test/auto/ContinuousInDEInContinuous3.xml
52 ms. Memory: 872448K Free: 185540K (21%)
----------------- Invoking toplevel() on ptolemy.moml.MoMLSimpleApplication@a75eeff
----------------- Done invoking toplevel() on ptolemy.moml.MoMLSimpleApplication@a75eeff
reloadAllAccessors: .ContinuousInDEInContinuous3

===========================================================================================
----------------- testing Sat Jun 16 01:24:56 UTC 2018 /home/travis/build/icyphy/ptII/ptolemy/domains/continuous/test/auto/ContinuousInDEInput.xml
----------------- Instantiating /home/travis/build/icyphy/ptII/ptolemy/domains/continuous/test/auto/ContinuousInDEInput.xml
19 ms. Memory: 872448K Free: 175068K (20%)
----------------- Invoking toplevel() on ptolemy.moml.MoMLSimpleApplication@3789c2
----------------- Done invoking toplevel() on ptolemy.moml.MoMLSimpleApplication@3789c2
reloadAllAccessors: .ContinuousInDEInput

===========================================================================================
----------------- testing Sat Jun 16 01:24:56 UTC 2018 /home/travis/build/icyphy/ptII/ptolemy/domains/continuous/test/auto/ContinuousInDEInput2.xml
----------------- Instantiating /home/travis/build/icyphy/ptII/ptolemy/domains/continuous/test/auto/ContinuousInDEInput2.xml
31 ms. Memory: 872448K Free: 164596K (19%)
----------------- Invoking toplevel() on ptolemy.moml.MoMLSimpleApplication@40f5852d
----------------- Done invoking toplevel() on ptolemy.moml.MoMLSimpleApplication@40f5852d
reloadAllAccessors: .ContinuousInDEInput2

===========================================================================================
----------------- testing Sat Jun 16 01:24:56 UTC 2018 /home/travis/build/icyphy/ptII/ptolemy/domains/continuous/test/auto/ContinuousInDEInput3.xml
----------------- Instantiating /home/travis/build/icyphy/ptII/ptolemy/domains/continuous/test/auto/ContinuousInDEInput3.xml
19 ms. Memory: 872448K Free: 150661K (17%)
----------------- Invoking toplevel() on ptolemy.moml.MoMLSimpleApplication@74647f76
----------------- Done invoking toplevel() on ptolemy.moml.MoMLSimpleApplication@74647f76
reloadAllAccessors: .ContinuousInDEInput3

===========================================================================================
----------------- testing Sat Jun 16 01:24:56 UTC 2018 /home/travis/build/icyphy/ptII/ptolemy/domains/continuous/test/auto/ContinuousInDESharingRefinement.xml
----------------- Instantiating /home/travis/build/icyphy/ptII/ptolemy/domains/continuous/test/auto/ContinuousInDESharingRefinement.xml
202 ms. Memory: 829440K Free: 794712K (96%)
----------------- Invoking toplevel() on ptolemy.moml.MoMLSimpleApplication@6342171a
----------------- Done invoking toplevel() on ptolemy.moml.MoMLSimpleApplication@6342171a
reloadAllAccessors: .ContinuousInDESharingRefinement

===========================================================================================
----------------- testing Sat Jun 16 01:24:56 UTC 2018 /home/travis/build/icyphy/ptII/ptolemy/domains/continuous/test/auto/ContinuousInDEwithNoPorts.xml
----------------- Instantiating /home/travis/build/icyphy/ptII/ptolemy/domains/continuous/test/auto/ContinuousInDEwithNoPorts.xml
5 ms. Memory: 829440K Free: 782474K (94%)
----------------- Invoking toplevel() on ptolemy.moml.MoMLSimpleApplication@2bf72a45
----------------- Done invoking toplevel() on ptolemy.moml.MoMLSimpleApplication@2bf72a45
reloadAllAccessors: .ContinuousInDEwithNoPorts

===========================================================================================
----------------- testing Sat Jun 16 01:24:57 UTC 2018 /home/travis/build/icyphy/ptII/ptolemy/domains/continuous/test/auto/ContinuousInsideDE.xml
----------------- Instantiating /home/travis/build/icyphy/ptII/ptolemy/domains/continuous/test/auto/ContinuousInsideDE.xml
54 ms. Memory: 829440K Free: 763765K (92%)
----------------- Invoking toplevel() on ptolemy.moml.MoMLSimpleApplication@2edbfb9d
----------------- Done invoking toplevel() on ptolemy.moml.MoMLSimpleApplication@2edbfb9d
reloadAllAccessors: .ContinuousInsideDE

===========================================================================================
----------------- testing Sat Jun 16 01:24:57 UTC 2018 /home/travis/build/icyphy/ptII/ptolemy/domains/continuous/test/auto/ContinuousMerge1.xml
----------------- Instantiating /home/travis/build/icyphy/ptII/ptolemy/domains/continuous/test/auto/ContinuousMerge1.xml
2 ms. Memory: 829440K Free: 754069K (91%)
----------------- Invoking toplevel() on ptolemy.moml.MoMLSimpleApplication@1c30197a
----------------- Done invoking toplevel() on ptolemy.moml.MoMLSimpleApplication@1c30197a
reloadAllAccessors: .ContinuousMerge1

===========================================================================================
----------------- testing Sat Jun 16 01:24:57 UTC 2018 /home/travis/build/icyphy/ptII/ptolemy/domains/continuous/test/auto/ContinuousMerge2.xml
----------------- Instantiating /home/travis/build/icyphy/ptII/ptolemy/domains/continuous/test/auto/ContinuousMerge2.xml
19 ms. Memory: 829440K Free: 738929K (89%)
----------------- Invoking toplevel() on ptolemy.moml.MoMLSimpleApplication@758a1161
----------------- Done invoking toplevel() on ptolemy.moml.MoMLSimpleApplication@758a1161
reloadAllAccessors: .ContinuousMerge2

===========================================================================================
----------------- testing Sat Jun 16 01:24:57 UTC 2018 /home/travis/build/icyphy/ptII/ptolemy/domains/continuous/test/auto/ContinuousMerge3.xml
----------------- Instantiating /home/travis/build/icyphy/ptII/ptolemy/domains/continuous/test/auto/ContinuousMerge3.xml
63 ms. Memory: 829440K Free: 723952K (87%)
----------------- Invoking toplevel() on ptolemy.moml.MoMLSimpleApplication@172c46d
----------------- Done invoking toplevel() on ptolemy.moml.MoMLSimpleApplication@172c46d
reloadAllAccessors: .ContinuousMerge3

===========================================================================================
----------------- testing Sat Jun 16 01:24:57 UTC 2018 /home/travis/build/icyphy/ptII/ptolemy/domains/continuous/test/auto/ContinuousWithinContinuous.xml
----------------- Instantiating /home/travis/build/icyphy/ptII/ptolemy/domains/continuous/test/auto/ContinuousWithinContinuous.xml
53 ms. Memory: 829440K Free: 706761K (85%)
----------------- Invoking toplevel() on ptolemy.moml.MoMLSimpleApplication@7303a4e3
----------------- Done invoking toplevel() on ptolemy.moml.MoMLSimpleApplication@7303a4e3
reloadAllAccessors: .ContinuousWithinContinuous

===========================================================================================
----------------- testing Sat Jun 16 01:24:57 UTC 2018 /home/travis/build/icyphy/ptII/ptolemy/domains/continuous/test/auto/ContinuousWithinContinuous2.xml
----------------- Instantiating /home/travis/build/icyphy/ptII/ptolemy/domains/continuous/test/auto/ContinuousWithinContinuous2.xml
101 ms. Memory: 829440K Free: 695540K (84%)
----------------- Invoking toplevel() on ptolemy.moml.MoMLSimpleApplication@61eb31b0
----------------- Done invoking toplevel() on ptolemy.moml.MoMLSimpleApplication@61eb31b0
reloadAllAccessors: .ContinuousWithinContinuous2

===========================================================================================
----------------- testing Sat Jun 16 01:24:57 UTC 2018 /home/travis/build/icyphy/ptII/ptolemy/domains/continuous/test/auto/ContinuousWithinContinuous3.xml
----------------- Instantiating /home/travis/build/icyphy/ptII/ptolemy/domains/continuous/test/auto/ContinuousWithinContinuous3.xml
26 ms. Memory: 829440K Free: 684304K (83%)
----------------- Invoking toplevel() on ptolemy.moml.MoMLSimpleApplication@2d796e99
----------------- Done invoking toplevel() on ptolemy.moml.MoMLSimpleApplication@2d796e99
reloadAllAccessors: .ContinuousWithinContinuous3

===========================================================================================
----------------- testing Sat Jun 16 01:24:57 UTC 2018 /home/travis/build/icyphy/ptII/ptolemy/domains/continuous/test/auto/ContinuousWithinContinuous4.xml
----------------- Instantiating /home/travis/build/icyphy/ptII/ptolemy/domains/continuous/test/auto/ContinuousWithinContinuous4.xml
99 ms. Memory: 829440K Free: 663380K (80%)
----------------- Invoking toplevel() on ptolemy.moml.MoMLSimpleApplication@498cac2
----------------- Done invoking toplevel() on ptolemy.moml.MoMLSimpleApplication@498cac2
reloadAllAccessors: .ContinuousWithinContinuous4

===========================================================================================
----------------- testing Sat Jun 16 01:24:57 UTC 2018 /home/travis/build/icyphy/ptII/ptolemy/domains/continuous/test/auto/ContinuousWithinContinuous5.xml
----------------- Instantiating /home/travis/build/icyphy/ptII/ptolemy/domains/continuous/test/auto/ContinuousWithinContinuous5.xml
18 ms. Memory: 829440K Free: 652143K (79%)
----------------- Invoking toplevel() on ptolemy.moml.MoMLSimpleApplication@aa45ac3
----------------- Done invoking toplevel() on ptolemy.moml.MoMLSimpleApplication@aa45ac3
reloadAllAccessors: .ContinuousWithinContinuous5

===========================================================================================
----------------- testing Sat Jun 16 01:24:57 UTC 2018 /home/travis/build/icyphy/ptII/ptolemy/domains/continuous/test/auto/ContinuousWithinContinuous6.xml
----------------- Instantiating /home/travis/build/icyphy/ptII/ptolemy/domains/continuous/test/auto/ContinuousWithinContinuous6.xml
17 ms. Memory: 829440K Free: 638708K (77%)
----------------- Invoking toplevel() on ptolemy.moml.MoMLSimpleApplication@6a0ca38c
----------------- Done invoking toplevel() on ptolemy.moml.MoMLSimpleApplication@6a0ca38c
reloadAllAccessors: .ContinuousWithinContinuous6

===========================================================================================
----------------- testing Sat Jun 16 01:24:57 UTC 2018 /home/travis/build/icyphy/ptII/ptolemy/domains/continuous/test/auto/ContinuousWithinContinuous7.xml
----------------- Instantiating /home/travis/build/icyphy/ptII/ptolemy/domains/continuous/test/auto/ContinuousWithinContinuous7.xml
84 ms. Memory: 829440K Free: 623739K (75%)
----------------- Invoking toplevel() on ptolemy.moml.MoMLSimpleApplication@6ef1c48f
----------------- Done invoking toplevel() on ptolemy.moml.MoMLSimpleApplication@6ef1c48f
reloadAllAccessors: .ContinuousWithinContinuous7

===========================================================================================
----------------- testing Sat Jun 16 01:24:57 UTC 2018 /home/travis/build/icyphy/ptII/ptolemy/domains/continuous/test/auto/DCMotor.xml
----------------- Instantiating /home/travis/build/icyphy/ptII/ptolemy/domains/continuous/test/auto/DCMotor.xml
17311 ms. Memory: 667648K Free: 515875K (77%)
----------------- Invoking toplevel() on ptolemy.moml.MoMLSimpleApplication@935cf3e
----------------- Done invoking toplevel() on ptolemy.moml.MoMLSimpleApplication@935cf3e
reloadAllAccessors: .DCMotor

===========================================================================================
----------------- testing Sat Jun 16 01:25:15 UTC 2018 /home/travis/build/icyphy/ptII/ptolemy/domains/continuous/test/auto/DEInContinuous.xml
----------------- Instantiating /home/travis/build/icyphy/ptII/ptolemy/domains/continuous/test/auto/DEInContinuous.xml
24 ms. Memory: 667648K Free: 501265K (75%)
----------------- Invoking toplevel() on ptolemy.moml.MoMLSimpleApplication@4e82551c
----------------- Done invoking toplevel() on ptolemy.moml.MoMLSimpleApplication@4e82551c
reloadAllAccessors: .DEInContinuous

===========================================================================================
----------------- testing Sat Jun 16 01:25:15 UTC 2018 /home/travis/build/icyphy/ptII/ptolemy/domains/continuous/test/auto/DEinContinuous2.xml
----------------- Instantiating /home/travis/build/icyphy/ptII/ptolemy/domains/continuous/test/auto/DEinContinuous2.xml
5 ms. Memory: 667648K Free: 482492K (72%)
----------------- Invoking toplevel() on ptolemy.moml.MoMLSimpleApplication@7bbf1be5
----------------- Done invoking toplevel() on ptolemy.moml.MoMLSimpleApplication@7bbf1be5
reloadAllAccessors: .DEinContinuous2

===========================================================================================
----------------- testing Sat Jun 16 01:25:15 UTC 2018 /home/travis/build/icyphy/ptII/ptolemy/domains/continuous/test/auto/Derivative.xml
----------------- Instantiating /home/travis/build/icyphy/ptII/ptolemy/domains/continuous/test/auto/Derivative.xml
197 ms. Memory: 667648K Free: 440203K (66%)
----------------- Invoking toplevel() on ptolemy.moml.MoMLSimpleApplication@6b92cda7
----------------- Done invoking toplevel() on ptolemy.moml.MoMLSimpleApplication@6b92cda7
reloadAllAccessors: .Derivative2

===========================================================================================
----------------- testing Sat Jun 16 01:25:15 UTC 2018 /home/travis/build/icyphy/ptII/ptolemy/domains/continuous/test/auto/Derivative1.xml
----------------- Instantiating /home/travis/build/icyphy/ptII/ptolemy/domains/continuous/test/auto/Derivative1.xml
27 ms. Memory: 667648K Free: 422607K (63%)
----------------- Invoking toplevel() on ptolemy.moml.MoMLSimpleApplication@1cf9597
----------------- Done invoking toplevel() on ptolemy.moml.MoMLSimpleApplication@1cf9597
reloadAllAccessors: .Derivative1

===========================================================================================
----------------- testing Sat Jun 16 01:25:15 UTC 2018 /home/travis/build/icyphy/ptII/ptolemy/domains/continuous/test/auto/DiscreteClock.xml
----------------- Instantiating /home/travis/build/icyphy/ptII/ptolemy/domains/continuous/test/auto/DiscreteClock.xml
5 ms. Memory: 667648K Free: 409697K (61%)
----------------- Invoking toplevel() on ptolemy.moml.MoMLSimpleApplication@22b900a1
----------------- Done invoking toplevel() on ptolemy.moml.MoMLSimpleApplication@22b900a1
reloadAllAccessors: .DiscreteClock

===========================================================================================
----------------- testing Sat Jun 16 01:25:15 UTC 2018 /home/travis/build/icyphy/ptII/ptolemy/domains/continuous/test/auto/EfficiencyCurve.xml
----------------- Instantiating /home/travis/build/icyphy/ptII/ptolemy/domains/continuous/test/auto/EfficiencyCurve.xml
82 ms. Memory: 667648K Free: 396787K (59%)
----------------- Invoking toplevel() on ptolemy.moml.MoMLSimpleApplication@2978796
----------------- Done invoking toplevel() on ptolemy.moml.MoMLSimpleApplication@2978796
reloadAllAccessors: .EfficiencyCurve

===========================================================================================
----------------- testing Sat Jun 16 01:25:15 UTC 2018 /home/travis/build/icyphy/ptII/ptolemy/domains/continuous/test/auto/ExponentialResponse.xml
----------------- Instantiating /home/travis/build/icyphy/ptII/ptolemy/domains/continuous/test/auto/ExponentialResponse.xml
138 ms. Memory: 667648K Free: 367475K (55%)
----------------- Invoking toplevel() on ptolemy.moml.MoMLSimpleApplication@e8ca176
----------------- Done invoking toplevel() on ptolemy.moml.MoMLSimpleApplication@e8ca176
reloadAllAccessors: .ExponentialResponse

===========================================================================================
----------------- testing Sat Jun 16 01:25:15 UTC 2018 /home/travis/build/icyphy/ptII/ptolemy/domains/continuous/test/auto/ExponentialResponseRK45.xml
----------------- Instantiating /home/travis/build/icyphy/ptII/ptolemy/domains/continuous/test/auto/ExponentialResponseRK45.xml
32 ms. Memory: 667648K Free: 354565K (53%)
----------------- Invoking toplevel() on ptolemy.moml.MoMLSimpleApplication@441a9f25
----------------- Done invoking toplevel() on ptolemy.moml.MoMLSimpleApplication@441a9f25
reloadAllAccessors: .ExponentialResponseRK45

===========================================================================================
----------------- testing Sat Jun 16 01:25:16 UTC 2018 /home/travis/build/icyphy/ptII/ptolemy/domains/continuous/test/auto/Friction.xml
----------------- Instantiating /home/travis/build/icyphy/ptII/ptolemy/domains/continuous/test/auto/Friction.xml
1596 ms. Memory: 646656K Free: 465209K (72%)
----------------- Invoking toplevel() on ptolemy.moml.MoMLSimpleApplication@628613d7
----------------- Done invoking toplevel() on ptolemy.moml.MoMLSimpleApplication@628613d7
reloadAllAccessors: .Friction

===========================================================================================
----------------- testing Sat Jun 16 01:25:17 UTC 2018 /home/travis/build/icyphy/ptII/ptolemy/domains/continuous/test/auto/FurutaPendulum.xml
----------------- Instantiating /home/travis/build/icyphy/ptII/ptolemy/domains/continuous/test/auto/FurutaPendulum.xml
3022 ms. Memory: 616960K Free: 486500K (79%)
----------------- Invoking toplevel() on ptolemy.moml.MoMLSimpleApplication@27a66ee9
----------------- Done invoking toplevel() on ptolemy.moml.MoMLSimpleApplication@27a66ee9
reloadAllAccessors: .FurutaPendulum

===========================================================================================
----------------- testing Sat Jun 16 01:25:20 UTC 2018 /home/travis/build/icyphy/ptII/ptolemy/domains/continuous/test/auto/HierarchicalExecution.xml
----------------- Instantiating /home/travis/build/icyphy/ptII/ptolemy/domains/continuous/test/auto/HierarchicalExecution.xml
2459 ms. Memory: 616960K Free: 174226K (28%)
----------------- Invoking toplevel() on ptolemy.moml.MoMLSimpleApplication@55eb5084
----------------- Done invoking toplevel() on ptolemy.moml.MoMLSimpleApplication@55eb5084
reloadAllAccessors: .HierarchicalExecution

===========================================================================================
----------------- testing Sat Jun 16 01:25:23 UTC 2018 /home/travis/build/icyphy/ptII/ptolemy/domains/continuous/test/auto/HybridPlant.xml
----------------- Instantiating /home/travis/build/icyphy/ptII/ptolemy/domains/continuous/test/auto/HybridPlant.xml
598 ms. Memory: 589312K Free: 402657K (68%)
----------------- Invoking toplevel() on ptolemy.moml.MoMLSimpleApplication@7cf445f6
----------------- Done invoking toplevel() on ptolemy.moml.MoMLSimpleApplication@7cf445f6
reloadAllAccessors: .HybridPlant

===========================================================================================
----------------- testing Sat Jun 16 01:25:24 UTC 2018 /home/travis/build/icyphy/ptII/ptolemy/domains/continuous/test/auto/Hysteresis.xml
----------------- Instantiating /home/travis/build/icyphy/ptII/ptolemy/domains/continuous/test/auto/Hysteresis.xml
168 ms. Memory: 589312K Free: 336631K (57%)
----------------- Invoking toplevel() on ptolemy.moml.MoMLSimpleApplication@6a82e955
----------------- Done invoking toplevel() on ptolemy.moml.MoMLSimpleApplication@6a82e955
reloadAllAccessors: .Hysteresis

===========================================================================================
----------------- testing Sat Jun 16 01:25:24 UTC 2018 /home/travis/build/icyphy/ptII/ptolemy/domains/continuous/test/auto/HysteresisWithRandomDelay.xml
----------------- Instantiating /home/travis/build/icyphy/ptII/ptolemy/domains/continuous/test/auto/HysteresisWithRandomDelay.xml
203 ms. Memory: 589312K Free: 256685K (44%)
----------------- Invoking toplevel() on ptolemy.moml.MoMLSimpleApplication@668057f8
----------------- Done invoking toplevel() on ptolemy.moml.MoMLSimpleApplication@668057f8
reloadAllAccessors: .HysteresisWithRandomDelay

===========================================================================================
----------------- testing Sat Jun 16 01:25:24 UTC 2018 /home/travis/build/icyphy/ptII/ptolemy/domains/continuous/test/auto/HysteresisWithRandomLosses.xml
----------------- Instantiating /home/travis/build/icyphy/ptII/ptolemy/domains/continuous/test/auto/HysteresisWithRandomLosses.xml
2724 ms. Memory: 542720K Free: 431691K (80%)
----------------- Invoking toplevel() on ptolemy.moml.MoMLSimpleApplication@113bfeea
----------------- Done invoking toplevel() on ptolemy.moml.MoMLSimpleApplication@113bfeea
reloadAllAccessors: .HysteresisWithRandomLosses

===========================================================================================
----------------- testing Sat Jun 16 01:25:27 UTC 2018 /home/travis/build/icyphy/ptII/ptolemy/domains/continuous/test/auto/ImmediateTransitions.xml
----------------- Instantiating /home/travis/build/icyphy/ptII/ptolemy/domains/continuous/test/auto/ImmediateTransitions.xml
14 ms. Memory: 542720K Free: 413881K (76%)
----------------- Invoking toplevel() on ptolemy.moml.MoMLSimpleApplication@2bc0b486
----------------- Done invoking toplevel() on ptolemy.moml.MoMLSimpleApplication@2bc0b486
reloadAllAccessors: .ImmediateTransitions

===========================================================================================
----------------- testing Sat Jun 16 01:25:27 UTC 2018 /home/travis/build/icyphy/ptII/ptolemy/domains/continuous/test/auto/ImpulseFeedback.xml
----------------- Instantiating /home/travis/build/icyphy/ptII/ptolemy/domains/continuous/test/auto/ImpulseFeedback.xml
11 ms. Memory: 542720K Free: 403834K (74%)
----------------- Invoking toplevel() on ptolemy.moml.MoMLSimpleApplication@7b3cc996
----------------- Done invoking toplevel() on ptolemy.moml.MoMLSimpleApplication@7b3cc996
reloadAllAccessors: .ImpulseFeedback

===========================================================================================
----------------- testing Sat Jun 16 01:25:27 UTC 2018 /home/travis/build/icyphy/ptII/ptolemy/domains/continuous/test/auto/ImpulseFeedback2.xml
----------------- Instantiating /home/travis/build/icyphy/ptII/ptolemy/domains/continuous/test/auto/ImpulseFeedback2.xml
7 ms. Memory: 542720K Free: 393787K (73%)
----------------- Invoking toplevel() on ptolemy.moml.MoMLSimpleApplication@53389c47
----------------- Done invoking toplevel() on ptolemy.moml.MoMLSimpleApplication@53389c47
reloadAllAccessors: .ImpulseFeedback2

===========================================================================================
----------------- testing Sat Jun 16 01:25:27 UTC 2018 /home/travis/build/icyphy/ptII/ptolemy/domains/continuous/test/auto/IncreasingRatePoisson.xml
----------------- Instantiating /home/travis/build/icyphy/ptII/ptolemy/domains/continuous/test/auto/IncreasingRatePoisson.xml
823 ms. Memory: 542720K Free: 72127K (13%)
----------------- Invoking toplevel() on ptolemy.moml.MoMLSimpleApplication@786370e9
----------------- Done invoking toplevel() on ptolemy.moml.MoMLSimpleApplication@786370e9
reloadAllAccessors: .IncreasingRatePoisson

===========================================================================================
----------------- testing Sat Jun 16 01:25:28 UTC 2018 /home/travis/build/icyphy/ptII/ptolemy/domains/continuous/test/auto/InitialStateFeedback.xml
----------------- Instantiating /home/travis/build/icyphy/ptII/ptolemy/domains/continuous/test/auto/InitialStateFeedback.xml
4 ms. Memory: 542720K Free: 65163K (12%)
----------------- Invoking toplevel() on ptolemy.moml.MoMLSimpleApplication@728dbf45
----------------- Done invoking toplevel() on ptolemy.moml.MoMLSimpleApplication@728dbf45
reloadAllAccessors: .InitialStateFeedback

===========================================================================================
----------------- testing Sat Jun 16 01:25:28 UTC 2018 /home/travis/build/icyphy/ptII/ptolemy/domains/continuous/test/auto/Integration.xml
----------------- Instantiating /home/travis/build/icyphy/ptII/ptolemy/domains/continuous/test/auto/Integration.xml
5 ms. Memory: 542720K Free: 59639K (11%)
----------------- Invoking toplevel() on ptolemy.moml.MoMLSimpleApplication@2e4052e0
----------------- Done invoking toplevel() on ptolemy.moml.MoMLSimpleApplication@2e4052e0
reloadAllAccessors: .Integration

===========================================================================================
----------------- testing Sat Jun 16 01:25:28 UTC 2018 /home/travis/build/icyphy/ptII/ptolemy/domains/continuous/test/auto/Integration2.xml
----------------- Instantiating /home/travis/build/icyphy/ptII/ptolemy/domains/continuous/test/auto/Integration2.xml
90 ms. Memory: 521216K Free: 480839K (92%)
----------------- Invoking toplevel() on ptolemy.moml.MoMLSimpleApplication@eb37f46
----------------- Done invoking toplevel() on ptolemy.moml.MoMLSimpleApplication@eb37f46
reloadAllAccessors: .Integration2

===========================================================================================
----------------- testing Sat Jun 16 01:25:28 UTC 2018 /home/travis/build/icyphy/ptII/ptolemy/domains/continuous/test/auto/Integration3.xml
----------------- Instantiating /home/travis/build/icyphy/ptII/ptolemy/domains/continuous/test/auto/Integration3.xml
2 ms. Memory: 521216K Free: 471235K (90%)
----------------- Invoking toplevel() on ptolemy.moml.MoMLSimpleApplication@34133cd0
----------------- Done invoking toplevel() on ptolemy.moml.MoMLSimpleApplication@34133cd0
reloadAllAccessors: .Integration3

===========================================================================================
----------------- testing Sat Jun 16 01:25:28 UTC 2018 /home/travis/build/icyphy/ptII/ptolemy/domains/continuous/test/auto/Integration5.xml
----------------- Instantiating /home/travis/build/icyphy/ptII/ptolemy/domains/continuous/test/auto/Integration5.xml
2 ms. Memory: 521216K Free: 464570K (89%)
----------------- Invoking toplevel() on ptolemy.moml.MoMLSimpleApplication@8fa254d
----------------- Done invoking toplevel() on ptolemy.moml.MoMLSimpleApplication@8fa254d
reloadAllAccessors: .Integration5

===========================================================================================
----------------- testing Sat Jun 16 01:25:28 UTC 2018 /home/travis/build/icyphy/ptII/ptolemy/domains/continuous/test/auto/IntegratorImpulse.xml
----------------- Instantiating /home/travis/build/icyphy/ptII/ptolemy/domains/continuous/test/auto/IntegratorImpulse.xml
2 ms. Memory: 521216K Free: 457746K (88%)
----------------- Invoking toplevel() on ptolemy.moml.MoMLSimpleApplication@472a6053
----------------- Done invoking toplevel() on ptolemy.moml.MoMLSimpleApplication@472a6053
reloadAllAccessors: .IntegratorImpulse

===========================================================================================
----------------- testing Sat Jun 16 01:25:28 UTC 2018 /home/travis/build/icyphy/ptII/ptolemy/domains/continuous/test/auto/IntegratorImpulse2.xml
----------------- Instantiating /home/travis/build/icyphy/ptII/ptolemy/domains/continuous/test/auto/IntegratorImpulse2.xml
4 ms. Memory: 521216K Free: 448135K (86%)
----------------- Invoking toplevel() on ptolemy.moml.MoMLSimpleApplication@5fd9c8fd
----------------- Done invoking toplevel() on ptolemy.moml.MoMLSimpleApplication@5fd9c8fd
reloadAllAccessors: .IntegratorImpulse2

===========================================================================================
----------------- testing Sat Jun 16 01:25:28 UTC 2018 /home/travis/build/icyphy/ptII/ptolemy/domains/continuous/test/auto/LevelCrossing1.xml
----------------- Instantiating /home/travis/build/icyphy/ptII/ptolemy/domains/continuous/test/auto/LevelCrossing1.xml
3 ms. Memory: 521216K Free: 438538K (84%)
----------------- Invoking toplevel() on ptolemy.moml.MoMLSimpleApplication@78768549
----------------- Done invoking toplevel() on ptolemy.moml.MoMLSimpleApplication@78768549
reloadAllAccessors: .LevelCrossing1

===========================================================================================
----------------- testing Sat Jun 16 01:25:28 UTC 2018 /home/travis/build/icyphy/ptII/ptolemy/domains/continuous/test/auto/LevelCrossing2.xml
----------------- Instantiating /home/travis/build/icyphy/ptII/ptolemy/domains/continuous/test/auto/LevelCrossing2.xml
3 ms. Memory: 521216K Free: 428782K (82%)
----------------- Invoking toplevel() on ptolemy.moml.MoMLSimpleApplication@76eaebe1
----------------- Done invoking toplevel() on ptolemy.moml.MoMLSimpleApplication@76eaebe1
reloadAllAccessors: .LevelCrossing2

===========================================================================================
----------------- testing Sat Jun 16 01:25:28 UTC 2018 /home/travis/build/icyphy/ptII/ptolemy/domains/continuous/test/auto/LevelCrossing3.xml
----------------- Instantiating /home/travis/build/icyphy/ptII/ptolemy/domains/continuous/test/auto/LevelCrossing3.xml
2 ms. Memory: 521216K Free: 419185K (80%)
----------------- Invoking toplevel() on ptolemy.moml.MoMLSimpleApplication@5d04a7da
----------------- Done invoking toplevel() on ptolemy.moml.MoMLSimpleApplication@5d04a7da
reloadAllAccessors: .LevelCrossing3

===========================================================================================
----------------- testing Sat Jun 16 01:25:28 UTC 2018 /home/travis/build/icyphy/ptII/ptolemy/domains/continuous/test/auto/LevelCrossing4.xml
----------------- Instantiating /home/travis/build/icyphy/ptII/ptolemy/domains/continuous/test/auto/LevelCrossing4.xml
3 ms. Memory: 521216K Free: 409413K (79%)
----------------- Invoking toplevel() on ptolemy.moml.MoMLSimpleApplication@1b03148e
----------------- Done invoking toplevel() on ptolemy.moml.MoMLSimpleApplication@1b03148e
reloadAllAccessors: .LevelCrossing4

===========================================================================================
----------------- testing Sat Jun 16 01:25:28 UTC 2018 /home/travis/build/icyphy/ptII/ptolemy/domains/continuous/test/auto/LevelCrossing5.xml
----------------- Instantiating /home/travis/build/icyphy/ptII/ptolemy/domains/continuous/test/auto/LevelCrossing5.xml
3 ms. Memory: 521216K Free: 399801K (77%)
----------------- Invoking toplevel() on ptolemy.moml.MoMLSimpleApplication@7212b83d
----------------- Done invoking toplevel() on ptolemy.moml.MoMLSimpleApplication@7212b83d
reloadAllAccessors: .LevelCrossing5

===========================================================================================
----------------- testing Sat Jun 16 01:25:28 UTC 2018 /home/travis/build/icyphy/ptII/ptolemy/domains/continuous/test/auto/LevelCrossing6.xml
----------------- Instantiating /home/travis/build/icyphy/ptII/ptolemy/domains/continuous/test/auto/LevelCrossing6.xml
2 ms. Memory: 521216K Free: 390196K (75%)
[...]
----------------- Instantiating /home/travis/build/icyphy/ptII/ptolemy/domains/continuous/test/auto/ResetTransitionWithStartTime6.xml
12 ms. Memory: 333824K Free: 221972K (66%)
----------------- Invoking toplevel() on ptolemy.moml.MoMLSimpleApplication@1e2a58e2
----------------- Done invoking toplevel() on ptolemy.moml.MoMLSimpleApplication@1e2a58e2
reloadAllAccessors: .ResetTransitionWithStartTime6

===========================================================================================
----------------- testing Sat Jun 16 01:25:47 UTC 2018 /home/travis/build/icyphy/ptII/ptolemy/domains/continuous/test/auto/SRinContinuous.xml
----------------- Instantiating /home/travis/build/icyphy/ptII/ptolemy/domains/continuous/test/auto/SRinContinuous.xml
4 ms. Memory: 333824K Free: 213487K (64%)
----------------- Invoking toplevel() on ptolemy.moml.MoMLSimpleApplication@66534ef3
----------------- Done invoking toplevel() on ptolemy.moml.MoMLSimpleApplication@66534ef3
reloadAllAccessors: .SRinContinuous

===========================================================================================
----------------- testing Sat Jun 16 01:25:47 UTC 2018 /home/travis/build/icyphy/ptII/ptolemy/domains/continuous/test/auto/SampledClocks.xml
----------------- Instantiating /home/travis/build/icyphy/ptII/ptolemy/domains/continuous/test/auto/SampledClocks.xml
4 ms. Memory: 333824K Free: 202438K (61%)
----------------- Invoking toplevel() on ptolemy.moml.MoMLSimpleApplication@14cfddee
----------------- Done invoking toplevel() on ptolemy.moml.MoMLSimpleApplication@14cfddee
reloadAllAccessors: .SampledClocks

===========================================================================================
----------------- testing Sat Jun 16 01:25:47 UTC 2018 /home/travis/build/icyphy/ptII/ptolemy/domains/continuous/test/auto/Satellite.xml
----------------- Instantiating /home/travis/build/icyphy/ptII/ptolemy/domains/continuous/test/auto/Satellite.xml
699 ms. Memory: 330752K Free: 274265K (83%)
----------------- Invoking toplevel() on ptolemy.moml.MoMLSimpleApplication@53022d28
----------------- Done invoking toplevel() on ptolemy.moml.MoMLSimpleApplication@53022d28
reloadAllAccessors: .Satellite

===========================================================================================
----------------- testing Sat Jun 16 01:25:48 UTC 2018 /home/travis/build/icyphy/ptII/ptolemy/domains/continuous/test/auto/SigmaDelta.xml
----------------- Instantiating /home/travis/build/icyphy/ptII/ptolemy/domains/continuous/test/auto/SigmaDelta.xml
2341 ms. Memory: 320000K Free: 123903K (39%)
----------------- Invoking toplevel() on ptolemy.moml.MoMLSimpleApplication@65fc69df
----------------- Done invoking toplevel() on ptolemy.moml.MoMLSimpleApplication@65fc69df
reloadAllAccessors: .SigmaDelta

===========================================================================================
----------------- testing Sat Jun 16 01:25:50 UTC 2018 /home/travis/build/icyphy/ptII/ptolemy/domains/continuous/test/auto/SinuBouncingBall.xml
----------------- Instantiating /home/travis/build/icyphy/ptII/ptolemy/domains/continuous/test/auto/SinuBouncingBall.xml
750 ms. Memory: 304640K Free: 117212K (38%)
----------------- Invoking toplevel() on ptolemy.moml.MoMLSimpleApplication@157f4f1e
----------------- Done invoking toplevel() on ptolemy.moml.MoMLSimpleApplication@157f4f1e
reloadAllAccessors: .SinuBouncingBall

===========================================================================================
----------------- testing Sat Jun 16 01:25:51 UTC 2018 /home/travis/build/icyphy/ptII/ptolemy/domains/continuous/test/auto/Sinusoid.xml
----------------- Instantiating /home/travis/build/icyphy/ptII/ptolemy/domains/continuous/test/auto/Sinusoid.xml
5 ms. Memory: 304640K Free: 110726K (36%)
----------------- Invoking toplevel() on ptolemy.moml.MoMLSimpleApplication@74eb5d81
----------------- Done invoking toplevel() on ptolemy.moml.MoMLSimpleApplication@74eb5d81
reloadAllAccessors: .Sinusoid

===========================================================================================
----------------- testing Sat Jun 16 01:25:51 UTC 2018 /home/travis/build/icyphy/ptII/ptolemy/domains/continuous/test/auto/SinusoidInNoise.xml
----------------- Instantiating /home/travis/build/icyphy/ptII/ptolemy/domains/continuous/test/auto/SinusoidInNoise.xml
839 ms. Memory: 294912K Free: 119599K (41%)
----------------- Invoking toplevel() on ptolemy.moml.MoMLSimpleApplication@45936a97
----------------- Done invoking toplevel() on ptolemy.moml.MoMLSimpleApplication@45936a97
reloadAllAccessors: .SinusoidInNoise

===========================================================================================
----------------- testing Sat Jun 16 01:25:52 UTC 2018 /home/travis/build/icyphy/ptII/ptolemy/domains/continuous/test/auto/SinusoidRK45.xml
----------------- Instantiating /home/travis/build/icyphy/ptII/ptolemy/domains/continuous/test/auto/SinusoidRK45.xml
2 ms. Memory: 294912K Free: 113577K (39%)
----------------- Invoking toplevel() on ptolemy.moml.MoMLSimpleApplication@32b5b482
----------------- Done invoking toplevel() on ptolemy.moml.MoMLSimpleApplication@32b5b482
reloadAllAccessors: .SinusoidRK45

===========================================================================================
----------------- testing Sat Jun 16 01:25:52 UTC 2018 /home/travis/build/icyphy/ptII/ptolemy/domains/continuous/test/auto/SinusoidWithMultipleImpulses.xml
----------------- Instantiating /home/travis/build/icyphy/ptII/ptolemy/domains/continuous/test/auto/SinusoidWithMultipleImpulses.xml
3 ms. Memory: 294912K Free: 106968K (36%)
----------------- Invoking toplevel() on ptolemy.moml.MoMLSimpleApplication@1a966efe
----------------- Done invoking toplevel() on ptolemy.moml.MoMLSimpleApplication@1a966efe
reloadAllAccessors: .SinusoidWithMultipleImpulses

===========================================================================================
----------------- testing Sat Jun 16 01:25:52 UTC 2018 /home/travis/build/icyphy/ptII/ptolemy/domains/continuous/test/auto/SquareWave.xml
----------------- Instantiating /home/travis/build/icyphy/ptII/ptolemy/domains/continuous/test/auto/SquareWave.xml
184 ms. Memory: 294912K Free: 79140K (27%)
----------------- Invoking toplevel() on ptolemy.moml.MoMLSimpleApplication@6ea54633
----------------- Done invoking toplevel() on ptolemy.moml.MoMLSimpleApplication@6ea54633
reloadAllAccessors: .SquareWave

===========================================================================================
----------------- testing Sat Jun 16 01:25:52 UTC 2018 /home/travis/build/icyphy/ptII/ptolemy/domains/continuous/test/auto/Starmac.xml
----------------- Instantiating /home/travis/build/icyphy/ptII/ptolemy/domains/continuous/test/auto/Starmac.xml
3061 ms. Memory: 277504K Free: 112438K (41%)
----------------- Invoking toplevel() on ptolemy.moml.MoMLSimpleApplication@3134f6a4
----------------- Done invoking toplevel() on ptolemy.moml.MoMLSimpleApplication@3134f6a4
reloadAllAccessors: .Starmac

===========================================================================================
----------------- testing Sat Jun 16 01:25:56 UTC 2018 /home/travis/build/icyphy/ptII/ptolemy/domains/continuous/test/auto/StaticUnits.xml
----------------- Instantiating /home/travis/build/icyphy/ptII/ptolemy/domains/continuous/test/auto/StaticUnits.xml
2066 ms. Memory: 259584K Free: 26636K (10%)
----------------- Invoking toplevel() on ptolemy.moml.MoMLSimpleApplication@61da103
----------------- Done invoking toplevel() on ptolemy.moml.MoMLSimpleApplication@61da103
reloadAllAccessors: .StaticUnits

===========================================================================================
----------------- testing Sat Jun 16 01:25:58 UTC 2018 /home/travis/build/icyphy/ptII/ptolemy/domains/continuous/test/auto/StickyMasses.xml
----------------- Instantiating /home/travis/build/icyphy/ptII/ptolemy/domains/continuous/test/auto/StickyMasses.xml
141 ms. Memory: 259584K Free: 148068K (57%)
----------------- Invoking toplevel() on ptolemy.moml.MoMLSimpleApplication@6aa6d228
----------------- Done invoking toplevel() on ptolemy.moml.MoMLSimpleApplication@6aa6d228
reloadAllAccessors: .StickyMasses

===========================================================================================
----------------- testing Sat Jun 16 01:25:58 UTC 2018 /home/travis/build/icyphy/ptII/ptolemy/domains/continuous/test/auto/StopTime.xml
----------------- Instantiating /home/travis/build/icyphy/ptII/ptolemy/domains/continuous/test/auto/StopTime.xml
42 ms. Memory: 259584K Free: 119598K (46%)
----------------- Invoking toplevel() on ptolemy.moml.MoMLSimpleApplication@35e4e988
----------------- Done invoking toplevel() on ptolemy.moml.MoMLSimpleApplication@35e4e988
reloadAllAccessors: .StopTime

===========================================================================================
----------------- testing Sat Jun 16 01:25:59 UTC 2018 /home/travis/build/icyphy/ptII/ptolemy/domains/continuous/test/auto/StopTime2.xml
----------------- Instantiating /home/travis/build/icyphy/ptII/ptolemy/domains/continuous/test/auto/StopTime2.xml
42 ms. Memory: 259584K Free: 92916K (36%)
----------------- Invoking toplevel() on ptolemy.moml.MoMLSimpleApplication@5b5f5f8d
----------------- Done invoking toplevel() on ptolemy.moml.MoMLSimpleApplication@5b5f5f8d
reloadAllAccessors: .StopTime2

===========================================================================================
----------------- testing Sat Jun 16 01:25:59 UTC 2018 /home/travis/build/icyphy/ptII/ptolemy/domains/continuous/test/auto/Switch.xml
----------------- Instantiating /home/travis/build/icyphy/ptII/ptolemy/domains/continuous/test/auto/Switch.xml
49 ms. Memory: 259584K Free: 64516K (25%)
----------------- Invoking toplevel() on ptolemy.moml.MoMLSimpleApplication@15229002
----------------- Done invoking toplevel() on ptolemy.moml.MoMLSimpleApplication@15229002
reloadAllAccessors: .Switch

===========================================================================================
----------------- testing Sat Jun 16 01:25:59 UTC 2018 /home/travis/build/icyphy/ptII/ptolemy/domains/continuous/test/auto/Thermostat.xml
----------------- Instantiating /home/travis/build/icyphy/ptII/ptolemy/domains/continuous/test/auto/Thermostat.xml
223 ms. Memory: 245760K Free: 145577K (59%)
----------------- Invoking toplevel() on ptolemy.moml.MoMLSimpleApplication@75fe96fb
----------------- Done invoking toplevel() on ptolemy.moml.MoMLSimpleApplication@75fe96fb
reloadAllAccessors: .Thermostat

===========================================================================================
----------------- testing Sat Jun 16 01:25:59 UTC 2018 /home/travis/build/icyphy/ptII/ptolemy/domains/continuous/test/auto/TimeDelay.xml
----------------- Instantiating /home/travis/build/icyphy/ptII/ptolemy/domains/continuous/test/auto/TimeDelay.xml
7 ms. Memory: 245760K Free: 137122K (56%)
----------------- Invoking toplevel() on ptolemy.moml.MoMLSimpleApplication@5cff8626
----------------- Done invoking toplevel() on ptolemy.moml.MoMLSimpleApplication@5cff8626
reloadAllAccessors: .TimeDelay

===========================================================================================
----------------- testing Sat Jun 16 01:25:59 UTC 2018 /home/travis/build/icyphy/ptII/ptolemy/domains/continuous/test/auto/TimeDelay2.xml
----------------- Instantiating /home/travis/build/icyphy/ptII/ptolemy/domains/continuous/test/auto/TimeDelay2.xml
9 ms. Memory: 245760K Free: 129621K (53%)
----------------- Invoking toplevel() on ptolemy.moml.MoMLSimpleApplication@1dce816c
----------------- Done invoking toplevel() on ptolemy.moml.MoMLSimpleApplication@1dce816c
reloadAllAccessors: .TimeDelay2

===========================================================================================
----------------- testing Sat Jun 16 01:25:59 UTC 2018 /home/travis/build/icyphy/ptII/ptolemy/domains/continuous/test/auto/TimeDelay3.xml
----------------- Instantiating /home/travis/build/icyphy/ptII/ptolemy/domains/continuous/test/auto/TimeDelay3.xml
8 ms. Memory: 245760K Free: 124274K (51%)
----------------- Invoking toplevel() on ptolemy.moml.MoMLSimpleApplication@1ad7ad29
----------------- Done invoking toplevel() on ptolemy.moml.MoMLSimpleApplication@1ad7ad29
reloadAllAccessors: .TimeDelay3

===========================================================================================
----------------- testing Sat Jun 16 01:25:59 UTC 2018 /home/travis/build/icyphy/ptII/ptolemy/domains/continuous/test/auto/TransferAbsentToInside.xml
----------------- Instantiating /home/travis/build/icyphy/ptII/ptolemy/domains/continuous/test/auto/TransferAbsentToInside.xml
28 ms. Memory: 245760K Free: 66141K (27%)
----------------- Invoking toplevel() on ptolemy.moml.MoMLSimpleApplication@7952a5e0
----------------- Done invoking toplevel() on ptolemy.moml.MoMLSimpleApplication@7952a5e0
reloadAllAccessors: .TransferAbsentToInside

===========================================================================================
----------------- testing Sat Jun 16 01:25:59 UTC 2018 /home/travis/build/icyphy/ptII/ptolemy/domains/continuous/test/auto/Transmission.xml
----------------- Instantiating /home/travis/build/icyphy/ptII/ptolemy/domains/continuous/test/auto/Transmission.xml
916 ms. Memory: 232448K Free: 136367K (59%)
----------------- Invoking toplevel() on ptolemy.moml.MoMLSimpleApplication@7518315a
----------------- Done invoking toplevel() on ptolemy.moml.MoMLSimpleApplication@7518315a
reloadAllAccessors: .Transmission

===========================================================================================
----------------- testing Sat Jun 16 01:26:00 UTC 2018 /home/travis/build/icyphy/ptII/ptolemy/domains/continuous/test/auto/TriggeredContinuousClock.xml
----------------- Instantiating /home/travis/build/icyphy/ptII/ptolemy/domains/continuous/test/auto/TriggeredContinuousClock.xml
45 ms. Memory: 232448K Free: 102332K (44%)
----------------- Invoking toplevel() on ptolemy.moml.MoMLSimpleApplication@409e9bff
----------------- Done invoking toplevel() on ptolemy.moml.MoMLSimpleApplication@409e9bff
reloadAllAccessors: .TriggeredContinuousClock

===========================================================================================
----------------- testing Sat Jun 16 01:26:00 UTC 2018 /home/travis/build/icyphy/ptII/ptolemy/domains/continuous/test/auto/TwoMachineInfiniteBusControl.xml
----------------- Instantiating /home/travis/build/icyphy/ptII/ptolemy/domains/continuous/test/auto/TwoMachineInfiniteBusControl.xml
2343 ms. Memory: 302592K Free: 176086K (58%)
----------------- Invoking toplevel() on ptolemy.moml.MoMLSimpleApplication@3b4d6f0
----------------- Done invoking toplevel() on ptolemy.moml.MoMLSimpleApplication@3b4d6f0
reloadAllAccessors: .TwoMachineInfiniteBusControl

===========================================================================================
----------------- testing Sat Jun 16 01:26:03 UTC 2018 /home/travis/build/icyphy/ptII/ptolemy/domains/continuous/test/auto/V2V.xml
----------------- Instantiating /home/travis/build/icyphy/ptII/ptolemy/domains/continuous/test/auto/V2V.xml
756 ms. Memory: 288256K Free: 179538K (62%)
----------------- Invoking toplevel() on ptolemy.moml.MoMLSimpleApplication@10e29bef
----------------- Done invoking toplevel() on ptolemy.moml.MoMLSimpleApplication@10e29bef
reloadAllAccessors: .V2V

===========================================================================================
----------------- testing Sat Jun 16 01:26:04 UTC 2018 /home/travis/build/icyphy/ptII/ptolemy/domains/continuous/test/auto/hierarchicalModalModel.xml
----------------- Instantiating /home/travis/build/icyphy/ptII/ptolemy/domains/continuous/test/auto/hierarchicalModalModel.xml
8 ms. Memory: 288256K Free: 160937K (56%)
----------------- Invoking toplevel() on ptolemy.moml.MoMLSimpleApplication@79b225a5
----------------- Done invoking toplevel() on ptolemy.moml.MoMLSimpleApplication@79b225a5
reloadAllAccessors: .hierarchicalModalModel

===========================================================================================
----------------- testing Sat Jun 16 01:26:04 UTC 2018 /home/travis/build/icyphy/ptII/ptolemy/domains/continuous/test/auto/hierarchicalModalModel1.xml
----------------- Instantiating /home/travis/build/icyphy/ptII/ptolemy/domains/continuous/test/auto/hierarchicalModalModel1.xml
9 ms. Memory: 288256K Free: 143419K (50%)
----------------- Invoking toplevel() on ptolemy.moml.MoMLSimpleApplication@6d951ac3
----------------- Done invoking toplevel() on ptolemy.moml.MoMLSimpleApplication@6d951ac3
reloadAllAccessors: .hierarchicalModalModel1

===========================================================================================
----------------- testing Sat Jun 16 01:26:04 UTC 2018 /home/travis/build/icyphy/ptII/ptolemy/domains/continuous/test/auto/hierarchicalModalModel2.xml
----------------- Instantiating /home/travis/build/icyphy/ptII/ptolemy/domains/continuous/test/auto/hierarchicalModalModel2.xml
6 ms. Memory: 288256K Free: 128718K (45%)
----------------- Invoking toplevel() on ptolemy.moml.MoMLSimpleApplication@1c672e74
----------------- Done invoking toplevel() on ptolemy.moml.MoMLSimpleApplication@1c672e74
reloadAllAccessors: .hierarchicalModalModel2

===========================================================================================
----------------- testing Sat Jun 16 01:26:04 UTC 2018 /home/travis/build/icyphy/ptII/ptolemy/domains/continuous/test/auto/hierarchicalModalModel3.xml
----------------- Instantiating /home/travis/build/icyphy/ptII/ptolemy/domains/continuous/test/auto/hierarchicalModalModel3.xml
5 ms. Memory: 288256K Free: 115336K (40%)
----------------- Invoking toplevel() on ptolemy.moml.MoMLSimpleApplication@5345cedd
----------------- Done invoking toplevel() on ptolemy.moml.MoMLSimpleApplication@5345cedd
reloadAllAccessors: .hierarchicalModalModel3

===========================================================================================
----------------- testing Sat Jun 16 01:26:04 UTC 2018 /home/travis/build/icyphy/ptII/ptolemy/domains/continuous/test/auto/hierarchicalModalModel4.xml
----------------- Instantiating /home/travis/build/icyphy/ptII/ptolemy/domains/continuous/test/auto/hierarchicalModalModel4.xml
5 ms. Memory: 288256K Free: 100575K (35%)
----------------- Invoking toplevel() on ptolemy.moml.MoMLSimpleApplication@61d156a5
----------------- Done invoking toplevel() on ptolemy.moml.MoMLSimpleApplication@61d156a5
reloadAllAccessors: .hierarchicalModalModel4

===========================================================================================
----------------- testing Sat Jun 16 01:26:04 UTC 2018 /home/travis/build/icyphy/ptII/ptolemy/domains/continuous/test/auto/junk.xml
----------------- Instantiating /home/travis/build/icyphy/ptII/ptolemy/domains/continuous/test/auto/junk.xml
170 ms. Memory: 288256K Free: 67930K (24%)
----------------- Invoking toplevel() on ptolemy.moml.MoMLSimpleApplication@699cf817
----------------- Done invoking toplevel() on ptolemy.moml.MoMLSimpleApplication@699cf817
reloadAllAccessors: .junk
AutoTests.java: About to close Vertx.
AutoTests.java: Vertx closed.
]]></system-out>
  <system-err><![CDATA[Warning: '.HysteresisWithRandomDelay.NonStrictTest' The test produced only 221 tokens, yet the correctValues parameter was expecting 222 tokens.
Warning: '.HysteresisWithRandomDelay.NonStrictTest2' The test produced only 220 tokens, yet the correctValues parameter was expecting 221 tokens.
Warning: '.IncreasingRatePoisson.NonStrictTest' The test produced only 398 tokens, yet the correctValues parameter was expecting 402 tokens.
Warning: '.Poisson.NonStrictTest' The test produced only 394 tokens, yet the correctValues parameter was expecting 430 tokens.
]]></system-err>
</testsuite>
