<?xml version="1.0" encoding="UTF-8" ?>
<testsuite errors="0" failures="0" hostname="travis-job-9f39510a-c6dd-4a08-9e74-25ce00270a1a" name="ptolemy.domains.de.test.junit.JUnitTclTest" skipped="0" tests="101" time="128.664" timestamp="2018-10-06T02:24:37">
  <properties>
[...]
</properties>
  <testcase classname="ptolemy.util.test.junit.TclTests" name="[0] /home/travis/build/icyphy/ptII/ptolemy/domains/de/test/DependencyLoop.tcl (RunTclFile)" time="0.749" />
  <testcase classname="ptolemy.util.test.junit.TclTests" name="[1] /home/travis/build/icyphy/ptII/ptolemy/domains/de/test/RunDETestsAsQSS.tcl (RunTclFile)" time="88.519" />
  <testcase classname="ptolemy.util.test.junit.AutoKnownFailedTests" name="[0] /home/travis/build/icyphy/ptII/ptolemy/domains/de/test/auto/knownFailedTests/DESDFClockTest.xml (RunModel)" time="2.03" />
  <testcase classname="ptolemy.util.test.junit.AutoKnownFailedTests" name="[1] /home/travis/build/icyphy/ptII/ptolemy/domains/de/test/auto/knownFailedTests/DirectFeedback.xml (RunModel)" time="0.018" />
  <testcase classname="ptolemy.util.test.junit.AutoKnownFailedTests" name="[2] /home/travis/build/icyphy/ptII/ptolemy/domains/de/test/auto/knownFailedTests/FSMSource.xml (RunModel)" time="0.031" />
  <testcase classname="ptolemy.util.test.junit.AutoKnownFailedTests" name="[3] /home/travis/build/icyphy/ptII/ptolemy/domains/de/test/auto/knownFailedTests/HierarchicalModel.xml (RunModel)" time="0.042" />
  <testcase classname="ptolemy.util.test.junit.AutoKnownFailedTests" name="[4] /home/travis/build/icyphy/ptII/ptolemy/domains/de/test/auto/knownFailedTests/dependencyLoop.xml (RunModel)" time="0.037" />
  <testcase classname="ptolemy.util.test.junit.AutoKnownFailedTests" name="[5] /home/travis/build/icyphy/ptII/ptolemy/domains/de/test/auto/knownFailedTests/dependencyLoop2.xml (RunModel)" time="0.039" />
  <testcase classname="ptolemy.util.test.junit.AutoNameArchTests" name="[0] ThereAreNoAutoArchTests (RunModel)" time="0.004" />
  <testcase classname="ptolemy.util.test.junit.AutoTests" name="[0] /home/travis/build/icyphy/ptII/ptolemy/domains/de/test/auto/ActorDepthCalculation_actorWithoutPorts.xml (RunModel)" time="0.018" />
  <testcase classname="ptolemy.util.test.junit.AutoTests" name="[1] /home/travis/build/icyphy/ptII/ptolemy/domains/de/test/auto/AssemblyLine.xml (RunModel)" time="0.019" />
  <testcase classname="ptolemy.util.test.junit.AutoTests" name="[2] /home/travis/build/icyphy/ptII/ptolemy/domains/de/test/auto/CQBug1.xml (RunModel)" time="0.011" />
  <testcase classname="ptolemy.util.test.junit.AutoTests" name="[3] /home/travis/build/icyphy/ptII/ptolemy/domains/de/test/auto/CancelFireAt.xml (RunModel)" time="0.018" />
  <testcase classname="ptolemy.util.test.junit.AutoTests" name="[4] /home/travis/build/icyphy/ptII/ptolemy/domains/de/test/auto/CausalityAndComposabilityAnalysis.xml (RunModel)" time="0.018" />
  <testcase classname="ptolemy.util.test.junit.AutoTests" name="[5] /home/travis/build/icyphy/ptII/ptolemy/domains/de/test/auto/CausalityInterface1.xml (RunModel)" time="0.014" />
  <testcase classname="ptolemy.util.test.junit.AutoTests" name="[6] /home/travis/build/icyphy/ptII/ptolemy/domains/de/test/auto/CausalityInterface15.xml (RunModel)" time="0.013" />
  <testcase classname="ptolemy.util.test.junit.AutoTests" name="[7] /home/travis/build/icyphy/ptII/ptolemy/domains/de/test/auto/CausalityInterface2.xml (RunModel)" time="0.01" />
  <testcase classname="ptolemy.util.test.junit.AutoTests" name="[8] /home/travis/build/icyphy/ptII/ptolemy/domains/de/test/auto/CausalityInterface3.xml (RunModel)" time="0.011" />
  <testcase classname="ptolemy.util.test.junit.AutoTests" name="[9] /home/travis/build/icyphy/ptII/ptolemy/domains/de/test/auto/ClockDrift.xml (RunModel)" time="0.033" />
  <testcase classname="ptolemy.util.test.junit.AutoTests" name="[10] /home/travis/build/icyphy/ptII/ptolemy/domains/de/test/auto/ClockDriftAndValueChange.xml (RunModel)" time="0.03" />
  <testcase classname="ptolemy.util.test.junit.AutoTests" name="[11] /home/travis/build/icyphy/ptII/ptolemy/domains/de/test/auto/ClockDriftChange.xml (RunModel)" time="0.024" />
  <testcase classname="ptolemy.util.test.junit.AutoTests" name="[12] /home/travis/build/icyphy/ptII/ptolemy/domains/de/test/auto/ComposableCausalityAnalysis.xml (RunModel)" time="0.019" />
  <testcase classname="ptolemy.util.test.junit.AutoTests" name="[13] /home/travis/build/icyphy/ptII/ptolemy/domains/de/test/auto/DEFixedPointLimitation.xml (RunModel)" time="0.01" />
  <testcase classname="ptolemy.util.test.junit.AutoTests" name="[14] /home/travis/build/icyphy/ptII/ptolemy/domains/de/test/auto/DEScheduleTest.xml (RunModel)" time="0.012" />
  <testcase classname="ptolemy.util.test.junit.AutoTests" name="[15] /home/travis/build/icyphy/ptII/ptolemy/domains/de/test/auto/DEinDEwithStartTimes.xml (RunModel)" time="0.013" />
  <testcase classname="ptolemy.util.test.junit.AutoTests" name="[16] /home/travis/build/icyphy/ptII/ptolemy/domains/de/test/auto/DEinDEwithStartTimes2.xml (RunModel)" time="0.014" />
  <testcase classname="ptolemy.util.test.junit.AutoTests" name="[17] /home/travis/build/icyphy/ptII/ptolemy/domains/de/test/auto/DateDemo.xml (RunModel)" time="0.028" />
  <testcase classname="ptolemy.util.test.junit.AutoTests" name="[18] /home/travis/build/icyphy/ptII/ptolemy/domains/de/test/auto/DateToEvent.xml (RunModel)" time="2.032" />
  <testcase classname="ptolemy.util.test.junit.AutoTests" name="[19] /home/travis/build/icyphy/ptII/ptolemy/domains/de/test/auto/DepthTest1.xml (RunModel)" time="0.013" />
  <testcase classname="ptolemy.util.test.junit.AutoTests" name="[20] /home/travis/build/icyphy/ptII/ptolemy/domains/de/test/auto/DepthTest2.xml (RunModel)" time="0.016" />
  <testcase classname="ptolemy.util.test.junit.AutoTests" name="[21] /home/travis/build/icyphy/ptII/ptolemy/domains/de/test/auto/DepthTest3.xml (RunModel)" time="0.007" />
  <testcase classname="ptolemy.util.test.junit.AutoTests" name="[22] /home/travis/build/icyphy/ptII/ptolemy/domains/de/test/auto/DepthTest4.xml (RunModel)" time="0.012" />
  <testcase classname="ptolemy.util.test.junit.AutoTests" name="[23] /home/travis/build/icyphy/ptII/ptolemy/domains/de/test/auto/DepthTest5.xml (RunModel)" time="0.01" />
  <testcase classname="ptolemy.util.test.junit.AutoTests" name="[24] /home/travis/build/icyphy/ptII/ptolemy/domains/de/test/auto/DepthTest6.xml (RunModel)" time="0.008" />
  <testcase classname="ptolemy.util.test.junit.AutoTests" name="[25] /home/travis/build/icyphy/ptII/ptolemy/domains/de/test/auto/DepthTest7.xml (RunModel)" time="0.007" />
  <testcase classname="ptolemy.util.test.junit.AutoTests" name="[26] /home/travis/build/icyphy/ptII/ptolemy/domains/de/test/auto/EventToDate.xml (RunModel)" time="3.021" />
  <testcase classname="ptolemy.util.test.junit.AutoTests" name="[27] /home/travis/build/icyphy/ptII/ptolemy/domains/de/test/auto/FSM1.xml (RunModel)" time="0.05" />
  <testcase classname="ptolemy.util.test.junit.AutoTests" name="[28] /home/travis/build/icyphy/ptII/ptolemy/domains/de/test/auto/FSM7.xml (RunModel)" time="0.035" />
  <testcase classname="ptolemy.util.test.junit.AutoTests" name="[29] /home/travis/build/icyphy/ptII/ptolemy/domains/de/test/auto/Inspection.xml (RunModel)" time="0.044" />
  <testcase classname="ptolemy.util.test.junit.AutoTests" name="[30] /home/travis/build/icyphy/ptII/ptolemy/domains/de/test/auto/Iteration.xml (RunModel)" time="0.018" />
  <testcase classname="ptolemy.util.test.junit.AutoTests" name="[31] /home/travis/build/icyphy/ptII/ptolemy/domains/de/test/auto/LineFault.xml (RunModel)" time="0.514" />
  <testcase classname="ptolemy.util.test.junit.AutoTests" name="[32] /home/travis/build/icyphy/ptII/ptolemy/domains/de/test/auto/MergeModel1Add.xml (RunModel)" time="0.039" />
  <testcase classname="ptolemy.util.test.junit.AutoTests" name="[33] /home/travis/build/icyphy/ptII/ptolemy/domains/de/test/auto/MergeModel2Add.xml (RunModel)" time="0.035" />
  <testcase classname="ptolemy.util.test.junit.AutoTests" name="[34] /home/travis/build/icyphy/ptII/ptolemy/domains/de/test/auto/MergeModel3Add.xml (RunModel)" time="0.034" />
  <testcase classname="ptolemy.util.test.junit.AutoTests" name="[35] /home/travis/build/icyphy/ptII/ptolemy/domains/de/test/auto/MergeWithoutDiscard.xml (RunModel)" time="0.009" />
  <testcase classname="ptolemy.util.test.junit.AutoTests" name="[36] /home/travis/build/icyphy/ptII/ptolemy/domains/de/test/auto/Modal1.xml (RunModel)" time="0.034" />
  <testcase classname="ptolemy.util.test.junit.AutoTests" name="[37] /home/travis/build/icyphy/ptII/ptolemy/domains/de/test/auto/Modal2.xml (RunModel)" time="0.032" />
  <testcase classname="ptolemy.util.test.junit.AutoTests" name="[38] /home/travis/build/icyphy/ptII/ptolemy/domains/de/test/auto/Modal3.xml (RunModel)" time="0.02" />
  <testcase classname="ptolemy.util.test.junit.AutoTests" name="[39] /home/travis/build/icyphy/ptII/ptolemy/domains/de/test/auto/Modal4.xml (RunModel)" time="0.032" />
  <testcase classname="ptolemy.util.test.junit.AutoTests" name="[40] /home/travis/build/icyphy/ptII/ptolemy/domains/de/test/auto/Modal5.xml (RunModel)" time="0.029" />
  <testcase classname="ptolemy.util.test.junit.AutoTests" name="[41] /home/travis/build/icyphy/ptII/ptolemy/domains/de/test/auto/Modal6.xml (RunModel)" time="0.017" />
  <testcase classname="ptolemy.util.test.junit.AutoTests" name="[42] /home/travis/build/icyphy/ptII/ptolemy/domains/de/test/auto/Modal7.xml (RunModel)" time="0.023" />
  <testcase classname="ptolemy.util.test.junit.AutoTests" name="[43] /home/travis/build/icyphy/ptII/ptolemy/domains/de/test/auto/ModalModel.xml (RunModel)" time="0.114" />
  <testcase classname="ptolemy.util.test.junit.AutoTests" name="[44] /home/travis/build/icyphy/ptII/ptolemy/domains/de/test/auto/ModalSource.xml (RunModel)" time="0.014" />
  <testcase classname="ptolemy.util.test.junit.AutoTests" name="[45] /home/travis/build/icyphy/ptII/ptolemy/domains/de/test/auto/NonInterruptibleTimerZeroDelay.xml (RunModel)" time="0.007" />
  <testcase classname="ptolemy.util.test.junit.AutoTests" name="[46] /home/travis/build/icyphy/ptII/ptolemy/domains/de/test/auto/OpenQueueingNetwork.xml (RunModel)" time="2.184" />
  <testcase classname="ptolemy.util.test.junit.AutoTests" name="[47] /home/travis/build/icyphy/ptII/ptolemy/domains/de/test/auto/OpenQueuingNetwork.xml (RunModel)" time="0.27" />
  <testcase classname="ptolemy.util.test.junit.AutoTests" name="[48] /home/travis/build/icyphy/ptII/ptolemy/domains/de/test/auto/PeriodicSampler.xml (RunModel)" time="0.008" />
  <testcase classname="ptolemy.util.test.junit.AutoTests" name="[49] /home/travis/build/icyphy/ptII/ptolemy/domains/de/test/auto/PersistentIO.xml (RunModel)" time="0.018" />
  <testcase classname="ptolemy.util.test.junit.AutoTests" name="[50] /home/travis/build/icyphy/ptII/ptolemy/domains/de/test/auto/PortParameterResetOnInitialize.xml (RunModel)" time="0.009" />
  <testcase classname="ptolemy.util.test.junit.AutoTests" name="[51] /home/travis/build/icyphy/ptII/ptolemy/domains/de/test/auto/PortParameterUpdates.xml (RunModel)" time="0.016" />
  <testcase classname="ptolemy.util.test.junit.AutoTests" name="[52] /home/travis/build/icyphy/ptII/ptolemy/domains/de/test/auto/QueueAndServer.xml (RunModel)" time="0.024" />
  <testcase classname="ptolemy.util.test.junit.AutoTests" name="[53] /home/travis/build/icyphy/ptII/ptolemy/domains/de/test/auto/Records.xml (RunModel)" time="0.015" />
  <testcase classname="ptolemy.util.test.junit.AutoTests" name="[54] /home/travis/build/icyphy/ptII/ptolemy/domains/de/test/auto/ResetTransitionWithStartTime1.xml (RunModel)" time="0.019" />
  <testcase classname="ptolemy.util.test.junit.AutoTests" name="[55] /home/travis/build/icyphy/ptII/ptolemy/domains/de/test/auto/ResetTransitionWithStartTime2.xml (RunModel)" time="0.016" />
  <testcase classname="ptolemy.util.test.junit.AutoTests" name="[56] /home/travis/build/icyphy/ptII/ptolemy/domains/de/test/auto/ResetTransitionWithStartTime3.xml (RunModel)" time="0.017" />
  <testcase classname="ptolemy.util.test.junit.AutoTests" name="[57] /home/travis/build/icyphy/ptII/ptolemy/domains/de/test/auto/ResetTransitionWithStartTime4.xml (RunModel)" time="0.017" />
  <testcase classname="ptolemy.util.test.junit.AutoTests" name="[58] /home/travis/build/icyphy/ptII/ptolemy/domains/de/test/auto/ResettableTimer1.xml (RunModel)" time="0.011" />
  <testcase classname="ptolemy.util.test.junit.AutoTests" name="[59] /home/travis/build/icyphy/ptII/ptolemy/domains/de/test/auto/ResettableTimer2.xml (RunModel)" time="0.009" />
  <testcase classname="ptolemy.util.test.junit.AutoTests" name="[60] /home/travis/build/icyphy/ptII/ptolemy/domains/de/test/auto/ResettableTimer3.xml (RunModel)" time="0.008" />
  <testcase classname="ptolemy.util.test.junit.AutoTests" name="[61] /home/travis/build/icyphy/ptII/ptolemy/domains/de/test/auto/ResettableTimer4.xml (RunModel)" time="0.009" />
  <testcase classname="ptolemy.util.test.junit.AutoTests" name="[62] /home/travis/build/icyphy/ptII/ptolemy/domains/de/test/auto/ResettableTimer5.xml (RunModel)" time="0.011" />
  <testcase classname="ptolemy.util.test.junit.AutoTests" name="[63] /home/travis/build/icyphy/ptII/ptolemy/domains/de/test/auto/ResettableTimer6.xml (RunModel)" time="0.016" />
  <testcase classname="ptolemy.util.test.junit.AutoTests" name="[64] /home/travis/build/icyphy/ptII/ptolemy/domains/de/test/auto/ServerZeroDelay.xml (RunModel)" time="0.009" />
  <testcase classname="ptolemy.util.test.junit.AutoTests" name="[65] /home/travis/build/icyphy/ptII/ptolemy/domains/de/test/auto/SmartSender.xml (RunModel)" time="3.008" />
  <testcase classname="ptolemy.util.test.junit.AutoTests" name="[66] /home/travis/build/icyphy/ptII/ptolemy/domains/de/test/auto/ThreadedComposite.xml (RunModel)" time="0.142" />
  <testcase classname="ptolemy.util.test.junit.AutoTests" name="[67] /home/travis/build/icyphy/ptII/ptolemy/domains/de/test/auto/Time.xml (RunModel)" time="0.415" />
  <testcase classname="ptolemy.util.test.junit.AutoTests" name="[68] /home/travis/build/icyphy/ptII/ptolemy/domains/de/test/auto/TimeDelayZeroDelay.xml (RunModel)" time="0.01" />
  <testcase classname="ptolemy.util.test.junit.AutoTests" name="[69] /home/travis/build/icyphy/ptII/ptolemy/domains/de/test/auto/TimerZeroDelay.xml (RunModel)" time="0.009" />
  <testcase classname="ptolemy.util.test.junit.AutoTests" name="[70] /home/travis/build/icyphy/ptII/ptolemy/domains/de/test/auto/TimingParadox.xml (RunModel)" time="0.345" />
  <testcase classname="ptolemy.util.test.junit.AutoTests" name="[71] /home/travis/build/icyphy/ptII/ptolemy/domains/de/test/auto/TransferInputs.xml (RunModel)" time="0.009" />
  <testcase classname="ptolemy.util.test.junit.AutoTests" name="[72] /home/travis/build/icyphy/ptII/ptolemy/domains/de/test/auto/TransferOutputs2.xml (RunModel)" time="0.015" />
  <testcase classname="ptolemy.util.test.junit.AutoTests" name="[73] /home/travis/build/icyphy/ptII/ptolemy/domains/de/test/auto/Trilateration.xml (RunModel)" time="11.418" />
  <testcase classname="ptolemy.util.test.junit.AutoTests" name="[74] /home/travis/build/icyphy/ptII/ptolemy/domains/de/test/auto/TwoSigmaDelta.xml (RunModel)" time="2.105" />
  <testcase classname="ptolemy.util.test.junit.AutoTests" name="[75] /home/travis/build/icyphy/ptII/ptolemy/domains/de/test/auto/VariableDelay.xml (RunModel)" time="0.009" />
  <testcase classname="ptolemy.util.test.junit.AutoTests" name="[76] /home/travis/build/icyphy/ptII/ptolemy/domains/de/test/auto/VariableDelay2.xml (RunModel)" time="0.008" />
  <testcase classname="ptolemy.util.test.junit.AutoTests" name="[77] /home/travis/build/icyphy/ptII/ptolemy/domains/de/test/auto/VariableDelayZeroDelay.xml (RunModel)" time="0.009" />
  <testcase classname="ptolemy.util.test.junit.AutoTests" name="[78] /home/travis/build/icyphy/ptII/ptolemy/domains/de/test/auto/VariableDelayZeroDelay2.xml (RunModel)" time="0.009" />
  <testcase classname="ptolemy.util.test.junit.AutoTests" name="[79] /home/travis/build/icyphy/ptII/ptolemy/domains/de/test/auto/deInCt.xml (RunModel)" time="0.012" />
  <testcase classname="ptolemy.util.test.junit.AutoTests" name="[80] /home/travis/build/icyphy/ptII/ptolemy/domains/de/test/auto/deInCt2.xml (RunModel)" time="0.012" />
  <testcase classname="ptolemy.util.test.junit.AutoTests" name="[81] /home/travis/build/icyphy/ptII/ptolemy/domains/de/test/auto/dynamicCausalityInterface1.xml (RunModel)" time="0.019" />
  <testcase classname="ptolemy.util.test.junit.AutoTests" name="[82] /home/travis/build/icyphy/ptII/ptolemy/domains/de/test/auto/fsm_de_test.xml (RunModel)" time="0.021" />
  <testcase classname="ptolemy.util.test.junit.AutoTests" name="[83] /home/travis/build/icyphy/ptII/ptolemy/domains/de/test/auto/functionDependencyReconstruction.xml (RunModel)" time="0.03" />
  <testcase classname="ptolemy.util.test.junit.AutoTests" name="[84] /home/travis/build/icyphy/ptII/ptolemy/domains/de/test/auto/multirate.xml (RunModel)" time="0.014" />
  <testcase classname="ptolemy.util.test.junit.AutoTests" name="[85] /home/travis/build/icyphy/ptII/ptolemy/domains/de/test/auto/multirate2.xml (RunModel)" time="0.013" />
  <testcase classname="ptolemy.util.test.junit.AutoTests" name="[86] /home/travis/build/icyphy/ptII/ptolemy/domains/de/test/auto/realtime.xml (RunModel)" time="10.009" />
  <testcase classname="ptolemy.util.test.junit.AutoTests" name="[87] /home/travis/build/icyphy/ptII/ptolemy/domains/de/test/auto/relationGroup.xml (RunModel)" time="0.007" />
  <testcase classname="ptolemy.util.test.junit.AutoTests" name="[88] /home/travis/build/icyphy/ptII/ptolemy/domains/de/test/auto/relationGroup2.xml (RunModel)" time="0.006" />
  <testcase classname="ptolemy.util.test.junit.AutoTests" name="[89] /home/travis/build/icyphy/ptII/ptolemy/domains/de/test/auto/sortWithOpaquePorts.xml (RunModel)" time="0.008" />
  <testcase classname="ptolemy.util.test.junit.AutoTests" name="[90] /home/travis/build/icyphy/ptII/ptolemy/domains/de/test/auto/transferInputsandOutputs.xml (RunModel)" time="0.014" />
  <testcase classname="ptolemy.util.test.junit.AutoTests" name="[91] /home/travis/build/icyphy/ptII/ptolemy/domains/de/test/auto/triggerType.xml (RunModel)" time="0.008" />
  <system-out><![CDATA[/home/travis/build/icyphy/ptII/ptolemy/domains/de/test/DependencyLoop.tcl
testDefs.tcl: setting time out to 9000 seconds at Sat Oct 06 02:24:37 UTC 2018
14 ms. Memory: 116224K Free: 93519K (80%)
11 ms. Memory: 146944K Free: 135553K (92%)
/home/travis/build/icyphy/ptII/ptolemy/domains/de/test/RunDETestsAsQSS.tcl
Run the DE tests using ptolemy.domains.qss.test.QSSDirectorTest, which extends QSSDirector and prints a message in the constructors.
------------------ testing $PTII/ptolemy/domains/de/test/auto/knownFailedTests/dependencyLoop.xml (Known Failure) 
8 ms. Memory: 146944K Free: 132441K (90%)


==== $PTIIhome/travis/build/icyphy/ptII/ptolemy/domains/de/test/../../../../: Auto Automatic test in file $PTII/ptolemy/domains/de/test/auto/knownFailedTests/dependencyLoop.xml
==== Contents of test case:

	    # FIXME: we should use $relativeFilename here, but it
	    # might have backslashes under Windows, which causes no end
	    # of trouble.
	    createAndExecute $file
	    list {}
	
.... Test generated KNOWN error:
    while executing
ptolemy.kernel.util.IllegalActionException: Found a zero delay loop containing .dependencyLoop.original
  in .dependencyLoop and .dependencyLoop.original
	at ptolemy.actor.util.CausalityInterfaceForComposites._computeOutputPortDepth(CausalityInterfaceForComposites.java:759)
	at ptolemy.actor.util.CausalityInterfaceForComposites._computeInputDepth(CausalityInterfaceForComposites.java:696)
	at ptolemy.actor.util.CausalityInterfaceForComposites._computeOutputPortDepth(CausalityInterfaceForComposites.java:765)
	at ptolemy.actor.util.CausalityInterfaceForComposites._computeInputDepth(CausalityInterfaceForComposites.java:696)
	at ptolemy.actor.util.CausalityInterfaceForComposites._computeOutputPortDepth(CausalityInterfaceForComposites.java:765)
	at ptolemy.actor.util.CausalityInterfaceForComposites._computeInputDepth(CausalityInterfaceForComposites.java:696)
	at ptolemy.actor.util.CausalityInterfaceForComposites._computeActorDepth(CausalityInterfaceForComposites.java:532)
	at ptolemy.actor.util.CausalityInterfaceForComposites.checkForCycles(CausalityInterfaceForComposites.java:96)
	at ptolemy.domains.de.kernel.DEDirector.preinitialize(DEDirector.java:1338)
	at ptolemy.actor.CompositeActor.preinitialize(CompositeActor.java:1828)
	at ptolemy.actor.Manager.preinitializeAndResolveTypes(Manager.java:1040)
	at ptolemy.actor.Manager.initialize(Manager.java:710)
	at ptolemy.actor.Manager.execute(Manager.java:356)
	at ptolemy.actor.Manager.run(Manager.java:1263)
	at ptolemy.actor.Manager$PtolemyRunThread.run(Manager.java:1915)

    while executing
ptolemy.kernel.util.IllegalActionException: Found a zero delay loop containing .dependencyLoop.original
  in .dependencyLoop and .dependencyLoop.original
    while executing
"java::new ptolemy.moml.MoMLSimpleApplication $file
"
    (procedure "createAndExecute" line 2)
    invoked from within
"createAndExecute $file"
    ("uplevel" body line 5)
    invoked from within
"uplevel $contents_of_test"
------------------ testing $PTII/ptolemy/domains/de/test/auto/knownFailedTests/DESDFClockTest.xml (Known Failure) 
2080 ms. Memory: 146944K Free: 116729K (79%)


==== $PTIIhome/travis/build/icyphy/ptII/ptolemy/domains/de/test/../../../../: Auto Automatic test in file $PTII/ptolemy/domains/de/test/auto/knownFailedTests/DESDFClockTest.xml
==== Contents of test case:

	    # FIXME: we should use $relativeFilename here, but it
	    # might have backslashes under Windows, which causes no end
	    # of trouble.
	    createAndExecute $file
	    list {}
	
.... Test generated KNOWN error:
    while executing
ptolemy.kernel.util.IllegalActionException: Actor is not ready to fire.  Perhaps UpSample.prefire() returned false? Try debugging the actor by selecting "Listen to Actor".  Also, for SDF check moml for tokenConsumptionRate on input.
  in .DESDFClockTest.Play Bell.Copy1:SDF Director and .DESDFClockTest.Play Bell.UpSample
	at ptolemy.actor.sched.StaticSchedulingDirector.fire(StaticSchedulingDirector.java:227)
	at ptolemy.domains.sdf.kernel.SDFDirector.fire(SDFDirector.java:500)
	at ptolemy.actor.CompositeActor.fire(CompositeActor.java:455)
	at ptolemy.domains.de.kernel.DEDirector._fire(DEDirector.java:1949)
	at ptolemy.domains.de.kernel.DEDirector.fire(DEDirector.java:502)
	at ptolemy.actor.CompositeActor.fire(CompositeActor.java:455)
	at ptolemy.actor.Manager.iterate(Manager.java:851)
	at ptolemy.actor.Manager.execute(Manager.java:369)
	at ptolemy.actor.Manager.run(Manager.java:1263)
	at ptolemy.actor.Manager$PtolemyRunThread.run(Manager.java:1915)

    while executing
ptolemy.kernel.util.IllegalActionException: Actor is not ready to fire.  Perhaps UpSample.prefire() returned false? Try debugging the actor by selecting "Listen to Actor".  Also, for SDF check moml for tokenConsumptionRate on input.
  in .DESDFClockTest.Play Bell.Copy1:SDF Director and .DESDFClockTest.Play Bell.UpSample
    while executing
"java::new ptolemy.moml.MoMLSimpleApplication $file
"
    (procedure "createAndExecute" line 2)
    invoked from within
"createAndExecute $file"
    ("uplevel" body line 5)
    invoked from within
"uplevel $contents_of_test"
------------------ testing $PTII/ptolemy/domains/de/test/auto/knownFailedTests/FSMSource.xml (Known Failure) 
21 ms. Memory: 146944K Free: 107802K (73%)
!!!! Auto was marked as failing, but now passes
------------------ testing $PTII/ptolemy/domains/de/test/auto/knownFailedTests/dependencyLoop2.xml (Known Failure) 
5 ms. Memory: 146944K Free: 105919K (72%)


==== $PTIIhome/travis/build/icyphy/ptII/ptolemy/domains/de/test/../../../../: Auto Automatic test in file $PTII/ptolemy/domains/de/test/auto/knownFailedTests/dependencyLoop2.xml
==== Contents of test case:

	    # FIXME: we should use $relativeFilename here, but it
	    # might have backslashes under Windows, which causes no end
	    # of trouble.
	    createAndExecute $file
	    list {}
	
.... Test generated KNOWN error:
    while executing
ptolemy.kernel.util.IllegalActionException: Found a zero delay loop containing .dependencyLoop2.original
  in .dependencyLoop2 and .dependencyLoop2.original
	at ptolemy.actor.util.CausalityInterfaceForComposites._computeOutputPortDepth(CausalityInterfaceForComposites.java:759)
	at ptolemy.actor.util.CausalityInterfaceForComposites._computeInputDepth(CausalityInterfaceForComposites.java:696)
	at ptolemy.actor.util.CausalityInterfaceForComposites._computeOutputPortDepth(CausalityInterfaceForComposites.java:765)
	at ptolemy.actor.util.CausalityInterfaceForComposites._computeInputDepth(CausalityInterfaceForComposites.java:696)
	at ptolemy.actor.util.CausalityInterfaceForComposites._computeOutputPortDepth(CausalityInterfaceForComposites.java:765)
	at ptolemy.actor.util.CausalityInterfaceForComposites._computeInputDepth(CausalityInterfaceForComposites.java:696)
	at ptolemy.actor.util.CausalityInterfaceForComposites._computeActorDepth(CausalityInterfaceForComposites.java:532)
	at ptolemy.actor.util.CausalityInterfaceForComposites.checkForCycles(CausalityInterfaceForComposites.java:96)
	at ptolemy.domains.de.kernel.DEDirector.preinitialize(DEDirector.java:1338)
	at ptolemy.actor.CompositeActor.preinitialize(CompositeActor.java:1828)
	at ptolemy.actor.Manager.preinitializeAndResolveTypes(Manager.java:1040)
	at ptolemy.actor.Manager.initialize(Manager.java:710)
	at ptolemy.actor.Manager.execute(Manager.java:356)
	at ptolemy.actor.Manager.run(Manager.java:1263)
	at ptolemy.actor.Manager$PtolemyRunThread.run(Manager.java:1915)

    while executing
ptolemy.kernel.util.IllegalActionException: Found a zero delay loop containing .dependencyLoop2.original
  in .dependencyLoop2 and .dependencyLoop2.original
    while executing
"java::new ptolemy.moml.MoMLSimpleApplication $file
"
    (procedure "createAndExecute" line 2)
    invoked from within
"createAndExecute $file"
    ("uplevel" body line 5)
    invoked from within
"uplevel $contents_of_test"
------------------ testing $PTII/ptolemy/domains/de/test/auto/knownFailedTests/HierarchicalModel.xml (Known Failure) 
7 ms. Memory: 146944K Free: 84377K (57%)


==== $PTIIhome/travis/build/icyphy/ptII/ptolemy/domains/de/test/../../../../: Auto Automatic test in file $PTII/ptolemy/domains/de/test/auto/knownFailedTests/HierarchicalModel.xml
==== Contents of test case:

	    # FIXME: we should use $relativeFilename here, but it
	    # might have backslashes under Windows, which causes no end
	    # of trouble.
	    createAndExecute $file
	    list {}
	
.... Test generated KNOWN error:
    while executing
ptolemy.kernel.util.IllegalActionException: Found a zero delay loop containing .HierarchicalModel.A
  in .HierarchicalModel and .HierarchicalModel.A
	at ptolemy.actor.util.CausalityInterfaceForComposites._computeOutputPortDepth(CausalityInterfaceForComposites.java:759)
	at ptolemy.actor.util.CausalityInterfaceForComposites._computeInputDepth(CausalityInterfaceForComposites.java:696)
	at ptolemy.actor.util.CausalityInterfaceForComposites._computeOutputPortDepth(CausalityInterfaceForComposites.java:765)
	at ptolemy.actor.util.CausalityInterfaceForComposites._computeInputDepth(CausalityInterfaceForComposites.java:696)
	at ptolemy.actor.util.CausalityInterfaceForComposites._computeOutputPortDepth(CausalityInterfaceForComposites.java:765)
	at ptolemy.actor.util.CausalityInterfaceForComposites._computeInputDepth(CausalityInterfaceForComposites.java:696)
	at ptolemy.actor.util.CausalityInterfaceForComposites._computeActorDepth(CausalityInterfaceForComposites.java:532)
	at ptolemy.actor.util.CausalityInterfaceForComposites.checkForCycles(CausalityInterfaceForComposites.java:96)
	at ptolemy.domains.de.kernel.DEDirector.preinitialize(DEDirector.java:1338)
	at ptolemy.actor.CompositeActor.preinitialize(CompositeActor.java:1828)
	at ptolemy.actor.Manager.preinitializeAndResolveTypes(Manager.java:1040)
	at ptolemy.actor.Manager.initialize(Manager.java:710)
	at ptolemy.actor.Manager.execute(Manager.java:356)
	at ptolemy.actor.Manager.run(Manager.java:1263)
	at ptolemy.actor.Manager$PtolemyRunThread.run(Manager.java:1915)

    while executing
ptolemy.kernel.util.IllegalActionException: Found a zero delay loop containing .HierarchicalModel.A
  in .HierarchicalModel and .HierarchicalModel.A
    while executing
"java::new ptolemy.moml.MoMLSimpleApplication $file
"
    (procedure "createAndExecute" line 2)
    invoked from within
"createAndExecute $file"
    ("uplevel" body line 5)
    invoked from within
"uplevel $contents_of_test"
------------------ testing $PTII/ptolemy/domains/de/test/auto/knownFailedTests/DirectFeedback.xml (Known Failure) 
8 ms. Memory: 146944K Free: 141089K (96%)


==== $PTIIhome/travis/build/icyphy/ptII/ptolemy/domains/de/test/../../../../: Auto Automatic test in file $PTII/ptolemy/domains/de/test/auto/knownFailedTests/DirectFeedback.xml
==== Contents of test case:

	    # FIXME: we should use $relativeFilename here, but it
	    # might have backslashes under Windows, which causes no end
	    # of trouble.
	    createAndExecute $file
	    list {}
	
.... Test generated KNOWN error:
    while executing
ptolemy.kernel.util.IllegalActionException: Test fails in iteration 1.
Value was: 1.0. Should have been: 2.0
  in .DirectFeedback.Test
	at ptolemy.actor.lib.Test.fire(Test.java:268)
	at ptolemy.domains.de.kernel.DEDirector._fire(DEDirector.java:1949)
	at ptolemy.domains.de.kernel.DEDirector.fire(DEDirector.java:502)
	at ptolemy.actor.CompositeActor.fire(CompositeActor.java:455)
	at ptolemy.actor.Manager.iterate(Manager.java:851)
	at ptolemy.actor.Manager.execute(Manager.java:369)
	at ptolemy.actor.Manager.run(Manager.java:1263)
	at ptolemy.actor.Manager$PtolemyRunThread.run(Manager.java:1915)

    while executing
ptolemy.kernel.util.IllegalActionException: Test fails in iteration 1.
Value was: 1.0. Should have been: 2.0
  in .DirectFeedback.Test
    while executing
"java::new ptolemy.moml.MoMLSimpleApplication $file
"
    (procedure "createAndExecute" line 2)
    invoked from within
"createAndExecute $file"
    ("uplevel" body line 5)
    invoked from within
"uplevel $contents_of_test"
------------------ testing $PTII/ptolemy/domains/de/test/auto/ActorDepthCalculation_actorWithoutPorts.xml
auto.tcl: Setting watchdog for 200 seconds at Sat Oct 06 02:24:41 UTC 2018
8 ms. Memory: 146944K Free: 133422K (91%)
ptolemy.util.test.WatchDog.cancel(): canceling Sat Oct 06 02:24:41 UTC 2018
auto.tcl: Setting watchdog for 200 seconds at Sat Oct 06 02:24:41 UTC 2018
4 ms. Memory: 146944K Free: 131338K (89%)
ptolemy.util.test.WatchDog.cancel(): canceling Sat Oct 06 02:24:41 UTC 2018
------------------ testing $PTII/ptolemy/domains/de/test/auto/AssemblyLine.xml
auto.tcl: Setting watchdog for 200 seconds at Sat Oct 06 02:24:41 UTC 2018
12 ms. Memory: 208384K Free: 182808K (88%)
ptolemy.util.test.WatchDog.cancel(): canceling Sat Oct 06 02:24:41 UTC 2018
auto.tcl: Setting watchdog for 200 seconds at Sat Oct 06 02:24:41 UTC 2018
9 ms. Memory: 208384K Free: 182808K (88%)
ptolemy.util.test.WatchDog.cancel(): canceling Sat Oct 06 02:24:41 UTC 2018
------------------ testing $PTII/ptolemy/domains/de/test/auto/CQBug1.xml
auto.tcl: Setting watchdog for 200 seconds at Sat Oct 06 02:24:41 UTC 2018
4 ms. Memory: 208384K Free: 197692K (95%)
ptolemy.util.test.WatchDog.cancel(): canceling Sat Oct 06 02:24:41 UTC 2018
auto.tcl: Setting watchdog for 200 seconds at Sat Oct 06 02:24:41 UTC 2018
2 ms. Memory: 208384K Free: 197692K (95%)
ptolemy.util.test.WatchDog.cancel(): canceling Sat Oct 06 02:24:41 UTC 2018
------------------ testing $PTII/ptolemy/domains/de/test/auto/CancelFireAt.xml
auto.tcl: Setting watchdog for 200 seconds at Sat Oct 06 02:24:41 UTC 2018
3 ms. Memory: 208384K Free: 201418K (97%)
ptolemy.util.test.WatchDog.cancel(): canceling Sat Oct 06 02:24:41 UTC 2018
auto.tcl: Setting watchdog for 200 seconds at Sat Oct 06 02:24:41 UTC 2018
6 ms. Memory: 208384K Free: 199313K (96%)
ptolemy.util.test.WatchDog.cancel(): canceling Sat Oct 06 02:24:41 UTC 2018
------------------ testing $PTII/ptolemy/domains/de/test/auto/CausalityAndComposabilityAnalysis.xml
auto.tcl: Setting watchdog for 200 seconds at Sat Oct 06 02:24:42 UTC 2018
17 ms. Memory: 208384K Free: 196806K (94%)
ptolemy.util.test.WatchDog.cancel(): canceling Sat Oct 06 02:24:42 UTC 2018
auto.tcl: Setting watchdog for 200 seconds at Sat Oct 06 02:24:42 UTC 2018
5 ms. Memory: 208384K Free: 196468K (94%)
ptolemy.util.test.WatchDog.cancel(): canceling Sat Oct 06 02:24:42 UTC 2018
------------------ testing $PTII/ptolemy/domains/de/test/auto/CausalityInterface1.xml
auto.tcl: Setting watchdog for 200 seconds at Sat Oct 06 02:24:42 UTC 2018
12 ms. Memory: 208384K Free: 196406K (94%)
ptolemy.util.test.WatchDog.cancel(): canceling Sat Oct 06 02:24:42 UTC 2018
auto.tcl: Setting watchdog for 200 seconds at Sat Oct 06 02:24:42 UTC 2018
4 ms. Memory: 208384K Free: 196406K (94%)
ptolemy.util.test.WatchDog.cancel(): canceling Sat Oct 06 02:24:42 UTC 2018
------------------ testing $PTII/ptolemy/domains/de/test/auto/CausalityInterface15.xml
auto.tcl: Setting watchdog for 200 seconds at Sat Oct 06 02:24:42 UTC 2018
8 ms. Memory: 208384K Free: 196397K (94%)
ptolemy.util.test.WatchDog.cancel(): canceling Sat Oct 06 02:24:42 UTC 2018
auto.tcl: Setting watchdog for 200 seconds at Sat Oct 06 02:24:42 UTC 2018
7 ms. Memory: 208384K Free: 196397K (94%)
ptolemy.util.test.WatchDog.cancel(): canceling Sat Oct 06 02:24:42 UTC 2018
------------------ testing $PTII/ptolemy/domains/de/test/auto/CausalityInterface2.xml
auto.tcl: Setting watchdog for 200 seconds at Sat Oct 06 02:24:42 UTC 2018
3 ms. Memory: 208384K Free: 196381K (94%)
ptolemy.util.test.WatchDog.cancel(): canceling Sat Oct 06 02:24:42 UTC 2018
auto.tcl: Setting watchdog for 200 seconds at Sat Oct 06 02:24:42 UTC 2018
2 ms. Memory: 208384K Free: 196381K (94%)
ptolemy.util.test.WatchDog.cancel(): canceling Sat Oct 06 02:24:42 UTC 2018
------------------ testing $PTII/ptolemy/domains/de/test/auto/CausalityInterface3.xml
auto.tcl: Setting watchdog for 200 seconds at Sat Oct 06 02:24:42 UTC 2018
7 ms. Memory: 208384K Free: 196394K (94%)
ptolemy.util.test.WatchDog.cancel(): canceling Sat Oct 06 02:24:42 UTC 2018
auto.tcl: Setting watchdog for 200 seconds at Sat Oct 06 02:24:42 UTC 2018
7 ms. Memory: 208384K Free: 196394K (94%)
ptolemy.util.test.WatchDog.cancel(): canceling Sat Oct 06 02:24:42 UTC 2018
------------------ testing $PTII/ptolemy/domains/de/test/auto/ClockDrift.xml
auto.tcl: Setting watchdog for 200 seconds at Sat Oct 06 02:24:42 UTC 2018
89 ms. Memory: 208384K Free: 187612K (90%)
ptolemy.util.test.WatchDog.cancel(): canceling Sat Oct 06 02:24:42 UTC 2018
auto.tcl: Setting watchdog for 200 seconds at Sat Oct 06 02:24:42 UTC 2018
38 ms. Memory: 208384K Free: 185507K (89%)
ptolemy.util.test.WatchDog.cancel(): canceling Sat Oct 06 02:24:42 UTC 2018
------------------ testing $PTII/ptolemy/domains/de/test/auto/ClockDriftAndValueChange.xml
auto.tcl: Setting watchdog for 200 seconds at Sat Oct 06 02:24:42 UTC 2018
54 ms. Memory: 208384K Free: 187447K (90%)
ptolemy.util.test.WatchDog.cancel(): canceling Sat Oct 06 02:24:42 UTC 2018
auto.tcl: Setting watchdog for 200 seconds at Sat Oct 06 02:24:42 UTC 2018
39 ms. Memory: 208384K Free: 185342K (89%)
ptolemy.util.test.WatchDog.cancel(): canceling Sat Oct 06 02:24:42 UTC 2018
------------------ testing $PTII/ptolemy/domains/de/test/auto/ClockDriftChange.xml
auto.tcl: Setting watchdog for 200 seconds at Sat Oct 06 02:24:42 UTC 2018
36 ms. Memory: 208384K Free: 190774K (92%)
ptolemy.util.test.WatchDog.cancel(): canceling Sat Oct 06 02:24:43 UTC 2018
auto.tcl: Setting watchdog for 200 seconds at Sat Oct 06 02:24:43 UTC 2018
18 ms. Memory: 208384K Free: 188669K (91%)
ptolemy.util.test.WatchDog.cancel(): canceling Sat Oct 06 02:24:43 UTC 2018
------------------ testing $PTII/ptolemy/domains/de/test/auto/ComposableCausalityAnalysis.xml
auto.tcl: Setting watchdog for 200 seconds at Sat Oct 06 02:24:43 UTC 2018
2 ms. Memory: 208384K Free: 196249K (94%)
ptolemy.util.test.WatchDog.cancel(): canceling Sat Oct 06 02:24:43 UTC 2018
auto.tcl: Setting watchdog for 200 seconds at Sat Oct 06 02:24:43 UTC 2018
1 ms. Memory: 208384K Free: 194145K (93%)
ptolemy.util.test.WatchDog.cancel(): canceling Sat Oct 06 02:24:43 UTC 2018
------------------ testing $PTII/ptolemy/domains/de/test/auto/DEFixedPointLimitation.xml
auto.tcl: Setting watchdog for 200 seconds at Sat Oct 06 02:24:43 UTC 2018
1 ms. Memory: 208384K Free: 196330K (94%)
ptolemy.util.test.WatchDog.cancel(): canceling Sat Oct 06 02:24:43 UTC 2018
auto.tcl: Setting watchdog for 200 seconds at Sat Oct 06 02:24:43 UTC 2018
2 ms. Memory: 208384K Free: 196330K (94%)
ptolemy.util.test.WatchDog.cancel(): canceling Sat Oct 06 02:24:43 UTC 2018
------------------ testing $PTII/ptolemy/domains/de/test/auto/DEScheduleTest.xml
auto.tcl: Setting watchdog for 200 seconds at Sat Oct 06 02:24:43 UTC 2018
3 ms. Memory: 208384K Free: 198470K (95%)
ptolemy.util.test.WatchDog.cancel(): canceling Sat Oct 06 02:24:43 UTC 2018
auto.tcl: Setting watchdog for 200 seconds at Sat Oct 06 02:24:43 UTC 2018
6 ms. Memory: 208384K Free: 196365K (94%)
ptolemy.util.test.WatchDog.cancel(): canceling Sat Oct 06 02:24:43 UTC 2018
------------------ testing $PTII/ptolemy/domains/de/test/auto/DEinDEwithStartTimes.xml
auto.tcl: Setting watchdog for 200 seconds at Sat Oct 06 02:24:43 UTC 2018
4 ms. Memory: 208384K Free: 196335K (94%)
ptolemy.util.test.WatchDog.cancel(): canceling Sat Oct 06 02:24:43 UTC 2018
auto.tcl: Setting watchdog for 200 seconds at Sat Oct 06 02:24:43 UTC 2018
3 ms. Memory: 208384K Free: 194231K (93%)
ptolemy.util.test.WatchDog.cancel(): canceling Sat Oct 06 02:24:43 UTC 2018
------------------ testing $PTII/ptolemy/domains/de/test/auto/DEinDEwithStartTimes2.xml
auto.tcl: Setting watchdog for 200 seconds at Sat Oct 06 02:24:43 UTC 2018
6 ms. Memory: 208384K Free: 196315K (94%)
ptolemy.util.test.WatchDog.cancel(): canceling Sat Oct 06 02:24:43 UTC 2018
auto.tcl: Setting watchdog for 200 seconds at Sat Oct 06 02:24:43 UTC 2018
4 ms. Memory: 208384K Free: 194210K (93%)
ptolemy.util.test.WatchDog.cancel(): canceling Sat Oct 06 02:24:43 UTC 2018
------------------ testing $PTII/ptolemy/domains/de/test/auto/DateDemo.xml
auto.tcl: Setting watchdog for 200 seconds at Sat Oct 06 02:24:43 UTC 2018
14 ms. Memory: 208384K Free: 188730K (91%)
ptolemy.util.test.WatchDog.cancel(): canceling Sat Oct 06 02:24:43 UTC 2018
auto.tcl: Setting watchdog for 200 seconds at Sat Oct 06 02:24:43 UTC 2018
8 ms. Memory: 208384K Free: 186625K (90%)
ptolemy.util.test.WatchDog.cancel(): canceling Sat Oct 06 02:24:43 UTC 2018
------------------ testing $PTII/ptolemy/domains/de/test/auto/DateToEvent.xml
auto.tcl: Setting watchdog for 200 seconds at Sat Oct 06 02:24:43 UTC 2018
2019 ms. Memory: 208384K Free: 183438K (88%)
ptolemy.util.test.WatchDog.cancel(): canceling Sat Oct 06 02:24:45 UTC 2018
auto.tcl: Setting watchdog for 200 seconds at Sat Oct 06 02:24:45 UTC 2018
2004 ms. Memory: 208384K Free: 180981K (87%)
ptolemy.util.test.WatchDog.cancel(): canceling Sat Oct 06 02:24:47 UTC 2018
------------------ testing $PTII/ptolemy/domains/de/test/auto/DepthTest1.xml
auto.tcl: Setting watchdog for 200 seconds at Sat Oct 06 02:24:47 UTC 2018
4 ms. Memory: 208384K Free: 197998K (95%)
ptolemy.util.test.WatchDog.cancel(): canceling Sat Oct 06 02:24:47 UTC 2018
auto.tcl: Setting watchdog for 200 seconds at Sat Oct 06 02:24:47 UTC 2018
6 ms. Memory: 208384K Free: 197998K (95%)
ptolemy.util.test.WatchDog.cancel(): canceling Sat Oct 06 02:24:47 UTC 2018
------------------ testing $PTII/ptolemy/domains/de/test/auto/DepthTest2.xml
auto.tcl: Setting watchdog for 200 seconds at Sat Oct 06 02:24:47 UTC 2018
3 ms. Memory: 208384K Free: 194158K (93%)
ptolemy.util.test.WatchDog.cancel(): canceling Sat Oct 06 02:24:47 UTC 2018
auto.tcl: Setting watchdog for 200 seconds at Sat Oct 06 02:24:47 UTC 2018
3 ms. Memory: 208384K Free: 194158K (93%)
ptolemy.util.test.WatchDog.cancel(): canceling Sat Oct 06 02:24:47 UTC 2018
------------------ testing $PTII/ptolemy/domains/de/test/auto/DepthTest3.xml
auto.tcl: Setting watchdog for 200 seconds at Sat Oct 06 02:24:48 UTC 2018
4 ms. Memory: 208384K Free: 198333K (95%)
ptolemy.util.test.WatchDog.cancel(): canceling Sat Oct 06 02:24:48 UTC 2018
auto.tcl: Setting watchdog for 200 seconds at Sat Oct 06 02:24:48 UTC 2018
1 ms. Memory: 208384K Free: 198333K (95%)
ptolemy.util.test.WatchDog.cancel(): canceling Sat Oct 06 02:24:48 UTC 2018
------------------ testing $PTII/ptolemy/domains/de/test/auto/DepthTest4.xml
auto.tcl: Setting watchdog for 200 seconds at Sat Oct 06 02:24:48 UTC 2018
4 ms. Memory: 208384K Free: 196315K (94%)
ptolemy.util.test.WatchDog.cancel(): canceling Sat Oct 06 02:24:48 UTC 2018
auto.tcl: Setting watchdog for 200 seconds at Sat Oct 06 02:24:48 UTC 2018
2 ms. Memory: 208384K Free: 196315K (94%)
ptolemy.util.test.WatchDog.cancel(): canceling Sat Oct 06 02:24:48 UTC 2018
------------------ testing $PTII/ptolemy/domains/de/test/auto/DepthTest5.xml
auto.tcl: Setting watchdog for 200 seconds at Sat Oct 06 02:24:48 UTC 2018
3 ms. Memory: 208384K Free: 196585K (94%)
ptolemy.util.test.WatchDog.cancel(): canceling Sat Oct 06 02:24:48 UTC 2018
auto.tcl: Setting watchdog for 200 seconds at Sat Oct 06 02:24:48 UTC 2018
2 ms. Memory: 208384K Free: 196585K (94%)
ptolemy.util.test.WatchDog.cancel(): canceling Sat Oct 06 02:24:48 UTC 2018
------------------ testing $PTII/ptolemy/domains/de/test/auto/DepthTest6.xml
auto.tcl: Setting watchdog for 200 seconds at Sat Oct 06 02:24:48 UTC 2018
9 ms. Memory: 208384K Free: 196568K (94%)
ptolemy.util.test.WatchDog.cancel(): canceling Sat Oct 06 02:24:48 UTC 2018
auto.tcl: Setting watchdog for 200 seconds at Sat Oct 06 02:24:48 UTC 2018
2 ms. Memory: 208384K Free: 196568K (94%)
ptolemy.util.test.WatchDog.cancel(): canceling Sat Oct 06 02:24:48 UTC 2018
------------------ testing $PTII/ptolemy/domains/de/test/auto/DepthTest7.xml
auto.tcl: Setting watchdog for 200 seconds at Sat Oct 06 02:24:48 UTC 2018
7 ms. Memory: 208384K Free: 194975K (94%)
ptolemy.util.test.WatchDog.cancel(): canceling Sat Oct 06 02:24:48 UTC 2018
auto.tcl: Setting watchdog for 200 seconds at Sat Oct 06 02:24:48 UTC 2018
2 ms. Memory: 208384K Free: 194975K (94%)
ptolemy.util.test.WatchDog.cancel(): canceling Sat Oct 06 02:24:48 UTC 2018
------------------ testing $PTII/ptolemy/domains/de/test/auto/EventToDate.xml
auto.tcl: Setting watchdog for 200 seconds at Sat Oct 06 02:24:48 UTC 2018
3011 ms. Memory: 208384K Free: 185662K (89%)
ptolemy.util.test.WatchDog.cancel(): canceling Sat Oct 06 02:24:51 UTC 2018
auto.tcl: Setting watchdog for 200 seconds at Sat Oct 06 02:24:51 UTC 2018
3005 ms. Memory: 208384K Free: 185662K (89%)
ptolemy.util.test.WatchDog.cancel(): canceling Sat Oct 06 02:24:54 UTC 2018
------------------ testing $PTII/ptolemy/domains/de/test/auto/FSM1.xml
auto.tcl: Setting watchdog for 200 seconds at Sat Oct 06 02:24:54 UTC 2018
37 ms. Memory: 208384K Free: 189215K (91%)
ptolemy.util.test.WatchDog.cancel(): canceling Sat Oct 06 02:24:54 UTC 2018
auto.tcl: Setting watchdog for 200 seconds at Sat Oct 06 02:24:54 UTC 2018
22 ms. Memory: 208384K Free: 184974K (89%)
ptolemy.util.test.WatchDog.cancel(): canceling Sat Oct 06 02:24:54 UTC 2018
------------------ testing $PTII/ptolemy/domains/de/test/auto/FSM7.xml
auto.tcl: Setting watchdog for 200 seconds at Sat Oct 06 02:24:54 UTC 2018
17 ms. Memory: 208384K Free: 187321K (90%)
ptolemy.util.test.WatchDog.cancel(): canceling Sat Oct 06 02:24:54 UTC 2018
auto.tcl: Setting watchdog for 200 seconds at Sat Oct 06 02:24:54 UTC 2018
17 ms. Memory: 208384K Free: 185208K (89%)
ptolemy.util.test.WatchDog.cancel(): canceling Sat Oct 06 02:24:54 UTC 2018
------------------ testing $PTII/ptolemy/domains/de/test/auto/Inspection.xml
auto.tcl: Setting watchdog for 200 seconds at Sat Oct 06 02:24:54 UTC 2018
25 ms. Memory: 208384K Free: 188862K (91%)
ptolemy.util.test.WatchDog.cancel(): canceling Sat Oct 06 02:24:54 UTC 2018
auto.tcl: Setting watchdog for 200 seconds at Sat Oct 06 02:24:54 UTC 2018
23 ms. Memory: 208384K Free: 186757K (90%)
ptolemy.util.test.WatchDog.cancel(): canceling Sat Oct 06 02:24:54 UTC 2018
------------------ testing $PTII/ptolemy/domains/de/test/auto/Iteration.xml
auto.tcl: Setting watchdog for 200 seconds at Sat Oct 06 02:24:54 UTC 2018
7 ms. Memory: 208384K Free: 196362K (94%)
ptolemy.util.test.WatchDog.cancel(): canceling Sat Oct 06 02:24:54 UTC 2018
auto.tcl: Setting watchdog for 200 seconds at Sat Oct 06 02:24:54 UTC 2018
7 ms. Memory: 208384K Free: 194242K (93%)
ptolemy.util.test.WatchDog.cancel(): canceling Sat Oct 06 02:24:54 UTC 2018
------------------ testing $PTII/ptolemy/domains/de/test/auto/LineFault.xml
auto.tcl: Setting watchdog for 200 seconds at Sat Oct 06 02:24:54 UTC 2018
737 ms. Memory: 208384K Free: 194896K (94%)
ptolemy.util.test.WatchDog.cancel(): canceling Sat Oct 06 02:24:55 UTC 2018
auto.tcl: Setting watchdog for 200 seconds at Sat Oct 06 02:24:55 UTC 2018
563 ms. Memory: 208384K Free: 137356K (66%)
ptolemy.util.test.WatchDog.cancel(): canceling Sat Oct 06 02:24:56 UTC 2018
------------------ testing $PTII/ptolemy/domains/de/test/auto/MergeModel1Add.xml
auto.tcl: Setting watchdog for 200 seconds at Sat Oct 06 02:24:56 UTC 2018
22 ms. Memory: 331264K Free: 298992K (90%)
ptolemy.util.test.WatchDog.cancel(): canceling Sat Oct 06 02:24:56 UTC 2018
auto.tcl: Setting watchdog for 200 seconds at Sat Oct 06 02:24:56 UTC 2018
12 ms. Memory: 331264K Free: 298992K (90%)
ptolemy.util.test.WatchDog.cancel(): canceling Sat Oct 06 02:24:56 UTC 2018
------------------ testing $PTII/ptolemy/domains/de/test/auto/MergeModel2Add.xml
auto.tcl: Setting watchdog for 200 seconds at Sat Oct 06 02:24:56 UTC 2018
12 ms. Memory: 331264K Free: 304285K (92%)
ptolemy.util.test.WatchDog.cancel(): canceling Sat Oct 06 02:24:56 UTC 2018
auto.tcl: Setting watchdog for 200 seconds at Sat Oct 06 02:24:56 UTC 2018
11 ms. Memory: 331264K Free: 300370K (91%)
ptolemy.util.test.WatchDog.cancel(): canceling Sat Oct 06 02:24:56 UTC 2018
------------------ testing $PTII/ptolemy/domains/de/test/auto/MergeModel3Add.xml
auto.tcl: Setting watchdog for 200 seconds at Sat Oct 06 02:24:56 UTC 2018
9 ms. Memory: 331264K Free: 304311K (92%)
ptolemy.util.test.WatchDog.cancel(): canceling Sat Oct 06 02:24:56 UTC 2018
auto.tcl: Setting watchdog for 200 seconds at Sat Oct 06 02:24:56 UTC 2018
9 ms. Memory: 331264K Free: 300396K (91%)
ptolemy.util.test.WatchDog.cancel(): canceling Sat Oct 06 02:24:56 UTC 2018
------------------ testing $PTII/ptolemy/domains/de/test/auto/MergeWithoutDiscard.xml
auto.tcl: Setting watchdog for 200 seconds at Sat Oct 06 02:24:56 UTC 2018
2 ms. Memory: 331264K Free: 320255K (97%)
ptolemy.util.test.WatchDog.cancel(): canceling Sat Oct 06 02:24:57 UTC 2018
auto.tcl: Setting watchdog for 200 seconds at Sat Oct 06 02:24:57 UTC 2018
1 ms. Memory: 331264K Free: 316340K (95%)
ptolemy.util.test.WatchDog.cancel(): canceling Sat Oct 06 02:24:57 UTC 2018
------------------ testing $PTII/ptolemy/domains/de/test/auto/Modal1.xml
auto.tcl: Setting watchdog for 200 seconds at Sat Oct 06 02:24:57 UTC 2018
11 ms. Memory: 331264K Free: 309995K (94%)
ptolemy.util.test.WatchDog.cancel(): canceling Sat Oct 06 02:24:57 UTC 2018
auto.tcl: Setting watchdog for 200 seconds at Sat Oct 06 02:24:57 UTC 2018
18 ms. Memory: 331264K Free: 301165K (91%)
ptolemy.util.test.WatchDog.cancel(): canceling Sat Oct 06 02:24:57 UTC 2018
------------------ testing $PTII/ptolemy/domains/de/test/auto/Modal2.xml
auto.tcl: Setting watchdog for 200 seconds at Sat Oct 06 02:24:57 UTC 2018
11 ms. Memory: 331264K Free: 309869K (94%)
ptolemy.util.test.WatchDog.cancel(): canceling Sat Oct 06 02:24:57 UTC 2018
auto.tcl: Setting watchdog for 200 seconds at Sat Oct 06 02:24:57 UTC 2018
10 ms. Memory: 331264K Free: 305946K (92%)
ptolemy.util.test.WatchDog.cancel(): canceling Sat Oct 06 02:24:57 UTC 2018
------------------ testing $PTII/ptolemy/domains/de/test/auto/Modal3.xml
auto.tcl: Setting watchdog for 200 seconds at Sat Oct 06 02:24:57 UTC 2018
10 ms. Memory: 331264K Free: 309851K (94%)
ptolemy.util.test.WatchDog.cancel(): canceling Sat Oct 06 02:24:57 UTC 2018
auto.tcl: Setting watchdog for 200 seconds at Sat Oct 06 02:24:57 UTC 2018
10 ms. Memory: 331264K Free: 305920K (92%)
ptolemy.util.test.WatchDog.cancel(): canceling Sat Oct 06 02:24:57 UTC 2018
------------------ testing $PTII/ptolemy/domains/de/test/auto/Modal4.xml
auto.tcl: Setting watchdog for 200 seconds at Sat Oct 06 02:24:57 UTC 2018
12 ms. Memory: 331264K Free: 309865K (94%)
ptolemy.util.test.WatchDog.cancel(): canceling Sat Oct 06 02:24:57 UTC 2018
auto.tcl: Setting watchdog for 200 seconds at Sat Oct 06 02:24:57 UTC 2018
16 ms. Memory: 331264K Free: 305942K (92%)
ptolemy.util.test.WatchDog.cancel(): canceling Sat Oct 06 02:24:57 UTC 2018
------------------ testing $PTII/ptolemy/domains/de/test/auto/Modal5.xml
auto.tcl: Setting watchdog for 200 seconds at Sat Oct 06 02:24:57 UTC 2018
17 ms. Memory: 331264K Free: 310138K (94%)
ptolemy.util.test.WatchDog.cancel(): canceling Sat Oct 06 02:24:57 UTC 2018
auto.tcl: Setting watchdog for 200 seconds at Sat Oct 06 02:24:57 UTC 2018
13 ms. Memory: 331264K Free: 306214K (92%)
ptolemy.util.test.WatchDog.cancel(): canceling Sat Oct 06 02:24:57 UTC 2018
------------------ testing $PTII/ptolemy/domains/de/test/auto/Modal6.xml
auto.tcl: Setting watchdog for 200 seconds at Sat Oct 06 02:24:57 UTC 2018
17 ms. Memory: 331264K Free: 309834K (94%)
ptolemy.util.test.WatchDog.cancel(): canceling Sat Oct 06 02:24:57 UTC 2018
auto.tcl: Setting watchdog for 200 seconds at Sat Oct 06 02:24:57 UTC 2018
13 ms. Memory: 331264K Free: 305903K (92%)
ptolemy.util.test.WatchDog.cancel(): canceling Sat Oct 06 02:24:57 UTC 2018
------------------ testing $PTII/ptolemy/domains/de/test/auto/Modal7.xml
auto.tcl: Setting watchdog for 200 seconds at Sat Oct 06 02:24:57 UTC 2018
9 ms. Memory: 331264K Free: 305896K (92%)
ptolemy.util.test.WatchDog.cancel(): canceling Sat Oct 06 02:24:57 UTC 2018
auto.tcl: Setting watchdog for 200 seconds at Sat Oct 06 02:24:57 UTC 2018
10 ms. Memory: 331264K Free: 305896K (92%)
ptolemy.util.test.WatchDog.cancel(): canceling Sat Oct 06 02:24:57 UTC 2018
------------------ testing $PTII/ptolemy/domains/de/test/auto/ModalModel.xml
auto.tcl: Setting watchdog for 200 seconds at Sat Oct 06 02:24:57 UTC 2018
204 ms. Memory: 331264K Free: 246142K (74%)
ptolemy.util.test.WatchDog.cancel(): canceling Sat Oct 06 02:24:58 UTC 2018
auto.tcl: Setting watchdog for 200 seconds at Sat Oct 06 02:24:58 UTC 2018
188 ms. Memory: 331264K Free: 191202K (58%)
ptolemy.util.test.WatchDog.cancel(): canceling Sat Oct 06 02:24:58 UTC 2018
------------------ testing $PTII/ptolemy/domains/de/test/auto/ModalSource.xml
auto.tcl: Setting watchdog for 200 seconds at Sat Oct 06 02:24:58 UTC 2018
6 ms. Memory: 331264K Free: 316589K (96%)
ptolemy.util.test.WatchDog.cancel(): canceling Sat Oct 06 02:24:58 UTC 2018
auto.tcl: Setting watchdog for 200 seconds at Sat Oct 06 02:24:58 UTC 2018
5 ms. Memory: 331264K Free: 313083K (95%)
ptolemy.util.test.WatchDog.cancel(): canceling Sat Oct 06 02:24:58 UTC 2018
------------------ testing $PTII/ptolemy/domains/de/test/auto/NonInterruptibleTimerZeroDelay.xml
auto.tcl: Setting watchdog for 200 seconds at Sat Oct 06 02:24:58 UTC 2018
3 ms. Memory: 331264K Free: 320917K (97%)
ptolemy.util.test.WatchDog.cancel(): canceling Sat Oct 06 02:24:58 UTC 2018
auto.tcl: Setting watchdog for 200 seconds at Sat Oct 06 02:24:58 UTC 2018
2 ms. Memory: 331264K Free: 317411K (96%)
ptolemy.util.test.WatchDog.cancel(): canceling Sat Oct 06 02:24:58 UTC 2018
------------------ testing $PTII/ptolemy/domains/de/test/auto/OpenQueueingNetwork.xml
auto.tcl: Setting watchdog for 200 seconds at Sat Oct 06 02:24:58 UTC 2018
2647 ms. Memory: 573952K Free: 405976K (71%)
ptolemy.util.test.WatchDog.cancel(): canceling Sat Oct 06 02:25:01 UTC 2018
auto.tcl: Setting watchdog for 200 seconds at Sat Oct 06 02:25:01 UTC 2018
2527 ms. Memory: 550912K Free: 293749K (53%)
ptolemy.util.test.WatchDog.cancel(): canceling Sat Oct 06 02:25:03 UTC 2018
------------------ testing $PTII/ptolemy/domains/de/test/auto/OpenQueuingNetwork.xml
auto.tcl: Setting watchdog for 200 seconds at Sat Oct 06 02:25:03 UTC 2018
249 ms. Memory: 549888K Free: 444886K (81%)
ptolemy.util.test.WatchDog.cancel(): canceling Sat Oct 06 02:25:04 UTC 2018
auto.tcl: Setting watchdog for 200 seconds at Sat Oct 06 02:25:04 UTC 2018
243 ms. Memory: 549888K Free: 384800K (70%)
ptolemy.util.test.WatchDog.cancel(): canceling Sat Oct 06 02:25:04 UTC 2018
------------------ testing $PTII/ptolemy/domains/de/test/auto/PeriodicSampler.xml
auto.tcl: Setting watchdog for 200 seconds at Sat Oct 06 02:25:04 UTC 2018
3 ms. Memory: 551936K Free: 530660K (96%)
ptolemy.util.test.WatchDog.cancel(): canceling Sat Oct 06 02:25:04 UTC 2018
auto.tcl: Setting watchdog for 200 seconds at Sat Oct 06 02:25:04 UTC 2018
2 ms. Memory: 551936K Free: 530660K (96%)
ptolemy.util.test.WatchDog.cancel(): canceling Sat Oct 06 02:25:04 UTC 2018
------------------ testing $PTII/ptolemy/domains/de/test/auto/PersistentIO.xml
auto.tcl: Setting watchdog for 200 seconds at Sat Oct 06 02:25:04 UTC 2018
11 ms. Memory: 549376K Free: 522252K (95%)
ptolemy.util.test.WatchDog.cancel(): canceling Sat Oct 06 02:25:04 UTC 2018
auto.tcl: Setting watchdog for 200 seconds at Sat Oct 06 02:25:04 UTC 2018
4 ms. Memory: 549376K Free: 522252K (95%)
ptolemy.util.test.WatchDog.cancel(): canceling Sat Oct 06 02:25:04 UTC 2018
------------------ testing $PTII/ptolemy/domains/de/test/auto/PortParameterResetOnInitialize.xml
auto.tcl: Setting watchdog for 200 seconds at Sat Oct 06 02:25:04 UTC 2018
3 ms. Memory: 551424K Free: 530608K (96%)
ptolemy.util.test.WatchDog.cancel(): canceling Sat Oct 06 02:25:04 UTC 2018
auto.tcl: Setting watchdog for 200 seconds at Sat Oct 06 02:25:04 UTC 2018
2 ms. Memory: 551424K Free: 530608K (96%)
ptolemy.util.test.WatchDog.cancel(): canceling Sat Oct 06 02:25:04 UTC 2018
------------------ testing $PTII/ptolemy/domains/de/test/auto/PortParameterUpdates.xml
auto.tcl: Setting watchdog for 200 seconds at Sat Oct 06 02:25:04 UTC 2018
3 ms. Memory: 549376K Free: 533602K (97%)
ptolemy.util.test.WatchDog.cancel(): canceling Sat Oct 06 02:25:04 UTC 2018
auto.tcl: Setting watchdog for 200 seconds at Sat Oct 06 02:25:04 UTC 2018
3 ms. Memory: 549376K Free: 526926K (96%)
ptolemy.util.test.WatchDog.cancel(): canceling Sat Oct 06 02:25:04 UTC 2018
------------------ testing $PTII/ptolemy/domains/de/test/auto/QueueAndServer.xml
auto.tcl: Setting watchdog for 200 seconds at Sat Oct 06 02:25:04 UTC 2018
14 ms. Memory: 551424K Free: 535384K (97%)
ptolemy.util.test.WatchDog.cancel(): canceling Sat Oct 06 02:25:04 UTC 2018
auto.tcl: Setting watchdog for 200 seconds at Sat Oct 06 02:25:04 UTC 2018
6 ms. Memory: 551424K Free: 528692K (96%)
ptolemy.util.test.WatchDog.cancel(): canceling Sat Oct 06 02:25:04 UTC 2018
------------------ testing $PTII/ptolemy/domains/de/test/auto/Records.xml
auto.tcl: Setting watchdog for 200 seconds at Sat Oct 06 02:25:04 UTC 2018
5 ms. Memory: 549376K Free: 533278K (97%)
ptolemy.util.test.WatchDog.cancel(): canceling Sat Oct 06 02:25:04 UTC 2018
auto.tcl: Setting watchdog for 200 seconds at Sat Oct 06 02:25:04 UTC 2018
2 ms. Memory: 549376K Free: 533278K (97%)
ptolemy.util.test.WatchDog.cancel(): canceling Sat Oct 06 02:25:04 UTC 2018
------------------ testing $PTII/ptolemy/domains/de/test/auto/ResetTransitionWithStartTime1.xml
auto.tcl: Setting watchdog for 200 seconds at Sat Oct 06 02:25:04 UTC 2018
10 ms. Memory: 551424K Free: 528905K (96%)
ptolemy.util.test.WatchDog.cancel(): canceling Sat Oct 06 02:25:04 UTC 2018
auto.tcl: Setting watchdog for 200 seconds at Sat Oct 06 02:25:04 UTC 2018
5 ms. Memory: 551424K Free: 528675K (96%)
ptolemy.util.test.WatchDog.cancel(): canceling Sat Oct 06 02:25:04 UTC 2018
------------------ testing $PTII/ptolemy/domains/de/test/auto/ResetTransitionWithStartTime2.xml
auto.tcl: Setting watchdog for 200 seconds at Sat Oct 06 02:25:05 UTC 2018
5 ms. Memory: 549376K Free: 526848K (96%)
ptolemy.util.test.WatchDog.cancel(): canceling Sat Oct 06 02:25:05 UTC 2018
auto.tcl: Setting watchdog for 200 seconds at Sat Oct 06 02:25:05 UTC 2018
4 ms. Memory: 549376K Free: 526848K (96%)
ptolemy.util.test.WatchDog.cancel(): canceling Sat Oct 06 02:25:05 UTC 2018
------------------ testing $PTII/ptolemy/domains/de/test/auto/ResetTransitionWithStartTime3.xml
auto.tcl: Setting watchdog for 200 seconds at Sat Oct 06 02:25:05 UTC 2018
7 ms. Memory: 550912K Free: 528152K (96%)
ptolemy.util.test.WatchDog.cancel(): canceling Sat Oct 06 02:25:05 UTC 2018
auto.tcl: Setting watchdog for 200 seconds at Sat Oct 06 02:25:05 UTC 2018
5 ms. Memory: 550912K Free: 528152K (96%)
ptolemy.util.test.WatchDog.cancel(): canceling Sat Oct 06 02:25:05 UTC 2018
------------------ testing $PTII/ptolemy/domains/de/test/auto/ResetTransitionWithStartTime4.xml
auto.tcl: Setting watchdog for 200 seconds at Sat Oct 06 02:25:05 UTC 2018
4 ms. Memory: 549376K Free: 526844K (96%)
ptolemy.util.test.WatchDog.cancel(): canceling Sat Oct 06 02:25:05 UTC 2018
auto.tcl: Setting watchdog for 200 seconds at Sat Oct 06 02:25:05 UTC 2018
3 ms. Memory: 549376K Free: 526844K (96%)
ptolemy.util.test.WatchDog.cancel(): canceling Sat Oct 06 02:25:05 UTC 2018
------------------ testing $PTII/ptolemy/domains/de/test/auto/ResettableTimer1.xml
auto.tcl: Setting watchdog for 200 seconds at Sat Oct 06 02:25:05 UTC 2018
2 ms. Memory: 550912K Free: 530143K (96%)
ptolemy.util.test.WatchDog.cancel(): canceling Sat Oct 06 02:25:05 UTC 2018
auto.tcl: Setting watchdog for 200 seconds at Sat Oct 06 02:25:05 UTC 2018
2 ms. Memory: 550912K Free: 530143K (96%)
ptolemy.util.test.WatchDog.cancel(): canceling Sat Oct 06 02:25:05 UTC 2018
------------------ testing $PTII/ptolemy/domains/de/test/auto/ResettableTimer2.xml
auto.tcl: Setting watchdog for 200 seconds at Sat Oct 06 02:25:05 UTC 2018
2 ms. Memory: 549376K Free: 533575K (97%)
ptolemy.util.test.WatchDog.cancel(): canceling Sat Oct 06 02:25:05 UTC 2018
auto.tcl: Setting watchdog for 200 seconds at Sat Oct 06 02:25:05 UTC 2018
2 ms. Memory: 549376K Free: 533575K (97%)
ptolemy.util.test.WatchDog.cancel(): canceling Sat Oct 06 02:25:05 UTC 2018
------------------ testing $PTII/ptolemy/domains/de/test/auto/ResettableTimer3.xml
auto.tcl: Setting watchdog for 200 seconds at Sat Oct 06 02:25:05 UTC 2018
1 ms. Memory: 550912K Free: 530200K (96%)
ptolemy.util.test.WatchDog.cancel(): canceling Sat Oct 06 02:25:05 UTC 2018
auto.tcl: Setting watchdog for 200 seconds at Sat Oct 06 02:25:05 UTC 2018
1 ms. Memory: 550912K Free: 530200K (96%)
ptolemy.util.test.WatchDog.cancel(): canceling Sat Oct 06 02:25:05 UTC 2018
------------------ testing $PTII/ptolemy/domains/de/test/auto/ResettableTimer4.xml
auto.tcl: Setting watchdog for 200 seconds at Sat Oct 06 02:25:05 UTC 2018
1 ms. Memory: 549376K Free: 533587K (97%)
ptolemy.util.test.WatchDog.cancel(): canceling Sat Oct 06 02:25:05 UTC 2018
auto.tcl: Setting watchdog for 200 seconds at Sat Oct 06 02:25:05 UTC 2018
1 ms. Memory: 549376K Free: 533587K (97%)
ptolemy.util.test.WatchDog.cancel(): canceling Sat Oct 06 02:25:05 UTC 2018
------------------ testing $PTII/ptolemy/domains/de/test/auto/ResettableTimer5.xml
auto.tcl: Setting watchdog for 200 seconds at Sat Oct 06 02:25:05 UTC 2018
1 ms. Memory: 550400K Free: 529700K (96%)
ptolemy.util.test.WatchDog.cancel(): canceling Sat Oct 06 02:25:05 UTC 2018
auto.tcl: Setting watchdog for 200 seconds at Sat Oct 06 02:25:05 UTC 2018
1 ms. Memory: 550400K Free: 529700K (96%)
ptolemy.util.test.WatchDog.cancel(): canceling Sat Oct 06 02:25:05 UTC 2018
------------------ testing $PTII/ptolemy/domains/de/test/auto/ResettableTimer6.xml
auto.tcl: Setting watchdog for 200 seconds at Sat Oct 06 02:25:05 UTC 2018
8 ms. Memory: 549376K Free: 533305K (97%)
ptolemy.util.test.WatchDog.cancel(): canceling Sat Oct 06 02:25:05 UTC 2018
auto.tcl: Setting watchdog for 200 seconds at Sat Oct 06 02:25:05 UTC 2018
2 ms. Memory: 549376K Free: 533305K (97%)
ptolemy.util.test.WatchDog.cancel(): canceling Sat Oct 06 02:25:05 UTC 2018
------------------ testing $PTII/ptolemy/domains/de/test/auto/ServerZeroDelay.xml
auto.tcl: Setting watchdog for 200 seconds at Sat Oct 06 02:25:05 UTC 2018
3 ms. Memory: 550400K Free: 534549K (97%)
ptolemy.util.test.WatchDog.cancel(): canceling Sat Oct 06 02:25:05 UTC 2018
auto.tcl: Setting watchdog for 200 seconds at Sat Oct 06 02:25:05 UTC 2018
2 ms. Memory: 550400K Free: 534549K (97%)
ptolemy.util.test.WatchDog.cancel(): canceling Sat Oct 06 02:25:05 UTC 2018
------------------ testing $PTII/ptolemy/domains/de/test/auto/SmartSender.xml
auto.tcl: Setting watchdog for 200 seconds at Sat Oct 06 02:25:05 UTC 2018
3001 ms. Memory: 549376K Free: 528840K (96%)
ptolemy.util.test.WatchDog.cancel(): canceling Sat Oct 06 02:25:08 UTC 2018
auto.tcl: Setting watchdog for 200 seconds at Sat Oct 06 02:25:08 UTC 2018
3001 ms. Memory: 549376K Free: 528840K (96%)
ptolemy.util.test.WatchDog.cancel(): canceling Sat Oct 06 02:25:11 UTC 2018
------------------ testing $PTII/ptolemy/domains/de/test/auto/ThreadedComposite.xml
auto.tcl: Setting watchdog for 200 seconds at Sat Oct 06 02:25:11 UTC 2018
245 ms. Memory: 550400K Free: 513613K (93%)
ptolemy.util.test.WatchDog.cancel(): canceling Sat Oct 06 02:25:12 UTC 2018
auto.tcl: Setting watchdog for 200 seconds at Sat Oct 06 02:25:12 UTC 2018
172 ms. Memory: 550400K Free: 488202K (89%)
ptolemy.util.test.WatchDog.cancel(): canceling Sat Oct 06 02:25:12 UTC 2018
------------------ testing $PTII/ptolemy/domains/de/test/auto/Time.xml
auto.tcl: Setting watchdog for 200 seconds at Sat Oct 06 02:25:12 UTC 2018
516 ms. Memory: 549376K Free: 481538K (88%)
ptolemy.util.test.WatchDog.cancel(): canceling Sat Oct 06 02:25:12 UTC 2018
auto.tcl: Setting watchdog for 200 seconds at Sat Oct 06 02:25:12 UTC 2018
510 ms. Memory: 549376K Free: 428129K (78%)
ptolemy.util.test.WatchDog.cancel(): canceling Sat Oct 06 02:25:13 UTC 2018
------------------ testing $PTII/ptolemy/domains/de/test/auto/TimeDelayZeroDelay.xml
auto.tcl: Setting watchdog for 200 seconds at Sat Oct 06 02:25:13 UTC 2018
2 ms. Memory: 550400K Free: 534236K (97%)
ptolemy.util.test.WatchDog.cancel(): canceling Sat Oct 06 02:25:13 UTC 2018
auto.tcl: Setting watchdog for 200 seconds at Sat Oct 06 02:25:13 UTC 2018
1 ms. Memory: 550400K Free: 534236K (97%)
ptolemy.util.test.WatchDog.cancel(): canceling Sat Oct 06 02:25:13 UTC 2018
------------------ testing $PTII/ptolemy/domains/de/test/auto/TimerZeroDelay.xml
auto.tcl: Setting watchdog for 200 seconds at Sat Oct 06 02:25:13 UTC 2018
2 ms. Memory: 549376K Free: 533485K (97%)
ptolemy.util.test.WatchDog.cancel(): canceling Sat Oct 06 02:25:13 UTC 2018
auto.tcl: Setting watchdog for 200 seconds at Sat Oct 06 02:25:13 UTC 2018
2 ms. Memory: 549376K Free: 533485K (97%)
ptolemy.util.test.WatchDog.cancel(): canceling Sat Oct 06 02:25:13 UTC 2018
------------------ testing $PTII/ptolemy/domains/de/test/auto/TimingParadox.xml
auto.tcl: Setting watchdog for 200 seconds at Sat Oct 06 02:25:13 UTC 2018
379 ms. Memory: 549888K Free: 462917K (84%)
ptolemy.util.test.WatchDog.cancel(): canceling Sat Oct 06 02:25:13 UTC 2018
auto.tcl: Setting watchdog for 200 seconds at Sat Oct 06 02:25:13 UTC 2018
340 ms. Memory: 549888K Free: 429536K (78%)
ptolemy.util.test.WatchDog.cancel(): canceling Sat Oct 06 02:25:14 UTC 2018
------------------ testing $PTII/ptolemy/domains/de/test/auto/TransferInputs.xml
auto.tcl: Setting watchdog for 200 seconds at Sat Oct 06 02:25:14 UTC 2018
2 ms. Memory: 549888K Free: 532899K (97%)
ptolemy.util.test.WatchDog.cancel(): canceling Sat Oct 06 02:25:14 UTC 2018
auto.tcl: Setting watchdog for 200 seconds at Sat Oct 06 02:25:14 UTC 2018
1 ms. Memory: 549888K Free: 532899K (97%)
ptolemy.util.test.WatchDog.cancel(): canceling Sat Oct 06 02:25:14 UTC 2018
------------------ testing $PTII/ptolemy/domains/de/test/auto/TransferOutputs2.xml
auto.tcl: Setting watchdog for 200 seconds at Sat Oct 06 02:25:14 UTC 2018
3 ms. Memory: 549376K Free: 522117K (95%)
ptolemy.util.test.WatchDog.cancel(): canceling Sat Oct 06 02:25:14 UTC 2018
auto.tcl: Setting watchdog for 200 seconds at Sat Oct 06 02:25:14 UTC 2018
3 ms. Memory: 549376K Free: 522117K (95%)
ptolemy.util.test.WatchDog.cancel(): canceling Sat Oct 06 02:25:14 UTC 2018
------------------ testing $PTII/ptolemy/domains/de/test/auto/Trilateration.xml
auto.tcl: Setting watchdog for 200 seconds at Sat Oct 06 02:25:14 UTC 2018
14313 ms. Memory: 766976K Free: 226971K (30%)
ptolemy.util.test.WatchDog.cancel(): canceling Sat Oct 06 02:25:29 UTC 2018
auto.tcl: Setting watchdog for 200 seconds at Sat Oct 06 02:25:29 UTC 2018
11156 ms. Memory: 646144K Free: 90484K (14%)
ptolemy.util.test.WatchDog.cancel(): canceling Sat Oct 06 02:25:40 UTC 2018
------------------ testing $PTII/ptolemy/domains/de/test/auto/TwoSigmaDelta.xml
auto.tcl: Setting watchdog for 200 seconds at Sat Oct 06 02:25:41 UTC 2018
2670 ms. Memory: 649728K Free: 342185K (53%)
ptolemy.util.test.WatchDog.cancel(): canceling Sat Oct 06 02:25:43 UTC 2018
auto.tcl: Setting watchdog for 200 seconds at Sat Oct 06 02:25:43 UTC 2018
2041 ms. Memory: 649728K Free: 114295K (18%)
ptolemy.util.test.WatchDog.cancel(): canceling Sat Oct 06 02:25:45 UTC 2018
------------------ testing $PTII/ptolemy/domains/de/test/auto/VariableDelay.xml
auto.tcl: Setting watchdog for 200 seconds at Sat Oct 06 02:25:45 UTC 2018
4 ms. Memory: 646656K Free: 627268K (97%)
ptolemy.util.test.WatchDog.cancel(): canceling Sat Oct 06 02:25:46 UTC 2018
auto.tcl: Setting watchdog for 200 seconds at Sat Oct 06 02:25:46 UTC 2018
2 ms. Memory: 646656K Free: 627268K (97%)
ptolemy.util.test.WatchDog.cancel(): canceling Sat Oct 06 02:25:46 UTC 2018
------------------ testing $PTII/ptolemy/domains/de/test/auto/VariableDelay2.xml
auto.tcl: Setting watchdog for 200 seconds at Sat Oct 06 02:25:46 UTC 2018
6 ms. Memory: 646144K Free: 627201K (97%)
ptolemy.util.test.WatchDog.cancel(): canceling Sat Oct 06 02:25:46 UTC 2018
auto.tcl: Setting watchdog for 200 seconds at Sat Oct 06 02:25:46 UTC 2018
2 ms. Memory: 646144K Free: 627201K (97%)
ptolemy.util.test.WatchDog.cancel(): canceling Sat Oct 06 02:25:46 UTC 2018
------------------ testing $PTII/ptolemy/domains/de/test/auto/VariableDelayZeroDelay.xml
auto.tcl: Setting watchdog for 200 seconds at Sat Oct 06 02:25:46 UTC 2018
1 ms. Memory: 646144K Free: 621553K (96%)
ptolemy.util.test.WatchDog.cancel(): canceling Sat Oct 06 02:25:46 UTC 2018
auto.tcl: Setting watchdog for 200 seconds at Sat Oct 06 02:25:46 UTC 2018
2 ms. Memory: 646144K Free: 621553K (96%)
ptolemy.util.test.WatchDog.cancel(): canceling Sat Oct 06 02:25:46 UTC 2018
------------------ testing $PTII/ptolemy/domains/de/test/auto/VariableDelayZeroDelay2.xml
auto.tcl: Setting watchdog for 200 seconds at Sat Oct 06 02:25:46 UTC 2018
2 ms. Memory: 649216K Free: 624624K (96%)
ptolemy.util.test.WatchDog.cancel(): canceling Sat Oct 06 02:25:46 UTC 2018
auto.tcl: Setting watchdog for 200 seconds at Sat Oct 06 02:25:46 UTC 2018
2 ms. Memory: 649216K Free: 624624K (96%)
ptolemy.util.test.WatchDog.cancel(): canceling Sat Oct 06 02:25:46 UTC 2018
------------------ testing $PTII/ptolemy/domains/de/test/auto/deInCt.xml
auto.tcl: Setting watchdog for 200 seconds at Sat Oct 06 02:25:46 UTC 2018
0
1
1
1
0
0
0
1
1
0
0
0
1
1
1
1
0
0
1
1
1
0
0
0
1
1
1
0
0
1
1
0
0
0
1
1
1
1
1
0
0
0
0
1
1
1
1
11 ms. Memory: 646144K Free: 621516K (96%)
ptolemy.util.test.WatchDog.cancel(): canceling Sat Oct 06 02:25:46 UTC 2018
auto.tcl: Setting watchdog for 200 seconds at Sat Oct 06 02:25:46 UTC 2018
0
1
1
1
1
1
0
0
0
1
1
1
0
0
0
1
1
0
0
0
1
1
0
0
0
0
1
1
1
0
0
0
1
1
1
0
0
0
1
1
1
0
0
0
0
5 ms. Memory: 646144K Free: 621516K (96%)
ptolemy.util.test.WatchDog.cancel(): canceling Sat Oct 06 02:25:46 UTC 2018
------------------ testing $PTII/ptolemy/domains/de/test/auto/deInCt2.xml
auto.tcl: Setting watchdog for 200 seconds at Sat Oct 06 02:25:46 UTC 2018
0
1
1
1
0
0
1
1
1
0
0
1
1
1
0
0
1
1
1
0
0
1
1
1
0
0
1
1
1
0
0
1
1
1
0
0
1
1
1
0
0
0
5 ms. Memory: 648704K Free: 624108K (96%)
ptolemy.util.test.WatchDog.cancel(): canceling Sat Oct 06 02:25:46 UTC 2018
auto.tcl: Setting watchdog for 200 seconds at Sat Oct 06 02:25:46 UTC 2018
0
1
1
1
0
0
1
1
1
0
0
1
1
1
0
0
1
1
1
0
0
1
1
1
0
0
1
1
1
0
0
1
1
1
0
0
1
1
1
0
0
0
6 ms. Memory: 648704K Free: 624108K (96%)
ptolemy.util.test.WatchDog.cancel(): canceling Sat Oct 06 02:25:46 UTC 2018
------------------ testing $PTII/ptolemy/domains/de/test/auto/dynamicCausalityInterface1.xml
auto.tcl: Setting watchdog for 200 seconds at Sat Oct 06 02:25:46 UTC 2018
1 ms. Memory: 646144K Free: 612901K (95%)
ptolemy.util.test.WatchDog.cancel(): canceling Sat Oct 06 02:25:46 UTC 2018
auto.tcl: Setting watchdog for 200 seconds at Sat Oct 06 02:25:46 UTC 2018
1 ms. Memory: 646144K Free: 612901K (95%)
ptolemy.util.test.WatchDog.cancel(): canceling Sat Oct 06 02:25:46 UTC 2018
------------------ testing $PTII/ptolemy/domains/de/test/auto/fsm_de_test.xml
auto.tcl: Setting watchdog for 200 seconds at Sat Oct 06 02:25:46 UTC 2018
10 ms. Memory: 648192K Free: 623487K (96%)
ptolemy.util.test.WatchDog.cancel(): canceling Sat Oct 06 02:25:46 UTC 2018
auto.tcl: Setting watchdog for 200 seconds at Sat Oct 06 02:25:46 UTC 2018
4 ms. Memory: 648192K Free: 614859K (95%)
ptolemy.util.test.WatchDog.cancel(): canceling Sat Oct 06 02:25:46 UTC 2018
------------------ testing $PTII/ptolemy/domains/de/test/auto/functionDependencyReconstruction.xml
auto.tcl: Setting watchdog for 200 seconds at Sat Oct 06 02:25:46 UTC 2018
3 ms. Memory: 646144K Free: 612802K (95%)
ptolemy.util.test.WatchDog.cancel(): canceling Sat Oct 06 02:25:46 UTC 2018
auto.tcl: Setting watchdog for 200 seconds at Sat Oct 06 02:25:46 UTC 2018
2 ms. Memory: 646144K Free: 612802K (95%)
ptolemy.util.test.WatchDog.cancel(): canceling Sat Oct 06 02:25:46 UTC 2018
------------------ testing $PTII/ptolemy/domains/de/test/auto/multirate.xml
auto.tcl: Setting watchdog for 200 seconds at Sat Oct 06 02:25:46 UTC 2018
7 ms. Memory: 648192K Free: 623355K (96%)
ptolemy.util.test.WatchDog.cancel(): canceling Sat Oct 06 02:25:46 UTC 2018
auto.tcl: Setting watchdog for 200 seconds at Sat Oct 06 02:25:46 UTC 2018
3 ms. Memory: 648192K Free: 623355K (96%)
ptolemy.util.test.WatchDog.cancel(): canceling Sat Oct 06 02:25:46 UTC 2018
------------------ testing $PTII/ptolemy/domains/de/test/auto/multirate2.xml
auto.tcl: Setting watchdog for 200 seconds at Sat Oct 06 02:25:46 UTC 2018
3 ms. Memory: 646144K Free: 621495K (96%)
ptolemy.util.test.WatchDog.cancel(): canceling Sat Oct 06 02:25:46 UTC 2018
auto.tcl: Setting watchdog for 200 seconds at Sat Oct 06 02:25:46 UTC 2018
3 ms. Memory: 646144K Free: 621495K (96%)
ptolemy.util.test.WatchDog.cancel(): canceling Sat Oct 06 02:25:46 UTC 2018
------------------ testing $PTII/ptolemy/domains/de/test/auto/realtime.xml
auto.tcl: Setting watchdog for 200 seconds at Sat Oct 06 02:25:46 UTC 2018
10001 ms. Memory: 647680K Free: 622997K (96%)
ptolemy.util.test.WatchDog.cancel(): canceling Sat Oct 06 02:25:56 UTC 2018
auto.tcl: Setting watchdog for 200 seconds at Sat Oct 06 02:25:56 UTC 2018
10001 ms. Memory: 647680K Free: 622997K (96%)
ptolemy.util.test.WatchDog.cancel(): canceling Sat Oct 06 02:26:06 UTC 2018
------------------ testing $PTII/ptolemy/domains/de/test/auto/relationGroup.xml
auto.tcl: Setting watchdog for 200 seconds at Sat Oct 06 02:26:06 UTC 2018
2 ms. Memory: 646144K Free: 621519K (96%)
ptolemy.util.test.WatchDog.cancel(): canceling Sat Oct 06 02:26:06 UTC 2018
auto.tcl: Setting watchdog for 200 seconds at Sat Oct 06 02:26:06 UTC 2018
1 ms. Memory: 646144K Free: 621519K (96%)
ptolemy.util.test.WatchDog.cancel(): canceling Sat Oct 06 02:26:06 UTC 2018
------------------ testing $PTII/ptolemy/domains/de/test/auto/relationGroup2.xml
auto.tcl: Setting watchdog for 200 seconds at Sat Oct 06 02:26:06 UTC 2018
1 ms. Memory: 647680K Free: 623082K (96%)
ptolemy.util.test.WatchDog.cancel(): canceling Sat Oct 06 02:26:06 UTC 2018
auto.tcl: Setting watchdog for 200 seconds at Sat Oct 06 02:26:06 UTC 2018
1 ms. Memory: 647680K Free: 623082K (96%)
ptolemy.util.test.WatchDog.cancel(): canceling Sat Oct 06 02:26:06 UTC 2018
------------------ testing $PTII/ptolemy/domains/de/test/auto/sortWithOpaquePorts.xml
auto.tcl: Setting watchdog for 200 seconds at Sat Oct 06 02:26:06 UTC 2018
2 ms. Memory: 646144K Free: 621547K (96%)
ptolemy.util.test.WatchDog.cancel(): canceling Sat Oct 06 02:26:06 UTC 2018
auto.tcl: Setting watchdog for 200 seconds at Sat Oct 06 02:26:06 UTC 2018
1 ms. Memory: 646144K Free: 621547K (96%)
ptolemy.util.test.WatchDog.cancel(): canceling Sat Oct 06 02:26:06 UTC 2018
------------------ testing $PTII/ptolemy/domains/de/test/auto/transferInputsandOutputs.xml
auto.tcl: Setting watchdog for 200 seconds at Sat Oct 06 02:26:07 UTC 2018
2 ms. Memory: 647168K Free: 622558K (96%)
ptolemy.util.test.WatchDog.cancel(): canceling Sat Oct 06 02:26:07 UTC 2018
auto.tcl: Setting watchdog for 200 seconds at Sat Oct 06 02:26:07 UTC 2018
2 ms. Memory: 647168K Free: 622558K (96%)
ptolemy.util.test.WatchDog.cancel(): canceling Sat Oct 06 02:26:07 UTC 2018
------------------ testing $PTII/ptolemy/domains/de/test/auto/triggerType.xml
auto.tcl: Setting watchdog for 200 seconds at Sat Oct 06 02:26:07 UTC 2018
1 ms. Memory: 646144K Free: 621485K (96%)
ptolemy.util.test.WatchDog.cancel(): canceling Sat Oct 06 02:26:07 UTC 2018
auto.tcl: Setting watchdog for 200 seconds at Sat Oct 06 02:26:07 UTC 2018
1 ms. Memory: 646144K Free: 621485K (96%)
ptolemy.util.test.WatchDog.cancel(): canceling Sat Oct 06 02:26:07 UTC 2018
10/06/18 02:26:07
Failed: 0  Total Tests: 192  ((Passed: 187, Newly Passed: 1)  Known Failed: 5) /home/travis/build/icyphy/ptII/ptolemy/domains/de/test
10/06/18 02:26:07
Failed: 0  Total Tests: 192  ((Passed: 187, Newly Passed: 1)  Known Failed: 5) /home/travis/build/icyphy/ptII/ptolemy/domains/de/test
----------------- testing (KnownFailure) /home/travis/build/icyphy/ptII/ptolemy/domains/de/test/auto/knownFailedTests/DESDFClockTest.xml
2011 ms. Memory: 647168K Free: 611268K (94%)
Known Failure: java.lang.reflect.InvocationTargetException
----------------- testing (KnownFailure) /home/travis/build/icyphy/ptII/ptolemy/domains/de/test/auto/knownFailedTests/DirectFeedback.xml
2 ms. Memory: 647168K Free: 566057K (87%)
Known Failure: java.lang.reflect.InvocationTargetException
----------------- testing (KnownFailure) /home/travis/build/icyphy/ptII/ptolemy/domains/de/test/auto/knownFailedTests/FSMSource.xml
13 ms. Memory: 647168K Free: 520878K (80%)
----------------- testing (KnownFailure) /home/travis/build/icyphy/ptII/ptolemy/domains/de/test/auto/knownFailedTests/HierarchicalModel.xml
2 ms. Memory: 647168K Free: 486994K (75%)
Known Failure: java.lang.reflect.InvocationTargetException
----------------- testing (KnownFailure) /home/travis/build/icyphy/ptII/ptolemy/domains/de/test/auto/knownFailedTests/dependencyLoop.xml
2 ms. Memory: 647168K Free: 430520K (67%)
Known Failure: java.lang.reflect.InvocationTargetException
----------------- testing (KnownFailure) /home/travis/build/icyphy/ptII/ptolemy/domains/de/test/auto/knownFailedTests/dependencyLoop2.xml
4 ms. Memory: 647168K Free: 374030K (58%)
Known Failure: java.lang.reflect.InvocationTargetException
No auto/linux-amd64/*.xml tests in /home/travis/build/icyphy/ptII/ptolemy/domains/de/test
AutoTests.java: About to close Vertx.
AutoTests.java: Vertx closed.

===========================================================================================
----------------- testing Sat Oct 06 02:26:09 UTC 2018 /home/travis/build/icyphy/ptII/ptolemy/domains/de/test/auto/ActorDepthCalculation_actorWithoutPorts.xml
----------------- Instantiating /home/travis/build/icyphy/ptII/ptolemy/domains/de/test/auto/ActorDepthCalculation_actorWithoutPorts.xml
2 ms. Memory: 647168K Free: 317556K (49%)
----------------- Invoking toplevel() on ptolemy.moml.MoMLSimpleApplication@1f47a330
----------------- Done invoking toplevel() on ptolemy.moml.MoMLSimpleApplication@1f47a330
reloadAllAccessors: .ActorDepthCalculation_actorWithoutPorts

===========================================================================================
----------------- testing Sat Oct 06 02:26:09 UTC 2018 /home/travis/build/icyphy/ptII/ptolemy/domains/de/test/auto/AssemblyLine.xml
----------------- Instantiating /home/travis/build/icyphy/ptII/ptolemy/domains/de/test/auto/AssemblyLine.xml
2 ms. Memory: 647168K Free: 294966K (46%)
----------------- Invoking toplevel() on ptolemy.moml.MoMLSimpleApplication@3856730c
----------------- Done invoking toplevel() on ptolemy.moml.MoMLSimpleApplication@3856730c
reloadAllAccessors: .AssemblyLine

===========================================================================================
----------------- testing Sat Oct 06 02:26:09 UTC 2018 /home/travis/build/icyphy/ptII/ptolemy/domains/de/test/auto/CQBug1.xml
----------------- Instantiating /home/travis/build/icyphy/ptII/ptolemy/domains/de/test/auto/CQBug1.xml
1 ms. Memory: 647168K Free: 272377K (42%)
----------------- Invoking toplevel() on ptolemy.moml.MoMLSimpleApplication@5b41ca31
----------------- Done invoking toplevel() on ptolemy.moml.MoMLSimpleApplication@5b41ca31
reloadAllAccessors: .CQBug1

===========================================================================================
----------------- testing Sat Oct 06 02:26:09 UTC 2018 /home/travis/build/icyphy/ptII/ptolemy/domains/de/test/auto/CancelFireAt.xml
----------------- Instantiating /home/travis/build/icyphy/ptII/ptolemy/domains/de/test/auto/CancelFireAt.xml
8 ms. Memory: 647168K Free: 249787K (39%)
----------------- Invoking toplevel() on ptolemy.moml.MoMLSimpleApplication@4b31ebcf
----------------- Done invoking toplevel() on ptolemy.moml.MoMLSimpleApplication@4b31ebcf
reloadAllAccessors: .CancelFireAt

===========================================================================================
----------------- testing Sat Oct 06 02:26:09 UTC 2018 /home/travis/build/icyphy/ptII/ptolemy/domains/de/test/auto/CausalityAndComposabilityAnalysis.xml
----------------- Instantiating /home/travis/build/icyphy/ptII/ptolemy/domains/de/test/auto/CausalityAndComposabilityAnalysis.xml
1 ms. Memory: 647168K Free: 227198K (35%)
----------------- Invoking toplevel() on ptolemy.moml.MoMLSimpleApplication@32d5cef3
----------------- Done invoking toplevel() on ptolemy.moml.MoMLSimpleApplication@32d5cef3
reloadAllAccessors: .CausalityAndComposabilityAnalysis

===========================================================================================
----------------- testing Sat Oct 06 02:26:09 UTC 2018 /home/travis/build/icyphy/ptII/ptolemy/domains/de/test/auto/CausalityInterface1.xml
----------------- Instantiating /home/travis/build/icyphy/ptII/ptolemy/domains/de/test/auto/CausalityInterface1.xml
6 ms. Memory: 647168K Free: 204608K (32%)
----------------- Invoking toplevel() on ptolemy.moml.MoMLSimpleApplication@41740a35
----------------- Done invoking toplevel() on ptolemy.moml.MoMLSimpleApplication@41740a35
reloadAllAccessors: .CausalityInterface1

===========================================================================================
----------------- testing Sat Oct 06 02:26:09 UTC 2018 /home/travis/build/icyphy/ptII/ptolemy/domains/de/test/auto/CausalityInterface15.xml
----------------- Instantiating /home/travis/build/icyphy/ptII/ptolemy/domains/de/test/auto/CausalityInterface15.xml
2 ms. Memory: 647168K Free: 182019K (28%)
----------------- Invoking toplevel() on ptolemy.moml.MoMLSimpleApplication@6eaed00c
----------------- Done invoking toplevel() on ptolemy.moml.MoMLSimpleApplication@6eaed00c
reloadAllAccessors: .CausalityInterface15

[...]
java.lang.RuntimeException: Execution failed
	at ptolemy.moml.MoMLSimpleApplication$UnloadThread.run(MoMLSimpleApplication.java:402)
Caused by: ptolemy.kernel.util.IllegalActionException: Test fails in iteration 1.
Value was: 1.0. Should have been: 2.0
  in .DirectFeedback.Test
	at ptolemy.actor.lib.Test.fire(Test.java:268)
	at ptolemy.domains.de.kernel.DEDirector._fire(DEDirector.java:1949)
	at ptolemy.domains.de.kernel.DEDirector.fire(DEDirector.java:502)
	at ptolemy.actor.CompositeActor.fire(CompositeActor.java:455)
	at ptolemy.actor.Manager.iterate(Manager.java:851)
	at ptolemy.actor.Manager.execute(Manager.java:369)
	at ptolemy.actor.Manager.run(Manager.java:1263)
	at ptolemy.actor.Manager$PtolemyRunThread.run(Manager.java:1915)
java.lang.RuntimeException: Execution failed
	at ptolemy.moml.MoMLSimpleApplication$UnloadThread.run(MoMLSimpleApplication.java:402)
Caused by: ptolemy.kernel.util.IllegalActionException: Actor is not ready to fire.  Perhaps UpSample.prefire() returned false? Try debugging the actor by selecting "Listen to Actor".  Also, for SDF check moml for tokenConsumptionRate on input.
  in .DESDFClockTest.Play Bell.Copy1:SDF Director and .DESDFClockTest.Play Bell.UpSample
	at ptolemy.actor.sched.StaticSchedulingDirector.fire(StaticSchedulingDirector.java:227)
	at ptolemy.domains.sdf.kernel.SDFDirector.fire(SDFDirector.java:500)
	at ptolemy.actor.CompositeActor.fire(CompositeActor.java:455)
	at ptolemy.domains.de.kernel.DEDirector._fire(DEDirector.java:1949)
	at ptolemy.domains.de.kernel.DEDirector.fire(DEDirector.java:502)
	at ptolemy.actor.CompositeActor.fire(CompositeActor.java:455)
	at ptolemy.actor.Manager.iterate(Manager.java:851)
	at ptolemy.actor.Manager.execute(Manager.java:369)
	at ptolemy.actor.Manager.run(Manager.java:1263)
	at ptolemy.actor.Manager$PtolemyRunThread.run(Manager.java:1915)
java.lang.reflect.InvocationTargetException
	at sun.reflect.NativeConstructorAccessorImpl.newInstance0(Native Method)
	at sun.reflect.NativeConstructorAccessorImpl.newInstance(NativeConstructorAccessorImpl.java:62)
	at sun.reflect.DelegatingConstructorAccessorImpl.newInstance(DelegatingConstructorAccessorImpl.java:45)
	at java.lang.reflect.Constructor.newInstance(Constructor.java:423)
	at ptolemy.util.test.junit.AutoKnownFailedTests.RunModel(AutoKnownFailedTests.java:107)
	at sun.reflect.NativeMethodAccessorImpl.invoke0(Native Method)
	at sun.reflect.NativeMethodAccessorImpl.invoke(NativeMethodAccessorImpl.java:62)
	at sun.reflect.DelegatingMethodAccessorImpl.invoke(DelegatingMethodAccessorImpl.java:43)
	at java.lang.reflect.Method.invoke(Method.java:498)
	at org.junit.runners.model.FrameworkMethod$1.runReflectiveCall(FrameworkMethod.java:44)
	at org.junit.internal.runners.model.ReflectiveCallable.run(ReflectiveCallable.java:15)
	at org.junit.runners.model.FrameworkMethod.invokeExplosively(FrameworkMethod.java:41)
	at junitparams.internal.InvokeParameterisedMethod.evaluate(InvokeParameterisedMethod.java:102)
	at org.junit.internal.runners.statements.FailOnTimeout$1.run(FailOnTimeout.java:28)
Caused by: ptolemy.kernel.util.IllegalActionException: Actor is not ready to fire.  Perhaps UpSample.prefire() returned false? Try debugging the actor by selecting "Listen to Actor".  Also, for SDF check moml for tokenConsumptionRate on input.
  in .DESDFClockTest.Play Bell.Copy1:SDF Director and .DESDFClockTest.Play Bell.UpSample
	at ptolemy.actor.sched.StaticSchedulingDirector.fire(StaticSchedulingDirector.java:227)
	at ptolemy.domains.sdf.kernel.SDFDirector.fire(SDFDirector.java:500)
	at ptolemy.actor.CompositeActor.fire(CompositeActor.java:455)
	at ptolemy.domains.de.kernel.DEDirector._fire(DEDirector.java:1949)
	at ptolemy.domains.de.kernel.DEDirector.fire(DEDirector.java:502)
	at ptolemy.actor.CompositeActor.fire(CompositeActor.java:455)
	at ptolemy.actor.Manager.iterate(Manager.java:851)
	at ptolemy.actor.Manager.execute(Manager.java:369)
	at ptolemy.actor.Manager.run(Manager.java:1263)
	at ptolemy.actor.Manager$PtolemyRunThread.run(Manager.java:1915)
java.lang.RuntimeException: Execution failed
	at ptolemy.moml.MoMLSimpleApplication$UnloadThread.run(MoMLSimpleApplication.java:402)
Caused by: ptolemy.kernel.util.IllegalActionException: Test fails in iteration 1.
Value was: 1.0. Should have been: 2.0
  in .DirectFeedback.Test
	at ptolemy.actor.lib.Test.fire(Test.java:268)
	at ptolemy.domains.de.kernel.DEDirector._fire(DEDirector.java:1949)
	at ptolemy.domains.de.kernel.DEDirector.fire(DEDirector.java:502)
	at ptolemy.actor.CompositeActor.fire(CompositeActor.java:455)
	at ptolemy.actor.Manager.iterate(Manager.java:851)
	at ptolemy.actor.Manager.execute(Manager.java:369)
	at ptolemy.actor.Manager.run(Manager.java:1263)
	at ptolemy.actor.Manager$PtolemyRunThread.run(Manager.java:1915)
java.lang.reflect.InvocationTargetException
	at sun.reflect.NativeConstructorAccessorImpl.newInstance0(Native Method)
	at sun.reflect.NativeConstructorAccessorImpl.newInstance(NativeConstructorAccessorImpl.java:62)
	at sun.reflect.DelegatingConstructorAccessorImpl.newInstance(DelegatingConstructorAccessorImpl.java:45)
	at java.lang.reflect.Constructor.newInstance(Constructor.java:423)
	at ptolemy.util.test.junit.AutoKnownFailedTests.RunModel(AutoKnownFailedTests.java:107)
	at sun.reflect.NativeMethodAccessorImpl.invoke0(Native Method)
	at sun.reflect.NativeMethodAccessorImpl.invoke(NativeMethodAccessorImpl.java:62)
	at sun.reflect.DelegatingMethodAccessorImpl.invoke(DelegatingMethodAccessorImpl.java:43)
	at java.lang.reflect.Method.invoke(Method.java:498)
	at org.junit.runners.model.FrameworkMethod$1.runReflectiveCall(FrameworkMethod.java:44)
	at org.junit.internal.runners.model.ReflectiveCallable.run(ReflectiveCallable.java:15)
	at org.junit.runners.model.FrameworkMethod.invokeExplosively(FrameworkMethod.java:41)
	at junitparams.internal.InvokeParameterisedMethod.evaluate(InvokeParameterisedMethod.java:102)
	at org.junit.internal.runners.statements.FailOnTimeout$1.run(FailOnTimeout.java:28)
Caused by: ptolemy.kernel.util.IllegalActionException: Test fails in iteration 1.
Value was: 1.0. Should have been: 2.0
  in .DirectFeedback.Test
	at ptolemy.actor.lib.Test.fire(Test.java:268)
	at ptolemy.domains.de.kernel.DEDirector._fire(DEDirector.java:1949)
	at ptolemy.domains.de.kernel.DEDirector.fire(DEDirector.java:502)
	at ptolemy.actor.CompositeActor.fire(CompositeActor.java:455)
	at ptolemy.actor.Manager.iterate(Manager.java:851)
	at ptolemy.actor.Manager.execute(Manager.java:369)
	at ptolemy.actor.Manager.run(Manager.java:1263)
	at ptolemy.actor.Manager$PtolemyRunThread.run(Manager.java:1915)
java.lang.RuntimeException: Execution failed
	at ptolemy.moml.MoMLSimpleApplication$UnloadThread.run(MoMLSimpleApplication.java:402)
Caused by: ptolemy.kernel.util.IllegalActionException: Found a zero delay loop containing .HierarchicalModel.A
  in .HierarchicalModel and .HierarchicalModel.A
	at ptolemy.actor.util.CausalityInterfaceForComposites._computeOutputPortDepth(CausalityInterfaceForComposites.java:759)
	at ptolemy.actor.util.CausalityInterfaceForComposites._computeInputDepth(CausalityInterfaceForComposites.java:696)
	at ptolemy.actor.util.CausalityInterfaceForComposites._computeOutputPortDepth(CausalityInterfaceForComposites.java:765)
	at ptolemy.actor.util.CausalityInterfaceForComposites._computeInputDepth(CausalityInterfaceForComposites.java:696)
	at ptolemy.actor.util.CausalityInterfaceForComposites._computeOutputPortDepth(CausalityInterfaceForComposites.java:765)
	at ptolemy.actor.util.CausalityInterfaceForComposites._computeInputDepth(CausalityInterfaceForComposites.java:696)
	at ptolemy.actor.util.CausalityInterfaceForComposites._computeActorDepth(CausalityInterfaceForComposites.java:532)
	at ptolemy.actor.util.CausalityInterfaceForComposites.checkForCycles(CausalityInterfaceForComposites.java:96)
	at ptolemy.domains.de.kernel.DEDirector.preinitialize(DEDirector.java:1338)
	at ptolemy.actor.CompositeActor.preinitialize(CompositeActor.java:1828)
	at ptolemy.actor.Manager.preinitializeAndResolveTypes(Manager.java:1040)
	at ptolemy.actor.Manager.initialize(Manager.java:710)
	at ptolemy.actor.Manager.execute(Manager.java:356)
	at ptolemy.actor.Manager.run(Manager.java:1263)
	at ptolemy.actor.Manager$PtolemyRunThread.run(Manager.java:1915)
java.lang.reflect.InvocationTargetException
	at sun.reflect.NativeConstructorAccessorImpl.newInstance0(Native Method)
	at sun.reflect.NativeConstructorAccessorImpl.newInstance(NativeConstructorAccessorImpl.java:62)
	at sun.reflect.DelegatingConstructorAccessorImpl.newInstance(DelegatingConstructorAccessorImpl.java:45)
	at java.lang.reflect.Constructor.newInstance(Constructor.java:423)
	at ptolemy.util.test.junit.AutoKnownFailedTests.RunModel(AutoKnownFailedTests.java:107)
	at sun.reflect.NativeMethodAccessorImpl.invoke0(Native Method)
	at sun.reflect.NativeMethodAccessorImpl.invoke(NativeMethodAccessorImpl.java:62)
	at sun.reflect.DelegatingMethodAccessorImpl.invoke(DelegatingMethodAccessorImpl.java:43)
	at java.lang.reflect.Method.invoke(Method.java:498)
	at org.junit.runners.model.FrameworkMethod$1.runReflectiveCall(FrameworkMethod.java:44)
	at org.junit.internal.runners.model.ReflectiveCallable.run(ReflectiveCallable.java:15)
	at org.junit.runners.model.FrameworkMethod.invokeExplosively(FrameworkMethod.java:41)
	at junitparams.internal.InvokeParameterisedMethod.evaluate(InvokeParameterisedMethod.java:102)
	at org.junit.internal.runners.statements.FailOnTimeout$1.run(FailOnTimeout.java:28)
Caused by: ptolemy.kernel.util.IllegalActionException: Found a zero delay loop containing .HierarchicalModel.A
  in .HierarchicalModel and .HierarchicalModel.A
	at ptolemy.actor.util.CausalityInterfaceForComposites._computeOutputPortDepth(CausalityInterfaceForComposites.java:759)
	at ptolemy.actor.util.CausalityInterfaceForComposites._computeInputDepth(CausalityInterfaceForComposites.java:696)
	at ptolemy.actor.util.CausalityInterfaceForComposites._computeOutputPortDepth(CausalityInterfaceForComposites.java:765)
	at ptolemy.actor.util.CausalityInterfaceForComposites._computeInputDepth(CausalityInterfaceForComposites.java:696)
	at ptolemy.actor.util.CausalityInterfaceForComposites._computeOutputPortDepth(CausalityInterfaceForComposites.java:765)
	at ptolemy.actor.util.CausalityInterfaceForComposites._computeInputDepth(CausalityInterfaceForComposites.java:696)
	at ptolemy.actor.util.CausalityInterfaceForComposites._computeActorDepth(CausalityInterfaceForComposites.java:532)
	at ptolemy.actor.util.CausalityInterfaceForComposites.checkForCycles(CausalityInterfaceForComposites.java:96)
	at ptolemy.domains.de.kernel.DEDirector.preinitialize(DEDirector.java:1338)
	at ptolemy.actor.CompositeActor.preinitialize(CompositeActor.java:1828)
	at ptolemy.actor.Manager.preinitializeAndResolveTypes(Manager.java:1040)
	at ptolemy.actor.Manager.initialize(Manager.java:710)
	at ptolemy.actor.Manager.execute(Manager.java:356)
	at ptolemy.actor.Manager.run(Manager.java:1263)
	at ptolemy.actor.Manager$PtolemyRunThread.run(Manager.java:1915)
java.lang.RuntimeException: Execution failed
	at ptolemy.moml.MoMLSimpleApplication$UnloadThread.run(MoMLSimpleApplication.java:402)
Caused by: ptolemy.kernel.util.IllegalActionException: Found a zero delay loop containing .dependencyLoop.original
  in .dependencyLoop and .dependencyLoop.original
	at ptolemy.actor.util.CausalityInterfaceForComposites._computeOutputPortDepth(CausalityInterfaceForComposites.java:759)
	at ptolemy.actor.util.CausalityInterfaceForComposites._computeInputDepth(CausalityInterfaceForComposites.java:696)
	at ptolemy.actor.util.CausalityInterfaceForComposites._computeOutputPortDepth(CausalityInterfaceForComposites.java:765)
	at ptolemy.actor.util.CausalityInterfaceForComposites._computeInputDepth(CausalityInterfaceForComposites.java:696)
	at ptolemy.actor.util.CausalityInterfaceForComposites._computeOutputPortDepth(CausalityInterfaceForComposites.java:765)
	at ptolemy.actor.util.CausalityInterfaceForComposites._computeInputDepth(CausalityInterfaceForComposites.java:696)
	at ptolemy.actor.util.CausalityInterfaceForComposites._computeActorDepth(CausalityInterfaceForComposites.java:532)
	at ptolemy.actor.util.CausalityInterfaceForComposites.checkForCycles(CausalityInterfaceForComposites.java:96)
	at ptolemy.domains.de.kernel.DEDirector.preinitialize(DEDirector.java:1338)
	at ptolemy.actor.CompositeActor.preinitialize(CompositeActor.java:1828)
	at ptolemy.actor.Manager.preinitializeAndResolveTypes(Manager.java:1040)
	at ptolemy.actor.Manager.initialize(Manager.java:710)
	at ptolemy.actor.Manager.execute(Manager.java:356)
	at ptolemy.actor.Manager.run(Manager.java:1263)
	at ptolemy.actor.Manager$PtolemyRunThread.run(Manager.java:1915)
java.lang.reflect.InvocationTargetException
	at sun.reflect.NativeConstructorAccessorImpl.newInstance0(Native Method)
	at sun.reflect.NativeConstructorAccessorImpl.newInstance(NativeConstructorAccessorImpl.java:62)
	at sun.reflect.DelegatingConstructorAccessorImpl.newInstance(DelegatingConstructorAccessorImpl.java:45)
	at java.lang.reflect.Constructor.newInstance(Constructor.java:423)
	at ptolemy.util.test.junit.AutoKnownFailedTests.RunModel(AutoKnownFailedTests.java:107)
	at sun.reflect.NativeMethodAccessorImpl.invoke0(Native Method)
	at sun.reflect.NativeMethodAccessorImpl.invoke(NativeMethodAccessorImpl.java:62)
	at sun.reflect.DelegatingMethodAccessorImpl.invoke(DelegatingMethodAccessorImpl.java:43)
	at java.lang.reflect.Method.invoke(Method.java:498)
	at org.junit.runners.model.FrameworkMethod$1.runReflectiveCall(FrameworkMethod.java:44)
	at org.junit.internal.runners.model.ReflectiveCallable.run(ReflectiveCallable.java:15)
	at org.junit.runners.model.FrameworkMethod.invokeExplosively(FrameworkMethod.java:41)
	at junitparams.internal.InvokeParameterisedMethod.evaluate(InvokeParameterisedMethod.java:102)
	at org.junit.internal.runners.statements.FailOnTimeout$1.run(FailOnTimeout.java:28)
Caused by: ptolemy.kernel.util.IllegalActionException: Found a zero delay loop containing .dependencyLoop.original
  in .dependencyLoop and .dependencyLoop.original
	at ptolemy.actor.util.CausalityInterfaceForComposites._computeOutputPortDepth(CausalityInterfaceForComposites.java:759)
	at ptolemy.actor.util.CausalityInterfaceForComposites._computeInputDepth(CausalityInterfaceForComposites.java:696)
	at ptolemy.actor.util.CausalityInterfaceForComposites._computeOutputPortDepth(CausalityInterfaceForComposites.java:765)
	at ptolemy.actor.util.CausalityInterfaceForComposites._computeInputDepth(CausalityInterfaceForComposites.java:696)
	at ptolemy.actor.util.CausalityInterfaceForComposites._computeOutputPortDepth(CausalityInterfaceForComposites.java:765)
	at ptolemy.actor.util.CausalityInterfaceForComposites._computeInputDepth(CausalityInterfaceForComposites.java:696)
	at ptolemy.actor.util.CausalityInterfaceForComposites._computeActorDepth(CausalityInterfaceForComposites.java:532)
	at ptolemy.actor.util.CausalityInterfaceForComposites.checkForCycles(CausalityInterfaceForComposites.java:96)
	at ptolemy.domains.de.kernel.DEDirector.preinitialize(DEDirector.java:1338)
	at ptolemy.actor.CompositeActor.preinitialize(CompositeActor.java:1828)
	at ptolemy.actor.Manager.preinitializeAndResolveTypes(Manager.java:1040)
	at ptolemy.actor.Manager.initialize(Manager.java:710)
	at ptolemy.actor.Manager.execute(Manager.java:356)
	at ptolemy.actor.Manager.run(Manager.java:1263)
	at ptolemy.actor.Manager$PtolemyRunThread.run(Manager.java:1915)
java.lang.RuntimeException: Execution failed
	at ptolemy.moml.MoMLSimpleApplication$UnloadThread.run(MoMLSimpleApplication.java:402)
Caused by: ptolemy.kernel.util.IllegalActionException: Found a zero delay loop containing .dependencyLoop2.original
  in .dependencyLoop2 and .dependencyLoop2.original
	at ptolemy.actor.util.CausalityInterfaceForComposites._computeOutputPortDepth(CausalityInterfaceForComposites.java:759)
	at ptolemy.actor.util.CausalityInterfaceForComposites._computeInputDepth(CausalityInterfaceForComposites.java:696)
	at ptolemy.actor.util.CausalityInterfaceForComposites._computeOutputPortDepth(CausalityInterfaceForComposites.java:765)
	at ptolemy.actor.util.CausalityInterfaceForComposites._computeInputDepth(CausalityInterfaceForComposites.java:696)
	at ptolemy.actor.util.CausalityInterfaceForComposites._computeOutputPortDepth(CausalityInterfaceForComposites.java:765)
	at ptolemy.actor.util.CausalityInterfaceForComposites._computeInputDepth(CausalityInterfaceForComposites.java:696)
	at ptolemy.actor.util.CausalityInterfaceForComposites._computeActorDepth(CausalityInterfaceForComposites.java:532)
	at ptolemy.actor.util.CausalityInterfaceForComposites.checkForCycles(CausalityInterfaceForComposites.java:96)
	at ptolemy.domains.de.kernel.DEDirector.preinitialize(DEDirector.java:1338)
	at ptolemy.actor.CompositeActor.preinitialize(CompositeActor.java:1828)
	at ptolemy.actor.Manager.preinitializeAndResolveTypes(Manager.java:1040)
	at ptolemy.actor.Manager.initialize(Manager.java:710)
	at ptolemy.actor.Manager.execute(Manager.java:356)
	at ptolemy.actor.Manager.run(Manager.java:1263)
	at ptolemy.actor.Manager$PtolemyRunThread.run(Manager.java:1915)
java.lang.reflect.InvocationTargetException
	at sun.reflect.NativeConstructorAccessorImpl.newInstance0(Native Method)
	at sun.reflect.NativeConstructorAccessorImpl.newInstance(NativeConstructorAccessorImpl.java:62)
	at sun.reflect.DelegatingConstructorAccessorImpl.newInstance(DelegatingConstructorAccessorImpl.java:45)
	at java.lang.reflect.Constructor.newInstance(Constructor.java:423)
	at ptolemy.util.test.junit.AutoKnownFailedTests.RunModel(AutoKnownFailedTests.java:107)
	at sun.reflect.NativeMethodAccessorImpl.invoke0(Native Method)
	at sun.reflect.NativeMethodAccessorImpl.invoke(NativeMethodAccessorImpl.java:62)
	at sun.reflect.DelegatingMethodAccessorImpl.invoke(DelegatingMethodAccessorImpl.java:43)
	at java.lang.reflect.Method.invoke(Method.java:498)
	at org.junit.runners.model.FrameworkMethod$1.runReflectiveCall(FrameworkMethod.java:44)
	at org.junit.internal.runners.model.ReflectiveCallable.run(ReflectiveCallable.java:15)
	at org.junit.runners.model.FrameworkMethod.invokeExplosively(FrameworkMethod.java:41)
	at junitparams.internal.InvokeParameterisedMethod.evaluate(InvokeParameterisedMethod.java:102)
	at org.junit.internal.runners.statements.FailOnTimeout$1.run(FailOnTimeout.java:28)
Caused by: ptolemy.kernel.util.IllegalActionException: Found a zero delay loop containing .dependencyLoop2.original
  in .dependencyLoop2 and .dependencyLoop2.original
	at ptolemy.actor.util.CausalityInterfaceForComposites._computeOutputPortDepth(CausalityInterfaceForComposites.java:759)
	at ptolemy.actor.util.CausalityInterfaceForComposites._computeInputDepth(CausalityInterfaceForComposites.java:696)
	at ptolemy.actor.util.CausalityInterfaceForComposites._computeOutputPortDepth(CausalityInterfaceForComposites.java:765)
	at ptolemy.actor.util.CausalityInterfaceForComposites._computeInputDepth(CausalityInterfaceForComposites.java:696)
	at ptolemy.actor.util.CausalityInterfaceForComposites._computeOutputPortDepth(CausalityInterfaceForComposites.java:765)
	at ptolemy.actor.util.CausalityInterfaceForComposites._computeInputDepth(CausalityInterfaceForComposites.java:696)
	at ptolemy.actor.util.CausalityInterfaceForComposites._computeActorDepth(CausalityInterfaceForComposites.java:532)
	at ptolemy.actor.util.CausalityInterfaceForComposites.checkForCycles(CausalityInterfaceForComposites.java:96)
	at ptolemy.domains.de.kernel.DEDirector.preinitialize(DEDirector.java:1338)
	at ptolemy.actor.CompositeActor.preinitialize(CompositeActor.java:1828)
	at ptolemy.actor.Manager.preinitializeAndResolveTypes(Manager.java:1040)
	at ptolemy.actor.Manager.initialize(Manager.java:710)
	at ptolemy.actor.Manager.execute(Manager.java:356)
	at ptolemy.actor.Manager.run(Manager.java:1263)
	at ptolemy.actor.Manager$PtolemyRunThread.run(Manager.java:1915)
]]></system-err>
</testsuite>
