<?xml version="1.0" encoding="UTF-8" ?>
<testsuite errors="0" failures="0" hostname="travis-job-ecc2e48c-523f-4c1c-937a-92a64520b446" name="ptolemy.domains.modal.test.junit.JUnitTclTest" skipped="0" tests="148" time="10.046" timestamp="2018-09-29T02:22:29">
  <properties>
[...]
</properties>
  <testcase classname="ptolemy.util.test.junit.TclTests" name="[0] /home/travis/build/icyphy/ptII/ptolemy/domains/modal/test/SystemLevelType.tcl (RunTclFile)" time="1.78" />
  <testcase classname="ptolemy.util.test.junit.AutoKnownFailedTests" name="[0] /home/travis/build/icyphy/ptII/ptolemy/domains/modal/test/auto/knownFailedTests/CannotAnalysisWithPreemption.xml (RunModel)" time="0.127" />
  <testcase classname="ptolemy.util.test.junit.AutoNameArchTests" name="[0] ThereAreNoAutoArchTests (RunModel)" time="0.0" />
  <testcase classname="ptolemy.util.test.junit.AutoTests" name="[0] /home/travis/build/icyphy/ptII/ptolemy/domains/modal/test/auto/ABPTest.xml (RunModel)" time="0.768" />
  <testcase classname="ptolemy.util.test.junit.AutoTests" name="[1] /home/travis/build/icyphy/ptII/ptolemy/domains/modal/test/auto/ABROFlat.xml (RunModel)" time="0.085" />
  <testcase classname="ptolemy.util.test.junit.AutoTests" name="[2] /home/travis/build/icyphy/ptII/ptolemy/domains/modal/test/auto/ABROFlat2.xml (RunModel)" time="0.082" />
  <testcase classname="ptolemy.util.test.junit.AutoTests" name="[3] /home/travis/build/icyphy/ptII/ptolemy/domains/modal/test/auto/ABRO_present_hmm.xml (RunModel)" time="0.16" />
  <testcase classname="ptolemy.util.test.junit.AutoTests" name="[4] /home/travis/build/icyphy/ptII/ptolemy/domains/modal/test/auto/AMICoderExample.xml (RunModel)" time="0.056" />
  <testcase classname="ptolemy.util.test.junit.AutoTests" name="[5] /home/travis/build/icyphy/ptII/ptolemy/domains/modal/test/auto/AbsentToPresent.xml (RunModel)" time="0.025" />
  <testcase classname="ptolemy.util.test.junit.AutoTests" name="[6] /home/travis/build/icyphy/ptII/ptolemy/domains/modal/test/auto/Blending.xml (RunModel)" time="0.263" />
  <testcase classname="ptolemy.util.test.junit.AutoTests" name="[7] /home/travis/build/icyphy/ptII/ptolemy/domains/modal/test/auto/Broadcast.xml (RunModel)" time="0.06" />
  <testcase classname="ptolemy.util.test.junit.AutoTests" name="[8] /home/travis/build/icyphy/ptII/ptolemy/domains/modal/test/auto/BroadcastHierarchy.xml (RunModel)" time="0.074" />
  <testcase classname="ptolemy.util.test.junit.AutoTests" name="[9] /home/travis/build/icyphy/ptII/ptolemy/domains/modal/test/auto/BroadcastHierarchy2.xml (RunModel)" time="0.131" />
  <testcase classname="ptolemy.util.test.junit.AutoTests" name="[10] /home/travis/build/icyphy/ptII/ptolemy/domains/modal/test/auto/BroadcastHierarchy3.xml (RunModel)" time="0.121" />
  <testcase classname="ptolemy.util.test.junit.AutoTests" name="[11] /home/travis/build/icyphy/ptII/ptolemy/domains/modal/test/auto/BroadcastHierarchy4.xml (RunModel)" time="0.109" />
  <testcase classname="ptolemy.util.test.junit.AutoTests" name="[12] /home/travis/build/icyphy/ptII/ptolemy/domains/modal/test/auto/CannotAnalysisWithPreemption2.xml (RunModel)" time="0.03" />
  <testcase classname="ptolemy.util.test.junit.AutoTests" name="[13] /home/travis/build/icyphy/ptII/ptolemy/domains/modal/test/auto/CannotAnalysisWithPreemption3.xml (RunModel)" time="0.04" />
  <testcase classname="ptolemy.util.test.junit.AutoTests" name="[14] /home/travis/build/icyphy/ptII/ptolemy/domains/modal/test/auto/CannotProduce.xml (RunModel)" time="0.033" />
  <testcase classname="ptolemy.util.test.junit.AutoTests" name="[15] /home/travis/build/icyphy/ptII/ptolemy/domains/modal/test/auto/CannotProduceModal.xml (RunModel)" time="0.036" />
  <testcase classname="ptolemy.util.test.junit.AutoTests" name="[16] /home/travis/build/icyphy/ptII/ptolemy/domains/modal/test/auto/Case.xml (RunModel)" time="0.102" />
  <testcase classname="ptolemy.util.test.junit.AutoTests" name="[17] /home/travis/build/icyphy/ptII/ptolemy/domains/modal/test/auto/Case1.xml (RunModel)" time="0.038" />
  <testcase classname="ptolemy.util.test.junit.AutoTests" name="[18] /home/travis/build/icyphy/ptII/ptolemy/domains/modal/test/auto/Case2.xml (RunModel)" time="0.058" />
  <testcase classname="ptolemy.util.test.junit.AutoTests" name="[19] /home/travis/build/icyphy/ptII/ptolemy/domains/modal/test/auto/CausalityInterface1.xml (RunModel)" time="0.035" />
  <testcase classname="ptolemy.util.test.junit.AutoTests" name="[20] /home/travis/build/icyphy/ptII/ptolemy/domains/modal/test/auto/CausalityInterface10.xml (RunModel)" time="0.056" />
  <testcase classname="ptolemy.util.test.junit.AutoTests" name="[21] /home/travis/build/icyphy/ptII/ptolemy/domains/modal/test/auto/CausalityInterface11.xml (RunModel)" time="0.046" />
  <testcase classname="ptolemy.util.test.junit.AutoTests" name="[22] /home/travis/build/icyphy/ptII/ptolemy/domains/modal/test/auto/CausalityInterface12.xml (RunModel)" time="0.057" />
  <testcase classname="ptolemy.util.test.junit.AutoTests" name="[23] /home/travis/build/icyphy/ptII/ptolemy/domains/modal/test/auto/CausalityInterface13.xml (RunModel)" time="0.059" />
  <testcase classname="ptolemy.util.test.junit.AutoTests" name="[24] /home/travis/build/icyphy/ptII/ptolemy/domains/modal/test/auto/CausalityInterface14.xml (RunModel)" time="0.046" />
  <testcase classname="ptolemy.util.test.junit.AutoTests" name="[25] /home/travis/build/icyphy/ptII/ptolemy/domains/modal/test/auto/CausalityInterface2.xml (RunModel)" time="0.036" />
  <testcase classname="ptolemy.util.test.junit.AutoTests" name="[26] /home/travis/build/icyphy/ptII/ptolemy/domains/modal/test/auto/CausalityInterface3.xml (RunModel)" time="0.052" />
  <testcase classname="ptolemy.util.test.junit.AutoTests" name="[27] /home/travis/build/icyphy/ptII/ptolemy/domains/modal/test/auto/CausalityInterface4.xml (RunModel)" time="0.029" />
  <testcase classname="ptolemy.util.test.junit.AutoTests" name="[28] /home/travis/build/icyphy/ptII/ptolemy/domains/modal/test/auto/CausalityInterface5.xml (RunModel)" time="0.044" />
  <testcase classname="ptolemy.util.test.junit.AutoTests" name="[29] /home/travis/build/icyphy/ptII/ptolemy/domains/modal/test/auto/CausalityInterface6.xml (RunModel)" time="0.032" />
  <testcase classname="ptolemy.util.test.junit.AutoTests" name="[30] /home/travis/build/icyphy/ptII/ptolemy/domains/modal/test/auto/CausalityInterface7.xml (RunModel)" time="0.034" />
  <testcase classname="ptolemy.util.test.junit.AutoTests" name="[31] /home/travis/build/icyphy/ptII/ptolemy/domains/modal/test/auto/CausalityInterface8.xml (RunModel)" time="0.052" />
  <testcase classname="ptolemy.util.test.junit.AutoTests" name="[32] /home/travis/build/icyphy/ptII/ptolemy/domains/modal/test/auto/CausalityInterface9.xml (RunModel)" time="0.038" />
  <testcase classname="ptolemy.util.test.junit.AutoTests" name="[33] /home/travis/build/icyphy/ptII/ptolemy/domains/modal/test/auto/ChainedTransitions.xml (RunModel)" time="0.14" />
  <testcase classname="ptolemy.util.test.junit.AutoTests" name="[34] /home/travis/build/icyphy/ptII/ptolemy/domains/modal/test/auto/CycleOfImmediateTransitionsFSM.xml (RunModel)" time="0.028" />
  <testcase classname="ptolemy.util.test.junit.AutoTests" name="[35] /home/travis/build/icyphy/ptII/ptolemy/domains/modal/test/auto/CycleOfImmediateTransitionsModal.xml (RunModel)" time="0.022" />
  <testcase classname="ptolemy.util.test.junit.AutoTests" name="[36] /home/travis/build/icyphy/ptII/ptolemy/domains/modal/test/auto/CycleOfImmediateTransitionsModal2.xml (RunModel)" time="0.03" />
  <testcase classname="ptolemy.util.test.junit.AutoTests" name="[37] /home/travis/build/icyphy/ptII/ptolemy/domains/modal/test/auto/CycleOfImmediateTransitionsModal3.xml (RunModel)" time="0.077" />
  <testcase classname="ptolemy.util.test.junit.AutoTests" name="[38] /home/travis/build/icyphy/ptII/ptolemy/domains/modal/test/auto/DeepModal1.xml (RunModel)" time="0.04" />
  <testcase classname="ptolemy.util.test.junit.AutoTests" name="[39] /home/travis/build/icyphy/ptII/ptolemy/domains/modal/test/auto/DeepModal2.xml (RunModel)" time="0.051" />
  <testcase classname="ptolemy.util.test.junit.AutoTests" name="[40] /home/travis/build/icyphy/ptII/ptolemy/domains/modal/test/auto/DeepModal3.xml (RunModel)" time="0.07" />
  <testcase classname="ptolemy.util.test.junit.AutoTests" name="[41] /home/travis/build/icyphy/ptII/ptolemy/domains/modal/test/auto/DeepModal4.xml (RunModel)" time="0.073" />
  <testcase classname="ptolemy.util.test.junit.AutoTests" name="[42] /home/travis/build/icyphy/ptII/ptolemy/domains/modal/test/auto/Default1.xml (RunModel)" time="0.028" />
  <testcase classname="ptolemy.util.test.junit.AutoTests" name="[43] /home/travis/build/icyphy/ptII/ptolemy/domains/modal/test/auto/Default2.xml (RunModel)" time="0.023" />
  <testcase classname="ptolemy.util.test.junit.AutoTests" name="[44] /home/travis/build/icyphy/ptII/ptolemy/domains/modal/test/auto/Default3.xml (RunModel)" time="0.017" />
  <testcase classname="ptolemy.util.test.junit.AutoTests" name="[45] /home/travis/build/icyphy/ptII/ptolemy/domains/modal/test/auto/Default4.xml (RunModel)" time="0.024" />
  <testcase classname="ptolemy.util.test.junit.AutoTests" name="[46] /home/travis/build/icyphy/ptII/ptolemy/domains/modal/test/auto/Default5.xml (RunModel)" time="0.046" />
  <testcase classname="ptolemy.util.test.junit.AutoTests" name="[47] /home/travis/build/icyphy/ptII/ptolemy/domains/modal/test/auto/EmptyGuard.xml (RunModel)" time="0.04" />
  <testcase classname="ptolemy.util.test.junit.AutoTests" name="[48] /home/travis/build/icyphy/ptII/ptolemy/domains/modal/test/auto/ErrorTransition1.xml (RunModel)" time="0.031" />
  <testcase classname="ptolemy.util.test.junit.AutoTests" name="[49] /home/travis/build/icyphy/ptII/ptolemy/domains/modal/test/auto/ErrorTransition10.xml (RunModel)" time="0.039" />
  <testcase classname="ptolemy.util.test.junit.AutoTests" name="[50] /home/travis/build/icyphy/ptII/ptolemy/domains/modal/test/auto/ErrorTransition11.xml (RunModel)" time="0.037" />
  <testcase classname="ptolemy.util.test.junit.AutoTests" name="[51] /home/travis/build/icyphy/ptII/ptolemy/domains/modal/test/auto/ErrorTransition2.xml (RunModel)" time="0.026" />
  <testcase classname="ptolemy.util.test.junit.AutoTests" name="[52] /home/travis/build/icyphy/ptII/ptolemy/domains/modal/test/auto/ErrorTransition3.xml (RunModel)" time="0.031" />
  <testcase classname="ptolemy.util.test.junit.AutoTests" name="[53] /home/travis/build/icyphy/ptII/ptolemy/domains/modal/test/auto/ErrorTransition4.xml (RunModel)" time="0.031" />
  <testcase classname="ptolemy.util.test.junit.AutoTests" name="[54] /home/travis/build/icyphy/ptII/ptolemy/domains/modal/test/auto/ErrorTransition5.xml (RunModel)" time="0.026" />
  <testcase classname="ptolemy.util.test.junit.AutoTests" name="[55] /home/travis/build/icyphy/ptII/ptolemy/domains/modal/test/auto/ErrorTransition6.xml (RunModel)" time="0.034" />
  <testcase classname="ptolemy.util.test.junit.AutoTests" name="[56] /home/travis/build/icyphy/ptII/ptolemy/domains/modal/test/auto/ErrorTransition7.xml (RunModel)" time="0.056" />
  <testcase classname="ptolemy.util.test.junit.AutoTests" name="[57] /home/travis/build/icyphy/ptII/ptolemy/domains/modal/test/auto/ErrorTransition8.xml (RunModel)" time="0.058" />
  <testcase classname="ptolemy.util.test.junit.AutoTests" name="[58] /home/travis/build/icyphy/ptII/ptolemy/domains/modal/test/auto/ErrorTransition9.xml (RunModel)" time="0.04" />
  <testcase classname="ptolemy.util.test.junit.AutoTests" name="[59] /home/travis/build/icyphy/ptII/ptolemy/domains/modal/test/auto/ExtendedFSM.xml (RunModel)" time="0.02" />
  <testcase classname="ptolemy.util.test.junit.AutoTests" name="[60] /home/travis/build/icyphy/ptII/ptolemy/domains/modal/test/auto/FinalStates.xml (RunModel)" time="0.023" />
  <testcase classname="ptolemy.util.test.junit.AutoTests" name="[61] /home/travis/build/icyphy/ptII/ptolemy/domains/modal/test/auto/FixedPointFSM.xml (RunModel)" time="0.048" />
  <testcase classname="ptolemy.util.test.junit.AutoTests" name="[62] /home/travis/build/icyphy/ptII/ptolemy/domains/modal/test/auto/FixedPointIterationFSMActor.xml (RunModel)" time="0.027" />
  <testcase classname="ptolemy.util.test.junit.AutoTests" name="[63] /home/travis/build/icyphy/ptII/ptolemy/domains/modal/test/auto/FixedPointIterationFSMActor2.xml (RunModel)" time="0.037" />
  <testcase classname="ptolemy.util.test.junit.AutoTests" name="[64] /home/travis/build/icyphy/ptII/ptolemy/domains/modal/test/auto/ForbiddenInstantanousLoop.xml (RunModel)" time="0.03" />
  <testcase classname="ptolemy.util.test.junit.AutoTests" name="[65] /home/travis/build/icyphy/ptII/ptolemy/domains/modal/test/auto/FunctionDependencyOfFSMActorTest.xml (RunModel)" time="0.027" />
  <testcase classname="ptolemy.util.test.junit.AutoTests" name="[66] /home/travis/build/icyphy/ptII/ptolemy/domains/modal/test/auto/GuardExpression.xml (RunModel)" time="0.024" />
  <testcase classname="ptolemy.util.test.junit.AutoTests" name="[67] /home/travis/build/icyphy/ptII/ptolemy/domains/modal/test/auto/GuardNotEvaluated.xml (RunModel)" time="0.024" />
  <testcase classname="ptolemy.util.test.junit.AutoTests" name="[68] /home/travis/build/icyphy/ptII/ptolemy/domains/modal/test/auto/GuardNotEvaluated2.xml (RunModel)" time="0.022" />
  <testcase classname="ptolemy.util.test.junit.AutoTests" name="[69] /home/travis/build/icyphy/ptII/ptolemy/domains/modal/test/auto/GuardOnAbsent.xml (RunModel)" time="0.028" />
  <testcase classname="ptolemy.util.test.junit.AutoTests" name="[70] /home/travis/build/icyphy/ptII/ptolemy/domains/modal/test/auto/HierarchicalFSMTypeInference.xml (RunModel)" time="0.032" />
  <testcase classname="ptolemy.util.test.junit.AutoTests" name="[71] /home/travis/build/icyphy/ptII/ptolemy/domains/modal/test/auto/Hysteresis.xml (RunModel)" time="0.038" />
  <testcase classname="ptolemy.util.test.junit.AutoTests" name="[72] /home/travis/build/icyphy/ptII/ptolemy/domains/modal/test/auto/HysteresisWithDefault.xml (RunModel)" time="0.063" />
  <testcase classname="ptolemy.util.test.junit.AutoTests" name="[73] /home/travis/build/icyphy/ptII/ptolemy/domains/modal/test/auto/HysteresisWithDefault2.xml (RunModel)" time="0.068" />
  <testcase classname="ptolemy.util.test.junit.AutoTests" name="[74] /home/travis/build/icyphy/ptII/ptolemy/domains/modal/test/auto/ImmediateNonConstructiveness.xml (RunModel)" time="0.018" />
  <testcase classname="ptolemy.util.test.junit.AutoTests" name="[75] /home/travis/build/icyphy/ptII/ptolemy/domains/modal/test/auto/ImmediateNonConstructiveness2.xml (RunModel)" time="0.023" />
  <testcase classname="ptolemy.util.test.junit.AutoTests" name="[76] /home/travis/build/icyphy/ptII/ptolemy/domains/modal/test/auto/ImmediateTransitionReset.xml (RunModel)" time="0.027" />
  <testcase classname="ptolemy.util.test.junit.AutoTests" name="[77] /home/travis/build/icyphy/ptII/ptolemy/domains/modal/test/auto/ImmediateTransitions1.xml (RunModel)" time="0.014" />
  <testcase classname="ptolemy.util.test.junit.AutoTests" name="[78] /home/travis/build/icyphy/ptII/ptolemy/domains/modal/test/auto/ImmediateTransitionsInstantaneousCommunication.xml (RunModel)" time="0.028" />
  <testcase classname="ptolemy.util.test.junit.AutoTests" name="[79] /home/travis/build/icyphy/ptII/ptolemy/domains/modal/test/auto/InitialImmediateTransition.xml (RunModel)" time="0.015" />
  <testcase classname="ptolemy.util.test.junit.AutoTests" name="[80] /home/travis/build/icyphy/ptII/ptolemy/domains/modal/test/auto/InitialOutputs.xml (RunModel)" time="0.014" />
  <testcase classname="ptolemy.util.test.junit.AutoTests" name="[81] /home/travis/build/icyphy/ptII/ptolemy/domains/modal/test/auto/InitialStateTransition1.xml (RunModel)" time="0.022" />
  <testcase classname="ptolemy.util.test.junit.AutoTests" name="[82] /home/travis/build/icyphy/ptII/ptolemy/domains/modal/test/auto/InitialStateTransition2.xml (RunModel)" time="0.018" />
  <testcase classname="ptolemy.util.test.junit.AutoTests" name="[83] /home/travis/build/icyphy/ptII/ptolemy/domains/modal/test/auto/InitialStateTransition3.xml (RunModel)" time="0.024" />
  <testcase classname="ptolemy.util.test.junit.AutoTests" name="[84] /home/travis/build/icyphy/ptII/ptolemy/domains/modal/test/auto/InitialStateTransition4.xml (RunModel)" time="0.024" />
  <testcase classname="ptolemy.util.test.junit.AutoTests" name="[85] /home/travis/build/icyphy/ptII/ptolemy/domains/modal/test/auto/MalformedGuardExpressionNotCaught.xml (RunModel)" time="0.022" />
  <testcase classname="ptolemy.util.test.junit.AutoTests" name="[86] /home/travis/build/icyphy/ptII/ptolemy/domains/modal/test/auto/ModalBSC.xml (RunModel)" time="0.087" />
  <testcase classname="ptolemy.util.test.junit.AutoTests" name="[87] /home/travis/build/icyphy/ptII/ptolemy/domains/modal/test/auto/ModalClocks.xml (RunModel)" time="0.087" />
  <testcase classname="ptolemy.util.test.junit.AutoTests" name="[88] /home/travis/build/icyphy/ptII/ptolemy/domains/modal/test/auto/ModalDelay.xml (RunModel)" time="0.05" />
  <testcase classname="ptolemy.util.test.junit.AutoTests" name="[89] /home/travis/build/icyphy/ptII/ptolemy/domains/modal/test/auto/ModalDelay2.xml (RunModel)" time="0.051" />
  <testcase classname="ptolemy.util.test.junit.AutoTests" name="[90] /home/travis/build/icyphy/ptII/ptolemy/domains/modal/test/auto/ModalModelFromMemo.xml (RunModel)" time="0.07" />
  <testcase classname="ptolemy.util.test.junit.AutoTests" name="[91] /home/travis/build/icyphy/ptII/ptolemy/domains/modal/test/auto/ModalModelWithMultirateTransient.xml (RunModel)" time="0.047" />
  <testcase classname="ptolemy.util.test.junit.AutoTests" name="[92] /home/travis/build/icyphy/ptII/ptolemy/domains/modal/test/auto/ModalModelWithReset.xml (RunModel)" time="0.049" />
  <testcase classname="ptolemy.util.test.junit.AutoTests" name="[93] /home/travis/build/icyphy/ptII/ptolemy/domains/modal/test/auto/MouseClickFSM.xml (RunModel)" time="0.041" />
  <testcase classname="ptolemy.util.test.junit.AutoTests" name="[94] /home/travis/build/icyphy/ptII/ptolemy/domains/modal/test/auto/MouseClickFSMModal.xml (RunModel)" time="0.032" />
  <testcase classname="ptolemy.util.test.junit.AutoTests" name="[95] /home/travis/build/icyphy/ptII/ptolemy/domains/modal/test/auto/NonStrictFSM_FeedbackLoop.xml (RunModel)" time="0.045" />
  <testcase classname="ptolemy.util.test.junit.AutoTests" name="[96] /home/travis/build/icyphy/ptII/ptolemy/domains/modal/test/auto/NonStrictFSM_FeedbackLoop_Refinement.xml (RunModel)" time="0.065" />
  <testcase classname="ptolemy.util.test.junit.AutoTests" name="[97] /home/travis/build/icyphy/ptII/ptolemy/domains/modal/test/auto/NonStrictFSM_FeedbackLoop_preemptive.xml (RunModel)" time="0.044" />
  <testcase classname="ptolemy.util.test.junit.AutoTests" name="[98] /home/travis/build/icyphy/ptII/ptolemy/domains/modal/test/auto/NormalTermination.xml (RunModel)" time="0.055" />
  <testcase classname="ptolemy.util.test.junit.AutoTests" name="[99] /home/travis/build/icyphy/ptII/ptolemy/domains/modal/test/auto/Pong.xml (RunModel)" time="0.078" />
  <testcase classname="ptolemy.util.test.junit.AutoTests" name="[100] /home/travis/build/icyphy/ptII/ptolemy/domains/modal/test/auto/Pong_test.xml (RunModel)" time="0.093" />
  <testcase classname="ptolemy.util.test.junit.AutoTests" name="[101] /home/travis/build/icyphy/ptII/ptolemy/domains/modal/test/auto/PreemptionHierarchy.xml (RunModel)" time="0.021" />
  <testcase classname="ptolemy.util.test.junit.AutoTests" name="[102] /home/travis/build/icyphy/ptII/ptolemy/domains/modal/test/auto/PreemptionHierarchy2.xml (RunModel)" time="0.027" />
  <testcase classname="ptolemy.util.test.junit.AutoTests" name="[103] /home/travis/build/icyphy/ptII/ptolemy/domains/modal/test/auto/PreemptiveTransition.xml (RunModel)" time="0.019" />
  <testcase classname="ptolemy.util.test.junit.AutoTests" name="[104] /home/travis/build/icyphy/ptII/ptolemy/domains/modal/test/auto/Priorities.xml (RunModel)" time="0.067" />
  <testcase classname="ptolemy.util.test.junit.AutoTests" name="[105] /home/travis/build/icyphy/ptII/ptolemy/domains/modal/test/auto/ResetFinal.xml (RunModel)" time="0.041" />
  <testcase classname="ptolemy.util.test.junit.AutoTests" name="[106] /home/travis/build/icyphy/ptII/ptolemy/domains/modal/test/auto/ResetFinal2.xml (RunModel)" time="0.026" />
  <testcase classname="ptolemy.util.test.junit.AutoTests" name="[107] /home/travis/build/icyphy/ptII/ptolemy/domains/modal/test/auto/ResetTransitionWithStartTime.xml (RunModel)" time="0.034" />
  <testcase classname="ptolemy.util.test.junit.AutoTests" name="[108] /home/travis/build/icyphy/ptII/ptolemy/domains/modal/test/auto/SDF-FSMComposite.xml (RunModel)" time="0.02" />
  <testcase classname="ptolemy.util.test.junit.AutoTests" name="[109] /home/travis/build/icyphy/ptII/ptolemy/domains/modal/test/auto/SeeminglyNondeterminate.xml (RunModel)" time="0.055" />
  <testcase classname="ptolemy.util.test.junit.AutoTests" name="[110] /home/travis/build/icyphy/ptII/ptolemy/domains/modal/test/auto/SeeminglyNondeterminate2.xml (RunModel)" time="0.068" />
  <testcase classname="ptolemy.util.test.junit.AutoTests" name="[111] /home/travis/build/icyphy/ptII/ptolemy/domains/modal/test/auto/SpontaneousFSM.xml (RunModel)" time="0.049" />
  <testcase classname="ptolemy.util.test.junit.AutoTests" name="[112] /home/travis/build/icyphy/ptII/ptolemy/domains/modal/test/auto/SpontaneousFSM2.xml (RunModel)" time="0.026" />
  <testcase classname="ptolemy.util.test.junit.AutoTests" name="[113] /home/travis/build/icyphy/ptII/ptolemy/domains/modal/test/auto/SpontaneousFSM3.xml (RunModel)" time="0.032" />
  <testcase classname="ptolemy.util.test.junit.AutoTests" name="[114] /home/travis/build/icyphy/ptII/ptolemy/domains/modal/test/auto/SpontaneousFSM4.xml (RunModel)" time="0.037" />
  <testcase classname="ptolemy.util.test.junit.AutoTests" name="[115] /home/travis/build/icyphy/ptII/ptolemy/domains/modal/test/auto/StateTrackerTest.xml (RunModel)" time="0.044" />
  <testcase classname="ptolemy.util.test.junit.AutoTests" name="[116] /home/travis/build/icyphy/ptII/ptolemy/domains/modal/test/auto/StrongImmediateTransition.xml (RunModel)" time="0.021" />
  <testcase classname="ptolemy.util.test.junit.AutoTests" name="[117] /home/travis/build/icyphy/ptII/ptolemy/domains/modal/test/auto/SustainHierarchy.xml (RunModel)" time="0.034" />
  <testcase classname="ptolemy.util.test.junit.AutoTests" name="[118] /home/travis/build/icyphy/ptII/ptolemy/domains/modal/test/auto/TerminationTransition1.xml (RunModel)" time="0.021" />
  <testcase classname="ptolemy.util.test.junit.AutoTests" name="[119] /home/travis/build/icyphy/ptII/ptolemy/domains/modal/test/auto/TerminationTransition2.xml (RunModel)" time="0.023" />
  <testcase classname="ptolemy.util.test.junit.AutoTests" name="[120] /home/travis/build/icyphy/ptII/ptolemy/domains/modal/test/auto/TerminationTransition3.xml (RunModel)" time="0.024" />
  <testcase classname="ptolemy.util.test.junit.AutoTests" name="[121] /home/travis/build/icyphy/ptII/ptolemy/domains/modal/test/auto/TerminationTransition4.xml (RunModel)" time="0.032" />
  <testcase classname="ptolemy.util.test.junit.AutoTests" name="[122] /home/travis/build/icyphy/ptII/ptolemy/domains/modal/test/auto/TerminationTransition5.xml (RunModel)" time="0.033" />
  <testcase classname="ptolemy.util.test.junit.AutoTests" name="[123] /home/travis/build/icyphy/ptII/ptolemy/domains/modal/test/auto/TerminationTransition6.xml (RunModel)" time="0.026" />
  <testcase classname="ptolemy.util.test.junit.AutoTests" name="[124] /home/travis/build/icyphy/ptII/ptolemy/domains/modal/test/auto/TerminationTransition7.xml (RunModel)" time="0.024" />
  <testcase classname="ptolemy.util.test.junit.AutoTests" name="[125] /home/travis/build/icyphy/ptII/ptolemy/domains/modal/test/auto/TerminationTransition8.xml (RunModel)" time="0.029" />
  <testcase classname="ptolemy.util.test.junit.AutoTests" name="[126] /home/travis/build/icyphy/ptII/ptolemy/domains/modal/test/auto/Thermostat_NoHysteresis.xml (RunModel)" time="0.05" />
  <testcase classname="ptolemy.util.test.junit.AutoTests" name="[127] /home/travis/build/icyphy/ptII/ptolemy/domains/modal/test/auto/TimedFSM.xml (RunModel)" time="0.029" />
  <testcase classname="ptolemy.util.test.junit.AutoTests" name="[128] /home/travis/build/icyphy/ptII/ptolemy/domains/modal/test/auto/Timeout1.xml (RunModel)" time="0.012" />
  <testcase classname="ptolemy.util.test.junit.AutoTests" name="[129] /home/travis/build/icyphy/ptII/ptolemy/domains/modal/test/auto/Timeout2.xml (RunModel)" time="0.018" />
  <testcase classname="ptolemy.util.test.junit.AutoTests" name="[130] /home/travis/build/icyphy/ptII/ptolemy/domains/modal/test/auto/Timeout3.xml (RunModel)" time="0.014" />
  <testcase classname="ptolemy.util.test.junit.AutoTests" name="[131] /home/travis/build/icyphy/ptII/ptolemy/domains/modal/test/auto/Timeout4.xml (RunModel)" time="0.011" />
  <testcase classname="ptolemy.util.test.junit.AutoTests" name="[132] /home/travis/build/icyphy/ptII/ptolemy/domains/modal/test/auto/TransientstateModelAdvanced.xml (RunModel)" time="0.03" />
  <testcase classname="ptolemy.util.test.junit.AutoTests" name="[133] /home/travis/build/icyphy/ptII/ptolemy/domains/modal/test/auto/TransientstateModelAdvanced2.xml (RunModel)" time="0.028" />
  <testcase classname="ptolemy.util.test.junit.AutoTests" name="[134] /home/travis/build/icyphy/ptII/ptolemy/domains/modal/test/auto/TransitionRefinements.xml (RunModel)" time="0.023" />
  <testcase classname="ptolemy.util.test.junit.AutoTests" name="[135] /home/travis/build/icyphy/ptII/ptolemy/domains/modal/test/auto/TwoRefinements1.xml (RunModel)" time="0.025" />
  <testcase classname="ptolemy.util.test.junit.AutoTests" name="[136] /home/travis/build/icyphy/ptII/ptolemy/domains/modal/test/auto/TwoRefinements2.xml (RunModel)" time="0.022" />
  <testcase classname="ptolemy.util.test.junit.AutoTests" name="[137] /home/travis/build/icyphy/ptII/ptolemy/domains/modal/test/auto/WeakImmediateTransition.xml (RunModel)" time="0.032" />
  <testcase classname="ptolemy.util.test.junit.AutoTests" name="[138] /home/travis/build/icyphy/ptII/ptolemy/domains/modal/test/auto/booleanSelect.xml (RunModel)" time="0.067" />
  <testcase classname="ptolemy.util.test.junit.AutoTests" name="[139] /home/travis/build/icyphy/ptII/ptolemy/domains/modal/test/auto/modalChangingParams.xml (RunModel)" time="0.226" />
  <testcase classname="ptolemy.util.test.junit.AutoTests" name="[140] /home/travis/build/icyphy/ptII/ptolemy/domains/modal/test/auto/modalModel.xml (RunModel)" time="0.033" />
  <testcase classname="ptolemy.util.test.junit.AutoTests" name="[141] /home/travis/build/icyphy/ptII/ptolemy/domains/modal/test/auto/modalModel2.xml (RunModel)" time="0.033" />
  <testcase classname="ptolemy.util.test.junit.AutoTests" name="[142] /home/travis/build/icyphy/ptII/ptolemy/domains/modal/test/auto/modalModel3.xml (RunModel)" time="0.045" />
  <testcase classname="ptolemy.util.test.junit.AutoTests" name="[143] /home/travis/build/icyphy/ptII/ptolemy/domains/modal/test/auto/model1.xml (RunModel)" time="0.019" />
  <testcase classname="ptolemy.util.test.junit.AutoTests" name="[144] /home/travis/build/icyphy/ptII/ptolemy/domains/modal/test/auto/test-direct-in-out.xml (RunModel)" time="0.02" />
  <system-out><![CDATA[/home/travis/build/icyphy/ptII/ptolemy/domains/modal/test/SystemLevelType.tcl
testDefs.tcl: setting time out to 9000 seconds at Sat Sep 29 02:22:30 UTC 2018
09/29/18 02:22:31
Failed: 0  Total Tests: 1  ((Passed: 1, Newly Passed: 0)  Known Failed: 0) /home/travis/build/icyphy/ptII/ptolemy/domains/modal/test
----------------- testing (KnownFailure) /home/travis/build/icyphy/ptII/ptolemy/domains/modal/test/auto/knownFailedTests/CannotAnalysisWithPreemption.xml
53 ms. Memory: 208384K Free: 185845K (89%)
Known Failure: java.lang.reflect.InvocationTargetException
No auto/linux-amd64/*.xml tests in /home/travis/build/icyphy/ptII/ptolemy/domains/modal/test
AutoTests.java: About to close Vertx.
AutoTests.java: Vertx closed.

===========================================================================================
----------------- testing Sat Sep 29 02:22:32 UTC 2018 /home/travis/build/icyphy/ptII/ptolemy/domains/modal/test/auto/ABPTest.xml
----------------- Instantiating /home/travis/build/icyphy/ptII/ptolemy/domains/modal/test/auto/ABPTest.xml
346 ms. Memory: 332288K Free: 293780K (88%)
----------------- Invoking toplevel() on ptolemy.moml.MoMLSimpleApplication@ca8607b
----------------- Done invoking toplevel() on ptolemy.moml.MoMLSimpleApplication@ca8607b
reloadAllAccessors: .ABPTest

===========================================================================================
----------------- testing Sat Sep 29 02:22:33 UTC 2018 /home/travis/build/icyphy/ptII/ptolemy/domains/modal/test/auto/ABROFlat.xml
----------------- Instantiating /home/travis/build/icyphy/ptII/ptolemy/domains/modal/test/auto/ABROFlat.xml
24 ms. Memory: 332288K Free: 271584K (82%)
----------------- Invoking toplevel() on ptolemy.moml.MoMLSimpleApplication@11fb2a54
----------------- Done invoking toplevel() on ptolemy.moml.MoMLSimpleApplication@11fb2a54
reloadAllAccessors: .ABROFlat

===========================================================================================
----------------- testing Sat Sep 29 02:22:33 UTC 2018 /home/travis/build/icyphy/ptII/ptolemy/domains/modal/test/auto/ABROFlat2.xml
----------------- Instantiating /home/travis/build/icyphy/ptII/ptolemy/domains/modal/test/auto/ABROFlat2.xml
20 ms. Memory: 332288K Free: 253601K (76%)
----------------- Invoking toplevel() on ptolemy.moml.MoMLSimpleApplication@5d405c45
----------------- Done invoking toplevel() on ptolemy.moml.MoMLSimpleApplication@5d405c45
reloadAllAccessors: .ABROFlat2

===========================================================================================
----------------- testing Sat Sep 29 02:22:33 UTC 2018 /home/travis/build/icyphy/ptII/ptolemy/domains/modal/test/auto/ABRO_present_hmm.xml
----------------- Instantiating /home/travis/build/icyphy/ptII/ptolemy/domains/modal/test/auto/ABRO_present_hmm.xml
30 ms. Memory: 332288K Free: 222587K (67%)
----------------- Invoking toplevel() on ptolemy.moml.MoMLSimpleApplication@3f301312
----------------- Done invoking toplevel() on ptolemy.moml.MoMLSimpleApplication@3f301312
reloadAllAccessors: .ABRO_present_hmm

===========================================================================================
----------------- testing Sat Sep 29 02:22:33 UTC 2018 /home/travis/build/icyphy/ptII/ptolemy/domains/modal/test/auto/AMICoderExample.xml
----------------- Instantiating /home/travis/build/icyphy/ptII/ptolemy/domains/modal/test/auto/AMICoderExample.xml
24 ms. Memory: 332288K Free: 211142K (64%)
----------------- Invoking toplevel() on ptolemy.moml.MoMLSimpleApplication@4330dc6f
----------------- Done invoking toplevel() on ptolemy.moml.MoMLSimpleApplication@4330dc6f
reloadAllAccessors: .AMICoderExample

===========================================================================================
----------------- testing Sat Sep 29 02:22:33 UTC 2018 /home/travis/build/icyphy/ptII/ptolemy/domains/modal/test/auto/AbsentToPresent.xml
----------------- Instantiating /home/travis/build/icyphy/ptII/ptolemy/domains/modal/test/auto/AbsentToPresent.xml
6 ms. Memory: 332288K Free: 201158K (61%)
----------------- Invoking toplevel() on ptolemy.moml.MoMLSimpleApplication@1cefd015
----------------- Done invoking toplevel() on ptolemy.moml.MoMLSimpleApplication@1cefd015
reloadAllAccessors: .AbsentToPresent

===========================================================================================
----------------- testing Sat Sep 29 02:22:33 UTC 2018 /home/travis/build/icyphy/ptII/ptolemy/domains/modal/test/auto/Blending.xml
----------------- Instantiating /home/travis/build/icyphy/ptII/ptolemy/domains/modal/test/auto/Blending.xml
143 ms. Memory: 332288K Free: 145543K (44%)
----------------- Invoking toplevel() on ptolemy.moml.MoMLSimpleApplication@708e5f2d
----------------- Done invoking toplevel() on ptolemy.moml.MoMLSimpleApplication@708e5f2d
reloadAllAccessors: .Blending

===========================================================================================
----------------- testing Sat Sep 29 02:22:33 UTC 2018 /home/travis/build/icyphy/ptII/ptolemy/domains/modal/test/auto/Broadcast.xml
----------------- Instantiating /home/travis/build/icyphy/ptII/ptolemy/domains/modal/test/auto/Broadcast.xml
13 ms. Memory: 332288K Free: 132502K (40%)
----------------- Invoking toplevel() on ptolemy.moml.MoMLSimpleApplication@12dbb3f7
----------------- Done invoking toplevel() on ptolemy.moml.MoMLSimpleApplication@12dbb3f7
reloadAllAccessors: .Broadcast

===========================================================================================
----------------- testing Sat Sep 29 02:22:33 UTC 2018 /home/travis/build/icyphy/ptII/ptolemy/domains/modal/test/auto/BroadcastHierarchy.xml
----------------- Instantiating /home/travis/build/icyphy/ptII/ptolemy/domains/modal/test/auto/BroadcastHierarchy.xml
15 ms. Memory: 332288K Free: 114535K (34%)
----------------- Invoking toplevel() on ptolemy.moml.MoMLSimpleApplication@7673d8c7
----------------- Done invoking toplevel() on ptolemy.moml.MoMLSimpleApplication@7673d8c7
reloadAllAccessors: .BroadcastHierarchy

===========================================================================================
----------------- testing Sat Sep 29 02:22:33 UTC 2018 /home/travis/build/icyphy/ptII/ptolemy/domains/modal/test/auto/BroadcastHierarchy2.xml
----------------- Instantiating /home/travis/build/icyphy/ptII/ptolemy/domains/modal/test/auto/BroadcastHierarchy2.xml
25 ms. Memory: 332288K Free: 78563K (24%)
----------------- Invoking toplevel() on ptolemy.moml.MoMLSimpleApplication@6017b0ba
----------------- Done invoking toplevel() on ptolemy.moml.MoMLSimpleApplication@6017b0ba
reloadAllAccessors: .BroadcastHierarchy2

===========================================================================================
----------------- testing Sat Sep 29 02:22:34 UTC 2018 /home/travis/build/icyphy/ptII/ptolemy/domains/modal/test/auto/BroadcastHierarchy3.xml
----------------- Instantiating /home/travis/build/icyphy/ptII/ptolemy/domains/modal/test/auto/BroadcastHierarchy3.xml
23 ms. Memory: 333824K Free: 297706K (89%)
----------------- Invoking toplevel() on ptolemy.moml.MoMLSimpleApplication@5e5a0aa3
----------------- Done invoking toplevel() on ptolemy.moml.MoMLSimpleApplication@5e5a0aa3
reloadAllAccessors: .BroadcastHierarchy3

===========================================================================================
----------------- testing Sat Sep 29 02:22:34 UTC 2018 /home/travis/build/icyphy/ptII/ptolemy/domains/modal/test/auto/BroadcastHierarchy4.xml
----------------- Instantiating /home/travis/build/icyphy/ptII/ptolemy/domains/modal/test/auto/BroadcastHierarchy4.xml
25 ms. Memory: 333824K Free: 262760K (79%)
----------------- Invoking toplevel() on ptolemy.moml.MoMLSimpleApplication@1b43773d
----------------- Done invoking toplevel() on ptolemy.moml.MoMLSimpleApplication@1b43773d
reloadAllAccessors: .BroadcastHierarchy4

===========================================================================================
----------------- testing Sat Sep 29 02:22:34 UTC 2018 /home/travis/build/icyphy/ptII/ptolemy/domains/modal/test/auto/CannotAnalysisWithPreemption2.xml
----------------- Instantiating /home/travis/build/icyphy/ptII/ptolemy/domains/modal/test/auto/CannotAnalysisWithPreemption2.xml
4 ms. Memory: 333824K Free: 252991K (76%)
----------------- Invoking toplevel() on ptolemy.moml.MoMLSimpleApplication@e9d7eea
----------------- Done invoking toplevel() on ptolemy.moml.MoMLSimpleApplication@e9d7eea
reloadAllAccessors: .CannotAnalysisWithPreemption2

===========================================================================================
----------------- testing Sat Sep 29 02:22:34 UTC 2018 /home/travis/build/icyphy/ptII/ptolemy/domains/modal/test/auto/CannotAnalysisWithPreemption3.xml
----------------- Instantiating /home/travis/build/icyphy/ptII/ptolemy/domains/modal/test/auto/CannotAnalysisWithPreemption3.xml
5 ms. Memory: 333824K Free: 239917K (72%)
----------------- Invoking toplevel() on ptolemy.moml.MoMLSimpleApplication@73d63e10
----------------- Done invoking toplevel() on ptolemy.moml.MoMLSimpleApplication@73d63e10
reloadAllAccessors: .CannotAnalysisWithPreemption3

===========================================================================================
----------------- testing Sat Sep 29 02:22:34 UTC 2018 /home/travis/build/icyphy/ptII/ptolemy/domains/modal/test/auto/CannotProduce.xml
----------------- Instantiating /home/travis/build/icyphy/ptII/ptolemy/domains/modal/test/auto/CannotProduce.xml
13 ms. Memory: 333824K Free: 231102K (69%)
----------------- Invoking toplevel() on ptolemy.moml.MoMLSimpleApplication@6be8aaad
----------------- Done invoking toplevel() on ptolemy.moml.MoMLSimpleApplication@6be8aaad
reloadAllAccessors: .CannotProduce

===========================================================================================
----------------- testing Sat Sep 29 02:22:34 UTC 2018 /home/travis/build/icyphy/ptII/ptolemy/domains/modal/test/auto/CannotProduceModal.xml
----------------- Instantiating /home/travis/build/icyphy/ptII/ptolemy/domains/modal/test/auto/CannotProduceModal.xml
11 ms. Memory: 333824K Free: 222929K (67%)
----------------- Invoking toplevel() on ptolemy.moml.MoMLSimpleApplication@2ff6e548
----------------- Done invoking toplevel() on ptolemy.moml.MoMLSimpleApplication@2ff6e548
reloadAllAccessors: .CannotProduceModal

===========================================================================================
----------------- testing Sat Sep 29 02:22:34 UTC 2018 /home/travis/build/icyphy/ptII/ptolemy/domains/modal/test/auto/Case.xml
----------------- Instantiating /home/travis/build/icyphy/ptII/ptolemy/domains/modal/test/auto/Case.xml
22 ms. Memory: 333824K Free: 209832K (63%)
----------------- Invoking toplevel() on ptolemy.moml.MoMLSimpleApplication@146ecc46
----------------- Done invoking toplevel() on ptolemy.moml.MoMLSimpleApplication@146ecc46
reloadAllAccessors: .Case

===========================================================================================
----------------- testing Sat Sep 29 02:22:34 UTC 2018 /home/travis/build/icyphy/ptII/ptolemy/domains/modal/test/auto/Case1.xml
----------------- Instantiating /home/travis/build/icyphy/ptII/ptolemy/domains/modal/test/auto/Case1.xml
9 ms. Memory: 333824K Free: 199381K (60%)
----------------- Invoking toplevel() on ptolemy.moml.MoMLSimpleApplication@59a9c39b
----------------- Done invoking toplevel() on ptolemy.moml.MoMLSimpleApplication@59a9c39b
reloadAllAccessors: .Case1

===========================================================================================
----------------- testing Sat Sep 29 02:22:34 UTC 2018 /home/travis/build/icyphy/ptII/ptolemy/domains/modal/test/auto/Case2.xml
----------------- Instantiating /home/travis/build/icyphy/ptII/ptolemy/domains/modal/test/auto/Case2.xml
30 ms. Memory: 333824K Free: 187960K (56%)
----------------- Invoking toplevel() on ptolemy.moml.MoMLSimpleApplication@3b5ad24c
----------------- Done invoking toplevel() on ptolemy.moml.MoMLSimpleApplication@3b5ad24c
reloadAllAccessors: .Case2

===========================================================================================
----------------- testing Sat Sep 29 02:22:34 UTC 2018 /home/travis/build/icyphy/ptII/ptolemy/domains/modal/test/auto/CausalityInterface1.xml
----------------- Instantiating /home/travis/build/icyphy/ptII/ptolemy/domains/modal/test/auto/CausalityInterface1.xml
2 ms. Memory: 333824K Free: 181431K (54%)
----------------- Invoking toplevel() on ptolemy.moml.MoMLSimpleApplication@65da9f50
----------------- Done invoking toplevel() on ptolemy.moml.MoMLSimpleApplication@65da9f50
reloadAllAccessors: .CausalityInterface1

===========================================================================================
----------------- testing Sat Sep 29 02:22:34 UTC 2018 /home/travis/build/icyphy/ptII/ptolemy/domains/modal/test/auto/CausalityInterface10.xml
----------------- Instantiating /home/travis/build/icyphy/ptII/ptolemy/domains/modal/test/auto/CausalityInterface10.xml
6 ms. Memory: 333824K Free: 162807K (49%)
----------------- Invoking toplevel() on ptolemy.moml.MoMLSimpleApplication@1055c94d
----------------- Done invoking toplevel() on ptolemy.moml.MoMLSimpleApplication@1055c94d
reloadAllAccessors: .CausalityInterface10

===========================================================================================
----------------- testing Sat Sep 29 02:22:34 UTC 2018 /home/travis/build/icyphy/ptII/ptolemy/domains/modal/test/auto/CausalityInterface11.xml
----------------- Instantiating /home/travis/build/icyphy/ptII/ptolemy/domains/modal/test/auto/CausalityInterface11.xml
4 ms. Memory: 333824K Free: 146477K (44%)
----------------- Invoking toplevel() on ptolemy.moml.MoMLSimpleApplication@694a668a
----------------- Done invoking toplevel() on ptolemy.moml.MoMLSimpleApplication@694a668a
reloadAllAccessors: .CausalityInterface11

===========================================================================================
----------------- testing Sat Sep 29 02:22:34 UTC 2018 /home/travis/build/icyphy/ptII/ptolemy/domains/modal/test/auto/CausalityInterface12.xml
----------------- Instantiating /home/travis/build/icyphy/ptII/ptolemy/domains/modal/test/auto/CausalityInterface12.xml
11 ms. Memory: 333824K Free: 130131K (39%)
----------------- Invoking toplevel() on ptolemy.moml.MoMLSimpleApplication@281cebd
----------------- Done invoking toplevel() on ptolemy.moml.MoMLSimpleApplication@281cebd
reloadAllAccessors: .CausalityInterface12

===========================================================================================
----------------- testing Sat Sep 29 02:22:34 UTC 2018 /home/travis/build/icyphy/ptII/ptolemy/domains/modal/test/auto/CausalityInterface13.xml
----------------- Instantiating /home/travis/build/icyphy/ptII/ptolemy/domains/modal/test/auto/CausalityInterface13.xml
10 ms. Memory: 333824K Free: 111507K (33%)
----------------- Invoking toplevel() on ptolemy.moml.MoMLSimpleApplication@41b4c2bd
----------------- Done invoking toplevel() on ptolemy.moml.MoMLSimpleApplication@41b4c2bd
reloadAllAccessors: .CausalityInterface13

===========================================================================================
----------------- testing Sat Sep 29 02:22:34 UTC 2018 /home/travis/build/icyphy/ptII/ptolemy/domains/modal/test/auto/CausalityInterface14.xml
----------------- Instantiating /home/travis/build/icyphy/ptII/ptolemy/domains/modal/test/auto/CausalityInterface14.xml
7 ms. Memory: 333824K Free: 95169K (29%)
----------------- Invoking toplevel() on ptolemy.moml.MoMLSimpleApplication@75a9c63b
----------------- Done invoking toplevel() on ptolemy.moml.MoMLSimpleApplication@75a9c63b
reloadAllAccessors: .CausalityInterface14

===========================================================================================
----------------- testing Sat Sep 29 02:22:34 UTC 2018 /home/travis/build/icyphy/ptII/ptolemy/domains/modal/test/auto/CausalityInterface2.xml
----------------- Instantiating /home/travis/build/icyphy/ptII/ptolemy/domains/modal/test/auto/CausalityInterface2.xml
5 ms. Memory: 333824K Free: 87005K (26%)
----------------- Invoking toplevel() on ptolemy.moml.MoMLSimpleApplication@c81c3f
----------------- Done invoking toplevel() on ptolemy.moml.MoMLSimpleApplication@c81c3f
reloadAllAccessors: .CausalityInterface2

===========================================================================================
----------------- testing Sat Sep 29 02:22:34 UTC 2018 /home/travis/build/icyphy/ptII/ptolemy/domains/modal/test/auto/CausalityInterface3.xml
----------------- Instantiating /home/travis/build/icyphy/ptII/ptolemy/domains/modal/test/auto/CausalityInterface3.xml
7 ms. Memory: 577536K Free: 562313K (97%)
----------------- Invoking toplevel() on ptolemy.moml.MoMLSimpleApplication@561c4588
----------------- Done invoking toplevel() on ptolemy.moml.MoMLSimpleApplication@561c4588
reloadAllAccessors: .CausalityInterface3

===========================================================================================
----------------- testing Sat Sep 29 02:22:35 UTC 2018 /home/travis/build/icyphy/ptII/ptolemy/domains/modal/test/auto/CausalityInterface4.xml
----------------- Instantiating /home/travis/build/icyphy/ptII/ptolemy/domains/modal/test/auto/CausalityInterface4.xml
3 ms. Memory: 577536K Free: 549396K (95%)
----------------- Invoking toplevel() on ptolemy.moml.MoMLSimpleApplication@5488e1a9
----------------- Done invoking toplevel() on ptolemy.moml.MoMLSimpleApplication@5488e1a9
reloadAllAccessors: .CausalityInterface4

===========================================================================================
----------------- testing Sat Sep 29 02:22:35 UTC 2018 /home/travis/build/icyphy/ptII/ptolemy/domains/modal/test/auto/CausalityInterface5.xml
----------------- Instantiating /home/travis/build/icyphy/ptII/ptolemy/domains/modal/test/auto/CausalityInterface5.xml
5 ms. Memory: 577536K Free: 536368K (93%)
----------------- Invoking toplevel() on ptolemy.moml.MoMLSimpleApplication@315ec749
----------------- Done invoking toplevel() on ptolemy.moml.MoMLSimpleApplication@315ec749
reloadAllAccessors: .CausalityInterface5

===========================================================================================
----------------- testing Sat Sep 29 02:22:35 UTC 2018 /home/travis/build/icyphy/ptII/ptolemy/domains/modal/test/auto/CausalityInterface6.xml
----------------- Instantiating /home/travis/build/icyphy/ptII/ptolemy/domains/modal/test/auto/CausalityInterface6.xml
3 ms. Memory: 577536K Free: 523349K (91%)
----------------- Invoking toplevel() on ptolemy.moml.MoMLSimpleApplication@33211c7c
----------------- Done invoking toplevel() on ptolemy.moml.MoMLSimpleApplication@33211c7c
reloadAllAccessors: .CausalityInterface6

===========================================================================================
----------------- testing Sat Sep 29 02:22:35 UTC 2018 /home/travis/build/icyphy/ptII/ptolemy/domains/modal/test/auto/CausalityInterface7.xml
----------------- Instantiating /home/travis/build/icyphy/ptII/ptolemy/domains/modal/test/auto/CausalityInterface7.xml
4 ms. Memory: 577536K Free: 510081K (88%)
----------------- Invoking toplevel() on ptolemy.moml.MoMLSimpleApplication@2dc9fb5f
----------------- Done invoking toplevel() on ptolemy.moml.MoMLSimpleApplication@2dc9fb5f
reloadAllAccessors: .CausalityInterface7

===========================================================================================
----------------- testing Sat Sep 29 02:22:35 UTC 2018 /home/travis/build/icyphy/ptII/ptolemy/domains/modal/test/auto/CausalityInterface8.xml
----------------- Instantiating /home/travis/build/icyphy/ptII/ptolemy/domains/modal/test/auto/CausalityInterface8.xml
3 ms. Memory: 577536K Free: 493912K (86%)
----------------- Invoking toplevel() on ptolemy.moml.MoMLSimpleApplication@1e80ad6
----------------- Done invoking toplevel() on ptolemy.moml.MoMLSimpleApplication@1e80ad6
reloadAllAccessors: .CausalityInterface8

===========================================================================================
----------------- testing Sat Sep 29 02:22:35 UTC 2018 /home/travis/build/icyphy/ptII/ptolemy/domains/modal/test/auto/CausalityInterface9.xml
----------------- Instantiating /home/travis/build/icyphy/ptII/ptolemy/domains/modal/test/auto/CausalityInterface9.xml
7 ms. Memory: 577536K Free: 480884K (83%)
----------------- Invoking toplevel() on ptolemy.moml.MoMLSimpleApplication@3a34d5c1
----------------- Done invoking toplevel() on ptolemy.moml.MoMLSimpleApplication@3a34d5c1
reloadAllAccessors: .CausalityInterface9

===========================================================================================
----------------- testing Sat Sep 29 02:22:35 UTC 2018 /home/travis/build/icyphy/ptII/ptolemy/domains/modal/test/auto/ChainedTransitions.xml
----------------- Instantiating /home/travis/build/icyphy/ptII/ptolemy/domains/modal/test/auto/ChainedTransitions.xml
93 ms. Memory: 577536K Free: 451527K (78%)
----------------- Invoking toplevel() on ptolemy.moml.MoMLSimpleApplication@4f5ec78
----------------- Done invoking toplevel() on ptolemy.moml.MoMLSimpleApplication@4f5ec78
reloadAllAccessors: .ChainedTransitions

===========================================================================================
----------------- testing Sat Sep 29 02:22:35 UTC 2018 /home/travis/build/icyphy/ptII/ptolemy/domains/modal/test/auto/CycleOfImmediateTransitionsFSM.xml
----------------- Instantiating /home/travis/build/icyphy/ptII/ptolemy/domains/modal/test/auto/CycleOfImmediateTransitionsFSM.xml
7 ms. Memory: 577536K Free: 441761K (76%)
----------------- Invoking toplevel() on ptolemy.moml.MoMLSimpleApplication@45ed773c
----------------- Done invoking toplevel() on ptolemy.moml.MoMLSimpleApplication@45ed773c
reloadAllAccessors: .CycleOfImmediateTransitionsFSM

===========================================================================================
----------------- testing Sat Sep 29 02:22:35 UTC 2018 /home/travis/build/icyphy/ptII/ptolemy/domains/modal/test/auto/CycleOfImmediateTransitionsModal.xml
----------------- Instantiating /home/travis/build/icyphy/ptII/ptolemy/domains/modal/test/auto/CycleOfImmediateTransitionsModal.xml
3 ms. Memory: 577536K Free: 428844K (74%)
----------------- Invoking toplevel() on ptolemy.moml.MoMLSimpleApplication@3400c1c2
----------------- Done invoking toplevel() on ptolemy.moml.MoMLSimpleApplication@3400c1c2
reloadAllAccessors: .CycleOfImmediateTransitionsModal

===========================================================================================
----------------- testing Sat Sep 29 02:22:35 UTC 2018 /home/travis/build/icyphy/ptII/ptolemy/domains/modal/test/auto/CycleOfImmediateTransitionsModal2.xml
----------------- Instantiating /home/travis/build/icyphy/ptII/ptolemy/domains/modal/test/auto/CycleOfImmediateTransitionsModal2.xml
5 ms. Memory: 577536K Free: 419069K (73%)
----------------- Invoking toplevel() on ptolemy.moml.MoMLSimpleApplication@7a91c125
----------------- Done invoking toplevel() on ptolemy.moml.MoMLSimpleApplication@7a91c125
reloadAllAccessors: .CycleOfImmediateTransitionsModal2

===========================================================================================
----------------- testing Sat Sep 29 02:22:35 UTC 2018 /home/travis/build/icyphy/ptII/ptolemy/domains/modal/test/auto/CycleOfImmediateTransitionsModal3.xml
----------------- Instantiating /home/travis/build/icyphy/ptII/ptolemy/domains/modal/test/auto/CycleOfImmediateTransitionsModal3.xml
12 ms. Memory: 577536K Free: 389752K (67%)
----------------- Invoking toplevel() on ptolemy.moml.MoMLSimpleApplication@31a17535
----------------- Done invoking toplevel() on ptolemy.moml.MoMLSimpleApplication@31a17535
reloadAllAccessors: .CycleOfImmediateTransitionsModal3

===========================================================================================
----------------- testing Sat Sep 29 02:22:35 UTC 2018 /home/travis/build/icyphy/ptII/ptolemy/domains/modal/test/auto/DeepModal1.xml
----------------- Instantiating /home/travis/build/icyphy/ptII/ptolemy/domains/modal/test/auto/DeepModal1.xml
13 ms. Memory: 577536K Free: 370187K (64%)
----------------- Invoking toplevel() on ptolemy.moml.MoMLSimpleApplication@1cfb7ed9
----------------- Done invoking toplevel() on ptolemy.moml.MoMLSimpleApplication@1cfb7ed9
reloadAllAccessors: .DeepModal1

===========================================================================================
----------------- testing Sat Sep 29 02:22:35 UTC 2018 /home/travis/build/icyphy/ptII/ptolemy/domains/modal/test/auto/DeepModal2.xml
----------------- Instantiating /home/travis/build/icyphy/ptII/ptolemy/domains/modal/test/auto/DeepModal2.xml
15 ms. Memory: 577536K Free: 344226K (60%)
----------------- Invoking toplevel() on ptolemy.moml.MoMLSimpleApplication@15f69cae
----------------- Done invoking toplevel() on ptolemy.moml.MoMLSimpleApplication@15f69cae
reloadAllAccessors: .DeepModal2

===========================================================================================
----------------- testing Sat Sep 29 02:22:35 UTC 2018 /home/travis/build/icyphy/ptII/ptolemy/domains/modal/test/auto/DeepModal3.xml
----------------- Instantiating /home/travis/build/icyphy/ptII/ptolemy/domains/modal/test/auto/DeepModal3.xml
26 ms. Memory: 577536K Free: 321408K (56%)
----------------- Invoking toplevel() on ptolemy.moml.MoMLSimpleApplication@5b33da17
----------------- Done invoking toplevel() on ptolemy.moml.MoMLSimpleApplication@5b33da17
reloadAllAccessors: .DeepModal3

===========================================================================================
----------------- testing Sat Sep 29 02:22:35 UTC 2018 /home/travis/build/icyphy/ptII/ptolemy/domains/modal/test/auto/DeepModal4.xml
----------------- Instantiating /home/travis/build/icyphy/ptII/ptolemy/domains/modal/test/auto/DeepModal4.xml
28 ms. Memory: 577536K Free: 298621K (52%)
----------------- Invoking toplevel() on ptolemy.moml.MoMLSimpleApplication@2818efa2
----------------- Done invoking toplevel() on ptolemy.moml.MoMLSimpleApplication@2818efa2
reloadAllAccessors: .DeepModal4

===========================================================================================
----------------- testing Sat Sep 29 02:22:35 UTC 2018 /home/travis/build/icyphy/ptII/ptolemy/domains/modal/test/auto/Default1.xml
----------------- Instantiating /home/travis/build/icyphy/ptII/ptolemy/domains/modal/test/auto/Default1.xml
5 ms. Memory: 577536K Free: 288846K (50%)
----------------- Invoking toplevel() on ptolemy.moml.MoMLSimpleApplication@18b9b17f
----------------- Done invoking toplevel() on ptolemy.moml.MoMLSimpleApplication@18b9b17f
reloadAllAccessors: .Default1

===========================================================================================
----------------- testing Sat Sep 29 02:22:35 UTC 2018 /home/travis/build/icyphy/ptII/ptolemy/domains/modal/test/auto/Default2.xml
----------------- Instantiating /home/travis/build/icyphy/ptII/ptolemy/domains/modal/test/auto/Default2.xml
3 ms. Memory: 577536K Free: 275944K (48%)
----------------- Invoking toplevel() on ptolemy.moml.MoMLSimpleApplication@5b098adc
----------------- Done invoking toplevel() on ptolemy.moml.MoMLSimpleApplication@5b098adc
reloadAllAccessors: .Default2

===========================================================================================
----------------- testing Sat Sep 29 02:22:35 UTC 2018 /home/travis/build/icyphy/ptII/ptolemy/domains/modal/test/auto/Default3.xml
----------------- Instantiating /home/travis/build/icyphy/ptII/ptolemy/domains/modal/test/auto/Default3.xml
4 ms. Memory: 577536K Free: 266170K (46%)
----------------- Invoking toplevel() on ptolemy.moml.MoMLSimpleApplication@3f2f68de
----------------- Done invoking toplevel() on ptolemy.moml.MoMLSimpleApplication@3f2f68de
reloadAllAccessors: .Default3

===========================================================================================
----------------- testing Sat Sep 29 02:22:35 UTC 2018 /home/travis/build/icyphy/ptII/ptolemy/domains/modal/test/auto/Default4.xml
----------------- Instantiating /home/travis/build/icyphy/ptII/ptolemy/domains/modal/test/auto/Default4.xml
2 ms. Memory: 577536K Free: 256403K (44%)
----------------- Invoking toplevel() on ptolemy.moml.MoMLSimpleApplication@7ee3a385
----------------- Done invoking toplevel() on ptolemy.moml.MoMLSimpleApplication@7ee3a385
reloadAllAccessors: .Default4

===========================================================================================
----------------- testing Sat Sep 29 02:22:35 UTC 2018 /home/travis/build/icyphy/ptII/ptolemy/domains/modal/test/auto/Default5.xml
----------------- Instantiating /home/travis/build/icyphy/ptII/ptolemy/domains/modal/test/auto/Default5.xml
7 ms. Memory: 577536K Free: 243375K (42%)
----------------- Invoking toplevel() on ptolemy.moml.MoMLSimpleApplication@6941c26f
----------------- Done invoking toplevel() on ptolemy.moml.MoMLSimpleApplication@6941c26f
reloadAllAccessors: .Default5

===========================================================================================
----------------- testing Sat Sep 29 02:22:35 UTC 2018 /home/travis/build/icyphy/ptII/ptolemy/domains/modal/test/auto/EmptyGuard.xml
----------------- Instantiating /home/travis/build/icyphy/ptII/ptolemy/domains/modal/test/auto/EmptyGuard.xml
11 ms. Memory: 577536K Free: 227206K (39%)
----------------- Invoking toplevel() on ptolemy.moml.MoMLSimpleApplication@c067188
----------------- Done invoking toplevel() on ptolemy.moml.MoMLSimpleApplication@c067188
reloadAllAccessors: .EmptyGuard

===========================================================================================
----------------- testing Sat Sep 29 02:22:36 UTC 2018 /home/travis/build/icyphy/ptII/ptolemy/domains/modal/test/auto/ErrorTransition1.xml
----------------- Instantiating /home/travis/build/icyphy/ptII/ptolemy/domains/modal/test/auto/ErrorTransition1.xml
6 ms. Memory: 577536K Free: 214186K (37%)
----------------- Invoking toplevel() on ptolemy.moml.MoMLSimpleApplication@44e0bca2
----------------- Done invoking toplevel() on ptolemy.moml.MoMLSimpleApplication@44e0bca2
reloadAllAccessors: .ErrorTransition1

===========================================================================================
----------------- testing Sat Sep 29 02:22:36 UTC 2018 /home/travis/build/icyphy/ptII/ptolemy/domains/modal/test/auto/ErrorTransition10.xml
----------------- Instantiating /home/travis/build/icyphy/ptII/ptolemy/domains/modal/test/auto/ErrorTransition10.xml
9 ms. Memory: 577536K Free: 197897K (34%)
----------------- Invoking toplevel() on ptolemy.moml.MoMLSimpleApplication@328db112
----------------- Done invoking toplevel() on ptolemy.moml.MoMLSimpleApplication@328db112
reloadAllAccessors: .ErrorTransition10

===========================================================================================
----------------- testing Sat Sep 29 02:22:36 UTC 2018 /home/travis/build/icyphy/ptII/ptolemy/domains/modal/test/auto/ErrorTransition11.xml
----------------- Instantiating /home/travis/build/icyphy/ptII/ptolemy/domains/modal/test/auto/ErrorTransition11.xml
6 ms. Memory: 577536K Free: 181624K (31%)
----------------- Invoking toplevel() on ptolemy.moml.MoMLSimpleApplication@7cf0c02b
----------------- Done invoking toplevel() on ptolemy.moml.MoMLSimpleApplication@7cf0c02b
reloadAllAccessors: .ErrorTransition11

===========================================================================================
----------------- testing Sat Sep 29 02:22:36 UTC 2018 /home/travis/build/icyphy/ptII/ptolemy/domains/modal/test/auto/ErrorTransition2.xml
----------------- Instantiating /home/travis/build/icyphy/ptII/ptolemy/domains/modal/test/auto/ErrorTransition2.xml
5 ms. Memory: 577536K Free: 168597K (29%)
----------------- Invoking toplevel() on ptolemy.moml.MoMLSimpleApplication@1b1f64c6
----------------- Done invoking toplevel() on ptolemy.moml.MoMLSimpleApplication@1b1f64c6
reloadAllAccessors: .ErrorTransition2

===========================================================================================
----------------- testing Sat Sep 29 02:22:36 UTC 2018 /home/travis/build/icyphy/ptII/ptolemy/domains/modal/test/auto/ErrorTransition3.xml
----------------- Instantiating /home/travis/build/icyphy/ptII/ptolemy/domains/modal/test/auto/ErrorTransition3.xml
9 ms. Memory: 577536K Free: 152427K (26%)
----------------- Invoking toplevel() on ptolemy.moml.MoMLSimpleApplication@54bbcf9
----------------- Done invoking toplevel() on ptolemy.moml.MoMLSimpleApplication@54bbcf9
reloadAllAccessors: .ErrorTransition3

===========================================================================================
----------------- testing Sat Sep 29 02:22:36 UTC 2018 /home/travis/build/icyphy/ptII/ptolemy/domains/modal/test/auto/ErrorTransition4.xml
----------------- Instantiating /home/travis/build/icyphy/ptII/ptolemy/domains/modal/test/auto/ErrorTransition4.xml
10 ms. Memory: 577536K Free: 139399K (24%)
----------------- Invoking toplevel() on ptolemy.moml.MoMLSimpleApplication@4f86ceb7
----------------- Done invoking toplevel() on ptolemy.moml.MoMLSimpleApplication@4f86ceb7
reloadAllAccessors: .ErrorTransition4

===========================================================================================
----------------- testing Sat Sep 29 02:22:36 UTC 2018 /home/travis/build/icyphy/ptII/ptolemy/domains/modal/test/auto/ErrorTransition5.xml
----------------- Instantiating /home/travis/build/icyphy/ptII/ptolemy/domains/modal/test/auto/ErrorTransition5.xml
5 ms. Memory: 577536K Free: 126387K (22%)
----------------- Invoking toplevel() on ptolemy.moml.MoMLSimpleApplication@66025190
----------------- Done invoking toplevel() on ptolemy.moml.MoMLSimpleApplication@66025190
reloadAllAccessors: .ErrorTransition5

===========================================================================================
----------------- testing Sat Sep 29 02:22:36 UTC 2018 /home/travis/build/icyphy/ptII/ptolemy/domains/modal/test/auto/ErrorTransition6.xml
----------------- Instantiating /home/travis/build/icyphy/ptII/ptolemy/domains/modal/test/auto/ErrorTransition6.xml
8 ms. Memory: 577536K Free: 113359K (20%)
----------------- Invoking toplevel() on ptolemy.moml.MoMLSimpleApplication@24c1b8d6
----------------- Done invoking toplevel() on ptolemy.moml.MoMLSimpleApplication@24c1b8d6
reloadAllAccessors: .ErrorTransition6

===========================================================================================
----------------- testing Sat Sep 29 02:22:36 UTC 2018 /home/travis/build/icyphy/ptII/ptolemy/domains/modal/test/auto/ErrorTransition7.xml
----------------- Instantiating /home/travis/build/icyphy/ptII/ptolemy/domains/modal/test/auto/ErrorTransition7.xml
9 ms. Memory: 577536K Free: 93928K (16%)
----------------- Invoking toplevel() on ptolemy.moml.MoMLSimpleApplication@67aa89eb
----------------- Done invoking toplevel() on ptolemy.moml.MoMLSimpleApplication@67aa89eb
reloadAllAccessors: .ErrorTransition7

===========================================================================================
----------------- testing Sat Sep 29 02:22:36 UTC 2018 /home/travis/build/icyphy/ptII/ptolemy/domains/modal/test/auto/ErrorTransition8.xml
----------------- Instantiating /home/travis/build/icyphy/ptII/ptolemy/domains/modal/test/auto/ErrorTransition8.xml
32 ms. Memory: 578048K Free: 565783K (98%)
----------------- Invoking toplevel() on ptolemy.moml.MoMLSimpleApplication@79bf2042
----------------- Done invoking toplevel() on ptolemy.moml.MoMLSimpleApplication@79bf2042
reloadAllAccessors: .ErrorTransition8

===========================================================================================
----------------- testing Sat Sep 29 02:22:36 UTC 2018 /home/travis/build/icyphy/ptII/ptolemy/domains/modal/test/auto/ErrorTransition9.xml
----------------- Instantiating /home/travis/build/icyphy/ptII/ptolemy/domains/modal/test/auto/ErrorTransition9.xml
11 ms. Memory: 578048K Free: 544776K (94%)
----------------- Invoking toplevel() on ptolemy.moml.MoMLSimpleApplication@135c5c54
----------------- Done invoking toplevel() on ptolemy.moml.MoMLSimpleApplication@135c5c54
reloadAllAccessors: .ErrorTransition9

===========================================================================================
----------------- testing Sat Sep 29 02:22:36 UTC 2018 /home/travis/build/icyphy/ptII/ptolemy/domains/modal/test/auto/ExtendedFSM.xml
----------------- Instantiating /home/travis/build/icyphy/ptII/ptolemy/domains/modal/test/auto/ExtendedFSM.xml
5 ms. Memory: 578048K Free: 535001K (93%)
----------------- Invoking toplevel() on ptolemy.moml.MoMLSimpleApplication@4b1eddb6
----------------- Done invoking toplevel() on ptolemy.moml.MoMLSimpleApplication@4b1eddb6
reloadAllAccessors: .ExtendedFSM

===========================================================================================
----------------- testing Sat Sep 29 02:22:36 UTC 2018 /home/travis/build/icyphy/ptII/ptolemy/domains/modal/test/auto/FinalStates.xml
----------------- Instantiating /home/travis/build/icyphy/ptII/ptolemy/domains/modal/test/auto/FinalStates.xml
7 ms. Memory: 578048K Free: 523029K (90%)
----------------- Invoking toplevel() on ptolemy.moml.MoMLSimpleApplication@66b542b
----------------- Done invoking toplevel() on ptolemy.moml.MoMLSimpleApplication@66b542b
reloadAllAccessors: .FinalStates

===========================================================================================
----------------- testing Sat Sep 29 02:22:36 UTC 2018 /home/travis/build/icyphy/ptII/ptolemy/domains/modal/test/auto/FixedPointFSM.xml
----------------- Instantiating /home/travis/build/icyphy/ptII/ptolemy/domains/modal/test/auto/FixedPointFSM.xml
17 ms. Memory: 578048K Free: 505927K (88%)
----------------- Invoking toplevel() on ptolemy.moml.MoMLSimpleApplication@22b8f413
----------------- Done invoking toplevel() on ptolemy.moml.MoMLSimpleApplication@22b8f413
reloadAllAccessors: .FixedPointFSM

===========================================================================================
----------------- testing Sat Sep 29 02:22:36 UTC 2018 /home/travis/build/icyphy/ptII/ptolemy/domains/modal/test/auto/FixedPointIterationFSMActor.xml
----------------- Instantiating /home/travis/build/icyphy/ptII/ptolemy/domains/modal/test/auto/FixedPointIterationFSMActor.xml
6 ms. Memory: 578048K Free: 493713K (85%)
----------------- Invoking toplevel() on ptolemy.moml.MoMLSimpleApplication@3754568c
----------------- Done invoking toplevel() on ptolemy.moml.MoMLSimpleApplication@3754568c
reloadAllAccessors: .FixedPointIterationFSMActor

===========================================================================================
----------------- testing Sat Sep 29 02:22:36 UTC 2018 /home/travis/build/icyphy/ptII/ptolemy/domains/modal/test/auto/FixedPointIterationFSMActor2.xml
----------------- Instantiating /home/travis/build/icyphy/ptII/ptolemy/domains/modal/test/auto/FixedPointIterationFSMActor2.xml
15 ms. Memory: 578048K Free: 476829K (82%)
----------------- Invoking toplevel() on ptolemy.moml.MoMLSimpleApplication@11650bc7
----------------- Done invoking toplevel() on ptolemy.moml.MoMLSimpleApplication@11650bc7
reloadAllAccessors: .FixedPointIterationFSMActor2

===========================================================================================
----------------- testing Sat Sep 29 02:22:36 UTC 2018 /home/travis/build/icyphy/ptII/ptolemy/domains/modal/test/auto/ForbiddenInstantanousLoop.xml
----------------- Instantiating /home/travis/build/icyphy/ptII/ptolemy/domains/modal/test/auto/ForbiddenInstantanousLoop.xml
4 ms. Memory: 578048K Free: 462159K (80%)
----------------- Invoking toplevel() on ptolemy.moml.MoMLSimpleApplication@4b416a0
----------------- Done invoking toplevel() on ptolemy.moml.MoMLSimpleApplication@4b416a0
reloadAllAccessors: .ForbiddenInstantanousLoop

===========================================================================================
----------------- testing Sat Sep 29 02:22:36 UTC 2018 /home/travis/build/icyphy/ptII/ptolemy/domains/modal/test/auto/FunctionDependencyOfFSMActorTest.xml
----------------- Instantiating /home/travis/build/icyphy/ptII/ptolemy/domains/modal/test/auto/FunctionDependencyOfFSMActorTest.xml
11 ms. Memory: 578048K Free: 454824K (79%)
----------------- Invoking toplevel() on ptolemy.moml.MoMLSimpleApplication@71f2b9c3
----------------- Done invoking toplevel() on ptolemy.moml.MoMLSimpleApplication@71f2b9c3
reloadAllAccessors: .FunctionDependencyOfFSMActorTest

===========================================================================================
----------------- testing Sat Sep 29 02:22:36 UTC 2018 /home/travis/build/icyphy/ptII/ptolemy/domains/modal/test/auto/GuardExpression.xml
----------------- Instantiating /home/travis/build/icyphy/ptII/ptolemy/domains/modal/test/auto/GuardExpression.xml
6 ms. Memory: 578048K Free: 445308K (77%)
----------------- Invoking toplevel() on ptolemy.moml.MoMLSimpleApplication@17f3239
----------------- Done invoking toplevel() on ptolemy.moml.MoMLSimpleApplication@17f3239
reloadAllAccessors: .GuardExpression

===========================================================================================
----------------- testing Sat Sep 29 02:22:36 UTC 2018 /home/travis/build/icyphy/ptII/ptolemy/domains/modal/test/auto/GuardNotEvaluated.xml
----------------- Instantiating /home/travis/build/icyphy/ptII/ptolemy/domains/modal/test/auto/GuardNotEvaluated.xml
6 ms. Memory: 578048K Free: 433093K (75%)
----------------- Invoking toplevel() on ptolemy.moml.MoMLSimpleApplication@62711e91
----------------- Done invoking toplevel() on ptolemy.moml.MoMLSimpleApplication@62711e91
reloadAllAccessors: .GuardNotEvaluated

===========================================================================================
----------------- testing Sat Sep 29 02:22:36 UTC 2018 /home/travis/build/icyphy/ptII/ptolemy/domains/modal/test/auto/GuardNotEvaluated2.xml
----------------- Instantiating /home/travis/build/icyphy/ptII/ptolemy/domains/modal/test/auto/GuardNotEvaluated2.xml
7 ms. Memory: 578048K Free: 420878K (73%)
----------------- Invoking toplevel() on ptolemy.moml.MoMLSimpleApplication@5bdd89e7
----------------- Done invoking toplevel() on ptolemy.moml.MoMLSimpleApplication@5bdd89e7
reloadAllAccessors: .GuardNotEvaluated2

===========================================================================================
----------------- testing Sat Sep 29 02:22:36 UTC 2018 /home/travis/build/icyphy/ptII/ptolemy/domains/modal/test/auto/GuardOnAbsent.xml
----------------- Instantiating /home/travis/build/icyphy/ptII/ptolemy/domains/modal/test/auto/GuardOnAbsent.xml
12 ms. Memory: 578048K Free: 408907K (71%)
----------------- Invoking toplevel() on ptolemy.moml.MoMLSimpleApplication@35ddfff3
----------------- Done invoking toplevel() on ptolemy.moml.MoMLSimpleApplication@35ddfff3
reloadAllAccessors: .GuardOnAbsent

===========================================================================================
----------------- testing Sat Sep 29 02:22:36 UTC 2018 /home/travis/build/icyphy/ptII/ptolemy/domains/modal/test/auto/HierarchicalFSMTypeInference.xml
----------------- Instantiating /home/travis/build/icyphy/ptII/ptolemy/domains/modal/test/auto/HierarchicalFSMTypeInference.xml
5 ms. Memory: 578048K Free: 394252K (68%)
----------------- Invoking toplevel() on ptolemy.moml.MoMLSimpleApplication@3b4ea112
----------------- Done invoking toplevel() on ptolemy.moml.MoMLSimpleApplication@3b4ea112
reloadAllAccessors: .HierarchicalFSMTypeInference

===========================================================================================
----------------- testing Sat Sep 29 02:22:36 UTC 2018 /home/travis/build/icyphy/ptII/ptolemy/domains/modal/test/auto/Hysteresis.xml
----------------- Instantiating /home/travis/build/icyphy/ptII/ptolemy/domains/modal/test/auto/Hysteresis.xml
10 ms. Memory: 578048K Free: 374969K (65%)
----------------- Invoking toplevel() on ptolemy.moml.MoMLSimpleApplication@5ae2be6c
----------------- Done invoking toplevel() on ptolemy.moml.MoMLSimpleApplication@5ae2be6c
reloadAllAccessors: .Hysteresis

===========================================================================================
----------------- testing Sat Sep 29 02:22:36 UTC 2018 /home/travis/build/icyphy/ptII/ptolemy/domains/modal/test/auto/HysteresisWithDefault.xml
----------------- Instantiating /home/travis/build/icyphy/ptII/ptolemy/domains/modal/test/auto/HysteresisWithDefault.xml
32 ms. Memory: 578048K Free: 348060K (60%)
----------------- Invoking toplevel() on ptolemy.moml.MoMLSimpleApplication@623c7914
----------------- Done invoking toplevel() on ptolemy.moml.MoMLSimpleApplication@623c7914
reloadAllAccessors: .HysteresisWithDefault

===========================================================================================
----------------- testing Sat Sep 29 02:22:36 UTC 2018 /home/travis/build/icyphy/ptII/ptolemy/domains/modal/test/auto/HysteresisWithDefault2.xml
----------------- Instantiating /home/travis/build/icyphy/ptII/ptolemy/domains/modal/test/auto/HysteresisWithDefault2.xml
37 ms. Memory: 578048K Free: 316232K (55%)
----------------- Invoking toplevel() on ptolemy.moml.MoMLSimpleApplication@62098ceb
----------------- Done invoking toplevel() on ptolemy.moml.MoMLSimpleApplication@62098ceb
reloadAllAccessors: .HysteresisWithDefault2

===========================================================================================
----------------- testing Sat Sep 29 02:22:37 UTC 2018 /home/travis/build/icyphy/ptII/ptolemy/domains/modal/test/auto/ImmediateNonConstructiveness.xml
----------------- Instantiating /home/travis/build/icyphy/ptII/ptolemy/domains/modal/test/auto/ImmediateNonConstructiveness.xml
3 ms. Memory: 578048K Free: 304260K (53%)
----------------- Invoking toplevel() on ptolemy.moml.MoMLSimpleApplication@17eb6923
----------------- Done invoking toplevel() on ptolemy.moml.MoMLSimpleApplication@17eb6923
reloadAllAccessors: .ImmediateNonConstructiveness

===========================================================================================
----------------- testing Sat Sep 29 02:22:37 UTC 2018 /home/travis/build/icyphy/ptII/ptolemy/domains/modal/test/auto/ImmediateNonConstructiveness2.xml
----------------- Instantiating /home/travis/build/icyphy/ptII/ptolemy/domains/modal/test/auto/ImmediateNonConstructiveness2.xml
5 ms. Memory: 578048K Free: 294485K (51%)
----------------- Invoking toplevel() on ptolemy.moml.MoMLSimpleApplication@39e1ded8
----------------- Done invoking toplevel() on ptolemy.moml.MoMLSimpleApplication@39e1ded8
reloadAllAccessors: .ImmediateNonConstructiveness2

===========================================================================================
----------------- testing Sat Sep 29 02:22:37 UTC 2018 /home/travis/build/icyphy/ptII/ptolemy/domains/modal/test/auto/ImmediateTransitionReset.xml
----------------- Instantiating /home/travis/build/icyphy/ptII/ptolemy/domains/modal/test/auto/ImmediateTransitionReset.xml
3 ms. Memory: 578048K Free: 279799K (48%)
----------------- Invoking toplevel() on ptolemy.moml.MoMLSimpleApplication@7908919d
----------------- Done invoking toplevel() on ptolemy.moml.MoMLSimpleApplication@7908919d
reloadAllAccessors: .ImmediateTransitionReset

===========================================================================================
----------------- testing Sat Sep 29 02:22:37 UTC 2018 /home/travis/build/icyphy/ptII/ptolemy/domains/modal/test/auto/ImmediateTransitions1.xml
----------------- Instantiating /home/travis/build/icyphy/ptII/ptolemy/domains/modal/test/auto/ImmediateTransitions1.xml
1 ms. Memory: 578048K Free: 270267K (47%)
----------------- Invoking toplevel() on ptolemy.moml.MoMLSimpleApplication@6747d077
----------------- Done invoking toplevel() on ptolemy.moml.MoMLSimpleApplication@6747d077
reloadAllAccessors: .ImmediateTransitions1

===========================================================================================
----------------- testing Sat Sep 29 02:22:37 UTC 2018 /home/travis/build/icyphy/ptII/ptolemy/domains/modal/test/auto/ImmediateTransitionsInstantaneousCommunication.xml
----------------- Instantiating /home/travis/build/icyphy/ptII/ptolemy/domains/modal/test/auto/ImmediateTransitionsInstantaneousCommunication.xml
3 ms. Memory: 578048K Free: 255629K (44%)
----------------- Invoking toplevel() on ptolemy.moml.MoMLSimpleApplication@72052b96
----------------- Done invoking toplevel() on ptolemy.moml.MoMLSimpleApplication@72052b96
reloadAllAccessors: .ImmediateTransitionsInstantaneousCommunication

===========================================================================================
----------------- testing Sat Sep 29 02:22:37 UTC 2018 /home/travis/build/icyphy/ptII/ptolemy/domains/modal/test/auto/InitialImmediateTransition.xml
----------------- Instantiating /home/travis/build/icyphy/ptII/ptolemy/domains/modal/test/auto/InitialImmediateTransition.xml
3 ms. Memory: 578048K Free: 245854K (43%)
----------------- Invoking toplevel() on ptolemy.moml.MoMLSimpleApplication@513e0027
----------------- Done invoking toplevel() on ptolemy.moml.MoMLSimpleApplication@513e0027
reloadAllAccessors: .InitialImmediateTransition

===========================================================================================
----------------- testing Sat Sep 29 02:22:37 UTC 2018 /home/travis/build/icyphy/ptII/ptolemy/domains/modal/test/auto/InitialOutputs.xml
----------------- Instantiating /home/travis/build/icyphy/ptII/ptolemy/domains/modal/test/auto/InitialOutputs.xml
2 ms. Memory: 578048K Free: 233866K (40%)
----------------- Invoking toplevel() on ptolemy.moml.MoMLSimpleApplication@433346f7
----------------- Done invoking toplevel() on ptolemy.moml.MoMLSimpleApplication@433346f7
reloadAllAccessors: .InitialOutputs

===========================================================================================
----------------- testing Sat Sep 29 02:22:37 UTC 2018 /home/travis/build/icyphy/ptII/ptolemy/domains/modal/test/auto/InitialStateTransition1.xml
----------------- Instantiating /home/travis/build/icyphy/ptII/ptolemy/domains/modal/test/auto/InitialStateTransition1.xml
2 ms. Memory: 578048K Free: 224091K (39%)
----------------- Invoking toplevel() on ptolemy.moml.MoMLSimpleApplication@3133c5b
----------------- Done invoking toplevel() on ptolemy.moml.MoMLSimpleApplication@3133c5b
reloadAllAccessors: .InitialStateTransition1

===========================================================================================
----------------- testing Sat Sep 29 02:22:37 UTC 2018 /home/travis/build/icyphy/ptII/ptolemy/domains/modal/test/auto/InitialStateTransition2.xml
----------------- Instantiating /home/travis/build/icyphy/ptII/ptolemy/domains/modal/test/auto/InitialStateTransition2.xml
.InitialStateTransition2.TestExceptionAttributeNonConstructive: initialize() was not invoked, but wrapup() was.  This is unusual, but not always a problem.  For example, exporting JNLP will do this.
0 ms. Memory: 578048K Free: 209664K (36%)
----------------- Invoking toplevel() on ptolemy.moml.MoMLSimpleApplication@715ac51b
----------------- Done invoking toplevel() on ptolemy.moml.MoMLSimpleApplication@715ac51b
reloadAllAccessors: .InitialStateTransition2

===========================================================================================
----------------- testing Sat Sep 29 02:22:37 UTC 2018 /home/travis/build/icyphy/ptII/ptolemy/domains/modal/test/auto/InitialStateTransition3.xml
----------------- Instantiating /home/travis/build/icyphy/ptII/ptolemy/domains/modal/test/auto/InitialStateTransition3.xml
4 ms. Memory: 578048K Free: 197449K (34%)
----------------- Invoking toplevel() on ptolemy.moml.MoMLSimpleApplication@40f7f83c
----------------- Done invoking toplevel() on ptolemy.moml.MoMLSimpleApplication@40f7f83c
reloadAllAccessors: .InitialStateTransition3

===========================================================================================
----------------- testing Sat Sep 29 02:22:37 UTC 2018 /home/travis/build/icyphy/ptII/ptolemy/domains/modal/test/auto/InitialStateTransition4.xml
----------------- Instantiating /home/travis/build/icyphy/ptII/ptolemy/domains/modal/test/auto/InitialStateTransition4.xml
3 ms. Memory: 578048K Free: 185219K (32%)
----------------- Invoking toplevel() on ptolemy.moml.MoMLSimpleApplication@3191d3d7
----------------- Done invoking toplevel() on ptolemy.moml.MoMLSimpleApplication@3191d3d7
[...]
----------------- Done invoking toplevel() on ptolemy.moml.MoMLSimpleApplication@2024a5dc
reloadAllAccessors: .TerminationTransition3

===========================================================================================
----------------- testing Sat Sep 29 02:22:38 UTC 2018 /home/travis/build/icyphy/ptII/ptolemy/domains/modal/test/auto/TerminationTransition4.xml
----------------- Instantiating /home/travis/build/icyphy/ptII/ptolemy/domains/modal/test/auto/TerminationTransition4.xml
2 ms. Memory: 870912K Free: 135522K (16%)
----------------- Invoking toplevel() on ptolemy.moml.MoMLSimpleApplication@3f7033fc
----------------- Done invoking toplevel() on ptolemy.moml.MoMLSimpleApplication@3f7033fc
reloadAllAccessors: .TerminationTransition4

===========================================================================================
----------------- testing Sat Sep 29 02:22:39 UTC 2018 /home/travis/build/icyphy/ptII/ptolemy/domains/modal/test/auto/TerminationTransition5.xml
----------------- Instantiating /home/travis/build/icyphy/ptII/ptolemy/domains/modal/test/auto/TerminationTransition5.xml
2 ms. Memory: 870912K Free: 115970K (13%)
----------------- Invoking toplevel() on ptolemy.moml.MoMLSimpleApplication@4760b080
----------------- Done invoking toplevel() on ptolemy.moml.MoMLSimpleApplication@4760b080
reloadAllAccessors: .TerminationTransition5

===========================================================================================
----------------- testing Sat Sep 29 02:22:39 UTC 2018 /home/travis/build/icyphy/ptII/ptolemy/domains/modal/test/auto/TerminationTransition6.xml
----------------- Instantiating /home/travis/build/icyphy/ptII/ptolemy/domains/modal/test/auto/TerminationTransition6.xml
2 ms. Memory: 870912K Free: 97751K (11%)
----------------- Invoking toplevel() on ptolemy.moml.MoMLSimpleApplication@1c212bdd
----------------- Done invoking toplevel() on ptolemy.moml.MoMLSimpleApplication@1c212bdd
reloadAllAccessors: .TerminationTransition6

===========================================================================================
----------------- testing Sat Sep 29 02:22:39 UTC 2018 /home/travis/build/icyphy/ptII/ptolemy/domains/modal/test/auto/TerminationTransition7.xml
----------------- Instantiating /home/travis/build/icyphy/ptII/ptolemy/domains/modal/test/auto/TerminationTransition7.xml
3 ms. Memory: 870912K Free: 82119K (9%)
----------------- Invoking toplevel() on ptolemy.moml.MoMLSimpleApplication@74742b1
----------------- Done invoking toplevel() on ptolemy.moml.MoMLSimpleApplication@74742b1
reloadAllAccessors: .TerminationTransition7

===========================================================================================
----------------- testing Sat Sep 29 02:22:39 UTC 2018 /home/travis/build/icyphy/ptII/ptolemy/domains/modal/test/auto/TerminationTransition8.xml
----------------- Instantiating /home/travis/build/icyphy/ptII/ptolemy/domains/modal/test/auto/TerminationTransition8.xml
2 ms. Memory: 870912K Free: 846158K (97%)
----------------- Invoking toplevel() on ptolemy.moml.MoMLSimpleApplication@23d16da9
----------------- Done invoking toplevel() on ptolemy.moml.MoMLSimpleApplication@23d16da9
reloadAllAccessors: .TerminationTransition8

===========================================================================================
----------------- testing Sat Sep 29 02:22:39 UTC 2018 /home/travis/build/icyphy/ptII/ptolemy/domains/modal/test/auto/Thermostat_NoHysteresis.xml
----------------- Instantiating /home/travis/build/icyphy/ptII/ptolemy/domains/modal/test/auto/Thermostat_NoHysteresis.xml
19 ms. Memory: 870912K Free: 812909K (93%)
----------------- Invoking toplevel() on ptolemy.moml.MoMLSimpleApplication@582fb649
----------------- Done invoking toplevel() on ptolemy.moml.MoMLSimpleApplication@582fb649
reloadAllAccessors: .Thermostat_NoHysteresis

===========================================================================================
----------------- testing Sat Sep 29 02:22:39 UTC 2018 /home/travis/build/icyphy/ptII/ptolemy/domains/modal/test/auto/TimedFSM.xml
----------------- Instantiating /home/travis/build/icyphy/ptII/ptolemy/domains/modal/test/auto/TimedFSM.xml
7 ms. Memory: 870912K Free: 797293K (92%)
----------------- Invoking toplevel() on ptolemy.moml.MoMLSimpleApplication@64ee750c
----------------- Done invoking toplevel() on ptolemy.moml.MoMLSimpleApplication@64ee750c
reloadAllAccessors: .TimedFSM

===========================================================================================
----------------- testing Sat Sep 29 02:22:39 UTC 2018 /home/travis/build/icyphy/ptII/ptolemy/domains/modal/test/auto/Timeout1.xml
----------------- Instantiating /home/travis/build/icyphy/ptII/ptolemy/domains/modal/test/auto/Timeout1.xml
2 ms. Memory: 870912K Free: 785003K (90%)
----------------- Invoking toplevel() on ptolemy.moml.MoMLSimpleApplication@703e5ef8
----------------- Done invoking toplevel() on ptolemy.moml.MoMLSimpleApplication@703e5ef8
reloadAllAccessors: .Timeout1

===========================================================================================
----------------- testing Sat Sep 29 02:22:39 UTC 2018 /home/travis/build/icyphy/ptII/ptolemy/domains/modal/test/auto/Timeout2.xml
----------------- Instantiating /home/travis/build/icyphy/ptII/ptolemy/domains/modal/test/auto/Timeout2.xml
4 ms. Memory: 870912K Free: 769371K (88%)
----------------- Invoking toplevel() on ptolemy.moml.MoMLSimpleApplication@21b0c6e9
----------------- Done invoking toplevel() on ptolemy.moml.MoMLSimpleApplication@21b0c6e9
reloadAllAccessors: .Timeout2

===========================================================================================
----------------- testing Sat Sep 29 02:22:39 UTC 2018 /home/travis/build/icyphy/ptII/ptolemy/domains/modal/test/auto/Timeout3.xml
----------------- Instantiating /home/travis/build/icyphy/ptII/ptolemy/domains/modal/test/auto/Timeout3.xml
1 ms. Memory: 870912K Free: 757081K (87%)
----------------- Invoking toplevel() on ptolemy.moml.MoMLSimpleApplication@139d5194
----------------- Done invoking toplevel() on ptolemy.moml.MoMLSimpleApplication@139d5194
reloadAllAccessors: .Timeout3

===========================================================================================
----------------- testing Sat Sep 29 02:22:39 UTC 2018 /home/travis/build/icyphy/ptII/ptolemy/domains/modal/test/auto/Timeout4.xml
----------------- Instantiating /home/travis/build/icyphy/ptII/ptolemy/domains/modal/test/auto/Timeout4.xml
2 ms. Memory: 870912K Free: 746670K (86%)
----------------- Invoking toplevel() on ptolemy.moml.MoMLSimpleApplication@29e8a178
----------------- Done invoking toplevel() on ptolemy.moml.MoMLSimpleApplication@29e8a178
reloadAllAccessors: .Timeout4

===========================================================================================
----------------- testing Sat Sep 29 02:22:39 UTC 2018 /home/travis/build/icyphy/ptII/ptolemy/domains/modal/test/auto/TransientstateModelAdvanced.xml
----------------- Instantiating /home/travis/build/icyphy/ptII/ptolemy/domains/modal/test/auto/TransientstateModelAdvanced.xml
2 ms. Memory: 870912K Free: 723969K (83%)
----------------- Invoking toplevel() on ptolemy.moml.MoMLSimpleApplication@4b1bfe22
----------------- Done invoking toplevel() on ptolemy.moml.MoMLSimpleApplication@4b1bfe22
reloadAllAccessors: .TransientstateModelAdvanced

===========================================================================================
----------------- testing Sat Sep 29 02:22:39 UTC 2018 /home/travis/build/icyphy/ptII/ptolemy/domains/modal/test/auto/TransientstateModelAdvanced2.xml
----------------- Instantiating /home/travis/build/icyphy/ptII/ptolemy/domains/modal/test/auto/TransientstateModelAdvanced2.xml
3 ms. Memory: 870912K Free: 703132K (81%)
----------------- Invoking toplevel() on ptolemy.moml.MoMLSimpleApplication@629c55fe
----------------- Done invoking toplevel() on ptolemy.moml.MoMLSimpleApplication@629c55fe
reloadAllAccessors: .transientstatemodelAdvanced

===========================================================================================
----------------- testing Sat Sep 29 02:22:39 UTC 2018 /home/travis/build/icyphy/ptII/ptolemy/domains/modal/test/auto/TransitionRefinements.xml
----------------- Instantiating /home/travis/build/icyphy/ptII/ptolemy/domains/modal/test/auto/TransitionRefinements.xml
6 ms. Memory: 870912K Free: 685629K (79%)
----------------- Invoking toplevel() on ptolemy.moml.MoMLSimpleApplication@44c50f6a
----------------- Done invoking toplevel() on ptolemy.moml.MoMLSimpleApplication@44c50f6a
reloadAllAccessors: .TransitionRefinements

===========================================================================================
----------------- testing Sat Sep 29 02:22:39 UTC 2018 /home/travis/build/icyphy/ptII/ptolemy/domains/modal/test/auto/TwoRefinements1.xml
----------------- Instantiating /home/travis/build/icyphy/ptII/ptolemy/domains/modal/test/auto/TwoRefinements1.xml
3 ms. Memory: 870912K Free: 669997K (77%)
----------------- Invoking toplevel() on ptolemy.moml.MoMLSimpleApplication@30df9d1
----------------- Done invoking toplevel() on ptolemy.moml.MoMLSimpleApplication@30df9d1
reloadAllAccessors: .TwoRefinements1

===========================================================================================
----------------- testing Sat Sep 29 02:22:39 UTC 2018 /home/travis/build/icyphy/ptII/ptolemy/domains/modal/test/auto/TwoRefinements2.xml
----------------- Instantiating /home/travis/build/icyphy/ptII/ptolemy/domains/modal/test/auto/TwoRefinements2.xml
2 ms. Memory: 870912K Free: 652485K (75%)
----------------- Invoking toplevel() on ptolemy.moml.MoMLSimpleApplication@361f3d58
----------------- Done invoking toplevel() on ptolemy.moml.MoMLSimpleApplication@361f3d58
reloadAllAccessors: .TwoRefinements2

===========================================================================================
----------------- testing Sat Sep 29 02:22:39 UTC 2018 /home/travis/build/icyphy/ptII/ptolemy/domains/modal/test/auto/WeakImmediateTransition.xml
----------------- Instantiating /home/travis/build/icyphy/ptII/ptolemy/domains/modal/test/auto/WeakImmediateTransition.xml
3 ms. Memory: 870912K Free: 636853K (73%)
----------------- Invoking toplevel() on ptolemy.moml.MoMLSimpleApplication@8096f30
----------------- Done invoking toplevel() on ptolemy.moml.MoMLSimpleApplication@8096f30
reloadAllAccessors: .WeakImmediateTransition

===========================================================================================
----------------- testing Sat Sep 29 02:22:39 UTC 2018 /home/travis/build/icyphy/ptII/ptolemy/domains/modal/test/auto/booleanSelect.xml
----------------- Instantiating /home/travis/build/icyphy/ptII/ptolemy/domains/modal/test/auto/booleanSelect.xml
20 ms. Memory: 870912K Free: 608899K (70%)
----------------- Invoking toplevel() on ptolemy.moml.MoMLSimpleApplication@5a7ac00c
----------------- Done invoking toplevel() on ptolemy.moml.MoMLSimpleApplication@5a7ac00c
reloadAllAccessors: .booleanSelect

===========================================================================================
----------------- testing Sat Sep 29 02:22:39 UTC 2018 /home/travis/build/icyphy/ptII/ptolemy/domains/modal/test/auto/modalChangingParams.xml
----------------- Instantiating /home/travis/build/icyphy/ptII/ptolemy/domains/modal/test/auto/modalChangingParams.xml
0
1
0
2
4
6
8
7
0
2
4
6
8
13
0
2
4
6
8
19
0
2
4
6
8
25
0
2
4
6
8
31
0
2
4
6
8
37
0
2
4
6
8
43
0
2
4
6
8
49
0
2
4
6
8
55
0
2
4
6
8
61
0
2
4
6
8
67
0
2
4
6
8
73
0
2
4
6
8
79
0
2
4
6
8
85
0
2
4
6
8
91
0
2
4
6
8
97
0
2
4
6
8
103
0
2
4
6
8
109
0
2
4
6
8
115
0
2
4
6
8
121
0
2
4
6
8
127
0
2
4
6
8
133
0
2
4
6
8
139
0
2
4
6
8
145
0
2
4
6
8
151
0
2
4
6
8
157
0
2
4
6
8
163
0
2
4
6
8
169
0
2
4
6
8
175
0
2
4
6
8
181
0
2
4
6
8
187
0
2
4
6
8
193
0
2
4
6
8
199
0
2
4
6
8
205
0
2
4
6
8
211
0
2
4
6
8
217
0
2
4
6
8
223
0
2
4
6
8
229
0
2
4
6
8
235
0
2
4
6
8
241
0
2
4
6
8
247
0
2
4
6
8
253
0
2
4
6
8
259
0
2
4
6
8
265
0
2
4
6
8
271
0
2
4
6
8
277
0
2
4
6
8
283
0
2
4
6
8
289
0
2
4
6
8
295
0
2
4
6
8
301
0
2
4
6
8
307
0
2
4
6
8
313
0
2
4
6
8
319
0
2
4
6
8
325
0
2
4
6
8
331
0
2
4
6
8
337
0
2
4
6
8
343
0
2
4
6
8
349
0
2
4
6
8
355
0
2
4
6
8
361
0
2
4
6
8
367
0
2
4
6
8
373
0
2
4
6
8
379
0
2
4
6
8
385
0
2
4
6
8
391
0
2
4
6
8
397
0
2
4
6
8
403
0
2
4
6
8
409
0
2
4
6
8
415
0
2
4
6
8
421
0
2
4
6
8
427
0
2
4
6
8
433
0
2
4
6
8
439
0
2
4
6
8
445
0
2
4
6
8
451
0
2
4
6
8
457
0
2
4
6
8
463
0
2
4
6
8
469
0
2
4
6
8
475
0
2
4
6
8
481
0
2
4
6
8
487
0
2
4
6
8
493
0
2
4
6
8
499
0
2
4
6
8
505
0
2
4
6
8
511
0
2
4
6
8
517
0
2
4
6
8
523
0
2
4
6
8
529
0
2
4
6
8
535
0
2
4
6
8
541
0
2
4
6
8
547
0
2
4
6
8
553
0
2
4
6
8
559
0
2
4
6
8
565
0
2
4
6
8
571
0
2
4
6
8
577
0
2
4
6
8
583
0
2
4
6
8
589
0
2
4
6
8
595
0
2
4
6
8
601
0
2
4
6
8
607
0
2
4
6
8
613
0
2
4
6
8
619
0
2
4
6
8
625
0
2
4
6
8
631
0
2
4
6
8
637
0
2
4
6
8
643
0
2
4
6
8
649
0
2
4
6
8
655
0
2
4
6
8
661
0
2
4
6
8
667
0
2
4
6
8
673
0
2
4
6
8
679
0
2
4
6
8
685
0
2
4
6
8
691
0
2
4
6
8
697
0
2
4
6
8
703
0
2
4
6
8
709
0
2
4
6
8
715
0
2
4
6
8
721
0
2
4
6
8
727
0
2
4
6
8
733
0
2
4
6
8
739
0
2
4
6
8
745
0
2
4
6
8
751
0
2
4
6
8
757
0
2
4
6
8
763
0
2
4
6
8
769
0
2
4
6
8
775
0
2
4
6
8
781
0
2
4
6
8
787
0
2
4
6
8
793
0
2
4
6
8
799
0
2
4
6
8
805
0
2
4
6
8
811
0
2
4
6
8
817
0
2
4
6
8
823
0
2
4
6
8
829
0
2
4
6
8
835
0
2
4
6
8
841
0
2
4
6
8
847
0
2
4
6
8
853
0
2
4
6
8
859
0
2
4
6
8
865
0
2
4
6
8
871
0
2
4
6
8
877
0
2
4
6
8
883
0
2
4
6
8
889
0
2
4
6
8
895
0
2
4
6
8
901
0
2
4
6
8
907
0
2
4
6
8
913
0
2
4
6
8
919
0
2
4
6
8
925
0
2
4
6
8
931
0
2
4
6
8
937
0
2
4
6
8
943
0
2
4
6
8
949
0
2
4
6
8
955
0
2
4
6
8
961
0
2
4
6
8
967
0
2
4
6
8
973
0
2
4
6
8
979
0
2
4
6
8
985
0
2
4
6
8
991
0
2
4
6
8
997
0
2
198 ms. Memory: 870912K Free: 488968K (56%)
----------------- Invoking toplevel() on ptolemy.moml.MoMLSimpleApplication@75749fb8
----------------- Done invoking toplevel() on ptolemy.moml.MoMLSimpleApplication@75749fb8
reloadAllAccessors: .modalChangingParams

===========================================================================================
----------------- testing Sat Sep 29 02:22:39 UTC 2018 /home/travis/build/icyphy/ptII/ptolemy/domains/modal/test/auto/modalModel.xml
----------------- Instantiating /home/travis/build/icyphy/ptII/ptolemy/domains/modal/test/auto/modalModel.xml
10 ms. Memory: 870912K Free: 471457K (54%)
----------------- Invoking toplevel() on ptolemy.moml.MoMLSimpleApplication@65dacf66
----------------- Done invoking toplevel() on ptolemy.moml.MoMLSimpleApplication@65dacf66
reloadAllAccessors: .modalModel

===========================================================================================
----------------- testing Sat Sep 29 02:22:39 UTC 2018 /home/travis/build/icyphy/ptII/ptolemy/domains/modal/test/auto/modalModel2.xml
----------------- Instantiating /home/travis/build/icyphy/ptII/ptolemy/domains/modal/test/auto/modalModel2.xml
12 ms. Memory: 870912K Free: 455825K (52%)
----------------- Invoking toplevel() on ptolemy.moml.MoMLSimpleApplication@2e733d29
----------------- Done invoking toplevel() on ptolemy.moml.MoMLSimpleApplication@2e733d29
reloadAllAccessors: .modalModel2

===========================================================================================
----------------- testing Sat Sep 29 02:22:39 UTC 2018 /home/travis/build/icyphy/ptII/ptolemy/domains/modal/test/auto/modalModel3.xml
----------------- Instantiating /home/travis/build/icyphy/ptII/ptolemy/domains/modal/test/auto/modalModel3.xml
0	0	0
3	2	1
6	4	2
9	6	3
4	0	4
7	2	5
10	4	6
13	6	7
8	0	8
11	2	9
14	4	10
17	6	11
12	0	12
15	2	13
18	4	14
19 ms. Memory: 870912K Free: 434995K (50%)
----------------- Invoking toplevel() on ptolemy.moml.MoMLSimpleApplication@2dacc273
----------------- Done invoking toplevel() on ptolemy.moml.MoMLSimpleApplication@2dacc273
reloadAllAccessors: .modalModel3

===========================================================================================
----------------- testing Sat Sep 29 02:22:39 UTC 2018 /home/travis/build/icyphy/ptII/ptolemy/domains/modal/test/auto/model1.xml
----------------- Instantiating /home/travis/build/icyphy/ptII/ptolemy/domains/modal/test/auto/model1.xml
9 ms. Memory: 870912K Free: 422705K (49%)
----------------- Invoking toplevel() on ptolemy.moml.MoMLSimpleApplication@15bf2341
----------------- Done invoking toplevel() on ptolemy.moml.MoMLSimpleApplication@15bf2341
reloadAllAccessors: .model1

===========================================================================================
----------------- testing Sat Sep 29 02:22:39 UTC 2018 /home/travis/build/icyphy/ptII/ptolemy/domains/modal/test/auto/test-direct-in-out.xml
----------------- Instantiating /home/travis/build/icyphy/ptII/ptolemy/domains/modal/test/auto/test-direct-in-out.xml
4 ms. Memory: 870912K Free: 407089K (47%)
----------------- Invoking toplevel() on ptolemy.moml.MoMLSimpleApplication@6190a181
----------------- Done invoking toplevel() on ptolemy.moml.MoMLSimpleApplication@6190a181
reloadAllAccessors: .test-direct-in-out
AutoTests.java: About to close Vertx.
AutoTests.java: Vertx closed.
]]></system-out>
  <system-err><![CDATA[java.lang.RuntimeException: Execution failed
	at ptolemy.moml.MoMLSimpleApplication$UnloadThread.run(MoMLSimpleApplication.java:402)
Caused by: ptolemy.kernel.util.IllegalActionException: Unknown inputs remain. Possible causality loop:
L_model_1893289564i

  in .CannotAnalysisWithPreemption.model_1893289564_region_1 and .CannotAnalysisWithPreemption.model_1893289564_region_1.L_model_1893289564i
	at ptolemy.actor.sched.FixedPointDirector.postfire(FixedPointDirector.java:515)
	at ptolemy.domains.sr.kernel.SRDirector.postfire(SRDirector.java:417)
	at ptolemy.actor.CompositeActor.postfire(CompositeActor.java:1668)
	at ptolemy.actor.Manager.iterate(Manager.java:852)
	at ptolemy.actor.Manager.execute(Manager.java:369)
	at ptolemy.actor.Manager.run(Manager.java:1263)
	at ptolemy.actor.Manager$PtolemyRunThread.run(Manager.java:1915)
java.lang.reflect.InvocationTargetException
	at sun.reflect.NativeConstructorAccessorImpl.newInstance0(Native Method)
	at sun.reflect.NativeConstructorAccessorImpl.newInstance(NativeConstructorAccessorImpl.java:62)
	at sun.reflect.DelegatingConstructorAccessorImpl.newInstance(DelegatingConstructorAccessorImpl.java:45)
	at java.lang.reflect.Constructor.newInstance(Constructor.java:423)
	at ptolemy.util.test.junit.AutoKnownFailedTests.RunModel(AutoKnownFailedTests.java:107)
	at sun.reflect.NativeMethodAccessorImpl.invoke0(Native Method)
	at sun.reflect.NativeMethodAccessorImpl.invoke(NativeMethodAccessorImpl.java:62)
	at sun.reflect.DelegatingMethodAccessorImpl.invoke(DelegatingMethodAccessorImpl.java:43)
	at java.lang.reflect.Method.invoke(Method.java:498)
	at org.junit.runners.model.FrameworkMethod$1.runReflectiveCall(FrameworkMethod.java:44)
	at org.junit.internal.runners.model.ReflectiveCallable.run(ReflectiveCallable.java:15)
	at org.junit.runners.model.FrameworkMethod.invokeExplosively(FrameworkMethod.java:41)
	at junitparams.internal.InvokeParameterisedMethod.evaluate(InvokeParameterisedMethod.java:102)
	at org.junit.internal.runners.statements.FailOnTimeout$1.run(FailOnTimeout.java:28)
Caused by: ptolemy.kernel.util.IllegalActionException: Unknown inputs remain. Possible causality loop:
L_model_1893289564i

  in .CannotAnalysisWithPreemption.model_1893289564_region_1 and .CannotAnalysisWithPreemption.model_1893289564_region_1.L_model_1893289564i
	at ptolemy.actor.sched.FixedPointDirector.postfire(FixedPointDirector.java:515)
	at ptolemy.domains.sr.kernel.SRDirector.postfire(SRDirector.java:417)
	at ptolemy.actor.CompositeActor.postfire(CompositeActor.java:1668)
	at ptolemy.actor.Manager.iterate(Manager.java:852)
	at ptolemy.actor.Manager.execute(Manager.java:369)
	at ptolemy.actor.Manager.run(Manager.java:1263)
	at ptolemy.actor.Manager$PtolemyRunThread.run(Manager.java:1915)
]]></system-err>
</testsuite>
