<?xml version="1.0" encoding="UTF-8" ?>
<testsuite errors="0" failures="0" hostname="travis-job-71613cda-ab20-4b75-817b-9d76f4ae1c35" name="ptolemy.domains.test.junit.JUnitTclTest" skipped="0" tests="16" time="18.425" timestamp="2019-08-03T05:52:47">
  <properties>
[...]
</properties>
  <testcase classname="ptolemy.util.test.junit.TclTests" name="[0] /home/travis/build/icyphy/ptII/ptolemy/domains/test/domains.tcl (RunTclFile)" time="16.144" />
  <testcase classname="ptolemy.util.test.junit.AutoKnownFailedTests" name="[0] /home/travis/build/icyphy/ptII/ptolemy/domains/test/auto/knownFailedTests/PNSDFtest1.xml (RunModel)" time="0.06" />
  <testcase classname="ptolemy.util.test.junit.AutoKnownFailedTests" name="[1] /home/travis/build/icyphy/ptII/ptolemy/domains/test/auto/knownFailedTests/PNSRtest3.xml (RunModel)" time="0.456" />
  <testcase classname="ptolemy.util.test.junit.AutoKnownFailedTests" name="[2] /home/travis/build/icyphy/ptII/ptolemy/domains/test/auto/knownFailedTests/SDFSRtest2.xml (RunModel)" time="0.169" />
  <testcase classname="ptolemy.util.test.junit.AutoKnownFailedTests" name="[3] /home/travis/build/icyphy/ptII/ptolemy/domains/test/auto/knownFailedTests/SRSDFtest1.xml (RunModel)" time="0.05" />
  <testcase classname="ptolemy.util.test.junit.AutoKnownFailedTests" name="[4] /home/travis/build/icyphy/ptII/ptolemy/domains/test/auto/knownFailedTests/SRSDFtest2.xml (RunModel)" time="0.052" />
  <testcase classname="ptolemy.util.test.junit.AutoNameArchTests" name="[0] ThereAreNoAutoArchTests (RunModel)" time="0.005" />
  <testcase classname="ptolemy.util.test.junit.AutoTests" name="[0] /home/travis/build/icyphy/ptII/ptolemy/domains/test/auto/CSPSDFtest1.xml (RunModel)" time="0.153" />
  <testcase classname="ptolemy.util.test.junit.AutoTests" name="[1] /home/travis/build/icyphy/ptII/ptolemy/domains/test/auto/CSPSRtest1.xml (RunModel)" time="0.184" />
  <testcase classname="ptolemy.util.test.junit.AutoTests" name="[2] /home/travis/build/icyphy/ptII/ptolemy/domains/test/auto/CSPSRtest2.xml (RunModel)" time="0.083" />
  <testcase classname="ptolemy.util.test.junit.AutoTests" name="[3] /home/travis/build/icyphy/ptII/ptolemy/domains/test/auto/PNSRtest1.xml (RunModel)" time="0.109" />
  <testcase classname="ptolemy.util.test.junit.AutoTests" name="[4] /home/travis/build/icyphy/ptII/ptolemy/domains/test/auto/PNSRtest2.xml (RunModel)" time="0.085" />
  <testcase classname="ptolemy.util.test.junit.AutoTests" name="[5] /home/travis/build/icyphy/ptII/ptolemy/domains/test/auto/PNSRtest4.xml (RunModel)" time="0.067" />
  <testcase classname="ptolemy.util.test.junit.AutoTests" name="[6] /home/travis/build/icyphy/ptII/ptolemy/domains/test/auto/SDFSRtest1.xml (RunModel)" time="0.053" />
  <testcase classname="ptolemy.util.test.junit.AutoTests" name="[7] /home/travis/build/icyphy/ptII/ptolemy/domains/test/auto/SDFSRtest3.xml (RunModel)" time="0.047" />
  <testcase classname="ptolemy.util.test.junit.AutoTests" name="[8] /home/travis/build/icyphy/ptII/ptolemy/domains/test/auto/SRSDFtest3.xml (RunModel)" time="0.068" />
  <system-out><![CDATA[/home/travis/build/icyphy/ptII/ptolemy/domains/test/domains.tcl
testDefs.tcl: setting time out to 9000 seconds at Sat Aug 03 05:52:47 UTC 2019
domains-2.1 takes about 7 seconds...
1656 ms. Memory: 120832K Free: 93950K (78%)
14647 ms. Memory: 145408K Free: 108426K (75%)
237 ms. Memory: 145408K Free: 92354K (64%)
27 ms. Memory: 145408K Free: 86212K (59%)
13 ms. Memory: 145408K Free: 80918K (56%)
8 ms. Memory: 145408K Free: 76449K (53%)
08/03/19 05:53:03
Failed: 0  Total Tests: 6  ((Passed: 6, Newly Passed: 0)  Known Failed: 0) /home/travis/build/icyphy/ptII/ptolemy/domains/test
----------------- testing (KnownFailure) /home/travis/build/icyphy/ptII/ptolemy/domains/test/auto/knownFailedTests/PNSDFtest1.xml
Known Failure: java.lang.reflect.InvocationTargetException
----------------- testing (KnownFailure) /home/travis/build/icyphy/ptII/ptolemy/domains/test/auto/knownFailedTests/PNSRtest3.xml
423 ms. Memory: 145408K Free: 104027K (72%)
Known Failure: java.lang.reflect.InvocationTargetException
----------------- testing (KnownFailure) /home/travis/build/icyphy/ptII/ptolemy/domains/test/auto/knownFailedTests/SDFSRtest2.xml
636 ms. Memory: 145408K Free: 96257K (66%)
11 ms. Memory: 145408K Free: 94602K (65%)
Known Failure: java.lang.reflect.InvocationTargetException
----------------- testing (KnownFailure) /home/travis/build/icyphy/ptII/ptolemy/domains/test/auto/knownFailedTests/SRSDFtest1.xml
7 ms. Memory: 145408K Free: 89785K (62%)
Known Failure: java.lang.reflect.InvocationTargetException
----------------- testing (KnownFailure) /home/travis/build/icyphy/ptII/ptolemy/domains/test/auto/knownFailedTests/SRSDFtest2.xml
6 ms. Memory: 145408K Free: 85443K (59%)
Known Failure: java.lang.reflect.InvocationTargetException
No auto/linux-amd64/*.xml tests in /home/travis/build/icyphy/ptII/ptolemy/domains/test
AutoTests.java: About to close Vertx.
AutoTests.java: Vertx closed.

===========================================================================================
----------------- testing Sat Aug 03 05:53:04 UTC 2019 /home/travis/build/icyphy/ptII/ptolemy/domains/test/auto/CSPSDFtest1.xml
----------------- Instantiating /home/travis/build/icyphy/ptII/ptolemy/domains/test/auto/CSPSDFtest1.xml
14 ms. Memory: 145408K Free: 103262K (71%)
----------------- Invoking toplevel() on ptolemy.moml.MoMLSimpleApplication@43ef1e82
----------------- Done invoking toplevel() on ptolemy.moml.MoMLSimpleApplication@43ef1e82
reloadAllAccessors: .CSPSDFtest1

===========================================================================================
----------------- testing Sat Aug 03 05:53:04 UTC 2019 /home/travis/build/icyphy/ptII/ptolemy/domains/test/auto/CSPSRtest1.xml
----------------- Instantiating /home/travis/build/icyphy/ptII/ptolemy/domains/test/auto/CSPSRtest1.xml
158 ms. Memory: 145408K Free: 96411K (66%)
----------------- Invoking toplevel() on ptolemy.moml.MoMLSimpleApplication@4db8bf6e
----------------- Done invoking toplevel() on ptolemy.moml.MoMLSimpleApplication@4db8bf6e
reloadAllAccessors: .CSPSRtest1

===========================================================================================
----------------- testing Sat Aug 03 05:53:05 UTC 2019 /home/travis/build/icyphy/ptII/ptolemy/domains/test/auto/CSPSRtest2.xml
----------------- Instantiating /home/travis/build/icyphy/ptII/ptolemy/domains/test/auto/CSPSRtest2.xml
25 ms. Memory: 145408K Free: 90426K (62%)
----------------- Invoking toplevel() on ptolemy.moml.MoMLSimpleApplication@7deb8a13
----------------- Done invoking toplevel() on ptolemy.moml.MoMLSimpleApplication@7deb8a13
reloadAllAccessors: .CSPSRtest2

===========================================================================================
----------------- testing Sat Aug 03 05:53:05 UTC 2019 /home/travis/build/icyphy/ptII/ptolemy/domains/test/auto/PNSRtest1.xml
----------------- Instantiating /home/travis/build/icyphy/ptII/ptolemy/domains/test/auto/PNSRtest1.xml
42 ms. Memory: 145408K Free: 85308K (59%)
----------------- Invoking toplevel() on ptolemy.moml.MoMLSimpleApplication@60388561
----------------- Done invoking toplevel() on ptolemy.moml.MoMLSimpleApplication@60388561
reloadAllAccessors: .PNSRtest1

===========================================================================================
----------------- testing Sat Aug 03 05:53:05 UTC 2019 /home/travis/build/icyphy/ptII/ptolemy/domains/test/auto/PNSRtest2.xml
----------------- Instantiating /home/travis/build/icyphy/ptII/ptolemy/domains/test/auto/PNSRtest2.xml
25 ms. Memory: 145408K Free: 79868K (55%)
----------------- Invoking toplevel() on ptolemy.moml.MoMLSimpleApplication@57ef2c4
----------------- Done invoking toplevel() on ptolemy.moml.MoMLSimpleApplication@57ef2c4
reloadAllAccessors: .PNSRtest2

===========================================================================================
----------------- testing Sat Aug 03 05:53:05 UTC 2019 /home/travis/build/icyphy/ptII/ptolemy/domains/test/auto/PNSRtest4.xml
----------------- Instantiating /home/travis/build/icyphy/ptII/ptolemy/domains/test/auto/PNSRtest4.xml
27 ms. Memory: 145408K Free: 72542K (50%)
----------------- Invoking toplevel() on ptolemy.moml.MoMLSimpleApplication@376d4f2a
----------------- Done invoking toplevel() on ptolemy.moml.MoMLSimpleApplication@376d4f2a
reloadAllAccessors: .PNSRtest4

===========================================================================================
----------------- testing Sat Aug 03 05:53:05 UTC 2019 /home/travis/build/icyphy/ptII/ptolemy/domains/test/auto/SDFSRtest1.xml
----------------- Instantiating /home/travis/build/icyphy/ptII/ptolemy/domains/test/auto/SDFSRtest1.xml
5 ms. Memory: 145408K Free: 68588K (47%)
----------------- Invoking toplevel() on ptolemy.moml.MoMLSimpleApplication@4bbc1b89
----------------- Done invoking toplevel() on ptolemy.moml.MoMLSimpleApplication@4bbc1b89
reloadAllAccessors: .SDFSRtest1

===========================================================================================
----------------- testing Sat Aug 03 05:53:05 UTC 2019 /home/travis/build/icyphy/ptII/ptolemy/domains/test/auto/SDFSRtest3.xml
----------------- Instantiating /home/travis/build/icyphy/ptII/ptolemy/domains/test/auto/SDFSRtest3.xml
5 ms. Memory: 145408K Free: 64476K (44%)
----------------- Invoking toplevel() on ptolemy.moml.MoMLSimpleApplication@5832ced6
----------------- Done invoking toplevel() on ptolemy.moml.MoMLSimpleApplication@5832ced6
reloadAllAccessors: .SDFSRtest3

===========================================================================================
----------------- testing Sat Aug 03 05:53:05 UTC 2019 /home/travis/build/icyphy/ptII/ptolemy/domains/test/auto/SRSDFtest3.xml
----------------- Instantiating /home/travis/build/icyphy/ptII/ptolemy/domains/test/auto/SRSDFtest3.xml
6 ms. Memory: 145408K Free: 59708K (41%)
----------------- Invoking toplevel() on ptolemy.moml.MoMLSimpleApplication@7486fe02
----------------- Done invoking toplevel() on ptolemy.moml.MoMLSimpleApplication@7486fe02
reloadAllAccessors: .SRSDFtest3
AutoTests.java: About to close Vertx.
AutoTests.java: Vertx closed.
]]></system-out>
  <system-err><![CDATA[java.lang.RuntimeException: Execution failed
	at ptolemy.moml.MoMLSimpleApplication$UnloadThread.run(MoMLSimpleApplication.java:402)
Caused by: ptolemy.actor.NoRoomException: Queue is at capacity of 1. Cannot put a token.
  in .PNSDFtest1.Topologia SDF.AddSubtract.plus
	at ptolemy.domains.sdf.kernel.SDFReceiver.put(SDFReceiver.java:318)
	at ptolemy.actor.AbstractReceiver.putToAll(AbstractReceiver.java:413)
	at ptolemy.actor.IOPort.sendInside(IOPort.java:3297)
	at ptolemy.actor.TypedIOPort.sendInside(TypedIOPort.java:619)
	at ptolemy.domains.sdf.kernel.SDFDirector.transferInputs(SDFDirector.java:876)
	at ptolemy.actor.CompositeActor.fire(CompositeActor.java:447)
	at ptolemy.actor.process.ProcessThread._iterateActor(ProcessThread.java:339)
	at ptolemy.actor.process.ProcessThread.run(ProcessThread.java:213)
java.lang.reflect.InvocationTargetException
	at java.base/jdk.internal.reflect.NativeConstructorAccessorImpl.newInstance0(Native Method)
	at java.base/jdk.internal.reflect.NativeConstructorAccessorImpl.newInstance(NativeConstructorAccessorImpl.java:62)
	at java.base/jdk.internal.reflect.DelegatingConstructorAccessorImpl.newInstance(DelegatingConstructorAccessorImpl.java:45)
	at java.base/java.lang.reflect.Constructor.newInstance(Constructor.java:490)
	at ptolemy.util.test.junit.AutoKnownFailedTests.RunModel(AutoKnownFailedTests.java:105)
	at java.base/jdk.internal.reflect.NativeMethodAccessorImpl.invoke0(Native Method)
	at java.base/jdk.internal.reflect.NativeMethodAccessorImpl.invoke(NativeMethodAccessorImpl.java:62)
	at java.base/jdk.internal.reflect.DelegatingMethodAccessorImpl.invoke(DelegatingMethodAccessorImpl.java:43)
	at java.base/java.lang.reflect.Method.invoke(Method.java:566)
	at org.junit.runners.model.FrameworkMethod$1.runReflectiveCall(FrameworkMethod.java:44)
	at org.junit.internal.runners.model.ReflectiveCallable.run(ReflectiveCallable.java:15)
	at org.junit.runners.model.FrameworkMethod.invokeExplosively(FrameworkMethod.java:41)
	at junitparams.internal.InvokeParameterisedMethod.evaluate(InvokeParameterisedMethod.java:102)
	at org.junit.internal.runners.statements.FailOnTimeout$1.run(FailOnTimeout.java:28)
Caused by: ptolemy.actor.NoRoomException: Queue is at capacity of 1. Cannot put a token.
  in .PNSDFtest1.Topologia SDF.AddSubtract.plus
	at ptolemy.domains.sdf.kernel.SDFReceiver.put(SDFReceiver.java:318)
	at ptolemy.actor.AbstractReceiver.putToAll(AbstractReceiver.java:413)
	at ptolemy.actor.IOPort.sendInside(IOPort.java:3297)
	at ptolemy.actor.TypedIOPort.sendInside(TypedIOPort.java:619)
	at ptolemy.domains.sdf.kernel.SDFDirector.transferInputs(SDFDirector.java:876)
	at ptolemy.actor.CompositeActor.fire(CompositeActor.java:447)
	at ptolemy.actor.process.ProcessThread._iterateActor(ProcessThread.java:339)
	at ptolemy.actor.process.ProcessThread.run(ProcessThread.java:213)
Warning: '.PNSRtest3.NonStrictTest' The test produced only 0 tokens, yet the correctValues parameter was expecting 1 tokens.
java.lang.RuntimeException: Execution failed
	at ptolemy.moml.MoMLSimpleApplication$UnloadThread.run(MoMLSimpleApplication.java:402)
Caused by: ptolemy.kernel.util.IllegalActionException: Queue size 131072 exceeds the maximum capacity in port .PNSRtest3.AddSubtract.plus (channel 1). Perhaps you have an unbounded queue?
  in .PNSRtest3.AddSubtract.plus
	at ptolemy.domains.pn.kernel.PNDirector._incrementLowestWriteCapacityPort(PNDirector.java:499)
	at ptolemy.domains.pn.kernel.PNDirector._resolveInternalDeadlock(PNDirector.java:566)
	at ptolemy.actor.process.CompositeProcessDirector._resolveDeadlock(CompositeProcessDirector.java:725)
	at ptolemy.actor.process.ProcessDirector.fire(ProcessDirector.java:270)
	at ptolemy.actor.CompositeActor.fire(CompositeActor.java:455)
	at ptolemy.actor.Manager.iterate(Manager.java:851)
	at ptolemy.actor.Manager.execute(Manager.java:369)
	at ptolemy.actor.Manager.run(Manager.java:1263)
	at ptolemy.actor.Manager$PtolemyRunThread.run(Manager.java:1933)
java.lang.reflect.InvocationTargetException
	at java.base/jdk.internal.reflect.NativeConstructorAccessorImpl.newInstance0(Native Method)
	at java.base/jdk.internal.reflect.NativeConstructorAccessorImpl.newInstance(NativeConstructorAccessorImpl.java:62)
	at java.base/jdk.internal.reflect.DelegatingConstructorAccessorImpl.newInstance(DelegatingConstructorAccessorImpl.java:45)
	at java.base/java.lang.reflect.Constructor.newInstance(Constructor.java:490)
	at ptolemy.util.test.junit.AutoKnownFailedTests.RunModel(AutoKnownFailedTests.java:105)
	at java.base/jdk.internal.reflect.NativeMethodAccessorImpl.invoke0(Native Method)
	at java.base/jdk.internal.reflect.NativeMethodAccessorImpl.invoke(NativeMethodAccessorImpl.java:62)
	at java.base/jdk.internal.reflect.DelegatingMethodAccessorImpl.invoke(DelegatingMethodAccessorImpl.java:43)
	at java.base/java.lang.reflect.Method.invoke(Method.java:566)
	at org.junit.runners.model.FrameworkMethod$1.runReflectiveCall(FrameworkMethod.java:44)
	at org.junit.internal.runners.model.ReflectiveCallable.run(ReflectiveCallable.java:15)
	at org.junit.runners.model.FrameworkMethod.invokeExplosively(FrameworkMethod.java:41)
	at junitparams.internal.InvokeParameterisedMethod.evaluate(InvokeParameterisedMethod.java:102)
	at org.junit.internal.runners.statements.FailOnTimeout$1.run(FailOnTimeout.java:28)
Caused by: ptolemy.kernel.util.IllegalActionException: Queue size 131072 exceeds the maximum capacity in port .PNSRtest3.AddSubtract.plus (channel 1). Perhaps you have an unbounded queue?
  in .PNSRtest3.AddSubtract.plus
	at ptolemy.domains.pn.kernel.PNDirector._incrementLowestWriteCapacityPort(PNDirector.java:499)
	at ptolemy.domains.pn.kernel.PNDirector._resolveInternalDeadlock(PNDirector.java:566)
	at ptolemy.actor.process.CompositeProcessDirector._resolveDeadlock(CompositeProcessDirector.java:725)
	at ptolemy.actor.process.ProcessDirector.fire(ProcessDirector.java:270)
	at ptolemy.actor.CompositeActor.fire(CompositeActor.java:455)
	at ptolemy.actor.Manager.iterate(Manager.java:851)
	at ptolemy.actor.Manager.execute(Manager.java:369)
	at ptolemy.actor.Manager.run(Manager.java:1263)
	at ptolemy.actor.Manager$PtolemyRunThread.run(Manager.java:1933)
java.lang.RuntimeException: Execution failed
	at ptolemy.moml.MoMLSimpleApplication$UnloadThread.run(MoMLSimpleApplication.java:402)
Caused by: ptolemy.kernel.util.IllegalActionException: Actor is not ready to fire.  Perhaps SampleDelay.prefire() returned false? Try debugging the actor by selecting "Listen to Actor".  Also, for SDF check moml for tokenConsumptionRate on input.
  in .SDFSRtest2.SDF Director and .SDFSRtest2.SampleDelay
	at ptolemy.actor.sched.StaticSchedulingDirector.fire(StaticSchedulingDirector.java:227)
	at ptolemy.domains.sdf.kernel.SDFDirector.fire(SDFDirector.java:500)
	at ptolemy.actor.CompositeActor.fire(CompositeActor.java:455)
	at ptolemy.actor.Manager.iterate(Manager.java:851)
	at ptolemy.actor.Manager.execute(Manager.java:369)
	at ptolemy.actor.Manager.run(Manager.java:1263)
	at ptolemy.actor.Manager$PtolemyRunThread.run(Manager.java:1933)
java.lang.reflect.InvocationTargetException
	at java.base/jdk.internal.reflect.NativeConstructorAccessorImpl.newInstance0(Native Method)
	at java.base/jdk.internal.reflect.NativeConstructorAccessorImpl.newInstance(NativeConstructorAccessorImpl.java:62)
	at java.base/jdk.internal.reflect.DelegatingConstructorAccessorImpl.newInstance(DelegatingConstructorAccessorImpl.java:45)
	at java.base/java.lang.reflect.Constructor.newInstance(Constructor.java:490)
	at ptolemy.util.test.junit.AutoKnownFailedTests.RunModel(AutoKnownFailedTests.java:105)
	at java.base/jdk.internal.reflect.NativeMethodAccessorImpl.invoke0(Native Method)
	at java.base/jdk.internal.reflect.NativeMethodAccessorImpl.invoke(NativeMethodAccessorImpl.java:62)
	at java.base/jdk.internal.reflect.DelegatingMethodAccessorImpl.invoke(DelegatingMethodAccessorImpl.java:43)
	at java.base/java.lang.reflect.Method.invoke(Method.java:566)
	at org.junit.runners.model.FrameworkMethod$1.runReflectiveCall(FrameworkMethod.java:44)
	at org.junit.internal.runners.model.ReflectiveCallable.run(ReflectiveCallable.java:15)
	at org.junit.runners.model.FrameworkMethod.invokeExplosively(FrameworkMethod.java:41)
	at junitparams.internal.InvokeParameterisedMethod.evaluate(InvokeParameterisedMethod.java:102)
	at org.junit.internal.runners.statements.FailOnTimeout$1.run(FailOnTimeout.java:28)
Caused by: ptolemy.kernel.util.IllegalActionException: Actor is not ready to fire.  Perhaps SampleDelay.prefire() returned false? Try debugging the actor by selecting "Listen to Actor".  Also, for SDF check moml for tokenConsumptionRate on input.
  in .SDFSRtest2.SDF Director and .SDFSRtest2.SampleDelay
	at ptolemy.actor.sched.StaticSchedulingDirector.fire(StaticSchedulingDirector.java:227)
	at ptolemy.domains.sdf.kernel.SDFDirector.fire(SDFDirector.java:500)
	at ptolemy.actor.CompositeActor.fire(CompositeActor.java:455)
	at ptolemy.actor.Manager.iterate(Manager.java:851)
	at ptolemy.actor.Manager.execute(Manager.java:369)
	at ptolemy.actor.Manager.run(Manager.java:1263)
	at ptolemy.actor.Manager$PtolemyRunThread.run(Manager.java:1933)
java.lang.RuntimeException: Execution failed
	at ptolemy.moml.MoMLSimpleApplication$UnloadThread.run(MoMLSimpleApplication.java:402)
Caused by: ptolemy.kernel.util.IllegalActionException: Width of input is 0 but NonStrictTest only supports a width of 1.
  in .SRSDFtest1.NonStrictTest2
	at ptolemy.actor.lib.NonStrictTest.postfire(NonStrictTest.java:288)
	at ptolemy.actor.sched.FixedPointDirector._postfireActor(FixedPointDirector.java:1027)
	at ptolemy.actor.sched.FixedPointDirector.postfire(FixedPointDirector.java:520)
	at ptolemy.domains.sr.kernel.SRDirector.postfire(SRDirector.java:417)
	at ptolemy.actor.CompositeActor.postfire(CompositeActor.java:1668)
	at ptolemy.actor.Manager.iterate(Manager.java:852)
	at ptolemy.actor.Manager.execute(Manager.java:369)
	at ptolemy.actor.Manager.run(Manager.java:1263)
	at ptolemy.actor.Manager$PtolemyRunThread.run(Manager.java:1933)
java.lang.reflect.InvocationTargetException
	at java.base/jdk.internal.reflect.NativeConstructorAccessorImpl.newInstance0(Native Method)
	at java.base/jdk.internal.reflect.NativeConstructorAccessorImpl.newInstance(NativeConstructorAccessorImpl.java:62)
	at java.base/jdk.internal.reflect.DelegatingConstructorAccessorImpl.newInstance(DelegatingConstructorAccessorImpl.java:45)
	at java.base/java.lang.reflect.Constructor.newInstance(Constructor.java:490)
	at ptolemy.util.test.junit.AutoKnownFailedTests.RunModel(AutoKnownFailedTests.java:105)
	at java.base/jdk.internal.reflect.NativeMethodAccessorImpl.invoke0(Native Method)
	at java.base/jdk.internal.reflect.NativeMethodAccessorImpl.invoke(NativeMethodAccessorImpl.java:62)
	at java.base/jdk.internal.reflect.DelegatingMethodAccessorImpl.invoke(DelegatingMethodAccessorImpl.java:43)
	at java.base/java.lang.reflect.Method.invoke(Method.java:566)
	at org.junit.runners.model.FrameworkMethod$1.runReflectiveCall(FrameworkMethod.java:44)
	at org.junit.internal.runners.model.ReflectiveCallable.run(ReflectiveCallable.java:15)
	at org.junit.runners.model.FrameworkMethod.invokeExplosively(FrameworkMethod.java:41)
	at junitparams.internal.InvokeParameterisedMethod.evaluate(InvokeParameterisedMethod.java:102)
	at org.junit.internal.runners.statements.FailOnTimeout$1.run(FailOnTimeout.java:28)
Caused by: ptolemy.kernel.util.IllegalActionException: Width of input is 0 but NonStrictTest only supports a width of 1.
  in .SRSDFtest1.NonStrictTest2
	at ptolemy.actor.lib.NonStrictTest.postfire(NonStrictTest.java:288)
	at ptolemy.actor.sched.FixedPointDirector._postfireActor(FixedPointDirector.java:1027)
	at ptolemy.actor.sched.FixedPointDirector.postfire(FixedPointDirector.java:520)
	at ptolemy.domains.sr.kernel.SRDirector.postfire(SRDirector.java:417)
	at ptolemy.actor.CompositeActor.postfire(CompositeActor.java:1668)
	at ptolemy.actor.Manager.iterate(Manager.java:852)
	at ptolemy.actor.Manager.execute(Manager.java:369)
	at ptolemy.actor.Manager.run(Manager.java:1263)
	at ptolemy.actor.Manager$PtolemyRunThread.run(Manager.java:1933)
java.lang.RuntimeException: Execution failed
	at ptolemy.moml.MoMLSimpleApplication$UnloadThread.run(MoMLSimpleApplication.java:402)
Caused by: ptolemy.kernel.util.IllegalActionException: Exceptions occurred during wrapup:
ptolemy.kernel.util.IllegalActionException: The test produced only 0 tokens, yet the correctValues parameter was expecting 1 tokens.
  in .SRSDFtest2.NonStrictTest

  in .SRSDFtest2.1:SR Director
Because:
The test produced only 0 tokens, yet the correctValues parameter was expecting 1 tokens.
  in .SRSDFtest2.NonStrictTest
	at ptolemy.actor.Director.wrapup(Director.java:1736)
	at ptolemy.actor.CompositeActor.wrapup(CompositeActor.java:2755)
	at ptolemy.actor.Manager.wrapup(Manager.java:1530)
	at ptolemy.actor.Manager.execute(Manager.java:407)
	at ptolemy.actor.Manager.run(Manager.java:1263)
	at ptolemy.actor.Manager$PtolemyRunThread.run(Manager.java:1933)
Caused by: ptolemy.kernel.util.IllegalActionException: The test produced only 0 tokens, yet the correctValues parameter was expecting 1 tokens.
  in .SRSDFtest2.NonStrictTest
	at ptolemy.actor.lib.NonStrictTest.wrapup(NonStrictTest.java:410)
	at ptolemy.actor.Director.wrapup(Director.java:1722)
	... 5 more
java.lang.reflect.InvocationTargetException
	at java.base/jdk.internal.reflect.NativeConstructorAccessorImpl.newInstance0(Native Method)
	at java.base/jdk.internal.reflect.NativeConstructorAccessorImpl.newInstance(NativeConstructorAccessorImpl.java:62)
	at java.base/jdk.internal.reflect.DelegatingConstructorAccessorImpl.newInstance(DelegatingConstructorAccessorImpl.java:45)
	at java.base/java.lang.reflect.Constructor.newInstance(Constructor.java:490)
	at ptolemy.util.test.junit.AutoKnownFailedTests.RunModel(AutoKnownFailedTests.java:105)
	at java.base/jdk.internal.reflect.NativeMethodAccessorImpl.invoke0(Native Method)
	at java.base/jdk.internal.reflect.NativeMethodAccessorImpl.invoke(NativeMethodAccessorImpl.java:62)
	at java.base/jdk.internal.reflect.DelegatingMethodAccessorImpl.invoke(DelegatingMethodAccessorImpl.java:43)
	at java.base/java.lang.reflect.Method.invoke(Method.java:566)
	at org.junit.runners.model.FrameworkMethod$1.runReflectiveCall(FrameworkMethod.java:44)
	at org.junit.internal.runners.model.ReflectiveCallable.run(ReflectiveCallable.java:15)
	at org.junit.runners.model.FrameworkMethod.invokeExplosively(FrameworkMethod.java:41)
	at junitparams.internal.InvokeParameterisedMethod.evaluate(InvokeParameterisedMethod.java:102)
	at org.junit.internal.runners.statements.FailOnTimeout$1.run(FailOnTimeout.java:28)
Caused by: ptolemy.kernel.util.IllegalActionException: Exceptions occurred during wrapup:
ptolemy.kernel.util.IllegalActionException: The test produced only 0 tokens, yet the correctValues parameter was expecting 1 tokens.
  in .SRSDFtest2.NonStrictTest

  in .SRSDFtest2.1:SR Director
Because:
The test produced only 0 tokens, yet the correctValues parameter was expecting 1 tokens.
  in .SRSDFtest2.NonStrictTest
	at ptolemy.actor.Director.wrapup(Director.java:1736)
	at ptolemy.actor.CompositeActor.wrapup(CompositeActor.java:2755)
	at ptolemy.actor.Manager.wrapup(Manager.java:1530)
	at ptolemy.actor.Manager.execute(Manager.java:407)
	at ptolemy.actor.Manager.run(Manager.java:1263)
	at ptolemy.actor.Manager$PtolemyRunThread.run(Manager.java:1933)
Caused by: ptolemy.kernel.util.IllegalActionException: The test produced only 0 tokens, yet the correctValues parameter was expecting 1 tokens.
  in .SRSDFtest2.NonStrictTest
	at ptolemy.actor.lib.NonStrictTest.wrapup(NonStrictTest.java:410)
	at ptolemy.actor.Director.wrapup(Director.java:1722)
	... 5 more
Model ended with a deadlock (this may be normal for this model).
A parameter with name SuppressDeadlockReporting and value true will suppress this message.
Status of receivers:
Send from .CSPSRtest2.Ramp.output
   on channel 0:
-- to .CSPSRtest2.topologia SR.port get() waiting
-- to .CSPSRtest2.AddSubtract.plus put() waiting
-- to .CSPSRtest2.Test2.input get() waiting
Send from .CSPSRtest2.topologia SR.port3
   on channel 0:
-- to .CSPSRtest2.Test.input get() waiting
Send from .CSPSRtest2.topologia SR.port2
   on channel 0:
-- to .CSPSRtest2.SampleDelay.input get() waiting
Send from .CSPSRtest2.AddSubtract.output
   on channel 0:
-- to .CSPSRtest2.Test3.input get() waiting
Send from .CSPSRtest2.SampleDelay.output
   on channel 0:
-- to .CSPSRtest2.AddSubtract.minus get() waiting
Send from .CSPSRtest2.Test.output
Send from .CSPSRtest2.Test2.output
Send from .CSPSRtest2.Test3.output

]]></system-err>
</testsuite>
