<?xml version="1.0" encoding="UTF-8" ?>
<testsuite errors="0" failures="0" hostname="travis-job-cc6c7169-8c28-46e4-a41d-03f0dc90b8a2" name="ptolemy.domains.continuous.test.junit.JUnitTclTest" skipped="0" tests="156" time="67.721" timestamp="2019-12-11T06:25:55">
  <properties>
[...]
</properties>
  <testcase classname="ptolemy.util.test.junit.TclTests" name="[0] ThereAreNoTclTests (RunTclFile)" time="0.009" />
  <testcase classname="ptolemy.util.test.junit.AutoKnownFailedTests" name="[0] ThereAreNoKnowFailedTests (RunModel)" time="0.006" />
  <testcase classname="ptolemy.util.test.junit.AutoNameArchTests" name="[0] ThereAreNoAutoArchTests (RunModel)" time="0.02" />
  <testcase classname="ptolemy.util.test.junit.AutoTests" name="[0] /home/travis/build/icyphy/ptII/ptolemy/domains/continuous/test/auto/BouncingBall.xml (RunModel)" time="2.913" />
  <testcase classname="ptolemy.util.test.junit.AutoTests" name="[1] /home/travis/build/icyphy/ptII/ptolemy/domains/continuous/test/auto/BouncingBallWithoutGR.xml (RunModel)" time="0.881" />
  <testcase classname="ptolemy.util.test.junit.AutoTests" name="[2] /home/travis/build/icyphy/ptII/ptolemy/domains/continuous/test/auto/Brownian.xml (RunModel)" time="0.113" />
  <testcase classname="ptolemy.util.test.junit.AutoTests" name="[3] /home/travis/build/icyphy/ptII/ptolemy/domains/continuous/test/auto/CarTracking.xml (RunModel)" time="3.43" />
  <testcase classname="ptolemy.util.test.junit.AutoTests" name="[4] /home/travis/build/icyphy/ptII/ptolemy/domains/continuous/test/auto/CartPendulum.xml (RunModel)" time="0.569" />
  <testcase classname="ptolemy.util.test.junit.AutoTests" name="[5] /home/travis/build/icyphy/ptII/ptolemy/domains/continuous/test/auto/CausalityInterface10.xml (RunModel)" time="0.034" />
  <testcase classname="ptolemy.util.test.junit.AutoTests" name="[6] /home/travis/build/icyphy/ptII/ptolemy/domains/continuous/test/auto/CausalityInterface11.xml (RunModel)" time="0.033" />
  <testcase classname="ptolemy.util.test.junit.AutoTests" name="[7] /home/travis/build/icyphy/ptII/ptolemy/domains/continuous/test/auto/CausalityInterface12.xml (RunModel)" time="0.033" />
  <testcase classname="ptolemy.util.test.junit.AutoTests" name="[8] /home/travis/build/icyphy/ptII/ptolemy/domains/continuous/test/auto/CausalityInterface13.xml (RunModel)" time="0.03" />
  <testcase classname="ptolemy.util.test.junit.AutoTests" name="[9] /home/travis/build/icyphy/ptII/ptolemy/domains/continuous/test/auto/CausalityInterface14.xml (RunModel)" time="0.022" />
  <testcase classname="ptolemy.util.test.junit.AutoTests" name="[10] /home/travis/build/icyphy/ptII/ptolemy/domains/continuous/test/auto/CausalityInterface4.xml (RunModel)" time="0.026" />
  <testcase classname="ptolemy.util.test.junit.AutoTests" name="[11] /home/travis/build/icyphy/ptII/ptolemy/domains/continuous/test/auto/CausalityInterface5.xml (RunModel)" time="0.036" />
  <testcase classname="ptolemy.util.test.junit.AutoTests" name="[12] /home/travis/build/icyphy/ptII/ptolemy/domains/continuous/test/auto/CausalityInterface6.xml (RunModel)" time="0.023" />
  <testcase classname="ptolemy.util.test.junit.AutoTests" name="[13] /home/travis/build/icyphy/ptII/ptolemy/domains/continuous/test/auto/CausalityInterface7.xml (RunModel)" time="0.036" />
  <testcase classname="ptolemy.util.test.junit.AutoTests" name="[14] /home/travis/build/icyphy/ptII/ptolemy/domains/continuous/test/auto/CausalityInterface8.xml (RunModel)" time="0.038" />
  <testcase classname="ptolemy.util.test.junit.AutoTests" name="[15] /home/travis/build/icyphy/ptII/ptolemy/domains/continuous/test/auto/CausalityInterface9.xml (RunModel)" time="0.044" />
  <testcase classname="ptolemy.util.test.junit.AutoTests" name="[16] /home/travis/build/icyphy/ptII/ptolemy/domains/continuous/test/auto/CausalityInterfaceFeedback1.xml (RunModel)" time="0.025" />
  <testcase classname="ptolemy.util.test.junit.AutoTests" name="[17] /home/travis/build/icyphy/ptII/ptolemy/domains/continuous/test/auto/CausalityInterfaceFeedback2.xml (RunModel)" time="0.041" />
  <testcase classname="ptolemy.util.test.junit.AutoTests" name="[18] /home/travis/build/icyphy/ptII/ptolemy/domains/continuous/test/auto/CompareWithCurrentTime.xml (RunModel)" time="0.02" />
  <testcase classname="ptolemy.util.test.junit.AutoTests" name="[19] /home/travis/build/icyphy/ptII/ptolemy/domains/continuous/test/auto/ComparedClocks.xml (RunModel)" time="0.075" />
  <testcase classname="ptolemy.util.test.junit.AutoTests" name="[20] /home/travis/build/icyphy/ptII/ptolemy/domains/continuous/test/auto/ContinuousAOCClone.xml (RunModel)" time="2.722" />
  <testcase classname="ptolemy.util.test.junit.AutoTests" name="[21] /home/travis/build/icyphy/ptII/ptolemy/domains/continuous/test/auto/ContinuousClock.xml (RunModel)" time="0.083" />
  <testcase classname="ptolemy.util.test.junit.AutoTests" name="[22] /home/travis/build/icyphy/ptII/ptolemy/domains/continuous/test/auto/ContinuousInContinuous.xml (RunModel)" time="0.101" />
  <testcase classname="ptolemy.util.test.junit.AutoTests" name="[23] /home/travis/build/icyphy/ptII/ptolemy/domains/continuous/test/auto/ContinuousInContinuousInContinuous.xml (RunModel)" time="0.03" />
  <testcase classname="ptolemy.util.test.junit.AutoTests" name="[24] /home/travis/build/icyphy/ptII/ptolemy/domains/continuous/test/auto/ContinuousInDE.xml (RunModel)" time="0.114" />
  <testcase classname="ptolemy.util.test.junit.AutoTests" name="[25] /home/travis/build/icyphy/ptII/ptolemy/domains/continuous/test/auto/ContinuousInDE2.xml (RunModel)" time="0.056" />
  <testcase classname="ptolemy.util.test.junit.AutoTests" name="[26] /home/travis/build/icyphy/ptII/ptolemy/domains/continuous/test/auto/ContinuousInDE3.xml (RunModel)" time="0.05" />
  <testcase classname="ptolemy.util.test.junit.AutoTests" name="[27] /home/travis/build/icyphy/ptII/ptolemy/domains/continuous/test/auto/ContinuousInDE4.xml (RunModel)" time="0.033" />
  <testcase classname="ptolemy.util.test.junit.AutoTests" name="[28] /home/travis/build/icyphy/ptII/ptolemy/domains/continuous/test/auto/ContinuousInDEDifferentRefinements.xml (RunModel)" time="0.092" />
  <testcase classname="ptolemy.util.test.junit.AutoTests" name="[29] /home/travis/build/icyphy/ptII/ptolemy/domains/continuous/test/auto/ContinuousInDEDifferentRefinementsPreemptive.xml (RunModel)" time="0.09" />
  <testcase classname="ptolemy.util.test.junit.AutoTests" name="[30] /home/travis/build/icyphy/ptII/ptolemy/domains/continuous/test/auto/ContinuousInDEInContinuous2.xml (RunModel)" time="0.044" />
  <testcase classname="ptolemy.util.test.junit.AutoTests" name="[31] /home/travis/build/icyphy/ptII/ptolemy/domains/continuous/test/auto/ContinuousInDEInContinuous3.xml (RunModel)" time="0.059" />
  <testcase classname="ptolemy.util.test.junit.AutoTests" name="[32] /home/travis/build/icyphy/ptII/ptolemy/domains/continuous/test/auto/ContinuousInDEInput.xml (RunModel)" time="0.031" />
  <testcase classname="ptolemy.util.test.junit.AutoTests" name="[33] /home/travis/build/icyphy/ptII/ptolemy/domains/continuous/test/auto/ContinuousInDEInput2.xml (RunModel)" time="0.03" />
  <testcase classname="ptolemy.util.test.junit.AutoTests" name="[34] /home/travis/build/icyphy/ptII/ptolemy/domains/continuous/test/auto/ContinuousInDEInput3.xml (RunModel)" time="0.035" />
  <testcase classname="ptolemy.util.test.junit.AutoTests" name="[35] /home/travis/build/icyphy/ptII/ptolemy/domains/continuous/test/auto/ContinuousInDESharingRefinement.xml (RunModel)" time="0.167" />
  <testcase classname="ptolemy.util.test.junit.AutoTests" name="[36] /home/travis/build/icyphy/ptII/ptolemy/domains/continuous/test/auto/ContinuousInDEwithNoPorts.xml (RunModel)" time="0.023" />
  <testcase classname="ptolemy.util.test.junit.AutoTests" name="[37] /home/travis/build/icyphy/ptII/ptolemy/domains/continuous/test/auto/ContinuousInsideDE.xml (RunModel)" time="0.067" />
  <testcase classname="ptolemy.util.test.junit.AutoTests" name="[38] /home/travis/build/icyphy/ptII/ptolemy/domains/continuous/test/auto/ContinuousMerge1.xml (RunModel)" time="0.012" />
  <testcase classname="ptolemy.util.test.junit.AutoTests" name="[39] /home/travis/build/icyphy/ptII/ptolemy/domains/continuous/test/auto/ContinuousMerge2.xml (RunModel)" time="0.056" />
  <testcase classname="ptolemy.util.test.junit.AutoTests" name="[40] /home/travis/build/icyphy/ptII/ptolemy/domains/continuous/test/auto/ContinuousMerge3.xml (RunModel)" time="0.061" />
  <testcase classname="ptolemy.util.test.junit.AutoTests" name="[41] /home/travis/build/icyphy/ptII/ptolemy/domains/continuous/test/auto/ContinuousWithinContinuous.xml (RunModel)" time="0.045" />
  <testcase classname="ptolemy.util.test.junit.AutoTests" name="[42] /home/travis/build/icyphy/ptII/ptolemy/domains/continuous/test/auto/ContinuousWithinContinuous2.xml (RunModel)" time="0.067" />
  <testcase classname="ptolemy.util.test.junit.AutoTests" name="[43] /home/travis/build/icyphy/ptII/ptolemy/domains/continuous/test/auto/ContinuousWithinContinuous3.xml (RunModel)" time="0.035" />
  <testcase classname="ptolemy.util.test.junit.AutoTests" name="[44] /home/travis/build/icyphy/ptII/ptolemy/domains/continuous/test/auto/ContinuousWithinContinuous4.xml (RunModel)" time="0.071" />
  <testcase classname="ptolemy.util.test.junit.AutoTests" name="[45] /home/travis/build/icyphy/ptII/ptolemy/domains/continuous/test/auto/ContinuousWithinContinuous5.xml (RunModel)" time="0.028" />
  <testcase classname="ptolemy.util.test.junit.AutoTests" name="[46] /home/travis/build/icyphy/ptII/ptolemy/domains/continuous/test/auto/ContinuousWithinContinuous6.xml (RunModel)" time="0.028" />
  <testcase classname="ptolemy.util.test.junit.AutoTests" name="[47] /home/travis/build/icyphy/ptII/ptolemy/domains/continuous/test/auto/ContinuousWithinContinuous7.xml (RunModel)" time="0.064" />
  <testcase classname="ptolemy.util.test.junit.AutoTests" name="[48] /home/travis/build/icyphy/ptII/ptolemy/domains/continuous/test/auto/DCMotor.xml (RunModel)" time="12.083" />
  <testcase classname="ptolemy.util.test.junit.AutoTests" name="[49] /home/travis/build/icyphy/ptII/ptolemy/domains/continuous/test/auto/DEInContinuous.xml (RunModel)" time="0.025" />
  <testcase classname="ptolemy.util.test.junit.AutoTests" name="[50] /home/travis/build/icyphy/ptII/ptolemy/domains/continuous/test/auto/DEinContinuous2.xml (RunModel)" time="0.026" />
  <testcase classname="ptolemy.util.test.junit.AutoTests" name="[51] /home/travis/build/icyphy/ptII/ptolemy/domains/continuous/test/auto/Derivative.xml (RunModel)" time="0.173" />
  <testcase classname="ptolemy.util.test.junit.AutoTests" name="[52] /home/travis/build/icyphy/ptII/ptolemy/domains/continuous/test/auto/Derivative1.xml (RunModel)" time="0.047" />
  <testcase classname="ptolemy.util.test.junit.AutoTests" name="[53] /home/travis/build/icyphy/ptII/ptolemy/domains/continuous/test/auto/DiscreteClock.xml (RunModel)" time="0.014" />
  <testcase classname="ptolemy.util.test.junit.AutoTests" name="[54] /home/travis/build/icyphy/ptII/ptolemy/domains/continuous/test/auto/EfficiencyCurve.xml (RunModel)" time="0.063" />
  <testcase classname="ptolemy.util.test.junit.AutoTests" name="[55] /home/travis/build/icyphy/ptII/ptolemy/domains/continuous/test/auto/ExponentialResponse.xml (RunModel)" time="0.09" />
  <testcase classname="ptolemy.util.test.junit.AutoTests" name="[56] /home/travis/build/icyphy/ptII/ptolemy/domains/continuous/test/auto/ExponentialResponseRK45.xml (RunModel)" time="0.029" />
  <testcase classname="ptolemy.util.test.junit.AutoTests" name="[57] /home/travis/build/icyphy/ptII/ptolemy/domains/continuous/test/auto/Friction.xml (RunModel)" time="1.447" />
  <testcase classname="ptolemy.util.test.junit.AutoTests" name="[58] /home/travis/build/icyphy/ptII/ptolemy/domains/continuous/test/auto/FurutaPendulum.xml (RunModel)" time="2.973" />
  <testcase classname="ptolemy.util.test.junit.AutoTests" name="[59] /home/travis/build/icyphy/ptII/ptolemy/domains/continuous/test/auto/HierarchicalExecution.xml (RunModel)" time="1.795" />
  <testcase classname="ptolemy.util.test.junit.AutoTests" name="[60] /home/travis/build/icyphy/ptII/ptolemy/domains/continuous/test/auto/HybridPlant.xml (RunModel)" time="0.545" />
  <testcase classname="ptolemy.util.test.junit.AutoTests" name="[61] /home/travis/build/icyphy/ptII/ptolemy/domains/continuous/test/auto/Hysteresis.xml (RunModel)" time="0.185" />
  <testcase classname="ptolemy.util.test.junit.AutoTests" name="[62] /home/travis/build/icyphy/ptII/ptolemy/domains/continuous/test/auto/HysteresisWithRandomDelay.xml (RunModel)" time="0.213" />
  <testcase classname="ptolemy.util.test.junit.AutoTests" name="[63] /home/travis/build/icyphy/ptII/ptolemy/domains/continuous/test/auto/HysteresisWithRandomLosses.xml (RunModel)" time="2.212" />
  <testcase classname="ptolemy.util.test.junit.AutoTests" name="[64] /home/travis/build/icyphy/ptII/ptolemy/domains/continuous/test/auto/ImmediateTransitions.xml (RunModel)" time="0.042" />
  <testcase classname="ptolemy.util.test.junit.AutoTests" name="[65] /home/travis/build/icyphy/ptII/ptolemy/domains/continuous/test/auto/ImpulseFeedback.xml (RunModel)" time="0.016" />
  <testcase classname="ptolemy.util.test.junit.AutoTests" name="[66] /home/travis/build/icyphy/ptII/ptolemy/domains/continuous/test/auto/ImpulseFeedback2.xml (RunModel)" time="0.022" />
  <testcase classname="ptolemy.util.test.junit.AutoTests" name="[67] /home/travis/build/icyphy/ptII/ptolemy/domains/continuous/test/auto/IncreasingRatePoisson.xml (RunModel)" time="0.734" />
  <testcase classname="ptolemy.util.test.junit.AutoTests" name="[68] /home/travis/build/icyphy/ptII/ptolemy/domains/continuous/test/auto/InitialStateFeedback.xml (RunModel)" time="0.015" />
  <testcase classname="ptolemy.util.test.junit.AutoTests" name="[69] /home/travis/build/icyphy/ptII/ptolemy/domains/continuous/test/auto/Integration.xml (RunModel)" time="0.008" />
  <testcase classname="ptolemy.util.test.junit.AutoTests" name="[70] /home/travis/build/icyphy/ptII/ptolemy/domains/continuous/test/auto/Integration2.xml (RunModel)" time="0.076" />
  <testcase classname="ptolemy.util.test.junit.AutoTests" name="[71] /home/travis/build/icyphy/ptII/ptolemy/domains/continuous/test/auto/Integration3.xml (RunModel)" time="0.013" />
  <testcase classname="ptolemy.util.test.junit.AutoTests" name="[72] /home/travis/build/icyphy/ptII/ptolemy/domains/continuous/test/auto/Integration5.xml (RunModel)" time="0.021" />
  <testcase classname="ptolemy.util.test.junit.AutoTests" name="[73] /home/travis/build/icyphy/ptII/ptolemy/domains/continuous/test/auto/IntegratorImpulse.xml (RunModel)" time="0.011" />
  <testcase classname="ptolemy.util.test.junit.AutoTests" name="[74] /home/travis/build/icyphy/ptII/ptolemy/domains/continuous/test/auto/IntegratorImpulse2.xml (RunModel)" time="0.011" />
  <testcase classname="ptolemy.util.test.junit.AutoTests" name="[75] /home/travis/build/icyphy/ptII/ptolemy/domains/continuous/test/auto/LevelCrossing1.xml (RunModel)" time="0.012" />
  <testcase classname="ptolemy.util.test.junit.AutoTests" name="[76] /home/travis/build/icyphy/ptII/ptolemy/domains/continuous/test/auto/LevelCrossing2.xml (RunModel)" time="0.014" />
  <testcase classname="ptolemy.util.test.junit.AutoTests" name="[77] /home/travis/build/icyphy/ptII/ptolemy/domains/continuous/test/auto/LevelCrossing3.xml (RunModel)" time="0.015" />
  <testcase classname="ptolemy.util.test.junit.AutoTests" name="[78] /home/travis/build/icyphy/ptII/ptolemy/domains/continuous/test/auto/LevelCrossing4.xml (RunModel)" time="0.014" />
  <testcase classname="ptolemy.util.test.junit.AutoTests" name="[79] /home/travis/build/icyphy/ptII/ptolemy/domains/continuous/test/auto/LevelCrossing5.xml (RunModel)" time="0.011" />
  <testcase classname="ptolemy.util.test.junit.AutoTests" name="[80] /home/travis/build/icyphy/ptII/ptolemy/domains/continuous/test/auto/LevelCrossing6.xml (RunModel)" time="0.011" />
  <testcase classname="ptolemy.util.test.junit.AutoTests" name="[81] /home/travis/build/icyphy/ptII/ptolemy/domains/continuous/test/auto/LevelCrossingDetector.xml (RunModel)" time="0.033" />
  <testcase classname="ptolemy.util.test.junit.AutoTests" name="[82] /home/travis/build/icyphy/ptII/ptolemy/domains/continuous/test/auto/LevelCrossingDetectorDetectingDirections.xml (RunModel)" time="0.079" />
  <testcase classname="ptolemy.util.test.junit.AutoTests" name="[83] /home/travis/build/icyphy/ptII/ptolemy/domains/continuous/test/auto/LevelCrossingDetectorDetectsGlitches.xml (RunModel)" time="0.059" />
  <testcase classname="ptolemy.util.test.junit.AutoTests" name="[84] /home/travis/build/icyphy/ptII/ptolemy/domains/continuous/test/auto/LevelCrossingNoInitialOuput.xml (RunModel)" time="0.02" />
  <testcase classname="ptolemy.util.test.junit.AutoTests" name="[85] /home/travis/build/icyphy/ptII/ptolemy/domains/continuous/test/auto/LinearStateSpaceExample.xml (RunModel)" time="0.053" />
  <testcase classname="ptolemy.util.test.junit.AutoTests" name="[86] /home/travis/build/icyphy/ptII/ptolemy/domains/continuous/test/auto/Lorenz.xml (RunModel)" time="3.239" />
  <testcase classname="ptolemy.util.test.junit.AutoTests" name="[87] /home/travis/build/icyphy/ptII/ptolemy/domains/continuous/test/auto/LorenzDifferentialSystem.xml (RunModel)" time="0.943" />
  <testcase classname="ptolemy.util.test.junit.AutoTests" name="[88] /home/travis/build/icyphy/ptII/ptolemy/domains/continuous/test/auto/LorenzDifferentialSystemWithInput.xml (RunModel)" time="1.2" />
  <testcase classname="ptolemy.util.test.junit.AutoTests" name="[89] /home/travis/build/icyphy/ptII/ptolemy/domains/continuous/test/auto/LorenzDifferentialSystemWithTime.xml (RunModel)" time="0.674" />
  <testcase classname="ptolemy.util.test.junit.AutoTests" name="[90] /home/travis/build/icyphy/ptII/ptolemy/domains/continuous/test/auto/Microsteps.xml (RunModel)" time="0.02" />
  <testcase classname="ptolemy.util.test.junit.AutoTests" name="[91] /home/travis/build/icyphy/ptII/ptolemy/domains/continuous/test/auto/Modal1.xml (RunModel)" time="0.047" />
  <testcase classname="ptolemy.util.test.junit.AutoTests" name="[92] /home/travis/build/icyphy/ptII/ptolemy/domains/continuous/test/auto/Modal2.xml (RunModel)" time="0.05" />
  <testcase classname="ptolemy.util.test.junit.AutoTests" name="[93] /home/travis/build/icyphy/ptII/ptolemy/domains/continuous/test/auto/ModalTransitionGuardWithReset.xml (RunModel)" time="0.022" />
  <testcase classname="ptolemy.util.test.junit.AutoTests" name="[94] /home/travis/build/icyphy/ptII/ptolemy/domains/continuous/test/auto/ModalTransitionGuardWithResetUsingPreemptiveTransition.xml (RunModel)" time="0.028" />
  <testcase classname="ptolemy.util.test.junit.AutoTests" name="[95] /home/travis/build/icyphy/ptII/ptolemy/domains/continuous/test/auto/ModalTransitionGuardWithResetUsingPreemptiveTransition2.xml (RunModel)" time="0.035" />
  <testcase classname="ptolemy.util.test.junit.AutoTests" name="[96] /home/travis/build/icyphy/ptII/ptolemy/domains/continuous/test/auto/ModalTransitionGuardWithResetUsingPreemptiveTransition3.xml (RunModel)" time="0.022" />
  <testcase classname="ptolemy.util.test.junit.AutoTests" name="[97] /home/travis/build/icyphy/ptII/ptolemy/domains/continuous/test/auto/NewtonsCradle.xml (RunModel)" time="0.742" />
  <testcase classname="ptolemy.util.test.junit.AutoTests" name="[98] /home/travis/build/icyphy/ptII/ptolemy/domains/continuous/test/auto/NewtonsCradleAnimated.xml (RunModel)" time="1.199" />
  <testcase classname="ptolemy.util.test.junit.AutoTests" name="[99] /home/travis/build/icyphy/ptII/ptolemy/domains/continuous/test/auto/NewtonsCradleComplicated.xml (RunModel)" time="0.861" />
  <testcase classname="ptolemy.util.test.junit.AutoTests" name="[100] /home/travis/build/icyphy/ptII/ptolemy/domains/continuous/test/auto/NewtonsCradleNondeterministic.xml (RunModel)" time="0.592" />
  <testcase classname="ptolemy.util.test.junit.AutoTests" name="[101] /home/travis/build/icyphy/ptII/ptolemy/domains/continuous/test/auto/NewtonsCradlePerfectlyInelastic1.xml (RunModel)" time="1.234" />
  <testcase classname="ptolemy.util.test.junit.AutoTests" name="[102] /home/travis/build/icyphy/ptII/ptolemy/domains/continuous/test/auto/Noise.xml (RunModel)" time="0.187" />
  <testcase classname="ptolemy.util.test.junit.AutoTests" name="[103] /home/travis/build/icyphy/ptII/ptolemy/domains/continuous/test/auto/NoiseSpectrum.xml (RunModel)" time="0.63" />
  <testcase classname="ptolemy.util.test.junit.AutoTests" name="[104] /home/travis/build/icyphy/ptII/ptolemy/domains/continuous/test/auto/ParameterizedNewtonsCradleAnimated.xml (RunModel)" time="0.335" />
  <testcase classname="ptolemy.util.test.junit.AutoTests" name="[105] /home/travis/build/icyphy/ptII/ptolemy/domains/continuous/test/auto/ParameterizedNewtonsCradleAnimatedNondeterministic.xml (RunModel)" time="1.073" />
  <testcase classname="ptolemy.util.test.junit.AutoTests" name="[106] /home/travis/build/icyphy/ptII/ptolemy/domains/continuous/test/auto/Pendulum3D.xml (RunModel)" time="0.183" />
  <testcase classname="ptolemy.util.test.junit.AutoTests" name="[107] /home/travis/build/icyphy/ptII/ptolemy/domains/continuous/test/auto/PeriodicSampler.xml (RunModel)" time="0.009" />
  <testcase classname="ptolemy.util.test.junit.AutoTests" name="[108] /home/travis/build/icyphy/ptII/ptolemy/domains/continuous/test/auto/PeriodicSampler1.xml (RunModel)" time="0.045" />
  <testcase classname="ptolemy.util.test.junit.AutoTests" name="[109] /home/travis/build/icyphy/ptII/ptolemy/domains/continuous/test/auto/PeriodicSampler2.xml (RunModel)" time="0.077" />
  <testcase classname="ptolemy.util.test.junit.AutoTests" name="[110] /home/travis/build/icyphy/ptII/ptolemy/domains/continuous/test/auto/Poisson.xml (RunModel)" time="0.393" />
  <testcase classname="ptolemy.util.test.junit.AutoTests" name="[111] /home/travis/build/icyphy/ptII/ptolemy/domains/continuous/test/auto/PoissonClock.xml (RunModel)" time="0.008" />
  <testcase classname="ptolemy.util.test.junit.AutoTests" name="[112] /home/travis/build/icyphy/ptII/ptolemy/domains/continuous/test/auto/PoissonClock2.xml (RunModel)" time="0.01" />
  <testcase classname="ptolemy.util.test.junit.AutoTests" name="[113] /home/travis/build/icyphy/ptII/ptolemy/domains/continuous/test/auto/PortParameterHierarchy.xml (RunModel)" time="0.022" />
  <testcase classname="ptolemy.util.test.junit.AutoTests" name="[114] /home/travis/build/icyphy/ptII/ptolemy/domains/continuous/test/auto/RandomHybridPlant.xml (RunModel)" time="0.519" />
  <testcase classname="ptolemy.util.test.junit.AutoTests" name="[115] /home/travis/build/icyphy/ptII/ptolemy/domains/continuous/test/auto/ResetTransitionWithStartTime1.xml (RunModel)" time="0.028" />
  <testcase classname="ptolemy.util.test.junit.AutoTests" name="[116] /home/travis/build/icyphy/ptII/ptolemy/domains/continuous/test/auto/ResetTransitionWithStartTime2.xml (RunModel)" time="0.035" />
  <testcase classname="ptolemy.util.test.junit.AutoTests" name="[117] /home/travis/build/icyphy/ptII/ptolemy/domains/continuous/test/auto/ResetTransitionWithStartTime3.xml (RunModel)" time="0.043" />
  <testcase classname="ptolemy.util.test.junit.AutoTests" name="[118] /home/travis/build/icyphy/ptII/ptolemy/domains/continuous/test/auto/ResetTransitionWithStartTime4.xml (RunModel)" time="0.024" />
  <testcase classname="ptolemy.util.test.junit.AutoTests" name="[119] /home/travis/build/icyphy/ptII/ptolemy/domains/continuous/test/auto/ResetTransitionWithStartTime5.xml (RunModel)" time="0.033" />
  <testcase classname="ptolemy.util.test.junit.AutoTests" name="[120] /home/travis/build/icyphy/ptII/ptolemy/domains/continuous/test/auto/ResetTransitionWithStartTime6.xml (RunModel)" time="0.023" />
  <testcase classname="ptolemy.util.test.junit.AutoTests" name="[121] /home/travis/build/icyphy/ptII/ptolemy/domains/continuous/test/auto/SRinContinuous.xml (RunModel)" time="0.017" />
  <testcase classname="ptolemy.util.test.junit.AutoTests" name="[122] /home/travis/build/icyphy/ptII/ptolemy/domains/continuous/test/auto/SampledClocks.xml (RunModel)" time="0.032" />
  <testcase classname="ptolemy.util.test.junit.AutoTests" name="[123] /home/travis/build/icyphy/ptII/ptolemy/domains/continuous/test/auto/Satellite.xml (RunModel)" time="0.668" />
  <testcase classname="ptolemy.util.test.junit.AutoTests" name="[124] /home/travis/build/icyphy/ptII/ptolemy/domains/continuous/test/auto/SigmaDelta.xml (RunModel)" time="1.944" />
  <testcase classname="ptolemy.util.test.junit.AutoTests" name="[125] /home/travis/build/icyphy/ptII/ptolemy/domains/continuous/test/auto/SingleRefinement.xml (RunModel)" time="0.399" />
  <testcase classname="ptolemy.util.test.junit.AutoTests" name="[126] /home/travis/build/icyphy/ptII/ptolemy/domains/continuous/test/auto/SinuBouncingBall.xml (RunModel)" time="0.894" />
  <testcase classname="ptolemy.util.test.junit.AutoTests" name="[127] /home/travis/build/icyphy/ptII/ptolemy/domains/continuous/test/auto/Sinusoid.xml (RunModel)" time="0.021" />
  <testcase classname="ptolemy.util.test.junit.AutoTests" name="[128] /home/travis/build/icyphy/ptII/ptolemy/domains/continuous/test/auto/SinusoidInNoise.xml (RunModel)" time="0.893" />
  <testcase classname="ptolemy.util.test.junit.AutoTests" name="[129] /home/travis/build/icyphy/ptII/ptolemy/domains/continuous/test/auto/SinusoidRK45.xml (RunModel)" time="0.009" />
  <testcase classname="ptolemy.util.test.junit.AutoTests" name="[130] /home/travis/build/icyphy/ptII/ptolemy/domains/continuous/test/auto/SinusoidWithMultipleImpulses.xml (RunModel)" time="0.011" />
  <testcase classname="ptolemy.util.test.junit.AutoTests" name="[131] /home/travis/build/icyphy/ptII/ptolemy/domains/continuous/test/auto/SquareWave.xml (RunModel)" time="0.175" />
  <testcase classname="ptolemy.util.test.junit.AutoTests" name="[132] /home/travis/build/icyphy/ptII/ptolemy/domains/continuous/test/auto/Starmac.xml (RunModel)" time="3.353" />
  <testcase classname="ptolemy.util.test.junit.AutoTests" name="[133] /home/travis/build/icyphy/ptII/ptolemy/domains/continuous/test/auto/StaticUnits.xml (RunModel)" time="2.43" />
  <testcase classname="ptolemy.util.test.junit.AutoTests" name="[134] /home/travis/build/icyphy/ptII/ptolemy/domains/continuous/test/auto/StickyMasses.xml (RunModel)" time="0.189" />
  <testcase classname="ptolemy.util.test.junit.AutoTests" name="[135] /home/travis/build/icyphy/ptII/ptolemy/domains/continuous/test/auto/StopTime.xml (RunModel)" time="0.061" />
  <testcase classname="ptolemy.util.test.junit.AutoTests" name="[136] /home/travis/build/icyphy/ptII/ptolemy/domains/continuous/test/auto/StopTime2.xml (RunModel)" time="0.058" />
  <testcase classname="ptolemy.util.test.junit.AutoTests" name="[137] /home/travis/build/icyphy/ptII/ptolemy/domains/continuous/test/auto/Switch.xml (RunModel)" time="0.059" />
  <testcase classname="ptolemy.util.test.junit.AutoTests" name="[138] /home/travis/build/icyphy/ptII/ptolemy/domains/continuous/test/auto/Thermostat.xml (RunModel)" time="0.209" />
  <testcase classname="ptolemy.util.test.junit.AutoTests" name="[139] /home/travis/build/icyphy/ptII/ptolemy/domains/continuous/test/auto/TimeDelay.xml (RunModel)" time="0.014" />
  <testcase classname="ptolemy.util.test.junit.AutoTests" name="[140] /home/travis/build/icyphy/ptII/ptolemy/domains/continuous/test/auto/TimeDelay2.xml (RunModel)" time="0.021" />
  <testcase classname="ptolemy.util.test.junit.AutoTests" name="[141] /home/travis/build/icyphy/ptII/ptolemy/domains/continuous/test/auto/TimeDelay3.xml (RunModel)" time="0.01" />
  <testcase classname="ptolemy.util.test.junit.AutoTests" name="[142] /home/travis/build/icyphy/ptII/ptolemy/domains/continuous/test/auto/TransferAbsentToInside.xml (RunModel)" time="0.114" />
  <testcase classname="ptolemy.util.test.junit.AutoTests" name="[143] /home/travis/build/icyphy/ptII/ptolemy/domains/continuous/test/auto/Transmission.xml (RunModel)" time="0.753" />
  <testcase classname="ptolemy.util.test.junit.AutoTests" name="[144] /home/travis/build/icyphy/ptII/ptolemy/domains/continuous/test/auto/TriggeredContinuousClock.xml (RunModel)" time="0.069" />
  <testcase classname="ptolemy.util.test.junit.AutoTests" name="[145] /home/travis/build/icyphy/ptII/ptolemy/domains/continuous/test/auto/TwoMachineInfiniteBusControl.xml (RunModel)" time="2.771" />
  <testcase classname="ptolemy.util.test.junit.AutoTests" name="[146] /home/travis/build/icyphy/ptII/ptolemy/domains/continuous/test/auto/V2V.xml (RunModel)" time="0.847" />
  <testcase classname="ptolemy.util.test.junit.AutoTests" name="[147] /home/travis/build/icyphy/ptII/ptolemy/domains/continuous/test/auto/hierarchicalModalModel.xml (RunModel)" time="0.029" />
  <testcase classname="ptolemy.util.test.junit.AutoTests" name="[148] /home/travis/build/icyphy/ptII/ptolemy/domains/continuous/test/auto/hierarchicalModalModel1.xml (RunModel)" time="0.031" />
  <testcase classname="ptolemy.util.test.junit.AutoTests" name="[149] /home/travis/build/icyphy/ptII/ptolemy/domains/continuous/test/auto/hierarchicalModalModel2.xml (RunModel)" time="0.026" />
  <testcase classname="ptolemy.util.test.junit.AutoTests" name="[150] /home/travis/build/icyphy/ptII/ptolemy/domains/continuous/test/auto/hierarchicalModalModel3.xml (RunModel)" time="0.022" />
  <testcase classname="ptolemy.util.test.junit.AutoTests" name="[151] /home/travis/build/icyphy/ptII/ptolemy/domains/continuous/test/auto/hierarchicalModalModel4.xml (RunModel)" time="0.024" />
  <testcase classname="ptolemy.util.test.junit.AutoTests" name="[152] /home/travis/build/icyphy/ptII/ptolemy/domains/continuous/test/auto/junk.xml (RunModel)" time="0.149" />
  <system-out><![CDATA[No tcl tests in /home/travis/build/icyphy/ptII/ptolemy/domains/continuous/test
No auto/knownFailedTests/*.xml tests in /home/travis/build/icyphy/ptII/ptolemy/domains/continuous/test
No auto/linux-amd64/*.xml tests in /home/travis/build/icyphy/ptII/ptolemy/domains/continuous/test
AutoTests.java: About to close Vertx.
AutoTests.java: Vertx closed.

===========================================================================================
----------------- testing Wed Dec 11 06:25:55 UTC 2019 /home/travis/build/icyphy/ptII/ptolemy/domains/continuous/test/auto/BouncingBall.xml
----------------- Instantiating /home/travis/build/icyphy/ptII/ptolemy/domains/continuous/test/auto/BouncingBall.xml
2295 ms. Memory: 155648K Free: 135886K (87%)
----------------- Invoking toplevel() on ptolemy.moml.MoMLSimpleApplication@624221d1
----------------- Done invoking toplevel() on ptolemy.moml.MoMLSimpleApplication@624221d1
reloadAllAccessors: .BouncingBall

===========================================================================================
----------------- testing Wed Dec 11 06:25:58 UTC 2019 /home/travis/build/icyphy/ptII/ptolemy/domains/continuous/test/auto/BouncingBallWithoutGR.xml
----------------- Instantiating /home/travis/build/icyphy/ptII/ptolemy/domains/continuous/test/auto/BouncingBallWithoutGR.xml
772 ms. Memory: 155648K Free: 140476K (90%)
----------------- Invoking toplevel() on ptolemy.moml.MoMLSimpleApplication@68e14595
----------------- Done invoking toplevel() on ptolemy.moml.MoMLSimpleApplication@68e14595
reloadAllAccessors: .BouncingBallWithoutGR

===========================================================================================
----------------- testing Wed Dec 11 06:25:59 UTC 2019 /home/travis/build/icyphy/ptII/ptolemy/domains/continuous/test/auto/Brownian.xml
----------------- Instantiating /home/travis/build/icyphy/ptII/ptolemy/domains/continuous/test/auto/Brownian.xml
33 ms. Memory: 155648K Free: 131274K (84%)
----------------- Invoking toplevel() on ptolemy.moml.MoMLSimpleApplication@3706054b
----------------- Done invoking toplevel() on ptolemy.moml.MoMLSimpleApplication@3706054b
reloadAllAccessors: .Brownian

===========================================================================================
----------------- testing Wed Dec 11 06:25:59 UTC 2019 /home/travis/build/icyphy/ptII/ptolemy/domains/continuous/test/auto/CarTracking.xml
----------------- Instantiating /home/travis/build/icyphy/ptII/ptolemy/domains/continuous/test/auto/CarTracking.xml
3171 ms. Memory: 225280K Free: 130842K (58%)
----------------- Invoking toplevel() on ptolemy.moml.MoMLSimpleApplication@3371bd07
----------------- Done invoking toplevel() on ptolemy.moml.MoMLSimpleApplication@3371bd07
reloadAllAccessors: .CarTracking

===========================================================================================
----------------- testing Wed Dec 11 06:26:02 UTC 2019 /home/travis/build/icyphy/ptII/ptolemy/domains/continuous/test/auto/CartPendulum.xml
----------------- Instantiating /home/travis/build/icyphy/ptII/ptolemy/domains/continuous/test/auto/CartPendulum.xml
447 ms. Memory: 225280K Free: 172640K (77%)
----------------- Invoking toplevel() on ptolemy.moml.MoMLSimpleApplication@42205e3f
----------------- Done invoking toplevel() on ptolemy.moml.MoMLSimpleApplication@42205e3f
reloadAllAccessors: .CartPendulum

===========================================================================================
----------------- testing Wed Dec 11 06:26:03 UTC 2019 /home/travis/build/icyphy/ptII/ptolemy/domains/continuous/test/auto/CausalityInterface10.xml
----------------- Instantiating /home/travis/build/icyphy/ptII/ptolemy/domains/continuous/test/auto/CausalityInterface10.xml
6 ms. Memory: 225280K Free: 161890K (72%)
----------------- Invoking toplevel() on ptolemy.moml.MoMLSimpleApplication@3249c3db
----------------- Done invoking toplevel() on ptolemy.moml.MoMLSimpleApplication@3249c3db
reloadAllAccessors: .CausalityInterface10

===========================================================================================
----------------- testing Wed Dec 11 06:26:03 UTC 2019 /home/travis/build/icyphy/ptII/ptolemy/domains/continuous/test/auto/CausalityInterface11.xml
----------------- Instantiating /home/travis/build/icyphy/ptII/ptolemy/domains/continuous/test/auto/CausalityInterface11.xml
12 ms. Memory: 225280K Free: 155746K (69%)
----------------- Invoking toplevel() on ptolemy.moml.MoMLSimpleApplication@64b2be01
----------------- Done invoking toplevel() on ptolemy.moml.MoMLSimpleApplication@64b2be01
reloadAllAccessors: .CausalityInterface11

===========================================================================================
----------------- testing Wed Dec 11 06:26:03 UTC 2019 /home/travis/build/icyphy/ptII/ptolemy/domains/continuous/test/auto/CausalityInterface12.xml
----------------- Instantiating /home/travis/build/icyphy/ptII/ptolemy/domains/continuous/test/auto/CausalityInterface12.xml
11 ms. Memory: 225280K Free: 149602K (66%)
----------------- Invoking toplevel() on ptolemy.moml.MoMLSimpleApplication@fc6e10f
----------------- Done invoking toplevel() on ptolemy.moml.MoMLSimpleApplication@fc6e10f
reloadAllAccessors: .CausalityInterface12

===========================================================================================
----------------- testing Wed Dec 11 06:26:03 UTC 2019 /home/travis/build/icyphy/ptII/ptolemy/domains/continuous/test/auto/CausalityInterface13.xml
----------------- Instantiating /home/travis/build/icyphy/ptII/ptolemy/domains/continuous/test/auto/CausalityInterface13.xml
7 ms. Memory: 225280K Free: 143458K (64%)
----------------- Invoking toplevel() on ptolemy.moml.MoMLSimpleApplication@7d7d29c4
----------------- Done invoking toplevel() on ptolemy.moml.MoMLSimpleApplication@7d7d29c4
reloadAllAccessors: .CausalityInterface13

===========================================================================================
----------------- testing Wed Dec 11 06:26:03 UTC 2019 /home/travis/build/icyphy/ptII/ptolemy/domains/continuous/test/auto/CausalityInterface14.xml
----------------- Instantiating /home/travis/build/icyphy/ptII/ptolemy/domains/continuous/test/auto/CausalityInterface14.xml
4 ms. Memory: 225280K Free: 137810K (61%)
----------------- Invoking toplevel() on ptolemy.moml.MoMLSimpleApplication@1677a257
----------------- Done invoking toplevel() on ptolemy.moml.MoMLSimpleApplication@1677a257
reloadAllAccessors: .CausalityInterface14

===========================================================================================
----------------- testing Wed Dec 11 06:26:03 UTC 2019 /home/travis/build/icyphy/ptII/ptolemy/domains/continuous/test/auto/CausalityInterface4.xml
----------------- Instantiating /home/travis/build/icyphy/ptII/ptolemy/domains/continuous/test/auto/CausalityInterface4.xml
7 ms. Memory: 225280K Free: 131170K (58%)
----------------- Invoking toplevel() on ptolemy.moml.MoMLSimpleApplication@53f99d2e
----------------- Done invoking toplevel() on ptolemy.moml.MoMLSimpleApplication@53f99d2e
reloadAllAccessors: .CausalityInterface4

===========================================================================================
----------------- testing Wed Dec 11 06:26:03 UTC 2019 /home/travis/build/icyphy/ptII/ptolemy/domains/continuous/test/auto/CausalityInterface5.xml
----------------- Instantiating /home/travis/build/icyphy/ptII/ptolemy/domains/continuous/test/auto/CausalityInterface5.xml
10 ms. Memory: 225280K Free: 122978K (55%)
----------------- Invoking toplevel() on ptolemy.moml.MoMLSimpleApplication@3048f7bb
----------------- Done invoking toplevel() on ptolemy.moml.MoMLSimpleApplication@3048f7bb
reloadAllAccessors: .CausalityInterface5

===========================================================================================
----------------- testing Wed Dec 11 06:26:03 UTC 2019 /home/travis/build/icyphy/ptII/ptolemy/domains/continuous/test/auto/CausalityInterface6.xml
----------------- Instantiating /home/travis/build/icyphy/ptII/ptolemy/domains/continuous/test/auto/CausalityInterface6.xml
5 ms. Memory: 225280K Free: 117858K (52%)
----------------- Invoking toplevel() on ptolemy.moml.MoMLSimpleApplication@25be06d2
----------------- Done invoking toplevel() on ptolemy.moml.MoMLSimpleApplication@25be06d2
reloadAllAccessors: .CausalityInterface6

===========================================================================================
----------------- testing Wed Dec 11 06:26:03 UTC 2019 /home/travis/build/icyphy/ptII/ptolemy/domains/continuous/test/auto/CausalityInterface7.xml
----------------- Instantiating /home/travis/build/icyphy/ptII/ptolemy/domains/continuous/test/auto/CausalityInterface7.xml
11 ms. Memory: 225280K Free: 109152K (48%)
----------------- Invoking toplevel() on ptolemy.moml.MoMLSimpleApplication@6db7c255
----------------- Done invoking toplevel() on ptolemy.moml.MoMLSimpleApplication@6db7c255
reloadAllAccessors: .CausalityInterface7

===========================================================================================
----------------- testing Wed Dec 11 06:26:03 UTC 2019 /home/travis/build/icyphy/ptII/ptolemy/domains/continuous/test/auto/CausalityInterface8.xml
----------------- Instantiating /home/travis/build/icyphy/ptII/ptolemy/domains/continuous/test/auto/CausalityInterface8.xml
10 ms. Memory: 225280K Free: 100450K (45%)
----------------- Invoking toplevel() on ptolemy.moml.MoMLSimpleApplication@27d33773
----------------- Done invoking toplevel() on ptolemy.moml.MoMLSimpleApplication@27d33773
reloadAllAccessors: .CausalityInterface8

===========================================================================================
----------------- testing Wed Dec 11 06:26:03 UTC 2019 /home/travis/build/icyphy/ptII/ptolemy/domains/continuous/test/auto/CausalityInterface9.xml
----------------- Instantiating /home/travis/build/icyphy/ptII/ptolemy/domains/continuous/test/auto/CausalityInterface9.xml
9 ms. Memory: 225280K Free: 89696K (40%)
----------------- Invoking toplevel() on ptolemy.moml.MoMLSimpleApplication@40146422
----------------- Done invoking toplevel() on ptolemy.moml.MoMLSimpleApplication@40146422
reloadAllAccessors: .CausalityInterface9

===========================================================================================
----------------- testing Wed Dec 11 06:26:03 UTC 2019 /home/travis/build/icyphy/ptII/ptolemy/domains/continuous/test/auto/CausalityInterfaceFeedback1.xml
----------------- Instantiating /home/travis/build/icyphy/ptII/ptolemy/domains/continuous/test/auto/CausalityInterfaceFeedback1.xml
5 ms. Memory: 225280K Free: 83042K (37%)
----------------- Invoking toplevel() on ptolemy.moml.MoMLSimpleApplication@4906b80b
----------------- Done invoking toplevel() on ptolemy.moml.MoMLSimpleApplication@4906b80b
reloadAllAccessors: .CausalityInterfaceFeedback1

===========================================================================================
----------------- testing Wed Dec 11 06:26:03 UTC 2019 /home/travis/build/icyphy/ptII/ptolemy/domains/continuous/test/auto/CausalityInterfaceFeedback2.xml
----------------- Instantiating /home/travis/build/icyphy/ptII/ptolemy/domains/continuous/test/auto/CausalityInterfaceFeedback2.xml
4 ms. Memory: 225280K Free: 209750K (93%)
----------------- Invoking toplevel() on ptolemy.moml.MoMLSimpleApplication@276e16e6
----------------- Done invoking toplevel() on ptolemy.moml.MoMLSimpleApplication@276e16e6
reloadAllAccessors: .CausalityInterfaceFeedback2

===========================================================================================
----------------- testing Wed Dec 11 06:26:03 UTC 2019 /home/travis/build/icyphy/ptII/ptolemy/domains/continuous/test/auto/CompareWithCurrentTime.xml
----------------- Instantiating /home/travis/build/icyphy/ptII/ptolemy/domains/continuous/test/auto/CompareWithCurrentTime.xml
4 ms. Memory: 225280K Free: 205668K (91%)
----------------- Invoking toplevel() on ptolemy.moml.MoMLSimpleApplication@56808853
----------------- Done invoking toplevel() on ptolemy.moml.MoMLSimpleApplication@56808853
reloadAllAccessors: .CompareWithCurrentTime

===========================================================================================
----------------- testing Wed Dec 11 06:26:03 UTC 2019 /home/travis/build/icyphy/ptII/ptolemy/domains/continuous/test/auto/ComparedClocks.xml
----------------- Instantiating /home/travis/build/icyphy/ptII/ptolemy/domains/continuous/test/auto/ComparedClocks.xml
10 ms. Memory: 225280K Free: 190294K (84%)
----------------- Invoking toplevel() on ptolemy.moml.MoMLSimpleApplication@41358b22
----------------- Done invoking toplevel() on ptolemy.moml.MoMLSimpleApplication@41358b22
reloadAllAccessors: .ComparedClocks

===========================================================================================
----------------- testing Wed Dec 11 06:26:04 UTC 2019 /home/travis/build/icyphy/ptII/ptolemy/domains/continuous/test/auto/ContinuousAOCClone.xml
----------------- Instantiating /home/travis/build/icyphy/ptII/ptolemy/domains/continuous/test/auto/ContinuousAOCClone.xml
2557 ms. Memory: 271360K Free: 127225K (47%)
----------------- Invoking toplevel() on ptolemy.moml.MoMLSimpleApplication@265a19b7
----------------- Done invoking toplevel() on ptolemy.moml.MoMLSimpleApplication@265a19b7
reloadAllAccessors: .ContinuousAOCClone

===========================================================================================
----------------- testing Wed Dec 11 06:26:06 UTC 2019 /home/travis/build/icyphy/ptII/ptolemy/domains/continuous/test/auto/ContinuousClock.xml
----------------- Instantiating /home/travis/build/icyphy/ptII/ptolemy/domains/continuous/test/auto/ContinuousClock.xml
30 ms. Memory: 271360K Free: 105207K (39%)
----------------- Invoking toplevel() on ptolemy.moml.MoMLSimpleApplication@74d0a87c
----------------- Done invoking toplevel() on ptolemy.moml.MoMLSimpleApplication@74d0a87c
reloadAllAccessors: .ContinuousClock

===========================================================================================
----------------- testing Wed Dec 11 06:26:06 UTC 2019 /home/travis/build/icyphy/ptII/ptolemy/domains/continuous/test/auto/ContinuousInContinuous.xml
----------------- Instantiating /home/travis/build/icyphy/ptII/ptolemy/domains/continuous/test/auto/ContinuousInContinuous.xml
47 ms. Memory: 271360K Free: 243413K (90%)
----------------- Invoking toplevel() on ptolemy.moml.MoMLSimpleApplication@206d5d9b
----------------- Done invoking toplevel() on ptolemy.moml.MoMLSimpleApplication@206d5d9b
reloadAllAccessors: .ContinuousInContinuous

===========================================================================================
----------------- testing Wed Dec 11 06:26:06 UTC 2019 /home/travis/build/icyphy/ptII/ptolemy/domains/continuous/test/auto/ContinuousInContinuousInContinuous.xml
----------------- Instantiating /home/travis/build/icyphy/ptII/ptolemy/domains/continuous/test/auto/ContinuousInContinuousInContinuous.xml
10 ms. Memory: 271360K Free: 235236K (87%)
----------------- Invoking toplevel() on ptolemy.moml.MoMLSimpleApplication@c67bb6a
----------------- Done invoking toplevel() on ptolemy.moml.MoMLSimpleApplication@c67bb6a
reloadAllAccessors: .ContinuousInContinuousInContinuous

===========================================================================================
----------------- testing Wed Dec 11 06:26:06 UTC 2019 /home/travis/build/icyphy/ptII/ptolemy/domains/continuous/test/auto/ContinuousInDE.xml
----------------- Instantiating /home/travis/build/icyphy/ptII/ptolemy/domains/continuous/test/auto/ContinuousInDE.xml
89 ms. Memory: 271360K Free: 224486K (83%)
----------------- Invoking toplevel() on ptolemy.moml.MoMLSimpleApplication@6f85bdad
----------------- Done invoking toplevel() on ptolemy.moml.MoMLSimpleApplication@6f85bdad
reloadAllAccessors: .ContinuousInDE

===========================================================================================
----------------- testing Wed Dec 11 06:26:07 UTC 2019 /home/travis/build/icyphy/ptII/ptolemy/domains/continuous/test/auto/ContinuousInDE2.xml
----------------- Instantiating /home/travis/build/icyphy/ptII/ptolemy/domains/continuous/test/auto/ContinuousInDE2.xml
42 ms. Memory: 271360K Free: 214756K (79%)
----------------- Invoking toplevel() on ptolemy.moml.MoMLSimpleApplication@7e29624
----------------- Done invoking toplevel() on ptolemy.moml.MoMLSimpleApplication@7e29624
reloadAllAccessors: .ContinuousInDE2

===========================================================================================
----------------- testing Wed Dec 11 06:26:07 UTC 2019 /home/travis/build/icyphy/ptII/ptolemy/domains/continuous/test/auto/ContinuousInDE3.xml
----------------- Instantiating /home/travis/build/icyphy/ptII/ptolemy/domains/continuous/test/auto/ContinuousInDE3.xml
31 ms. Memory: 271360K Free: 205030K (76%)
----------------- Invoking toplevel() on ptolemy.moml.MoMLSimpleApplication@23e29146
----------------- Done invoking toplevel() on ptolemy.moml.MoMLSimpleApplication@23e29146
reloadAllAccessors: .ContinuousInDE3

===========================================================================================
----------------- testing Wed Dec 11 06:26:07 UTC 2019 /home/travis/build/icyphy/ptII/ptolemy/domains/continuous/test/auto/ContinuousInDE4.xml
----------------- Instantiating /home/travis/build/icyphy/ptII/ptolemy/domains/continuous/test/auto/ContinuousInDE4.xml
11 ms. Memory: 271360K Free: 198886K (73%)
----------------- Invoking toplevel() on ptolemy.moml.MoMLSimpleApplication@60bfd546
----------------- Done invoking toplevel() on ptolemy.moml.MoMLSimpleApplication@60bfd546
reloadAllAccessors: .ContinuousInDE4

===========================================================================================
----------------- testing Wed Dec 11 06:26:07 UTC 2019 /home/travis/build/icyphy/ptII/ptolemy/domains/continuous/test/auto/ContinuousInDEDifferentRefinements.xml
----------------- Instantiating /home/travis/build/icyphy/ptII/ptolemy/domains/continuous/test/auto/ContinuousInDEDifferentRefinements.xml
50 ms. Memory: 271360K Free: 167637K (62%)
----------------- Invoking toplevel() on ptolemy.moml.MoMLSimpleApplication@e174410
----------------- Done invoking toplevel() on ptolemy.moml.MoMLSimpleApplication@e174410
reloadAllAccessors: .ContinuousInDEDifferentRefinements

===========================================================================================
----------------- testing Wed Dec 11 06:26:07 UTC 2019 /home/travis/build/icyphy/ptII/ptolemy/domains/continuous/test/auto/ContinuousInDEDifferentRefinementsPreemptive.xml
----------------- Instantiating /home/travis/build/icyphy/ptII/ptolemy/domains/continuous/test/auto/ContinuousInDEDifferentRefinementsPreemptive.xml
44 ms. Memory: 271360K Free: 136917K (50%)
----------------- Invoking toplevel() on ptolemy.moml.MoMLSimpleApplication@280d3a38
----------------- Done invoking toplevel() on ptolemy.moml.MoMLSimpleApplication@280d3a38
reloadAllAccessors: .ContinuousInDEDifferentRefinementsPreemptive

===========================================================================================
----------------- testing Wed Dec 11 06:26:07 UTC 2019 /home/travis/build/icyphy/ptII/ptolemy/domains/continuous/test/auto/ContinuousInDEInContinuous2.xml
----------------- Instantiating /home/travis/build/icyphy/ptII/ptolemy/domains/continuous/test/auto/ContinuousInDEInContinuous2.xml
27 ms. Memory: 271360K Free: 125668K (46%)
----------------- Invoking toplevel() on ptolemy.moml.MoMLSimpleApplication@152073cb
----------------- Done invoking toplevel() on ptolemy.moml.MoMLSimpleApplication@152073cb
reloadAllAccessors: .ContinuousInDEInContinuous2

===========================================================================================
----------------- testing Wed Dec 11 06:26:07 UTC 2019 /home/travis/build/icyphy/ptII/ptolemy/domains/continuous/test/auto/ContinuousInDEInContinuous3.xml
----------------- Instantiating /home/travis/build/icyphy/ptII/ptolemy/domains/continuous/test/auto/ContinuousInDEInContinuous3.xml
40 ms. Memory: 271360K Free: 113380K (42%)
----------------- Invoking toplevel() on ptolemy.moml.MoMLSimpleApplication@6071322b
----------------- Done invoking toplevel() on ptolemy.moml.MoMLSimpleApplication@6071322b
reloadAllAccessors: .ContinuousInDEInContinuous3

===========================================================================================
----------------- testing Wed Dec 11 06:26:07 UTC 2019 /home/travis/build/icyphy/ptII/ptolemy/domains/continuous/test/auto/ContinuousInDEInput.xml
----------------- Instantiating /home/travis/build/icyphy/ptII/ptolemy/domains/continuous/test/auto/ContinuousInDEInput.xml
15 ms. Memory: 271360K Free: 106212K (39%)
----------------- Invoking toplevel() on ptolemy.moml.MoMLSimpleApplication@2e58d4a3
----------------- Done invoking toplevel() on ptolemy.moml.MoMLSimpleApplication@2e58d4a3
reloadAllAccessors: .ContinuousInDEInput

===========================================================================================
----------------- testing Wed Dec 11 06:26:07 UTC 2019 /home/travis/build/icyphy/ptII/ptolemy/domains/continuous/test/auto/ContinuousInDEInput2.xml
----------------- Instantiating /home/travis/build/icyphy/ptII/ptolemy/domains/continuous/test/auto/ContinuousInDEInput2.xml
11 ms. Memory: 271360K Free: 99044K (36%)
----------------- Invoking toplevel() on ptolemy.moml.MoMLSimpleApplication@7691b8c5
----------------- Done invoking toplevel() on ptolemy.moml.MoMLSimpleApplication@7691b8c5
reloadAllAccessors: .ContinuousInDEInput2

===========================================================================================
----------------- testing Wed Dec 11 06:26:07 UTC 2019 /home/travis/build/icyphy/ptII/ptolemy/domains/continuous/test/auto/ContinuousInDEInput3.xml
----------------- Instantiating /home/travis/build/icyphy/ptII/ptolemy/domains/continuous/test/auto/ContinuousInDEInput3.xml
14 ms. Memory: 271360K Free: 253872K (94%)
----------------- Invoking toplevel() on ptolemy.moml.MoMLSimpleApplication@468d3e17
----------------- Done invoking toplevel() on ptolemy.moml.MoMLSimpleApplication@468d3e17
reloadAllAccessors: .ContinuousInDEInput3

===========================================================================================
----------------- testing Wed Dec 11 06:26:07 UTC 2019 /home/travis/build/icyphy/ptII/ptolemy/domains/continuous/test/auto/ContinuousInDESharingRefinement.xml
----------------- Instantiating /home/travis/build/icyphy/ptII/ptolemy/domains/continuous/test/auto/ContinuousInDESharingRefinement.xml
134 ms. Memory: 271360K Free: 159650K (59%)
----------------- Invoking toplevel() on ptolemy.moml.MoMLSimpleApplication@5a80cbc7
----------------- Done invoking toplevel() on ptolemy.moml.MoMLSimpleApplication@5a80cbc7
reloadAllAccessors: .ContinuousInDESharingRefinement

===========================================================================================
----------------- testing Wed Dec 11 06:26:07 UTC 2019 /home/travis/build/icyphy/ptII/ptolemy/domains/continuous/test/auto/ContinuousInDEwithNoPorts.xml
----------------- Instantiating /home/travis/build/icyphy/ptII/ptolemy/domains/continuous/test/auto/ContinuousInDEwithNoPorts.xml
2 ms. Memory: 271360K Free: 155554K (57%)
----------------- Invoking toplevel() on ptolemy.moml.MoMLSimpleApplication@1ec558ae
----------------- Done invoking toplevel() on ptolemy.moml.MoMLSimpleApplication@1ec558ae
reloadAllAccessors: .ContinuousInDEwithNoPorts

===========================================================================================
----------------- testing Wed Dec 11 06:26:07 UTC 2019 /home/travis/build/icyphy/ptII/ptolemy/domains/continuous/test/auto/ContinuousInsideDE.xml
----------------- Instantiating /home/travis/build/icyphy/ptII/ptolemy/domains/continuous/test/auto/ContinuousInsideDE.xml
27 ms. Memory: 271360K Free: 144304K (53%)
----------------- Invoking toplevel() on ptolemy.moml.MoMLSimpleApplication@17a4780a
----------------- Done invoking toplevel() on ptolemy.moml.MoMLSimpleApplication@17a4780a
reloadAllAccessors: .ContinuousInsideDE

===========================================================================================
----------------- testing Wed Dec 11 06:26:07 UTC 2019 /home/travis/build/icyphy/ptII/ptolemy/domains/continuous/test/auto/ContinuousMerge1.xml
----------------- Instantiating /home/travis/build/icyphy/ptII/ptolemy/domains/continuous/test/auto/ContinuousMerge1.xml
3 ms. Memory: 271360K Free: 140194K (52%)
----------------- Invoking toplevel() on ptolemy.moml.MoMLSimpleApplication@2e31b103
----------------- Done invoking toplevel() on ptolemy.moml.MoMLSimpleApplication@2e31b103
reloadAllAccessors: .ContinuousMerge1

===========================================================================================
----------------- testing Wed Dec 11 06:26:07 UTC 2019 /home/travis/build/icyphy/ptII/ptolemy/domains/continuous/test/auto/ContinuousMerge2.xml
----------------- Instantiating /home/travis/build/icyphy/ptII/ptolemy/domains/continuous/test/auto/ContinuousMerge2.xml
24 ms. Memory: 271360K Free: 129968K (48%)
----------------- Invoking toplevel() on ptolemy.moml.MoMLSimpleApplication@6f3a1266
----------------- Done invoking toplevel() on ptolemy.moml.MoMLSimpleApplication@6f3a1266
reloadAllAccessors: .ContinuousMerge2

===========================================================================================
----------------- testing Wed Dec 11 06:26:07 UTC 2019 /home/travis/build/icyphy/ptII/ptolemy/domains/continuous/test/auto/ContinuousMerge3.xml
----------------- Instantiating /home/travis/build/icyphy/ptII/ptolemy/domains/continuous/test/auto/ContinuousMerge3.xml
33 ms. Memory: 271360K Free: 119218K (44%)
----------------- Invoking toplevel() on ptolemy.moml.MoMLSimpleApplication@6c04ff84
----------------- Done invoking toplevel() on ptolemy.moml.MoMLSimpleApplication@6c04ff84
reloadAllAccessors: .ContinuousMerge3

===========================================================================================
----------------- testing Wed Dec 11 06:26:08 UTC 2019 /home/travis/build/icyphy/ptII/ptolemy/domains/continuous/test/auto/ContinuousWithinContinuous.xml
----------------- Instantiating /home/travis/build/icyphy/ptII/ptolemy/domains/continuous/test/auto/ContinuousWithinContinuous.xml
28 ms. Memory: 271360K Free: 110002K (41%)
----------------- Invoking toplevel() on ptolemy.moml.MoMLSimpleApplication@56d655
----------------- Done invoking toplevel() on ptolemy.moml.MoMLSimpleApplication@56d655
reloadAllAccessors: .ContinuousWithinContinuous

===========================================================================================
----------------- testing Wed Dec 11 06:26:08 UTC 2019 /home/travis/build/icyphy/ptII/ptolemy/domains/continuous/test/auto/ContinuousWithinContinuous2.xml
----------------- Instantiating /home/travis/build/icyphy/ptII/ptolemy/domains/continuous/test/auto/ContinuousWithinContinuous2.xml
55 ms. Memory: 271360K Free: 99762K (37%)
----------------- Invoking toplevel() on ptolemy.moml.MoMLSimpleApplication@765e72cf
----------------- Done invoking toplevel() on ptolemy.moml.MoMLSimpleApplication@765e72cf
reloadAllAccessors: .ContinuousWithinContinuous2

===========================================================================================
----------------- testing Wed Dec 11 06:26:08 UTC 2019 /home/travis/build/icyphy/ptII/ptolemy/domains/continuous/test/auto/ContinuousWithinContinuous3.xml
----------------- Instantiating /home/travis/build/icyphy/ptII/ptolemy/domains/continuous/test/auto/ContinuousWithinContinuous3.xml
11 ms. Memory: 271360K Free: 254845K (94%)
----------------- Invoking toplevel() on ptolemy.moml.MoMLSimpleApplication@2a335fa1
----------------- Done invoking toplevel() on ptolemy.moml.MoMLSimpleApplication@2a335fa1
reloadAllAccessors: .ContinuousWithinContinuous3

===========================================================================================
----------------- testing Wed Dec 11 06:26:08 UTC 2019 /home/travis/build/icyphy/ptII/ptolemy/domains/continuous/test/auto/ContinuousWithinContinuous4.xml
----------------- Instantiating /home/travis/build/icyphy/ptII/ptolemy/domains/continuous/test/auto/ContinuousWithinContinuous4.xml
58 ms. Memory: 271360K Free: 243071K (90%)
----------------- Invoking toplevel() on ptolemy.moml.MoMLSimpleApplication@1e4df226
----------------- Done invoking toplevel() on ptolemy.moml.MoMLSimpleApplication@1e4df226
reloadAllAccessors: .ContinuousWithinContinuous4

===========================================================================================
----------------- testing Wed Dec 11 06:26:08 UTC 2019 /home/travis/build/icyphy/ptII/ptolemy/domains/continuous/test/auto/ContinuousWithinContinuous5.xml
----------------- Instantiating /home/travis/build/icyphy/ptII/ptolemy/domains/continuous/test/auto/ContinuousWithinContinuous5.xml
11 ms. Memory: 271360K Free: 235903K (87%)
----------------- Invoking toplevel() on ptolemy.moml.MoMLSimpleApplication@4d2a6193
----------------- Done invoking toplevel() on ptolemy.moml.MoMLSimpleApplication@4d2a6193
reloadAllAccessors: .ContinuousWithinContinuous5

===========================================================================================
----------------- testing Wed Dec 11 06:26:08 UTC 2019 /home/travis/build/icyphy/ptII/ptolemy/domains/continuous/test/auto/ContinuousWithinContinuous6.xml
----------------- Instantiating /home/travis/build/icyphy/ptII/ptolemy/domains/continuous/test/auto/ContinuousWithinContinuous6.xml
11 ms. Memory: 271360K Free: 228735K (84%)
----------------- Invoking toplevel() on ptolemy.moml.MoMLSimpleApplication@669c46c4
----------------- Done invoking toplevel() on ptolemy.moml.MoMLSimpleApplication@669c46c4
reloadAllAccessors: .ContinuousWithinContinuous6

===========================================================================================
----------------- testing Wed Dec 11 06:26:08 UTC 2019 /home/travis/build/icyphy/ptII/ptolemy/domains/continuous/test/auto/ContinuousWithinContinuous7.xml
----------------- Instantiating /home/travis/build/icyphy/ptII/ptolemy/domains/continuous/test/auto/ContinuousWithinContinuous7.xml
46 ms. Memory: 271360K Free: 217981K (80%)
----------------- Invoking toplevel() on ptolemy.moml.MoMLSimpleApplication@35733ed
----------------- Done invoking toplevel() on ptolemy.moml.MoMLSimpleApplication@35733ed
reloadAllAccessors: .ContinuousWithinContinuous7

===========================================================================================
----------------- testing Wed Dec 11 06:26:08 UTC 2019 /home/travis/build/icyphy/ptII/ptolemy/domains/continuous/test/auto/DCMotor.xml
----------------- Instantiating /home/travis/build/icyphy/ptII/ptolemy/domains/continuous/test/auto/DCMotor.xml
11994 ms. Memory: 271360K Free: 206121K (76%)
----------------- Invoking toplevel() on ptolemy.moml.MoMLSimpleApplication@338fbed1
----------------- Done invoking toplevel() on ptolemy.moml.MoMLSimpleApplication@338fbed1
reloadAllAccessors: .DCMotor

===========================================================================================
----------------- testing Wed Dec 11 06:26:20 UTC 2019 /home/travis/build/icyphy/ptII/ptolemy/domains/continuous/test/auto/DEInContinuous.xml
----------------- Instantiating /home/travis/build/icyphy/ptII/ptolemy/domains/continuous/test/auto/DEInContinuous.xml
7 ms. Memory: 271360K Free: 199977K (74%)
----------------- Invoking toplevel() on ptolemy.moml.MoMLSimpleApplication@53186cfe
----------------- Done invoking toplevel() on ptolemy.moml.MoMLSimpleApplication@53186cfe
reloadAllAccessors: .DEInContinuous

===========================================================================================
----------------- testing Wed Dec 11 06:26:20 UTC 2019 /home/travis/build/icyphy/ptII/ptolemy/domains/continuous/test/auto/DEinContinuous2.xml
----------------- Instantiating /home/travis/build/icyphy/ptII/ptolemy/domains/continuous/test/auto/DEinContinuous2.xml
9 ms. Memory: 271360K Free: 192299K (71%)
----------------- Invoking toplevel() on ptolemy.moml.MoMLSimpleApplication@58ab2170
----------------- Done invoking toplevel() on ptolemy.moml.MoMLSimpleApplication@58ab2170
reloadAllAccessors: .DEinContinuous2

===========================================================================================
----------------- testing Wed Dec 11 06:26:20 UTC 2019 /home/travis/build/icyphy/ptII/ptolemy/domains/continuous/test/auto/Derivative.xml
----------------- Instantiating /home/travis/build/icyphy/ptII/ptolemy/domains/continuous/test/auto/Derivative.xml
125 ms. Memory: 271360K Free: 163627K (60%)
----------------- Invoking toplevel() on ptolemy.moml.MoMLSimpleApplication@1526e3a2
----------------- Done invoking toplevel() on ptolemy.moml.MoMLSimpleApplication@1526e3a2
reloadAllAccessors: .Derivative2

===========================================================================================
----------------- testing Wed Dec 11 06:26:20 UTC 2019 /home/travis/build/icyphy/ptII/ptolemy/domains/continuous/test/auto/Derivative1.xml
----------------- Instantiating /home/travis/build/icyphy/ptII/ptolemy/domains/continuous/test/auto/Derivative1.xml
23 ms. Memory: 271360K Free: 149291K (55%)
----------------- Invoking toplevel() on ptolemy.moml.MoMLSimpleApplication@37f9204d
----------------- Done invoking toplevel() on ptolemy.moml.MoMLSimpleApplication@37f9204d
reloadAllAccessors: .Derivative1

===========================================================================================
----------------- testing Wed Dec 11 06:26:20 UTC 2019 /home/travis/build/icyphy/ptII/ptolemy/domains/continuous/test/auto/DiscreteClock.xml
----------------- Instantiating /home/travis/build/icyphy/ptII/ptolemy/domains/continuous/test/auto/DiscreteClock.xml
5 ms. Memory: 271360K Free: 144171K (53%)
----------------- Invoking toplevel() on ptolemy.moml.MoMLSimpleApplication@366b8819
----------------- Done invoking toplevel() on ptolemy.moml.MoMLSimpleApplication@366b8819
reloadAllAccessors: .DiscreteClock

===========================================================================================
----------------- testing Wed Dec 11 06:26:20 UTC 2019 /home/travis/build/icyphy/ptII/ptolemy/domains/continuous/test/auto/EfficiencyCurve.xml
----------------- Instantiating /home/travis/build/icyphy/ptII/ptolemy/domains/continuous/test/auto/EfficiencyCurve.xml
36 ms. Memory: 271360K Free: 135465K (50%)
----------------- Invoking toplevel() on ptolemy.moml.MoMLSimpleApplication@2841c3c8
----------------- Done invoking toplevel() on ptolemy.moml.MoMLSimpleApplication@2841c3c8
reloadAllAccessors: .EfficiencyCurve

===========================================================================================
----------------- testing Wed Dec 11 06:26:20 UTC 2019 /home/travis/build/icyphy/ptII/ptolemy/domains/continuous/test/auto/ExponentialResponse.xml
----------------- Instantiating /home/travis/build/icyphy/ptII/ptolemy/domains/continuous/test/auto/ExponentialResponse.xml
81 ms. Memory: 271360K Free: 120105K (44%)
----------------- Invoking toplevel() on ptolemy.moml.MoMLSimpleApplication@358489f9
----------------- Done invoking toplevel() on ptolemy.moml.MoMLSimpleApplication@358489f9
reloadAllAccessors: .ExponentialResponse

===========================================================================================
----------------- testing Wed Dec 11 06:26:20 UTC 2019 /home/travis/build/icyphy/ptII/ptolemy/domains/continuous/test/auto/ExponentialResponseRK45.xml
----------------- Instantiating /home/travis/build/icyphy/ptII/ptolemy/domains/continuous/test/auto/ExponentialResponseRK45.xml
20 ms. Memory: 271360K Free: 113451K (42%)
----------------- Invoking toplevel() on ptolemy.moml.MoMLSimpleApplication@2634721c
----------------- Done invoking toplevel() on ptolemy.moml.MoMLSimpleApplication@2634721c
reloadAllAccessors: .ExponentialResponseRK45

===========================================================================================
----------------- testing Wed Dec 11 06:26:20 UTC 2019 /home/travis/build/icyphy/ptII/ptolemy/domains/continuous/test/auto/Friction.xml
----------------- Instantiating /home/travis/build/icyphy/ptII/ptolemy/domains/continuous/test/auto/Friction.xml
1344 ms. Memory: 271360K Free: 170659K (63%)
----------------- Invoking toplevel() on ptolemy.moml.MoMLSimpleApplication@480e1fed
----------------- Done invoking toplevel() on ptolemy.moml.MoMLSimpleApplication@480e1fed
reloadAllAccessors: .Friction

===========================================================================================
----------------- testing Wed Dec 11 06:26:22 UTC 2019 /home/travis/build/icyphy/ptII/ptolemy/domains/continuous/test/auto/FurutaPendulum.xml
----------------- Instantiating /home/travis/build/icyphy/ptII/ptolemy/domains/continuous/test/auto/FurutaPendulum.xml
2845 ms. Memory: 271360K Free: 128724K (47%)
----------------- Invoking toplevel() on ptolemy.moml.MoMLSimpleApplication@1f30eea1
----------------- Done invoking toplevel() on ptolemy.moml.MoMLSimpleApplication@1f30eea1
reloadAllAccessors: .FurutaPendulum

===========================================================================================
----------------- testing Wed Dec 11 06:26:25 UTC 2019 /home/travis/build/icyphy/ptII/ptolemy/domains/continuous/test/auto/HierarchicalExecution.xml
----------------- Instantiating /home/travis/build/icyphy/ptII/ptolemy/domains/continuous/test/auto/HierarchicalExecution.xml
1541 ms. Memory: 271360K Free: 169657K (63%)
----------------- Invoking toplevel() on ptolemy.moml.MoMLSimpleApplication@50cd8366
----------------- Done invoking toplevel() on ptolemy.moml.MoMLSimpleApplication@50cd8366
reloadAllAccessors: .HierarchicalExecution

===========================================================================================
----------------- testing Wed Dec 11 06:26:27 UTC 2019 /home/travis/build/icyphy/ptII/ptolemy/domains/continuous/test/auto/HybridPlant.xml
----------------- Instantiating /home/travis/build/icyphy/ptII/ptolemy/domains/continuous/test/auto/HybridPlant.xml
490 ms. Memory: 271360K Free: 228171K (84%)
----------------- Invoking toplevel() on ptolemy.moml.MoMLSimpleApplication@17af1267
----------------- Done invoking toplevel() on ptolemy.moml.MoMLSimpleApplication@17af1267
reloadAllAccessors: .HybridPlant

===========================================================================================
----------------- testing Wed Dec 11 06:26:27 UTC 2019 /home/travis/build/icyphy/ptII/ptolemy/domains/continuous/test/auto/Hysteresis.xml
----------------- Instantiating /home/travis/build/icyphy/ptII/ptolemy/domains/continuous/test/auto/Hysteresis.xml
133 ms. Memory: 271360K Free: 166211K (61%)
----------------- Invoking toplevel() on ptolemy.moml.MoMLSimpleApplication@7d00512
----------------- Done invoking toplevel() on ptolemy.moml.MoMLSimpleApplication@7d00512
reloadAllAccessors: .Hysteresis

===========================================================================================
----------------- testing Wed Dec 11 06:26:27 UTC 2019 /home/travis/build/icyphy/ptII/ptolemy/domains/continuous/test/auto/HysteresisWithRandomDelay.xml
----------------- Instantiating /home/travis/build/icyphy/ptII/ptolemy/domains/continuous/test/auto/HysteresisWithRandomDelay.xml
176 ms. Memory: 271360K Free: 94537K (35%)
----------------- Invoking toplevel() on ptolemy.moml.MoMLSimpleApplication@8db6a5f
----------------- Done invoking toplevel() on ptolemy.moml.MoMLSimpleApplication@8db6a5f
reloadAllAccessors: .HysteresisWithRandomDelay

===========================================================================================
----------------- testing Wed Dec 11 06:26:28 UTC 2019 /home/travis/build/icyphy/ptII/ptolemy/domains/continuous/test/auto/HysteresisWithRandomLosses.xml
----------------- Instantiating /home/travis/build/icyphy/ptII/ptolemy/domains/continuous/test/auto/HysteresisWithRandomLosses.xml
2130 ms. Memory: 271360K Free: 161085K (59%)
----------------- Invoking toplevel() on ptolemy.moml.MoMLSimpleApplication@5de5618c
----------------- Done invoking toplevel() on ptolemy.moml.MoMLSimpleApplication@5de5618c
reloadAllAccessors: .HysteresisWithRandomLosses

===========================================================================================
----------------- testing Wed Dec 11 06:26:30 UTC 2019 /home/travis/build/icyphy/ptII/ptolemy/domains/continuous/test/auto/ImmediateTransitions.xml
----------------- Instantiating /home/travis/build/icyphy/ptII/ptolemy/domains/continuous/test/auto/ImmediateTransitions.xml
13 ms. Memory: 271360K Free: 149806K (55%)
----------------- Invoking toplevel() on ptolemy.moml.MoMLSimpleApplication@13487272
----------------- Done invoking toplevel() on ptolemy.moml.MoMLSimpleApplication@13487272
reloadAllAccessors: .ImmediateTransitions

===========================================================================================
----------------- testing Wed Dec 11 06:26:30 UTC 2019 /home/travis/build/icyphy/ptII/ptolemy/domains/continuous/test/auto/ImpulseFeedback.xml
----------------- Instantiating /home/travis/build/icyphy/ptII/ptolemy/domains/continuous/test/auto/ImpulseFeedback.xml
6 ms. Memory: 271360K Free: 144191K (53%)
----------------- Invoking toplevel() on ptolemy.moml.MoMLSimpleApplication@5f52ec34
----------------- Done invoking toplevel() on ptolemy.moml.MoMLSimpleApplication@5f52ec34
reloadAllAccessors: .ImpulseFeedback

===========================================================================================
----------------- testing Wed Dec 11 06:26:30 UTC 2019 /home/travis/build/icyphy/ptII/ptolemy/domains/continuous/test/auto/ImpulseFeedback2.xml
----------------- Instantiating /home/travis/build/icyphy/ptII/ptolemy/domains/continuous/test/auto/ImpulseFeedback2.xml
6 ms. Memory: 271360K Free: 138557K (51%)
----------------- Invoking toplevel() on ptolemy.moml.MoMLSimpleApplication@252e55f0
----------------- Done invoking toplevel() on ptolemy.moml.MoMLSimpleApplication@252e55f0
reloadAllAccessors: .ImpulseFeedback2

===========================================================================================
----------------- testing Wed Dec 11 06:26:30 UTC 2019 /home/travis/build/icyphy/ptII/ptolemy/domains/continuous/test/auto/IncreasingRatePoisson.xml
----------------- Instantiating /home/travis/build/icyphy/ptII/ptolemy/domains/continuous/test/auto/IncreasingRatePoisson.xml
707 ms. Memory: 271360K Free: 155350K (57%)
----------------- Invoking toplevel() on ptolemy.moml.MoMLSimpleApplication@172bc235
----------------- Done invoking toplevel() on ptolemy.moml.MoMLSimpleApplication@172bc235
reloadAllAccessors: .IncreasingRatePoisson

===========================================================================================
----------------- testing Wed Dec 11 06:26:31 UTC 2019 /home/travis/build/icyphy/ptII/ptolemy/domains/continuous/test/auto/InitialStateFeedback.xml
----------------- Instantiating /home/travis/build/icyphy/ptII/ptolemy/domains/continuous/test/auto/InitialStateFeedback.xml
6 ms. Memory: 271360K Free: 150758K (56%)
----------------- Invoking toplevel() on ptolemy.moml.MoMLSimpleApplication@2baf4324
----------------- Done invoking toplevel() on ptolemy.moml.MoMLSimpleApplication@2baf4324
reloadAllAccessors: .InitialStateFeedback

===========================================================================================
----------------- testing Wed Dec 11 06:26:31 UTC 2019 /home/travis/build/icyphy/ptII/ptolemy/domains/continuous/test/auto/Integration.xml
----------------- Instantiating /home/travis/build/icyphy/ptII/ptolemy/domains/continuous/test/auto/Integration.xml
3 ms. Memory: 271360K Free: 146662K (54%)
----------------- Invoking toplevel() on ptolemy.moml.MoMLSimpleApplication@eb00db0
----------------- Done invoking toplevel() on ptolemy.moml.MoMLSimpleApplication@eb00db0
reloadAllAccessors: .Integration

===========================================================================================
----------------- testing Wed Dec 11 06:26:31 UTC 2019 /home/travis/build/icyphy/ptII/ptolemy/domains/continuous/test/auto/Integration2.xml
----------------- Instantiating /home/travis/build/icyphy/ptII/ptolemy/domains/continuous/test/auto/Integration2.xml
67 ms. Memory: 271360K Free: 132326K (49%)
----------------- Invoking toplevel() on ptolemy.moml.MoMLSimpleApplication@744924b1
----------------- Done invoking toplevel() on ptolemy.moml.MoMLSimpleApplication@744924b1
reloadAllAccessors: .Integration2

===========================================================================================
----------------- testing Wed Dec 11 06:26:31 UTC 2019 /home/travis/build/icyphy/ptII/ptolemy/domains/continuous/test/auto/Integration3.xml
----------------- Instantiating /home/travis/build/icyphy/ptII/ptolemy/domains/continuous/test/auto/Integration3.xml
2 ms. Memory: 271360K Free: 127702K (47%)
----------------- Invoking toplevel() on ptolemy.moml.MoMLSimpleApplication@378a5e1c
----------------- Done invoking toplevel() on ptolemy.moml.MoMLSimpleApplication@378a5e1c
reloadAllAccessors: .Integration3

===========================================================================================
----------------- testing Wed Dec 11 06:26:31 UTC 2019 /home/travis/build/icyphy/ptII/ptolemy/domains/continuous/test/auto/Integration5.xml
----------------- Instantiating /home/travis/build/icyphy/ptII/ptolemy/domains/continuous/test/auto/Integration5.xml
2 ms. Memory: 271360K Free: 123620K (46%)
----------------- Invoking toplevel() on ptolemy.moml.MoMLSimpleApplication@6df117ab
----------------- Done invoking toplevel() on ptolemy.moml.MoMLSimpleApplication@6df117ab
reloadAllAccessors: .Integration5

===========================================================================================
----------------- testing Wed Dec 11 06:26:31 UTC 2019 /home/travis/build/icyphy/ptII/ptolemy/domains/continuous/test/auto/IntegratorImpulse.xml
----------------- Instantiating /home/travis/build/icyphy/ptII/ptolemy/domains/continuous/test/auto/IntegratorImpulse.xml
2 ms. Memory: 271360K Free: 119510K (44%)
----------------- Invoking toplevel() on ptolemy.moml.MoMLSimpleApplication@3b37bfda
----------------- Done invoking toplevel() on ptolemy.moml.MoMLSimpleApplication@3b37bfda
reloadAllAccessors: .IntegratorImpulse

===========================================================================================
----------------- testing Wed Dec 11 06:26:31 UTC 2019 /home/travis/build/icyphy/ptII/ptolemy/domains/continuous/test/auto/IntegratorImpulse2.xml
----------------- Instantiating /home/travis/build/icyphy/ptII/ptolemy/domains/continuous/test/auto/IntegratorImpulse2.xml
3 ms. Memory: 271360K Free: 114918K (42%)
----------------- Invoking toplevel() on ptolemy.moml.MoMLSimpleApplication@6f80a7d8
----------------- Done invoking toplevel() on ptolemy.moml.MoMLSimpleApplication@6f80a7d8
reloadAllAccessors: .IntegratorImpulse2

===========================================================================================
----------------- testing Wed Dec 11 06:26:31 UTC 2019 /home/travis/build/icyphy/ptII/ptolemy/domains/continuous/test/auto/LevelCrossing1.xml
----------------- Instantiating /home/travis/build/icyphy/ptII/ptolemy/domains/continuous/test/auto/LevelCrossing1.xml
3 ms. Memory: 271360K Free: 109798K (40%)
----------------- Invoking toplevel() on ptolemy.moml.MoMLSimpleApplication@3b42969f
----------------- Done invoking toplevel() on ptolemy.moml.MoMLSimpleApplication@3b42969f
reloadAllAccessors: .LevelCrossing1

===========================================================================================
----------------- testing Wed Dec 11 06:26:31 UTC 2019 /home/travis/build/icyphy/ptII/ptolemy/domains/continuous/test/auto/LevelCrossing2.xml
----------------- Instantiating /home/travis/build/icyphy/ptII/ptolemy/domains/continuous/test/auto/LevelCrossing2.xml
3 ms. Memory: 271360K Free: 104678K (39%)
----------------- Invoking toplevel() on ptolemy.moml.MoMLSimpleApplication@1e637bc1
----------------- Done invoking toplevel() on ptolemy.moml.MoMLSimpleApplication@1e637bc1
reloadAllAccessors: .LevelCrossing2

===========================================================================================
----------------- testing Wed Dec 11 06:26:31 UTC 2019 /home/travis/build/icyphy/ptII/ptolemy/domains/continuous/test/auto/LevelCrossing3.xml
----------------- Instantiating /home/travis/build/icyphy/ptII/ptolemy/domains/continuous/test/auto/LevelCrossing3.xml
2 ms. Memory: 271360K Free: 99558K (37%)
----------------- Invoking toplevel() on ptolemy.moml.MoMLSimpleApplication@5082b60c
----------------- Done invoking toplevel() on ptolemy.moml.MoMLSimpleApplication@5082b60c
reloadAllAccessors: .LevelCrossing3

===========================================================================================
----------------- testing Wed Dec 11 06:26:31 UTC 2019 /home/travis/build/icyphy/ptII/ptolemy/domains/continuous/test/auto/LevelCrossing4.xml
----------------- Instantiating /home/travis/build/icyphy/ptII/ptolemy/domains/continuous/test/auto/LevelCrossing4.xml
2 ms. Memory: 271360K Free: 94438K (35%)
----------------- Invoking toplevel() on ptolemy.moml.MoMLSimpleApplication@d3d6b28
----------------- Done invoking toplevel() on ptolemy.moml.MoMLSimpleApplication@d3d6b28
reloadAllAccessors: .LevelCrossing4

===========================================================================================
----------------- testing Wed Dec 11 06:26:31 UTC 2019 /home/travis/build/icyphy/ptII/ptolemy/domains/continuous/test/auto/LevelCrossing5.xml
----------------- Instantiating /home/travis/build/icyphy/ptII/ptolemy/domains/continuous/test/auto/LevelCrossing5.xml
3 ms. Memory: 271360K Free: 251193K (93%)
----------------- Invoking toplevel() on ptolemy.moml.MoMLSimpleApplication@22233a4f
----------------- Done invoking toplevel() on ptolemy.moml.MoMLSimpleApplication@22233a4f
reloadAllAccessors: .LevelCrossing5

===========================================================================================
[...]
----------------- testing Wed Dec 11 06:26:46 UTC 2019 /home/travis/build/icyphy/ptII/ptolemy/domains/continuous/test/auto/SRinContinuous.xml
----------------- Instantiating /home/travis/build/icyphy/ptII/ptolemy/domains/continuous/test/auto/SRinContinuous.xml
4 ms. Memory: 271360K Free: 166271K (61%)
----------------- Invoking toplevel() on ptolemy.moml.MoMLSimpleApplication@7355dcee
----------------- Done invoking toplevel() on ptolemy.moml.MoMLSimpleApplication@7355dcee
reloadAllAccessors: .SRinContinuous

===========================================================================================
----------------- testing Wed Dec 11 06:26:46 UTC 2019 /home/travis/build/icyphy/ptII/ptolemy/domains/continuous/test/auto/SampledClocks.xml
----------------- Instantiating /home/travis/build/icyphy/ptII/ptolemy/domains/continuous/test/auto/SampledClocks.xml
6 ms. Memory: 271360K Free: 153469K (57%)
----------------- Invoking toplevel() on ptolemy.moml.MoMLSimpleApplication@77d8db4a
----------------- Done invoking toplevel() on ptolemy.moml.MoMLSimpleApplication@77d8db4a
reloadAllAccessors: .SampledClocks

===========================================================================================
----------------- testing Wed Dec 11 06:26:46 UTC 2019 /home/travis/build/icyphy/ptII/ptolemy/domains/continuous/test/auto/Satellite.xml
----------------- Instantiating /home/travis/build/icyphy/ptII/ptolemy/domains/continuous/test/auto/Satellite.xml
650 ms. Memory: 271360K Free: 112099K (41%)
----------------- Invoking toplevel() on ptolemy.moml.MoMLSimpleApplication@6f6dcbf9
----------------- Done invoking toplevel() on ptolemy.moml.MoMLSimpleApplication@6f6dcbf9
reloadAllAccessors: .Satellite

===========================================================================================
----------------- testing Wed Dec 11 06:26:47 UTC 2019 /home/travis/build/icyphy/ptII/ptolemy/domains/continuous/test/auto/SigmaDelta.xml
----------------- Instantiating /home/travis/build/icyphy/ptII/ptolemy/domains/continuous/test/auto/SigmaDelta.xml
1827 ms. Memory: 271360K Free: 172716K (64%)
----------------- Invoking toplevel() on ptolemy.moml.MoMLSimpleApplication@4ac04a05
----------------- Done invoking toplevel() on ptolemy.moml.MoMLSimpleApplication@4ac04a05
reloadAllAccessors: .SigmaDelta

===========================================================================================
----------------- testing Wed Dec 11 06:26:49 UTC 2019 /home/travis/build/icyphy/ptII/ptolemy/domains/continuous/test/auto/SingleRefinement.xml
----------------- Instantiating /home/travis/build/icyphy/ptII/ptolemy/domains/continuous/test/auto/SingleRefinement.xml
301 ms. Memory: 271360K Free: 149168K (55%)
----------------- Invoking toplevel() on ptolemy.moml.MoMLSimpleApplication@7428e021
----------------- Done invoking toplevel() on ptolemy.moml.MoMLSimpleApplication@7428e021
reloadAllAccessors: .SingleRefinement

===========================================================================================
----------------- testing Wed Dec 11 06:26:49 UTC 2019 /home/travis/build/icyphy/ptII/ptolemy/domains/continuous/test/auto/SinuBouncingBall.xml
----------------- Instantiating /home/travis/build/icyphy/ptII/ptolemy/domains/continuous/test/auto/SinuBouncingBall.xml
817 ms. Memory: 271360K Free: 248774K (92%)
----------------- Invoking toplevel() on ptolemy.moml.MoMLSimpleApplication@21649156
----------------- Done invoking toplevel() on ptolemy.moml.MoMLSimpleApplication@21649156
reloadAllAccessors: .SinuBouncingBall

===========================================================================================
----------------- testing Wed Dec 11 06:26:50 UTC 2019 /home/travis/build/icyphy/ptII/ptolemy/domains/continuous/test/auto/Sinusoid.xml
----------------- Instantiating /home/travis/build/icyphy/ptII/ptolemy/domains/continuous/test/auto/Sinusoid.xml
7 ms. Memory: 271360K Free: 244168K (90%)
----------------- Invoking toplevel() on ptolemy.moml.MoMLSimpleApplication@5925798b
----------------- Done invoking toplevel() on ptolemy.moml.MoMLSimpleApplication@5925798b
reloadAllAccessors: .Sinusoid

===========================================================================================
----------------- testing Wed Dec 11 06:26:50 UTC 2019 /home/travis/build/icyphy/ptII/ptolemy/domains/continuous/test/auto/SinusoidInNoise.xml
----------------- Instantiating /home/travis/build/icyphy/ptII/ptolemy/domains/continuous/test/auto/SinusoidInNoise.xml
852 ms. Memory: 271360K Free: 110024K (41%)
----------------- Invoking toplevel() on ptolemy.moml.MoMLSimpleApplication@39582df5
----------------- Done invoking toplevel() on ptolemy.moml.MoMLSimpleApplication@39582df5
reloadAllAccessors: .SinusoidInNoise

===========================================================================================
----------------- testing Wed Dec 11 06:26:51 UTC 2019 /home/travis/build/icyphy/ptII/ptolemy/domains/continuous/test/auto/SinusoidRK45.xml
----------------- Instantiating /home/travis/build/icyphy/ptII/ptolemy/domains/continuous/test/auto/SinusoidRK45.xml
2 ms. Memory: 271360K Free: 105928K (39%)
----------------- Invoking toplevel() on ptolemy.moml.MoMLSimpleApplication@6c4bb4e5
----------------- Done invoking toplevel() on ptolemy.moml.MoMLSimpleApplication@6c4bb4e5
reloadAllAccessors: .SinusoidRK45

===========================================================================================
----------------- testing Wed Dec 11 06:26:51 UTC 2019 /home/travis/build/icyphy/ptII/ptolemy/domains/continuous/test/auto/SinusoidWithMultipleImpulses.xml
----------------- Instantiating /home/travis/build/icyphy/ptII/ptolemy/domains/continuous/test/auto/SinusoidWithMultipleImpulses.xml
3 ms. Memory: 271360K Free: 101318K (37%)
----------------- Invoking toplevel() on ptolemy.moml.MoMLSimpleApplication@67d888a8
----------------- Done invoking toplevel() on ptolemy.moml.MoMLSimpleApplication@67d888a8
reloadAllAccessors: .SinusoidWithMultipleImpulses

===========================================================================================
----------------- testing Wed Dec 11 06:26:51 UTC 2019 /home/travis/build/icyphy/ptII/ptolemy/domains/continuous/test/auto/SquareWave.xml
----------------- Instantiating /home/travis/build/icyphy/ptII/ptolemy/domains/continuous/test/auto/SquareWave.xml
145 ms. Memory: 271360K Free: 235879K (87%)
----------------- Invoking toplevel() on ptolemy.moml.MoMLSimpleApplication@29c7b00c
----------------- Done invoking toplevel() on ptolemy.moml.MoMLSimpleApplication@29c7b00c
reloadAllAccessors: .SquareWave

===========================================================================================
----------------- testing Wed Dec 11 06:26:51 UTC 2019 /home/travis/build/icyphy/ptII/ptolemy/domains/continuous/test/auto/Starmac.xml
----------------- Instantiating /home/travis/build/icyphy/ptII/ptolemy/domains/continuous/test/auto/Starmac.xml
3067 ms. Memory: 271360K Free: 240196K (89%)
----------------- Invoking toplevel() on ptolemy.moml.MoMLSimpleApplication@66459fbd
----------------- Done invoking toplevel() on ptolemy.moml.MoMLSimpleApplication@66459fbd
reloadAllAccessors: .Starmac

===========================================================================================
----------------- testing Wed Dec 11 06:26:54 UTC 2019 /home/travis/build/icyphy/ptII/ptolemy/domains/continuous/test/auto/StaticUnits.xml
----------------- Instantiating /home/travis/build/icyphy/ptII/ptolemy/domains/continuous/test/auto/StaticUnits.xml
1739 ms. Memory: 325632K Free: 151105K (46%)
----------------- Invoking toplevel() on ptolemy.moml.MoMLSimpleApplication@19480d5a
----------------- Done invoking toplevel() on ptolemy.moml.MoMLSimpleApplication@19480d5a
reloadAllAccessors: .StaticUnits

===========================================================================================
----------------- testing Wed Dec 11 06:26:57 UTC 2019 /home/travis/build/icyphy/ptII/ptolemy/domains/continuous/test/auto/StickyMasses.xml
----------------- Instantiating /home/travis/build/icyphy/ptII/ptolemy/domains/continuous/test/auto/StickyMasses.xml
139 ms. Memory: 325632K Free: 290865K (89%)
----------------- Invoking toplevel() on ptolemy.moml.MoMLSimpleApplication@4f8f004
----------------- Done invoking toplevel() on ptolemy.moml.MoMLSimpleApplication@4f8f004
reloadAllAccessors: .StickyMasses

===========================================================================================
----------------- testing Wed Dec 11 06:26:57 UTC 2019 /home/travis/build/icyphy/ptII/ptolemy/domains/continuous/test/auto/StopTime.xml
----------------- Instantiating /home/travis/build/icyphy/ptII/ptolemy/domains/continuous/test/auto/StopTime.xml
42 ms. Memory: 325632K Free: 265744K (82%)
----------------- Invoking toplevel() on ptolemy.moml.MoMLSimpleApplication@3c6ff0ef
----------------- Done invoking toplevel() on ptolemy.moml.MoMLSimpleApplication@3c6ff0ef
reloadAllAccessors: .StopTime

===========================================================================================
----------------- testing Wed Dec 11 06:26:57 UTC 2019 /home/travis/build/icyphy/ptII/ptolemy/domains/continuous/test/auto/StopTime2.xml
----------------- Instantiating /home/travis/build/icyphy/ptII/ptolemy/domains/continuous/test/auto/StopTime2.xml
40 ms. Memory: 325632K Free: 243761K (75%)
----------------- Invoking toplevel() on ptolemy.moml.MoMLSimpleApplication@17f01ca
----------------- Done invoking toplevel() on ptolemy.moml.MoMLSimpleApplication@17f01ca
reloadAllAccessors: .StopTime2

===========================================================================================
----------------- testing Wed Dec 11 06:26:57 UTC 2019 /home/travis/build/icyphy/ptII/ptolemy/domains/continuous/test/auto/Switch.xml
----------------- Instantiating /home/travis/build/icyphy/ptII/ptolemy/domains/continuous/test/auto/Switch.xml
40 ms. Memory: 325632K Free: 219185K (67%)
----------------- Invoking toplevel() on ptolemy.moml.MoMLSimpleApplication@3eae2099
----------------- Done invoking toplevel() on ptolemy.moml.MoMLSimpleApplication@3eae2099
reloadAllAccessors: .Switch

===========================================================================================
----------------- testing Wed Dec 11 06:26:57 UTC 2019 /home/travis/build/icyphy/ptII/ptolemy/domains/continuous/test/auto/Thermostat.xml
----------------- Instantiating /home/travis/build/icyphy/ptII/ptolemy/domains/continuous/test/auto/Thermostat.xml
186 ms. Memory: 325632K Free: 146991K (45%)
----------------- Invoking toplevel() on ptolemy.moml.MoMLSimpleApplication@483f1dc2
----------------- Done invoking toplevel() on ptolemy.moml.MoMLSimpleApplication@483f1dc2
reloadAllAccessors: .Thermostat

===========================================================================================
----------------- testing Wed Dec 11 06:26:57 UTC 2019 /home/travis/build/icyphy/ptII/ptolemy/domains/continuous/test/auto/TimeDelay.xml
----------------- Instantiating /home/travis/build/icyphy/ptII/ptolemy/domains/continuous/test/auto/TimeDelay.xml
6 ms. Memory: 325632K Free: 142385K (44%)
----------------- Invoking toplevel() on ptolemy.moml.MoMLSimpleApplication@5a4a9e6
----------------- Done invoking toplevel() on ptolemy.moml.MoMLSimpleApplication@5a4a9e6
reloadAllAccessors: .TimeDelay

===========================================================================================
----------------- testing Wed Dec 11 06:26:57 UTC 2019 /home/travis/build/icyphy/ptII/ptolemy/domains/continuous/test/auto/TimeDelay2.xml
----------------- Instantiating /home/travis/build/icyphy/ptII/ptolemy/domains/continuous/test/auto/TimeDelay2.xml
7 ms. Memory: 325632K Free: 132655K (41%)
----------------- Invoking toplevel() on ptolemy.moml.MoMLSimpleApplication@2e5c2fba
----------------- Done invoking toplevel() on ptolemy.moml.MoMLSimpleApplication@2e5c2fba
reloadAllAccessors: .TimeDelay2

===========================================================================================
----------------- testing Wed Dec 11 06:26:57 UTC 2019 /home/travis/build/icyphy/ptII/ptolemy/domains/continuous/test/auto/TimeDelay3.xml
----------------- Instantiating /home/travis/build/icyphy/ptII/ptolemy/domains/continuous/test/auto/TimeDelay3.xml
4 ms. Memory: 325632K Free: 128049K (39%)
----------------- Invoking toplevel() on ptolemy.moml.MoMLSimpleApplication@40103cb6
----------------- Done invoking toplevel() on ptolemy.moml.MoMLSimpleApplication@40103cb6
reloadAllAccessors: .TimeDelay3

===========================================================================================
----------------- testing Wed Dec 11 06:26:57 UTC 2019 /home/travis/build/icyphy/ptII/ptolemy/domains/continuous/test/auto/TransferAbsentToInside.xml
----------------- Instantiating /home/travis/build/icyphy/ptII/ptolemy/domains/continuous/test/auto/TransferAbsentToInside.xml
27 ms. Memory: 325632K Free: 263712K (81%)
----------------- Invoking toplevel() on ptolemy.moml.MoMLSimpleApplication@1a013151
----------------- Done invoking toplevel() on ptolemy.moml.MoMLSimpleApplication@1a013151
reloadAllAccessors: .TransferAbsentToInside

===========================================================================================
----------------- testing Wed Dec 11 06:26:57 UTC 2019 /home/travis/build/icyphy/ptII/ptolemy/domains/continuous/test/auto/Transmission.xml
----------------- Instantiating /home/travis/build/icyphy/ptII/ptolemy/domains/continuous/test/auto/Transmission.xml
728 ms. Memory: 325632K Free: 221715K (68%)
----------------- Invoking toplevel() on ptolemy.moml.MoMLSimpleApplication@2a100f83
----------------- Done invoking toplevel() on ptolemy.moml.MoMLSimpleApplication@2a100f83
reloadAllAccessors: .Transmission

===========================================================================================
----------------- testing Wed Dec 11 06:26:58 UTC 2019 /home/travis/build/icyphy/ptII/ptolemy/domains/continuous/test/auto/TriggeredContinuousClock.xml
----------------- Instantiating /home/travis/build/icyphy/ptII/ptolemy/domains/continuous/test/auto/TriggeredContinuousClock.xml
39 ms. Memory: 325632K Free: 192019K (59%)
----------------- Invoking toplevel() on ptolemy.moml.MoMLSimpleApplication@682eb079
----------------- Done invoking toplevel() on ptolemy.moml.MoMLSimpleApplication@682eb079
reloadAllAccessors: .TriggeredContinuousClock

===========================================================================================
----------------- testing Wed Dec 11 06:26:58 UTC 2019 /home/travis/build/icyphy/ptII/ptolemy/domains/continuous/test/auto/TwoMachineInfiniteBusControl.xml
----------------- Instantiating /home/travis/build/icyphy/ptII/ptolemy/domains/continuous/test/auto/TwoMachineInfiniteBusControl.xml
2654 ms. Memory: 325632K Free: 148989K (46%)
----------------- Invoking toplevel() on ptolemy.moml.MoMLSimpleApplication@4d9d2b07
----------------- Done invoking toplevel() on ptolemy.moml.MoMLSimpleApplication@4d9d2b07
reloadAllAccessors: .TwoMachineInfiniteBusControl

===========================================================================================
----------------- testing Wed Dec 11 06:27:01 UTC 2019 /home/travis/build/icyphy/ptII/ptolemy/domains/continuous/test/auto/V2V.xml
----------------- Instantiating /home/travis/build/icyphy/ptII/ptolemy/domains/continuous/test/auto/V2V.xml
764 ms. Memory: 391168K Free: 213004K (54%)
----------------- Invoking toplevel() on ptolemy.moml.MoMLSimpleApplication@436c7436
----------------- Done invoking toplevel() on ptolemy.moml.MoMLSimpleApplication@436c7436
reloadAllAccessors: .V2V

===========================================================================================
----------------- testing Wed Dec 11 06:27:02 UTC 2019 /home/travis/build/icyphy/ptII/ptolemy/domains/continuous/test/auto/hierarchicalModalModel.xml
----------------- Instantiating /home/travis/build/icyphy/ptII/ptolemy/domains/continuous/test/auto/hierarchicalModalModel.xml
8 ms. Memory: 391168K Free: 199144K (51%)
----------------- Invoking toplevel() on ptolemy.moml.MoMLSimpleApplication@77b305ed
----------------- Done invoking toplevel() on ptolemy.moml.MoMLSimpleApplication@77b305ed
reloadAllAccessors: .hierarchicalModalModel

===========================================================================================
----------------- testing Wed Dec 11 06:27:02 UTC 2019 /home/travis/build/icyphy/ptII/ptolemy/domains/continuous/test/auto/hierarchicalModalModel1.xml
----------------- Instantiating /home/travis/build/icyphy/ptII/ptolemy/domains/continuous/test/auto/hierarchicalModalModel1.xml
8 ms. Memory: 391168K Free: 184823K (47%)
----------------- Invoking toplevel() on ptolemy.moml.MoMLSimpleApplication@70996b92
----------------- Done invoking toplevel() on ptolemy.moml.MoMLSimpleApplication@70996b92
reloadAllAccessors: .hierarchicalModalModel1

===========================================================================================
----------------- testing Wed Dec 11 06:27:02 UTC 2019 /home/travis/build/icyphy/ptII/ptolemy/domains/continuous/test/auto/hierarchicalModalModel2.xml
----------------- Instantiating /home/travis/build/icyphy/ptII/ptolemy/domains/continuous/test/auto/hierarchicalModalModel2.xml
6 ms. Memory: 391168K Free: 172520K (44%)
----------------- Invoking toplevel() on ptolemy.moml.MoMLSimpleApplication@775148a8
----------------- Done invoking toplevel() on ptolemy.moml.MoMLSimpleApplication@775148a8
reloadAllAccessors: .hierarchicalModalModel2

===========================================================================================
----------------- testing Wed Dec 11 06:27:02 UTC 2019 /home/travis/build/icyphy/ptII/ptolemy/domains/continuous/test/auto/hierarchicalModalModel3.xml
----------------- Instantiating /home/travis/build/icyphy/ptII/ptolemy/domains/continuous/test/auto/hierarchicalModalModel3.xml
6 ms. Memory: 391168K Free: 161785K (41%)
----------------- Invoking toplevel() on ptolemy.moml.MoMLSimpleApplication@6b444067
----------------- Done invoking toplevel() on ptolemy.moml.MoMLSimpleApplication@6b444067
reloadAllAccessors: .hierarchicalModalModel3

===========================================================================================
----------------- testing Wed Dec 11 06:27:02 UTC 2019 /home/travis/build/icyphy/ptII/ptolemy/domains/continuous/test/auto/hierarchicalModalModel4.xml
----------------- Instantiating /home/travis/build/icyphy/ptII/ptolemy/domains/continuous/test/auto/hierarchicalModalModel4.xml
4 ms. Memory: 391168K Free: 150007K (38%)
----------------- Invoking toplevel() on ptolemy.moml.MoMLSimpleApplication@71069edf
----------------- Done invoking toplevel() on ptolemy.moml.MoMLSimpleApplication@71069edf
reloadAllAccessors: .hierarchicalModalModel4

===========================================================================================
----------------- testing Wed Dec 11 06:27:02 UTC 2019 /home/travis/build/icyphy/ptII/ptolemy/domains/continuous/test/auto/junk.xml
----------------- Instantiating /home/travis/build/icyphy/ptII/ptolemy/domains/continuous/test/auto/junk.xml
135 ms. Memory: 391168K Free: 353224K (90%)
----------------- Invoking toplevel() on ptolemy.moml.MoMLSimpleApplication@3b657aba
----------------- Done invoking toplevel() on ptolemy.moml.MoMLSimpleApplication@3b657aba
reloadAllAccessors: .junk
AutoTests.java: About to close Vertx.
AutoTests.java: Vertx closed.
]]></system-out>
  <system-err><![CDATA[Warning: '.HysteresisWithRandomDelay.NonStrictTest3' The test produced only 26 tokens, yet the correctValues parameter was expecting 30 tokens.
Warning: '.IncreasingRatePoisson.NonStrictTest' The test produced only 399 tokens, yet the correctValues parameter was expecting 402 tokens.
Warning: '.Poisson.NonStrictTest' The test produced only 369 tokens, yet the correctValues parameter was expecting 430 tokens.
]]></system-err>
</testsuite>
