<?xml version="1.0" encoding="UTF-8" ?>
<testsuite errors="0" failures="0" hostname="travis-job-ef6ec945-4023-4e14-b3ab-d3bd2dd9344b" name="ptolemy.domains.sdf.test.junit.JUnitTclTest" skipped="0" tests="66" time="20.303" timestamp="2018-08-18T02:01:36">
  <properties>
[...]
</properties>
  <testcase classname="ptolemy.util.test.junit.TclTests" name="[0] /home/travis/build/icyphy/ptII/ptolemy/domains/sdf/test/SDFSchedulerErrors.tcl (RunTclFile)" time="0.739" />
  <testcase classname="ptolemy.util.test.junit.TclTests" name="[1] /home/travis/build/icyphy/ptII/ptolemy/domains/sdf/test/composition.tcl (RunTclFile)" time="0.167" />
  <testcase classname="ptolemy.util.test.junit.TclTests" name="[2] /home/travis/build/icyphy/ptII/ptolemy/domains/sdf/test/cycle.tcl (RunTclFile)" time="0.044" />
  <testcase classname="ptolemy.util.test.junit.AutoKnownFailedTests" name="[0] ThereAreNoKnowFailedTests (RunModel)" time="0.001" />
  <testcase classname="ptolemy.util.test.junit.AutoNameArchTests" name="[0] ThereAreNoAutoArchTests (RunModel)" time="0.001" />
  <testcase classname="ptolemy.util.test.junit.AutoTests" name="[0] /home/travis/build/icyphy/ptII/ptolemy/domains/sdf/test/auto/Array.xml (RunModel)" time="0.149" />
  <testcase classname="ptolemy.util.test.junit.AutoTests" name="[1] /home/travis/build/icyphy/ptII/ptolemy/domains/sdf/test/auto/Butterfly.xml (RunModel)" time="0.113" />
  <testcase classname="ptolemy.util.test.junit.AutoTests" name="[2] /home/travis/build/icyphy/ptII/ptolemy/domains/sdf/test/auto/Expression.xml (RunModel)" time="0.174" />
  <testcase classname="ptolemy.util.test.junit.AutoTests" name="[3] /home/travis/build/icyphy/ptII/ptolemy/domains/sdf/test/auto/Eye.xml (RunModel)" time="0.394" />
  <testcase classname="ptolemy.util.test.junit.AutoTests" name="[4] /home/travis/build/icyphy/ptII/ptolemy/domains/sdf/test/auto/FixFIR.xml (RunModel)" time="0.408" />
  <testcase classname="ptolemy.util.test.junit.AutoTests" name="[5] /home/travis/build/icyphy/ptII/ptolemy/domains/sdf/test/auto/FixPoint.xml (RunModel)" time="0.065" />
  <testcase classname="ptolemy.util.test.junit.AutoTests" name="[6] /home/travis/build/icyphy/ptII/ptolemy/domains/sdf/test/auto/Gravitation.xml (RunModel)" time="3.242" />
  <testcase classname="ptolemy.util.test.junit.AutoTests" name="[7] /home/travis/build/icyphy/ptII/ptolemy/domains/sdf/test/auto/GravitationWithCollisionDetection.xml (RunModel)" time="6.401" />
  <testcase classname="ptolemy.util.test.junit.AutoTests" name="[8] /home/travis/build/icyphy/ptII/ptolemy/domains/sdf/test/auto/HDF.xml (RunModel)" time="0.165" />
  <testcase classname="ptolemy.util.test.junit.AutoTests" name="[9] /home/travis/build/icyphy/ptII/ptolemy/domains/sdf/test/auto/HDFwithTransientStates.xml (RunModel)" time="0.088" />
  <testcase classname="ptolemy.util.test.junit.AutoTests" name="[10] /home/travis/build/icyphy/ptII/ptolemy/domains/sdf/test/auto/HTVQ.xml (RunModel)" time="0.887" />
  <testcase classname="ptolemy.util.test.junit.AutoTests" name="[11] /home/travis/build/icyphy/ptII/ptolemy/domains/sdf/test/auto/InferInitProduction.xml (RunModel)" time="0.029" />
  <testcase classname="ptolemy.util.test.junit.AutoTests" name="[12] /home/travis/build/icyphy/ptII/ptolemy/domains/sdf/test/auto/InferInitProductionDeeper.xml (RunModel)" time="0.042" />
  <testcase classname="ptolemy.util.test.junit.AutoTests" name="[13] /home/travis/build/icyphy/ptII/ptolemy/domains/sdf/test/auto/LMSAdaptive.xml (RunModel)" time="0.08" />
  <testcase classname="ptolemy.util.test.junit.AutoTests" name="[14] /home/travis/build/icyphy/ptII/ptolemy/domains/sdf/test/auto/LogisticMap.xml (RunModel)" time="0.48" />
  <testcase classname="ptolemy.util.test.junit.AutoTests" name="[15] /home/travis/build/icyphy/ptII/ptolemy/domains/sdf/test/auto/MaximumEntropySpectrum.xml (RunModel)" time="0.302" />
  <testcase classname="ptolemy.util.test.junit.AutoTests" name="[16] /home/travis/build/icyphy/ptII/ptolemy/domains/sdf/test/auto/MultirateSDF.xml (RunModel)" time="0.073" />
  <testcase classname="ptolemy.util.test.junit.AutoTests" name="[17] /home/travis/build/icyphy/ptII/ptolemy/domains/sdf/test/auto/MultirateSDFwithTransientStates.xml (RunModel)" time="0.092" />
  <testcase classname="ptolemy.util.test.junit.AutoTests" name="[18] /home/travis/build/icyphy/ptII/ptolemy/domains/sdf/test/auto/NoisySinewave.xml (RunModel)" time="0.068" />
  <testcase classname="ptolemy.util.test.junit.AutoTests" name="[19] /home/travis/build/icyphy/ptII/ptolemy/domains/sdf/test/auto/Objects.xml (RunModel)" time="0.071" />
  <testcase classname="ptolemy.util.test.junit.AutoTests" name="[20] /home/travis/build/icyphy/ptII/ptolemy/domains/sdf/test/auto/OrthogonalCom.xml (RunModel)" time="0.046" />
  <testcase classname="ptolemy.util.test.junit.AutoTests" name="[21] /home/travis/build/icyphy/ptII/ptolemy/domains/sdf/test/auto/RijndaelEncryption.xml (RunModel)" time="0.573" />
  <testcase classname="ptolemy.util.test.junit.AutoTests" name="[22] /home/travis/build/icyphy/ptII/ptolemy/domains/sdf/test/auto/SDFEmptyIterations.xml (RunModel)" time="0.013" />
  <testcase classname="ptolemy.util.test.junit.AutoTests" name="[23] /home/travis/build/icyphy/ptII/ptolemy/domains/sdf/test/auto/Spectrum.xml (RunModel)" time="0.064" />
  <testcase classname="ptolemy.util.test.junit.AutoTests" name="[24] /home/travis/build/icyphy/ptII/ptolemy/domains/sdf/test/auto/de_inside_sdf.xml (RunModel)" time="0.027" />
  <testcase classname="ptolemy.util.test.junit.AutoTests" name="[25] /home/travis/build/icyphy/ptII/ptolemy/domains/sdf/test/auto/disconnectedHierarchicalSDF.xml (RunModel)" time="0.023" />
  <testcase classname="ptolemy.util.test.junit.AutoTests" name="[26] /home/travis/build/icyphy/ptII/ptolemy/domains/sdf/test/auto/disconnectedSDF.xml (RunModel)" time="0.022" />
  <testcase classname="ptolemy.util.test.junit.AutoTests" name="[27] /home/travis/build/icyphy/ptII/ptolemy/domains/sdf/test/auto/emptyRefinement.xml (RunModel)" time="0.025" />
  <testcase classname="ptolemy.util.test.junit.AutoTests" name="[28] /home/travis/build/icyphy/ptII/ptolemy/domains/sdf/test/auto/filePortParameter.xml (RunModel)" time="0.049" />
  <testcase classname="ptolemy.util.test.junit.AutoTests" name="[29] /home/travis/build/icyphy/ptII/ptolemy/domains/sdf/test/auto/inferRelationWidth1.xml (RunModel)" time="0.015" />
  <testcase classname="ptolemy.util.test.junit.AutoTests" name="[30] /home/travis/build/icyphy/ptII/ptolemy/domains/sdf/test/auto/initProductionInference.xml (RunModel)" time="0.024" />
  <testcase classname="ptolemy.util.test.junit.AutoTests" name="[31] /home/travis/build/icyphy/ptII/ptolemy/domains/sdf/test/auto/relationGroup.xml (RunModel)" time="0.014" />
  <testcase classname="ptolemy.util.test.junit.AutoTests" name="[32] /home/travis/build/icyphy/ptII/ptolemy/domains/sdf/test/auto/relationGroup10.xml (RunModel)" time="0.022" />
  <testcase classname="ptolemy.util.test.junit.AutoTests" name="[33] /home/travis/build/icyphy/ptII/ptolemy/domains/sdf/test/auto/relationGroup11.xml (RunModel)" time="0.016" />
  <testcase classname="ptolemy.util.test.junit.AutoTests" name="[34] /home/travis/build/icyphy/ptII/ptolemy/domains/sdf/test/auto/relationGroup12.xml (RunModel)" time="0.017" />
  <testcase classname="ptolemy.util.test.junit.AutoTests" name="[35] /home/travis/build/icyphy/ptII/ptolemy/domains/sdf/test/auto/relationGroup13.xml (RunModel)" time="0.025" />
  <testcase classname="ptolemy.util.test.junit.AutoTests" name="[36] /home/travis/build/icyphy/ptII/ptolemy/domains/sdf/test/auto/relationGroup14.xml (RunModel)" time="0.02" />
  <testcase classname="ptolemy.util.test.junit.AutoTests" name="[37] /home/travis/build/icyphy/ptII/ptolemy/domains/sdf/test/auto/relationGroup15.xml (RunModel)" time="0.016" />
  <testcase classname="ptolemy.util.test.junit.AutoTests" name="[38] /home/travis/build/icyphy/ptII/ptolemy/domains/sdf/test/auto/relationGroup2.xml (RunModel)" time="0.009" />
  <testcase classname="ptolemy.util.test.junit.AutoTests" name="[39] /home/travis/build/icyphy/ptII/ptolemy/domains/sdf/test/auto/relationGroup3.xml (RunModel)" time="0.014" />
  <testcase classname="ptolemy.util.test.junit.AutoTests" name="[40] /home/travis/build/icyphy/ptII/ptolemy/domains/sdf/test/auto/relationGroup4.xml (RunModel)" time="0.016" />
  <testcase classname="ptolemy.util.test.junit.AutoTests" name="[41] /home/travis/build/icyphy/ptII/ptolemy/domains/sdf/test/auto/relationGroup5.xml (RunModel)" time="0.017" />
  <testcase classname="ptolemy.util.test.junit.AutoTests" name="[42] /home/travis/build/icyphy/ptII/ptolemy/domains/sdf/test/auto/relationGroup6.xml (RunModel)" time="0.019" />
  <testcase classname="ptolemy.util.test.junit.AutoTests" name="[43] /home/travis/build/icyphy/ptII/ptolemy/domains/sdf/test/auto/relationGroup7.xml (RunModel)" time="0.009" />
  <testcase classname="ptolemy.util.test.junit.AutoTests" name="[44] /home/travis/build/icyphy/ptII/ptolemy/domains/sdf/test/auto/relationGroup8.xml (RunModel)" time="0.02" />
  <testcase classname="ptolemy.util.test.junit.AutoTests" name="[45] /home/travis/build/icyphy/ptII/ptolemy/domains/sdf/test/auto/relationGroup9.xml (RunModel)" time="0.021" />
  <testcase classname="ptolemy.util.test.junit.AutoTests" name="[46] /home/travis/build/icyphy/ptII/ptolemy/domains/sdf/test/auto/sdf_inside_de.xml (RunModel)" time="0.049" />
  <testcase classname="ptolemy.util.test.junit.AutoTests" name="[47] /home/travis/build/icyphy/ptII/ptolemy/domains/sdf/test/auto/sdf_inside_pn.xml (RunModel)" time="0.049" />
  <testcase classname="ptolemy.util.test.junit.AutoTests" name="[48] /home/travis/build/icyphy/ptII/ptolemy/domains/sdf/test/auto/sdf_sdf1.xml (RunModel)" time="0.017" />
  <testcase classname="ptolemy.util.test.junit.AutoTests" name="[49] /home/travis/build/icyphy/ptII/ptolemy/domains/sdf/test/auto/test1.xml (RunModel)" time="0.015" />
  <testcase classname="ptolemy.util.test.junit.AutoTests" name="[50] /home/travis/build/icyphy/ptII/ptolemy/domains/sdf/test/auto/time1.xml (RunModel)" time="0.012" />
  <testcase classname="ptolemy.util.test.junit.AutoTests" name="[51] /home/travis/build/icyphy/ptII/ptolemy/domains/sdf/test/auto/time2.xml (RunModel)" time="0.009" />
  <testcase classname="ptolemy.util.test.junit.AutoTests" name="[52] /home/travis/build/icyphy/ptII/ptolemy/domains/sdf/test/auto/time3.xml (RunModel)" time="0.017" />
  <testcase classname="ptolemy.util.test.junit.AutoTests" name="[53] /home/travis/build/icyphy/ptII/ptolemy/domains/sdf/test/auto/time4.xml (RunModel)" time="0.015" />
  <testcase classname="ptolemy.util.test.junit.AutoTests" name="[54] /home/travis/build/icyphy/ptII/ptolemy/domains/sdf/test/auto/time5.xml (RunModel)" time="4.008" />
  <testcase classname="ptolemy.util.test.junit.AutoTests" name="[55] /home/travis/build/icyphy/ptII/ptolemy/domains/sdf/test/auto/typeSystem_Const_Integer_smallest_Type.xml (RunModel)" time="0.025" />
  <testcase classname="ptolemy.util.test.junit.AutoTests" name="[56] /home/travis/build/icyphy/ptII/ptolemy/domains/sdf/test/auto/typeSystem_declared_Inports_OutportTypeException.xml (RunModel)" time="0.017" />
  <testcase classname="ptolemy.util.test.junit.AutoTests" name="[57] /home/travis/build/icyphy/ptII/ptolemy/domains/sdf/test/auto/typeSystem_oneDeclaredInportType_wrongTypeOutport.xml (RunModel)" time="0.013" />
  <testcase classname="ptolemy.util.test.junit.AutoTests" name="[58] /home/travis/build/icyphy/ptII/ptolemy/domains/sdf/test/auto/width.xml (RunModel)" time="0.011" />
  <testcase classname="ptolemy.util.test.junit.AutoTests" name="[59] /home/travis/build/icyphy/ptII/ptolemy/domains/sdf/test/auto/width2.xml (RunModel)" time="0.035" />
  <testcase classname="ptolemy.util.test.junit.AutoTests" name="[60] /home/travis/build/icyphy/ptII/ptolemy/domains/sdf/test/auto/width3.xml (RunModel)" time="0.032" />
  <system-out><![CDATA[/home/travis/build/icyphy/ptII/ptolemy/domains/sdf/test/SDFSchedulerErrors.tcl
testDefs.tcl: setting time out to 9000 seconds at Sat Aug 18 02:01:36 UTC 2018
23 ms. Memory: 116224K Free: 105579K (91%)
5 ms. Memory: 116224K Free: 98517K (85%)
5 ms. Memory: 116224K Free: 91552K (79%)
9 ms. Memory: 116224K Free: 88479K (76%)
/home/travis/build/icyphy/ptII/ptolemy/domains/sdf/test/composition.tcl
30 ms. Memory: 116224K Free: 84865K (73%)
6 ms. Memory: 116224K Free: 82457K (71%)
/home/travis/build/icyphy/ptII/ptolemy/domains/sdf/test/cycle.tcl
.Toplevel.Director Preinitializing ...
Invoking preinitialize():  .Toplevel.Actor1
Invoking preinitialize():  .Toplevel.Actor2
Invoking preinitialize():  .Toplevel.Delay
.Toplevel.Director Finished preinitialize().
### Schedule:
Execute Schedule{
Fire Actor ptolemy.domains.sdf.kernel.test.SDFTestDelay {.Toplevel.Actor1}
Fire Actor ptolemy.domains.sdf.kernel.test.SDFTestDelay {.Toplevel.Actor2}
Fire Actor ptolemy.domains.sdf.lib.SampleDelay {.Toplevel.Delay}
}
### End schedule
Called initialize().
Invoking initialize():  .Toplevel.Actor1
Initializing actor: .Toplevel.Actor1.
Invoking initialize():  .Toplevel.Actor2
Initializing actor: .Toplevel.Actor2.
Invoking initialize():  .Toplevel.Delay
Initializing actor: .Toplevel.Delay.
Director: Called prefire().
-- Setting current time to 0.0
Director prefire returns true.
The actor .Toplevel.Actor1 will be iterated.
The actor .Toplevel.Actor1 was iterated.
The actor .Toplevel.Actor2 will be iterated.
The actor .Toplevel.Actor2 was iterated.
The actor .Toplevel.Delay will be iterated.
The actor .Toplevel.Delay was iterated.
Director: Called postfire().
Postfire returns: true
Director: Called prefire().
-- Setting current time to 0.0
Director prefire returns true.
The actor .Toplevel.Actor1 will be iterated.
The actor .Toplevel.Actor1 was iterated.
The actor .Toplevel.Actor2 will be iterated.
The actor .Toplevel.Actor2 was iterated.
The actor .Toplevel.Delay will be iterated.
The actor .Toplevel.Delay was iterated.
Director: Called postfire().
Postfire returns: true
Director: Called prefire().
-- Setting current time to 0.0
Director prefire returns true.
The actor .Toplevel.Actor1 will be iterated.
The actor .Toplevel.Actor1 was iterated.
The actor .Toplevel.Actor2 will be iterated.
The actor .Toplevel.Actor2 was iterated.
The actor .Toplevel.Delay will be iterated.
The actor .Toplevel.Delay was iterated.
Director: Called postfire().
Postfire returns: true
Director: Called prefire().
-- Setting current time to 0.0
Director prefire returns true.
The actor .Toplevel.Actor1 will be iterated.
The actor .Toplevel.Actor1 was iterated.
The actor .Toplevel.Actor2 will be iterated.
The actor .Toplevel.Actor2 was iterated.
The actor .Toplevel.Delay will be iterated.
The actor .Toplevel.Delay was iterated.
Director: Called postfire().
Postfire returns: true
Director: Called prefire().
-- Setting current time to 0.0
Director prefire returns true.
The actor .Toplevel.Actor1 will be iterated.
The actor .Toplevel.Actor1 was iterated.
The actor .Toplevel.Actor2 will be iterated.
The actor .Toplevel.Actor2 was iterated.
The actor .Toplevel.Delay will be iterated.
The actor .Toplevel.Delay was iterated.
Director: Called postfire().
Postfire returns: true
Director: Called prefire().
-- Setting current time to 0.0
Director prefire returns true.
The actor .Toplevel.Actor1 will be iterated.
The actor .Toplevel.Actor1 was iterated.
The actor .Toplevel.Actor2 will be iterated.
The actor .Toplevel.Actor2 was iterated.
The actor .Toplevel.Delay will be iterated.
The actor .Toplevel.Delay was iterated.
Reached specified number of iterations: 6
Director: Called wrapup().
21 ms. Memory: 146944K Free: 141020K (96%)
08/18/18 02:01:37
Failed: 0  Total Tests: 8  ((Passed: 8, Newly Passed: 0)  Known Failed: 0) /home/travis/build/icyphy/ptII/ptolemy/domains/sdf/test
No auto/knownFailedTests/*.xml tests in /home/travis/build/icyphy/ptII/ptolemy/domains/sdf/test
No auto/linux-amd64/*.xml tests in /home/travis/build/icyphy/ptII/ptolemy/domains/sdf/test
AutoTests.java: About to close Vertx.
AutoTests.java: Vertx closed.

===========================================================================================
----------------- testing Sat Aug 18 02:01:38 UTC 2018 /home/travis/build/icyphy/ptII/ptolemy/domains/sdf/test/auto/Array.xml
----------------- Instantiating /home/travis/build/icyphy/ptII/ptolemy/domains/sdf/test/auto/Array.xml
31 ms. Memory: 146944K Free: 101101K (69%)
----------------- Invoking toplevel() on ptolemy.moml.MoMLSimpleApplication@3bc9dace
----------------- Done invoking toplevel() on ptolemy.moml.MoMLSimpleApplication@3bc9dace
reloadAllAccessors: .Array

===========================================================================================
----------------- testing Sat Aug 18 02:01:38 UTC 2018 /home/travis/build/icyphy/ptII/ptolemy/domains/sdf/test/auto/Butterfly.xml
----------------- Instantiating /home/travis/build/icyphy/ptII/ptolemy/domains/sdf/test/auto/Butterfly.xml
61 ms. Memory: 146944K Free: 95547K (65%)
----------------- Invoking toplevel() on ptolemy.moml.MoMLSimpleApplication@8ba4600
----------------- Done invoking toplevel() on ptolemy.moml.MoMLSimpleApplication@8ba4600
reloadAllAccessors: .Butterfly

===========================================================================================
----------------- testing Sat Aug 18 02:01:38 UTC 2018 /home/travis/build/icyphy/ptII/ptolemy/domains/sdf/test/auto/Expression.xml
----------------- Instantiating /home/travis/build/icyphy/ptII/ptolemy/domains/sdf/test/auto/Expression.xml
105 ms. Memory: 146944K Free: 88858K (60%)
----------------- Invoking toplevel() on ptolemy.moml.MoMLSimpleApplication@75685877
----------------- Done invoking toplevel() on ptolemy.moml.MoMLSimpleApplication@75685877
reloadAllAccessors: .Expression

===========================================================================================
----------------- testing Sat Aug 18 02:01:38 UTC 2018 /home/travis/build/icyphy/ptII/ptolemy/domains/sdf/test/auto/Eye.xml
----------------- Instantiating /home/travis/build/icyphy/ptII/ptolemy/domains/sdf/test/auto/Eye.xml
208 ms. Memory: 146944K Free: 119965K (82%)
----------------- Invoking toplevel() on ptolemy.moml.MoMLSimpleApplication@43d279c8
----------------- Done invoking toplevel() on ptolemy.moml.MoMLSimpleApplication@43d279c8
reloadAllAccessors: .Eye

===========================================================================================
----------------- testing Sat Aug 18 02:01:38 UTC 2018 /home/travis/build/icyphy/ptII/ptolemy/domains/sdf/test/auto/FixFIR.xml
----------------- Instantiating /home/travis/build/icyphy/ptII/ptolemy/domains/sdf/test/auto/FixFIR.xml
185 ms. Memory: 146944K Free: 81926K (56%)
----------------- Invoking toplevel() on ptolemy.moml.MoMLSimpleApplication@7473e07
----------------- Done invoking toplevel() on ptolemy.moml.MoMLSimpleApplication@7473e07
reloadAllAccessors: .FixFIR

===========================================================================================
----------------- testing Sat Aug 18 02:01:39 UTC 2018 /home/travis/build/icyphy/ptII/ptolemy/domains/sdf/test/auto/FixPoint.xml
----------------- Instantiating /home/travis/build/icyphy/ptII/ptolemy/domains/sdf/test/auto/FixPoint.xml
34 ms. Memory: 208384K Free: 199738K (96%)
----------------- Invoking toplevel() on ptolemy.moml.MoMLSimpleApplication@2cff50b
----------------- Done invoking toplevel() on ptolemy.moml.MoMLSimpleApplication@2cff50b
reloadAllAccessors: .FixPoint

===========================================================================================
----------------- testing Sat Aug 18 02:01:39 UTC 2018 /home/travis/build/icyphy/ptII/ptolemy/domains/sdf/test/auto/Gravitation.xml
----------------- Instantiating /home/travis/build/icyphy/ptII/ptolemy/domains/sdf/test/auto/Gravitation.xml
3140 ms. Memory: 208384K Free: 106799K (51%)
----------------- Invoking toplevel() on ptolemy.moml.MoMLSimpleApplication@7034d257
----------------- Done invoking toplevel() on ptolemy.moml.MoMLSimpleApplication@7034d257
reloadAllAccessors: .Gravitation

===========================================================================================
----------------- testing Sat Aug 18 02:01:42 UTC 2018 /home/travis/build/icyphy/ptII/ptolemy/domains/sdf/test/auto/GravitationWithCollisionDetection.xml
----------------- Instantiating /home/travis/build/icyphy/ptII/ptolemy/domains/sdf/test/auto/GravitationWithCollisionDetection.xml
6143 ms. Memory: 874496K Free: 318900K (36%)
----------------- Invoking toplevel() on ptolemy.moml.MoMLSimpleApplication@708bb85f
----------------- Done invoking toplevel() on ptolemy.moml.MoMLSimpleApplication@708bb85f
reloadAllAccessors: .GravitationWithCollisionDetection

===========================================================================================
----------------- testing Sat Aug 18 02:01:49 UTC 2018 /home/travis/build/icyphy/ptII/ptolemy/domains/sdf/test/auto/HDF.xml
----------------- Instantiating /home/travis/build/icyphy/ptII/ptolemy/domains/sdf/test/auto/HDF.xml
48 ms. Memory: 874496K Free: 288196K (33%)
----------------- Invoking toplevel() on ptolemy.moml.MoMLSimpleApplication@18b48c48
----------------- Done invoking toplevel() on ptolemy.moml.MoMLSimpleApplication@18b48c48
reloadAllAccessors: .HDF

===========================================================================================
----------------- testing Sat Aug 18 02:01:49 UTC 2018 /home/travis/build/icyphy/ptII/ptolemy/domains/sdf/test/auto/HDFwithTransientStates.xml
----------------- Instantiating /home/travis/build/icyphy/ptII/ptolemy/domains/sdf/test/auto/HDFwithTransientStates.xml
19 ms. Memory: 874496K Free: 264618K (30%)
----------------- Invoking toplevel() on ptolemy.moml.MoMLSimpleApplication@433ffd1
----------------- Done invoking toplevel() on ptolemy.moml.MoMLSimpleApplication@433ffd1
reloadAllAccessors: .HDFwithTransientStates

===========================================================================================
----------------- testing Sat Aug 18 02:01:49 UTC 2018 /home/travis/build/icyphy/ptII/ptolemy/domains/sdf/test/auto/HTVQ.xml
----------------- Instantiating /home/travis/build/icyphy/ptII/ptolemy/domains/sdf/test/auto/HTVQ.xml
836 ms. Memory: 874496K Free: 91608K (10%)
----------------- Invoking toplevel() on ptolemy.moml.MoMLSimpleApplication@1655d09f
----------------- Done invoking toplevel() on ptolemy.moml.MoMLSimpleApplication@1655d09f
reloadAllAccessors: .HTVQ

===========================================================================================
----------------- testing Sat Aug 18 02:01:50 UTC 2018 /home/travis/build/icyphy/ptII/ptolemy/domains/sdf/test/auto/InferInitProduction.xml
----------------- Instantiating /home/travis/build/icyphy/ptII/ptolemy/domains/sdf/test/auto/InferInitProduction.xml
6 ms. Memory: 874496K Free: 76752K (9%)
----------------- Invoking toplevel() on ptolemy.moml.MoMLSimpleApplication@6ee73f6b
----------------- Done invoking toplevel() on ptolemy.moml.MoMLSimpleApplication@6ee73f6b
reloadAllAccessors: .InferInitProduction

===========================================================================================
----------------- testing Sat Aug 18 02:01:50 UTC 2018 /home/travis/build/icyphy/ptII/ptolemy/domains/sdf/test/auto/InferInitProductionDeeper.xml
----------------- Instantiating /home/travis/build/icyphy/ptII/ptolemy/domains/sdf/test/auto/InferInitProductionDeeper.xml
5 ms. Memory: 875008K Free: 847294K (97%)
----------------- Invoking toplevel() on ptolemy.moml.MoMLSimpleApplication@369b1981
----------------- Done invoking toplevel() on ptolemy.moml.MoMLSimpleApplication@369b1981
reloadAllAccessors: .InferInitProductionDeeper

===========================================================================================
----------------- testing Sat Aug 18 02:01:50 UTC 2018 /home/travis/build/icyphy/ptII/ptolemy/domains/sdf/test/auto/LMSAdaptive.xml
----------------- Instantiating /home/travis/build/icyphy/ptII/ptolemy/domains/sdf/test/auto/LMSAdaptive.xml
14 ms. Memory: 875008K Free: 821409K (94%)
----------------- Invoking toplevel() on ptolemy.moml.MoMLSimpleApplication@56ba41cd
----------------- Done invoking toplevel() on ptolemy.moml.MoMLSimpleApplication@56ba41cd
reloadAllAccessors: .LMSAdaptive

===========================================================================================
----------------- testing Sat Aug 18 02:01:50 UTC 2018 /home/travis/build/icyphy/ptII/ptolemy/domains/sdf/test/auto/LogisticMap.xml
----------------- Instantiating /home/travis/build/icyphy/ptII/ptolemy/domains/sdf/test/auto/LogisticMap.xml
445 ms. Memory: 875008K Free: 805690K (92%)
----------------- Invoking toplevel() on ptolemy.moml.MoMLSimpleApplication@6117667b
----------------- Done invoking toplevel() on ptolemy.moml.MoMLSimpleApplication@6117667b
reloadAllAccessors: .LogisticMap

===========================================================================================
----------------- testing Sat Aug 18 02:01:50 UTC 2018 /home/travis/build/icyphy/ptII/ptolemy/domains/sdf/test/auto/MaximumEntropySpectrum.xml
----------------- Instantiating /home/travis/build/icyphy/ptII/ptolemy/domains/sdf/test/auto/MaximumEntropySpectrum.xml
79 ms. Memory: 875008K Free: 727050K (83%)
----------------- Invoking toplevel() on ptolemy.moml.MoMLSimpleApplication@17d1e70e
----------------- Done invoking toplevel() on ptolemy.moml.MoMLSimpleApplication@17d1e70e
reloadAllAccessors: .MaximumEntropySpectrum

===========================================================================================
----------------- testing Sat Aug 18 02:01:51 UTC 2018 /home/travis/build/icyphy/ptII/ptolemy/domains/sdf/test/auto/MultirateSDF.xml
----------------- Instantiating /home/travis/build/icyphy/ptII/ptolemy/domains/sdf/test/auto/MultirateSDF.xml
20 ms. Memory: 875008K Free: 703456K (80%)
----------------- Invoking toplevel() on ptolemy.moml.MoMLSimpleApplication@79c2b0a0
----------------- Done invoking toplevel() on ptolemy.moml.MoMLSimpleApplication@79c2b0a0
reloadAllAccessors: .MultirateSDF

===========================================================================================
----------------- testing Sat Aug 18 02:01:51 UTC 2018 /home/travis/build/icyphy/ptII/ptolemy/domains/sdf/test/auto/MultirateSDFwithTransientStates.xml
----------------- Instantiating /home/travis/build/icyphy/ptII/ptolemy/domains/sdf/test/auto/MultirateSDFwithTransientStates.xml
20 ms. Memory: 875008K Free: 679879K (78%)
----------------- Invoking toplevel() on ptolemy.moml.MoMLSimpleApplication@2be3226e
----------------- Done invoking toplevel() on ptolemy.moml.MoMLSimpleApplication@2be3226e
reloadAllAccessors: .MultirateSDFwithTransientStates

===========================================================================================
----------------- testing Sat Aug 18 02:01:51 UTC 2018 /home/travis/build/icyphy/ptII/ptolemy/domains/sdf/test/auto/NoisySinewave.xml
----------------- Instantiating /home/travis/build/icyphy/ptII/ptolemy/domains/sdf/test/auto/NoisySinewave.xml
14 ms. Memory: 875008K Free: 656293K (75%)
----------------- Invoking toplevel() on ptolemy.moml.MoMLSimpleApplication@c7665f8
----------------- Done invoking toplevel() on ptolemy.moml.MoMLSimpleApplication@c7665f8
reloadAllAccessors: .NoisySinewave

===========================================================================================
----------------- testing Sat Aug 18 02:01:51 UTC 2018 /home/travis/build/icyphy/ptII/ptolemy/domains/sdf/test/auto/Objects.xml
----------------- Instantiating /home/travis/build/icyphy/ptII/ptolemy/domains/sdf/test/auto/Objects.xml
3 ms. Memory: 875008K Free: 630674K (72%)
----------------- Invoking toplevel() on ptolemy.moml.MoMLSimpleApplication@7bec46fb
----------------- Done invoking toplevel() on ptolemy.moml.MoMLSimpleApplication@7bec46fb
reloadAllAccessors: .Objects

===========================================================================================
----------------- testing Sat Aug 18 02:01:51 UTC 2018 /home/travis/build/icyphy/ptII/ptolemy/domains/sdf/test/auto/OrthogonalCom.xml
----------------- Instantiating /home/travis/build/icyphy/ptII/ptolemy/domains/sdf/test/auto/OrthogonalCom.xml
6 ms. Memory: 875008K Free: 614956K (70%)
----------------- Invoking toplevel() on ptolemy.moml.MoMLSimpleApplication@3b2892b6
----------------- Done invoking toplevel() on ptolemy.moml.MoMLSimpleApplication@3b2892b6
reloadAllAccessors: .OrthogonalCom

===========================================================================================
----------------- testing Sat Aug 18 02:01:51 UTC 2018 /home/travis/build/icyphy/ptII/ptolemy/domains/sdf/test/auto/RijndaelEncryption.xml
----------------- Instantiating /home/travis/build/icyphy/ptII/ptolemy/domains/sdf/test/auto/RijndaelEncryption.xml
280 ms. Memory: 875008K Free: 449828K (51%)
----------------- Invoking toplevel() on ptolemy.moml.MoMLSimpleApplication@234b83f4
----------------- Done invoking toplevel() on ptolemy.moml.MoMLSimpleApplication@234b83f4
reloadAllAccessors: .RijndaelEncryption

===========================================================================================
----------------- testing Sat Aug 18 02:01:52 UTC 2018 /home/travis/build/icyphy/ptII/ptolemy/domains/sdf/test/auto/SDFEmptyIterations.xml
----------------- Instantiating /home/travis/build/icyphy/ptII/ptolemy/domains/sdf/test/auto/SDFEmptyIterations.xml
5 ms. Memory: 875008K Free: 434110K (50%)
----------------- Invoking toplevel() on ptolemy.moml.MoMLSimpleApplication@50a941c5
----------------- Done invoking toplevel() on ptolemy.moml.MoMLSimpleApplication@50a941c5
reloadAllAccessors: .SDFEmptyIterations

===========================================================================================
----------------- testing Sat Aug 18 02:01:52 UTC 2018 /home/travis/build/icyphy/ptII/ptolemy/domains/sdf/test/auto/Spectrum.xml
----------------- Instantiating /home/travis/build/icyphy/ptII/ptolemy/domains/sdf/test/auto/Spectrum.xml
28 ms. Memory: 875008K Free: 410516K (47%)
----------------- Invoking toplevel() on ptolemy.moml.MoMLSimpleApplication@293eebf9
----------------- Done invoking toplevel() on ptolemy.moml.MoMLSimpleApplication@293eebf9
reloadAllAccessors: .Spectrum

===========================================================================================
----------------- testing Sat Aug 18 02:01:52 UTC 2018 /home/travis/build/icyphy/ptII/ptolemy/domains/sdf/test/auto/de_inside_sdf.xml
----------------- Instantiating /home/travis/build/icyphy/ptII/ptolemy/domains/sdf/test/auto/de_inside_sdf.xml
8 ms. Memory: 875008K Free: 394798K (45%)
----------------- Invoking toplevel() on ptolemy.moml.MoMLSimpleApplication@6a3b4474
----------------- Done invoking toplevel() on ptolemy.moml.MoMLSimpleApplication@6a3b4474
reloadAllAccessors: .de_inside_sdf

===========================================================================================
----------------- testing Sat Aug 18 02:01:52 UTC 2018 /home/travis/build/icyphy/ptII/ptolemy/domains/sdf/test/auto/disconnectedHierarchicalSDF.xml
----------------- Instantiating /home/travis/build/icyphy/ptII/ptolemy/domains/sdf/test/auto/disconnectedHierarchicalSDF.xml
4 ms. Memory: 875008K Free: 377039K (43%)
----------------- Invoking toplevel() on ptolemy.moml.MoMLSimpleApplication@14775244
----------------- Done invoking toplevel() on ptolemy.moml.MoMLSimpleApplication@14775244
reloadAllAccessors: .disconnectedHierarchicalSDF

===========================================================================================
----------------- testing Sat Aug 18 02:01:52 UTC 2018 /home/travis/build/icyphy/ptII/ptolemy/domains/sdf/test/auto/disconnectedSDF.xml
----------------- Instantiating /home/travis/build/icyphy/ptII/ptolemy/domains/sdf/test/auto/disconnectedSDF.xml
2 ms. Memory: 875008K Free: 361321K (41%)
----------------- Invoking toplevel() on ptolemy.moml.MoMLSimpleApplication@4d6c10d7
----------------- Done invoking toplevel() on ptolemy.moml.MoMLSimpleApplication@4d6c10d7
reloadAllAccessors: .disconnectedSDF

===========================================================================================
----------------- testing Sat Aug 18 02:01:52 UTC 2018 /home/travis/build/icyphy/ptII/ptolemy/domains/sdf/test/auto/emptyRefinement.xml
----------------- Instantiating /home/travis/build/icyphy/ptII/ptolemy/domains/sdf/test/auto/emptyRefinement.xml
4 ms. Memory: 875008K Free: 345602K (39%)
----------------- Invoking toplevel() on ptolemy.moml.MoMLSimpleApplication@d1bf12a
----------------- Done invoking toplevel() on ptolemy.moml.MoMLSimpleApplication@d1bf12a
reloadAllAccessors: .emptyRefinement

===========================================================================================
----------------- testing Sat Aug 18 02:01:52 UTC 2018 /home/travis/build/icyphy/ptII/ptolemy/domains/sdf/test/auto/filePortParameter.xml
----------------- Instantiating /home/travis/build/icyphy/ptII/ptolemy/domains/sdf/test/auto/filePortParameter.xml
15 ms. Memory: 875008K Free: 329884K (38%)
----------------- Invoking toplevel() on ptolemy.moml.MoMLSimpleApplication@7016a61f
----------------- Done invoking toplevel() on ptolemy.moml.MoMLSimpleApplication@7016a61f
reloadAllAccessors: .filePortParameter

===========================================================================================
----------------- testing Sat Aug 18 02:01:52 UTC 2018 /home/travis/build/icyphy/ptII/ptolemy/domains/sdf/test/auto/inferRelationWidth1.xml
----------------- Instantiating /home/travis/build/icyphy/ptII/ptolemy/domains/sdf/test/auto/inferRelationWidth1.xml
4 ms. Memory: 875008K Free: 314165K (36%)
----------------- Invoking toplevel() on ptolemy.moml.MoMLSimpleApplication@288d66bb
----------------- Done invoking toplevel() on ptolemy.moml.MoMLSimpleApplication@288d66bb
reloadAllAccessors: .inferRelationWidth1

===========================================================================================
----------------- testing Sat Aug 18 02:01:52 UTC 2018 /home/travis/build/icyphy/ptII/ptolemy/domains/sdf/test/auto/initProductionInference.xml
----------------- Instantiating /home/travis/build/icyphy/ptII/ptolemy/domains/sdf/test/auto/initProductionInference.xml
8 ms. Memory: 875008K Free: 298447K (34%)
----------------- Invoking toplevel() on ptolemy.moml.MoMLSimpleApplication@39afb4d6
----------------- Done invoking toplevel() on ptolemy.moml.MoMLSimpleApplication@39afb4d6
reloadAllAccessors: .initProductionInference

===========================================================================================
----------------- testing Sat Aug 18 02:01:52 UTC 2018 /home/travis/build/icyphy/ptII/ptolemy/domains/sdf/test/auto/relationGroup.xml
----------------- Instantiating /home/travis/build/icyphy/ptII/ptolemy/domains/sdf/test/auto/relationGroup.xml
2 ms. Memory: 875008K Free: 280688K (32%)
----------------- Invoking toplevel() on ptolemy.moml.MoMLSimpleApplication@6244cdbe
----------------- Done invoking toplevel() on ptolemy.moml.MoMLSimpleApplication@6244cdbe
reloadAllAccessors: .relationGroup

===========================================================================================
----------------- testing Sat Aug 18 02:01:52 UTC 2018 /home/travis/build/icyphy/ptII/ptolemy/domains/sdf/test/auto/relationGroup10.xml
----------------- Instantiating /home/travis/build/icyphy/ptII/ptolemy/domains/sdf/test/auto/relationGroup10.xml
2 ms. Memory: 875008K Free: 264970K (30%)
----------------- Invoking toplevel() on ptolemy.moml.MoMLSimpleApplication@719d8676
----------------- Done invoking toplevel() on ptolemy.moml.MoMLSimpleApplication@719d8676
reloadAllAccessors: .relationGroup10

===========================================================================================
----------------- testing Sat Aug 18 02:01:52 UTC 2018 /home/travis/build/icyphy/ptII/ptolemy/domains/sdf/test/auto/relationGroup11.xml
----------------- Instantiating /home/travis/build/icyphy/ptII/ptolemy/domains/sdf/test/auto/relationGroup11.xml
2 ms. Memory: 875008K Free: 249251K (28%)
----------------- Invoking toplevel() on ptolemy.moml.MoMLSimpleApplication@7c2378e
----------------- Done invoking toplevel() on ptolemy.moml.MoMLSimpleApplication@7c2378e
reloadAllAccessors: .relationGroup11

===========================================================================================
----------------- testing Sat Aug 18 02:01:52 UTC 2018 /home/travis/build/icyphy/ptII/ptolemy/domains/sdf/test/auto/relationGroup12.xml
----------------- Instantiating /home/travis/build/icyphy/ptII/ptolemy/domains/sdf/test/auto/relationGroup12.xml
3 ms. Memory: 875008K Free: 233533K (27%)
----------------- Invoking toplevel() on ptolemy.moml.MoMLSimpleApplication@70e80f7b
----------------- Done invoking toplevel() on ptolemy.moml.MoMLSimpleApplication@70e80f7b
reloadAllAccessors: .relationGroup12

===========================================================================================
----------------- testing Sat Aug 18 02:01:52 UTC 2018 /home/travis/build/icyphy/ptII/ptolemy/domains/sdf/test/auto/relationGroup13.xml
----------------- Instantiating /home/travis/build/icyphy/ptII/ptolemy/domains/sdf/test/auto/relationGroup13.xml
6 ms. Memory: 875008K Free: 217815K (25%)
----------------- Invoking toplevel() on ptolemy.moml.MoMLSimpleApplication@38ee3497
----------------- Done invoking toplevel() on ptolemy.moml.MoMLSimpleApplication@38ee3497
reloadAllAccessors: .relationGroup13

===========================================================================================
----------------- testing Sat Aug 18 02:01:52 UTC 2018 /home/travis/build/icyphy/ptII/ptolemy/domains/sdf/test/auto/relationGroup14.xml
----------------- Instantiating /home/travis/build/icyphy/ptII/ptolemy/domains/sdf/test/auto/relationGroup14.xml
6 ms. Memory: 875008K Free: 202096K (23%)
----------------- Invoking toplevel() on ptolemy.moml.MoMLSimpleApplication@3e1812ce
----------------- Done invoking toplevel() on ptolemy.moml.MoMLSimpleApplication@3e1812ce
reloadAllAccessors: .relationGroup14

===========================================================================================
----------------- testing Sat Aug 18 02:01:52 UTC 2018 /home/travis/build/icyphy/ptII/ptolemy/domains/sdf/test/auto/relationGroup15.xml
----------------- Instantiating /home/travis/build/icyphy/ptII/ptolemy/domains/sdf/test/auto/relationGroup15.xml
2 ms. Memory: 875008K Free: 184337K (21%)
----------------- Invoking toplevel() on ptolemy.moml.MoMLSimpleApplication@840b515
----------------- Done invoking toplevel() on ptolemy.moml.MoMLSimpleApplication@840b515
reloadAllAccessors: .relationGroup15

===========================================================================================
----------------- testing Sat Aug 18 02:01:52 UTC 2018 /home/travis/build/icyphy/ptII/ptolemy/domains/sdf/test/auto/relationGroup2.xml
----------------- Instantiating /home/travis/build/icyphy/ptII/ptolemy/domains/sdf/test/auto/relationGroup2.xml
2 ms. Memory: 875008K Free: 168618K (19%)
----------------- Invoking toplevel() on ptolemy.moml.MoMLSimpleApplication@22b38bd6
----------------- Done invoking toplevel() on ptolemy.moml.MoMLSimpleApplication@22b38bd6
reloadAllAccessors: .relationGroup2

===========================================================================================
----------------- testing Sat Aug 18 02:01:52 UTC 2018 /home/travis/build/icyphy/ptII/ptolemy/domains/sdf/test/auto/relationGroup3.xml
----------------- Instantiating /home/travis/build/icyphy/ptII/ptolemy/domains/sdf/test/auto/relationGroup3.xml
2 ms. Memory: 875008K Free: 152900K (17%)
----------------- Invoking toplevel() on ptolemy.moml.MoMLSimpleApplication@c870998
----------------- Done invoking toplevel() on ptolemy.moml.MoMLSimpleApplication@c870998
reloadAllAccessors: .relationGroup3

===========================================================================================
----------------- testing Sat Aug 18 02:01:52 UTC 2018 /home/travis/build/icyphy/ptII/ptolemy/domains/sdf/test/auto/relationGroup4.xml
----------------- Instantiating /home/travis/build/icyphy/ptII/ptolemy/domains/sdf/test/auto/relationGroup4.xml
4 ms. Memory: 875008K Free: 137182K (16%)
----------------- Invoking toplevel() on ptolemy.moml.MoMLSimpleApplication@7a49ed80
----------------- Done invoking toplevel() on ptolemy.moml.MoMLSimpleApplication@7a49ed80
reloadAllAccessors: .relationGroup4

===========================================================================================
----------------- testing Sat Aug 18 02:01:52 UTC 2018 /home/travis/build/icyphy/ptII/ptolemy/domains/sdf/test/auto/relationGroup5.xml
----------------- Instantiating /home/travis/build/icyphy/ptII/ptolemy/domains/sdf/test/auto/relationGroup5.xml
3 ms. Memory: 875008K Free: 121463K (14%)
----------------- Invoking toplevel() on ptolemy.moml.MoMLSimpleApplication@69579d43
----------------- Done invoking toplevel() on ptolemy.moml.MoMLSimpleApplication@69579d43
reloadAllAccessors: .relationGroup5

===========================================================================================
----------------- testing Sat Aug 18 02:01:52 UTC 2018 /home/travis/build/icyphy/ptII/ptolemy/domains/sdf/test/auto/relationGroup6.xml
----------------- Instantiating /home/travis/build/icyphy/ptII/ptolemy/domains/sdf/test/auto/relationGroup6.xml
5 ms. Memory: 875008K Free: 105745K (12%)
----------------- Invoking toplevel() on ptolemy.moml.MoMLSimpleApplication@51ff248e
----------------- Done invoking toplevel() on ptolemy.moml.MoMLSimpleApplication@51ff248e
reloadAllAccessors: .relationGroup6

===========================================================================================
----------------- testing Sat Aug 18 02:01:52 UTC 2018 /home/travis/build/icyphy/ptII/ptolemy/domains/sdf/test/auto/relationGroup7.xml
----------------- Instantiating /home/travis/build/icyphy/ptII/ptolemy/domains/sdf/test/auto/relationGroup7.xml
2 ms. Memory: 875008K Free: 87986K (10%)
----------------- Invoking toplevel() on ptolemy.moml.MoMLSimpleApplication@62ae9dbf
----------------- Done invoking toplevel() on ptolemy.moml.MoMLSimpleApplication@62ae9dbf
reloadAllAccessors: .relationGroup7

===========================================================================================
----------------- testing Sat Aug 18 02:01:52 UTC 2018 /home/travis/build/icyphy/ptII/ptolemy/domains/sdf/test/auto/relationGroup8.xml
----------------- Instantiating /home/travis/build/icyphy/ptII/ptolemy/domains/sdf/test/auto/relationGroup8.xml
2 ms. Memory: 875008K Free: 77092K (9%)
----------------- Invoking toplevel() on ptolemy.moml.MoMLSimpleApplication@3f31969c
----------------- Done invoking toplevel() on ptolemy.moml.MoMLSimpleApplication@3f31969c
reloadAllAccessors: .relationGroup8

===========================================================================================
----------------- testing Sat Aug 18 02:01:52 UTC 2018 /home/travis/build/icyphy/ptII/ptolemy/domains/sdf/test/auto/relationGroup9.xml
----------------- Instantiating /home/travis/build/icyphy/ptII/ptolemy/domains/sdf/test/auto/relationGroup9.xml
6 ms. Memory: 830464K Free: 802770K (97%)
----------------- Invoking toplevel() on ptolemy.moml.MoMLSimpleApplication@46202f46
----------------- Done invoking toplevel() on ptolemy.moml.MoMLSimpleApplication@46202f46
reloadAllAccessors: .relationGroup9

===========================================================================================
----------------- testing Sat Aug 18 02:01:52 UTC 2018 /home/travis/build/icyphy/ptII/ptolemy/domains/sdf/test/auto/sdf_inside_de.xml
----------------- Instantiating /home/travis/build/icyphy/ptII/ptolemy/domains/sdf/test/auto/sdf_inside_de.xml
19 ms. Memory: 830464K Free: 778972K (94%)
----------------- Invoking toplevel() on ptolemy.moml.MoMLSimpleApplication@173cb4d8
----------------- Done invoking toplevel() on ptolemy.moml.MoMLSimpleApplication@173cb4d8
reloadAllAccessors: .sdf_inside_de

===========================================================================================
----------------- testing Sat Aug 18 02:01:52 UTC 2018 /home/travis/build/icyphy/ptII/ptolemy/domains/sdf/test/auto/sdf_inside_pn.xml
----------------- Instantiating /home/travis/build/icyphy/ptII/ptolemy/domains/sdf/test/auto/sdf_inside_pn.xml
26 ms. Memory: 830464K Free: 726574K (87%)
----------------- Invoking toplevel() on ptolemy.moml.MoMLSimpleApplication@1d6505e3
----------------- Done invoking toplevel() on ptolemy.moml.MoMLSimpleApplication@1d6505e3
reloadAllAccessors: .sdf_inside_pn

===========================================================================================
----------------- testing Sat Aug 18 02:01:52 UTC 2018 /home/travis/build/icyphy/ptII/ptolemy/domains/sdf/test/auto/sdf_sdf1.xml
----------------- Instantiating /home/travis/build/icyphy/ptII/ptolemy/domains/sdf/test/auto/sdf_sdf1.xml
3 ms. Memory: 830464K Free: 711603K (86%)
----------------- Invoking toplevel() on ptolemy.moml.MoMLSimpleApplication@6bdc5c8a
----------------- Done invoking toplevel() on ptolemy.moml.MoMLSimpleApplication@6bdc5c8a
reloadAllAccessors: .sdf_sdf1

===========================================================================================
----------------- testing Sat Aug 18 02:01:52 UTC 2018 /home/travis/build/icyphy/ptII/ptolemy/domains/sdf/test/auto/test1.xml
----------------- Instantiating /home/travis/build/icyphy/ptII/ptolemy/domains/sdf/test/auto/test1.xml
2 ms. Memory: 830464K Free: 695290K (84%)
----------------- Invoking toplevel() on ptolemy.moml.MoMLSimpleApplication@aa582f2
----------------- Done invoking toplevel() on ptolemy.moml.MoMLSimpleApplication@aa582f2
reloadAllAccessors: .test1

===========================================================================================
----------------- testing Sat Aug 18 02:01:52 UTC 2018 /home/travis/build/icyphy/ptII/ptolemy/domains/sdf/test/auto/time1.xml
----------------- Instantiating /home/travis/build/icyphy/ptII/ptolemy/domains/sdf/test/auto/time1.xml
2 ms. Memory: 830464K Free: 680319K (82%)
----------------- Invoking toplevel() on ptolemy.moml.MoMLSimpleApplication@548ec40c
----------------- Done invoking toplevel() on ptolemy.moml.MoMLSimpleApplication@548ec40c
reloadAllAccessors: .time1

===========================================================================================
----------------- testing Sat Aug 18 02:01:52 UTC 2018 /home/travis/build/icyphy/ptII/ptolemy/domains/sdf/test/auto/time2.xml
----------------- Instantiating /home/travis/build/icyphy/ptII/ptolemy/domains/sdf/test/auto/time2.xml
1 ms. Memory: 830464K Free: 665348K (80%)
----------------- Invoking toplevel() on ptolemy.moml.MoMLSimpleApplication@128754d0
----------------- Done invoking toplevel() on ptolemy.moml.MoMLSimpleApplication@128754d0
reloadAllAccessors: .time2

===========================================================================================
----------------- testing Sat Aug 18 02:01:52 UTC 2018 /home/travis/build/icyphy/ptII/ptolemy/domains/sdf/test/auto/time3.xml
----------------- Instantiating /home/travis/build/icyphy/ptII/ptolemy/domains/sdf/test/auto/time3.xml
5 ms. Memory: 830464K Free: 650378K (78%)
----------------- Invoking toplevel() on ptolemy.moml.MoMLSimpleApplication@1d58122c
----------------- Done invoking toplevel() on ptolemy.moml.MoMLSimpleApplication@1d58122c
reloadAllAccessors: .time3

===========================================================================================
----------------- testing Sat Aug 18 02:01:52 UTC 2018 /home/travis/build/icyphy/ptII/ptolemy/domains/sdf/test/auto/time4.xml
----------------- Instantiating /home/travis/build/icyphy/ptII/ptolemy/domains/sdf/test/auto/time4.xml
4 ms. Memory: 830464K Free: 634065K (76%)
----------------- Invoking toplevel() on ptolemy.moml.MoMLSimpleApplication@e46db57
----------------- Done invoking toplevel() on ptolemy.moml.MoMLSimpleApplication@e46db57
reloadAllAccessors: .time4

===========================================================================================
----------------- testing Sat Aug 18 02:01:52 UTC 2018 /home/travis/build/icyphy/ptII/ptolemy/domains/sdf/test/auto/time5.xml
----------------- Instantiating /home/travis/build/icyphy/ptII/ptolemy/domains/sdf/test/auto/time5.xml
4002 ms. Memory: 830464K Free: 619094K (75%)
----------------- Invoking toplevel() on ptolemy.moml.MoMLSimpleApplication@331da00e
----------------- Done invoking toplevel() on ptolemy.moml.MoMLSimpleApplication@331da00e
reloadAllAccessors: .time5

===========================================================================================
----------------- testing Sat Aug 18 02:01:56 UTC 2018 /home/travis/build/icyphy/ptII/ptolemy/domains/sdf/test/auto/typeSystem_Const_Integer_smallest_Type.xml
----------------- Instantiating /home/travis/build/icyphy/ptII/ptolemy/domains/sdf/test/auto/typeSystem_Const_Integer_smallest_Type.xml
5 ms. Memory: 830464K Free: 604123K (73%)
----------------- Invoking toplevel() on ptolemy.moml.MoMLSimpleApplication@53625907
----------------- Done invoking toplevel() on ptolemy.moml.MoMLSimpleApplication@53625907
reloadAllAccessors: .typeSystem_Const_Integer_smallest_Type

===========================================================================================
----------------- testing Sat Aug 18 02:01:56 UTC 2018 /home/travis/build/icyphy/ptII/ptolemy/domains/sdf/test/auto/typeSystem_declared_Inports_OutportTypeException.xml
----------------- Instantiating /home/travis/build/icyphy/ptII/ptolemy/domains/sdf/test/auto/typeSystem_declared_Inports_OutportTypeException.xml
.typeSystem_declared_Inports_OutportTypeException.TestExceptionAttribute: initialize() was not invoked, but wrapup() was.  This is unusual, but not always a problem.  For example, exporting JNLP will do this.
2 ms. Memory: 830464K Free: 587810K (71%)
----------------- Invoking toplevel() on ptolemy.moml.MoMLSimpleApplication@58b06bbf
----------------- Done invoking toplevel() on ptolemy.moml.MoMLSimpleApplication@58b06bbf
reloadAllAccessors: .typeSystem_declared_Inports_OutportTypeException

===========================================================================================
----------------- testing Sat Aug 18 02:01:56 UTC 2018 /home/travis/build/icyphy/ptII/ptolemy/domains/sdf/test/auto/typeSystem_oneDeclaredInportType_wrongTypeOutport.xml
----------------- Instantiating /home/travis/build/icyphy/ptII/ptolemy/domains/sdf/test/auto/typeSystem_oneDeclaredInportType_wrongTypeOutport.xml
2 ms. Memory: 830464K Free: 572839K (69%)
----------------- Invoking toplevel() on ptolemy.moml.MoMLSimpleApplication@6ca19bf
----------------- Done invoking toplevel() on ptolemy.moml.MoMLSimpleApplication@6ca19bf
reloadAllAccessors: .typeSystem_oneDeclaredInportType_wrongTypeOutport

===========================================================================================
----------------- testing Sat Aug 18 02:01:56 UTC 2018 /home/travis/build/icyphy/ptII/ptolemy/domains/sdf/test/auto/width.xml
----------------- Instantiating /home/travis/build/icyphy/ptII/ptolemy/domains/sdf/test/auto/width.xml
2 ms. Memory: 830464K Free: 557868K (67%)
----------------- Invoking toplevel() on ptolemy.moml.MoMLSimpleApplication@6864d8eb
----------------- Done invoking toplevel() on ptolemy.moml.MoMLSimpleApplication@6864d8eb
reloadAllAccessors: .width

===========================================================================================
----------------- testing Sat Aug 18 02:01:56 UTC 2018 /home/travis/build/icyphy/ptII/ptolemy/domains/sdf/test/auto/width2.xml
----------------- Instantiating /home/travis/build/icyphy/ptII/ptolemy/domains/sdf/test/auto/width2.xml
26 ms. Memory: 830464K Free: 542897K (65%)
----------------- Invoking toplevel() on ptolemy.moml.MoMLSimpleApplication@5941d77a
----------------- Done invoking toplevel() on ptolemy.moml.MoMLSimpleApplication@5941d77a
reloadAllAccessors: .width2

===========================================================================================
----------------- testing Sat Aug 18 02:01:56 UTC 2018 /home/travis/build/icyphy/ptII/ptolemy/domains/sdf/test/auto/width3.xml
----------------- Instantiating /home/travis/build/icyphy/ptII/ptolemy/domains/sdf/test/auto/width3.xml
24 ms. Memory: 830464K Free: 526585K (63%)
----------------- Invoking toplevel() on ptolemy.moml.MoMLSimpleApplication@303a6a6c
----------------- Done invoking toplevel() on ptolemy.moml.MoMLSimpleApplication@303a6a6c
reloadAllAccessors: .width3
AutoTests.java: About to close Vertx.
AutoTests.java: Vertx closed.
]]></system-out>
  <system-err><![CDATA[java.lang.RuntimeException: Execution failed
	at ptolemy.moml.MoMLSimpleApplication$UnloadThread.run(MoMLSimpleApplication.java:402)
Caused by: ptolemy.actor.sched.NotSchedulableException: No solution exists for the balance equations.
Graph is not consistent under the SDF domain detected on external port .rateConsistency.actor.port2
  in .rateConsistency.SDF Director.Scheduler
	at ptolemy.domains.sdf.kernel.SDFScheduler._propagatePort(SDFScheduler.java:1425)
	at ptolemy.domains.sdf.kernel.SDFScheduler._solveBalanceEquations(SDFScheduler.java:710)
	at ptolemy.domains.sdf.kernel.SDFScheduler._getSchedule(SDFScheduler.java:566)
	at ptolemy.actor.sched.Scheduler.getSchedule(Scheduler.java:189)
	at ptolemy.domains.sdf.kernel.SDFDirector.createSchedule(SDFDirector.java:408)
	at ptolemy.domains.sdf.kernel.SDFDirector.preinitialize(SDFDirector.java:764)
	at ptolemy.actor.CompositeActor.preinitialize(CompositeActor.java:1828)
	at ptolemy.actor.Manager.preinitializeAndResolveTypes(Manager.java:1040)
	at ptolemy.actor.Manager.initialize(Manager.java:710)
	at ptolemy.actor.Manager.execute(Manager.java:356)
	at ptolemy.actor.Manager.run(Manager.java:1263)
	at ptolemy.actor.Manager$PtolemyRunThread.run(Manager.java:1915)
java.lang.RuntimeException: Execution failed
	at ptolemy.moml.MoMLSimpleApplication$UnloadThread.run(MoMLSimpleApplication.java:402)
Caused by: ptolemy.kernel.util.IllegalActionException: Failed to compute schedule:
  in .badRateChanges.typed composite actor.SDF Director
Because:
The SDF rate parameter may change. This is not allowed in SDF models that will be run through the code generator.  If you don't care about code generation, then you might consider setting the allowRateChanges parameter of the SDF director to false.
  in .badRateChanges.typed composite actor.Repeat.output.tokenProductionRate
	at ptolemy.domains.sdf.kernel.SDFDirector.createSchedule(SDFDirector.java:418)
	at ptolemy.domains.sdf.kernel.SDFDirector.preinitialize(SDFDirector.java:764)
	at ptolemy.actor.CompositeActor.preinitialize(CompositeActor.java:1828)
	at ptolemy.actor.Director.preinitialize(Director.java:1302)
	at ptolemy.actor.Director.preinitialize(Director.java:1257)
	at ptolemy.domains.sdf.kernel.SDFDirector.preinitialize(SDFDirector.java:763)
	at ptolemy.actor.CompositeActor.preinitialize(CompositeActor.java:1828)
	at ptolemy.actor.Manager.preinitializeAndResolveTypes(Manager.java:1040)
	at ptolemy.actor.Manager.initialize(Manager.java:710)
	at ptolemy.actor.Manager.execute(Manager.java:356)
	at ptolemy.actor.Manager.run(Manager.java:1263)
	at ptolemy.actor.Manager$PtolemyRunThread.run(Manager.java:1915)
Caused by: ptolemy.kernel.util.IllegalActionException: The SDF rate parameter may change. This is not allowed in SDF models that will be run through the code generator.  If you don't care about code generation, then you might consider setting the allowRateChanges parameter of the SDF director to false.
  in .badRateChanges.typed composite actor.Repeat.output.tokenProductionRate
	at ptolemy.domains.sdf.kernel.SDFScheduler._assertDynamicRateVariable(SDFScheduler.java:931)
	at ptolemy.domains.sdf.kernel.SDFScheduler._checkDynamicRateVariables(SDFScheduler.java:339)
	at ptolemy.domains.sdf.kernel.SDFScheduler._getSchedule(SDFScheduler.java:527)
	at ptolemy.actor.sched.Scheduler.getSchedule(Scheduler.java:189)
	at ptolemy.domains.sdf.kernel.SDFDirector.createSchedule(SDFDirector.java:408)
	... 11 more
java.lang.RuntimeException: Execution failed
	at ptolemy.moml.MoMLSimpleApplication$UnloadThread.run(MoMLSimpleApplication.java:402)
Caused by: ptolemy.kernel.util.IllegalActionException: Failed to compute schedule:
  in .badRateChanges2.typed composite actor.SDF Director
Because:
The SDF rate parameter may change. This is not allowed in SDF models that will be run through the code generator.  If you don't care about code generation, then you might consider setting the allowRateChanges parameter of the SDF director to false.
  in .badRateChanges2.typed composite actor.Repeat.output.tokenProductionRate
	at ptolemy.domains.sdf.kernel.SDFDirector.createSchedule(SDFDirector.java:418)
	at ptolemy.domains.sdf.kernel.SDFDirector.preinitialize(SDFDirector.java:764)
	at ptolemy.actor.CompositeActor.preinitialize(CompositeActor.java:1828)
	at ptolemy.actor.Director.preinitialize(Director.java:1302)
	at ptolemy.actor.Director.preinitialize(Director.java:1257)
	at ptolemy.domains.sdf.kernel.SDFDirector.preinitialize(SDFDirector.java:763)
	at ptolemy.actor.CompositeActor.preinitialize(CompositeActor.java:1828)
	at ptolemy.actor.Manager.preinitializeAndResolveTypes(Manager.java:1040)
	at ptolemy.actor.Manager.initialize(Manager.java:710)
	at ptolemy.actor.Manager.execute(Manager.java:356)
	at ptolemy.actor.Manager.run(Manager.java:1263)
	at ptolemy.actor.Manager$PtolemyRunThread.run(Manager.java:1915)
Caused by: ptolemy.kernel.util.IllegalActionException: The SDF rate parameter may change. This is not allowed in SDF models that will be run through the code generator.  If you don't care about code generation, then you might consider setting the allowRateChanges parameter of the SDF director to false.
  in .badRateChanges2.typed composite actor.Repeat.output.tokenProductionRate
	at ptolemy.domains.sdf.kernel.SDFScheduler._assertDynamicRateVariable(SDFScheduler.java:931)
	at ptolemy.domains.sdf.kernel.SDFScheduler._checkDynamicRateVariables(SDFScheduler.java:339)
	at ptolemy.domains.sdf.kernel.SDFScheduler._getSchedule(SDFScheduler.java:527)
	at ptolemy.actor.sched.Scheduler.getSchedule(Scheduler.java:189)
	at ptolemy.domains.sdf.kernel.SDFDirector.createSchedule(SDFDirector.java:408)
	... 11 more
java.lang.RuntimeException: Execution failed
	at ptolemy.moml.MoMLSimpleApplication$UnloadThread.run(MoMLSimpleApplication.java:402)
Caused by: ptolemy.actor.sched.NotSchedulableException: Actors remain that cannot be scheduled!

There are several possible reasons:
* SDF Graphs with feedback loops should have an actor with a delay in the loop, such as a SampleDelay.
* The SDF director has an "allowDisconnectedGraphs"parameter, which, when true, permits disconnected SDF graphs.
* The token consumption rate and production rates might be mismatched.
Usually, actors produce one token or consume one token on a port.  To produce or consume multiple tokens per firing, add a "tokenConsumptionRate" or "tokenProductionRate" parameter to the appropriate port.
Unscheduled actors:
.partiallyConnected.Const2 
Scheduled actors:
.partiallyConnected.Const 
  in .partiallyConnected.SDF Director.Scheduler
	at ptolemy.domains.sdf.kernel.SDFScheduler._scheduleConnectedActors(SDFScheduler.java:1828)
	at ptolemy.domains.sdf.kernel.SDFScheduler._getSchedule(SDFScheduler.java:587)
	at ptolemy.actor.sched.Scheduler.getSchedule(Scheduler.java:189)
	at ptolemy.domains.sdf.kernel.SDFDirector.createSchedule(SDFDirector.java:408)
	at ptolemy.domains.sdf.kernel.SDFDirector.preinitialize(SDFDirector.java:764)
	at ptolemy.actor.CompositeActor.preinitialize(CompositeActor.java:1828)
	at ptolemy.actor.Manager.preinitializeAndResolveTypes(Manager.java:1040)
	at ptolemy.actor.Manager.initialize(Manager.java:710)
	at ptolemy.actor.Manager.execute(Manager.java:356)
	at ptolemy.actor.Manager.run(Manager.java:1263)
	at ptolemy.actor.Manager$PtolemyRunThread.run(Manager.java:1915)
]]></system-err>
</testsuite>
