<?xml version="1.0" encoding="UTF-8" ?>
<testsuite errors="0" failures="0" hostname="travis-job-272a3b46-d3da-4f9c-9a45-74bc837a8ae8" name="ptolemy.domains.modal.test.junit.JUnitTclTest" skipped="0" tests="148" time="9.661" timestamp="2019-02-24T15:11:26">
  <properties>
[...]
</properties>
  <testcase classname="ptolemy.util.test.junit.TclTests" name="[0] /home/travis/build/icyphy/ptII/ptolemy/domains/modal/test/SystemLevelType.tcl (RunTclFile)" time="1.786" />
  <testcase classname="ptolemy.util.test.junit.AutoKnownFailedTests" name="[0] /home/travis/build/icyphy/ptII/ptolemy/domains/modal/test/auto/knownFailedTests/CannotAnalysisWithPreemption.xml (RunModel)" time="0.149" />
  <testcase classname="ptolemy.util.test.junit.AutoNameArchTests" name="[0] ThereAreNoAutoArchTests (RunModel)" time="0.001" />
  <testcase classname="ptolemy.util.test.junit.AutoTests" name="[0] /home/travis/build/icyphy/ptII/ptolemy/domains/modal/test/auto/ABPTest.xml (RunModel)" time="0.733" />
  <testcase classname="ptolemy.util.test.junit.AutoTests" name="[1] /home/travis/build/icyphy/ptII/ptolemy/domains/modal/test/auto/ABROFlat.xml (RunModel)" time="0.076" />
  <testcase classname="ptolemy.util.test.junit.AutoTests" name="[2] /home/travis/build/icyphy/ptII/ptolemy/domains/modal/test/auto/ABROFlat2.xml (RunModel)" time="0.079" />
  <testcase classname="ptolemy.util.test.junit.AutoTests" name="[3] /home/travis/build/icyphy/ptII/ptolemy/domains/modal/test/auto/ABRO_present_hmm.xml (RunModel)" time="0.143" />
  <testcase classname="ptolemy.util.test.junit.AutoTests" name="[4] /home/travis/build/icyphy/ptII/ptolemy/domains/modal/test/auto/AMICoderExample.xml (RunModel)" time="0.053" />
  <testcase classname="ptolemy.util.test.junit.AutoTests" name="[5] /home/travis/build/icyphy/ptII/ptolemy/domains/modal/test/auto/AbsentToPresent.xml (RunModel)" time="0.032" />
  <testcase classname="ptolemy.util.test.junit.AutoTests" name="[6] /home/travis/build/icyphy/ptII/ptolemy/domains/modal/test/auto/Blending.xml (RunModel)" time="0.2" />
  <testcase classname="ptolemy.util.test.junit.AutoTests" name="[7] /home/travis/build/icyphy/ptII/ptolemy/domains/modal/test/auto/Broadcast.xml (RunModel)" time="0.06" />
  <testcase classname="ptolemy.util.test.junit.AutoTests" name="[8] /home/travis/build/icyphy/ptII/ptolemy/domains/modal/test/auto/BroadcastHierarchy.xml (RunModel)" time="0.077" />
  <testcase classname="ptolemy.util.test.junit.AutoTests" name="[9] /home/travis/build/icyphy/ptII/ptolemy/domains/modal/test/auto/BroadcastHierarchy2.xml (RunModel)" time="0.107" />
  <testcase classname="ptolemy.util.test.junit.AutoTests" name="[10] /home/travis/build/icyphy/ptII/ptolemy/domains/modal/test/auto/BroadcastHierarchy3.xml (RunModel)" time="0.079" />
  <testcase classname="ptolemy.util.test.junit.AutoTests" name="[11] /home/travis/build/icyphy/ptII/ptolemy/domains/modal/test/auto/BroadcastHierarchy4.xml (RunModel)" time="0.116" />
  <testcase classname="ptolemy.util.test.junit.AutoTests" name="[12] /home/travis/build/icyphy/ptII/ptolemy/domains/modal/test/auto/CannotAnalysisWithPreemption2.xml (RunModel)" time="0.037" />
  <testcase classname="ptolemy.util.test.junit.AutoTests" name="[13] /home/travis/build/icyphy/ptII/ptolemy/domains/modal/test/auto/CannotAnalysisWithPreemption3.xml (RunModel)" time="0.043" />
  <testcase classname="ptolemy.util.test.junit.AutoTests" name="[14] /home/travis/build/icyphy/ptII/ptolemy/domains/modal/test/auto/CannotProduce.xml (RunModel)" time="0.028" />
  <testcase classname="ptolemy.util.test.junit.AutoTests" name="[15] /home/travis/build/icyphy/ptII/ptolemy/domains/modal/test/auto/CannotProduceModal.xml (RunModel)" time="0.036" />
  <testcase classname="ptolemy.util.test.junit.AutoTests" name="[16] /home/travis/build/icyphy/ptII/ptolemy/domains/modal/test/auto/Case.xml (RunModel)" time="0.092" />
  <testcase classname="ptolemy.util.test.junit.AutoTests" name="[17] /home/travis/build/icyphy/ptII/ptolemy/domains/modal/test/auto/Case1.xml (RunModel)" time="0.037" />
  <testcase classname="ptolemy.util.test.junit.AutoTests" name="[18] /home/travis/build/icyphy/ptII/ptolemy/domains/modal/test/auto/Case2.xml (RunModel)" time="0.063" />
  <testcase classname="ptolemy.util.test.junit.AutoTests" name="[19] /home/travis/build/icyphy/ptII/ptolemy/domains/modal/test/auto/CausalityInterface1.xml (RunModel)" time="0.038" />
  <testcase classname="ptolemy.util.test.junit.AutoTests" name="[20] /home/travis/build/icyphy/ptII/ptolemy/domains/modal/test/auto/CausalityInterface10.xml (RunModel)" time="0.058" />
  <testcase classname="ptolemy.util.test.junit.AutoTests" name="[21] /home/travis/build/icyphy/ptII/ptolemy/domains/modal/test/auto/CausalityInterface11.xml (RunModel)" time="0.054" />
  <testcase classname="ptolemy.util.test.junit.AutoTests" name="[22] /home/travis/build/icyphy/ptII/ptolemy/domains/modal/test/auto/CausalityInterface12.xml (RunModel)" time="0.051" />
  <testcase classname="ptolemy.util.test.junit.AutoTests" name="[23] /home/travis/build/icyphy/ptII/ptolemy/domains/modal/test/auto/CausalityInterface13.xml (RunModel)" time="0.063" />
  <testcase classname="ptolemy.util.test.junit.AutoTests" name="[24] /home/travis/build/icyphy/ptII/ptolemy/domains/modal/test/auto/CausalityInterface14.xml (RunModel)" time="0.055" />
  <testcase classname="ptolemy.util.test.junit.AutoTests" name="[25] /home/travis/build/icyphy/ptII/ptolemy/domains/modal/test/auto/CausalityInterface2.xml (RunModel)" time="0.022" />
  <testcase classname="ptolemy.util.test.junit.AutoTests" name="[26] /home/travis/build/icyphy/ptII/ptolemy/domains/modal/test/auto/CausalityInterface3.xml (RunModel)" time="0.025" />
  <testcase classname="ptolemy.util.test.junit.AutoTests" name="[27] /home/travis/build/icyphy/ptII/ptolemy/domains/modal/test/auto/CausalityInterface4.xml (RunModel)" time="0.019" />
  <testcase classname="ptolemy.util.test.junit.AutoTests" name="[28] /home/travis/build/icyphy/ptII/ptolemy/domains/modal/test/auto/CausalityInterface5.xml (RunModel)" time="0.028" />
  <testcase classname="ptolemy.util.test.junit.AutoTests" name="[29] /home/travis/build/icyphy/ptII/ptolemy/domains/modal/test/auto/CausalityInterface6.xml (RunModel)" time="0.035" />
  <testcase classname="ptolemy.util.test.junit.AutoTests" name="[30] /home/travis/build/icyphy/ptII/ptolemy/domains/modal/test/auto/CausalityInterface7.xml (RunModel)" time="0.035" />
  <testcase classname="ptolemy.util.test.junit.AutoTests" name="[31] /home/travis/build/icyphy/ptII/ptolemy/domains/modal/test/auto/CausalityInterface8.xml (RunModel)" time="0.038" />
  <testcase classname="ptolemy.util.test.junit.AutoTests" name="[32] /home/travis/build/icyphy/ptII/ptolemy/domains/modal/test/auto/CausalityInterface9.xml (RunModel)" time="0.031" />
  <testcase classname="ptolemy.util.test.junit.AutoTests" name="[33] /home/travis/build/icyphy/ptII/ptolemy/domains/modal/test/auto/ChainedTransitions.xml (RunModel)" time="0.151" />
  <testcase classname="ptolemy.util.test.junit.AutoTests" name="[34] /home/travis/build/icyphy/ptII/ptolemy/domains/modal/test/auto/CycleOfImmediateTransitionsFSM.xml (RunModel)" time="0.018" />
  <testcase classname="ptolemy.util.test.junit.AutoTests" name="[35] /home/travis/build/icyphy/ptII/ptolemy/domains/modal/test/auto/CycleOfImmediateTransitionsModal.xml (RunModel)" time="0.022" />
  <testcase classname="ptolemy.util.test.junit.AutoTests" name="[36] /home/travis/build/icyphy/ptII/ptolemy/domains/modal/test/auto/CycleOfImmediateTransitionsModal2.xml (RunModel)" time="0.035" />
  <testcase classname="ptolemy.util.test.junit.AutoTests" name="[37] /home/travis/build/icyphy/ptII/ptolemy/domains/modal/test/auto/CycleOfImmediateTransitionsModal3.xml (RunModel)" time="0.077" />
  <testcase classname="ptolemy.util.test.junit.AutoTests" name="[38] /home/travis/build/icyphy/ptII/ptolemy/domains/modal/test/auto/DeepModal1.xml (RunModel)" time="0.058" />
  <testcase classname="ptolemy.util.test.junit.AutoTests" name="[39] /home/travis/build/icyphy/ptII/ptolemy/domains/modal/test/auto/DeepModal2.xml (RunModel)" time="0.084" />
  <testcase classname="ptolemy.util.test.junit.AutoTests" name="[40] /home/travis/build/icyphy/ptII/ptolemy/domains/modal/test/auto/DeepModal3.xml (RunModel)" time="0.081" />
  <testcase classname="ptolemy.util.test.junit.AutoTests" name="[41] /home/travis/build/icyphy/ptII/ptolemy/domains/modal/test/auto/DeepModal4.xml (RunModel)" time="0.066" />
  <testcase classname="ptolemy.util.test.junit.AutoTests" name="[42] /home/travis/build/icyphy/ptII/ptolemy/domains/modal/test/auto/Default1.xml (RunModel)" time="0.015" />
  <testcase classname="ptolemy.util.test.junit.AutoTests" name="[43] /home/travis/build/icyphy/ptII/ptolemy/domains/modal/test/auto/Default2.xml (RunModel)" time="0.013" />
  <testcase classname="ptolemy.util.test.junit.AutoTests" name="[44] /home/travis/build/icyphy/ptII/ptolemy/domains/modal/test/auto/Default3.xml (RunModel)" time="0.014" />
  <testcase classname="ptolemy.util.test.junit.AutoTests" name="[45] /home/travis/build/icyphy/ptII/ptolemy/domains/modal/test/auto/Default4.xml (RunModel)" time="0.014" />
  <testcase classname="ptolemy.util.test.junit.AutoTests" name="[46] /home/travis/build/icyphy/ptII/ptolemy/domains/modal/test/auto/Default5.xml (RunModel)" time="0.018" />
  <testcase classname="ptolemy.util.test.junit.AutoTests" name="[47] /home/travis/build/icyphy/ptII/ptolemy/domains/modal/test/auto/EmptyGuard.xml (RunModel)" time="0.02" />
  <testcase classname="ptolemy.util.test.junit.AutoTests" name="[48] /home/travis/build/icyphy/ptII/ptolemy/domains/modal/test/auto/ErrorTransition1.xml (RunModel)" time="0.024" />
  <testcase classname="ptolemy.util.test.junit.AutoTests" name="[49] /home/travis/build/icyphy/ptII/ptolemy/domains/modal/test/auto/ErrorTransition10.xml (RunModel)" time="0.032" />
  <testcase classname="ptolemy.util.test.junit.AutoTests" name="[50] /home/travis/build/icyphy/ptII/ptolemy/domains/modal/test/auto/ErrorTransition11.xml (RunModel)" time="0.037" />
  <testcase classname="ptolemy.util.test.junit.AutoTests" name="[51] /home/travis/build/icyphy/ptII/ptolemy/domains/modal/test/auto/ErrorTransition2.xml (RunModel)" time="0.026" />
  <testcase classname="ptolemy.util.test.junit.AutoTests" name="[52] /home/travis/build/icyphy/ptII/ptolemy/domains/modal/test/auto/ErrorTransition3.xml (RunModel)" time="0.035" />
  <testcase classname="ptolemy.util.test.junit.AutoTests" name="[53] /home/travis/build/icyphy/ptII/ptolemy/domains/modal/test/auto/ErrorTransition4.xml (RunModel)" time="0.027" />
  <testcase classname="ptolemy.util.test.junit.AutoTests" name="[54] /home/travis/build/icyphy/ptII/ptolemy/domains/modal/test/auto/ErrorTransition5.xml (RunModel)" time="0.023" />
  <testcase classname="ptolemy.util.test.junit.AutoTests" name="[55] /home/travis/build/icyphy/ptII/ptolemy/domains/modal/test/auto/ErrorTransition6.xml (RunModel)" time="0.026" />
  <testcase classname="ptolemy.util.test.junit.AutoTests" name="[56] /home/travis/build/icyphy/ptII/ptolemy/domains/modal/test/auto/ErrorTransition7.xml (RunModel)" time="0.032" />
  <testcase classname="ptolemy.util.test.junit.AutoTests" name="[57] /home/travis/build/icyphy/ptII/ptolemy/domains/modal/test/auto/ErrorTransition8.xml (RunModel)" time="0.068" />
  <testcase classname="ptolemy.util.test.junit.AutoTests" name="[58] /home/travis/build/icyphy/ptII/ptolemy/domains/modal/test/auto/ErrorTransition9.xml (RunModel)" time="0.032" />
  <testcase classname="ptolemy.util.test.junit.AutoTests" name="[59] /home/travis/build/icyphy/ptII/ptolemy/domains/modal/test/auto/ExtendedFSM.xml (RunModel)" time="0.024" />
  <testcase classname="ptolemy.util.test.junit.AutoTests" name="[60] /home/travis/build/icyphy/ptII/ptolemy/domains/modal/test/auto/FinalStates.xml (RunModel)" time="0.026" />
  <testcase classname="ptolemy.util.test.junit.AutoTests" name="[61] /home/travis/build/icyphy/ptII/ptolemy/domains/modal/test/auto/FixedPointFSM.xml (RunModel)" time="0.043" />
  <testcase classname="ptolemy.util.test.junit.AutoTests" name="[62] /home/travis/build/icyphy/ptII/ptolemy/domains/modal/test/auto/FixedPointIterationFSMActor.xml (RunModel)" time="0.037" />
  <testcase classname="ptolemy.util.test.junit.AutoTests" name="[63] /home/travis/build/icyphy/ptII/ptolemy/domains/modal/test/auto/FixedPointIterationFSMActor2.xml (RunModel)" time="0.042" />
  <testcase classname="ptolemy.util.test.junit.AutoTests" name="[64] /home/travis/build/icyphy/ptII/ptolemy/domains/modal/test/auto/ForbiddenInstantanousLoop.xml (RunModel)" time="0.031" />
  <testcase classname="ptolemy.util.test.junit.AutoTests" name="[65] /home/travis/build/icyphy/ptII/ptolemy/domains/modal/test/auto/FunctionDependencyOfFSMActorTest.xml (RunModel)" time="0.024" />
  <testcase classname="ptolemy.util.test.junit.AutoTests" name="[66] /home/travis/build/icyphy/ptII/ptolemy/domains/modal/test/auto/GuardExpression.xml (RunModel)" time="0.015" />
  <testcase classname="ptolemy.util.test.junit.AutoTests" name="[67] /home/travis/build/icyphy/ptII/ptolemy/domains/modal/test/auto/GuardNotEvaluated.xml (RunModel)" time="0.035" />
  <testcase classname="ptolemy.util.test.junit.AutoTests" name="[68] /home/travis/build/icyphy/ptII/ptolemy/domains/modal/test/auto/GuardNotEvaluated2.xml (RunModel)" time="0.019" />
  <testcase classname="ptolemy.util.test.junit.AutoTests" name="[69] /home/travis/build/icyphy/ptII/ptolemy/domains/modal/test/auto/GuardOnAbsent.xml (RunModel)" time="0.017" />
  <testcase classname="ptolemy.util.test.junit.AutoTests" name="[70] /home/travis/build/icyphy/ptII/ptolemy/domains/modal/test/auto/HierarchicalFSMTypeInference.xml (RunModel)" time="0.023" />
  <testcase classname="ptolemy.util.test.junit.AutoTests" name="[71] /home/travis/build/icyphy/ptII/ptolemy/domains/modal/test/auto/Hysteresis.xml (RunModel)" time="0.033" />
  <testcase classname="ptolemy.util.test.junit.AutoTests" name="[72] /home/travis/build/icyphy/ptII/ptolemy/domains/modal/test/auto/HysteresisWithDefault.xml (RunModel)" time="0.054" />
  <testcase classname="ptolemy.util.test.junit.AutoTests" name="[73] /home/travis/build/icyphy/ptII/ptolemy/domains/modal/test/auto/HysteresisWithDefault2.xml (RunModel)" time="0.071" />
  <testcase classname="ptolemy.util.test.junit.AutoTests" name="[74] /home/travis/build/icyphy/ptII/ptolemy/domains/modal/test/auto/ImmediateNonConstructiveness.xml (RunModel)" time="0.016" />
  <testcase classname="ptolemy.util.test.junit.AutoTests" name="[75] /home/travis/build/icyphy/ptII/ptolemy/domains/modal/test/auto/ImmediateNonConstructiveness2.xml (RunModel)" time="0.023" />
  <testcase classname="ptolemy.util.test.junit.AutoTests" name="[76] /home/travis/build/icyphy/ptII/ptolemy/domains/modal/test/auto/ImmediateTransitionReset.xml (RunModel)" time="0.038" />
  <testcase classname="ptolemy.util.test.junit.AutoTests" name="[77] /home/travis/build/icyphy/ptII/ptolemy/domains/modal/test/auto/ImmediateTransitions1.xml (RunModel)" time="0.011" />
  <testcase classname="ptolemy.util.test.junit.AutoTests" name="[78] /home/travis/build/icyphy/ptII/ptolemy/domains/modal/test/auto/ImmediateTransitionsInstantaneousCommunication.xml (RunModel)" time="0.033" />
  <testcase classname="ptolemy.util.test.junit.AutoTests" name="[79] /home/travis/build/icyphy/ptII/ptolemy/domains/modal/test/auto/InitialImmediateTransition.xml (RunModel)" time="0.015" />
  <testcase classname="ptolemy.util.test.junit.AutoTests" name="[80] /home/travis/build/icyphy/ptII/ptolemy/domains/modal/test/auto/InitialOutputs.xml (RunModel)" time="0.013" />
  <testcase classname="ptolemy.util.test.junit.AutoTests" name="[81] /home/travis/build/icyphy/ptII/ptolemy/domains/modal/test/auto/InitialStateTransition1.xml (RunModel)" time="0.017" />
  <testcase classname="ptolemy.util.test.junit.AutoTests" name="[82] /home/travis/build/icyphy/ptII/ptolemy/domains/modal/test/auto/InitialStateTransition2.xml (RunModel)" time="0.024" />
  <testcase classname="ptolemy.util.test.junit.AutoTests" name="[83] /home/travis/build/icyphy/ptII/ptolemy/domains/modal/test/auto/InitialStateTransition3.xml (RunModel)" time="0.021" />
  <testcase classname="ptolemy.util.test.junit.AutoTests" name="[84] /home/travis/build/icyphy/ptII/ptolemy/domains/modal/test/auto/InitialStateTransition4.xml (RunModel)" time="0.028" />
  <testcase classname="ptolemy.util.test.junit.AutoTests" name="[85] /home/travis/build/icyphy/ptII/ptolemy/domains/modal/test/auto/MalformedGuardExpressionNotCaught.xml (RunModel)" time="0.024" />
  <testcase classname="ptolemy.util.test.junit.AutoTests" name="[86] /home/travis/build/icyphy/ptII/ptolemy/domains/modal/test/auto/ModalBSC.xml (RunModel)" time="0.08" />
  <testcase classname="ptolemy.util.test.junit.AutoTests" name="[87] /home/travis/build/icyphy/ptII/ptolemy/domains/modal/test/auto/ModalClocks.xml (RunModel)" time="0.074" />
  <testcase classname="ptolemy.util.test.junit.AutoTests" name="[88] /home/travis/build/icyphy/ptII/ptolemy/domains/modal/test/auto/ModalDelay.xml (RunModel)" time="0.035" />
  <testcase classname="ptolemy.util.test.junit.AutoTests" name="[89] /home/travis/build/icyphy/ptII/ptolemy/domains/modal/test/auto/ModalDelay2.xml (RunModel)" time="0.042" />
  <testcase classname="ptolemy.util.test.junit.AutoTests" name="[90] /home/travis/build/icyphy/ptII/ptolemy/domains/modal/test/auto/ModalModelFromMemo.xml (RunModel)" time="0.053" />
  <testcase classname="ptolemy.util.test.junit.AutoTests" name="[91] /home/travis/build/icyphy/ptII/ptolemy/domains/modal/test/auto/ModalModelWithMultirateTransient.xml (RunModel)" time="0.042" />
  <testcase classname="ptolemy.util.test.junit.AutoTests" name="[92] /home/travis/build/icyphy/ptII/ptolemy/domains/modal/test/auto/ModalModelWithReset.xml (RunModel)" time="0.04" />
  <testcase classname="ptolemy.util.test.junit.AutoTests" name="[93] /home/travis/build/icyphy/ptII/ptolemy/domains/modal/test/auto/MouseClickFSM.xml (RunModel)" time="0.037" />
  <testcase classname="ptolemy.util.test.junit.AutoTests" name="[94] /home/travis/build/icyphy/ptII/ptolemy/domains/modal/test/auto/MouseClickFSMModal.xml (RunModel)" time="0.036" />
  <testcase classname="ptolemy.util.test.junit.AutoTests" name="[95] /home/travis/build/icyphy/ptII/ptolemy/domains/modal/test/auto/NonStrictFSM_FeedbackLoop.xml (RunModel)" time="0.042" />
  <testcase classname="ptolemy.util.test.junit.AutoTests" name="[96] /home/travis/build/icyphy/ptII/ptolemy/domains/modal/test/auto/NonStrictFSM_FeedbackLoop_Refinement.xml (RunModel)" time="0.062" />
  <testcase classname="ptolemy.util.test.junit.AutoTests" name="[97] /home/travis/build/icyphy/ptII/ptolemy/domains/modal/test/auto/NonStrictFSM_FeedbackLoop_preemptive.xml (RunModel)" time="0.037" />
  <testcase classname="ptolemy.util.test.junit.AutoTests" name="[98] /home/travis/build/icyphy/ptII/ptolemy/domains/modal/test/auto/NormalTermination.xml (RunModel)" time="0.042" />
  <testcase classname="ptolemy.util.test.junit.AutoTests" name="[99] /home/travis/build/icyphy/ptII/ptolemy/domains/modal/test/auto/Pong.xml (RunModel)" time="0.073" />
  <testcase classname="ptolemy.util.test.junit.AutoTests" name="[100] /home/travis/build/icyphy/ptII/ptolemy/domains/modal/test/auto/Pong_test.xml (RunModel)" time="0.096" />
  <testcase classname="ptolemy.util.test.junit.AutoTests" name="[101] /home/travis/build/icyphy/ptII/ptolemy/domains/modal/test/auto/PreemptionHierarchy.xml (RunModel)" time="0.022" />
  <testcase classname="ptolemy.util.test.junit.AutoTests" name="[102] /home/travis/build/icyphy/ptII/ptolemy/domains/modal/test/auto/PreemptionHierarchy2.xml (RunModel)" time="0.028" />
  <testcase classname="ptolemy.util.test.junit.AutoTests" name="[103] /home/travis/build/icyphy/ptII/ptolemy/domains/modal/test/auto/PreemptiveTransition.xml (RunModel)" time="0.019" />
  <testcase classname="ptolemy.util.test.junit.AutoTests" name="[104] /home/travis/build/icyphy/ptII/ptolemy/domains/modal/test/auto/Priorities.xml (RunModel)" time="0.08" />
  <testcase classname="ptolemy.util.test.junit.AutoTests" name="[105] /home/travis/build/icyphy/ptII/ptolemy/domains/modal/test/auto/ResetFinal.xml (RunModel)" time="0.041" />
  <testcase classname="ptolemy.util.test.junit.AutoTests" name="[106] /home/travis/build/icyphy/ptII/ptolemy/domains/modal/test/auto/ResetFinal2.xml (RunModel)" time="0.026" />
  <testcase classname="ptolemy.util.test.junit.AutoTests" name="[107] /home/travis/build/icyphy/ptII/ptolemy/domains/modal/test/auto/ResetTransitionWithStartTime.xml (RunModel)" time="0.03" />
  <testcase classname="ptolemy.util.test.junit.AutoTests" name="[108] /home/travis/build/icyphy/ptII/ptolemy/domains/modal/test/auto/SDF-FSMComposite.xml (RunModel)" time="0.019" />
  <testcase classname="ptolemy.util.test.junit.AutoTests" name="[109] /home/travis/build/icyphy/ptII/ptolemy/domains/modal/test/auto/SeeminglyNondeterminate.xml (RunModel)" time="0.089" />
  <testcase classname="ptolemy.util.test.junit.AutoTests" name="[110] /home/travis/build/icyphy/ptII/ptolemy/domains/modal/test/auto/SeeminglyNondeterminate2.xml (RunModel)" time="0.063" />
  <testcase classname="ptolemy.util.test.junit.AutoTests" name="[111] /home/travis/build/icyphy/ptII/ptolemy/domains/modal/test/auto/SpontaneousFSM.xml (RunModel)" time="0.034" />
  <testcase classname="ptolemy.util.test.junit.AutoTests" name="[112] /home/travis/build/icyphy/ptII/ptolemy/domains/modal/test/auto/SpontaneousFSM2.xml (RunModel)" time="0.032" />
  <testcase classname="ptolemy.util.test.junit.AutoTests" name="[113] /home/travis/build/icyphy/ptII/ptolemy/domains/modal/test/auto/SpontaneousFSM3.xml (RunModel)" time="0.034" />
  <testcase classname="ptolemy.util.test.junit.AutoTests" name="[114] /home/travis/build/icyphy/ptII/ptolemy/domains/modal/test/auto/SpontaneousFSM4.xml (RunModel)" time="0.043" />
  <testcase classname="ptolemy.util.test.junit.AutoTests" name="[115] /home/travis/build/icyphy/ptII/ptolemy/domains/modal/test/auto/StateTrackerTest.xml (RunModel)" time="0.063" />
  <testcase classname="ptolemy.util.test.junit.AutoTests" name="[116] /home/travis/build/icyphy/ptII/ptolemy/domains/modal/test/auto/StrongImmediateTransition.xml (RunModel)" time="0.022" />
  <testcase classname="ptolemy.util.test.junit.AutoTests" name="[117] /home/travis/build/icyphy/ptII/ptolemy/domains/modal/test/auto/SustainHierarchy.xml (RunModel)" time="0.029" />
  <testcase classname="ptolemy.util.test.junit.AutoTests" name="[118] /home/travis/build/icyphy/ptII/ptolemy/domains/modal/test/auto/TerminationTransition1.xml (RunModel)" time="0.02" />
  <testcase classname="ptolemy.util.test.junit.AutoTests" name="[119] /home/travis/build/icyphy/ptII/ptolemy/domains/modal/test/auto/TerminationTransition2.xml (RunModel)" time="0.027" />
  <testcase classname="ptolemy.util.test.junit.AutoTests" name="[120] /home/travis/build/icyphy/ptII/ptolemy/domains/modal/test/auto/TerminationTransition3.xml (RunModel)" time="0.022" />
  <testcase classname="ptolemy.util.test.junit.AutoTests" name="[121] /home/travis/build/icyphy/ptII/ptolemy/domains/modal/test/auto/TerminationTransition4.xml (RunModel)" time="0.035" />
  <testcase classname="ptolemy.util.test.junit.AutoTests" name="[122] /home/travis/build/icyphy/ptII/ptolemy/domains/modal/test/auto/TerminationTransition5.xml (RunModel)" time="0.032" />
  <testcase classname="ptolemy.util.test.junit.AutoTests" name="[123] /home/travis/build/icyphy/ptII/ptolemy/domains/modal/test/auto/TerminationTransition6.xml (RunModel)" time="0.022" />
  <testcase classname="ptolemy.util.test.junit.AutoTests" name="[124] /home/travis/build/icyphy/ptII/ptolemy/domains/modal/test/auto/TerminationTransition7.xml (RunModel)" time="0.022" />
  <testcase classname="ptolemy.util.test.junit.AutoTests" name="[125] /home/travis/build/icyphy/ptII/ptolemy/domains/modal/test/auto/TerminationTransition8.xml (RunModel)" time="0.023" />
  <testcase classname="ptolemy.util.test.junit.AutoTests" name="[126] /home/travis/build/icyphy/ptII/ptolemy/domains/modal/test/auto/Thermostat_NoHysteresis.xml (RunModel)" time="0.065" />
  <testcase classname="ptolemy.util.test.junit.AutoTests" name="[127] /home/travis/build/icyphy/ptII/ptolemy/domains/modal/test/auto/TimedFSM.xml (RunModel)" time="0.03" />
  <testcase classname="ptolemy.util.test.junit.AutoTests" name="[128] /home/travis/build/icyphy/ptII/ptolemy/domains/modal/test/auto/Timeout1.xml (RunModel)" time="0.022" />
  <testcase classname="ptolemy.util.test.junit.AutoTests" name="[129] /home/travis/build/icyphy/ptII/ptolemy/domains/modal/test/auto/Timeout2.xml (RunModel)" time="0.017" />
  <testcase classname="ptolemy.util.test.junit.AutoTests" name="[130] /home/travis/build/icyphy/ptII/ptolemy/domains/modal/test/auto/Timeout3.xml (RunModel)" time="0.01" />
  <testcase classname="ptolemy.util.test.junit.AutoTests" name="[131] /home/travis/build/icyphy/ptII/ptolemy/domains/modal/test/auto/Timeout4.xml (RunModel)" time="0.012" />
  <testcase classname="ptolemy.util.test.junit.AutoTests" name="[132] /home/travis/build/icyphy/ptII/ptolemy/domains/modal/test/auto/TransientstateModelAdvanced.xml (RunModel)" time="0.026" />
  <testcase classname="ptolemy.util.test.junit.AutoTests" name="[133] /home/travis/build/icyphy/ptII/ptolemy/domains/modal/test/auto/TransientstateModelAdvanced2.xml (RunModel)" time="0.028" />
  <testcase classname="ptolemy.util.test.junit.AutoTests" name="[134] /home/travis/build/icyphy/ptII/ptolemy/domains/modal/test/auto/TransitionRefinements.xml (RunModel)" time="0.024" />
  <testcase classname="ptolemy.util.test.junit.AutoTests" name="[135] /home/travis/build/icyphy/ptII/ptolemy/domains/modal/test/auto/TwoRefinements1.xml (RunModel)" time="0.028" />
  <testcase classname="ptolemy.util.test.junit.AutoTests" name="[136] /home/travis/build/icyphy/ptII/ptolemy/domains/modal/test/auto/TwoRefinements2.xml (RunModel)" time="0.024" />
  <testcase classname="ptolemy.util.test.junit.AutoTests" name="[137] /home/travis/build/icyphy/ptII/ptolemy/domains/modal/test/auto/WeakImmediateTransition.xml (RunModel)" time="0.025" />
  <testcase classname="ptolemy.util.test.junit.AutoTests" name="[138] /home/travis/build/icyphy/ptII/ptolemy/domains/modal/test/auto/booleanSelect.xml (RunModel)" time="0.062" />
  <testcase classname="ptolemy.util.test.junit.AutoTests" name="[139] /home/travis/build/icyphy/ptII/ptolemy/domains/modal/test/auto/modalChangingParams.xml (RunModel)" time="0.193" />
  <testcase classname="ptolemy.util.test.junit.AutoTests" name="[140] /home/travis/build/icyphy/ptII/ptolemy/domains/modal/test/auto/modalModel.xml (RunModel)" time="0.019" />
  <testcase classname="ptolemy.util.test.junit.AutoTests" name="[141] /home/travis/build/icyphy/ptII/ptolemy/domains/modal/test/auto/modalModel2.xml (RunModel)" time="0.024" />
  <testcase classname="ptolemy.util.test.junit.AutoTests" name="[142] /home/travis/build/icyphy/ptII/ptolemy/domains/modal/test/auto/modalModel3.xml (RunModel)" time="0.05" />
  <testcase classname="ptolemy.util.test.junit.AutoTests" name="[143] /home/travis/build/icyphy/ptII/ptolemy/domains/modal/test/auto/model1.xml (RunModel)" time="0.016" />
  <testcase classname="ptolemy.util.test.junit.AutoTests" name="[144] /home/travis/build/icyphy/ptII/ptolemy/domains/modal/test/auto/test-direct-in-out.xml (RunModel)" time="0.016" />
  <system-out><![CDATA[/home/travis/build/icyphy/ptII/ptolemy/domains/modal/test/SystemLevelType.tcl
testDefs.tcl: setting time out to 9000 seconds at Sun Feb 24 15:11:26 UTC 2019
02/24/19 03:11:28
Failed: 0  Total Tests: 1  ((Passed: 1, Newly Passed: 0)  Known Failed: 0) /home/travis/build/icyphy/ptII/ptolemy/domains/modal/test
----------------- testing (KnownFailure) /home/travis/build/icyphy/ptII/ptolemy/domains/modal/test/auto/knownFailedTests/CannotAnalysisWithPreemption.xml
65 ms. Memory: 208384K Free: 200024K (96%)
Known Failure: java.lang.reflect.InvocationTargetException
No auto/linux-amd64/*.xml tests in /home/travis/build/icyphy/ptII/ptolemy/domains/modal/test
AutoTests.java: About to close Vertx.
AutoTests.java: Vertx closed.

===========================================================================================
----------------- testing Sun Feb 24 15:11:29 UTC 2019 /home/travis/build/icyphy/ptII/ptolemy/domains/modal/test/auto/ABPTest.xml
----------------- Instantiating /home/travis/build/icyphy/ptII/ptolemy/domains/modal/test/auto/ABPTest.xml
349 ms. Memory: 332288K Free: 312260K (94%)
----------------- Invoking toplevel() on ptolemy.moml.MoMLSimpleApplication@487dadc8
----------------- Done invoking toplevel() on ptolemy.moml.MoMLSimpleApplication@487dadc8
reloadAllAccessors: .ABPTest

===========================================================================================
----------------- testing Sun Feb 24 15:11:29 UTC 2019 /home/travis/build/icyphy/ptII/ptolemy/domains/modal/test/auto/ABROFlat.xml
----------------- Instantiating /home/travis/build/icyphy/ptII/ptolemy/domains/modal/test/auto/ABROFlat.xml
23 ms. Memory: 332288K Free: 291090K (88%)
----------------- Invoking toplevel() on ptolemy.moml.MoMLSimpleApplication@50f0b178
----------------- Done invoking toplevel() on ptolemy.moml.MoMLSimpleApplication@50f0b178
reloadAllAccessors: .ABROFlat

===========================================================================================
----------------- testing Sun Feb 24 15:11:29 UTC 2019 /home/travis/build/icyphy/ptII/ptolemy/domains/modal/test/auto/ABROFlat2.xml
----------------- Instantiating /home/travis/build/icyphy/ptII/ptolemy/domains/modal/test/auto/ABROFlat2.xml
17 ms. Memory: 332288K Free: 272656K (82%)
----------------- Invoking toplevel() on ptolemy.moml.MoMLSimpleApplication@1e040ba6
----------------- Done invoking toplevel() on ptolemy.moml.MoMLSimpleApplication@1e040ba6
reloadAllAccessors: .ABROFlat2

===========================================================================================
----------------- testing Sun Feb 24 15:11:30 UTC 2019 /home/travis/build/icyphy/ptII/ptolemy/domains/modal/test/auto/ABRO_present_hmm.xml
----------------- Instantiating /home/travis/build/icyphy/ptII/ptolemy/domains/modal/test/auto/ABRO_present_hmm.xml
32 ms. Memory: 332288K Free: 241967K (73%)
----------------- Invoking toplevel() on ptolemy.moml.MoMLSimpleApplication@440f41ff
----------------- Done invoking toplevel() on ptolemy.moml.MoMLSimpleApplication@440f41ff
reloadAllAccessors: .ABRO_present_hmm

===========================================================================================
----------------- testing Sun Feb 24 15:11:30 UTC 2019 /home/travis/build/icyphy/ptII/ptolemy/domains/modal/test/auto/AMICoderExample.xml
----------------- Instantiating /home/travis/build/icyphy/ptII/ptolemy/domains/modal/test/auto/AMICoderExample.xml
21 ms. Memory: 332288K Free: 232134K (70%)
----------------- Invoking toplevel() on ptolemy.moml.MoMLSimpleApplication@50266ee
----------------- Done invoking toplevel() on ptolemy.moml.MoMLSimpleApplication@50266ee
reloadAllAccessors: .AMICoderExample

===========================================================================================
----------------- testing Sun Feb 24 15:11:30 UTC 2019 /home/travis/build/icyphy/ptII/ptolemy/domains/modal/test/auto/AbsentToPresent.xml
----------------- Instantiating /home/travis/build/icyphy/ptII/ptolemy/domains/modal/test/auto/AbsentToPresent.xml
7 ms. Memory: 332288K Free: 223949K (67%)
----------------- Invoking toplevel() on ptolemy.moml.MoMLSimpleApplication@7abdd0c7
----------------- Done invoking toplevel() on ptolemy.moml.MoMLSimpleApplication@7abdd0c7
reloadAllAccessors: .AbsentToPresent

===========================================================================================
----------------- testing Sun Feb 24 15:11:30 UTC 2019 /home/travis/build/icyphy/ptII/ptolemy/domains/modal/test/auto/Blending.xml
----------------- Instantiating /home/travis/build/icyphy/ptII/ptolemy/domains/modal/test/auto/Blending.xml
106 ms. Memory: 332288K Free: 174734K (53%)
----------------- Invoking toplevel() on ptolemy.moml.MoMLSimpleApplication@44e16698
----------------- Done invoking toplevel() on ptolemy.moml.MoMLSimpleApplication@44e16698
reloadAllAccessors: .Blending

===========================================================================================
----------------- testing Sun Feb 24 15:11:30 UTC 2019 /home/travis/build/icyphy/ptII/ptolemy/domains/modal/test/auto/Broadcast.xml
----------------- Instantiating /home/travis/build/icyphy/ptII/ptolemy/domains/modal/test/auto/Broadcast.xml
16 ms. Memory: 332288K Free: 163679K (49%)
----------------- Invoking toplevel() on ptolemy.moml.MoMLSimpleApplication@12dbb3f7
----------------- Done invoking toplevel() on ptolemy.moml.MoMLSimpleApplication@12dbb3f7
reloadAllAccessors: .Broadcast

===========================================================================================
----------------- testing Sun Feb 24 15:11:30 UTC 2019 /home/travis/build/icyphy/ptII/ptolemy/domains/modal/test/auto/BroadcastHierarchy.xml
----------------- Instantiating /home/travis/build/icyphy/ptII/ptolemy/domains/modal/test/auto/BroadcastHierarchy.xml
17 ms. Memory: 332288K Free: 146527K (44%)
----------------- Invoking toplevel() on ptolemy.moml.MoMLSimpleApplication@7673d8c7
----------------- Done invoking toplevel() on ptolemy.moml.MoMLSimpleApplication@7673d8c7
reloadAllAccessors: .BroadcastHierarchy

===========================================================================================
----------------- testing Sun Feb 24 15:11:30 UTC 2019 /home/travis/build/icyphy/ptII/ptolemy/domains/modal/test/auto/BroadcastHierarchy2.xml
----------------- Instantiating /home/travis/build/icyphy/ptII/ptolemy/domains/modal/test/auto/BroadcastHierarchy2.xml
18 ms. Memory: 332288K Free: 113372K (34%)
----------------- Invoking toplevel() on ptolemy.moml.MoMLSimpleApplication@61bdc121
----------------- Done invoking toplevel() on ptolemy.moml.MoMLSimpleApplication@61bdc121
reloadAllAccessors: .BroadcastHierarchy2

===========================================================================================
----------------- testing Sun Feb 24 15:11:30 UTC 2019 /home/travis/build/icyphy/ptII/ptolemy/domains/modal/test/auto/BroadcastHierarchy3.xml
----------------- Instantiating /home/travis/build/icyphy/ptII/ptolemy/domains/modal/test/auto/BroadcastHierarchy3.xml
13 ms. Memory: 332288K Free: 84316K (25%)
----------------- Invoking toplevel() on ptolemy.moml.MoMLSimpleApplication@3fee5e08
----------------- Done invoking toplevel() on ptolemy.moml.MoMLSimpleApplication@3fee5e08
reloadAllAccessors: .BroadcastHierarchy3

===========================================================================================
----------------- testing Sun Feb 24 15:11:30 UTC 2019 /home/travis/build/icyphy/ptII/ptolemy/domains/modal/test/auto/BroadcastHierarchy4.xml
----------------- Instantiating /home/travis/build/icyphy/ptII/ptolemy/domains/modal/test/auto/BroadcastHierarchy4.xml
24 ms. Memory: 333824K Free: 301506K (90%)
----------------- Invoking toplevel() on ptolemy.moml.MoMLSimpleApplication@237d3b91
----------------- Done invoking toplevel() on ptolemy.moml.MoMLSimpleApplication@237d3b91
reloadAllAccessors: .BroadcastHierarchy4

===========================================================================================
----------------- testing Sun Feb 24 15:11:30 UTC 2019 /home/travis/build/icyphy/ptII/ptolemy/domains/modal/test/auto/CannotAnalysisWithPreemption2.xml
----------------- Instantiating /home/travis/build/icyphy/ptII/ptolemy/domains/modal/test/auto/CannotAnalysisWithPreemption2.xml
5 ms. Memory: 333824K Free: 290737K (87%)
----------------- Invoking toplevel() on ptolemy.moml.MoMLSimpleApplication@6c0fdfad
----------------- Done invoking toplevel() on ptolemy.moml.MoMLSimpleApplication@6c0fdfad
reloadAllAccessors: .CannotAnalysisWithPreemption2

===========================================================================================
----------------- testing Sun Feb 24 15:11:30 UTC 2019 /home/travis/build/icyphy/ptII/ptolemy/domains/modal/test/auto/CannotAnalysisWithPreemption3.xml
----------------- Instantiating /home/travis/build/icyphy/ptII/ptolemy/domains/modal/test/auto/CannotAnalysisWithPreemption3.xml
6 ms. Memory: 333824K Free: 279706K (84%)
----------------- Invoking toplevel() on ptolemy.moml.MoMLSimpleApplication@6c23f820
----------------- Done invoking toplevel() on ptolemy.moml.MoMLSimpleApplication@6c23f820
reloadAllAccessors: .CannotAnalysisWithPreemption3

===========================================================================================
----------------- testing Sun Feb 24 15:11:31 UTC 2019 /home/travis/build/icyphy/ptII/ptolemy/domains/modal/test/auto/CannotProduce.xml
----------------- Instantiating /home/travis/build/icyphy/ptII/ptolemy/domains/modal/test/auto/CannotProduce.xml
11 ms. Memory: 333824K Free: 272347K (82%)
----------------- Invoking toplevel() on ptolemy.moml.MoMLSimpleApplication@3f229d50
----------------- Done invoking toplevel() on ptolemy.moml.MoMLSimpleApplication@3f229d50
reloadAllAccessors: .CannotProduce

===========================================================================================
----------------- testing Sun Feb 24 15:11:31 UTC 2019 /home/travis/build/icyphy/ptII/ptolemy/domains/modal/test/auto/CannotProduceModal.xml
----------------- Instantiating /home/travis/build/icyphy/ptII/ptolemy/domains/modal/test/auto/CannotProduceModal.xml
4 ms. Memory: 333824K Free: 261593K (78%)
----------------- Invoking toplevel() on ptolemy.moml.MoMLSimpleApplication@4646bfd1
----------------- Done invoking toplevel() on ptolemy.moml.MoMLSimpleApplication@4646bfd1
reloadAllAccessors: .CannotProduceModal

===========================================================================================
----------------- testing Sun Feb 24 15:11:31 UTC 2019 /home/travis/build/icyphy/ptII/ptolemy/domains/modal/test/auto/Case.xml
----------------- Instantiating /home/travis/build/icyphy/ptII/ptolemy/domains/modal/test/auto/Case.xml
40 ms. Memory: 333824K Free: 249318K (75%)
----------------- Invoking toplevel() on ptolemy.moml.MoMLSimpleApplication@42e78cb1
----------------- Done invoking toplevel() on ptolemy.moml.MoMLSimpleApplication@42e78cb1
reloadAllAccessors: .Case

===========================================================================================
----------------- testing Sun Feb 24 15:11:31 UTC 2019 /home/travis/build/icyphy/ptII/ptolemy/domains/modal/test/auto/Case1.xml
----------------- Instantiating /home/travis/build/icyphy/ptII/ptolemy/domains/modal/test/auto/Case1.xml
12 ms. Memory: 333824K Free: 240722K (72%)
----------------- Invoking toplevel() on ptolemy.moml.MoMLSimpleApplication@59a9c39b
----------------- Done invoking toplevel() on ptolemy.moml.MoMLSimpleApplication@59a9c39b
reloadAllAccessors: .Case1

===========================================================================================
----------------- testing Sun Feb 24 15:11:31 UTC 2019 /home/travis/build/icyphy/ptII/ptolemy/domains/modal/test/auto/Case2.xml
----------------- Instantiating /home/travis/build/icyphy/ptII/ptolemy/domains/modal/test/auto/Case2.xml
28 ms. Memory: 333824K Free: 226232K (68%)
----------------- Invoking toplevel() on ptolemy.moml.MoMLSimpleApplication@2d678508
----------------- Done invoking toplevel() on ptolemy.moml.MoMLSimpleApplication@2d678508
reloadAllAccessors: .Case2

===========================================================================================
----------------- testing Sun Feb 24 15:11:31 UTC 2019 /home/travis/build/icyphy/ptII/ptolemy/domains/modal/test/auto/CausalityInterface1.xml
----------------- Instantiating /home/travis/build/icyphy/ptII/ptolemy/domains/modal/test/auto/CausalityInterface1.xml
5 ms. Memory: 333824K Free: 220111K (66%)
----------------- Invoking toplevel() on ptolemy.moml.MoMLSimpleApplication@340ccdf2
----------------- Done invoking toplevel() on ptolemy.moml.MoMLSimpleApplication@340ccdf2
reloadAllAccessors: .CausalityInterface1

===========================================================================================
----------------- testing Sun Feb 24 15:11:31 UTC 2019 /home/travis/build/icyphy/ptII/ptolemy/domains/modal/test/auto/CausalityInterface10.xml
----------------- Instantiating /home/travis/build/icyphy/ptII/ptolemy/domains/modal/test/auto/CausalityInterface10.xml
5 ms. Memory: 333824K Free: 204155K (61%)
----------------- Invoking toplevel() on ptolemy.moml.MoMLSimpleApplication@3fd878c9
----------------- Done invoking toplevel() on ptolemy.moml.MoMLSimpleApplication@3fd878c9
reloadAllAccessors: .CausalityInterface10

===========================================================================================
----------------- testing Sun Feb 24 15:11:31 UTC 2019 /home/travis/build/icyphy/ptII/ptolemy/domains/modal/test/auto/CausalityInterface11.xml
----------------- Instantiating /home/travis/build/icyphy/ptII/ptolemy/domains/modal/test/auto/CausalityInterface11.xml
12 ms. Memory: 333824K Free: 187279K (56%)
----------------- Invoking toplevel() on ptolemy.moml.MoMLSimpleApplication@a8a6d54
----------------- Done invoking toplevel() on ptolemy.moml.MoMLSimpleApplication@a8a6d54
reloadAllAccessors: .CausalityInterface11

===========================================================================================
----------------- testing Sun Feb 24 15:11:31 UTC 2019 /home/travis/build/icyphy/ptII/ptolemy/domains/modal/test/auto/CausalityInterface12.xml
----------------- Instantiating /home/travis/build/icyphy/ptII/ptolemy/domains/modal/test/auto/CausalityInterface12.xml
8 ms. Memory: 333824K Free: 172546K (52%)
----------------- Invoking toplevel() on ptolemy.moml.MoMLSimpleApplication@5064fc70
----------------- Done invoking toplevel() on ptolemy.moml.MoMLSimpleApplication@5064fc70
reloadAllAccessors: .CausalityInterface12

===========================================================================================
----------------- testing Sun Feb 24 15:11:31 UTC 2019 /home/travis/build/icyphy/ptII/ptolemy/domains/modal/test/auto/CausalityInterface13.xml
----------------- Instantiating /home/travis/build/icyphy/ptII/ptolemy/domains/modal/test/auto/CausalityInterface13.xml
12 ms. Memory: 333824K Free: 156599K (47%)
----------------- Invoking toplevel() on ptolemy.moml.MoMLSimpleApplication@bbd3f67
----------------- Done invoking toplevel() on ptolemy.moml.MoMLSimpleApplication@bbd3f67
reloadAllAccessors: .CausalityInterface13

===========================================================================================
----------------- testing Sun Feb 24 15:11:31 UTC 2019 /home/travis/build/icyphy/ptII/ptolemy/domains/modal/test/auto/CausalityInterface14.xml
----------------- Instantiating /home/travis/build/icyphy/ptII/ptolemy/domains/modal/test/auto/CausalityInterface14.xml
15 ms. Memory: 333824K Free: 138462K (41%)
----------------- Invoking toplevel() on ptolemy.moml.MoMLSimpleApplication@5b46af8e
----------------- Done invoking toplevel() on ptolemy.moml.MoMLSimpleApplication@5b46af8e
reloadAllAccessors: .CausalityInterface14

===========================================================================================
----------------- testing Sun Feb 24 15:11:31 UTC 2019 /home/travis/build/icyphy/ptII/ptolemy/domains/modal/test/auto/CausalityInterface2.xml
----------------- Instantiating /home/travis/build/icyphy/ptII/ptolemy/domains/modal/test/auto/CausalityInterface2.xml
3 ms. Memory: 333824K Free: 131111K (39%)
----------------- Invoking toplevel() on ptolemy.moml.MoMLSimpleApplication@3e553505
----------------- Done invoking toplevel() on ptolemy.moml.MoMLSimpleApplication@3e553505
reloadAllAccessors: .CausalityInterface2

===========================================================================================
----------------- testing Sun Feb 24 15:11:31 UTC 2019 /home/travis/build/icyphy/ptII/ptolemy/domains/modal/test/auto/CausalityInterface3.xml
----------------- Instantiating /home/travis/build/icyphy/ptII/ptolemy/domains/modal/test/auto/CausalityInterface3.xml
3 ms. Memory: 333824K Free: 123736K (37%)
----------------- Invoking toplevel() on ptolemy.moml.MoMLSimpleApplication@3c1640c8
----------------- Done invoking toplevel() on ptolemy.moml.MoMLSimpleApplication@3c1640c8
reloadAllAccessors: .CausalityInterface3

===========================================================================================
----------------- testing Sun Feb 24 15:11:31 UTC 2019 /home/travis/build/icyphy/ptII/ptolemy/domains/modal/test/auto/CausalityInterface4.xml
----------------- Instantiating /home/travis/build/icyphy/ptII/ptolemy/domains/modal/test/auto/CausalityInterface4.xml
2 ms. Memory: 333824K Free: 114179K (34%)
----------------- Invoking toplevel() on ptolemy.moml.MoMLSimpleApplication@731a50bc
----------------- Done invoking toplevel() on ptolemy.moml.MoMLSimpleApplication@731a50bc
reloadAllAccessors: .CausalityInterface4

===========================================================================================
----------------- testing Sun Feb 24 15:11:31 UTC 2019 /home/travis/build/icyphy/ptII/ptolemy/domains/modal/test/auto/CausalityInterface5.xml
----------------- Instantiating /home/travis/build/icyphy/ptII/ptolemy/domains/modal/test/auto/CausalityInterface5.xml
2 ms. Memory: 333824K Free: 104362K (31%)
----------------- Invoking toplevel() on ptolemy.moml.MoMLSimpleApplication@2dfd9c88
----------------- Done invoking toplevel() on ptolemy.moml.MoMLSimpleApplication@2dfd9c88
reloadAllAccessors: .CausalityInterface5

===========================================================================================
----------------- testing Sun Feb 24 15:11:31 UTC 2019 /home/travis/build/icyphy/ptII/ptolemy/domains/modal/test/auto/CausalityInterface6.xml
----------------- Instantiating /home/travis/build/icyphy/ptII/ptolemy/domains/modal/test/auto/CausalityInterface6.xml
3 ms. Memory: 333824K Free: 95702K (29%)
----------------- Invoking toplevel() on ptolemy.moml.MoMLSimpleApplication@464af245
----------------- Done invoking toplevel() on ptolemy.moml.MoMLSimpleApplication@464af245
reloadAllAccessors: .CausalityInterface6

===========================================================================================
----------------- testing Sun Feb 24 15:11:31 UTC 2019 /home/travis/build/icyphy/ptII/ptolemy/domains/modal/test/auto/CausalityInterface7.xml
----------------- Instantiating /home/travis/build/icyphy/ptII/ptolemy/domains/modal/test/auto/CausalityInterface7.xml
8 ms. Memory: 333824K Free: 84860K (25%)
----------------- Invoking toplevel() on ptolemy.moml.MoMLSimpleApplication@3aaf19e
----------------- Done invoking toplevel() on ptolemy.moml.MoMLSimpleApplication@3aaf19e
reloadAllAccessors: .CausalityInterface7

===========================================================================================
----------------- testing Sun Feb 24 15:11:31 UTC 2019 /home/travis/build/icyphy/ptII/ptolemy/domains/modal/test/auto/CausalityInterface8.xml
----------------- Instantiating /home/travis/build/icyphy/ptII/ptolemy/domains/modal/test/auto/CausalityInterface8.xml
3 ms. Memory: 578048K Free: 562136K (97%)
----------------- Invoking toplevel() on ptolemy.moml.MoMLSimpleApplication@78abc13c
----------------- Done invoking toplevel() on ptolemy.moml.MoMLSimpleApplication@78abc13c
reloadAllAccessors: .CausalityInterface8

===========================================================================================
----------------- testing Sun Feb 24 15:11:31 UTC 2019 /home/travis/build/icyphy/ptII/ptolemy/domains/modal/test/auto/CausalityInterface9.xml
----------------- Instantiating /home/travis/build/icyphy/ptII/ptolemy/domains/modal/test/auto/CausalityInterface9.xml
3 ms. Memory: 578048K Free: 545819K (94%)
----------------- Invoking toplevel() on ptolemy.moml.MoMLSimpleApplication@569d4d87
----------------- Done invoking toplevel() on ptolemy.moml.MoMLSimpleApplication@569d4d87
reloadAllAccessors: .CausalityInterface9

===========================================================================================
----------------- testing Sun Feb 24 15:11:31 UTC 2019 /home/travis/build/icyphy/ptII/ptolemy/domains/modal/test/auto/ChainedTransitions.xml
----------------- Instantiating /home/travis/build/icyphy/ptII/ptolemy/domains/modal/test/auto/ChainedTransitions.xml
88 ms. Memory: 578048K Free: 516464K (89%)
----------------- Invoking toplevel() on ptolemy.moml.MoMLSimpleApplication@2a8ef2bc
----------------- Done invoking toplevel() on ptolemy.moml.MoMLSimpleApplication@2a8ef2bc
reloadAllAccessors: .ChainedTransitions

===========================================================================================
----------------- testing Sun Feb 24 15:11:32 UTC 2019 /home/travis/build/icyphy/ptII/ptolemy/domains/modal/test/auto/CycleOfImmediateTransitionsFSM.xml
----------------- Instantiating /home/travis/build/icyphy/ptII/ptolemy/domains/modal/test/auto/CycleOfImmediateTransitionsFSM.xml
2 ms. Memory: 578048K Free: 506687K (88%)
----------------- Invoking toplevel() on ptolemy.moml.MoMLSimpleApplication@455c262b
----------------- Done invoking toplevel() on ptolemy.moml.MoMLSimpleApplication@455c262b
reloadAllAccessors: .CycleOfImmediateTransitionsFSM

===========================================================================================
----------------- testing Sun Feb 24 15:11:32 UTC 2019 /home/travis/build/icyphy/ptII/ptolemy/domains/modal/test/auto/CycleOfImmediateTransitionsModal.xml
----------------- Instantiating /home/travis/build/icyphy/ptII/ptolemy/domains/modal/test/auto/CycleOfImmediateTransitionsModal.xml
4 ms. Memory: 578048K Free: 496902K (86%)
----------------- Invoking toplevel() on ptolemy.moml.MoMLSimpleApplication@2b875309
----------------- Done invoking toplevel() on ptolemy.moml.MoMLSimpleApplication@2b875309
reloadAllAccessors: .CycleOfImmediateTransitionsModal

===========================================================================================
----------------- testing Sun Feb 24 15:11:32 UTC 2019 /home/travis/build/icyphy/ptII/ptolemy/domains/modal/test/auto/CycleOfImmediateTransitionsModal2.xml
----------------- Instantiating /home/travis/build/icyphy/ptII/ptolemy/domains/modal/test/auto/CycleOfImmediateTransitionsModal2.xml
2 ms. Memory: 578048K Free: 484096K (84%)
----------------- Invoking toplevel() on ptolemy.moml.MoMLSimpleApplication@39829e53
----------------- Done invoking toplevel() on ptolemy.moml.MoMLSimpleApplication@39829e53
reloadAllAccessors: .CycleOfImmediateTransitionsModal2

===========================================================================================
----------------- testing Sun Feb 24 15:11:32 UTC 2019 /home/travis/build/icyphy/ptII/ptolemy/domains/modal/test/auto/CycleOfImmediateTransitionsModal3.xml
----------------- Instantiating /home/travis/build/icyphy/ptII/ptolemy/domains/modal/test/auto/CycleOfImmediateTransitionsModal3.xml
16 ms. Memory: 578048K Free: 454741K (79%)
----------------- Invoking toplevel() on ptolemy.moml.MoMLSimpleApplication@1a8f82b3
----------------- Done invoking toplevel() on ptolemy.moml.MoMLSimpleApplication@1a8f82b3
reloadAllAccessors: .CycleOfImmediateTransitionsModal3

===========================================================================================
----------------- testing Sun Feb 24 15:11:32 UTC 2019 /home/travis/build/icyphy/ptII/ptolemy/domains/modal/test/auto/DeepModal1.xml
----------------- Instantiating /home/travis/build/icyphy/ptII/ptolemy/domains/modal/test/auto/DeepModal1.xml
26 ms. Memory: 578048K Free: 438443K (76%)
----------------- Invoking toplevel() on ptolemy.moml.MoMLSimpleApplication@66cfa4a7
----------------- Done invoking toplevel() on ptolemy.moml.MoMLSimpleApplication@66cfa4a7
reloadAllAccessors: .DeepModal1

===========================================================================================
----------------- testing Sun Feb 24 15:11:32 UTC 2019 /home/travis/build/icyphy/ptII/ptolemy/domains/modal/test/auto/DeepModal2.xml
----------------- Instantiating /home/travis/build/icyphy/ptII/ptolemy/domains/modal/test/auto/DeepModal2.xml
28 ms. Memory: 578048K Free: 415608K (72%)
----------------- Invoking toplevel() on ptolemy.moml.MoMLSimpleApplication@472f21d1
----------------- Done invoking toplevel() on ptolemy.moml.MoMLSimpleApplication@472f21d1
reloadAllAccessors: .DeepModal2

===========================================================================================
----------------- testing Sun Feb 24 15:11:32 UTC 2019 /home/travis/build/icyphy/ptII/ptolemy/domains/modal/test/auto/DeepModal3.xml
----------------- Instantiating /home/travis/build/icyphy/ptII/ptolemy/domains/modal/test/auto/DeepModal3.xml
37 ms. Memory: 578048K Free: 389729K (67%)
----------------- Invoking toplevel() on ptolemy.moml.MoMLSimpleApplication@40699d59
----------------- Done invoking toplevel() on ptolemy.moml.MoMLSimpleApplication@40699d59
reloadAllAccessors: .DeepModal3

===========================================================================================
----------------- testing Sun Feb 24 15:11:32 UTC 2019 /home/travis/build/icyphy/ptII/ptolemy/domains/modal/test/auto/DeepModal4.xml
----------------- Instantiating /home/travis/build/icyphy/ptII/ptolemy/domains/modal/test/auto/DeepModal4.xml
25 ms. Memory: 578048K Free: 366895K (63%)
----------------- Invoking toplevel() on ptolemy.moml.MoMLSimpleApplication@2faa6fb5
----------------- Done invoking toplevel() on ptolemy.moml.MoMLSimpleApplication@2faa6fb5
reloadAllAccessors: .DeepModal4

===========================================================================================
----------------- testing Sun Feb 24 15:11:32 UTC 2019 /home/travis/build/icyphy/ptII/ptolemy/domains/modal/test/auto/Default1.xml
----------------- Instantiating /home/travis/build/icyphy/ptII/ptolemy/domains/modal/test/auto/Default1.xml
2 ms. Memory: 578048K Free: 357110K (62%)
----------------- Invoking toplevel() on ptolemy.moml.MoMLSimpleApplication@1826584f
----------------- Done invoking toplevel() on ptolemy.moml.MoMLSimpleApplication@1826584f
reloadAllAccessors: .Default1

===========================================================================================
----------------- testing Sun Feb 24 15:11:32 UTC 2019 /home/travis/build/icyphy/ptII/ptolemy/domains/modal/test/auto/Default2.xml
----------------- Instantiating /home/travis/build/icyphy/ptII/ptolemy/domains/modal/test/auto/Default2.xml
2 ms. Memory: 578048K Free: 347325K (60%)
----------------- Invoking toplevel() on ptolemy.moml.MoMLSimpleApplication@37bd8aea
----------------- Done invoking toplevel() on ptolemy.moml.MoMLSimpleApplication@37bd8aea
reloadAllAccessors: .Default2

===========================================================================================
----------------- testing Sun Feb 24 15:11:32 UTC 2019 /home/travis/build/icyphy/ptII/ptolemy/domains/modal/test/auto/Default3.xml
----------------- Instantiating /home/travis/build/icyphy/ptII/ptolemy/domains/modal/test/auto/Default3.xml
3 ms. Memory: 578048K Free: 334503K (58%)
----------------- Invoking toplevel() on ptolemy.moml.MoMLSimpleApplication@382e0458
----------------- Done invoking toplevel() on ptolemy.moml.MoMLSimpleApplication@382e0458
reloadAllAccessors: .Default3

===========================================================================================
----------------- testing Sun Feb 24 15:11:32 UTC 2019 /home/travis/build/icyphy/ptII/ptolemy/domains/modal/test/auto/Default4.xml
----------------- Instantiating /home/travis/build/icyphy/ptII/ptolemy/domains/modal/test/auto/Default4.xml
2 ms. Memory: 578048K Free: 324718K (56%)
----------------- Invoking toplevel() on ptolemy.moml.MoMLSimpleApplication@324f2a4b
----------------- Done invoking toplevel() on ptolemy.moml.MoMLSimpleApplication@324f2a4b
reloadAllAccessors: .Default4

===========================================================================================
----------------- testing Sun Feb 24 15:11:32 UTC 2019 /home/travis/build/icyphy/ptII/ptolemy/domains/modal/test/auto/Default5.xml
----------------- Instantiating /home/travis/build/icyphy/ptII/ptolemy/domains/modal/test/auto/Default5.xml
3 ms. Memory: 578048K Free: 311661K (54%)
----------------- Invoking toplevel() on ptolemy.moml.MoMLSimpleApplication@fb69870
----------------- Done invoking toplevel() on ptolemy.moml.MoMLSimpleApplication@fb69870
reloadAllAccessors: .Default5

===========================================================================================
----------------- testing Sun Feb 24 15:11:32 UTC 2019 /home/travis/build/icyphy/ptII/ptolemy/domains/modal/test/auto/EmptyGuard.xml
----------------- Instantiating /home/travis/build/icyphy/ptII/ptolemy/domains/modal/test/auto/EmptyGuard.xml
5 ms. Memory: 578048K Free: 301892K (52%)
----------------- Invoking toplevel() on ptolemy.moml.MoMLSimpleApplication@77142c2b
----------------- Done invoking toplevel() on ptolemy.moml.MoMLSimpleApplication@77142c2b
reloadAllAccessors: .EmptyGuard

===========================================================================================
----------------- testing Sun Feb 24 15:11:32 UTC 2019 /home/travis/build/icyphy/ptII/ptolemy/domains/modal/test/auto/ErrorTransition1.xml
----------------- Instantiating /home/travis/build/icyphy/ptII/ptolemy/domains/modal/test/auto/ErrorTransition1.xml
6 ms. Memory: 578048K Free: 285806K (49%)
----------------- Invoking toplevel() on ptolemy.moml.MoMLSimpleApplication@1b1f64c6
----------------- Done invoking toplevel() on ptolemy.moml.MoMLSimpleApplication@1b1f64c6
reloadAllAccessors: .ErrorTransition1

===========================================================================================
----------------- testing Sun Feb 24 15:11:32 UTC 2019 /home/travis/build/icyphy/ptII/ptolemy/domains/modal/test/auto/ErrorTransition10.xml
----------------- Instantiating /home/travis/build/icyphy/ptII/ptolemy/domains/modal/test/auto/ErrorTransition10.xml
7 ms. Memory: 578048K Free: 269500K (47%)
----------------- Invoking toplevel() on ptolemy.moml.MoMLSimpleApplication@8fb43d2
----------------- Done invoking toplevel() on ptolemy.moml.MoMLSimpleApplication@8fb43d2
reloadAllAccessors: .ErrorTransition10

===========================================================================================
----------------- testing Sun Feb 24 15:11:32 UTC 2019 /home/travis/build/icyphy/ptII/ptolemy/domains/modal/test/auto/ErrorTransition11.xml
----------------- Instantiating /home/travis/build/icyphy/ptII/ptolemy/domains/modal/test/auto/ErrorTransition11.xml
5 ms. Memory: 578048K Free: 253195K (44%)
----------------- Invoking toplevel() on ptolemy.moml.MoMLSimpleApplication@2ea7385
----------------- Done invoking toplevel() on ptolemy.moml.MoMLSimpleApplication@2ea7385
reloadAllAccessors: .ErrorTransition11

===========================================================================================
----------------- testing Sun Feb 24 15:11:32 UTC 2019 /home/travis/build/icyphy/ptII/ptolemy/domains/modal/test/auto/ErrorTransition2.xml
----------------- Instantiating /home/travis/build/icyphy/ptII/ptolemy/domains/modal/test/auto/ErrorTransition2.xml
5 ms. Memory: 578048K Free: 240153K (42%)
----------------- Invoking toplevel() on ptolemy.moml.MoMLSimpleApplication@2aa65cc2
----------------- Done invoking toplevel() on ptolemy.moml.MoMLSimpleApplication@2aa65cc2
reloadAllAccessors: .ErrorTransition2

===========================================================================================
----------------- testing Sun Feb 24 15:11:32 UTC 2019 /home/travis/build/icyphy/ptII/ptolemy/domains/modal/test/auto/ErrorTransition3.xml
----------------- Instantiating /home/travis/build/icyphy/ptII/ptolemy/domains/modal/test/auto/ErrorTransition3.xml
10 ms. Memory: 578048K Free: 224075K (39%)
----------------- Invoking toplevel() on ptolemy.moml.MoMLSimpleApplication@362144e2
----------------- Done invoking toplevel() on ptolemy.moml.MoMLSimpleApplication@362144e2
reloadAllAccessors: .ErrorTransition3

===========================================================================================
----------------- testing Sun Feb 24 15:11:32 UTC 2019 /home/travis/build/icyphy/ptII/ptolemy/domains/modal/test/auto/ErrorTransition4.xml
----------------- Instantiating /home/travis/build/icyphy/ptII/ptolemy/domains/modal/test/auto/ErrorTransition4.xml
5 ms. Memory: 578048K Free: 211034K (37%)
----------------- Invoking toplevel() on ptolemy.moml.MoMLSimpleApplication@741212f8
----------------- Done invoking toplevel() on ptolemy.moml.MoMLSimpleApplication@741212f8
reloadAllAccessors: .ErrorTransition4

===========================================================================================
----------------- testing Sun Feb 24 15:11:32 UTC 2019 /home/travis/build/icyphy/ptII/ptolemy/domains/modal/test/auto/ErrorTransition5.xml
----------------- Instantiating /home/travis/build/icyphy/ptII/ptolemy/domains/modal/test/auto/ErrorTransition5.xml
5 ms. Memory: 578048K Free: 198009K (34%)
----------------- Invoking toplevel() on ptolemy.moml.MoMLSimpleApplication@7cd4897d
----------------- Done invoking toplevel() on ptolemy.moml.MoMLSimpleApplication@7cd4897d
reloadAllAccessors: .ErrorTransition5

===========================================================================================
----------------- testing Sun Feb 24 15:11:32 UTC 2019 /home/travis/build/icyphy/ptII/ptolemy/domains/modal/test/auto/ErrorTransition6.xml
----------------- Instantiating /home/travis/build/icyphy/ptII/ptolemy/domains/modal/test/auto/ErrorTransition6.xml
6 ms. Memory: 578048K Free: 184967K (32%)
----------------- Invoking toplevel() on ptolemy.moml.MoMLSimpleApplication@171f751a
----------------- Done invoking toplevel() on ptolemy.moml.MoMLSimpleApplication@171f751a
reloadAllAccessors: .ErrorTransition6

===========================================================================================
----------------- testing Sun Feb 24 15:11:32 UTC 2019 /home/travis/build/icyphy/ptII/ptolemy/domains/modal/test/auto/ErrorTransition7.xml
----------------- Instantiating /home/travis/build/icyphy/ptII/ptolemy/domains/modal/test/auto/ErrorTransition7.xml
9 ms. Memory: 578048K Free: 165617K (29%)
----------------- Invoking toplevel() on ptolemy.moml.MoMLSimpleApplication@5b4ad4d7
----------------- Done invoking toplevel() on ptolemy.moml.MoMLSimpleApplication@5b4ad4d7
reloadAllAccessors: .ErrorTransition7

===========================================================================================
----------------- testing Sun Feb 24 15:11:32 UTC 2019 /home/travis/build/icyphy/ptII/ptolemy/domains/modal/test/auto/ErrorTransition8.xml
----------------- Instantiating /home/travis/build/icyphy/ptII/ptolemy/domains/modal/test/auto/ErrorTransition8.xml
42 ms. Memory: 578048K Free: 149320K (26%)
----------------- Invoking toplevel() on ptolemy.moml.MoMLSimpleApplication@767d5a18
----------------- Done invoking toplevel() on ptolemy.moml.MoMLSimpleApplication@767d5a18
reloadAllAccessors: .ErrorTransition8

===========================================================================================
----------------- testing Sun Feb 24 15:11:32 UTC 2019 /home/travis/build/icyphy/ptII/ptolemy/domains/modal/test/auto/ErrorTransition9.xml
----------------- Instantiating /home/travis/build/icyphy/ptII/ptolemy/domains/modal/test/auto/ErrorTransition9.xml
9 ms. Memory: 578048K Free: 133014K (23%)
----------------- Invoking toplevel() on ptolemy.moml.MoMLSimpleApplication@6f71289c
----------------- Done invoking toplevel() on ptolemy.moml.MoMLSimpleApplication@6f71289c
reloadAllAccessors: .ErrorTransition9

===========================================================================================
----------------- testing Sun Feb 24 15:11:33 UTC 2019 /home/travis/build/icyphy/ptII/ptolemy/domains/modal/test/auto/ExtendedFSM.xml
----------------- Instantiating /home/travis/build/icyphy/ptII/ptolemy/domains/modal/test/auto/ExtendedFSM.xml
9 ms. Memory: 578048K Free: 120193K (21%)
----------------- Invoking toplevel() on ptolemy.moml.MoMLSimpleApplication@32589174
----------------- Done invoking toplevel() on ptolemy.moml.MoMLSimpleApplication@32589174
reloadAllAccessors: .ExtendedFSM

===========================================================================================
----------------- testing Sun Feb 24 15:11:33 UTC 2019 /home/travis/build/icyphy/ptII/ptolemy/domains/modal/test/auto/FinalStates.xml
----------------- Instantiating /home/travis/build/icyphy/ptII/ptolemy/domains/modal/test/auto/FinalStates.xml
6 ms. Memory: 578048K Free: 110408K (19%)
----------------- Invoking toplevel() on ptolemy.moml.MoMLSimpleApplication@1641d1b9
----------------- Done invoking toplevel() on ptolemy.moml.MoMLSimpleApplication@1641d1b9
reloadAllAccessors: .FinalStates

===========================================================================================
----------------- testing Sun Feb 24 15:11:33 UTC 2019 /home/travis/build/icyphy/ptII/ptolemy/domains/modal/test/auto/FixedPointFSM.xml
----------------- Instantiating /home/travis/build/icyphy/ptII/ptolemy/domains/modal/test/auto/FixedPointFSM.xml
16 ms. Memory: 578048K Free: 90837K (16%)
----------------- Invoking toplevel() on ptolemy.moml.MoMLSimpleApplication@5ef4c568
----------------- Done invoking toplevel() on ptolemy.moml.MoMLSimpleApplication@5ef4c568
reloadAllAccessors: .FixedPointFSM

===========================================================================================
----------------- testing Sun Feb 24 15:11:33 UTC 2019 /home/travis/build/icyphy/ptII/ptolemy/domains/modal/test/auto/FixedPointIterationFSMActor.xml
----------------- Instantiating /home/travis/build/icyphy/ptII/ptolemy/domains/modal/test/auto/FixedPointIterationFSMActor.xml
15 ms. Memory: 578048K Free: 565977K (98%)
----------------- Invoking toplevel() on ptolemy.moml.MoMLSimpleApplication@76181885
----------------- Done invoking toplevel() on ptolemy.moml.MoMLSimpleApplication@76181885
reloadAllAccessors: .FixedPointIterationFSMActor

===========================================================================================
----------------- testing Sun Feb 24 15:11:33 UTC 2019 /home/travis/build/icyphy/ptII/ptolemy/domains/modal/test/auto/FixedPointIterationFSMActor2.xml
----------------- Instantiating /home/travis/build/icyphy/ptII/ptolemy/domains/modal/test/auto/FixedPointIterationFSMActor2.xml
17 ms. Memory: 578048K Free: 547309K (95%)
----------------- Invoking toplevel() on ptolemy.moml.MoMLSimpleApplication@102ac04e
----------------- Done invoking toplevel() on ptolemy.moml.MoMLSimpleApplication@102ac04e
reloadAllAccessors: .FixedPointIterationFSMActor2

===========================================================================================
----------------- testing Sun Feb 24 15:11:33 UTC 2019 /home/travis/build/icyphy/ptII/ptolemy/domains/modal/test/auto/ForbiddenInstantanousLoop.xml
----------------- Instantiating /home/travis/build/icyphy/ptII/ptolemy/domains/modal/test/auto/ForbiddenInstantanousLoop.xml
4 ms. Memory: 578048K Free: 532616K (92%)
----------------- Invoking toplevel() on ptolemy.moml.MoMLSimpleApplication@49c2bdbe
----------------- Done invoking toplevel() on ptolemy.moml.MoMLSimpleApplication@49c2bdbe
reloadAllAccessors: .ForbiddenInstantanousLoop

===========================================================================================
----------------- testing Sun Feb 24 15:11:33 UTC 2019 /home/travis/build/icyphy/ptII/ptolemy/domains/modal/test/auto/FunctionDependencyOfFSMActorTest.xml
----------------- Instantiating /home/travis/build/icyphy/ptII/ptolemy/domains/modal/test/auto/FunctionDependencyOfFSMActorTest.xml
10 ms. Memory: 578048K Free: 523140K (91%)
----------------- Invoking toplevel() on ptolemy.moml.MoMLSimpleApplication@605ad9c2
----------------- Done invoking toplevel() on ptolemy.moml.MoMLSimpleApplication@605ad9c2
reloadAllAccessors: .FunctionDependencyOfFSMActorTest

===========================================================================================
----------------- testing Sun Feb 24 15:11:33 UTC 2019 /home/travis/build/icyphy/ptII/ptolemy/domains/modal/test/auto/GuardExpression.xml
----------------- Instantiating /home/travis/build/icyphy/ptII/ptolemy/domains/modal/test/auto/GuardExpression.xml
1 ms. Memory: 578048K Free: 515797K (89%)
----------------- Invoking toplevel() on ptolemy.moml.MoMLSimpleApplication@2911afe3
----------------- Done invoking toplevel() on ptolemy.moml.MoMLSimpleApplication@2911afe3
reloadAllAccessors: .GuardExpression

===========================================================================================
----------------- testing Sun Feb 24 15:11:33 UTC 2019 /home/travis/build/icyphy/ptII/ptolemy/domains/modal/test/auto/GuardNotEvaluated.xml
----------------- Instantiating /home/travis/build/icyphy/ptII/ptolemy/domains/modal/test/auto/GuardNotEvaluated.xml
10 ms. Memory: 578048K Free: 506028K (88%)
----------------- Invoking toplevel() on ptolemy.moml.MoMLSimpleApplication@ac87ce8
----------------- Done invoking toplevel() on ptolemy.moml.MoMLSimpleApplication@ac87ce8
reloadAllAccessors: .GuardNotEvaluated

===========================================================================================
----------------- testing Sun Feb 24 15:11:33 UTC 2019 /home/travis/build/icyphy/ptII/ptolemy/domains/modal/test/auto/GuardNotEvaluated2.xml
----------------- Instantiating /home/travis/build/icyphy/ptII/ptolemy/domains/modal/test/auto/GuardNotEvaluated2.xml
5 ms. Memory: 578048K Free: 494126K (85%)
----------------- Invoking toplevel() on ptolemy.moml.MoMLSimpleApplication@29812a19
----------------- Done invoking toplevel() on ptolemy.moml.MoMLSimpleApplication@29812a19
reloadAllAccessors: .GuardNotEvaluated2

===========================================================================================
----------------- testing Sun Feb 24 15:11:33 UTC 2019 /home/travis/build/icyphy/ptII/ptolemy/domains/modal/test/auto/GuardOnAbsent.xml
----------------- Instantiating /home/travis/build/icyphy/ptII/ptolemy/domains/modal/test/auto/GuardOnAbsent.xml
6 ms. Memory: 578048K Free: 484357K (84%)
----------------- Invoking toplevel() on ptolemy.moml.MoMLSimpleApplication@6314f22d
----------------- Done invoking toplevel() on ptolemy.moml.MoMLSimpleApplication@6314f22d
reloadAllAccessors: .GuardOnAbsent

===========================================================================================
----------------- testing Sun Feb 24 15:11:33 UTC 2019 /home/travis/build/icyphy/ptII/ptolemy/domains/modal/test/auto/HierarchicalFSMTypeInference.xml
----------------- Instantiating /home/travis/build/icyphy/ptII/ptolemy/domains/modal/test/auto/HierarchicalFSMTypeInference.xml
3 ms. Memory: 578048K Free: 469671K (81%)
----------------- Invoking toplevel() on ptolemy.moml.MoMLSimpleApplication@73375502
----------------- Done invoking toplevel() on ptolemy.moml.MoMLSimpleApplication@73375502
reloadAllAccessors: .HierarchicalFSMTypeInference

===========================================================================================
----------------- testing Sun Feb 24 15:11:33 UTC 2019 /home/travis/build/icyphy/ptII/ptolemy/domains/modal/test/auto/Hysteresis.xml
----------------- Instantiating /home/travis/build/icyphy/ptII/ptolemy/domains/modal/test/auto/Hysteresis.xml
8 ms. Memory: 578048K Free: 450410K (78%)
----------------- Invoking toplevel() on ptolemy.moml.MoMLSimpleApplication@27dcc357
----------------- Done invoking toplevel() on ptolemy.moml.MoMLSimpleApplication@27dcc357
reloadAllAccessors: .Hysteresis

===========================================================================================
----------------- testing Sun Feb 24 15:11:33 UTC 2019 /home/travis/build/icyphy/ptII/ptolemy/domains/modal/test/auto/HysteresisWithDefault.xml
----------------- Instantiating /home/travis/build/icyphy/ptII/ptolemy/domains/modal/test/auto/HysteresisWithDefault.xml
27 ms. Memory: 578048K Free: 423465K (73%)
----------------- Invoking toplevel() on ptolemy.moml.MoMLSimpleApplication@3b8abfc6
----------------- Done invoking toplevel() on ptolemy.moml.MoMLSimpleApplication@3b8abfc6
reloadAllAccessors: .HysteresisWithDefault

===========================================================================================
----------------- testing Sun Feb 24 15:11:33 UTC 2019 /home/travis/build/icyphy/ptII/ptolemy/domains/modal/test/auto/HysteresisWithDefault2.xml
----------------- Instantiating /home/travis/build/icyphy/ptII/ptolemy/domains/modal/test/auto/HysteresisWithDefault2.xml
41 ms. Memory: 578048K Free: 389494K (67%)
----------------- Invoking toplevel() on ptolemy.moml.MoMLSimpleApplication@4a9d9551
----------------- Done invoking toplevel() on ptolemy.moml.MoMLSimpleApplication@4a9d9551
reloadAllAccessors: .HysteresisWithDefault2

===========================================================================================
----------------- testing Sun Feb 24 15:11:33 UTC 2019 /home/travis/build/icyphy/ptII/ptolemy/domains/modal/test/auto/ImmediateNonConstructiveness.xml
----------------- Instantiating /home/travis/build/icyphy/ptII/ptolemy/domains/modal/test/auto/ImmediateNonConstructiveness.xml
4 ms. Memory: 578048K Free: 379717K (66%)
----------------- Invoking toplevel() on ptolemy.moml.MoMLSimpleApplication@46beaa41
----------------- Done invoking toplevel() on ptolemy.moml.MoMLSimpleApplication@46beaa41
reloadAllAccessors: .ImmediateNonConstructiveness

===========================================================================================
----------------- testing Sun Feb 24 15:11:33 UTC 2019 /home/travis/build/icyphy/ptII/ptolemy/domains/modal/test/auto/ImmediateNonConstructiveness2.xml
----------------- Instantiating /home/travis/build/icyphy/ptII/ptolemy/domains/modal/test/auto/ImmediateNonConstructiveness2.xml
1 ms. Memory: 578048K Free: 369916K (64%)
----------------- Invoking toplevel() on ptolemy.moml.MoMLSimpleApplication@32718032
----------------- Done invoking toplevel() on ptolemy.moml.MoMLSimpleApplication@32718032
reloadAllAccessors: .ImmediateNonConstructiveness2

===========================================================================================
----------------- testing Sun Feb 24 15:11:33 UTC 2019 /home/travis/build/icyphy/ptII/ptolemy/domains/modal/test/auto/ImmediateTransitionReset.xml
----------------- Instantiating /home/travis/build/icyphy/ptII/ptolemy/domains/modal/test/auto/ImmediateTransitionReset.xml
6 ms. Memory: 578048K Free: 353090K (61%)
----------------- Invoking toplevel() on ptolemy.moml.MoMLSimpleApplication@6fc2a34
----------------- Done invoking toplevel() on ptolemy.moml.MoMLSimpleApplication@6fc2a34
reloadAllAccessors: .ImmediateTransitionReset

===========================================================================================
----------------- testing Sun Feb 24 15:11:33 UTC 2019 /home/travis/build/icyphy/ptII/ptolemy/domains/modal/test/auto/ImmediateTransitions1.xml
----------------- Instantiating /home/travis/build/icyphy/ptII/ptolemy/domains/modal/test/auto/ImmediateTransitions1.xml
1 ms. Memory: 578048K Free: 345763K (60%)
----------------- Invoking toplevel() on ptolemy.moml.MoMLSimpleApplication@2bfada44
----------------- Done invoking toplevel() on ptolemy.moml.MoMLSimpleApplication@2bfada44
reloadAllAccessors: .ImmediateTransitions1

===========================================================================================
----------------- testing Sun Feb 24 15:11:33 UTC 2019 /home/travis/build/icyphy/ptII/ptolemy/domains/modal/test/auto/ImmediateTransitionsInstantaneousCommunication.xml
----------------- Instantiating /home/travis/build/icyphy/ptII/ptolemy/domains/modal/test/auto/ImmediateTransitionsInstantaneousCommunication.xml
6 ms. Memory: 578048K Free: 331061K (57%)
----------------- Invoking toplevel() on ptolemy.moml.MoMLSimpleApplication@3a3c118e
----------------- Done invoking toplevel() on ptolemy.moml.MoMLSimpleApplication@3a3c118e
reloadAllAccessors: .ImmediateTransitionsInstantaneousCommunication

===========================================================================================
----------------- testing Sun Feb 24 15:11:33 UTC 2019 /home/travis/build/icyphy/ptII/ptolemy/domains/modal/test/auto/InitialImmediateTransition.xml
----------------- Instantiating /home/travis/build/icyphy/ptII/ptolemy/domains/modal/test/auto/InitialImmediateTransition.xml
4 ms. Memory: 578048K Free: 319128K (55%)
----------------- Invoking toplevel() on ptolemy.moml.MoMLSimpleApplication@336cc9b7
----------------- Done invoking toplevel() on ptolemy.moml.MoMLSimpleApplication@336cc9b7
reloadAllAccessors: .InitialImmediateTransition

===========================================================================================
----------------- testing Sun Feb 24 15:11:33 UTC 2019 /home/travis/build/icyphy/ptII/ptolemy/domains/modal/test/auto/InitialOutputs.xml
----------------- Instantiating /home/travis/build/icyphy/ptII/ptolemy/domains/modal/test/auto/InitialOutputs.xml
2 ms. Memory: 578048K Free: 309327K (54%)
----------------- Invoking toplevel() on ptolemy.moml.MoMLSimpleApplication@18c177c3
----------------- Done invoking toplevel() on ptolemy.moml.MoMLSimpleApplication@18c177c3
reloadAllAccessors: .InitialOutputs

===========================================================================================
----------------- testing Sun Feb 24 15:11:33 UTC 2019 /home/travis/build/icyphy/ptII/ptolemy/domains/modal/test/auto/InitialStateTransition1.xml
----------------- Instantiating /home/travis/build/icyphy/ptII/ptolemy/domains/modal/test/auto/InitialStateTransition1.xml
3 ms. Memory: 578048K Free: 297409K (51%)
----------------- Invoking toplevel() on ptolemy.moml.MoMLSimpleApplication@39533857
----------------- Done invoking toplevel() on ptolemy.moml.MoMLSimpleApplication@39533857
reloadAllAccessors: .InitialStateTransition1

===========================================================================================
----------------- testing Sun Feb 24 15:11:33 UTC 2019 /home/travis/build/icyphy/ptII/ptolemy/domains/modal/test/auto/InitialStateTransition2.xml
----------------- Instantiating /home/travis/build/icyphy/ptII/ptolemy/domains/modal/test/auto/InitialStateTransition2.xml
.InitialStateTransition2.TestExceptionAttributeNonConstructive: initialize() was not invoked, but wrapup() was.  This is unusual, but not always a problem.  For example, exporting JNLP will do this.
7 ms. Memory: 578048K Free: 287632K (50%)
----------------- Invoking toplevel() on ptolemy.moml.MoMLSimpleApplication@76b46149
----------------- Done invoking toplevel() on ptolemy.moml.MoMLSimpleApplication@76b46149
reloadAllAccessors: .InitialStateTransition2

===========================================================================================
----------------- testing Sun Feb 24 15:11:33 UTC 2019 /home/travis/build/icyphy/ptII/ptolemy/domains/modal/test/auto/InitialStateTransition3.xml
----------------- Instantiating /home/travis/build/icyphy/ptII/ptolemy/domains/modal/test/auto/InitialStateTransition3.xml
4 ms. Memory: 578048K Free: 275404K (48%)
----------------- Invoking toplevel() on ptolemy.moml.MoMLSimpleApplication@194f758a
----------------- Done invoking toplevel() on ptolemy.moml.MoMLSimpleApplication@194f758a
reloadAllAccessors: .InitialStateTransition3

===========================================================================================
----------------- testing Sun Feb 24 15:11:33 UTC 2019 /home/travis/build/icyphy/ptII/ptolemy/domains/modal/test/auto/InitialStateTransition4.xml
----------------- Instantiating /home/travis/build/icyphy/ptII/ptolemy/domains/modal/test/auto/InitialStateTransition4.xml
7 ms. Memory: 578048K Free: 261036K (45%)
----------------- Invoking toplevel() on ptolemy.moml.MoMLSimpleApplication@1432de1c
----------------- Done invoking toplevel() on ptolemy.moml.MoMLSimpleApplication@1432de1c
[...]
----------------- Done invoking toplevel() on ptolemy.moml.MoMLSimpleApplication@144e51fa
reloadAllAccessors: .TerminationTransition3

===========================================================================================
----------------- testing Sun Feb 24 15:11:35 UTC 2019 /home/travis/build/icyphy/ptII/ptolemy/domains/modal/test/auto/TerminationTransition4.xml
----------------- Instantiating /home/travis/build/icyphy/ptII/ptolemy/domains/modal/test/auto/TerminationTransition4.xml
6 ms. Memory: 871936K Free: 201607K (23%)
----------------- Invoking toplevel() on ptolemy.moml.MoMLSimpleApplication@19655fe3
----------------- Done invoking toplevel() on ptolemy.moml.MoMLSimpleApplication@19655fe3
reloadAllAccessors: .TerminationTransition4

===========================================================================================
----------------- testing Sun Feb 24 15:11:35 UTC 2019 /home/travis/build/icyphy/ptII/ptolemy/domains/modal/test/auto/TerminationTransition5.xml
----------------- Instantiating /home/travis/build/icyphy/ptII/ptolemy/domains/modal/test/auto/TerminationTransition5.xml
2 ms. Memory: 871936K Free: 180742K (21%)
----------------- Invoking toplevel() on ptolemy.moml.MoMLSimpleApplication@fe2d7f
----------------- Done invoking toplevel() on ptolemy.moml.MoMLSimpleApplication@fe2d7f
reloadAllAccessors: .TerminationTransition5

===========================================================================================
----------------- testing Sun Feb 24 15:11:35 UTC 2019 /home/travis/build/icyphy/ptII/ptolemy/domains/modal/test/auto/TerminationTransition6.xml
----------------- Instantiating /home/travis/build/icyphy/ptII/ptolemy/domains/modal/test/auto/TerminationTransition6.xml
2 ms. Memory: 871936K Free: 165098K (19%)
----------------- Invoking toplevel() on ptolemy.moml.MoMLSimpleApplication@66d5578e
----------------- Done invoking toplevel() on ptolemy.moml.MoMLSimpleApplication@66d5578e
reloadAllAccessors: .TerminationTransition6

===========================================================================================
----------------- testing Sun Feb 24 15:11:35 UTC 2019 /home/travis/build/icyphy/ptII/ptolemy/domains/modal/test/auto/TerminationTransition7.xml
----------------- Instantiating /home/travis/build/icyphy/ptII/ptolemy/domains/modal/test/auto/TerminationTransition7.xml
2 ms. Memory: 871936K Free: 146913K (17%)
----------------- Invoking toplevel() on ptolemy.moml.MoMLSimpleApplication@2ddb978e
----------------- Done invoking toplevel() on ptolemy.moml.MoMLSimpleApplication@2ddb978e
reloadAllAccessors: .TerminationTransition7

===========================================================================================
----------------- testing Sun Feb 24 15:11:35 UTC 2019 /home/travis/build/icyphy/ptII/ptolemy/domains/modal/test/auto/TerminationTransition8.xml
----------------- Instantiating /home/travis/build/icyphy/ptII/ptolemy/domains/modal/test/auto/TerminationTransition8.xml
2 ms. Memory: 871936K Free: 131261K (15%)
----------------- Invoking toplevel() on ptolemy.moml.MoMLSimpleApplication@74c26e76
----------------- Done invoking toplevel() on ptolemy.moml.MoMLSimpleApplication@74c26e76
reloadAllAccessors: .TerminationTransition8

===========================================================================================
----------------- testing Sun Feb 24 15:11:35 UTC 2019 /home/travis/build/icyphy/ptII/ptolemy/domains/modal/test/auto/Thermostat_NoHysteresis.xml
----------------- Instantiating /home/travis/build/icyphy/ptII/ptolemy/domains/modal/test/auto/Thermostat_NoHysteresis.xml
26 ms. Memory: 871936K Free: 99956K (11%)
----------------- Invoking toplevel() on ptolemy.moml.MoMLSimpleApplication@d4637f6
----------------- Done invoking toplevel() on ptolemy.moml.MoMLSimpleApplication@d4637f6
reloadAllAccessors: .Thermostat_NoHysteresis

===========================================================================================
----------------- testing Sun Feb 24 15:11:35 UTC 2019 /home/travis/build/icyphy/ptII/ptolemy/domains/modal/test/auto/TimedFSM.xml
----------------- Instantiating /home/travis/build/icyphy/ptII/ptolemy/domains/modal/test/auto/TimedFSM.xml
8 ms. Memory: 871936K Free: 81771K (9%)
----------------- Invoking toplevel() on ptolemy.moml.MoMLSimpleApplication@4945cea
----------------- Done invoking toplevel() on ptolemy.moml.MoMLSimpleApplication@4945cea
reloadAllAccessors: .TimedFSM

===========================================================================================
----------------- testing Sun Feb 24 15:11:35 UTC 2019 /home/travis/build/icyphy/ptII/ptolemy/domains/modal/test/auto/Timeout1.xml
----------------- Instantiating /home/travis/build/icyphy/ptII/ptolemy/domains/modal/test/auto/Timeout1.xml
7 ms. Memory: 871936K Free: 852835K (98%)
----------------- Invoking toplevel() on ptolemy.moml.MoMLSimpleApplication@2363ee8e
----------------- Done invoking toplevel() on ptolemy.moml.MoMLSimpleApplication@2363ee8e
reloadAllAccessors: .Timeout1

===========================================================================================
----------------- testing Sun Feb 24 15:11:35 UTC 2019 /home/travis/build/icyphy/ptII/ptolemy/domains/modal/test/auto/Timeout2.xml
----------------- Instantiating /home/travis/build/icyphy/ptII/ptolemy/domains/modal/test/auto/Timeout2.xml
4 ms. Memory: 871936K Free: 835357K (96%)
----------------- Invoking toplevel() on ptolemy.moml.MoMLSimpleApplication@5a8a9a66
----------------- Done invoking toplevel() on ptolemy.moml.MoMLSimpleApplication@5a8a9a66
reloadAllAccessors: .Timeout2

===========================================================================================
----------------- testing Sun Feb 24 15:11:35 UTC 2019 /home/travis/build/icyphy/ptII/ptolemy/domains/modal/test/auto/Timeout3.xml
----------------- Instantiating /home/travis/build/icyphy/ptII/ptolemy/domains/modal/test/auto/Timeout3.xml
1 ms. Memory: 871936K Free: 824932K (95%)
----------------- Invoking toplevel() on ptolemy.moml.MoMLSimpleApplication@676180eb
----------------- Done invoking toplevel() on ptolemy.moml.MoMLSimpleApplication@676180eb
reloadAllAccessors: .Timeout3

===========================================================================================
----------------- testing Sun Feb 24 15:11:35 UTC 2019 /home/travis/build/icyphy/ptII/ptolemy/domains/modal/test/auto/Timeout4.xml
----------------- Instantiating /home/travis/build/icyphy/ptII/ptolemy/domains/modal/test/auto/Timeout4.xml
3 ms. Memory: 871936K Free: 812560K (93%)
----------------- Invoking toplevel() on ptolemy.moml.MoMLSimpleApplication@409505e9
----------------- Done invoking toplevel() on ptolemy.moml.MoMLSimpleApplication@409505e9
reloadAllAccessors: .Timeout4

===========================================================================================
----------------- testing Sun Feb 24 15:11:35 UTC 2019 /home/travis/build/icyphy/ptII/ptolemy/domains/modal/test/auto/TransientstateModelAdvanced.xml
----------------- Instantiating /home/travis/build/icyphy/ptII/ptolemy/domains/modal/test/auto/TransientstateModelAdvanced.xml
3 ms. Memory: 871936K Free: 791695K (91%)
----------------- Invoking toplevel() on ptolemy.moml.MoMLSimpleApplication@5b7ab057
----------------- Done invoking toplevel() on ptolemy.moml.MoMLSimpleApplication@5b7ab057
reloadAllAccessors: .TransientstateModelAdvanced

===========================================================================================
----------------- testing Sun Feb 24 15:11:35 UTC 2019 /home/travis/build/icyphy/ptII/ptolemy/domains/modal/test/auto/TransientstateModelAdvanced2.xml
----------------- Instantiating /home/travis/build/icyphy/ptII/ptolemy/domains/modal/test/auto/TransientstateModelAdvanced2.xml
3 ms. Memory: 871936K Free: 768988K (88%)
----------------- Invoking toplevel() on ptolemy.moml.MoMLSimpleApplication@71f97e9f
----------------- Done invoking toplevel() on ptolemy.moml.MoMLSimpleApplication@71f97e9f
reloadAllAccessors: .transientstatemodelAdvanced

===========================================================================================
----------------- testing Sun Feb 24 15:11:35 UTC 2019 /home/travis/build/icyphy/ptII/ptolemy/domains/modal/test/auto/TransitionRefinements.xml
----------------- Instantiating /home/travis/build/icyphy/ptII/ptolemy/domains/modal/test/auto/TransitionRefinements.xml
7 ms. Memory: 871936K Free: 753336K (86%)
----------------- Invoking toplevel() on ptolemy.moml.MoMLSimpleApplication@2d8e2897
----------------- Done invoking toplevel() on ptolemy.moml.MoMLSimpleApplication@2d8e2897
reloadAllAccessors: .TransitionRefinements

===========================================================================================
----------------- testing Sun Feb 24 15:11:35 UTC 2019 /home/travis/build/icyphy/ptII/ptolemy/domains/modal/test/auto/TwoRefinements1.xml
----------------- Instantiating /home/travis/build/icyphy/ptII/ptolemy/domains/modal/test/auto/TwoRefinements1.xml
3 ms. Memory: 871936K Free: 735841K (84%)
----------------- Invoking toplevel() on ptolemy.moml.MoMLSimpleApplication@ba0c3ff
----------------- Done invoking toplevel() on ptolemy.moml.MoMLSimpleApplication@ba0c3ff
reloadAllAccessors: .TwoRefinements1

===========================================================================================
----------------- testing Sun Feb 24 15:11:35 UTC 2019 /home/travis/build/icyphy/ptII/ptolemy/domains/modal/test/auto/TwoRefinements2.xml
----------------- Instantiating /home/travis/build/icyphy/ptII/ptolemy/domains/modal/test/auto/TwoRefinements2.xml
2 ms. Memory: 871936K Free: 720189K (83%)
----------------- Invoking toplevel() on ptolemy.moml.MoMLSimpleApplication@28ec76d1
----------------- Done invoking toplevel() on ptolemy.moml.MoMLSimpleApplication@28ec76d1
reloadAllAccessors: .TwoRefinements2

===========================================================================================
----------------- testing Sun Feb 24 15:11:35 UTC 2019 /home/travis/build/icyphy/ptII/ptolemy/domains/modal/test/auto/WeakImmediateTransition.xml
----------------- Instantiating /home/travis/build/icyphy/ptII/ptolemy/domains/modal/test/auto/WeakImmediateTransition.xml
3 ms. Memory: 871936K Free: 702694K (81%)
----------------- Invoking toplevel() on ptolemy.moml.MoMLSimpleApplication@7834daac
----------------- Done invoking toplevel() on ptolemy.moml.MoMLSimpleApplication@7834daac
reloadAllAccessors: .WeakImmediateTransition

===========================================================================================
----------------- testing Sun Feb 24 15:11:35 UTC 2019 /home/travis/build/icyphy/ptII/ptolemy/domains/modal/test/auto/booleanSelect.xml
----------------- Instantiating /home/travis/build/icyphy/ptII/ptolemy/domains/modal/test/auto/booleanSelect.xml
23 ms. Memory: 871936K Free: 676585K (78%)
----------------- Invoking toplevel() on ptolemy.moml.MoMLSimpleApplication@6ef744ad
----------------- Done invoking toplevel() on ptolemy.moml.MoMLSimpleApplication@6ef744ad
reloadAllAccessors: .booleanSelect

===========================================================================================
----------------- testing Sun Feb 24 15:11:36 UTC 2019 /home/travis/build/icyphy/ptII/ptolemy/domains/modal/test/auto/modalChangingParams.xml
----------------- Instantiating /home/travis/build/icyphy/ptII/ptolemy/domains/modal/test/auto/modalChangingParams.xml
0
1
0
2
4
6
8
7
0
2
4
6
8
13
0
2
4
6
8
19
0
2
4
6
8
25
0
2
4
6
8
31
0
2
4
6
8
37
0
2
4
6
8
43
0
2
4
6
8
49
0
2
4
6
8
55
0
2
4
6
8
61
0
2
4
6
8
67
0
2
4
6
8
73
0
2
4
6
8
79
0
2
4
6
8
85
0
2
4
6
8
91
0
2
4
6
8
97
0
2
4
6
8
103
0
2
4
6
8
109
0
2
4
6
8
115
0
2
4
6
8
121
0
2
4
6
8
127
0
2
4
6
8
133
0
2
4
6
8
139
0
2
4
6
8
145
0
2
4
6
8
151
0
2
4
6
8
157
0
2
4
6
8
163
0
2
4
6
8
169
0
2
4
6
8
175
0
2
4
6
8
181
0
2
4
6
8
187
0
2
4
6
8
193
0
2
4
6
8
199
0
2
4
6
8
205
0
2
4
6
8
211
0
2
4
6
8
217
0
2
4
6
8
223
0
2
4
6
8
229
0
2
4
6
8
235
0
2
4
6
8
241
0
2
4
6
8
247
0
2
4
6
8
253
0
2
4
6
8
259
0
2
4
6
8
265
0
2
4
6
8
271
0
2
4
6
8
277
0
2
4
6
8
283
0
2
4
6
8
289
0
2
4
6
8
295
0
2
4
6
8
301
0
2
4
6
8
307
0
2
4
6
8
313
0
2
4
6
8
319
0
2
4
6
8
325
0
2
4
6
8
331
0
2
4
6
8
337
0
2
4
6
8
343
0
2
4
6
8
349
0
2
4
6
8
355
0
2
4
6
8
361
0
2
4
6
8
367
0
2
4
6
8
373
0
2
4
6
8
379
0
2
4
6
8
385
0
2
4
6
8
391
0
2
4
6
8
397
0
2
4
6
8
403
0
2
4
6
8
409
0
2
4
6
8
415
0
2
4
6
8
421
0
2
4
6
8
427
0
2
4
6
8
433
0
2
4
6
8
439
0
2
4
6
8
445
0
2
4
6
8
451
0
2
4
6
8
457
0
2
4
6
8
463
0
2
4
6
8
469
0
2
4
6
8
475
0
2
4
6
8
481
0
2
4
6
8
487
0
2
4
6
8
493
0
2
4
6
8
499
0
2
4
6
8
505
0
2
4
6
8
511
0
2
4
6
8
517
0
2
4
6
8
523
0
2
4
6
8
529
0
2
4
6
8
535
0
2
4
6
8
541
0
2
4
6
8
547
0
2
4
6
8
553
0
2
4
6
8
559
0
2
4
6
8
565
0
2
4
6
8
571
0
2
4
6
8
577
0
2
4
6
8
583
0
2
4
6
8
589
0
2
4
6
8
595
0
2
4
6
8
601
0
2
4
6
8
607
0
2
4
6
8
613
0
2
4
6
8
619
0
2
4
6
8
625
0
2
4
6
8
631
0
2
4
6
8
637
0
2
4
6
8
643
0
2
4
6
8
649
0
2
4
6
8
655
0
2
4
6
8
661
0
2
4
6
8
667
0
2
4
6
8
673
0
2
4
6
8
679
0
2
4
6
8
685
0
2
4
6
8
691
0
2
4
6
8
697
0
2
4
6
8
703
0
2
4
6
8
709
0
2
4
6
8
715
0
2
4
6
8
721
0
2
4
6
8
727
0
2
4
6
8
733
0
2
4
6
8
739
0
2
4
6
8
745
0
2
4
6
8
751
0
2
4
6
8
757
0
2
4
6
8
763
0
2
4
6
8
769
0
2
4
6
8
775
0
2
4
6
8
781
0
2
4
6
8
787
0
2
4
6
8
793
0
2
4
6
8
799
0
2
4
6
8
805
0
2
4
6
8
811
0
2
4
6
8
817
0
2
4
6
8
823
0
2
4
6
8
829
0
2
4
6
8
835
0
2
4
6
8
841
0
2
4
6
8
847
0
2
4
6
8
853
0
2
4
6
8
859
0
2
4
6
8
865
0
2
4
6
8
871
0
2
4
6
8
877
0
2
4
6
8
883
0
2
4
6
8
889
0
2
4
6
8
895
0
2
4
6
8
901
0
2
4
6
8
907
0
2
4
6
8
913
0
2
4
6
8
919
0
2
4
6
8
925
0
2
4
6
8
931
0
2
4
6
8
937
0
2
4
6
8
943
0
2
4
6
8
949
0
2
4
6
8
955
0
2
4
6
8
961
0
2
4
6
8
967
0
2
4
6
8
973
0
2
4
6
8
979
0
2
4
6
8
985
0
2
4
6
8
991
0
2
4
6
8
997
0
2
171 ms. Memory: 871936K Free: 554687K (64%)
----------------- Invoking toplevel() on ptolemy.moml.MoMLSimpleApplication@58cb0d1e
----------------- Done invoking toplevel() on ptolemy.moml.MoMLSimpleApplication@58cb0d1e
reloadAllAccessors: .modalChangingParams

===========================================================================================
----------------- testing Sun Feb 24 15:11:36 UTC 2019 /home/travis/build/icyphy/ptII/ptolemy/domains/modal/test/auto/modalModel.xml
----------------- Instantiating /home/travis/build/icyphy/ptII/ptolemy/domains/modal/test/auto/modalModel.xml
5 ms. Memory: 871936K Free: 539035K (62%)
----------------- Invoking toplevel() on ptolemy.moml.MoMLSimpleApplication@5b97d28
----------------- Done invoking toplevel() on ptolemy.moml.MoMLSimpleApplication@5b97d28
reloadAllAccessors: .modalModel

===========================================================================================
----------------- testing Sun Feb 24 15:11:36 UTC 2019 /home/travis/build/icyphy/ptII/ptolemy/domains/modal/test/auto/modalModel2.xml
----------------- Instantiating /home/travis/build/icyphy/ptII/ptolemy/domains/modal/test/auto/modalModel2.xml
6 ms. Memory: 871936K Free: 521540K (60%)
----------------- Invoking toplevel() on ptolemy.moml.MoMLSimpleApplication@68dc08cb
----------------- Done invoking toplevel() on ptolemy.moml.MoMLSimpleApplication@68dc08cb
reloadAllAccessors: .modalModel2

===========================================================================================
----------------- testing Sun Feb 24 15:11:36 UTC 2019 /home/travis/build/icyphy/ptII/ptolemy/domains/modal/test/auto/modalModel3.xml
----------------- Instantiating /home/travis/build/icyphy/ptII/ptolemy/domains/modal/test/auto/modalModel3.xml
0	0	0
3	2	1
6	4	2
9	6	3
4	0	4
7	2	5
10	4	6
13	6	7
8	0	8
11	2	9
14	4	10
17	6	11
12	0	12
15	2	13
18	4	14
22 ms. Memory: 871936K Free: 505904K (58%)
----------------- Invoking toplevel() on ptolemy.moml.MoMLSimpleApplication@6edfc5a0
----------------- Done invoking toplevel() on ptolemy.moml.MoMLSimpleApplication@6edfc5a0
reloadAllAccessors: .modalModel3

===========================================================================================
----------------- testing Sun Feb 24 15:11:36 UTC 2019 /home/travis/build/icyphy/ptII/ptolemy/domains/modal/test/auto/model1.xml
----------------- Instantiating /home/travis/build/icyphy/ptII/ptolemy/domains/modal/test/auto/model1.xml
9 ms. Memory: 871936K Free: 493637K (57%)
----------------- Invoking toplevel() on ptolemy.moml.MoMLSimpleApplication@11725257
----------------- Done invoking toplevel() on ptolemy.moml.MoMLSimpleApplication@11725257
reloadAllAccessors: .model1

===========================================================================================
----------------- testing Sun Feb 24 15:11:36 UTC 2019 /home/travis/build/icyphy/ptII/ptolemy/domains/modal/test/auto/test-direct-in-out.xml
----------------- Instantiating /home/travis/build/icyphy/ptII/ptolemy/domains/modal/test/auto/test-direct-in-out.xml
4 ms. Memory: 871936K Free: 477985K (55%)
----------------- Invoking toplevel() on ptolemy.moml.MoMLSimpleApplication@662247aa
----------------- Done invoking toplevel() on ptolemy.moml.MoMLSimpleApplication@662247aa
reloadAllAccessors: .test-direct-in-out
AutoTests.java: About to close Vertx.
AutoTests.java: Vertx closed.
]]></system-out>
  <system-err><![CDATA[java.lang.RuntimeException: Execution failed
	at ptolemy.moml.MoMLSimpleApplication$UnloadThread.run(MoMLSimpleApplication.java:402)
Caused by: ptolemy.kernel.util.IllegalActionException: Unknown inputs remain. Possible causality loop:
L_model_1893289564i

  in .CannotAnalysisWithPreemption.model_1893289564_region_1 and .CannotAnalysisWithPreemption.model_1893289564_region_1.L_model_1893289564i
	at ptolemy.actor.sched.FixedPointDirector.postfire(FixedPointDirector.java:515)
	at ptolemy.domains.sr.kernel.SRDirector.postfire(SRDirector.java:417)
	at ptolemy.actor.CompositeActor.postfire(CompositeActor.java:1668)
	at ptolemy.actor.Manager.iterate(Manager.java:852)
	at ptolemy.actor.Manager.execute(Manager.java:369)
	at ptolemy.actor.Manager.run(Manager.java:1263)
	at ptolemy.actor.Manager$PtolemyRunThread.run(Manager.java:1915)
java.lang.reflect.InvocationTargetException
	at sun.reflect.NativeConstructorAccessorImpl.newInstance0(Native Method)
	at sun.reflect.NativeConstructorAccessorImpl.newInstance(NativeConstructorAccessorImpl.java:62)
	at sun.reflect.DelegatingConstructorAccessorImpl.newInstance(DelegatingConstructorAccessorImpl.java:45)
	at java.lang.reflect.Constructor.newInstance(Constructor.java:423)
	at ptolemy.util.test.junit.AutoKnownFailedTests.RunModel(AutoKnownFailedTests.java:105)
	at sun.reflect.NativeMethodAccessorImpl.invoke0(Native Method)
	at sun.reflect.NativeMethodAccessorImpl.invoke(NativeMethodAccessorImpl.java:62)
	at sun.reflect.DelegatingMethodAccessorImpl.invoke(DelegatingMethodAccessorImpl.java:43)
	at java.lang.reflect.Method.invoke(Method.java:498)
	at org.junit.runners.model.FrameworkMethod$1.runReflectiveCall(FrameworkMethod.java:44)
	at org.junit.internal.runners.model.ReflectiveCallable.run(ReflectiveCallable.java:15)
	at org.junit.runners.model.FrameworkMethod.invokeExplosively(FrameworkMethod.java:41)
	at junitparams.internal.InvokeParameterisedMethod.evaluate(InvokeParameterisedMethod.java:102)
	at org.junit.internal.runners.statements.FailOnTimeout$1.run(FailOnTimeout.java:28)
Caused by: ptolemy.kernel.util.IllegalActionException: Unknown inputs remain. Possible causality loop:
L_model_1893289564i

  in .CannotAnalysisWithPreemption.model_1893289564_region_1 and .CannotAnalysisWithPreemption.model_1893289564_region_1.L_model_1893289564i
	at ptolemy.actor.sched.FixedPointDirector.postfire(FixedPointDirector.java:515)
	at ptolemy.domains.sr.kernel.SRDirector.postfire(SRDirector.java:417)
	at ptolemy.actor.CompositeActor.postfire(CompositeActor.java:1668)
	at ptolemy.actor.Manager.iterate(Manager.java:852)
	at ptolemy.actor.Manager.execute(Manager.java:369)
	at ptolemy.actor.Manager.run(Manager.java:1263)
	at ptolemy.actor.Manager$PtolemyRunThread.run(Manager.java:1915)
]]></system-err>
</testsuite>
