<?xml version="1.0" encoding="UTF-8" ?>
<testsuite errors="0" failures="0" hostname="travis-job-ac96d702-177c-4c11-9944-93f84bdb82ed" name="ptolemy.domains.sdf.test.junit.JUnitTclTest" skipped="0" tests="66" time="19.21" timestamp="2020-03-22T14:00:36">
  <properties>
[...]
</properties>
  <testcase classname="ptolemy.util.test.junit.TclTests" name="[0] /home/travis/build/icyphy/ptII/ptolemy/domains/sdf/test/SDFSchedulerErrors.tcl (RunTclFile)" time="0.833" />
  <testcase classname="ptolemy.util.test.junit.TclTests" name="[1] /home/travis/build/icyphy/ptII/ptolemy/domains/sdf/test/composition.tcl (RunTclFile)" time="0.198" />
  <testcase classname="ptolemy.util.test.junit.TclTests" name="[2] /home/travis/build/icyphy/ptII/ptolemy/domains/sdf/test/cycle.tcl (RunTclFile)" time="0.07" />
  <testcase classname="ptolemy.util.test.junit.AutoKnownFailedTests" name="[0] ThereAreNoKnowFailedTests (RunModel)" time="0.001" />
  <testcase classname="ptolemy.util.test.junit.AutoNameArchTests" name="[0] ThereAreNoAutoArchTests (RunModel)" time="0.001" />
  <testcase classname="ptolemy.util.test.junit.AutoTests" name="[0] /home/travis/build/icyphy/ptII/ptolemy/domains/sdf/test/auto/Array.xml (RunModel)" time="0.271" />
  <testcase classname="ptolemy.util.test.junit.AutoTests" name="[1] /home/travis/build/icyphy/ptII/ptolemy/domains/sdf/test/auto/Butterfly.xml (RunModel)" time="0.154" />
  <testcase classname="ptolemy.util.test.junit.AutoTests" name="[2] /home/travis/build/icyphy/ptII/ptolemy/domains/sdf/test/auto/Expression.xml (RunModel)" time="0.105" />
  <testcase classname="ptolemy.util.test.junit.AutoTests" name="[3] /home/travis/build/icyphy/ptII/ptolemy/domains/sdf/test/auto/Eye.xml (RunModel)" time="0.242" />
  <testcase classname="ptolemy.util.test.junit.AutoTests" name="[4] /home/travis/build/icyphy/ptII/ptolemy/domains/sdf/test/auto/FixFIR.xml (RunModel)" time="0.288" />
  <testcase classname="ptolemy.util.test.junit.AutoTests" name="[5] /home/travis/build/icyphy/ptII/ptolemy/domains/sdf/test/auto/FixPoint.xml (RunModel)" time="0.048" />
  <testcase classname="ptolemy.util.test.junit.AutoTests" name="[6] /home/travis/build/icyphy/ptII/ptolemy/domains/sdf/test/auto/Gravitation.xml (RunModel)" time="3.212" />
  <testcase classname="ptolemy.util.test.junit.AutoTests" name="[7] /home/travis/build/icyphy/ptII/ptolemy/domains/sdf/test/auto/GravitationWithCollisionDetection.xml (RunModel)" time="5.684" />
  <testcase classname="ptolemy.util.test.junit.AutoTests" name="[8] /home/travis/build/icyphy/ptII/ptolemy/domains/sdf/test/auto/HDF.xml (RunModel)" time="0.067" />
  <testcase classname="ptolemy.util.test.junit.AutoTests" name="[9] /home/travis/build/icyphy/ptII/ptolemy/domains/sdf/test/auto/HDFwithTransientStates.xml (RunModel)" time="0.1" />
  <testcase classname="ptolemy.util.test.junit.AutoTests" name="[10] /home/travis/build/icyphy/ptII/ptolemy/domains/sdf/test/auto/HTVQ.xml (RunModel)" time="0.823" />
  <testcase classname="ptolemy.util.test.junit.AutoTests" name="[11] /home/travis/build/icyphy/ptII/ptolemy/domains/sdf/test/auto/InferInitProduction.xml (RunModel)" time="0.026" />
  <testcase classname="ptolemy.util.test.junit.AutoTests" name="[12] /home/travis/build/icyphy/ptII/ptolemy/domains/sdf/test/auto/InferInitProductionDeeper.xml (RunModel)" time="0.021" />
  <testcase classname="ptolemy.util.test.junit.AutoTests" name="[13] /home/travis/build/icyphy/ptII/ptolemy/domains/sdf/test/auto/LMSAdaptive.xml (RunModel)" time="0.068" />
  <testcase classname="ptolemy.util.test.junit.AutoTests" name="[14] /home/travis/build/icyphy/ptII/ptolemy/domains/sdf/test/auto/LogisticMap.xml (RunModel)" time="0.461" />
  <testcase classname="ptolemy.util.test.junit.AutoTests" name="[15] /home/travis/build/icyphy/ptII/ptolemy/domains/sdf/test/auto/MaximumEntropySpectrum.xml (RunModel)" time="0.266" />
  <testcase classname="ptolemy.util.test.junit.AutoTests" name="[16] /home/travis/build/icyphy/ptII/ptolemy/domains/sdf/test/auto/MultirateSDF.xml (RunModel)" time="0.062" />
  <testcase classname="ptolemy.util.test.junit.AutoTests" name="[17] /home/travis/build/icyphy/ptII/ptolemy/domains/sdf/test/auto/MultirateSDFwithTransientStates.xml (RunModel)" time="0.09" />
  <testcase classname="ptolemy.util.test.junit.AutoTests" name="[18] /home/travis/build/icyphy/ptII/ptolemy/domains/sdf/test/auto/NoisySinewave.xml (RunModel)" time="0.082" />
  <testcase classname="ptolemy.util.test.junit.AutoTests" name="[19] /home/travis/build/icyphy/ptII/ptolemy/domains/sdf/test/auto/Objects.xml (RunModel)" time="0.049" />
  <testcase classname="ptolemy.util.test.junit.AutoTests" name="[20] /home/travis/build/icyphy/ptII/ptolemy/domains/sdf/test/auto/OrthogonalCom.xml (RunModel)" time="0.041" />
  <testcase classname="ptolemy.util.test.junit.AutoTests" name="[21] /home/travis/build/icyphy/ptII/ptolemy/domains/sdf/test/auto/RijndaelEncryption.xml (RunModel)" time="0.547" />
  <testcase classname="ptolemy.util.test.junit.AutoTests" name="[22] /home/travis/build/icyphy/ptII/ptolemy/domains/sdf/test/auto/SDFEmptyIterations.xml (RunModel)" time="0.016" />
  <testcase classname="ptolemy.util.test.junit.AutoTests" name="[23] /home/travis/build/icyphy/ptII/ptolemy/domains/sdf/test/auto/Spectrum.xml (RunModel)" time="0.095" />
  <testcase classname="ptolemy.util.test.junit.AutoTests" name="[24] /home/travis/build/icyphy/ptII/ptolemy/domains/sdf/test/auto/de_inside_sdf.xml (RunModel)" time="0.024" />
  <testcase classname="ptolemy.util.test.junit.AutoTests" name="[25] /home/travis/build/icyphy/ptII/ptolemy/domains/sdf/test/auto/disconnectedHierarchicalSDF.xml (RunModel)" time="0.022" />
  <testcase classname="ptolemy.util.test.junit.AutoTests" name="[26] /home/travis/build/icyphy/ptII/ptolemy/domains/sdf/test/auto/disconnectedSDF.xml (RunModel)" time="0.014" />
  <testcase classname="ptolemy.util.test.junit.AutoTests" name="[27] /home/travis/build/icyphy/ptII/ptolemy/domains/sdf/test/auto/emptyRefinement.xml (RunModel)" time="0.015" />
  <testcase classname="ptolemy.util.test.junit.AutoTests" name="[28] /home/travis/build/icyphy/ptII/ptolemy/domains/sdf/test/auto/filePortParameter.xml (RunModel)" time="0.045" />
  <testcase classname="ptolemy.util.test.junit.AutoTests" name="[29] /home/travis/build/icyphy/ptII/ptolemy/domains/sdf/test/auto/inferRelationWidth1.xml (RunModel)" time="0.02" />
  <testcase classname="ptolemy.util.test.junit.AutoTests" name="[30] /home/travis/build/icyphy/ptII/ptolemy/domains/sdf/test/auto/initProductionInference.xml (RunModel)" time="0.029" />
  <testcase classname="ptolemy.util.test.junit.AutoTests" name="[31] /home/travis/build/icyphy/ptII/ptolemy/domains/sdf/test/auto/relationGroup.xml (RunModel)" time="0.017" />
  <testcase classname="ptolemy.util.test.junit.AutoTests" name="[32] /home/travis/build/icyphy/ptII/ptolemy/domains/sdf/test/auto/relationGroup10.xml (RunModel)" time="0.015" />
  <testcase classname="ptolemy.util.test.junit.AutoTests" name="[33] /home/travis/build/icyphy/ptII/ptolemy/domains/sdf/test/auto/relationGroup11.xml (RunModel)" time="0.017" />
  <testcase classname="ptolemy.util.test.junit.AutoTests" name="[34] /home/travis/build/icyphy/ptII/ptolemy/domains/sdf/test/auto/relationGroup12.xml (RunModel)" time="0.016" />
  <testcase classname="ptolemy.util.test.junit.AutoTests" name="[35] /home/travis/build/icyphy/ptII/ptolemy/domains/sdf/test/auto/relationGroup13.xml (RunModel)" time="0.022" />
  <testcase classname="ptolemy.util.test.junit.AutoTests" name="[36] /home/travis/build/icyphy/ptII/ptolemy/domains/sdf/test/auto/relationGroup14.xml (RunModel)" time="0.016" />
  <testcase classname="ptolemy.util.test.junit.AutoTests" name="[37] /home/travis/build/icyphy/ptII/ptolemy/domains/sdf/test/auto/relationGroup15.xml (RunModel)" time="0.012" />
  <testcase classname="ptolemy.util.test.junit.AutoTests" name="[38] /home/travis/build/icyphy/ptII/ptolemy/domains/sdf/test/auto/relationGroup2.xml (RunModel)" time="0.014" />
  <testcase classname="ptolemy.util.test.junit.AutoTests" name="[39] /home/travis/build/icyphy/ptII/ptolemy/domains/sdf/test/auto/relationGroup3.xml (RunModel)" time="0.007" />
  <testcase classname="ptolemy.util.test.junit.AutoTests" name="[40] /home/travis/build/icyphy/ptII/ptolemy/domains/sdf/test/auto/relationGroup4.xml (RunModel)" time="0.009" />
  <testcase classname="ptolemy.util.test.junit.AutoTests" name="[41] /home/travis/build/icyphy/ptII/ptolemy/domains/sdf/test/auto/relationGroup5.xml (RunModel)" time="0.009" />
  <testcase classname="ptolemy.util.test.junit.AutoTests" name="[42] /home/travis/build/icyphy/ptII/ptolemy/domains/sdf/test/auto/relationGroup6.xml (RunModel)" time="0.009" />
  <testcase classname="ptolemy.util.test.junit.AutoTests" name="[43] /home/travis/build/icyphy/ptII/ptolemy/domains/sdf/test/auto/relationGroup7.xml (RunModel)" time="0.012" />
  <testcase classname="ptolemy.util.test.junit.AutoTests" name="[44] /home/travis/build/icyphy/ptII/ptolemy/domains/sdf/test/auto/relationGroup8.xml (RunModel)" time="0.012" />
  <testcase classname="ptolemy.util.test.junit.AutoTests" name="[45] /home/travis/build/icyphy/ptII/ptolemy/domains/sdf/test/auto/relationGroup9.xml (RunModel)" time="0.01" />
  <testcase classname="ptolemy.util.test.junit.AutoTests" name="[46] /home/travis/build/icyphy/ptII/ptolemy/domains/sdf/test/auto/sdf_inside_de.xml (RunModel)" time="0.035" />
  <testcase classname="ptolemy.util.test.junit.AutoTests" name="[47] /home/travis/build/icyphy/ptII/ptolemy/domains/sdf/test/auto/sdf_inside_pn.xml (RunModel)" time="0.05" />
  <testcase classname="ptolemy.util.test.junit.AutoTests" name="[48] /home/travis/build/icyphy/ptII/ptolemy/domains/sdf/test/auto/sdf_sdf1.xml (RunModel)" time="0.015" />
  <testcase classname="ptolemy.util.test.junit.AutoTests" name="[49] /home/travis/build/icyphy/ptII/ptolemy/domains/sdf/test/auto/test1.xml (RunModel)" time="0.015" />
  <testcase classname="ptolemy.util.test.junit.AutoTests" name="[50] /home/travis/build/icyphy/ptII/ptolemy/domains/sdf/test/auto/time1.xml (RunModel)" time="0.008" />
  <testcase classname="ptolemy.util.test.junit.AutoTests" name="[51] /home/travis/build/icyphy/ptII/ptolemy/domains/sdf/test/auto/time2.xml (RunModel)" time="0.009" />
  <testcase classname="ptolemy.util.test.junit.AutoTests" name="[52] /home/travis/build/icyphy/ptII/ptolemy/domains/sdf/test/auto/time3.xml (RunModel)" time="0.019" />
  <testcase classname="ptolemy.util.test.junit.AutoTests" name="[53] /home/travis/build/icyphy/ptII/ptolemy/domains/sdf/test/auto/time4.xml (RunModel)" time="0.015" />
  <testcase classname="ptolemy.util.test.junit.AutoTests" name="[54] /home/travis/build/icyphy/ptII/ptolemy/domains/sdf/test/auto/time5.xml (RunModel)" time="4.006" />
  <testcase classname="ptolemy.util.test.junit.AutoTests" name="[55] /home/travis/build/icyphy/ptII/ptolemy/domains/sdf/test/auto/typeSystem_Const_Integer_smallest_Type.xml (RunModel)" time="0.026" />
  <testcase classname="ptolemy.util.test.junit.AutoTests" name="[56] /home/travis/build/icyphy/ptII/ptolemy/domains/sdf/test/auto/typeSystem_declared_Inports_OutportTypeException.xml (RunModel)" time="0.02" />
  <testcase classname="ptolemy.util.test.junit.AutoTests" name="[57] /home/travis/build/icyphy/ptII/ptolemy/domains/sdf/test/auto/typeSystem_oneDeclaredInportType_wrongTypeOutport.xml (RunModel)" time="0.016" />
  <testcase classname="ptolemy.util.test.junit.AutoTests" name="[58] /home/travis/build/icyphy/ptII/ptolemy/domains/sdf/test/auto/width.xml (RunModel)" time="0.01" />
  <testcase classname="ptolemy.util.test.junit.AutoTests" name="[59] /home/travis/build/icyphy/ptII/ptolemy/domains/sdf/test/auto/width2.xml (RunModel)" time="0.041" />
  <testcase classname="ptolemy.util.test.junit.AutoTests" name="[60] /home/travis/build/icyphy/ptII/ptolemy/domains/sdf/test/auto/width3.xml (RunModel)" time="0.036" />
  <system-out><![CDATA[/home/travis/build/icyphy/ptII/ptolemy/domains/sdf/test/SDFSchedulerErrors.tcl
testDefs.tcl: setting time out to 9000 seconds at Sun Mar 22 14:00:36 UTC 2020
96 ms. Memory: 129024K Free: 89032K (69%)
11 ms. Memory: 129024K Free: 81343K (63%)
6 ms. Memory: 129024K Free: 75191K (58%)
5 ms. Memory: 129024K Free: 72134K (56%)
/home/travis/build/icyphy/ptII/ptolemy/domains/sdf/test/composition.tcl
48 ms. Memory: 129024K Free: 68023K (53%)
17 ms. Memory: 129024K Free: 65975K (51%)
/home/travis/build/icyphy/ptII/ptolemy/domains/sdf/test/cycle.tcl
.Toplevel.Director Preinitializing ...
Invoking preinitialize():  .Toplevel.Actor1
Invoking preinitialize():  .Toplevel.Actor2
Invoking preinitialize():  .Toplevel.Delay
.Toplevel.Director Finished preinitialize().
### Schedule:
Execute Schedule{
Fire Actor ptolemy.domains.sdf.kernel.test.SDFTestDelay {.Toplevel.Actor1}
Fire Actor ptolemy.domains.sdf.kernel.test.SDFTestDelay {.Toplevel.Actor2}
Fire Actor ptolemy.domains.sdf.lib.SampleDelay {.Toplevel.Delay}
}
### End schedule
Called initialize().
Invoking initialize():  .Toplevel.Actor1
Initializing actor: .Toplevel.Actor1.
Invoking initialize():  .Toplevel.Actor2
Initializing actor: .Toplevel.Actor2.
Invoking initialize():  .Toplevel.Delay
Initializing actor: .Toplevel.Delay.
Director: Called prefire().
-- Setting current time to 0.0
Director prefire returns true.
The actor .Toplevel.Actor1 will be iterated.
The actor .Toplevel.Actor1 was iterated.
The actor .Toplevel.Actor2 will be iterated.
The actor .Toplevel.Actor2 was iterated.
The actor .Toplevel.Delay will be iterated.
The actor .Toplevel.Delay was iterated.
Director: Called postfire().
Postfire returns: true
Director: Called prefire().
-- Setting current time to 0.0
Director prefire returns true.
The actor .Toplevel.Actor1 will be iterated.
The actor .Toplevel.Actor1 was iterated.
The actor .Toplevel.Actor2 will be iterated.
The actor .Toplevel.Actor2 was iterated.
The actor .Toplevel.Delay will be iterated.
The actor .Toplevel.Delay was iterated.
Director: Called postfire().
Postfire returns: true
Director: Called prefire().
-- Setting current time to 0.0
Director prefire returns true.
The actor .Toplevel.Actor1 will be iterated.
The actor .Toplevel.Actor1 was iterated.
The actor .Toplevel.Actor2 will be iterated.
The actor .Toplevel.Actor2 was iterated.
The actor .Toplevel.Delay will be iterated.
The actor .Toplevel.Delay was iterated.
Director: Called postfire().
Postfire returns: true
Director: Called prefire().
-- Setting current time to 0.0
Director prefire returns true.
The actor .Toplevel.Actor1 will be iterated.
The actor .Toplevel.Actor1 was iterated.
The actor .Toplevel.Actor2 will be iterated.
The actor .Toplevel.Actor2 was iterated.
The actor .Toplevel.Delay will be iterated.
The actor .Toplevel.Delay was iterated.
Director: Called postfire().
Postfire returns: true
Director: Called prefire().
-- Setting current time to 0.0
Director prefire returns true.
The actor .Toplevel.Actor1 will be iterated.
The actor .Toplevel.Actor1 was iterated.
The actor .Toplevel.Actor2 will be iterated.
The actor .Toplevel.Actor2 was iterated.
The actor .Toplevel.Delay will be iterated.
The actor .Toplevel.Delay was iterated.
Director: Called postfire().
Postfire returns: true
Director: Called prefire().
-- Setting current time to 0.0
Director prefire returns true.
The actor .Toplevel.Actor1 will be iterated.
The actor .Toplevel.Actor1 was iterated.
The actor .Toplevel.Actor2 will be iterated.
The actor .Toplevel.Actor2 was iterated.
The actor .Toplevel.Delay will be iterated.
The actor .Toplevel.Delay was iterated.
Reached specified number of iterations: 6
Director: Called wrapup().
30 ms. Memory: 129024K Free: 62918K (49%)
03/22/20 02:00:37
Failed: 0  Total Tests: 8  ((Passed: 8, Newly Passed: 0)  Known Failed: 0) /home/travis/build/icyphy/ptII/ptolemy/domains/sdf/test
No auto/knownFailedTests/*.xml tests in /home/travis/build/icyphy/ptII/ptolemy/domains/sdf/test
No auto/linux-amd64/*.xml tests in /home/travis/build/icyphy/ptII/ptolemy/domains/sdf/test
AutoTests.java: About to close Vertx.
AutoTests.java: Vertx closed.

===========================================================================================
----------------- testing Sun Mar 22 14:00:38 UTC 2020 /home/travis/build/icyphy/ptII/ptolemy/domains/sdf/test/auto/Array.xml
----------------- Instantiating /home/travis/build/icyphy/ptII/ptolemy/domains/sdf/test/auto/Array.xml
50 ms. Memory: 129024K Free: 108447K (84%)
----------------- Invoking toplevel() on ptolemy.moml.MoMLSimpleApplication@56223673
----------------- Done invoking toplevel() on ptolemy.moml.MoMLSimpleApplication@56223673
reloadAllAccessors: .Array

===========================================================================================
----------------- testing Sun Mar 22 14:00:38 UTC 2020 /home/travis/build/icyphy/ptII/ptolemy/domains/sdf/test/auto/Butterfly.xml
----------------- Instantiating /home/travis/build/icyphy/ptII/ptolemy/domains/sdf/test/auto/Butterfly.xml
82 ms. Memory: 129024K Free: 102303K (79%)
----------------- Invoking toplevel() on ptolemy.moml.MoMLSimpleApplication@5fcb2a11
----------------- Done invoking toplevel() on ptolemy.moml.MoMLSimpleApplication@5fcb2a11
reloadAllAccessors: .Butterfly

===========================================================================================
----------------- testing Sun Mar 22 14:00:38 UTC 2020 /home/travis/build/icyphy/ptII/ptolemy/domains/sdf/test/auto/Expression.xml
----------------- Instantiating /home/travis/build/icyphy/ptII/ptolemy/domains/sdf/test/auto/Expression.xml
63 ms. Memory: 129024K Free: 97844K (76%)
----------------- Invoking toplevel() on ptolemy.moml.MoMLSimpleApplication@2c90cbc1
----------------- Done invoking toplevel() on ptolemy.moml.MoMLSimpleApplication@2c90cbc1
reloadAllAccessors: .Expression

===========================================================================================
----------------- testing Sun Mar 22 14:00:38 UTC 2020 /home/travis/build/icyphy/ptII/ptolemy/domains/sdf/test/auto/Eye.xml
----------------- Instantiating /home/travis/build/icyphy/ptII/ptolemy/domains/sdf/test/auto/Eye.xml
146 ms. Memory: 129024K Free: 72919K (57%)
----------------- Invoking toplevel() on ptolemy.moml.MoMLSimpleApplication@3a061dfe
----------------- Done invoking toplevel() on ptolemy.moml.MoMLSimpleApplication@3a061dfe
reloadAllAccessors: .Eye

===========================================================================================
----------------- testing Sun Mar 22 14:00:39 UTC 2020 /home/travis/build/icyphy/ptII/ptolemy/domains/sdf/test/auto/FixFIR.xml
----------------- Instantiating /home/travis/build/icyphy/ptII/ptolemy/domains/sdf/test/auto/FixFIR.xml
132 ms. Memory: 129024K Free: 93052K (72%)
----------------- Invoking toplevel() on ptolemy.moml.MoMLSimpleApplication@4a266047
----------------- Done invoking toplevel() on ptolemy.moml.MoMLSimpleApplication@4a266047
reloadAllAccessors: .FixFIR

===========================================================================================
----------------- testing Sun Mar 22 14:00:39 UTC 2020 /home/travis/build/icyphy/ptII/ptolemy/domains/sdf/test/auto/FixPoint.xml
----------------- Instantiating /home/travis/build/icyphy/ptII/ptolemy/domains/sdf/test/auto/FixPoint.xml
13 ms. Memory: 129024K Free: 88473K (69%)
----------------- Invoking toplevel() on ptolemy.moml.MoMLSimpleApplication@6547ed60
----------------- Done invoking toplevel() on ptolemy.moml.MoMLSimpleApplication@6547ed60
reloadAllAccessors: .FixPoint

===========================================================================================
----------------- testing Sun Mar 22 14:00:39 UTC 2020 /home/travis/build/icyphy/ptII/ptolemy/domains/sdf/test/auto/Gravitation.xml
----------------- Instantiating /home/travis/build/icyphy/ptII/ptolemy/domains/sdf/test/auto/Gravitation.xml
3132 ms. Memory: 129024K Free: 50822K (39%)
----------------- Invoking toplevel() on ptolemy.moml.MoMLSimpleApplication@5c51c133
----------------- Done invoking toplevel() on ptolemy.moml.MoMLSimpleApplication@5c51c133
reloadAllAccessors: .Gravitation

===========================================================================================
----------------- testing Sun Mar 22 14:00:42 UTC 2020 /home/travis/build/icyphy/ptII/ptolemy/domains/sdf/test/auto/GravitationWithCollisionDetection.xml
----------------- Instantiating /home/travis/build/icyphy/ptII/ptolemy/domains/sdf/test/auto/GravitationWithCollisionDetection.xml
5549 ms. Memory: 324608K Free: 233583K (72%)
----------------- Invoking toplevel() on ptolemy.moml.MoMLSimpleApplication@462b5afa
----------------- Done invoking toplevel() on ptolemy.moml.MoMLSimpleApplication@462b5afa
reloadAllAccessors: .GravitationWithCollisionDetection

===========================================================================================
----------------- testing Sun Mar 22 14:00:48 UTC 2020 /home/travis/build/icyphy/ptII/ptolemy/domains/sdf/test/auto/HDF.xml
----------------- Instantiating /home/travis/build/icyphy/ptII/ptolemy/domains/sdf/test/auto/HDF.xml
19 ms. Memory: 324608K Free: 217679K (67%)
----------------- Invoking toplevel() on ptolemy.moml.MoMLSimpleApplication@10b4e30d
----------------- Done invoking toplevel() on ptolemy.moml.MoMLSimpleApplication@10b4e30d
reloadAllAccessors: .HDF

===========================================================================================
----------------- testing Sun Mar 22 14:00:48 UTC 2020 /home/travis/build/icyphy/ptII/ptolemy/domains/sdf/test/auto/HDFwithTransientStates.xml
----------------- Instantiating /home/travis/build/icyphy/ptII/ptolemy/domains/sdf/test/auto/HDFwithTransientStates.xml
28 ms. Memory: 324608K Free: 198767K (61%)
----------------- Invoking toplevel() on ptolemy.moml.MoMLSimpleApplication@66834a46
----------------- Done invoking toplevel() on ptolemy.moml.MoMLSimpleApplication@66834a46
reloadAllAccessors: .HDFwithTransientStates

===========================================================================================
----------------- testing Sun Mar 22 14:00:48 UTC 2020 /home/travis/build/icyphy/ptII/ptolemy/domains/sdf/test/auto/HTVQ.xml
----------------- Instantiating /home/travis/build/icyphy/ptII/ptolemy/domains/sdf/test/auto/HTVQ.xml
780 ms. Memory: 324608K Free: 221902K (68%)
----------------- Invoking toplevel() on ptolemy.moml.MoMLSimpleApplication@42e3f633
----------------- Done invoking toplevel() on ptolemy.moml.MoMLSimpleApplication@42e3f633
reloadAllAccessors: .HTVQ

===========================================================================================
----------------- testing Sun Mar 22 14:00:49 UTC 2020 /home/travis/build/icyphy/ptII/ptolemy/domains/sdf/test/auto/InferInitProduction.xml
----------------- Instantiating /home/travis/build/icyphy/ptII/ptolemy/domains/sdf/test/auto/InferInitProduction.xml
4 ms. Memory: 324608K Free: 215843K (66%)
----------------- Invoking toplevel() on ptolemy.moml.MoMLSimpleApplication@2e910db
----------------- Done invoking toplevel() on ptolemy.moml.MoMLSimpleApplication@2e910db
reloadAllAccessors: .InferInitProduction

===========================================================================================
----------------- testing Sun Mar 22 14:00:49 UTC 2020 /home/travis/build/icyphy/ptII/ptolemy/domains/sdf/test/auto/InferInitProductionDeeper.xml
----------------- Instantiating /home/travis/build/icyphy/ptII/ptolemy/domains/sdf/test/auto/InferInitProductionDeeper.xml
3 ms. Memory: 324608K Free: 210227K (65%)
----------------- Invoking toplevel() on ptolemy.moml.MoMLSimpleApplication@36462aef
----------------- Done invoking toplevel() on ptolemy.moml.MoMLSimpleApplication@36462aef
reloadAllAccessors: .InferInitProductionDeeper

===========================================================================================
----------------- testing Sun Mar 22 14:00:49 UTC 2020 /home/travis/build/icyphy/ptII/ptolemy/domains/sdf/test/auto/LMSAdaptive.xml
----------------- Instantiating /home/travis/build/icyphy/ptII/ptolemy/domains/sdf/test/auto/LMSAdaptive.xml
13 ms. Memory: 324608K Free: 200497K (62%)
----------------- Invoking toplevel() on ptolemy.moml.MoMLSimpleApplication@733fe2d7
----------------- Done invoking toplevel() on ptolemy.moml.MoMLSimpleApplication@733fe2d7
reloadAllAccessors: .LMSAdaptive

===========================================================================================
----------------- testing Sun Mar 22 14:00:49 UTC 2020 /home/travis/build/icyphy/ptII/ptolemy/domains/sdf/test/auto/LogisticMap.xml
----------------- Instantiating /home/travis/build/icyphy/ptII/ptolemy/domains/sdf/test/auto/LogisticMap.xml
433 ms. Memory: 324608K Free: 194353K (60%)
----------------- Invoking toplevel() on ptolemy.moml.MoMLSimpleApplication@5c20fc43
----------------- Done invoking toplevel() on ptolemy.moml.MoMLSimpleApplication@5c20fc43
reloadAllAccessors: .LogisticMap

===========================================================================================
----------------- testing Sun Mar 22 14:00:49 UTC 2020 /home/travis/build/icyphy/ptII/ptolemy/domains/sdf/test/auto/MaximumEntropySpectrum.xml
----------------- Instantiating /home/travis/build/icyphy/ptII/ptolemy/domains/sdf/test/auto/MaximumEntropySpectrum.xml
67 ms. Memory: 324608K Free: 132913K (41%)
----------------- Invoking toplevel() on ptolemy.moml.MoMLSimpleApplication@5a0ccb69
----------------- Done invoking toplevel() on ptolemy.moml.MoMLSimpleApplication@5a0ccb69
reloadAllAccessors: .MaximumEntropySpectrum

===========================================================================================
----------------- testing Sun Mar 22 14:00:50 UTC 2020 /home/travis/build/icyphy/ptII/ptolemy/domains/sdf/test/auto/MultirateSDF.xml
----------------- Instantiating /home/travis/build/icyphy/ptII/ptolemy/domains/sdf/test/auto/MultirateSDF.xml
19 ms. Memory: 324608K Free: 118067K (36%)
----------------- Invoking toplevel() on ptolemy.moml.MoMLSimpleApplication@562f49c0
----------------- Done invoking toplevel() on ptolemy.moml.MoMLSimpleApplication@562f49c0
reloadAllAccessors: .MultirateSDF

===========================================================================================
----------------- testing Sun Mar 22 14:00:50 UTC 2020 /home/travis/build/icyphy/ptII/ptolemy/domains/sdf/test/auto/MultirateSDFwithTransientStates.xml
----------------- Instantiating /home/travis/build/icyphy/ptII/ptolemy/domains/sdf/test/auto/MultirateSDFwithTransientStates.xml
19 ms. Memory: 324608K Free: 291477K (90%)
----------------- Invoking toplevel() on ptolemy.moml.MoMLSimpleApplication@acef65
----------------- Done invoking toplevel() on ptolemy.moml.MoMLSimpleApplication@acef65
reloadAllAccessors: .MultirateSDFwithTransientStates

===========================================================================================
----------------- testing Sun Mar 22 14:00:50 UTC 2020 /home/travis/build/icyphy/ptII/ptolemy/domains/sdf/test/auto/NoisySinewave.xml
----------------- Instantiating /home/travis/build/icyphy/ptII/ptolemy/domains/sdf/test/auto/NoisySinewave.xml
16 ms. Memory: 324608K Free: 271509K (84%)
----------------- Invoking toplevel() on ptolemy.moml.MoMLSimpleApplication@18b1d206
----------------- Done invoking toplevel() on ptolemy.moml.MoMLSimpleApplication@18b1d206
reloadAllAccessors: .NoisySinewave

===========================================================================================
----------------- testing Sun Mar 22 14:00:50 UTC 2020 /home/travis/build/icyphy/ptII/ptolemy/domains/sdf/test/auto/Objects.xml
----------------- Instantiating /home/travis/build/icyphy/ptII/ptolemy/domains/sdf/test/auto/Objects.xml
3 ms. Memory: 324608K Free: 262807K (81%)
----------------- Invoking toplevel() on ptolemy.moml.MoMLSimpleApplication@4e8b508b
----------------- Done invoking toplevel() on ptolemy.moml.MoMLSimpleApplication@4e8b508b
reloadAllAccessors: .Objects

===========================================================================================
----------------- testing Sun Mar 22 14:00:50 UTC 2020 /home/travis/build/icyphy/ptII/ptolemy/domains/sdf/test/auto/OrthogonalCom.xml
----------------- Instantiating /home/travis/build/icyphy/ptII/ptolemy/domains/sdf/test/auto/OrthogonalCom.xml
6 ms. Memory: 324608K Free: 255125K (79%)
----------------- Invoking toplevel() on ptolemy.moml.MoMLSimpleApplication@2f45998e
----------------- Done invoking toplevel() on ptolemy.moml.MoMLSimpleApplication@2f45998e
reloadAllAccessors: .OrthogonalCom

===========================================================================================
----------------- testing Sun Mar 22 14:00:50 UTC 2020 /home/travis/build/icyphy/ptII/ptolemy/domains/sdf/test/auto/RijndaelEncryption.xml
----------------- Instantiating /home/travis/build/icyphy/ptII/ptolemy/domains/sdf/test/auto/RijndaelEncryption.xml
282 ms. Memory: 391168K Free: 365989K (94%)
----------------- Invoking toplevel() on ptolemy.moml.MoMLSimpleApplication@22e1ddf5
----------------- Done invoking toplevel() on ptolemy.moml.MoMLSimpleApplication@22e1ddf5
reloadAllAccessors: .RijndaelEncryption

===========================================================================================
----------------- testing Sun Mar 22 14:00:50 UTC 2020 /home/travis/build/icyphy/ptII/ptolemy/domains/sdf/test/auto/SDFEmptyIterations.xml
----------------- Instantiating /home/travis/build/icyphy/ptII/ptolemy/domains/sdf/test/auto/SDFEmptyIterations.xml
5 ms. Memory: 391168K Free: 360855K (92%)
----------------- Invoking toplevel() on ptolemy.moml.MoMLSimpleApplication@7292c1d0
----------------- Done invoking toplevel() on ptolemy.moml.MoMLSimpleApplication@7292c1d0
reloadAllAccessors: .SDFEmptyIterations

===========================================================================================
----------------- testing Sun Mar 22 14:00:51 UTC 2020 /home/travis/build/icyphy/ptII/ptolemy/domains/sdf/test/auto/Spectrum.xml
----------------- Instantiating /home/travis/build/icyphy/ptII/ptolemy/domains/sdf/test/auto/Spectrum.xml
28 ms. Memory: 391168K Free: 335783K (86%)
----------------- Invoking toplevel() on ptolemy.moml.MoMLSimpleApplication@3015a83d
----------------- Done invoking toplevel() on ptolemy.moml.MoMLSimpleApplication@3015a83d
reloadAllAccessors: .Spectrum

===========================================================================================
----------------- testing Sun Mar 22 14:00:51 UTC 2020 /home/travis/build/icyphy/ptII/ptolemy/domains/sdf/test/auto/de_inside_sdf.xml
----------------- Instantiating /home/travis/build/icyphy/ptII/ptolemy/domains/sdf/test/auto/de_inside_sdf.xml
5 ms. Memory: 391168K Free: 330663K (85%)
----------------- Invoking toplevel() on ptolemy.moml.MoMLSimpleApplication@1809cc89
----------------- Done invoking toplevel() on ptolemy.moml.MoMLSimpleApplication@1809cc89
reloadAllAccessors: .de_inside_sdf

===========================================================================================
----------------- testing Sun Mar 22 14:00:51 UTC 2020 /home/travis/build/icyphy/ptII/ptolemy/domains/sdf/test/auto/disconnectedHierarchicalSDF.xml
----------------- Instantiating /home/travis/build/icyphy/ptII/ptolemy/domains/sdf/test/auto/disconnectedHierarchicalSDF.xml
5 ms. Memory: 391168K Free: 324519K (83%)
----------------- Invoking toplevel() on ptolemy.moml.MoMLSimpleApplication@60492f4a
----------------- Done invoking toplevel() on ptolemy.moml.MoMLSimpleApplication@60492f4a
reloadAllAccessors: .disconnectedHierarchicalSDF

===========================================================================================
----------------- testing Sun Mar 22 14:00:51 UTC 2020 /home/travis/build/icyphy/ptII/ptolemy/domains/sdf/test/auto/disconnectedSDF.xml
----------------- Instantiating /home/travis/build/icyphy/ptII/ptolemy/domains/sdf/test/auto/disconnectedSDF.xml
2 ms. Memory: 391168K Free: 320423K (82%)
----------------- Invoking toplevel() on ptolemy.moml.MoMLSimpleApplication@3572bb0a
----------------- Done invoking toplevel() on ptolemy.moml.MoMLSimpleApplication@3572bb0a
reloadAllAccessors: .disconnectedSDF

===========================================================================================
----------------- testing Sun Mar 22 14:00:51 UTC 2020 /home/travis/build/icyphy/ptII/ptolemy/domains/sdf/test/auto/emptyRefinement.xml
----------------- Instantiating /home/travis/build/icyphy/ptII/ptolemy/domains/sdf/test/auto/emptyRefinement.xml
3 ms. Memory: 391168K Free: 315813K (81%)
----------------- Invoking toplevel() on ptolemy.moml.MoMLSimpleApplication@55a00fba
----------------- Done invoking toplevel() on ptolemy.moml.MoMLSimpleApplication@55a00fba
reloadAllAccessors: .emptyRefinement

===========================================================================================
----------------- testing Sun Mar 22 14:00:51 UTC 2020 /home/travis/build/icyphy/ptII/ptolemy/domains/sdf/test/auto/filePortParameter.xml
----------------- Instantiating /home/travis/build/icyphy/ptII/ptolemy/domains/sdf/test/auto/filePortParameter.xml
16 ms. Memory: 391168K Free: 308645K (79%)
----------------- Invoking toplevel() on ptolemy.moml.MoMLSimpleApplication@248673f9
----------------- Done invoking toplevel() on ptolemy.moml.MoMLSimpleApplication@248673f9
reloadAllAccessors: .filePortParameter

===========================================================================================
----------------- testing Sun Mar 22 14:00:51 UTC 2020 /home/travis/build/icyphy/ptII/ptolemy/domains/sdf/test/auto/inferRelationWidth1.xml
----------------- Instantiating /home/travis/build/icyphy/ptII/ptolemy/domains/sdf/test/auto/inferRelationWidth1.xml
2 ms. Memory: 391168K Free: 305573K (78%)
----------------- Invoking toplevel() on ptolemy.moml.MoMLSimpleApplication@76d4065a
----------------- Done invoking toplevel() on ptolemy.moml.MoMLSimpleApplication@76d4065a
reloadAllAccessors: .inferRelationWidth1

===========================================================================================
----------------- testing Sun Mar 22 14:00:51 UTC 2020 /home/travis/build/icyphy/ptII/ptolemy/domains/sdf/test/auto/initProductionInference.xml
----------------- Instantiating /home/travis/build/icyphy/ptII/ptolemy/domains/sdf/test/auto/initProductionInference.xml
9 ms. Memory: 391168K Free: 301463K (77%)
----------------- Invoking toplevel() on ptolemy.moml.MoMLSimpleApplication@de0be9d
----------------- Done invoking toplevel() on ptolemy.moml.MoMLSimpleApplication@de0be9d
reloadAllAccessors: .initProductionInference

===========================================================================================
----------------- testing Sun Mar 22 14:00:51 UTC 2020 /home/travis/build/icyphy/ptII/ptolemy/domains/sdf/test/auto/relationGroup.xml
----------------- Instantiating /home/travis/build/icyphy/ptII/ptolemy/domains/sdf/test/auto/relationGroup.xml
2 ms. Memory: 391168K Free: 297895K (76%)
----------------- Invoking toplevel() on ptolemy.moml.MoMLSimpleApplication@5c256532
----------------- Done invoking toplevel() on ptolemy.moml.MoMLSimpleApplication@5c256532
reloadAllAccessors: .relationGroup

===========================================================================================
----------------- testing Sun Mar 22 14:00:51 UTC 2020 /home/travis/build/icyphy/ptII/ptolemy/domains/sdf/test/auto/relationGroup10.xml
----------------- Instantiating /home/travis/build/icyphy/ptII/ptolemy/domains/sdf/test/auto/relationGroup10.xml
2 ms. Memory: 391168K Free: 294309K (75%)
----------------- Invoking toplevel() on ptolemy.moml.MoMLSimpleApplication@201cd147
----------------- Done invoking toplevel() on ptolemy.moml.MoMLSimpleApplication@201cd147
reloadAllAccessors: .relationGroup10

===========================================================================================
----------------- testing Sun Mar 22 14:00:51 UTC 2020 /home/travis/build/icyphy/ptII/ptolemy/domains/sdf/test/auto/relationGroup11.xml
----------------- Instantiating /home/travis/build/icyphy/ptII/ptolemy/domains/sdf/test/auto/relationGroup11.xml
2 ms. Memory: 391168K Free: 290727K (74%)
----------------- Invoking toplevel() on ptolemy.moml.MoMLSimpleApplication@53968080
----------------- Done invoking toplevel() on ptolemy.moml.MoMLSimpleApplication@53968080
reloadAllAccessors: .relationGroup11

===========================================================================================
----------------- testing Sun Mar 22 14:00:51 UTC 2020 /home/travis/build/icyphy/ptII/ptolemy/domains/sdf/test/auto/relationGroup12.xml
----------------- Instantiating /home/travis/build/icyphy/ptII/ptolemy/domains/sdf/test/auto/relationGroup12.xml
2 ms. Memory: 391168K Free: 287141K (73%)
----------------- Invoking toplevel() on ptolemy.moml.MoMLSimpleApplication@4ba84850
----------------- Done invoking toplevel() on ptolemy.moml.MoMLSimpleApplication@4ba84850
reloadAllAccessors: .relationGroup12

===========================================================================================
----------------- testing Sun Mar 22 14:00:51 UTC 2020 /home/travis/build/icyphy/ptII/ptolemy/domains/sdf/test/auto/relationGroup13.xml
----------------- Instantiating /home/travis/build/icyphy/ptII/ptolemy/domains/sdf/test/auto/relationGroup13.xml
11 ms. Memory: 391168K Free: 282021K (72%)
----------------- Invoking toplevel() on ptolemy.moml.MoMLSimpleApplication@726c5cd
----------------- Done invoking toplevel() on ptolemy.moml.MoMLSimpleApplication@726c5cd
reloadAllAccessors: .relationGroup13

===========================================================================================
----------------- testing Sun Mar 22 14:00:51 UTC 2020 /home/travis/build/icyphy/ptII/ptolemy/domains/sdf/test/auto/relationGroup14.xml
----------------- Instantiating /home/travis/build/icyphy/ptII/ptolemy/domains/sdf/test/auto/relationGroup14.xml
2 ms. Memory: 391168K Free: 277415K (71%)
----------------- Invoking toplevel() on ptolemy.moml.MoMLSimpleApplication@4287c8ea
----------------- Done invoking toplevel() on ptolemy.moml.MoMLSimpleApplication@4287c8ea
reloadAllAccessors: .relationGroup14

===========================================================================================
----------------- testing Sun Mar 22 14:00:51 UTC 2020 /home/travis/build/icyphy/ptII/ptolemy/domains/sdf/test/auto/relationGroup15.xml
----------------- Instantiating /home/travis/build/icyphy/ptII/ptolemy/domains/sdf/test/auto/relationGroup15.xml
1 ms. Memory: 391168K Free: 273829K (70%)
----------------- Invoking toplevel() on ptolemy.moml.MoMLSimpleApplication@670cc6df
----------------- Done invoking toplevel() on ptolemy.moml.MoMLSimpleApplication@670cc6df
reloadAllAccessors: .relationGroup15

===========================================================================================
----------------- testing Sun Mar 22 14:00:51 UTC 2020 /home/travis/build/icyphy/ptII/ptolemy/domains/sdf/test/auto/relationGroup2.xml
----------------- Instantiating /home/travis/build/icyphy/ptII/ptolemy/domains/sdf/test/auto/relationGroup2.xml
1 ms. Memory: 391168K Free: 270751K (69%)
----------------- Invoking toplevel() on ptolemy.moml.MoMLSimpleApplication@1fa1983f
----------------- Done invoking toplevel() on ptolemy.moml.MoMLSimpleApplication@1fa1983f
reloadAllAccessors: .relationGroup2

===========================================================================================
----------------- testing Sun Mar 22 14:00:51 UTC 2020 /home/travis/build/icyphy/ptII/ptolemy/domains/sdf/test/auto/relationGroup3.xml
----------------- Instantiating /home/travis/build/icyphy/ptII/ptolemy/domains/sdf/test/auto/relationGroup3.xml
2 ms. Memory: 391168K Free: 267685K (68%)
----------------- Invoking toplevel() on ptolemy.moml.MoMLSimpleApplication@4fa91523
----------------- Done invoking toplevel() on ptolemy.moml.MoMLSimpleApplication@4fa91523
reloadAllAccessors: .relationGroup3

===========================================================================================
----------------- testing Sun Mar 22 14:00:51 UTC 2020 /home/travis/build/icyphy/ptII/ptolemy/domains/sdf/test/auto/relationGroup4.xml
----------------- Instantiating /home/travis/build/icyphy/ptII/ptolemy/domains/sdf/test/auto/relationGroup4.xml
2 ms. Memory: 391168K Free: 263079K (67%)
----------------- Invoking toplevel() on ptolemy.moml.MoMLSimpleApplication@6cfe2d13
----------------- Done invoking toplevel() on ptolemy.moml.MoMLSimpleApplication@6cfe2d13
reloadAllAccessors: .relationGroup4

===========================================================================================
----------------- testing Sun Mar 22 14:00:51 UTC 2020 /home/travis/build/icyphy/ptII/ptolemy/domains/sdf/test/auto/relationGroup5.xml
----------------- Instantiating /home/travis/build/icyphy/ptII/ptolemy/domains/sdf/test/auto/relationGroup5.xml
2 ms. Memory: 391168K Free: 258469K (66%)
----------------- Invoking toplevel() on ptolemy.moml.MoMLSimpleApplication@90d5f46
----------------- Done invoking toplevel() on ptolemy.moml.MoMLSimpleApplication@90d5f46
reloadAllAccessors: .relationGroup5

===========================================================================================
----------------- testing Sun Mar 22 14:00:51 UTC 2020 /home/travis/build/icyphy/ptII/ptolemy/domains/sdf/test/auto/relationGroup6.xml
----------------- Instantiating /home/travis/build/icyphy/ptII/ptolemy/domains/sdf/test/auto/relationGroup6.xml
2 ms. Memory: 391168K Free: 253863K (65%)
----------------- Invoking toplevel() on ptolemy.moml.MoMLSimpleApplication@31b70abc
----------------- Done invoking toplevel() on ptolemy.moml.MoMLSimpleApplication@31b70abc
reloadAllAccessors: .relationGroup6

===========================================================================================
----------------- testing Sun Mar 22 14:00:51 UTC 2020 /home/travis/build/icyphy/ptII/ptolemy/domains/sdf/test/auto/relationGroup7.xml
----------------- Instantiating /home/travis/build/icyphy/ptII/ptolemy/domains/sdf/test/auto/relationGroup7.xml
2 ms. Memory: 391168K Free: 250791K (64%)
----------------- Invoking toplevel() on ptolemy.moml.MoMLSimpleApplication@57391b43
----------------- Done invoking toplevel() on ptolemy.moml.MoMLSimpleApplication@57391b43
reloadAllAccessors: .relationGroup7

===========================================================================================
----------------- testing Sun Mar 22 14:00:51 UTC 2020 /home/travis/build/icyphy/ptII/ptolemy/domains/sdf/test/auto/relationGroup8.xml
----------------- Instantiating /home/travis/build/icyphy/ptII/ptolemy/domains/sdf/test/auto/relationGroup8.xml
1 ms. Memory: 391168K Free: 247719K (63%)
----------------- Invoking toplevel() on ptolemy.moml.MoMLSimpleApplication@38a40a4c
----------------- Done invoking toplevel() on ptolemy.moml.MoMLSimpleApplication@38a40a4c
reloadAllAccessors: .relationGroup8

===========================================================================================
----------------- testing Sun Mar 22 14:00:51 UTC 2020 /home/travis/build/icyphy/ptII/ptolemy/domains/sdf/test/auto/relationGroup9.xml
----------------- Instantiating /home/travis/build/icyphy/ptII/ptolemy/domains/sdf/test/auto/relationGroup9.xml
3 ms. Memory: 391168K Free: 243109K (62%)
----------------- Invoking toplevel() on ptolemy.moml.MoMLSimpleApplication@676f6632
----------------- Done invoking toplevel() on ptolemy.moml.MoMLSimpleApplication@676f6632
reloadAllAccessors: .relationGroup9

===========================================================================================
----------------- testing Sun Mar 22 14:00:51 UTC 2020 /home/travis/build/icyphy/ptII/ptolemy/domains/sdf/test/auto/sdf_inside_de.xml
----------------- Instantiating /home/travis/build/icyphy/ptII/ptolemy/domains/sdf/test/auto/sdf_inside_de.xml
9 ms. Memory: 391168K Free: 234407K (60%)
----------------- Invoking toplevel() on ptolemy.moml.MoMLSimpleApplication@2e20b0d6
----------------- Done invoking toplevel() on ptolemy.moml.MoMLSimpleApplication@2e20b0d6
reloadAllAccessors: .sdf_inside_de

===========================================================================================
----------------- testing Sun Mar 22 14:00:51 UTC 2020 /home/travis/build/icyphy/ptII/ptolemy/domains/sdf/test/auto/sdf_inside_pn.xml
----------------- Instantiating /home/travis/build/icyphy/ptII/ptolemy/domains/sdf/test/auto/sdf_inside_pn.xml
31 ms. Memory: 391168K Free: 225701K (58%)
----------------- Invoking toplevel() on ptolemy.moml.MoMLSimpleApplication@7132aee2
----------------- Done invoking toplevel() on ptolemy.moml.MoMLSimpleApplication@7132aee2
reloadAllAccessors: .sdf_inside_pn

===========================================================================================
----------------- testing Sun Mar 22 14:00:51 UTC 2020 /home/travis/build/icyphy/ptII/ptolemy/domains/sdf/test/auto/sdf_sdf1.xml
----------------- Instantiating /home/travis/build/icyphy/ptII/ptolemy/domains/sdf/test/auto/sdf_sdf1.xml
3 ms. Memory: 391168K Free: 220071K (56%)
----------------- Invoking toplevel() on ptolemy.moml.MoMLSimpleApplication@63b6dc26
----------------- Done invoking toplevel() on ptolemy.moml.MoMLSimpleApplication@63b6dc26
reloadAllAccessors: .sdf_sdf1

===========================================================================================
----------------- testing Sun Mar 22 14:00:51 UTC 2020 /home/travis/build/icyphy/ptII/ptolemy/domains/sdf/test/auto/test1.xml
----------------- Instantiating /home/travis/build/icyphy/ptII/ptolemy/domains/sdf/test/auto/test1.xml
3 ms. Memory: 391168K Free: 214951K (55%)
----------------- Invoking toplevel() on ptolemy.moml.MoMLSimpleApplication@505ff25e
----------------- Done invoking toplevel() on ptolemy.moml.MoMLSimpleApplication@505ff25e
reloadAllAccessors: .test1

===========================================================================================
----------------- testing Sun Mar 22 14:00:51 UTC 2020 /home/travis/build/icyphy/ptII/ptolemy/domains/sdf/test/auto/time1.xml
----------------- Instantiating /home/travis/build/icyphy/ptII/ptolemy/domains/sdf/test/auto/time1.xml
2 ms. Memory: 391168K Free: 211365K (54%)
----------------- Invoking toplevel() on ptolemy.moml.MoMLSimpleApplication@57b6cf24
----------------- Done invoking toplevel() on ptolemy.moml.MoMLSimpleApplication@57b6cf24
reloadAllAccessors: .time1

===========================================================================================
----------------- testing Sun Mar 22 14:00:51 UTC 2020 /home/travis/build/icyphy/ptII/ptolemy/domains/sdf/test/auto/time2.xml
----------------- Instantiating /home/travis/build/icyphy/ptII/ptolemy/domains/sdf/test/auto/time2.xml
2 ms. Memory: 391168K Free: 207783K (53%)
----------------- Invoking toplevel() on ptolemy.moml.MoMLSimpleApplication@2a1ac6e1
----------------- Done invoking toplevel() on ptolemy.moml.MoMLSimpleApplication@2a1ac6e1
reloadAllAccessors: .time2

===========================================================================================
----------------- testing Sun Mar 22 14:00:51 UTC 2020 /home/travis/build/icyphy/ptII/ptolemy/domains/sdf/test/auto/time3.xml
----------------- Instantiating /home/travis/build/icyphy/ptII/ptolemy/domains/sdf/test/auto/time3.xml
6 ms. Memory: 391168K Free: 202663K (52%)
----------------- Invoking toplevel() on ptolemy.moml.MoMLSimpleApplication@68d306d3
----------------- Done invoking toplevel() on ptolemy.moml.MoMLSimpleApplication@68d306d3
reloadAllAccessors: .time3

===========================================================================================
----------------- testing Sun Mar 22 14:00:51 UTC 2020 /home/travis/build/icyphy/ptII/ptolemy/domains/sdf/test/auto/time4.xml
----------------- Instantiating /home/travis/build/icyphy/ptII/ptolemy/domains/sdf/test/auto/time4.xml
5 ms. Memory: 391168K Free: 196519K (50%)
----------------- Invoking toplevel() on ptolemy.moml.MoMLSimpleApplication@3be5b46a
----------------- Done invoking toplevel() on ptolemy.moml.MoMLSimpleApplication@3be5b46a
reloadAllAccessors: .time4

===========================================================================================
----------------- testing Sun Mar 22 14:00:51 UTC 2020 /home/travis/build/icyphy/ptII/ptolemy/domains/sdf/test/auto/time5.xml
----------------- Instantiating /home/travis/build/icyphy/ptII/ptolemy/domains/sdf/test/auto/time5.xml
4001 ms. Memory: 391168K Free: 192933K (49%)
----------------- Invoking toplevel() on ptolemy.moml.MoMLSimpleApplication@7c8cb1b6
----------------- Done invoking toplevel() on ptolemy.moml.MoMLSimpleApplication@7c8cb1b6
reloadAllAccessors: .time5

===========================================================================================
----------------- testing Sun Mar 22 14:00:55 UTC 2020 /home/travis/build/icyphy/ptII/ptolemy/domains/sdf/test/auto/typeSystem_Const_Integer_smallest_Type.xml
----------------- Instantiating /home/travis/build/icyphy/ptII/ptolemy/domains/sdf/test/auto/typeSystem_Const_Integer_smallest_Type.xml
6 ms. Memory: 391168K Free: 187813K (48%)
----------------- Invoking toplevel() on ptolemy.moml.MoMLSimpleApplication@41f2ec3f
----------------- Done invoking toplevel() on ptolemy.moml.MoMLSimpleApplication@41f2ec3f
reloadAllAccessors: .typeSystem_Const_Integer_smallest_Type

===========================================================================================
----------------- testing Sun Mar 22 14:00:55 UTC 2020 /home/travis/build/icyphy/ptII/ptolemy/domains/sdf/test/auto/typeSystem_declared_Inports_OutportTypeException.xml
----------------- Instantiating /home/travis/build/icyphy/ptII/ptolemy/domains/sdf/test/auto/typeSystem_declared_Inports_OutportTypeException.xml
.typeSystem_declared_Inports_OutportTypeException.TestExceptionAttribute: initialize() was not invoked, but wrapup() was.  This is unusual, but not always a problem.  For example, exporting JNLP will do this.
5 ms. Memory: 391168K Free: 183717K (47%)
----------------- Invoking toplevel() on ptolemy.moml.MoMLSimpleApplication@608dc6f2
----------------- Done invoking toplevel() on ptolemy.moml.MoMLSimpleApplication@608dc6f2
reloadAllAccessors: .typeSystem_declared_Inports_OutportTypeException

===========================================================================================
----------------- testing Sun Mar 22 14:00:55 UTC 2020 /home/travis/build/icyphy/ptII/ptolemy/domains/sdf/test/auto/typeSystem_oneDeclaredInportType_wrongTypeOutport.xml
----------------- Instantiating /home/travis/build/icyphy/ptII/ptolemy/domains/sdf/test/auto/typeSystem_oneDeclaredInportType_wrongTypeOutport.xml
3 ms. Memory: 391168K Free: 179621K (46%)
----------------- Invoking toplevel() on ptolemy.moml.MoMLSimpleApplication@66b473b4
----------------- Done invoking toplevel() on ptolemy.moml.MoMLSimpleApplication@66b473b4
reloadAllAccessors: .typeSystem_oneDeclaredInportType_wrongTypeOutport

===========================================================================================
----------------- testing Sun Mar 22 14:00:55 UTC 2020 /home/travis/build/icyphy/ptII/ptolemy/domains/sdf/test/auto/width.xml
----------------- Instantiating /home/travis/build/icyphy/ptII/ptolemy/domains/sdf/test/auto/width.xml
2 ms. Memory: 391168K Free: 176039K (45%)
----------------- Invoking toplevel() on ptolemy.moml.MoMLSimpleApplication@38f4a85c
----------------- Done invoking toplevel() on ptolemy.moml.MoMLSimpleApplication@38f4a85c
reloadAllAccessors: .width

===========================================================================================
----------------- testing Sun Mar 22 14:00:55 UTC 2020 /home/travis/build/icyphy/ptII/ptolemy/domains/sdf/test/auto/width2.xml
----------------- Instantiating /home/travis/build/icyphy/ptII/ptolemy/domains/sdf/test/auto/width2.xml
28 ms. Memory: 391168K Free: 170919K (44%)
----------------- Invoking toplevel() on ptolemy.moml.MoMLSimpleApplication@256303a5
----------------- Done invoking toplevel() on ptolemy.moml.MoMLSimpleApplication@256303a5
reloadAllAccessors: .width2

===========================================================================================
----------------- testing Sun Mar 22 14:00:55 UTC 2020 /home/travis/build/icyphy/ptII/ptolemy/domains/sdf/test/auto/width3.xml
----------------- Instantiating /home/travis/build/icyphy/ptII/ptolemy/domains/sdf/test/auto/width3.xml
27 ms. Memory: 391168K Free: 165799K (42%)
----------------- Invoking toplevel() on ptolemy.moml.MoMLSimpleApplication@24f74b0
----------------- Done invoking toplevel() on ptolemy.moml.MoMLSimpleApplication@24f74b0
reloadAllAccessors: .width3
AutoTests.java: About to close Vertx.
AutoTests.java: Vertx closed.
]]></system-out>
  <system-err><![CDATA[java.lang.RuntimeException: Execution failed
	at ptolemy.moml.MoMLSimpleApplication$UnloadThread.run(MoMLSimpleApplication.java:402)
Caused by: ptolemy.actor.sched.NotSchedulableException: No solution exists for the balance equations.
Graph is not consistent under the SDF domain detected on external port .rateConsistency.actor.port2
  in .rateConsistency.SDF Director.Scheduler
	at ptolemy.domains.sdf.kernel.SDFScheduler._propagatePort(SDFScheduler.java:1425)
	at ptolemy.domains.sdf.kernel.SDFScheduler._solveBalanceEquations(SDFScheduler.java:710)
	at ptolemy.domains.sdf.kernel.SDFScheduler._getSchedule(SDFScheduler.java:566)
	at ptolemy.actor.sched.Scheduler.getSchedule(Scheduler.java:189)
	at ptolemy.domains.sdf.kernel.SDFDirector.createSchedule(SDFDirector.java:408)
	at ptolemy.domains.sdf.kernel.SDFDirector.preinitialize(SDFDirector.java:764)
	at ptolemy.actor.CompositeActor.preinitialize(CompositeActor.java:1828)
	at ptolemy.actor.Manager.preinitializeAndResolveTypes(Manager.java:1040)
	at ptolemy.actor.Manager.initialize(Manager.java:710)
	at ptolemy.actor.Manager.execute(Manager.java:356)
	at ptolemy.actor.Manager.run(Manager.java:1263)
	at ptolemy.actor.Manager$PtolemyRunThread.run(Manager.java:1933)
java.lang.RuntimeException: Execution failed
	at ptolemy.moml.MoMLSimpleApplication$UnloadThread.run(MoMLSimpleApplication.java:402)
Caused by: ptolemy.kernel.util.IllegalActionException: Failed to compute schedule:
  in .badRateChanges.typed composite actor.SDF Director
Because:
The SDF rate parameter may change. This is not allowed in SDF models that will be run through the code generator.  If you don't care about code generation, then you might consider setting the allowRateChanges parameter of the SDF director to false.
  in .badRateChanges.typed composite actor.Repeat.output.tokenProductionRate
	at ptolemy.domains.sdf.kernel.SDFDirector.createSchedule(SDFDirector.java:418)
	at ptolemy.domains.sdf.kernel.SDFDirector.preinitialize(SDFDirector.java:764)
	at ptolemy.actor.CompositeActor.preinitialize(CompositeActor.java:1828)
	at ptolemy.actor.Director.preinitialize(Director.java:1302)
	at ptolemy.actor.Director.preinitialize(Director.java:1257)
	at ptolemy.domains.sdf.kernel.SDFDirector.preinitialize(SDFDirector.java:763)
	at ptolemy.actor.CompositeActor.preinitialize(CompositeActor.java:1828)
	at ptolemy.actor.Manager.preinitializeAndResolveTypes(Manager.java:1040)
	at ptolemy.actor.Manager.initialize(Manager.java:710)
	at ptolemy.actor.Manager.execute(Manager.java:356)
	at ptolemy.actor.Manager.run(Manager.java:1263)
	at ptolemy.actor.Manager$PtolemyRunThread.run(Manager.java:1933)
Caused by: ptolemy.kernel.util.IllegalActionException: The SDF rate parameter may change. This is not allowed in SDF models that will be run through the code generator.  If you don't care about code generation, then you might consider setting the allowRateChanges parameter of the SDF director to false.
  in .badRateChanges.typed composite actor.Repeat.output.tokenProductionRate
	at ptolemy.domains.sdf.kernel.SDFScheduler._assertDynamicRateVariable(SDFScheduler.java:931)
	at ptolemy.domains.sdf.kernel.SDFScheduler._checkDynamicRateVariables(SDFScheduler.java:339)
	at ptolemy.domains.sdf.kernel.SDFScheduler._getSchedule(SDFScheduler.java:527)
	at ptolemy.actor.sched.Scheduler.getSchedule(Scheduler.java:189)
	at ptolemy.domains.sdf.kernel.SDFDirector.createSchedule(SDFDirector.java:408)
	... 11 more
java.lang.RuntimeException: Execution failed
	at ptolemy.moml.MoMLSimpleApplication$UnloadThread.run(MoMLSimpleApplication.java:402)
Caused by: ptolemy.kernel.util.IllegalActionException: Failed to compute schedule:
  in .badRateChanges2.typed composite actor.SDF Director
Because:
The SDF rate parameter may change. This is not allowed in SDF models that will be run through the code generator.  If you don't care about code generation, then you might consider setting the allowRateChanges parameter of the SDF director to false.
  in .badRateChanges2.typed composite actor.Repeat.output.tokenProductionRate
	at ptolemy.domains.sdf.kernel.SDFDirector.createSchedule(SDFDirector.java:418)
	at ptolemy.domains.sdf.kernel.SDFDirector.preinitialize(SDFDirector.java:764)
	at ptolemy.actor.CompositeActor.preinitialize(CompositeActor.java:1828)
	at ptolemy.actor.Director.preinitialize(Director.java:1302)
	at ptolemy.actor.Director.preinitialize(Director.java:1257)
	at ptolemy.domains.sdf.kernel.SDFDirector.preinitialize(SDFDirector.java:763)
	at ptolemy.actor.CompositeActor.preinitialize(CompositeActor.java:1828)
	at ptolemy.actor.Manager.preinitializeAndResolveTypes(Manager.java:1040)
	at ptolemy.actor.Manager.initialize(Manager.java:710)
	at ptolemy.actor.Manager.execute(Manager.java:356)
	at ptolemy.actor.Manager.run(Manager.java:1263)
	at ptolemy.actor.Manager$PtolemyRunThread.run(Manager.java:1933)
Caused by: ptolemy.kernel.util.IllegalActionException: The SDF rate parameter may change. This is not allowed in SDF models that will be run through the code generator.  If you don't care about code generation, then you might consider setting the allowRateChanges parameter of the SDF director to false.
  in .badRateChanges2.typed composite actor.Repeat.output.tokenProductionRate
	at ptolemy.domains.sdf.kernel.SDFScheduler._assertDynamicRateVariable(SDFScheduler.java:931)
	at ptolemy.domains.sdf.kernel.SDFScheduler._checkDynamicRateVariables(SDFScheduler.java:339)
	at ptolemy.domains.sdf.kernel.SDFScheduler._getSchedule(SDFScheduler.java:527)
	at ptolemy.actor.sched.Scheduler.getSchedule(Scheduler.java:189)
	at ptolemy.domains.sdf.kernel.SDFDirector.createSchedule(SDFDirector.java:408)
	... 11 more
java.lang.RuntimeException: Execution failed
	at ptolemy.moml.MoMLSimpleApplication$UnloadThread.run(MoMLSimpleApplication.java:402)
Caused by: ptolemy.actor.sched.NotSchedulableException: Actors remain that cannot be scheduled!

There are several possible reasons:
* SDF Graphs with feedback loops should have an actor with a delay in the loop, such as a SampleDelay.
* The SDF director has an "allowDisconnectedGraphs"parameter, which, when true, permits disconnected SDF graphs.
* The token consumption rate and production rates might be mismatched.
Usually, actors produce one token or consume one token on a port.  To produce or consume multiple tokens per firing, add a "tokenConsumptionRate" or "tokenProductionRate" parameter to the appropriate port.
Unscheduled actors:
.partiallyConnected.Const2 
Scheduled actors:
.partiallyConnected.Const 
  in .partiallyConnected.SDF Director.Scheduler
	at ptolemy.domains.sdf.kernel.SDFScheduler._scheduleConnectedActors(SDFScheduler.java:1828)
	at ptolemy.domains.sdf.kernel.SDFScheduler._getSchedule(SDFScheduler.java:587)
	at ptolemy.actor.sched.Scheduler.getSchedule(Scheduler.java:189)
	at ptolemy.domains.sdf.kernel.SDFDirector.createSchedule(SDFDirector.java:408)
	at ptolemy.domains.sdf.kernel.SDFDirector.preinitialize(SDFDirector.java:764)
	at ptolemy.actor.CompositeActor.preinitialize(CompositeActor.java:1828)
	at ptolemy.actor.Manager.preinitializeAndResolveTypes(Manager.java:1040)
	at ptolemy.actor.Manager.initialize(Manager.java:710)
	at ptolemy.actor.Manager.execute(Manager.java:356)
	at ptolemy.actor.Manager.run(Manager.java:1263)
	at ptolemy.actor.Manager$PtolemyRunThread.run(Manager.java:1933)
]]></system-err>
</testsuite>
