<?xml version="1.0" encoding="UTF-8" ?>
<testsuite errors="0" failures="0" hostname="travis-job-c3fc622e-0ced-4b2d-b270-a2ca7aba0b4b" name="ptolemy.domains.de.test.junit.JUnitTclTest" skipped="0" tests="101" time="131.169" timestamp="2019-04-12T04:00:57">
  <properties>
[...]
</properties>
  <testcase classname="ptolemy.util.test.junit.TclTests" name="[0] /home/travis/build/icyphy/ptII/ptolemy/domains/de/test/DependencyLoop.tcl (RunTclFile)" time="0.895" />
  <testcase classname="ptolemy.util.test.junit.TclTests" name="[1] /home/travis/build/icyphy/ptII/ptolemy/domains/de/test/RunDETestsAsQSS.tcl (RunTclFile)" time="90.566" />
  <testcase classname="ptolemy.util.test.junit.AutoKnownFailedTests" name="[0] /home/travis/build/icyphy/ptII/ptolemy/domains/de/test/auto/knownFailedTests/DESDFClockTest.xml (RunModel)" time="2.033" />
  <testcase classname="ptolemy.util.test.junit.AutoKnownFailedTests" name="[1] /home/travis/build/icyphy/ptII/ptolemy/domains/de/test/auto/knownFailedTests/DirectFeedback.xml (RunModel)" time="0.008" />
  <testcase classname="ptolemy.util.test.junit.AutoKnownFailedTests" name="[2] /home/travis/build/icyphy/ptII/ptolemy/domains/de/test/auto/knownFailedTests/FSMSource.xml (RunModel)" time="0.02" />
  <testcase classname="ptolemy.util.test.junit.AutoKnownFailedTests" name="[3] /home/travis/build/icyphy/ptII/ptolemy/domains/de/test/auto/knownFailedTests/HierarchicalModel.xml (RunModel)" time="0.038" />
  <testcase classname="ptolemy.util.test.junit.AutoKnownFailedTests" name="[4] /home/travis/build/icyphy/ptII/ptolemy/domains/de/test/auto/knownFailedTests/dependencyLoop.xml (RunModel)" time="0.029" />
  <testcase classname="ptolemy.util.test.junit.AutoKnownFailedTests" name="[5] /home/travis/build/icyphy/ptII/ptolemy/domains/de/test/auto/knownFailedTests/dependencyLoop2.xml (RunModel)" time="0.04" />
  <testcase classname="ptolemy.util.test.junit.AutoNameArchTests" name="[0] ThereAreNoAutoArchTests (RunModel)" time="0.002" />
  <testcase classname="ptolemy.util.test.junit.AutoTests" name="[0] /home/travis/build/icyphy/ptII/ptolemy/domains/de/test/auto/ActorDepthCalculation_actorWithoutPorts.xml (RunModel)" time="0.019" />
  <testcase classname="ptolemy.util.test.junit.AutoTests" name="[1] /home/travis/build/icyphy/ptII/ptolemy/domains/de/test/auto/AssemblyLine.xml (RunModel)" time="0.02" />
  <testcase classname="ptolemy.util.test.junit.AutoTests" name="[2] /home/travis/build/icyphy/ptII/ptolemy/domains/de/test/auto/CQBug1.xml (RunModel)" time="0.015" />
  <testcase classname="ptolemy.util.test.junit.AutoTests" name="[3] /home/travis/build/icyphy/ptII/ptolemy/domains/de/test/auto/CancelFireAt.xml (RunModel)" time="0.006" />
  <testcase classname="ptolemy.util.test.junit.AutoTests" name="[4] /home/travis/build/icyphy/ptII/ptolemy/domains/de/test/auto/CausalityAndComposabilityAnalysis.xml (RunModel)" time="0.013" />
  <testcase classname="ptolemy.util.test.junit.AutoTests" name="[5] /home/travis/build/icyphy/ptII/ptolemy/domains/de/test/auto/CausalityInterface1.xml (RunModel)" time="0.012" />
  <testcase classname="ptolemy.util.test.junit.AutoTests" name="[6] /home/travis/build/icyphy/ptII/ptolemy/domains/de/test/auto/CausalityInterface15.xml (RunModel)" time="0.019" />
  <testcase classname="ptolemy.util.test.junit.AutoTests" name="[7] /home/travis/build/icyphy/ptII/ptolemy/domains/de/test/auto/CausalityInterface2.xml (RunModel)" time="0.013" />
  <testcase classname="ptolemy.util.test.junit.AutoTests" name="[8] /home/travis/build/icyphy/ptII/ptolemy/domains/de/test/auto/CausalityInterface3.xml (RunModel)" time="0.008" />
  <testcase classname="ptolemy.util.test.junit.AutoTests" name="[9] /home/travis/build/icyphy/ptII/ptolemy/domains/de/test/auto/ClockDrift.xml (RunModel)" time="0.03" />
  <testcase classname="ptolemy.util.test.junit.AutoTests" name="[10] /home/travis/build/icyphy/ptII/ptolemy/domains/de/test/auto/ClockDriftAndValueChange.xml (RunModel)" time="0.022" />
  <testcase classname="ptolemy.util.test.junit.AutoTests" name="[11] /home/travis/build/icyphy/ptII/ptolemy/domains/de/test/auto/ClockDriftChange.xml (RunModel)" time="0.019" />
  <testcase classname="ptolemy.util.test.junit.AutoTests" name="[12] /home/travis/build/icyphy/ptII/ptolemy/domains/de/test/auto/ComposableCausalityAnalysis.xml (RunModel)" time="0.016" />
  <testcase classname="ptolemy.util.test.junit.AutoTests" name="[13] /home/travis/build/icyphy/ptII/ptolemy/domains/de/test/auto/DEFixedPointLimitation.xml (RunModel)" time="0.007" />
  <testcase classname="ptolemy.util.test.junit.AutoTests" name="[14] /home/travis/build/icyphy/ptII/ptolemy/domains/de/test/auto/DEScheduleTest.xml (RunModel)" time="0.008" />
  <testcase classname="ptolemy.util.test.junit.AutoTests" name="[15] /home/travis/build/icyphy/ptII/ptolemy/domains/de/test/auto/DEinDEwithStartTimes.xml (RunModel)" time="0.009" />
  <testcase classname="ptolemy.util.test.junit.AutoTests" name="[16] /home/travis/build/icyphy/ptII/ptolemy/domains/de/test/auto/DEinDEwithStartTimes2.xml (RunModel)" time="0.01" />
  <testcase classname="ptolemy.util.test.junit.AutoTests" name="[17] /home/travis/build/icyphy/ptII/ptolemy/domains/de/test/auto/DateDemo.xml (RunModel)" time="0.019" />
  <testcase classname="ptolemy.util.test.junit.AutoTests" name="[18] /home/travis/build/icyphy/ptII/ptolemy/domains/de/test/auto/DateToEvent.xml (RunModel)" time="2.027" />
  <testcase classname="ptolemy.util.test.junit.AutoTests" name="[19] /home/travis/build/icyphy/ptII/ptolemy/domains/de/test/auto/DepthTest1.xml (RunModel)" time="0.008" />
  <testcase classname="ptolemy.util.test.junit.AutoTests" name="[20] /home/travis/build/icyphy/ptII/ptolemy/domains/de/test/auto/DepthTest2.xml (RunModel)" time="0.018" />
  <testcase classname="ptolemy.util.test.junit.AutoTests" name="[21] /home/travis/build/icyphy/ptII/ptolemy/domains/de/test/auto/DepthTest3.xml (RunModel)" time="0.008" />
  <testcase classname="ptolemy.util.test.junit.AutoTests" name="[22] /home/travis/build/icyphy/ptII/ptolemy/domains/de/test/auto/DepthTest4.xml (RunModel)" time="0.014" />
  <testcase classname="ptolemy.util.test.junit.AutoTests" name="[23] /home/travis/build/icyphy/ptII/ptolemy/domains/de/test/auto/DepthTest5.xml (RunModel)" time="0.014" />
  <testcase classname="ptolemy.util.test.junit.AutoTests" name="[24] /home/travis/build/icyphy/ptII/ptolemy/domains/de/test/auto/DepthTest6.xml (RunModel)" time="0.013" />
  <testcase classname="ptolemy.util.test.junit.AutoTests" name="[25] /home/travis/build/icyphy/ptII/ptolemy/domains/de/test/auto/DepthTest7.xml (RunModel)" time="0.011" />
  <testcase classname="ptolemy.util.test.junit.AutoTests" name="[26] /home/travis/build/icyphy/ptII/ptolemy/domains/de/test/auto/EventToDate.xml (RunModel)" time="3.034" />
  <testcase classname="ptolemy.util.test.junit.AutoTests" name="[27] /home/travis/build/icyphy/ptII/ptolemy/domains/de/test/auto/FSM1.xml (RunModel)" time="0.033" />
  <testcase classname="ptolemy.util.test.junit.AutoTests" name="[28] /home/travis/build/icyphy/ptII/ptolemy/domains/de/test/auto/FSM7.xml (RunModel)" time="0.036" />
  <testcase classname="ptolemy.util.test.junit.AutoTests" name="[29] /home/travis/build/icyphy/ptII/ptolemy/domains/de/test/auto/Inspection.xml (RunModel)" time="0.039" />
  <testcase classname="ptolemy.util.test.junit.AutoTests" name="[30] /home/travis/build/icyphy/ptII/ptolemy/domains/de/test/auto/Iteration.xml (RunModel)" time="0.017" />
  <testcase classname="ptolemy.util.test.junit.AutoTests" name="[31] /home/travis/build/icyphy/ptII/ptolemy/domains/de/test/auto/LineFault.xml (RunModel)" time="0.53" />
  <testcase classname="ptolemy.util.test.junit.AutoTests" name="[32] /home/travis/build/icyphy/ptII/ptolemy/domains/de/test/auto/MergeModel1Add.xml (RunModel)" time="0.037" />
  <testcase classname="ptolemy.util.test.junit.AutoTests" name="[33] /home/travis/build/icyphy/ptII/ptolemy/domains/de/test/auto/MergeModel2Add.xml (RunModel)" time="0.034" />
  <testcase classname="ptolemy.util.test.junit.AutoTests" name="[34] /home/travis/build/icyphy/ptII/ptolemy/domains/de/test/auto/MergeModel3Add.xml (RunModel)" time="0.034" />
  <testcase classname="ptolemy.util.test.junit.AutoTests" name="[35] /home/travis/build/icyphy/ptII/ptolemy/domains/de/test/auto/MergeWithoutDiscard.xml (RunModel)" time="0.009" />
  <testcase classname="ptolemy.util.test.junit.AutoTests" name="[36] /home/travis/build/icyphy/ptII/ptolemy/domains/de/test/auto/Modal1.xml (RunModel)" time="0.026" />
  <testcase classname="ptolemy.util.test.junit.AutoTests" name="[37] /home/travis/build/icyphy/ptII/ptolemy/domains/de/test/auto/Modal2.xml (RunModel)" time="0.027" />
  <testcase classname="ptolemy.util.test.junit.AutoTests" name="[38] /home/travis/build/icyphy/ptII/ptolemy/domains/de/test/auto/Modal3.xml (RunModel)" time="0.027" />
  <testcase classname="ptolemy.util.test.junit.AutoTests" name="[39] /home/travis/build/icyphy/ptII/ptolemy/domains/de/test/auto/Modal4.xml (RunModel)" time="0.036" />
  <testcase classname="ptolemy.util.test.junit.AutoTests" name="[40] /home/travis/build/icyphy/ptII/ptolemy/domains/de/test/auto/Modal5.xml (RunModel)" time="0.028" />
  <testcase classname="ptolemy.util.test.junit.AutoTests" name="[41] /home/travis/build/icyphy/ptII/ptolemy/domains/de/test/auto/Modal6.xml (RunModel)" time="0.026" />
  <testcase classname="ptolemy.util.test.junit.AutoTests" name="[42] /home/travis/build/icyphy/ptII/ptolemy/domains/de/test/auto/Modal7.xml (RunModel)" time="0.027" />
  <testcase classname="ptolemy.util.test.junit.AutoTests" name="[43] /home/travis/build/icyphy/ptII/ptolemy/domains/de/test/auto/ModalModel.xml (RunModel)" time="0.141" />
  <testcase classname="ptolemy.util.test.junit.AutoTests" name="[44] /home/travis/build/icyphy/ptII/ptolemy/domains/de/test/auto/ModalSource.xml (RunModel)" time="0.016" />
  <testcase classname="ptolemy.util.test.junit.AutoTests" name="[45] /home/travis/build/icyphy/ptII/ptolemy/domains/de/test/auto/NonInterruptibleTimerZeroDelay.xml (RunModel)" time="0.01" />
  <testcase classname="ptolemy.util.test.junit.AutoTests" name="[46] /home/travis/build/icyphy/ptII/ptolemy/domains/de/test/auto/OpenQueueingNetwork.xml (RunModel)" time="2.191" />
  <testcase classname="ptolemy.util.test.junit.AutoTests" name="[47] /home/travis/build/icyphy/ptII/ptolemy/domains/de/test/auto/OpenQueuingNetwork.xml (RunModel)" time="0.258" />
  <testcase classname="ptolemy.util.test.junit.AutoTests" name="[48] /home/travis/build/icyphy/ptII/ptolemy/domains/de/test/auto/PeriodicSampler.xml (RunModel)" time="0.008" />
  <testcase classname="ptolemy.util.test.junit.AutoTests" name="[49] /home/travis/build/icyphy/ptII/ptolemy/domains/de/test/auto/PersistentIO.xml (RunModel)" time="0.02" />
  <testcase classname="ptolemy.util.test.junit.AutoTests" name="[50] /home/travis/build/icyphy/ptII/ptolemy/domains/de/test/auto/PortParameterResetOnInitialize.xml (RunModel)" time="0.009" />
  <testcase classname="ptolemy.util.test.junit.AutoTests" name="[51] /home/travis/build/icyphy/ptII/ptolemy/domains/de/test/auto/PortParameterUpdates.xml (RunModel)" time="0.013" />
  <testcase classname="ptolemy.util.test.junit.AutoTests" name="[52] /home/travis/build/icyphy/ptII/ptolemy/domains/de/test/auto/QueueAndServer.xml (RunModel)" time="0.019" />
  <testcase classname="ptolemy.util.test.junit.AutoTests" name="[53] /home/travis/build/icyphy/ptII/ptolemy/domains/de/test/auto/Records.xml (RunModel)" time="0.013" />
  <testcase classname="ptolemy.util.test.junit.AutoTests" name="[54] /home/travis/build/icyphy/ptII/ptolemy/domains/de/test/auto/ResetTransitionWithStartTime1.xml (RunModel)" time="0.018" />
  <testcase classname="ptolemy.util.test.junit.AutoTests" name="[55] /home/travis/build/icyphy/ptII/ptolemy/domains/de/test/auto/ResetTransitionWithStartTime2.xml (RunModel)" time="0.02" />
  <testcase classname="ptolemy.util.test.junit.AutoTests" name="[56] /home/travis/build/icyphy/ptII/ptolemy/domains/de/test/auto/ResetTransitionWithStartTime3.xml (RunModel)" time="0.021" />
  <testcase classname="ptolemy.util.test.junit.AutoTests" name="[57] /home/travis/build/icyphy/ptII/ptolemy/domains/de/test/auto/ResetTransitionWithStartTime4.xml (RunModel)" time="0.016" />
  <testcase classname="ptolemy.util.test.junit.AutoTests" name="[58] /home/travis/build/icyphy/ptII/ptolemy/domains/de/test/auto/ResettableTimer1.xml (RunModel)" time="0.01" />
  <testcase classname="ptolemy.util.test.junit.AutoTests" name="[59] /home/travis/build/icyphy/ptII/ptolemy/domains/de/test/auto/ResettableTimer2.xml (RunModel)" time="0.01" />
  <testcase classname="ptolemy.util.test.junit.AutoTests" name="[60] /home/travis/build/icyphy/ptII/ptolemy/domains/de/test/auto/ResettableTimer3.xml (RunModel)" time="0.012" />
  <testcase classname="ptolemy.util.test.junit.AutoTests" name="[61] /home/travis/build/icyphy/ptII/ptolemy/domains/de/test/auto/ResettableTimer4.xml (RunModel)" time="0.012" />
  <testcase classname="ptolemy.util.test.junit.AutoTests" name="[62] /home/travis/build/icyphy/ptII/ptolemy/domains/de/test/auto/ResettableTimer5.xml (RunModel)" time="0.009" />
  <testcase classname="ptolemy.util.test.junit.AutoTests" name="[63] /home/travis/build/icyphy/ptII/ptolemy/domains/de/test/auto/ResettableTimer6.xml (RunModel)" time="0.019" />
  <testcase classname="ptolemy.util.test.junit.AutoTests" name="[64] /home/travis/build/icyphy/ptII/ptolemy/domains/de/test/auto/ServerZeroDelay.xml (RunModel)" time="0.011" />
  <testcase classname="ptolemy.util.test.junit.AutoTests" name="[65] /home/travis/build/icyphy/ptII/ptolemy/domains/de/test/auto/SmartSender.xml (RunModel)" time="3.008" />
  <testcase classname="ptolemy.util.test.junit.AutoTests" name="[66] /home/travis/build/icyphy/ptII/ptolemy/domains/de/test/auto/ThreadedComposite.xml (RunModel)" time="0.162" />
  <testcase classname="ptolemy.util.test.junit.AutoTests" name="[67] /home/travis/build/icyphy/ptII/ptolemy/domains/de/test/auto/Time.xml (RunModel)" time="0.444" />
  <testcase classname="ptolemy.util.test.junit.AutoTests" name="[68] /home/travis/build/icyphy/ptII/ptolemy/domains/de/test/auto/TimeDelayZeroDelay.xml (RunModel)" time="0.015" />
  <testcase classname="ptolemy.util.test.junit.AutoTests" name="[69] /home/travis/build/icyphy/ptII/ptolemy/domains/de/test/auto/TimerZeroDelay.xml (RunModel)" time="0.011" />
  <testcase classname="ptolemy.util.test.junit.AutoTests" name="[70] /home/travis/build/icyphy/ptII/ptolemy/domains/de/test/auto/TimingParadox.xml (RunModel)" time="0.363" />
  <testcase classname="ptolemy.util.test.junit.AutoTests" name="[71] /home/travis/build/icyphy/ptII/ptolemy/domains/de/test/auto/TransferInputs.xml (RunModel)" time="0.017" />
  <testcase classname="ptolemy.util.test.junit.AutoTests" name="[72] /home/travis/build/icyphy/ptII/ptolemy/domains/de/test/auto/TransferOutputs2.xml (RunModel)" time="0.015" />
  <testcase classname="ptolemy.util.test.junit.AutoTests" name="[73] /home/travis/build/icyphy/ptII/ptolemy/domains/de/test/auto/Trilateration.xml (RunModel)" time="11.577" />
  <testcase classname="ptolemy.util.test.junit.AutoTests" name="[74] /home/travis/build/icyphy/ptII/ptolemy/domains/de/test/auto/TwoSigmaDelta.xml (RunModel)" time="2.152" />
  <testcase classname="ptolemy.util.test.junit.AutoTests" name="[75] /home/travis/build/icyphy/ptII/ptolemy/domains/de/test/auto/VariableDelay.xml (RunModel)" time="0.01" />
  <testcase classname="ptolemy.util.test.junit.AutoTests" name="[76] /home/travis/build/icyphy/ptII/ptolemy/domains/de/test/auto/VariableDelay2.xml (RunModel)" time="0.009" />
  <testcase classname="ptolemy.util.test.junit.AutoTests" name="[77] /home/travis/build/icyphy/ptII/ptolemy/domains/de/test/auto/VariableDelayZeroDelay.xml (RunModel)" time="0.01" />
  <testcase classname="ptolemy.util.test.junit.AutoTests" name="[78] /home/travis/build/icyphy/ptII/ptolemy/domains/de/test/auto/VariableDelayZeroDelay2.xml (RunModel)" time="0.01" />
  <testcase classname="ptolemy.util.test.junit.AutoTests" name="[79] /home/travis/build/icyphy/ptII/ptolemy/domains/de/test/auto/deInCt.xml (RunModel)" time="0.019" />
  <testcase classname="ptolemy.util.test.junit.AutoTests" name="[80] /home/travis/build/icyphy/ptII/ptolemy/domains/de/test/auto/deInCt2.xml (RunModel)" time="0.021" />
  <testcase classname="ptolemy.util.test.junit.AutoTests" name="[81] /home/travis/build/icyphy/ptII/ptolemy/domains/de/test/auto/dynamicCausalityInterface1.xml (RunModel)" time="0.018" />
  <testcase classname="ptolemy.util.test.junit.AutoTests" name="[82] /home/travis/build/icyphy/ptII/ptolemy/domains/de/test/auto/fsm_de_test.xml (RunModel)" time="0.022" />
  <testcase classname="ptolemy.util.test.junit.AutoTests" name="[83] /home/travis/build/icyphy/ptII/ptolemy/domains/de/test/auto/functionDependencyReconstruction.xml (RunModel)" time="0.031" />
  <testcase classname="ptolemy.util.test.junit.AutoTests" name="[84] /home/travis/build/icyphy/ptII/ptolemy/domains/de/test/auto/multirate.xml (RunModel)" time="0.015" />
  <testcase classname="ptolemy.util.test.junit.AutoTests" name="[85] /home/travis/build/icyphy/ptII/ptolemy/domains/de/test/auto/multirate2.xml (RunModel)" time="0.014" />
  <testcase classname="ptolemy.util.test.junit.AutoTests" name="[86] /home/travis/build/icyphy/ptII/ptolemy/domains/de/test/auto/realtime.xml (RunModel)" time="10.011" />
  <testcase classname="ptolemy.util.test.junit.AutoTests" name="[87] /home/travis/build/icyphy/ptII/ptolemy/domains/de/test/auto/relationGroup.xml (RunModel)" time="0.008" />
  <testcase classname="ptolemy.util.test.junit.AutoTests" name="[88] /home/travis/build/icyphy/ptII/ptolemy/domains/de/test/auto/relationGroup2.xml (RunModel)" time="0.007" />
  <testcase classname="ptolemy.util.test.junit.AutoTests" name="[89] /home/travis/build/icyphy/ptII/ptolemy/domains/de/test/auto/sortWithOpaquePorts.xml (RunModel)" time="0.008" />
  <testcase classname="ptolemy.util.test.junit.AutoTests" name="[90] /home/travis/build/icyphy/ptII/ptolemy/domains/de/test/auto/transferInputsandOutputs.xml (RunModel)" time="0.015" />
  <testcase classname="ptolemy.util.test.junit.AutoTests" name="[91] /home/travis/build/icyphy/ptII/ptolemy/domains/de/test/auto/triggerType.xml (RunModel)" time="0.009" />
  <system-out><![CDATA[/home/travis/build/icyphy/ptII/ptolemy/domains/de/test/DependencyLoop.tcl
testDefs.tcl: setting time out to 9000 seconds at Fri Apr 12 04:00:57 UTC 2019
21 ms. Memory: 116224K Free: 97611K (84%)
30 ms. Memory: 146944K Free: 142064K (97%)
/home/travis/build/icyphy/ptII/ptolemy/domains/de/test/RunDETestsAsQSS.tcl
Run the DE tests using ptolemy.domains.qss.test.QSSDirectorTest, which extends QSSDirector and prints a message in the constructors.
------------------ testing $PTII/ptolemy/domains/de/test/auto/knownFailedTests/dependencyLoop.xml (Known Failure) 
8 ms. Memory: 146944K Free: 136588K (93%)


==== $PTIIhome/travis/build/icyphy/ptII/ptolemy/domains/de/test/../../../../: Auto Automatic test in file $PTII/ptolemy/domains/de/test/auto/knownFailedTests/dependencyLoop.xml
==== Contents of test case:

	    # FIXME: we should use $relativeFilename here, but it
	    # might have backslashes under Windows, which causes no end
	    # of trouble.
	    createAndExecute $file
	    list {}
	
.... Test generated KNOWN error:
    while executing
ptolemy.kernel.util.IllegalActionException: Found a zero delay loop containing .dependencyLoop.original
  in .dependencyLoop and .dependencyLoop.original
	at ptolemy.actor.util.CausalityInterfaceForComposites._computeOutputPortDepth(CausalityInterfaceForComposites.java:759)
	at ptolemy.actor.util.CausalityInterfaceForComposites._computeInputDepth(CausalityInterfaceForComposites.java:696)
	at ptolemy.actor.util.CausalityInterfaceForComposites._computeOutputPortDepth(CausalityInterfaceForComposites.java:765)
	at ptolemy.actor.util.CausalityInterfaceForComposites._computeInputDepth(CausalityInterfaceForComposites.java:696)
	at ptolemy.actor.util.CausalityInterfaceForComposites._computeOutputPortDepth(CausalityInterfaceForComposites.java:765)
	at ptolemy.actor.util.CausalityInterfaceForComposites._computeInputDepth(CausalityInterfaceForComposites.java:696)
	at ptolemy.actor.util.CausalityInterfaceForComposites._computeActorDepth(CausalityInterfaceForComposites.java:532)
	at ptolemy.actor.util.CausalityInterfaceForComposites.checkForCycles(CausalityInterfaceForComposites.java:96)
	at ptolemy.domains.de.kernel.DEDirector.preinitialize(DEDirector.java:1338)
	at ptolemy.actor.CompositeActor.preinitialize(CompositeActor.java:1828)
	at ptolemy.actor.Manager.preinitializeAndResolveTypes(Manager.java:1040)
	at ptolemy.actor.Manager.initialize(Manager.java:710)
	at ptolemy.actor.Manager.execute(Manager.java:356)
	at ptolemy.actor.Manager.run(Manager.java:1263)
	at ptolemy.actor.Manager$PtolemyRunThread.run(Manager.java:1915)

    while executing
ptolemy.kernel.util.IllegalActionException: Found a zero delay loop containing .dependencyLoop.original
  in .dependencyLoop and .dependencyLoop.original
    while executing
"java::new ptolemy.moml.MoMLSimpleApplication $file
"
    (procedure "createAndExecute" line 2)
    invoked from within
"createAndExecute $file"
    ("uplevel" body line 5)
    invoked from within
"uplevel $contents_of_test"
------------------ testing $PTII/ptolemy/domains/de/test/auto/knownFailedTests/DESDFClockTest.xml (Known Failure) 
2082 ms. Memory: 146944K Free: 120991K (82%)


==== $PTIIhome/travis/build/icyphy/ptII/ptolemy/domains/de/test/../../../../: Auto Automatic test in file $PTII/ptolemy/domains/de/test/auto/knownFailedTests/DESDFClockTest.xml
==== Contents of test case:

	    # FIXME: we should use $relativeFilename here, but it
	    # might have backslashes under Windows, which causes no end
	    # of trouble.
	    createAndExecute $file
	    list {}
	
.... Test generated KNOWN error:
    while executing
ptolemy.kernel.util.IllegalActionException: Actor is not ready to fire.  Perhaps UpSample.prefire() returned false? Try debugging the actor by selecting "Listen to Actor".  Also, for SDF check moml for tokenConsumptionRate on input.
  in .DESDFClockTest.Play Bell.Copy1:SDF Director and .DESDFClockTest.Play Bell.UpSample
	at ptolemy.actor.sched.StaticSchedulingDirector.fire(StaticSchedulingDirector.java:227)
	at ptolemy.domains.sdf.kernel.SDFDirector.fire(SDFDirector.java:500)
	at ptolemy.actor.CompositeActor.fire(CompositeActor.java:455)
	at ptolemy.domains.de.kernel.DEDirector._fire(DEDirector.java:1949)
	at ptolemy.domains.de.kernel.DEDirector.fire(DEDirector.java:502)
	at ptolemy.actor.CompositeActor.fire(CompositeActor.java:455)
	at ptolemy.actor.Manager.iterate(Manager.java:851)
	at ptolemy.actor.Manager.execute(Manager.java:369)
	at ptolemy.actor.Manager.run(Manager.java:1263)
	at ptolemy.actor.Manager$PtolemyRunThread.run(Manager.java:1915)

    while executing
ptolemy.kernel.util.IllegalActionException: Actor is not ready to fire.  Perhaps UpSample.prefire() returned false? Try debugging the actor by selecting "Listen to Actor".  Also, for SDF check moml for tokenConsumptionRate on input.
  in .DESDFClockTest.Play Bell.Copy1:SDF Director and .DESDFClockTest.Play Bell.UpSample
    while executing
"java::new ptolemy.moml.MoMLSimpleApplication $file
"
    (procedure "createAndExecute" line 2)
    invoked from within
"createAndExecute $file"
    ("uplevel" body line 5)
    invoked from within
"uplevel $contents_of_test"
------------------ testing $PTII/ptolemy/domains/de/test/auto/knownFailedTests/FSMSource.xml (Known Failure) 
53 ms. Memory: 146944K Free: 112126K (76%)
!!!! Auto was marked as failing, but now passes
------------------ testing $PTII/ptolemy/domains/de/test/auto/knownFailedTests/dependencyLoop2.xml (Known Failure) 
6 ms. Memory: 146944K Free: 110242K (75%)


==== $PTIIhome/travis/build/icyphy/ptII/ptolemy/domains/de/test/../../../../: Auto Automatic test in file $PTII/ptolemy/domains/de/test/auto/knownFailedTests/dependencyLoop2.xml
==== Contents of test case:

	    # FIXME: we should use $relativeFilename here, but it
	    # might have backslashes under Windows, which causes no end
	    # of trouble.
	    createAndExecute $file
	    list {}
	
.... Test generated KNOWN error:
    while executing
ptolemy.kernel.util.IllegalActionException: Found a zero delay loop containing .dependencyLoop2.original
  in .dependencyLoop2 and .dependencyLoop2.original
	at ptolemy.actor.util.CausalityInterfaceForComposites._computeOutputPortDepth(CausalityInterfaceForComposites.java:759)
	at ptolemy.actor.util.CausalityInterfaceForComposites._computeInputDepth(CausalityInterfaceForComposites.java:696)
	at ptolemy.actor.util.CausalityInterfaceForComposites._computeOutputPortDepth(CausalityInterfaceForComposites.java:765)
	at ptolemy.actor.util.CausalityInterfaceForComposites._computeInputDepth(CausalityInterfaceForComposites.java:696)
	at ptolemy.actor.util.CausalityInterfaceForComposites._computeOutputPortDepth(CausalityInterfaceForComposites.java:765)
	at ptolemy.actor.util.CausalityInterfaceForComposites._computeInputDepth(CausalityInterfaceForComposites.java:696)
	at ptolemy.actor.util.CausalityInterfaceForComposites._computeActorDepth(CausalityInterfaceForComposites.java:532)
	at ptolemy.actor.util.CausalityInterfaceForComposites.checkForCycles(CausalityInterfaceForComposites.java:96)
	at ptolemy.domains.de.kernel.DEDirector.preinitialize(DEDirector.java:1338)
	at ptolemy.actor.CompositeActor.preinitialize(CompositeActor.java:1828)
	at ptolemy.actor.Manager.preinitializeAndResolveTypes(Manager.java:1040)
	at ptolemy.actor.Manager.initialize(Manager.java:710)
	at ptolemy.actor.Manager.execute(Manager.java:356)
	at ptolemy.actor.Manager.run(Manager.java:1263)
	at ptolemy.actor.Manager$PtolemyRunThread.run(Manager.java:1915)

    while executing
ptolemy.kernel.util.IllegalActionException: Found a zero delay loop containing .dependencyLoop2.original
  in .dependencyLoop2 and .dependencyLoop2.original
    while executing
"java::new ptolemy.moml.MoMLSimpleApplication $file
"
    (procedure "createAndExecute" line 2)
    invoked from within
"createAndExecute $file"
    ("uplevel" body line 5)
    invoked from within
"uplevel $contents_of_test"
------------------ testing $PTII/ptolemy/domains/de/test/auto/knownFailedTests/HierarchicalModel.xml (Known Failure) 
6 ms. Memory: 146944K Free: 90040K (61%)


==== $PTIIhome/travis/build/icyphy/ptII/ptolemy/domains/de/test/../../../../: Auto Automatic test in file $PTII/ptolemy/domains/de/test/auto/knownFailedTests/HierarchicalModel.xml
==== Contents of test case:

	    # FIXME: we should use $relativeFilename here, but it
	    # might have backslashes under Windows, which causes no end
	    # of trouble.
	    createAndExecute $file
	    list {}
	
.... Test generated KNOWN error:
    while executing
ptolemy.kernel.util.IllegalActionException: Found a zero delay loop containing .HierarchicalModel.A
  in .HierarchicalModel and .HierarchicalModel.A
	at ptolemy.actor.util.CausalityInterfaceForComposites._computeOutputPortDepth(CausalityInterfaceForComposites.java:759)
	at ptolemy.actor.util.CausalityInterfaceForComposites._computeInputDepth(CausalityInterfaceForComposites.java:696)
	at ptolemy.actor.util.CausalityInterfaceForComposites._computeOutputPortDepth(CausalityInterfaceForComposites.java:765)
	at ptolemy.actor.util.CausalityInterfaceForComposites._computeInputDepth(CausalityInterfaceForComposites.java:696)
	at ptolemy.actor.util.CausalityInterfaceForComposites._computeOutputPortDepth(CausalityInterfaceForComposites.java:765)
	at ptolemy.actor.util.CausalityInterfaceForComposites._computeInputDepth(CausalityInterfaceForComposites.java:696)
	at ptolemy.actor.util.CausalityInterfaceForComposites._computeActorDepth(CausalityInterfaceForComposites.java:532)
	at ptolemy.actor.util.CausalityInterfaceForComposites.checkForCycles(CausalityInterfaceForComposites.java:96)
	at ptolemy.domains.de.kernel.DEDirector.preinitialize(DEDirector.java:1338)
	at ptolemy.actor.CompositeActor.preinitialize(CompositeActor.java:1828)
	at ptolemy.actor.Manager.preinitializeAndResolveTypes(Manager.java:1040)
	at ptolemy.actor.Manager.initialize(Manager.java:710)
	at ptolemy.actor.Manager.execute(Manager.java:356)
	at ptolemy.actor.Manager.run(Manager.java:1263)
	at ptolemy.actor.Manager$PtolemyRunThread.run(Manager.java:1915)

    while executing
ptolemy.kernel.util.IllegalActionException: Found a zero delay loop containing .HierarchicalModel.A
  in .HierarchicalModel and .HierarchicalModel.A
    while executing
"java::new ptolemy.moml.MoMLSimpleApplication $file
"
    (procedure "createAndExecute" line 2)
    invoked from within
"createAndExecute $file"
    ("uplevel" body line 5)
    invoked from within
"uplevel $contents_of_test"
------------------ testing $PTII/ptolemy/domains/de/test/auto/knownFailedTests/DirectFeedback.xml (Known Failure) 
5 ms. Memory: 146944K Free: 85928K (58%)


==== $PTIIhome/travis/build/icyphy/ptII/ptolemy/domains/de/test/../../../../: Auto Automatic test in file $PTII/ptolemy/domains/de/test/auto/knownFailedTests/DirectFeedback.xml
==== Contents of test case:

	    # FIXME: we should use $relativeFilename here, but it
	    # might have backslashes under Windows, which causes no end
	    # of trouble.
	    createAndExecute $file
	    list {}
	
.... Test generated KNOWN error:
    while executing
ptolemy.kernel.util.IllegalActionException: Test fails in iteration 1.
Value was: 1.0. Should have been: 2.0
  in .DirectFeedback.Test
	at ptolemy.actor.lib.Test.fire(Test.java:268)
	at ptolemy.domains.de.kernel.DEDirector._fire(DEDirector.java:1949)
	at ptolemy.domains.de.kernel.DEDirector.fire(DEDirector.java:502)
	at ptolemy.actor.CompositeActor.fire(CompositeActor.java:455)
	at ptolemy.actor.Manager.iterate(Manager.java:851)
	at ptolemy.actor.Manager.execute(Manager.java:369)
	at ptolemy.actor.Manager.run(Manager.java:1263)
	at ptolemy.actor.Manager$PtolemyRunThread.run(Manager.java:1915)

    while executing
ptolemy.kernel.util.IllegalActionException: Test fails in iteration 1.
Value was: 1.0. Should have been: 2.0
  in .DirectFeedback.Test
    while executing
"java::new ptolemy.moml.MoMLSimpleApplication $file
"
    (procedure "createAndExecute" line 2)
    invoked from within
"createAndExecute $file"
    ("uplevel" body line 5)
    invoked from within
"uplevel $contents_of_test"
------------------ testing $PTII/ptolemy/domains/de/test/auto/ActorDepthCalculation_actorWithoutPorts.xml
auto.tcl: Setting watchdog for 200 seconds at Fri Apr 12 04:01:00 UTC 2019
7 ms. Memory: 146944K Free: 138705K (94%)
ptolemy.util.test.WatchDog.cancel(): canceling Fri Apr 12 04:01:00 UTC 2019
auto.tcl: Setting watchdog for 200 seconds at Fri Apr 12 04:01:00 UTC 2019
4 ms. Memory: 146944K Free: 136674K (93%)
ptolemy.util.test.WatchDog.cancel(): canceling Fri Apr 12 04:01:00 UTC 2019
------------------ testing $PTII/ptolemy/domains/de/test/auto/AssemblyLine.xml
auto.tcl: Setting watchdog for 200 seconds at Fri Apr 12 04:01:01 UTC 2019
13 ms. Memory: 208384K Free: 183436K (88%)
ptolemy.util.test.WatchDog.cancel(): canceling Fri Apr 12 04:01:01 UTC 2019
auto.tcl: Setting watchdog for 200 seconds at Fri Apr 12 04:01:01 UTC 2019
7 ms. Memory: 208384K Free: 183436K (88%)
ptolemy.util.test.WatchDog.cancel(): canceling Fri Apr 12 04:01:01 UTC 2019
------------------ testing $PTII/ptolemy/domains/de/test/auto/CQBug1.xml
auto.tcl: Setting watchdog for 200 seconds at Fri Apr 12 04:01:01 UTC 2019
4 ms. Memory: 208384K Free: 197920K (95%)
ptolemy.util.test.WatchDog.cancel(): canceling Fri Apr 12 04:01:01 UTC 2019
auto.tcl: Setting watchdog for 200 seconds at Fri Apr 12 04:01:01 UTC 2019
2 ms. Memory: 208384K Free: 197920K (95%)
ptolemy.util.test.WatchDog.cancel(): canceling Fri Apr 12 04:01:01 UTC 2019
------------------ testing $PTII/ptolemy/domains/de/test/auto/CancelFireAt.xml
auto.tcl: Setting watchdog for 200 seconds at Fri Apr 12 04:01:01 UTC 2019
5 ms. Memory: 208384K Free: 201571K (97%)
ptolemy.util.test.WatchDog.cancel(): canceling Fri Apr 12 04:01:01 UTC 2019
auto.tcl: Setting watchdog for 200 seconds at Fri Apr 12 04:01:01 UTC 2019
5 ms. Memory: 208384K Free: 199540K (96%)
ptolemy.util.test.WatchDog.cancel(): canceling Fri Apr 12 04:01:01 UTC 2019
------------------ testing $PTII/ptolemy/domains/de/test/auto/CausalityAndComposabilityAnalysis.xml
auto.tcl: Setting watchdog for 200 seconds at Fri Apr 12 04:01:01 UTC 2019
9 ms. Memory: 208384K Free: 199139K (96%)
ptolemy.util.test.WatchDog.cancel(): canceling Fri Apr 12 04:01:01 UTC 2019
auto.tcl: Setting watchdog for 200 seconds at Fri Apr 12 04:01:01 UTC 2019
6 ms. Memory: 208384K Free: 196589K (94%)
ptolemy.util.test.WatchDog.cancel(): canceling Fri Apr 12 04:01:01 UTC 2019
------------------ testing $PTII/ptolemy/domains/de/test/auto/CausalityInterface1.xml
auto.tcl: Setting watchdog for 200 seconds at Fri Apr 12 04:01:01 UTC 2019
10 ms. Memory: 208384K Free: 196526K (94%)
ptolemy.util.test.WatchDog.cancel(): canceling Fri Apr 12 04:01:01 UTC 2019
auto.tcl: Setting watchdog for 200 seconds at Fri Apr 12 04:01:01 UTC 2019
13 ms. Memory: 208384K Free: 196526K (94%)
ptolemy.util.test.WatchDog.cancel(): canceling Fri Apr 12 04:01:01 UTC 2019
------------------ testing $PTII/ptolemy/domains/de/test/auto/CausalityInterface15.xml
auto.tcl: Setting watchdog for 200 seconds at Fri Apr 12 04:01:01 UTC 2019
8 ms. Memory: 208384K Free: 196486K (94%)
ptolemy.util.test.WatchDog.cancel(): canceling Fri Apr 12 04:01:01 UTC 2019
auto.tcl: Setting watchdog for 200 seconds at Fri Apr 12 04:01:01 UTC 2019
4 ms. Memory: 208384K Free: 196486K (94%)
ptolemy.util.test.WatchDog.cancel(): canceling Fri Apr 12 04:01:01 UTC 2019
------------------ testing $PTII/ptolemy/domains/de/test/auto/CausalityInterface2.xml
auto.tcl: Setting watchdog for 200 seconds at Fri Apr 12 04:01:02 UTC 2019
12 ms. Memory: 208384K Free: 196501K (94%)
ptolemy.util.test.WatchDog.cancel(): canceling Fri Apr 12 04:01:02 UTC 2019
auto.tcl: Setting watchdog for 200 seconds at Fri Apr 12 04:01:02 UTC 2019
3 ms. Memory: 208384K Free: 196501K (94%)
ptolemy.util.test.WatchDog.cancel(): canceling Fri Apr 12 04:01:02 UTC 2019
------------------ testing $PTII/ptolemy/domains/de/test/auto/CausalityInterface3.xml
auto.tcl: Setting watchdog for 200 seconds at Fri Apr 12 04:01:02 UTC 2019
9 ms. Memory: 208384K Free: 196515K (94%)
ptolemy.util.test.WatchDog.cancel(): canceling Fri Apr 12 04:01:02 UTC 2019
auto.tcl: Setting watchdog for 200 seconds at Fri Apr 12 04:01:02 UTC 2019
9 ms. Memory: 208384K Free: 196515K (94%)
ptolemy.util.test.WatchDog.cancel(): canceling Fri Apr 12 04:01:02 UTC 2019
------------------ testing $PTII/ptolemy/domains/de/test/auto/ClockDrift.xml
auto.tcl: Setting watchdog for 200 seconds at Fri Apr 12 04:01:02 UTC 2019
104 ms. Memory: 208384K Free: 187953K (90%)
ptolemy.util.test.WatchDog.cancel(): canceling Fri Apr 12 04:01:02 UTC 2019
auto.tcl: Setting watchdog for 200 seconds at Fri Apr 12 04:01:02 UTC 2019
78 ms. Memory: 208384K Free: 185922K (89%)
ptolemy.util.test.WatchDog.cancel(): canceling Fri Apr 12 04:01:02 UTC 2019
------------------ testing $PTII/ptolemy/domains/de/test/auto/ClockDriftAndValueChange.xml
auto.tcl: Setting watchdog for 200 seconds at Fri Apr 12 04:01:02 UTC 2019
27 ms. Memory: 208384K Free: 187787K (90%)
ptolemy.util.test.WatchDog.cancel(): canceling Fri Apr 12 04:01:02 UTC 2019
auto.tcl: Setting watchdog for 200 seconds at Fri Apr 12 04:01:02 UTC 2019
36 ms. Memory: 208384K Free: 185756K (89%)
ptolemy.util.test.WatchDog.cancel(): canceling Fri Apr 12 04:01:02 UTC 2019
------------------ testing $PTII/ptolemy/domains/de/test/auto/ClockDriftChange.xml
auto.tcl: Setting watchdog for 200 seconds at Fri Apr 12 04:01:02 UTC 2019
40 ms. Memory: 208384K Free: 191041K (92%)
ptolemy.util.test.WatchDog.cancel(): canceling Fri Apr 12 04:01:02 UTC 2019
auto.tcl: Setting watchdog for 200 seconds at Fri Apr 12 04:01:02 UTC 2019
41 ms. Memory: 208384K Free: 189010K (91%)
ptolemy.util.test.WatchDog.cancel(): canceling Fri Apr 12 04:01:02 UTC 2019
------------------ testing $PTII/ptolemy/domains/de/test/auto/ComposableCausalityAnalysis.xml
auto.tcl: Setting watchdog for 200 seconds at Fri Apr 12 04:01:02 UTC 2019
2 ms. Memory: 208384K Free: 196370K (94%)
ptolemy.util.test.WatchDog.cancel(): canceling Fri Apr 12 04:01:02 UTC 2019
auto.tcl: Setting watchdog for 200 seconds at Fri Apr 12 04:01:02 UTC 2019
2 ms. Memory: 208384K Free: 194339K (93%)
ptolemy.util.test.WatchDog.cancel(): canceling Fri Apr 12 04:01:02 UTC 2019
------------------ testing $PTII/ptolemy/domains/de/test/auto/DEFixedPointLimitation.xml
auto.tcl: Setting watchdog for 200 seconds at Fri Apr 12 04:01:03 UTC 2019
4 ms. Memory: 208384K Free: 196450K (94%)
ptolemy.util.test.WatchDog.cancel(): canceling Fri Apr 12 04:01:03 UTC 2019
auto.tcl: Setting watchdog for 200 seconds at Fri Apr 12 04:01:03 UTC 2019
5 ms. Memory: 208384K Free: 196450K (94%)
ptolemy.util.test.WatchDog.cancel(): canceling Fri Apr 12 04:01:03 UTC 2019
------------------ testing $PTII/ptolemy/domains/de/test/auto/DEScheduleTest.xml
auto.tcl: Setting watchdog for 200 seconds at Fri Apr 12 04:01:03 UTC 2019
8 ms. Memory: 208384K Free: 199036K (96%)
ptolemy.util.test.WatchDog.cancel(): canceling Fri Apr 12 04:01:03 UTC 2019
auto.tcl: Setting watchdog for 200 seconds at Fri Apr 12 04:01:03 UTC 2019
5 ms. Memory: 208384K Free: 197005K (95%)
ptolemy.util.test.WatchDog.cancel(): canceling Fri Apr 12 04:01:03 UTC 2019
------------------ testing $PTII/ptolemy/domains/de/test/auto/DEinDEwithStartTimes.xml
auto.tcl: Setting watchdog for 200 seconds at Fri Apr 12 04:01:03 UTC 2019
3 ms. Memory: 208384K Free: 196456K (94%)
ptolemy.util.test.WatchDog.cancel(): canceling Fri Apr 12 04:01:03 UTC 2019
auto.tcl: Setting watchdog for 200 seconds at Fri Apr 12 04:01:03 UTC 2019
4 ms. Memory: 208384K Free: 194425K (93%)
ptolemy.util.test.WatchDog.cancel(): canceling Fri Apr 12 04:01:03 UTC 2019
------------------ testing $PTII/ptolemy/domains/de/test/auto/DEinDEwithStartTimes2.xml
auto.tcl: Setting watchdog for 200 seconds at Fri Apr 12 04:01:03 UTC 2019
6 ms. Memory: 208384K Free: 196436K (94%)
ptolemy.util.test.WatchDog.cancel(): canceling Fri Apr 12 04:01:03 UTC 2019
auto.tcl: Setting watchdog for 200 seconds at Fri Apr 12 04:01:03 UTC 2019
7 ms. Memory: 208384K Free: 194405K (93%)
ptolemy.util.test.WatchDog.cancel(): canceling Fri Apr 12 04:01:03 UTC 2019
------------------ testing $PTII/ptolemy/domains/de/test/auto/DateDemo.xml
auto.tcl: Setting watchdog for 200 seconds at Fri Apr 12 04:01:03 UTC 2019
19 ms. Memory: 208384K Free: 189072K (91%)
ptolemy.util.test.WatchDog.cancel(): canceling Fri Apr 12 04:01:03 UTC 2019
auto.tcl: Setting watchdog for 200 seconds at Fri Apr 12 04:01:03 UTC 2019
9 ms. Memory: 208384K Free: 187041K (90%)
ptolemy.util.test.WatchDog.cancel(): canceling Fri Apr 12 04:01:03 UTC 2019
------------------ testing $PTII/ptolemy/domains/de/test/auto/DateToEvent.xml
auto.tcl: Setting watchdog for 200 seconds at Fri Apr 12 04:01:03 UTC 2019
2011 ms. Memory: 208384K Free: 183986K (88%)
ptolemy.util.test.WatchDog.cancel(): canceling Fri Apr 12 04:01:05 UTC 2019
auto.tcl: Setting watchdog for 200 seconds at Fri Apr 12 04:01:05 UTC 2019
2005 ms. Memory: 208384K Free: 183986K (88%)
ptolemy.util.test.WatchDog.cancel(): canceling Fri Apr 12 04:01:07 UTC 2019
------------------ testing $PTII/ptolemy/domains/de/test/auto/DepthTest1.xml
auto.tcl: Setting watchdog for 200 seconds at Fri Apr 12 04:01:07 UTC 2019
5 ms. Memory: 208384K Free: 198045K (95%)
ptolemy.util.test.WatchDog.cancel(): canceling Fri Apr 12 04:01:07 UTC 2019
auto.tcl: Setting watchdog for 200 seconds at Fri Apr 12 04:01:07 UTC 2019
1 ms. Memory: 208384K Free: 198045K (95%)
ptolemy.util.test.WatchDog.cancel(): canceling Fri Apr 12 04:01:07 UTC 2019
------------------ testing $PTII/ptolemy/domains/de/test/auto/DepthTest2.xml
auto.tcl: Setting watchdog for 200 seconds at Fri Apr 12 04:01:07 UTC 2019
8 ms. Memory: 208384K Free: 194384K (93%)
ptolemy.util.test.WatchDog.cancel(): canceling Fri Apr 12 04:01:07 UTC 2019
auto.tcl: Setting watchdog for 200 seconds at Fri Apr 12 04:01:07 UTC 2019
3 ms. Memory: 208384K Free: 194384K (93%)
ptolemy.util.test.WatchDog.cancel(): canceling Fri Apr 12 04:01:07 UTC 2019
------------------ testing $PTII/ptolemy/domains/de/test/auto/DepthTest3.xml
auto.tcl: Setting watchdog for 200 seconds at Fri Apr 12 04:01:07 UTC 2019
2 ms. Memory: 208384K Free: 198380K (95%)
ptolemy.util.test.WatchDog.cancel(): canceling Fri Apr 12 04:01:07 UTC 2019
auto.tcl: Setting watchdog for 200 seconds at Fri Apr 12 04:01:07 UTC 2019
2 ms. Memory: 208384K Free: 198380K (95%)
ptolemy.util.test.WatchDog.cancel(): canceling Fri Apr 12 04:01:07 UTC 2019
------------------ testing $PTII/ptolemy/domains/de/test/auto/DepthTest4.xml
auto.tcl: Setting watchdog for 200 seconds at Fri Apr 12 04:01:07 UTC 2019
3 ms. Memory: 208384K Free: 196436K (94%)
ptolemy.util.test.WatchDog.cancel(): canceling Fri Apr 12 04:01:07 UTC 2019
auto.tcl: Setting watchdog for 200 seconds at Fri Apr 12 04:01:07 UTC 2019
2 ms. Memory: 208384K Free: 196436K (94%)
ptolemy.util.test.WatchDog.cancel(): canceling Fri Apr 12 04:01:07 UTC 2019
------------------ testing $PTII/ptolemy/domains/de/test/auto/DepthTest5.xml
auto.tcl: Setting watchdog for 200 seconds at Fri Apr 12 04:01:07 UTC 2019
6 ms. Memory: 208384K Free: 196903K (94%)
ptolemy.util.test.WatchDog.cancel(): canceling Fri Apr 12 04:01:08 UTC 2019
auto.tcl: Setting watchdog for 200 seconds at Fri Apr 12 04:01:08 UTC 2019
3 ms. Memory: 208384K Free: 196903K (94%)
ptolemy.util.test.WatchDog.cancel(): canceling Fri Apr 12 04:01:08 UTC 2019
------------------ testing $PTII/ptolemy/domains/de/test/auto/DepthTest6.xml
auto.tcl: Setting watchdog for 200 seconds at Fri Apr 12 04:01:08 UTC 2019
9 ms. Memory: 208384K Free: 196878K (94%)
ptolemy.util.test.WatchDog.cancel(): canceling Fri Apr 12 04:01:08 UTC 2019
auto.tcl: Setting watchdog for 200 seconds at Fri Apr 12 04:01:08 UTC 2019
2 ms. Memory: 208384K Free: 196878K (94%)
ptolemy.util.test.WatchDog.cancel(): canceling Fri Apr 12 04:01:08 UTC 2019
------------------ testing $PTII/ptolemy/domains/de/test/auto/DepthTest7.xml
auto.tcl: Setting watchdog for 200 seconds at Fri Apr 12 04:01:08 UTC 2019
7 ms. Memory: 208384K Free: 195112K (94%)
ptolemy.util.test.WatchDog.cancel(): canceling Fri Apr 12 04:01:08 UTC 2019
auto.tcl: Setting watchdog for 200 seconds at Fri Apr 12 04:01:08 UTC 2019
3 ms. Memory: 208384K Free: 195112K (94%)
ptolemy.util.test.WatchDog.cancel(): canceling Fri Apr 12 04:01:08 UTC 2019
------------------ testing $PTII/ptolemy/domains/de/test/auto/EventToDate.xml
auto.tcl: Setting watchdog for 200 seconds at Fri Apr 12 04:01:08 UTC 2019
3010 ms. Memory: 208384K Free: 186208K (89%)
ptolemy.util.test.WatchDog.cancel(): canceling Fri Apr 12 04:01:11 UTC 2019
auto.tcl: Setting watchdog for 200 seconds at Fri Apr 12 04:01:11 UTC 2019
3004 ms. Memory: 208384K Free: 186208K (89%)
ptolemy.util.test.WatchDog.cancel(): canceling Fri Apr 12 04:01:14 UTC 2019
------------------ testing $PTII/ptolemy/domains/de/test/auto/FSM1.xml
auto.tcl: Setting watchdog for 200 seconds at Fri Apr 12 04:01:14 UTC 2019
41 ms. Memory: 208384K Free: 189531K (91%)
ptolemy.util.test.WatchDog.cancel(): canceling Fri Apr 12 04:01:14 UTC 2019
auto.tcl: Setting watchdog for 200 seconds at Fri Apr 12 04:01:14 UTC 2019
17 ms. Memory: 208384K Free: 185469K (89%)
ptolemy.util.test.WatchDog.cancel(): canceling Fri Apr 12 04:01:14 UTC 2019
------------------ testing $PTII/ptolemy/domains/de/test/auto/FSM7.xml
auto.tcl: Setting watchdog for 200 seconds at Fri Apr 12 04:01:14 UTC 2019
27 ms. Memory: 208384K Free: 187704K (90%)
ptolemy.util.test.WatchDog.cancel(): canceling Fri Apr 12 04:01:14 UTC 2019
auto.tcl: Setting watchdog for 200 seconds at Fri Apr 12 04:01:14 UTC 2019
24 ms. Memory: 208384K Free: 185673K (89%)
ptolemy.util.test.WatchDog.cancel(): canceling Fri Apr 12 04:01:14 UTC 2019
------------------ testing $PTII/ptolemy/domains/de/test/auto/Inspection.xml
auto.tcl: Setting watchdog for 200 seconds at Fri Apr 12 04:01:14 UTC 2019
19 ms. Memory: 208384K Free: 189435K (91%)
ptolemy.util.test.WatchDog.cancel(): canceling Fri Apr 12 04:01:14 UTC 2019
auto.tcl: Setting watchdog for 200 seconds at Fri Apr 12 04:01:14 UTC 2019
28 ms. Memory: 208384K Free: 187404K (90%)
ptolemy.util.test.WatchDog.cancel(): canceling Fri Apr 12 04:01:14 UTC 2019
------------------ testing $PTII/ptolemy/domains/de/test/auto/Iteration.xml
auto.tcl: Setting watchdog for 200 seconds at Fri Apr 12 04:01:14 UTC 2019
11 ms. Memory: 208384K Free: 196665K (94%)
ptolemy.util.test.WatchDog.cancel(): canceling Fri Apr 12 04:01:14 UTC 2019
auto.tcl: Setting watchdog for 200 seconds at Fri Apr 12 04:01:14 UTC 2019
7 ms. Memory: 208384K Free: 194634K (93%)
ptolemy.util.test.WatchDog.cancel(): canceling Fri Apr 12 04:01:14 UTC 2019
------------------ testing $PTII/ptolemy/domains/de/test/auto/LineFault.xml
auto.tcl: Setting watchdog for 200 seconds at Fri Apr 12 04:01:14 UTC 2019
786 ms. Memory: 208384K Free: 200457K (96%)
ptolemy.util.test.WatchDog.cancel(): canceling Fri Apr 12 04:01:15 UTC 2019
auto.tcl: Setting watchdog for 200 seconds at Fri Apr 12 04:01:15 UTC 2019
640 ms. Memory: 208384K Free: 143339K (69%)
ptolemy.util.test.WatchDog.cancel(): canceling Fri Apr 12 04:01:16 UTC 2019
------------------ testing $PTII/ptolemy/domains/de/test/auto/MergeModel1Add.xml
auto.tcl: Setting watchdog for 200 seconds at Fri Apr 12 04:01:16 UTC 2019
22 ms. Memory: 331264K Free: 300923K (91%)
ptolemy.util.test.WatchDog.cancel(): canceling Fri Apr 12 04:01:16 UTC 2019
auto.tcl: Setting watchdog for 200 seconds at Fri Apr 12 04:01:16 UTC 2019
18 ms. Memory: 331264K Free: 300923K (91%)
ptolemy.util.test.WatchDog.cancel(): canceling Fri Apr 12 04:01:16 UTC 2019
------------------ testing $PTII/ptolemy/domains/de/test/auto/MergeModel2Add.xml
auto.tcl: Setting watchdog for 200 seconds at Fri Apr 12 04:01:16 UTC 2019
12 ms. Memory: 331264K Free: 300910K (91%)
ptolemy.util.test.WatchDog.cancel(): canceling Fri Apr 12 04:01:16 UTC 2019
auto.tcl: Setting watchdog for 200 seconds at Fri Apr 12 04:01:16 UTC 2019
15 ms. Memory: 331264K Free: 297361K (90%)
ptolemy.util.test.WatchDog.cancel(): canceling Fri Apr 12 04:01:16 UTC 2019
------------------ testing $PTII/ptolemy/domains/de/test/auto/MergeModel3Add.xml
auto.tcl: Setting watchdog for 200 seconds at Fri Apr 12 04:01:17 UTC 2019
10 ms. Memory: 331264K Free: 305804K (92%)
ptolemy.util.test.WatchDog.cancel(): canceling Fri Apr 12 04:01:17 UTC 2019
auto.tcl: Setting watchdog for 200 seconds at Fri Apr 12 04:01:17 UTC 2019
10 ms. Memory: 331264K Free: 302255K (91%)
ptolemy.util.test.WatchDog.cancel(): canceling Fri Apr 12 04:01:17 UTC 2019
------------------ testing $PTII/ptolemy/domains/de/test/auto/MergeWithoutDiscard.xml
auto.tcl: Setting watchdog for 200 seconds at Fri Apr 12 04:01:17 UTC 2019
3 ms. Memory: 331264K Free: 316479K (96%)
ptolemy.util.test.WatchDog.cancel(): canceling Fri Apr 12 04:01:17 UTC 2019
auto.tcl: Setting watchdog for 200 seconds at Fri Apr 12 04:01:17 UTC 2019
2 ms. Memory: 331264K Free: 316479K (96%)
ptolemy.util.test.WatchDog.cancel(): canceling Fri Apr 12 04:01:17 UTC 2019
------------------ testing $PTII/ptolemy/domains/de/test/auto/Modal1.xml
auto.tcl: Setting watchdog for 200 seconds at Fri Apr 12 04:01:17 UTC 2019
14 ms. Memory: 331264K Free: 310778K (94%)
ptolemy.util.test.WatchDog.cancel(): canceling Fri Apr 12 04:01:17 UTC 2019
auto.tcl: Setting watchdog for 200 seconds at Fri Apr 12 04:01:17 UTC 2019
17 ms. Memory: 331264K Free: 307230K (93%)
ptolemy.util.test.WatchDog.cancel(): canceling Fri Apr 12 04:01:17 UTC 2019
------------------ testing $PTII/ptolemy/domains/de/test/auto/Modal2.xml
auto.tcl: Setting watchdog for 200 seconds at Fri Apr 12 04:01:17 UTC 2019
17 ms. Memory: 331264K Free: 310660K (94%)
ptolemy.util.test.WatchDog.cancel(): canceling Fri Apr 12 04:01:17 UTC 2019
auto.tcl: Setting watchdog for 200 seconds at Fri Apr 12 04:01:17 UTC 2019
20 ms. Memory: 331264K Free: 307111K (93%)
ptolemy.util.test.WatchDog.cancel(): canceling Fri Apr 12 04:01:17 UTC 2019
------------------ testing $PTII/ptolemy/domains/de/test/auto/Modal3.xml
auto.tcl: Setting watchdog for 200 seconds at Fri Apr 12 04:01:17 UTC 2019
12 ms. Memory: 331264K Free: 310643K (94%)
ptolemy.util.test.WatchDog.cancel(): canceling Fri Apr 12 04:01:17 UTC 2019
auto.tcl: Setting watchdog for 200 seconds at Fri Apr 12 04:01:17 UTC 2019
12 ms. Memory: 331264K Free: 307094K (93%)
ptolemy.util.test.WatchDog.cancel(): canceling Fri Apr 12 04:01:17 UTC 2019
------------------ testing $PTII/ptolemy/domains/de/test/auto/Modal4.xml
auto.tcl: Setting watchdog for 200 seconds at Fri Apr 12 04:01:17 UTC 2019
13 ms. Memory: 331264K Free: 310656K (94%)
ptolemy.util.test.WatchDog.cancel(): canceling Fri Apr 12 04:01:17 UTC 2019
auto.tcl: Setting watchdog for 200 seconds at Fri Apr 12 04:01:17 UTC 2019
14 ms. Memory: 331264K Free: 307107K (93%)
ptolemy.util.test.WatchDog.cancel(): canceling Fri Apr 12 04:01:17 UTC 2019
------------------ testing $PTII/ptolemy/domains/de/test/auto/Modal5.xml
auto.tcl: Setting watchdog for 200 seconds at Fri Apr 12 04:01:17 UTC 2019
28 ms. Memory: 331264K Free: 310643K (94%)
ptolemy.util.test.WatchDog.cancel(): canceling Fri Apr 12 04:01:17 UTC 2019
auto.tcl: Setting watchdog for 200 seconds at Fri Apr 12 04:01:17 UTC 2019
12 ms. Memory: 331264K Free: 307094K (93%)
ptolemy.util.test.WatchDog.cancel(): canceling Fri Apr 12 04:01:17 UTC 2019
------------------ testing $PTII/ptolemy/domains/de/test/auto/Modal6.xml
auto.tcl: Setting watchdog for 200 seconds at Fri Apr 12 04:01:17 UTC 2019
18 ms. Memory: 331264K Free: 310640K (94%)
ptolemy.util.test.WatchDog.cancel(): canceling Fri Apr 12 04:01:17 UTC 2019
auto.tcl: Setting watchdog for 200 seconds at Fri Apr 12 04:01:17 UTC 2019
17 ms. Memory: 331264K Free: 307091K (93%)
ptolemy.util.test.WatchDog.cancel(): canceling Fri Apr 12 04:01:17 UTC 2019
------------------ testing $PTII/ptolemy/domains/de/test/auto/Modal7.xml
auto.tcl: Setting watchdog for 200 seconds at Fri Apr 12 04:01:17 UTC 2019
20 ms. Memory: 331264K Free: 307092K (93%)
ptolemy.util.test.WatchDog.cancel(): canceling Fri Apr 12 04:01:17 UTC 2019
auto.tcl: Setting watchdog for 200 seconds at Fri Apr 12 04:01:17 UTC 2019
14 ms. Memory: 331264K Free: 303543K (92%)
ptolemy.util.test.WatchDog.cancel(): canceling Fri Apr 12 04:01:17 UTC 2019
------------------ testing $PTII/ptolemy/domains/de/test/auto/ModalModel.xml
auto.tcl: Setting watchdog for 200 seconds at Fri Apr 12 04:01:18 UTC 2019
224 ms. Memory: 331264K Free: 248352K (75%)
ptolemy.util.test.WatchDog.cancel(): canceling Fri Apr 12 04:01:18 UTC 2019
auto.tcl: Setting watchdog for 200 seconds at Fri Apr 12 04:01:18 UTC 2019
197 ms. Memory: 331264K Free: 191571K (58%)
ptolemy.util.test.WatchDog.cancel(): canceling Fri Apr 12 04:01:18 UTC 2019
------------------ testing $PTII/ptolemy/domains/de/test/auto/ModalSource.xml
auto.tcl: Setting watchdog for 200 seconds at Fri Apr 12 04:01:18 UTC 2019
12 ms. Memory: 331264K Free: 316892K (96%)
ptolemy.util.test.WatchDog.cancel(): canceling Fri Apr 12 04:01:18 UTC 2019
auto.tcl: Setting watchdog for 200 seconds at Fri Apr 12 04:01:18 UTC 2019
7 ms. Memory: 331264K Free: 313639K (95%)
ptolemy.util.test.WatchDog.cancel(): canceling Fri Apr 12 04:01:18 UTC 2019
------------------ testing $PTII/ptolemy/domains/de/test/auto/NonInterruptibleTimerZeroDelay.xml
auto.tcl: Setting watchdog for 200 seconds at Fri Apr 12 04:01:18 UTC 2019
4 ms. Memory: 331264K Free: 321236K (97%)
ptolemy.util.test.WatchDog.cancel(): canceling Fri Apr 12 04:01:18 UTC 2019
auto.tcl: Setting watchdog for 200 seconds at Fri Apr 12 04:01:18 UTC 2019
3 ms. Memory: 331264K Free: 317983K (96%)
ptolemy.util.test.WatchDog.cancel(): canceling Fri Apr 12 04:01:18 UTC 2019
------------------ testing $PTII/ptolemy/domains/de/test/auto/OpenQueueingNetwork.xml
auto.tcl: Setting watchdog for 200 seconds at Fri Apr 12 04:01:18 UTC 2019
3051 ms. Memory: 573952K Free: 406312K (71%)
ptolemy.util.test.WatchDog.cancel(): canceling Fri Apr 12 04:01:21 UTC 2019
auto.tcl: Setting watchdog for 200 seconds at Fri Apr 12 04:01:21 UTC 2019
2679 ms. Memory: 550912K Free: 271599K (49%)
ptolemy.util.test.WatchDog.cancel(): canceling Fri Apr 12 04:01:24 UTC 2019
------------------ testing $PTII/ptolemy/domains/de/test/auto/OpenQueuingNetwork.xml
auto.tcl: Setting watchdog for 200 seconds at Fri Apr 12 04:01:24 UTC 2019
254 ms. Memory: 549888K Free: 445571K (81%)
ptolemy.util.test.WatchDog.cancel(): canceling Fri Apr 12 04:01:25 UTC 2019
auto.tcl: Setting watchdog for 200 seconds at Fri Apr 12 04:01:25 UTC 2019
252 ms. Memory: 549888K Free: 386497K (70%)
ptolemy.util.test.WatchDog.cancel(): canceling Fri Apr 12 04:01:25 UTC 2019
------------------ testing $PTII/ptolemy/domains/de/test/auto/PeriodicSampler.xml
auto.tcl: Setting watchdog for 200 seconds at Fri Apr 12 04:01:25 UTC 2019
2 ms. Memory: 551936K Free: 530547K (96%)
ptolemy.util.test.WatchDog.cancel(): canceling Fri Apr 12 04:01:25 UTC 2019
auto.tcl: Setting watchdog for 200 seconds at Fri Apr 12 04:01:25 UTC 2019
2 ms. Memory: 551936K Free: 530547K (96%)
ptolemy.util.test.WatchDog.cancel(): canceling Fri Apr 12 04:01:25 UTC 2019
------------------ testing $PTII/ptolemy/domains/de/test/auto/PersistentIO.xml
auto.tcl: Setting watchdog for 200 seconds at Fri Apr 12 04:01:25 UTC 2019
9 ms. Memory: 549376K Free: 522566K (95%)
ptolemy.util.test.WatchDog.cancel(): canceling Fri Apr 12 04:01:25 UTC 2019
auto.tcl: Setting watchdog for 200 seconds at Fri Apr 12 04:01:25 UTC 2019
3 ms. Memory: 549376K Free: 522566K (95%)
ptolemy.util.test.WatchDog.cancel(): canceling Fri Apr 12 04:01:25 UTC 2019
------------------ testing $PTII/ptolemy/domains/de/test/auto/PortParameterResetOnInitialize.xml
auto.tcl: Setting watchdog for 200 seconds at Fri Apr 12 04:01:25 UTC 2019
3 ms. Memory: 551424K Free: 535175K (97%)
ptolemy.util.test.WatchDog.cancel(): canceling Fri Apr 12 04:01:25 UTC 2019
auto.tcl: Setting watchdog for 200 seconds at Fri Apr 12 04:01:25 UTC 2019
2 ms. Memory: 551424K Free: 535175K (97%)
ptolemy.util.test.WatchDog.cancel(): canceling Fri Apr 12 04:01:25 UTC 2019
------------------ testing $PTII/ptolemy/domains/de/test/auto/PortParameterUpdates.xml
auto.tcl: Setting watchdog for 200 seconds at Fri Apr 12 04:01:25 UTC 2019
5 ms. Memory: 549376K Free: 533261K (97%)
ptolemy.util.test.WatchDog.cancel(): canceling Fri Apr 12 04:01:25 UTC 2019
auto.tcl: Setting watchdog for 200 seconds at Fri Apr 12 04:01:25 UTC 2019
4 ms. Memory: 549376K Free: 533261K (97%)
ptolemy.util.test.WatchDog.cancel(): canceling Fri Apr 12 04:01:25 UTC 2019
------------------ testing $PTII/ptolemy/domains/de/test/auto/QueueAndServer.xml
auto.tcl: Setting watchdog for 200 seconds at Fri Apr 12 04:01:25 UTC 2019
18 ms. Memory: 551424K Free: 535272K (97%)
ptolemy.util.test.WatchDog.cancel(): canceling Fri Apr 12 04:01:25 UTC 2019
auto.tcl: Setting watchdog for 200 seconds at Fri Apr 12 04:01:25 UTC 2019
7 ms. Memory: 551424K Free: 528708K (96%)
ptolemy.util.test.WatchDog.cancel(): canceling Fri Apr 12 04:01:25 UTC 2019
------------------ testing $PTII/ptolemy/domains/de/test/auto/Records.xml
auto.tcl: Setting watchdog for 200 seconds at Fri Apr 12 04:01:25 UTC 2019
5 ms. Memory: 549376K Free: 533166K (97%)
ptolemy.util.test.WatchDog.cancel(): canceling Fri Apr 12 04:01:25 UTC 2019
auto.tcl: Setting watchdog for 200 seconds at Fri Apr 12 04:01:25 UTC 2019
2 ms. Memory: 549376K Free: 533166K (97%)
ptolemy.util.test.WatchDog.cancel(): canceling Fri Apr 12 04:01:25 UTC 2019
------------------ testing $PTII/ptolemy/domains/de/test/auto/ResetTransitionWithStartTime1.xml
auto.tcl: Setting watchdog for 200 seconds at Fri Apr 12 04:01:25 UTC 2019
6 ms. Memory: 551424K Free: 535239K (97%)
ptolemy.util.test.WatchDog.cancel(): canceling Fri Apr 12 04:01:25 UTC 2019
auto.tcl: Setting watchdog for 200 seconds at Fri Apr 12 04:01:25 UTC 2019
6 ms. Memory: 551424K Free: 528675K (96%)
ptolemy.util.test.WatchDog.cancel(): canceling Fri Apr 12 04:01:25 UTC 2019
------------------ testing $PTII/ptolemy/domains/de/test/auto/ResetTransitionWithStartTime2.xml
auto.tcl: Setting watchdog for 200 seconds at Fri Apr 12 04:01:25 UTC 2019
5 ms. Memory: 549376K Free: 533182K (97%)
ptolemy.util.test.WatchDog.cancel(): canceling Fri Apr 12 04:01:25 UTC 2019
auto.tcl: Setting watchdog for 200 seconds at Fri Apr 12 04:01:25 UTC 2019
7 ms. Memory: 549376K Free: 526619K (96%)
ptolemy.util.test.WatchDog.cancel(): canceling Fri Apr 12 04:01:25 UTC 2019
------------------ testing $PTII/ptolemy/domains/de/test/auto/ResetTransitionWithStartTime3.xml
auto.tcl: Setting watchdog for 200 seconds at Fri Apr 12 04:01:25 UTC 2019
6 ms. Memory: 550912K Free: 534717K (97%)
ptolemy.util.test.WatchDog.cancel(): canceling Fri Apr 12 04:01:25 UTC 2019
auto.tcl: Setting watchdog for 200 seconds at Fri Apr 12 04:01:25 UTC 2019
6 ms. Memory: 550912K Free: 528153K (96%)
ptolemy.util.test.WatchDog.cancel(): canceling Fri Apr 12 04:01:25 UTC 2019
------------------ testing $PTII/ptolemy/domains/de/test/auto/ResetTransitionWithStartTime4.xml
auto.tcl: Setting watchdog for 200 seconds at Fri Apr 12 04:01:26 UTC 2019
4 ms. Memory: 549376K Free: 533179K (97%)
ptolemy.util.test.WatchDog.cancel(): canceling Fri Apr 12 04:01:26 UTC 2019
auto.tcl: Setting watchdog for 200 seconds at Fri Apr 12 04:01:26 UTC 2019
4 ms. Memory: 549376K Free: 526612K (96%)
ptolemy.util.test.WatchDog.cancel(): canceling Fri Apr 12 04:01:26 UTC 2019
------------------ testing $PTII/ptolemy/domains/de/test/auto/ResettableTimer1.xml
auto.tcl: Setting watchdog for 200 seconds at Fri Apr 12 04:01:26 UTC 2019
3 ms. Memory: 550912K Free: 534710K (97%)
ptolemy.util.test.WatchDog.cancel(): canceling Fri Apr 12 04:01:26 UTC 2019
auto.tcl: Setting watchdog for 200 seconds at Fri Apr 12 04:01:26 UTC 2019
2 ms. Memory: 550912K Free: 534710K (97%)
ptolemy.util.test.WatchDog.cancel(): canceling Fri Apr 12 04:01:26 UTC 2019
------------------ testing $PTII/ptolemy/domains/de/test/auto/ResettableTimer2.xml
auto.tcl: Setting watchdog for 200 seconds at Fri Apr 12 04:01:26 UTC 2019
2 ms. Memory: 549376K Free: 533775K (97%)
ptolemy.util.test.WatchDog.cancel(): canceling Fri Apr 12 04:01:26 UTC 2019
auto.tcl: Setting watchdog for 200 seconds at Fri Apr 12 04:01:26 UTC 2019
2 ms. Memory: 549376K Free: 533775K (97%)
ptolemy.util.test.WatchDog.cancel(): canceling Fri Apr 12 04:01:26 UTC 2019
------------------ testing $PTII/ptolemy/domains/de/test/auto/ResettableTimer3.xml
auto.tcl: Setting watchdog for 200 seconds at Fri Apr 12 04:01:26 UTC 2019
1 ms. Memory: 550912K Free: 534767K (97%)
ptolemy.util.test.WatchDog.cancel(): canceling Fri Apr 12 04:01:26 UTC 2019
auto.tcl: Setting watchdog for 200 seconds at Fri Apr 12 04:01:26 UTC 2019
1 ms. Memory: 550912K Free: 534767K (97%)
ptolemy.util.test.WatchDog.cancel(): canceling Fri Apr 12 04:01:26 UTC 2019
------------------ testing $PTII/ptolemy/domains/de/test/auto/ResettableTimer4.xml
auto.tcl: Setting watchdog for 200 seconds at Fri Apr 12 04:01:26 UTC 2019
1 ms. Memory: 549376K Free: 533788K (97%)
ptolemy.util.test.WatchDog.cancel(): canceling Fri Apr 12 04:01:26 UTC 2019
auto.tcl: Setting watchdog for 200 seconds at Fri Apr 12 04:01:26 UTC 2019
1 ms. Memory: 549376K Free: 533788K (97%)
ptolemy.util.test.WatchDog.cancel(): canceling Fri Apr 12 04:01:26 UTC 2019
------------------ testing $PTII/ptolemy/domains/de/test/auto/ResettableTimer5.xml
auto.tcl: Setting watchdog for 200 seconds at Fri Apr 12 04:01:26 UTC 2019
2 ms. Memory: 550400K Free: 534810K (97%)
ptolemy.util.test.WatchDog.cancel(): canceling Fri Apr 12 04:01:26 UTC 2019
auto.tcl: Setting watchdog for 200 seconds at Fri Apr 12 04:01:26 UTC 2019
2 ms. Memory: 550400K Free: 534810K (97%)
ptolemy.util.test.WatchDog.cancel(): canceling Fri Apr 12 04:01:26 UTC 2019
------------------ testing $PTII/ptolemy/domains/de/test/auto/ResettableTimer6.xml
auto.tcl: Setting watchdog for 200 seconds at Fri Apr 12 04:01:26 UTC 2019
2 ms. Memory: 549376K Free: 528512K (96%)
ptolemy.util.test.WatchDog.cancel(): canceling Fri Apr 12 04:01:26 UTC 2019
auto.tcl: Setting watchdog for 200 seconds at Fri Apr 12 04:01:26 UTC 2019
2 ms. Memory: 549376K Free: 528512K (96%)
ptolemy.util.test.WatchDog.cancel(): canceling Fri Apr 12 04:01:26 UTC 2019
------------------ testing $PTII/ptolemy/domains/de/test/auto/ServerZeroDelay.xml
auto.tcl: Setting watchdog for 200 seconds at Fri Apr 12 04:01:26 UTC 2019
5 ms. Memory: 550400K Free: 534750K (97%)
ptolemy.util.test.WatchDog.cancel(): canceling Fri Apr 12 04:01:26 UTC 2019
auto.tcl: Setting watchdog for 200 seconds at Fri Apr 12 04:01:26 UTC 2019
2 ms. Memory: 550400K Free: 534750K (97%)
ptolemy.util.test.WatchDog.cancel(): canceling Fri Apr 12 04:01:26 UTC 2019
------------------ testing $PTII/ptolemy/domains/de/test/auto/SmartSender.xml
auto.tcl: Setting watchdog for 200 seconds at Fri Apr 12 04:01:26 UTC 2019
3001 ms. Memory: 549376K Free: 529042K (96%)
ptolemy.util.test.WatchDog.cancel(): canceling Fri Apr 12 04:01:29 UTC 2019
auto.tcl: Setting watchdog for 200 seconds at Fri Apr 12 04:01:29 UTC 2019
3001 ms. Memory: 549376K Free: 529042K (96%)
ptolemy.util.test.WatchDog.cancel(): canceling Fri Apr 12 04:01:32 UTC 2019
------------------ testing $PTII/ptolemy/domains/de/test/auto/ThreadedComposite.xml
auto.tcl: Setting watchdog for 200 seconds at Fri Apr 12 04:01:32 UTC 2019
292 ms. Memory: 550400K Free: 513613K (93%)
ptolemy.util.test.WatchDog.cancel(): canceling Fri Apr 12 04:01:32 UTC 2019
auto.tcl: Setting watchdog for 200 seconds at Fri Apr 12 04:01:32 UTC 2019
218 ms. Memory: 550400K Free: 488330K (89%)
ptolemy.util.test.WatchDog.cancel(): canceling Fri Apr 12 04:01:33 UTC 2019
------------------ testing $PTII/ptolemy/domains/de/test/auto/Time.xml
auto.tcl: Setting watchdog for 200 seconds at Fri Apr 12 04:01:33 UTC 2019
586 ms. Memory: 549376K Free: 476746K (87%)
ptolemy.util.test.WatchDog.cancel(): canceling Fri Apr 12 04:01:33 UTC 2019
auto.tcl: Setting watchdog for 200 seconds at Fri Apr 12 04:01:33 UTC 2019
496 ms. Memory: 549376K Free: 417672K (76%)
ptolemy.util.test.WatchDog.cancel(): canceling Fri Apr 12 04:01:34 UTC 2019
------------------ testing $PTII/ptolemy/domains/de/test/auto/TimeDelayZeroDelay.xml
auto.tcl: Setting watchdog for 200 seconds at Fri Apr 12 04:01:34 UTC 2019
2 ms. Memory: 550400K Free: 534123K (97%)
ptolemy.util.test.WatchDog.cancel(): canceling Fri Apr 12 04:01:34 UTC 2019
auto.tcl: Setting watchdog for 200 seconds at Fri Apr 12 04:01:34 UTC 2019
3 ms. Memory: 550400K Free: 534123K (97%)
ptolemy.util.test.WatchDog.cancel(): canceling Fri Apr 12 04:01:34 UTC 2019
------------------ testing $PTII/ptolemy/domains/de/test/auto/TimerZeroDelay.xml
auto.tcl: Setting watchdog for 200 seconds at Fri Apr 12 04:01:34 UTC 2019
2 ms. Memory: 549376K Free: 533685K (97%)
ptolemy.util.test.WatchDog.cancel(): canceling Fri Apr 12 04:01:34 UTC 2019
auto.tcl: Setting watchdog for 200 seconds at Fri Apr 12 04:01:34 UTC 2019
2 ms. Memory: 549376K Free: 533685K (97%)
ptolemy.util.test.WatchDog.cancel(): canceling Fri Apr 12 04:01:34 UTC 2019
------------------ testing $PTII/ptolemy/domains/de/test/auto/TimingParadox.xml
auto.tcl: Setting watchdog for 200 seconds at Fri Apr 12 04:01:34 UTC 2019
318 ms. Memory: 549888K Free: 463357K (84%)
ptolemy.util.test.WatchDog.cancel(): canceling Fri Apr 12 04:01:34 UTC 2019
auto.tcl: Setting watchdog for 200 seconds at Fri Apr 12 04:01:34 UTC 2019
313 ms. Memory: 549888K Free: 423974K (77%)
ptolemy.util.test.WatchDog.cancel(): canceling Fri Apr 12 04:01:35 UTC 2019
------------------ testing $PTII/ptolemy/domains/de/test/auto/TransferInputs.xml
auto.tcl: Setting watchdog for 200 seconds at Fri Apr 12 04:01:35 UTC 2019
9 ms. Memory: 549888K Free: 533158K (97%)
ptolemy.util.test.WatchDog.cancel(): canceling Fri Apr 12 04:01:35 UTC 2019
auto.tcl: Setting watchdog for 200 seconds at Fri Apr 12 04:01:35 UTC 2019
2 ms. Memory: 549888K Free: 533158K (97%)
ptolemy.util.test.WatchDog.cancel(): canceling Fri Apr 12 04:01:35 UTC 2019
------------------ testing $PTII/ptolemy/domains/de/test/auto/TransferOutputs2.xml
auto.tcl: Setting watchdog for 200 seconds at Fri Apr 12 04:01:35 UTC 2019
3 ms. Memory: 549376K Free: 522488K (95%)
ptolemy.util.test.WatchDog.cancel(): canceling Fri Apr 12 04:01:35 UTC 2019
auto.tcl: Setting watchdog for 200 seconds at Fri Apr 12 04:01:35 UTC 2019
3 ms. Memory: 549376K Free: 522488K (95%)
ptolemy.util.test.WatchDog.cancel(): canceling Fri Apr 12 04:01:35 UTC 2019
------------------ testing $PTII/ptolemy/domains/de/test/auto/Trilateration.xml
auto.tcl: Setting watchdog for 200 seconds at Fri Apr 12 04:01:35 UTC 2019
13957 ms. Memory: 766976K Free: 187952K (25%)
ptolemy.util.test.WatchDog.cancel(): canceling Fri Apr 12 04:01:50 UTC 2019
auto.tcl: Setting watchdog for 200 seconds at Fri Apr 12 04:01:50 UTC 2019
11460 ms. Memory: 623104K Free: 576425K (93%)
ptolemy.util.test.WatchDog.cancel(): canceling Fri Apr 12 04:02:02 UTC 2019
------------------ testing $PTII/ptolemy/domains/de/test/auto/TwoSigmaDelta.xml
auto.tcl: Setting watchdog for 200 seconds at Fri Apr 12 04:02:02 UTC 2019
2919 ms. Memory: 619520K Free: 315036K (51%)
ptolemy.util.test.WatchDog.cancel(): canceling Fri Apr 12 04:02:05 UTC 2019
auto.tcl: Setting watchdog for 200 seconds at Fri Apr 12 04:02:05 UTC 2019
2185 ms. Memory: 619520K Free: 88153K (14%)
ptolemy.util.test.WatchDog.cancel(): canceling Fri Apr 12 04:02:07 UTC 2019
------------------ testing $PTII/ptolemy/domains/de/test/auto/VariableDelay.xml
auto.tcl: Setting watchdog for 200 seconds at Fri Apr 12 04:02:07 UTC 2019
2 ms. Memory: 623104K Free: 604500K (97%)
ptolemy.util.test.WatchDog.cancel(): canceling Fri Apr 12 04:02:07 UTC 2019
auto.tcl: Setting watchdog for 200 seconds at Fri Apr 12 04:02:07 UTC 2019
1 ms. Memory: 623104K Free: 604500K (97%)
ptolemy.util.test.WatchDog.cancel(): canceling Fri Apr 12 04:02:07 UTC 2019
------------------ testing $PTII/ptolemy/domains/de/test/auto/VariableDelay2.xml
auto.tcl: Setting watchdog for 200 seconds at Fri Apr 12 04:02:07 UTC 2019
2 ms. Memory: 619520K Free: 601402K (97%)
ptolemy.util.test.WatchDog.cancel(): canceling Fri Apr 12 04:02:07 UTC 2019
auto.tcl: Setting watchdog for 200 seconds at Fri Apr 12 04:02:07 UTC 2019
2 ms. Memory: 619520K Free: 601402K (97%)
ptolemy.util.test.WatchDog.cancel(): canceling Fri Apr 12 04:02:07 UTC 2019
------------------ testing $PTII/ptolemy/domains/de/test/auto/VariableDelayZeroDelay.xml
auto.tcl: Setting watchdog for 200 seconds at Fri Apr 12 04:02:07 UTC 2019
2 ms. Memory: 622592K Free: 599092K (96%)
ptolemy.util.test.WatchDog.cancel(): canceling Fri Apr 12 04:02:07 UTC 2019
auto.tcl: Setting watchdog for 200 seconds at Fri Apr 12 04:02:07 UTC 2019
2 ms. Memory: 622592K Free: 599092K (96%)
ptolemy.util.test.WatchDog.cancel(): canceling Fri Apr 12 04:02:07 UTC 2019
------------------ testing $PTII/ptolemy/domains/de/test/auto/VariableDelayZeroDelay2.xml
auto.tcl: Setting watchdog for 200 seconds at Fri Apr 12 04:02:07 UTC 2019
3 ms. Memory: 619520K Free: 596018K (96%)
ptolemy.util.test.WatchDog.cancel(): canceling Fri Apr 12 04:02:07 UTC 2019
auto.tcl: Setting watchdog for 200 seconds at Fri Apr 12 04:02:07 UTC 2019
2 ms. Memory: 619520K Free: 596018K (96%)
ptolemy.util.test.WatchDog.cancel(): canceling Fri Apr 12 04:02:07 UTC 2019
------------------ testing $PTII/ptolemy/domains/de/test/auto/deInCt.xml
auto.tcl: Setting watchdog for 200 seconds at Fri Apr 12 04:02:07 UTC 2019
0
1
1
1
1
1
1
1
1
1
1
0
0
0
0
1
1
1
1
0
0
0
1
1
1
17 ms. Memory: 622080K Free: 598502K (96%)
ptolemy.util.test.WatchDog.cancel(): canceling Fri Apr 12 04:02:07 UTC 2019
auto.tcl: Setting watchdog for 200 seconds at Fri Apr 12 04:02:07 UTC 2019
0
1
1
1
0
0
0
1
1
1
0
0
0
1
1
1
1
1
1
1
1
1
0
0
0
1
1
1
5 ms. Memory: 622080K Free: 598502K (96%)
ptolemy.util.test.WatchDog.cancel(): canceling Fri Apr 12 04:02:07 UTC 2019
------------------ testing $PTII/ptolemy/domains/de/test/auto/deInCt2.xml
auto.tcl: Setting watchdog for 200 seconds at Fri Apr 12 04:02:07 UTC 2019
0
1
1
1
0
0
1
1
1
0
0
1
1
1
0
0
1
1
1
0
0
1
1
1
0
0
1
1
1
0
0
1
1
1
0
0
1
1
1
0
0
0
12 ms. Memory: 619520K Free: 595941K (96%)
ptolemy.util.test.WatchDog.cancel(): canceling Fri Apr 12 04:02:07 UTC 2019
auto.tcl: Setting watchdog for 200 seconds at Fri Apr 12 04:02:07 UTC 2019
0
1
1
1
0
0
1
1
1
0
0
1
1
1
0
0
1
1
1
0
0
1
1
1
0
0
1
1
1
0
0
1
1
1
0
0
1
1
1
0
0
0
12 ms. Memory: 619520K Free: 595941K (96%)
ptolemy.util.test.WatchDog.cancel(): canceling Fri Apr 12 04:02:07 UTC 2019
------------------ testing $PTII/ptolemy/domains/de/test/auto/dynamicCausalityInterface1.xml
auto.tcl: Setting watchdog for 200 seconds at Fri Apr 12 04:02:07 UTC 2019
1 ms. Memory: 621568K Free: 595206K (96%)
ptolemy.util.test.WatchDog.cancel(): canceling Fri Apr 12 04:02:07 UTC 2019
auto.tcl: Setting watchdog for 200 seconds at Fri Apr 12 04:02:07 UTC 2019
1 ms. Memory: 621568K Free: 595206K (96%)
ptolemy.util.test.WatchDog.cancel(): canceling Fri Apr 12 04:02:07 UTC 2019
------------------ testing $PTII/ptolemy/domains/de/test/auto/fsm_de_test.xml
auto.tcl: Setting watchdog for 200 seconds at Fri Apr 12 04:02:07 UTC 2019
8 ms. Memory: 619520K Free: 595904K (96%)
ptolemy.util.test.WatchDog.cancel(): canceling Fri Apr 12 04:02:08 UTC 2019
auto.tcl: Setting watchdog for 200 seconds at Fri Apr 12 04:02:08 UTC 2019
6 ms. Memory: 619520K Free: 587680K (95%)
ptolemy.util.test.WatchDog.cancel(): canceling Fri Apr 12 04:02:08 UTC 2019
------------------ testing $PTII/ptolemy/domains/de/test/auto/functionDependencyReconstruction.xml
auto.tcl: Setting watchdog for 200 seconds at Fri Apr 12 04:02:08 UTC 2019
5 ms. Memory: 621568K Free: 589711K (95%)
ptolemy.util.test.WatchDog.cancel(): canceling Fri Apr 12 04:02:08 UTC 2019
auto.tcl: Setting watchdog for 200 seconds at Fri Apr 12 04:02:08 UTC 2019
2 ms. Memory: 621568K Free: 589711K (95%)
ptolemy.util.test.WatchDog.cancel(): canceling Fri Apr 12 04:02:08 UTC 2019
------------------ testing $PTII/ptolemy/domains/de/test/auto/multirate.xml
auto.tcl: Setting watchdog for 200 seconds at Fri Apr 12 04:02:08 UTC 2019
3 ms. Memory: 619520K Free: 595770K (96%)
ptolemy.util.test.WatchDog.cancel(): canceling Fri Apr 12 04:02:08 UTC 2019
auto.tcl: Setting watchdog for 200 seconds at Fri Apr 12 04:02:08 UTC 2019
3 ms. Memory: 619520K Free: 595770K (96%)
ptolemy.util.test.WatchDog.cancel(): canceling Fri Apr 12 04:02:08 UTC 2019
------------------ testing $PTII/ptolemy/domains/de/test/auto/multirate2.xml
auto.tcl: Setting watchdog for 200 seconds at Fri Apr 12 04:02:08 UTC 2019
7 ms. Memory: 621056K Free: 597422K (96%)
ptolemy.util.test.WatchDog.cancel(): canceling Fri Apr 12 04:02:08 UTC 2019
auto.tcl: Setting watchdog for 200 seconds at Fri Apr 12 04:02:08 UTC 2019
3 ms. Memory: 621056K Free: 597422K (96%)
ptolemy.util.test.WatchDog.cancel(): canceling Fri Apr 12 04:02:08 UTC 2019
------------------ testing $PTII/ptolemy/domains/de/test/auto/realtime.xml
auto.tcl: Setting watchdog for 200 seconds at Fri Apr 12 04:02:08 UTC 2019
10002 ms. Memory: 619520K Free: 595885K (96%)
ptolemy.util.test.WatchDog.cancel(): canceling Fri Apr 12 04:02:18 UTC 2019
auto.tcl: Setting watchdog for 200 seconds at Fri Apr 12 04:02:18 UTC 2019
10003 ms. Memory: 619520K Free: 595885K (96%)
ptolemy.util.test.WatchDog.cancel(): canceling Fri Apr 12 04:02:28 UTC 2019
------------------ testing $PTII/ptolemy/domains/de/test/auto/relationGroup.xml
auto.tcl: Setting watchdog for 200 seconds at Fri Apr 12 04:02:28 UTC 2019
2 ms. Memory: 621056K Free: 602900K (97%)
ptolemy.util.test.WatchDog.cancel(): canceling Fri Apr 12 04:02:28 UTC 2019
auto.tcl: Setting watchdog for 200 seconds at Fri Apr 12 04:02:28 UTC 2019
2 ms. Memory: 621056K Free: 602900K (97%)
ptolemy.util.test.WatchDog.cancel(): canceling Fri Apr 12 04:02:28 UTC 2019
------------------ testing $PTII/ptolemy/domains/de/test/auto/relationGroup2.xml
auto.tcl: Setting watchdog for 200 seconds at Fri Apr 12 04:02:28 UTC 2019
1 ms. Memory: 619520K Free: 596009K (96%)
ptolemy.util.test.WatchDog.cancel(): canceling Fri Apr 12 04:02:28 UTC 2019
auto.tcl: Setting watchdog for 200 seconds at Fri Apr 12 04:02:28 UTC 2019
1 ms. Memory: 619520K Free: 596009K (96%)
ptolemy.util.test.WatchDog.cancel(): canceling Fri Apr 12 04:02:28 UTC 2019
------------------ testing $PTII/ptolemy/domains/de/test/auto/sortWithOpaquePorts.xml
auto.tcl: Setting watchdog for 200 seconds at Fri Apr 12 04:02:28 UTC 2019
2 ms. Memory: 620544K Free: 597034K (96%)
ptolemy.util.test.WatchDog.cancel(): canceling Fri Apr 12 04:02:28 UTC 2019
auto.tcl: Setting watchdog for 200 seconds at Fri Apr 12 04:02:28 UTC 2019
2 ms. Memory: 620544K Free: 597034K (96%)
ptolemy.util.test.WatchDog.cancel(): canceling Fri Apr 12 04:02:28 UTC 2019
------------------ testing $PTII/ptolemy/domains/de/test/auto/transferInputsandOutputs.xml
auto.tcl: Setting watchdog for 200 seconds at Fri Apr 12 04:02:28 UTC 2019
1 ms. Memory: 619520K Free: 595997K (96%)
ptolemy.util.test.WatchDog.cancel(): canceling Fri Apr 12 04:02:28 UTC 2019
auto.tcl: Setting watchdog for 200 seconds at Fri Apr 12 04:02:28 UTC 2019
1 ms. Memory: 619520K Free: 595997K (96%)
ptolemy.util.test.WatchDog.cancel(): canceling Fri Apr 12 04:02:28 UTC 2019
------------------ testing $PTII/ptolemy/domains/de/test/auto/triggerType.xml
auto.tcl: Setting watchdog for 200 seconds at Fri Apr 12 04:02:28 UTC 2019
2 ms. Memory: 620544K Free: 596972K (96%)
ptolemy.util.test.WatchDog.cancel(): canceling Fri Apr 12 04:02:28 UTC 2019
auto.tcl: Setting watchdog for 200 seconds at Fri Apr 12 04:02:28 UTC 2019
1 ms. Memory: 620544K Free: 596972K (96%)
ptolemy.util.test.WatchDog.cancel(): canceling Fri Apr 12 04:02:28 UTC 2019
04/12/19 04:02:28
Failed: 0  Total Tests: 192  ((Passed: 187, Newly Passed: 1)  Known Failed: 5) /home/travis/build/icyphy/ptII/ptolemy/domains/de/test
04/12/19 04:02:28
Failed: 0  Total Tests: 192  ((Passed: 187, Newly Passed: 1)  Known Failed: 5) /home/travis/build/icyphy/ptII/ptolemy/domains/de/test
----------------- testing (KnownFailure) /home/travis/build/icyphy/ptII/ptolemy/domains/de/test/auto/knownFailedTests/DESDFClockTest.xml
2012 ms. Memory: 619520K Free: 585238K (94%)
Known Failure: java.lang.reflect.InvocationTargetException
----------------- testing (KnownFailure) /home/travis/build/icyphy/ptII/ptolemy/domains/de/test/auto/knownFailedTests/DirectFeedback.xml
1 ms. Memory: 619520K Free: 542189K (88%)
Known Failure: java.lang.reflect.InvocationTargetException
----------------- testing (KnownFailure) /home/travis/build/icyphy/ptII/ptolemy/domains/de/test/auto/knownFailedTests/FSMSource.xml
6 ms. Memory: 619520K Free: 499140K (81%)
----------------- testing (KnownFailure) /home/travis/build/icyphy/ptII/ptolemy/domains/de/test/auto/knownFailedTests/HierarchicalModel.xml
2 ms. Memory: 619520K Free: 466765K (75%)
Known Failure: java.lang.reflect.InvocationTargetException
----------------- testing (KnownFailure) /home/travis/build/icyphy/ptII/ptolemy/domains/de/test/auto/knownFailedTests/dependencyLoop.xml
1 ms. Memory: 619520K Free: 412937K (67%)
Known Failure: java.lang.reflect.InvocationTargetException
----------------- testing (KnownFailure) /home/travis/build/icyphy/ptII/ptolemy/domains/de/test/auto/knownFailedTests/dependencyLoop2.xml
4 ms. Memory: 619520K Free: 359110K (58%)
Known Failure: java.lang.reflect.InvocationTargetException
No auto/linux-amd64/*.xml tests in /home/travis/build/icyphy/ptII/ptolemy/domains/de/test
AutoTests.java: About to close Vertx.
AutoTests.java: Vertx closed.

===========================================================================================
----------------- testing Fri Apr 12 04:02:30 UTC 2019 /home/travis/build/icyphy/ptII/ptolemy/domains/de/test/auto/ActorDepthCalculation_actorWithoutPorts.xml
----------------- Instantiating /home/travis/build/icyphy/ptII/ptolemy/domains/de/test/auto/ActorDepthCalculation_actorWithoutPorts.xml
1 ms. Memory: 619520K Free: 305298K (49%)
----------------- Invoking toplevel() on ptolemy.moml.MoMLSimpleApplication@4df848f9
----------------- Done invoking toplevel() on ptolemy.moml.MoMLSimpleApplication@4df848f9
reloadAllAccessors: .ActorDepthCalculation_actorWithoutPorts

===========================================================================================
----------------- testing Fri Apr 12 04:02:30 UTC 2019 /home/travis/build/icyphy/ptII/ptolemy/domains/de/test/auto/AssemblyLine.xml
----------------- Instantiating /home/travis/build/icyphy/ptII/ptolemy/domains/de/test/auto/AssemblyLine.xml
2 ms. Memory: 619520K Free: 283774K (46%)
----------------- Invoking toplevel() on ptolemy.moml.MoMLSimpleApplication@3bf53df
----------------- Done invoking toplevel() on ptolemy.moml.MoMLSimpleApplication@3bf53df
reloadAllAccessors: .AssemblyLine

===========================================================================================
----------------- testing Fri Apr 12 04:02:30 UTC 2019 /home/travis/build/icyphy/ptII/ptolemy/domains/de/test/auto/CQBug1.xml
----------------- Instantiating /home/travis/build/icyphy/ptII/ptolemy/domains/de/test/auto/CQBug1.xml
1 ms. Memory: 619520K Free: 262249K (42%)
----------------- Invoking toplevel() on ptolemy.moml.MoMLSimpleApplication@7b42c024
----------------- Done invoking toplevel() on ptolemy.moml.MoMLSimpleApplication@7b42c024
reloadAllAccessors: .CQBug1

===========================================================================================
----------------- testing Fri Apr 12 04:02:30 UTC 2019 /home/travis/build/icyphy/ptII/ptolemy/domains/de/test/auto/CancelFireAt.xml
----------------- Instantiating /home/travis/build/icyphy/ptII/ptolemy/domains/de/test/auto/CancelFireAt.xml
2 ms. Memory: 619520K Free: 240725K (39%)
----------------- Invoking toplevel() on ptolemy.moml.MoMLSimpleApplication@62c0694a
----------------- Done invoking toplevel() on ptolemy.moml.MoMLSimpleApplication@62c0694a
reloadAllAccessors: .CancelFireAt

===========================================================================================
----------------- testing Fri Apr 12 04:02:30 UTC 2019 /home/travis/build/icyphy/ptII/ptolemy/domains/de/test/auto/CausalityAndComposabilityAnalysis.xml
----------------- Instantiating /home/travis/build/icyphy/ptII/ptolemy/domains/de/test/auto/CausalityAndComposabilityAnalysis.xml
1 ms. Memory: 619520K Free: 219200K (35%)
----------------- Invoking toplevel() on ptolemy.moml.MoMLSimpleApplication@abf2f5e
----------------- Done invoking toplevel() on ptolemy.moml.MoMLSimpleApplication@abf2f5e
reloadAllAccessors: .CausalityAndComposabilityAnalysis

===========================================================================================
----------------- testing Fri Apr 12 04:02:30 UTC 2019 /home/travis/build/icyphy/ptII/ptolemy/domains/de/test/auto/CausalityInterface1.xml
----------------- Instantiating /home/travis/build/icyphy/ptII/ptolemy/domains/de/test/auto/CausalityInterface1.xml
5 ms. Memory: 619520K Free: 197676K (32%)
----------------- Invoking toplevel() on ptolemy.moml.MoMLSimpleApplication@60c37845
----------------- Done invoking toplevel() on ptolemy.moml.MoMLSimpleApplication@60c37845
reloadAllAccessors: .CausalityInterface1

===========================================================================================
----------------- testing Fri Apr 12 04:02:30 UTC 2019 /home/travis/build/icyphy/ptII/ptolemy/domains/de/test/auto/CausalityInterface15.xml
----------------- Instantiating /home/travis/build/icyphy/ptII/ptolemy/domains/de/test/auto/CausalityInterface15.xml
8 ms. Memory: 619520K Free: 176151K (28%)
----------------- Invoking toplevel() on ptolemy.moml.MoMLSimpleApplication@69c30746
----------------- Done invoking toplevel() on ptolemy.moml.MoMLSimpleApplication@69c30746
reloadAllAccessors: .CausalityInterface15

===========================================================================================
[...]
java.lang.RuntimeException: Execution failed
	at ptolemy.moml.MoMLSimpleApplication$UnloadThread.run(MoMLSimpleApplication.java:402)
Caused by: ptolemy.kernel.util.IllegalActionException: Test fails in iteration 1.
Value was: 1.0. Should have been: 2.0
  in .DirectFeedback.Test
	at ptolemy.actor.lib.Test.fire(Test.java:268)
	at ptolemy.domains.de.kernel.DEDirector._fire(DEDirector.java:1949)
	at ptolemy.domains.de.kernel.DEDirector.fire(DEDirector.java:502)
	at ptolemy.actor.CompositeActor.fire(CompositeActor.java:455)
	at ptolemy.actor.Manager.iterate(Manager.java:851)
	at ptolemy.actor.Manager.execute(Manager.java:369)
	at ptolemy.actor.Manager.run(Manager.java:1263)
	at ptolemy.actor.Manager$PtolemyRunThread.run(Manager.java:1915)
java.lang.RuntimeException: Execution failed
	at ptolemy.moml.MoMLSimpleApplication$UnloadThread.run(MoMLSimpleApplication.java:402)
Caused by: ptolemy.kernel.util.IllegalActionException: Actor is not ready to fire.  Perhaps UpSample.prefire() returned false? Try debugging the actor by selecting "Listen to Actor".  Also, for SDF check moml for tokenConsumptionRate on input.
  in .DESDFClockTest.Play Bell.Copy1:SDF Director and .DESDFClockTest.Play Bell.UpSample
	at ptolemy.actor.sched.StaticSchedulingDirector.fire(StaticSchedulingDirector.java:227)
	at ptolemy.domains.sdf.kernel.SDFDirector.fire(SDFDirector.java:500)
	at ptolemy.actor.CompositeActor.fire(CompositeActor.java:455)
	at ptolemy.domains.de.kernel.DEDirector._fire(DEDirector.java:1949)
	at ptolemy.domains.de.kernel.DEDirector.fire(DEDirector.java:502)
	at ptolemy.actor.CompositeActor.fire(CompositeActor.java:455)
	at ptolemy.actor.Manager.iterate(Manager.java:851)
	at ptolemy.actor.Manager.execute(Manager.java:369)
	at ptolemy.actor.Manager.run(Manager.java:1263)
	at ptolemy.actor.Manager$PtolemyRunThread.run(Manager.java:1915)
java.lang.reflect.InvocationTargetException
	at sun.reflect.NativeConstructorAccessorImpl.newInstance0(Native Method)
	at sun.reflect.NativeConstructorAccessorImpl.newInstance(NativeConstructorAccessorImpl.java:62)
	at sun.reflect.DelegatingConstructorAccessorImpl.newInstance(DelegatingConstructorAccessorImpl.java:45)
	at java.lang.reflect.Constructor.newInstance(Constructor.java:423)
	at ptolemy.util.test.junit.AutoKnownFailedTests.RunModel(AutoKnownFailedTests.java:105)
	at sun.reflect.NativeMethodAccessorImpl.invoke0(Native Method)
	at sun.reflect.NativeMethodAccessorImpl.invoke(NativeMethodAccessorImpl.java:62)
	at sun.reflect.DelegatingMethodAccessorImpl.invoke(DelegatingMethodAccessorImpl.java:43)
	at java.lang.reflect.Method.invoke(Method.java:498)
	at org.junit.runners.model.FrameworkMethod$1.runReflectiveCall(FrameworkMethod.java:44)
	at org.junit.internal.runners.model.ReflectiveCallable.run(ReflectiveCallable.java:15)
	at org.junit.runners.model.FrameworkMethod.invokeExplosively(FrameworkMethod.java:41)
	at junitparams.internal.InvokeParameterisedMethod.evaluate(InvokeParameterisedMethod.java:102)
	at org.junit.internal.runners.statements.FailOnTimeout$1.run(FailOnTimeout.java:28)
Caused by: ptolemy.kernel.util.IllegalActionException: Actor is not ready to fire.  Perhaps UpSample.prefire() returned false? Try debugging the actor by selecting "Listen to Actor".  Also, for SDF check moml for tokenConsumptionRate on input.
  in .DESDFClockTest.Play Bell.Copy1:SDF Director and .DESDFClockTest.Play Bell.UpSample
	at ptolemy.actor.sched.StaticSchedulingDirector.fire(StaticSchedulingDirector.java:227)
	at ptolemy.domains.sdf.kernel.SDFDirector.fire(SDFDirector.java:500)
	at ptolemy.actor.CompositeActor.fire(CompositeActor.java:455)
	at ptolemy.domains.de.kernel.DEDirector._fire(DEDirector.java:1949)
	at ptolemy.domains.de.kernel.DEDirector.fire(DEDirector.java:502)
	at ptolemy.actor.CompositeActor.fire(CompositeActor.java:455)
	at ptolemy.actor.Manager.iterate(Manager.java:851)
	at ptolemy.actor.Manager.execute(Manager.java:369)
	at ptolemy.actor.Manager.run(Manager.java:1263)
	at ptolemy.actor.Manager$PtolemyRunThread.run(Manager.java:1915)
java.lang.RuntimeException: Execution failed
	at ptolemy.moml.MoMLSimpleApplication$UnloadThread.run(MoMLSimpleApplication.java:402)
Caused by: ptolemy.kernel.util.IllegalActionException: Test fails in iteration 1.
Value was: 1.0. Should have been: 2.0
  in .DirectFeedback.Test
	at ptolemy.actor.lib.Test.fire(Test.java:268)
	at ptolemy.domains.de.kernel.DEDirector._fire(DEDirector.java:1949)
	at ptolemy.domains.de.kernel.DEDirector.fire(DEDirector.java:502)
	at ptolemy.actor.CompositeActor.fire(CompositeActor.java:455)
	at ptolemy.actor.Manager.iterate(Manager.java:851)
	at ptolemy.actor.Manager.execute(Manager.java:369)
	at ptolemy.actor.Manager.run(Manager.java:1263)
	at ptolemy.actor.Manager$PtolemyRunThread.run(Manager.java:1915)
java.lang.reflect.InvocationTargetException
	at sun.reflect.NativeConstructorAccessorImpl.newInstance0(Native Method)
	at sun.reflect.NativeConstructorAccessorImpl.newInstance(NativeConstructorAccessorImpl.java:62)
	at sun.reflect.DelegatingConstructorAccessorImpl.newInstance(DelegatingConstructorAccessorImpl.java:45)
	at java.lang.reflect.Constructor.newInstance(Constructor.java:423)
	at ptolemy.util.test.junit.AutoKnownFailedTests.RunModel(AutoKnownFailedTests.java:105)
	at sun.reflect.NativeMethodAccessorImpl.invoke0(Native Method)
	at sun.reflect.NativeMethodAccessorImpl.invoke(NativeMethodAccessorImpl.java:62)
	at sun.reflect.DelegatingMethodAccessorImpl.invoke(DelegatingMethodAccessorImpl.java:43)
	at java.lang.reflect.Method.invoke(Method.java:498)
	at org.junit.runners.model.FrameworkMethod$1.runReflectiveCall(FrameworkMethod.java:44)
	at org.junit.internal.runners.model.ReflectiveCallable.run(ReflectiveCallable.java:15)
	at org.junit.runners.model.FrameworkMethod.invokeExplosively(FrameworkMethod.java:41)
	at junitparams.internal.InvokeParameterisedMethod.evaluate(InvokeParameterisedMethod.java:102)
	at org.junit.internal.runners.statements.FailOnTimeout$1.run(FailOnTimeout.java:28)
Caused by: ptolemy.kernel.util.IllegalActionException: Test fails in iteration 1.
Value was: 1.0. Should have been: 2.0
  in .DirectFeedback.Test
	at ptolemy.actor.lib.Test.fire(Test.java:268)
	at ptolemy.domains.de.kernel.DEDirector._fire(DEDirector.java:1949)
	at ptolemy.domains.de.kernel.DEDirector.fire(DEDirector.java:502)
	at ptolemy.actor.CompositeActor.fire(CompositeActor.java:455)
	at ptolemy.actor.Manager.iterate(Manager.java:851)
	at ptolemy.actor.Manager.execute(Manager.java:369)
	at ptolemy.actor.Manager.run(Manager.java:1263)
	at ptolemy.actor.Manager$PtolemyRunThread.run(Manager.java:1915)
java.lang.RuntimeException: Execution failed
	at ptolemy.moml.MoMLSimpleApplication$UnloadThread.run(MoMLSimpleApplication.java:402)
Caused by: ptolemy.kernel.util.IllegalActionException: Found a zero delay loop containing .HierarchicalModel.A
  in .HierarchicalModel and .HierarchicalModel.A
	at ptolemy.actor.util.CausalityInterfaceForComposites._computeOutputPortDepth(CausalityInterfaceForComposites.java:759)
	at ptolemy.actor.util.CausalityInterfaceForComposites._computeInputDepth(CausalityInterfaceForComposites.java:696)
	at ptolemy.actor.util.CausalityInterfaceForComposites._computeOutputPortDepth(CausalityInterfaceForComposites.java:765)
	at ptolemy.actor.util.CausalityInterfaceForComposites._computeInputDepth(CausalityInterfaceForComposites.java:696)
	at ptolemy.actor.util.CausalityInterfaceForComposites._computeOutputPortDepth(CausalityInterfaceForComposites.java:765)
	at ptolemy.actor.util.CausalityInterfaceForComposites._computeInputDepth(CausalityInterfaceForComposites.java:696)
	at ptolemy.actor.util.CausalityInterfaceForComposites._computeActorDepth(CausalityInterfaceForComposites.java:532)
	at ptolemy.actor.util.CausalityInterfaceForComposites.checkForCycles(CausalityInterfaceForComposites.java:96)
	at ptolemy.domains.de.kernel.DEDirector.preinitialize(DEDirector.java:1338)
	at ptolemy.actor.CompositeActor.preinitialize(CompositeActor.java:1828)
	at ptolemy.actor.Manager.preinitializeAndResolveTypes(Manager.java:1040)
	at ptolemy.actor.Manager.initialize(Manager.java:710)
	at ptolemy.actor.Manager.execute(Manager.java:356)
	at ptolemy.actor.Manager.run(Manager.java:1263)
	at ptolemy.actor.Manager$PtolemyRunThread.run(Manager.java:1915)
java.lang.reflect.InvocationTargetException
	at sun.reflect.NativeConstructorAccessorImpl.newInstance0(Native Method)
	at sun.reflect.NativeConstructorAccessorImpl.newInstance(NativeConstructorAccessorImpl.java:62)
	at sun.reflect.DelegatingConstructorAccessorImpl.newInstance(DelegatingConstructorAccessorImpl.java:45)
	at java.lang.reflect.Constructor.newInstance(Constructor.java:423)
	at ptolemy.util.test.junit.AutoKnownFailedTests.RunModel(AutoKnownFailedTests.java:105)
	at sun.reflect.NativeMethodAccessorImpl.invoke0(Native Method)
	at sun.reflect.NativeMethodAccessorImpl.invoke(NativeMethodAccessorImpl.java:62)
	at sun.reflect.DelegatingMethodAccessorImpl.invoke(DelegatingMethodAccessorImpl.java:43)
	at java.lang.reflect.Method.invoke(Method.java:498)
	at org.junit.runners.model.FrameworkMethod$1.runReflectiveCall(FrameworkMethod.java:44)
	at org.junit.internal.runners.model.ReflectiveCallable.run(ReflectiveCallable.java:15)
	at org.junit.runners.model.FrameworkMethod.invokeExplosively(FrameworkMethod.java:41)
	at junitparams.internal.InvokeParameterisedMethod.evaluate(InvokeParameterisedMethod.java:102)
	at org.junit.internal.runners.statements.FailOnTimeout$1.run(FailOnTimeout.java:28)
Caused by: ptolemy.kernel.util.IllegalActionException: Found a zero delay loop containing .HierarchicalModel.A
  in .HierarchicalModel and .HierarchicalModel.A
	at ptolemy.actor.util.CausalityInterfaceForComposites._computeOutputPortDepth(CausalityInterfaceForComposites.java:759)
	at ptolemy.actor.util.CausalityInterfaceForComposites._computeInputDepth(CausalityInterfaceForComposites.java:696)
	at ptolemy.actor.util.CausalityInterfaceForComposites._computeOutputPortDepth(CausalityInterfaceForComposites.java:765)
	at ptolemy.actor.util.CausalityInterfaceForComposites._computeInputDepth(CausalityInterfaceForComposites.java:696)
	at ptolemy.actor.util.CausalityInterfaceForComposites._computeOutputPortDepth(CausalityInterfaceForComposites.java:765)
	at ptolemy.actor.util.CausalityInterfaceForComposites._computeInputDepth(CausalityInterfaceForComposites.java:696)
	at ptolemy.actor.util.CausalityInterfaceForComposites._computeActorDepth(CausalityInterfaceForComposites.java:532)
	at ptolemy.actor.util.CausalityInterfaceForComposites.checkForCycles(CausalityInterfaceForComposites.java:96)
	at ptolemy.domains.de.kernel.DEDirector.preinitialize(DEDirector.java:1338)
	at ptolemy.actor.CompositeActor.preinitialize(CompositeActor.java:1828)
	at ptolemy.actor.Manager.preinitializeAndResolveTypes(Manager.java:1040)
	at ptolemy.actor.Manager.initialize(Manager.java:710)
	at ptolemy.actor.Manager.execute(Manager.java:356)
	at ptolemy.actor.Manager.run(Manager.java:1263)
	at ptolemy.actor.Manager$PtolemyRunThread.run(Manager.java:1915)
java.lang.RuntimeException: Execution failed
	at ptolemy.moml.MoMLSimpleApplication$UnloadThread.run(MoMLSimpleApplication.java:402)
Caused by: ptolemy.kernel.util.IllegalActionException: Found a zero delay loop containing .dependencyLoop.original
  in .dependencyLoop and .dependencyLoop.original
	at ptolemy.actor.util.CausalityInterfaceForComposites._computeOutputPortDepth(CausalityInterfaceForComposites.java:759)
	at ptolemy.actor.util.CausalityInterfaceForComposites._computeInputDepth(CausalityInterfaceForComposites.java:696)
	at ptolemy.actor.util.CausalityInterfaceForComposites._computeOutputPortDepth(CausalityInterfaceForComposites.java:765)
	at ptolemy.actor.util.CausalityInterfaceForComposites._computeInputDepth(CausalityInterfaceForComposites.java:696)
	at ptolemy.actor.util.CausalityInterfaceForComposites._computeOutputPortDepth(CausalityInterfaceForComposites.java:765)
	at ptolemy.actor.util.CausalityInterfaceForComposites._computeInputDepth(CausalityInterfaceForComposites.java:696)
	at ptolemy.actor.util.CausalityInterfaceForComposites._computeActorDepth(CausalityInterfaceForComposites.java:532)
	at ptolemy.actor.util.CausalityInterfaceForComposites.checkForCycles(CausalityInterfaceForComposites.java:96)
	at ptolemy.domains.de.kernel.DEDirector.preinitialize(DEDirector.java:1338)
	at ptolemy.actor.CompositeActor.preinitialize(CompositeActor.java:1828)
	at ptolemy.actor.Manager.preinitializeAndResolveTypes(Manager.java:1040)
	at ptolemy.actor.Manager.initialize(Manager.java:710)
	at ptolemy.actor.Manager.execute(Manager.java:356)
	at ptolemy.actor.Manager.run(Manager.java:1263)
	at ptolemy.actor.Manager$PtolemyRunThread.run(Manager.java:1915)
java.lang.reflect.InvocationTargetException
	at sun.reflect.NativeConstructorAccessorImpl.newInstance0(Native Method)
	at sun.reflect.NativeConstructorAccessorImpl.newInstance(NativeConstructorAccessorImpl.java:62)
	at sun.reflect.DelegatingConstructorAccessorImpl.newInstance(DelegatingConstructorAccessorImpl.java:45)
	at java.lang.reflect.Constructor.newInstance(Constructor.java:423)
	at ptolemy.util.test.junit.AutoKnownFailedTests.RunModel(AutoKnownFailedTests.java:105)
	at sun.reflect.NativeMethodAccessorImpl.invoke0(Native Method)
	at sun.reflect.NativeMethodAccessorImpl.invoke(NativeMethodAccessorImpl.java:62)
	at sun.reflect.DelegatingMethodAccessorImpl.invoke(DelegatingMethodAccessorImpl.java:43)
	at java.lang.reflect.Method.invoke(Method.java:498)
	at org.junit.runners.model.FrameworkMethod$1.runReflectiveCall(FrameworkMethod.java:44)
	at org.junit.internal.runners.model.ReflectiveCallable.run(ReflectiveCallable.java:15)
	at org.junit.runners.model.FrameworkMethod.invokeExplosively(FrameworkMethod.java:41)
	at junitparams.internal.InvokeParameterisedMethod.evaluate(InvokeParameterisedMethod.java:102)
	at org.junit.internal.runners.statements.FailOnTimeout$1.run(FailOnTimeout.java:28)
Caused by: ptolemy.kernel.util.IllegalActionException: Found a zero delay loop containing .dependencyLoop.original
  in .dependencyLoop and .dependencyLoop.original
	at ptolemy.actor.util.CausalityInterfaceForComposites._computeOutputPortDepth(CausalityInterfaceForComposites.java:759)
	at ptolemy.actor.util.CausalityInterfaceForComposites._computeInputDepth(CausalityInterfaceForComposites.java:696)
	at ptolemy.actor.util.CausalityInterfaceForComposites._computeOutputPortDepth(CausalityInterfaceForComposites.java:765)
	at ptolemy.actor.util.CausalityInterfaceForComposites._computeInputDepth(CausalityInterfaceForComposites.java:696)
	at ptolemy.actor.util.CausalityInterfaceForComposites._computeOutputPortDepth(CausalityInterfaceForComposites.java:765)
	at ptolemy.actor.util.CausalityInterfaceForComposites._computeInputDepth(CausalityInterfaceForComposites.java:696)
	at ptolemy.actor.util.CausalityInterfaceForComposites._computeActorDepth(CausalityInterfaceForComposites.java:532)
	at ptolemy.actor.util.CausalityInterfaceForComposites.checkForCycles(CausalityInterfaceForComposites.java:96)
	at ptolemy.domains.de.kernel.DEDirector.preinitialize(DEDirector.java:1338)
	at ptolemy.actor.CompositeActor.preinitialize(CompositeActor.java:1828)
	at ptolemy.actor.Manager.preinitializeAndResolveTypes(Manager.java:1040)
	at ptolemy.actor.Manager.initialize(Manager.java:710)
	at ptolemy.actor.Manager.execute(Manager.java:356)
	at ptolemy.actor.Manager.run(Manager.java:1263)
	at ptolemy.actor.Manager$PtolemyRunThread.run(Manager.java:1915)
java.lang.RuntimeException: Execution failed
	at ptolemy.moml.MoMLSimpleApplication$UnloadThread.run(MoMLSimpleApplication.java:402)
Caused by: ptolemy.kernel.util.IllegalActionException: Found a zero delay loop containing .dependencyLoop2.original
  in .dependencyLoop2 and .dependencyLoop2.original
	at ptolemy.actor.util.CausalityInterfaceForComposites._computeOutputPortDepth(CausalityInterfaceForComposites.java:759)
	at ptolemy.actor.util.CausalityInterfaceForComposites._computeInputDepth(CausalityInterfaceForComposites.java:696)
	at ptolemy.actor.util.CausalityInterfaceForComposites._computeOutputPortDepth(CausalityInterfaceForComposites.java:765)
	at ptolemy.actor.util.CausalityInterfaceForComposites._computeInputDepth(CausalityInterfaceForComposites.java:696)
	at ptolemy.actor.util.CausalityInterfaceForComposites._computeOutputPortDepth(CausalityInterfaceForComposites.java:765)
	at ptolemy.actor.util.CausalityInterfaceForComposites._computeInputDepth(CausalityInterfaceForComposites.java:696)
	at ptolemy.actor.util.CausalityInterfaceForComposites._computeActorDepth(CausalityInterfaceForComposites.java:532)
	at ptolemy.actor.util.CausalityInterfaceForComposites.checkForCycles(CausalityInterfaceForComposites.java:96)
	at ptolemy.domains.de.kernel.DEDirector.preinitialize(DEDirector.java:1338)
	at ptolemy.actor.CompositeActor.preinitialize(CompositeActor.java:1828)
	at ptolemy.actor.Manager.preinitializeAndResolveTypes(Manager.java:1040)
	at ptolemy.actor.Manager.initialize(Manager.java:710)
	at ptolemy.actor.Manager.execute(Manager.java:356)
	at ptolemy.actor.Manager.run(Manager.java:1263)
	at ptolemy.actor.Manager$PtolemyRunThread.run(Manager.java:1915)
java.lang.reflect.InvocationTargetException
	at sun.reflect.NativeConstructorAccessorImpl.newInstance0(Native Method)
	at sun.reflect.NativeConstructorAccessorImpl.newInstance(NativeConstructorAccessorImpl.java:62)
	at sun.reflect.DelegatingConstructorAccessorImpl.newInstance(DelegatingConstructorAccessorImpl.java:45)
	at java.lang.reflect.Constructor.newInstance(Constructor.java:423)
	at ptolemy.util.test.junit.AutoKnownFailedTests.RunModel(AutoKnownFailedTests.java:105)
	at sun.reflect.NativeMethodAccessorImpl.invoke0(Native Method)
	at sun.reflect.NativeMethodAccessorImpl.invoke(NativeMethodAccessorImpl.java:62)
	at sun.reflect.DelegatingMethodAccessorImpl.invoke(DelegatingMethodAccessorImpl.java:43)
	at java.lang.reflect.Method.invoke(Method.java:498)
	at org.junit.runners.model.FrameworkMethod$1.runReflectiveCall(FrameworkMethod.java:44)
	at org.junit.internal.runners.model.ReflectiveCallable.run(ReflectiveCallable.java:15)
	at org.junit.runners.model.FrameworkMethod.invokeExplosively(FrameworkMethod.java:41)
	at junitparams.internal.InvokeParameterisedMethod.evaluate(InvokeParameterisedMethod.java:102)
	at org.junit.internal.runners.statements.FailOnTimeout$1.run(FailOnTimeout.java:28)
Caused by: ptolemy.kernel.util.IllegalActionException: Found a zero delay loop containing .dependencyLoop2.original
  in .dependencyLoop2 and .dependencyLoop2.original
	at ptolemy.actor.util.CausalityInterfaceForComposites._computeOutputPortDepth(CausalityInterfaceForComposites.java:759)
	at ptolemy.actor.util.CausalityInterfaceForComposites._computeInputDepth(CausalityInterfaceForComposites.java:696)
	at ptolemy.actor.util.CausalityInterfaceForComposites._computeOutputPortDepth(CausalityInterfaceForComposites.java:765)
	at ptolemy.actor.util.CausalityInterfaceForComposites._computeInputDepth(CausalityInterfaceForComposites.java:696)
	at ptolemy.actor.util.CausalityInterfaceForComposites._computeOutputPortDepth(CausalityInterfaceForComposites.java:765)
	at ptolemy.actor.util.CausalityInterfaceForComposites._computeInputDepth(CausalityInterfaceForComposites.java:696)
	at ptolemy.actor.util.CausalityInterfaceForComposites._computeActorDepth(CausalityInterfaceForComposites.java:532)
	at ptolemy.actor.util.CausalityInterfaceForComposites.checkForCycles(CausalityInterfaceForComposites.java:96)
	at ptolemy.domains.de.kernel.DEDirector.preinitialize(DEDirector.java:1338)
	at ptolemy.actor.CompositeActor.preinitialize(CompositeActor.java:1828)
	at ptolemy.actor.Manager.preinitializeAndResolveTypes(Manager.java:1040)
	at ptolemy.actor.Manager.initialize(Manager.java:710)
	at ptolemy.actor.Manager.execute(Manager.java:356)
	at ptolemy.actor.Manager.run(Manager.java:1263)
	at ptolemy.actor.Manager$PtolemyRunThread.run(Manager.java:1915)
]]></system-err>
</testsuite>
