<?xml version="1.0" encoding="UTF-8" ?>
<testsuite errors="0" failures="0" hostname="travis-job-8160b220-8576-4cc0-acd7-1333e7122e90" name="ptolemy.actor.lib.hoc.test.junit.JUnitTclTest" skipped="0" tests="58" time="23.603" timestamp="2018-11-05T02:36:50">
  <properties>
[...]
</properties>
  <testcase classname="ptolemy.util.test.junit.TclTests" name="[0] /home/travis/build/icyphy/ptII/ptolemy/actor/lib/hoc/test/IterateOverArray.tcl (RunTclFile)" time="0.274" />
  <testcase classname="ptolemy.util.test.junit.AutoKnownFailedTests" name="[0] /home/travis/build/icyphy/ptII/ptolemy/actor/lib/hoc/test/auto/knownFailedTests/PreinitializeMustBeInvokedRunComposite.xml (RunModel)" time="0.229" />
  <testcase classname="ptolemy.util.test.junit.AutoNameArchTests" name="[0] ThereAreNoAutoArchTests (RunModel)" time="0.001" />
  <testcase classname="ptolemy.util.test.junit.AutoTests" name="[0] /home/travis/build/icyphy/ptII/ptolemy/actor/lib/hoc/test/auto/AllToAllMultiInstanceComposite.xml (RunModel)" time="0.276" />
  <testcase classname="ptolemy.util.test.junit.AutoTests" name="[1] /home/travis/build/icyphy/ptII/ptolemy/actor/lib/hoc/test/auto/ApplyFFTTest.xml (RunModel)" time="0.348" />
  <testcase classname="ptolemy.util.test.junit.AutoTests" name="[2] /home/travis/build/icyphy/ptII/ptolemy/actor/lib/hoc/test/auto/ApplyFunction.xml (RunModel)" time="0.023" />
  <testcase classname="ptolemy.util.test.junit.AutoTests" name="[3] /home/travis/build/icyphy/ptII/ptolemy/actor/lib/hoc/test/auto/BackgroundExecution.xml (RunModel)" time="0.701" />
  <testcase classname="ptolemy.util.test.junit.AutoTests" name="[4] /home/travis/build/icyphy/ptII/ptolemy/actor/lib/hoc/test/auto/Case.xml (RunModel)" time="0.044" />
  <testcase classname="ptolemy.util.test.junit.AutoTests" name="[5] /home/travis/build/icyphy/ptII/ptolemy/actor/lib/hoc/test/auto/Case1.xml (RunModel)" time="0.03" />
  <testcase classname="ptolemy.util.test.junit.AutoTests" name="[6] /home/travis/build/icyphy/ptII/ptolemy/actor/lib/hoc/test/auto/Case2.xml (RunModel)" time="0.063" />
  <testcase classname="ptolemy.util.test.junit.AutoTests" name="[7] /home/travis/build/icyphy/ptII/ptolemy/actor/lib/hoc/test/auto/Case3.xml (RunModel)" time="0.033" />
  <testcase classname="ptolemy.util.test.junit.AutoTests" name="[8] /home/travis/build/icyphy/ptII/ptolemy/actor/lib/hoc/test/auto/Case4.xml (RunModel)" time="0.065" />
  <testcase classname="ptolemy.util.test.junit.AutoTests" name="[9] /home/travis/build/icyphy/ptII/ptolemy/actor/lib/hoc/test/auto/Case5.xml (RunModel)" time="0.076" />
  <testcase classname="ptolemy.util.test.junit.AutoTests" name="[10] /home/travis/build/icyphy/ptII/ptolemy/actor/lib/hoc/test/auto/Case6.xml (RunModel)" time="0.128" />
  <testcase classname="ptolemy.util.test.junit.AutoTests" name="[11] /home/travis/build/icyphy/ptII/ptolemy/actor/lib/hoc/test/auto/CaseString2.xml (RunModel)" time="0.053" />
  <testcase classname="ptolemy.util.test.junit.AutoTests" name="[12] /home/travis/build/icyphy/ptII/ptolemy/actor/lib/hoc/test/auto/CatchUpComposite1.xml (RunModel)" time="0.081" />
  <testcase classname="ptolemy.util.test.junit.AutoTests" name="[13] /home/travis/build/icyphy/ptII/ptolemy/actor/lib/hoc/test/auto/CatchUpComposite2.xml (RunModel)" time="0.055" />
  <testcase classname="ptolemy.util.test.junit.AutoTests" name="[14] /home/travis/build/icyphy/ptII/ptolemy/actor/lib/hoc/test/auto/CatchUpComposite3.xml (RunModel)" time="0.056" />
  <testcase classname="ptolemy.util.test.junit.AutoTests" name="[15] /home/travis/build/icyphy/ptII/ptolemy/actor/lib/hoc/test/auto/CatchUpComposite4.xml (RunModel)" time="0.055" />
  <testcase classname="ptolemy.util.test.junit.AutoTests" name="[16] /home/travis/build/icyphy/ptII/ptolemy/actor/lib/hoc/test/auto/CatchUpComposite5.xml (RunModel)" time="0.038" />
  <testcase classname="ptolemy.util.test.junit.AutoTests" name="[17] /home/travis/build/icyphy/ptII/ptolemy/actor/lib/hoc/test/auto/CatchUpComposite6.xml (RunModel)" time="0.15" />
  <testcase classname="ptolemy.util.test.junit.AutoTests" name="[18] /home/travis/build/icyphy/ptII/ptolemy/actor/lib/hoc/test/auto/CatchUpComposite7.xml (RunModel)" time="0.074" />
  <testcase classname="ptolemy.util.test.junit.AutoTests" name="[19] /home/travis/build/icyphy/ptII/ptolemy/actor/lib/hoc/test/auto/ConcurrentExecutionTimeSDF.xml (RunModel)" time="1.375" />
  <testcase classname="ptolemy.util.test.junit.AutoTests" name="[20] /home/travis/build/icyphy/ptII/ptolemy/actor/lib/hoc/test/auto/ConcurrentSleep.xml (RunModel)" time="0.769" />
  <testcase classname="ptolemy.util.test.junit.AutoTests" name="[21] /home/travis/build/icyphy/ptII/ptolemy/actor/lib/hoc/test/auto/DEInPNInRunCompositeActor.xml (RunModel)" time="0.032" />
  <testcase classname="ptolemy.util.test.junit.AutoTests" name="[22] /home/travis/build/icyphy/ptII/ptolemy/actor/lib/hoc/test/auto/DFTSubSetTest.xml (RunModel)" time="0.258" />
  <testcase classname="ptolemy.util.test.junit.AutoTests" name="[23] /home/travis/build/icyphy/ptII/ptolemy/actor/lib/hoc/test/auto/HocDE.xml (RunModel)" time="0.177" />
  <testcase classname="ptolemy.util.test.junit.AutoTests" name="[24] /home/travis/build/icyphy/ptII/ptolemy/actor/lib/hoc/test/auto/IterateOverArray.xml (RunModel)" time="0.026" />
  <testcase classname="ptolemy.util.test.junit.AutoTests" name="[25] /home/travis/build/icyphy/ptII/ptolemy/actor/lib/hoc/test/auto/IterateOverArray10.xml (RunModel)" time="0.034" />
  <testcase classname="ptolemy.util.test.junit.AutoTests" name="[26] /home/travis/build/icyphy/ptII/ptolemy/actor/lib/hoc/test/auto/IterateOverArray11.xml (RunModel)" time="0.022" />
  <testcase classname="ptolemy.util.test.junit.AutoTests" name="[27] /home/travis/build/icyphy/ptII/ptolemy/actor/lib/hoc/test/auto/IterateOverArray12.xml (RunModel)" time="0.036" />
  <testcase classname="ptolemy.util.test.junit.AutoTests" name="[28] /home/travis/build/icyphy/ptII/ptolemy/actor/lib/hoc/test/auto/IterateOverArray13.xml (RunModel)" time="0.167" />
  <testcase classname="ptolemy.util.test.junit.AutoTests" name="[29] /home/travis/build/icyphy/ptII/ptolemy/actor/lib/hoc/test/auto/IterateOverArray14.xml (RunModel)" time="0.132" />
  <testcase classname="ptolemy.util.test.junit.AutoTests" name="[30] /home/travis/build/icyphy/ptII/ptolemy/actor/lib/hoc/test/auto/IterateOverArray2.xml (RunModel)" time="0.02" />
  <testcase classname="ptolemy.util.test.junit.AutoTests" name="[31] /home/travis/build/icyphy/ptII/ptolemy/actor/lib/hoc/test/auto/IterateOverArray3.xml (RunModel)" time="0.035" />
  <testcase classname="ptolemy.util.test.junit.AutoTests" name="[32] /home/travis/build/icyphy/ptII/ptolemy/actor/lib/hoc/test/auto/IterateOverArray4.xml (RunModel)" time="0.028" />
  <testcase classname="ptolemy.util.test.junit.AutoTests" name="[33] /home/travis/build/icyphy/ptII/ptolemy/actor/lib/hoc/test/auto/IterateOverArray5.xml (RunModel)" time="0.021" />
  <testcase classname="ptolemy.util.test.junit.AutoTests" name="[34] /home/travis/build/icyphy/ptII/ptolemy/actor/lib/hoc/test/auto/IterateOverArray6.xml (RunModel)" time="0.015" />
  <testcase classname="ptolemy.util.test.junit.AutoTests" name="[35] /home/travis/build/icyphy/ptII/ptolemy/actor/lib/hoc/test/auto/IterateOverArray7.xml (RunModel)" time="0.017" />
  <testcase classname="ptolemy.util.test.junit.AutoTests" name="[36] /home/travis/build/icyphy/ptII/ptolemy/actor/lib/hoc/test/auto/IterateOverArray8.xml (RunModel)" time="0.02" />
  <testcase classname="ptolemy.util.test.junit.AutoTests" name="[37] /home/travis/build/icyphy/ptII/ptolemy/actor/lib/hoc/test/auto/IterateOverArray9.xml (RunModel)" time="0.021" />
  <testcase classname="ptolemy.util.test.junit.AutoTests" name="[38] /home/travis/build/icyphy/ptII/ptolemy/actor/lib/hoc/test/auto/IterateOverArrayCoercedOutputType.xml (RunModel)" time="0.034" />
  <testcase classname="ptolemy.util.test.junit.AutoTests" name="[39] /home/travis/build/icyphy/ptII/ptolemy/actor/lib/hoc/test/auto/IterateOverArrayInferredOutputType.xml (RunModel)" time="0.038" />
  <testcase classname="ptolemy.util.test.junit.AutoTests" name="[40] /home/travis/build/icyphy/ptII/ptolemy/actor/lib/hoc/test/auto/MobileFunctionTest.xml (RunModel)" time="0.017" />
  <testcase classname="ptolemy.util.test.junit.AutoTests" name="[41] /home/travis/build/icyphy/ptII/ptolemy/actor/lib/hoc/test/auto/MobileModelTest.xml (RunModel)" time="0.115" />
  <testcase classname="ptolemy.util.test.junit.AutoTests" name="[42] /home/travis/build/icyphy/ptII/ptolemy/actor/lib/hoc/test/auto/ModelReference.xml (RunModel)" time="0.059" />
  <testcase classname="ptolemy.util.test.junit.AutoTests" name="[43] /home/travis/build/icyphy/ptII/ptolemy/actor/lib/hoc/test/auto/ModelReference3.xml (RunModel)" time="0.046" />
  <testcase classname="ptolemy.util.test.junit.AutoTests" name="[44] /home/travis/build/icyphy/ptII/ptolemy/actor/lib/hoc/test/auto/ModelReference4.xml (RunModel)" time="10.044" />
  <testcase classname="ptolemy.util.test.junit.AutoTests" name="[45] /home/travis/build/icyphy/ptII/ptolemy/actor/lib/hoc/test/auto/MultiInstanceComposite.xml (RunModel)" time="0.048" />
  <testcase classname="ptolemy.util.test.junit.AutoTests" name="[46] /home/travis/build/icyphy/ptII/ptolemy/actor/lib/hoc/test/auto/MultiInstanceComposite2.xml (RunModel)" time="0.046" />
  <testcase classname="ptolemy.util.test.junit.AutoTests" name="[47] /home/travis/build/icyphy/ptII/ptolemy/actor/lib/hoc/test/auto/MulticoreExecution.xml (RunModel)" time="1.086" />
  <testcase classname="ptolemy.util.test.junit.AutoTests" name="[48] /home/travis/build/icyphy/ptII/ptolemy/actor/lib/hoc/test/auto/ParallelExecution.xml (RunModel)" time="0.951" />
  <testcase classname="ptolemy.util.test.junit.AutoTests" name="[49] /home/travis/build/icyphy/ptII/ptolemy/actor/lib/hoc/test/auto/RunCompositeActor.xml (RunModel)" time="0.025" />
  <testcase classname="ptolemy.util.test.junit.AutoTests" name="[50] /home/travis/build/icyphy/ptII/ptolemy/actor/lib/hoc/test/auto/RunCompositeActor2.xml (RunModel)" time="0.017" />
  <testcase classname="ptolemy.util.test.junit.AutoTests" name="[51] /home/travis/build/icyphy/ptII/ptolemy/actor/lib/hoc/test/auto/RunCompositeActor3.xml (RunModel)" time="0.015" />
  <testcase classname="ptolemy.util.test.junit.AutoTests" name="[52] /home/travis/build/icyphy/ptII/ptolemy/actor/lib/hoc/test/auto/RunCompositeActor4.xml (RunModel)" time="0.023" />
  <testcase classname="ptolemy.util.test.junit.AutoTests" name="[53] /home/travis/build/icyphy/ptII/ptolemy/actor/lib/hoc/test/auto/RunCompositeIterateOverArray.xml (RunModel)" time="0.025" />
  <testcase classname="ptolemy.util.test.junit.AutoTests" name="[54] /home/travis/build/icyphy/ptII/ptolemy/actor/lib/hoc/test/auto/ThreadedJS.xml (RunModel)" time="4.41" />
  <system-out><![CDATA[/home/travis/build/icyphy/ptII/ptolemy/actor/lib/hoc/test/IterateOverArray.tcl
testDefs.tcl: setting time out to 9000 seconds at Mon Nov 05 02:36:50 UTC 2018
11/05/18 02:36:50
Failed: 0  Total Tests: 2  ((Passed: 2, Newly Passed: 0)  Known Failed: 0) /home/travis/build/icyphy/ptII/ptolemy/actor/lib/hoc/test
----------------- testing (KnownFailure) /home/travis/build/icyphy/ptII/ptolemy/actor/lib/hoc/test/auto/knownFailedTests/PreinitializeMustBeInvokedRunComposite.xml
34 ms. Memory: 116224K Free: 103543K (89%)
Known Failure: java.lang.reflect.InvocationTargetException
No auto/linux-amd64/*.xml tests in /home/travis/build/icyphy/ptII/ptolemy/actor/lib/hoc/test
AutoTests.java: About to close Vertx.
AutoTests.java: Vertx closed.

===========================================================================================
----------------- testing Mon Nov 05 02:36:51 UTC 2018 /home/travis/build/icyphy/ptII/ptolemy/actor/lib/hoc/test/auto/AllToAllMultiInstanceComposite.xml
----------------- Instantiating /home/travis/build/icyphy/ptII/ptolemy/actor/lib/hoc/test/auto/AllToAllMultiInstanceComposite.xml
123 ms. Memory: 146944K Free: 108238K (74%)
----------------- Invoking toplevel() on ptolemy.moml.MoMLSimpleApplication@6c12e44c
----------------- Done invoking toplevel() on ptolemy.moml.MoMLSimpleApplication@6c12e44c
reloadAllAccessors: .AllToAllMultiInstanceComposite

===========================================================================================
----------------- testing Mon Nov 05 02:36:51 UTC 2018 /home/travis/build/icyphy/ptII/ptolemy/actor/lib/hoc/test/auto/ApplyFFTTest.xml
----------------- Instantiating /home/travis/build/icyphy/ptII/ptolemy/actor/lib/hoc/test/auto/ApplyFFTTest.xml
132 ms. Memory: 146944K Free: 88386K (60%)
----------------- Invoking toplevel() on ptolemy.moml.MoMLSimpleApplication@4f044412
----------------- Done invoking toplevel() on ptolemy.moml.MoMLSimpleApplication@4f044412
reloadAllAccessors: .ApplyFFTTest

===========================================================================================
----------------- testing Mon Nov 05 02:36:51 UTC 2018 /home/travis/build/icyphy/ptII/ptolemy/actor/lib/hoc/test/auto/ApplyFunction.xml
----------------- Instantiating /home/travis/build/icyphy/ptII/ptolemy/actor/lib/hoc/test/auto/ApplyFunction.xml
4 ms. Memory: 146944K Free: 84683K (58%)
----------------- Invoking toplevel() on ptolemy.moml.MoMLSimpleApplication@54cae684
----------------- Done invoking toplevel() on ptolemy.moml.MoMLSimpleApplication@54cae684
reloadAllAccessors: .ApplyFunction

===========================================================================================
----------------- testing Mon Nov 05 02:36:51 UTC 2018 /home/travis/build/icyphy/ptII/ptolemy/actor/lib/hoc/test/auto/BackgroundExecution.xml
----------------- Instantiating /home/travis/build/icyphy/ptII/ptolemy/actor/lib/hoc/test/auto/BackgroundExecution.xml
632 ms. Memory: 146944K Free: 137609K (94%)
----------------- Invoking toplevel() on ptolemy.moml.MoMLSimpleApplication@4ce7fe08
----------------- Done invoking toplevel() on ptolemy.moml.MoMLSimpleApplication@4ce7fe08
reloadAllAccessors: .BackgroundExecution

===========================================================================================
----------------- testing Mon Nov 05 02:36:52 UTC 2018 /home/travis/build/icyphy/ptII/ptolemy/actor/lib/hoc/test/auto/Case.xml
----------------- Instantiating /home/travis/build/icyphy/ptII/ptolemy/actor/lib/hoc/test/auto/Case.xml
14 ms. Memory: 146944K Free: 128819K (88%)
----------------- Invoking toplevel() on ptolemy.moml.MoMLSimpleApplication@17c6bab6
----------------- Done invoking toplevel() on ptolemy.moml.MoMLSimpleApplication@17c6bab6
reloadAllAccessors: .Case

===========================================================================================
----------------- testing Mon Nov 05 02:36:52 UTC 2018 /home/travis/build/icyphy/ptII/ptolemy/actor/lib/hoc/test/auto/Case1.xml
----------------- Instantiating /home/travis/build/icyphy/ptII/ptolemy/actor/lib/hoc/test/auto/Case1.xml
8 ms. Memory: 146944K Free: 121695K (83%)
----------------- Invoking toplevel() on ptolemy.moml.MoMLSimpleApplication@1c6dd740
----------------- Done invoking toplevel() on ptolemy.moml.MoMLSimpleApplication@1c6dd740
reloadAllAccessors: .Case1

===========================================================================================
----------------- testing Mon Nov 05 02:36:52 UTC 2018 /home/travis/build/icyphy/ptII/ptolemy/actor/lib/hoc/test/auto/Case2.xml
----------------- Instantiating /home/travis/build/icyphy/ptII/ptolemy/actor/lib/hoc/test/auto/Case2.xml
34 ms. Memory: 146944K Free: 110124K (75%)
----------------- Invoking toplevel() on ptolemy.moml.MoMLSimpleApplication@3543fd29
----------------- Done invoking toplevel() on ptolemy.moml.MoMLSimpleApplication@3543fd29
reloadAllAccessors: .Case2

===========================================================================================
----------------- testing Mon Nov 05 02:36:52 UTC 2018 /home/travis/build/icyphy/ptII/ptolemy/actor/lib/hoc/test/auto/Case3.xml
----------------- Instantiating /home/travis/build/icyphy/ptII/ptolemy/actor/lib/hoc/test/auto/Case3.xml
7 ms. Memory: 146944K Free: 103369K (70%)
----------------- Invoking toplevel() on ptolemy.moml.MoMLSimpleApplication@39b84868
----------------- Done invoking toplevel() on ptolemy.moml.MoMLSimpleApplication@39b84868
reloadAllAccessors: .Case3

===========================================================================================
----------------- testing Mon Nov 05 02:36:52 UTC 2018 /home/travis/build/icyphy/ptII/ptolemy/actor/lib/hoc/test/auto/Case4.xml
----------------- Instantiating /home/travis/build/icyphy/ptII/ptolemy/actor/lib/hoc/test/auto/Case4.xml
16 ms. Memory: 146944K Free: 94312K (64%)
----------------- Invoking toplevel() on ptolemy.moml.MoMLSimpleApplication@1237a383
----------------- Done invoking toplevel() on ptolemy.moml.MoMLSimpleApplication@1237a383
reloadAllAccessors: .Case4

===========================================================================================
----------------- testing Mon Nov 05 02:36:52 UTC 2018 /home/travis/build/icyphy/ptII/ptolemy/actor/lib/hoc/test/auto/Case5.xml
----------------- Instantiating /home/travis/build/icyphy/ptII/ptolemy/actor/lib/hoc/test/auto/Case5.xml
46 ms. Memory: 146944K Free: 87510K (60%)
----------------- Invoking toplevel() on ptolemy.moml.MoMLSimpleApplication@4ef1d74
----------------- Done invoking toplevel() on ptolemy.moml.MoMLSimpleApplication@4ef1d74
reloadAllAccessors: .junk

===========================================================================================
----------------- testing Mon Nov 05 02:36:52 UTC 2018 /home/travis/build/icyphy/ptII/ptolemy/actor/lib/hoc/test/auto/Case6.xml
----------------- Instantiating /home/travis/build/icyphy/ptII/ptolemy/actor/lib/hoc/test/auto/Case6.xml
46 ms. Memory: 208384K Free: 196522K (94%)
----------------- Invoking toplevel() on ptolemy.moml.MoMLSimpleApplication@487f97a8
----------------- Done invoking toplevel() on ptolemy.moml.MoMLSimpleApplication@487f97a8
reloadAllAccessors: .Case6

===========================================================================================
----------------- testing Mon Nov 05 02:36:52 UTC 2018 /home/travis/build/icyphy/ptII/ptolemy/actor/lib/hoc/test/auto/CaseString2.xml
----------------- Instantiating /home/travis/build/icyphy/ptII/ptolemy/actor/lib/hoc/test/auto/CaseString2.xml
16 ms. Memory: 208384K Free: 186944K (90%)
----------------- Invoking toplevel() on ptolemy.moml.MoMLSimpleApplication@1ec0792d
----------------- Done invoking toplevel() on ptolemy.moml.MoMLSimpleApplication@1ec0792d
reloadAllAccessors: .CaseString2

===========================================================================================
----------------- testing Mon Nov 05 02:36:53 UTC 2018 /home/travis/build/icyphy/ptII/ptolemy/actor/lib/hoc/test/auto/CatchUpComposite1.xml
----------------- Instantiating /home/travis/build/icyphy/ptII/ptolemy/actor/lib/hoc/test/auto/CatchUpComposite1.xml
18 ms. Memory: 208384K Free: 177113K (85%)
----------------- Invoking toplevel() on ptolemy.moml.MoMLSimpleApplication@143d0f90
----------------- Done invoking toplevel() on ptolemy.moml.MoMLSimpleApplication@143d0f90
reloadAllAccessors: .CatchUpComposite1

===========================================================================================
----------------- testing Mon Nov 05 02:36:53 UTC 2018 /home/travis/build/icyphy/ptII/ptolemy/actor/lib/hoc/test/auto/CatchUpComposite2.xml
----------------- Instantiating /home/travis/build/icyphy/ptII/ptolemy/actor/lib/hoc/test/auto/CatchUpComposite2.xml
12 ms. Memory: 208384K Free: 167202K (80%)
----------------- Invoking toplevel() on ptolemy.moml.MoMLSimpleApplication@4233af42
----------------- Done invoking toplevel() on ptolemy.moml.MoMLSimpleApplication@4233af42
reloadAllAccessors: .CatchUpComposite2

===========================================================================================
----------------- testing Mon Nov 05 02:36:53 UTC 2018 /home/travis/build/icyphy/ptII/ptolemy/actor/lib/hoc/test/auto/CatchUpComposite3.xml
----------------- Instantiating /home/travis/build/icyphy/ptII/ptolemy/actor/lib/hoc/test/auto/CatchUpComposite3.xml
11 ms. Memory: 208384K Free: 156993K (75%)
----------------- Invoking toplevel() on ptolemy.moml.MoMLSimpleApplication@45578ffe
----------------- Done invoking toplevel() on ptolemy.moml.MoMLSimpleApplication@45578ffe
reloadAllAccessors: .CatchUpComposite3

===========================================================================================
----------------- testing Mon Nov 05 02:36:53 UTC 2018 /home/travis/build/icyphy/ptII/ptolemy/actor/lib/hoc/test/auto/CatchUpComposite4.xml
----------------- Instantiating /home/travis/build/icyphy/ptII/ptolemy/actor/lib/hoc/test/auto/CatchUpComposite4.xml
16 ms. Memory: 208384K Free: 147744K (71%)
----------------- Invoking toplevel() on ptolemy.moml.MoMLSimpleApplication@218570d8
----------------- Done invoking toplevel() on ptolemy.moml.MoMLSimpleApplication@218570d8
reloadAllAccessors: .CatchUpComposite4

===========================================================================================
----------------- testing Mon Nov 05 02:36:53 UTC 2018 /home/travis/build/icyphy/ptII/ptolemy/actor/lib/hoc/test/auto/CatchUpComposite5.xml
----------------- Instantiating /home/travis/build/icyphy/ptII/ptolemy/actor/lib/hoc/test/auto/CatchUpComposite5.xml
12 ms. Memory: 208384K Free: 139094K (67%)
----------------- Invoking toplevel() on ptolemy.moml.MoMLSimpleApplication@6238f52e
----------------- Done invoking toplevel() on ptolemy.moml.MoMLSimpleApplication@6238f52e
reloadAllAccessors: .CatchUpComposite5

===========================================================================================
----------------- testing Mon Nov 05 02:36:53 UTC 2018 /home/travis/build/icyphy/ptII/ptolemy/actor/lib/hoc/test/auto/CatchUpComposite6.xml
----------------- Instantiating /home/travis/build/icyphy/ptII/ptolemy/actor/lib/hoc/test/auto/CatchUpComposite6.xml
WARNING: The execution aspects in this model can influence the timing of actors by delaying the 
execution, potentially changing the behavior. There is no guarantee that actors fire at the 
time they request to be fired. 
Use Ptides for deterministic DE behavior that is not influenced by execution aspects. 

87 ms. Memory: 208384K Free: 120202K (58%)
----------------- Invoking toplevel() on ptolemy.moml.MoMLSimpleApplication@6bb849cd
----------------- Done invoking toplevel() on ptolemy.moml.MoMLSimpleApplication@6bb849cd
reloadAllAccessors: .CatchUpComposite6

===========================================================================================
----------------- testing Mon Nov 05 02:36:53 UTC 2018 /home/travis/build/icyphy/ptII/ptolemy/actor/lib/hoc/test/auto/CatchUpComposite7.xml
----------------- Instantiating /home/travis/build/icyphy/ptII/ptolemy/actor/lib/hoc/test/auto/CatchUpComposite7.xml
WARNING: The execution aspects in this model can influence the timing of actors by delaying the 
execution, potentially changing the behavior. There is no guarantee that actors fire at the 
time they request to be fired. 
Use Ptides for deterministic DE behavior that is not influenced by execution aspects. 

21 ms. Memory: 208384K Free: 103419K (50%)
----------------- Invoking toplevel() on ptolemy.moml.MoMLSimpleApplication@3823eda6
----------------- Done invoking toplevel() on ptolemy.moml.MoMLSimpleApplication@3823eda6
reloadAllAccessors: .CatchUpComposite7

===========================================================================================
----------------- testing Mon Nov 05 02:36:53 UTC 2018 /home/travis/build/icyphy/ptII/ptolemy/actor/lib/hoc/test/auto/ConcurrentExecutionTimeSDF.xml
----------------- Instantiating /home/travis/build/icyphy/ptII/ptolemy/actor/lib/hoc/test/auto/ConcurrentExecutionTimeSDF.xml
Fired ExecutionTime: 40400000
Fired ExecutionTime: 40400000
Fired ExecutionTime: 40400000
Fired ExecutionTime: 40400000
Fired ExecutionTime: 40400000
Fired ExecutionTime: 40400000
Fired ExecutionTime: 40400000
Fired ExecutionTime: 40400000
Fired ExecutionTime: 40400000
Fired ExecutionTime: 40400000
Fired ExecutionTime: 40400000
Fired ExecutionTime: 40400000
Fired ExecutionTime: 40400000
Fired ExecutionTime: 40400000
Fired ExecutionTime: 40400000
Fired ExecutionTime: 40400000
Fired ExecutionTime: 40400000
Fired ExecutionTime: 40400000
Fired ExecutionTime: 40400000
Fired ExecutionTime: 40400000
1359 ms. Memory: 208384K Free: 94818K (46%)
----------------- Invoking toplevel() on ptolemy.moml.MoMLSimpleApplication@df0761e
----------------- Done invoking toplevel() on ptolemy.moml.MoMLSimpleApplication@df0761e
reloadAllAccessors: .ConcurrentExecutionTimeSDF

===========================================================================================
----------------- testing Mon Nov 05 02:36:54 UTC 2018 /home/travis/build/icyphy/ptII/ptolemy/actor/lib/hoc/test/auto/ConcurrentSleep.xml
----------------- Instantiating /home/travis/build/icyphy/ptII/ptolemy/actor/lib/hoc/test/auto/ConcurrentSleep.xml
735 ms. Memory: 208384K Free: 80468K (39%)
----------------- Invoking toplevel() on ptolemy.moml.MoMLSimpleApplication@717e072f
----------------- Done invoking toplevel() on ptolemy.moml.MoMLSimpleApplication@717e072f
reloadAllAccessors: .ConcurrentSleep

===========================================================================================
----------------- testing Mon Nov 05 02:36:55 UTC 2018 /home/travis/build/icyphy/ptII/ptolemy/actor/lib/hoc/test/auto/DEInPNInRunCompositeActor.xml
----------------- Instantiating /home/travis/build/icyphy/ptII/ptolemy/actor/lib/hoc/test/auto/DEInPNInRunCompositeActor.xml
4 ms. Memory: 208384K Free: 195934K (94%)
----------------- Invoking toplevel() on ptolemy.moml.MoMLSimpleApplication@263417ba
----------------- Done invoking toplevel() on ptolemy.moml.MoMLSimpleApplication@263417ba
reloadAllAccessors: .DEInPNInRunCompositeActor

===========================================================================================
----------------- testing Mon Nov 05 02:36:55 UTC 2018 /home/travis/build/icyphy/ptII/ptolemy/actor/lib/hoc/test/auto/DFTSubSetTest.xml
----------------- Instantiating /home/travis/build/icyphy/ptII/ptolemy/actor/lib/hoc/test/auto/DFTSubSetTest.xml
191 ms. Memory: 208384K Free: 147445K (71%)
----------------- Invoking toplevel() on ptolemy.moml.MoMLSimpleApplication@62c6e517
----------------- Done invoking toplevel() on ptolemy.moml.MoMLSimpleApplication@62c6e517
reloadAllAccessors: .DFTSubSetTest

===========================================================================================
----------------- testing Mon Nov 05 02:36:55 UTC 2018 /home/travis/build/icyphy/ptII/ptolemy/actor/lib/hoc/test/auto/HocDE.xml
----------------- Instantiating /home/travis/build/icyphy/ptII/ptolemy/actor/lib/hoc/test/auto/HocDE.xml
134 ms. Memory: 208384K Free: 120395K (58%)
----------------- Invoking toplevel() on ptolemy.moml.MoMLSimpleApplication@6c848eda
----------------- Done invoking toplevel() on ptolemy.moml.MoMLSimpleApplication@6c848eda
reloadAllAccessors: .HocDE

===========================================================================================
----------------- testing Mon Nov 05 02:36:56 UTC 2018 /home/travis/build/icyphy/ptII/ptolemy/actor/lib/hoc/test/auto/IterateOverArray.xml
----------------- Instantiating /home/travis/build/icyphy/ptII/ptolemy/actor/lib/hoc/test/auto/IterateOverArray.xml
6 ms. Memory: 208384K Free: 114033K (55%)
----------------- Invoking toplevel() on ptolemy.moml.MoMLSimpleApplication@4ec1148e
----------------- Done invoking toplevel() on ptolemy.moml.MoMLSimpleApplication@4ec1148e
reloadAllAccessors: .IterateOverArray

===========================================================================================
----------------- testing Mon Nov 05 02:36:56 UTC 2018 /home/travis/build/icyphy/ptII/ptolemy/actor/lib/hoc/test/auto/IterateOverArray10.xml
----------------- Instantiating /home/travis/build/icyphy/ptII/ptolemy/actor/lib/hoc/test/auto/IterateOverArray10.xml
2 ms. Memory: 208384K Free: 109937K (53%)
----------------- Invoking toplevel() on ptolemy.moml.MoMLSimpleApplication@6c184eab
----------------- Done invoking toplevel() on ptolemy.moml.MoMLSimpleApplication@6c184eab
reloadAllAccessors: .IterateOverArray10

===========================================================================================
----------------- testing Mon Nov 05 02:36:56 UTC 2018 /home/travis/build/icyphy/ptII/ptolemy/actor/lib/hoc/test/auto/IterateOverArray11.xml
----------------- Instantiating /home/travis/build/icyphy/ptII/ptolemy/actor/lib/hoc/test/auto/IterateOverArray11.xml
2 ms. Memory: 208384K Free: 104378K (50%)
----------------- Invoking toplevel() on ptolemy.moml.MoMLSimpleApplication@2545b26d
----------------- Done invoking toplevel() on ptolemy.moml.MoMLSimpleApplication@2545b26d
reloadAllAccessors: .IterateOverArray11

===========================================================================================
----------------- testing Mon Nov 05 02:36:56 UTC 2018 /home/travis/build/icyphy/ptII/ptolemy/actor/lib/hoc/test/auto/IterateOverArray12.xml
----------------- Instantiating /home/travis/build/icyphy/ptII/ptolemy/actor/lib/hoc/test/auto/IterateOverArray12.xml
15 ms. Memory: 208384K Free: 97005K (47%)
----------------- Invoking toplevel() on ptolemy.moml.MoMLSimpleApplication@2dc8b2db
----------------- Done invoking toplevel() on ptolemy.moml.MoMLSimpleApplication@2dc8b2db
reloadAllAccessors: .IterateOverArray12

===========================================================================================
----------------- testing Mon Nov 05 02:36:56 UTC 2018 /home/travis/build/icyphy/ptII/ptolemy/actor/lib/hoc/test/auto/IterateOverArray13.xml
----------------- Instantiating /home/travis/build/icyphy/ptII/ptolemy/actor/lib/hoc/test/auto/IterateOverArray13.xml
66 ms. Memory: 331264K Free: 311852K (94%)
----------------- Invoking toplevel() on ptolemy.moml.MoMLSimpleApplication@58bef8db
----------------- Done invoking toplevel() on ptolemy.moml.MoMLSimpleApplication@58bef8db
reloadAllAccessors: .IterateOverArray13

===========================================================================================
----------------- testing Mon Nov 05 02:36:56 UTC 2018 /home/travis/build/icyphy/ptII/ptolemy/actor/lib/hoc/test/auto/IterateOverArray14.xml
----------------- Instantiating /home/travis/build/icyphy/ptII/ptolemy/actor/lib/hoc/test/auto/IterateOverArray14.xml
67 ms. Memory: 331264K Free: 275111K (83%)
----------------- Invoking toplevel() on ptolemy.moml.MoMLSimpleApplication@3d7c0f1
----------------- Done invoking toplevel() on ptolemy.moml.MoMLSimpleApplication@3d7c0f1
reloadAllAccessors: .IterateOverArray14

===========================================================================================
----------------- testing Mon Nov 05 02:36:56 UTC 2018 /home/travis/build/icyphy/ptII/ptolemy/actor/lib/hoc/test/auto/IterateOverArray2.xml
----------------- Instantiating /home/travis/build/icyphy/ptII/ptolemy/actor/lib/hoc/test/auto/IterateOverArray2.xml
7 ms. Memory: 331264K Free: 268561K (81%)
----------------- Invoking toplevel() on ptolemy.moml.MoMLSimpleApplication@2154ad8
----------------- Done invoking toplevel() on ptolemy.moml.MoMLSimpleApplication@2154ad8
reloadAllAccessors: .IterateOverArray2

===========================================================================================
----------------- testing Mon Nov 05 02:36:56 UTC 2018 /home/travis/build/icyphy/ptII/ptolemy/actor/lib/hoc/test/auto/IterateOverArray3.xml
----------------- Instantiating /home/travis/build/icyphy/ptII/ptolemy/actor/lib/hoc/test/auto/IterateOverArray3.xml
12 ms. Memory: 331264K Free: 261173K (79%)
----------------- Invoking toplevel() on ptolemy.moml.MoMLSimpleApplication@7fc04f9a
----------------- Done invoking toplevel() on ptolemy.moml.MoMLSimpleApplication@7fc04f9a
reloadAllAccessors: .IterateOverArray3

===========================================================================================
----------------- testing Mon Nov 05 02:36:56 UTC 2018 /home/travis/build/icyphy/ptII/ptolemy/actor/lib/hoc/test/auto/IterateOverArray4.xml
----------------- Instantiating /home/travis/build/icyphy/ptII/ptolemy/actor/lib/hoc/test/auto/IterateOverArray4.xml
12 ms. Memory: 331264K Free: 256262K (77%)
----------------- Invoking toplevel() on ptolemy.moml.MoMLSimpleApplication@5c50a27a
----------------- Done invoking toplevel() on ptolemy.moml.MoMLSimpleApplication@5c50a27a
reloadAllAccessors: .IterateOverArray4

===========================================================================================
----------------- testing Mon Nov 05 02:36:56 UTC 2018 /home/travis/build/icyphy/ptII/ptolemy/actor/lib/hoc/test/auto/IterateOverArray5.xml
----------------- Instantiating /home/travis/build/icyphy/ptII/ptolemy/actor/lib/hoc/test/auto/IterateOverArray5.xml
3 ms. Memory: 331264K Free: 251352K (76%)
----------------- Invoking toplevel() on ptolemy.moml.MoMLSimpleApplication@509e217a
----------------- Done invoking toplevel() on ptolemy.moml.MoMLSimpleApplication@509e217a
reloadAllAccessors: .IterateOverArray5

===========================================================================================
----------------- testing Mon Nov 05 02:36:56 UTC 2018 /home/travis/build/icyphy/ptII/ptolemy/actor/lib/hoc/test/auto/IterateOverArray6.xml
----------------- Instantiating /home/travis/build/icyphy/ptII/ptolemy/actor/lib/hoc/test/auto/IterateOverArray6.xml
2 ms. Memory: 331264K Free: 245595K (74%)
----------------- Invoking toplevel() on ptolemy.moml.MoMLSimpleApplication@73c282b7
----------------- Done invoking toplevel() on ptolemy.moml.MoMLSimpleApplication@73c282b7
reloadAllAccessors: .IterateOverArray6

===========================================================================================
----------------- testing Mon Nov 05 02:36:56 UTC 2018 /home/travis/build/icyphy/ptII/ptolemy/actor/lib/hoc/test/auto/IterateOverArray7.xml
----------------- Instantiating /home/travis/build/icyphy/ptII/ptolemy/actor/lib/hoc/test/auto/IterateOverArray7.xml
4 ms. Memory: 331264K Free: 240685K (73%)
----------------- Invoking toplevel() on ptolemy.moml.MoMLSimpleApplication@6bb31db5
----------------- Done invoking toplevel() on ptolemy.moml.MoMLSimpleApplication@6bb31db5
reloadAllAccessors: .IterateOverArray7

===========================================================================================
----------------- testing Mon Nov 05 02:36:56 UTC 2018 /home/travis/build/icyphy/ptII/ptolemy/actor/lib/hoc/test/auto/IterateOverArray8.xml
----------------- Instantiating /home/travis/build/icyphy/ptII/ptolemy/actor/lib/hoc/test/auto/IterateOverArray8.xml
3 ms. Memory: 331264K Free: 234937K (71%)
----------------- Invoking toplevel() on ptolemy.moml.MoMLSimpleApplication@277a6a6c
----------------- Done invoking toplevel() on ptolemy.moml.MoMLSimpleApplication@277a6a6c
reloadAllAccessors: .IterateOverArray8

===========================================================================================
----------------- testing Mon Nov 05 02:36:56 UTC 2018 /home/travis/build/icyphy/ptII/ptolemy/actor/lib/hoc/test/auto/IterateOverArray9.xml
----------------- Instantiating /home/travis/build/icyphy/ptII/ptolemy/actor/lib/hoc/test/auto/IterateOverArray9.xml
7 ms. Memory: 331264K Free: 230042K (69%)
----------------- Invoking toplevel() on ptolemy.moml.MoMLSimpleApplication@771aca44
----------------- Done invoking toplevel() on ptolemy.moml.MoMLSimpleApplication@771aca44
reloadAllAccessors: .IterateOverArray9

===========================================================================================
----------------- testing Mon Nov 05 02:36:56 UTC 2018 /home/travis/build/icyphy/ptII/ptolemy/actor/lib/hoc/test/auto/IterateOverArrayCoercedOutputType.xml
----------------- Instantiating /home/travis/build/icyphy/ptII/ptolemy/actor/lib/hoc/test/auto/IterateOverArrayCoercedOutputType.xml
3 ms. Memory: 331264K Free: 223499K (67%)
----------------- Invoking toplevel() on ptolemy.moml.MoMLSimpleApplication@6d6e0326
----------------- Done invoking toplevel() on ptolemy.moml.MoMLSimpleApplication@6d6e0326
reloadAllAccessors: .IterateOverArrayCoercedOutputType

===========================================================================================
----------------- testing Mon Nov 05 02:36:56 UTC 2018 /home/travis/build/icyphy/ptII/ptolemy/actor/lib/hoc/test/auto/IterateOverArrayInferredOutputType.xml
----------------- Instantiating /home/travis/build/icyphy/ptII/ptolemy/actor/lib/hoc/test/auto/IterateOverArrayInferredOutputType.xml
8 ms. Memory: 331264K Free: 216112K (65%)
----------------- Invoking toplevel() on ptolemy.moml.MoMLSimpleApplication@3a536ec
----------------- Done invoking toplevel() on ptolemy.moml.MoMLSimpleApplication@3a536ec
reloadAllAccessors: .IterateOverArrayInferredOutputType

===========================================================================================
----------------- testing Mon Nov 05 02:36:56 UTC 2018 /home/travis/build/icyphy/ptII/ptolemy/actor/lib/hoc/test/auto/MobileFunctionTest.xml
----------------- Instantiating /home/travis/build/icyphy/ptII/ptolemy/actor/lib/hoc/test/auto/MobileFunctionTest.xml
4 ms. Memory: 331264K Free: 209537K (63%)
----------------- Invoking toplevel() on ptolemy.moml.MoMLSimpleApplication@778c6f6e
----------------- Done invoking toplevel() on ptolemy.moml.MoMLSimpleApplication@778c6f6e
reloadAllAccessors: .MobileFunctionTest

===========================================================================================
----------------- testing Mon Nov 05 02:36:56 UTC 2018 /home/travis/build/icyphy/ptII/ptolemy/actor/lib/hoc/test/auto/MobileModelTest.xml
----------------- Instantiating /home/travis/build/icyphy/ptII/ptolemy/actor/lib/hoc/test/auto/MobileModelTest.xml
78 ms. Memory: 331264K Free: 188221K (57%)
----------------- Invoking toplevel() on ptolemy.moml.MoMLSimpleApplication@da86071
----------------- Done invoking toplevel() on ptolemy.moml.MoMLSimpleApplication@da86071
reloadAllAccessors: .MobileModelTest

===========================================================================================
----------------- testing Mon Nov 05 02:36:56 UTC 2018 /home/travis/build/icyphy/ptII/ptolemy/actor/lib/hoc/test/auto/ModelReference.xml
----------------- Instantiating /home/travis/build/icyphy/ptII/ptolemy/actor/lib/hoc/test/auto/ModelReference.xml
3 ms. Memory: 331264K Free: 177538K (54%)
2 ms. Memory: 331264K Free: 177538K (54%)
1 ms. Memory: 331264K Free: 175890K (53%)
2 ms. Memory: 331264K Free: 175890K (53%)
1 ms. Memory: 331264K Free: 174259K (53%)
1 ms. Memory: 331264K Free: 174259K (53%)
1 ms. Memory: 331264K Free: 172627K (52%)
1 ms. Memory: 331264K Free: 172627K (52%)
1 ms. Memory: 331264K Free: 170996K (52%)
7 ms. Memory: 331264K Free: 170996K (52%)
29 ms. Memory: 331264K Free: 170996K (52%)
----------------- Invoking toplevel() on ptolemy.moml.MoMLSimpleApplication@6744c248
----------------- Done invoking toplevel() on ptolemy.moml.MoMLSimpleApplication@6744c248
reloadAllAccessors: .ModelReference

===========================================================================================
----------------- testing Mon Nov 05 02:36:57 UTC 2018 /home/travis/build/icyphy/ptII/ptolemy/actor/lib/hoc/test/auto/ModelReference3.xml
----------------- Instantiating /home/travis/build/icyphy/ptII/ptolemy/actor/lib/hoc/test/auto/ModelReference3.xml
2 ms. Memory: 331264K Free: 166101K (50%)
4 ms. Memory: 331264K Free: 164453K (50%)
1 ms. Memory: 331264K Free: 164453K (50%)
4 ms. Memory: 331264K Free: 162821K (49%)
1 ms. Memory: 331264K Free: 162821K (49%)
1 ms. Memory: 331264K Free: 161182K (49%)
1 ms. Memory: 331264K Free: 161182K (49%)
2 ms. Memory: 331264K Free: 159534K (48%)
2 ms. Memory: 331264K Free: 159534K (48%)
3 ms. Memory: 331264K Free: 157887K (48%)
30 ms. Memory: 331264K Free: 157887K (48%)
----------------- Invoking toplevel() on ptolemy.moml.MoMLSimpleApplication@7f43e9d3
----------------- Done invoking toplevel() on ptolemy.moml.MoMLSimpleApplication@7f43e9d3
reloadAllAccessors: .ModelReference3

===========================================================================================
----------------- testing Mon Nov 05 02:36:57 UTC 2018 /home/travis/build/icyphy/ptII/ptolemy/actor/lib/hoc/test/auto/ModelReference4.xml
----------------- Instantiating /home/travis/build/icyphy/ptII/ptolemy/actor/lib/hoc/test/auto/ModelReference4.xml
5 ms. Memory: 331264K Free: 150499K (45%)
2 ms. Memory: 331264K Free: 148867K (45%)
2 ms. Memory: 331264K Free: 147235K (44%)
2 ms. Memory: 331264K Free: 145604K (44%)
2 ms. Memory: 331264K Free: 142325K (43%)
2 ms. Memory: 331264K Free: 140693K (42%)
2 ms. Memory: 331264K Free: 139062K (42%)
2 ms. Memory: 331264K Free: 137430K (41%)
2 ms. Memory: 331264K Free: 135798K (41%)
4 ms. Memory: 331264K Free: 134167K (41%)
10026 ms. Memory: 331264K Free: 134167K (41%)
----------------- Invoking toplevel() on ptolemy.moml.MoMLSimpleApplication@3f240efe
----------------- Done invoking toplevel() on ptolemy.moml.MoMLSimpleApplication@3f240efe
reloadAllAccessors: .ModelReference4

===========================================================================================
----------------- testing Mon Nov 05 02:37:07 UTC 2018 /home/travis/build/icyphy/ptII/ptolemy/actor/lib/hoc/test/auto/MultiInstanceComposite.xml
----------------- Instantiating /home/travis/build/icyphy/ptII/ptolemy/actor/lib/hoc/test/auto/MultiInstanceComposite.xml
29 ms. Memory: 331264K Free: 116155K (35%)
----------------- Invoking toplevel() on ptolemy.moml.MoMLSimpleApplication@6e77a4c2
----------------- Done invoking toplevel() on ptolemy.moml.MoMLSimpleApplication@6e77a4c2
reloadAllAccessors: .MultiInstanceComposite

===========================================================================================
----------------- testing Mon Nov 05 02:37:07 UTC 2018 /home/travis/build/icyphy/ptII/ptolemy/actor/lib/hoc/test/auto/MultiInstanceComposite2.xml
----------------- Instantiating /home/travis/build/icyphy/ptII/ptolemy/actor/lib/hoc/test/auto/MultiInstanceComposite2.xml
22 ms. Memory: 331264K Free: 103031K (31%)
----------------- Invoking toplevel() on ptolemy.moml.MoMLSimpleApplication@3f55c86c
----------------- Done invoking toplevel() on ptolemy.moml.MoMLSimpleApplication@3f55c86c
reloadAllAccessors: .MultiInstanceComposite2

===========================================================================================
----------------- testing Mon Nov 05 02:37:07 UTC 2018 /home/travis/build/icyphy/ptII/ptolemy/actor/lib/hoc/test/auto/MulticoreExecution.xml
----------------- Instantiating /home/travis/build/icyphy/ptII/ptolemy/actor/lib/hoc/test/auto/MulticoreExecution.xml
Fired ExecutionTime: 2000000
Fired ExecutionTime: 4400000
Fired ExecutionTime: 30000000
Fired ExecutionTime: 40400000
Fired ExecutionTime: 66000000
Fired ExecutionTime: 66000000
Fired ExecutionTime: 66000000
Fired ExecutionTime: 66000000
Fired ExecutionTime: 65200000
Fired ExecutionTime: 71200000
Fired ExecutionTime: 66000000
Fired ExecutionTime: 66000000
Fired ExecutionTime: 66000000
Fired ExecutionTime: 65600000
Fired ExecutionTime: 65600000
Fired ExecutionTime: 65600000
Fired ExecutionTime: 66000000
Fired ExecutionTime: 66000000
Fired ExecutionTime: 66000000
Fired ExecutionTime: 66000000
1056 ms. Memory: 331264K Free: 89108K (27%)
----------------- Invoking toplevel() on ptolemy.moml.MoMLSimpleApplication@23e87b81
----------------- Done invoking toplevel() on ptolemy.moml.MoMLSimpleApplication@23e87b81
reloadAllAccessors: .MulticoreExecution

===========================================================================================
----------------- testing Mon Nov 05 02:37:08 UTC 2018 /home/travis/build/icyphy/ptII/ptolemy/actor/lib/hoc/test/auto/ParallelExecution.xml
----------------- Instantiating /home/travis/build/icyphy/ptII/ptolemy/actor/lib/hoc/test/auto/ParallelExecution.xml
932 ms. Memory: 332288K Free: 319951K (96%)
----------------- Invoking toplevel() on ptolemy.moml.MoMLSimpleApplication@7dee4cf2
----------------- Done invoking toplevel() on ptolemy.moml.MoMLSimpleApplication@7dee4cf2
reloadAllAccessors: .ParallelExecution

===========================================================================================
----------------- testing Mon Nov 05 02:37:09 UTC 2018 /home/travis/build/icyphy/ptII/ptolemy/actor/lib/hoc/test/auto/RunCompositeActor.xml
----------------- Instantiating /home/travis/build/icyphy/ptII/ptolemy/actor/lib/hoc/test/auto/RunCompositeActor.xml
11 ms. Memory: 332288K Free: 309887K (93%)
----------------- Invoking toplevel() on ptolemy.moml.MoMLSimpleApplication@36da79a3
----------------- Done invoking toplevel() on ptolemy.moml.MoMLSimpleApplication@36da79a3
reloadAllAccessors: .RunCompositeActor

===========================================================================================
----------------- testing Mon Nov 05 02:37:09 UTC 2018 /home/travis/build/icyphy/ptII/ptolemy/actor/lib/hoc/test/auto/RunCompositeActor2.xml
----------------- Instantiating /home/travis/build/icyphy/ptII/ptolemy/actor/lib/hoc/test/auto/RunCompositeActor2.xml
3 ms. Memory: 332288K Free: 300672K (90%)
----------------- Invoking toplevel() on ptolemy.moml.MoMLSimpleApplication@3c10dfa8
----------------- Done invoking toplevel() on ptolemy.moml.MoMLSimpleApplication@3c10dfa8
reloadAllAccessors: .RunCompositeActor2

===========================================================================================
----------------- testing Mon Nov 05 02:37:09 UTC 2018 /home/travis/build/icyphy/ptII/ptolemy/actor/lib/hoc/test/auto/RunCompositeActor3.xml
----------------- Instantiating /home/travis/build/icyphy/ptII/ptolemy/actor/lib/hoc/test/auto/RunCompositeActor3.xml
3 ms. Memory: 332288K Free: 294538K (89%)
----------------- Invoking toplevel() on ptolemy.moml.MoMLSimpleApplication@514721c7
----------------- Done invoking toplevel() on ptolemy.moml.MoMLSimpleApplication@514721c7
reloadAllAccessors: .RunCompositeActor3

===========================================================================================
----------------- testing Mon Nov 05 02:37:09 UTC 2018 /home/travis/build/icyphy/ptII/ptolemy/actor/lib/hoc/test/auto/RunCompositeActor4.xml
----------------- Instantiating /home/travis/build/icyphy/ptII/ptolemy/actor/lib/hoc/test/auto/RunCompositeActor4.xml
11 ms. Memory: 332288K Free: 283906K (85%)
----------------- Invoking toplevel() on ptolemy.moml.MoMLSimpleApplication@8ea01ee
----------------- Done invoking toplevel() on ptolemy.moml.MoMLSimpleApplication@8ea01ee
reloadAllAccessors: .RunCompositeActor4

===========================================================================================
----------------- testing Mon Nov 05 02:37:09 UTC 2018 /home/travis/build/icyphy/ptII/ptolemy/actor/lib/hoc/test/auto/RunCompositeIterateOverArray.xml
----------------- Instantiating /home/travis/build/icyphy/ptII/ptolemy/actor/lib/hoc/test/auto/RunCompositeIterateOverArray.xml
7 ms. Memory: 332288K Free: 277748K (84%)
----------------- Invoking toplevel() on ptolemy.moml.MoMLSimpleApplication@67cb7015
----------------- Done invoking toplevel() on ptolemy.moml.MoMLSimpleApplication@67cb7015
reloadAllAccessors: .RunCompositeIterateOverArray

===========================================================================================
----------------- testing Mon Nov 05 02:37:09 UTC 2018 /home/travis/build/icyphy/ptII/ptolemy/actor/lib/hoc/test/auto/ThreadedJS.xml
----------------- Instantiating /home/travis/build/icyphy/ptII/ptolemy/actor/lib/hoc/test/auto/ThreadedJS.xml
1575 ms. Memory: 542208K Free: 155633K (29%)
----------------- Invoking toplevel() on ptolemy.moml.MoMLSimpleApplication@b89f4ec
----------------- Done invoking toplevel() on ptolemy.moml.MoMLSimpleApplication@b89f4ec
reloadAllAccessors: .ThreadedJS
AutoTests.java: About to close Vertx.
AutoTests.java: Vertx closed.
]]></system-out>
  <system-err><![CDATA[java.lang.RuntimeException: Execution failed
	at ptolemy.moml.MoMLSimpleApplication$UnloadThread.run(MoMLSimpleApplication.java:402)
Caused by: ptolemy.kernel.util.IllegalActionException: initialize() was called after wrapup() was called but preinitialize() was not called after wrapup().
	at ptolemy.actor.lib.hoc.test.PreinitializeMustBeInvoked.initialize(PreinitializeMustBeInvoked.java:78)
	at ptolemy.actor.Director.initialize(Director.java:938)
	at ptolemy.actor.Director.initialize(Director.java:907)
	at ptolemy.actor.sched.StaticSchedulingDirector.initialize(StaticSchedulingDirector.java:159)
	at ptolemy.domains.sdf.kernel.SDFDirector.initialize(SDFDirector.java:544)
	at ptolemy.actor.CompositeActor.initialize(CompositeActor.java:935)
	at ptolemy.actor.lib.hoc.LifeCycleManager._executeInsideModel(LifeCycleManager.java:339)
	at ptolemy.actor.lib.hoc.RunCompositeActor.fire(RunCompositeActor.java:205)
	at ptolemy.actor.CompositeActor.iterate(CompositeActor.java:1146)
	at ptolemy.actor.sched.StaticSchedulingDirector.fire(StaticSchedulingDirector.java:216)
	at ptolemy.domains.sdf.kernel.SDFDirector.fire(SDFDirector.java:500)
	at ptolemy.actor.CompositeActor.fire(CompositeActor.java:455)
	at ptolemy.actor.Manager.iterate(Manager.java:851)
	at ptolemy.actor.Manager.execute(Manager.java:369)
	at ptolemy.actor.Manager.run(Manager.java:1263)
	at ptolemy.actor.Manager$PtolemyRunThread.run(Manager.java:1915)
java.lang.reflect.InvocationTargetException
	at sun.reflect.NativeConstructorAccessorImpl.newInstance0(Native Method)
	at sun.reflect.NativeConstructorAccessorImpl.newInstance(NativeConstructorAccessorImpl.java:62)
	at sun.reflect.DelegatingConstructorAccessorImpl.newInstance(DelegatingConstructorAccessorImpl.java:45)
	at java.lang.reflect.Constructor.newInstance(Constructor.java:423)
	at ptolemy.util.test.junit.AutoKnownFailedTests.RunModel(AutoKnownFailedTests.java:105)
	at sun.reflect.NativeMethodAccessorImpl.invoke0(Native Method)
	at sun.reflect.NativeMethodAccessorImpl.invoke(NativeMethodAccessorImpl.java:62)
	at sun.reflect.DelegatingMethodAccessorImpl.invoke(DelegatingMethodAccessorImpl.java:43)
	at java.lang.reflect.Method.invoke(Method.java:498)
	at org.junit.runners.model.FrameworkMethod$1.runReflectiveCall(FrameworkMethod.java:44)
	at org.junit.internal.runners.model.ReflectiveCallable.run(ReflectiveCallable.java:15)
	at org.junit.runners.model.FrameworkMethod.invokeExplosively(FrameworkMethod.java:41)
	at junitparams.internal.InvokeParameterisedMethod.evaluate(InvokeParameterisedMethod.java:102)
	at org.junit.internal.runners.statements.FailOnTimeout$1.run(FailOnTimeout.java:28)
Caused by: ptolemy.kernel.util.IllegalActionException: initialize() was called after wrapup() was called but preinitialize() was not called after wrapup().
	at ptolemy.actor.lib.hoc.test.PreinitializeMustBeInvoked.initialize(PreinitializeMustBeInvoked.java:78)
	at ptolemy.actor.Director.initialize(Director.java:938)
	at ptolemy.actor.Director.initialize(Director.java:907)
	at ptolemy.actor.sched.StaticSchedulingDirector.initialize(StaticSchedulingDirector.java:159)
	at ptolemy.domains.sdf.kernel.SDFDirector.initialize(SDFDirector.java:544)
	at ptolemy.actor.CompositeActor.initialize(CompositeActor.java:935)
	at ptolemy.actor.lib.hoc.LifeCycleManager._executeInsideModel(LifeCycleManager.java:339)
	at ptolemy.actor.lib.hoc.RunCompositeActor.fire(RunCompositeActor.java:205)
	at ptolemy.actor.CompositeActor.iterate(CompositeActor.java:1146)
	at ptolemy.actor.sched.StaticSchedulingDirector.fire(StaticSchedulingDirector.java:216)
	at ptolemy.domains.sdf.kernel.SDFDirector.fire(SDFDirector.java:500)
	at ptolemy.actor.CompositeActor.fire(CompositeActor.java:455)
	at ptolemy.actor.Manager.iterate(Manager.java:851)
	at ptolemy.actor.Manager.execute(Manager.java:369)
	at ptolemy.actor.Manager.run(Manager.java:1263)
	at ptolemy.actor.Manager$PtolemyRunThread.run(Manager.java:1915)
]]></system-err>
</testsuite>
