<?xml version="1.0" encoding="UTF-8" ?>
<testsuite errors="0" failures="0" hostname="travis-job-18c072e3-b05a-4c5b-b3d0-5dd9ca286a7e" name="ptolemy.domains.modal.test.junit.JUnitTclTest" skipped="0" tests="148" time="10.911" timestamp="2019-08-21T05:31:30">
  <properties>
[...]
</properties>
  <testcase classname="ptolemy.util.test.junit.TclTests" name="[0] /home/travis/build/icyphy/ptII/ptolemy/domains/modal/test/SystemLevelType.tcl (RunTclFile)" time="2.154" />
  <testcase classname="ptolemy.util.test.junit.AutoKnownFailedTests" name="[0] /home/travis/build/icyphy/ptII/ptolemy/domains/modal/test/auto/knownFailedTests/CannotAnalysisWithPreemption.xml (RunModel)" time="0.235" />
  <testcase classname="ptolemy.util.test.junit.AutoNameArchTests" name="[0] ThereAreNoAutoArchTests (RunModel)" time="0.038" />
  <testcase classname="ptolemy.util.test.junit.AutoTests" name="[0] /home/travis/build/icyphy/ptII/ptolemy/domains/modal/test/auto/ABPTest.xml (RunModel)" time="0.876" />
  <testcase classname="ptolemy.util.test.junit.AutoTests" name="[1] /home/travis/build/icyphy/ptII/ptolemy/domains/modal/test/auto/ABROFlat.xml (RunModel)" time="0.108" />
  <testcase classname="ptolemy.util.test.junit.AutoTests" name="[2] /home/travis/build/icyphy/ptII/ptolemy/domains/modal/test/auto/ABROFlat2.xml (RunModel)" time="0.057" />
  <testcase classname="ptolemy.util.test.junit.AutoTests" name="[3] /home/travis/build/icyphy/ptII/ptolemy/domains/modal/test/auto/ABRO_present_hmm.xml (RunModel)" time="0.143" />
  <testcase classname="ptolemy.util.test.junit.AutoTests" name="[4] /home/travis/build/icyphy/ptII/ptolemy/domains/modal/test/auto/AMICoderExample.xml (RunModel)" time="0.088" />
  <testcase classname="ptolemy.util.test.junit.AutoTests" name="[5] /home/travis/build/icyphy/ptII/ptolemy/domains/modal/test/auto/AbsentToPresent.xml (RunModel)" time="0.02" />
  <testcase classname="ptolemy.util.test.junit.AutoTests" name="[6] /home/travis/build/icyphy/ptII/ptolemy/domains/modal/test/auto/Blending.xml (RunModel)" time="0.279" />
  <testcase classname="ptolemy.util.test.junit.AutoTests" name="[7] /home/travis/build/icyphy/ptII/ptolemy/domains/modal/test/auto/Broadcast.xml (RunModel)" time="0.06" />
  <testcase classname="ptolemy.util.test.junit.AutoTests" name="[8] /home/travis/build/icyphy/ptII/ptolemy/domains/modal/test/auto/BroadcastHierarchy.xml (RunModel)" time="0.057" />
  <testcase classname="ptolemy.util.test.junit.AutoTests" name="[9] /home/travis/build/icyphy/ptII/ptolemy/domains/modal/test/auto/BroadcastHierarchy2.xml (RunModel)" time="0.125" />
  <testcase classname="ptolemy.util.test.junit.AutoTests" name="[10] /home/travis/build/icyphy/ptII/ptolemy/domains/modal/test/auto/BroadcastHierarchy3.xml (RunModel)" time="0.128" />
  <testcase classname="ptolemy.util.test.junit.AutoTests" name="[11] /home/travis/build/icyphy/ptII/ptolemy/domains/modal/test/auto/BroadcastHierarchy4.xml (RunModel)" time="0.094" />
  <testcase classname="ptolemy.util.test.junit.AutoTests" name="[12] /home/travis/build/icyphy/ptII/ptolemy/domains/modal/test/auto/CannotAnalysisWithPreemption2.xml (RunModel)" time="0.032" />
  <testcase classname="ptolemy.util.test.junit.AutoTests" name="[13] /home/travis/build/icyphy/ptII/ptolemy/domains/modal/test/auto/CannotAnalysisWithPreemption3.xml (RunModel)" time="0.053" />
  <testcase classname="ptolemy.util.test.junit.AutoTests" name="[14] /home/travis/build/icyphy/ptII/ptolemy/domains/modal/test/auto/CannotProduce.xml (RunModel)" time="0.041" />
  <testcase classname="ptolemy.util.test.junit.AutoTests" name="[15] /home/travis/build/icyphy/ptII/ptolemy/domains/modal/test/auto/CannotProduceModal.xml (RunModel)" time="0.051" />
  <testcase classname="ptolemy.util.test.junit.AutoTests" name="[16] /home/travis/build/icyphy/ptII/ptolemy/domains/modal/test/auto/Case.xml (RunModel)" time="0.101" />
  <testcase classname="ptolemy.util.test.junit.AutoTests" name="[17] /home/travis/build/icyphy/ptII/ptolemy/domains/modal/test/auto/Case1.xml (RunModel)" time="0.044" />
  <testcase classname="ptolemy.util.test.junit.AutoTests" name="[18] /home/travis/build/icyphy/ptII/ptolemy/domains/modal/test/auto/Case2.xml (RunModel)" time="0.074" />
  <testcase classname="ptolemy.util.test.junit.AutoTests" name="[19] /home/travis/build/icyphy/ptII/ptolemy/domains/modal/test/auto/CausalityInterface1.xml (RunModel)" time="0.022" />
  <testcase classname="ptolemy.util.test.junit.AutoTests" name="[20] /home/travis/build/icyphy/ptII/ptolemy/domains/modal/test/auto/CausalityInterface10.xml (RunModel)" time="0.052" />
  <testcase classname="ptolemy.util.test.junit.AutoTests" name="[21] /home/travis/build/icyphy/ptII/ptolemy/domains/modal/test/auto/CausalityInterface11.xml (RunModel)" time="0.064" />
  <testcase classname="ptolemy.util.test.junit.AutoTests" name="[22] /home/travis/build/icyphy/ptII/ptolemy/domains/modal/test/auto/CausalityInterface12.xml (RunModel)" time="0.05" />
  <testcase classname="ptolemy.util.test.junit.AutoTests" name="[23] /home/travis/build/icyphy/ptII/ptolemy/domains/modal/test/auto/CausalityInterface13.xml (RunModel)" time="0.055" />
  <testcase classname="ptolemy.util.test.junit.AutoTests" name="[24] /home/travis/build/icyphy/ptII/ptolemy/domains/modal/test/auto/CausalityInterface14.xml (RunModel)" time="0.056" />
  <testcase classname="ptolemy.util.test.junit.AutoTests" name="[25] /home/travis/build/icyphy/ptII/ptolemy/domains/modal/test/auto/CausalityInterface2.xml (RunModel)" time="0.031" />
  <testcase classname="ptolemy.util.test.junit.AutoTests" name="[26] /home/travis/build/icyphy/ptII/ptolemy/domains/modal/test/auto/CausalityInterface3.xml (RunModel)" time="0.025" />
  <testcase classname="ptolemy.util.test.junit.AutoTests" name="[27] /home/travis/build/icyphy/ptII/ptolemy/domains/modal/test/auto/CausalityInterface4.xml (RunModel)" time="0.041" />
  <testcase classname="ptolemy.util.test.junit.AutoTests" name="[28] /home/travis/build/icyphy/ptII/ptolemy/domains/modal/test/auto/CausalityInterface5.xml (RunModel)" time="0.027" />
  <testcase classname="ptolemy.util.test.junit.AutoTests" name="[29] /home/travis/build/icyphy/ptII/ptolemy/domains/modal/test/auto/CausalityInterface6.xml (RunModel)" time="0.037" />
  <testcase classname="ptolemy.util.test.junit.AutoTests" name="[30] /home/travis/build/icyphy/ptII/ptolemy/domains/modal/test/auto/CausalityInterface7.xml (RunModel)" time="0.034" />
  <testcase classname="ptolemy.util.test.junit.AutoTests" name="[31] /home/travis/build/icyphy/ptII/ptolemy/domains/modal/test/auto/CausalityInterface8.xml (RunModel)" time="0.033" />
  <testcase classname="ptolemy.util.test.junit.AutoTests" name="[32] /home/travis/build/icyphy/ptII/ptolemy/domains/modal/test/auto/CausalityInterface9.xml (RunModel)" time="0.032" />
  <testcase classname="ptolemy.util.test.junit.AutoTests" name="[33] /home/travis/build/icyphy/ptII/ptolemy/domains/modal/test/auto/ChainedTransitions.xml (RunModel)" time="0.141" />
  <testcase classname="ptolemy.util.test.junit.AutoTests" name="[34] /home/travis/build/icyphy/ptII/ptolemy/domains/modal/test/auto/CycleOfImmediateTransitionsFSM.xml (RunModel)" time="0.02" />
  <testcase classname="ptolemy.util.test.junit.AutoTests" name="[35] /home/travis/build/icyphy/ptII/ptolemy/domains/modal/test/auto/CycleOfImmediateTransitionsModal.xml (RunModel)" time="0.025" />
  <testcase classname="ptolemy.util.test.junit.AutoTests" name="[36] /home/travis/build/icyphy/ptII/ptolemy/domains/modal/test/auto/CycleOfImmediateTransitionsModal2.xml (RunModel)" time="0.047" />
  <testcase classname="ptolemy.util.test.junit.AutoTests" name="[37] /home/travis/build/icyphy/ptII/ptolemy/domains/modal/test/auto/CycleOfImmediateTransitionsModal3.xml (RunModel)" time="0.065" />
  <testcase classname="ptolemy.util.test.junit.AutoTests" name="[38] /home/travis/build/icyphy/ptII/ptolemy/domains/modal/test/auto/DeepModal1.xml (RunModel)" time="0.061" />
  <testcase classname="ptolemy.util.test.junit.AutoTests" name="[39] /home/travis/build/icyphy/ptII/ptolemy/domains/modal/test/auto/DeepModal2.xml (RunModel)" time="0.057" />
  <testcase classname="ptolemy.util.test.junit.AutoTests" name="[40] /home/travis/build/icyphy/ptII/ptolemy/domains/modal/test/auto/DeepModal3.xml (RunModel)" time="0.066" />
  <testcase classname="ptolemy.util.test.junit.AutoTests" name="[41] /home/travis/build/icyphy/ptII/ptolemy/domains/modal/test/auto/DeepModal4.xml (RunModel)" time="0.071" />
  <testcase classname="ptolemy.util.test.junit.AutoTests" name="[42] /home/travis/build/icyphy/ptII/ptolemy/domains/modal/test/auto/Default1.xml (RunModel)" time="0.014" />
  <testcase classname="ptolemy.util.test.junit.AutoTests" name="[43] /home/travis/build/icyphy/ptII/ptolemy/domains/modal/test/auto/Default2.xml (RunModel)" time="0.02" />
  <testcase classname="ptolemy.util.test.junit.AutoTests" name="[44] /home/travis/build/icyphy/ptII/ptolemy/domains/modal/test/auto/Default3.xml (RunModel)" time="0.02" />
  <testcase classname="ptolemy.util.test.junit.AutoTests" name="[45] /home/travis/build/icyphy/ptII/ptolemy/domains/modal/test/auto/Default4.xml (RunModel)" time="0.016" />
  <testcase classname="ptolemy.util.test.junit.AutoTests" name="[46] /home/travis/build/icyphy/ptII/ptolemy/domains/modal/test/auto/Default5.xml (RunModel)" time="0.025" />
  <testcase classname="ptolemy.util.test.junit.AutoTests" name="[47] /home/travis/build/icyphy/ptII/ptolemy/domains/modal/test/auto/EmptyGuard.xml (RunModel)" time="0.034" />
  <testcase classname="ptolemy.util.test.junit.AutoTests" name="[48] /home/travis/build/icyphy/ptII/ptolemy/domains/modal/test/auto/ErrorTransition1.xml (RunModel)" time="0.041" />
  <testcase classname="ptolemy.util.test.junit.AutoTests" name="[49] /home/travis/build/icyphy/ptII/ptolemy/domains/modal/test/auto/ErrorTransition10.xml (RunModel)" time="0.057" />
  <testcase classname="ptolemy.util.test.junit.AutoTests" name="[50] /home/travis/build/icyphy/ptII/ptolemy/domains/modal/test/auto/ErrorTransition11.xml (RunModel)" time="0.044" />
  <testcase classname="ptolemy.util.test.junit.AutoTests" name="[51] /home/travis/build/icyphy/ptII/ptolemy/domains/modal/test/auto/ErrorTransition2.xml (RunModel)" time="0.03" />
  <testcase classname="ptolemy.util.test.junit.AutoTests" name="[52] /home/travis/build/icyphy/ptII/ptolemy/domains/modal/test/auto/ErrorTransition3.xml (RunModel)" time="0.048" />
  <testcase classname="ptolemy.util.test.junit.AutoTests" name="[53] /home/travis/build/icyphy/ptII/ptolemy/domains/modal/test/auto/ErrorTransition4.xml (RunModel)" time="0.045" />
  <testcase classname="ptolemy.util.test.junit.AutoTests" name="[54] /home/travis/build/icyphy/ptII/ptolemy/domains/modal/test/auto/ErrorTransition5.xml (RunModel)" time="0.032" />
  <testcase classname="ptolemy.util.test.junit.AutoTests" name="[55] /home/travis/build/icyphy/ptII/ptolemy/domains/modal/test/auto/ErrorTransition6.xml (RunModel)" time="0.031" />
  <testcase classname="ptolemy.util.test.junit.AutoTests" name="[56] /home/travis/build/icyphy/ptII/ptolemy/domains/modal/test/auto/ErrorTransition7.xml (RunModel)" time="0.053" />
  <testcase classname="ptolemy.util.test.junit.AutoTests" name="[57] /home/travis/build/icyphy/ptII/ptolemy/domains/modal/test/auto/ErrorTransition8.xml (RunModel)" time="0.056" />
  <testcase classname="ptolemy.util.test.junit.AutoTests" name="[58] /home/travis/build/icyphy/ptII/ptolemy/domains/modal/test/auto/ErrorTransition9.xml (RunModel)" time="0.043" />
  <testcase classname="ptolemy.util.test.junit.AutoTests" name="[59] /home/travis/build/icyphy/ptII/ptolemy/domains/modal/test/auto/ExtendedFSM.xml (RunModel)" time="0.023" />
  <testcase classname="ptolemy.util.test.junit.AutoTests" name="[60] /home/travis/build/icyphy/ptII/ptolemy/domains/modal/test/auto/FinalStates.xml (RunModel)" time="0.019" />
  <testcase classname="ptolemy.util.test.junit.AutoTests" name="[61] /home/travis/build/icyphy/ptII/ptolemy/domains/modal/test/auto/FixedPointFSM.xml (RunModel)" time="0.043" />
  <testcase classname="ptolemy.util.test.junit.AutoTests" name="[62] /home/travis/build/icyphy/ptII/ptolemy/domains/modal/test/auto/FixedPointIterationFSMActor.xml (RunModel)" time="0.033" />
  <testcase classname="ptolemy.util.test.junit.AutoTests" name="[63] /home/travis/build/icyphy/ptII/ptolemy/domains/modal/test/auto/FixedPointIterationFSMActor2.xml (RunModel)" time="0.046" />
  <testcase classname="ptolemy.util.test.junit.AutoTests" name="[64] /home/travis/build/icyphy/ptII/ptolemy/domains/modal/test/auto/ForbiddenInstantanousLoop.xml (RunModel)" time="0.033" />
  <testcase classname="ptolemy.util.test.junit.AutoTests" name="[65] /home/travis/build/icyphy/ptII/ptolemy/domains/modal/test/auto/FunctionDependencyOfFSMActorTest.xml (RunModel)" time="0.026" />
  <testcase classname="ptolemy.util.test.junit.AutoTests" name="[66] /home/travis/build/icyphy/ptII/ptolemy/domains/modal/test/auto/GuardExpression.xml (RunModel)" time="0.017" />
  <testcase classname="ptolemy.util.test.junit.AutoTests" name="[67] /home/travis/build/icyphy/ptII/ptolemy/domains/modal/test/auto/GuardNotEvaluated.xml (RunModel)" time="0.026" />
  <testcase classname="ptolemy.util.test.junit.AutoTests" name="[68] /home/travis/build/icyphy/ptII/ptolemy/domains/modal/test/auto/GuardNotEvaluated2.xml (RunModel)" time="0.022" />
  <testcase classname="ptolemy.util.test.junit.AutoTests" name="[69] /home/travis/build/icyphy/ptII/ptolemy/domains/modal/test/auto/GuardOnAbsent.xml (RunModel)" time="0.021" />
  <testcase classname="ptolemy.util.test.junit.AutoTests" name="[70] /home/travis/build/icyphy/ptII/ptolemy/domains/modal/test/auto/HierarchicalFSMTypeInference.xml (RunModel)" time="0.025" />
  <testcase classname="ptolemy.util.test.junit.AutoTests" name="[71] /home/travis/build/icyphy/ptII/ptolemy/domains/modal/test/auto/Hysteresis.xml (RunModel)" time="0.04" />
  <testcase classname="ptolemy.util.test.junit.AutoTests" name="[72] /home/travis/build/icyphy/ptII/ptolemy/domains/modal/test/auto/HysteresisWithDefault.xml (RunModel)" time="0.061" />
  <testcase classname="ptolemy.util.test.junit.AutoTests" name="[73] /home/travis/build/icyphy/ptII/ptolemy/domains/modal/test/auto/HysteresisWithDefault2.xml (RunModel)" time="0.067" />
  <testcase classname="ptolemy.util.test.junit.AutoTests" name="[74] /home/travis/build/icyphy/ptII/ptolemy/domains/modal/test/auto/ImmediateNonConstructiveness.xml (RunModel)" time="0.017" />
  <testcase classname="ptolemy.util.test.junit.AutoTests" name="[75] /home/travis/build/icyphy/ptII/ptolemy/domains/modal/test/auto/ImmediateNonConstructiveness2.xml (RunModel)" time="0.017" />
  <testcase classname="ptolemy.util.test.junit.AutoTests" name="[76] /home/travis/build/icyphy/ptII/ptolemy/domains/modal/test/auto/ImmediateTransitionReset.xml (RunModel)" time="0.036" />
  <testcase classname="ptolemy.util.test.junit.AutoTests" name="[77] /home/travis/build/icyphy/ptII/ptolemy/domains/modal/test/auto/ImmediateTransitions1.xml (RunModel)" time="0.009" />
  <testcase classname="ptolemy.util.test.junit.AutoTests" name="[78] /home/travis/build/icyphy/ptII/ptolemy/domains/modal/test/auto/ImmediateTransitionsInstantaneousCommunication.xml (RunModel)" time="0.026" />
  <testcase classname="ptolemy.util.test.junit.AutoTests" name="[79] /home/travis/build/icyphy/ptII/ptolemy/domains/modal/test/auto/InitialImmediateTransition.xml (RunModel)" time="0.013" />
  <testcase classname="ptolemy.util.test.junit.AutoTests" name="[80] /home/travis/build/icyphy/ptII/ptolemy/domains/modal/test/auto/InitialOutputs.xml (RunModel)" time="0.013" />
  <testcase classname="ptolemy.util.test.junit.AutoTests" name="[81] /home/travis/build/icyphy/ptII/ptolemy/domains/modal/test/auto/InitialStateTransition1.xml (RunModel)" time="0.017" />
  <testcase classname="ptolemy.util.test.junit.AutoTests" name="[82] /home/travis/build/icyphy/ptII/ptolemy/domains/modal/test/auto/InitialStateTransition2.xml (RunModel)" time="0.022" />
  <testcase classname="ptolemy.util.test.junit.AutoTests" name="[83] /home/travis/build/icyphy/ptII/ptolemy/domains/modal/test/auto/InitialStateTransition3.xml (RunModel)" time="0.026" />
  <testcase classname="ptolemy.util.test.junit.AutoTests" name="[84] /home/travis/build/icyphy/ptII/ptolemy/domains/modal/test/auto/InitialStateTransition4.xml (RunModel)" time="0.023" />
  <testcase classname="ptolemy.util.test.junit.AutoTests" name="[85] /home/travis/build/icyphy/ptII/ptolemy/domains/modal/test/auto/MalformedGuardExpressionNotCaught.xml (RunModel)" time="0.024" />
  <testcase classname="ptolemy.util.test.junit.AutoTests" name="[86] /home/travis/build/icyphy/ptII/ptolemy/domains/modal/test/auto/ModalBSC.xml (RunModel)" time="0.102" />
  <testcase classname="ptolemy.util.test.junit.AutoTests" name="[87] /home/travis/build/icyphy/ptII/ptolemy/domains/modal/test/auto/ModalClocks.xml (RunModel)" time="0.07" />
  <testcase classname="ptolemy.util.test.junit.AutoTests" name="[88] /home/travis/build/icyphy/ptII/ptolemy/domains/modal/test/auto/ModalDelay.xml (RunModel)" time="0.04" />
  <testcase classname="ptolemy.util.test.junit.AutoTests" name="[89] /home/travis/build/icyphy/ptII/ptolemy/domains/modal/test/auto/ModalDelay2.xml (RunModel)" time="0.039" />
  <testcase classname="ptolemy.util.test.junit.AutoTests" name="[90] /home/travis/build/icyphy/ptII/ptolemy/domains/modal/test/auto/ModalModelFromMemo.xml (RunModel)" time="0.05" />
  <testcase classname="ptolemy.util.test.junit.AutoTests" name="[91] /home/travis/build/icyphy/ptII/ptolemy/domains/modal/test/auto/ModalModelWithMultirateTransient.xml (RunModel)" time="0.053" />
  <testcase classname="ptolemy.util.test.junit.AutoTests" name="[92] /home/travis/build/icyphy/ptII/ptolemy/domains/modal/test/auto/ModalModelWithReset.xml (RunModel)" time="0.046" />
  <testcase classname="ptolemy.util.test.junit.AutoTests" name="[93] /home/travis/build/icyphy/ptII/ptolemy/domains/modal/test/auto/MouseClickFSM.xml (RunModel)" time="0.044" />
  <testcase classname="ptolemy.util.test.junit.AutoTests" name="[94] /home/travis/build/icyphy/ptII/ptolemy/domains/modal/test/auto/MouseClickFSMModal.xml (RunModel)" time="0.031" />
  <testcase classname="ptolemy.util.test.junit.AutoTests" name="[95] /home/travis/build/icyphy/ptII/ptolemy/domains/modal/test/auto/NonStrictFSM_FeedbackLoop.xml (RunModel)" time="0.04" />
  <testcase classname="ptolemy.util.test.junit.AutoTests" name="[96] /home/travis/build/icyphy/ptII/ptolemy/domains/modal/test/auto/NonStrictFSM_FeedbackLoop_Refinement.xml (RunModel)" time="0.051" />
  <testcase classname="ptolemy.util.test.junit.AutoTests" name="[97] /home/travis/build/icyphy/ptII/ptolemy/domains/modal/test/auto/NonStrictFSM_FeedbackLoop_preemptive.xml (RunModel)" time="0.047" />
  <testcase classname="ptolemy.util.test.junit.AutoTests" name="[98] /home/travis/build/icyphy/ptII/ptolemy/domains/modal/test/auto/NormalTermination.xml (RunModel)" time="0.041" />
  <testcase classname="ptolemy.util.test.junit.AutoTests" name="[99] /home/travis/build/icyphy/ptII/ptolemy/domains/modal/test/auto/Pong.xml (RunModel)" time="0.106" />
  <testcase classname="ptolemy.util.test.junit.AutoTests" name="[100] /home/travis/build/icyphy/ptII/ptolemy/domains/modal/test/auto/Pong_test.xml (RunModel)" time="0.11" />
  <testcase classname="ptolemy.util.test.junit.AutoTests" name="[101] /home/travis/build/icyphy/ptII/ptolemy/domains/modal/test/auto/PreemptionHierarchy.xml (RunModel)" time="0.028" />
  <testcase classname="ptolemy.util.test.junit.AutoTests" name="[102] /home/travis/build/icyphy/ptII/ptolemy/domains/modal/test/auto/PreemptionHierarchy2.xml (RunModel)" time="0.032" />
  <testcase classname="ptolemy.util.test.junit.AutoTests" name="[103] /home/travis/build/icyphy/ptII/ptolemy/domains/modal/test/auto/PreemptiveTransition.xml (RunModel)" time="0.03" />
  <testcase classname="ptolemy.util.test.junit.AutoTests" name="[104] /home/travis/build/icyphy/ptII/ptolemy/domains/modal/test/auto/Priorities.xml (RunModel)" time="0.077" />
  <testcase classname="ptolemy.util.test.junit.AutoTests" name="[105] /home/travis/build/icyphy/ptII/ptolemy/domains/modal/test/auto/ResetFinal.xml (RunModel)" time="0.037" />
  <testcase classname="ptolemy.util.test.junit.AutoTests" name="[106] /home/travis/build/icyphy/ptII/ptolemy/domains/modal/test/auto/ResetFinal2.xml (RunModel)" time="0.03" />
  <testcase classname="ptolemy.util.test.junit.AutoTests" name="[107] /home/travis/build/icyphy/ptII/ptolemy/domains/modal/test/auto/ResetTransitionWithStartTime.xml (RunModel)" time="0.025" />
  <testcase classname="ptolemy.util.test.junit.AutoTests" name="[108] /home/travis/build/icyphy/ptII/ptolemy/domains/modal/test/auto/SDF-FSMComposite.xml (RunModel)" time="0.024" />
  <testcase classname="ptolemy.util.test.junit.AutoTests" name="[109] /home/travis/build/icyphy/ptII/ptolemy/domains/modal/test/auto/SeeminglyNondeterminate.xml (RunModel)" time="0.073" />
  <testcase classname="ptolemy.util.test.junit.AutoTests" name="[110] /home/travis/build/icyphy/ptII/ptolemy/domains/modal/test/auto/SeeminglyNondeterminate2.xml (RunModel)" time="0.102" />
  <testcase classname="ptolemy.util.test.junit.AutoTests" name="[111] /home/travis/build/icyphy/ptII/ptolemy/domains/modal/test/auto/SpontaneousFSM.xml (RunModel)" time="0.043" />
  <testcase classname="ptolemy.util.test.junit.AutoTests" name="[112] /home/travis/build/icyphy/ptII/ptolemy/domains/modal/test/auto/SpontaneousFSM2.xml (RunModel)" time="0.025" />
  <testcase classname="ptolemy.util.test.junit.AutoTests" name="[113] /home/travis/build/icyphy/ptII/ptolemy/domains/modal/test/auto/SpontaneousFSM3.xml (RunModel)" time="0.063" />
  <testcase classname="ptolemy.util.test.junit.AutoTests" name="[114] /home/travis/build/icyphy/ptII/ptolemy/domains/modal/test/auto/SpontaneousFSM4.xml (RunModel)" time="0.042" />
  <testcase classname="ptolemy.util.test.junit.AutoTests" name="[115] /home/travis/build/icyphy/ptII/ptolemy/domains/modal/test/auto/StateTrackerTest.xml (RunModel)" time="0.054" />
  <testcase classname="ptolemy.util.test.junit.AutoTests" name="[116] /home/travis/build/icyphy/ptII/ptolemy/domains/modal/test/auto/StrongImmediateTransition.xml (RunModel)" time="0.026" />
  <testcase classname="ptolemy.util.test.junit.AutoTests" name="[117] /home/travis/build/icyphy/ptII/ptolemy/domains/modal/test/auto/SustainHierarchy.xml (RunModel)" time="0.025" />
  <testcase classname="ptolemy.util.test.junit.AutoTests" name="[118] /home/travis/build/icyphy/ptII/ptolemy/domains/modal/test/auto/TerminationTransition1.xml (RunModel)" time="0.019" />
  <testcase classname="ptolemy.util.test.junit.AutoTests" name="[119] /home/travis/build/icyphy/ptII/ptolemy/domains/modal/test/auto/TerminationTransition2.xml (RunModel)" time="0.021" />
  <testcase classname="ptolemy.util.test.junit.AutoTests" name="[120] /home/travis/build/icyphy/ptII/ptolemy/domains/modal/test/auto/TerminationTransition3.xml (RunModel)" time="0.021" />
  <testcase classname="ptolemy.util.test.junit.AutoTests" name="[121] /home/travis/build/icyphy/ptII/ptolemy/domains/modal/test/auto/TerminationTransition4.xml (RunModel)" time="0.029" />
  <testcase classname="ptolemy.util.test.junit.AutoTests" name="[122] /home/travis/build/icyphy/ptII/ptolemy/domains/modal/test/auto/TerminationTransition5.xml (RunModel)" time="0.027" />
  <testcase classname="ptolemy.util.test.junit.AutoTests" name="[123] /home/travis/build/icyphy/ptII/ptolemy/domains/modal/test/auto/TerminationTransition6.xml (RunModel)" time="0.032" />
  <testcase classname="ptolemy.util.test.junit.AutoTests" name="[124] /home/travis/build/icyphy/ptII/ptolemy/domains/modal/test/auto/TerminationTransition7.xml (RunModel)" time="0.019" />
  <testcase classname="ptolemy.util.test.junit.AutoTests" name="[125] /home/travis/build/icyphy/ptII/ptolemy/domains/modal/test/auto/TerminationTransition8.xml (RunModel)" time="0.02" />
  <testcase classname="ptolemy.util.test.junit.AutoTests" name="[126] /home/travis/build/icyphy/ptII/ptolemy/domains/modal/test/auto/Thermostat_NoHysteresis.xml (RunModel)" time="0.049" />
  <testcase classname="ptolemy.util.test.junit.AutoTests" name="[127] /home/travis/build/icyphy/ptII/ptolemy/domains/modal/test/auto/TimedFSM.xml (RunModel)" time="0.028" />
  <testcase classname="ptolemy.util.test.junit.AutoTests" name="[128] /home/travis/build/icyphy/ptII/ptolemy/domains/modal/test/auto/Timeout1.xml (RunModel)" time="0.013" />
  <testcase classname="ptolemy.util.test.junit.AutoTests" name="[129] /home/travis/build/icyphy/ptII/ptolemy/domains/modal/test/auto/Timeout2.xml (RunModel)" time="0.019" />
  <testcase classname="ptolemy.util.test.junit.AutoTests" name="[130] /home/travis/build/icyphy/ptII/ptolemy/domains/modal/test/auto/Timeout3.xml (RunModel)" time="0.011" />
  <testcase classname="ptolemy.util.test.junit.AutoTests" name="[131] /home/travis/build/icyphy/ptII/ptolemy/domains/modal/test/auto/Timeout4.xml (RunModel)" time="0.011" />
  <testcase classname="ptolemy.util.test.junit.AutoTests" name="[132] /home/travis/build/icyphy/ptII/ptolemy/domains/modal/test/auto/TransientstateModelAdvanced.xml (RunModel)" time="0.026" />
  <testcase classname="ptolemy.util.test.junit.AutoTests" name="[133] /home/travis/build/icyphy/ptII/ptolemy/domains/modal/test/auto/TransientstateModelAdvanced2.xml (RunModel)" time="0.029" />
  <testcase classname="ptolemy.util.test.junit.AutoTests" name="[134] /home/travis/build/icyphy/ptII/ptolemy/domains/modal/test/auto/TransitionRefinements.xml (RunModel)" time="0.023" />
  <testcase classname="ptolemy.util.test.junit.AutoTests" name="[135] /home/travis/build/icyphy/ptII/ptolemy/domains/modal/test/auto/TwoRefinements1.xml (RunModel)" time="0.024" />
  <testcase classname="ptolemy.util.test.junit.AutoTests" name="[136] /home/travis/build/icyphy/ptII/ptolemy/domains/modal/test/auto/TwoRefinements2.xml (RunModel)" time="0.023" />
  <testcase classname="ptolemy.util.test.junit.AutoTests" name="[137] /home/travis/build/icyphy/ptII/ptolemy/domains/modal/test/auto/WeakImmediateTransition.xml (RunModel)" time="0.025" />
  <testcase classname="ptolemy.util.test.junit.AutoTests" name="[138] /home/travis/build/icyphy/ptII/ptolemy/domains/modal/test/auto/booleanSelect.xml (RunModel)" time="0.077" />
  <testcase classname="ptolemy.util.test.junit.AutoTests" name="[139] /home/travis/build/icyphy/ptII/ptolemy/domains/modal/test/auto/modalChangingParams.xml (RunModel)" time="0.278" />
  <testcase classname="ptolemy.util.test.junit.AutoTests" name="[140] /home/travis/build/icyphy/ptII/ptolemy/domains/modal/test/auto/modalModel.xml (RunModel)" time="0.026" />
  <testcase classname="ptolemy.util.test.junit.AutoTests" name="[141] /home/travis/build/icyphy/ptII/ptolemy/domains/modal/test/auto/modalModel2.xml (RunModel)" time="0.032" />
  <testcase classname="ptolemy.util.test.junit.AutoTests" name="[142] /home/travis/build/icyphy/ptII/ptolemy/domains/modal/test/auto/modalModel3.xml (RunModel)" time="0.037" />
  <testcase classname="ptolemy.util.test.junit.AutoTests" name="[143] /home/travis/build/icyphy/ptII/ptolemy/domains/modal/test/auto/model1.xml (RunModel)" time="0.019" />
  <testcase classname="ptolemy.util.test.junit.AutoTests" name="[144] /home/travis/build/icyphy/ptII/ptolemy/domains/modal/test/auto/test-direct-in-out.xml (RunModel)" time="0.022" />
  <system-out><![CDATA[/home/travis/build/icyphy/ptII/ptolemy/domains/modal/test/SystemLevelType.tcl
testDefs.tcl: setting time out to 9000 seconds at Wed Aug 21 05:31:30 UTC 2019
08/21/19 05:31:32
Failed: 0  Total Tests: 1  ((Passed: 1, Newly Passed: 0)  Known Failed: 0) /home/travis/build/icyphy/ptII/ptolemy/domains/modal/test
----------------- testing (KnownFailure) /home/travis/build/icyphy/ptII/ptolemy/domains/modal/test/auto/knownFailedTests/CannotAnalysisWithPreemption.xml
112 ms. Memory: 120832K Free: 41683K (34%)
Known Failure: java.lang.reflect.InvocationTargetException
No auto/linux-amd64/*.xml tests in /home/travis/build/icyphy/ptII/ptolemy/domains/modal/test
AutoTests.java: About to close Vertx.
AutoTests.java: Vertx closed.

===========================================================================================
----------------- testing Wed Aug 21 05:31:33 UTC 2019 /home/travis/build/icyphy/ptII/ptolemy/domains/modal/test/auto/ABPTest.xml
----------------- Instantiating /home/travis/build/icyphy/ptII/ptolemy/domains/modal/test/auto/ABPTest.xml
444 ms. Memory: 156672K Free: 104602K (67%)
----------------- Invoking toplevel() on ptolemy.moml.MoMLSimpleApplication@16a7757d
----------------- Done invoking toplevel() on ptolemy.moml.MoMLSimpleApplication@16a7757d
reloadAllAccessors: .ABPTest

===========================================================================================
----------------- testing Wed Aug 21 05:31:34 UTC 2019 /home/travis/build/icyphy/ptII/ptolemy/domains/modal/test/auto/ABROFlat.xml
----------------- Instantiating /home/travis/build/icyphy/ptII/ptolemy/domains/modal/test/auto/ABROFlat.xml
34 ms. Memory: 156672K Free: 89388K (57%)
----------------- Invoking toplevel() on ptolemy.moml.MoMLSimpleApplication@2df25890
----------------- Done invoking toplevel() on ptolemy.moml.MoMLSimpleApplication@2df25890
reloadAllAccessors: .ABROFlat

===========================================================================================
----------------- testing Wed Aug 21 05:31:34 UTC 2019 /home/travis/build/icyphy/ptII/ptolemy/domains/modal/test/auto/ABROFlat2.xml
----------------- Instantiating /home/travis/build/icyphy/ptII/ptolemy/domains/modal/test/auto/ABROFlat2.xml
15 ms. Memory: 156672K Free: 73032K (47%)
----------------- Invoking toplevel() on ptolemy.moml.MoMLSimpleApplication@4892d800
----------------- Done invoking toplevel() on ptolemy.moml.MoMLSimpleApplication@4892d800
reloadAllAccessors: .ABROFlat2

===========================================================================================
----------------- testing Wed Aug 21 05:31:34 UTC 2019 /home/travis/build/icyphy/ptII/ptolemy/domains/modal/test/auto/ABRO_present_hmm.xml
----------------- Instantiating /home/travis/build/icyphy/ptII/ptolemy/domains/modal/test/auto/ABRO_present_hmm.xml
47 ms. Memory: 156672K Free: 121549K (78%)
----------------- Invoking toplevel() on ptolemy.moml.MoMLSimpleApplication@431f902
----------------- Done invoking toplevel() on ptolemy.moml.MoMLSimpleApplication@431f902
reloadAllAccessors: .ABRO_present_hmm

===========================================================================================
----------------- testing Wed Aug 21 05:31:34 UTC 2019 /home/travis/build/icyphy/ptII/ptolemy/domains/modal/test/auto/AMICoderExample.xml
----------------- Instantiating /home/travis/build/icyphy/ptII/ptolemy/domains/modal/test/auto/AMICoderExample.xml
48 ms. Memory: 156672K Free: 111309K (71%)
----------------- Invoking toplevel() on ptolemy.moml.MoMLSimpleApplication@545ffc85
----------------- Done invoking toplevel() on ptolemy.moml.MoMLSimpleApplication@545ffc85
reloadAllAccessors: .AMICoderExample

===========================================================================================
----------------- testing Wed Aug 21 05:31:34 UTC 2019 /home/travis/build/icyphy/ptII/ptolemy/domains/modal/test/auto/AbsentToPresent.xml
----------------- Instantiating /home/travis/build/icyphy/ptII/ptolemy/domains/modal/test/auto/AbsentToPresent.xml
4 ms. Memory: 156672K Free: 106703K (68%)
----------------- Invoking toplevel() on ptolemy.moml.MoMLSimpleApplication@4074a162
----------------- Done invoking toplevel() on ptolemy.moml.MoMLSimpleApplication@4074a162
reloadAllAccessors: .AbsentToPresent

===========================================================================================
----------------- testing Wed Aug 21 05:31:34 UTC 2019 /home/travis/build/icyphy/ptII/ptolemy/domains/modal/test/auto/Blending.xml
----------------- Instantiating /home/travis/build/icyphy/ptII/ptolemy/domains/modal/test/auto/Blending.xml
145 ms. Memory: 156672K Free: 61647K (39%)
----------------- Invoking toplevel() on ptolemy.moml.MoMLSimpleApplication@6d13e1cd
----------------- Done invoking toplevel() on ptolemy.moml.MoMLSimpleApplication@6d13e1cd
reloadAllAccessors: .Blending

===========================================================================================
----------------- testing Wed Aug 21 05:31:35 UTC 2019 /home/travis/build/icyphy/ptII/ptolemy/domains/modal/test/auto/Broadcast.xml
----------------- Instantiating /home/travis/build/icyphy/ptII/ptolemy/domains/modal/test/auto/Broadcast.xml
8 ms. Memory: 210944K Free: 186647K (88%)
----------------- Invoking toplevel() on ptolemy.moml.MoMLSimpleApplication@73929bb7
----------------- Done invoking toplevel() on ptolemy.moml.MoMLSimpleApplication@73929bb7
reloadAllAccessors: .Broadcast

===========================================================================================
----------------- testing Wed Aug 21 05:31:35 UTC 2019 /home/travis/build/icyphy/ptII/ptolemy/domains/modal/test/auto/BroadcastHierarchy.xml
----------------- Instantiating /home/travis/build/icyphy/ptII/ptolemy/domains/modal/test/auto/BroadcastHierarchy.xml
9 ms. Memory: 210944K Free: 172807K (82%)
----------------- Invoking toplevel() on ptolemy.moml.MoMLSimpleApplication@7575c8e8
----------------- Done invoking toplevel() on ptolemy.moml.MoMLSimpleApplication@7575c8e8
reloadAllAccessors: .BroadcastHierarchy

===========================================================================================
----------------- testing Wed Aug 21 05:31:35 UTC 2019 /home/travis/build/icyphy/ptII/ptolemy/domains/modal/test/auto/BroadcastHierarchy2.xml
----------------- Instantiating /home/travis/build/icyphy/ptII/ptolemy/domains/modal/test/auto/BroadcastHierarchy2.xml
30 ms. Memory: 210944K Free: 145687K (69%)
----------------- Invoking toplevel() on ptolemy.moml.MoMLSimpleApplication@54192380
----------------- Done invoking toplevel() on ptolemy.moml.MoMLSimpleApplication@54192380
reloadAllAccessors: .BroadcastHierarchy2

===========================================================================================
----------------- testing Wed Aug 21 05:31:35 UTC 2019 /home/travis/build/icyphy/ptII/ptolemy/domains/modal/test/auto/BroadcastHierarchy3.xml
----------------- Instantiating /home/travis/build/icyphy/ptII/ptolemy/domains/modal/test/auto/BroadcastHierarchy3.xml
29 ms. Memory: 210944K Free: 125717K (60%)
----------------- Invoking toplevel() on ptolemy.moml.MoMLSimpleApplication@2f2aebfb
----------------- Done invoking toplevel() on ptolemy.moml.MoMLSimpleApplication@2f2aebfb
reloadAllAccessors: .BroadcastHierarchy3

===========================================================================================
----------------- testing Wed Aug 21 05:31:35 UTC 2019 /home/travis/build/icyphy/ptII/ptolemy/domains/modal/test/auto/BroadcastHierarchy4.xml
----------------- Instantiating /home/travis/build/icyphy/ptII/ptolemy/domains/modal/test/auto/BroadcastHierarchy4.xml
16 ms. Memory: 210944K Free: 100631K (48%)
----------------- Invoking toplevel() on ptolemy.moml.MoMLSimpleApplication@2f982525
----------------- Done invoking toplevel() on ptolemy.moml.MoMLSimpleApplication@2f982525
reloadAllAccessors: .BroadcastHierarchy4

===========================================================================================
----------------- testing Wed Aug 21 05:31:35 UTC 2019 /home/travis/build/icyphy/ptII/ptolemy/domains/modal/test/auto/CannotAnalysisWithPreemption2.xml
----------------- Instantiating /home/travis/build/icyphy/ptII/ptolemy/domains/modal/test/auto/CannotAnalysisWithPreemption2.xml
5 ms. Memory: 210944K Free: 93463K (44%)
----------------- Invoking toplevel() on ptolemy.moml.MoMLSimpleApplication@119c6796
----------------- Done invoking toplevel() on ptolemy.moml.MoMLSimpleApplication@119c6796
reloadAllAccessors: .CannotAnalysisWithPreemption2

===========================================================================================
----------------- testing Wed Aug 21 05:31:35 UTC 2019 /home/travis/build/icyphy/ptII/ptolemy/domains/modal/test/auto/CannotAnalysisWithPreemption3.xml
----------------- Instantiating /home/travis/build/icyphy/ptII/ptolemy/domains/modal/test/auto/CannotAnalysisWithPreemption3.xml
9 ms. Memory: 210944K Free: 83727K (40%)
----------------- Invoking toplevel() on ptolemy.moml.MoMLSimpleApplication@5d2ea5cb
----------------- Done invoking toplevel() on ptolemy.moml.MoMLSimpleApplication@5d2ea5cb
reloadAllAccessors: .CannotAnalysisWithPreemption3

===========================================================================================
----------------- testing Wed Aug 21 05:31:35 UTC 2019 /home/travis/build/icyphy/ptII/ptolemy/domains/modal/test/auto/CannotProduce.xml
----------------- Instantiating /home/travis/build/icyphy/ptII/ptolemy/domains/modal/test/auto/CannotProduce.xml
6 ms. Memory: 210944K Free: 77079K (37%)
----------------- Invoking toplevel() on ptolemy.moml.MoMLSimpleApplication@290f64ef
----------------- Done invoking toplevel() on ptolemy.moml.MoMLSimpleApplication@290f64ef
reloadAllAccessors: .CannotProduce

===========================================================================================
----------------- testing Wed Aug 21 05:31:35 UTC 2019 /home/travis/build/icyphy/ptII/ptolemy/domains/modal/test/auto/CannotProduceModal.xml
----------------- Instantiating /home/travis/build/icyphy/ptII/ptolemy/domains/modal/test/auto/CannotProduceModal.xml
15 ms. Memory: 210944K Free: 191183K (91%)
----------------- Invoking toplevel() on ptolemy.moml.MoMLSimpleApplication@32654ebb
----------------- Done invoking toplevel() on ptolemy.moml.MoMLSimpleApplication@32654ebb
reloadAllAccessors: .CannotProduceModal

===========================================================================================
----------------- testing Wed Aug 21 05:31:35 UTC 2019 /home/travis/build/icyphy/ptII/ptolemy/domains/modal/test/auto/Case.xml
----------------- Instantiating /home/travis/build/icyphy/ptII/ptolemy/domains/modal/test/auto/Case.xml
38 ms. Memory: 210944K Free: 179919K (85%)
----------------- Invoking toplevel() on ptolemy.moml.MoMLSimpleApplication@3cbdf16
----------------- Done invoking toplevel() on ptolemy.moml.MoMLSimpleApplication@3cbdf16
reloadAllAccessors: .Case

===========================================================================================
----------------- testing Wed Aug 21 05:31:36 UTC 2019 /home/travis/build/icyphy/ptII/ptolemy/domains/modal/test/auto/Case1.xml
----------------- Instantiating /home/travis/build/icyphy/ptII/ptolemy/domains/modal/test/auto/Case1.xml
11 ms. Memory: 210944K Free: 172751K (82%)
----------------- Invoking toplevel() on ptolemy.moml.MoMLSimpleApplication@6821efd2
----------------- Done invoking toplevel() on ptolemy.moml.MoMLSimpleApplication@6821efd2
reloadAllAccessors: .Case1

===========================================================================================
----------------- testing Wed Aug 21 05:31:36 UTC 2019 /home/travis/build/icyphy/ptII/ptolemy/domains/modal/test/auto/Case2.xml
----------------- Instantiating /home/travis/build/icyphy/ptII/ptolemy/domains/modal/test/auto/Case2.xml
24 ms. Memory: 210944K Free: 161997K (77%)
----------------- Invoking toplevel() on ptolemy.moml.MoMLSimpleApplication@7ed4467f
----------------- Done invoking toplevel() on ptolemy.moml.MoMLSimpleApplication@7ed4467f
reloadAllAccessors: .Case2

===========================================================================================
----------------- testing Wed Aug 21 05:31:36 UTC 2019 /home/travis/build/icyphy/ptII/ptolemy/domains/modal/test/auto/CausalityInterface1.xml
----------------- Instantiating /home/travis/build/icyphy/ptII/ptolemy/domains/modal/test/auto/CausalityInterface1.xml
3 ms. Memory: 210944K Free: 156877K (74%)
----------------- Invoking toplevel() on ptolemy.moml.MoMLSimpleApplication@551a13bb
----------------- Done invoking toplevel() on ptolemy.moml.MoMLSimpleApplication@551a13bb
reloadAllAccessors: .CausalityInterface1

===========================================================================================
----------------- testing Wed Aug 21 05:31:36 UTC 2019 /home/travis/build/icyphy/ptII/ptolemy/domains/modal/test/auto/CausalityInterface10.xml
----------------- Instantiating /home/travis/build/icyphy/ptII/ptolemy/domains/modal/test/auto/CausalityInterface10.xml
10 ms. Memory: 210944K Free: 143551K (68%)
----------------- Invoking toplevel() on ptolemy.moml.MoMLSimpleApplication@306fc9c2
----------------- Done invoking toplevel() on ptolemy.moml.MoMLSimpleApplication@306fc9c2
reloadAllAccessors: .CausalityInterface10

===========================================================================================
----------------- testing Wed Aug 21 05:31:36 UTC 2019 /home/travis/build/icyphy/ptII/ptolemy/domains/modal/test/auto/CausalityInterface11.xml
----------------- Instantiating /home/travis/build/icyphy/ptII/ptolemy/domains/modal/test/auto/CausalityInterface11.xml
10 ms. Memory: 210944K Free: 130223K (62%)
----------------- Invoking toplevel() on ptolemy.moml.MoMLSimpleApplication@6068b1ca
----------------- Done invoking toplevel() on ptolemy.moml.MoMLSimpleApplication@6068b1ca
reloadAllAccessors: .CausalityInterface11

===========================================================================================
----------------- testing Wed Aug 21 05:31:36 UTC 2019 /home/travis/build/icyphy/ptII/ptolemy/domains/modal/test/auto/CausalityInterface12.xml
----------------- Instantiating /home/travis/build/icyphy/ptII/ptolemy/domains/modal/test/auto/CausalityInterface12.xml
7 ms. Memory: 210944K Free: 116911K (55%)
----------------- Invoking toplevel() on ptolemy.moml.MoMLSimpleApplication@b3b5c85
----------------- Done invoking toplevel() on ptolemy.moml.MoMLSimpleApplication@b3b5c85
reloadAllAccessors: .CausalityInterface12

===========================================================================================
----------------- testing Wed Aug 21 05:31:36 UTC 2019 /home/travis/build/icyphy/ptII/ptolemy/domains/modal/test/auto/CausalityInterface13.xml
----------------- Instantiating /home/travis/build/icyphy/ptII/ptolemy/domains/modal/test/auto/CausalityInterface13.xml
8 ms. Memory: 210944K Free: 103119K (49%)
----------------- Invoking toplevel() on ptolemy.moml.MoMLSimpleApplication@4e82a566
----------------- Done invoking toplevel() on ptolemy.moml.MoMLSimpleApplication@4e82a566
reloadAllAccessors: .CausalityInterface13

===========================================================================================
----------------- testing Wed Aug 21 05:31:36 UTC 2019 /home/travis/build/icyphy/ptII/ptolemy/domains/modal/test/auto/CausalityInterface14.xml
----------------- Instantiating /home/travis/build/icyphy/ptII/ptolemy/domains/modal/test/auto/CausalityInterface14.xml
12 ms. Memory: 210944K Free: 89279K (42%)
----------------- Invoking toplevel() on ptolemy.moml.MoMLSimpleApplication@114ed9bb
----------------- Done invoking toplevel() on ptolemy.moml.MoMLSimpleApplication@114ed9bb
reloadAllAccessors: .CausalityInterface14

===========================================================================================
----------------- testing Wed Aug 21 05:31:36 UTC 2019 /home/travis/build/icyphy/ptII/ptolemy/domains/modal/test/auto/CausalityInterface2.xml
----------------- Instantiating /home/travis/build/icyphy/ptII/ptolemy/domains/modal/test/auto/CausalityInterface2.xml
8 ms. Memory: 210944K Free: 83149K (39%)
----------------- Invoking toplevel() on ptolemy.moml.MoMLSimpleApplication@1a5266b1
----------------- Done invoking toplevel() on ptolemy.moml.MoMLSimpleApplication@1a5266b1
reloadAllAccessors: .CausalityInterface2

===========================================================================================
----------------- testing Wed Aug 21 05:31:36 UTC 2019 /home/travis/build/icyphy/ptII/ptolemy/domains/modal/test/auto/CausalityInterface3.xml
----------------- Instantiating /home/travis/build/icyphy/ptII/ptolemy/domains/modal/test/auto/CausalityInterface3.xml
4 ms. Memory: 210944K Free: 77005K (37%)
----------------- Invoking toplevel() on ptolemy.moml.MoMLSimpleApplication@7da9ef1a
----------------- Done invoking toplevel() on ptolemy.moml.MoMLSimpleApplication@7da9ef1a
reloadAllAccessors: .CausalityInterface3

===========================================================================================
----------------- testing Wed Aug 21 05:31:36 UTC 2019 /home/travis/build/icyphy/ptII/ptolemy/domains/modal/test/auto/CausalityInterface4.xml
----------------- Instantiating /home/travis/build/icyphy/ptII/ptolemy/domains/modal/test/auto/CausalityInterface4.xml
6 ms. Memory: 210944K Free: 192207K (91%)
----------------- Invoking toplevel() on ptolemy.moml.MoMLSimpleApplication@3b28bf12
----------------- Done invoking toplevel() on ptolemy.moml.MoMLSimpleApplication@3b28bf12
reloadAllAccessors: .CausalityInterface4

===========================================================================================
----------------- testing Wed Aug 21 05:31:36 UTC 2019 /home/travis/build/icyphy/ptII/ptolemy/domains/modal/test/auto/CausalityInterface5.xml
----------------- Instantiating /home/travis/build/icyphy/ptII/ptolemy/domains/modal/test/auto/CausalityInterface5.xml
5 ms. Memory: 210944K Free: 183487K (87%)
----------------- Invoking toplevel() on ptolemy.moml.MoMLSimpleApplication@15f59024
----------------- Done invoking toplevel() on ptolemy.moml.MoMLSimpleApplication@15f59024
reloadAllAccessors: .CausalityInterface5

===========================================================================================
----------------- testing Wed Aug 21 05:31:36 UTC 2019 /home/travis/build/icyphy/ptII/ptolemy/domains/modal/test/auto/CausalityInterface6.xml
----------------- Instantiating /home/travis/build/icyphy/ptII/ptolemy/domains/modal/test/auto/CausalityInterface6.xml
6 ms. Memory: 210944K Free: 175279K (83%)
----------------- Invoking toplevel() on ptolemy.moml.MoMLSimpleApplication@1172e000
----------------- Done invoking toplevel() on ptolemy.moml.MoMLSimpleApplication@1172e000
reloadAllAccessors: .CausalityInterface6

===========================================================================================
----------------- testing Wed Aug 21 05:31:36 UTC 2019 /home/travis/build/icyphy/ptII/ptolemy/domains/modal/test/auto/CausalityInterface7.xml
----------------- Instantiating /home/travis/build/icyphy/ptII/ptolemy/domains/modal/test/auto/CausalityInterface7.xml
6 ms. Memory: 210944K Free: 167117K (79%)
----------------- Invoking toplevel() on ptolemy.moml.MoMLSimpleApplication@1118d170
----------------- Done invoking toplevel() on ptolemy.moml.MoMLSimpleApplication@1118d170
reloadAllAccessors: .CausalityInterface7

===========================================================================================
----------------- testing Wed Aug 21 05:31:36 UTC 2019 /home/travis/build/icyphy/ptII/ptolemy/domains/modal/test/auto/CausalityInterface8.xml
----------------- Instantiating /home/travis/build/icyphy/ptII/ptolemy/domains/modal/test/auto/CausalityInterface8.xml
5 ms. Memory: 210944K Free: 158415K (75%)
----------------- Invoking toplevel() on ptolemy.moml.MoMLSimpleApplication@3a33688b
----------------- Done invoking toplevel() on ptolemy.moml.MoMLSimpleApplication@3a33688b
reloadAllAccessors: .CausalityInterface8

===========================================================================================
----------------- testing Wed Aug 21 05:31:36 UTC 2019 /home/travis/build/icyphy/ptII/ptolemy/domains/modal/test/auto/CausalityInterface9.xml
----------------- Instantiating /home/travis/build/icyphy/ptII/ptolemy/domains/modal/test/auto/CausalityInterface9.xml
7 ms. Memory: 210944K Free: 149199K (71%)
----------------- Invoking toplevel() on ptolemy.moml.MoMLSimpleApplication@5cee3c1f
----------------- Done invoking toplevel() on ptolemy.moml.MoMLSimpleApplication@5cee3c1f
reloadAllAccessors: .CausalityInterface9

===========================================================================================
----------------- testing Wed Aug 21 05:31:36 UTC 2019 /home/travis/build/icyphy/ptII/ptolemy/domains/modal/test/auto/ChainedTransitions.xml
----------------- Instantiating /home/travis/build/icyphy/ptII/ptolemy/domains/modal/test/auto/ChainedTransitions.xml
88 ms. Memory: 210944K Free: 124109K (59%)
----------------- Invoking toplevel() on ptolemy.moml.MoMLSimpleApplication@7781f398
----------------- Done invoking toplevel() on ptolemy.moml.MoMLSimpleApplication@7781f398
reloadAllAccessors: .ChainedTransitions

===========================================================================================
----------------- testing Wed Aug 21 05:31:36 UTC 2019 /home/travis/build/icyphy/ptII/ptolemy/domains/modal/test/auto/CycleOfImmediateTransitionsFSM.xml
----------------- Instantiating /home/travis/build/icyphy/ptII/ptolemy/domains/modal/test/auto/CycleOfImmediateTransitionsFSM.xml
4 ms. Memory: 210944K Free: 118479K (56%)
----------------- Invoking toplevel() on ptolemy.moml.MoMLSimpleApplication@1524f507
----------------- Done invoking toplevel() on ptolemy.moml.MoMLSimpleApplication@1524f507
reloadAllAccessors: .CycleOfImmediateTransitionsFSM

===========================================================================================
----------------- testing Wed Aug 21 05:31:36 UTC 2019 /home/travis/build/icyphy/ptII/ptolemy/domains/modal/test/auto/CycleOfImmediateTransitionsModal.xml
----------------- Instantiating /home/travis/build/icyphy/ptII/ptolemy/domains/modal/test/auto/CycleOfImmediateTransitionsModal.xml
6 ms. Memory: 210944K Free: 112335K (53%)
----------------- Invoking toplevel() on ptolemy.moml.MoMLSimpleApplication@1242a4b6
----------------- Done invoking toplevel() on ptolemy.moml.MoMLSimpleApplication@1242a4b6
reloadAllAccessors: .CycleOfImmediateTransitionsModal

===========================================================================================
----------------- testing Wed Aug 21 05:31:36 UTC 2019 /home/travis/build/icyphy/ptII/ptolemy/domains/modal/test/auto/CycleOfImmediateTransitionsModal2.xml
----------------- Instantiating /home/travis/build/icyphy/ptII/ptolemy/domains/modal/test/auto/CycleOfImmediateTransitionsModal2.xml
7 ms. Memory: 210944K Free: 105677K (50%)
----------------- Invoking toplevel() on ptolemy.moml.MoMLSimpleApplication@3bc576e1
----------------- Done invoking toplevel() on ptolemy.moml.MoMLSimpleApplication@3bc576e1
reloadAllAccessors: .CycleOfImmediateTransitionsModal2

===========================================================================================
----------------- testing Wed Aug 21 05:31:36 UTC 2019 /home/travis/build/icyphy/ptII/ptolemy/domains/modal/test/auto/CycleOfImmediateTransitionsModal3.xml
----------------- Instantiating /home/travis/build/icyphy/ptII/ptolemy/domains/modal/test/auto/CycleOfImmediateTransitionsModal3.xml
7 ms. Memory: 210944K Free: 83135K (39%)
----------------- Invoking toplevel() on ptolemy.moml.MoMLSimpleApplication@5d1d7d23
----------------- Done invoking toplevel() on ptolemy.moml.MoMLSimpleApplication@5d1d7d23
reloadAllAccessors: .CycleOfImmediateTransitionsModal3

===========================================================================================
----------------- testing Wed Aug 21 05:31:37 UTC 2019 /home/travis/build/icyphy/ptII/ptolemy/domains/modal/test/auto/DeepModal1.xml
----------------- Instantiating /home/travis/build/icyphy/ptII/ptolemy/domains/modal/test/auto/DeepModal1.xml
40 ms. Memory: 210944K Free: 190938K (91%)
----------------- Invoking toplevel() on ptolemy.moml.MoMLSimpleApplication@5b03bd75
----------------- Done invoking toplevel() on ptolemy.moml.MoMLSimpleApplication@5b03bd75
reloadAllAccessors: .DeepModal1

===========================================================================================
----------------- testing Wed Aug 21 05:31:37 UTC 2019 /home/travis/build/icyphy/ptII/ptolemy/domains/modal/test/auto/DeepModal2.xml
----------------- Instantiating /home/travis/build/icyphy/ptII/ptolemy/domains/modal/test/auto/DeepModal2.xml
25 ms. Memory: 210944K Free: 171848K (81%)
----------------- Invoking toplevel() on ptolemy.moml.MoMLSimpleApplication@3c7c41a1
----------------- Done invoking toplevel() on ptolemy.moml.MoMLSimpleApplication@3c7c41a1
reloadAllAccessors: .DeepModal2

===========================================================================================
----------------- testing Wed Aug 21 05:31:37 UTC 2019 /home/travis/build/icyphy/ptII/ptolemy/domains/modal/test/auto/DeepModal3.xml
----------------- Instantiating /home/travis/build/icyphy/ptII/ptolemy/domains/modal/test/auto/DeepModal3.xml
34 ms. Memory: 210944K Free: 152392K (72%)
----------------- Invoking toplevel() on ptolemy.moml.MoMLSimpleApplication@134589a7
----------------- Done invoking toplevel() on ptolemy.moml.MoMLSimpleApplication@134589a7
reloadAllAccessors: .DeepModal3

===========================================================================================
----------------- testing Wed Aug 21 05:31:37 UTC 2019 /home/travis/build/icyphy/ptII/ptolemy/domains/modal/test/auto/DeepModal4.xml
----------------- Instantiating /home/travis/build/icyphy/ptII/ptolemy/domains/modal/test/auto/DeepModal4.xml
27 ms. Memory: 210944K Free: 132936K (63%)
----------------- Invoking toplevel() on ptolemy.moml.MoMLSimpleApplication@c680936
----------------- Done invoking toplevel() on ptolemy.moml.MoMLSimpleApplication@c680936
reloadAllAccessors: .DeepModal4

===========================================================================================
----------------- testing Wed Aug 21 05:31:37 UTC 2019 /home/travis/build/icyphy/ptII/ptolemy/domains/modal/test/auto/Default1.xml
----------------- Instantiating /home/travis/build/icyphy/ptII/ptolemy/domains/modal/test/auto/Default1.xml
2 ms. Memory: 210944K Free: 126792K (60%)
----------------- Invoking toplevel() on ptolemy.moml.MoMLSimpleApplication@7c692039
----------------- Done invoking toplevel() on ptolemy.moml.MoMLSimpleApplication@7c692039
reloadAllAccessors: .Default1

===========================================================================================
----------------- testing Wed Aug 21 05:31:37 UTC 2019 /home/travis/build/icyphy/ptII/ptolemy/domains/modal/test/auto/Default2.xml
----------------- Instantiating /home/travis/build/icyphy/ptII/ptolemy/domains/modal/test/auto/Default2.xml
10 ms. Memory: 210944K Free: 121162K (57%)
----------------- Invoking toplevel() on ptolemy.moml.MoMLSimpleApplication@106ee80f
----------------- Done invoking toplevel() on ptolemy.moml.MoMLSimpleApplication@106ee80f
reloadAllAccessors: .Default2

===========================================================================================
----------------- testing Wed Aug 21 05:31:37 UTC 2019 /home/travis/build/icyphy/ptII/ptolemy/domains/modal/test/auto/Default3.xml
----------------- Instantiating /home/travis/build/icyphy/ptII/ptolemy/domains/modal/test/auto/Default3.xml
5 ms. Memory: 210944K Free: 115528K (55%)
----------------- Invoking toplevel() on ptolemy.moml.MoMLSimpleApplication@6511efa8
----------------- Done invoking toplevel() on ptolemy.moml.MoMLSimpleApplication@6511efa8
reloadAllAccessors: .Default3

===========================================================================================
----------------- testing Wed Aug 21 05:31:37 UTC 2019 /home/travis/build/icyphy/ptII/ptolemy/domains/modal/test/auto/Default4.xml
----------------- Instantiating /home/travis/build/icyphy/ptII/ptolemy/domains/modal/test/auto/Default4.xml
3 ms. Memory: 210944K Free: 109384K (52%)
----------------- Invoking toplevel() on ptolemy.moml.MoMLSimpleApplication@44f40c8a
----------------- Done invoking toplevel() on ptolemy.moml.MoMLSimpleApplication@44f40c8a
reloadAllAccessors: .Default4

===========================================================================================
----------------- testing Wed Aug 21 05:31:37 UTC 2019 /home/travis/build/icyphy/ptII/ptolemy/domains/modal/test/auto/Default5.xml
----------------- Instantiating /home/travis/build/icyphy/ptII/ptolemy/domains/modal/test/auto/Default5.xml
9 ms. Memory: 210944K Free: 101178K (48%)
----------------- Invoking toplevel() on ptolemy.moml.MoMLSimpleApplication@68d6a53e
----------------- Done invoking toplevel() on ptolemy.moml.MoMLSimpleApplication@68d6a53e
reloadAllAccessors: .Default5

===========================================================================================
----------------- testing Wed Aug 21 05:31:37 UTC 2019 /home/travis/build/icyphy/ptII/ptolemy/domains/modal/test/auto/EmptyGuard.xml
----------------- Instantiating /home/travis/build/icyphy/ptII/ptolemy/domains/modal/test/auto/EmptyGuard.xml
12 ms. Memory: 210944K Free: 93514K (44%)
----------------- Invoking toplevel() on ptolemy.moml.MoMLSimpleApplication@3afa8781
----------------- Done invoking toplevel() on ptolemy.moml.MoMLSimpleApplication@3afa8781
reloadAllAccessors: .EmptyGuard

===========================================================================================
----------------- testing Wed Aug 21 05:31:37 UTC 2019 /home/travis/build/icyphy/ptII/ptolemy/domains/modal/test/auto/ErrorTransition1.xml
----------------- Instantiating /home/travis/build/icyphy/ptII/ptolemy/domains/modal/test/auto/ErrorTransition1.xml
10 ms. Memory: 210944K Free: 84808K (40%)
----------------- Invoking toplevel() on ptolemy.moml.MoMLSimpleApplication@7318b425
----------------- Done invoking toplevel() on ptolemy.moml.MoMLSimpleApplication@7318b425
reloadAllAccessors: .ErrorTransition1

===========================================================================================
----------------- testing Wed Aug 21 05:31:37 UTC 2019 /home/travis/build/icyphy/ptII/ptolemy/domains/modal/test/auto/ErrorTransition10.xml
----------------- Instantiating /home/travis/build/icyphy/ptII/ptolemy/domains/modal/test/auto/ErrorTransition10.xml
32 ms. Memory: 263168K Free: 244743K (93%)
----------------- Invoking toplevel() on ptolemy.moml.MoMLSimpleApplication@15616df3
----------------- Done invoking toplevel() on ptolemy.moml.MoMLSimpleApplication@15616df3
reloadAllAccessors: .ErrorTransition10

===========================================================================================
----------------- testing Wed Aug 21 05:31:37 UTC 2019 /home/travis/build/icyphy/ptII/ptolemy/domains/modal/test/auto/ErrorTransition11.xml
----------------- Instantiating /home/travis/build/icyphy/ptII/ptolemy/domains/modal/test/auto/ErrorTransition11.xml
4 ms. Memory: 263168K Free: 233167K (89%)
----------------- Invoking toplevel() on ptolemy.moml.MoMLSimpleApplication@768a3c0b
----------------- Done invoking toplevel() on ptolemy.moml.MoMLSimpleApplication@768a3c0b
reloadAllAccessors: .ErrorTransition11

===========================================================================================
----------------- testing Wed Aug 21 05:31:37 UTC 2019 /home/travis/build/icyphy/ptII/ptolemy/domains/modal/test/auto/ErrorTransition2.xml
----------------- Instantiating /home/travis/build/icyphy/ptII/ptolemy/domains/modal/test/auto/ErrorTransition2.xml
9 ms. Memory: 263168K Free: 224461K (85%)
----------------- Invoking toplevel() on ptolemy.moml.MoMLSimpleApplication@42bdea41
----------------- Done invoking toplevel() on ptolemy.moml.MoMLSimpleApplication@42bdea41
reloadAllAccessors: .ErrorTransition2

===========================================================================================
----------------- testing Wed Aug 21 05:31:37 UTC 2019 /home/travis/build/icyphy/ptII/ptolemy/domains/modal/test/auto/ErrorTransition3.xml
----------------- Instantiating /home/travis/build/icyphy/ptII/ptolemy/domains/modal/test/auto/ErrorTransition3.xml
23 ms. Memory: 263168K Free: 214735K (82%)
----------------- Invoking toplevel() on ptolemy.moml.MoMLSimpleApplication@2c38c214
----------------- Done invoking toplevel() on ptolemy.moml.MoMLSimpleApplication@2c38c214
reloadAllAccessors: .ErrorTransition3

===========================================================================================
----------------- testing Wed Aug 21 05:31:37 UTC 2019 /home/travis/build/icyphy/ptII/ptolemy/domains/modal/test/auto/ErrorTransition4.xml
----------------- Instantiating /home/travis/build/icyphy/ptII/ptolemy/domains/modal/test/auto/ErrorTransition4.xml
16 ms. Memory: 263168K Free: 203471K (77%)
----------------- Invoking toplevel() on ptolemy.moml.MoMLSimpleApplication@3b2e8a1b
----------------- Done invoking toplevel() on ptolemy.moml.MoMLSimpleApplication@3b2e8a1b
reloadAllAccessors: .ErrorTransition4

===========================================================================================
----------------- testing Wed Aug 21 05:31:37 UTC 2019 /home/travis/build/icyphy/ptII/ptolemy/domains/modal/test/auto/ErrorTransition5.xml
----------------- Instantiating /home/travis/build/icyphy/ptII/ptolemy/domains/modal/test/auto/ErrorTransition5.xml
9 ms. Memory: 263168K Free: 193231K (73%)
----------------- Invoking toplevel() on ptolemy.moml.MoMLSimpleApplication@80f5605
----------------- Done invoking toplevel() on ptolemy.moml.MoMLSimpleApplication@80f5605
reloadAllAccessors: .ErrorTransition5

===========================================================================================
----------------- testing Wed Aug 21 05:31:37 UTC 2019 /home/travis/build/icyphy/ptII/ptolemy/domains/modal/test/auto/ErrorTransition6.xml
----------------- Instantiating /home/travis/build/icyphy/ptII/ptolemy/domains/modal/test/auto/ErrorTransition6.xml
8 ms. Memory: 263168K Free: 182477K (69%)
----------------- Invoking toplevel() on ptolemy.moml.MoMLSimpleApplication@16a135c5
----------------- Done invoking toplevel() on ptolemy.moml.MoMLSimpleApplication@16a135c5
reloadAllAccessors: .ErrorTransition6

===========================================================================================
----------------- testing Wed Aug 21 05:31:37 UTC 2019 /home/travis/build/icyphy/ptII/ptolemy/domains/modal/test/auto/ErrorTransition7.xml
----------------- Instantiating /home/travis/build/icyphy/ptII/ptolemy/domains/modal/test/auto/ErrorTransition7.xml
23 ms. Memory: 263168K Free: 169679K (64%)
----------------- Invoking toplevel() on ptolemy.moml.MoMLSimpleApplication@59bc1569
----------------- Done invoking toplevel() on ptolemy.moml.MoMLSimpleApplication@59bc1569
reloadAllAccessors: .ErrorTransition7

===========================================================================================
----------------- testing Wed Aug 21 05:31:37 UTC 2019 /home/travis/build/icyphy/ptII/ptolemy/domains/modal/test/auto/ErrorTransition8.xml
----------------- Instantiating /home/travis/build/icyphy/ptII/ptolemy/domains/modal/test/auto/ErrorTransition8.xml
30 ms. Memory: 263168K Free: 156877K (60%)
----------------- Invoking toplevel() on ptolemy.moml.MoMLSimpleApplication@316227d6
----------------- Done invoking toplevel() on ptolemy.moml.MoMLSimpleApplication@316227d6
reloadAllAccessors: .ErrorTransition8

===========================================================================================
----------------- testing Wed Aug 21 05:31:37 UTC 2019 /home/travis/build/icyphy/ptII/ptolemy/domains/modal/test/auto/ErrorTransition9.xml
----------------- Instantiating /home/travis/build/icyphy/ptII/ptolemy/domains/modal/test/auto/ErrorTransition9.xml
16 ms. Memory: 263168K Free: 143551K (55%)
----------------- Invoking toplevel() on ptolemy.moml.MoMLSimpleApplication@39d534f2
----------------- Done invoking toplevel() on ptolemy.moml.MoMLSimpleApplication@39d534f2
reloadAllAccessors: .ErrorTransition9

===========================================================================================
----------------- testing Wed Aug 21 05:31:37 UTC 2019 /home/travis/build/icyphy/ptII/ptolemy/domains/modal/test/auto/ExtendedFSM.xml
----------------- Instantiating /home/travis/build/icyphy/ptII/ptolemy/domains/modal/test/auto/ExtendedFSM.xml
8 ms. Memory: 263168K Free: 134863K (51%)
----------------- Invoking toplevel() on ptolemy.moml.MoMLSimpleApplication@22c06e22
----------------- Done invoking toplevel() on ptolemy.moml.MoMLSimpleApplication@22c06e22
reloadAllAccessors: .ExtendedFSM

===========================================================================================
----------------- testing Wed Aug 21 05:31:37 UTC 2019 /home/travis/build/icyphy/ptII/ptolemy/domains/modal/test/auto/FinalStates.xml
----------------- Instantiating /home/travis/build/icyphy/ptII/ptolemy/domains/modal/test/auto/FinalStates.xml
5 ms. Memory: 263168K Free: 126671K (48%)
----------------- Invoking toplevel() on ptolemy.moml.MoMLSimpleApplication@7206c00c
----------------- Done invoking toplevel() on ptolemy.moml.MoMLSimpleApplication@7206c00c
reloadAllAccessors: .FinalStates

===========================================================================================
----------------- testing Wed Aug 21 05:31:37 UTC 2019 /home/travis/build/icyphy/ptII/ptolemy/domains/modal/test/auto/FixedPointFSM.xml
----------------- Instantiating /home/travis/build/icyphy/ptII/ptolemy/domains/modal/test/auto/FixedPointFSM.xml
19 ms. Memory: 263168K Free: 111815K (42%)
----------------- Invoking toplevel() on ptolemy.moml.MoMLSimpleApplication@3c356b73
----------------- Done invoking toplevel() on ptolemy.moml.MoMLSimpleApplication@3c356b73
reloadAllAccessors: .FixedPointFSM

===========================================================================================
----------------- testing Wed Aug 21 05:31:38 UTC 2019 /home/travis/build/icyphy/ptII/ptolemy/domains/modal/test/auto/FixedPointIterationFSMActor.xml
----------------- Instantiating /home/travis/build/icyphy/ptII/ptolemy/domains/modal/test/auto/FixedPointIterationFSMActor.xml
6 ms. Memory: 263168K Free: 101071K (38%)
----------------- Invoking toplevel() on ptolemy.moml.MoMLSimpleApplication@7f1b8c43
----------------- Done invoking toplevel() on ptolemy.moml.MoMLSimpleApplication@7f1b8c43
reloadAllAccessors: .FixedPointIterationFSMActor

===========================================================================================
----------------- testing Wed Aug 21 05:31:38 UTC 2019 /home/travis/build/icyphy/ptII/ptolemy/domains/modal/test/auto/FixedPointIterationFSMActor2.xml
----------------- Instantiating /home/travis/build/icyphy/ptII/ptolemy/domains/modal/test/auto/FixedPointIterationFSMActor2.xml
14 ms. Memory: 263168K Free: 238505K (91%)
----------------- Invoking toplevel() on ptolemy.moml.MoMLSimpleApplication@20359e8a
----------------- Done invoking toplevel() on ptolemy.moml.MoMLSimpleApplication@20359e8a
reloadAllAccessors: .FixedPointIterationFSMActor2

===========================================================================================
----------------- testing Wed Aug 21 05:31:38 UTC 2019 /home/travis/build/icyphy/ptII/ptolemy/domains/modal/test/auto/ForbiddenInstantanousLoop.xml
----------------- Instantiating /home/travis/build/icyphy/ptII/ptolemy/domains/modal/test/auto/ForbiddenInstantanousLoop.xml
6 ms. Memory: 263168K Free: 226217K (86%)
----------------- Invoking toplevel() on ptolemy.moml.MoMLSimpleApplication@516cbcf6
----------------- Done invoking toplevel() on ptolemy.moml.MoMLSimpleApplication@516cbcf6
reloadAllAccessors: .ForbiddenInstantanousLoop

===========================================================================================
----------------- testing Wed Aug 21 05:31:38 UTC 2019 /home/travis/build/icyphy/ptII/ptolemy/domains/modal/test/auto/FunctionDependencyOfFSMActorTest.xml
----------------- Instantiating /home/travis/build/icyphy/ptII/ptolemy/domains/modal/test/auto/FunctionDependencyOfFSMActorTest.xml
12 ms. Memory: 263168K Free: 219529K (83%)
----------------- Invoking toplevel() on ptolemy.moml.MoMLSimpleApplication@542ad171
----------------- Done invoking toplevel() on ptolemy.moml.MoMLSimpleApplication@542ad171
reloadAllAccessors: .FunctionDependencyOfFSMActorTest

===========================================================================================
----------------- testing Wed Aug 21 05:31:38 UTC 2019 /home/travis/build/icyphy/ptII/ptolemy/domains/modal/test/auto/GuardExpression.xml
----------------- Instantiating /home/travis/build/icyphy/ptII/ptolemy/domains/modal/test/auto/GuardExpression.xml
2 ms. Memory: 263168K Free: 214439K (81%)
----------------- Invoking toplevel() on ptolemy.moml.MoMLSimpleApplication@138ab765
----------------- Done invoking toplevel() on ptolemy.moml.MoMLSimpleApplication@138ab765
reloadAllAccessors: .GuardExpression

===========================================================================================
----------------- testing Wed Aug 21 05:31:38 UTC 2019 /home/travis/build/icyphy/ptII/ptolemy/domains/modal/test/auto/GuardNotEvaluated.xml
----------------- Instantiating /home/travis/build/icyphy/ptII/ptolemy/domains/modal/test/auto/GuardNotEvaluated.xml
6 ms. Memory: 263168K Free: 205737K (78%)
----------------- Invoking toplevel() on ptolemy.moml.MoMLSimpleApplication@258abba8
----------------- Done invoking toplevel() on ptolemy.moml.MoMLSimpleApplication@258abba8
reloadAllAccessors: .GuardNotEvaluated

===========================================================================================
----------------- testing Wed Aug 21 05:31:38 UTC 2019 /home/travis/build/icyphy/ptII/ptolemy/domains/modal/test/auto/GuardNotEvaluated2.xml
----------------- Instantiating /home/travis/build/icyphy/ptII/ptolemy/domains/modal/test/auto/GuardNotEvaluated2.xml
7 ms. Memory: 263168K Free: 196007K (74%)
----------------- Invoking toplevel() on ptolemy.moml.MoMLSimpleApplication@32276065
----------------- Done invoking toplevel() on ptolemy.moml.MoMLSimpleApplication@32276065
reloadAllAccessors: .GuardNotEvaluated2

===========================================================================================
----------------- testing Wed Aug 21 05:31:38 UTC 2019 /home/travis/build/icyphy/ptII/ptolemy/domains/modal/test/auto/GuardOnAbsent.xml
----------------- Instantiating /home/travis/build/icyphy/ptII/ptolemy/domains/modal/test/auto/GuardOnAbsent.xml
8 ms. Memory: 263168K Free: 188833K (72%)
----------------- Invoking toplevel() on ptolemy.moml.MoMLSimpleApplication@6cb4a8b1
----------------- Done invoking toplevel() on ptolemy.moml.MoMLSimpleApplication@6cb4a8b1
reloadAllAccessors: .GuardOnAbsent

===========================================================================================
----------------- testing Wed Aug 21 05:31:38 UTC 2019 /home/travis/build/icyphy/ptII/ptolemy/domains/modal/test/auto/HierarchicalFSMTypeInference.xml
----------------- Instantiating /home/travis/build/icyphy/ptII/ptolemy/domains/modal/test/auto/HierarchicalFSMTypeInference.xml
5 ms. Memory: 263168K Free: 178599K (68%)
----------------- Invoking toplevel() on ptolemy.moml.MoMLSimpleApplication@6b63bd08
----------------- Done invoking toplevel() on ptolemy.moml.MoMLSimpleApplication@6b63bd08
reloadAllAccessors: .HierarchicalFSMTypeInference

===========================================================================================
----------------- testing Wed Aug 21 05:31:38 UTC 2019 /home/travis/build/icyphy/ptII/ptolemy/domains/modal/test/auto/Hysteresis.xml
----------------- Instantiating /home/travis/build/icyphy/ptII/ptolemy/domains/modal/test/auto/Hysteresis.xml
11 ms. Memory: 263168K Free: 165273K (63%)
----------------- Invoking toplevel() on ptolemy.moml.MoMLSimpleApplication@3b636591
----------------- Done invoking toplevel() on ptolemy.moml.MoMLSimpleApplication@3b636591
reloadAllAccessors: .Hysteresis

===========================================================================================
----------------- testing Wed Aug 21 05:31:38 UTC 2019 /home/travis/build/icyphy/ptII/ptolemy/domains/modal/test/auto/HysteresisWithDefault.xml
----------------- Instantiating /home/travis/build/icyphy/ptII/ptolemy/domains/modal/test/auto/HysteresisWithDefault.xml
36 ms. Memory: 263168K Free: 142249K (54%)
----------------- Invoking toplevel() on ptolemy.moml.MoMLSimpleApplication@2703c084
----------------- Done invoking toplevel() on ptolemy.moml.MoMLSimpleApplication@2703c084
reloadAllAccessors: .HysteresisWithDefault

===========================================================================================
----------------- testing Wed Aug 21 05:31:38 UTC 2019 /home/travis/build/icyphy/ptII/ptolemy/domains/modal/test/auto/HysteresisWithDefault2.xml
----------------- Instantiating /home/travis/build/icyphy/ptII/ptolemy/domains/modal/test/auto/HysteresisWithDefault2.xml
43 ms. Memory: 263168K Free: 112553K (43%)
----------------- Invoking toplevel() on ptolemy.moml.MoMLSimpleApplication@1a5b65bc
----------------- Done invoking toplevel() on ptolemy.moml.MoMLSimpleApplication@1a5b65bc
reloadAllAccessors: .HysteresisWithDefault2

===========================================================================================
----------------- testing Wed Aug 21 05:31:38 UTC 2019 /home/travis/build/icyphy/ptII/ptolemy/domains/modal/test/auto/ImmediateNonConstructiveness.xml
----------------- Instantiating /home/travis/build/icyphy/ptII/ptolemy/domains/modal/test/auto/ImmediateNonConstructiveness.xml
3 ms. Memory: 263168K Free: 105385K (40%)
----------------- Invoking toplevel() on ptolemy.moml.MoMLSimpleApplication@d3369d3
----------------- Done invoking toplevel() on ptolemy.moml.MoMLSimpleApplication@d3369d3
reloadAllAccessors: .ImmediateNonConstructiveness

===========================================================================================
----------------- testing Wed Aug 21 05:31:38 UTC 2019 /home/travis/build/icyphy/ptII/ptolemy/domains/modal/test/auto/ImmediateNonConstructiveness2.xml
----------------- Instantiating /home/travis/build/icyphy/ptII/ptolemy/domains/modal/test/auto/ImmediateNonConstructiveness2.xml
2 ms. Memory: 263168K Free: 98713K (38%)
----------------- Invoking toplevel() on ptolemy.moml.MoMLSimpleApplication@4019469d
----------------- Done invoking toplevel() on ptolemy.moml.MoMLSimpleApplication@4019469d
reloadAllAccessors: .ImmediateNonConstructiveness2

===========================================================================================
----------------- testing Wed Aug 21 05:31:38 UTC 2019 /home/travis/build/icyphy/ptII/ptolemy/domains/modal/test/auto/ImmediateTransitionReset.xml
----------------- Instantiating /home/travis/build/icyphy/ptII/ptolemy/domains/modal/test/auto/ImmediateTransitionReset.xml
3 ms. Memory: 263168K Free: 239456K (91%)
----------------- Invoking toplevel() on ptolemy.moml.MoMLSimpleApplication@65b657
----------------- Done invoking toplevel() on ptolemy.moml.MoMLSimpleApplication@65b657
reloadAllAccessors: .ImmediateTransitionReset

===========================================================================================
----------------- testing Wed Aug 21 05:31:38 UTC 2019 /home/travis/build/icyphy/ptII/ptolemy/domains/modal/test/auto/ImmediateTransitions1.xml
----------------- Instantiating /home/travis/build/icyphy/ptII/ptolemy/domains/modal/test/auto/ImmediateTransitions1.xml
1 ms. Memory: 263168K Free: 234336K (89%)
----------------- Invoking toplevel() on ptolemy.moml.MoMLSimpleApplication@7b5e204
----------------- Done invoking toplevel() on ptolemy.moml.MoMLSimpleApplication@7b5e204
reloadAllAccessors: .ImmediateTransitions1

===========================================================================================
----------------- testing Wed Aug 21 05:31:38 UTC 2019 /home/travis/build/icyphy/ptII/ptolemy/domains/modal/test/auto/ImmediateTransitionsInstantaneousCommunication.xml
----------------- Instantiating /home/travis/build/icyphy/ptII/ptolemy/domains/modal/test/auto/ImmediateTransitionsInstantaneousCommunication.xml
3 ms. Memory: 263168K Free: 222048K (84%)
----------------- Invoking toplevel() on ptolemy.moml.MoMLSimpleApplication@87ac2a5
----------------- Done invoking toplevel() on ptolemy.moml.MoMLSimpleApplication@87ac2a5
reloadAllAccessors: .ImmediateTransitionsInstantaneousCommunication

===========================================================================================
----------------- testing Wed Aug 21 05:31:38 UTC 2019 /home/travis/build/icyphy/ptII/ptolemy/domains/modal/test/auto/InitialImmediateTransition.xml
----------------- Instantiating /home/travis/build/icyphy/ptII/ptolemy/domains/modal/test/auto/InitialImmediateTransition.xml
3 ms. Memory: 263168K Free: 214880K (82%)
----------------- Invoking toplevel() on ptolemy.moml.MoMLSimpleApplication@48d85918
----------------- Done invoking toplevel() on ptolemy.moml.MoMLSimpleApplication@48d85918
reloadAllAccessors: .InitialImmediateTransition

===========================================================================================
----------------- testing Wed Aug 21 05:31:38 UTC 2019 /home/travis/build/icyphy/ptII/ptolemy/domains/modal/test/auto/InitialOutputs.xml
----------------- Instantiating /home/travis/build/icyphy/ptII/ptolemy/domains/modal/test/auto/InitialOutputs.xml
3 ms. Memory: 263168K Free: 208208K (79%)
----------------- Invoking toplevel() on ptolemy.moml.MoMLSimpleApplication@7ef0df22
----------------- Done invoking toplevel() on ptolemy.moml.MoMLSimpleApplication@7ef0df22
reloadAllAccessors: .InitialOutputs

===========================================================================================
----------------- testing Wed Aug 21 05:31:38 UTC 2019 /home/travis/build/icyphy/ptII/ptolemy/domains/modal/test/auto/InitialStateTransition1.xml
----------------- Instantiating /home/travis/build/icyphy/ptII/ptolemy/domains/modal/test/auto/InitialStateTransition1.xml
2 ms. Memory: 263168K Free: 201054K (76%)
----------------- Invoking toplevel() on ptolemy.moml.MoMLSimpleApplication@4ba7d3af
----------------- Done invoking toplevel() on ptolemy.moml.MoMLSimpleApplication@4ba7d3af
reloadAllAccessors: .InitialStateTransition1

===========================================================================================
----------------- testing Wed Aug 21 05:31:38 UTC 2019 /home/travis/build/icyphy/ptII/ptolemy/domains/modal/test/auto/InitialStateTransition2.xml
----------------- Instantiating /home/travis/build/icyphy/ptII/ptolemy/domains/modal/test/auto/InitialStateTransition2.xml
.InitialStateTransition2.TestExceptionAttributeNonConstructive: initialize() was not invoked, but wrapup() was.  This is unusual, but not always a problem.  For example, exporting JNLP will do this.
2 ms. Memory: 263168K Free: 193886K (74%)
----------------- Invoking toplevel() on ptolemy.moml.MoMLSimpleApplication@a1b5801
----------------- Done invoking toplevel() on ptolemy.moml.MoMLSimpleApplication@a1b5801
reloadAllAccessors: .InitialStateTransition2

===========================================================================================
----------------- testing Wed Aug 21 05:31:38 UTC 2019 /home/travis/build/icyphy/ptII/ptolemy/domains/modal/test/auto/InitialStateTransition3.xml
----------------- Instantiating /home/travis/build/icyphy/ptII/ptolemy/domains/modal/test/auto/InitialStateTransition3.xml
5 ms. Memory: 263168K Free: 185690K (71%)
----------------- Invoking toplevel() on ptolemy.moml.MoMLSimpleApplication@50a217dc
----------------- Done invoking toplevel() on ptolemy.moml.MoMLSimpleApplication@50a217dc
reloadAllAccessors: .InitialStateTransition3

===========================================================================================
----------------- testing Wed Aug 21 05:31:38 UTC 2019 /home/travis/build/icyphy/ptII/ptolemy/domains/modal/test/auto/InitialStateTransition4.xml
----------------- Instantiating /home/travis/build/icyphy/ptII/ptolemy/domains/modal/test/auto/InitialStateTransition4.xml
2 ms. Memory: 263168K Free: 175968K (67%)
----------------- Invoking toplevel() on ptolemy.moml.MoMLSimpleApplication@1b7a879e
----------------- Done invoking toplevel() on ptolemy.moml.MoMLSimpleApplication@1b7a879e
[...]
reloadAllAccessors: .TerminationTransition3

===========================================================================================
----------------- testing Wed Aug 21 05:31:40 UTC 2019 /home/travis/build/icyphy/ptII/ptolemy/domains/modal/test/auto/TerminationTransition4.xml
----------------- Instantiating /home/travis/build/icyphy/ptII/ptolemy/domains/modal/test/auto/TerminationTransition4.xml
2 ms. Memory: 316416K Free: 133839K (42%)
----------------- Invoking toplevel() on ptolemy.moml.MoMLSimpleApplication@7e86804a
----------------- Done invoking toplevel() on ptolemy.moml.MoMLSimpleApplication@7e86804a
reloadAllAccessors: .TerminationTransition4

===========================================================================================
----------------- testing Wed Aug 21 05:31:40 UTC 2019 /home/travis/build/icyphy/ptII/ptolemy/domains/modal/test/auto/TerminationTransition5.xml
----------------- Instantiating /home/travis/build/icyphy/ptII/ptolemy/domains/modal/test/auto/TerminationTransition5.xml
2 ms. Memory: 316416K Free: 120013K (38%)
----------------- Invoking toplevel() on ptolemy.moml.MoMLSimpleApplication@6e06cb6f
----------------- Done invoking toplevel() on ptolemy.moml.MoMLSimpleApplication@6e06cb6f
reloadAllAccessors: .TerminationTransition5

===========================================================================================
----------------- testing Wed Aug 21 05:31:40 UTC 2019 /home/travis/build/icyphy/ptII/ptolemy/domains/modal/test/auto/TerminationTransition6.xml
----------------- Instantiating /home/travis/build/icyphy/ptII/ptolemy/domains/modal/test/auto/TerminationTransition6.xml
2 ms. Memory: 316416K Free: 295905K (94%)
----------------- Invoking toplevel() on ptolemy.moml.MoMLSimpleApplication@52fc9986
----------------- Done invoking toplevel() on ptolemy.moml.MoMLSimpleApplication@52fc9986
reloadAllAccessors: .TerminationTransition6

===========================================================================================
----------------- testing Wed Aug 21 05:31:40 UTC 2019 /home/travis/build/icyphy/ptII/ptolemy/domains/modal/test/auto/TerminationTransition7.xml
----------------- Instantiating /home/travis/build/icyphy/ptII/ptolemy/domains/modal/test/auto/TerminationTransition7.xml
2 ms. Memory: 316416K Free: 286186K (90%)
----------------- Invoking toplevel() on ptolemy.moml.MoMLSimpleApplication@7ef00ecd
----------------- Done invoking toplevel() on ptolemy.moml.MoMLSimpleApplication@7ef00ecd
reloadAllAccessors: .TerminationTransition7

===========================================================================================
----------------- testing Wed Aug 21 05:31:40 UTC 2019 /home/travis/build/icyphy/ptII/ptolemy/domains/modal/test/auto/TerminationTransition8.xml
----------------- Instantiating /home/travis/build/icyphy/ptII/ptolemy/domains/modal/test/auto/TerminationTransition8.xml
2 ms. Memory: 316416K Free: 276441K (87%)
----------------- Invoking toplevel() on ptolemy.moml.MoMLSimpleApplication@3941f5c9
----------------- Done invoking toplevel() on ptolemy.moml.MoMLSimpleApplication@3941f5c9
reloadAllAccessors: .TerminationTransition8

===========================================================================================
----------------- testing Wed Aug 21 05:31:40 UTC 2019 /home/travis/build/icyphy/ptII/ptolemy/domains/modal/test/auto/Thermostat_NoHysteresis.xml
----------------- Instantiating /home/travis/build/icyphy/ptII/ptolemy/domains/modal/test/auto/Thermostat_NoHysteresis.xml
21 ms. Memory: 316416K Free: 251873K (80%)
----------------- Invoking toplevel() on ptolemy.moml.MoMLSimpleApplication@5c314048
----------------- Done invoking toplevel() on ptolemy.moml.MoMLSimpleApplication@5c314048
reloadAllAccessors: .Thermostat_NoHysteresis

===========================================================================================
----------------- testing Wed Aug 21 05:31:40 UTC 2019 /home/travis/build/icyphy/ptII/ptolemy/domains/modal/test/auto/TimedFSM.xml
----------------- Instantiating /home/travis/build/icyphy/ptII/ptolemy/domains/modal/test/auto/TimedFSM.xml
8 ms. Memory: 316416K Free: 240106K (76%)
----------------- Invoking toplevel() on ptolemy.moml.MoMLSimpleApplication@12df901d
----------------- Done invoking toplevel() on ptolemy.moml.MoMLSimpleApplication@12df901d
reloadAllAccessors: .TimedFSM

===========================================================================================
----------------- testing Wed Aug 21 05:31:40 UTC 2019 /home/travis/build/icyphy/ptII/ptolemy/domains/modal/test/auto/Timeout1.xml
----------------- Instantiating /home/travis/build/icyphy/ptII/ptolemy/domains/modal/test/auto/Timeout1.xml
3 ms. Memory: 316416K Free: 234457K (74%)
----------------- Invoking toplevel() on ptolemy.moml.MoMLSimpleApplication@b613d5a
----------------- Done invoking toplevel() on ptolemy.moml.MoMLSimpleApplication@b613d5a
reloadAllAccessors: .Timeout1

===========================================================================================
----------------- testing Wed Aug 21 05:31:40 UTC 2019 /home/travis/build/icyphy/ptII/ptolemy/domains/modal/test/auto/Timeout2.xml
----------------- Instantiating /home/travis/build/icyphy/ptII/ptolemy/domains/modal/test/auto/Timeout2.xml
8 ms. Memory: 316416K Free: 225770K (71%)
----------------- Invoking toplevel() on ptolemy.moml.MoMLSimpleApplication@45a3945c
----------------- Done invoking toplevel() on ptolemy.moml.MoMLSimpleApplication@45a3945c
reloadAllAccessors: .Timeout2

===========================================================================================
----------------- testing Wed Aug 21 05:31:40 UTC 2019 /home/travis/build/icyphy/ptII/ptolemy/domains/modal/test/auto/Timeout3.xml
----------------- Instantiating /home/travis/build/icyphy/ptII/ptolemy/domains/modal/test/auto/Timeout3.xml
2 ms. Memory: 316416K Free: 220650K (70%)
----------------- Invoking toplevel() on ptolemy.moml.MoMLSimpleApplication@61e1ea04
----------------- Done invoking toplevel() on ptolemy.moml.MoMLSimpleApplication@61e1ea04
reloadAllAccessors: .Timeout3

===========================================================================================
----------------- testing Wed Aug 21 05:31:40 UTC 2019 /home/travis/build/icyphy/ptII/ptolemy/domains/modal/test/auto/Timeout4.xml
----------------- Instantiating /home/travis/build/icyphy/ptII/ptolemy/domains/modal/test/auto/Timeout4.xml
2 ms. Memory: 316416K Free: 215530K (68%)
----------------- Invoking toplevel() on ptolemy.moml.MoMLSimpleApplication@727cec5d
----------------- Done invoking toplevel() on ptolemy.moml.MoMLSimpleApplication@727cec5d
reloadAllAccessors: .Timeout4

===========================================================================================
----------------- testing Wed Aug 21 05:31:40 UTC 2019 /home/travis/build/icyphy/ptII/ptolemy/domains/modal/test/auto/TransientstateModelAdvanced.xml
----------------- Instantiating /home/travis/build/icyphy/ptII/ptolemy/domains/modal/test/auto/TransientstateModelAdvanced.xml
4 ms. Memory: 316416K Free: 203242K (64%)
----------------- Invoking toplevel() on ptolemy.moml.MoMLSimpleApplication@6cf295bb
----------------- Done invoking toplevel() on ptolemy.moml.MoMLSimpleApplication@6cf295bb
reloadAllAccessors: .TransientstateModelAdvanced

===========================================================================================
----------------- testing Wed Aug 21 05:31:40 UTC 2019 /home/travis/build/icyphy/ptII/ptolemy/domains/modal/test/auto/TransientstateModelAdvanced2.xml
----------------- Instantiating /home/travis/build/icyphy/ptII/ptolemy/domains/modal/test/auto/TransientstateModelAdvanced2.xml
2 ms. Memory: 316416K Free: 189401K (60%)
----------------- Invoking toplevel() on ptolemy.moml.MoMLSimpleApplication@6ad2dec
----------------- Done invoking toplevel() on ptolemy.moml.MoMLSimpleApplication@6ad2dec
reloadAllAccessors: .transientstatemodelAdvanced

===========================================================================================
----------------- testing Wed Aug 21 05:31:40 UTC 2019 /home/travis/build/icyphy/ptII/ptolemy/domains/modal/test/auto/TransitionRefinements.xml
----------------- Instantiating /home/travis/build/icyphy/ptII/ptolemy/domains/modal/test/auto/TransitionRefinements.xml
6 ms. Memory: 316416K Free: 179690K (57%)
----------------- Invoking toplevel() on ptolemy.moml.MoMLSimpleApplication@524d5f85
----------------- Done invoking toplevel() on ptolemy.moml.MoMLSimpleApplication@524d5f85
reloadAllAccessors: .TransitionRefinements

===========================================================================================
----------------- testing Wed Aug 21 05:31:40 UTC 2019 /home/travis/build/icyphy/ptII/ptolemy/domains/modal/test/auto/TwoRefinements1.xml
----------------- Instantiating /home/travis/build/icyphy/ptII/ptolemy/domains/modal/test/auto/TwoRefinements1.xml
3 ms. Memory: 316416K Free: 169960K (54%)
----------------- Invoking toplevel() on ptolemy.moml.MoMLSimpleApplication@79d92c5b
----------------- Done invoking toplevel() on ptolemy.moml.MoMLSimpleApplication@79d92c5b
reloadAllAccessors: .TwoRefinements1

===========================================================================================
----------------- testing Wed Aug 21 05:31:40 UTC 2019 /home/travis/build/icyphy/ptII/ptolemy/domains/modal/test/auto/TwoRefinements2.xml
----------------- Instantiating /home/travis/build/icyphy/ptII/ptolemy/domains/modal/test/auto/TwoRefinements2.xml
2 ms. Memory: 316416K Free: 160234K (51%)
----------------- Invoking toplevel() on ptolemy.moml.MoMLSimpleApplication@64999434
----------------- Done invoking toplevel() on ptolemy.moml.MoMLSimpleApplication@64999434
reloadAllAccessors: .TwoRefinements2

===========================================================================================
----------------- testing Wed Aug 21 05:31:40 UTC 2019 /home/travis/build/icyphy/ptII/ptolemy/domains/modal/test/auto/WeakImmediateTransition.xml
----------------- Instantiating /home/travis/build/icyphy/ptII/ptolemy/domains/modal/test/auto/WeakImmediateTransition.xml
3 ms. Memory: 316416K Free: 151528K (48%)
----------------- Invoking toplevel() on ptolemy.moml.MoMLSimpleApplication@640fc9ea
----------------- Done invoking toplevel() on ptolemy.moml.MoMLSimpleApplication@640fc9ea
reloadAllAccessors: .WeakImmediateTransition

===========================================================================================
----------------- testing Wed Aug 21 05:31:40 UTC 2019 /home/travis/build/icyphy/ptII/ptolemy/domains/modal/test/auto/booleanSelect.xml
----------------- Instantiating /home/travis/build/icyphy/ptII/ptolemy/domains/modal/test/auto/booleanSelect.xml
38 ms. Memory: 316416K Free: 133610K (42%)
----------------- Invoking toplevel() on ptolemy.moml.MoMLSimpleApplication@4df45976
----------------- Done invoking toplevel() on ptolemy.moml.MoMLSimpleApplication@4df45976
reloadAllAccessors: .booleanSelect

===========================================================================================
----------------- testing Wed Aug 21 05:31:41 UTC 2019 /home/travis/build/icyphy/ptII/ptolemy/domains/modal/test/auto/modalChangingParams.xml
----------------- Instantiating /home/travis/build/icyphy/ptII/ptolemy/domains/modal/test/auto/modalChangingParams.xml
0
1
0
2
4
6
8
7
0
2
4
6
8
13
0
2
4
6
8
19
0
2
4
6
8
25
0
2
4
6
8
31
0
2
4
6
8
37
0
2
4
6
8
43
0
2
4
6
8
49
0
2
4
6
8
55
0
2
4
6
8
61
0
2
4
6
8
67
0
2
4
6
8
73
0
2
4
6
8
79
0
2
4
6
8
85
0
2
4
6
8
91
0
2
4
6
8
97
0
2
4
6
8
103
0
2
4
6
8
109
0
2
4
6
8
115
0
2
4
6
8
121
0
2
4
6
8
127
0
2
4
6
8
133
0
2
4
6
8
139
0
2
4
6
8
145
0
2
4
6
8
151
0
2
4
6
8
157
0
2
4
6
8
163
0
2
4
6
8
169
0
2
4
6
8
175
0
2
4
6
8
181
0
2
4
6
8
187
0
2
4
6
8
193
0
2
4
6
8
199
0
2
4
6
8
205
0
2
4
6
8
211
0
2
4
6
8
217
0
2
4
6
8
223
0
2
4
6
8
229
0
2
4
6
8
235
0
2
4
6
8
241
0
2
4
6
8
247
0
2
4
6
8
253
0
2
4
6
8
259
0
2
4
6
8
265
0
2
4
6
8
271
0
2
4
6
8
277
0
2
4
6
8
283
0
2
4
6
8
289
0
2
4
6
8
295
0
2
4
6
8
301
0
2
4
6
8
307
0
2
4
6
8
313
0
2
4
6
8
319
0
2
4
6
8
325
0
2
4
6
8
331
0
2
4
6
8
337
0
2
4
6
8
343
0
2
4
6
8
349
0
2
4
6
8
355
0
2
4
6
8
361
0
2
4
6
8
367
0
2
4
6
8
373
0
2
4
6
8
379
0
2
4
6
8
385
0
2
4
6
8
391
0
2
4
6
8
397
0
2
4
6
8
403
0
2
4
6
8
409
0
2
4
6
8
415
0
2
4
6
8
421
0
2
4
6
8
427
0
2
4
6
8
433
0
2
4
6
8
439
0
2
4
6
8
445
0
2
4
6
8
451
0
2
4
6
8
457
0
2
4
6
8
463
0
2
4
6
8
469
0
2
4
6
8
475
0
2
4
6
8
481
0
2
4
6
8
487
0
2
4
6
8
493
0
2
4
6
8
499
0
2
4
6
8
505
0
2
4
6
8
511
0
2
4
6
8
517
0
2
4
6
8
523
0
2
4
6
8
529
0
2
4
6
8
535
0
2
4
6
8
541
0
2
4
6
8
547
0
2
4
6
8
553
0
2
4
6
8
559
0
2
4
6
8
565
0
2
4
6
8
571
0
2
4
6
8
577
0
2
4
6
8
583
0
2
4
6
8
589
0
2
4
6
8
595
0
2
4
6
8
601
0
2
4
6
8
607
0
2
4
6
8
613
0
2
4
6
8
619
0
2
4
6
8
625
0
2
4
6
8
631
0
2
4
6
8
637
0
2
4
6
8
643
0
2
4
6
8
649
0
2
4
6
8
655
0
2
4
6
8
661
0
2
4
6
8
667
0
2
4
6
8
673
0
2
4
6
8
679
0
2
4
6
8
685
0
2
4
6
8
691
0
2
4
6
8
697
0
2
4
6
8
703
0
2
4
6
8
709
0
2
4
6
8
715
0
2
4
6
8
721
0
2
4
6
8
727
0
2
4
6
8
733
0
2
4
6
8
739
0
2
4
6
8
745
0
2
4
6
8
751
0
2
4
6
8
757
0
2
4
6
8
763
0
2
4
6
8
769
0
2
4
6
8
775
0
2
4
6
8
781
0
2
4
6
8
787
0
2
4
6
8
793
0
2
4
6
8
799
0
2
4
6
8
805
0
2
4
6
8
811
0
2
4
6
8
817
0
2
4
6
8
823
0
2
4
6
8
829
0
2
4
6
8
835
0
2
4
6
8
841
0
2
4
6
8
847
0
2
4
6
8
853
0
2
4
6
8
859
0
2
4
6
8
865
0
2
4
6
8
871
0
2
4
6
8
877
0
2
4
6
8
883
0
2
4
6
8
889
0
2
4
6
8
895
0
2
4
6
8
901
0
2
4
6
8
907
0
2
4
6
8
913
0
2
4
6
8
919
0
2
4
6
8
925
0
2
4
6
8
931
0
2
4
6
8
937
0
2
4
6
8
943
0
2
4
6
8
949
0
2
4
6
8
955
0
2
4
6
8
961
0
2
4
6
8
967
0
2
4
6
8
973
0
2
4
6
8
979
0
2
4
6
8
985
0
2
4
6
8
991
0
2
4
6
8
997
0
2
251 ms. Memory: 316416K Free: 204878K (65%)
----------------- Invoking toplevel() on ptolemy.moml.MoMLSimpleApplication@1cb26108
----------------- Done invoking toplevel() on ptolemy.moml.MoMLSimpleApplication@1cb26108
reloadAllAccessors: .modalChangingParams

===========================================================================================
----------------- testing Wed Aug 21 05:31:41 UTC 2019 /home/travis/build/icyphy/ptII/ptolemy/domains/modal/test/auto/modalModel.xml
----------------- Instantiating /home/travis/build/icyphy/ptII/ptolemy/domains/modal/test/auto/modalModel.xml
13 ms. Memory: 316416K Free: 195495K (62%)
----------------- Invoking toplevel() on ptolemy.moml.MoMLSimpleApplication@281476df
----------------- Done invoking toplevel() on ptolemy.moml.MoMLSimpleApplication@281476df
reloadAllAccessors: .modalModel

===========================================================================================
----------------- testing Wed Aug 21 05:31:41 UTC 2019 /home/travis/build/icyphy/ptII/ptolemy/domains/modal/test/auto/modalModel2.xml
----------------- Instantiating /home/travis/build/icyphy/ptII/ptolemy/domains/modal/test/auto/modalModel2.xml
11 ms. Memory: 316416K Free: 184775K (58%)
----------------- Invoking toplevel() on ptolemy.moml.MoMLSimpleApplication@65e33e59
----------------- Done invoking toplevel() on ptolemy.moml.MoMLSimpleApplication@65e33e59
reloadAllAccessors: .modalModel2

===========================================================================================
----------------- testing Wed Aug 21 05:31:41 UTC 2019 /home/travis/build/icyphy/ptII/ptolemy/domains/modal/test/auto/modalModel3.xml
----------------- Instantiating /home/travis/build/icyphy/ptII/ptolemy/domains/modal/test/auto/modalModel3.xml
0	0	0
1	0	1
4	2	2
7	4	3
10	6	4
5	0	5
8	2	6
11	4	7
14	6	8
9	0	9
12	2	10
15	4	11
18	6	12
13	0	13
16	2	14
17 ms. Memory: 316416K Free: 170439K (54%)
----------------- Invoking toplevel() on ptolemy.moml.MoMLSimpleApplication@34cd92fc
----------------- Done invoking toplevel() on ptolemy.moml.MoMLSimpleApplication@34cd92fc
reloadAllAccessors: .modalModel3

===========================================================================================
----------------- testing Wed Aug 21 05:31:41 UTC 2019 /home/travis/build/icyphy/ptII/ptolemy/domains/modal/test/auto/model1.xml
----------------- Instantiating /home/travis/build/icyphy/ptII/ptolemy/domains/modal/test/auto/model1.xml
11 ms. Memory: 316416K Free: 164791K (52%)
----------------- Invoking toplevel() on ptolemy.moml.MoMLSimpleApplication@64abdede
----------------- Done invoking toplevel() on ptolemy.moml.MoMLSimpleApplication@64abdede
reloadAllAccessors: .model1

===========================================================================================
----------------- testing Wed Aug 21 05:31:41 UTC 2019 /home/travis/build/icyphy/ptII/ptolemy/domains/modal/test/auto/test-direct-in-out.xml
----------------- Instantiating /home/travis/build/icyphy/ptII/ptolemy/domains/modal/test/auto/test-direct-in-out.xml
6 ms. Memory: 316416K Free: 157127K (50%)
----------------- Invoking toplevel() on ptolemy.moml.MoMLSimpleApplication@641afb24
----------------- Done invoking toplevel() on ptolemy.moml.MoMLSimpleApplication@641afb24
reloadAllAccessors: .test-direct-in-out
AutoTests.java: About to close Vertx.
AutoTests.java: Vertx closed.
]]></system-out>
  <system-err><![CDATA[java.lang.RuntimeException: Execution failed
	at ptolemy.moml.MoMLSimpleApplication$UnloadThread.run(MoMLSimpleApplication.java:402)
Caused by: ptolemy.kernel.util.IllegalActionException: Unknown inputs remain. Possible causality loop:
L_model_1893289564i

  in .CannotAnalysisWithPreemption.model_1893289564_region_1 and .CannotAnalysisWithPreemption.model_1893289564_region_1.L_model_1893289564i
	at ptolemy.actor.sched.FixedPointDirector.postfire(FixedPointDirector.java:515)
	at ptolemy.domains.sr.kernel.SRDirector.postfire(SRDirector.java:417)
	at ptolemy.actor.CompositeActor.postfire(CompositeActor.java:1668)
	at ptolemy.actor.Manager.iterate(Manager.java:852)
	at ptolemy.actor.Manager.execute(Manager.java:369)
	at ptolemy.actor.Manager.run(Manager.java:1263)
	at ptolemy.actor.Manager$PtolemyRunThread.run(Manager.java:1933)
java.lang.reflect.InvocationTargetException
	at java.base/jdk.internal.reflect.NativeConstructorAccessorImpl.newInstance0(Native Method)
	at java.base/jdk.internal.reflect.NativeConstructorAccessorImpl.newInstance(NativeConstructorAccessorImpl.java:62)
	at java.base/jdk.internal.reflect.DelegatingConstructorAccessorImpl.newInstance(DelegatingConstructorAccessorImpl.java:45)
	at java.base/java.lang.reflect.Constructor.newInstance(Constructor.java:490)
	at ptolemy.util.test.junit.AutoKnownFailedTests.RunModel(AutoKnownFailedTests.java:105)
	at java.base/jdk.internal.reflect.NativeMethodAccessorImpl.invoke0(Native Method)
	at java.base/jdk.internal.reflect.NativeMethodAccessorImpl.invoke(NativeMethodAccessorImpl.java:62)
	at java.base/jdk.internal.reflect.DelegatingMethodAccessorImpl.invoke(DelegatingMethodAccessorImpl.java:43)
	at java.base/java.lang.reflect.Method.invoke(Method.java:566)
	at org.junit.runners.model.FrameworkMethod$1.runReflectiveCall(FrameworkMethod.java:44)
	at org.junit.internal.runners.model.ReflectiveCallable.run(ReflectiveCallable.java:15)
	at org.junit.runners.model.FrameworkMethod.invokeExplosively(FrameworkMethod.java:41)
	at junitparams.internal.InvokeParameterisedMethod.evaluate(InvokeParameterisedMethod.java:102)
	at org.junit.internal.runners.statements.FailOnTimeout$1.run(FailOnTimeout.java:28)
Caused by: ptolemy.kernel.util.IllegalActionException: Unknown inputs remain. Possible causality loop:
L_model_1893289564i

  in .CannotAnalysisWithPreemption.model_1893289564_region_1 and .CannotAnalysisWithPreemption.model_1893289564_region_1.L_model_1893289564i
	at ptolemy.actor.sched.FixedPointDirector.postfire(FixedPointDirector.java:515)
	at ptolemy.domains.sr.kernel.SRDirector.postfire(SRDirector.java:417)
	at ptolemy.actor.CompositeActor.postfire(CompositeActor.java:1668)
	at ptolemy.actor.Manager.iterate(Manager.java:852)
	at ptolemy.actor.Manager.execute(Manager.java:369)
	at ptolemy.actor.Manager.run(Manager.java:1263)
	at ptolemy.actor.Manager$PtolemyRunThread.run(Manager.java:1933)
]]></system-err>
</testsuite>
