<?xml version="1.0" encoding="UTF-8" ?>
<testsuite errors="0" failures="0" hostname="travis-job-efdac700-f74f-4140-9167-4d1b347a6f76" name="ptolemy.actor.lib.hoc.test.junit.JUnitTclTest" skipped="0" tests="58" time="25.419" timestamp="2018-08-16T01:50:16">
  <properties>
[...]
</properties>
  <testcase classname="ptolemy.util.test.junit.TclTests" name="[0] /home/travis/build/icyphy/ptII/ptolemy/actor/lib/hoc/test/IterateOverArray.tcl (RunTclFile)" time="0.266" />
  <testcase classname="ptolemy.util.test.junit.AutoKnownFailedTests" name="[0] /home/travis/build/icyphy/ptII/ptolemy/actor/lib/hoc/test/auto/knownFailedTests/PreinitializeMustBeInvokedRunComposite.xml (RunModel)" time="0.231" />
  <testcase classname="ptolemy.util.test.junit.AutoNameArchTests" name="[0] ThereAreNoAutoArchTests (RunModel)" time="0.001" />
  <testcase classname="ptolemy.util.test.junit.AutoTests" name="[0] /home/travis/build/icyphy/ptII/ptolemy/actor/lib/hoc/test/auto/AllToAllMultiInstanceComposite.xml (RunModel)" time="0.297" />
  <testcase classname="ptolemy.util.test.junit.AutoTests" name="[1] /home/travis/build/icyphy/ptII/ptolemy/actor/lib/hoc/test/auto/ApplyFFTTest.xml (RunModel)" time="0.262" />
  <testcase classname="ptolemy.util.test.junit.AutoTests" name="[2] /home/travis/build/icyphy/ptII/ptolemy/actor/lib/hoc/test/auto/ApplyFunction.xml (RunModel)" time="0.022" />
  <testcase classname="ptolemy.util.test.junit.AutoTests" name="[3] /home/travis/build/icyphy/ptII/ptolemy/actor/lib/hoc/test/auto/BackgroundExecution.xml (RunModel)" time="0.753" />
  <testcase classname="ptolemy.util.test.junit.AutoTests" name="[4] /home/travis/build/icyphy/ptII/ptolemy/actor/lib/hoc/test/auto/Case.xml (RunModel)" time="0.092" />
  <testcase classname="ptolemy.util.test.junit.AutoTests" name="[5] /home/travis/build/icyphy/ptII/ptolemy/actor/lib/hoc/test/auto/Case1.xml (RunModel)" time="0.055" />
  <testcase classname="ptolemy.util.test.junit.AutoTests" name="[6] /home/travis/build/icyphy/ptII/ptolemy/actor/lib/hoc/test/auto/Case2.xml (RunModel)" time="0.146" />
  <testcase classname="ptolemy.util.test.junit.AutoTests" name="[7] /home/travis/build/icyphy/ptII/ptolemy/actor/lib/hoc/test/auto/Case3.xml (RunModel)" time="0.058" />
  <testcase classname="ptolemy.util.test.junit.AutoTests" name="[8] /home/travis/build/icyphy/ptII/ptolemy/actor/lib/hoc/test/auto/Case4.xml (RunModel)" time="0.078" />
  <testcase classname="ptolemy.util.test.junit.AutoTests" name="[9] /home/travis/build/icyphy/ptII/ptolemy/actor/lib/hoc/test/auto/Case5.xml (RunModel)" time="0.066" />
  <testcase classname="ptolemy.util.test.junit.AutoTests" name="[10] /home/travis/build/icyphy/ptII/ptolemy/actor/lib/hoc/test/auto/Case6.xml (RunModel)" time="0.115" />
  <testcase classname="ptolemy.util.test.junit.AutoTests" name="[11] /home/travis/build/icyphy/ptII/ptolemy/actor/lib/hoc/test/auto/CaseString2.xml (RunModel)" time="0.056" />
  <testcase classname="ptolemy.util.test.junit.AutoTests" name="[12] /home/travis/build/icyphy/ptII/ptolemy/actor/lib/hoc/test/auto/CatchUpComposite1.xml (RunModel)" time="0.106" />
  <testcase classname="ptolemy.util.test.junit.AutoTests" name="[13] /home/travis/build/icyphy/ptII/ptolemy/actor/lib/hoc/test/auto/CatchUpComposite2.xml (RunModel)" time="0.07" />
  <testcase classname="ptolemy.util.test.junit.AutoTests" name="[14] /home/travis/build/icyphy/ptII/ptolemy/actor/lib/hoc/test/auto/CatchUpComposite3.xml (RunModel)" time="0.058" />
  <testcase classname="ptolemy.util.test.junit.AutoTests" name="[15] /home/travis/build/icyphy/ptII/ptolemy/actor/lib/hoc/test/auto/CatchUpComposite4.xml (RunModel)" time="0.06" />
  <testcase classname="ptolemy.util.test.junit.AutoTests" name="[16] /home/travis/build/icyphy/ptII/ptolemy/actor/lib/hoc/test/auto/CatchUpComposite5.xml (RunModel)" time="0.041" />
  <testcase classname="ptolemy.util.test.junit.AutoTests" name="[17] /home/travis/build/icyphy/ptII/ptolemy/actor/lib/hoc/test/auto/CatchUpComposite6.xml (RunModel)" time="0.174" />
  <testcase classname="ptolemy.util.test.junit.AutoTests" name="[18] /home/travis/build/icyphy/ptII/ptolemy/actor/lib/hoc/test/auto/CatchUpComposite7.xml (RunModel)" time="0.087" />
  <testcase classname="ptolemy.util.test.junit.AutoTests" name="[19] /home/travis/build/icyphy/ptII/ptolemy/actor/lib/hoc/test/auto/ConcurrentExecutionTimeSDF.xml (RunModel)" time="2.036" />
  <testcase classname="ptolemy.util.test.junit.AutoTests" name="[20] /home/travis/build/icyphy/ptII/ptolemy/actor/lib/hoc/test/auto/ConcurrentSleep.xml (RunModel)" time="0.773" />
  <testcase classname="ptolemy.util.test.junit.AutoTests" name="[21] /home/travis/build/icyphy/ptII/ptolemy/actor/lib/hoc/test/auto/DEInPNInRunCompositeActor.xml (RunModel)" time="0.06" />
  <testcase classname="ptolemy.util.test.junit.AutoTests" name="[22] /home/travis/build/icyphy/ptII/ptolemy/actor/lib/hoc/test/auto/DFTSubSetTest.xml (RunModel)" time="0.304" />
  <testcase classname="ptolemy.util.test.junit.AutoTests" name="[23] /home/travis/build/icyphy/ptII/ptolemy/actor/lib/hoc/test/auto/HocDE.xml (RunModel)" time="0.177" />
  <testcase classname="ptolemy.util.test.junit.AutoTests" name="[24] /home/travis/build/icyphy/ptII/ptolemy/actor/lib/hoc/test/auto/IterateOverArray.xml (RunModel)" time="0.038" />
  <testcase classname="ptolemy.util.test.junit.AutoTests" name="[25] /home/travis/build/icyphy/ptII/ptolemy/actor/lib/hoc/test/auto/IterateOverArray10.xml (RunModel)" time="0.016" />
  <testcase classname="ptolemy.util.test.junit.AutoTests" name="[26] /home/travis/build/icyphy/ptII/ptolemy/actor/lib/hoc/test/auto/IterateOverArray11.xml (RunModel)" time="0.03" />
  <testcase classname="ptolemy.util.test.junit.AutoTests" name="[27] /home/travis/build/icyphy/ptII/ptolemy/actor/lib/hoc/test/auto/IterateOverArray12.xml (RunModel)" time="0.054" />
  <testcase classname="ptolemy.util.test.junit.AutoTests" name="[28] /home/travis/build/icyphy/ptII/ptolemy/actor/lib/hoc/test/auto/IterateOverArray13.xml (RunModel)" time="0.153" />
  <testcase classname="ptolemy.util.test.junit.AutoTests" name="[29] /home/travis/build/icyphy/ptII/ptolemy/actor/lib/hoc/test/auto/IterateOverArray14.xml (RunModel)" time="0.137" />
  <testcase classname="ptolemy.util.test.junit.AutoTests" name="[30] /home/travis/build/icyphy/ptII/ptolemy/actor/lib/hoc/test/auto/IterateOverArray2.xml (RunModel)" time="0.034" />
  <testcase classname="ptolemy.util.test.junit.AutoTests" name="[31] /home/travis/build/icyphy/ptII/ptolemy/actor/lib/hoc/test/auto/IterateOverArray3.xml (RunModel)" time="0.035" />
  <testcase classname="ptolemy.util.test.junit.AutoTests" name="[32] /home/travis/build/icyphy/ptII/ptolemy/actor/lib/hoc/test/auto/IterateOverArray4.xml (RunModel)" time="0.031" />
  <testcase classname="ptolemy.util.test.junit.AutoTests" name="[33] /home/travis/build/icyphy/ptII/ptolemy/actor/lib/hoc/test/auto/IterateOverArray5.xml (RunModel)" time="0.019" />
  <testcase classname="ptolemy.util.test.junit.AutoTests" name="[34] /home/travis/build/icyphy/ptII/ptolemy/actor/lib/hoc/test/auto/IterateOverArray6.xml (RunModel)" time="0.011" />
  <testcase classname="ptolemy.util.test.junit.AutoTests" name="[35] /home/travis/build/icyphy/ptII/ptolemy/actor/lib/hoc/test/auto/IterateOverArray7.xml (RunModel)" time="0.016" />
  <testcase classname="ptolemy.util.test.junit.AutoTests" name="[36] /home/travis/build/icyphy/ptII/ptolemy/actor/lib/hoc/test/auto/IterateOverArray8.xml (RunModel)" time="0.015" />
  <testcase classname="ptolemy.util.test.junit.AutoTests" name="[37] /home/travis/build/icyphy/ptII/ptolemy/actor/lib/hoc/test/auto/IterateOverArray9.xml (RunModel)" time="0.016" />
  <testcase classname="ptolemy.util.test.junit.AutoTests" name="[38] /home/travis/build/icyphy/ptII/ptolemy/actor/lib/hoc/test/auto/IterateOverArrayCoercedOutputType.xml (RunModel)" time="0.019" />
  <testcase classname="ptolemy.util.test.junit.AutoTests" name="[39] /home/travis/build/icyphy/ptII/ptolemy/actor/lib/hoc/test/auto/IterateOverArrayInferredOutputType.xml (RunModel)" time="0.021" />
  <testcase classname="ptolemy.util.test.junit.AutoTests" name="[40] /home/travis/build/icyphy/ptII/ptolemy/actor/lib/hoc/test/auto/MobileFunctionTest.xml (RunModel)" time="0.022" />
  <testcase classname="ptolemy.util.test.junit.AutoTests" name="[41] /home/travis/build/icyphy/ptII/ptolemy/actor/lib/hoc/test/auto/MobileModelTest.xml (RunModel)" time="0.101" />
  <testcase classname="ptolemy.util.test.junit.AutoTests" name="[42] /home/travis/build/icyphy/ptII/ptolemy/actor/lib/hoc/test/auto/ModelReference.xml (RunModel)" time="0.073" />
  <testcase classname="ptolemy.util.test.junit.AutoTests" name="[43] /home/travis/build/icyphy/ptII/ptolemy/actor/lib/hoc/test/auto/ModelReference3.xml (RunModel)" time="0.052" />
  <testcase classname="ptolemy.util.test.junit.AutoTests" name="[44] /home/travis/build/icyphy/ptII/ptolemy/actor/lib/hoc/test/auto/ModelReference4.xml (RunModel)" time="10.038" />
  <testcase classname="ptolemy.util.test.junit.AutoTests" name="[45] /home/travis/build/icyphy/ptII/ptolemy/actor/lib/hoc/test/auto/MultiInstanceComposite.xml (RunModel)" time="0.047" />
  <testcase classname="ptolemy.util.test.junit.AutoTests" name="[46] /home/travis/build/icyphy/ptII/ptolemy/actor/lib/hoc/test/auto/MultiInstanceComposite2.xml (RunModel)" time="0.043" />
  <testcase classname="ptolemy.util.test.junit.AutoTests" name="[47] /home/travis/build/icyphy/ptII/ptolemy/actor/lib/hoc/test/auto/MulticoreExecution.xml (RunModel)" time="1.11" />
  <testcase classname="ptolemy.util.test.junit.AutoTests" name="[48] /home/travis/build/icyphy/ptII/ptolemy/actor/lib/hoc/test/auto/ParallelExecution.xml (RunModel)" time="0.939" />
  <testcase classname="ptolemy.util.test.junit.AutoTests" name="[49] /home/travis/build/icyphy/ptII/ptolemy/actor/lib/hoc/test/auto/RunCompositeActor.xml (RunModel)" time="0.045" />
  <testcase classname="ptolemy.util.test.junit.AutoTests" name="[50] /home/travis/build/icyphy/ptII/ptolemy/actor/lib/hoc/test/auto/RunCompositeActor2.xml (RunModel)" time="0.031" />
  <testcase classname="ptolemy.util.test.junit.AutoTests" name="[51] /home/travis/build/icyphy/ptII/ptolemy/actor/lib/hoc/test/auto/RunCompositeActor3.xml (RunModel)" time="0.021" />
  <testcase classname="ptolemy.util.test.junit.AutoTests" name="[52] /home/travis/build/icyphy/ptII/ptolemy/actor/lib/hoc/test/auto/RunCompositeActor4.xml (RunModel)" time="0.029" />
  <testcase classname="ptolemy.util.test.junit.AutoTests" name="[53] /home/travis/build/icyphy/ptII/ptolemy/actor/lib/hoc/test/auto/RunCompositeIterateOverArray.xml (RunModel)" time="0.027" />
  <testcase classname="ptolemy.util.test.junit.AutoTests" name="[54] /home/travis/build/icyphy/ptII/ptolemy/actor/lib/hoc/test/auto/ThreadedJS.xml (RunModel)" time="5.256" />
  <system-out><![CDATA[/home/travis/build/icyphy/ptII/ptolemy/actor/lib/hoc/test/IterateOverArray.tcl
testDefs.tcl: setting time out to 9000 seconds at Thu Aug 16 01:50:16 UTC 2018
08/16/18 01:50:17
Failed: 0  Total Tests: 2  ((Passed: 2, Newly Passed: 0)  Known Failed: 0) /home/travis/build/icyphy/ptII/ptolemy/actor/lib/hoc/test
----------------- testing (KnownFailure) /home/travis/build/icyphy/ptII/ptolemy/actor/lib/hoc/test/auto/knownFailedTests/PreinitializeMustBeInvokedRunComposite.xml
41 ms. Memory: 116224K Free: 103479K (89%)
Known Failure: java.lang.reflect.InvocationTargetException
No auto/linux-amd64/*.xml tests in /home/travis/build/icyphy/ptII/ptolemy/actor/lib/hoc/test
AutoTests.java: About to close Vertx.
AutoTests.java: Vertx closed.

===========================================================================================
----------------- testing Thu Aug 16 01:50:17 UTC 2018 /home/travis/build/icyphy/ptII/ptolemy/actor/lib/hoc/test/auto/AllToAllMultiInstanceComposite.xml
----------------- Instantiating /home/travis/build/icyphy/ptII/ptolemy/actor/lib/hoc/test/auto/AllToAllMultiInstanceComposite.xml
109 ms. Memory: 146944K Free: 107546K (73%)
----------------- Invoking toplevel() on ptolemy.moml.MoMLSimpleApplication@67ab3f7
----------------- Done invoking toplevel() on ptolemy.moml.MoMLSimpleApplication@67ab3f7
reloadAllAccessors: .AllToAllMultiInstanceComposite

===========================================================================================
----------------- testing Thu Aug 16 01:50:18 UTC 2018 /home/travis/build/icyphy/ptII/ptolemy/actor/lib/hoc/test/auto/ApplyFFTTest.xml
----------------- Instantiating /home/travis/build/icyphy/ptII/ptolemy/actor/lib/hoc/test/auto/ApplyFFTTest.xml
102 ms. Memory: 146944K Free: 87723K (60%)
----------------- Invoking toplevel() on ptolemy.moml.MoMLSimpleApplication@6a6042fd
----------------- Done invoking toplevel() on ptolemy.moml.MoMLSimpleApplication@6a6042fd
reloadAllAccessors: .ApplyFFTTest

===========================================================================================
----------------- testing Thu Aug 16 01:50:18 UTC 2018 /home/travis/build/icyphy/ptII/ptolemy/actor/lib/hoc/test/auto/ApplyFunction.xml
----------------- Instantiating /home/travis/build/icyphy/ptII/ptolemy/actor/lib/hoc/test/auto/ApplyFunction.xml
4 ms. Memory: 146944K Free: 84020K (57%)
----------------- Invoking toplevel() on ptolemy.moml.MoMLSimpleApplication@3b4f1359
----------------- Done invoking toplevel() on ptolemy.moml.MoMLSimpleApplication@3b4f1359
reloadAllAccessors: .ApplyFunction

===========================================================================================
----------------- testing Thu Aug 16 01:50:18 UTC 2018 /home/travis/build/icyphy/ptII/ptolemy/actor/lib/hoc/test/auto/BackgroundExecution.xml
----------------- Instantiating /home/travis/build/icyphy/ptII/ptolemy/actor/lib/hoc/test/auto/BackgroundExecution.xml
650 ms. Memory: 146944K Free: 136313K (93%)
----------------- Invoking toplevel() on ptolemy.moml.MoMLSimpleApplication@575a7226
----------------- Done invoking toplevel() on ptolemy.moml.MoMLSimpleApplication@575a7226
reloadAllAccessors: .BackgroundExecution

===========================================================================================
----------------- testing Thu Aug 16 01:50:19 UTC 2018 /home/travis/build/icyphy/ptII/ptolemy/actor/lib/hoc/test/auto/Case.xml
----------------- Instantiating /home/travis/build/icyphy/ptII/ptolemy/actor/lib/hoc/test/auto/Case.xml
18 ms. Memory: 146944K Free: 127528K (87%)
----------------- Invoking toplevel() on ptolemy.moml.MoMLSimpleApplication@46298dbd
----------------- Done invoking toplevel() on ptolemy.moml.MoMLSimpleApplication@46298dbd
reloadAllAccessors: .Case

===========================================================================================
----------------- testing Thu Aug 16 01:50:19 UTC 2018 /home/travis/build/icyphy/ptII/ptolemy/actor/lib/hoc/test/auto/Case1.xml
----------------- Instantiating /home/travis/build/icyphy/ptII/ptolemy/actor/lib/hoc/test/auto/Case1.xml
18 ms. Memory: 146944K Free: 120724K (82%)
----------------- Invoking toplevel() on ptolemy.moml.MoMLSimpleApplication@390c9e7f
----------------- Done invoking toplevel() on ptolemy.moml.MoMLSimpleApplication@390c9e7f
reloadAllAccessors: .Case1

===========================================================================================
----------------- testing Thu Aug 16 01:50:19 UTC 2018 /home/travis/build/icyphy/ptII/ptolemy/actor/lib/hoc/test/auto/Case2.xml
----------------- Instantiating /home/travis/build/icyphy/ptII/ptolemy/actor/lib/hoc/test/auto/Case2.xml
54 ms. Memory: 146944K Free: 109142K (74%)
----------------- Invoking toplevel() on ptolemy.moml.MoMLSimpleApplication@6ab49fcf
----------------- Done invoking toplevel() on ptolemy.moml.MoMLSimpleApplication@6ab49fcf
reloadAllAccessors: .Case2

===========================================================================================
----------------- testing Thu Aug 16 01:50:19 UTC 2018 /home/travis/build/icyphy/ptII/ptolemy/actor/lib/hoc/test/auto/Case3.xml
----------------- Instantiating /home/travis/build/icyphy/ptII/ptolemy/actor/lib/hoc/test/auto/Case3.xml
25 ms. Memory: 146944K Free: 102765K (70%)
----------------- Invoking toplevel() on ptolemy.moml.MoMLSimpleApplication@74c732c6
----------------- Done invoking toplevel() on ptolemy.moml.MoMLSimpleApplication@74c732c6
reloadAllAccessors: .Case3

===========================================================================================
----------------- testing Thu Aug 16 01:50:19 UTC 2018 /home/travis/build/icyphy/ptII/ptolemy/actor/lib/hoc/test/auto/Case4.xml
----------------- Instantiating /home/travis/build/icyphy/ptII/ptolemy/actor/lib/hoc/test/auto/Case4.xml
23 ms. Memory: 146944K Free: 94021K (64%)
----------------- Invoking toplevel() on ptolemy.moml.MoMLSimpleApplication@dcb40ee
----------------- Done invoking toplevel() on ptolemy.moml.MoMLSimpleApplication@dcb40ee
reloadAllAccessors: .Case4

===========================================================================================
----------------- testing Thu Aug 16 01:50:19 UTC 2018 /home/travis/build/icyphy/ptII/ptolemy/actor/lib/hoc/test/auto/Case5.xml
----------------- Instantiating /home/travis/build/icyphy/ptII/ptolemy/actor/lib/hoc/test/auto/Case5.xml
42 ms. Memory: 146944K Free: 87401K (59%)
----------------- Invoking toplevel() on ptolemy.moml.MoMLSimpleApplication@4eeeb30
----------------- Done invoking toplevel() on ptolemy.moml.MoMLSimpleApplication@4eeeb30
reloadAllAccessors: .junk

===========================================================================================
----------------- testing Thu Aug 16 01:50:19 UTC 2018 /home/travis/build/icyphy/ptII/ptolemy/actor/lib/hoc/test/auto/Case6.xml
----------------- Instantiating /home/travis/build/icyphy/ptII/ptolemy/actor/lib/hoc/test/auto/Case6.xml
57 ms. Memory: 208384K Free: 196940K (95%)
----------------- Invoking toplevel() on ptolemy.moml.MoMLSimpleApplication@4039575e
----------------- Done invoking toplevel() on ptolemy.moml.MoMLSimpleApplication@4039575e
reloadAllAccessors: .Case6

===========================================================================================
----------------- testing Thu Aug 16 01:50:19 UTC 2018 /home/travis/build/icyphy/ptII/ptolemy/actor/lib/hoc/test/auto/CaseString2.xml
----------------- Instantiating /home/travis/build/icyphy/ptII/ptolemy/actor/lib/hoc/test/auto/CaseString2.xml
18 ms. Memory: 208384K Free: 187364K (90%)
----------------- Invoking toplevel() on ptolemy.moml.MoMLSimpleApplication@59733542
----------------- Done invoking toplevel() on ptolemy.moml.MoMLSimpleApplication@59733542
reloadAllAccessors: .CaseString2

===========================================================================================
----------------- testing Thu Aug 16 01:50:19 UTC 2018 /home/travis/build/icyphy/ptII/ptolemy/actor/lib/hoc/test/auto/CatchUpComposite1.xml
----------------- Instantiating /home/travis/build/icyphy/ptII/ptolemy/actor/lib/hoc/test/auto/CatchUpComposite1.xml
26 ms. Memory: 208384K Free: 178115K (85%)
----------------- Invoking toplevel() on ptolemy.moml.MoMLSimpleApplication@4bd53dd0
----------------- Done invoking toplevel() on ptolemy.moml.MoMLSimpleApplication@4bd53dd0
reloadAllAccessors: .CatchUpComposite1

===========================================================================================
----------------- testing Thu Aug 16 01:50:19 UTC 2018 /home/travis/build/icyphy/ptII/ptolemy/actor/lib/hoc/test/auto/CatchUpComposite2.xml
----------------- Instantiating /home/travis/build/icyphy/ptII/ptolemy/actor/lib/hoc/test/auto/CatchUpComposite2.xml
21 ms. Memory: 208384K Free: 168835K (81%)
----------------- Invoking toplevel() on ptolemy.moml.MoMLSimpleApplication@35741fe9
----------------- Done invoking toplevel() on ptolemy.moml.MoMLSimpleApplication@35741fe9
reloadAllAccessors: .CatchUpComposite2

===========================================================================================
----------------- testing Thu Aug 16 01:50:19 UTC 2018 /home/travis/build/icyphy/ptII/ptolemy/actor/lib/hoc/test/auto/CatchUpComposite3.xml
----------------- Instantiating /home/travis/build/icyphy/ptII/ptolemy/actor/lib/hoc/test/auto/CatchUpComposite3.xml
11 ms. Memory: 208384K Free: 158582K (76%)
----------------- Invoking toplevel() on ptolemy.moml.MoMLSimpleApplication@6bbbfca1
----------------- Done invoking toplevel() on ptolemy.moml.MoMLSimpleApplication@6bbbfca1
reloadAllAccessors: .CatchUpComposite3

===========================================================================================
----------------- testing Thu Aug 16 01:50:20 UTC 2018 /home/travis/build/icyphy/ptII/ptolemy/actor/lib/hoc/test/auto/CatchUpComposite4.xml
----------------- Instantiating /home/travis/build/icyphy/ptII/ptolemy/actor/lib/hoc/test/auto/CatchUpComposite4.xml
17 ms. Memory: 208384K Free: 149238K (72%)
----------------- Invoking toplevel() on ptolemy.moml.MoMLSimpleApplication@74ffc422
----------------- Done invoking toplevel() on ptolemy.moml.MoMLSimpleApplication@74ffc422
reloadAllAccessors: .CatchUpComposite4

===========================================================================================
----------------- testing Thu Aug 16 01:50:20 UTC 2018 /home/travis/build/icyphy/ptII/ptolemy/actor/lib/hoc/test/auto/CatchUpComposite5.xml
----------------- Instantiating /home/travis/build/icyphy/ptII/ptolemy/actor/lib/hoc/test/auto/CatchUpComposite5.xml
13 ms. Memory: 208384K Free: 140571K (67%)
----------------- Invoking toplevel() on ptolemy.moml.MoMLSimpleApplication@673fcb61
----------------- Done invoking toplevel() on ptolemy.moml.MoMLSimpleApplication@673fcb61
reloadAllAccessors: .CatchUpComposite5

===========================================================================================
----------------- testing Thu Aug 16 01:50:20 UTC 2018 /home/travis/build/icyphy/ptII/ptolemy/actor/lib/hoc/test/auto/CatchUpComposite6.xml
----------------- Instantiating /home/travis/build/icyphy/ptII/ptolemy/actor/lib/hoc/test/auto/CatchUpComposite6.xml
WARNING: The execution aspects in this model can influence the timing of actors by delaying the 
execution, potentially changing the behavior. There is no guarantee that actors fire at the 
time they request to be fired. 
Use Ptides for deterministic DE behavior that is not influenced by execution aspects. 

103 ms. Memory: 208384K Free: 121604K (58%)
----------------- Invoking toplevel() on ptolemy.moml.MoMLSimpleApplication@1167619f
----------------- Done invoking toplevel() on ptolemy.moml.MoMLSimpleApplication@1167619f
reloadAllAccessors: .CatchUpComposite6

===========================================================================================
----------------- testing Thu Aug 16 01:50:20 UTC 2018 /home/travis/build/icyphy/ptII/ptolemy/actor/lib/hoc/test/auto/CatchUpComposite7.xml
----------------- Instantiating /home/travis/build/icyphy/ptII/ptolemy/actor/lib/hoc/test/auto/CatchUpComposite7.xml
WARNING: The execution aspects in this model can influence the timing of actors by delaying the 
execution, potentially changing the behavior. There is no guarantee that actors fire at the 
time they request to be fired. 
Use Ptides for deterministic DE behavior that is not influenced by execution aspects. 

24 ms. Memory: 208384K Free: 104869K (50%)
----------------- Invoking toplevel() on ptolemy.moml.MoMLSimpleApplication@6302eb0e
----------------- Done invoking toplevel() on ptolemy.moml.MoMLSimpleApplication@6302eb0e
reloadAllAccessors: .CatchUpComposite7

===========================================================================================
----------------- testing Thu Aug 16 01:50:20 UTC 2018 /home/travis/build/icyphy/ptII/ptolemy/actor/lib/hoc/test/auto/ConcurrentExecutionTimeSDF.xml
----------------- Instantiating /home/travis/build/icyphy/ptII/ptolemy/actor/lib/hoc/test/auto/ConcurrentExecutionTimeSDF.xml
Fired ExecutionTime: 40400000
Fired ExecutionTime: 40400000
Fired ExecutionTime: 40400000
Fired ExecutionTime: 40400000
Fired ExecutionTime: 40400000
Fired ExecutionTime: 40400000
Fired ExecutionTime: 40400000
Fired ExecutionTime: 40400000
Fired ExecutionTime: 40400000
Fired ExecutionTime: 40400000
Fired ExecutionTime: 40400000
Fired ExecutionTime: 40400000
Fired ExecutionTime: 40400000
Fired ExecutionTime: 40400000
Fired ExecutionTime: 40400000
Fired ExecutionTime: 40400000
Fired ExecutionTime: 40400000
Fired ExecutionTime: 40400000
Fired ExecutionTime: 40400000
Fired ExecutionTime: 40400000
2017 ms. Memory: 208384K Free: 96251K (46%)
----------------- Invoking toplevel() on ptolemy.moml.MoMLSimpleApplication@48a79cb4
----------------- Done invoking toplevel() on ptolemy.moml.MoMLSimpleApplication@48a79cb4
reloadAllAccessors: .ConcurrentExecutionTimeSDF

===========================================================================================
----------------- testing Thu Aug 16 01:50:22 UTC 2018 /home/travis/build/icyphy/ptII/ptolemy/actor/lib/hoc/test/auto/ConcurrentSleep.xml
----------------- Instantiating /home/travis/build/icyphy/ptII/ptolemy/actor/lib/hoc/test/auto/ConcurrentSleep.xml
734 ms. Memory: 208384K Free: 81761K (39%)
----------------- Invoking toplevel() on ptolemy.moml.MoMLSimpleApplication@4051a078
----------------- Done invoking toplevel() on ptolemy.moml.MoMLSimpleApplication@4051a078
reloadAllAccessors: .ConcurrentSleep

===========================================================================================
----------------- testing Thu Aug 16 01:50:23 UTC 2018 /home/travis/build/icyphy/ptII/ptolemy/actor/lib/hoc/test/auto/DEInPNInRunCompositeActor.xml
----------------- Instantiating /home/travis/build/icyphy/ptII/ptolemy/actor/lib/hoc/test/auto/DEInPNInRunCompositeActor.xml
14 ms. Memory: 208384K Free: 197399K (95%)
----------------- Invoking toplevel() on ptolemy.moml.MoMLSimpleApplication@eee36a5
----------------- Done invoking toplevel() on ptolemy.moml.MoMLSimpleApplication@eee36a5
reloadAllAccessors: .DEInPNInRunCompositeActor

===========================================================================================
----------------- testing Thu Aug 16 01:50:23 UTC 2018 /home/travis/build/icyphy/ptII/ptolemy/actor/lib/hoc/test/auto/DFTSubSetTest.xml
----------------- Instantiating /home/travis/build/icyphy/ptII/ptolemy/actor/lib/hoc/test/auto/DFTSubSetTest.xml
191 ms. Memory: 208384K Free: 149715K (72%)
----------------- Invoking toplevel() on ptolemy.moml.MoMLSimpleApplication@230b644a
----------------- Done invoking toplevel() on ptolemy.moml.MoMLSimpleApplication@230b644a
reloadAllAccessors: .DFTSubSetTest

===========================================================================================
----------------- testing Thu Aug 16 01:50:23 UTC 2018 /home/travis/build/icyphy/ptII/ptolemy/actor/lib/hoc/test/auto/HocDE.xml
----------------- Instantiating /home/travis/build/icyphy/ptII/ptolemy/actor/lib/hoc/test/auto/HocDE.xml
144 ms. Memory: 208384K Free: 122681K (59%)
----------------- Invoking toplevel() on ptolemy.moml.MoMLSimpleApplication@2b6610ea
----------------- Done invoking toplevel() on ptolemy.moml.MoMLSimpleApplication@2b6610ea
reloadAllAccessors: .HocDE

===========================================================================================
----------------- testing Thu Aug 16 01:50:23 UTC 2018 /home/travis/build/icyphy/ptII/ptolemy/actor/lib/hoc/test/auto/IterateOverArray.xml
----------------- Instantiating /home/travis/build/icyphy/ptII/ptolemy/actor/lib/hoc/test/auto/IterateOverArray.xml
6 ms. Memory: 208384K Free: 116321K (56%)
----------------- Invoking toplevel() on ptolemy.moml.MoMLSimpleApplication@13bed2e5
----------------- Done invoking toplevel() on ptolemy.moml.MoMLSimpleApplication@13bed2e5
reloadAllAccessors: .IterateOverArray

===========================================================================================
----------------- testing Thu Aug 16 01:50:23 UTC 2018 /home/travis/build/icyphy/ptII/ptolemy/actor/lib/hoc/test/auto/IterateOverArray10.xml
----------------- Instantiating /home/travis/build/icyphy/ptII/ptolemy/actor/lib/hoc/test/auto/IterateOverArray10.xml
2 ms. Memory: 208384K Free: 112225K (54%)
----------------- Invoking toplevel() on ptolemy.moml.MoMLSimpleApplication@d75b365
----------------- Done invoking toplevel() on ptolemy.moml.MoMLSimpleApplication@d75b365
reloadAllAccessors: .IterateOverArray10

===========================================================================================
----------------- testing Thu Aug 16 01:50:23 UTC 2018 /home/travis/build/icyphy/ptII/ptolemy/actor/lib/hoc/test/auto/IterateOverArray11.xml
----------------- Instantiating /home/travis/build/icyphy/ptII/ptolemy/actor/lib/hoc/test/auto/IterateOverArray11.xml
3 ms. Memory: 208384K Free: 106653K (51%)
----------------- Invoking toplevel() on ptolemy.moml.MoMLSimpleApplication@13dd9043
----------------- Done invoking toplevel() on ptolemy.moml.MoMLSimpleApplication@13dd9043
reloadAllAccessors: .IterateOverArray11

===========================================================================================
----------------- testing Thu Aug 16 01:50:23 UTC 2018 /home/travis/build/icyphy/ptII/ptolemy/actor/lib/hoc/test/auto/IterateOverArray12.xml
----------------- Instantiating /home/travis/build/icyphy/ptII/ptolemy/actor/lib/hoc/test/auto/IterateOverArray12.xml
29 ms. Memory: 208384K Free: 100083K (48%)
----------------- Invoking toplevel() on ptolemy.moml.MoMLSimpleApplication@ce5f839
----------------- Done invoking toplevel() on ptolemy.moml.MoMLSimpleApplication@ce5f839
reloadAllAccessors: .IterateOverArray12

===========================================================================================
----------------- testing Thu Aug 16 01:50:23 UTC 2018 /home/travis/build/icyphy/ptII/ptolemy/actor/lib/hoc/test/auto/IterateOverArray13.xml
----------------- Instantiating /home/travis/build/icyphy/ptII/ptolemy/actor/lib/hoc/test/auto/IterateOverArray13.xml
87 ms. Memory: 331776K Free: 314558K (95%)
----------------- Invoking toplevel() on ptolemy.moml.MoMLSimpleApplication@7b35ceec
----------------- Done invoking toplevel() on ptolemy.moml.MoMLSimpleApplication@7b35ceec
reloadAllAccessors: .IterateOverArray13

===========================================================================================
----------------- testing Thu Aug 16 01:50:24 UTC 2018 /home/travis/build/icyphy/ptII/ptolemy/actor/lib/hoc/test/auto/IterateOverArray14.xml
----------------- Instantiating /home/travis/build/icyphy/ptII/ptolemy/actor/lib/hoc/test/auto/IterateOverArray14.xml
66 ms. Memory: 331776K Free: 275748K (83%)
----------------- Invoking toplevel() on ptolemy.moml.MoMLSimpleApplication@1396c630
----------------- Done invoking toplevel() on ptolemy.moml.MoMLSimpleApplication@1396c630
reloadAllAccessors: .IterateOverArray14

===========================================================================================
----------------- testing Thu Aug 16 01:50:24 UTC 2018 /home/travis/build/icyphy/ptII/ptolemy/actor/lib/hoc/test/auto/IterateOverArray2.xml
----------------- Instantiating /home/travis/build/icyphy/ptII/ptolemy/actor/lib/hoc/test/auto/IterateOverArray2.xml
9 ms. Memory: 331776K Free: 270843K (82%)
----------------- Invoking toplevel() on ptolemy.moml.MoMLSimpleApplication@7ba2376c
----------------- Done invoking toplevel() on ptolemy.moml.MoMLSimpleApplication@7ba2376c
reloadAllAccessors: .IterateOverArray2

===========================================================================================
----------------- testing Thu Aug 16 01:50:24 UTC 2018 /home/travis/build/icyphy/ptII/ptolemy/actor/lib/hoc/test/auto/IterateOverArray3.xml
----------------- Instantiating /home/travis/build/icyphy/ptII/ptolemy/actor/lib/hoc/test/auto/IterateOverArray3.xml
8 ms. Memory: 331776K Free: 262642K (79%)
----------------- Invoking toplevel() on ptolemy.moml.MoMLSimpleApplication@34ca7580
----------------- Done invoking toplevel() on ptolemy.moml.MoMLSimpleApplication@34ca7580
reloadAllAccessors: .IterateOverArray3

===========================================================================================
----------------- testing Thu Aug 16 01:50:24 UTC 2018 /home/travis/build/icyphy/ptII/ptolemy/actor/lib/hoc/test/auto/IterateOverArray4.xml
----------------- Instantiating /home/travis/build/icyphy/ptII/ptolemy/actor/lib/hoc/test/auto/IterateOverArray4.xml
3 ms. Memory: 331776K Free: 257737K (78%)
----------------- Invoking toplevel() on ptolemy.moml.MoMLSimpleApplication@21646220
----------------- Done invoking toplevel() on ptolemy.moml.MoMLSimpleApplication@21646220
reloadAllAccessors: .IterateOverArray4

===========================================================================================
----------------- testing Thu Aug 16 01:50:24 UTC 2018 /home/travis/build/icyphy/ptII/ptolemy/actor/lib/hoc/test/auto/IterateOverArray5.xml
----------------- Instantiating /home/travis/build/icyphy/ptII/ptolemy/actor/lib/hoc/test/auto/IterateOverArray5.xml
3 ms. Memory: 331776K Free: 252831K (76%)
----------------- Invoking toplevel() on ptolemy.moml.MoMLSimpleApplication@4b2ec89c
----------------- Done invoking toplevel() on ptolemy.moml.MoMLSimpleApplication@4b2ec89c
reloadAllAccessors: .IterateOverArray5

===========================================================================================
----------------- testing Thu Aug 16 01:50:24 UTC 2018 /home/travis/build/icyphy/ptII/ptolemy/actor/lib/hoc/test/auto/IterateOverArray6.xml
----------------- Instantiating /home/travis/build/icyphy/ptII/ptolemy/actor/lib/hoc/test/auto/IterateOverArray6.xml
3 ms. Memory: 331776K Free: 248308K (75%)
----------------- Invoking toplevel() on ptolemy.moml.MoMLSimpleApplication@8af9b4
----------------- Done invoking toplevel() on ptolemy.moml.MoMLSimpleApplication@8af9b4
reloadAllAccessors: .IterateOverArray6

===========================================================================================
----------------- testing Thu Aug 16 01:50:24 UTC 2018 /home/travis/build/icyphy/ptII/ptolemy/actor/lib/hoc/test/auto/IterateOverArray7.xml
----------------- Instantiating /home/travis/build/icyphy/ptII/ptolemy/actor/lib/hoc/test/auto/IterateOverArray7.xml
4 ms. Memory: 331776K Free: 243403K (73%)
----------------- Invoking toplevel() on ptolemy.moml.MoMLSimpleApplication@7ab88810
----------------- Done invoking toplevel() on ptolemy.moml.MoMLSimpleApplication@7ab88810
reloadAllAccessors: .IterateOverArray7

===========================================================================================
----------------- testing Thu Aug 16 01:50:24 UTC 2018 /home/travis/build/icyphy/ptII/ptolemy/actor/lib/hoc/test/auto/IterateOverArray8.xml
----------------- Instantiating /home/travis/build/icyphy/ptII/ptolemy/actor/lib/hoc/test/auto/IterateOverArray8.xml
3 ms. Memory: 331776K Free: 237654K (72%)
----------------- Invoking toplevel() on ptolemy.moml.MoMLSimpleApplication@10a4aea6
----------------- Done invoking toplevel() on ptolemy.moml.MoMLSimpleApplication@10a4aea6
reloadAllAccessors: .IterateOverArray8

===========================================================================================
----------------- testing Thu Aug 16 01:50:24 UTC 2018 /home/travis/build/icyphy/ptII/ptolemy/actor/lib/hoc/test/auto/IterateOverArray9.xml
----------------- Instantiating /home/travis/build/icyphy/ptII/ptolemy/actor/lib/hoc/test/auto/IterateOverArray9.xml
4 ms. Memory: 331776K Free: 232749K (70%)
----------------- Invoking toplevel() on ptolemy.moml.MoMLSimpleApplication@40ef88fc
----------------- Done invoking toplevel() on ptolemy.moml.MoMLSimpleApplication@40ef88fc
reloadAllAccessors: .IterateOverArray9

===========================================================================================
----------------- testing Thu Aug 16 01:50:24 UTC 2018 /home/travis/build/icyphy/ptII/ptolemy/actor/lib/hoc/test/auto/IterateOverArrayCoercedOutputType.xml
----------------- Instantiating /home/travis/build/icyphy/ptII/ptolemy/actor/lib/hoc/test/auto/IterateOverArrayCoercedOutputType.xml
4 ms. Memory: 331776K Free: 226618K (68%)
----------------- Invoking toplevel() on ptolemy.moml.MoMLSimpleApplication@3544f888
----------------- Done invoking toplevel() on ptolemy.moml.MoMLSimpleApplication@3544f888
reloadAllAccessors: .IterateOverArrayCoercedOutputType

===========================================================================================
----------------- testing Thu Aug 16 01:50:24 UTC 2018 /home/travis/build/icyphy/ptII/ptolemy/actor/lib/hoc/test/auto/IterateOverArrayInferredOutputType.xml
----------------- Instantiating /home/travis/build/icyphy/ptII/ptolemy/actor/lib/hoc/test/auto/IterateOverArrayInferredOutputType.xml
4 ms. Memory: 331776K Free: 219642K (66%)
----------------- Invoking toplevel() on ptolemy.moml.MoMLSimpleApplication@737347fa
----------------- Done invoking toplevel() on ptolemy.moml.MoMLSimpleApplication@737347fa
reloadAllAccessors: .IterateOverArrayInferredOutputType

===========================================================================================
----------------- testing Thu Aug 16 01:50:24 UTC 2018 /home/travis/build/icyphy/ptII/ptolemy/actor/lib/hoc/test/auto/MobileFunctionTest.xml
----------------- Instantiating /home/travis/build/icyphy/ptII/ptolemy/actor/lib/hoc/test/auto/MobileFunctionTest.xml
4 ms. Memory: 331776K Free: 214737K (65%)
----------------- Invoking toplevel() on ptolemy.moml.MoMLSimpleApplication@3b503360
----------------- Done invoking toplevel() on ptolemy.moml.MoMLSimpleApplication@3b503360
reloadAllAccessors: .MobileFunctionTest

===========================================================================================
----------------- testing Thu Aug 16 01:50:24 UTC 2018 /home/travis/build/icyphy/ptII/ptolemy/actor/lib/hoc/test/auto/MobileModelTest.xml
----------------- Instantiating /home/travis/build/icyphy/ptII/ptolemy/actor/lib/hoc/test/auto/MobileModelTest.xml
74 ms. Memory: 331776K Free: 193039K (58%)
----------------- Invoking toplevel() on ptolemy.moml.MoMLSimpleApplication@42630a13
----------------- Done invoking toplevel() on ptolemy.moml.MoMLSimpleApplication@42630a13
reloadAllAccessors: .MobileModelTest

===========================================================================================
----------------- testing Thu Aug 16 01:50:24 UTC 2018 /home/travis/build/icyphy/ptII/ptolemy/actor/lib/hoc/test/auto/ModelReference.xml
----------------- Instantiating /home/travis/build/icyphy/ptII/ptolemy/actor/lib/hoc/test/auto/ModelReference.xml
5 ms. Memory: 331776K Free: 184455K (56%)
6 ms. Memory: 331776K Free: 183229K (55%)
2 ms. Memory: 331776K Free: 183229K (55%)
8 ms. Memory: 331776K Free: 182002K (55%)
2 ms. Memory: 331776K Free: 180776K (54%)
1 ms. Memory: 331776K Free: 180776K (54%)
2 ms. Memory: 331776K Free: 179550K (54%)
2 ms. Memory: 331776K Free: 178324K (54%)
2 ms. Memory: 331776K Free: 178324K (54%)
4 ms. Memory: 331776K Free: 177098K (53%)
44 ms. Memory: 331776K Free: 177098K (53%)
----------------- Invoking toplevel() on ptolemy.moml.MoMLSimpleApplication@28e7810e
----------------- Done invoking toplevel() on ptolemy.moml.MoMLSimpleApplication@28e7810e
reloadAllAccessors: .ModelReference

===========================================================================================
----------------- testing Thu Aug 16 01:50:24 UTC 2018 /home/travis/build/icyphy/ptII/ptolemy/actor/lib/hoc/test/auto/ModelReference3.xml
----------------- Instantiating /home/travis/build/icyphy/ptII/ptolemy/actor/lib/hoc/test/auto/ModelReference3.xml
2 ms. Memory: 331776K Free: 170966K (52%)
5 ms. Memory: 331776K Free: 170966K (52%)
2 ms. Memory: 331776K Free: 169740K (51%)
4 ms. Memory: 331776K Free: 168514K (51%)
2 ms. Memory: 331776K Free: 168514K (51%)
1 ms. Memory: 331776K Free: 167288K (50%)
2 ms. Memory: 331776K Free: 166061K (50%)
3 ms. Memory: 331776K Free: 166061K (50%)
3 ms. Memory: 331776K Free: 164835K (50%)
2 ms. Memory: 331776K Free: 163609K (49%)
34 ms. Memory: 331776K Free: 163609K (49%)
----------------- Invoking toplevel() on ptolemy.moml.MoMLSimpleApplication@185888bb
----------------- Done invoking toplevel() on ptolemy.moml.MoMLSimpleApplication@185888bb
reloadAllAccessors: .ModelReference3

===========================================================================================
----------------- testing Thu Aug 16 01:50:24 UTC 2018 /home/travis/build/icyphy/ptII/ptolemy/actor/lib/hoc/test/auto/ModelReference4.xml
----------------- Instantiating /home/travis/build/icyphy/ptII/ptolemy/actor/lib/hoc/test/auto/ModelReference4.xml
2 ms. Memory: 331776K Free: 156633K (47%)
7 ms. Memory: 331776K Free: 155407K (47%)
10 ms. Memory: 331776K Free: 152955K (46%)
2 ms. Memory: 331776K Free: 151728K (46%)
7 ms. Memory: 331776K Free: 150502K (45%)
7 ms. Memory: 331776K Free: 149276K (45%)
2 ms. Memory: 331776K Free: 148050K (45%)
2 ms. Memory: 331776K Free: 146824K (44%)
6 ms. Memory: 331776K Free: 144371K (44%)
2 ms. Memory: 331776K Free: 143145K (43%)
10021 ms. Memory: 331776K Free: 143145K (43%)
----------------- Invoking toplevel() on ptolemy.moml.MoMLSimpleApplication@9ef6faf
----------------- Done invoking toplevel() on ptolemy.moml.MoMLSimpleApplication@9ef6faf
reloadAllAccessors: .ModelReference4

===========================================================================================
----------------- testing Thu Aug 16 01:50:34 UTC 2018 /home/travis/build/icyphy/ptII/ptolemy/actor/lib/hoc/test/auto/MultiInstanceComposite.xml
----------------- Instantiating /home/travis/build/icyphy/ptII/ptolemy/actor/lib/hoc/test/auto/MultiInstanceComposite.xml
26 ms. Memory: 331776K Free: 125873K (38%)
----------------- Invoking toplevel() on ptolemy.moml.MoMLSimpleApplication@1044f25a
----------------- Done invoking toplevel() on ptolemy.moml.MoMLSimpleApplication@1044f25a
reloadAllAccessors: .MultiInstanceComposite

===========================================================================================
----------------- testing Thu Aug 16 01:50:34 UTC 2018 /home/travis/build/icyphy/ptII/ptolemy/actor/lib/hoc/test/auto/MultiInstanceComposite2.xml
----------------- Instantiating /home/travis/build/icyphy/ptII/ptolemy/actor/lib/hoc/test/auto/MultiInstanceComposite2.xml
16 ms. Memory: 331776K Free: 112280K (34%)
----------------- Invoking toplevel() on ptolemy.moml.MoMLSimpleApplication@42e386c8
----------------- Done invoking toplevel() on ptolemy.moml.MoMLSimpleApplication@42e386c8
reloadAllAccessors: .MultiInstanceComposite2

===========================================================================================
----------------- testing Thu Aug 16 01:50:34 UTC 2018 /home/travis/build/icyphy/ptII/ptolemy/actor/lib/hoc/test/auto/MulticoreExecution.xml
----------------- Instantiating /home/travis/build/icyphy/ptII/ptolemy/actor/lib/hoc/test/auto/MulticoreExecution.xml
Fired ExecutionTime: 4400000
Fired ExecutionTime: 2400000
Fired ExecutionTime: 2400000
Fired ExecutionTime: 2400000
Fired ExecutionTime: 4000000
Fired ExecutionTime: 2400000
Fired ExecutionTime: 2400000
Fired ExecutionTime: 2800000
Fired ExecutionTime: 46800000
Fired ExecutionTime: 61200000
Fired ExecutionTime: 88800000
Fired ExecutionTime: 95200000
Fired ExecutionTime: 90400000
Fired ExecutionTime: 91600000
Fired ExecutionTime: 88800000
Fired ExecutionTime: 88400000
Fired ExecutionTime: 88800000
Fired ExecutionTime: 88800000
Fired ExecutionTime: 84800000
Fired ExecutionTime: 84800000
1089 ms. Memory: 331776K Free: 99149K (30%)
----------------- Invoking toplevel() on ptolemy.moml.MoMLSimpleApplication@549327aa
----------------- Done invoking toplevel() on ptolemy.moml.MoMLSimpleApplication@549327aa
reloadAllAccessors: .MulticoreExecution

===========================================================================================
----------------- testing Thu Aug 16 01:50:35 UTC 2018 /home/travis/build/icyphy/ptII/ptolemy/actor/lib/hoc/test/auto/ParallelExecution.xml
----------------- Instantiating /home/travis/build/icyphy/ptII/ptolemy/actor/lib/hoc/test/auto/ParallelExecution.xml
916 ms. Memory: 331776K Free: 88081K (27%)
----------------- Invoking toplevel() on ptolemy.moml.MoMLSimpleApplication@23fcee1c
----------------- Done invoking toplevel() on ptolemy.moml.MoMLSimpleApplication@23fcee1c
reloadAllAccessors: .ParallelExecution

===========================================================================================
----------------- testing Thu Aug 16 01:50:36 UTC 2018 /home/travis/build/icyphy/ptII/ptolemy/actor/lib/hoc/test/auto/RunCompositeActor.xml
----------------- Instantiating /home/travis/build/icyphy/ptII/ptolemy/actor/lib/hoc/test/auto/RunCompositeActor.xml
21 ms. Memory: 332288K Free: 324034K (98%)
----------------- Invoking toplevel() on ptolemy.moml.MoMLSimpleApplication@2b37ad65
----------------- Done invoking toplevel() on ptolemy.moml.MoMLSimpleApplication@2b37ad65
reloadAllAccessors: .RunCompositeActor

===========================================================================================
----------------- testing Thu Aug 16 01:50:36 UTC 2018 /home/travis/build/icyphy/ptII/ptolemy/actor/lib/hoc/test/auto/RunCompositeActor2.xml
----------------- Instantiating /home/travis/build/icyphy/ptII/ptolemy/actor/lib/hoc/test/auto/RunCompositeActor2.xml
9 ms. Memory: 332288K Free: 312560K (94%)
----------------- Invoking toplevel() on ptolemy.moml.MoMLSimpleApplication@60a2f150
----------------- Done invoking toplevel() on ptolemy.moml.MoMLSimpleApplication@60a2f150
reloadAllAccessors: .RunCompositeActor2

===========================================================================================
----------------- testing Thu Aug 16 01:50:36 UTC 2018 /home/travis/build/icyphy/ptII/ptolemy/actor/lib/hoc/test/auto/RunCompositeActor3.xml
----------------- Instantiating /home/travis/build/icyphy/ptII/ptolemy/actor/lib/hoc/test/auto/RunCompositeActor3.xml
4 ms. Memory: 332288K Free: 305814K (92%)
----------------- Invoking toplevel() on ptolemy.moml.MoMLSimpleApplication@6e3dfa83
----------------- Done invoking toplevel() on ptolemy.moml.MoMLSimpleApplication@6e3dfa83
reloadAllAccessors: .RunCompositeActor3

===========================================================================================
----------------- testing Thu Aug 16 01:50:36 UTC 2018 /home/travis/build/icyphy/ptII/ptolemy/actor/lib/hoc/test/auto/RunCompositeActor4.xml
----------------- Instantiating /home/travis/build/icyphy/ptII/ptolemy/actor/lib/hoc/test/auto/RunCompositeActor4.xml
9 ms. Memory: 332288K Free: 295755K (89%)
----------------- Invoking toplevel() on ptolemy.moml.MoMLSimpleApplication@351e2b07
----------------- Done invoking toplevel() on ptolemy.moml.MoMLSimpleApplication@351e2b07
reloadAllAccessors: .RunCompositeActor4

===========================================================================================
----------------- testing Thu Aug 16 01:50:36 UTC 2018 /home/travis/build/icyphy/ptII/ptolemy/actor/lib/hoc/test/auto/RunCompositeIterateOverArray.xml
----------------- Instantiating /home/travis/build/icyphy/ptII/ptolemy/actor/lib/hoc/test/auto/RunCompositeIterateOverArray.xml
7 ms. Memory: 332288K Free: 287735K (87%)
----------------- Invoking toplevel() on ptolemy.moml.MoMLSimpleApplication@721611c5
----------------- Done invoking toplevel() on ptolemy.moml.MoMLSimpleApplication@721611c5
reloadAllAccessors: .RunCompositeIterateOverArray

===========================================================================================
----------------- testing Thu Aug 16 01:50:36 UTC 2018 /home/travis/build/icyphy/ptII/ptolemy/actor/lib/hoc/test/auto/ThreadedJS.xml
----------------- Instantiating /home/travis/build/icyphy/ptII/ptolemy/actor/lib/hoc/test/auto/ThreadedJS.xml
1960 ms. Memory: 539648K Free: 161735K (30%)
----------------- Invoking toplevel() on ptolemy.moml.MoMLSimpleApplication@256090cf
----------------- Done invoking toplevel() on ptolemy.moml.MoMLSimpleApplication@256090cf
reloadAllAccessors: .ThreadedJS
AutoTests.java: About to close Vertx.
AutoTests.java: Vertx closed.
]]></system-out>
  <system-err><![CDATA[java.lang.RuntimeException: Execution failed
	at ptolemy.moml.MoMLSimpleApplication$UnloadThread.run(MoMLSimpleApplication.java:402)
Caused by: ptolemy.kernel.util.IllegalActionException: initialize() was called after wrapup() was called but preinitialize() was not called after wrapup().
	at ptolemy.actor.lib.hoc.test.PreinitializeMustBeInvoked.initialize(PreinitializeMustBeInvoked.java:78)
	at ptolemy.actor.Director.initialize(Director.java:938)
	at ptolemy.actor.Director.initialize(Director.java:907)
	at ptolemy.actor.sched.StaticSchedulingDirector.initialize(StaticSchedulingDirector.java:159)
	at ptolemy.domains.sdf.kernel.SDFDirector.initialize(SDFDirector.java:544)
	at ptolemy.actor.CompositeActor.initialize(CompositeActor.java:935)
	at ptolemy.actor.lib.hoc.LifeCycleManager._executeInsideModel(LifeCycleManager.java:339)
	at ptolemy.actor.lib.hoc.RunCompositeActor.fire(RunCompositeActor.java:205)
	at ptolemy.actor.CompositeActor.iterate(CompositeActor.java:1146)
	at ptolemy.actor.sched.StaticSchedulingDirector.fire(StaticSchedulingDirector.java:216)
	at ptolemy.domains.sdf.kernel.SDFDirector.fire(SDFDirector.java:500)
	at ptolemy.actor.CompositeActor.fire(CompositeActor.java:455)
	at ptolemy.actor.Manager.iterate(Manager.java:851)
	at ptolemy.actor.Manager.execute(Manager.java:369)
	at ptolemy.actor.Manager.run(Manager.java:1263)
	at ptolemy.actor.Manager$PtolemyRunThread.run(Manager.java:1915)
java.lang.reflect.InvocationTargetException
	at sun.reflect.NativeConstructorAccessorImpl.newInstance0(Native Method)
	at sun.reflect.NativeConstructorAccessorImpl.newInstance(NativeConstructorAccessorImpl.java:62)
	at sun.reflect.DelegatingConstructorAccessorImpl.newInstance(DelegatingConstructorAccessorImpl.java:45)
	at java.lang.reflect.Constructor.newInstance(Constructor.java:423)
	at ptolemy.util.test.junit.AutoKnownFailedTests.RunModel(AutoKnownFailedTests.java:107)
	at sun.reflect.NativeMethodAccessorImpl.invoke0(Native Method)
	at sun.reflect.NativeMethodAccessorImpl.invoke(NativeMethodAccessorImpl.java:62)
	at sun.reflect.DelegatingMethodAccessorImpl.invoke(DelegatingMethodAccessorImpl.java:43)
	at java.lang.reflect.Method.invoke(Method.java:498)
	at org.junit.runners.model.FrameworkMethod$1.runReflectiveCall(FrameworkMethod.java:44)
	at org.junit.internal.runners.model.ReflectiveCallable.run(ReflectiveCallable.java:15)
	at org.junit.runners.model.FrameworkMethod.invokeExplosively(FrameworkMethod.java:41)
	at junitparams.internal.InvokeParameterisedMethod.evaluate(InvokeParameterisedMethod.java:102)
	at org.junit.internal.runners.statements.FailOnTimeout$1.run(FailOnTimeout.java:28)
Caused by: ptolemy.kernel.util.IllegalActionException: initialize() was called after wrapup() was called but preinitialize() was not called after wrapup().
	at ptolemy.actor.lib.hoc.test.PreinitializeMustBeInvoked.initialize(PreinitializeMustBeInvoked.java:78)
	at ptolemy.actor.Director.initialize(Director.java:938)
	at ptolemy.actor.Director.initialize(Director.java:907)
	at ptolemy.actor.sched.StaticSchedulingDirector.initialize(StaticSchedulingDirector.java:159)
	at ptolemy.domains.sdf.kernel.SDFDirector.initialize(SDFDirector.java:544)
	at ptolemy.actor.CompositeActor.initialize(CompositeActor.java:935)
	at ptolemy.actor.lib.hoc.LifeCycleManager._executeInsideModel(LifeCycleManager.java:339)
	at ptolemy.actor.lib.hoc.RunCompositeActor.fire(RunCompositeActor.java:205)
	at ptolemy.actor.CompositeActor.iterate(CompositeActor.java:1146)
	at ptolemy.actor.sched.StaticSchedulingDirector.fire(StaticSchedulingDirector.java:216)
	at ptolemy.domains.sdf.kernel.SDFDirector.fire(SDFDirector.java:500)
	at ptolemy.actor.CompositeActor.fire(CompositeActor.java:455)
	at ptolemy.actor.Manager.iterate(Manager.java:851)
	at ptolemy.actor.Manager.execute(Manager.java:369)
	at ptolemy.actor.Manager.run(Manager.java:1263)
	at ptolemy.actor.Manager$PtolemyRunThread.run(Manager.java:1915)
]]></system-err>
</testsuite>
