<?xml version="1.0" encoding="UTF-8" ?>
<testsuite errors="0" failures="0" hostname="travis-job-5a0ce27c-4701-4c37-b18d-e9311f94e325" name="ptolemy.actor.lib.hoc.test.junit.JUnitTclTest" skipped="0" tests="58" time="30.164" timestamp="2019-12-30T06:27:03">
  <properties>
[...]
</properties>
  <testcase classname="ptolemy.util.test.junit.TclTests" name="[0] /home/travis/build/icyphy/ptII/ptolemy/actor/lib/hoc/test/IterateOverArray.tcl (RunTclFile)" time="0.243" />
  <testcase classname="ptolemy.util.test.junit.AutoKnownFailedTests" name="[0] /home/travis/build/icyphy/ptII/ptolemy/actor/lib/hoc/test/auto/knownFailedTests/PreinitializeMustBeInvokedRunComposite.xml (RunModel)" time="0.395" />
  <testcase classname="ptolemy.util.test.junit.AutoNameArchTests" name="[0] ThereAreNoAutoArchTests (RunModel)" time="0.006" />
  <testcase classname="ptolemy.util.test.junit.AutoTests" name="[0] /home/travis/build/icyphy/ptII/ptolemy/actor/lib/hoc/test/auto/AllToAllMultiInstanceComposite.xml (RunModel)" time="0.421" />
  <testcase classname="ptolemy.util.test.junit.AutoTests" name="[1] /home/travis/build/icyphy/ptII/ptolemy/actor/lib/hoc/test/auto/ApplyFFTTest.xml (RunModel)" time="0.354" />
  <testcase classname="ptolemy.util.test.junit.AutoTests" name="[2] /home/travis/build/icyphy/ptII/ptolemy/actor/lib/hoc/test/auto/ApplyFunction.xml (RunModel)" time="0.043" />
  <testcase classname="ptolemy.util.test.junit.AutoTests" name="[3] /home/travis/build/icyphy/ptII/ptolemy/actor/lib/hoc/test/auto/BackgroundExecution.xml (RunModel)" time="0.683" />
  <testcase classname="ptolemy.util.test.junit.AutoTests" name="[4] /home/travis/build/icyphy/ptII/ptolemy/actor/lib/hoc/test/auto/Case.xml (RunModel)" time="0.063" />
  <testcase classname="ptolemy.util.test.junit.AutoTests" name="[5] /home/travis/build/icyphy/ptII/ptolemy/actor/lib/hoc/test/auto/Case1.xml (RunModel)" time="0.052" />
  <testcase classname="ptolemy.util.test.junit.AutoTests" name="[6] /home/travis/build/icyphy/ptII/ptolemy/actor/lib/hoc/test/auto/Case2.xml (RunModel)" time="0.092" />
  <testcase classname="ptolemy.util.test.junit.AutoTests" name="[7] /home/travis/build/icyphy/ptII/ptolemy/actor/lib/hoc/test/auto/Case3.xml (RunModel)" time="0.065" />
  <testcase classname="ptolemy.util.test.junit.AutoTests" name="[8] /home/travis/build/icyphy/ptII/ptolemy/actor/lib/hoc/test/auto/Case4.xml (RunModel)" time="0.051" />
  <testcase classname="ptolemy.util.test.junit.AutoTests" name="[9] /home/travis/build/icyphy/ptII/ptolemy/actor/lib/hoc/test/auto/Case5.xml (RunModel)" time="0.072" />
  <testcase classname="ptolemy.util.test.junit.AutoTests" name="[10] /home/travis/build/icyphy/ptII/ptolemy/actor/lib/hoc/test/auto/Case6.xml (RunModel)" time="0.1" />
  <testcase classname="ptolemy.util.test.junit.AutoTests" name="[11] /home/travis/build/icyphy/ptII/ptolemy/actor/lib/hoc/test/auto/CaseString2.xml (RunModel)" time="0.043" />
  <testcase classname="ptolemy.util.test.junit.AutoTests" name="[12] /home/travis/build/icyphy/ptII/ptolemy/actor/lib/hoc/test/auto/CatchUpComposite1.xml (RunModel)" time="0.076" />
  <testcase classname="ptolemy.util.test.junit.AutoTests" name="[13] /home/travis/build/icyphy/ptII/ptolemy/actor/lib/hoc/test/auto/CatchUpComposite2.xml (RunModel)" time="0.059" />
  <testcase classname="ptolemy.util.test.junit.AutoTests" name="[14] /home/travis/build/icyphy/ptII/ptolemy/actor/lib/hoc/test/auto/CatchUpComposite3.xml (RunModel)" time="0.048" />
  <testcase classname="ptolemy.util.test.junit.AutoTests" name="[15] /home/travis/build/icyphy/ptII/ptolemy/actor/lib/hoc/test/auto/CatchUpComposite4.xml (RunModel)" time="0.032" />
  <testcase classname="ptolemy.util.test.junit.AutoTests" name="[16] /home/travis/build/icyphy/ptII/ptolemy/actor/lib/hoc/test/auto/CatchUpComposite5.xml (RunModel)" time="0.024" />
  <testcase classname="ptolemy.util.test.junit.AutoTests" name="[17] /home/travis/build/icyphy/ptII/ptolemy/actor/lib/hoc/test/auto/CatchUpComposite6.xml (RunModel)" time="0.179" />
  <testcase classname="ptolemy.util.test.junit.AutoTests" name="[18] /home/travis/build/icyphy/ptII/ptolemy/actor/lib/hoc/test/auto/CatchUpComposite7.xml (RunModel)" time="0.091" />
  <testcase classname="ptolemy.util.test.junit.AutoTests" name="[19] /home/travis/build/icyphy/ptII/ptolemy/actor/lib/hoc/test/auto/ConcurrentExecutionTimeSDF.xml (RunModel)" time="0.839" />
  <testcase classname="ptolemy.util.test.junit.AutoTests" name="[20] /home/travis/build/icyphy/ptII/ptolemy/actor/lib/hoc/test/auto/ConcurrentSleep.xml (RunModel)" time="0.767" />
  <testcase classname="ptolemy.util.test.junit.AutoTests" name="[21] /home/travis/build/icyphy/ptII/ptolemy/actor/lib/hoc/test/auto/DEInPNInRunCompositeActor.xml (RunModel)" time="0.067" />
  <testcase classname="ptolemy.util.test.junit.AutoTests" name="[22] /home/travis/build/icyphy/ptII/ptolemy/actor/lib/hoc/test/auto/DFTSubSetTest.xml (RunModel)" time="0.244" />
  <testcase classname="ptolemy.util.test.junit.AutoTests" name="[23] /home/travis/build/icyphy/ptII/ptolemy/actor/lib/hoc/test/auto/HocDE.xml (RunModel)" time="0.171" />
  <testcase classname="ptolemy.util.test.junit.AutoTests" name="[24] /home/travis/build/icyphy/ptII/ptolemy/actor/lib/hoc/test/auto/IterateOverArray.xml (RunModel)" time="0.035" />
  <testcase classname="ptolemy.util.test.junit.AutoTests" name="[25] /home/travis/build/icyphy/ptII/ptolemy/actor/lib/hoc/test/auto/IterateOverArray10.xml (RunModel)" time="0.016" />
  <testcase classname="ptolemy.util.test.junit.AutoTests" name="[26] /home/travis/build/icyphy/ptII/ptolemy/actor/lib/hoc/test/auto/IterateOverArray11.xml (RunModel)" time="0.026" />
  <testcase classname="ptolemy.util.test.junit.AutoTests" name="[27] /home/travis/build/icyphy/ptII/ptolemy/actor/lib/hoc/test/auto/IterateOverArray12.xml (RunModel)" time="0.04" />
  <testcase classname="ptolemy.util.test.junit.AutoTests" name="[28] /home/travis/build/icyphy/ptII/ptolemy/actor/lib/hoc/test/auto/IterateOverArray13.xml (RunModel)" time="0.151" />
  <testcase classname="ptolemy.util.test.junit.AutoTests" name="[29] /home/travis/build/icyphy/ptII/ptolemy/actor/lib/hoc/test/auto/IterateOverArray14.xml (RunModel)" time="0.136" />
  <testcase classname="ptolemy.util.test.junit.AutoTests" name="[30] /home/travis/build/icyphy/ptII/ptolemy/actor/lib/hoc/test/auto/IterateOverArray2.xml (RunModel)" time="0.028" />
  <testcase classname="ptolemy.util.test.junit.AutoTests" name="[31] /home/travis/build/icyphy/ptII/ptolemy/actor/lib/hoc/test/auto/IterateOverArray3.xml (RunModel)" time="0.035" />
  <testcase classname="ptolemy.util.test.junit.AutoTests" name="[32] /home/travis/build/icyphy/ptII/ptolemy/actor/lib/hoc/test/auto/IterateOverArray4.xml (RunModel)" time="0.017" />
  <testcase classname="ptolemy.util.test.junit.AutoTests" name="[33] /home/travis/build/icyphy/ptII/ptolemy/actor/lib/hoc/test/auto/IterateOverArray5.xml (RunModel)" time="0.018" />
  <testcase classname="ptolemy.util.test.junit.AutoTests" name="[34] /home/travis/build/icyphy/ptII/ptolemy/actor/lib/hoc/test/auto/IterateOverArray6.xml (RunModel)" time="0.02" />
  <testcase classname="ptolemy.util.test.junit.AutoTests" name="[35] /home/travis/build/icyphy/ptII/ptolemy/actor/lib/hoc/test/auto/IterateOverArray7.xml (RunModel)" time="0.014" />
  <testcase classname="ptolemy.util.test.junit.AutoTests" name="[36] /home/travis/build/icyphy/ptII/ptolemy/actor/lib/hoc/test/auto/IterateOverArray8.xml (RunModel)" time="0.014" />
  <testcase classname="ptolemy.util.test.junit.AutoTests" name="[37] /home/travis/build/icyphy/ptII/ptolemy/actor/lib/hoc/test/auto/IterateOverArray9.xml (RunModel)" time="0.018" />
  <testcase classname="ptolemy.util.test.junit.AutoTests" name="[38] /home/travis/build/icyphy/ptII/ptolemy/actor/lib/hoc/test/auto/IterateOverArrayCoercedOutputType.xml (RunModel)" time="0.031" />
  <testcase classname="ptolemy.util.test.junit.AutoTests" name="[39] /home/travis/build/icyphy/ptII/ptolemy/actor/lib/hoc/test/auto/IterateOverArrayInferredOutputType.xml (RunModel)" time="0.028" />
  <testcase classname="ptolemy.util.test.junit.AutoTests" name="[40] /home/travis/build/icyphy/ptII/ptolemy/actor/lib/hoc/test/auto/MobileFunctionTest.xml (RunModel)" time="0.029" />
  <testcase classname="ptolemy.util.test.junit.AutoTests" name="[41] /home/travis/build/icyphy/ptII/ptolemy/actor/lib/hoc/test/auto/MobileModelTest.xml (RunModel)" time="0.16" />
  <testcase classname="ptolemy.util.test.junit.AutoTests" name="[42] /home/travis/build/icyphy/ptII/ptolemy/actor/lib/hoc/test/auto/ModelReference.xml (RunModel)" time="0.081" />
  <testcase classname="ptolemy.util.test.junit.AutoTests" name="[43] /home/travis/build/icyphy/ptII/ptolemy/actor/lib/hoc/test/auto/ModelReference3.xml (RunModel)" time="0.04" />
  <testcase classname="ptolemy.util.test.junit.AutoTests" name="[44] /home/travis/build/icyphy/ptII/ptolemy/actor/lib/hoc/test/auto/ModelReference4.xml (RunModel)" time="10.03" />
  <testcase classname="ptolemy.util.test.junit.AutoTests" name="[45] /home/travis/build/icyphy/ptII/ptolemy/actor/lib/hoc/test/auto/MultiInstanceComposite.xml (RunModel)" time="0.053" />
  <testcase classname="ptolemy.util.test.junit.AutoTests" name="[46] /home/travis/build/icyphy/ptII/ptolemy/actor/lib/hoc/test/auto/MultiInstanceComposite2.xml (RunModel)" time="0.043" />
  <testcase classname="ptolemy.util.test.junit.AutoTests" name="[47] /home/travis/build/icyphy/ptII/ptolemy/actor/lib/hoc/test/auto/MulticoreExecution.xml (RunModel)" time="1.105" />
  <testcase classname="ptolemy.util.test.junit.AutoTests" name="[48] /home/travis/build/icyphy/ptII/ptolemy/actor/lib/hoc/test/auto/ParallelExecution.xml (RunModel)" time="0.932" />
  <testcase classname="ptolemy.util.test.junit.AutoTests" name="[49] /home/travis/build/icyphy/ptII/ptolemy/actor/lib/hoc/test/auto/RunCompositeActor.xml (RunModel)" time="0.018" />
  <testcase classname="ptolemy.util.test.junit.AutoTests" name="[50] /home/travis/build/icyphy/ptII/ptolemy/actor/lib/hoc/test/auto/RunCompositeActor2.xml (RunModel)" time="0.015" />
  <testcase classname="ptolemy.util.test.junit.AutoTests" name="[51] /home/travis/build/icyphy/ptII/ptolemy/actor/lib/hoc/test/auto/RunCompositeActor3.xml (RunModel)" time="0.016" />
  <testcase classname="ptolemy.util.test.junit.AutoTests" name="[52] /home/travis/build/icyphy/ptII/ptolemy/actor/lib/hoc/test/auto/RunCompositeActor4.xml (RunModel)" time="0.022" />
  <testcase classname="ptolemy.util.test.junit.AutoTests" name="[53] /home/travis/build/icyphy/ptII/ptolemy/actor/lib/hoc/test/auto/RunCompositeIterateOverArray.xml (RunModel)" time="0.019" />
  <testcase classname="ptolemy.util.test.junit.AutoTests" name="[54] /home/travis/build/icyphy/ptII/ptolemy/actor/lib/hoc/test/auto/ThreadedJS.xml (RunModel)" time="11.081" />
  <system-out><![CDATA[/home/travis/build/icyphy/ptII/ptolemy/actor/lib/hoc/test/IterateOverArray.tcl
testDefs.tcl: setting time out to 9000 seconds at Mon Dec 30 06:27:03 UTC 2019
12/30/19 06:27:03
Failed: 0  Total Tests: 2  ((Passed: 2, Newly Passed: 0)  Known Failed: 0) /home/travis/build/icyphy/ptII/ptolemy/actor/lib/hoc/test
----------------- testing (KnownFailure) /home/travis/build/icyphy/ptII/ptolemy/actor/lib/hoc/test/auto/knownFailedTests/PreinitializeMustBeInvokedRunComposite.xml
118 ms. Memory: 129024K Free: 87494K (68%)
Known Failure: java.lang.reflect.InvocationTargetException
No auto/linux-amd64/*.xml tests in /home/travis/build/icyphy/ptII/ptolemy/actor/lib/hoc/test
AutoTests.java: About to close Vertx.
AutoTests.java: Vertx closed.

===========================================================================================
----------------- testing Mon Dec 30 06:27:04 UTC 2019 /home/travis/build/icyphy/ptII/ptolemy/actor/lib/hoc/test/auto/AllToAllMultiInstanceComposite.xml
----------------- Instantiating /home/travis/build/icyphy/ptII/ptolemy/actor/lib/hoc/test/auto/AllToAllMultiInstanceComposite.xml
196 ms. Memory: 129024K Free: 108678K (84%)
----------------- Invoking toplevel() on ptolemy.moml.MoMLSimpleApplication@6678f6fd
----------------- Done invoking toplevel() on ptolemy.moml.MoMLSimpleApplication@6678f6fd
reloadAllAccessors: .AllToAllMultiInstanceComposite

===========================================================================================
----------------- testing Mon Dec 30 06:27:04 UTC 2019 /home/travis/build/icyphy/ptII/ptolemy/actor/lib/hoc/test/auto/ApplyFFTTest.xml
----------------- Instantiating /home/travis/build/icyphy/ptII/ptolemy/actor/lib/hoc/test/auto/ApplyFFTTest.xml
146 ms. Memory: 129024K Free: 90096K (70%)
----------------- Invoking toplevel() on ptolemy.moml.MoMLSimpleApplication@55790b5e
----------------- Done invoking toplevel() on ptolemy.moml.MoMLSimpleApplication@55790b5e
reloadAllAccessors: .ApplyFFTTest

===========================================================================================
----------------- testing Mon Dec 30 06:27:05 UTC 2019 /home/travis/build/icyphy/ptII/ptolemy/actor/lib/hoc/test/auto/ApplyFunction.xml
----------------- Instantiating /home/travis/build/icyphy/ptII/ptolemy/actor/lib/hoc/test/auto/ApplyFunction.xml
6 ms. Memory: 129024K Free: 87187K (68%)
----------------- Invoking toplevel() on ptolemy.moml.MoMLSimpleApplication@49e78b96
----------------- Done invoking toplevel() on ptolemy.moml.MoMLSimpleApplication@49e78b96
reloadAllAccessors: .ApplyFunction

===========================================================================================
----------------- testing Mon Dec 30 06:27:05 UTC 2019 /home/travis/build/icyphy/ptII/ptolemy/actor/lib/hoc/test/auto/BackgroundExecution.xml
----------------- Instantiating /home/travis/build/icyphy/ptII/ptolemy/actor/lib/hoc/test/auto/BackgroundExecution.xml
618 ms. Memory: 129024K Free: 108683K (84%)
----------------- Invoking toplevel() on ptolemy.moml.MoMLSimpleApplication@493f0f47
----------------- Done invoking toplevel() on ptolemy.moml.MoMLSimpleApplication@493f0f47
reloadAllAccessors: .BackgroundExecution

===========================================================================================
----------------- testing Mon Dec 30 06:27:05 UTC 2019 /home/travis/build/icyphy/ptII/ptolemy/actor/lib/hoc/test/auto/Case.xml
----------------- Instantiating /home/travis/build/icyphy/ptII/ptolemy/actor/lib/hoc/test/auto/Case.xml
24 ms. Memory: 129024K Free: 101253K (78%)
----------------- Invoking toplevel() on ptolemy.moml.MoMLSimpleApplication@629a7336
----------------- Done invoking toplevel() on ptolemy.moml.MoMLSimpleApplication@629a7336
reloadAllAccessors: .Case

===========================================================================================
----------------- testing Mon Dec 30 06:27:05 UTC 2019 /home/travis/build/icyphy/ptII/ptolemy/actor/lib/hoc/test/auto/Case1.xml
----------------- Instantiating /home/travis/build/icyphy/ptII/ptolemy/actor/lib/hoc/test/auto/Case1.xml
24 ms. Memory: 129024K Free: 94726K (73%)
----------------- Invoking toplevel() on ptolemy.moml.MoMLSimpleApplication@6752a069
----------------- Done invoking toplevel() on ptolemy.moml.MoMLSimpleApplication@6752a069
reloadAllAccessors: .Case1

===========================================================================================
----------------- testing Mon Dec 30 06:27:06 UTC 2019 /home/travis/build/icyphy/ptII/ptolemy/actor/lib/hoc/test/auto/Case2.xml
----------------- Instantiating /home/travis/build/icyphy/ptII/ptolemy/actor/lib/hoc/test/auto/Case2.xml
40 ms. Memory: 129024K Free: 84941K (66%)
----------------- Invoking toplevel() on ptolemy.moml.MoMLSimpleApplication@662a4727
----------------- Done invoking toplevel() on ptolemy.moml.MoMLSimpleApplication@662a4727
reloadAllAccessors: .Case2

===========================================================================================
----------------- testing Mon Dec 30 06:27:06 UTC 2019 /home/travis/build/icyphy/ptII/ptolemy/actor/lib/hoc/test/auto/Case3.xml
----------------- Instantiating /home/travis/build/icyphy/ptII/ptolemy/actor/lib/hoc/test/auto/Case3.xml
10 ms. Memory: 129024K Free: 78757K (61%)
----------------- Invoking toplevel() on ptolemy.moml.MoMLSimpleApplication@354b71b9
----------------- Done invoking toplevel() on ptolemy.moml.MoMLSimpleApplication@354b71b9
reloadAllAccessors: .Case3

===========================================================================================
----------------- testing Mon Dec 30 06:27:06 UTC 2019 /home/travis/build/icyphy/ptII/ptolemy/actor/lib/hoc/test/auto/Case4.xml
----------------- Instantiating /home/travis/build/icyphy/ptII/ptolemy/actor/lib/hoc/test/auto/Case4.xml
9 ms. Memory: 129024K Free: 108844K (84%)
----------------- Invoking toplevel() on ptolemy.moml.MoMLSimpleApplication@2737512e
----------------- Done invoking toplevel() on ptolemy.moml.MoMLSimpleApplication@2737512e
reloadAllAccessors: .Case4

===========================================================================================
----------------- testing Mon Dec 30 06:27:06 UTC 2019 /home/travis/build/icyphy/ptII/ptolemy/actor/lib/hoc/test/auto/Case5.xml
----------------- Instantiating /home/travis/build/icyphy/ptII/ptolemy/actor/lib/hoc/test/auto/Case5.xml
43 ms. Memory: 129024K Free: 102372K (79%)
----------------- Invoking toplevel() on ptolemy.moml.MoMLSimpleApplication@219cc465
----------------- Done invoking toplevel() on ptolemy.moml.MoMLSimpleApplication@219cc465
reloadAllAccessors: .junk

===========================================================================================
----------------- testing Mon Dec 30 06:27:06 UTC 2019 /home/travis/build/icyphy/ptII/ptolemy/actor/lib/hoc/test/auto/Case6.xml
----------------- Instantiating /home/travis/build/icyphy/ptII/ptolemy/actor/lib/hoc/test/auto/Case6.xml
39 ms. Memory: 129024K Free: 90412K (70%)
----------------- Invoking toplevel() on ptolemy.moml.MoMLSimpleApplication@11a6c01e
----------------- Done invoking toplevel() on ptolemy.moml.MoMLSimpleApplication@11a6c01e
reloadAllAccessors: .Case6

===========================================================================================
----------------- testing Mon Dec 30 06:27:06 UTC 2019 /home/travis/build/icyphy/ptII/ptolemy/actor/lib/hoc/test/auto/CaseString2.xml
----------------- Instantiating /home/travis/build/icyphy/ptII/ptolemy/actor/lib/hoc/test/auto/CaseString2.xml
12 ms. Memory: 129024K Free: 82871K (64%)
----------------- Invoking toplevel() on ptolemy.moml.MoMLSimpleApplication@452d35a4
----------------- Done invoking toplevel() on ptolemy.moml.MoMLSimpleApplication@452d35a4
reloadAllAccessors: .CaseString2

===========================================================================================
----------------- testing Mon Dec 30 06:27:06 UTC 2019 /home/travis/build/icyphy/ptII/ptolemy/actor/lib/hoc/test/auto/CatchUpComposite1.xml
----------------- Instantiating /home/travis/build/icyphy/ptII/ptolemy/actor/lib/hoc/test/auto/CatchUpComposite1.xml
31 ms. Memory: 129024K Free: 73700K (57%)
----------------- Invoking toplevel() on ptolemy.moml.MoMLSimpleApplication@697bb0e
----------------- Done invoking toplevel() on ptolemy.moml.MoMLSimpleApplication@697bb0e
reloadAllAccessors: .CatchUpComposite1

===========================================================================================
----------------- testing Mon Dec 30 06:27:06 UTC 2019 /home/travis/build/icyphy/ptII/ptolemy/actor/lib/hoc/test/auto/CatchUpComposite2.xml
----------------- Instantiating /home/travis/build/icyphy/ptII/ptolemy/actor/lib/hoc/test/auto/CatchUpComposite2.xml
17 ms. Memory: 129024K Free: 114501K (89%)
----------------- Invoking toplevel() on ptolemy.moml.MoMLSimpleApplication@4ed68b7b
----------------- Done invoking toplevel() on ptolemy.moml.MoMLSimpleApplication@4ed68b7b
reloadAllAccessors: .CatchUpComposite2

===========================================================================================
----------------- testing Mon Dec 30 06:27:06 UTC 2019 /home/travis/build/icyphy/ptII/ptolemy/actor/lib/hoc/test/auto/CatchUpComposite3.xml
----------------- Instantiating /home/travis/build/icyphy/ptII/ptolemy/actor/lib/hoc/test/auto/CatchUpComposite3.xml
14 ms. Memory: 129024K Free: 105360K (82%)
----------------- Invoking toplevel() on ptolemy.moml.MoMLSimpleApplication@48118fa6
----------------- Done invoking toplevel() on ptolemy.moml.MoMLSimpleApplication@48118fa6
reloadAllAccessors: .CatchUpComposite3

===========================================================================================
----------------- testing Mon Dec 30 06:27:06 UTC 2019 /home/travis/build/icyphy/ptII/ptolemy/actor/lib/hoc/test/auto/CatchUpComposite4.xml
----------------- Instantiating /home/travis/build/icyphy/ptII/ptolemy/actor/lib/hoc/test/auto/CatchUpComposite4.xml
10 ms. Memory: 129024K Free: 97461K (76%)
----------------- Invoking toplevel() on ptolemy.moml.MoMLSimpleApplication@2eaff9ba
----------------- Done invoking toplevel() on ptolemy.moml.MoMLSimpleApplication@2eaff9ba
reloadAllAccessors: .CatchUpComposite4

===========================================================================================
----------------- testing Mon Dec 30 06:27:06 UTC 2019 /home/travis/build/icyphy/ptII/ptolemy/actor/lib/hoc/test/auto/CatchUpComposite5.xml
----------------- Instantiating /home/travis/build/icyphy/ptII/ptolemy/actor/lib/hoc/test/auto/CatchUpComposite5.xml
6 ms. Memory: 129024K Free: 90001K (70%)
----------------- Invoking toplevel() on ptolemy.moml.MoMLSimpleApplication@25db7d16
----------------- Done invoking toplevel() on ptolemy.moml.MoMLSimpleApplication@25db7d16
reloadAllAccessors: .CatchUpComposite5

===========================================================================================
----------------- testing Mon Dec 30 06:27:06 UTC 2019 /home/travis/build/icyphy/ptII/ptolemy/actor/lib/hoc/test/auto/CatchUpComposite6.xml
----------------- Instantiating /home/travis/build/icyphy/ptII/ptolemy/actor/lib/hoc/test/auto/CatchUpComposite6.xml
WARNING: The execution aspects in this model can influence the timing of actors by delaying the 
execution, potentially changing the behavior. There is no guarantee that actors fire at the 
time they request to be fired. 
Use Ptides for deterministic DE behavior that is not influenced by execution aspects. 

96 ms. Memory: 129024K Free: 74933K (58%)
----------------- Invoking toplevel() on ptolemy.moml.MoMLSimpleApplication@3b16946
----------------- Done invoking toplevel() on ptolemy.moml.MoMLSimpleApplication@3b16946
reloadAllAccessors: .CatchUpComposite6

===========================================================================================
----------------- testing Mon Dec 30 06:27:06 UTC 2019 /home/travis/build/icyphy/ptII/ptolemy/actor/lib/hoc/test/auto/CatchUpComposite7.xml
----------------- Instantiating /home/travis/build/icyphy/ptII/ptolemy/actor/lib/hoc/test/auto/CatchUpComposite7.xml
WARNING: The execution aspects in this model can influence the timing of actors by delaying the 
execution, potentially changing the behavior. There is no guarantee that actors fire at the 
time they request to be fired. 
Use Ptides for deterministic DE behavior that is not influenced by execution aspects. 

38 ms. Memory: 129024K Free: 61037K (47%)
----------------- Invoking toplevel() on ptolemy.moml.MoMLSimpleApplication@6d165a5a
----------------- Done invoking toplevel() on ptolemy.moml.MoMLSimpleApplication@6d165a5a
reloadAllAccessors: .CatchUpComposite7

===========================================================================================
----------------- testing Mon Dec 30 06:27:06 UTC 2019 /home/travis/build/icyphy/ptII/ptolemy/actor/lib/hoc/test/auto/ConcurrentExecutionTimeSDF.xml
----------------- Instantiating /home/travis/build/icyphy/ptII/ptolemy/actor/lib/hoc/test/auto/ConcurrentExecutionTimeSDF.xml
Fired ExecutionTime: 40400000
Fired ExecutionTime: 40400000
Fired ExecutionTime: 40400000
Fired ExecutionTime: 40400000
Fired ExecutionTime: 40400000
Fired ExecutionTime: 40400000
Fired ExecutionTime: 40400000
Fired ExecutionTime: 40400000
Fired ExecutionTime: 40400000
Fired ExecutionTime: 40400000
Fired ExecutionTime: 40400000
Fired ExecutionTime: 40400000
Fired ExecutionTime: 40400000
Fired ExecutionTime: 40400000
Fired ExecutionTime: 40400000
Fired ExecutionTime: 40400000
Fired ExecutionTime: 40400000
Fired ExecutionTime: 40400000
Fired ExecutionTime: 40400000
Fired ExecutionTime: 40400000
815 ms. Memory: 129024K Free: 112465K (87%)
----------------- Invoking toplevel() on ptolemy.moml.MoMLSimpleApplication@5c7113a9
----------------- Done invoking toplevel() on ptolemy.moml.MoMLSimpleApplication@5c7113a9
reloadAllAccessors: .ConcurrentExecutionTimeSDF

===========================================================================================
----------------- testing Mon Dec 30 06:27:07 UTC 2019 /home/travis/build/icyphy/ptII/ptolemy/actor/lib/hoc/test/auto/ConcurrentSleep.xml
----------------- Instantiating /home/travis/build/icyphy/ptII/ptolemy/actor/lib/hoc/test/auto/ConcurrentSleep.xml
730 ms. Memory: 129024K Free: 102226K (79%)
----------------- Invoking toplevel() on ptolemy.moml.MoMLSimpleApplication@1c3a1d60
----------------- Done invoking toplevel() on ptolemy.moml.MoMLSimpleApplication@1c3a1d60
reloadAllAccessors: .ConcurrentSleep

===========================================================================================
----------------- testing Mon Dec 30 06:27:08 UTC 2019 /home/travis/build/icyphy/ptII/ptolemy/actor/lib/hoc/test/auto/DEInPNInRunCompositeActor.xml
----------------- Instantiating /home/travis/build/icyphy/ptII/ptolemy/actor/lib/hoc/test/auto/DEInPNInRunCompositeActor.xml
27 ms. Memory: 129024K Free: 96784K (75%)
----------------- Invoking toplevel() on ptolemy.moml.MoMLSimpleApplication@39315faf
----------------- Done invoking toplevel() on ptolemy.moml.MoMLSimpleApplication@39315faf
reloadAllAccessors: .DEInPNInRunCompositeActor

===========================================================================================
----------------- testing Mon Dec 30 06:27:08 UTC 2019 /home/travis/build/icyphy/ptII/ptolemy/actor/lib/hoc/test/auto/DFTSubSetTest.xml
----------------- Instantiating /home/travis/build/icyphy/ptII/ptolemy/actor/lib/hoc/test/auto/DFTSubSetTest.xml
120 ms. Memory: 129024K Free: 54477K (42%)
----------------- Invoking toplevel() on ptolemy.moml.MoMLSimpleApplication@665f2334
----------------- Done invoking toplevel() on ptolemy.moml.MoMLSimpleApplication@665f2334
reloadAllAccessors: .DFTSubSetTest

===========================================================================================
----------------- testing Mon Dec 30 06:27:08 UTC 2019 /home/travis/build/icyphy/ptII/ptolemy/actor/lib/hoc/test/auto/HocDE.xml
----------------- Instantiating /home/travis/build/icyphy/ptII/ptolemy/actor/lib/hoc/test/auto/HocDE.xml
111 ms. Memory: 129024K Free: 94266K (73%)
----------------- Invoking toplevel() on ptolemy.moml.MoMLSimpleApplication@3d464ac6
----------------- Done invoking toplevel() on ptolemy.moml.MoMLSimpleApplication@3d464ac6
reloadAllAccessors: .HocDE

===========================================================================================
----------------- testing Mon Dec 30 06:27:09 UTC 2019 /home/travis/build/icyphy/ptII/ptolemy/actor/lib/hoc/test/auto/IterateOverArray.xml
----------------- Instantiating /home/travis/build/icyphy/ptII/ptolemy/actor/lib/hoc/test/auto/IterateOverArray.xml
5 ms. Memory: 129024K Free: 89704K (70%)
----------------- Invoking toplevel() on ptolemy.moml.MoMLSimpleApplication@5c3a6521
----------------- Done invoking toplevel() on ptolemy.moml.MoMLSimpleApplication@5c3a6521
reloadAllAccessors: .IterateOverArray

===========================================================================================
----------------- testing Mon Dec 30 06:27:09 UTC 2019 /home/travis/build/icyphy/ptII/ptolemy/actor/lib/hoc/test/auto/IterateOverArray10.xml
----------------- Instantiating /home/travis/build/icyphy/ptII/ptolemy/actor/lib/hoc/test/auto/IterateOverArray10.xml
3 ms. Memory: 129024K Free: 86618K (67%)
----------------- Invoking toplevel() on ptolemy.moml.MoMLSimpleApplication@4e65828e
----------------- Done invoking toplevel() on ptolemy.moml.MoMLSimpleApplication@4e65828e
reloadAllAccessors: .IterateOverArray10

===========================================================================================
----------------- testing Mon Dec 30 06:27:09 UTC 2019 /home/travis/build/icyphy/ptII/ptolemy/actor/lib/hoc/test/auto/IterateOverArray11.xml
----------------- Instantiating /home/travis/build/icyphy/ptII/ptolemy/actor/lib/hoc/test/auto/IterateOverArray11.xml
6 ms. Memory: 129024K Free: 82049K (64%)
----------------- Invoking toplevel() on ptolemy.moml.MoMLSimpleApplication@746005f2
----------------- Done invoking toplevel() on ptolemy.moml.MoMLSimpleApplication@746005f2
reloadAllAccessors: .IterateOverArray11

===========================================================================================
----------------- testing Mon Dec 30 06:27:09 UTC 2019 /home/travis/build/icyphy/ptII/ptolemy/actor/lib/hoc/test/auto/IterateOverArray12.xml
----------------- Instantiating /home/travis/build/icyphy/ptII/ptolemy/actor/lib/hoc/test/auto/IterateOverArray12.xml
18 ms. Memory: 129024K Free: 75913K (59%)
----------------- Invoking toplevel() on ptolemy.moml.MoMLSimpleApplication@329dc96
----------------- Done invoking toplevel() on ptolemy.moml.MoMLSimpleApplication@329dc96
reloadAllAccessors: .IterateOverArray12

===========================================================================================
----------------- testing Mon Dec 30 06:27:09 UTC 2019 /home/travis/build/icyphy/ptII/ptolemy/actor/lib/hoc/test/auto/IterateOverArray13.xml
----------------- Instantiating /home/travis/build/icyphy/ptII/ptolemy/actor/lib/hoc/test/auto/IterateOverArray13.xml
64 ms. Memory: 129024K Free: 47255K (37%)
----------------- Invoking toplevel() on ptolemy.moml.MoMLSimpleApplication@559cd3b1
----------------- Done invoking toplevel() on ptolemy.moml.MoMLSimpleApplication@559cd3b1
reloadAllAccessors: .IterateOverArray13

===========================================================================================
----------------- testing Mon Dec 30 06:27:09 UTC 2019 /home/travis/build/icyphy/ptII/ptolemy/actor/lib/hoc/test/auto/IterateOverArray14.xml
----------------- Instantiating /home/travis/build/icyphy/ptII/ptolemy/actor/lib/hoc/test/auto/IterateOverArray14.xml
53 ms. Memory: 129024K Free: 83811K (65%)
----------------- Invoking toplevel() on ptolemy.moml.MoMLSimpleApplication@171285d9
----------------- Done invoking toplevel() on ptolemy.moml.MoMLSimpleApplication@171285d9
reloadAllAccessors: .IterateOverArray14

===========================================================================================
----------------- testing Mon Dec 30 06:27:09 UTC 2019 /home/travis/build/icyphy/ptII/ptolemy/actor/lib/hoc/test/auto/IterateOverArray2.xml
----------------- Instantiating /home/travis/build/icyphy/ptII/ptolemy/actor/lib/hoc/test/auto/IterateOverArray2.xml
10 ms. Memory: 129024K Free: 79208K (61%)
----------------- Invoking toplevel() on ptolemy.moml.MoMLSimpleApplication@3d7ce167
----------------- Done invoking toplevel() on ptolemy.moml.MoMLSimpleApplication@3d7ce167
reloadAllAccessors: .IterateOverArray2

===========================================================================================
----------------- testing Mon Dec 30 06:27:09 UTC 2019 /home/travis/build/icyphy/ptII/ptolemy/actor/lib/hoc/test/auto/IterateOverArray3.xml
----------------- Instantiating /home/travis/build/icyphy/ptII/ptolemy/actor/lib/hoc/test/auto/IterateOverArray3.xml
13 ms. Memory: 129024K Free: 73571K (57%)
----------------- Invoking toplevel() on ptolemy.moml.MoMLSimpleApplication@7c9fff1b
----------------- Done invoking toplevel() on ptolemy.moml.MoMLSimpleApplication@7c9fff1b
reloadAllAccessors: .IterateOverArray3

===========================================================================================
----------------- testing Mon Dec 30 06:27:09 UTC 2019 /home/travis/build/icyphy/ptII/ptolemy/actor/lib/hoc/test/auto/IterateOverArray4.xml
----------------- Instantiating /home/travis/build/icyphy/ptII/ptolemy/actor/lib/hoc/test/auto/IterateOverArray4.xml
4 ms. Memory: 129024K Free: 69475K (54%)
----------------- Invoking toplevel() on ptolemy.moml.MoMLSimpleApplication@7ea49c04
----------------- Done invoking toplevel() on ptolemy.moml.MoMLSimpleApplication@7ea49c04
reloadAllAccessors: .IterateOverArray4

===========================================================================================
----------------- testing Mon Dec 30 06:27:09 UTC 2019 /home/travis/build/icyphy/ptII/ptolemy/actor/lib/hoc/test/auto/IterateOverArray5.xml
----------------- Instantiating /home/travis/build/icyphy/ptII/ptolemy/actor/lib/hoc/test/auto/IterateOverArray5.xml
3 ms. Memory: 129024K Free: 65379K (51%)
----------------- Invoking toplevel() on ptolemy.moml.MoMLSimpleApplication@608a1006
----------------- Done invoking toplevel() on ptolemy.moml.MoMLSimpleApplication@608a1006
reloadAllAccessors: .IterateOverArray5

===========================================================================================
----------------- testing Mon Dec 30 06:27:09 UTC 2019 /home/travis/build/icyphy/ptII/ptolemy/actor/lib/hoc/test/auto/IterateOverArray6.xml
----------------- Instantiating /home/travis/build/icyphy/ptII/ptolemy/actor/lib/hoc/test/auto/IterateOverArray6.xml
6 ms. Memory: 129024K Free: 61770K (48%)
----------------- Invoking toplevel() on ptolemy.moml.MoMLSimpleApplication@533c1475
----------------- Done invoking toplevel() on ptolemy.moml.MoMLSimpleApplication@533c1475
reloadAllAccessors: .IterateOverArray6

===========================================================================================
----------------- testing Mon Dec 30 06:27:09 UTC 2019 /home/travis/build/icyphy/ptII/ptolemy/actor/lib/hoc/test/auto/IterateOverArray7.xml
----------------- Instantiating /home/travis/build/icyphy/ptII/ptolemy/actor/lib/hoc/test/auto/IterateOverArray7.xml
4 ms. Memory: 129024K Free: 57187K (44%)
----------------- Invoking toplevel() on ptolemy.moml.MoMLSimpleApplication@6130f95e
----------------- Done invoking toplevel() on ptolemy.moml.MoMLSimpleApplication@6130f95e
reloadAllAccessors: .IterateOverArray7

===========================================================================================
----------------- testing Mon Dec 30 06:27:09 UTC 2019 /home/travis/build/icyphy/ptII/ptolemy/actor/lib/hoc/test/auto/IterateOverArray8.xml
----------------- Instantiating /home/travis/build/icyphy/ptII/ptolemy/actor/lib/hoc/test/auto/IterateOverArray8.xml
4 ms. Memory: 129024K Free: 53091K (41%)
----------------- Invoking toplevel() on ptolemy.moml.MoMLSimpleApplication@6dceb8c6
----------------- Done invoking toplevel() on ptolemy.moml.MoMLSimpleApplication@6dceb8c6
reloadAllAccessors: .IterateOverArray8

===========================================================================================
----------------- testing Mon Dec 30 06:27:09 UTC 2019 /home/travis/build/icyphy/ptII/ptolemy/actor/lib/hoc/test/auto/IterateOverArray9.xml
----------------- Instantiating /home/travis/build/icyphy/ptII/ptolemy/actor/lib/hoc/test/auto/IterateOverArray9.xml
4 ms. Memory: 129024K Free: 48995K (38%)
----------------- Invoking toplevel() on ptolemy.moml.MoMLSimpleApplication@539c8dcf
----------------- Done invoking toplevel() on ptolemy.moml.MoMLSimpleApplication@539c8dcf
reloadAllAccessors: .IterateOverArray9

===========================================================================================
----------------- testing Mon Dec 30 06:27:09 UTC 2019 /home/travis/build/icyphy/ptII/ptolemy/actor/lib/hoc/test/auto/IterateOverArrayCoercedOutputType.xml
----------------- Instantiating /home/travis/build/icyphy/ptII/ptolemy/actor/lib/hoc/test/auto/IterateOverArrayCoercedOutputType.xml
6 ms. Memory: 129024K Free: 43875K (34%)
----------------- Invoking toplevel() on ptolemy.moml.MoMLSimpleApplication@289dbf1
----------------- Done invoking toplevel() on ptolemy.moml.MoMLSimpleApplication@289dbf1
reloadAllAccessors: .IterateOverArrayCoercedOutputType

===========================================================================================
----------------- testing Mon Dec 30 06:27:09 UTC 2019 /home/travis/build/icyphy/ptII/ptolemy/actor/lib/hoc/test/auto/IterateOverArrayInferredOutputType.xml
----------------- Instantiating /home/travis/build/icyphy/ptII/ptolemy/actor/lib/hoc/test/auto/IterateOverArrayInferredOutputType.xml
4 ms. Memory: 173056K Free: 156686K (91%)
----------------- Invoking toplevel() on ptolemy.moml.MoMLSimpleApplication@4ecf4e29
----------------- Done invoking toplevel() on ptolemy.moml.MoMLSimpleApplication@4ecf4e29
reloadAllAccessors: .IterateOverArrayInferredOutputType

===========================================================================================
----------------- testing Mon Dec 30 06:27:09 UTC 2019 /home/travis/build/icyphy/ptII/ptolemy/actor/lib/hoc/test/auto/MobileFunctionTest.xml
----------------- Instantiating /home/travis/build/icyphy/ptII/ptolemy/actor/lib/hoc/test/auto/MobileFunctionTest.xml
5 ms. Memory: 173056K Free: 152070K (88%)
----------------- Invoking toplevel() on ptolemy.moml.MoMLSimpleApplication@b1317f4
----------------- Done invoking toplevel() on ptolemy.moml.MoMLSimpleApplication@b1317f4
reloadAllAccessors: .MobileFunctionTest

===========================================================================================
----------------- testing Mon Dec 30 06:27:09 UTC 2019 /home/travis/build/icyphy/ptII/ptolemy/actor/lib/hoc/test/auto/MobileModelTest.xml
----------------- Instantiating /home/travis/build/icyphy/ptII/ptolemy/actor/lib/hoc/test/auto/MobileModelTest.xml
137 ms. Memory: 173056K Free: 131086K (76%)
----------------- Invoking toplevel() on ptolemy.moml.MoMLSimpleApplication@5b827a14
----------------- Done invoking toplevel() on ptolemy.moml.MoMLSimpleApplication@5b827a14
reloadAllAccessors: .MobileModelTest

===========================================================================================
----------------- testing Mon Dec 30 06:27:09 UTC 2019 /home/travis/build/icyphy/ptII/ptolemy/actor/lib/hoc/test/auto/ModelReference.xml
----------------- Instantiating /home/travis/build/icyphy/ptII/ptolemy/actor/lib/hoc/test/auto/ModelReference.xml
5 ms. Memory: 173056K Free: 124428K (72%)
2 ms. Memory: 173056K Free: 123918K (72%)
2 ms. Memory: 173056K Free: 122894K (71%)
2 ms. Memory: 173056K Free: 121870K (70%)
2 ms. Memory: 173056K Free: 121342K (70%)
2 ms. Memory: 173056K Free: 120332K (70%)
2 ms. Memory: 173056K Free: 119822K (69%)
2 ms. Memory: 173056K Free: 118798K (69%)
3 ms. Memory: 173056K Free: 117774K (68%)
2 ms. Memory: 173056K Free: 117246K (68%)
33 ms. Memory: 173056K Free: 117246K (68%)
----------------- Invoking toplevel() on ptolemy.moml.MoMLSimpleApplication@9dae6d3
----------------- Done invoking toplevel() on ptolemy.moml.MoMLSimpleApplication@9dae6d3
reloadAllAccessors: .ModelReference

===========================================================================================
----------------- testing Mon Dec 30 06:27:10 UTC 2019 /home/travis/build/icyphy/ptII/ptolemy/actor/lib/hoc/test/auto/ModelReference3.xml
----------------- Instantiating /home/travis/build/icyphy/ptII/ptolemy/actor/lib/hoc/test/auto/ModelReference3.xml
2 ms. Memory: 173056K Free: 112654K (65%)
3 ms. Memory: 173056K Free: 112126K (65%)
2 ms. Memory: 173056K Free: 111116K (64%)
3 ms. Memory: 173056K Free: 110606K (64%)
1 ms. Memory: 173056K Free: 109582K (63%)
2 ms. Memory: 173056K Free: 109038K (63%)
3 ms. Memory: 173056K Free: 108030K (62%)
2 ms. Memory: 173056K Free: 107020K (62%)
2 ms. Memory: 173056K Free: 106510K (62%)
2 ms. Memory: 173056K Free: 105486K (61%)
28 ms. Memory: 173056K Free: 105486K (61%)
----------------- Invoking toplevel() on ptolemy.moml.MoMLSimpleApplication@72e489c4
----------------- Done invoking toplevel() on ptolemy.moml.MoMLSimpleApplication@72e489c4
reloadAllAccessors: .ModelReference3

===========================================================================================
----------------- testing Mon Dec 30 06:27:10 UTC 2019 /home/travis/build/icyphy/ptII/ptolemy/actor/lib/hoc/test/auto/ModelReference4.xml
----------------- Instantiating /home/travis/build/icyphy/ptII/ptolemy/actor/lib/hoc/test/auto/ModelReference4.xml
2 ms. Memory: 173056K Free: 100862K (58%)
3 ms. Memory: 173056K Free: 99342K (57%)
2 ms. Memory: 173056K Free: 98318K (57%)
1 ms. Memory: 173056K Free: 96774K (56%)
2 ms. Memory: 173056K Free: 95742K (55%)
1 ms. Memory: 173056K Free: 94726K (55%)
2 ms. Memory: 173056K Free: 93198K (54%)
5 ms. Memory: 173056K Free: 92174K (53%)
1 ms. Memory: 173056K Free: 90636K (52%)
1 ms. Memory: 173056K Free: 89582K (52%)
10016 ms. Memory: 173056K Free: 89582K (52%)
----------------- Invoking toplevel() on ptolemy.moml.MoMLSimpleApplication@b9d313f
----------------- Done invoking toplevel() on ptolemy.moml.MoMLSimpleApplication@b9d313f
reloadAllAccessors: .ModelReference4

===========================================================================================
----------------- testing Mon Dec 30 06:27:20 UTC 2019 /home/travis/build/icyphy/ptII/ptolemy/actor/lib/hoc/test/auto/MultiInstanceComposite.xml
----------------- Instantiating /home/travis/build/icyphy/ptII/ptolemy/actor/lib/hoc/test/auto/MultiInstanceComposite.xml
27 ms. Memory: 173056K Free: 70670K (41%)
----------------- Invoking toplevel() on ptolemy.moml.MoMLSimpleApplication@231cac4d
----------------- Done invoking toplevel() on ptolemy.moml.MoMLSimpleApplication@231cac4d
reloadAllAccessors: .MultiInstanceComposite

===========================================================================================
----------------- testing Mon Dec 30 06:27:20 UTC 2019 /home/travis/build/icyphy/ptII/ptolemy/actor/lib/hoc/test/auto/MultiInstanceComposite2.xml
----------------- Instantiating /home/travis/build/icyphy/ptII/ptolemy/actor/lib/hoc/test/auto/MultiInstanceComposite2.xml
20 ms. Memory: 173056K Free: 148300K (86%)
----------------- Invoking toplevel() on ptolemy.moml.MoMLSimpleApplication@39d81097
----------------- Done invoking toplevel() on ptolemy.moml.MoMLSimpleApplication@39d81097
reloadAllAccessors: .MultiInstanceComposite2

===========================================================================================
----------------- testing Mon Dec 30 06:27:20 UTC 2019 /home/travis/build/icyphy/ptII/ptolemy/actor/lib/hoc/test/auto/MulticoreExecution.xml
----------------- Instantiating /home/travis/build/icyphy/ptII/ptolemy/actor/lib/hoc/test/auto/MulticoreExecution.xml
Fired ExecutionTime: 4400000
Fired ExecutionTime: 2400000
Fired ExecutionTime: 3200000
Fired ExecutionTime: 2400000
Fired ExecutionTime: 2800000
Fired ExecutionTime: 2800000
Fired ExecutionTime: 2800000
Fired ExecutionTime: 3600000
Fired ExecutionTime: 2400000
Fired ExecutionTime: 3200000
Fired ExecutionTime: 2400000
Fired ExecutionTime: 2800000
Fired ExecutionTime: 52800000
Fired ExecutionTime: 82800000
Fired ExecutionTime: 99200000
Fired ExecutionTime: 79600000
Fired ExecutionTime: 80000000
Fired ExecutionTime: 90400000
Fired ExecutionTime: 63600000
Fired ExecutionTime: 74400000
1088 ms. Memory: 173056K Free: 139084K (80%)
----------------- Invoking toplevel() on ptolemy.moml.MoMLSimpleApplication@6db112a8
----------------- Done invoking toplevel() on ptolemy.moml.MoMLSimpleApplication@6db112a8
reloadAllAccessors: .MulticoreExecution

===========================================================================================
----------------- testing Mon Dec 30 06:27:21 UTC 2019 /home/travis/build/icyphy/ptII/ptolemy/actor/lib/hoc/test/auto/ParallelExecution.xml
----------------- Instantiating /home/travis/build/icyphy/ptII/ptolemy/actor/lib/hoc/test/auto/ParallelExecution.xml
913 ms. Memory: 173056K Free: 131402K (76%)
----------------- Invoking toplevel() on ptolemy.moml.MoMLSimpleApplication@d98bb75
----------------- Done invoking toplevel() on ptolemy.moml.MoMLSimpleApplication@d98bb75
reloadAllAccessors: .ParallelExecution

===========================================================================================
----------------- testing Mon Dec 30 06:27:22 UTC 2019 /home/travis/build/icyphy/ptII/ptolemy/actor/lib/hoc/test/auto/RunCompositeActor.xml
----------------- Instantiating /home/travis/build/icyphy/ptII/ptolemy/actor/lib/hoc/test/auto/RunCompositeActor.xml
7 ms. Memory: 173056K Free: 124220K (72%)
----------------- Invoking toplevel() on ptolemy.moml.MoMLSimpleApplication@3fb27d2
----------------- Done invoking toplevel() on ptolemy.moml.MoMLSimpleApplication@3fb27d2
reloadAllAccessors: .RunCompositeActor

===========================================================================================
----------------- testing Mon Dec 30 06:27:22 UTC 2019 /home/travis/build/icyphy/ptII/ptolemy/actor/lib/hoc/test/auto/RunCompositeActor2.xml
----------------- Instantiating /home/travis/build/icyphy/ptII/ptolemy/actor/lib/hoc/test/auto/RunCompositeActor2.xml
3 ms. Memory: 173056K Free: 118076K (68%)
----------------- Invoking toplevel() on ptolemy.moml.MoMLSimpleApplication@60685675
----------------- Done invoking toplevel() on ptolemy.moml.MoMLSimpleApplication@60685675
reloadAllAccessors: .RunCompositeActor2

===========================================================================================
----------------- testing Mon Dec 30 06:27:22 UTC 2019 /home/travis/build/icyphy/ptII/ptolemy/actor/lib/hoc/test/auto/RunCompositeActor3.xml
----------------- Instantiating /home/travis/build/icyphy/ptII/ptolemy/actor/lib/hoc/test/auto/RunCompositeActor3.xml
3 ms. Memory: 173056K Free: 112460K (65%)
----------------- Invoking toplevel() on ptolemy.moml.MoMLSimpleApplication@6ee30ed9
----------------- Done invoking toplevel() on ptolemy.moml.MoMLSimpleApplication@6ee30ed9
reloadAllAccessors: .RunCompositeActor3

===========================================================================================
----------------- testing Mon Dec 30 06:27:22 UTC 2019 /home/travis/build/icyphy/ptII/ptolemy/actor/lib/hoc/test/auto/RunCompositeActor4.xml
----------------- Instantiating /home/travis/build/icyphy/ptII/ptolemy/actor/lib/hoc/test/auto/RunCompositeActor4.xml
10 ms. Memory: 173056K Free: 104268K (60%)
----------------- Invoking toplevel() on ptolemy.moml.MoMLSimpleApplication@6237f892
----------------- Done invoking toplevel() on ptolemy.moml.MoMLSimpleApplication@6237f892
reloadAllAccessors: .RunCompositeActor4

===========================================================================================
----------------- testing Mon Dec 30 06:27:22 UTC 2019 /home/travis/build/icyphy/ptII/ptolemy/actor/lib/hoc/test/auto/RunCompositeIterateOverArray.xml
----------------- Instantiating /home/travis/build/icyphy/ptII/ptolemy/actor/lib/hoc/test/auto/RunCompositeIterateOverArray.xml
3 ms. Memory: 173056K Free: 98620K (57%)
----------------- Invoking toplevel() on ptolemy.moml.MoMLSimpleApplication@7f1be62a
----------------- Done invoking toplevel() on ptolemy.moml.MoMLSimpleApplication@7f1be62a
reloadAllAccessors: .RunCompositeIterateOverArray

===========================================================================================
----------------- testing Mon Dec 30 06:27:22 UTC 2019 /home/travis/build/icyphy/ptII/ptolemy/actor/lib/hoc/test/auto/ThreadedJS.xml
----------------- Instantiating /home/travis/build/icyphy/ptII/ptolemy/actor/lib/hoc/test/auto/ThreadedJS.xml
4932 ms. Memory: 249856K Free: 139774K (56%)
----------------- Invoking toplevel() on ptolemy.moml.MoMLSimpleApplication@5ac7a037
----------------- Done invoking toplevel() on ptolemy.moml.MoMLSimpleApplication@5ac7a037
reloadAllAccessors: .ThreadedJS
AutoTests.java: About to close Vertx.
AutoTests.java: Vertx closed.
]]></system-out>
  <system-err><![CDATA[java.lang.RuntimeException: Execution failed
	at ptolemy.moml.MoMLSimpleApplication$UnloadThread.run(MoMLSimpleApplication.java:402)
Caused by: ptolemy.kernel.util.IllegalActionException: initialize() was called after wrapup() was called but preinitialize() was not called after wrapup().
	at ptolemy.actor.lib.hoc.test.PreinitializeMustBeInvoked.initialize(PreinitializeMustBeInvoked.java:78)
	at ptolemy.actor.Director.initialize(Director.java:938)
	at ptolemy.actor.Director.initialize(Director.java:907)
	at ptolemy.actor.sched.StaticSchedulingDirector.initialize(StaticSchedulingDirector.java:159)
	at ptolemy.domains.sdf.kernel.SDFDirector.initialize(SDFDirector.java:544)
	at ptolemy.actor.CompositeActor.initialize(CompositeActor.java:935)
	at ptolemy.actor.lib.hoc.LifeCycleManager._executeInsideModel(LifeCycleManager.java:339)
	at ptolemy.actor.lib.hoc.RunCompositeActor.fire(RunCompositeActor.java:205)
	at ptolemy.actor.CompositeActor.iterate(CompositeActor.java:1146)
	at ptolemy.actor.sched.StaticSchedulingDirector.fire(StaticSchedulingDirector.java:216)
	at ptolemy.domains.sdf.kernel.SDFDirector.fire(SDFDirector.java:500)
	at ptolemy.actor.CompositeActor.fire(CompositeActor.java:455)
	at ptolemy.actor.Manager.iterate(Manager.java:851)
	at ptolemy.actor.Manager.execute(Manager.java:369)
	at ptolemy.actor.Manager.run(Manager.java:1263)
	at ptolemy.actor.Manager$PtolemyRunThread.run(Manager.java:1933)
java.lang.reflect.InvocationTargetException
	at java.base/jdk.internal.reflect.NativeConstructorAccessorImpl.newInstance0(Native Method)
	at java.base/jdk.internal.reflect.NativeConstructorAccessorImpl.newInstance(NativeConstructorAccessorImpl.java:62)
	at java.base/jdk.internal.reflect.DelegatingConstructorAccessorImpl.newInstance(DelegatingConstructorAccessorImpl.java:45)
	at java.base/java.lang.reflect.Constructor.newInstance(Constructor.java:490)
	at ptolemy.util.test.junit.AutoKnownFailedTests.RunModel(AutoKnownFailedTests.java:105)
	at java.base/jdk.internal.reflect.NativeMethodAccessorImpl.invoke0(Native Method)
	at java.base/jdk.internal.reflect.NativeMethodAccessorImpl.invoke(NativeMethodAccessorImpl.java:62)
	at java.base/jdk.internal.reflect.DelegatingMethodAccessorImpl.invoke(DelegatingMethodAccessorImpl.java:43)
	at java.base/java.lang.reflect.Method.invoke(Method.java:566)
	at org.junit.runners.model.FrameworkMethod$1.runReflectiveCall(FrameworkMethod.java:44)
	at org.junit.internal.runners.model.ReflectiveCallable.run(ReflectiveCallable.java:15)
	at org.junit.runners.model.FrameworkMethod.invokeExplosively(FrameworkMethod.java:41)
	at junitparams.internal.InvokeParameterisedMethod.evaluate(InvokeParameterisedMethod.java:102)
	at org.junit.internal.runners.statements.FailOnTimeout$1.run(FailOnTimeout.java:28)
Caused by: ptolemy.kernel.util.IllegalActionException: initialize() was called after wrapup() was called but preinitialize() was not called after wrapup().
	at ptolemy.actor.lib.hoc.test.PreinitializeMustBeInvoked.initialize(PreinitializeMustBeInvoked.java:78)
	at ptolemy.actor.Director.initialize(Director.java:938)
	at ptolemy.actor.Director.initialize(Director.java:907)
	at ptolemy.actor.sched.StaticSchedulingDirector.initialize(StaticSchedulingDirector.java:159)
	at ptolemy.domains.sdf.kernel.SDFDirector.initialize(SDFDirector.java:544)
	at ptolemy.actor.CompositeActor.initialize(CompositeActor.java:935)
	at ptolemy.actor.lib.hoc.LifeCycleManager._executeInsideModel(LifeCycleManager.java:339)
	at ptolemy.actor.lib.hoc.RunCompositeActor.fire(RunCompositeActor.java:205)
	at ptolemy.actor.CompositeActor.iterate(CompositeActor.java:1146)
	at ptolemy.actor.sched.StaticSchedulingDirector.fire(StaticSchedulingDirector.java:216)
	at ptolemy.domains.sdf.kernel.SDFDirector.fire(SDFDirector.java:500)
	at ptolemy.actor.CompositeActor.fire(CompositeActor.java:455)
	at ptolemy.actor.Manager.iterate(Manager.java:851)
	at ptolemy.actor.Manager.execute(Manager.java:369)
	at ptolemy.actor.Manager.run(Manager.java:1263)
	at ptolemy.actor.Manager$PtolemyRunThread.run(Manager.java:1933)
Warning: Nashorn engine is planned to be removed from a future JDK release
Warning: Nashorn engine is planned to be removed from a future JDK release
Warning: Nashorn engine is planned to be removed from a future JDK release
Warning: Nashorn engine is planned to be removed from a future JDK release
Warning: Nashorn engine is planned to be removed from a future JDK release
Warning: Nashorn engine is planned to be removed from a future JDK release
Warning: Nashorn engine is planned to be removed from a future JDK release
Warning: Nashorn engine is planned to be removed from a future JDK release
]]></system-err>
</testsuite>
