<?xml version="1.0" encoding="UTF-8" ?>
<testsuite errors="0" failures="0" hostname="travis-job-c467c5f2-3962-4397-8811-f6923e375e67" name="ptolemy.domains.de.test.junit.JUnitTclTest" skipped="0" tests="101" time="126.467" timestamp="2018-12-19T03:04:34">
  <properties>
[...]
</properties>
  <testcase classname="ptolemy.util.test.junit.TclTests" name="[0] /home/travis/build/icyphy/ptII/ptolemy/domains/de/test/DependencyLoop.tcl (RunTclFile)" time="0.715" />
  <testcase classname="ptolemy.util.test.junit.TclTests" name="[1] /home/travis/build/icyphy/ptII/ptolemy/domains/de/test/RunDETestsAsQSS.tcl (RunTclFile)" time="84.878" />
  <testcase classname="ptolemy.util.test.junit.AutoKnownFailedTests" name="[0] /home/travis/build/icyphy/ptII/ptolemy/domains/de/test/auto/knownFailedTests/DESDFClockTest.xml (RunModel)" time="2.024" />
  <testcase classname="ptolemy.util.test.junit.AutoKnownFailedTests" name="[1] /home/travis/build/icyphy/ptII/ptolemy/domains/de/test/auto/knownFailedTests/DirectFeedback.xml (RunModel)" time="0.021" />
  <testcase classname="ptolemy.util.test.junit.AutoKnownFailedTests" name="[2] /home/travis/build/icyphy/ptII/ptolemy/domains/de/test/auto/knownFailedTests/FSMSource.xml (RunModel)" time="0.03" />
  <testcase classname="ptolemy.util.test.junit.AutoKnownFailedTests" name="[3] /home/travis/build/icyphy/ptII/ptolemy/domains/de/test/auto/knownFailedTests/HierarchicalModel.xml (RunModel)" time="0.042" />
  <testcase classname="ptolemy.util.test.junit.AutoKnownFailedTests" name="[4] /home/travis/build/icyphy/ptII/ptolemy/domains/de/test/auto/knownFailedTests/dependencyLoop.xml (RunModel)" time="0.042" />
  <testcase classname="ptolemy.util.test.junit.AutoKnownFailedTests" name="[5] /home/travis/build/icyphy/ptII/ptolemy/domains/de/test/auto/knownFailedTests/dependencyLoop2.xml (RunModel)" time="0.043" />
  <testcase classname="ptolemy.util.test.junit.AutoNameArchTests" name="[0] ThereAreNoAutoArchTests (RunModel)" time="0.006" />
  <testcase classname="ptolemy.util.test.junit.AutoTests" name="[0] /home/travis/build/icyphy/ptII/ptolemy/domains/de/test/auto/ActorDepthCalculation_actorWithoutPorts.xml (RunModel)" time="0.009" />
  <testcase classname="ptolemy.util.test.junit.AutoTests" name="[1] /home/travis/build/icyphy/ptII/ptolemy/domains/de/test/auto/AssemblyLine.xml (RunModel)" time="0.017" />
  <testcase classname="ptolemy.util.test.junit.AutoTests" name="[2] /home/travis/build/icyphy/ptII/ptolemy/domains/de/test/auto/CQBug1.xml (RunModel)" time="0.01" />
  <testcase classname="ptolemy.util.test.junit.AutoTests" name="[3] /home/travis/build/icyphy/ptII/ptolemy/domains/de/test/auto/CancelFireAt.xml (RunModel)" time="0.009" />
  <testcase classname="ptolemy.util.test.junit.AutoTests" name="[4] /home/travis/build/icyphy/ptII/ptolemy/domains/de/test/auto/CausalityAndComposabilityAnalysis.xml (RunModel)" time="0.009" />
  <testcase classname="ptolemy.util.test.junit.AutoTests" name="[5] /home/travis/build/icyphy/ptII/ptolemy/domains/de/test/auto/CausalityInterface1.xml (RunModel)" time="0.011" />
  <testcase classname="ptolemy.util.test.junit.AutoTests" name="[6] /home/travis/build/icyphy/ptII/ptolemy/domains/de/test/auto/CausalityInterface15.xml (RunModel)" time="0.009" />
  <testcase classname="ptolemy.util.test.junit.AutoTests" name="[7] /home/travis/build/icyphy/ptII/ptolemy/domains/de/test/auto/CausalityInterface2.xml (RunModel)" time="0.01" />
  <testcase classname="ptolemy.util.test.junit.AutoTests" name="[8] /home/travis/build/icyphy/ptII/ptolemy/domains/de/test/auto/CausalityInterface3.xml (RunModel)" time="0.007" />
  <testcase classname="ptolemy.util.test.junit.AutoTests" name="[9] /home/travis/build/icyphy/ptII/ptolemy/domains/de/test/auto/ClockDrift.xml (RunModel)" time="0.043" />
  <testcase classname="ptolemy.util.test.junit.AutoTests" name="[10] /home/travis/build/icyphy/ptII/ptolemy/domains/de/test/auto/ClockDriftAndValueChange.xml (RunModel)" time="0.026" />
  <testcase classname="ptolemy.util.test.junit.AutoTests" name="[11] /home/travis/build/icyphy/ptII/ptolemy/domains/de/test/auto/ClockDriftChange.xml (RunModel)" time="0.022" />
  <testcase classname="ptolemy.util.test.junit.AutoTests" name="[12] /home/travis/build/icyphy/ptII/ptolemy/domains/de/test/auto/ComposableCausalityAnalysis.xml (RunModel)" time="0.012" />
  <testcase classname="ptolemy.util.test.junit.AutoTests" name="[13] /home/travis/build/icyphy/ptII/ptolemy/domains/de/test/auto/DEFixedPointLimitation.xml (RunModel)" time="0.007" />
  <testcase classname="ptolemy.util.test.junit.AutoTests" name="[14] /home/travis/build/icyphy/ptII/ptolemy/domains/de/test/auto/DEScheduleTest.xml (RunModel)" time="0.026" />
  <testcase classname="ptolemy.util.test.junit.AutoTests" name="[15] /home/travis/build/icyphy/ptII/ptolemy/domains/de/test/auto/DEinDEwithStartTimes.xml (RunModel)" time="0.015" />
  <testcase classname="ptolemy.util.test.junit.AutoTests" name="[16] /home/travis/build/icyphy/ptII/ptolemy/domains/de/test/auto/DEinDEwithStartTimes2.xml (RunModel)" time="0.013" />
  <testcase classname="ptolemy.util.test.junit.AutoTests" name="[17] /home/travis/build/icyphy/ptII/ptolemy/domains/de/test/auto/DateDemo.xml (RunModel)" time="0.026" />
  <testcase classname="ptolemy.util.test.junit.AutoTests" name="[18] /home/travis/build/icyphy/ptII/ptolemy/domains/de/test/auto/DateToEvent.xml (RunModel)" time="2.032" />
  <testcase classname="ptolemy.util.test.junit.AutoTests" name="[19] /home/travis/build/icyphy/ptII/ptolemy/domains/de/test/auto/DepthTest1.xml (RunModel)" time="0.007" />
  <testcase classname="ptolemy.util.test.junit.AutoTests" name="[20] /home/travis/build/icyphy/ptII/ptolemy/domains/de/test/auto/DepthTest2.xml (RunModel)" time="0.015" />
  <testcase classname="ptolemy.util.test.junit.AutoTests" name="[21] /home/travis/build/icyphy/ptII/ptolemy/domains/de/test/auto/DepthTest3.xml (RunModel)" time="0.006" />
  <testcase classname="ptolemy.util.test.junit.AutoTests" name="[22] /home/travis/build/icyphy/ptII/ptolemy/domains/de/test/auto/DepthTest4.xml (RunModel)" time="0.012" />
  <testcase classname="ptolemy.util.test.junit.AutoTests" name="[23] /home/travis/build/icyphy/ptII/ptolemy/domains/de/test/auto/DepthTest5.xml (RunModel)" time="0.012" />
  <testcase classname="ptolemy.util.test.junit.AutoTests" name="[24] /home/travis/build/icyphy/ptII/ptolemy/domains/de/test/auto/DepthTest6.xml (RunModel)" time="0.012" />
  <testcase classname="ptolemy.util.test.junit.AutoTests" name="[25] /home/travis/build/icyphy/ptII/ptolemy/domains/de/test/auto/DepthTest7.xml (RunModel)" time="0.011" />
  <testcase classname="ptolemy.util.test.junit.AutoTests" name="[26] /home/travis/build/icyphy/ptII/ptolemy/domains/de/test/auto/EventToDate.xml (RunModel)" time="3.032" />
  <testcase classname="ptolemy.util.test.junit.AutoTests" name="[27] /home/travis/build/icyphy/ptII/ptolemy/domains/de/test/auto/FSM1.xml (RunModel)" time="0.029" />
  <testcase classname="ptolemy.util.test.junit.AutoTests" name="[28] /home/travis/build/icyphy/ptII/ptolemy/domains/de/test/auto/FSM7.xml (RunModel)" time="0.03" />
  <testcase classname="ptolemy.util.test.junit.AutoTests" name="[29] /home/travis/build/icyphy/ptII/ptolemy/domains/de/test/auto/Inspection.xml (RunModel)" time="0.037" />
  <testcase classname="ptolemy.util.test.junit.AutoTests" name="[30] /home/travis/build/icyphy/ptII/ptolemy/domains/de/test/auto/Iteration.xml (RunModel)" time="0.017" />
  <testcase classname="ptolemy.util.test.junit.AutoTests" name="[31] /home/travis/build/icyphy/ptII/ptolemy/domains/de/test/auto/LineFault.xml (RunModel)" time="0.564" />
  <testcase classname="ptolemy.util.test.junit.AutoTests" name="[32] /home/travis/build/icyphy/ptII/ptolemy/domains/de/test/auto/MergeModel1Add.xml (RunModel)" time="0.037" />
  <testcase classname="ptolemy.util.test.junit.AutoTests" name="[33] /home/travis/build/icyphy/ptII/ptolemy/domains/de/test/auto/MergeModel2Add.xml (RunModel)" time="0.034" />
  <testcase classname="ptolemy.util.test.junit.AutoTests" name="[34] /home/travis/build/icyphy/ptII/ptolemy/domains/de/test/auto/MergeModel3Add.xml (RunModel)" time="0.038" />
  <testcase classname="ptolemy.util.test.junit.AutoTests" name="[35] /home/travis/build/icyphy/ptII/ptolemy/domains/de/test/auto/MergeWithoutDiscard.xml (RunModel)" time="0.009" />
  <testcase classname="ptolemy.util.test.junit.AutoTests" name="[36] /home/travis/build/icyphy/ptII/ptolemy/domains/de/test/auto/Modal1.xml (RunModel)" time="0.035" />
  <testcase classname="ptolemy.util.test.junit.AutoTests" name="[37] /home/travis/build/icyphy/ptII/ptolemy/domains/de/test/auto/Modal2.xml (RunModel)" time="0.03" />
  <testcase classname="ptolemy.util.test.junit.AutoTests" name="[38] /home/travis/build/icyphy/ptII/ptolemy/domains/de/test/auto/Modal3.xml (RunModel)" time="0.027" />
  <testcase classname="ptolemy.util.test.junit.AutoTests" name="[39] /home/travis/build/icyphy/ptII/ptolemy/domains/de/test/auto/Modal4.xml (RunModel)" time="0.033" />
  <testcase classname="ptolemy.util.test.junit.AutoTests" name="[40] /home/travis/build/icyphy/ptII/ptolemy/domains/de/test/auto/Modal5.xml (RunModel)" time="0.027" />
  <testcase classname="ptolemy.util.test.junit.AutoTests" name="[41] /home/travis/build/icyphy/ptII/ptolemy/domains/de/test/auto/Modal6.xml (RunModel)" time="0.027" />
  <testcase classname="ptolemy.util.test.junit.AutoTests" name="[42] /home/travis/build/icyphy/ptII/ptolemy/domains/de/test/auto/Modal7.xml (RunModel)" time="0.029" />
  <testcase classname="ptolemy.util.test.junit.AutoTests" name="[43] /home/travis/build/icyphy/ptII/ptolemy/domains/de/test/auto/ModalModel.xml (RunModel)" time="0.18" />
  <testcase classname="ptolemy.util.test.junit.AutoTests" name="[44] /home/travis/build/icyphy/ptII/ptolemy/domains/de/test/auto/ModalSource.xml (RunModel)" time="0.018" />
  <testcase classname="ptolemy.util.test.junit.AutoTests" name="[45] /home/travis/build/icyphy/ptII/ptolemy/domains/de/test/auto/NonInterruptibleTimerZeroDelay.xml (RunModel)" time="0.01" />
  <testcase classname="ptolemy.util.test.junit.AutoTests" name="[46] /home/travis/build/icyphy/ptII/ptolemy/domains/de/test/auto/OpenQueueingNetwork.xml (RunModel)" time="2.239" />
  <testcase classname="ptolemy.util.test.junit.AutoTests" name="[47] /home/travis/build/icyphy/ptII/ptolemy/domains/de/test/auto/OpenQueuingNetwork.xml (RunModel)" time="0.267" />
  <testcase classname="ptolemy.util.test.junit.AutoTests" name="[48] /home/travis/build/icyphy/ptII/ptolemy/domains/de/test/auto/PeriodicSampler.xml (RunModel)" time="0.01" />
  <testcase classname="ptolemy.util.test.junit.AutoTests" name="[49] /home/travis/build/icyphy/ptII/ptolemy/domains/de/test/auto/PersistentIO.xml (RunModel)" time="0.017" />
  <testcase classname="ptolemy.util.test.junit.AutoTests" name="[50] /home/travis/build/icyphy/ptII/ptolemy/domains/de/test/auto/PortParameterResetOnInitialize.xml (RunModel)" time="0.008" />
  <testcase classname="ptolemy.util.test.junit.AutoTests" name="[51] /home/travis/build/icyphy/ptII/ptolemy/domains/de/test/auto/PortParameterUpdates.xml (RunModel)" time="0.013" />
  <testcase classname="ptolemy.util.test.junit.AutoTests" name="[52] /home/travis/build/icyphy/ptII/ptolemy/domains/de/test/auto/QueueAndServer.xml (RunModel)" time="0.017" />
  <testcase classname="ptolemy.util.test.junit.AutoTests" name="[53] /home/travis/build/icyphy/ptII/ptolemy/domains/de/test/auto/Records.xml (RunModel)" time="0.012" />
  <testcase classname="ptolemy.util.test.junit.AutoTests" name="[54] /home/travis/build/icyphy/ptII/ptolemy/domains/de/test/auto/ResetTransitionWithStartTime1.xml (RunModel)" time="0.016" />
  <testcase classname="ptolemy.util.test.junit.AutoTests" name="[55] /home/travis/build/icyphy/ptII/ptolemy/domains/de/test/auto/ResetTransitionWithStartTime2.xml (RunModel)" time="0.016" />
  <testcase classname="ptolemy.util.test.junit.AutoTests" name="[56] /home/travis/build/icyphy/ptII/ptolemy/domains/de/test/auto/ResetTransitionWithStartTime3.xml (RunModel)" time="0.016" />
  <testcase classname="ptolemy.util.test.junit.AutoTests" name="[57] /home/travis/build/icyphy/ptII/ptolemy/domains/de/test/auto/ResetTransitionWithStartTime4.xml (RunModel)" time="0.016" />
  <testcase classname="ptolemy.util.test.junit.AutoTests" name="[58] /home/travis/build/icyphy/ptII/ptolemy/domains/de/test/auto/ResettableTimer1.xml (RunModel)" time="0.009" />
  <testcase classname="ptolemy.util.test.junit.AutoTests" name="[59] /home/travis/build/icyphy/ptII/ptolemy/domains/de/test/auto/ResettableTimer2.xml (RunModel)" time="0.008" />
  <testcase classname="ptolemy.util.test.junit.AutoTests" name="[60] /home/travis/build/icyphy/ptII/ptolemy/domains/de/test/auto/ResettableTimer3.xml (RunModel)" time="0.008" />
  <testcase classname="ptolemy.util.test.junit.AutoTests" name="[61] /home/travis/build/icyphy/ptII/ptolemy/domains/de/test/auto/ResettableTimer4.xml (RunModel)" time="0.008" />
  <testcase classname="ptolemy.util.test.junit.AutoTests" name="[62] /home/travis/build/icyphy/ptII/ptolemy/domains/de/test/auto/ResettableTimer5.xml (RunModel)" time="0.009" />
  <testcase classname="ptolemy.util.test.junit.AutoTests" name="[63] /home/travis/build/icyphy/ptII/ptolemy/domains/de/test/auto/ResettableTimer6.xml (RunModel)" time="0.01" />
  <testcase classname="ptolemy.util.test.junit.AutoTests" name="[64] /home/travis/build/icyphy/ptII/ptolemy/domains/de/test/auto/ServerZeroDelay.xml (RunModel)" time="0.01" />
  <testcase classname="ptolemy.util.test.junit.AutoTests" name="[65] /home/travis/build/icyphy/ptII/ptolemy/domains/de/test/auto/SmartSender.xml (RunModel)" time="3.007" />
  <testcase classname="ptolemy.util.test.junit.AutoTests" name="[66] /home/travis/build/icyphy/ptII/ptolemy/domains/de/test/auto/ThreadedComposite.xml (RunModel)" time="1.537" />
  <testcase classname="ptolemy.util.test.junit.AutoTests" name="[67] /home/travis/build/icyphy/ptII/ptolemy/domains/de/test/auto/Time.xml (RunModel)" time="0.428" />
  <testcase classname="ptolemy.util.test.junit.AutoTests" name="[68] /home/travis/build/icyphy/ptII/ptolemy/domains/de/test/auto/TimeDelayZeroDelay.xml (RunModel)" time="0.011" />
  <testcase classname="ptolemy.util.test.junit.AutoTests" name="[69] /home/travis/build/icyphy/ptII/ptolemy/domains/de/test/auto/TimerZeroDelay.xml (RunModel)" time="0.009" />
  <testcase classname="ptolemy.util.test.junit.AutoTests" name="[70] /home/travis/build/icyphy/ptII/ptolemy/domains/de/test/auto/TimingParadox.xml (RunModel)" time="0.337" />
  <testcase classname="ptolemy.util.test.junit.AutoTests" name="[71] /home/travis/build/icyphy/ptII/ptolemy/domains/de/test/auto/TransferInputs.xml (RunModel)" time="0.008" />
  <testcase classname="ptolemy.util.test.junit.AutoTests" name="[72] /home/travis/build/icyphy/ptII/ptolemy/domains/de/test/auto/TransferOutputs2.xml (RunModel)" time="0.019" />
  <testcase classname="ptolemy.util.test.junit.AutoTests" name="[73] /home/travis/build/icyphy/ptII/ptolemy/domains/de/test/auto/Trilateration.xml (RunModel)" time="11.622" />
  <testcase classname="ptolemy.util.test.junit.AutoTests" name="[74] /home/travis/build/icyphy/ptII/ptolemy/domains/de/test/auto/TwoSigmaDelta.xml (RunModel)" time="1.896" />
  <testcase classname="ptolemy.util.test.junit.AutoTests" name="[75] /home/travis/build/icyphy/ptII/ptolemy/domains/de/test/auto/VariableDelay.xml (RunModel)" time="0.009" />
  <testcase classname="ptolemy.util.test.junit.AutoTests" name="[76] /home/travis/build/icyphy/ptII/ptolemy/domains/de/test/auto/VariableDelay2.xml (RunModel)" time="0.008" />
  <testcase classname="ptolemy.util.test.junit.AutoTests" name="[77] /home/travis/build/icyphy/ptII/ptolemy/domains/de/test/auto/VariableDelayZeroDelay.xml (RunModel)" time="0.009" />
  <testcase classname="ptolemy.util.test.junit.AutoTests" name="[78] /home/travis/build/icyphy/ptII/ptolemy/domains/de/test/auto/VariableDelayZeroDelay2.xml (RunModel)" time="0.009" />
  <testcase classname="ptolemy.util.test.junit.AutoTests" name="[79] /home/travis/build/icyphy/ptII/ptolemy/domains/de/test/auto/deInCt.xml (RunModel)" time="0.016" />
  <testcase classname="ptolemy.util.test.junit.AutoTests" name="[80] /home/travis/build/icyphy/ptII/ptolemy/domains/de/test/auto/deInCt2.xml (RunModel)" time="0.014" />
  <testcase classname="ptolemy.util.test.junit.AutoTests" name="[81] /home/travis/build/icyphy/ptII/ptolemy/domains/de/test/auto/dynamicCausalityInterface1.xml (RunModel)" time="0.017" />
  <testcase classname="ptolemy.util.test.junit.AutoTests" name="[82] /home/travis/build/icyphy/ptII/ptolemy/domains/de/test/auto/fsm_de_test.xml (RunModel)" time="0.019" />
  <testcase classname="ptolemy.util.test.junit.AutoTests" name="[83] /home/travis/build/icyphy/ptII/ptolemy/domains/de/test/auto/functionDependencyReconstruction.xml (RunModel)" time="0.033" />
  <testcase classname="ptolemy.util.test.junit.AutoTests" name="[84] /home/travis/build/icyphy/ptII/ptolemy/domains/de/test/auto/multirate.xml (RunModel)" time="0.014" />
  <testcase classname="ptolemy.util.test.junit.AutoTests" name="[85] /home/travis/build/icyphy/ptII/ptolemy/domains/de/test/auto/multirate2.xml (RunModel)" time="0.013" />
  <testcase classname="ptolemy.util.test.junit.AutoTests" name="[86] /home/travis/build/icyphy/ptII/ptolemy/domains/de/test/auto/realtime.xml (RunModel)" time="10.01" />
  <testcase classname="ptolemy.util.test.junit.AutoTests" name="[87] /home/travis/build/icyphy/ptII/ptolemy/domains/de/test/auto/relationGroup.xml (RunModel)" time="0.008" />
  <testcase classname="ptolemy.util.test.junit.AutoTests" name="[88] /home/travis/build/icyphy/ptII/ptolemy/domains/de/test/auto/relationGroup2.xml (RunModel)" time="0.007" />
  <testcase classname="ptolemy.util.test.junit.AutoTests" name="[89] /home/travis/build/icyphy/ptII/ptolemy/domains/de/test/auto/sortWithOpaquePorts.xml (RunModel)" time="0.009" />
  <testcase classname="ptolemy.util.test.junit.AutoTests" name="[90] /home/travis/build/icyphy/ptII/ptolemy/domains/de/test/auto/transferInputsandOutputs.xml (RunModel)" time="0.015" />
  <testcase classname="ptolemy.util.test.junit.AutoTests" name="[91] /home/travis/build/icyphy/ptII/ptolemy/domains/de/test/auto/triggerType.xml (RunModel)" time="0.008" />
  <system-out><![CDATA[/home/travis/build/icyphy/ptII/ptolemy/domains/de/test/DependencyLoop.tcl
testDefs.tcl: setting time out to 9000 seconds at Wed Dec 19 03:04:34 UTC 2018
20 ms. Memory: 116224K Free: 93928K (81%)
11 ms. Memory: 146944K Free: 135463K (92%)
/home/travis/build/icyphy/ptII/ptolemy/domains/de/test/RunDETestsAsQSS.tcl
Run the DE tests using ptolemy.domains.qss.test.QSSDirectorTest, which extends QSSDirector and prints a message in the constructors.
------------------ testing $PTII/ptolemy/domains/de/test/auto/knownFailedTests/dependencyLoop.xml (Known Failure) 
22 ms. Memory: 146944K Free: 132351K (90%)


==== $PTIIhome/travis/build/icyphy/ptII/ptolemy/domains/de/test/../../../../: Auto Automatic test in file $PTII/ptolemy/domains/de/test/auto/knownFailedTests/dependencyLoop.xml
==== Contents of test case:

	    # FIXME: we should use $relativeFilename here, but it
	    # might have backslashes under Windows, which causes no end
	    # of trouble.
	    createAndExecute $file
	    list {}
	
.... Test generated KNOWN error:
    while executing
ptolemy.kernel.util.IllegalActionException: Found a zero delay loop containing .dependencyLoop.original
  in .dependencyLoop and .dependencyLoop.original
	at ptolemy.actor.util.CausalityInterfaceForComposites._computeOutputPortDepth(CausalityInterfaceForComposites.java:759)
	at ptolemy.actor.util.CausalityInterfaceForComposites._computeInputDepth(CausalityInterfaceForComposites.java:696)
	at ptolemy.actor.util.CausalityInterfaceForComposites._computeOutputPortDepth(CausalityInterfaceForComposites.java:765)
	at ptolemy.actor.util.CausalityInterfaceForComposites._computeInputDepth(CausalityInterfaceForComposites.java:696)
	at ptolemy.actor.util.CausalityInterfaceForComposites._computeOutputPortDepth(CausalityInterfaceForComposites.java:765)
	at ptolemy.actor.util.CausalityInterfaceForComposites._computeInputDepth(CausalityInterfaceForComposites.java:696)
	at ptolemy.actor.util.CausalityInterfaceForComposites._computeActorDepth(CausalityInterfaceForComposites.java:532)
	at ptolemy.actor.util.CausalityInterfaceForComposites.checkForCycles(CausalityInterfaceForComposites.java:96)
	at ptolemy.domains.de.kernel.DEDirector.preinitialize(DEDirector.java:1338)
	at ptolemy.actor.CompositeActor.preinitialize(CompositeActor.java:1828)
	at ptolemy.actor.Manager.preinitializeAndResolveTypes(Manager.java:1040)
	at ptolemy.actor.Manager.initialize(Manager.java:710)
	at ptolemy.actor.Manager.execute(Manager.java:356)
	at ptolemy.actor.Manager.run(Manager.java:1263)
	at ptolemy.actor.Manager$PtolemyRunThread.run(Manager.java:1915)

    while executing
ptolemy.kernel.util.IllegalActionException: Found a zero delay loop containing .dependencyLoop.original
  in .dependencyLoop and .dependencyLoop.original
    while executing
"java::new ptolemy.moml.MoMLSimpleApplication $file
"
    (procedure "createAndExecute" line 2)
    invoked from within
"createAndExecute $file"
    ("uplevel" body line 5)
    invoked from within
"uplevel $contents_of_test"
------------------ testing $PTII/ptolemy/domains/de/test/auto/knownFailedTests/DESDFClockTest.xml (Known Failure) 
2049 ms. Memory: 146944K Free: 116531K (79%)


==== $PTIIhome/travis/build/icyphy/ptII/ptolemy/domains/de/test/../../../../: Auto Automatic test in file $PTII/ptolemy/domains/de/test/auto/knownFailedTests/DESDFClockTest.xml
==== Contents of test case:

	    # FIXME: we should use $relativeFilename here, but it
	    # might have backslashes under Windows, which causes no end
	    # of trouble.
	    createAndExecute $file
	    list {}
	
.... Test generated KNOWN error:
    while executing
ptolemy.kernel.util.IllegalActionException: Actor is not ready to fire.  Perhaps UpSample.prefire() returned false? Try debugging the actor by selecting "Listen to Actor".  Also, for SDF check moml for tokenConsumptionRate on input.
  in .DESDFClockTest.Play Bell.Copy1:SDF Director and .DESDFClockTest.Play Bell.UpSample
	at ptolemy.actor.sched.StaticSchedulingDirector.fire(StaticSchedulingDirector.java:227)
	at ptolemy.domains.sdf.kernel.SDFDirector.fire(SDFDirector.java:500)
	at ptolemy.actor.CompositeActor.fire(CompositeActor.java:455)
	at ptolemy.domains.de.kernel.DEDirector._fire(DEDirector.java:1949)
	at ptolemy.domains.de.kernel.DEDirector.fire(DEDirector.java:502)
	at ptolemy.actor.CompositeActor.fire(CompositeActor.java:455)
	at ptolemy.actor.Manager.iterate(Manager.java:851)
	at ptolemy.actor.Manager.execute(Manager.java:369)
	at ptolemy.actor.Manager.run(Manager.java:1263)
	at ptolemy.actor.Manager$PtolemyRunThread.run(Manager.java:1915)

    while executing
ptolemy.kernel.util.IllegalActionException: Actor is not ready to fire.  Perhaps UpSample.prefire() returned false? Try debugging the actor by selecting "Listen to Actor".  Also, for SDF check moml for tokenConsumptionRate on input.
  in .DESDFClockTest.Play Bell.Copy1:SDF Director and .DESDFClockTest.Play Bell.UpSample
    while executing
"java::new ptolemy.moml.MoMLSimpleApplication $file
"
    (procedure "createAndExecute" line 2)
    invoked from within
"createAndExecute $file"
    ("uplevel" body line 5)
    invoked from within
"uplevel $contents_of_test"
------------------ testing $PTII/ptolemy/domains/de/test/auto/knownFailedTests/FSMSource.xml (Known Failure) 
36 ms. Memory: 146944K Free: 107465K (73%)
!!!! Auto was marked as failing, but now passes
------------------ testing $PTII/ptolemy/domains/de/test/auto/knownFailedTests/dependencyLoop2.xml (Known Failure) 
6 ms. Memory: 146944K Free: 105582K (72%)


==== $PTIIhome/travis/build/icyphy/ptII/ptolemy/domains/de/test/../../../../: Auto Automatic test in file $PTII/ptolemy/domains/de/test/auto/knownFailedTests/dependencyLoop2.xml
==== Contents of test case:

	    # FIXME: we should use $relativeFilename here, but it
	    # might have backslashes under Windows, which causes no end
	    # of trouble.
	    createAndExecute $file
	    list {}
	
.... Test generated KNOWN error:
    while executing
ptolemy.kernel.util.IllegalActionException: Found a zero delay loop containing .dependencyLoop2.original
  in .dependencyLoop2 and .dependencyLoop2.original
	at ptolemy.actor.util.CausalityInterfaceForComposites._computeOutputPortDepth(CausalityInterfaceForComposites.java:759)
	at ptolemy.actor.util.CausalityInterfaceForComposites._computeInputDepth(CausalityInterfaceForComposites.java:696)
	at ptolemy.actor.util.CausalityInterfaceForComposites._computeOutputPortDepth(CausalityInterfaceForComposites.java:765)
	at ptolemy.actor.util.CausalityInterfaceForComposites._computeInputDepth(CausalityInterfaceForComposites.java:696)
	at ptolemy.actor.util.CausalityInterfaceForComposites._computeOutputPortDepth(CausalityInterfaceForComposites.java:765)
	at ptolemy.actor.util.CausalityInterfaceForComposites._computeInputDepth(CausalityInterfaceForComposites.java:696)
	at ptolemy.actor.util.CausalityInterfaceForComposites._computeActorDepth(CausalityInterfaceForComposites.java:532)
	at ptolemy.actor.util.CausalityInterfaceForComposites.checkForCycles(CausalityInterfaceForComposites.java:96)
	at ptolemy.domains.de.kernel.DEDirector.preinitialize(DEDirector.java:1338)
	at ptolemy.actor.CompositeActor.preinitialize(CompositeActor.java:1828)
	at ptolemy.actor.Manager.preinitializeAndResolveTypes(Manager.java:1040)
	at ptolemy.actor.Manager.initialize(Manager.java:710)
	at ptolemy.actor.Manager.execute(Manager.java:356)
	at ptolemy.actor.Manager.run(Manager.java:1263)
	at ptolemy.actor.Manager$PtolemyRunThread.run(Manager.java:1915)

    while executing
ptolemy.kernel.util.IllegalActionException: Found a zero delay loop containing .dependencyLoop2.original
  in .dependencyLoop2 and .dependencyLoop2.original
    while executing
"java::new ptolemy.moml.MoMLSimpleApplication $file
"
    (procedure "createAndExecute" line 2)
    invoked from within
"createAndExecute $file"
    ("uplevel" body line 5)
    invoked from within
"uplevel $contents_of_test"
------------------ testing $PTII/ptolemy/domains/de/test/auto/knownFailedTests/HierarchicalModel.xml (Known Failure) 
9 ms. Memory: 146944K Free: 85076K (58%)


==== $PTIIhome/travis/build/icyphy/ptII/ptolemy/domains/de/test/../../../../: Auto Automatic test in file $PTII/ptolemy/domains/de/test/auto/knownFailedTests/HierarchicalModel.xml
==== Contents of test case:

	    # FIXME: we should use $relativeFilename here, but it
	    # might have backslashes under Windows, which causes no end
	    # of trouble.
	    createAndExecute $file
	    list {}
	
.... Test generated KNOWN error:
    while executing
ptolemy.kernel.util.IllegalActionException: Found a zero delay loop containing .HierarchicalModel.A
  in .HierarchicalModel and .HierarchicalModel.A
	at ptolemy.actor.util.CausalityInterfaceForComposites._computeOutputPortDepth(CausalityInterfaceForComposites.java:759)
	at ptolemy.actor.util.CausalityInterfaceForComposites._computeInputDepth(CausalityInterfaceForComposites.java:696)
	at ptolemy.actor.util.CausalityInterfaceForComposites._computeOutputPortDepth(CausalityInterfaceForComposites.java:765)
	at ptolemy.actor.util.CausalityInterfaceForComposites._computeInputDepth(CausalityInterfaceForComposites.java:696)
	at ptolemy.actor.util.CausalityInterfaceForComposites._computeOutputPortDepth(CausalityInterfaceForComposites.java:765)
	at ptolemy.actor.util.CausalityInterfaceForComposites._computeInputDepth(CausalityInterfaceForComposites.java:696)
	at ptolemy.actor.util.CausalityInterfaceForComposites._computeActorDepth(CausalityInterfaceForComposites.java:532)
	at ptolemy.actor.util.CausalityInterfaceForComposites.checkForCycles(CausalityInterfaceForComposites.java:96)
	at ptolemy.domains.de.kernel.DEDirector.preinitialize(DEDirector.java:1338)
	at ptolemy.actor.CompositeActor.preinitialize(CompositeActor.java:1828)
	at ptolemy.actor.Manager.preinitializeAndResolveTypes(Manager.java:1040)
	at ptolemy.actor.Manager.initialize(Manager.java:710)
	at ptolemy.actor.Manager.execute(Manager.java:356)
	at ptolemy.actor.Manager.run(Manager.java:1263)
	at ptolemy.actor.Manager$PtolemyRunThread.run(Manager.java:1915)

    while executing
ptolemy.kernel.util.IllegalActionException: Found a zero delay loop containing .HierarchicalModel.A
  in .HierarchicalModel and .HierarchicalModel.A
    while executing
"java::new ptolemy.moml.MoMLSimpleApplication $file
"
    (procedure "createAndExecute" line 2)
    invoked from within
"createAndExecute $file"
    ("uplevel" body line 5)
    invoked from within
"uplevel $contents_of_test"
------------------ testing $PTII/ptolemy/domains/de/test/auto/knownFailedTests/DirectFeedback.xml (Known Failure) 
4 ms. Memory: 146944K Free: 141433K (96%)


==== $PTIIhome/travis/build/icyphy/ptII/ptolemy/domains/de/test/../../../../: Auto Automatic test in file $PTII/ptolemy/domains/de/test/auto/knownFailedTests/DirectFeedback.xml
==== Contents of test case:

	    # FIXME: we should use $relativeFilename here, but it
	    # might have backslashes under Windows, which causes no end
	    # of trouble.
	    createAndExecute $file
	    list {}
	
.... Test generated KNOWN error:
    while executing
ptolemy.kernel.util.IllegalActionException: Test fails in iteration 1.
Value was: 1.0. Should have been: 2.0
  in .DirectFeedback.Test
	at ptolemy.actor.lib.Test.fire(Test.java:268)
	at ptolemy.domains.de.kernel.DEDirector._fire(DEDirector.java:1949)
	at ptolemy.domains.de.kernel.DEDirector.fire(DEDirector.java:502)
	at ptolemy.actor.CompositeActor.fire(CompositeActor.java:455)
	at ptolemy.actor.Manager.iterate(Manager.java:851)
	at ptolemy.actor.Manager.execute(Manager.java:369)
	at ptolemy.actor.Manager.run(Manager.java:1263)
	at ptolemy.actor.Manager$PtolemyRunThread.run(Manager.java:1915)

    while executing
ptolemy.kernel.util.IllegalActionException: Test fails in iteration 1.
Value was: 1.0. Should have been: 2.0
  in .DirectFeedback.Test
    while executing
"java::new ptolemy.moml.MoMLSimpleApplication $file
"
    (procedure "createAndExecute" line 2)
    invoked from within
"createAndExecute $file"
    ("uplevel" body line 5)
    invoked from within
"uplevel $contents_of_test"
------------------ testing $PTII/ptolemy/domains/de/test/auto/ActorDepthCalculation_actorWithoutPorts.xml
auto.tcl: Setting watchdog for 200 seconds at Wed Dec 19 03:04:37 UTC 2018
12 ms. Memory: 146944K Free: 133490K (91%)
ptolemy.util.test.WatchDog.cancel(): canceling Wed Dec 19 03:04:37 UTC 2018
auto.tcl: Setting watchdog for 200 seconds at Wed Dec 19 03:04:37 UTC 2018
4 ms. Memory: 146944K Free: 131399K (89%)
ptolemy.util.test.WatchDog.cancel(): canceling Wed Dec 19 03:04:37 UTC 2018
------------------ testing $PTII/ptolemy/domains/de/test/auto/AssemblyLine.xml
auto.tcl: Setting watchdog for 200 seconds at Wed Dec 19 03:04:38 UTC 2018
12 ms. Memory: 208384K Free: 182795K (88%)
ptolemy.util.test.WatchDog.cancel(): canceling Wed Dec 19 03:04:38 UTC 2018
auto.tcl: Setting watchdog for 200 seconds at Wed Dec 19 03:04:38 UTC 2018
7 ms. Memory: 208384K Free: 182795K (88%)
ptolemy.util.test.WatchDog.cancel(): canceling Wed Dec 19 03:04:38 UTC 2018
------------------ testing $PTII/ptolemy/domains/de/test/auto/CQBug1.xml
auto.tcl: Setting watchdog for 200 seconds at Wed Dec 19 03:04:38 UTC 2018
5 ms. Memory: 208384K Free: 197688K (95%)
ptolemy.util.test.WatchDog.cancel(): canceling Wed Dec 19 03:04:38 UTC 2018
auto.tcl: Setting watchdog for 200 seconds at Wed Dec 19 03:04:38 UTC 2018
2 ms. Memory: 208384K Free: 197688K (95%)
ptolemy.util.test.WatchDog.cancel(): canceling Wed Dec 19 03:04:38 UTC 2018
------------------ testing $PTII/ptolemy/domains/de/test/auto/CancelFireAt.xml
auto.tcl: Setting watchdog for 200 seconds at Wed Dec 19 03:04:38 UTC 2018
10 ms. Memory: 208384K Free: 201417K (97%)
ptolemy.util.test.WatchDog.cancel(): canceling Wed Dec 19 03:04:38 UTC 2018
auto.tcl: Setting watchdog for 200 seconds at Wed Dec 19 03:04:38 UTC 2018
8 ms. Memory: 208384K Free: 199308K (96%)
ptolemy.util.test.WatchDog.cancel(): canceling Wed Dec 19 03:04:38 UTC 2018
------------------ testing $PTII/ptolemy/domains/de/test/auto/CausalityAndComposabilityAnalysis.xml
auto.tcl: Setting watchdog for 200 seconds at Wed Dec 19 03:04:38 UTC 2018
12 ms. Memory: 208384K Free: 196798K (94%)
ptolemy.util.test.WatchDog.cancel(): canceling Wed Dec 19 03:04:38 UTC 2018
auto.tcl: Setting watchdog for 200 seconds at Wed Dec 19 03:04:38 UTC 2018
9 ms. Memory: 208384K Free: 196798K (94%)
ptolemy.util.test.WatchDog.cancel(): canceling Wed Dec 19 03:04:38 UTC 2018
------------------ testing $PTII/ptolemy/domains/de/test/auto/CausalityInterface1.xml
auto.tcl: Setting watchdog for 200 seconds at Wed Dec 19 03:04:38 UTC 2018
14 ms. Memory: 208384K Free: 196398K (94%)
ptolemy.util.test.WatchDog.cancel(): canceling Wed Dec 19 03:04:38 UTC 2018
auto.tcl: Setting watchdog for 200 seconds at Wed Dec 19 03:04:38 UTC 2018
4 ms. Memory: 208384K Free: 196398K (94%)
ptolemy.util.test.WatchDog.cancel(): canceling Wed Dec 19 03:04:38 UTC 2018
------------------ testing $PTII/ptolemy/domains/de/test/auto/CausalityInterface15.xml
auto.tcl: Setting watchdog for 200 seconds at Wed Dec 19 03:04:38 UTC 2018
9 ms. Memory: 208384K Free: 196388K (94%)
ptolemy.util.test.WatchDog.cancel(): canceling Wed Dec 19 03:04:38 UTC 2018
auto.tcl: Setting watchdog for 200 seconds at Wed Dec 19 03:04:38 UTC 2018
7 ms. Memory: 208384K Free: 196388K (94%)
ptolemy.util.test.WatchDog.cancel(): canceling Wed Dec 19 03:04:38 UTC 2018
------------------ testing $PTII/ptolemy/domains/de/test/auto/CausalityInterface2.xml
auto.tcl: Setting watchdog for 200 seconds at Wed Dec 19 03:04:38 UTC 2018
3 ms. Memory: 208384K Free: 196370K (94%)
ptolemy.util.test.WatchDog.cancel(): canceling Wed Dec 19 03:04:38 UTC 2018
auto.tcl: Setting watchdog for 200 seconds at Wed Dec 19 03:04:38 UTC 2018
2 ms. Memory: 208384K Free: 196370K (94%)
ptolemy.util.test.WatchDog.cancel(): canceling Wed Dec 19 03:04:38 UTC 2018
------------------ testing $PTII/ptolemy/domains/de/test/auto/CausalityInterface3.xml
auto.tcl: Setting watchdog for 200 seconds at Wed Dec 19 03:04:39 UTC 2018
5 ms. Memory: 208384K Free: 196383K (94%)
ptolemy.util.test.WatchDog.cancel(): canceling Wed Dec 19 03:04:39 UTC 2018
auto.tcl: Setting watchdog for 200 seconds at Wed Dec 19 03:04:39 UTC 2018
3 ms. Memory: 208384K Free: 196383K (94%)
ptolemy.util.test.WatchDog.cancel(): canceling Wed Dec 19 03:04:39 UTC 2018
------------------ testing $PTII/ptolemy/domains/de/test/auto/ClockDrift.xml
auto.tcl: Setting watchdog for 200 seconds at Wed Dec 19 03:04:39 UTC 2018
92 ms. Memory: 208384K Free: 187588K (90%)
ptolemy.util.test.WatchDog.cancel(): canceling Wed Dec 19 03:04:39 UTC 2018
auto.tcl: Setting watchdog for 200 seconds at Wed Dec 19 03:04:39 UTC 2018
45 ms. Memory: 208384K Free: 185480K (89%)
ptolemy.util.test.WatchDog.cancel(): canceling Wed Dec 19 03:04:39 UTC 2018
------------------ testing $PTII/ptolemy/domains/de/test/auto/ClockDriftAndValueChange.xml
auto.tcl: Setting watchdog for 200 seconds at Wed Dec 19 03:04:39 UTC 2018
43 ms. Memory: 208384K Free: 187421K (90%)
ptolemy.util.test.WatchDog.cancel(): canceling Wed Dec 19 03:04:39 UTC 2018
auto.tcl: Setting watchdog for 200 seconds at Wed Dec 19 03:04:39 UTC 2018
24 ms. Memory: 208384K Free: 185312K (89%)
ptolemy.util.test.WatchDog.cancel(): canceling Wed Dec 19 03:04:39 UTC 2018
------------------ testing $PTII/ptolemy/domains/de/test/auto/ClockDriftChange.xml
auto.tcl: Setting watchdog for 200 seconds at Wed Dec 19 03:04:39 UTC 2018
20 ms. Memory: 208384K Free: 190752K (92%)
ptolemy.util.test.WatchDog.cancel(): canceling Wed Dec 19 03:04:39 UTC 2018
auto.tcl: Setting watchdog for 200 seconds at Wed Dec 19 03:04:39 UTC 2018
25 ms. Memory: 208384K Free: 188644K (91%)
ptolemy.util.test.WatchDog.cancel(): canceling Wed Dec 19 03:04:39 UTC 2018
------------------ testing $PTII/ptolemy/domains/de/test/auto/ComposableCausalityAnalysis.xml
auto.tcl: Setting watchdog for 200 seconds at Wed Dec 19 03:04:39 UTC 2018
1 ms. Memory: 208384K Free: 196236K (94%)
ptolemy.util.test.WatchDog.cancel(): canceling Wed Dec 19 03:04:39 UTC 2018
auto.tcl: Setting watchdog for 200 seconds at Wed Dec 19 03:04:39 UTC 2018
2 ms. Memory: 208384K Free: 194128K (93%)
ptolemy.util.test.WatchDog.cancel(): canceling Wed Dec 19 03:04:39 UTC 2018
------------------ testing $PTII/ptolemy/domains/de/test/auto/DEFixedPointLimitation.xml
auto.tcl: Setting watchdog for 200 seconds at Wed Dec 19 03:04:39 UTC 2018
2 ms. Memory: 208384K Free: 196317K (94%)
ptolemy.util.test.WatchDog.cancel(): canceling Wed Dec 19 03:04:39 UTC 2018
auto.tcl: Setting watchdog for 200 seconds at Wed Dec 19 03:04:39 UTC 2018
1 ms. Memory: 208384K Free: 196317K (94%)
ptolemy.util.test.WatchDog.cancel(): canceling Wed Dec 19 03:04:39 UTC 2018
------------------ testing $PTII/ptolemy/domains/de/test/auto/DEScheduleTest.xml
auto.tcl: Setting watchdog for 200 seconds at Wed Dec 19 03:04:39 UTC 2018
3 ms. Memory: 208384K Free: 198462K (95%)
ptolemy.util.test.WatchDog.cancel(): canceling Wed Dec 19 03:04:39 UTC 2018
auto.tcl: Setting watchdog for 200 seconds at Wed Dec 19 03:04:39 UTC 2018
3 ms. Memory: 208384K Free: 196353K (94%)
ptolemy.util.test.WatchDog.cancel(): canceling Wed Dec 19 03:04:39 UTC 2018
------------------ testing $PTII/ptolemy/domains/de/test/auto/DEinDEwithStartTimes.xml
auto.tcl: Setting watchdog for 200 seconds at Wed Dec 19 03:04:39 UTC 2018
8 ms. Memory: 208384K Free: 196323K (94%)
ptolemy.util.test.WatchDog.cancel(): canceling Wed Dec 19 03:04:39 UTC 2018
auto.tcl: Setting watchdog for 200 seconds at Wed Dec 19 03:04:39 UTC 2018
3 ms. Memory: 208384K Free: 194214K (93%)
ptolemy.util.test.WatchDog.cancel(): canceling Wed Dec 19 03:04:39 UTC 2018
------------------ testing $PTII/ptolemy/domains/de/test/auto/DEinDEwithStartTimes2.xml
auto.tcl: Setting watchdog for 200 seconds at Wed Dec 19 03:04:40 UTC 2018
6 ms. Memory: 208384K Free: 196640K (94%)
ptolemy.util.test.WatchDog.cancel(): canceling Wed Dec 19 03:04:40 UTC 2018
auto.tcl: Setting watchdog for 200 seconds at Wed Dec 19 03:04:40 UTC 2018
3 ms. Memory: 208384K Free: 194193K (93%)
ptolemy.util.test.WatchDog.cancel(): canceling Wed Dec 19 03:04:40 UTC 2018
------------------ testing $PTII/ptolemy/domains/de/test/auto/DateDemo.xml
auto.tcl: Setting watchdog for 200 seconds at Wed Dec 19 03:04:40 UTC 2018
8 ms. Memory: 208384K Free: 188705K (91%)
ptolemy.util.test.WatchDog.cancel(): canceling Wed Dec 19 03:04:40 UTC 2018
auto.tcl: Setting watchdog for 200 seconds at Wed Dec 19 03:04:40 UTC 2018
6 ms. Memory: 208384K Free: 186596K (90%)
ptolemy.util.test.WatchDog.cancel(): canceling Wed Dec 19 03:04:40 UTC 2018
------------------ testing $PTII/ptolemy/domains/de/test/auto/DateToEvent.xml
auto.tcl: Setting watchdog for 200 seconds at Wed Dec 19 03:04:40 UTC 2018
2010 ms. Memory: 208384K Free: 183385K (88%)
ptolemy.util.test.WatchDog.cancel(): canceling Wed Dec 19 03:04:42 UTC 2018
auto.tcl: Setting watchdog for 200 seconds at Wed Dec 19 03:04:42 UTC 2018
2006 ms. Memory: 208384K Free: 183385K (88%)
ptolemy.util.test.WatchDog.cancel(): canceling Wed Dec 19 03:04:44 UTC 2018
------------------ testing $PTII/ptolemy/domains/de/test/auto/DepthTest1.xml
auto.tcl: Setting watchdog for 200 seconds at Wed Dec 19 03:04:44 UTC 2018
2 ms. Memory: 208384K Free: 197991K (95%)
ptolemy.util.test.WatchDog.cancel(): canceling Wed Dec 19 03:04:44 UTC 2018
auto.tcl: Setting watchdog for 200 seconds at Wed Dec 19 03:04:44 UTC 2018
5 ms. Memory: 208384K Free: 197991K (95%)
ptolemy.util.test.WatchDog.cancel(): canceling Wed Dec 19 03:04:44 UTC 2018
------------------ testing $PTII/ptolemy/domains/de/test/auto/DepthTest2.xml
auto.tcl: Setting watchdog for 200 seconds at Wed Dec 19 03:04:44 UTC 2018
4 ms. Memory: 208384K Free: 194174K (93%)
ptolemy.util.test.WatchDog.cancel(): canceling Wed Dec 19 03:04:44 UTC 2018
auto.tcl: Setting watchdog for 200 seconds at Wed Dec 19 03:04:44 UTC 2018
6 ms. Memory: 208384K Free: 194174K (93%)
ptolemy.util.test.WatchDog.cancel(): canceling Wed Dec 19 03:04:44 UTC 2018
------------------ testing $PTII/ptolemy/domains/de/test/auto/DepthTest3.xml
auto.tcl: Setting watchdog for 200 seconds at Wed Dec 19 03:04:44 UTC 2018
2 ms. Memory: 208384K Free: 198324K (95%)
ptolemy.util.test.WatchDog.cancel(): canceling Wed Dec 19 03:04:44 UTC 2018
auto.tcl: Setting watchdog for 200 seconds at Wed Dec 19 03:04:44 UTC 2018
2 ms. Memory: 208384K Free: 198324K (95%)
ptolemy.util.test.WatchDog.cancel(): canceling Wed Dec 19 03:04:44 UTC 2018
------------------ testing $PTII/ptolemy/domains/de/test/auto/DepthTest4.xml
auto.tcl: Setting watchdog for 200 seconds at Wed Dec 19 03:04:44 UTC 2018
3 ms. Memory: 208384K Free: 196303K (94%)
ptolemy.util.test.WatchDog.cancel(): canceling Wed Dec 19 03:04:44 UTC 2018
auto.tcl: Setting watchdog for 200 seconds at Wed Dec 19 03:04:44 UTC 2018
2 ms. Memory: 208384K Free: 196303K (94%)
ptolemy.util.test.WatchDog.cancel(): canceling Wed Dec 19 03:04:44 UTC 2018
------------------ testing $PTII/ptolemy/domains/de/test/auto/DepthTest5.xml
auto.tcl: Setting watchdog for 200 seconds at Wed Dec 19 03:04:44 UTC 2018
3 ms. Memory: 208384K Free: 196250K (94%)
ptolemy.util.test.WatchDog.cancel(): canceling Wed Dec 19 03:04:44 UTC 2018
auto.tcl: Setting watchdog for 200 seconds at Wed Dec 19 03:04:44 UTC 2018
2 ms. Memory: 208384K Free: 196250K (94%)
ptolemy.util.test.WatchDog.cancel(): canceling Wed Dec 19 03:04:44 UTC 2018
------------------ testing $PTII/ptolemy/domains/de/test/auto/DepthTest6.xml
auto.tcl: Setting watchdog for 200 seconds at Wed Dec 19 03:04:44 UTC 2018
7 ms. Memory: 208384K Free: 196546K (94%)
ptolemy.util.test.WatchDog.cancel(): canceling Wed Dec 19 03:04:44 UTC 2018
auto.tcl: Setting watchdog for 200 seconds at Wed Dec 19 03:04:44 UTC 2018
2 ms. Memory: 208384K Free: 196546K (94%)
ptolemy.util.test.WatchDog.cancel(): canceling Wed Dec 19 03:04:44 UTC 2018
------------------ testing $PTII/ptolemy/domains/de/test/auto/DepthTest7.xml
auto.tcl: Setting watchdog for 200 seconds at Wed Dec 19 03:04:44 UTC 2018
6 ms. Memory: 208384K Free: 196207K (94%)
ptolemy.util.test.WatchDog.cancel(): canceling Wed Dec 19 03:04:44 UTC 2018
auto.tcl: Setting watchdog for 200 seconds at Wed Dec 19 03:04:44 UTC 2018
2 ms. Memory: 208384K Free: 196207K (94%)
ptolemy.util.test.WatchDog.cancel(): canceling Wed Dec 19 03:04:44 UTC 2018
------------------ testing $PTII/ptolemy/domains/de/test/auto/EventToDate.xml
auto.tcl: Setting watchdog for 200 seconds at Wed Dec 19 03:04:44 UTC 2018
3009 ms. Memory: 208384K Free: 185683K (89%)
ptolemy.util.test.WatchDog.cancel(): canceling Wed Dec 19 03:04:47 UTC 2018
auto.tcl: Setting watchdog for 200 seconds at Wed Dec 19 03:04:47 UTC 2018
3004 ms. Memory: 208384K Free: 185683K (89%)
ptolemy.util.test.WatchDog.cancel(): canceling Wed Dec 19 03:04:50 UTC 2018
------------------ testing $PTII/ptolemy/domains/de/test/auto/FSM1.xml
auto.tcl: Setting watchdog for 200 seconds at Wed Dec 19 03:04:50 UTC 2018
40 ms. Memory: 208384K Free: 186784K (90%)
ptolemy.util.test.WatchDog.cancel(): canceling Wed Dec 19 03:04:51 UTC 2018
auto.tcl: Setting watchdog for 200 seconds at Wed Dec 19 03:04:51 UTC 2018
14 ms. Memory: 208384K Free: 182566K (88%)
ptolemy.util.test.WatchDog.cancel(): canceling Wed Dec 19 03:04:51 UTC 2018
------------------ testing $PTII/ptolemy/domains/de/test/auto/FSM7.xml
auto.tcl: Setting watchdog for 200 seconds at Wed Dec 19 03:04:51 UTC 2018
25 ms. Memory: 208384K Free: 187336K (90%)
ptolemy.util.test.WatchDog.cancel(): canceling Wed Dec 19 03:04:51 UTC 2018
auto.tcl: Setting watchdog for 200 seconds at Wed Dec 19 03:04:51 UTC 2018
12 ms. Memory: 208384K Free: 185227K (89%)
ptolemy.util.test.WatchDog.cancel(): canceling Wed Dec 19 03:04:51 UTC 2018
------------------ testing $PTII/ptolemy/domains/de/test/auto/Inspection.xml
auto.tcl: Setting watchdog for 200 seconds at Wed Dec 19 03:04:51 UTC 2018
24 ms. Memory: 208384K Free: 188549K (90%)
ptolemy.util.test.WatchDog.cancel(): canceling Wed Dec 19 03:04:51 UTC 2018
auto.tcl: Setting watchdog for 200 seconds at Wed Dec 19 03:04:51 UTC 2018
23 ms. Memory: 208384K Free: 186440K (89%)
ptolemy.util.test.WatchDog.cancel(): canceling Wed Dec 19 03:04:51 UTC 2018
------------------ testing $PTII/ptolemy/domains/de/test/auto/Iteration.xml
auto.tcl: Setting watchdog for 200 seconds at Wed Dec 19 03:04:51 UTC 2018
7 ms. Memory: 208384K Free: 196350K (94%)
ptolemy.util.test.WatchDog.cancel(): canceling Wed Dec 19 03:04:51 UTC 2018
auto.tcl: Setting watchdog for 200 seconds at Wed Dec 19 03:04:51 UTC 2018
6 ms. Memory: 208384K Free: 193904K (93%)
ptolemy.util.test.WatchDog.cancel(): canceling Wed Dec 19 03:04:51 UTC 2018
------------------ testing $PTII/ptolemy/domains/de/test/auto/LineFault.xml
auto.tcl: Setting watchdog for 200 seconds at Wed Dec 19 03:04:51 UTC 2018
735 ms. Memory: 208384K Free: 196234K (94%)
ptolemy.util.test.WatchDog.cancel(): canceling Wed Dec 19 03:04:52 UTC 2018
auto.tcl: Setting watchdog for 200 seconds at Wed Dec 19 03:04:52 UTC 2018
579 ms. Memory: 208384K Free: 140516K (67%)
ptolemy.util.test.WatchDog.cancel(): canceling Wed Dec 19 03:04:52 UTC 2018
------------------ testing $PTII/ptolemy/domains/de/test/auto/MergeModel1Add.xml
auto.tcl: Setting watchdog for 200 seconds at Wed Dec 19 03:04:53 UTC 2018
27 ms. Memory: 331264K Free: 298793K (90%)
ptolemy.util.test.WatchDog.cancel(): canceling Wed Dec 19 03:04:53 UTC 2018
auto.tcl: Setting watchdog for 200 seconds at Wed Dec 19 03:04:53 UTC 2018
9 ms. Memory: 331264K Free: 298793K (90%)
ptolemy.util.test.WatchDog.cancel(): canceling Wed Dec 19 03:04:53 UTC 2018
------------------ testing $PTII/ptolemy/domains/de/test/auto/MergeModel2Add.xml
auto.tcl: Setting watchdog for 200 seconds at Wed Dec 19 03:04:53 UTC 2018
10 ms. Memory: 331264K Free: 304104K (92%)
ptolemy.util.test.WatchDog.cancel(): canceling Wed Dec 19 03:04:53 UTC 2018
auto.tcl: Setting watchdog for 200 seconds at Wed Dec 19 03:04:53 UTC 2018
11 ms. Memory: 331264K Free: 300155K (91%)
ptolemy.util.test.WatchDog.cancel(): canceling Wed Dec 19 03:04:53 UTC 2018
------------------ testing $PTII/ptolemy/domains/de/test/auto/MergeModel3Add.xml
auto.tcl: Setting watchdog for 200 seconds at Wed Dec 19 03:04:53 UTC 2018
9 ms. Memory: 331264K Free: 304106K (92%)
ptolemy.util.test.WatchDog.cancel(): canceling Wed Dec 19 03:04:53 UTC 2018
auto.tcl: Setting watchdog for 200 seconds at Wed Dec 19 03:04:53 UTC 2018
7 ms. Memory: 331264K Free: 300158K (91%)
ptolemy.util.test.WatchDog.cancel(): canceling Wed Dec 19 03:04:53 UTC 2018
------------------ testing $PTII/ptolemy/domains/de/test/auto/MergeWithoutDiscard.xml
auto.tcl: Setting watchdog for 200 seconds at Wed Dec 19 03:04:53 UTC 2018
6 ms. Memory: 331264K Free: 320216K (97%)
ptolemy.util.test.WatchDog.cancel(): canceling Wed Dec 19 03:04:53 UTC 2018
auto.tcl: Setting watchdog for 200 seconds at Wed Dec 19 03:04:53 UTC 2018
1 ms. Memory: 331264K Free: 316268K (95%)
ptolemy.util.test.WatchDog.cancel(): canceling Wed Dec 19 03:04:53 UTC 2018
------------------ testing $PTII/ptolemy/domains/de/test/auto/Modal1.xml
auto.tcl: Setting watchdog for 200 seconds at Wed Dec 19 03:04:53 UTC 2018
11 ms. Memory: 331264K Free: 309858K (94%)
ptolemy.util.test.WatchDog.cancel(): canceling Wed Dec 19 03:04:53 UTC 2018
auto.tcl: Setting watchdog for 200 seconds at Wed Dec 19 03:04:53 UTC 2018
10 ms. Memory: 331264K Free: 305910K (92%)
ptolemy.util.test.WatchDog.cancel(): canceling Wed Dec 19 03:04:53 UTC 2018
------------------ testing $PTII/ptolemy/domains/de/test/auto/Modal2.xml
auto.tcl: Setting watchdog for 200 seconds at Wed Dec 19 03:04:53 UTC 2018
15 ms. Memory: 331264K Free: 309740K (94%)
ptolemy.util.test.WatchDog.cancel(): canceling Wed Dec 19 03:04:53 UTC 2018
auto.tcl: Setting watchdog for 200 seconds at Wed Dec 19 03:04:53 UTC 2018
17 ms. Memory: 331264K Free: 305791K (92%)
ptolemy.util.test.WatchDog.cancel(): canceling Wed Dec 19 03:04:53 UTC 2018
------------------ testing $PTII/ptolemy/domains/de/test/auto/Modal3.xml
auto.tcl: Setting watchdog for 200 seconds at Wed Dec 19 03:04:53 UTC 2018
16 ms. Memory: 331264K Free: 309730K (93%)
ptolemy.util.test.WatchDog.cancel(): canceling Wed Dec 19 03:04:53 UTC 2018
auto.tcl: Setting watchdog for 200 seconds at Wed Dec 19 03:04:53 UTC 2018
14 ms. Memory: 331264K Free: 305765K (92%)
ptolemy.util.test.WatchDog.cancel(): canceling Wed Dec 19 03:04:53 UTC 2018
------------------ testing $PTII/ptolemy/domains/de/test/auto/Modal4.xml
auto.tcl: Setting watchdog for 200 seconds at Wed Dec 19 03:04:53 UTC 2018
27 ms. Memory: 331264K Free: 309743K (94%)
ptolemy.util.test.WatchDog.cancel(): canceling Wed Dec 19 03:04:53 UTC 2018
auto.tcl: Setting watchdog for 200 seconds at Wed Dec 19 03:04:53 UTC 2018
16 ms. Memory: 331264K Free: 305778K (92%)
ptolemy.util.test.WatchDog.cancel(): canceling Wed Dec 19 03:04:53 UTC 2018
------------------ testing $PTII/ptolemy/domains/de/test/auto/Modal5.xml
auto.tcl: Setting watchdog for 200 seconds at Wed Dec 19 03:04:53 UTC 2018
24 ms. Memory: 331264K Free: 309730K (93%)
ptolemy.util.test.WatchDog.cancel(): canceling Wed Dec 19 03:04:53 UTC 2018
auto.tcl: Setting watchdog for 200 seconds at Wed Dec 19 03:04:53 UTC 2018
11 ms. Memory: 331264K Free: 305766K (92%)
ptolemy.util.test.WatchDog.cancel(): canceling Wed Dec 19 03:04:54 UTC 2018
------------------ testing $PTII/ptolemy/domains/de/test/auto/Modal6.xml
auto.tcl: Setting watchdog for 200 seconds at Wed Dec 19 03:04:54 UTC 2018
10 ms. Memory: 331264K Free: 309736K (94%)
ptolemy.util.test.WatchDog.cancel(): canceling Wed Dec 19 03:04:54 UTC 2018
auto.tcl: Setting watchdog for 200 seconds at Wed Dec 19 03:04:54 UTC 2018
11 ms. Memory: 331264K Free: 305771K (92%)
ptolemy.util.test.WatchDog.cancel(): canceling Wed Dec 19 03:04:54 UTC 2018
------------------ testing $PTII/ptolemy/domains/de/test/auto/Modal7.xml
auto.tcl: Setting watchdog for 200 seconds at Wed Dec 19 03:04:54 UTC 2018
8 ms. Memory: 331264K Free: 309728K (93%)
ptolemy.util.test.WatchDog.cancel(): canceling Wed Dec 19 03:04:54 UTC 2018
auto.tcl: Setting watchdog for 200 seconds at Wed Dec 19 03:04:54 UTC 2018
9 ms. Memory: 331264K Free: 305771K (92%)
ptolemy.util.test.WatchDog.cancel(): canceling Wed Dec 19 03:04:54 UTC 2018
------------------ testing $PTII/ptolemy/domains/de/test/auto/ModalModel.xml
auto.tcl: Setting watchdog for 200 seconds at Wed Dec 19 03:04:54 UTC 2018
172 ms. Memory: 331264K Free: 248497K (75%)
ptolemy.util.test.WatchDog.cancel(): canceling Wed Dec 19 03:04:54 UTC 2018
auto.tcl: Setting watchdog for 200 seconds at Wed Dec 19 03:04:54 UTC 2018
171 ms. Memory: 331264K Free: 193064K (58%)
ptolemy.util.test.WatchDog.cancel(): canceling Wed Dec 19 03:04:54 UTC 2018
------------------ testing $PTII/ptolemy/domains/de/test/auto/ModalSource.xml
auto.tcl: Setting watchdog for 200 seconds at Wed Dec 19 03:04:54 UTC 2018
5 ms. Memory: 331264K Free: 316482K (96%)
ptolemy.util.test.WatchDog.cancel(): canceling Wed Dec 19 03:04:54 UTC 2018
auto.tcl: Setting watchdog for 200 seconds at Wed Dec 19 03:04:54 UTC 2018
5 ms. Memory: 331264K Free: 312950K (94%)
ptolemy.util.test.WatchDog.cancel(): canceling Wed Dec 19 03:04:54 UTC 2018
------------------ testing $PTII/ptolemy/domains/de/test/auto/NonInterruptibleTimerZeroDelay.xml
auto.tcl: Setting watchdog for 200 seconds at Wed Dec 19 03:04:54 UTC 2018
3 ms. Memory: 331264K Free: 320870K (97%)
ptolemy.util.test.WatchDog.cancel(): canceling Wed Dec 19 03:04:54 UTC 2018
auto.tcl: Setting watchdog for 200 seconds at Wed Dec 19 03:04:54 UTC 2018
2 ms. Memory: 331264K Free: 317321K (96%)
ptolemy.util.test.WatchDog.cancel(): canceling Wed Dec 19 03:04:54 UTC 2018
------------------ testing $PTII/ptolemy/domains/de/test/auto/OpenQueueingNetwork.xml
auto.tcl: Setting watchdog for 200 seconds at Wed Dec 19 03:04:54 UTC 2018
2585 ms. Memory: 573952K Free: 414310K (72%)
ptolemy.util.test.WatchDog.cancel(): canceling Wed Dec 19 03:04:57 UTC 2018
auto.tcl: Setting watchdog for 200 seconds at Wed Dec 19 03:04:57 UTC 2018
2149 ms. Memory: 550912K Free: 316409K (57%)
ptolemy.util.test.WatchDog.cancel(): canceling Wed Dec 19 03:04:59 UTC 2018
------------------ testing $PTII/ptolemy/domains/de/test/auto/OpenQueuingNetwork.xml
auto.tcl: Setting watchdog for 200 seconds at Wed Dec 19 03:04:59 UTC 2018
224 ms. Memory: 549888K Free: 445664K (81%)
ptolemy.util.test.WatchDog.cancel(): canceling Wed Dec 19 03:05:00 UTC 2018
auto.tcl: Setting watchdog for 200 seconds at Wed Dec 19 03:05:00 UTC 2018
208 ms. Memory: 549888K Free: 385896K (70%)
ptolemy.util.test.WatchDog.cancel(): canceling Wed Dec 19 03:05:00 UTC 2018
------------------ testing $PTII/ptolemy/domains/de/test/auto/PeriodicSampler.xml
auto.tcl: Setting watchdog for 200 seconds at Wed Dec 19 03:05:00 UTC 2018
3 ms. Memory: 551936K Free: 531896K (96%)
ptolemy.util.test.WatchDog.cancel(): canceling Wed Dec 19 03:05:00 UTC 2018
auto.tcl: Setting watchdog for 200 seconds at Wed Dec 19 03:05:00 UTC 2018
1 ms. Memory: 551936K Free: 531896K (96%)
ptolemy.util.test.WatchDog.cancel(): canceling Wed Dec 19 03:05:00 UTC 2018
------------------ testing $PTII/ptolemy/domains/de/test/auto/PersistentIO.xml
auto.tcl: Setting watchdog for 200 seconds at Wed Dec 19 03:05:00 UTC 2018
5 ms. Memory: 549376K Free: 524731K (96%)
ptolemy.util.test.WatchDog.cancel(): canceling Wed Dec 19 03:05:00 UTC 2018
auto.tcl: Setting watchdog for 200 seconds at Wed Dec 19 03:05:00 UTC 2018
4 ms. Memory: 549376K Free: 524731K (96%)
ptolemy.util.test.WatchDog.cancel(): canceling Wed Dec 19 03:05:00 UTC 2018
------------------ testing $PTII/ptolemy/domains/de/test/auto/PortParameterResetOnInitialize.xml
auto.tcl: Setting watchdog for 200 seconds at Wed Dec 19 03:05:00 UTC 2018
2 ms. Memory: 551424K Free: 531844K (96%)
ptolemy.util.test.WatchDog.cancel(): canceling Wed Dec 19 03:05:00 UTC 2018
auto.tcl: Setting watchdog for 200 seconds at Wed Dec 19 03:05:00 UTC 2018
1 ms. Memory: 551424K Free: 531844K (96%)
ptolemy.util.test.WatchDog.cancel(): canceling Wed Dec 19 03:05:00 UTC 2018
------------------ testing $PTII/ptolemy/domains/de/test/auto/PortParameterUpdates.xml
auto.tcl: Setting watchdog for 200 seconds at Wed Dec 19 03:05:00 UTC 2018
3 ms. Memory: 549376K Free: 529160K (96%)
ptolemy.util.test.WatchDog.cancel(): canceling Wed Dec 19 03:05:00 UTC 2018
auto.tcl: Setting watchdog for 200 seconds at Wed Dec 19 03:05:00 UTC 2018
3 ms. Memory: 549376K Free: 529160K (96%)
ptolemy.util.test.WatchDog.cancel(): canceling Wed Dec 19 03:05:00 UTC 2018
------------------ testing $PTII/ptolemy/domains/de/test/auto/QueueAndServer.xml
auto.tcl: Setting watchdog for 200 seconds at Wed Dec 19 03:05:00 UTC 2018
11 ms. Memory: 551424K Free: 531187K (96%)
ptolemy.util.test.WatchDog.cancel(): canceling Wed Dec 19 03:05:00 UTC 2018
auto.tcl: Setting watchdog for 200 seconds at Wed Dec 19 03:05:00 UTC 2018
6 ms. Memory: 551424K Free: 531187K (96%)
ptolemy.util.test.WatchDog.cancel(): canceling Wed Dec 19 03:05:00 UTC 2018
------------------ testing $PTII/ptolemy/domains/de/test/auto/Records.xml
auto.tcl: Setting watchdog for 200 seconds at Wed Dec 19 03:05:00 UTC 2018
8 ms. Memory: 549376K Free: 534514K (97%)
ptolemy.util.test.WatchDog.cancel(): canceling Wed Dec 19 03:05:00 UTC 2018
auto.tcl: Setting watchdog for 200 seconds at Wed Dec 19 03:05:00 UTC 2018
2 ms. Memory: 549376K Free: 529081K (96%)
ptolemy.util.test.WatchDog.cancel(): canceling Wed Dec 19 03:05:00 UTC 2018
------------------ testing $PTII/ptolemy/domains/de/test/auto/ResetTransitionWithStartTime1.xml
auto.tcl: Setting watchdog for 200 seconds at Wed Dec 19 03:05:00 UTC 2018
10 ms. Memory: 551424K Free: 531368K (96%)
ptolemy.util.test.WatchDog.cancel(): canceling Wed Dec 19 03:05:00 UTC 2018
auto.tcl: Setting watchdog for 200 seconds at Wed Dec 19 03:05:00 UTC 2018
6 ms. Memory: 551424K Free: 531368K (96%)
ptolemy.util.test.WatchDog.cancel(): canceling Wed Dec 19 03:05:00 UTC 2018
------------------ testing $PTII/ptolemy/domains/de/test/auto/ResetTransitionWithStartTime2.xml
auto.tcl: Setting watchdog for 200 seconds at Wed Dec 19 03:05:00 UTC 2018
5 ms. Memory: 549376K Free: 529311K (96%)
ptolemy.util.test.WatchDog.cancel(): canceling Wed Dec 19 03:05:00 UTC 2018
auto.tcl: Setting watchdog for 200 seconds at Wed Dec 19 03:05:00 UTC 2018
5 ms. Memory: 549376K Free: 529311K (96%)
ptolemy.util.test.WatchDog.cancel(): canceling Wed Dec 19 03:05:00 UTC 2018
------------------ testing $PTII/ptolemy/domains/de/test/auto/ResetTransitionWithStartTime3.xml
auto.tcl: Setting watchdog for 200 seconds at Wed Dec 19 03:05:01 UTC 2018
5 ms. Memory: 550912K Free: 530616K (96%)
ptolemy.util.test.WatchDog.cancel(): canceling Wed Dec 19 03:05:01 UTC 2018
auto.tcl: Setting watchdog for 200 seconds at Wed Dec 19 03:05:01 UTC 2018
5 ms. Memory: 550912K Free: 530616K (96%)
ptolemy.util.test.WatchDog.cancel(): canceling Wed Dec 19 03:05:01 UTC 2018
------------------ testing $PTII/ptolemy/domains/de/test/auto/ResetTransitionWithStartTime4.xml
auto.tcl: Setting watchdog for 200 seconds at Wed Dec 19 03:05:01 UTC 2018
3 ms. Memory: 549376K Free: 529093K (96%)
ptolemy.util.test.WatchDog.cancel(): canceling Wed Dec 19 03:05:01 UTC 2018
auto.tcl: Setting watchdog for 200 seconds at Wed Dec 19 03:05:01 UTC 2018
4 ms. Memory: 549376K Free: 529093K (96%)
ptolemy.util.test.WatchDog.cancel(): canceling Wed Dec 19 03:05:01 UTC 2018
------------------ testing $PTII/ptolemy/domains/de/test/auto/ResettableTimer1.xml
auto.tcl: Setting watchdog for 200 seconds at Wed Dec 19 03:05:01 UTC 2018
5 ms. Memory: 550912K Free: 536059K (97%)
ptolemy.util.test.WatchDog.cancel(): canceling Wed Dec 19 03:05:01 UTC 2018
auto.tcl: Setting watchdog for 200 seconds at Wed Dec 19 03:05:01 UTC 2018
2 ms. Memory: 550912K Free: 536059K (97%)
ptolemy.util.test.WatchDog.cancel(): canceling Wed Dec 19 03:05:01 UTC 2018
------------------ testing $PTII/ptolemy/domains/de/test/auto/ResettableTimer2.xml
auto.tcl: Setting watchdog for 200 seconds at Wed Dec 19 03:05:01 UTC 2018
2 ms. Memory: 549376K Free: 534811K (97%)
ptolemy.util.test.WatchDog.cancel(): canceling Wed Dec 19 03:05:01 UTC 2018
auto.tcl: Setting watchdog for 200 seconds at Wed Dec 19 03:05:01 UTC 2018
2 ms. Memory: 549376K Free: 534811K (97%)
ptolemy.util.test.WatchDog.cancel(): canceling Wed Dec 19 03:05:01 UTC 2018
------------------ testing $PTII/ptolemy/domains/de/test/auto/ResettableTimer3.xml
auto.tcl: Setting watchdog for 200 seconds at Wed Dec 19 03:05:01 UTC 2018
1 ms. Memory: 550912K Free: 536116K (97%)
ptolemy.util.test.WatchDog.cancel(): canceling Wed Dec 19 03:05:01 UTC 2018
auto.tcl: Setting watchdog for 200 seconds at Wed Dec 19 03:05:01 UTC 2018
1 ms. Memory: 550912K Free: 536116K (97%)
ptolemy.util.test.WatchDog.cancel(): canceling Wed Dec 19 03:05:01 UTC 2018
------------------ testing $PTII/ptolemy/domains/de/test/auto/ResettableTimer4.xml
auto.tcl: Setting watchdog for 200 seconds at Wed Dec 19 03:05:01 UTC 2018
2 ms. Memory: 549376K Free: 534823K (97%)
ptolemy.util.test.WatchDog.cancel(): canceling Wed Dec 19 03:05:01 UTC 2018
auto.tcl: Setting watchdog for 200 seconds at Wed Dec 19 03:05:01 UTC 2018
1 ms. Memory: 549376K Free: 534823K (97%)
ptolemy.util.test.WatchDog.cancel(): canceling Wed Dec 19 03:05:01 UTC 2018
------------------ testing $PTII/ptolemy/domains/de/test/auto/ResettableTimer5.xml
auto.tcl: Setting watchdog for 200 seconds at Wed Dec 19 03:05:01 UTC 2018
1 ms. Memory: 550400K Free: 531165K (97%)
ptolemy.util.test.WatchDog.cancel(): canceling Wed Dec 19 03:05:01 UTC 2018
auto.tcl: Setting watchdog for 200 seconds at Wed Dec 19 03:05:01 UTC 2018
1 ms. Memory: 550400K Free: 531165K (97%)
ptolemy.util.test.WatchDog.cancel(): canceling Wed Dec 19 03:05:01 UTC 2018
------------------ testing $PTII/ptolemy/domains/de/test/auto/ResettableTimer6.xml
auto.tcl: Setting watchdog for 200 seconds at Wed Dec 19 03:05:01 UTC 2018
1 ms. Memory: 549376K Free: 529862K (96%)
ptolemy.util.test.WatchDog.cancel(): canceling Wed Dec 19 03:05:01 UTC 2018
auto.tcl: Setting watchdog for 200 seconds at Wed Dec 19 03:05:01 UTC 2018
2 ms. Memory: 549376K Free: 529862K (96%)
ptolemy.util.test.WatchDog.cancel(): canceling Wed Dec 19 03:05:01 UTC 2018
------------------ testing $PTII/ptolemy/domains/de/test/auto/ServerZeroDelay.xml
auto.tcl: Setting watchdog for 200 seconds at Wed Dec 19 03:05:01 UTC 2018
2 ms. Memory: 550400K Free: 535785K (97%)
ptolemy.util.test.WatchDog.cancel(): canceling Wed Dec 19 03:05:01 UTC 2018
auto.tcl: Setting watchdog for 200 seconds at Wed Dec 19 03:05:01 UTC 2018
2 ms. Memory: 550400K Free: 535785K (97%)
ptolemy.util.test.WatchDog.cancel(): canceling Wed Dec 19 03:05:01 UTC 2018
------------------ testing $PTII/ptolemy/domains/de/test/auto/SmartSender.xml
auto.tcl: Setting watchdog for 200 seconds at Wed Dec 19 03:05:01 UTC 2018
3002 ms. Memory: 549376K Free: 530077K (96%)
ptolemy.util.test.WatchDog.cancel(): canceling Wed Dec 19 03:05:04 UTC 2018
auto.tcl: Setting watchdog for 200 seconds at Wed Dec 19 03:05:04 UTC 2018
3001 ms. Memory: 549376K Free: 530077K (96%)
ptolemy.util.test.WatchDog.cancel(): canceling Wed Dec 19 03:05:07 UTC 2018
------------------ testing $PTII/ptolemy/domains/de/test/auto/ThreadedComposite.xml
auto.tcl: Setting watchdog for 200 seconds at Wed Dec 19 03:05:07 UTC 2018
236 ms. Memory: 550400K Free: 510643K (93%)
ptolemy.util.test.WatchDog.cancel(): canceling Wed Dec 19 03:05:07 UTC 2018
auto.tcl: Setting watchdog for 200 seconds at Wed Dec 19 03:05:07 UTC 2018
152 ms. Memory: 550400K Free: 495850K (90%)
ptolemy.util.test.WatchDog.cancel(): canceling Wed Dec 19 03:05:08 UTC 2018
------------------ testing $PTII/ptolemy/domains/de/test/auto/Time.xml
auto.tcl: Setting watchdog for 200 seconds at Wed Dec 19 03:05:08 UTC 2018
531 ms. Memory: 549376K Free: 482775K (88%)
ptolemy.util.test.WatchDog.cancel(): canceling Wed Dec 19 03:05:08 UTC 2018
auto.tcl: Setting watchdog for 200 seconds at Wed Dec 19 03:05:08 UTC 2018
498 ms. Memory: 549376K Free: 428441K (78%)
ptolemy.util.test.WatchDog.cancel(): canceling Wed Dec 19 03:05:09 UTC 2018
------------------ testing $PTII/ptolemy/domains/de/test/auto/TimeDelayZeroDelay.xml
auto.tcl: Setting watchdog for 200 seconds at Wed Dec 19 03:05:09 UTC 2018
2 ms. Memory: 550400K Free: 535473K (97%)
ptolemy.util.test.WatchDog.cancel(): canceling Wed Dec 19 03:05:09 UTC 2018
auto.tcl: Setting watchdog for 200 seconds at Wed Dec 19 03:05:09 UTC 2018
2 ms. Memory: 550400K Free: 535473K (97%)
ptolemy.util.test.WatchDog.cancel(): canceling Wed Dec 19 03:05:09 UTC 2018
------------------ testing $PTII/ptolemy/domains/de/test/auto/TimerZeroDelay.xml
auto.tcl: Setting watchdog for 200 seconds at Wed Dec 19 03:05:09 UTC 2018
3 ms. Memory: 549376K Free: 534723K (97%)
ptolemy.util.test.WatchDog.cancel(): canceling Wed Dec 19 03:05:09 UTC 2018
auto.tcl: Setting watchdog for 200 seconds at Wed Dec 19 03:05:09 UTC 2018
2 ms. Memory: 549376K Free: 534723K (97%)
ptolemy.util.test.WatchDog.cancel(): canceling Wed Dec 19 03:05:09 UTC 2018
------------------ testing $PTII/ptolemy/domains/de/test/auto/TimingParadox.xml
auto.tcl: Setting watchdog for 200 seconds at Wed Dec 19 03:05:09 UTC 2018
335 ms. Memory: 549888K Free: 469607K (85%)
ptolemy.util.test.WatchDog.cancel(): canceling Wed Dec 19 03:05:09 UTC 2018
auto.tcl: Setting watchdog for 200 seconds at Wed Dec 19 03:05:09 UTC 2018
333 ms. Memory: 549888K Free: 437007K (79%)
ptolemy.util.test.WatchDog.cancel(): canceling Wed Dec 19 03:05:10 UTC 2018
------------------ testing $PTII/ptolemy/domains/de/test/auto/TransferInputs.xml
auto.tcl: Setting watchdog for 200 seconds at Wed Dec 19 03:05:10 UTC 2018
2 ms. Memory: 549888K Free: 534139K (97%)
ptolemy.util.test.WatchDog.cancel(): canceling Wed Dec 19 03:05:10 UTC 2018
auto.tcl: Setting watchdog for 200 seconds at Wed Dec 19 03:05:10 UTC 2018
1 ms. Memory: 549888K Free: 534139K (97%)
ptolemy.util.test.WatchDog.cancel(): canceling Wed Dec 19 03:05:10 UTC 2018
------------------ testing $PTII/ptolemy/domains/de/test/auto/TransferOutputs2.xml
auto.tcl: Setting watchdog for 200 seconds at Wed Dec 19 03:05:10 UTC 2018
3 ms. Memory: 549376K Free: 524599K (95%)
ptolemy.util.test.WatchDog.cancel(): canceling Wed Dec 19 03:05:10 UTC 2018
auto.tcl: Setting watchdog for 200 seconds at Wed Dec 19 03:05:10 UTC 2018
3 ms. Memory: 549376K Free: 524599K (95%)
ptolemy.util.test.WatchDog.cancel(): canceling Wed Dec 19 03:05:10 UTC 2018
------------------ testing $PTII/ptolemy/domains/de/test/auto/Trilateration.xml
auto.tcl: Setting watchdog for 200 seconds at Wed Dec 19 03:05:10 UTC 2018
12644 ms. Memory: 766976K Free: 226593K (30%)
ptolemy.util.test.WatchDog.cancel(): canceling Wed Dec 19 03:05:23 UTC 2018
auto.tcl: Setting watchdog for 200 seconds at Wed Dec 19 03:05:23 UTC 2018
10324 ms. Memory: 646144K Free: 70156K (11%)
ptolemy.util.test.WatchDog.cancel(): canceling Wed Dec 19 03:05:34 UTC 2018
------------------ testing $PTII/ptolemy/domains/de/test/auto/TwoSigmaDelta.xml
auto.tcl: Setting watchdog for 200 seconds at Wed Dec 19 03:05:34 UTC 2018
2580 ms. Memory: 649728K Free: 342491K (53%)
ptolemy.util.test.WatchDog.cancel(): canceling Wed Dec 19 03:05:36 UTC 2018
auto.tcl: Setting watchdog for 200 seconds at Wed Dec 19 03:05:36 UTC 2018
1942 ms. Memory: 649728K Free: 116966K (18%)
ptolemy.util.test.WatchDog.cancel(): canceling Wed Dec 19 03:05:38 UTC 2018
------------------ testing $PTII/ptolemy/domains/de/test/auto/VariableDelay.xml
auto.tcl: Setting watchdog for 200 seconds at Wed Dec 19 03:05:38 UTC 2018
2 ms. Memory: 646656K Free: 627345K (97%)
ptolemy.util.test.WatchDog.cancel(): canceling Wed Dec 19 03:05:38 UTC 2018
auto.tcl: Setting watchdog for 200 seconds at Wed Dec 19 03:05:38 UTC 2018
2 ms. Memory: 646656K Free: 627345K (97%)
ptolemy.util.test.WatchDog.cancel(): canceling Wed Dec 19 03:05:38 UTC 2018
------------------ testing $PTII/ptolemy/domains/de/test/auto/VariableDelay2.xml
auto.tcl: Setting watchdog for 200 seconds at Wed Dec 19 03:05:39 UTC 2018
2 ms. Memory: 646144K Free: 627279K (97%)
ptolemy.util.test.WatchDog.cancel(): canceling Wed Dec 19 03:05:39 UTC 2018
auto.tcl: Setting watchdog for 200 seconds at Wed Dec 19 03:05:39 UTC 2018
2 ms. Memory: 646144K Free: 627279K (97%)
ptolemy.util.test.WatchDog.cancel(): canceling Wed Dec 19 03:05:39 UTC 2018
------------------ testing $PTII/ptolemy/domains/de/test/auto/VariableDelayZeroDelay.xml
auto.tcl: Setting watchdog for 200 seconds at Wed Dec 19 03:05:39 UTC 2018
2 ms. Memory: 646144K Free: 621630K (96%)
ptolemy.util.test.WatchDog.cancel(): canceling Wed Dec 19 03:05:39 UTC 2018
auto.tcl: Setting watchdog for 200 seconds at Wed Dec 19 03:05:39 UTC 2018
1 ms. Memory: 646144K Free: 621630K (96%)
ptolemy.util.test.WatchDog.cancel(): canceling Wed Dec 19 03:05:39 UTC 2018
------------------ testing $PTII/ptolemy/domains/de/test/auto/VariableDelayZeroDelay2.xml
auto.tcl: Setting watchdog for 200 seconds at Wed Dec 19 03:05:39 UTC 2018
1 ms. Memory: 649216K Free: 624700K (96%)
ptolemy.util.test.WatchDog.cancel(): canceling Wed Dec 19 03:05:39 UTC 2018
auto.tcl: Setting watchdog for 200 seconds at Wed Dec 19 03:05:39 UTC 2018
2 ms. Memory: 649216K Free: 624700K (96%)
ptolemy.util.test.WatchDog.cancel(): canceling Wed Dec 19 03:05:39 UTC 2018
------------------ testing $PTII/ptolemy/domains/de/test/auto/deInCt.xml
auto.tcl: Setting watchdog for 200 seconds at Wed Dec 19 03:05:39 UTC 2018
0
1
1
1
0
0
0
0
1
1
1
0
0
1
1
1
0
0
0
0
0
0
1
1
1
1
0
0
0
1
1
1
0
0
0
1
1
1
11 ms. Memory: 646144K Free: 621592K (96%)
ptolemy.util.test.WatchDog.cancel(): canceling Wed Dec 19 03:05:39 UTC 2018
auto.tcl: Setting watchdog for 200 seconds at Wed Dec 19 03:05:39 UTC 2018
0
1
1
1
0
0
0
1
1
1
1
1
1
1
0
0
0
1
1
1
1
0
0
0
1
1
1
1
0
0
0
0
4 ms. Memory: 646144K Free: 621592K (96%)
ptolemy.util.test.WatchDog.cancel(): canceling Wed Dec 19 03:05:39 UTC 2018
------------------ testing $PTII/ptolemy/domains/de/test/auto/deInCt2.xml
auto.tcl: Setting watchdog for 200 seconds at Wed Dec 19 03:05:39 UTC 2018
0
1
1
1
0
0
1
1
1
0
0
1
1
1
0
0
1
1
1
0
0
1
1
1
0
0
1
1
1
0
0
1
1
1
0
0
1
1
1
0
0
0
4 ms. Memory: 648704K Free: 624184K (96%)
ptolemy.util.test.WatchDog.cancel(): canceling Wed Dec 19 03:05:39 UTC 2018
auto.tcl: Setting watchdog for 200 seconds at Wed Dec 19 03:05:39 UTC 2018
0
1
1
1
0
0
1
1
1
0
0
1
1
1
0
0
1
1
1
0
0
1
1
1
0
0
1
1
1
0
0
1
1
1
0
0
1
1
1
0
0
0
9 ms. Memory: 648704K Free: 624184K (96%)
ptolemy.util.test.WatchDog.cancel(): canceling Wed Dec 19 03:05:39 UTC 2018
------------------ testing $PTII/ptolemy/domains/de/test/auto/dynamicCausalityInterface1.xml
auto.tcl: Setting watchdog for 200 seconds at Wed Dec 19 03:05:39 UTC 2018
1 ms. Memory: 646144K Free: 613072K (95%)
ptolemy.util.test.WatchDog.cancel(): canceling Wed Dec 19 03:05:39 UTC 2018
auto.tcl: Setting watchdog for 200 seconds at Wed Dec 19 03:05:39 UTC 2018
1 ms. Memory: 646144K Free: 613072K (95%)
ptolemy.util.test.WatchDog.cancel(): canceling Wed Dec 19 03:05:39 UTC 2018
------------------ testing $PTII/ptolemy/domains/de/test/auto/fsm_de_test.xml
auto.tcl: Setting watchdog for 200 seconds at Wed Dec 19 03:05:39 UTC 2018
8 ms. Memory: 648192K Free: 623562K (96%)
ptolemy.util.test.WatchDog.cancel(): canceling Wed Dec 19 03:05:39 UTC 2018
auto.tcl: Setting watchdog for 200 seconds at Wed Dec 19 03:05:39 UTC 2018
8 ms. Memory: 648192K Free: 614999K (95%)
ptolemy.util.test.WatchDog.cancel(): canceling Wed Dec 19 03:05:39 UTC 2018
------------------ testing $PTII/ptolemy/domains/de/test/auto/functionDependencyReconstruction.xml
auto.tcl: Setting watchdog for 200 seconds at Wed Dec 19 03:05:39 UTC 2018
2 ms. Memory: 646144K Free: 612942K (95%)
ptolemy.util.test.WatchDog.cancel(): canceling Wed Dec 19 03:05:39 UTC 2018
auto.tcl: Setting watchdog for 200 seconds at Wed Dec 19 03:05:39 UTC 2018
2 ms. Memory: 646144K Free: 604378K (94%)
ptolemy.util.test.WatchDog.cancel(): canceling Wed Dec 19 03:05:39 UTC 2018
------------------ testing $PTII/ptolemy/domains/de/test/auto/multirate.xml
auto.tcl: Setting watchdog for 200 seconds at Wed Dec 19 03:05:39 UTC 2018
7 ms. Memory: 648192K Free: 623430K (96%)
ptolemy.util.test.WatchDog.cancel(): canceling Wed Dec 19 03:05:39 UTC 2018
auto.tcl: Setting watchdog for 200 seconds at Wed Dec 19 03:05:39 UTC 2018
2 ms. Memory: 648192K Free: 623430K (96%)
ptolemy.util.test.WatchDog.cancel(): canceling Wed Dec 19 03:05:39 UTC 2018
------------------ testing $PTII/ptolemy/domains/de/test/auto/multirate2.xml
auto.tcl: Setting watchdog for 200 seconds at Wed Dec 19 03:05:39 UTC 2018
7 ms. Memory: 646144K Free: 621570K (96%)
ptolemy.util.test.WatchDog.cancel(): canceling Wed Dec 19 03:05:39 UTC 2018
auto.tcl: Setting watchdog for 200 seconds at Wed Dec 19 03:05:39 UTC 2018
2 ms. Memory: 646144K Free: 621570K (96%)
ptolemy.util.test.WatchDog.cancel(): canceling Wed Dec 19 03:05:39 UTC 2018
------------------ testing $PTII/ptolemy/domains/de/test/auto/realtime.xml
auto.tcl: Setting watchdog for 200 seconds at Wed Dec 19 03:05:39 UTC 2018
10001 ms. Memory: 647680K Free: 623072K (96%)
ptolemy.util.test.WatchDog.cancel(): canceling Wed Dec 19 03:05:49 UTC 2018
auto.tcl: Setting watchdog for 200 seconds at Wed Dec 19 03:05:49 UTC 2018
10002 ms. Memory: 647680K Free: 623072K (96%)
ptolemy.util.test.WatchDog.cancel(): canceling Wed Dec 19 03:05:59 UTC 2018
------------------ testing $PTII/ptolemy/domains/de/test/auto/relationGroup.xml
auto.tcl: Setting watchdog for 200 seconds at Wed Dec 19 03:05:59 UTC 2018
1 ms. Memory: 646144K Free: 621594K (96%)
ptolemy.util.test.WatchDog.cancel(): canceling Wed Dec 19 03:05:59 UTC 2018
auto.tcl: Setting watchdog for 200 seconds at Wed Dec 19 03:05:59 UTC 2018
4 ms. Memory: 646144K Free: 621594K (96%)
ptolemy.util.test.WatchDog.cancel(): canceling Wed Dec 19 03:05:59 UTC 2018
------------------ testing $PTII/ptolemy/domains/de/test/auto/relationGroup2.xml
auto.tcl: Setting watchdog for 200 seconds at Wed Dec 19 03:05:59 UTC 2018
1 ms. Memory: 647680K Free: 623156K (96%)
ptolemy.util.test.WatchDog.cancel(): canceling Wed Dec 19 03:05:59 UTC 2018
auto.tcl: Setting watchdog for 200 seconds at Wed Dec 19 03:05:59 UTC 2018
1 ms. Memory: 647680K Free: 623156K (96%)
ptolemy.util.test.WatchDog.cancel(): canceling Wed Dec 19 03:05:59 UTC 2018
------------------ testing $PTII/ptolemy/domains/de/test/auto/sortWithOpaquePorts.xml
auto.tcl: Setting watchdog for 200 seconds at Wed Dec 19 03:05:59 UTC 2018
2 ms. Memory: 646144K Free: 621621K (96%)
ptolemy.util.test.WatchDog.cancel(): canceling Wed Dec 19 03:05:59 UTC 2018
auto.tcl: Setting watchdog for 200 seconds at Wed Dec 19 03:05:59 UTC 2018
2 ms. Memory: 646144K Free: 621621K (96%)
ptolemy.util.test.WatchDog.cancel(): canceling Wed Dec 19 03:05:59 UTC 2018
------------------ testing $PTII/ptolemy/domains/de/test/auto/transferInputsandOutputs.xml
auto.tcl: Setting watchdog for 200 seconds at Wed Dec 19 03:05:59 UTC 2018
2 ms. Memory: 647168K Free: 622632K (96%)
ptolemy.util.test.WatchDog.cancel(): canceling Wed Dec 19 03:05:59 UTC 2018
auto.tcl: Setting watchdog for 200 seconds at Wed Dec 19 03:05:59 UTC 2018
1 ms. Memory: 647168K Free: 622632K (96%)
ptolemy.util.test.WatchDog.cancel(): canceling Wed Dec 19 03:05:59 UTC 2018
------------------ testing $PTII/ptolemy/domains/de/test/auto/triggerType.xml
auto.tcl: Setting watchdog for 200 seconds at Wed Dec 19 03:06:00 UTC 2018
3 ms. Memory: 646144K Free: 621559K (96%)
ptolemy.util.test.WatchDog.cancel(): canceling Wed Dec 19 03:06:00 UTC 2018
auto.tcl: Setting watchdog for 200 seconds at Wed Dec 19 03:06:00 UTC 2018
1 ms. Memory: 646144K Free: 621559K (96%)
ptolemy.util.test.WatchDog.cancel(): canceling Wed Dec 19 03:06:00 UTC 2018
12/19/18 03:06:00
Failed: 0  Total Tests: 192  ((Passed: 187, Newly Passed: 1)  Known Failed: 5) /home/travis/build/icyphy/ptII/ptolemy/domains/de/test
12/19/18 03:06:00
Failed: 0  Total Tests: 192  ((Passed: 187, Newly Passed: 1)  Known Failed: 5) /home/travis/build/icyphy/ptII/ptolemy/domains/de/test
----------------- testing (KnownFailure) /home/travis/build/icyphy/ptII/ptolemy/domains/de/test/auto/knownFailedTests/DESDFClockTest.xml
2007 ms. Memory: 647168K Free: 611309K (94%)
Known Failure: java.lang.reflect.InvocationTargetException
----------------- testing (KnownFailure) /home/travis/build/icyphy/ptII/ptolemy/domains/de/test/auto/knownFailedTests/DirectFeedback.xml
3 ms. Memory: 647168K Free: 566130K (87%)
Known Failure: java.lang.reflect.InvocationTargetException
----------------- testing (KnownFailure) /home/travis/build/icyphy/ptII/ptolemy/domains/de/test/auto/knownFailedTests/FSMSource.xml
14 ms. Memory: 647168K Free: 520951K (80%)
----------------- testing (KnownFailure) /home/travis/build/icyphy/ptII/ptolemy/domains/de/test/auto/knownFailedTests/HierarchicalModel.xml
4 ms. Memory: 647168K Free: 487051K (75%)
Known Failure: java.lang.reflect.InvocationTargetException
----------------- testing (KnownFailure) /home/travis/build/icyphy/ptII/ptolemy/domains/de/test/auto/knownFailedTests/dependencyLoop.xml
3 ms. Memory: 647168K Free: 430561K (67%)
Known Failure: java.lang.reflect.InvocationTargetException
----------------- testing (KnownFailure) /home/travis/build/icyphy/ptII/ptolemy/domains/de/test/auto/knownFailedTests/dependencyLoop2.xml
4 ms. Memory: 647168K Free: 374087K (58%)
Known Failure: java.lang.reflect.InvocationTargetException
No auto/linux-amd64/*.xml tests in /home/travis/build/icyphy/ptII/ptolemy/domains/de/test
AutoTests.java: About to close Vertx.
AutoTests.java: Vertx closed.

===========================================================================================
----------------- testing Wed Dec 19 03:06:02 UTC 2018 /home/travis/build/icyphy/ptII/ptolemy/domains/de/test/auto/ActorDepthCalculation_actorWithoutPorts.xml
----------------- Instantiating /home/travis/build/icyphy/ptII/ptolemy/domains/de/test/auto/ActorDepthCalculation_actorWithoutPorts.xml
1 ms. Memory: 647168K Free: 317613K (49%)
----------------- Invoking toplevel() on ptolemy.moml.MoMLSimpleApplication@7e4848cb
----------------- Done invoking toplevel() on ptolemy.moml.MoMLSimpleApplication@7e4848cb
reloadAllAccessors: .ActorDepthCalculation_actorWithoutPorts

===========================================================================================
----------------- testing Wed Dec 19 03:06:02 UTC 2018 /home/travis/build/icyphy/ptII/ptolemy/domains/de/test/auto/AssemblyLine.xml
----------------- Instantiating /home/travis/build/icyphy/ptII/ptolemy/domains/de/test/auto/AssemblyLine.xml
1 ms. Memory: 647168K Free: 295024K (46%)
----------------- Invoking toplevel() on ptolemy.moml.MoMLSimpleApplication@198933f4
----------------- Done invoking toplevel() on ptolemy.moml.MoMLSimpleApplication@198933f4
reloadAllAccessors: .AssemblyLine

===========================================================================================
----------------- testing Wed Dec 19 03:06:02 UTC 2018 /home/travis/build/icyphy/ptII/ptolemy/domains/de/test/auto/CQBug1.xml
----------------- Instantiating /home/travis/build/icyphy/ptII/ptolemy/domains/de/test/auto/CQBug1.xml
2 ms. Memory: 647168K Free: 272434K (42%)
----------------- Invoking toplevel() on ptolemy.moml.MoMLSimpleApplication@5b41ca31
----------------- Done invoking toplevel() on ptolemy.moml.MoMLSimpleApplication@5b41ca31
reloadAllAccessors: .CQBug1

===========================================================================================
----------------- testing Wed Dec 19 03:06:02 UTC 2018 /home/travis/build/icyphy/ptII/ptolemy/domains/de/test/auto/CancelFireAt.xml
----------------- Instantiating /home/travis/build/icyphy/ptII/ptolemy/domains/de/test/auto/CancelFireAt.xml
1 ms. Memory: 647168K Free: 249845K (39%)
----------------- Invoking toplevel() on ptolemy.moml.MoMLSimpleApplication@6d7714c7
----------------- Done invoking toplevel() on ptolemy.moml.MoMLSimpleApplication@6d7714c7
reloadAllAccessors: .CancelFireAt

===========================================================================================
----------------- testing Wed Dec 19 03:06:02 UTC 2018 /home/travis/build/icyphy/ptII/ptolemy/domains/de/test/auto/CausalityAndComposabilityAnalysis.xml
----------------- Instantiating /home/travis/build/icyphy/ptII/ptolemy/domains/de/test/auto/CausalityAndComposabilityAnalysis.xml
1 ms. Memory: 647168K Free: 227255K (35%)
----------------- Invoking toplevel() on ptolemy.moml.MoMLSimpleApplication@32d5cef3
----------------- Done invoking toplevel() on ptolemy.moml.MoMLSimpleApplication@32d5cef3
reloadAllAccessors: .CausalityAndComposabilityAnalysis

===========================================================================================
----------------- testing Wed Dec 19 03:06:02 UTC 2018 /home/travis/build/icyphy/ptII/ptolemy/domains/de/test/auto/CausalityInterface1.xml
----------------- Instantiating /home/travis/build/icyphy/ptII/ptolemy/domains/de/test/auto/CausalityInterface1.xml
3 ms. Memory: 647168K Free: 204666K (32%)
----------------- Invoking toplevel() on ptolemy.moml.MoMLSimpleApplication@41740a35
----------------- Done invoking toplevel() on ptolemy.moml.MoMLSimpleApplication@41740a35
reloadAllAccessors: .CausalityInterface1

===========================================================================================
----------------- testing Wed Dec 19 03:06:02 UTC 2018 /home/travis/build/icyphy/ptII/ptolemy/domains/de/test/auto/CausalityInterface15.xml
----------------- Instantiating /home/travis/build/icyphy/ptII/ptolemy/domains/de/test/auto/CausalityInterface15.xml
1 ms. Memory: 647168K Free: 182076K (28%)
----------------- Invoking toplevel() on ptolemy.moml.MoMLSimpleApplication@6eaed00c
----------------- Done invoking toplevel() on ptolemy.moml.MoMLSimpleApplication@6eaed00c
reloadAllAccessors: .CausalityInterface15

[...]
java.lang.RuntimeException: Execution failed
	at ptolemy.moml.MoMLSimpleApplication$UnloadThread.run(MoMLSimpleApplication.java:402)
Caused by: ptolemy.kernel.util.IllegalActionException: Test fails in iteration 1.
Value was: 1.0. Should have been: 2.0
  in .DirectFeedback.Test
	at ptolemy.actor.lib.Test.fire(Test.java:268)
	at ptolemy.domains.de.kernel.DEDirector._fire(DEDirector.java:1949)
	at ptolemy.domains.de.kernel.DEDirector.fire(DEDirector.java:502)
	at ptolemy.actor.CompositeActor.fire(CompositeActor.java:455)
	at ptolemy.actor.Manager.iterate(Manager.java:851)
	at ptolemy.actor.Manager.execute(Manager.java:369)
	at ptolemy.actor.Manager.run(Manager.java:1263)
	at ptolemy.actor.Manager$PtolemyRunThread.run(Manager.java:1915)
java.lang.RuntimeException: Execution failed
	at ptolemy.moml.MoMLSimpleApplication$UnloadThread.run(MoMLSimpleApplication.java:402)
Caused by: ptolemy.kernel.util.IllegalActionException: Actor is not ready to fire.  Perhaps UpSample.prefire() returned false? Try debugging the actor by selecting "Listen to Actor".  Also, for SDF check moml for tokenConsumptionRate on input.
  in .DESDFClockTest.Play Bell.Copy1:SDF Director and .DESDFClockTest.Play Bell.UpSample
	at ptolemy.actor.sched.StaticSchedulingDirector.fire(StaticSchedulingDirector.java:227)
	at ptolemy.domains.sdf.kernel.SDFDirector.fire(SDFDirector.java:500)
	at ptolemy.actor.CompositeActor.fire(CompositeActor.java:455)
	at ptolemy.domains.de.kernel.DEDirector._fire(DEDirector.java:1949)
	at ptolemy.domains.de.kernel.DEDirector.fire(DEDirector.java:502)
	at ptolemy.actor.CompositeActor.fire(CompositeActor.java:455)
	at ptolemy.actor.Manager.iterate(Manager.java:851)
	at ptolemy.actor.Manager.execute(Manager.java:369)
	at ptolemy.actor.Manager.run(Manager.java:1263)
	at ptolemy.actor.Manager$PtolemyRunThread.run(Manager.java:1915)
java.lang.reflect.InvocationTargetException
	at sun.reflect.NativeConstructorAccessorImpl.newInstance0(Native Method)
	at sun.reflect.NativeConstructorAccessorImpl.newInstance(NativeConstructorAccessorImpl.java:62)
	at sun.reflect.DelegatingConstructorAccessorImpl.newInstance(DelegatingConstructorAccessorImpl.java:45)
	at java.lang.reflect.Constructor.newInstance(Constructor.java:423)
	at ptolemy.util.test.junit.AutoKnownFailedTests.RunModel(AutoKnownFailedTests.java:105)
	at sun.reflect.NativeMethodAccessorImpl.invoke0(Native Method)
	at sun.reflect.NativeMethodAccessorImpl.invoke(NativeMethodAccessorImpl.java:62)
	at sun.reflect.DelegatingMethodAccessorImpl.invoke(DelegatingMethodAccessorImpl.java:43)
	at java.lang.reflect.Method.invoke(Method.java:498)
	at org.junit.runners.model.FrameworkMethod$1.runReflectiveCall(FrameworkMethod.java:44)
	at org.junit.internal.runners.model.ReflectiveCallable.run(ReflectiveCallable.java:15)
	at org.junit.runners.model.FrameworkMethod.invokeExplosively(FrameworkMethod.java:41)
	at junitparams.internal.InvokeParameterisedMethod.evaluate(InvokeParameterisedMethod.java:102)
	at org.junit.internal.runners.statements.FailOnTimeout$1.run(FailOnTimeout.java:28)
Caused by: ptolemy.kernel.util.IllegalActionException: Actor is not ready to fire.  Perhaps UpSample.prefire() returned false? Try debugging the actor by selecting "Listen to Actor".  Also, for SDF check moml for tokenConsumptionRate on input.
  in .DESDFClockTest.Play Bell.Copy1:SDF Director and .DESDFClockTest.Play Bell.UpSample
	at ptolemy.actor.sched.StaticSchedulingDirector.fire(StaticSchedulingDirector.java:227)
	at ptolemy.domains.sdf.kernel.SDFDirector.fire(SDFDirector.java:500)
	at ptolemy.actor.CompositeActor.fire(CompositeActor.java:455)
	at ptolemy.domains.de.kernel.DEDirector._fire(DEDirector.java:1949)
	at ptolemy.domains.de.kernel.DEDirector.fire(DEDirector.java:502)
	at ptolemy.actor.CompositeActor.fire(CompositeActor.java:455)
	at ptolemy.actor.Manager.iterate(Manager.java:851)
	at ptolemy.actor.Manager.execute(Manager.java:369)
	at ptolemy.actor.Manager.run(Manager.java:1263)
	at ptolemy.actor.Manager$PtolemyRunThread.run(Manager.java:1915)
java.lang.RuntimeException: Execution failed
	at ptolemy.moml.MoMLSimpleApplication$UnloadThread.run(MoMLSimpleApplication.java:402)
Caused by: ptolemy.kernel.util.IllegalActionException: Test fails in iteration 1.
Value was: 1.0. Should have been: 2.0
  in .DirectFeedback.Test
	at ptolemy.actor.lib.Test.fire(Test.java:268)
	at ptolemy.domains.de.kernel.DEDirector._fire(DEDirector.java:1949)
	at ptolemy.domains.de.kernel.DEDirector.fire(DEDirector.java:502)
	at ptolemy.actor.CompositeActor.fire(CompositeActor.java:455)
	at ptolemy.actor.Manager.iterate(Manager.java:851)
	at ptolemy.actor.Manager.execute(Manager.java:369)
	at ptolemy.actor.Manager.run(Manager.java:1263)
	at ptolemy.actor.Manager$PtolemyRunThread.run(Manager.java:1915)
java.lang.reflect.InvocationTargetException
	at sun.reflect.NativeConstructorAccessorImpl.newInstance0(Native Method)
	at sun.reflect.NativeConstructorAccessorImpl.newInstance(NativeConstructorAccessorImpl.java:62)
	at sun.reflect.DelegatingConstructorAccessorImpl.newInstance(DelegatingConstructorAccessorImpl.java:45)
	at java.lang.reflect.Constructor.newInstance(Constructor.java:423)
	at ptolemy.util.test.junit.AutoKnownFailedTests.RunModel(AutoKnownFailedTests.java:105)
	at sun.reflect.NativeMethodAccessorImpl.invoke0(Native Method)
	at sun.reflect.NativeMethodAccessorImpl.invoke(NativeMethodAccessorImpl.java:62)
	at sun.reflect.DelegatingMethodAccessorImpl.invoke(DelegatingMethodAccessorImpl.java:43)
	at java.lang.reflect.Method.invoke(Method.java:498)
	at org.junit.runners.model.FrameworkMethod$1.runReflectiveCall(FrameworkMethod.java:44)
	at org.junit.internal.runners.model.ReflectiveCallable.run(ReflectiveCallable.java:15)
	at org.junit.runners.model.FrameworkMethod.invokeExplosively(FrameworkMethod.java:41)
	at junitparams.internal.InvokeParameterisedMethod.evaluate(InvokeParameterisedMethod.java:102)
	at org.junit.internal.runners.statements.FailOnTimeout$1.run(FailOnTimeout.java:28)
Caused by: ptolemy.kernel.util.IllegalActionException: Test fails in iteration 1.
Value was: 1.0. Should have been: 2.0
  in .DirectFeedback.Test
	at ptolemy.actor.lib.Test.fire(Test.java:268)
	at ptolemy.domains.de.kernel.DEDirector._fire(DEDirector.java:1949)
	at ptolemy.domains.de.kernel.DEDirector.fire(DEDirector.java:502)
	at ptolemy.actor.CompositeActor.fire(CompositeActor.java:455)
	at ptolemy.actor.Manager.iterate(Manager.java:851)
	at ptolemy.actor.Manager.execute(Manager.java:369)
	at ptolemy.actor.Manager.run(Manager.java:1263)
	at ptolemy.actor.Manager$PtolemyRunThread.run(Manager.java:1915)
java.lang.RuntimeException: Execution failed
	at ptolemy.moml.MoMLSimpleApplication$UnloadThread.run(MoMLSimpleApplication.java:402)
Caused by: ptolemy.kernel.util.IllegalActionException: Found a zero delay loop containing .HierarchicalModel.A
  in .HierarchicalModel and .HierarchicalModel.A
	at ptolemy.actor.util.CausalityInterfaceForComposites._computeOutputPortDepth(CausalityInterfaceForComposites.java:759)
	at ptolemy.actor.util.CausalityInterfaceForComposites._computeInputDepth(CausalityInterfaceForComposites.java:696)
	at ptolemy.actor.util.CausalityInterfaceForComposites._computeOutputPortDepth(CausalityInterfaceForComposites.java:765)
	at ptolemy.actor.util.CausalityInterfaceForComposites._computeInputDepth(CausalityInterfaceForComposites.java:696)
	at ptolemy.actor.util.CausalityInterfaceForComposites._computeOutputPortDepth(CausalityInterfaceForComposites.java:765)
	at ptolemy.actor.util.CausalityInterfaceForComposites._computeInputDepth(CausalityInterfaceForComposites.java:696)
	at ptolemy.actor.util.CausalityInterfaceForComposites._computeActorDepth(CausalityInterfaceForComposites.java:532)
	at ptolemy.actor.util.CausalityInterfaceForComposites.checkForCycles(CausalityInterfaceForComposites.java:96)
	at ptolemy.domains.de.kernel.DEDirector.preinitialize(DEDirector.java:1338)
	at ptolemy.actor.CompositeActor.preinitialize(CompositeActor.java:1828)
	at ptolemy.actor.Manager.preinitializeAndResolveTypes(Manager.java:1040)
	at ptolemy.actor.Manager.initialize(Manager.java:710)
	at ptolemy.actor.Manager.execute(Manager.java:356)
	at ptolemy.actor.Manager.run(Manager.java:1263)
	at ptolemy.actor.Manager$PtolemyRunThread.run(Manager.java:1915)
java.lang.reflect.InvocationTargetException
	at sun.reflect.NativeConstructorAccessorImpl.newInstance0(Native Method)
	at sun.reflect.NativeConstructorAccessorImpl.newInstance(NativeConstructorAccessorImpl.java:62)
	at sun.reflect.DelegatingConstructorAccessorImpl.newInstance(DelegatingConstructorAccessorImpl.java:45)
	at java.lang.reflect.Constructor.newInstance(Constructor.java:423)
	at ptolemy.util.test.junit.AutoKnownFailedTests.RunModel(AutoKnownFailedTests.java:105)
	at sun.reflect.NativeMethodAccessorImpl.invoke0(Native Method)
	at sun.reflect.NativeMethodAccessorImpl.invoke(NativeMethodAccessorImpl.java:62)
	at sun.reflect.DelegatingMethodAccessorImpl.invoke(DelegatingMethodAccessorImpl.java:43)
	at java.lang.reflect.Method.invoke(Method.java:498)
	at org.junit.runners.model.FrameworkMethod$1.runReflectiveCall(FrameworkMethod.java:44)
	at org.junit.internal.runners.model.ReflectiveCallable.run(ReflectiveCallable.java:15)
	at org.junit.runners.model.FrameworkMethod.invokeExplosively(FrameworkMethod.java:41)
	at junitparams.internal.InvokeParameterisedMethod.evaluate(InvokeParameterisedMethod.java:102)
	at org.junit.internal.runners.statements.FailOnTimeout$1.run(FailOnTimeout.java:28)
Caused by: ptolemy.kernel.util.IllegalActionException: Found a zero delay loop containing .HierarchicalModel.A
  in .HierarchicalModel and .HierarchicalModel.A
	at ptolemy.actor.util.CausalityInterfaceForComposites._computeOutputPortDepth(CausalityInterfaceForComposites.java:759)
	at ptolemy.actor.util.CausalityInterfaceForComposites._computeInputDepth(CausalityInterfaceForComposites.java:696)
	at ptolemy.actor.util.CausalityInterfaceForComposites._computeOutputPortDepth(CausalityInterfaceForComposites.java:765)
	at ptolemy.actor.util.CausalityInterfaceForComposites._computeInputDepth(CausalityInterfaceForComposites.java:696)
	at ptolemy.actor.util.CausalityInterfaceForComposites._computeOutputPortDepth(CausalityInterfaceForComposites.java:765)
	at ptolemy.actor.util.CausalityInterfaceForComposites._computeInputDepth(CausalityInterfaceForComposites.java:696)
	at ptolemy.actor.util.CausalityInterfaceForComposites._computeActorDepth(CausalityInterfaceForComposites.java:532)
	at ptolemy.actor.util.CausalityInterfaceForComposites.checkForCycles(CausalityInterfaceForComposites.java:96)
	at ptolemy.domains.de.kernel.DEDirector.preinitialize(DEDirector.java:1338)
	at ptolemy.actor.CompositeActor.preinitialize(CompositeActor.java:1828)
	at ptolemy.actor.Manager.preinitializeAndResolveTypes(Manager.java:1040)
	at ptolemy.actor.Manager.initialize(Manager.java:710)
	at ptolemy.actor.Manager.execute(Manager.java:356)
	at ptolemy.actor.Manager.run(Manager.java:1263)
	at ptolemy.actor.Manager$PtolemyRunThread.run(Manager.java:1915)
java.lang.RuntimeException: Execution failed
	at ptolemy.moml.MoMLSimpleApplication$UnloadThread.run(MoMLSimpleApplication.java:402)
Caused by: ptolemy.kernel.util.IllegalActionException: Found a zero delay loop containing .dependencyLoop.original
  in .dependencyLoop and .dependencyLoop.original
	at ptolemy.actor.util.CausalityInterfaceForComposites._computeOutputPortDepth(CausalityInterfaceForComposites.java:759)
	at ptolemy.actor.util.CausalityInterfaceForComposites._computeInputDepth(CausalityInterfaceForComposites.java:696)
	at ptolemy.actor.util.CausalityInterfaceForComposites._computeOutputPortDepth(CausalityInterfaceForComposites.java:765)
	at ptolemy.actor.util.CausalityInterfaceForComposites._computeInputDepth(CausalityInterfaceForComposites.java:696)
	at ptolemy.actor.util.CausalityInterfaceForComposites._computeOutputPortDepth(CausalityInterfaceForComposites.java:765)
	at ptolemy.actor.util.CausalityInterfaceForComposites._computeInputDepth(CausalityInterfaceForComposites.java:696)
	at ptolemy.actor.util.CausalityInterfaceForComposites._computeActorDepth(CausalityInterfaceForComposites.java:532)
	at ptolemy.actor.util.CausalityInterfaceForComposites.checkForCycles(CausalityInterfaceForComposites.java:96)
	at ptolemy.domains.de.kernel.DEDirector.preinitialize(DEDirector.java:1338)
	at ptolemy.actor.CompositeActor.preinitialize(CompositeActor.java:1828)
	at ptolemy.actor.Manager.preinitializeAndResolveTypes(Manager.java:1040)
	at ptolemy.actor.Manager.initialize(Manager.java:710)
	at ptolemy.actor.Manager.execute(Manager.java:356)
	at ptolemy.actor.Manager.run(Manager.java:1263)
	at ptolemy.actor.Manager$PtolemyRunThread.run(Manager.java:1915)
java.lang.reflect.InvocationTargetException
	at sun.reflect.NativeConstructorAccessorImpl.newInstance0(Native Method)
	at sun.reflect.NativeConstructorAccessorImpl.newInstance(NativeConstructorAccessorImpl.java:62)
	at sun.reflect.DelegatingConstructorAccessorImpl.newInstance(DelegatingConstructorAccessorImpl.java:45)
	at java.lang.reflect.Constructor.newInstance(Constructor.java:423)
	at ptolemy.util.test.junit.AutoKnownFailedTests.RunModel(AutoKnownFailedTests.java:105)
	at sun.reflect.NativeMethodAccessorImpl.invoke0(Native Method)
	at sun.reflect.NativeMethodAccessorImpl.invoke(NativeMethodAccessorImpl.java:62)
	at sun.reflect.DelegatingMethodAccessorImpl.invoke(DelegatingMethodAccessorImpl.java:43)
	at java.lang.reflect.Method.invoke(Method.java:498)
	at org.junit.runners.model.FrameworkMethod$1.runReflectiveCall(FrameworkMethod.java:44)
	at org.junit.internal.runners.model.ReflectiveCallable.run(ReflectiveCallable.java:15)
	at org.junit.runners.model.FrameworkMethod.invokeExplosively(FrameworkMethod.java:41)
	at junitparams.internal.InvokeParameterisedMethod.evaluate(InvokeParameterisedMethod.java:102)
	at org.junit.internal.runners.statements.FailOnTimeout$1.run(FailOnTimeout.java:28)
Caused by: ptolemy.kernel.util.IllegalActionException: Found a zero delay loop containing .dependencyLoop.original
  in .dependencyLoop and .dependencyLoop.original
	at ptolemy.actor.util.CausalityInterfaceForComposites._computeOutputPortDepth(CausalityInterfaceForComposites.java:759)
	at ptolemy.actor.util.CausalityInterfaceForComposites._computeInputDepth(CausalityInterfaceForComposites.java:696)
	at ptolemy.actor.util.CausalityInterfaceForComposites._computeOutputPortDepth(CausalityInterfaceForComposites.java:765)
	at ptolemy.actor.util.CausalityInterfaceForComposites._computeInputDepth(CausalityInterfaceForComposites.java:696)
	at ptolemy.actor.util.CausalityInterfaceForComposites._computeOutputPortDepth(CausalityInterfaceForComposites.java:765)
	at ptolemy.actor.util.CausalityInterfaceForComposites._computeInputDepth(CausalityInterfaceForComposites.java:696)
	at ptolemy.actor.util.CausalityInterfaceForComposites._computeActorDepth(CausalityInterfaceForComposites.java:532)
	at ptolemy.actor.util.CausalityInterfaceForComposites.checkForCycles(CausalityInterfaceForComposites.java:96)
	at ptolemy.domains.de.kernel.DEDirector.preinitialize(DEDirector.java:1338)
	at ptolemy.actor.CompositeActor.preinitialize(CompositeActor.java:1828)
	at ptolemy.actor.Manager.preinitializeAndResolveTypes(Manager.java:1040)
	at ptolemy.actor.Manager.initialize(Manager.java:710)
	at ptolemy.actor.Manager.execute(Manager.java:356)
	at ptolemy.actor.Manager.run(Manager.java:1263)
	at ptolemy.actor.Manager$PtolemyRunThread.run(Manager.java:1915)
java.lang.RuntimeException: Execution failed
	at ptolemy.moml.MoMLSimpleApplication$UnloadThread.run(MoMLSimpleApplication.java:402)
Caused by: ptolemy.kernel.util.IllegalActionException: Found a zero delay loop containing .dependencyLoop2.original
  in .dependencyLoop2 and .dependencyLoop2.original
	at ptolemy.actor.util.CausalityInterfaceForComposites._computeOutputPortDepth(CausalityInterfaceForComposites.java:759)
	at ptolemy.actor.util.CausalityInterfaceForComposites._computeInputDepth(CausalityInterfaceForComposites.java:696)
	at ptolemy.actor.util.CausalityInterfaceForComposites._computeOutputPortDepth(CausalityInterfaceForComposites.java:765)
	at ptolemy.actor.util.CausalityInterfaceForComposites._computeInputDepth(CausalityInterfaceForComposites.java:696)
	at ptolemy.actor.util.CausalityInterfaceForComposites._computeOutputPortDepth(CausalityInterfaceForComposites.java:765)
	at ptolemy.actor.util.CausalityInterfaceForComposites._computeInputDepth(CausalityInterfaceForComposites.java:696)
	at ptolemy.actor.util.CausalityInterfaceForComposites._computeActorDepth(CausalityInterfaceForComposites.java:532)
	at ptolemy.actor.util.CausalityInterfaceForComposites.checkForCycles(CausalityInterfaceForComposites.java:96)
	at ptolemy.domains.de.kernel.DEDirector.preinitialize(DEDirector.java:1338)
	at ptolemy.actor.CompositeActor.preinitialize(CompositeActor.java:1828)
	at ptolemy.actor.Manager.preinitializeAndResolveTypes(Manager.java:1040)
	at ptolemy.actor.Manager.initialize(Manager.java:710)
	at ptolemy.actor.Manager.execute(Manager.java:356)
	at ptolemy.actor.Manager.run(Manager.java:1263)
	at ptolemy.actor.Manager$PtolemyRunThread.run(Manager.java:1915)
java.lang.reflect.InvocationTargetException
	at sun.reflect.NativeConstructorAccessorImpl.newInstance0(Native Method)
	at sun.reflect.NativeConstructorAccessorImpl.newInstance(NativeConstructorAccessorImpl.java:62)
	at sun.reflect.DelegatingConstructorAccessorImpl.newInstance(DelegatingConstructorAccessorImpl.java:45)
	at java.lang.reflect.Constructor.newInstance(Constructor.java:423)
	at ptolemy.util.test.junit.AutoKnownFailedTests.RunModel(AutoKnownFailedTests.java:105)
	at sun.reflect.NativeMethodAccessorImpl.invoke0(Native Method)
	at sun.reflect.NativeMethodAccessorImpl.invoke(NativeMethodAccessorImpl.java:62)
	at sun.reflect.DelegatingMethodAccessorImpl.invoke(DelegatingMethodAccessorImpl.java:43)
	at java.lang.reflect.Method.invoke(Method.java:498)
	at org.junit.runners.model.FrameworkMethod$1.runReflectiveCall(FrameworkMethod.java:44)
	at org.junit.internal.runners.model.ReflectiveCallable.run(ReflectiveCallable.java:15)
	at org.junit.runners.model.FrameworkMethod.invokeExplosively(FrameworkMethod.java:41)
	at junitparams.internal.InvokeParameterisedMethod.evaluate(InvokeParameterisedMethod.java:102)
	at org.junit.internal.runners.statements.FailOnTimeout$1.run(FailOnTimeout.java:28)
Caused by: ptolemy.kernel.util.IllegalActionException: Found a zero delay loop containing .dependencyLoop2.original
  in .dependencyLoop2 and .dependencyLoop2.original
	at ptolemy.actor.util.CausalityInterfaceForComposites._computeOutputPortDepth(CausalityInterfaceForComposites.java:759)
	at ptolemy.actor.util.CausalityInterfaceForComposites._computeInputDepth(CausalityInterfaceForComposites.java:696)
	at ptolemy.actor.util.CausalityInterfaceForComposites._computeOutputPortDepth(CausalityInterfaceForComposites.java:765)
	at ptolemy.actor.util.CausalityInterfaceForComposites._computeInputDepth(CausalityInterfaceForComposites.java:696)
	at ptolemy.actor.util.CausalityInterfaceForComposites._computeOutputPortDepth(CausalityInterfaceForComposites.java:765)
	at ptolemy.actor.util.CausalityInterfaceForComposites._computeInputDepth(CausalityInterfaceForComposites.java:696)
	at ptolemy.actor.util.CausalityInterfaceForComposites._computeActorDepth(CausalityInterfaceForComposites.java:532)
	at ptolemy.actor.util.CausalityInterfaceForComposites.checkForCycles(CausalityInterfaceForComposites.java:96)
	at ptolemy.domains.de.kernel.DEDirector.preinitialize(DEDirector.java:1338)
	at ptolemy.actor.CompositeActor.preinitialize(CompositeActor.java:1828)
	at ptolemy.actor.Manager.preinitializeAndResolveTypes(Manager.java:1040)
	at ptolemy.actor.Manager.initialize(Manager.java:710)
	at ptolemy.actor.Manager.execute(Manager.java:356)
	at ptolemy.actor.Manager.run(Manager.java:1263)
	at ptolemy.actor.Manager$PtolemyRunThread.run(Manager.java:1915)
]]></system-err>
</testsuite>
