<?xml version="1.0" encoding="UTF-8" ?>
<testsuite errors="0" failures="0" hostname="travis-job-14e41439-803a-407d-b4f0-f4377fb7855c" name="ptolemy.domains.de.test.junit.JUnitTclTest" skipped="0" tests="101" time="133.493" timestamp="2019-03-31T03:55:08">
  <properties>
[...]
</properties>
  <testcase classname="ptolemy.util.test.junit.TclTests" name="[0] /home/travis/build/icyphy/ptII/ptolemy/domains/de/test/DependencyLoop.tcl (RunTclFile)" time="0.71" />
  <testcase classname="ptolemy.util.test.junit.TclTests" name="[1] /home/travis/build/icyphy/ptII/ptolemy/domains/de/test/RunDETestsAsQSS.tcl (RunTclFile)" time="91.732" />
  <testcase classname="ptolemy.util.test.junit.AutoKnownFailedTests" name="[0] /home/travis/build/icyphy/ptII/ptolemy/domains/de/test/auto/knownFailedTests/DESDFClockTest.xml (RunModel)" time="2.044" />
  <testcase classname="ptolemy.util.test.junit.AutoKnownFailedTests" name="[1] /home/travis/build/icyphy/ptII/ptolemy/domains/de/test/auto/knownFailedTests/DirectFeedback.xml (RunModel)" time="0.017" />
  <testcase classname="ptolemy.util.test.junit.AutoKnownFailedTests" name="[2] /home/travis/build/icyphy/ptII/ptolemy/domains/de/test/auto/knownFailedTests/FSMSource.xml (RunModel)" time="0.031" />
  <testcase classname="ptolemy.util.test.junit.AutoKnownFailedTests" name="[3] /home/travis/build/icyphy/ptII/ptolemy/domains/de/test/auto/knownFailedTests/HierarchicalModel.xml (RunModel)" time="0.034" />
  <testcase classname="ptolemy.util.test.junit.AutoKnownFailedTests" name="[4] /home/travis/build/icyphy/ptII/ptolemy/domains/de/test/auto/knownFailedTests/dependencyLoop.xml (RunModel)" time="0.032" />
  <testcase classname="ptolemy.util.test.junit.AutoKnownFailedTests" name="[5] /home/travis/build/icyphy/ptII/ptolemy/domains/de/test/auto/knownFailedTests/dependencyLoop2.xml (RunModel)" time="0.042" />
  <testcase classname="ptolemy.util.test.junit.AutoNameArchTests" name="[0] ThereAreNoAutoArchTests (RunModel)" time="0.004" />
  <testcase classname="ptolemy.util.test.junit.AutoTests" name="[0] /home/travis/build/icyphy/ptII/ptolemy/domains/de/test/auto/ActorDepthCalculation_actorWithoutPorts.xml (RunModel)" time="0.018" />
  <testcase classname="ptolemy.util.test.junit.AutoTests" name="[1] /home/travis/build/icyphy/ptII/ptolemy/domains/de/test/auto/AssemblyLine.xml (RunModel)" time="0.025" />
  <testcase classname="ptolemy.util.test.junit.AutoTests" name="[2] /home/travis/build/icyphy/ptII/ptolemy/domains/de/test/auto/CQBug1.xml (RunModel)" time="0.009" />
  <testcase classname="ptolemy.util.test.junit.AutoTests" name="[3] /home/travis/build/icyphy/ptII/ptolemy/domains/de/test/auto/CancelFireAt.xml (RunModel)" time="0.012" />
  <testcase classname="ptolemy.util.test.junit.AutoTests" name="[4] /home/travis/build/icyphy/ptII/ptolemy/domains/de/test/auto/CausalityAndComposabilityAnalysis.xml (RunModel)" time="0.012" />
  <testcase classname="ptolemy.util.test.junit.AutoTests" name="[5] /home/travis/build/icyphy/ptII/ptolemy/domains/de/test/auto/CausalityInterface1.xml (RunModel)" time="0.016" />
  <testcase classname="ptolemy.util.test.junit.AutoTests" name="[6] /home/travis/build/icyphy/ptII/ptolemy/domains/de/test/auto/CausalityInterface15.xml (RunModel)" time="0.013" />
  <testcase classname="ptolemy.util.test.junit.AutoTests" name="[7] /home/travis/build/icyphy/ptII/ptolemy/domains/de/test/auto/CausalityInterface2.xml (RunModel)" time="0.014" />
  <testcase classname="ptolemy.util.test.junit.AutoTests" name="[8] /home/travis/build/icyphy/ptII/ptolemy/domains/de/test/auto/CausalityInterface3.xml (RunModel)" time="0.011" />
  <testcase classname="ptolemy.util.test.junit.AutoTests" name="[9] /home/travis/build/icyphy/ptII/ptolemy/domains/de/test/auto/ClockDrift.xml (RunModel)" time="0.043" />
  <testcase classname="ptolemy.util.test.junit.AutoTests" name="[10] /home/travis/build/icyphy/ptII/ptolemy/domains/de/test/auto/ClockDriftAndValueChange.xml (RunModel)" time="0.047" />
  <testcase classname="ptolemy.util.test.junit.AutoTests" name="[11] /home/travis/build/icyphy/ptII/ptolemy/domains/de/test/auto/ClockDriftChange.xml (RunModel)" time="0.031" />
  <testcase classname="ptolemy.util.test.junit.AutoTests" name="[12] /home/travis/build/icyphy/ptII/ptolemy/domains/de/test/auto/ComposableCausalityAnalysis.xml (RunModel)" time="0.017" />
  <testcase classname="ptolemy.util.test.junit.AutoTests" name="[13] /home/travis/build/icyphy/ptII/ptolemy/domains/de/test/auto/DEFixedPointLimitation.xml (RunModel)" time="0.013" />
  <testcase classname="ptolemy.util.test.junit.AutoTests" name="[14] /home/travis/build/icyphy/ptII/ptolemy/domains/de/test/auto/DEScheduleTest.xml (RunModel)" time="0.035" />
  <testcase classname="ptolemy.util.test.junit.AutoTests" name="[15] /home/travis/build/icyphy/ptII/ptolemy/domains/de/test/auto/DEinDEwithStartTimes.xml (RunModel)" time="0.019" />
  <testcase classname="ptolemy.util.test.junit.AutoTests" name="[16] /home/travis/build/icyphy/ptII/ptolemy/domains/de/test/auto/DEinDEwithStartTimes2.xml (RunModel)" time="0.014" />
  <testcase classname="ptolemy.util.test.junit.AutoTests" name="[17] /home/travis/build/icyphy/ptII/ptolemy/domains/de/test/auto/DateDemo.xml (RunModel)" time="0.029" />
  <testcase classname="ptolemy.util.test.junit.AutoTests" name="[18] /home/travis/build/icyphy/ptII/ptolemy/domains/de/test/auto/DateToEvent.xml (RunModel)" time="2.041" />
  <testcase classname="ptolemy.util.test.junit.AutoTests" name="[19] /home/travis/build/icyphy/ptII/ptolemy/domains/de/test/auto/DepthTest1.xml (RunModel)" time="0.016" />
  <testcase classname="ptolemy.util.test.junit.AutoTests" name="[20] /home/travis/build/icyphy/ptII/ptolemy/domains/de/test/auto/DepthTest2.xml (RunModel)" time="0.016" />
  <testcase classname="ptolemy.util.test.junit.AutoTests" name="[21] /home/travis/build/icyphy/ptII/ptolemy/domains/de/test/auto/DepthTest3.xml (RunModel)" time="0.008" />
  <testcase classname="ptolemy.util.test.junit.AutoTests" name="[22] /home/travis/build/icyphy/ptII/ptolemy/domains/de/test/auto/DepthTest4.xml (RunModel)" time="0.012" />
  <testcase classname="ptolemy.util.test.junit.AutoTests" name="[23] /home/travis/build/icyphy/ptII/ptolemy/domains/de/test/auto/DepthTest5.xml (RunModel)" time="0.014" />
  <testcase classname="ptolemy.util.test.junit.AutoTests" name="[24] /home/travis/build/icyphy/ptII/ptolemy/domains/de/test/auto/DepthTest6.xml (RunModel)" time="0.014" />
  <testcase classname="ptolemy.util.test.junit.AutoTests" name="[25] /home/travis/build/icyphy/ptII/ptolemy/domains/de/test/auto/DepthTest7.xml (RunModel)" time="0.013" />
  <testcase classname="ptolemy.util.test.junit.AutoTests" name="[26] /home/travis/build/icyphy/ptII/ptolemy/domains/de/test/auto/EventToDate.xml (RunModel)" time="3.035" />
  <testcase classname="ptolemy.util.test.junit.AutoTests" name="[27] /home/travis/build/icyphy/ptII/ptolemy/domains/de/test/auto/FSM1.xml (RunModel)" time="0.053" />
  <testcase classname="ptolemy.util.test.junit.AutoTests" name="[28] /home/travis/build/icyphy/ptII/ptolemy/domains/de/test/auto/FSM7.xml (RunModel)" time="0.043" />
  <testcase classname="ptolemy.util.test.junit.AutoTests" name="[29] /home/travis/build/icyphy/ptII/ptolemy/domains/de/test/auto/Inspection.xml (RunModel)" time="0.044" />
  <testcase classname="ptolemy.util.test.junit.AutoTests" name="[30] /home/travis/build/icyphy/ptII/ptolemy/domains/de/test/auto/Iteration.xml (RunModel)" time="0.028" />
  <testcase classname="ptolemy.util.test.junit.AutoTests" name="[31] /home/travis/build/icyphy/ptII/ptolemy/domains/de/test/auto/LineFault.xml (RunModel)" time="0.535" />
  <testcase classname="ptolemy.util.test.junit.AutoTests" name="[32] /home/travis/build/icyphy/ptII/ptolemy/domains/de/test/auto/MergeModel1Add.xml (RunModel)" time="0.042" />
  <testcase classname="ptolemy.util.test.junit.AutoTests" name="[33] /home/travis/build/icyphy/ptII/ptolemy/domains/de/test/auto/MergeModel2Add.xml (RunModel)" time="0.041" />
  <testcase classname="ptolemy.util.test.junit.AutoTests" name="[34] /home/travis/build/icyphy/ptII/ptolemy/domains/de/test/auto/MergeModel3Add.xml (RunModel)" time="0.042" />
  <testcase classname="ptolemy.util.test.junit.AutoTests" name="[35] /home/travis/build/icyphy/ptII/ptolemy/domains/de/test/auto/MergeWithoutDiscard.xml (RunModel)" time="0.012" />
  <testcase classname="ptolemy.util.test.junit.AutoTests" name="[36] /home/travis/build/icyphy/ptII/ptolemy/domains/de/test/auto/Modal1.xml (RunModel)" time="0.032" />
  <testcase classname="ptolemy.util.test.junit.AutoTests" name="[37] /home/travis/build/icyphy/ptII/ptolemy/domains/de/test/auto/Modal2.xml (RunModel)" time="0.032" />
  <testcase classname="ptolemy.util.test.junit.AutoTests" name="[38] /home/travis/build/icyphy/ptII/ptolemy/domains/de/test/auto/Modal3.xml (RunModel)" time="0.029" />
  <testcase classname="ptolemy.util.test.junit.AutoTests" name="[39] /home/travis/build/icyphy/ptII/ptolemy/domains/de/test/auto/Modal4.xml (RunModel)" time="0.028" />
  <testcase classname="ptolemy.util.test.junit.AutoTests" name="[40] /home/travis/build/icyphy/ptII/ptolemy/domains/de/test/auto/Modal5.xml (RunModel)" time="0.029" />
  <testcase classname="ptolemy.util.test.junit.AutoTests" name="[41] /home/travis/build/icyphy/ptII/ptolemy/domains/de/test/auto/Modal6.xml (RunModel)" time="0.031" />
  <testcase classname="ptolemy.util.test.junit.AutoTests" name="[42] /home/travis/build/icyphy/ptII/ptolemy/domains/de/test/auto/Modal7.xml (RunModel)" time="0.028" />
  <testcase classname="ptolemy.util.test.junit.AutoTests" name="[43] /home/travis/build/icyphy/ptII/ptolemy/domains/de/test/auto/ModalModel.xml (RunModel)" time="0.157" />
  <testcase classname="ptolemy.util.test.junit.AutoTests" name="[44] /home/travis/build/icyphy/ptII/ptolemy/domains/de/test/auto/ModalSource.xml (RunModel)" time="0.019" />
  <testcase classname="ptolemy.util.test.junit.AutoTests" name="[45] /home/travis/build/icyphy/ptII/ptolemy/domains/de/test/auto/NonInterruptibleTimerZeroDelay.xml (RunModel)" time="0.009" />
  <testcase classname="ptolemy.util.test.junit.AutoTests" name="[46] /home/travis/build/icyphy/ptII/ptolemy/domains/de/test/auto/OpenQueueingNetwork.xml (RunModel)" time="2.297" />
  <testcase classname="ptolemy.util.test.junit.AutoTests" name="[47] /home/travis/build/icyphy/ptII/ptolemy/domains/de/test/auto/OpenQueuingNetwork.xml (RunModel)" time="0.278" />
  <testcase classname="ptolemy.util.test.junit.AutoTests" name="[48] /home/travis/build/icyphy/ptII/ptolemy/domains/de/test/auto/PeriodicSampler.xml (RunModel)" time="0.007" />
  <testcase classname="ptolemy.util.test.junit.AutoTests" name="[49] /home/travis/build/icyphy/ptII/ptolemy/domains/de/test/auto/PersistentIO.xml (RunModel)" time="0.017" />
  <testcase classname="ptolemy.util.test.junit.AutoTests" name="[50] /home/travis/build/icyphy/ptII/ptolemy/domains/de/test/auto/PortParameterResetOnInitialize.xml (RunModel)" time="0.011" />
  <testcase classname="ptolemy.util.test.junit.AutoTests" name="[51] /home/travis/build/icyphy/ptII/ptolemy/domains/de/test/auto/PortParameterUpdates.xml (RunModel)" time="0.016" />
  <testcase classname="ptolemy.util.test.junit.AutoTests" name="[52] /home/travis/build/icyphy/ptII/ptolemy/domains/de/test/auto/QueueAndServer.xml (RunModel)" time="0.019" />
  <testcase classname="ptolemy.util.test.junit.AutoTests" name="[53] /home/travis/build/icyphy/ptII/ptolemy/domains/de/test/auto/Records.xml (RunModel)" time="0.016" />
  <testcase classname="ptolemy.util.test.junit.AutoTests" name="[54] /home/travis/build/icyphy/ptII/ptolemy/domains/de/test/auto/ResetTransitionWithStartTime1.xml (RunModel)" time="0.016" />
  <testcase classname="ptolemy.util.test.junit.AutoTests" name="[55] /home/travis/build/icyphy/ptII/ptolemy/domains/de/test/auto/ResetTransitionWithStartTime2.xml (RunModel)" time="0.015" />
  <testcase classname="ptolemy.util.test.junit.AutoTests" name="[56] /home/travis/build/icyphy/ptII/ptolemy/domains/de/test/auto/ResetTransitionWithStartTime3.xml (RunModel)" time="0.016" />
  <testcase classname="ptolemy.util.test.junit.AutoTests" name="[57] /home/travis/build/icyphy/ptII/ptolemy/domains/de/test/auto/ResetTransitionWithStartTime4.xml (RunModel)" time="0.015" />
  <testcase classname="ptolemy.util.test.junit.AutoTests" name="[58] /home/travis/build/icyphy/ptII/ptolemy/domains/de/test/auto/ResettableTimer1.xml (RunModel)" time="0.009" />
  <testcase classname="ptolemy.util.test.junit.AutoTests" name="[59] /home/travis/build/icyphy/ptII/ptolemy/domains/de/test/auto/ResettableTimer2.xml (RunModel)" time="0.009" />
  <testcase classname="ptolemy.util.test.junit.AutoTests" name="[60] /home/travis/build/icyphy/ptII/ptolemy/domains/de/test/auto/ResettableTimer3.xml (RunModel)" time="0.008" />
  <testcase classname="ptolemy.util.test.junit.AutoTests" name="[61] /home/travis/build/icyphy/ptII/ptolemy/domains/de/test/auto/ResettableTimer4.xml (RunModel)" time="0.007" />
  <testcase classname="ptolemy.util.test.junit.AutoTests" name="[62] /home/travis/build/icyphy/ptII/ptolemy/domains/de/test/auto/ResettableTimer5.xml (RunModel)" time="0.008" />
  <testcase classname="ptolemy.util.test.junit.AutoTests" name="[63] /home/travis/build/icyphy/ptII/ptolemy/domains/de/test/auto/ResettableTimer6.xml (RunModel)" time="0.009" />
  <testcase classname="ptolemy.util.test.junit.AutoTests" name="[64] /home/travis/build/icyphy/ptII/ptolemy/domains/de/test/auto/ServerZeroDelay.xml (RunModel)" time="0.009" />
  <testcase classname="ptolemy.util.test.junit.AutoTests" name="[65] /home/travis/build/icyphy/ptII/ptolemy/domains/de/test/auto/SmartSender.xml (RunModel)" time="3.008" />
  <testcase classname="ptolemy.util.test.junit.AutoTests" name="[66] /home/travis/build/icyphy/ptII/ptolemy/domains/de/test/auto/ThreadedComposite.xml (RunModel)" time="0.154" />
  <testcase classname="ptolemy.util.test.junit.AutoTests" name="[67] /home/travis/build/icyphy/ptII/ptolemy/domains/de/test/auto/Time.xml (RunModel)" time="0.432" />
  <testcase classname="ptolemy.util.test.junit.AutoTests" name="[68] /home/travis/build/icyphy/ptII/ptolemy/domains/de/test/auto/TimeDelayZeroDelay.xml (RunModel)" time="0.013" />
  <testcase classname="ptolemy.util.test.junit.AutoTests" name="[69] /home/travis/build/icyphy/ptII/ptolemy/domains/de/test/auto/TimerZeroDelay.xml (RunModel)" time="0.011" />
  <testcase classname="ptolemy.util.test.junit.AutoTests" name="[70] /home/travis/build/icyphy/ptII/ptolemy/domains/de/test/auto/TimingParadox.xml (RunModel)" time="0.343" />
  <testcase classname="ptolemy.util.test.junit.AutoTests" name="[71] /home/travis/build/icyphy/ptII/ptolemy/domains/de/test/auto/TransferInputs.xml (RunModel)" time="0.013" />
  <testcase classname="ptolemy.util.test.junit.AutoTests" name="[72] /home/travis/build/icyphy/ptII/ptolemy/domains/de/test/auto/TransferOutputs2.xml (RunModel)" time="0.013" />
  <testcase classname="ptolemy.util.test.junit.AutoTests" name="[73] /home/travis/build/icyphy/ptII/ptolemy/domains/de/test/auto/Trilateration.xml (RunModel)" time="12.641" />
  <testcase classname="ptolemy.util.test.junit.AutoTests" name="[74] /home/travis/build/icyphy/ptII/ptolemy/domains/de/test/auto/TwoSigmaDelta.xml (RunModel)" time="2.17" />
  <testcase classname="ptolemy.util.test.junit.AutoTests" name="[75] /home/travis/build/icyphy/ptII/ptolemy/domains/de/test/auto/VariableDelay.xml (RunModel)" time="0.012" />
  <testcase classname="ptolemy.util.test.junit.AutoTests" name="[76] /home/travis/build/icyphy/ptII/ptolemy/domains/de/test/auto/VariableDelay2.xml (RunModel)" time="0.01" />
  <testcase classname="ptolemy.util.test.junit.AutoTests" name="[77] /home/travis/build/icyphy/ptII/ptolemy/domains/de/test/auto/VariableDelayZeroDelay.xml (RunModel)" time="0.01" />
  <testcase classname="ptolemy.util.test.junit.AutoTests" name="[78] /home/travis/build/icyphy/ptII/ptolemy/domains/de/test/auto/VariableDelayZeroDelay2.xml (RunModel)" time="0.009" />
  <testcase classname="ptolemy.util.test.junit.AutoTests" name="[79] /home/travis/build/icyphy/ptII/ptolemy/domains/de/test/auto/deInCt.xml (RunModel)" time="0.019" />
  <testcase classname="ptolemy.util.test.junit.AutoTests" name="[80] /home/travis/build/icyphy/ptII/ptolemy/domains/de/test/auto/deInCt2.xml (RunModel)" time="0.016" />
  <testcase classname="ptolemy.util.test.junit.AutoTests" name="[81] /home/travis/build/icyphy/ptII/ptolemy/domains/de/test/auto/dynamicCausalityInterface1.xml (RunModel)" time="0.017" />
  <testcase classname="ptolemy.util.test.junit.AutoTests" name="[82] /home/travis/build/icyphy/ptII/ptolemy/domains/de/test/auto/fsm_de_test.xml (RunModel)" time="0.022" />
  <testcase classname="ptolemy.util.test.junit.AutoTests" name="[83] /home/travis/build/icyphy/ptII/ptolemy/domains/de/test/auto/functionDependencyReconstruction.xml (RunModel)" time="0.028" />
  <testcase classname="ptolemy.util.test.junit.AutoTests" name="[84] /home/travis/build/icyphy/ptII/ptolemy/domains/de/test/auto/multirate.xml (RunModel)" time="0.014" />
  <testcase classname="ptolemy.util.test.junit.AutoTests" name="[85] /home/travis/build/icyphy/ptII/ptolemy/domains/de/test/auto/multirate2.xml (RunModel)" time="0.013" />
  <testcase classname="ptolemy.util.test.junit.AutoTests" name="[86] /home/travis/build/icyphy/ptII/ptolemy/domains/de/test/auto/realtime.xml (RunModel)" time="10.01" />
  <testcase classname="ptolemy.util.test.junit.AutoTests" name="[87] /home/travis/build/icyphy/ptII/ptolemy/domains/de/test/auto/relationGroup.xml (RunModel)" time="0.009" />
  <testcase classname="ptolemy.util.test.junit.AutoTests" name="[88] /home/travis/build/icyphy/ptII/ptolemy/domains/de/test/auto/relationGroup2.xml (RunModel)" time="0.008" />
  <testcase classname="ptolemy.util.test.junit.AutoTests" name="[89] /home/travis/build/icyphy/ptII/ptolemy/domains/de/test/auto/sortWithOpaquePorts.xml (RunModel)" time="0.012" />
  <testcase classname="ptolemy.util.test.junit.AutoTests" name="[90] /home/travis/build/icyphy/ptII/ptolemy/domains/de/test/auto/transferInputsandOutputs.xml (RunModel)" time="0.014" />
  <testcase classname="ptolemy.util.test.junit.AutoTests" name="[91] /home/travis/build/icyphy/ptII/ptolemy/domains/de/test/auto/triggerType.xml (RunModel)" time="0.01" />
  <system-out><![CDATA[/home/travis/build/icyphy/ptII/ptolemy/domains/de/test/DependencyLoop.tcl
testDefs.tcl: setting time out to 9000 seconds at Sun Mar 31 03:55:08 UTC 2019
18 ms. Memory: 116224K Free: 97495K (84%)
29 ms. Memory: 146944K Free: 140882K (96%)
/home/travis/build/icyphy/ptII/ptolemy/domains/de/test/RunDETestsAsQSS.tcl
Run the DE tests using ptolemy.domains.qss.test.QSSDirectorTest, which extends QSSDirector and prints a message in the constructors.
------------------ testing $PTII/ptolemy/domains/de/test/auto/knownFailedTests/dependencyLoop.xml (Known Failure) 
20 ms. Memory: 146944K Free: 136627K (93%)


==== $PTIIhome/travis/build/icyphy/ptII/ptolemy/domains/de/test/../../../../: Auto Automatic test in file $PTII/ptolemy/domains/de/test/auto/knownFailedTests/dependencyLoop.xml
==== Contents of test case:

	    # FIXME: we should use $relativeFilename here, but it
	    # might have backslashes under Windows, which causes no end
	    # of trouble.
	    createAndExecute $file
	    list {}
	
.... Test generated KNOWN error:
    while executing
ptolemy.kernel.util.IllegalActionException: Found a zero delay loop containing .dependencyLoop.original
  in .dependencyLoop and .dependencyLoop.original
	at ptolemy.actor.util.CausalityInterfaceForComposites._computeOutputPortDepth(CausalityInterfaceForComposites.java:759)
	at ptolemy.actor.util.CausalityInterfaceForComposites._computeInputDepth(CausalityInterfaceForComposites.java:696)
	at ptolemy.actor.util.CausalityInterfaceForComposites._computeOutputPortDepth(CausalityInterfaceForComposites.java:765)
	at ptolemy.actor.util.CausalityInterfaceForComposites._computeInputDepth(CausalityInterfaceForComposites.java:696)
	at ptolemy.actor.util.CausalityInterfaceForComposites._computeOutputPortDepth(CausalityInterfaceForComposites.java:765)
	at ptolemy.actor.util.CausalityInterfaceForComposites._computeInputDepth(CausalityInterfaceForComposites.java:696)
	at ptolemy.actor.util.CausalityInterfaceForComposites._computeActorDepth(CausalityInterfaceForComposites.java:532)
	at ptolemy.actor.util.CausalityInterfaceForComposites.checkForCycles(CausalityInterfaceForComposites.java:96)
	at ptolemy.domains.de.kernel.DEDirector.preinitialize(DEDirector.java:1338)
	at ptolemy.actor.CompositeActor.preinitialize(CompositeActor.java:1828)
	at ptolemy.actor.Manager.preinitializeAndResolveTypes(Manager.java:1040)
	at ptolemy.actor.Manager.initialize(Manager.java:710)
	at ptolemy.actor.Manager.execute(Manager.java:356)
	at ptolemy.actor.Manager.run(Manager.java:1263)
	at ptolemy.actor.Manager$PtolemyRunThread.run(Manager.java:1915)

    while executing
ptolemy.kernel.util.IllegalActionException: Found a zero delay loop containing .dependencyLoop.original
  in .dependencyLoop and .dependencyLoop.original
    while executing
"java::new ptolemy.moml.MoMLSimpleApplication $file
"
    (procedure "createAndExecute" line 2)
    invoked from within
"createAndExecute $file"
    ("uplevel" body line 5)
    invoked from within
"uplevel $contents_of_test"
------------------ testing $PTII/ptolemy/domains/de/test/auto/knownFailedTests/DESDFClockTest.xml (Known Failure) 
2048 ms. Memory: 146944K Free: 120969K (82%)


==== $PTIIhome/travis/build/icyphy/ptII/ptolemy/domains/de/test/../../../../: Auto Automatic test in file $PTII/ptolemy/domains/de/test/auto/knownFailedTests/DESDFClockTest.xml
==== Contents of test case:

	    # FIXME: we should use $relativeFilename here, but it
	    # might have backslashes under Windows, which causes no end
	    # of trouble.
	    createAndExecute $file
	    list {}
	
.... Test generated KNOWN error:
    while executing
ptolemy.kernel.util.IllegalActionException: Actor is not ready to fire.  Perhaps UpSample.prefire() returned false? Try debugging the actor by selecting "Listen to Actor".  Also, for SDF check moml for tokenConsumptionRate on input.
  in .DESDFClockTest.Play Bell.Copy1:SDF Director and .DESDFClockTest.Play Bell.UpSample
	at ptolemy.actor.sched.StaticSchedulingDirector.fire(StaticSchedulingDirector.java:227)
	at ptolemy.domains.sdf.kernel.SDFDirector.fire(SDFDirector.java:500)
	at ptolemy.actor.CompositeActor.fire(CompositeActor.java:455)
	at ptolemy.domains.de.kernel.DEDirector._fire(DEDirector.java:1949)
	at ptolemy.domains.de.kernel.DEDirector.fire(DEDirector.java:502)
	at ptolemy.actor.CompositeActor.fire(CompositeActor.java:455)
	at ptolemy.actor.Manager.iterate(Manager.java:851)
	at ptolemy.actor.Manager.execute(Manager.java:369)
	at ptolemy.actor.Manager.run(Manager.java:1263)
	at ptolemy.actor.Manager$PtolemyRunThread.run(Manager.java:1915)

    while executing
ptolemy.kernel.util.IllegalActionException: Actor is not ready to fire.  Perhaps UpSample.prefire() returned false? Try debugging the actor by selecting "Listen to Actor".  Also, for SDF check moml for tokenConsumptionRate on input.
  in .DESDFClockTest.Play Bell.Copy1:SDF Director and .DESDFClockTest.Play Bell.UpSample
    while executing
"java::new ptolemy.moml.MoMLSimpleApplication $file
"
    (procedure "createAndExecute" line 2)
    invoked from within
"createAndExecute $file"
    ("uplevel" body line 5)
    invoked from within
"uplevel $contents_of_test"
------------------ testing $PTII/ptolemy/domains/de/test/auto/knownFailedTests/FSMSource.xml (Known Failure) 
21 ms. Memory: 146944K Free: 112107K (76%)
!!!! Auto was marked as failing, but now passes
------------------ testing $PTII/ptolemy/domains/de/test/auto/knownFailedTests/dependencyLoop2.xml (Known Failure) 
5 ms. Memory: 146944K Free: 110223K (75%)


==== $PTIIhome/travis/build/icyphy/ptII/ptolemy/domains/de/test/../../../../: Auto Automatic test in file $PTII/ptolemy/domains/de/test/auto/knownFailedTests/dependencyLoop2.xml
==== Contents of test case:

	    # FIXME: we should use $relativeFilename here, but it
	    # might have backslashes under Windows, which causes no end
	    # of trouble.
	    createAndExecute $file
	    list {}
	
.... Test generated KNOWN error:
    while executing
ptolemy.kernel.util.IllegalActionException: Found a zero delay loop containing .dependencyLoop2.original
  in .dependencyLoop2 and .dependencyLoop2.original
	at ptolemy.actor.util.CausalityInterfaceForComposites._computeOutputPortDepth(CausalityInterfaceForComposites.java:759)
	at ptolemy.actor.util.CausalityInterfaceForComposites._computeInputDepth(CausalityInterfaceForComposites.java:696)
	at ptolemy.actor.util.CausalityInterfaceForComposites._computeOutputPortDepth(CausalityInterfaceForComposites.java:765)
	at ptolemy.actor.util.CausalityInterfaceForComposites._computeInputDepth(CausalityInterfaceForComposites.java:696)
	at ptolemy.actor.util.CausalityInterfaceForComposites._computeOutputPortDepth(CausalityInterfaceForComposites.java:765)
	at ptolemy.actor.util.CausalityInterfaceForComposites._computeInputDepth(CausalityInterfaceForComposites.java:696)
	at ptolemy.actor.util.CausalityInterfaceForComposites._computeActorDepth(CausalityInterfaceForComposites.java:532)
	at ptolemy.actor.util.CausalityInterfaceForComposites.checkForCycles(CausalityInterfaceForComposites.java:96)
	at ptolemy.domains.de.kernel.DEDirector.preinitialize(DEDirector.java:1338)
	at ptolemy.actor.CompositeActor.preinitialize(CompositeActor.java:1828)
	at ptolemy.actor.Manager.preinitializeAndResolveTypes(Manager.java:1040)
	at ptolemy.actor.Manager.initialize(Manager.java:710)
	at ptolemy.actor.Manager.execute(Manager.java:356)
	at ptolemy.actor.Manager.run(Manager.java:1263)
	at ptolemy.actor.Manager$PtolemyRunThread.run(Manager.java:1915)

    while executing
ptolemy.kernel.util.IllegalActionException: Found a zero delay loop containing .dependencyLoop2.original
  in .dependencyLoop2 and .dependencyLoop2.original
    while executing
"java::new ptolemy.moml.MoMLSimpleApplication $file
"
    (procedure "createAndExecute" line 2)
    invoked from within
"createAndExecute $file"
    ("uplevel" body line 5)
    invoked from within
"uplevel $contents_of_test"
------------------ testing $PTII/ptolemy/domains/de/test/auto/knownFailedTests/HierarchicalModel.xml (Known Failure) 
6 ms. Memory: 146944K Free: 91039K (62%)


==== $PTIIhome/travis/build/icyphy/ptII/ptolemy/domains/de/test/../../../../: Auto Automatic test in file $PTII/ptolemy/domains/de/test/auto/knownFailedTests/HierarchicalModel.xml
==== Contents of test case:

	    # FIXME: we should use $relativeFilename here, but it
	    # might have backslashes under Windows, which causes no end
	    # of trouble.
	    createAndExecute $file
	    list {}
	
.... Test generated KNOWN error:
    while executing
ptolemy.kernel.util.IllegalActionException: Found a zero delay loop containing .HierarchicalModel.A
  in .HierarchicalModel and .HierarchicalModel.A
	at ptolemy.actor.util.CausalityInterfaceForComposites._computeOutputPortDepth(CausalityInterfaceForComposites.java:759)
	at ptolemy.actor.util.CausalityInterfaceForComposites._computeInputDepth(CausalityInterfaceForComposites.java:696)
	at ptolemy.actor.util.CausalityInterfaceForComposites._computeOutputPortDepth(CausalityInterfaceForComposites.java:765)
	at ptolemy.actor.util.CausalityInterfaceForComposites._computeInputDepth(CausalityInterfaceForComposites.java:696)
	at ptolemy.actor.util.CausalityInterfaceForComposites._computeOutputPortDepth(CausalityInterfaceForComposites.java:765)
	at ptolemy.actor.util.CausalityInterfaceForComposites._computeInputDepth(CausalityInterfaceForComposites.java:696)
	at ptolemy.actor.util.CausalityInterfaceForComposites._computeActorDepth(CausalityInterfaceForComposites.java:532)
	at ptolemy.actor.util.CausalityInterfaceForComposites.checkForCycles(CausalityInterfaceForComposites.java:96)
	at ptolemy.domains.de.kernel.DEDirector.preinitialize(DEDirector.java:1338)
	at ptolemy.actor.CompositeActor.preinitialize(CompositeActor.java:1828)
	at ptolemy.actor.Manager.preinitializeAndResolveTypes(Manager.java:1040)
	at ptolemy.actor.Manager.initialize(Manager.java:710)
	at ptolemy.actor.Manager.execute(Manager.java:356)
	at ptolemy.actor.Manager.run(Manager.java:1263)
	at ptolemy.actor.Manager$PtolemyRunThread.run(Manager.java:1915)

    while executing
ptolemy.kernel.util.IllegalActionException: Found a zero delay loop containing .HierarchicalModel.A
  in .HierarchicalModel and .HierarchicalModel.A
    while executing
"java::new ptolemy.moml.MoMLSimpleApplication $file
"
    (procedure "createAndExecute" line 2)
    invoked from within
"createAndExecute $file"
    ("uplevel" body line 5)
    invoked from within
"uplevel $contents_of_test"
------------------ testing $PTII/ptolemy/domains/de/test/auto/knownFailedTests/DirectFeedback.xml (Known Failure) 
11 ms. Memory: 146944K Free: 85769K (58%)


==== $PTIIhome/travis/build/icyphy/ptII/ptolemy/domains/de/test/../../../../: Auto Automatic test in file $PTII/ptolemy/domains/de/test/auto/knownFailedTests/DirectFeedback.xml
==== Contents of test case:

	    # FIXME: we should use $relativeFilename here, but it
	    # might have backslashes under Windows, which causes no end
	    # of trouble.
	    createAndExecute $file
	    list {}
	
.... Test generated KNOWN error:
    while executing
ptolemy.kernel.util.IllegalActionException: Test fails in iteration 1.
Value was: 1.0. Should have been: 2.0
  in .DirectFeedback.Test
	at ptolemy.actor.lib.Test.fire(Test.java:268)
	at ptolemy.domains.de.kernel.DEDirector._fire(DEDirector.java:1949)
	at ptolemy.domains.de.kernel.DEDirector.fire(DEDirector.java:502)
	at ptolemy.actor.CompositeActor.fire(CompositeActor.java:455)
	at ptolemy.actor.Manager.iterate(Manager.java:851)
	at ptolemy.actor.Manager.execute(Manager.java:369)
	at ptolemy.actor.Manager.run(Manager.java:1263)
	at ptolemy.actor.Manager$PtolemyRunThread.run(Manager.java:1915)

    while executing
ptolemy.kernel.util.IllegalActionException: Test fails in iteration 1.
Value was: 1.0. Should have been: 2.0
  in .DirectFeedback.Test
    while executing
"java::new ptolemy.moml.MoMLSimpleApplication $file
"
    (procedure "createAndExecute" line 2)
    invoked from within
"createAndExecute $file"
    ("uplevel" body line 5)
    invoked from within
"uplevel $contents_of_test"
------------------ testing $PTII/ptolemy/domains/de/test/auto/ActorDepthCalculation_actorWithoutPorts.xml
auto.tcl: Setting watchdog for 200 seconds at Sun Mar 31 03:55:11 UTC 2019
9 ms. Memory: 146944K Free: 138655K (94%)
ptolemy.util.test.WatchDog.cancel(): canceling Sun Mar 31 03:55:11 UTC 2019
auto.tcl: Setting watchdog for 200 seconds at Sun Mar 31 03:55:11 UTC 2019
5 ms. Memory: 146944K Free: 137637K (94%)
ptolemy.util.test.WatchDog.cancel(): canceling Sun Mar 31 03:55:11 UTC 2019
------------------ testing $PTII/ptolemy/domains/de/test/auto/AssemblyLine.xml
auto.tcl: Setting watchdog for 200 seconds at Sun Mar 31 03:55:12 UTC 2019
13 ms. Memory: 208384K Free: 183421K (88%)
ptolemy.util.test.WatchDog.cancel(): canceling Sun Mar 31 03:55:12 UTC 2019
auto.tcl: Setting watchdog for 200 seconds at Sun Mar 31 03:55:12 UTC 2019
11 ms. Memory: 208384K Free: 183421K (88%)
ptolemy.util.test.WatchDog.cancel(): canceling Sun Mar 31 03:55:12 UTC 2019
------------------ testing $PTII/ptolemy/domains/de/test/auto/CQBug1.xml
auto.tcl: Setting watchdog for 200 seconds at Sun Mar 31 03:55:12 UTC 2019
11 ms. Memory: 208384K Free: 197916K (95%)
ptolemy.util.test.WatchDog.cancel(): canceling Sun Mar 31 03:55:12 UTC 2019
auto.tcl: Setting watchdog for 200 seconds at Sun Mar 31 03:55:12 UTC 2019
2 ms. Memory: 208384K Free: 197916K (95%)
ptolemy.util.test.WatchDog.cancel(): canceling Sun Mar 31 03:55:12 UTC 2019
------------------ testing $PTII/ptolemy/domains/de/test/auto/CancelFireAt.xml
auto.tcl: Setting watchdog for 200 seconds at Sun Mar 31 03:55:12 UTC 2019
12 ms. Memory: 208384K Free: 201571K (97%)
ptolemy.util.test.WatchDog.cancel(): canceling Sun Mar 31 03:55:12 UTC 2019
auto.tcl: Setting watchdog for 200 seconds at Sun Mar 31 03:55:12 UTC 2019
3 ms. Memory: 208384K Free: 199536K (96%)
ptolemy.util.test.WatchDog.cancel(): canceling Sun Mar 31 03:55:12 UTC 2019
------------------ testing $PTII/ptolemy/domains/de/test/auto/CausalityAndComposabilityAnalysis.xml
auto.tcl: Setting watchdog for 200 seconds at Sun Mar 31 03:55:12 UTC 2019
15 ms. Memory: 208384K Free: 198615K (95%)
ptolemy.util.test.WatchDog.cancel(): canceling Sun Mar 31 03:55:12 UTC 2019
auto.tcl: Setting watchdog for 200 seconds at Sun Mar 31 03:55:12 UTC 2019
6 ms. Memory: 208384K Free: 196579K (94%)
ptolemy.util.test.WatchDog.cancel(): canceling Sun Mar 31 03:55:12 UTC 2019
------------------ testing $PTII/ptolemy/domains/de/test/auto/CausalityInterface1.xml
auto.tcl: Setting watchdog for 200 seconds at Sun Mar 31 03:55:12 UTC 2019
9 ms. Memory: 208384K Free: 196516K (94%)
ptolemy.util.test.WatchDog.cancel(): canceling Sun Mar 31 03:55:12 UTC 2019
auto.tcl: Setting watchdog for 200 seconds at Sun Mar 31 03:55:12 UTC 2019
5 ms. Memory: 208384K Free: 196516K (94%)
ptolemy.util.test.WatchDog.cancel(): canceling Sun Mar 31 03:55:12 UTC 2019
------------------ testing $PTII/ptolemy/domains/de/test/auto/CausalityInterface15.xml
auto.tcl: Setting watchdog for 200 seconds at Sun Mar 31 03:55:12 UTC 2019
5 ms. Memory: 208384K Free: 196475K (94%)
ptolemy.util.test.WatchDog.cancel(): canceling Sun Mar 31 03:55:12 UTC 2019
auto.tcl: Setting watchdog for 200 seconds at Sun Mar 31 03:55:12 UTC 2019
9 ms. Memory: 208384K Free: 196475K (94%)
ptolemy.util.test.WatchDog.cancel(): canceling Sun Mar 31 03:55:12 UTC 2019
------------------ testing $PTII/ptolemy/domains/de/test/auto/CausalityInterface2.xml
auto.tcl: Setting watchdog for 200 seconds at Sun Mar 31 03:55:12 UTC 2019
9 ms. Memory: 208384K Free: 196491K (94%)
ptolemy.util.test.WatchDog.cancel(): canceling Sun Mar 31 03:55:12 UTC 2019
auto.tcl: Setting watchdog for 200 seconds at Sun Mar 31 03:55:12 UTC 2019
4 ms. Memory: 208384K Free: 196491K (94%)
ptolemy.util.test.WatchDog.cancel(): canceling Sun Mar 31 03:55:12 UTC 2019
------------------ testing $PTII/ptolemy/domains/de/test/auto/CausalityInterface3.xml
auto.tcl: Setting watchdog for 200 seconds at Sun Mar 31 03:55:13 UTC 2019
9 ms. Memory: 208384K Free: 196503K (94%)
ptolemy.util.test.WatchDog.cancel(): canceling Sun Mar 31 03:55:13 UTC 2019
auto.tcl: Setting watchdog for 200 seconds at Sun Mar 31 03:55:13 UTC 2019
4 ms. Memory: 208384K Free: 196503K (94%)
ptolemy.util.test.WatchDog.cancel(): canceling Sun Mar 31 03:55:13 UTC 2019
------------------ testing $PTII/ptolemy/domains/de/test/auto/ClockDrift.xml
auto.tcl: Setting watchdog for 200 seconds at Sun Mar 31 03:55:13 UTC 2019
83 ms. Memory: 208384K Free: 187927K (90%)
ptolemy.util.test.WatchDog.cancel(): canceling Sun Mar 31 03:55:13 UTC 2019
auto.tcl: Setting watchdog for 200 seconds at Sun Mar 31 03:55:13 UTC 2019
46 ms. Memory: 208384K Free: 185892K (89%)
ptolemy.util.test.WatchDog.cancel(): canceling Sun Mar 31 03:55:13 UTC 2019
------------------ testing $PTII/ptolemy/domains/de/test/auto/ClockDriftAndValueChange.xml
auto.tcl: Setting watchdog for 200 seconds at Sun Mar 31 03:55:13 UTC 2019
69 ms. Memory: 208384K Free: 187758K (90%)
ptolemy.util.test.WatchDog.cancel(): canceling Sun Mar 31 03:55:13 UTC 2019
auto.tcl: Setting watchdog for 200 seconds at Sun Mar 31 03:55:13 UTC 2019
37 ms. Memory: 208384K Free: 185723K (89%)
ptolemy.util.test.WatchDog.cancel(): canceling Sun Mar 31 03:55:13 UTC 2019
------------------ testing $PTII/ptolemy/domains/de/test/auto/ClockDriftChange.xml
auto.tcl: Setting watchdog for 200 seconds at Sun Mar 31 03:55:13 UTC 2019
41 ms. Memory: 208384K Free: 191021K (92%)
ptolemy.util.test.WatchDog.cancel(): canceling Sun Mar 31 03:55:13 UTC 2019
auto.tcl: Setting watchdog for 200 seconds at Sun Mar 31 03:55:13 UTC 2019
20 ms. Memory: 208384K Free: 188985K (91%)
ptolemy.util.test.WatchDog.cancel(): canceling Sun Mar 31 03:55:13 UTC 2019
------------------ testing $PTII/ptolemy/domains/de/test/auto/ComposableCausalityAnalysis.xml
auto.tcl: Setting watchdog for 200 seconds at Sun Mar 31 03:55:13 UTC 2019
3 ms. Memory: 208384K Free: 196112K (94%)
ptolemy.util.test.WatchDog.cancel(): canceling Sun Mar 31 03:55:13 UTC 2019
auto.tcl: Setting watchdog for 200 seconds at Sun Mar 31 03:55:13 UTC 2019
2 ms. Memory: 208384K Free: 194076K (93%)
ptolemy.util.test.WatchDog.cancel(): canceling Sun Mar 31 03:55:13 UTC 2019
------------------ testing $PTII/ptolemy/domains/de/test/auto/DEFixedPointLimitation.xml
auto.tcl: Setting watchdog for 200 seconds at Sun Mar 31 03:55:13 UTC 2019
4 ms. Memory: 208384K Free: 198228K (95%)
ptolemy.util.test.WatchDog.cancel(): canceling Sun Mar 31 03:55:13 UTC 2019
auto.tcl: Setting watchdog for 200 seconds at Sun Mar 31 03:55:13 UTC 2019
1 ms. Memory: 208384K Free: 196192K (94%)
ptolemy.util.test.WatchDog.cancel(): canceling Sun Mar 31 03:55:13 UTC 2019
------------------ testing $PTII/ptolemy/domains/de/test/auto/DEScheduleTest.xml
auto.tcl: Setting watchdog for 200 seconds at Sun Mar 31 03:55:13 UTC 2019
8 ms. Memory: 208384K Free: 198782K (95%)
ptolemy.util.test.WatchDog.cancel(): canceling Sun Mar 31 03:55:13 UTC 2019
auto.tcl: Setting watchdog for 200 seconds at Sun Mar 31 03:55:13 UTC 2019
4 ms. Memory: 208384K Free: 196747K (94%)
ptolemy.util.test.WatchDog.cancel(): canceling Sun Mar 31 03:55:13 UTC 2019
------------------ testing $PTII/ptolemy/domains/de/test/auto/DEinDEwithStartTimes.xml
auto.tcl: Setting watchdog for 200 seconds at Sun Mar 31 03:55:14 UTC 2019
5 ms. Memory: 208384K Free: 196197K (94%)
ptolemy.util.test.WatchDog.cancel(): canceling Sun Mar 31 03:55:14 UTC 2019
auto.tcl: Setting watchdog for 200 seconds at Sun Mar 31 03:55:14 UTC 2019
4 ms. Memory: 208384K Free: 194162K (93%)
ptolemy.util.test.WatchDog.cancel(): canceling Sun Mar 31 03:55:14 UTC 2019
------------------ testing $PTII/ptolemy/domains/de/test/auto/DEinDEwithStartTimes2.xml
auto.tcl: Setting watchdog for 200 seconds at Sun Mar 31 03:55:14 UTC 2019
7 ms. Memory: 208384K Free: 196696K (94%)
ptolemy.util.test.WatchDog.cancel(): canceling Sun Mar 31 03:55:14 UTC 2019
auto.tcl: Setting watchdog for 200 seconds at Sun Mar 31 03:55:14 UTC 2019
4 ms. Memory: 208384K Free: 194142K (93%)
ptolemy.util.test.WatchDog.cancel(): canceling Sun Mar 31 03:55:14 UTC 2019
------------------ testing $PTII/ptolemy/domains/de/test/auto/DateDemo.xml
auto.tcl: Setting watchdog for 200 seconds at Sun Mar 31 03:55:14 UTC 2019
10 ms. Memory: 208384K Free: 188799K (91%)
ptolemy.util.test.WatchDog.cancel(): canceling Sun Mar 31 03:55:14 UTC 2019
auto.tcl: Setting watchdog for 200 seconds at Sun Mar 31 03:55:14 UTC 2019
10 ms. Memory: 208384K Free: 186764K (90%)
ptolemy.util.test.WatchDog.cancel(): canceling Sun Mar 31 03:55:14 UTC 2019
------------------ testing $PTII/ptolemy/domains/de/test/auto/DateToEvent.xml
auto.tcl: Setting watchdog for 200 seconds at Sun Mar 31 03:55:14 UTC 2019
2010 ms. Memory: 208384K Free: 183558K (88%)
ptolemy.util.test.WatchDog.cancel(): canceling Sun Mar 31 03:55:16 UTC 2019
auto.tcl: Setting watchdog for 200 seconds at Sun Mar 31 03:55:16 UTC 2019
2006 ms. Memory: 208384K Free: 183558K (88%)
ptolemy.util.test.WatchDog.cancel(): canceling Sun Mar 31 03:55:18 UTC 2019
------------------ testing $PTII/ptolemy/domains/de/test/auto/DepthTest1.xml
auto.tcl: Setting watchdog for 200 seconds at Sun Mar 31 03:55:18 UTC 2019
5 ms. Memory: 208384K Free: 195192K (94%)
ptolemy.util.test.WatchDog.cancel(): canceling Sun Mar 31 03:55:18 UTC 2019
auto.tcl: Setting watchdog for 200 seconds at Sun Mar 31 03:55:18 UTC 2019
2 ms. Memory: 208384K Free: 195192K (94%)
ptolemy.util.test.WatchDog.cancel(): canceling Sun Mar 31 03:55:18 UTC 2019
------------------ testing $PTII/ptolemy/domains/de/test/auto/DepthTest2.xml
auto.tcl: Setting watchdog for 200 seconds at Sun Mar 31 03:55:18 UTC 2019
7 ms. Memory: 208384K Free: 194013K (93%)
ptolemy.util.test.WatchDog.cancel(): canceling Sun Mar 31 03:55:18 UTC 2019
auto.tcl: Setting watchdog for 200 seconds at Sun Mar 31 03:55:18 UTC 2019
5 ms. Memory: 208384K Free: 194013K (93%)
ptolemy.util.test.WatchDog.cancel(): canceling Sun Mar 31 03:55:18 UTC 2019
------------------ testing $PTII/ptolemy/domains/de/test/auto/DepthTest3.xml
auto.tcl: Setting watchdog for 200 seconds at Sun Mar 31 03:55:18 UTC 2019
8 ms. Memory: 208384K Free: 197986K (95%)
ptolemy.util.test.WatchDog.cancel(): canceling Sun Mar 31 03:55:18 UTC 2019
auto.tcl: Setting watchdog for 200 seconds at Sun Mar 31 03:55:18 UTC 2019
2 ms. Memory: 208384K Free: 197986K (95%)
ptolemy.util.test.WatchDog.cancel(): canceling Sun Mar 31 03:55:18 UTC 2019
------------------ testing $PTII/ptolemy/domains/de/test/auto/DepthTest4.xml
auto.tcl: Setting watchdog for 200 seconds at Sun Mar 31 03:55:18 UTC 2019
5 ms. Memory: 208384K Free: 196037K (94%)
ptolemy.util.test.WatchDog.cancel(): canceling Sun Mar 31 03:55:18 UTC 2019
auto.tcl: Setting watchdog for 200 seconds at Sun Mar 31 03:55:18 UTC 2019
2 ms. Memory: 208384K Free: 196037K (94%)
ptolemy.util.test.WatchDog.cancel(): canceling Sun Mar 31 03:55:18 UTC 2019
------------------ testing $PTII/ptolemy/domains/de/test/auto/DepthTest5.xml
auto.tcl: Setting watchdog for 200 seconds at Sun Mar 31 03:55:18 UTC 2019
3 ms. Memory: 208384K Free: 196503K (94%)
ptolemy.util.test.WatchDog.cancel(): canceling Sun Mar 31 03:55:18 UTC 2019
auto.tcl: Setting watchdog for 200 seconds at Sun Mar 31 03:55:18 UTC 2019
2 ms. Memory: 208384K Free: 196503K (94%)
ptolemy.util.test.WatchDog.cancel(): canceling Sun Mar 31 03:55:18 UTC 2019
------------------ testing $PTII/ptolemy/domains/de/test/auto/DepthTest6.xml
auto.tcl: Setting watchdog for 200 seconds at Sun Mar 31 03:55:18 UTC 2019
7 ms. Memory: 208384K Free: 196480K (94%)
ptolemy.util.test.WatchDog.cancel(): canceling Sun Mar 31 03:55:18 UTC 2019
auto.tcl: Setting watchdog for 200 seconds at Sun Mar 31 03:55:18 UTC 2019
3 ms. Memory: 208384K Free: 196480K (94%)
ptolemy.util.test.WatchDog.cancel(): canceling Sun Mar 31 03:55:18 UTC 2019
------------------ testing $PTII/ptolemy/domains/de/test/auto/DepthTest7.xml
auto.tcl: Setting watchdog for 200 seconds at Sun Mar 31 03:55:18 UTC 2019
6 ms. Memory: 208384K Free: 195942K (94%)
ptolemy.util.test.WatchDog.cancel(): canceling Sun Mar 31 03:55:18 UTC 2019
auto.tcl: Setting watchdog for 200 seconds at Sun Mar 31 03:55:18 UTC 2019
3 ms. Memory: 208384K Free: 195942K (94%)
ptolemy.util.test.WatchDog.cancel(): canceling Sun Mar 31 03:55:18 UTC 2019
------------------ testing $PTII/ptolemy/domains/de/test/auto/EventToDate.xml
auto.tcl: Setting watchdog for 200 seconds at Sun Mar 31 03:55:19 UTC 2019
3013 ms. Memory: 208384K Free: 185784K (89%)
ptolemy.util.test.WatchDog.cancel(): canceling Sun Mar 31 03:55:22 UTC 2019
auto.tcl: Setting watchdog for 200 seconds at Sun Mar 31 03:55:22 UTC 2019
3004 ms. Memory: 208384K Free: 185784K (89%)
ptolemy.util.test.WatchDog.cancel(): canceling Sun Mar 31 03:55:25 UTC 2019
------------------ testing $PTII/ptolemy/domains/de/test/auto/FSM1.xml
auto.tcl: Setting watchdog for 200 seconds at Sun Mar 31 03:55:25 UTC 2019
21 ms. Memory: 208384K Free: 189122K (91%)
ptolemy.util.test.WatchDog.cancel(): canceling Sun Mar 31 03:55:25 UTC 2019
auto.tcl: Setting watchdog for 200 seconds at Sun Mar 31 03:55:25 UTC 2019
16 ms. Memory: 208384K Free: 185051K (89%)
ptolemy.util.test.WatchDog.cancel(): canceling Sun Mar 31 03:55:25 UTC 2019
------------------ testing $PTII/ptolemy/domains/de/test/auto/FSM7.xml
auto.tcl: Setting watchdog for 200 seconds at Sun Mar 31 03:55:25 UTC 2019
33 ms. Memory: 208384K Free: 189325K (91%)
ptolemy.util.test.WatchDog.cancel(): canceling Sun Mar 31 03:55:25 UTC 2019
auto.tcl: Setting watchdog for 200 seconds at Sun Mar 31 03:55:25 UTC 2019
21 ms. Memory: 208384K Free: 185253K (89%)
ptolemy.util.test.WatchDog.cancel(): canceling Sun Mar 31 03:55:25 UTC 2019
------------------ testing $PTII/ptolemy/domains/de/test/auto/Inspection.xml
auto.tcl: Setting watchdog for 200 seconds at Sun Mar 31 03:55:25 UTC 2019
46 ms. Memory: 208384K Free: 189013K (91%)
ptolemy.util.test.WatchDog.cancel(): canceling Sun Mar 31 03:55:25 UTC 2019
auto.tcl: Setting watchdog for 200 seconds at Sun Mar 31 03:55:25 UTC 2019
27 ms. Memory: 208384K Free: 186977K (90%)
ptolemy.util.test.WatchDog.cancel(): canceling Sun Mar 31 03:55:25 UTC 2019
------------------ testing $PTII/ptolemy/domains/de/test/auto/Iteration.xml
auto.tcl: Setting watchdog for 200 seconds at Sun Mar 31 03:55:25 UTC 2019
10 ms. Memory: 208384K Free: 195745K (94%)
ptolemy.util.test.WatchDog.cancel(): canceling Sun Mar 31 03:55:25 UTC 2019
auto.tcl: Setting watchdog for 200 seconds at Sun Mar 31 03:55:25 UTC 2019
8 ms. Memory: 208384K Free: 193709K (93%)
ptolemy.util.test.WatchDog.cancel(): canceling Sun Mar 31 03:55:25 UTC 2019
------------------ testing $PTII/ptolemy/domains/de/test/auto/LineFault.xml
auto.tcl: Setting watchdog for 200 seconds at Sun Mar 31 03:55:25 UTC 2019
711 ms. Memory: 208384K Free: 199444K (96%)
ptolemy.util.test.WatchDog.cancel(): canceling Sun Mar 31 03:55:26 UTC 2019
auto.tcl: Setting watchdog for 200 seconds at Sun Mar 31 03:55:26 UTC 2019
728 ms. Memory: 208384K Free: 142194K (68%)
ptolemy.util.test.WatchDog.cancel(): canceling Sun Mar 31 03:55:27 UTC 2019
------------------ testing $PTII/ptolemy/domains/de/test/auto/MergeModel1Add.xml
auto.tcl: Setting watchdog for 200 seconds at Sun Mar 31 03:55:27 UTC 2019
25 ms. Memory: 331264K Free: 300470K (91%)
ptolemy.util.test.WatchDog.cancel(): canceling Sun Mar 31 03:55:27 UTC 2019
auto.tcl: Setting watchdog for 200 seconds at Sun Mar 31 03:55:27 UTC 2019
12 ms. Memory: 331264K Free: 300470K (91%)
ptolemy.util.test.WatchDog.cancel(): canceling Sun Mar 31 03:55:27 UTC 2019
------------------ testing $PTII/ptolemy/domains/de/test/auto/MergeModel2Add.xml
auto.tcl: Setting watchdog for 200 seconds at Sun Mar 31 03:55:27 UTC 2019
9 ms. Memory: 331264K Free: 305396K (92%)
ptolemy.util.test.WatchDog.cancel(): canceling Sun Mar 31 03:55:27 UTC 2019
auto.tcl: Setting watchdog for 200 seconds at Sun Mar 31 03:55:27 UTC 2019
10 ms. Memory: 331264K Free: 301839K (91%)
ptolemy.util.test.WatchDog.cancel(): canceling Sun Mar 31 03:55:27 UTC 2019
------------------ testing $PTII/ptolemy/domains/de/test/auto/MergeModel3Add.xml
auto.tcl: Setting watchdog for 200 seconds at Sun Mar 31 03:55:27 UTC 2019
11 ms. Memory: 331264K Free: 305406K (92%)
ptolemy.util.test.WatchDog.cancel(): canceling Sun Mar 31 03:55:27 UTC 2019
auto.tcl: Setting watchdog for 200 seconds at Sun Mar 31 03:55:27 UTC 2019
8 ms. Memory: 331264K Free: 301849K (91%)
ptolemy.util.test.WatchDog.cancel(): canceling Sun Mar 31 03:55:27 UTC 2019
------------------ testing $PTII/ptolemy/domains/de/test/auto/MergeWithoutDiscard.xml
auto.tcl: Setting watchdog for 200 seconds at Sun Mar 31 03:55:28 UTC 2019
2 ms. Memory: 331264K Free: 316749K (96%)
ptolemy.util.test.WatchDog.cancel(): canceling Sun Mar 31 03:55:28 UTC 2019
auto.tcl: Setting watchdog for 200 seconds at Sun Mar 31 03:55:28 UTC 2019
1 ms. Memory: 331264K Free: 316074K (95%)
ptolemy.util.test.WatchDog.cancel(): canceling Sun Mar 31 03:55:28 UTC 2019
------------------ testing $PTII/ptolemy/domains/de/test/auto/Modal1.xml
auto.tcl: Setting watchdog for 200 seconds at Sun Mar 31 03:55:28 UTC 2019
11 ms. Memory: 331264K Free: 310342K (94%)
ptolemy.util.test.WatchDog.cancel(): canceling Sun Mar 31 03:55:28 UTC 2019
auto.tcl: Setting watchdog for 200 seconds at Sun Mar 31 03:55:28 UTC 2019
12 ms. Memory: 331264K Free: 306785K (93%)
ptolemy.util.test.WatchDog.cancel(): canceling Sun Mar 31 03:55:28 UTC 2019
------------------ testing $PTII/ptolemy/domains/de/test/auto/Modal2.xml
auto.tcl: Setting watchdog for 200 seconds at Sun Mar 31 03:55:28 UTC 2019
13 ms. Memory: 331264K Free: 310215K (94%)
ptolemy.util.test.WatchDog.cancel(): canceling Sun Mar 31 03:55:28 UTC 2019
auto.tcl: Setting watchdog for 200 seconds at Sun Mar 31 03:55:28 UTC 2019
12 ms. Memory: 331264K Free: 306658K (93%)
ptolemy.util.test.WatchDog.cancel(): canceling Sun Mar 31 03:55:28 UTC 2019
------------------ testing $PTII/ptolemy/domains/de/test/auto/Modal3.xml
auto.tcl: Setting watchdog for 200 seconds at Sun Mar 31 03:55:28 UTC 2019
16 ms. Memory: 331264K Free: 310214K (94%)
ptolemy.util.test.WatchDog.cancel(): canceling Sun Mar 31 03:55:28 UTC 2019
auto.tcl: Setting watchdog for 200 seconds at Sun Mar 31 03:55:28 UTC 2019
12 ms. Memory: 331264K Free: 306657K (93%)
ptolemy.util.test.WatchDog.cancel(): canceling Sun Mar 31 03:55:28 UTC 2019
------------------ testing $PTII/ptolemy/domains/de/test/auto/Modal4.xml
auto.tcl: Setting watchdog for 200 seconds at Sun Mar 31 03:55:28 UTC 2019
12 ms. Memory: 331264K Free: 310243K (94%)
ptolemy.util.test.WatchDog.cancel(): canceling Sun Mar 31 03:55:28 UTC 2019
auto.tcl: Setting watchdog for 200 seconds at Sun Mar 31 03:55:28 UTC 2019
14 ms. Memory: 331264K Free: 306686K (93%)
ptolemy.util.test.WatchDog.cancel(): canceling Sun Mar 31 03:55:28 UTC 2019
------------------ testing $PTII/ptolemy/domains/de/test/auto/Modal5.xml
auto.tcl: Setting watchdog for 200 seconds at Sun Mar 31 03:55:28 UTC 2019
17 ms. Memory: 331264K Free: 310222K (94%)
ptolemy.util.test.WatchDog.cancel(): canceling Sun Mar 31 03:55:28 UTC 2019
auto.tcl: Setting watchdog for 200 seconds at Sun Mar 31 03:55:28 UTC 2019
14 ms. Memory: 331264K Free: 306665K (93%)
ptolemy.util.test.WatchDog.cancel(): canceling Sun Mar 31 03:55:28 UTC 2019
------------------ testing $PTII/ptolemy/domains/de/test/auto/Modal6.xml
auto.tcl: Setting watchdog for 200 seconds at Sun Mar 31 03:55:28 UTC 2019
12 ms. Memory: 331264K Free: 310228K (94%)
ptolemy.util.test.WatchDog.cancel(): canceling Sun Mar 31 03:55:28 UTC 2019
auto.tcl: Setting watchdog for 200 seconds at Sun Mar 31 03:55:28 UTC 2019
14 ms. Memory: 331264K Free: 306671K (93%)
ptolemy.util.test.WatchDog.cancel(): canceling Sun Mar 31 03:55:28 UTC 2019
------------------ testing $PTII/ptolemy/domains/de/test/auto/Modal7.xml
auto.tcl: Setting watchdog for 200 seconds at Sun Mar 31 03:55:28 UTC 2019
21 ms. Memory: 331264K Free: 306671K (93%)
ptolemy.util.test.WatchDog.cancel(): canceling Sun Mar 31 03:55:28 UTC 2019
auto.tcl: Setting watchdog for 200 seconds at Sun Mar 31 03:55:28 UTC 2019
13 ms. Memory: 331264K Free: 303114K (92%)
ptolemy.util.test.WatchDog.cancel(): canceling Sun Mar 31 03:55:28 UTC 2019
------------------ testing $PTII/ptolemy/domains/de/test/auto/ModalModel.xml
auto.tcl: Setting watchdog for 200 seconds at Sun Mar 31 03:55:28 UTC 2019
187 ms. Memory: 331264K Free: 247915K (75%)
ptolemy.util.test.WatchDog.cancel(): canceling Sun Mar 31 03:55:29 UTC 2019
auto.tcl: Setting watchdog for 200 seconds at Sun Mar 31 03:55:29 UTC 2019
184 ms. Memory: 331264K Free: 191003K (58%)
ptolemy.util.test.WatchDog.cancel(): canceling Sun Mar 31 03:55:29 UTC 2019
------------------ testing $PTII/ptolemy/domains/de/test/auto/ModalSource.xml
auto.tcl: Setting watchdog for 200 seconds at Sun Mar 31 03:55:29 UTC 2019
10 ms. Memory: 331264K Free: 316491K (96%)
ptolemy.util.test.WatchDog.cancel(): canceling Sun Mar 31 03:55:29 UTC 2019
auto.tcl: Setting watchdog for 200 seconds at Sun Mar 31 03:55:29 UTC 2019
6 ms. Memory: 331264K Free: 313231K (95%)
ptolemy.util.test.WatchDog.cancel(): canceling Sun Mar 31 03:55:29 UTC 2019
------------------ testing $PTII/ptolemy/domains/de/test/auto/NonInterruptibleTimerZeroDelay.xml
auto.tcl: Setting watchdog for 200 seconds at Sun Mar 31 03:55:29 UTC 2019
4 ms. Memory: 331264K Free: 320842K (97%)
ptolemy.util.test.WatchDog.cancel(): canceling Sun Mar 31 03:55:29 UTC 2019
auto.tcl: Setting watchdog for 200 seconds at Sun Mar 31 03:55:29 UTC 2019
2 ms. Memory: 331264K Free: 317582K (96%)
ptolemy.util.test.WatchDog.cancel(): canceling Sun Mar 31 03:55:29 UTC 2019
------------------ testing $PTII/ptolemy/domains/de/test/auto/OpenQueueingNetwork.xml
auto.tcl: Setting watchdog for 200 seconds at Sun Mar 31 03:55:29 UTC 2019
3455 ms. Memory: 573952K Free: 375734K (65%)
ptolemy.util.test.WatchDog.cancel(): canceling Sun Mar 31 03:55:33 UTC 2019
auto.tcl: Setting watchdog for 200 seconds at Sun Mar 31 03:55:33 UTC 2019
3315 ms. Memory: 574464K Free: 260974K (45%)
ptolemy.util.test.WatchDog.cancel(): canceling Sun Mar 31 03:55:36 UTC 2019
------------------ testing $PTII/ptolemy/domains/de/test/auto/OpenQueuingNetwork.xml
auto.tcl: Setting watchdog for 200 seconds at Sun Mar 31 03:55:36 UTC 2019
301 ms. Memory: 1064960K Free: 938389K (88%)
ptolemy.util.test.WatchDog.cancel(): canceling Sun Mar 31 03:55:36 UTC 2019
auto.tcl: Setting watchdog for 200 seconds at Sun Mar 31 03:55:36 UTC 2019
290 ms. Memory: 1064960K Free: 884335K (83%)
ptolemy.util.test.WatchDog.cancel(): canceling Sun Mar 31 03:55:37 UTC 2019
------------------ testing $PTII/ptolemy/domains/de/test/auto/PeriodicSampler.xml
auto.tcl: Setting watchdog for 200 seconds at Sun Mar 31 03:55:37 UTC 2019
6 ms. Memory: 1065472K Free: 1036833K (97%)
ptolemy.util.test.WatchDog.cancel(): canceling Sun Mar 31 03:55:37 UTC 2019
auto.tcl: Setting watchdog for 200 seconds at Sun Mar 31 03:55:37 UTC 2019
2 ms. Memory: 1065472K Free: 1036833K (97%)
ptolemy.util.test.WatchDog.cancel(): canceling Sun Mar 31 03:55:37 UTC 2019
------------------ testing $PTII/ptolemy/domains/de/test/auto/PersistentIO.xml
auto.tcl: Setting watchdog for 200 seconds at Sun Mar 31 03:55:37 UTC 2019
5 ms. Memory: 1065472K Free: 1027600K (96%)
ptolemy.util.test.WatchDog.cancel(): canceling Sun Mar 31 03:55:37 UTC 2019
auto.tcl: Setting watchdog for 200 seconds at Sun Mar 31 03:55:37 UTC 2019
4 ms. Memory: 1065472K Free: 1027600K (96%)
ptolemy.util.test.WatchDog.cancel(): canceling Sun Mar 31 03:55:37 UTC 2019
------------------ testing $PTII/ptolemy/domains/de/test/auto/PortParameterResetOnInitialize.xml
auto.tcl: Setting watchdog for 200 seconds at Sun Mar 31 03:55:37 UTC 2019
2 ms. Memory: 1065472K Free: 1027462K (96%)
ptolemy.util.test.WatchDog.cancel(): canceling Sun Mar 31 03:55:37 UTC 2019
auto.tcl: Setting watchdog for 200 seconds at Sun Mar 31 03:55:37 UTC 2019
2 ms. Memory: 1065472K Free: 1027462K (96%)
ptolemy.util.test.WatchDog.cancel(): canceling Sun Mar 31 03:55:37 UTC 2019
------------------ testing $PTII/ptolemy/domains/de/test/auto/PortParameterUpdates.xml
auto.tcl: Setting watchdog for 200 seconds at Sun Mar 31 03:55:37 UTC 2019
3 ms. Memory: 1065472K Free: 1027595K (96%)
ptolemy.util.test.WatchDog.cancel(): canceling Sun Mar 31 03:55:37 UTC 2019
auto.tcl: Setting watchdog for 200 seconds at Sun Mar 31 03:55:37 UTC 2019
7 ms. Memory: 1065472K Free: 1027595K (96%)
ptolemy.util.test.WatchDog.cancel(): canceling Sun Mar 31 03:55:37 UTC 2019
------------------ testing $PTII/ptolemy/domains/de/test/auto/QueueAndServer.xml
auto.tcl: Setting watchdog for 200 seconds at Sun Mar 31 03:55:37 UTC 2019
7 ms. Memory: 1065472K Free: 1026418K (96%)
ptolemy.util.test.WatchDog.cancel(): canceling Sun Mar 31 03:55:37 UTC 2019
auto.tcl: Setting watchdog for 200 seconds at Sun Mar 31 03:55:37 UTC 2019
7 ms. Memory: 1065472K Free: 1026418K (96%)
ptolemy.util.test.WatchDog.cancel(): canceling Sun Mar 31 03:55:37 UTC 2019
------------------ testing $PTII/ptolemy/domains/de/test/auto/Records.xml
auto.tcl: Setting watchdog for 200 seconds at Sun Mar 31 03:55:37 UTC 2019
12 ms. Memory: 1065472K Free: 1036181K (97%)
ptolemy.util.test.WatchDog.cancel(): canceling Sun Mar 31 03:55:37 UTC 2019
auto.tcl: Setting watchdog for 200 seconds at Sun Mar 31 03:55:37 UTC 2019
2 ms. Memory: 1065472K Free: 1036181K (97%)
ptolemy.util.test.WatchDog.cancel(): canceling Sun Mar 31 03:55:37 UTC 2019
------------------ testing $PTII/ptolemy/domains/de/test/auto/ResetTransitionWithStartTime1.xml
auto.tcl: Setting watchdog for 200 seconds at Sun Mar 31 03:55:37 UTC 2019
13 ms. Memory: 1065472K Free: 1037346K (97%)
ptolemy.util.test.WatchDog.cancel(): canceling Sun Mar 31 03:55:37 UTC 2019
auto.tcl: Setting watchdog for 200 seconds at Sun Mar 31 03:55:37 UTC 2019
5 ms. Memory: 1065472K Free: 1036206K (97%)
ptolemy.util.test.WatchDog.cancel(): canceling Sun Mar 31 03:55:37 UTC 2019
------------------ testing $PTII/ptolemy/domains/de/test/auto/ResetTransitionWithStartTime2.xml
auto.tcl: Setting watchdog for 200 seconds at Sun Mar 31 03:55:37 UTC 2019
6 ms. Memory: 1064448K Free: 1036313K (97%)
ptolemy.util.test.WatchDog.cancel(): canceling Sun Mar 31 03:55:37 UTC 2019
auto.tcl: Setting watchdog for 200 seconds at Sun Mar 31 03:55:37 UTC 2019
6 ms. Memory: 1064448K Free: 1036313K (97%)
ptolemy.util.test.WatchDog.cancel(): canceling Sun Mar 31 03:55:37 UTC 2019
------------------ testing $PTII/ptolemy/domains/de/test/auto/ResetTransitionWithStartTime3.xml
auto.tcl: Setting watchdog for 200 seconds at Sun Mar 31 03:55:37 UTC 2019
7 ms. Memory: 1064960K Free: 1035684K (97%)
ptolemy.util.test.WatchDog.cancel(): canceling Sun Mar 31 03:55:37 UTC 2019
auto.tcl: Setting watchdog for 200 seconds at Sun Mar 31 03:55:37 UTC 2019
7 ms. Memory: 1064960K Free: 1035684K (97%)
ptolemy.util.test.WatchDog.cancel(): canceling Sun Mar 31 03:55:37 UTC 2019
------------------ testing $PTII/ptolemy/domains/de/test/auto/ResetTransitionWithStartTime4.xml
auto.tcl: Setting watchdog for 200 seconds at Sun Mar 31 03:55:38 UTC 2019
4 ms. Memory: 1064960K Free: 1035682K (97%)
ptolemy.util.test.WatchDog.cancel(): canceling Sun Mar 31 03:55:38 UTC 2019
auto.tcl: Setting watchdog for 200 seconds at Sun Mar 31 03:55:38 UTC 2019
4 ms. Memory: 1064960K Free: 1035682K (97%)
ptolemy.util.test.WatchDog.cancel(): canceling Sun Mar 31 03:55:38 UTC 2019
------------------ testing $PTII/ptolemy/domains/de/test/auto/ResettableTimer1.xml
auto.tcl: Setting watchdog for 200 seconds at Sun Mar 31 03:55:38 UTC 2019
2 ms. Memory: 1064960K Free: 1035678K (97%)
ptolemy.util.test.WatchDog.cancel(): canceling Sun Mar 31 03:55:38 UTC 2019
auto.tcl: Setting watchdog for 200 seconds at Sun Mar 31 03:55:38 UTC 2019
2 ms. Memory: 1064960K Free: 1035678K (97%)
ptolemy.util.test.WatchDog.cancel(): canceling Sun Mar 31 03:55:38 UTC 2019
------------------ testing $PTII/ptolemy/domains/de/test/auto/ResettableTimer2.xml
auto.tcl: Setting watchdog for 200 seconds at Sun Mar 31 03:55:38 UTC 2019
2 ms. Memory: 1064960K Free: 1036875K (97%)
ptolemy.util.test.WatchDog.cancel(): canceling Sun Mar 31 03:55:38 UTC 2019
auto.tcl: Setting watchdog for 200 seconds at Sun Mar 31 03:55:38 UTC 2019
2 ms. Memory: 1064960K Free: 1036875K (97%)
ptolemy.util.test.WatchDog.cancel(): canceling Sun Mar 31 03:55:38 UTC 2019
------------------ testing $PTII/ptolemy/domains/de/test/auto/ResettableTimer3.xml
auto.tcl: Setting watchdog for 200 seconds at Sun Mar 31 03:55:38 UTC 2019
1 ms. Memory: 1064960K Free: 1035735K (97%)
ptolemy.util.test.WatchDog.cancel(): canceling Sun Mar 31 03:55:38 UTC 2019
auto.tcl: Setting watchdog for 200 seconds at Sun Mar 31 03:55:38 UTC 2019
1 ms. Memory: 1064960K Free: 1035735K (97%)
ptolemy.util.test.WatchDog.cancel(): canceling Sun Mar 31 03:55:38 UTC 2019
------------------ testing $PTII/ptolemy/domains/de/test/auto/ResettableTimer4.xml
auto.tcl: Setting watchdog for 200 seconds at Sun Mar 31 03:55:38 UTC 2019
1 ms. Memory: 1063936K Free: 1035864K (97%)
ptolemy.util.test.WatchDog.cancel(): canceling Sun Mar 31 03:55:38 UTC 2019
auto.tcl: Setting watchdog for 200 seconds at Sun Mar 31 03:55:38 UTC 2019
1 ms. Memory: 1063936K Free: 1035864K (97%)
ptolemy.util.test.WatchDog.cancel(): canceling Sun Mar 31 03:55:38 UTC 2019
------------------ testing $PTII/ptolemy/domains/de/test/auto/ResettableTimer5.xml
auto.tcl: Setting watchdog for 200 seconds at Sun Mar 31 03:55:38 UTC 2019
1 ms. Memory: 1064448K Free: 1026554K (96%)
ptolemy.util.test.WatchDog.cancel(): canceling Sun Mar 31 03:55:38 UTC 2019
auto.tcl: Setting watchdog for 200 seconds at Sun Mar 31 03:55:38 UTC 2019
1 ms. Memory: 1064448K Free: 1026554K (96%)
ptolemy.util.test.WatchDog.cancel(): canceling Sun Mar 31 03:55:38 UTC 2019
------------------ testing $PTII/ptolemy/domains/de/test/auto/ResettableTimer6.xml
auto.tcl: Setting watchdog for 200 seconds at Sun Mar 31 03:55:38 UTC 2019
2 ms. Memory: 1064448K Free: 1025363K (96%)
ptolemy.util.test.WatchDog.cancel(): canceling Sun Mar 31 03:55:38 UTC 2019
auto.tcl: Setting watchdog for 200 seconds at Sun Mar 31 03:55:38 UTC 2019
1 ms. Memory: 1064448K Free: 1025363K (96%)
ptolemy.util.test.WatchDog.cancel(): canceling Sun Mar 31 03:55:38 UTC 2019
------------------ testing $PTII/ptolemy/domains/de/test/auto/ServerZeroDelay.xml
auto.tcl: Setting watchdog for 200 seconds at Sun Mar 31 03:55:38 UTC 2019
3 ms. Memory: 1064448K Free: 1036314K (97%)
ptolemy.util.test.WatchDog.cancel(): canceling Sun Mar 31 03:55:38 UTC 2019
auto.tcl: Setting watchdog for 200 seconds at Sun Mar 31 03:55:38 UTC 2019
2 ms. Memory: 1064448K Free: 1036314K (97%)
ptolemy.util.test.WatchDog.cancel(): canceling Sun Mar 31 03:55:38 UTC 2019
------------------ testing $PTII/ptolemy/domains/de/test/auto/SmartSender.xml
auto.tcl: Setting watchdog for 200 seconds at Sun Mar 31 03:55:38 UTC 2019
3002 ms. Memory: 1064448K Free: 1026488K (96%)
ptolemy.util.test.WatchDog.cancel(): canceling Sun Mar 31 03:55:41 UTC 2019
auto.tcl: Setting watchdog for 200 seconds at Sun Mar 31 03:55:41 UTC 2019
3002 ms. Memory: 1064448K Free: 1026488K (96%)
ptolemy.util.test.WatchDog.cancel(): canceling Sun Mar 31 03:55:44 UTC 2019
------------------ testing $PTII/ptolemy/domains/de/test/auto/ThreadedComposite.xml
auto.tcl: Setting watchdog for 200 seconds at Sun Mar 31 03:55:44 UTC 2019
209 ms. Memory: 1064448K Free: 1005722K (94%)
ptolemy.util.test.WatchDog.cancel(): canceling Sun Mar 31 03:55:44 UTC 2019
auto.tcl: Setting watchdog for 200 seconds at Sun Mar 31 03:55:44 UTC 2019
115 ms. Memory: 1064448K Free: 972561K (91%)
ptolemy.util.test.WatchDog.cancel(): canceling Sun Mar 31 03:55:45 UTC 2019
------------------ testing $PTII/ptolemy/domains/de/test/auto/Time.xml
auto.tcl: Setting watchdog for 200 seconds at Sun Mar 31 03:55:45 UTC 2019
565 ms. Memory: 1064448K Free: 985793K (93%)
ptolemy.util.test.WatchDog.cancel(): canceling Sun Mar 31 03:55:45 UTC 2019
auto.tcl: Setting watchdog for 200 seconds at Sun Mar 31 03:55:45 UTC 2019
485 ms. Memory: 1064448K Free: 931710K (88%)
ptolemy.util.test.WatchDog.cancel(): canceling Sun Mar 31 03:55:46 UTC 2019
------------------ testing $PTII/ptolemy/domains/de/test/auto/TimeDelayZeroDelay.xml
auto.tcl: Setting watchdog for 200 seconds at Sun Mar 31 03:55:46 UTC 2019
2 ms. Memory: 1064448K Free: 1035089K (97%)
ptolemy.util.test.WatchDog.cancel(): canceling Sun Mar 31 03:55:46 UTC 2019
auto.tcl: Setting watchdog for 200 seconds at Sun Mar 31 03:55:46 UTC 2019
1 ms. Memory: 1064448K Free: 1035089K (97%)
ptolemy.util.test.WatchDog.cancel(): canceling Sun Mar 31 03:55:46 UTC 2019
------------------ testing $PTII/ptolemy/domains/de/test/auto/TimerZeroDelay.xml
auto.tcl: Setting watchdog for 200 seconds at Sun Mar 31 03:55:46 UTC 2019
2 ms. Memory: 1063424K Free: 1035249K (97%)
ptolemy.util.test.WatchDog.cancel(): canceling Sun Mar 31 03:55:46 UTC 2019
auto.tcl: Setting watchdog for 200 seconds at Sun Mar 31 03:55:46 UTC 2019
2 ms. Memory: 1063424K Free: 1035249K (97%)
ptolemy.util.test.WatchDog.cancel(): canceling Sun Mar 31 03:55:46 UTC 2019
------------------ testing $PTII/ptolemy/domains/de/test/auto/TimingParadox.xml
auto.tcl: Setting watchdog for 200 seconds at Sun Mar 31 03:55:46 UTC 2019
363 ms. Memory: 1063936K Free: 978167K (92%)
ptolemy.util.test.WatchDog.cancel(): canceling Sun Mar 31 03:55:46 UTC 2019
auto.tcl: Setting watchdog for 200 seconds at Sun Mar 31 03:55:46 UTC 2019
343 ms. Memory: 1063936K Free: 937605K (88%)
ptolemy.util.test.WatchDog.cancel(): canceling Sun Mar 31 03:55:47 UTC 2019
------------------ testing $PTII/ptolemy/domains/de/test/auto/TransferInputs.xml
auto.tcl: Setting watchdog for 200 seconds at Sun Mar 31 03:55:47 UTC 2019
2 ms. Memory: 1063424K Free: 1034221K (97%)
ptolemy.util.test.WatchDog.cancel(): canceling Sun Mar 31 03:55:47 UTC 2019
auto.tcl: Setting watchdog for 200 seconds at Sun Mar 31 03:55:47 UTC 2019
2 ms. Memory: 1063424K Free: 1034221K (97%)
ptolemy.util.test.WatchDog.cancel(): canceling Sun Mar 31 03:55:47 UTC 2019
------------------ testing $PTII/ptolemy/domains/de/test/auto/TransferOutputs2.xml
auto.tcl: Setting watchdog for 200 seconds at Sun Mar 31 03:55:47 UTC 2019
2 ms. Memory: 1063936K Free: 1035835K (97%)
ptolemy.util.test.WatchDog.cancel(): canceling Sun Mar 31 03:55:47 UTC 2019
auto.tcl: Setting watchdog for 200 seconds at Sun Mar 31 03:55:47 UTC 2019
4 ms. Memory: 1063936K Free: 1035835K (97%)
ptolemy.util.test.WatchDog.cancel(): canceling Sun Mar 31 03:55:47 UTC 2019
------------------ testing $PTII/ptolemy/domains/de/test/auto/Trilateration.xml
auto.tcl: Setting watchdog for 200 seconds at Sun Mar 31 03:55:47 UTC 2019
14817 ms. Memory: 933376K Free: 699157K (75%)
ptolemy.util.test.WatchDog.cancel(): canceling Sun Mar 31 03:56:03 UTC 2019
auto.tcl: Setting watchdog for 200 seconds at Sun Mar 31 03:56:03 UTC 2019
11005 ms. Memory: 812544K Free: 423356K (52%)
ptolemy.util.test.WatchDog.cancel(): canceling Sun Mar 31 03:56:14 UTC 2019
------------------ testing $PTII/ptolemy/domains/de/test/auto/TwoSigmaDelta.xml
auto.tcl: Setting watchdog for 200 seconds at Sun Mar 31 03:56:14 UTC 2019
3067 ms. Memory: 816640K Free: 495784K (61%)
ptolemy.util.test.WatchDog.cancel(): canceling Sun Mar 31 03:56:17 UTC 2019
auto.tcl: Setting watchdog for 200 seconds at Sun Mar 31 03:56:17 UTC 2019
2175 ms. Memory: 816640K Free: 261823K (32%)
ptolemy.util.test.WatchDog.cancel(): canceling Sun Mar 31 03:56:19 UTC 2019
------------------ testing $PTII/ptolemy/domains/de/test/auto/VariableDelay.xml
auto.tcl: Setting watchdog for 200 seconds at Sun Mar 31 03:56:19 UTC 2019
3 ms. Memory: 813056K Free: 789525K (97%)
ptolemy.util.test.WatchDog.cancel(): canceling Sun Mar 31 03:56:19 UTC 2019
auto.tcl: Setting watchdog for 200 seconds at Sun Mar 31 03:56:19 UTC 2019
2 ms. Memory: 813056K Free: 789525K (97%)
ptolemy.util.test.WatchDog.cancel(): canceling Sun Mar 31 03:56:19 UTC 2019
------------------ testing $PTII/ptolemy/domains/de/test/auto/VariableDelay2.xml
auto.tcl: Setting watchdog for 200 seconds at Sun Mar 31 03:56:19 UTC 2019
2 ms. Memory: 812544K Free: 789525K (97%)
ptolemy.util.test.WatchDog.cancel(): canceling Sun Mar 31 03:56:19 UTC 2019
auto.tcl: Setting watchdog for 200 seconds at Sun Mar 31 03:56:19 UTC 2019
2 ms. Memory: 812544K Free: 789525K (97%)
ptolemy.util.test.WatchDog.cancel(): canceling Sun Mar 31 03:56:19 UTC 2019
------------------ testing $PTII/ptolemy/domains/de/test/auto/VariableDelayZeroDelay.xml
auto.tcl: Setting watchdog for 200 seconds at Sun Mar 31 03:56:19 UTC 2019
2 ms. Memory: 812544K Free: 789524K (97%)
ptolemy.util.test.WatchDog.cancel(): canceling Sun Mar 31 03:56:19 UTC 2019
auto.tcl: Setting watchdog for 200 seconds at Sun Mar 31 03:56:19 UTC 2019
2 ms. Memory: 812544K Free: 789524K (97%)
ptolemy.util.test.WatchDog.cancel(): canceling Sun Mar 31 03:56:19 UTC 2019
------------------ testing $PTII/ptolemy/domains/de/test/auto/VariableDelayZeroDelay2.xml
auto.tcl: Setting watchdog for 200 seconds at Sun Mar 31 03:56:19 UTC 2019
4 ms. Memory: 815616K Free: 785282K (96%)
ptolemy.util.test.WatchDog.cancel(): canceling Sun Mar 31 03:56:19 UTC 2019
auto.tcl: Setting watchdog for 200 seconds at Sun Mar 31 03:56:19 UTC 2019
2 ms. Memory: 815616K Free: 785282K (96%)
ptolemy.util.test.WatchDog.cancel(): canceling Sun Mar 31 03:56:19 UTC 2019
------------------ testing $PTII/ptolemy/domains/de/test/auto/deInCt.xml
auto.tcl: Setting watchdog for 200 seconds at Sun Mar 31 03:56:19 UTC 2019
0
1
1
1
1
1
1
0
0
0
1
1
1
0
0
0
1
1
1
0
0
0
0
0
1
1
1
0
0
0
1
1
1
0
0
0
13 ms. Memory: 812544K Free: 782109K (96%)
ptolemy.util.test.WatchDog.cancel(): canceling Sun Mar 31 03:56:20 UTC 2019
auto.tcl: Setting watchdog for 200 seconds at Sun Mar 31 03:56:20 UTC 2019
0
1
1
1
0
0
0
1
1
1
1
1
1
1
0
0
0
1
1
1
0
0
0
1
1
1
0
0
0
0
0
0
9 ms. Memory: 812544K Free: 782109K (96%)
ptolemy.util.test.WatchDog.cancel(): canceling Sun Mar 31 03:56:20 UTC 2019
------------------ testing $PTII/ptolemy/domains/de/test/auto/deInCt2.xml
auto.tcl: Setting watchdog for 200 seconds at Sun Mar 31 03:56:20 UTC 2019
0
1
1
1
0
0
1
1
1
0
0
1
1
1
0
0
1
1
1
0
0
1
1
1
0
0
1
1
1
0
0
1
1
1
0
0
1
1
1
0
0
0
10 ms. Memory: 815616K Free: 785181K (96%)
ptolemy.util.test.WatchDog.cancel(): canceling Sun Mar 31 03:56:20 UTC 2019
auto.tcl: Setting watchdog for 200 seconds at Sun Mar 31 03:56:20 UTC 2019
0
1
1
1
0
0
1
1
1
0
0
1
1
1
0
0
1
1
1
0
0
1
1
1
0
0
1
1
1
0
0
1
1
1
0
0
1
1
1
0
0
0
5 ms. Memory: 815616K Free: 785181K (96%)
ptolemy.util.test.WatchDog.cancel(): canceling Sun Mar 31 03:56:20 UTC 2019
------------------ testing $PTII/ptolemy/domains/de/test/auto/dynamicCausalityInterface1.xml
auto.tcl: Setting watchdog for 200 seconds at Sun Mar 31 03:56:20 UTC 2019
1 ms. Memory: 812544K Free: 789514K (97%)
ptolemy.util.test.WatchDog.cancel(): canceling Sun Mar 31 03:56:20 UTC 2019
auto.tcl: Setting watchdog for 200 seconds at Sun Mar 31 03:56:20 UTC 2019
1 ms. Memory: 812544K Free: 789514K (97%)
ptolemy.util.test.WatchDog.cancel(): canceling Sun Mar 31 03:56:20 UTC 2019
------------------ testing $PTII/ptolemy/domains/de/test/auto/fsm_de_test.xml
auto.tcl: Setting watchdog for 200 seconds at Sun Mar 31 03:56:20 UTC 2019
8 ms. Memory: 815104K Free: 784657K (96%)
ptolemy.util.test.WatchDog.cancel(): canceling Sun Mar 31 03:56:20 UTC 2019
auto.tcl: Setting watchdog for 200 seconds at Sun Mar 31 03:56:20 UTC 2019
5 ms. Memory: 815104K Free: 784657K (96%)
ptolemy.util.test.WatchDog.cancel(): canceling Sun Mar 31 03:56:20 UTC 2019
------------------ testing $PTII/ptolemy/domains/de/test/auto/functionDependencyReconstruction.xml
auto.tcl: Setting watchdog for 200 seconds at Sun Mar 31 03:56:20 UTC 2019
3 ms. Memory: 812544K Free: 771290K (95%)
ptolemy.util.test.WatchDog.cancel(): canceling Sun Mar 31 03:56:20 UTC 2019
auto.tcl: Setting watchdog for 200 seconds at Sun Mar 31 03:56:20 UTC 2019
3 ms. Memory: 812544K Free: 771290K (95%)
ptolemy.util.test.WatchDog.cancel(): canceling Sun Mar 31 03:56:20 UTC 2019
------------------ testing $PTII/ptolemy/domains/de/test/auto/multirate.xml
auto.tcl: Setting watchdog for 200 seconds at Sun Mar 31 03:56:20 UTC 2019
9 ms. Memory: 814592K Free: 784011K (96%)
ptolemy.util.test.WatchDog.cancel(): canceling Sun Mar 31 03:56:20 UTC 2019
auto.tcl: Setting watchdog for 200 seconds at Sun Mar 31 03:56:20 UTC 2019
3 ms. Memory: 814592K Free: 784011K (96%)
ptolemy.util.test.WatchDog.cancel(): canceling Sun Mar 31 03:56:20 UTC 2019
------------------ testing $PTII/ptolemy/domains/de/test/auto/multirate2.xml
auto.tcl: Setting watchdog for 200 seconds at Sun Mar 31 03:56:20 UTC 2019
6 ms. Memory: 812544K Free: 782151K (96%)
ptolemy.util.test.WatchDog.cancel(): canceling Sun Mar 31 03:56:20 UTC 2019
auto.tcl: Setting watchdog for 200 seconds at Sun Mar 31 03:56:20 UTC 2019
3 ms. Memory: 812544K Free: 782151K (96%)
ptolemy.util.test.WatchDog.cancel(): canceling Sun Mar 31 03:56:20 UTC 2019
------------------ testing $PTII/ptolemy/domains/de/test/auto/realtime.xml
auto.tcl: Setting watchdog for 200 seconds at Sun Mar 31 03:56:20 UTC 2019
10002 ms. Memory: 814592K Free: 784100K (96%)
ptolemy.util.test.WatchDog.cancel(): canceling Sun Mar 31 03:56:30 UTC 2019
auto.tcl: Setting watchdog for 200 seconds at Sun Mar 31 03:56:30 UTC 2019
10002 ms. Memory: 814592K Free: 784100K (96%)
ptolemy.util.test.WatchDog.cancel(): canceling Sun Mar 31 03:56:40 UTC 2019
------------------ testing $PTII/ptolemy/domains/de/test/auto/relationGroup.xml
auto.tcl: Setting watchdog for 200 seconds at Sun Mar 31 03:56:40 UTC 2019
2 ms. Memory: 812544K Free: 782176K (96%)
ptolemy.util.test.WatchDog.cancel(): canceling Sun Mar 31 03:56:40 UTC 2019
auto.tcl: Setting watchdog for 200 seconds at Sun Mar 31 03:56:40 UTC 2019
2 ms. Memory: 812544K Free: 782176K (96%)
ptolemy.util.test.WatchDog.cancel(): canceling Sun Mar 31 03:56:40 UTC 2019
------------------ testing $PTII/ptolemy/domains/de/test/auto/relationGroup2.xml
auto.tcl: Setting watchdog for 200 seconds at Sun Mar 31 03:56:40 UTC 2019
2 ms. Memory: 814080K Free: 783738K (96%)
ptolemy.util.test.WatchDog.cancel(): canceling Sun Mar 31 03:56:40 UTC 2019
auto.tcl: Setting watchdog for 200 seconds at Sun Mar 31 03:56:40 UTC 2019
2 ms. Memory: 814080K Free: 783738K (96%)
ptolemy.util.test.WatchDog.cancel(): canceling Sun Mar 31 03:56:40 UTC 2019
------------------ testing $PTII/ptolemy/domains/de/test/auto/sortWithOpaquePorts.xml
auto.tcl: Setting watchdog for 200 seconds at Sun Mar 31 03:56:40 UTC 2019
3 ms. Memory: 812544K Free: 782203K (96%)
ptolemy.util.test.WatchDog.cancel(): canceling Sun Mar 31 03:56:40 UTC 2019
auto.tcl: Setting watchdog for 200 seconds at Sun Mar 31 03:56:40 UTC 2019
2 ms. Memory: 812544K Free: 782203K (96%)
ptolemy.util.test.WatchDog.cancel(): canceling Sun Mar 31 03:56:40 UTC 2019
------------------ testing $PTII/ptolemy/domains/de/test/auto/transferInputsandOutputs.xml
auto.tcl: Setting watchdog for 200 seconds at Sun Mar 31 03:56:40 UTC 2019
3 ms. Memory: 814080K Free: 783726K (96%)
ptolemy.util.test.WatchDog.cancel(): canceling Sun Mar 31 03:56:40 UTC 2019
auto.tcl: Setting watchdog for 200 seconds at Sun Mar 31 03:56:40 UTC 2019
2 ms. Memory: 814080K Free: 783726K (96%)
ptolemy.util.test.WatchDog.cancel(): canceling Sun Mar 31 03:56:40 UTC 2019
------------------ testing $PTII/ptolemy/domains/de/test/auto/triggerType.xml
auto.tcl: Setting watchdog for 200 seconds at Sun Mar 31 03:56:40 UTC 2019
1 ms. Memory: 812544K Free: 782138K (96%)
ptolemy.util.test.WatchDog.cancel(): canceling Sun Mar 31 03:56:40 UTC 2019
auto.tcl: Setting watchdog for 200 seconds at Sun Mar 31 03:56:40 UTC 2019
2 ms. Memory: 812544K Free: 782138K (96%)
ptolemy.util.test.WatchDog.cancel(): canceling Sun Mar 31 03:56:40 UTC 2019
03/31/19 03:56:40
Failed: 0  Total Tests: 192  ((Passed: 187, Newly Passed: 1)  Known Failed: 5) /home/travis/build/icyphy/ptII/ptolemy/domains/de/test
03/31/19 03:56:40
Failed: 0  Total Tests: 192  ((Passed: 187, Newly Passed: 1)  Known Failed: 5) /home/travis/build/icyphy/ptII/ptolemy/domains/de/test
----------------- testing (KnownFailure) /home/travis/build/icyphy/ptII/ptolemy/domains/de/test/auto/knownFailedTests/DESDFClockTest.xml
2017 ms. Memory: 813568K Free: 768495K (94%)
Known Failure: java.lang.reflect.InvocationTargetException
----------------- testing (KnownFailure) /home/travis/build/icyphy/ptII/ptolemy/domains/de/test/auto/knownFailedTests/DirectFeedback.xml
2 ms. Memory: 813568K Free: 710003K (87%)
Known Failure: java.lang.reflect.InvocationTargetException
----------------- testing (KnownFailure) /home/travis/build/icyphy/ptII/ptolemy/domains/de/test/auto/knownFailedTests/FSMSource.xml
7 ms. Memory: 813568K Free: 651512K (80%)
----------------- testing (KnownFailure) /home/travis/build/icyphy/ptII/ptolemy/domains/de/test/auto/knownFailedTests/HierarchicalModel.xml
2 ms. Memory: 813568K Free: 607628K (75%)
Known Failure: java.lang.reflect.InvocationTargetException
----------------- testing (KnownFailure) /home/travis/build/icyphy/ptII/ptolemy/domains/de/test/auto/knownFailedTests/dependencyLoop.xml
3 ms. Memory: 813568K Free: 549137K (67%)
Known Failure: java.lang.reflect.InvocationTargetException
----------------- testing (KnownFailure) /home/travis/build/icyphy/ptII/ptolemy/domains/de/test/auto/knownFailedTests/dependencyLoop2.xml
6 ms. Memory: 813568K Free: 490646K (60%)
Known Failure: java.lang.reflect.InvocationTargetException
No auto/linux-amd64/*.xml tests in /home/travis/build/icyphy/ptII/ptolemy/domains/de/test
AutoTests.java: About to close Vertx.
AutoTests.java: Vertx closed.

===========================================================================================
----------------- testing Sun Mar 31 03:56:43 UTC 2019 /home/travis/build/icyphy/ptII/ptolemy/domains/de/test/auto/ActorDepthCalculation_actorWithoutPorts.xml
----------------- Instantiating /home/travis/build/icyphy/ptII/ptolemy/domains/de/test/auto/ActorDepthCalculation_actorWithoutPorts.xml
2 ms. Memory: 813568K Free: 417532K (51%)
----------------- Invoking toplevel() on ptolemy.moml.MoMLSimpleApplication@28bdddef
----------------- Done invoking toplevel() on ptolemy.moml.MoMLSimpleApplication@28bdddef
reloadAllAccessors: .ActorDepthCalculation_actorWithoutPorts

===========================================================================================
----------------- testing Sun Mar 31 03:56:43 UTC 2019 /home/travis/build/icyphy/ptII/ptolemy/domains/de/test/auto/AssemblyLine.xml
----------------- Instantiating /home/travis/build/icyphy/ptII/ptolemy/domains/de/test/auto/AssemblyLine.xml
4 ms. Memory: 813568K Free: 388286K (48%)
----------------- Invoking toplevel() on ptolemy.moml.MoMLSimpleApplication@6071ebf3
----------------- Done invoking toplevel() on ptolemy.moml.MoMLSimpleApplication@6071ebf3
reloadAllAccessors: .AssemblyLine

===========================================================================================
----------------- testing Sun Mar 31 03:56:43 UTC 2019 /home/travis/build/icyphy/ptII/ptolemy/domains/de/test/auto/CQBug1.xml
----------------- Instantiating /home/travis/build/icyphy/ptII/ptolemy/domains/de/test/auto/CQBug1.xml
1 ms. Memory: 813568K Free: 359041K (44%)
----------------- Invoking toplevel() on ptolemy.moml.MoMLSimpleApplication@6f53d277
----------------- Done invoking toplevel() on ptolemy.moml.MoMLSimpleApplication@6f53d277
reloadAllAccessors: .CQBug1

===========================================================================================
----------------- testing Sun Mar 31 03:56:43 UTC 2019 /home/travis/build/icyphy/ptII/ptolemy/domains/de/test/auto/CancelFireAt.xml
----------------- Instantiating /home/travis/build/icyphy/ptII/ptolemy/domains/de/test/auto/CancelFireAt.xml
0 ms. Memory: 813568K Free: 329795K (41%)
----------------- Invoking toplevel() on ptolemy.moml.MoMLSimpleApplication@7bcb2e6a
----------------- Done invoking toplevel() on ptolemy.moml.MoMLSimpleApplication@7bcb2e6a
reloadAllAccessors: .CancelFireAt

===========================================================================================
----------------- testing Sun Mar 31 03:56:43 UTC 2019 /home/travis/build/icyphy/ptII/ptolemy/domains/de/test/auto/CausalityAndComposabilityAnalysis.xml
----------------- Instantiating /home/travis/build/icyphy/ptII/ptolemy/domains/de/test/auto/CausalityAndComposabilityAnalysis.xml
1 ms. Memory: 813568K Free: 300550K (37%)
----------------- Invoking toplevel() on ptolemy.moml.MoMLSimpleApplication@3f3583e3
----------------- Done invoking toplevel() on ptolemy.moml.MoMLSimpleApplication@3f3583e3
reloadAllAccessors: .CausalityAndComposabilityAnalysis

===========================================================================================
----------------- testing Sun Mar 31 03:56:43 UTC 2019 /home/travis/build/icyphy/ptII/ptolemy/domains/de/test/auto/CausalityInterface1.xml
----------------- Instantiating /home/travis/build/icyphy/ptII/ptolemy/domains/de/test/auto/CausalityInterface1.xml
5 ms. Memory: 813568K Free: 271304K (33%)
----------------- Invoking toplevel() on ptolemy.moml.MoMLSimpleApplication@3398e7ce
----------------- Done invoking toplevel() on ptolemy.moml.MoMLSimpleApplication@3398e7ce
reloadAllAccessors: .CausalityInterface1

===========================================================================================
----------------- testing Sun Mar 31 03:56:43 UTC 2019 /home/travis/build/icyphy/ptII/ptolemy/domains/de/test/auto/CausalityInterface15.xml
----------------- Instantiating /home/travis/build/icyphy/ptII/ptolemy/domains/de/test/auto/CausalityInterface15.xml
2 ms. Memory: 813568K Free: 242059K (30%)
----------------- Invoking toplevel() on ptolemy.moml.MoMLSimpleApplication@3d90af99
----------------- Done invoking toplevel() on ptolemy.moml.MoMLSimpleApplication@3d90af99
[...]
java.lang.RuntimeException: Execution failed
	at ptolemy.moml.MoMLSimpleApplication$UnloadThread.run(MoMLSimpleApplication.java:402)
Caused by: ptolemy.kernel.util.IllegalActionException: Test fails in iteration 1.
Value was: 1.0. Should have been: 2.0
  in .DirectFeedback.Test
	at ptolemy.actor.lib.Test.fire(Test.java:268)
	at ptolemy.domains.de.kernel.DEDirector._fire(DEDirector.java:1949)
	at ptolemy.domains.de.kernel.DEDirector.fire(DEDirector.java:502)
	at ptolemy.actor.CompositeActor.fire(CompositeActor.java:455)
	at ptolemy.actor.Manager.iterate(Manager.java:851)
	at ptolemy.actor.Manager.execute(Manager.java:369)
	at ptolemy.actor.Manager.run(Manager.java:1263)
	at ptolemy.actor.Manager$PtolemyRunThread.run(Manager.java:1915)
java.lang.RuntimeException: Execution failed
	at ptolemy.moml.MoMLSimpleApplication$UnloadThread.run(MoMLSimpleApplication.java:402)
Caused by: ptolemy.kernel.util.IllegalActionException: Actor is not ready to fire.  Perhaps UpSample.prefire() returned false? Try debugging the actor by selecting "Listen to Actor".  Also, for SDF check moml for tokenConsumptionRate on input.
  in .DESDFClockTest.Play Bell.Copy1:SDF Director and .DESDFClockTest.Play Bell.UpSample
	at ptolemy.actor.sched.StaticSchedulingDirector.fire(StaticSchedulingDirector.java:227)
	at ptolemy.domains.sdf.kernel.SDFDirector.fire(SDFDirector.java:500)
	at ptolemy.actor.CompositeActor.fire(CompositeActor.java:455)
	at ptolemy.domains.de.kernel.DEDirector._fire(DEDirector.java:1949)
	at ptolemy.domains.de.kernel.DEDirector.fire(DEDirector.java:502)
	at ptolemy.actor.CompositeActor.fire(CompositeActor.java:455)
	at ptolemy.actor.Manager.iterate(Manager.java:851)
	at ptolemy.actor.Manager.execute(Manager.java:369)
	at ptolemy.actor.Manager.run(Manager.java:1263)
	at ptolemy.actor.Manager$PtolemyRunThread.run(Manager.java:1915)
java.lang.reflect.InvocationTargetException
	at sun.reflect.NativeConstructorAccessorImpl.newInstance0(Native Method)
	at sun.reflect.NativeConstructorAccessorImpl.newInstance(NativeConstructorAccessorImpl.java:62)
	at sun.reflect.DelegatingConstructorAccessorImpl.newInstance(DelegatingConstructorAccessorImpl.java:45)
	at java.lang.reflect.Constructor.newInstance(Constructor.java:423)
	at ptolemy.util.test.junit.AutoKnownFailedTests.RunModel(AutoKnownFailedTests.java:105)
	at sun.reflect.NativeMethodAccessorImpl.invoke0(Native Method)
	at sun.reflect.NativeMethodAccessorImpl.invoke(NativeMethodAccessorImpl.java:62)
	at sun.reflect.DelegatingMethodAccessorImpl.invoke(DelegatingMethodAccessorImpl.java:43)
	at java.lang.reflect.Method.invoke(Method.java:498)
	at org.junit.runners.model.FrameworkMethod$1.runReflectiveCall(FrameworkMethod.java:44)
	at org.junit.internal.runners.model.ReflectiveCallable.run(ReflectiveCallable.java:15)
	at org.junit.runners.model.FrameworkMethod.invokeExplosively(FrameworkMethod.java:41)
	at junitparams.internal.InvokeParameterisedMethod.evaluate(InvokeParameterisedMethod.java:102)
	at org.junit.internal.runners.statements.FailOnTimeout$1.run(FailOnTimeout.java:28)
Caused by: ptolemy.kernel.util.IllegalActionException: Actor is not ready to fire.  Perhaps UpSample.prefire() returned false? Try debugging the actor by selecting "Listen to Actor".  Also, for SDF check moml for tokenConsumptionRate on input.
  in .DESDFClockTest.Play Bell.Copy1:SDF Director and .DESDFClockTest.Play Bell.UpSample
	at ptolemy.actor.sched.StaticSchedulingDirector.fire(StaticSchedulingDirector.java:227)
	at ptolemy.domains.sdf.kernel.SDFDirector.fire(SDFDirector.java:500)
	at ptolemy.actor.CompositeActor.fire(CompositeActor.java:455)
	at ptolemy.domains.de.kernel.DEDirector._fire(DEDirector.java:1949)
	at ptolemy.domains.de.kernel.DEDirector.fire(DEDirector.java:502)
	at ptolemy.actor.CompositeActor.fire(CompositeActor.java:455)
	at ptolemy.actor.Manager.iterate(Manager.java:851)
	at ptolemy.actor.Manager.execute(Manager.java:369)
	at ptolemy.actor.Manager.run(Manager.java:1263)
	at ptolemy.actor.Manager$PtolemyRunThread.run(Manager.java:1915)
java.lang.RuntimeException: Execution failed
	at ptolemy.moml.MoMLSimpleApplication$UnloadThread.run(MoMLSimpleApplication.java:402)
Caused by: ptolemy.kernel.util.IllegalActionException: Test fails in iteration 1.
Value was: 1.0. Should have been: 2.0
  in .DirectFeedback.Test
	at ptolemy.actor.lib.Test.fire(Test.java:268)
	at ptolemy.domains.de.kernel.DEDirector._fire(DEDirector.java:1949)
	at ptolemy.domains.de.kernel.DEDirector.fire(DEDirector.java:502)
	at ptolemy.actor.CompositeActor.fire(CompositeActor.java:455)
	at ptolemy.actor.Manager.iterate(Manager.java:851)
	at ptolemy.actor.Manager.execute(Manager.java:369)
	at ptolemy.actor.Manager.run(Manager.java:1263)
	at ptolemy.actor.Manager$PtolemyRunThread.run(Manager.java:1915)
java.lang.reflect.InvocationTargetException
	at sun.reflect.NativeConstructorAccessorImpl.newInstance0(Native Method)
	at sun.reflect.NativeConstructorAccessorImpl.newInstance(NativeConstructorAccessorImpl.java:62)
	at sun.reflect.DelegatingConstructorAccessorImpl.newInstance(DelegatingConstructorAccessorImpl.java:45)
	at java.lang.reflect.Constructor.newInstance(Constructor.java:423)
	at ptolemy.util.test.junit.AutoKnownFailedTests.RunModel(AutoKnownFailedTests.java:105)
	at sun.reflect.NativeMethodAccessorImpl.invoke0(Native Method)
	at sun.reflect.NativeMethodAccessorImpl.invoke(NativeMethodAccessorImpl.java:62)
	at sun.reflect.DelegatingMethodAccessorImpl.invoke(DelegatingMethodAccessorImpl.java:43)
	at java.lang.reflect.Method.invoke(Method.java:498)
	at org.junit.runners.model.FrameworkMethod$1.runReflectiveCall(FrameworkMethod.java:44)
	at org.junit.internal.runners.model.ReflectiveCallable.run(ReflectiveCallable.java:15)
	at org.junit.runners.model.FrameworkMethod.invokeExplosively(FrameworkMethod.java:41)
	at junitparams.internal.InvokeParameterisedMethod.evaluate(InvokeParameterisedMethod.java:102)
	at org.junit.internal.runners.statements.FailOnTimeout$1.run(FailOnTimeout.java:28)
Caused by: ptolemy.kernel.util.IllegalActionException: Test fails in iteration 1.
Value was: 1.0. Should have been: 2.0
  in .DirectFeedback.Test
	at ptolemy.actor.lib.Test.fire(Test.java:268)
	at ptolemy.domains.de.kernel.DEDirector._fire(DEDirector.java:1949)
	at ptolemy.domains.de.kernel.DEDirector.fire(DEDirector.java:502)
	at ptolemy.actor.CompositeActor.fire(CompositeActor.java:455)
	at ptolemy.actor.Manager.iterate(Manager.java:851)
	at ptolemy.actor.Manager.execute(Manager.java:369)
	at ptolemy.actor.Manager.run(Manager.java:1263)
	at ptolemy.actor.Manager$PtolemyRunThread.run(Manager.java:1915)
java.lang.RuntimeException: Execution failed
	at ptolemy.moml.MoMLSimpleApplication$UnloadThread.run(MoMLSimpleApplication.java:402)
Caused by: ptolemy.kernel.util.IllegalActionException: Found a zero delay loop containing .HierarchicalModel.A
  in .HierarchicalModel and .HierarchicalModel.A
	at ptolemy.actor.util.CausalityInterfaceForComposites._computeOutputPortDepth(CausalityInterfaceForComposites.java:759)
	at ptolemy.actor.util.CausalityInterfaceForComposites._computeInputDepth(CausalityInterfaceForComposites.java:696)
	at ptolemy.actor.util.CausalityInterfaceForComposites._computeOutputPortDepth(CausalityInterfaceForComposites.java:765)
	at ptolemy.actor.util.CausalityInterfaceForComposites._computeInputDepth(CausalityInterfaceForComposites.java:696)
	at ptolemy.actor.util.CausalityInterfaceForComposites._computeOutputPortDepth(CausalityInterfaceForComposites.java:765)
	at ptolemy.actor.util.CausalityInterfaceForComposites._computeInputDepth(CausalityInterfaceForComposites.java:696)
	at ptolemy.actor.util.CausalityInterfaceForComposites._computeActorDepth(CausalityInterfaceForComposites.java:532)
	at ptolemy.actor.util.CausalityInterfaceForComposites.checkForCycles(CausalityInterfaceForComposites.java:96)
	at ptolemy.domains.de.kernel.DEDirector.preinitialize(DEDirector.java:1338)
	at ptolemy.actor.CompositeActor.preinitialize(CompositeActor.java:1828)
	at ptolemy.actor.Manager.preinitializeAndResolveTypes(Manager.java:1040)
	at ptolemy.actor.Manager.initialize(Manager.java:710)
	at ptolemy.actor.Manager.execute(Manager.java:356)
	at ptolemy.actor.Manager.run(Manager.java:1263)
	at ptolemy.actor.Manager$PtolemyRunThread.run(Manager.java:1915)
java.lang.reflect.InvocationTargetException
	at sun.reflect.NativeConstructorAccessorImpl.newInstance0(Native Method)
	at sun.reflect.NativeConstructorAccessorImpl.newInstance(NativeConstructorAccessorImpl.java:62)
	at sun.reflect.DelegatingConstructorAccessorImpl.newInstance(DelegatingConstructorAccessorImpl.java:45)
	at java.lang.reflect.Constructor.newInstance(Constructor.java:423)
	at ptolemy.util.test.junit.AutoKnownFailedTests.RunModel(AutoKnownFailedTests.java:105)
	at sun.reflect.NativeMethodAccessorImpl.invoke0(Native Method)
	at sun.reflect.NativeMethodAccessorImpl.invoke(NativeMethodAccessorImpl.java:62)
	at sun.reflect.DelegatingMethodAccessorImpl.invoke(DelegatingMethodAccessorImpl.java:43)
	at java.lang.reflect.Method.invoke(Method.java:498)
	at org.junit.runners.model.FrameworkMethod$1.runReflectiveCall(FrameworkMethod.java:44)
	at org.junit.internal.runners.model.ReflectiveCallable.run(ReflectiveCallable.java:15)
	at org.junit.runners.model.FrameworkMethod.invokeExplosively(FrameworkMethod.java:41)
	at junitparams.internal.InvokeParameterisedMethod.evaluate(InvokeParameterisedMethod.java:102)
	at org.junit.internal.runners.statements.FailOnTimeout$1.run(FailOnTimeout.java:28)
Caused by: ptolemy.kernel.util.IllegalActionException: Found a zero delay loop containing .HierarchicalModel.A
  in .HierarchicalModel and .HierarchicalModel.A
	at ptolemy.actor.util.CausalityInterfaceForComposites._computeOutputPortDepth(CausalityInterfaceForComposites.java:759)
	at ptolemy.actor.util.CausalityInterfaceForComposites._computeInputDepth(CausalityInterfaceForComposites.java:696)
	at ptolemy.actor.util.CausalityInterfaceForComposites._computeOutputPortDepth(CausalityInterfaceForComposites.java:765)
	at ptolemy.actor.util.CausalityInterfaceForComposites._computeInputDepth(CausalityInterfaceForComposites.java:696)
	at ptolemy.actor.util.CausalityInterfaceForComposites._computeOutputPortDepth(CausalityInterfaceForComposites.java:765)
	at ptolemy.actor.util.CausalityInterfaceForComposites._computeInputDepth(CausalityInterfaceForComposites.java:696)
	at ptolemy.actor.util.CausalityInterfaceForComposites._computeActorDepth(CausalityInterfaceForComposites.java:532)
	at ptolemy.actor.util.CausalityInterfaceForComposites.checkForCycles(CausalityInterfaceForComposites.java:96)
	at ptolemy.domains.de.kernel.DEDirector.preinitialize(DEDirector.java:1338)
	at ptolemy.actor.CompositeActor.preinitialize(CompositeActor.java:1828)
	at ptolemy.actor.Manager.preinitializeAndResolveTypes(Manager.java:1040)
	at ptolemy.actor.Manager.initialize(Manager.java:710)
	at ptolemy.actor.Manager.execute(Manager.java:356)
	at ptolemy.actor.Manager.run(Manager.java:1263)
	at ptolemy.actor.Manager$PtolemyRunThread.run(Manager.java:1915)
java.lang.RuntimeException: Execution failed
	at ptolemy.moml.MoMLSimpleApplication$UnloadThread.run(MoMLSimpleApplication.java:402)
Caused by: ptolemy.kernel.util.IllegalActionException: Found a zero delay loop containing .dependencyLoop.original
  in .dependencyLoop and .dependencyLoop.original
	at ptolemy.actor.util.CausalityInterfaceForComposites._computeOutputPortDepth(CausalityInterfaceForComposites.java:759)
	at ptolemy.actor.util.CausalityInterfaceForComposites._computeInputDepth(CausalityInterfaceForComposites.java:696)
	at ptolemy.actor.util.CausalityInterfaceForComposites._computeOutputPortDepth(CausalityInterfaceForComposites.java:765)
	at ptolemy.actor.util.CausalityInterfaceForComposites._computeInputDepth(CausalityInterfaceForComposites.java:696)
	at ptolemy.actor.util.CausalityInterfaceForComposites._computeOutputPortDepth(CausalityInterfaceForComposites.java:765)
	at ptolemy.actor.util.CausalityInterfaceForComposites._computeInputDepth(CausalityInterfaceForComposites.java:696)
	at ptolemy.actor.util.CausalityInterfaceForComposites._computeActorDepth(CausalityInterfaceForComposites.java:532)
	at ptolemy.actor.util.CausalityInterfaceForComposites.checkForCycles(CausalityInterfaceForComposites.java:96)
	at ptolemy.domains.de.kernel.DEDirector.preinitialize(DEDirector.java:1338)
	at ptolemy.actor.CompositeActor.preinitialize(CompositeActor.java:1828)
	at ptolemy.actor.Manager.preinitializeAndResolveTypes(Manager.java:1040)
	at ptolemy.actor.Manager.initialize(Manager.java:710)
	at ptolemy.actor.Manager.execute(Manager.java:356)
	at ptolemy.actor.Manager.run(Manager.java:1263)
	at ptolemy.actor.Manager$PtolemyRunThread.run(Manager.java:1915)
java.lang.reflect.InvocationTargetException
	at sun.reflect.NativeConstructorAccessorImpl.newInstance0(Native Method)
	at sun.reflect.NativeConstructorAccessorImpl.newInstance(NativeConstructorAccessorImpl.java:62)
	at sun.reflect.DelegatingConstructorAccessorImpl.newInstance(DelegatingConstructorAccessorImpl.java:45)
	at java.lang.reflect.Constructor.newInstance(Constructor.java:423)
	at ptolemy.util.test.junit.AutoKnownFailedTests.RunModel(AutoKnownFailedTests.java:105)
	at sun.reflect.NativeMethodAccessorImpl.invoke0(Native Method)
	at sun.reflect.NativeMethodAccessorImpl.invoke(NativeMethodAccessorImpl.java:62)
	at sun.reflect.DelegatingMethodAccessorImpl.invoke(DelegatingMethodAccessorImpl.java:43)
	at java.lang.reflect.Method.invoke(Method.java:498)
	at org.junit.runners.model.FrameworkMethod$1.runReflectiveCall(FrameworkMethod.java:44)
	at org.junit.internal.runners.model.ReflectiveCallable.run(ReflectiveCallable.java:15)
	at org.junit.runners.model.FrameworkMethod.invokeExplosively(FrameworkMethod.java:41)
	at junitparams.internal.InvokeParameterisedMethod.evaluate(InvokeParameterisedMethod.java:102)
	at org.junit.internal.runners.statements.FailOnTimeout$1.run(FailOnTimeout.java:28)
Caused by: ptolemy.kernel.util.IllegalActionException: Found a zero delay loop containing .dependencyLoop.original
  in .dependencyLoop and .dependencyLoop.original
	at ptolemy.actor.util.CausalityInterfaceForComposites._computeOutputPortDepth(CausalityInterfaceForComposites.java:759)
	at ptolemy.actor.util.CausalityInterfaceForComposites._computeInputDepth(CausalityInterfaceForComposites.java:696)
	at ptolemy.actor.util.CausalityInterfaceForComposites._computeOutputPortDepth(CausalityInterfaceForComposites.java:765)
	at ptolemy.actor.util.CausalityInterfaceForComposites._computeInputDepth(CausalityInterfaceForComposites.java:696)
	at ptolemy.actor.util.CausalityInterfaceForComposites._computeOutputPortDepth(CausalityInterfaceForComposites.java:765)
	at ptolemy.actor.util.CausalityInterfaceForComposites._computeInputDepth(CausalityInterfaceForComposites.java:696)
	at ptolemy.actor.util.CausalityInterfaceForComposites._computeActorDepth(CausalityInterfaceForComposites.java:532)
	at ptolemy.actor.util.CausalityInterfaceForComposites.checkForCycles(CausalityInterfaceForComposites.java:96)
	at ptolemy.domains.de.kernel.DEDirector.preinitialize(DEDirector.java:1338)
	at ptolemy.actor.CompositeActor.preinitialize(CompositeActor.java:1828)
	at ptolemy.actor.Manager.preinitializeAndResolveTypes(Manager.java:1040)
	at ptolemy.actor.Manager.initialize(Manager.java:710)
	at ptolemy.actor.Manager.execute(Manager.java:356)
	at ptolemy.actor.Manager.run(Manager.java:1263)
	at ptolemy.actor.Manager$PtolemyRunThread.run(Manager.java:1915)
java.lang.RuntimeException: Execution failed
	at ptolemy.moml.MoMLSimpleApplication$UnloadThread.run(MoMLSimpleApplication.java:402)
Caused by: ptolemy.kernel.util.IllegalActionException: Found a zero delay loop containing .dependencyLoop2.original
  in .dependencyLoop2 and .dependencyLoop2.original
	at ptolemy.actor.util.CausalityInterfaceForComposites._computeOutputPortDepth(CausalityInterfaceForComposites.java:759)
	at ptolemy.actor.util.CausalityInterfaceForComposites._computeInputDepth(CausalityInterfaceForComposites.java:696)
	at ptolemy.actor.util.CausalityInterfaceForComposites._computeOutputPortDepth(CausalityInterfaceForComposites.java:765)
	at ptolemy.actor.util.CausalityInterfaceForComposites._computeInputDepth(CausalityInterfaceForComposites.java:696)
	at ptolemy.actor.util.CausalityInterfaceForComposites._computeOutputPortDepth(CausalityInterfaceForComposites.java:765)
	at ptolemy.actor.util.CausalityInterfaceForComposites._computeInputDepth(CausalityInterfaceForComposites.java:696)
	at ptolemy.actor.util.CausalityInterfaceForComposites._computeActorDepth(CausalityInterfaceForComposites.java:532)
	at ptolemy.actor.util.CausalityInterfaceForComposites.checkForCycles(CausalityInterfaceForComposites.java:96)
	at ptolemy.domains.de.kernel.DEDirector.preinitialize(DEDirector.java:1338)
	at ptolemy.actor.CompositeActor.preinitialize(CompositeActor.java:1828)
	at ptolemy.actor.Manager.preinitializeAndResolveTypes(Manager.java:1040)
	at ptolemy.actor.Manager.initialize(Manager.java:710)
	at ptolemy.actor.Manager.execute(Manager.java:356)
	at ptolemy.actor.Manager.run(Manager.java:1263)
	at ptolemy.actor.Manager$PtolemyRunThread.run(Manager.java:1915)
java.lang.reflect.InvocationTargetException
	at sun.reflect.NativeConstructorAccessorImpl.newInstance0(Native Method)
	at sun.reflect.NativeConstructorAccessorImpl.newInstance(NativeConstructorAccessorImpl.java:62)
	at sun.reflect.DelegatingConstructorAccessorImpl.newInstance(DelegatingConstructorAccessorImpl.java:45)
	at java.lang.reflect.Constructor.newInstance(Constructor.java:423)
	at ptolemy.util.test.junit.AutoKnownFailedTests.RunModel(AutoKnownFailedTests.java:105)
	at sun.reflect.NativeMethodAccessorImpl.invoke0(Native Method)
	at sun.reflect.NativeMethodAccessorImpl.invoke(NativeMethodAccessorImpl.java:62)
	at sun.reflect.DelegatingMethodAccessorImpl.invoke(DelegatingMethodAccessorImpl.java:43)
	at java.lang.reflect.Method.invoke(Method.java:498)
	at org.junit.runners.model.FrameworkMethod$1.runReflectiveCall(FrameworkMethod.java:44)
	at org.junit.internal.runners.model.ReflectiveCallable.run(ReflectiveCallable.java:15)
	at org.junit.runners.model.FrameworkMethod.invokeExplosively(FrameworkMethod.java:41)
	at junitparams.internal.InvokeParameterisedMethod.evaluate(InvokeParameterisedMethod.java:102)
	at org.junit.internal.runners.statements.FailOnTimeout$1.run(FailOnTimeout.java:28)
Caused by: ptolemy.kernel.util.IllegalActionException: Found a zero delay loop containing .dependencyLoop2.original
  in .dependencyLoop2 and .dependencyLoop2.original
	at ptolemy.actor.util.CausalityInterfaceForComposites._computeOutputPortDepth(CausalityInterfaceForComposites.java:759)
	at ptolemy.actor.util.CausalityInterfaceForComposites._computeInputDepth(CausalityInterfaceForComposites.java:696)
	at ptolemy.actor.util.CausalityInterfaceForComposites._computeOutputPortDepth(CausalityInterfaceForComposites.java:765)
	at ptolemy.actor.util.CausalityInterfaceForComposites._computeInputDepth(CausalityInterfaceForComposites.java:696)
	at ptolemy.actor.util.CausalityInterfaceForComposites._computeOutputPortDepth(CausalityInterfaceForComposites.java:765)
	at ptolemy.actor.util.CausalityInterfaceForComposites._computeInputDepth(CausalityInterfaceForComposites.java:696)
	at ptolemy.actor.util.CausalityInterfaceForComposites._computeActorDepth(CausalityInterfaceForComposites.java:532)
	at ptolemy.actor.util.CausalityInterfaceForComposites.checkForCycles(CausalityInterfaceForComposites.java:96)
	at ptolemy.domains.de.kernel.DEDirector.preinitialize(DEDirector.java:1338)
	at ptolemy.actor.CompositeActor.preinitialize(CompositeActor.java:1828)
	at ptolemy.actor.Manager.preinitializeAndResolveTypes(Manager.java:1040)
	at ptolemy.actor.Manager.initialize(Manager.java:710)
	at ptolemy.actor.Manager.execute(Manager.java:356)
	at ptolemy.actor.Manager.run(Manager.java:1263)
	at ptolemy.actor.Manager$PtolemyRunThread.run(Manager.java:1915)
]]></system-err>
</testsuite>
