<?xml version="1.0" encoding="UTF-8" ?>
<testsuite errors="0" failures="0" hostname="travis-job-1a6dee02-9045-4cc2-a6b5-28c3b82c22d4" name="ptolemy.domains.de.test.junit.JUnitTclTest" skipped="0" tests="101" time="128.546" timestamp="2018-12-23T03:06:52">
  <properties>
[...]
</properties>
  <testcase classname="ptolemy.util.test.junit.TclTests" name="[0] /home/travis/build/icyphy/ptII/ptolemy/domains/de/test/DependencyLoop.tcl (RunTclFile)" time="0.789" />
  <testcase classname="ptolemy.util.test.junit.TclTests" name="[1] /home/travis/build/icyphy/ptII/ptolemy/domains/de/test/RunDETestsAsQSS.tcl (RunTclFile)" time="88.347" />
  <testcase classname="ptolemy.util.test.junit.AutoKnownFailedTests" name="[0] /home/travis/build/icyphy/ptII/ptolemy/domains/de/test/auto/knownFailedTests/DESDFClockTest.xml (RunModel)" time="2.044" />
  <testcase classname="ptolemy.util.test.junit.AutoKnownFailedTests" name="[1] /home/travis/build/icyphy/ptII/ptolemy/domains/de/test/auto/knownFailedTests/DirectFeedback.xml (RunModel)" time="0.013" />
  <testcase classname="ptolemy.util.test.junit.AutoKnownFailedTests" name="[2] /home/travis/build/icyphy/ptII/ptolemy/domains/de/test/auto/knownFailedTests/FSMSource.xml (RunModel)" time="0.023" />
  <testcase classname="ptolemy.util.test.junit.AutoKnownFailedTests" name="[3] /home/travis/build/icyphy/ptII/ptolemy/domains/de/test/auto/knownFailedTests/HierarchicalModel.xml (RunModel)" time="0.051" />
  <testcase classname="ptolemy.util.test.junit.AutoKnownFailedTests" name="[4] /home/travis/build/icyphy/ptII/ptolemy/domains/de/test/auto/knownFailedTests/dependencyLoop.xml (RunModel)" time="0.049" />
  <testcase classname="ptolemy.util.test.junit.AutoKnownFailedTests" name="[5] /home/travis/build/icyphy/ptII/ptolemy/domains/de/test/auto/knownFailedTests/dependencyLoop2.xml (RunModel)" time="0.051" />
  <testcase classname="ptolemy.util.test.junit.AutoNameArchTests" name="[0] ThereAreNoAutoArchTests (RunModel)" time="0.0" />
  <testcase classname="ptolemy.util.test.junit.AutoTests" name="[0] /home/travis/build/icyphy/ptII/ptolemy/domains/de/test/auto/ActorDepthCalculation_actorWithoutPorts.xml (RunModel)" time="0.018" />
  <testcase classname="ptolemy.util.test.junit.AutoTests" name="[1] /home/travis/build/icyphy/ptII/ptolemy/domains/de/test/auto/AssemblyLine.xml (RunModel)" time="0.023" />
  <testcase classname="ptolemy.util.test.junit.AutoTests" name="[2] /home/travis/build/icyphy/ptII/ptolemy/domains/de/test/auto/CQBug1.xml (RunModel)" time="0.021" />
  <testcase classname="ptolemy.util.test.junit.AutoTests" name="[3] /home/travis/build/icyphy/ptII/ptolemy/domains/de/test/auto/CancelFireAt.xml (RunModel)" time="0.012" />
  <testcase classname="ptolemy.util.test.junit.AutoTests" name="[4] /home/travis/build/icyphy/ptII/ptolemy/domains/de/test/auto/CausalityAndComposabilityAnalysis.xml (RunModel)" time="0.015" />
  <testcase classname="ptolemy.util.test.junit.AutoTests" name="[5] /home/travis/build/icyphy/ptII/ptolemy/domains/de/test/auto/CausalityInterface1.xml (RunModel)" time="0.017" />
  <testcase classname="ptolemy.util.test.junit.AutoTests" name="[6] /home/travis/build/icyphy/ptII/ptolemy/domains/de/test/auto/CausalityInterface15.xml (RunModel)" time="0.016" />
  <testcase classname="ptolemy.util.test.junit.AutoTests" name="[7] /home/travis/build/icyphy/ptII/ptolemy/domains/de/test/auto/CausalityInterface2.xml (RunModel)" time="0.014" />
  <testcase classname="ptolemy.util.test.junit.AutoTests" name="[8] /home/travis/build/icyphy/ptII/ptolemy/domains/de/test/auto/CausalityInterface3.xml (RunModel)" time="0.013" />
  <testcase classname="ptolemy.util.test.junit.AutoTests" name="[9] /home/travis/build/icyphy/ptII/ptolemy/domains/de/test/auto/ClockDrift.xml (RunModel)" time="0.054" />
  <testcase classname="ptolemy.util.test.junit.AutoTests" name="[10] /home/travis/build/icyphy/ptII/ptolemy/domains/de/test/auto/ClockDriftAndValueChange.xml (RunModel)" time="0.04" />
  <testcase classname="ptolemy.util.test.junit.AutoTests" name="[11] /home/travis/build/icyphy/ptII/ptolemy/domains/de/test/auto/ClockDriftChange.xml (RunModel)" time="0.035" />
  <testcase classname="ptolemy.util.test.junit.AutoTests" name="[12] /home/travis/build/icyphy/ptII/ptolemy/domains/de/test/auto/ComposableCausalityAnalysis.xml (RunModel)" time="0.021" />
  <testcase classname="ptolemy.util.test.junit.AutoTests" name="[13] /home/travis/build/icyphy/ptII/ptolemy/domains/de/test/auto/DEFixedPointLimitation.xml (RunModel)" time="0.011" />
  <testcase classname="ptolemy.util.test.junit.AutoTests" name="[14] /home/travis/build/icyphy/ptII/ptolemy/domains/de/test/auto/DEScheduleTest.xml (RunModel)" time="0.035" />
  <testcase classname="ptolemy.util.test.junit.AutoTests" name="[15] /home/travis/build/icyphy/ptII/ptolemy/domains/de/test/auto/DEinDEwithStartTimes.xml (RunModel)" time="0.015" />
  <testcase classname="ptolemy.util.test.junit.AutoTests" name="[16] /home/travis/build/icyphy/ptII/ptolemy/domains/de/test/auto/DEinDEwithStartTimes2.xml (RunModel)" time="0.014" />
  <testcase classname="ptolemy.util.test.junit.AutoTests" name="[17] /home/travis/build/icyphy/ptII/ptolemy/domains/de/test/auto/DateDemo.xml (RunModel)" time="0.03" />
  <testcase classname="ptolemy.util.test.junit.AutoTests" name="[18] /home/travis/build/icyphy/ptII/ptolemy/domains/de/test/auto/DateToEvent.xml (RunModel)" time="2.046" />
  <testcase classname="ptolemy.util.test.junit.AutoTests" name="[19] /home/travis/build/icyphy/ptII/ptolemy/domains/de/test/auto/DepthTest1.xml (RunModel)" time="0.017" />
  <testcase classname="ptolemy.util.test.junit.AutoTests" name="[20] /home/travis/build/icyphy/ptII/ptolemy/domains/de/test/auto/DepthTest2.xml (RunModel)" time="0.026" />
  <testcase classname="ptolemy.util.test.junit.AutoTests" name="[21] /home/travis/build/icyphy/ptII/ptolemy/domains/de/test/auto/DepthTest3.xml (RunModel)" time="0.008" />
  <testcase classname="ptolemy.util.test.junit.AutoTests" name="[22] /home/travis/build/icyphy/ptII/ptolemy/domains/de/test/auto/DepthTest4.xml (RunModel)" time="0.012" />
  <testcase classname="ptolemy.util.test.junit.AutoTests" name="[23] /home/travis/build/icyphy/ptII/ptolemy/domains/de/test/auto/DepthTest5.xml (RunModel)" time="0.013" />
  <testcase classname="ptolemy.util.test.junit.AutoTests" name="[24] /home/travis/build/icyphy/ptII/ptolemy/domains/de/test/auto/DepthTest6.xml (RunModel)" time="0.014" />
  <testcase classname="ptolemy.util.test.junit.AutoTests" name="[25] /home/travis/build/icyphy/ptII/ptolemy/domains/de/test/auto/DepthTest7.xml (RunModel)" time="0.018" />
  <testcase classname="ptolemy.util.test.junit.AutoTests" name="[26] /home/travis/build/icyphy/ptII/ptolemy/domains/de/test/auto/EventToDate.xml (RunModel)" time="3.036" />
  <testcase classname="ptolemy.util.test.junit.AutoTests" name="[27] /home/travis/build/icyphy/ptII/ptolemy/domains/de/test/auto/FSM1.xml (RunModel)" time="0.029" />
  <testcase classname="ptolemy.util.test.junit.AutoTests" name="[28] /home/travis/build/icyphy/ptII/ptolemy/domains/de/test/auto/FSM7.xml (RunModel)" time="0.035" />
  <testcase classname="ptolemy.util.test.junit.AutoTests" name="[29] /home/travis/build/icyphy/ptII/ptolemy/domains/de/test/auto/Inspection.xml (RunModel)" time="0.063" />
  <testcase classname="ptolemy.util.test.junit.AutoTests" name="[30] /home/travis/build/icyphy/ptII/ptolemy/domains/de/test/auto/Iteration.xml (RunModel)" time="0.024" />
  <testcase classname="ptolemy.util.test.junit.AutoTests" name="[31] /home/travis/build/icyphy/ptII/ptolemy/domains/de/test/auto/LineFault.xml (RunModel)" time="0.564" />
  <testcase classname="ptolemy.util.test.junit.AutoTests" name="[32] /home/travis/build/icyphy/ptII/ptolemy/domains/de/test/auto/MergeModel1Add.xml (RunModel)" time="0.047" />
  <testcase classname="ptolemy.util.test.junit.AutoTests" name="[33] /home/travis/build/icyphy/ptII/ptolemy/domains/de/test/auto/MergeModel2Add.xml (RunModel)" time="0.035" />
  <testcase classname="ptolemy.util.test.junit.AutoTests" name="[34] /home/travis/build/icyphy/ptII/ptolemy/domains/de/test/auto/MergeModel3Add.xml (RunModel)" time="0.039" />
  <testcase classname="ptolemy.util.test.junit.AutoTests" name="[35] /home/travis/build/icyphy/ptII/ptolemy/domains/de/test/auto/MergeWithoutDiscard.xml (RunModel)" time="0.015" />
  <testcase classname="ptolemy.util.test.junit.AutoTests" name="[36] /home/travis/build/icyphy/ptII/ptolemy/domains/de/test/auto/Modal1.xml (RunModel)" time="0.029" />
  <testcase classname="ptolemy.util.test.junit.AutoTests" name="[37] /home/travis/build/icyphy/ptII/ptolemy/domains/de/test/auto/Modal2.xml (RunModel)" time="0.028" />
  <testcase classname="ptolemy.util.test.junit.AutoTests" name="[38] /home/travis/build/icyphy/ptII/ptolemy/domains/de/test/auto/Modal3.xml (RunModel)" time="0.026" />
  <testcase classname="ptolemy.util.test.junit.AutoTests" name="[39] /home/travis/build/icyphy/ptII/ptolemy/domains/de/test/auto/Modal4.xml (RunModel)" time="0.034" />
  <testcase classname="ptolemy.util.test.junit.AutoTests" name="[40] /home/travis/build/icyphy/ptII/ptolemy/domains/de/test/auto/Modal5.xml (RunModel)" time="0.029" />
  <testcase classname="ptolemy.util.test.junit.AutoTests" name="[41] /home/travis/build/icyphy/ptII/ptolemy/domains/de/test/auto/Modal6.xml (RunModel)" time="0.025" />
  <testcase classname="ptolemy.util.test.junit.AutoTests" name="[42] /home/travis/build/icyphy/ptII/ptolemy/domains/de/test/auto/Modal7.xml (RunModel)" time="0.028" />
  <testcase classname="ptolemy.util.test.junit.AutoTests" name="[43] /home/travis/build/icyphy/ptII/ptolemy/domains/de/test/auto/ModalModel.xml (RunModel)" time="0.146" />
  <testcase classname="ptolemy.util.test.junit.AutoTests" name="[44] /home/travis/build/icyphy/ptII/ptolemy/domains/de/test/auto/ModalSource.xml (RunModel)" time="0.018" />
  <testcase classname="ptolemy.util.test.junit.AutoTests" name="[45] /home/travis/build/icyphy/ptII/ptolemy/domains/de/test/auto/NonInterruptibleTimerZeroDelay.xml (RunModel)" time="0.009" />
  <testcase classname="ptolemy.util.test.junit.AutoTests" name="[46] /home/travis/build/icyphy/ptII/ptolemy/domains/de/test/auto/OpenQueueingNetwork.xml (RunModel)" time="2.104" />
  <testcase classname="ptolemy.util.test.junit.AutoTests" name="[47] /home/travis/build/icyphy/ptII/ptolemy/domains/de/test/auto/OpenQueuingNetwork.xml (RunModel)" time="0.225" />
  <testcase classname="ptolemy.util.test.junit.AutoTests" name="[48] /home/travis/build/icyphy/ptII/ptolemy/domains/de/test/auto/PeriodicSampler.xml (RunModel)" time="0.008" />
  <testcase classname="ptolemy.util.test.junit.AutoTests" name="[49] /home/travis/build/icyphy/ptII/ptolemy/domains/de/test/auto/PersistentIO.xml (RunModel)" time="0.021" />
  <testcase classname="ptolemy.util.test.junit.AutoTests" name="[50] /home/travis/build/icyphy/ptII/ptolemy/domains/de/test/auto/PortParameterResetOnInitialize.xml (RunModel)" time="0.01" />
  <testcase classname="ptolemy.util.test.junit.AutoTests" name="[51] /home/travis/build/icyphy/ptII/ptolemy/domains/de/test/auto/PortParameterUpdates.xml (RunModel)" time="0.019" />
  <testcase classname="ptolemy.util.test.junit.AutoTests" name="[52] /home/travis/build/icyphy/ptII/ptolemy/domains/de/test/auto/QueueAndServer.xml (RunModel)" time="0.018" />
  <testcase classname="ptolemy.util.test.junit.AutoTests" name="[53] /home/travis/build/icyphy/ptII/ptolemy/domains/de/test/auto/Records.xml (RunModel)" time="0.012" />
  <testcase classname="ptolemy.util.test.junit.AutoTests" name="[54] /home/travis/build/icyphy/ptII/ptolemy/domains/de/test/auto/ResetTransitionWithStartTime1.xml (RunModel)" time="0.016" />
  <testcase classname="ptolemy.util.test.junit.AutoTests" name="[55] /home/travis/build/icyphy/ptII/ptolemy/domains/de/test/auto/ResetTransitionWithStartTime2.xml (RunModel)" time="0.017" />
  <testcase classname="ptolemy.util.test.junit.AutoTests" name="[56] /home/travis/build/icyphy/ptII/ptolemy/domains/de/test/auto/ResetTransitionWithStartTime3.xml (RunModel)" time="0.017" />
  <testcase classname="ptolemy.util.test.junit.AutoTests" name="[57] /home/travis/build/icyphy/ptII/ptolemy/domains/de/test/auto/ResetTransitionWithStartTime4.xml (RunModel)" time="0.018" />
  <testcase classname="ptolemy.util.test.junit.AutoTests" name="[58] /home/travis/build/icyphy/ptII/ptolemy/domains/de/test/auto/ResettableTimer1.xml (RunModel)" time="0.01" />
  <testcase classname="ptolemy.util.test.junit.AutoTests" name="[59] /home/travis/build/icyphy/ptII/ptolemy/domains/de/test/auto/ResettableTimer2.xml (RunModel)" time="0.009" />
  <testcase classname="ptolemy.util.test.junit.AutoTests" name="[60] /home/travis/build/icyphy/ptII/ptolemy/domains/de/test/auto/ResettableTimer3.xml (RunModel)" time="0.008" />
  <testcase classname="ptolemy.util.test.junit.AutoTests" name="[61] /home/travis/build/icyphy/ptII/ptolemy/domains/de/test/auto/ResettableTimer4.xml (RunModel)" time="0.008" />
  <testcase classname="ptolemy.util.test.junit.AutoTests" name="[62] /home/travis/build/icyphy/ptII/ptolemy/domains/de/test/auto/ResettableTimer5.xml (RunModel)" time="0.009" />
  <testcase classname="ptolemy.util.test.junit.AutoTests" name="[63] /home/travis/build/icyphy/ptII/ptolemy/domains/de/test/auto/ResettableTimer6.xml (RunModel)" time="0.01" />
  <testcase classname="ptolemy.util.test.junit.AutoTests" name="[64] /home/travis/build/icyphy/ptII/ptolemy/domains/de/test/auto/ServerZeroDelay.xml (RunModel)" time="0.01" />
  <testcase classname="ptolemy.util.test.junit.AutoTests" name="[65] /home/travis/build/icyphy/ptII/ptolemy/domains/de/test/auto/SmartSender.xml (RunModel)" time="3.008" />
  <testcase classname="ptolemy.util.test.junit.AutoTests" name="[66] /home/travis/build/icyphy/ptII/ptolemy/domains/de/test/auto/ThreadedComposite.xml (RunModel)" time="0.122" />
  <testcase classname="ptolemy.util.test.junit.AutoTests" name="[67] /home/travis/build/icyphy/ptII/ptolemy/domains/de/test/auto/Time.xml (RunModel)" time="0.427" />
  <testcase classname="ptolemy.util.test.junit.AutoTests" name="[68] /home/travis/build/icyphy/ptII/ptolemy/domains/de/test/auto/TimeDelayZeroDelay.xml (RunModel)" time="0.012" />
  <testcase classname="ptolemy.util.test.junit.AutoTests" name="[69] /home/travis/build/icyphy/ptII/ptolemy/domains/de/test/auto/TimerZeroDelay.xml (RunModel)" time="0.009" />
  <testcase classname="ptolemy.util.test.junit.AutoTests" name="[70] /home/travis/build/icyphy/ptII/ptolemy/domains/de/test/auto/TimingParadox.xml (RunModel)" time="0.335" />
  <testcase classname="ptolemy.util.test.junit.AutoTests" name="[71] /home/travis/build/icyphy/ptII/ptolemy/domains/de/test/auto/TransferInputs.xml (RunModel)" time="0.009" />
  <testcase classname="ptolemy.util.test.junit.AutoTests" name="[72] /home/travis/build/icyphy/ptII/ptolemy/domains/de/test/auto/TransferOutputs2.xml (RunModel)" time="0.014" />
  <testcase classname="ptolemy.util.test.junit.AutoTests" name="[73] /home/travis/build/icyphy/ptII/ptolemy/domains/de/test/auto/Trilateration.xml (RunModel)" time="11.323" />
  <testcase classname="ptolemy.util.test.junit.AutoTests" name="[74] /home/travis/build/icyphy/ptII/ptolemy/domains/de/test/auto/TwoSigmaDelta.xml (RunModel)" time="2.03" />
  <testcase classname="ptolemy.util.test.junit.AutoTests" name="[75] /home/travis/build/icyphy/ptII/ptolemy/domains/de/test/auto/VariableDelay.xml (RunModel)" time="0.011" />
  <testcase classname="ptolemy.util.test.junit.AutoTests" name="[76] /home/travis/build/icyphy/ptII/ptolemy/domains/de/test/auto/VariableDelay2.xml (RunModel)" time="0.008" />
  <testcase classname="ptolemy.util.test.junit.AutoTests" name="[77] /home/travis/build/icyphy/ptII/ptolemy/domains/de/test/auto/VariableDelayZeroDelay.xml (RunModel)" time="0.012" />
  <testcase classname="ptolemy.util.test.junit.AutoTests" name="[78] /home/travis/build/icyphy/ptII/ptolemy/domains/de/test/auto/VariableDelayZeroDelay2.xml (RunModel)" time="0.01" />
  <testcase classname="ptolemy.util.test.junit.AutoTests" name="[79] /home/travis/build/icyphy/ptII/ptolemy/domains/de/test/auto/deInCt.xml (RunModel)" time="0.019" />
  <testcase classname="ptolemy.util.test.junit.AutoTests" name="[80] /home/travis/build/icyphy/ptII/ptolemy/domains/de/test/auto/deInCt2.xml (RunModel)" time="0.016" />
  <testcase classname="ptolemy.util.test.junit.AutoTests" name="[81] /home/travis/build/icyphy/ptII/ptolemy/domains/de/test/auto/dynamicCausalityInterface1.xml (RunModel)" time="0.021" />
  <testcase classname="ptolemy.util.test.junit.AutoTests" name="[82] /home/travis/build/icyphy/ptII/ptolemy/domains/de/test/auto/fsm_de_test.xml (RunModel)" time="0.024" />
  <testcase classname="ptolemy.util.test.junit.AutoTests" name="[83] /home/travis/build/icyphy/ptII/ptolemy/domains/de/test/auto/functionDependencyReconstruction.xml (RunModel)" time="0.03" />
  <testcase classname="ptolemy.util.test.junit.AutoTests" name="[84] /home/travis/build/icyphy/ptII/ptolemy/domains/de/test/auto/multirate.xml (RunModel)" time="0.015" />
  <testcase classname="ptolemy.util.test.junit.AutoTests" name="[85] /home/travis/build/icyphy/ptII/ptolemy/domains/de/test/auto/multirate2.xml (RunModel)" time="0.015" />
  <testcase classname="ptolemy.util.test.junit.AutoTests" name="[86] /home/travis/build/icyphy/ptII/ptolemy/domains/de/test/auto/realtime.xml (RunModel)" time="10.011" />
  <testcase classname="ptolemy.util.test.junit.AutoTests" name="[87] /home/travis/build/icyphy/ptII/ptolemy/domains/de/test/auto/relationGroup.xml (RunModel)" time="0.009" />
  <testcase classname="ptolemy.util.test.junit.AutoTests" name="[88] /home/travis/build/icyphy/ptII/ptolemy/domains/de/test/auto/relationGroup2.xml (RunModel)" time="0.006" />
  <testcase classname="ptolemy.util.test.junit.AutoTests" name="[89] /home/travis/build/icyphy/ptII/ptolemy/domains/de/test/auto/sortWithOpaquePorts.xml (RunModel)" time="0.008" />
  <testcase classname="ptolemy.util.test.junit.AutoTests" name="[90] /home/travis/build/icyphy/ptII/ptolemy/domains/de/test/auto/transferInputsandOutputs.xml (RunModel)" time="0.015" />
  <testcase classname="ptolemy.util.test.junit.AutoTests" name="[91] /home/travis/build/icyphy/ptII/ptolemy/domains/de/test/auto/triggerType.xml (RunModel)" time="0.007" />
  <system-out><![CDATA[/home/travis/build/icyphy/ptII/ptolemy/domains/de/test/DependencyLoop.tcl
testDefs.tcl: setting time out to 9000 seconds at Sun Dec 23 03:06:52 UTC 2018
14 ms. Memory: 116224K Free: 93480K (80%)
18 ms. Memory: 146944K Free: 135482K (92%)
/home/travis/build/icyphy/ptII/ptolemy/domains/de/test/RunDETestsAsQSS.tcl
Run the DE tests using ptolemy.domains.qss.test.QSSDirectorTest, which extends QSSDirector and prints a message in the constructors.
------------------ testing $PTII/ptolemy/domains/de/test/auto/knownFailedTests/dependencyLoop.xml (Known Failure) 
14 ms. Memory: 146944K Free: 132370K (90%)


==== $PTIIhome/travis/build/icyphy/ptII/ptolemy/domains/de/test/../../../../: Auto Automatic test in file $PTII/ptolemy/domains/de/test/auto/knownFailedTests/dependencyLoop.xml
==== Contents of test case:

	    # FIXME: we should use $relativeFilename here, but it
	    # might have backslashes under Windows, which causes no end
	    # of trouble.
	    createAndExecute $file
	    list {}
	
.... Test generated KNOWN error:
    while executing
ptolemy.kernel.util.IllegalActionException: Found a zero delay loop containing .dependencyLoop.original
  in .dependencyLoop and .dependencyLoop.original
	at ptolemy.actor.util.CausalityInterfaceForComposites._computeOutputPortDepth(CausalityInterfaceForComposites.java:759)
	at ptolemy.actor.util.CausalityInterfaceForComposites._computeInputDepth(CausalityInterfaceForComposites.java:696)
	at ptolemy.actor.util.CausalityInterfaceForComposites._computeOutputPortDepth(CausalityInterfaceForComposites.java:765)
	at ptolemy.actor.util.CausalityInterfaceForComposites._computeInputDepth(CausalityInterfaceForComposites.java:696)
	at ptolemy.actor.util.CausalityInterfaceForComposites._computeOutputPortDepth(CausalityInterfaceForComposites.java:765)
	at ptolemy.actor.util.CausalityInterfaceForComposites._computeInputDepth(CausalityInterfaceForComposites.java:696)
	at ptolemy.actor.util.CausalityInterfaceForComposites._computeActorDepth(CausalityInterfaceForComposites.java:532)
	at ptolemy.actor.util.CausalityInterfaceForComposites.checkForCycles(CausalityInterfaceForComposites.java:96)
	at ptolemy.domains.de.kernel.DEDirector.preinitialize(DEDirector.java:1338)
	at ptolemy.actor.CompositeActor.preinitialize(CompositeActor.java:1828)
	at ptolemy.actor.Manager.preinitializeAndResolveTypes(Manager.java:1040)
	at ptolemy.actor.Manager.initialize(Manager.java:710)
	at ptolemy.actor.Manager.execute(Manager.java:356)
	at ptolemy.actor.Manager.run(Manager.java:1263)
	at ptolemy.actor.Manager$PtolemyRunThread.run(Manager.java:1915)

    while executing
ptolemy.kernel.util.IllegalActionException: Found a zero delay loop containing .dependencyLoop.original
  in .dependencyLoop and .dependencyLoop.original
    while executing
"java::new ptolemy.moml.MoMLSimpleApplication $file
"
    (procedure "createAndExecute" line 2)
    invoked from within
"createAndExecute $file"
    ("uplevel" body line 5)
    invoked from within
"uplevel $contents_of_test"
------------------ testing $PTII/ptolemy/domains/de/test/auto/knownFailedTests/DESDFClockTest.xml (Known Failure) 
2061 ms. Memory: 146944K Free: 116609K (79%)


==== $PTIIhome/travis/build/icyphy/ptII/ptolemy/domains/de/test/../../../../: Auto Automatic test in file $PTII/ptolemy/domains/de/test/auto/knownFailedTests/DESDFClockTest.xml
==== Contents of test case:

	    # FIXME: we should use $relativeFilename here, but it
	    # might have backslashes under Windows, which causes no end
	    # of trouble.
	    createAndExecute $file
	    list {}
	
.... Test generated KNOWN error:
    while executing
ptolemy.kernel.util.IllegalActionException: Actor is not ready to fire.  Perhaps UpSample.prefire() returned false? Try debugging the actor by selecting "Listen to Actor".  Also, for SDF check moml for tokenConsumptionRate on input.
  in .DESDFClockTest.Play Bell.Copy1:SDF Director and .DESDFClockTest.Play Bell.UpSample
	at ptolemy.actor.sched.StaticSchedulingDirector.fire(StaticSchedulingDirector.java:227)
	at ptolemy.domains.sdf.kernel.SDFDirector.fire(SDFDirector.java:500)
	at ptolemy.actor.CompositeActor.fire(CompositeActor.java:455)
	at ptolemy.domains.de.kernel.DEDirector._fire(DEDirector.java:1949)
	at ptolemy.domains.de.kernel.DEDirector.fire(DEDirector.java:502)
	at ptolemy.actor.CompositeActor.fire(CompositeActor.java:455)
	at ptolemy.actor.Manager.iterate(Manager.java:851)
	at ptolemy.actor.Manager.execute(Manager.java:369)
	at ptolemy.actor.Manager.run(Manager.java:1263)
	at ptolemy.actor.Manager$PtolemyRunThread.run(Manager.java:1915)

    while executing
ptolemy.kernel.util.IllegalActionException: Actor is not ready to fire.  Perhaps UpSample.prefire() returned false? Try debugging the actor by selecting "Listen to Actor".  Also, for SDF check moml for tokenConsumptionRate on input.
  in .DESDFClockTest.Play Bell.Copy1:SDF Director and .DESDFClockTest.Play Bell.UpSample
    while executing
"java::new ptolemy.moml.MoMLSimpleApplication $file
"
    (procedure "createAndExecute" line 2)
    invoked from within
"createAndExecute $file"
    ("uplevel" body line 5)
    invoked from within
"uplevel $contents_of_test"
------------------ testing $PTII/ptolemy/domains/de/test/auto/knownFailedTests/FSMSource.xml (Known Failure) 
46 ms. Memory: 146944K Free: 107683K (73%)
!!!! Auto was marked as failing, but now passes
------------------ testing $PTII/ptolemy/domains/de/test/auto/knownFailedTests/dependencyLoop2.xml (Known Failure) 
12 ms. Memory: 146944K Free: 105799K (72%)


==== $PTIIhome/travis/build/icyphy/ptII/ptolemy/domains/de/test/../../../../: Auto Automatic test in file $PTII/ptolemy/domains/de/test/auto/knownFailedTests/dependencyLoop2.xml
==== Contents of test case:

	    # FIXME: we should use $relativeFilename here, but it
	    # might have backslashes under Windows, which causes no end
	    # of trouble.
	    createAndExecute $file
	    list {}
	
.... Test generated KNOWN error:
    while executing
ptolemy.kernel.util.IllegalActionException: Found a zero delay loop containing .dependencyLoop2.original
  in .dependencyLoop2 and .dependencyLoop2.original
	at ptolemy.actor.util.CausalityInterfaceForComposites._computeOutputPortDepth(CausalityInterfaceForComposites.java:759)
	at ptolemy.actor.util.CausalityInterfaceForComposites._computeInputDepth(CausalityInterfaceForComposites.java:696)
	at ptolemy.actor.util.CausalityInterfaceForComposites._computeOutputPortDepth(CausalityInterfaceForComposites.java:765)
	at ptolemy.actor.util.CausalityInterfaceForComposites._computeInputDepth(CausalityInterfaceForComposites.java:696)
	at ptolemy.actor.util.CausalityInterfaceForComposites._computeOutputPortDepth(CausalityInterfaceForComposites.java:765)
	at ptolemy.actor.util.CausalityInterfaceForComposites._computeInputDepth(CausalityInterfaceForComposites.java:696)
	at ptolemy.actor.util.CausalityInterfaceForComposites._computeActorDepth(CausalityInterfaceForComposites.java:532)
	at ptolemy.actor.util.CausalityInterfaceForComposites.checkForCycles(CausalityInterfaceForComposites.java:96)
	at ptolemy.domains.de.kernel.DEDirector.preinitialize(DEDirector.java:1338)
	at ptolemy.actor.CompositeActor.preinitialize(CompositeActor.java:1828)
	at ptolemy.actor.Manager.preinitializeAndResolveTypes(Manager.java:1040)
	at ptolemy.actor.Manager.initialize(Manager.java:710)
	at ptolemy.actor.Manager.execute(Manager.java:356)
	at ptolemy.actor.Manager.run(Manager.java:1263)
	at ptolemy.actor.Manager$PtolemyRunThread.run(Manager.java:1915)

    while executing
ptolemy.kernel.util.IllegalActionException: Found a zero delay loop containing .dependencyLoop2.original
  in .dependencyLoop2 and .dependencyLoop2.original
    while executing
"java::new ptolemy.moml.MoMLSimpleApplication $file
"
    (procedure "createAndExecute" line 2)
    invoked from within
"createAndExecute $file"
    ("uplevel" body line 5)
    invoked from within
"uplevel $contents_of_test"
------------------ testing $PTII/ptolemy/domains/de/test/auto/knownFailedTests/HierarchicalModel.xml (Known Failure) 
9 ms. Memory: 146944K Free: 84243K (57%)


==== $PTIIhome/travis/build/icyphy/ptII/ptolemy/domains/de/test/../../../../: Auto Automatic test in file $PTII/ptolemy/domains/de/test/auto/knownFailedTests/HierarchicalModel.xml
==== Contents of test case:

	    # FIXME: we should use $relativeFilename here, but it
	    # might have backslashes under Windows, which causes no end
	    # of trouble.
	    createAndExecute $file
	    list {}
	
.... Test generated KNOWN error:
    while executing
ptolemy.kernel.util.IllegalActionException: Found a zero delay loop containing .HierarchicalModel.A
  in .HierarchicalModel and .HierarchicalModel.A
	at ptolemy.actor.util.CausalityInterfaceForComposites._computeOutputPortDepth(CausalityInterfaceForComposites.java:759)
	at ptolemy.actor.util.CausalityInterfaceForComposites._computeInputDepth(CausalityInterfaceForComposites.java:696)
	at ptolemy.actor.util.CausalityInterfaceForComposites._computeOutputPortDepth(CausalityInterfaceForComposites.java:765)
	at ptolemy.actor.util.CausalityInterfaceForComposites._computeInputDepth(CausalityInterfaceForComposites.java:696)
	at ptolemy.actor.util.CausalityInterfaceForComposites._computeOutputPortDepth(CausalityInterfaceForComposites.java:765)
	at ptolemy.actor.util.CausalityInterfaceForComposites._computeInputDepth(CausalityInterfaceForComposites.java:696)
	at ptolemy.actor.util.CausalityInterfaceForComposites._computeActorDepth(CausalityInterfaceForComposites.java:532)
	at ptolemy.actor.util.CausalityInterfaceForComposites.checkForCycles(CausalityInterfaceForComposites.java:96)
	at ptolemy.domains.de.kernel.DEDirector.preinitialize(DEDirector.java:1338)
	at ptolemy.actor.CompositeActor.preinitialize(CompositeActor.java:1828)
	at ptolemy.actor.Manager.preinitializeAndResolveTypes(Manager.java:1040)
	at ptolemy.actor.Manager.initialize(Manager.java:710)
	at ptolemy.actor.Manager.execute(Manager.java:356)
	at ptolemy.actor.Manager.run(Manager.java:1263)
	at ptolemy.actor.Manager$PtolemyRunThread.run(Manager.java:1915)

    while executing
ptolemy.kernel.util.IllegalActionException: Found a zero delay loop containing .HierarchicalModel.A
  in .HierarchicalModel and .HierarchicalModel.A
    while executing
"java::new ptolemy.moml.MoMLSimpleApplication $file
"
    (procedure "createAndExecute" line 2)
    invoked from within
"createAndExecute $file"
    ("uplevel" body line 5)
    invoked from within
"uplevel $contents_of_test"
------------------ testing $PTII/ptolemy/domains/de/test/auto/knownFailedTests/DirectFeedback.xml (Known Failure) 
7 ms. Memory: 146944K Free: 141342K (96%)


==== $PTIIhome/travis/build/icyphy/ptII/ptolemy/domains/de/test/../../../../: Auto Automatic test in file $PTII/ptolemy/domains/de/test/auto/knownFailedTests/DirectFeedback.xml
==== Contents of test case:

	    # FIXME: we should use $relativeFilename here, but it
	    # might have backslashes under Windows, which causes no end
	    # of trouble.
	    createAndExecute $file
	    list {}
	
.... Test generated KNOWN error:
    while executing
ptolemy.kernel.util.IllegalActionException: Test fails in iteration 1.
Value was: 1.0. Should have been: 2.0
  in .DirectFeedback.Test
	at ptolemy.actor.lib.Test.fire(Test.java:268)
	at ptolemy.domains.de.kernel.DEDirector._fire(DEDirector.java:1949)
	at ptolemy.domains.de.kernel.DEDirector.fire(DEDirector.java:502)
	at ptolemy.actor.CompositeActor.fire(CompositeActor.java:455)
	at ptolemy.actor.Manager.iterate(Manager.java:851)
	at ptolemy.actor.Manager.execute(Manager.java:369)
	at ptolemy.actor.Manager.run(Manager.java:1263)
	at ptolemy.actor.Manager$PtolemyRunThread.run(Manager.java:1915)

    while executing
ptolemy.kernel.util.IllegalActionException: Test fails in iteration 1.
Value was: 1.0. Should have been: 2.0
  in .DirectFeedback.Test
    while executing
"java::new ptolemy.moml.MoMLSimpleApplication $file
"
    (procedure "createAndExecute" line 2)
    invoked from within
"createAndExecute $file"
    ("uplevel" body line 5)
    invoked from within
"uplevel $contents_of_test"
------------------ testing $PTII/ptolemy/domains/de/test/auto/ActorDepthCalculation_actorWithoutPorts.xml
auto.tcl: Setting watchdog for 200 seconds at Sun Dec 23 03:06:56 UTC 2018
9 ms. Memory: 146944K Free: 132428K (90%)
ptolemy.util.test.WatchDog.cancel(): canceling Sun Dec 23 03:06:56 UTC 2018
auto.tcl: Setting watchdog for 200 seconds at Sun Dec 23 03:06:56 UTC 2018
5 ms. Memory: 146944K Free: 131396K (89%)
ptolemy.util.test.WatchDog.cancel(): canceling Sun Dec 23 03:06:56 UTC 2018
------------------ testing $PTII/ptolemy/domains/de/test/auto/AssemblyLine.xml
auto.tcl: Setting watchdog for 200 seconds at Sun Dec 23 03:06:56 UTC 2018
14 ms. Memory: 208384K Free: 182861K (88%)
ptolemy.util.test.WatchDog.cancel(): canceling Sun Dec 23 03:06:56 UTC 2018
auto.tcl: Setting watchdog for 200 seconds at Sun Dec 23 03:06:56 UTC 2018
14 ms. Memory: 208384K Free: 182861K (88%)
ptolemy.util.test.WatchDog.cancel(): canceling Sun Dec 23 03:06:56 UTC 2018
------------------ testing $PTII/ptolemy/domains/de/test/auto/CQBug1.xml
auto.tcl: Setting watchdog for 200 seconds at Sun Dec 23 03:06:56 UTC 2018
19 ms. Memory: 208384K Free: 197719K (95%)
ptolemy.util.test.WatchDog.cancel(): canceling Sun Dec 23 03:06:57 UTC 2018
auto.tcl: Setting watchdog for 200 seconds at Sun Dec 23 03:06:57 UTC 2018
1 ms. Memory: 208384K Free: 197719K (95%)
ptolemy.util.test.WatchDog.cancel(): canceling Sun Dec 23 03:06:57 UTC 2018
------------------ testing $PTII/ptolemy/domains/de/test/auto/CancelFireAt.xml
auto.tcl: Setting watchdog for 200 seconds at Sun Dec 23 03:06:57 UTC 2018
6 ms. Memory: 208384K Free: 201094K (97%)
ptolemy.util.test.WatchDog.cancel(): canceling Sun Dec 23 03:06:57 UTC 2018
auto.tcl: Setting watchdog for 200 seconds at Sun Dec 23 03:06:57 UTC 2018
2 ms. Memory: 208384K Free: 199002K (95%)
ptolemy.util.test.WatchDog.cancel(): canceling Sun Dec 23 03:06:57 UTC 2018
------------------ testing $PTII/ptolemy/domains/de/test/auto/CausalityAndComposabilityAnalysis.xml
auto.tcl: Setting watchdog for 200 seconds at Sun Dec 23 03:06:57 UTC 2018
10 ms. Memory: 208384K Free: 196508K (94%)
ptolemy.util.test.WatchDog.cancel(): canceling Sun Dec 23 03:06:57 UTC 2018
auto.tcl: Setting watchdog for 200 seconds at Sun Dec 23 03:06:57 UTC 2018
5 ms. Memory: 208384K Free: 196508K (94%)
ptolemy.util.test.WatchDog.cancel(): canceling Sun Dec 23 03:06:57 UTC 2018
------------------ testing $PTII/ptolemy/domains/de/test/auto/CausalityInterface1.xml
auto.tcl: Setting watchdog for 200 seconds at Sun Dec 23 03:06:57 UTC 2018
21 ms. Memory: 208384K Free: 196444K (94%)
ptolemy.util.test.WatchDog.cancel(): canceling Sun Dec 23 03:06:57 UTC 2018
auto.tcl: Setting watchdog for 200 seconds at Sun Dec 23 03:06:57 UTC 2018
3 ms. Memory: 208384K Free: 196444K (94%)
ptolemy.util.test.WatchDog.cancel(): canceling Sun Dec 23 03:06:57 UTC 2018
------------------ testing $PTII/ptolemy/domains/de/test/auto/CausalityInterface15.xml
auto.tcl: Setting watchdog for 200 seconds at Sun Dec 23 03:06:57 UTC 2018
7 ms. Memory: 208384K Free: 196436K (94%)
ptolemy.util.test.WatchDog.cancel(): canceling Sun Dec 23 03:06:57 UTC 2018
auto.tcl: Setting watchdog for 200 seconds at Sun Dec 23 03:06:57 UTC 2018
3 ms. Memory: 208384K Free: 196436K (94%)
ptolemy.util.test.WatchDog.cancel(): canceling Sun Dec 23 03:06:57 UTC 2018
------------------ testing $PTII/ptolemy/domains/de/test/auto/CausalityInterface2.xml
auto.tcl: Setting watchdog for 200 seconds at Sun Dec 23 03:06:57 UTC 2018
8 ms. Memory: 208384K Free: 196418K (94%)
ptolemy.util.test.WatchDog.cancel(): canceling Sun Dec 23 03:06:57 UTC 2018
auto.tcl: Setting watchdog for 200 seconds at Sun Dec 23 03:06:57 UTC 2018
2 ms. Memory: 208384K Free: 196418K (94%)
ptolemy.util.test.WatchDog.cancel(): canceling Sun Dec 23 03:06:57 UTC 2018
------------------ testing $PTII/ptolemy/domains/de/test/auto/CausalityInterface3.xml
auto.tcl: Setting watchdog for 200 seconds at Sun Dec 23 03:06:57 UTC 2018
7 ms. Memory: 208384K Free: 196770K (94%)
ptolemy.util.test.WatchDog.cancel(): canceling Sun Dec 23 03:06:57 UTC 2018
auto.tcl: Setting watchdog for 200 seconds at Sun Dec 23 03:06:57 UTC 2018
4 ms. Memory: 208384K Free: 196432K (94%)
ptolemy.util.test.WatchDog.cancel(): canceling Sun Dec 23 03:06:57 UTC 2018
------------------ testing $PTII/ptolemy/domains/de/test/auto/ClockDrift.xml
auto.tcl: Setting watchdog for 200 seconds at Sun Dec 23 03:06:57 UTC 2018
91 ms. Memory: 208384K Free: 187688K (90%)
ptolemy.util.test.WatchDog.cancel(): canceling Sun Dec 23 03:06:57 UTC 2018
auto.tcl: Setting watchdog for 200 seconds at Sun Dec 23 03:06:57 UTC 2018
58 ms. Memory: 208384K Free: 185596K (89%)
ptolemy.util.test.WatchDog.cancel(): canceling Sun Dec 23 03:06:57 UTC 2018
------------------ testing $PTII/ptolemy/domains/de/test/auto/ClockDriftAndValueChange.xml
auto.tcl: Setting watchdog for 200 seconds at Sun Dec 23 03:06:58 UTC 2018
50 ms. Memory: 208384K Free: 187520K (90%)
ptolemy.util.test.WatchDog.cancel(): canceling Sun Dec 23 03:06:58 UTC 2018
auto.tcl: Setting watchdog for 200 seconds at Sun Dec 23 03:06:58 UTC 2018
33 ms. Memory: 208384K Free: 185428K (89%)
ptolemy.util.test.WatchDog.cancel(): canceling Sun Dec 23 03:06:58 UTC 2018
------------------ testing $PTII/ptolemy/domains/de/test/auto/ClockDriftChange.xml
auto.tcl: Setting watchdog for 200 seconds at Sun Dec 23 03:06:58 UTC 2018
30 ms. Memory: 208384K Free: 190834K (92%)
ptolemy.util.test.WatchDog.cancel(): canceling Sun Dec 23 03:06:58 UTC 2018
auto.tcl: Setting watchdog for 200 seconds at Sun Dec 23 03:06:58 UTC 2018
30 ms. Memory: 208384K Free: 188742K (91%)
ptolemy.util.test.WatchDog.cancel(): canceling Sun Dec 23 03:06:58 UTC 2018
------------------ testing $PTII/ptolemy/domains/de/test/auto/ComposableCausalityAnalysis.xml
auto.tcl: Setting watchdog for 200 seconds at Sun Dec 23 03:06:58 UTC 2018
3 ms. Memory: 208384K Free: 196286K (94%)
ptolemy.util.test.WatchDog.cancel(): canceling Sun Dec 23 03:06:58 UTC 2018
auto.tcl: Setting watchdog for 200 seconds at Sun Dec 23 03:06:58 UTC 2018
2 ms. Memory: 208384K Free: 194194K (93%)
ptolemy.util.test.WatchDog.cancel(): canceling Sun Dec 23 03:06:58 UTC 2018
------------------ testing $PTII/ptolemy/domains/de/test/auto/DEFixedPointLimitation.xml
auto.tcl: Setting watchdog for 200 seconds at Sun Dec 23 03:06:58 UTC 2018
2 ms. Memory: 208384K Free: 196367K (94%)
ptolemy.util.test.WatchDog.cancel(): canceling Sun Dec 23 03:06:58 UTC 2018
auto.tcl: Setting watchdog for 200 seconds at Sun Dec 23 03:06:58 UTC 2018
1 ms. Memory: 208384K Free: 196367K (94%)
ptolemy.util.test.WatchDog.cancel(): canceling Sun Dec 23 03:06:58 UTC 2018
------------------ testing $PTII/ptolemy/domains/de/test/auto/DEScheduleTest.xml
auto.tcl: Setting watchdog for 200 seconds at Sun Dec 23 03:06:58 UTC 2018
4 ms. Memory: 208384K Free: 198495K (95%)
ptolemy.util.test.WatchDog.cancel(): canceling Sun Dec 23 03:06:58 UTC 2018
auto.tcl: Setting watchdog for 200 seconds at Sun Dec 23 03:06:58 UTC 2018
5 ms. Memory: 208384K Free: 196403K (94%)
ptolemy.util.test.WatchDog.cancel(): canceling Sun Dec 23 03:06:58 UTC 2018
------------------ testing $PTII/ptolemy/domains/de/test/auto/DEinDEwithStartTimes.xml
auto.tcl: Setting watchdog for 200 seconds at Sun Dec 23 03:06:58 UTC 2018
5 ms. Memory: 208384K Free: 196372K (94%)
ptolemy.util.test.WatchDog.cancel(): canceling Sun Dec 23 03:06:58 UTC 2018
auto.tcl: Setting watchdog for 200 seconds at Sun Dec 23 03:06:58 UTC 2018
4 ms. Memory: 208384K Free: 194280K (93%)
ptolemy.util.test.WatchDog.cancel(): canceling Sun Dec 23 03:06:58 UTC 2018
------------------ testing $PTII/ptolemy/domains/de/test/auto/DEinDEwithStartTimes2.xml
auto.tcl: Setting watchdog for 200 seconds at Sun Dec 23 03:06:58 UTC 2018
10 ms. Memory: 208384K Free: 196690K (94%)
ptolemy.util.test.WatchDog.cancel(): canceling Sun Dec 23 03:06:58 UTC 2018
auto.tcl: Setting watchdog for 200 seconds at Sun Dec 23 03:06:58 UTC 2018
3 ms. Memory: 208384K Free: 194260K (93%)
ptolemy.util.test.WatchDog.cancel(): canceling Sun Dec 23 03:06:58 UTC 2018
------------------ testing $PTII/ptolemy/domains/de/test/auto/DateDemo.xml
auto.tcl: Setting watchdog for 200 seconds at Sun Dec 23 03:06:58 UTC 2018
6 ms. Memory: 208384K Free: 188814K (91%)
ptolemy.util.test.WatchDog.cancel(): canceling Sun Dec 23 03:06:58 UTC 2018
auto.tcl: Setting watchdog for 200 seconds at Sun Dec 23 03:06:58 UTC 2018
5 ms. Memory: 208384K Free: 186722K (90%)
ptolemy.util.test.WatchDog.cancel(): canceling Sun Dec 23 03:06:58 UTC 2018
------------------ testing $PTII/ptolemy/domains/de/test/auto/DateToEvent.xml
auto.tcl: Setting watchdog for 200 seconds at Sun Dec 23 03:06:58 UTC 2018
2022 ms. Memory: 208384K Free: 183553K (88%)
ptolemy.util.test.WatchDog.cancel(): canceling Sun Dec 23 03:07:01 UTC 2018
auto.tcl: Setting watchdog for 200 seconds at Sun Dec 23 03:07:01 UTC 2018
2004 ms. Memory: 208384K Free: 181095K (87%)
ptolemy.util.test.WatchDog.cancel(): canceling Sun Dec 23 03:07:03 UTC 2018
------------------ testing $PTII/ptolemy/domains/de/test/auto/DepthTest1.xml
auto.tcl: Setting watchdog for 200 seconds at Sun Dec 23 03:07:03 UTC 2018
2 ms. Memory: 208384K Free: 195567K (94%)
ptolemy.util.test.WatchDog.cancel(): canceling Sun Dec 23 03:07:03 UTC 2018
auto.tcl: Setting watchdog for 200 seconds at Sun Dec 23 03:07:03 UTC 2018
3 ms. Memory: 208384K Free: 195567K (94%)
ptolemy.util.test.WatchDog.cancel(): canceling Sun Dec 23 03:07:03 UTC 2018
------------------ testing $PTII/ptolemy/domains/de/test/auto/DepthTest2.xml
auto.tcl: Setting watchdog for 200 seconds at Sun Dec 23 03:07:03 UTC 2018
4 ms. Memory: 208384K Free: 194989K (94%)
ptolemy.util.test.WatchDog.cancel(): canceling Sun Dec 23 03:07:03 UTC 2018
auto.tcl: Setting watchdog for 200 seconds at Sun Dec 23 03:07:03 UTC 2018
5 ms. Memory: 208384K Free: 194651K (93%)
ptolemy.util.test.WatchDog.cancel(): canceling Sun Dec 23 03:07:03 UTC 2018
------------------ testing $PTII/ptolemy/domains/de/test/auto/DepthTest3.xml
auto.tcl: Setting watchdog for 200 seconds at Sun Dec 23 03:07:03 UTC 2018
2 ms. Memory: 208384K Free: 198359K (95%)
ptolemy.util.test.WatchDog.cancel(): canceling Sun Dec 23 03:07:03 UTC 2018
auto.tcl: Setting watchdog for 200 seconds at Sun Dec 23 03:07:03 UTC 2018
2 ms. Memory: 208384K Free: 198359K (95%)
ptolemy.util.test.WatchDog.cancel(): canceling Sun Dec 23 03:07:03 UTC 2018
------------------ testing $PTII/ptolemy/domains/de/test/auto/DepthTest4.xml
auto.tcl: Setting watchdog for 200 seconds at Sun Dec 23 03:07:03 UTC 2018
4 ms. Memory: 208384K Free: 196692K (94%)
ptolemy.util.test.WatchDog.cancel(): canceling Sun Dec 23 03:07:03 UTC 2018
auto.tcl: Setting watchdog for 200 seconds at Sun Dec 23 03:07:03 UTC 2018
2 ms. Memory: 208384K Free: 196354K (94%)
ptolemy.util.test.WatchDog.cancel(): canceling Sun Dec 23 03:07:03 UTC 2018
------------------ testing $PTII/ptolemy/domains/de/test/auto/DepthTest5.xml
auto.tcl: Setting watchdog for 200 seconds at Sun Dec 23 03:07:03 UTC 2018
4 ms. Memory: 208384K Free: 196301K (94%)
ptolemy.util.test.WatchDog.cancel(): canceling Sun Dec 23 03:07:03 UTC 2018
auto.tcl: Setting watchdog for 200 seconds at Sun Dec 23 03:07:03 UTC 2018
2 ms. Memory: 208384K Free: 196301K (94%)
ptolemy.util.test.WatchDog.cancel(): canceling Sun Dec 23 03:07:03 UTC 2018
------------------ testing $PTII/ptolemy/domains/de/test/auto/DepthTest6.xml
auto.tcl: Setting watchdog for 200 seconds at Sun Dec 23 03:07:03 UTC 2018
8 ms. Memory: 208384K Free: 196615K (94%)
ptolemy.util.test.WatchDog.cancel(): canceling Sun Dec 23 03:07:03 UTC 2018
auto.tcl: Setting watchdog for 200 seconds at Sun Dec 23 03:07:03 UTC 2018
2 ms. Memory: 208384K Free: 196615K (94%)
ptolemy.util.test.WatchDog.cancel(): canceling Sun Dec 23 03:07:03 UTC 2018
------------------ testing $PTII/ptolemy/domains/de/test/auto/DepthTest7.xml
auto.tcl: Setting watchdog for 200 seconds at Sun Dec 23 03:07:03 UTC 2018
4 ms. Memory: 208384K Free: 196259K (94%)
ptolemy.util.test.WatchDog.cancel(): canceling Sun Dec 23 03:07:03 UTC 2018
auto.tcl: Setting watchdog for 200 seconds at Sun Dec 23 03:07:03 UTC 2018
2 ms. Memory: 208384K Free: 196259K (94%)
ptolemy.util.test.WatchDog.cancel(): canceling Sun Dec 23 03:07:03 UTC 2018
------------------ testing $PTII/ptolemy/domains/de/test/auto/EventToDate.xml
auto.tcl: Setting watchdog for 200 seconds at Sun Dec 23 03:07:03 UTC 2018
3010 ms. Memory: 208384K Free: 185820K (89%)
ptolemy.util.test.WatchDog.cancel(): canceling Sun Dec 23 03:07:06 UTC 2018
auto.tcl: Setting watchdog for 200 seconds at Sun Dec 23 03:07:06 UTC 2018
3004 ms. Memory: 208384K Free: 185820K (89%)
ptolemy.util.test.WatchDog.cancel(): canceling Sun Dec 23 03:07:09 UTC 2018
------------------ testing $PTII/ptolemy/domains/de/test/auto/FSM1.xml
auto.tcl: Setting watchdog for 200 seconds at Sun Dec 23 03:07:09 UTC 2018
27 ms. Memory: 208384K Free: 189327K (91%)
ptolemy.util.test.WatchDog.cancel(): canceling Sun Dec 23 03:07:09 UTC 2018
auto.tcl: Setting watchdog for 200 seconds at Sun Dec 23 03:07:09 UTC 2018
21 ms. Memory: 208384K Free: 185142K (89%)
ptolemy.util.test.WatchDog.cancel(): canceling Sun Dec 23 03:07:09 UTC 2018
------------------ testing $PTII/ptolemy/domains/de/test/auto/FSM7.xml
auto.tcl: Setting watchdog for 200 seconds at Sun Dec 23 03:07:09 UTC 2018
32 ms. Memory: 208384K Free: 187438K (90%)
ptolemy.util.test.WatchDog.cancel(): canceling Sun Dec 23 03:07:09 UTC 2018
auto.tcl: Setting watchdog for 200 seconds at Sun Dec 23 03:07:09 UTC 2018
21 ms. Memory: 208384K Free: 185346K (89%)
ptolemy.util.test.WatchDog.cancel(): canceling Sun Dec 23 03:07:09 UTC 2018
------------------ testing $PTII/ptolemy/domains/de/test/auto/Inspection.xml
auto.tcl: Setting watchdog for 200 seconds at Sun Dec 23 03:07:09 UTC 2018
45 ms. Memory: 208384K Free: 188989K (91%)
ptolemy.util.test.WatchDog.cancel(): canceling Sun Dec 23 03:07:10 UTC 2018
auto.tcl: Setting watchdog for 200 seconds at Sun Dec 23 03:07:10 UTC 2018
28 ms. Memory: 208384K Free: 186897K (90%)
ptolemy.util.test.WatchDog.cancel(): canceling Sun Dec 23 03:07:10 UTC 2018
------------------ testing $PTII/ptolemy/domains/de/test/auto/Iteration.xml
auto.tcl: Setting watchdog for 200 seconds at Sun Dec 23 03:07:10 UTC 2018
9 ms. Memory: 208384K Free: 196065K (94%)
ptolemy.util.test.WatchDog.cancel(): canceling Sun Dec 23 03:07:10 UTC 2018
auto.tcl: Setting watchdog for 200 seconds at Sun Dec 23 03:07:10 UTC 2018
8 ms. Memory: 208384K Free: 193973K (93%)
ptolemy.util.test.WatchDog.cancel(): canceling Sun Dec 23 03:07:10 UTC 2018
------------------ testing $PTII/ptolemy/domains/de/test/auto/LineFault.xml
auto.tcl: Setting watchdog for 200 seconds at Sun Dec 23 03:07:10 UTC 2018
761 ms. Memory: 208384K Free: 196207K (94%)
ptolemy.util.test.WatchDog.cancel(): canceling Sun Dec 23 03:07:11 UTC 2018
auto.tcl: Setting watchdog for 200 seconds at Sun Dec 23 03:07:11 UTC 2018
613 ms. Memory: 208384K Free: 139084K (67%)
ptolemy.util.test.WatchDog.cancel(): canceling Sun Dec 23 03:07:11 UTC 2018
------------------ testing $PTII/ptolemy/domains/de/test/auto/MergeModel1Add.xml
auto.tcl: Setting watchdog for 200 seconds at Sun Dec 23 03:07:11 UTC 2018
23 ms. Memory: 331264K Free: 298873K (90%)
ptolemy.util.test.WatchDog.cancel(): canceling Sun Dec 23 03:07:12 UTC 2018
auto.tcl: Setting watchdog for 200 seconds at Sun Dec 23 03:07:12 UTC 2018
9 ms. Memory: 331264K Free: 298873K (90%)
ptolemy.util.test.WatchDog.cancel(): canceling Sun Dec 23 03:07:12 UTC 2018
------------------ testing $PTII/ptolemy/domains/de/test/auto/MergeModel2Add.xml
auto.tcl: Setting watchdog for 200 seconds at Sun Dec 23 03:07:12 UTC 2018
10 ms. Memory: 331264K Free: 304156K (92%)
ptolemy.util.test.WatchDog.cancel(): canceling Sun Dec 23 03:07:12 UTC 2018
auto.tcl: Setting watchdog for 200 seconds at Sun Dec 23 03:07:12 UTC 2018
7 ms. Memory: 331264K Free: 300211K (91%)
ptolemy.util.test.WatchDog.cancel(): canceling Sun Dec 23 03:07:12 UTC 2018
------------------ testing $PTII/ptolemy/domains/de/test/auto/MergeModel3Add.xml
auto.tcl: Setting watchdog for 200 seconds at Sun Dec 23 03:07:12 UTC 2018
12 ms. Memory: 331264K Free: 304167K (92%)
ptolemy.util.test.WatchDog.cancel(): canceling Sun Dec 23 03:07:12 UTC 2018
auto.tcl: Setting watchdog for 200 seconds at Sun Dec 23 03:07:12 UTC 2018
9 ms. Memory: 331264K Free: 300222K (91%)
ptolemy.util.test.WatchDog.cancel(): canceling Sun Dec 23 03:07:12 UTC 2018
------------------ testing $PTII/ptolemy/domains/de/test/auto/MergeWithoutDiscard.xml
auto.tcl: Setting watchdog for 200 seconds at Sun Dec 23 03:07:12 UTC 2018
5 ms. Memory: 331264K Free: 320226K (97%)
ptolemy.util.test.WatchDog.cancel(): canceling Sun Dec 23 03:07:12 UTC 2018
auto.tcl: Setting watchdog for 200 seconds at Sun Dec 23 03:07:12 UTC 2018
1 ms. Memory: 331264K Free: 316282K (95%)
ptolemy.util.test.WatchDog.cancel(): canceling Sun Dec 23 03:07:12 UTC 2018
------------------ testing $PTII/ptolemy/domains/de/test/auto/Modal1.xml
auto.tcl: Setting watchdog for 200 seconds at Sun Dec 23 03:07:12 UTC 2018
20 ms. Memory: 331264K Free: 309892K (94%)
ptolemy.util.test.WatchDog.cancel(): canceling Sun Dec 23 03:07:12 UTC 2018
auto.tcl: Setting watchdog for 200 seconds at Sun Dec 23 03:07:12 UTC 2018
13 ms. Memory: 331264K Free: 305948K (92%)
ptolemy.util.test.WatchDog.cancel(): canceling Sun Dec 23 03:07:12 UTC 2018
------------------ testing $PTII/ptolemy/domains/de/test/auto/Modal2.xml
auto.tcl: Setting watchdog for 200 seconds at Sun Dec 23 03:07:12 UTC 2018
10 ms. Memory: 331264K Free: 309774K (94%)
ptolemy.util.test.WatchDog.cancel(): canceling Sun Dec 23 03:07:12 UTC 2018
auto.tcl: Setting watchdog for 200 seconds at Sun Dec 23 03:07:12 UTC 2018
11 ms. Memory: 331264K Free: 305830K (92%)
ptolemy.util.test.WatchDog.cancel(): canceling Sun Dec 23 03:07:12 UTC 2018
------------------ testing $PTII/ptolemy/domains/de/test/auto/Modal3.xml
auto.tcl: Setting watchdog for 200 seconds at Sun Dec 23 03:07:12 UTC 2018
16 ms. Memory: 331264K Free: 309765K (94%)
ptolemy.util.test.WatchDog.cancel(): canceling Sun Dec 23 03:07:12 UTC 2018
auto.tcl: Setting watchdog for 200 seconds at Sun Dec 23 03:07:12 UTC 2018
14 ms. Memory: 331264K Free: 305820K (92%)
ptolemy.util.test.WatchDog.cancel(): canceling Sun Dec 23 03:07:12 UTC 2018
------------------ testing $PTII/ptolemy/domains/de/test/auto/Modal4.xml
auto.tcl: Setting watchdog for 200 seconds at Sun Dec 23 03:07:12 UTC 2018
24 ms. Memory: 331264K Free: 309778K (94%)
ptolemy.util.test.WatchDog.cancel(): canceling Sun Dec 23 03:07:12 UTC 2018
auto.tcl: Setting watchdog for 200 seconds at Sun Dec 23 03:07:12 UTC 2018
17 ms. Memory: 331264K Free: 305834K (92%)
ptolemy.util.test.WatchDog.cancel(): canceling Sun Dec 23 03:07:12 UTC 2018
------------------ testing $PTII/ptolemy/domains/de/test/auto/Modal5.xml
auto.tcl: Setting watchdog for 200 seconds at Sun Dec 23 03:07:12 UTC 2018
17 ms. Memory: 331264K Free: 309765K (94%)
ptolemy.util.test.WatchDog.cancel(): canceling Sun Dec 23 03:07:12 UTC 2018
auto.tcl: Setting watchdog for 200 seconds at Sun Dec 23 03:07:12 UTC 2018
12 ms. Memory: 331264K Free: 305821K (92%)
ptolemy.util.test.WatchDog.cancel(): canceling Sun Dec 23 03:07:12 UTC 2018
------------------ testing $PTII/ptolemy/domains/de/test/auto/Modal6.xml
auto.tcl: Setting watchdog for 200 seconds at Sun Dec 23 03:07:12 UTC 2018
13 ms. Memory: 331264K Free: 309762K (94%)
ptolemy.util.test.WatchDog.cancel(): canceling Sun Dec 23 03:07:12 UTC 2018
auto.tcl: Setting watchdog for 200 seconds at Sun Dec 23 03:07:12 UTC 2018
16 ms. Memory: 331264K Free: 305818K (92%)
ptolemy.util.test.WatchDog.cancel(): canceling Sun Dec 23 03:07:13 UTC 2018
------------------ testing $PTII/ptolemy/domains/de/test/auto/Modal7.xml
auto.tcl: Setting watchdog for 200 seconds at Sun Dec 23 03:07:13 UTC 2018
9 ms. Memory: 331264K Free: 309762K (94%)
ptolemy.util.test.WatchDog.cancel(): canceling Sun Dec 23 03:07:13 UTC 2018
auto.tcl: Setting watchdog for 200 seconds at Sun Dec 23 03:07:13 UTC 2018
10 ms. Memory: 331264K Free: 305818K (92%)
ptolemy.util.test.WatchDog.cancel(): canceling Sun Dec 23 03:07:13 UTC 2018
------------------ testing $PTII/ptolemy/domains/de/test/auto/ModalModel.xml
auto.tcl: Setting watchdog for 200 seconds at Sun Dec 23 03:07:13 UTC 2018
190 ms. Memory: 331264K Free: 246288K (74%)
ptolemy.util.test.WatchDog.cancel(): canceling Sun Dec 23 03:07:13 UTC 2018
auto.tcl: Setting watchdog for 200 seconds at Sun Dec 23 03:07:13 UTC 2018
176 ms. Memory: 331264K Free: 191068K (58%)
ptolemy.util.test.WatchDog.cancel(): canceling Sun Dec 23 03:07:13 UTC 2018
------------------ testing $PTII/ptolemy/domains/de/test/auto/ModalSource.xml
auto.tcl: Setting watchdog for 200 seconds at Sun Dec 23 03:07:13 UTC 2018
9 ms. Memory: 331264K Free: 316728K (96%)
ptolemy.util.test.WatchDog.cancel(): canceling Sun Dec 23 03:07:13 UTC 2018
auto.tcl: Setting watchdog for 200 seconds at Sun Dec 23 03:07:13 UTC 2018
5 ms. Memory: 331264K Free: 313215K (95%)
ptolemy.util.test.WatchDog.cancel(): canceling Sun Dec 23 03:07:13 UTC 2018
------------------ testing $PTII/ptolemy/domains/de/test/auto/NonInterruptibleTimerZeroDelay.xml
auto.tcl: Setting watchdog for 200 seconds at Sun Dec 23 03:07:13 UTC 2018
3 ms. Memory: 331264K Free: 320894K (97%)
ptolemy.util.test.WatchDog.cancel(): canceling Sun Dec 23 03:07:13 UTC 2018
auto.tcl: Setting watchdog for 200 seconds at Sun Dec 23 03:07:13 UTC 2018
2 ms. Memory: 331264K Free: 317381K (96%)
ptolemy.util.test.WatchDog.cancel(): canceling Sun Dec 23 03:07:13 UTC 2018
------------------ testing $PTII/ptolemy/domains/de/test/auto/OpenQueueingNetwork.xml
auto.tcl: Setting watchdog for 200 seconds at Sun Dec 23 03:07:13 UTC 2018
2620 ms. Memory: 573952K Free: 410145K (71%)
ptolemy.util.test.WatchDog.cancel(): canceling Sun Dec 23 03:07:16 UTC 2018
auto.tcl: Setting watchdog for 200 seconds at Sun Dec 23 03:07:16 UTC 2018
2405 ms. Memory: 550912K Free: 307637K (56%)
ptolemy.util.test.WatchDog.cancel(): canceling Sun Dec 23 03:07:18 UTC 2018
------------------ testing $PTII/ptolemy/domains/de/test/auto/OpenQueuingNetwork.xml
auto.tcl: Setting watchdog for 200 seconds at Sun Dec 23 03:07:18 UTC 2018
231 ms. Memory: 549888K Free: 444789K (81%)
ptolemy.util.test.WatchDog.cancel(): canceling Sun Dec 23 03:07:19 UTC 2018
auto.tcl: Setting watchdog for 200 seconds at Sun Dec 23 03:07:19 UTC 2018
223 ms. Memory: 549888K Free: 384463K (70%)
ptolemy.util.test.WatchDog.cancel(): canceling Sun Dec 23 03:07:19 UTC 2018
------------------ testing $PTII/ptolemy/domains/de/test/auto/PeriodicSampler.xml
auto.tcl: Setting watchdog for 200 seconds at Sun Dec 23 03:07:19 UTC 2018
2 ms. Memory: 551936K Free: 530863K (96%)
ptolemy.util.test.WatchDog.cancel(): canceling Sun Dec 23 03:07:19 UTC 2018
auto.tcl: Setting watchdog for 200 seconds at Sun Dec 23 03:07:19 UTC 2018
2 ms. Memory: 551936K Free: 530863K (96%)
ptolemy.util.test.WatchDog.cancel(): canceling Sun Dec 23 03:07:19 UTC 2018
------------------ testing $PTII/ptolemy/domains/de/test/auto/PersistentIO.xml
auto.tcl: Setting watchdog for 200 seconds at Sun Dec 23 03:07:19 UTC 2018
4 ms. Memory: 549376K Free: 522198K (95%)
ptolemy.util.test.WatchDog.cancel(): canceling Sun Dec 23 03:07:19 UTC 2018
auto.tcl: Setting watchdog for 200 seconds at Sun Dec 23 03:07:19 UTC 2018
3 ms. Memory: 549376K Free: 522198K (95%)
ptolemy.util.test.WatchDog.cancel(): canceling Sun Dec 23 03:07:19 UTC 2018
------------------ testing $PTII/ptolemy/domains/de/test/auto/PortParameterResetOnInitialize.xml
auto.tcl: Setting watchdog for 200 seconds at Sun Dec 23 03:07:19 UTC 2018
2 ms. Memory: 551424K Free: 530582K (96%)
ptolemy.util.test.WatchDog.cancel(): canceling Sun Dec 23 03:07:19 UTC 2018
auto.tcl: Setting watchdog for 200 seconds at Sun Dec 23 03:07:19 UTC 2018
1 ms. Memory: 551424K Free: 530582K (96%)
ptolemy.util.test.WatchDog.cancel(): canceling Sun Dec 23 03:07:19 UTC 2018
------------------ testing $PTII/ptolemy/domains/de/test/auto/PortParameterUpdates.xml
auto.tcl: Setting watchdog for 200 seconds at Sun Dec 23 03:07:19 UTC 2018
3 ms. Memory: 549376K Free: 528666K (96%)
ptolemy.util.test.WatchDog.cancel(): canceling Sun Dec 23 03:07:19 UTC 2018
auto.tcl: Setting watchdog for 200 seconds at Sun Dec 23 03:07:19 UTC 2018
4 ms. Memory: 549376K Free: 521963K (95%)
ptolemy.util.test.WatchDog.cancel(): canceling Sun Dec 23 03:07:19 UTC 2018
------------------ testing $PTII/ptolemy/domains/de/test/auto/QueueAndServer.xml
auto.tcl: Setting watchdog for 200 seconds at Sun Dec 23 03:07:19 UTC 2018
15 ms. Memory: 551424K Free: 535357K (97%)
ptolemy.util.test.WatchDog.cancel(): canceling Sun Dec 23 03:07:19 UTC 2018
auto.tcl: Setting watchdog for 200 seconds at Sun Dec 23 03:07:19 UTC 2018
7 ms. Memory: 551424K Free: 528654K (96%)
ptolemy.util.test.WatchDog.cancel(): canceling Sun Dec 23 03:07:19 UTC 2018
------------------ testing $PTII/ptolemy/domains/de/test/auto/Records.xml
auto.tcl: Setting watchdog for 200 seconds at Sun Dec 23 03:07:19 UTC 2018
6 ms. Memory: 549376K Free: 533251K (97%)
ptolemy.util.test.WatchDog.cancel(): canceling Sun Dec 23 03:07:19 UTC 2018
auto.tcl: Setting watchdog for 200 seconds at Sun Dec 23 03:07:19 UTC 2018
2 ms. Memory: 549376K Free: 533251K (97%)
ptolemy.util.test.WatchDog.cancel(): canceling Sun Dec 23 03:07:19 UTC 2018
------------------ testing $PTII/ptolemy/domains/de/test/auto/ResetTransitionWithStartTime1.xml
auto.tcl: Setting watchdog for 200 seconds at Sun Dec 23 03:07:20 UTC 2018
7 ms. Memory: 551424K Free: 535325K (97%)
ptolemy.util.test.WatchDog.cancel(): canceling Sun Dec 23 03:07:20 UTC 2018
auto.tcl: Setting watchdog for 200 seconds at Sun Dec 23 03:07:20 UTC 2018
5 ms. Memory: 551424K Free: 528622K (96%)
ptolemy.util.test.WatchDog.cancel(): canceling Sun Dec 23 03:07:20 UTC 2018
------------------ testing $PTII/ptolemy/domains/de/test/auto/ResetTransitionWithStartTime2.xml
auto.tcl: Setting watchdog for 200 seconds at Sun Dec 23 03:07:20 UTC 2018
5 ms. Memory: 549376K Free: 526795K (96%)
ptolemy.util.test.WatchDog.cancel(): canceling Sun Dec 23 03:07:20 UTC 2018
auto.tcl: Setting watchdog for 200 seconds at Sun Dec 23 03:07:20 UTC 2018
5 ms. Memory: 549376K Free: 526795K (96%)
ptolemy.util.test.WatchDog.cancel(): canceling Sun Dec 23 03:07:20 UTC 2018
------------------ testing $PTII/ptolemy/domains/de/test/auto/ResetTransitionWithStartTime3.xml
auto.tcl: Setting watchdog for 200 seconds at Sun Dec 23 03:07:20 UTC 2018
6 ms. Memory: 550912K Free: 528100K (96%)
ptolemy.util.test.WatchDog.cancel(): canceling Sun Dec 23 03:07:20 UTC 2018
auto.tcl: Setting watchdog for 200 seconds at Sun Dec 23 03:07:20 UTC 2018
6 ms. Memory: 550912K Free: 528100K (96%)
ptolemy.util.test.WatchDog.cancel(): canceling Sun Dec 23 03:07:20 UTC 2018
------------------ testing $PTII/ptolemy/domains/de/test/auto/ResetTransitionWithStartTime4.xml
auto.tcl: Setting watchdog for 200 seconds at Sun Dec 23 03:07:20 UTC 2018
3 ms. Memory: 549376K Free: 526562K (96%)
ptolemy.util.test.WatchDog.cancel(): canceling Sun Dec 23 03:07:20 UTC 2018
auto.tcl: Setting watchdog for 200 seconds at Sun Dec 23 03:07:20 UTC 2018
3 ms. Memory: 549376K Free: 526562K (96%)
ptolemy.util.test.WatchDog.cancel(): canceling Sun Dec 23 03:07:20 UTC 2018
------------------ testing $PTII/ptolemy/domains/de/test/auto/ResettableTimer1.xml
auto.tcl: Setting watchdog for 200 seconds at Sun Dec 23 03:07:20 UTC 2018
4 ms. Memory: 550912K Free: 534796K (97%)
ptolemy.util.test.WatchDog.cancel(): canceling Sun Dec 23 03:07:20 UTC 2018
auto.tcl: Setting watchdog for 200 seconds at Sun Dec 23 03:07:20 UTC 2018
2 ms. Memory: 550912K Free: 534796K (97%)
ptolemy.util.test.WatchDog.cancel(): canceling Sun Dec 23 03:07:20 UTC 2018
------------------ testing $PTII/ptolemy/domains/de/test/auto/ResettableTimer2.xml
auto.tcl: Setting watchdog for 200 seconds at Sun Dec 23 03:07:20 UTC 2018
2 ms. Memory: 549376K Free: 533547K (97%)
ptolemy.util.test.WatchDog.cancel(): canceling Sun Dec 23 03:07:20 UTC 2018
auto.tcl: Setting watchdog for 200 seconds at Sun Dec 23 03:07:20 UTC 2018
2 ms. Memory: 549376K Free: 533547K (97%)
ptolemy.util.test.WatchDog.cancel(): canceling Sun Dec 23 03:07:20 UTC 2018
------------------ testing $PTII/ptolemy/domains/de/test/auto/ResettableTimer3.xml
auto.tcl: Setting watchdog for 200 seconds at Sun Dec 23 03:07:20 UTC 2018
2 ms. Memory: 550912K Free: 534854K (97%)
ptolemy.util.test.WatchDog.cancel(): canceling Sun Dec 23 03:07:20 UTC 2018
auto.tcl: Setting watchdog for 200 seconds at Sun Dec 23 03:07:20 UTC 2018
1 ms. Memory: 550912K Free: 534854K (97%)
ptolemy.util.test.WatchDog.cancel(): canceling Sun Dec 23 03:07:20 UTC 2018
------------------ testing $PTII/ptolemy/domains/de/test/auto/ResettableTimer4.xml
auto.tcl: Setting watchdog for 200 seconds at Sun Dec 23 03:07:20 UTC 2018
2 ms. Memory: 549376K Free: 533560K (97%)
ptolemy.util.test.WatchDog.cancel(): canceling Sun Dec 23 03:07:20 UTC 2018
auto.tcl: Setting watchdog for 200 seconds at Sun Dec 23 03:07:20 UTC 2018
1 ms. Memory: 549376K Free: 533560K (97%)
ptolemy.util.test.WatchDog.cancel(): canceling Sun Dec 23 03:07:20 UTC 2018
------------------ testing $PTII/ptolemy/domains/de/test/auto/ResettableTimer5.xml
auto.tcl: Setting watchdog for 200 seconds at Sun Dec 23 03:07:20 UTC 2018
1 ms. Memory: 550400K Free: 529903K (96%)
ptolemy.util.test.WatchDog.cancel(): canceling Sun Dec 23 03:07:20 UTC 2018
auto.tcl: Setting watchdog for 200 seconds at Sun Dec 23 03:07:20 UTC 2018
1 ms. Memory: 550400K Free: 529903K (96%)
ptolemy.util.test.WatchDog.cancel(): canceling Sun Dec 23 03:07:20 UTC 2018
------------------ testing $PTII/ptolemy/domains/de/test/auto/ResettableTimer6.xml
auto.tcl: Setting watchdog for 200 seconds at Sun Dec 23 03:07:20 UTC 2018
1 ms. Memory: 549376K Free: 528598K (96%)
ptolemy.util.test.WatchDog.cancel(): canceling Sun Dec 23 03:07:20 UTC 2018
auto.tcl: Setting watchdog for 200 seconds at Sun Dec 23 03:07:20 UTC 2018
1 ms. Memory: 549376K Free: 528598K (96%)
ptolemy.util.test.WatchDog.cancel(): canceling Sun Dec 23 03:07:20 UTC 2018
------------------ testing $PTII/ptolemy/domains/de/test/auto/ServerZeroDelay.xml
auto.tcl: Setting watchdog for 200 seconds at Sun Dec 23 03:07:20 UTC 2018
2 ms. Memory: 550400K Free: 534522K (97%)
ptolemy.util.test.WatchDog.cancel(): canceling Sun Dec 23 03:07:20 UTC 2018
auto.tcl: Setting watchdog for 200 seconds at Sun Dec 23 03:07:20 UTC 2018
2 ms. Memory: 550400K Free: 534522K (97%)
ptolemy.util.test.WatchDog.cancel(): canceling Sun Dec 23 03:07:20 UTC 2018
------------------ testing $PTII/ptolemy/domains/de/test/auto/SmartSender.xml
auto.tcl: Setting watchdog for 200 seconds at Sun Dec 23 03:07:20 UTC 2018
3001 ms. Memory: 549376K Free: 528814K (96%)
ptolemy.util.test.WatchDog.cancel(): canceling Sun Dec 23 03:07:23 UTC 2018
auto.tcl: Setting watchdog for 200 seconds at Sun Dec 23 03:07:23 UTC 2018
3002 ms. Memory: 549376K Free: 528814K (96%)
ptolemy.util.test.WatchDog.cancel(): canceling Sun Dec 23 03:07:26 UTC 2018
------------------ testing $PTII/ptolemy/domains/de/test/auto/ThreadedComposite.xml
auto.tcl: Setting watchdog for 200 seconds at Sun Dec 23 03:07:26 UTC 2018
196 ms. Memory: 550400K Free: 513560K (93%)
ptolemy.util.test.WatchDog.cancel(): canceling Sun Dec 23 03:07:26 UTC 2018
auto.tcl: Setting watchdog for 200 seconds at Sun Dec 23 03:07:26 UTC 2018
221 ms. Memory: 550400K Free: 488130K (89%)
ptolemy.util.test.WatchDog.cancel(): canceling Sun Dec 23 03:07:27 UTC 2018
------------------ testing $PTII/ptolemy/domains/de/test/auto/Time.xml
auto.tcl: Setting watchdog for 200 seconds at Sun Dec 23 03:07:27 UTC 2018
509 ms. Memory: 549376K Free: 481509K (88%)
ptolemy.util.test.WatchDog.cancel(): canceling Sun Dec 23 03:07:27 UTC 2018
auto.tcl: Setting watchdog for 200 seconds at Sun Dec 23 03:07:27 UTC 2018
496 ms. Memory: 549376K Free: 427886K (78%)
ptolemy.util.test.WatchDog.cancel(): canceling Sun Dec 23 03:07:28 UTC 2018
------------------ testing $PTII/ptolemy/domains/de/test/auto/TimeDelayZeroDelay.xml
auto.tcl: Setting watchdog for 200 seconds at Sun Dec 23 03:07:28 UTC 2018
2 ms. Memory: 550400K Free: 534207K (97%)
ptolemy.util.test.WatchDog.cancel(): canceling Sun Dec 23 03:07:28 UTC 2018
auto.tcl: Setting watchdog for 200 seconds at Sun Dec 23 03:07:28 UTC 2018
2 ms. Memory: 550400K Free: 534207K (97%)
ptolemy.util.test.WatchDog.cancel(): canceling Sun Dec 23 03:07:28 UTC 2018
------------------ testing $PTII/ptolemy/domains/de/test/auto/TimerZeroDelay.xml
auto.tcl: Setting watchdog for 200 seconds at Sun Dec 23 03:07:28 UTC 2018
2 ms. Memory: 549376K Free: 533457K (97%)
ptolemy.util.test.WatchDog.cancel(): canceling Sun Dec 23 03:07:28 UTC 2018
auto.tcl: Setting watchdog for 200 seconds at Sun Dec 23 03:07:28 UTC 2018
2 ms. Memory: 549376K Free: 533457K (97%)
ptolemy.util.test.WatchDog.cancel(): canceling Sun Dec 23 03:07:28 UTC 2018
------------------ testing $PTII/ptolemy/domains/de/test/auto/TimingParadox.xml
auto.tcl: Setting watchdog for 200 seconds at Sun Dec 23 03:07:28 UTC 2018
389 ms. Memory: 549888K Free: 467450K (85%)
ptolemy.util.test.WatchDog.cancel(): canceling Sun Dec 23 03:07:28 UTC 2018
auto.tcl: Setting watchdog for 200 seconds at Sun Dec 23 03:07:28 UTC 2018
373 ms. Memory: 549888K Free: 433936K (79%)
ptolemy.util.test.WatchDog.cancel(): canceling Sun Dec 23 03:07:29 UTC 2018
------------------ testing $PTII/ptolemy/domains/de/test/auto/TransferInputs.xml
auto.tcl: Setting watchdog for 200 seconds at Sun Dec 23 03:07:29 UTC 2018
2 ms. Memory: 549888K Free: 532871K (97%)
ptolemy.util.test.WatchDog.cancel(): canceling Sun Dec 23 03:07:29 UTC 2018
auto.tcl: Setting watchdog for 200 seconds at Sun Dec 23 03:07:29 UTC 2018
2 ms. Memory: 549888K Free: 532871K (97%)
ptolemy.util.test.WatchDog.cancel(): canceling Sun Dec 23 03:07:29 UTC 2018
------------------ testing $PTII/ptolemy/domains/de/test/auto/TransferOutputs2.xml
auto.tcl: Setting watchdog for 200 seconds at Sun Dec 23 03:07:29 UTC 2018
3 ms. Memory: 549376K Free: 522062K (95%)
ptolemy.util.test.WatchDog.cancel(): canceling Sun Dec 23 03:07:29 UTC 2018
auto.tcl: Setting watchdog for 200 seconds at Sun Dec 23 03:07:29 UTC 2018
2 ms. Memory: 549376K Free: 522062K (95%)
ptolemy.util.test.WatchDog.cancel(): canceling Sun Dec 23 03:07:29 UTC 2018
------------------ testing $PTII/ptolemy/domains/de/test/auto/Trilateration.xml
auto.tcl: Setting watchdog for 200 seconds at Sun Dec 23 03:07:29 UTC 2018
13875 ms. Memory: 766976K Free: 240914K (31%)
ptolemy.util.test.WatchDog.cancel(): canceling Sun Dec 23 03:07:44 UTC 2018
auto.tcl: Setting watchdog for 200 seconds at Sun Dec 23 03:07:44 UTC 2018
11136 ms. Memory: 646144K Free: 99011K (15%)
ptolemy.util.test.WatchDog.cancel(): canceling Sun Dec 23 03:07:55 UTC 2018
------------------ testing $PTII/ptolemy/domains/de/test/auto/TwoSigmaDelta.xml
auto.tcl: Setting watchdog for 200 seconds at Sun Dec 23 03:07:55 UTC 2018
2701 ms. Memory: 649728K Free: 330890K (51%)
ptolemy.util.test.WatchDog.cancel(): canceling Sun Dec 23 03:07:58 UTC 2018
auto.tcl: Setting watchdog for 200 seconds at Sun Dec 23 03:07:58 UTC 2018
2238 ms. Memory: 649728K Free: 102657K (16%)
ptolemy.util.test.WatchDog.cancel(): canceling Sun Dec 23 03:08:00 UTC 2018
------------------ testing $PTII/ptolemy/domains/de/test/auto/VariableDelay.xml
auto.tcl: Setting watchdog for 200 seconds at Sun Dec 23 03:08:00 UTC 2018
2 ms. Memory: 646656K Free: 627297K (97%)
ptolemy.util.test.WatchDog.cancel(): canceling Sun Dec 23 03:08:00 UTC 2018
auto.tcl: Setting watchdog for 200 seconds at Sun Dec 23 03:08:00 UTC 2018
2 ms. Memory: 646656K Free: 627297K (97%)
ptolemy.util.test.WatchDog.cancel(): canceling Sun Dec 23 03:08:00 UTC 2018
------------------ testing $PTII/ptolemy/domains/de/test/auto/VariableDelay2.xml
auto.tcl: Setting watchdog for 200 seconds at Sun Dec 23 03:08:00 UTC 2018
3 ms. Memory: 646144K Free: 627231K (97%)
ptolemy.util.test.WatchDog.cancel(): canceling Sun Dec 23 03:08:00 UTC 2018
auto.tcl: Setting watchdog for 200 seconds at Sun Dec 23 03:08:00 UTC 2018
1 ms. Memory: 646144K Free: 627231K (97%)
ptolemy.util.test.WatchDog.cancel(): canceling Sun Dec 23 03:08:00 UTC 2018
------------------ testing $PTII/ptolemy/domains/de/test/auto/VariableDelayZeroDelay.xml
auto.tcl: Setting watchdog for 200 seconds at Sun Dec 23 03:08:01 UTC 2018
1 ms. Memory: 646144K Free: 621582K (96%)
ptolemy.util.test.WatchDog.cancel(): canceling Sun Dec 23 03:08:01 UTC 2018
auto.tcl: Setting watchdog for 200 seconds at Sun Dec 23 03:08:01 UTC 2018
2 ms. Memory: 646144K Free: 621582K (96%)
ptolemy.util.test.WatchDog.cancel(): canceling Sun Dec 23 03:08:01 UTC 2018
------------------ testing $PTII/ptolemy/domains/de/test/auto/VariableDelayZeroDelay2.xml
auto.tcl: Setting watchdog for 200 seconds at Sun Dec 23 03:08:01 UTC 2018
3 ms. Memory: 649216K Free: 624652K (96%)
ptolemy.util.test.WatchDog.cancel(): canceling Sun Dec 23 03:08:01 UTC 2018
auto.tcl: Setting watchdog for 200 seconds at Sun Dec 23 03:08:01 UTC 2018
1 ms. Memory: 649216K Free: 624652K (96%)
ptolemy.util.test.WatchDog.cancel(): canceling Sun Dec 23 03:08:01 UTC 2018
------------------ testing $PTII/ptolemy/domains/de/test/auto/deInCt.xml
auto.tcl: Setting watchdog for 200 seconds at Sun Dec 23 03:08:01 UTC 2018
0
1
1
1
1
0
0
0
1
1
1
1
0
0
0
0
1
1
1
0
0
0
0
0
1
1
1
1
1
10 ms. Memory: 646144K Free: 621546K (96%)
ptolemy.util.test.WatchDog.cancel(): canceling Sun Dec 23 03:08:01 UTC 2018
auto.tcl: Setting watchdog for 200 seconds at Sun Dec 23 03:08:01 UTC 2018
0
1
1
1
0
0
0
1
1
1
0
0
0
1
1
1
0
0
0
1
1
1
1
0
0
1
1
1
1
0
0
0
0
1
1
1
0
0
0
0
11 ms. Memory: 646144K Free: 621546K (96%)
ptolemy.util.test.WatchDog.cancel(): canceling Sun Dec 23 03:08:01 UTC 2018
------------------ testing $PTII/ptolemy/domains/de/test/auto/deInCt2.xml
auto.tcl: Setting watchdog for 200 seconds at Sun Dec 23 03:08:01 UTC 2018
0
1
1
1
0
0
1
1
1
0
0
1
1
1
0
0
1
1
1
0
0
1
1
1
0
0
1
1
1
0
0
1
1
1
0
0
1
1
1
0
0
0
14 ms. Memory: 648704K Free: 624105K (96%)
ptolemy.util.test.WatchDog.cancel(): canceling Sun Dec 23 03:08:01 UTC 2018
auto.tcl: Setting watchdog for 200 seconds at Sun Dec 23 03:08:01 UTC 2018
0
1
1
1
0
0
1
1
1
0
0
1
1
1
0
0
1
1
1
0
0
1
1
1
0
0
1
1
1
0
0
1
1
1
0
0
1
1
1
0
0
0
6 ms. Memory: 648704K Free: 624105K (96%)
ptolemy.util.test.WatchDog.cancel(): canceling Sun Dec 23 03:08:01 UTC 2018
------------------ testing $PTII/ptolemy/domains/de/test/auto/dynamicCausalityInterface1.xml
auto.tcl: Setting watchdog for 200 seconds at Sun Dec 23 03:08:01 UTC 2018
1 ms. Memory: 646144K Free: 618614K (96%)
ptolemy.util.test.WatchDog.cancel(): canceling Sun Dec 23 03:08:01 UTC 2018
auto.tcl: Setting watchdog for 200 seconds at Sun Dec 23 03:08:01 UTC 2018
1 ms. Memory: 646144K Free: 618614K (96%)
ptolemy.util.test.WatchDog.cancel(): canceling Sun Dec 23 03:08:01 UTC 2018
------------------ testing $PTII/ptolemy/domains/de/test/auto/fsm_de_test.xml
auto.tcl: Setting watchdog for 200 seconds at Sun Dec 23 03:08:01 UTC 2018
7 ms. Memory: 648192K Free: 623516K (96%)
ptolemy.util.test.WatchDog.cancel(): canceling Sun Dec 23 03:08:01 UTC 2018
auto.tcl: Setting watchdog for 200 seconds at Sun Dec 23 03:08:01 UTC 2018
9 ms. Memory: 648192K Free: 614901K (95%)
ptolemy.util.test.WatchDog.cancel(): canceling Sun Dec 23 03:08:01 UTC 2018
------------------ testing $PTII/ptolemy/domains/de/test/auto/functionDependencyReconstruction.xml
auto.tcl: Setting watchdog for 200 seconds at Sun Dec 23 03:08:01 UTC 2018
2 ms. Memory: 646144K Free: 612812K (95%)
ptolemy.util.test.WatchDog.cancel(): canceling Sun Dec 23 03:08:01 UTC 2018
auto.tcl: Setting watchdog for 200 seconds at Sun Dec 23 03:08:01 UTC 2018
3 ms. Memory: 646144K Free: 604197K (94%)
ptolemy.util.test.WatchDog.cancel(): canceling Sun Dec 23 03:08:01 UTC 2018
------------------ testing $PTII/ptolemy/domains/de/test/auto/multirate.xml
auto.tcl: Setting watchdog for 200 seconds at Sun Dec 23 03:08:01 UTC 2018
4 ms. Memory: 648192K Free: 629031K (97%)
ptolemy.util.test.WatchDog.cancel(): canceling Sun Dec 23 03:08:01 UTC 2018
auto.tcl: Setting watchdog for 200 seconds at Sun Dec 23 03:08:01 UTC 2018
3 ms. Memory: 648192K Free: 629031K (97%)
ptolemy.util.test.WatchDog.cancel(): canceling Sun Dec 23 03:08:01 UTC 2018
------------------ testing $PTII/ptolemy/domains/de/test/auto/multirate2.xml
auto.tcl: Setting watchdog for 200 seconds at Sun Dec 23 03:08:01 UTC 2018
2 ms. Memory: 646144K Free: 621491K (96%)
ptolemy.util.test.WatchDog.cancel(): canceling Sun Dec 23 03:08:01 UTC 2018
auto.tcl: Setting watchdog for 200 seconds at Sun Dec 23 03:08:01 UTC 2018
2 ms. Memory: 646144K Free: 621491K (96%)
ptolemy.util.test.WatchDog.cancel(): canceling Sun Dec 23 03:08:01 UTC 2018
------------------ testing $PTII/ptolemy/domains/de/test/auto/realtime.xml
auto.tcl: Setting watchdog for 200 seconds at Sun Dec 23 03:08:01 UTC 2018
10001 ms. Memory: 647680K Free: 628673K (97%)
ptolemy.util.test.WatchDog.cancel(): canceling Sun Dec 23 03:08:11 UTC 2018
auto.tcl: Setting watchdog for 200 seconds at Sun Dec 23 03:08:11 UTC 2018
10002 ms. Memory: 647680K Free: 628673K (97%)
ptolemy.util.test.WatchDog.cancel(): canceling Sun Dec 23 03:08:21 UTC 2018
------------------ testing $PTII/ptolemy/domains/de/test/auto/relationGroup.xml
auto.tcl: Setting watchdog for 200 seconds at Sun Dec 23 03:08:21 UTC 2018
9 ms. Memory: 646144K Free: 627195K (97%)
ptolemy.util.test.WatchDog.cancel(): canceling Sun Dec 23 03:08:21 UTC 2018
auto.tcl: Setting watchdog for 200 seconds at Sun Dec 23 03:08:21 UTC 2018
2 ms. Memory: 646144K Free: 627195K (97%)
ptolemy.util.test.WatchDog.cancel(): canceling Sun Dec 23 03:08:21 UTC 2018
------------------ testing $PTII/ptolemy/domains/de/test/auto/relationGroup2.xml
auto.tcl: Setting watchdog for 200 seconds at Sun Dec 23 03:08:21 UTC 2018
1 ms. Memory: 647680K Free: 623110K (96%)
ptolemy.util.test.WatchDog.cancel(): canceling Sun Dec 23 03:08:21 UTC 2018
auto.tcl: Setting watchdog for 200 seconds at Sun Dec 23 03:08:21 UTC 2018
0 ms. Memory: 647680K Free: 623110K (96%)
ptolemy.util.test.WatchDog.cancel(): canceling Sun Dec 23 03:08:21 UTC 2018
------------------ testing $PTII/ptolemy/domains/de/test/auto/sortWithOpaquePorts.xml
auto.tcl: Setting watchdog for 200 seconds at Sun Dec 23 03:08:21 UTC 2018
1 ms. Memory: 646144K Free: 621576K (96%)
ptolemy.util.test.WatchDog.cancel(): canceling Sun Dec 23 03:08:21 UTC 2018
auto.tcl: Setting watchdog for 200 seconds at Sun Dec 23 03:08:21 UTC 2018
2 ms. Memory: 646144K Free: 621576K (96%)
ptolemy.util.test.WatchDog.cancel(): canceling Sun Dec 23 03:08:21 UTC 2018
------------------ testing $PTII/ptolemy/domains/de/test/auto/transferInputsandOutputs.xml
auto.tcl: Setting watchdog for 200 seconds at Sun Dec 23 03:08:21 UTC 2018
2 ms. Memory: 647168K Free: 622587K (96%)
ptolemy.util.test.WatchDog.cancel(): canceling Sun Dec 23 03:08:21 UTC 2018
auto.tcl: Setting watchdog for 200 seconds at Sun Dec 23 03:08:21 UTC 2018
2 ms. Memory: 647168K Free: 622587K (96%)
ptolemy.util.test.WatchDog.cancel(): canceling Sun Dec 23 03:08:21 UTC 2018
------------------ testing $PTII/ptolemy/domains/de/test/auto/triggerType.xml
auto.tcl: Setting watchdog for 200 seconds at Sun Dec 23 03:08:21 UTC 2018
1 ms. Memory: 646144K Free: 621513K (96%)
ptolemy.util.test.WatchDog.cancel(): canceling Sun Dec 23 03:08:22 UTC 2018
auto.tcl: Setting watchdog for 200 seconds at Sun Dec 23 03:08:22 UTC 2018
1 ms. Memory: 646144K Free: 621513K (96%)
ptolemy.util.test.WatchDog.cancel(): canceling Sun Dec 23 03:08:22 UTC 2018
12/23/18 03:08:22
Failed: 0  Total Tests: 192  ((Passed: 187, Newly Passed: 1)  Known Failed: 5) /home/travis/build/icyphy/ptII/ptolemy/domains/de/test
12/23/18 03:08:22
Failed: 0  Total Tests: 192  ((Passed: 187, Newly Passed: 1)  Known Failed: 5) /home/travis/build/icyphy/ptII/ptolemy/domains/de/test
----------------- testing (KnownFailure) /home/travis/build/icyphy/ptII/ptolemy/domains/de/test/auto/knownFailedTests/DESDFClockTest.xml
2014 ms. Memory: 647168K Free: 611264K (94%)
Known Failure: java.lang.reflect.InvocationTargetException
----------------- testing (KnownFailure) /home/travis/build/icyphy/ptII/ptolemy/domains/de/test/auto/knownFailedTests/DirectFeedback.xml
2 ms. Memory: 647168K Free: 566085K (87%)
Known Failure: java.lang.reflect.InvocationTargetException
----------------- testing (KnownFailure) /home/travis/build/icyphy/ptII/ptolemy/domains/de/test/auto/knownFailedTests/FSMSource.xml
9 ms. Memory: 647168K Free: 520906K (80%)
----------------- testing (KnownFailure) /home/travis/build/icyphy/ptII/ptolemy/domains/de/test/auto/knownFailedTests/HierarchicalModel.xml
3 ms. Memory: 647168K Free: 487006K (75%)
Known Failure: java.lang.reflect.InvocationTargetException
----------------- testing (KnownFailure) /home/travis/build/icyphy/ptII/ptolemy/domains/de/test/auto/knownFailedTests/dependencyLoop.xml
3 ms. Memory: 647168K Free: 430524K (67%)
Known Failure: java.lang.reflect.InvocationTargetException
----------------- testing (KnownFailure) /home/travis/build/icyphy/ptII/ptolemy/domains/de/test/auto/knownFailedTests/dependencyLoop2.xml
5 ms. Memory: 647168K Free: 374034K (58%)
Known Failure: java.lang.reflect.InvocationTargetException
No auto/linux-amd64/*.xml tests in /home/travis/build/icyphy/ptII/ptolemy/domains/de/test
AutoTests.java: About to close Vertx.
AutoTests.java: Vertx closed.

===========================================================================================
----------------- testing Sun Dec 23 03:08:24 UTC 2018 /home/travis/build/icyphy/ptII/ptolemy/domains/de/test/auto/ActorDepthCalculation_actorWithoutPorts.xml
----------------- Instantiating /home/travis/build/icyphy/ptII/ptolemy/domains/de/test/auto/ActorDepthCalculation_actorWithoutPorts.xml
3 ms. Memory: 647168K Free: 317560K (49%)
----------------- Invoking toplevel() on ptolemy.moml.MoMLSimpleApplication@7961567a
----------------- Done invoking toplevel() on ptolemy.moml.MoMLSimpleApplication@7961567a
reloadAllAccessors: .ActorDepthCalculation_actorWithoutPorts

===========================================================================================
----------------- testing Sun Dec 23 03:08:24 UTC 2018 /home/travis/build/icyphy/ptII/ptolemy/domains/de/test/auto/AssemblyLine.xml
----------------- Instantiating /home/travis/build/icyphy/ptII/ptolemy/domains/de/test/auto/AssemblyLine.xml
2 ms. Memory: 647168K Free: 294970K (46%)
----------------- Invoking toplevel() on ptolemy.moml.MoMLSimpleApplication@6d9754fd
----------------- Done invoking toplevel() on ptolemy.moml.MoMLSimpleApplication@6d9754fd
reloadAllAccessors: .AssemblyLine

===========================================================================================
----------------- testing Sun Dec 23 03:08:24 UTC 2018 /home/travis/build/icyphy/ptII/ptolemy/domains/de/test/auto/CQBug1.xml
----------------- Instantiating /home/travis/build/icyphy/ptII/ptolemy/domains/de/test/auto/CQBug1.xml
1 ms. Memory: 647168K Free: 272381K (42%)
----------------- Invoking toplevel() on ptolemy.moml.MoMLSimpleApplication@7ae68ca
----------------- Done invoking toplevel() on ptolemy.moml.MoMLSimpleApplication@7ae68ca
reloadAllAccessors: .CQBug1

===========================================================================================
----------------- testing Sun Dec 23 03:08:24 UTC 2018 /home/travis/build/icyphy/ptII/ptolemy/domains/de/test/auto/CancelFireAt.xml
----------------- Instantiating /home/travis/build/icyphy/ptII/ptolemy/domains/de/test/auto/CancelFireAt.xml
1 ms. Memory: 647168K Free: 249791K (39%)
----------------- Invoking toplevel() on ptolemy.moml.MoMLSimpleApplication@7ea9a93
----------------- Done invoking toplevel() on ptolemy.moml.MoMLSimpleApplication@7ea9a93
reloadAllAccessors: .CancelFireAt

===========================================================================================
----------------- testing Sun Dec 23 03:08:24 UTC 2018 /home/travis/build/icyphy/ptII/ptolemy/domains/de/test/auto/CausalityAndComposabilityAnalysis.xml
----------------- Instantiating /home/travis/build/icyphy/ptII/ptolemy/domains/de/test/auto/CausalityAndComposabilityAnalysis.xml
2 ms. Memory: 647168K Free: 227202K (35%)
----------------- Invoking toplevel() on ptolemy.moml.MoMLSimpleApplication@108b699a
----------------- Done invoking toplevel() on ptolemy.moml.MoMLSimpleApplication@108b699a
reloadAllAccessors: .CausalityAndComposabilityAnalysis

===========================================================================================
----------------- testing Sun Dec 23 03:08:24 UTC 2018 /home/travis/build/icyphy/ptII/ptolemy/domains/de/test/auto/CausalityInterface1.xml
----------------- Instantiating /home/travis/build/icyphy/ptII/ptolemy/domains/de/test/auto/CausalityInterface1.xml
6 ms. Memory: 647168K Free: 204612K (32%)
----------------- Invoking toplevel() on ptolemy.moml.MoMLSimpleApplication@66339e6a
----------------- Done invoking toplevel() on ptolemy.moml.MoMLSimpleApplication@66339e6a
reloadAllAccessors: .CausalityInterface1

===========================================================================================
----------------- testing Sun Dec 23 03:08:24 UTC 2018 /home/travis/build/icyphy/ptII/ptolemy/domains/de/test/auto/CausalityInterface15.xml
----------------- Instantiating /home/travis/build/icyphy/ptII/ptolemy/domains/de/test/auto/CausalityInterface15.xml
2 ms. Memory: 647168K Free: 182023K (28%)
----------------- Invoking toplevel() on ptolemy.moml.MoMLSimpleApplication@17f1f9ac
----------------- Done invoking toplevel() on ptolemy.moml.MoMLSimpleApplication@17f1f9ac
reloadAllAccessors: .CausalityInterface15

[...]
java.lang.RuntimeException: Execution failed
	at ptolemy.moml.MoMLSimpleApplication$UnloadThread.run(MoMLSimpleApplication.java:402)
Caused by: ptolemy.kernel.util.IllegalActionException: Test fails in iteration 1.
Value was: 1.0. Should have been: 2.0
  in .DirectFeedback.Test
	at ptolemy.actor.lib.Test.fire(Test.java:268)
	at ptolemy.domains.de.kernel.DEDirector._fire(DEDirector.java:1949)
	at ptolemy.domains.de.kernel.DEDirector.fire(DEDirector.java:502)
	at ptolemy.actor.CompositeActor.fire(CompositeActor.java:455)
	at ptolemy.actor.Manager.iterate(Manager.java:851)
	at ptolemy.actor.Manager.execute(Manager.java:369)
	at ptolemy.actor.Manager.run(Manager.java:1263)
	at ptolemy.actor.Manager$PtolemyRunThread.run(Manager.java:1915)
java.lang.RuntimeException: Execution failed
	at ptolemy.moml.MoMLSimpleApplication$UnloadThread.run(MoMLSimpleApplication.java:402)
Caused by: ptolemy.kernel.util.IllegalActionException: Actor is not ready to fire.  Perhaps UpSample.prefire() returned false? Try debugging the actor by selecting "Listen to Actor".  Also, for SDF check moml for tokenConsumptionRate on input.
  in .DESDFClockTest.Play Bell.Copy1:SDF Director and .DESDFClockTest.Play Bell.UpSample
	at ptolemy.actor.sched.StaticSchedulingDirector.fire(StaticSchedulingDirector.java:227)
	at ptolemy.domains.sdf.kernel.SDFDirector.fire(SDFDirector.java:500)
	at ptolemy.actor.CompositeActor.fire(CompositeActor.java:455)
	at ptolemy.domains.de.kernel.DEDirector._fire(DEDirector.java:1949)
	at ptolemy.domains.de.kernel.DEDirector.fire(DEDirector.java:502)
	at ptolemy.actor.CompositeActor.fire(CompositeActor.java:455)
	at ptolemy.actor.Manager.iterate(Manager.java:851)
	at ptolemy.actor.Manager.execute(Manager.java:369)
	at ptolemy.actor.Manager.run(Manager.java:1263)
	at ptolemy.actor.Manager$PtolemyRunThread.run(Manager.java:1915)
java.lang.reflect.InvocationTargetException
	at sun.reflect.NativeConstructorAccessorImpl.newInstance0(Native Method)
	at sun.reflect.NativeConstructorAccessorImpl.newInstance(NativeConstructorAccessorImpl.java:62)
	at sun.reflect.DelegatingConstructorAccessorImpl.newInstance(DelegatingConstructorAccessorImpl.java:45)
	at java.lang.reflect.Constructor.newInstance(Constructor.java:423)
	at ptolemy.util.test.junit.AutoKnownFailedTests.RunModel(AutoKnownFailedTests.java:105)
	at sun.reflect.NativeMethodAccessorImpl.invoke0(Native Method)
	at sun.reflect.NativeMethodAccessorImpl.invoke(NativeMethodAccessorImpl.java:62)
	at sun.reflect.DelegatingMethodAccessorImpl.invoke(DelegatingMethodAccessorImpl.java:43)
	at java.lang.reflect.Method.invoke(Method.java:498)
	at org.junit.runners.model.FrameworkMethod$1.runReflectiveCall(FrameworkMethod.java:44)
	at org.junit.internal.runners.model.ReflectiveCallable.run(ReflectiveCallable.java:15)
	at org.junit.runners.model.FrameworkMethod.invokeExplosively(FrameworkMethod.java:41)
	at junitparams.internal.InvokeParameterisedMethod.evaluate(InvokeParameterisedMethod.java:102)
	at org.junit.internal.runners.statements.FailOnTimeout$1.run(FailOnTimeout.java:28)
Caused by: ptolemy.kernel.util.IllegalActionException: Actor is not ready to fire.  Perhaps UpSample.prefire() returned false? Try debugging the actor by selecting "Listen to Actor".  Also, for SDF check moml for tokenConsumptionRate on input.
  in .DESDFClockTest.Play Bell.Copy1:SDF Director and .DESDFClockTest.Play Bell.UpSample
	at ptolemy.actor.sched.StaticSchedulingDirector.fire(StaticSchedulingDirector.java:227)
	at ptolemy.domains.sdf.kernel.SDFDirector.fire(SDFDirector.java:500)
	at ptolemy.actor.CompositeActor.fire(CompositeActor.java:455)
	at ptolemy.domains.de.kernel.DEDirector._fire(DEDirector.java:1949)
	at ptolemy.domains.de.kernel.DEDirector.fire(DEDirector.java:502)
	at ptolemy.actor.CompositeActor.fire(CompositeActor.java:455)
	at ptolemy.actor.Manager.iterate(Manager.java:851)
	at ptolemy.actor.Manager.execute(Manager.java:369)
	at ptolemy.actor.Manager.run(Manager.java:1263)
	at ptolemy.actor.Manager$PtolemyRunThread.run(Manager.java:1915)
java.lang.RuntimeException: Execution failed
	at ptolemy.moml.MoMLSimpleApplication$UnloadThread.run(MoMLSimpleApplication.java:402)
Caused by: ptolemy.kernel.util.IllegalActionException: Test fails in iteration 1.
Value was: 1.0. Should have been: 2.0
  in .DirectFeedback.Test
	at ptolemy.actor.lib.Test.fire(Test.java:268)
	at ptolemy.domains.de.kernel.DEDirector._fire(DEDirector.java:1949)
	at ptolemy.domains.de.kernel.DEDirector.fire(DEDirector.java:502)
	at ptolemy.actor.CompositeActor.fire(CompositeActor.java:455)
	at ptolemy.actor.Manager.iterate(Manager.java:851)
	at ptolemy.actor.Manager.execute(Manager.java:369)
	at ptolemy.actor.Manager.run(Manager.java:1263)
	at ptolemy.actor.Manager$PtolemyRunThread.run(Manager.java:1915)
java.lang.reflect.InvocationTargetException
	at sun.reflect.NativeConstructorAccessorImpl.newInstance0(Native Method)
	at sun.reflect.NativeConstructorAccessorImpl.newInstance(NativeConstructorAccessorImpl.java:62)
	at sun.reflect.DelegatingConstructorAccessorImpl.newInstance(DelegatingConstructorAccessorImpl.java:45)
	at java.lang.reflect.Constructor.newInstance(Constructor.java:423)
	at ptolemy.util.test.junit.AutoKnownFailedTests.RunModel(AutoKnownFailedTests.java:105)
	at sun.reflect.NativeMethodAccessorImpl.invoke0(Native Method)
	at sun.reflect.NativeMethodAccessorImpl.invoke(NativeMethodAccessorImpl.java:62)
	at sun.reflect.DelegatingMethodAccessorImpl.invoke(DelegatingMethodAccessorImpl.java:43)
	at java.lang.reflect.Method.invoke(Method.java:498)
	at org.junit.runners.model.FrameworkMethod$1.runReflectiveCall(FrameworkMethod.java:44)
	at org.junit.internal.runners.model.ReflectiveCallable.run(ReflectiveCallable.java:15)
	at org.junit.runners.model.FrameworkMethod.invokeExplosively(FrameworkMethod.java:41)
	at junitparams.internal.InvokeParameterisedMethod.evaluate(InvokeParameterisedMethod.java:102)
	at org.junit.internal.runners.statements.FailOnTimeout$1.run(FailOnTimeout.java:28)
Caused by: ptolemy.kernel.util.IllegalActionException: Test fails in iteration 1.
Value was: 1.0. Should have been: 2.0
  in .DirectFeedback.Test
	at ptolemy.actor.lib.Test.fire(Test.java:268)
	at ptolemy.domains.de.kernel.DEDirector._fire(DEDirector.java:1949)
	at ptolemy.domains.de.kernel.DEDirector.fire(DEDirector.java:502)
	at ptolemy.actor.CompositeActor.fire(CompositeActor.java:455)
	at ptolemy.actor.Manager.iterate(Manager.java:851)
	at ptolemy.actor.Manager.execute(Manager.java:369)
	at ptolemy.actor.Manager.run(Manager.java:1263)
	at ptolemy.actor.Manager$PtolemyRunThread.run(Manager.java:1915)
java.lang.RuntimeException: Execution failed
	at ptolemy.moml.MoMLSimpleApplication$UnloadThread.run(MoMLSimpleApplication.java:402)
Caused by: ptolemy.kernel.util.IllegalActionException: Found a zero delay loop containing .HierarchicalModel.A
  in .HierarchicalModel and .HierarchicalModel.A
	at ptolemy.actor.util.CausalityInterfaceForComposites._computeOutputPortDepth(CausalityInterfaceForComposites.java:759)
	at ptolemy.actor.util.CausalityInterfaceForComposites._computeInputDepth(CausalityInterfaceForComposites.java:696)
	at ptolemy.actor.util.CausalityInterfaceForComposites._computeOutputPortDepth(CausalityInterfaceForComposites.java:765)
	at ptolemy.actor.util.CausalityInterfaceForComposites._computeInputDepth(CausalityInterfaceForComposites.java:696)
	at ptolemy.actor.util.CausalityInterfaceForComposites._computeOutputPortDepth(CausalityInterfaceForComposites.java:765)
	at ptolemy.actor.util.CausalityInterfaceForComposites._computeInputDepth(CausalityInterfaceForComposites.java:696)
	at ptolemy.actor.util.CausalityInterfaceForComposites._computeActorDepth(CausalityInterfaceForComposites.java:532)
	at ptolemy.actor.util.CausalityInterfaceForComposites.checkForCycles(CausalityInterfaceForComposites.java:96)
	at ptolemy.domains.de.kernel.DEDirector.preinitialize(DEDirector.java:1338)
	at ptolemy.actor.CompositeActor.preinitialize(CompositeActor.java:1828)
	at ptolemy.actor.Manager.preinitializeAndResolveTypes(Manager.java:1040)
	at ptolemy.actor.Manager.initialize(Manager.java:710)
	at ptolemy.actor.Manager.execute(Manager.java:356)
	at ptolemy.actor.Manager.run(Manager.java:1263)
	at ptolemy.actor.Manager$PtolemyRunThread.run(Manager.java:1915)
java.lang.reflect.InvocationTargetException
	at sun.reflect.NativeConstructorAccessorImpl.newInstance0(Native Method)
	at sun.reflect.NativeConstructorAccessorImpl.newInstance(NativeConstructorAccessorImpl.java:62)
	at sun.reflect.DelegatingConstructorAccessorImpl.newInstance(DelegatingConstructorAccessorImpl.java:45)
	at java.lang.reflect.Constructor.newInstance(Constructor.java:423)
	at ptolemy.util.test.junit.AutoKnownFailedTests.RunModel(AutoKnownFailedTests.java:105)
	at sun.reflect.NativeMethodAccessorImpl.invoke0(Native Method)
	at sun.reflect.NativeMethodAccessorImpl.invoke(NativeMethodAccessorImpl.java:62)
	at sun.reflect.DelegatingMethodAccessorImpl.invoke(DelegatingMethodAccessorImpl.java:43)
	at java.lang.reflect.Method.invoke(Method.java:498)
	at org.junit.runners.model.FrameworkMethod$1.runReflectiveCall(FrameworkMethod.java:44)
	at org.junit.internal.runners.model.ReflectiveCallable.run(ReflectiveCallable.java:15)
	at org.junit.runners.model.FrameworkMethod.invokeExplosively(FrameworkMethod.java:41)
	at junitparams.internal.InvokeParameterisedMethod.evaluate(InvokeParameterisedMethod.java:102)
	at org.junit.internal.runners.statements.FailOnTimeout$1.run(FailOnTimeout.java:28)
Caused by: ptolemy.kernel.util.IllegalActionException: Found a zero delay loop containing .HierarchicalModel.A
  in .HierarchicalModel and .HierarchicalModel.A
	at ptolemy.actor.util.CausalityInterfaceForComposites._computeOutputPortDepth(CausalityInterfaceForComposites.java:759)
	at ptolemy.actor.util.CausalityInterfaceForComposites._computeInputDepth(CausalityInterfaceForComposites.java:696)
	at ptolemy.actor.util.CausalityInterfaceForComposites._computeOutputPortDepth(CausalityInterfaceForComposites.java:765)
	at ptolemy.actor.util.CausalityInterfaceForComposites._computeInputDepth(CausalityInterfaceForComposites.java:696)
	at ptolemy.actor.util.CausalityInterfaceForComposites._computeOutputPortDepth(CausalityInterfaceForComposites.java:765)
	at ptolemy.actor.util.CausalityInterfaceForComposites._computeInputDepth(CausalityInterfaceForComposites.java:696)
	at ptolemy.actor.util.CausalityInterfaceForComposites._computeActorDepth(CausalityInterfaceForComposites.java:532)
	at ptolemy.actor.util.CausalityInterfaceForComposites.checkForCycles(CausalityInterfaceForComposites.java:96)
	at ptolemy.domains.de.kernel.DEDirector.preinitialize(DEDirector.java:1338)
	at ptolemy.actor.CompositeActor.preinitialize(CompositeActor.java:1828)
	at ptolemy.actor.Manager.preinitializeAndResolveTypes(Manager.java:1040)
	at ptolemy.actor.Manager.initialize(Manager.java:710)
	at ptolemy.actor.Manager.execute(Manager.java:356)
	at ptolemy.actor.Manager.run(Manager.java:1263)
	at ptolemy.actor.Manager$PtolemyRunThread.run(Manager.java:1915)
java.lang.RuntimeException: Execution failed
	at ptolemy.moml.MoMLSimpleApplication$UnloadThread.run(MoMLSimpleApplication.java:402)
Caused by: ptolemy.kernel.util.IllegalActionException: Found a zero delay loop containing .dependencyLoop.original
  in .dependencyLoop and .dependencyLoop.original
	at ptolemy.actor.util.CausalityInterfaceForComposites._computeOutputPortDepth(CausalityInterfaceForComposites.java:759)
	at ptolemy.actor.util.CausalityInterfaceForComposites._computeInputDepth(CausalityInterfaceForComposites.java:696)
	at ptolemy.actor.util.CausalityInterfaceForComposites._computeOutputPortDepth(CausalityInterfaceForComposites.java:765)
	at ptolemy.actor.util.CausalityInterfaceForComposites._computeInputDepth(CausalityInterfaceForComposites.java:696)
	at ptolemy.actor.util.CausalityInterfaceForComposites._computeOutputPortDepth(CausalityInterfaceForComposites.java:765)
	at ptolemy.actor.util.CausalityInterfaceForComposites._computeInputDepth(CausalityInterfaceForComposites.java:696)
	at ptolemy.actor.util.CausalityInterfaceForComposites._computeActorDepth(CausalityInterfaceForComposites.java:532)
	at ptolemy.actor.util.CausalityInterfaceForComposites.checkForCycles(CausalityInterfaceForComposites.java:96)
	at ptolemy.domains.de.kernel.DEDirector.preinitialize(DEDirector.java:1338)
	at ptolemy.actor.CompositeActor.preinitialize(CompositeActor.java:1828)
	at ptolemy.actor.Manager.preinitializeAndResolveTypes(Manager.java:1040)
	at ptolemy.actor.Manager.initialize(Manager.java:710)
	at ptolemy.actor.Manager.execute(Manager.java:356)
	at ptolemy.actor.Manager.run(Manager.java:1263)
	at ptolemy.actor.Manager$PtolemyRunThread.run(Manager.java:1915)
java.lang.reflect.InvocationTargetException
	at sun.reflect.NativeConstructorAccessorImpl.newInstance0(Native Method)
	at sun.reflect.NativeConstructorAccessorImpl.newInstance(NativeConstructorAccessorImpl.java:62)
	at sun.reflect.DelegatingConstructorAccessorImpl.newInstance(DelegatingConstructorAccessorImpl.java:45)
	at java.lang.reflect.Constructor.newInstance(Constructor.java:423)
	at ptolemy.util.test.junit.AutoKnownFailedTests.RunModel(AutoKnownFailedTests.java:105)
	at sun.reflect.NativeMethodAccessorImpl.invoke0(Native Method)
	at sun.reflect.NativeMethodAccessorImpl.invoke(NativeMethodAccessorImpl.java:62)
	at sun.reflect.DelegatingMethodAccessorImpl.invoke(DelegatingMethodAccessorImpl.java:43)
	at java.lang.reflect.Method.invoke(Method.java:498)
	at org.junit.runners.model.FrameworkMethod$1.runReflectiveCall(FrameworkMethod.java:44)
	at org.junit.internal.runners.model.ReflectiveCallable.run(ReflectiveCallable.java:15)
	at org.junit.runners.model.FrameworkMethod.invokeExplosively(FrameworkMethod.java:41)
	at junitparams.internal.InvokeParameterisedMethod.evaluate(InvokeParameterisedMethod.java:102)
	at org.junit.internal.runners.statements.FailOnTimeout$1.run(FailOnTimeout.java:28)
Caused by: ptolemy.kernel.util.IllegalActionException: Found a zero delay loop containing .dependencyLoop.original
  in .dependencyLoop and .dependencyLoop.original
	at ptolemy.actor.util.CausalityInterfaceForComposites._computeOutputPortDepth(CausalityInterfaceForComposites.java:759)
	at ptolemy.actor.util.CausalityInterfaceForComposites._computeInputDepth(CausalityInterfaceForComposites.java:696)
	at ptolemy.actor.util.CausalityInterfaceForComposites._computeOutputPortDepth(CausalityInterfaceForComposites.java:765)
	at ptolemy.actor.util.CausalityInterfaceForComposites._computeInputDepth(CausalityInterfaceForComposites.java:696)
	at ptolemy.actor.util.CausalityInterfaceForComposites._computeOutputPortDepth(CausalityInterfaceForComposites.java:765)
	at ptolemy.actor.util.CausalityInterfaceForComposites._computeInputDepth(CausalityInterfaceForComposites.java:696)
	at ptolemy.actor.util.CausalityInterfaceForComposites._computeActorDepth(CausalityInterfaceForComposites.java:532)
	at ptolemy.actor.util.CausalityInterfaceForComposites.checkForCycles(CausalityInterfaceForComposites.java:96)
	at ptolemy.domains.de.kernel.DEDirector.preinitialize(DEDirector.java:1338)
	at ptolemy.actor.CompositeActor.preinitialize(CompositeActor.java:1828)
	at ptolemy.actor.Manager.preinitializeAndResolveTypes(Manager.java:1040)
	at ptolemy.actor.Manager.initialize(Manager.java:710)
	at ptolemy.actor.Manager.execute(Manager.java:356)
	at ptolemy.actor.Manager.run(Manager.java:1263)
	at ptolemy.actor.Manager$PtolemyRunThread.run(Manager.java:1915)
java.lang.RuntimeException: Execution failed
	at ptolemy.moml.MoMLSimpleApplication$UnloadThread.run(MoMLSimpleApplication.java:402)
Caused by: ptolemy.kernel.util.IllegalActionException: Found a zero delay loop containing .dependencyLoop2.original
  in .dependencyLoop2 and .dependencyLoop2.original
	at ptolemy.actor.util.CausalityInterfaceForComposites._computeOutputPortDepth(CausalityInterfaceForComposites.java:759)
	at ptolemy.actor.util.CausalityInterfaceForComposites._computeInputDepth(CausalityInterfaceForComposites.java:696)
	at ptolemy.actor.util.CausalityInterfaceForComposites._computeOutputPortDepth(CausalityInterfaceForComposites.java:765)
	at ptolemy.actor.util.CausalityInterfaceForComposites._computeInputDepth(CausalityInterfaceForComposites.java:696)
	at ptolemy.actor.util.CausalityInterfaceForComposites._computeOutputPortDepth(CausalityInterfaceForComposites.java:765)
	at ptolemy.actor.util.CausalityInterfaceForComposites._computeInputDepth(CausalityInterfaceForComposites.java:696)
	at ptolemy.actor.util.CausalityInterfaceForComposites._computeActorDepth(CausalityInterfaceForComposites.java:532)
	at ptolemy.actor.util.CausalityInterfaceForComposites.checkForCycles(CausalityInterfaceForComposites.java:96)
	at ptolemy.domains.de.kernel.DEDirector.preinitialize(DEDirector.java:1338)
	at ptolemy.actor.CompositeActor.preinitialize(CompositeActor.java:1828)
	at ptolemy.actor.Manager.preinitializeAndResolveTypes(Manager.java:1040)
	at ptolemy.actor.Manager.initialize(Manager.java:710)
	at ptolemy.actor.Manager.execute(Manager.java:356)
	at ptolemy.actor.Manager.run(Manager.java:1263)
	at ptolemy.actor.Manager$PtolemyRunThread.run(Manager.java:1915)
java.lang.reflect.InvocationTargetException
	at sun.reflect.NativeConstructorAccessorImpl.newInstance0(Native Method)
	at sun.reflect.NativeConstructorAccessorImpl.newInstance(NativeConstructorAccessorImpl.java:62)
	at sun.reflect.DelegatingConstructorAccessorImpl.newInstance(DelegatingConstructorAccessorImpl.java:45)
	at java.lang.reflect.Constructor.newInstance(Constructor.java:423)
	at ptolemy.util.test.junit.AutoKnownFailedTests.RunModel(AutoKnownFailedTests.java:105)
	at sun.reflect.NativeMethodAccessorImpl.invoke0(Native Method)
	at sun.reflect.NativeMethodAccessorImpl.invoke(NativeMethodAccessorImpl.java:62)
	at sun.reflect.DelegatingMethodAccessorImpl.invoke(DelegatingMethodAccessorImpl.java:43)
	at java.lang.reflect.Method.invoke(Method.java:498)
	at org.junit.runners.model.FrameworkMethod$1.runReflectiveCall(FrameworkMethod.java:44)
	at org.junit.internal.runners.model.ReflectiveCallable.run(ReflectiveCallable.java:15)
	at org.junit.runners.model.FrameworkMethod.invokeExplosively(FrameworkMethod.java:41)
	at junitparams.internal.InvokeParameterisedMethod.evaluate(InvokeParameterisedMethod.java:102)
	at org.junit.internal.runners.statements.FailOnTimeout$1.run(FailOnTimeout.java:28)
Caused by: ptolemy.kernel.util.IllegalActionException: Found a zero delay loop containing .dependencyLoop2.original
  in .dependencyLoop2 and .dependencyLoop2.original
	at ptolemy.actor.util.CausalityInterfaceForComposites._computeOutputPortDepth(CausalityInterfaceForComposites.java:759)
	at ptolemy.actor.util.CausalityInterfaceForComposites._computeInputDepth(CausalityInterfaceForComposites.java:696)
	at ptolemy.actor.util.CausalityInterfaceForComposites._computeOutputPortDepth(CausalityInterfaceForComposites.java:765)
	at ptolemy.actor.util.CausalityInterfaceForComposites._computeInputDepth(CausalityInterfaceForComposites.java:696)
	at ptolemy.actor.util.CausalityInterfaceForComposites._computeOutputPortDepth(CausalityInterfaceForComposites.java:765)
	at ptolemy.actor.util.CausalityInterfaceForComposites._computeInputDepth(CausalityInterfaceForComposites.java:696)
	at ptolemy.actor.util.CausalityInterfaceForComposites._computeActorDepth(CausalityInterfaceForComposites.java:532)
	at ptolemy.actor.util.CausalityInterfaceForComposites.checkForCycles(CausalityInterfaceForComposites.java:96)
	at ptolemy.domains.de.kernel.DEDirector.preinitialize(DEDirector.java:1338)
	at ptolemy.actor.CompositeActor.preinitialize(CompositeActor.java:1828)
	at ptolemy.actor.Manager.preinitializeAndResolveTypes(Manager.java:1040)
	at ptolemy.actor.Manager.initialize(Manager.java:710)
	at ptolemy.actor.Manager.execute(Manager.java:356)
	at ptolemy.actor.Manager.run(Manager.java:1263)
	at ptolemy.actor.Manager$PtolemyRunThread.run(Manager.java:1915)
]]></system-err>
</testsuite>
