<?xml version="1.0" encoding="UTF-8" ?>
<testsuite errors="0" failures="0" hostname="travis-job-6df52626-5e86-420e-b34d-3e5df5b42c70" name="ptolemy.domains.sdf.lib.test.junit.JUnitTclTest" skipped="0" tests="82" time="12.191" timestamp="2019-07-12T06:25:06">
  <properties>
[...]
</properties>
  <testcase classname="ptolemy.util.test.junit.TclTests" name="[0] /home/travis/build/icyphy/ptII/ptolemy/domains/sdf/lib/test/ArrayToSequence.tcl (RunTclFile)" time="0.938" />
  <testcase classname="ptolemy.util.test.junit.TclTests" name="[1] /home/travis/build/icyphy/ptII/ptolemy/domains/sdf/lib/test/BitsToInt.tcl (RunTclFile)" time="0.053" />
  <testcase classname="ptolemy.util.test.junit.TclTests" name="[2] /home/travis/build/icyphy/ptII/ptolemy/domains/sdf/lib/test/DelayLine.tcl (RunTclFile)" time="0.061" />
  <testcase classname="ptolemy.util.test.junit.TclTests" name="[3] /home/travis/build/icyphy/ptII/ptolemy/domains/sdf/lib/test/FFT.tcl (RunTclFile)" time="0.04" />
  <testcase classname="ptolemy.util.test.junit.TclTests" name="[4] /home/travis/build/icyphy/ptII/ptolemy/domains/sdf/lib/test/FIR.tcl (RunTclFile)" time="0.25" />
  <testcase classname="ptolemy.util.test.junit.TclTests" name="[5] /home/travis/build/icyphy/ptII/ptolemy/domains/sdf/lib/test/IntToBits.tcl (RunTclFile)" time="0.048" />
  <testcase classname="ptolemy.util.test.junit.TclTests" name="[6] /home/travis/build/icyphy/ptII/ptolemy/domains/sdf/lib/test/MaximumEntropySpectrum.tcl (RunTclFile)" time="0.506" />
  <testcase classname="ptolemy.util.test.junit.TclTests" name="[7] /home/travis/build/icyphy/ptII/ptolemy/domains/sdf/lib/test/Repeat.tcl (RunTclFile)" time="0.029" />
  <testcase classname="ptolemy.util.test.junit.TclTests" name="[8] /home/travis/build/icyphy/ptII/ptolemy/domains/sdf/lib/test/SampleDelay.tcl (RunTclFile)" time="0.115" />
  <testcase classname="ptolemy.util.test.junit.TclTests" name="[9] /home/travis/build/icyphy/ptII/ptolemy/domains/sdf/lib/test/SequenceToArray.tcl (RunTclFile)" time="0.124" />
  <testcase classname="ptolemy.util.test.junit.AutoKnownFailedTests" name="[0] ThereAreNoKnowFailedTests (RunModel)" time="0.004" />
  <testcase classname="ptolemy.util.test.junit.AutoNameArchTests" name="[0] ThereAreNoAutoArchTests (RunModel)" time="0.011" />
  <testcase classname="ptolemy.util.test.junit.AutoTests" name="[0] /home/travis/build/icyphy/ptII/ptolemy/domains/sdf/lib/test/auto/ArrayToSequence.xml (RunModel)" time="0.377" />
  <testcase classname="ptolemy.util.test.junit.AutoTests" name="[1] /home/travis/build/icyphy/ptII/ptolemy/domains/sdf/lib/test/auto/ArrayToSequenceTest.xml (RunModel)" time="0.107" />
  <testcase classname="ptolemy.util.test.junit.AutoTests" name="[2] /home/travis/build/icyphy/ptII/ptolemy/domains/sdf/lib/test/auto/Autocorrelation.xml (RunModel)" time="0.059" />
  <testcase classname="ptolemy.util.test.junit.AutoTests" name="[3] /home/travis/build/icyphy/ptII/ptolemy/domains/sdf/lib/test/auto/Autocorrelation2.xml (RunModel)" time="0.078" />
  <testcase classname="ptolemy.util.test.junit.AutoTests" name="[4] /home/travis/build/icyphy/ptII/ptolemy/domains/sdf/lib/test/auto/Autocorrelation3.xml (RunModel)" time="0.069" />
  <testcase classname="ptolemy.util.test.junit.AutoTests" name="[5] /home/travis/build/icyphy/ptII/ptolemy/domains/sdf/lib/test/auto/Autocorrelation4.xml (RunModel)" time="0.038" />
  <testcase classname="ptolemy.util.test.junit.AutoTests" name="[6] /home/travis/build/icyphy/ptII/ptolemy/domains/sdf/lib/test/auto/Autocorrelation5.xml (RunModel)" time="0.143" />
  <testcase classname="ptolemy.util.test.junit.AutoTests" name="[7] /home/travis/build/icyphy/ptII/ptolemy/domains/sdf/lib/test/auto/BitsToInt.xml (RunModel)" time="0.067" />
  <testcase classname="ptolemy.util.test.junit.AutoTests" name="[8] /home/travis/build/icyphy/ptII/ptolemy/domains/sdf/lib/test/auto/BooleanJoin.xml (RunModel)" time="0.079" />
  <testcase classname="ptolemy.util.test.junit.AutoTests" name="[9] /home/travis/build/icyphy/ptII/ptolemy/domains/sdf/lib/test/auto/BootstrapSampleDelay.xml (RunModel)" time="0.074" />
  <testcase classname="ptolemy.util.test.junit.AutoTests" name="[10] /home/travis/build/icyphy/ptII/ptolemy/domains/sdf/lib/test/auto/Chop.xml (RunModel)" time="0.095" />
  <testcase classname="ptolemy.util.test.junit.AutoTests" name="[11] /home/travis/build/icyphy/ptII/ptolemy/domains/sdf/lib/test/auto/Chop2.xml (RunModel)" time="0.089" />
  <testcase classname="ptolemy.util.test.junit.AutoTests" name="[12] /home/travis/build/icyphy/ptII/ptolemy/domains/sdf/lib/test/auto/ComplexJoin.xml (RunModel)" time="0.062" />
  <testcase classname="ptolemy.util.test.junit.AutoTests" name="[13] /home/travis/build/icyphy/ptII/ptolemy/domains/sdf/lib/test/auto/CountTrues.xml (RunModel)" time="0.043" />
  <testcase classname="ptolemy.util.test.junit.AutoTests" name="[14] /home/travis/build/icyphy/ptII/ptolemy/domains/sdf/lib/test/auto/DelayLine.xml (RunModel)" time="0.038" />
  <testcase classname="ptolemy.util.test.junit.AutoTests" name="[15] /home/travis/build/icyphy/ptII/ptolemy/domains/sdf/lib/test/auto/DotProduct.xml (RunModel)" time="0.039" />
  <testcase classname="ptolemy.util.test.junit.AutoTests" name="[16] /home/travis/build/icyphy/ptII/ptolemy/domains/sdf/lib/test/auto/DotProductMatrix.xml (RunModel)" time="0.035" />
  <testcase classname="ptolemy.util.test.junit.AutoTests" name="[17] /home/travis/build/icyphy/ptII/ptolemy/domains/sdf/lib/test/auto/DownSample1.xml (RunModel)" time="0.044" />
  <testcase classname="ptolemy.util.test.junit.AutoTests" name="[18] /home/travis/build/icyphy/ptII/ptolemy/domains/sdf/lib/test/auto/DynamicRateChange.xml (RunModel)" time="0.065" />
  <testcase classname="ptolemy.util.test.junit.AutoTests" name="[19] /home/travis/build/icyphy/ptII/ptolemy/domains/sdf/lib/test/auto/DynamicRates.xml (RunModel)" time="0.057" />
  <testcase classname="ptolemy.util.test.junit.AutoTests" name="[20] /home/travis/build/icyphy/ptII/ptolemy/domains/sdf/lib/test/auto/FFT1.xml (RunModel)" time="0.031" />
  <testcase classname="ptolemy.util.test.junit.AutoTests" name="[21] /home/travis/build/icyphy/ptII/ptolemy/domains/sdf/lib/test/auto/FIR1.xml (RunModel)" time="0.061" />
  <testcase classname="ptolemy.util.test.junit.AutoTests" name="[22] /home/travis/build/icyphy/ptII/ptolemy/domains/sdf/lib/test/auto/FIR2.xml (RunModel)" time="0.028" />
  <testcase classname="ptolemy.util.test.junit.AutoTests" name="[23] /home/travis/build/icyphy/ptII/ptolemy/domains/sdf/lib/test/auto/FIR4.xml (RunModel)" time="0.051" />
  <testcase classname="ptolemy.util.test.junit.AutoTests" name="[24] /home/travis/build/icyphy/ptII/ptolemy/domains/sdf/lib/test/auto/FixJoin.xml (RunModel)" time="0.075" />
  <testcase classname="ptolemy.util.test.junit.AutoTests" name="[25] /home/travis/build/icyphy/ptII/ptolemy/domains/sdf/lib/test/auto/IntJoin1.xml (RunModel)" time="0.04" />
  <testcase classname="ptolemy.util.test.junit.AutoTests" name="[26] /home/travis/build/icyphy/ptII/ptolemy/domains/sdf/lib/test/auto/IntJoin2.xml (RunModel)" time="0.03" />
  <testcase classname="ptolemy.util.test.junit.AutoTests" name="[27] /home/travis/build/icyphy/ptII/ptolemy/domains/sdf/lib/test/auto/IntJoin3.xml (RunModel)" time="0.046" />
  <testcase classname="ptolemy.util.test.junit.AutoTests" name="[28] /home/travis/build/icyphy/ptII/ptolemy/domains/sdf/lib/test/auto/IntJoin4.xml (RunModel)" time="0.041" />
  <testcase classname="ptolemy.util.test.junit.AutoTests" name="[29] /home/travis/build/icyphy/ptII/ptolemy/domains/sdf/lib/test/auto/IntJoin5.xml (RunModel)" time="0.06" />
  <testcase classname="ptolemy.util.test.junit.AutoTests" name="[30] /home/travis/build/icyphy/ptII/ptolemy/domains/sdf/lib/test/auto/IntToBits.xml (RunModel)" time="0.044" />
  <testcase classname="ptolemy.util.test.junit.AutoTests" name="[31] /home/travis/build/icyphy/ptII/ptolemy/domains/sdf/lib/test/auto/LMSAdaptive.xml (RunModel)" time="0.096" />
  <testcase classname="ptolemy.util.test.junit.AutoTests" name="[32] /home/travis/build/icyphy/ptII/ptolemy/domains/sdf/lib/test/auto/LMSAdaptiveFIR.xml (RunModel)" time="0.564" />
  <testcase classname="ptolemy.util.test.junit.AutoTests" name="[33] /home/travis/build/icyphy/ptII/ptolemy/domains/sdf/lib/test/auto/LMSAdaptiveFIR2.xml (RunModel)" time="0.613" />
  <testcase classname="ptolemy.util.test.junit.AutoTests" name="[34] /home/travis/build/icyphy/ptII/ptolemy/domains/sdf/lib/test/auto/LongJoin.xml (RunModel)" time="0.066" />
  <testcase classname="ptolemy.util.test.junit.AutoTests" name="[35] /home/travis/build/icyphy/ptII/ptolemy/domains/sdf/lib/test/auto/Matrix1.xml (RunModel)" time="0.048" />
  <testcase classname="ptolemy.util.test.junit.AutoTests" name="[36] /home/travis/build/icyphy/ptII/ptolemy/domains/sdf/lib/test/auto/Matrix2.xml (RunModel)" time="0.038" />
  <testcase classname="ptolemy.util.test.junit.AutoTests" name="[37] /home/travis/build/icyphy/ptII/ptolemy/domains/sdf/lib/test/auto/MatrixJoin1.xml (RunModel)" time="0.042" />
  <testcase classname="ptolemy.util.test.junit.AutoTests" name="[38] /home/travis/build/icyphy/ptII/ptolemy/domains/sdf/lib/test/auto/MatrixJoin2.xml (RunModel)" time="0.029" />
  <testcase classname="ptolemy.util.test.junit.AutoTests" name="[39] /home/travis/build/icyphy/ptII/ptolemy/domains/sdf/lib/test/auto/MatrixJoin3.xml (RunModel)" time="0.039" />
  <testcase classname="ptolemy.util.test.junit.AutoTests" name="[40] /home/travis/build/icyphy/ptII/ptolemy/domains/sdf/lib/test/auto/MatrixJoin4.xml (RunModel)" time="0.032" />
  <testcase classname="ptolemy.util.test.junit.AutoTests" name="[41] /home/travis/build/icyphy/ptII/ptolemy/domains/sdf/lib/test/auto/MatrixJoin5.xml (RunModel)" time="0.034" />
  <testcase classname="ptolemy.util.test.junit.AutoTests" name="[42] /home/travis/build/icyphy/ptII/ptolemy/domains/sdf/lib/test/auto/MatrixSplit1.xml (RunModel)" time="0.041" />
  <testcase classname="ptolemy.util.test.junit.AutoTests" name="[43] /home/travis/build/icyphy/ptII/ptolemy/domains/sdf/lib/test/auto/MatrixSplit10.xml (RunModel)" time="0.03" />
  <testcase classname="ptolemy.util.test.junit.AutoTests" name="[44] /home/travis/build/icyphy/ptII/ptolemy/domains/sdf/lib/test/auto/MatrixSplit11.xml (RunModel)" time="0.021" />
  <testcase classname="ptolemy.util.test.junit.AutoTests" name="[45] /home/travis/build/icyphy/ptII/ptolemy/domains/sdf/lib/test/auto/MatrixSplit12.xml (RunModel)" time="0.032" />
  <testcase classname="ptolemy.util.test.junit.AutoTests" name="[46] /home/travis/build/icyphy/ptII/ptolemy/domains/sdf/lib/test/auto/MatrixSplit13.xml (RunModel)" time="0.036" />
  <testcase classname="ptolemy.util.test.junit.AutoTests" name="[47] /home/travis/build/icyphy/ptII/ptolemy/domains/sdf/lib/test/auto/MatrixSplit14.xml (RunModel)" time="0.017" />
  <testcase classname="ptolemy.util.test.junit.AutoTests" name="[48] /home/travis/build/icyphy/ptII/ptolemy/domains/sdf/lib/test/auto/MatrixSplit2.xml (RunModel)" time="0.017" />
  <testcase classname="ptolemy.util.test.junit.AutoTests" name="[49] /home/travis/build/icyphy/ptII/ptolemy/domains/sdf/lib/test/auto/MatrixSplit3.xml (RunModel)" time="0.019" />
  <testcase classname="ptolemy.util.test.junit.AutoTests" name="[50] /home/travis/build/icyphy/ptII/ptolemy/domains/sdf/lib/test/auto/MatrixSplit4.xml (RunModel)" time="0.022" />
  <testcase classname="ptolemy.util.test.junit.AutoTests" name="[51] /home/travis/build/icyphy/ptII/ptolemy/domains/sdf/lib/test/auto/MatrixSplit5.xml (RunModel)" time="0.038" />
  <testcase classname="ptolemy.util.test.junit.AutoTests" name="[52] /home/travis/build/icyphy/ptII/ptolemy/domains/sdf/lib/test/auto/MatrixSplit6.xml (RunModel)" time="0.025" />
  <testcase classname="ptolemy.util.test.junit.AutoTests" name="[53] /home/travis/build/icyphy/ptII/ptolemy/domains/sdf/lib/test/auto/MatrixSplit7.xml (RunModel)" time="0.021" />
  <testcase classname="ptolemy.util.test.junit.AutoTests" name="[54] /home/travis/build/icyphy/ptII/ptolemy/domains/sdf/lib/test/auto/MatrixSplit8.xml (RunModel)" time="0.022" />
  <testcase classname="ptolemy.util.test.junit.AutoTests" name="[55] /home/travis/build/icyphy/ptII/ptolemy/domains/sdf/lib/test/auto/MatrixSplit9.xml (RunModel)" time="0.038" />
  <testcase classname="ptolemy.util.test.junit.AutoTests" name="[56] /home/travis/build/icyphy/ptII/ptolemy/domains/sdf/lib/test/auto/MatrixToSequence.xml (RunModel)" time="0.069" />
  <testcase classname="ptolemy.util.test.junit.AutoTests" name="[57] /home/travis/build/icyphy/ptII/ptolemy/domains/sdf/lib/test/auto/MaximumEntropySpectrum.xml (RunModel)" time="0.131" />
  <testcase classname="ptolemy.util.test.junit.AutoTests" name="[58] /home/travis/build/icyphy/ptII/ptolemy/domains/sdf/lib/test/auto/SampleDelayConversion.xml (RunModel)" time="0.035" />
  <testcase classname="ptolemy.util.test.junit.AutoTests" name="[59] /home/travis/build/icyphy/ptII/ptolemy/domains/sdf/lib/test/auto/SequenceToArray.xml (RunModel)" time="0.064" />
  <testcase classname="ptolemy.util.test.junit.AutoTests" name="[60] /home/travis/build/icyphy/ptII/ptolemy/domains/sdf/lib/test/auto/SequenceToMatrix.xml (RunModel)" time="4.173" />
  <testcase classname="ptolemy.util.test.junit.AutoTests" name="[61] /home/travis/build/icyphy/ptII/ptolemy/domains/sdf/lib/test/auto/SmoothedPeriodogram.xml (RunModel)" time="0.07" />
  <testcase classname="ptolemy.util.test.junit.AutoTests" name="[62] /home/travis/build/icyphy/ptII/ptolemy/domains/sdf/lib/test/auto/UpDownSample1.xml (RunModel)" time="0.019" />
  <testcase classname="ptolemy.util.test.junit.AutoTests" name="[63] /home/travis/build/icyphy/ptII/ptolemy/domains/sdf/lib/test/auto/UpSample1.xml (RunModel)" time="0.02" />
  <testcase classname="ptolemy.util.test.junit.AutoTests" name="[64] /home/travis/build/icyphy/ptII/ptolemy/domains/sdf/lib/test/auto/VariableFIR.xml (RunModel)" time="0.025" />
  <testcase classname="ptolemy.util.test.junit.AutoTests" name="[65] /home/travis/build/icyphy/ptII/ptolemy/domains/sdf/lib/test/auto/VariableFIR2.xml (RunModel)" time="0.022" />
  <testcase classname="ptolemy.util.test.junit.AutoTests" name="[66] /home/travis/build/icyphy/ptII/ptolemy/domains/sdf/lib/test/auto/VariableLattice.xml (RunModel)" time="0.034" />
  <testcase classname="ptolemy.util.test.junit.AutoTests" name="[67] /home/travis/build/icyphy/ptII/ptolemy/domains/sdf/lib/test/auto/VariableLattice2.xml (RunModel)" time="0.025" />
  <testcase classname="ptolemy.util.test.junit.AutoTests" name="[68] /home/travis/build/icyphy/ptII/ptolemy/domains/sdf/lib/test/auto/VariableRecursiveLattice.xml (RunModel)" time="0.02" />
  <testcase classname="ptolemy.util.test.junit.AutoTests" name="[69] /home/travis/build/icyphy/ptII/ptolemy/domains/sdf/lib/test/auto/VariableRecursiveLattice2.xml (RunModel)" time="0.016" />
  <system-out><![CDATA[/home/travis/build/icyphy/ptII/ptolemy/domains/sdf/lib/test/ArrayToSequence.tcl
testDefs.tcl: setting time out to 9000 seconds at Fri Jul 12 06:25:06 UTC 2019
173 ms. Memory: 120832K Free: 101239K (84%)
44 ms. Memory: 120832K Free: 99153K (82%)
48 ms. Memory: 120832K Free: 97121K (80%)
18 ms. Memory: 120832K Free: 95948K (79%)
/home/travis/build/icyphy/ptII/ptolemy/domains/sdf/lib/test/BitsToInt.tcl
15 ms. Memory: 120832K Free: 107272K (89%)
11 ms. Memory: 120832K Free: 105378K (87%)
/home/travis/build/icyphy/ptII/ptolemy/domains/sdf/lib/test/DelayLine.tcl
30 ms. Memory: 120832K Free: 103754K (86%)
/home/travis/build/icyphy/ptII/ptolemy/domains/sdf/lib/test/FFT.tcl
6 ms. Memory: 120832K Free: 101728K (84%)
/home/travis/build/icyphy/ptII/ptolemy/domains/sdf/lib/test/FIR.tcl
9 ms. Memory: 120832K Free: 100104K (83%)
125 ms. Memory: 120832K Free: 95584K (79%)
ptolemy.kernel.util.IllegalActionException: multiplyReverse method not supported between ptolemy.data.FixToken 'fix(-0.0625,6,2)' and ptolemy.data.IntToken '1' because the types are incomparable.
  in .top.FIRclone
Because:
multiplyReverse method not supported between ptolemy.data.FixToken 'fix(-0.0625,6,2)' and ptolemy.data.IntToken '1' because the types are incomparable.
36 ms. Memory: 120832K Free: 93536K (77%)
/home/travis/build/icyphy/ptII/ptolemy/domains/sdf/lib/test/IntToBits.tcl
9 ms. Memory: 120832K Free: 92035K (76%)
8 ms. Memory: 120832K Free: 90434K (75%)
/home/travis/build/icyphy/ptII/ptolemy/domains/sdf/lib/test/MaximumEntropySpectrum.tcl
/home/travis/build/icyphy/ptII/ptolemy/domains/sdf/lib/test/Repeat.tcl
10 ms. Memory: 152576K Free: 120979K (79%)
/home/travis/build/icyphy/ptII/ptolemy/domains/sdf/lib/test/SampleDelay.tcl
23 ms. Memory: 152576K Free: 118939K (78%)
11 ms. Memory: 152576K Free: 117921K (77%)
14 ms. Memory: 152576K Free: 117411K (77%)
30 ms. Memory: 152576K Free: 116387K (76%)
8 ms. Memory: 152576K Free: 115873K (76%)
2 ms. Memory: 152576K Free: 115363K (76%)
/home/travis/build/icyphy/ptII/ptolemy/domains/sdf/lib/test/SequenceToArray.tcl
24 ms. Memory: 152576K Free: 113315K (74%)
20 ms. Memory: 152576K Free: 112291K (74%)
9 ms. Memory: 152576K Free: 110753K (73%)
9 ms. Memory: 152576K Free: 109715K (72%)
07/12/19 06:25:09
Failed: 0  Total Tests: 41  ((Passed: 41, Newly Passed: 0)  Known Failed: 0) /home/travis/build/icyphy/ptII/ptolemy/domains/sdf/lib/test
No auto/knownFailedTests/*.xml tests in /home/travis/build/icyphy/ptII/ptolemy/domains/sdf/lib/test
No auto/linux-amd64/*.xml tests in /home/travis/build/icyphy/ptII/ptolemy/domains/sdf/lib/test
AutoTests.java: About to close Vertx.
AutoTests.java: Vertx closed.

===========================================================================================
----------------- testing Fri Jul 12 06:25:09 UTC 2019 /home/travis/build/icyphy/ptII/ptolemy/domains/sdf/lib/test/auto/ArrayToSequence.xml
----------------- Instantiating /home/travis/build/icyphy/ptII/ptolemy/domains/sdf/lib/test/auto/ArrayToSequence.xml
46 ms. Memory: 152576K Free: 117783K (77%)
----------------- Invoking toplevel() on ptolemy.moml.MoMLSimpleApplication@6bbc132f
----------------- Done invoking toplevel() on ptolemy.moml.MoMLSimpleApplication@6bbc132f
reloadAllAccessors: .ArrayToSequence

===========================================================================================
----------------- testing Fri Jul 12 06:25:09 UTC 2019 /home/travis/build/icyphy/ptII/ptolemy/domains/sdf/lib/test/auto/ArrayToSequenceTest.xml
----------------- Instantiating /home/travis/build/icyphy/ptII/ptolemy/domains/sdf/lib/test/auto/ArrayToSequenceTest.xml
21 ms. Memory: 152576K Free: 111619K (73%)
----------------- Invoking toplevel() on ptolemy.moml.MoMLSimpleApplication@972d0c2
----------------- Done invoking toplevel() on ptolemy.moml.MoMLSimpleApplication@972d0c2
reloadAllAccessors: .ArrayToSequenceTest

===========================================================================================
----------------- testing Fri Jul 12 06:25:10 UTC 2019 /home/travis/build/icyphy/ptII/ptolemy/domains/sdf/lib/test/auto/Autocorrelation.xml
----------------- Instantiating /home/travis/build/icyphy/ptII/ptolemy/domains/sdf/lib/test/auto/Autocorrelation.xml
6 ms. Memory: 152576K Free: 107030K (70%)
----------------- Invoking toplevel() on ptolemy.moml.MoMLSimpleApplication@3276e088
----------------- Done invoking toplevel() on ptolemy.moml.MoMLSimpleApplication@3276e088
reloadAllAccessors: .Autocorrelation

===========================================================================================
----------------- testing Fri Jul 12 06:25:10 UTC 2019 /home/travis/build/icyphy/ptII/ptolemy/domains/sdf/lib/test/auto/Autocorrelation2.xml
----------------- Instantiating /home/travis/build/icyphy/ptII/ptolemy/domains/sdf/lib/test/auto/Autocorrelation2.xml
10 ms. Memory: 152576K Free: 102934K (67%)
----------------- Invoking toplevel() on ptolemy.moml.MoMLSimpleApplication@342133e2
----------------- Done invoking toplevel() on ptolemy.moml.MoMLSimpleApplication@342133e2
reloadAllAccessors: .Autocorrelation2

===========================================================================================
----------------- testing Fri Jul 12 06:25:10 UTC 2019 /home/travis/build/icyphy/ptII/ptolemy/domains/sdf/lib/test/auto/Autocorrelation3.xml
----------------- Instantiating /home/travis/build/icyphy/ptII/ptolemy/domains/sdf/lib/test/auto/Autocorrelation3.xml
11 ms. Memory: 152576K Free: 98838K (65%)
----------------- Invoking toplevel() on ptolemy.moml.MoMLSimpleApplication@6858e8cd
----------------- Done invoking toplevel() on ptolemy.moml.MoMLSimpleApplication@6858e8cd
reloadAllAccessors: .Autocorrelation3

===========================================================================================
----------------- testing Fri Jul 12 06:25:10 UTC 2019 /home/travis/build/icyphy/ptII/ptolemy/domains/sdf/lib/test/auto/Autocorrelation4.xml
----------------- Instantiating /home/travis/build/icyphy/ptII/ptolemy/domains/sdf/lib/test/auto/Autocorrelation4.xml
8 ms. Memory: 152576K Free: 94231K (62%)
----------------- Invoking toplevel() on ptolemy.moml.MoMLSimpleApplication@1fe3a9e4
----------------- Done invoking toplevel() on ptolemy.moml.MoMLSimpleApplication@1fe3a9e4
reloadAllAccessors: .Autocorrelation4

===========================================================================================
----------------- testing Fri Jul 12 06:25:10 UTC 2019 /home/travis/build/icyphy/ptII/ptolemy/domains/sdf/lib/test/auto/Autocorrelation5.xml
----------------- Instantiating /home/travis/build/icyphy/ptII/ptolemy/domains/sdf/lib/test/auto/Autocorrelation5.xml
73 ms. Memory: 152576K Free: 87063K (57%)
----------------- Invoking toplevel() on ptolemy.moml.MoMLSimpleApplication@2544cf10
----------------- Done invoking toplevel() on ptolemy.moml.MoMLSimpleApplication@2544cf10
reloadAllAccessors: .Autocorrelation5

===========================================================================================
----------------- testing Fri Jul 12 06:25:10 UTC 2019 /home/travis/build/icyphy/ptII/ptolemy/domains/sdf/lib/test/auto/BitsToInt.xml
----------------- Instantiating /home/travis/build/icyphy/ptII/ptolemy/domains/sdf/lib/test/auto/BitsToInt.xml
8 ms. Memory: 152576K Free: 83473K (55%)
----------------- Invoking toplevel() on ptolemy.moml.MoMLSimpleApplication@43662ffd
----------------- Done invoking toplevel() on ptolemy.moml.MoMLSimpleApplication@43662ffd
reloadAllAccessors: .BitsToInt

===========================================================================================
----------------- testing Fri Jul 12 06:25:10 UTC 2019 /home/travis/build/icyphy/ptII/ptolemy/domains/sdf/lib/test/auto/BooleanJoin.xml
----------------- Instantiating /home/travis/build/icyphy/ptII/ptolemy/domains/sdf/lib/test/auto/BooleanJoin.xml
12 ms. Memory: 152576K Free: 79371K (52%)
----------------- Invoking toplevel() on ptolemy.moml.MoMLSimpleApplication@2b4fa29f
----------------- Done invoking toplevel() on ptolemy.moml.MoMLSimpleApplication@2b4fa29f
reloadAllAccessors: .BooleanJoin

===========================================================================================
----------------- testing Fri Jul 12 06:25:10 UTC 2019 /home/travis/build/icyphy/ptII/ptolemy/domains/sdf/lib/test/auto/BootstrapSampleDelay.xml
----------------- Instantiating /home/travis/build/icyphy/ptII/ptolemy/domains/sdf/lib/test/auto/BootstrapSampleDelay.xml
25 ms. Memory: 152576K Free: 75300K (49%)
----------------- Invoking toplevel() on ptolemy.moml.MoMLSimpleApplication@57747395
----------------- Done invoking toplevel() on ptolemy.moml.MoMLSimpleApplication@57747395
reloadAllAccessors: .BootstrapSampleDelay

===========================================================================================
----------------- testing Fri Jul 12 06:25:10 UTC 2019 /home/travis/build/icyphy/ptII/ptolemy/domains/sdf/lib/test/auto/Chop.xml
----------------- Instantiating /home/travis/build/icyphy/ptII/ptolemy/domains/sdf/lib/test/auto/Chop.xml
21 ms. Memory: 152576K Free: 68113K (45%)
----------------- Invoking toplevel() on ptolemy.moml.MoMLSimpleApplication@4d5010d0
----------------- Done invoking toplevel() on ptolemy.moml.MoMLSimpleApplication@4d5010d0
reloadAllAccessors: .Chop

===========================================================================================
----------------- testing Fri Jul 12 06:25:10 UTC 2019 /home/travis/build/icyphy/ptII/ptolemy/domains/sdf/lib/test/auto/Chop2.xml
----------------- Instantiating /home/travis/build/icyphy/ptII/ptolemy/domains/sdf/lib/test/auto/Chop2.xml
16 ms. Memory: 152576K Free: 135799K (89%)
----------------- Invoking toplevel() on ptolemy.moml.MoMLSimpleApplication@7f9c578
----------------- Done invoking toplevel() on ptolemy.moml.MoMLSimpleApplication@7f9c578
reloadAllAccessors: .Chop2

===========================================================================================
----------------- testing Fri Jul 12 06:25:10 UTC 2019 /home/travis/build/icyphy/ptII/ptolemy/domains/sdf/lib/test/auto/ComplexJoin.xml
----------------- Instantiating /home/travis/build/icyphy/ptII/ptolemy/domains/sdf/lib/test/auto/ComplexJoin.xml
13 ms. Memory: 152576K Free: 131189K (86%)
----------------- Invoking toplevel() on ptolemy.moml.MoMLSimpleApplication@4694e37c
----------------- Done invoking toplevel() on ptolemy.moml.MoMLSimpleApplication@4694e37c
reloadAllAccessors: .ComplexJoin

===========================================================================================
----------------- testing Fri Jul 12 06:25:10 UTC 2019 /home/travis/build/icyphy/ptII/ptolemy/domains/sdf/lib/test/auto/CountTrues.xml
----------------- Instantiating /home/travis/build/icyphy/ptII/ptolemy/domains/sdf/lib/test/auto/CountTrues.xml
5 ms. Memory: 152576K Free: 128117K (84%)
----------------- Invoking toplevel() on ptolemy.moml.MoMLSimpleApplication@402f3a9d
----------------- Done invoking toplevel() on ptolemy.moml.MoMLSimpleApplication@402f3a9d
reloadAllAccessors: .CountTrues

===========================================================================================
----------------- testing Fri Jul 12 06:25:11 UTC 2019 /home/travis/build/icyphy/ptII/ptolemy/domains/sdf/lib/test/auto/DelayLine.xml
----------------- Instantiating /home/travis/build/icyphy/ptII/ptolemy/domains/sdf/lib/test/auto/DelayLine.xml
7 ms. Memory: 152576K Free: 122487K (80%)
----------------- Invoking toplevel() on ptolemy.moml.MoMLSimpleApplication@7ad1384f
----------------- Done invoking toplevel() on ptolemy.moml.MoMLSimpleApplication@7ad1384f
reloadAllAccessors: .DelayLine

===========================================================================================
----------------- testing Fri Jul 12 06:25:11 UTC 2019 /home/travis/build/icyphy/ptII/ptolemy/domains/sdf/lib/test/auto/DotProduct.xml
----------------- Instantiating /home/travis/build/icyphy/ptII/ptolemy/domains/sdf/lib/test/auto/DotProduct.xml
4 ms. Memory: 152576K Free: 119415K (78%)
----------------- Invoking toplevel() on ptolemy.moml.MoMLSimpleApplication@3d165d02
----------------- Done invoking toplevel() on ptolemy.moml.MoMLSimpleApplication@3d165d02
reloadAllAccessors: .DotProduct

===========================================================================================
----------------- testing Fri Jul 12 06:25:11 UTC 2019 /home/travis/build/icyphy/ptII/ptolemy/domains/sdf/lib/test/auto/DotProductMatrix.xml
----------------- Instantiating /home/travis/build/icyphy/ptII/ptolemy/domains/sdf/lib/test/auto/DotProductMatrix.xml
9 ms. Memory: 152576K Free: 116343K (76%)
----------------- Invoking toplevel() on ptolemy.moml.MoMLSimpleApplication@130c0622
----------------- Done invoking toplevel() on ptolemy.moml.MoMLSimpleApplication@130c0622
reloadAllAccessors: .DotProductMatrix

===========================================================================================
----------------- testing Fri Jul 12 06:25:11 UTC 2019 /home/travis/build/icyphy/ptII/ptolemy/domains/sdf/lib/test/auto/DownSample1.xml
----------------- Instantiating /home/travis/build/icyphy/ptII/ptolemy/domains/sdf/lib/test/auto/DownSample1.xml
7 ms. Memory: 152576K Free: 113271K (74%)
----------------- Invoking toplevel() on ptolemy.moml.MoMLSimpleApplication@3f46141b
----------------- Done invoking toplevel() on ptolemy.moml.MoMLSimpleApplication@3f46141b
reloadAllAccessors: .DownSample1

===========================================================================================
----------------- testing Fri Jul 12 06:25:11 UTC 2019 /home/travis/build/icyphy/ptII/ptolemy/domains/sdf/lib/test/auto/DynamicRateChange.xml
----------------- Instantiating /home/travis/build/icyphy/ptII/ptolemy/domains/sdf/lib/test/auto/DynamicRateChange.xml
26 ms. Memory: 152576K Free: 107127K (70%)
----------------- Invoking toplevel() on ptolemy.moml.MoMLSimpleApplication@f99ed8
----------------- Done invoking toplevel() on ptolemy.moml.MoMLSimpleApplication@f99ed8
reloadAllAccessors: .DynamicRateChange

===========================================================================================
----------------- testing Fri Jul 12 06:25:11 UTC 2019 /home/travis/build/icyphy/ptII/ptolemy/domains/sdf/lib/test/auto/DynamicRates.xml
----------------- Instantiating /home/travis/build/icyphy/ptII/ptolemy/domains/sdf/lib/test/auto/DynamicRates.xml
14 ms. Memory: 152576K Free: 102517K (67%)
----------------- Invoking toplevel() on ptolemy.moml.MoMLSimpleApplication@78119b06
----------------- Done invoking toplevel() on ptolemy.moml.MoMLSimpleApplication@78119b06
reloadAllAccessors: .DynamicRates

===========================================================================================
----------------- testing Fri Jul 12 06:25:11 UTC 2019 /home/travis/build/icyphy/ptII/ptolemy/domains/sdf/lib/test/auto/FFT1.xml
----------------- Instantiating /home/travis/build/icyphy/ptII/ptolemy/domains/sdf/lib/test/auto/FFT1.xml
8 ms. Memory: 152576K Free: 97911K (64%)
----------------- Invoking toplevel() on ptolemy.moml.MoMLSimpleApplication@8c4be32
----------------- Done invoking toplevel() on ptolemy.moml.MoMLSimpleApplication@8c4be32
reloadAllAccessors: .FFT1

===========================================================================================
----------------- testing Fri Jul 12 06:25:11 UTC 2019 /home/travis/build/icyphy/ptII/ptolemy/domains/sdf/lib/test/auto/FIR1.xml
----------------- Instantiating /home/travis/build/icyphy/ptII/ptolemy/domains/sdf/lib/test/auto/FIR1.xml
19 ms. Memory: 152576K Free: 91253K (60%)
----------------- Invoking toplevel() on ptolemy.moml.MoMLSimpleApplication@4f311e81
----------------- Done invoking toplevel() on ptolemy.moml.MoMLSimpleApplication@4f311e81
reloadAllAccessors: .FIR1

===========================================================================================
----------------- testing Fri Jul 12 06:25:11 UTC 2019 /home/travis/build/icyphy/ptII/ptolemy/domains/sdf/lib/test/auto/FIR2.xml
----------------- Instantiating /home/travis/build/icyphy/ptII/ptolemy/domains/sdf/lib/test/auto/FIR2.xml
7 ms. Memory: 152576K Free: 88181K (58%)
----------------- Invoking toplevel() on ptolemy.moml.MoMLSimpleApplication@44a5ad82
----------------- Done invoking toplevel() on ptolemy.moml.MoMLSimpleApplication@44a5ad82
reloadAllAccessors: .FIR2

===========================================================================================
----------------- testing Fri Jul 12 06:25:11 UTC 2019 /home/travis/build/icyphy/ptII/ptolemy/domains/sdf/lib/test/auto/FIR4.xml
----------------- Instantiating /home/travis/build/icyphy/ptII/ptolemy/domains/sdf/lib/test/auto/FIR4.xml
7 ms. Memory: 152576K Free: 80503K (53%)
----------------- Invoking toplevel() on ptolemy.moml.MoMLSimpleApplication@1f7a6015
----------------- Done invoking toplevel() on ptolemy.moml.MoMLSimpleApplication@1f7a6015
reloadAllAccessors: .FIR4

===========================================================================================
----------------- testing Fri Jul 12 06:25:11 UTC 2019 /home/travis/build/icyphy/ptII/ptolemy/domains/sdf/lib/test/auto/FixJoin.xml
----------------- Instantiating /home/travis/build/icyphy/ptII/ptolemy/domains/sdf/lib/test/auto/FixJoin.xml
9 ms. Memory: 152576K Free: 75893K (50%)
----------------- Invoking toplevel() on ptolemy.moml.MoMLSimpleApplication@d89482e
----------------- Done invoking toplevel() on ptolemy.moml.MoMLSimpleApplication@d89482e
reloadAllAccessors: .FixJoin

===========================================================================================
----------------- testing Fri Jul 12 06:25:11 UTC 2019 /home/travis/build/icyphy/ptII/ptolemy/domains/sdf/lib/test/auto/IntJoin1.xml
----------------- Instantiating /home/travis/build/icyphy/ptII/ptolemy/domains/sdf/lib/test/auto/IntJoin1.xml
5 ms. Memory: 152576K Free: 71287K (47%)
----------------- Invoking toplevel() on ptolemy.moml.MoMLSimpleApplication@2da58cc6
----------------- Done invoking toplevel() on ptolemy.moml.MoMLSimpleApplication@2da58cc6
reloadAllAccessors: .IntJoin1

===========================================================================================
----------------- testing Fri Jul 12 06:25:11 UTC 2019 /home/travis/build/icyphy/ptII/ptolemy/domains/sdf/lib/test/auto/IntJoin2.xml
----------------- Instantiating /home/travis/build/icyphy/ptII/ptolemy/domains/sdf/lib/test/auto/IntJoin2.xml
4 ms. Memory: 152576K Free: 67191K (44%)
----------------- Invoking toplevel() on ptolemy.moml.MoMLSimpleApplication@2d23e280
----------------- Done invoking toplevel() on ptolemy.moml.MoMLSimpleApplication@2d23e280
reloadAllAccessors: .IntJoin2

===========================================================================================
----------------- testing Fri Jul 12 06:25:11 UTC 2019 /home/travis/build/icyphy/ptII/ptolemy/domains/sdf/lib/test/auto/IntJoin3.xml
----------------- Instantiating /home/travis/build/icyphy/ptII/ptolemy/domains/sdf/lib/test/auto/IntJoin3.xml
10 ms. Memory: 152576K Free: 62581K (41%)
----------------- Invoking toplevel() on ptolemy.moml.MoMLSimpleApplication@684e04ea
----------------- Done invoking toplevel() on ptolemy.moml.MoMLSimpleApplication@684e04ea
reloadAllAccessors: .IntJoin3

===========================================================================================
----------------- testing Fri Jul 12 06:25:11 UTC 2019 /home/travis/build/icyphy/ptII/ptolemy/domains/sdf/lib/test/auto/IntJoin4.xml
----------------- Instantiating /home/travis/build/icyphy/ptII/ptolemy/domains/sdf/lib/test/auto/IntJoin4.xml
7 ms. Memory: 152576K Free: 58485K (38%)
----------------- Invoking toplevel() on ptolemy.moml.MoMLSimpleApplication@54e42b84
----------------- Done invoking toplevel() on ptolemy.moml.MoMLSimpleApplication@54e42b84
reloadAllAccessors: .IntJoin4

===========================================================================================
----------------- testing Fri Jul 12 06:25:11 UTC 2019 /home/travis/build/icyphy/ptII/ptolemy/domains/sdf/lib/test/auto/IntJoin5.xml
----------------- Instantiating /home/travis/build/icyphy/ptII/ptolemy/domains/sdf/lib/test/auto/IntJoin5.xml
11 ms. Memory: 152576K Free: 54389K (36%)
----------------- Invoking toplevel() on ptolemy.moml.MoMLSimpleApplication@5847f6da
----------------- Done invoking toplevel() on ptolemy.moml.MoMLSimpleApplication@5847f6da
reloadAllAccessors: .IntJoin5

===========================================================================================
----------------- testing Fri Jul 12 06:25:11 UTC 2019 /home/travis/build/icyphy/ptII/ptolemy/domains/sdf/lib/test/auto/IntToBits.xml
----------------- Instantiating /home/travis/build/icyphy/ptII/ptolemy/domains/sdf/lib/test/auto/IntToBits.xml
3 ms. Memory: 152576K Free: 136929K (90%)
----------------- Invoking toplevel() on ptolemy.moml.MoMLSimpleApplication@576a7e4b
----------------- Done invoking toplevel() on ptolemy.moml.MoMLSimpleApplication@576a7e4b
reloadAllAccessors: .IntToBits

===========================================================================================
----------------- testing Fri Jul 12 06:25:11 UTC 2019 /home/travis/build/icyphy/ptII/ptolemy/domains/sdf/lib/test/auto/LMSAdaptive.xml
----------------- Instantiating /home/travis/build/icyphy/ptII/ptolemy/domains/sdf/lib/test/auto/LMSAdaptive.xml
19 ms. Memory: 152576K Free: 128001K (84%)
----------------- Invoking toplevel() on ptolemy.moml.MoMLSimpleApplication@617f8093
----------------- Done invoking toplevel() on ptolemy.moml.MoMLSimpleApplication@617f8093
reloadAllAccessors: .LMSAdaptive

===========================================================================================
----------------- testing Fri Jul 12 06:25:11 UTC 2019 /home/travis/build/icyphy/ptII/ptolemy/domains/sdf/lib/test/auto/LMSAdaptiveFIR.xml
----------------- Instantiating /home/travis/build/icyphy/ptII/ptolemy/domains/sdf/lib/test/auto/LMSAdaptiveFIR.xml
410 ms. Memory: 152576K Free: 93713K (61%)
----------------- Invoking toplevel() on ptolemy.moml.MoMLSimpleApplication@6cd2d9cd
----------------- Done invoking toplevel() on ptolemy.moml.MoMLSimpleApplication@6cd2d9cd
reloadAllAccessors: .LMSAdaptiveFIR

===========================================================================================
----------------- testing Fri Jul 12 06:25:12 UTC 2019 /home/travis/build/icyphy/ptII/ptolemy/domains/sdf/lib/test/auto/LMSAdaptiveFIR2.xml
----------------- Instantiating /home/travis/build/icyphy/ptII/ptolemy/domains/sdf/lib/test/auto/LMSAdaptiveFIR2.xml
498 ms. Memory: 183296K Free: 151032K (82%)
----------------- Invoking toplevel() on ptolemy.moml.MoMLSimpleApplication@7cee44f5
----------------- Done invoking toplevel() on ptolemy.moml.MoMLSimpleApplication@7cee44f5
reloadAllAccessors: .LMSAdaptiveFIR2

===========================================================================================
----------------- testing Fri Jul 12 06:25:13 UTC 2019 /home/travis/build/icyphy/ptII/ptolemy/domains/sdf/lib/test/auto/LongJoin.xml
----------------- Instantiating /home/travis/build/icyphy/ptII/ptolemy/domains/sdf/lib/test/auto/LongJoin.xml
6 ms. Memory: 183296K Free: 145912K (80%)
----------------- Invoking toplevel() on ptolemy.moml.MoMLSimpleApplication@64cb7c51
----------------- Done invoking toplevel() on ptolemy.moml.MoMLSimpleApplication@64cb7c51
reloadAllAccessors: .LongJoin

===========================================================================================
----------------- testing Fri Jul 12 06:25:13 UTC 2019 /home/travis/build/icyphy/ptII/ptolemy/domains/sdf/lib/test/auto/Matrix1.xml
----------------- Instantiating /home/travis/build/icyphy/ptII/ptolemy/domains/sdf/lib/test/auto/Matrix1.xml
4 ms. Memory: 183296K Free: 142326K (78%)
----------------- Invoking toplevel() on ptolemy.moml.MoMLSimpleApplication@63e7b738
----------------- Done invoking toplevel() on ptolemy.moml.MoMLSimpleApplication@63e7b738
reloadAllAccessors: .Matrix1

===========================================================================================
----------------- testing Fri Jul 12 06:25:13 UTC 2019 /home/travis/build/icyphy/ptII/ptolemy/domains/sdf/lib/test/auto/Matrix2.xml
----------------- Instantiating /home/travis/build/icyphy/ptII/ptolemy/domains/sdf/lib/test/auto/Matrix2.xml
7 ms. Memory: 183296K Free: 138230K (75%)
----------------- Invoking toplevel() on ptolemy.moml.MoMLSimpleApplication@518fc38
----------------- Done invoking toplevel() on ptolemy.moml.MoMLSimpleApplication@518fc38
reloadAllAccessors: .Matrix2

===========================================================================================
----------------- testing Fri Jul 12 06:25:13 UTC 2019 /home/travis/build/icyphy/ptII/ptolemy/domains/sdf/lib/test/auto/MatrixJoin1.xml
----------------- Instantiating /home/travis/build/icyphy/ptII/ptolemy/domains/sdf/lib/test/auto/MatrixJoin1.xml
4 ms. Memory: 183296K Free: 134134K (73%)
----------------- Invoking toplevel() on ptolemy.moml.MoMLSimpleApplication@202ab3bd
----------------- Done invoking toplevel() on ptolemy.moml.MoMLSimpleApplication@202ab3bd
reloadAllAccessors: .MatrixJoin1

===========================================================================================
----------------- testing Fri Jul 12 06:25:13 UTC 2019 /home/travis/build/icyphy/ptII/ptolemy/domains/sdf/lib/test/auto/MatrixJoin2.xml
----------------- Instantiating /home/travis/build/icyphy/ptII/ptolemy/domains/sdf/lib/test/auto/MatrixJoin2.xml
4 ms. Memory: 183296K Free: 129528K (71%)
----------------- Invoking toplevel() on ptolemy.moml.MoMLSimpleApplication@425ee2d6
----------------- Done invoking toplevel() on ptolemy.moml.MoMLSimpleApplication@425ee2d6
reloadAllAccessors: .MatrixJoin2

===========================================================================================
----------------- testing Fri Jul 12 06:25:13 UTC 2019 /home/travis/build/icyphy/ptII/ptolemy/domains/sdf/lib/test/auto/MatrixJoin3.xml
----------------- Instantiating /home/travis/build/icyphy/ptII/ptolemy/domains/sdf/lib/test/auto/MatrixJoin3.xml
9 ms. Memory: 183296K Free: 125432K (68%)
----------------- Invoking toplevel() on ptolemy.moml.MoMLSimpleApplication@45cc1f86
----------------- Done invoking toplevel() on ptolemy.moml.MoMLSimpleApplication@45cc1f86
reloadAllAccessors: .MatrixJoin3

===========================================================================================
----------------- testing Fri Jul 12 06:25:13 UTC 2019 /home/travis/build/icyphy/ptII/ptolemy/domains/sdf/lib/test/auto/MatrixJoin4.xml
----------------- Instantiating /home/travis/build/icyphy/ptII/ptolemy/domains/sdf/lib/test/auto/MatrixJoin4.xml
2 ms. Memory: 183296K Free: 120822K (66%)
----------------- Invoking toplevel() on ptolemy.moml.MoMLSimpleApplication@1088ded8
----------------- Done invoking toplevel() on ptolemy.moml.MoMLSimpleApplication@1088ded8
reloadAllAccessors: .MatrixJoin4

===========================================================================================
----------------- testing Fri Jul 12 06:25:13 UTC 2019 /home/travis/build/icyphy/ptII/ptolemy/domains/sdf/lib/test/auto/MatrixJoin5.xml
----------------- Instantiating /home/travis/build/icyphy/ptII/ptolemy/domains/sdf/lib/test/auto/MatrixJoin5.xml
2 ms. Memory: 183296K Free: 116726K (64%)
----------------- Invoking toplevel() on ptolemy.moml.MoMLSimpleApplication@72219f2b
----------------- Done invoking toplevel() on ptolemy.moml.MoMLSimpleApplication@72219f2b
reloadAllAccessors: .MatrixJoin5

===========================================================================================
----------------- testing Fri Jul 12 06:25:13 UTC 2019 /home/travis/build/icyphy/ptII/ptolemy/domains/sdf/lib/test/auto/MatrixSplit1.xml
----------------- Instantiating /home/travis/build/icyphy/ptII/ptolemy/domains/sdf/lib/test/auto/MatrixSplit1.xml
3 ms. Memory: 183296K Free: 111606K (61%)
----------------- Invoking toplevel() on ptolemy.moml.MoMLSimpleApplication@13b7bf9e
----------------- Done invoking toplevel() on ptolemy.moml.MoMLSimpleApplication@13b7bf9e
reloadAllAccessors: .MatrixSplit1

===========================================================================================
----------------- testing Fri Jul 12 06:25:13 UTC 2019 /home/travis/build/icyphy/ptII/ptolemy/domains/sdf/lib/test/auto/MatrixSplit10.xml
----------------- Instantiating /home/travis/build/icyphy/ptII/ptolemy/domains/sdf/lib/test/auto/MatrixSplit10.xml
4 ms. Memory: 183296K Free: 108534K (59%)
----------------- Invoking toplevel() on ptolemy.moml.MoMLSimpleApplication@17806839
----------------- Done invoking toplevel() on ptolemy.moml.MoMLSimpleApplication@17806839
reloadAllAccessors: .MatrixSplit10

===========================================================================================
----------------- testing Fri Jul 12 06:25:13 UTC 2019 /home/travis/build/icyphy/ptII/ptolemy/domains/sdf/lib/test/auto/MatrixSplit11.xml
----------------- Instantiating /home/travis/build/icyphy/ptII/ptolemy/domains/sdf/lib/test/auto/MatrixSplit11.xml
2 ms. Memory: 183296K Free: 104952K (57%)
----------------- Invoking toplevel() on ptolemy.moml.MoMLSimpleApplication@4af10bd3
----------------- Done invoking toplevel() on ptolemy.moml.MoMLSimpleApplication@4af10bd3
reloadAllAccessors: .MatrixSplit11

===========================================================================================
----------------- testing Fri Jul 12 06:25:13 UTC 2019 /home/travis/build/icyphy/ptII/ptolemy/domains/sdf/lib/test/auto/MatrixSplit12.xml
----------------- Instantiating /home/travis/build/icyphy/ptII/ptolemy/domains/sdf/lib/test/auto/MatrixSplit12.xml
3 ms. Memory: 183296K Free: 101880K (56%)
----------------- Invoking toplevel() on ptolemy.moml.MoMLSimpleApplication@38bd0c58
----------------- Done invoking toplevel() on ptolemy.moml.MoMLSimpleApplication@38bd0c58
reloadAllAccessors: .MatrixSplit12

===========================================================================================
----------------- testing Fri Jul 12 06:25:13 UTC 2019 /home/travis/build/icyphy/ptII/ptolemy/domains/sdf/lib/test/auto/MatrixSplit13.xml
----------------- Instantiating /home/travis/build/icyphy/ptII/ptolemy/domains/sdf/lib/test/auto/MatrixSplit13.xml
8 ms. Memory: 183296K Free: 97784K (53%)
----------------- Invoking toplevel() on ptolemy.moml.MoMLSimpleApplication@7a07fab
----------------- Done invoking toplevel() on ptolemy.moml.MoMLSimpleApplication@7a07fab
reloadAllAccessors: .MatrixSplit13

===========================================================================================
----------------- testing Fri Jul 12 06:25:13 UTC 2019 /home/travis/build/icyphy/ptII/ptolemy/domains/sdf/lib/test/auto/MatrixSplit14.xml
----------------- Instantiating /home/travis/build/icyphy/ptII/ptolemy/domains/sdf/lib/test/auto/MatrixSplit14.xml
2 ms. Memory: 183296K Free: 94198K (51%)
----------------- Invoking toplevel() on ptolemy.moml.MoMLSimpleApplication@1d0428c0
----------------- Done invoking toplevel() on ptolemy.moml.MoMLSimpleApplication@1d0428c0
reloadAllAccessors: .MatrixSplit14

===========================================================================================
----------------- testing Fri Jul 12 06:25:13 UTC 2019 /home/travis/build/icyphy/ptII/ptolemy/domains/sdf/lib/test/auto/MatrixSplit2.xml
----------------- Instantiating /home/travis/build/icyphy/ptII/ptolemy/domains/sdf/lib/test/auto/MatrixSplit2.xml
2 ms. Memory: 183296K Free: 91126K (50%)
----------------- Invoking toplevel() on ptolemy.moml.MoMLSimpleApplication@6ef36fd7
----------------- Done invoking toplevel() on ptolemy.moml.MoMLSimpleApplication@6ef36fd7
reloadAllAccessors: .MatrixSplit2

===========================================================================================
----------------- testing Fri Jul 12 06:25:13 UTC 2019 /home/travis/build/icyphy/ptII/ptolemy/domains/sdf/lib/test/auto/MatrixSplit3.xml
----------------- Instantiating /home/travis/build/icyphy/ptII/ptolemy/domains/sdf/lib/test/auto/MatrixSplit3.xml
2 ms. Memory: 183296K Free: 87544K (48%)
----------------- Invoking toplevel() on ptolemy.moml.MoMLSimpleApplication@2e0e98e6
----------------- Done invoking toplevel() on ptolemy.moml.MoMLSimpleApplication@2e0e98e6
reloadAllAccessors: .MatrixSplit3

===========================================================================================
----------------- testing Fri Jul 12 06:25:13 UTC 2019 /home/travis/build/icyphy/ptII/ptolemy/domains/sdf/lib/test/auto/MatrixSplit4.xml
----------------- Instantiating /home/travis/build/icyphy/ptII/ptolemy/domains/sdf/lib/test/auto/MatrixSplit4.xml
5 ms. Memory: 183296K Free: 84472K (46%)
----------------- Invoking toplevel() on ptolemy.moml.MoMLSimpleApplication@22d145ce
----------------- Done invoking toplevel() on ptolemy.moml.MoMLSimpleApplication@22d145ce
reloadAllAccessors: .MatrixSplit4

===========================================================================================
----------------- testing Fri Jul 12 06:25:13 UTC 2019 /home/travis/build/icyphy/ptII/ptolemy/domains/sdf/lib/test/auto/MatrixSplit5.xml
----------------- Instantiating /home/travis/build/icyphy/ptII/ptolemy/domains/sdf/lib/test/auto/MatrixSplit5.xml
11 ms. Memory: 183296K Free: 80853K (44%)
----------------- Invoking toplevel() on ptolemy.moml.MoMLSimpleApplication@6cd2f1b
----------------- Done invoking toplevel() on ptolemy.moml.MoMLSimpleApplication@6cd2f1b
reloadAllAccessors: .MatrixSplit5

===========================================================================================
----------------- testing Fri Jul 12 06:25:13 UTC 2019 /home/travis/build/icyphy/ptII/ptolemy/domains/sdf/lib/test/auto/MatrixSplit6.xml
----------------- Instantiating /home/travis/build/icyphy/ptII/ptolemy/domains/sdf/lib/test/auto/MatrixSplit6.xml
3 ms. Memory: 183296K Free: 77814K (42%)
----------------- Invoking toplevel() on ptolemy.moml.MoMLSimpleApplication@1112c1cf
----------------- Done invoking toplevel() on ptolemy.moml.MoMLSimpleApplication@1112c1cf
reloadAllAccessors: .MatrixSplit6

===========================================================================================
----------------- testing Fri Jul 12 06:25:13 UTC 2019 /home/travis/build/icyphy/ptII/ptolemy/domains/sdf/lib/test/auto/MatrixSplit7.xml
----------------- Instantiating /home/travis/build/icyphy/ptII/ptolemy/domains/sdf/lib/test/auto/MatrixSplit7.xml
3 ms. Memory: 183296K Free: 74232K (40%)
----------------- Invoking toplevel() on ptolemy.moml.MoMLSimpleApplication@6bb6266d
----------------- Done invoking toplevel() on ptolemy.moml.MoMLSimpleApplication@6bb6266d
reloadAllAccessors: .MatrixSplit7

===========================================================================================
----------------- testing Fri Jul 12 06:25:13 UTC 2019 /home/travis/build/icyphy/ptII/ptolemy/domains/sdf/lib/test/auto/MatrixSplit8.xml
----------------- Instantiating /home/travis/build/icyphy/ptII/ptolemy/domains/sdf/lib/test/auto/MatrixSplit8.xml
3 ms. Memory: 183296K Free: 71160K (39%)
----------------- Invoking toplevel() on ptolemy.moml.MoMLSimpleApplication@56aa30a5
----------------- Done invoking toplevel() on ptolemy.moml.MoMLSimpleApplication@56aa30a5
reloadAllAccessors: .MatrixSplit8

===========================================================================================
----------------- testing Fri Jul 12 06:25:13 UTC 2019 /home/travis/build/icyphy/ptII/ptolemy/domains/sdf/lib/test/auto/MatrixSplit9.xml
----------------- Instantiating /home/travis/build/icyphy/ptII/ptolemy/domains/sdf/lib/test/auto/MatrixSplit9.xml
2 ms. Memory: 183296K Free: 67064K (37%)
----------------- Invoking toplevel() on ptolemy.moml.MoMLSimpleApplication@12a88f9b
----------------- Done invoking toplevel() on ptolemy.moml.MoMLSimpleApplication@12a88f9b
reloadAllAccessors: .MatrixSplit9

===========================================================================================
----------------- testing Fri Jul 12 06:25:13 UTC 2019 /home/travis/build/icyphy/ptII/ptolemy/domains/sdf/lib/test/auto/MatrixToSequence.xml
----------------- Instantiating /home/travis/build/icyphy/ptII/ptolemy/domains/sdf/lib/test/auto/MatrixToSequence.xml
13 ms. Memory: 183296K Free: 162243K (89%)
----------------- Invoking toplevel() on ptolemy.moml.MoMLSimpleApplication@29154f12
----------------- Done invoking toplevel() on ptolemy.moml.MoMLSimpleApplication@29154f12
reloadAllAccessors: .MatrixToSequence

===========================================================================================
----------------- testing Fri Jul 12 06:25:13 UTC 2019 /home/travis/build/icyphy/ptII/ptolemy/domains/sdf/lib/test/auto/MaximumEntropySpectrum.xml
----------------- Instantiating /home/travis/build/icyphy/ptII/ptolemy/domains/sdf/lib/test/auto/MaximumEntropySpectrum.xml
20 ms. Memory: 183296K Free: 141253K (77%)
----------------- Invoking toplevel() on ptolemy.moml.MoMLSimpleApplication@77ac0f7a
----------------- Done invoking toplevel() on ptolemy.moml.MoMLSimpleApplication@77ac0f7a
reloadAllAccessors: .MaximumEntropySpectrum

===========================================================================================
----------------- testing Fri Jul 12 06:25:14 UTC 2019 /home/travis/build/icyphy/ptII/ptolemy/domains/sdf/lib/test/auto/SampleDelayConversion.xml
----------------- Instantiating /home/travis/build/icyphy/ptII/ptolemy/domains/sdf/lib/test/auto/SampleDelayConversion.xml
4 ms. Memory: 183296K Free: 137157K (75%)
----------------- Invoking toplevel() on ptolemy.moml.MoMLSimpleApplication@383eef61
----------------- Done invoking toplevel() on ptolemy.moml.MoMLSimpleApplication@383eef61
reloadAllAccessors: .SampleDelayConversion

===========================================================================================
----------------- testing Fri Jul 12 06:25:14 UTC 2019 /home/travis/build/icyphy/ptII/ptolemy/domains/sdf/lib/test/auto/SequenceToArray.xml
----------------- Instantiating /home/travis/build/icyphy/ptII/ptolemy/domains/sdf/lib/test/auto/SequenceToArray.xml
14 ms. Memory: 183296K Free: 126389K (69%)
----------------- Invoking toplevel() on ptolemy.moml.MoMLSimpleApplication@7081488a
----------------- Done invoking toplevel() on ptolemy.moml.MoMLSimpleApplication@7081488a
reloadAllAccessors: .SequenceToArray

===========================================================================================
----------------- testing Fri Jul 12 06:25:14 UTC 2019 /home/travis/build/icyphy/ptII/ptolemy/domains/sdf/lib/test/auto/SequenceToMatrix.xml
----------------- Instantiating /home/travis/build/icyphy/ptII/ptolemy/domains/sdf/lib/test/auto/SequenceToMatrix.xml
4142 ms. Memory: 183296K Free: 96791K (53%)
----------------- Invoking toplevel() on ptolemy.moml.MoMLSimpleApplication@2731a2f4
----------------- Done invoking toplevel() on ptolemy.moml.MoMLSimpleApplication@2731a2f4
reloadAllAccessors: .SequenceToMatrix

===========================================================================================
----------------- testing Fri Jul 12 06:25:18 UTC 2019 /home/travis/build/icyphy/ptII/ptolemy/domains/sdf/lib/test/auto/SmoothedPeriodogram.xml
----------------- Instantiating /home/travis/build/icyphy/ptII/ptolemy/domains/sdf/lib/test/auto/SmoothedPeriodogram.xml
14 ms. Memory: 183296K Free: 81431K (44%)
----------------- Invoking toplevel() on ptolemy.moml.MoMLSimpleApplication@73b1fa7a
----------------- Done invoking toplevel() on ptolemy.moml.MoMLSimpleApplication@73b1fa7a
reloadAllAccessors: .SmoothedPeriodogram

===========================================================================================
----------------- testing Fri Jul 12 06:25:18 UTC 2019 /home/travis/build/icyphy/ptII/ptolemy/domains/sdf/lib/test/auto/UpDownSample1.xml
----------------- Instantiating /home/travis/build/icyphy/ptII/ptolemy/domains/sdf/lib/test/auto/UpDownSample1.xml
2 ms. Memory: 183296K Free: 77335K (42%)
----------------- Invoking toplevel() on ptolemy.moml.MoMLSimpleApplication@f245e78
----------------- Done invoking toplevel() on ptolemy.moml.MoMLSimpleApplication@f245e78
reloadAllAccessors: .UpDownSample1

===========================================================================================
----------------- testing Fri Jul 12 06:25:18 UTC 2019 /home/travis/build/icyphy/ptII/ptolemy/domains/sdf/lib/test/auto/UpSample1.xml
----------------- Instantiating /home/travis/build/icyphy/ptII/ptolemy/domains/sdf/lib/test/auto/UpSample1.xml
4 ms. Memory: 183296K Free: 73753K (40%)
----------------- Invoking toplevel() on ptolemy.moml.MoMLSimpleApplication@2cd9204e
----------------- Done invoking toplevel() on ptolemy.moml.MoMLSimpleApplication@2cd9204e
reloadAllAccessors: .UpSample1

===========================================================================================
----------------- testing Fri Jul 12 06:25:18 UTC 2019 /home/travis/build/icyphy/ptII/ptolemy/domains/sdf/lib/test/auto/VariableFIR.xml
----------------- Instantiating /home/travis/build/icyphy/ptII/ptolemy/domains/sdf/lib/test/auto/VariableFIR.xml
4 ms. Memory: 183296K Free: 68633K (37%)
----------------- Invoking toplevel() on ptolemy.moml.MoMLSimpleApplication@408d8a5b
----------------- Done invoking toplevel() on ptolemy.moml.MoMLSimpleApplication@408d8a5b
reloadAllAccessors: .VariableFIR

===========================================================================================
----------------- testing Fri Jul 12 06:25:18 UTC 2019 /home/travis/build/icyphy/ptII/ptolemy/domains/sdf/lib/test/auto/VariableFIR2.xml
----------------- Instantiating /home/travis/build/icyphy/ptII/ptolemy/domains/sdf/lib/test/auto/VariableFIR2.xml
5 ms. Memory: 183296K Free: 63513K (35%)
----------------- Invoking toplevel() on ptolemy.moml.MoMLSimpleApplication@5ff1d180
----------------- Done invoking toplevel() on ptolemy.moml.MoMLSimpleApplication@5ff1d180
reloadAllAccessors: .VariableFIR2

===========================================================================================
----------------- testing Fri Jul 12 06:25:18 UTC 2019 /home/travis/build/icyphy/ptII/ptolemy/domains/sdf/lib/test/auto/VariableLattice.xml
----------------- Instantiating /home/travis/build/icyphy/ptII/ptolemy/domains/sdf/lib/test/auto/VariableLattice.xml
7 ms. Memory: 183296K Free: 161821K (88%)
----------------- Invoking toplevel() on ptolemy.moml.MoMLSimpleApplication@637abb74
----------------- Done invoking toplevel() on ptolemy.moml.MoMLSimpleApplication@637abb74
reloadAllAccessors: .VariableLattice

===========================================================================================
----------------- testing Fri Jul 12 06:25:18 UTC 2019 /home/travis/build/icyphy/ptII/ptolemy/domains/sdf/lib/test/auto/VariableLattice2.xml
----------------- Instantiating /home/travis/build/icyphy/ptII/ptolemy/domains/sdf/lib/test/auto/VariableLattice2.xml
1.0
-1.999999602036
1.9099998677481
-0.9099996420674
0.205
0.0
0.0
1.0
-0.25
-0.5
0.0
0.0
0.0
0.0
8 ms. Memory: 183296K Free: 157211K (86%)
----------------- Invoking toplevel() on ptolemy.moml.MoMLSimpleApplication@5cbc98b9
----------------- Done invoking toplevel() on ptolemy.moml.MoMLSimpleApplication@5cbc98b9
reloadAllAccessors: .VariableLattice2

===========================================================================================
----------------- testing Fri Jul 12 06:25:18 UTC 2019 /home/travis/build/icyphy/ptII/ptolemy/domains/sdf/lib/test/auto/VariableRecursiveLattice.xml
----------------- Instantiating /home/travis/build/icyphy/ptII/ptolemy/domains/sdf/lib/test/auto/VariableRecursiveLattice.xml
3 ms. Memory: 183296K Free: 152605K (83%)
----------------- Invoking toplevel() on ptolemy.moml.MoMLSimpleApplication@5d84f78
----------------- Done invoking toplevel() on ptolemy.moml.MoMLSimpleApplication@5d84f78
reloadAllAccessors: .VariableRecursiveLattice

===========================================================================================
----------------- testing Fri Jul 12 06:25:18 UTC 2019 /home/travis/build/icyphy/ptII/ptolemy/domains/sdf/lib/test/auto/VariableRecursiveLattice2.xml
----------------- Instantiating /home/travis/build/icyphy/ptII/ptolemy/domains/sdf/lib/test/auto/VariableRecursiveLattice2.xml
3 ms. Memory: 183296K Free: 149019K (81%)
----------------- Invoking toplevel() on ptolemy.moml.MoMLSimpleApplication@2bb576d7
----------------- Done invoking toplevel() on ptolemy.moml.MoMLSimpleApplication@2bb576d7
reloadAllAccessors: .VariableRecursiveLattice2
AutoTests.java: About to close Vertx.
AutoTests.java: Vertx closed.
]]></system-out>
  <system-err><![CDATA[]]></system-err>
</testsuite>
