<?xml version="1.0" encoding="UTF-8" ?>
<testsuite errors="0" failures="0" hostname="travis-job-fb17e7c9-4032-4d66-8b45-885a2dce4ce6" name="ptolemy.domains.continuous.test.junit.JUnitTclTest" skipped="0" tests="156" time="68.568" timestamp="2020-06-28T14:51:06">
  <properties>
[...]
</properties>
  <testcase classname="ptolemy.util.test.junit.TclTests" name="[0] ThereAreNoTclTests (RunTclFile)" time="0.008" />
  <testcase classname="ptolemy.util.test.junit.AutoKnownFailedTests" name="[0] ThereAreNoKnowFailedTests (RunModel)" time="0.006" />
  <testcase classname="ptolemy.util.test.junit.AutoNameArchTests" name="[0] ThereAreNoAutoArchTests (RunModel)" time="0.024" />
  <testcase classname="ptolemy.util.test.junit.AutoTests" name="[0] /home/travis/build/icyphy/ptII/ptolemy/domains/continuous/test/auto/BouncingBall.xml (RunModel)" time="2.982" />
  <testcase classname="ptolemy.util.test.junit.AutoTests" name="[1] /home/travis/build/icyphy/ptII/ptolemy/domains/continuous/test/auto/BouncingBallWithoutGR.xml (RunModel)" time="0.882" />
  <testcase classname="ptolemy.util.test.junit.AutoTests" name="[2] /home/travis/build/icyphy/ptII/ptolemy/domains/continuous/test/auto/Brownian.xml (RunModel)" time="0.175" />
  <testcase classname="ptolemy.util.test.junit.AutoTests" name="[3] /home/travis/build/icyphy/ptII/ptolemy/domains/continuous/test/auto/CarTracking.xml (RunModel)" time="4.242" />
  <testcase classname="ptolemy.util.test.junit.AutoTests" name="[4] /home/travis/build/icyphy/ptII/ptolemy/domains/continuous/test/auto/CartPendulum.xml (RunModel)" time="0.558" />
  <testcase classname="ptolemy.util.test.junit.AutoTests" name="[5] /home/travis/build/icyphy/ptII/ptolemy/domains/continuous/test/auto/CausalityInterface10.xml (RunModel)" time="0.057" />
  <testcase classname="ptolemy.util.test.junit.AutoTests" name="[6] /home/travis/build/icyphy/ptII/ptolemy/domains/continuous/test/auto/CausalityInterface11.xml (RunModel)" time="0.032" />
  <testcase classname="ptolemy.util.test.junit.AutoTests" name="[7] /home/travis/build/icyphy/ptII/ptolemy/domains/continuous/test/auto/CausalityInterface12.xml (RunModel)" time="0.032" />
  <testcase classname="ptolemy.util.test.junit.AutoTests" name="[8] /home/travis/build/icyphy/ptII/ptolemy/domains/continuous/test/auto/CausalityInterface13.xml (RunModel)" time="0.029" />
  <testcase classname="ptolemy.util.test.junit.AutoTests" name="[9] /home/travis/build/icyphy/ptII/ptolemy/domains/continuous/test/auto/CausalityInterface14.xml (RunModel)" time="0.02" />
  <testcase classname="ptolemy.util.test.junit.AutoTests" name="[10] /home/travis/build/icyphy/ptII/ptolemy/domains/continuous/test/auto/CausalityInterface4.xml (RunModel)" time="0.025" />
  <testcase classname="ptolemy.util.test.junit.AutoTests" name="[11] /home/travis/build/icyphy/ptII/ptolemy/domains/continuous/test/auto/CausalityInterface5.xml (RunModel)" time="0.046" />
  <testcase classname="ptolemy.util.test.junit.AutoTests" name="[12] /home/travis/build/icyphy/ptII/ptolemy/domains/continuous/test/auto/CausalityInterface6.xml (RunModel)" time="0.025" />
  <testcase classname="ptolemy.util.test.junit.AutoTests" name="[13] /home/travis/build/icyphy/ptII/ptolemy/domains/continuous/test/auto/CausalityInterface7.xml (RunModel)" time="0.036" />
  <testcase classname="ptolemy.util.test.junit.AutoTests" name="[14] /home/travis/build/icyphy/ptII/ptolemy/domains/continuous/test/auto/CausalityInterface8.xml (RunModel)" time="0.035" />
  <testcase classname="ptolemy.util.test.junit.AutoTests" name="[15] /home/travis/build/icyphy/ptII/ptolemy/domains/continuous/test/auto/CausalityInterface9.xml (RunModel)" time="0.043" />
  <testcase classname="ptolemy.util.test.junit.AutoTests" name="[16] /home/travis/build/icyphy/ptII/ptolemy/domains/continuous/test/auto/CausalityInterfaceFeedback1.xml (RunModel)" time="0.032" />
  <testcase classname="ptolemy.util.test.junit.AutoTests" name="[17] /home/travis/build/icyphy/ptII/ptolemy/domains/continuous/test/auto/CausalityInterfaceFeedback2.xml (RunModel)" time="0.033" />
  <testcase classname="ptolemy.util.test.junit.AutoTests" name="[18] /home/travis/build/icyphy/ptII/ptolemy/domains/continuous/test/auto/CompareWithCurrentTime.xml (RunModel)" time="0.016" />
  <testcase classname="ptolemy.util.test.junit.AutoTests" name="[19] /home/travis/build/icyphy/ptII/ptolemy/domains/continuous/test/auto/ComparedClocks.xml (RunModel)" time="0.071" />
  <testcase classname="ptolemy.util.test.junit.AutoTests" name="[20] /home/travis/build/icyphy/ptII/ptolemy/domains/continuous/test/auto/ContinuousAOCClone.xml (RunModel)" time="2.548" />
  <testcase classname="ptolemy.util.test.junit.AutoTests" name="[21] /home/travis/build/icyphy/ptII/ptolemy/domains/continuous/test/auto/ContinuousClock.xml (RunModel)" time="0.098" />
  <testcase classname="ptolemy.util.test.junit.AutoTests" name="[22] /home/travis/build/icyphy/ptII/ptolemy/domains/continuous/test/auto/ContinuousInContinuous.xml (RunModel)" time="0.088" />
  <testcase classname="ptolemy.util.test.junit.AutoTests" name="[23] /home/travis/build/icyphy/ptII/ptolemy/domains/continuous/test/auto/ContinuousInContinuousInContinuous.xml (RunModel)" time="0.019" />
  <testcase classname="ptolemy.util.test.junit.AutoTests" name="[24] /home/travis/build/icyphy/ptII/ptolemy/domains/continuous/test/auto/ContinuousInDE.xml (RunModel)" time="0.098" />
  <testcase classname="ptolemy.util.test.junit.AutoTests" name="[25] /home/travis/build/icyphy/ptII/ptolemy/domains/continuous/test/auto/ContinuousInDE2.xml (RunModel)" time="0.046" />
  <testcase classname="ptolemy.util.test.junit.AutoTests" name="[26] /home/travis/build/icyphy/ptII/ptolemy/domains/continuous/test/auto/ContinuousInDE3.xml (RunModel)" time="0.039" />
  <testcase classname="ptolemy.util.test.junit.AutoTests" name="[27] /home/travis/build/icyphy/ptII/ptolemy/domains/continuous/test/auto/ContinuousInDE4.xml (RunModel)" time="0.023" />
  <testcase classname="ptolemy.util.test.junit.AutoTests" name="[28] /home/travis/build/icyphy/ptII/ptolemy/domains/continuous/test/auto/ContinuousInDEDifferentRefinements.xml (RunModel)" time="0.087" />
  <testcase classname="ptolemy.util.test.junit.AutoTests" name="[29] /home/travis/build/icyphy/ptII/ptolemy/domains/continuous/test/auto/ContinuousInDEDifferentRefinementsPreemptive.xml (RunModel)" time="0.103" />
  <testcase classname="ptolemy.util.test.junit.AutoTests" name="[30] /home/travis/build/icyphy/ptII/ptolemy/domains/continuous/test/auto/ContinuousInDEInContinuous2.xml (RunModel)" time="0.058" />
  <testcase classname="ptolemy.util.test.junit.AutoTests" name="[31] /home/travis/build/icyphy/ptII/ptolemy/domains/continuous/test/auto/ContinuousInDEInContinuous3.xml (RunModel)" time="0.068" />
  <testcase classname="ptolemy.util.test.junit.AutoTests" name="[32] /home/travis/build/icyphy/ptII/ptolemy/domains/continuous/test/auto/ContinuousInDEInput.xml (RunModel)" time="0.036" />
  <testcase classname="ptolemy.util.test.junit.AutoTests" name="[33] /home/travis/build/icyphy/ptII/ptolemy/domains/continuous/test/auto/ContinuousInDEInput2.xml (RunModel)" time="0.038" />
  <testcase classname="ptolemy.util.test.junit.AutoTests" name="[34] /home/travis/build/icyphy/ptII/ptolemy/domains/continuous/test/auto/ContinuousInDEInput3.xml (RunModel)" time="0.029" />
  <testcase classname="ptolemy.util.test.junit.AutoTests" name="[35] /home/travis/build/icyphy/ptII/ptolemy/domains/continuous/test/auto/ContinuousInDESharingRefinement.xml (RunModel)" time="0.193" />
  <testcase classname="ptolemy.util.test.junit.AutoTests" name="[36] /home/travis/build/icyphy/ptII/ptolemy/domains/continuous/test/auto/ContinuousInDEwithNoPorts.xml (RunModel)" time="0.022" />
  <testcase classname="ptolemy.util.test.junit.AutoTests" name="[37] /home/travis/build/icyphy/ptII/ptolemy/domains/continuous/test/auto/ContinuousInsideDE.xml (RunModel)" time="0.076" />
  <testcase classname="ptolemy.util.test.junit.AutoTests" name="[38] /home/travis/build/icyphy/ptII/ptolemy/domains/continuous/test/auto/ContinuousMerge1.xml (RunModel)" time="0.019" />
  <testcase classname="ptolemy.util.test.junit.AutoTests" name="[39] /home/travis/build/icyphy/ptII/ptolemy/domains/continuous/test/auto/ContinuousMerge2.xml (RunModel)" time="0.037" />
  <testcase classname="ptolemy.util.test.junit.AutoTests" name="[40] /home/travis/build/icyphy/ptII/ptolemy/domains/continuous/test/auto/ContinuousMerge3.xml (RunModel)" time="0.059" />
  <testcase classname="ptolemy.util.test.junit.AutoTests" name="[41] /home/travis/build/icyphy/ptII/ptolemy/domains/continuous/test/auto/ContinuousWithinContinuous.xml (RunModel)" time="0.049" />
  <testcase classname="ptolemy.util.test.junit.AutoTests" name="[42] /home/travis/build/icyphy/ptII/ptolemy/domains/continuous/test/auto/ContinuousWithinContinuous2.xml (RunModel)" time="0.071" />
  <testcase classname="ptolemy.util.test.junit.AutoTests" name="[43] /home/travis/build/icyphy/ptII/ptolemy/domains/continuous/test/auto/ContinuousWithinContinuous3.xml (RunModel)" time="0.028" />
  <testcase classname="ptolemy.util.test.junit.AutoTests" name="[44] /home/travis/build/icyphy/ptII/ptolemy/domains/continuous/test/auto/ContinuousWithinContinuous4.xml (RunModel)" time="0.086" />
  <testcase classname="ptolemy.util.test.junit.AutoTests" name="[45] /home/travis/build/icyphy/ptII/ptolemy/domains/continuous/test/auto/ContinuousWithinContinuous5.xml (RunModel)" time="0.027" />
  <testcase classname="ptolemy.util.test.junit.AutoTests" name="[46] /home/travis/build/icyphy/ptII/ptolemy/domains/continuous/test/auto/ContinuousWithinContinuous6.xml (RunModel)" time="0.027" />
  <testcase classname="ptolemy.util.test.junit.AutoTests" name="[47] /home/travis/build/icyphy/ptII/ptolemy/domains/continuous/test/auto/ContinuousWithinContinuous7.xml (RunModel)" time="0.068" />
  <testcase classname="ptolemy.util.test.junit.AutoTests" name="[48] /home/travis/build/icyphy/ptII/ptolemy/domains/continuous/test/auto/DCMotor.xml (RunModel)" time="13.612" />
  <testcase classname="ptolemy.util.test.junit.AutoTests" name="[49] /home/travis/build/icyphy/ptII/ptolemy/domains/continuous/test/auto/DEInContinuous.xml (RunModel)" time="0.032" />
  <testcase classname="ptolemy.util.test.junit.AutoTests" name="[50] /home/travis/build/icyphy/ptII/ptolemy/domains/continuous/test/auto/DEinContinuous2.xml (RunModel)" time="0.03" />
  <testcase classname="ptolemy.util.test.junit.AutoTests" name="[51] /home/travis/build/icyphy/ptII/ptolemy/domains/continuous/test/auto/Derivative.xml (RunModel)" time="0.172" />
  <testcase classname="ptolemy.util.test.junit.AutoTests" name="[52] /home/travis/build/icyphy/ptII/ptolemy/domains/continuous/test/auto/Derivative1.xml (RunModel)" time="0.053" />
  <testcase classname="ptolemy.util.test.junit.AutoTests" name="[53] /home/travis/build/icyphy/ptII/ptolemy/domains/continuous/test/auto/DiscreteClock.xml (RunModel)" time="0.017" />
  <testcase classname="ptolemy.util.test.junit.AutoTests" name="[54] /home/travis/build/icyphy/ptII/ptolemy/domains/continuous/test/auto/EfficiencyCurve.xml (RunModel)" time="0.081" />
  <testcase classname="ptolemy.util.test.junit.AutoTests" name="[55] /home/travis/build/icyphy/ptII/ptolemy/domains/continuous/test/auto/ExponentialResponse.xml (RunModel)" time="0.103" />
  <testcase classname="ptolemy.util.test.junit.AutoTests" name="[56] /home/travis/build/icyphy/ptII/ptolemy/domains/continuous/test/auto/ExponentialResponseRK45.xml (RunModel)" time="0.031" />
  <testcase classname="ptolemy.util.test.junit.AutoTests" name="[57] /home/travis/build/icyphy/ptII/ptolemy/domains/continuous/test/auto/Friction.xml (RunModel)" time="1.424" />
  <testcase classname="ptolemy.util.test.junit.AutoTests" name="[58] /home/travis/build/icyphy/ptII/ptolemy/domains/continuous/test/auto/FurutaPendulum.xml (RunModel)" time="2.83" />
  <testcase classname="ptolemy.util.test.junit.AutoTests" name="[59] /home/travis/build/icyphy/ptII/ptolemy/domains/continuous/test/auto/HierarchicalExecution.xml (RunModel)" time="1.78" />
  <testcase classname="ptolemy.util.test.junit.AutoTests" name="[60] /home/travis/build/icyphy/ptII/ptolemy/domains/continuous/test/auto/HybridPlant.xml (RunModel)" time="0.622" />
  <testcase classname="ptolemy.util.test.junit.AutoTests" name="[61] /home/travis/build/icyphy/ptII/ptolemy/domains/continuous/test/auto/Hysteresis.xml (RunModel)" time="0.196" />
  <testcase classname="ptolemy.util.test.junit.AutoTests" name="[62] /home/travis/build/icyphy/ptII/ptolemy/domains/continuous/test/auto/HysteresisWithRandomDelay.xml (RunModel)" time="0.22" />
  <testcase classname="ptolemy.util.test.junit.AutoTests" name="[63] /home/travis/build/icyphy/ptII/ptolemy/domains/continuous/test/auto/HysteresisWithRandomLosses.xml (RunModel)" time="2.262" />
  <testcase classname="ptolemy.util.test.junit.AutoTests" name="[64] /home/travis/build/icyphy/ptII/ptolemy/domains/continuous/test/auto/ImmediateTransitions.xml (RunModel)" time="0.043" />
  <testcase classname="ptolemy.util.test.junit.AutoTests" name="[65] /home/travis/build/icyphy/ptII/ptolemy/domains/continuous/test/auto/ImpulseFeedback.xml (RunModel)" time="0.021" />
  <testcase classname="ptolemy.util.test.junit.AutoTests" name="[66] /home/travis/build/icyphy/ptII/ptolemy/domains/continuous/test/auto/ImpulseFeedback2.xml (RunModel)" time="0.014" />
  <testcase classname="ptolemy.util.test.junit.AutoTests" name="[67] /home/travis/build/icyphy/ptII/ptolemy/domains/continuous/test/auto/IncreasingRatePoisson.xml (RunModel)" time="0.643" />
  <testcase classname="ptolemy.util.test.junit.AutoTests" name="[68] /home/travis/build/icyphy/ptII/ptolemy/domains/continuous/test/auto/InitialStateFeedback.xml (RunModel)" time="0.014" />
  <testcase classname="ptolemy.util.test.junit.AutoTests" name="[69] /home/travis/build/icyphy/ptII/ptolemy/domains/continuous/test/auto/Integration.xml (RunModel)" time="0.008" />
  <testcase classname="ptolemy.util.test.junit.AutoTests" name="[70] /home/travis/build/icyphy/ptII/ptolemy/domains/continuous/test/auto/Integration2.xml (RunModel)" time="0.071" />
  <testcase classname="ptolemy.util.test.junit.AutoTests" name="[71] /home/travis/build/icyphy/ptII/ptolemy/domains/continuous/test/auto/Integration3.xml (RunModel)" time="0.014" />
  <testcase classname="ptolemy.util.test.junit.AutoTests" name="[72] /home/travis/build/icyphy/ptII/ptolemy/domains/continuous/test/auto/Integration5.xml (RunModel)" time="0.008" />
  <testcase classname="ptolemy.util.test.junit.AutoTests" name="[73] /home/travis/build/icyphy/ptII/ptolemy/domains/continuous/test/auto/IntegratorImpulse.xml (RunModel)" time="0.013" />
  <testcase classname="ptolemy.util.test.junit.AutoTests" name="[74] /home/travis/build/icyphy/ptII/ptolemy/domains/continuous/test/auto/IntegratorImpulse2.xml (RunModel)" time="0.022" />
  <testcase classname="ptolemy.util.test.junit.AutoTests" name="[75] /home/travis/build/icyphy/ptII/ptolemy/domains/continuous/test/auto/LevelCrossing1.xml (RunModel)" time="0.016" />
  <testcase classname="ptolemy.util.test.junit.AutoTests" name="[76] /home/travis/build/icyphy/ptII/ptolemy/domains/continuous/test/auto/LevelCrossing2.xml (RunModel)" time="0.027" />
  <testcase classname="ptolemy.util.test.junit.AutoTests" name="[77] /home/travis/build/icyphy/ptII/ptolemy/domains/continuous/test/auto/LevelCrossing3.xml (RunModel)" time="0.011" />
  <testcase classname="ptolemy.util.test.junit.AutoTests" name="[78] /home/travis/build/icyphy/ptII/ptolemy/domains/continuous/test/auto/LevelCrossing4.xml (RunModel)" time="0.012" />
  <testcase classname="ptolemy.util.test.junit.AutoTests" name="[79] /home/travis/build/icyphy/ptII/ptolemy/domains/continuous/test/auto/LevelCrossing5.xml (RunModel)" time="0.01" />
  <testcase classname="ptolemy.util.test.junit.AutoTests" name="[80] /home/travis/build/icyphy/ptII/ptolemy/domains/continuous/test/auto/LevelCrossing6.xml (RunModel)" time="0.011" />
  <testcase classname="ptolemy.util.test.junit.AutoTests" name="[81] /home/travis/build/icyphy/ptII/ptolemy/domains/continuous/test/auto/LevelCrossingDetector.xml (RunModel)" time="0.038" />
  <testcase classname="ptolemy.util.test.junit.AutoTests" name="[82] /home/travis/build/icyphy/ptII/ptolemy/domains/continuous/test/auto/LevelCrossingDetectorDetectingDirections.xml (RunModel)" time="0.08" />
  <testcase classname="ptolemy.util.test.junit.AutoTests" name="[83] /home/travis/build/icyphy/ptII/ptolemy/domains/continuous/test/auto/LevelCrossingDetectorDetectsGlitches.xml (RunModel)" time="0.055" />
  <testcase classname="ptolemy.util.test.junit.AutoTests" name="[84] /home/travis/build/icyphy/ptII/ptolemy/domains/continuous/test/auto/LevelCrossingNoInitialOuput.xml (RunModel)" time="0.014" />
  <testcase classname="ptolemy.util.test.junit.AutoTests" name="[85] /home/travis/build/icyphy/ptII/ptolemy/domains/continuous/test/auto/LinearStateSpaceExample.xml (RunModel)" time="0.074" />
  <testcase classname="ptolemy.util.test.junit.AutoTests" name="[86] /home/travis/build/icyphy/ptII/ptolemy/domains/continuous/test/auto/Lorenz.xml (RunModel)" time="3.228" />
  <testcase classname="ptolemy.util.test.junit.AutoTests" name="[87] /home/travis/build/icyphy/ptII/ptolemy/domains/continuous/test/auto/LorenzDifferentialSystem.xml (RunModel)" time="0.824" />
  <testcase classname="ptolemy.util.test.junit.AutoTests" name="[88] /home/travis/build/icyphy/ptII/ptolemy/domains/continuous/test/auto/LorenzDifferentialSystemWithInput.xml (RunModel)" time="1.229" />
  <testcase classname="ptolemy.util.test.junit.AutoTests" name="[89] /home/travis/build/icyphy/ptII/ptolemy/domains/continuous/test/auto/LorenzDifferentialSystemWithTime.xml (RunModel)" time="0.673" />
  <testcase classname="ptolemy.util.test.junit.AutoTests" name="[90] /home/travis/build/icyphy/ptII/ptolemy/domains/continuous/test/auto/Microsteps.xml (RunModel)" time="0.024" />
  <testcase classname="ptolemy.util.test.junit.AutoTests" name="[91] /home/travis/build/icyphy/ptII/ptolemy/domains/continuous/test/auto/Modal1.xml (RunModel)" time="0.041" />
  <testcase classname="ptolemy.util.test.junit.AutoTests" name="[92] /home/travis/build/icyphy/ptII/ptolemy/domains/continuous/test/auto/Modal2.xml (RunModel)" time="0.042" />
  <testcase classname="ptolemy.util.test.junit.AutoTests" name="[93] /home/travis/build/icyphy/ptII/ptolemy/domains/continuous/test/auto/ModalTransitionGuardWithReset.xml (RunModel)" time="0.033" />
  <testcase classname="ptolemy.util.test.junit.AutoTests" name="[94] /home/travis/build/icyphy/ptII/ptolemy/domains/continuous/test/auto/ModalTransitionGuardWithResetUsingPreemptiveTransition.xml (RunModel)" time="0.024" />
  <testcase classname="ptolemy.util.test.junit.AutoTests" name="[95] /home/travis/build/icyphy/ptII/ptolemy/domains/continuous/test/auto/ModalTransitionGuardWithResetUsingPreemptiveTransition2.xml (RunModel)" time="0.026" />
  <testcase classname="ptolemy.util.test.junit.AutoTests" name="[96] /home/travis/build/icyphy/ptII/ptolemy/domains/continuous/test/auto/ModalTransitionGuardWithResetUsingPreemptiveTransition3.xml (RunModel)" time="0.028" />
  <testcase classname="ptolemy.util.test.junit.AutoTests" name="[97] /home/travis/build/icyphy/ptII/ptolemy/domains/continuous/test/auto/NewtonsCradle.xml (RunModel)" time="0.762" />
  <testcase classname="ptolemy.util.test.junit.AutoTests" name="[98] /home/travis/build/icyphy/ptII/ptolemy/domains/continuous/test/auto/NewtonsCradleAnimated.xml (RunModel)" time="1.087" />
  <testcase classname="ptolemy.util.test.junit.AutoTests" name="[99] /home/travis/build/icyphy/ptII/ptolemy/domains/continuous/test/auto/NewtonsCradleComplicated.xml (RunModel)" time="0.848" />
  <testcase classname="ptolemy.util.test.junit.AutoTests" name="[100] /home/travis/build/icyphy/ptII/ptolemy/domains/continuous/test/auto/NewtonsCradleNondeterministic.xml (RunModel)" time="0.642" />
  <testcase classname="ptolemy.util.test.junit.AutoTests" name="[101] /home/travis/build/icyphy/ptII/ptolemy/domains/continuous/test/auto/NewtonsCradlePerfectlyInelastic1.xml (RunModel)" time="1.137" />
  <testcase classname="ptolemy.util.test.junit.AutoTests" name="[102] /home/travis/build/icyphy/ptII/ptolemy/domains/continuous/test/auto/Noise.xml (RunModel)" time="0.187" />
  <testcase classname="ptolemy.util.test.junit.AutoTests" name="[103] /home/travis/build/icyphy/ptII/ptolemy/domains/continuous/test/auto/NoiseSpectrum.xml (RunModel)" time="0.64" />
  <testcase classname="ptolemy.util.test.junit.AutoTests" name="[104] /home/travis/build/icyphy/ptII/ptolemy/domains/continuous/test/auto/ParameterizedNewtonsCradleAnimated.xml (RunModel)" time="0.335" />
  <testcase classname="ptolemy.util.test.junit.AutoTests" name="[105] /home/travis/build/icyphy/ptII/ptolemy/domains/continuous/test/auto/ParameterizedNewtonsCradleAnimatedNondeterministic.xml (RunModel)" time="1.041" />
  <testcase classname="ptolemy.util.test.junit.AutoTests" name="[106] /home/travis/build/icyphy/ptII/ptolemy/domains/continuous/test/auto/Pendulum3D.xml (RunModel)" time="0.152" />
  <testcase classname="ptolemy.util.test.junit.AutoTests" name="[107] /home/travis/build/icyphy/ptII/ptolemy/domains/continuous/test/auto/PeriodicSampler.xml (RunModel)" time="0.016" />
  <testcase classname="ptolemy.util.test.junit.AutoTests" name="[108] /home/travis/build/icyphy/ptII/ptolemy/domains/continuous/test/auto/PeriodicSampler1.xml (RunModel)" time="0.036" />
  <testcase classname="ptolemy.util.test.junit.AutoTests" name="[109] /home/travis/build/icyphy/ptII/ptolemy/domains/continuous/test/auto/PeriodicSampler2.xml (RunModel)" time="0.074" />
  <testcase classname="ptolemy.util.test.junit.AutoTests" name="[110] /home/travis/build/icyphy/ptII/ptolemy/domains/continuous/test/auto/Poisson.xml (RunModel)" time="0.407" />
  <testcase classname="ptolemy.util.test.junit.AutoTests" name="[111] /home/travis/build/icyphy/ptII/ptolemy/domains/continuous/test/auto/PoissonClock.xml (RunModel)" time="0.017" />
  <testcase classname="ptolemy.util.test.junit.AutoTests" name="[112] /home/travis/build/icyphy/ptII/ptolemy/domains/continuous/test/auto/PoissonClock2.xml (RunModel)" time="0.011" />
  <testcase classname="ptolemy.util.test.junit.AutoTests" name="[113] /home/travis/build/icyphy/ptII/ptolemy/domains/continuous/test/auto/PortParameterHierarchy.xml (RunModel)" time="0.021" />
  <testcase classname="ptolemy.util.test.junit.AutoTests" name="[114] /home/travis/build/icyphy/ptII/ptolemy/domains/continuous/test/auto/RandomHybridPlant.xml (RunModel)" time="0.511" />
  <testcase classname="ptolemy.util.test.junit.AutoTests" name="[115] /home/travis/build/icyphy/ptII/ptolemy/domains/continuous/test/auto/ResetTransitionWithStartTime1.xml (RunModel)" time="0.028" />
  <testcase classname="ptolemy.util.test.junit.AutoTests" name="[116] /home/travis/build/icyphy/ptII/ptolemy/domains/continuous/test/auto/ResetTransitionWithStartTime2.xml (RunModel)" time="0.032" />
  <testcase classname="ptolemy.util.test.junit.AutoTests" name="[117] /home/travis/build/icyphy/ptII/ptolemy/domains/continuous/test/auto/ResetTransitionWithStartTime3.xml (RunModel)" time="0.031" />
  <testcase classname="ptolemy.util.test.junit.AutoTests" name="[118] /home/travis/build/icyphy/ptII/ptolemy/domains/continuous/test/auto/ResetTransitionWithStartTime4.xml (RunModel)" time="0.029" />
  <testcase classname="ptolemy.util.test.junit.AutoTests" name="[119] /home/travis/build/icyphy/ptII/ptolemy/domains/continuous/test/auto/ResetTransitionWithStartTime5.xml (RunModel)" time="0.043" />
  <testcase classname="ptolemy.util.test.junit.AutoTests" name="[120] /home/travis/build/icyphy/ptII/ptolemy/domains/continuous/test/auto/ResetTransitionWithStartTime6.xml (RunModel)" time="0.024" />
  <testcase classname="ptolemy.util.test.junit.AutoTests" name="[121] /home/travis/build/icyphy/ptII/ptolemy/domains/continuous/test/auto/SRinContinuous.xml (RunModel)" time="0.022" />
  <testcase classname="ptolemy.util.test.junit.AutoTests" name="[122] /home/travis/build/icyphy/ptII/ptolemy/domains/continuous/test/auto/SampledClocks.xml (RunModel)" time="0.028" />
  <testcase classname="ptolemy.util.test.junit.AutoTests" name="[123] /home/travis/build/icyphy/ptII/ptolemy/domains/continuous/test/auto/Satellite.xml (RunModel)" time="0.735" />
  <testcase classname="ptolemy.util.test.junit.AutoTests" name="[124] /home/travis/build/icyphy/ptII/ptolemy/domains/continuous/test/auto/SigmaDelta.xml (RunModel)" time="1.82" />
  <testcase classname="ptolemy.util.test.junit.AutoTests" name="[125] /home/travis/build/icyphy/ptII/ptolemy/domains/continuous/test/auto/SingleRefinement.xml (RunModel)" time="0.389" />
  <testcase classname="ptolemy.util.test.junit.AutoTests" name="[126] /home/travis/build/icyphy/ptII/ptolemy/domains/continuous/test/auto/SinuBouncingBall.xml (RunModel)" time="0.893" />
  <testcase classname="ptolemy.util.test.junit.AutoTests" name="[127] /home/travis/build/icyphy/ptII/ptolemy/domains/continuous/test/auto/Sinusoid.xml (RunModel)" time="0.02" />
  <testcase classname="ptolemy.util.test.junit.AutoTests" name="[128] /home/travis/build/icyphy/ptII/ptolemy/domains/continuous/test/auto/SinusoidInNoise.xml (RunModel)" time="0.801" />
  <testcase classname="ptolemy.util.test.junit.AutoTests" name="[129] /home/travis/build/icyphy/ptII/ptolemy/domains/continuous/test/auto/SinusoidRK45.xml (RunModel)" time="0.008" />
  <testcase classname="ptolemy.util.test.junit.AutoTests" name="[130] /home/travis/build/icyphy/ptII/ptolemy/domains/continuous/test/auto/SinusoidWithMultipleImpulses.xml (RunModel)" time="0.009" />
  <testcase classname="ptolemy.util.test.junit.AutoTests" name="[131] /home/travis/build/icyphy/ptII/ptolemy/domains/continuous/test/auto/SquareWave.xml (RunModel)" time="0.163" />
  <testcase classname="ptolemy.util.test.junit.AutoTests" name="[132] /home/travis/build/icyphy/ptII/ptolemy/domains/continuous/test/auto/Starmac.xml (RunModel)" time="3.312" />
  <testcase classname="ptolemy.util.test.junit.AutoTests" name="[133] /home/travis/build/icyphy/ptII/ptolemy/domains/continuous/test/auto/StaticUnits.xml (RunModel)" time="2.106" />
  <testcase classname="ptolemy.util.test.junit.AutoTests" name="[134] /home/travis/build/icyphy/ptII/ptolemy/domains/continuous/test/auto/StickyMasses.xml (RunModel)" time="0.164" />
  <testcase classname="ptolemy.util.test.junit.AutoTests" name="[135] /home/travis/build/icyphy/ptII/ptolemy/domains/continuous/test/auto/StopTime.xml (RunModel)" time="0.06" />
  <testcase classname="ptolemy.util.test.junit.AutoTests" name="[136] /home/travis/build/icyphy/ptII/ptolemy/domains/continuous/test/auto/StopTime2.xml (RunModel)" time="0.049" />
  <testcase classname="ptolemy.util.test.junit.AutoTests" name="[137] /home/travis/build/icyphy/ptII/ptolemy/domains/continuous/test/auto/Switch.xml (RunModel)" time="0.074" />
  <testcase classname="ptolemy.util.test.junit.AutoTests" name="[138] /home/travis/build/icyphy/ptII/ptolemy/domains/continuous/test/auto/Thermostat.xml (RunModel)" time="0.187" />
  <testcase classname="ptolemy.util.test.junit.AutoTests" name="[139] /home/travis/build/icyphy/ptII/ptolemy/domains/continuous/test/auto/TimeDelay.xml (RunModel)" time="0.011" />
  <testcase classname="ptolemy.util.test.junit.AutoTests" name="[140] /home/travis/build/icyphy/ptII/ptolemy/domains/continuous/test/auto/TimeDelay2.xml (RunModel)" time="0.021" />
  <testcase classname="ptolemy.util.test.junit.AutoTests" name="[141] /home/travis/build/icyphy/ptII/ptolemy/domains/continuous/test/auto/TimeDelay3.xml (RunModel)" time="0.008" />
  <testcase classname="ptolemy.util.test.junit.AutoTests" name="[142] /home/travis/build/icyphy/ptII/ptolemy/domains/continuous/test/auto/TransferAbsentToInside.xml (RunModel)" time="0.104" />
  <testcase classname="ptolemy.util.test.junit.AutoTests" name="[143] /home/travis/build/icyphy/ptII/ptolemy/domains/continuous/test/auto/Transmission.xml (RunModel)" time="0.739" />
  <testcase classname="ptolemy.util.test.junit.AutoTests" name="[144] /home/travis/build/icyphy/ptII/ptolemy/domains/continuous/test/auto/TriggeredContinuousClock.xml (RunModel)" time="0.068" />
  <testcase classname="ptolemy.util.test.junit.AutoTests" name="[145] /home/travis/build/icyphy/ptII/ptolemy/domains/continuous/test/auto/TwoMachineInfiniteBusControl.xml (RunModel)" time="2.336" />
  <testcase classname="ptolemy.util.test.junit.AutoTests" name="[146] /home/travis/build/icyphy/ptII/ptolemy/domains/continuous/test/auto/V2V.xml (RunModel)" time="0.662" />
  <testcase classname="ptolemy.util.test.junit.AutoTests" name="[147] /home/travis/build/icyphy/ptII/ptolemy/domains/continuous/test/auto/hierarchicalModalModel.xml (RunModel)" time="0.056" />
  <testcase classname="ptolemy.util.test.junit.AutoTests" name="[148] /home/travis/build/icyphy/ptII/ptolemy/domains/continuous/test/auto/hierarchicalModalModel1.xml (RunModel)" time="0.03" />
  <testcase classname="ptolemy.util.test.junit.AutoTests" name="[149] /home/travis/build/icyphy/ptII/ptolemy/domains/continuous/test/auto/hierarchicalModalModel2.xml (RunModel)" time="0.056" />
  <testcase classname="ptolemy.util.test.junit.AutoTests" name="[150] /home/travis/build/icyphy/ptII/ptolemy/domains/continuous/test/auto/hierarchicalModalModel3.xml (RunModel)" time="0.061" />
  <testcase classname="ptolemy.util.test.junit.AutoTests" name="[151] /home/travis/build/icyphy/ptII/ptolemy/domains/continuous/test/auto/hierarchicalModalModel4.xml (RunModel)" time="0.056" />
  <testcase classname="ptolemy.util.test.junit.AutoTests" name="[152] /home/travis/build/icyphy/ptII/ptolemy/domains/continuous/test/auto/junk.xml (RunModel)" time="0.127" />
  <system-out><![CDATA[No tcl tests in /home/travis/build/icyphy/ptII/ptolemy/domains/continuous/test
No auto/knownFailedTests/*.xml tests in /home/travis/build/icyphy/ptII/ptolemy/domains/continuous/test
No auto/linux-amd64/*.xml tests in /home/travis/build/icyphy/ptII/ptolemy/domains/continuous/test
AutoTests.java: About to close Vertx.
AutoTests.java: Vertx closed.

===========================================================================================
----------------- testing Sun Jun 28 14:51:07 UTC 2020 /home/travis/build/icyphy/ptII/ptolemy/domains/continuous/test/auto/BouncingBall.xml
----------------- Instantiating /home/travis/build/icyphy/ptII/ptolemy/domains/continuous/test/auto/BouncingBall.xml
2349 ms. Memory: 129024K Free: 45848K (36%)
----------------- Invoking toplevel() on ptolemy.moml.MoMLSimpleApplication@624221d1
----------------- Done invoking toplevel() on ptolemy.moml.MoMLSimpleApplication@624221d1
reloadAllAccessors: .BouncingBall

===========================================================================================
----------------- testing Sun Jun 28 14:51:10 UTC 2020 /home/travis/build/icyphy/ptII/ptolemy/domains/continuous/test/auto/BouncingBallWithoutGR.xml
----------------- Instantiating /home/travis/build/icyphy/ptII/ptolemy/domains/continuous/test/auto/BouncingBallWithoutGR.xml
735 ms. Memory: 155648K Free: 117481K (75%)
----------------- Invoking toplevel() on ptolemy.moml.MoMLSimpleApplication@27c27777
----------------- Done invoking toplevel() on ptolemy.moml.MoMLSimpleApplication@27c27777
reloadAllAccessors: .BouncingBallWithoutGR

===========================================================================================
----------------- testing Sun Jun 28 14:51:11 UTC 2020 /home/travis/build/icyphy/ptII/ptolemy/domains/continuous/test/auto/Brownian.xml
----------------- Instantiating /home/travis/build/icyphy/ptII/ptolemy/domains/continuous/test/auto/Brownian.xml
21 ms. Memory: 155648K Free: 108775K (70%)
----------------- Invoking toplevel() on ptolemy.moml.MoMLSimpleApplication@42fc8766
----------------- Done invoking toplevel() on ptolemy.moml.MoMLSimpleApplication@42fc8766
reloadAllAccessors: .Brownian

===========================================================================================
----------------- testing Sun Jun 28 14:51:11 UTC 2020 /home/travis/build/icyphy/ptII/ptolemy/domains/continuous/test/auto/CarTracking.xml
----------------- Instantiating /home/travis/build/icyphy/ptII/ptolemy/domains/continuous/test/auto/CarTracking.xml
3885 ms. Memory: 188416K Free: 105781K (56%)
----------------- Invoking toplevel() on ptolemy.moml.MoMLSimpleApplication@3bb8cde1
----------------- Done invoking toplevel() on ptolemy.moml.MoMLSimpleApplication@3bb8cde1
reloadAllAccessors: .CarTracking

===========================================================================================
----------------- testing Sun Jun 28 14:51:15 UTC 2020 /home/travis/build/icyphy/ptII/ptolemy/domains/continuous/test/auto/CartPendulum.xml
----------------- Instantiating /home/travis/build/icyphy/ptII/ptolemy/domains/continuous/test/auto/CartPendulum.xml
376 ms. Memory: 226304K Free: 162869K (72%)
----------------- Invoking toplevel() on ptolemy.moml.MoMLSimpleApplication@1ce412ea
----------------- Done invoking toplevel() on ptolemy.moml.MoMLSimpleApplication@1ce412ea
reloadAllAccessors: .CartPendulum

===========================================================================================
----------------- testing Sun Jun 28 14:51:16 UTC 2020 /home/travis/build/icyphy/ptII/ptolemy/domains/continuous/test/auto/CausalityInterface10.xml
----------------- Instantiating /home/travis/build/icyphy/ptII/ptolemy/domains/continuous/test/auto/CausalityInterface10.xml
6 ms. Memory: 226304K Free: 152115K (67%)
----------------- Invoking toplevel() on ptolemy.moml.MoMLSimpleApplication@46bc623c
----------------- Done invoking toplevel() on ptolemy.moml.MoMLSimpleApplication@46bc623c
reloadAllAccessors: .CausalityInterface10

===========================================================================================
----------------- testing Sun Jun 28 14:51:16 UTC 2020 /home/travis/build/icyphy/ptII/ptolemy/domains/continuous/test/auto/CausalityInterface11.xml
----------------- Instantiating /home/travis/build/icyphy/ptII/ptolemy/domains/continuous/test/auto/CausalityInterface11.xml
8 ms. Memory: 226304K Free: 145957K (64%)
----------------- Invoking toplevel() on ptolemy.moml.MoMLSimpleApplication@4bce7c7c
----------------- Done invoking toplevel() on ptolemy.moml.MoMLSimpleApplication@4bce7c7c
reloadAllAccessors: .CausalityInterface11

===========================================================================================
----------------- testing Sun Jun 28 14:51:16 UTC 2020 /home/travis/build/icyphy/ptII/ptolemy/domains/continuous/test/auto/CausalityInterface12.xml
----------------- Instantiating /home/travis/build/icyphy/ptII/ptolemy/domains/continuous/test/auto/CausalityInterface12.xml
7 ms. Memory: 226304K Free: 139813K (62%)
----------------- Invoking toplevel() on ptolemy.moml.MoMLSimpleApplication@11ea1e38
----------------- Done invoking toplevel() on ptolemy.moml.MoMLSimpleApplication@11ea1e38
reloadAllAccessors: .CausalityInterface12

===========================================================================================
----------------- testing Sun Jun 28 14:51:16 UTC 2020 /home/travis/build/icyphy/ptII/ptolemy/domains/continuous/test/auto/CausalityInterface13.xml
----------------- Instantiating /home/travis/build/icyphy/ptII/ptolemy/domains/continuous/test/auto/CausalityInterface13.xml
6 ms. Memory: 226304K Free: 133653K (59%)
----------------- Invoking toplevel() on ptolemy.moml.MoMLSimpleApplication@73d93738
----------------- Done invoking toplevel() on ptolemy.moml.MoMLSimpleApplication@73d93738
reloadAllAccessors: .CausalityInterface13

===========================================================================================
----------------- testing Sun Jun 28 14:51:16 UTC 2020 /home/travis/build/icyphy/ptII/ptolemy/domains/continuous/test/auto/CausalityInterface14.xml
----------------- Instantiating /home/travis/build/icyphy/ptII/ptolemy/domains/continuous/test/auto/CausalityInterface14.xml
4 ms. Memory: 226304K Free: 128053K (57%)
----------------- Invoking toplevel() on ptolemy.moml.MoMLSimpleApplication@6184f8f3
----------------- Done invoking toplevel() on ptolemy.moml.MoMLSimpleApplication@6184f8f3
reloadAllAccessors: .CausalityInterface14

===========================================================================================
----------------- testing Sun Jun 28 14:51:16 UTC 2020 /home/travis/build/icyphy/ptII/ptolemy/domains/continuous/test/auto/CausalityInterface4.xml
----------------- Instantiating /home/travis/build/icyphy/ptII/ptolemy/domains/continuous/test/auto/CausalityInterface4.xml
5 ms. Memory: 226304K Free: 121381K (54%)
----------------- Invoking toplevel() on ptolemy.moml.MoMLSimpleApplication@2c6a2b8
----------------- Done invoking toplevel() on ptolemy.moml.MoMLSimpleApplication@2c6a2b8
reloadAllAccessors: .CausalityInterface4

===========================================================================================
----------------- testing Sun Jun 28 14:51:16 UTC 2020 /home/travis/build/icyphy/ptII/ptolemy/domains/continuous/test/auto/CausalityInterface5.xml
----------------- Instantiating /home/travis/build/icyphy/ptII/ptolemy/domains/continuous/test/auto/CausalityInterface5.xml
7 ms. Memory: 226304K Free: 113203K (50%)
----------------- Invoking toplevel() on ptolemy.moml.MoMLSimpleApplication@17b0cb1e
----------------- Done invoking toplevel() on ptolemy.moml.MoMLSimpleApplication@17b0cb1e
reloadAllAccessors: .CausalityInterface5

===========================================================================================
----------------- testing Sun Jun 28 14:51:16 UTC 2020 /home/travis/build/icyphy/ptII/ptolemy/domains/continuous/test/auto/CausalityInterface6.xml
----------------- Instantiating /home/travis/build/icyphy/ptII/ptolemy/domains/continuous/test/auto/CausalityInterface6.xml
4 ms. Memory: 226304K Free: 107573K (48%)
----------------- Invoking toplevel() on ptolemy.moml.MoMLSimpleApplication@2714ed09
----------------- Done invoking toplevel() on ptolemy.moml.MoMLSimpleApplication@2714ed09
reloadAllAccessors: .CausalityInterface6

===========================================================================================
----------------- testing Sun Jun 28 14:51:16 UTC 2020 /home/travis/build/icyphy/ptII/ptolemy/domains/continuous/test/auto/CausalityInterface7.xml
----------------- Instantiating /home/travis/build/icyphy/ptII/ptolemy/domains/continuous/test/auto/CausalityInterface7.xml
11 ms. Memory: 226304K Free: 99381K (44%)
----------------- Invoking toplevel() on ptolemy.moml.MoMLSimpleApplication@7e61be93
----------------- Done invoking toplevel() on ptolemy.moml.MoMLSimpleApplication@7e61be93
reloadAllAccessors: .CausalityInterface7

===========================================================================================
----------------- testing Sun Jun 28 14:51:16 UTC 2020 /home/travis/build/icyphy/ptII/ptolemy/domains/continuous/test/auto/CausalityInterface8.xml
----------------- Instantiating /home/travis/build/icyphy/ptII/ptolemy/domains/continuous/test/auto/CausalityInterface8.xml
5 ms. Memory: 226304K Free: 90165K (40%)
----------------- Invoking toplevel() on ptolemy.moml.MoMLSimpleApplication@522f5127
----------------- Done invoking toplevel() on ptolemy.moml.MoMLSimpleApplication@522f5127
reloadAllAccessors: .CausalityInterface8

===========================================================================================
----------------- testing Sun Jun 28 14:51:16 UTC 2020 /home/travis/build/icyphy/ptII/ptolemy/domains/continuous/test/auto/CausalityInterface9.xml
----------------- Instantiating /home/travis/build/icyphy/ptII/ptolemy/domains/continuous/test/auto/CausalityInterface9.xml
9 ms. Memory: 226304K Free: 79411K (35%)
----------------- Invoking toplevel() on ptolemy.moml.MoMLSimpleApplication@459330fa
----------------- Done invoking toplevel() on ptolemy.moml.MoMLSimpleApplication@459330fa
reloadAllAccessors: .CausalityInterface9

===========================================================================================
----------------- testing Sun Jun 28 14:51:16 UTC 2020 /home/travis/build/icyphy/ptII/ptolemy/domains/continuous/test/auto/CausalityInterfaceFeedback1.xml
----------------- Instantiating /home/travis/build/icyphy/ptII/ptolemy/domains/continuous/test/auto/CausalityInterfaceFeedback1.xml
5 ms. Memory: 226304K Free: 206268K (91%)
----------------- Invoking toplevel() on ptolemy.moml.MoMLSimpleApplication@719939d7
----------------- Done invoking toplevel() on ptolemy.moml.MoMLSimpleApplication@719939d7
reloadAllAccessors: .CausalityInterfaceFeedback1

===========================================================================================
----------------- testing Sun Jun 28 14:51:16 UTC 2020 /home/travis/build/icyphy/ptII/ptolemy/domains/continuous/test/auto/CausalityInterfaceFeedback2.xml
----------------- Instantiating /home/travis/build/icyphy/ptII/ptolemy/domains/continuous/test/auto/CausalityInterfaceFeedback2.xml
4 ms. Memory: 226304K Free: 199580K (88%)
----------------- Invoking toplevel() on ptolemy.moml.MoMLSimpleApplication@57e21998
----------------- Done invoking toplevel() on ptolemy.moml.MoMLSimpleApplication@57e21998
reloadAllAccessors: .CausalityInterfaceFeedback2

===========================================================================================
----------------- testing Sun Jun 28 14:51:16 UTC 2020 /home/travis/build/icyphy/ptII/ptolemy/domains/continuous/test/auto/CompareWithCurrentTime.xml
----------------- Instantiating /home/travis/build/icyphy/ptII/ptolemy/domains/continuous/test/auto/CompareWithCurrentTime.xml
3 ms. Memory: 226304K Free: 195514K (86%)
----------------- Invoking toplevel() on ptolemy.moml.MoMLSimpleApplication@9885f7c
----------------- Done invoking toplevel() on ptolemy.moml.MoMLSimpleApplication@9885f7c
reloadAllAccessors: .CompareWithCurrentTime

===========================================================================================
----------------- testing Sun Jun 28 14:51:16 UTC 2020 /home/travis/build/icyphy/ptII/ptolemy/domains/continuous/test/auto/ComparedClocks.xml
----------------- Instantiating /home/travis/build/icyphy/ptII/ptolemy/domains/continuous/test/auto/ComparedClocks.xml
5 ms. Memory: 226304K Free: 180148K (80%)
----------------- Invoking toplevel() on ptolemy.moml.MoMLSimpleApplication@745004e8
----------------- Done invoking toplevel() on ptolemy.moml.MoMLSimpleApplication@745004e8
reloadAllAccessors: .ComparedClocks

===========================================================================================
----------------- testing Sun Jun 28 14:51:16 UTC 2020 /home/travis/build/icyphy/ptII/ptolemy/domains/continuous/test/auto/ContinuousAOCClone.xml
----------------- Instantiating /home/travis/build/icyphy/ptII/ptolemy/domains/continuous/test/auto/ContinuousAOCClone.xml
2349 ms. Memory: 226304K Free: 193181K (85%)
----------------- Invoking toplevel() on ptolemy.moml.MoMLSimpleApplication@1343ff0b
----------------- Done invoking toplevel() on ptolemy.moml.MoMLSimpleApplication@1343ff0b
reloadAllAccessors: .ContinuousAOCClone

===========================================================================================
----------------- testing Sun Jun 28 14:51:19 UTC 2020 /home/travis/build/icyphy/ptII/ptolemy/domains/continuous/test/auto/ContinuousClock.xml
----------------- Instantiating /home/travis/build/icyphy/ptII/ptolemy/domains/continuous/test/auto/ContinuousClock.xml
29 ms. Memory: 226304K Free: 171677K (76%)
----------------- Invoking toplevel() on ptolemy.moml.MoMLSimpleApplication@34e051d0
----------------- Done invoking toplevel() on ptolemy.moml.MoMLSimpleApplication@34e051d0
reloadAllAccessors: .ContinuousClock

===========================================================================================
----------------- testing Sun Jun 28 14:51:19 UTC 2020 /home/travis/build/icyphy/ptII/ptolemy/domains/continuous/test/auto/ContinuousInContinuous.xml
----------------- Instantiating /home/travis/build/icyphy/ptII/ptolemy/domains/continuous/test/auto/ContinuousInContinuous.xml
39 ms. Memory: 226304K Free: 148125K (65%)
----------------- Invoking toplevel() on ptolemy.moml.MoMLSimpleApplication@3af4c1ca
----------------- Done invoking toplevel() on ptolemy.moml.MoMLSimpleApplication@3af4c1ca
reloadAllAccessors: .ContinuousInContinuous

===========================================================================================
----------------- testing Sun Jun 28 14:51:19 UTC 2020 /home/travis/build/icyphy/ptII/ptolemy/domains/continuous/test/auto/ContinuousInContinuousInContinuous.xml
----------------- Instantiating /home/travis/build/icyphy/ptII/ptolemy/domains/continuous/test/auto/ContinuousInContinuousInContinuous.xml
6 ms. Memory: 226304K Free: 140957K (62%)
----------------- Invoking toplevel() on ptolemy.moml.MoMLSimpleApplication@6500679b
----------------- Done invoking toplevel() on ptolemy.moml.MoMLSimpleApplication@6500679b
reloadAllAccessors: .ContinuousInContinuousInContinuous

===========================================================================================
----------------- testing Sun Jun 28 14:51:19 UTC 2020 /home/travis/build/icyphy/ptII/ptolemy/domains/continuous/test/auto/ContinuousInDE.xml
----------------- Instantiating /home/travis/build/icyphy/ptII/ptolemy/domains/continuous/test/auto/ContinuousInDE.xml
72 ms. Memory: 226304K Free: 130203K (58%)
----------------- Invoking toplevel() on ptolemy.moml.MoMLSimpleApplication@68b81ad5
----------------- Done invoking toplevel() on ptolemy.moml.MoMLSimpleApplication@68b81ad5
reloadAllAccessors: .ContinuousInDE

===========================================================================================
----------------- testing Sun Jun 28 14:51:19 UTC 2020 /home/travis/build/icyphy/ptII/ptolemy/domains/continuous/test/auto/ContinuousInDE2.xml
----------------- Instantiating /home/travis/build/icyphy/ptII/ptolemy/domains/continuous/test/auto/ContinuousInDE2.xml
33 ms. Memory: 226304K Free: 120477K (53%)
----------------- Invoking toplevel() on ptolemy.moml.MoMLSimpleApplication@6d1ee21c
----------------- Done invoking toplevel() on ptolemy.moml.MoMLSimpleApplication@6d1ee21c
reloadAllAccessors: .ContinuousInDE2

===========================================================================================
----------------- testing Sun Jun 28 14:51:19 UTC 2020 /home/travis/build/icyphy/ptII/ptolemy/domains/continuous/test/auto/ContinuousInDE3.xml
----------------- Instantiating /home/travis/build/icyphy/ptII/ptolemy/domains/continuous/test/auto/ContinuousInDE3.xml
29 ms. Memory: 226304K Free: 110747K (49%)
----------------- Invoking toplevel() on ptolemy.moml.MoMLSimpleApplication@35af8eac
----------------- Done invoking toplevel() on ptolemy.moml.MoMLSimpleApplication@35af8eac
reloadAllAccessors: .ContinuousInDE3

===========================================================================================
----------------- testing Sun Jun 28 14:51:19 UTC 2020 /home/travis/build/icyphy/ptII/ptolemy/domains/continuous/test/auto/ContinuousInDE4.xml
----------------- Instantiating /home/travis/build/icyphy/ptII/ptolemy/domains/continuous/test/auto/ContinuousInDE4.xml
11 ms. Memory: 226304K Free: 104603K (46%)
----------------- Invoking toplevel() on ptolemy.moml.MoMLSimpleApplication@5e8a0bf5
----------------- Done invoking toplevel() on ptolemy.moml.MoMLSimpleApplication@5e8a0bf5
reloadAllAccessors: .ContinuousInDE4

===========================================================================================
----------------- testing Sun Jun 28 14:51:19 UTC 2020 /home/travis/build/icyphy/ptII/ptolemy/domains/continuous/test/auto/ContinuousInDEDifferentRefinements.xml
----------------- Instantiating /home/travis/build/icyphy/ptII/ptolemy/domains/continuous/test/auto/ContinuousInDEDifferentRefinements.xml
54 ms. Memory: 272384K Free: 252603K (93%)
----------------- Invoking toplevel() on ptolemy.moml.MoMLSimpleApplication@f65e378
----------------- Done invoking toplevel() on ptolemy.moml.MoMLSimpleApplication@f65e378
reloadAllAccessors: .ContinuousInDEDifferentRefinements

===========================================================================================
----------------- testing Sun Jun 28 14:51:19 UTC 2020 /home/travis/build/icyphy/ptII/ptolemy/domains/continuous/test/auto/ContinuousInDEDifferentRefinementsPreemptive.xml
----------------- Instantiating /home/travis/build/icyphy/ptII/ptolemy/domains/continuous/test/auto/ContinuousInDEDifferentRefinementsPreemptive.xml
52 ms. Memory: 272384K Free: 221846K (81%)
----------------- Invoking toplevel() on ptolemy.moml.MoMLSimpleApplication@5ffe2745
----------------- Done invoking toplevel() on ptolemy.moml.MoMLSimpleApplication@5ffe2745
reloadAllAccessors: .ContinuousInDEDifferentRefinementsPreemptive

===========================================================================================
----------------- testing Sun Jun 28 14:51:19 UTC 2020 /home/travis/build/icyphy/ptII/ptolemy/domains/continuous/test/auto/ContinuousInDEInContinuous2.xml
----------------- Instantiating /home/travis/build/icyphy/ptII/ptolemy/domains/continuous/test/auto/ContinuousInDEInContinuous2.xml
33 ms. Memory: 272384K Free: 210068K (77%)
----------------- Invoking toplevel() on ptolemy.moml.MoMLSimpleApplication@601f6a51
----------------- Done invoking toplevel() on ptolemy.moml.MoMLSimpleApplication@601f6a51
reloadAllAccessors: .ContinuousInDEInContinuous2

===========================================================================================
----------------- testing Sun Jun 28 14:51:20 UTC 2020 /home/travis/build/icyphy/ptII/ptolemy/domains/continuous/test/auto/ContinuousInDEInContinuous3.xml
----------------- Instantiating /home/travis/build/icyphy/ptII/ptolemy/domains/continuous/test/auto/ContinuousInDEInContinuous3.xml
37 ms. Memory: 272384K Free: 197780K (73%)
----------------- Invoking toplevel() on ptolemy.moml.MoMLSimpleApplication@6895eec7
----------------- Done invoking toplevel() on ptolemy.moml.MoMLSimpleApplication@6895eec7
reloadAllAccessors: .ContinuousInDEInContinuous3

===========================================================================================
----------------- testing Sun Jun 28 14:51:20 UTC 2020 /home/travis/build/icyphy/ptII/ptolemy/domains/continuous/test/auto/ContinuousInDEInput.xml
----------------- Instantiating /home/travis/build/icyphy/ptII/ptolemy/domains/continuous/test/auto/ContinuousInDEInput.xml
16 ms. Memory: 272384K Free: 191126K (70%)
----------------- Invoking toplevel() on ptolemy.moml.MoMLSimpleApplication@2c13a6a
----------------- Done invoking toplevel() on ptolemy.moml.MoMLSimpleApplication@2c13a6a
reloadAllAccessors: .ContinuousInDEInput

===========================================================================================
----------------- testing Sun Jun 28 14:51:20 UTC 2020 /home/travis/build/icyphy/ptII/ptolemy/domains/continuous/test/auto/ContinuousInDEInput2.xml
----------------- Instantiating /home/travis/build/icyphy/ptII/ptolemy/domains/continuous/test/auto/ContinuousInDEInput2.xml
16 ms. Memory: 272384K Free: 183444K (67%)
----------------- Invoking toplevel() on ptolemy.moml.MoMLSimpleApplication@2ea0a0b3
----------------- Done invoking toplevel() on ptolemy.moml.MoMLSimpleApplication@2ea0a0b3
reloadAllAccessors: .ContinuousInDEInput2

===========================================================================================
----------------- testing Sun Jun 28 14:51:20 UTC 2020 /home/travis/build/icyphy/ptII/ptolemy/domains/continuous/test/auto/ContinuousInDEInput3.xml
----------------- Instantiating /home/travis/build/icyphy/ptII/ptolemy/domains/continuous/test/auto/ContinuousInDEInput3.xml
13 ms. Memory: 272384K Free: 176276K (65%)
----------------- Invoking toplevel() on ptolemy.moml.MoMLSimpleApplication@72a9fdfa
----------------- Done invoking toplevel() on ptolemy.moml.MoMLSimpleApplication@72a9fdfa
reloadAllAccessors: .ContinuousInDEInput3

===========================================================================================
----------------- testing Sun Jun 28 14:51:20 UTC 2020 /home/travis/build/icyphy/ptII/ptolemy/domains/continuous/test/auto/ContinuousInDESharingRefinement.xml
----------------- Instantiating /home/travis/build/icyphy/ptII/ptolemy/domains/continuous/test/auto/ContinuousInDESharingRefinement.xml
168 ms. Memory: 272384K Free: 243077K (89%)
----------------- Invoking toplevel() on ptolemy.moml.MoMLSimpleApplication@6e024d90
----------------- Done invoking toplevel() on ptolemy.moml.MoMLSimpleApplication@6e024d90
reloadAllAccessors: .ContinuousInDESharingRefinement

===========================================================================================
----------------- testing Sun Jun 28 14:51:20 UTC 2020 /home/travis/build/icyphy/ptII/ptolemy/domains/continuous/test/auto/ContinuousInDEwithNoPorts.xml
----------------- Instantiating /home/travis/build/icyphy/ptII/ptolemy/domains/continuous/test/auto/ContinuousInDEwithNoPorts.xml
4 ms. Memory: 272384K Free: 238453K (88%)
----------------- Invoking toplevel() on ptolemy.moml.MoMLSimpleApplication@2108c0e1
----------------- Done invoking toplevel() on ptolemy.moml.MoMLSimpleApplication@2108c0e1
reloadAllAccessors: .ContinuousInDEwithNoPorts

===========================================================================================
----------------- testing Sun Jun 28 14:51:20 UTC 2020 /home/travis/build/icyphy/ptII/ptolemy/domains/continuous/test/auto/ContinuousInsideDE.xml
----------------- Instantiating /home/travis/build/icyphy/ptII/ptolemy/domains/continuous/test/auto/ContinuousInsideDE.xml
34 ms. Memory: 272384K Free: 227203K (83%)
----------------- Invoking toplevel() on ptolemy.moml.MoMLSimpleApplication@17a4780a
----------------- Done invoking toplevel() on ptolemy.moml.MoMLSimpleApplication@17a4780a
reloadAllAccessors: .ContinuousInsideDE

===========================================================================================
----------------- testing Sun Jun 28 14:51:20 UTC 2020 /home/travis/build/icyphy/ptII/ptolemy/domains/continuous/test/auto/ContinuousMerge1.xml
----------------- Instantiating /home/travis/build/icyphy/ptII/ptolemy/domains/continuous/test/auto/ContinuousMerge1.xml
2 ms. Memory: 272384K Free: 222597K (82%)
----------------- Invoking toplevel() on ptolemy.moml.MoMLSimpleApplication@542983dd
----------------- Done invoking toplevel() on ptolemy.moml.MoMLSimpleApplication@542983dd
reloadAllAccessors: .ContinuousMerge1

===========================================================================================
----------------- testing Sun Jun 28 14:51:20 UTC 2020 /home/travis/build/icyphy/ptII/ptolemy/domains/continuous/test/auto/ContinuousMerge2.xml
----------------- Instantiating /home/travis/build/icyphy/ptII/ptolemy/domains/continuous/test/auto/ContinuousMerge2.xml
12 ms. Memory: 272384K Free: 212357K (78%)
----------------- Invoking toplevel() on ptolemy.moml.MoMLSimpleApplication@5a83eac0
----------------- Done invoking toplevel() on ptolemy.moml.MoMLSimpleApplication@5a83eac0
reloadAllAccessors: .ContinuousMerge2

===========================================================================================
----------------- testing Sun Jun 28 14:51:20 UTC 2020 /home/travis/build/icyphy/ptII/ptolemy/domains/continuous/test/auto/ContinuousMerge3.xml
----------------- Instantiating /home/travis/build/icyphy/ptII/ptolemy/domains/continuous/test/auto/ContinuousMerge3.xml
39 ms. Memory: 272384K Free: 201603K (74%)
----------------- Invoking toplevel() on ptolemy.moml.MoMLSimpleApplication@dbd122a
----------------- Done invoking toplevel() on ptolemy.moml.MoMLSimpleApplication@dbd122a
reloadAllAccessors: .ContinuousMerge3

===========================================================================================
----------------- testing Sun Jun 28 14:51:20 UTC 2020 /home/travis/build/icyphy/ptII/ptolemy/domains/continuous/test/auto/ContinuousWithinContinuous.xml
----------------- Instantiating /home/travis/build/icyphy/ptII/ptolemy/domains/continuous/test/auto/ContinuousWithinContinuous.xml
36 ms. Memory: 272384K Free: 192387K (71%)
----------------- Invoking toplevel() on ptolemy.moml.MoMLSimpleApplication@8aeada9
----------------- Done invoking toplevel() on ptolemy.moml.MoMLSimpleApplication@8aeada9
reloadAllAccessors: .ContinuousWithinContinuous

===========================================================================================
----------------- testing Sun Jun 28 14:51:20 UTC 2020 /home/travis/build/icyphy/ptII/ptolemy/domains/continuous/test/auto/ContinuousWithinContinuous2.xml
----------------- Instantiating /home/travis/build/icyphy/ptII/ptolemy/domains/continuous/test/auto/ContinuousWithinContinuous2.xml
59 ms. Memory: 272384K Free: 181123K (66%)
----------------- Invoking toplevel() on ptolemy.moml.MoMLSimpleApplication@3e36fc85
----------------- Done invoking toplevel() on ptolemy.moml.MoMLSimpleApplication@3e36fc85
reloadAllAccessors: .ContinuousWithinContinuous2

===========================================================================================
----------------- testing Sun Jun 28 14:51:20 UTC 2020 /home/travis/build/icyphy/ptII/ptolemy/domains/continuous/test/auto/ContinuousWithinContinuous3.xml
----------------- Instantiating /home/travis/build/icyphy/ptII/ptolemy/domains/continuous/test/auto/ContinuousWithinContinuous3.xml
10 ms. Memory: 272384K Free: 174469K (64%)
----------------- Invoking toplevel() on ptolemy.moml.MoMLSimpleApplication@ac0ed59
----------------- Done invoking toplevel() on ptolemy.moml.MoMLSimpleApplication@ac0ed59
reloadAllAccessors: .ContinuousWithinContinuous3

===========================================================================================
----------------- testing Sun Jun 28 14:51:20 UTC 2020 /home/travis/build/icyphy/ptII/ptolemy/domains/continuous/test/auto/ContinuousWithinContinuous4.xml
----------------- Instantiating /home/travis/build/icyphy/ptII/ptolemy/domains/continuous/test/auto/ContinuousWithinContinuous4.xml
68 ms. Memory: 272384K Free: 161667K (59%)
----------------- Invoking toplevel() on ptolemy.moml.MoMLSimpleApplication@37e1fd29
----------------- Done invoking toplevel() on ptolemy.moml.MoMLSimpleApplication@37e1fd29
reloadAllAccessors: .ContinuousWithinContinuous4

===========================================================================================
----------------- testing Sun Jun 28 14:51:20 UTC 2020 /home/travis/build/icyphy/ptII/ptolemy/domains/continuous/test/auto/ContinuousWithinContinuous5.xml
----------------- Instantiating /home/travis/build/icyphy/ptII/ptolemy/domains/continuous/test/auto/ContinuousWithinContinuous5.xml
12 ms. Memory: 272384K Free: 153989K (57%)
----------------- Invoking toplevel() on ptolemy.moml.MoMLSimpleApplication@71d60d40
----------------- Done invoking toplevel() on ptolemy.moml.MoMLSimpleApplication@71d60d40
reloadAllAccessors: .ContinuousWithinContinuous5

===========================================================================================
----------------- testing Sun Jun 28 14:51:20 UTC 2020 /home/travis/build/icyphy/ptII/ptolemy/domains/continuous/test/auto/ContinuousWithinContinuous6.xml
----------------- Instantiating /home/travis/build/icyphy/ptII/ptolemy/domains/continuous/test/auto/ContinuousWithinContinuous6.xml
11 ms. Memory: 272384K Free: 146821K (54%)
----------------- Invoking toplevel() on ptolemy.moml.MoMLSimpleApplication@5ad3c33e
----------------- Done invoking toplevel() on ptolemy.moml.MoMLSimpleApplication@5ad3c33e
reloadAllAccessors: .ContinuousWithinContinuous6

===========================================================================================
----------------- testing Sun Jun 28 14:51:20 UTC 2020 /home/travis/build/icyphy/ptII/ptolemy/domains/continuous/test/auto/ContinuousWithinContinuous7.xml
----------------- Instantiating /home/travis/build/icyphy/ptII/ptolemy/domains/continuous/test/auto/ContinuousWithinContinuous7.xml
56 ms. Memory: 272384K Free: 135557K (50%)
----------------- Invoking toplevel() on ptolemy.moml.MoMLSimpleApplication@5ca53391
----------------- Done invoking toplevel() on ptolemy.moml.MoMLSimpleApplication@5ca53391
reloadAllAccessors: .ContinuousWithinContinuous7

===========================================================================================
----------------- testing Sun Jun 28 14:51:21 UTC 2020 /home/travis/build/icyphy/ptII/ptolemy/domains/continuous/test/auto/DCMotor.xml
----------------- Instantiating /home/travis/build/icyphy/ptII/ptolemy/domains/continuous/test/auto/DCMotor.xml
13540 ms. Memory: 272384K Free: 109925K (40%)
----------------- Invoking toplevel() on ptolemy.moml.MoMLSimpleApplication@d927888
----------------- Done invoking toplevel() on ptolemy.moml.MoMLSimpleApplication@d927888
reloadAllAccessors: .DCMotor

===========================================================================================
----------------- testing Sun Jun 28 14:51:34 UTC 2020 /home/travis/build/icyphy/ptII/ptolemy/domains/continuous/test/auto/DEInContinuous.xml
----------------- Instantiating /home/travis/build/icyphy/ptII/ptolemy/domains/continuous/test/auto/DEInContinuous.xml
12 ms. Memory: 272384K Free: 103787K (38%)
----------------- Invoking toplevel() on ptolemy.moml.MoMLSimpleApplication@82ddb84
----------------- Done invoking toplevel() on ptolemy.moml.MoMLSimpleApplication@82ddb84
reloadAllAccessors: .DEInContinuous

===========================================================================================
----------------- testing Sun Jun 28 14:51:34 UTC 2020 /home/travis/build/icyphy/ptII/ptolemy/domains/continuous/test/auto/DEinContinuous2.xml
----------------- Instantiating /home/travis/build/icyphy/ptII/ptolemy/domains/continuous/test/auto/DEinContinuous2.xml
9 ms. Memory: 272384K Free: 96109K (35%)
----------------- Invoking toplevel() on ptolemy.moml.MoMLSimpleApplication@5925b49a
----------------- Done invoking toplevel() on ptolemy.moml.MoMLSimpleApplication@5925b49a
reloadAllAccessors: .DEinContinuous2

===========================================================================================
----------------- testing Sun Jun 28 14:51:34 UTC 2020 /home/travis/build/icyphy/ptII/ptolemy/domains/continuous/test/auto/Derivative.xml
----------------- Instantiating /home/travis/build/icyphy/ptII/ptolemy/domains/continuous/test/auto/Derivative.xml
122 ms. Memory: 272384K Free: 228435K (84%)
----------------- Invoking toplevel() on ptolemy.moml.MoMLSimpleApplication@411081a2
----------------- Done invoking toplevel() on ptolemy.moml.MoMLSimpleApplication@411081a2
reloadAllAccessors: .Derivative2

===========================================================================================
----------------- testing Sun Jun 28 14:51:34 UTC 2020 /home/travis/build/icyphy/ptII/ptolemy/domains/continuous/test/auto/Derivative1.xml
----------------- Instantiating /home/travis/build/icyphy/ptII/ptolemy/domains/continuous/test/auto/Derivative1.xml
17 ms. Memory: 272384K Free: 214099K (79%)
----------------- Invoking toplevel() on ptolemy.moml.MoMLSimpleApplication@1d355858
----------------- Done invoking toplevel() on ptolemy.moml.MoMLSimpleApplication@1d355858
reloadAllAccessors: .Derivative1

===========================================================================================
----------------- testing Sun Jun 28 14:51:34 UTC 2020 /home/travis/build/icyphy/ptII/ptolemy/domains/continuous/test/auto/DiscreteClock.xml
----------------- Instantiating /home/travis/build/icyphy/ptII/ptolemy/domains/continuous/test/auto/DiscreteClock.xml
4 ms. Memory: 272384K Free: 208979K (77%)
----------------- Invoking toplevel() on ptolemy.moml.MoMLSimpleApplication@91ddb8d
----------------- Done invoking toplevel() on ptolemy.moml.MoMLSimpleApplication@91ddb8d
reloadAllAccessors: .DiscreteClock

===========================================================================================
----------------- testing Sun Jun 28 14:51:34 UTC 2020 /home/travis/build/icyphy/ptII/ptolemy/domains/continuous/test/auto/EfficiencyCurve.xml
----------------- Instantiating /home/travis/build/icyphy/ptII/ptolemy/domains/continuous/test/auto/EfficiencyCurve.xml
45 ms. Memory: 272384K Free: 199763K (73%)
----------------- Invoking toplevel() on ptolemy.moml.MoMLSimpleApplication@122177d8
----------------- Done invoking toplevel() on ptolemy.moml.MoMLSimpleApplication@122177d8
reloadAllAccessors: .EfficiencyCurve

===========================================================================================
----------------- testing Sun Jun 28 14:51:35 UTC 2020 /home/travis/build/icyphy/ptII/ptolemy/domains/continuous/test/auto/ExponentialResponse.xml
----------------- Instantiating /home/travis/build/icyphy/ptII/ptolemy/domains/continuous/test/auto/ExponentialResponse.xml
95 ms. Memory: 272384K Free: 183893K (68%)
----------------- Invoking toplevel() on ptolemy.moml.MoMLSimpleApplication@12139889
----------------- Done invoking toplevel() on ptolemy.moml.MoMLSimpleApplication@12139889
reloadAllAccessors: .ExponentialResponse

===========================================================================================
----------------- testing Sun Jun 28 14:51:35 UTC 2020 /home/travis/build/icyphy/ptII/ptolemy/domains/continuous/test/auto/ExponentialResponseRK45.xml
----------------- Instantiating /home/travis/build/icyphy/ptII/ptolemy/domains/continuous/test/auto/ExponentialResponseRK45.xml
21 ms. Memory: 272384K Free: 177235K (65%)
----------------- Invoking toplevel() on ptolemy.moml.MoMLSimpleApplication@2eab2f13
----------------- Done invoking toplevel() on ptolemy.moml.MoMLSimpleApplication@2eab2f13
reloadAllAccessors: .ExponentialResponseRK45

===========================================================================================
----------------- testing Sun Jun 28 14:51:35 UTC 2020 /home/travis/build/icyphy/ptII/ptolemy/domains/continuous/test/auto/Friction.xml
----------------- Instantiating /home/travis/build/icyphy/ptII/ptolemy/domains/continuous/test/auto/Friction.xml
1312 ms. Memory: 272384K Free: 238771K (88%)
----------------- Invoking toplevel() on ptolemy.moml.MoMLSimpleApplication@1c8d328a
----------------- Done invoking toplevel() on ptolemy.moml.MoMLSimpleApplication@1c8d328a
reloadAllAccessors: .Friction

===========================================================================================
----------------- testing Sun Jun 28 14:51:36 UTC 2020 /home/travis/build/icyphy/ptII/ptolemy/domains/continuous/test/auto/FurutaPendulum.xml
----------------- Instantiating /home/travis/build/icyphy/ptII/ptolemy/domains/continuous/test/auto/FurutaPendulum.xml
2682 ms. Memory: 272384K Free: 217352K (80%)
----------------- Invoking toplevel() on ptolemy.moml.MoMLSimpleApplication@4b2ad8c5
----------------- Done invoking toplevel() on ptolemy.moml.MoMLSimpleApplication@4b2ad8c5
reloadAllAccessors: .FurutaPendulum

===========================================================================================
----------------- testing Sun Jun 28 14:51:39 UTC 2020 /home/travis/build/icyphy/ptII/ptolemy/domains/continuous/test/auto/HierarchicalExecution.xml
----------------- Instantiating /home/travis/build/icyphy/ptII/ptolemy/domains/continuous/test/auto/HierarchicalExecution.xml
1517 ms. Memory: 272384K Free: 245634K (90%)
----------------- Invoking toplevel() on ptolemy.moml.MoMLSimpleApplication@668a7153
----------------- Done invoking toplevel() on ptolemy.moml.MoMLSimpleApplication@668a7153
reloadAllAccessors: .HierarchicalExecution

===========================================================================================
----------------- testing Sun Jun 28 14:51:41 UTC 2020 /home/travis/build/icyphy/ptII/ptolemy/domains/continuous/test/auto/HybridPlant.xml
----------------- Instantiating /home/travis/build/icyphy/ptII/ptolemy/domains/continuous/test/auto/HybridPlant.xml
571 ms. Memory: 327680K Free: 198016K (60%)
----------------- Invoking toplevel() on ptolemy.moml.MoMLSimpleApplication@61d3dbc2
----------------- Done invoking toplevel() on ptolemy.moml.MoMLSimpleApplication@61d3dbc2
reloadAllAccessors: .HybridPlant

===========================================================================================
----------------- testing Sun Jun 28 14:51:41 UTC 2020 /home/travis/build/icyphy/ptII/ptolemy/domains/continuous/test/auto/Hysteresis.xml
----------------- Instantiating /home/travis/build/icyphy/ptII/ptolemy/domains/continuous/test/auto/Hysteresis.xml
150 ms. Memory: 327680K Free: 135552K (41%)
----------------- Invoking toplevel() on ptolemy.moml.MoMLSimpleApplication@6659f358
----------------- Done invoking toplevel() on ptolemy.moml.MoMLSimpleApplication@6659f358
reloadAllAccessors: .Hysteresis

===========================================================================================
----------------- testing Sun Jun 28 14:51:42 UTC 2020 /home/travis/build/icyphy/ptII/ptolemy/domains/continuous/test/auto/HysteresisWithRandomDelay.xml
----------------- Instantiating /home/travis/build/icyphy/ptII/ptolemy/domains/continuous/test/auto/HysteresisWithRandomDelay.xml
176 ms. Memory: 327680K Free: 258739K (79%)
----------------- Invoking toplevel() on ptolemy.moml.MoMLSimpleApplication@7eea57ea
----------------- Done invoking toplevel() on ptolemy.moml.MoMLSimpleApplication@7eea57ea
reloadAllAccessors: .HysteresisWithRandomDelay

===========================================================================================
----------------- testing Sun Jun 28 14:51:42 UTC 2020 /home/travis/build/icyphy/ptII/ptolemy/domains/continuous/test/auto/HysteresisWithRandomLosses.xml
----------------- Instantiating /home/travis/build/icyphy/ptII/ptolemy/domains/continuous/test/auto/HysteresisWithRandomLosses.xml
2189 ms. Memory: 327680K Free: 297015K (91%)
----------------- Invoking toplevel() on ptolemy.moml.MoMLSimpleApplication@e421446
----------------- Done invoking toplevel() on ptolemy.moml.MoMLSimpleApplication@e421446
reloadAllAccessors: .HysteresisWithRandomLosses

===========================================================================================
----------------- testing Sun Jun 28 14:51:44 UTC 2020 /home/travis/build/icyphy/ptII/ptolemy/domains/continuous/test/auto/ImmediateTransitions.xml
----------------- Instantiating /home/travis/build/icyphy/ptII/ptolemy/domains/continuous/test/auto/ImmediateTransitions.xml
13 ms. Memory: 327680K Free: 286265K (87%)
----------------- Invoking toplevel() on ptolemy.moml.MoMLSimpleApplication@7a3c9e0e
----------------- Done invoking toplevel() on ptolemy.moml.MoMLSimpleApplication@7a3c9e0e
reloadAllAccessors: .ImmediateTransitions

===========================================================================================
----------------- testing Sun Jun 28 14:51:44 UTC 2020 /home/travis/build/icyphy/ptII/ptolemy/domains/continuous/test/auto/ImpulseFeedback.xml
----------------- Instantiating /home/travis/build/icyphy/ptII/ptolemy/domains/continuous/test/auto/ImpulseFeedback.xml
6 ms. Memory: 327680K Free: 280631K (86%)
----------------- Invoking toplevel() on ptolemy.moml.MoMLSimpleApplication@1d6f0a48
----------------- Done invoking toplevel() on ptolemy.moml.MoMLSimpleApplication@1d6f0a48
reloadAllAccessors: .ImpulseFeedback

===========================================================================================
----------------- testing Sun Jun 28 14:51:44 UTC 2020 /home/travis/build/icyphy/ptII/ptolemy/domains/continuous/test/auto/ImpulseFeedback2.xml
----------------- Instantiating /home/travis/build/icyphy/ptII/ptolemy/domains/continuous/test/auto/ImpulseFeedback2.xml
5 ms. Memory: 327680K Free: 275001K (84%)
----------------- Invoking toplevel() on ptolemy.moml.MoMLSimpleApplication@4c9a7740
----------------- Done invoking toplevel() on ptolemy.moml.MoMLSimpleApplication@4c9a7740
reloadAllAccessors: .ImpulseFeedback2

===========================================================================================
----------------- testing Sun Jun 28 14:51:44 UTC 2020 /home/travis/build/icyphy/ptII/ptolemy/domains/continuous/test/auto/IncreasingRatePoisson.xml
----------------- Instantiating /home/travis/build/icyphy/ptII/ptolemy/domains/continuous/test/auto/IncreasingRatePoisson.xml
612 ms. Memory: 327680K Free: 174310K (53%)
----------------- Invoking toplevel() on ptolemy.moml.MoMLSimpleApplication@57f0a00a
----------------- Done invoking toplevel() on ptolemy.moml.MoMLSimpleApplication@57f0a00a
reloadAllAccessors: .IncreasingRatePoisson

===========================================================================================
----------------- testing Sun Jun 28 14:51:45 UTC 2020 /home/travis/build/icyphy/ptII/ptolemy/domains/continuous/test/auto/InitialStateFeedback.xml
----------------- Instantiating /home/travis/build/icyphy/ptII/ptolemy/domains/continuous/test/auto/InitialStateFeedback.xml
6 ms. Memory: 327680K Free: 169700K (52%)
----------------- Invoking toplevel() on ptolemy.moml.MoMLSimpleApplication@6f800b74
----------------- Done invoking toplevel() on ptolemy.moml.MoMLSimpleApplication@6f800b74
reloadAllAccessors: .InitialStateFeedback

===========================================================================================
----------------- testing Sun Jun 28 14:51:45 UTC 2020 /home/travis/build/icyphy/ptII/ptolemy/domains/continuous/test/auto/Integration.xml
----------------- Instantiating /home/travis/build/icyphy/ptII/ptolemy/domains/continuous/test/auto/Integration.xml
2 ms. Memory: 327680K Free: 165604K (51%)
----------------- Invoking toplevel() on ptolemy.moml.MoMLSimpleApplication@7b34e2f2
----------------- Done invoking toplevel() on ptolemy.moml.MoMLSimpleApplication@7b34e2f2
reloadAllAccessors: .Integration

===========================================================================================
----------------- testing Sun Jun 28 14:51:45 UTC 2020 /home/travis/build/icyphy/ptII/ptolemy/domains/continuous/test/auto/Integration2.xml
----------------- Instantiating /home/travis/build/icyphy/ptII/ptolemy/domains/continuous/test/auto/Integration2.xml
64 ms. Memory: 327680K Free: 151268K (46%)
----------------- Invoking toplevel() on ptolemy.moml.MoMLSimpleApplication@1a5e1528
----------------- Done invoking toplevel() on ptolemy.moml.MoMLSimpleApplication@1a5e1528
reloadAllAccessors: .Integration2

===========================================================================================
----------------- testing Sun Jun 28 14:51:45 UTC 2020 /home/travis/build/icyphy/ptII/ptolemy/domains/continuous/test/auto/Integration3.xml
----------------- Instantiating /home/travis/build/icyphy/ptII/ptolemy/domains/continuous/test/auto/Integration3.xml
2 ms. Memory: 327680K Free: 146662K (45%)
----------------- Invoking toplevel() on ptolemy.moml.MoMLSimpleApplication@34c63b9a
----------------- Done invoking toplevel() on ptolemy.moml.MoMLSimpleApplication@34c63b9a
reloadAllAccessors: .Integration3

===========================================================================================
----------------- testing Sun Jun 28 14:51:45 UTC 2020 /home/travis/build/icyphy/ptII/ptolemy/domains/continuous/test/auto/Integration5.xml
----------------- Instantiating /home/travis/build/icyphy/ptII/ptolemy/domains/continuous/test/auto/Integration5.xml
1 ms. Memory: 327680K Free: 142566K (44%)
----------------- Invoking toplevel() on ptolemy.moml.MoMLSimpleApplication@339b69de
----------------- Done invoking toplevel() on ptolemy.moml.MoMLSimpleApplication@339b69de
reloadAllAccessors: .Integration5

===========================================================================================
----------------- testing Sun Jun 28 14:51:45 UTC 2020 /home/travis/build/icyphy/ptII/ptolemy/domains/continuous/test/auto/IntegratorImpulse.xml
----------------- Instantiating /home/travis/build/icyphy/ptII/ptolemy/domains/continuous/test/auto/IntegratorImpulse.xml
2 ms. Memory: 327680K Free: 138470K (42%)
----------------- Invoking toplevel() on ptolemy.moml.MoMLSimpleApplication@112836cd
----------------- Done invoking toplevel() on ptolemy.moml.MoMLSimpleApplication@112836cd
reloadAllAccessors: .IntegratorImpulse

===========================================================================================
----------------- testing Sun Jun 28 14:51:45 UTC 2020 /home/travis/build/icyphy/ptII/ptolemy/domains/continuous/test/auto/IntegratorImpulse2.xml
----------------- Instantiating /home/travis/build/icyphy/ptII/ptolemy/domains/continuous/test/auto/IntegratorImpulse2.xml
3 ms. Memory: 327680K Free: 133830K (41%)
----------------- Invoking toplevel() on ptolemy.moml.MoMLSimpleApplication@5a896241
----------------- Done invoking toplevel() on ptolemy.moml.MoMLSimpleApplication@5a896241
reloadAllAccessors: .IntegratorImpulse2

===========================================================================================
----------------- testing Sun Jun 28 14:51:45 UTC 2020 /home/travis/build/icyphy/ptII/ptolemy/domains/continuous/test/auto/LevelCrossing1.xml
----------------- Instantiating /home/travis/build/icyphy/ptII/ptolemy/domains/continuous/test/auto/LevelCrossing1.xml
2 ms. Memory: 327680K Free: 128740K (39%)
----------------- Invoking toplevel() on ptolemy.moml.MoMLSimpleApplication@3f9dc3d5
----------------- Done invoking toplevel() on ptolemy.moml.MoMLSimpleApplication@3f9dc3d5
reloadAllAccessors: .LevelCrossing1

===========================================================================================
----------------- testing Sun Jun 28 14:51:45 UTC 2020 /home/travis/build/icyphy/ptII/ptolemy/domains/continuous/test/auto/LevelCrossing2.xml
----------------- Instantiating /home/travis/build/icyphy/ptII/ptolemy/domains/continuous/test/auto/LevelCrossing2.xml
3 ms. Memory: 327680K Free: 123620K (38%)
----------------- Invoking toplevel() on ptolemy.moml.MoMLSimpleApplication@394e1bf
----------------- Done invoking toplevel() on ptolemy.moml.MoMLSimpleApplication@394e1bf
reloadAllAccessors: .LevelCrossing2

===========================================================================================
----------------- testing Sun Jun 28 14:51:45 UTC 2020 /home/travis/build/icyphy/ptII/ptolemy/domains/continuous/test/auto/LevelCrossing3.xml
----------------- Instantiating /home/travis/build/icyphy/ptII/ptolemy/domains/continuous/test/auto/LevelCrossing3.xml
3 ms. Memory: 327680K Free: 118494K (36%)
----------------- Invoking toplevel() on ptolemy.moml.MoMLSimpleApplication@2e5f7ae
----------------- Done invoking toplevel() on ptolemy.moml.MoMLSimpleApplication@2e5f7ae
reloadAllAccessors: .LevelCrossing3

===========================================================================================
----------------- testing Sun Jun 28 14:51:45 UTC 2020 /home/travis/build/icyphy/ptII/ptolemy/domains/continuous/test/auto/LevelCrossing4.xml
----------------- Instantiating /home/travis/build/icyphy/ptII/ptolemy/domains/continuous/test/auto/LevelCrossing4.xml
3 ms. Memory: 327680K Free: 308963K (94%)
----------------- Invoking toplevel() on ptolemy.moml.MoMLSimpleApplication@78456f63
----------------- Done invoking toplevel() on ptolemy.moml.MoMLSimpleApplication@78456f63
reloadAllAccessors: .LevelCrossing4

===========================================================================================
----------------- testing Sun Jun 28 14:51:45 UTC 2020 /home/travis/build/icyphy/ptII/ptolemy/domains/continuous/test/auto/LevelCrossing5.xml
----------------- Instantiating /home/travis/build/icyphy/ptII/ptolemy/domains/continuous/test/auto/LevelCrossing5.xml
2 ms. Memory: 327680K Free: 303843K (93%)
----------------- Invoking toplevel() on ptolemy.moml.MoMLSimpleApplication@db740e
----------------- Done invoking toplevel() on ptolemy.moml.MoMLSimpleApplication@db740e
reloadAllAccessors: .LevelCrossing5

===========================================================================================
[...]
----------------- testing Sun Jun 28 14:52:00 UTC 2020 /home/travis/build/icyphy/ptII/ptolemy/domains/continuous/test/auto/SRinContinuous.xml
----------------- Instantiating /home/travis/build/icyphy/ptII/ptolemy/domains/continuous/test/auto/SRinContinuous.xml
3 ms. Memory: 327680K Free: 282397K (86%)
----------------- Invoking toplevel() on ptolemy.moml.MoMLSimpleApplication@2689eaff
----------------- Done invoking toplevel() on ptolemy.moml.MoMLSimpleApplication@2689eaff
reloadAllAccessors: .SRinContinuous

===========================================================================================
----------------- testing Sun Jun 28 14:52:00 UTC 2020 /home/travis/build/icyphy/ptII/ptolemy/domains/continuous/test/auto/SampledClocks.xml
----------------- Instantiating /home/travis/build/icyphy/ptII/ptolemy/domains/continuous/test/auto/SampledClocks.xml
6 ms. Memory: 327680K Free: 269595K (82%)
----------------- Invoking toplevel() on ptolemy.moml.MoMLSimpleApplication@b9a8a36
----------------- Done invoking toplevel() on ptolemy.moml.MoMLSimpleApplication@b9a8a36
reloadAllAccessors: .SampledClocks

===========================================================================================
----------------- testing Sun Jun 28 14:52:00 UTC 2020 /home/travis/build/icyphy/ptII/ptolemy/domains/continuous/test/auto/Satellite.xml
----------------- Instantiating /home/travis/build/icyphy/ptII/ptolemy/domains/continuous/test/auto/Satellite.xml
718 ms. Memory: 327680K Free: 270404K (83%)
----------------- Invoking toplevel() on ptolemy.moml.MoMLSimpleApplication@1e9d1bf0
----------------- Done invoking toplevel() on ptolemy.moml.MoMLSimpleApplication@1e9d1bf0
reloadAllAccessors: .Satellite

===========================================================================================
----------------- testing Sun Jun 28 14:52:00 UTC 2020 /home/travis/build/icyphy/ptII/ptolemy/domains/continuous/test/auto/SigmaDelta.xml
----------------- Instantiating /home/travis/build/icyphy/ptII/ptolemy/domains/continuous/test/auto/SigmaDelta.xml
1701 ms. Memory: 327680K Free: 204983K (63%)
----------------- Invoking toplevel() on ptolemy.moml.MoMLSimpleApplication@315e90fe
----------------- Done invoking toplevel() on ptolemy.moml.MoMLSimpleApplication@315e90fe
reloadAllAccessors: .SigmaDelta

===========================================================================================
----------------- testing Sun Jun 28 14:52:02 UTC 2020 /home/travis/build/icyphy/ptII/ptolemy/domains/continuous/test/auto/SingleRefinement.xml
----------------- Instantiating /home/travis/build/icyphy/ptII/ptolemy/domains/continuous/test/auto/SingleRefinement.xml
292 ms. Memory: 327680K Free: 215790K (66%)
----------------- Invoking toplevel() on ptolemy.moml.MoMLSimpleApplication@1d1c2c14
----------------- Done invoking toplevel() on ptolemy.moml.MoMLSimpleApplication@1d1c2c14
reloadAllAccessors: .SingleRefinement

===========================================================================================
----------------- testing Sun Jun 28 14:52:03 UTC 2020 /home/travis/build/icyphy/ptII/ptolemy/domains/continuous/test/auto/SinuBouncingBall.xml
----------------- Instantiating /home/travis/build/icyphy/ptII/ptolemy/domains/continuous/test/auto/SinuBouncingBall.xml
823 ms. Memory: 327680K Free: 196952K (60%)
----------------- Invoking toplevel() on ptolemy.moml.MoMLSimpleApplication@4e5a7d94
----------------- Done invoking toplevel() on ptolemy.moml.MoMLSimpleApplication@4e5a7d94
reloadAllAccessors: .SinuBouncingBall

===========================================================================================
----------------- testing Sun Jun 28 14:52:04 UTC 2020 /home/travis/build/icyphy/ptII/ptolemy/domains/continuous/test/auto/Sinusoid.xml
----------------- Instantiating /home/travis/build/icyphy/ptII/ptolemy/domains/continuous/test/auto/Sinusoid.xml
4 ms. Memory: 327680K Free: 192328K (59%)
----------------- Invoking toplevel() on ptolemy.moml.MoMLSimpleApplication@2791a5b8
----------------- Done invoking toplevel() on ptolemy.moml.MoMLSimpleApplication@2791a5b8
reloadAllAccessors: .Sinusoid

===========================================================================================
----------------- testing Sun Jun 28 14:52:04 UTC 2020 /home/travis/build/icyphy/ptII/ptolemy/domains/continuous/test/auto/SinusoidInNoise.xml
----------------- Instantiating /home/travis/build/icyphy/ptII/ptolemy/domains/continuous/test/auto/SinusoidInNoise.xml
765 ms. Memory: 327680K Free: 252979K (77%)
----------------- Invoking toplevel() on ptolemy.moml.MoMLSimpleApplication@1c1fcf4f
----------------- Done invoking toplevel() on ptolemy.moml.MoMLSimpleApplication@1c1fcf4f
reloadAllAccessors: .SinusoidInNoise

===========================================================================================
----------------- testing Sun Jun 28 14:52:04 UTC 2020 /home/travis/build/icyphy/ptII/ptolemy/domains/continuous/test/auto/SinusoidRK45.xml
----------------- Instantiating /home/travis/build/icyphy/ptII/ptolemy/domains/continuous/test/auto/SinusoidRK45.xml
3 ms. Memory: 327680K Free: 248355K (76%)
----------------- Invoking toplevel() on ptolemy.moml.MoMLSimpleApplication@59e1472e
----------------- Done invoking toplevel() on ptolemy.moml.MoMLSimpleApplication@59e1472e
reloadAllAccessors: .SinusoidRK45

===========================================================================================
----------------- testing Sun Jun 28 14:52:04 UTC 2020 /home/travis/build/icyphy/ptII/ptolemy/domains/continuous/test/auto/SinusoidWithMultipleImpulses.xml
----------------- Instantiating /home/travis/build/icyphy/ptII/ptolemy/domains/continuous/test/auto/SinusoidWithMultipleImpulses.xml
3 ms. Memory: 327680K Free: 243763K (74%)
----------------- Invoking toplevel() on ptolemy.moml.MoMLSimpleApplication@3da48cfd
----------------- Done invoking toplevel() on ptolemy.moml.MoMLSimpleApplication@3da48cfd
reloadAllAccessors: .SinusoidWithMultipleImpulses

===========================================================================================
----------------- testing Sun Jun 28 14:52:04 UTC 2020 /home/travis/build/icyphy/ptII/ptolemy/domains/continuous/test/auto/SquareWave.xml
----------------- Instantiating /home/travis/build/icyphy/ptII/ptolemy/domains/continuous/test/auto/SquareWave.xml
136 ms. Memory: 327680K Free: 217139K (66%)
----------------- Invoking toplevel() on ptolemy.moml.MoMLSimpleApplication@7476bd52
----------------- Done invoking toplevel() on ptolemy.moml.MoMLSimpleApplication@7476bd52
reloadAllAccessors: .SquareWave

===========================================================================================
----------------- testing Sun Jun 28 14:52:05 UTC 2020 /home/travis/build/icyphy/ptII/ptolemy/domains/continuous/test/auto/Starmac.xml
----------------- Instantiating /home/travis/build/icyphy/ptII/ptolemy/domains/continuous/test/auto/Starmac.xml
3036 ms. Memory: 327680K Free: 290011K (89%)
----------------- Invoking toplevel() on ptolemy.moml.MoMLSimpleApplication@4befc211
----------------- Done invoking toplevel() on ptolemy.moml.MoMLSimpleApplication@4befc211
reloadAllAccessors: .Starmac

===========================================================================================
----------------- testing Sun Jun 28 14:52:08 UTC 2020 /home/travis/build/icyphy/ptII/ptolemy/domains/continuous/test/auto/StaticUnits.xml
----------------- Instantiating /home/travis/build/icyphy/ptII/ptolemy/domains/continuous/test/auto/StaticUnits.xml
1622 ms. Memory: 327680K Free: 216254K (66%)
----------------- Invoking toplevel() on ptolemy.moml.MoMLSimpleApplication@2719cb99
----------------- Done invoking toplevel() on ptolemy.moml.MoMLSimpleApplication@2719cb99
reloadAllAccessors: .StaticUnits

===========================================================================================
----------------- testing Sun Jun 28 14:52:10 UTC 2020 /home/travis/build/icyphy/ptII/ptolemy/domains/continuous/test/auto/StickyMasses.xml
----------------- Instantiating /home/travis/build/icyphy/ptII/ptolemy/domains/continuous/test/auto/StickyMasses.xml
121 ms. Memory: 327680K Free: 166592K (51%)
----------------- Invoking toplevel() on ptolemy.moml.MoMLSimpleApplication@7d7c52e4
----------------- Done invoking toplevel() on ptolemy.moml.MoMLSimpleApplication@7d7c52e4
reloadAllAccessors: .StickyMasses

===========================================================================================
----------------- testing Sun Jun 28 14:52:10 UTC 2020 /home/travis/build/icyphy/ptII/ptolemy/domains/continuous/test/auto/StopTime.xml
----------------- Instantiating /home/travis/build/icyphy/ptII/ptolemy/domains/continuous/test/auto/StopTime.xml
37 ms. Memory: 327680K Free: 140992K (43%)
----------------- Invoking toplevel() on ptolemy.moml.MoMLSimpleApplication@56dbdd88
----------------- Done invoking toplevel() on ptolemy.moml.MoMLSimpleApplication@56dbdd88
reloadAllAccessors: .StopTime

===========================================================================================
----------------- testing Sun Jun 28 14:52:10 UTC 2020 /home/travis/build/icyphy/ptII/ptolemy/domains/continuous/test/auto/StopTime2.xml
----------------- Instantiating /home/travis/build/icyphy/ptII/ptolemy/domains/continuous/test/auto/StopTime2.xml
30 ms. Memory: 327680K Free: 118974K (36%)
----------------- Invoking toplevel() on ptolemy.moml.MoMLSimpleApplication@5238034c
----------------- Done invoking toplevel() on ptolemy.moml.MoMLSimpleApplication@5238034c
reloadAllAccessors: .StopTime2

===========================================================================================
----------------- testing Sun Jun 28 14:52:10 UTC 2020 /home/travis/build/icyphy/ptII/ptolemy/domains/continuous/test/auto/Switch.xml
----------------- Instantiating /home/travis/build/icyphy/ptII/ptolemy/domains/continuous/test/auto/Switch.xml
36 ms. Memory: 327680K Free: 285314K (87%)
----------------- Invoking toplevel() on ptolemy.moml.MoMLSimpleApplication@1032a929
----------------- Done invoking toplevel() on ptolemy.moml.MoMLSimpleApplication@1032a929
reloadAllAccessors: .Switch

===========================================================================================
----------------- testing Sun Jun 28 14:52:10 UTC 2020 /home/travis/build/icyphy/ptII/ptolemy/domains/continuous/test/auto/Thermostat.xml
----------------- Instantiating /home/travis/build/icyphy/ptII/ptolemy/domains/continuous/test/auto/Thermostat.xml
164 ms. Memory: 327680K Free: 213089K (65%)
----------------- Invoking toplevel() on ptolemy.moml.MoMLSimpleApplication@8233588
----------------- Done invoking toplevel() on ptolemy.moml.MoMLSimpleApplication@8233588
reloadAllAccessors: .Thermostat

===========================================================================================
----------------- testing Sun Jun 28 14:52:10 UTC 2020 /home/travis/build/icyphy/ptII/ptolemy/domains/continuous/test/auto/TimeDelay.xml
----------------- Instantiating /home/travis/build/icyphy/ptII/ptolemy/domains/continuous/test/auto/TimeDelay.xml
4 ms. Memory: 327680K Free: 208514K (64%)
----------------- Invoking toplevel() on ptolemy.moml.MoMLSimpleApplication@3b1caf4
----------------- Done invoking toplevel() on ptolemy.moml.MoMLSimpleApplication@3b1caf4
reloadAllAccessors: .TimeDelay

===========================================================================================
----------------- testing Sun Jun 28 14:52:10 UTC 2020 /home/travis/build/icyphy/ptII/ptolemy/domains/continuous/test/auto/TimeDelay2.xml
----------------- Instantiating /home/travis/build/icyphy/ptII/ptolemy/domains/continuous/test/auto/TimeDelay2.xml
6 ms. Memory: 327680K Free: 198784K (61%)
----------------- Invoking toplevel() on ptolemy.moml.MoMLSimpleApplication@b0c1215
----------------- Done invoking toplevel() on ptolemy.moml.MoMLSimpleApplication@b0c1215
reloadAllAccessors: .TimeDelay2

===========================================================================================
----------------- testing Sun Jun 28 14:52:11 UTC 2020 /home/travis/build/icyphy/ptII/ptolemy/domains/continuous/test/auto/TimeDelay3.xml
----------------- Instantiating /home/travis/build/icyphy/ptII/ptolemy/domains/continuous/test/auto/TimeDelay3.xml
2 ms. Memory: 327680K Free: 194178K (59%)
----------------- Invoking toplevel() on ptolemy.moml.MoMLSimpleApplication@1571470
----------------- Done invoking toplevel() on ptolemy.moml.MoMLSimpleApplication@1571470
reloadAllAccessors: .TimeDelay3

===========================================================================================
----------------- testing Sun Jun 28 14:52:11 UTC 2020 /home/travis/build/icyphy/ptII/ptolemy/domains/continuous/test/auto/TransferAbsentToInside.xml
----------------- Instantiating /home/travis/build/icyphy/ptII/ptolemy/domains/continuous/test/auto/TransferAbsentToInside.xml
29 ms. Memory: 327680K Free: 141409K (43%)
----------------- Invoking toplevel() on ptolemy.moml.MoMLSimpleApplication@773a7bfb
----------------- Done invoking toplevel() on ptolemy.moml.MoMLSimpleApplication@773a7bfb
reloadAllAccessors: .TransferAbsentToInside

===========================================================================================
----------------- testing Sun Jun 28 14:52:11 UTC 2020 /home/travis/build/icyphy/ptII/ptolemy/domains/continuous/test/auto/Transmission.xml
----------------- Instantiating /home/travis/build/icyphy/ptII/ptolemy/domains/continuous/test/auto/Transmission.xml
709 ms. Memory: 327680K Free: 290929K (89%)
----------------- Invoking toplevel() on ptolemy.moml.MoMLSimpleApplication@6f8f4d50
----------------- Done invoking toplevel() on ptolemy.moml.MoMLSimpleApplication@6f8f4d50
reloadAllAccessors: .Transmission

===========================================================================================
----------------- testing Sun Jun 28 14:52:11 UTC 2020 /home/travis/build/icyphy/ptII/ptolemy/domains/continuous/test/auto/TriggeredContinuousClock.xml
----------------- Instantiating /home/travis/build/icyphy/ptII/ptolemy/domains/continuous/test/auto/TriggeredContinuousClock.xml
35 ms. Memory: 327680K Free: 261233K (80%)
----------------- Invoking toplevel() on ptolemy.moml.MoMLSimpleApplication@4bae8782
----------------- Done invoking toplevel() on ptolemy.moml.MoMLSimpleApplication@4bae8782
reloadAllAccessors: .TriggeredContinuousClock

===========================================================================================
----------------- testing Sun Jun 28 14:52:11 UTC 2020 /home/travis/build/icyphy/ptII/ptolemy/domains/continuous/test/auto/TwoMachineInfiniteBusControl.xml
----------------- Instantiating /home/travis/build/icyphy/ptII/ptolemy/domains/continuous/test/auto/TwoMachineInfiniteBusControl.xml
2219 ms. Memory: 327680K Free: 269897K (82%)
----------------- Invoking toplevel() on ptolemy.moml.MoMLSimpleApplication@4c59d630
----------------- Done invoking toplevel() on ptolemy.moml.MoMLSimpleApplication@4c59d630
reloadAllAccessors: .TwoMachineInfiniteBusControl

===========================================================================================
----------------- testing Sun Jun 28 14:52:14 UTC 2020 /home/travis/build/icyphy/ptII/ptolemy/domains/continuous/test/auto/V2V.xml
----------------- Instantiating /home/travis/build/icyphy/ptII/ptolemy/domains/continuous/test/auto/V2V.xml
598 ms. Memory: 327680K Free: 272955K (83%)
----------------- Invoking toplevel() on ptolemy.moml.MoMLSimpleApplication@517b4e43
----------------- Done invoking toplevel() on ptolemy.moml.MoMLSimpleApplication@517b4e43
reloadAllAccessors: .V2V

===========================================================================================
----------------- testing Sun Jun 28 14:52:14 UTC 2020 /home/travis/build/icyphy/ptII/ptolemy/domains/continuous/test/auto/hierarchicalModalModel.xml
----------------- Instantiating /home/travis/build/icyphy/ptII/ptolemy/domains/continuous/test/auto/hierarchicalModalModel.xml
7 ms. Memory: 327680K Free: 258619K (79%)
----------------- Invoking toplevel() on ptolemy.moml.MoMLSimpleApplication@1ee8a580
----------------- Done invoking toplevel() on ptolemy.moml.MoMLSimpleApplication@1ee8a580
reloadAllAccessors: .hierarchicalModalModel

===========================================================================================
----------------- testing Sun Jun 28 14:52:15 UTC 2020 /home/travis/build/icyphy/ptII/ptolemy/domains/continuous/test/auto/hierarchicalModalModel1.xml
----------------- Instantiating /home/travis/build/icyphy/ptII/ptolemy/domains/continuous/test/auto/hierarchicalModalModel1.xml
7 ms. Memory: 327680K Free: 244283K (75%)
----------------- Invoking toplevel() on ptolemy.moml.MoMLSimpleApplication@480a231a
----------------- Done invoking toplevel() on ptolemy.moml.MoMLSimpleApplication@480a231a
reloadAllAccessors: .hierarchicalModalModel1

===========================================================================================
----------------- testing Sun Jun 28 14:52:15 UTC 2020 /home/travis/build/icyphy/ptII/ptolemy/domains/continuous/test/auto/hierarchicalModalModel2.xml
----------------- Instantiating /home/travis/build/icyphy/ptII/ptolemy/domains/continuous/test/auto/hierarchicalModalModel2.xml
6 ms. Memory: 327680K Free: 231995K (71%)
----------------- Invoking toplevel() on ptolemy.moml.MoMLSimpleApplication@23488af4
----------------- Done invoking toplevel() on ptolemy.moml.MoMLSimpleApplication@23488af4
reloadAllAccessors: .hierarchicalModalModel2

===========================================================================================
----------------- testing Sun Jun 28 14:52:15 UTC 2020 /home/travis/build/icyphy/ptII/ptolemy/domains/continuous/test/auto/hierarchicalModalModel3.xml
----------------- Instantiating /home/travis/build/icyphy/ptII/ptolemy/domains/continuous/test/auto/hierarchicalModalModel3.xml
5 ms. Memory: 327680K Free: 221241K (68%)
----------------- Invoking toplevel() on ptolemy.moml.MoMLSimpleApplication@5d97cb1d
----------------- Done invoking toplevel() on ptolemy.moml.MoMLSimpleApplication@5d97cb1d
reloadAllAccessors: .hierarchicalModalModel3

===========================================================================================
----------------- testing Sun Jun 28 14:52:15 UTC 2020 /home/travis/build/icyphy/ptII/ptolemy/domains/continuous/test/auto/hierarchicalModalModel4.xml
----------------- Instantiating /home/travis/build/icyphy/ptII/ptolemy/domains/continuous/test/auto/hierarchicalModalModel4.xml
9 ms. Memory: 327680K Free: 209467K (64%)
----------------- Invoking toplevel() on ptolemy.moml.MoMLSimpleApplication@2025918b
----------------- Done invoking toplevel() on ptolemy.moml.MoMLSimpleApplication@2025918b
reloadAllAccessors: .hierarchicalModalModel4

===========================================================================================
----------------- testing Sun Jun 28 14:52:15 UTC 2020 /home/travis/build/icyphy/ptII/ptolemy/domains/continuous/test/auto/junk.xml
----------------- Instantiating /home/travis/build/icyphy/ptII/ptolemy/domains/continuous/test/auto/junk.xml
111 ms. Memory: 327680K Free: 184891K (56%)
----------------- Invoking toplevel() on ptolemy.moml.MoMLSimpleApplication@633203b4
----------------- Done invoking toplevel() on ptolemy.moml.MoMLSimpleApplication@633203b4
reloadAllAccessors: .junk
AutoTests.java: About to close Vertx.
AutoTests.java: Vertx closed.
]]></system-out>
  <system-err><![CDATA[Warning: '.HysteresisWithRandomDelay.NonStrictTest3' The test produced only 22 tokens, yet the correctValues parameter was expecting 30 tokens.
Warning: '.IncreasingRatePoisson.NonStrictTest' The test produced only 382 tokens, yet the correctValues parameter was expecting 402 tokens.
Warning: '.Poisson.NonStrictTest' The test produced only 393 tokens, yet the correctValues parameter was expecting 430 tokens.
]]></system-err>
</testsuite>
