<?xml version="1.0" encoding="UTF-8" ?>
<testsuite errors="0" failures="0" hostname="travis-job-10a7c9eb-2b4b-4e42-8790-f8b32ff77465" name="ptolemy.actor.lib.hoc.test.junit.JUnitTclTest" skipped="0" tests="58" time="31.353" timestamp="2020-03-05T11:53:01">
  <properties>
[...]
</properties>
  <testcase classname="ptolemy.util.test.junit.TclTests" name="[0] /home/travis/build/icyphy/ptII/ptolemy/actor/lib/hoc/test/IterateOverArray.tcl (RunTclFile)" time="0.291" />
  <testcase classname="ptolemy.util.test.junit.AutoKnownFailedTests" name="[0] /home/travis/build/icyphy/ptII/ptolemy/actor/lib/hoc/test/auto/knownFailedTests/PreinitializeMustBeInvokedRunComposite.xml (RunModel)" time="0.426" />
  <testcase classname="ptolemy.util.test.junit.AutoNameArchTests" name="[0] ThereAreNoAutoArchTests (RunModel)" time="0.001" />
  <testcase classname="ptolemy.util.test.junit.AutoTests" name="[0] /home/travis/build/icyphy/ptII/ptolemy/actor/lib/hoc/test/auto/AllToAllMultiInstanceComposite.xml (RunModel)" time="0.485" />
  <testcase classname="ptolemy.util.test.junit.AutoTests" name="[1] /home/travis/build/icyphy/ptII/ptolemy/actor/lib/hoc/test/auto/ApplyFFTTest.xml (RunModel)" time="0.385" />
  <testcase classname="ptolemy.util.test.junit.AutoTests" name="[2] /home/travis/build/icyphy/ptII/ptolemy/actor/lib/hoc/test/auto/ApplyFunction.xml (RunModel)" time="0.049" />
  <testcase classname="ptolemy.util.test.junit.AutoTests" name="[3] /home/travis/build/icyphy/ptII/ptolemy/actor/lib/hoc/test/auto/BackgroundExecution.xml (RunModel)" time="0.749" />
  <testcase classname="ptolemy.util.test.junit.AutoTests" name="[4] /home/travis/build/icyphy/ptII/ptolemy/actor/lib/hoc/test/auto/Case.xml (RunModel)" time="0.064" />
  <testcase classname="ptolemy.util.test.junit.AutoTests" name="[5] /home/travis/build/icyphy/ptII/ptolemy/actor/lib/hoc/test/auto/Case1.xml (RunModel)" time="0.045" />
  <testcase classname="ptolemy.util.test.junit.AutoTests" name="[6] /home/travis/build/icyphy/ptII/ptolemy/actor/lib/hoc/test/auto/Case2.xml (RunModel)" time="0.089" />
  <testcase classname="ptolemy.util.test.junit.AutoTests" name="[7] /home/travis/build/icyphy/ptII/ptolemy/actor/lib/hoc/test/auto/Case3.xml (RunModel)" time="0.048" />
  <testcase classname="ptolemy.util.test.junit.AutoTests" name="[8] /home/travis/build/icyphy/ptII/ptolemy/actor/lib/hoc/test/auto/Case4.xml (RunModel)" time="0.054" />
  <testcase classname="ptolemy.util.test.junit.AutoTests" name="[9] /home/travis/build/icyphy/ptII/ptolemy/actor/lib/hoc/test/auto/Case5.xml (RunModel)" time="0.076" />
  <testcase classname="ptolemy.util.test.junit.AutoTests" name="[10] /home/travis/build/icyphy/ptII/ptolemy/actor/lib/hoc/test/auto/Case6.xml (RunModel)" time="0.08" />
  <testcase classname="ptolemy.util.test.junit.AutoTests" name="[11] /home/travis/build/icyphy/ptII/ptolemy/actor/lib/hoc/test/auto/CaseString2.xml (RunModel)" time="0.044" />
  <testcase classname="ptolemy.util.test.junit.AutoTests" name="[12] /home/travis/build/icyphy/ptII/ptolemy/actor/lib/hoc/test/auto/CatchUpComposite1.xml (RunModel)" time="0.08" />
  <testcase classname="ptolemy.util.test.junit.AutoTests" name="[13] /home/travis/build/icyphy/ptII/ptolemy/actor/lib/hoc/test/auto/CatchUpComposite2.xml (RunModel)" time="0.078" />
  <testcase classname="ptolemy.util.test.junit.AutoTests" name="[14] /home/travis/build/icyphy/ptII/ptolemy/actor/lib/hoc/test/auto/CatchUpComposite3.xml (RunModel)" time="0.069" />
  <testcase classname="ptolemy.util.test.junit.AutoTests" name="[15] /home/travis/build/icyphy/ptII/ptolemy/actor/lib/hoc/test/auto/CatchUpComposite4.xml (RunModel)" time="0.064" />
  <testcase classname="ptolemy.util.test.junit.AutoTests" name="[16] /home/travis/build/icyphy/ptII/ptolemy/actor/lib/hoc/test/auto/CatchUpComposite5.xml (RunModel)" time="0.041" />
  <testcase classname="ptolemy.util.test.junit.AutoTests" name="[17] /home/travis/build/icyphy/ptII/ptolemy/actor/lib/hoc/test/auto/CatchUpComposite6.xml (RunModel)" time="0.169" />
  <testcase classname="ptolemy.util.test.junit.AutoTests" name="[18] /home/travis/build/icyphy/ptII/ptolemy/actor/lib/hoc/test/auto/CatchUpComposite7.xml (RunModel)" time="0.091" />
  <testcase classname="ptolemy.util.test.junit.AutoTests" name="[19] /home/travis/build/icyphy/ptII/ptolemy/actor/lib/hoc/test/auto/ConcurrentExecutionTimeSDF.xml (RunModel)" time="0.773" />
  <testcase classname="ptolemy.util.test.junit.AutoTests" name="[20] /home/travis/build/icyphy/ptII/ptolemy/actor/lib/hoc/test/auto/ConcurrentSleep.xml (RunModel)" time="0.778" />
  <testcase classname="ptolemy.util.test.junit.AutoTests" name="[21] /home/travis/build/icyphy/ptII/ptolemy/actor/lib/hoc/test/auto/DEInPNInRunCompositeActor.xml (RunModel)" time="0.034" />
  <testcase classname="ptolemy.util.test.junit.AutoTests" name="[22] /home/travis/build/icyphy/ptII/ptolemy/actor/lib/hoc/test/auto/DFTSubSetTest.xml (RunModel)" time="0.269" />
  <testcase classname="ptolemy.util.test.junit.AutoTests" name="[23] /home/travis/build/icyphy/ptII/ptolemy/actor/lib/hoc/test/auto/HocDE.xml (RunModel)" time="0.17" />
  <testcase classname="ptolemy.util.test.junit.AutoTests" name="[24] /home/travis/build/icyphy/ptII/ptolemy/actor/lib/hoc/test/auto/IterateOverArray.xml (RunModel)" time="0.049" />
  <testcase classname="ptolemy.util.test.junit.AutoTests" name="[25] /home/travis/build/icyphy/ptII/ptolemy/actor/lib/hoc/test/auto/IterateOverArray10.xml (RunModel)" time="0.031" />
  <testcase classname="ptolemy.util.test.junit.AutoTests" name="[26] /home/travis/build/icyphy/ptII/ptolemy/actor/lib/hoc/test/auto/IterateOverArray11.xml (RunModel)" time="0.032" />
  <testcase classname="ptolemy.util.test.junit.AutoTests" name="[27] /home/travis/build/icyphy/ptII/ptolemy/actor/lib/hoc/test/auto/IterateOverArray12.xml (RunModel)" time="0.034" />
  <testcase classname="ptolemy.util.test.junit.AutoTests" name="[28] /home/travis/build/icyphy/ptII/ptolemy/actor/lib/hoc/test/auto/IterateOverArray13.xml (RunModel)" time="0.151" />
  <testcase classname="ptolemy.util.test.junit.AutoTests" name="[29] /home/travis/build/icyphy/ptII/ptolemy/actor/lib/hoc/test/auto/IterateOverArray14.xml (RunModel)" time="0.131" />
  <testcase classname="ptolemy.util.test.junit.AutoTests" name="[30] /home/travis/build/icyphy/ptII/ptolemy/actor/lib/hoc/test/auto/IterateOverArray2.xml (RunModel)" time="0.039" />
  <testcase classname="ptolemy.util.test.junit.AutoTests" name="[31] /home/travis/build/icyphy/ptII/ptolemy/actor/lib/hoc/test/auto/IterateOverArray3.xml (RunModel)" time="0.042" />
  <testcase classname="ptolemy.util.test.junit.AutoTests" name="[32] /home/travis/build/icyphy/ptII/ptolemy/actor/lib/hoc/test/auto/IterateOverArray4.xml (RunModel)" time="0.026" />
  <testcase classname="ptolemy.util.test.junit.AutoTests" name="[33] /home/travis/build/icyphy/ptII/ptolemy/actor/lib/hoc/test/auto/IterateOverArray5.xml (RunModel)" time="0.018" />
  <testcase classname="ptolemy.util.test.junit.AutoTests" name="[34] /home/travis/build/icyphy/ptII/ptolemy/actor/lib/hoc/test/auto/IterateOverArray6.xml (RunModel)" time="0.011" />
  <testcase classname="ptolemy.util.test.junit.AutoTests" name="[35] /home/travis/build/icyphy/ptII/ptolemy/actor/lib/hoc/test/auto/IterateOverArray7.xml (RunModel)" time="0.02" />
  <testcase classname="ptolemy.util.test.junit.AutoTests" name="[36] /home/travis/build/icyphy/ptII/ptolemy/actor/lib/hoc/test/auto/IterateOverArray8.xml (RunModel)" time="0.018" />
  <testcase classname="ptolemy.util.test.junit.AutoTests" name="[37] /home/travis/build/icyphy/ptII/ptolemy/actor/lib/hoc/test/auto/IterateOverArray9.xml (RunModel)" time="0.016" />
  <testcase classname="ptolemy.util.test.junit.AutoTests" name="[38] /home/travis/build/icyphy/ptII/ptolemy/actor/lib/hoc/test/auto/IterateOverArrayCoercedOutputType.xml (RunModel)" time="0.033" />
  <testcase classname="ptolemy.util.test.junit.AutoTests" name="[39] /home/travis/build/icyphy/ptII/ptolemy/actor/lib/hoc/test/auto/IterateOverArrayInferredOutputType.xml (RunModel)" time="0.03" />
  <testcase classname="ptolemy.util.test.junit.AutoTests" name="[40] /home/travis/build/icyphy/ptII/ptolemy/actor/lib/hoc/test/auto/MobileFunctionTest.xml (RunModel)" time="0.026" />
  <testcase classname="ptolemy.util.test.junit.AutoTests" name="[41] /home/travis/build/icyphy/ptII/ptolemy/actor/lib/hoc/test/auto/MobileModelTest.xml (RunModel)" time="0.174" />
  <testcase classname="ptolemy.util.test.junit.AutoTests" name="[42] /home/travis/build/icyphy/ptII/ptolemy/actor/lib/hoc/test/auto/ModelReference.xml (RunModel)" time="0.078" />
  <testcase classname="ptolemy.util.test.junit.AutoTests" name="[43] /home/travis/build/icyphy/ptII/ptolemy/actor/lib/hoc/test/auto/ModelReference3.xml (RunModel)" time="0.049" />
  <testcase classname="ptolemy.util.test.junit.AutoTests" name="[44] /home/travis/build/icyphy/ptII/ptolemy/actor/lib/hoc/test/auto/ModelReference4.xml (RunModel)" time="10.031" />
  <testcase classname="ptolemy.util.test.junit.AutoTests" name="[45] /home/travis/build/icyphy/ptII/ptolemy/actor/lib/hoc/test/auto/MultiInstanceComposite.xml (RunModel)" time="0.059" />
  <testcase classname="ptolemy.util.test.junit.AutoTests" name="[46] /home/travis/build/icyphy/ptII/ptolemy/actor/lib/hoc/test/auto/MultiInstanceComposite2.xml (RunModel)" time="0.047" />
  <testcase classname="ptolemy.util.test.junit.AutoTests" name="[47] /home/travis/build/icyphy/ptII/ptolemy/actor/lib/hoc/test/auto/MulticoreExecution.xml (RunModel)" time="1.058" />
  <testcase classname="ptolemy.util.test.junit.AutoTests" name="[48] /home/travis/build/icyphy/ptII/ptolemy/actor/lib/hoc/test/auto/ParallelExecution.xml (RunModel)" time="0.937" />
  <testcase classname="ptolemy.util.test.junit.AutoTests" name="[49] /home/travis/build/icyphy/ptII/ptolemy/actor/lib/hoc/test/auto/RunCompositeActor.xml (RunModel)" time="0.02" />
  <testcase classname="ptolemy.util.test.junit.AutoTests" name="[50] /home/travis/build/icyphy/ptII/ptolemy/actor/lib/hoc/test/auto/RunCompositeActor2.xml (RunModel)" time="0.017" />
  <testcase classname="ptolemy.util.test.junit.AutoTests" name="[51] /home/travis/build/icyphy/ptII/ptolemy/actor/lib/hoc/test/auto/RunCompositeActor3.xml (RunModel)" time="0.026" />
  <testcase classname="ptolemy.util.test.junit.AutoTests" name="[52] /home/travis/build/icyphy/ptII/ptolemy/actor/lib/hoc/test/auto/RunCompositeActor4.xml (RunModel)" time="0.025" />
  <testcase classname="ptolemy.util.test.junit.AutoTests" name="[53] /home/travis/build/icyphy/ptII/ptolemy/actor/lib/hoc/test/auto/RunCompositeIterateOverArray.xml (RunModel)" time="0.022" />
  <testcase classname="ptolemy.util.test.junit.AutoTests" name="[54] /home/travis/build/icyphy/ptII/ptolemy/actor/lib/hoc/test/auto/ThreadedJS.xml (RunModel)" time="11.97" />
  <system-out><![CDATA[/home/travis/build/icyphy/ptII/ptolemy/actor/lib/hoc/test/IterateOverArray.tcl
testDefs.tcl: setting time out to 9000 seconds at Thu Mar 05 11:53:01 UTC 2020
03/05/20 11:53:02
Failed: 0  Total Tests: 2  ((Passed: 2, Newly Passed: 0)  Known Failed: 0) /home/travis/build/icyphy/ptII/ptolemy/actor/lib/hoc/test
----------------- testing (KnownFailure) /home/travis/build/icyphy/ptII/ptolemy/actor/lib/hoc/test/auto/knownFailedTests/PreinitializeMustBeInvokedRunComposite.xml
126 ms. Memory: 129024K Free: 86466K (67%)
Known Failure: java.lang.reflect.InvocationTargetException
No auto/linux-amd64/*.xml tests in /home/travis/build/icyphy/ptII/ptolemy/actor/lib/hoc/test
AutoTests.java: About to close Vertx.
AutoTests.java: Vertx closed.

===========================================================================================
----------------- testing Thu Mar 05 11:53:02 UTC 2020 /home/travis/build/icyphy/ptII/ptolemy/actor/lib/hoc/test/auto/AllToAllMultiInstanceComposite.xml
----------------- Instantiating /home/travis/build/icyphy/ptII/ptolemy/actor/lib/hoc/test/auto/AllToAllMultiInstanceComposite.xml
235 ms. Memory: 129024K Free: 107630K (83%)
----------------- Invoking toplevel() on ptolemy.moml.MoMLSimpleApplication@664e85dd
----------------- Done invoking toplevel() on ptolemy.moml.MoMLSimpleApplication@664e85dd
reloadAllAccessors: .AllToAllMultiInstanceComposite

===========================================================================================
----------------- testing Thu Mar 05 11:53:03 UTC 2020 /home/travis/build/icyphy/ptII/ptolemy/actor/lib/hoc/test/auto/ApplyFFTTest.xml
----------------- Instantiating /home/travis/build/icyphy/ptII/ptolemy/actor/lib/hoc/test/auto/ApplyFFTTest.xml
155 ms. Memory: 129024K Free: 88786K (69%)
----------------- Invoking toplevel() on ptolemy.moml.MoMLSimpleApplication@7fe899a2
----------------- Done invoking toplevel() on ptolemy.moml.MoMLSimpleApplication@7fe899a2
reloadAllAccessors: .ApplyFFTTest

===========================================================================================
----------------- testing Thu Mar 05 11:53:03 UTC 2020 /home/travis/build/icyphy/ptII/ptolemy/actor/lib/hoc/test/auto/ApplyFunction.xml
----------------- Instantiating /home/travis/build/icyphy/ptII/ptolemy/actor/lib/hoc/test/auto/ApplyFunction.xml
12 ms. Memory: 129024K Free: 85684K (66%)
----------------- Invoking toplevel() on ptolemy.moml.MoMLSimpleApplication@126b111d
----------------- Done invoking toplevel() on ptolemy.moml.MoMLSimpleApplication@126b111d
reloadAllAccessors: .ApplyFunction

===========================================================================================
----------------- testing Thu Mar 05 11:53:03 UTC 2020 /home/travis/build/icyphy/ptII/ptolemy/actor/lib/hoc/test/auto/BackgroundExecution.xml
----------------- Instantiating /home/travis/build/icyphy/ptII/ptolemy/actor/lib/hoc/test/auto/BackgroundExecution.xml
635 ms. Memory: 129024K Free: 108549K (84%)
----------------- Invoking toplevel() on ptolemy.moml.MoMLSimpleApplication@56911a61
----------------- Done invoking toplevel() on ptolemy.moml.MoMLSimpleApplication@56911a61
reloadAllAccessors: .BackgroundExecution

===========================================================================================
----------------- testing Thu Mar 05 11:53:04 UTC 2020 /home/travis/build/icyphy/ptII/ptolemy/actor/lib/hoc/test/auto/Case.xml
----------------- Instantiating /home/travis/build/icyphy/ptII/ptolemy/actor/lib/hoc/test/auto/Case.xml
15 ms. Memory: 129024K Free: 101377K (79%)
----------------- Invoking toplevel() on ptolemy.moml.MoMLSimpleApplication@138ea85b
----------------- Done invoking toplevel() on ptolemy.moml.MoMLSimpleApplication@138ea85b
reloadAllAccessors: .Case

===========================================================================================
----------------- testing Thu Mar 05 11:53:04 UTC 2020 /home/travis/build/icyphy/ptII/ptolemy/actor/lib/hoc/test/auto/Case1.xml
----------------- Instantiating /home/travis/build/icyphy/ptII/ptolemy/actor/lib/hoc/test/auto/Case1.xml
18 ms. Memory: 129024K Free: 94862K (74%)
----------------- Invoking toplevel() on ptolemy.moml.MoMLSimpleApplication@1d3c0f6e
----------------- Done invoking toplevel() on ptolemy.moml.MoMLSimpleApplication@1d3c0f6e
reloadAllAccessors: .Case1

===========================================================================================
----------------- testing Thu Mar 05 11:53:04 UTC 2020 /home/travis/build/icyphy/ptII/ptolemy/actor/lib/hoc/test/auto/Case2.xml
----------------- Instantiating /home/travis/build/icyphy/ptII/ptolemy/actor/lib/hoc/test/auto/Case2.xml
38 ms. Memory: 129024K Free: 84622K (66%)
----------------- Invoking toplevel() on ptolemy.moml.MoMLSimpleApplication@17072ef0
----------------- Done invoking toplevel() on ptolemy.moml.MoMLSimpleApplication@17072ef0
reloadAllAccessors: .Case2

===========================================================================================
----------------- testing Thu Mar 05 11:53:04 UTC 2020 /home/travis/build/icyphy/ptII/ptolemy/actor/lib/hoc/test/auto/Case3.xml
----------------- Instantiating /home/travis/build/icyphy/ptII/ptolemy/actor/lib/hoc/test/auto/Case3.xml
11 ms. Memory: 129024K Free: 78825K (61%)
----------------- Invoking toplevel() on ptolemy.moml.MoMLSimpleApplication@52ef0c91
----------------- Done invoking toplevel() on ptolemy.moml.MoMLSimpleApplication@52ef0c91
reloadAllAccessors: .Case3

===========================================================================================
----------------- testing Thu Mar 05 11:53:04 UTC 2020 /home/travis/build/icyphy/ptII/ptolemy/actor/lib/hoc/test/auto/Case4.xml
----------------- Instantiating /home/travis/build/icyphy/ptII/ptolemy/actor/lib/hoc/test/auto/Case4.xml
9 ms. Memory: 129024K Free: 110790K (86%)
----------------- Invoking toplevel() on ptolemy.moml.MoMLSimpleApplication@73607b3
----------------- Done invoking toplevel() on ptolemy.moml.MoMLSimpleApplication@73607b3
reloadAllAccessors: .Case4

===========================================================================================
----------------- testing Thu Mar 05 11:53:04 UTC 2020 /home/travis/build/icyphy/ptII/ptolemy/actor/lib/hoc/test/auto/Case5.xml
----------------- Instantiating /home/travis/build/icyphy/ptII/ptolemy/actor/lib/hoc/test/auto/Case5.xml
43 ms. Memory: 129024K Free: 103978K (81%)
----------------- Invoking toplevel() on ptolemy.moml.MoMLSimpleApplication@2c71ed40
----------------- Done invoking toplevel() on ptolemy.moml.MoMLSimpleApplication@2c71ed40
reloadAllAccessors: .junk

===========================================================================================
----------------- testing Thu Mar 05 11:53:04 UTC 2020 /home/travis/build/icyphy/ptII/ptolemy/actor/lib/hoc/test/auto/Case6.xml
----------------- Instantiating /home/travis/build/icyphy/ptII/ptolemy/actor/lib/hoc/test/auto/Case6.xml
37 ms. Memory: 129024K Free: 92359K (72%)
----------------- Invoking toplevel() on ptolemy.moml.MoMLSimpleApplication@5d9f49a2
----------------- Done invoking toplevel() on ptolemy.moml.MoMLSimpleApplication@5d9f49a2
reloadAllAccessors: .Case6

===========================================================================================
----------------- testing Thu Mar 05 11:53:05 UTC 2020 /home/travis/build/icyphy/ptII/ptolemy/actor/lib/hoc/test/auto/CaseString2.xml
----------------- Instantiating /home/travis/build/icyphy/ptII/ptolemy/actor/lib/hoc/test/auto/CaseString2.xml
16 ms. Memory: 129024K Free: 84492K (65%)
----------------- Invoking toplevel() on ptolemy.moml.MoMLSimpleApplication@6b9c5338
----------------- Done invoking toplevel() on ptolemy.moml.MoMLSimpleApplication@6b9c5338
reloadAllAccessors: .CaseString2

===========================================================================================
----------------- testing Thu Mar 05 11:53:05 UTC 2020 /home/travis/build/icyphy/ptII/ptolemy/actor/lib/hoc/test/auto/CatchUpComposite1.xml
----------------- Instantiating /home/travis/build/icyphy/ptII/ptolemy/actor/lib/hoc/test/auto/CatchUpComposite1.xml
30 ms. Memory: 129024K Free: 75663K (59%)
----------------- Invoking toplevel() on ptolemy.moml.MoMLSimpleApplication@48d218ca
----------------- Done invoking toplevel() on ptolemy.moml.MoMLSimpleApplication@48d218ca
reloadAllAccessors: .CatchUpComposite1

===========================================================================================
----------------- testing Thu Mar 05 11:53:05 UTC 2020 /home/travis/build/icyphy/ptII/ptolemy/actor/lib/hoc/test/auto/CatchUpComposite2.xml
----------------- Instantiating /home/travis/build/icyphy/ptII/ptolemy/actor/lib/hoc/test/auto/CatchUpComposite2.xml
18 ms. Memory: 129024K Free: 67471K (52%)
----------------- Invoking toplevel() on ptolemy.moml.MoMLSimpleApplication@6de5ef6f
----------------- Done invoking toplevel() on ptolemy.moml.MoMLSimpleApplication@6de5ef6f
reloadAllAccessors: .CatchUpComposite2

===========================================================================================
----------------- testing Thu Mar 05 11:53:05 UTC 2020 /home/travis/build/icyphy/ptII/ptolemy/actor/lib/hoc/test/auto/CatchUpComposite3.xml
----------------- Instantiating /home/travis/build/icyphy/ptII/ptolemy/actor/lib/hoc/test/auto/CatchUpComposite3.xml
27 ms. Memory: 129024K Free: 110791K (86%)
----------------- Invoking toplevel() on ptolemy.moml.MoMLSimpleApplication@15c01f13
----------------- Done invoking toplevel() on ptolemy.moml.MoMLSimpleApplication@15c01f13
reloadAllAccessors: .CatchUpComposite3

===========================================================================================
----------------- testing Thu Mar 05 11:53:05 UTC 2020 /home/travis/build/icyphy/ptII/ptolemy/actor/lib/hoc/test/auto/CatchUpComposite4.xml
----------------- Instantiating /home/travis/build/icyphy/ptII/ptolemy/actor/lib/hoc/test/auto/CatchUpComposite4.xml
18 ms. Memory: 129024K Free: 102561K (79%)
----------------- Invoking toplevel() on ptolemy.moml.MoMLSimpleApplication@464e3782
----------------- Done invoking toplevel() on ptolemy.moml.MoMLSimpleApplication@464e3782
reloadAllAccessors: .CatchUpComposite4

===========================================================================================
----------------- testing Thu Mar 05 11:53:05 UTC 2020 /home/travis/build/icyphy/ptII/ptolemy/actor/lib/hoc/test/auto/CatchUpComposite5.xml
----------------- Instantiating /home/travis/build/icyphy/ptII/ptolemy/actor/lib/hoc/test/auto/CatchUpComposite5.xml
13 ms. Memory: 129024K Free: 94908K (74%)
----------------- Invoking toplevel() on ptolemy.moml.MoMLSimpleApplication@670c00ea
----------------- Done invoking toplevel() on ptolemy.moml.MoMLSimpleApplication@670c00ea
reloadAllAccessors: .CatchUpComposite5

===========================================================================================
----------------- testing Thu Mar 05 11:53:05 UTC 2020 /home/travis/build/icyphy/ptII/ptolemy/actor/lib/hoc/test/auto/CatchUpComposite6.xml
----------------- Instantiating /home/travis/build/icyphy/ptII/ptolemy/actor/lib/hoc/test/auto/CatchUpComposite6.xml
WARNING: The execution aspects in this model can influence the timing of actors by delaying the 
execution, potentially changing the behavior. There is no guarantee that actors fire at the 
time they request to be fired. 
Use Ptides for deterministic DE behavior that is not influenced by execution aspects. 

92 ms. Memory: 129024K Free: 80071K (62%)
----------------- Invoking toplevel() on ptolemy.moml.MoMLSimpleApplication@22d82d4a
----------------- Done invoking toplevel() on ptolemy.moml.MoMLSimpleApplication@22d82d4a
reloadAllAccessors: .CatchUpComposite6

===========================================================================================
----------------- testing Thu Mar 05 11:53:05 UTC 2020 /home/travis/build/icyphy/ptII/ptolemy/actor/lib/hoc/test/auto/CatchUpComposite7.xml
----------------- Instantiating /home/travis/build/icyphy/ptII/ptolemy/actor/lib/hoc/test/auto/CatchUpComposite7.xml
WARNING: The execution aspects in this model can influence the timing of actors by delaying the 
execution, potentially changing the behavior. There is no guarantee that actors fire at the 
time they request to be fired. 
Use Ptides for deterministic DE behavior that is not influenced by execution aspects. 

31 ms. Memory: 129024K Free: 66261K (51%)
----------------- Invoking toplevel() on ptolemy.moml.MoMLSimpleApplication@2d76a6f8
----------------- Done invoking toplevel() on ptolemy.moml.MoMLSimpleApplication@2d76a6f8
reloadAllAccessors: .CatchUpComposite7

===========================================================================================
----------------- testing Thu Mar 05 11:53:05 UTC 2020 /home/travis/build/icyphy/ptII/ptolemy/actor/lib/hoc/test/auto/ConcurrentExecutionTimeSDF.xml
----------------- Instantiating /home/travis/build/icyphy/ptII/ptolemy/actor/lib/hoc/test/auto/ConcurrentExecutionTimeSDF.xml
Fired ExecutionTime: 40400000
Fired ExecutionTime: 40400000
Fired ExecutionTime: 40400000
Fired ExecutionTime: 40400000
Fired ExecutionTime: 40400000
Fired ExecutionTime: 40400000
Fired ExecutionTime: 40400000
Fired ExecutionTime: 40400000
Fired ExecutionTime: 40400000
Fired ExecutionTime: 40400000
Fired ExecutionTime: 40400000
Fired ExecutionTime: 40400000
Fired ExecutionTime: 40400000
Fired ExecutionTime: 40400000
Fired ExecutionTime: 40400000
Fired ExecutionTime: 40400000
Fired ExecutionTime: 40400000
Fired ExecutionTime: 40400000
Fired ExecutionTime: 40400000
Fired ExecutionTime: 40400000
744 ms. Memory: 129024K Free: 59093K (46%)
----------------- Invoking toplevel() on ptolemy.moml.MoMLSimpleApplication@14f17572
----------------- Done invoking toplevel() on ptolemy.moml.MoMLSimpleApplication@14f17572
reloadAllAccessors: .ConcurrentExecutionTimeSDF

===========================================================================================
----------------- testing Thu Mar 05 11:53:06 UTC 2020 /home/travis/build/icyphy/ptII/ptolemy/actor/lib/hoc/test/auto/ConcurrentSleep.xml
----------------- Instantiating /home/travis/build/icyphy/ptII/ptolemy/actor/lib/hoc/test/auto/ConcurrentSleep.xml
736 ms. Memory: 129024K Free: 48328K (37%)
----------------- Invoking toplevel() on ptolemy.moml.MoMLSimpleApplication@42df07a6
----------------- Done invoking toplevel() on ptolemy.moml.MoMLSimpleApplication@42df07a6
reloadAllAccessors: .ConcurrentSleep

===========================================================================================
----------------- testing Thu Mar 05 11:53:07 UTC 2020 /home/travis/build/icyphy/ptII/ptolemy/actor/lib/hoc/test/auto/DEInPNInRunCompositeActor.xml
----------------- Instantiating /home/travis/build/icyphy/ptII/ptolemy/actor/lib/hoc/test/auto/DEInPNInRunCompositeActor.xml
12 ms. Memory: 129024K Free: 41660K (32%)
----------------- Invoking toplevel() on ptolemy.moml.MoMLSimpleApplication@3ae0ac6d
----------------- Done invoking toplevel() on ptolemy.moml.MoMLSimpleApplication@3ae0ac6d
reloadAllAccessors: .DEInPNInRunCompositeActor

===========================================================================================
----------------- testing Thu Mar 05 11:53:07 UTC 2020 /home/travis/build/icyphy/ptII/ptolemy/actor/lib/hoc/test/auto/DFTSubSetTest.xml
----------------- Instantiating /home/travis/build/icyphy/ptII/ptolemy/actor/lib/hoc/test/auto/DFTSubSetTest.xml
171 ms. Memory: 129024K Free: 73641K (57%)
----------------- Invoking toplevel() on ptolemy.moml.MoMLSimpleApplication@62ade71a
----------------- Done invoking toplevel() on ptolemy.moml.MoMLSimpleApplication@62ade71a
reloadAllAccessors: .DFTSubSetTest

===========================================================================================
----------------- testing Thu Mar 05 11:53:07 UTC 2020 /home/travis/build/icyphy/ptII/ptolemy/actor/lib/hoc/test/auto/HocDE.xml
----------------- Instantiating /home/travis/build/icyphy/ptII/ptolemy/actor/lib/hoc/test/auto/HocDE.xml
122 ms. Memory: 129024K Free: 49065K (38%)
----------------- Invoking toplevel() on ptolemy.moml.MoMLSimpleApplication@7867f119
----------------- Done invoking toplevel() on ptolemy.moml.MoMLSimpleApplication@7867f119
reloadAllAccessors: .HocDE

===========================================================================================
----------------- testing Thu Mar 05 11:53:07 UTC 2020 /home/travis/build/icyphy/ptII/ptolemy/actor/lib/hoc/test/auto/IterateOverArray.xml
----------------- Instantiating /home/travis/build/icyphy/ptII/ptolemy/actor/lib/hoc/test/auto/IterateOverArray.xml
7 ms. Memory: 129024K Free: 44471K (34%)
----------------- Invoking toplevel() on ptolemy.moml.MoMLSimpleApplication@23f1fbe
----------------- Done invoking toplevel() on ptolemy.moml.MoMLSimpleApplication@23f1fbe
reloadAllAccessors: .IterateOverArray

===========================================================================================
----------------- testing Thu Mar 05 11:53:07 UTC 2020 /home/travis/build/icyphy/ptII/ptolemy/actor/lib/hoc/test/auto/IterateOverArray10.xml
----------------- Instantiating /home/travis/build/icyphy/ptII/ptolemy/actor/lib/hoc/test/auto/IterateOverArray10.xml
5 ms. Memory: 129024K Free: 41377K (32%)
----------------- Invoking toplevel() on ptolemy.moml.MoMLSimpleApplication@1abab573
----------------- Done invoking toplevel() on ptolemy.moml.MoMLSimpleApplication@1abab573
reloadAllAccessors: .IterateOverArray10

===========================================================================================
----------------- testing Thu Mar 05 11:53:07 UTC 2020 /home/travis/build/icyphy/ptII/ptolemy/actor/lib/hoc/test/auto/IterateOverArray11.xml
----------------- Instantiating /home/travis/build/icyphy/ptII/ptolemy/actor/lib/hoc/test/auto/IterateOverArray11.xml
4 ms. Memory: 129024K Free: 112058K (87%)
----------------- Invoking toplevel() on ptolemy.moml.MoMLSimpleApplication@6a1f1ccd
----------------- Done invoking toplevel() on ptolemy.moml.MoMLSimpleApplication@6a1f1ccd
reloadAllAccessors: .IterateOverArray11

===========================================================================================
----------------- testing Thu Mar 05 11:53:07 UTC 2020 /home/travis/build/icyphy/ptII/ptolemy/actor/lib/hoc/test/auto/IterateOverArray12.xml
----------------- Instantiating /home/travis/build/icyphy/ptII/ptolemy/actor/lib/hoc/test/auto/IterateOverArray12.xml
12 ms. Memory: 129024K Free: 105916K (82%)
----------------- Invoking toplevel() on ptolemy.moml.MoMLSimpleApplication@39dd22e0
----------------- Done invoking toplevel() on ptolemy.moml.MoMLSimpleApplication@39dd22e0
reloadAllAccessors: .IterateOverArray12

===========================================================================================
----------------- testing Thu Mar 05 11:53:07 UTC 2020 /home/travis/build/icyphy/ptII/ptolemy/actor/lib/hoc/test/auto/IterateOverArray13.xml
----------------- Instantiating /home/travis/build/icyphy/ptII/ptolemy/actor/lib/hoc/test/auto/IterateOverArray13.xml
66 ms. Memory: 129024K Free: 76743K (59%)
----------------- Invoking toplevel() on ptolemy.moml.MoMLSimpleApplication@3f4ed7b8
----------------- Done invoking toplevel() on ptolemy.moml.MoMLSimpleApplication@3f4ed7b8
reloadAllAccessors: .IterateOverArray13

===========================================================================================
----------------- testing Thu Mar 05 11:53:08 UTC 2020 /home/travis/build/icyphy/ptII/ptolemy/actor/lib/hoc/test/auto/IterateOverArray14.xml
----------------- Instantiating /home/travis/build/icyphy/ptII/ptolemy/actor/lib/hoc/test/auto/IterateOverArray14.xml
61 ms. Memory: 129024K Free: 43477K (34%)
----------------- Invoking toplevel() on ptolemy.moml.MoMLSimpleApplication@57ec219a
----------------- Done invoking toplevel() on ptolemy.moml.MoMLSimpleApplication@57ec219a
reloadAllAccessors: .IterateOverArray14

===========================================================================================
----------------- testing Thu Mar 05 11:53:08 UTC 2020 /home/travis/build/icyphy/ptII/ptolemy/actor/lib/hoc/test/auto/IterateOverArray2.xml
----------------- Instantiating /home/travis/build/icyphy/ptII/ptolemy/actor/lib/hoc/test/auto/IterateOverArray2.xml
20 ms. Memory: 129024K Free: 113755K (88%)
----------------- Invoking toplevel() on ptolemy.moml.MoMLSimpleApplication@5ae5369
----------------- Done invoking toplevel() on ptolemy.moml.MoMLSimpleApplication@5ae5369
reloadAllAccessors: .IterateOverArray2

===========================================================================================
----------------- testing Thu Mar 05 11:53:08 UTC 2020 /home/travis/build/icyphy/ptII/ptolemy/actor/lib/hoc/test/auto/IterateOverArray3.xml
----------------- Instantiating /home/travis/build/icyphy/ptII/ptolemy/actor/lib/hoc/test/auto/IterateOverArray3.xml
17 ms. Memory: 129024K Free: 107614K (83%)
----------------- Invoking toplevel() on ptolemy.moml.MoMLSimpleApplication@34431f2a
----------------- Done invoking toplevel() on ptolemy.moml.MoMLSimpleApplication@34431f2a
reloadAllAccessors: .IterateOverArray3

===========================================================================================
----------------- testing Thu Mar 05 11:53:08 UTC 2020 /home/travis/build/icyphy/ptII/ptolemy/actor/lib/hoc/test/auto/IterateOverArray4.xml
----------------- Instantiating /home/travis/build/icyphy/ptII/ptolemy/actor/lib/hoc/test/auto/IterateOverArray4.xml
5 ms. Memory: 129024K Free: 103541K (80%)
----------------- Invoking toplevel() on ptolemy.moml.MoMLSimpleApplication@d5a52f6
----------------- Done invoking toplevel() on ptolemy.moml.MoMLSimpleApplication@d5a52f6
reloadAllAccessors: .IterateOverArray4

===========================================================================================
----------------- testing Thu Mar 05 11:53:08 UTC 2020 /home/travis/build/icyphy/ptII/ptolemy/actor/lib/hoc/test/auto/IterateOverArray5.xml
----------------- Instantiating /home/travis/build/icyphy/ptII/ptolemy/actor/lib/hoc/test/auto/IterateOverArray5.xml
3 ms. Memory: 129024K Free: 99445K (77%)
----------------- Invoking toplevel() on ptolemy.moml.MoMLSimpleApplication@4e242c17
----------------- Done invoking toplevel() on ptolemy.moml.MoMLSimpleApplication@4e242c17
reloadAllAccessors: .IterateOverArray5

===========================================================================================
----------------- testing Thu Mar 05 11:53:08 UTC 2020 /home/travis/build/icyphy/ptII/ptolemy/actor/lib/hoc/test/auto/IterateOverArray6.xml
----------------- Instantiating /home/travis/build/icyphy/ptII/ptolemy/actor/lib/hoc/test/auto/IterateOverArray6.xml
3 ms. Memory: 129024K Free: 95875K (74%)
----------------- Invoking toplevel() on ptolemy.moml.MoMLSimpleApplication@27acf888
----------------- Done invoking toplevel() on ptolemy.moml.MoMLSimpleApplication@27acf888
reloadAllAccessors: .IterateOverArray6

===========================================================================================
----------------- testing Thu Mar 05 11:53:08 UTC 2020 /home/travis/build/icyphy/ptII/ptolemy/actor/lib/hoc/test/auto/IterateOverArray7.xml
----------------- Instantiating /home/travis/build/icyphy/ptII/ptolemy/actor/lib/hoc/test/auto/IterateOverArray7.xml
4 ms. Memory: 129024K Free: 91253K (71%)
----------------- Invoking toplevel() on ptolemy.moml.MoMLSimpleApplication@1a466bfa
----------------- Done invoking toplevel() on ptolemy.moml.MoMLSimpleApplication@1a466bfa
reloadAllAccessors: .IterateOverArray7

===========================================================================================
----------------- testing Thu Mar 05 11:53:08 UTC 2020 /home/travis/build/icyphy/ptII/ptolemy/actor/lib/hoc/test/auto/IterateOverArray8.xml
----------------- Instantiating /home/travis/build/icyphy/ptII/ptolemy/actor/lib/hoc/test/auto/IterateOverArray8.xml
4 ms. Memory: 129024K Free: 87157K (68%)
----------------- Invoking toplevel() on ptolemy.moml.MoMLSimpleApplication@68348f00
----------------- Done invoking toplevel() on ptolemy.moml.MoMLSimpleApplication@68348f00
reloadAllAccessors: .IterateOverArray8

===========================================================================================
----------------- testing Thu Mar 05 11:53:08 UTC 2020 /home/travis/build/icyphy/ptII/ptolemy/actor/lib/hoc/test/auto/IterateOverArray9.xml
----------------- Instantiating /home/travis/build/icyphy/ptII/ptolemy/actor/lib/hoc/test/auto/IterateOverArray9.xml
4 ms. Memory: 129024K Free: 83061K (64%)
----------------- Invoking toplevel() on ptolemy.moml.MoMLSimpleApplication@1e2a2886
----------------- Done invoking toplevel() on ptolemy.moml.MoMLSimpleApplication@1e2a2886
reloadAllAccessors: .IterateOverArray9

===========================================================================================
----------------- testing Thu Mar 05 11:53:08 UTC 2020 /home/travis/build/icyphy/ptII/ptolemy/actor/lib/hoc/test/auto/IterateOverArrayCoercedOutputType.xml
----------------- Instantiating /home/travis/build/icyphy/ptII/ptolemy/actor/lib/hoc/test/auto/IterateOverArrayCoercedOutputType.xml
5 ms. Memory: 129024K Free: 77941K (60%)
----------------- Invoking toplevel() on ptolemy.moml.MoMLSimpleApplication@576b02c5
----------------- Done invoking toplevel() on ptolemy.moml.MoMLSimpleApplication@576b02c5
reloadAllAccessors: .IterateOverArrayCoercedOutputType

===========================================================================================
----------------- testing Thu Mar 05 11:53:08 UTC 2020 /home/travis/build/icyphy/ptII/ptolemy/actor/lib/hoc/test/auto/IterateOverArrayInferredOutputType.xml
----------------- Instantiating /home/travis/build/icyphy/ptII/ptolemy/actor/lib/hoc/test/auto/IterateOverArrayInferredOutputType.xml
8 ms. Memory: 129024K Free: 73347K (57%)
----------------- Invoking toplevel() on ptolemy.moml.MoMLSimpleApplication@339505fa
----------------- Done invoking toplevel() on ptolemy.moml.MoMLSimpleApplication@339505fa
reloadAllAccessors: .IterateOverArrayInferredOutputType

===========================================================================================
----------------- testing Thu Mar 05 11:53:08 UTC 2020 /home/travis/build/icyphy/ptII/ptolemy/actor/lib/hoc/test/auto/MobileFunctionTest.xml
----------------- Instantiating /home/travis/build/icyphy/ptII/ptolemy/actor/lib/hoc/test/auto/MobileFunctionTest.xml
3 ms. Memory: 129024K Free: 69229K (54%)
----------------- Invoking toplevel() on ptolemy.moml.MoMLSimpleApplication@4e41f092
----------------- Done invoking toplevel() on ptolemy.moml.MoMLSimpleApplication@4e41f092
reloadAllAccessors: .MobileFunctionTest

===========================================================================================
----------------- testing Thu Mar 05 11:53:08 UTC 2020 /home/travis/build/icyphy/ptII/ptolemy/actor/lib/hoc/test/auto/MobileModelTest.xml
----------------- Instantiating /home/travis/build/icyphy/ptII/ptolemy/actor/lib/hoc/test/auto/MobileModelTest.xml
147 ms. Memory: 129024K Free: 48245K (37%)
----------------- Invoking toplevel() on ptolemy.moml.MoMLSimpleApplication@5fe89797
----------------- Done invoking toplevel() on ptolemy.moml.MoMLSimpleApplication@5fe89797
reloadAllAccessors: .MobileModelTest

===========================================================================================
----------------- testing Thu Mar 05 11:53:08 UTC 2020 /home/travis/build/icyphy/ptII/ptolemy/actor/lib/hoc/test/auto/ModelReference.xml
----------------- Instantiating /home/travis/build/icyphy/ptII/ptolemy/actor/lib/hoc/test/auto/ModelReference.xml
3 ms. Memory: 129024K Free: 41578K (32%)
4 ms. Memory: 129024K Free: 41039K (32%)
2 ms. Memory: 129024K Free: 40031K (31%)
10 ms. Memory: 169984K Free: 154579K (91%)
2 ms. Memory: 169984K Free: 153950K (91%)
1 ms. Memory: 169984K Free: 153129K (90%)
2 ms. Memory: 169984K Free: 152105K (89%)
2 ms. Memory: 169984K Free: 151507K (89%)
1 ms. Memory: 169984K Free: 150467K (89%)
2 ms. Memory: 169984K Free: 149854K (88%)
37 ms. Memory: 169984K Free: 149854K (88%)
----------------- Invoking toplevel() on ptolemy.moml.MoMLSimpleApplication@4bb423af
----------------- Done invoking toplevel() on ptolemy.moml.MoMLSimpleApplication@4bb423af
reloadAllAccessors: .ModelReference

===========================================================================================
----------------- testing Thu Mar 05 11:53:08 UTC 2020 /home/travis/build/icyphy/ptII/ptolemy/actor/lib/hoc/test/auto/ModelReference3.xml
----------------- Instantiating /home/travis/build/icyphy/ptII/ptolemy/actor/lib/hoc/test/auto/ModelReference3.xml
2 ms. Memory: 169984K Free: 144206K (85%)
5 ms. Memory: 169984K Free: 143708K (85%)
1 ms. Memory: 169984K Free: 142691K (84%)
4 ms. Memory: 169984K Free: 142179K (84%)
2 ms. Memory: 169984K Free: 141133K (83%)
2 ms. Memory: 169984K Free: 140109K (82%)
3 ms. Memory: 169984K Free: 139614K (82%)
4 ms. Memory: 169984K Free: 138597K (82%)
3 ms. Memory: 169984K Free: 138069K (81%)
2 ms. Memory: 169984K Free: 137037K (81%)
36 ms. Memory: 169984K Free: 137037K (81%)
----------------- Invoking toplevel() on ptolemy.moml.MoMLSimpleApplication@7c1fdf65
----------------- Done invoking toplevel() on ptolemy.moml.MoMLSimpleApplication@7c1fdf65
reloadAllAccessors: .ModelReference3

===========================================================================================
----------------- testing Thu Mar 05 11:53:08 UTC 2020 /home/travis/build/icyphy/ptII/ptolemy/actor/lib/hoc/test/auto/ModelReference4.xml
----------------- Instantiating /home/travis/build/icyphy/ptII/ptolemy/actor/lib/hoc/test/auto/ModelReference4.xml
3 ms. Memory: 169984K Free: 132446K (78%)
3 ms. Memory: 169984K Free: 130909K (77%)
2 ms. Memory: 169984K Free: 129870K (76%)
7 ms. Memory: 169984K Free: 128371K (76%)
3 ms. Memory: 169984K Free: 127326K (75%)
8 ms. Memory: 169984K Free: 126323K (74%)
3 ms. Memory: 169984K Free: 124779K (73%)
3 ms. Memory: 169984K Free: 123741K (73%)
3 ms. Memory: 169984K Free: 122227K (72%)
3 ms. Memory: 169984K Free: 121182K (71%)
10017 ms. Memory: 169984K Free: 121182K (71%)
----------------- Invoking toplevel() on ptolemy.moml.MoMLSimpleApplication@7b9266fa
----------------- Done invoking toplevel() on ptolemy.moml.MoMLSimpleApplication@7b9266fa
reloadAllAccessors: .ModelReference4

===========================================================================================
----------------- testing Thu Mar 05 11:53:18 UTC 2020 /home/travis/build/icyphy/ptII/ptolemy/actor/lib/hoc/test/auto/MultiInstanceComposite.xml
----------------- Instantiating /home/travis/build/icyphy/ptII/ptolemy/actor/lib/hoc/test/auto/MultiInstanceComposite.xml
25 ms. Memory: 169984K Free: 102253K (60%)
----------------- Invoking toplevel() on ptolemy.moml.MoMLSimpleApplication@39d97ffe
----------------- Done invoking toplevel() on ptolemy.moml.MoMLSimpleApplication@39d97ffe
reloadAllAccessors: .MultiInstanceComposite

===========================================================================================
----------------- testing Thu Mar 05 11:53:18 UTC 2020 /home/travis/build/icyphy/ptII/ptolemy/actor/lib/hoc/test/auto/MultiInstanceComposite2.xml
----------------- Instantiating /home/travis/build/icyphy/ptII/ptolemy/actor/lib/hoc/test/auto/MultiInstanceComposite2.xml
28 ms. Memory: 169984K Free: 90975K (54%)
----------------- Invoking toplevel() on ptolemy.moml.MoMLSimpleApplication@5df5f882
----------------- Done invoking toplevel() on ptolemy.moml.MoMLSimpleApplication@5df5f882
reloadAllAccessors: .MultiInstanceComposite2

===========================================================================================
----------------- testing Thu Mar 05 11:53:18 UTC 2020 /home/travis/build/icyphy/ptII/ptolemy/actor/lib/hoc/test/auto/MulticoreExecution.xml
----------------- Instantiating /home/travis/build/icyphy/ptII/ptolemy/actor/lib/hoc/test/auto/MulticoreExecution.xml
Fired ExecutionTime: 6000000
Fired ExecutionTime: 11600000
Fired ExecutionTime: 60000000
Fired ExecutionTime: 58000000
Fired ExecutionTime: 62800000
Fired ExecutionTime: 31600000
Fired ExecutionTime: 110000000
Fired ExecutionTime: 106000000
Fired ExecutionTime: 112800000
Fired ExecutionTime: 77600000
Fired ExecutionTime: 100000000
Fired ExecutionTime: 107600000
Fired ExecutionTime: 104800000
Fired ExecutionTime: 110000000
Fired ExecutionTime: 108800000
Fired ExecutionTime: 111600000
Fired ExecutionTime: 108800000
Fired ExecutionTime: 109200000
Fired ExecutionTime: 106400000
Fired ExecutionTime: 106400000
1039 ms. Memory: 169984K Free: 81771K (48%)
----------------- Invoking toplevel() on ptolemy.moml.MoMLSimpleApplication@80dfab9
----------------- Done invoking toplevel() on ptolemy.moml.MoMLSimpleApplication@80dfab9
reloadAllAccessors: .MulticoreExecution

===========================================================================================
----------------- testing Thu Mar 05 11:53:19 UTC 2020 /home/travis/build/icyphy/ptII/ptolemy/actor/lib/hoc/test/auto/ParallelExecution.xml
----------------- Instantiating /home/travis/build/icyphy/ptII/ptolemy/actor/lib/hoc/test/auto/ParallelExecution.xml
917 ms. Memory: 169984K Free: 74107K (44%)
----------------- Invoking toplevel() on ptolemy.moml.MoMLSimpleApplication@3c645fc2
----------------- Done invoking toplevel() on ptolemy.moml.MoMLSimpleApplication@3c645fc2
reloadAllAccessors: .ParallelExecution

===========================================================================================
----------------- testing Thu Mar 05 11:53:20 UTC 2020 /home/travis/build/icyphy/ptII/ptolemy/actor/lib/hoc/test/auto/RunCompositeActor.xml
----------------- Instantiating /home/travis/build/icyphy/ptII/ptolemy/actor/lib/hoc/test/auto/RunCompositeActor.xml
8 ms. Memory: 169984K Free: 67406K (40%)
----------------- Invoking toplevel() on ptolemy.moml.MoMLSimpleApplication@4cd1379b
----------------- Done invoking toplevel() on ptolemy.moml.MoMLSimpleApplication@4cd1379b
reloadAllAccessors: .RunCompositeActor

===========================================================================================
----------------- testing Thu Mar 05 11:53:20 UTC 2020 /home/travis/build/icyphy/ptII/ptolemy/actor/lib/hoc/test/auto/RunCompositeActor2.xml
----------------- Instantiating /home/travis/build/icyphy/ptII/ptolemy/actor/lib/hoc/test/auto/RunCompositeActor2.xml
3 ms. Memory: 169984K Free: 60773K (36%)
----------------- Invoking toplevel() on ptolemy.moml.MoMLSimpleApplication@4dce6c59
----------------- Done invoking toplevel() on ptolemy.moml.MoMLSimpleApplication@4dce6c59
reloadAllAccessors: .RunCompositeActor2

===========================================================================================
----------------- testing Thu Mar 05 11:53:20 UTC 2020 /home/travis/build/icyphy/ptII/ptolemy/actor/lib/hoc/test/auto/RunCompositeActor3.xml
----------------- Instantiating /home/travis/build/icyphy/ptII/ptolemy/actor/lib/hoc/test/auto/RunCompositeActor3.xml
11 ms. Memory: 169984K Free: 154298K (91%)
----------------- Invoking toplevel() on ptolemy.moml.MoMLSimpleApplication@2e003962
----------------- Done invoking toplevel() on ptolemy.moml.MoMLSimpleApplication@2e003962
reloadAllAccessors: .RunCompositeActor3

===========================================================================================
----------------- testing Thu Mar 05 11:53:20 UTC 2020 /home/travis/build/icyphy/ptII/ptolemy/actor/lib/hoc/test/auto/RunCompositeActor4.xml
----------------- Instantiating /home/travis/build/icyphy/ptII/ptolemy/actor/lib/hoc/test/auto/RunCompositeActor4.xml
11 ms. Memory: 169984K Free: 146124K (86%)
----------------- Invoking toplevel() on ptolemy.moml.MoMLSimpleApplication@31851072
----------------- Done invoking toplevel() on ptolemy.moml.MoMLSimpleApplication@31851072
reloadAllAccessors: .RunCompositeActor4

===========================================================================================
----------------- testing Thu Mar 05 11:53:20 UTC 2020 /home/travis/build/icyphy/ptII/ptolemy/actor/lib/hoc/test/auto/RunCompositeIterateOverArray.xml
----------------- Instantiating /home/travis/build/icyphy/ptII/ptolemy/actor/lib/hoc/test/auto/RunCompositeIterateOverArray.xml
4 ms. Memory: 169984K Free: 140001K (82%)
----------------- Invoking toplevel() on ptolemy.moml.MoMLSimpleApplication@1a1203d8
----------------- Done invoking toplevel() on ptolemy.moml.MoMLSimpleApplication@1a1203d8
reloadAllAccessors: .RunCompositeIterateOverArray

===========================================================================================
----------------- testing Thu Mar 05 11:53:21 UTC 2020 /home/travis/build/icyphy/ptII/ptolemy/actor/lib/hoc/test/auto/ThreadedJS.xml
----------------- Instantiating /home/travis/build/icyphy/ptII/ptolemy/actor/lib/hoc/test/auto/ThreadedJS.xml
5462 ms. Memory: 245760K Free: 66048K (27%)
----------------- Invoking toplevel() on ptolemy.moml.MoMLSimpleApplication@13132334
----------------- Done invoking toplevel() on ptolemy.moml.MoMLSimpleApplication@13132334
reloadAllAccessors: .ThreadedJS
AutoTests.java: About to close Vertx.
AutoTests.java: Vertx closed.
]]></system-out>
  <system-err><![CDATA[java.lang.RuntimeException: Execution failed
	at ptolemy.moml.MoMLSimpleApplication$UnloadThread.run(MoMLSimpleApplication.java:402)
Caused by: ptolemy.kernel.util.IllegalActionException: initialize() was called after wrapup() was called but preinitialize() was not called after wrapup().
	at ptolemy.actor.lib.hoc.test.PreinitializeMustBeInvoked.initialize(PreinitializeMustBeInvoked.java:78)
	at ptolemy.actor.Director.initialize(Director.java:938)
	at ptolemy.actor.Director.initialize(Director.java:907)
	at ptolemy.actor.sched.StaticSchedulingDirector.initialize(StaticSchedulingDirector.java:159)
	at ptolemy.domains.sdf.kernel.SDFDirector.initialize(SDFDirector.java:544)
	at ptolemy.actor.CompositeActor.initialize(CompositeActor.java:935)
	at ptolemy.actor.lib.hoc.LifeCycleManager._executeInsideModel(LifeCycleManager.java:339)
	at ptolemy.actor.lib.hoc.RunCompositeActor.fire(RunCompositeActor.java:205)
	at ptolemy.actor.CompositeActor.iterate(CompositeActor.java:1146)
	at ptolemy.actor.sched.StaticSchedulingDirector.fire(StaticSchedulingDirector.java:216)
	at ptolemy.domains.sdf.kernel.SDFDirector.fire(SDFDirector.java:500)
	at ptolemy.actor.CompositeActor.fire(CompositeActor.java:455)
	at ptolemy.actor.Manager.iterate(Manager.java:851)
	at ptolemy.actor.Manager.execute(Manager.java:369)
	at ptolemy.actor.Manager.run(Manager.java:1263)
	at ptolemy.actor.Manager$PtolemyRunThread.run(Manager.java:1933)
java.lang.reflect.InvocationTargetException
	at java.base/jdk.internal.reflect.NativeConstructorAccessorImpl.newInstance0(Native Method)
	at java.base/jdk.internal.reflect.NativeConstructorAccessorImpl.newInstance(NativeConstructorAccessorImpl.java:62)
	at java.base/jdk.internal.reflect.DelegatingConstructorAccessorImpl.newInstance(DelegatingConstructorAccessorImpl.java:45)
	at java.base/java.lang.reflect.Constructor.newInstance(Constructor.java:490)
	at ptolemy.util.test.junit.AutoKnownFailedTests.RunModel(AutoKnownFailedTests.java:105)
	at java.base/jdk.internal.reflect.NativeMethodAccessorImpl.invoke0(Native Method)
	at java.base/jdk.internal.reflect.NativeMethodAccessorImpl.invoke(NativeMethodAccessorImpl.java:62)
	at java.base/jdk.internal.reflect.DelegatingMethodAccessorImpl.invoke(DelegatingMethodAccessorImpl.java:43)
	at java.base/java.lang.reflect.Method.invoke(Method.java:566)
	at org.junit.runners.model.FrameworkMethod$1.runReflectiveCall(FrameworkMethod.java:44)
	at org.junit.internal.runners.model.ReflectiveCallable.run(ReflectiveCallable.java:15)
	at org.junit.runners.model.FrameworkMethod.invokeExplosively(FrameworkMethod.java:41)
	at junitparams.internal.InvokeParameterisedMethod.evaluate(InvokeParameterisedMethod.java:102)
	at org.junit.internal.runners.statements.FailOnTimeout$1.run(FailOnTimeout.java:28)
Caused by: ptolemy.kernel.util.IllegalActionException: initialize() was called after wrapup() was called but preinitialize() was not called after wrapup().
	at ptolemy.actor.lib.hoc.test.PreinitializeMustBeInvoked.initialize(PreinitializeMustBeInvoked.java:78)
	at ptolemy.actor.Director.initialize(Director.java:938)
	at ptolemy.actor.Director.initialize(Director.java:907)
	at ptolemy.actor.sched.StaticSchedulingDirector.initialize(StaticSchedulingDirector.java:159)
	at ptolemy.domains.sdf.kernel.SDFDirector.initialize(SDFDirector.java:544)
	at ptolemy.actor.CompositeActor.initialize(CompositeActor.java:935)
	at ptolemy.actor.lib.hoc.LifeCycleManager._executeInsideModel(LifeCycleManager.java:339)
	at ptolemy.actor.lib.hoc.RunCompositeActor.fire(RunCompositeActor.java:205)
	at ptolemy.actor.CompositeActor.iterate(CompositeActor.java:1146)
	at ptolemy.actor.sched.StaticSchedulingDirector.fire(StaticSchedulingDirector.java:216)
	at ptolemy.domains.sdf.kernel.SDFDirector.fire(SDFDirector.java:500)
	at ptolemy.actor.CompositeActor.fire(CompositeActor.java:455)
	at ptolemy.actor.Manager.iterate(Manager.java:851)
	at ptolemy.actor.Manager.execute(Manager.java:369)
	at ptolemy.actor.Manager.run(Manager.java:1263)
	at ptolemy.actor.Manager$PtolemyRunThread.run(Manager.java:1933)
Warning: Nashorn engine is planned to be removed from a future JDK release
Warning: Nashorn engine is planned to be removed from a future JDK release
Warning: Nashorn engine is planned to be removed from a future JDK release
Warning: Nashorn engine is planned to be removed from a future JDK release
Warning: Nashorn engine is planned to be removed from a future JDK release
Warning: Nashorn engine is planned to be removed from a future JDK release
Warning: Nashorn engine is planned to be removed from a future JDK release
Warning: Nashorn engine is planned to be removed from a future JDK release
]]></system-err>
</testsuite>
