<?xml version="1.0" encoding="UTF-8" ?>
<testsuite errors="0" failures="0" hostname="travis-job-98ffb232-0f29-4f54-b0a6-942bacba9b1a" name="ptolemy.actor.lib.hoc.test.junit.JUnitTclTest" skipped="0" tests="58" time="24.023" timestamp="2019-04-25T04:03:38">
  <properties>
[...]
</properties>
  <testcase classname="ptolemy.util.test.junit.TclTests" name="[0] /home/travis/build/icyphy/ptII/ptolemy/actor/lib/hoc/test/IterateOverArray.tcl (RunTclFile)" time="0.284" />
  <testcase classname="ptolemy.util.test.junit.AutoKnownFailedTests" name="[0] /home/travis/build/icyphy/ptII/ptolemy/actor/lib/hoc/test/auto/knownFailedTests/PreinitializeMustBeInvokedRunComposite.xml (RunModel)" time="0.227" />
  <testcase classname="ptolemy.util.test.junit.AutoNameArchTests" name="[0] ThereAreNoAutoArchTests (RunModel)" time="0.0" />
  <testcase classname="ptolemy.util.test.junit.AutoTests" name="[0] /home/travis/build/icyphy/ptII/ptolemy/actor/lib/hoc/test/auto/AllToAllMultiInstanceComposite.xml (RunModel)" time="0.313" />
  <testcase classname="ptolemy.util.test.junit.AutoTests" name="[1] /home/travis/build/icyphy/ptII/ptolemy/actor/lib/hoc/test/auto/ApplyFFTTest.xml (RunModel)" time="0.309" />
  <testcase classname="ptolemy.util.test.junit.AutoTests" name="[2] /home/travis/build/icyphy/ptII/ptolemy/actor/lib/hoc/test/auto/ApplyFunction.xml (RunModel)" time="0.027" />
  <testcase classname="ptolemy.util.test.junit.AutoTests" name="[3] /home/travis/build/icyphy/ptII/ptolemy/actor/lib/hoc/test/auto/BackgroundExecution.xml (RunModel)" time="0.705" />
  <testcase classname="ptolemy.util.test.junit.AutoTests" name="[4] /home/travis/build/icyphy/ptII/ptolemy/actor/lib/hoc/test/auto/Case.xml (RunModel)" time="0.047" />
  <testcase classname="ptolemy.util.test.junit.AutoTests" name="[5] /home/travis/build/icyphy/ptII/ptolemy/actor/lib/hoc/test/auto/Case1.xml (RunModel)" time="0.046" />
  <testcase classname="ptolemy.util.test.junit.AutoTests" name="[6] /home/travis/build/icyphy/ptII/ptolemy/actor/lib/hoc/test/auto/Case2.xml (RunModel)" time="0.101" />
  <testcase classname="ptolemy.util.test.junit.AutoTests" name="[7] /home/travis/build/icyphy/ptII/ptolemy/actor/lib/hoc/test/auto/Case3.xml (RunModel)" time="0.045" />
  <testcase classname="ptolemy.util.test.junit.AutoTests" name="[8] /home/travis/build/icyphy/ptII/ptolemy/actor/lib/hoc/test/auto/Case4.xml (RunModel)" time="0.053" />
  <testcase classname="ptolemy.util.test.junit.AutoTests" name="[9] /home/travis/build/icyphy/ptII/ptolemy/actor/lib/hoc/test/auto/Case5.xml (RunModel)" time="0.078" />
  <testcase classname="ptolemy.util.test.junit.AutoTests" name="[10] /home/travis/build/icyphy/ptII/ptolemy/actor/lib/hoc/test/auto/Case6.xml (RunModel)" time="0.109" />
  <testcase classname="ptolemy.util.test.junit.AutoTests" name="[11] /home/travis/build/icyphy/ptII/ptolemy/actor/lib/hoc/test/auto/CaseString2.xml (RunModel)" time="0.054" />
  <testcase classname="ptolemy.util.test.junit.AutoTests" name="[12] /home/travis/build/icyphy/ptII/ptolemy/actor/lib/hoc/test/auto/CatchUpComposite1.xml (RunModel)" time="0.092" />
  <testcase classname="ptolemy.util.test.junit.AutoTests" name="[13] /home/travis/build/icyphy/ptII/ptolemy/actor/lib/hoc/test/auto/CatchUpComposite2.xml (RunModel)" time="0.064" />
  <testcase classname="ptolemy.util.test.junit.AutoTests" name="[14] /home/travis/build/icyphy/ptII/ptolemy/actor/lib/hoc/test/auto/CatchUpComposite3.xml (RunModel)" time="0.05" />
  <testcase classname="ptolemy.util.test.junit.AutoTests" name="[15] /home/travis/build/icyphy/ptII/ptolemy/actor/lib/hoc/test/auto/CatchUpComposite4.xml (RunModel)" time="0.049" />
  <testcase classname="ptolemy.util.test.junit.AutoTests" name="[16] /home/travis/build/icyphy/ptII/ptolemy/actor/lib/hoc/test/auto/CatchUpComposite5.xml (RunModel)" time="0.035" />
  <testcase classname="ptolemy.util.test.junit.AutoTests" name="[17] /home/travis/build/icyphy/ptII/ptolemy/actor/lib/hoc/test/auto/CatchUpComposite6.xml (RunModel)" time="0.155" />
  <testcase classname="ptolemy.util.test.junit.AutoTests" name="[18] /home/travis/build/icyphy/ptII/ptolemy/actor/lib/hoc/test/auto/CatchUpComposite7.xml (RunModel)" time="0.096" />
  <testcase classname="ptolemy.util.test.junit.AutoTests" name="[19] /home/travis/build/icyphy/ptII/ptolemy/actor/lib/hoc/test/auto/ConcurrentExecutionTimeSDF.xml (RunModel)" time="1.457" />
  <testcase classname="ptolemy.util.test.junit.AutoTests" name="[20] /home/travis/build/icyphy/ptII/ptolemy/actor/lib/hoc/test/auto/ConcurrentSleep.xml (RunModel)" time="0.782" />
  <testcase classname="ptolemy.util.test.junit.AutoTests" name="[21] /home/travis/build/icyphy/ptII/ptolemy/actor/lib/hoc/test/auto/DEInPNInRunCompositeActor.xml (RunModel)" time="0.037" />
  <testcase classname="ptolemy.util.test.junit.AutoTests" name="[22] /home/travis/build/icyphy/ptII/ptolemy/actor/lib/hoc/test/auto/DFTSubSetTest.xml (RunModel)" time="0.296" />
  <testcase classname="ptolemy.util.test.junit.AutoTests" name="[23] /home/travis/build/icyphy/ptII/ptolemy/actor/lib/hoc/test/auto/HocDE.xml (RunModel)" time="0.13" />
  <testcase classname="ptolemy.util.test.junit.AutoTests" name="[24] /home/travis/build/icyphy/ptII/ptolemy/actor/lib/hoc/test/auto/IterateOverArray.xml (RunModel)" time="0.042" />
  <testcase classname="ptolemy.util.test.junit.AutoTests" name="[25] /home/travis/build/icyphy/ptII/ptolemy/actor/lib/hoc/test/auto/IterateOverArray10.xml (RunModel)" time="0.022" />
  <testcase classname="ptolemy.util.test.junit.AutoTests" name="[26] /home/travis/build/icyphy/ptII/ptolemy/actor/lib/hoc/test/auto/IterateOverArray11.xml (RunModel)" time="0.031" />
  <testcase classname="ptolemy.util.test.junit.AutoTests" name="[27] /home/travis/build/icyphy/ptII/ptolemy/actor/lib/hoc/test/auto/IterateOverArray12.xml (RunModel)" time="0.041" />
  <testcase classname="ptolemy.util.test.junit.AutoTests" name="[28] /home/travis/build/icyphy/ptII/ptolemy/actor/lib/hoc/test/auto/IterateOverArray13.xml (RunModel)" time="0.16" />
  <testcase classname="ptolemy.util.test.junit.AutoTests" name="[29] /home/travis/build/icyphy/ptII/ptolemy/actor/lib/hoc/test/auto/IterateOverArray14.xml (RunModel)" time="0.163" />
  <testcase classname="ptolemy.util.test.junit.AutoTests" name="[30] /home/travis/build/icyphy/ptII/ptolemy/actor/lib/hoc/test/auto/IterateOverArray2.xml (RunModel)" time="0.028" />
  <testcase classname="ptolemy.util.test.junit.AutoTests" name="[31] /home/travis/build/icyphy/ptII/ptolemy/actor/lib/hoc/test/auto/IterateOverArray3.xml (RunModel)" time="0.041" />
  <testcase classname="ptolemy.util.test.junit.AutoTests" name="[32] /home/travis/build/icyphy/ptII/ptolemy/actor/lib/hoc/test/auto/IterateOverArray4.xml (RunModel)" time="0.023" />
  <testcase classname="ptolemy.util.test.junit.AutoTests" name="[33] /home/travis/build/icyphy/ptII/ptolemy/actor/lib/hoc/test/auto/IterateOverArray5.xml (RunModel)" time="0.022" />
  <testcase classname="ptolemy.util.test.junit.AutoTests" name="[34] /home/travis/build/icyphy/ptII/ptolemy/actor/lib/hoc/test/auto/IterateOverArray6.xml (RunModel)" time="0.017" />
  <testcase classname="ptolemy.util.test.junit.AutoTests" name="[35] /home/travis/build/icyphy/ptII/ptolemy/actor/lib/hoc/test/auto/IterateOverArray7.xml (RunModel)" time="0.016" />
  <testcase classname="ptolemy.util.test.junit.AutoTests" name="[36] /home/travis/build/icyphy/ptII/ptolemy/actor/lib/hoc/test/auto/IterateOverArray8.xml (RunModel)" time="0.026" />
  <testcase classname="ptolemy.util.test.junit.AutoTests" name="[37] /home/travis/build/icyphy/ptII/ptolemy/actor/lib/hoc/test/auto/IterateOverArray9.xml (RunModel)" time="0.019" />
  <testcase classname="ptolemy.util.test.junit.AutoTests" name="[38] /home/travis/build/icyphy/ptII/ptolemy/actor/lib/hoc/test/auto/IterateOverArrayCoercedOutputType.xml (RunModel)" time="0.042" />
  <testcase classname="ptolemy.util.test.junit.AutoTests" name="[39] /home/travis/build/icyphy/ptII/ptolemy/actor/lib/hoc/test/auto/IterateOverArrayInferredOutputType.xml (RunModel)" time="0.031" />
  <testcase classname="ptolemy.util.test.junit.AutoTests" name="[40] /home/travis/build/icyphy/ptII/ptolemy/actor/lib/hoc/test/auto/MobileFunctionTest.xml (RunModel)" time="0.024" />
  <testcase classname="ptolemy.util.test.junit.AutoTests" name="[41] /home/travis/build/icyphy/ptII/ptolemy/actor/lib/hoc/test/auto/MobileModelTest.xml (RunModel)" time="0.112" />
  <testcase classname="ptolemy.util.test.junit.AutoTests" name="[42] /home/travis/build/icyphy/ptII/ptolemy/actor/lib/hoc/test/auto/ModelReference.xml (RunModel)" time="0.058" />
  <testcase classname="ptolemy.util.test.junit.AutoTests" name="[43] /home/travis/build/icyphy/ptII/ptolemy/actor/lib/hoc/test/auto/ModelReference3.xml (RunModel)" time="0.046" />
  <testcase classname="ptolemy.util.test.junit.AutoTests" name="[44] /home/travis/build/icyphy/ptII/ptolemy/actor/lib/hoc/test/auto/ModelReference4.xml (RunModel)" time="10.043" />
  <testcase classname="ptolemy.util.test.junit.AutoTests" name="[45] /home/travis/build/icyphy/ptII/ptolemy/actor/lib/hoc/test/auto/MultiInstanceComposite.xml (RunModel)" time="0.051" />
  <testcase classname="ptolemy.util.test.junit.AutoTests" name="[46] /home/travis/build/icyphy/ptII/ptolemy/actor/lib/hoc/test/auto/MultiInstanceComposite2.xml (RunModel)" time="0.036" />
  <testcase classname="ptolemy.util.test.junit.AutoTests" name="[47] /home/travis/build/icyphy/ptII/ptolemy/actor/lib/hoc/test/auto/MulticoreExecution.xml (RunModel)" time="1.085" />
  <testcase classname="ptolemy.util.test.junit.AutoTests" name="[48] /home/travis/build/icyphy/ptII/ptolemy/actor/lib/hoc/test/auto/ParallelExecution.xml (RunModel)" time="0.945" />
  <testcase classname="ptolemy.util.test.junit.AutoTests" name="[49] /home/travis/build/icyphy/ptII/ptolemy/actor/lib/hoc/test/auto/RunCompositeActor.xml (RunModel)" time="0.03" />
  <testcase classname="ptolemy.util.test.junit.AutoTests" name="[50] /home/travis/build/icyphy/ptII/ptolemy/actor/lib/hoc/test/auto/RunCompositeActor2.xml (RunModel)" time="0.033" />
  <testcase classname="ptolemy.util.test.junit.AutoTests" name="[51] /home/travis/build/icyphy/ptII/ptolemy/actor/lib/hoc/test/auto/RunCompositeActor3.xml (RunModel)" time="0.025" />
  <testcase classname="ptolemy.util.test.junit.AutoTests" name="[52] /home/travis/build/icyphy/ptII/ptolemy/actor/lib/hoc/test/auto/RunCompositeActor4.xml (RunModel)" time="0.058" />
  <testcase classname="ptolemy.util.test.junit.AutoTests" name="[53] /home/travis/build/icyphy/ptII/ptolemy/actor/lib/hoc/test/auto/RunCompositeIterateOverArray.xml (RunModel)" time="0.035" />
  <testcase classname="ptolemy.util.test.junit.AutoTests" name="[54] /home/travis/build/icyphy/ptII/ptolemy/actor/lib/hoc/test/auto/ThreadedJS.xml (RunModel)" time="4.6" />
  <system-out><![CDATA[/home/travis/build/icyphy/ptII/ptolemy/actor/lib/hoc/test/IterateOverArray.tcl
testDefs.tcl: setting time out to 9000 seconds at Thu Apr 25 04:03:38 UTC 2019
04/25/19 04:03:38
Failed: 0  Total Tests: 2  ((Passed: 2, Newly Passed: 0)  Known Failed: 0) /home/travis/build/icyphy/ptII/ptolemy/actor/lib/hoc/test
----------------- testing (KnownFailure) /home/travis/build/icyphy/ptII/ptolemy/actor/lib/hoc/test/auto/knownFailedTests/PreinitializeMustBeInvokedRunComposite.xml
37 ms. Memory: 116224K Free: 106948K (92%)
Known Failure: java.lang.reflect.InvocationTargetException
No auto/linux-amd64/*.xml tests in /home/travis/build/icyphy/ptII/ptolemy/actor/lib/hoc/test
AutoTests.java: About to close Vertx.
AutoTests.java: Vertx closed.

===========================================================================================
----------------- testing Thu Apr 25 04:03:39 UTC 2019 /home/travis/build/icyphy/ptII/ptolemy/actor/lib/hoc/test/auto/AllToAllMultiInstanceComposite.xml
----------------- Instantiating /home/travis/build/icyphy/ptII/ptolemy/actor/lib/hoc/test/auto/AllToAllMultiInstanceComposite.xml
123 ms. Memory: 146944K Free: 120605K (82%)
----------------- Invoking toplevel() on ptolemy.moml.MoMLSimpleApplication@731aa24
----------------- Done invoking toplevel() on ptolemy.moml.MoMLSimpleApplication@731aa24
reloadAllAccessors: .AllToAllMultiInstanceComposite

===========================================================================================
----------------- testing Thu Apr 25 04:03:39 UTC 2019 /home/travis/build/icyphy/ptII/ptolemy/actor/lib/hoc/test/auto/ApplyFFTTest.xml
----------------- Instantiating /home/travis/build/icyphy/ptII/ptolemy/actor/lib/hoc/test/auto/ApplyFFTTest.xml
142 ms. Memory: 146944K Free: 100388K (68%)
----------------- Invoking toplevel() on ptolemy.moml.MoMLSimpleApplication@76dd290d
----------------- Done invoking toplevel() on ptolemy.moml.MoMLSimpleApplication@76dd290d
reloadAllAccessors: .ApplyFFTTest

===========================================================================================
----------------- testing Thu Apr 25 04:03:40 UTC 2019 /home/travis/build/icyphy/ptII/ptolemy/actor/lib/hoc/test/auto/ApplyFunction.xml
----------------- Instantiating /home/travis/build/icyphy/ptII/ptolemy/actor/lib/hoc/test/auto/ApplyFunction.xml
4 ms. Memory: 146944K Free: 96998K (66%)
----------------- Invoking toplevel() on ptolemy.moml.MoMLSimpleApplication@3b4f1359
----------------- Done invoking toplevel() on ptolemy.moml.MoMLSimpleApplication@3b4f1359
reloadAllAccessors: .ApplyFunction

===========================================================================================
----------------- testing Thu Apr 25 04:03:40 UTC 2019 /home/travis/build/icyphy/ptII/ptolemy/actor/lib/hoc/test/auto/BackgroundExecution.xml
----------------- Instantiating /home/travis/build/icyphy/ptII/ptolemy/actor/lib/hoc/test/auto/BackgroundExecution.xml
623 ms. Memory: 146944K Free: 89461K (61%)
----------------- Invoking toplevel() on ptolemy.moml.MoMLSimpleApplication@575a7226
----------------- Done invoking toplevel() on ptolemy.moml.MoMLSimpleApplication@575a7226
reloadAllAccessors: .BackgroundExecution

===========================================================================================
----------------- testing Thu Apr 25 04:03:40 UTC 2019 /home/travis/build/icyphy/ptII/ptolemy/actor/lib/hoc/test/auto/Case.xml
----------------- Instantiating /home/travis/build/icyphy/ptII/ptolemy/actor/lib/hoc/test/auto/Case.xml
15 ms. Memory: 146944K Free: 80900K (55%)
----------------- Invoking toplevel() on ptolemy.moml.MoMLSimpleApplication@7dc48fa1
----------------- Done invoking toplevel() on ptolemy.moml.MoMLSimpleApplication@7dc48fa1
reloadAllAccessors: .Case

===========================================================================================
----------------- testing Thu Apr 25 04:03:40 UTC 2019 /home/travis/build/icyphy/ptII/ptolemy/actor/lib/hoc/test/auto/Case1.xml
----------------- Instantiating /home/travis/build/icyphy/ptII/ptolemy/actor/lib/hoc/test/auto/Case1.xml
9 ms. Memory: 146944K Free: 136024K (93%)
----------------- Invoking toplevel() on ptolemy.moml.MoMLSimpleApplication@41dd4246
----------------- Done invoking toplevel() on ptolemy.moml.MoMLSimpleApplication@41dd4246
reloadAllAccessors: .Case1

===========================================================================================
----------------- testing Thu Apr 25 04:03:40 UTC 2019 /home/travis/build/icyphy/ptII/ptolemy/actor/lib/hoc/test/auto/Case2.xml
----------------- Instantiating /home/travis/build/icyphy/ptII/ptolemy/actor/lib/hoc/test/auto/Case2.xml
42 ms. Memory: 146944K Free: 124515K (85%)
----------------- Invoking toplevel() on ptolemy.moml.MoMLSimpleApplication@561bd15b
----------------- Done invoking toplevel() on ptolemy.moml.MoMLSimpleApplication@561bd15b
reloadAllAccessors: .Case2

===========================================================================================
----------------- testing Thu Apr 25 04:03:40 UTC 2019 /home/travis/build/icyphy/ptII/ptolemy/actor/lib/hoc/test/auto/Case3.xml
----------------- Instantiating /home/travis/build/icyphy/ptII/ptolemy/actor/lib/hoc/test/auto/Case3.xml
22 ms. Memory: 146944K Free: 118259K (80%)
----------------- Invoking toplevel() on ptolemy.moml.MoMLSimpleApplication@66fe1eee
----------------- Done invoking toplevel() on ptolemy.moml.MoMLSimpleApplication@66fe1eee
reloadAllAccessors: .Case3

===========================================================================================
----------------- testing Thu Apr 25 04:03:40 UTC 2019 /home/travis/build/icyphy/ptII/ptolemy/actor/lib/hoc/test/auto/Case4.xml
----------------- Instantiating /home/travis/build/icyphy/ptII/ptolemy/actor/lib/hoc/test/auto/Case4.xml
14 ms. Memory: 146944K Free: 109594K (75%)
----------------- Invoking toplevel() on ptolemy.moml.MoMLSimpleApplication@4050cf66
----------------- Done invoking toplevel() on ptolemy.moml.MoMLSimpleApplication@4050cf66
reloadAllAccessors: .Case4

===========================================================================================
----------------- testing Thu Apr 25 04:03:41 UTC 2019 /home/travis/build/icyphy/ptII/ptolemy/actor/lib/hoc/test/auto/Case5.xml
----------------- Instantiating /home/travis/build/icyphy/ptII/ptolemy/actor/lib/hoc/test/auto/Case5.xml
53 ms. Memory: 146944K Free: 102895K (70%)
----------------- Invoking toplevel() on ptolemy.moml.MoMLSimpleApplication@7f968efc
----------------- Done invoking toplevel() on ptolemy.moml.MoMLSimpleApplication@7f968efc
reloadAllAccessors: .junk

===========================================================================================
----------------- testing Thu Apr 25 04:03:41 UTC 2019 /home/travis/build/icyphy/ptII/ptolemy/actor/lib/hoc/test/auto/Case6.xml
----------------- Instantiating /home/travis/build/icyphy/ptII/ptolemy/actor/lib/hoc/test/auto/Case6.xml
44 ms. Memory: 146944K Free: 89371K (61%)
----------------- Invoking toplevel() on ptolemy.moml.MoMLSimpleApplication@377f4663
----------------- Done invoking toplevel() on ptolemy.moml.MoMLSimpleApplication@377f4663
reloadAllAccessors: .Case6

===========================================================================================
----------------- testing Thu Apr 25 04:03:41 UTC 2019 /home/travis/build/icyphy/ptII/ptolemy/actor/lib/hoc/test/auto/CaseString2.xml
----------------- Instantiating /home/travis/build/icyphy/ptII/ptolemy/actor/lib/hoc/test/auto/CaseString2.xml
18 ms. Memory: 146944K Free: 81051K (55%)
----------------- Invoking toplevel() on ptolemy.moml.MoMLSimpleApplication@724f8122
----------------- Done invoking toplevel() on ptolemy.moml.MoMLSimpleApplication@724f8122
reloadAllAccessors: .CaseString2

===========================================================================================
----------------- testing Thu Apr 25 04:03:41 UTC 2019 /home/travis/build/icyphy/ptII/ptolemy/actor/lib/hoc/test/auto/CatchUpComposite1.xml
----------------- Instantiating /home/travis/build/icyphy/ptII/ptolemy/actor/lib/hoc/test/auto/CatchUpComposite1.xml
22 ms. Memory: 208384K Free: 193953K (93%)
----------------- Invoking toplevel() on ptolemy.moml.MoMLSimpleApplication@330ba1eb
----------------- Done invoking toplevel() on ptolemy.moml.MoMLSimpleApplication@330ba1eb
reloadAllAccessors: .CatchUpComposite1

===========================================================================================
----------------- testing Thu Apr 25 04:03:41 UTC 2019 /home/travis/build/icyphy/ptII/ptolemy/actor/lib/hoc/test/auto/CatchUpComposite2.xml
----------------- Instantiating /home/travis/build/icyphy/ptII/ptolemy/actor/lib/hoc/test/auto/CatchUpComposite2.xml
17 ms. Memory: 208384K Free: 184085K (88%)
----------------- Invoking toplevel() on ptolemy.moml.MoMLSimpleApplication@6122a967
----------------- Done invoking toplevel() on ptolemy.moml.MoMLSimpleApplication@6122a967
reloadAllAccessors: .CatchUpComposite2

===========================================================================================
----------------- testing Thu Apr 25 04:03:41 UTC 2019 /home/travis/build/icyphy/ptII/ptolemy/actor/lib/hoc/test/auto/CatchUpComposite3.xml
----------------- Instantiating /home/travis/build/icyphy/ptII/ptolemy/actor/lib/hoc/test/auto/CatchUpComposite3.xml
9 ms. Memory: 208384K Free: 174241K (84%)
----------------- Invoking toplevel() on ptolemy.moml.MoMLSimpleApplication@475f5a53
----------------- Done invoking toplevel() on ptolemy.moml.MoMLSimpleApplication@475f5a53
reloadAllAccessors: .CatchUpComposite3

===========================================================================================
----------------- testing Thu Apr 25 04:03:41 UTC 2019 /home/travis/build/icyphy/ptII/ptolemy/actor/lib/hoc/test/auto/CatchUpComposite4.xml
----------------- Instantiating /home/travis/build/icyphy/ptII/ptolemy/actor/lib/hoc/test/auto/CatchUpComposite4.xml
18 ms. Memory: 208384K Free: 164341K (79%)
----------------- Invoking toplevel() on ptolemy.moml.MoMLSimpleApplication@74ffc422
----------------- Done invoking toplevel() on ptolemy.moml.MoMLSimpleApplication@74ffc422
reloadAllAccessors: .CatchUpComposite4

===========================================================================================
----------------- testing Thu Apr 25 04:03:41 UTC 2019 /home/travis/build/icyphy/ptII/ptolemy/actor/lib/hoc/test/auto/CatchUpComposite5.xml
----------------- Instantiating /home/travis/build/icyphy/ptII/ptolemy/actor/lib/hoc/test/auto/CatchUpComposite5.xml
13 ms. Memory: 208384K Free: 155329K (75%)
----------------- Invoking toplevel() on ptolemy.moml.MoMLSimpleApplication@673fcb61
----------------- Done invoking toplevel() on ptolemy.moml.MoMLSimpleApplication@673fcb61
reloadAllAccessors: .CatchUpComposite5

===========================================================================================
----------------- testing Thu Apr 25 04:03:41 UTC 2019 /home/travis/build/icyphy/ptII/ptolemy/actor/lib/hoc/test/auto/CatchUpComposite6.xml
----------------- Instantiating /home/travis/build/icyphy/ptII/ptolemy/actor/lib/hoc/test/auto/CatchUpComposite6.xml
WARNING: The execution aspects in this model can influence the timing of actors by delaying the 
execution, potentially changing the behavior. There is no guarantee that actors fire at the 
time they request to be fired. 
Use Ptides for deterministic DE behavior that is not influenced by execution aspects. 

87 ms. Memory: 208384K Free: 138093K (66%)
----------------- Invoking toplevel() on ptolemy.moml.MoMLSimpleApplication@24ba4afe
----------------- Done invoking toplevel() on ptolemy.moml.MoMLSimpleApplication@24ba4afe
reloadAllAccessors: .CatchUpComposite6

===========================================================================================
----------------- testing Thu Apr 25 04:03:41 UTC 2019 /home/travis/build/icyphy/ptII/ptolemy/actor/lib/hoc/test/auto/CatchUpComposite7.xml
----------------- Instantiating /home/travis/build/icyphy/ptII/ptolemy/actor/lib/hoc/test/auto/CatchUpComposite7.xml
WARNING: The execution aspects in this model can influence the timing of actors by delaying the 
execution, potentially changing the behavior. There is no guarantee that actors fire at the 
time they request to be fired. 
Use Ptides for deterministic DE behavior that is not influenced by execution aspects. 

41 ms. Memory: 208384K Free: 121542K (58%)
----------------- Invoking toplevel() on ptolemy.moml.MoMLSimpleApplication@269416ae
----------------- Done invoking toplevel() on ptolemy.moml.MoMLSimpleApplication@269416ae
reloadAllAccessors: .CatchUpComposite7

===========================================================================================
----------------- testing Thu Apr 25 04:03:41 UTC 2019 /home/travis/build/icyphy/ptII/ptolemy/actor/lib/hoc/test/auto/ConcurrentExecutionTimeSDF.xml
----------------- Instantiating /home/travis/build/icyphy/ptII/ptolemy/actor/lib/hoc/test/auto/ConcurrentExecutionTimeSDF.xml
Fired ExecutionTime: 40400000
Fired ExecutionTime: 40400000
Fired ExecutionTime: 40400000
Fired ExecutionTime: 40400000
Fired ExecutionTime: 40400000
Fired ExecutionTime: 40400000
Fired ExecutionTime: 40400000
Fired ExecutionTime: 40400000
Fired ExecutionTime: 40400000
Fired ExecutionTime: 40400000
Fired ExecutionTime: 40400000
Fired ExecutionTime: 40400000
Fired ExecutionTime: 40400000
Fired ExecutionTime: 40400000
Fired ExecutionTime: 40400000
Fired ExecutionTime: 40400000
Fired ExecutionTime: 40400000
Fired ExecutionTime: 40400000
Fired ExecutionTime: 40400000
Fired ExecutionTime: 40400000
1424 ms. Memory: 208384K Free: 113350K (54%)
----------------- Invoking toplevel() on ptolemy.moml.MoMLSimpleApplication@48a79cb4
----------------- Done invoking toplevel() on ptolemy.moml.MoMLSimpleApplication@48a79cb4
reloadAllAccessors: .ConcurrentExecutionTimeSDF

===========================================================================================
----------------- testing Thu Apr 25 04:03:43 UTC 2019 /home/travis/build/icyphy/ptII/ptolemy/actor/lib/hoc/test/auto/ConcurrentSleep.xml
----------------- Instantiating /home/travis/build/icyphy/ptII/ptolemy/actor/lib/hoc/test/auto/ConcurrentSleep.xml
739 ms. Memory: 208384K Free: 99359K (48%)
----------------- Invoking toplevel() on ptolemy.moml.MoMLSimpleApplication@60ecba0
----------------- Done invoking toplevel() on ptolemy.moml.MoMLSimpleApplication@60ecba0
reloadAllAccessors: .ConcurrentSleep

===========================================================================================
----------------- testing Thu Apr 25 04:03:44 UTC 2019 /home/travis/build/icyphy/ptII/ptolemy/actor/lib/hoc/test/auto/DEInPNInRunCompositeActor.xml
----------------- Instantiating /home/travis/build/icyphy/ptII/ptolemy/actor/lib/hoc/test/auto/DEInPNInRunCompositeActor.xml
13 ms. Memory: 208384K Free: 91129K (44%)
----------------- Invoking toplevel() on ptolemy.moml.MoMLSimpleApplication@1b801b49
----------------- Done invoking toplevel() on ptolemy.moml.MoMLSimpleApplication@1b801b49
reloadAllAccessors: .DEInPNInRunCompositeActor

===========================================================================================
----------------- testing Thu Apr 25 04:03:44 UTC 2019 /home/travis/build/icyphy/ptII/ptolemy/actor/lib/hoc/test/auto/DFTSubSetTest.xml
----------------- Instantiating /home/travis/build/icyphy/ptII/ptolemy/actor/lib/hoc/test/auto/DFTSubSetTest.xml
165 ms. Memory: 208384K Free: 167270K (80%)
----------------- Invoking toplevel() on ptolemy.moml.MoMLSimpleApplication@37317a6f
----------------- Done invoking toplevel() on ptolemy.moml.MoMLSimpleApplication@37317a6f
reloadAllAccessors: .DFTSubSetTest

===========================================================================================
----------------- testing Thu Apr 25 04:03:44 UTC 2019 /home/travis/build/icyphy/ptII/ptolemy/actor/lib/hoc/test/auto/HocDE.xml
----------------- Instantiating /home/travis/build/icyphy/ptII/ptolemy/actor/lib/hoc/test/auto/HocDE.xml
96 ms. Memory: 208384K Free: 140464K (67%)
----------------- Invoking toplevel() on ptolemy.moml.MoMLSimpleApplication@3e99e555
----------------- Done invoking toplevel() on ptolemy.moml.MoMLSimpleApplication@3e99e555
reloadAllAccessors: .HocDE

===========================================================================================
----------------- testing Thu Apr 25 04:03:44 UTC 2019 /home/travis/build/icyphy/ptII/ptolemy/actor/lib/hoc/test/auto/IterateOverArray.xml
----------------- Instantiating /home/travis/build/icyphy/ptII/ptolemy/actor/lib/hoc/test/auto/IterateOverArray.xml
7 ms. Memory: 208384K Free: 134925K (65%)
----------------- Invoking toplevel() on ptolemy.moml.MoMLSimpleApplication@50f8103
----------------- Done invoking toplevel() on ptolemy.moml.MoMLSimpleApplication@50f8103
reloadAllAccessors: .IterateOverArray

===========================================================================================
----------------- testing Thu Apr 25 04:03:44 UTC 2019 /home/travis/build/icyphy/ptII/ptolemy/actor/lib/hoc/test/auto/IterateOverArray10.xml
----------------- Instantiating /home/travis/build/icyphy/ptII/ptolemy/actor/lib/hoc/test/auto/IterateOverArray10.xml
2 ms. Memory: 208384K Free: 130813K (63%)
----------------- Invoking toplevel() on ptolemy.moml.MoMLSimpleApplication@101bf115
----------------- Done invoking toplevel() on ptolemy.moml.MoMLSimpleApplication@101bf115
reloadAllAccessors: .IterateOverArray10

===========================================================================================
----------------- testing Thu Apr 25 04:03:44 UTC 2019 /home/travis/build/icyphy/ptII/ptolemy/actor/lib/hoc/test/auto/IterateOverArray11.xml
----------------- Instantiating /home/travis/build/icyphy/ptII/ptolemy/actor/lib/hoc/test/auto/IterateOverArray11.xml
7 ms. Memory: 208384K Free: 125290K (60%)
----------------- Invoking toplevel() on ptolemy.moml.MoMLSimpleApplication@114e48c
----------------- Done invoking toplevel() on ptolemy.moml.MoMLSimpleApplication@114e48c
reloadAllAccessors: .IterateOverArray11

===========================================================================================
----------------- testing Thu Apr 25 04:03:44 UTC 2019 /home/travis/build/icyphy/ptII/ptolemy/actor/lib/hoc/test/auto/IterateOverArray12.xml
----------------- Instantiating /home/travis/build/icyphy/ptII/ptolemy/actor/lib/hoc/test/auto/IterateOverArray12.xml
17 ms. Memory: 208384K Free: 118736K (57%)
----------------- Invoking toplevel() on ptolemy.moml.MoMLSimpleApplication@654244a9
----------------- Done invoking toplevel() on ptolemy.moml.MoMLSimpleApplication@654244a9
reloadAllAccessors: .IterateOverArray12

===========================================================================================
----------------- testing Thu Apr 25 04:03:44 UTC 2019 /home/travis/build/icyphy/ptII/ptolemy/actor/lib/hoc/test/auto/IterateOverArray13.xml
----------------- Instantiating /home/travis/build/icyphy/ptII/ptolemy/actor/lib/hoc/test/auto/IterateOverArray13.xml
81 ms. Memory: 208384K Free: 90211K (43%)
----------------- Invoking toplevel() on ptolemy.moml.MoMLSimpleApplication@1f1bc2b3
----------------- Done invoking toplevel() on ptolemy.moml.MoMLSimpleApplication@1f1bc2b3
reloadAllAccessors: .IterateOverArray13

===========================================================================================
----------------- testing Thu Apr 25 04:03:44 UTC 2019 /home/travis/build/icyphy/ptII/ptolemy/actor/lib/hoc/test/auto/IterateOverArray14.xml
----------------- Instantiating /home/travis/build/icyphy/ptII/ptolemy/actor/lib/hoc/test/auto/IterateOverArray14.xml
64 ms. Memory: 331264K Free: 299033K (90%)
----------------- Invoking toplevel() on ptolemy.moml.MoMLSimpleApplication@76375363
----------------- Done invoking toplevel() on ptolemy.moml.MoMLSimpleApplication@76375363
reloadAllAccessors: .IterateOverArray14

===========================================================================================
----------------- testing Thu Apr 25 04:03:45 UTC 2019 /home/travis/build/icyphy/ptII/ptolemy/actor/lib/hoc/test/auto/IterateOverArray2.xml
----------------- Instantiating /home/travis/build/icyphy/ptII/ptolemy/actor/lib/hoc/test/auto/IterateOverArray2.xml
8 ms. Memory: 331264K Free: 291715K (88%)
----------------- Invoking toplevel() on ptolemy.moml.MoMLSimpleApplication@4dfd3190
----------------- Done invoking toplevel() on ptolemy.moml.MoMLSimpleApplication@4dfd3190
reloadAllAccessors: .IterateOverArray2

===========================================================================================
----------------- testing Thu Apr 25 04:03:45 UTC 2019 /home/travis/build/icyphy/ptII/ptolemy/actor/lib/hoc/test/auto/IterateOverArray3.xml
----------------- Instantiating /home/travis/build/icyphy/ptII/ptolemy/actor/lib/hoc/test/auto/IterateOverArray3.xml
17 ms. Memory: 331264K Free: 285189K (86%)
----------------- Invoking toplevel() on ptolemy.moml.MoMLSimpleApplication@67b3e8a1
----------------- Done invoking toplevel() on ptolemy.moml.MoMLSimpleApplication@67b3e8a1
reloadAllAccessors: .IterateOverArray3

===========================================================================================
----------------- testing Thu Apr 25 04:03:45 UTC 2019 /home/travis/build/icyphy/ptII/ptolemy/actor/lib/hoc/test/auto/IterateOverArray4.xml
----------------- Instantiating /home/travis/build/icyphy/ptII/ptolemy/actor/lib/hoc/test/auto/IterateOverArray4.xml
4 ms. Memory: 331264K Free: 279518K (84%)
----------------- Invoking toplevel() on ptolemy.moml.MoMLSimpleApplication@33c6c8d3
----------------- Done invoking toplevel() on ptolemy.moml.MoMLSimpleApplication@33c6c8d3
reloadAllAccessors: .IterateOverArray4

===========================================================================================
----------------- testing Thu Apr 25 04:03:45 UTC 2019 /home/travis/build/icyphy/ptII/ptolemy/actor/lib/hoc/test/auto/IterateOverArray5.xml
----------------- Instantiating /home/travis/build/icyphy/ptII/ptolemy/actor/lib/hoc/test/auto/IterateOverArray5.xml
3 ms. Memory: 331264K Free: 274623K (83%)
----------------- Invoking toplevel() on ptolemy.moml.MoMLSimpleApplication@3a3eeb20
----------------- Done invoking toplevel() on ptolemy.moml.MoMLSimpleApplication@3a3eeb20
reloadAllAccessors: .IterateOverArray5

===========================================================================================
----------------- testing Thu Apr 25 04:03:45 UTC 2019 /home/travis/build/icyphy/ptII/ptolemy/actor/lib/hoc/test/auto/IterateOverArray6.xml
----------------- Instantiating /home/travis/build/icyphy/ptII/ptolemy/actor/lib/hoc/test/auto/IterateOverArray6.xml
2 ms. Memory: 331264K Free: 268953K (81%)
----------------- Invoking toplevel() on ptolemy.moml.MoMLSimpleApplication@421875d9
----------------- Done invoking toplevel() on ptolemy.moml.MoMLSimpleApplication@421875d9
reloadAllAccessors: .IterateOverArray6

===========================================================================================
----------------- testing Thu Apr 25 04:03:45 UTC 2019 /home/travis/build/icyphy/ptII/ptolemy/actor/lib/hoc/test/auto/IterateOverArray7.xml
----------------- Instantiating /home/travis/build/icyphy/ptII/ptolemy/actor/lib/hoc/test/auto/IterateOverArray7.xml
3 ms. Memory: 331264K Free: 264058K (80%)
----------------- Invoking toplevel() on ptolemy.moml.MoMLSimpleApplication@379378dd
----------------- Done invoking toplevel() on ptolemy.moml.MoMLSimpleApplication@379378dd
reloadAllAccessors: .IterateOverArray7

===========================================================================================
----------------- testing Thu Apr 25 04:03:45 UTC 2019 /home/travis/build/icyphy/ptII/ptolemy/actor/lib/hoc/test/auto/IterateOverArray8.xml
----------------- Instantiating /home/travis/build/icyphy/ptII/ptolemy/actor/lib/hoc/test/auto/IterateOverArray8.xml
4 ms. Memory: 331264K Free: 259164K (78%)
----------------- Invoking toplevel() on ptolemy.moml.MoMLSimpleApplication@3fae4593
----------------- Done invoking toplevel() on ptolemy.moml.MoMLSimpleApplication@3fae4593
reloadAllAccessors: .IterateOverArray8

===========================================================================================
----------------- testing Thu Apr 25 04:03:45 UTC 2019 /home/travis/build/icyphy/ptII/ptolemy/actor/lib/hoc/test/auto/IterateOverArray9.xml
----------------- Instantiating /home/travis/build/icyphy/ptII/ptolemy/actor/lib/hoc/test/auto/IterateOverArray9.xml
7 ms. Memory: 331264K Free: 253493K (77%)
----------------- Invoking toplevel() on ptolemy.moml.MoMLSimpleApplication@65135d59
----------------- Done invoking toplevel() on ptolemy.moml.MoMLSimpleApplication@65135d59
reloadAllAccessors: .IterateOverArray9

===========================================================================================
----------------- testing Thu Apr 25 04:03:45 UTC 2019 /home/travis/build/icyphy/ptII/ptolemy/actor/lib/hoc/test/auto/IterateOverArrayCoercedOutputType.xml
----------------- Instantiating /home/travis/build/icyphy/ptII/ptolemy/actor/lib/hoc/test/auto/IterateOverArrayCoercedOutputType.xml
4 ms. Memory: 331264K Free: 246967K (75%)
----------------- Invoking toplevel() on ptolemy.moml.MoMLSimpleApplication@5557264f
----------------- Done invoking toplevel() on ptolemy.moml.MoMLSimpleApplication@5557264f
reloadAllAccessors: .IterateOverArrayCoercedOutputType

===========================================================================================
----------------- testing Thu Apr 25 04:03:45 UTC 2019 /home/travis/build/icyphy/ptII/ptolemy/actor/lib/hoc/test/auto/IterateOverArrayInferredOutputType.xml
----------------- Instantiating /home/travis/build/icyphy/ptII/ptolemy/actor/lib/hoc/test/auto/IterateOverArrayInferredOutputType.xml
8 ms. Memory: 331264K Free: 239665K (72%)
----------------- Invoking toplevel() on ptolemy.moml.MoMLSimpleApplication@36d8e2b0
----------------- Done invoking toplevel() on ptolemy.moml.MoMLSimpleApplication@36d8e2b0
reloadAllAccessors: .IterateOverArrayInferredOutputType

===========================================================================================
----------------- testing Thu Apr 25 04:03:45 UTC 2019 /home/travis/build/icyphy/ptII/ptolemy/actor/lib/hoc/test/auto/MobileFunctionTest.xml
----------------- Instantiating /home/travis/build/icyphy/ptII/ptolemy/actor/lib/hoc/test/auto/MobileFunctionTest.xml
4 ms. Memory: 331264K Free: 234770K (71%)
----------------- Invoking toplevel() on ptolemy.moml.MoMLSimpleApplication@4d5c6c44
----------------- Done invoking toplevel() on ptolemy.moml.MoMLSimpleApplication@4d5c6c44
reloadAllAccessors: .MobileFunctionTest

===========================================================================================
----------------- testing Thu Apr 25 04:03:45 UTC 2019 /home/travis/build/icyphy/ptII/ptolemy/actor/lib/hoc/test/auto/MobileModelTest.xml
----------------- Instantiating /home/travis/build/icyphy/ptII/ptolemy/actor/lib/hoc/test/auto/MobileModelTest.xml
74 ms. Memory: 331264K Free: 212768K (64%)
----------------- Invoking toplevel() on ptolemy.moml.MoMLSimpleApplication@42c90ae6
----------------- Done invoking toplevel() on ptolemy.moml.MoMLSimpleApplication@42c90ae6
reloadAllAccessors: .MobileModelTest

===========================================================================================
----------------- testing Thu Apr 25 04:03:45 UTC 2019 /home/travis/build/icyphy/ptII/ptolemy/actor/lib/hoc/test/auto/ModelReference.xml
----------------- Instantiating /home/travis/build/icyphy/ptII/ptolemy/actor/lib/hoc/test/auto/ModelReference.xml
2 ms. Memory: 331264K Free: 204610K (62%)
3 ms. Memory: 331264K Free: 204610K (62%)
2 ms. Memory: 331264K Free: 202978K (61%)
6 ms. Memory: 331264K Free: 202978K (61%)
1 ms. Memory: 331264K Free: 201347K (61%)
2 ms. Memory: 331264K Free: 201347K (61%)
1 ms. Memory: 331264K Free: 199715K (60%)
1 ms. Memory: 331264K Free: 199715K (60%)
2 ms. Memory: 331264K Free: 198084K (60%)
4 ms. Memory: 331264K Free: 198084K (60%)
31 ms. Memory: 331264K Free: 198084K (60%)
----------------- Invoking toplevel() on ptolemy.moml.MoMLSimpleApplication@671b7acf
----------------- Done invoking toplevel() on ptolemy.moml.MoMLSimpleApplication@671b7acf
reloadAllAccessors: .ModelReference

===========================================================================================
----------------- testing Thu Apr 25 04:03:45 UTC 2019 /home/travis/build/icyphy/ptII/ptolemy/actor/lib/hoc/test/auto/ModelReference3.xml
----------------- Instantiating /home/travis/build/icyphy/ptII/ptolemy/actor/lib/hoc/test/auto/ModelReference3.xml
1 ms. Memory: 331264K Free: 193189K (58%)
3 ms. Memory: 331264K Free: 191557K (58%)
1 ms. Memory: 331264K Free: 191557K (58%)
5 ms. Memory: 331264K Free: 189926K (57%)
2 ms. Memory: 331264K Free: 189926K (57%)
1 ms. Memory: 331264K Free: 188294K (57%)
1 ms. Memory: 331264K Free: 188294K (57%)
3 ms. Memory: 331264K Free: 186663K (56%)
1 ms. Memory: 331264K Free: 186663K (56%)
4 ms. Memory: 331264K Free: 185031K (56%)
29 ms. Memory: 331264K Free: 185031K (56%)
----------------- Invoking toplevel() on ptolemy.moml.MoMLSimpleApplication@30cd4c64
----------------- Done invoking toplevel() on ptolemy.moml.MoMLSimpleApplication@30cd4c64
reloadAllAccessors: .ModelReference3

===========================================================================================
----------------- testing Thu Apr 25 04:03:45 UTC 2019 /home/travis/build/icyphy/ptII/ptolemy/actor/lib/hoc/test/auto/ModelReference4.xml
----------------- Instantiating /home/travis/build/icyphy/ptII/ptolemy/actor/lib/hoc/test/auto/ModelReference4.xml
3 ms. Memory: 331264K Free: 177729K (54%)
4 ms. Memory: 331264K Free: 176097K (53%)
3 ms. Memory: 331264K Free: 174466K (53%)
2 ms. Memory: 331264K Free: 172834K (52%)
2 ms. Memory: 331264K Free: 169571K (51%)
3 ms. Memory: 331264K Free: 167940K (51%)
11 ms. Memory: 331264K Free: 166308K (50%)
2 ms. Memory: 331264K Free: 164676K (50%)
2 ms. Memory: 331264K Free: 163045K (49%)
2 ms. Memory: 331264K Free: 161413K (49%)
10031 ms. Memory: 331264K Free: 161413K (49%)
----------------- Invoking toplevel() on ptolemy.moml.MoMLSimpleApplication@55990e43
----------------- Done invoking toplevel() on ptolemy.moml.MoMLSimpleApplication@55990e43
reloadAllAccessors: .ModelReference4

===========================================================================================
----------------- testing Thu Apr 25 04:03:55 UTC 2019 /home/travis/build/icyphy/ptII/ptolemy/actor/lib/hoc/test/auto/MultiInstanceComposite.xml
----------------- Instantiating /home/travis/build/icyphy/ptII/ptolemy/actor/lib/hoc/test/auto/MultiInstanceComposite.xml
29 ms. Memory: 331264K Free: 143402K (43%)
----------------- Invoking toplevel() on ptolemy.moml.MoMLSimpleApplication@28635445
----------------- Done invoking toplevel() on ptolemy.moml.MoMLSimpleApplication@28635445
reloadAllAccessors: .MultiInstanceComposite

===========================================================================================
----------------- testing Thu Apr 25 04:03:55 UTC 2019 /home/travis/build/icyphy/ptII/ptolemy/actor/lib/hoc/test/auto/MultiInstanceComposite2.xml
----------------- Instantiating /home/travis/build/icyphy/ptII/ptolemy/actor/lib/hoc/test/auto/MultiInstanceComposite2.xml
14 ms. Memory: 331264K Free: 129517K (39%)
----------------- Invoking toplevel() on ptolemy.moml.MoMLSimpleApplication@3390b05f
----------------- Done invoking toplevel() on ptolemy.moml.MoMLSimpleApplication@3390b05f
reloadAllAccessors: .MultiInstanceComposite2

===========================================================================================
----------------- testing Thu Apr 25 04:03:55 UTC 2019 /home/travis/build/icyphy/ptII/ptolemy/actor/lib/hoc/test/auto/MulticoreExecution.xml
----------------- Instantiating /home/travis/build/icyphy/ptII/ptolemy/actor/lib/hoc/test/auto/MulticoreExecution.xml
Fired ExecutionTime: 4000000
Fired ExecutionTime: 2000000
Fired ExecutionTime: 10400000
Fired ExecutionTime: 10400000
Fired ExecutionTime: 26400000
Fired ExecutionTime: 16000000
Fired ExecutionTime: 35200000
Fired ExecutionTime: 35600000
Fired ExecutionTime: 68800000
Fired ExecutionTime: 68800000
Fired ExecutionTime: 66000000
Fired ExecutionTime: 66400000
Fired ExecutionTime: 66400000
Fired ExecutionTime: 66400000
Fired ExecutionTime: 62800000
Fired ExecutionTime: 64800000
Fired ExecutionTime: 65200000
Fired ExecutionTime: 70800000
Fired ExecutionTime: 64400000
Fired ExecutionTime: 63200000
1063 ms. Memory: 331264K Free: 116440K (35%)
----------------- Invoking toplevel() on ptolemy.moml.MoMLSimpleApplication@4e45db0c
----------------- Done invoking toplevel() on ptolemy.moml.MoMLSimpleApplication@4e45db0c
reloadAllAccessors: .MulticoreExecution

===========================================================================================
----------------- testing Thu Apr 25 04:03:56 UTC 2019 /home/travis/build/icyphy/ptII/ptolemy/actor/lib/hoc/test/auto/ParallelExecution.xml
----------------- Instantiating /home/travis/build/icyphy/ptII/ptolemy/actor/lib/hoc/test/auto/ParallelExecution.xml
928 ms. Memory: 331264K Free: 104227K (31%)
----------------- Invoking toplevel() on ptolemy.moml.MoMLSimpleApplication@e84924f
----------------- Done invoking toplevel() on ptolemy.moml.MoMLSimpleApplication@e84924f
reloadAllAccessors: .ParallelExecution

===========================================================================================
----------------- testing Thu Apr 25 04:03:57 UTC 2019 /home/travis/build/icyphy/ptII/ptolemy/actor/lib/hoc/test/auto/RunCompositeActor.xml
----------------- Instantiating /home/travis/build/icyphy/ptII/ptolemy/actor/lib/hoc/test/auto/RunCompositeActor.xml
8 ms. Memory: 331264K Free: 96045K (29%)
----------------- Invoking toplevel() on ptolemy.moml.MoMLSimpleApplication@198dad17
----------------- Done invoking toplevel() on ptolemy.moml.MoMLSimpleApplication@198dad17
reloadAllAccessors: .RunCompositeActor

===========================================================================================
----------------- testing Thu Apr 25 04:03:57 UTC 2019 /home/travis/build/icyphy/ptII/ptolemy/actor/lib/hoc/test/auto/RunCompositeActor2.xml
----------------- Instantiating /home/travis/build/icyphy/ptII/ptolemy/actor/lib/hoc/test/auto/RunCompositeActor2.xml
11 ms. Memory: 331264K Free: 89510K (27%)
----------------- Invoking toplevel() on ptolemy.moml.MoMLSimpleApplication@24dae28e
----------------- Done invoking toplevel() on ptolemy.moml.MoMLSimpleApplication@24dae28e
reloadAllAccessors: .RunCompositeActor2

===========================================================================================
----------------- testing Thu Apr 25 04:03:57 UTC 2019 /home/travis/build/icyphy/ptII/ptolemy/actor/lib/hoc/test/auto/RunCompositeActor3.xml
----------------- Instantiating /home/travis/build/icyphy/ptII/ptolemy/actor/lib/hoc/test/auto/RunCompositeActor3.xml
4 ms. Memory: 331264K Free: 82208K (25%)
----------------- Invoking toplevel() on ptolemy.moml.MoMLSimpleApplication@1d936eae
----------------- Done invoking toplevel() on ptolemy.moml.MoMLSimpleApplication@1d936eae
reloadAllAccessors: .RunCompositeActor3

===========================================================================================
----------------- testing Thu Apr 25 04:03:57 UTC 2019 /home/travis/build/icyphy/ptII/ptolemy/actor/lib/hoc/test/auto/RunCompositeActor4.xml
----------------- Instantiating /home/travis/build/icyphy/ptII/ptolemy/actor/lib/hoc/test/auto/RunCompositeActor4.xml
20 ms. Memory: 332288K Free: 319057K (96%)
----------------- Invoking toplevel() on ptolemy.moml.MoMLSimpleApplication@2a30306c
----------------- Done invoking toplevel() on ptolemy.moml.MoMLSimpleApplication@2a30306c
reloadAllAccessors: .RunCompositeActor4

===========================================================================================
----------------- testing Thu Apr 25 04:03:57 UTC 2019 /home/travis/build/icyphy/ptII/ptolemy/actor/lib/hoc/test/auto/RunCompositeIterateOverArray.xml
----------------- Instantiating /home/travis/build/icyphy/ptII/ptolemy/actor/lib/hoc/test/auto/RunCompositeIterateOverArray.xml
8 ms. Memory: 332288K Free: 311951K (94%)
----------------- Invoking toplevel() on ptolemy.moml.MoMLSimpleApplication@68864650
----------------- Done invoking toplevel() on ptolemy.moml.MoMLSimpleApplication@68864650
reloadAllAccessors: .RunCompositeIterateOverArray

===========================================================================================
----------------- testing Thu Apr 25 04:03:57 UTC 2019 /home/travis/build/icyphy/ptII/ptolemy/actor/lib/hoc/test/auto/ThreadedJS.xml
----------------- Instantiating /home/travis/build/icyphy/ptII/ptolemy/actor/lib/hoc/test/auto/ThreadedJS.xml
1649 ms. Memory: 539648K Free: 156346K (29%)
----------------- Invoking toplevel() on ptolemy.moml.MoMLSimpleApplication@10ca7ba0
----------------- Done invoking toplevel() on ptolemy.moml.MoMLSimpleApplication@10ca7ba0
reloadAllAccessors: .ThreadedJS
AutoTests.java: About to close Vertx.
AutoTests.java: Vertx closed.
]]></system-out>
  <system-err><![CDATA[java.lang.RuntimeException: Execution failed
	at ptolemy.moml.MoMLSimpleApplication$UnloadThread.run(MoMLSimpleApplication.java:402)
Caused by: ptolemy.kernel.util.IllegalActionException: initialize() was called after wrapup() was called but preinitialize() was not called after wrapup().
	at ptolemy.actor.lib.hoc.test.PreinitializeMustBeInvoked.initialize(PreinitializeMustBeInvoked.java:78)
	at ptolemy.actor.Director.initialize(Director.java:938)
	at ptolemy.actor.Director.initialize(Director.java:907)
	at ptolemy.actor.sched.StaticSchedulingDirector.initialize(StaticSchedulingDirector.java:159)
	at ptolemy.domains.sdf.kernel.SDFDirector.initialize(SDFDirector.java:544)
	at ptolemy.actor.CompositeActor.initialize(CompositeActor.java:935)
	at ptolemy.actor.lib.hoc.LifeCycleManager._executeInsideModel(LifeCycleManager.java:339)
	at ptolemy.actor.lib.hoc.RunCompositeActor.fire(RunCompositeActor.java:205)
	at ptolemy.actor.CompositeActor.iterate(CompositeActor.java:1146)
	at ptolemy.actor.sched.StaticSchedulingDirector.fire(StaticSchedulingDirector.java:216)
	at ptolemy.domains.sdf.kernel.SDFDirector.fire(SDFDirector.java:500)
	at ptolemy.actor.CompositeActor.fire(CompositeActor.java:455)
	at ptolemy.actor.Manager.iterate(Manager.java:851)
	at ptolemy.actor.Manager.execute(Manager.java:369)
	at ptolemy.actor.Manager.run(Manager.java:1263)
	at ptolemy.actor.Manager$PtolemyRunThread.run(Manager.java:1915)
java.lang.reflect.InvocationTargetException
	at sun.reflect.NativeConstructorAccessorImpl.newInstance0(Native Method)
	at sun.reflect.NativeConstructorAccessorImpl.newInstance(NativeConstructorAccessorImpl.java:62)
	at sun.reflect.DelegatingConstructorAccessorImpl.newInstance(DelegatingConstructorAccessorImpl.java:45)
	at java.lang.reflect.Constructor.newInstance(Constructor.java:423)
	at ptolemy.util.test.junit.AutoKnownFailedTests.RunModel(AutoKnownFailedTests.java:105)
	at sun.reflect.NativeMethodAccessorImpl.invoke0(Native Method)
	at sun.reflect.NativeMethodAccessorImpl.invoke(NativeMethodAccessorImpl.java:62)
	at sun.reflect.DelegatingMethodAccessorImpl.invoke(DelegatingMethodAccessorImpl.java:43)
	at java.lang.reflect.Method.invoke(Method.java:498)
	at org.junit.runners.model.FrameworkMethod$1.runReflectiveCall(FrameworkMethod.java:44)
	at org.junit.internal.runners.model.ReflectiveCallable.run(ReflectiveCallable.java:15)
	at org.junit.runners.model.FrameworkMethod.invokeExplosively(FrameworkMethod.java:41)
	at junitparams.internal.InvokeParameterisedMethod.evaluate(InvokeParameterisedMethod.java:102)
	at org.junit.internal.runners.statements.FailOnTimeout$1.run(FailOnTimeout.java:28)
Caused by: ptolemy.kernel.util.IllegalActionException: initialize() was called after wrapup() was called but preinitialize() was not called after wrapup().
	at ptolemy.actor.lib.hoc.test.PreinitializeMustBeInvoked.initialize(PreinitializeMustBeInvoked.java:78)
	at ptolemy.actor.Director.initialize(Director.java:938)
	at ptolemy.actor.Director.initialize(Director.java:907)
	at ptolemy.actor.sched.StaticSchedulingDirector.initialize(StaticSchedulingDirector.java:159)
	at ptolemy.domains.sdf.kernel.SDFDirector.initialize(SDFDirector.java:544)
	at ptolemy.actor.CompositeActor.initialize(CompositeActor.java:935)
	at ptolemy.actor.lib.hoc.LifeCycleManager._executeInsideModel(LifeCycleManager.java:339)
	at ptolemy.actor.lib.hoc.RunCompositeActor.fire(RunCompositeActor.java:205)
	at ptolemy.actor.CompositeActor.iterate(CompositeActor.java:1146)
	at ptolemy.actor.sched.StaticSchedulingDirector.fire(StaticSchedulingDirector.java:216)
	at ptolemy.domains.sdf.kernel.SDFDirector.fire(SDFDirector.java:500)
	at ptolemy.actor.CompositeActor.fire(CompositeActor.java:455)
	at ptolemy.actor.Manager.iterate(Manager.java:851)
	at ptolemy.actor.Manager.execute(Manager.java:369)
	at ptolemy.actor.Manager.run(Manager.java:1263)
	at ptolemy.actor.Manager$PtolemyRunThread.run(Manager.java:1915)
]]></system-err>
</testsuite>
